{"target": -1829.264166886844, "params": {"k_pid_pos": [1.275691449948183, 0.3058623675398435, 0.3070101155521143], "k_pid_alt": [0.8014603297509124, 0.503777508107582, 0.5986500577128129], "k_pid_att": [81.07256702594054, 7.368634176366755, 0.8129370456661248], "k_pid_yaw": [0.5, 1e-06, 0.1], "k_pid_hsp": [7.934273240489674, 0.5709078165498024, 0.6128223564877492], "k_pid_vsp": [37.60847702350829, 117.00536373918673, 205.3314963187975]}, "datetime": {"datetime": "2025-08-21 11:26:43", "elapsed": 9719.859450817108, "delta": 23.60678005218506}, "costs": {"total_cost": 1829.264166886844, "time_cost": 150, "final_distance_cost": 191.2565720079228, "oscillation_cost": 414.3981046917621, "completition_cost": 888.8888888888888, "overshoot_cost": 134.1202356828764, "power_cost": 23.38334001464844, "noise_cost": 27.217025600745377, "n_waypoints_completed": 1, "tot_waypoints": 9}}
{"target": -1351.5999620036935, "params": {"k_pid_pos": [1.9140580890248915, 0.19607365389949594, 0.5142737905331302], "k_pid_alt": [1.8276407039838258, 0.18040839602136916, 0.04126903848563135], "k_pid_att": [2.7879626114138745, 9.862913900124797, 0.3336008385138647], "k_pid_yaw": [0.5, 1e-06, 0.1], "k_pid_hsp": [6.303024352723706, 0.9115815688201432, 0.6268758116964593], "k_pid_vsp": [246.89365272476334, 316.29191250912214, 367.77854477458436]}, "datetime": {"datetime": "2025-08-21 11:27:07", "elapsed": 9743.651001691818, "delta": 23.791550874710083}, "costs": {"total_cost": 1351.5999620036935, "time_cost": 150, "final_distance_cost": 61.18880970814225, "oscillation_cost": 365.8856457636694, "completition_cost": 666.6666666666667, "overshoot_cost": 72.18908885188456, "power_cost": 20.323234912109378, "noise_cost": 15.346516101220827, "n_waypoints_completed": 3, "tot_waypoints": 9}}
{"target": -1470.369484891245, "params": {"k_pid_pos": [0.5297266983503698, 0.979476362900274, 0.042550365647999855], "k_pid_alt": [0.0028854157782876033, 0.38317422266249146, 0.9493517232812985], "k_pid_att": [39.09252083148862, 8.007593865262335, 0.527305810968933], "k_pid_yaw": [0.5, 1e-06, 0.1], "k_pid_hsp": [6.228813796958517, 0.28662313216869095, 0.2133976294063341], "k_pid_vsp": [31.225128392030133, 338.1565693863616, 299.97691548297627]}, "datetime": {"datetime": "2025-08-21 11:27:30", "elapsed": 9767.176862716675, "delta": 23.525861024856567}, "costs": {"total_cost": 1470.369484891245, "time_cost": 150, "final_distance_cost": 4.981139153016327, "oscillation_cost": 84.74567333698634, "completition_cost": 1000.0, "overshoot_cost": 138.0467256582559, "power_cost": 23.038220190429687, "noise_cost": 69.55772655255699, "n_waypoints_completed": 0, "tot_waypoints": 9}}
{"target": -1626.3175395257038, "params": {"k_pid_pos": [1.5256824589778202, 0.5988554736273164, 0.2755644571499887], "k_pid_alt": [0.29331456476515805, 0.853279160783229, 0.06854096544450616], "k_pid_att": [65.50257497527264, 9.915228003401042, 0.7270235527865793], "k_pid_yaw": [0.5, 1e-06, 0.1], "k_pid_hsp": [3.95039488604067, 0.03882436656684185, 0.45632553205130444], "k_pid_vsp": [30.911604648006865, 18.18216493005648, 227.25873202332062]}, "datetime": {"datetime": "2025-08-21 11:27:54", "elapsed": 9790.664791345596, "delta": 23.48792862892151}, "costs": {"total_cost": 1626.3175395257038, "time_cost": 150, "final_distance_cost": 53.61451330071484, "oscillation_cost": 386.82998376686, "completition_cost": 888.8888888888888, "overshoot_cost": 96.40629239866297, "power_cost": 19.10522126464844, "noise_cost": 31.472639905928727, "n_waypoints_completed": 1, "tot_waypoints": 9}}
{"target": -836.3445157953118, "params": {"k_pid_pos": [1.8394730173584393, 0.2429002634785311, 0.7184848588432975], "k_pid_alt": [0.16286068106349116, 0.46679041090902096, 0.3990851910298293], "k_pid_att": [47.8190618162997, 8.625922654177044, 0.1478962474786738], "k_pid_yaw": [0.5, 1e-06, 0.1], "k_pid_hsp": [5.174463306203849, 0.43289284217224033, 0.3871428480315714], "k_pid_vsp": [288.93027139631687, 371.9207189534071, 343.65949854228495]}, "datetime": {"datetime": "2025-08-21 11:28:18", "elapsed": 9814.525106668472, "delta": 23.860315322875977}, "costs": {"total_cost": 836.3445157953118, "time_cost": 150, "final_distance_cost": 73.00839003337906, "oscillation_cost": 296.6182654665004, "completition_cost": 222.2222222222222, "overshoot_cost": 58.149577992842424, "power_cost": 19.745771630859377, "noise_cost": 16.600288449508422, "n_waypoints_completed": 7, "tot_waypoints": 9}}
{"target": -1377.5641853105924, "params": {"k_pid_pos": [0.06682711131742941, 0.04850728891634215, 0.6748987749507823], "k_pid_alt": [1.4774807640112217, 0.4090268100811022, 0.859886188589796], "k_pid_att": [5.178391214791301, 0.8305741339016184, 0.030035298096021568], "k_pid_yaw": [0.5, 1e-06, 0.1], "k_pid_hsp": [8.445211286292599, 0.9550054471803188, 0.8381329729114865], "k_pid_vsp": [143.176435690797, 10.792914439044804, 64.48637924472006]}, "datetime": {"datetime": "2025-08-21 11:28:42", "elapsed": 9838.578969717026, "delta": 24.053863048553467}, "costs": {"total_cost": 1377.5641853105924, "time_cost": 150, "final_distance_cost": 81.04571833144568, "oscillation_cost": 286.62457044698925, "completition_cost": 777.7777777777778, "overshoot_cost": 67.56929973506882, "power_cost": 7.541159167480469, "noise_cost": 7.005659851830442, "n_waypoints_completed": 2, "tot_waypoints": 9}}
{"target": -642.0977722390281, "params": {"k_pid_pos": [1.3560501704862589, 0.8960102882420863, 0.7530973905214534], "k_pid_alt": [1.939548667330287, 0.9255840237374479, 0.37994696545350126], "k_pid_att": [36.18700644005681, 5.573741068626213, 0.06181748252140751], "k_pid_yaw": [0.5, 1e-06, 0.1], "k_pid_hsp": [9.060162089386722, 0.23975864019122495, 0.24367383594662861], "k_pid_vsp": [99.13694212632143, 79.62933051306692, 68.57345814417857]}, "datetime": {"datetime": "2025-08-21 11:29:05", "elapsed": 9862.304658412933, "delta": 23.725688695907593}, "costs": {"total_cost": 642.0977722390281, "time_cost": 150, "final_distance_cost": 22.179128277446534, "oscillation_cost": 265.6872638458917, "completition_cost": 111.11111111111116, "overshoot_cost": 57.2011041796344, "power_cost": 20.088268518066407, "noise_cost": 15.830896306877845, "n_waypoints_completed": 8, "tot_waypoints": 9}}
{"target": -807.1589704801725, "params": {"k_pid_pos": [0.8426062960313636, 0.3088445930696364, 0.4343192884990662], "k_pid_alt": [0.48666802656573704, 0.31642388807812094, 0.5768531405533437], "k_pid_att": [7.05226649059828, 9.626256193616516, 0.720994908315199], "k_pid_yaw": [0.5, 1e-06, 0.1], "k_pid_hsp": [6.145539473114517, 0.9141455744893563, 0.7975464919193415], "k_pid_vsp": [116.50857726772621, 229.30394930219055, 144.6833808839823]}, "datetime": {"datetime": "2025-08-21 11:29:29", "elapsed": 9886.339891433716, "delta": 24.03523302078247}, "costs": {"total_cost": 807.1589704801725, "time_cost": 150, "final_distance_cost": 71.07664748723192, "oscillation_cost": 166.00480820277605, "completition_cost": 333.33333333333337, "overshoot_cost": 55.69649890210024, "power_cost": 17.644350927734376, "noise_cost": 13.40333162699653, "n_waypoints_completed": 6, "tot_waypoints": 9}}
{"target": -1511.792030787662, "params": {"k_pid_pos": [0.5181731210363301, 0.5852849996059831, 0.8057532104774252], "k_pid_alt": [0.435795646411693, 0.024556758730246542, 0.8470363283271704], "k_pid_att": [54.533265203101955, 5.174948224643014, 0.38107114567857125], "k_pid_yaw": [0.5, 1e-06, 0.1], "k_pid_hsp": [2.1846006252842747, 0.3848073045217557, 0.6457440758279702], "k_pid_vsp": [129.03555758183688, 224.93062846097212, 292.25442803149747]}, "datetime": {"datetime": "2025-08-21 11:29:54", "elapsed": 9910.461648464203, "delta": 24.12175703048706}, "costs": {"total_cost": 1511.792030787662, "time_cost": 150, "final_distance_cost": 51.5722088237909, "oscillation_cost": 247.6701855846881, "completition_cost": 1000.0, "overshoot_cost": 31.525611830288355, "power_cost": 16.499421398925783, "noise_cost": 14.524603149968858, "n_waypoints_completed": 0, "tot_waypoints": 9}}
{"target": -903.5524409544489, "params": {"k_pid_pos": [0.9804055430751917, 0.9591690567401473, 0.9186592118488456], "k_pid_alt": [1.1990274207282046, 0.4982755895320702, 0.5482382756292281], "k_pid_att": [82.99963433487319, 8.179389525843462, 0.2533679542649614], "k_pid_yaw": [0.5, 1e-06, 0.1], "k_pid_hsp": [4.505960556013203, 0.3631659914367674, 0.5537964779405887], "k_pid_vsp": [273.9416374723172, 306.8022073648302, 44.51912099431119]}, "datetime": {"datetime": "2025-08-21 11:30:17", "elapsed": 9933.85021853447, "delta": 23.388570070266724}, "costs": {"total_cost": 903.5524409544489, "time_cost": 150, "final_distance_cost": 59.042247176856044, "oscillation_cost": 265.17809749275796, "completition_cost": 333.33333333333337, "overshoot_cost": 50.407140768580405, "power_cost": 26.13076081542969, "noise_cost": 19.460861367491482, "n_waypoints_completed": 6, "tot_waypoints": 9}}
{"target": -1186.1979481374922, "params": {"k_pid_pos": [0.05706141439226762, 0.6336314228380571, 0.40601261026748847], "k_pid_alt": [0.5665803790710013, 0.13256185813662114, 0.8238100146019666], "k_pid_att": [65.8991828761234, 7.513552233831327, 0.9349793668399141], "k_pid_yaw": [0.5, 1e-06, 0.1], "k_pid_hsp": [4.8716454837479946, 0.49144372073746356, 0.7384079188117412], "k_pid_vsp": [118.77360071013597, 314.45293414873953, 194.39999132052031]}, "datetime": {"datetime": "2025-08-21 11:30:41", "elapsed": 9957.500220060349, "delta": 23.650001525878906}, "costs": {"total_cost": 1186.1979481374922, "time_cost": 150, "final_distance_cost": 53.51236418800887, "oscillation_cost": 220.56196266834962, "completition_cost": 666.6666666666667, "overshoot_cost": 57.47205311046763, "power_cost": 21.54846861572266, "noise_cost": 16.43643288827668, "n_waypoints_completed": 3, "tot_waypoints": 9}}
{"target": -560.0771479662029, "params": {"k_pid_pos": [1.476079552430476, 0.0912648229053461, 0.10801126432590025], "k_pid_alt": [0.9529922166747016, 0.49258888751522945, 0.44030672772480484], "k_pid_att": [53.856933486878155, 7.040292399092051, 0.5821207666274865], "k_pid_yaw": [0.5, 1e-06, 0.1], "k_pid_hsp": [7.876712918133014, 0.34270798936847247, 0.06779208823362626], "k_pid_vsp": [63.55290080217348, 186.50616113854824, 96.6050382536718]}, "datetime": {"datetime": "2025-08-21 11:31:06", "elapsed": 9982.73831820488, "delta": 25.23809814453125}, "costs": {"total_cost": 560.0771479662029, "time_cost": 150, "final_distance_cost": 23.32979225871506, "oscillation_cost": 173.80886295812374, "completition_cost": 111.11111111111116, "overshoot_cost": 63.36788951373748, "power_cost": 22.11357575683594, "noise_cost": 16.34591636767943, "n_waypoints_completed": 8, "tot_waypoints": 9}}
{"target": -1668.5150078533275, "params": {"k_pid_pos": [0.6104320526639584, 0.6792147442002493, 0.3885093327135096], "k_pid_alt": [0.8572541408331833, 0.3063868338739536, 0.2525505970387151], "k_pid_att": [44.18814554435914, 0.28410921596557837, 0.19021608056564643], "k_pid_yaw": [0.5, 1e-06, 0.1], "k_pid_hsp": [7.540598557899367, 0.6372906205906534, 0.42608910261101507], "k_pid_vsp": [25.650861719513742, 259.9906651197221, 350.05740655900865]}, "datetime": {"datetime": "2025-08-21 11:31:29", "elapsed": 10006.380517959595, "delta": 23.642199754714966}, "costs": {"total_cost": 1668.5150078533275, "time_cost": 150, "final_distance_cost": 218.04160472019925, "oscillation_cost": 328.589563163664, "completition_cost": 777.7777777777778, "overshoot_cost": 153.9082639533282, "power_cost": 21.421649365234376, "noise_cost": 18.776148873123745, "n_waypoints_completed": 2, "tot_waypoints": 9}}
{"target": -3028.5180126510654, "params": {"k_pid_pos": [1.4337470970158492, 0.11705102888444496, 0.17006778943097067], "k_pid_alt": [1.968950107262033, 0.4987264874810491, 0.9741508668225292], "k_pid_att": [63.92213543513606, 7.29604903109035, 0.02863876852715108], "k_pid_yaw": [0.5, 1e-06, 0.1], "k_pid_hsp": [5.132474712987196, 0.6748953939488413, 0.15205185961059497], "k_pid_vsp": [6.316033853038983, 121.5321189826522, 387.68779366042645]}, "datetime": {"datetime": "2025-08-21 11:31:53", "elapsed": 10029.785333871841, "delta": 23.404815912246704}, "costs": {"total_cost": 3028.5180126510654, "time_cost": 150, "final_distance_cost": 731.0884594047841, "oscillation_cost": 422.4008256559369, "completition_cost": 888.8888888888888, "overshoot_cost": 795.2320163520532, "power_cost": 22.06331561279297, "noise_cost": 18.844506736609837, "n_waypoints_completed": 1, "tot_waypoints": 9}}
{"target": -1751.098091005325, "params": {"k_pid_pos": [0.10989557359614005, 0.029810627912579823, 0.9767965803261208], "k_pid_alt": [0.2507811304080836, 0.13342602059210062, 0.026786782393564024], "k_pid_att": [14.066144280021241, 8.111068994696534, 0.5240043515294256], "k_pid_yaw": [0.5, 1e-06, 0.1], "k_pid_hsp": [3.3934088395906996, 0.2568593713903553, 0.43707987048628805], "k_pid_vsp": [271.9987050831636, 43.62932478590314, 303.4613758291001]}, "datetime": {"datetime": "2025-08-21 11:32:16", "elapsed": 10053.120963335037, "delta": 23.3356294631958}, "costs": {"total_cost": 1751.098091005325, "time_cost": 150, "final_distance_cost": 0.9784116845084871, "oscillation_cost": 396.472279306119, "completition_cost": 1000.0, "overshoot_cost": 131.12688536528725, "power_cost": 21.57227293701172, "noise_cost": 50.948241712398435, "n_waypoints_completed": 0, "tot_waypoints": 9}}
{"target": -4736.983426750118, "params": {"k_pid_pos": [0.5902699144958075, 0.18344796106386552, 0.8967586487895672], "k_pid_alt": [0.4783314393053133, 0.26460928961808794, 0.4916290220323525], "k_pid_att": [7.3158032232361165, 0.06970379477076195, 0.6116632468487173], "k_pid_yaw": [0.5, 1e-06, 0.1], "k_pid_hsp": [5.488924145128407, 0.3647177596930685, 0.7463305603554873], "k_pid_vsp": [14.575421197600757, 251.97700049981805, 340.2081368173685]}, "datetime": {"datetime": "2025-08-21 11:32:40", "elapsed": 10076.619494199753, "delta": 23.498530864715576}, "costs": {"total_cost": 4736.983426750118, "time_cost": 150, "final_distance_cost": 1475.575740102812, "oscillation_cost": 128.8907785953293, "completition_cost": 888.8888888888888, "overshoot_cost": 2064.290737567176, "power_cost": 16.85311455078125, "noise_cost": 12.484167045130839, "n_waypoints_completed": 1, "tot_waypoints": 9}}
{"target": -1073.1096354419046, "params": {"k_pid_pos": [0.2885570193890596, 0.6199012530508459, 0.45468898298095484], "k_pid_alt": [0.967697715391328, 0.6348512262800985, 0.3805973617426708], "k_pid_att": [87.48089102460162, 7.6448121214971545, 0.6630852838555975], "k_pid_yaw": [0.5, 1e-06, 0.1], "k_pid_hsp": [1.6163332973479752, 0.3526038145420255, 0.2999551059516642], "k_pid_vsp": [251.06515198010712, 248.71929687697164, 6.216994196735983]}, "datetime": {"datetime": "2025-08-21 11:33:03", "elapsed": 10100.256043672562, "delta": 23.636549472808838}, "costs": {"total_cost": 1073.1096354419046, "time_cost": 150, "final_distance_cost": 47.21566168256929, "oscillation_cost": 243.0954653469413, "completition_cost": 555.5555555555555, "overshoot_cost": 40.94082243698958, "power_cost": 19.351413330078127, "noise_cost": 16.950717089770706, "n_waypoints_completed": 4, "tot_waypoints": 9}}
{"target": -1358.3537000980307, "params": {"k_pid_pos": [1.965833396850845, 0.7166077253932874, 0.21456936351090594], "k_pid_alt": [0.9145774932570856, 0.7157161610460522, 0.8459291051207857], "k_pid_att": [21.77699992410762, 2.9624898372852546, 0.12786047991733762], "k_pid_yaw": [0.5, 1e-06, 0.1], "k_pid_hsp": [6.452525989637415, 0.5530312759153194, 0.5342501568637937], "k_pid_vsp": [139.64800972340524, 1.0018873404017614, 176.459495870597]}, "datetime": {"datetime": "2025-08-21 11:33:27", "elapsed": 10124.14167380333, "delta": 23.885630130767822}, "costs": {"total_cost": 1358.3537000980307, "time_cost": 150, "final_distance_cost": 87.97444892038716, "oscillation_cost": 321.0371726298602, "completition_cost": 666.6666666666667, "overshoot_cost": 82.44351557421648, "power_cost": 22.038157177734377, "noise_cost": 28.193739129165824, "n_waypoints_completed": 3, "tot_waypoints": 9}}
{"target": -993.6611336356901, "params": {"k_pid_pos": [0.2984463127413967, 0.4292857691715928, 0.6514447793780171], "k_pid_alt": [1.5393190681703666, 0.7702711610114642, 0.9108125597435751], "k_pid_att": [22.34959912079524, 8.018154740341695, 0.8169251594988353], "k_pid_yaw": [0.5, 1e-06, 0.1], "k_pid_hsp": [7.402078730390665, 0.5483369246905001, 0.02271915207514863], "k_pid_vsp": [121.45135924477665, 207.12574949955186, 167.34837974452932]}, "datetime": {"datetime": "2025-08-21 11:33:51", "elapsed": 10147.64669919014, "delta": 23.505025386810303}, "costs": {"total_cost": 993.6611336356901, "time_cost": 150, "final_distance_cost": 51.48299682995681, "oscillation_cost": 46.98117112249673, "completition_cost": 666.6666666666667, "overshoot_cost": 50.510022232527575, "power_cost": 13.730994177246094, "noise_cost": 14.289282606796224, "n_waypoints_completed": 3, "tot_waypoints": 9}}
{"target": -744.5082567054234, "params": {"k_pid_pos": [1.6630287395135535, 0.8991611813304882, 0.49082055207017894], "k_pid_alt": [0.4581530010313368, 0.526653931095903, 0.46046560778757506], "k_pid_att": [38.5772636405822, 2.8090668551627767, 0.5445839555676623], "k_pid_yaw": [0.5, 1e-06, 0.1], "k_pid_hsp": [9.367017721966898, 0.4998437336104844, 0.8799997147579833], "k_pid_vsp": [392.18112791218755, 371.3649509046715, 265.49647779496877]}, "datetime": {"datetime": "2025-08-21 11:34:14", "elapsed": 10171.227308273315, "delta": 23.58060908317566}, "costs": {"total_cost": 744.5082567054234, "time_cost": 150, "final_distance_cost": 74.0026760928026, "oscillation_cost": 203.6383072766979, "completition_cost": 222.2222222222222, "overshoot_cost": 53.82796419898084, "power_cost": 23.009231091308596, "noise_cost": 17.807855823411284, "n_waypoints_completed": 7, "tot_waypoints": 9}}
{"target": -1480.616663041265, "params": {"k_pid_pos": [0.6996460083140964, 0.2717338835670333, 0.8239098503864367], "k_pid_alt": [1.6185962656556634, 0.23386085549396185, 0.2510810136832703], "k_pid_att": [73.21095988868488, 8.765036756461768, 0.014767101000232263], "k_pid_yaw": [0.5, 1e-06, 0.1], "k_pid_hsp": [4.398824729561962, 0.9500782733236247, 0.8261605992464116], "k_pid_vsp": [43.02510972841147, 352.27389604555054, 246.73467007754132]}, "datetime": {"datetime": "2025-08-21 11:34:38", "elapsed": 10194.543720006943, "delta": 23.31641173362732}, "costs": {"total_cost": 1480.616663041265, "time_cost": 150, "final_distance_cost": 84.49512057268689, "oscillation_cost": 387.92369336089996, "completition_cost": 777.7777777777778, "overshoot_cost": 42.08729215910199, "power_cost": 21.298146252441406, "noise_cost": 17.034632918356607, "n_waypoints_completed": 2, "tot_waypoints": 9}}
{"target": -792.1891381982996, "params": {"k_pid_pos": [0.44246752521457544, 0.43826538170341545, 0.23444766481466306], "k_pid_alt": [1.684176771463652, 0.6366370141470411, 0.5125728303413946], "k_pid_att": [23.256550353810113, 6.545987346894032, 0.9640292205099136], "k_pid_yaw": [0.5, 1e-06, 0.1], "k_pid_hsp": [8.999045296467523, 0.5114189413129776, 0.4136943570535283], "k_pid_vsp": [200.7117097797224, 352.3678438011465, 40.670586992213735]}, "datetime": {"datetime": "2025-08-21 11:35:01", "elapsed": 10217.966989278793, "delta": 23.423269271850586}, "costs": {"total_cost": 792.1891381982996, "time_cost": 150, "final_distance_cost": 64.74924985550281, "oscillation_cost": 259.43258001762234, "completition_cost": 222.2222222222222, "overshoot_cost": 47.70412384542412, "power_cost": 27.509469860839847, "noise_cost": 20.57149239668832, "n_waypoints_completed": 7, "tot_waypoints": 9}}
{"target": -953.1138388089471, "params": {"k_pid_pos": [1.5012898287785452, 0.3580313807259635, 0.8195753293977107], "k_pid_alt": [0.5554607052306368, 0.27131450571530746, 0.9161076603357489], "k_pid_att": [82.75889316106347, 8.463640140305353, 0.9440519932772385], "k_pid_yaw": [0.5, 1e-06, 0.1], "k_pid_hsp": [8.72544788157246, 0.5984810082889843, 0.8027215954005947], "k_pid_vsp": [203.01739752315285, 280.49952522948087, 138.08302175219458]}, "datetime": {"datetime": "2025-08-21 11:35:24", "elapsed": 10241.073137521744, "delta": 23.10614824295044}, "costs": {"total_cost": 953.1138388089471, "time_cost": 150, "final_distance_cost": 64.35445821933408, "oscillation_cost": 308.3903974121518, "completition_cost": 333.33333333333337, "overshoot_cost": 46.992311166350156, "power_cost": 29.855443920898438, "noise_cost": 20.187894756879253, "n_waypoints_completed": 6, "tot_waypoints": 9}}
{"target": -1172.3126047039707, "params": {"k_pid_pos": [1.2258434104201892, 0.2204899797039751, 0.528293544271655], "k_pid_alt": [0.6964372704029593, 0.4330441971782719, 0.13836206655044236], "k_pid_att": [43.83142877098163, 0.03705743499577485, 0.8069553005481258], "k_pid_yaw": [0.5, 1e-06, 0.1], "k_pid_hsp": [9.529749242773583, 0.3411155887934433, 0.5601190516120698], "k_pid_vsp": [67.30796311882953, 399.2067941343212, 399.6313770339863]}, "datetime": {"datetime": "2025-08-21 11:35:47", "elapsed": 10264.277158498764, "delta": 23.204020977020264}, "costs": {"total_cost": 1172.3126047039707, "time_cost": 150, "final_distance_cost": 38.029341771141, "oscillation_cost": 302.3506385998568, "completition_cost": 555.5555555555555, "overshoot_cost": 89.97573673428688, "power_cost": 19.773176818847656, "noise_cost": 16.62815522428304, "n_waypoints_completed": 4, "tot_waypoints": 9}}
