{"target": -1190.0382051282845, "params": {"k_pid_pos": [0.7339764735803805, 0.285905440636105, 0.29099487736051755], "k_pid_alt": [1.5553903732344727, 0.8682146809414545, 0.6474830773910962], "k_pid_att": [81.48592487026625, 2.446822032746285, 0.9654971219626377], "k_pid_yaw": [0.5, 1e-06, 0.1], "k_pid_hsp": [0.06545411433503051, 0.9290854332896162, 0.29925319705499087], "k_pid_vsp": [106.70931981845384, 51.18285365356375, 316.93103086833105]}, "datetime": {"datetime": "2025-08-21 17:08:57", "elapsed": 30253.650045871735, "delta": 28.182271242141724}, "costs": {"total_cost": 1190.0382051282845, "time_cost": 150, "final_distance_cost": 76.71932285419133, "oscillation_cost": 91.81775987205992, "completition_cost": 777.7777777777778, "overshoot_cost": 58.3590165129239, "power_cost": 19.569759387207032, "noise_cost": 15.794568724124174, "n_waypoints_completed": 2, "tot_waypoints": 9}}
{"target": -353.47642349967344, "params": {"k_pid_pos": [1.8484859350365046, 0.8133590845575045, 0.9142942349166466], "k_pid_alt": [0.555813005844028, 0.40537468696907397, 0.7773141176217488], "k_pid_att": [13.364654675811549, 6.693087735157967, 0.5515170931364356], "k_pid_yaw": [0.5, 1e-06, 0.1], "k_pid_hsp": [9.697755416250452, 0.21145373641806742, 0.3756267594881526], "k_pid_vsp": [165.39512833068568, 115.8457252920164, 16.33622937894913]}, "datetime": {"datetime": "2025-08-21 17:09:24", "elapsed": 30280.484244585037, "delta": 26.834198713302612}, "costs": {"total_cost": 353.47642349967344, "time_cost": 91.744, "final_distance_cost": 1.779556640715724, "oscillation_cost": 174.85754442129956, "completition_cost": 0.0, "overshoot_cost": 52.65737787548994, "power_cost": 18.339819665527344, "noise_cost": 14.098124896640863, "n_waypoints_completed": 9, "tot_waypoints": 9}}
{"target": -1069.6325430357788, "params": {"k_pid_pos": [0.5700055094553246, 0.736360375634012, 0.8443691473016322], "k_pid_alt": [0.7860125597675045, 0.22483270731833438, 0.5475392252130205], "k_pid_att": [15.986871938901004, 2.3655593128015666, 0.7993616527348334], "k_pid_yaw": [0.5, 1e-06, 0.1], "k_pid_hsp": [0.6026670287869316, 0.2949877453386519, 0.627741362424712], "k_pid_vsp": [386.25001617190316, 34.10817276909314, 111.98043691049442]}, "datetime": {"datetime": "2025-08-21 17:09:58", "elapsed": 30314.458097934723, "delta": 33.97385334968567}, "costs": {"total_cost": 1069.6325430357788, "time_cost": 150, "final_distance_cost": 40.58884061389382, "oscillation_cost": 231.34020372534695, "completition_cost": 555.5555555555555, "overshoot_cost": 54.51185628579151, "power_cost": 21.947103479003907, "noise_cost": 15.688983376187135, "n_waypoints_completed": 4, "tot_waypoints": 9}}
{"target": -258.19707296828886, "params": {"k_pid_pos": [0.9813647326172145, 0.37423662612860775, 0.046607652705405456], "k_pid_alt": [0.6762821576322546, 0.013414517532455261, 0.2848449829579258], "k_pid_att": [9.32045355935196, 3.0000167570304894, 0.7612507826093864], "k_pid_yaw": [0.5, 1e-06, 0.1], "k_pid_hsp": [4.187169848672755, 0.29643709793662887, 0.24669690879852846], "k_pid_vsp": [48.24702074408109, 229.78876225282292, 83.20024780872346]}, "datetime": {"datetime": "2025-08-21 17:10:22", "elapsed": 30338.889308214188, "delta": 24.43121027946472}, "costs": {"total_cost": 258.19707296828886, "time_cost": 82.32000000000001, "final_distance_cost": 1.7882263840805603, "oscillation_cost": 95.04435585354008, "completition_cost": 0.0, "overshoot_cost": 52.75349808554963, "power_cost": 14.643224707031251, "noise_cost": 11.64776793808735, "n_waypoints_completed": 9, "tot_waypoints": 9}}
{"target": -367.7479223982583, "params": {"k_pid_pos": [1.8893526006476644, 0.04656707608466382, 0.32009556709137477], "k_pid_alt": [0.7453395086110655, 0.32354734094018656, 0.9197574847812798], "k_pid_att": [97.74197156054436, 0.418384559965122, 0.5651618063070065], "k_pid_yaw": [0.5, 1e-06, 0.1], "k_pid_hsp": [3.637543270859102, 0.16607868520136093, 0.39728236840539444], "k_pid_vsp": [52.57507351491269, 363.6133712979635, 4.411870874247856]}, "datetime": {"datetime": "2025-08-21 17:10:51", "elapsed": 30368.013223409653, "delta": 29.123915195465088}, "costs": {"total_cost": 367.7479223982583, "time_cost": 87.56, "final_distance_cost": 1.7184220943326136, "oscillation_cost": 191.73251908285764, "completition_cost": 0.0, "overshoot_cost": 52.7439211593209, "power_cost": 18.903627563476565, "noise_cost": 15.089432498270595, "n_waypoints_completed": 9, "tot_waypoints": 9}}
{"target": -943.6142786829339, "params": {"k_pid_pos": [0.8369343393066364, 0.81583318499827, 0.8895818596070767], "k_pid_alt": [1.8186723018136077, 0.4933278336061352, 0.7886988173385178], "k_pid_att": [67.27302526226919, 7.047396674733779, 0.4528151547424416], "k_pid_yaw": [0.5, 1e-06, 0.1], "k_pid_hsp": [7.524245568583303, 0.7692610882724275, 0.5138121758266329], "k_pid_vsp": [248.1321374431945, 214.99095370122873, 20.674422088034593]}, "datetime": {"datetime": "2025-08-21 17:11:19", "elapsed": 30396.174668073654, "delta": 28.161444664001465}, "costs": {"total_cost": 943.6142786829339, "time_cost": 150, "final_distance_cost": 77.0838503451869, "oscillation_cost": 306.12018424833434, "completition_cost": 333.33333333333337, "overshoot_cost": 41.786318247892844, "power_cost": 19.80122861328125, "noise_cost": 15.489363894905127, "n_waypoints_completed": 6, "tot_waypoints": 9}}
{"target": -1213.6092512808, "params": {"k_pid_pos": [0.43824451150504024, 0.7313182270001016, 0.18939755475448594], "k_pid_alt": [0.6343437211405987, 0.37660674277654393, 0.06577176825203601], "k_pid_att": [37.94719360175647, 5.121627999166714, 0.17185937035268262], "k_pid_yaw": [0.5, 1e-06, 0.1], "k_pid_hsp": [3.349636095713178, 0.18463705374815675, 0.25846474530967656], "k_pid_vsp": [392.39809544750506, 15.263352086193775, 340.6495592303581]}, "datetime": {"datetime": "2025-08-21 17:11:48", "elapsed": 30424.862240552902, "delta": 28.687572479248047}, "costs": {"total_cost": 1213.6092512808, "time_cost": 150, "final_distance_cost": 63.81277982434605, "oscillation_cost": 238.39398778420707, "completition_cost": 666.6666666666667, "overshoot_cost": 52.372111058223844, "power_cost": 24.46604539794922, "noise_cost": 17.89766054940685, "n_waypoints_completed": 3, "tot_waypoints": 9}}
{"target": -1192.4968088883793, "params": {"k_pid_pos": [1.0951385810451844, 0.8702105594044246, 0.9805324432104867], "k_pid_alt": [1.148186312285369, 0.18560531356312027, 0.34817834827453864], "k_pid_att": [27.757934807619865, 2.453428583278701, 0.8051694206911296], "k_pid_yaw": [0.5, 1e-06, 0.1], "k_pid_hsp": [4.0743018952617565, 0.24962199496043314, 0.07565830066581425], "k_pid_vsp": [128.32408139921353, 102.14130012161574, 171.4966397222022]}, "datetime": {"datetime": "2025-08-21 17:12:21", "elapsed": 30457.99608373642, "delta": 33.133843183517456}, "costs": {"total_cost": 1192.4968088883793, "time_cost": 150, "final_distance_cost": 53.99690564620991, "oscillation_cost": 229.48514868700858, "completition_cost": 666.6666666666667, "overshoot_cost": 60.771341156586885, "power_cost": 17.165572021484376, "noise_cost": 14.41117471042266, "n_waypoints_completed": 3, "tot_waypoints": 9}}
{"target": -515.8016806837354, "params": {"k_pid_pos": [0.8321238085108721, 0.20280599794371457, 0.05500224120455777], "k_pid_alt": [1.6875880815795876, 0.15438118487110364, 0.7620795340039819], "k_pid_att": [32.842075544584674, 0.9549953038317684, 0.032761109516130316], "k_pid_yaw": [0.5, 1e-06, 0.1], "k_pid_hsp": [9.804122774608109, 0.8421482197339515, 0.23981271178649155], "k_pid_vsp": [283.8787299592684, 81.34173104412382, 178.6259489558834]}, "datetime": {"datetime": "2025-08-21 17:12:49", "elapsed": 30486.133053064346, "delta": 28.136969327926636}, "costs": {"total_cost": 515.8016806837354, "time_cost": 99.688, "final_distance_cost": 1.7509989691870418, "oscillation_cost": 319.69021940595104, "completition_cost": 0.0, "overshoot_cost": 59.15251420582627, "power_cost": 19.965988745117187, "noise_cost": 15.553959357653854, "n_waypoints_completed": 9, "tot_waypoints": 9}}
{"target": -1314.5658709779598, "params": {"k_pid_pos": [0.19727436199358328, 0.4239724855633352, 0.9485499217929908], "k_pid_alt": [1.7783725113726323, 0.8093557435600138, 0.6542299487378227], "k_pid_att": [26.70861246856098, 1.3745953049478845, 0.19003587336200767], "k_pid_yaw": [0.5, 1e-06, 0.1], "k_pid_hsp": [3.1268020477981984, 0.4269237914192998, 0.282356619466398], "k_pid_vsp": [182.35210536872697, 353.4766541528779, 330.89832326954536]}, "datetime": {"datetime": "2025-08-21 17:13:19", "elapsed": 30515.46917462349, "delta": 29.336121559143066}, "costs": {"total_cost": 1314.5658709779598, "time_cost": 150, "final_distance_cost": 68.66076497925049, "oscillation_cost": 344.7540716683439, "completition_cost": 666.6666666666667, "overshoot_cost": 50.69020712330555, "power_cost": 18.761412756347656, "noise_cost": 15.032747784045313, "n_waypoints_completed": 3, "tot_waypoints": 9}}
{"target": -1133.4136262303466, "params": {"k_pid_pos": [0.9111089550632318, 0.2729310676361072, 0.7741873332238879], "k_pid_alt": [1.1644341989998128, 0.66511084040694, 0.6719552534165499], "k_pid_att": [2.9261739697056255, 7.290390519283713, 0.4104102285431763], "k_pid_yaw": [0.5, 1e-06, 0.1], "k_pid_hsp": [5.111393341994291, 0.6617235857036496, 0.8473231682904249], "k_pid_vsp": [286.0315290474027, 204.20641883122673, 30.721417006621596]}, "datetime": {"datetime": "2025-08-21 17:13:51", "elapsed": 30548.28930926323, "delta": 32.82013463973999}, "costs": {"total_cost": 1133.4136262303466, "time_cost": 150, "final_distance_cost": 53.186691455455716, "oscillation_cost": 277.57876748198316, "completition_cost": 555.5555555555555, "overshoot_cost": 55.87812831281442, "power_cost": 23.254574243164065, "noise_cost": 17.959909181373675, "n_waypoints_completed": 4, "tot_waypoints": 9}}
{"target": -970.7032730175215, "params": {"k_pid_pos": [1.2212009792402143, 0.5913444180492538, 0.06598243322311681], "k_pid_alt": [0.5317552948545983, 0.923313556664682, 0.19244526078594737], "k_pid_att": [77.73377254698963, 3.594128513563818, 0.43491905744641235], "k_pid_yaw": [0.5, 1e-06, 0.1], "k_pid_hsp": [8.80957090007213, 0.5200929053506668, 0.34005506966158305], "k_pid_vsp": [335.61056812350057, 53.35748677899897, 0.6631621851296502]}, "datetime": {"datetime": "2025-08-21 17:14:21", "elapsed": 30577.698202610016, "delta": 29.4088933467865}, "costs": {"total_cost": 970.7032730175215, "time_cost": 150, "final_distance_cost": 56.92716385245583, "oscillation_cost": 236.00213285752213, "completition_cost": 444.4444444444444, "overshoot_cost": 53.112625674938464, "power_cost": 15.441926245117187, "noise_cost": 14.774979943043455, "n_waypoints_completed": 5, "tot_waypoints": 9}}
{"target": -1200.5391191493522, "params": {"k_pid_pos": [1.17237913170689, 0.6065642406297342, 0.8460959908823755], "k_pid_alt": [1.9483909733196283, 0.08441279259939227, 0.80713717880168], "k_pid_att": [95.10877505050662, 4.031370777988342, 0.17673277199686932], "k_pid_yaw": [0.5, 1e-06, 0.1], "k_pid_hsp": [7.990823413025186, 0.37578086651089515, 0.5354571179973572], "k_pid_vsp": [147.28893533998263, 55.11222265202193, 259.0671619114563]}, "datetime": {"datetime": "2025-08-21 17:14:50", "elapsed": 30607.12053990364, "delta": 29.422337293624878}, "costs": {"total_cost": 1200.5391191493522, "time_cost": 150, "final_distance_cost": 42.30090567524307, "oscillation_cost": 357.971067577262, "completition_cost": 555.5555555555555, "overshoot_cost": 51.17160290005606, "power_cost": 25.03708956298828, "noise_cost": 18.502897878247342, "n_waypoints_completed": 4, "tot_waypoints": 9}}
{"target": -2835.0896840101905, "params": {"k_pid_pos": [1.7922843793881087, 0.3066005620476182, 0.10091639493455196], "k_pid_alt": [1.0939527935267297, 0.3898161503906654, 0.24408628177238578], "k_pid_att": [63.08746258025938, 2.340936954543387, 0.03414138600681549], "k_pid_yaw": [0.5, 1e-06, 0.1], "k_pid_hsp": [4.419708614505532, 0.7685675272817977, 0.24742298220645886], "k_pid_vsp": [5.003589176315648, 24.550927590796906, 137.84532046018037]}, "datetime": {"datetime": "2025-08-21 17:15:19", "elapsed": 30635.507520914078, "delta": 28.38698101043701}, "costs": {"total_cost": 2835.0896840101905, "time_cost": 150, "final_distance_cost": 862.1823996473348, "oscillation_cost": 328.9131089270512, "completition_cost": 777.7777777777778, "overshoot_cost": 679.4280708289795, "power_cost": 18.434162377929688, "noise_cost": 18.35416445111771, "n_waypoints_completed": 2, "tot_waypoints": 9}}
{"target": -1476.6870302571635, "params": {"k_pid_pos": [1.5819485248792748, 0.6180622603254009, 0.7310420889393824], "k_pid_alt": [0.2500408246793897, 0.5964381887373158, 0.35881646615873564], "k_pid_att": [38.62485612286304, 1.1210617134423142, 0.7525569358976594], "k_pid_yaw": [0.5, 1e-06, 0.1], "k_pid_hsp": [0.37799680111702955, 0.22836469990156072, 0.47976877069605695], "k_pid_vsp": [334.04149323038604, 270.3406928464945, 176.4609819895053]}, "datetime": {"datetime": "2025-08-21 17:15:47", "elapsed": 30664.158768177032, "delta": 28.651247262954712}, "costs": {"total_cost": 1476.6870302571635, "time_cost": 150, "final_distance_cost": 58.8485076742574, "oscillation_cost": 298.5067242829618, "completition_cost": 888.8888888888888, "overshoot_cost": 49.32054783354367, "power_cost": 17.396970397949218, "noise_cost": 13.72539117956267, "n_waypoints_completed": 1, "tot_waypoints": 9}}
{"target": -1617.9757012340028, "params": {"k_pid_pos": [1.6682714251180133, 0.029861500986163914, 0.9290493251427266], "k_pid_alt": [0.19015359778888485, 0.348716942868179, 0.5523740440708561], "k_pid_att": [98.66090361732608, 7.669196045803502, 0.9044521335714165], "k_pid_yaw": [0.5, 1e-06, 0.1], "k_pid_hsp": [1.7850936995870839, 0.5087024205648609, 0.10175539513453946], "k_pid_vsp": [263.8939611673895, 113.71793752347085, 328.8834063258786]}, "datetime": {"datetime": "2025-08-21 17:16:16", "elapsed": 30693.275654792786, "delta": 29.116886615753174}, "costs": {"total_cost": 1617.9757012340028, "time_cost": 150, "final_distance_cost": 147.21508955867867, "oscillation_cost": 352.988978213877, "completition_cost": 777.7777777777778, "overshoot_cost": 152.64188609931415, "power_cost": 20.45573787841797, "noise_cost": 16.89623170593721, "n_waypoints_completed": 2, "tot_waypoints": 9}}
{"target": -1096.4193555034608, "params": {"k_pid_pos": [1.4118362496841281, 0.2714482121197419, 0.7658590079755], "k_pid_alt": [0.0776669658641298, 0.9804028017135191, 0.26446543370502185], "k_pid_att": [64.53117111723023, 6.6572731030917875, 0.749813119253032], "k_pid_yaw": [0.5, 1e-06, 0.1], "k_pid_hsp": [1.06921921385632, 0.5051712661707186, 0.8959005212115047], "k_pid_vsp": [389.28701505726514, 76.13487460424201, 380.4529092858227]}, "datetime": {"datetime": "2025-08-21 17:16:44", "elapsed": 30721.408490896225, "delta": 28.13283610343933}, "costs": {"total_cost": 1096.4193555034608, "time_cost": 150, "final_distance_cost": 41.710306447032906, "oscillation_cost": 234.2261436564335, "completition_cost": 555.5555555555555, "overshoot_cost": 68.66414180349584, "power_cost": 24.444664697265626, "noise_cost": 21.818543343677405, "n_waypoints_completed": 4, "tot_waypoints": 9}}
{"target": -1646.102767800374, "params": {"k_pid_pos": [1.4718985670712417, 0.4254416550067682, 0.8439740676403457], "k_pid_alt": [1.3435792235435795, 0.1527629322956765, 0.6616713441734934], "k_pid_att": [20.0066049857492, 6.550099621826379, 0.8579550946005737], "k_pid_yaw": [0.5, 1e-06, 0.1], "k_pid_hsp": [1.9818749028005107, 0.6599137346746564, 0.931674023013681], "k_pid_vsp": [96.24397135247915, 258.68273176095465, 300.6565620740851]}, "datetime": {"datetime": "2025-08-21 17:17:13", "elapsed": 30750.07041287422, "delta": 28.661921977996826}, "costs": {"total_cost": 1646.102767800374, "time_cost": 150, "final_distance_cost": 96.91702779606126, "oscillation_cost": 333.8977731187395, "completition_cost": 888.8888888888888, "overshoot_cost": 115.74228165243771, "power_cost": 18.352499279785157, "noise_cost": 42.304297064461686, "n_waypoints_completed": 1, "tot_waypoints": 9}}
{"target": -1567.0993140733028, "params": {"k_pid_pos": [0.6271535317995107, 0.23326575410374717, 0.6865342959538274], "k_pid_alt": [1.7891636079592634, 0.16436904464948265, 0.6692846942297769], "k_pid_att": [92.50542856406045, 8.510012115733687, 0.9547381307674324], "k_pid_yaw": [0.5, 1e-06, 0.1], "k_pid_hsp": [6.530831757804837, 0.2588862123217197, 0.8082251271555013], "k_pid_vsp": [148.65403528501085, 107.76802020655451, 356.44411822623834]}, "datetime": {"datetime": "2025-08-21 17:17:42", "elapsed": 30778.741189956665, "delta": 28.670777082443237}, "costs": {"total_cost": 1567.0993140733028, "time_cost": 150, "final_distance_cost": 138.01360028176475, "oscillation_cost": 403.0668975028487, "completition_cost": 777.7777777777778, "overshoot_cost": 61.732359070060504, "power_cost": 20.340838769531253, "noise_cost": 16.167840671319734, "n_waypoints_completed": 2, "tot_waypoints": 9}}
{"target": -848.531119136285, "params": {"k_pid_pos": [0.8972524149575978, 0.7052407308441627, 0.4195023071794288], "k_pid_alt": [0.36679973740900196, 0.5632199585214971, 0.06507465016504799], "k_pid_att": [59.48221121391216, 5.460793844471847, 0.3770002394674029], "k_pid_yaw": [0.5, 1e-06, 0.1], "k_pid_hsp": [9.9487352421771, 0.4575280549927824, 0.3247272386532599], "k_pid_vsp": [90.05203682842864, 111.42932124070862, 93.33149203652701]}, "datetime": {"datetime": "2025-08-21 17:18:11", "elapsed": 30808.212248563766, "delta": 29.47105860710144}, "costs": {"total_cost": 848.531119136285, "time_cost": 150, "final_distance_cost": 76.39395381288192, "oscillation_cost": 298.6228813133664, "completition_cost": 222.2222222222222, "overshoot_cost": 58.16514919477404, "power_cost": 23.88798956298828, "noise_cost": 19.238923030052174, "n_waypoints_completed": 7, "tot_waypoints": 9}}
{"target": -1422.166127450805, "params": {"k_pid_pos": [1.2284491475500956, 0.5728614769363959, 0.28240748236083335], "k_pid_alt": [1.3793641801564072, 0.014108018475377126, 0.828338828215826], "k_pid_att": [8.370347237845198, 1.2686431438640433, 0.44477553092034583], "k_pid_yaw": [0.5, 1e-06, 0.1], "k_pid_hsp": [0.23186091731939892, 0.17925437464673444, 0.7337716414770178], "k_pid_vsp": [125.0150079592586, 169.98590133222513, 176.63772755558801]}, "datetime": {"datetime": "2025-08-21 17:18:40", "elapsed": 30836.58857369423, "delta": 28.376325130462646}, "costs": {"total_cost": 1422.166127450805, "time_cost": 150, "final_distance_cost": 77.05215323406497, "oscillation_cost": 234.2540488634097, "completition_cost": 888.8888888888888, "overshoot_cost": 39.982235552292096, "power_cost": 17.405035668945313, "noise_cost": 14.583765243203889, "n_waypoints_completed": 1, "tot_waypoints": 9}}
{"target": -1729.2894749584573, "params": {"k_pid_pos": [1.8528539227670862, 0.7230548471632419, 0.43880940282966285], "k_pid_alt": [1.7835489434712566, 0.4015347528258373, 0.366746439431095], "k_pid_att": [2.476654588541427, 7.465312958864041, 0.9073897423449722], "k_pid_yaw": [0.5, 1e-06, 0.1], "k_pid_hsp": [4.1188677840990815, 0.7749813364917523, 0.09706796634468307], "k_pid_vsp": [118.71770335778203, 144.8250665294421, 295.3608855898523]}, "datetime": {"datetime": "2025-08-21 17:19:09", "elapsed": 30865.561411857605, "delta": 28.972838163375854}, "costs": {"total_cost": 1729.2894749584573, "time_cost": 150, "final_distance_cost": 10.12460003237308, "oscillation_cost": 317.67358768630015, "completition_cost": 1000.0, "overshoot_cost": 137.17750348320618, "power_cost": 28.71711599121094, "noise_cost": 85.59666776536697, "n_waypoints_completed": 0, "tot_waypoints": 9}}
{"target": -1140.862669116783, "params": {"k_pid_pos": [0.32464971369498047, 0.015096636282254106, 0.09466921746316437], "k_pid_alt": [0.7589825210558312, 0.3292608780259949, 0.6110940490695586], "k_pid_att": [52.07693932761435, 0.8912235543008975, 0.9144904140661858], "k_pid_yaw": [0.5, 1e-06, 0.1], "k_pid_hsp": [2.5999178832060648, 0.02787533886778415, 0.37467244974309044], "k_pid_vsp": [159.43585349435153, 346.21117896312, 322.8261245178283]}, "datetime": {"datetime": "2025-08-21 17:19:37", "elapsed": 30894.288173913956, "delta": 28.726762056350708}, "costs": {"total_cost": 1140.862669116783, "time_cost": 150, "final_distance_cost": 52.1529085329374, "oscillation_cost": 295.49328516638315, "completition_cost": 555.5555555555555, "overshoot_cost": 47.282716489290216, "power_cost": 21.965786096191408, "noise_cost": 18.412417276425348, "n_waypoints_completed": 4, "tot_waypoints": 9}}
{"target": -980.8819305817319, "params": {"k_pid_pos": [1.0987292169109382, 0.5916318261289781, 0.171688613683188], "k_pid_alt": [0.1798150475176672, 0.8788678709652141, 0.5148149020513143], "k_pid_att": [50.290386077824344, 4.851097548951762, 0.5534552647838141], "k_pid_yaw": [0.5, 1e-06, 0.1], "k_pid_hsp": [7.224157893755275, 0.2972670991462839, 0.16714977600133218], "k_pid_vsp": [391.55845576889755, 174.9636394770873, 125.01222266834765]}, "datetime": {"datetime": "2025-08-21 17:20:07", "elapsed": 30923.97396492958, "delta": 29.685791015625}, "costs": {"total_cost": 980.8819305817319, "time_cost": 150, "final_distance_cost": 49.49357256789772, "oscillation_cost": 247.4794883938286, "completition_cost": 444.4444444444444, "overshoot_cost": 54.09278154756861, "power_cost": 19.405053552246095, "noise_cost": 15.966590075746629, "n_waypoints_completed": 5, "tot_waypoints": 9}}
