{"target": -384.72323461303586, "params": {"k_pid_pos": [0.6304195403758455, 0.5788978393757229, 0.1050555851839472], "k_pid_alt": [1.2029215472577912, 0.7795622046396354, 0.31954398749040624], "k_pid_att": [56.92644291235304, 6.561921788460534, 0.6126946486848597], "k_pid_yaw": [0.5, 1e-06, 0.1], "k_pid_hsp": [8.058003883008347, 0.576553512206858, 0.830582565336426], "k_pid_vsp": [300.3778784488139, 352.92373948761264, 49.956939761958026]}, "datetime": {"datetime": "2025-08-21 10:26:56", "elapsed": 6132.736548900604, "delta": 24.09559464454651}, "costs": {"total_cost": 384.72323461303586, "time_cost": 95.656, "final_distance_cost": 1.7256777073734666, "oscillation_cost": 202.28487540110933, "completition_cost": 0.0, "overshoot_cost": 53.22284729225936, "power_cost": 17.79815378417969, "noise_cost": 14.035680428113986, "n_waypoints_completed": 9, "tot_waypoints": 9}}
{"target": -441.8511722725052, "params": {"k_pid_pos": [1.6787063262749464, 0.06595209131319058, 0.6441927446218995], "k_pid_alt": [0.10850756929760852, 0.6499868089900425, 0.6334995894039852], "k_pid_att": [32.99146595181587, 6.221522010063289, 0.46787097882919604], "k_pid_yaw": [0.5, 1e-06, 0.1], "k_pid_hsp": [5.666584907350098, 0.4507358279620506, 0.7540858978117481], "k_pid_vsp": [57.08047894129544, 294.19529058847587, 46.745567227470396]}, "datetime": {"datetime": "2025-08-21 10:27:25", "elapsed": 6161.476801872253, "delta": 28.74025297164917}, "costs": {"total_cost": 441.8511722725052, "time_cost": 97.424, "final_distance_cost": 1.7672631954647118, "oscillation_cost": 244.33672080609657, "completition_cost": 0.0, "overshoot_cost": 62.87288882511848, "power_cost": 20.22654284667969, "noise_cost": 15.22375659914575, "n_waypoints_completed": 9, "tot_waypoints": 9}}
{"target": -928.2723604369427, "params": {"k_pid_pos": [0.9148345924349989, 0.28333013348339686, 0.7193684817135484], "k_pid_alt": [1.0700332378160162, 0.6433559290733153, 0.646041825773262], "k_pid_att": [47.91906990505043, 3.8212394642167973, 0.25816847757885564], "k_pid_yaw": [0.5, 1e-06, 0.1], "k_pid_hsp": [4.008006073704341, 0.5196138637923868, 0.9282243173719226], "k_pid_vsp": [397.323884096423, 219.58514321849893, 223.71963723656125]}, "datetime": {"datetime": "2025-08-21 10:27:51", "elapsed": 6188.384135961533, "delta": 26.907334089279175}, "costs": {"total_cost": 928.2723604369427, "time_cost": 150, "final_distance_cost": 66.95255461174449, "oscillation_cost": 288.5399801784143, "completition_cost": 333.33333333333337, "overshoot_cost": 46.554124693108854, "power_cost": 25.191877502441407, "noise_cost": 17.700490117900248, "n_waypoints_completed": 6, "tot_waypoints": 9}}
{"target": -1214.536366719574, "params": {"k_pid_pos": [0.5368151782301427, 0.30594154033448206, 0.14371226804872317], "k_pid_alt": [1.9882010985620635, 0.283574233112579, 0.16144044688141646], "k_pid_att": [88.36666296095301, 6.761196563634068, 0.28208850454914636], "k_pid_yaw": [0.5, 1e-06, 0.1], "k_pid_hsp": [7.995503219138173, 0.431672107864712, 0.6333254836697237], "k_pid_vsp": [300.1130180375637, 93.90993479287778, 348.9924435913068]}, "datetime": {"datetime": "2025-08-21 10:28:20", "elapsed": 6217.442023277283, "delta": 29.057887315750122}, "costs": {"total_cost": 1214.536366719574, "time_cost": 150, "final_distance_cost": 47.67597067718707, "oscillation_cost": 377.17048801075924, "completition_cost": 555.5555555555555, "overshoot_cost": 46.46713101448967, "power_cost": 20.952680603027346, "noise_cost": 16.714540858555008, "n_waypoints_completed": 4, "tot_waypoints": 9}}
{"target": -1006.2462229617237, "params": {"k_pid_pos": [1.1377346375145032, 0.1128107361481363, 0.5014501717649297], "k_pid_alt": [0.7125990856090187, 0.6883349377901049, 0.8907303916364798], "k_pid_att": [5.948078564357262, 2.989601885595246, 0.939399824835946], "k_pid_yaw": [0.5, 1e-06, 0.1], "k_pid_hsp": [1.3849930230869474, 0.7284766538549253, 0.5904842704614821], "k_pid_vsp": [287.07932355259635, 290.5583437351081, 180.91865599202137]}, "datetime": {"datetime": "2025-08-21 10:28:46", "elapsed": 6242.680784225464, "delta": 25.238760948181152}, "costs": {"total_cost": 1006.2462229617237, "time_cost": 150, "final_distance_cost": 44.75917984978671, "oscillation_cost": 168.69466728762802, "completition_cost": 555.5555555555555, "overshoot_cost": 47.57968768567275, "power_cost": 22.63809987792969, "noise_cost": 17.019032705150916, "n_waypoints_completed": 4, "tot_waypoints": 9}}
{"target": -1095.6624690086617, "params": {"k_pid_pos": [1.8052365361397371, 0.4717873304313044, 0.7349115265481234], "k_pid_alt": [0.1613069952838162, 0.731921657146725, 0.9018568262421188], "k_pid_att": [34.81785389089323, 0.5180848578586176, 0.7602752410046608], "k_pid_yaw": [0.5, 1e-06, 0.1], "k_pid_hsp": [4.9287450664379095, 0.41539624106981454, 0.9081291943241907], "k_pid_vsp": [264.569705197135, 37.29698374240463, 191.7702700226523]}, "datetime": {"datetime": "2025-08-21 10:29:16", "elapsed": 6272.865711450577, "delta": 30.184927225112915}, "costs": {"total_cost": 1095.6624690086617, "time_cost": 150, "final_distance_cost": 47.021961530147, "oscillation_cost": 247.87322720203233, "completition_cost": 555.5555555555555, "overshoot_cost": 54.231517658537754, "power_cost": 22.8587107421875, "noise_cost": 18.121496320201736, "n_waypoints_completed": 4, "tot_waypoints": 9}}
{"target": -340.1922975572608, "params": {"k_pid_pos": [1.7138993544258239, 0.11270429338107368, 0.7242245743785628], "k_pid_alt": [0.914345085282525, 0.2194890326747495, 0.9621754292998045], "k_pid_att": [4.995502168532184, 9.396095496448671, 0.07097404281610631], "k_pid_yaw": [0.5, 1e-06, 0.1], "k_pid_hsp": [9.26791803951995, 0.6537829113445357, 0.3881640847926502], "k_pid_vsp": [273.6384452861879, 364.9742596439324, 26.452985002147123]}, "datetime": {"datetime": "2025-08-21 10:29:36", "elapsed": 6293.2496218681335, "delta": 20.383910417556763}, "costs": {"total_cost": 340.1922975572608, "time_cost": 78.712, "final_distance_cost": 1.734637925825317, "oscillation_cost": 185.72664248171677, "completition_cost": 0.0, "overshoot_cost": 50.79161529517236, "power_cost": 12.986703710937501, "noise_cost": 10.240698143608903, "n_waypoints_completed": 9, "tot_waypoints": 9}}
{"target": -1843.949878367133, "params": {"k_pid_pos": [0.27184211180493245, 0.6264044018795131, 0.7280921226800122], "k_pid_alt": [1.2628123481977795, 0.96546370612058, 0.2395028074004799], "k_pid_att": [1.7501642532962047, 8.080744541559433, 0.9654683754872656], "k_pid_yaw": [0.5, 1e-06, 0.1], "k_pid_hsp": [7.615640378516886, 0.10057326410200895, 0.37067069300490685], "k_pid_vsp": [250.70720426904847, 50.022290163751684, 278.8716724360427]}, "datetime": {"datetime": "2025-08-21 10:30:06", "elapsed": 6322.834737300873, "delta": 29.585115432739258}, "costs": {"total_cost": 1843.949878367133, "time_cost": 150, "final_distance_cost": 11.61888732592212, "oscillation_cost": 423.5361519685557, "completition_cost": 1000.0, "overshoot_cost": 138.13954590603666, "power_cost": 31.586525024414065, "noise_cost": 89.06876814220449, "n_waypoints_completed": 0, "tot_waypoints": 9}}
{"target": -1401.8409264169468, "params": {"k_pid_pos": [0.5806898342729107, 0.5026851069432293, 0.8399624429573601], "k_pid_alt": [0.34638564038966146, 0.3051987247446323, 0.5893295500836582], "k_pid_att": [55.73358268726052, 5.654858177143858, 0.8399771519998369], "k_pid_yaw": [0.5, 1e-06, 0.1], "k_pid_hsp": [0.39331899958862326, 0.11591536297176652, 0.1196540806997094], "k_pid_vsp": [266.2958602792846, 278.2072894092832, 323.67170858543454]}, "datetime": {"datetime": "2025-08-21 10:30:34", "elapsed": 6350.984985589981, "delta": 28.150248289108276}, "costs": {"total_cost": 1401.8409264169468, "time_cost": 150, "final_distance_cost": 58.34673703872115, "oscillation_cost": 239.0523668508831, "completition_cost": 888.8888888888888, "overshoot_cost": 34.60812961776806, "power_cost": 16.895726354980468, "noise_cost": 14.049077665705248, "n_waypoints_completed": 1, "tot_waypoints": 9}}
{"target": -1125.2599366636148, "params": {"k_pid_pos": [1.8465063090824583, 0.7676345534291532, 0.5924330136356798], "k_pid_alt": [1.3780546828935323, 0.30282254274698006, 0.2651189690613738], "k_pid_att": [72.65200875945006, 1.0143034861645488, 0.9602433278700239], "k_pid_yaw": [0.5, 1e-06, 0.1], "k_pid_hsp": [3.7713730939933505, 0.10455335138590693, 0.15276127474695622], "k_pid_vsp": [15.341904616896063, 37.964180587944874, 249.16929752051698]}, "datetime": {"datetime": "2025-08-21 10:31:01", "elapsed": 6377.4874494075775, "delta": 26.502463817596436}, "costs": {"total_cost": 1125.2599366636148, "time_cost": 150, "final_distance_cost": 38.151185980773406, "oscillation_cost": 213.43614004837076, "completition_cost": 555.5555555555555, "overshoot_cost": 114.6930355990926, "power_cost": 21.36327998046875, "noise_cost": 32.06073949935363, "n_waypoints_completed": 4, "tot_waypoints": 9}}
{"target": -1348.487553931194, "params": {"k_pid_pos": [0.642629307389882, 0.05174858838251084, 0.2084413508125118], "k_pid_alt": [1.6279372974658837, 0.35327595082182195, 0.051743753224062994], "k_pid_att": [16.336962572833556, 5.844806076930181, 0.23223006923898548], "k_pid_yaw": [0.5, 1e-06, 0.1], "k_pid_hsp": [4.251549855603064, 0.5396713504907926, 0.975869645411863], "k_pid_vsp": [127.50852172841402, 64.5903223260088, 166.02477223985656]}, "datetime": {"datetime": "2025-08-21 10:31:30", "elapsed": 6406.743230819702, "delta": 29.255781412124634}, "costs": {"total_cost": 1348.487553931194, "time_cost": 150, "final_distance_cost": 66.63190835830889, "oscillation_cost": 333.52610793539753, "completition_cost": 666.6666666666667, "overshoot_cost": 88.6395284660702, "power_cost": 19.902220422363282, "noise_cost": 23.121122082387327, "n_waypoints_completed": 3, "tot_waypoints": 9}}
{"target": -1104.8584130078043, "params": {"k_pid_pos": [0.3703046743924437, 0.2408519188095496, 0.6337786303306041], "k_pid_alt": [1.4185933660564376, 0.35323896045558156, 0.0958816271858417], "k_pid_att": [68.02746076633484, 3.0976803789316487, 0.15051092465253513], "k_pid_yaw": [0.5, 1e-06, 0.1], "k_pid_hsp": [8.428928324683529, 0.8766325867306015, 0.4531075085305819], "k_pid_vsp": [220.11938836030546, 88.6951941463123, 224.38447319646298]}, "datetime": {"datetime": "2025-08-21 10:32:01", "elapsed": 6437.95731139183, "delta": 31.214080572128296}, "costs": {"total_cost": 1104.8584130078043, "time_cost": 150, "final_distance_cost": 54.192215824257936, "oscillation_cost": 364.6906672496578, "completition_cost": 444.4444444444444, "overshoot_cost": 52.330881258857524, "power_cost": 22.31029150390625, "noise_cost": 16.889912726680514, "n_waypoints_completed": 5, "tot_waypoints": 9}}
{"target": -1732.9990945944694, "params": {"k_pid_pos": [1.3347305306247774, 0.7583518955814496, 0.8639124916710537], "k_pid_alt": [1.9630356041615167, 0.24794010617135243, 0.3210967735226069], "k_pid_att": [17.285803373572207, 6.766916272900778, 0.7674948475065129], "k_pid_yaw": [0.5, 1e-06, 0.1], "k_pid_hsp": [8.067157741269083, 0.24093262884405087, 0.26017928016957603], "k_pid_vsp": [77.93592394424289, 170.82311179522088, 200.96628624242499]}, "datetime": {"datetime": "2025-08-21 10:32:33", "elapsed": 6470.2189881801605, "delta": 32.26167678833008}, "costs": {"total_cost": 1732.9990945944694, "time_cost": 150, "final_distance_cost": 4.896095832313767, "oscillation_cost": 355.82262089752464, "completition_cost": 1000.0, "overshoot_cost": 135.11031450523117, "power_cost": 21.392114892578125, "noise_cost": 65.77794846682181, "n_waypoints_completed": 0, "tot_waypoints": 9}}
{"target": -1291.4962283613825, "params": {"k_pid_pos": [0.8091023227101621, 0.25750965661076497, 0.10065352091145408], "k_pid_alt": [0.7916714771895088, 0.649689504297973, 0.8885100391787134], "k_pid_att": [65.1816216989377, 4.890333160824039, 0.5376094147116662], "k_pid_yaw": [0.5, 1e-06, 0.1], "k_pid_hsp": [1.6840696893938678, 0.6791572889265837, 0.9277863380037302], "k_pid_vsp": [162.8914506442909, 219.99766639787308, 253.9129736505185]}, "datetime": {"datetime": "2025-08-21 10:33:00", "elapsed": 6496.793294429779, "delta": 26.57430624961853}, "costs": {"total_cost": 1291.4962283613825, "time_cost": 150, "final_distance_cost": 91.6582265506299, "oscillation_cost": 179.39903791160887, "completition_cost": 777.7777777777778, "overshoot_cost": 48.87504872067512, "power_cost": 25.326798168945313, "noise_cost": 18.459339231745343, "n_waypoints_completed": 2, "tot_waypoints": 9}}
{"target": -1181.64782596014, "params": {"k_pid_pos": [1.2079920855067832, 0.14560808968438055, 0.7492642969955985], "k_pid_alt": [1.1401116887421394, 0.8575628898126331, 0.1441657954374358], "k_pid_att": [90.86462281085309, 7.912427133458982, 0.7777484852154346], "k_pid_yaw": [0.5, 1e-06, 0.1], "k_pid_hsp": [6.167843535226511, 0.4764807266469936, 0.8591885662143521], "k_pid_vsp": [177.47999945593432, 123.74615625128435, 373.7454947186281]}, "datetime": {"datetime": "2025-08-21 10:33:29", "elapsed": 6526.141801357269, "delta": 29.348506927490234}, "costs": {"total_cost": 1181.64782596014, "time_cost": 150, "final_distance_cost": 43.465353932895944, "oscillation_cost": 329.56090442632114, "completition_cost": 555.5555555555555, "overshoot_cost": 60.71297147153605, "power_cost": 23.26242976074219, "noise_cost": 19.090610813088983, "n_waypoints_completed": 4, "tot_waypoints": 9}}
{"target": -1014.2782348515651, "params": {"k_pid_pos": [0.42141955163852624, 0.6899869569154375, 0.3904337062149744], "k_pid_alt": [0.016566993307863376, 0.14306690377134357, 0.3299779143489575], "k_pid_att": [9.430208570607967, 8.338987252951094, 0.7783305583825733], "k_pid_yaw": [0.5, 1e-06, 0.1], "k_pid_hsp": [2.6674667080900116, 0.6408200022873123, 0.060890687653811226], "k_pid_vsp": [202.67142359996043, 332.95674285121476, 238.7274193313534]}, "datetime": {"datetime": "2025-08-21 10:33:56", "elapsed": 6552.879133462906, "delta": 26.737332105636597}, "costs": {"total_cost": 1014.2782348515651, "time_cost": 150, "final_distance_cost": 52.02008549179405, "oscillation_cost": 64.47672803953324, "completition_cost": 666.6666666666667, "overshoot_cost": 51.561660551912794, "power_cost": 16.290056396484374, "noise_cost": 13.263037705173941, "n_waypoints_completed": 3, "tot_waypoints": 9}}
{"target": -822.3224825471907, "params": {"k_pid_pos": [1.3137400953303688, 0.7207750640702597, 0.26697288249650963], "k_pid_alt": [0.5443163034813407, 0.6756046580364459, 0.1871831182994722], "k_pid_att": [41.77113956971563, 8.202261277020941, 0.10012944242100374], "k_pid_yaw": [0.5, 1e-06, 0.1], "k_pid_hsp": [7.256301451659583, 0.26976679117094426, 0.6766999711544801], "k_pid_vsp": [160.6396613029446, 386.70887469579486, 130.66878735769978]}, "datetime": {"datetime": "2025-08-21 10:34:26", "elapsed": 6582.547251462936, "delta": 29.668118000030518}, "costs": {"total_cost": 822.3224825471907, "time_cost": 150, "final_distance_cost": 52.363918300823265, "oscillation_cost": 196.06011013327435, "completition_cost": 333.33333333333337, "overshoot_cost": 51.21913021813296, "power_cost": 21.966056787109377, "noise_cost": 17.379933774517433, "n_waypoints_completed": 6, "tot_waypoints": 9}}
{"target": -735.5294789622859, "params": {"k_pid_pos": [1.7934156944536528, 0.7759997542385686, 0.32126978247294447], "k_pid_alt": [0.2740021285991525, 0.18115735398322497, 0.8503768389815785], "k_pid_att": [24.687067563361676, 1.8029767117732425, 0.17137525865307435], "k_pid_yaw": [0.5, 1e-06, 0.1], "k_pid_hsp": [5.972458225618977, 0.4240182930179247, 0.2420152739131235], "k_pid_vsp": [9.607606909759436, 136.63808085024112, 51.85930276069394]}, "datetime": {"datetime": "2025-08-21 10:34:54", "elapsed": 6611.312872886658, "delta": 28.765621423721313}, "costs": {"total_cost": 735.5294789622859, "time_cost": 150, "final_distance_cost": 61.54453417638449, "oscillation_cost": 200.17173377544952, "completition_cost": 222.2222222222222, "overshoot_cost": 56.11045143806874, "power_cost": 26.482767907714845, "noise_cost": 18.9977694424462, "n_waypoints_completed": 7, "tot_waypoints": 9}}
{"target": -1120.4981320037125, "params": {"k_pid_pos": [0.3190533310714718, 0.9159204137037953, 0.29409924986047786], "k_pid_alt": [1.5401981281389563, 0.8554882995273915, 0.4664659073130917], "k_pid_att": [31.21099696438906, 7.266679303191451, 0.8411327859022323], "k_pid_yaw": [0.5, 1e-06, 0.1], "k_pid_hsp": [4.320865014499797, 0.5052618609501468, 0.6730817700481496], "k_pid_vsp": [92.02585648045786, 391.3911587468754, 281.06882920052414]}, "datetime": {"datetime": "2025-08-21 10:35:24", "elapsed": 6640.583917140961, "delta": 29.27104425430298}, "costs": {"total_cost": 1120.4981320037125, "time_cost": 150, "final_distance_cost": 48.62465451374313, "oscillation_cost": 148.0562916878247, "completition_cost": 666.6666666666667, "overshoot_cost": 61.8214123134661, "power_cost": 25.255100134277345, "noise_cost": 20.074006687734418, "n_waypoints_completed": 3, "tot_waypoints": 9}}
{"target": -1044.1429264090498, "params": {"k_pid_pos": [1.0604924405936424, 0.5803369472142093, 0.4992494834890926], "k_pid_alt": [0.733314737844077, 0.8674731889574009, 0.25627046957326827], "k_pid_att": [96.06337696732822, 1.7824507730658548, 0.8705026058005819], "k_pid_yaw": [0.5, 1e-06, 0.1], "k_pid_hsp": [3.4094087348271827, 0.021077448361174422, 0.3459583010938573], "k_pid_vsp": [156.36371018153494, 322.2206556708923, 207.40026035714695]}, "datetime": {"datetime": "2025-08-21 10:35:52", "elapsed": 6668.45468044281, "delta": 27.870763301849365}, "costs": {"total_cost": 1044.1429264090498, "time_cost": 150, "final_distance_cost": 53.70934693716683, "oscillation_cost": 301.48908856944354, "completition_cost": 444.4444444444444, "overshoot_cost": 55.597188305174534, "power_cost": 22.206902343750002, "noise_cost": 16.695955809070448, "n_waypoints_completed": 5, "tot_waypoints": 9}}
{"target": -963.2702089388667, "params": {"k_pid_pos": [1.5227778292564829, 0.6771870056373579, 0.18791168714269457], "k_pid_alt": [1.7704703484536506, 0.28327092799570164, 0.6769849760604288], "k_pid_att": [20.19880346287348, 8.101519960605103, 0.16654582466691858], "k_pid_yaw": [0.5, 1e-06, 0.1], "k_pid_hsp": [8.64194476733788, 0.6570602250814951, 0.32908205688337033], "k_pid_vsp": [394.4585004132172, 248.6070360954424, 385.19767140285006]}, "datetime": {"datetime": "2025-08-21 10:36:19", "elapsed": 6695.569610357285, "delta": 27.114929914474487}, "costs": {"total_cost": 963.2702089388667, "time_cost": 150, "final_distance_cost": 68.81542529658128, "oscillation_cost": 315.91421994854966, "completition_cost": 333.33333333333337, "overshoot_cost": 55.719592508074705, "power_cost": 22.852506481933595, "noise_cost": 16.63513137039408, "n_waypoints_completed": 6, "tot_waypoints": 9}}
{"target": -970.745433491995, "params": {"k_pid_pos": [1.6322251666135486, 0.43358764812779327, 0.5005272176774485], "k_pid_alt": [1.3359967893942424, 0.8144079860041697, 0.9669440793073172], "k_pid_att": [66.84141996074275, 0.4262021829098448, 0.42402427113832364], "k_pid_yaw": [0.5, 1e-06, 0.1], "k_pid_hsp": [4.773074729478748, 0.296297080580336, 0.8643274360332631], "k_pid_vsp": [106.93444583411735, 271.3880877585611, 312.6789307214769]}, "datetime": {"datetime": "2025-08-21 10:36:50", "elapsed": 6726.587695121765, "delta": 31.01808476448059}, "costs": {"total_cost": 970.745433491995, "time_cost": 150, "final_distance_cost": 57.83493016575884, "oscillation_cost": 225.10174941564637, "completition_cost": 444.4444444444444, "overshoot_cost": 54.418670477324405, "power_cost": 20.789135205078125, "noise_cost": 18.156503783742746, "n_waypoints_completed": 5, "tot_waypoints": 9}}
{"target": -448.36130502406183, "params": {"k_pid_pos": [0.8320330547150115, 0.5435839025892264, 0.5538147045772743], "k_pid_alt": [0.9721703213987656, 0.0046608621393902094, 0.5891487323351483], "k_pid_att": [59.758572109884945, 8.66537390821245, 0.8603631947224892], "k_pid_yaw": [0.5, 1e-06, 0.1], "k_pid_hsp": [6.780974328905306, 0.45412554945780825, 0.7982578477794925], "k_pid_vsp": [43.33454926008598, 352.3463605767696, 135.54923612678633]}, "datetime": {"datetime": "2025-08-21 10:37:14", "elapsed": 6750.984297990799, "delta": 24.396602869033813}, "costs": {"total_cost": 448.36130502406183, "time_cost": 96.296, "final_distance_cost": 1.7438965502187656, "oscillation_cost": 255.3771962405927, "completition_cost": 0.0, "overshoot_cost": 54.46418333428601, "power_cost": 22.990771899414064, "noise_cost": 17.489256999550275, "n_waypoints_completed": 9, "tot_waypoints": 9}}
{"target": -1011.9888115496493, "params": {"k_pid_pos": [1.6724689627381675, 0.774223632422827, 0.5706319921155794], "k_pid_alt": [0.3962799188504782, 0.43058899142820706, 0.4723126682975457], "k_pid_att": [81.43911701100724, 1.403348459660758, 0.9936926863594606], "k_pid_yaw": [0.5, 1e-06, 0.1], "k_pid_hsp": [1.1672745803155111, 0.6958523299840903, 0.15143009244925698], "k_pid_vsp": [157.32019870156128, 45.015314589985834, 225.1612413143954]}, "datetime": {"datetime": "2025-08-21 10:37:45", "elapsed": 6781.478129386902, "delta": 30.493831396102905}, "costs": {"total_cost": 1011.9888115496493, "time_cost": 150, "final_distance_cost": 42.187660128908696, "oscillation_cost": 162.99995170065864, "completition_cost": 555.5555555555555, "overshoot_cost": 58.700982637212604, "power_cost": 20.810403820800783, "noise_cost": 21.734257706513013, "n_waypoints_completed": 4, "tot_waypoints": 9}}
