{"target": -920.4121550400924, "params": {"k_pid_pos": [1.5556115125846115, 0.06332087798030595, 0.032561277754036055], "k_pid_alt": [0.21561815121666283, 0.7433867027751928, 0.49695427233914125], "k_pid_att": [29.434971566339595, 8.440764712214602, 0.6769283595583162], "k_pid_yaw": [0.5, 1e-06, 0.1], "k_pid_hsp": [3.6551092519752846, 0.5976998567782229, 0.7525045713646153], "k_pid_vsp": [146.27203668098718, 10.294766365937285, 9.836406959068963]}, "datetime": {"datetime": "2025-08-21 08:56:07", "elapsed": 684.2116420269012, "delta": 25.711613416671753}, "costs": {"total_cost": 920.4121550400924, "time_cost": 150, "final_distance_cost": 60.53090583402178, "oscillation_cost": 284.038908622303, "completition_cost": 333.33333333333337, "overshoot_cost": 56.62283614010818, "power_cost": 19.995062817382813, "noise_cost": 15.89110829294334, "n_waypoints_completed": 6, "tot_waypoints": 9}}
{"target": -1351.3251684859151, "params": {"k_pid_pos": [0.6498975854737016, 0.22529629289153918, 0.18262744130561248], "k_pid_alt": [0.354742483344358, 0.5237362618690118, 0.3212334050247936], "k_pid_att": [21.18539295917461, 3.236138548472544, 0.6669232346570385], "k_pid_yaw": [0.5, 1e-06, 0.1], "k_pid_hsp": [0.0704169656515265, 0.4493925619373852, 0.8863301033908549], "k_pid_vsp": [146.881200798683, 11.934456744275668, 3.1123571247259316]}, "datetime": {"datetime": "2025-08-21 08:56:38", "elapsed": 714.5597500801086, "delta": 30.348108053207397}, "costs": {"total_cost": 1351.3251684859151, "time_cost": 150, "final_distance_cost": 54.21836661986754, "oscillation_cost": 385.8324674225656, "completition_cost": 666.6666666666667, "overshoot_cost": 64.96402008182329, "power_cost": 15.76344178466797, "noise_cost": 13.88020591032387, "n_waypoints_completed": 3, "tot_waypoints": 9}}
{"target": -680.5916951964697, "params": {"k_pid_pos": [0.892187439041343, 0.2296916710037472, 0.1718557931218775], "k_pid_alt": [1.2854297578485985, 0.7279425164469974, 0.9235984519486439], "k_pid_att": [20.84273624937992, 7.1429916928905115, 0.5767215470903313], "k_pid_yaw": [0.5, 1e-06, 0.1], "k_pid_hsp": [5.298699415642795, 0.5616378758508738, 0.6515905271011039], "k_pid_vsp": [141.2970529801862, 15.341309811582224, 8.327127147664708]}, "datetime": {"datetime": "2025-08-21 08:57:03", "elapsed": 739.6955692768097, "delta": 25.13581919670105}, "costs": {"total_cost": 680.5916951964697, "time_cost": 150, "final_distance_cost": 38.847696283158, "oscillation_cost": 285.48833355418026, "completition_cost": 111.11111111111116, "overshoot_cost": 56.59730401914803, "power_cost": 21.80728194580078, "noise_cost": 16.73996828307134, "n_waypoints_completed": 8, "tot_waypoints": 9}}
{"target": -625.2687884463305, "params": {"k_pid_pos": [1.8369628936245408, 0.2606413815489479, 0.5555475960451914], "k_pid_alt": [0.907035737321711, 0.5941130966496841, 0.6401020082771682], "k_pid_att": [12.162467654241894, 0.06274839569010263, 0.32212049813662724], "k_pid_yaw": [0.5, 1e-06, 0.1], "k_pid_hsp": [3.3026022643183537, 0.4882310728864745, 0.9378268654890608], "k_pid_vsp": [257.1984824170283, 267.80215088813674, 39.094422150088796]}, "datetime": {"datetime": "2025-08-21 08:57:31", "elapsed": 768.0063681602478, "delta": 28.31079888343811}, "costs": {"total_cost": 625.2687884463305, "time_cost": 150, "final_distance_cost": 56.85480471804191, "oscillation_cost": 213.49895448086394, "completition_cost": 111.11111111111116, "overshoot_cost": 56.59617081398989, "power_cost": 20.949805712890626, "noise_cost": 16.257941609432752, "n_waypoints_completed": 8, "tot_waypoints": 9}}
{"target": -797.9839619685057, "params": {"k_pid_pos": [1.241578671156076, 0.22076047094343787, 0.8936860682813551], "k_pid_alt": [1.4644545137594944, 0.7944102584061472, 0.8924148797591047], "k_pid_att": [36.9722557438395, 4.034638435629066, 0.7728299666420391], "k_pid_yaw": [0.5, 1e-06, 0.1], "k_pid_hsp": [1.6293076534220166, 0.12309606263548589, 0.8109506366054361], "k_pid_vsp": [121.07194872863457, 372.92226313146443, 109.20947487692982]}, "datetime": {"datetime": "2025-08-21 08:57:56", "elapsed": 792.8008534908295, "delta": 24.794485330581665}, "costs": {"total_cost": 797.9839619685057, "time_cost": 150, "final_distance_cost": 61.799470811285616, "oscillation_cost": 273.77462701348855, "completition_cost": 222.2222222222222, "overshoot_cost": 53.81352668035482, "power_cost": 20.99851865234375, "noise_cost": 15.375596588810852, "n_waypoints_completed": 7, "tot_waypoints": 9}}
{"target": -949.8938479562512, "params": {"k_pid_pos": [0.35801317006604483, 0.4051195498491458, 0.28381797764912686], "k_pid_alt": [1.6342739534841422, 0.3122114346790107, 0.04838430900044943], "k_pid_att": [90.26802084951383, 6.709550859260244, 0.8393198560394265], "k_pid_yaw": [0.5, 1e-06, 0.1], "k_pid_hsp": [5.349488453047717, 0.9369412835784493, 0.20692310968512995], "k_pid_vsp": [304.0223248721861, 142.85965113537782, 365.15036476384597]}, "datetime": {"datetime": "2025-08-21 08:58:29", "elapsed": 826.366005897522, "delta": 33.565152406692505}, "costs": {"total_cost": 949.8938479562512, "time_cost": 150, "final_distance_cost": 71.11826956774533, "oscillation_cost": 301.6611935617769, "completition_cost": 333.33333333333337, "overshoot_cost": 54.57659826101474, "power_cost": 22.04026046142578, "noise_cost": 17.16419277095511, "n_waypoints_completed": 6, "tot_waypoints": 9}}
{"target": -1564.586890744001, "params": {"k_pid_pos": [1.2322642937500798, 0.07692797961779574, 0.421917111843375], "k_pid_alt": [0.32964461041157533, 0.35222762747403846, 0.4075454617995269], "k_pid_att": [7.868293915138935, 9.081696811617142, 0.550409950962275], "k_pid_yaw": [0.5, 1e-06, 0.1], "k_pid_hsp": [2.2110571245060044, 0.9978878865456405, 0.8267594503103717], "k_pid_vsp": [174.52729274775112, 336.81393990404734, 377.0234628045059]}, "datetime": {"datetime": "2025-08-21 08:58:56", "elapsed": 852.6433556079865, "delta": 26.277349710464478}, "costs": {"total_cost": 1564.586890744001, "time_cost": 150, "final_distance_cost": 124.69417900211657, "oscillation_cost": 223.07740317606778, "completition_cost": 888.8888888888888, "overshoot_cost": 146.56018781095145, "power_cost": 15.917337255859376, "noise_cost": 15.448894610117135, "n_waypoints_completed": 1, "tot_waypoints": 9}}
{"target": -358.66284589170465, "params": {"k_pid_pos": [1.604973292022178, 0.1587024206947295, 0.491789530161426], "k_pid_alt": [1.6515920062869984, 0.2136729854156718, 0.5378357502934726], "k_pid_att": [31.271134778259004, 3.5766332153370652, 0.0877158637214388], "k_pid_yaw": [0.5, 1e-06, 0.1], "k_pid_hsp": [5.558713211318473, 0.09970368445334443, 0.6855490589919243], "k_pid_vsp": [232.7775036924394, 322.14082647451266, 11.94868206072109]}, "datetime": {"datetime": "2025-08-21 08:59:22", "elapsed": 878.6489927768707, "delta": 26.005637168884277}, "costs": {"total_cost": 358.66284589170465, "time_cost": 86.536, "final_distance_cost": 1.7462450984303992, "oscillation_cost": 191.02181026873745, "completition_cost": 0.0, "overshoot_cost": 52.5625676842196, "power_cost": 14.149463989257812, "noise_cost": 12.64675885105935, "n_waypoints_completed": 9, "tot_waypoints": 9}}
{"target": -940.9791901538049, "params": {"k_pid_pos": [0.816189796448773, 0.5941401472702038, 0.3326163103064276], "k_pid_alt": [0.36887325539935345, 0.7894291402537397, 0.7970174175054798], "k_pid_att": [83.33557058317717, 7.317646492198658, 0.019024794611595897], "k_pid_yaw": [0.5, 1e-06, 0.1], "k_pid_hsp": [6.360570607130569, 0.1353167863056739, 0.17611994503785822], "k_pid_vsp": [300.85680608085454, 190.74280544956682, 62.13949576624482]}, "datetime": {"datetime": "2025-08-21 08:59:54", "elapsed": 910.6129319667816, "delta": 31.96393918991089}, "costs": {"total_cost": 940.9791901538049, "time_cost": 150, "final_distance_cost": 52.42612133360518, "oscillation_cost": 316.1158419630231, "completition_cost": 333.33333333333337, "overshoot_cost": 52.38679869795403, "power_cost": 20.90315291748047, "noise_cost": 15.81394190840864, "n_waypoints_completed": 6, "tot_waypoints": 9}}
{"target": -1555.8548306591654, "params": {"k_pid_pos": [0.826695583258659, 0.28872883887110956, 0.9568654456369372], "k_pid_alt": [1.7178917784451426, 0.07082052141984563, 0.46520456457113635], "k_pid_att": [14.943937128695117, 9.91481611390317, 0.760718565138359], "k_pid_yaw": [0.5, 1e-06, 0.1], "k_pid_hsp": [9.903075037920601, 0.5340938807613123, 0.7074980784583185], "k_pid_vsp": [85.82360305882722, 321.20622670685543, 375.537039918334]}, "datetime": {"datetime": "2025-08-21 09:00:19", "elapsed": 935.6642360687256, "delta": 25.05130410194397}, "costs": {"total_cost": 1555.8548306591654, "time_cost": 150, "final_distance_cost": 51.6565682264457, "oscillation_cost": 302.8696025837554, "completition_cost": 888.8888888888888, "overshoot_cost": 105.23608059750138, "power_cost": 17.481320861816407, "noise_cost": 39.722369500757914, "n_waypoints_completed": 1, "tot_waypoints": 9}}
{"target": -779.0154183193314, "params": {"k_pid_pos": [0.7659371036670571, 0.2040411349741441, 0.9731242220782204], "k_pid_alt": [1.9177716199544252, 0.36819493850744356, 0.12522884223985487], "k_pid_att": [58.207330030892734, 0.03946170355120582, 0.051802230558471996], "k_pid_yaw": [0.5, 1e-06, 0.1], "k_pid_hsp": [1.6190640577926205, 0.97955328357404, 0.27237885502046155], "k_pid_vsp": [213.65471093798112, 108.75847655724652, 34.85708660373497]}, "datetime": {"datetime": "2025-08-21 09:00:48", "elapsed": 964.7179489135742, "delta": 29.053712844848633}, "costs": {"total_cost": 779.0154183193314, "time_cost": 150, "final_distance_cost": 64.39508907984015, "oscillation_cost": 255.9197990557784, "completition_cost": 222.2222222222222, "overshoot_cost": 48.0730442687936, "power_cost": 22.02429539794922, "noise_cost": 16.380968294747717, "n_waypoints_completed": 7, "tot_waypoints": 9}}
{"target": -339.19367739880977, "params": {"k_pid_pos": [1.6406288858919442, 0.8964871817750768, 0.9313219533722084], "k_pid_alt": [1.515678196090376, 0.02725509575698004, 0.642243497395385], "k_pid_att": [54.0030181562857, 3.112659078928482, 0.10327816368234466], "k_pid_yaw": [0.5, 1e-06, 0.1], "k_pid_hsp": [1.5250365136534445, 0.8196052532458962, 0.3292835439058497], "k_pid_vsp": [208.55181421547817, 232.78901454985686, 125.93199230766926]}, "datetime": {"datetime": "2025-08-21 09:01:11", "elapsed": 988.2113304138184, "delta": 23.49338150024414}, "costs": {"total_cost": 339.19367739880977, "time_cost": 92.336, "final_distance_cost": 1.7630916207139498, "oscillation_cost": 150.54722462974587, "completition_cost": 0.0, "overshoot_cost": 62.93506443092109, "power_cost": 17.529647875976565, "noise_cost": 14.082648841452295, "n_waypoints_completed": 9, "tot_waypoints": 9}}
{"target": -1044.6289076667824, "params": {"k_pid_pos": [0.32082547639114145, 0.30008962530735517, 0.10486749238519832], "k_pid_alt": [0.45036291516964266, 0.5742076259930884, 0.04388314224381473], "k_pid_att": [20.745720130165147, 6.295855521344044, 0.669845009198831], "k_pid_yaw": [0.5, 1e-06, 0.1], "k_pid_hsp": [5.723059108416584, 0.3066200670514987, 0.48116893921183845], "k_pid_vsp": [169.11200712562953, 14.979629483441137, 83.51064040210878]}, "datetime": {"datetime": "2025-08-21 09:01:41", "elapsed": 1017.8971562385559, "delta": 29.68582582473755}, "costs": {"total_cost": 1044.6289076667824, "time_cost": 150, "final_distance_cost": 56.363325422065564, "oscillation_cost": 196.7722337430726, "completition_cost": 555.5555555555555, "overshoot_cost": 54.43555699717122, "power_cost": 17.945703222656253, "noise_cost": 13.55653272626121, "n_waypoints_completed": 4, "tot_waypoints": 9}}
{"target": -722.6597694870768, "params": {"k_pid_pos": [1.6901388963945887, 0.20194723938888381, 0.1705681396968386], "k_pid_alt": [1.161483727221264, 0.2053839947993934, 0.012819876753629944], "k_pid_att": [59.69935024729756, 0.07527938934831399, 0.2257379250706475], "k_pid_yaw": [0.5, 1e-06, 0.1], "k_pid_hsp": [2.6769332607960217, 0.8862941507309737, 0.48766474608467236], "k_pid_vsp": [349.3550872008701, 295.569432634847, 190.8778619584526]}, "datetime": {"datetime": "2025-08-21 09:02:08", "elapsed": 1044.7197206020355, "delta": 26.822564363479614}, "costs": {"total_cost": 722.6597694870768, "time_cost": 150, "final_distance_cost": 75.42344811969895, "oscillation_cost": 190.4867986992, "completition_cost": 222.2222222222222, "overshoot_cost": 50.55498248050096, "power_cost": 19.515285974121095, "noise_cost": 14.457031991333714, "n_waypoints_completed": 7, "tot_waypoints": 9}}
{"target": -1375.5954734662073, "params": {"k_pid_pos": [1.1531394342682457, 0.17113287740374705, 0.8352434480968594], "k_pid_alt": [1.7717847525389614, 0.06232661173850962, 0.24403282764468814], "k_pid_att": [3.7614904235532487, 4.74275934905991, 0.05181267262255562], "k_pid_yaw": [0.5, 1e-06, 0.1], "k_pid_hsp": [1.3892057530010031, 0.5822132016528759, 0.04864475094652976], "k_pid_vsp": [244.2300865468455, 278.6612892162585, 364.75543520932064]}, "datetime": {"datetime": "2025-08-21 09:02:37", "elapsed": 1073.7627308368683, "delta": 29.043010234832764}, "costs": {"total_cost": 1375.5954734662073, "time_cost": 150, "final_distance_cost": 85.4941883347863, "oscillation_cost": 274.7250848996558, "completition_cost": 777.7777777777778, "overshoot_cost": 51.62131699772033, "power_cost": 20.88067557373047, "noise_cost": 15.096429882536572, "n_waypoints_completed": 2, "tot_waypoints": 9}}
{"target": -1426.0327364004163, "params": {"k_pid_pos": [1.5362107240242362, 0.41893712707607333, 0.5135658365175393], "k_pid_alt": [1.9214896814116003, 0.2906944580185282, 0.22492462813101022], "k_pid_att": [78.06630706966045, 6.789654133886119, 0.25854946576930704], "k_pid_yaw": [0.5, 1e-06, 0.1], "k_pid_hsp": [3.537303531674727, 0.5647404762026599, 0.8058489696049531], "k_pid_vsp": [96.56092470954532, 82.21054138497226, 256.6192143906954]}, "datetime": {"datetime": "2025-08-21 09:03:02", "elapsed": 1099.222369670868, "delta": 25.459638833999634}, "costs": {"total_cost": 1426.0327364004163, "time_cost": 150, "final_distance_cost": 50.33459331249566, "oscillation_cost": 211.63444506922022, "completition_cost": 888.8888888888888, "overshoot_cost": 74.8445486938538, "power_cost": 26.855689672851565, "noise_cost": 23.47457076310623, "n_waypoints_completed": 1, "tot_waypoints": 9}}
{"target": -441.9132403587837, "params": {"k_pid_pos": [1.444453430417684, 0.4040739167480971, 0.22078453231298245], "k_pid_alt": [0.45691446419487236, 0.1544982747488407, 0.74063756368209], "k_pid_att": [44.37242016904138, 9.915415820916198, 0.08356811272624054], "k_pid_yaw": [0.5, 1e-06, 0.1], "k_pid_hsp": [8.692975238009826, 0.11879120281572264, 0.27195723217987433], "k_pid_vsp": [180.06344756209822, 334.5508298722207, 63.94525287756718]}, "datetime": {"datetime": "2025-08-21 09:03:28", "elapsed": 1124.9071896076202, "delta": 25.68481993675232}, "costs": {"total_cost": 441.9132403587837, "time_cost": 91.0, "final_distance_cost": 1.7438220925827068, "oscillation_cost": 263.28030368478323, "completition_cost": 0.0, "overshoot_cost": 52.8776490995929, "power_cost": 18.519975024414062, "noise_cost": 14.491490457410817, "n_waypoints_completed": 9, "tot_waypoints": 9}}
{"target": -1156.0773779147669, "params": {"k_pid_pos": [0.3039323555985094, 0.3318635518248432, 0.43822990222757363], "k_pid_alt": [0.2839271485938799, 0.934113516068448, 0.5090594350611518], "k_pid_att": [19.855369255873857, 8.377591701285297, 0.24256283697136438], "k_pid_yaw": [0.5, 1e-06, 0.1], "k_pid_hsp": [1.2150470889450977, 0.879690427921033, 0.4124204154233333], "k_pid_vsp": [296.25395261602216, 356.8858922616147, 70.20327309244996]}, "datetime": {"datetime": "2025-08-21 09:03:58", "elapsed": 1155.1657824516296, "delta": 30.2585928440094}, "costs": {"total_cost": 1156.0773779147669, "time_cost": 150, "final_distance_cost": 39.50417156109056, "oscillation_cost": 311.68133654131856, "completition_cost": 555.5555555555555, "overshoot_cost": 55.25748456717713, "power_cost": 24.64405847167969, "noise_cost": 19.43477121794538, "n_waypoints_completed": 4, "tot_waypoints": 9}}
{"target": -446.85568391872266, "params": {"k_pid_pos": [0.9128938256703664, 0.5931385722507181, 0.21228126573641992], "k_pid_alt": [1.0700160997834849, 0.33192014707851225, 0.2815275703167932], "k_pid_att": [15.20145435542437, 6.463261949838636, 0.24584398915367545], "k_pid_yaw": [0.5, 1e-06, 0.1], "k_pid_hsp": [5.936800200647801, 0.318717245943145, 0.046392657679773186], "k_pid_vsp": [49.22449384012238, 344.90040249128486, 142.499455892652]}, "datetime": {"datetime": "2025-08-21 09:04:24", "elapsed": 1180.9837081432343, "delta": 25.817925691604614}, "costs": {"total_cost": 446.85568391872266, "time_cost": 150, "final_distance_cost": 10.833409876029771, "oscillation_cost": 86.59289005357762, "completition_cost": 111.11111111111116, "overshoot_cost": 57.89551659145829, "power_cost": 17.11752990722656, "noise_cost": 13.305226379319182, "n_waypoints_completed": 8, "tot_waypoints": 9}}
{"target": -853.9575863202599, "params": {"k_pid_pos": [0.4557717556865444, 0.794303663669213, 0.7173350972570918], "k_pid_alt": [1.0943410725357074, 0.1329752123602398, 0.5969879828723383], "k_pid_att": [17.832420511039516, 1.5411604687982734, 0.5888570409377979], "k_pid_yaw": [0.5, 1e-06, 0.1], "k_pid_hsp": [6.377788703800928, 0.5429025522836833, 0.0889499990221636], "k_pid_vsp": [272.4687870607721, 17.081418677958418, 80.04440989379933]}, "datetime": {"datetime": "2025-08-21 09:04:53", "elapsed": 1209.4839959144592, "delta": 28.500287771224976}, "costs": {"total_cost": 853.9575863202599, "time_cost": 150, "final_distance_cost": 67.68610453455449, "oscillation_cost": 220.39808259133756, "completition_cost": 333.33333333333337, "overshoot_cost": 43.57395155013526, "power_cost": 22.682559106445314, "noise_cost": 16.283555204453968, "n_waypoints_completed": 6, "tot_waypoints": 9}}
{"target": -1472.217749881918, "params": {"k_pid_pos": [0.019136790374504616, 0.9949606355993229, 0.02109307638467328], "k_pid_alt": [1.3406413685425203, 0.9889778714571527, 0.2247009024385852], "k_pid_att": [2.546027706377463, 7.203517048853197, 0.1051948174988786], "k_pid_yaw": [0.5, 1e-06, 0.1], "k_pid_hsp": [6.2063268175166675, 0.865018279594767, 0.944663572696739], "k_pid_vsp": [116.35037807809647, 80.96837490977701, 304.89081644604215]}, "datetime": {"datetime": "2025-08-21 09:05:17", "elapsed": 1234.418802022934, "delta": 24.93480610847473}, "costs": {"total_cost": 1472.217749881918, "time_cost": 150, "final_distance_cost": 17.556182014651725, "oscillation_cost": 100.37126052884838, "completition_cost": 1000.0, "overshoot_cost": 137.3668632308165, "power_cost": 17.80893572998047, "noise_cost": 49.11450837762093, "n_waypoints_completed": 0, "tot_waypoints": 9}}
{"target": -1569.7809023076668, "params": {"k_pid_pos": [0.21174569158121775, 0.09656961111855722, 0.632645535726618], "k_pid_alt": [0.13710202786055503, 0.05287274424913857, 0.8785673045465381], "k_pid_att": [81.52654256946438, 8.141272826076388, 0.1618853468046938], "k_pid_yaw": [0.5, 1e-06, 0.1], "k_pid_hsp": [8.267502476479951, 0.12358105593004987, 0.814137247003005], "k_pid_vsp": [240.99964203274965, 234.04961005173746, 379.6514679575723]}, "datetime": {"datetime": "2025-08-21 09:05:47", "elapsed": 1263.564240694046, "delta": 29.14543867111206}, "costs": {"total_cost": 1569.7809023076668, "time_cost": 150, "final_distance_cost": 94.68797744390864, "oscillation_cost": 463.3190697400106, "completition_cost": 777.7777777777778, "overshoot_cost": 43.26348187607601, "power_cost": 23.182655871582032, "noise_cost": 17.54993959831167, "n_waypoints_completed": 2, "tot_waypoints": 9}}
{"target": -1082.4554668072212, "params": {"k_pid_pos": [1.9422022393608367, 0.2352438380670191, 0.16513283665848522], "k_pid_alt": [0.6814787300497471, 0.23934145219155278, 0.0010828349803592152], "k_pid_att": [72.00450840982879, 1.7555785277090408, 0.684559055030288], "k_pid_yaw": [0.5, 1e-06, 0.1], "k_pid_hsp": [1.5993199876075876, 0.46090847084268605, 0.5287605541044104], "k_pid_vsp": [390.6437810094194, 281.8303387862463, 292.6277698540921]}, "datetime": {"datetime": "2025-08-21 09:06:13", "elapsed": 1289.5937807559967, "delta": 26.029540061950684}, "costs": {"total_cost": 1082.4554668072212, "time_cost": 150, "final_distance_cost": 49.65293292582813, "oscillation_cost": 210.12497430118503, "completition_cost": 555.5555555555555, "overshoot_cost": 64.68434091113764, "power_cost": 28.431810717773438, "noise_cost": 24.005852395741357, "n_waypoints_completed": 4, "tot_waypoints": 9}}
{"target": -754.281342078002, "params": {"k_pid_pos": [1.4801845347109426, 0.20353341765640898, 0.37547333869623434], "k_pid_alt": [0.05270748221092081, 0.15912752737987745, 0.3999707727124737], "k_pid_att": [87.71448416998281, 0.217768521105132, 0.5313700304793268], "k_pid_yaw": [0.5, 1e-06, 0.1], "k_pid_hsp": [9.40528210232813, 0.15816731338649337, 0.573118484901624], "k_pid_vsp": [127.93947796983707, 119.16157324702459, 107.64542161779572]}, "datetime": {"datetime": "2025-08-21 09:06:44", "elapsed": 1320.666951417923, "delta": 31.07317066192627}, "costs": {"total_cost": 754.281342078002, "time_cost": 150, "final_distance_cost": 66.71596766751645, "oscillation_cost": 325.6421189878136, "completition_cost": 111.11111111111116, "overshoot_cost": 60.48420991138235, "power_cost": 23.539888427734375, "noise_cost": 16.788045972444085, "n_waypoints_completed": 8, "tot_waypoints": 9}}
