{"target": -845.7986073774393, "params": {"k_pid_pos": [0.6536478923733142, 0.9634447815707275, 0.49496133098607964], "k_pid_alt": [1.144353742813321, 0.5519337258593857, 0.6220666297028805], "k_pid_att": [47.60186319768247, 9.722602782527439, 0.4172079550601866], "k_pid_yaw": [0.5, 1e-06, 0.1], "k_pid_hsp": [5.074306730243106, 0.379145671532225, 0.4811941668576113], "k_pid_vsp": [308.6572149029737, 46.880246403599195, 58.19511209221802]}, "datetime": {"datetime": "2025-08-21 21:47:16", "elapsed": 46953.122074604034, "delta": 48.90314221382141}, "costs": {"total_cost": 845.7986073774393, "time_cost": 150, "final_distance_cost": 65.06981893062616, "oscillation_cost": 208.11900997961828, "completition_cost": 333.33333333333337, "overshoot_cost": 50.720198517394785, "power_cost": 21.846006396484377, "noise_cost": 16.71024021998229, "n_waypoints_completed": 6, "tot_waypoints": 9}}
{"target": -629.8877223120771, "params": {"k_pid_pos": [1.2671055853636173, 0.2833206708037036, 0.30513771614419727], "k_pid_alt": [1.5809034686748218, 0.9723334285670687, 0.08259021325812566], "k_pid_att": [48.88648813115657, 6.603502234922762, 0.9156950638153136], "k_pid_yaw": [0.5, 1e-06, 0.1], "k_pid_hsp": [9.15534663605023, 0.5468186679565266, 0.6744450718832755], "k_pid_vsp": [363.8018081622364, 215.86862130288958, 34.4358346759353]}, "datetime": {"datetime": "2025-08-21 21:48:05", "elapsed": 47002.27378439903, "delta": 49.15170979499817}, "costs": {"total_cost": 629.8877223120771, "time_cost": 150, "final_distance_cost": 48.395954046062755, "oscillation_cost": 231.70328998683274, "completition_cost": 111.11111111111116, "overshoot_cost": 54.93074026221298, "power_cost": 18.559504736328126, "noise_cost": 15.187122169529307, "n_waypoints_completed": 8, "tot_waypoints": 9}}
{"target": -864.7347457366126, "params": {"k_pid_pos": [2.0, 0.7705833511295022, 0.0], "k_pid_alt": [1.4748486760153197, 0.0, 0.0], "k_pid_att": [21.592585772345448, 2.6674448901191203, 0.005004317923415308], "k_pid_yaw": [0.5, 1e-06, 0.1], "k_pid_hsp": [8.14095771601664, 0.31597513050828396, 0.9155815332592395], "k_pid_vsp": [381.5929306750562, 248.2971810808412, 126.5093800345269]}, "datetime": {"datetime": "2025-08-21 21:48:53", "elapsed": 47049.78379392624, "delta": 47.51000952720642}, "costs": {"total_cost": 864.7347457366126, "time_cost": 150, "final_distance_cost": 72.79656095071655, "oscillation_cost": 160.93857550388458, "completition_cost": 333.33333333333337, "overshoot_cost": 89.24345331644737, "power_cost": 31.41994060058594, "noise_cost": 27.002882031644784, "n_waypoints_completed": 6, "tot_waypoints": 9}}
{"target": -989.4900019110619, "params": {"k_pid_pos": [1.380844353523607, 0.1306306147204278, 0.44411029857577466], "k_pid_alt": [0.2519972945746538, 0.729746891234135, 0.5379842055093857], "k_pid_att": [17.37576972966368, 3.850772111580308, 0.8093337829266222], "k_pid_yaw": [0.5, 1e-06, 0.1], "k_pid_hsp": [2.7864499913483827, 0.3480944203218146, 0.7374478718636039], "k_pid_vsp": [162.63741014919714, 11.188070548465037, 3.400711710155908]}, "datetime": {"datetime": "2025-08-21 21:49:36", "elapsed": 47092.907370090485, "delta": 43.123576164245605}, "costs": {"total_cost": 989.4900019110619, "time_cost": 150, "final_distance_cost": 47.754791239947544, "oscillation_cost": 268.9667784738456, "completition_cost": 444.4444444444444, "overshoot_cost": 50.177049052609775, "power_cost": 14.139755505371095, "noise_cost": 14.007183194843613, "n_waypoints_completed": 5, "tot_waypoints": 9}}
{"target": -494.69182340672626, "params": {"k_pid_pos": [1.357431385421243, 0.3965436690118717, 0.005542829246971375], "k_pid_alt": [1.5537936637199286, 0.8153471561216789, 1.0], "k_pid_att": [62.0397990380255, 9.756704068232802, 0.9534750201927186], "k_pid_yaw": [0.5, 1e-06, 0.1], "k_pid_hsp": [9.999860608073917, 0.58339231185345, 0.0905966484910403], "k_pid_vsp": [262.83382477957235, 231.6192115238991, 166.08913182456823]}, "datetime": {"datetime": "2025-08-21 21:50:17", "elapsed": 47133.961963653564, "delta": 41.054593563079834}, "costs": {"total_cost": 494.69182340672626, "time_cost": 150, "final_distance_cost": 11.791611146040843, "oscillation_cost": 132.45466881829518, "completition_cost": 111.11111111111116, "overshoot_cost": 59.50048775714774, "power_cost": 16.548307092285157, "noise_cost": 13.2856374818462, "n_waypoints_completed": 8, "tot_waypoints": 9}}
{"target": -1016.3396933609247, "params": {"k_pid_pos": [0.5945046268666188, 0.6889931863435551, 0.6682013304025078], "k_pid_alt": [0.061284402024892604, 0.32993345513840755, 0.9077195314684086], "k_pid_att": [21.352426837976523, 6.158043073893329, 0.8451864436896421], "k_pid_yaw": [0.5, 1e-06, 0.1], "k_pid_hsp": [4.5665934773620895, 0.42220136123698093, 0.2614538861931398], "k_pid_vsp": [166.86979063249368, 341.8789972077811, 105.14299227862013]}, "datetime": {"datetime": "2025-08-21 21:50:53", "elapsed": 47170.391392469406, "delta": 36.429428815841675}, "costs": {"total_cost": 1016.3396933609247, "time_cost": 150, "final_distance_cost": 59.61206398777274, "oscillation_cost": 274.66391940937734, "completition_cost": 444.4444444444444, "overshoot_cost": 50.72079523305351, "power_cost": 21.460199267578126, "noise_cost": 15.43827101869851, "n_waypoints_completed": 5, "tot_waypoints": 9}}
{"target": -799.9921036146055, "params": {"k_pid_pos": [1.8711571862029768, 0.7627694280287278, 0.7664968963961376], "k_pid_alt": [1.3194385875927372, 0.443733764200571, 0.5103633679136881], "k_pid_att": [13.542307923183028, 1.5859296933781184, 0.8408015291326474], "k_pid_yaw": [0.5, 1e-06, 0.1], "k_pid_hsp": [3.2621767296988926, 0.6248736557679757, 0.9759813384233688], "k_pid_vsp": [310.9491836192519, 393.9677016390333, 269.6961944970589]}, "datetime": {"datetime": "2025-08-21 21:51:33", "elapsed": 47210.24549865723, "delta": 39.854106187820435}, "costs": {"total_cost": 799.9921036146055, "time_cost": 150, "final_distance_cost": 80.78404642053003, "oscillation_cost": 143.05990715397562, "completition_cost": 333.33333333333337, "overshoot_cost": 57.59772859963996, "power_cost": 20.26661481933594, "noise_cost": 14.950473287790585, "n_waypoints_completed": 6, "tot_waypoints": 9}}
{"target": -782.8367625026984, "params": {"k_pid_pos": [1.1207374245242545, 0.24525556646079238, 0.07902218378410608], "k_pid_alt": [0.5861172293149177, 0.431227809441439, 0.04886343841871821], "k_pid_att": [14.114788552186486, 7.789982536147964, 0.12569760857359535], "k_pid_yaw": [0.5, 1e-06, 0.1], "k_pid_hsp": [5.865022267857099, 0.6873122052966015, 0.31113429971484163], "k_pid_vsp": [169.82396291937144, 337.4864598141821, 113.3201848120398]}, "datetime": {"datetime": "2025-08-21 21:52:13", "elapsed": 47249.7658996582, "delta": 39.52040100097656}, "costs": {"total_cost": 782.8367625026984, "time_cost": 150, "final_distance_cost": 64.559462529518, "oscillation_cost": 260.2916186527601, "completition_cost": 222.2222222222222, "overshoot_cost": 49.20003733719409, "power_cost": 21.35982331542969, "noise_cost": 15.20359844557434, "n_waypoints_completed": 7, "tot_waypoints": 9}}
{"target": -369.59587866639447, "params": {"k_pid_pos": [0.9814603966377109, 0.0048081147661164225, 0.9265849918400542], "k_pid_alt": [0.6594879669531544, 0.12014706006998255, 0.9226833519957451], "k_pid_att": [27.040860965137735, 6.90282368083003, 0.9150450267511442], "k_pid_yaw": [0.5, 1e-06, 0.1], "k_pid_hsp": [9.273143822167267, 0.3553950763221516, 0.053984996583979816], "k_pid_vsp": [381.0202511218413, 244.25018407856683, 120.8512951076811]}, "datetime": {"datetime": "2025-08-21 21:52:50", "elapsed": 47287.4082839489, "delta": 37.64238429069519}, "costs": {"total_cost": 369.59587866639447, "time_cost": 88.248, "final_distance_cost": 1.8159087121716595, "oscillation_cost": 192.36561273435234, "completition_cost": 0.0, "overshoot_cost": 52.408840237240504, "power_cost": 20.078689575195312, "noise_cost": 14.678827407434673, "n_waypoints_completed": 9, "tot_waypoints": 9}}
{"target": -1128.5126210797166, "params": {"k_pid_pos": [0.39167433031727966, 0.3573237350319042, 0.7830331464665392], "k_pid_alt": [1.7515322681277072, 0.23262591707841862, 0.4959858782488684], "k_pid_att": [87.81207781188077, 7.627633395590168, 0.6763426873094024], "k_pid_yaw": [0.5, 1e-06, 0.1], "k_pid_hsp": [8.157938234753436, 0.6975662095441953, 0.8639827545771782], "k_pid_vsp": [247.6841050460667, 318.83514481027703, 15.703593906983324]}, "datetime": {"datetime": "2025-08-21 21:53:32", "elapsed": 47329.36261367798, "delta": 41.9543297290802}, "costs": {"total_cost": 1128.5126210797166, "time_cost": 150, "final_distance_cost": 46.13471176412927, "oscillation_cost": 417.03347885153494, "completition_cost": 444.4444444444444, "overshoot_cost": 39.843346731822834, "power_cost": 16.93212518310547, "noise_cost": 14.124514104679681, "n_waypoints_completed": 5, "tot_waypoints": 9}}
{"target": -424.08892361196126, "params": {"k_pid_pos": [2.0, 0.0, 1.0], "k_pid_alt": [2.0, 0.0, 0.0], "k_pid_att": [63.35705433433441, 2.460138613480472, 1.0], "k_pid_yaw": [0.5, 1e-06, 0.1], "k_pid_hsp": [10.0, 1.0, 1.0], "k_pid_vsp": [256.3780058036768, 265.8355396335426, 266.99210060654]}, "datetime": {"datetime": "2025-08-21 21:54:10", "elapsed": 47366.80998945236, "delta": 37.447375774383545}, "costs": {"total_cost": 424.08892361196126, "time_cost": 84.52, "final_distance_cost": 1.7817185933068993, "oscillation_cost": 244.32185160866948, "completition_cost": 0.0, "overshoot_cost": 58.378888279018796, "power_cost": 19.417531494140626, "noise_cost": 15.668933636825528, "n_waypoints_completed": 9, "tot_waypoints": 9}}
{"target": -307.94526459047444, "params": {"k_pid_pos": [1.8636731948143728, 0.1391611559508705, 0.37289589612089513], "k_pid_alt": [1.6394602165042558, 1.0, 0.9889100383135677], "k_pid_att": [16.11927824401355, 2.443338153070051, 0.8114353279983755], "k_pid_yaw": [0.5, 1e-06, 0.1], "k_pid_hsp": [4.313758411340114, 1.0, 0.4033357872607383], "k_pid_vsp": [333.3433159619741, 327.0641779961933, 12.84625164463779]}, "datetime": {"datetime": "2025-08-21 21:54:46", "elapsed": 47402.57951140404, "delta": 35.769521951675415}, "costs": {"total_cost": 307.94526459047444, "time_cost": 82.656, "final_distance_cost": 1.750696879271353, "oscillation_cost": 137.15736258755825, "completition_cost": 0.0, "overshoot_cost": 53.344641270802796, "power_cost": 18.874923193359376, "noise_cost": 14.161640659482615, "n_waypoints_completed": 9, "tot_waypoints": 9}}
{"target": -894.3214521964911, "params": {"k_pid_pos": [2.0, 0.0, 0.6436943098955619], "k_pid_alt": [0.0, 0.694661667210173, 0.9489657016938503], "k_pid_att": [29.679514819606435, 7.62412690785897, 1.0], "k_pid_yaw": [0.5, 1e-06, 0.1], "k_pid_hsp": [4.138116107664443, 0.5000780404741167, 0.6748389270223009], "k_pid_vsp": [53.175861604762616, 293.4792577908479, 49.81472130344172]}, "datetime": {"datetime": "2025-08-21 21:55:38", "elapsed": 47454.801730155945, "delta": 52.22221875190735}, "costs": {"total_cost": 894.3214521964911, "time_cost": 150, "final_distance_cost": 69.29944932084862, "oscillation_cost": 252.59747096117553, "completition_cost": 333.33333333333337, "overshoot_cost": 55.92894293091279, "power_cost": 19.073024719238283, "noise_cost": 14.089230930982556, "n_waypoints_completed": 6, "tot_waypoints": 9}}
{"target": -371.29437821922664, "params": {"k_pid_pos": [1.0026645439043123, 0.5100225701524893, 0.6583725584238285], "k_pid_alt": [0.9882839570752329, 0.585000458529483, 0.172271382936103], "k_pid_att": [42.979232977561544, 7.944908370471052, 0.8323145194496763], "k_pid_yaw": [0.5, 1e-06, 0.1], "k_pid_hsp": [5.331273044265, 0.9840614580278906, 0.14978310764180958], "k_pid_vsp": [179.7950965715878, 339.94280566225217, 65.49575658224289]}, "datetime": {"datetime": "2025-08-21 21:56:15", "elapsed": 47491.82024908066, "delta": 37.018518924713135}, "costs": {"total_cost": 371.29437821922664, "time_cost": 91.47200000000001, "final_distance_cost": 1.7257152006275347, "oscillation_cost": 191.5190893728717, "completition_cost": 0.0, "overshoot_cost": 55.224666714993944, "power_cost": 17.675824938964844, "noise_cost": 13.677081991768592, "n_waypoints_completed": 9, "tot_waypoints": 9}}
{"target": -899.085832654295, "params": {"k_pid_pos": [0.31111420323190525, 0.5627243559856354, 0.7348479099781444], "k_pid_alt": [1.431202070403564, 0.8768013694511918, 0.23311641079320944], "k_pid_att": [57.768093955053324, 1.5215679867102099, 0.8010162046891662], "k_pid_yaw": [0.5, 1e-06, 0.1], "k_pid_hsp": [8.454865568733345, 0.15601113534614275, 0.3186848870728842], "k_pid_vsp": [368.98177133808855, 217.2906354395935, 33.39874385611239]}, "datetime": {"datetime": "2025-08-21 21:56:52", "elapsed": 47528.63912296295, "delta": 36.8188738822937}, "costs": {"total_cost": 899.085832654295, "time_cost": 150, "final_distance_cost": 53.41231722350299, "oscillation_cost": 274.20950087362013, "completition_cost": 333.33333333333337, "overshoot_cost": 45.1374588339578, "power_cost": 24.270477307128907, "noise_cost": 18.722745082751924, "n_waypoints_completed": 6, "tot_waypoints": 9}}
{"target": -890.2206346804862, "params": {"k_pid_pos": [0.4643379737097753, 0.7662783518086348, 0.8932427268118673], "k_pid_alt": [1.1891646407857237, 0.7151648790493615, 0.8292497019261282], "k_pid_att": [32.463832221751275, 9.00328188151724, 0.47206432887080596], "k_pid_yaw": [0.5, 1e-06, 0.1], "k_pid_hsp": [2.693769042891177, 0.3513522457029974, 0.7588115528682952], "k_pid_vsp": [152.5054976018867, 19.342840623809114, 8.04540268569759]}, "datetime": {"datetime": "2025-08-21 21:57:34", "elapsed": 47570.66168928146, "delta": 42.02256631851196}, "costs": {"total_cost": 890.2206346804862, "time_cost": 150, "final_distance_cost": 72.2716299005029, "oscillation_cost": 237.482228813043, "completition_cost": 333.33333333333337, "overshoot_cost": 52.17957063841995, "power_cost": 24.94387889404297, "noise_cost": 20.00999310114404, "n_waypoints_completed": 6, "tot_waypoints": 9}}
{"target": -434.18641058547246, "params": {"k_pid_pos": [2.0, 0.0, 1.0], "k_pid_alt": [2.0, 1.0, 0.0], "k_pid_att": [13.727581830327617, 6.530651248927211, 0.0], "k_pid_yaw": [0.5, 1e-06, 0.1], "k_pid_hsp": [9.487846820855227, 0.0, 0.0], "k_pid_vsp": [357.31670586756115, 366.9490374678561, 199.99182052915356]}, "datetime": {"datetime": "2025-08-21 21:58:12", "elapsed": 47608.98831105232, "delta": 38.326621770858765}, "costs": {"total_cost": 434.18641058547246, "time_cost": 87.392, "final_distance_cost": 1.821995524948874, "oscillation_cost": 260.1594950493062, "completition_cost": 0.0, "overshoot_cost": 56.66839021593187, "power_cost": 15.782832653808594, "noise_cost": 12.361697141476867, "n_waypoints_completed": 9, "tot_waypoints": 9}}
{"target": -353.8211946055619, "params": {"k_pid_pos": [0.9874548858747791, 0.8241416781978207, 0.9005078889518513], "k_pid_alt": [0.45305563340311394, 0.5799521087399941, 0.008478732692777546], "k_pid_att": [32.51182690568606, 5.675345367919897, 0.47715030825814186], "k_pid_yaw": [0.5, 1e-06, 0.1], "k_pid_hsp": [0.7760858323815567, 0.23223123770115184, 0.0897104995971566], "k_pid_vsp": [157.01324513000142, 13.217664918633378, 7.628258298430721]}, "datetime": {"datetime": "2025-08-21 21:58:50", "elapsed": 47647.06673908234, "delta": 38.07842803001404}, "costs": {"total_cost": 353.8211946055619, "time_cost": 99.06400000000001, "final_distance_cost": 1.7558423887580432, "oscillation_cost": 158.34992497966073, "completition_cost": 0.0, "overshoot_cost": 58.085495989263116, "power_cost": 20.19614490966797, "noise_cost": 16.36978633821209, "n_waypoints_completed": 9, "tot_waypoints": 9}}
{"target": -227.55265189827853, "params": {"k_pid_pos": [2.0, 0.32576154034858423, 0.8431584061029824], "k_pid_alt": [1.7759312263182456, 1.0, 0.31513579920946194], "k_pid_att": [35.22037029445993, 1.0007987623439858, 1.0], "k_pid_yaw": [0.5, 1e-06, 0.1], "k_pid_hsp": [3.2849368901442855, 1.0, 0.0], "k_pid_vsp": [94.39098743352051, 65.71967024147412, 31.88136709437044]}, "datetime": {"datetime": "2025-08-21 21:59:28", "elapsed": 47684.56936120987, "delta": 37.50262212753296}, "costs": {"total_cost": 227.55265189827853, "time_cost": 80.84, "final_distance_cost": 1.7589384614970622, "oscillation_cost": 58.717229805816, "completition_cost": 0.0, "overshoot_cost": 54.000017769565275, "power_cost": 18.434818200683594, "noise_cost": 13.80164766071662, "n_waypoints_completed": 9, "tot_waypoints": 9}}
{"target": -1513.6737874781154, "params": {"k_pid_pos": [0.16864471241276313, 0.000694014986423519, 0.8934995637291334], "k_pid_alt": [1.2973125979591589, 0.11791213814076706, 0.533219199906448], "k_pid_att": [22.137716053361277, 9.160495220467434, 0.7120295017825125], "k_pid_yaw": [0.5, 1e-06, 0.1], "k_pid_hsp": [6.294639168332622, 0.7029134422760583, 0.4757509431582917], "k_pid_vsp": [156.24612072364692, 9.89263512503468, 9.248453535866231]}, "datetime": {"datetime": "2025-08-21 22:00:06", "elapsed": 47722.49847126007, "delta": 37.929110050201416}, "costs": {"total_cost": 1513.6737874781154, "time_cost": 150, "final_distance_cost": 86.23159484884155, "oscillation_cost": 413.12862978388637, "completition_cost": 777.7777777777778, "overshoot_cost": 42.789678219834215, "power_cost": 25.364634997558596, "noise_cost": 18.381471850216695, "n_waypoints_completed": 2, "tot_waypoints": 9}}
{"target": -1236.1459593099162, "params": {"k_pid_pos": [2.0, 0.0, 0.838369548502692], "k_pid_alt": [2.0, 0.026028966922551397, 1.0], "k_pid_att": [10.849333871111352, 2.1354460956636117, 1.0], "k_pid_yaw": [0.5, 1e-06, 0.1], "k_pid_hsp": [0.0001, 0.01777958797329834, 0.0], "k_pid_vsp": [311.98339508552493, 391.8263780605532, 261.99412861179997]}, "datetime": {"datetime": "2025-08-21 22:00:46", "elapsed": 47763.07964158058, "delta": 40.581170320510864}, "costs": {"total_cost": 1236.1459593099162, "time_cost": 150, "final_distance_cost": 60.38636256127275, "oscillation_cost": 6.620679822489901, "completition_cost": 888.8888888888888, "overshoot_cost": 87.87658080448345, "power_cost": 24.424581628417968, "noise_cost": 17.948865604363128, "n_waypoints_completed": 1, "tot_waypoints": 9}}
{"target": -321.10183640320435, "params": {"k_pid_pos": [2.0, 0.0, 1.0], "k_pid_alt": [2.0, 0.0, 1.0], "k_pid_att": [53.90341663078621, 5.626019583816142, 0.0], "k_pid_yaw": [0.5, 1e-06, 0.1], "k_pid_hsp": [7.889801940385538, 0.0, 0.0], "k_pid_vsp": [363.7334228941745, 211.6234029702219, 32.82195362268439]}, "datetime": {"datetime": "2025-08-21 22:01:27", "elapsed": 47803.45368337631, "delta": 40.37404179573059}, "costs": {"total_cost": 321.10183640320435, "time_cost": 70.72, "final_distance_cost": 1.8454215570535146, "oscillation_cost": 171.16309583226078, "completition_cost": 0.0, "overshoot_cost": 50.031281275399536, "power_cost": 14.936073974609375, "noise_cost": 12.405963763881186, "n_waypoints_completed": 9, "tot_waypoints": 9}}
{"target": -1299.0654699494605, "params": {"k_pid_pos": [0.3497916059536253, 0.7753763058836535, 0.06756597819040955], "k_pid_alt": [0.4433279817372162, 0.9391198280447688, 0.08598197846954314], "k_pid_att": [46.404198871719615, 4.791678797742379, 0.12315989862212351], "k_pid_yaw": [0.5, 1e-06, 0.1], "k_pid_hsp": [7.74152774868063, 0.8573344416030232, 0.9497934196103498], "k_pid_vsp": [126.20194298050352, 96.12894495031242, 53.19350476836995]}, "datetime": {"datetime": "2025-08-21 22:02:14", "elapsed": 47850.69769024849, "delta": 47.244006872177124}, "costs": {"total_cost": 1299.0654699494605, "time_cost": 150, "final_distance_cost": 78.59058533543687, "oscillation_cost": 98.33160396867291, "completition_cost": 888.8888888888888, "overshoot_cost": 44.21325531331315, "power_cost": 22.710364770507812, "noise_cost": 16.33077167264111, "n_waypoints_completed": 1, "tot_waypoints": 9}}
{"target": -1087.6658330613227, "params": {"k_pid_pos": [1.5190158936000357, 0.06874456372160725, 0.9740520687250506], "k_pid_alt": [0.8488279610474672, 0.7117761138219322, 0.2335903285993764], "k_pid_att": [36.059446876844575, 8.069266554093485, 0.2567191805943798], "k_pid_yaw": [0.5, 1e-06, 0.1], "k_pid_hsp": [4.333271990593697, 0.7721478612339424, 0.6227084856634051], "k_pid_vsp": [129.73512178262854, 352.5683734271814, 122.44246999152706]}, "datetime": {"datetime": "2025-08-21 22:02:56", "elapsed": 47893.112575531006, "delta": 42.41488528251648}, "costs": {"total_cost": 1087.6658330613227, "time_cost": 150, "final_distance_cost": 45.96957325153328, "oscillation_cost": 325.05324396913636, "completition_cost": 444.4444444444444, "overshoot_cost": 58.61104565109546, "power_cost": 29.346149255371095, "noise_cost": 34.24137648974221, "n_waypoints_completed": 5, "tot_waypoints": 9}}
{"target": -1652.403410016079, "params": {"k_pid_pos": [0.0001, 0.0, 0.0], "k_pid_alt": [2.0, 1.0, 1.0], "k_pid_att": [63.91683140593835, 10.0, 1.0], "k_pid_yaw": [0.5, 1e-06, 0.1], "k_pid_hsp": [4.948050468566294, 1.0, 1.0], "k_pid_vsp": [259.29782608748815, 230.31821830316352, 164.89014143501035]}, "datetime": {"datetime": "2025-08-21 22:03:47", "elapsed": 47943.55065226555, "delta": 50.43807673454285}, "costs": {"total_cost": 1652.403410016079, "time_cost": 150, "final_distance_cost": 46.08512400740599, "oscillation_cost": 379.89831274763895, "completition_cost": 1000.0, "overshoot_cost": 31.548287429168685, "power_cost": 26.275713232421875, "noise_cost": 18.595972599443584, "n_waypoints_completed": 0, "tot_waypoints": 9}}
