{"target": -3564.9682364545256, "params": {"k_pid_pos": [0.13708179994197559, 0.542466231748824, 0.3274335791303675], "k_pid_alt": [0.40892568671570895, 0.32598543154208703, 0.7194351591672006], "k_pid_att": [0.19179374359306056, 1.079922580140001, 0.6360281859948023], "k_pid_yaw": [0.5, 1e-06, 0.1], "k_pid_hsp": [0.06240107674700927, 0.4244772364938305, 0.8940769083785051], "k_pid_vsp": [280.8887546988388, 37.932377121515565, 379.79687939480306]}, "datetime": {"datetime": "2025-08-21 17:20:35", "elapsed": 30952.30645751953, "delta": 28.33249258995056}, "costs": {"total_cost": 3564.9682364545256, "time_cost": 150, "final_distance_cost": 803.5868429622432, "oscillation_cost": 297.1169982518893, "completition_cost": 1000.0, "overshoot_cost": 1184.8163839484357, "power_cost": 33.42579243164062, "noise_cost": 96.02221886031698, "n_waypoints_completed": 0, "tot_waypoints": 9}}
{"target": -2197.579625212155, "params": {"k_pid_pos": [0.4864808221832328, 0.8474249192114665, 0.6545060958746607], "k_pid_alt": [1.185879681747333, 0.5119129532762012, 0.14049954101175333], "k_pid_att": [7.0103547284970364, 1.8457395008304855, 0.05193600373549856], "k_pid_yaw": [0.5, 1e-06, 0.1], "k_pid_hsp": [2.3773949163200463, 0.6122145937595854, 0.08511996561339519], "k_pid_vsp": [52.492405250163365, 14.965490823817127, 375.66317684062193]}, "datetime": {"datetime": "2025-08-21 17:21:04", "elapsed": 30981.193631887436, "delta": 28.887174367904663}, "costs": {"total_cost": 2197.579625212155, "time_cost": 150, "final_distance_cost": 241.63606989499354, "oscillation_cost": 262.2662270332033, "completition_cost": 888.8888888888888, "overshoot_cost": 631.6799834837241, "power_cost": 9.559756042480469, "noise_cost": 13.548699868865205, "n_waypoints_completed": 1, "tot_waypoints": 9}}
{"target": -1534.7587505314398, "params": {"k_pid_pos": [0.36866741726679986, 0.167966323663285, 0.031620941549819315], "k_pid_alt": [0.326518491471782, 0.9175850392412497, 0.3968572644005548], "k_pid_att": [38.957888929496534, 9.406175560283314, 0.28518972604487425], "k_pid_yaw": [0.5, 1e-06, 0.1], "k_pid_hsp": [8.74629866150912, 0.706771961043542, 0.5074363094034263], "k_pid_vsp": [359.49661897775974, 36.89637566748573, 68.60613271303998]}, "datetime": {"datetime": "2025-08-21 17:21:33", "elapsed": 31010.05761051178, "delta": 28.863978624343872}, "costs": {"total_cost": 1534.7587505314398, "time_cost": 150, "final_distance_cost": 84.32474988634233, "oscillation_cost": 383.57940293190234, "completition_cost": 777.7777777777778, "overshoot_cost": 80.8528342858355, "power_cost": 31.7294587890625, "noise_cost": 26.49452686051932, "n_waypoints_completed": 2, "tot_waypoints": 9}}
{"target": -874.6270487488971, "params": {"k_pid_pos": [1.4762035619632738, 0.5236608079122745, 0.3689427364340703], "k_pid_alt": [1.5608910667852676, 0.45368613015620807, 0.6313596113872915], "k_pid_att": [61.98314243649781, 6.69732395096165, 0.1908771514329327], "k_pid_yaw": [0.5, 1e-06, 0.1], "k_pid_hsp": [4.454050317100712, 0.07791320069661178, 0.7969678326359659], "k_pid_vsp": [355.7778148866646, 245.39879123619835, 331.2468064923037]}, "datetime": {"datetime": "2025-08-21 17:22:04", "elapsed": 31040.933326482773, "delta": 30.875715970993042}, "costs": {"total_cost": 874.6270487488971, "time_cost": 150, "final_distance_cost": 69.09693379261918, "oscillation_cost": 233.08376202379208, "completition_cost": 333.33333333333337, "overshoot_cost": 54.22863731850117, "power_cost": 19.801739807128907, "noise_cost": 15.082642473522522, "n_waypoints_completed": 6, "tot_waypoints": 9}}
{"target": -1518.3120603749107, "params": {"k_pid_pos": [0.7955320595136259, 0.8711841037355404, 0.39968191859892976], "k_pid_alt": [1.4610246276712322, 0.7095427692708757, 0.926275979179821], "k_pid_att": [31.405254091209077, 2.539513140215627, 0.1663620034697153], "k_pid_yaw": [0.5, 1e-06, 0.1], "k_pid_hsp": [2.6000918836098337, 0.37036343347967815, 0.5729311212973512], "k_pid_vsp": [97.89091747846838, 170.46421084096824, 330.87110451861196]}, "datetime": {"datetime": "2025-08-21 17:22:36", "elapsed": 31073.406503915787, "delta": 32.473177433013916}, "costs": {"total_cost": 1518.3120603749107, "time_cost": 150, "final_distance_cost": 102.61834886253082, "oscillation_cost": 106.17335313415914, "completition_cost": 1000.0, "overshoot_cost": 121.7704887713282, "power_cost": 15.454645349121094, "noise_cost": 22.29522425777145, "n_waypoints_completed": 0, "tot_waypoints": 9}}
{"target": -1211.7645038278347, "params": {"k_pid_pos": [0.9819433829908568, 0.882433115790784, 0.001961879709609149], "k_pid_alt": [1.7352071547343584, 0.716447660713867, 0.8916550103405921], "k_pid_att": [77.39557409043509, 6.166167655117064, 0.6741971581280352], "k_pid_yaw": [0.5, 1e-06, 0.1], "k_pid_hsp": [8.8792719290688, 0.4788820566854467, 0.20467248811653427], "k_pid_vsp": [319.67180027079627, 105.90719673495181, 365.66570273250176]}, "datetime": {"datetime": "2025-08-21 17:23:05", "elapsed": 31102.17953968048, "delta": 28.773035764694214}, "costs": {"total_cost": 1211.7645038278347, "time_cost": 150, "final_distance_cost": 73.25371241469874, "oscillation_cost": 98.7411429549125, "completition_cost": 777.7777777777778, "overshoot_cost": 66.71478785446007, "power_cost": 26.19907271728516, "noise_cost": 19.078010108700173, "n_waypoints_completed": 2, "tot_waypoints": 9}}
{"target": -452.75030904261274, "params": {"k_pid_pos": [1.6802666882536799, 0.3552417427598258, 0.9208962514061506], "k_pid_alt": [1.3493223302194355, 0.5551156549300297, 0.8155133619897906], "k_pid_att": [94.9072850200127, 4.636745759705828, 0.32455735140051556], "k_pid_yaw": [0.5, 1e-06, 0.1], "k_pid_hsp": [5.6895834657233175, 0.17173565595398277, 0.04995989447157945], "k_pid_vsp": [250.52288558243592, 377.22763469277356, 148.56306804987767]}, "datetime": {"datetime": "2025-08-21 17:23:37", "elapsed": 31133.84447336197, "delta": 31.664933681488037}, "costs": {"total_cost": 452.75030904261274, "time_cost": 98.328, "final_distance_cost": 1.77261744934796, "oscillation_cost": 250.3616640877532, "completition_cost": 0.0, "overshoot_cost": 59.00269054399759, "power_cost": 25.038166748046876, "noise_cost": 18.247170213467133, "n_waypoints_completed": 9, "tot_waypoints": 9}}
{"target": -1501.1733507496303, "params": {"k_pid_pos": [1.1755540080331084, 0.6708446604393506, 0.7258233323179583], "k_pid_alt": [0.34678371282981657, 0.3772479938130615, 0.4815649107501859], "k_pid_att": [8.99351589268097, 4.225554650944466, 0.816684823850753], "k_pid_yaw": [0.5, 1e-06, 0.1], "k_pid_hsp": [3.248757992678881, 0.46996091713015886, 0.6631140160131866], "k_pid_vsp": [107.01870852945024, 208.8629761741398, 333.6656951975112]}, "datetime": {"datetime": "2025-08-21 17:24:06", "elapsed": 31162.930436849594, "delta": 29.085963487625122}, "costs": {"total_cost": 1501.1733507496303, "time_cost": 150, "final_distance_cost": 132.68892913553537, "oscillation_cost": 193.76561404584638, "completition_cost": 888.8888888888888, "overshoot_cost": 98.07279721229385, "power_cost": 18.569714416503906, "noise_cost": 19.187407050562122, "n_waypoints_completed": 1, "tot_waypoints": 9}}
{"target": -1350.96059079362, "params": {"k_pid_pos": [0.019552247876851673, 0.9462681347458671, 0.2544904215808229], "k_pid_alt": [1.636768449190113, 0.20768348228341016, 0.3063982448343632], "k_pid_att": [28.868360929909763, 0.5671738409732103, 0.9779066264894704], "k_pid_yaw": [0.5, 1e-06, 0.1], "k_pid_hsp": [3.6333391897098894, 0.34909703370331546, 0.04779723524289847], "k_pid_vsp": [384.1543071821629, 377.9265327619457, 13.91015146596636]}, "datetime": {"datetime": "2025-08-21 17:24:39", "elapsed": 31195.67262148857, "delta": 32.74218463897705}, "costs": {"total_cost": 1350.96059079362, "time_cost": 150, "final_distance_cost": 45.804422827885226, "oscillation_cost": 95.59448536488438, "completition_cost": 1000.0, "overshoot_cost": 26.193461365154366, "power_cost": 18.623743615722656, "noise_cost": 14.744477619973454, "n_waypoints_completed": 0, "tot_waypoints": 9}}
{"target": -1500.1413059332317, "params": {"k_pid_pos": [1.8501984444845492, 0.3805782774871973, 0.7772181533800852], "k_pid_alt": [0.22475024320352688, 0.752533740392248, 0.7375608898570415], "k_pid_att": [36.16720231352214, 9.900573933722765, 0.9092364091622378], "k_pid_yaw": [0.5, 1e-06, 0.1], "k_pid_hsp": [9.762427100018405, 0.9190633490658078, 0.5368131210529873], "k_pid_vsp": [61.85768822144841, 283.15659589688005, 293.47095922334836]}, "datetime": {"datetime": "2025-08-21 17:25:08", "elapsed": 31224.57362627983, "delta": 28.901004791259766}, "costs": {"total_cost": 1500.1413059332317, "time_cost": 150, "final_distance_cost": 70.67088065841567, "oscillation_cost": 366.29211382697366, "completition_cost": 777.7777777777778, "overshoot_cost": 86.51843753858525, "power_cost": 21.96559744873047, "noise_cost": 26.916498682748795, "n_waypoints_completed": 2, "tot_waypoints": 9}}
{"target": -1751.4160786691825, "params": {"k_pid_pos": [0.002568262996484922, 0.9892903127069397, 0.677178143767503], "k_pid_alt": [0.5758359189578746, 0.8012373345679606, 0.9438562439556516], "k_pid_att": [87.48604771400045, 4.710622469145303, 0.9719066681583193], "k_pid_yaw": [0.5, 1e-06, 0.1], "k_pid_hsp": [0.049425223196862746, 0.05228042542413747, 0.7772953946794743], "k_pid_vsp": [392.18492127336424, 311.05806780175476, 358.07517747444115]}, "datetime": {"datetime": "2025-08-21 17:25:36", "elapsed": 31253.2875123024, "delta": 28.71388602256775}, "costs": {"total_cost": 1751.4160786691825, "time_cost": 150, "final_distance_cost": 86.25571329517001, "oscillation_cost": 373.7266557264005, "completition_cost": 1000.0, "overshoot_cost": 100.00819021171628, "power_cost": 23.98853737792969, "noise_cost": 17.43698205796592, "n_waypoints_completed": 0, "tot_waypoints": 9}}
{"target": -1302.5863434553721, "params": {"k_pid_pos": [0.08912584635351269, 0.3435249331291612, 0.12272578186626304], "k_pid_alt": [0.1460312266350947, 0.4570088189192639, 0.776429117175457], "k_pid_att": [60.94112655907081, 5.329574701547961, 0.9899299760846305], "k_pid_yaw": [0.5, 1e-06, 0.1], "k_pid_hsp": [4.446809467545035, 0.7499331716583064, 0.12601722931971704], "k_pid_vsp": [248.02978321485693, 388.99543356254316, 343.1365676512578]}, "datetime": {"datetime": "2025-08-21 17:26:06", "elapsed": 31282.673334360123, "delta": 29.385822057724}, "costs": {"total_cost": 1302.5863434553721, "time_cost": 150, "final_distance_cost": 69.00270893455892, "oscillation_cost": 123.26837806378052, "completition_cost": 888.8888888888888, "overshoot_cost": 42.92649645247849, "power_cost": 14.95769580078125, "noise_cost": 13.542175314884082, "n_waypoints_completed": 1, "tot_waypoints": 9}}
{"target": -1120.1633680559603, "params": {"k_pid_pos": [1.4904469667860327, 0.5462487398050717, 0.2088297883287692], "k_pid_alt": [0.4672366410027835, 0.5429140609592535, 0.5916903532272284], "k_pid_att": [68.03416311006191, 9.5343090752427, 0.18737199025265483], "k_pid_yaw": [0.5, 1e-06, 0.1], "k_pid_hsp": [2.99963012917212, 0.9889686319403255, 0.8683456772868993], "k_pid_vsp": [105.25629607149622, 105.43832554016791, 126.9332422333373]}, "datetime": {"datetime": "2025-08-21 17:26:35", "elapsed": 31311.658141613007, "delta": 28.98480725288391}, "costs": {"total_cost": 1120.1633680559603, "time_cost": 150, "final_distance_cost": 72.54843012048804, "oscillation_cost": 145.31547208175724, "completition_cost": 666.6666666666667, "overshoot_cost": 50.77432170513066, "power_cost": 19.825849060058594, "noise_cost": 15.03262842185903, "n_waypoints_completed": 3, "tot_waypoints": 9}}
{"target": -1196.528677237172, "params": {"k_pid_pos": [0.3161357849908498, 0.5258979904423046, 0.15635772283636618], "k_pid_alt": [0.33436348427247653, 0.9568507532561734, 0.9906873867826393], "k_pid_att": [20.831825817644013, 7.094251145080667, 0.005539507020241752], "k_pid_yaw": [0.5, 1e-06, 0.1], "k_pid_hsp": [7.130855033673938, 0.8427567996227493, 0.8967131274451805], "k_pid_vsp": [136.90810054088521, 5.872787052336989, 85.24923605772015]}, "datetime": {"datetime": "2025-08-21 17:27:05", "elapsed": 31341.51176905632, "delta": 29.8536274433136}, "costs": {"total_cost": 1196.528677237172, "time_cost": 150, "final_distance_cost": 53.32641319437312, "oscillation_cost": 232.69843459732215, "completition_cost": 666.6666666666667, "overshoot_cost": 57.91944275615938, "power_cost": 19.477102014160156, "noise_cost": 16.440618008490137, "n_waypoints_completed": 3, "tot_waypoints": 9}}
{"target": -307.2803472322114, "params": {"k_pid_pos": [1.9323688358007989, 0.06722368886486907, 0.19176292633622172], "k_pid_alt": [0.6570262372309563, 0.1615768682683273, 0.5251720409937551], "k_pid_att": [14.921884756016201, 6.337331550925218, 0.8484477463371378], "k_pid_yaw": [0.5, 1e-06, 0.1], "k_pid_hsp": [6.515730073841237, 0.8477008633433217, 0.9224569755769728], "k_pid_vsp": [227.64955303823498, 395.87567779517735, 187.73923394440462]}, "datetime": {"datetime": "2025-08-21 17:27:30", "elapsed": 31367.272340536118, "delta": 25.760571479797363}, "costs": {"total_cost": 307.2803472322114, "time_cost": 86.85600000000001, "final_distance_cost": 1.7540504640394008, "oscillation_cost": 136.92266050860755, "completition_cost": 0.0, "overshoot_cost": 56.09339548701305, "power_cost": 14.513279541015626, "noise_cost": 11.140961231535819, "n_waypoints_completed": 9, "tot_waypoints": 9}}
{"target": -951.4301280584654, "params": {"k_pid_pos": [0.7464534889873782, 0.6904216335329724, 0.25577422360718594], "k_pid_alt": [1.3302644691260743, 0.8322326114909487, 0.6103148417181092], "k_pid_att": [56.83315089068822, 1.1936855844397598, 0.9567640855052644], "k_pid_yaw": [0.5, 1e-06, 0.1], "k_pid_hsp": [7.05939706526194, 0.3614549758236273, 0.7600147200349173], "k_pid_vsp": [92.83712594350123, 339.945349536981, 210.9506791175673]}, "datetime": {"datetime": "2025-08-21 17:27:59", "elapsed": 31395.729684829712, "delta": 28.45734429359436}, "costs": {"total_cost": 951.4301280584654, "time_cost": 150, "final_distance_cost": 57.65805480624999, "oscillation_cost": 199.2407501316129, "completition_cost": 444.4444444444444, "overshoot_cost": 54.96247360146048, "power_cost": 25.07292021484375, "noise_cost": 20.051484859853893, "n_waypoints_completed": 5, "tot_waypoints": 9}}
{"target": -650.6457921546407, "params": {"k_pid_pos": [1.8495539699712822, 0.26068454620607096, 0.37657909209501605], "k_pid_alt": [0.9354275623520576, 0.5965091322379137, 0.5087875823180777], "k_pid_att": [73.65202488922924, 7.966508813335042, 0.49397880482146883], "k_pid_yaw": [0.5, 1e-06, 0.1], "k_pid_hsp": [6.9132106331731515, 0.6285670168111704, 0.7094023860341866], "k_pid_vsp": [271.1719136112941, 167.69622465571098, 208.29787172451367]}, "datetime": {"datetime": "2025-08-21 17:28:28", "elapsed": 31425.080910921097, "delta": 29.351226091384888}, "costs": {"total_cost": 650.6457921546407, "time_cost": 150, "final_distance_cost": 66.5073761393311, "oscillation_cost": 234.24000636887607, "completition_cost": 111.11111111111116, "overshoot_cost": 57.061750239408994, "power_cost": 17.919837915039064, "noise_cost": 13.805710380874384, "n_waypoints_completed": 8, "tot_waypoints": 9}}
{"target": -728.0864740437894, "params": {"k_pid_pos": [1.6106893925483678, 0.6640603375082919, 0.2533997806885314], "k_pid_alt": [1.467860510768904, 0.815015466907173, 0.2647705586220306], "k_pid_att": [15.800348402750952, 8.991295195512315, 0.8193898455910438], "k_pid_yaw": [0.5, 1e-06, 0.1], "k_pid_hsp": [5.109264007792597, 0.9661721068142499, 0.550250101448748], "k_pid_vsp": [202.62455644636142, 163.0570504499764, 253.11662650113962]}, "datetime": {"datetime": "2025-08-21 17:28:58", "elapsed": 31454.816567659378, "delta": 29.73565673828125}, "costs": {"total_cost": 728.0864740437894, "time_cost": 150, "final_distance_cost": 73.12954649162117, "oscillation_cost": 192.16419104123767, "completition_cost": 222.2222222222222, "overshoot_cost": 63.807488348536175, "power_cost": 14.898620056152344, "noise_cost": 11.864405884019932, "n_waypoints_completed": 7, "tot_waypoints": 9}}
{"target": -844.501587721037, "params": {"k_pid_pos": [0.7868693455230032, 0.8404992897822022, 0.8366353077071873], "k_pid_alt": [0.46408403436404466, 0.15617493264114946, 0.30574736319719564], "k_pid_att": [29.56651538904813, 1.9184239918360322, 0.14978782787385625], "k_pid_yaw": [0.5, 1e-06, 0.1], "k_pid_hsp": [2.098556922681056, 0.10973218505679982, 0.599903379074698], "k_pid_vsp": [263.04050900527267, 328.19634553265365, 119.28275581306491]}, "datetime": {"datetime": "2025-08-21 17:29:27", "elapsed": 31484.360192775726, "delta": 29.543625116348267}, "costs": {"total_cost": 844.501587721037, "time_cost": 150, "final_distance_cost": 73.72491859845223, "oscillation_cost": 199.5469849056084, "completition_cost": 333.33333333333337, "overshoot_cost": 52.10610642707239, "power_cost": 20.604990551757812, "noise_cost": 15.185253904812761, "n_waypoints_completed": 6, "tot_waypoints": 9}}
{"target": -1017.9184652718727, "params": {"k_pid_pos": [1.0570874346904087, 0.19343391806303922, 0.4101632961353102], "k_pid_alt": [0.17284258521170526, 0.42331261314647106, 0.3768142512188033], "k_pid_att": [15.836627036326922, 5.9064840637332905, 0.3496595694958706], "k_pid_yaw": [0.5, 1e-06, 0.1], "k_pid_hsp": [2.989707623590918, 0.04659616032175029, 0.9822111307506903], "k_pid_vsp": [248.7901722419385, 340.86023274497944, 92.33502336529537]}, "datetime": {"datetime": "2025-08-21 17:29:58", "elapsed": 31514.55906701088, "delta": 30.1988742351532}, "costs": {"total_cost": 1017.9184652718727, "time_cost": 150, "final_distance_cost": 44.60338709658684, "oscillation_cost": 292.90425676944614, "completition_cost": 444.4444444444444, "overshoot_cost": 50.07387129246356, "power_cost": 20.78847282714844, "noise_cost": 15.104032841783319, "n_waypoints_completed": 5, "tot_waypoints": 9}}
{"target": -1296.549931438422, "params": {"k_pid_pos": [1.1267235431418303, 0.8180548226260973, 0.3015502490281199], "k_pid_alt": [0.6140702231156647, 0.6138457306265744, 0.33476522163673605], "k_pid_att": [98.96809770554682, 9.913654188502951, 0.22068563613013759], "k_pid_yaw": [0.5, 1e-06, 0.1], "k_pid_hsp": [3.825426558970454, 0.5957458762445885, 0.10674578044145178], "k_pid_vsp": [8.721225020359125, 362.64696469045015, 281.1232756522818]}, "datetime": {"datetime": "2025-08-21 17:30:26", "elapsed": 31543.40553188324, "delta": 28.84646487236023}, "costs": {"total_cost": 1296.549931438422, "time_cost": 150, "final_distance_cost": 121.22358141746987, "oscillation_cost": 215.41919073612542, "completition_cost": 666.6666666666667, "overshoot_cost": 94.7699110671227, "power_cost": 22.47054968261719, "noise_cost": 26.000031868419978, "n_waypoints_completed": 3, "tot_waypoints": 9}}
{"target": -1221.6301191976806, "params": {"k_pid_pos": [0.9537273062861062, 0.7026254264982817, 0.6574353108165802], "k_pid_alt": [1.0218151347480717, 0.4001150616448651, 0.9439035153797046], "k_pid_att": [37.296959136998275, 1.1739577783109674, 0.48982561384806744], "k_pid_yaw": [0.5, 1e-06, 0.1], "k_pid_hsp": [7.600862359972294, 0.9760035572317064, 0.9043186832342116], "k_pid_vsp": [252.1073768534479, 88.21864060017384, 399.9522998091626]}, "datetime": {"datetime": "2025-08-21 17:31:00", "elapsed": 31576.894493579865, "delta": 33.488961696624756}, "costs": {"total_cost": 1221.6301191976806, "time_cost": 150, "final_distance_cost": 51.08555743668589, "oscillation_cost": 264.0230415909039, "completition_cost": 666.6666666666667, "overshoot_cost": 60.27697810879951, "power_cost": 15.339409790039063, "noise_cost": 14.238465604585423, "n_waypoints_completed": 3, "tot_waypoints": 9}}
{"target": -1360.02985178563, "params": {"k_pid_pos": [1.3790002028134185, 0.1654378943972904, 0.5185561556740019], "k_pid_alt": [0.9028318182076023, 0.9064437682849662, 0.5117624839052403], "k_pid_att": [19.371840805582817, 3.1643705314763078, 0.7203772366616779], "k_pid_yaw": [0.5, 1e-06, 0.1], "k_pid_hsp": [9.110133106275411, 0.8728225641353549, 0.8599045139833718], "k_pid_vsp": [286.02705880879944, 171.33390918732977, 322.21525985474034]}, "datetime": {"datetime": "2025-08-21 17:31:30", "elapsed": 31606.478131771088, "delta": 29.583638191223145}, "costs": {"total_cost": 1360.02985178563, "time_cost": 150, "final_distance_cost": 63.25248434136582, "oscillation_cost": 385.39193384975545, "completition_cost": 666.6666666666667, "overshoot_cost": 57.45742992894, "power_cost": 21.30735057373047, "noise_cost": 15.953986425171568, "n_waypoints_completed": 3, "tot_waypoints": 9}}
{"target": -1171.63281119683, "params": {"k_pid_pos": [0.10019119338118172, 0.4933259362575365, 0.25568335709851453], "k_pid_alt": [0.7987059938675165, 0.04865464077212467, 0.149900596178837], "k_pid_att": [6.508261750961319, 6.648792125647603, 0.9706347775839423], "k_pid_yaw": [0.5, 1e-06, 0.1], "k_pid_hsp": [8.47930587009301, 0.17137277136962326, 0.6195191788420693], "k_pid_vsp": [86.95596382194717, 189.69409976088525, 76.83467130410467]}, "datetime": {"datetime": "2025-08-21 17:31:58", "elapsed": 31635.359299898148, "delta": 28.881168127059937}, "costs": {"total_cost": 1171.63281119683, "time_cost": 150, "final_distance_cost": 89.17341485859143, "oscillation_cost": 91.14221544555072, "completition_cost": 777.7777777777778, "overshoot_cost": 32.2584154028098, "power_cost": 17.61070660400391, "noise_cost": 13.67028110809626, "n_waypoints_completed": 2, "tot_waypoints": 9}}
