{"target": -1721.3089938017163, "params": {"k_pid_pos": [0.001882580684607173, 0.014097864217145296, 0.9614691664943917], "k_pid_alt": [2.0, 0.0, 0.0], "k_pid_att": [57.9234964482892, 9.80325837217728, 0.6761901760570942], "k_pid_yaw": [0.5, 1e-06, 0.1], "k_pid_hsp": [1.0043772685005268, 0.4811998552562798, 0.5652102186438762], "k_pid_vsp": [216.8314974543218, 50.23826372487049, 34.09717819922185]}, "datetime": {"datetime": "2025-08-22 02:52:57", "elapsed": 65293.54356098175, "delta": 62.47431778907776}, "costs": {"total_cost": 1721.3089938017163, "time_cost": 150, "final_distance_cost": 45.309686338039015, "oscillation_cost": 467.72753306387983, "completition_cost": 1000.0, "overshoot_cost": 24.667886962559056, "power_cost": 18.81716151123047, "noise_cost": 14.78672592600795, "n_waypoints_completed": 0, "tot_waypoints": 9}}
{"target": -857.2583134786005, "params": {"k_pid_pos": [1.09094719979866, 0.020003124621668866, 0.6861850585578351], "k_pid_alt": [1.7178308271017901, 0.9256409744209512, 0.41022083452945846], "k_pid_att": [95.81463048630269, 0.610462734918227, 0.1253619973414316], "k_pid_yaw": [0.5, 1e-06, 0.1], "k_pid_hsp": [9.359967174423407, 0.7908305435095951, 0.4507551377888047], "k_pid_vsp": [253.8692019962161, 321.6079705103641, 0.17484994439032137]}, "datetime": {"datetime": "2025-08-22 02:53:36", "elapsed": 65332.84347438812, "delta": 39.29991340637207}, "costs": {"total_cost": 857.2583134786005, "time_cost": 150, "final_distance_cost": 68.8722978768415, "oscillation_cost": 302.0926030672756, "completition_cost": 222.2222222222222, "overshoot_cost": 65.89035394007394, "power_cost": 28.358767114257812, "noise_cost": 19.822069257929456, "n_waypoints_completed": 7, "tot_waypoints": 9}}
{"target": -304.35923378421955, "params": {"k_pid_pos": [2.0, 0.0, 1.0], "k_pid_alt": [2.0, 0.0, 0.0], "k_pid_att": [14.467938563128271, 3.0670968373090752, 1.0], "k_pid_yaw": [0.5, 1e-06, 0.1], "k_pid_hsp": [7.412833322858154, 1.0, 1.0], "k_pid_vsp": [251.56843637377747, 195.337729939312, 46.679014118652205]}, "datetime": {"datetime": "2025-08-22 02:54:09", "elapsed": 65365.96474766731, "delta": 33.12127327919006}, "costs": {"total_cost": 304.35923378421955, "time_cost": 75.168, "final_distance_cost": 1.7306608498345588, "oscillation_cost": 143.87270998977098, "completition_cost": 0.0, "overshoot_cost": 51.74829477559664, "power_cost": 18.10655498046875, "noise_cost": 13.733013188548641, "n_waypoints_completed": 9, "tot_waypoints": 9}}
{"target": -800.9451566432165, "params": {"k_pid_pos": [0.5816435746984974, 0.6026640001223903, 0.7443549248594779], "k_pid_alt": [2.0, 1.0, 0.0], "k_pid_att": [36.278807091924676, 10.0, 0.0], "k_pid_yaw": [0.5, 1e-06, 0.1], "k_pid_hsp": [7.7374955510734225, 0.3707797912814152, 0.46806890508850235], "k_pid_vsp": [287.8003490696829, 76.68844240851108, 40.57311133083186]}, "datetime": {"datetime": "2025-08-22 02:54:56", "elapsed": 65412.75302910805, "delta": 46.78828144073486}, "costs": {"total_cost": 800.9451566432165, "time_cost": 150, "final_distance_cost": 61.0826510155289, "oscillation_cost": 285.0774553244144, "completition_cost": 222.2222222222222, "overshoot_cost": 47.75158579799908, "power_cost": 19.29784488525391, "noise_cost": 15.513397397798041, "n_waypoints_completed": 7, "tot_waypoints": 9}}
{"target": -1708.3995050957049, "params": {"k_pid_pos": [0.0001, 0.0, 0.0], "k_pid_alt": [2.0, 1.0, 1.0], "k_pid_att": [63.954737168447615, 4.468134603807837, 1.0], "k_pid_yaw": [0.5, 1e-06, 0.1], "k_pid_hsp": [5.456010053072624, 0.0, 1.0], "k_pid_vsp": [311.42828202473595, 252.07855635836606, 71.58307584390208]}, "datetime": {"datetime": "2025-08-22 02:55:44", "elapsed": 65460.97012281418, "delta": 48.21709370613098}, "costs": {"total_cost": 1708.3995050957049, "time_cost": 150, "final_distance_cost": 46.83552041815835, "oscillation_cost": 440.85864112809344, "completition_cost": 1000.0, "overshoot_cost": 38.65620772798564, "power_cost": 17.926802111816407, "noise_cost": 14.122333709650933, "n_waypoints_completed": 0, "tot_waypoints": 9}}
{"target": -485.0281580753581, "params": {"k_pid_pos": [0.3383685088017066, 0.0, 0.0], "k_pid_alt": [2.0, 0.0, 1.0], "k_pid_att": [34.80405557684585, 3.629634745084253, 0.0], "k_pid_yaw": [0.5, 1e-06, 0.1], "k_pid_hsp": [9.27799469954385, 0.3945667158716831, 1.0], "k_pid_vsp": [182.1319703654534, 201.42437803550135, 98.05080806699914]}, "datetime": {"datetime": "2025-08-22 02:56:28", "elapsed": 65505.423780202866, "delta": 44.453657388687134}, "costs": {"total_cost": 485.0281580753581, "time_cost": 92.376, "final_distance_cost": 1.8554594991791742, "oscillation_cost": 303.52988933869045, "completition_cost": 0.0, "overshoot_cost": 54.65432031839734, "power_cost": 17.307591064453124, "noise_cost": 15.30489785463802, "n_waypoints_completed": 9, "tot_waypoints": 9}}
{"target": -509.7818932280543, "params": {"k_pid_pos": [2.0, 1.0, 0.0], "k_pid_alt": [2.0, 0.0, 1.0], "k_pid_att": [15.878396596675941, 5.2216901364219845, 1.0], "k_pid_yaw": [0.5, 1e-06, 0.1], "k_pid_hsp": [6.57845767026723, 1.0, 1.0], "k_pid_vsp": [226.9953481648567, 392.220741404627, 185.7768241371962]}, "datetime": {"datetime": "2025-08-22 02:57:12", "elapsed": 65549.26832270622, "delta": 43.844542503356934}, "costs": {"total_cost": 509.7818932280543, "time_cost": 150, "final_distance_cost": 31.993139807201693, "oscillation_cost": 100.82730845515559, "completition_cost": 111.11111111111116, "overshoot_cost": 76.0480562973127, "power_cost": 23.388731689453127, "noise_cost": 16.413545867820005, "n_waypoints_completed": 8, "tot_waypoints": 9}}
{"target": -802.7174077411881, "params": {"k_pid_pos": [1.1441284840145354, 0.3512631154313298, 0.2588341864899879], "k_pid_alt": [0.9506867657002813, 0.6391089581637501, 0.6302085199496975], "k_pid_att": [94.07581802859583, 9.45924101441168, 0.863622683394189], "k_pid_yaw": [0.5, 1e-06, 0.1], "k_pid_hsp": [3.682265626846988, 0.12300561893847606, 0.23512168834679759], "k_pid_vsp": [244.16983884335122, 383.296780132017, 147.94120725302056]}, "datetime": {"datetime": "2025-08-22 02:57:54", "elapsed": 65591.02980971336, "delta": 41.76148700714111}, "costs": {"total_cost": 802.7174077411881, "time_cost": 150, "final_distance_cost": 70.27085018842934, "oscillation_cost": 274.43888642328636, "completition_cost": 222.2222222222222, "overshoot_cost": 48.576255444522104, "power_cost": 20.57914412841797, "noise_cost": 16.630049334310236, "n_waypoints_completed": 7, "tot_waypoints": 9}}
{"target": -1203.1230263811915, "params": {"k_pid_pos": [0.398321873866238, 0.9310842155757986, 0.9827546769891042], "k_pid_alt": [0.9818198334593811, 0.7553096765100347, 0.635256150112824], "k_pid_att": [20.285641624915385, 1.7010284734541297, 0.8542419546983331], "k_pid_yaw": [0.5, 1e-06, 0.1], "k_pid_hsp": [7.328838866862682, 0.6581875785170176, 0.7122344015700875], "k_pid_vsp": [388.36008813014405, 250.56052025583855, 119.72086183722087]}, "datetime": {"datetime": "2025-08-22 02:58:33", "elapsed": 65630.03901028633, "delta": 39.00920057296753}, "costs": {"total_cost": 1203.1230263811915, "time_cost": 150, "final_distance_cost": 51.76629132609685, "oscillation_cost": 245.68836887890953, "completition_cost": 666.6666666666667, "overshoot_cost": 42.1317322661524, "power_cost": 26.861275256347657, "noise_cost": 20.008691987018366, "n_waypoints_completed": 3, "tot_waypoints": 9}}
{"target": -256.5888775722059, "params": {"k_pid_pos": [2.0, 1.0, 1.0], "k_pid_alt": [2.0, 0.888724228379954, 0.0], "k_pid_att": [63.413950890084244, 1.096220198471837, 0.0], "k_pid_yaw": [0.5, 1e-06, 0.1], "k_pid_hsp": [1.5615860756394813, 1.0, 0.0], "k_pid_vsp": [310.512982960337, 257.29974941534806, 71.73313972940115]}, "datetime": {"datetime": "2025-08-22 02:59:14", "elapsed": 65670.66230082512, "delta": 40.62329053878784}, "costs": {"total_cost": 256.5888775722059, "time_cost": 92.584, "final_distance_cost": 1.7536759637637096, "oscillation_cost": 73.02873245595802, "completition_cost": 0.0, "overshoot_cost": 56.47173318470212, "power_cost": 17.76464997558594, "noise_cost": 14.986085992196113, "n_waypoints_completed": 9, "tot_waypoints": 9}}
{"target": -941.0964494641902, "params": {"k_pid_pos": [0.21352141336554012, 0.5769663624339405, 0.34798473998370727], "k_pid_alt": [0.7686463947793947, 0.6456248382608946, 0.07111559350011432], "k_pid_att": [3.4193260948063853, 2.0805332961408056, 0.7515682760679946], "k_pid_yaw": [0.5, 1e-06, 0.1], "k_pid_hsp": [5.4917215352529185, 0.9262871915297518, 0.29933369253489905], "k_pid_vsp": [40.819782573647245, 90.55402694183405, 36.9148150599833]}, "datetime": {"datetime": "2025-08-22 02:59:50", "elapsed": 65707.29728460312, "delta": 36.63498377799988}, "costs": {"total_cost": 941.0964494641902, "time_cost": 150, "final_distance_cost": 45.396471005727236, "oscillation_cost": 103.69160939227325, "completition_cost": 555.5555555555555, "overshoot_cost": 48.67536293781099, "power_cost": 20.766829443359377, "noise_cost": 17.01062112946383, "n_waypoints_completed": 4, "tot_waypoints": 9}}
{"target": -834.9247745157588, "params": {"k_pid_pos": [0.6872818314534865, 0.0997604519025106, 0.4568481665346559], "k_pid_alt": [1.4475094027743116, 0.9894212349871865, 0.9131108933308858], "k_pid_att": [62.049157368390794, 9.612826399575434, 0.6804294420812754], "k_pid_yaw": [0.5, 1e-06, 0.1], "k_pid_hsp": [5.613442512887678, 0.19606696450201389, 0.5195269145073452], "k_pid_vsp": [192.17807241989613, 50.29753139853516, 43.586393294779064]}, "datetime": {"datetime": "2025-08-22 03:00:32", "elapsed": 65749.10838794708, "delta": 41.81110334396362}, "costs": {"total_cost": 834.9247745157588, "time_cost": 150, "final_distance_cost": 71.69102154951494, "oscillation_cost": 304.1004251813757, "completition_cost": 222.2222222222222, "overshoot_cost": 48.44077552011597, "power_cost": 21.298032275390625, "noise_cost": 17.172297767139405, "n_waypoints_completed": 7, "tot_waypoints": 9}}
{"target": -789.9640227944411, "params": {"k_pid_pos": [0.37020803371362526, 0.4956448286116658, 0.4026589968756653], "k_pid_alt": [1.5410183278861194, 0.9240632581602247, 0.9616521486729683], "k_pid_att": [96.74752410179111, 5.022955097652921, 0.4610797006363848], "k_pid_yaw": [0.5, 1e-06, 0.1], "k_pid_hsp": [7.503431687785644, 0.2620747723143776, 0.18911083773219384], "k_pid_vsp": [167.59841097332048, 115.92322640297257, 12.1822485533736]}, "datetime": {"datetime": "2025-08-22 03:01:18", "elapsed": 65795.26032185555, "delta": 46.151933908462524}, "costs": {"total_cost": 789.9640227944411, "time_cost": 150, "final_distance_cost": 73.92808254175971, "oscillation_cost": 251.29606338084488, "completition_cost": 222.2222222222222, "overshoot_cost": 52.84366481206725, "power_cost": 21.47242010498047, "noise_cost": 18.201569732566654, "n_waypoints_completed": 7, "tot_waypoints": 9}}
{"target": -1250.0855936613018, "params": {"k_pid_pos": [0.10247116282398389, 0.6098488566963619, 0.44731799801782846], "k_pid_alt": [0.19817842532899999, 0.4622292953057149, 0.8278662724863729], "k_pid_att": [14.36917804096417, 4.5688538841736435, 0.1215477317494551], "k_pid_yaw": [0.5, 1e-06, 0.1], "k_pid_hsp": [7.882266697236081, 0.35831373234759756, 0.9688186343253663], "k_pid_vsp": [335.67894103568176, 326.9908908720333, 8.245697247602276]}, "datetime": {"datetime": "2025-08-22 03:01:54", "elapsed": 65830.7353117466, "delta": 35.474989891052246}, "costs": {"total_cost": 1250.0855936613018, "time_cost": 150, "final_distance_cost": 51.663387172954224, "oscillation_cost": 292.6511735512008, "completition_cost": 666.6666666666667, "overshoot_cost": 53.1303482231009, "power_cost": 20.05294052734375, "noise_cost": 15.92107752003516, "n_waypoints_completed": 3, "tot_waypoints": 9}}
{"target": -688.52076712391, "params": {"k_pid_pos": [0.7144556005667709, 0.22373631654294657, 0.4574802323478432], "k_pid_alt": [1.5139228401429488, 0.5723395345717666, 0.13014710201124802], "k_pid_att": [92.7066340541575, 7.45641844681356, 0.2897049297689581], "k_pid_yaw": [0.5, 1e-06, 0.1], "k_pid_hsp": [2.944562972341961, 0.08942811438890297, 0.8175671480831268], "k_pid_vsp": [170.61302966741243, 118.69279349214365, 19.28563807495555]}, "datetime": {"datetime": "2025-08-22 03:02:33", "elapsed": 65869.83434295654, "delta": 39.09903120994568}, "costs": {"total_cost": 688.52076712391, "time_cost": 150, "final_distance_cost": 44.16729807352692, "oscillation_cost": 290.61167805329626, "completition_cost": 111.11111111111116, "overshoot_cost": 53.656341826720485, "power_cost": 21.806530212402343, "noise_cost": 17.16780784685279, "n_waypoints_completed": 8, "tot_waypoints": 9}}
{"target": -335.81037292190024, "params": {"k_pid_pos": [2.0, 0.0, 0.0], "k_pid_alt": [2.0, 0.0, 1.0], "k_pid_att": [75.37327195814632, 2.4215173375237162, 1.0], "k_pid_yaw": [0.5, 1e-06, 0.1], "k_pid_hsp": [10.0, 1.0, 1.0], "k_pid_vsp": [175.05128433524865, 148.90529840649182, 63.33859700276088]}, "datetime": {"datetime": "2025-08-22 03:03:07", "elapsed": 65904.15806245804, "delta": 34.32371950149536}, "costs": {"total_cost": 335.81037292190024, "time_cost": 79.83200000000001, "final_distance_cost": 1.7878181236278512, "oscillation_cost": 173.1468445888577, "completition_cost": 0.0, "overshoot_cost": 55.44014619270734, "power_cost": 13.939360388183594, "noise_cost": 11.664203628523703, "n_waypoints_completed": 9, "tot_waypoints": 9}}
{"target": -213.12180739630355, "params": {"k_pid_pos": [2.0, 1.0, 1.0], "k_pid_alt": [2.0, 0.0, 0.0], "k_pid_att": [69.96154291489945, 4.63645058869169, 1.0], "k_pid_yaw": [0.5, 1e-06, 0.1], "k_pid_hsp": [6.845121390672446, 0.0, 0.0], "k_pid_vsp": [370.94070094270916, 336.99247046469196, 73.52858793832853]}, "datetime": {"datetime": "2025-08-22 03:03:49", "elapsed": 65946.08705329895, "delta": 41.928990840911865}, "costs": {"total_cost": 213.12180739630355, "time_cost": 78.68, "final_distance_cost": 1.7881493091061378, "oscillation_cost": 52.7315025906685, "completition_cost": 0.0, "overshoot_cost": 51.73796225578487, "power_cost": 15.707604357910157, "noise_cost": 12.476588882833877, "n_waypoints_completed": 9, "tot_waypoints": 9}}
{"target": -1721.2587405666459, "params": {"k_pid_pos": [0.0001, 0.0, 0.0], "k_pid_alt": [2.0, 0.0, 0.0], "k_pid_att": [67.3381938694663, 3.7831438140786044, 0.0], "k_pid_yaw": [0.5, 1e-06, 0.1], "k_pid_hsp": [10.0, 1.0, 1.0], "k_pid_vsp": [252.3605705318919, 267.37118731680266, 264.13122744545626]}, "datetime": {"datetime": "2025-08-22 03:04:46", "elapsed": 66003.33785557747, "delta": 57.25080227851868}, "costs": {"total_cost": 1721.2587405666459, "time_cost": 150, "final_distance_cost": 45.79996069823662, "oscillation_cost": 459.09235885597667, "completition_cost": 1000.0, "overshoot_cost": 31.211571638410234, "power_cost": 19.588074560546875, "noise_cost": 15.566774813475446, "n_waypoints_completed": 0, "tot_waypoints": 9}}
{"target": -795.6916301184323, "params": {"k_pid_pos": [1.8801411258076897, 0.9084851819198526, 0.2069484682868934], "k_pid_alt": [1.1375036924695763, 0.17632117774452272, 0.8285389250698586], "k_pid_att": [33.61576457868417, 4.674348255687682, 0.046406488667913526], "k_pid_yaw": [0.5, 1e-06, 0.1], "k_pid_hsp": [4.339342082556316, 0.36940532859388675, 0.3362064783219605], "k_pid_vsp": [145.68435627908514, 23.102269074456277, 9.727883829845574]}, "datetime": {"datetime": "2025-08-22 03:05:23", "elapsed": 66040.02133750916, "delta": 36.6834819316864}, "costs": {"total_cost": 795.6916301184323, "time_cost": 150, "final_distance_cost": 77.11049693755614, "oscillation_cost": 141.96618319062273, "completition_cost": 333.33333333333337, "overshoot_cost": 61.040399788092465, "power_cost": 17.299631176757813, "noise_cost": 14.941585692069749, "n_waypoints_completed": 6, "tot_waypoints": 9}}
{"target": -712.3215010112536, "params": {"k_pid_pos": [0.6094435012266164, 0.2961834249423856, 0.11827712003876309], "k_pid_alt": [1.1615945396634058, 0.5191500390848229, 0.4141353648957421], "k_pid_att": [45.1866305486339, 6.63311906856915, 0.0011978629519813432], "k_pid_yaw": [0.5, 1e-06, 0.1], "k_pid_hsp": [4.552437316538506, 1.0, 0.13244525410473412], "k_pid_vsp": [224.1547625634055, 14.249952846715988, 88.95252177767367]}, "datetime": {"datetime": "2025-08-22 03:06:08", "elapsed": 66085.42722678185, "delta": 45.40588927268982}, "costs": {"total_cost": 712.3215010112536, "time_cost": 150, "final_distance_cost": 64.57522255256008, "oscillation_cost": 286.6353049725173, "completition_cost": 111.11111111111116, "overshoot_cost": 52.07333007634184, "power_cost": 26.48570181884766, "noise_cost": 21.44083047987561, "n_waypoints_completed": 8, "tot_waypoints": 9}}
{"target": -440.32518017651404, "params": {"k_pid_pos": [1.8580825385571311, 0.21019849017738557, 0.8636501758762897], "k_pid_alt": [0.06291916209832094, 0.9593640222782647, 0.1868459494884206], "k_pid_att": [46.165178883989896, 9.283744443248866, 0.8740804109419263], "k_pid_yaw": [0.5, 1e-06, 0.1], "k_pid_hsp": [9.15940524717622, 0.44565645912418317, 0.6862750410133214], "k_pid_vsp": [396.6666959575989, 116.45086569230011, 89.20393749641131]}, "datetime": {"datetime": "2025-08-22 03:07:03", "elapsed": 66140.3625972271, "delta": 54.935370445251465}, "costs": {"total_cost": 440.32518017651404, "time_cost": 96.352, "final_distance_cost": 1.7563591730295471, "oscillation_cost": 237.9463770106221, "completition_cost": 0.0, "overshoot_cost": 67.87905285222146, "power_cost": 20.882286535644532, "noise_cost": 15.50910460499635, "n_waypoints_completed": 9, "tot_waypoints": 9}}
{"target": -989.8393524149745, "params": {"k_pid_pos": [2.0, 1.0, 1.0], "k_pid_alt": [2.0, 0.0, 1.0], "k_pid_att": [15.121413012919856, 6.640711355896629, 1.0], "k_pid_yaw": [0.5, 1e-06, 0.1], "k_pid_hsp": [8.526915255522749, 0.0, 0.0], "k_pid_vsp": [48.853281309261874, 348.51206988280865, 138.9267468138629]}, "datetime": {"datetime": "2025-08-22 03:07:45", "elapsed": 66181.73674178123, "delta": 41.374144554138184}, "costs": {"total_cost": 989.8393524149745, "time_cost": 150, "final_distance_cost": 61.47011436292458, "oscillation_cost": 36.14808836990088, "completition_cost": 666.6666666666667, "overshoot_cost": 35.93856893430249, "power_cost": 23.14691717529297, "noise_cost": 16.468996905886886, "n_waypoints_completed": 3, "tot_waypoints": 9}}
{"target": -208.7527647032725, "params": {"k_pid_pos": [2.0, 1.0, 1.0], "k_pid_alt": [2.0, 0.0, 0.0], "k_pid_att": [69.39860625732202, 4.47177894313246, 1.0], "k_pid_yaw": [0.5, 1e-06, 0.1], "k_pid_hsp": [6.83371873230759, 0.0, 0.0], "k_pid_vsp": [368.73261636252874, 342.29692280256955, 69.80482625774363]}, "datetime": {"datetime": "2025-08-22 03:08:30", "elapsed": 66227.15101957321, "delta": 45.41427779197693}, "costs": {"total_cost": 208.7527647032725, "time_cost": 74.624, "final_distance_cost": 1.7392847796253181, "oscillation_cost": 55.06171689689373, "completition_cost": 0.0, "overshoot_cost": 50.475311076443724, "power_cost": 14.790297778320314, "noise_cost": 12.062154171989421, "n_waypoints_completed": 9, "tot_waypoints": 9}}
{"target": -873.2557990182044, "params": {"k_pid_pos": [2.0, 0.0, 1.0], "k_pid_alt": [0.0, 1.0, 0.0], "k_pid_att": [51.39009900161539, 2.0260761808088095, 0.0], "k_pid_yaw": [0.5, 1e-06, 0.1], "k_pid_hsp": [10.0, 1.0, 1.0], "k_pid_vsp": [113.32928527966216, 321.3865994045739, 178.14148763210565]}, "datetime": {"datetime": "2025-08-22 03:09:18", "elapsed": 66274.64012169838, "delta": 47.48910212516785}, "costs": {"total_cost": 873.2557990182044, "time_cost": 150, "final_distance_cost": 70.00308100827891, "oscillation_cost": 324.8101561009502, "completition_cost": 222.2222222222222, "overshoot_cost": 70.0309631787077, "power_cost": 20.154350695800783, "noise_cost": 16.035025812244662, "n_waypoints_completed": 7, "tot_waypoints": 9}}
{"target": -409.76991338329077, "params": {"k_pid_pos": [2.0, 0.0, 1.0], "k_pid_alt": [2.0, 1.0, 1.0], "k_pid_att": [18.288866264004103, 2.9922477900666062, 1.0], "k_pid_yaw": [0.5, 1e-06, 0.1], "k_pid_hsp": [3.570946803678416, 1.0, 1.0], "k_pid_vsp": [337.74160458567826, 325.4095788362883, 12.954874023975611]}, "datetime": {"datetime": "2025-08-22 03:10:08", "elapsed": 66324.45582318306, "delta": 49.815701484680176}, "costs": {"total_cost": 409.76991338329077, "time_cost": 97.688, "final_distance_cost": 1.7558228898648063, "oscillation_cost": 213.22884368810787, "completition_cost": 0.0, "overshoot_cost": 57.12836153827827, "power_cost": 22.27785173339844, "noise_cost": 17.691033533641352, "n_waypoints_completed": 9, "tot_waypoints": 9}}
{"target": -311.72172218725336, "params": {"k_pid_pos": [2.0, 0.0, 1.0], "k_pid_alt": [2.0, 1.0, 0.0], "k_pid_att": [16.945433235231018, 4.3596437522590525, 1.0], "k_pid_yaw": [0.5, 1e-06, 0.1], "k_pid_hsp": [10.0, 1.0, 1.0], "k_pid_vsp": [249.31904443942636, 199.11375578865017, 45.96816666757402]}, "datetime": {"datetime": "2025-08-22 03:10:43", "elapsed": 66359.67832040787, "delta": 35.22249722480774}, "costs": {"total_cost": 311.72172218725336, "time_cost": 80.584, "final_distance_cost": 1.746041893568804, "oscillation_cost": 147.09098150567127, "completition_cost": 0.0, "overshoot_cost": 52.81049325226416, "power_cost": 16.961575695800782, "noise_cost": 12.528629839948346, "n_waypoints_completed": 9, "tot_waypoints": 9}}
{"target": -602.1897652285622, "params": {"k_pid_pos": [2.0, 0.0, 0.0], "k_pid_alt": [0.0, 1.0, 0.0], "k_pid_att": [39.96343803170143, 0.5579392968973369, 1.0], "k_pid_yaw": [0.5, 1e-06, 0.1], "k_pid_hsp": [8.099984440866445, 1.0, 0.0], "k_pid_vsp": [277.25046636241944, 303.04932184268426, 73.50802494179294]}, "datetime": {"datetime": "2025-08-22 03:11:23", "elapsed": 66399.94120836258, "delta": 40.262887954711914}, "costs": {"total_cost": 602.1897652285622, "time_cost": 150, "final_distance_cost": 73.29677664612977, "oscillation_cost": 67.34341636015826, "completition_cost": 222.2222222222222, "overshoot_cost": 59.11430176303819, "power_cost": 17.209157934570314, "noise_cost": 13.003890302443509, "n_waypoints_completed": 7, "tot_waypoints": 9}}
