{"target": -611.989917363225, "params": {"k_pid_pos": [2.0, 1.0, 1.0], "k_pid_alt": [2.0, 0.15672431189075833, 0.0], "k_pid_att": [39.4333870815786, 10.0, 1.0], "k_pid_yaw": [0.5, 1e-06, 0.1], "k_pid_hsp": [10.0, 0.0, 0.23768666401533656], "k_pid_vsp": [312.69423379751737, 46.382544130172434, 58.849390290090454]}, "datetime": {"datetime": "2025-08-22 01:42:28", "elapsed": 61065.18391561508, "delta": 35.62783718109131}, "costs": {"total_cost": 611.989917363225, "time_cost": 150, "final_distance_cost": 47.44795719464756, "oscillation_cost": 215.6796263270196, "completition_cost": 111.11111111111116, "overshoot_cost": 49.89967707173149, "power_cost": 22.120587963867187, "noise_cost": 15.730957694847975, "n_waypoints_completed": 8, "tot_waypoints": 9}}
{"target": -430.20539989126064, "params": {"k_pid_pos": [2.0, 0.0, 1.0], "k_pid_alt": [2.0, 0.0, 0.0], "k_pid_att": [69.10023661316933, 0.0001, 1.0], "k_pid_yaw": [0.5, 1e-06, 0.1], "k_pid_hsp": [10.0, 1.0, 1.0], "k_pid_vsp": [251.50356219360754, 269.1548787703488, 266.02445465629336]}, "datetime": {"datetime": "2025-08-22 01:43:05", "elapsed": 61101.88186407089, "delta": 36.69794845581055}, "costs": {"total_cost": 430.20539989126064, "time_cost": 89.28, "final_distance_cost": 1.7953923633274602, "oscillation_cost": 238.89622381218445, "completition_cost": 0.0, "overshoot_cost": 60.80718698267346, "power_cost": 21.86388739013672, "noise_cost": 17.562709342938536, "n_waypoints_completed": 9, "tot_waypoints": 9}}
{"target": -322.7936722058515, "params": {"k_pid_pos": [2.0, 0.0, 0.0], "k_pid_alt": [2.0, 0.0, 0.0], "k_pid_att": [16.967472747390218, 5.985104986216762, 1.0], "k_pid_yaw": [0.5, 1e-06, 0.1], "k_pid_hsp": [4.86743545861631, 1.0, 1.0], "k_pid_vsp": [384.86498883183833, 251.2524298603249, 123.41211289364452]}, "datetime": {"datetime": "2025-08-22 01:43:35", "elapsed": 61132.01672053337, "delta": 30.134856462478638}, "costs": {"total_cost": 322.7936722058515, "time_cost": 73.312, "final_distance_cost": 1.758747971647272, "oscillation_cost": 164.45140168275788, "completition_cost": 0.0, "overshoot_cost": 51.8112751422761, "power_cost": 18.017118408203125, "noise_cost": 13.443129000967138, "n_waypoints_completed": 9, "tot_waypoints": 9}}
{"target": -358.1809833772084, "params": {"k_pid_pos": [2.0, 0.0, 1.0], "k_pid_alt": [2.0, 1.0, 0.0], "k_pid_att": [33.71998616799788, 0.35177761003607155, 0.8418482138747264], "k_pid_yaw": [0.5, 1e-06, 0.1], "k_pid_hsp": [7.223797222827648, 1.0, 0.15683634224066603], "k_pid_vsp": [97.39164279355734, 66.19855546182389, 32.05046168295681]}, "datetime": {"datetime": "2025-08-22 01:44:12", "elapsed": 61169.01777768135, "delta": 37.001057147979736}, "costs": {"total_cost": 358.1809833772084, "time_cost": 87.688, "final_distance_cost": 1.8173386052344334, "oscillation_cost": 182.06951144953334, "completition_cost": 0.0, "overshoot_cost": 56.399424503256476, "power_cost": 17.070309399414064, "noise_cost": 13.13639941977011, "n_waypoints_completed": 9, "tot_waypoints": 9}}
{"target": -284.9621402163668, "params": {"k_pid_pos": [2.0, 0.0, 0.0], "k_pid_alt": [2.0, 0.9008385840143457, 0.0], "k_pid_att": [12.899787859457414, 4.875128843869909, 1.0], "k_pid_yaw": [0.5, 1e-06, 0.1], "k_pid_hsp": [4.439620931812978, 1.0, 0.9872584284162285], "k_pid_vsp": [170.94442586349166, 345.3301310986518, 113.4055426759068]}, "datetime": {"datetime": "2025-08-22 01:44:52", "elapsed": 61208.52493262291, "delta": 39.50715494155884}, "costs": {"total_cost": 284.9621402163668, "time_cost": 77.512, "final_distance_cost": 1.7794950475079097, "oscillation_cost": 123.35186343916496, "completition_cost": 0.0, "overshoot_cost": 55.61270636245889, "power_cost": 15.275553869628906, "noise_cost": 11.430521497606176, "n_waypoints_completed": 9, "tot_waypoints": 9}}
{"target": -943.0128512118099, "params": {"k_pid_pos": [0.8265676817346044, 0.3161282177005722, 0.5293880287195757], "k_pid_alt": [0.22463648484065635, 0.44851459942770155, 0.857003879237267], "k_pid_att": [31.63554403974782, 2.0408999894349833, 0.4736450350342134], "k_pid_yaw": [0.5, 1e-06, 0.1], "k_pid_hsp": [3.7028914339143175, 0.30017495218077306, 0.4425138571205386], "k_pid_vsp": [163.1322863228521, 17.405499902592044, 8.504647473856423]}, "datetime": {"datetime": "2025-08-22 01:45:29", "elapsed": 61246.22134971619, "delta": 37.69641709327698}, "costs": {"total_cost": 943.0128512118099, "time_cost": 150, "final_distance_cost": 72.81319675009546, "oscillation_cost": 303.2403447367321, "completition_cost": 333.33333333333337, "overshoot_cost": 49.607016641754136, "power_cost": 17.783899963378907, "noise_cost": 16.23505978651595, "n_waypoints_completed": 6, "tot_waypoints": 9}}
{"target": -1153.3824388267838, "params": {"k_pid_pos": [0.8778040898706252, 0.12264211677524306, 0.31353094118605895], "k_pid_alt": [0.25126225599394614, 0.945823291249462, 0.2226088569077539], "k_pid_att": [33.74708695656761, 0.6664348421691378, 0.5009531197082417], "k_pid_yaw": [0.5, 1e-06, 0.1], "k_pid_hsp": [1.3118760334826716, 0.7121925699698711, 0.33769379193456583], "k_pid_vsp": [225.47735988236644, 321.9512811967066, 11.767684889559122]}, "datetime": {"datetime": "2025-08-22 01:46:17", "elapsed": 61294.1828558445, "delta": 47.96150612831116}, "costs": {"total_cost": 1153.3824388267838, "time_cost": 150, "final_distance_cost": 54.00834436779948, "oscillation_cost": 202.5214173496192, "completition_cost": 666.6666666666667, "overshoot_cost": 46.14683239412556, "power_cost": 18.938074157714844, "noise_cost": 15.101103890857658, "n_waypoints_completed": 3, "tot_waypoints": 9}}
{"target": -237.3190730528274, "params": {"k_pid_pos": [0.9344717291994602, 0.507429773214653, 0.437708195529674], "k_pid_alt": [0.43729461428776606, 0.19270266340323916, 0.5076142912888921], "k_pid_att": [9.79913496078051, 4.512932652873825, 0.35752211816789226], "k_pid_yaw": [0.5, 1e-06, 0.1], "k_pid_hsp": [8.496925100181718, 0.8918257265301821, 0.004154622362539606], "k_pid_vsp": [170.24522465905113, 340.9185834149139, 116.19503800617652]}, "datetime": {"datetime": "2025-08-22 01:47:04", "elapsed": 61340.48627638817, "delta": 46.303420543670654}, "costs": {"total_cost": 237.3190730528274, "time_cost": 96.592, "final_distance_cost": 1.766832087226105, "oscillation_cost": 54.28292614913419, "completition_cost": 0.0, "overshoot_cost": 53.6515594581583, "power_cost": 17.722361779785157, "noise_cost": 13.303393578523677, "n_waypoints_completed": 9, "tot_waypoints": 9}}
{"target": -383.9796522419309, "params": {"k_pid_pos": [0.6298236634812978, 0.020339925375734813, 0.6181950903097391], "k_pid_alt": [1.7950140083789012, 0.9900197859947147, 0.9936617222328125], "k_pid_att": [19.078781322406503, 6.630755845933239, 0.9900111167471547], "k_pid_yaw": [0.5, 1e-06, 0.1], "k_pid_hsp": [7.151040617656445, 0.46046450143020456, 0.7869204142841693], "k_pid_vsp": [328.7963959595537, 330.6389503112769, 11.97415727708502]}, "datetime": {"datetime": "2025-08-22 01:47:44", "elapsed": 61380.53626656532, "delta": 40.04999017715454}, "costs": {"total_cost": 383.9796522419309, "time_cost": 87.08800000000001, "final_distance_cost": 1.7817851412689567, "oscillation_cost": 203.9294887217467, "completition_cost": 0.0, "overshoot_cost": 54.62009616474431, "power_cost": 21.016615014648437, "noise_cost": 15.543667199522483, "n_waypoints_completed": 9, "tot_waypoints": 9}}
{"target": -689.4618469959323, "params": {"k_pid_pos": [1.3136086890345804, 0.7850782585774635, 0.2761997178584147], "k_pid_alt": [0.2346475042927585, 0.03322945552907741, 0.11494201669739335], "k_pid_att": [97.95463808130106, 6.177663508655702, 0.30462669554554245], "k_pid_yaw": [0.5, 1e-06, 0.1], "k_pid_hsp": [5.046299015975067, 0.9644821069866246, 0.4829283088344667], "k_pid_vsp": [333.77288605787277, 291.00471735611217, 40.23101445035164]}, "datetime": {"datetime": "2025-08-22 01:48:28", "elapsed": 61425.37758946419, "delta": 44.841322898864746}, "costs": {"total_cost": 689.4618469959323, "time_cost": 150, "final_distance_cost": 73.7650662132833, "oscillation_cost": 160.05542165409267, "completition_cost": 222.2222222222222, "overshoot_cost": 54.807185216515364, "power_cost": 15.742701464843751, "noise_cost": 12.869250224975106, "n_waypoints_completed": 7, "tot_waypoints": 9}}
{"target": -397.64061243684995, "params": {"k_pid_pos": [0.8923039068385072, 0.0768547545002668, 0.9073283464317689], "k_pid_alt": [1.357236479350434, 0.7986145227509728, 0.31856182069917316], "k_pid_att": [18.56085602327934, 8.258145623317084, 0.44805544676076015], "k_pid_yaw": [0.5, 1e-06, 0.1], "k_pid_hsp": [9.73268840237401, 0.6303708200746815, 0.2810709171785679], "k_pid_vsp": [329.50798353419725, 330.7180908390034, 12.306207183220966]}, "datetime": {"datetime": "2025-08-22 01:49:17", "elapsed": 61473.66188645363, "delta": 48.28429698944092}, "costs": {"total_cost": 397.64061243684995, "time_cost": 82.648, "final_distance_cost": 1.8191617886929639, "oscillation_cost": 236.9817107186207, "completition_cost": 0.0, "overshoot_cost": 52.28650935974969, "power_cost": 12.645385876464845, "noise_cost": 11.259844693321769, "n_waypoints_completed": 9, "tot_waypoints": 9}}
{"target": -343.09074826250975, "params": {"k_pid_pos": [2.0, 0.0, 1.0], "k_pid_alt": [2.0, 1.0, 0.0], "k_pid_att": [34.826720657642866, 4.424640981486624, 1.0], "k_pid_yaw": [0.5, 1e-06, 0.1], "k_pid_hsp": [9.470448095047864, 1.0, 1.0], "k_pid_vsp": [180.78713013594867, 202.936079438002, 102.04035539797343]}, "datetime": {"datetime": "2025-08-22 01:50:03", "elapsed": 61519.839522361755, "delta": 46.17763590812683}, "costs": {"total_cost": 343.09074826250975, "time_cost": 81.144, "final_distance_cost": 1.779363487625481, "oscillation_cost": 182.53898217430134, "completition_cost": 0.0, "overshoot_cost": 54.152145624896406, "power_cost": 12.720855444335939, "noise_cost": 10.755401531350643, "n_waypoints_completed": 9, "tot_waypoints": 9}}
{"target": -478.84653829834184, "params": {"k_pid_pos": [2.0, 0.7962464821081388, 1.0], "k_pid_alt": [2.0, 0.20476223430286555, 0.13864833033478613], "k_pid_att": [93.41283071973639, 5.145958181423019, 0.5983236302602157], "k_pid_yaw": [0.5, 1e-06, 0.1], "k_pid_hsp": [5.597054099347096, 0.1012603685324114, 0.0], "k_pid_vsp": [252.38323981834498, 375.6461124088425, 143.59102039900546]}, "datetime": {"datetime": "2025-08-22 01:50:51", "elapsed": 61567.80961847305, "delta": 47.97009611129761}, "costs": {"total_cost": 478.84653829834184, "time_cost": 150, "final_distance_cost": 67.11044577944821, "oscillation_cost": 76.10834991998513, "completition_cost": 111.11111111111116, "overshoot_cost": 44.26584401851411, "power_cost": 16.95197618408203, "noise_cost": 13.298811285201252, "n_waypoints_completed": 8, "tot_waypoints": 9}}
{"target": -1691.3854840325653, "params": {"k_pid_pos": [0.0001, 0.0, 1.0], "k_pid_alt": [0.0, 1.0, 0.0], "k_pid_att": [22.387971680640934, 1.2115865245903101, 0.5706875853061296], "k_pid_yaw": [0.5, 1e-06, 0.1], "k_pid_hsp": [10.0, 0.0, 1.0], "k_pid_vsp": [12.882890327438805, 203.77346782026206, 44.32638117001808]}, "datetime": {"datetime": "2025-08-22 01:51:44", "elapsed": 61621.15504693985, "delta": 53.345428466796875}, "costs": {"total_cost": 1691.3854840325653, "time_cost": 150, "final_distance_cost": 47.76219837119502, "oscillation_cost": 414.07243448123774, "completition_cost": 1000.0, "overshoot_cost": 40.177076321639404, "power_cost": 23.20652751464844, "noise_cost": 16.16724734384489, "n_waypoints_completed": 0, "tot_waypoints": 9}}
{"target": -803.878463411957, "params": {"k_pid_pos": [1.5632615133597267, 1.0, 0.34117368490631733], "k_pid_alt": [2.0, 1.0, 0.16851318846155391], "k_pid_att": [64.92679737150857, 1.266308629988143, 0.43520830338207095], "k_pid_yaw": [0.5, 1e-06, 0.1], "k_pid_hsp": [4.099683781208772, 0.6655858709897581, 0.27165555516901485], "k_pid_vsp": [318.15039323143304, 255.6472514553986, 66.09978027627318]}, "datetime": {"datetime": "2025-08-22 01:52:24", "elapsed": 61661.34322428703, "delta": 40.18817734718323}, "costs": {"total_cost": 803.878463411957, "time_cost": 150, "final_distance_cost": 73.27150686728709, "oscillation_cost": 140.2393442169818, "completition_cost": 333.33333333333337, "overshoot_cost": 64.44878731158981, "power_cost": 24.217749243164064, "noise_cost": 18.367742439600715, "n_waypoints_completed": 6, "tot_waypoints": 9}}
{"target": -1126.1924941861616, "params": {"k_pid_pos": [0.2748727226229703, 0.6128160847207238, 0.18311735367593196], "k_pid_alt": [0.5524225029144967, 0.3087413361915595, 0.3080437570640232], "k_pid_att": [11.657932760067236, 3.695364945178554, 0.5004776240442245], "k_pid_yaw": [0.5, 1e-06, 0.1], "k_pid_hsp": [2.5309779590937542, 0.9552841773760382, 0.5169261793303657], "k_pid_vsp": [168.30161856803235, 347.5867249165959, 121.98071829596314]}, "datetime": {"datetime": "2025-08-22 01:53:06", "elapsed": 61702.580376148224, "delta": 41.237151861190796}, "costs": {"total_cost": 1126.1924941861616, "time_cost": 150, "final_distance_cost": 58.08908520198924, "oscillation_cost": 160.73396656260047, "completition_cost": 666.6666666666667, "overshoot_cost": 45.42241129299716, "power_cost": 25.604850976562503, "noise_cost": 19.67551348534534, "n_waypoints_completed": 3, "tot_waypoints": 9}}
{"target": -381.5821166658945, "params": {"k_pid_pos": [1.8976140888597846, 0.5797446367111138, 0.18341796919422204], "k_pid_alt": [1.112922425867002, 0.02982450254675917, 0.9538104578389206], "k_pid_att": [18.38742584280436, 6.913854665578156, 0.08270839323070467], "k_pid_yaw": [0.5, 1e-06, 0.1], "k_pid_hsp": [7.652862496283904, 0.8703530243252262, 0.900957666144225], "k_pid_vsp": [331.765536639828, 329.3971622167665, 19.221473473506844]}, "datetime": {"datetime": "2025-08-22 01:53:37", "elapsed": 61734.09019970894, "delta": 31.50982356071472}, "costs": {"total_cost": 381.5821166658945, "time_cost": 87.4, "final_distance_cost": 1.7389053829910928, "oscillation_cost": 201.4269280225891, "completition_cost": 0.0, "overshoot_cost": 56.48196865632068, "power_cost": 19.377402099609377, "noise_cost": 15.156912504384227, "n_waypoints_completed": 9, "tot_waypoints": 9}}
{"target": -374.76314385075824, "params": {"k_pid_pos": [2.0, 0.0, 1.0], "k_pid_alt": [2.0, 0.0, 0.0], "k_pid_att": [81.43150703376806, 0.0001, 1.0], "k_pid_yaw": [0.5, 1e-06, 0.1], "k_pid_hsp": [10.0, 0.0, 1.0], "k_pid_vsp": [362.66505959236946, 371.62182246723165, 216.00984463695477]}, "datetime": {"datetime": "2025-08-22 01:54:34", "elapsed": 61791.21293759346, "delta": 57.122737884521484}, "costs": {"total_cost": 374.76314385075824, "time_cost": 77.856, "final_distance_cost": 1.8335600865425443, "oscillation_cost": 211.90081781266773, "completition_cost": 0.0, "overshoot_cost": 53.26647471782185, "power_cost": 16.799521118164062, "noise_cost": 13.106770115562096, "n_waypoints_completed": 9, "tot_waypoints": 9}}
{"target": -242.837190701564, "params": {"k_pid_pos": [1.693957042916583, 0.5464386367128092, 0.3612454494917442], "k_pid_alt": [1.3153818782076543, 0.367003967960534, 0.5537281189905202], "k_pid_att": [20.6498113413232, 6.553695075851579, 0.847791145206721], "k_pid_yaw": [0.5, 1e-06, 0.1], "k_pid_hsp": [3.428494277997121, 0.15329657394158935, 0.024928903768190236], "k_pid_vsp": [378.0452518522989, 257.6389060226784, 122.66633047815108]}, "datetime": {"datetime": "2025-08-22 01:55:18", "elapsed": 61835.38238096237, "delta": 44.16944336891174}, "costs": {"total_cost": 242.837190701564, "time_cost": 91.392, "final_distance_cost": 1.7794944588067338, "oscillation_cost": 64.86440625673403, "completition_cost": 0.0, "overshoot_cost": 54.07147598918501, "power_cost": 17.694532373046876, "noise_cost": 13.035281623791333, "n_waypoints_completed": 9, "tot_waypoints": 9}}
{"target": -338.4059782369878, "params": {"k_pid_pos": [2.0, 0.0, 0.0], "k_pid_alt": [2.0, 0.035370009148318365, 1.0], "k_pid_att": [48.89459356479373, 0.6385643708527791, 0.0], "k_pid_yaw": [0.5, 1e-06, 0.1], "k_pid_hsp": [10.0, 0.25686771917095697, 0.0], "k_pid_vsp": [110.25165117495825, 321.02179099225924, 179.21326031420548]}, "datetime": {"datetime": "2025-08-22 01:55:50", "elapsed": 61867.08182144165, "delta": 31.699440479278564}, "costs": {"total_cost": 338.4059782369878, "time_cost": 78.136, "final_distance_cost": 1.7789923444022413, "oscillation_cost": 175.223916018378, "completition_cost": 0.0, "overshoot_cost": 56.31582592555053, "power_cost": 14.925505212402344, "noise_cost": 12.025738736254647, "n_waypoints_completed": 9, "tot_waypoints": 9}}
{"target": -421.67217709625095, "params": {"k_pid_pos": [0.737512052737046, 0.10282289747770645, 0.5932345574055421], "k_pid_alt": [1.2211531965556437, 0.9441678188070054, 0.555347655715996], "k_pid_att": [34.475496069182356, 8.061295372887317, 0.77703228103917], "k_pid_yaw": [0.5, 1e-06, 0.1], "k_pid_hsp": [4.280466494422963, 0.6849374761142929, 0.7468779564135222], "k_pid_vsp": [50.87444641999497, 301.456010235316, 55.88076578656017]}, "datetime": {"datetime": "2025-08-22 01:56:26", "elapsed": 61902.97495317459, "delta": 35.893131732940674}, "costs": {"total_cost": 421.67217709625095, "time_cost": 89.288, "final_distance_cost": 1.79679528012721, "oscillation_cost": 239.19851681575554, "completition_cost": 0.0, "overshoot_cost": 55.1639182931339, "power_cost": 20.948805908203127, "noise_cost": 15.276140799031175, "n_waypoints_completed": 9, "tot_waypoints": 9}}
{"target": -1294.3918353343176, "params": {"k_pid_pos": [0.0001, 1.0, 1.0], "k_pid_alt": [0.0, 1.0, 0.0], "k_pid_att": [72.56213684875263, 0.0001, 1.0], "k_pid_yaw": [0.5, 1e-06, 0.1], "k_pid_hsp": [8.905152232240303, 0.0, 0.0], "k_pid_vsp": [174.76671167101017, 150.8447225745508, 64.05455392479274]}, "datetime": {"datetime": "2025-08-22 01:57:02", "elapsed": 61939.33314156532, "delta": 36.35818839073181}, "costs": {"total_cost": 1294.3918353343176, "time_cost": 150, "final_distance_cost": 70.13584551986118, "oscillation_cost": 94.31785384383427, "completition_cost": 888.8888888888888, "overshoot_cost": 47.18197724190073, "power_cost": 25.856661950683595, "noise_cost": 18.010607889148922, "n_waypoints_completed": 1, "tot_waypoints": 9}}
{"target": -616.9565186276579, "params": {"k_pid_pos": [1.3253829023045398, 0.9645505833867882, 0.7396135703982648], "k_pid_alt": [1.3840900230435311, 0.7852148909263156, 0.362814346677634], "k_pid_att": [27.92215700710604, 3.5942528589414073, 0.47890487612613786], "k_pid_yaw": [0.5, 1e-06, 0.1], "k_pid_hsp": [8.0762159711358, 0.4268681724349551, 0.8459489326109613], "k_pid_vsp": [218.77214779598413, 396.6738494246034, 189.050911545469]}, "datetime": {"datetime": "2025-08-22 01:57:40", "elapsed": 61976.68527460098, "delta": 37.35213303565979}, "costs": {"total_cost": 616.9565186276579, "time_cost": 150, "final_distance_cost": 65.7940488232198, "oscillation_cost": 200.0117121899081, "completition_cost": 111.11111111111116, "overshoot_cost": 53.848115343623114, "power_cost": 20.44592244873047, "noise_cost": 15.745608711065277, "n_waypoints_completed": 8, "tot_waypoints": 9}}
{"target": -890.6867550894945, "params": {"k_pid_pos": [1.253985890475822, 0.47181530611703426, 0.99869870468729], "k_pid_alt": [1.9392278201644595, 0.09303078280991628, 0.10484357432370994], "k_pid_att": [26.566949159629893, 4.736299470988723, 0.008017208836576306], "k_pid_yaw": [0.5, 1e-06, 0.1], "k_pid_hsp": [8.928490108580815, 0.9231577164017711, 0.48408476767516007], "k_pid_vsp": [6.687968873050876, 210.94670422100515, 43.72199812230708]}, "datetime": {"datetime": "2025-08-22 01:58:18", "elapsed": 62014.59487986565, "delta": 37.909605264663696}, "costs": {"total_cost": 890.6867550894945, "time_cost": 150, "final_distance_cost": 64.90361452491585, "oscillation_cost": 354.338575963769, "completition_cost": 222.2222222222222, "overshoot_cost": 48.36963574220772, "power_cost": 30.50451550292969, "noise_cost": 20.348191133449916, "n_waypoints_completed": 7, "tot_waypoints": 9}}
{"target": -793.7773184299655, "params": {"k_pid_pos": [2.0, 0.8252557305970462, 0.0], "k_pid_alt": [2.0, 1.0, 0.5081665623057475], "k_pid_att": [65.96049846643966, 7.324290258419906, 1.0], "k_pid_yaw": [0.5, 1e-06, 0.1], "k_pid_hsp": [10.0, 0.07873347908138417, 0.0], "k_pid_vsp": [260.69881711243795, 234.74730291039424, 164.3686935101474]}, "datetime": {"datetime": "2025-08-22 01:58:55", "elapsed": 62051.96633720398, "delta": 37.37145733833313}, "costs": {"total_cost": 793.7773184299655, "time_cost": 150, "final_distance_cost": 55.91728617256856, "oscillation_cost": 53.88860042281025, "completition_cost": 444.4444444444444, "overshoot_cost": 47.876769337566174, "power_cost": 23.828504516601562, "noise_cost": 17.82171353597448, "n_waypoints_completed": 5, "tot_waypoints": 9}}
{"target": -965.0311585010744, "params": {"k_pid_pos": [0.1892214087462711, 0.8476016140445378, 0.14024861312590775], "k_pid_alt": [1.9559971334432475, 0.8034950769160557, 0.4626585090651283], "k_pid_att": [31.665263382612384, 8.850447439405874, 0.3721760096185751], "k_pid_yaw": [0.5, 1e-06, 0.1], "k_pid_hsp": [7.629796458813705, 0.48468470409861475, 0.6542892570291383], "k_pid_vsp": [337.36643378556886, 209.1778832419072, 30.543260194064484]}, "datetime": {"datetime": "2025-08-22 01:59:31", "elapsed": 62088.42980957031, "delta": 36.46347236633301}, "costs": {"total_cost": 965.0311585010744, "time_cost": 150, "final_distance_cost": 36.33445252490798, "oscillation_cost": 124.72211225771291, "completition_cost": 555.5555555555555, "overshoot_cost": 53.30381914001537, "power_cost": 26.530042614746094, "noise_cost": 18.58517640813644, "n_waypoints_completed": 4, "tot_waypoints": 9}}
