{"target": -1381.0833860391695, "params": {"k_pid_pos": [0.29381080171745466, 0.6798383489020446, 0.46863303153330993], "k_pid_alt": [0.267425607978411, 0.4521257266831844, 0.2552478233194352], "k_pid_att": [53.861121146662484, 8.088209674576172, 0.8375034585385919], "k_pid_yaw": [0.5, 1e-06, 0.1], "k_pid_hsp": [7.097646030656469, 0.1334833265308366, 0.5282874273887159], "k_pid_vsp": [228.40873100929832, 203.5946858160557, 225.21774206419823]}, "datetime": {"datetime": "2025-08-21 16:10:48", "elapsed": 26764.653877973557, "delta": 27.254560232162476}, "costs": {"total_cost": 1381.0833860391695, "time_cost": 150, "final_distance_cost": 71.08680823078686, "oscillation_cost": 258.40149532455587, "completition_cost": 777.7777777777778, "overshoot_cost": 66.33365776107843, "power_cost": 30.520887145996095, "noise_cost": 26.962759798974353, "n_waypoints_completed": 2, "tot_waypoints": 9}}
{"target": -1859.9717241988126, "params": {"k_pid_pos": [1.105641598439133, 0.4584304120185194, 0.15941314091342906], "k_pid_alt": [1.3047561371900018, 0.9067833469992923, 0.1562272041586804], "k_pid_att": [17.89836793023305, 3.4943000322863296, 0.10825838617137629], "k_pid_yaw": [0.5, 1e-06, 0.1], "k_pid_hsp": [8.927571209808026, 0.9634100190011329, 0.25988423422812656], "k_pid_vsp": [101.49267073041473, 340.2005138424441, 363.1451065404189]}, "datetime": {"datetime": "2025-08-21 16:11:15", "elapsed": 26792.369961738586, "delta": 27.716083765029907}, "costs": {"total_cost": 1859.9717241988126, "time_cost": 150, "final_distance_cost": 1.0042820414258098, "oscillation_cost": 483.98800152896337, "completition_cost": 1000.0, "overshoot_cost": 135.7535951450787, "power_cost": 20.917358898925784, "noise_cost": 68.30848658441884, "n_waypoints_completed": 0, "tot_waypoints": 9}}
{"target": -1519.3971508557654, "params": {"k_pid_pos": [1.222307148544542, 0.015341674500337299, 0.26633183542168926], "k_pid_alt": [1.706407370517223, 0.5399497219929634, 0.7400161244541115], "k_pid_att": [73.67739066839802, 4.861641960044649, 0.8526869043202246], "k_pid_yaw": [0.5, 1e-06, 0.1], "k_pid_hsp": [9.061435768168908, 0.2414701005149016, 0.1962338916738201], "k_pid_vsp": [133.63927536156473, 250.0026886069377, 299.91226573268926]}, "datetime": {"datetime": "2025-08-21 16:11:43", "elapsed": 26820.180258989334, "delta": 27.81029725074768}, "costs": {"total_cost": 1519.3971508557654, "time_cost": 150, "final_distance_cost": 118.77580362298741, "oscillation_cost": 353.18170474713327, "completition_cost": 777.7777777777778, "overshoot_cost": 84.70863388791997, "power_cost": 19.130182446289062, "noise_cost": 15.823048373657938, "n_waypoints_completed": 2, "tot_waypoints": 9}}
{"target": -1196.6532683943403, "params": {"k_pid_pos": [0.27854913845819695, 0.13861232803202828, 0.7413068615187682], "k_pid_alt": [1.5774226320813831, 0.25120524238577946, 0.4076392183274756], "k_pid_att": [86.4316313511304, 1.2049941109628501, 0.06850666358518853], "k_pid_yaw": [0.5, 1e-06, 0.1], "k_pid_hsp": [2.9108576439467018, 0.3140562335243624, 0.6650464934263972], "k_pid_vsp": [264.78671606165074, 265.8417574264669, 49.49565270854952]}, "datetime": {"datetime": "2025-08-21 16:12:10", "elapsed": 26847.14495563507, "delta": 26.964696645736694}, "costs": {"total_cost": 1196.6532683943403, "time_cost": 150, "final_distance_cost": 46.86347347156588, "oscillation_cost": 357.3909532856682, "completition_cost": 555.5555555555555, "overshoot_cost": 46.35764329795707, "power_cost": 23.22536131591797, "noise_cost": 17.26028146767566, "n_waypoints_completed": 4, "tot_waypoints": 9}}
{"target": -951.2756396383587, "params": {"k_pid_pos": [0.7699911417818327, 0.013413594010916352, 0.7790975228294348], "k_pid_alt": [1.2084076026357777, 0.3084611163228155, 0.4804975707312138], "k_pid_att": [63.84501087026929, 8.455182687605049, 0.5562568069821511], "k_pid_yaw": [0.5, 1e-06, 0.1], "k_pid_hsp": [1.0627020589328544, 0.8173289378043078, 0.6738329680917726], "k_pid_vsp": [347.34137869328214, 153.58533870303597, 107.35711631839958]}, "datetime": {"datetime": "2025-08-21 16:12:38", "elapsed": 26875.16146159172, "delta": 28.01650595664978}, "costs": {"total_cost": 951.2756396383587, "time_cost": 150, "final_distance_cost": 76.37678278749657, "oscillation_cost": 307.8689877545696, "completition_cost": 333.33333333333337, "overshoot_cost": 47.12935520004161, "power_cost": 20.787183740234376, "noise_cost": 15.779996822683247, "n_waypoints_completed": 6, "tot_waypoints": 9}}
{"target": -846.8989100944569, "params": {"k_pid_pos": [0.9198953675145844, 0.9661888432751822, 0.7150325499985325], "k_pid_alt": [1.8111142304279448, 0.29728402147788047, 0.32195014046324677], "k_pid_att": [20.426851379806475, 0.0065042692002612494, 0.21372462943931314], "k_pid_yaw": [0.5, 1e-06, 0.1], "k_pid_hsp": [3.9171981079274043, 0.11374257305698476, 0.6123900427256865], "k_pid_vsp": [166.25876776314087, 338.1350187212842, 137.1562984771092]}, "datetime": {"datetime": "2025-08-21 16:13:06", "elapsed": 26903.11449122429, "delta": 27.95302963256836}, "costs": {"total_cost": 846.8989100944569, "time_cost": 150, "final_distance_cost": 72.3624828965095, "oscillation_cost": 198.21873773655852, "completition_cost": 333.33333333333337, "overshoot_cost": 56.66047702216851, "power_cost": 21.09060515136719, "noise_cost": 15.233273954519813, "n_waypoints_completed": 6, "tot_waypoints": 9}}
{"target": -1020.2516857215647, "params": {"k_pid_pos": [0.18012783356470818, 0.6583555645729202, 0.06000690858065849], "k_pid_alt": [1.287795253328374, 0.8995417108913356, 0.6006765659572846], "k_pid_att": [95.13034323027267, 2.3373368838716506, 0.12884571886738472], "k_pid_yaw": [0.5, 1e-06, 0.1], "k_pid_hsp": [9.008425016094247, 0.05539388304030324, 0.7988647498936293], "k_pid_vsp": [338.6113289918104, 386.0448840555403, 21.74561319881505]}, "datetime": {"datetime": "2025-08-21 16:13:34", "elapsed": 26930.970833301544, "delta": 27.85634207725525}, "costs": {"total_cost": 1020.2516857215647, "time_cost": 150, "final_distance_cost": 41.73080309526448, "oscillation_cost": 191.005895329587, "completition_cost": 555.5555555555555, "overshoot_cost": 45.83084273444053, "power_cost": 19.644853015136718, "noise_cost": 16.48373599158037, "n_waypoints_completed": 4, "tot_waypoints": 9}}
{"target": -607.6576976724766, "params": {"k_pid_pos": [1.9247291598636467, 0.5080676422708214, 0.7496471620913754], "k_pid_alt": [1.4679264711269249, 0.6777851835292271, 0.3671423720938324], "k_pid_att": [7.96605688525851, 3.2927027221529483, 0.08821240964859889], "k_pid_yaw": [0.5, 1e-06, 0.1], "k_pid_hsp": [8.3889986390456, 0.9796595265981956, 0.16109392692842894], "k_pid_vsp": [377.08004698347236, 266.6179513028166, 244.4463167172513]}, "datetime": {"datetime": "2025-08-21 16:14:02", "elapsed": 26958.648100852966, "delta": 27.67726755142212}, "costs": {"total_cost": 607.6576976724766, "time_cost": 150, "final_distance_cost": 9.99416002607568, "oscillation_cost": 244.51292789637367, "completition_cost": 111.11111111111116, "overshoot_cost": 62.045221991570365, "power_cost": 17.401811779785156, "noise_cost": 12.592464867560523, "n_waypoints_completed": 8, "tot_waypoints": 9}}
{"target": -684.4423249239893, "params": {"k_pid_pos": [1.256274939290756, 0.31812473110381045, 0.22259711665888615], "k_pid_alt": [1.800299117823901, 0.46268555465916816, 0.977095434799591], "k_pid_att": [33.583429767289275, 7.081125450527096, 0.1377810318688154], "k_pid_yaw": [0.5, 1e-06, 0.1], "k_pid_hsp": [2.425185261728865, 0.7000196455484239, 0.6936936581982698], "k_pid_vsp": [96.72076216628982, 245.90670245982352, 30.973206253759088]}, "datetime": {"datetime": "2025-08-21 16:14:30", "elapsed": 26986.684320688248, "delta": 28.036219835281372}, "costs": {"total_cost": 684.4423249239893, "time_cost": 150, "final_distance_cost": 67.17371281441075, "oscillation_cost": 160.77486877069816, "completition_cost": 222.2222222222222, "overshoot_cost": 53.04815608664839, "power_cost": 17.4944162109375, "noise_cost": 13.728948819072246, "n_waypoints_completed": 7, "tot_waypoints": 9}}
{"target": -1441.7622749144407, "params": {"k_pid_pos": [0.079348761773564, 0.677703265661567, 0.03980809608087854], "k_pid_alt": [0.29304878181842553, 0.7150175655967368, 0.6012994014543528], "k_pid_att": [23.777311502103093, 5.539143438239834, 0.7052548537212073], "k_pid_yaw": [0.5, 1e-06, 0.1], "k_pid_hsp": [4.020493966601215, 0.8623413935969189, 0.411923387268918], "k_pid_vsp": [58.113252631972045, 291.10328691059186, 256.9608923295682]}, "datetime": {"datetime": "2025-08-21 16:14:58", "elapsed": 27015.291818380356, "delta": 28.607497692108154}, "costs": {"total_cost": 1441.7622749144407, "time_cost": 150, "final_distance_cost": 8.569127911180079, "oscillation_cost": 104.00549323353621, "completition_cost": 1000.0, "overshoot_cost": 115.58098207372674, "power_cost": 21.81108818359375, "noise_cost": 41.79558351240394, "n_waypoints_completed": 0, "tot_waypoints": 9}}
{"target": -1921.4801773659112, "params": {"k_pid_pos": [1.0191190938832382, 0.38129895676556624, 0.5096208162159109], "k_pid_alt": [1.3744465081062747, 0.21441791085541162, 0.6680056470789273], "k_pid_att": [99.14835633030344, 7.338886336996904, 0.10457660808611624], "k_pid_yaw": [0.5, 1e-06, 0.1], "k_pid_hsp": [5.707218667480248, 0.9248339692376121, 0.3788487235047612], "k_pid_vsp": [4.994894697921959, 214.81823869398025, 188.07914251545472]}, "datetime": {"datetime": "2025-08-21 16:15:26", "elapsed": 27042.920557498932, "delta": 27.62873911857605}, "costs": {"total_cost": 1921.4801773659112, "time_cost": 150, "final_distance_cost": 237.6817027219284, "oscillation_cost": 401.31694914071807, "completition_cost": 888.8888888888888, "overshoot_cost": 208.1069625989758, "power_cost": 19.541279333496096, "noise_cost": 15.944394681904223, "n_waypoints_completed": 1, "tot_waypoints": 9}}
{"target": -1253.8411149680137, "params": {"k_pid_pos": [0.31281868315535255, 0.8129131006222168, 0.4297903679768278], "k_pid_alt": [0.931285469330827, 0.4291867637192518, 0.8512965500654963], "k_pid_att": [13.232652667726496, 2.988808147899132, 0.40054330851846853], "k_pid_yaw": [0.5, 1e-06, 0.1], "k_pid_hsp": [0.5804326558221474, 0.9645355522770085, 0.7160711973825336], "k_pid_vsp": [262.92410607094024, 128.29884321921645, 53.870385544088116]}, "datetime": {"datetime": "2025-08-21 16:15:53", "elapsed": 27070.409041404724, "delta": 27.488483905792236}, "costs": {"total_cost": 1253.8411149680137, "time_cost": 150, "final_distance_cost": 63.16306347452319, "oscillation_cost": 258.92755208295193, "completition_cost": 666.6666666666667, "overshoot_cost": 68.8823636818441, "power_cost": 26.208987353515628, "noise_cost": 19.992481708512358, "n_waypoints_completed": 3, "tot_waypoints": 9}}
{"target": -1314.7477402600846, "params": {"k_pid_pos": [0.41475566274965925, 0.6582685866876166, 0.7884450642371186], "k_pid_alt": [0.6755674130096367, 0.08553253461868282, 0.7226682668643876], "k_pid_att": [96.333833535418, 0.46678051324394515, 0.5737120925799375], "k_pid_yaw": [0.5, 1e-06, 0.1], "k_pid_hsp": [6.949319474307528, 0.947359677642508, 0.35977758424288653], "k_pid_vsp": [23.31298003041691, 60.90105934389266, 49.59137850163862]}, "datetime": {"datetime": "2025-08-21 16:16:23", "elapsed": 27100.240797042847, "delta": 29.83175563812256}, "costs": {"total_cost": 1314.7477402600846, "time_cost": 150, "final_distance_cost": 84.35576131327072, "oscillation_cost": 328.4228396706548, "completition_cost": 666.6666666666667, "overshoot_cost": 50.874559511822866, "power_cost": 18.702276208496095, "noise_cost": 15.725636889173385, "n_waypoints_completed": 3, "tot_waypoints": 9}}
{"target": -1523.109609527579, "params": {"k_pid_pos": [0.3698109138490155, 0.39054161941605725, 0.9624447730179048], "k_pid_alt": [1.5973707335135834, 0.3769077297707685, 0.696795244699883], "k_pid_att": [3.2211125952432473, 0.8769893865091225, 0.20628993316691902], "k_pid_yaw": [0.5, 1e-06, 0.1], "k_pid_hsp": [6.304906968151956, 0.795221943137524, 0.43004711826699793], "k_pid_vsp": [183.1407650647211, 135.91603463289974, 336.8210246133301]}, "datetime": {"datetime": "2025-08-21 16:16:53", "elapsed": 27129.721443414688, "delta": 29.48064637184143}, "costs": {"total_cost": 1523.109609527579, "time_cost": 150, "final_distance_cost": 51.60154107002302, "oscillation_cost": 240.61583688764358, "completition_cost": 888.8888888888888, "overshoot_cost": 112.64821889222634, "power_cost": 24.89270684814453, "noise_cost": 54.462416940652616, "n_waypoints_completed": 1, "tot_waypoints": 9}}
{"target": -753.0468509588114, "params": {"k_pid_pos": [1.5657820814790728, 0.6926888748080388, 0.2523277032006307], "k_pid_alt": [1.3075233511799254, 0.41400569054252423, 0.9797289772710346], "k_pid_att": [32.56705399482461, 7.555511223540102, 0.9219945345430799], "k_pid_yaw": [0.5, 1e-06, 0.1], "k_pid_hsp": [0.44866290986891494, 0.991511723493667, 0.4136528420500878], "k_pid_vsp": [122.6788587162392, 152.9807834041966, 81.70382876340436]}, "datetime": {"datetime": "2025-08-21 16:17:20", "elapsed": 27157.20137500763, "delta": 27.479931592941284}, "costs": {"total_cost": 753.0468509588114, "time_cost": 150, "final_distance_cost": 71.56040112896423, "oscillation_cost": 98.02603566152673, "completition_cost": 333.33333333333337, "overshoot_cost": 64.91908177825331, "power_cost": 20.193491772460938, "noise_cost": 15.014507284273014, "n_waypoints_completed": 6, "tot_waypoints": 9}}
{"target": -993.8830395718682, "params": {"k_pid_pos": [1.306830221822174, 0.633821710542762, 0.3629868417810299], "k_pid_alt": [0.4627163896876374, 0.2848746936701009, 0.18357920339287803], "k_pid_att": [71.03378139631893, 5.26886827005329, 0.16882002814990704], "k_pid_yaw": [0.5, 1e-06, 0.1], "k_pid_hsp": [2.3457527595261225, 0.7788466100634779, 0.6408439736503878], "k_pid_vsp": [325.3554768036166, 36.85997369400878, 224.1428626582921]}, "datetime": {"datetime": "2025-08-21 16:17:48", "elapsed": 27184.6215801239, "delta": 27.420205116271973}, "costs": {"total_cost": 993.8830395718682, "time_cost": 150, "final_distance_cost": 39.789324136623655, "oscillation_cost": 151.1100037796778, "completition_cost": 555.5555555555555, "overshoot_cost": 54.060568630918425, "power_cost": 25.369295434570315, "noise_cost": 17.998292034522468, "n_waypoints_completed": 4, "tot_waypoints": 9}}
{"target": -1642.2215365281354, "params": {"k_pid_pos": [0.7799729496331345, 0.02031564276164266, 0.958063425887085], "k_pid_alt": [0.7389232881173331, 0.8152351400518394, 0.6937729970587448], "k_pid_att": [54.97108023274628, 6.396712844532216, 0.0162418072284769], "k_pid_yaw": [0.5, 1e-06, 0.1], "k_pid_hsp": [0.1454108553452958, 0.6681961103826045, 0.342683967113923], "k_pid_vsp": [383.32611106562774, 198.6376683376247, 322.9441964496832]}, "datetime": {"datetime": "2025-08-21 16:18:19", "elapsed": 27216.390837669373, "delta": 31.76925754547119}, "costs": {"total_cost": 1642.2215365281354, "time_cost": 150, "final_distance_cost": 66.9396541804908, "oscillation_cost": 465.29199677629947, "completition_cost": 888.8888888888888, "overshoot_cost": 36.420337112669614, "power_cost": 19.3537365234375, "noise_cost": 15.326923046349277, "n_waypoints_completed": 1, "tot_waypoints": 9}}
{"target": -1305.9275377230385, "params": {"k_pid_pos": [0.518875916506808, 0.9369773498877398, 0.008887540408483052], "k_pid_alt": [0.19772727383775868, 0.8000357280995154, 0.9362840611404083], "k_pid_att": [47.9473489023979, 9.072988697433193, 0.1761721064451509], "k_pid_yaw": [0.5, 1e-06, 0.1], "k_pid_hsp": [5.8436131421749025, 0.10326854410046638, 0.18194338636547325], "k_pid_vsp": [313.8501929711948, 89.63401149334062, 239.87116604352843]}, "datetime": {"datetime": "2025-08-21 16:18:47", "elapsed": 27244.41756606102, "delta": 28.02672839164734}, "costs": {"total_cost": 1305.9275377230385, "time_cost": 150, "final_distance_cost": 71.48432578920546, "oscillation_cost": 108.73009322420424, "completition_cost": 888.8888888888888, "overshoot_cost": 51.98775680070969, "power_cost": 20.135715771484374, "noise_cost": 14.700757248545898, "n_waypoints_completed": 1, "tot_waypoints": 9}}
{"target": -1023.3085952795243, "params": {"k_pid_pos": [0.2757487139510323, 0.7927152982123018, 0.3287171494564681], "k_pid_alt": [0.8459282853230938, 0.6643400785263611, 0.2311008969131889], "k_pid_att": [20.59649225734389, 1.7451405969975373, 0.12248163310076843], "k_pid_yaw": [0.5, 1e-06, 0.1], "k_pid_hsp": [5.3398653250831805, 0.5240023757095684, 0.5287046130304276], "k_pid_vsp": [397.3813871486404, 264.31746168561915, 149.76444026220798]}, "datetime": {"datetime": "2025-08-21 16:19:15", "elapsed": 27272.40200471878, "delta": 27.98443865776062}, "costs": {"total_cost": 1023.3085952795243, "time_cost": 150, "final_distance_cost": 44.754691253676356, "oscillation_cost": 197.80448130308827, "completition_cost": 555.5555555555555, "overshoot_cost": 43.37787876946726, "power_cost": 17.505513696289064, "noise_cost": 14.310474701447738, "n_waypoints_completed": 4, "tot_waypoints": 9}}
{"target": -680.625090912678, "params": {"k_pid_pos": [1.8138370924449296, 0.6885202657626184, 0.8933224815353314], "k_pid_alt": [0.39328058480392536, 0.2020919184934683, 0.9904114943215292], "k_pid_att": [68.30479965255829, 6.282934116527237, 0.795678365166199], "k_pid_yaw": [0.5, 1e-06, 0.1], "k_pid_hsp": [9.393728008022187, 0.3045406494817555, 0.554790876487256], "k_pid_vsp": [120.12435448013679, 353.34891278634205, 53.943231906373875]}, "datetime": {"datetime": "2025-08-21 16:19:50", "elapsed": 27306.996474266052, "delta": 34.59446954727173}, "costs": {"total_cost": 680.625090912678, "time_cost": 150, "final_distance_cost": 52.53288357451626, "oscillation_cost": 271.47526444367674, "completition_cost": 111.11111111111116, "overshoot_cost": 52.54166481837238, "power_cost": 25.05754782714844, "noise_cost": 17.90661913785302, "n_waypoints_completed": 8, "tot_waypoints": 9}}
{"target": -888.2030557700639, "params": {"k_pid_pos": [1.7761479537108469, 0.6075801368595889, 0.3758121484395074], "k_pid_alt": [0.08056783771763798, 0.3341853852037898, 0.6307493355756207], "k_pid_att": [74.30076051404758, 9.835974609619065, 0.52968249453569], "k_pid_yaw": [0.5, 1e-06, 0.1], "k_pid_hsp": [6.1237062996125955, 0.4657146219993199, 0.9074337418889605], "k_pid_vsp": [345.39469002120796, 188.53011261623405, 139.38278926513428]}, "datetime": {"datetime": "2025-08-21 16:20:17", "elapsed": 27334.31586408615, "delta": 27.319389820098877}, "costs": {"total_cost": 888.2030557700639, "time_cost": 150, "final_distance_cost": 67.34989950268124, "oscillation_cost": 236.90589271960343, "completition_cost": 333.33333333333337, "overshoot_cost": 59.36281374875353, "power_cost": 24.183075061035158, "noise_cost": 17.0680414046572, "n_waypoints_completed": 6, "tot_waypoints": 9}}
{"target": -966.8394534907039, "params": {"k_pid_pos": [0.41571177302861223, 0.4981313522869978, 0.4094946623964827], "k_pid_alt": [1.4989248081358981, 0.41759229396990705, 0.8884287149761949], "k_pid_att": [99.5419004281405, 6.702185524856335, 0.6520206076959456], "k_pid_yaw": [0.5, 1e-06, 0.1], "k_pid_hsp": [6.754982778217782, 0.8554625975329244, 0.43169674944084246], "k_pid_vsp": [327.38870218465803, 9.68566265023058, 281.3495793775132]}, "datetime": {"datetime": "2025-08-21 16:20:45", "elapsed": 27361.968146324158, "delta": 27.652282238006592}, "costs": {"total_cost": 966.8394534907039, "time_cost": 150, "final_distance_cost": 67.69637456844781, "oscillation_cost": 324.05639797520746, "completition_cost": 333.33333333333337, "overshoot_cost": 49.15874019976959, "power_cost": 23.67148385009766, "noise_cost": 18.923123563848048, "n_waypoints_completed": 6, "tot_waypoints": 9}}
{"target": -1771.0138836913998, "params": {"k_pid_pos": [1.3978852712974612, 0.16799970635182704, 0.15727369568505256], "k_pid_alt": [1.250242834333468, 0.901208956491711, 0.46833048569443336], "k_pid_att": [51.12930469737781, 2.5014296078506946, 0.810158240455896], "k_pid_yaw": [0.5, 1e-06, 0.1], "k_pid_hsp": [4.15135782003063, 0.21569651210986085, 0.4668656774540667], "k_pid_vsp": [78.14807078064368, 289.47206626898236, 385.64249450192904]}, "datetime": {"datetime": "2025-08-21 16:21:16", "elapsed": 27392.608704805374, "delta": 30.64055848121643}, "costs": {"total_cost": 1771.0138836913998, "time_cost": 150, "final_distance_cost": 3.239428991465819, "oscillation_cost": 414.07085293857926, "completition_cost": 1000.0, "overshoot_cost": 119.58679055997067, "power_cost": 26.93729510498047, "noise_cost": 57.179516096403354, "n_waypoints_completed": 0, "tot_waypoints": 9}}
{"target": -1421.455606157705, "params": {"k_pid_pos": [1.0876459661354547, 0.059628321999368405, 0.5366670093529148], "k_pid_alt": [0.9522476973087517, 0.5880959088354923, 0.6150931590084167], "k_pid_att": [96.42962532277217, 8.683227635857884, 0.3586461973729489], "k_pid_yaw": [0.5, 1e-06, 0.1], "k_pid_hsp": [0.955408254513117, 0.5152677926118747, 0.2886640392383828], "k_pid_vsp": [290.96595153683006, 113.26047860399866, 360.0128007698735]}, "datetime": {"datetime": "2025-08-21 16:21:43", "elapsed": 27420.30129981041, "delta": 27.6925950050354}, "costs": {"total_cost": 1421.455606157705, "time_cost": 150, "final_distance_cost": 96.01458605694839, "oscillation_cost": 316.97848300151844, "completition_cost": 777.7777777777778, "overshoot_cost": 44.342203831919036, "power_cost": 20.220587365722658, "noise_cost": 16.121968123818572, "n_waypoints_completed": 2, "tot_waypoints": 9}}
