{"target": -912.5232572443384, "params": {"k_pid_pos": [1.0045599483112422, 0.4172351997306145, 0.3341348454933016], "k_pid_alt": [0.7878586428645171, 0.6861746317127327, 0.018868647718968994], "k_pid_att": [49.002155303171854, 0.2411413975633143, 0.6042096460805785], "k_pid_yaw": [0.5, 1e-06, 0.1], "k_pid_hsp": [9.954555604401712, 0.4973811835622703, 0.5354052086688997], "k_pid_vsp": [106.40266467219494, 329.6025614040494, 182.84342162514884]}, "datetime": {"datetime": "2025-08-21 20:03:12", "elapsed": 40708.780366420746, "delta": 38.46526765823364}, "costs": {"total_cost": 912.5232572443384, "time_cost": 150, "final_distance_cost": 66.52530618727089, "oscillation_cost": 271.77217033182967, "completition_cost": 333.33333333333337, "overshoot_cost": 57.001819377626674, "power_cost": 19.158392492675784, "noise_cost": 14.73223552160195, "n_waypoints_completed": 6, "tot_waypoints": 9}}
{"target": -1604.9278081989348, "params": {"k_pid_pos": [2.0, 1.0, 1.0], "k_pid_alt": [0.0, 0.0, 0.0], "k_pid_att": [17.141191111405035, 5.389623977737817, 1.0], "k_pid_yaw": [0.5, 1e-06, 0.1], "k_pid_hsp": [10.0, 1.0, 1.0], "k_pid_vsp": [224.6371139828322, 397.8071513279254, 185.4171444522911]}, "datetime": {"datetime": "2025-08-21 20:03:53", "elapsed": 40750.120909929276, "delta": 41.34054350852966}, "costs": {"total_cost": 1604.9278081989348, "time_cost": 150, "final_distance_cost": 1.4507937248780387, "oscillation_cost": 258.84364685712626, "completition_cost": 1000.0, "overshoot_cost": 135.92330896686474, "power_cost": 9.228909997558594, "noise_cost": 49.48114865250738, "n_waypoints_completed": 0, "tot_waypoints": 9}}
{"target": -428.1162867715635, "params": {"k_pid_pos": [1.348616255292288, 0.21798755896643535, 0.22025728596799832], "k_pid_alt": [0.39327153086120076, 0.5051261300845306, 0.5910660041405972], "k_pid_att": [7.678572591046251, 4.4747235412504125, 1.0], "k_pid_yaw": [0.5, 1e-06, 0.1], "k_pid_hsp": [3.7405526751759557, 1.0, 0.0], "k_pid_vsp": [156.67842248873464, 207.08815301818973, 50.389258121836136]}, "datetime": {"datetime": "2025-08-21 20:04:30", "elapsed": 40786.50502228737, "delta": 36.38411235809326}, "costs": {"total_cost": 428.1162867715635, "time_cost": 150, "final_distance_cost": 6.540992189340915, "oscillation_cost": 66.32066752563509, "completition_cost": 111.11111111111116, "overshoot_cost": 58.657836823481404, "power_cost": 20.54734875488281, "noise_cost": 14.938330367112162, "n_waypoints_completed": 8, "tot_waypoints": 9}}
{"target": -1414.2078182582677, "params": {"k_pid_pos": [1.2106230722108406, 0.07649115413577261, 0.0022785926151100764], "k_pid_alt": [2.0, 0.0, 0.0], "k_pid_att": [2.269716631180833, 9.36430492051395, 0.9951759947486578], "k_pid_yaw": [0.5, 1e-06, 0.1], "k_pid_hsp": [0.0001, 1.0, 0.0], "k_pid_vsp": [117.3419355941724, 148.94983239699758, 38.95159036478892]}, "datetime": {"datetime": "2025-08-21 20:05:12", "elapsed": 40829.10087800026, "delta": 42.595855712890625}, "costs": {"total_cost": 1414.2078182582677, "time_cost": 150, "final_distance_cost": 45.48381637460113, "oscillation_cost": 130.3512517446164, "completition_cost": 1000.0, "overshoot_cost": 34.71820691408607, "power_cost": 32.221677075195316, "noise_cost": 21.432866149768984, "n_waypoints_completed": 0, "tot_waypoints": 9}}
{"target": -826.5293435091718, "params": {"k_pid_pos": [1.0928898940102927, 0.9310134699025844, 0.2819000779734857], "k_pid_alt": [1.0818290269866018, 0.1574259645564492, 0.32059652034409314], "k_pid_att": [39.551542318281186, 4.0076833559293465, 0.5424979410850921], "k_pid_yaw": [0.5, 1e-06, 0.1], "k_pid_hsp": [7.54448597023916, 0.048706329939003035, 0.6702893231526803], "k_pid_vsp": [286.719776749965, 76.62299726440133, 35.334542669297754]}, "datetime": {"datetime": "2025-08-21 20:05:57", "elapsed": 40873.70523476601, "delta": 44.60435676574707}, "costs": {"total_cost": 826.5293435091718, "time_cost": 150, "final_distance_cost": 67.60338113601316, "oscillation_cost": 186.74583837432542, "completition_cost": 333.33333333333337, "overshoot_cost": 50.416003801976686, "power_cost": 22.138714184570315, "noise_cost": 16.29207267895293, "n_waypoints_completed": 6, "tot_waypoints": 9}}
{"target": -385.026535780877, "params": {"k_pid_pos": [1.952954349371031, 0.1495889294137438, 0.7732406102769572], "k_pid_alt": [0.8172223263705838, 0.7271656715520599, 0.030995512371818967], "k_pid_att": [21.670119720759295, 0.45106278592571836, 0.9468422195574062], "k_pid_yaw": [0.5, 1e-06, 0.1], "k_pid_hsp": [4.255056809096547, 0.9066552607326285, 0.684284029816816], "k_pid_vsp": [386.20241092125957, 246.7240415259046, 126.0721394631344]}, "datetime": {"datetime": "2025-08-21 20:06:31", "elapsed": 40908.17055416107, "delta": 34.46531939506531}, "costs": {"total_cost": 385.026535780877, "time_cost": 97.008, "final_distance_cost": 1.7416267293636076, "oscillation_cost": 193.18292835022197, "completition_cost": 0.0, "overshoot_cost": 61.46353494379709, "power_cost": 18.160126782226563, "noise_cost": 13.470318975267865, "n_waypoints_completed": 9, "tot_waypoints": 9}}
{"target": -785.0932409741281, "params": {"k_pid_pos": [1.6671710691696828, 0.7784334606470378, 0.05799052517888248], "k_pid_alt": [0.955150415203792, 0.66559491916717, 0.007794981555684033], "k_pid_att": [38.91307086893667, 1.6835955806876828, 0.94511091457857], "k_pid_yaw": [0.5, 1e-06, 0.1], "k_pid_hsp": [2.438247833142829, 0.3567074339596841, 0.48052046192126996], "k_pid_vsp": [100.41590607069435, 60.69920517242048, 32.423860204069626]}, "datetime": {"datetime": "2025-08-21 20:07:11", "elapsed": 40947.97128081322, "delta": 39.800726652145386}, "costs": {"total_cost": 785.0932409741281, "time_cost": 150, "final_distance_cost": 69.58254063622351, "oscillation_cost": 123.25039278878609, "completition_cost": 333.33333333333337, "overshoot_cost": 67.52029571120909, "power_cost": 23.701824133300782, "noise_cost": 17.70485437127525, "n_waypoints_completed": 6, "tot_waypoints": 9}}
{"target": -258.56060167209085, "params": {"k_pid_pos": [2.0, 0.0, 0.0], "k_pid_alt": [2.0, 0.0, 1.0], "k_pid_att": [8.22546767493572, 6.5106091094379, 1.0], "k_pid_yaw": [0.5, 1e-06, 0.1], "k_pid_hsp": [1.526213882561441, 1.0, 0.0], "k_pid_vsp": [47.18427525928766, 227.79514556953205, 85.51080680018147]}, "datetime": {"datetime": "2025-08-21 20:07:43", "elapsed": 40980.006195783615, "delta": 32.03491497039795}, "costs": {"total_cost": 258.56060167209085, "time_cost": 83.176, "final_distance_cost": 1.7857593549560498, "oscillation_cost": 80.4174560460561, "completition_cost": 0.0, "overshoot_cost": 56.58419198947934, "power_cost": 20.14092861328125, "noise_cost": 16.45626566831808, "n_waypoints_completed": 9, "tot_waypoints": 9}}
{"target": -842.9698635247205, "params": {"k_pid_pos": [1.0185161478901714, 0.6794733214481398, 0.38148988127702915], "k_pid_alt": [1.2297982287227207, 1.0, 0.47235182913638685], "k_pid_att": [11.786292411571315, 4.5451875425328545, 0.34257414065110003], "k_pid_yaw": [0.5, 1e-06, 0.1], "k_pid_hsp": [5.817298788615562, 0.3392190668036201, 0.7604842047124407], "k_pid_vsp": [336.8774090597681, 326.680520308996, 20.471099739440227]}, "datetime": {"datetime": "2025-08-21 20:08:29", "elapsed": 41026.253454208374, "delta": 46.24725842475891}, "costs": {"total_cost": 842.9698635247205, "time_cost": 150, "final_distance_cost": 66.79540557753154, "oscillation_cost": 205.9421355516829, "completition_cost": 333.33333333333337, "overshoot_cost": 50.089443879705115, "power_cost": 21.28181912841797, "noise_cost": 15.527726054049607, "n_waypoints_completed": 6, "tot_waypoints": 9}}
{"target": -334.5578737896984, "params": {"k_pid_pos": [1.0539810453958436, 0.5161407558872937, 0.6475399701349329], "k_pid_alt": [1.2208675261633135, 0.9969626676876606, 0.6402554462842229], "k_pid_att": [9.697910351434945, 2.768918124089598, 0.7809287922895551], "k_pid_yaw": [0.5, 1e-06, 0.1], "k_pid_hsp": [7.934692403617594, 0.5395825443871396, 0.2538340300607971], "k_pid_vsp": [168.23028036653272, 339.7496111318046, 107.10801512140672]}, "datetime": {"datetime": "2025-08-21 20:09:06", "elapsed": 41063.25588154793, "delta": 37.00242733955383}, "costs": {"total_cost": 334.5578737896984, "time_cost": 99.24000000000001, "final_distance_cost": 1.7395770796769239, "oscillation_cost": 145.3700485975088, "completition_cost": 0.0, "overshoot_cost": 56.41835747156635, "power_cost": 18.160321972656252, "noise_cost": 13.62956866829008, "n_waypoints_completed": 9, "tot_waypoints": 9}}
{"target": -990.954320210592, "params": {"k_pid_pos": [0.4933385142041557, 0.982637550471452, 0.8115719800858828], "k_pid_alt": [1.202630811738379, 0.5028829224094368, 0.7085811587185927], "k_pid_att": [17.27891988070661, 3.0605075466078757, 0.24241223927394984], "k_pid_yaw": [0.5, 1e-06, 0.1], "k_pid_hsp": [6.333847133440846, 0.16759699475581924, 0.3419742565186571], "k_pid_vsp": [351.9598032844541, 368.6059210503942, 205.52465175429919]}, "datetime": {"datetime": "2025-08-21 20:09:46", "elapsed": 41102.7898645401, "delta": 39.53398299217224}, "costs": {"total_cost": 990.954320210592, "time_cost": 150, "final_distance_cost": 56.18711392698539, "oscillation_cost": 250.1859133457471, "completition_cost": 444.4444444444444, "overshoot_cost": 48.25847338668706, "power_cost": 24.295438818359376, "noise_cost": 17.582936288368703, "n_waypoints_completed": 5, "tot_waypoints": 9}}
{"target": -354.0989054470955, "params": {"k_pid_pos": [1.4885719732077274, 0.590392213996401, 0.04691263815560163], "k_pid_alt": [1.129032401806534, 0.39731227617058723, 0.7884114828975479], "k_pid_att": [61.05818707260721, 6.807259586131941, 0.6598609856009785], "k_pid_yaw": [0.5, 1e-06, 0.1], "k_pid_hsp": [7.706729759347829, 0.41479388675906403, 0.08277280831899343], "k_pid_vsp": [259.7617920410943, 228.0291196591991, 165.6585596069125]}, "datetime": {"datetime": "2025-08-21 20:10:30", "elapsed": 41147.416211128235, "delta": 44.626346588134766}, "costs": {"total_cost": 354.0989054470955, "time_cost": 99.44, "final_distance_cost": 1.71644751151468, "oscillation_cost": 161.4185931488955, "completition_cost": 0.0, "overshoot_cost": 57.03325127171893, "power_cost": 19.403316918945315, "noise_cost": 15.087296596021, "n_waypoints_completed": 9, "tot_waypoints": 9}}
{"target": -1197.7769917207102, "params": {"k_pid_pos": [0.12865547768863525, 0.2600918092467345, 0.1279701992006519], "k_pid_alt": [1.7522265102314185, 0.18401094738035428, 0.2089706032660119], "k_pid_att": [11.75313797222689, 1.3250199156931939, 0.6677676585174708], "k_pid_yaw": [0.5, 1e-06, 0.1], "k_pid_hsp": [3.3383642057220406, 0.05206170332523741, 0.3035720395038848], "k_pid_vsp": [42.999667768311944, 224.1273973089803, 86.36604331006491]}, "datetime": {"datetime": "2025-08-21 20:11:12", "elapsed": 41189.36215019226, "delta": 41.94593906402588}, "costs": {"total_cost": 1197.7769917207102, "time_cost": 150, "final_distance_cost": 52.165569715385566, "oscillation_cost": 240.52498684783964, "completition_cost": 666.6666666666667, "overshoot_cost": 46.791213612194916, "power_cost": 24.309288549804688, "noise_cost": 17.319266328818372, "n_waypoints_completed": 3, "tot_waypoints": 9}}
{"target": -326.29818912172766, "params": {"k_pid_pos": [2.0, 0.1563877020214547, 0.2338332536102689], "k_pid_alt": [1.643278266190959, 0.0, 0.6932180410221888], "k_pid_att": [52.17233099407164, 3.9749175319849512, 0.2599924758128906], "k_pid_yaw": [0.5, 1e-06, 0.1], "k_pid_hsp": [6.949521221481885, 0.7409644859989204, 0.7162035093913477], "k_pid_vsp": [357.94720167940335, 212.8659673923282, 30.339202273850933]}, "datetime": {"datetime": "2025-08-21 20:11:50", "elapsed": 41227.3839840889, "delta": 38.02183389663696}, "costs": {"total_cost": 326.29818912172766, "time_cost": 70.96000000000001, "final_distance_cost": 1.7601779442840437, "oscillation_cost": 174.33754355941485, "completition_cost": 0.0, "overshoot_cost": 49.89304013424332, "power_cost": 16.508574780273438, "noise_cost": 12.838852703512034, "n_waypoints_completed": 9, "tot_waypoints": 9}}
{"target": -250.31057580635942, "params": {"k_pid_pos": [1.5197746248296635, 0.0, 0.08597197863372757], "k_pid_alt": [1.5941150156608759, 0.0, 0.017114806381060426], "k_pid_att": [20.688542756119706, 0.0001, 0.0], "k_pid_yaw": [0.5, 1e-06, 0.1], "k_pid_hsp": [6.609888597250076, 0.0, 0.0], "k_pid_vsp": [150.18007410658726, 8.408373267944784, 2.202916961244539]}, "datetime": {"datetime": "2025-08-21 20:12:28", "elapsed": 41265.24884557724, "delta": 37.864861488342285}, "costs": {"total_cost": 250.31057580635942, "time_cost": 71.592, "final_distance_cost": 1.766043532139857, "oscillation_cost": 94.82502734987737, "completition_cost": 0.0, "overshoot_cost": 51.49076445872129, "power_cost": 16.770335083007815, "noise_cost": 13.86640538261309, "n_waypoints_completed": 9, "tot_waypoints": 9}}
{"target": -388.5599174570688, "params": {"k_pid_pos": [1.999994157809672, 2.7534720220888435e-06, 0.8564513103697272], "k_pid_alt": [1.9999965369108557, 0.15942980873486295, 0.0], "k_pid_att": [85.33400449532414, 1.4850540602915472, 0.7893069452917305], "k_pid_yaw": [0.5, 1e-06, 0.1], "k_pid_hsp": [10.0, 0.17052827309942298, 0.8527188374475655], "k_pid_vsp": [367.75384032128335, 378.75678394468554, 217.23358668730086]}, "datetime": {"datetime": "2025-08-21 20:13:06", "elapsed": 41303.24294805527, "delta": 37.994102478027344}, "costs": {"total_cost": 388.5599174570688, "time_cost": 85.52, "final_distance_cost": 1.7617602593697075, "oscillation_cost": 215.38508529027473, "completition_cost": 0.0, "overshoot_cost": 52.77946320092164, "power_cost": 18.71770372314453, "noise_cost": 14.395904983358136, "n_waypoints_completed": 9, "tot_waypoints": 9}}
{"target": -931.0170650318273, "params": {"k_pid_pos": [1.1372941962677072, 0.7165694208255025, 0.3325666658675037], "k_pid_alt": [0.2607866353324837, 0.6038772086309948, 0.8567511119911753], "k_pid_att": [11.851121324899827, 0.5380329988227229, 0.42323262527291594], "k_pid_yaw": [0.5, 1e-06, 0.1], "k_pid_hsp": [8.64930355431153, 0.9532157212438278, 0.574059481291935], "k_pid_vsp": [354.35844026626233, 368.7927484650925, 194.5553156204142]}, "datetime": {"datetime": "2025-08-21 20:13:45", "elapsed": 41341.76512217522, "delta": 38.52217411994934}, "costs": {"total_cost": 931.0170650318273, "time_cost": 150, "final_distance_cost": 50.17240538268944, "oscillation_cost": 188.76449588319556, "completition_cost": 444.4444444444444, "overshoot_cost": 55.98518681187584, "power_cost": 23.243267822265626, "noise_cost": 18.407264687356506, "n_waypoints_completed": 5, "tot_waypoints": 9}}
{"target": -1117.7633484567812, "params": {"k_pid_pos": [0.6023469387862543, 0.724635921905015, 0.700919588403271], "k_pid_alt": [0.45139341933307287, 0.09400823703402006, 0.6860476687424535], "k_pid_att": [16.016666577066307, 8.291183709789864, 0.8766864503247621], "k_pid_yaw": [0.5, 1e-06, 0.1], "k_pid_hsp": [3.9323718440647064, 0.02534893035169916, 0.5989535013324166], "k_pid_vsp": [307.6275475508255, 395.29349725402733, 265.0479384828456]}, "datetime": {"datetime": "2025-08-21 20:14:25", "elapsed": 41382.246376514435, "delta": 40.48125433921814}, "costs": {"total_cost": 1117.7633484567812, "time_cost": 150, "final_distance_cost": 51.51770267884547, "oscillation_cost": 175.14822344586926, "completition_cost": 666.6666666666667, "overshoot_cost": 42.725812953195856, "power_cost": 18.31966755371094, "noise_cost": 13.385275158492755, "n_waypoints_completed": 3, "tot_waypoints": 9}}
{"target": -223.50147238739729, "params": {"k_pid_pos": [2.0, 0.25940130870685313, 0.7677709708411614], "k_pid_alt": [1.0538706468245036, 0.1824179089015978, 0.5963739597110217], "k_pid_att": [94.56492712494672, 0.556224766408117, 0.1852177830260006], "k_pid_yaw": [0.5, 1e-06, 0.1], "k_pid_hsp": [1.3987935923478447, 0.371760597454678, 0.0], "k_pid_vsp": [49.00481871905479, 365.5182975070272, 0.7538750136071408]}, "datetime": {"datetime": "2025-08-21 20:14:59", "elapsed": 41416.12496829033, "delta": 33.878591775894165}, "costs": {"total_cost": 223.50147238739729, "time_cost": 85.392, "final_distance_cost": 1.7580288675040254, "oscillation_cost": 54.776663440199776, "completition_cost": 0.0, "overshoot_cost": 50.87352520504439, "power_cost": 16.790535424804688, "noise_cost": 13.910719449844407, "n_waypoints_completed": 9, "tot_waypoints": 9}}
{"target": -711.4637563858557, "params": {"k_pid_pos": [0.5647007939345697, 0.5451575333387293, 0.0], "k_pid_alt": [0.8568034566974035, 0.8558123505524616, 0.32913586965005237], "k_pid_att": [54.74225165134838, 5.648058905103371, 1.0], "k_pid_yaw": [0.5, 1e-06, 0.1], "k_pid_hsp": [10.0, 0.2095111409853369, 1.0], "k_pid_vsp": [303.4560630746868, 356.74772155857687, 47.332496946852146]}, "datetime": {"datetime": "2025-08-21 20:15:44", "elapsed": 41460.63902616501, "delta": 44.514057874679565}, "costs": {"total_cost": 711.4637563858557, "time_cost": 150, "final_distance_cost": 64.60358508475389, "oscillation_cost": 184.19090109774115, "completition_cost": 222.2222222222222, "overshoot_cost": 52.10142965021916, "power_cost": 21.29781492919922, "noise_cost": 17.047803401720078, "n_waypoints_completed": 7, "tot_waypoints": 9}}
{"target": -841.8608510592809, "params": {"k_pid_pos": [2.0, 0.0, 0.571773977083173], "k_pid_alt": [0.0, 1.0, 0.3281831380167211], "k_pid_att": [33.70379209224853, 2.2791727256752017, 1.0], "k_pid_yaw": [0.5, 1e-06, 0.1], "k_pid_hsp": [10.0, 0.0, 0.9050348188745596], "k_pid_vsp": [54.64504053070809, 296.05749973014406, 46.674147776833294]}, "datetime": {"datetime": "2025-08-21 20:16:31", "elapsed": 41507.971886873245, "delta": 47.332860708236694}, "costs": {"total_cost": 841.8608510592809, "time_cost": 150, "final_distance_cost": 81.77634661539034, "oscillation_cost": 278.8165052574862, "completition_cost": 222.2222222222222, "overshoot_cost": 62.44696171642459, "power_cost": 27.103848461914065, "noise_cost": 19.494966785843687, "n_waypoints_completed": 7, "tot_waypoints": 9}}
{"target": -1375.3604081532926, "params": {"k_pid_pos": [0.2684438931891172, 0.0, 0.7771508769817715], "k_pid_alt": [2.0, 0.1915601433632388, 0.9720936056993379], "k_pid_att": [33.97361183384765, 6.479362522711754, 0.13624937176107677], "k_pid_yaw": [0.5, 1e-06, 0.1], "k_pid_hsp": [3.9673277235899587, 0.3576738329802965, 1.0], "k_pid_vsp": [180.7018524294987, 197.82579505484586, 101.65046761210223]}, "datetime": {"datetime": "2025-08-21 20:17:09", "elapsed": 41545.98916554451, "delta": 38.01727867126465}, "costs": {"total_cost": 1375.3604081532926, "time_cost": 150, "final_distance_cost": 52.921258745849386, "oscillation_cost": 430.9334661216487, "completition_cost": 666.6666666666667, "overshoot_cost": 44.3734161499633, "power_cost": 16.965977258300782, "noise_cost": 13.49962321086365, "n_waypoints_completed": 3, "tot_waypoints": 9}}
{"target": -276.60951178323063, "params": {"k_pid_pos": [1.281542243152123, 0.8556642254621651, 0.005160644283749849], "k_pid_alt": [1.7705728233235523, 0.015938577801714815, 0.5015494113739299], "k_pid_att": [13.954543271316078, 3.837892576670152, 0.7515234107491663], "k_pid_yaw": [0.5, 1e-06, 0.1], "k_pid_hsp": [2.4550695512981986, 0.5572572671714098, 0.1806373967083763], "k_pid_vsp": [166.48543764775644, 341.1101644772599, 112.92917681452076]}, "datetime": {"datetime": "2025-08-21 20:17:49", "elapsed": 41586.16467547417, "delta": 40.17550992965698}, "costs": {"total_cost": 276.60951178323063, "time_cost": 93.21600000000001, "final_distance_cost": 1.8067379706912847, "oscillation_cost": 77.30809146823925, "completition_cost": 0.0, "overshoot_cost": 65.1001516863866, "power_cost": 22.078514282226564, "noise_cost": 17.100016375686952, "n_waypoints_completed": 9, "tot_waypoints": 9}}
{"target": -331.7555042514025, "params": {"k_pid_pos": [2.0, 0.0, 0.4664740921028456], "k_pid_alt": [2.0, 0.0, 1.0], "k_pid_att": [36.11010547763542, 5.335923631535146, 0.0], "k_pid_yaw": [0.5, 1e-06, 0.1], "k_pid_hsp": [8.127133983724127, 0.0, 1.0], "k_pid_vsp": [230.5332762037474, 323.04463822276114, 12.51305499126986]}, "datetime": {"datetime": "2025-08-21 20:18:21", "elapsed": 41618.32887363434, "delta": 32.16419816017151}, "costs": {"total_cost": 331.7555042514025, "time_cost": 69.896, "final_distance_cost": 1.7253130430354462, "oscillation_cost": 180.57966443385445, "completition_cost": 0.0, "overshoot_cost": 50.93664360372319, "power_cost": 15.588977893066406, "noise_cost": 13.028905277723045, "n_waypoints_completed": 9, "tot_waypoints": 9}}
{"target": -980.2668692342845, "params": {"k_pid_pos": [0.4878979056643695, 0.3887454684969245, 0.6660524374174658], "k_pid_alt": [1.3854052179199465, 0.9907378279681773, 0.3897656028165799], "k_pid_att": [50.73698661218763, 1.7282984357990911, 0.21532426014634476], "k_pid_yaw": [0.5, 1e-06, 0.1], "k_pid_hsp": [7.45485519341919, 0.0591658980822366, 0.3231366870583452], "k_pid_vsp": [357.49621521559266, 212.02730293807545, 26.749199468596313]}, "datetime": {"datetime": "2025-08-21 20:19:07", "elapsed": 41664.09268760681, "delta": 45.763813972473145}, "costs": {"total_cost": 980.2668692342845, "time_cost": 150, "final_distance_cost": 75.90375724588232, "oscillation_cost": 339.29238468533634, "completition_cost": 333.33333333333337, "overshoot_cost": 45.391118101984304, "power_cost": 20.14025235595703, "noise_cost": 16.206023511791162, "n_waypoints_completed": 6, "tot_waypoints": 9}}
