{"target": -408.4458136442036, "params": {"k_pid_pos": [1.3941485198501409, 0.4794835731188265, 0.25675248061290773], "k_pid_alt": [1.9837383912383875, 0.6399973289444526, 0.7500454051705822], "k_pid_att": [74.17066925327735, 1.9194583869194162, 0.8923466236651422], "k_pid_yaw": [0.5, 1e-06, 0.1], "k_pid_hsp": [6.951885708013203, 0.7395943222693242, 0.333627797455929], "k_pid_vsp": [177.68736965998846, 148.02466394796258, 65.16543952798791]}, "datetime": {"datetime": "2025-08-21 18:26:49", "elapsed": 34925.867465019226, "delta": 42.54236149787903}, "costs": {"total_cost": 408.4458136442036, "time_cost": 90.504, "final_distance_cost": 1.7533344714125239, "oscillation_cost": 223.12897014038583, "completition_cost": 0.0, "overshoot_cost": 54.241810936559105, "power_cost": 22.528917614746096, "noise_cost": 16.288780481100027, "n_waypoints_completed": 9, "tot_waypoints": 9}}
{"target": -781.6237674488904, "params": {"k_pid_pos": [1.1390373849016242, 0.8771945261477069, 0.8852073603580907], "k_pid_alt": [1.6791691900849575, 0.8547912132666741, 0.5888155211798592], "k_pid_att": [11.961333860959629, 1.2204037528409355, 0.13628235884321455], "k_pid_yaw": [0.5, 1e-06, 0.1], "k_pid_hsp": [2.051436409176673, 0.18662963188165946, 0.8798517929393828], "k_pid_vsp": [153.7294232956345, 205.9890751657053, 56.86208678730884]}, "datetime": {"datetime": "2025-08-21 18:27:27", "elapsed": 34964.23333334923, "delta": 38.36586833000183}, "costs": {"total_cost": 781.6237674488904, "time_cost": 150, "final_distance_cost": 73.7405860363739, "oscillation_cost": 232.42400510325245, "completition_cost": 222.2222222222222, "overshoot_cost": 56.98205443106079, "power_cost": 26.407830993652347, "noise_cost": 19.847068662328645, "n_waypoints_completed": 7, "tot_waypoints": 9}}
{"target": -813.8723921078702, "params": {"k_pid_pos": [0.3136503237149021, 0.0650353521440642, 0.7244088500916324], "k_pid_alt": [1.298016863933992, 0.47848793685563695, 0.750319700571658], "k_pid_att": [38.52779216339417, 1.2257996217912528, 0.9954823430304222], "k_pid_yaw": [0.5, 1e-06, 0.1], "k_pid_hsp": [8.65032633214947, 0.9830086353639209, 0.10927642443428609], "k_pid_vsp": [145.95391695265965, 395.28777808412895, 129.25342568440894]}, "datetime": {"datetime": "2025-08-21 18:28:08", "elapsed": 35005.08155989647, "delta": 40.84822654724121}, "costs": {"total_cost": 813.8723921078702, "time_cost": 150, "final_distance_cost": 68.54324632215464, "oscillation_cost": 289.134481467499, "completition_cost": 222.2222222222222, "overshoot_cost": 52.07710471524374, "power_cost": 17.71462037353516, "noise_cost": 14.180717007215488, "n_waypoints_completed": 7, "tot_waypoints": 9}}
{"target": -893.330503226085, "params": {"k_pid_pos": [0.5374814386518425, 0.19347350180084474, 0.3505116841029067], "k_pid_alt": [1.8927205538891847, 0.2308837943507714, 0.11446030345169737], "k_pid_att": [32.68674536972654, 2.0763105104816604, 0.6305420949145114], "k_pid_yaw": [0.5, 1e-06, 0.1], "k_pid_hsp": [1.2217173451290608, 1.0, 0.20559241040781215], "k_pid_vsp": [392.57730022368565, 45.22078598066104, 182.98334346830814]}, "datetime": {"datetime": "2025-08-21 18:28:51", "elapsed": 35048.32101273537, "delta": 43.239452838897705}, "costs": {"total_cost": 893.330503226085, "time_cost": 150, "final_distance_cost": 73.11689560318094, "oscillation_cost": 256.80536873076164, "completition_cost": 333.33333333333337, "overshoot_cost": 43.82156337746701, "power_cost": 20.88206911621094, "noise_cost": 15.371273065131241, "n_waypoints_completed": 6, "tot_waypoints": 9}}
{"target": -381.98417055613754, "params": {"k_pid_pos": [1.5370821766915848, 0.5012932961893676, 0.4652502370826459], "k_pid_alt": [0.7997800610196675, 0.18280283976299616, 0.09808862235512805], "k_pid_att": [13.764093364449126, 3.3079390746925017, 0.22739175555085278], "k_pid_yaw": [0.5, 1e-06, 0.1], "k_pid_hsp": [8.609955228813927, 0.7585972377712825, 0.08516080780854429], "k_pid_vsp": [171.2832137377955, 346.5710574324698, 102.96977134439193]}, "datetime": {"datetime": "2025-08-21 18:29:32", "elapsed": 35089.3521027565, "delta": 41.03109002113342}, "costs": {"total_cost": 381.98417055613754, "time_cost": 94.936, "final_distance_cost": 1.7569718220327326, "oscillation_cost": 196.9121209984342, "completition_cost": 0.0, "overshoot_cost": 53.209632302055866, "power_cost": 20.308636926269532, "noise_cost": 14.860808507345205, "n_waypoints_completed": 9, "tot_waypoints": 9}}
{"target": -663.1722804854609, "params": {"k_pid_pos": [1.6386278481457517, 0.683395485090543, 0.3760267451885397], "k_pid_alt": [1.1558767720736847, 0.19927053734286457, 0.5106140194319055], "k_pid_att": [97.58338643405399, 2.4407036261946424, 0.6063060657087481], "k_pid_yaw": [0.5, 1e-06, 0.1], "k_pid_hsp": [4.40950667645629, 0.6082977194742344, 0.06208393498161031], "k_pid_vsp": [48.49007817684794, 366.50427958869966, 7.800244687196521]}, "datetime": {"datetime": "2025-08-21 18:30:09", "elapsed": 35126.29927062988, "delta": 36.94716787338257}, "costs": {"total_cost": 663.1722804854609, "time_cost": 150, "final_distance_cost": 71.78645399415153, "oscillation_cost": 144.6027377193473, "completition_cost": 222.2222222222222, "overshoot_cost": 43.58929289615385, "power_cost": 16.78041953125, "noise_cost": 14.191154122336057, "n_waypoints_completed": 7, "tot_waypoints": 9}}
{"target": -419.0425867299203, "params": {"k_pid_pos": [1.3222853975642181, 0.2983356782519079, 0.43459179975764417], "k_pid_alt": [1.4679535608080132, 0.19602927743866722, 0.5901917202163249], "k_pid_att": [32.99666831016853, 4.631535015839548, 0.2248217867398683], "k_pid_yaw": [0.5, 1e-06, 0.1], "k_pid_hsp": [5.55026710775398, 0.09761312269136588, 0.6425496368312932], "k_pid_vsp": [228.53693074818196, 318.241762871122, 12.116722846860997]}, "datetime": {"datetime": "2025-08-21 18:30:47", "elapsed": 35164.301431655884, "delta": 38.00216102600098}, "costs": {"total_cost": 419.0425867299203, "time_cost": 89.432, "final_distance_cost": 1.7279234630461766, "oscillation_cost": 243.8179801001239, "completition_cost": 0.0, "overshoot_cost": 51.74996198732794, "power_cost": 17.808610498046875, "noise_cost": 14.506110681375452, "n_waypoints_completed": 9, "tot_waypoints": 9}}
{"target": -396.89774055036366, "params": {"k_pid_pos": [1.467176719717426, 0.06444804160052521, 0.6312901180786772], "k_pid_alt": [0.5520508052253934, 0.7144494182152258, 0.6721449825760469], "k_pid_att": [13.945675741148646, 1.5906882054468583, 0.6972932878546895], "k_pid_yaw": [0.5, 1e-06, 0.1], "k_pid_hsp": [5.376389148893084, 0.14082148034167583, 0.7928366201221311], "k_pid_vsp": [335.70302734467697, 322.64615902412834, 16.02500880643636]}, "datetime": {"datetime": "2025-08-21 18:31:28", "elapsed": 35204.88662528992, "delta": 40.5851936340332}, "costs": {"total_cost": 396.89774055036366, "time_cost": 92.464, "final_distance_cost": 1.735491550576902, "oscillation_cost": 204.72947119388238, "completition_cost": 0.0, "overshoot_cost": 58.12804161481919, "power_cost": 23.119304785156253, "noise_cost": 16.721431405928932, "n_waypoints_completed": 9, "tot_waypoints": 9}}
{"target": -482.89507591870904, "params": {"k_pid_pos": [1.544133714693979, 0.210235083048266, 0.1733207209488915], "k_pid_alt": [0.25897027248823057, 0.5682462352649428, 0.8528721728325499], "k_pid_att": [36.27733537191721, 0.5049032585897704, 0.7604659537814444], "k_pid_yaw": [0.5, 1e-06, 0.1], "k_pid_hsp": [7.574564273678487, 0.25425960211042287, 0.009991557595490308], "k_pid_vsp": [101.67530239743824, 59.206698461883505, 29.280074923048428]}, "datetime": {"datetime": "2025-08-21 18:32:06", "elapsed": 35242.73800444603, "delta": 37.85137915611267}, "costs": {"total_cost": 482.89507591870904, "time_cost": 150, "final_distance_cost": 62.86460262835908, "oscillation_cost": 74.63652060522135, "completition_cost": 111.11111111111116, "overshoot_cost": 54.224611546436954, "power_cost": 16.275270434570313, "noise_cost": 13.782959593010222, "n_waypoints_completed": 8, "tot_waypoints": 9}}
{"target": -359.072857466583, "params": {"k_pid_pos": [1.8733715440947065, 0.5530608977480311, 0.40546799977454356], "k_pid_alt": [1.956794746804816, 0.5776590622632599, 1.8850968133532218e-06], "k_pid_att": [48.345140742254806, 9.999968834388204, 9.958509918264397e-07], "k_pid_yaw": [0.5, 1e-06, 0.1], "k_pid_hsp": [2.4690138816749156, 0.6862837622507417, 0.21903873073184515], "k_pid_vsp": [189.21098473024554, 301.66574553188883, 92.78244574809325]}, "datetime": {"datetime": "2025-08-21 18:32:40", "elapsed": 35276.80790090561, "delta": 34.06989645957947}, "costs": {"total_cost": 359.072857466583, "time_cost": 91.552, "final_distance_cost": 1.7698228493587052, "oscillation_cost": 168.12734371629486, "completition_cost": 0.0, "overshoot_cost": 57.51217879931642, "power_cost": 23.072601098632813, "noise_cost": 17.038911002980235, "n_waypoints_completed": 9, "tot_waypoints": 9}}
{"target": -464.9370528937852, "params": {"k_pid_pos": [2.0, 0.0, 0.5677952510900157], "k_pid_alt": [1.9415021686874647, 0.0, 0.552206832921667], "k_pid_att": [66.56185729769987, 0.00015750929212611625, 0.9605922685984243], "k_pid_yaw": [0.5, 1e-06, 0.1], "k_pid_hsp": [10.0, 0.7605787972927283, 1.0], "k_pid_vsp": [253.41516165344513, 261.6090621082759, 270.3375065112374]}, "datetime": {"datetime": "2025-08-21 18:33:20", "elapsed": 35316.703147649765, "delta": 39.895246744155884}, "costs": {"total_cost": 464.9370528937852, "time_cost": 90.384, "final_distance_cost": 1.7898199637495134, "oscillation_cost": 271.82387792910646, "completition_cost": 0.0, "overshoot_cost": 58.087222432079336, "power_cost": 24.912369763183595, "noise_cost": 17.93976280566633, "n_waypoints_completed": 9, "tot_waypoints": 9}}
{"target": -678.985878323265, "params": {"k_pid_pos": [1.9888461659995473, 0.5345033842552296, 0.3062663769312259], "k_pid_alt": [1.7428698640097577, 0.43562803806453604, 0.025305649830345906], "k_pid_att": [46.79494673223219, 9.421106465061195, 0.03906718050728148], "k_pid_yaw": [0.5, 1e-06, 0.1], "k_pid_hsp": [1.4098848939393338, 0.6914998636793682, 0.2522219357741166], "k_pid_vsp": [188.78444271631125, 305.9644096614176, 97.23348405247374]}, "datetime": {"datetime": "2025-08-21 18:34:01", "elapsed": 35358.20214986801, "delta": 41.49900221824646}, "costs": {"total_cost": 678.985878323265, "time_cost": 150, "final_distance_cost": 77.83604078212322, "oscillation_cost": 141.88836724597263, "completition_cost": 222.2222222222222, "overshoot_cost": 47.82959460346589, "power_cost": 21.6548373046875, "noise_cost": 17.554816164793415, "n_waypoints_completed": 7, "tot_waypoints": 9}}
{"target": -346.87062949430475, "params": {"k_pid_pos": [1.0226621135688911, 0.0, 0.5460813021024957], "k_pid_alt": [1.3068388611796895, 0.4214155681622277, 0.28344258153776053], "k_pid_att": [17.744773679205, 8.246790754349618, 0.9632204410017104], "k_pid_yaw": [0.5, 1e-06, 0.1], "k_pid_hsp": [7.7373582366793165, 0.5142462935685854, 0.6402760680055741], "k_pid_vsp": [227.5859483004225, 393.63000282456767, 183.3055052986042]}, "datetime": {"datetime": "2025-08-21 18:34:42", "elapsed": 35398.849964141846, "delta": 40.64781427383423}, "costs": {"total_cost": 346.87062949430475, "time_cost": 84.896, "final_distance_cost": 1.8181616464917756, "oscillation_cost": 175.4095433240265, "completition_cost": 0.0, "overshoot_cost": 55.19780767572147, "power_cost": 16.875662304687502, "noise_cost": 12.673454543377495, "n_waypoints_completed": 9, "tot_waypoints": 9}}
{"target": -1281.7968208631692, "params": {"k_pid_pos": [2.0, 0.5429841918258558, 0.0], "k_pid_alt": [1.9255890975809393, 0.7007591440014571, 0.905190544417144], "k_pid_att": [42.331641260611896, 4.602578528186465, 1.0], "k_pid_yaw": [0.5, 1e-06, 0.1], "k_pid_hsp": [0.0001, 0.44974612228579225, 0.0], "k_pid_vsp": [120.71527730764835, 139.38768410463214, 17.49088203914306]}, "datetime": {"datetime": "2025-08-21 18:35:23", "elapsed": 35440.29744410515, "delta": 41.44747996330261}, "costs": {"total_cost": 1281.7968208631692, "time_cost": 150, "final_distance_cost": 66.69113575251231, "oscillation_cost": 86.98299968812647, "completition_cost": 888.8888888888888, "overshoot_cost": 72.41298909690482, "power_cost": 7.889803198242188, "noise_cost": 8.93100423849448, "n_waypoints_completed": 1, "tot_waypoints": 9}}
{"target": -714.9337777750504, "params": {"k_pid_pos": [1.2785580128590566, 0.8280904116014502, 0.1164546023197377], "k_pid_alt": [1.6650833495645914, 0.4000288256420025, 0.00849867537217941], "k_pid_att": [51.0379090114555, 1.4310626104623492, 0.5170762183489411], "k_pid_yaw": [0.5, 1e-06, 0.1], "k_pid_hsp": [9.36367721963891, 0.09931679364901314, 0.20138831572352656], "k_pid_vsp": [346.31910122696337, 215.8249060071405, 22.98297357292002]}, "datetime": {"datetime": "2025-08-21 18:35:58", "elapsed": 35475.327137470245, "delta": 35.029693365097046}, "costs": {"total_cost": 714.9337777750504, "time_cost": 150, "final_distance_cost": 77.4197491238151, "oscillation_cost": 178.90310791548129, "completition_cost": 222.2222222222222, "overshoot_cost": 49.78618247522715, "power_cost": 20.96329793701172, "noise_cost": 15.639218101292947, "n_waypoints_completed": 7, "tot_waypoints": 9}}
{"target": -704.3869973632096, "params": {"k_pid_pos": [0.6724614206560151, 0.5162222386352417, 0.7072456241409628], "k_pid_alt": [1.5208744007688004, 0.3727114778048025, 0.27017236765009384], "k_pid_att": [12.23981109975436, 1.2652067987532785, 0.6653223811021536], "k_pid_yaw": [0.5, 1e-06, 0.1], "k_pid_hsp": [8.172931918552433, 0.3373612813852259, 0.3670675860675093], "k_pid_vsp": [171.96095279215723, 349.87251488808556, 108.24443310239364]}, "datetime": {"datetime": "2025-08-21 18:36:36", "elapsed": 35513.28864336014, "delta": 37.96150588989258}, "costs": {"total_cost": 704.3869973632096, "time_cost": 150, "final_distance_cost": 63.581373463950364, "oscillation_cost": 190.06841459046234, "completition_cost": 222.2222222222222, "overshoot_cost": 45.331970736005935, "power_cost": 19.0734556640625, "noise_cost": 14.109560686506246, "n_waypoints_completed": 7, "tot_waypoints": 9}}
{"target": -801.572617396803, "params": {"k_pid_pos": [1.4915128567207996, 0.3897681686087047, 0.9092237238339901], "k_pid_alt": [0.41323402858214603, 0.43522986335417563, 0.5120514065745376], "k_pid_att": [93.29959234266288, 4.677382527169676, 0.5210749284727189], "k_pid_yaw": [0.5, 1e-06, 0.1], "k_pid_hsp": [4.134641765357374, 0.8179332377401944, 0.6518484036716511], "k_pid_vsp": [254.59689970194327, 318.4690974561607, 6.098268504670915]}, "datetime": {"datetime": "2025-08-21 18:37:13", "elapsed": 35549.76168298721, "delta": 36.473039627075195}, "costs": {"total_cost": 801.572617396803, "time_cost": 150, "final_distance_cost": 72.58726560795526, "oscillation_cost": 268.49063222786805, "completition_cost": 222.2222222222222, "overshoot_cost": 45.67438557356111, "power_cost": 23.319952563476562, "noise_cost": 19.278159201719767, "n_waypoints_completed": 7, "tot_waypoints": 9}}
{"target": -355.953584269543, "params": {"k_pid_pos": [1.5555438247927007, 0.2611468903868709, 0.9897423408591546], "k_pid_alt": [1.9636250263018562, 0.023169198912281863, 0.3487283886370385], "k_pid_att": [93.41287874150532, 3.7091618514540485, 0.3876077931734305], "k_pid_yaw": [0.5, 1e-06, 0.1], "k_pid_hsp": [4.678371044294576, 0.7945291034936894, 0.20296518051186252], "k_pid_vsp": [45.75037296440536, 364.4050414645803, 3.80285694153934]}, "datetime": {"datetime": "2025-08-21 18:37:47", "elapsed": 35583.958305597305, "delta": 34.19662261009216}, "costs": {"total_cost": 355.953584269543, "time_cost": 84.672, "final_distance_cost": 1.7974869403637324, "oscillation_cost": 175.36775810015743, "completition_cost": 0.0, "overshoot_cost": 53.956457963576725, "power_cost": 23.14804453125, "noise_cost": 17.011836734195107, "n_waypoints_completed": 9, "tot_waypoints": 9}}
{"target": -399.74866322099626, "params": {"k_pid_pos": [0.9180407381748236, 0.10122101698114788, 0.6052128758702748], "k_pid_alt": [1.3819807482113637, 0.5956609668605689, 0.3660690538362667], "k_pid_att": [19.632332848838026, 8.633743109314974, 0.9673384269124187], "k_pid_yaw": [0.5, 1e-06, 0.1], "k_pid_hsp": [8.00311604706812, 0.5196790440562505, 0.6947921445106876], "k_pid_vsp": [225.07175483428756, 395.0576042971934, 188.89980828923382]}, "datetime": {"datetime": "2025-08-21 18:38:21", "elapsed": 35617.65940737724, "delta": 33.701101779937744}, "costs": {"total_cost": 399.74866322099626, "time_cost": 91.568, "final_distance_cost": 1.7831858642376284, "oscillation_cost": 216.83911866807279, "completition_cost": 0.0, "overshoot_cost": 57.58722563197187, "power_cost": 18.38786462402344, "noise_cost": 13.58326843269053, "n_waypoints_completed": 9, "tot_waypoints": 9}}
{"target": -359.96303963005624, "params": {"k_pid_pos": [1.5673177133377623, 0.05704916623130154, 0.2981251617129893], "k_pid_alt": [1.9676108347566075, 0.05474153731371072, 1.0], "k_pid_att": [37.67260193209334, 7.533866353626887, 0.0], "k_pid_yaw": [0.5, 1e-06, 0.1], "k_pid_hsp": [8.154765796251036, 0.7882288963500397, 0.6812521681176595], "k_pid_vsp": [180.86636923308234, 197.7977028446862, 99.68692604563616]}, "datetime": {"datetime": "2025-08-21 18:38:54", "elapsed": 35650.527106285095, "delta": 32.86769890785217}, "costs": {"total_cost": 359.96303963005624, "time_cost": 76.272, "final_distance_cost": 1.7733797618981653, "oscillation_cost": 200.5612606630018, "completition_cost": 0.0, "overshoot_cost": 51.89256711188835, "power_cost": 16.580449267578125, "noise_cost": 12.88338282568982, "n_waypoints_completed": 9, "tot_waypoints": 9}}
{"target": -194.42740780528743, "params": {"k_pid_pos": [1.0357676618042844, 0.12971070074524926, 0.4599673028214748], "k_pid_alt": [1.9022145453229098, 0.039125682111403326, 0.967626269046484], "k_pid_att": [11.06940568435676, 2.020471633271445, 0.6893469638961559], "k_pid_yaw": [0.5, 1e-06, 0.1], "k_pid_hsp": [4.701793992934191, 0.45122318244973336, 0.00886372961223636], "k_pid_vsp": [175.242106187478, 339.0418318361352, 103.56554998685019]}, "datetime": {"datetime": "2025-08-21 18:39:30", "elapsed": 35686.735357284546, "delta": 36.208250999450684}, "costs": {"total_cost": 194.42740780528743, "time_cost": 72.392, "final_distance_cost": 1.848841821025782, "oscillation_cost": 41.846244329047146, "completition_cost": 0.0, "overshoot_cost": 50.8085198858812, "power_cost": 14.891467846679689, "noise_cost": 12.640333922653609, "n_waypoints_completed": 9, "tot_waypoints": 9}}
{"target": -370.20253338205833, "params": {"k_pid_pos": [1.3950784328040697, 0.0, 0.613731027830824], "k_pid_alt": [0.4779475949742331, 0.9684733178365456, 0.7169056300920453], "k_pid_att": [13.941649538727, 0.0001, 0.5999948394821916], "k_pid_yaw": [0.5, 1e-06, 0.1], "k_pid_hsp": [5.349910043601243, 0.34736933069501413, 0.29924781952457413], "k_pid_vsp": [329.01500611173776, 322.36335597090994, 16.524543071143853]}, "datetime": {"datetime": "2025-08-21 18:40:11", "elapsed": 35727.75747704506, "delta": 41.022119760513306}, "costs": {"total_cost": 370.20253338205833, "time_cost": 92.4, "final_distance_cost": 1.7723333725370896, "oscillation_cost": 185.7922360791675, "completition_cost": 0.0, "overshoot_cost": 59.41271757264224, "power_cost": 17.325372778320315, "noise_cost": 13.499873579391153, "n_waypoints_completed": 9, "tot_waypoints": 9}}
{"target": -584.478623438693, "params": {"k_pid_pos": [1.3282109194225864, 0.6460173516704416, 0.1581984667246249], "k_pid_alt": [1.480052441055724, 0.13675248172582044, 0.6027786737591617], "k_pid_att": [12.467996833011984, 4.5100019306475465, 0.6570046696808236], "k_pid_yaw": [0.5, 1e-06, 0.1], "k_pid_hsp": [8.026571696442993, 0.29065990999837366, 0.0], "k_pid_vsp": [175.52826168634124, 342.248155401908, 107.02107960757635]}, "datetime": {"datetime": "2025-08-21 18:40:50", "elapsed": 35766.74104809761, "delta": 38.98357105255127}, "costs": {"total_cost": 584.478623438693, "time_cost": 150, "final_distance_cost": 68.19895513303422, "oscillation_cost": 56.493323456378846, "completition_cost": 222.2222222222222, "overshoot_cost": 45.08770181449905, "power_cost": 25.254290795898438, "noise_cost": 17.222130016660298, "n_waypoints_completed": 7, "tot_waypoints": 9}}
{"target": -1147.3426859489175, "params": {"k_pid_pos": [1.4895819902649179, 0.0, 0.7820518559871045], "k_pid_alt": [1.490208970357041, 0.7949225995011026, 0.652840311948486], "k_pid_att": [35.2377528475234, 1.0581810634210163, 1.0], "k_pid_yaw": [0.5, 1e-06, 0.1], "k_pid_hsp": [3.7664143051428844, 1.0, 0.7225660529190295], "k_pid_vsp": [105.74239548420746, 64.18086405988436, 29.038485953549376]}, "datetime": {"datetime": "2025-08-21 18:41:25", "elapsed": 35802.325348854065, "delta": 35.58430075645447}, "costs": {"total_cost": 1147.3426859489175, "time_cost": 150, "final_distance_cost": 37.688535252292276, "oscillation_cost": 277.50686519958555, "completition_cost": 555.5555555555555, "overshoot_cost": 59.68689479840823, "power_cost": 28.98660582275391, "noise_cost": 37.918229320321856, "n_waypoints_completed": 4, "tot_waypoints": 9}}
{"target": -803.065696369674, "params": {"k_pid_pos": [0.31054773651303635, 0.02484115819675392, 0.8584027892693235], "k_pid_alt": [0.9076727561878573, 0.40582454940273693, 0.6025268473213707], "k_pid_att": [15.12168931670369, 0.9848930675195582, 0.7583154314919723], "k_pid_yaw": [0.5, 1e-06, 0.1], "k_pid_hsp": [0.22437388775624928, 0.01957856595230867, 0.06646122145351119], "k_pid_vsp": [178.9224133220944, 341.72806257199795, 101.46133568294736]}, "datetime": {"datetime": "2025-08-21 18:42:08", "elapsed": 35844.65973639488, "delta": 42.33438754081726}, "costs": {"total_cost": 803.065696369674, "time_cost": 150, "final_distance_cost": 48.687332863966176, "oscillation_cost": 77.96944674389184, "completition_cost": 444.4444444444444, "overshoot_cost": 50.346050874142236, "power_cost": 17.407284997558595, "noise_cost": 14.2111364456708, "n_waypoints_completed": 5, "tot_waypoints": 9}}
