{"target": -1647.1530189685739, "params": {"k_pid_pos": [1.4549995715097437, 0.43581186354483004, 0.4396505362219162], "k_pid_alt": [1.4048982898638047, 0.4756112416644488, 0.9926808708629092], "k_pid_att": [43.30476899818858, 2.6106100054153782, 0.19942948704268804], "k_pid_yaw": [0.5, 1e-06, 0.1], "k_pid_hsp": [0.21613673869188177, 0.2722206687381403, 0.8727155729554971], "k_pid_vsp": [215.0078492565168, 25.330286689141072, 278.9888786820332]}, "datetime": {"datetime": "2025-08-21 12:33:21", "elapsed": 13717.653927087784, "delta": 23.715716123580933}, "costs": {"total_cost": 1647.1530189685739, "time_cost": 150, "final_distance_cost": 48.056790211270396, "oscillation_cost": 369.52814728811353, "completition_cost": 1000.0, "overshoot_cost": 44.873703356844906, "power_cost": 18.87915496826172, "noise_cost": 15.815223144083111, "n_waypoints_completed": 0, "tot_waypoints": 9}}
{"target": -875.6437576914916, "params": {"k_pid_pos": [0.7685095391573381, 0.2789477270705607, 0.9009611225000755], "k_pid_alt": [1.9377349590926984, 0.7073691601440747, 0.22344303553503264], "k_pid_att": [91.92917855317093, 0.8947309492340019, 0.5154034651780179], "k_pid_yaw": [0.5, 1e-06, 0.1], "k_pid_hsp": [9.235397052861588, 0.4692115432162979, 0.6820342849887434], "k_pid_vsp": [363.0763506474461, 357.1035587822963, 95.79079184988952]}, "datetime": {"datetime": "2025-08-21 12:33:45", "elapsed": 13741.760874271393, "delta": 24.10694718360901}, "costs": {"total_cost": 875.6437576914916, "time_cost": 150, "final_distance_cost": 67.96345086289202, "oscillation_cost": 344.77334804259954, "completition_cost": 222.2222222222222, "overshoot_cost": 46.41584308476921, "power_cost": 25.022468762207033, "noise_cost": 19.24642471680157, "n_waypoints_completed": 7, "tot_waypoints": 9}}
{"target": -1650.1325721778176, "params": {"k_pid_pos": [0.051638718809041355, 0.6725534112773278, 0.4334051197324331], "k_pid_alt": [1.2197677119273027, 0.6707546638113019, 0.8548575148790424], "k_pid_att": [27.852148980029234, 2.334714654273257, 0.4718530871780303], "k_pid_yaw": [0.5, 1e-06, 0.1], "k_pid_hsp": [5.381753694056838, 0.8425416401895004, 0.04881080419561579], "k_pid_vsp": [139.82164810904524, 151.91265410068303, 328.9230581969808]}, "datetime": {"datetime": "2025-08-21 12:34:09", "elapsed": 13765.651264667511, "delta": 23.890390396118164}, "costs": {"total_cost": 1650.1325721778176, "time_cost": 150, "final_distance_cost": 163.47846754297532, "oscillation_cost": 71.37122669497133, "completition_cost": 1000.0, "overshoot_cost": 238.0522454235633, "power_cost": 14.111541052246094, "noise_cost": 13.119091464061407, "n_waypoints_completed": 0, "tot_waypoints": 9}}
{"target": -1249.8600649297912, "params": {"k_pid_pos": [1.888349891739164, 0.9381084858431057, 0.5712559664357636], "k_pid_alt": [1.406471061128741, 0.4974308820856088, 0.11678770927428883], "k_pid_att": [75.8373356275953, 7.671039818504134, 0.9381579376580366], "k_pid_yaw": [0.5, 1e-06, 0.1], "k_pid_hsp": [1.076693608370712, 0.27668424399046243, 0.6072923373327779], "k_pid_vsp": [202.41397517460123, 74.6900873472268, 311.85187952971336]}, "datetime": {"datetime": "2025-08-21 12:34:33", "elapsed": 13789.494339942932, "delta": 23.843075275421143}, "costs": {"total_cost": 1249.8600649297912, "time_cost": 150, "final_distance_cost": 86.14826655724842, "oscillation_cost": 126.51882102079874, "completition_cost": 777.7777777777778, "overshoot_cost": 69.76358711611557, "power_cost": 18.81380440673828, "noise_cost": 20.837808051112482, "n_waypoints_completed": 2, "tot_waypoints": 9}}
{"target": -1875.2014776112328, "params": {"k_pid_pos": [1.8558851122305702, 0.34073695046825914, 0.30341718532344253], "k_pid_alt": [0.9739131384363333, 0.033432616720539876, 0.25898363785520073], "k_pid_att": [11.56962271581059, 4.808091959044888, 0.03858267915754543], "k_pid_yaw": [0.5, 1e-06, 0.1], "k_pid_hsp": [0.697644245775214, 0.1611045923982133, 0.9087291972533075], "k_pid_vsp": [148.9466432169945, 6.725410369990581, 352.65954895973516]}, "datetime": {"datetime": "2025-08-21 12:34:56", "elapsed": 13812.788423538208, "delta": 23.29408359527588}, "costs": {"total_cost": 1875.2014776112328, "time_cost": 150, "final_distance_cost": 138.97119813409736, "oscillation_cost": 415.32506076939995, "completition_cost": 1000.0, "overshoot_cost": 127.34445837192645, "power_cost": 23.17398308105469, "noise_cost": 20.38677725475414, "n_waypoints_completed": 0, "tot_waypoints": 9}}
{"target": -1267.2469139383118, "params": {"k_pid_pos": [0.5665913372962701, 0.49327185616441194, 0.09461159245578588], "k_pid_alt": [0.8531182204963577, 0.8483023282809694, 0.23367767870230305], "k_pid_att": [45.31228395223681, 1.8350787197334093, 0.13354913851743744], "k_pid_yaw": [0.5, 1e-06, 0.1], "k_pid_hsp": [1.707260572723517, 0.4742013662901965, 0.6083448932267691], "k_pid_vsp": [315.21031677070147, 272.137215951652, 284.5107618575179]}, "datetime": {"datetime": "2025-08-21 12:35:20", "elapsed": 13837.065788984299, "delta": 24.2773654460907}, "costs": {"total_cost": 1267.2469139383118, "time_cost": 150, "final_distance_cost": 94.90450177171478, "oscillation_cost": 151.14418841346443, "completition_cost": 777.7777777777778, "overshoot_cost": 59.50778912116441, "power_cost": 19.379744958496094, "noise_cost": 14.532911895694346, "n_waypoints_completed": 2, "tot_waypoints": 9}}
{"target": -1114.199436512708, "params": {"k_pid_pos": [1.1767221994367918, 0.001983457634863073, 0.7581000450518167], "k_pid_alt": [1.658469789188275, 0.8380739430789282, 0.23807064285187918], "k_pid_att": [94.9139129261707, 5.149084149747284, 0.22666870983880916], "k_pid_yaw": [0.5, 1e-06, 0.1], "k_pid_hsp": [1.4240735247957867, 0.20982685118122069, 0.9260268391698886], "k_pid_vsp": [192.67039339980187, 172.6552942445531, 7.930102427627267]}, "datetime": {"datetime": "2025-08-21 12:35:44", "elapsed": 13861.272783279419, "delta": 24.20699429512024}, "costs": {"total_cost": 1114.199436512708, "time_cost": 150, "final_distance_cost": 41.306174377412056, "oscillation_cost": 270.1779755478229, "completition_cost": 555.5555555555555, "overshoot_cost": 48.71502941684001, "power_cost": 27.321645263671876, "noise_cost": 21.123056351405804, "n_waypoints_completed": 4, "tot_waypoints": 9}}
{"target": -614.2361720870706, "params": {"k_pid_pos": [1.0564334380173104, 0.7105240047450148, 0.6964975868626792], "k_pid_alt": [1.4685858421640972, 0.5168570733790178, 0.13819541429611504], "k_pid_att": [31.111391869309223, 3.1997408595752863, 0.6239948201299881], "k_pid_yaw": [0.5, 1e-06, 0.1], "k_pid_hsp": [8.017709283906651, 0.6175937526664693, 0.46413866843116436], "k_pid_vsp": [305.5124295227544, 14.253296851306446, 107.94523155204855]}, "datetime": {"datetime": "2025-08-21 12:36:09", "elapsed": 13886.143782377243, "delta": 24.870999097824097}, "costs": {"total_cost": 614.2361720870706, "time_cost": 150, "final_distance_cost": 20.154410486805183, "oscillation_cost": 238.66288664014655, "completition_cost": 111.11111111111116, "overshoot_cost": 57.570030527296844, "power_cost": 21.287219458007815, "noise_cost": 15.450513863702998, "n_waypoints_completed": 8, "tot_waypoints": 9}}
{"target": -1478.5876331632712, "params": {"k_pid_pos": [0.4868600391482884, 0.43290144813742204, 0.957820202325542], "k_pid_alt": [0.9361480989163369, 0.5394638983604858, 0.3475117657769906], "k_pid_att": [37.49786587521006, 8.147889935158357, 0.3854373543610333], "k_pid_yaw": [0.5, 1e-06, 0.1], "k_pid_hsp": [8.467824656563362, 0.5539958212705155, 0.8296032456167235], "k_pid_vsp": [9.255489923245097, 237.0313610860923, 181.80642917007557]}, "datetime": {"datetime": "2025-08-21 12:36:33", "elapsed": 13909.717068195343, "delta": 23.573285818099976}, "costs": {"total_cost": 1478.5876331632712, "time_cost": 150, "final_distance_cost": 84.70338558824993, "oscillation_cost": 345.4517552615293, "completition_cost": 777.7777777777778, "overshoot_cost": 79.86959997283876, "power_cost": 22.515173205566406, "noise_cost": 18.269941357308884, "n_waypoints_completed": 2, "tot_waypoints": 9}}
{"target": -1792.8613191891836, "params": {"k_pid_pos": [1.6586775119131405, 0.4916549334431839, 0.1331293923198692], "k_pid_alt": [0.43588217190731404, 0.2986389444566917, 0.5880173170599869], "k_pid_att": [21.182610841966387, 7.770251176743513, 0.3712635273211239], "k_pid_yaw": [0.5, 1e-06, 0.1], "k_pid_hsp": [0.9691549071747775, 0.548840267212276, 0.3259480320018179], "k_pid_vsp": [105.58286503315787, 91.67397046314305, 391.2828137220781]}, "datetime": {"datetime": "2025-08-21 12:36:56", "elapsed": 13933.42727279663, "delta": 23.710204601287842}, "costs": {"total_cost": 1792.8613191891836, "time_cost": 150, "final_distance_cost": 176.33209705522674, "oscillation_cost": 252.47625788322952, "completition_cost": 1000.0, "overshoot_cost": 169.14549815227912, "power_cost": 20.615129907226564, "noise_cost": 24.292336191221427, "n_waypoints_completed": 0, "tot_waypoints": 9}}
{"target": -880.1686031594026, "params": {"k_pid_pos": [1.7786348064628097, 0.4368795182791725, 0.08753283028540404], "k_pid_alt": [0.5337042117321624, 0.014192223840651441, 0.7166693216097485], "k_pid_att": [40.502874488612484, 2.7725432596535686, 0.6738192928011685], "k_pid_yaw": [0.5, 1e-06, 0.1], "k_pid_hsp": [9.729414953716178, 0.18905085037781721, 0.17765138412786985], "k_pid_vsp": [357.49702094464595, 177.78582601443443, 297.9614866031437]}, "datetime": {"datetime": "2025-08-21 12:37:20", "elapsed": 13956.773943901062, "delta": 23.346671104431152}, "costs": {"total_cost": 880.1686031594026, "time_cost": 150, "final_distance_cost": 71.06634641548342, "oscillation_cost": 234.35237134192917, "completition_cost": 333.33333333333337, "overshoot_cost": 55.98895089485862, "power_cost": 20.461593212890627, "noise_cost": 14.966007960907438, "n_waypoints_completed": 6, "tot_waypoints": 9}}
{"target": -1271.810845321987, "params": {"k_pid_pos": [0.7187648898422885, 0.7266278954882973, 0.08343547088248493], "k_pid_alt": [0.9190159181526782, 0.6594528075873396, 0.4036432601327009], "k_pid_att": [73.23863620356168, 7.229900684836873, 0.608712860017731], "k_pid_yaw": [0.5, 1e-06, 0.1], "k_pid_hsp": [4.084319926916293, 0.8664023256538225, 0.9743085393067743], "k_pid_vsp": [172.00738005533088, 144.3040614327899, 85.83502057170938]}, "datetime": {"datetime": "2025-08-21 12:37:44", "elapsed": 13980.557560920715, "delta": 23.78361701965332}, "costs": {"total_cost": 1271.810845321987, "time_cost": 150, "final_distance_cost": 68.61273506384897, "oscillation_cost": 129.86633747959007, "completition_cost": 777.7777777777778, "overshoot_cost": 86.16970509311744, "power_cost": 31.0399966796875, "noise_cost": 28.344293227965085, "n_waypoints_completed": 2, "tot_waypoints": 9}}
{"target": -1345.4203914705265, "params": {"k_pid_pos": [0.822128835533482, 0.8879453613096392, 0.0002981719108497982], "k_pid_alt": [0.4138594123941506, 0.03445221217083316, 0.4980049794341572], "k_pid_att": [44.395902669792434, 4.330033941538576, 0.7400049410723584], "k_pid_yaw": [0.5, 1e-06, 0.1], "k_pid_hsp": [6.341012601253013, 0.6465953854710379, 0.08226889214287947], "k_pid_vsp": [244.5891532199592, 370.6665684843073, 288.1292671249172]}, "datetime": {"datetime": "2025-08-21 12:38:07", "elapsed": 14004.23813533783, "delta": 23.680574417114258}, "costs": {"total_cost": 1345.4203914705265, "time_cost": 150, "final_distance_cost": 45.27132928389819, "oscillation_cost": 77.83523736262804, "completition_cost": 1000.0, "overshoot_cost": 29.754887769160693, "power_cost": 25.201011645507815, "noise_cost": 17.35792540933181, "n_waypoints_completed": 0, "tot_waypoints": 9}}
{"target": -823.6420462639243, "params": {"k_pid_pos": [1.5800732965502267, 0.8184019504544942, 0.6943505433412606], "k_pid_alt": [0.013329381881699964, 0.7730892653522846, 0.3190892319109131], "k_pid_att": [49.8254256681248, 6.854254442874112, 0.6515330280513428], "k_pid_yaw": [0.5, 1e-06, 0.1], "k_pid_hsp": [8.625910046068796, 0.16930007828281246, 0.7093822000719793], "k_pid_vsp": [10.833574319841421, 267.57818278701257, 39.97522164103998]}, "datetime": {"datetime": "2025-08-21 12:38:32", "elapsed": 14028.803325414658, "delta": 24.565190076828003}, "costs": {"total_cost": 823.6420462639243, "time_cost": 150, "final_distance_cost": 56.46700388844836, "oscillation_cost": 190.64458675902014, "completition_cost": 333.33333333333337, "overshoot_cost": 58.17406045723783, "power_cost": 20.198961340332033, "noise_cost": 14.824100485552542, "n_waypoints_completed": 6, "tot_waypoints": 9}}
{"target": -1913.2286879848748, "params": {"k_pid_pos": [1.2535068911012677, 0.41885056712977276, 0.07040616548292677], "k_pid_alt": [0.007738338046722193, 0.4833356902866831, 0.07429498897853437], "k_pid_att": [0.9550152191094674, 7.827017099514469, 0.9202815391428665], "k_pid_yaw": [0.5, 1e-06, 0.1], "k_pid_hsp": [4.296217879152157, 0.6289043421287277, 0.09027258130058824], "k_pid_vsp": [30.31840672758417, 330.06505512496847, 178.22816947772534]}, "datetime": {"datetime": "2025-08-21 12:38:56", "elapsed": 14052.798842906952, "delta": 23.99551749229431}, "costs": {"total_cost": 1913.2286879848748, "time_cost": 150, "final_distance_cost": 3.393620083123555, "oscillation_cost": 485.4727964325695, "completition_cost": 1000.0, "overshoot_cost": 140.59507846113067, "power_cost": 34.47793140869141, "noise_cost": 99.28926159935966, "n_waypoints_completed": 0, "tot_waypoints": 9}}
{"target": -1712.513469281844, "params": {"k_pid_pos": [1.0974330970761983, 0.4644098909379536, 0.3435802617639455], "k_pid_alt": [1.9433276751617456, 0.918365980595547, 0.4570882149538821], "k_pid_att": [1.6959851369057866, 5.606137338137596, 0.9162323463709641], "k_pid_yaw": [0.5, 1e-06, 0.1], "k_pid_hsp": [0.1158804847798073, 0.2338931366783984, 0.24147624452121286], "k_pid_vsp": [336.8411829130792, 309.47944726205543, 54.60977985200185]}, "datetime": {"datetime": "2025-08-21 12:39:20", "elapsed": 14076.598500967026, "delta": 23.799658060073853}, "costs": {"total_cost": 1712.513469281844, "time_cost": 150, "final_distance_cost": 86.58806315257141, "oscillation_cost": 286.2465384007421, "completition_cost": 888.8888888888888, "overshoot_cost": 260.0102495710847, "power_cost": 24.11917282714844, "noise_cost": 16.660556441408584, "n_waypoints_completed": 1, "tot_waypoints": 9}}
{"target": -1455.6341743003723, "params": {"k_pid_pos": [0.6231007889004314, 0.3065331665465828, 0.6066602220302021], "k_pid_alt": [0.29274992329703853, 0.6113168100163036, 0.6162883835447294], "k_pid_att": [2.075863419264745, 5.1876039781650345, 0.8857870458040125], "k_pid_yaw": [0.5, 1e-06, 0.1], "k_pid_hsp": [4.36371849763126, 0.9361612498963338, 0.4240454690262069], "k_pid_vsp": [94.26706572502148, 258.29052212595246, 148.61520348148304]}, "datetime": {"datetime": "2025-08-21 12:39:43", "elapsed": 14100.337107419968, "delta": 23.738606452941895}, "costs": {"total_cost": 1455.6341743003723, "time_cost": 150, "final_distance_cost": 66.55174584617059, "oscillation_cost": 253.48833953441408, "completition_cost": 888.8888888888888, "overshoot_cost": 51.43918350495827, "power_cost": 26.780579614257814, "noise_cost": 18.485436911682775, "n_waypoints_completed": 1, "tot_waypoints": 9}}
{"target": -1793.1649870204474, "params": {"k_pid_pos": [1.1946706224419974, 0.35692731627646745, 0.4411918246444717], "k_pid_alt": [0.7690278250516851, 0.2695767733868041, 0.8204461814189677], "k_pid_att": [30.814558731510743, 5.188682233092933, 0.47960952328029494], "k_pid_yaw": [0.5, 1e-06, 0.1], "k_pid_hsp": [4.276881349512911, 0.2871922132594664, 0.8728848331460717], "k_pid_vsp": [92.03628065670988, 92.55263247122843, 317.7974078489204]}, "datetime": {"datetime": "2025-08-21 12:40:08", "elapsed": 14124.51117181778, "delta": 24.17406439781189}, "costs": {"total_cost": 1793.1649870204474, "time_cost": 150, "final_distance_cost": 3.239303770467307, "oscillation_cost": 416.15968769208024, "completition_cost": 1000.0, "overshoot_cost": 133.35472599330885, "power_cost": 24.788506860351564, "noise_cost": 65.62276270423928, "n_waypoints_completed": 0, "tot_waypoints": 9}}
{"target": -1126.0730933387015, "params": {"k_pid_pos": [1.5779555985658635, 0.8585729978279428, 0.7082325312519615], "k_pid_alt": [1.8201923151573558, 0.8330976801897249, 0.24912229744967196], "k_pid_att": [94.5754024563658, 6.209936363951022, 0.3316628044057276], "k_pid_yaw": [0.5, 1e-06, 0.1], "k_pid_hsp": [2.7226360122935978, 0.5736167987956351, 0.9059471190762567], "k_pid_vsp": [196.77889937604346, 262.5434791662741, 314.9653684276236]}, "datetime": {"datetime": "2025-08-21 12:40:31", "elapsed": 14148.423731803894, "delta": 23.912559986114502}, "costs": {"total_cost": 1126.0730933387015, "time_cost": 150, "final_distance_cost": 67.84750241473229, "oscillation_cost": 139.8932428262364, "completition_cost": 666.6666666666667, "overshoot_cost": 63.01020950500587, "power_cost": 21.974295422363284, "noise_cost": 16.681176503696978, "n_waypoints_completed": 3, "tot_waypoints": 9}}
{"target": -1198.3550885170127, "params": {"k_pid_pos": [0.6970115345650537, 0.5087270233412652, 0.735593747407505], "k_pid_alt": [0.49262477906927726, 0.1948314232358459, 0.4105777898274908], "k_pid_att": [44.87210513903628, 8.555765267832973, 0.3901858786682344], "k_pid_yaw": [0.5, 1e-06, 0.1], "k_pid_hsp": [8.732178218761057, 0.09909156648941575, 0.6870904828957816], "k_pid_vsp": [367.585935186101, 44.99157614537246, 357.2126621628361]}, "datetime": {"datetime": "2025-08-21 12:40:55", "elapsed": 14172.105693340302, "delta": 23.68196153640747}, "costs": {"total_cost": 1198.3550885170127, "time_cost": 150, "final_distance_cost": 52.51046962781256, "oscillation_cost": 359.3382016513001, "completition_cost": 555.5555555555555, "overshoot_cost": 41.19890766843322, "power_cost": 22.366546325683593, "noise_cost": 17.3854076882275, "n_waypoints_completed": 4, "tot_waypoints": 9}}
{"target": -1207.3113601795067, "params": {"k_pid_pos": [0.6531525372175999, 0.1247791863137504, 0.6274192086396334], "k_pid_alt": [0.3583306906879762, 0.10853892406791688, 0.2500139104515523], "k_pid_att": [23.35487875775565, 5.530275098686271, 0.2622736087626817], "k_pid_yaw": [0.5, 1e-06, 0.1], "k_pid_hsp": [8.715500432250522, 0.725030446915185, 0.8852192312388082], "k_pid_vsp": [352.8748428480642, 21.91025585931896, 110.73996265847407]}, "datetime": {"datetime": "2025-08-21 12:41:19", "elapsed": 14195.834425449371, "delta": 23.728732109069824}, "costs": {"total_cost": 1207.3113601795067, "time_cost": 150, "final_distance_cost": 48.709226334530314, "oscillation_cost": 375.5526268044707, "completition_cost": 555.5555555555555, "overshoot_cost": 41.75225401026318, "power_cost": 20.60849616699219, "noise_cost": 15.133201307694819, "n_waypoints_completed": 4, "tot_waypoints": 9}}
{"target": -704.4638367647366, "params": {"k_pid_pos": [1.4597129700936993, 0.20710141133842275, 0.4081626938346976], "k_pid_alt": [1.7384903985009579, 0.7434512319927525, 0.456626983522731], "k_pid_att": [44.09615568654959, 3.000209228821442, 0.06945373099844587], "k_pid_yaw": [0.5, 1e-06, 0.1], "k_pid_hsp": [4.368934504065997, 0.7831538842078318, 0.4190282922409284], "k_pid_vsp": [333.3844501478021, 221.02577012147574, 336.3750534041723]}, "datetime": {"datetime": "2025-08-21 12:41:43", "elapsed": 14219.50033569336, "delta": 23.665910243988037}, "costs": {"total_cost": 704.4638367647366, "time_cost": 150, "final_distance_cost": 63.98371037259491, "oscillation_cost": 291.9432090977255, "completition_cost": 111.11111111111116, "overshoot_cost": 53.88288974334955, "power_cost": 18.92501579589844, "noise_cost": 14.61790064405699, "n_waypoints_completed": 8, "tot_waypoints": 9}}
{"target": -866.7045042519055, "params": {"k_pid_pos": [0.6784427781724451, 0.8517071190563442, 0.43249206205080803], "k_pid_alt": [1.2304057628739944, 0.5598413766696763, 0.09254106360708358], "k_pid_att": [32.12861340684581, 9.520591004368317, 0.06501247213789785], "k_pid_yaw": [0.5, 1e-06, 0.1], "k_pid_hsp": [7.8649838446036595, 0.6521624818523537, 0.563727518199207], "k_pid_vsp": [46.958691677804374, 333.1507956501269, 73.33383266041615]}, "datetime": {"datetime": "2025-08-21 12:42:07", "elapsed": 14244.150113105774, "delta": 24.64977741241455}, "costs": {"total_cost": 866.7045042519055, "time_cost": 150, "final_distance_cost": 64.67299174032765, "oscillation_cost": 234.4501308890944, "completition_cost": 333.33333333333337, "overshoot_cost": 45.765465829789726, "power_cost": 22.00616678466797, "noise_cost": 16.47641567469251, "n_waypoints_completed": 6, "tot_waypoints": 9}}
{"target": -1136.2425207799558, "params": {"k_pid_pos": [1.7691371013726742, 0.921535215226957, 0.3646716501507121], "k_pid_alt": [1.7544397376685408, 0.8918664795466786, 0.6916880772748868], "k_pid_att": [70.33827553224641, 6.1000655595202335, 0.05654647816840397], "k_pid_yaw": [0.5, 1e-06, 0.1], "k_pid_hsp": [1.8966803692062104, 0.6746635204047275, 0.8034053733826969], "k_pid_vsp": [227.95745986592073, 279.9445360473058, 344.3936353840121]}, "datetime": {"datetime": "2025-08-21 12:42:31", "elapsed": 14267.781579494476, "delta": 23.631466388702393}, "costs": {"total_cost": 1136.2425207799558, "time_cost": 150, "final_distance_cost": 49.90800643934651, "oscillation_cost": 159.63641369659987, "completition_cost": 666.6666666666667, "overshoot_cost": 69.11525375279692, "power_cost": 22.96284333496094, "noise_cost": 17.953336889584826, "n_waypoints_completed": 3, "tot_waypoints": 9}}
