{"target": -666.0803558411741, "params": {"k_pid_pos": [1.9113704535977243, 0.6793743621673485, 0.07480467349525355], "k_pid_alt": [0.54897935345262, 0.059419776591259965, 0.5781219736714822], "k_pid_att": [35.7700018922892, 6.139251193613833, 0.7237454206571033], "k_pid_yaw": [0.5, 1e-06, 0.1], "k_pid_hsp": [7.538845999302021, 0.8567927750482245, 0.1899000882075349], "k_pid_vsp": [132.67619941822372, 340.1572730712098, 123.39334736456028]}, "datetime": {"datetime": "2025-08-22 00:48:51", "elapsed": 57848.348224163055, "delta": 42.29274940490723}, "costs": {"total_cost": 666.0803558411741, "time_cost": 150, "final_distance_cost": 70.07901646572782, "oscillation_cost": 138.60870964674407, "completition_cost": 222.2222222222222, "overshoot_cost": 51.58898589599763, "power_cost": 19.129058349609377, "noise_cost": 14.452363260872973, "n_waypoints_completed": 7, "tot_waypoints": 9}}
{"target": -227.10437219869755, "params": {"k_pid_pos": [2.0, 0.0, 1.0], "k_pid_alt": [2.0, 0.0, 1.0], "k_pid_att": [94.32090167980701, 0.0001, 0.0], "k_pid_yaw": [0.5, 1e-06, 0.1], "k_pid_hsp": [4.7286214843724075, 0.0, 0.0], "k_pid_vsp": [49.61167876305485, 365.4427880839333, 3.7238200341907026]}, "datetime": {"datetime": "2025-08-22 00:49:27", "elapsed": 57884.423857450485, "delta": 36.07563328742981}, "costs": {"total_cost": 227.10437219869755, "time_cost": 70.392, "final_distance_cost": 1.8387982011473356, "oscillation_cost": 80.91577167207646, "completition_cost": 0.0, "overshoot_cost": 50.20457345172656, "power_cost": 12.432293005371095, "noise_cost": 11.320935868376095, "n_waypoints_completed": 9, "tot_waypoints": 9}}
{"target": -421.1619758363019, "params": {"k_pid_pos": [2.0, 0.07027055865829349, 1.0], "k_pid_alt": [2.0, 0.8546084851824375, 0.43339649140918707], "k_pid_att": [82.188537502852, 0.0001, 1.0], "k_pid_yaw": [0.5, 1e-06, 0.1], "k_pid_hsp": [6.589384805704482, 0.0, 1.0], "k_pid_vsp": [364.4649806301849, 371.31835189243833, 212.00051832488225]}, "datetime": {"datetime": "2025-08-22 00:50:02", "elapsed": 57918.71224689484, "delta": 34.288389444351196}, "costs": {"total_cost": 421.1619758363019, "time_cost": 85.552, "final_distance_cost": 1.7751108306673966, "oscillation_cost": 249.63579926765019, "completition_cost": 0.0, "overshoot_cost": 55.1841149578301, "power_cost": 16.168982348632813, "noise_cost": 12.845968431521403, "n_waypoints_completed": 9, "tot_waypoints": 9}}
{"target": -276.74425270052177, "params": {"k_pid_pos": [2.0, 0.0, 1.0], "k_pid_alt": [0.9702347154813096, 0.5508263936825901, 0.5881804788492302], "k_pid_att": [94.21185923405974, 5.243459538099958, 0.0], "k_pid_yaw": [0.5, 1e-06, 0.1], "k_pid_hsp": [4.738929641803491, 0.77202337183156, 0.0], "k_pid_vsp": [342.1330530240591, 323.36142220694006, 93.99992814887884]}, "datetime": {"datetime": "2025-08-22 00:50:37", "elapsed": 57954.06429815292, "delta": 35.35205125808716}, "costs": {"total_cost": 276.74425270052177, "time_cost": 82.34400000000001, "final_distance_cost": 1.7868540410600307, "oscillation_cost": 107.96956317465674, "completition_cost": 0.0, "overshoot_cost": 52.352839204758624, "power_cost": 18.276588452148438, "noise_cost": 14.014407827897909, "n_waypoints_completed": 9, "tot_waypoints": 9}}
{"target": -1345.7968941308018, "params": {"k_pid_pos": [2.0, 0.0, 0.8934981229536175], "k_pid_alt": [1.4946126745796975, 0.0, 0.0], "k_pid_att": [63.063632128998826, 2.709272260615103, 0.5905288500525576], "k_pid_yaw": [0.5, 1e-06, 0.1], "k_pid_hsp": [0.0001, 0.5331122638691722, 0.4222034249741903], "k_pid_vsp": [190.95801624797724, 46.23016770548213, 42.48887993215062]}, "datetime": {"datetime": "2025-08-22 00:51:17", "elapsed": 57993.6939163208, "delta": 39.6296181678772}, "costs": {"total_cost": 1345.7968941308018, "time_cost": 150, "final_distance_cost": 77.3564703915512, "oscillation_cost": 341.0456892340526, "completition_cost": 666.6666666666667, "overshoot_cost": 68.28989938647868, "power_cost": 24.725168395996096, "noise_cost": 17.713000056056387, "n_waypoints_completed": 3, "tot_waypoints": 9}}
{"target": -1821.6059332448972, "params": {"k_pid_pos": [1.4859594444242672, 0.7277308848410106, 0.7813494973438313], "k_pid_alt": [0.0003646911194125507, 9.517907553594968e-05, 0.23337627146290355], "k_pid_att": [69.68173822157796, 2.3008905625948786, 0.6418116629697238], "k_pid_yaw": [0.5, 1e-06, 0.1], "k_pid_hsp": [1.7577226163467143, 0.18244192314205745, 0.04097331508332951], "k_pid_vsp": [311.33471873118435, 253.76113749999345, 68.37659678540112]}, "datetime": {"datetime": "2025-08-22 00:51:59", "elapsed": 58035.65672492981, "delta": 41.96280860900879}, "costs": {"total_cost": 1821.6059332448972, "time_cost": 150, "final_distance_cost": 2.533660182257234, "oscillation_cost": 457.3072979321499, "completition_cost": 1000.0, "overshoot_cost": 132.67238056096073, "power_cost": 21.02894334716797, "noise_cost": 58.06365122236129, "n_waypoints_completed": 0, "tot_waypoints": 9}}
{"target": -1016.9538703353634, "params": {"k_pid_pos": [2.0, 1.0, 0.0], "k_pid_alt": [2.0, 1.0, 0.0], "k_pid_att": [64.3510933132957, 8.659565401708614, 1.0], "k_pid_yaw": [0.5, 1e-06, 0.1], "k_pid_hsp": [10.0, 0.0, 0.0], "k_pid_vsp": [260.4253514926995, 225.7921026315237, 164.04562603354762]}, "datetime": {"datetime": "2025-08-22 00:52:41", "elapsed": 58077.459362745285, "delta": 41.802637815475464}, "costs": {"total_cost": 1016.9538703353634, "time_cost": 150, "final_distance_cost": 51.87666143575385, "oscillation_cost": 46.084494560674706, "completition_cost": 666.6666666666667, "overshoot_cost": 56.457573620290276, "power_cost": 26.359434130859377, "noise_cost": 19.50903992111841, "n_waypoints_completed": 3, "tot_waypoints": 9}}
{"target": -738.0814787053923, "params": {"k_pid_pos": [1.694748941276124, 0.772436903307368, 0.7475659824926444], "k_pid_alt": [1.0468799977375578, 0.7510953412816714, 0.4308468159579859], "k_pid_att": [40.10086008700191, 4.415244749043699, 0.42987203343019276], "k_pid_yaw": [0.5, 1e-06, 0.1], "k_pid_hsp": [0.05492636850848273, 0.45622008091931143, 0.05375941244396365], "k_pid_vsp": [92.31329876620026, 67.23552628469875, 31.8343784167479]}, "datetime": {"datetime": "2025-08-22 00:53:20", "elapsed": 58117.16164636612, "delta": 39.70228362083435}, "costs": {"total_cost": 738.0814787053923, "time_cost": 150, "final_distance_cost": 66.5161096870556, "oscillation_cost": 88.22768866442787, "completition_cost": 333.33333333333337, "overshoot_cost": 59.92634171886799, "power_cost": 22.385406896972658, "noise_cost": 17.692598404734877, "n_waypoints_completed": 6, "tot_waypoints": 9}}
{"target": -758.1356072023356, "params": {"k_pid_pos": [1.231547096934356, 0.7748918411132091, 0.23029892608813374], "k_pid_alt": [1.7927329548495001, 0.3735836929822035, 0.5897928574584176], "k_pid_att": [97.88202879325911, 3.118690521192271, 0.3913466844848852], "k_pid_yaw": [0.5, 1e-06, 0.1], "k_pid_hsp": [9.611067952283788, 0.6348531605010111, 0.3585967747377531], "k_pid_vsp": [339.2854399330024, 296.7086075901313, 38.67157762200434]}, "datetime": {"datetime": "2025-08-22 00:54:12", "elapsed": 58168.529286146164, "delta": 51.367639780044556}, "costs": {"total_cost": 758.1356072023356, "time_cost": 150, "final_distance_cost": 65.01502341973759, "oscillation_cost": 233.81715459933562, "completition_cost": 222.2222222222222, "overshoot_cost": 51.971246720091685, "power_cost": 19.90321756591797, "noise_cost": 15.206742675030469, "n_waypoints_completed": 7, "tot_waypoints": 9}}
{"target": -964.3389737329744, "params": {"k_pid_pos": [0.7519222345636171, 0.14948368824618186, 0.08323391785223166], "k_pid_alt": [0.1146192033738136, 0.05087870206082856, 0.715009001855091], "k_pid_att": [39.15960467892564, 9.72563652853022, 0.1517062584991664], "k_pid_yaw": [0.5, 1e-06, 0.1], "k_pid_hsp": [3.216209268790276, 0.4451496816849335, 0.1433732686540582], "k_pid_vsp": [113.76987978407267, 62.7863922954923, 23.16122866119352]}, "datetime": {"datetime": "2025-08-22 00:54:57", "elapsed": 58213.990681648254, "delta": 45.461395502090454}, "costs": {"total_cost": 964.3389737329744, "time_cost": 150, "final_distance_cost": 69.07434500164824, "oscillation_cost": 325.9904717585626, "completition_cost": 333.33333333333337, "overshoot_cost": 46.57176150013905, "power_cost": 22.66547677001953, "noise_cost": 16.70358536927179, "n_waypoints_completed": 6, "tot_waypoints": 9}}
{"target": -764.0524858949824, "params": {"k_pid_pos": [1.2246840430523018, 0.40735855869985327, 0.3354605533586268], "k_pid_alt": [0.12345520762702145, 0.9435960423291474, 0.19845828904582474], "k_pid_att": [10.70316457980882, 5.1248910924543365, 0.8590264371786765], "k_pid_yaw": [0.5, 1e-06, 0.1], "k_pid_hsp": [9.795557428852819, 0.34201327733406706, 0.3297634038730849], "k_pid_vsp": [385.1785847491721, 252.4711107872046, 124.49320833714877]}, "datetime": {"datetime": "2025-08-22 00:55:31", "elapsed": 58248.2677731514, "delta": 34.27709150314331}, "costs": {"total_cost": 764.0524858949824, "time_cost": 150, "final_distance_cost": 66.57185671207901, "oscillation_cost": 228.4005942199858, "completition_cost": 222.2222222222222, "overshoot_cost": 59.14989077814954, "power_cost": 22.081262939453126, "noise_cost": 15.626659023092646, "n_waypoints_completed": 7, "tot_waypoints": 9}}
{"target": -1132.4739031835466, "params": {"k_pid_pos": [0.5127190589918011, 0.5461814857832125, 0.7967189045585483], "k_pid_alt": [1.2121797063107076, 0.8937188743285439, 0.6083189151471227], "k_pid_att": [10.884755391077917, 6.352579859963578, 0.9260477956372406], "k_pid_yaw": [0.5, 1e-06, 0.1], "k_pid_hsp": [6.821917694234715, 0.6930635509372436, 0.7851946715212771], "k_pid_vsp": [44.8596413258068, 343.0525353796341, 143.80761831190102]}, "datetime": {"datetime": "2025-08-22 00:56:10", "elapsed": 58287.380633592606, "delta": 39.112860441207886}, "costs": {"total_cost": 1132.4739031835466, "time_cost": 150, "final_distance_cost": 54.80078376015772, "oscillation_cost": 172.56495152085708, "completition_cost": 666.6666666666667, "overshoot_cost": 60.267023412980244, "power_cost": 15.816606335449219, "noise_cost": 12.357871487435489, "n_waypoints_completed": 3, "tot_waypoints": 9}}
{"target": -857.1906148628485, "params": {"k_pid_pos": [2.0, 0.0, 0.0], "k_pid_alt": [0.0, 1.0, 1.0], "k_pid_att": [72.38839843766803, 3.7953691403726753, 1.0], "k_pid_yaw": [0.5, 1e-06, 0.1], "k_pid_hsp": [10.0, 1.0, 1.0], "k_pid_vsp": [369.2778452720929, 340.62038108217143, 72.48496995041393]}, "datetime": {"datetime": "2025-08-22 00:56:54", "elapsed": 58330.62589478493, "delta": 43.24526119232178}, "costs": {"total_cost": 857.1906148628485, "time_cost": 150, "final_distance_cost": 65.61652446701328, "oscillation_cost": 209.83660058983943, "completition_cost": 333.33333333333337, "overshoot_cost": 54.203930619806655, "power_cost": 25.022886877441408, "noise_cost": 19.17733897541432, "n_waypoints_completed": 6, "tot_waypoints": 9}}
{"target": -725.4240247697096, "params": {"k_pid_pos": [1.144171450532795, 0.992620874942783, 0.44412239590937463], "k_pid_alt": [1.3376076765282696, 0.5062798868043957, 0.7194873243217002], "k_pid_att": [17.28851457357633, 6.7104125157606695, 0.2911254788533939], "k_pid_yaw": [0.5, 1e-06, 0.1], "k_pid_hsp": [0.5193683720678616, 0.9141397747839437, 0.5893962088745266], "k_pid_vsp": [171.66391351812268, 341.5436389021334, 115.64743057894214]}, "datetime": {"datetime": "2025-08-22 00:57:35", "elapsed": 58371.812680482864, "delta": 41.18678569793701}, "costs": {"total_cost": 725.4240247697096, "time_cost": 150, "final_distance_cost": 60.47329189207886, "oscillation_cost": 183.4773644305202, "completition_cost": 222.2222222222222, "overshoot_cost": 66.81871980181954, "power_cost": 24.976882373046877, "noise_cost": 17.455544050021928, "n_waypoints_completed": 7, "tot_waypoints": 9}}
{"target": -1010.1115452785109, "params": {"k_pid_pos": [0.920372208770916, 0.40571310968264174, 0.9987966616882545], "k_pid_alt": [0.1340850965371305, 0.4598412560122403, 0.8764627931191035], "k_pid_att": [89.04028187094437, 8.60236388206534, 0.13240485927679532], "k_pid_yaw": [0.5, 1e-06, 0.1], "k_pid_hsp": [5.639586050492608, 0.263517130511012, 0.1223220707838778], "k_pid_vsp": [44.49389398250306, 315.3479519104814, 66.21574048187631]}, "datetime": {"datetime": "2025-08-22 00:58:23", "elapsed": 58419.87681031227, "delta": 48.06412982940674}, "costs": {"total_cost": 1010.1115452785109, "time_cost": 150, "final_distance_cost": 78.4680470714075, "oscillation_cost": 359.6918938854143, "completition_cost": 333.33333333333337, "overshoot_cost": 50.552032064034286, "power_cost": 20.784838342285155, "noise_cost": 17.281400582036202, "n_waypoints_completed": 6, "tot_waypoints": 9}}
{"target": -240.9073280437112, "params": {"k_pid_pos": [2.0, 1.0, 1.0], "k_pid_alt": [2.0, 1.0, 0.0], "k_pid_att": [58.6204276920584, 4.720746576868914, 1.0], "k_pid_yaw": [0.5, 1e-06, 0.1], "k_pid_hsp": [8.35498262542414, 1.0, 0.0], "k_pid_vsp": [301.46840325556934, 356.91581984715253, 51.965294915519706]}, "datetime": {"datetime": "2025-08-22 00:58:55", "elapsed": 58451.58822274208, "delta": 31.71141242980957}, "costs": {"total_cost": 240.9073280437112, "time_cost": 86.424, "final_distance_cost": 1.7795792976887277, "oscillation_cost": 70.71563371385857, "completition_cost": 0.0, "overshoot_cost": 53.73693228844596, "power_cost": 15.537436096191406, "noise_cost": 12.713746647526525, "n_waypoints_completed": 9, "tot_waypoints": 9}}
{"target": -828.1455729944712, "params": {"k_pid_pos": [2.0, 0.4280047679354841, 1.0], "k_pid_alt": [2.0, 0.8640097400704241, 0.6589139511358154], "k_pid_att": [81.12307088544307, 1.3287821831487745, 1.0], "k_pid_yaw": [0.5, 1e-06, 0.1], "k_pid_hsp": [4.571983842079548, 0.0, 1.0], "k_pid_vsp": [360.4141461426589, 375.6947437087183, 212.90295392111932]}, "datetime": {"datetime": "2025-08-22 00:59:33", "elapsed": 58490.41552519798, "delta": 38.8273024559021}, "costs": {"total_cost": 828.1455729944712, "time_cost": 150, "final_distance_cost": 65.18400465600783, "oscillation_cost": 307.73994532696423, "completition_cost": 222.2222222222222, "overshoot_cost": 48.54813850399416, "power_cost": 19.54391553955078, "noise_cost": 14.907346745731964, "n_waypoints_completed": 7, "tot_waypoints": 9}}
{"target": -372.24206000364444, "params": {"k_pid_pos": [2.0, 0.0, 1.0], "k_pid_alt": [2.0, 1.0, 1.0], "k_pid_att": [85.26582582622123, 0.0001, 1.0], "k_pid_yaw": [0.5, 1e-06, 0.1], "k_pid_hsp": [10.0, 0.0, 1.0], "k_pid_vsp": [364.36619140687753, 377.6064830376204, 221.42757567596544]}, "datetime": {"datetime": "2025-08-22 01:00:06", "elapsed": 58523.06620430946, "delta": 32.65067911148071}, "costs": {"total_cost": 372.24206000364444, "time_cost": 84.968, "final_distance_cost": 1.747721046644669, "oscillation_cost": 195.68117372381053, "completition_cost": 0.0, "overshoot_cost": 56.61274172630866, "power_cost": 18.904096435546876, "noise_cost": 14.328327071333662, "n_waypoints_completed": 9, "tot_waypoints": 9}}
{"target": -374.4703207944274, "params": {"k_pid_pos": [1.9030950323082696, 0.4382189342338705, 0.6115746101681945], "k_pid_alt": [1.3104270912221658, 0.6733605691531722, 0.8780353279659351], "k_pid_att": [25.196572894229863, 2.425021622436063, 0.6654563939821136], "k_pid_yaw": [0.5, 1e-06, 0.1], "k_pid_hsp": [7.2473964565101126, 0.7787410298802158, 0.12153694975913176], "k_pid_vsp": [221.68618151798913, 393.02476221417805, 192.64916050519975]}, "datetime": {"datetime": "2025-08-22 01:00:46", "elapsed": 58562.47164225578, "delta": 39.40543794631958}, "costs": {"total_cost": 374.4703207944274, "time_cost": 90.392, "final_distance_cost": 1.7796262217546874, "oscillation_cost": 193.50606642689354, "completition_cost": 0.0, "overshoot_cost": 53.44046671288778, "power_cost": 20.56374051513672, "noise_cost": 14.78842091775471, "n_waypoints_completed": 9, "tot_waypoints": 9}}
{"target": -676.9651735424793, "params": {"k_pid_pos": [2.0, 1.0, 1.0], "k_pid_alt": [2.0, 1.0, 1.0], "k_pid_att": [11.623830500432586, 0.38206262796198687, 1.0], "k_pid_yaw": [0.5, 1e-06, 0.1], "k_pid_hsp": [4.911859869056181, 0.0, 1.0], "k_pid_vsp": [328.3795895430252, 324.75678146845087, 21.29258557974323]}, "datetime": {"datetime": "2025-08-22 01:01:23", "elapsed": 58599.741107702255, "delta": 37.26946544647217}, "costs": {"total_cost": 676.9651735424793, "time_cost": 150, "final_distance_cost": 63.961190278922054, "oscillation_cost": 138.326221958415, "completition_cost": 222.2222222222222, "overshoot_cost": 57.997360570571956, "power_cost": 24.56515740966797, "noise_cost": 19.893021102680084, "n_waypoints_completed": 7, "tot_waypoints": 9}}
{"target": -1315.8458288771385, "params": {"k_pid_pos": [0.0001, 0.0, 1.0], "k_pid_alt": [0.0, 1.0, 1.0], "k_pid_att": [36.96433733048315, 3.2008702785280962, 1.0], "k_pid_yaw": [0.5, 1e-06, 0.1], "k_pid_hsp": [4.466974729874794, 1.0, 0.0], "k_pid_vsp": [95.12215618977916, 63.5201790851405, 32.16942433333587]}, "datetime": {"datetime": "2025-08-22 01:02:13", "elapsed": 58649.910823345184, "delta": 50.16971564292908}, "costs": {"total_cost": 1315.8458288771385, "time_cost": 150, "final_distance_cost": 56.28755725609324, "oscillation_cost": 32.20239511790836, "completition_cost": 1000.0, "overshoot_cost": 42.73793230385928, "power_cost": 19.618730737304688, "noise_cost": 14.999213461972772, "n_waypoints_completed": 0, "tot_waypoints": 9}}
{"target": -941.9297202123297, "params": {"k_pid_pos": [1.990108532986525, 0.38846994851871974, 0.280486222282874], "k_pid_alt": [0.6156561773071885, 0.8394062436632668, 0.6771781770486238], "k_pid_att": [93.58769682667362, 3.208218701326124, 0.651273967562049], "k_pid_yaw": [0.5, 1e-06, 0.1], "k_pid_hsp": [6.052260401774636, 0.3778070831282556, 0.915677198488222], "k_pid_vsp": [348.8520049337105, 328.3543479150379, 98.7354963532629]}, "datetime": {"datetime": "2025-08-22 01:02:53", "elapsed": 58689.60940694809, "delta": 39.69858360290527}, "costs": {"total_cost": 941.9297202123297, "time_cost": 150, "final_distance_cost": 50.93601696918071, "oscillation_cost": 210.579520923358, "completition_cost": 444.4444444444444, "overshoot_cost": 47.18518912247805, "power_cost": 21.665650317382813, "noise_cost": 17.118898435485622, "n_waypoints_completed": 5, "tot_waypoints": 9}}
{"target": -663.4109524092753, "params": {"k_pid_pos": [0.38462787181604724, 0.021126826286937628, 0.5374044347677489], "k_pid_alt": [1.7375032704211677, 0.38352382957874576, 0.7884957240351824], "k_pid_att": [52.503174921748574, 8.035441818891815, 0.9802082074859814], "k_pid_yaw": [0.5, 1e-06, 0.1], "k_pid_hsp": [7.450457477177767, 0.20399157461764372, 0.0928836481483748], "k_pid_vsp": [312.39533251085317, 46.819848531013704, 10.560491822906451]}, "datetime": {"datetime": "2025-08-22 01:03:29", "elapsed": 58726.41414642334, "delta": 36.804739475250244}, "costs": {"total_cost": 663.4109524092753, "time_cost": 150, "final_distance_cost": 65.57003499432051, "oscillation_cost": 253.83626626362502, "completition_cost": 111.11111111111116, "overshoot_cost": 48.355681844229224, "power_cost": 19.115519482421877, "noise_cost": 15.422338713567479, "n_waypoints_completed": 8, "tot_waypoints": 9}}
{"target": -425.32666468414646, "params": {"k_pid_pos": [2.0, 0.0, 1.0], "k_pid_alt": [2.0, 1.0, 1.0], "k_pid_att": [85.68497135010531, 0.0001, 1.0], "k_pid_yaw": [0.5, 1e-06, 0.1], "k_pid_hsp": [10.0, 0.0, 1.0], "k_pid_vsp": [362.5870616337829, 380.73152665296976, 216.79144541176964]}, "datetime": {"datetime": "2025-08-22 01:04:10", "elapsed": 58766.854788541794, "delta": 40.44064211845398}, "costs": {"total_cost": 425.32666468414646, "time_cost": 89.83200000000001, "final_distance_cost": 1.839258387037582, "oscillation_cost": 251.14357598195556, "completition_cost": 0.0, "overshoot_cost": 56.42350093560841, "power_cost": 13.870487292480469, "noise_cost": 12.217842087064454, "n_waypoints_completed": 9, "tot_waypoints": 9}}
{"target": -884.3392346566714, "params": {"k_pid_pos": [1.4830527465901058, 0.481641806308832, 0.14081290206718033], "k_pid_alt": [0.07719136428531503, 0.32489711447639236, 0.7595790923575231], "k_pid_att": [95.0391090700392, 9.542484945535522, 0.2706450951952447], "k_pid_yaw": [0.5, 1e-06, 0.1], "k_pid_hsp": [7.84536913854159, 0.7392754470993891, 0.22774352233143946], "k_pid_vsp": [341.04519298746936, 321.0633791117303, 92.63452392546144]}, "datetime": {"datetime": "2025-08-22 01:04:44", "elapsed": 58801.12482833862, "delta": 34.270039796829224}, "costs": {"total_cost": 884.3392346566714, "time_cost": 150, "final_distance_cost": 67.469505711535, "oscillation_cost": 238.86505083338182, "completition_cost": 333.33333333333337, "overshoot_cost": 56.85409313293475, "power_cost": 21.780688122558594, "noise_cost": 16.0365635229279, "n_waypoints_completed": 6, "tot_waypoints": 9}}
{"target": -1264.3421619936041, "params": {"k_pid_pos": [0.6264254143788909, 0.6224138612514921, 0.8994270121273436], "k_pid_alt": [0.9828008260618846, 0.8652854995221639, 0.5214148499348672], "k_pid_att": [47.864027183829315, 4.382878940942319, 0.5851003926610537], "k_pid_yaw": [0.5, 1e-06, 0.1], "k_pid_hsp": [0.8190144012931837, 0.2076318477589093, 0.3804655148991406], "k_pid_vsp": [301.67206448712517, 123.47323410697832, 317.4550011573832]}, "datetime": {"datetime": "2025-08-22 01:05:22", "elapsed": 58839.445895671844, "delta": 38.321067333221436}, "costs": {"total_cost": 1264.3421619936041, "time_cost": 150, "final_distance_cost": 68.85293687996732, "oscillation_cost": 299.58175165865873, "completition_cost": 666.6666666666667, "overshoot_cost": 44.790095426648016, "power_cost": 19.38560936279297, "noise_cost": 15.065101998870313, "n_waypoints_completed": 3, "tot_waypoints": 9}}
