{"target": -1383.879879061674, "params": {"k_pid_pos": [0.7249674435493147, 0.13000313966430566, 0.36442123942924143], "k_pid_alt": [0.299751539155678, 0.6849303996033697, 0.27203973463489706], "k_pid_att": [22.598840368848073, 9.253779176459272, 0.5260232257968678], "k_pid_yaw": [0.5, 1e-06, 0.1], "k_pid_hsp": [0.21051490929702657, 0.7393088713239986, 0.9744394154750349], "k_pid_vsp": [136.07868379455374, 283.7260346339483, 256.40689635094765]}, "datetime": {"datetime": "2025-08-21 14:22:23", "elapsed": 20260.245586395264, "delta": 25.186814785003662}, "costs": {"total_cost": 1383.879879061674, "time_cost": 150, "final_distance_cost": 82.92712744103359, "oscillation_cost": 280.1690897424115, "completition_cost": 777.7777777777778, "overshoot_cost": 59.796142453054216, "power_cost": 18.464870507812503, "noise_cost": 14.744871139584271, "n_waypoints_completed": 2, "tot_waypoints": 9}}
{"target": -1423.2369481444566, "params": {"k_pid_pos": [1.8862276349826077, 0.35113683860951905, 0.963082312056834], "k_pid_alt": [1.818558162281295, 0.9755570026187302, 0.8991202637112897], "k_pid_att": [91.35413973726443, 0.8579756153271201, 0.6624784330491627], "k_pid_yaw": [0.5, 1e-06, 0.1], "k_pid_hsp": [0.7359651764271371, 0.21327292834359246, 0.7640256486543445], "k_pid_vsp": [379.56139836767983, 291.3618512656554, 383.82272959473454]}, "datetime": {"datetime": "2025-08-21 14:22:48", "elapsed": 20285.300810337067, "delta": 25.05522394180298}, "costs": {"total_cost": 1423.2369481444566, "time_cost": 150, "final_distance_cost": 81.52323641770039, "oscillation_cost": 315.46164452790066, "completition_cost": 777.7777777777778, "overshoot_cost": 56.24303967982776, "power_cost": 24.400514794921875, "noise_cost": 17.83073494632806, "n_waypoints_completed": 2, "tot_waypoints": 9}}
{"target": -1202.2794138184918, "params": {"k_pid_pos": [1.563789186048955, 0.7899439663819539, 0.19203704765651808], "k_pid_alt": [1.2093003354429608, 0.9518156277326861, 0.8005992416842974], "k_pid_att": [19.20006521268156, 1.0912712479307811, 0.7475377636589273], "k_pid_yaw": [0.5, 1e-06, 0.1], "k_pid_hsp": [3.3312795984899153, 0.6292550103036271, 0.2743165975771249], "k_pid_vsp": [215.068830181711, 135.19122927969428, 237.20533654865113]}, "datetime": {"datetime": "2025-08-21 14:23:13", "elapsed": 20310.442155838013, "delta": 25.141345500946045}, "costs": {"total_cost": 1202.2794138184918, "time_cost": 150, "final_distance_cost": 57.92673367344094, "oscillation_cost": 226.38160261111983, "completition_cost": 666.6666666666667, "overshoot_cost": 56.98406847688657, "power_cost": 25.04842225341797, "noise_cost": 19.27192013695979, "n_waypoints_completed": 3, "tot_waypoints": 9}}
{"target": -721.4299575444503, "params": {"k_pid_pos": [0.6187321847528227, 0.4587735103091326, 0.33138183321225256], "k_pid_alt": [0.9412956706529276, 0.9292879025684022, 0.15404655974821269], "k_pid_att": [80.6480138442356, 6.064685770877265, 0.2482847337544617], "k_pid_yaw": [0.5, 1e-06, 0.1], "k_pid_hsp": [5.425396206701956, 0.23603253209687858, 0.06093699732429314], "k_pid_vsp": [232.83650316495016, 101.26770810167058, 16.11764070234115]}, "datetime": {"datetime": "2025-08-21 14:23:39", "elapsed": 20335.920236587524, "delta": 25.47808074951172}, "costs": {"total_cost": 721.4299575444503, "time_cost": 150, "final_distance_cost": 74.73576994292242, "oscillation_cost": 188.76576067449045, "completition_cost": 222.2222222222222, "overshoot_cost": 51.62265697410554, "power_cost": 18.11545125732422, "noise_cost": 15.968096473385502, "n_waypoints_completed": 7, "tot_waypoints": 9}}
{"target": -1392.8779413917448, "params": {"k_pid_pos": [0.08504877183407605, 0.16517123714119342, 0.7883398800391772], "k_pid_alt": [0.6712295682104477, 0.8910199611977971, 0.4022375953753693], "k_pid_att": [89.42838267739882, 3.8238850810184193, 0.8644581119006725], "k_pid_yaw": [0.5, 1e-06, 0.1], "k_pid_hsp": [5.928863676087769, 0.7017312216843201, 0.12195479625142158], "k_pid_vsp": [185.20798771056937, 261.4834241577601, 60.075147360868364]}, "datetime": {"datetime": "2025-08-21 14:24:10", "elapsed": 20366.513123750687, "delta": 30.59288716316223}, "costs": {"total_cost": 1392.8779413917448, "time_cost": 150, "final_distance_cost": 62.77812453040922, "oscillation_cost": 419.32984825955185, "completition_cost": 666.6666666666667, "overshoot_cost": 63.707962103906965, "power_cost": 16.744797473144533, "noise_cost": 13.650542358065433, "n_waypoints_completed": 3, "tot_waypoints": 9}}
{"target": -1008.6050034350103, "params": {"k_pid_pos": [1.4911935363580429, 0.9470862076250756, 0.11461483146948459], "k_pid_alt": [1.6195488320955018, 0.17329321804587972, 0.6535181190701749], "k_pid_att": [50.76017287561777, 2.0932876360798196, 0.36549537345913674], "k_pid_yaw": [0.5, 1e-06, 0.1], "k_pid_hsp": [2.258878928638453, 0.8291534638511143, 0.8261945710688327], "k_pid_vsp": [213.10041222603638, 118.09091381192601, 174.50248356524824]}, "datetime": {"datetime": "2025-08-21 14:24:35", "elapsed": 20392.017475366592, "delta": 25.50435161590576}, "costs": {"total_cost": 1008.6050034350103, "time_cost": 150, "final_distance_cost": 39.28497562857385, "oscillation_cost": 154.57059057347624, "completition_cost": 555.5555555555555, "overshoot_cost": 74.55833311005901, "power_cost": 19.90439265136719, "noise_cost": 14.731155915978434, "n_waypoints_completed": 4, "tot_waypoints": 9}}
{"target": -1099.5248850959504, "params": {"k_pid_pos": [1.494999521106686, 0.9475868299606078, 0.42875849963788226], "k_pid_alt": [0.7475542767096803, 0.2531771168581881, 0.8273376763605936], "k_pid_att": [49.086850719578244, 6.513439822825614, 0.5956908908791196], "k_pid_yaw": [0.5, 1e-06, 0.1], "k_pid_hsp": [9.699727105939598, 0.02720152436838552, 0.4172523878282697], "k_pid_vsp": [353.169177526291, 44.92876557225649, 290.84655308574014]}, "datetime": {"datetime": "2025-08-21 14:25:03", "elapsed": 20419.693219184875, "delta": 27.67574381828308}, "costs": {"total_cost": 1099.5248850959504, "time_cost": 150, "final_distance_cost": 46.169875204174616, "oscillation_cost": 257.359168691483, "completition_cost": 555.5555555555555, "overshoot_cost": 59.16498951181541, "power_cost": 17.382381640625002, "noise_cost": 13.892914492296766, "n_waypoints_completed": 4, "tot_waypoints": 9}}
{"target": -1040.229801323124, "params": {"k_pid_pos": [0.5293491720179726, 0.23761938022627793, 0.9146498817908613], "k_pid_alt": [1.194268597948826, 0.5069725170573625, 0.1480555382917239], "k_pid_att": [48.97004050526381, 5.641345307387089, 0.8786978921533574], "k_pid_yaw": [0.5, 1e-06, 0.1], "k_pid_hsp": [1.436971271159931, 0.6303451955959406, 0.42180358356313785], "k_pid_vsp": [51.60010457136224, 358.591499857243, 65.96266762734552]}, "datetime": {"datetime": "2025-08-21 14:25:30", "elapsed": 20446.883290290833, "delta": 27.19007110595703}, "costs": {"total_cost": 1040.229801323124, "time_cost": 150, "final_distance_cost": 51.13214198485471, "oscillation_cost": 321.0161329242397, "completition_cost": 444.4444444444444, "overshoot_cost": 42.93482847081667, "power_cost": 16.9053416015625, "noise_cost": 13.796911897206234, "n_waypoints_completed": 5, "tot_waypoints": 9}}
{"target": -1801.2741188943673, "params": {"k_pid_pos": [1.8434919723458456, 0.8441235831903997, 0.5903481941207469], "k_pid_alt": [1.3768106246139897, 0.6850866570342568, 0.4958526059611984], "k_pid_att": [89.72907555528565, 5.224837086922435, 0.09488139526078399], "k_pid_yaw": [0.5, 1e-06, 0.1], "k_pid_hsp": [0.3691899378463518, 0.6849446684159769, 0.659682895774176], "k_pid_vsp": [61.03217796581295, 73.94089407800521, 331.37906597381044]}, "datetime": {"datetime": "2025-08-21 14:25:55", "elapsed": 20472.382504224777, "delta": 25.499213933944702}, "costs": {"total_cost": 1801.2741188943673, "time_cost": 150, "final_distance_cost": 37.46744220501217, "oscillation_cost": 379.6489627064041, "completition_cost": 1000.0, "overshoot_cost": 188.4039152835267, "power_cost": 20.521068164062502, "noise_cost": 25.232730535361902, "n_waypoints_completed": 0, "tot_waypoints": 9}}
{"target": -1130.7182368168656, "params": {"k_pid_pos": [1.5815304066642566, 0.8244833812056375, 0.244172736819393], "k_pid_alt": [0.27506069346703055, 0.3863601657406671, 0.7641505409228329], "k_pid_att": [95.42049218898872, 4.271338510144411, 0.6207552003215697], "k_pid_yaw": [0.5, 1e-06, 0.1], "k_pid_hsp": [9.03057067999028, 0.9144885393741305, 0.04936303509104911], "k_pid_vsp": [164.66627225617242, 208.130590582781, 256.39773714717245]}, "datetime": {"datetime": "2025-08-21 14:26:21", "elapsed": 20498.090443611145, "delta": 25.707939386367798}, "costs": {"total_cost": 1130.7182368168656, "time_cost": 150, "final_distance_cost": 55.03779141571655, "oscillation_cost": 147.94584566847925, "completition_cost": 666.6666666666667, "overshoot_cost": 69.05909056410529, "power_cost": 24.20061512451172, "noise_cost": 17.808227377386117, "n_waypoints_completed": 3, "tot_waypoints": 9}}
{"target": -1439.649610931376, "params": {"k_pid_pos": [1.0092332717229606, 0.25322721536742465, 0.23964303001745912], "k_pid_alt": [0.7590481928498933, 0.7946507108791926, 0.8941134695768547], "k_pid_att": [54.57714958282415, 7.566980972523024, 0.5480328990140662], "k_pid_yaw": [0.5, 1e-06, 0.1], "k_pid_hsp": [1.0752669287841492, 0.28896449086125675, 0.5115358476533397], "k_pid_vsp": [81.75564259512278, 151.77197176940876, 222.2364715014042]}, "datetime": {"datetime": "2025-08-21 14:26:47", "elapsed": 20523.556064367294, "delta": 25.465620756149292}, "costs": {"total_cost": 1439.649610931376, "time_cost": 150, "final_distance_cost": 79.47081907094056, "oscillation_cost": 211.51794577111394, "completition_cost": 888.8888888888888, "overshoot_cost": 69.53197251492466, "power_cost": 21.880984887695313, "noise_cost": 18.358999797812576, "n_waypoints_completed": 1, "tot_waypoints": 9}}
{"target": -843.2136042664271, "params": {"k_pid_pos": [1.0765778869060152, 0.7901592070017563, 0.7159109704493724], "k_pid_alt": [1.1359868261648531, 0.8807980766151495, 0.9135150026345923], "k_pid_att": [3.0634326037635384, 3.9777255187178113, 0.27847285061096816], "k_pid_yaw": [0.5, 1e-06, 0.1], "k_pid_hsp": [7.795505254977897, 0.19846203673410656, 0.6861977231552814], "k_pid_vsp": [107.3554045886001, 152.05472029753844, 5.782496001855303]}, "datetime": {"datetime": "2025-08-21 14:27:12", "elapsed": 20549.153920412064, "delta": 25.597856044769287}, "costs": {"total_cost": 843.2136042664271, "time_cost": 150, "final_distance_cost": 50.1829569720518, "oscillation_cost": 212.62086467828348, "completition_cost": 333.33333333333337, "overshoot_cost": 53.365393529660714, "power_cost": 24.348996630859375, "noise_cost": 19.3620591222383, "n_waypoints_completed": 6, "tot_waypoints": 9}}
{"target": -1074.5627533132183, "params": {"k_pid_pos": [1.1517181979009747, 0.46364952328420017, 0.035477132226190866], "k_pid_alt": [0.0970168136259697, 0.08240622889677773, 0.8282732735656275], "k_pid_att": [74.68908537524428, 1.765029114684684, 0.9195632395269042], "k_pid_yaw": [0.5, 1e-06, 0.1], "k_pid_hsp": [7.218559202349089, 0.13157206402357347, 0.8534378249924252], "k_pid_vsp": [141.2336998142536, 347.92608769706356, 209.20801310383058]}, "datetime": {"datetime": "2025-08-21 14:27:38", "elapsed": 20574.90086865425, "delta": 25.7469482421875}, "costs": {"total_cost": 1074.5627533132183, "time_cost": 150, "final_distance_cost": 52.82667153824679, "oscillation_cost": 232.20200929399925, "completition_cost": 555.5555555555555, "overshoot_cost": 48.893029454562296, "power_cost": 19.704839282226562, "noise_cost": 15.380648188627607, "n_waypoints_completed": 4, "tot_waypoints": 9}}
{"target": -1445.5077951562462, "params": {"k_pid_pos": [1.6857586800065834, 0.8649724007428427, 0.32095252445691425], "k_pid_alt": [0.3803007654396646, 0.699842108353262, 0.6155678906155173], "k_pid_att": [8.707655584003849, 9.146884629650481, 0.71269098783234], "k_pid_yaw": [0.5, 1e-06, 0.1], "k_pid_hsp": [0.04259398465257687, 0.9295269863065928, 0.046199974022342105], "k_pid_vsp": [13.520744473236013, 167.61839639904437, 154.35141084449688]}, "datetime": {"datetime": "2025-08-21 14:28:04", "elapsed": 20600.54040145874, "delta": 25.639532804489136}, "costs": {"total_cost": 1445.5077951562462, "time_cost": 150, "final_distance_cost": 19.458581260327737, "oscillation_cost": 57.54119446641794, "completition_cost": 1000.0, "overshoot_cost": 141.4930586404357, "power_cost": 17.798028771972657, "noise_cost": 59.21693201709221, "n_waypoints_completed": 0, "tot_waypoints": 9}}
{"target": -1156.6907872767686, "params": {"k_pid_pos": [1.0813467069425258, 0.9463803205048803, 0.39569154612492063], "k_pid_alt": [0.42732767049636733, 0.5845839441359023, 0.4610192831822345], "k_pid_att": [87.87799602017834, 0.5936778326575056, 0.8453460204538159], "k_pid_yaw": [0.5, 1e-06, 0.1], "k_pid_hsp": [6.169290091662989, 0.8853775355363652, 0.06663361162349435], "k_pid_vsp": [55.47694835264796, 108.01164829380089, 122.48535949612967]}, "datetime": {"datetime": "2025-08-21 14:28:29", "elapsed": 20626.325535058975, "delta": 25.785133600234985}, "costs": {"total_cost": 1156.6907872767686, "time_cost": 150, "final_distance_cost": 56.34227605855713, "oscillation_cost": 164.3974841923348, "completition_cost": 666.6666666666667, "overshoot_cost": 75.33701639730573, "power_cost": 22.86853787841797, "noise_cost": 21.078806083486104, "n_waypoints_completed": 3, "tot_waypoints": 9}}
{"target": -909.218597240782, "params": {"k_pid_pos": [0.39240029050012154, 0.14276168952646573, 0.831070632469613], "k_pid_alt": [1.0008645925862425, 0.5253926927419772, 0.47992074843161436], "k_pid_att": [24.30255676733313, 8.28477611750328, 0.5826149665312321], "k_pid_yaw": [0.5, 1e-06, 0.1], "k_pid_hsp": [8.22079354029408, 0.2768187498229193, 0.7292476585671431], "k_pid_vsp": [189.78905893294385, 312.88396629701066, 265.1312464107721]}, "datetime": {"datetime": "2025-08-21 14:28:55", "elapsed": 20652.208867311478, "delta": 25.88333225250244}, "costs": {"total_cost": 909.218597240782, "time_cost": 150, "final_distance_cost": 66.2543815687059, "oscillation_cost": 270.94539198244007, "completition_cost": 333.33333333333337, "overshoot_cost": 59.877544505104034, "power_cost": 15.907419506835938, "noise_cost": 12.900526344362563, "n_waypoints_completed": 6, "tot_waypoints": 9}}
{"target": -1364.6374960064609, "params": {"k_pid_pos": [0.7873886219729566, 0.5381927537421572, 0.9678280800678131], "k_pid_alt": [0.3531358183730502, 0.06464799164904145, 0.4263127012738075], "k_pid_att": [25.402175387908134, 6.027690347769546, 0.42478398757156954], "k_pid_yaw": [0.5, 1e-06, 0.1], "k_pid_hsp": [0.29394612739468656, 0.7411340931298018, 0.7681439580177765], "k_pid_vsp": [241.31536760791755, 227.42562547067388, 17.310206248388404]}, "datetime": {"datetime": "2025-08-21 14:29:21", "elapsed": 20677.647220373154, "delta": 25.438353061676025}, "costs": {"total_cost": 1364.6374960064609, "time_cost": 150, "final_distance_cost": 75.57933141230217, "oscillation_cost": 387.07094534964926, "completition_cost": 666.6666666666667, "overshoot_cost": 55.00031637086118, "power_cost": 17.005354052734376, "noise_cost": 13.314882154247103, "n_waypoints_completed": 3, "tot_waypoints": 9}}
{"target": -989.3052674303119, "params": {"k_pid_pos": [0.6327161627036755, 0.7978594570355474, 0.1423602369721616], "k_pid_alt": [0.9249126532210801, 0.36603822630377636, 0.8450867692666], "k_pid_att": [13.599203599178079, 2.1677797482500343, 0.6054755034773692], "k_pid_yaw": [0.5, 1e-06, 0.1], "k_pid_hsp": [3.2735753311740177, 0.7824686552998226, 0.6452885962586625], "k_pid_vsp": [247.73153635150592, 138.7520777941578, 243.79142653323552]}, "datetime": {"datetime": "2025-08-21 14:29:47", "elapsed": 20703.576014995575, "delta": 25.928794622421265}, "costs": {"total_cost": 989.3052674303119, "time_cost": 150, "final_distance_cost": 51.83914984974591, "oscillation_cost": 135.16037019873397, "completition_cost": 555.5555555555555, "overshoot_cost": 64.58328390261354, "power_cost": 18.241604113769533, "noise_cost": 13.925303809893478, "n_waypoints_completed": 4, "tot_waypoints": 9}}
{"target": -1562.5848324661465, "params": {"k_pid_pos": [1.270774206188386, 0.4379987624708669, 0.7896238428683156], "k_pid_alt": [1.6225687224866245, 0.05192496729001561, 0.5981369239634119], "k_pid_att": [30.82521162907277, 9.089611841673019, 0.3220742266799651], "k_pid_yaw": [0.5, 1e-06, 0.1], "k_pid_hsp": [3.615789043495421, 0.013945519721154098, 0.8928946110952088], "k_pid_vsp": [83.1939547135427, 145.8435619719055, 183.5187677324865]}, "datetime": {"datetime": "2025-08-21 14:30:13", "elapsed": 20729.734016895294, "delta": 26.15800189971924}, "costs": {"total_cost": 1562.5848324661465, "time_cost": 150, "final_distance_cost": 67.19964014174866, "oscillation_cost": 288.1261501604929, "completition_cost": 888.8888888888888, "overshoot_cost": 110.43747721687407, "power_cost": 23.015819653320314, "noise_cost": 34.916856404821935, "n_waypoints_completed": 1, "tot_waypoints": 9}}
{"target": -835.1251322359157, "params": {"k_pid_pos": [0.8986155094234977, 0.6543355599434186, 0.2334655843281197], "k_pid_alt": [0.38019384081731533, 0.7797956080960883, 0.5305756708307358], "k_pid_att": [10.080326147660623, 8.525432106932362, 0.33143131708609386], "k_pid_yaw": [0.5, 1e-06, 0.1], "k_pid_hsp": [7.369103414096647, 0.3223882548699186, 0.9625382819614449], "k_pid_vsp": [315.6201106332485, 82.61409699866546, 17.71749560378932]}, "datetime": {"datetime": "2025-08-21 14:30:40", "elapsed": 20756.717966079712, "delta": 26.983949184417725}, "costs": {"total_cost": 835.1251322359157, "time_cost": 150, "final_distance_cost": 65.98887367476102, "oscillation_cost": 195.2782082341295, "completition_cost": 333.33333333333337, "overshoot_cost": 54.96940393043629, "power_cost": 20.480713037109375, "noise_cost": 15.07460002614605, "n_waypoints_completed": 6, "tot_waypoints": 9}}
{"target": -978.182973304288, "params": {"k_pid_pos": [0.5947887740321327, 0.07639892459794584, 0.13735658962136132], "k_pid_alt": [1.1958151291869745, 0.1358756388618747, 0.9426451566485688], "k_pid_att": [44.24325724165787, 3.9648865068572414, 0.10896065417923262], "k_pid_yaw": [0.5, 1e-06, 0.1], "k_pid_hsp": [1.9036428331004975, 0.00666241394916145, 0.4014883632976939], "k_pid_vsp": [250.5570858559795, 178.167049867549, 134.71840623037008]}, "datetime": {"datetime": "2025-08-21 14:31:08", "elapsed": 20784.55447077751, "delta": 27.836504697799683}, "costs": {"total_cost": 978.182973304288, "time_cost": 150, "final_distance_cost": 74.84701937532427, "oscillation_cost": 343.8486149023908, "completition_cost": 333.33333333333337, "overshoot_cost": 43.63857293467626, "power_cost": 18.143858947753905, "noise_cost": 14.371573810809402, "n_waypoints_completed": 6, "tot_waypoints": 9}}
{"target": -977.8873356490238, "params": {"k_pid_pos": [0.07943233130885623, 0.8997051349934106, 0.18342653576616652], "k_pid_alt": [0.6434499328319918, 0.12506495019057717, 0.8343234296896918], "k_pid_att": [39.335117085191115, 9.434125316301893, 0.8174847496842292], "k_pid_yaw": [0.5, 1e-06, 0.1], "k_pid_hsp": [5.652261052432764, 0.051076031155558255, 0.4725712655126155], "k_pid_vsp": [210.01684771595131, 301.74198427477523, 13.31435160448681]}, "datetime": {"datetime": "2025-08-21 14:31:35", "elapsed": 20812.219485759735, "delta": 27.66501498222351}, "costs": {"total_cost": 977.8873356490238, "time_cost": 150, "final_distance_cost": 45.70764828058158, "oscillation_cost": 122.16930098605886, "completition_cost": 555.5555555555555, "overshoot_cost": 57.00192965021166, "power_cost": 26.89767099609375, "noise_cost": 20.555230180522468, "n_waypoints_completed": 4, "tot_waypoints": 9}}
{"target": -1135.052741425004, "params": {"k_pid_pos": [0.08071703964867548, 0.7556843694593904, 0.21093790329125073], "k_pid_alt": [0.3770123286999365, 0.08245083438094036, 0.12244161918828489], "k_pid_att": [37.06078094558788, 2.4931109914543077, 0.32035977133438065], "k_pid_yaw": [0.5, 1e-06, 0.1], "k_pid_hsp": [3.2412005721223176, 0.358584630956312, 0.16747576994931002], "k_pid_vsp": [254.11533913536002, 372.2220005724588, 372.8548581029215]}, "datetime": {"datetime": "2025-08-21 14:32:03", "elapsed": 20839.764559984207, "delta": 27.545074224472046}, "costs": {"total_cost": 1135.052741425004, "time_cost": 150, "final_distance_cost": 96.97944707437361, "oscillation_cost": 133.10736696844998, "completition_cost": 666.6666666666667, "overshoot_cost": 48.31673657998064, "power_cost": 23.20268624267578, "noise_cost": 16.779837892857103, "n_waypoints_completed": 3, "tot_waypoints": 9}}
{"target": -1162.0630346220332, "params": {"k_pid_pos": [1.0048532957704344, 0.8320739841698543, 0.8601628116250041], "k_pid_alt": [1.4284749916848354, 0.9335356506545799, 0.7974192872134362], "k_pid_att": [15.789360933110396, 4.18636751010787, 0.08994673978852541], "k_pid_yaw": [0.5, 1e-06, 0.1], "k_pid_hsp": [4.818403529823577, 0.014589359503456634, 0.6688826978778636], "k_pid_vsp": [327.9259286600274, 79.78856662612293, 149.9919726889021]}, "datetime": {"datetime": "2025-08-21 14:32:30", "elapsed": 20867.03275823593, "delta": 27.268198251724243}, "costs": {"total_cost": 1162.0630346220332, "time_cost": 150, "final_distance_cost": 43.123856447418504, "oscillation_cost": 333.35480869805735, "completition_cost": 555.5555555555555, "overshoot_cost": 44.830821157876414, "power_cost": 19.878984204101563, "noise_cost": 15.319008559024093, "n_waypoints_completed": 4, "tot_waypoints": 9}}
