{"target": -1785.4694315242255, "params": {"k_pid_pos": [0.1746018039804753, 0.9895305953747358, 0.8802835594626055], "k_pid_alt": [1.1880343128537552, 0.9268730446477839, 0.7730534891804169], "k_pid_att": [45.673547591704676, 1.4093896812067546, 0.32041792971100724], "k_pid_yaw": [0.5, 1e-06, 0.1], "k_pid_hsp": [2.436388982604844, 0.5919311874608623, 0.007412249403628168], "k_pid_vsp": [73.3303642673409, 314.3476414521316, 245.68700496180017]}, "datetime": {"datetime": "2025-08-21 14:12:04", "elapsed": 19640.899070978165, "delta": 25.268321752548218}, "costs": {"total_cost": 1785.4694315242255, "time_cost": 150, "final_distance_cost": 214.4682093056461, "oscillation_cost": 82.2083737731894, "completition_cost": 1000.0, "overshoot_cost": 310.8873725623982, "power_cost": 13.704185595703125, "noise_cost": 14.201290287288742, "n_waypoints_completed": 0, "tot_waypoints": 9}}
{"target": -907.2642889092209, "params": {"k_pid_pos": [0.5572477645776208, 0.8328021290760469, 0.49865272840510366], "k_pid_alt": [1.856531755262939, 0.16756431889573953, 0.5049989317659835], "k_pid_att": [55.725558413044375, 0.22275231198229375, 0.3958265553892486], "k_pid_yaw": [0.5, 1e-06, 0.1], "k_pid_hsp": [7.089150320464777, 0.5387395834412119, 0.34488210772362504], "k_pid_vsp": [209.5907210084436, 282.651401374353, 314.07653709485504]}, "datetime": {"datetime": "2025-08-21 14:12:29", "elapsed": 19666.189752340317, "delta": 25.2906813621521}, "costs": {"total_cost": 907.2642889092209, "time_cost": 150, "final_distance_cost": 68.32602287652736, "oscillation_cost": 260.6221882706275, "completition_cost": 333.33333333333337, "overshoot_cost": 48.68647905924072, "power_cost": 26.690804736328126, "noise_cost": 19.605460633163805, "n_waypoints_completed": 6, "tot_waypoints": 9}}
{"target": -1579.6953244333854, "params": {"k_pid_pos": [0.6282848594072318, 0.5743620479666404, 0.5973948408629303], "k_pid_alt": [0.3465038140384582, 0.4213001908366577, 0.6463253707556246], "k_pid_att": [28.453827450335133, 9.166673874095936, 0.3282936421691396], "k_pid_yaw": [0.5, 1e-06, 0.1], "k_pid_hsp": [0.30813710207051526, 0.311870929364909, 0.2840438239684262], "k_pid_vsp": [30.415156703861655, 348.11622424069077, 213.33839907600228]}, "datetime": {"datetime": "2025-08-21 14:12:54", "elapsed": 19691.38019990921, "delta": 25.190447568893433}, "costs": {"total_cost": 1579.6953244333854, "time_cost": 150, "final_distance_cost": 20.71793893546326, "oscillation_cost": 228.10840310818932, "completition_cost": 1000.0, "overshoot_cost": 131.04828606048162, "power_cost": 21.4091154296875, "noise_cost": 28.4115808995637, "n_waypoints_completed": 0, "tot_waypoints": 9}}
{"target": -834.2658833112829, "params": {"k_pid_pos": [0.511569333501426, 0.30516439616063995, 0.03881284826710063], "k_pid_alt": [0.21144491081815953, 0.481867006940526, 0.8744318348717706], "k_pid_att": [92.57059133718825, 6.0098309196368005, 0.9992795341530966], "k_pid_yaw": [0.5, 1e-06, 0.1], "k_pid_hsp": [8.260487291261295, 0.7456394778171853, 0.45973874247680335], "k_pid_vsp": [15.204197424119048, 364.2555130332971, 49.78095223014288]}, "datetime": {"datetime": "2025-08-21 14:13:20", "elapsed": 19717.07882666588, "delta": 25.69862675666809}, "costs": {"total_cost": 834.2658833112829, "time_cost": 150, "final_distance_cost": 60.45154481291882, "oscillation_cost": 190.25248073707198, "completition_cost": 333.33333333333337, "overshoot_cost": 52.941771765258544, "power_cost": 26.829701196289065, "noise_cost": 20.457051466411194, "n_waypoints_completed": 6, "tot_waypoints": 9}}
{"target": -740.5479945456299, "params": {"k_pid_pos": [1.4031488145149154, 0.3786622870579377, 0.1284832126264892], "k_pid_alt": [0.21029255585557172, 0.17470613764136944, 0.3003564803482339], "k_pid_att": [55.100466124288204, 8.755088147106004, 0.49527473745321715], "k_pid_yaw": [0.5, 1e-06, 0.1], "k_pid_hsp": [1.193079809948572, 0.9914172810734156, 0.2924384184453641], "k_pid_vsp": [390.97174473408415, 212.0149581112395, 99.6741982604225]}, "datetime": {"datetime": "2025-08-21 14:13:47", "elapsed": 19743.78036236763, "delta": 26.70153570175171}, "costs": {"total_cost": 740.5479945456299, "time_cost": 150, "final_distance_cost": 48.536342872613645, "oscillation_cost": 125.04254275737647, "completition_cost": 333.33333333333337, "overshoot_cost": 46.38265914183385, "power_cost": 20.99443319091797, "noise_cost": 16.258683249554483, "n_waypoints_completed": 6, "tot_waypoints": 9}}
{"target": -1278.0127287696919, "params": {"k_pid_pos": [0.9680745596546518, 0.18072748567289243, 0.3947134232768351], "k_pid_alt": [1.3179626653084278, 0.06651257472249139, 0.9763729729854848], "k_pid_att": [50.69354662136883, 7.117696646731902, 0.9581180007633778], "k_pid_yaw": [0.5, 1e-06, 0.1], "k_pid_hsp": [0.4427389015610532, 0.7216155913488685, 0.11798549299565941], "k_pid_vsp": [63.576951655391014, 263.2246513395452, 334.0892094988827]}, "datetime": {"datetime": "2025-08-21 14:14:12", "elapsed": 19769.146404266357, "delta": 25.366041898727417}, "costs": {"total_cost": 1278.0127287696919, "time_cost": 150, "final_distance_cost": 93.34007653844836, "oscillation_cost": 166.16709576041225, "completition_cost": 777.7777777777778, "overshoot_cost": 50.65772514285091, "power_cost": 20.73694862060547, "noise_cost": 19.33310492959707, "n_waypoints_completed": 2, "tot_waypoints": 9}}
{"target": -1406.9812289034264, "params": {"k_pid_pos": [0.1533563773669518, 0.16984279650971446, 0.5202947453275242], "k_pid_alt": [1.5684960435906599, 0.7364896255423637, 0.48362396853415], "k_pid_att": [32.32321221527704, 8.469302294008509, 0.1505409024460287], "k_pid_yaw": [0.5, 1e-06, 0.1], "k_pid_hsp": [3.579166986458989, 0.3881782920246364, 0.7450084753607412], "k_pid_vsp": [32.155089777795, 383.94347333895894, 138.6015860047523]}, "datetime": {"datetime": "2025-08-21 14:14:39", "elapsed": 19796.239013671875, "delta": 27.092609405517578}, "costs": {"total_cost": 1406.9812289034264, "time_cost": 150, "final_distance_cost": 50.95548528421934, "oscillation_cost": 449.08515282517556, "completition_cost": 666.6666666666667, "overshoot_cost": 52.6233495924028, "power_cost": 21.5204181640625, "noise_cost": 16.13015637089956, "n_waypoints_completed": 3, "tot_waypoints": 9}}
{"target": -807.5771402434549, "params": {"k_pid_pos": [0.502389336057071, 0.4292661786308172, 0.15782915149114007], "k_pid_alt": [0.4965996694616699, 0.49658990465363995, 0.7757959208447185], "k_pid_att": [7.919170274674192, 2.5193182963481395, 0.18673738699357156], "k_pid_yaw": [0.5, 1e-06, 0.1], "k_pid_hsp": [9.472701119160106, 0.982508432968067, 0.9982794032309097], "k_pid_vsp": [389.9357165614321, 355.00030106945275, 172.33387931253034]}, "datetime": {"datetime": "2025-08-21 14:15:05", "elapsed": 19821.549648046494, "delta": 25.31063437461853}, "costs": {"total_cost": 807.5771402434549, "time_cost": 150, "final_distance_cost": 61.81758871874183, "oscillation_cost": 182.35315343378403, "completition_cost": 333.33333333333337, "overshoot_cost": 47.625498938015326, "power_cost": 17.79392097167969, "noise_cost": 14.653644847900699, "n_waypoints_completed": 6, "tot_waypoints": 9}}
{"target": -1135.0824331897707, "params": {"k_pid_pos": [0.058195009659521395, 0.4783775279153114, 0.009426188345188602], "k_pid_alt": [0.7838477055652997, 0.526261337238513, 0.8536909622514752], "k_pid_att": [57.42557224782565, 2.4740418280023846, 0.20723844592377705], "k_pid_yaw": [0.5, 1e-06, 0.1], "k_pid_hsp": [0.8113230726870851, 0.6112230489544964, 0.42120587864623527], "k_pid_vsp": [364.94514561400746, 53.30966032911709, 219.8738416134627]}, "datetime": {"datetime": "2025-08-21 14:15:30", "elapsed": 19846.805015563965, "delta": 25.255367517471313}, "costs": {"total_cost": 1135.0824331897707, "time_cost": 150, "final_distance_cost": 58.23328832394374, "oscillation_cost": 158.48051787473952, "completition_cost": 666.6666666666667, "overshoot_cost": 61.771591901687806, "power_cost": 21.88082897949219, "noise_cost": 18.049539443240707, "n_waypoints_completed": 3, "tot_waypoints": 9}}
{"target": -1225.0240075245406, "params": {"k_pid_pos": [0.2885398185257201, 0.3675302257008932, 0.7553607434717418], "k_pid_alt": [0.7974274725915849, 0.23378143698958542, 0.6395427451784034], "k_pid_att": [36.492572441379636, 1.2669184589881564, 0.12386947343849941], "k_pid_yaw": [0.5, 1e-06, 0.1], "k_pid_hsp": [5.184252528797979, 0.2947379069231374, 0.5796537728458523], "k_pid_vsp": [362.4539121480764, 131.25273520203527, 39.84000377185645]}, "datetime": {"datetime": "2025-08-21 14:15:55", "elapsed": 19872.06652736664, "delta": 25.26151180267334}, "costs": {"total_cost": 1225.0240075245406, "time_cost": 150, "final_distance_cost": 49.341992152347096, "oscillation_cost": 375.67816928598546, "completition_cost": 555.5555555555555, "overshoot_cost": 46.544729858048875, "power_cost": 28.393833557128907, "noise_cost": 19.509727115474835, "n_waypoints_completed": 4, "tot_waypoints": 9}}
{"target": -1314.3537701770067, "params": {"k_pid_pos": [1.7016356266620556, 0.30665365060912897, 0.6549826957529471], "k_pid_alt": [0.07655664402624285, 0.6300372509038299, 0.5520480563773927], "k_pid_att": [98.72858667748594, 5.547076308977932, 0.6689326158663512], "k_pid_yaw": [0.5, 1e-06, 0.1], "k_pid_hsp": [9.701078758208658, 0.9008468568463643, 0.9648784685761915], "k_pid_vsp": [48.83394880601153, 322.751489238038, 283.1810969722804]}, "datetime": {"datetime": "2025-08-21 14:16:21", "elapsed": 19897.848291635513, "delta": 25.781764268875122}, "costs": {"total_cost": 1314.3537701770067, "time_cost": 150, "final_distance_cost": 52.75933199879396, "oscillation_cost": 340.7496017742784, "completition_cost": 666.6666666666667, "overshoot_cost": 64.0410476417956, "power_cost": 21.370606799316405, "noise_cost": 18.766515296155635, "n_waypoints_completed": 3, "tot_waypoints": 9}}
{"target": -458.48194063632934, "params": {"k_pid_pos": [0.5031371113552432, 0.7148403548916522, 0.46343780025069947], "k_pid_alt": [1.997550319874231, 0.5182528334550038, 0.24895269471388393], "k_pid_att": [40.374216888696836, 9.984221635749487, 0.6138549628961518], "k_pid_yaw": [0.5, 1e-06, 0.1], "k_pid_hsp": [8.901054142082566, 0.49243391916873536, 0.03110086253989619], "k_pid_vsp": [315.6700068631345, 44.99316954762511, 63.918181285572004]}, "datetime": {"datetime": "2025-08-21 14:16:47", "elapsed": 19923.615734815598, "delta": 25.76744318008423}, "costs": {"total_cost": 458.48194063632934, "time_cost": 150, "final_distance_cost": 35.09070122983308, "oscillation_cost": 76.7910578957772, "completition_cost": 111.11111111111116, "overshoot_cost": 52.0878577655866, "power_cost": 18.793117541503907, "noise_cost": 14.608095092517368, "n_waypoints_completed": 8, "tot_waypoints": 9}}
{"target": -1695.8089469860163, "params": {"k_pid_pos": [1.5041059641923882, 0.18561769408079276, 0.7754579295798196], "k_pid_alt": [1.2069699888138308, 0.32746851317733916, 0.008637305020180674], "k_pid_att": [92.07157442290573, 4.773046608204444, 0.3350414387419176], "k_pid_yaw": [0.5, 1e-06, 0.1], "k_pid_hsp": [6.742193428631265, 0.01543754500786787, 0.7672729322890505], "k_pid_vsp": [62.94961222090283, 196.1747897918958, 227.6779396141634]}, "datetime": {"datetime": "2025-08-21 14:17:12", "elapsed": 19948.673927545547, "delta": 25.05819272994995}, "costs": {"total_cost": 1695.8089469860163, "time_cost": 150, "final_distance_cost": 238.36903914415527, "oscillation_cost": 377.5740171207463, "completition_cost": 666.6666666666667, "overshoot_cost": 228.40318475031427, "power_cost": 18.887261071777345, "noise_cost": 15.90877823235633, "n_waypoints_completed": 3, "tot_waypoints": 9}}
{"target": -790.7942175491658, "params": {"k_pid_pos": [1.7895949354187963, 0.8082369523982685, 0.738123190499893], "k_pid_alt": [1.201812529424503, 0.5877701283356005, 0.596468654602856], "k_pid_att": [78.78972628998999, 3.818126001469823, 0.810022924746482], "k_pid_yaw": [0.5, 1e-06, 0.1], "k_pid_hsp": [7.359971951129717, 0.2525852280188088, 0.15676942839574715], "k_pid_vsp": [218.2063090554585, 267.769839957712, 217.08824813928038]}, "datetime": {"datetime": "2025-08-21 14:17:38", "elapsed": 19975.40934085846, "delta": 26.735413312911987}, "costs": {"total_cost": 790.7942175491658, "time_cost": 150, "final_distance_cost": 69.50184393065155, "oscillation_cost": 261.4968619556398, "completition_cost": 222.2222222222222, "overshoot_cost": 55.949832484493065, "power_cost": 17.615124743652345, "noise_cost": 14.008332212506767, "n_waypoints_completed": 7, "tot_waypoints": 9}}
{"target": -1028.8810426597245, "params": {"k_pid_pos": [0.858533025186862, 0.060833853623530665, 0.20665224586986186], "k_pid_alt": [1.7086763399827827, 0.7335079935829887, 0.2718397709106768], "k_pid_att": [56.58288829782692, 0.42832092307101405, 0.7260041485250879], "k_pid_yaw": [0.5, 1e-06, 0.1], "k_pid_hsp": [3.73901788120476, 0.4071182132063875, 0.8779410183939294], "k_pid_vsp": [221.0787665120676, 50.33024957463681, 186.8137412029592]}, "datetime": {"datetime": "2025-08-21 14:18:04", "elapsed": 20000.644929885864, "delta": 25.235589027404785}, "costs": {"total_cost": 1028.8810426597245, "time_cost": 150, "final_distance_cost": 57.30770831573011, "oscillation_cost": 291.58352804062605, "completition_cost": 444.4444444444444, "overshoot_cost": 54.213454890504785, "power_cost": 16.98590456542969, "noise_cost": 14.34600240298948, "n_waypoints_completed": 5, "tot_waypoints": 9}}
{"target": -454.06270880510846, "params": {"k_pid_pos": [1.0167914352925733, 0.5345911602438552, 0.5677609421675863], "k_pid_alt": [1.3696407558376367, 0.5546740498171082, 0.43767409911328714], "k_pid_att": [17.686704964841603, 5.061792162512576, 0.019015022877914123], "k_pid_yaw": [0.5, 1e-06, 0.1], "k_pid_hsp": [7.4257769652135, 0.4799125727192496, 0.05166375561361425], "k_pid_vsp": [180.7492942961283, 4.149770146544358, 25.49640017476278]}, "datetime": {"datetime": "2025-08-21 14:18:30", "elapsed": 20027.264147758484, "delta": 26.61921787261963}, "costs": {"total_cost": 454.06270880510846, "time_cost": 86.672, "final_distance_cost": 1.741654452479086, "oscillation_cost": 276.31785183526574, "completition_cost": 0.0, "overshoot_cost": 53.86717957268306, "power_cost": 20.33075769042969, "noise_cost": 15.133265254250942, "n_waypoints_completed": 9, "tot_waypoints": 9}}
{"target": -1342.6217479977959, "params": {"k_pid_pos": [0.06999245994628424, 0.9827880786995373, 0.3433650660946136], "k_pid_alt": [0.5636861494877328, 0.4305535603066203, 0.8875610686524389], "k_pid_att": [36.22724626049951, 5.250052034809568, 0.1174461417680227], "k_pid_yaw": [0.5, 1e-06, 0.1], "k_pid_hsp": [3.8228388693329993, 0.913624123182571, 0.48842353550463835], "k_pid_vsp": [264.59243901115985, 239.23904241084801, 316.63634194283185]}, "datetime": {"datetime": "2025-08-21 14:18:56", "elapsed": 20052.978157281876, "delta": 25.714009523391724}, "costs": {"total_cost": 1342.6217479977959, "time_cost": 150, "final_distance_cost": 72.267291267653, "oscillation_cost": 141.28359948182455, "completition_cost": 888.8888888888888, "overshoot_cost": 52.50156425824656, "power_cost": 21.63574732666016, "noise_cost": 16.04465677452287, "n_waypoints_completed": 1, "tot_waypoints": 9}}
{"target": -795.7753322402749, "params": {"k_pid_pos": [1.5837474763879604, 0.7746508273409178, 0.8189979784972149], "k_pid_alt": [0.8542965758872736, 0.6793826091612281, 0.9508498706032572], "k_pid_att": [57.558936612244715, 7.364317169979305, 0.5793547452205629], "k_pid_yaw": [0.5, 1e-06, 0.1], "k_pid_hsp": [4.695842960274842, 0.011115099113106486, 0.40519185869785734], "k_pid_vsp": [201.88855220528757, 382.41098998359405, 275.495064988726]}, "datetime": {"datetime": "2025-08-21 14:19:22", "elapsed": 20078.68913245201, "delta": 25.710975170135498}, "costs": {"total_cost": 795.7753322402749, "time_cost": 150, "final_distance_cost": 74.25853411381972, "oscillation_cost": 250.15479751953882, "completition_cost": 222.2222222222222, "overshoot_cost": 60.06275170590347, "power_cost": 22.519458251953125, "noise_cost": 16.55756842683759, "n_waypoints_completed": 7, "tot_waypoints": 9}}
{"target": -986.0658935912153, "params": {"k_pid_pos": [0.5488734054522738, 0.9685740021460912, 0.28516884427668643], "k_pid_alt": [0.43720357802197607, 0.1321587382165954, 0.37102973567519915], "k_pid_att": [18.08217838778894, 8.578394852917596, 0.19492979532464694], "k_pid_yaw": [0.5, 1e-06, 0.1], "k_pid_hsp": [2.4176267436469625, 0.397981869981344, 0.20994459883610028], "k_pid_vsp": [120.01754404823197, 263.2437147674157, 110.85641497691932]}, "datetime": {"datetime": "2025-08-21 14:19:47", "elapsed": 20104.07648253441, "delta": 25.38735008239746}, "costs": {"total_cost": 986.0658935912153, "time_cost": 150, "final_distance_cost": 46.153047606189, "oscillation_cost": 149.81175351804427, "completition_cost": 555.5555555555555, "overshoot_cost": 48.566558991011306, "power_cost": 20.648216442871096, "noise_cost": 15.330761477543984, "n_waypoints_completed": 4, "tot_waypoints": 9}}
{"target": -3008.068935050615, "params": {"k_pid_pos": [1.5510329679472896, 0.2891642491422006, 0.7586636139159332], "k_pid_alt": [1.2342984954667928, 0.12840909112909127, 0.44718015519043397], "k_pid_att": [73.27227390626943, 5.225895262394707, 0.6069737692627066], "k_pid_yaw": [0.5, 1e-06, 0.1], "k_pid_hsp": [3.4084503438911598, 0.4260023580481628, 0.07292462600008587], "k_pid_vsp": [42.113310590356875, 230.14199646447858, 380.3130758080367]}, "datetime": {"datetime": "2025-08-21 14:20:13", "elapsed": 20130.05354309082, "delta": 25.977060556411743}, "costs": {"total_cost": 3008.068935050615, "time_cost": 150, "final_distance_cost": 607.9166902185052, "oscillation_cost": 382.6250371212888, "completition_cost": 888.8888888888888, "overshoot_cost": 945.1465668206046, "power_cost": 18.214381298828126, "noise_cost": 15.277370702499192, "n_waypoints_completed": 1, "tot_waypoints": 9}}
{"target": -1300.7983070394682, "params": {"k_pid_pos": [0.21618102685473484, 0.21871891374953423, 0.8835452672697794], "k_pid_alt": [1.3478004644808488, 0.6137573492181024, 0.4268241616408309], "k_pid_att": [63.534280907777486, 3.8681414980081197, 0.43243135097241703], "k_pid_yaw": [0.5, 1e-06, 0.1], "k_pid_hsp": [8.061268715493101, 0.32781417851752237, 0.6306827202027573], "k_pid_vsp": [296.1397477529427, 39.81495772465406, 158.18037953669275]}, "datetime": {"datetime": "2025-08-21 14:20:39", "elapsed": 20155.61227440834, "delta": 25.55873131752014}, "costs": {"total_cost": 1300.7983070394682, "time_cost": 150, "final_distance_cost": 60.37103014099721, "oscillation_cost": 345.5137360710201, "completition_cost": 666.6666666666667, "overshoot_cost": 45.17353185545701, "power_cost": 18.40066845703125, "noise_cost": 14.672673848295945, "n_waypoints_completed": 3, "tot_waypoints": 9}}
{"target": -1646.7465632890335, "params": {"k_pid_pos": [0.48241511024041184, 0.4593158523784566, 0.6000051182766929], "k_pid_alt": [1.1833149863850099, 0.00024385928009551527, 0.14717984345320412], "k_pid_att": [30.746908616730096, 8.623202634908797, 0.5169059204631101], "k_pid_yaw": [0.5, 1e-06, 0.1], "k_pid_hsp": [4.255929684547553, 0.49890052830688203, 0.2912232652233564], "k_pid_vsp": [140.93633656015388, 99.6982323070837, 148.89741053693072]}, "datetime": {"datetime": "2025-08-21 14:21:06", "elapsed": 20182.630693912506, "delta": 27.01841950416565}, "costs": {"total_cost": 1646.7465632890335, "time_cost": 150, "final_distance_cost": 43.63946701982207, "oscillation_cost": 379.61422184120886, "completition_cost": 1000.0, "overshoot_cost": 26.598919947316887, "power_cost": 27.691829211425784, "noise_cost": 19.202125269259692, "n_waypoints_completed": 0, "tot_waypoints": 9}}
{"target": -2016.0213400155633, "params": {"k_pid_pos": [0.8087607436497378, 0.3275782179611858, 0.38345506114150596], "k_pid_alt": [0.7580526483739751, 0.5236780595097811, 0.7557600390704011], "k_pid_att": [71.24872298260335, 4.862027481215132, 0.5403653967020873], "k_pid_yaw": [0.5, 1e-06, 0.1], "k_pid_hsp": [6.085455616955545, 0.2569984283863539, 0.8391320696657943], "k_pid_vsp": [106.89713126564855, 122.61610335777347, 397.59722795377945]}, "datetime": {"datetime": "2025-08-21 14:21:31", "elapsed": 20208.015689849854, "delta": 25.384995937347412}, "costs": {"total_cost": 2016.0213400155633, "time_cost": 150, "final_distance_cost": 260.556037326461, "oscillation_cost": 419.7243761353483, "completition_cost": 888.8888888888888, "overshoot_cost": 260.88450984800767, "power_cost": 19.499412512207034, "noise_cost": 16.468115304650322, "n_waypoints_completed": 1, "tot_waypoints": 9}}
{"target": -1077.978797813589, "params": {"k_pid_pos": [0.670636367450298, 0.4106582169935674, 0.801783342189501], "k_pid_alt": [1.3044313527648352, 0.8760373946733022, 0.9141263514740782], "k_pid_att": [82.4182974358259, 7.000224256388147, 0.10944034822245419], "k_pid_yaw": [0.5, 1e-06, 0.1], "k_pid_hsp": [6.808823900339722, 0.0032852274507756407, 0.3825397681058531], "k_pid_vsp": [212.45199104810166, 320.98556302409924, 181.50669145032947]}, "datetime": {"datetime": "2025-08-21 14:21:58", "elapsed": 20235.05877161026, "delta": 27.043081760406494}, "costs": {"total_cost": 1077.978797813589, "time_cost": 150, "final_distance_cost": 54.80859429507466, "oscillation_cost": 335.38181467930696, "completition_cost": 444.4444444444444, "overshoot_cost": 47.555573368349336, "power_cost": 25.96242761230469, "noise_cost": 19.825943414108945, "n_waypoints_completed": 5, "tot_waypoints": 9}}
