{"target": -1257.8520202881443, "params": {"k_pid_pos": [0.4268606918836256, 0.4377616739932094, 0.6453486519044923], "k_pid_alt": [0.08928262484854455, 0.6885977984562658, 0.5012165064154084], "k_pid_att": [19.217848332049115, 9.931291005495137, 0.48082165946334077], "k_pid_yaw": [0.5, 1e-06, 0.1], "k_pid_hsp": [8.27055018422553, 0.11089931083752924, 0.7669042174046924], "k_pid_vsp": [389.93073128853365, 250.94272309864016, 121.16291802732087]}, "datetime": {"datetime": "2025-08-22 03:49:50", "elapsed": 68707.06089925766, "delta": 39.523818254470825}, "costs": {"total_cost": 1257.8520202881443, "time_cost": 150, "final_distance_cost": 58.825726511715395, "oscillation_cost": 295.2437711282136, "completition_cost": 666.6666666666667, "overshoot_cost": 52.56095071122148, "power_cost": 19.99093115234375, "noise_cost": 14.563974117983193, "n_waypoints_completed": 3, "tot_waypoints": 9}}
{"target": -973.8647629894087, "params": {"k_pid_pos": [2.0, 0.0, 1.0], "k_pid_alt": [2.0, 1.0, 1.0], "k_pid_att": [95.83472904070997, 2.734372662786396, 0.0], "k_pid_yaw": [0.5, 1e-06, 0.1], "k_pid_hsp": [8.179528527706116, 1.0, 0.0], "k_pid_vsp": [47.92554027016259, 365.3302336961049, 2.531605550539909]}, "datetime": {"datetime": "2025-08-22 03:50:46", "elapsed": 68762.78014421463, "delta": 55.719244956970215}, "costs": {"total_cost": 973.8647629894087, "time_cost": 150, "final_distance_cost": 197.37810967741882, "oscillation_cost": 211.4914810669466, "completition_cost": 222.2222222222222, "overshoot_cost": 163.18425488138666, "power_cost": 16.109517712402344, "noise_cost": 13.47917742903222, "n_waypoints_completed": 7, "tot_waypoints": 9}}
{"target": -730.1968549166712, "params": {"k_pid_pos": [1.5938054536304753, 0.5917113639656018, 0.19033580660767935], "k_pid_alt": [0.651494773079768, 0.7897058099296829, 0.8567060462812618], "k_pid_att": [12.493464624262085, 9.747592134075688, 0.8613810574084261], "k_pid_yaw": [0.5, 1e-06, 0.1], "k_pid_hsp": [7.466893490524761, 0.8510256052314084, 0.6731387737925103], "k_pid_vsp": [168.7817481422146, 333.8078565312635, 105.82921748216657]}, "datetime": {"datetime": "2025-08-22 03:51:29", "elapsed": 68806.08602571487, "delta": 43.30588150024414}, "costs": {"total_cost": 730.1968549166712, "time_cost": 150, "final_distance_cost": 72.52779405625988, "oscillation_cost": 193.36759924361624, "completition_cost": 222.2222222222222, "overshoot_cost": 52.212794680907265, "power_cost": 22.652282238769534, "noise_cost": 17.214162474896128, "n_waypoints_completed": 7, "tot_waypoints": 9}}
{"target": -476.1649736729191, "params": {"k_pid_pos": [2.0, 1.0, 0.0], "k_pid_alt": [2.0, 1.0, 0.0], "k_pid_att": [42.47556773077858, 10.0, 1.0], "k_pid_yaw": [0.5, 1e-06, 0.1], "k_pid_hsp": [9.661998984515987, 1.0, 0.0], "k_pid_vsp": [179.46114136034672, 338.90804118064244, 63.62150891677864]}, "datetime": {"datetime": "2025-08-22 03:52:32", "elapsed": 68868.89469480515, "delta": 62.808669090270996}, "costs": {"total_cost": 476.1649736729191, "time_cost": 150, "final_distance_cost": 55.80298383686191, "oscillation_cost": 71.02391452980821, "completition_cost": 111.11111111111116, "overshoot_cost": 55.58002741537519, "power_cost": 18.81229510498047, "noise_cost": 13.834641674782118, "n_waypoints_completed": 8, "tot_waypoints": 9}}
{"target": -199.78250684770904, "params": {"k_pid_pos": [2.0, 0.19914554297280768, 1.0], "k_pid_alt": [2.0, 0.0, 0.280342527840078], "k_pid_att": [37.73474705174577, 10.0, 1.0], "k_pid_yaw": [0.5, 1e-06, 0.1], "k_pid_hsp": [3.8364699354531075, 1.0, 0.0], "k_pid_vsp": [106.03089384121057, 66.5786891465074, 27.995532832620942]}, "datetime": {"datetime": "2025-08-22 03:53:06", "elapsed": 68903.40157365799, "delta": 34.50687885284424}, "costs": {"total_cost": 199.78250684770904, "time_cost": 69.34400000000001, "final_distance_cost": 1.835224948145712, "oscillation_cost": 44.91299353113053, "completition_cost": 0.0, "overshoot_cost": 51.114424608820514, "power_cost": 18.62907158203125, "noise_cost": 13.946792177581004, "n_waypoints_completed": 9, "tot_waypoints": 9}}
{"target": -1849.742392302689, "params": {"k_pid_pos": [2.0, 0.0, 0.0], "k_pid_alt": [0.0015768565550199384, 0.0, 1.0], "k_pid_att": [8.482046708499698, 10.0, 0.0], "k_pid_yaw": [0.5, 1e-06, 0.1], "k_pid_hsp": [10.0, 0.0, 0.9943458206605917], "k_pid_vsp": [273.37065353532665, 368.91899636792687, 26.001893401125702]}, "datetime": {"datetime": "2025-08-22 03:54:14", "elapsed": 68970.96424245834, "delta": 67.562668800354}, "costs": {"total_cost": 1849.742392302689, "time_cost": 150, "final_distance_cost": 3.683820690046598, "oscillation_cost": 488.06776223133386, "completition_cost": 1000.0, "overshoot_cost": 130.59155368239837, "power_cost": 23.105112561035156, "noise_cost": 54.29414313787527, "n_waypoints_completed": 0, "tot_waypoints": 9}}
{"target": -486.2511400066638, "params": {"k_pid_pos": [1.4421579061702658, 0.4384341980020785, 0.16013601775197117], "k_pid_alt": [1.7273177775444246, 0.8381157216315618, 0.7237077017992353], "k_pid_att": [57.126976259899244, 2.692683978781206, 0.2091080943174044], "k_pid_yaw": [0.5, 1e-06, 0.1], "k_pid_hsp": [1.1484722532220801, 0.48096611707738024, 0.02775299762104344], "k_pid_vsp": [324.9659933925864, 398.61066740210936, 259.7425356353375]}, "datetime": {"datetime": "2025-08-22 03:55:01", "elapsed": 69017.65114831924, "delta": 46.68690586090088}, "costs": {"total_cost": 486.2511400066638, "time_cost": 150, "final_distance_cost": 45.60832120155013, "oscillation_cost": 83.21999167468522, "completition_cost": 111.11111111111116, "overshoot_cost": 57.540184811549445, "power_cost": 21.853991235351565, "noise_cost": 16.91753997241624, "n_waypoints_completed": 8, "tot_waypoints": 9}}
{"target": -1375.3406724749714, "params": {"k_pid_pos": [2.0, 1.0, 0.0], "k_pid_alt": [0.0, 0.0, 0.0], "k_pid_att": [8.061394924301272, 4.018998293789463, 1.0], "k_pid_yaw": [0.5, 1e-06, 0.1], "k_pid_hsp": [3.547853460683911, 0.0, 0.0], "k_pid_vsp": [49.28403928949493, 225.70865438877067, 85.59036984132031]}, "datetime": {"datetime": "2025-08-22 03:55:50", "elapsed": 69067.26052451134, "delta": 49.609376192092896}, "costs": {"total_cost": 1375.3406724749714, "time_cost": 150, "final_distance_cost": 3.015813864637027, "oscillation_cost": 22.961774090103034, "completition_cost": 1000.0, "overshoot_cost": 139.2087032503405, "power_cost": 9.549423608398438, "noise_cost": 50.604957661492286, "n_waypoints_completed": 0, "tot_waypoints": 9}}
{"target": -442.2275321100464, "params": {"k_pid_pos": [2.0, 0.0, 1.0], "k_pid_alt": [2.0, 0.0, 0.0], "k_pid_att": [64.84166304994224, 0.0001, 0.0], "k_pid_yaw": [0.5, 1e-06, 0.1], "k_pid_hsp": [10.0, 0.0, 1.0], "k_pid_vsp": [253.8076412159437, 265.015531966401, 268.8048518702457]}, "datetime": {"datetime": "2025-08-22 03:56:42", "elapsed": 69118.82355928421, "delta": 51.563034772872925}, "costs": {"total_cost": 442.2275321100464, "time_cost": 84.952, "final_distance_cost": 1.775376674345012, "oscillation_cost": 263.3106880183057, "completition_cost": 0.0, "overshoot_cost": 59.38105235337203, "power_cost": 18.286473840332032, "noise_cost": 14.521941223691696, "n_waypoints_completed": 9, "tot_waypoints": 9}}
{"target": -292.04239501563603, "params": {"k_pid_pos": [2.0, 0.0, 0.0], "k_pid_alt": [2.0, 0.0, 1.0], "k_pid_att": [50.00937480830767, 1.316058072043131, 1.0], "k_pid_yaw": [0.5, 1e-06, 0.1], "k_pid_hsp": [10.0, 0.7800531607763217, 1.0], "k_pid_vsp": [123.90587341094573, 105.03260516698569, 55.63915528504849]}, "datetime": {"datetime": "2025-08-22 03:57:28", "elapsed": 69164.9093375206, "delta": 46.08577823638916}, "costs": {"total_cost": 292.04239501563603, "time_cost": 70.4, "final_distance_cost": 1.7243116686720568, "oscillation_cost": 146.98507229713107, "completition_cost": 0.0, "overshoot_cost": 51.4160365735058, "power_cost": 11.63123125, "noise_cost": 9.885743226327136, "n_waypoints_completed": 9, "tot_waypoints": 9}}
{"target": -709.7284495785908, "params": {"k_pid_pos": [1.4814854172641505, 0.24902817343792027, 0.9305401447552508], "k_pid_alt": [0.5294911333407584, 0.1103131636150283, 0.40969444193516835], "k_pid_att": [14.583792423312536, 6.636091029617672, 0.14492921465558173], "k_pid_yaw": [0.5, 1e-06, 0.1], "k_pid_hsp": [5.349694440388961, 0.9973455858413793, 0.7533218835749047], "k_pid_vsp": [221.5950206453072, 388.99287593395877, 184.850998469394]}, "datetime": {"datetime": "2025-08-22 03:58:16", "elapsed": 69213.11761140823, "delta": 48.20827388763428}, "costs": {"total_cost": 709.7284495785908, "time_cost": 150, "final_distance_cost": 31.194270365411597, "oscillation_cost": 323.3811996757651, "completition_cost": 111.11111111111116, "overshoot_cost": 55.18743924089774, "power_cost": 22.84485909423828, "noise_cost": 16.009570091166918, "n_waypoints_completed": 8, "tot_waypoints": 9}}
