{"target": -901.3915701280025, "params": {"k_pid_pos": [0.9458435833997447, 0.35793382807102725, 0.6669397967904392], "k_pid_alt": [0.9965816398094365, 0.9313287837521343, 0.845477112245605], "k_pid_att": [29.516166295507606, 1.0600678489215645, 0.4425770127999702], "k_pid_yaw": [0.5, 1e-06, 0.1], "k_pid_hsp": [4.594100286567163, 0.891542907060973, 0.4159173540750666], "k_pid_vsp": [145.75785241796714, 14.822648813911787, 2.7393051649109887]}, "datetime": {"datetime": "2025-08-22 01:24:09", "elapsed": 59965.914779901505, "delta": 41.557982206344604}, "costs": {"total_cost": 901.3915701280025, "time_cost": 150, "final_distance_cost": 68.4264664307477, "oscillation_cost": 271.23024813735327, "completition_cost": 333.33333333333337, "overshoot_cost": 44.98335403845116, "power_cost": 17.571724560546876, "noise_cost": 15.846443627570235, "n_waypoints_completed": 6, "tot_waypoints": 9}}
{"target": -869.9242892921128, "params": {"k_pid_pos": [0.7183315887832903, 0.7323198237821862, 0.5786602063136569], "k_pid_alt": [0.6031146674817973, 0.9168845109828957, 0.030893698125405433], "k_pid_att": [18.634294542040852, 0.8563611320277178, 0.598033142053205], "k_pid_yaw": [0.5, 1e-06, 0.1], "k_pid_hsp": [8.99058356505207, 0.8110424369873043, 0.540950670452389], "k_pid_vsp": [340.81200761657067, 318.771195083629, 11.291826371675112]}, "datetime": {"datetime": "2025-08-22 01:24:52", "elapsed": 60009.354637384415, "delta": 43.439857482910156}, "costs": {"total_cost": 869.9242892921128, "time_cost": 150, "final_distance_cost": 65.96720602366842, "oscillation_cost": 231.0125018104756, "completition_cost": 333.33333333333337, "overshoot_cost": 52.545819070616325, "power_cost": 21.365912341308594, "noise_cost": 15.699516712710478, "n_waypoints_completed": 6, "tot_waypoints": 9}}
{"target": -1237.1056093297084, "params": {"k_pid_pos": [0.6661551762680191, 0.47411157481388355, 0.1832324317381303], "k_pid_alt": [0.03774617057136376, 0.8744487464772205, 0.15397731060811937], "k_pid_att": [72.87408601370221, 2.726227211878406, 0.8801449723336272], "k_pid_yaw": [0.5, 1e-06, 0.1], "k_pid_hsp": [6.096801567676596, 0.9296601676356558, 0.7336874679523872], "k_pid_vsp": [89.83185619802838, 210.28921732365612, 2.8385688384007226]}, "datetime": {"datetime": "2025-08-22 01:25:36", "elapsed": 60052.772143125534, "delta": 43.417505741119385}, "costs": {"total_cost": 1237.1056093297084, "time_cost": 150, "final_distance_cost": 57.58563527297846, "oscillation_cost": 277.0068023855315, "completition_cost": 666.6666666666667, "overshoot_cost": 53.719079504340975, "power_cost": 16.17585390625, "noise_cost": 15.9515715939406, "n_waypoints_completed": 3, "tot_waypoints": 9}}
{"target": -1387.1504859591098, "params": {"k_pid_pos": [0.4114221454687304, 0.0, 0.9364247849579871], "k_pid_alt": [1.0989389497141462, 0.0, 0.9952266604737033], "k_pid_att": [67.70227990331922, 6.338357166839306, 0.5234732187589385], "k_pid_yaw": [0.5, 1e-06, 0.1], "k_pid_hsp": [0.0001, 1.0, 0.0], "k_pid_vsp": [58.93889311450271, 153.28488004470685, 26.94967188215945]}, "datetime": {"datetime": "2025-08-22 01:26:22", "elapsed": 60098.980224609375, "delta": 46.20808148384094}, "costs": {"total_cost": 1387.1504859591098, "time_cost": 150, "final_distance_cost": 45.23953062406267, "oscillation_cost": 133.1052095360867, "completition_cost": 1000.0, "overshoot_cost": 14.36334651648734, "power_cost": 25.810610913085938, "noise_cost": 18.631788369387362, "n_waypoints_completed": 0, "tot_waypoints": 9}}
{"target": -644.9109111678455, "params": {"k_pid_pos": [2.0, 0.0, 0.0], "k_pid_alt": [2.0, 0.3130221017855287, 1.0], "k_pid_att": [58.0905521885703, 2.6231652728475288, 0.0], "k_pid_yaw": [0.5, 1e-06, 0.1], "k_pid_hsp": [9.064185544234455, 1.0, 1.0], "k_pid_vsp": [351.27011058013966, 216.08706491676205, 33.455541361065194]}, "datetime": {"datetime": "2025-08-22 01:27:08", "elapsed": 60145.348536252975, "delta": 46.368311643600464}, "costs": {"total_cost": 644.9109111678455, "time_cost": 150, "final_distance_cost": 59.93713804340031, "oscillation_cost": 246.1293731324547, "completition_cost": 111.11111111111116, "overshoot_cost": 47.027354930232505, "power_cost": 17.172502612304687, "noise_cost": 13.533431338342082, "n_waypoints_completed": 8, "tot_waypoints": 9}}
{"target": -727.6307731955752, "params": {"k_pid_pos": [1.0061776049260163, 0.9130239190775518, 0.9042258203977112], "k_pid_alt": [0.8467982795969952, 0.034871046899351665, 0.13353549681136556], "k_pid_att": [55.07616793732522, 10.0, 1.0], "k_pid_yaw": [0.5, 1e-06, 0.1], "k_pid_hsp": [5.217359297206803, 0.4458469167829791, 0.8290492000690567], "k_pid_vsp": [41.83615482621222, 352.70629295491295, 133.35218491181203]}, "datetime": {"datetime": "2025-08-22 01:27:51", "elapsed": 60187.50751924515, "delta": 42.15898299217224}, "costs": {"total_cost": 727.6307731955752, "time_cost": 150, "final_distance_cost": 66.95030561295391, "oscillation_cost": 207.26420060054963, "completition_cost": 222.2222222222222, "overshoot_cost": 50.05934584058855, "power_cost": 17.38222481689453, "noise_cost": 13.752474102366369, "n_waypoints_completed": 7, "tot_waypoints": 9}}
{"target": -1061.3759429016395, "params": {"k_pid_pos": [0.19269168246103002, 0.5146388099352172, 0.19534621231606863], "k_pid_alt": [0.2966428301145385, 0.08278212223393178, 0.13573945252539377], "k_pid_att": [31.290428874028585, 4.9310618691641395, 0.40488621632324706], "k_pid_yaw": [0.5, 1e-06, 0.1], "k_pid_hsp": [6.2598414482561955, 0.08100863696126559, 0.35842700932218097], "k_pid_vsp": [116.02362999901432, 162.51464549760394, 49.71693278173908]}, "datetime": {"datetime": "2025-08-22 01:28:32", "elapsed": 60229.03717327118, "delta": 41.529654026031494}, "costs": {"total_cost": 1061.3759429016395, "time_cost": 150, "final_distance_cost": 46.101464097194295, "oscillation_cost": 227.13404960365014, "completition_cost": 555.5555555555555, "overshoot_cost": 42.34412293272811, "power_cost": 23.356827697753907, "noise_cost": 16.88392301475747, "n_waypoints_completed": 4, "tot_waypoints": 9}}
{"target": -1325.7592787752183, "params": {"k_pid_pos": [0.5449365396854902, 0.07170109807915481, 0.12968571230681325], "k_pid_alt": [0.2934572499009722, 0.004346820598556622, 0.627878024117027], "k_pid_att": [97.02948163477038, 4.041148014661433, 0.307095916687943], "k_pid_yaw": [0.5, 1e-06, 0.1], "k_pid_hsp": [8.865204729089545, 0.4587164722063175, 0.9776493924295883], "k_pid_vsp": [253.39159704337013, 379.3337026073609, 153.1954297952916]}, "datetime": {"datetime": "2025-08-22 01:29:08", "elapsed": 60265.16741228104, "delta": 36.13023900985718}, "costs": {"total_cost": 1325.7592787752183, "time_cost": 150, "final_distance_cost": 53.68673457182467, "oscillation_cost": 383.89753312785507, "completition_cost": 666.6666666666667, "overshoot_cost": 37.239732994511385, "power_cost": 19.17906784667969, "noise_cost": 15.089543567680712, "n_waypoints_completed": 3, "tot_waypoints": 9}}
{"target": -292.89728774858645, "params": {"k_pid_pos": [2.0, 1.0, 1.0], "k_pid_alt": [2.0, 0.0, 1.0], "k_pid_att": [52.986680418002884, 4.658176386485494, 0.0], "k_pid_yaw": [0.5, 1e-06, 0.1], "k_pid_hsp": [5.924327384781305, 1.0, 0.0], "k_pid_vsp": [209.15141090043667, 229.27189647803002, 126.94331255021929]}, "datetime": {"datetime": "2025-08-22 01:29:46", "elapsed": 60303.25615286827, "delta": 38.0887405872345}, "costs": {"total_cost": 292.89728774858645, "time_cost": 75.224, "final_distance_cost": 1.7340686892923363, "oscillation_cost": 130.23500552044092, "completition_cost": 0.0, "overshoot_cost": 51.94786461115986, "power_cost": 19.18111364746094, "noise_cost": 14.575235280232366, "n_waypoints_completed": 9, "tot_waypoints": 9}}
{"target": -457.0754757501435, "params": {"k_pid_pos": [1.5379735046700367, 0.151534703855569, 0.7536610742737355], "k_pid_alt": [0.7446070678190657, 0.17464884783851498, 0.9209524961010366], "k_pid_att": [99.93873188470418, 2.223294525252958, 0.6801735920433951], "k_pid_yaw": [0.5, 1e-06, 0.1], "k_pid_hsp": [7.24132773659789, 0.5981752762001361, 0.1978639924663269], "k_pid_vsp": [338.5996944067824, 296.8821606800978, 28.486150218071263]}, "datetime": {"datetime": "2025-08-22 01:30:37", "elapsed": 60353.779983997345, "delta": 50.5238311290741}, "costs": {"total_cost": 457.0754757501435, "time_cost": 91.264, "final_distance_cost": 1.7673946926086417, "oscillation_cost": 275.5604533271794, "completition_cost": 0.0, "overshoot_cost": 51.91630967481963, "power_cost": 20.851232275390625, "noise_cost": 15.716085780145237, "n_waypoints_completed": 9, "tot_waypoints": 9}}
{"target": -1201.5003303579163, "params": {"k_pid_pos": [0.0001, 1.0, 1.0], "k_pid_alt": [2.0, 0.0, 0.0], "k_pid_att": [15.77006917990229, 6.929540396238356, 1.0], "k_pid_yaw": [0.5, 1e-06, 0.1], "k_pid_hsp": [10.0, 0.0, 1.0], "k_pid_vsp": [355.0470346285368, 370.2952219961704, 200.54288905173405]}, "datetime": {"datetime": "2025-08-22 01:31:24", "elapsed": 60401.40685892105, "delta": 47.626874923706055}, "costs": {"total_cost": 1201.5003303579163, "time_cost": 150, "final_distance_cost": 53.62313238343997, "oscillation_cost": 225.09166842280817, "completition_cost": 666.6666666666667, "overshoot_cost": 67.94650098271944, "power_cost": 22.535294653320314, "noise_cost": 15.63706724896163, "n_waypoints_completed": 3, "tot_waypoints": 9}}
{"target": -256.73661497306654, "params": {"k_pid_pos": [0.8367547629797548, 0.0, 0.5093632809255185], "k_pid_alt": [2.0, 0.3651846160960328, 0.0], "k_pid_att": [49.258871527387626, 6.463626206252823, 0.33740113882037104], "k_pid_yaw": [0.5, 1e-06, 0.1], "k_pid_hsp": [6.57359330497919, 0.4744247259071497, 0.0], "k_pid_vsp": [388.8727149919581, 161.41680727812246, 191.13367100189888]}, "datetime": {"datetime": "2025-08-22 01:32:03", "elapsed": 60439.65107512474, "delta": 38.244216203689575}, "costs": {"total_cost": 256.73661497306654, "time_cost": 94.28, "final_distance_cost": 1.7378069808255767, "oscillation_cost": 74.00199314433145, "completition_cost": 0.0, "overshoot_cost": 54.52975686831074, "power_cost": 18.11033712158203, "noise_cost": 14.076720858016742, "n_waypoints_completed": 9, "tot_waypoints": 9}}
{"target": -1767.650414014926, "params": {"k_pid_pos": [0.0001, 0.0, 0.0], "k_pid_alt": [2.0, 1.0, 1.0], "k_pid_att": [55.75171409492184, 4.78734624541558, 0.0], "k_pid_yaw": [0.5, 1e-06, 0.1], "k_pid_hsp": [7.991560185164007, 0.0, 1.0], "k_pid_vsp": [360.4086051108518, 213.11988843182155, 32.0345414903858]}, "datetime": {"datetime": "2025-08-22 01:32:54", "elapsed": 60491.13228583336, "delta": 51.481210708618164}, "costs": {"total_cost": 1767.650414014926, "time_cost": 150, "final_distance_cost": 45.94082806489818, "oscillation_cost": 481.646047340764, "completition_cost": 1000.0, "overshoot_cost": 39.3315934674965, "power_cost": 30.30663583984375, "noise_cost": 20.425309301923274, "n_waypoints_completed": 0, "tot_waypoints": 9}}
{"target": -1161.3519221079207, "params": {"k_pid_pos": [0.04349158928622793, 0.9198976622555447, 0.2034802387648188], "k_pid_alt": [0.6991447106618809, 0.45631455170745006, 0.4462733847945939], "k_pid_att": [9.637749042458088, 7.586441362748614, 0.46265634564084035], "k_pid_yaw": [0.5, 1e-06, 0.1], "k_pid_hsp": [4.759686979167075, 0.0014826698161642948, 0.7243687861039465], "k_pid_vsp": [266.1847583165547, 364.83131389180915, 22.01232747932626]}, "datetime": {"datetime": "2025-08-22 01:33:48", "elapsed": 60544.9424302578, "delta": 53.81014442443848}, "costs": {"total_cost": 1161.3519221079207, "time_cost": 150, "final_distance_cost": 87.82376677867529, "oscillation_cost": 152.7511082870471, "completition_cost": 666.6666666666667, "overshoot_cost": 55.30977833591903, "power_cost": 29.050897265625, "noise_cost": 19.749704773987624, "n_waypoints_completed": 3, "tot_waypoints": 9}}
{"target": -204.61384159094447, "params": {"k_pid_pos": [2.0, 0.0, 0.0], "k_pid_alt": [2.0, 0.0, 1.0], "k_pid_att": [9.011651338084882, 6.726562489923627, 1.0], "k_pid_yaw": [0.5, 1e-06, 0.1], "k_pid_hsp": [4.717868831145487, 1.0, 0.0], "k_pid_vsp": [49.67785164183592, 226.27476560121286, 88.40778567958785]}, "datetime": {"datetime": "2025-08-22 01:34:27", "elapsed": 60584.21010732651, "delta": 39.26767706871033}, "costs": {"total_cost": 204.61384159094447, "time_cost": 70.328, "final_distance_cost": 1.747175529544492, "oscillation_cost": 55.72286962853249, "completition_cost": 0.0, "overshoot_cost": 51.7422383138408, "power_cost": 13.973653234863281, "noise_cost": 11.099904884163367, "n_waypoints_completed": 9, "tot_waypoints": 9}}
{"target": -984.4692469722866, "params": {"k_pid_pos": [1.313514707105617, 0.0, 1.0], "k_pid_alt": [0.15739667613857367, 0.0, 1.0], "k_pid_att": [14.84501555944814, 5.100252999108737, 1.0], "k_pid_yaw": [0.5, 1e-06, 0.1], "k_pid_hsp": [4.339605241363931, 0.0, 0.0], "k_pid_vsp": [311.76290085540234, 391.49360726959895, 262.1576350346038]}, "datetime": {"datetime": "2025-08-22 01:35:18", "elapsed": 60635.33581781387, "delta": 51.12571048736572}, "costs": {"total_cost": 984.4692469722866, "time_cost": 150, "final_distance_cost": 53.36006134821684, "oscillation_cost": 27.37908207165851, "completition_cost": 666.6666666666667, "overshoot_cost": 48.98056653848744, "power_cost": 22.57520125732422, "noise_cost": 15.507669089932847, "n_waypoints_completed": 3, "tot_waypoints": 9}}
{"target": -396.6215245144952, "params": {"k_pid_pos": [1.8041809378139393, 0.002060515410327479, 0.8259232723255142], "k_pid_alt": [0.8610577669019148, 0.3200950601545586, 0.804441252687121], "k_pid_att": [16.04692995116441, 0.6990938384791434, 0.20862448095310548], "k_pid_yaw": [0.5, 1e-06, 0.1], "k_pid_hsp": [8.870418647220257, 0.42870221228375915, 0.8872721826729953], "k_pid_vsp": [54.015611958118285, 101.81579207181491, 29.229681448101783]}, "datetime": {"datetime": "2025-08-22 01:35:58", "elapsed": 60674.6408033371, "delta": 39.30498552322388}, "costs": {"total_cost": 396.6215245144952, "time_cost": 81.72800000000001, "final_distance_cost": 1.763903988925069, "oscillation_cost": 227.32373425736827, "completition_cost": 0.0, "overshoot_cost": 52.955926949588715, "power_cost": 18.868550537109375, "noise_cost": 13.981408781503744, "n_waypoints_completed": 9, "tot_waypoints": 9}}
{"target": -389.6995083718567, "params": {"k_pid_pos": [1.7096042974913552, 0.7931288474792799, 0.65770524045198], "k_pid_alt": [2.0, 1.0, 0.13313369272392342], "k_pid_att": [62.862267732293255, 1.1639921563434086, 0.0], "k_pid_yaw": [0.5, 1e-06, 0.1], "k_pid_hsp": [3.436668040116295, 1.0, 0.13283012628226062], "k_pid_vsp": [310.4234360925969, 252.76287110810995, 73.62295188694678]}, "datetime": {"datetime": "2025-08-22 01:36:39", "elapsed": 60716.3750474453, "delta": 41.73424410820007}, "costs": {"total_cost": 389.6995083718567, "time_cost": 96.208, "final_distance_cost": 1.7539653039830507, "oscillation_cost": 193.96764332422092, "completition_cost": 0.0, "overshoot_cost": 53.39019836740766, "power_cost": 24.99070759277344, "noise_cost": 19.388993783471697, "n_waypoints_completed": 9, "tot_waypoints": 9}}
{"target": -204.44615843325565, "params": {"k_pid_pos": [2.0, 0.0, 1.0], "k_pid_alt": [2.0, 0.0, 0.0], "k_pid_att": [52.34042513876787, 1.9060665203985232, 1.0], "k_pid_yaw": [0.5, 1e-06, 0.1], "k_pid_hsp": [7.2046682048552615, 1.0, 0.0], "k_pid_vsp": [366.2543375556341, 211.92974525755128, 32.59044673158542]}, "datetime": {"datetime": "2025-08-22 01:37:19", "elapsed": 60756.056710243225, "delta": 39.681662797927856}, "costs": {"total_cost": 204.44615843325565, "time_cost": 69.464, "final_distance_cost": 1.8438179119339144, "oscillation_cost": 53.528661295860736, "completition_cost": 0.0, "overshoot_cost": 49.60546884463906, "power_cost": 16.663039599609377, "noise_cost": 13.341170781212586, "n_waypoints_completed": 9, "tot_waypoints": 9}}
{"target": -350.05711895361935, "params": {"k_pid_pos": [2.0, 0.0, 0.0], "k_pid_alt": [2.0, 0.0, 1.0], "k_pid_att": [28.812706611442326, 7.244498872769033, 0.0], "k_pid_yaw": [0.5, 1e-06, 0.1], "k_pid_hsp": [10.0, 0.0, 1.0], "k_pid_vsp": [380.941094595838, 246.09282869028388, 125.1707607232065]}, "datetime": {"datetime": "2025-08-22 01:37:54", "elapsed": 60791.06088066101, "delta": 35.004170417785645}, "costs": {"total_cost": 350.05711895361935, "time_cost": 70.016, "final_distance_cost": 1.7535697203151075, "oscillation_cost": 195.96963966145873, "completition_cost": 0.0, "overshoot_cost": 51.188928324788634, "power_cost": 17.92908309326172, "noise_cost": 13.199898153795177, "n_waypoints_completed": 9, "tot_waypoints": 9}}
{"target": -1072.5912575202085, "params": {"k_pid_pos": [0.7599746990052926, 0.12015199411765576, 0.010723359382093678], "k_pid_alt": [0.5968145104749669, 0.7118094754219746, 0.4546793469448497], "k_pid_att": [5.112640617266662, 7.375247374927076, 0.9185360145335605], "k_pid_yaw": [0.5, 1e-06, 0.1], "k_pid_hsp": [3.0170315022841563, 0.013766931246996794, 0.7581822800289515], "k_pid_vsp": [101.32287575757016, 304.97461250905724, 111.65012453905136]}, "datetime": {"datetime": "2025-08-22 01:38:29", "elapsed": 60826.236458301544, "delta": 35.17557764053345}, "costs": {"total_cost": 1072.5912575202085, "time_cost": 150, "final_distance_cost": 56.93250055456314, "oscillation_cost": 218.40043185131654, "completition_cost": 555.5555555555555, "overshoot_cost": 55.65341037950615, "power_cost": 20.976683752441406, "noise_cost": 15.072675426825732, "n_waypoints_completed": 4, "tot_waypoints": 9}}
{"target": -406.3662628653914, "params": {"k_pid_pos": [1.9860592444350011, 0.3756164217961285, 0.01786228537197889], "k_pid_alt": [1.744519900384454, 0.8357302366782811, 0.49438883321033894], "k_pid_att": [60.44635935690265, 0.0001, 0.0], "k_pid_yaw": [0.5, 1e-06, 0.1], "k_pid_hsp": [5.910202459083409, 0.0641751035255987, 0.21676049007654202], "k_pid_vsp": [195.21243938063543, 45.67303460396406, 40.774472373521306]}, "datetime": {"datetime": "2025-08-22 01:39:11", "elapsed": 60868.31520819664, "delta": 42.078749895095825}, "costs": {"total_cost": 406.3662628653914, "time_cost": 91.88, "final_distance_cost": 1.779610245216062, "oscillation_cost": 214.99282970906404, "completition_cost": 0.0, "overshoot_cost": 59.52300892115025, "power_cost": 21.059596411132812, "noise_cost": 17.131217578828213, "n_waypoints_completed": 9, "tot_waypoints": 9}}
{"target": -220.99006022615475, "params": {"k_pid_pos": [2.0, 0.0, 1.0], "k_pid_alt": [2.0, 0.0, 1.0], "k_pid_att": [72.26620039270587, 0.0001, 1.0], "k_pid_yaw": [0.5, 1e-06, 0.1], "k_pid_hsp": [10.0, 0.0, 0.0], "k_pid_vsp": [174.9408636428166, 148.62971734299302, 65.17398775461584]}, "datetime": {"datetime": "2025-08-22 01:39:44", "elapsed": 60900.50926852226, "delta": 32.19406032562256}, "costs": {"total_cost": 220.99006022615475, "time_cost": 70.272, "final_distance_cost": 1.847710021843952, "oscillation_cost": 74.07194080587266, "completition_cost": 0.0, "overshoot_cost": 49.93843773037028, "power_cost": 13.317505517578125, "noise_cost": 11.542466150489723, "n_waypoints_completed": 9, "tot_waypoints": 9}}
{"target": -239.8756855256631, "params": {"k_pid_pos": [2.0, 1.0, 1.0], "k_pid_alt": [2.0, 0.0, 0.0], "k_pid_att": [70.04463054061117, 1.0993022765735885, 1.0], "k_pid_yaw": [0.5, 1e-06, 0.1], "k_pid_hsp": [6.90573919274312, 0.0, 0.0], "k_pid_vsp": [371.54783229857094, 340.738305931132, 71.50798101568131]}, "datetime": {"datetime": "2025-08-22 01:40:19", "elapsed": 60936.090276002884, "delta": 35.58100748062134}, "costs": {"total_cost": 239.8756855256631, "time_cost": 85.592, "final_distance_cost": 1.7791649593449648, "oscillation_cost": 52.62585039786574, "completition_cost": 0.0, "overshoot_cost": 54.414899720984, "power_cost": 25.348155322265626, "noise_cost": 20.11561512520276, "n_waypoints_completed": 9, "tot_waypoints": 9}}
{"target": -1339.3894404446426, "params": {"k_pid_pos": [0.0001, 0.0, 0.0], "k_pid_alt": [2.0, 1.0, 0.0], "k_pid_att": [17.28848888587174, 1.2867820922548858, 0.0], "k_pid_yaw": [0.5, 1e-06, 0.1], "k_pid_hsp": [6.704496448813792, 1.0, 0.0], "k_pid_vsp": [333.2453476760958, 325.37870083336327, 15.791654584122115]}, "datetime": {"datetime": "2025-08-22 01:40:56", "elapsed": 60972.99628663063, "delta": 36.90601062774658}, "costs": {"total_cost": 1339.3894404446426, "time_cost": 150, "final_distance_cost": 46.00902194555742, "oscillation_cost": 94.93277593357033, "completition_cost": 1000.0, "overshoot_cost": 30.98272933124451, "power_cost": 8.907897875976563, "noise_cost": 8.557015358293988, "n_waypoints_completed": 0, "tot_waypoints": 9}}
{"target": -617.2850196982791, "params": {"k_pid_pos": [0.559035639838101, 0.5119628896701275, 0.48937906139529064], "k_pid_alt": [1.3323904384916267, 0.8576790586637999, 0.246062519307103], "k_pid_att": [29.160870980592456, 0.7664746079433374, 0.839905640980389], "k_pid_yaw": [0.5, 1e-06, 0.1], "k_pid_hsp": [2.041652646332213, 0.5067083231253494, 0.17393239560980311], "k_pid_vsp": [333.1306929802518, 205.02567446229227, 30.07735210274162]}, "datetime": {"datetime": "2025-08-22 01:41:53", "elapsed": 61029.55607843399, "delta": 56.559791803359985}, "costs": {"total_cost": 617.2850196982791, "time_cost": 150, "final_distance_cost": 56.935434105679406, "oscillation_cost": 211.8888828683749, "completition_cost": 111.11111111111116, "overshoot_cost": 53.80137942052679, "power_cost": 18.52575323486328, "noise_cost": 15.022458957723503, "n_waypoints_completed": 8, "tot_waypoints": 9}}
