{"target": -424.98437257126733, "params": {"k_pid_pos": [1.9597165270492893, 0.15107894400628108, 0.7991252572182692], "k_pid_alt": [1.6130972629411198, 0.3442051498337949, 0.19908135726005483], "k_pid_att": [85.46416744683984, 1.25580898934757, 0.8754054047059777], "k_pid_yaw": [0.5, 1e-06, 0.1], "k_pid_hsp": [7.338142953768615, 0.18816942478935228, 0.9811910513663621], "k_pid_vsp": [363.2008592901886, 374.61805761407635, 216.8177566566884]}, "datetime": {"datetime": "2025-08-21 16:22:09", "elapsed": 27446.053105831146, "delta": 25.751806020736694}, "costs": {"total_cost": 424.98437257126733, "time_cost": 88.8, "final_distance_cost": 1.7656592599299668, "oscillation_cost": 245.51934509289262, "completition_cost": 0.0, "overshoot_cost": 53.50301784643343, "power_cost": 20.418225915527344, "noise_cost": 14.978124456484009, "n_waypoints_completed": 9, "tot_waypoints": 9}}
{"target": -1472.5716957196232, "params": {"k_pid_pos": [0.3612450496953324, 0.9264585441749261, 0.3237708522026602], "k_pid_alt": [1.878771202381541, 0.37578630968215754, 0.24890985368718732], "k_pid_att": [72.25816478331963, 0.7510451061149265, 0.039454409176725824], "k_pid_yaw": [0.5, 1e-06, 0.1], "k_pid_hsp": [4.084082662270361, 0.07050403279441797, 0.6426476235410996], "k_pid_vsp": [29.736881883547994, 65.99916543471022, 144.36140524828025]}, "datetime": {"datetime": "2025-08-21 16:22:41", "elapsed": 27477.6500313282, "delta": 31.596925497055054}, "costs": {"total_cost": 1472.5716957196232, "time_cost": 150, "final_distance_cost": 14.426052807275804, "oscillation_cost": 123.37708949989752, "completition_cost": 1000.0, "overshoot_cost": 122.62911904288634, "power_cost": 23.46718952636719, "noise_cost": 38.67224484319625, "n_waypoints_completed": 0, "tot_waypoints": 9}}
{"target": -1253.7530722191102, "params": {"k_pid_pos": [0.3278688603679197, 0.5860599971280095, 0.17072829204894957], "k_pid_alt": [1.537943399141541, 0.8859710570494579, 0.04841432980865856], "k_pid_att": [56.046169482778, 1.2826839089614954, 0.5950645680860797], "k_pid_yaw": [0.5, 1e-06, 0.1], "k_pid_hsp": [6.184057099069291, 0.8299330129614807, 0.993937820011599], "k_pid_vsp": [157.74410169917869, 291.7311094710017, 293.89780229139143]}, "datetime": {"datetime": "2025-08-21 16:23:15", "elapsed": 27512.35607814789, "delta": 34.70604681968689}, "costs": {"total_cost": 1253.7530722191102, "time_cost": 150, "final_distance_cost": 76.9054478609546, "oscillation_cost": 164.31891652761982, "completition_cost": 777.7777777777778, "overshoot_cost": 49.51272701880731, "power_cost": 19.486401733398438, "noise_cost": 15.751801300552277, "n_waypoints_completed": 2, "tot_waypoints": 9}}
{"target": -1273.2382148305876, "params": {"k_pid_pos": [0.938293963282093, 0.21160283653210243, 0.997184924805194], "k_pid_alt": [1.3268740347136003, 0.8969257786683218, 0.03940070202439794], "k_pid_att": [22.705247847189437, 9.117490048359134, 0.32195211162450654], "k_pid_yaw": [0.5, 1e-06, 0.1], "k_pid_hsp": [7.0344788549259984, 0.38830990282296796, 0.21995196896382485], "k_pid_vsp": [281.1480479529843, 105.47772492826861, 351.9073178955516]}, "datetime": {"datetime": "2025-08-21 16:23:43", "elapsed": 27539.687648773193, "delta": 27.331570625305176}, "costs": {"total_cost": 1273.2382148305876, "time_cost": 150, "final_distance_cost": 57.24832039665554, "oscillation_cost": 282.19496367054177, "completition_cost": 666.6666666666667, "overshoot_cost": 84.30096209534396, "power_cost": 17.302720825195312, "noise_cost": 15.524581176184212, "n_waypoints_completed": 3, "tot_waypoints": 9}}
{"target": -1189.0922710377126, "params": {"k_pid_pos": [1.3056058267848978, 0.08525592257952552, 0.5001509556522344], "k_pid_alt": [1.8482333515641058, 0.46866872238326074, 0.5879173679216578], "k_pid_att": [30.265012855519657, 8.777858799238116, 0.607493843393612], "k_pid_yaw": [0.5, 1e-06, 0.1], "k_pid_hsp": [9.452065477839744, 0.2488655564001092, 0.28157286017945937], "k_pid_vsp": [226.87096732319793, 17.370871123879276, 266.0862671908302]}, "datetime": {"datetime": "2025-08-21 16:24:11", "elapsed": 27567.622858285904, "delta": 27.93520951271057}, "costs": {"total_cost": 1189.0922710377126, "time_cost": 150, "final_distance_cost": 43.89213255010028, "oscillation_cost": 337.1019210924072, "completition_cost": 555.5555555555555, "overshoot_cost": 72.00199446836089, "power_cost": 16.542111853027343, "noise_cost": 13.998555518261336, "n_waypoints_completed": 4, "tot_waypoints": 9}}
{"target": -642.2521628822363, "params": {"k_pid_pos": [1.489941104323927, 0.9115779848984429, 0.9901930964744312], "k_pid_alt": [1.6507489695282873, 0.7697578322546919, 0.7420576487152858], "k_pid_att": [2.8740803139391646, 9.069666962059761, 0.14786869533697933], "k_pid_yaw": [0.5, 1e-06, 0.1], "k_pid_hsp": [2.545251431926798, 0.04769241511215705, 0.11816536051665782], "k_pid_vsp": [207.03837343677978, 222.5339391874667, 82.46198886217843]}, "datetime": {"datetime": "2025-08-21 16:24:38", "elapsed": 27595.378166675568, "delta": 27.755308389663696}, "costs": {"total_cost": 642.2521628822363, "time_cost": 150, "final_distance_cost": 67.22206181739053, "oscillation_cost": 223.55476211461058, "completition_cost": 111.11111111111116, "overshoot_cost": 47.2636595793184, "power_cost": 25.0693525390625, "noise_cost": 18.03121572074311, "n_waypoints_completed": 8, "tot_waypoints": 9}}
{"target": -996.0042382802256, "params": {"k_pid_pos": [1.5799820926747679, 0.9034013811175421, 0.6519749685681434], "k_pid_alt": [0.05821562653356205, 0.1768553211156484, 0.7553461724715683], "k_pid_att": [50.52250586843544, 4.563692092982917, 0.44486770024704025], "k_pid_yaw": [0.5, 1e-06, 0.1], "k_pid_hsp": [5.3637019071751215, 0.5083982774106739, 0.4061743373774763], "k_pid_vsp": [244.55553439995506, 112.505673093536, 144.71561771513217]}, "datetime": {"datetime": "2025-08-21 16:25:09", "elapsed": 27626.27480173111, "delta": 30.896635055541992}, "costs": {"total_cost": 996.0042382802256, "time_cost": 150, "final_distance_cost": 51.84981343814926, "oscillation_cost": 252.57650261612494, "completition_cost": 444.4444444444444, "overshoot_cost": 59.74065178864248, "power_cost": 21.502756774902345, "noise_cost": 15.890069217962294, "n_waypoints_completed": 5, "tot_waypoints": 9}}
{"target": -833.5665126130624, "params": {"k_pid_pos": [0.8281823203220291, 0.5494267641284969, 0.19558844761822314], "k_pid_alt": [1.2428615818424404, 0.12738275364440887, 0.5919374271847628], "k_pid_att": [5.852210039361683, 5.091533945574213, 0.24650014805541054], "k_pid_yaw": [0.5, 1e-06, 0.1], "k_pid_hsp": [3.9474452859967633, 0.7308580244923969, 0.3868465488380106], "k_pid_vsp": [336.3368068664847, 128.7898764946841, 96.73468069762289]}, "datetime": {"datetime": "2025-08-21 16:25:37", "elapsed": 27653.70128750801, "delta": 27.426485776901245}, "costs": {"total_cost": 833.5665126130624, "time_cost": 150, "final_distance_cost": 69.99723063837837, "oscillation_cost": 197.9076240652607, "completition_cost": 333.33333333333337, "overshoot_cost": 44.568988159204544, "power_cost": 22.150960681152345, "noise_cost": 15.608375735733038, "n_waypoints_completed": 6, "tot_waypoints": 9}}
{"target": -604.663569163027, "params": {"k_pid_pos": [1.199948318697428, 0.7111642856697585, 0.3067468998428321], "k_pid_alt": [1.8185480868994452, 0.2372786798801032, 0.271619847021043], "k_pid_att": [63.572197133472265, 1.241923829955599, 0.7093146080487357], "k_pid_yaw": [0.5, 1e-06, 0.1], "k_pid_hsp": [1.786806551203395, 0.9591954150994276, 0.0793639595193989], "k_pid_vsp": [224.95275598697341, 299.6180078813838, 1.20740769418238]}, "datetime": {"datetime": "2025-08-21 16:26:06", "elapsed": 27682.809396982193, "delta": 29.10810947418213}, "costs": {"total_cost": 604.663569163027, "time_cost": 150, "final_distance_cost": 65.80633289791186, "oscillation_cost": 91.97844354701105, "completition_cost": 222.2222222222222, "overshoot_cost": 44.4507330068982, "power_cost": 16.113184399414063, "noise_cost": 14.092653089569609, "n_waypoints_completed": 7, "tot_waypoints": 9}}
{"target": -1079.962535720102, "params": {"k_pid_pos": [0.10041217773855952, 0.8374738151153511, 0.6884711436260746], "k_pid_alt": [0.6880441818441538, 0.08049030090050435, 0.6150280216136216], "k_pid_att": [74.32862410030066, 7.673493732219623, 0.09947305325384626], "k_pid_yaw": [0.5, 1e-06, 0.1], "k_pid_hsp": [4.276857457133613, 0.8029935557934985, 0.6689902429508773], "k_pid_vsp": [389.07972197054306, 330.8685855367691, 299.6514843683513]}, "datetime": {"datetime": "2025-08-21 16:26:34", "elapsed": 27710.755868434906, "delta": 27.946471452713013}, "costs": {"total_cost": 1079.962535720102, "time_cost": 150, "final_distance_cost": 39.494820302603294, "oscillation_cost": 234.59127370998283, "completition_cost": 555.5555555555555, "overshoot_cost": 56.187410255760234, "power_cost": 25.973430725097657, "noise_cost": 18.160045171102617, "n_waypoints_completed": 4, "tot_waypoints": 9}}
{"target": -1270.4351764785483, "params": {"k_pid_pos": [0.32588799065907886, 0.31350739711491127, 0.1759968553641239], "k_pid_alt": [1.852083841650455, 0.5189815473146396, 0.2902247234990748], "k_pid_att": [60.92229727285762, 2.5103198214340274, 0.5805966581426566], "k_pid_yaw": [0.5, 1e-06, 0.1], "k_pid_hsp": [3.2467341691270506, 0.7664200677790699, 0.7002106887766009], "k_pid_vsp": [232.18799167401625, 78.9505615778728, 338.0898450640319]}, "datetime": {"datetime": "2025-08-21 16:27:03", "elapsed": 27740.306891441345, "delta": 29.55102300643921}, "costs": {"total_cost": 1270.4351764785483, "time_cost": 150, "final_distance_cost": 67.81560039390885, "oscillation_cost": 285.4034643408125, "completition_cost": 666.6666666666667, "overshoot_cost": 60.73866125780542, "power_cost": 22.17521494140625, "noise_cost": 17.635568877948536, "n_waypoints_completed": 3, "tot_waypoints": 9}}
{"target": -1417.404049429834, "params": {"k_pid_pos": [0.019265852367954264, 0.5028431932362488, 0.5691327344354697], "k_pid_alt": [0.4891927358784929, 0.643113096635802, 0.5451449488507943], "k_pid_att": [90.90241180485125, 1.7799742162661323, 0.6390213883493931], "k_pid_yaw": [0.5, 1e-06, 0.1], "k_pid_hsp": [7.417131546361283, 0.7189091708079973, 0.6799761348215454], "k_pid_vsp": [275.1221041590561, 261.23667261391853, 263.20381606733775]}, "datetime": {"datetime": "2025-08-21 16:27:31", "elapsed": 27768.19226360321, "delta": 27.885372161865234}, "costs": {"total_cost": 1417.404049429834, "time_cost": 150, "final_distance_cost": 91.47323038130767, "oscillation_cost": 304.1720077001189, "completition_cost": 777.7777777777778, "overshoot_cost": 52.62677879363933, "power_cost": 23.75119609375, "noise_cost": 17.603058683240384, "n_waypoints_completed": 2, "tot_waypoints": 9}}
{"target": -1386.2757180861868, "params": {"k_pid_pos": [0.09502235304598318, 0.38854502275374236, 0.5732092677453743], "k_pid_alt": [0.02780904537190998, 0.8023283220441374, 0.4877383050549222], "k_pid_att": [50.90867647858003, 8.901245208119098, 0.5046051345078335], "k_pid_yaw": [0.5, 1e-06, 0.1], "k_pid_hsp": [4.029322144236063, 0.7884353122039419, 0.050734639614537835], "k_pid_vsp": [97.42750336439876, 351.03355329880964, 80.85220427091329]}, "datetime": {"datetime": "2025-08-21 16:27:59", "elapsed": 27795.592109441757, "delta": 27.399845838546753}, "costs": {"total_cost": 1386.2757180861868, "time_cost": 150, "final_distance_cost": 90.35248850788277, "oscillation_cost": 290.7562195325433, "completition_cost": 777.7777777777778, "overshoot_cost": 48.746673227185084, "power_cost": 15.443340649414063, "noise_cost": 13.199218391383624, "n_waypoints_completed": 2, "tot_waypoints": 9}}
{"target": -651.2815313884228, "params": {"k_pid_pos": [1.6031033470709575, 0.5829338169017753, 0.4512617227117447], "k_pid_alt": [0.3096072506875598, 0.21939580565992423, 0.28569859302629363], "k_pid_att": [70.1843283471987, 2.832834926181884, 0.0028141579437321873], "k_pid_yaw": [0.5, 1e-06, 0.1], "k_pid_hsp": [6.190714895214403, 0.3225725733193501, 0.1510748845922264], "k_pid_vsp": [28.154008515691853, 371.56377397022726, 126.8234575191388]}, "datetime": {"datetime": "2025-08-21 16:28:30", "elapsed": 27827.164873361588, "delta": 31.572763919830322}, "costs": {"total_cost": 651.2815313884228, "time_cost": 150, "final_distance_cost": 53.139333264071844, "oscillation_cost": 243.29014598964454, "completition_cost": 111.11111111111116, "overshoot_cost": 55.977995676593814, "power_cost": 20.595440576171875, "noise_cost": 17.167504770829566, "n_waypoints_completed": 8, "tot_waypoints": 9}}
{"target": -1522.5833895010016, "params": {"k_pid_pos": [0.8058101947603339, 0.894575104002728, 0.7009845114182042], "k_pid_alt": [0.16467813619233507, 0.671998513891395, 0.5979258289720953], "k_pid_att": [1.081305299524593, 2.381126212588782, 0.3247030529843926], "k_pid_yaw": [0.5, 1e-06, 0.1], "k_pid_hsp": [2.6478500984815794, 0.2340116325863857, 0.7495493603087952], "k_pid_vsp": [306.33572300229457, 121.57202386277766, 140.82516494609584]}, "datetime": {"datetime": "2025-08-21 16:28:58", "elapsed": 27854.97645354271, "delta": 27.811580181121826}, "costs": {"total_cost": 1522.5833895010016, "time_cost": 150, "final_distance_cost": 55.31059672924227, "oscillation_cost": 235.32870312596998, "completition_cost": 1000.0, "overshoot_cost": 43.11519351070914, "power_cost": 22.99421912841797, "noise_cost": 15.834677006662208, "n_waypoints_completed": 0, "tot_waypoints": 9}}
{"target": -1154.3167775841985, "params": {"k_pid_pos": [0.3933130916366852, 0.4380816789488452, 0.0896683248659087], "k_pid_alt": [0.33389098748543056, 0.4003382986397004, 0.27584313821535833], "k_pid_att": [23.86654160478968, 4.170073770385466, 0.41530764838915124], "k_pid_yaw": [0.5, 1e-06, 0.1], "k_pid_hsp": [1.5755080151391276, 0.4411144722519095, 0.23623771573945285], "k_pid_vsp": [326.20042545033357, 219.0938396638607, 194.6613141114353]}, "datetime": {"datetime": "2025-08-21 16:29:29", "elapsed": 27885.962817192078, "delta": 30.986363649368286}, "costs": {"total_cost": 1154.3167775841985, "time_cost": 150, "final_distance_cost": 52.13394412920254, "oscillation_cost": 209.43140924279155, "completition_cost": 666.6666666666667, "overshoot_cost": 44.69434730263174, "power_cost": 16.692574414062502, "noise_cost": 14.697835828843523, "n_waypoints_completed": 3, "tot_waypoints": 9}}
{"target": -945.9400286688781, "params": {"k_pid_pos": [0.6074215849541146, 0.359643341923195, 0.8069126823912791], "k_pid_alt": [1.8846780659848954, 0.8139730351816507, 0.8845369917930189], "k_pid_att": [68.87984253355816, 3.263959920710222, 0.22089339572762234], "k_pid_yaw": [0.5, 1e-06, 0.1], "k_pid_hsp": [5.975178385783564, 0.8891096998908312, 0.6817259313130509], "k_pid_vsp": [110.01626873205473, 335.02365166901757, 168.26665253421254]}, "datetime": {"datetime": "2025-08-21 16:29:57", "elapsed": 27914.29925107956, "delta": 28.33643388748169}, "costs": {"total_cost": 945.9400286688781, "time_cost": 150, "final_distance_cost": 69.8778466663078, "oscillation_cost": 308.32291302156716, "completition_cost": 333.33333333333337, "overshoot_cost": 47.08726888437303, "power_cost": 20.75336490478516, "noise_cost": 16.565301858511575, "n_waypoints_completed": 6, "tot_waypoints": 9}}
{"target": -1466.0916411434437, "params": {"k_pid_pos": [1.2071690392288372, 0.3489171165863939, 0.0662895028314403], "k_pid_alt": [0.20870048841719258, 0.14740847006248392, 0.3888621382275914], "k_pid_att": [95.79024093370664, 8.353797760624001, 0.2048652103764922], "k_pid_yaw": [0.5, 1e-06, 0.1], "k_pid_hsp": [0.21132760772777773, 0.9679210553305361, 0.027054408774857763], "k_pid_vsp": [169.50442422954035, 71.50060025246626, 314.9219037344744]}, "datetime": {"datetime": "2025-08-21 16:30:26", "elapsed": 27942.844507932663, "delta": 28.545256853103638}, "costs": {"total_cost": 1466.0916411434437, "time_cost": 150, "final_distance_cost": 32.21969747977997, "oscillation_cost": 83.92118412570723, "completition_cost": 1000.0, "overshoot_cost": 132.66341708582195, "power_cost": 15.940167492675782, "noise_cost": 51.34717495945869, "n_waypoints_completed": 0, "tot_waypoints": 9}}
{"target": -1202.2631920803947, "params": {"k_pid_pos": [0.3649320452599449, 0.8730479104123227, 0.3026910103260818], "k_pid_alt": [0.734745677515839, 0.335543676273957, 0.12009666011738396], "k_pid_att": [97.28824212548368, 8.737440708486503, 0.7187571250079419], "k_pid_yaw": [0.5, 1e-06, 0.1], "k_pid_hsp": [4.3014875047131484, 0.1579206504180306, 0.16427177229296563], "k_pid_vsp": [196.7240045950265, 29.08920604679375, 185.46532644871417]}, "datetime": {"datetime": "2025-08-21 16:30:54", "elapsed": 27970.696403741837, "delta": 27.851895809173584}, "costs": {"total_cost": 1202.2631920803947, "time_cost": 150, "final_distance_cost": 53.38904306278035, "oscillation_cost": 236.89449731394265, "completition_cost": 666.6666666666667, "overshoot_cost": 50.56691974298342, "power_cost": 24.2699173828125, "noise_cost": 20.476147911208976, "n_waypoints_completed": 3, "tot_waypoints": 9}}
{"target": -1224.6797778657335, "params": {"k_pid_pos": [0.1623821863669115, 0.39123762311496624, 0.4753178491399538], "k_pid_alt": [0.09345513809629336, 0.09790292582364846, 0.08487851807504065], "k_pid_att": [8.133844246293497, 9.946397499618271, 0.5760201293950339], "k_pid_yaw": [0.5, 1e-06, 0.1], "k_pid_hsp": [3.7012966372290275, 0.9140242089449745, 0.31793005673357067], "k_pid_vsp": [207.17398940898818, 371.62015167529233, 112.94333884489285]}, "datetime": {"datetime": "2025-08-21 16:31:24", "elapsed": 28000.863162755966, "delta": 30.16675901412964}, "costs": {"total_cost": 1224.6797778657335, "time_cost": 150, "final_distance_cost": 87.60013508067827, "oscillation_cost": 142.91444400595265, "completition_cost": 777.7777777777778, "overshoot_cost": 34.1093132932418, "power_cost": 18.654939489746095, "noise_cost": 13.623168218336902, "n_waypoints_completed": 2, "tot_waypoints": 9}}
{"target": -1839.9468791813763, "params": {"k_pid_pos": [1.0877117994071281, 0.29807636103474466, 0.681921449344249], "k_pid_alt": [1.762927021196734, 0.6830773958832296, 0.3569430111366416], "k_pid_att": [23.72296479937703, 6.183907803110349, 0.06732721866373248], "k_pid_yaw": [0.5, 1e-06, 0.1], "k_pid_hsp": [4.189594375052986, 0.8853284418395623, 0.3732650735779053], "k_pid_vsp": [139.72332345261543, 119.55224486324427, 372.43601832894785]}, "datetime": {"datetime": "2025-08-21 16:31:51", "elapsed": 28028.33230280876, "delta": 27.46914005279541}, "costs": {"total_cost": 1839.9468791813763, "time_cost": 150, "final_distance_cost": 2.2851328855430904, "oscillation_cost": 490.43513372400054, "completition_cost": 1000.0, "overshoot_cost": 123.2412390351542, "power_cost": 21.506394702148437, "noise_cost": 52.478978834530196, "n_waypoints_completed": 0, "tot_waypoints": 9}}
{"target": -623.7119871590749, "params": {"k_pid_pos": [1.870369102658551, 0.8723045927081072, 0.004870161514259119], "k_pid_alt": [0.9002738966200625, 0.28512503400108913, 0.4718884915394037], "k_pid_att": [8.724938840804885, 6.084416861906324, 0.3031541065945249], "k_pid_yaw": [0.5, 1e-06, 0.1], "k_pid_hsp": [2.319305190287784, 0.09541194938244235, 0.07683127971838177], "k_pid_vsp": [398.43067538256923, 199.85199672486436, 227.1232958931431]}, "datetime": {"datetime": "2025-08-21 16:32:20", "elapsed": 28057.166384458542, "delta": 28.834081649780273}, "costs": {"total_cost": 623.7119871590749, "time_cost": 150, "final_distance_cost": 71.88954312259463, "oscillation_cost": 92.10249621932935, "completition_cost": 222.2222222222222, "overshoot_cost": 50.06383506841032, "power_cost": 21.67236260986328, "noise_cost": 15.761527916655018, "n_waypoints_completed": 7, "tot_waypoints": 9}}
{"target": -1452.2169373217644, "params": {"k_pid_pos": [1.2699944079669667, 0.7755386844696125, 0.2697742672954587], "k_pid_alt": [0.7732517973221895, 0.8988126603246723, 0.7371188604977755], "k_pid_att": [51.46602760636236, 3.0641573799753394, 0.2830236468602143], "k_pid_yaw": [0.5, 1e-06, 0.1], "k_pid_hsp": [1.2193049026799645, 0.5453456752757794, 0.2773450428158629], "k_pid_vsp": [30.36423312739163, 163.81169334320472, 320.21279688179845]}, "datetime": {"datetime": "2025-08-21 16:32:47", "elapsed": 28084.40451145172, "delta": 27.23812699317932}, "costs": {"total_cost": 1452.2169373217644, "time_cost": 150, "final_distance_cost": 8.655430879494661, "oscillation_cost": 75.2104797052496, "completition_cost": 1000.0, "overshoot_cost": 136.048807449184, "power_cost": 21.434316650390628, "noise_cost": 60.867902637445525, "n_waypoints_completed": 0, "tot_waypoints": 9}}
{"target": -1463.8859741010465, "params": {"k_pid_pos": [1.1980413045757305, 0.9020857107817528, 0.6437865877924951], "k_pid_alt": [0.8049832570238409, 0.8122396621273983, 0.8923206367886428], "k_pid_att": [37.86661350049414, 6.526097036377825, 0.9465819700810164], "k_pid_yaw": [0.5, 1e-06, 0.1], "k_pid_hsp": [2.141165083876795, 0.8634844088408885, 0.8222413458038268], "k_pid_vsp": [20.209232757297933, 184.07382297748427, 390.2341342960243]}, "datetime": {"datetime": "2025-08-21 16:33:15", "elapsed": 28112.196175336838, "delta": 27.791663885116577}, "costs": {"total_cost": 1463.8859741010465, "time_cost": 150, "final_distance_cost": 8.744886923024266, "oscillation_cost": 74.83489531928348, "completition_cost": 1000.0, "overshoot_cost": 137.59528985953202, "power_cost": 22.732873571777343, "noise_cost": 69.9780284274294, "n_waypoints_completed": 0, "tot_waypoints": 9}}
