{"target": -260.1165843107739, "params": {"k_pid_pos": [2.0, 1.0, 1.0], "k_pid_alt": [2.0, 1.0, 0.0], "k_pid_att": [56.84302732276337, 4.578274080427227, 1.0], "k_pid_yaw": [0.5, 1e-06, 0.1], "k_pid_hsp": [10.0, 1.0, 0.0], "k_pid_vsp": [298.2043163225782, 356.323133275917, 50.344976790353165]}, "datetime": {"datetime": "2025-08-22 02:34:14", "elapsed": 64171.310643434525, "delta": 38.255693674087524}, "costs": {"total_cost": 260.1165843107739, "time_cost": 89.944, "final_distance_cost": 1.7634353758781915, "oscillation_cost": 77.3022777259778, "completition_cost": 0.0, "overshoot_cost": 54.54969848266572, "power_cost": 20.577401171875, "noise_cost": 15.979771554377175, "n_waypoints_completed": 9, "tot_waypoints": 9}}
{"target": -1118.8533948628628, "params": {"k_pid_pos": [1.9360749623869302, 0.3132636868391273, 0.10237067607668138], "k_pid_alt": [0.16016462887317817, 0.22611162765736348, 0.3419049679813584], "k_pid_att": [87.68046930156038, 8.068898664971302, 0.541960428015426], "k_pid_yaw": [0.5, 1e-06, 0.1], "k_pid_hsp": [2.4757340848349196, 0.329800435061002, 0.7765428831841056], "k_pid_vsp": [244.84031075348236, 376.9520510766061, 144.6373261581325]}, "datetime": {"datetime": "2025-08-22 02:35:04", "elapsed": 64221.035925388336, "delta": 49.725281953811646}, "costs": {"total_cost": 1118.8533948628628, "time_cost": 150, "final_distance_cost": 51.69897488951186, "oscillation_cost": 160.25681663115327, "completition_cost": 666.6666666666667, "overshoot_cost": 47.82572532392135, "power_cost": 23.61398748779297, "noise_cost": 18.791223863816626, "n_waypoints_completed": 3, "tot_waypoints": 9}}
{"target": -1621.5737335922904, "params": {"k_pid_pos": [2.0, 1.0, 1.0], "k_pid_alt": [0.0, 0.0, 1.0], "k_pid_att": [16.728020536431984, 5.590877047475112, 1.0], "k_pid_yaw": [0.5, 1e-06, 0.1], "k_pid_hsp": [4.996262652137475, 0.0, 1.0], "k_pid_vsp": [331.0165285662414, 328.4805794764987, 15.143013980913894]}, "datetime": {"datetime": "2025-08-22 02:35:42", "elapsed": 64259.37295818329, "delta": 38.33703279495239}, "costs": {"total_cost": 1621.5737335922904, "time_cost": 150, "final_distance_cost": 1.0437863986994278, "oscillation_cost": 264.0025739009184, "completition_cost": 1000.0, "overshoot_cost": 135.94220070753877, "power_cost": 14.28896434326172, "noise_cost": 56.29620824187201, "n_waypoints_completed": 0, "tot_waypoints": 9}}
{"target": -346.4299026380984, "params": {"k_pid_pos": [2.0, 0.0, 1.0], "k_pid_alt": [2.0, 0.0, 0.0], "k_pid_att": [82.56462840104449, 0.0001, 1.0], "k_pid_yaw": [0.5, 1e-06, 0.1], "k_pid_hsp": [6.900299969740158, 0.0, 1.0], "k_pid_vsp": [367.50546920878617, 370.22805983832376, 216.40507264662216]}, "datetime": {"datetime": "2025-08-22 02:36:14", "elapsed": 64291.10089945793, "delta": 31.727941274642944}, "costs": {"total_cost": 346.4299026380984, "time_cost": 72.848, "final_distance_cost": 1.7906928091792729, "oscillation_cost": 190.88970634744734, "completition_cost": 0.0, "overshoot_cost": 51.28819960413164, "power_cost": 16.551848083496093, "noise_cost": 13.061455793844011, "n_waypoints_completed": 9, "tot_waypoints": 9}}
{"target": -1283.6976672656635, "params": {"k_pid_pos": [0.027591955168357236, 0.5588952635759439, 0.11522088015299914], "k_pid_alt": [1.2893882708573656, 0.6293401007269428, 0.49532300926222594], "k_pid_att": [17.331623593526746, 8.409615891540236, 0.39986591970884433], "k_pid_yaw": [0.5, 1e-06, 0.1], "k_pid_hsp": [7.932414879299206, 0.8239420710486313, 0.19499757729096234], "k_pid_vsp": [380.002863257143, 254.44133567111558, 126.67843199510928]}, "datetime": {"datetime": "2025-08-22 02:36:56", "elapsed": 64332.65466594696, "delta": 41.55376648902893}, "costs": {"total_cost": 1283.6976672656635, "time_cost": 150, "final_distance_cost": 64.02813075284172, "oscillation_cost": 122.3551323386667, "completition_cost": 888.8888888888888, "overshoot_cost": 25.724485329855558, "power_cost": 18.565124060058594, "noise_cost": 14.135905895352082, "n_waypoints_completed": 1, "tot_waypoints": 9}}
{"target": -1360.7546863409527, "params": {"k_pid_pos": [0.0001, 1.0, 1.0], "k_pid_alt": [2.0, 0.0, 0.0], "k_pid_att": [70.90766253219144, 0.0001, 0.0], "k_pid_yaw": [0.5, 1e-06, 0.1], "k_pid_hsp": [10.0, 0.0, 0.0], "k_pid_vsp": [372.6418670342168, 342.085683138503, 73.8445961180216]}, "datetime": {"datetime": "2025-08-22 02:37:43", "elapsed": 64380.15745949745, "delta": 47.50279355049133}, "costs": {"total_cost": 1360.7546863409527, "time_cost": 150, "final_distance_cost": 63.00606368654962, "oscillation_cost": 189.90247195199487, "completition_cost": 888.8888888888888, "overshoot_cost": 31.389838215544387, "power_cost": 21.237330102539065, "noise_cost": 16.3300934954359, "n_waypoints_completed": 1, "tot_waypoints": 9}}
{"target": -878.248233133063, "params": {"k_pid_pos": [0.3750127891974724, 0.8094828206410781, 0.9653197926186381], "k_pid_alt": [1.875896971228793, 0.3222472165318305, 0.7965977775487066], "k_pid_att": [11.922671672349349, 6.2031503283696905, 0.4234272607373991], "k_pid_yaw": [0.5, 1e-06, 0.1], "k_pid_hsp": [8.331343429684116, 0.47172770958976973, 0.2995170870594045], "k_pid_vsp": [388.34116932790533, 240.3261063823583, 127.11746157626679]}, "datetime": {"datetime": "2025-08-22 02:38:21", "elapsed": 64418.22288966179, "delta": 38.06543016433716}, "costs": {"total_cost": 878.248233133063, "time_cost": 150, "final_distance_cost": 52.45342182462695, "oscillation_cost": 261.52689080173883, "completition_cost": 333.33333333333337, "overshoot_cost": 41.92255456229724, "power_cost": 22.933398071289062, "noise_cost": 16.078634539777454, "n_waypoints_completed": 6, "tot_waypoints": 9}}
{"target": -914.164662966569, "params": {"k_pid_pos": [0.8347915425904002, 0.4495725908701915, 0.10000076613558928], "k_pid_alt": [1.418112559953143, 0.16634493892928792, 0.75742870146505], "k_pid_att": [17.871919960726, 6.380186955711966, 0.3862604110097111], "k_pid_yaw": [0.5, 1e-06, 0.1], "k_pid_hsp": [3.1208199315902765, 0.48154075168388766, 0.42459639781322356], "k_pid_vsp": [389.33905206250483, 257.4896883087429, 118.9414777513465]}, "datetime": {"datetime": "2025-08-22 02:39:02", "elapsed": 64458.724663972855, "delta": 40.501774311065674}, "costs": {"total_cost": 914.164662966569, "time_cost": 150, "final_distance_cost": 75.41692682227121, "oscillation_cost": 272.3271329219653, "completition_cost": 333.33333333333337, "overshoot_cost": 43.18296062513462, "power_cost": 23.377307946777346, "noise_cost": 16.527001317087137, "n_waypoints_completed": 6, "tot_waypoints": 9}}
{"target": -350.68436528600216, "params": {"k_pid_pos": [1.4415880169619864, 0.7800908076189111, 0.7363221607019197], "k_pid_alt": [2.0, 1.0, 0.3686983381098439], "k_pid_att": [62.43000171523451, 5.1477333024588, 0.0], "k_pid_yaw": [0.5, 1e-06, 0.1], "k_pid_hsp": [2.4157169256364615, 0.9390069954371054, 0.07034636396851487], "k_pid_vsp": [310.86843584161267, 254.92520168181792, 70.61656378866029]}, "datetime": {"datetime": "2025-08-22 02:39:38", "elapsed": 64495.322018146515, "delta": 36.59735417366028}, "costs": {"total_cost": 350.68436528600216, "time_cost": 79.68, "final_distance_cost": 1.7304237777003784, "oscillation_cost": 186.8512853406827, "completition_cost": 0.0, "overshoot_cost": 50.92790026631369, "power_cost": 18.065894494628907, "noise_cost": 13.428861406676463, "n_waypoints_completed": 9, "tot_waypoints": 9}}
{"target": -1387.6257462523197, "params": {"k_pid_pos": [0.021980146672834888, 0.5665152263362707, 0.9776629044806139], "k_pid_alt": [0.2828373513633431, 0.11006609052378868, 0.3617713977108391], "k_pid_att": [50.86587010302001, 0.5353869217092592, 0.4822698360541742], "k_pid_yaw": [0.5, 1e-06, 0.1], "k_pid_hsp": [6.671111122118869, 0.16744638212405583, 0.5906344313014761], "k_pid_vsp": [65.70951006965484, 186.98481266678647, 95.17623619537058]}, "datetime": {"datetime": "2025-08-22 02:40:24", "elapsed": 64540.79638004303, "delta": 45.47436189651489}, "costs": {"total_cost": 1387.6257462523197, "time_cost": 150, "final_distance_cost": 80.63291739158535, "oscillation_cost": 295.8327729988083, "completition_cost": 777.7777777777778, "overshoot_cost": 45.329147317435094, "power_cost": 21.423821997070313, "noise_cost": 16.62930876964259, "n_waypoints_completed": 2, "tot_waypoints": 9}}
{"target": -782.064729409683, "params": {"k_pid_pos": [2.0, 0.0, 1.0], "k_pid_alt": [0.7164244972176332, 0.6862024217452242, 0.0], "k_pid_att": [37.7743229442354, 10.0, 0.0], "k_pid_yaw": [0.5, 1e-06, 0.1], "k_pid_hsp": [2.9449048498880996, 1.0, 0.4528185416116076], "k_pid_vsp": [133.03582476352673, 342.7152137630954, 125.49724532412091]}, "datetime": {"datetime": "2025-08-22 02:41:06", "elapsed": 64582.79921865463, "delta": 42.00283861160278}, "costs": {"total_cost": 782.064729409683, "time_cost": 150, "final_distance_cost": 67.0012099329789, "oscillation_cost": 259.4125942746192, "completition_cost": 222.2222222222222, "overshoot_cost": 52.613420201959435, "power_cost": 17.218496520996094, "noise_cost": 13.596786256907157, "n_waypoints_completed": 7, "tot_waypoints": 9}}
{"target": -680.7992140944705, "params": {"k_pid_pos": [0.788841913093627, 0.5751297610349343, 1.0], "k_pid_alt": [2.0, 0.9521660907203935, 1.0], "k_pid_att": [16.87825797999963, 4.673973598261906, 0.0], "k_pid_yaw": [0.5, 1e-06, 0.1], "k_pid_hsp": [10.0, 0.0, 0.0], "k_pid_vsp": [178.706211360623, 4.6904939056243045, 21.050164805422572]}, "datetime": {"datetime": "2025-08-22 02:42:06", "elapsed": 64642.77183675766, "delta": 59.972618103027344}, "costs": {"total_cost": 680.7992140944705, "time_cost": 150, "final_distance_cost": 9.74177718313536, "oscillation_cost": 310.76747037648397, "completition_cost": 111.11111111111116, "overshoot_cost": 58.027349467099725, "power_cost": 22.79511511230469, "noise_cost": 18.35639084433553, "n_waypoints_completed": 8, "tot_waypoints": 9}}
{"target": -1775.0176482242787, "params": {"k_pid_pos": [2.0, 0.0, 0.8055060769601426], "k_pid_alt": [0.0, 0.0, 1.0], "k_pid_att": [11.179645891160865, 0.49619632247225304, 0.1397828025615559], "k_pid_yaw": [0.5, 1e-06, 0.1], "k_pid_hsp": [7.460219583357444, 0.0, 0.768517837974045], "k_pid_vsp": [52.776434700258584, 103.0130274367273, 30.852164827777678]}, "datetime": {"datetime": "2025-08-22 02:42:40", "elapsed": 64677.33196043968, "delta": 34.560123682022095}, "costs": {"total_cost": 1775.0176482242787, "time_cost": 150, "final_distance_cost": 0.7404427282756272, "oscillation_cost": 433.2711667065772, "completition_cost": 1000.0, "overshoot_cost": 134.92005567750977, "power_cost": 13.085733325195314, "noise_cost": 43.000249786720765, "n_waypoints_completed": 0, "tot_waypoints": 9}}
{"target": -802.5414445716386, "params": {"k_pid_pos": [1.9917450041290279, 0.8438460916277084, 0.008371154435676374], "k_pid_alt": [0.0, 1.0, 0.8778165049197425], "k_pid_att": [63.94572096986174, 5.243232100480341, 0.24925204987361896], "k_pid_yaw": [0.5, 1e-06, 0.1], "k_pid_hsp": [3.691356754302695, 0.2821952545828134, 0.0], "k_pid_vsp": [215.26357318071172, 50.21832135169173, 35.01720867889412]}, "datetime": {"datetime": "2025-08-22 02:43:26", "elapsed": 64722.47039890289, "delta": 45.13843846321106}, "costs": {"total_cost": 802.5414445716386, "time_cost": 150, "final_distance_cost": 53.93391878930783, "oscillation_cost": 67.13242552872107, "completition_cost": 444.4444444444444, "overshoot_cost": 58.907801849304526, "power_cost": 15.55677947998047, "noise_cost": 12.566074479880266, "n_waypoints_completed": 5, "tot_waypoints": 9}}
{"target": -1349.7488971801927, "params": {"k_pid_pos": [0.0001, 1.0, 1.0], "k_pid_alt": [0.0, 1.0, 1.0], "k_pid_att": [63.26436493607705, 0.0001, 1.0], "k_pid_yaw": [0.5, 1e-06, 0.1], "k_pid_hsp": [4.709921202510834, 1.0, 1.0], "k_pid_vsp": [194.40940987976418, 46.20043602543898, 38.41002484982042]}, "datetime": {"datetime": "2025-08-22 02:44:07", "elapsed": 64763.95902657509, "delta": 41.488627672195435}, "costs": {"total_cost": 1349.7488971801927, "time_cost": 150, "final_distance_cost": 50.127839043663435, "oscillation_cost": 177.65016430354567, "completition_cost": 888.8888888888888, "overshoot_cost": 43.198204859261935, "power_cost": 23.194708837890627, "noise_cost": 16.689091246942105, "n_waypoints_completed": 1, "tot_waypoints": 9}}
{"target": -878.7172366084869, "params": {"k_pid_pos": [1.2265951631195693, 0.16511810108807493, 0.7646738816584242], "k_pid_alt": [1.7240048744132936, 0.3668962083807075, 0.07241626476646919], "k_pid_att": [54.194470008660076, 7.280433242756462, 0.14581640712893584], "k_pid_yaw": [0.5, 1e-06, 0.1], "k_pid_hsp": [5.206990634621547, 0.5117811010866885, 0.8867567096576853], "k_pid_vsp": [222.38472373511738, 16.228387294808922, 91.00851238792067]}, "datetime": {"datetime": "2025-08-22 02:44:45", "elapsed": 64802.261583805084, "delta": 38.30255722999573}, "costs": {"total_cost": 878.7172366084869, "time_cost": 150, "final_distance_cost": 65.73620129689405, "oscillation_cost": 348.759053168842, "completition_cost": 222.2222222222222, "overshoot_cost": 47.60120773814612, "power_cost": 26.253536682128907, "noise_cost": 18.14501550025366, "n_waypoints_completed": 7, "tot_waypoints": 9}}
{"target": -1161.8176335767303, "params": {"k_pid_pos": [0.32729157993581165, 0.2107646248449887, 0.01688021810510687], "k_pid_alt": [0.21085968359358076, 0.09306910233899524, 0.9214319989183752], "k_pid_att": [34.08611254538153, 1.7531368248798627, 0.40538328833738924], "k_pid_yaw": [0.5, 1e-06, 0.1], "k_pid_hsp": [8.598846562380544, 0.135379617292418, 0.8867351195856106], "k_pid_vsp": [183.96912402420296, 201.12798344345313, 108.1222118708509]}, "datetime": {"datetime": "2025-08-22 02:45:41", "elapsed": 64858.43201088905, "delta": 56.170427083969116}, "costs": {"total_cost": 1161.8176335767303, "time_cost": 150, "final_distance_cost": 49.512429231406905, "oscillation_cost": 330.8528535015544, "completition_cost": 555.5555555555555, "overshoot_cost": 42.54360487833465, "power_cost": 18.89157364501953, "noise_cost": 14.461616764859388, "n_waypoints_completed": 4, "tot_waypoints": 9}}
{"target": -228.2646147562834, "params": {"k_pid_pos": [2.0, 0.0, 0.0], "k_pid_alt": [2.0, 0.0, 0.0], "k_pid_att": [59.51770063505948, 0.0001, 0.0], "k_pid_yaw": [0.5, 1e-06, 0.1], "k_pid_hsp": [6.340785050940007, 0.0, 0.0], "k_pid_vsp": [191.44664256912418, 45.31997187045086, 43.78049091942145]}, "datetime": {"datetime": "2025-08-22 02:46:25", "elapsed": 64901.907324790955, "delta": 43.475313901901245}, "costs": {"total_cost": 228.2646147562834, "time_cost": 70.376, "final_distance_cost": 1.760526690897283, "oscillation_cost": 79.49785569520283, "completition_cost": 0.0, "overshoot_cost": 51.56063286432517, "power_cost": 13.535054138183595, "noise_cost": 11.534545367674522, "n_waypoints_completed": 9, "tot_waypoints": 9}}
{"target": -377.3345180988081, "params": {"k_pid_pos": [1.4407790553002853, 0.3838815138502212, 0.6603895168365512], "k_pid_alt": [1.5527785137849186, 0.9922678110780682, 0.9896656678868928], "k_pid_att": [23.25593135329257, 9.098103832870718, 0.46673598105254477], "k_pid_yaw": [0.5, 1e-06, 0.1], "k_pid_hsp": [6.659597314181145, 0.2890484021332801, 0.09830435012032601], "k_pid_vsp": [381.35019222447465, 255.92659423212262, 123.47258235073289]}, "datetime": {"datetime": "2025-08-22 02:47:02", "elapsed": 64938.601602077484, "delta": 36.69427728652954}, "costs": {"total_cost": 377.3345180988081, "time_cost": 90.864, "final_distance_cost": 1.724889738984102, "oscillation_cost": 201.326439627869, "completition_cost": 0.0, "overshoot_cost": 55.26083477667086, "power_cost": 15.78206912841797, "noise_cost": 12.376284826866078, "n_waypoints_completed": 9, "tot_waypoints": 9}}
{"target": -734.0760464886813, "params": {"k_pid_pos": [0.7820366303969428, 0.7730902318376219, 0.1943123372033504], "k_pid_alt": [1.8346887016359275, 0.5549273331953604, 0.7530181053973519], "k_pid_att": [92.82669397544527, 0.5462874950578137, 0.03388679637326142], "k_pid_yaw": [0.5, 1e-06, 0.1], "k_pid_hsp": [5.66657611893787, 0.14658968541282458, 0.13526345267759166], "k_pid_vsp": [53.65822752309399, 361.15220642327006, 4.337552559229549]}, "datetime": {"datetime": "2025-08-22 02:47:39", "elapsed": 64976.16822719574, "delta": 37.566625118255615}, "costs": {"total_cost": 734.0760464886813, "time_cost": 150, "final_distance_cost": 68.73614260674536, "oscillation_cost": 191.4027421566437, "completition_cost": 222.2222222222222, "overshoot_cost": 49.286458518342556, "power_cost": 29.807843981933594, "noise_cost": 22.620637002793877, "n_waypoints_completed": 7, "tot_waypoints": 9}}
{"target": -343.3458762898115, "params": {"k_pid_pos": [2.0, 0.8367885231261957, 0.0], "k_pid_alt": [1.4658208375141901, 0.0, 0.0083377805115509], "k_pid_att": [12.592193145995578, 8.403002571105157, 0.0], "k_pid_yaw": [0.5, 1e-06, 0.1], "k_pid_hsp": [6.680963452147989, 0.0, 0.0], "k_pid_vsp": [51.41881076264979, 346.399852545147, 138.60965796700233]}, "datetime": {"datetime": "2025-08-22 02:48:17", "elapsed": 65013.62610220909, "delta": 37.45787501335144}, "costs": {"total_cost": 343.3458762898115, "time_cost": 90.136, "final_distance_cost": 1.7413591960542423, "oscillation_cost": 149.53464654313183, "completition_cost": 0.0, "overshoot_cost": 57.637952212212184, "power_cost": 25.33769665527344, "noise_cost": 18.95822168313981, "n_waypoints_completed": 9, "tot_waypoints": 9}}
{"target": -378.99845551783005, "params": {"k_pid_pos": [2.0, 0.0, 1.0], "k_pid_alt": [2.0, 0.0, 1.0], "k_pid_att": [65.34746168591396, 0.0001, 0.0], "k_pid_yaw": [0.5, 1e-06, 0.1], "k_pid_hsp": [10.0, 1.0, 1.0], "k_pid_vsp": [253.29920549069956, 266.1554437921432, 264.47440373443874]}, "datetime": {"datetime": "2025-08-22 02:48:54", "elapsed": 65050.75951600075, "delta": 37.133413791656494}, "costs": {"total_cost": 378.99845551783005, "time_cost": 77.368, "final_distance_cost": 1.7818646194672003, "oscillation_cost": 214.49115355423032, "completition_cost": 0.0, "overshoot_cost": 53.34821356780705, "power_cost": 18.153885595703127, "noise_cost": 13.855338180622375, "n_waypoints_completed": 9, "tot_waypoints": 9}}
{"target": -425.96212199858365, "params": {"k_pid_pos": [2.0, 0.0, 1.0], "k_pid_alt": [2.0, 1.0, 0.0], "k_pid_att": [85.95884475387986, 0.0001, 1.0], "k_pid_yaw": [0.5, 1e-06, 0.1], "k_pid_hsp": [10.0, 0.0, 1.0], "k_pid_vsp": [367.2380933489618, 372.7774185685353, 219.22138465289734]}, "datetime": {"datetime": "2025-08-22 02:49:33", "elapsed": 65090.26466035843, "delta": 39.505144357681274}, "costs": {"total_cost": 425.96212199858365, "time_cost": 91.47200000000001, "final_distance_cost": 1.7668048949007145, "oscillation_cost": 237.50197814963775, "completition_cost": 0.0, "overshoot_cost": 58.99956296971125, "power_cost": 20.83712373046875, "noise_cost": 15.384652253865191, "n_waypoints_completed": 9, "tot_waypoints": 9}}
{"target": -1420.8506481867594, "params": {"k_pid_pos": [1.560608686917434, 0.8431110080258539, 0.3359259123262325], "k_pid_alt": [0.010305182316849404, 0.00887281293915232, 0.021990551708458317], "k_pid_att": [16.219866346852317, 6.153597588292858, 0.9702011380467964], "k_pid_yaw": [0.5, 1e-06, 0.1], "k_pid_hsp": [4.966393570334109, 0.8780725251774175, 0.5309839146027534], "k_pid_vsp": [327.32566586765574, 328.4975756780025, 27.145108529655836]}, "datetime": {"datetime": "2025-08-22 02:50:12", "elapsed": 65128.85749936104, "delta": 38.59283900260925}, "costs": {"total_cost": 1420.8506481867594, "time_cost": 150, "final_distance_cost": 68.54219904663768, "oscillation_cost": 222.51225466457424, "completition_cost": 888.8888888888888, "overshoot_cost": 54.30520505537058, "power_cost": 20.448623876953125, "noise_cost": 16.153476654334877, "n_waypoints_completed": 1, "tot_waypoints": 9}}
{"target": -876.850870347595, "params": {"k_pid_pos": [0.19605716895347405, 0.9905821797807975, 0.6474882043721042], "k_pid_alt": [1.1800941112001808, 0.45780631876623745, 0.6447666301564197], "k_pid_att": [29.757543874564096, 6.087279925772672, 0.5146207360988894], "k_pid_yaw": [0.5, 1e-06, 0.1], "k_pid_hsp": [1.133663994616036, 0.761934847959877, 0.3252228210639808], "k_pid_vsp": [335.51804047203825, 205.63708561129508, 29.799825350212668]}, "datetime": {"datetime": "2025-08-22 02:51:05", "elapsed": 65181.68535208702, "delta": 52.827852725982666}, "costs": {"total_cost": 876.850870347595, "time_cost": 150, "final_distance_cost": 41.63879684355822, "oscillation_cost": 143.2769990285046, "completition_cost": 444.4444444444444, "overshoot_cost": 61.93167882086279, "power_cost": 20.082786364746095, "noise_cost": 15.476164845478843, "n_waypoints_completed": 5, "tot_waypoints": 9}}
{"target": -300.840528014514, "params": {"k_pid_pos": [2.0, 0.4049885975682169, 0.0], "k_pid_alt": [0.9511378058937509, 0.0, 0.539556473769605], "k_pid_att": [15.696561719804176, 8.293038923362575, 0.0], "k_pid_yaw": [0.5, 1e-06, 0.1], "k_pid_hsp": [7.020131939441762, 0.0, 0.0], "k_pid_vsp": [47.75207038484573, 344.9413597659538, 137.16305998744429]}, "datetime": {"datetime": "2025-08-22 02:51:54", "elapsed": 65231.06924319267, "delta": 49.383891105651855}, "costs": {"total_cost": 300.840528014514, "time_cost": 81.584, "final_distance_cost": 1.7210649143296937, "oscillation_cost": 130.03915772650245, "completition_cost": 0.0, "overshoot_cost": 50.97489225413707, "power_cost": 20.90607186279297, "noise_cost": 15.615341256751908, "n_waypoints_completed": 9, "tot_waypoints": 9}}
