{"target": -245.58661493243048, "params": {"k_pid_pos": [2.0, 1.0, 1.0], "k_pid_alt": [2.0, 0.0, 0.0], "k_pid_att": [72.46687757443027, 2.086002352252567, 1.0], "k_pid_yaw": [0.5, 1e-06, 0.1], "k_pid_hsp": [10.0, 0.0, 0.0], "k_pid_vsp": [371.7852263797167, 337.90725308977676, 74.4682631187027]}, "datetime": {"datetime": "2025-08-21 22:41:36", "elapsed": 50212.74232888222, "delta": 31.71690821647644}, "costs": {"total_cost": 245.58661493243048, "time_cost": 73.96000000000001, "final_distance_cost": 1.7294959302994746, "oscillation_cost": 93.28135284609154, "completition_cost": 0.0, "overshoot_cost": 49.99055663328834, "power_cost": 14.813896704101563, "noise_cost": 11.811312818649554, "n_waypoints_completed": 9, "tot_waypoints": 9}}
{"target": -669.1490739538538, "params": {"k_pid_pos": [1.4924400954896118, 0.8951472795898708, 0.36998143395362393], "k_pid_alt": [1.9941055361956355, 0.9909431366370941, 0.25330627150470986], "k_pid_att": [23.372520511063456, 7.692344235648621, 0.25097940621319914], "k_pid_yaw": [0.5, 1e-06, 0.1], "k_pid_hsp": [2.4457779978198357, 0.9278288278402836, 0.09006190983383744], "k_pid_vsp": [135.48734877116414, 305.249405758517, 109.62693078662002]}, "datetime": {"datetime": "2025-08-21 22:42:14", "elapsed": 50251.11117243767, "delta": 38.36884355545044}, "costs": {"total_cost": 669.1490739538538, "time_cost": 150, "final_distance_cost": 64.70944028809961, "oscillation_cost": 153.59515058102005, "completition_cost": 222.2222222222222, "overshoot_cost": 49.36074853812129, "power_cost": 16.165074255371096, "noise_cost": 13.096438069019591, "n_waypoints_completed": 7, "tot_waypoints": 9}}
{"target": -810.7603758225595, "params": {"k_pid_pos": [2.0, 0.0, 1.0], "k_pid_alt": [0.0, 1.0, 0.0], "k_pid_att": [24.67518887903871, 0.0001, 0.9261338782176809], "k_pid_yaw": [0.5, 1e-06, 0.1], "k_pid_hsp": [10.0, 0.6658024800010383, 1.0], "k_pid_vsp": [6.675565925398246, 206.02862113650116, 42.76947671028134]}, "datetime": {"datetime": "2025-08-21 22:43:01", "elapsed": 50298.322135448456, "delta": 47.210963010787964}, "costs": {"total_cost": 810.7603758225595, "time_cost": 150, "final_distance_cost": 68.90817163135146, "oscillation_cost": 275.58578505063923, "completition_cost": 222.2222222222222, "overshoot_cost": 59.50171646793978, "power_cost": 19.733077746582033, "noise_cost": 14.809402703824771, "n_waypoints_completed": 7, "tot_waypoints": 9}}
{"target": -875.6298070219825, "params": {"k_pid_pos": [1.5256299590394586, 0.01453194844595107, 0.6257201662837322], "k_pid_alt": [1.6086600095317836, 0.25321263828499463, 0.11746141470608362], "k_pid_att": [16.607760729321818, 0.056507209732680405, 0.10610932938539741], "k_pid_yaw": [0.5, 1e-06, 0.1], "k_pid_hsp": [5.182560499120752, 0.456548212669871, 0.9195092608188211], "k_pid_vsp": [342.72621897100043, 324.99998260137244, 7.452065188543121]}, "datetime": {"datetime": "2025-08-21 22:43:45", "elapsed": 50341.53441739082, "delta": 43.212281942367554}, "costs": {"total_cost": 875.6298070219825, "time_cost": 150, "final_distance_cost": 64.70596901447314, "oscillation_cost": 347.35643133753433, "completition_cost": 222.2222222222222, "overshoot_cost": 46.09761000848623, "power_cost": 26.338257592773438, "noise_cost": 18.909316846493265, "n_waypoints_completed": 7, "tot_waypoints": 9}}
{"target": -751.3985264310304, "params": {"k_pid_pos": [0.7747361763756301, 0.6374837869103545, 0.4019952199087735], "k_pid_alt": [1.195741934887797, 0.25490082588062546, 0.5094022654283357], "k_pid_att": [31.266453343513422, 0.6361614781272193, 0.9633639289899381], "k_pid_yaw": [0.5, 1e-06, 0.1], "k_pid_hsp": [7.491626469138888, 0.5833605169005153, 0.7380819168115216], "k_pid_vsp": [90.05044159005378, 64.52726543103391, 31.882875416693054]}, "datetime": {"datetime": "2025-08-21 22:44:31", "elapsed": 50387.65724682808, "delta": 46.12282943725586}, "costs": {"total_cost": 751.3985264310304, "time_cost": 150, "final_distance_cost": 72.71582579422565, "oscillation_cost": 218.1498954296442, "completition_cost": 222.2222222222222, "overshoot_cost": 46.31805313010505, "power_cost": 24.34387158203125, "noise_cost": 17.648658272802123, "n_waypoints_completed": 7, "tot_waypoints": 9}}
{"target": -486.30526072579016, "params": {"k_pid_pos": [0.46664249005448727, 0.0, 0.29809245064435214], "k_pid_alt": [2.0, 0.0, 0.7855348051893247], "k_pid_att": [36.66294763028169, 3.0060570446315613, 0.0], "k_pid_yaw": [0.5, 1e-06, 0.1], "k_pid_hsp": [5.410273612502432, 0.4357723920237934, 1.0], "k_pid_vsp": [183.4099024292551, 205.26874603213182, 101.73688942638755]}, "datetime": {"datetime": "2025-08-21 22:45:18", "elapsed": 50434.951469659805, "delta": 47.294222831726074}, "costs": {"total_cost": 486.30526072579016, "time_cost": 96.70400000000001, "final_distance_cost": 1.8510765972818595, "oscillation_cost": 296.69809584233127, "completition_cost": 0.0, "overshoot_cost": 53.963506937369566, "power_cost": 20.026118200683594, "noise_cost": 17.06246314812384, "n_waypoints_completed": 9, "tot_waypoints": 9}}
{"target": -699.5244545425807, "params": {"k_pid_pos": [2.0, 1.0, 0.0], "k_pid_alt": [2.0, 1.0, 0.0], "k_pid_att": [60.25897639091448, 5.790358752119599, 1.0], "k_pid_yaw": [0.5, 1e-06, 0.1], "k_pid_hsp": [10.0, 0.0, 0.0], "k_pid_vsp": [255.6645177837418, 228.4575671218427, 163.80438726821552]}, "datetime": {"datetime": "2025-08-21 22:45:56", "elapsed": 50472.48055720329, "delta": 37.52908754348755}, "costs": {"total_cost": 699.5244545425807, "time_cost": 150, "final_distance_cost": 66.54856553223745, "oscillation_cost": 59.54371028802442, "completition_cost": 333.33333333333337, "overshoot_cost": 53.415489375802025, "power_cost": 21.548335791015624, "noise_cost": 15.135020222167814, "n_waypoints_completed": 6, "tot_waypoints": 9}}
{"target": -679.7589929919999, "params": {"k_pid_pos": [1.4267770693091775, 0.0, 1.0], "k_pid_alt": [0.0, 1.0, 0.0], "k_pid_att": [24.109683582145884, 0.0001, 0.20720851253342307], "k_pid_yaw": [0.5, 1e-06, 0.1], "k_pid_hsp": [10.0, 0.0, 1.0], "k_pid_vsp": [11.289252960906152, 208.98097057338327, 48.65456373946354]}, "datetime": {"datetime": "2025-08-21 22:46:32", "elapsed": 50509.443863630295, "delta": 36.96330642700195}, "costs": {"total_cost": 679.7589929919999, "time_cost": 150, "final_distance_cost": 46.398735497198864, "oscillation_cost": 267.18084349586985, "completition_cost": 111.11111111111116, "overshoot_cost": 65.39774497005155, "power_cost": 22.52292419433594, "noise_cost": 17.147633723432474, "n_waypoints_completed": 8, "tot_waypoints": 9}}
{"target": -720.5123529871961, "params": {"k_pid_pos": [0.6299893544509845, 0.24206345223421954, 0.00030021195846896553], "k_pid_alt": [1.6358716216369882, 0.2136450452446894, 0.8177136598768766], "k_pid_att": [95.62480147410612, 4.357974392090426, 0.5940216068354723], "k_pid_yaw": [0.5, 1e-06, 0.1], "k_pid_hsp": [2.814442712450294, 0.6814407137984233, 0.7749264431038452], "k_pid_vsp": [193.74355159658214, 379.39980925645267, 151.21269842246733]}, "datetime": {"datetime": "2025-08-21 22:47:17", "elapsed": 50553.999537944794, "delta": 44.5556743144989}, "costs": {"total_cost": 720.5123529871961, "time_cost": 150, "final_distance_cost": 64.51175511430273, "oscillation_cost": 194.85039973974983, "completition_cost": 222.2222222222222, "overshoot_cost": 45.9620658949426, "power_cost": 25.15456920166016, "noise_cost": 17.81134081431854, "n_waypoints_completed": 7, "tot_waypoints": 9}}
{"target": -236.3601890863655, "params": {"k_pid_pos": [1.6963291350442535, 0.0, 0.0], "k_pid_alt": [2.0, 0.0, 0.0], "k_pid_att": [13.093298703433161, 0.0001, 1.0], "k_pid_yaw": [0.5, 1e-06, 0.1], "k_pid_hsp": [4.585517178906365, 0.0, 1.0], "k_pid_vsp": [249.3825714458158, 196.676130487643, 43.27640087278777]}, "datetime": {"datetime": "2025-08-21 22:47:57", "elapsed": 50593.48712134361, "delta": 39.48758339881897}, "costs": {"total_cost": 236.3601890863655, "time_cost": 69.936, "final_distance_cost": 1.7271982016187462, "oscillation_cost": 87.83451984955369, "completition_cost": 0.0, "overshoot_cost": 51.57639066658664, "power_cost": 14.202858020019532, "noise_cost": 11.08322234858687, "n_waypoints_completed": 9, "tot_waypoints": 9}}
{"target": -243.55858680748474, "params": {"k_pid_pos": [1.8837490147763383, 0.18618767968782945, 0.5232975447472964], "k_pid_alt": [1.0595061958699186, 0.6940959635433003, 0.6270279933120834], "k_pid_att": [97.90999451818972, 8.182932272313158, 0.9799860606203666], "k_pid_yaw": [0.5, 1e-06, 0.1], "k_pid_hsp": [6.170233381190854, 0.2673025588588802, 0.024002099715320413], "k_pid_vsp": [252.75688611258028, 317.0794678708894, 0.39394265356197133]}, "datetime": {"datetime": "2025-08-21 22:48:36", "elapsed": 50632.86688756943, "delta": 39.37976622581482}, "costs": {"total_cost": 243.55858680748474, "time_cost": 85.432, "final_distance_cost": 1.7900485611234802, "oscillation_cost": 84.64338805127663, "completition_cost": 0.0, "overshoot_cost": 51.72958986032841, "power_cost": 9.765414233398438, "noise_cost": 10.198146101357757, "n_waypoints_completed": 9, "tot_waypoints": 9}}
{"target": -729.4055068068657, "params": {"k_pid_pos": [0.6803176518572219, 0.3122532585823825, 0.37697791344599096], "k_pid_alt": [1.6543843591904643, 0.3072854137397887, 0.36468321517655555], "k_pid_att": [11.507540016995954, 1.5228236748356307, 0.5460215218697838], "k_pid_yaw": [0.5, 1e-06, 0.1], "k_pid_hsp": [7.336279276009408, 0.6315301442723363, 0.848688303058164], "k_pid_vsp": [332.6703301699138, 327.130240861479, 11.261424466183781]}, "datetime": {"datetime": "2025-08-21 22:49:16", "elapsed": 50673.32019376755, "delta": 40.45330619812012}, "costs": {"total_cost": 729.4055068068657, "time_cost": 150, "final_distance_cost": 65.98854967450984, "oscillation_cost": 206.44966355684812, "completition_cost": 222.2222222222222, "overshoot_cost": 44.782598433983566, "power_cost": 23.24599715576172, "noise_cost": 16.71647576354017, "n_waypoints_completed": 7, "tot_waypoints": 9}}
{"target": -1551.3373113658395, "params": {"k_pid_pos": [0.0001, 0.0, 0.0], "k_pid_alt": [0.0, 0.0, 1.0], "k_pid_att": [17.305057847926797, 0.0001, 1.0], "k_pid_yaw": [0.5, 1e-06, 0.1], "k_pid_hsp": [4.022732060542672, 0.0, 1.0], "k_pid_vsp": [248.30467469109618, 196.26206649797984, 41.70573447447972]}, "datetime": {"datetime": "2025-08-21 22:50:03", "elapsed": 50720.43570518494, "delta": 47.115511417388916}, "costs": {"total_cost": 1551.3373113658395, "time_cost": 150, "final_distance_cost": 10.151368900261625, "oscillation_cost": 185.06231915525143, "completition_cost": 1000.0, "overshoot_cost": 137.30014881662473, "power_cost": 15.786051818847657, "noise_cost": 53.03742267485402, "n_waypoints_completed": 0, "tot_waypoints": 9}}
{"target": -337.93165267485375, "params": {"k_pid_pos": [2.0, 0.0, 0.0], "k_pid_alt": [2.0, 0.0, 1.0], "k_pid_att": [53.27705297805993, 5.480994688141858, 0.0], "k_pid_yaw": [0.5, 1e-06, 0.1], "k_pid_hsp": [9.155210989609586, 1.0, 1.0], "k_pid_vsp": [350.80388477874595, 215.67971821579374, 29.676718040362356]}, "datetime": {"datetime": "2025-08-21 22:50:46", "elapsed": 50763.39604830742, "delta": 42.9603431224823}, "costs": {"total_cost": 337.93165267485375, "time_cost": 72.47200000000001, "final_distance_cost": 1.7436781918506041, "oscillation_cost": 178.36935855205593, "completition_cost": 0.0, "overshoot_cost": 51.71627457026003, "power_cost": 19.484757641601565, "noise_cost": 14.145583719085618, "n_waypoints_completed": 9, "tot_waypoints": 9}}
{"target": -354.8591456815427, "params": {"k_pid_pos": [1.9091929698005523, 0.7137073405928808, 0.7473625916605451], "k_pid_alt": [0.6759204645937915, 0.003090307210045329, 0.9903718599035868], "k_pid_att": [13.34323650056577, 2.6627212550704553, 0.744564286658241], "k_pid_yaw": [0.5, 1e-06, 0.1], "k_pid_hsp": [7.05673090822244, 0.2867907929050033, 0.8618250105263013], "k_pid_vsp": [50.41307565270419, 99.49351569086723, 32.73273913631284]}, "datetime": {"datetime": "2025-08-21 22:51:25", "elapsed": 50801.68371677399, "delta": 38.28766846656799}, "costs": {"total_cost": 354.8591456815427, "time_cost": 96.792, "final_distance_cost": 1.8226818826645028, "oscillation_cost": 167.17421229935334, "completition_cost": 0.0, "overshoot_cost": 55.632474051980054, "power_cost": 18.562944274902346, "noise_cost": 14.874833172642473, "n_waypoints_completed": 9, "tot_waypoints": 9}}
{"target": -416.8282167326573, "params": {"k_pid_pos": [2.0, 0.0, 0.7880797333738058], "k_pid_alt": [2.0, 0.4405480718246691, 1.0], "k_pid_att": [59.74353001314642, 9.800340102782432, 0.0], "k_pid_yaw": [0.5, 1e-06, 0.1], "k_pid_hsp": [9.422673897366508, 0.01982450099087692, 0.3017029597659718], "k_pid_vsp": [123.30752764020356, 142.12745226522708, 123.37498777021636]}, "datetime": {"datetime": "2025-08-21 22:52:07", "elapsed": 50844.292687892914, "delta": 42.608971118927}, "costs": {"total_cost": 416.8282167326573, "time_cost": 85.288, "final_distance_cost": 1.7663133031920846, "oscillation_cost": 241.8661372613441, "completition_cost": 0.0, "overshoot_cost": 55.791568872783586, "power_cost": 17.991009265136718, "noise_cost": 14.125188030200858, "n_waypoints_completed": 9, "tot_waypoints": 9}}
{"target": -268.1763911143396, "params": {"k_pid_pos": [2.0, 0.0, 1.0], "k_pid_alt": [2.0, 0.0, 1.0], "k_pid_att": [98.74908596827044, 0.0001, 0.0], "k_pid_yaw": [0.5, 1e-06, 0.1], "k_pid_hsp": [6.726346456412895, 0.0, 0.0], "k_pid_vsp": [50.102521269220006, 365.5371751984112, 1.0402085532883]}, "datetime": {"datetime": "2025-08-21 22:52:48", "elapsed": 50885.15055060387, "delta": 40.85786271095276}, "costs": {"total_cost": 268.1763911143396, "time_cost": 79.432, "final_distance_cost": 1.8482528010963806, "oscillation_cost": 90.36526783592026, "completition_cost": 0.0, "overshoot_cost": 57.11043946901432, "power_cost": 22.513006298828127, "noise_cost": 16.90742470948048, "n_waypoints_completed": 9, "tot_waypoints": 9}}
{"target": -807.3501097407685, "params": {"k_pid_pos": [2.0, 1.0, 0.0739385670105507], "k_pid_alt": [2.0, 0.6187306740070557, 0.0], "k_pid_att": [47.30642221988806, 10.0, 0.0], "k_pid_yaw": [0.5, 1e-06, 0.1], "k_pid_hsp": [7.148283899924352, 1.0, 0.13983646531203978], "k_pid_vsp": [189.88029388605256, 301.3450785134328, 96.3716036453043]}, "datetime": {"datetime": "2025-08-21 22:53:34", "elapsed": 50931.016184568405, "delta": 45.865633964538574}, "costs": {"total_cost": 807.3501097407685, "time_cost": 150, "final_distance_cost": 84.48612532254104, "oscillation_cost": 145.2288056273036, "completition_cost": 333.33333333333337, "overshoot_cost": 56.970376119774265, "power_cost": 21.428915881347656, "noise_cost": 15.902553456468615, "n_waypoints_completed": 6, "tot_waypoints": 9}}
{"target": -836.7514507339438, "params": {"k_pid_pos": [1.4733650605220596, 0.1397790933986145, 0.7973945190505065], "k_pid_alt": [1.9842116918961135, 0.14699573103656594, 0.34424161867890724], "k_pid_att": [26.14192172416231, 3.862782084245307, 0.5174648191338862], "k_pid_yaw": [0.5, 1e-06, 0.1], "k_pid_hsp": [8.210263273550797, 0.8470089886222999, 0.8496617417795419], "k_pid_vsp": [387.2469456865236, 252.25856329784392, 130.21228561606782]}, "datetime": {"datetime": "2025-08-21 22:54:21", "elapsed": 50977.72211074829, "delta": 46.705926179885864}, "costs": {"total_cost": 836.7514507339438, "time_cost": 150, "final_distance_cost": 68.51488771746907, "oscillation_cost": 311.7828291011728, "completition_cost": 222.2222222222222, "overshoot_cost": 44.010509858447094, "power_cost": 23.65983990478516, "noise_cost": 16.561161929847415, "n_waypoints_completed": 7, "tot_waypoints": 9}}
{"target": -792.2016464287317, "params": {"k_pid_pos": [1.0915260382628524, 0.23151097482786276, 0.7459896685961004], "k_pid_alt": [0.2828082166333956, 0.8881423309658988, 0.6724693286526923], "k_pid_att": [16.256781815952014, 5.954751011394688, 0.4593796289932728], "k_pid_yaw": [0.5, 1e-06, 0.1], "k_pid_hsp": [4.3837605369959185, 0.9893230938137128, 0.9804176618558635], "k_pid_vsp": [354.3223697913168, 366.5785502645245, 196.22211444708034]}, "datetime": {"datetime": "2025-08-21 22:55:09", "elapsed": 51025.88203215599, "delta": 48.159921407699585}, "costs": {"total_cost": 792.2016464287317, "time_cost": 150, "final_distance_cost": 78.79431668249602, "oscillation_cost": 247.39373375081442, "completition_cost": 222.2222222222222, "overshoot_cost": 60.89572117053571, "power_cost": 19.088753259277343, "noise_cost": 13.806899343386075, "n_waypoints_completed": 7, "tot_waypoints": 9}}
{"target": -848.3293997096621, "params": {"k_pid_pos": [2.0, 0.0, 0.0], "k_pid_alt": [0.0, 1.0, 0.0], "k_pid_att": [14.172280129441047, 2.473441006740173, 1.0], "k_pid_yaw": [0.5, 1e-06, 0.1], "k_pid_hsp": [9.413082380193362, 0.0, 1.0], "k_pid_vsp": [226.6190056575805, 388.8032987153589, 183.64767594346003]}, "datetime": {"datetime": "2025-08-21 22:56:06", "elapsed": 51082.96879696846, "delta": 57.08676481246948}, "costs": {"total_cost": 848.3293997096621, "time_cost": 150, "final_distance_cost": 57.79318968067168, "oscillation_cost": 205.6673820003918, "completition_cost": 333.33333333333337, "overshoot_cost": 61.728859786643426, "power_cost": 23.337740332031252, "noise_cost": 16.46889457659062, "n_waypoints_completed": 6, "tot_waypoints": 9}}
{"target": -377.65581336203235, "params": {"k_pid_pos": [1.6656572815899113, 0.4588714141821223, 0.9133059168396066], "k_pid_alt": [1.4580739803848737, 0.07107189885302845, 0.7049392432597669], "k_pid_att": [13.232595126543355, 5.508705772929375, 0.4032729558764844], "k_pid_yaw": [0.5, 1e-06, 0.1], "k_pid_hsp": [5.851444452063904, 0.4233311630325368, 0.38369192439741695], "k_pid_vsp": [176.15914894467522, 351.4718083704236, 118.70211100206755]}, "datetime": {"datetime": "2025-08-21 22:56:51", "elapsed": 51127.7790017128, "delta": 44.81020474433899}, "costs": {"total_cost": 377.65581336203235, "time_cost": 85.784, "final_distance_cost": 1.7656876650695965, "oscillation_cost": 205.0323622861335, "completition_cost": 0.0, "overshoot_cost": 52.91968443321463, "power_cost": 18.450898352050782, "noise_cost": 13.703180625563864, "n_waypoints_completed": 9, "tot_waypoints": 9}}
{"target": -480.9389678118688, "params": {"k_pid_pos": [1.9997851076716249, 0.9732878574411884, 0.1123784729711888], "k_pid_alt": [0.7808331056936562, 0.011830800298684942, 0.09147174509998308], "k_pid_att": [50.04988985933192, 9.999889589091232, 0.16801021681947026], "k_pid_yaw": [0.5, 1e-06, 0.1], "k_pid_hsp": [7.575266817404032, 0.713997666047252, 8.690579553392881e-05], "k_pid_vsp": [389.3901504301631, 119.13887099955564, 90.35611536108458]}, "datetime": {"datetime": "2025-08-21 22:57:48", "elapsed": 51185.176080703735, "delta": 57.39707899093628}, "costs": {"total_cost": 480.9389678118688, "time_cost": 150, "final_distance_cost": 40.783271887651956, "oscillation_cost": 82.07945614120678, "completition_cost": 111.11111111111116, "overshoot_cost": 63.56787783680945, "power_cost": 19.175287829589845, "noise_cost": 14.221963005499685, "n_waypoints_completed": 8, "tot_waypoints": 9}}
{"target": -380.76264991538363, "params": {"k_pid_pos": [1.8684204947310399, 0.3102622406056589, 0.18036878181054483], "k_pid_alt": [1.8031301282611472, 0.8843175119601386, 0.09461534815005723], "k_pid_att": [22.807086436392442, 6.233240190244268, 0.448667141124363], "k_pid_yaw": [0.5, 1e-06, 0.1], "k_pid_hsp": [9.670067458329937, 0.7764703424690423, 0.6962934864666219], "k_pid_vsp": [225.8271552482658, 388.23896014476264, 189.86274558286817]}, "datetime": {"datetime": "2025-08-21 22:58:32", "elapsed": 51229.385727882385, "delta": 44.2096471786499}, "costs": {"total_cost": 380.76264991538363, "time_cost": 97.21600000000001, "final_distance_cost": 1.732279317067378, "oscillation_cost": 185.1736069145963, "completition_cost": 0.0, "overshoot_cost": 59.5148802354731, "power_cost": 21.275037402343752, "noise_cost": 15.850846045903076, "n_waypoints_completed": 9, "tot_waypoints": 9}}
{"target": -680.03633709593, "params": {"k_pid_pos": [0.3681823954641249, 0.0, 0.5205203045622911], "k_pid_alt": [2.0, 0.22094335305535762, 0.0], "k_pid_att": [49.523407627330435, 7.4533325700713045, 0.41463829422337056], "k_pid_yaw": [0.5, 1e-06, 0.1], "k_pid_hsp": [6.885280796702031, 0.01954947050808326, 0.0], "k_pid_vsp": [389.2565595397107, 159.86770935534233, 184.29061264302916]}, "datetime": {"datetime": "2025-08-21 22:59:13", "elapsed": 51269.76681637764, "delta": 40.38108849525452}, "costs": {"total_cost": 680.03633709593, "time_cost": 150, "final_distance_cost": 55.11338717970134, "oscillation_cost": 62.82268101948763, "completition_cost": 333.33333333333337, "overshoot_cost": 45.691782307272064, "power_cost": 19.10236756591797, "noise_cost": 13.972785690217597, "n_waypoints_completed": 6, "tot_waypoints": 9}}
{"target": -1500.0862606325272, "params": {"k_pid_pos": [2.0, 0.0, 1.0], "k_pid_alt": [2.0, 0.0, 0.9692984302205317], "k_pid_att": [65.46863916929775, 0.0001, 0.0], "k_pid_yaw": [0.5, 1e-06, 0.1], "k_pid_hsp": [0.0001, 1.0, 1.0], "k_pid_vsp": [61.68955894753426, 148.26008876548477, 27.54493985565486]}, "datetime": {"datetime": "2025-08-21 23:00:01", "elapsed": 51317.873740911484, "delta": 48.106924533843994}, "costs": {"total_cost": 1500.0862606325272, "time_cost": 150, "final_distance_cost": 128.73558337993632, "oscillation_cost": 400.030342313708, "completition_cost": 555.5555555555555, "overshoot_cost": 226.1201036095563, "power_cost": 22.83441511230469, "noise_cost": 16.810260661466504, "n_waypoints_completed": 4, "tot_waypoints": 9}}
