{"target": -1172.8193547413155, "params": {"k_pid_pos": [1.8699921403218982, 0.4339131836129684, 0.049107841632415994], "k_pid_alt": [0.713024540412811, 0.18796989804313236, 0.08124467989774053], "k_pid_att": [66.78655449971758, 7.155488743677099, 0.2549080248873543], "k_pid_yaw": [0.5, 1e-06, 0.1], "k_pid_hsp": [0.9809575742801421, 0.2526411728260849, 0.11803875656599039], "k_pid_vsp": [134.2938530214457, 380.6386662286283, 315.0108144080909]}, "datetime": {"datetime": "2025-08-21 13:31:31", "elapsed": 17208.401070594788, "delta": 24.284108638763428}, "costs": {"total_cost": 1172.8193547413155, "time_cost": 150, "final_distance_cost": 73.84263438761627, "oscillation_cost": 167.75002319929337, "completition_cost": 666.6666666666667, "overshoot_cost": 78.33578301217658, "power_cost": 19.732772692871094, "noise_cost": 16.491474782691597, "n_waypoints_completed": 3, "tot_waypoints": 9}}
{"target": -854.3537632312422, "params": {"k_pid_pos": [1.4431296495229142, 0.6760581410034918, 0.36010010934165493], "k_pid_alt": [1.3727702148380914, 0.5285391879663077, 0.4007813893533333], "k_pid_att": [51.53802149037474, 3.5115525601437025, 0.011989664623708318], "k_pid_yaw": [0.5, 1e-06, 0.1], "k_pid_hsp": [5.24403188487967, 0.47114730172712904, 0.8006533919186929], "k_pid_vsp": [231.43023229507781, 149.5308913677545, 275.46936222054785]}, "datetime": {"datetime": "2025-08-21 13:31:57", "elapsed": 17234.176158189774, "delta": 25.775087594985962}, "costs": {"total_cost": 854.3537632312422, "time_cost": 150, "final_distance_cost": 59.19787840668454, "oscillation_cost": 208.3931120174509, "completition_cost": 333.33333333333337, "overshoot_cost": 56.5186366964402, "power_cost": 26.21875418701172, "noise_cost": 20.692048590321434, "n_waypoints_completed": 6, "tot_waypoints": 9}}
{"target": -2153.4226544267026, "params": {"k_pid_pos": [0.3292122404631574, 0.22265227326035253, 0.6790503083408252], "k_pid_alt": [1.8781966036963107, 0.7088998780857495, 0.5323438361532432], "k_pid_att": [68.77413431337945, 7.773172563547441, 0.874873138129474], "k_pid_yaw": [0.5, 1e-06, 0.1], "k_pid_hsp": [9.53703185632728, 0.1629892258893445, 0.3883054409417507], "k_pid_vsp": [144.70163807264012, 53.54380982186927, 232.40300339192135]}, "datetime": {"datetime": "2025-08-21 13:32:22", "elapsed": 17259.188157081604, "delta": 25.011998891830444}, "costs": {"total_cost": 2153.4226544267026, "time_cost": 150, "final_distance_cost": 207.67046624036288, "oscillation_cost": 463.8643959166506, "completition_cost": 1000.0, "overshoot_cost": 304.35719346867216, "power_cost": 14.554610131835938, "noise_cost": 12.97598866918087, "n_waypoints_completed": 0, "tot_waypoints": 9}}
{"target": -1592.9786945365136, "params": {"k_pid_pos": [0.010025566627988513, 0.40327992694779546, 0.31772923512371953], "k_pid_alt": [0.7018140701428488, 0.42491649356766137, 0.04512265909852109], "k_pid_att": [66.63849221753327, 6.876718905844934, 0.6896896692798736], "k_pid_yaw": [0.5, 1e-06, 0.1], "k_pid_hsp": [4.848322870511145, 0.28672845072013287, 0.9780675288816899], "k_pid_vsp": [37.678747523988676, 88.69503253397151, 220.13085766596274]}, "datetime": {"datetime": "2025-08-21 13:32:47", "elapsed": 17284.076934814453, "delta": 24.88877773284912}, "costs": {"total_cost": 1592.9786945365136, "time_cost": 150, "final_distance_cost": 10.012636526278145, "oscillation_cost": 263.58556529329417, "completition_cost": 1000.0, "overshoot_cost": 96.01503612424375, "power_cost": 24.97372313232422, "noise_cost": 48.39173346037312, "n_waypoints_completed": 0, "tot_waypoints": 9}}
{"target": -531.6361321809713, "params": {"k_pid_pos": [0.6415367759533516, 0.3599168584588399, 0.12717092137320396], "k_pid_alt": [1.8680629281162644, 0.03680318234092517, 0.3942203230159771], "k_pid_att": [62.998327944160174, 7.7025506801703765, 0.0120701865259909], "k_pid_yaw": [0.5, 1e-06, 0.1], "k_pid_hsp": [0.2613731062995733, 0.9642764538000586, 0.5041762009733092], "k_pid_vsp": [217.96961834725246, 47.508794629543154, 34.504428285624364]}, "datetime": {"datetime": "2025-08-21 13:33:11", "elapsed": 17308.145766735077, "delta": 24.06883192062378}, "costs": {"total_cost": 531.6361321809713, "time_cost": 150, "final_distance_cost": 3.232181415738721, "oscillation_cost": 166.61071158349426, "completition_cost": 111.11111111111116, "overshoot_cost": 71.0687224834467, "power_cost": 15.179670373535156, "noise_cost": 14.43373521364534, "n_waypoints_completed": 8, "tot_waypoints": 9}}
{"target": -1233.2604367269378, "params": {"k_pid_pos": [0.7135564158025404, 0.12579004848919495, 0.7757668895382264], "k_pid_alt": [1.7330125263166016, 0.6627084682334492, 0.7551258125606262], "k_pid_att": [68.83188056280255, 1.3112902437306913, 0.09802839336780922], "k_pid_yaw": [0.5, 1e-06, 0.1], "k_pid_hsp": [4.968527544914667, 0.7183666069159712, 0.7608003286490261], "k_pid_vsp": [211.12897044675836, 251.20719514331734, 379.45563898919187]}, "datetime": {"datetime": "2025-08-21 13:33:35", "elapsed": 17332.19420361519, "delta": 24.048436880111694}, "costs": {"total_cost": 1233.2604367269378, "time_cost": 150, "final_distance_cost": 51.379915437086844, "oscillation_cost": 384.2585122058598, "completition_cost": 555.5555555555555, "overshoot_cost": 54.18114999444979, "power_cost": 21.044156762695312, "noise_cost": 16.84114677129029, "n_waypoints_completed": 4, "tot_waypoints": 9}}
{"target": -283.9855040909041, "params": {"k_pid_pos": [1.0086702802123952, 0.14745514314697583, 0.9599230286416714], "k_pid_alt": [0.5951225561781943, 0.03902443723274529, 0.68509808416715], "k_pid_att": [1.2121032023678868, 1.965115936335297, 0.15903636484662953], "k_pid_yaw": [0.5, 1e-06, 0.1], "k_pid_hsp": [0.8369441660805614, 0.386243148023677, 0.009336874971845321], "k_pid_vsp": [296.1774231328701, 240.70782014249465, 164.52695383337738]}, "datetime": {"datetime": "2025-08-21 13:33:57", "elapsed": 17353.845802545547, "delta": 21.651598930358887}, "costs": {"total_cost": 283.9855040909041, "time_cost": 90.584, "final_distance_cost": 1.8108414399106354, "oscillation_cost": 95.8850596870441, "completition_cost": 0.0, "overshoot_cost": 53.73190300944667, "power_cost": 24.566365490722657, "noise_cost": 17.40733446378002, "n_waypoints_completed": 9, "tot_waypoints": 9}}
{"target": -342.9712774226947, "params": {"k_pid_pos": [1.5425506031302187, 0.02034572136167634, 0.7189588091616312], "k_pid_alt": [0.4290228420137707, 0.8755533657096336, 0.7769775920688439], "k_pid_att": [9.882922371929592, 0.7360882518406234, 0.6982767106965817], "k_pid_yaw": [0.5, 1e-06, 0.1], "k_pid_hsp": [5.712767586617376, 0.16859526559169147, 0.8097415200865269], "k_pid_vsp": [332.7227871428421, 325.35579131566317, 18.306900336922254]}, "datetime": {"datetime": "2025-08-21 13:34:21", "elapsed": 17377.90093755722, "delta": 24.055135011672974}, "costs": {"total_cost": 342.9712774226947, "time_cost": 91.16, "final_distance_cost": 1.7509627024784427, "oscillation_cost": 159.752501361463, "completition_cost": 0.0, "overshoot_cost": 59.792686185879546, "power_cost": 17.40942022705078, "noise_cost": 13.10570694582291, "n_waypoints_completed": 9, "tot_waypoints": 9}}
{"target": -961.153996887492, "params": {"k_pid_pos": [0.304548292610324, 0.7289104399326416, 0.9703466245697546], "k_pid_alt": [1.3102622647133304, 0.4735698716805615, 0.6822063140754198], "k_pid_att": [31.03423792432274, 8.015598282034555, 0.3778948544328993], "k_pid_yaw": [0.5, 1e-06, 0.1], "k_pid_hsp": [1.4789084494819769, 0.8997791432723786, 0.10647211527193923], "k_pid_vsp": [187.09950362080724, 308.5808824134221, 167.7534457847026]}, "datetime": {"datetime": "2025-08-21 13:34:46", "elapsed": 17403.065651893616, "delta": 25.164714336395264}, "costs": {"total_cost": 961.153996887492, "time_cost": 150, "final_distance_cost": 51.201079678829316, "oscillation_cost": 239.97039176791245, "completition_cost": 444.4444444444444, "overshoot_cost": 44.630544848916145, "power_cost": 17.018349609375, "noise_cost": 13.889186538014675, "n_waypoints_completed": 5, "tot_waypoints": 9}}
{"target": -1500.189687741708, "params": {"k_pid_pos": [0.23346965961197597, 0.2696832022582767, 0.9530717532646504], "k_pid_alt": [1.0980818383679218, 0.3692050489817187, 0.8357688803108575], "k_pid_att": [40.37109440336376, 6.8838986585598425, 0.39524813194563346], "k_pid_yaw": [0.5, 1e-06, 0.1], "k_pid_hsp": [5.219012987400484, 0.7505125319774459, 0.16539501220560437], "k_pid_vsp": [175.94952560297864, 93.50364965901122, 276.0293070572829]}, "datetime": {"datetime": "2025-08-21 13:35:11", "elapsed": 17427.56642627716, "delta": 24.500774383544922}, "costs": {"total_cost": 1500.189687741708, "time_cost": 150, "final_distance_cost": 88.94712452490919, "oscillation_cost": 412.38173609931374, "completition_cost": 777.7777777777778, "overshoot_cost": 40.748363228143354, "power_cost": 16.723075512695313, "noise_cost": 13.611610598868678, "n_waypoints_completed": 2, "tot_waypoints": 9}}
{"target": -794.394334598888, "params": {"k_pid_pos": [0.8671004499735666, 0.6931213143529414, 0.8019074229691211], "k_pid_alt": [1.3190186257611485, 0.3165709027417729, 0.16895982153798506], "k_pid_att": [73.95594889841487, 9.20694469404499, 0.9794901407071694], "k_pid_yaw": [0.5, 1e-06, 0.1], "k_pid_hsp": [5.850392623251019, 0.44827342502887046, 0.5865686828059969], "k_pid_vsp": [383.49320171784825, 255.0481025442132, 269.0902652157093]}, "datetime": {"datetime": "2025-08-21 13:35:35", "elapsed": 17452.372015714645, "delta": 24.80558943748474}, "costs": {"total_cost": 794.394334598888, "time_cost": 150, "final_distance_cost": 64.54215829316152, "oscillation_cost": 276.7815427107716, "completition_cost": 222.2222222222222, "overshoot_cost": 49.64782692513619, "power_cost": 17.349864501953125, "noise_cost": 13.850719945643442, "n_waypoints_completed": 7, "tot_waypoints": 9}}
{"target": -1160.614450384759, "params": {"k_pid_pos": [0.16220395226863824, 0.7562177368331188, 0.3390352027565602], "k_pid_alt": [1.8714775427712327, 0.5189346953530022, 0.017398175231215784], "k_pid_att": [51.55388428095758, 5.1367830471584375, 0.3173562134758433], "k_pid_yaw": [0.5, 1e-06, 0.1], "k_pid_hsp": [3.3052035229438266, 0.254038939128851, 0.6151811752774374], "k_pid_vsp": [33.13779741824155, 373.78490500050486, 208.6037962627575]}, "datetime": {"datetime": "2025-08-21 13:36:01", "elapsed": 17478.33413863182, "delta": 25.962122917175293}, "costs": {"total_cost": 1160.614450384759, "time_cost": 150, "final_distance_cost": 51.801723650866684, "oscillation_cost": 195.59902411866472, "completition_cost": 666.6666666666667, "overshoot_cost": 63.06987915434949, "power_cost": 18.486645251464843, "noise_cost": 14.990511542746672, "n_waypoints_completed": 3, "tot_waypoints": 9}}
{"target": -1358.3933807345816, "params": {"k_pid_pos": [1.38581615128588, 0.3109037088429114, 0.24059503003771066], "k_pid_alt": [0.5646838241483156, 0.6215461151969001, 0.036167997582966405], "k_pid_att": [48.79478775207061, 4.904376706288953, 0.48720467245633037], "k_pid_yaw": [0.5, 1e-06, 0.1], "k_pid_hsp": [1.3994498295816469, 0.2047091672136867, 0.11054635218575115], "k_pid_vsp": [206.12724805348796, 6.104016394393535, 399.0338514037286]}, "datetime": {"datetime": "2025-08-21 13:36:26", "elapsed": 17503.438339948654, "delta": 25.104201316833496}, "costs": {"total_cost": 1358.3933807345816, "time_cost": 150, "final_distance_cost": 118.79059917966414, "oscillation_cost": 266.7137851204785, "completition_cost": 666.6666666666667, "overshoot_cost": 125.76593356777516, "power_cost": 15.92418807373047, "noise_cost": 14.532208126266669, "n_waypoints_completed": 3, "tot_waypoints": 9}}
{"target": -1440.0303397373677, "params": {"k_pid_pos": [1.5600419212661452, 0.38492950828856465, 0.3081837660166048], "k_pid_alt": [0.6598418974887665, 0.2063093840179716, 0.5318782713693312], "k_pid_att": [37.336401488120885, 7.4694213091043675, 0.34313052282532086], "k_pid_yaw": [0.5, 1e-06, 0.1], "k_pid_hsp": [8.77387368411895, 0.1112870358633995, 0.09719399458318556], "k_pid_vsp": [14.534954184144944, 265.954222174775, 225.99438500263932]}, "datetime": {"datetime": "2025-08-21 13:36:52", "elapsed": 17529.203702688217, "delta": 25.76536273956299}, "costs": {"total_cost": 1440.0303397373677, "time_cost": 150, "final_distance_cost": 128.63351701753476, "oscillation_cost": 292.2619364878788, "completition_cost": 666.6666666666667, "overshoot_cost": 160.14944186050684, "power_cost": 21.412965869140628, "noise_cost": 20.90581183564005, "n_waypoints_completed": 3, "tot_waypoints": 9}}
{"target": -1221.357678229231, "params": {"k_pid_pos": [1.0364645702664905, 0.5412348883247469, 0.8064461407555761], "k_pid_alt": [1.8449957755223392, 0.7686038007917042, 0.8156252279094097], "k_pid_att": [97.13456578562194, 3.9619558933518726, 0.8122492985630758], "k_pid_yaw": [0.5, 1e-06, 0.1], "k_pid_hsp": [9.84493800857523, 0.3736321146905187, 0.006459053062878528], "k_pid_vsp": [63.58163498692191, 15.802012777202366, 315.5563108733046]}, "datetime": {"datetime": "2025-08-21 13:37:17", "elapsed": 17554.319044351578, "delta": 25.115341663360596}, "costs": {"total_cost": 1221.357678229231, "time_cost": 150, "final_distance_cost": 107.35406911796328, "oscillation_cost": 97.52999444482755, "completition_cost": 666.6666666666667, "overshoot_cost": 141.37340170322128, "power_cost": 30.7999703125, "noise_cost": 27.63357598405208, "n_waypoints_completed": 3, "tot_waypoints": 9}}
{"target": -989.4287183540881, "params": {"k_pid_pos": [0.8568804142195292, 0.46533946762137957, 0.5461784764220688], "k_pid_alt": [0.3090756426644128, 0.020551339342142705, 0.5930509815262838], "k_pid_att": [72.23327979243291, 2.052696439803205, 0.39934471954290873], "k_pid_yaw": [0.5, 1e-06, 0.1], "k_pid_hsp": [2.029451819618537, 0.5412255379265737, 0.45400988190264324], "k_pid_vsp": [225.1881455611504, 102.29379209130974, 53.01438236327892]}, "datetime": {"datetime": "2025-08-21 13:37:42", "elapsed": 17579.226321220398, "delta": 24.90727686882019}, "costs": {"total_cost": 989.4287183540881, "time_cost": 150, "final_distance_cost": 48.44853632372633, "oscillation_cost": 265.27182245031565, "completition_cost": 444.4444444444444, "overshoot_cost": 38.876285335814735, "power_cost": 24.698846740722658, "noise_cost": 17.688783059064374, "n_waypoints_completed": 5, "tot_waypoints": 9}}
{"target": -1358.6451850416277, "params": {"k_pid_pos": [0.7795403661006762, 0.3086233843010754, 0.767856491626598], "k_pid_alt": [1.5880540199306064, 0.7597617058602397, 0.07423396926910908], "k_pid_att": [30.781752365414615, 3.4908315734267013, 0.21345340812009495], "k_pid_yaw": [0.5, 1e-06, 0.1], "k_pid_hsp": [8.186501493039577, 0.17485969604474128, 0.5813446846736071], "k_pid_vsp": [15.227087521207405, 63.58375737682333, 76.57747862724086]}, "datetime": {"datetime": "2025-08-21 13:38:07", "elapsed": 17604.12850856781, "delta": 24.90218734741211}, "costs": {"total_cost": 1358.6451850416277, "time_cost": 150, "final_distance_cost": 57.38576715236863, "oscillation_cost": 365.1443005756321, "completition_cost": 666.6666666666667, "overshoot_cost": 82.2590722027073, "power_cost": 20.810741784667968, "noise_cost": 16.378636659584796, "n_waypoints_completed": 3, "tot_waypoints": 9}}
{"target": -304.8062703707824, "params": {"k_pid_pos": [1.6773961985029942, 0.22165927591282608, 0.16805428253378452], "k_pid_alt": [1.0108150539037157, 0.3964793740280568, 0.9635653291884779], "k_pid_att": [33.02120182583257, 1.2976421823101598, 0.8156347795285452], "k_pid_yaw": [0.5, 1e-06, 0.1], "k_pid_hsp": [0.9227798257113445, 0.6867465338737222, 0.1166777257553594], "k_pid_vsp": [288.94772890929687, 270.1711260907693, 137.10618747216608]}, "datetime": {"datetime": "2025-08-21 13:38:31", "elapsed": 17628.238125562668, "delta": 24.109616994857788}, "costs": {"total_cost": 304.8062703707824, "time_cost": 95.648, "final_distance_cost": 1.7738621123592342, "oscillation_cost": 107.17229904559287, "completition_cost": 0.0, "overshoot_cost": 61.03264373922225, "power_cost": 22.37505847167969, "noise_cost": 16.804407001928404, "n_waypoints_completed": 9, "tot_waypoints": 9}}
{"target": -753.5613756348279, "params": {"k_pid_pos": [1.234804815178762, 0.9721174606122451, 0.29524452787708555], "k_pid_alt": [1.2183058583837907, 0.3278213131284965, 0.38843488020777117], "k_pid_att": [24.740393737096657, 4.455907490017273, 0.7881423520052869], "k_pid_yaw": [0.5, 1e-06, 0.1], "k_pid_hsp": [0.9406445695650343, 0.9730695765870163, 0.17094399595405851], "k_pid_vsp": [224.53640370403681, 151.35166802777607, 40.73075196216268]}, "datetime": {"datetime": "2025-08-21 13:38:57", "elapsed": 17653.467854499817, "delta": 25.229728937149048}, "costs": {"total_cost": 753.5613756348279, "time_cost": 150, "final_distance_cost": 69.16825442395604, "oscillation_cost": 94.36512223711166, "completition_cost": 333.33333333333337, "overshoot_cost": 69.90301798707162, "power_cost": 21.1232623046875, "noise_cost": 15.66838534866761, "n_waypoints_completed": 6, "tot_waypoints": 9}}
{"target": -1383.8975405331798, "params": {"k_pid_pos": [0.8046721222392803, 0.8111341369100924, 0.7220048004071579], "k_pid_alt": [0.5322977679437595, 0.8810724428180209, 0.5444269090863084], "k_pid_att": [90.8709955806291, 8.089834196527956, 0.3488825503621278], "k_pid_yaw": [0.5, 1e-06, 0.1], "k_pid_hsp": [9.114629181121563, 0.16943326537649617, 0.806223146972164], "k_pid_vsp": [53.00187706644608, 355.6266810066503, 102.89235937517553]}, "datetime": {"datetime": "2025-08-21 13:39:21", "elapsed": 17678.361285448074, "delta": 24.893430948257446}, "costs": {"total_cost": 1383.8975405331798, "time_cost": 150, "final_distance_cost": 86.65981003818315, "oscillation_cost": 284.60315348254926, "completition_cost": 777.7777777777778, "overshoot_cost": 41.74096840915061, "power_cost": 25.185612915039062, "noise_cost": 17.930217910479893, "n_waypoints_completed": 2, "tot_waypoints": 9}}
{"target": -959.11406538577, "params": {"k_pid_pos": [1.7821248078996466, 0.16357479789021612, 0.7970887774344213], "k_pid_alt": [0.5000132457172879, 0.8040772385711423, 0.49579877531421446], "k_pid_att": [93.94553686930969, 5.601592319455789, 0.39775324872776197], "k_pid_yaw": [0.5, 1e-06, 0.1], "k_pid_hsp": [9.501645942199191, 0.9501132037425437, 0.962482051363286], "k_pid_vsp": [157.58535821323122, 375.5616181144149, 292.3135716628246]}, "datetime": {"datetime": "2025-08-21 13:39:46", "elapsed": 17703.212018489838, "delta": 24.850733041763306}, "costs": {"total_cost": 959.11406538577, "time_cost": 150, "final_distance_cost": 62.79918019664203, "oscillation_cost": 302.9778864429685, "completition_cost": 333.33333333333337, "overshoot_cost": 54.818253506322975, "power_cost": 31.306857104492188, "noise_cost": 23.878554802010818, "n_waypoints_completed": 6, "tot_waypoints": 9}}
{"target": -1094.3755264459546, "params": {"k_pid_pos": [0.7863996675017835, 0.7883552663388993, 0.3848027108957395], "k_pid_alt": [1.3081689271947772, 0.5491126605983117, 0.14185079063586903], "k_pid_att": [95.74354133581429, 4.028924332527088, 0.23890590779525545], "k_pid_yaw": [0.5, 1e-06, 0.1], "k_pid_hsp": [6.696276460598153, 0.30601903651886686, 0.6447613866286469], "k_pid_vsp": [185.60269505732973, 337.60122095831196, 338.59332215473194]}, "datetime": {"datetime": "2025-08-21 13:40:12", "elapsed": 17728.60727262497, "delta": 25.395254135131836}, "costs": {"total_cost": 1094.3755264459546, "time_cost": 150, "final_distance_cost": 46.797177529750165, "oscillation_cost": 242.0107675271976, "completition_cost": 555.5555555555555, "overshoot_cost": 58.121356995393235, "power_cost": 23.972528942871094, "noise_cost": 17.918139895186936, "n_waypoints_completed": 4, "tot_waypoints": 9}}
{"target": -1097.5499152249772, "params": {"k_pid_pos": [1.8952799060675938, 0.3319256198084485, 0.4584747715856736], "k_pid_alt": [1.719864439543451, 0.4447668641803354, 0.3824440901943529], "k_pid_att": [83.87286875667938, 7.971283301992334, 0.7198422810049815], "k_pid_yaw": [0.5, 1e-06, 0.1], "k_pid_hsp": [3.5716228929034135, 0.9459472406499113, 0.6331081275364961], "k_pid_vsp": [44.77293895286807, 303.024437466977, 256.7949688296804]}, "datetime": {"datetime": "2025-08-21 13:40:37", "elapsed": 17753.850101947784, "delta": 25.24282932281494}, "costs": {"total_cost": 1097.5499152249772, "time_cost": 150, "final_distance_cost": 40.80375644012086, "oscillation_cost": 215.472662341151, "completition_cost": 555.5555555555555, "overshoot_cost": 85.62469716494329, "power_cost": 25.276502197265625, "noise_cost": 24.816741525940774, "n_waypoints_completed": 4, "tot_waypoints": 9}}
{"target": -998.0728863239143, "params": {"k_pid_pos": [1.9791030340328888, 0.914992417702052, 0.1572139473330446], "k_pid_alt": [1.647682184650519, 0.5465234320183869, 0.3108750017511479], "k_pid_att": [56.95562896976591, 9.19982188833931, 0.07000247850595498], "k_pid_yaw": [0.5, 1e-06, 0.1], "k_pid_hsp": [3.0928622948189295, 0.08124792079850096, 0.7539493874145589], "k_pid_vsp": [287.56454965950843, 351.1123109100419, 242.79400038212336]}, "datetime": {"datetime": "2025-08-21 13:41:04", "elapsed": 17780.716796159744, "delta": 26.86669421195984}, "costs": {"total_cost": 998.0728863239143, "time_cost": 150, "final_distance_cost": 58.78857555754823, "oscillation_cost": 132.05972854802027, "completition_cost": 555.5555555555555, "overshoot_cost": 54.668670081696376, "power_cost": 26.48286678466797, "noise_cost": 20.517489796425888, "n_waypoints_completed": 4, "tot_waypoints": 9}}
