{"target": -409.9306026728742, "params": {"k_pid_pos": [1.744223659500514, 0.024398154139284478, 0.5012996347601083], "k_pid_alt": [0.6360222195016969, 0.46774841917707166, 0.826959662535139], "k_pid_att": [10.490302551753594, 3.3878576382183025, 0.00022202004576932222], "k_pid_yaw": [0.5, 1e-06, 0.1], "k_pid_hsp": [8.752924019894541, 0.17595450808418, 0.4684791007214303], "k_pid_vsp": [48.853324453772196, 105.56197560179338, 29.052181119185985]}, "datetime": {"datetime": "2025-08-21 23:00:39", "elapsed": 51355.59672117233, "delta": 37.722980260849}, "costs": {"total_cost": 409.9306026728742, "time_cost": 84.816, "final_distance_cost": 1.7284953405890562, "oscillation_cost": 234.58545989333928, "completition_cost": 0.0, "overshoot_cost": 53.086040638227615, "power_cost": 20.61220693359375, "noise_cost": 15.102399867124486, "n_waypoints_completed": 9, "tot_waypoints": 9}}
{"target": -1407.0478336867332, "params": {"k_pid_pos": [0.07836342269568924, 0.4370967826118334, 0.6053304841482924], "k_pid_alt": [0.3009609483713518, 0.5261734901692913, 0.4711059713316651], "k_pid_att": [53.042214410154685, 8.92888438687198, 0.6006236161399785], "k_pid_yaw": [0.5, 1e-06, 0.1], "k_pid_hsp": [1.5260074184374155, 0.48738514982495396, 0.43793630938225936], "k_pid_vsp": [309.9967215209372, 40.485523238179546, 1.8914977151584782]}, "datetime": {"datetime": "2025-08-21 23:01:24", "elapsed": 51401.40333724022, "delta": 45.80661606788635}, "costs": {"total_cost": 1407.0478336867332, "time_cost": 150, "final_distance_cost": 88.19184896513914, "oscillation_cost": 320.1707699831897, "completition_cost": 777.7777777777778, "overshoot_cost": 45.06195399396552, "power_cost": 13.42480068359375, "noise_cost": 12.42068228306722, "n_waypoints_completed": 2, "tot_waypoints": 9}}
{"target": -753.0590990567484, "params": {"k_pid_pos": [1.2719754410903592, 0.5031635140838537, 0.5134771579350391], "k_pid_alt": [0.44098922823784803, 0.28791962059900844, 0.25610459318468304], "k_pid_att": [35.53378858872556, 0.020341123908050932, 0.0552338670726783], "k_pid_yaw": [0.5, 1e-06, 0.1], "k_pid_hsp": [1.721594914614281, 0.3694981027182572, 0.24225716673806308], "k_pid_vsp": [97.45206388404348, 64.94536320438425, 35.560983728180005]}, "datetime": {"datetime": "2025-08-21 23:02:11", "elapsed": 51448.16118431091, "delta": 46.75784707069397}, "costs": {"total_cost": 753.0590990567484, "time_cost": 150, "final_distance_cost": 68.27719343856279, "oscillation_cost": 233.7121169045146, "completition_cost": 222.2222222222222, "overshoot_cost": 47.0663214586603, "power_cost": 17.296095532226563, "noise_cost": 14.485149500561988, "n_waypoints_completed": 7, "tot_waypoints": 9}}
{"target": -780.4094975399005, "params": {"k_pid_pos": [2.0, 0.0, 0.0], "k_pid_alt": [2.0, 1.0, 0.0], "k_pid_att": [75.17630424569047, 0.0001, 1.0], "k_pid_yaw": [0.5, 1e-06, 0.1], "k_pid_hsp": [5.092427263730832, 1.0, 1.0], "k_pid_vsp": [173.02858102429605, 149.10955391162642, 64.91938691445569]}, "datetime": {"datetime": "2025-08-21 23:02:54", "elapsed": 51490.69283080101, "delta": 42.531646490097046}, "costs": {"total_cost": 780.4094975399005, "time_cost": 150, "final_distance_cost": 70.5374190154969, "oscillation_cost": 134.7038256960139, "completition_cost": 333.33333333333337, "overshoot_cost": 48.01334996729094, "power_cost": 24.86994849853516, "noise_cost": 18.951621029230186, "n_waypoints_completed": 6, "tot_waypoints": 9}}
{"target": -403.6274070206672, "params": {"k_pid_pos": [2.0, 0.3920160004061781, 1.0], "k_pid_alt": [1.317258243513513, 0.0, 0.7980015824692784], "k_pid_att": [68.2137189405202, 4.67742260790806, 1.0], "k_pid_yaw": [0.5, 1e-06, 0.1], "k_pid_hsp": [9.43502535589203, 1.0, 1.0], "k_pid_vsp": [254.54014221224747, 269.5552465293064, 266.4946589918762]}, "datetime": {"datetime": "2025-08-21 23:03:42", "elapsed": 51539.37478733063, "delta": 48.68195652961731}, "costs": {"total_cost": 403.6274070206672, "time_cost": 88.06400000000001, "final_distance_cost": 1.7674679962179856, "oscillation_cost": 221.04081740773643, "completition_cost": 0.0, "overshoot_cost": 60.55940543035194, "power_cost": 18.222492834472657, "noise_cost": 13.973223351888182, "n_waypoints_completed": 9, "tot_waypoints": 9}}
{"target": -336.45625167010235, "params": {"k_pid_pos": [1.3499507517616163, 0.0, 0.0], "k_pid_alt": [2.0, 0.0, 0.8726293714123456], "k_pid_att": [37.84075508242853, 5.162610666106611, 0.0], "k_pid_yaw": [0.5, 1e-06, 0.1], "k_pid_hsp": [8.467893348025463, 0.77825708663, 1.0], "k_pid_vsp": [177.8266638015852, 202.75842545076867, 99.42544351926038]}, "datetime": {"datetime": "2025-08-21 23:04:15", "elapsed": 51572.133442640305, "delta": 32.758655309677124}, "costs": {"total_cost": 336.45625167010235, "time_cost": 69.608, "final_distance_cost": 1.755482516027119, "oscillation_cost": 188.64903270511326, "completition_cost": 0.0, "overshoot_cost": 50.05142443620222, "power_cost": 14.818014123535157, "noise_cost": 11.57429788922464, "n_waypoints_completed": 9, "tot_waypoints": 9}}
{"target": -967.1104121982142, "params": {"k_pid_pos": [0.3848294118453237, 0.11456572639233831, 0.10985544956063997], "k_pid_alt": [0.38940388288955585, 0.6504049619976682, 0.5657280441901755], "k_pid_att": [52.469641684613, 7.0760738031435375, 0.33451106697871236], "k_pid_yaw": [0.5, 1e-06, 0.1], "k_pid_hsp": [8.206653822184188, 0.3481493610822777, 0.34411778954531314], "k_pid_vsp": [109.07584710874931, 327.4604110711659, 178.90106305311355]}, "datetime": {"datetime": "2025-08-21 23:05:00", "elapsed": 51616.53145337105, "delta": 44.39801073074341}, "costs": {"total_cost": 967.1104121982142, "time_cost": 150, "final_distance_cost": 51.20502416976639, "oscillation_cost": 336.32181275940445, "completition_cost": 333.33333333333337, "overshoot_cost": 54.133267366557064, "power_cost": 23.502111047363282, "noise_cost": 18.614863521789644, "n_waypoints_completed": 6, "tot_waypoints": 9}}
{"target": -289.41256034968495, "params": {"k_pid_pos": [2.0, 1.0, 1.0], "k_pid_alt": [2.0, 0.0, 1.0], "k_pid_att": [56.38115083459209, 2.4113857991651138, 0.0], "k_pid_yaw": [0.5, 1e-06, 0.1], "k_pid_hsp": [4.825747893505384, 1.0, 0.0], "k_pid_vsp": [206.00844466940453, 231.35917113369263, 120.77231203090727]}, "datetime": {"datetime": "2025-08-21 23:05:37", "elapsed": 51653.75345039368, "delta": 37.221997022628784}, "costs": {"total_cost": 289.41256034968495, "time_cost": 77.83200000000001, "final_distance_cost": 1.7182674233573358, "oscillation_cost": 124.2729089313448, "completition_cost": 0.0, "overshoot_cost": 50.41915200096516, "power_cost": 19.95864041748047, "noise_cost": 15.21159157653717, "n_waypoints_completed": 9, "tot_waypoints": 9}}
{"target": -448.9942344233218, "params": {"k_pid_pos": [2.0, 0.0, 1.0], "k_pid_alt": [2.0, 1.0, 0.0], "k_pid_att": [11.648055411427151, 0.0001, 0.0], "k_pid_yaw": [0.5, 1e-06, 0.1], "k_pid_hsp": [6.1536897910830035, 1.0, 1.0], "k_pid_vsp": [253.21365436702484, 197.38442992835178, 45.12525428430255]}, "datetime": {"datetime": "2025-08-21 23:06:28", "elapsed": 51705.095761060715, "delta": 51.342310667037964}, "costs": {"total_cost": 448.9942344233218, "time_cost": 95.152, "final_distance_cost": 1.7487697844379106, "oscillation_cost": 260.3474830196369, "completition_cost": 0.0, "overshoot_cost": 55.3155033705591, "power_cost": 20.856677465820315, "noise_cost": 15.57380078286755, "n_waypoints_completed": 9, "tot_waypoints": 9}}
{"target": -1222.0699731525808, "params": {"k_pid_pos": [0.07673930552953064, 0.4963254501232759, 0.3619616060020714], "k_pid_alt": [1.8024228068760153, 0.4218300611940242, 0.6688088328958275], "k_pid_att": [13.947394450391082, 0.9082026867041161, 0.04027558450417368], "k_pid_yaw": [0.5, 1e-06, 0.1], "k_pid_hsp": [9.517794214205981, 0.46282483565485, 0.13025338237399664], "k_pid_vsp": [47.15479166908572, 98.0220316075892, 26.936125125338258]}, "datetime": {"datetime": "2025-08-21 23:07:11", "elapsed": 51748.22781610489, "delta": 43.132055044174194}, "costs": {"total_cost": 1222.0699731525808, "time_cost": 150, "final_distance_cost": 73.4392941365339, "oscillation_cost": 252.12613646148017, "completition_cost": 666.6666666666667, "overshoot_cost": 40.006987938409914, "power_cost": 23.018446667480468, "noise_cost": 16.81244128200963, "n_waypoints_completed": 3, "tot_waypoints": 9}}
{"target": -788.4056701575931, "params": {"k_pid_pos": [1.9125447101759154, 0.3389244797380325, 0.682810752012826], "k_pid_alt": [1.5151086293935738, 0.10228121765909848, 0.10653450226598637], "k_pid_att": [9.303315877108087, 0.9908760387427569, 0.016319603194510535], "k_pid_yaw": [0.5, 1e-06, 0.1], "k_pid_hsp": [5.536677951905212, 0.7675190343868894, 0.3301140606852432], "k_pid_vsp": [159.28630314297658, 341.9871312772043, 105.24058575089222]}, "datetime": {"datetime": "2025-08-21 23:08:12", "elapsed": 51808.93571591377, "delta": 60.70789980888367}, "costs": {"total_cost": 788.4056701575931, "time_cost": 150, "final_distance_cost": 66.41838087592838, "oscillation_cost": 268.82383404696054, "completition_cost": 222.2222222222222, "overshoot_cost": 43.671587297411754, "power_cost": 21.84736149902344, "noise_cost": 15.42228421604682, "n_waypoints_completed": 7, "tot_waypoints": 9}}
{"target": -424.8748105594708, "params": {"k_pid_pos": [2.0, 0.0, 1.0], "k_pid_alt": [0.0, 0.9151719264047304, 0.8814789355079825], "k_pid_att": [13.899856785149963, 2.5046524866905453, 0.06750265678515177], "k_pid_yaw": [0.5, 1e-06, 0.1], "k_pid_hsp": [8.716174441141245, 0.8655968432096077, 1.0], "k_pid_vsp": [9.596215774150044, 220.70571630687508, 32.061861063938245]}, "datetime": {"datetime": "2025-08-21 23:09:04", "elapsed": 51860.77018117905, "delta": 51.83446526527405}, "costs": {"total_cost": 424.8748105594708, "time_cost": 93.336, "final_distance_cost": 1.7397642710728203, "oscillation_cost": 225.86214043754225, "completition_cost": 0.0, "overshoot_cost": 65.45249100042149, "power_cost": 22.35334625244141, "noise_cost": 16.131068597992847, "n_waypoints_completed": 9, "tot_waypoints": 9}}
{"target": -1402.4706897026667, "params": {"k_pid_pos": [0.06626954080231284, 0.3242120797338357, 0.8342553448559149], "k_pid_alt": [0.5895605175649612, 0.8691215618063662, 0.9287548175260946], "k_pid_att": [21.309283282655834, 1.2532633975095366, 0.5564613541973602], "k_pid_yaw": [0.5, 1e-06, 0.1], "k_pid_hsp": [5.66537860567862, 0.11938742681409542, 0.2086887963619526], "k_pid_vsp": [378.8915586555544, 245.82161058145826, 121.51619353724391]}, "datetime": {"datetime": "2025-08-21 23:09:44", "elapsed": 51900.571986436844, "delta": 39.80180525779724}, "costs": {"total_cost": 1402.4706897026667, "time_cost": 150, "final_distance_cost": 88.30787748452951, "oscillation_cost": 309.32126967578915, "completition_cost": 777.7777777777778, "overshoot_cost": 45.25895508338269, "power_cost": 18.18310633544922, "noise_cost": 13.621703345738442, "n_waypoints_completed": 2, "tot_waypoints": 9}}
{"target": -407.9937170695247, "params": {"k_pid_pos": [1.312078631204957, 0.54036058662539, 0.6300826726647624], "k_pid_alt": [1.095166834111222, 0.6867240238471602, 0.3578228952621363], "k_pid_att": [66.25673543565945, 2.0940274515195827, 0.4037186761628309], "k_pid_yaw": [0.5, 1e-06, 0.1], "k_pid_hsp": [4.945487008009718, 0.5873897801754915, 0.3265237131846512], "k_pid_vsp": [309.0322436572115, 255.20195643308247, 70.49942768319275]}, "datetime": {"datetime": "2025-08-21 23:10:29", "elapsed": 51946.01646590233, "delta": 45.44447946548462}, "costs": {"total_cost": 407.9937170695247, "time_cost": 84.912, "final_distance_cost": 1.7525296723917034, "oscillation_cost": 234.45944321716607, "completition_cost": 0.0, "overshoot_cost": 54.24588797222739, "power_cost": 18.65198143310547, "noise_cost": 13.971874774634113, "n_waypoints_completed": 9, "tot_waypoints": 9}}
{"target": -709.4376132951433, "params": {"k_pid_pos": [1.5141489737160676, 0.5307802706282089, 0.6353465209998391], "k_pid_alt": [0.20712709978152732, 0.23441811304912463, 0.5192305960382584], "k_pid_att": [16.228127611512566, 7.9278463544836795, 0.30377843886867273], "k_pid_yaw": [0.5, 1e-06, 0.1], "k_pid_hsp": [8.297227568310012, 0.0858888561488973, 0.16696393281646282], "k_pid_vsp": [168.62113235596618, 350.8842529602525, 118.50926331010125]}, "datetime": {"datetime": "2025-08-21 23:11:11", "elapsed": 51987.64315986633, "delta": 41.62669396400452}, "costs": {"total_cost": 709.4376132951433, "time_cost": 150, "final_distance_cost": 61.11907300304558, "oscillation_cost": 298.4010517176652, "completition_cost": 111.11111111111116, "overshoot_cost": 52.41742557454918, "power_cost": 21.141041345214845, "noise_cost": 15.247910543557241, "n_waypoints_completed": 8, "tot_waypoints": 9}}
{"target": -714.4537865451142, "params": {"k_pid_pos": [0.47167564234508846, 0.7172276048090052, 0.4831706879794325], "k_pid_alt": [0.5656740536547511, 0.9015809455685388, 0.6324985808155826], "k_pid_att": [14.616710036708213, 8.247486053187297, 0.12649723587966522], "k_pid_yaw": [0.5, 1e-06, 0.1], "k_pid_hsp": [4.0041422138597, 0.25097703903046786, 0.03316162602952322], "k_pid_vsp": [176.9152708688912, 359.45994233890804, 116.28344084267864]}, "datetime": {"datetime": "2025-08-21 23:11:49", "elapsed": 52025.5146856308, "delta": 37.87152576446533}, "costs": {"total_cost": 714.4537865451142, "time_cost": 150, "final_distance_cost": 73.757684878518, "oscillation_cost": 183.8228981831366, "completition_cost": 222.2222222222222, "overshoot_cost": 47.537006420921145, "power_cost": 21.685661059570315, "noise_cost": 15.428313780746077, "n_waypoints_completed": 7, "tot_waypoints": 9}}
{"target": -1336.4295223515917, "params": {"k_pid_pos": [0.0001, 0.0, 1.0], "k_pid_alt": [1.254107188875277, 0.25019406146278783, 0.7316307317846715], "k_pid_att": [73.00470088410225, 0.41159311669148907, 0.03506760350762623], "k_pid_yaw": [0.5, 1e-06, 0.1], "k_pid_hsp": [3.218268684092766, 0.7529049572234751, 0.0], "k_pid_vsp": [60.31556897354816, 151.99976942375733, 28.66539117813548]}, "datetime": {"datetime": "2025-08-21 23:12:29", "elapsed": 52065.97173976898, "delta": 40.457054138183594}, "costs": {"total_cost": 1336.4295223515917, "time_cost": 150, "final_distance_cost": 46.01485874524575, "oscillation_cost": 76.5854379731453, "completition_cost": 1000.0, "overshoot_cost": 30.673891054260785, "power_cost": 18.746375781250002, "noise_cost": 14.40895879768991, "n_waypoints_completed": 0, "tot_waypoints": 9}}
{"target": -1015.5956763232994, "params": {"k_pid_pos": [1.0311474463504635, 0.9332054480496831, 0.22298345795852514], "k_pid_alt": [1.815843434949828, 0.8553455366483576, 0.6711948663228884], "k_pid_att": [37.19826139626575, 4.677335449070298, 0.2165927034085965], "k_pid_yaw": [0.5, 1e-06, 0.1], "k_pid_hsp": [3.140853954315425, 0.48066648965933045, 0.8861703622324643], "k_pid_vsp": [393.7015478898318, 41.08805999945817, 186.2277508492034]}, "datetime": {"datetime": "2025-08-21 23:13:10", "elapsed": 52106.81704235077, "delta": 40.84530258178711}, "costs": {"total_cost": 1015.5956763232994, "time_cost": 150, "final_distance_cost": 35.06077392840001, "oscillation_cost": 161.63136903965741, "completition_cost": 555.5555555555555, "overshoot_cost": 77.75746130787327, "power_cost": 20.442570471191406, "noise_cost": 15.147946020621669, "n_waypoints_completed": 4, "tot_waypoints": 9}}
{"target": -1744.8475164471367, "params": {"k_pid_pos": [0.0001, 0.0, 0.0], "k_pid_alt": [0.0, 0.0, 1.0], "k_pid_att": [55.651376477089926, 5.085800965361731, 1.0], "k_pid_yaw": [0.5, 1e-06, 0.1], "k_pid_hsp": [10.0, 0.0, 1.0], "k_pid_vsp": [303.5776862248594, 349.26050204851947, 51.04946602618628]}, "datetime": {"datetime": "2025-08-21 23:13:53", "elapsed": 52149.635335445404, "delta": 42.81829309463501}, "costs": {"total_cost": 1744.8475164471367, "time_cost": 150, "final_distance_cost": 10.99485295316252, "oscillation_cost": 380.9745979369227, "completition_cost": 1000.0, "overshoot_cost": 137.2987757918173, "power_cost": 14.440482165527344, "noise_cost": 51.13880759970704, "n_waypoints_completed": 0, "tot_waypoints": 9}}
{"target": -429.88804715470377, "params": {"k_pid_pos": [1.9324022753063008, 0.07389748157575926, 0.5015253387151131], "k_pid_alt": [1.7934131102093902, 0.4004755010105976, 0.5956007969708524], "k_pid_att": [99.20667158915705, 1.570807176354586, 0.690880673098329], "k_pid_yaw": [0.5, 1e-06, 0.1], "k_pid_hsp": [5.043223552396949, 0.3098182194087171, 0.5682689798335365], "k_pid_vsp": [327.4763881656346, 294.581905866701, 34.59472663681554]}, "datetime": {"datetime": "2025-08-21 23:14:43", "elapsed": 52199.64733982086, "delta": 50.012004375457764}, "costs": {"total_cost": 429.88804715470377, "time_cost": 96.504, "final_distance_cost": 1.7818818351111394, "oscillation_cost": 240.07081925210943, "completition_cost": 0.0, "overshoot_cost": 55.276432280450166, "power_cost": 20.546142907714845, "noise_cost": 15.708770879318134, "n_waypoints_completed": 9, "tot_waypoints": 9}}
{"target": -1380.6107735738287, "params": {"k_pid_pos": [0.2894229809546949, 0.6720314838214918, 0.9417038587321743], "k_pid_alt": [0.31185419910279344, 0.6262083743467844, 0.7348238568232761], "k_pid_att": [54.61465230071403, 0.8555567353980102, 0.21764969752916086], "k_pid_yaw": [0.5, 1e-06, 0.1], "k_pid_hsp": [7.880741918480579, 0.5888811474165387, 0.3360247014440809], "k_pid_vsp": [200.92361007908605, 224.56938377292488, 127.35759660138197]}, "datetime": {"datetime": "2025-08-21 23:15:21", "elapsed": 52237.733281850815, "delta": 38.085942029953}, "costs": {"total_cost": 1380.6107735738287, "time_cost": 150, "final_distance_cost": 83.9353405113975, "oscillation_cost": 299.1360812206714, "completition_cost": 777.7777777777778, "overshoot_cost": 33.61658366912978, "power_cost": 20.4510908203125, "noise_cost": 15.693899574539916, "n_waypoints_completed": 2, "tot_waypoints": 9}}
{"target": -582.5161387356909, "params": {"k_pid_pos": [1.7770174542988013, 0.6631478064237567, 0.45197336574780794], "k_pid_alt": [0.56515594247597, 0.3605556737829502, 0.4006268697937198], "k_pid_att": [53.90603011479363, 6.510741759071513, 0.8263698711617657], "k_pid_yaw": [0.5, 1e-06, 0.1], "k_pid_hsp": [9.236444238209609, 0.4810798090310722, 0.8634937697601913], "k_pid_vsp": [238.6732845683334, 352.16760245250146, 149.24575626048932]}, "datetime": {"datetime": "2025-08-21 23:16:14", "elapsed": 52290.55652308464, "delta": 52.823241233825684}, "costs": {"total_cost": 582.5161387356909, "time_cost": 150, "final_distance_cost": 21.1585433754496, "oscillation_cost": 198.60817777048075, "completition_cost": 111.11111111111116, "overshoot_cost": 61.427983383264774, "power_cost": 22.624012707519533, "noise_cost": 17.58631038786511, "n_waypoints_completed": 8, "tot_waypoints": 9}}
{"target": -595.1294912438648, "params": {"k_pid_pos": [2.0, 0.0, 0.10837895693862407], "k_pid_alt": [1.0554967953612522, 0.0649101964288956, 0.0], "k_pid_att": [40.8538282289362, 1.5071003728913512, 1.0], "k_pid_yaw": [0.5, 1e-06, 0.1], "k_pid_hsp": [10.0, 0.37700652695878994, 0.5667442160584679], "k_pid_vsp": [279.34787393527307, 303.3211078521788, 79.06881665417242]}, "datetime": {"datetime": "2025-08-21 23:17:00", "elapsed": 52336.5991256237, "delta": 46.0426025390625}, "costs": {"total_cost": 595.1294912438648, "time_cost": 150, "final_distance_cost": 18.484959112858146, "oscillation_cost": 233.41240073396833, "completition_cost": 111.11111111111116, "overshoot_cost": 52.246838642470365, "power_cost": 16.779005993652344, "noise_cost": 13.095175649804286, "n_waypoints_completed": 8, "tot_waypoints": 9}}
{"target": -1168.192155942339, "params": {"k_pid_pos": [2.0, 0.7881245688281923, 0.0], "k_pid_alt": [0.037826657659481455, 0.1122828015666954, 0.6705204094755471], "k_pid_att": [37.523710272774494, 7.564359964587161, 0.908963971181707], "k_pid_yaw": [0.5, 1e-06, 0.1], "k_pid_hsp": [5.870054632532816, 0.0, 0.9496551192905143], "k_pid_vsp": [292.94394767194194, 70.65389458458681, 35.89228113260628]}, "datetime": {"datetime": "2025-08-21 23:17:42", "elapsed": 52379.23120689392, "delta": 42.632081270217896}, "costs": {"total_cost": 1168.192155942339, "time_cost": 150, "final_distance_cost": 61.166799145391906, "oscillation_cost": 106.40871394811488, "completition_cost": 777.7777777777778, "overshoot_cost": 33.64734428153805, "power_cost": 22.68271170654297, "noise_cost": 16.50880908297341, "n_waypoints_completed": 2, "tot_waypoints": 9}}
{"target": -831.5969275583253, "params": {"k_pid_pos": [2.0, 0.713229477556744, 0.30782495724004494], "k_pid_alt": [0.21602935229704423, 0.9669487514804658, 0.053036550402420606], "k_pid_att": [12.103817151525174, 3.686502902645553, 0.5016581745409366], "k_pid_yaw": [0.5, 1e-06, 0.1], "k_pid_hsp": [6.205351897256862, 0.03242326668332643, 0.05771671021296563], "k_pid_vsp": [47.31749667575144, 98.22853527088809, 38.59014271774193]}, "datetime": {"datetime": "2025-08-21 23:18:25", "elapsed": 52422.42010164261, "delta": 43.188894748687744}, "costs": {"total_cost": 831.5969275583253, "time_cost": 150, "final_distance_cost": 54.29630922979222, "oscillation_cost": 86.64573233426427, "completition_cost": 444.4444444444444, "overshoot_cost": 54.09288781594977, "power_cost": 23.500409020996095, "noise_cost": 18.61714471287849, "n_waypoints_completed": 5, "tot_waypoints": 9}}
