{"target": -708.5055695700185, "params": {"k_pid_pos": [1.56822833582825, 0.37115160998930896, 0.5365749049328266], "k_pid_alt": [0.582791239958775, 0.455601982520757, 0.709023191869299], "k_pid_att": [92.41764864305031, 4.402945999787408, 0.6458680385810783], "k_pid_yaw": [0.5, 1e-06, 0.1], "k_pid_hsp": [9.567406794770111, 0.5489284285896344, 0.4496246079717706], "k_pid_vsp": [161.78298169424352, 115.10185940523587, 10.192711099340544]}, "datetime": {"datetime": "2025-08-21 18:12:03", "elapsed": 34040.4017431736, "delta": 37.12721514701843}, "costs": {"total_cost": 708.5055695700185, "time_cost": 150, "final_distance_cost": 66.61456656388847, "oscillation_cost": 297.9534986323681, "completition_cost": 111.11111111111116, "overshoot_cost": 50.094575887202566, "power_cost": 17.10504814453125, "noise_cost": 15.626769230916846, "n_waypoints_completed": 8, "tot_waypoints": 9}}
{"target": -369.56525235676827, "params": {"k_pid_pos": [1.0300635511860443, 0.4877096156749421, 0.8733843169474464], "k_pid_alt": [1.1749870970994256, 0.45129292317789693, 0.6958019248254461], "k_pid_att": [38.68514894382567, 5.084824136660465, 0.9947075594441984], "k_pid_yaw": [0.5, 1e-06, 0.1], "k_pid_hsp": [1.0728148843646643, 0.7686724728063775, 0.21989077746067764], "k_pid_vsp": [119.26703168763999, 138.45643555872445, 12.623938300049293]}, "datetime": {"datetime": "2025-08-21 18:12:37", "elapsed": 34074.44555473328, "delta": 34.043811559677124}, "costs": {"total_cost": 369.56525235676827, "time_cost": 94.848, "final_distance_cost": 1.768561032404033, "oscillation_cost": 190.4984988417113, "completition_cost": 0.0, "overshoot_cost": 53.59564260629041, "power_cost": 15.174883251953126, "noise_cost": 13.679666624409366, "n_waypoints_completed": 9, "tot_waypoints": 9}}
{"target": -1004.0076050690398, "params": {"k_pid_pos": [1.0337691710533277, 0.9211556392658888, 0.33641732462996976], "k_pid_alt": [0.16388328627513804, 0.14182438795733332, 0.014033361220860407], "k_pid_att": [13.94949259494329, 2.0445704312009907, 0.4761154927667448], "k_pid_yaw": [0.5, 1e-06, 0.1], "k_pid_hsp": [6.066883694361098, 0.9312750440442591, 0.9492311239988042], "k_pid_vsp": [181.8034968165784, 0.36480698402676137, 29.42667337376318]}, "datetime": {"datetime": "2025-08-21 18:13:08", "elapsed": 34104.81497693062, "delta": 30.36942219734192}, "costs": {"total_cost": 1004.0076050690398, "time_cost": 150, "final_distance_cost": 49.53167668030093, "oscillation_cost": 146.54254533183465, "completition_cost": 555.5555555555555, "overshoot_cost": 55.98298840927937, "power_cost": 26.145907458496094, "noise_cost": 20.248931633573022, "n_waypoints_completed": 4, "tot_waypoints": 9}}
{"target": -810.7278705803687, "params": {"k_pid_pos": [0.21441202539547374, 0.34105737746288123, 0.30018806642210305], "k_pid_alt": [1.072544070086265, 0.5017376076882684, 0.08439665907431548], "k_pid_att": [10.308830688430426, 2.8876721545710704, 0.4627921956222991], "k_pid_yaw": [0.5, 1e-06, 0.1], "k_pid_hsp": [2.654975908800911, 0.303438584057408, 0.4828002346415988], "k_pid_vsp": [247.24084925794466, 207.09208196336425, 46.91515747657029]}, "datetime": {"datetime": "2025-08-21 18:13:41", "elapsed": 34138.22261929512, "delta": 33.40764236450195}, "costs": {"total_cost": 810.7278705803687, "time_cost": 150, "final_distance_cost": 72.69341621819586, "oscillation_cost": 173.08389867631035, "completition_cost": 333.33333333333337, "overshoot_cost": 48.398469130433504, "power_cost": 18.831249719238283, "noise_cost": 14.38750350285737, "n_waypoints_completed": 6, "tot_waypoints": 9}}
{"target": -249.11219475048694, "params": {"k_pid_pos": [1.7039756938985053, 0.5616169055884526, 0.0], "k_pid_alt": [0.9229888764348616, 0.0, 0.2015225418977176], "k_pid_att": [12.370371344016474, 3.5810634717038776, 0.6748193115957656], "k_pid_yaw": [0.5, 1e-06, 0.1], "k_pid_hsp": [3.18858956442794, 0.33989334707738206, 0.0], "k_pid_vsp": [49.19207131597016, 227.28714633466194, 86.57310836503159]}, "datetime": {"datetime": "2025-08-21 18:14:12", "elapsed": 34169.40648460388, "delta": 31.183865308761597}, "costs": {"total_cost": 249.11219475048694, "time_cost": 92.584, "final_distance_cost": 1.7502983394501326, "oscillation_cost": 48.037418909097255, "completition_cost": 0.0, "overshoot_cost": 58.35750972323597, "power_cost": 27.713857958984377, "noise_cost": 20.669109819719214, "n_waypoints_completed": 9, "tot_waypoints": 9}}
{"target": -1493.4242561778979, "params": {"k_pid_pos": [0.10023529527915058, 0.21437456438778157, 0.8036406395075109], "k_pid_alt": [1.2878563537186958, 0.06413811409351955, 0.46568480199993834], "k_pid_att": [38.648378517968396, 9.122898380718718, 0.25471101016750963], "k_pid_yaw": [0.5, 1e-06, 0.1], "k_pid_hsp": [7.410944649840528, 0.5315940455565494, 0.2422831217641409], "k_pid_vsp": [115.15612785939288, 135.6751368746897, 14.470825110914738]}, "datetime": {"datetime": "2025-08-21 18:14:49", "elapsed": 34206.06346845627, "delta": 36.656983852386475}, "costs": {"total_cost": 1493.4242561778979, "time_cost": 150, "final_distance_cost": 88.05874712317335, "oscillation_cost": 396.16379296768673, "completition_cost": 777.7777777777778, "overshoot_cost": 40.73543556148441, "power_cost": 23.339136376953125, "noise_cost": 17.34936637082262, "n_waypoints_completed": 2, "tot_waypoints": 9}}
{"target": -1349.836874273937, "params": {"k_pid_pos": [0.1650447467998664, 0.1438525059300937, 0.10372872237064279], "k_pid_alt": [1.811596834678864, 0.9972691000783617, 0.5990307085099178], "k_pid_att": [54.119174503553516, 8.967855285638215, 0.03906363099943033], "k_pid_yaw": [0.5, 1e-06, 0.1], "k_pid_hsp": [0.3049521784613139, 0.798820285484605, 0.9890106931911213], "k_pid_vsp": [349.52419148212374, 210.1951753450099, 24.968574588924472]}, "datetime": {"datetime": "2025-08-21 18:15:26", "elapsed": 34242.7425301075, "delta": 36.67906165122986}, "costs": {"total_cost": 1349.836874273937, "time_cost": 150, "final_distance_cost": 47.48510098444426, "oscillation_cost": 378.0640328134214, "completition_cost": 666.6666666666667, "overshoot_cost": 65.22357469193864, "power_cost": 24.04893055419922, "noise_cost": 18.348568563266586, "n_waypoints_completed": 3, "tot_waypoints": 9}}
{"target": -798.1875081557303, "params": {"k_pid_pos": [1.1506001883727475, 0.4617814248570326, 0.19756713338246457], "k_pid_alt": [1.5502951165608083, 0.13613659103784786, 0.41344212297454336], "k_pid_att": [26.384564259352878, 1.2636557398014294, 0.08969997814747452], "k_pid_yaw": [0.5, 1e-06, 0.1], "k_pid_hsp": [4.293786594521448, 0.2627462242076828, 0.19194785851962468], "k_pid_vsp": [143.9625958119165, 16.513019727986414, 11.02862136614399]}, "datetime": {"datetime": "2025-08-21 18:16:01", "elapsed": 34278.15965461731, "delta": 35.4171245098114}, "costs": {"total_cost": 798.1875081557303, "time_cost": 150, "final_distance_cost": 65.1766000421019, "oscillation_cost": 280.6040846469783, "completition_cost": 222.2222222222222, "overshoot_cost": 44.91513022535323, "power_cost": 19.539708447265625, "noise_cost": 15.729762571809017, "n_waypoints_completed": 7, "tot_waypoints": 9}}
{"target": -650.4774428316771, "params": {"k_pid_pos": [1.3926445530524045, 0.23823565529655402, 0.6652227059980816], "k_pid_alt": [1.2968867154518968, 0.29418501871401137, 0.642836096608013], "k_pid_att": [72.79859809548775, 1.8263619392765162, 0.7441289284460425], "k_pid_yaw": [0.5, 1e-06, 0.1], "k_pid_hsp": [8.174402535748607, 0.8369625870760046, 0.6943537676549247], "k_pid_vsp": [250.5407457385532, 265.57288267121237, 269.944263700727]}, "datetime": {"datetime": "2025-08-21 18:16:37", "elapsed": 34314.302542209625, "delta": 36.142887592315674}, "costs": {"total_cost": 650.4774428316771, "time_cost": 150, "final_distance_cost": 40.08084911793091, "oscillation_cost": 249.82387424074187, "completition_cost": 111.11111111111116, "overshoot_cost": 63.308458505634626, "power_cost": 20.250912231445312, "noise_cost": 15.902237624813203, "n_waypoints_completed": 8, "tot_waypoints": 9}}
{"target": -1098.8477103171097, "params": {"k_pid_pos": [1.3401060548761734, 0.3255879178432355, 0.5357543668462889], "k_pid_alt": [1.3113070736628687, 0.6911595466977416, 0.3989521924251728], "k_pid_att": [12.187283637886406, 3.6686215299581995, 0.1807645263895239], "k_pid_yaw": [0.5, 1e-06, 0.1], "k_pid_hsp": [7.457143127592649, 0.5470752016344389, 0.617621011557791], "k_pid_vsp": [243.63009801458463, 200.72717363821576, 45.24976543620259]}, "datetime": {"datetime": "2025-08-21 18:17:11", "elapsed": 34348.14108324051, "delta": 33.83854103088379}, "costs": {"total_cost": 1098.8477103171097, "time_cost": 150, "final_distance_cost": 46.172649002134115, "oscillation_cost": 315.12019884222497, "completition_cost": 444.4444444444444, "overshoot_cost": 65.55513392568596, "power_cost": 31.728721618652344, "noise_cost": 45.826562483968125, "n_waypoints_completed": 5, "tot_waypoints": 9}}
{"target": -476.38624450240263, "params": {"k_pid_pos": [2.0, 0.9939583917949397, 1.0], "k_pid_alt": [0.5888395963132234, 0.5272477725157898, 0.7488261254712056], "k_pid_att": [4.487473637851822, 8.138347080665032, 0.17169600834904516], "k_pid_yaw": [0.5, 1e-06, 0.1], "k_pid_hsp": [2.8586003286240524, 0.1791792042618509, 0.0], "k_pid_vsp": [51.017501952980275, 98.63802639217883, 39.20048395993402]}, "datetime": {"datetime": "2025-08-21 18:17:48", "elapsed": 34384.974553346634, "delta": 36.83347010612488}, "costs": {"total_cost": 476.38624450240263, "time_cost": 150, "final_distance_cost": 53.22588967908891, "oscillation_cost": 66.34737358530329, "completition_cost": 111.11111111111116, "overshoot_cost": 59.48070320569757, "power_cost": 20.883736572265626, "noise_cost": 15.337430348936115, "n_waypoints_completed": 8, "tot_waypoints": 9}}
{"target": -307.01476178701773, "params": {"k_pid_pos": [1.368657487899909, 0.029736580286514713, 0.8606034208187817], "k_pid_alt": [1.8761470450173667, 0.8574184946344133, 0.5590939055648917], "k_pid_att": [35.31172666748582, 2.9887325936087605, 0.9679396182115214], "k_pid_yaw": [0.5, 1e-06, 0.1], "k_pid_hsp": [3.3077116971279366, 0.9752475098676651, 0.5478028634433368], "k_pid_vsp": [99.60449725178005, 64.27054959205955, 30.556628697419573]}, "datetime": {"datetime": "2025-08-21 18:18:28", "elapsed": 34425.34357070923, "delta": 40.369017362594604}, "costs": {"total_cost": 307.01476178701773, "time_cost": 85.96000000000001, "final_distance_cost": 1.7622384461480836, "oscillation_cost": 138.39967568411507, "completition_cost": 0.0, "overshoot_cost": 53.90539662097117, "power_cost": 15.008892395019531, "noise_cost": 11.978558640763863, "n_waypoints_completed": 9, "tot_waypoints": 9}}
{"target": -1091.7433539556146, "params": {"k_pid_pos": [0.9593136118821988, 0.3141573030654504, 0.8527996086940429], "k_pid_alt": [0.7406961146454334, 0.8301113280329114, 0.10623750102539398], "k_pid_att": [36.564036339504824, 5.383965624177065, 0.9966714734030433], "k_pid_yaw": [0.5, 1e-06, 0.1], "k_pid_hsp": [0.5277848408471176, 0.7162145715635885, 0.43562673873248503], "k_pid_vsp": [120.01624427406333, 148.66167596466417, 16.330130242321488]}, "datetime": {"datetime": "2025-08-21 18:19:08", "elapsed": 34464.910517930984, "delta": 39.56694722175598}, "costs": {"total_cost": 1091.7433539556146, "time_cost": 150, "final_distance_cost": 43.32031719466297, "oscillation_cost": 254.1033484038914, "completition_cost": 555.5555555555555, "overshoot_cost": 50.34350890390954, "power_cost": 21.406610791015627, "noise_cost": 17.01401310657924, "n_waypoints_completed": 4, "tot_waypoints": 9}}
{"target": -340.55294915127934, "params": {"k_pid_pos": [0.809352766768721, 0.6320003974937922, 0.4100947108897871], "k_pid_alt": [1.673001002475519, 0.3732801418444379, 0.40070456289284734], "k_pid_att": [11.754860022783483, 3.0333609501800853, 0.8450025426435045], "k_pid_yaw": [0.5, 1e-06, 0.1], "k_pid_hsp": [6.734376877525169, 0.2002173956271433, 0.28910567928500674], "k_pid_vsp": [175.35754376250097, 346.7471684768978, 112.41307780634426]}, "datetime": {"datetime": "2025-08-21 18:19:51", "elapsed": 34508.14725112915, "delta": 43.236733198165894}, "costs": {"total_cost": 340.55294915127934, "time_cost": 97.784, "final_distance_cost": 1.746185738367548, "oscillation_cost": 153.35989139899505, "completition_cost": 0.0, "overshoot_cost": 55.08355153456341, "power_cost": 18.463774267578128, "noise_cost": 14.115546211775206, "n_waypoints_completed": 9, "tot_waypoints": 9}}
{"target": -954.1622853347369, "params": {"k_pid_pos": [0.5889538084575604, 0.4914676046826683, 0.9076557998694254], "k_pid_alt": [1.274564299991858, 0.6236694662654237, 0.37686442629125555], "k_pid_att": [34.317229183158986, 5.640876634834527, 0.7658550373045327], "k_pid_yaw": [0.5, 1e-06, 0.1], "k_pid_hsp": [4.0961716646671125, 0.4369450727151315, 0.33002837236604754], "k_pid_vsp": [191.02441456406677, 199.58472296882027, 101.6996665151514]}, "datetime": {"datetime": "2025-08-21 18:20:28", "elapsed": 34545.11678695679, "delta": 36.96953582763672}, "costs": {"total_cost": 954.1622853347369, "time_cost": 150, "final_distance_cost": 73.13833213107085, "oscillation_cost": 314.7043378322421, "completition_cost": 333.33333333333337, "overshoot_cost": 45.55255439181265, "power_cost": 21.29033475341797, "noise_cost": 16.143392892859854, "n_waypoints_completed": 6, "tot_waypoints": 9}}
{"target": -666.1440196115873, "params": {"k_pid_pos": [1.0344890651353387, 0.043577163311337985, 0.45653720558403565], "k_pid_alt": [0.28069112377560845, 0.729753423779283, 0.5453629460503516], "k_pid_att": [51.668864720427386, 0.3967668457025103, 0.22167536602974613], "k_pid_yaw": [0.5, 1e-06, 0.1], "k_pid_hsp": [6.5307216133545705, 0.8634421356813994, 0.6894796194578134], "k_pid_vsp": [348.13642885230263, 312.65686335871106, 24.80851124550379]}, "datetime": {"datetime": "2025-08-21 18:21:08", "elapsed": 34584.96756887436, "delta": 39.85078191757202}, "costs": {"total_cost": 666.1440196115873, "time_cost": 150, "final_distance_cost": 66.8635588494476, "oscillation_cost": 247.03580972369156, "completition_cost": 111.11111111111116, "overshoot_cost": 56.32454575394055, "power_cost": 19.690232763671876, "noise_cost": 15.118761409724485, "n_waypoints_completed": 8, "tot_waypoints": 9}}
{"target": -365.08375511539043, "params": {"k_pid_pos": [0.7742010566624159, 0.7066842622356851, 0.47217651740205624], "k_pid_alt": [1.848469684575958, 0.42460490992910754, 0.28604369044776046], "k_pid_att": [37.7421222694781, 8.954707704069715, 0.5110142605229426], "k_pid_yaw": [0.5, 1e-06, 0.1], "k_pid_hsp": [8.562237452079657, 0.475019631835956, 0.18184171830475257], "k_pid_vsp": [310.2997361430981, 44.0240269227661, 62.46446270866128]}, "datetime": {"datetime": "2025-08-21 18:21:42", "elapsed": 34619.308406591415, "delta": 34.340837717056274}, "costs": {"total_cost": 365.08375511539043, "time_cost": 83.896, "final_distance_cost": 1.765680260235789, "oscillation_cost": 194.56998531387435, "completition_cost": 0.0, "overshoot_cost": 51.48702473550483, "power_cost": 18.930168798828127, "noise_cost": 14.434896006947344, "n_waypoints_completed": 9, "tot_waypoints": 9}}
{"target": -855.6226214378706, "params": {"k_pid_pos": [0.9441475141336597, 0.16432030442046563, 0.026137826848724788], "k_pid_alt": [0.051474868078048575, 0.9251092644911838, 0.8951325050514753], "k_pid_att": [39.824356100983636, 1.6428949683240976, 0.4651574001645077], "k_pid_yaw": [0.5, 1e-06, 0.1], "k_pid_hsp": [5.742972732965965, 0.06181379713660484, 0.7267181164441067], "k_pid_vsp": [389.04751783185213, 42.4707724158576, 181.52545190850557]}, "datetime": {"datetime": "2025-08-21 18:22:18", "elapsed": 34655.323606967926, "delta": 36.01520037651062}, "costs": {"total_cost": 855.6226214378706, "time_cost": 150, "final_distance_cost": 77.34685730868355, "oscillation_cost": 302.73505940245656, "completition_cost": 222.2222222222222, "overshoot_cost": 59.006936050180684, "power_cost": 25.604444140625002, "noise_cost": 18.707102313702652, "n_waypoints_completed": 7, "tot_waypoints": 9}}
{"target": -1093.3629437976272, "params": {"k_pid_pos": [0.5841706643329464, 0.5882723383698815, 0.6579048412388704], "k_pid_alt": [0.16306248824446667, 0.023781214625448466, 0.003014216302099304], "k_pid_att": [14.80416887543663, 3.7898266038403876, 0.696219659826376], "k_pid_yaw": [0.5, 1e-06, 0.1], "k_pid_hsp": [6.013856180054977, 0.09383372435527626, 0.5331297779938459], "k_pid_vsp": [45.922629281639836, 227.01872756040223, 78.40861635960043]}, "datetime": {"datetime": "2025-08-21 18:22:58", "elapsed": 34694.489866018295, "delta": 39.16625905036926}, "costs": {"total_cost": 1093.3629437976272, "time_cost": 150, "final_distance_cost": 43.981319357743374, "oscillation_cost": 263.6063709060882, "completition_cost": 555.5555555555555, "overshoot_cost": 41.78340516279137, "power_cost": 22.496632885742187, "noise_cost": 15.93965992970641, "n_waypoints_completed": 4, "tot_waypoints": 9}}
{"target": -872.3343216881242, "params": {"k_pid_pos": [1.2674279861141309, 0.4271252717470127, 0.18799160024691153], "k_pid_alt": [1.867621026391979, 0.1677045020761004, 0.19649405864788277], "k_pid_att": [2.6678248959730375, 6.433411094210273, 0.6607919430137675], "k_pid_yaw": [0.5, 1e-06, 0.1], "k_pid_hsp": [1.7117791520087058, 0.8567309735188362, 0.107708157093001], "k_pid_vsp": [112.94866638826915, 149.18327855842458, 29.752636402434298]}, "datetime": {"datetime": "2025-08-21 18:23:39", "elapsed": 34735.65001130104, "delta": 41.16014528274536}, "costs": {"total_cost": 872.3343216881242, "time_cost": 150, "final_distance_cost": 73.37676985116052, "oscillation_cost": 219.6810167195836, "completition_cost": 333.33333333333337, "overshoot_cost": 54.8468415661548, "power_cost": 24.166734765625, "noise_cost": 16.929625452266812, "n_waypoints_completed": 6, "tot_waypoints": 9}}
{"target": -442.65614809732506, "params": {"k_pid_pos": [1.715168597144771, 0.051848061732720725, 0.3702005615138239], "k_pid_alt": [1.4285545479940405, 0.9226911343742948, 0.0], "k_pid_att": [16.475367069047238, 0.7062431594067818, 0.1008515302280404], "k_pid_yaw": [0.5, 1e-06, 0.1], "k_pid_hsp": [4.309606173252029, 0.4677682595416388, 0.6502381684116475], "k_pid_vsp": [251.29341824883292, 201.33121518753288, 43.34622582443154]}, "datetime": {"datetime": "2025-08-21 18:24:15", "elapsed": 34771.573382139206, "delta": 35.92337083816528}, "costs": {"total_cost": 442.65614809732506, "time_cost": 99.24000000000001, "final_distance_cost": 1.7136299327668656, "oscillation_cost": 244.13667256252154, "completition_cost": 0.0, "overshoot_cost": 56.59774212954289, "power_cost": 23.972427880859374, "noise_cost": 16.995675591634367, "n_waypoints_completed": 9, "tot_waypoints": 9}}
{"target": -392.4623900775742, "params": {"k_pid_pos": [1.3555320354055271, 0.2038641974665422, 0.7605508681575013], "k_pid_alt": [0.6173542050528781, 0.867394734012497, 0.7637167187870677], "k_pid_att": [12.848864563349084, 2.1443267473030287, 0.5764486800545925], "k_pid_yaw": [0.5, 1e-06, 0.1], "k_pid_hsp": [6.228670650649874, 0.2751660924601481, 0.8008433807799825], "k_pid_vsp": [332.8119029855935, 321.8182303116946, 21.617845708988693]}, "datetime": {"datetime": "2025-08-21 18:24:52", "elapsed": 34809.33439922333, "delta": 37.761017084121704}, "costs": {"total_cost": 392.4623900775742, "time_cost": 92.368, "final_distance_cost": 1.7506074305510628, "oscillation_cost": 202.40701002442609, "completition_cost": 0.0, "overshoot_cost": 58.11616898396535, "power_cost": 21.84132009277344, "noise_cost": 15.979283545858245, "n_waypoints_completed": 9, "tot_waypoints": 9}}
{"target": -748.7666187445296, "params": {"k_pid_pos": [1.1883182255142521, 1.0, 0.49500174318033857], "k_pid_alt": [1.7716008917811508, 0.14536446334162573, 0.7691294954810153], "k_pid_att": [35.73849053980359, 8.612750349017166, 0.314507937284572], "k_pid_yaw": [0.5, 1e-06, 0.1], "k_pid_hsp": [4.577468980167785, 0.6151962768581183, 0.28296550607544024], "k_pid_vsp": [100.54654858067174, 63.59734587999065, 30.57980264422912]}, "datetime": {"datetime": "2025-08-21 18:25:28", "elapsed": 34845.112540245056, "delta": 35.778141021728516}, "costs": {"total_cost": 748.7666187445296, "time_cost": 150, "final_distance_cost": 71.71931226193642, "oscillation_cost": 216.59277276521405, "completition_cost": 222.2222222222222, "overshoot_cost": 44.47540847116617, "power_cost": 25.72574315185547, "noise_cost": 18.03115987213535, "n_waypoints_completed": 7, "tot_waypoints": 9}}
{"target": -921.4389436886386, "params": {"k_pid_pos": [2.0, 0.0, 0.0], "k_pid_alt": [0.9898139095344143, 0.8465413419690772, 1.0], "k_pid_att": [33.96560697403349, 0.0001, 0.7851350126606649], "k_pid_yaw": [0.5, 1e-06, 0.1], "k_pid_hsp": [0.5324315210935581, 0.9300079814849859, 0.0], "k_pid_vsp": [284.4353683296858, 267.4581559427732, 135.58046133967224]}, "datetime": {"datetime": "2025-08-21 18:26:06", "elapsed": 34883.32510352135, "delta": 38.212563276290894}, "costs": {"total_cost": 921.4389436886386, "time_cost": 150, "final_distance_cost": 46.80100059721629, "oscillation_cost": 82.2399632700455, "completition_cost": 555.5555555555555, "overshoot_cost": 45.913512771110035, "power_cost": 23.305771411132813, "noise_cost": 17.623140083578424, "n_waypoints_completed": 4, "tot_waypoints": 9}}
