{"target": -1089.926060285936, "params": {"k_pid_pos": [1.3555462183751976, 0.7193967475970318, 0.022640273019696955], "k_pid_alt": [0.10587699547607965, 0.25326832858975223, 0.16359454399291107], "k_pid_att": [4.74549950106089, 1.6543121735494393, 0.604582129588417], "k_pid_yaw": [0.5, 1e-06, 0.1], "k_pid_hsp": [4.563425777678724, 0.4845637961209627, 0.9368017524599983], "k_pid_vsp": [243.7179208325267, 278.13404736338873, 226.67469155481737]}, "datetime": {"datetime": "2025-08-21 09:40:55", "elapsed": 3371.6297039985657, "delta": 25.034847497940063}, "costs": {"total_cost": 1089.926060285936, "time_cost": 150, "final_distance_cost": 88.25979360843382, "oscillation_cost": 94.70066724335621, "completition_cost": 666.6666666666667, "overshoot_cost": 54.0244184623824, "power_cost": 21.03944549560547, "noise_cost": 15.235068809491528, "n_waypoints_completed": 3, "tot_waypoints": 9}}
{"target": -996.7276770822135, "params": {"k_pid_pos": [0.5085305644609934, 0.6438140485035968, 0.886930068792743], "k_pid_alt": [1.7505443757780068, 0.6992722867924807, 0.1708802147706182], "k_pid_att": [4.548653431681437, 2.0965462709215763, 0.5502791342232309], "k_pid_yaw": [0.5, 1e-06, 0.1], "k_pid_hsp": [6.931664045258678, 0.9527744535069451, 0.5158210795853931], "k_pid_vsp": [375.38104919090773, 384.1455339234752, 399.7883062744382]}, "datetime": {"datetime": "2025-08-21 09:41:24", "elapsed": 3401.3058631420135, "delta": 29.676159143447876}, "costs": {"total_cost": 996.7276770822135, "time_cost": 150, "final_distance_cost": 41.290823323635045, "oscillation_cost": 155.8813582269968, "completition_cost": 555.5555555555555, "overshoot_cost": 59.59461356598181, "power_cost": 19.89251317138672, "noise_cost": 14.51281323865759, "n_waypoints_completed": 4, "tot_waypoints": 9}}
{"target": -1050.1191471784693, "params": {"k_pid_pos": [1.3921633615326332, 0.11133158662423015, 0.09739369785091201], "k_pid_alt": [0.3322454413627032, 0.7840632439627631, 0.3702314453135912], "k_pid_att": [76.04347412650203, 8.185118229387195, 0.9616067096017539], "k_pid_yaw": [0.5, 1e-06, 0.1], "k_pid_hsp": [6.195372089939199, 0.4731772272436041, 0.5740484847093255], "k_pid_vsp": [376.32681366854234, 292.2311355720203, 299.07834230891956]}, "datetime": {"datetime": "2025-08-21 09:41:51", "elapsed": 3428.038799762726, "delta": 26.73293662071228}, "costs": {"total_cost": 1050.1191471784693, "time_cost": 150, "final_distance_cost": 55.52853984657423, "oscillation_cost": 305.29403853749415, "completition_cost": 444.4444444444444, "overshoot_cost": 62.23344537436419, "power_cost": 18.467595996093753, "noise_cost": 14.15108297949865, "n_waypoints_completed": 5, "tot_waypoints": 9}}
{"target": -1378.40690012152, "params": {"k_pid_pos": [0.07841265547257761, 0.9445385369050652, 0.9272630557210697], "k_pid_alt": [1.0875434064620086, 0.9779342137123549, 0.36003545231653933], "k_pid_att": [82.33609662059425, 3.2453277592784597, 0.15840849688560843], "k_pid_yaw": [0.5, 1e-06, 0.1], "k_pid_hsp": [7.509536245262153, 0.17584592406579358, 0.35227753331197853], "k_pid_vsp": [213.84713014170714, 200.73627808803352, 194.2118675193383]}, "datetime": {"datetime": "2025-08-21 09:42:20", "elapsed": 3457.250202178955, "delta": 29.211402416229248}, "costs": {"total_cost": 1378.40690012152, "time_cost": 150, "final_distance_cost": 66.30396788759212, "oscillation_cost": 199.6514426366291, "completition_cost": 888.8888888888888, "overshoot_cost": 34.89376961923204, "power_cost": 22.137329064941408, "noise_cost": 16.531502024236595, "n_waypoints_completed": 1, "tot_waypoints": 9}}
{"target": -1190.8824804696424, "params": {"k_pid_pos": [1.2027677837522692, 0.22550160162382127, 0.25253299598420154], "k_pid_alt": [1.8088737524081637, 0.8145019926195847, 0.3135869365719782], "k_pid_att": [32.90246804741942, 2.0307895903044395, 0.789935558057797], "k_pid_yaw": [0.5, 1e-06, 0.1], "k_pid_hsp": [9.599454445318393, 0.8657834570799241, 0.9624945597446077], "k_pid_vsp": [149.7090093000707, 165.6561161272351, 244.6768724344415]}, "datetime": {"datetime": "2025-08-21 09:42:47", "elapsed": 3484.1514513492584, "delta": 26.901249170303345}, "costs": {"total_cost": 1190.8824804696424, "time_cost": 150, "final_distance_cost": 36.7946792098499, "oscillation_cost": 306.88940940230924, "completition_cost": 555.5555555555555, "overshoot_cost": 86.00913745834917, "power_cost": 21.58771239013672, "noise_cost": 34.04598645344178, "n_waypoints_completed": 4, "tot_waypoints": 9}}
{"target": -1474.232126810376, "params": {"k_pid_pos": [1.2083704813606038, 0.1719904781713969, 0.03974783959056338], "k_pid_alt": [0.12552255032719573, 0.06341215136744549, 0.7067013239831712], "k_pid_att": [26.773125588607904, 7.257116816019505, 0.5811594187427412], "k_pid_yaw": [0.5, 1e-06, 0.1], "k_pid_hsp": [8.654556767744989, 0.104044564419706, 0.25858718835476413], "k_pid_vsp": [238.5442400324681, 42.297444890923806, 289.7617479609752]}, "datetime": {"datetime": "2025-08-21 09:43:15", "elapsed": 3511.586356639862, "delta": 27.434905290603638}, "costs": {"total_cost": 1474.232126810376, "time_cost": 150, "final_distance_cost": 81.48448582731076, "oscillation_cost": 379.3281609991613, "completition_cost": 777.7777777777778, "overshoot_cost": 41.76522939215845, "power_cost": 24.902472424316407, "noise_cost": 18.974000389651227, "n_waypoints_completed": 2, "tot_waypoints": 9}}
{"target": -766.9847818151402, "params": {"k_pid_pos": [1.9603297150108114, 0.8209135537888655, 0.9918168329767347], "k_pid_alt": [1.6290025171490237, 0.9119035855980384, 0.04717994052359331], "k_pid_att": [78.07842171931846, 7.4693375022755175, 0.5115871041233491], "k_pid_yaw": [0.5, 1e-06, 0.1], "k_pid_hsp": [5.6988989654141005, 0.7970414794870938, 0.7316749798193928], "k_pid_vsp": [390.6866065983447, 275.3460610282985, 204.15924231403235]}, "datetime": {"datetime": "2025-08-21 09:43:44", "elapsed": 3540.6199972629547, "delta": 29.03364062309265}, "costs": {"total_cost": 766.9847818151402, "time_cost": 150, "final_distance_cost": 74.65635435285658, "oscillation_cost": 230.64195085948356, "completition_cost": 222.2222222222222, "overshoot_cost": 53.77039556031744, "power_cost": 19.81277889404297, "noise_cost": 15.881079926217579, "n_waypoints_completed": 7, "tot_waypoints": 9}}
{"target": -1487.2868742411551, "params": {"k_pid_pos": [0.3988172327673342, 0.8471947902568973, 0.8614676442621878], "k_pid_alt": [0.7669491070342269, 0.9893326442139317, 0.27349265068607287], "k_pid_att": [65.95469750616093, 1.66398920052955, 0.8729647584856886], "k_pid_yaw": [0.5, 1e-06, 0.1], "k_pid_hsp": [2.7614881593013183, 0.13726416833050992, 0.04929440838577104], "k_pid_vsp": [235.46320156630972, 30.1396498851528, 268.8286997978308]}, "datetime": {"datetime": "2025-08-21 09:44:12", "elapsed": 3568.59566283226, "delta": 27.97566556930542}, "costs": {"total_cost": 1487.2868742411551, "time_cost": 150, "final_distance_cost": 111.96436057351485, "oscillation_cost": 329.8280455460011, "completition_cost": 777.7777777777778, "overshoot_cost": 82.390496894085, "power_cost": 19.399401379394533, "noise_cost": 15.926792070381802, "n_waypoints_completed": 2, "tot_waypoints": 9}}
{"target": -321.4994099020917, "params": {"k_pid_pos": [1.7530863961769305, 0.48405073681092825, 0.45222539362699843], "k_pid_alt": [1.0591424194443806, 0.8561245691422663, 0.6738630249787013], "k_pid_att": [6.992914693311336, 3.3576636195402703, 0.930815141893905], "k_pid_yaw": [0.5, 1e-06, 0.1], "k_pid_hsp": [2.0498940075326253, 0.7825404812080108, 0.181712966240136], "k_pid_vsp": [153.52745500743575, 206.18446543612887, 55.14909873334654]}, "datetime": {"datetime": "2025-08-21 09:44:45", "elapsed": 3601.5445709228516, "delta": 32.94890809059143}, "costs": {"total_cost": 321.4994099020917, "time_cost": 99.592, "final_distance_cost": 1.7741152126988566, "oscillation_cost": 121.9789459668648, "completition_cost": 0.0, "overshoot_cost": 61.402233301562674, "power_cost": 20.678166662597658, "noise_cost": 16.073948758367667, "n_waypoints_completed": 9, "tot_waypoints": 9}}
{"target": -1171.532988750943, "params": {"k_pid_pos": [0.6903181258249319, 0.9744744345087456, 0.016621697532815505], "k_pid_alt": [0.36658353417305234, 0.20622331457751397, 0.2827398464068549], "k_pid_att": [74.20790597236847, 0.35742312982669344, 0.266455915868963], "k_pid_yaw": [0.5, 1e-06, 0.1], "k_pid_hsp": [0.6812056276602334, 0.7791434651652817, 0.5649606787615946], "k_pid_vsp": [183.38962488249928, 285.1306724649588, 201.21179690448176]}, "datetime": {"datetime": "2025-08-21 09:45:10", "elapsed": 3627.2054164409637, "delta": 25.660845518112183}, "costs": {"total_cost": 1171.532988750943, "time_cost": 150, "final_distance_cost": 53.82044400257385, "oscillation_cost": 167.33912325777987, "completition_cost": 666.6666666666667, "overshoot_cost": 90.09953134527579, "power_cost": 24.325310473632815, "noise_cost": 19.281913005014097, "n_waypoints_completed": 3, "tot_waypoints": 9}}
{"target": -3597.0186010414354, "params": {"k_pid_pos": [0.41868949351775125, 0.2608985599735114, 0.8025909651891316], "k_pid_alt": [0.19314776902464414, 0.29528059644906457, 0.4625899522629131], "k_pid_att": [92.47861250621382, 5.793104562303414, 0.556578528669605], "k_pid_yaw": [0.5, 1e-06, 0.1], "k_pid_hsp": [3.176796003964515, 0.9277700762009651, 0.6809745965085989], "k_pid_vsp": [34.55435669863651, 6.952096905956393, 394.720751310789]}, "datetime": {"datetime": "2025-08-21 09:45:52", "elapsed": 3668.8041977882385, "delta": 41.59878134727478}, "costs": {"total_cost": 3597.0186010414354, "time_cost": 150, "final_distance_cost": 660.959537751987, "oscillation_cost": 404.89239284669867, "completition_cost": 1000.0, "overshoot_cost": 1342.163521481733, "power_cost": 21.406456860351565, "noise_cost": 17.596692100665354, "n_waypoints_completed": 0, "tot_waypoints": 9}}
{"target": -1146.4402323668028, "params": {"k_pid_pos": [0.8069710244878084, 0.51766170976546, 0.143271727309363], "k_pid_alt": [0.3748479533337823, 0.703727945503063, 0.8447128445203984], "k_pid_att": [37.5380885612432, 8.938458517265177, 0.4041842623789452], "k_pid_yaw": [0.5, 1e-06, 0.1], "k_pid_hsp": [1.9205515014520793, 0.3276332778155764, 0.6032251697365311], "k_pid_vsp": [200.11263187070506, 387.7018812006674, 157.94907614374372]}, "datetime": {"datetime": "2025-08-21 09:46:20", "elapsed": 3696.6485788822174, "delta": 27.844381093978882}, "costs": {"total_cost": 1146.4402323668028, "time_cost": 150, "final_distance_cost": 56.07691167625492, "oscillation_cost": 192.99459052789587, "completition_cost": 666.6666666666667, "overshoot_cost": 42.55050075926443, "power_cost": 22.136358752441406, "noise_cost": 16.01520398427964, "n_waypoints_completed": 3, "tot_waypoints": 9}}
{"target": -1244.540982275065, "params": {"k_pid_pos": [0.16804772131754264, 0.04179007794928791, 0.558571482761792], "k_pid_alt": [1.7090514287481615, 0.4808988173987223, 0.9869566390308514], "k_pid_att": [40.0951704984678, 0.17204016855672985, 0.3365808229396101], "k_pid_yaw": [0.5, 1e-06, 0.1], "k_pid_hsp": [2.816214480292807, 0.5925888552786168, 0.1872760265623553], "k_pid_vsp": [172.48889947459807, 386.4507861331604, 95.18371279540744]}, "datetime": {"datetime": "2025-08-21 09:46:52", "elapsed": 3728.7234346866608, "delta": 32.07485580444336}, "costs": {"total_cost": 1244.540982275065, "time_cost": 150, "final_distance_cost": 50.79510933453876, "oscillation_cost": 399.28368244627177, "completition_cost": 555.5555555555555, "overshoot_cost": 56.08028674519856, "power_cost": 18.476881640625002, "noise_cost": 14.34946655287549, "n_waypoints_completed": 4, "tot_waypoints": 9}}
{"target": -781.3620702422917, "params": {"k_pid_pos": [0.7445399972973811, 0.8420379944560904, 0.6787000372362827], "k_pid_alt": [1.1316842375081857, 0.697198977359148, 0.4904356309283531], "k_pid_att": [28.258415771677903, 0.9557197294694751, 0.07418519265081958], "k_pid_yaw": [0.5, 1e-06, 0.1], "k_pid_hsp": [7.749741441043276, 0.4011134313191188, 0.4708302983585593], "k_pid_vsp": [131.71058939667483, 179.37717274719566, 81.33822723776123]}, "datetime": {"datetime": "2025-08-21 09:47:22", "elapsed": 3758.791664123535, "delta": 30.06822943687439}, "costs": {"total_cost": 781.3620702422917, "time_cost": 150, "final_distance_cost": 76.04046140681336, "oscillation_cost": 241.10104725716394, "completition_cost": 222.2222222222222, "overshoot_cost": 49.176180132384, "power_cost": 24.025711462402345, "noise_cost": 18.796447761305807, "n_waypoints_completed": 7, "tot_waypoints": 9}}
{"target": -978.6517707871426, "params": {"k_pid_pos": [1.1398316444575023, 0.04060899530844153, 0.788783918979598], "k_pid_alt": [1.2455279061090585, 0.7300729449584588, 0.1380340874235232], "k_pid_att": [46.42056677909612, 7.689752663614163, 0.43322244901666374], "k_pid_yaw": [0.5, 1e-06, 0.1], "k_pid_hsp": [1.01468264158569, 0.16269890073875182, 0.48888661189682037], "k_pid_vsp": [390.52703775894736, 104.64041285108665, 73.72771502641355]}, "datetime": {"datetime": "2025-08-21 09:47:47", "elapsed": 3783.638471841812, "delta": 24.846807718276978}, "costs": {"total_cost": 978.6517707871426, "time_cost": 150, "final_distance_cost": 71.15856825041568, "oscillation_cost": 337.944043545335, "completition_cost": 333.33333333333337, "overshoot_cost": 47.337354875286664, "power_cost": 21.599400830078125, "noise_cost": 17.279069952693767, "n_waypoints_completed": 6, "tot_waypoints": 9}}
{"target": -771.1334538185147, "params": {"k_pid_pos": [1.77319188118268, 0.7603144746780669, 0.5260312267183836], "k_pid_alt": [0.5254580659147483, 0.7335865150259226, 0.484562886162599], "k_pid_att": [74.05744259211595, 2.041353923798047, 0.5622846299021961], "k_pid_yaw": [0.5, 1e-06, 0.1], "k_pid_hsp": [8.726932986303686, 0.2128237962440943, 0.8114552141249538], "k_pid_vsp": [279.7157380924831, 166.49201547367687, 257.61383152742803]}, "datetime": {"datetime": "2025-08-21 09:48:17", "elapsed": 3814.2922914028168, "delta": 30.65381956100464}, "costs": {"total_cost": 771.1334538185147, "time_cost": 150, "final_distance_cost": 68.81573810596227, "oscillation_cost": 229.15842485844342, "completition_cost": 222.2222222222222, "overshoot_cost": 65.49189865656491, "power_cost": 19.589608068847657, "noise_cost": 15.855561906474206, "n_waypoints_completed": 7, "tot_waypoints": 9}}
{"target": -1063.9767899290798, "params": {"k_pid_pos": [1.9787251371531855, 0.2919694784173733, 0.6646354386326284], "k_pid_alt": [1.869163097911302, 0.4818181612330631, 0.1838832972033282], "k_pid_att": [87.70713955661817, 9.163910110176898, 0.9426686685813704], "k_pid_yaw": [0.5, 1e-06, 0.1], "k_pid_hsp": [1.3229238493268403, 0.8159327240374756, 0.9276742804491197], "k_pid_vsp": [199.51002374080375, 132.90994722517198, 245.51293196881193]}, "datetime": {"datetime": "2025-08-21 09:48:42", "elapsed": 3839.4455122947693, "delta": 25.153220891952515}, "costs": {"total_cost": 1063.9767899290798, "time_cost": 150, "final_distance_cost": 51.213229518810856, "oscillation_cost": 216.7181977896165, "completition_cost": 555.5555555555555, "overshoot_cost": 57.638248581955935, "power_cost": 18.174888830566406, "noise_cost": 14.67666965257449, "n_waypoints_completed": 4, "tot_waypoints": 9}}
{"target": -1322.7903422386607, "params": {"k_pid_pos": [1.4009409732684917, 0.8725816661346185, 0.48722486507193075], "k_pid_alt": [0.45684617083664447, 0.9976415634184252, 0.014915912883051385], "k_pid_att": [5.990525623135145, 0.4582008946427686, 0.776982748317394], "k_pid_yaw": [0.5, 1e-06, 0.1], "k_pid_hsp": [4.118411783604151, 0.4054443591239353, 0.16839154470251327], "k_pid_vsp": [49.88880217708393, 392.42180522720815, 314.5515838047559]}, "datetime": {"datetime": "2025-08-21 09:49:15", "elapsed": 3871.6536042690277, "delta": 32.20809197425842}, "costs": {"total_cost": 1322.7903422386607, "time_cost": 150, "final_distance_cost": 52.51199527019197, "oscillation_cost": 68.46770431995577, "completition_cost": 888.8888888888888, "overshoot_cost": 92.54073221779511, "power_cost": 30.089631579589845, "noise_cost": 40.291389962239315, "n_waypoints_completed": 1, "tot_waypoints": 9}}
{"target": -886.7040176008672, "params": {"k_pid_pos": [1.3169224689357941, 0.20779131876955548, 0.9237124361393152], "k_pid_alt": [1.0969122743636903, 0.6928249908836078, 0.3593088458151803], "k_pid_att": [42.3623611833579, 0.4543142236501621, 0.832169160178313], "k_pid_yaw": [0.5, 1e-06, 0.1], "k_pid_hsp": [2.0008259368834755, 0.9588157967602833, 0.6351567193382525], "k_pid_vsp": [91.8629363528165, 354.9319294358435, 257.9739473877232]}, "datetime": {"datetime": "2025-08-21 09:49:47", "elapsed": 3904.02813911438, "delta": 32.37453484535217}, "costs": {"total_cost": 886.7040176008672, "time_cost": 150, "final_distance_cost": 82.8429284090879, "oscillation_cost": 231.31646114635365, "completition_cost": 333.33333333333337, "overshoot_cost": 55.427443376301106, "power_cost": 18.3487396484375, "noise_cost": 15.435111687353807, "n_waypoints_completed": 6, "tot_waypoints": 9}}
{"target": -1222.9245429290884, "params": {"k_pid_pos": [1.836846456390153, 0.29606576680774077, 0.9054234379668524], "k_pid_alt": [1.1568890799281435, 0.8041387439681175, 0.20913470498351894], "k_pid_att": [35.41179031958552, 0.1935777052693195, 0.038258423020390286], "k_pid_yaw": [0.5, 1e-06, 0.1], "k_pid_hsp": [9.738589833484815, 0.9127355837102288, 0.5673267324181819], "k_pid_vsp": [50.53118053073526, 373.20801575163796, 284.87128966162885]}, "datetime": {"datetime": "2025-08-21 09:50:18", "elapsed": 3934.9077973365784, "delta": 30.879658222198486}, "costs": {"total_cost": 1222.9245429290884, "time_cost": 150, "final_distance_cost": 42.38163052711765, "oscillation_cost": 364.9532903373606, "completition_cost": 555.5555555555555, "overshoot_cost": 71.4502727660942, "power_cost": 20.996938122558596, "noise_cost": 17.586855620401884, "n_waypoints_completed": 4, "tot_waypoints": 9}}
{"target": -1161.7250349718897, "params": {"k_pid_pos": [1.988271446802214, 0.4669866105353456, 0.6310161591691532], "k_pid_alt": [1.5145038583388597, 0.8561987615383784, 0.3238423013890356], "k_pid_att": [23.57480840725176, 0.060518663994151324, 0.4323106208607457], "k_pid_yaw": [0.5, 1e-06, 0.1], "k_pid_hsp": [8.803323706127117, 0.3567860020653614, 0.5302431901650382], "k_pid_vsp": [343.2360035086826, 284.64615382939775, 382.2365059901905]}, "datetime": {"datetime": "2025-08-21 09:50:47", "elapsed": 3964.4189722537994, "delta": 29.51117491722107}, "costs": {"total_cost": 1161.7250349718897, "time_cost": 150, "final_distance_cost": 40.506372032638815, "oscillation_cost": 309.04064454895047, "completition_cost": 555.5555555555555, "overshoot_cost": 56.24485298697425, "power_cost": 28.562465368652344, "noise_cost": 21.815144479118256, "n_waypoints_completed": 4, "tot_waypoints": 9}}
{"target": -965.3471443463743, "params": {"k_pid_pos": [1.698028819466519, 0.9648946896405752, 0.20284282909030904], "k_pid_alt": [0.5742021480725841, 0.11541066503317532, 0.2912888108456696], "k_pid_att": [63.52732357879034, 7.001467210846662, 0.5952516836512487], "k_pid_yaw": [0.5, 1e-06, 0.1], "k_pid_hsp": [0.23028527856242922, 0.42698346235271434, 0.2750341629495291], "k_pid_vsp": [397.73696341866406, 22.76821887492917, 163.8567964375817]}, "datetime": {"datetime": "2025-08-21 09:51:14", "elapsed": 3990.7531249523163, "delta": 26.334152698516846}, "costs": {"total_cost": 965.3471443463743, "time_cost": 150, "final_distance_cost": 53.29307879024803, "oscillation_cost": 103.08235380316515, "completition_cost": 555.5555555555555, "overshoot_cost": 65.4488494288626, "power_cost": 21.971175048828126, "noise_cost": 15.996131719714842, "n_waypoints_completed": 4, "tot_waypoints": 9}}
{"target": -1095.2227737462847, "params": {"k_pid_pos": [1.6177588424687093, 0.07007401030511806, 0.11467916800826672], "k_pid_alt": [1.298220077828341, 0.6793276068116175, 0.06295479767696999], "k_pid_att": [80.39443457387353, 9.919907485432619, 0.11254374424508518], "k_pid_yaw": [0.5, 1e-06, 0.1], "k_pid_hsp": [8.307357925049642, 0.35637800539937636, 0.7429657267976969], "k_pid_vsp": [93.60638388216654, 181.2052387685604, 209.3188144354808]}, "datetime": {"datetime": "2025-08-21 09:51:46", "elapsed": 4023.088217973709, "delta": 32.33509302139282}, "costs": {"total_cost": 1095.2227737462847, "time_cost": 150, "final_distance_cost": 58.10371430851047, "oscillation_cost": 345.10352071285166, "completition_cost": 444.4444444444444, "overshoot_cost": 61.534247418294754, "power_cost": 19.459096301269533, "noise_cost": 16.577750560913866, "n_waypoints_completed": 5, "tot_waypoints": 9}}
{"target": -1865.815101897482, "params": {"k_pid_pos": [0.9323065980552837, 0.1795321427726615, 0.2145921572328494], "k_pid_alt": [1.726586569607659, 0.8656367081688411, 0.5185656591119184], "k_pid_att": [0.8678580743848419, 4.064624858155411, 0.316324637892917], "k_pid_yaw": [0.5, 1e-06, 0.1], "k_pid_hsp": [5.438359220452621, 0.6592688483381085, 0.08522476944571766], "k_pid_vsp": [321.9141054931673, 110.0552863744937, 381.13732550878836]}, "datetime": {"datetime": "2025-08-21 09:52:18", "elapsed": 4055.0563032627106, "delta": 31.968085289001465}, "costs": {"total_cost": 1865.815101897482, "time_cost": 150, "final_distance_cost": 4.44628684896289, "oscillation_cost": 453.1884624158806, "completition_cost": 1000.0, "overshoot_cost": 136.24028174035755, "power_cost": 31.153172802734378, "noise_cost": 90.7868980895467, "n_waypoints_completed": 0, "tot_waypoints": 9}}
