{"target": -1161.389239237627, "params": {"k_pid_pos": [0.10761491753144439, 0.6688794280800933, 0.3418890221643406], "k_pid_alt": [1.2460178408884495, 0.8427417911613977, 0.29524738417034624], "k_pid_att": [51.48588351621185, 1.445934765979087, 0.5076884684718141], "k_pid_yaw": [0.5, 1e-06, 0.1], "k_pid_hsp": [1.7033858140427867, 0.3844079689376074, 0.6035408555043262], "k_pid_vsp": [275.977350792568, 286.48315889597404, 220.85204383344254]}, "datetime": {"datetime": "2025-08-21 17:57:30", "elapsed": 33167.36417007446, "delta": 34.53428864479065}, "costs": {"total_cost": 1161.389239237627, "time_cost": 150, "final_distance_cost": 54.50122956995863, "oscillation_cost": 195.54441896741832, "completition_cost": 666.6666666666667, "overshoot_cost": 56.62042993952903, "power_cost": 21.177314880371096, "noise_cost": 16.87917921368297, "n_waypoints_completed": 3, "tot_waypoints": 9}}
{"target": -762.3879855667633, "params": {"k_pid_pos": [1.2262899155892961, 0.44191241916281787, 0.0781407952203178], "k_pid_alt": [1.510219875433088, 0.9399900703667131, 0.9383477558953612], "k_pid_att": [83.26878334111463, 4.3512168466141725, 0.30327160079419346], "k_pid_yaw": [0.5, 1e-06, 0.1], "k_pid_hsp": [5.069926028973511, 0.19795471470302484, 0.9197533298600826], "k_pid_vsp": [366.0040370906757, 372.3201623173872, 219.55895696905807]}, "datetime": {"datetime": "2025-08-21 17:58:04", "elapsed": 33200.78293466568, "delta": 33.41876459121704}, "costs": {"total_cost": 762.3879855667633, "time_cost": 150, "final_distance_cost": 73.33421145894975, "oscillation_cost": 210.6652411836247, "completition_cost": 222.2222222222222, "overshoot_cost": 59.10155803317459, "power_cost": 26.804792358398437, "noise_cost": 20.259960310393588, "n_waypoints_completed": 7, "tot_waypoints": 9}}
{"target": -975.4122869505509, "params": {"k_pid_pos": [0.3547148335313803, 0.25985972244256783, 0.9682417044622046], "k_pid_alt": [1.3909743298398651, 0.907360169347328, 0.44220641914934145], "k_pid_att": [37.04986574611182, 2.5107041050276906, 0.28461504034488505], "k_pid_yaw": [0.5, 1e-06, 0.1], "k_pid_hsp": [4.995843634887234, 0.822052680613577, 0.31630132178352255], "k_pid_vsp": [285.3939602536427, 72.6730097517252, 43.69314129836486]}, "datetime": {"datetime": "2025-08-21 17:58:39", "elapsed": 33236.32995009422, "delta": 35.54701542854309}, "costs": {"total_cost": 975.4122869505509, "time_cost": 150, "final_distance_cost": 70.51259192598195, "oscillation_cost": 329.405212688269, "completition_cost": 333.33333333333337, "overshoot_cost": 49.927323321725765, "power_cost": 23.76384177246094, "noise_cost": 18.469983908779838, "n_waypoints_completed": 6, "tot_waypoints": 9}}
{"target": -991.9272241479082, "params": {"k_pid_pos": [0.38386780665497483, 0.8359661721642913, 0.667589177945323], "k_pid_alt": [0.8848213880462832, 0.05005143592789085, 0.7210926378255244], "k_pid_att": [29.27763036593729, 1.7431561538258207, 0.8678066580386904], "k_pid_yaw": [0.5, 1e-06, 0.1], "k_pid_hsp": [1.3363504136468058, 0.4519013172054339, 0.8679371750119584], "k_pid_vsp": [291.8162043627977, 268.81894993362545, 140.968463828322]}, "datetime": {"datetime": "2025-08-21 17:59:10", "elapsed": 33266.5253636837, "delta": 30.19541358947754}, "costs": {"total_cost": 991.9272241479082, "time_cost": 150, "final_distance_cost": 32.44193450718258, "oscillation_cost": 166.8901823304948, "completition_cost": 555.5555555555555, "overshoot_cost": 55.14804959261642, "power_cost": 18.321651513671878, "noise_cost": 13.569850648386883, "n_waypoints_completed": 4, "tot_waypoints": 9}}
{"target": -519.5367501918101, "params": {"k_pid_pos": [1.6757782858149952, 0.16097911593100506, 0.2257859764784992], "k_pid_alt": [0.712056031023471, 0.6787423866710793, 0.585220843005404], "k_pid_att": [6.934962878471421, 4.84996268207721, 0.6675269616517996], "k_pid_yaw": [0.5, 1e-06, 0.1], "k_pid_hsp": [6.638177161260139, 0.7070637841687315, 0.3645552451326358], "k_pid_vsp": [50.40062827258427, 94.80238246173768, 38.367985740136035]}, "datetime": {"datetime": "2025-08-21 17:59:49", "elapsed": 33305.736035108566, "delta": 39.21067142486572}, "costs": {"total_cost": 519.5367501918101, "time_cost": 150, "final_distance_cost": 8.041755194541478, "oscillation_cost": 156.69777846197124, "completition_cost": 111.11111111111116, "overshoot_cost": 59.28636771304744, "power_cost": 18.956023669433595, "noise_cost": 15.44371404170525, "n_waypoints_completed": 8, "tot_waypoints": 9}}
{"target": -629.6380127622238, "params": {"k_pid_pos": [0.6897779784882891, 0.42774681221529576, 0.946633636830941], "k_pid_alt": [0.9451435350345416, 0.9433361591595203, 0.4408805917609451], "k_pid_att": [38.43025316498101, 7.284493207396864, 0.8884225470782228], "k_pid_yaw": [0.5, 1e-06, 0.1], "k_pid_hsp": [4.487485901548022, 0.3035677814455643, 0.023976231046754837], "k_pid_vsp": [186.61326582655752, 195.36316667743557, 103.02050775481067]}, "datetime": {"datetime": "2025-08-21 18:00:29", "elapsed": 33345.9498603344, "delta": 40.21382522583008}, "costs": {"total_cost": 629.6380127622238, "time_cost": 150, "final_distance_cost": 73.26916478609957, "oscillation_cost": 103.17182474921368, "completition_cost": 222.2222222222222, "overshoot_cost": 50.65739910593216, "power_cost": 16.286437072753905, "noise_cost": 14.0309648260022, "n_waypoints_completed": 7, "tot_waypoints": 9}}
{"target": -835.182725542119, "params": {"k_pid_pos": [0.7407945460096806, 0.9499162369504289, 0.44346288271016243], "k_pid_alt": [0.6083410370042581, 0.3207086555974772, 0.7340354949264495], "k_pid_att": [37.20798288723086, 6.99480431960173, 0.04941631537457525], "k_pid_yaw": [0.5, 1e-06, 0.1], "k_pid_hsp": [6.667445726556935, 0.7875274651698574, 0.7824993135499606], "k_pid_vsp": [53.66599871880933, 290.42583527142085, 47.989779521044206]}, "datetime": {"datetime": "2025-08-21 18:01:06", "elapsed": 33383.06441807747, "delta": 37.11455774307251}, "costs": {"total_cost": 835.182725542119, "time_cost": 150, "final_distance_cost": 65.45015937077021, "oscillation_cost": 183.91406402480544, "completition_cost": 333.33333333333337, "overshoot_cost": 62.206569703289446, "power_cost": 23.155950927734377, "noise_cost": 17.122648182186175, "n_waypoints_completed": 6, "tot_waypoints": 9}}
{"target": -1131.264291543756, "params": {"k_pid_pos": [0.08738091243312011, 0.08253060223814512, 0.47214999390433343], "k_pid_alt": [0.3861012415574878, 0.15824893244847815, 0.48922282268848516], "k_pid_att": [5.933011910857077, 1.4089789596787639, 0.976239386315918], "k_pid_yaw": [0.5, 1e-06, 0.1], "k_pid_hsp": [4.82048169852879, 0.2232493288977715, 0.7325221163802238], "k_pid_vsp": [44.13166657363541, 235.03690750119543, 82.14955592379526]}, "datetime": {"datetime": "2025-08-21 18:01:41", "elapsed": 33418.318387031555, "delta": 35.253968954086304}, "costs": {"total_cost": 1131.264291543756, "time_cost": 150, "final_distance_cost": 75.16021877323882, "oscillation_cost": 143.2723246370496, "completition_cost": 666.6666666666667, "overshoot_cost": 59.877505437572026, "power_cost": 20.96746580810547, "noise_cost": 15.32011022112325, "n_waypoints_completed": 3, "tot_waypoints": 9}}
{"target": -296.94617682145986, "params": {"k_pid_pos": [1.352107733565648, 0.8637127171011583, 0.981693371754558], "k_pid_alt": [1.0330661099495648, 0.4805647514616267, 0.5399627875550944], "k_pid_att": [5.091911625641332, 9.89451377376316, 0.1328558620290865], "k_pid_yaw": [0.5, 1e-06, 0.1], "k_pid_hsp": [2.197230177456293, 0.24512436443063712, 0.024830877323564593], "k_pid_vsp": [54.09801999848875, 94.28339886983024, 36.65640392264722]}, "datetime": {"datetime": "2025-08-21 18:02:19", "elapsed": 33455.6475481987, "delta": 37.329161167144775}, "costs": {"total_cost": 296.94617682145986, "time_cost": 96.976, "final_distance_cost": 1.7853136625969794, "oscillation_cost": 94.93570362471607, "completition_cost": 0.0, "overshoot_cost": 57.294841466426085, "power_cost": 27.166079101562502, "noise_cost": 18.78823896615827, "n_waypoints_completed": 9, "tot_waypoints": 9}}
{"target": -618.97341614343, "params": {"k_pid_pos": [1.2112874794704713, 0.733261621677539, 0.7480116250306657], "k_pid_alt": [0.537570832931575, 0.7837361717186481, 0.7042033101538561], "k_pid_att": [58.00659648371302, 4.25541866118808, 0.522071358313563], "k_pid_yaw": [0.5, 1e-06, 0.1], "k_pid_hsp": [4.455794975710321, 0.6000419448019306, 0.28272751746731367], "k_pid_vsp": [308.75867671875824, 46.16094447545023, 8.018479761163672]}, "datetime": {"datetime": "2025-08-21 18:02:52", "elapsed": 33489.068566560745, "delta": 33.42101836204529}, "costs": {"total_cost": 618.97341614343, "time_cost": 150, "final_distance_cost": 53.23514062381333, "oscillation_cost": 213.69320861320966, "completition_cost": 111.11111111111116, "overshoot_cost": 57.440265451283196, "power_cost": 18.377247216796874, "noise_cost": 15.116443127215808, "n_waypoints_completed": 8, "tot_waypoints": 9}}
{"target": -1224.3657023207904, "params": {"k_pid_pos": [0.1535142149870722, 0.3863914320599118, 0.33036848293648446], "k_pid_alt": [1.1680878124451939, 0.29618457355046135, 0.6660731036647074], "k_pid_att": [12.328853735025024, 6.674415111721314, 0.4267864045603136], "k_pid_yaw": [0.5, 1e-06, 0.1], "k_pid_hsp": [7.886998873286565, 0.3105650628349621, 0.10606235148285459], "k_pid_vsp": [160.43013654317502, 121.8790930742193, 12.886243924595192]}, "datetime": {"datetime": "2025-08-21 18:03:27", "elapsed": 33523.77898168564, "delta": 34.71041512489319}, "costs": {"total_cost": 1224.3657023207904, "time_cost": 150, "final_distance_cost": 80.60946243144434, "oscillation_cost": 78.30111448352122, "completition_cost": 777.7777777777778, "overshoot_cost": 74.09490085825507, "power_cost": 30.78080555419922, "noise_cost": 32.80164121559274, "n_waypoints_completed": 2, "tot_waypoints": 9}}
{"target": -316.7099831808018, "params": {"k_pid_pos": [2.0, 0.0, 0.0], "k_pid_alt": [1.2987772316553168, 0.0, 0.8744131459635588], "k_pid_att": [52.50599050394213, 5.121665122159923, 0.0], "k_pid_yaw": [0.5, 1e-06, 0.1], "k_pid_hsp": [6.642079771366219, 1.0, 1.0], "k_pid_vsp": [349.53059041403225, 211.14715676436379, 27.92371011846219]}, "datetime": {"datetime": "2025-08-21 18:04:01", "elapsed": 33558.08534836769, "delta": 34.30636668205261}, "costs": {"total_cost": 316.7099831808018, "time_cost": 80.528, "final_distance_cost": 1.777594250446717, "oscillation_cost": 151.28335626063748, "completition_cost": 0.0, "overshoot_cost": 54.0707114340236, "power_cost": 16.006619348144532, "noise_cost": 13.043701887549531, "n_waypoints_completed": 9, "tot_waypoints": 9}}
{"target": -315.03534705874875, "params": {"k_pid_pos": [1.5483662240600338, 0.17516485498884718, 0.27822058871934185], "k_pid_alt": [0.9366775524790681, 0.4465845655891221, 0.480397670478095], "k_pid_att": [15.168769461940297, 6.436867692908092, 0.9473745956635318], "k_pid_yaw": [0.5, 1e-06, 0.1], "k_pid_hsp": [7.294862017952758, 0.7075501903688395, 0.8906018926888916], "k_pid_vsp": [223.02887238564963, 393.1812549881027, 186.20196483382261]}, "datetime": {"datetime": "2025-08-21 18:04:31", "elapsed": 33588.12385082245, "delta": 30.03850245475769}, "costs": {"total_cost": 315.03534705874875, "time_cost": 85.60000000000001, "final_distance_cost": 1.7287031717948753, "oscillation_cost": 144.30274226124712, "completition_cost": 0.0, "overshoot_cost": 54.78893789499034, "power_cost": 16.316226586914063, "noise_cost": 12.2987371438023, "n_waypoints_completed": 9, "tot_waypoints": 9}}
{"target": -240.52385900007556, "params": {"k_pid_pos": [1.7866163242803172, 0.5853477774622842, 0.26230610294192225], "k_pid_alt": [1.168890469748005, 0.030815088961132386, 0.5389399413877765], "k_pid_att": [97.3785867869832, 0.5483238265108711, 0.5745342858747463], "k_pid_yaw": [0.5, 1e-06, 0.1], "k_pid_hsp": [4.974370588591679, 0.7101263945054012, 0.03818598655173189], "k_pid_vsp": [46.07498943426287, 364.86839409692516, 3.204883650747727]}, "datetime": {"datetime": "2025-08-21 18:05:02", "elapsed": 33618.6324532032, "delta": 30.508602380752563}, "costs": {"total_cost": 240.52385900007556, "time_cost": 85.536, "final_distance_cost": 1.7130539172831267, "oscillation_cost": 74.50945060648148, "completition_cost": 0.0, "overshoot_cost": 53.582938717027616, "power_cost": 12.866308569335938, "noise_cost": 12.316107189947415, "n_waypoints_completed": 9, "tot_waypoints": 9}}
{"target": -768.0685600973181, "params": {"k_pid_pos": [0.8409203823372369, 0.3971818019576715, 0.6475107730267394], "k_pid_alt": [1.114289101879957, 0.9690181206648552, 0.9633590407374897], "k_pid_att": [25.73763957984224, 9.346618692811596, 0.8994734399005642], "k_pid_yaw": [0.5, 1e-06, 0.1], "k_pid_hsp": [3.6525664759413514, 0.7706381459741828, 0.26753216756663667], "k_pid_vsp": [55.94701408391902, 292.8917266335775, 128.53638797809532]}, "datetime": {"datetime": "2025-08-21 18:05:35", "elapsed": 33651.923102378845, "delta": 33.29064917564392}, "costs": {"total_cost": 768.0685600973181, "time_cost": 150, "final_distance_cost": 73.31513341692538, "oscillation_cost": 238.88842278459697, "completition_cost": 222.2222222222222, "overshoot_cost": 51.30727284332818, "power_cost": 17.56232392578125, "noise_cost": 14.773184904464165, "n_waypoints_completed": 7, "tot_waypoints": 9}}
{"target": -363.74725077675095, "params": {"k_pid_pos": [1.6382322504595228, 0.2501873317151266, 0.4392886168636572], "k_pid_alt": [1.1779279000418892, 0.7542433331128406, 0.15086879081543658], "k_pid_att": [13.176092883488439, 2.801065127294086, 0.1524685008664048], "k_pid_yaw": [0.5, 1e-06, 0.1], "k_pid_hsp": [7.282652770168859, 0.49851140124052457, 0.5320786140209688], "k_pid_vsp": [249.3658270729949, 200.02403247713133, 45.9891681834185]}, "datetime": {"datetime": "2025-08-21 18:06:05", "elapsed": 33681.63433790207, "delta": 29.711235523223877}, "costs": {"total_cost": 363.74725077675095, "time_cost": 83.912, "final_distance_cost": 1.7607358462126765, "oscillation_cost": 193.04786509760032, "completition_cost": 0.0, "overshoot_cost": 52.72837352250703, "power_cost": 18.681066455078128, "noise_cost": 13.617209855352817, "n_waypoints_completed": 9, "tot_waypoints": 9}}
{"target": -440.3607811371704, "params": {"k_pid_pos": [1.3320681131448104, 0.47181990967476495, 0.5726413366177163], "k_pid_alt": [0.8360174892999916, 0.6042946814539856, 0.5458634035441241], "k_pid_att": [97.71871600969732, 2.157730200650584, 0.3052890282998718], "k_pid_yaw": [0.5, 1e-06, 0.1], "k_pid_hsp": [6.367556701649009, 0.12813441192890396, 0.7466473369619933], "k_pid_vsp": [252.2216391452471, 316.841426073234, 3.3078924642414536]}, "datetime": {"datetime": "2025-08-21 18:06:37", "elapsed": 33714.02868771553, "delta": 32.394349813461304}, "costs": {"total_cost": 440.3607811371704, "time_cost": 97.264, "final_distance_cost": 1.7403555870888563, "oscillation_cost": 245.1840845095234, "completition_cost": 0.0, "overshoot_cost": 55.04008051315649, "power_cost": 22.194799597167968, "noise_cost": 18.937460930233705, "n_waypoints_completed": 9, "tot_waypoints": 9}}
{"target": -838.2398180775353, "params": {"k_pid_pos": [1.0129505041440494, 0.3240603570444615, 0.5838127347781958], "k_pid_alt": [0.7910429160292081, 0.8749397401186224, 0.6277213744018926], "k_pid_att": [30.431381297840932, 6.581676023810287, 0.6961416976463819], "k_pid_yaw": [0.5, 1e-06, 0.1], "k_pid_hsp": [3.845226457892668, 0.7640535225658283, 0.3122420941364094], "k_pid_vsp": [61.54414029352104, 288.3802338864189, 126.86158872237289]}, "datetime": {"datetime": "2025-08-21 18:07:14", "elapsed": 33750.684942007065, "delta": 36.656254291534424}, "costs": {"total_cost": 838.2398180775353, "time_cost": 150, "final_distance_cost": 73.89799554314348, "oscillation_cost": 301.9181081465467, "completition_cost": 222.2222222222222, "overshoot_cost": 51.37390451424457, "power_cost": 22.43398211669922, "noise_cost": 16.393605534679224, "n_waypoints_completed": 7, "tot_waypoints": 9}}
{"target": -328.6374079577813, "params": {"k_pid_pos": [1.5668578074404458, 0.6372885209537889, 0.831923556527988], "k_pid_alt": [1.002857475153405, 0.6173755198080393, 0.5022552868725421], "k_pid_att": [2.349309770481827, 8.747501989155761, 0.2695573398415204], "k_pid_yaw": [0.5, 1e-06, 0.1], "k_pid_hsp": [3.180697055231547, 0.40342041870673406, 0.0], "k_pid_vsp": [48.6281221654253, 94.10680460369095, 38.9776454709454]}, "datetime": {"datetime": "2025-08-21 18:07:54", "elapsed": 33791.145359516144, "delta": 40.46041750907898}, "costs": {"total_cost": 328.6374079577813, "time_cost": 95.936, "final_distance_cost": 1.7187416725072622, "oscillation_cost": 146.46530966609015, "completition_cost": 0.0, "overshoot_cost": 55.07909197342509, "power_cost": 16.451022229003907, "noise_cost": 12.98724241675487, "n_waypoints_completed": 9, "tot_waypoints": 9}}
{"target": -587.7627564231567, "params": {"k_pid_pos": [2.0, 0.0, 0.0], "k_pid_alt": [1.1604195561174926, 0.5843219644939853, 1.0], "k_pid_att": [36.778762666526106, 1.845558184376871, 0.7709495426912901], "k_pid_yaw": [0.5, 1e-06, 0.1], "k_pid_hsp": [0.6337328302501383, 0.8412429795696169, 0.0], "k_pid_vsp": [287.7386565128887, 272.8744995299729, 133.47253240883362]}, "datetime": {"datetime": "2025-08-21 18:08:29", "elapsed": 33826.374202013016, "delta": 35.22884249687195}, "costs": {"total_cost": 587.7627564231567, "time_cost": 150, "final_distance_cost": 65.97336410439956, "oscillation_cost": 80.86407651759576, "completition_cost": 222.2222222222222, "overshoot_cost": 46.661221950052656, "power_cost": 11.939139086914063, "noise_cost": 10.102732541972419, "n_waypoints_completed": 7, "tot_waypoints": 9}}
{"target": -1011.3322232149826, "params": {"k_pid_pos": [1.1234349784297883, 0.0, 0.1572086920411031], "k_pid_alt": [0.0, 0.05288251364060832, 0.8024399850380772], "k_pid_att": [6.241308668373609, 0.0001, 0.18694397382513], "k_pid_yaw": [0.5, 1e-06, 0.1], "k_pid_hsp": [7.52534060300331, 0.3987995792628842, 0.03037164138340524], "k_pid_vsp": [262.58453348735645, 275.5200407874567, 39.8071327506809]}, "datetime": {"datetime": "2025-08-21 18:09:05", "elapsed": 33861.508846998215, "delta": 35.134644985198975}, "costs": {"total_cost": 1011.3322232149826, "time_cost": 150, "final_distance_cost": 55.00626030344268, "oscillation_cost": 42.18793744642181, "completition_cost": 666.6666666666667, "overshoot_cost": 67.81589624394498, "power_cost": 16.193777087402346, "noise_cost": 13.461685467103964, "n_waypoints_completed": 3, "tot_waypoints": 9}}
{"target": -578.2107465463729, "params": {"k_pid_pos": [1.0851375884461931, 0.0, 0.0], "k_pid_alt": [0.9072989791109525, 0.07097699309871275, 0.0], "k_pid_att": [61.63075532177572, 0.0001, 1.0], "k_pid_yaw": [0.5, 1e-06, 0.1], "k_pid_hsp": [1.4725871999369993, 1.0, 0.0], "k_pid_vsp": [271.40307917670606, 285.7320220669005, 227.21497807432775]}, "datetime": {"datetime": "2025-08-21 18:09:40", "elapsed": 33897.187030792236, "delta": 35.678183794021606}, "costs": {"total_cost": 578.2107465463729, "time_cost": 150, "final_distance_cost": 73.68305991325458, "oscillation_cost": 52.87086984014819, "completition_cost": 222.2222222222222, "overshoot_cost": 46.32866264412071, "power_cost": 19.24370280761719, "noise_cost": 13.862229119009994, "n_waypoints_completed": 7, "tot_waypoints": 9}}
{"target": -1094.051161144156, "params": {"k_pid_pos": [1.8690324072718316, 0.9802588904907722, 0.05921112867935485], "k_pid_alt": [0.28654894570021594, 0.4769635102985289, 0.15003198279484065], "k_pid_att": [95.3408556092212, 1.1129110059555734, 0.4486676616813158], "k_pid_yaw": [0.5, 1e-06, 0.1], "k_pid_hsp": [7.7992047549098755, 0.6134207575781659, 0.9531216594400962], "k_pid_vsp": [157.81193034731297, 140.01359867732273, 9.585495004428102]}, "datetime": {"datetime": "2025-08-21 18:10:14", "elapsed": 33930.87009882927, "delta": 33.68306803703308}, "costs": {"total_cost": 1094.051161144156, "time_cost": 150, "final_distance_cost": 50.02617098484795, "oscillation_cost": 125.70019951082527, "completition_cost": 666.6666666666667, "overshoot_cost": 66.25200538089743, "power_cost": 19.615253649902346, "noise_cost": 15.790864951016154, "n_waypoints_completed": 3, "tot_waypoints": 9}}
{"target": -1527.047953857959, "params": {"k_pid_pos": [0.11774085754383004, 0.29354994563050696, 0.612917531609204], "k_pid_alt": [1.5367887308562722, 0.6240819813854142, 0.21422029428120737], "k_pid_att": [2.3031412809504936, 9.931866391661167, 0.3289964192669025], "k_pid_yaw": [0.5, 1e-06, 0.1], "k_pid_hsp": [3.0551682831531832, 0.6189280488996028, 0.6285115970974904], "k_pid_vsp": [49.90330239767733, 88.52164425744563, 36.599327768635796]}, "datetime": {"datetime": "2025-08-21 18:10:51", "elapsed": 33967.50677704811, "delta": 36.63667821884155}, "costs": {"total_cost": 1527.047953857959, "time_cost": 150, "final_distance_cost": 66.96156189789465, "oscillation_cost": 428.7569128631365, "completition_cost": 777.7777777777778, "overshoot_cost": 54.27116762833508, "power_cost": 29.292205883789062, "noise_cost": 19.98832780702581, "n_waypoints_completed": 2, "tot_waypoints": 9}}
{"target": -1152.3082207518735, "params": {"k_pid_pos": [0.5382112657226763, 0.9405058681145123, 0.5733687882498343], "k_pid_alt": [0.08176534885917408, 0.843164977003891, 0.06225854204017767], "k_pid_att": [31.503069763208014, 2.856181743525638, 0.7610039518541728], "k_pid_yaw": [0.5, 1e-06, 0.1], "k_pid_hsp": [4.356161725900781, 0.4335895283951089, 0.5546575561225171], "k_pid_vsp": [53.26536968244535, 289.5948130385634, 129.19862130536825]}, "datetime": {"datetime": "2025-08-21 18:11:26", "elapsed": 34003.27452802658, "delta": 35.76775097846985}, "costs": {"total_cost": 1152.3082207518735, "time_cost": 150, "final_distance_cost": 52.04021789017474, "oscillation_cost": 188.114271702441, "completition_cost": 666.6666666666667, "overshoot_cost": 62.00313875674137, "power_cost": 18.961042041015627, "noise_cost": 14.522883694834002, "n_waypoints_completed": 3, "tot_waypoints": 9}}
