{"target": -1760.0836216907649, "params": {"k_pid_pos": [0.7237244694507413, 0.5231425699667251, 0.8866435730620281], "k_pid_alt": [0.06451554401969806, 0.2797417002830228, 0.6874088385014381], "k_pid_att": [22.197875138486022, 4.483826855351118, 0.16200557919644054], "k_pid_yaw": [0.5, 1e-06, 0.1], "k_pid_hsp": [4.02475304287119, 0.04466190195644759, 0.6116026699347938], "k_pid_vsp": [25.5677001332292, 78.88902664608722, 107.56923367659897]}, "datetime": {"datetime": "2025-08-21 11:55:08", "elapsed": 11424.816983222961, "delta": 24.09761619567871}, "costs": {"total_cost": 1760.0836216907649, "time_cost": 150, "final_distance_cost": 93.63290990087101, "oscillation_cost": 382.4597783082481, "completition_cost": 1000.0, "overshoot_cost": 97.76811073486488, "power_cost": 18.365199645996096, "noise_cost": 17.857623100784707, "n_waypoints_completed": 0, "tot_waypoints": 9}}
{"target": -1837.901447368597, "params": {"k_pid_pos": [1.355860745966515, 0.1684167346534552, 0.5058418551350717], "k_pid_alt": [1.679825721618984, 0.31894296156345314, 0.8703344414330199], "k_pid_att": [18.272312489647323, 2.667689831402597, 0.16063557767141856], "k_pid_yaw": [0.5, 1e-06, 0.1], "k_pid_hsp": [3.4190741362321484, 0.1805739976056483, 0.10439505194986964], "k_pid_vsp": [150.8627197851593, 48.9035694174944, 398.3659201565797]}, "datetime": {"datetime": "2025-08-21 11:55:31", "elapsed": 11448.32917881012, "delta": 23.512195587158203}, "costs": {"total_cost": 1837.901447368597, "time_cost": 150, "final_distance_cost": 185.9452497054788, "oscillation_cost": 362.68565138453846, "completition_cost": 888.8888888888888, "overshoot_cost": 215.04675476518344, "power_cost": 15.097153747558595, "noise_cost": 20.237748876949098, "n_waypoints_completed": 1, "tot_waypoints": 9}}
{"target": -1321.808195872549, "params": {"k_pid_pos": [0.8911822317635232, 0.7531111449973161, 0.8254343937421263], "k_pid_alt": [1.9665036893889258, 0.5448049060936813, 0.05990561796908167], "k_pid_att": [50.86207142647158, 9.250255973415198, 0.5018151615090929], "k_pid_yaw": [0.5, 1e-06, 0.1], "k_pid_hsp": [7.505589949647136, 0.26845746513929836, 0.9632581347925674], "k_pid_vsp": [147.23711605515345, 129.35320129119435, 247.87930122636354]}, "datetime": {"datetime": "2025-08-21 11:55:55", "elapsed": 11471.700212478638, "delta": 23.371033668518066}, "costs": {"total_cost": 1321.808195872549, "time_cost": 150, "final_distance_cost": 51.19410509371503, "oscillation_cost": 340.36448099363776, "completition_cost": 666.6666666666667, "overshoot_cost": 62.777409539645014, "power_cost": 26.871585876464845, "noise_cost": 23.933947702419545, "n_waypoints_completed": 3, "tot_waypoints": 9}}
{"target": -1282.0025994503167, "params": {"k_pid_pos": [0.07964733344149702, 0.08417583654977079, 0.2225541998875621], "k_pid_alt": [1.9836212110303326, 0.27662862828995327, 0.3441182218099066], "k_pid_att": [36.02296094532505, 8.540870418225763, 0.5128956874681655], "k_pid_yaw": [0.5, 1e-06, 0.1], "k_pid_hsp": [5.514545902030647, 0.12119268129260008, 0.35526873376130086], "k_pid_vsp": [161.8673153019783, 192.22975846806145, 122.82815145472546]}, "datetime": {"datetime": "2025-08-21 11:56:18", "elapsed": 11495.046449422836, "delta": 23.34623694419861}, "costs": {"total_cost": 1282.0025994503167, "time_cost": 150, "final_distance_cost": 55.63630100376722, "oscillation_cost": 317.5545560504273, "completition_cost": 666.6666666666667, "overshoot_cost": 59.768880460678936, "power_cost": 18.20646619873047, "noise_cost": 14.169729070046001, "n_waypoints_completed": 3, "tot_waypoints": 9}}
{"target": -1577.1255958812685, "params": {"k_pid_pos": [0.29551710301388306, 0.8802215429925048, 0.8907019825174987], "k_pid_alt": [1.8241955227125104, 0.23308266723664706, 0.9642675451893042], "k_pid_att": [31.47788842872956, 6.825992584566147, 0.5738605814447314], "k_pid_yaw": [0.5, 1e-06, 0.1], "k_pid_hsp": [3.1390205159120925, 0.4931186192090887, 0.9909393579424045], "k_pid_vsp": [17.682153778836927, 79.02026472010138, 324.1475241912658]}, "datetime": {"datetime": "2025-08-21 11:56:41", "elapsed": 11518.425339460373, "delta": 23.37889003753662}, "costs": {"total_cost": 1577.1255958812685, "time_cost": 150, "final_distance_cost": 36.113228257074084, "oscillation_cost": 207.2102730011785, "completition_cost": 1000.0, "overshoot_cost": 123.44776128340669, "power_cost": 16.51822935791016, "noise_cost": 43.836103981699125, "n_waypoints_completed": 0, "tot_waypoints": 9}}
{"target": -787.9517682349696, "params": {"k_pid_pos": [1.8792824894990703, 0.8005486016408273, 0.581048463721759], "k_pid_alt": [1.6541208105754879, 0.28513696769014707, 0.17390765881998926], "k_pid_att": [41.908054437920285, 4.046750595724089, 0.3599178362099753], "k_pid_yaw": [0.5, 1e-06, 0.1], "k_pid_hsp": [1.8955809821488103, 0.5500868140061093, 0.4681276213627724], "k_pid_vsp": [136.75197069992245, 99.68551208216304, 12.453634361626026]}, "datetime": {"datetime": "2025-08-21 11:57:05", "elapsed": 11541.68602347374, "delta": 23.2606840133667}, "costs": {"total_cost": 787.9517682349696, "time_cost": 150, "final_distance_cost": 77.74822391786508, "oscillation_cost": 138.27580356920808, "completition_cost": 333.33333333333337, "overshoot_cost": 47.715421562200106, "power_cost": 23.42814971923828, "noise_cost": 17.45083613312468, "n_waypoints_completed": 6, "tot_waypoints": 9}}
{"target": -999.4853526383788, "params": {"k_pid_pos": [0.9243385016348606, 0.8355589559603306, 0.07674139804835711], "k_pid_alt": [1.4539180930244007, 0.23617688346707055, 0.8046004759548998], "k_pid_att": [93.86230053895542, 6.5102086296804975, 0.5273366591898513], "k_pid_yaw": [0.5, 1e-06, 0.1], "k_pid_hsp": [3.0091539046772726, 0.44625266921339946, 0.5695382895751087], "k_pid_vsp": [303.8510780429157, 157.42692213397143, 324.8267269767724]}, "datetime": {"datetime": "2025-08-21 11:57:29", "elapsed": 11565.500275611877, "delta": 23.814252138137817}, "costs": {"total_cost": 999.4853526383788, "time_cost": 150, "final_distance_cost": 57.62106450959589, "oscillation_cost": 129.32338735117938, "completition_cost": 555.5555555555555, "overshoot_cost": 62.792540697226244, "power_cost": 25.560082360839846, "noise_cost": 18.63272216398179, "n_waypoints_completed": 4, "tot_waypoints": 9}}
{"target": -796.5471004408079, "params": {"k_pid_pos": [1.970793195203704, 0.8827024149228921, 0.6668674926910235], "k_pid_alt": [0.5795009690809962, 0.9973685437027661, 0.38189704815375003], "k_pid_att": [65.22414363244721, 4.089218282782565, 0.6834321255151897], "k_pid_yaw": [0.5, 1e-06, 0.1], "k_pid_hsp": [6.274310991642582, 0.5617909487155164, 0.737695936475415], "k_pid_vsp": [144.1392294247683, 261.3943937225164, 46.79932703772028]}, "datetime": {"datetime": "2025-08-21 11:57:52", "elapsed": 11588.745084524155, "delta": 23.24480891227722}, "costs": {"total_cost": 796.5471004408079, "time_cost": 150, "final_distance_cost": 52.774771058000006, "oscillation_cost": 167.45557387278706, "completition_cost": 333.33333333333337, "overshoot_cost": 51.02761397481552, "power_cost": 24.67753924560547, "noise_cost": 17.278268956266505, "n_waypoints_completed": 6, "tot_waypoints": 9}}
{"target": -1065.768577423772, "params": {"k_pid_pos": [1.5362354206419873, 0.7445892538336745, 0.25542985091123716], "k_pid_alt": [1.5342194233770463, 0.09432700803194694, 0.9006335081990715], "k_pid_att": [39.59444232875827, 2.1996239146210113, 0.1877114771507843], "k_pid_yaw": [0.5, 1e-06, 0.1], "k_pid_hsp": [0.7613985082646677, 0.07970871019835868, 0.3842062431868499], "k_pid_vsp": [209.7511166679154, 202.19462870989304, 269.8168974576729]}, "datetime": {"datetime": "2025-08-21 11:58:15", "elapsed": 11612.262786388397, "delta": 23.517701864242554}, "costs": {"total_cost": 1065.768577423772, "time_cost": 150, "final_distance_cost": 54.34461045924659, "oscillation_cost": 197.52477683183886, "completition_cost": 555.5555555555555, "overshoot_cost": 75.89090015774099, "power_cost": 18.06951424560547, "noise_cost": 14.383220173784501, "n_waypoints_completed": 4, "tot_waypoints": 9}}
{"target": -1494.9569915498414, "params": {"k_pid_pos": [0.11508823127467081, 0.9766164646716099, 0.2894462184491724], "k_pid_alt": [1.8907068850007094, 0.8765251500809331, 0.7895830296775248], "k_pid_att": [72.25164300141861, 6.87275328647556, 0.3660251403272805], "k_pid_yaw": [0.5, 1e-06, 0.1], "k_pid_hsp": [8.386712772161133, 0.8124491504352755, 0.3282050732021611], "k_pid_vsp": [83.40286256844145, 129.30849053965292, 322.24271451015204]}, "datetime": {"datetime": "2025-08-21 11:58:40", "elapsed": 11636.488664150238, "delta": 24.22587776184082}, "costs": {"total_cost": 1494.9569915498414, "time_cost": 150, "final_distance_cost": 12.332590631570723, "oscillation_cost": 104.83501634455415, "completition_cost": 1000.0, "overshoot_cost": 138.42233709963642, "power_cost": 21.53855144042969, "noise_cost": 67.8284960336502, "n_waypoints_completed": 0, "tot_waypoints": 9}}
{"target": -1338.7493313715256, "params": {"k_pid_pos": [1.3503460733788815, 0.0321817514441739, 0.10226866378540733], "k_pid_alt": [1.2843153885249212, 0.05745274559846414, 0.27064041727799637], "k_pid_att": [60.77420554150172, 1.8946864575318803, 0.5763553071030023], "k_pid_yaw": [0.5, 1e-06, 0.1], "k_pid_hsp": [3.216728231436875, 0.030053000845780553, 0.4647241157370131], "k_pid_vsp": [135.05138881090946, 280.55406447693025, 264.08214524816344]}, "datetime": {"datetime": "2025-08-21 11:59:03", "elapsed": 11660.409337997437, "delta": 23.920673847198486}, "costs": {"total_cost": 1338.7493313715256, "time_cost": 150, "final_distance_cost": 55.52525819682153, "oscillation_cost": 367.498070582456, "completition_cost": 666.6666666666667, "overshoot_cost": 60.20925409302123, "power_cost": 21.839747766113284, "noise_cost": 17.01033406644692, "n_waypoints_completed": 3, "tot_waypoints": 9}}
{"target": -1041.3342648804094, "params": {"k_pid_pos": [0.7578828385805627, 0.030810875142509353, 0.15371397615399818], "k_pid_alt": [0.21793500947945676, 0.3181720417963222, 0.7267713704417118], "k_pid_att": [16.553706057912766, 1.357883965523607, 0.5668205297321527], "k_pid_yaw": [0.5, 1e-06, 0.1], "k_pid_hsp": [8.80265859916154, 0.4328223499168449, 0.9041254459663868], "k_pid_vsp": [281.9947078213348, 52.42925960793628, 269.79715943723966]}, "datetime": {"datetime": "2025-08-21 11:59:27", "elapsed": 11684.402860164642, "delta": 23.99352216720581}, "costs": {"total_cost": 1041.3342648804094, "time_cost": 150, "final_distance_cost": 39.36436821463169, "oscillation_cost": 208.36213464639448, "completition_cost": 555.5555555555555, "overshoot_cost": 56.08208239952188, "power_cost": 17.907047265625, "noise_cost": 14.063076798680857, "n_waypoints_completed": 4, "tot_waypoints": 9}}
{"target": -1163.6204716534799, "params": {"k_pid_pos": [0.5295851959514334, 0.6521211755482171, 0.21894739495441984], "k_pid_alt": [1.9905556129251984, 0.5001385603901962, 0.4305656430287683], "k_pid_att": [94.60450424218924, 7.653258213526341, 0.8785272431239598], "k_pid_yaw": [0.5, 1e-06, 0.1], "k_pid_hsp": [5.447764872989766, 0.2839479551123745, 0.9871011943994289], "k_pid_vsp": [180.28459619178938, 270.90293717771084, 336.9194013825523]}, "datetime": {"datetime": "2025-08-21 11:59:51", "elapsed": 11708.331870794296, "delta": 23.92901062965393}, "costs": {"total_cost": 1163.6204716534799, "time_cost": 150, "final_distance_cost": 49.082587030413016, "oscillation_cost": 189.31514490654013, "completition_cost": 666.6666666666667, "overshoot_cost": 69.40292667708499, "power_cost": 22.00956600341797, "noise_cost": 17.143580369357192, "n_waypoints_completed": 3, "tot_waypoints": 9}}
{"target": -1699.4935939646364, "params": {"k_pid_pos": [1.3157621655996126, 0.025582574890420262, 0.5621733707824179], "k_pid_alt": [1.511940904156844, 0.7502869670002779, 0.8551361298584453], "k_pid_att": [50.98729820394331, 0.8598486805563816, 0.32416937401214396], "k_pid_yaw": [0.5, 1e-06, 0.1], "k_pid_hsp": [0.4139067920211747, 0.31121975720708317, 0.8891813356202805], "k_pid_vsp": [124.87534075919977, 197.08997688927474, 274.3398115151026]}, "datetime": {"datetime": "2025-08-21 12:00:16", "elapsed": 11732.976667881012, "delta": 24.6447970867157}, "costs": {"total_cost": 1699.4935939646364, "time_cost": 150, "final_distance_cost": 44.96696004904216, "oscillation_cost": 429.32956598064004, "completition_cost": 1000.0, "overshoot_cost": 35.482628538037105, "power_cost": 22.49509197998047, "noise_cost": 17.219347416936646, "n_waypoints_completed": 0, "tot_waypoints": 9}}
{"target": -1184.7031724733463, "params": {"k_pid_pos": [1.9594178273879412, 0.13808111246546018, 0.6716958053316069], "k_pid_alt": [0.30583394218530313, 0.13727173551614136, 0.6530232153317743], "k_pid_att": [6.213665745309738, 7.379120164954272, 0.8947086409207697], "k_pid_yaw": [0.5, 1e-06, 0.1], "k_pid_hsp": [0.6750679642738947, 0.8792648046048894, 0.5555583889444308], "k_pid_vsp": [146.4107221682086, 318.11745141664375, 167.65066243186996]}, "datetime": {"datetime": "2025-08-21 12:00:42", "elapsed": 11759.036250114441, "delta": 26.059582233428955}, "costs": {"total_cost": 1184.7031724733463, "time_cost": 150, "final_distance_cost": 51.110619538658796, "oscillation_cost": 228.8382142025498, "completition_cost": 666.6666666666667, "overshoot_cost": 49.35491734580165, "power_cost": 22.31916749267578, "noise_cost": 16.413587226993606, "n_waypoints_completed": 3, "tot_waypoints": 9}}
{"target": -1412.1848908698064, "params": {"k_pid_pos": [1.8636953505595575, 0.8979450886410233, 0.8503652107936835], "k_pid_alt": [0.8751440077344863, 0.663911190094463, 0.7577560948640608], "k_pid_att": [2.2997123253607255, 1.894975925774055, 0.006142700810007007], "k_pid_yaw": [0.5, 1e-06, 0.1], "k_pid_hsp": [0.12035921976060039, 0.20616649962279188, 0.5318459762230204], "k_pid_vsp": [111.63136106450638, 139.60875420643876, 63.96421936565207]}, "datetime": {"datetime": "2025-08-21 12:01:09", "elapsed": 11785.483359098434, "delta": 26.44710898399353}, "costs": {"total_cost": 1412.1848908698064, "time_cost": 150, "final_distance_cost": 70.08782660565437, "oscillation_cost": 306.4876483311967, "completition_cost": 777.7777777777778, "overshoot_cost": 73.81508311760842, "power_cost": 19.70030997314453, "noise_cost": 14.31624506442429, "n_waypoints_completed": 2, "tot_waypoints": 9}}
{"target": -832.2735971976024, "params": {"k_pid_pos": [1.0295216150139694, 0.47681597930608455, 0.24263897031466353], "k_pid_alt": [1.8738152350879895, 0.1678902205532965, 0.8070293366896638], "k_pid_att": [4.6674689450014295, 8.094586725580063, 0.6931897040304249], "k_pid_yaw": [0.5, 1e-06, 0.1], "k_pid_hsp": [2.841235831105332, 0.48390290471676334, 0.8713160076831762], "k_pid_vsp": [28.011305019131385, 361.419550919775, 37.07759051598229]}, "datetime": {"datetime": "2025-08-21 12:01:35", "elapsed": 11812.168911218643, "delta": 26.68555212020874}, "costs": {"total_cost": 832.2735971976024, "time_cost": 150, "final_distance_cost": 72.45409699518184, "oscillation_cost": 188.16696983364403, "completition_cost": 333.33333333333337, "overshoot_cost": 54.34419178622029, "power_cost": 19.644320776367188, "noise_cost": 14.330684472855586, "n_waypoints_completed": 6, "tot_waypoints": 9}}
{"target": -699.8092477700432, "params": {"k_pid_pos": [0.8280141357350868, 0.16028052915232682, 0.07504021632023694], "k_pid_alt": [1.6795355167834503, 0.7756008400403668, 0.9662965027917803], "k_pid_att": [87.8681462075266, 7.976709966892287, 0.7668812843471442], "k_pid_yaw": [0.5, 1e-06, 0.1], "k_pid_hsp": [8.181571762885357, 0.2328048571411392, 0.9956512910650336], "k_pid_vsp": [285.35062531908125, 74.72067754470109, 73.30755736620256]}, "datetime": {"datetime": "2025-08-21 12:02:02", "elapsed": 11838.460893630981, "delta": 26.291982412338257}, "costs": {"total_cost": 699.8092477700432, "time_cost": 150, "final_distance_cost": 34.26739283833853, "oscillation_cost": 299.853169564612, "completition_cost": 111.11111111111116, "overshoot_cost": 58.2637493764288, "power_cost": 26.24360753173828, "noise_cost": 20.070217347814392, "n_waypoints_completed": 8, "tot_waypoints": 9}}
{"target": -1005.2288060729123, "params": {"k_pid_pos": [0.1607260710405031, 0.23803103079495824, 0.42709657747675445], "k_pid_alt": [1.1158014551949909, 0.3535877917857133, 0.6078255239207725], "k_pid_att": [18.356551478632877, 7.202034862587261, 0.1363082084854006], "k_pid_yaw": [0.5, 1e-06, 0.1], "k_pid_hsp": [4.183317647171248, 0.8573335037956838, 0.6106735732786589], "k_pid_vsp": [255.56472242164682, 394.8395805073912, 194.71658000485968]}, "datetime": {"datetime": "2025-08-21 12:02:27", "elapsed": 11863.60346531868, "delta": 25.142571687698364}, "costs": {"total_cost": 1005.2288060729123, "time_cost": 150, "final_distance_cost": 77.37578470321185, "oscillation_cost": 363.1703722851772, "completition_cost": 333.33333333333337, "overshoot_cost": 53.44858263415439, "power_cost": 15.39660272216797, "noise_cost": 12.504130394867657, "n_waypoints_completed": 6, "tot_waypoints": 9}}
{"target": -444.68960332743893, "params": {"k_pid_pos": [0.391621535043177, 0.037679441652417434, 0.31704150696370703], "k_pid_alt": [1.8000889374190807, 0.3273923047123213, 0.43842121137594503], "k_pid_att": [74.47384209563093, 1.6286527667131505, 0.9365227989271104], "k_pid_yaw": [0.5, 1e-06, 0.1], "k_pid_hsp": [5.375217904040749, 0.8911500471629727, 0.01754709606266014], "k_pid_vsp": [91.19504191040333, 205.97250726386937, 0.6732193951497627]}, "datetime": {"datetime": "2025-08-21 12:02:51", "elapsed": 11887.662441015244, "delta": 24.05897569656372}, "costs": {"total_cost": 444.68960332743893, "time_cost": 150, "final_distance_cost": 50.26154258996578, "oscillation_cost": 48.722980035308325, "completition_cost": 111.11111111111116, "overshoot_cost": 50.36321813824149, "power_cost": 18.854946057128906, "noise_cost": 15.375805395683244, "n_waypoints_completed": 8, "tot_waypoints": 9}}
{"target": -1484.390385959302, "params": {"k_pid_pos": [0.21170393356694778, 0.192187523329984, 0.3362025912791864], "k_pid_alt": [0.15550952756885672, 0.3649311963729647, 0.1369413092299666], "k_pid_att": [90.04454984918422, 7.856657361604324, 0.9282986064499329], "k_pid_yaw": [0.5, 1e-06, 0.1], "k_pid_hsp": [0.3100517237622046, 0.2644289643873383, 0.7090711285467552], "k_pid_vsp": [262.42212502308735, 284.2538004085958, 41.01570141725898]}, "datetime": {"datetime": "2025-08-21 12:03:17", "elapsed": 11913.885033845901, "delta": 26.22259283065796}, "costs": {"total_cost": 1484.390385959302, "time_cost": 150, "final_distance_cost": 62.89875453240586, "oscillation_cost": 407.0362532435365, "completition_cost": 777.7777777777778, "overshoot_cost": 43.04095062960737, "power_cost": 25.404168286132812, "noise_cost": 18.232481489841835, "n_waypoints_completed": 2, "tot_waypoints": 9}}
{"target": -1197.6397721278956, "params": {"k_pid_pos": [0.49579448877750604, 0.16027940367898863, 0.8000184843454575], "k_pid_alt": [0.46279230624939216, 0.9210247097265786, 0.6199379682557177], "k_pid_att": [26.755994183050767, 0.029175782750082428, 0.24548370967700484], "k_pid_yaw": [0.5, 1e-06, 0.1], "k_pid_hsp": [7.668564216847826, 0.23573735768596005, 0.875865300190539], "k_pid_vsp": [155.4454390255466, 176.09524816876046, 46.660397258335095]}, "datetime": {"datetime": "2025-08-21 12:03:43", "elapsed": 11939.5326089859, "delta": 25.64757513999939}, "costs": {"total_cost": 1197.6397721278956, "time_cost": 150, "final_distance_cost": 41.407677779318966, "oscillation_cost": 367.225857782842, "completition_cost": 555.5555555555555, "overshoot_cost": 47.38438590158573, "power_cost": 20.389079077148438, "noise_cost": 15.677216031444836, "n_waypoints_completed": 4, "tot_waypoints": 9}}
{"target": -908.75888549583, "params": {"k_pid_pos": [1.2068119152276269, 0.1262352350123006, 0.2538432118669437], "k_pid_alt": [0.39674267332660107, 0.08063037760668612, 0.7515112593545539], "k_pid_att": [22.858601602615714, 4.087370322197957, 0.9130435956494993], "k_pid_yaw": [0.5, 1e-06, 0.1], "k_pid_hsp": [2.6447017873504937, 0.29356487591239655, 0.8533433862079158], "k_pid_vsp": [352.82545868508606, 259.60272443061643, 9.249734472616185]}, "datetime": {"datetime": "2025-08-21 12:04:07", "elapsed": 11963.57836818695, "delta": 24.045759201049805}, "costs": {"total_cost": 908.75888549583, "time_cost": 150, "final_distance_cost": 64.47973205123222, "oscillation_cost": 286.40831570338605, "completition_cost": 333.33333333333337, "overshoot_cost": 41.977613133911525, "power_cost": 17.947780114746095, "noise_cost": 14.612111159220687, "n_waypoints_completed": 6, "tot_waypoints": 9}}
{"target": -894.2747416779864, "params": {"k_pid_pos": [1.3290768530638672, 0.38703329439571654, 0.9840452109863588], "k_pid_alt": [1.3810891902233842, 0.8991282704654672, 0.0389926218223563], "k_pid_att": [32.80552704256222, 2.386072113241694, 0.030160847524646428], "k_pid_yaw": [0.5, 1e-06, 0.1], "k_pid_hsp": [9.969809646292095, 0.3890585816727611, 0.45705930726971467], "k_pid_vsp": [215.10759452370402, 342.1543141658159, 215.7813241788815]}, "datetime": {"datetime": "2025-08-21 12:04:31", "elapsed": 11987.920073270798, "delta": 24.341705083847046}, "costs": {"total_cost": 894.2747416779864, "time_cost": 150, "final_distance_cost": 74.40389226214133, "oscillation_cost": 352.13326800569155, "completition_cost": 222.2222222222222, "overshoot_cost": 50.85579906994919, "power_cost": 25.39890056152344, "noise_cost": 19.260659556458744, "n_waypoints_completed": 7, "tot_waypoints": 9}}
