{"target": -246.20015932564147, "params": {"k_pid_pos": [0.7470463457901284, 0.6523842261207154, 0.32610993063293325], "k_pid_alt": [1.7386445325772137, 0.3667329343762922, 0.48269357011521863], "k_pid_att": [10.224095570750713, 3.6033757820660655, 0.9946121887660945], "k_pid_yaw": [0.5, 1e-06, 0.1], "k_pid_hsp": [8.173122292075, 0.10821959457774477, 0.16756451609474843], "k_pid_vsp": [176.9102501096369, 348.1684227785698, 108.04770142796298]}, "datetime": {"datetime": "2025-08-21 13:11:50", "elapsed": 16026.678003072739, "delta": 19.91251826286316}, "costs": {"total_cost": 246.20015932564147, "time_cost": 83.21600000000001, "final_distance_cost": 1.7259028525357452, "oscillation_cost": 80.70707220815939, "completition_cost": 0.0, "overshoot_cost": 51.48093194508822, "power_cost": 16.482574743652343, "noise_cost": 12.587677576205762, "n_waypoints_completed": 9, "tot_waypoints": 9}}
{"target": -1328.2354131872528, "params": {"k_pid_pos": [0.8978735200015578, 0.6913528712197462, 0.2962315081884477], "k_pid_alt": [0.09071650359245598, 0.84492440332308, 0.6811710564285615], "k_pid_att": [84.78262268188527, 9.911665317176768, 0.20742229992051542], "k_pid_yaw": [0.5, 1e-06, 0.1], "k_pid_hsp": [2.4945326037544504, 0.6620281114640904, 0.9222831027889064], "k_pid_vsp": [47.26105631249404, 253.02101662460075, 136.38707838971072]}, "datetime": {"datetime": "2025-08-21 13:12:14", "elapsed": 16050.562804698944, "delta": 23.884801626205444}, "costs": {"total_cost": 1328.2354131872528, "time_cost": 150, "final_distance_cost": 55.35705985511999, "oscillation_cost": 140.3569708596208, "completition_cost": 888.8888888888888, "overshoot_cost": 48.88409547019046, "power_cost": 26.21793796386719, "noise_cost": 18.53046014956562, "n_waypoints_completed": 1, "tot_waypoints": 9}}
{"target": -1132.820205029913, "params": {"k_pid_pos": [0.9788707537936429, 0.5188036416462356, 0.5010062791351911], "k_pid_alt": [1.7795028109850735, 0.6148424502769392, 0.6666601595125939], "k_pid_att": [23.044652645135788, 5.626217306351326, 0.3319275919472253], "k_pid_yaw": [0.5, 1e-06, 0.1], "k_pid_hsp": [3.1219828934742044, 0.4969936686804808, 0.11873624089193213], "k_pid_vsp": [135.61682980302913, 370.86789532844284, 355.55758735466003]}, "datetime": {"datetime": "2025-08-21 13:12:37", "elapsed": 16074.446135044098, "delta": 23.88333034515381}, "costs": {"total_cost": 1132.820205029913, "time_cost": 150, "final_distance_cost": 45.78538304736611, "oscillation_cost": 289.47861836174974, "completition_cost": 555.5555555555555, "overshoot_cost": 52.7125851962124, "power_cost": 19.9706919921875, "noise_cost": 19.317370876841874, "n_waypoints_completed": 4, "tot_waypoints": 9}}
{"target": -746.0284871353617, "params": {"k_pid_pos": [0.2751326904933183, 0.6830795808049455, 0.221904735688075], "k_pid_alt": [1.9800085267657943, 0.05286658445706427, 0.9384260080596083], "k_pid_att": [31.029083722938577, 4.348369384591895, 0.2413444367706138], "k_pid_yaw": [0.5, 1e-06, 0.1], "k_pid_hsp": [7.136755588798186, 0.06791986928175331, 0.423152587531773], "k_pid_vsp": [320.15961918411, 364.4382537527233, 292.5139363907268]}, "datetime": {"datetime": "2025-08-21 13:13:01", "elapsed": 16098.066352128983, "delta": 23.620217084884644}, "costs": {"total_cost": 746.0284871353617, "time_cost": 150, "final_distance_cost": 73.16866916362859, "oscillation_cost": 211.27987403310732, "completition_cost": 222.2222222222222, "overshoot_cost": 49.994438462226434, "power_cost": 22.983167114257814, "noise_cost": 16.380116139919302, "n_waypoints_completed": 7, "tot_waypoints": 9}}
{"target": -698.2570858899887, "params": {"k_pid_pos": [1.5170801043430235, 0.1517420650701179, 0.7213081937579857], "k_pid_alt": [0.008343292753683729, 0.5842340154826035, 0.5537145632008064], "k_pid_att": [64.46791318059566, 9.438621611159862, 0.6225867286632846], "k_pid_yaw": [0.5, 1e-06, 0.1], "k_pid_hsp": [5.309554168807671, 0.7249348957122801, 0.24915068108855565], "k_pid_vsp": [59.82939107372953, 293.4556103980851, 170.89269038306006]}, "datetime": {"datetime": "2025-08-21 13:13:25", "elapsed": 16122.168895483017, "delta": 24.102543354034424}, "costs": {"total_cost": 698.2570858899887, "time_cost": 150, "final_distance_cost": 56.25100476732901, "oscillation_cost": 265.4651953450094, "completition_cost": 111.11111111111116, "overshoot_cost": 71.42749879130422, "power_cost": 25.442443627929688, "noise_cost": 18.5598322473053, "n_waypoints_completed": 8, "tot_waypoints": 9}}
{"target": -890.9208236042336, "params": {"k_pid_pos": [1.5767973772669444, 0.6200342557269098, 0.9472806053061373], "k_pid_alt": [1.7084511851856925, 0.5403553694865696, 0.4629034063330084], "k_pid_att": [87.25840675652648, 6.156487912753353, 0.7211174314528622], "k_pid_yaw": [0.5, 1e-06, 0.1], "k_pid_hsp": [8.680702011157628, 0.07181675582781621, 0.2791464407198223], "k_pid_vsp": [29.300033740521858, 386.3937981198856, 266.58732520566514]}, "datetime": {"datetime": "2025-08-21 13:13:49", "elapsed": 16146.216720104218, "delta": 24.04782462120056}, "costs": {"total_cost": 890.9208236042336, "time_cost": 150, "final_distance_cost": 83.72584263065413, "oscillation_cost": 325.70739464804075, "completition_cost": 222.2222222222222, "overshoot_cost": 63.31789752642975, "power_cost": 23.335801147460938, "noise_cost": 22.611665429425884, "n_waypoints_completed": 7, "tot_waypoints": 9}}
{"target": -1242.4971754732978, "params": {"k_pid_pos": [0.3457795944814837, 0.0643929352867636, 0.6571298210659656], "k_pid_alt": [0.7610817492249584, 0.4162029426692717, 0.2313343053344019], "k_pid_att": [89.08918344953773, 1.563094867388908, 0.15687678430372198], "k_pid_yaw": [0.5, 1e-06, 0.1], "k_pid_hsp": [8.591437058867019, 0.24748181678521586, 0.84534789567742], "k_pid_vsp": [362.965442238673, 11.629657617679074, 16.723919583150483]}, "datetime": {"datetime": "2025-08-21 13:14:13", "elapsed": 16170.265242099762, "delta": 24.048521995544434}, "costs": {"total_cost": 1242.4971754732978, "time_cost": 150, "final_distance_cost": 49.83858537668098, "oscillation_cost": 371.69959094048795, "completition_cost": 555.5555555555555, "overshoot_cost": 52.00071290080124, "power_cost": 29.857457910156253, "noise_cost": 33.54527278961591, "n_waypoints_completed": 4, "tot_waypoints": 9}}
{"target": -758.7092470503243, "params": {"k_pid_pos": [1.9906823631834318, 0.41296229960042785, 0.2985715512784869], "k_pid_alt": [0.5971238768594462, 0.13784858048634185, 0.9224531938633197], "k_pid_att": [85.28094126018739, 4.744779090619291, 0.9058562167181439], "k_pid_yaw": [0.5, 1e-06, 0.1], "k_pid_hsp": [9.764654876212038, 0.10481609690004878, 0.5382164735415241], "k_pid_vsp": [87.02926477351416, 279.56665813333643, 91.31802157197642]}, "datetime": {"datetime": "2025-08-21 13:14:38", "elapsed": 16195.291783332825, "delta": 25.026541233062744}, "costs": {"total_cost": 758.7092470503243, "time_cost": 150, "final_distance_cost": 67.43066399618381, "oscillation_cost": 229.26700795859745, "completition_cost": 222.2222222222222, "overshoot_cost": 47.35649939116083, "power_cost": 24.891197229003907, "noise_cost": 17.541656253156173, "n_waypoints_completed": 7, "tot_waypoints": 9}}
{"target": -1201.4001305346949, "params": {"k_pid_pos": [1.8705787247729861, 0.44673600769093547, 0.8543694598318973], "k_pid_alt": [1.0422301845379802, 0.8500025207450342, 0.9713555214849663], "k_pid_att": [2.8747891541193504, 9.81895184516545, 0.9182084057611503], "k_pid_yaw": [0.5, 1e-06, 0.1], "k_pid_hsp": [7.575124098621637, 0.43515082350920653, 0.4613631931509822], "k_pid_vsp": [360.186673846347, 37.490133169917485, 35.14742055262686]}, "datetime": {"datetime": "2025-08-21 13:15:03", "elapsed": 16220.331939935684, "delta": 25.040156602859497}, "costs": {"total_cost": 1201.4001305346949, "time_cost": 150, "final_distance_cost": 48.99943534648687, "oscillation_cost": 327.23179934920745, "completition_cost": 555.5555555555555, "overshoot_cost": 70.26192289557889, "power_cost": 28.430974853515625, "noise_cost": 20.920442534350524, "n_waypoints_completed": 4, "tot_waypoints": 9}}
{"target": -1585.7981909024058, "params": {"k_pid_pos": [1.5684425430392903, 0.2172062953545013, 0.2737991653624128], "k_pid_alt": [1.3585212821492159, 0.6746632482897451, 0.032490692537120114], "k_pid_att": [99.29195933850889, 3.3181937256247913, 0.9165414640741747], "k_pid_yaw": [0.5, 1e-06, 0.1], "k_pid_hsp": [7.700828727833401, 0.313065584577343, 0.51421590812823], "k_pid_vsp": [86.95111178726056, 222.0948314677306, 340.9504706758086]}, "datetime": {"datetime": "2025-08-21 13:15:27", "elapsed": 16244.387944698334, "delta": 24.056004762649536}, "costs": {"total_cost": 1585.7981909024058, "time_cost": 150, "final_distance_cost": 164.01433422726421, "oscillation_cost": 362.8169375595699, "completition_cost": 777.7777777777778, "overshoot_cost": 93.09994924928448, "power_cost": 20.532466796875003, "noise_cost": 17.556725291634308, "n_waypoints_completed": 2, "tot_waypoints": 9}}
{"target": -238.15817686720956, "params": {"k_pid_pos": [1.5695206902218983, 0.5252538324252042, 0.6426508358658509], "k_pid_alt": [1.7519030852452613, 0.821698361708427, 0.8312292459673598], "k_pid_att": [96.50995132652974, 1.449091572389269, 0.18399547952044404], "k_pid_yaw": [0.5, 1e-06, 0.1], "k_pid_hsp": [1.685381903286668, 0.062286307794452433, 0.009986765554463761], "k_pid_vsp": [336.6145887848519, 296.84824892483164, 35.912224351293695]}, "datetime": {"datetime": "2025-08-21 13:15:47", "elapsed": 16264.170156955719, "delta": 19.782212257385254}, "costs": {"total_cost": 238.15817686720956, "time_cost": 82.176, "final_distance_cost": 1.7295972304284208, "oscillation_cost": 68.13459453990507, "completition_cost": 0.0, "overshoot_cost": 51.62407230635465, "power_cost": 19.869723681640625, "noise_cost": 14.624189108880795, "n_waypoints_completed": 9, "tot_waypoints": 9}}
{"target": -1610.0081107472456, "params": {"k_pid_pos": [0.047994924561497405, 0.18288453653967573, 0.5406623410305377], "k_pid_alt": [0.8322700230903861, 0.09966406379934989, 0.3095545104592988], "k_pid_att": [89.23273181742722, 2.8271249534672007, 0.4786123154663988], "k_pid_yaw": [0.5, 1e-06, 0.1], "k_pid_hsp": [9.012138186912082, 0.3469071807579154, 0.13246805032454123], "k_pid_vsp": [371.0929264054746, 335.44801877333725, 289.0898185755048]}, "datetime": {"datetime": "2025-08-21 13:16:13", "elapsed": 16290.039546012878, "delta": 25.869389057159424}, "costs": {"total_cost": 1610.0081107472456, "time_cost": 150, "final_distance_cost": 67.52818166729651, "oscillation_cost": 422.97208144177955, "completition_cost": 888.8888888888888, "overshoot_cost": 32.451169885780786, "power_cost": 28.339287658691408, "noise_cost": 19.828501204808852, "n_waypoints_completed": 1, "tot_waypoints": 9}}
{"target": -1541.1170929057814, "params": {"k_pid_pos": [0.16462662411784396, 0.37743677067632375, 0.3103598435647136], "k_pid_alt": [0.2665336814075896, 0.8109587954857279, 0.43263687343863855], "k_pid_att": [20.06185026896127, 7.964361427486221, 0.6877135636541907], "k_pid_yaw": [0.5, 1e-06, 0.1], "k_pid_hsp": [0.20157168795025238, 0.9980650599085595, 0.8116820580051614], "k_pid_vsp": [94.40652710204431, 206.83026870313515, 197.97808143476755]}, "datetime": {"datetime": "2025-08-21 13:16:41", "elapsed": 16318.232199192047, "delta": 28.1926531791687}, "costs": {"total_cost": 1541.1170929057814, "time_cost": 150, "final_distance_cost": 67.056413669785, "oscillation_cost": 334.3104933149658, "completition_cost": 888.8888888888888, "overshoot_cost": 67.0119264546383, "power_cost": 18.819448571777343, "noise_cost": 15.02992200572609, "n_waypoints_completed": 1, "tot_waypoints": 9}}
{"target": -1073.5576101237891, "params": {"k_pid_pos": [0.8650044558603541, 0.993719424771693, 0.869991216711587], "k_pid_alt": [0.5222848970780289, 0.6355036196608305, 0.5078257861440821], "k_pid_att": [54.33683691204057, 3.549101397616398, 0.36608456492056773], "k_pid_yaw": [0.5, 1e-06, 0.1], "k_pid_hsp": [9.627822424494392, 0.6531775522695198, 0.9194730744733608], "k_pid_vsp": [349.43451003434694, 319.8619239398719, 152.78352236760685]}, "datetime": {"datetime": "2025-08-21 13:17:08", "elapsed": 16344.981991529465, "delta": 26.749792337417603}, "costs": {"total_cost": 1073.5576101237891, "time_cost": 150, "final_distance_cost": 46.88225820209955, "oscillation_cost": 234.66465711646052, "completition_cost": 555.5555555555555, "overshoot_cost": 53.47650023370367, "power_cost": 17.81990946044922, "noise_cost": 15.158729555520448, "n_waypoints_completed": 4, "tot_waypoints": 9}}
{"target": -907.5966041712854, "params": {"k_pid_pos": [1.628020434201847, 0.4421196159097531, 0.2830510143515742], "k_pid_alt": [0.06479604716330734, 0.3971344812450984, 0.5388086477541761], "k_pid_att": [26.71276480424607, 0.2633404278188004, 0.43811747369743115], "k_pid_yaw": [0.5, 1e-06, 0.1], "k_pid_hsp": [3.5396076321176437, 0.7866128540893378, 0.30163921207903044], "k_pid_vsp": [337.4588046865993, 43.67761559012231, 329.04727699620315]}, "datetime": {"datetime": "2025-08-21 13:17:32", "elapsed": 16369.071009397507, "delta": 24.089017868041992}, "costs": {"total_cost": 907.5966041712854, "time_cost": 150, "final_distance_cost": 57.130222193784746, "oscillation_cost": 259.3695777953956, "completition_cost": 333.33333333333337, "overshoot_cost": 65.54074426316588, "power_cost": 23.65092528076172, "noise_cost": 18.571801304844197, "n_waypoints_completed": 6, "tot_waypoints": 9}}
{"target": -959.0126427413552, "params": {"k_pid_pos": [1.609423054681423, 0.9510526647904124, 0.6023588802434744], "k_pid_alt": [0.4877166517707334, 0.557405492781186, 0.644770246408339], "k_pid_att": [29.95554785065445, 5.993149637506249, 0.6848175910272205], "k_pid_yaw": [0.5, 1e-06, 0.1], "k_pid_hsp": [1.4403438551028738, 0.7012561828950826, 0.5742769140555364], "k_pid_vsp": [137.02436225847333, 365.0107536398065, 34.58347097101816]}, "datetime": {"datetime": "2025-08-21 13:17:56", "elapsed": 16393.13069653511, "delta": 24.05968713760376}, "costs": {"total_cost": 959.0126427413552, "time_cost": 150, "final_distance_cost": 35.17584609809843, "oscillation_cost": 126.45192433689495, "completition_cost": 555.5555555555555, "overshoot_cost": 57.906615102797126, "power_cost": 18.43687067871094, "noise_cost": 15.485830969298258, "n_waypoints_completed": 4, "tot_waypoints": 9}}
{"target": -1813.6714378269446, "params": {"k_pid_pos": [1.1665990322931223, 0.32356792373471777, 0.42797986389880527], "k_pid_alt": [1.0070320342789807, 0.8866156578059726, 0.018893589406699496], "k_pid_att": [18.79451604665704, 3.3855935975164497, 0.4268168556453774], "k_pid_yaw": [0.5, 1e-06, 0.1], "k_pid_hsp": [7.242457081263327, 0.05254171935279328, 0.6737012620304265], "k_pid_vsp": [77.86171582558161, 285.02036396702096, 350.76274443048516]}, "datetime": {"datetime": "2025-08-21 13:18:21", "elapsed": 16417.582581996918, "delta": 24.45188546180725}, "costs": {"total_cost": 1813.6714378269446, "time_cost": 150, "final_distance_cost": 189.42175543471683, "oscillation_cost": 373.1029885200966, "completition_cost": 888.8888888888888, "overshoot_cost": 170.2216858836713, "power_cost": 18.22475057373047, "noise_cost": 23.81136852584056, "n_waypoints_completed": 1, "tot_waypoints": 9}}
{"target": -1151.5636912928223, "params": {"k_pid_pos": [1.1269334239521556, 0.19576768429536173, 0.8712572383505999], "k_pid_alt": [0.3819107985979209, 0.6586626557651911, 0.5031017986636804], "k_pid_att": [34.771521968463624, 8.654231712262183, 0.8779547065837255], "k_pid_yaw": [0.5, 1e-06, 0.1], "k_pid_hsp": [3.0906452868402834, 0.1395605878120183, 0.785702327992876], "k_pid_vsp": [313.15577802335383, 3.6106841645977883, 297.2161386442053]}, "datetime": {"datetime": "2025-08-21 13:18:45", "elapsed": 16441.581898212433, "delta": 23.999316215515137}, "costs": {"total_cost": 1151.5636912928223, "time_cost": 150, "final_distance_cost": 52.05655645170573, "oscillation_cost": 300.75800580714315, "completition_cost": 555.5555555555555, "overshoot_cost": 64.80229551578877, "power_cost": 15.855944995117188, "noise_cost": 12.53533296751204, "n_waypoints_completed": 4, "tot_waypoints": 9}}
{"target": -981.3038001295657, "params": {"k_pid_pos": [1.008717409229, 0.19934295626326315, 0.5582475124688091], "k_pid_alt": [0.7930189036643494, 0.5262047205375646, 0.05677844896629969], "k_pid_att": [83.6119206205156, 6.9785626216442855, 0.33924749254020437], "k_pid_yaw": [0.5, 1e-06, 0.1], "k_pid_hsp": [9.233280733988323, 0.2887478203170897, 0.7953822294220054], "k_pid_vsp": [88.34822118441825, 313.647470387057, 180.2915484878555]}, "datetime": {"datetime": "2025-08-21 13:19:09", "elapsed": 16465.808504104614, "delta": 24.226605892181396}, "costs": {"total_cost": 981.3038001295657, "time_cost": 150, "final_distance_cost": 66.28524831454982, "oscillation_cost": 330.04269570504283, "completition_cost": 333.33333333333337, "overshoot_cost": 56.25219131275705, "power_cost": 26.575994079589844, "noise_cost": 18.81433738429278, "n_waypoints_completed": 6, "tot_waypoints": 9}}
{"target": -1132.817241687629, "params": {"k_pid_pos": [0.23152791517114793, 0.8978108812828317, 0.5473108195522725], "k_pid_alt": [1.1216349644474395, 0.6201913012238016, 0.37228930588534503], "k_pid_att": [78.16097642129355, 7.326460324726261, 0.09406028378102016], "k_pid_yaw": [0.5, 1e-06, 0.1], "k_pid_hsp": [3.717499691549187, 0.9285008399190172, 0.28239591136453646], "k_pid_vsp": [89.15727060053418, 351.44472798852104, 158.68659613415124]}, "datetime": {"datetime": "2025-08-21 13:19:33", "elapsed": 16489.654053211212, "delta": 23.8455491065979}, "costs": {"total_cost": 1132.817241687629, "time_cost": 150, "final_distance_cost": 49.94226108848683, "oscillation_cost": 176.40326079155463, "completition_cost": 666.6666666666667, "overshoot_cost": 52.05670356902205, "power_cost": 20.998612133789063, "noise_cost": 16.749737438109367, "n_waypoints_completed": 3, "tot_waypoints": 9}}
{"target": -373.30278549658817, "params": {"k_pid_pos": [1.9972375042218886, 0.20980571733460407, 0.6543647996726166], "k_pid_alt": [1.7764313188344294, 0.6698019769669895, 0.7892967106176454], "k_pid_att": [98.09150896178892, 6.625847519783676, 0.8026698712477047], "k_pid_yaw": [0.5, 1e-06, 0.1], "k_pid_hsp": [2.213042570474968, 0.8795172653623496, 0.43329096332342965], "k_pid_vsp": [339.4836912677098, 322.59862774186917, 96.18912144631024]}, "datetime": {"datetime": "2025-08-21 13:19:57", "elapsed": 16513.89000940323, "delta": 24.2359561920166}, "costs": {"total_cost": 373.30278549658817, "time_cost": 96.424, "final_distance_cost": 1.7813225744329753, "oscillation_cost": 173.83036577742382, "completition_cost": 0.0, "overshoot_cost": 57.562766769829715, "power_cost": 25.48697423095703, "noise_cost": 18.21735614394457, "n_waypoints_completed": 9, "tot_waypoints": 9}}
{"target": -862.8716601402035, "params": {"k_pid_pos": [0.6465840707905757, 0.8631937211669692, 0.3811945017905449], "k_pid_alt": [1.1205208270031322, 0.19302083531476322, 0.588340986373761], "k_pid_att": [45.793477919162974, 5.277314640061225, 0.26591763166353644], "k_pid_yaw": [0.5, 1e-06, 0.1], "k_pid_hsp": [5.309197811020617, 0.6823098050539582, 0.2300792609748088], "k_pid_vsp": [23.216050525176392, 136.4515501293682, 55.16568255747859]}, "datetime": {"datetime": "2025-08-21 13:20:22", "elapsed": 16538.75065469742, "delta": 24.860645294189453}, "costs": {"total_cost": 862.8716601402035, "time_cost": 150, "final_distance_cost": 73.32417082852956, "oscillation_cost": 226.8224008125949, "completition_cost": 333.33333333333337, "overshoot_cost": 45.175101593469336, "power_cost": 19.129571044921875, "noise_cost": 15.087082527354479, "n_waypoints_completed": 6, "tot_waypoints": 9}}
{"target": -725.8112780458172, "params": {"k_pid_pos": [0.7152599397798145, 0.42949626370932104, 0.06033562856015384], "k_pid_alt": [1.2947783967706967, 0.6803516403189173, 0.540679839465008], "k_pid_att": [19.79336913714137, 1.6110466557286218, 0.7843254637066601], "k_pid_yaw": [0.5, 1e-06, 0.1], "k_pid_hsp": [5.623333324077427, 0.578079411162717, 0.9319936933363787], "k_pid_vsp": [248.55009036104346, 318.81992128194, 156.13871991658547]}, "datetime": {"datetime": "2025-08-21 13:20:46", "elapsed": 16563.445169448853, "delta": 24.694514751434326}, "costs": {"total_cost": 725.8112780458172, "time_cost": 150, "final_distance_cost": 61.27124495377908, "oscillation_cost": 203.68981713365778, "completition_cost": 222.2222222222222, "overshoot_cost": 48.65743623477753, "power_cost": 22.67893262939453, "noise_cost": 17.291624871986112, "n_waypoints_completed": 7, "tot_waypoints": 9}}
{"target": -366.3939287726131, "params": {"k_pid_pos": [1.2198751419867297, 0.07711933337928978, 0.719060850386912], "k_pid_alt": [0.23906768021377278, 0.5374147445255382, 0.7615946634086997], "k_pid_att": [11.532508605303315, 4.258882029294849, 0.5671213645225475], "k_pid_yaw": [0.5, 1e-06, 0.1], "k_pid_hsp": [7.466160205993232, 0.6836382534106168, 0.7956899074888002], "k_pid_vsp": [12.722348360260538, 223.67388693257516, 34.77511399003493]}, "datetime": {"datetime": "2025-08-21 13:21:08", "elapsed": 16585.100981473923, "delta": 21.65581202507019}, "costs": {"total_cost": 366.3939287726131, "time_cost": 85.584, "final_distance_cost": 1.7686812308170703, "oscillation_cost": 186.52477891617227, "completition_cost": 0.0, "overshoot_cost": 59.463362135034856, "power_cost": 18.943553051757814, "noise_cost": 14.109553438831092, "n_waypoints_completed": 9, "tot_waypoints": 9}}
