{"target": -3179.422389485625, "params": {"k_pid_pos": [0.5630669259021848, 0.6361989626066858, 0.20756458565066438], "k_pid_alt": [0.5431869596279653, 0.7780282724978113, 0.6916299815316994], "k_pid_att": [0.04895242865909921, 4.368034716848462, 0.8190942849854786], "k_pid_yaw": [0.5, 1e-06, 0.1], "k_pid_hsp": [1.0105926379249577, 0.5337856305357441, 0.6013614557380625], "k_pid_vsp": [51.31354898811611, 56.253838295941065, 307.37380517677525]}, "datetime": {"datetime": "2025-08-21 16:33:43", "elapsed": 28140.248247861862, "delta": 28.052072525024414}, "costs": {"total_cost": 3179.422389485625, "time_cost": 150, "final_distance_cost": 156.8094975511279, "oscillation_cost": 1114.2047400684746, "completition_cost": 1000.0, "overshoot_cost": 635.390362816816, "power_cost": 30.313431860351564, "noise_cost": 92.7043571888549, "n_waypoints_completed": 0, "tot_waypoints": 9}}
{"target": -1258.7874884679227, "params": {"k_pid_pos": [0.08760320577030162, 0.6779427720382942, 0.4256333594470152], "k_pid_alt": [0.14724453253138292, 0.5909988831232079, 0.7273257299679105], "k_pid_att": [66.79049928535355, 3.938748270822485, 0.8637674137413424], "k_pid_yaw": [0.5, 1e-06, 0.1], "k_pid_hsp": [5.217831265061548, 0.4493456714261056, 0.07617558987740203], "k_pid_vsp": [266.08622571613796, 245.14697196430689, 36.57662597840897]}, "datetime": {"datetime": "2025-08-21 16:34:13", "elapsed": 28169.762882709503, "delta": 29.51463484764099}, "costs": {"total_cost": 1258.7874884679227, "time_cost": 150, "final_distance_cost": 83.3999897654553, "oscillation_cost": 174.7595509745977, "completition_cost": 777.7777777777778, "overshoot_cost": 38.77439543812934, "power_cost": 18.99191307373047, "noise_cost": 15.083861438231962, "n_waypoints_completed": 2, "tot_waypoints": 9}}
{"target": -1624.170712088711, "params": {"k_pid_pos": [0.4181130717974583, 0.4119021687585084, 0.10572376785936899], "k_pid_alt": [1.498243638014711, 0.2585587322122186, 0.38911694714176537], "k_pid_att": [61.840908839011355, 8.551868645235814, 0.01340334891638073], "k_pid_yaw": [0.5, 1e-06, 0.1], "k_pid_hsp": [0.01311157657512617, 0.6429398972567362, 0.43214016520500265], "k_pid_vsp": [135.94334746227184, 262.2349985207174, 278.74667362495603]}, "datetime": {"datetime": "2025-08-21 16:34:44", "elapsed": 28201.368855714798, "delta": 31.6059730052948}, "costs": {"total_cost": 1624.170712088711, "time_cost": 150, "final_distance_cost": 72.46929702311085, "oscillation_cost": 396.88634550217, "completition_cost": 888.8888888888888, "overshoot_cost": 77.34314606751722, "power_cost": 21.496315771484376, "noise_cost": 17.086718835539852, "n_waypoints_completed": 1, "tot_waypoints": 9}}
{"target": -1462.787929777905, "params": {"k_pid_pos": [1.7897925030248452, 0.9642356268109454, 0.12754202016310856], "k_pid_alt": [0.3120176506506862, 0.22490815394586572, 0.2699329604914348], "k_pid_att": [99.33451611928064, 2.1970562004338348, 0.9130766638717793], "k_pid_yaw": [0.5, 1e-06, 0.1], "k_pid_hsp": [8.634183851598486, 0.727797359440214, 0.3183587346360458], "k_pid_vsp": [17.89034582883522, 209.52286764986508, 375.50768241071586]}, "datetime": {"datetime": "2025-08-21 16:35:13", "elapsed": 28229.682429790497, "delta": 28.313574075698853}, "costs": {"total_cost": 1462.787929777905, "time_cost": 150, "final_distance_cost": 6.6554438208497935, "oscillation_cost": 81.1908168166469, "completition_cost": 1000.0, "overshoot_cost": 138.14843021457588, "power_cost": 20.444271496582033, "noise_cost": 66.3489674292502, "n_waypoints_completed": 0, "tot_waypoints": 9}}
{"target": -1480.702877122351, "params": {"k_pid_pos": [1.7214107885883958, 0.499154433196912, 0.056765190928837805], "k_pid_alt": [1.148892529512817, 0.7647451512302427, 0.4192674612199362], "k_pid_att": [37.61176166614537, 1.7168849120106617, 0.9155050294184132], "k_pid_yaw": [0.5, 1e-06, 0.1], "k_pid_hsp": [0.945736584537595, 0.881056096178298, 0.3665870393331896], "k_pid_vsp": [120.26019833112235, 29.25191496633234, 264.6476684942993]}, "datetime": {"datetime": "2025-08-21 16:35:40", "elapsed": 28257.363171100616, "delta": 27.68074131011963}, "costs": {"total_cost": 1480.702877122351, "time_cost": 150, "final_distance_cost": 11.69848268962519, "oscillation_cost": 63.82011858050463, "completition_cost": 1000.0, "overshoot_cost": 137.34706632743377, "power_cost": 29.576312634277347, "noise_cost": 88.26089689051024, "n_waypoints_completed": 0, "tot_waypoints": 9}}
{"target": -1162.7493505919967, "params": {"k_pid_pos": [0.5824707507610599, 0.6028614050109073, 0.19378972732856092], "k_pid_alt": [0.3100743708125009, 0.32651164594468196, 0.7480246493339571], "k_pid_att": [99.27691351394166, 7.545231133123509, 0.41525966526372804], "k_pid_yaw": [0.5, 1e-06, 0.1], "k_pid_hsp": [3.979197737845206, 0.21216871826006345, 0.19033696763094754], "k_pid_vsp": [251.14025462654922, 201.14914049359518, 217.10789619832096]}, "datetime": {"datetime": "2025-08-21 16:36:08", "elapsed": 28285.252618789673, "delta": 27.889447689056396}, "costs": {"total_cost": 1162.7493505919967, "time_cost": 150, "final_distance_cost": 50.22170880561321, "oscillation_cost": 313.496183471817, "completition_cost": 555.5555555555555, "overshoot_cost": 49.80213146181219, "power_cost": 24.051627648925784, "noise_cost": 19.622143648272758, "n_waypoints_completed": 4, "tot_waypoints": 9}}
{"target": -1146.467841908306, "params": {"k_pid_pos": [0.3048847108177038, 0.5139379920649166, 0.25941502970679475], "k_pid_alt": [1.2332054720030134, 0.26945477456264433, 0.11898917700566136], "k_pid_att": [35.350479534955625, 9.460033373327079, 0.933546004704328], "k_pid_yaw": [0.5, 1e-06, 0.1], "k_pid_hsp": [9.877483167882144, 0.5531396176061221, 0.9060672900674198], "k_pid_vsp": [356.19619894171063, 166.95060354346282, 338.05159101646433]}, "datetime": {"datetime": "2025-08-21 16:36:37", "elapsed": 28313.52371406555, "delta": 28.271095275878906}, "costs": {"total_cost": 1146.467841908306, "time_cost": 150, "final_distance_cost": 53.5715329695896, "oscillation_cost": 297.34753008182145, "completition_cost": 555.5555555555555, "overshoot_cost": 46.58842764209706, "power_cost": 24.892073388671875, "noise_cost": 18.512722270570613, "n_waypoints_completed": 4, "tot_waypoints": 9}}
{"target": -1608.8942784083574, "params": {"k_pid_pos": [1.4191405335835623, 0.9582131519443104, 0.3971484018893503], "k_pid_alt": [1.8991421086249616, 0.3496990899675104, 0.23951941865032422], "k_pid_att": [10.678824493280459, 7.580902107467646, 0.06144014912385909], "k_pid_yaw": [0.5, 1e-06, 0.1], "k_pid_hsp": [8.805998458690157, 0.3773398848112566, 0.7132593995291421], "k_pid_vsp": [161.89447080294804, 292.11351274395827, 363.46677669805854]}, "datetime": {"datetime": "2025-08-21 16:37:11", "elapsed": 28348.269914150238, "delta": 34.74620008468628}, "costs": {"total_cost": 1608.8942784083574, "time_cost": 150, "final_distance_cost": 114.75711360064284, "oscillation_cost": 321.6658986574995, "completition_cost": 888.8888888888888, "overshoot_cost": 102.1068518755923, "power_cost": 15.385927746582032, "noise_cost": 16.08959763915187, "n_waypoints_completed": 1, "tot_waypoints": 9}}
{"target": -1718.4858402124114, "params": {"k_pid_pos": [0.6850184178305229, 0.8814512907839338, 0.0589732106783839], "k_pid_alt": [0.9180523517547798, 0.280346526333623, 0.9564413513817401], "k_pid_att": [84.08383257654708, 5.4882366749408975, 0.030379987560646415], "k_pid_yaw": [0.5, 1e-06, 0.1], "k_pid_hsp": [0.07028269005231161, 0.27330287544463927, 0.7710060118976757], "k_pid_vsp": [8.415034405160382, 283.02430500680083, 119.58083956357439]}, "datetime": {"datetime": "2025-08-21 16:37:41", "elapsed": 28377.658006429672, "delta": 29.388092279434204}, "costs": {"total_cost": 1718.4858402124114, "time_cost": 150, "final_distance_cost": 71.08698879899556, "oscillation_cost": 458.852522409783, "completition_cost": 888.8888888888888, "overshoot_cost": 109.45612353937013, "power_cost": 22.877971411132812, "noise_cost": 17.32334516424107, "n_waypoints_completed": 1, "tot_waypoints": 9}}
{"target": -3245.11186126463, "params": {"k_pid_pos": [0.9325779768926561, 0.12366102797873157, 0.9082057477749068], "k_pid_alt": [0.1037740583953668, 0.5818042619397776, 0.5346288378068196], "k_pid_att": [44.21312163354403, 6.651295777449859, 0.7316147239772036], "k_pid_yaw": [0.5, 1e-06, 0.1], "k_pid_hsp": [3.5258421859450744, 0.9796916478282652, 0.5579852607327558], "k_pid_vsp": [7.895661635019335, 149.80547674642492, 307.13992703181003]}, "datetime": {"datetime": "2025-08-21 16:38:13", "elapsed": 28409.869749307632, "delta": 32.211742877960205}, "costs": {"total_cost": 3245.11186126463, "time_cost": 150, "final_distance_cost": 653.4138280884497, "oscillation_cost": 372.9001057056115, "completition_cost": 888.8888888888888, "overshoot_cost": 1143.3038673920466, "power_cost": 19.944244372558593, "noise_cost": 16.66092681707554, "n_waypoints_completed": 1, "tot_waypoints": 9}}
{"target": -1100.4389620717604, "params": {"k_pid_pos": [0.5478897576635336, 0.7561857302247594, 0.24580174266002497], "k_pid_alt": [1.8069671217314476, 0.41715032596955204, 0.7491051597895373], "k_pid_att": [87.15334701132446, 6.067715662593421, 0.10197896236044246], "k_pid_yaw": [0.5, 1e-06, 0.1], "k_pid_hsp": [8.858561772258225, 0.9499847340512252, 0.5170886473055285], "k_pid_vsp": [217.65476361432712, 386.38887052326186, 362.02623750737956]}, "datetime": {"datetime": "2025-08-21 16:38:43", "elapsed": 28439.744047164917, "delta": 29.874297857284546}, "costs": {"total_cost": 1100.4389620717604, "time_cost": 150, "final_distance_cost": 45.25432432800084, "oscillation_cost": 261.6228896525175, "completition_cost": 555.5555555555555, "overshoot_cost": 52.16536634254746, "power_cost": 19.88429645996094, "noise_cost": 15.956529733178169, "n_waypoints_completed": 4, "tot_waypoints": 9}}
{"target": -718.7476054298957, "params": {"k_pid_pos": [0.8871506870520992, 0.03779190006910005, 0.15646068164409022], "k_pid_alt": [0.9756889781922273, 0.3434136521305696, 0.9234116271589459], "k_pid_att": [56.54810021062527, 4.018666394545531, 0.9537932274336207], "k_pid_yaw": [0.5, 1e-06, 0.1], "k_pid_hsp": [7.408320205395707, 0.7895716530332079, 0.313753707991532], "k_pid_vsp": [131.0247180313203, 162.71464354133602, 167.51728396075546]}, "datetime": {"datetime": "2025-08-21 16:39:11", "elapsed": 28467.71913933754, "delta": 27.97509217262268}, "costs": {"total_cost": 718.7476054298957, "time_cost": 150, "final_distance_cost": 55.2233837616743, "oscillation_cost": 303.4832215545541, "completition_cost": 111.11111111111116, "overshoot_cost": 58.11930935969949, "power_cost": 23.511876306152345, "noise_cost": 17.298703336704225, "n_waypoints_completed": 8, "tot_waypoints": 9}}
{"target": -799.5953475252613, "params": {"k_pid_pos": [0.9207369384474519, 0.20276550593919795, 0.08604798154318305], "k_pid_alt": [1.4649979915947469, 0.8656615078922171, 0.8333601224405467], "k_pid_att": [45.55626322507009, 6.884020637042715, 0.5207718247197574], "k_pid_yaw": [0.5, 1e-06, 0.1], "k_pid_hsp": [1.4040199370967201, 0.16836187068807518, 0.5101869835880998], "k_pid_vsp": [329.7341071829504, 182.9915720238897, 32.88886758301641]}, "datetime": {"datetime": "2025-08-21 16:39:39", "elapsed": 28495.77510380745, "delta": 28.055964469909668}, "costs": {"total_cost": 799.5953475252613, "time_cost": 150, "final_distance_cost": 71.09872869939412, "oscillation_cost": 265.23017633600165, "completition_cost": 222.2222222222222, "overshoot_cost": 48.92665516283762, "power_cost": 24.761348376464845, "noise_cost": 17.35621672834093, "n_waypoints_completed": 7, "tot_waypoints": 9}}
{"target": -376.64063466953706, "params": {"k_pid_pos": [1.559067470079412, 0.7053798976690718, 0.4955444146929975], "k_pid_alt": [0.41224625421709127, 0.36416432790302256, 0.40772717122813273], "k_pid_att": [52.884567899116874, 1.093677539130872, 0.8429440313177167], "k_pid_yaw": [0.5, 1e-06, 0.1], "k_pid_hsp": [7.489485178705962, 0.4997169242330265, 0.8963153554427564], "k_pid_vsp": [240.01497181721496, 352.2591962872797, 149.37340692000473]}, "datetime": {"datetime": "2025-08-21 16:40:10", "elapsed": 28527.184379577637, "delta": 31.409275770187378}, "costs": {"total_cost": 376.64063466953706, "time_cost": 97.296, "final_distance_cost": 1.7814476994822848, "oscillation_cost": 181.79094713449987, "completition_cost": 0.0, "overshoot_cost": 58.72918684333116, "power_cost": 21.1963875, "noise_cost": 15.84666549222371, "n_waypoints_completed": 9, "tot_waypoints": 9}}
{"target": -995.1004782505842, "params": {"k_pid_pos": [1.8792509041663428, 0.6471176356785078, 0.505725444238142], "k_pid_alt": [1.48927477082393, 0.09711400827489691, 0.7802572843819603], "k_pid_att": [27.18346772001653, 5.832470909318305, 0.8504295954809608], "k_pid_yaw": [0.5, 1e-06, 0.1], "k_pid_hsp": [2.5354774729283895, 0.40734417751035024, 0.24445719547681888], "k_pid_vsp": [53.02684894358851, 116.77985387361213, 132.41754499742666]}, "datetime": {"datetime": "2025-08-21 16:40:42", "elapsed": 28558.934777021408, "delta": 31.750397443771362}, "costs": {"total_cost": 995.1004782505842, "time_cost": 150, "final_distance_cost": 57.4252292244485, "oscillation_cost": 245.86907437905026, "completition_cost": 444.4444444444444, "overshoot_cost": 56.59901883714576, "power_cost": 20.652054663085938, "noise_cost": 20.110656702409383, "n_waypoints_completed": 5, "tot_waypoints": 9}}
{"target": -360.3458788026273, "params": {"k_pid_pos": [1.6041287063441834, 0.21192556387619477, 0.06986826189343498], "k_pid_alt": [1.748522333146915, 0.7397437891106985, 0.571743207520989], "k_pid_att": [95.87385542829749, 1.6128263092116524, 0.593322932415871], "k_pid_yaw": [0.5, 1e-06, 0.1], "k_pid_hsp": [5.7135692065789465, 0.679042166487235, 0.3227623227824402], "k_pid_vsp": [196.05400512929526, 378.21009805902264, 147.0010565958186]}, "datetime": {"datetime": "2025-08-21 16:41:07", "elapsed": 28584.44070792198, "delta": 25.50593090057373}, "costs": {"total_cost": 360.3458788026273, "time_cost": 87.12, "final_distance_cost": 1.719812556419452, "oscillation_cost": 179.22631001162605, "completition_cost": 0.0, "overshoot_cost": 55.14714754458464, "power_cost": 21.517640283203125, "noise_cost": 15.614968406794015, "n_waypoints_completed": 9, "tot_waypoints": 9}}
{"target": -1230.443680146963, "params": {"k_pid_pos": [0.38397829698808406, 0.603732977946115, 0.4794423655755372], "k_pid_alt": [0.26116346754260733, 0.9318644678337641, 0.48277551677574637], "k_pid_att": [16.70492669056628, 6.985148307792762, 0.6115948688912075], "k_pid_yaw": [0.5, 1e-06, 0.1], "k_pid_hsp": [0.2676212440531022, 0.5567291858262894, 0.17098847122215333], "k_pid_vsp": [102.07349436784239, 95.18091999225503, 46.86538683909542]}, "datetime": {"datetime": "2025-08-21 16:41:35", "elapsed": 28612.420996665955, "delta": 27.98028874397278}, "costs": {"total_cost": 1230.443680146963, "time_cost": 150, "final_distance_cost": 66.52683060577492, "oscillation_cost": 161.40296876663106, "completition_cost": 777.7777777777778, "overshoot_cost": 36.20417921018007, "power_cost": 22.422637243652346, "noise_cost": 16.109286542946787, "n_waypoints_completed": 2, "tot_waypoints": 9}}
{"target": -975.6336660098751, "params": {"k_pid_pos": [0.7486425328635984, 0.1714189187705799, 0.30793008296116076], "k_pid_alt": [0.4865564045859796, 0.13650998473710585, 0.2723193170961836], "k_pid_att": [55.67872256270542, 3.907920386454948, 0.232668517665082], "k_pid_yaw": [0.5, 1e-06, 0.1], "k_pid_hsp": [5.317459117813586, 0.2090001034737149, 0.05568078049664427], "k_pid_vsp": [175.8231925412786, 103.82739953849992, 216.3433141244446]}, "datetime": {"datetime": "2025-08-21 16:42:04", "elapsed": 28640.522087812424, "delta": 28.101091146469116}, "costs": {"total_cost": 975.6336660098751, "time_cost": 150, "final_distance_cost": 75.32468899865587, "oscillation_cost": 329.0955298021366, "completition_cost": 333.33333333333337, "overshoot_cost": 50.965016992256196, "power_cost": 20.506500256347657, "noise_cost": 16.40859662714552, "n_waypoints_completed": 6, "tot_waypoints": 9}}
{"target": -1368.8832564120864, "params": {"k_pid_pos": [0.14849063742581184, 0.23831688919219396, 0.6901156399432447], "k_pid_alt": [1.9808672489613175, 0.6219170543588114, 0.9660806513513295], "k_pid_att": [56.99109812234361, 6.647650662600787, 0.7306345545510088], "k_pid_yaw": [0.5, 1e-06, 0.1], "k_pid_hsp": [9.273683469256607, 0.835605061265314, 0.20471977546351094], "k_pid_vsp": [345.13546491196695, 196.12607391611172, 383.06748200024674]}, "datetime": {"datetime": "2025-08-21 16:42:31", "elapsed": 28668.359992027283, "delta": 27.83790421485901}, "costs": {"total_cost": 1368.8832564120864, "time_cost": 150, "final_distance_cost": 51.32034684642054, "oscillation_cost": 402.0245201822769, "completition_cost": 666.6666666666667, "overshoot_cost": 62.0739346262007, "power_cost": 21.051517626953125, "noise_cost": 15.746270463568457, "n_waypoints_completed": 3, "tot_waypoints": 9}}
{"target": -1661.2864887672165, "params": {"k_pid_pos": [1.8385086855643946, 0.7358103267986013, 0.6147056372853795], "k_pid_alt": [0.28750430729892185, 0.6923367206582904, 0.17141719311238945], "k_pid_att": [80.85702335639077, 7.4785866796289655, 0.7057409562119457], "k_pid_yaw": [0.5, 1e-06, 0.1], "k_pid_hsp": [0.45551362801268497, 0.0874492999726102, 0.5717901983054144], "k_pid_vsp": [282.1960010311292, 208.30164524310368, 213.23500381634773]}, "datetime": {"datetime": "2025-08-21 16:43:00", "elapsed": 28696.614438533783, "delta": 28.254446506500244}, "costs": {"total_cost": 1661.2864887672165, "time_cost": 150, "final_distance_cost": 41.26698871862214, "oscillation_cost": 373.8542586555765, "completition_cost": 1000.0, "overshoot_cost": 56.31745689671772, "power_cost": 22.8562685546875, "noise_cost": 16.991515941612782, "n_waypoints_completed": 0, "tot_waypoints": 9}}
{"target": -1360.8889406227472, "params": {"k_pid_pos": [1.4259788168456506, 0.2613088284780164, 0.24428456460248305], "k_pid_alt": [0.23196476006017086, 0.6843555323213111, 0.4863907737023614], "k_pid_att": [91.3331118239011, 6.913922944383501, 0.405932349831317], "k_pid_yaw": [0.5, 1e-06, 0.1], "k_pid_hsp": [3.837184070917929, 0.3073978291258491, 0.7676130023884337], "k_pid_vsp": [279.6267992428482, 272.670386949838, 302.09118138265364]}, "datetime": {"datetime": "2025-08-21 16:43:28", "elapsed": 28724.93629169464, "delta": 28.321853160858154}, "costs": {"total_cost": 1360.8889406227472, "time_cost": 150, "final_distance_cost": 59.30695787115801, "oscillation_cost": 291.4231193925794, "completition_cost": 777.7777777777778, "overshoot_cost": 43.140348918831464, "power_cost": 22.532485778808596, "noise_cost": 16.708250883591862, "n_waypoints_completed": 2, "tot_waypoints": 9}}
{"target": -1514.288312268179, "params": {"k_pid_pos": [1.8384376894550314, 0.28200018315226316, 0.7123811300680789], "k_pid_alt": [1.5865744108329434, 0.8484736760830879, 0.6461291818240137], "k_pid_att": [8.647466524540015, 6.763130648597137, 0.7797541108731668], "k_pid_yaw": [0.5, 1e-06, 0.1], "k_pid_hsp": [0.9892554830566552, 0.49392532277825896, 0.467012301023636], "k_pid_vsp": [171.23187996807897, 93.64656401491158, 270.47411309757223]}, "datetime": {"datetime": "2025-08-21 16:43:56", "elapsed": 28752.78394460678, "delta": 27.847652912139893}, "costs": {"total_cost": 1514.288312268179, "time_cost": 150, "final_distance_cost": 50.66415132870814, "oscillation_cost": 287.1322048125848, "completition_cost": 888.8888888888888, "overshoot_cost": 83.33339265651698, "power_cost": 21.53774842529297, "noise_cost": 32.73192615618748, "n_waypoints_completed": 1, "tot_waypoints": 9}}
{"target": -449.2974589181723, "params": {"k_pid_pos": [0.9332934285647728, 0.4280647213296257, 0.457708141686304], "k_pid_alt": [0.7439097704627131, 0.12878359966356367, 0.0544865786287414], "k_pid_att": [51.26566535222252, 1.3323335965445031, 0.6376507985476471], "k_pid_yaw": [0.5, 1e-06, 0.1], "k_pid_hsp": [9.570025099930739, 0.5531273665986269, 0.6190215124083699], "k_pid_vsp": [110.76149457706079, 325.9676947498304, 180.23031413179214]}, "datetime": {"datetime": "2025-08-21 16:44:24", "elapsed": 28780.759208202362, "delta": 27.975263595581055}, "costs": {"total_cost": 449.2974589181723, "time_cost": 91.32000000000001, "final_distance_cost": 1.7761118427047753, "oscillation_cost": 268.63697389435356, "completition_cost": 0.0, "overshoot_cost": 56.68893129442552, "power_cost": 17.15313848876953, "noise_cost": 13.72230339791894, "n_waypoints_completed": 9, "tot_waypoints": 9}}
{"target": -2579.809556434265, "params": {"k_pid_pos": [1.3382570308007997, 0.19168320425348617, 0.7581336346528298], "k_pid_alt": [0.6059336679447915, 0.8160031628602213, 0.25277479134215786], "k_pid_att": [2.971631626359783, 0.9972217734797393, 0.7340191728402446], "k_pid_yaw": [0.5, 1e-06, 0.1], "k_pid_hsp": [5.4835988063722505, 0.9329136596082205, 0.6227450600504039], "k_pid_vsp": [55.54597112066877, 129.13447055774577, 358.5374651658168]}, "datetime": {"datetime": "2025-08-21 16:44:55", "elapsed": 28812.445283651352, "delta": 31.686075448989868}, "costs": {"total_cost": 2579.809556434265, "time_cost": 150, "final_distance_cost": 553.6157993139328, "oscillation_cost": 103.67225386788796, "completition_cost": 888.8888888888888, "overshoot_cost": 849.6345778190673, "power_cost": 18.50245048828125, "noise_cost": 15.495586056206935, "n_waypoints_completed": 1, "tot_waypoints": 9}}
