{"target": -211.29426713083524, "params": {"k_pid_pos": [0.7, 0.01, 0.09], "k_pid_alt": [0.7, 0.0, 0.1], "k_pid_att": [20.0, 1.0, 0.01], "k_pid_yaw": [0.5, 1e-06, 0.1], "k_pid_hsp": [1.0, 0.01, 0.01], "k_pid_vsp": [150.0, 10.0, 1.0]}, "datetime": {"datetime": "2025-08-21 08:45:03", "elapsed": 20.186532020568848, "delta": 20.186532020568848}, "costs": {"total_cost": 211.29426713083524, "time_cost": 80.232, "final_distance_cost": 1.8482573778757967, "oscillation_cost": 56.56265965910366, "completition_cost": 0.0, "overshoot_cost": 50.83326983444739, "power_cost": 10.378909765625, "noise_cost": 11.439170493783429, "n_waypoints_completed": 9, "tot_waypoints": 9}}
{"target": -1087.9101583975348, "params": {"k_pid_pos": [0.9592078511211617, 0.30947606938052086, 0.022010012653043254], "k_pid_alt": [0.011903017108408687, 0.6543344691895749, 0.0037200501776830652], "k_pid_att": [36.775820816653024, 4.4545654502190715, 0.2607068752846412], "k_pid_yaw": [0.5, 1e-06, 0.1], "k_pid_hsp": [9.023965393735624, 0.14135625151309694, 0.7623107354766075], "k_pid_vsp": [240.24551479244187, 79.63106242365723, 288.41790454790697]}, "datetime": {"datetime": "2025-08-21 08:45:34", "elapsed": 50.99840760231018, "delta": 30.811875581741333}, "costs": {"total_cost": 1087.9101583975348, "time_cost": 150, "final_distance_cost": 64.16586736160808, "oscillation_cost": 326.51220932679297, "completition_cost": 444.4444444444444, "overshoot_cost": 62.579373140914235, "power_cost": 22.118663671875, "noise_cost": 18.089600451900093, "n_waypoints_completed": 5, "tot_waypoints": 9}}
{"target": -710.5979688196262, "params": {"k_pid_pos": [1.5604797474545922, 0.984566233820094, 0.5821027498787066], "k_pid_alt": [0.6751636723661119, 0.48378005308488914, 0.6677709202752172], "k_pid_att": [20.543719891315504, 3.391806958812471, 0.7884141498248943], "k_pid_yaw": [0.5, 1e-06, 0.1], "k_pid_hsp": [3.775798369584109, 0.9146278013571025, 0.4673302940299957], "k_pid_vsp": [153.32972956363764, 22.071089115246306, 2.555761570490294]}, "datetime": {"datetime": "2025-08-21 08:46:03", "elapsed": 79.84080600738525, "delta": 28.842398405075073}, "costs": {"total_cost": 710.5979688196262, "time_cost": 150, "final_distance_cost": 64.9392076899089, "oscillation_cost": 185.58254852566398, "completition_cost": 222.2222222222222, "overshoot_cost": 49.19957713814287, "power_cost": 20.98867723388672, "noise_cost": 17.665736009801567, "n_waypoints_completed": 7, "tot_waypoints": 9}}
{"target": -1255.1976386195988, "params": {"k_pid_pos": [0.4032424062673845, 0.18759307943056203, 0.7654065183290074], "k_pid_alt": [1.5872146631027435, 0.35955036306423527, 0.973788611998483], "k_pid_att": [90.01164694488348, 9.574433210317242, 0.5204878233030136], "k_pid_yaw": [0.5, 1e-06, 0.1], "k_pid_hsp": [4.779126015922827, 0.2573115766957942, 0.15265207928737645], "k_pid_vsp": [145.05725475242502, 124.85338162400657, 280.0788153732858]}, "datetime": {"datetime": "2025-08-21 08:46:34", "elapsed": 110.45592999458313, "delta": 30.615123987197876}, "costs": {"total_cost": 1255.1976386195988, "time_cost": 150, "final_distance_cost": 70.30980571101867, "oscillation_cost": 372.06647989667573, "completition_cost": 555.5555555555555, "overshoot_cost": 69.77753202313971, "power_cost": 20.855895458984374, "noise_cost": 16.63236997422487, "n_waypoints_completed": 4, "tot_waypoints": 9}}
{"target": -891.6445906275493, "params": {"k_pid_pos": [1.4605149757688303, 0.7294596673301119, 0.8771503504668291], "k_pid_alt": [1.4737729341720838, 0.6305705675479127, 0.41286251826327847], "k_pid_att": [3.1265456269482295, 8.884603318422243, 0.9130604873677909], "k_pid_yaw": [0.5, 1e-06, 0.1], "k_pid_hsp": [5.508382529381884, 0.30204390614054555, 0.24048139766618537], "k_pid_vsp": [146.54460219265934, 1.218750502245786, 7.760563170763582]}, "datetime": {"datetime": "2025-08-21 08:47:03", "elapsed": 139.74049472808838, "delta": 29.28456473350525}, "costs": {"total_cost": 891.6445906275493, "time_cost": 150, "final_distance_cost": 52.79144515680356, "oscillation_cost": 264.61148309697336, "completition_cost": 333.33333333333337, "overshoot_cost": 54.55342067138716, "power_cost": 19.773344860839845, "noise_cost": 16.581563508212103, "n_waypoints_completed": 6, "tot_waypoints": 9}}
{"target": -744.5639414678354, "params": {"k_pid_pos": [0.6578046739103885, 0.9972880350108371, 0.19548630984871052], "k_pid_alt": [1.0858664087346468, 0.8796145899961921, 0.9600643217473245], "k_pid_att": [27.73094083020302, 9.92311242642357, 0.8494407179594156], "k_pid_yaw": [0.5, 1e-06, 0.1], "k_pid_hsp": [1.6730197956844182, 0.5279587253149591, 0.12986227987489352], "k_pid_vsp": [168.83100360183448, 8.412400971292616, 2.055301782272067]}, "datetime": {"datetime": "2025-08-21 08:47:32", "elapsed": 169.07431292533875, "delta": 29.333818197250366}, "costs": {"total_cost": 744.5639414678354, "time_cost": 150, "final_distance_cost": 82.89219959702632, "oscillation_cost": 78.29753239934644, "completition_cost": 333.33333333333337, "overshoot_cost": 69.46876058837539, "power_cost": 15.478629553222657, "noise_cost": 15.09348599653132, "n_waypoints_completed": 6, "tot_waypoints": 9}}
{"target": -1129.7539192204727, "params": {"k_pid_pos": [0.0024711326762461624, 0.8460337231415925, 0.5015603699778469], "k_pid_alt": [0.6389194638299103, 0.031013422832864346, 0.8323705765223487], "k_pid_att": [0.7895624252395872, 0.889332192795686, 0.6297069712786869], "k_pid_yaw": [0.5, 1e-06, 0.1], "k_pid_hsp": [2.3387682886660937, 0.549619052336076, 0.37803974570897525], "k_pid_vsp": [158.43004966726934, 19.78533013965694, 0.5189169993801707]}, "datetime": {"datetime": "2025-08-21 08:48:02", "elapsed": 199.43946170806885, "delta": 30.365148782730103}, "costs": {"total_cost": 1129.7539192204727, "time_cost": 150, "final_distance_cost": 104.42137929195654, "oscillation_cost": 96.50712230455198, "completition_cost": 666.6666666666667, "overshoot_cost": 86.20244400008126, "power_cost": 13.222223388671877, "noise_cost": 12.73408356854438, "n_waypoints_completed": 3, "tot_waypoints": 9}}
{"target": -1190.8389597499356, "params": {"k_pid_pos": [1.723943521599625, 0.17060314631215256, 0.1764460667022011], "k_pid_alt": [0.23417451303565984, 0.6567492230349595, 0.10277196684334844], "k_pid_att": [32.39841023075832, 7.31185165170323, 0.15495455170711792], "k_pid_yaw": [0.5, 1e-06, 0.1], "k_pid_hsp": [0.07935495617743923, 0.23504525202235327, 0.015453685110517368], "k_pid_vsp": [173.35726546284715, 4.248577585942816, 15.183443755528549]}, "datetime": {"datetime": "2025-08-21 08:48:28", "elapsed": 225.0203981399536, "delta": 25.580936431884766}, "costs": {"total_cost": 1190.8389597499356, "time_cost": 150, "final_distance_cost": 91.01675946864187, "oscillation_cost": 93.0586112394588, "completition_cost": 777.7777777777778, "overshoot_cost": 42.612598332676825, "power_cost": 20.682082775878907, "noise_cost": 15.691130155501545, "n_waypoints_completed": 2, "tot_waypoints": 9}}
{"target": -422.8775016354035, "params": {"k_pid_pos": [1.0271931596324522, 0.44064794947279406, 0.4155020287584349], "k_pid_alt": [1.0215339999997057, 0.4665221110214901, 0.3767439121912425], "k_pid_att": [21.267802830466266, 0.36703070033771185, 0.4202255955374571], "k_pid_yaw": [0.5, 1e-06, 0.1], "k_pid_hsp": [1.698149208299998, 0.38745761858663696, 0.00959293256792515], "k_pid_vsp": [141.2540561987397, 10.945955930594515, 14.048405762041904]}, "datetime": {"datetime": "2025-08-21 08:48:59", "elapsed": 255.88781762123108, "delta": 30.867419481277466}, "costs": {"total_cost": 422.8775016354035, "time_cost": 150, "final_distance_cost": 15.949684938140372, "oscillation_cost": 45.60103123663589, "completition_cost": 111.11111111111116, "overshoot_cost": 57.54262895249436, "power_cost": 24.810872497558595, "noise_cost": 17.8621728994632, "n_waypoints_completed": 8, "tot_waypoints": 9}}
{"target": -354.3297094963749, "params": {"k_pid_pos": [0.9691284077195951, 0.4583602942637002, 0.02657867423918414], "k_pid_alt": [1.2970054622160725, 0.0351329545797906, 0.2901648972742473], "k_pid_att": [31.075497913667515, 1.7763139036907807, 0.17238332924365263], "k_pid_yaw": [0.5, 1e-06, 0.1], "k_pid_hsp": [3.387858331895223, 0.26786514122013494, 0.9205431167845444], "k_pid_vsp": [146.63171221473416, 19.134292693581948, 6.654867243805972]}, "datetime": {"datetime": "2025-08-21 08:49:23", "elapsed": 280.31846928596497, "delta": 24.430651664733887}, "costs": {"total_cost": 354.3297094963749, "time_cost": 94.72800000000001, "final_distance_cost": 1.7847732722491148, "oscillation_cost": 165.3534252399209, "completition_cost": 0.0, "overshoot_cost": 62.30662638154942, "power_cost": 15.716109790039063, "noise_cost": 14.440774812616313, "n_waypoints_completed": 9, "tot_waypoints": 9}}
{"target": -1281.6328789563383, "params": {"k_pid_pos": [0.4752388800437185, 0.5956462978709229, 0.6194455091839004], "k_pid_alt": [0.1557400000296827, 0.21674252955017803, 0.9227429277895055], "k_pid_att": [37.22958184866758, 2.86707256782355, 0.6294715205614309], "k_pid_yaw": [0.5, 1e-06, 0.1], "k_pid_hsp": [4.777097888887043, 0.41592347861027723, 0.9601461496886834], "k_pid_vsp": [138.4481548193062, 15.076431174082952, 19.64585058629465]}, "datetime": {"datetime": "2025-08-21 08:49:52", "elapsed": 308.78445172309875, "delta": 28.46598243713379}, "costs": {"total_cost": 1281.6328789563383, "time_cost": 150, "final_distance_cost": 60.231614788701364, "oscillation_cost": 330.9873373023251, "completition_cost": 666.6666666666667, "overshoot_cost": 42.38783366291994, "power_cost": 17.424840661621094, "noise_cost": 13.934585874103956, "n_waypoints_completed": 3, "tot_waypoints": 9}}
{"target": -904.5680339416401, "params": {"k_pid_pos": [1.7424757134132187, 0.42529341255345554, 0.38053673839806457], "k_pid_alt": [0.617223521220378, 0.058413172348841136, 0.4717329474404507], "k_pid_att": [30.07234070279233, 7.292764297488666, 0.2943597043838625], "k_pid_yaw": [0.5, 1e-06, 0.1], "k_pid_hsp": [9.474428041991274, 0.8029637316700132, 0.6488915315336653], "k_pid_vsp": [167.47271908931728, 12.975065582509112, 3.9515489905699646]}, "datetime": {"datetime": "2025-08-21 08:50:17", "elapsed": 333.83367443084717, "delta": 25.049222707748413}, "costs": {"total_cost": 904.5680339416401, "time_cost": 150, "final_distance_cost": 71.38174205527781, "oscillation_cost": 276.4845476048865, "completition_cost": 333.33333333333337, "overshoot_cost": 41.7190618251522, "power_cost": 16.93883740234375, "noise_cost": 14.71051172064654, "n_waypoints_completed": 6, "tot_waypoints": 9}}
{"target": -1013.5183437927064, "params": {"k_pid_pos": [1.8400505979577526, 0.5567856898582751, 0.4901521701548319], "k_pid_alt": [0.9478956415658082, 0.5911580094631637, 0.49308084525713924], "k_pid_att": [90.0233097786383, 8.612636589400955, 0.9964846763814961], "k_pid_yaw": [0.5, 1e-06, 0.1], "k_pid_hsp": [4.464579464363195, 0.10893618085794077, 0.4220459942995859], "k_pid_vsp": [291.03290651902046, 290.5149559718154, 367.77321856370935]}, "datetime": {"datetime": "2025-08-21 08:50:45", "elapsed": 362.01255321502686, "delta": 28.178878784179688}, "costs": {"total_cost": 1013.5183437927064, "time_cost": 150, "final_distance_cost": 50.28139177517875, "oscillation_cost": 276.2779389080743, "completition_cost": 444.4444444444444, "overshoot_cost": 54.200918905702856, "power_cost": 21.963039318847656, "noise_cost": 16.350610440458404, "n_waypoints_completed": 5, "tot_waypoints": 9}}
{"target": -962.7617048456693, "params": {"k_pid_pos": [0.1853567600110307, 0.7916466959563734, 0.01904900129859599], "k_pid_alt": [1.797433506847196, 0.3164822062291561, 0.8829954157102703], "k_pid_att": [7.533123878688941, 7.518301109055417, 0.6833437284789708], "k_pid_yaw": [0.5, 1e-06, 0.1], "k_pid_hsp": [2.2711364753304504, 0.6281738765545961, 0.4235097339517514], "k_pid_vsp": [294.49180106225833, 351.02931719757595, 97.54055734495267]}, "datetime": {"datetime": "2025-08-21 08:51:12", "elapsed": 388.53654313087463, "delta": 26.52398991584778}, "costs": {"total_cost": 962.7617048456693, "time_cost": 150, "final_distance_cost": 39.320657837578615, "oscillation_cost": 124.5956058883204, "completition_cost": 555.5555555555555, "overshoot_cost": 55.3528943780968, "power_cost": 22.321841027832033, "noise_cost": 15.615150158285774, "n_waypoints_completed": 4, "tot_waypoints": 9}}
{"target": -245.06483296550311, "params": {"k_pid_pos": [0.9187694895270274, 0.12506086580863252, 0.25465833760796097], "k_pid_alt": [0.25651609830927735, 0.18014521546991014, 0.5999944396284104], "k_pid_att": [3.7365213403351527, 2.051564100539974, 0.33716349957288916], "k_pid_yaw": [0.5, 1e-06, 0.1], "k_pid_hsp": [8.241696567112411, 0.405875459838398, 0.07947547794480125], "k_pid_vsp": [261.62800795162934, 271.94065802648515, 39.42295921510891]}, "datetime": {"datetime": "2025-08-21 08:51:35", "elapsed": 412.1876029968262, "delta": 23.651059865951538}, "costs": {"total_cost": 245.06483296550311, "time_cost": 88.032, "final_distance_cost": 1.7314661970902596, "oscillation_cost": 82.42548630701977, "completition_cost": 0.0, "overshoot_cost": 53.51870100743242, "power_cost": 10.327616296386719, "noise_cost": 9.029563157573953, "n_waypoints_completed": 9, "tot_waypoints": 9}}
{"target": -979.2489347882356, "params": {"k_pid_pos": [0.6197266692744366, 0.02193440914944067, 0.44563442782357787], "k_pid_alt": [0.05842350304153898, 0.34271899273842077, 0.9911851979851526], "k_pid_att": [1.2706548423407016, 0.5129212895357296, 0.49207202535592776], "k_pid_yaw": [0.5, 1e-06, 0.1], "k_pid_hsp": [1.5469984801982237, 0.983358410323474, 0.3082034604425795], "k_pid_vsp": [100.45102739656926, 349.6188876510427, 165.64232407944826]}, "datetime": {"datetime": "2025-08-21 08:52:04", "elapsed": 441.2975015640259, "delta": 29.109898567199707}, "costs": {"total_cost": 979.2489347882356, "time_cost": 150, "final_distance_cost": 52.5909794773974, "oscillation_cost": 118.5350751072597, "completition_cost": 555.5555555555555, "overshoot_cost": 58.95962716199623, "power_cost": 23.67099617919922, "noise_cost": 19.93670130682745, "n_waypoints_completed": 4, "tot_waypoints": 9}}
{"target": -1124.8951828572474, "params": {"k_pid_pos": [0.8701325164051292, 0.811431853254621, 0.21660606242292724], "k_pid_alt": [1.2910475119271547, 0.5582427816465426, 0.6079980304256681], "k_pid_att": [44.52820208261754, 3.6284501688365878, 0.7166470052988253], "k_pid_yaw": [0.5, 1e-06, 0.1], "k_pid_hsp": [3.7740445451021083, 0.7109937819401078, 0.9795185652707281], "k_pid_vsp": [50.80153488691788, 121.31651321518737, 101.71794157212592]}, "datetime": {"datetime": "2025-08-21 08:52:31", "elapsed": 468.13601899147034, "delta": 26.838517427444458}, "costs": {"total_cost": 1124.8951828572474, "time_cost": 150, "final_distance_cost": 51.14657631971579, "oscillation_cost": 150.33118111384948, "completition_cost": 666.6666666666667, "overshoot_cost": 70.7500267883541, "power_cost": 19.97928190917969, "noise_cost": 16.02145005948152, "n_waypoints_completed": 3, "tot_waypoints": 9}}
{"target": -891.290903813324, "params": {"k_pid_pos": [0.5683616532567024, 0.9852278021892706, 0.351257162819126], "k_pid_alt": [0.6196276523260813, 0.22644493487646455, 0.7528194021266114], "k_pid_att": [54.86128205657004, 5.617548416988487, 0.3594242343957035], "k_pid_yaw": [0.5, 1e-06, 0.1], "k_pid_hsp": [8.871129217022473, 0.433065711469207, 0.12748618870063755], "k_pid_vsp": [350.0214279941717, 243.20786920494928, 332.3066740225852]}, "datetime": {"datetime": "2025-08-21 08:53:03", "elapsed": 499.8259997367859, "delta": 31.68998074531555}, "costs": {"total_cost": 891.290903813324, "time_cost": 150, "final_distance_cost": 79.68304251966137, "oscillation_cost": 242.43789100421196, "completition_cost": 333.33333333333337, "overshoot_cost": 53.37782041631505, "power_cost": 18.187002160644532, "noise_cost": 14.271814379157743, "n_waypoints_completed": 6, "tot_waypoints": 9}}
{"target": -224.71628628738637, "params": {"k_pid_pos": [1.035140104481798, 0.06488995264910466, 0.2046855580791514], "k_pid_alt": [0.1585995993034237, 0.15589470204583197, 0.6773906456857439], "k_pid_att": [2.2215614856338237, 1.6632509323096467, 0.3047368831716218], "k_pid_yaw": [0.5, 1e-06, 0.1], "k_pid_hsp": [8.1223794950277, 0.3148541282072605, 0.0], "k_pid_vsp": [260.95356839562334, 279.11148650396285, 43.52011289611061]}, "datetime": {"datetime": "2025-08-21 08:53:25", "elapsed": 521.6265666484833, "delta": 21.800566911697388}, "costs": {"total_cost": 224.71628628738637, "time_cost": 83.34400000000001, "final_distance_cost": 1.7841656665337053, "oscillation_cost": 63.18751516124842, "completition_cost": 0.0, "overshoot_cost": 55.16475275913078, "power_cost": 11.81094619140625, "noise_cost": 9.424906509067185, "n_waypoints_completed": 9, "tot_waypoints": 9}}
{"target": -798.5994989186331, "params": {"k_pid_pos": [1.1062794001651748, 0.7220765695649407, 0.3409460686318747], "k_pid_alt": [0.9506795375222836, 0.12988659058173602, 0.5067909462884342], "k_pid_att": [1.709288298797984, 1.8390041058189617, 0.11491387454471058], "k_pid_yaw": [0.5, 1e-06, 0.1], "k_pid_hsp": [4.962964016937103, 0.9583624194350413, 0.809793910106421], "k_pid_vsp": [262.7735835578375, 282.90806014664815, 31.04632870370178]}, "datetime": {"datetime": "2025-08-21 08:53:52", "elapsed": 548.66894698143, "delta": 27.042380332946777}, "costs": {"total_cost": 798.5994989186331, "time_cost": 150, "final_distance_cost": 74.72532052221246, "oscillation_cost": 144.07968432451227, "completition_cost": 333.33333333333337, "overshoot_cost": 57.55651867272965, "power_cost": 22.64182166748047, "noise_cost": 16.262820398364838, "n_waypoints_completed": 6, "tot_waypoints": 9}}
{"target": -851.1194893006689, "params": {"k_pid_pos": [0.3182990536515518, 0.8167857762113242, 0.8997159068899039], "k_pid_alt": [1.6268453786925092, 0.3961983546776473, 0.7992574821908911], "k_pid_att": [16.27330148911068, 8.524731977072003, 0.3996659413088801], "k_pid_yaw": [0.5, 1e-06, 0.1], "k_pid_hsp": [4.394673664572268, 0.7321291282345699, 0.11344612687790956], "k_pid_vsp": [252.23685619399356, 268.6860991558547, 47.96954945090943]}, "datetime": {"datetime": "2025-08-21 08:54:18", "elapsed": 574.8081419467926, "delta": 26.13919496536255}, "costs": {"total_cost": 851.1194893006689, "time_cost": 150, "final_distance_cost": 68.21377731793724, "oscillation_cost": 224.97760809356788, "completition_cost": 333.33333333333337, "overshoot_cost": 41.81839597354194, "power_cost": 18.661704418945313, "noise_cost": 14.114670163343174, "n_waypoints_completed": 6, "tot_waypoints": 9}}
{"target": -1101.7171184275596, "params": {"k_pid_pos": [0.8243348061830557, 0.716508477391728, 0.2537260134158118], "k_pid_alt": [0.23859995940117806, 0.8073598870549945, 0.015163607179134453], "k_pid_att": [16.19853153761722, 8.171120838562883, 0.31841721782855914], "k_pid_yaw": [0.5, 1e-06, 0.1], "k_pid_hsp": [8.166762190438282, 0.19722318403505568, 0.6572298139856658], "k_pid_vsp": [154.5042714861464, 25.597478996254807, 12.303010631593525]}, "datetime": {"datetime": "2025-08-21 08:54:47", "elapsed": 603.7182528972626, "delta": 28.91011095046997}, "costs": {"total_cost": 1101.7171184275596, "time_cost": 150, "final_distance_cost": 46.762250901524375, "oscillation_cost": 270.2604527285877, "completition_cost": 555.5555555555555, "overshoot_cost": 50.79522650562726, "power_cost": 14.651695849609375, "noise_cost": 13.691936886655323, "n_waypoints_completed": 4, "tot_waypoints": 9}}
{"target": -9690.363880568708, "params": {"k_pid_pos": [0.7017003905300618, 0.6394559245719394, 0.5916666396596846], "k_pid_alt": [1.3692035415296953, 0.6089845186006196, 0.12020435279382469], "k_pid_att": [0.004525760311191451, 8.386144507463193, 0.681512231417418], "k_pid_yaw": [0.5, 1e-06, 0.1], "k_pid_hsp": [8.247020465313598, 0.48439234246007623, 0.4965797448701422], "k_pid_vsp": [257.898084143214, 263.302295477593, 38.22959136987325]}, "datetime": {"datetime": "2025-08-21 08:55:13", "elapsed": 629.5986685752869, "delta": 25.880415678024292}, "costs": {"total_cost": 9690.363880568708, "time_cost": 150, "final_distance_cost": 3069.087168816721, "oscillation_cost": 1902.3120794107356, "completition_cost": 1000.0, "overshoot_cost": 3432.4870844857714, "power_cost": 35.55753289794922, "noise_cost": 100.92001495753183, "n_waypoints_completed": 0, "tot_waypoints": 9}}
{"target": -869.3532369996236, "params": {"k_pid_pos": [1.9313053187954652, 0.7151721421387854, 0.37756324000002905], "k_pid_alt": [1.386992772855555, 0.15680418200587165, 0.07763875599618963], "k_pid_att": [10.603729491984314, 9.573761178960984, 0.4386840350657061], "k_pid_yaw": [0.5, 1e-06, 0.1], "k_pid_hsp": [3.946276140842529, 0.9168715917250613, 0.6047751430061767], "k_pid_vsp": [300.3097340325479, 344.5374100039046, 95.81404157379315]}, "datetime": {"datetime": "2025-08-21 08:55:42", "elapsed": 658.5000286102295, "delta": 28.901360034942627}, "costs": {"total_cost": 869.3532369996236, "time_cost": 150, "final_distance_cost": 73.71763555745709, "oscillation_cost": 224.79845500409223, "completition_cost": 333.33333333333337, "overshoot_cost": 44.79605598371614, "power_cost": 25.290659924316408, "noise_cost": 17.417097196708472, "n_waypoints_completed": 6, "tot_waypoints": 9}}
