{"target": -428.93134349321537, "params": {"k_pid_pos": [1.7822901222348777, 0.19564663796474357, 0.40571646938456896], "k_pid_alt": [0.47520399123874935, 0.10881912973108332, 0.11493105317267782], "k_pid_att": [40.89541328337819, 3.911507359967055, 0.6167867218730505], "k_pid_yaw": [0.5, 1e-06, 0.1], "k_pid_hsp": [9.695177168573279, 0.11842026788215232, 0.8985304742101214], "k_pid_vsp": [278.4436220494701, 299.5068342259335, 74.74020412242463]}, "datetime": {"datetime": "2025-08-21 22:04:28", "elapsed": 47984.52077579498, "delta": 40.970123529434204}, "costs": {"total_cost": 428.93134349321537, "time_cost": 99.648, "final_distance_cost": 1.7203738279829563, "oscillation_cost": 242.7174759236732, "completition_cost": 0.0, "overshoot_cost": 53.40848397702195, "power_cost": 17.556239599609377, "noise_cost": 13.880770164927881, "n_waypoints_completed": 9, "tot_waypoints": 9}}
{"target": -528.5655590328244, "params": {"k_pid_pos": [2.0, 0.0, 0.0], "k_pid_alt": [2.0, 1.0, 1.0], "k_pid_att": [16.051624230794282, 9.63844624822948, 1.0], "k_pid_yaw": [0.5, 1e-06, 0.1], "k_pid_hsp": [9.76841478251525, 1.0, 1.0], "k_pid_vsp": [227.0709952081736, 392.37681419568844, 187.94365750789424]}, "datetime": {"datetime": "2025-08-21 22:05:09", "elapsed": 48025.55856347084, "delta": 41.037787675857544}, "costs": {"total_cost": 528.5655590328244, "time_cost": 150, "final_distance_cost": 47.12127326227051, "oscillation_cost": 125.76978870826804, "completition_cost": 111.11111111111116, "overshoot_cost": 68.89633974471883, "power_cost": 14.265342749023437, "noise_cost": 11.401703457432385, "n_waypoints_completed": 8, "tot_waypoints": 9}}
{"target": -791.582059564934, "params": {"k_pid_pos": [1.7607293604738252, 0.585746443369345, 0.22459730260973787], "k_pid_alt": [0.9738237512142411, 0.3873878774091508, 0.23623473337135392], "k_pid_att": [59.269926836040796, 3.2147513341447205, 0.21267068384937504], "k_pid_yaw": [0.5, 1e-06, 0.1], "k_pid_hsp": [0.2264963112184199, 0.27352972380130947, 0.1739872415486835], "k_pid_vsp": [216.09339546782263, 50.29172072711363, 29.08685369342536]}, "datetime": {"datetime": "2025-08-21 22:05:48", "elapsed": 48064.81855010986, "delta": 39.25998663902283}, "costs": {"total_cost": 791.582059564934, "time_cost": 150, "final_distance_cost": 78.75459698277147, "oscillation_cost": 127.64847285656063, "completition_cost": 333.33333333333337, "overshoot_cost": 66.73918189060791, "power_cost": 19.688067919921878, "noise_cost": 15.418406581738669, "n_waypoints_completed": 6, "tot_waypoints": 9}}
{"target": -346.01963892883833, "params": {"k_pid_pos": [2.0, 0.0, 1.0], "k_pid_alt": [2.0, 0.0, 0.0], "k_pid_att": [82.30904264516592, 0.0001, 1.0], "k_pid_yaw": [0.5, 1e-06, 0.1], "k_pid_hsp": [6.710460764207581, 0.0, 1.0], "k_pid_vsp": [363.63693442056166, 379.7919607382304, 217.93346456605732]}, "datetime": {"datetime": "2025-08-21 22:06:23", "elapsed": 48099.709250450134, "delta": 34.890700340270996}, "costs": {"total_cost": 346.01963892883833, "time_cost": 73.096, "final_distance_cost": 1.7519327535584914, "oscillation_cost": 178.64439308420236, "completition_cost": 0.0, "overshoot_cost": 55.48585438933089, "power_cost": 19.780580322265624, "noise_cost": 17.26087837948096, "n_waypoints_completed": 9, "tot_waypoints": 9}}
{"target": -1032.350924128284, "params": {"k_pid_pos": [1.9559696391801848, 0.9595743404889684, 0.2139627317644851], "k_pid_alt": [1.7362930769166907, 0.15017446873351759, 0.5314598213199655], "k_pid_att": [26.90885162208396, 0.5815951589320337, 0.20435581784348789], "k_pid_yaw": [0.5, 1e-06, 0.1], "k_pid_hsp": [6.351009542565762, 0.25342123279256834, 0.02321867182389592], "k_pid_vsp": [17.233911376911504, 207.1685367682599, 44.42303550452922]}, "datetime": {"datetime": "2025-08-21 22:07:07", "elapsed": 48144.182549238205, "delta": 44.47329878807068}, "costs": {"total_cost": 1032.350924128284, "time_cost": 150, "final_distance_cost": 50.97986645961989, "oscillation_cost": 81.08873682601694, "completition_cost": 666.6666666666667, "overshoot_cost": 45.71271758155055, "power_cost": 21.895262658691408, "noise_cost": 16.00767393573836, "n_waypoints_completed": 3, "tot_waypoints": 9}}
{"target": -426.5496337555978, "params": {"k_pid_pos": [2.0, 0.0, 1.0], "k_pid_alt": [2.0, 0.0, 1.0], "k_pid_att": [35.527895303333835, 2.718055505130534, 0.0], "k_pid_yaw": [0.5, 1e-06, 0.1], "k_pid_hsp": [4.613716995867766, 0.0, 1.0], "k_pid_vsp": [231.4128587138373, 320.5878042365182, 15.730101549568472]}, "datetime": {"datetime": "2025-08-21 22:07:58", "elapsed": 48194.65483689308, "delta": 50.47228765487671}, "costs": {"total_cost": 426.5496337555978, "time_cost": 88.352, "final_distance_cost": 1.765767204438865, "oscillation_cost": 248.761128844866, "completition_cost": 0.0, "overshoot_cost": 55.089755746360495, "power_cost": 17.946186596679688, "noise_cost": 14.634795363252795, "n_waypoints_completed": 9, "tot_waypoints": 9}}
{"target": -682.6921134862049, "params": {"k_pid_pos": [1.5173270055328951, 0.7504133402792931, 0.8305794231280503], "k_pid_alt": [1.5368120475540756, 0.18719500591680627, 0.6220880701081071], "k_pid_att": [69.73455879996094, 6.4530141814821835, 0.938737191784454], "k_pid_yaw": [0.5, 1e-06, 0.1], "k_pid_hsp": [9.093160820377046, 0.20194174486677585, 0.8912806815749874], "k_pid_vsp": [256.37344408730934, 231.26016334639658, 161.2030424027682]}, "datetime": {"datetime": "2025-08-21 22:08:36", "elapsed": 48233.38605642319, "delta": 38.73121953010559}, "costs": {"total_cost": 682.6921134862049, "time_cost": 150, "final_distance_cost": 64.61946661341432, "oscillation_cost": 274.64734494556103, "completition_cost": 111.11111111111116, "overshoot_cost": 49.80795573299496, "power_cost": 18.246257531738284, "noise_cost": 14.259977551385214, "n_waypoints_completed": 8, "tot_waypoints": 9}}
{"target": -1240.6285455246498, "params": {"k_pid_pos": [1.9182000525485257, 0.007684744321497953, 0.8633055724657063], "k_pid_alt": [0.6883075186561532, 0.9830271672784534, 0.004098314430103683], "k_pid_att": [52.86994730627214, 8.850079175344657, 0.0057029790278166825], "k_pid_yaw": [0.5, 1e-06, 0.1], "k_pid_hsp": [0.00010944676177373873, 0.005906677401236994, 0.012564198756546354], "k_pid_vsp": [191.05146445730978, 301.91527708825544, 94.56708274417619]}, "datetime": {"datetime": "2025-08-21 22:09:21", "elapsed": 48277.476947784424, "delta": 44.09089136123657}, "costs": {"total_cost": 1240.6285455246498, "time_cost": 150, "final_distance_cost": 64.28154887472714, "oscillation_cost": 67.93494383245118, "completition_cost": 888.8888888888888, "overshoot_cost": 44.21761658619955, "power_cost": 14.065582629394532, "noise_cost": 11.239964712988469, "n_waypoints_completed": 1, "tot_waypoints": 9}}
{"target": -421.5675541051318, "params": {"k_pid_pos": [2.0, 0.0, 0.351595705834335], "k_pid_alt": [2.0, 0.1380229801876024, 1.0], "k_pid_att": [54.04498343295211, 7.16461360952336, 0.0], "k_pid_yaw": [0.5, 1e-06, 0.1], "k_pid_hsp": [9.00084695650015, 0.9759883780708729, 0.5737373232838442], "k_pid_vsp": [357.71603254133163, 215.2397900176818, 33.33697729612697]}, "datetime": {"datetime": "2025-08-21 22:10:01", "elapsed": 48317.57870936394, "delta": 40.10176157951355}, "costs": {"total_cost": 421.5675541051318, "time_cost": 87.08, "final_distance_cost": 1.7553787034798858, "oscillation_cost": 247.36135107944736, "completition_cost": 0.0, "overshoot_cost": 51.387837879157814, "power_cost": 19.267439709472658, "noise_cost": 14.715546733574074, "n_waypoints_completed": 9, "tot_waypoints": 9}}
{"target": -870.5097576687045, "params": {"k_pid_pos": [1.5331728384410208, 0.7085939759558626, 0.8624069805922773], "k_pid_alt": [0.6512091852398649, 0.3187546235284353, 0.7796741012243241], "k_pid_att": [22.891017636954647, 3.626937768180171, 0.9530861356790263], "k_pid_yaw": [0.5, 1e-06, 0.1], "k_pid_hsp": [2.3133630777554597, 0.0956806409845663, 0.9550038437132337], "k_pid_vsp": [332.46694318705784, 325.37205075935333, 23.22326405250242]}, "datetime": {"datetime": "2025-08-21 22:10:36", "elapsed": 48353.04703998566, "delta": 35.46833062171936}, "costs": {"total_cost": 870.5097576687045, "time_cost": 150, "final_distance_cost": 65.52826163566488, "oscillation_cost": 239.64467652568464, "completition_cost": 333.33333333333337, "overshoot_cost": 48.05638599599287, "power_cost": 19.14199305419922, "noise_cost": 14.80510712382956, "n_waypoints_completed": 6, "tot_waypoints": 9}}
{"target": -832.0120630117839, "params": {"k_pid_pos": [1.272420136602206, 0.6819812547274664, 0.3506954924641142], "k_pid_alt": [1.2591782927510968, 0.9640969545574318, 0.44009099916130523], "k_pid_att": [23.422867868156224, 0.8053652628061002, 0.021420469499477308], "k_pid_yaw": [0.5, 1e-06, 0.1], "k_pid_hsp": [4.878606818181879, 0.10724756001572334, 0.8123746104106543], "k_pid_vsp": [304.8071586843769, 115.34871747897223, 15.313087919145127]}, "datetime": {"datetime": "2025-08-21 22:11:22", "elapsed": 48399.38784313202, "delta": 46.340803146362305}, "costs": {"total_cost": 832.0120630117839, "time_cost": 150, "final_distance_cost": 67.71641108380715, "oscillation_cost": 185.38318100706846, "completition_cost": 333.33333333333337, "overshoot_cost": 53.740464627159284, "power_cost": 23.658031640625, "noise_cost": 18.180641319790563, "n_waypoints_completed": 6, "tot_waypoints": 9}}
{"target": -870.1516866364422, "params": {"k_pid_pos": [0.9828149073519222, 0.05376573644601501, 0.9285145828510971], "k_pid_alt": [0.6497816607286613, 0.8915946260403579, 0.4455121151097474], "k_pid_att": [74.95257719456853, 7.846910286301713, 0.34202712868039264], "k_pid_yaw": [0.5, 1e-06, 0.1], "k_pid_hsp": [9.262573281193266, 0.6376504220801498, 0.9480909304523276], "k_pid_vsp": [372.37908038301487, 347.4594707934392, 69.98967783153446]}, "datetime": {"datetime": "2025-08-21 22:11:59", "elapsed": 48436.20027279854, "delta": 36.812429666519165}, "costs": {"total_cost": 870.1516866364422, "time_cost": 150, "final_distance_cost": 68.52116073253242, "oscillation_cost": 345.5435272763439, "completition_cost": 222.2222222222222, "overshoot_cost": 50.8016214721257, "power_cost": 17.64540965576172, "noise_cost": 15.417745277456211, "n_waypoints_completed": 7, "tot_waypoints": 9}}
{"target": -817.7018197514375, "params": {"k_pid_pos": [1.9841567420541675, 0.7100238941151371, 0.2684002468005796], "k_pid_alt": [1.0454364710355717, 0.9496876972408346, 0.2335665209396599], "k_pid_att": [86.40442213047737, 5.094274926043244, 0.4767474072146515], "k_pid_yaw": [0.5, 1e-06, 0.1], "k_pid_hsp": [6.18305744897575, 0.6277634422907662, 0.3411757099538024], "k_pid_vsp": [48.63634678836712, 365.1301075775322, 5.233481878180617]}, "datetime": {"datetime": "2025-08-21 22:12:43", "elapsed": 48479.955828905106, "delta": 43.75555610656738}, "costs": {"total_cost": 817.7018197514375, "time_cost": 150, "final_distance_cost": 82.41567341383492, "oscillation_cost": 163.31106471239366, "completition_cost": 333.33333333333337, "overshoot_cost": 57.03504289117267, "power_cost": 16.816073950195314, "noise_cost": 14.790631450507439, "n_waypoints_completed": 6, "tot_waypoints": 9}}
{"target": -1226.0224849274564, "params": {"k_pid_pos": [0.003407530703148163, 0.8755508654217417, 0.3631886897340768], "k_pid_alt": [0.8568621549085711, 0.48469559772029824, 0.9782422424866918], "k_pid_att": [67.76436523522825, 5.456091931644239, 0.9118200266672366], "k_pid_yaw": [0.5, 1e-06, 0.1], "k_pid_hsp": [6.648784729719482, 0.6589979192518942, 0.22493008535865877], "k_pid_vsp": [64.61012357294295, 151.54726004905763, 28.465782349355447]}, "datetime": {"datetime": "2025-08-21 22:13:25", "elapsed": 48521.94453930855, "delta": 41.98871040344238}, "costs": {"total_cost": 1226.0224849274564, "time_cost": 150, "final_distance_cost": 92.68949982959285, "oscillation_cost": 124.34684379518409, "completition_cost": 777.7777777777778, "overshoot_cost": 36.96315201208521, "power_cost": 25.884594238281252, "noise_cost": 18.36061727453512, "n_waypoints_completed": 2, "tot_waypoints": 9}}
{"target": -374.3634992729932, "params": {"k_pid_pos": [1.7422497511833142, 0.5919301625555, 0.3277920600807515], "k_pid_alt": [1.3106946410512876, 0.8348305535230632, 0.4161826272837226], "k_pid_att": [62.254527244320876, 0.0001, 0.320436537332132], "k_pid_yaw": [0.5, 1e-06, 0.1], "k_pid_hsp": [4.309030375711011, 0.0, 0.07027860443336482], "k_pid_vsp": [190.69321337178053, 46.942491976926824, 40.39473773329759]}, "datetime": {"datetime": "2025-08-21 22:14:02", "elapsed": 48558.83809542656, "delta": 36.893556118011475}, "costs": {"total_cost": 374.3634992729932, "time_cost": 95.336, "final_distance_cost": 1.7586456282413474, "oscillation_cost": 179.4945760748695, "completition_cost": 0.0, "overshoot_cost": 59.40103969075631, "power_cost": 22.120306066894532, "noise_cost": 16.25293181223143, "n_waypoints_completed": 9, "tot_waypoints": 9}}
{"target": -695.9363015673767, "params": {"k_pid_pos": [2.0, 0.0, 1.0], "k_pid_alt": [2.0, 1.0, 1.0], "k_pid_att": [53.3439101448708, 6.106357288060619, 0.0], "k_pid_yaw": [0.5, 1e-06, 0.1], "k_pid_hsp": [4.602789985648541, 1.0, 1.0], "k_pid_vsp": [366.147304117216, 215.1892444843603, 33.11364440812829]}, "datetime": {"datetime": "2025-08-21 22:14:50", "elapsed": 48607.41016745567, "delta": 48.57207202911377}, "costs": {"total_cost": 695.9363015673767, "time_cost": 150, "final_distance_cost": 44.58160599577124, "oscillation_cost": 301.0759320669909, "completition_cost": 111.11111111111116, "overshoot_cost": 52.907174863425965, "power_cost": 20.895916845703127, "noise_cost": 15.364560684374325, "n_waypoints_completed": 8, "tot_waypoints": 9}}
{"target": -268.1456957850533, "params": {"k_pid_pos": [2.0, 1.0, 1.0], "k_pid_alt": [2.0, 0.0, 1.0], "k_pid_att": [58.50688277097022, 1.6542779201970255, 0.0], "k_pid_yaw": [0.5, 1e-06, 0.1], "k_pid_hsp": [3.9060475510804324, 1.0, 0.0], "k_pid_vsp": [206.6330267506551, 234.87796883463267, 124.52551160001097]}, "datetime": {"datetime": "2025-08-21 22:15:27", "elapsed": 48644.28590655327, "delta": 36.875739097595215}, "costs": {"total_cost": 268.1456957850533, "time_cost": 75.432, "final_distance_cost": 1.7375340809452215, "oscillation_cost": 108.08032028959353, "completition_cost": 0.0, "overshoot_cost": 51.311858966292895, "power_cost": 17.725460754394533, "noise_cost": 13.858521693827132, "n_waypoints_completed": 9, "tot_waypoints": 9}}
{"target": -278.37074713543524, "params": {"k_pid_pos": [1.250672375186751, 1.0, 1.0], "k_pid_alt": [2.0, 1.0, 1.0], "k_pid_att": [97.73296699868915, 1.5697190084591082, 0.0], "k_pid_yaw": [0.5, 1e-06, 0.1], "k_pid_hsp": [5.893765222152349, 0.0, 0.0], "k_pid_vsp": [334.95489628859804, 294.7925990525157, 37.93420212596629]}, "datetime": {"datetime": "2025-08-21 22:16:07", "elapsed": 48683.983280181885, "delta": 39.69737362861633}, "costs": {"total_cost": 278.37074713543524, "time_cost": 77.176, "final_distance_cost": 1.7776287974909568, "oscillation_cost": 123.91737639755817, "completition_cost": 0.0, "overshoot_cost": 51.13353889441581, "power_cost": 13.283015832519531, "noise_cost": 11.083187213450797, "n_waypoints_completed": 9, "tot_waypoints": 9}}
{"target": -803.2364571297685, "params": {"k_pid_pos": [2.0, 0.736023439862604, 0.04286475525710094], "k_pid_alt": [2.0, 0.9944831828708522, 1.0], "k_pid_att": [100.0, 5.045381354156308, 1.0], "k_pid_yaw": [0.5, 1e-06, 0.1], "k_pid_hsp": [6.604020638056079, 1.0, 1.0], "k_pid_vsp": [341.7803705815646, 324.89158826994924, 96.1962224186151]}, "datetime": {"datetime": "2025-08-21 22:16:49", "elapsed": 48726.08722782135, "delta": 42.10394763946533}, "costs": {"total_cost": 803.2364571297685, "time_cost": 150, "final_distance_cost": 70.47396772152683, "oscillation_cost": 136.83999084826283, "completition_cost": 333.33333333333337, "overshoot_cost": 67.17925368129185, "power_cost": 25.846779296875003, "noise_cost": 19.563132248478766, "n_waypoints_completed": 6, "tot_waypoints": 9}}
{"target": -827.1136531933622, "params": {"k_pid_pos": [0.6018447430429129, 0.12234688546078898, 0.9067294505592045], "k_pid_alt": [0.5401787121155159, 0.9804006725836746, 0.9159724352846657], "k_pid_att": [42.223268243486686, 8.77574941801209, 0.4447351088474939], "k_pid_yaw": [0.5, 1e-06, 0.1], "k_pid_hsp": [7.9142663483414735, 0.7461812783597283, 0.1861613358613834], "k_pid_vsp": [176.92340800980907, 343.8028526055095, 66.8673627890435]}, "datetime": {"datetime": "2025-08-21 22:17:40", "elapsed": 48777.381284952164, "delta": 51.2940571308136}, "costs": {"total_cost": 827.1136531933622, "time_cost": 150, "final_distance_cost": 68.74053498565608, "oscillation_cost": 299.5608303789523, "completition_cost": 222.2222222222222, "overshoot_cost": 52.37966516743176, "power_cost": 19.442527001953128, "noise_cost": 14.76787343714667, "n_waypoints_completed": 7, "tot_waypoints": 9}}
{"target": -263.1875454509841, "params": {"k_pid_pos": [2.0, 0.0, 1.0], "k_pid_alt": [2.0, 0.0, 1.0], "k_pid_att": [94.03352399451424, 0.11115665806744648, 0.0], "k_pid_yaw": [0.5, 1e-06, 0.1], "k_pid_hsp": [5.999864152204012, 0.0, 0.0], "k_pid_vsp": [46.93389784442754, 366.8780596099924, 0.14365336196352654]}, "datetime": {"datetime": "2025-08-21 22:18:17", "elapsed": 48813.772183418274, "delta": 36.39089846611023}, "costs": {"total_cost": 263.1875454509841, "time_cost": 70.544, "final_distance_cost": 1.8501225318095078, "oscillation_cost": 117.40304682697128, "completition_cost": 0.0, "overshoot_cost": 50.197822556491644, "power_cost": 12.142301977539063, "noise_cost": 11.050251558172627, "n_waypoints_completed": 9, "tot_waypoints": 9}}
{"target": -367.6798072512559, "params": {"k_pid_pos": [1.7448430406563298, 0.2109971730210718, 0.32505178288411773], "k_pid_alt": [0.9435875789779933, 0.3556535785288004, 0.3016935068244042], "k_pid_att": [23.788189804267446, 3.1621810792152933, 0.7666946328549679], "k_pid_yaw": [0.5, 1e-06, 0.1], "k_pid_hsp": [4.390431552035215, 0.2147556032484521, 0.5864917444548465], "k_pid_vsp": [338.140069945256, 323.7668412711695, 10.488942377661035]}, "datetime": {"datetime": "2025-08-21 22:18:51", "elapsed": 48847.95931458473, "delta": 34.18713116645813}, "costs": {"total_cost": 367.6798072512559, "time_cost": 82.528, "final_distance_cost": 1.75360753489295, "oscillation_cost": 195.25142779840073, "completition_cost": 0.0, "overshoot_cost": 53.145269691587345, "power_cost": 19.967198608398437, "noise_cost": 15.034303617976372, "n_waypoints_completed": 9, "tot_waypoints": 9}}
{"target": -812.3276554047231, "params": {"k_pid_pos": [0.7620100274401982, 0.798021069396097, 0.6437605719536578], "k_pid_alt": [1.4235234245728645, 0.4919640826986623, 0.44398675187626857], "k_pid_att": [52.74846292966228, 3.249031263029258, 0.8856050856142548], "k_pid_yaw": [0.5, 1e-06, 0.1], "k_pid_hsp": [2.8331543540807043, 0.5449443700859009, 0.9897347900186999], "k_pid_vsp": [240.9370184341788, 350.89699206127375, 151.44545070853707]}, "datetime": {"datetime": "2025-08-21 22:19:35", "elapsed": 48891.77907252312, "delta": 43.81975793838501}, "costs": {"total_cost": 812.3276554047231, "time_cost": 150, "final_distance_cost": 73.60004377776607, "oscillation_cost": 174.67881219268799, "completition_cost": 333.33333333333337, "overshoot_cost": 48.51178522663517, "power_cost": 17.99155224609375, "noise_cost": 14.212128628206735, "n_waypoints_completed": 6, "tot_waypoints": 9}}
{"target": -1301.259520953827, "params": {"k_pid_pos": [0.056789420071285415, 0.054942813609647256, 0.5151150443363347], "k_pid_alt": [1.1463308424516583, 0.9575451513506493, 0.8826538956937998], "k_pid_att": [16.532015517237753, 8.975502305993725, 0.9763263438958352], "k_pid_yaw": [0.5, 1e-06, 0.1], "k_pid_hsp": [5.264638902329375, 0.827463038125877, 0.21079912344115104], "k_pid_vsp": [232.02137608820328, 390.0438990590395, 180.78526889135946]}, "datetime": {"datetime": "2025-08-21 22:20:15", "elapsed": 48932.346131801605, "delta": 40.56705927848816}, "costs": {"total_cost": 1301.259520953827, "time_cost": 150, "final_distance_cost": 79.3685772070246, "oscillation_cost": 205.8660172171969, "completition_cost": 777.7777777777778, "overshoot_cost": 59.128564932640685, "power_cost": 16.667741271972655, "noise_cost": 12.450842547214226, "n_waypoints_completed": 2, "tot_waypoints": 9}}
{"target": -1170.1277734755106, "params": {"k_pid_pos": [0.23492661027451794, 0.14242449414787084, 0.3572843747375618], "k_pid_alt": [1.6346143267220676, 0.18862058786934177, 0.5003290234727525], "k_pid_att": [67.86106522941434, 9.795703828213684, 0.6255259808948754], "k_pid_yaw": [0.5, 1e-06, 0.1], "k_pid_hsp": [7.138206171619691, 0.5646984458220561, 0.8033492389077537], "k_pid_vsp": [364.596059645246, 340.4481365326005, 76.14483552211428]}, "datetime": {"datetime": "2025-08-21 22:20:54", "elapsed": 48970.509303331375, "delta": 38.1631715297699}, "costs": {"total_cost": 1170.1277734755106, "time_cost": 150, "final_distance_cost": 44.05394561993074, "oscillation_cost": 342.02937442370524, "completition_cost": 555.5555555555555, "overshoot_cost": 43.306725229580714, "power_cost": 19.83722720947266, "noise_cost": 15.344945437265446, "n_waypoints_completed": 4, "tot_waypoints": 9}}
{"target": -390.0844529117519, "params": {"k_pid_pos": [1.308626811111792, 0.30734416509107915, 0.6251240259583212], "k_pid_alt": [0.6737431143014084, 0.3688166711258547, 0.8795952481888136], "k_pid_att": [6.605600294184924, 6.39575618906324, 0.2534619036201718], "k_pid_yaw": [0.5, 1e-06, 0.1], "k_pid_hsp": [8.835488007705646, 0.603583756939979, 0.44176598357213004], "k_pid_vsp": [270.82931699389957, 367.48039430144627, 23.544868057904754]}, "datetime": {"datetime": "2025-08-21 22:21:37", "elapsed": 49013.993450164795, "delta": 43.4841468334198}, "costs": {"total_cost": 390.0844529117519, "time_cost": 95.888, "final_distance_cost": 1.7713541937706074, "oscillation_cost": 204.15444380520105, "completition_cost": 0.0, "overshoot_cost": 54.46373263076307, "power_cost": 19.414362109375002, "noise_cost": 14.392560172642165, "n_waypoints_completed": 9, "tot_waypoints": 9}}
