{"target": -2041.6486198089326, "params": {"k_pid_pos": [0.1472982521188534, 0.644920090444022, 0.26930609771884495], "k_pid_alt": [1.772564396522365, 0.18501732063593934, 0.9784165186823542], "k_pid_att": [23.9181598809552, 7.040305824858284, 0.4999533970626918], "k_pid_yaw": [0.5, 1e-06, 0.1], "k_pid_hsp": [6.695052058480165, 0.6848798302456074, 0.9517930409166443], "k_pid_vsp": [63.12956336088904, 85.42697232368376, 392.5139168871688]}, "datetime": {"datetime": "2025-08-21 09:29:32", "elapsed": 2689.148992061615, "delta": 25.116558074951172}, "costs": {"total_cost": 2041.6486198089326, "time_cost": 150, "final_distance_cost": 158.37575481960926, "oscillation_cost": 198.981013228662, "completition_cost": 1000.0, "overshoot_cost": 502.01475471932156, "power_cost": 17.81880721435547, "noise_cost": 14.458289826984233, "n_waypoints_completed": 0, "tot_waypoints": 9}}
{"target": -1568.1109892432232, "params": {"k_pid_pos": [0.07077126635376557, 0.8164907870058119, 0.40564048198171243], "k_pid_alt": [1.3827396610554716, 0.09160993049315636, 0.5877281729034338], "k_pid_att": [28.008507916832805, 2.443473286539504, 0.3607956416775868], "k_pid_yaw": [0.5, 1e-06, 0.1], "k_pid_hsp": [4.007378507408897, 0.24625052666622393, 0.46624270058150097], "k_pid_vsp": [25.43672668175949, 204.1848761613047, 289.231144145566]}, "datetime": {"datetime": "2025-08-21 09:30:12", "elapsed": 2728.464144706726, "delta": 39.315152645111084}, "costs": {"total_cost": 1568.1109892432232, "time_cost": 150, "final_distance_cost": 17.071702238937338, "oscillation_cost": 192.1360486231346, "completition_cost": 1000.0, "overshoot_cost": 124.1129549061467, "power_cost": 24.477121887207034, "noise_cost": 60.313161587797694, "n_waypoints_completed": 0, "tot_waypoints": 9}}
{"target": -582.0453005989957, "params": {"k_pid_pos": [1.9914288243363134, 0.009932845333732399, 0.11411937966280361], "k_pid_alt": [0.7408794622497075, 0.9178992729470287, 0.49944000771430497], "k_pid_att": [82.84151307332502, 8.409160594298571, 0.9536846414063753], "k_pid_yaw": [0.5, 1e-06, 0.1], "k_pid_hsp": [5.549557704000395, 0.7731154145639277, 0.7640437220076021], "k_pid_vsp": [140.52746330135966, 166.27115554468756, 74.75684731380436]}, "datetime": {"datetime": "2025-08-21 09:30:42", "elapsed": 2758.8519439697266, "delta": 30.38779926300049}, "costs": {"total_cost": 582.0453005989957, "time_cost": 150, "final_distance_cost": 30.333402746936134, "oscillation_cost": 194.3536593292367, "completition_cost": 111.11111111111116, "overshoot_cost": 60.0751103074242, "power_cost": 20.73195758056641, "noise_cost": 15.440059523721219, "n_waypoints_completed": 8, "tot_waypoints": 9}}
{"target": -703.9023569570872, "params": {"k_pid_pos": [1.3422156110364956, 0.868303237789123, 0.4165048838590679], "k_pid_alt": [1.0226180361938686, 0.40601331926937645, 0.36008753750358413], "k_pid_att": [49.27183505703518, 7.194031829079306, 0.24167285904774083], "k_pid_yaw": [0.5, 1e-06, 0.1], "k_pid_hsp": [4.961408141745343, 0.5600159484809506, 0.9107450552614192], "k_pid_vsp": [251.757627308081, 372.3753639952041, 264.76769317981785]}, "datetime": {"datetime": "2025-08-21 09:31:15", "elapsed": 2791.5339317321777, "delta": 32.68198776245117}, "costs": {"total_cost": 703.9023569570872, "time_cost": 150, "final_distance_cost": 70.5907475388122, "oscillation_cost": 172.48674519696903, "completition_cost": 222.2222222222222, "overshoot_cost": 53.34507634189686, "power_cost": 20.264205871582032, "noise_cost": 14.993359785605017, "n_waypoints_completed": 7, "tot_waypoints": 9}}
{"target": -1575.6414385553082, "params": {"k_pid_pos": [0.2902542057984896, 0.07520552999334107, 0.8465164410665158], "k_pid_alt": [1.7024162030890053, 0.5850037031506765, 0.1675032614171449], "k_pid_att": [85.02342847588822, 9.527545008247419, 0.010689327413141214], "k_pid_yaw": [0.5, 1e-06, 0.1], "k_pid_hsp": [8.466335871207171, 0.5590883770327453, 0.5103924829782993], "k_pid_vsp": [285.31077893415755, 143.36947900972837, 301.34343467599444]}, "datetime": {"datetime": "2025-08-21 09:31:40", "elapsed": 2817.1489956378937, "delta": 25.615063905715942}, "costs": {"total_cost": 1575.6414385553082, "time_cost": 150, "final_distance_cost": 74.33615377375521, "oscillation_cost": 440.799575700224, "completition_cost": 777.7777777777778, "overshoot_cost": 76.95154114672862, "power_cost": 29.694355627441407, "noise_cost": 26.082034529381147, "n_waypoints_completed": 2, "tot_waypoints": 9}}
{"target": -1132.852797273998, "params": {"k_pid_pos": [0.19115619338960002, 0.4253875443632945, 0.3119550401342921], "k_pid_alt": [0.8210548157868756, 0.5443826813387251, 0.0650491005923477], "k_pid_att": [11.922988371816313, 1.0502068241741649, 0.936644451081082], "k_pid_yaw": [0.5, 1e-06, 0.1], "k_pid_hsp": [1.5906505393538164, 0.8058643907486825, 0.5452481933409445], "k_pid_vsp": [257.44380853866005, 374.290222441064, 252.57075907338884]}, "datetime": {"datetime": "2025-08-21 09:32:10", "elapsed": 2846.6700093746185, "delta": 29.521013736724854}, "costs": {"total_cost": 1132.852797273998, "time_cost": 150, "final_distance_cost": 53.48135920473713, "oscillation_cost": 174.6641822669172, "completition_cost": 666.6666666666667, "overshoot_cost": 52.96006790285381, "power_cost": 19.954137158203125, "noise_cost": 15.126384074619779, "n_waypoints_completed": 3, "tot_waypoints": 9}}
{"target": -1589.589583953542, "params": {"k_pid_pos": [1.0068611270187797, 0.3981956478581805, 0.31075002307173616], "k_pid_alt": [0.4510391741630575, 0.09726287543718326, 0.7424703494408217], "k_pid_att": [91.1068992216767, 0.8353906001031159, 0.4147002464088557], "k_pid_yaw": [0.5, 1e-06, 0.1], "k_pid_hsp": [8.450275622187949, 0.668419574852108, 0.13730094485935418], "k_pid_vsp": [170.8575546660673, 272.21111057152484, 347.9259984279726]}, "datetime": {"datetime": "2025-08-21 09:32:36", "elapsed": 2872.987948656082, "delta": 26.317939281463623}, "costs": {"total_cost": 1589.589583953542, "time_cost": 150, "final_distance_cost": 144.9916389615555, "oscillation_cost": 382.0000692539326, "completition_cost": 777.7777777777778, "overshoot_cost": 96.16119202433431, "power_cost": 20.553956384277345, "noise_cost": 18.104949551664266, "n_waypoints_completed": 2, "tot_waypoints": 9}}
{"target": -1900.2597761052166, "params": {"k_pid_pos": [1.8486837905566986, 0.22424666648443847, 0.3406411946705733], "k_pid_alt": [1.901487631684562, 0.33307976673614004, 0.4909034490757611], "k_pid_att": [45.56006879689348, 4.532256926751437, 0.24057936660717116], "k_pid_yaw": [0.5, 1e-06, 0.1], "k_pid_hsp": [0.41287611259974344, 0.5195491835058272, 0.9596961643235697], "k_pid_vsp": [31.862967457109328, 2.4911351461706643, 150.56218692249976]}, "datetime": {"datetime": "2025-08-21 09:33:04", "elapsed": 2901.2892503738403, "delta": 28.30130171775818}, "costs": {"total_cost": 1900.2597761052166, "time_cost": 150, "final_distance_cost": 139.9766833527533, "oscillation_cost": 443.34064965993133, "completition_cost": 1000.0, "overshoot_cost": 128.48231019807704, "power_cost": 21.345635681152345, "noise_cost": 17.11449721330252, "n_waypoints_completed": 0, "tot_waypoints": 9}}
{"target": -1708.5899695546564, "params": {"k_pid_pos": [0.17716434533741385, 0.24673619302442662, 0.6539337736395477], "k_pid_alt": [1.0808345136285904, 0.8683366232186229, 0.6360511128152819], "k_pid_att": [20.201152951351364, 3.50519282982703, 0.02418214517742856], "k_pid_yaw": [0.5, 1e-06, 0.1], "k_pid_hsp": [6.946962884165806, 0.6124297595835376, 0.8743756526017485], "k_pid_vsp": [140.65280321812844, 127.78770632003526, 321.44904961078424]}, "datetime": {"datetime": "2025-08-21 09:33:33", "elapsed": 2929.999316215515, "delta": 28.710065841674805}, "costs": {"total_cost": 1708.5899695546564, "time_cost": 150, "final_distance_cost": 50.85368630059227, "oscillation_cost": 453.9855902846487, "completition_cost": 888.8888888888888, "overshoot_cost": 102.86756806084544, "power_cost": 23.586002685546877, "noise_cost": 38.40823333413413, "n_waypoints_completed": 1, "tot_waypoints": 9}}
{"target": -763.4827099666364, "params": {"k_pid_pos": [0.9761897267088055, 0.9520225952426071, 0.7369425457641309], "k_pid_alt": [1.8659142406374698, 0.5852241269279052, 0.7452913843195283], "k_pid_att": [19.673978414033765, 2.4166195020942656, 0.375006474178771], "k_pid_yaw": [0.5, 1e-06, 0.1], "k_pid_hsp": [9.91761639228058, 0.9936609777934549, 0.6715830792738785], "k_pid_vsp": [246.58894442580942, 263.55232194079247, 299.29923857007833]}, "datetime": {"datetime": "2025-08-21 09:33:59", "elapsed": 2956.2505979537964, "delta": 26.25128173828125}, "costs": {"total_cost": 763.4827099666364, "time_cost": 150, "final_distance_cost": 72.6932702756906, "oscillation_cost": 223.76570372540039, "completition_cost": 222.2222222222222, "overshoot_cost": 63.764409605134524, "power_cost": 17.27277468261719, "noise_cost": 13.764329455571525, "n_waypoints_completed": 7, "tot_waypoints": 9}}
{"target": -1561.5449242581774, "params": {"k_pid_pos": [0.3967070768286485, 0.2861715107400957, 0.2789707500623906], "k_pid_alt": [0.19885691441278586, 0.434683659398334, 0.2957156180890367], "k_pid_att": [7.112418401840303, 5.679253705580197, 0.9221191158701908], "k_pid_yaw": [0.5, 1e-06, 0.1], "k_pid_hsp": [4.514179709679764, 0.5635436857435677, 0.8369086890803971], "k_pid_vsp": [128.86045314261705, 296.5240281963193, 329.31213454948505]}, "datetime": {"datetime": "2025-08-21 09:34:29", "elapsed": 2986.110236644745, "delta": 29.859638690948486}, "costs": {"total_cost": 1561.5449242581774, "time_cost": 150, "final_distance_cost": 37.322117528644206, "oscillation_cost": 158.75847659641823, "completition_cost": 888.8888888888888, "overshoot_cost": 292.104782082685, "power_cost": 18.904190661621094, "noise_cost": 15.56646849992009, "n_waypoints_completed": 1, "tot_waypoints": 9}}
{"target": -478.56036246024695, "params": {"k_pid_pos": [0.9372732671188412, 0.03498448880050431, 0.0710732722076155], "k_pid_alt": [1.3178938347620397, 0.27236618148363934, 0.6356465015385939], "k_pid_att": [50.09666434956955, 2.7752265392229303, 0.47194103250490826], "k_pid_yaw": [0.5, 1e-06, 0.1], "k_pid_hsp": [9.159553601738887, 0.5601513132331906, 0.8293240194169217], "k_pid_vsp": [125.194274863845, 100.04027316588673, 56.49253395138079]}, "datetime": {"datetime": "2025-08-21 09:34:56", "elapsed": 3012.471720457077, "delta": 26.361483812332153}, "costs": {"total_cost": 478.56036246024695, "time_cost": 95.544, "final_distance_cost": 1.7283302525601114, "oscillation_cost": 283.85893422393804, "completition_cost": 0.0, "overshoot_cost": 55.46416973949633, "power_cost": 24.183301147460938, "noise_cost": 17.781627096791485, "n_waypoints_completed": 9, "tot_waypoints": 9}}
{"target": -1147.0868571254082, "params": {"k_pid_pos": [1.65272717211006, 0.3407629839058446, 0.9087905215941516], "k_pid_alt": [0.8882883806796915, 0.4208792485746957, 0.3787020352051663], "k_pid_att": [38.78704579447966, 3.4284786883947866, 0.6911078477595881], "k_pid_yaw": [0.5, 1e-06, 0.1], "k_pid_hsp": [7.168918988656523, 0.20921457847436953, 0.5087275757129521], "k_pid_vsp": [164.63516115294877, 141.13365272734313, 259.57200499044006]}, "datetime": {"datetime": "2025-08-21 09:35:25", "elapsed": 3042.346404314041, "delta": 29.87468385696411}, "costs": {"total_cost": 1147.0868571254082, "time_cost": 150, "final_distance_cost": 45.92115276213432, "oscillation_cost": 292.25155230241353, "completition_cost": 555.5555555555555, "overshoot_cost": 62.878048660002506, "power_cost": 22.356171606445315, "noise_cost": 18.124376238857053, "n_waypoints_completed": 4, "tot_waypoints": 9}}
{"target": -340.8168056227776, "params": {"k_pid_pos": [0.675742095706731, 0.2771558773897953, 0.12176518357404076], "k_pid_alt": [1.0456820315778574, 0.3998868641995008, 0.03237082632487043], "k_pid_att": [57.14687879734057, 0.21584133647758222, 0.863209474370071], "k_pid_yaw": [0.5, 1e-06, 0.1], "k_pid_hsp": [1.621687689751504, 0.8568813625067543, 0.17123005534820257], "k_pid_vsp": [273.1964655059836, 286.24511086761856, 224.54772139587158]}, "datetime": {"datetime": "2025-08-21 09:35:48", "elapsed": 3064.7110364437103, "delta": 22.36463212966919}, "costs": {"total_cost": 340.8168056227776, "time_cost": 89.224, "final_distance_cost": 1.8323862025573785, "oscillation_cost": 164.56906326721025, "completition_cost": 0.0, "overshoot_cost": 54.23016057246527, "power_cost": 17.38450546875, "noise_cost": 13.576690111794719, "n_waypoints_completed": 9, "tot_waypoints": 9}}
{"target": -396.720947207433, "params": {"k_pid_pos": [1.7053964132145558, 0.9443683747802565, 0.6107780759755732], "k_pid_alt": [1.8723856084317472, 0.7073979139622091, 0.10799889841811727], "k_pid_att": [65.25715431276879, 1.3508168430351026, 0.11965029270807404], "k_pid_yaw": [0.5, 1e-06, 0.1], "k_pid_hsp": [2.417737555832032, 0.7129030260735225, 0.07299557218433617], "k_pid_vsp": [313.9657233761282, 253.31302413018213, 69.91659825965291]}, "datetime": {"datetime": "2025-08-21 09:36:18", "elapsed": 3094.765736103058, "delta": 30.054699659347534}, "costs": {"total_cost": 396.720947207433, "time_cost": 99.992, "final_distance_cost": 1.7766693441799373, "oscillation_cost": 201.94391091856068, "completition_cost": 0.0, "overshoot_cost": 58.50929747519247, "power_cost": 19.058876281738282, "noise_cost": 15.440193187761697, "n_waypoints_completed": 9, "tot_waypoints": 9}}
{"target": -2090.2263374441723, "params": {"k_pid_pos": [1.2166633659946344, 0.033451936886767064, 0.2267883602891182], "k_pid_alt": [1.5347482281277878, 0.40785753553709847, 0.7265428101419001], "k_pid_att": [95.08135838539822, 2.122092029315493, 0.004290388610064366], "k_pid_yaw": [0.5, 1e-06, 0.1], "k_pid_hsp": [1.900800280070438, 0.36188708367123745, 0.07075092800593286], "k_pid_vsp": [134.1394180996383, 336.24916890419894, 301.63364723249384]}, "datetime": {"datetime": "2025-08-21 09:36:47", "elapsed": 3124.400495529175, "delta": 29.634759426116943}, "costs": {"total_cost": 2090.2263374441723, "time_cost": 150, "final_distance_cost": 262.48426090934095, "oscillation_cost": 425.8333667580566, "completition_cost": 888.8888888888888, "overshoot_cost": 331.8411593905857, "power_cost": 16.239079394531252, "noise_cost": 14.939582102768647, "n_waypoints_completed": 1, "tot_waypoints": 9}}
{"target": -486.3065653189268, "params": {"k_pid_pos": [1.8340281731220462, 0.7163178733814385, 0.2282519425596674], "k_pid_alt": [0.9302737120402531, 0.38480252211450394, 0.13199336722967148], "k_pid_att": [20.789989252038986, 3.8486047302903414, 0.5293113559594259], "k_pid_yaw": [0.5, 1e-06, 0.1], "k_pid_hsp": [3.454809236738203, 0.40413145628831326, 0.027456488404735135], "k_pid_vsp": [137.95455648551896, 300.6055989556985, 111.70805889053577]}, "datetime": {"datetime": "2025-08-21 09:37:14", "elapsed": 3151.111918449402, "delta": 26.71142292022705}, "costs": {"total_cost": 486.3065653189268, "time_cost": 150, "final_distance_cost": 43.09840200015719, "oscillation_cost": 77.26449211726965, "completition_cost": 111.11111111111116, "overshoot_cost": 61.35167069931978, "power_cost": 24.420723535156252, "noise_cost": 19.060165855912793, "n_waypoints_completed": 8, "tot_waypoints": 9}}
{"target": -764.4529225831557, "params": {"k_pid_pos": [1.5155279952305736, 0.37679875454456824, 0.5585103404981838], "k_pid_alt": [0.9938940314126425, 0.25847731000696317, 0.32172740554096624], "k_pid_att": [69.53317142985664, 5.906475591494649, 0.3207518158563045], "k_pid_yaw": [0.5, 1e-06, 0.1], "k_pid_hsp": [2.099954810593218, 0.560526949171944, 0.6422535593591514], "k_pid_vsp": [269.6238006608454, 167.4567022329885, 74.51509401135287]}, "datetime": {"datetime": "2025-08-21 09:37:42", "elapsed": 3179.421940803528, "delta": 28.310022354125977}, "costs": {"total_cost": 764.4529225831557, "time_cost": 150, "final_distance_cost": 64.96536182053038, "oscillation_cost": 242.06216545383023, "completition_cost": 222.2222222222222, "overshoot_cost": 50.9749583333169, "power_cost": 19.50900153808594, "noise_cost": 14.719213215169992, "n_waypoints_completed": 7, "tot_waypoints": 9}}
{"target": -1421.0012488814732, "params": {"k_pid_pos": [1.3657093058659853, 0.45048059619155745, 0.07868341815457125], "k_pid_alt": [1.5275249166863476, 0.7563677266240175, 0.45791123964156555], "k_pid_att": [18.266282609442285, 8.009483921851272, 0.8756505009428083], "k_pid_yaw": [0.5, 1e-06, 0.1], "k_pid_hsp": [5.382287648440028, 0.4292276881148376, 0.06385933955559431], "k_pid_vsp": [26.349459442227953, 351.89871245266295, 262.8894063292211]}, "datetime": {"datetime": "2025-08-21 09:38:08", "elapsed": 3204.870952606201, "delta": 25.44901180267334}, "costs": {"total_cost": 1421.0012488814732, "time_cost": 150, "final_distance_cost": 0.6129975310336132, "oscillation_cost": 56.51658405716762, "completition_cost": 1000.0, "overshoot_cost": 116.57600006040624, "power_cost": 28.30273018798828, "noise_cost": 68.99293704487735, "n_waypoints_completed": 0, "tot_waypoints": 9}}
{"target": -652.712847232281, "params": {"k_pid_pos": [1.6156813757981157, 0.18713337742520186, 0.8903681324491495], "k_pid_alt": [1.6213378667581009, 0.6925811615520647, 0.44237353293301596], "k_pid_att": [89.85022272186247, 5.470535640882552, 0.1758637507257007], "k_pid_yaw": [0.5, 1e-06, 0.1], "k_pid_hsp": [5.335245433930641, 0.3724593556350274, 0.4809675286688432], "k_pid_vsp": [349.1205128335043, 388.33701474851637, 257.67313161149906]}, "datetime": {"datetime": "2025-08-21 09:38:38", "elapsed": 3234.949771642685, "delta": 30.078819036483765}, "costs": {"total_cost": 652.712847232281, "time_cost": 150, "final_distance_cost": 3.542444687149461, "oscillation_cost": 288.9505876030326, "completition_cost": 111.11111111111116, "overshoot_cost": 60.69188847531892, "power_cost": 21.988597851562503, "noise_cost": 16.428217504106172, "n_waypoints_completed": 8, "tot_waypoints": 9}}
{"target": -1340.4598567042356, "params": {"k_pid_pos": [0.322021840894262, 0.16393979005740333, 0.7058114892098378], "k_pid_alt": [0.42575574763192403, 0.7014929868736888, 0.9882310039844039], "k_pid_att": [88.6135430412575, 5.427490292055152, 0.871414020513698], "k_pid_yaw": [0.5, 1e-06, 0.1], "k_pid_hsp": [5.868214312314731, 0.4367745281965344, 0.44220990973045826], "k_pid_vsp": [243.7536615488728, 155.46890754923578, 124.60089038248088]}, "datetime": {"datetime": "2025-08-21 09:39:04", "elapsed": 3260.6737728118896, "delta": 25.724001169204712}, "costs": {"total_cost": 1340.4598567042356, "time_cost": 150, "final_distance_cost": 76.63154162686756, "oscillation_cost": 362.6010845007504, "completition_cost": 666.6666666666667, "overshoot_cost": 45.31719943206637, "power_cost": 22.540331860351564, "noise_cost": 16.703032617532628, "n_waypoints_completed": 3, "tot_waypoints": 9}}
{"target": -1275.701912938559, "params": {"k_pid_pos": [0.9509358104292813, 0.48576271300644547, 0.8080977193472193], "k_pid_alt": [0.7348715774450623, 0.5294180306185197, 0.06422819359586618], "k_pid_att": [45.70066601036895, 1.5134185456851474, 0.9590044966494079], "k_pid_yaw": [0.5, 1e-06, 0.1], "k_pid_hsp": [4.745996010188478, 0.11175481944172849, 0.8665202793407224], "k_pid_vsp": [264.4452369164493, 298.13800933516023, 226.19631967374212]}, "datetime": {"datetime": "2025-08-21 09:39:35", "elapsed": 3291.812681913376, "delta": 31.138909101486206}, "costs": {"total_cost": 1275.701912938559, "time_cost": 150, "final_distance_cost": 53.8348362925379, "oscillation_cost": 329.81814155227744, "completition_cost": 666.6666666666667, "overshoot_cost": 41.8878899495233, "power_cost": 18.39501462402344, "noise_cost": 15.09936385353024, "n_waypoints_completed": 3, "tot_waypoints": 9}}
{"target": -497.90813395190577, "params": {"k_pid_pos": [0.7581121578845026, 0.3233874490240155, 0.35422152025184805], "k_pid_alt": [1.3611404611716906, 0.44870253520144865, 0.2723306820507829], "k_pid_att": [49.52192872111466, 6.3892511032193715, 0.024574868252056348], "k_pid_yaw": [0.5, 1e-06, 0.1], "k_pid_hsp": [5.169437306966556, 0.9868491777401968, 0.29474990927171874], "k_pid_vsp": [222.8842357559315, 17.930559921516284, 88.00790677553817]}, "datetime": {"datetime": "2025-08-21 09:40:00", "elapsed": 3316.476644515991, "delta": 24.663962602615356}, "costs": {"total_cost": 497.90813395190577, "time_cost": 94.848, "final_distance_cost": 1.7753816957642554, "oscillation_cost": 314.9093900982433, "completition_cost": 0.0, "overshoot_cost": 53.583288180281954, "power_cost": 18.472385180664062, "noise_cost": 14.319688796952212, "n_waypoints_completed": 9, "tot_waypoints": 9}}
{"target": -1741.703449868718, "params": {"k_pid_pos": [1.2969813500715994, 0.6034488479836125, 0.9362372673264435], "k_pid_alt": [0.7958391443677832, 0.8532246171752926, 0.18297728508355138], "k_pid_att": [57.94819813937646, 7.8076007618861425, 0.2373372731431348], "k_pid_yaw": [0.5, 1e-06, 0.1], "k_pid_hsp": [8.080159646731484, 0.5642911972031456, 0.2085163188799466], "k_pid_vsp": [156.33649917932843, 65.10452371543761, 348.672707536908]}, "datetime": {"datetime": "2025-08-21 09:40:30", "elapsed": 3346.5948565006256, "delta": 30.1182119846344}, "costs": {"total_cost": 1741.703449868718, "time_cost": 150, "final_distance_cost": 92.41349818226522, "oscillation_cost": 420.29114741244297, "completition_cost": 888.8888888888888, "overshoot_cost": 151.3054361071152, "power_cost": 21.11033649902344, "noise_cost": 17.694142778982513, "n_waypoints_completed": 1, "tot_waypoints": 9}}
