{"target": -464.0840120844625, "params": {"k_pid_pos": [1.4259384684759193, 0.5435010861864827, 0.9813431252514657], "k_pid_alt": [1.9435500277519695, 0.9413871069300256, 0.5051857288612754], "k_pid_att": [55.44462268616744, 4.245238873611152, 0.4532194102612922], "k_pid_yaw": [0.5, 1e-06, 0.1], "k_pid_hsp": [5.5711381445029176, 0.5391859927786348, 0.7567710976899142], "k_pid_vsp": [354.77671546015256, 307.1934204130878, 18.422388583046033]}, "datetime": {"datetime": "2025-08-21 23:19:04", "elapsed": 52460.519912958145, "delta": 38.0998113155365}, "costs": {"total_cost": 464.0840120844625, "time_cost": 95.744, "final_distance_cost": 1.727091406852151, "oscillation_cost": 273.2963268221607, "completition_cost": 0.0, "overshoot_cost": 53.92170381945812, "power_cost": 22.510618859863282, "noise_cost": 16.884271176128202, "n_waypoints_completed": 9, "tot_waypoints": 9}}
{"target": -411.47729451361016, "params": {"k_pid_pos": [1.2437130457617775, 0.6915310405282576, 0.46011503574165963], "k_pid_alt": [1.3129764532727144, 0.4514855783703718, 0.36995657975312835], "k_pid_att": [67.38871344506947, 2.1348996269388274, 0.648048880134987], "k_pid_yaw": [0.5, 1e-06, 0.1], "k_pid_hsp": [5.2120387535581445, 0.40265402413992474, 0.39274622246842206], "k_pid_vsp": [313.3479396184501, 256.7036461924994, 66.39383124008225]}, "datetime": {"datetime": "2025-08-21 23:19:59", "elapsed": 52516.111485004425, "delta": 55.59157204627991}, "costs": {"total_cost": 411.47729451361016, "time_cost": 92.096, "final_distance_cost": 1.7192148174244373, "oscillation_cost": 221.6355504762828, "completition_cost": 0.0, "overshoot_cost": 55.06738476112559, "power_cost": 23.446961364746095, "noise_cost": 17.512183094031244, "n_waypoints_completed": 9, "tot_waypoints": 9}}
{"target": -1214.7447790988163, "params": {"k_pid_pos": [2.0, 0.1526665673171367, 0.0], "k_pid_alt": [1.2201542837983876, 0.02222216675800004, 0.9907968909151343], "k_pid_att": [61.47982069703656, 1.5142640720599436, 1.0], "k_pid_yaw": [0.5, 1e-06, 0.1], "k_pid_hsp": [10.0, 0.9919959306613606, 0.0], "k_pid_vsp": [349.57526003428814, 14.952949770131053, 245.0919729270596]}, "datetime": {"datetime": "2025-08-21 23:20:54", "elapsed": 52571.39844202995, "delta": 55.286957025527954}, "costs": {"total_cost": 1214.7447790988163, "time_cost": 150, "final_distance_cost": 68.01183379470989, "oscillation_cost": 34.567977667513894, "completition_cost": 888.8888888888888, "overshoot_cost": 47.862929152770846, "power_cost": 14.015694360351564, "noise_cost": 11.397455234581338, "n_waypoints_completed": 1, "tot_waypoints": 9}}
{"target": -965.7071309682226, "params": {"k_pid_pos": [0.3404486431320406, 0.34296950652686264, 0.19327237661180874], "k_pid_alt": [0.7881107895612072, 0.1482935142549736, 0.066456722666552], "k_pid_att": [76.63834656945502, 3.8378870200674156, 0.6053075731497971], "k_pid_yaw": [0.5, 1e-06, 0.1], "k_pid_hsp": [8.661365960998332, 0.3943394128583073, 0.44678828772039103], "k_pid_vsp": [362.818123235968, 383.2245450929274, 215.99830911847474]}, "datetime": {"datetime": "2025-08-21 23:21:42", "elapsed": 52619.43802046776, "delta": 48.039578437805176}, "costs": {"total_cost": 965.7071309682226, "time_cost": 150, "final_distance_cost": 74.3895706836817, "oscillation_cost": 325.50420159932975, "completition_cost": 333.33333333333337, "overshoot_cost": 43.25473985648255, "power_cost": 22.60646221923828, "noise_cost": 16.618823276156952, "n_waypoints_completed": 6, "tot_waypoints": 9}}
{"target": -1123.624485913406, "params": {"k_pid_pos": [0.35149339609378555, 0.5516438758685189, 0.7752056787731254], "k_pid_alt": [0.6364227140651981, 0.34973050427012253, 0.8904747052075237], "k_pid_att": [54.68312992686697, 0.3240970083528415, 0.7676879162959562], "k_pid_yaw": [0.5, 1e-06, 0.1], "k_pid_hsp": [8.2413970175183, 0.45956865235692046, 0.9764928504802934], "k_pid_vsp": [353.87643826094495, 308.97724844492905, 20.79448576472175]}, "datetime": {"datetime": "2025-08-21 23:22:19", "elapsed": 52655.89484381676, "delta": 36.45682334899902}, "costs": {"total_cost": 1123.624485913406, "time_cost": 150, "final_distance_cost": 44.15097161492905, "oscillation_cost": 299.33075891266174, "completition_cost": 555.5555555555555, "overshoot_cost": 42.152637629442744, "power_cost": 17.633009130859374, "noise_cost": 14.801553069957738, "n_waypoints_completed": 4, "tot_waypoints": 9}}
{"target": -791.9124448440523, "params": {"k_pid_pos": [2.0, 1.0, 0.0], "k_pid_alt": [2.0, 1.0, 1.0], "k_pid_att": [71.93672890732687, 2.6522594981950047, 1.0], "k_pid_yaw": [0.5, 1e-06, 0.1], "k_pid_hsp": [10.0, 1.0, 0.0], "k_pid_vsp": [176.7450402603801, 150.09303362189164, 69.66167217025135]}, "datetime": {"datetime": "2025-08-21 23:23:13", "elapsed": 52710.28037595749, "delta": 54.38553214073181}, "costs": {"total_cost": 791.9124448440523, "time_cost": 150, "final_distance_cost": 45.84068609947446, "oscillation_cost": 57.51615237023353, "completition_cost": 444.4444444444444, "overshoot_cost": 50.65207439461754, "power_cost": 23.28025390625, "noise_cost": 20.178833629032447, "n_waypoints_completed": 5, "tot_waypoints": 9}}
{"target": -360.21658681163206, "params": {"k_pid_pos": [2.0, 1.0, 1.0], "k_pid_alt": [2.0, 0.0, 1.0], "k_pid_att": [56.48643240692304, 5.709256686787687, 0.0], "k_pid_yaw": [0.5, 1e-06, 0.1], "k_pid_hsp": [6.141630934911774, 1.0, 1.0], "k_pid_vsp": [207.73305105300733, 233.73419762872302, 124.33321778038167]}, "datetime": {"datetime": "2025-08-21 23:23:53", "elapsed": 52749.538259506226, "delta": 39.25788354873657}, "costs": {"total_cost": 360.21658681163206, "time_cost": 89.224, "final_distance_cost": 1.7669564757053062, "oscillation_cost": 179.53926498142096, "completition_cost": 0.0, "overshoot_cost": 57.22074663670342, "power_cost": 18.244933947753907, "noise_cost": 14.2206847700485, "n_waypoints_completed": 9, "tot_waypoints": 9}}
{"target": -1602.8534141980263, "params": {"k_pid_pos": [2.0, 0.0, 0.0], "k_pid_alt": [0.0, 0.0, 0.7238501692185902], "k_pid_att": [13.62337447268274, 2.5282709593542294, 1.0], "k_pid_yaw": [0.5, 1e-06, 0.1], "k_pid_hsp": [3.51958791864439, 0.9997158968072766, 1.0], "k_pid_vsp": [12.284199634674993, 220.4254332899581, 33.10033634541792]}, "datetime": {"datetime": "2025-08-21 23:24:39", "elapsed": 52796.314048051834, "delta": 46.77578854560852}, "costs": {"total_cost": 1602.8534141980263, "time_cost": 150, "final_distance_cost": 1.2787137040142555, "oscillation_cost": 243.23856329039629, "completition_cost": 1000.0, "overshoot_cost": 135.62908491253603, "power_cost": 15.035382458496095, "noise_cost": 57.671669832583596, "n_waypoints_completed": 0, "tot_waypoints": 9}}
{"target": -780.6267325887438, "params": {"k_pid_pos": [0.5467519168099215, 0.4040391539640054, 0.23019902446193258], "k_pid_alt": [2.0, 1.0, 0.0], "k_pid_att": [39.74452833325077, 10.0, 0.0], "k_pid_yaw": [0.5, 1e-06, 0.1], "k_pid_hsp": [9.224828799713807, 0.09692379165477037, 0.12032779677557029], "k_pid_vsp": [283.3290893143643, 71.93950317829288, 38.69077594577293]}, "datetime": {"datetime": "2025-08-21 23:25:32", "elapsed": 52848.62555646896, "delta": 52.31150841712952}, "costs": {"total_cost": 780.6267325887438, "time_cost": 150, "final_distance_cost": 63.45209737580088, "oscillation_cost": 256.1787779446934, "completition_cost": 222.2222222222222, "overshoot_cost": 48.325892362110736, "power_cost": 22.748344445800782, "noise_cost": 17.699398238115887, "n_waypoints_completed": 7, "tot_waypoints": 9}}
{"target": -1644.4131412313075, "params": {"k_pid_pos": [0.0001, 0.0, 0.0], "k_pid_alt": [0.9994007571077168, 0.6359127520749572, 0.038907327677986894], "k_pid_att": [39.94298706146421, 0.0001, 1.0], "k_pid_yaw": [0.5, 1e-06, 0.1], "k_pid_hsp": [3.456168370305641, 1.0, 0.5806411599484808], "k_pid_vsp": [395.77355662165473, 47.98149624086231, 179.4681073650616]}, "datetime": {"datetime": "2025-08-21 23:26:13", "elapsed": 52890.126180648804, "delta": 41.50062417984009}, "costs": {"total_cost": 1644.4131412313075, "time_cost": 150, "final_distance_cost": 45.970245894050684, "oscillation_cost": 385.94465310277644, "completition_cost": 1000.0, "overshoot_cost": 33.73384625957301, "power_cost": 15.875771350097658, "noise_cost": 12.888624624809589, "n_waypoints_completed": 0, "tot_waypoints": 9}}
{"target": -576.4091698363721, "params": {"k_pid_pos": [0.3636777762829939, 0.0, 0.0], "k_pid_alt": [0.0, 1.0, 1.0], "k_pid_att": [8.23587115443895, 4.839523603980652, 1.0], "k_pid_yaw": [0.5, 1e-06, 0.1], "k_pid_hsp": [4.672278385727569, 1.0, 0.0], "k_pid_vsp": [151.7379041062113, 209.2805784079126, 52.52525806295674]}, "datetime": {"datetime": "2025-08-21 23:27:00", "elapsed": 52937.2605137825, "delta": 47.13433313369751}, "costs": {"total_cost": 576.4091698363721, "time_cost": 150, "final_distance_cost": 73.71296641482665, "oscillation_cost": 44.88403847638386, "completition_cost": 222.2222222222222, "overshoot_cost": 56.07286267004825, "power_cost": 16.75432225341797, "noise_cost": 12.762757799473187, "n_waypoints_completed": 7, "tot_waypoints": 9}}
{"target": -1282.5212560246637, "params": {"k_pid_pos": [0.4962633325171301, 1.0, 1.0], "k_pid_alt": [0.06650511744970547, 0.0, 1.0], "k_pid_att": [10.66352276152405, 6.001257296719132, 1.0], "k_pid_yaw": [0.5, 1e-06, 0.1], "k_pid_hsp": [6.660902859261223, 0.0, 0.0], "k_pid_vsp": [177.0396211573599, 351.733528279074, 112.50964388126924]}, "datetime": {"datetime": "2025-08-21 23:27:41", "elapsed": 52977.94215416908, "delta": 40.68164038658142}, "costs": {"total_cost": 1282.5212560246637, "time_cost": 150, "final_distance_cost": 43.88258428353196, "oscillation_cost": 30.160020336445843, "completition_cost": 1000.0, "overshoot_cost": 36.70779040826226, "power_cost": 11.409532250976563, "noise_cost": 10.361328745447157, "n_waypoints_completed": 0, "tot_waypoints": 9}}
{"target": -773.880569533357, "params": {"k_pid_pos": [1.2804670220640544, 0.7718535975754655, 0.845318745653224], "k_pid_alt": [0.48392198939973596, 0.7575857448004549, 0.6050099425838283], "k_pid_att": [34.41429330258732, 7.367273043418608, 0.32593402099787594], "k_pid_yaw": [0.5, 1e-06, 0.1], "k_pid_hsp": [6.822988808867453, 0.4820071806104942, 0.643105141734589], "k_pid_vsp": [134.36149106969384, 344.1074436077654, 130.76459108124752]}, "datetime": {"datetime": "2025-08-21 23:28:25", "elapsed": 53022.15944695473, "delta": 44.21729278564453}, "costs": {"total_cost": 773.880569533357, "time_cost": 150, "final_distance_cost": 75.6211865336659, "oscillation_cost": 234.06412187786648, "completition_cost": 222.2222222222222, "overshoot_cost": 56.93215240020196, "power_cost": 20.01377667236328, "noise_cost": 15.027109827037062, "n_waypoints_completed": 7, "tot_waypoints": 9}}
{"target": -1120.1301669987267, "params": {"k_pid_pos": [0.38852177238742897, 0.35659500929200283, 0.2512427156268936], "k_pid_alt": [1.1663561068747477, 0.5925179338558636, 0.2779565455746591], "k_pid_att": [31.91277668972393, 6.95513205286597, 0.9163612084402467], "k_pid_yaw": [0.5, 1e-06, 0.1], "k_pid_hsp": [6.351540852427663, 0.7736863638390709, 0.9941503719928299], "k_pid_vsp": [92.04003506135159, 64.36157871299964, 28.087386599428307]}, "datetime": {"datetime": "2025-08-21 23:29:10", "elapsed": 53066.973058223724, "delta": 44.81361126899719}, "costs": {"total_cost": 1120.1301669987267, "time_cost": 150, "final_distance_cost": 50.95545421414459, "oscillation_cost": 266.8830879607249, "completition_cost": 555.5555555555555, "overshoot_cost": 44.5187461938444, "power_cost": 30.16892342529297, "noise_cost": 22.04839964916443, "n_waypoints_completed": 4, "tot_waypoints": 9}}
{"target": -345.3509994661999, "params": {"k_pid_pos": [2.0, 0.0, 0.4310961096714342], "k_pid_alt": [0.8619542093172302, 0.17955929409083765, 0.0], "k_pid_att": [43.4909808889926, 3.1937924274846115, 1.0], "k_pid_yaw": [0.5, 1e-06, 0.1], "k_pid_hsp": [10.0, 0.32477083599501166, 0.5239930707031226], "k_pid_vsp": [276.85572411681574, 304.7512080759161, 73.34499817728398]}, "datetime": {"datetime": "2025-08-21 23:30:05", "elapsed": 53122.36373567581, "delta": 55.3906774520874}, "costs": {"total_cost": 345.3509994661999, "time_cost": 80.504, "final_distance_cost": 1.750613355823527, "oscillation_cost": 185.76783229429319, "completition_cost": 0.0, "overshoot_cost": 51.730505550554994, "power_cost": 14.283314770507813, "noise_cost": 11.314733495020405, "n_waypoints_completed": 9, "tot_waypoints": 9}}
{"target": -395.29075597266655, "params": {"k_pid_pos": [2.0, 1.0, 1.0], "k_pid_alt": [1.3951747084371615, 0.689781382429284, 1.0], "k_pid_att": [51.55640561096733, 2.334481597890746, 0.22377740169490337], "k_pid_yaw": [0.5, 1e-06, 0.1], "k_pid_hsp": [6.728769781173295, 0.5951679661016827, 0.21735897548745028], "k_pid_vsp": [308.6593710381851, 45.543416265363504, 9.043117853171877]}, "datetime": {"datetime": "2025-08-21 23:30:52", "elapsed": 53169.36439085007, "delta": 47.00065517425537}, "costs": {"total_cost": 395.29075597266655, "time_cost": 94.70400000000001, "final_distance_cost": 1.7245045903255336, "oscillation_cost": 201.28118062581413, "completition_cost": 0.0, "overshoot_cost": 55.3022158507414, "power_cost": 22.835177673339846, "noise_cost": 19.4436772324456, "n_waypoints_completed": 9, "tot_waypoints": 9}}
{"target": -1269.698171787721, "params": {"k_pid_pos": [0.0001, 0.0, 0.13586992833372188], "k_pid_alt": [2.0, 1.0, 1.0], "k_pid_att": [92.23213931445262, 7.362122224608435, 1.0], "k_pid_yaw": [0.5, 1e-06, 0.1], "k_pid_hsp": [10.0, 0.0, 0.0], "k_pid_vsp": [155.65562490647727, 136.31727355364592, 18.45253458751547]}, "datetime": {"datetime": "2025-08-21 23:31:42", "elapsed": 53218.76058769226, "delta": 49.3961968421936}, "costs": {"total_cost": 1269.698171787721, "time_cost": 150, "final_distance_cost": 46.02999828347965, "oscillation_cost": 23.908036790811504, "completition_cost": 1000.0, "overshoot_cost": 30.934541584816927, "power_cost": 9.474681872558595, "noise_cost": 9.350913256054243, "n_waypoints_completed": 0, "tot_waypoints": 9}}
{"target": -1306.8788529753133, "params": {"k_pid_pos": [0.03848681787971738, 0.790125436246426, 0.05711139116245023], "k_pid_alt": [0.11960544961326991, 0.46337282426818704, 0.3512709222940048], "k_pid_att": [96.54994702473165, 1.865536977366907, 0.4091947433964235], "k_pid_yaw": [0.5, 1e-06, 0.1], "k_pid_hsp": [3.739322349911171, 0.9336193987680355, 0.663754445362331], "k_pid_vsp": [328.2082760815087, 295.22519527500253, 29.192331480087844]}, "datetime": {"datetime": "2025-08-21 23:32:30", "elapsed": 53266.46255207062, "delta": 47.701964378356934}, "costs": {"total_cost": 1306.8788529753133, "time_cost": 150, "final_distance_cost": 49.698554327852186, "oscillation_cost": 113.93720826539598, "completition_cost": 888.8888888888888, "overshoot_cost": 60.229065836860045, "power_cost": 25.85087518310547, "noise_cost": 18.274260473210973, "n_waypoints_completed": 1, "tot_waypoints": 9}}
{"target": -640.8123631343498, "params": {"k_pid_pos": [0.8089411831578561, 0.15113216920379013, 0.49946830522509056], "k_pid_alt": [0.6419914228649826, 0.24238039410821322, 0.421277596210766], "k_pid_att": [31.13047484967978, 0.9193295665127691, 0.5666597833256866], "k_pid_yaw": [0.5, 1e-06, 0.1], "k_pid_hsp": [7.104680321994646, 0.16358537149651786, 0.24387257186483047], "k_pid_vsp": [150.5643787592809, 10.965183846115698, 2.825547364070636]}, "datetime": {"datetime": "2025-08-21 23:33:20", "elapsed": 53316.48238158226, "delta": 50.019829511642456}, "costs": {"total_cost": 640.8123631343498, "time_cost": 150, "final_distance_cost": 9.935105139365914, "oscillation_cost": 283.3640403471445, "completition_cost": 111.11111111111116, "overshoot_cost": 55.44456128173503, "power_cost": 16.398583996582033, "noise_cost": 14.558961258411152, "n_waypoints_completed": 8, "tot_waypoints": 9}}
{"target": -371.87196731629183, "params": {"k_pid_pos": [1.410316479381055, 0.0, 0.10915579150368446], "k_pid_alt": [1.2232626914969695, 0.6326700035005544, 0.4837126526634333], "k_pid_att": [56.31356184491043, 4.972793289648027, 0.4455618545383487], "k_pid_yaw": [0.5, 1e-06, 0.1], "k_pid_hsp": [7.997210677039531, 0.468504733679278, 0.1183729765873504], "k_pid_vsp": [69.59312043143574, 187.77229735089418, 97.01030299027539]}, "datetime": {"datetime": "2025-08-21 23:34:06", "elapsed": 53362.4842274189, "delta": 46.001845836639404}, "costs": {"total_cost": 371.87196731629183, "time_cost": 80.544, "final_distance_cost": 1.753904554367779, "oscillation_cost": 201.81068536103498, "completition_cost": 0.0, "overshoot_cost": 56.50636179309111, "power_cost": 17.82523073730469, "noise_cost": 13.431784870493235, "n_waypoints_completed": 9, "tot_waypoints": 9}}
{"target": -871.5597754593954, "params": {"k_pid_pos": [1.2751932001101487, 1.0, 0.08850351496424168], "k_pid_alt": [2.0, 1.0, 0.0], "k_pid_att": [57.86030130296071, 9.644895545883344, 0.12432922645722455], "k_pid_yaw": [0.5, 1e-06, 0.1], "k_pid_hsp": [5.734279192624305, 1.0, 0.6467354465146572], "k_pid_vsp": [300.5138960282244, 355.6219399173063, 47.897280268970114]}, "datetime": {"datetime": "2025-08-21 23:34:46", "elapsed": 53403.38040018082, "delta": 40.896172761917114}, "costs": {"total_cost": 871.5597754593954, "time_cost": 150, "final_distance_cost": 38.765668910451105, "oscillation_cost": 148.06386786649736, "completition_cost": 444.4444444444444, "overshoot_cost": 61.74989536929442, "power_cost": 15.3780482421875, "noise_cost": 13.157850626520563, "n_waypoints_completed": 5, "tot_waypoints": 9}}
{"target": -796.1743847796439, "params": {"k_pid_pos": [2.0, 1.0, 0.0], "k_pid_alt": [2.0, 1.0, 0.0], "k_pid_att": [11.391029237960906, 1.5287266857435986, 0.0], "k_pid_yaw": [0.5, 1e-06, 0.1], "k_pid_hsp": [8.2282122811737, 0.0, 0.0], "k_pid_vsp": [249.22310909802692, 196.21123551550994, 42.37603969802804]}, "datetime": {"datetime": "2025-08-21 23:35:32", "elapsed": 53448.548679590225, "delta": 45.16827940940857}, "costs": {"total_cost": 796.1743847796439, "time_cost": 150, "final_distance_cost": 70.58553701493005, "oscillation_cost": 154.79115560864557, "completition_cost": 333.33333333333337, "overshoot_cost": 56.36950287857022, "power_cost": 17.681548046875, "noise_cost": 13.413307897289684, "n_waypoints_completed": 6, "tot_waypoints": 9}}
{"target": -1148.2818265699307, "params": {"k_pid_pos": [2.0, 0.0, 1.0], "k_pid_alt": [1.8596708728137403, 0.18368343623064187, 0.7300041352416978], "k_pid_att": [100.0, 8.173574184004792, 1.0], "k_pid_yaw": [0.5, 1e-06, 0.1], "k_pid_hsp": [0.0001, 0.9893424604478973, 0.41122830534823535], "k_pid_vsp": [342.0777268354134, 326.48634394540426, 94.82305955678646]}, "datetime": {"datetime": "2025-08-21 23:36:11", "elapsed": 53488.335411310196, "delta": 39.7867317199707}, "costs": {"total_cost": 1148.2818265699307, "time_cost": 150, "final_distance_cost": 73.89822852942608, "oscillation_cost": 258.5359687669547, "completition_cost": 555.5555555555555, "overshoot_cost": 73.06122410425085, "power_cost": 21.41868466796875, "noise_cost": 15.812164945774562, "n_waypoints_completed": 4, "tot_waypoints": 9}}
{"target": -774.6851712315442, "params": {"k_pid_pos": [2.0, 0.0, 0.9886277693185149], "k_pid_alt": [2.0, 1.0, 0.0], "k_pid_att": [52.58777816830162, 5.336533079336845, 0.0], "k_pid_yaw": [0.5, 1e-06, 0.1], "k_pid_hsp": [2.515609311153369, 0.8502296010493113, 0.5386554097469908], "k_pid_vsp": [350.338735845468, 308.0159497160055, 20.32130990766709]}, "datetime": {"datetime": "2025-08-21 23:36:57", "elapsed": 53534.16016292572, "delta": 45.82475161552429}, "costs": {"total_cost": 774.6851712315442, "time_cost": 150, "final_distance_cost": 69.3246038428052, "oscillation_cost": 247.07243825546718, "completition_cost": 222.2222222222222, "overshoot_cost": 48.25479193771639, "power_cost": 21.766115771484376, "noise_cost": 16.04499920184885, "n_waypoints_completed": 7, "tot_waypoints": 9}}
{"target": -708.777451259803, "params": {"k_pid_pos": [2.0, 1.0, 0.0], "k_pid_alt": [2.0, 1.0, 1.0], "k_pid_att": [36.10642045377129, 0.0001, 1.0], "k_pid_yaw": [0.5, 1e-06, 0.1], "k_pid_hsp": [4.276906233839713, 0.23813812776432636, 0.0], "k_pid_vsp": [96.29503980307952, 63.87533854163881, 27.60684566764861]}, "datetime": {"datetime": "2025-08-21 23:37:37", "elapsed": 53573.57776641846, "delta": 39.417603492736816}, "costs": {"total_cost": 708.777451259803, "time_cost": 150, "final_distance_cost": 76.11074373859324, "oscillation_cost": 48.25741601646982, "completition_cost": 333.33333333333337, "overshoot_cost": 55.137817021300656, "power_cost": 25.60822938232422, "noise_cost": 20.329911767781695, "n_waypoints_completed": 6, "tot_waypoints": 9}}
{"target": -1677.7251830577725, "params": {"k_pid_pos": [2.0, 1.0, 1.0], "k_pid_alt": [0.0, 0.0, 1.0], "k_pid_att": [63.42054297366703, 4.313410684115823, 1.0], "k_pid_yaw": [0.5, 1e-06, 0.1], "k_pid_hsp": [6.385504633592723, 1.0, 1.0], "k_pid_vsp": [254.3104278214768, 268.75458419907045, 269.79331002319583]}, "datetime": {"datetime": "2025-08-21 23:38:20", "elapsed": 53617.17249941826, "delta": 43.594732999801636}, "costs": {"total_cost": 1677.7251830577725, "time_cost": 150, "final_distance_cost": 1.0818571725882533, "oscillation_cost": 298.5456773381618, "completition_cost": 1000.0, "overshoot_cost": 134.8304040258579, "power_cost": 23.29231982421875, "noise_cost": 69.97492469694559, "n_waypoints_completed": 0, "tot_waypoints": 9}}
