{"target": -1135.9824878170268, "params": {"k_pid_pos": [0.5600482218751144, 0.981358338692081, 0.32213372352910286], "k_pid_alt": [0.44397498538524816, 0.3179035001425048, 0.39020379764368873], "k_pid_att": [62.733440771469375, 5.759656874810867, 0.1626706475661055], "k_pid_yaw": [0.5, 1e-06, 0.1], "k_pid_hsp": [6.688690592644891, 0.17629794039261648, 0.6853614945387021], "k_pid_vsp": [305.94894390473587, 107.52016218314209, 120.04123133596056]}, "datetime": {"datetime": "2025-08-21 12:04:55", "elapsed": 12011.84740281105, "delta": 23.927329540252686}, "costs": {"total_cost": 1135.9824878170268, "time_cost": 150, "final_distance_cost": 52.57709298849077, "oscillation_cost": 164.28146330592173, "completition_cost": 666.6666666666667, "overshoot_cost": 54.44551856707185, "power_cost": 27.55824920654297, "noise_cost": 20.453497082332934, "n_waypoints_completed": 3, "tot_waypoints": 9}}
{"target": -1437.8642308740075, "params": {"k_pid_pos": [0.15553135792687842, 0.04872898246880486, 0.8672994493989012], "k_pid_alt": [0.2950942147787392, 0.39543860981509005, 0.9005906429448168], "k_pid_att": [66.652191388344, 4.045530758937914, 0.5031216465580874], "k_pid_yaw": [0.5, 1e-06, 0.1], "k_pid_hsp": [7.873980838528658, 0.4444794217247755, 0.2743555690594668], "k_pid_vsp": [89.66009218359186, 189.08375221871884, 140.54540351105385]}, "datetime": {"datetime": "2025-08-21 12:05:19", "elapsed": 12036.043177366257, "delta": 24.1957745552063}, "costs": {"total_cost": 1437.8642308740075, "time_cost": 150, "final_distance_cost": 77.75811403266795, "oscillation_cost": 441.9954517703817, "completition_cost": 666.6666666666667, "overshoot_cost": 66.6674383079169, "power_cost": 19.261238549804688, "noise_cost": 15.515321546569481, "n_waypoints_completed": 3, "tot_waypoints": 9}}
{"target": -1043.5544212441657, "params": {"k_pid_pos": [0.6185098430814668, 0.41480345819600895, 0.8695690048298703], "k_pid_alt": [0.3587843647862232, 0.9297778448806385, 0.9798583159737225], "k_pid_att": [90.81571362847227, 7.2141373247126594, 0.7971437623111199], "k_pid_yaw": [0.5, 1e-06, 0.1], "k_pid_hsp": [6.146768346412181, 0.18773294855349354, 0.20641108562140398], "k_pid_vsp": [394.5713088565247, 44.426531693434725, 69.68725638477024]}, "datetime": {"datetime": "2025-08-21 12:05:43", "elapsed": 12059.62920165062, "delta": 23.586024284362793}, "costs": {"total_cost": 1043.5544212441657, "time_cost": 150, "final_distance_cost": 49.769105099326886, "oscillation_cost": 304.4056062149503, "completition_cost": 444.4444444444444, "overshoot_cost": 51.672846267368115, "power_cost": 24.05855994873047, "noise_cost": 19.203859269345593, "n_waypoints_completed": 5, "tot_waypoints": 9}}
{"target": -1171.6966955635032, "params": {"k_pid_pos": [0.7928872344344859, 0.5471673172444524, 0.855995444003544], "k_pid_alt": [0.9908509151119496, 0.9697163648614016, 0.7095845540682432], "k_pid_att": [98.50492326048895, 4.155151121652347, 0.9407100915429873], "k_pid_yaw": [0.5, 1e-06, 0.1], "k_pid_hsp": [5.135256096103066, 0.948520260391278, 0.6042176203703162], "k_pid_vsp": [214.1019259261574, 149.8894701027007, 207.9778289862761]}, "datetime": {"datetime": "2025-08-21 12:06:06", "elapsed": 12083.060096263885, "delta": 23.43089461326599}, "costs": {"total_cost": 1171.6966955635032, "time_cost": 150, "final_distance_cost": 39.3548642202405, "oscillation_cost": 330.8554452359875, "completition_cost": 555.5555555555555, "overshoot_cost": 54.888857180470126, "power_cost": 23.73336053466797, "noise_cost": 17.308612836581705, "n_waypoints_completed": 4, "tot_waypoints": 9}}
{"target": -1273.8158117386142, "params": {"k_pid_pos": [1.0838474693111508, 0.25055507310118297, 0.18556045950134148], "k_pid_alt": [0.17091321564003636, 0.3998669297550115, 0.03183222075180059], "k_pid_att": [38.78019938629986, 4.222254410125402, 0.7540096739083791], "k_pid_yaw": [0.5, 1e-06, 0.1], "k_pid_hsp": [6.749861843902602, 0.714511386778378, 0.7735496858714034], "k_pid_vsp": [129.76754857372006, 52.12061509922698, 182.17458962220087]}, "datetime": {"datetime": "2025-08-21 12:06:30", "elapsed": 12106.759968996048, "delta": 23.699872732162476}, "costs": {"total_cost": 1273.8158117386142, "time_cost": 150, "final_distance_cost": 57.12480427529069, "oscillation_cost": 303.5253965942236, "completition_cost": 666.6666666666667, "overshoot_cost": 63.06306368423356, "power_cost": 17.352266870117187, "noise_cost": 16.08361364808243, "n_waypoints_completed": 3, "tot_waypoints": 9}}
{"target": -1650.7867460096902, "params": {"k_pid_pos": [1.6767429981289983, 0.10827272475440453, 0.8827169407626676], "k_pid_alt": [0.3946501861087306, 0.9414937214451798, 0.8048394166610267], "k_pid_att": [85.70695915384655, 7.3855177690350855, 0.7741567675429987], "k_pid_yaw": [0.5, 1e-06, 0.1], "k_pid_hsp": [6.323255309759923, 0.46851085249630897, 0.9703396109802521], "k_pid_vsp": [102.75367880786872, 47.37569347738003, 233.68384769942062]}, "datetime": {"datetime": "2025-08-21 12:06:53", "elapsed": 12130.036573410034, "delta": 23.276604413986206}, "costs": {"total_cost": 1650.7867460096902, "time_cost": 150, "final_distance_cost": 206.03859631973333, "oscillation_cost": 376.2244413725431, "completition_cost": 666.6666666666667, "overshoot_cost": 214.4957973723147, "power_cost": 20.416640441894533, "noise_cost": 16.944603836537993, "n_waypoints_completed": 3, "tot_waypoints": 9}}
{"target": -869.9558195713809, "params": {"k_pid_pos": [0.7108793889187627, 0.5680212333152441, 0.3165031901165063], "k_pid_alt": [1.1121564264894093, 0.29063363589327296, 0.4190766865636142], "k_pid_att": [61.721164355350865, 7.6533886090789744, 0.11507615495108026], "k_pid_yaw": [0.5, 1e-06, 0.1], "k_pid_hsp": [4.0439062411257325, 0.26217822342023445, 0.9055471161554093], "k_pid_vsp": [28.344856648743022, 73.46951348257963, 50.90970573695748]}, "datetime": {"datetime": "2025-08-21 12:07:16", "elapsed": 12153.224397420883, "delta": 23.187824010849}, "costs": {"total_cost": 869.9558195713809, "time_cost": 150, "final_distance_cost": 67.27660572747483, "oscillation_cost": 226.5101760555888, "completition_cost": 333.33333333333337, "overshoot_cost": 52.88755494075848, "power_cost": 22.676872375488283, "noise_cost": 17.271277138737112, "n_waypoints_completed": 6, "tot_waypoints": 9}}
{"target": -1537.2445859952782, "params": {"k_pid_pos": [0.5510278393071661, 0.5509161909678573, 0.6864952504055174], "k_pid_alt": [1.321922635836326, 0.6014152368309232, 0.2777459428301018], "k_pid_att": [75.04490620392713, 7.63646617671068, 0.20980903219779556], "k_pid_yaw": [0.5, 1e-06, 0.1], "k_pid_hsp": [2.731333289687498, 0.39400851002317094, 0.9776849079537402], "k_pid_vsp": [188.54712862669817, 382.50182654908747, 267.68172267053586]}, "datetime": {"datetime": "2025-08-21 12:07:40", "elapsed": 12176.952881336212, "delta": 23.72848391532898}, "costs": {"total_cost": 1537.2445859952782, "time_cost": 150, "final_distance_cost": 17.532314937703255, "oscillation_cost": 206.54409175037014, "completition_cost": 1000.0, "overshoot_cost": 90.14791594762785, "power_cost": 32.09844605712891, "noise_cost": 40.921817302448154, "n_waypoints_completed": 0, "tot_waypoints": 9}}
{"target": -1273.3624329031397, "params": {"k_pid_pos": [0.4647067428949429, 0.7933029234078712, 0.8224673884570588], "k_pid_alt": [1.9192128962723645, 0.5687385598299165, 0.3011653849632172], "k_pid_att": [58.31404979133937, 6.230184639120929, 0.8463857821099361], "k_pid_yaw": [0.5, 1e-06, 0.1], "k_pid_hsp": [1.45502809645739, 0.11161074765554369, 0.9817069456975076], "k_pid_vsp": [211.73771476446447, 267.90490650633603, 318.528321713113]}, "datetime": {"datetime": "2025-08-21 12:08:04", "elapsed": 12201.131204843521, "delta": 24.17832350730896}, "costs": {"total_cost": 1273.3624329031397, "time_cost": 150, "final_distance_cost": 52.812920297803686, "oscillation_cost": 299.4517581630978, "completition_cost": 666.6666666666667, "overshoot_cost": 59.50191987543518, "power_cost": 23.814564794921875, "noise_cost": 21.114603105214556, "n_waypoints_completed": 3, "tot_waypoints": 9}}
{"target": -888.2161291690995, "params": {"k_pid_pos": [1.332128490651708, 0.16031576829306993, 0.9911592754967915], "k_pid_alt": [0.5217719276872459, 0.915316780594271, 0.31611959842242643], "k_pid_att": [38.657856878829, 9.430632885538657, 0.5467929168615896], "k_pid_yaw": [0.5, 1e-06, 0.1], "k_pid_hsp": [9.076936746557006, 0.7858946356456066, 0.1672298649730687], "k_pid_vsp": [238.28083011743385, 43.23947046976399, 131.40142532738753]}, "datetime": {"datetime": "2025-08-21 12:08:28", "elapsed": 12225.31162571907, "delta": 24.180420875549316}, "costs": {"total_cost": 888.2161291690995, "time_cost": 150, "final_distance_cost": 74.97999690648508, "oscillation_cost": 340.9538093635274, "completition_cost": 222.2222222222222, "overshoot_cost": 58.02711142183833, "power_cost": 24.615733410644534, "noise_cost": 17.41725584438196, "n_waypoints_completed": 7, "tot_waypoints": 9}}
{"target": -1020.6855728994288, "params": {"k_pid_pos": [1.6161505641961096, 0.33723283694354533, 0.7645615555784269], "k_pid_alt": [0.14781612115296094, 0.7193979629503422, 0.3783476226863022], "k_pid_att": [40.959211688957396, 2.1755006016362657, 0.6773644084930704], "k_pid_yaw": [0.5, 1e-06, 0.1], "k_pid_hsp": [7.958150230298322, 0.38924807602610334, 0.9571552069573804], "k_pid_vsp": [275.40879213762344, 245.59662491575534, 301.8284774974794]}, "datetime": {"datetime": "2025-08-21 12:08:52", "elapsed": 12248.726464271545, "delta": 23.414838552474976}, "costs": {"total_cost": 1020.6855728994288, "time_cost": 150, "final_distance_cost": 49.66384176767003, "oscillation_cost": 291.0239481198752, "completition_cost": 444.4444444444444, "overshoot_cost": 57.24770209586114, "power_cost": 15.470967993164063, "noise_cost": 12.83466847841405, "n_waypoints_completed": 5, "tot_waypoints": 9}}
{"target": -1270.1277189151303, "params": {"k_pid_pos": [1.0447800062279753, 0.64558702436096, 0.7821456583283081], "k_pid_alt": [1.120598975622121, 0.5444683087430828, 0.27977639451347736], "k_pid_att": [12.387375211795405, 7.209015834897391, 0.1501922127197316], "k_pid_yaw": [0.5, 1e-06, 0.1], "k_pid_hsp": [4.234469587894447, 0.7758101482747733, 0.4700819094284757], "k_pid_vsp": [10.136324272290498, 116.20338194941034, 70.06580165074082]}, "datetime": {"datetime": "2025-08-21 12:09:15", "elapsed": 12271.84034538269, "delta": 23.11388111114502}, "costs": {"total_cost": 1270.1277189151303, "time_cost": 150, "final_distance_cost": 55.6598789198568, "oscillation_cost": 302.9914994321308, "completition_cost": 666.6666666666667, "overshoot_cost": 59.10337705330659, "power_cost": 19.064821618652346, "noise_cost": 16.641475224517105, "n_waypoints_completed": 3, "tot_waypoints": 9}}
{"target": -1231.7736669438498, "params": {"k_pid_pos": [0.9386452795001246, 0.9399170119387291, 0.09780781119490489], "k_pid_alt": [1.5665626980325007, 0.6862103604137979, 0.8147053971214635], "k_pid_att": [65.9489601221087, 2.056664328599808, 0.19657716001348413], "k_pid_yaw": [0.5, 1e-06, 0.1], "k_pid_hsp": [5.203854638681729, 0.39699040621570914, 0.19330482746109634], "k_pid_vsp": [32.324255618889495, 313.9781155938323, 190.49502652723754]}, "datetime": {"datetime": "2025-08-21 12:09:39", "elapsed": 12295.758088350296, "delta": 23.91774296760559}, "costs": {"total_cost": 1231.7736669438498, "time_cost": 150, "final_distance_cost": 85.52543235452964, "oscillation_cost": 118.23485661571897, "completition_cost": 777.7777777777778, "overshoot_cost": 59.44657271696697, "power_cost": 22.04584521484375, "noise_cost": 18.743182264012585, "n_waypoints_completed": 2, "tot_waypoints": 9}}
{"target": -387.6613499937532, "params": {"k_pid_pos": [1.5444971397863032, 0.07341817820880014, 0.7919427993622553], "k_pid_alt": [1.1820952357621997, 0.4524134812333186, 0.8673164970804781], "k_pid_att": [10.134520480586174, 6.358099183541916, 0.6036124275442384], "k_pid_yaw": [0.5, 1e-06, 0.1], "k_pid_hsp": [2.443232149704166, 0.36428860937033647, 0.23513883760466703], "k_pid_vsp": [308.88026075200537, 391.5358796025925, 263.9797763872968]}, "datetime": {"datetime": "2025-08-21 12:10:01", "elapsed": 12318.332541704178, "delta": 22.574453353881836}, "costs": {"total_cost": 387.6613499937532, "time_cost": 93.688, "final_distance_cost": 1.7150987363664671, "oscillation_cost": 194.77366771991294, "completition_cost": 0.0, "overshoot_cost": 57.97316022255809, "power_cost": 23.066832385253907, "noise_cost": 16.44459092966176, "n_waypoints_completed": 9, "tot_waypoints": 9}}
{"target": -844.9103948814484, "params": {"k_pid_pos": [1.2615358470353644, 0.678403126493193, 0.9157899139966081], "k_pid_alt": [1.4137921463383765, 0.7260415687185825, 0.9600664350097515], "k_pid_att": [24.89556403139289, 3.779420408286485, 0.3203018806939032], "k_pid_yaw": [0.5, 1e-06, 0.1], "k_pid_hsp": [1.0295856705223987, 0.9168757292888235, 0.8215502732383247], "k_pid_vsp": [29.12110458533754, 369.0587832010764, 92.70457491106556]}, "datetime": {"datetime": "2025-08-21 12:10:25", "elapsed": 12342.014591932297, "delta": 23.682050228118896}, "costs": {"total_cost": 844.9103948814484, "time_cost": 150, "final_distance_cost": 82.33105311564279, "oscillation_cost": 182.60502444488156, "completition_cost": 333.33333333333337, "overshoot_cost": 60.70784923702557, "power_cost": 20.163496691894533, "noise_cost": 15.769638058670454, "n_waypoints_completed": 6, "tot_waypoints": 9}}
{"target": -805.6529668910421, "params": {"k_pid_pos": [1.7811208321122551, 0.11007742292096045, 0.584904613437985], "k_pid_alt": [1.4803742643423565, 0.10889499099098088, 0.4679465382335293], "k_pid_att": [68.03433521230971, 7.65079245508514, 0.027129701640766557], "k_pid_yaw": [0.5, 1e-06, 0.1], "k_pid_hsp": [3.272536600040698, 0.1585392424854163, 0.5678260787390341], "k_pid_vsp": [372.86622709584725, 395.6565050739876, 270.5645465794528]}, "datetime": {"datetime": "2025-08-21 12:10:49", "elapsed": 12365.64614868164, "delta": 23.631556749343872}, "costs": {"total_cost": 805.6529668910421, "time_cost": 150, "final_distance_cost": 64.97644131017148, "oscillation_cost": 282.80324193202273, "completition_cost": 222.2222222222222, "overshoot_cost": 47.18851803310582, "power_cost": 22.143489062500002, "noise_cost": 16.319054331019906, "n_waypoints_completed": 7, "tot_waypoints": 9}}
{"target": -908.1748460065172, "params": {"k_pid_pos": [0.606169945452697, 0.4149467179163351, 0.6894346489386773], "k_pid_alt": [1.1272403519024705, 0.059578418456230464, 0.8646738701105753], "k_pid_att": [51.98363025000946, 6.7987026715155485, 0.2851932671683498], "k_pid_yaw": [0.5, 1e-06, 0.1], "k_pid_hsp": [9.814850242104438, 0.1295493934461006, 0.39050449662500186], "k_pid_vsp": [134.38499764291683, 142.29109163788175, 7.463582581481758]}, "datetime": {"datetime": "2025-08-21 12:11:12", "elapsed": 12389.240241289139, "delta": 23.59409260749817}, "costs": {"total_cost": 908.1748460065172, "time_cost": 150, "final_distance_cost": 73.08784800859301, "oscillation_cost": 275.1498589171885, "completition_cost": 333.33333333333337, "overshoot_cost": 40.502725995644475, "power_cost": 20.02450076904297, "noise_cost": 16.076578982714857, "n_waypoints_completed": 6, "tot_waypoints": 9}}
{"target": -1644.1063060099373, "params": {"k_pid_pos": [0.5547791933901092, 0.8742296897481211, 0.7574127052575227], "k_pid_alt": [1.383717588887397, 0.15007394628851412, 0.2583336065613002], "k_pid_att": [68.03705855196888, 7.409887896397157, 0.7985028988048866], "k_pid_yaw": [0.5, 1e-06, 0.1], "k_pid_hsp": [3.157893657073885, 0.17438752110403888, 0.07843586211923481], "k_pid_vsp": [263.4525290721009, 40.395893492328284, 358.00276118158433]}, "datetime": {"datetime": "2025-08-21 12:11:36", "elapsed": 12412.789496898651, "delta": 23.54925560951233}, "costs": {"total_cost": 1644.1063060099373, "time_cost": 150, "final_distance_cost": 113.28525706313387, "oscillation_cost": 382.2343803458896, "completition_cost": 888.8888888888888, "overshoot_cost": 75.70103098752153, "power_cost": 18.24809814453125, "noise_cost": 15.748650579972079, "n_waypoints_completed": 1, "tot_waypoints": 9}}
{"target": -1252.6287452758293, "params": {"k_pid_pos": [0.6442883199844788, 0.6848546193652308, 0.39318042783488594], "k_pid_alt": [0.3269936699613105, 0.8649794516957368, 0.6361520682050461], "k_pid_att": [87.15264298957565, 1.664471885057367, 0.0927267191114356], "k_pid_yaw": [0.5, 1e-06, 0.1], "k_pid_hsp": [6.0638543633084, 0.011766593003292525, 0.7682569919431479], "k_pid_vsp": [118.58426057497411, 97.33395577910116, 243.3617691730505]}, "datetime": {"datetime": "2025-08-21 12:11:59", "elapsed": 12435.956740379333, "delta": 23.167243480682373}, "costs": {"total_cost": 1252.6287452758293, "time_cost": 150, "final_distance_cost": 67.8969382254726, "oscillation_cost": 261.2194293908902, "completition_cost": 666.6666666666667, "overshoot_cost": 65.49238570606097, "power_cost": 19.435023962402344, "noise_cost": 21.918301324336348, "n_waypoints_completed": 3, "tot_waypoints": 9}}
{"target": -1065.246196613583, "params": {"k_pid_pos": [0.26819031657100045, 0.2730242265031564, 0.04169997214787857], "k_pid_alt": [0.10133245671704105, 0.9390661811415232, 0.7781479273131147], "k_pid_att": [69.2493085208682, 5.954458078034227, 0.8471846531632453], "k_pid_yaw": [0.5, 1e-06, 0.1], "k_pid_hsp": [6.610743403667338, 0.8480079626091417, 0.08663585329816303], "k_pid_vsp": [163.93747790646466, 388.587281052828, 83.86279132182491]}, "datetime": {"datetime": "2025-08-21 12:12:22", "elapsed": 12459.382072210312, "delta": 23.425331830978394}, "costs": {"total_cost": 1065.246196613583, "time_cost": 150, "final_distance_cost": 43.536436151406235, "oscillation_cost": 228.6704039085994, "completition_cost": 555.5555555555555, "overshoot_cost": 53.06698408756636, "power_cost": 18.467413146972657, "noise_cost": 15.949403763482568, "n_waypoints_completed": 4, "tot_waypoints": 9}}
{"target": -1513.1855883234211, "params": {"k_pid_pos": [0.8637007334589457, 0.1775337926623779, 0.6279980179396988], "k_pid_alt": [0.8695562060161921, 0.8437705952424318, 0.6300917689331711], "k_pid_att": [83.34893854149384, 0.9486514089657901, 0.5365449462686857], "k_pid_yaw": [0.5, 1e-06, 0.1], "k_pid_hsp": [4.220921894483367, 0.6804041146107689, 0.604206930174524], "k_pid_vsp": [45.47807044149881, 245.73866171820936, 186.69307243207328]}, "datetime": {"datetime": "2025-08-21 12:12:47", "elapsed": 12483.799286842346, "delta": 24.4172146320343}, "costs": {"total_cost": 1513.1855883234211, "time_cost": 150, "final_distance_cost": 86.04547473951807, "oscillation_cost": 370.00640566403223, "completition_cost": 777.7777777777778, "overshoot_cost": 92.09546156563152, "power_cost": 20.428137841796875, "noise_cost": 16.832330734664712, "n_waypoints_completed": 2, "tot_waypoints": 9}}
{"target": -1043.6621119655254, "params": {"k_pid_pos": [0.7524830306523488, 0.3291886703573029, 0.8243663823472815], "k_pid_alt": [0.4779556199623387, 0.3815989846269544, 0.4813998077924255], "k_pid_att": [36.257509780501074, 1.1868330331364312, 0.3986472022312608], "k_pid_yaw": [0.5, 1e-06, 0.1], "k_pid_hsp": [7.808974674535713, 0.8387259863962779, 0.8486822786743687], "k_pid_vsp": [320.9748720073895, 301.5668239099565, 257.9022817555237]}, "datetime": {"datetime": "2025-08-21 12:13:10", "elapsed": 12507.442420482635, "delta": 23.643133640289307}, "costs": {"total_cost": 1043.6621119655254, "time_cost": 150, "final_distance_cost": 50.14820483829508, "oscillation_cost": 307.36372582857786, "completition_cost": 444.4444444444444, "overshoot_cost": 47.872265437454274, "power_cost": 24.689239306640626, "noise_cost": 19.144232110113155, "n_waypoints_completed": 5, "tot_waypoints": 9}}
{"target": -981.1080004985561, "params": {"k_pid_pos": [0.7393217348304059, 0.036665098049771916, 0.40441677406494103], "k_pid_alt": [0.6829869339290244, 0.13026715482407403, 0.29570607870446675], "k_pid_att": [34.851363580210226, 4.349911102702562, 0.24392285258524538], "k_pid_yaw": [0.5, 1e-06, 0.1], "k_pid_hsp": [4.759364886974959, 0.24463920482765267, 0.9207868409399078], "k_pid_vsp": [285.1929149189985, 370.2618639459526, 158.1424404564039]}, "datetime": {"datetime": "2025-08-21 12:13:34", "elapsed": 12531.0075776577, "delta": 23.565157175064087}, "costs": {"total_cost": 981.1080004985561, "time_cost": 150, "final_distance_cost": 73.38688742433595, "oscillation_cost": 347.6903310281718, "completition_cost": 333.33333333333337, "overshoot_cost": 40.64058103347391, "power_cost": 20.810432031250002, "noise_cost": 15.24643564799098, "n_waypoints_completed": 6, "tot_waypoints": 9}}
{"target": -1742.9338304127484, "params": {"k_pid_pos": [0.05795476479951403, 0.38964138916350644, 0.8974811683618106], "k_pid_alt": [0.4791671590552573, 0.6845633210687645, 0.202137232960108], "k_pid_att": [29.299405943833325, 9.497419715303272, 0.00028440767016180146], "k_pid_yaw": [0.5, 1e-06, 0.1], "k_pid_hsp": [0.17288373456387793, 0.7682326550132103, 0.8380842367281633], "k_pid_vsp": [93.38382057496588, 19.118838648401507, 161.73126668437848]}, "datetime": {"datetime": "2025-08-21 12:13:58", "elapsed": 12554.622242927551, "delta": 23.614665269851685}, "costs": {"total_cost": 1742.9338304127484, "time_cost": 150, "final_distance_cost": 12.126381986598108, "oscillation_cost": 441.71654693433504, "completition_cost": 1000.0, "overshoot_cost": 83.03623770564154, "power_cost": 24.97448062744141, "noise_cost": 31.080183158732417, "n_waypoints_completed": 0, "tot_waypoints": 9}}
