{"target": -900.0672250574391, "params": {"k_pid_pos": [1.827699796819668, 0.7926717424965272, 0.29389079400825846], "k_pid_alt": [0.13238620219537123, 0.7057041572626395, 0.7966148715835237], "k_pid_att": [5.840507154778374, 8.330500167026393, 0.4825251897799846], "k_pid_yaw": [0.5, 1e-06, 0.1], "k_pid_hsp": [5.8424329832942075, 0.450195841632574, 0.7345602538862892], "k_pid_vsp": [172.22543628255434, 343.59357862663086, 111.33233647843838]}, "datetime": {"datetime": "2025-08-21 21:29:58", "elapsed": 45915.41047334671, "delta": 46.822686433792114}, "costs": {"total_cost": 900.0672250574391, "time_cost": 150, "final_distance_cost": 54.344985827971385, "oscillation_cost": 174.78407688058618, "completition_cost": 444.4444444444444, "overshoot_cost": 50.733864065622, "power_cost": 14.427971508789064, "noise_cost": 11.331882330026117, "n_waypoints_completed": 5, "tot_waypoints": 9}}
{"target": -743.5339835726464, "params": {"k_pid_pos": [1.2729635565616053, 0.6244518750580933, 0.21132316489977432], "k_pid_alt": [0.21358933762578047, 0.2802909941990459, 0.5355899678937447], "k_pid_att": [52.204468289853125, 2.199816312179106, 0.8037946678140946], "k_pid_yaw": [0.5, 1e-06, 0.1], "k_pid_hsp": [5.026757168928642, 0.08902101196053636, 0.8661258474930007], "k_pid_vsp": [210.56144661593254, 226.48590433126571, 121.0344697057742]}, "datetime": {"datetime": "2025-08-21 21:30:42", "elapsed": 45958.55946588516, "delta": 43.14899253845215}, "costs": {"total_cost": 743.5339835726464, "time_cost": 150, "final_distance_cost": 77.09407816474004, "oscillation_cost": 190.95102097203403, "completition_cost": 222.2222222222222, "overshoot_cost": 56.07618171255713, "power_cost": 28.081101672363282, "noise_cost": 19.10937882872978, "n_waypoints_completed": 7, "tot_waypoints": 9}}
{"target": -876.5869902390072, "params": {"k_pid_pos": [0.3761173486415761, 0.897807227494621, 0.5343582101713512], "k_pid_alt": [0.2586427337766726, 0.34973007502033204, 0.595914513393463], "k_pid_att": [21.34636200326192, 1.418272757993711, 0.4515612885979847], "k_pid_yaw": [0.5, 1e-06, 0.1], "k_pid_hsp": [0.7864941033810998, 0.6146291711502097, 0.006366879659791991], "k_pid_vsp": [389.91469148410516, 249.1573511301836, 124.22503694538244]}, "datetime": {"datetime": "2025-08-21 21:31:23", "elapsed": 45999.908766269684, "delta": 41.349300384521484}, "costs": {"total_cost": 876.5869902390072, "time_cost": 150, "final_distance_cost": 41.368679908687334, "oscillation_cost": 43.16337837712828, "completition_cost": 555.5555555555555, "overshoot_cost": 47.86737301521676, "power_cost": 22.136554650878907, "noise_cost": 16.495448731540215, "n_waypoints_completed": 4, "tot_waypoints": 9}}
{"target": -707.5312695906127, "params": {"k_pid_pos": [1.8443673147294093, 0.7233472813763899, 0.04780035632596642], "k_pid_alt": [0.8108481185975075, 0.09185837808293475, 0.09138266620715711], "k_pid_att": [64.17666810045687, 4.047843773771772, 0.09901250704195615], "k_pid_yaw": [0.5, 1e-06, 0.1], "k_pid_hsp": [6.477579864031569, 0.08492317238701924, 0.09083467235118062], "k_pid_vsp": [258.7048588119895, 230.77025953902992, 168.33477658951375]}, "datetime": {"datetime": "2025-08-21 21:32:04", "elapsed": 46041.03521823883, "delta": 41.12645196914673}, "costs": {"total_cost": 707.5312695906127, "time_cost": 150, "final_distance_cost": 72.47079314660367, "oscillation_cost": 163.1364509632349, "completition_cost": 222.2222222222222, "overshoot_cost": 54.627231893516445, "power_cost": 26.755588989257813, "noise_cost": 18.318982375777694, "n_waypoints_completed": 7, "tot_waypoints": 9}}
{"target": -1381.7083609832487, "params": {"k_pid_pos": [0.06683401200667505, 0.39380184434843857, 0.9844131785118373], "k_pid_alt": [0.29102480026468136, 0.2707782578818131, 0.2698137471894113], "k_pid_att": [73.5911047877475, 6.005491381534572, 0.3927123785605049], "k_pid_yaw": [0.5, 1e-06, 0.1], "k_pid_hsp": [8.457090593579766, 0.06996482829472028, 0.6674032063455076], "k_pid_vsp": [362.3232352320071, 337.176542928921, 67.63916702434705]}, "datetime": {"datetime": "2025-08-21 21:32:53", "elapsed": 46089.46553874016, "delta": 48.430320501327515}, "costs": {"total_cost": 1381.7083609832487, "time_cost": 150, "final_distance_cost": 55.70549727190331, "oscillation_cost": 409.8209436458552, "completition_cost": 666.6666666666667, "overshoot_cost": 63.38582182639204, "power_cost": 19.42190626220703, "noise_cost": 16.70752531022426, "n_waypoints_completed": 3, "tot_waypoints": 9}}
{"target": -916.4820740901349, "params": {"k_pid_pos": [2.0, 1.0, 0.0], "k_pid_alt": [2.0, 1.0, 1.0], "k_pid_att": [81.39690686594636, 0.0001, 0.0], "k_pid_yaw": [0.5, 1e-06, 0.1], "k_pid_hsp": [10.0, 0.0, 1.0], "k_pid_vsp": [370.78590911519905, 377.3098161207633, 214.53277715995216]}, "datetime": {"datetime": "2025-08-21 21:33:33", "elapsed": 46130.27697849274, "delta": 40.811439752578735}, "costs": {"total_cost": 916.4820740901349, "time_cost": 150, "final_distance_cost": 41.979326211310955, "oscillation_cost": 174.67805483649968, "completition_cost": 444.4444444444444, "overshoot_cost": 67.63366655368877, "power_cost": 20.879285668945315, "noise_cost": 16.86729637524579, "n_waypoints_completed": 5, "tot_waypoints": 9}}
{"target": -790.4464717907728, "params": {"k_pid_pos": [0.6590780284161106, 0.3105518289605739, 0.45080908138711706], "k_pid_alt": [1.645689181254924, 0.4270397666421524, 0.32224313929082105], "k_pid_att": [21.98852371607606, 1.5012634387745531, 0.1649309111612658], "k_pid_yaw": [0.5, 1e-06, 0.1], "k_pid_hsp": [7.108623926686532, 0.9481340376905061, 0.9503839148277745], "k_pid_vsp": [228.88015390626157, 395.12378879799746, 185.55455130940362]}, "datetime": {"datetime": "2025-08-21 21:34:09", "elapsed": 46165.81988430023, "delta": 35.54290580749512}, "costs": {"total_cost": 790.4464717907728, "time_cost": 150, "final_distance_cost": 71.61144405049988, "oscillation_cost": 268.1492521414555, "completition_cost": 222.2222222222222, "overshoot_cost": 47.59062066776398, "power_cost": 17.410291235351565, "noise_cost": 13.462641473479566, "n_waypoints_completed": 7, "tot_waypoints": 9}}
{"target": -220.4210239603686, "params": {"k_pid_pos": [2.0, 0.0, 0.6278935206570073], "k_pid_alt": [2.0, 0.41099714219203065, 0.469606755182576], "k_pid_att": [12.95821030371719, 6.520779623939114, 1.0], "k_pid_yaw": [0.5, 1e-06, 0.1], "k_pid_hsp": [7.063149810506078, 1.0, 0.0], "k_pid_vsp": [167.88056195555595, 341.61325823276746, 103.76844250780282]}, "datetime": {"datetime": "2025-08-21 21:34:44", "elapsed": 46200.761033535004, "delta": 34.94114923477173}, "costs": {"total_cost": 220.4210239603686, "time_cost": 80.536, "final_distance_cost": 1.7546253728491887, "oscillation_cost": 59.14137072436911, "completition_cost": 0.0, "overshoot_cost": 50.94728147791502, "power_cost": 16.188912902832033, "noise_cost": 11.852833482403216, "n_waypoints_completed": 9, "tot_waypoints": 9}}
{"target": -352.81111396670775, "params": {"k_pid_pos": [2.0, 1.0, 1.0], "k_pid_alt": [2.0, 0.0, 1.0], "k_pid_att": [54.64863887461581, 1.8949182358992622, 0.0], "k_pid_yaw": [0.5, 1e-06, 0.1], "k_pid_hsp": [6.370927551553603, 1.0, 0.9748728990450427], "k_pid_vsp": [205.54508709580844, 231.26901762001458, 126.10737091882848]}, "datetime": {"datetime": "2025-08-21 21:35:18", "elapsed": 46235.01714849472, "delta": 34.2561149597168}, "costs": {"total_cost": 352.81111396670775, "time_cost": 84.96000000000001, "final_distance_cost": 1.7757043693798564, "oscillation_cost": 179.76156716792823, "completition_cost": 0.0, "overshoot_cost": 53.04869318289697, "power_cost": 19.108220910644533, "noise_cost": 14.15692833585812, "n_waypoints_completed": 9, "tot_waypoints": 9}}
{"target": -418.97664637420417, "params": {"k_pid_pos": [0.6826108741884351, 0.06739927658574463, 0.22933981532172776], "k_pid_alt": [1.777828891320711, 0.9540030850277615, 0.7178148747834315], "k_pid_att": [67.86852444044963, 8.356076904913495, 0.4117475728519937], "k_pid_yaw": [0.5, 1e-06, 0.1], "k_pid_hsp": [8.874670628645534, 0.8109430597246654, 0.42478059627647036], "k_pid_vsp": [262.40543925652383, 229.5999241519296, 165.6216116125761]}, "datetime": {"datetime": "2025-08-21 21:35:57", "elapsed": 46273.90119481087, "delta": 38.88404631614685}, "costs": {"total_cost": 418.97664637420417, "time_cost": 82.936, "final_distance_cost": 1.796287240070287, "oscillation_cost": 253.1686625062852, "completition_cost": 0.0, "overshoot_cost": 53.3456990051964, "power_cost": 15.20491307373047, "noise_cost": 12.52508454892174, "n_waypoints_completed": 9, "tot_waypoints": 9}}
{"target": -1389.061895415422, "params": {"k_pid_pos": [0.31998975623540116, 0.7259864371110263, 0.7817999364119862], "k_pid_alt": [1.5048987966931804, 0.9646763894141578, 0.33472661043194707], "k_pid_att": [96.06318967209867, 2.529317511638549, 0.6785605498347779], "k_pid_yaw": [0.5, 1e-06, 0.1], "k_pid_hsp": [4.721550780006923, 0.33268778747758876, 0.507207697154328], "k_pid_vsp": [52.27650750656396, 371.83163680074836, 2.519888366571536]}, "datetime": {"datetime": "2025-08-21 21:36:35", "elapsed": 46311.809247493744, "delta": 37.90805268287659}, "costs": {"total_cost": 1389.061895415422, "time_cost": 150, "final_distance_cost": 67.53626481506653, "oscillation_cost": 218.90866217138762, "completition_cost": 888.8888888888888, "overshoot_cost": 28.401029325205165, "power_cost": 20.489745349121094, "noise_cost": 14.837304865753003, "n_waypoints_completed": 1, "tot_waypoints": 9}}
{"target": -597.9673626285094, "params": {"k_pid_pos": [1.3643569810659593, 0.6883550880407504, 0.4449157514728037], "k_pid_alt": [1.7574775173403923, 0.3354702690146057, 0.32967313000683207], "k_pid_att": [50.77047796737693, 8.362057568460724, 0.16447253951179858], "k_pid_yaw": [0.5, 1e-06, 0.1], "k_pid_hsp": [6.056228938004947, 0.8463738349230394, 0.35069479178318286], "k_pid_vsp": [191.16757052755716, 305.01052072810415, 92.30826022565574]}, "datetime": {"datetime": "2025-08-21 21:37:19", "elapsed": 46356.232073545456, "delta": 44.422826051712036}, "costs": {"total_cost": 597.9673626285094, "time_cost": 150, "final_distance_cost": 3.8997026032178534, "oscillation_cost": 245.51385733195409, "completition_cost": 111.11111111111116, "overshoot_cost": 53.70583272499773, "power_cost": 18.8560439453125, "noise_cost": 14.880814911915948, "n_waypoints_completed": 8, "tot_waypoints": 9}}
{"target": -595.1694589562132, "params": {"k_pid_pos": [0.6643314576671702, 0.5369913961759265, 0.2001512405209277], "k_pid_alt": [0.46335053825775807, 0.6688045499088595, 0.4246028248966838], "k_pid_att": [35.04700291066397, 7.973357582607777, 0.43362495873314666], "k_pid_yaw": [0.5, 1e-06, 0.1], "k_pid_hsp": [5.911829314271183, 0.8160440875427466, 0.002403029114733557], "k_pid_vsp": [313.13431110977945, 45.973266643641665, 55.724828929733675]}, "datetime": {"datetime": "2025-08-21 21:38:01", "elapsed": 46397.87976002693, "delta": 41.64768648147583}, "costs": {"total_cost": 595.1694589562132, "time_cost": 150, "final_distance_cost": 74.76136832969043, "oscillation_cost": 58.65419704371624, "completition_cost": 222.2222222222222, "overshoot_cost": 54.62174513921, "power_cost": 20.1916181640625, "noise_cost": 14.718308057311946, "n_waypoints_completed": 7, "tot_waypoints": 9}}
{"target": -781.3967263556542, "params": {"k_pid_pos": [1.949802012919876, 0.9286035783888944, 0.40616325106936346], "k_pid_alt": [0.6548173532528765, 0.8895341176310834, 0.09564434083980677], "k_pid_att": [34.695893838396074, 9.029235268760255, 0.9078069876144302], "k_pid_yaw": [0.5, 1e-06, 0.1], "k_pid_hsp": [8.98242251853146, 0.541887132082811, 0.14534567054860925], "k_pid_vsp": [103.68751590002563, 68.07161772854914, 22.916776192903463]}, "datetime": {"datetime": "2025-08-21 21:38:46", "elapsed": 46442.8209438324, "delta": 44.9411838054657}, "costs": {"total_cost": 781.3967263556542, "time_cost": 150, "final_distance_cost": 59.99717419854484, "oscillation_cost": 141.9870379810104, "completition_cost": 333.33333333333337, "overshoot_cost": 58.66779124287521, "power_cost": 20.52417208251953, "noise_cost": 16.887217517370942, "n_waypoints_completed": 6, "tot_waypoints": 9}}
{"target": -1335.3377918747387, "params": {"k_pid_pos": [0.7703571077699106, 0.9590688086990456, 0.004872070673726303], "k_pid_alt": [1.7876364125458712, 0.21039717844884542, 0.1560017593723887], "k_pid_att": [58.99140020258069, 7.552082256480054, 0.6325805472260915], "k_pid_yaw": [0.5, 1e-06, 0.1], "k_pid_hsp": [7.929216487017995, 0.5273827177172735, 0.02969617552626236], "k_pid_vsp": [365.6490633443747, 216.8175762691038, 26.921864245736458]}, "datetime": {"datetime": "2025-08-21 21:39:28", "elapsed": 46484.63683485985, "delta": 41.81589102745056}, "costs": {"total_cost": 1335.3377918747387, "time_cost": 150, "final_distance_cost": 45.86268211323799, "oscillation_cost": 70.34575236111841, "completition_cost": 1000.0, "overshoot_cost": 25.807677369105186, "power_cost": 25.14654987792969, "noise_cost": 18.17513015334756, "n_waypoints_completed": 0, "tot_waypoints": 9}}
{"target": -815.0596742302471, "params": {"k_pid_pos": [2.0, 0.9683694190176736, 0.0], "k_pid_alt": [1.2547586825350918, 0.3376991703548357, 0.2633738482706546], "k_pid_att": [42.49982168406734, 8.561296778674862, 0.4700796806562476], "k_pid_yaw": [0.5, 1e-06, 0.1], "k_pid_hsp": [7.233246316552299, 0.0, 0.6780615293139165], "k_pid_vsp": [290.0858920186519, 72.9903756627464, 43.38316253310536]}, "datetime": {"datetime": "2025-08-21 21:40:07", "elapsed": 46523.60003685951, "delta": 38.96320199966431}, "costs": {"total_cost": 815.0596742302471, "time_cost": 150, "final_distance_cost": 78.32230383795911, "oscillation_cost": 145.78120236111408, "completition_cost": 333.33333333333337, "overshoot_cost": 60.165067015922254, "power_cost": 27.810771923828128, "noise_cost": 19.646995758090195, "n_waypoints_completed": 6, "tot_waypoints": 9}}
{"target": -429.3733108138013, "params": {"k_pid_pos": [2.0, 0.0, 1.0], "k_pid_alt": [2.0, 0.0, 0.0], "k_pid_att": [66.53370629963277, 3.9994819296371125, 0.0], "k_pid_yaw": [0.5, 1e-06, 0.1], "k_pid_hsp": [10.0, 1.0, 1.0], "k_pid_vsp": [255.66739307367155, 267.0395304470343, 272.1989982195883]}, "datetime": {"datetime": "2025-08-21 21:40:45", "elapsed": 46561.900002241135, "delta": 38.299965381622314}, "costs": {"total_cost": 429.3733108138013, "time_cost": 87.60000000000001, "final_distance_cost": 1.789813401285516, "oscillation_cost": 245.8299730138727, "completition_cost": 0.0, "overshoot_cost": 60.78755700260627, "power_cost": 18.667356872558596, "noise_cost": 14.698610523478283, "n_waypoints_completed": 9, "tot_waypoints": 9}}
{"target": -679.113293445329, "params": {"k_pid_pos": [0.7648426611904151, 0.17836928539174646, 0.268303642024347], "k_pid_alt": [0.8280059638920199, 0.035770846043187254, 0.30709007495506413], "k_pid_att": [17.203366951312926, 8.786958336954886, 0.39159401933027105], "k_pid_yaw": [0.5, 1e-06, 0.1], "k_pid_hsp": [8.358386285242762, 0.5304606029240194, 0.9456575585936665], "k_pid_vsp": [391.4729877012502, 246.46663347098516, 118.70864540313487]}, "datetime": {"datetime": "2025-08-21 21:41:26", "elapsed": 46602.98192882538, "delta": 41.081926584243774}, "costs": {"total_cost": 679.113293445329, "time_cost": 150, "final_distance_cost": 10.818452441939154, "oscillation_cost": 315.17278370431114, "completition_cost": 111.11111111111116, "overshoot_cost": 53.40147519452872, "power_cost": 22.485997570800784, "noise_cost": 16.123473422637982, "n_waypoints_completed": 8, "tot_waypoints": 9}}
{"target": -1175.6444706011496, "params": {"k_pid_pos": [0.8888964136198573, 0.027460558890177067, 0.6446978390035352], "k_pid_alt": [0.07218323784740166, 0.05142745231780155, 0.7322357429137831], "k_pid_att": [41.027289207510634, 5.405444466716504, 0.5422784550559063], "k_pid_yaw": [0.5, 1e-06, 0.1], "k_pid_hsp": [9.22565475462938, 0.38328146112548644, 0.9222666514145519], "k_pid_vsp": [92.11896314544998, 56.01004383736665, 30.04223546511605]}, "datetime": {"datetime": "2025-08-21 21:42:06", "elapsed": 46642.585854291916, "delta": 39.603925466537476}, "costs": {"total_cost": 1175.6444706011496, "time_cost": 150, "final_distance_cost": 44.358044668370724, "oscillation_cost": 345.0119795384147, "completition_cost": 555.5555555555555, "overshoot_cost": 48.49172114755852, "power_cost": 17.923401037597657, "noise_cost": 14.30376865365258, "n_waypoints_completed": 4, "tot_waypoints": 9}}
{"target": -1340.2100888519974, "params": {"k_pid_pos": [0.7448601363462631, 0.0, 1.0], "k_pid_alt": [0.7352009337055633, 1.0, 1.0], "k_pid_att": [99.06084652910997, 10.0, 0.8661003476551562], "k_pid_yaw": [0.5, 1e-06, 0.1], "k_pid_hsp": [0.0001, 0.6520642315785096, 0.0], "k_pid_vsp": [147.9658513900407, 232.9136339760536, 47.03693859430289]}, "datetime": {"datetime": "2025-08-21 21:42:47", "elapsed": 46684.4499297142, "delta": 41.86407542228699}, "costs": {"total_cost": 1340.2100888519974, "time_cost": 150, "final_distance_cost": 63.90303674412449, "oscillation_cost": 119.74446855081155, "completition_cost": 888.8888888888888, "overshoot_cost": 71.55571483735054, "power_cost": 27.59148883056641, "noise_cost": 18.526491000255373, "n_waypoints_completed": 1, "tot_waypoints": 9}}
{"target": -787.0703499258303, "params": {"k_pid_pos": [0.9765180364627859, 0.5952701882917434, 0.46246156604938693], "k_pid_alt": [1.413174956023147, 0.1975517625433323, 0.16508360831018154], "k_pid_att": [11.847972068731561, 2.745975179418665, 0.07221845563359708], "k_pid_yaw": [0.5, 1e-06, 0.1], "k_pid_hsp": [6.20756628274591, 0.30698809918645287, 0.748945074365749], "k_pid_vsp": [156.12706482873097, 210.39925918258538, 47.951268950930746]}, "datetime": {"datetime": "2025-08-21 21:43:30", "elapsed": 46726.96697473526, "delta": 42.51704502105713}, "costs": {"total_cost": 787.0703499258303, "time_cost": 150, "final_distance_cost": 72.5463586171224, "oscillation_cost": 270.88748202543445, "completition_cost": 222.2222222222222, "overshoot_cost": 42.57675781178273, "power_cost": 16.232749645996094, "noise_cost": 12.604779603272425, "n_waypoints_completed": 7, "tot_waypoints": 9}}
{"target": -258.934869811363, "params": {"k_pid_pos": [2.0, 0.0, 0.0], "k_pid_alt": [2.0, 1.0, 0.0], "k_pid_att": [10.773386874112921, 6.824248720653918, 1.0], "k_pid_yaw": [0.5, 1e-06, 0.1], "k_pid_hsp": [10.0, 1.0, 0.0], "k_pid_vsp": [174.98444553845164, 349.63109768746705, 110.98197485655214]}, "datetime": {"datetime": "2025-08-21 21:44:22", "elapsed": 46779.330961704254, "delta": 52.36398696899414}, "costs": {"total_cost": 258.934869811363, "time_cost": 88.488, "final_distance_cost": 1.7608783803314338, "oscillation_cost": 79.7643443962004, "completition_cost": 0.0, "overshoot_cost": 55.43512333924696, "power_cost": 19.088264660644533, "noise_cost": 14.39825903493966, "n_waypoints_completed": 9, "tot_waypoints": 9}}
{"target": -383.319372333401, "params": {"k_pid_pos": [1.3137141608519067, 0.39969212189544767, 0.33229207647417985], "k_pid_alt": [1.7726311018209686, 0.7215061289001234, 1.0], "k_pid_att": [63.97422885835646, 8.080918842547325, 0.7712601803714969], "k_pid_yaw": [0.5, 1e-06, 0.1], "k_pid_hsp": [9.436660533677507, 0.6861977950698371, 0.39800194062188937], "k_pid_vsp": [259.4768063194271, 230.60506555640694, 161.54304253911144]}, "datetime": {"datetime": "2025-08-21 21:44:57", "elapsed": 46814.348541259766, "delta": 35.017579555511475}, "costs": {"total_cost": 383.319372333401, "time_cost": 86.56, "final_distance_cost": 1.8299420663868127, "oscillation_cost": 207.92612209420682, "completition_cost": 0.0, "overshoot_cost": 55.62517717543603, "power_cost": 17.621276342773438, "noise_cost": 13.756854654597914, "n_waypoints_completed": 9, "tot_waypoints": 9}}
{"target": -317.9768820117451, "params": {"k_pid_pos": [1.9665926519138754, 0.04952461717444333, 0.8228160635475237], "k_pid_alt": [2.0, 1.0, 1.0], "k_pid_att": [18.468723681957652, 4.438778761403301, 0.7520287507529471], "k_pid_yaw": [0.5, 1e-06, 0.1], "k_pid_hsp": [5.251987009418338, 1.0, 0.5574909466779407], "k_pid_vsp": [332.22018192565486, 323.4234956936326, 16.469800859350084]}, "datetime": {"datetime": "2025-08-21 21:45:42", "elapsed": 46858.85655260086, "delta": 44.50801134109497}, "costs": {"total_cost": 317.9768820117451, "time_cost": 78.968, "final_distance_cost": 1.7870333477412785, "oscillation_cost": 157.29278529856032, "completition_cost": 0.0, "overshoot_cost": 51.86999600979749, "power_cost": 15.913581140136719, "noise_cost": 12.145486215509244, "n_waypoints_completed": 9, "tot_waypoints": 9}}
{"target": -2166.7808961693954, "params": {"k_pid_pos": [1.4237215654446878, 0.9849378216703841, 0.9176811487126844], "k_pid_alt": [1.8625566658080372, 0.060460312811668415, 0.934710138342998], "k_pid_att": [0.889821419296799, 7.0883259029449, 0.21861634952633668], "k_pid_yaw": [0.5, 1e-06, 0.1], "k_pid_hsp": [9.279322132835235, 0.2733623530127922, 0.7884176392770711], "k_pid_vsp": [168.7741505089578, 20.600297750830766, 5.634926724294465]}, "datetime": {"datetime": "2025-08-21 21:46:27", "elapsed": 46904.21893239021, "delta": 45.36237978935242}, "costs": {"total_cost": 2166.7808961693954, "time_cost": 150, "final_distance_cost": 20.18152719244265, "oscillation_cost": 733.4652091512452, "completition_cost": 1000.0, "overshoot_cost": 140.39777493009407, "power_cost": 35.59626927490235, "noise_cost": 87.14011562071101, "n_waypoints_completed": 0, "tot_waypoints": 9}}
