{"target": -618.9087075317182, "params": {"k_pid_pos": [0.9514072778207942, 0.7318630543476486, 0.01872417483302402], "k_pid_alt": [1.9187244233124556, 0.7861764324389097, 0.5943334034755937], "k_pid_att": [21.370859053663693, 7.019711072253585, 0.9230632315091365], "k_pid_yaw": [0.5, 1e-06, 0.1], "k_pid_hsp": [8.3869798877844, 0.29742210857007745, 0.48629682979204625], "k_pid_vsp": [322.8629070570239, 207.58193328520167, 164.38226117409764]}, "datetime": {"datetime": "2025-08-21 14:32:56", "elapsed": 20892.600414276123, "delta": 25.56765604019165}, "costs": {"total_cost": 618.9087075317182, "time_cost": 150, "final_distance_cost": 65.76346942015176, "oscillation_cost": 202.85700575832806, "completition_cost": 111.11111111111116, "overshoot_cost": 51.991096675855516, "power_cost": 20.847479235839845, "noise_cost": 16.338545330431874, "n_waypoints_completed": 8, "tot_waypoints": 9}}
{"target": -1490.6518931667874, "params": {"k_pid_pos": [0.9738154836262369, 0.6914665103856729, 0.15960075297726817], "k_pid_alt": [0.17171642347656535, 0.3404479577148113, 0.7080362589217424], "k_pid_att": [51.135443438130636, 9.273151383678313, 0.5334816558465268], "k_pid_yaw": [0.5, 1e-06, 0.1], "k_pid_hsp": [5.395703551297012, 0.8774728755671674, 0.05296410479633351], "k_pid_vsp": [119.28007286127884, 337.7794154475503, 354.4662912854325]}, "datetime": {"datetime": "2025-08-21 14:33:24", "elapsed": 20920.63524723053, "delta": 28.03483295440674}, "costs": {"total_cost": 1490.6518931667874, "time_cost": 150, "final_distance_cost": 72.06134328715545, "oscillation_cost": 223.21139573289918, "completition_cost": 888.8888888888888, "overshoot_cost": 125.2186906809754, "power_cost": 15.591881396484375, "noise_cost": 15.679693180384307, "n_waypoints_completed": 1, "tot_waypoints": 9}}
{"target": -1014.7024758770065, "params": {"k_pid_pos": [1.766473950046582, 0.9195377014162467, 0.5672221762550518], "k_pid_alt": [0.39833945268509674, 0.9385547278363368, 0.17536097356135616], "k_pid_att": [67.28356269578713, 5.59411389270466, 0.16310716970689954], "k_pid_yaw": [0.5, 1e-06, 0.1], "k_pid_hsp": [1.2911024050856537, 0.42808062912592426, 0.25697626208024127], "k_pid_vsp": [321.1460536834999, 72.08682568382419, 102.27900717750384]}, "datetime": {"datetime": "2025-08-21 14:33:53", "elapsed": 20950.09407043457, "delta": 29.458823204040527}, "costs": {"total_cost": 1014.7024758770065, "time_cost": 150, "final_distance_cost": 51.11576432623011, "oscillation_cost": 160.93291490626487, "completition_cost": 555.5555555555555, "overshoot_cost": 60.24700715890857, "power_cost": 20.267250927734377, "noise_cost": 16.58398300231309, "n_waypoints_completed": 4, "tot_waypoints": 9}}
{"target": -394.7292588009116, "params": {"k_pid_pos": [1.6480342431319537, 0.054471804067690255, 0.8716683365520649], "k_pid_alt": [1.4325410881716212, 0.02401679955675473, 0.6021350639207517], "k_pid_att": [69.4933119431277, 1.4416250565363944, 0.6648574824610081], "k_pid_yaw": [0.5, 1e-06, 0.1], "k_pid_hsp": [9.350091298289914, 0.7786470864331497, 0.9411751632275128], "k_pid_vsp": [252.9838113976009, 264.54173693167496, 265.69019023104187]}, "datetime": {"datetime": "2025-08-21 14:34:15", "elapsed": 20971.957989931107, "delta": 21.863919496536255}, "costs": {"total_cost": 394.7292588009116, "time_cost": 82.512, "final_distance_cost": 1.8205298321221604, "oscillation_cost": 221.2787977791781, "completition_cost": 0.0, "overshoot_cost": 55.73084578319863, "power_cost": 18.94448533935547, "noise_cost": 14.442600067057306, "n_waypoints_completed": 9, "tot_waypoints": 9}}
{"target": -1794.736334539878, "params": {"k_pid_pos": [0.749003027692099, 0.027979207378557414, 0.7342632834592998], "k_pid_alt": [1.898828709417072, 0.7141810597268405, 0.3761800244115927], "k_pid_att": [86.03776463008992, 5.689955333224989, 0.500873105438057], "k_pid_yaw": [0.5, 1e-06, 0.1], "k_pid_hsp": [8.514981660603318, 0.7092852765447789, 0.5242175813190417], "k_pid_vsp": [110.7553785392426, 124.05507148865371, 197.95504828844102]}, "datetime": {"datetime": "2025-08-21 14:34:40", "elapsed": 20997.405262470245, "delta": 25.447272539138794}, "costs": {"total_cost": 1794.736334539878, "time_cost": 150, "final_distance_cost": 112.2236117168186, "oscillation_cost": 443.41537384094147, "completition_cost": 888.8888888888888, "overshoot_cost": 167.88164869058764, "power_cost": 17.458746118164065, "noise_cost": 14.868065284477499, "n_waypoints_completed": 1, "tot_waypoints": 9}}
{"target": -1447.4318558763832, "params": {"k_pid_pos": [1.6813766178050826, 0.9440445950153054, 0.5163331431965247], "k_pid_alt": [0.6281259911499211, 0.6943300890702733, 0.825101598234124], "k_pid_att": [60.34441810917696, 8.498476211642382, 0.09867555594030197], "k_pid_yaw": [0.5, 1e-06, 0.1], "k_pid_hsp": [7.911169953088728, 0.24985076441922582, 0.43130345652072544], "k_pid_vsp": [7.2952160824100165, 179.2031950897644, 113.14500648285949]}, "datetime": {"datetime": "2025-08-21 14:35:06", "elapsed": 21023.209580898285, "delta": 25.80431842803955}, "costs": {"total_cost": 1447.4318558763832, "time_cost": 150, "final_distance_cost": 78.50446077913084, "oscillation_cost": 317.61333851960944, "completition_cost": 777.7777777777778, "overshoot_cost": 77.34680722211431, "power_cost": 23.55913447265625, "noise_cost": 22.630337105094693, "n_waypoints_completed": 2, "tot_waypoints": 9}}
{"target": -1460.555201309044, "params": {"k_pid_pos": [0.37527249179819266, 0.11332839004938378, 0.23002955735549957], "k_pid_alt": [0.34788378870025705, 0.47822694930680354, 0.8385951289484087], "k_pid_att": [89.30354327265123, 5.080176614963233, 0.7963580467518405], "k_pid_yaw": [0.5, 1e-06, 0.1], "k_pid_hsp": [9.734889998159426, 0.07005006580620698, 0.7855457628770479], "k_pid_vsp": [316.47317726273985, 214.25584718336987, 166.9235636430796]}, "datetime": {"datetime": "2025-08-21 14:35:32", "elapsed": 21048.93131160736, "delta": 25.721730709075928}, "costs": {"total_cost": 1460.555201309044, "time_cost": 150, "final_distance_cost": 89.16951999676431, "oscillation_cost": 376.82484115330465, "completition_cost": 777.7777777777778, "overshoot_cost": 33.68483699461891, "power_cost": 18.360608825683595, "noise_cost": 14.737616560894686, "n_waypoints_completed": 2, "tot_waypoints": 9}}
{"target": -1003.5403114742634, "params": {"k_pid_pos": [1.965948146267589, 0.9926535519463108, 0.08676236513707192], "k_pid_alt": [1.9113943075171738, 0.20549939788211802, 0.9112692502076055], "k_pid_att": [61.04315662767892, 3.6056901721883814, 0.5503947702329756], "k_pid_yaw": [0.5, 1e-06, 0.1], "k_pid_hsp": [2.7332463660350426, 0.9796747895905841, 0.7592867964181632], "k_pid_vsp": [57.64454307085059, 180.8750400297448, 132.1025275270191]}, "datetime": {"datetime": "2025-08-21 14:35:58", "elapsed": 21074.865243434906, "delta": 25.933931827545166}, "costs": {"total_cost": 1003.5403114742634, "time_cost": 150, "final_distance_cost": 38.77700079632892, "oscillation_cost": 143.82939908665654, "completition_cost": 555.5555555555555, "overshoot_cost": 70.23295183487109, "power_cost": 26.24523825683594, "noise_cost": 18.900165944015413, "n_waypoints_completed": 4, "tot_waypoints": 9}}
{"target": -949.9658675599784, "params": {"k_pid_pos": [0.5100451059393354, 0.9903463338822627, 0.19313691674803457], "k_pid_alt": [1.0638020117540292, 0.993667127924342, 0.3658862945928575], "k_pid_att": [23.989122556557973, 1.3145989033738346, 0.2746774109571791], "k_pid_yaw": [0.5, 1e-06, 0.1], "k_pid_hsp": [4.314578543320029, 0.6670180564704137, 0.3724260716036618], "k_pid_vsp": [284.15358888051446, 150.2959519503662, 69.61176524232623]}, "datetime": {"datetime": "2025-08-21 14:36:27", "elapsed": 21103.999036550522, "delta": 29.133793115615845}, "costs": {"total_cost": 949.9658675599784, "time_cost": 150, "final_distance_cost": 44.98252790651548, "oscillation_cost": 109.29526754715435, "completition_cost": 555.5555555555555, "overshoot_cost": 57.08108618851344, "power_cost": 18.21243377685547, "noise_cost": 14.838996585384056, "n_waypoints_completed": 4, "tot_waypoints": 9}}
{"target": -908.9892749554709, "params": {"k_pid_pos": [1.855924331650646, 0.4975580188466887, 0.4219133215874301], "k_pid_alt": [0.12925177744781036, 0.4621794391094156, 0.3006282227032183], "k_pid_att": [92.48848891318305, 7.9759519191091615, 0.33007222572236605], "k_pid_yaw": [0.5, 1e-06, 0.1], "k_pid_hsp": [5.26591925247398, 0.41310613138057706, 0.3900658601482655], "k_pid_vsp": [129.38729622322103, 301.96263989123065, 133.87294107751327]}, "datetime": {"datetime": "2025-08-21 14:36:53", "elapsed": 21129.965728998184, "delta": 25.966692447662354}, "costs": {"total_cost": 908.9892749554709, "time_cost": 150, "final_distance_cost": 54.57969146165405, "oscillation_cost": 275.53019873585623, "completition_cost": 333.33333333333337, "overshoot_cost": 60.166643611294106, "power_cost": 20.160808911132815, "noise_cost": 15.218598902200378, "n_waypoints_completed": 6, "tot_waypoints": 9}}
{"target": -1145.397470839156, "params": {"k_pid_pos": [0.12385224952428991, 0.8911807366983983, 0.785560303873758], "k_pid_alt": [0.8583103826805771, 0.02848151156683365, 0.9363705663786012], "k_pid_att": [74.97011183548538, 6.1702432248215615, 0.7525828254017873], "k_pid_yaw": [0.5, 1e-06, 0.1], "k_pid_hsp": [7.406070108965569, 0.3314482780089708, 0.7015142681513358], "k_pid_vsp": [133.32831080938013, 305.74498539753364, 88.28029021888149]}, "datetime": {"datetime": "2025-08-21 14:37:25", "elapsed": 21161.876292467117, "delta": 31.910563468933105}, "costs": {"total_cost": 1145.397470839156, "time_cost": 150, "final_distance_cost": 50.41829587844039, "oscillation_cost": 183.49299298455563, "completition_cost": 666.6666666666667, "overshoot_cost": 52.43967515743127, "power_cost": 24.73380524902344, "noise_cost": 17.64603490303886, "n_waypoints_completed": 3, "tot_waypoints": 9}}
{"target": -991.8286170350419, "params": {"k_pid_pos": [1.727648102799263, 0.988109462114765, 0.11668022367702158], "k_pid_alt": [1.6664895450757555, 0.21785489882624876, 0.7662254197776797], "k_pid_att": [57.09153696243382, 0.45111247325950443, 0.16681619867545694], "k_pid_yaw": [0.5, 1e-06, 0.1], "k_pid_hsp": [6.8763834250960025, 0.6351853926009676, 0.5712243689113112], "k_pid_vsp": [312.89564568260374, 371.4549233320713, 160.36189552840509]}, "datetime": {"datetime": "2025-08-21 14:37:51", "elapsed": 21187.641096115112, "delta": 25.764803647994995}, "costs": {"total_cost": 991.8286170350419, "time_cost": 150, "final_distance_cost": 36.86952895655589, "oscillation_cost": 153.20917294309322, "completition_cost": 555.5555555555555, "overshoot_cost": 59.323873722137186, "power_cost": 21.484849145507813, "noise_cost": 15.385636712192342, "n_waypoints_completed": 4, "tot_waypoints": 9}}
{"target": -1299.1238438786193, "params": {"k_pid_pos": [1.5395353064014714, 0.7465601433712722, 0.8276649024919804], "k_pid_alt": [1.9461185666396947, 0.24067452451043547, 0.7312222537490322], "k_pid_att": [8.8663427960051, 8.039265218648795, 0.5003219756509608], "k_pid_yaw": [0.5, 1e-06, 0.1], "k_pid_hsp": [3.1551487906719116, 0.7384216761518891, 0.5624810477706486], "k_pid_vsp": [50.18699033397183, 89.579301380867, 126.39877330570805]}, "datetime": {"datetime": "2025-08-21 14:38:16", "elapsed": 21213.317878961563, "delta": 25.676782846450806}, "costs": {"total_cost": 1299.1238438786193, "time_cost": 150, "final_distance_cost": 87.13142383093212, "oscillation_cost": 269.9314179636712, "completition_cost": 666.6666666666667, "overshoot_cost": 83.53537269774854, "power_cost": 19.535320361328125, "noise_cost": 22.32364235827251, "n_waypoints_completed": 3, "tot_waypoints": 9}}
{"target": -1342.9306690020949, "params": {"k_pid_pos": [1.6273159909578405, 0.25961134055182344, 0.5920855830055225], "k_pid_alt": [1.3334527791200117, 0.7994214717755586, 0.628285885327392], "k_pid_att": [88.81398798242977, 2.487206446158217, 0.9511076584677456], "k_pid_yaw": [0.5, 1e-06, 0.1], "k_pid_hsp": [7.0328184856181055, 0.24663020240666078, 0.40710455806452794], "k_pid_vsp": [21.46386258569466, 314.64835449767963, 277.5411905323976]}, "datetime": {"datetime": "2025-08-21 14:38:47", "elapsed": 21243.503695487976, "delta": 30.185816526412964}, "costs": {"total_cost": 1342.9306690020949, "time_cost": 150, "final_distance_cost": 68.01165111430112, "oscillation_cost": 326.4677821970723, "completition_cost": 666.6666666666667, "overshoot_cost": 94.27275327512355, "power_cost": 20.28100378417969, "noise_cost": 17.23081196475144, "n_waypoints_completed": 3, "tot_waypoints": 9}}
{"target": -1446.3719368636725, "params": {"k_pid_pos": [1.8289800867448416, 0.657583480991478, 0.26960996696668194], "k_pid_alt": [1.3387383507075101, 0.5429980113297177, 0.6714803135343479], "k_pid_att": [66.1873702197294, 1.2656554853008841, 0.28458436776291063], "k_pid_yaw": [0.5, 1e-06, 0.1], "k_pid_hsp": [8.53285943471806, 0.37023841814145164, 0.2145102056990884], "k_pid_vsp": [93.60851146070304, 176.59037127831866, 386.9862073553487]}, "datetime": {"datetime": "2025-08-21 14:39:13", "elapsed": 21270.14892053604, "delta": 26.645225048065186}, "costs": {"total_cost": 1446.3719368636725, "time_cost": 150, "final_distance_cost": 80.9418305709055, "oscillation_cost": 328.04135992810825, "completition_cost": 777.7777777777778, "overshoot_cost": 75.04023625803119, "power_cost": 17.03788992919922, "noise_cost": 17.53284239965052, "n_waypoints_completed": 2, "tot_waypoints": 9}}
{"target": -1685.4350834860381, "params": {"k_pid_pos": [1.8746870497610786, 0.14410651504739946, 0.2725543885974391], "k_pid_alt": [1.4780807315563278, 0.04879484521355115, 0.5773527178721481], "k_pid_att": [27.439516255004737, 7.476981160644563, 0.27874218282850005], "k_pid_yaw": [0.5, 1e-06, 0.1], "k_pid_hsp": [0.5030609903725853, 0.0839246806883912, 0.216853737062775], "k_pid_vsp": [142.0796183534799, 270.1540789615422, 392.9393261610339]}, "datetime": {"datetime": "2025-08-21 14:39:40", "elapsed": 21297.174664258957, "delta": 27.02574372291565}, "costs": {"total_cost": 1685.4350834860381, "time_cost": 150, "final_distance_cost": 46.831180821312415, "oscillation_cost": 359.3777593834813, "completition_cost": 1000.0, "overshoot_cost": 75.0985767461839, "power_cost": 20.616402832031252, "noise_cost": 33.51116370302924, "n_waypoints_completed": 0, "tot_waypoints": 9}}
{"target": -3128.290809558749, "params": {"k_pid_pos": [1.037171198424499, 0.2672360525430705, 0.7214999520255836], "k_pid_alt": [1.7611623376748815, 0.10084811118734138, 0.9843315651780601], "k_pid_att": [98.12378449849997, 9.467545996510212, 0.1925605952483619], "k_pid_yaw": [0.5, 1e-06, 0.1], "k_pid_hsp": [6.032445895132975, 0.5561544717938377, 0.10010443603426389], "k_pid_vsp": [50.05585633598031, 188.4407246261261, 399.77201582315485]}, "datetime": {"datetime": "2025-08-21 14:40:09", "elapsed": 21325.5677754879, "delta": 28.39311122894287}, "costs": {"total_cost": 3128.290809558749, "time_cost": 150, "final_distance_cost": 493.62048430920197, "oscillation_cost": 428.14378872325295, "completition_cost": 888.8888888888888, "overshoot_cost": 1131.3359465078652, "power_cost": 20.2289544921875, "noise_cost": 16.072746637352857, "n_waypoints_completed": 1, "tot_waypoints": 9}}
{"target": -1521.3414410918024, "params": {"k_pid_pos": [1.7709673249917004, 0.838624971108616, 0.9381779268615699], "k_pid_alt": [0.6404847231740862, 0.9843213107289945, 0.7650823746184097], "k_pid_att": [31.216473161267732, 3.32476835946282, 0.4143953730822568], "k_pid_yaw": [0.5, 1e-06, 0.1], "k_pid_hsp": [0.9783071762844034, 0.9950824479598093, 0.6897106063708962], "k_pid_vsp": [25.81019700888585, 64.0728367267987, 162.79639222403776]}, "datetime": {"datetime": "2025-08-21 14:40:34", "elapsed": 21350.87313771248, "delta": 25.305362224578857}, "costs": {"total_cost": 1521.3414410918024, "time_cost": 150, "final_distance_cost": 16.956783420460116, "oscillation_cost": 120.12588089883947, "completition_cost": 1000.0, "overshoot_cost": 138.9812337294842, "power_cost": 23.202525451660158, "noise_cost": 72.0750175913583, "n_waypoints_completed": 0, "tot_waypoints": 9}}
{"target": -1549.7624171861355, "params": {"k_pid_pos": [0.9313503049834162, 0.17474032589468325, 0.04578769828195495], "k_pid_alt": [1.9045397469094028, 0.3920188442985255, 0.7605266021959707], "k_pid_att": [75.25638484501785, 1.9105702091796934, 0.2570606533386316], "k_pid_yaw": [0.5, 1e-06, 0.1], "k_pid_hsp": [2.444336881272827, 0.30375409971886747, 0.7403766989175598], "k_pid_vsp": [122.71111845687793, 287.2750941620194, 398.0322485054985]}, "datetime": {"datetime": "2025-08-21 14:41:00", "elapsed": 21376.498537302017, "delta": 25.625399589538574}, "costs": {"total_cost": 1549.7624171861355, "time_cost": 150, "final_distance_cost": 39.66131125334668, "oscillation_cost": 223.291998118295, "completition_cost": 1000.0, "overshoot_cost": 86.23965367670434, "power_cost": 28.762044116210937, "noise_cost": 21.807410021578317, "n_waypoints_completed": 0, "tot_waypoints": 9}}
{"target": -403.73027491878076, "params": {"k_pid_pos": [1.468552598355877, 0.3000294026101078, 0.8194472991237423], "k_pid_alt": [0.6042678463757916, 0.09022564333295646, 0.5151650337613158], "k_pid_att": [98.43483552561626, 6.755596599955099, 0.9440307967006494], "k_pid_yaw": [0.5, 1e-06, 0.1], "k_pid_hsp": [5.6681614670742855, 0.5681689699101966, 0.4320879150399912], "k_pid_vsp": [252.46826504243512, 318.12184675286574, 8.636398171032909]}, "datetime": {"datetime": "2025-08-21 14:41:22", "elapsed": 21399.004227638245, "delta": 22.505690336227417}, "costs": {"total_cost": 403.73027491878076, "time_cost": 85.776, "final_distance_cost": 1.7389943043946332, "oscillation_cost": 235.4111518940083, "completition_cost": 0.0, "overshoot_cost": 52.04708901141505, "power_cost": 15.408849145507814, "noise_cost": 13.348190563454983, "n_waypoints_completed": 9, "tot_waypoints": 9}}
{"target": -907.8043795892104, "params": {"k_pid_pos": [0.5768009184227952, 0.795094784933533, 0.31560417357818626], "k_pid_alt": [1.1703767161258614, 0.12240589860619278, 0.006988089526916208], "k_pid_att": [23.0244129460915, 6.705380700561346, 0.08222139568667264], "k_pid_yaw": [0.5, 1e-06, 0.1], "k_pid_hsp": [9.417192834410345, 0.15212232264129155, 0.793041267104386], "k_pid_vsp": [344.3240737762087, 225.66254365944604, 75.16668348436397]}, "datetime": {"datetime": "2025-08-21 14:41:48", "elapsed": 21424.487092018127, "delta": 25.482864379882812}, "costs": {"total_cost": 907.8043795892104, "time_cost": 150, "final_distance_cost": 74.05746072701564, "oscillation_cost": 271.6007076673296, "completition_cost": 333.33333333333337, "overshoot_cost": 43.31370665668864, "power_cost": 20.414857922363282, "noise_cost": 15.084313282479886, "n_waypoints_completed": 6, "tot_waypoints": 9}}
{"target": -1256.842496592537, "params": {"k_pid_pos": [1.0274915577925257, 0.9341849057690327, 0.3865744074442651], "k_pid_alt": [0.6697584088991937, 0.77482964439451, 0.8634703980445075], "k_pid_att": [51.9426174451055, 2.2672305955370344, 0.6648890298236598], "k_pid_yaw": [0.5, 1e-06, 0.1], "k_pid_hsp": [3.263019568367595, 0.21015688245143138, 0.921832443351856], "k_pid_vsp": [306.60908883943387, 298.2712629998347, 317.0150977390442]}, "datetime": {"datetime": "2025-08-21 14:42:14", "elapsed": 21450.547794818878, "delta": 26.060702800750732}, "costs": {"total_cost": 1256.842496592537, "time_cost": 150, "final_distance_cost": 93.51088832450559, "oscillation_cost": 149.47216043557594, "completition_cost": 777.7777777777778, "overshoot_cost": 46.741410795065384, "power_cost": 23.03141298828125, "noise_cost": 16.308846271330786, "n_waypoints_completed": 2, "tot_waypoints": 9}}
{"target": -1452.4259791289928, "params": {"k_pid_pos": [1.3701235429597025, 0.8612692782663807, 0.33317071371809437], "k_pid_alt": [0.20526844510827513, 0.45396337006669796, 0.6795679269600898], "k_pid_att": [44.48345902352984, 5.525371140220419, 0.6538323896117416], "k_pid_yaw": [0.5, 1e-06, 0.1], "k_pid_hsp": [2.3392250800006416, 0.5368676768830576, 0.4992879573770673], "k_pid_vsp": [29.685142647334175, 304.86874296595823, 126.39000202317632]}, "datetime": {"datetime": "2025-08-21 14:42:39", "elapsed": 21476.442650556564, "delta": 25.894855737686157}, "costs": {"total_cost": 1452.4259791289928, "time_cost": 150, "final_distance_cost": 31.76033408206887, "oscillation_cost": 208.36800067698297, "completition_cost": 1000.0, "overshoot_cost": 28.117414430557, "power_cost": 19.29606423339844, "noise_cost": 14.884165705985318, "n_waypoints_completed": 0, "tot_waypoints": 9}}
{"target": -864.0527662710247, "params": {"k_pid_pos": [1.1024569628796634, 0.27880961028789164, 0.7550744789182186], "k_pid_alt": [0.6142106155129221, 0.2650457966470695, 0.6367072983011713], "k_pid_att": [45.39110956140856, 0.5237667143341742, 0.5261302636490105], "k_pid_yaw": [0.5, 1e-06, 0.1], "k_pid_hsp": [4.081278891504301, 0.802435142607165, 0.3996798647540253], "k_pid_vsp": [290.19861005606305, 87.71539584560128, 172.71812289553156]}, "datetime": {"datetime": "2025-08-21 14:43:06", "elapsed": 21502.47348356247, "delta": 26.03083300590515}, "costs": {"total_cost": 864.0527662710247, "time_cost": 150, "final_distance_cost": 73.15769627600187, "oscillation_cost": 327.517028966374, "completition_cost": 222.2222222222222, "overshoot_cost": 49.80562890686512, "power_cost": 24.301782141113282, "noise_cost": 17.048407758448164, "n_waypoints_completed": 7, "tot_waypoints": 9}}
