{"target": -1048.608024986118, "params": {"k_pid_pos": [1.7322789843609019, 0.07242748047575276, 0.5854247741724586], "k_pid_alt": [0.2666057633569199, 0.9070675749301773, 0.9414389270638484], "k_pid_att": [28.922429977361464, 8.164540325413016, 0.9396439700991439], "k_pid_yaw": [0.5, 1e-06, 0.1], "k_pid_hsp": [7.866704000662591, 0.34656546743213335, 0.4562663465957777], "k_pid_vsp": [342.9877381069182, 145.8280422085224, 371.177851645042]}, "datetime": {"datetime": "2025-08-21 16:45:23", "elapsed": 28840.239234685898, "delta": 27.7939510345459}, "costs": {"total_cost": 1048.608024986118, "time_cost": 150, "final_distance_cost": 49.505023926259334, "oscillation_cost": 313.03622506496635, "completition_cost": 444.4444444444444, "overshoot_cost": 56.084940365304384, "power_cost": 19.931651611328125, "noise_cost": 15.605739573815256, "n_waypoints_completed": 5, "tot_waypoints": 9}}
{"target": -2036.9058595943377, "params": {"k_pid_pos": [0.41827951098120153, 0.4603209474695581, 0.4117850025731655], "k_pid_alt": [1.9296080311491286, 0.6112380569391355, 0.9328030145632247], "k_pid_att": [72.84890033816797, 5.40562510511871, 0.8637712522603018], "k_pid_yaw": [0.5, 1e-06, 0.1], "k_pid_hsp": [0.39325775094568055, 0.13514284673200827, 0.5389252138374981], "k_pid_vsp": [168.16949818009212, 381.82709452561744, 348.10792315534184]}, "datetime": {"datetime": "2025-08-21 16:45:53", "elapsed": 28870.113661050797, "delta": 29.87442636489868}, "costs": {"total_cost": 2036.9058595943377, "time_cost": 150, "final_distance_cost": 277.05405857915963, "oscillation_cost": 385.28525044709716, "completition_cost": 1000.0, "overshoot_cost": 195.25106744637378, "power_cost": 15.510061145019533, "noise_cost": 13.805421976687454, "n_waypoints_completed": 0, "tot_waypoints": 9}}
{"target": -1263.3454053153134, "params": {"k_pid_pos": [1.9921018232025032, 0.49353955530416693, 0.6950788767974394], "k_pid_alt": [0.7226510313542163, 0.9087759471519734, 0.21147464706921515], "k_pid_att": [42.81799992394647, 5.9689550936942375, 0.6865550311262181], "k_pid_yaw": [0.5, 1e-06, 0.1], "k_pid_hsp": [8.21343458844946, 0.5684707180292514, 0.5746924810073234], "k_pid_vsp": [139.24652161095517, 372.1455676543896, 330.4711489301904]}, "datetime": {"datetime": "2025-08-21 16:46:26", "elapsed": 28902.56980085373, "delta": 32.45613980293274}, "costs": {"total_cost": 1263.3454053153134, "time_cost": 150, "final_distance_cost": 55.805960137889244, "oscillation_cost": 291.79896418950545, "completition_cost": 666.6666666666667, "overshoot_cost": 66.35276668627272, "power_cost": 17.184794445800783, "noise_cost": 15.536253189178467, "n_waypoints_completed": 3, "tot_waypoints": 9}}
{"target": -1065.6048439087856, "params": {"k_pid_pos": [0.8072999646200325, 0.7399790801746409, 0.012010696742817295], "k_pid_alt": [0.8439965357012638, 0.8292694180101992, 0.13501500123122734], "k_pid_att": [2.366052837332522, 0.7437579694232932, 0.9032198749910064], "k_pid_yaw": [0.5, 1e-06, 0.1], "k_pid_hsp": [3.3641662723797063, 0.05825173321154753, 0.33297962545671433], "k_pid_vsp": [29.323846298511434, 369.68936869690043, 63.840906729536044]}, "datetime": {"datetime": "2025-08-21 16:46:58", "elapsed": 28935.181308746338, "delta": 32.61150789260864}, "costs": {"total_cost": 1065.6048439087856, "time_cost": 150, "final_distance_cost": 58.6705264562615, "oscillation_cost": 83.08570863270997, "completition_cost": 666.6666666666667, "overshoot_cost": 70.30680334435142, "power_cost": 20.634456286621095, "noise_cost": 16.240682522174815, "n_waypoints_completed": 3, "tot_waypoints": 9}}
{"target": -442.00074195772004, "params": {"k_pid_pos": [0.7352725959471865, 0.28409827883107786, 0.0787768174014194], "k_pid_alt": [1.2468823175624228, 0.9344584399994347, 0.7686009833075633], "k_pid_att": [93.67900548630061, 4.330227427273991, 0.7623462600568864], "k_pid_yaw": [0.5, 1e-06, 0.1], "k_pid_hsp": [9.896379815582632, 0.2351848549882748, 0.011459191253266221], "k_pid_vsp": [156.3570812353837, 138.9477956266782, 14.285867719994108]}, "datetime": {"datetime": "2025-08-21 16:47:27", "elapsed": 28963.456307649612, "delta": 28.274998903274536}, "costs": {"total_cost": 442.00074195772004, "time_cost": 150, "final_distance_cost": 21.455124163407223, "oscillation_cost": 69.91853733429357, "completition_cost": 111.11111111111116, "overshoot_cost": 58.452313872712075, "power_cost": 17.15624822998047, "noise_cost": 13.907407246215515, "n_waypoints_completed": 8, "tot_waypoints": 9}}
{"target": -1788.3175052966797, "params": {"k_pid_pos": [0.6703754205158432, 0.4254392553605918, 0.38670131121251705], "k_pid_alt": [0.8269960931316735, 0.8433806043722023, 0.1974694165488493], "k_pid_att": [16.757714228750775, 2.0465464090302476, 0.14327800414676928], "k_pid_yaw": [0.5, 1e-06, 0.1], "k_pid_hsp": [8.75979650974576, 0.753817507951006, 0.7038087600186136], "k_pid_vsp": [28.322478455141997, 213.01874758626326, 161.24396157004304]}, "datetime": {"datetime": "2025-08-21 16:47:55", "elapsed": 28992.04611849785, "delta": 28.589810848236084}, "costs": {"total_cost": 1788.3175052966797, "time_cost": 150, "final_distance_cost": 154.34628398284, "oscillation_cost": 363.1471734979082, "completition_cost": 888.8888888888888, "overshoot_cost": 191.70470107084716, "power_cost": 19.17343642578125, "noise_cost": 21.057021430413972, "n_waypoints_completed": 1, "tot_waypoints": 9}}
{"target": -818.6594679873612, "params": {"k_pid_pos": [1.4477707447863875, 0.9714245943383703, 0.365937558300095], "k_pid_alt": [1.8468161851787293, 0.9724128790414925, 0.2285260262958454], "k_pid_att": [48.6876875564093, 3.858842641250039, 0.23138824841220407], "k_pid_yaw": [0.5, 1e-06, 0.1], "k_pid_hsp": [7.750954871450302, 0.7777317819752437, 0.9003324023978653], "k_pid_vsp": [238.28674360552546, 197.90999248569125, 107.82157146695678]}, "datetime": {"datetime": "2025-08-21 16:48:24", "elapsed": 29020.67175245285, "delta": 28.62563395500183}, "costs": {"total_cost": 818.6594679873612, "time_cost": 150, "final_distance_cost": 68.99554111039566, "oscillation_cost": 167.4651578530416, "completition_cost": 333.33333333333337, "overshoot_cost": 60.03926965124822, "power_cost": 21.848883520507812, "noise_cost": 16.977282518834514, "n_waypoints_completed": 6, "tot_waypoints": 9}}
{"target": -1204.8155411831801, "params": {"k_pid_pos": [0.2749157398782799, 0.3105584813910309, 0.9505644338147193], "k_pid_alt": [0.9512078883372925, 0.7352531099598075, 0.9268329000657267], "k_pid_att": [87.84743918829896, 7.611055589815589, 0.3835917557368541], "k_pid_yaw": [0.5, 1e-06, 0.1], "k_pid_hsp": [6.999910263820891, 0.01677793006949413, 0.384355231810696], "k_pid_vsp": [300.0375575142238, 231.48626020499853, 184.52005995511325]}, "datetime": {"datetime": "2025-08-21 16:48:53", "elapsed": 29049.609345674515, "delta": 28.93759322166443}, "costs": {"total_cost": 1204.8155411831801, "time_cost": 150, "final_distance_cost": 46.355477576396495, "oscillation_cost": 359.1852959896887, "completition_cost": 555.5555555555555, "overshoot_cost": 48.81035753206772, "power_cost": 25.3085248046875, "noise_cost": 19.600329724784054, "n_waypoints_completed": 4, "tot_waypoints": 9}}
{"target": -1104.5096597797651, "params": {"k_pid_pos": [0.9094896992400922, 0.4290722371626441, 0.6627896943146335], "k_pid_alt": [0.6053966022980108, 0.5657065468309468, 0.6877107510575857], "k_pid_att": [12.080452561281508, 9.15799095737212, 0.3691138487468053], "k_pid_yaw": [0.5, 1e-06, 0.1], "k_pid_hsp": [1.527375670956419, 0.9730143384313075, 0.9700555113237207], "k_pid_vsp": [208.64694648833947, 255.4116124912096, 19.159657352786812]}, "datetime": {"datetime": "2025-08-21 16:49:26", "elapsed": 29082.977207660675, "delta": 33.36786198616028}, "costs": {"total_cost": 1104.5096597797651, "time_cost": 150, "final_distance_cost": 35.96139053377819, "oscillation_cost": 267.9431019076535, "completition_cost": 555.5555555555555, "overshoot_cost": 54.36577578308956, "power_cost": 22.841427160644532, "noise_cost": 17.84240883904388, "n_waypoints_completed": 4, "tot_waypoints": 9}}
{"target": -1252.0971018260957, "params": {"k_pid_pos": [0.8950145579607982, 0.12482071742981493, 0.20566408722627427], "k_pid_alt": [0.29854823453597445, 0.8973997692752175, 0.7157286631270705], "k_pid_att": [50.05419332215703, 0.22237945771647746, 0.4443521823108184], "k_pid_yaw": [0.5, 1e-06, 0.1], "k_pid_hsp": [3.9192935414065313, 0.5680054054784722, 0.7941171284207331], "k_pid_vsp": [139.02026829892057, 59.98923138517294, 313.5350664112976]}, "datetime": {"datetime": "2025-08-21 16:49:55", "elapsed": 29111.56414461136, "delta": 28.586936950683594}, "costs": {"total_cost": 1252.0971018260957, "time_cost": 150, "final_distance_cost": 40.550922835045064, "oscillation_cost": 291.5238616989422, "completition_cost": 666.6666666666667, "overshoot_cost": 62.29471719393189, "power_cost": 22.075567700195315, "noise_cost": 18.985365731314793, "n_waypoints_completed": 3, "tot_waypoints": 9}}
{"target": -709.7030963138228, "params": {"k_pid_pos": [1.6942068544069158, 0.756105446060654, 0.6713867323807639], "k_pid_alt": [1.9123787610294298, 0.6676211632554183, 0.5599468789265265], "k_pid_att": [50.98078574281365, 1.462572540078603, 0.627516803395504], "k_pid_yaw": [0.5, 1e-06, 0.1], "k_pid_hsp": [3.314876869878438, 0.8464913444782391, 0.5907004425285276], "k_pid_vsp": [252.6492060589426, 66.95841647933014, 219.603157769599]}, "datetime": {"datetime": "2025-08-21 16:50:22", "elapsed": 29139.28374528885, "delta": 27.719600677490234}, "costs": {"total_cost": 709.7030963138228, "time_cost": 150, "final_distance_cost": 68.57825189365154, "oscillation_cost": 173.40392250113018, "completition_cost": 222.2222222222222, "overshoot_cost": 63.49917256889865, "power_cost": 17.702276220703126, "noise_cost": 14.297250907217133, "n_waypoints_completed": 7, "tot_waypoints": 9}}
{"target": -1548.715468424253, "params": {"k_pid_pos": [1.3342526562680266, 0.2571095297379048, 0.07472526987813533], "k_pid_alt": [1.0307539219355846, 0.4074618176932301, 0.8935843585581555], "k_pid_att": [53.13067208783689, 8.197960576821618, 0.6383305748499571], "k_pid_yaw": [0.5, 1e-06, 0.1], "k_pid_hsp": [4.199296709836041, 0.8677311488291657, 0.935391446337319], "k_pid_vsp": [12.859133913212917, 228.30381202755996, 388.4873645046784]}, "datetime": {"datetime": "2025-08-21 16:50:50", "elapsed": 29166.93284535408, "delta": 27.649100065231323}, "costs": {"total_cost": 1548.715468424253, "time_cost": 150, "final_distance_cost": 75.77414609023829, "oscillation_cost": 284.1066108762496, "completition_cost": 888.8888888888888, "overshoot_cost": 95.00022070028595, "power_cost": 18.73756403808594, "noise_cost": 36.20803783050432, "n_waypoints_completed": 1, "tot_waypoints": 9}}
{"target": -866.8243274066122, "params": {"k_pid_pos": [1.4105738691528784, 0.16273629772771514, 0.8206375705302287], "k_pid_alt": [0.09784049975127918, 0.7139875344692505, 0.45317362118787696], "k_pid_att": [90.08925413945799, 8.664814996192522, 0.20287225449937696], "k_pid_yaw": [0.5, 1e-06, 0.1], "k_pid_hsp": [2.605150476449938, 0.016833834402448122, 0.49863474057528023], "k_pid_vsp": [35.48494557119382, 241.9242630680675, 21.6525977189512]}, "datetime": {"datetime": "2025-08-21 16:51:18", "elapsed": 29195.178658008575, "delta": 28.24581265449524}, "costs": {"total_cost": 866.8243274066122, "time_cost": 150, "final_distance_cost": 72.4886418986255, "oscillation_cost": 330.755514830665, "completition_cost": 222.2222222222222, "overshoot_cost": 55.88797241039477, "power_cost": 20.058455090332032, "noise_cost": 15.411520954372696, "n_waypoints_completed": 7, "tot_waypoints": 9}}
{"target": -371.8915221601942, "params": {"k_pid_pos": [1.9339255788362983, 0.03976172213448237, 0.13623042813376152], "k_pid_alt": [0.6907023470239821, 0.8222858961879129, 0.5761176872806483], "k_pid_att": [4.193194268814393, 4.566209054923575, 0.7653680782963462], "k_pid_yaw": [0.5, 1e-06, 0.1], "k_pid_hsp": [7.815699640910605, 0.7451678114939689, 0.2128990396774595], "k_pid_vsp": [46.52892679632616, 94.22502509171265, 41.03994079996264]}, "datetime": {"datetime": "2025-08-21 16:51:46", "elapsed": 29222.65309906006, "delta": 27.474441051483154}, "costs": {"total_cost": 371.8915221601942, "time_cost": 96.288, "final_distance_cost": 1.7078781446188798, "oscillation_cost": 177.02807682389556, "completition_cost": 0.0, "overshoot_cost": 58.242152287879854, "power_cost": 22.256987658691408, "noise_cost": 16.368427245108524, "n_waypoints_completed": 9, "tot_waypoints": 9}}
{"target": -984.2639677328056, "params": {"k_pid_pos": [1.8151238044501476, 0.1362399410110564, 0.2964693113883736], "k_pid_alt": [0.6673357030599427, 0.5342192344517257, 0.4432884130781397], "k_pid_att": [91.6890868656462, 5.6046026078805244, 0.322546433307924], "k_pid_yaw": [0.5, 1e-06, 0.1], "k_pid_hsp": [7.78602183715552, 0.23375605684566902, 0.3731383608076173], "k_pid_vsp": [52.877536564527894, 253.74608065069853, 274.6346963679172]}, "datetime": {"datetime": "2025-08-21 16:52:14", "elapsed": 29250.682626724243, "delta": 28.02952766418457}, "costs": {"total_cost": 984.2639677328056, "time_cost": 150, "final_distance_cost": 56.51643704320407, "oscillation_cost": 316.6488749382988, "completition_cost": 333.33333333333337, "overshoot_cost": 67.57570579760095, "power_cost": 29.16509481201172, "noise_cost": 31.024521808356774, "n_waypoints_completed": 6, "tot_waypoints": 9}}
{"target": -1123.1813575734016, "params": {"k_pid_pos": [1.0251865304044645, 0.4172623826717222, 0.34763523729873014], "k_pid_alt": [1.6931481316680463, 0.6536090425513071, 0.3847567184024908], "k_pid_att": [61.104044068419775, 9.169852510131578, 0.5686589730071313], "k_pid_yaw": [0.5, 1e-06, 0.1], "k_pid_hsp": [0.8628689377748211, 0.18897905229869583, 0.9855754163530408], "k_pid_vsp": [25.847730494549694, 179.26738313664094, 25.82039041552446]}, "datetime": {"datetime": "2025-08-21 16:52:41", "elapsed": 29278.349621534348, "delta": 27.66699481010437}, "costs": {"total_cost": 1123.1813575734016, "time_cost": 150, "final_distance_cost": 47.181387462924896, "oscillation_cost": 274.35656974821023, "completition_cost": 555.5555555555555, "overshoot_cost": 53.94065720019719, "power_cost": 24.19012039794922, "noise_cost": 17.95706720856438, "n_waypoints_completed": 4, "tot_waypoints": 9}}
{"target": -1681.2289163772234, "params": {"k_pid_pos": [1.504175020134267, 0.41222766466034866, 0.9881812968787601], "k_pid_alt": [0.35595990437179514, 0.9942923977345588, 0.8414122862412006], "k_pid_att": [91.49755971292251, 2.6409686016787504, 0.7526759676934001], "k_pid_yaw": [0.5, 1e-06, 0.1], "k_pid_hsp": [6.790786450013914, 0.45700979915087225, 0.9767506719845436], "k_pid_vsp": [136.05598345518874, 92.63854809495243, 344.2847103080995]}, "datetime": {"datetime": "2025-08-21 16:53:10", "elapsed": 29306.58323740959, "delta": 28.23361587524414}, "costs": {"total_cost": 1681.2289163772234, "time_cost": 150, "final_distance_cost": 1.0995488168265322, "oscillation_cost": 394.06208001765265, "completition_cost": 1000.0, "overshoot_cost": 80.62226213559222, "power_cost": 25.632825695800783, "noise_cost": 29.81219971135129, "n_waypoints_completed": 0, "tot_waypoints": 9}}
{"target": -1291.6065060657477, "params": {"k_pid_pos": [0.43294105160797075, 0.8114990971867211, 0.02894556323229014], "k_pid_alt": [0.0032294511799397796, 0.3421771688209685, 0.33865077003224486], "k_pid_att": [47.32410631914292, 1.0097626492978882, 0.2135959003586848], "k_pid_yaw": [0.5, 1e-06, 0.1], "k_pid_hsp": [5.182292115361963, 0.45386505230703345, 0.44885547698383466], "k_pid_vsp": [359.56977553723004, 147.6779626525658, 362.2298694665337]}, "datetime": {"datetime": "2025-08-21 16:53:38", "elapsed": 29334.59092950821, "delta": 28.007692098617554}, "costs": {"total_cost": 1291.6065060657477, "time_cost": 150, "final_distance_cost": 65.24195321719776, "oscillation_cost": 105.167801265176, "completition_cost": 888.8888888888888, "overshoot_cost": 54.99078421225955, "power_cost": 15.144570458984376, "noise_cost": 12.172508023241, "n_waypoints_completed": 1, "tot_waypoints": 9}}
{"target": -1318.4041516428513, "params": {"k_pid_pos": [0.5107831038271078, 0.8130156735337214, 0.001710426540829535], "k_pid_alt": [1.7595334791304105, 0.9185712267786411, 0.3545497869560891], "k_pid_att": [32.554987999205146, 1.6342995856178706, 0.20346825920522826], "k_pid_yaw": [0.5, 1e-06, 0.1], "k_pid_hsp": [1.11336461439893, 0.14976819447472167, 0.5388906592778231], "k_pid_vsp": [43.48530893488412, 380.60655333817357, 268.45117600012424]}, "datetime": {"datetime": "2025-08-21 16:54:06", "elapsed": 29362.698605060577, "delta": 28.107675552368164}, "costs": {"total_cost": 1318.4041516428513, "time_cost": 150, "final_distance_cost": 97.79981050572246, "oscillation_cost": 170.55526816308776, "completition_cost": 777.7777777777778, "overshoot_cost": 82.76064060074602, "power_cost": 15.153888256835938, "noise_cost": 24.35676633868143, "n_waypoints_completed": 2, "tot_waypoints": 9}}
{"target": -869.1607796956021, "params": {"k_pid_pos": [0.4271338698968291, 0.531428311425425, 0.44909188865871164], "k_pid_alt": [1.7578761860518788, 0.9625596052575437, 0.34814288888515743], "k_pid_att": [42.73164223473381, 9.032979941274, 0.024055187028172664], "k_pid_yaw": [0.5, 1e-06, 0.1], "k_pid_hsp": [5.654998502844008, 0.7881336648983606, 0.8144554626709742], "k_pid_vsp": [387.5734222216799, 115.48809175197714, 60.27000126482685]}, "datetime": {"datetime": "2025-08-21 16:54:37", "elapsed": 29394.082916498184, "delta": 31.38431143760681}, "costs": {"total_cost": 869.1607796956021, "time_cost": 150, "final_distance_cost": 74.47308502063392, "oscillation_cost": 221.05739253498712, "completition_cost": 333.33333333333337, "overshoot_cost": 49.11608352150021, "power_cost": 22.95255251464844, "noise_cost": 18.228332770499033, "n_waypoints_completed": 6, "tot_waypoints": 9}}
{"target": -1468.4283616425441, "params": {"k_pid_pos": [1.0638463189690932, 0.7114803401187355, 0.7421629154516813], "k_pid_alt": [1.638021044185379, 0.003569138102053726, 0.8840933869021725], "k_pid_att": [15.973154446336867, 4.552289983426527, 0.45586767283230234], "k_pid_yaw": [0.5, 1e-06, 0.1], "k_pid_hsp": [6.465664375690067, 0.32117220779662814, 0.7944478012387552], "k_pid_vsp": [223.60543306461466, 327.3476680060033, 344.82106366656905]}, "datetime": {"datetime": "2025-08-21 16:55:06", "elapsed": 29422.490753173828, "delta": 28.40783667564392}, "costs": {"total_cost": 1468.4283616425441, "time_cost": 150, "final_distance_cost": 89.02972823438367, "oscillation_cost": 332.38222432645557, "completition_cost": 777.7777777777778, "overshoot_cost": 79.09926364573306, "power_cost": 22.129274450683596, "noise_cost": 18.010093207510295, "n_waypoints_completed": 2, "tot_waypoints": 9}}
{"target": -1339.1559648739349, "params": {"k_pid_pos": [0.09061113335254087, 0.16625548989167993, 0.10562830265837919], "k_pid_alt": [1.9113421622463105, 0.931128714814693, 0.15113237304439742], "k_pid_att": [67.8578548234916, 0.7557673551378465, 0.7440956565798515], "k_pid_yaw": [0.5, 1e-06, 0.1], "k_pid_hsp": [6.259318800022652, 0.6013130279707795, 0.522522900992671], "k_pid_vsp": [198.09045277070388, 237.72651485022746, 251.1478936060282]}, "datetime": {"datetime": "2025-08-21 16:55:34", "elapsed": 29450.49156308174, "delta": 28.000809907913208}, "costs": {"total_cost": 1339.1559648739349, "time_cost": 150, "final_distance_cost": 87.28854596212396, "oscillation_cost": 353.43581716782984, "completition_cost": 666.6666666666667, "overshoot_cost": 47.84470499379971, "power_cost": 18.65317655029297, "noise_cost": 15.267053533221455, "n_waypoints_completed": 3, "tot_waypoints": 9}}
{"target": -1091.999602747317, "params": {"k_pid_pos": [1.0032664263631625, 0.3475362511747676, 0.17456866529890092], "k_pid_alt": [0.07722424673067008, 0.21412217927595223, 0.16031870404662663], "k_pid_att": [76.20702671826085, 1.481344983126423, 0.5791059311200952], "k_pid_yaw": [0.5, 1e-06, 0.1], "k_pid_hsp": [5.3302054652021615, 0.7710807662947918, 0.6115672040212016], "k_pid_vsp": [167.09499822146233, 364.01236121133553, 164.03646748778237]}, "datetime": {"datetime": "2025-08-21 16:56:05", "elapsed": 29482.374234437943, "delta": 31.882671356201172}, "costs": {"total_cost": 1091.999602747317, "time_cost": 150, "final_distance_cost": 50.36361805557547, "oscillation_cost": 248.74659804678052, "completition_cost": 555.5555555555555, "overshoot_cost": 54.40597425843608, "power_cost": 18.399455114746093, "noise_cost": 14.528401716223218, "n_waypoints_completed": 4, "tot_waypoints": 9}}
{"target": -2616.443658543031, "params": {"k_pid_pos": [1.9018136219232131, 0.4344422629558855, 0.6307579257295315], "k_pid_alt": [1.412670166985293, 0.45778637494791463, 0.9153919560714885], "k_pid_att": [90.69802855004416, 6.384177330259893, 0.4085840210580265], "k_pid_yaw": [0.5, 1e-06, 0.1], "k_pid_hsp": [0.8979033555574796, 0.11853587509964458, 0.32765656228217177], "k_pid_vsp": [3.2623922557462937, 146.35642274850528, 215.6693383049648]}, "datetime": {"datetime": "2025-08-21 16:56:37", "elapsed": 29513.535439014435, "delta": 31.16120457649231}, "costs": {"total_cost": 2616.443658543031, "time_cost": 150, "final_distance_cost": 425.44990401324935, "oscillation_cost": 201.90569630544238, "completition_cost": 1000.0, "overshoot_cost": 800.1819842823679, "power_cost": 21.38426689453125, "noise_cost": 17.52180704743975, "n_waypoints_completed": 0, "tot_waypoints": 9}}
