{"target": -979.3582663160439, "params": {"k_pid_pos": [1.9989443168526873, 0.6372232283767092, 0.1660645112053708], "k_pid_alt": [0.7796263252708011, 0.9836176880842187, 0.3793199125150363], "k_pid_att": [22.72540656396722, 5.286305342445005, 0.5445085661798431], "k_pid_yaw": [0.5, 1e-06, 0.1], "k_pid_hsp": [3.337518554781234, 0.7493256416994397, 0.46968192292767463], "k_pid_vsp": [162.5850297327795, 175.0846799059388, 112.00197228144447]}, "datetime": {"datetime": "2025-08-21 21:11:00", "elapsed": 44777.1909737587, "delta": 37.63530373573303}, "costs": {"total_cost": 979.3582663160439, "time_cost": 150, "final_distance_cost": 51.750836656940656, "oscillation_cost": 132.23293472607833, "completition_cost": 555.5555555555555, "overshoot_cost": 54.532622995903914, "power_cost": 19.395475891113282, "noise_cost": 15.890840490452188, "n_waypoints_completed": 4, "tot_waypoints": 9}}
{"target": -363.75866993579876, "params": {"k_pid_pos": [2.0, 1.0, 1.0], "k_pid_alt": [2.0, 0.0, 0.0], "k_pid_att": [71.17864197244188, 8.642827392899951, 1.0], "k_pid_yaw": [0.5, 1e-06, 0.1], "k_pid_hsp": [10.0, 0.0, 0.7173953011422503], "k_pid_vsp": [366.8455542706842, 338.83342146071186, 72.67500782225977]}, "datetime": {"datetime": "2025-08-21 21:11:36", "elapsed": 44812.62746500969, "delta": 35.43649125099182}, "costs": {"total_cost": 363.75866993579876, "time_cost": 81.408, "final_distance_cost": 1.721042778853263, "oscillation_cost": 198.0607139637076, "completition_cost": 0.0, "overshoot_cost": 52.44977374978755, "power_cost": 16.895689111328124, "noise_cost": 13.223450332122233, "n_waypoints_completed": 9, "tot_waypoints": 9}}
{"target": -627.5988265608255, "params": {"k_pid_pos": [2.0, 0.24742439207478967, 0.0], "k_pid_alt": [2.0, 0.5948850725417741, 0.5521613429676698], "k_pid_att": [99.93425552988673, 0.0001, 0.43546706682217085], "k_pid_yaw": [0.5, 1e-06, 0.1], "k_pid_hsp": [3.560708783514969, 0.7700405374035735, 0.01807269738225567], "k_pid_vsp": [197.08471263259085, 378.166572826115, 150.24303742130436]}, "datetime": {"datetime": "2025-08-21 21:12:18", "elapsed": 44854.970950841904, "delta": 42.343485832214355}, "costs": {"total_cost": 627.5988265608255, "time_cost": 150, "final_distance_cost": 62.55813873173823, "oscillation_cost": 79.38504159809776, "completition_cost": 222.2222222222222, "overshoot_cost": 58.36017134989424, "power_cost": 28.435768310546877, "noise_cost": 26.6374843483262, "n_waypoints_completed": 7, "tot_waypoints": 9}}
{"target": -684.7710041430416, "params": {"k_pid_pos": [0.9164746356760105, 0.17646730235336683, 0.943370577602845], "k_pid_alt": [1.3752782771787075, 0.8660884813397217, 0.954460664838612], "k_pid_att": [63.798780678960064, 0.0060819416178598176, 0.7014199329914053], "k_pid_yaw": [0.5, 1e-06, 0.1], "k_pid_hsp": [7.366609956482365, 0.19259583710100958, 0.8880472511960329], "k_pid_vsp": [63.47324036997044, 149.28935147374722, 30.575312911109624]}, "datetime": {"datetime": "2025-08-21 21:12:59", "elapsed": 44895.664055109024, "delta": 40.69310426712036}, "costs": {"total_cost": 684.7710041430416, "time_cost": 150, "final_distance_cost": 2.2031888373047175, "oscillation_cost": 323.01843997513936, "completition_cost": 111.11111111111116, "overshoot_cost": 55.5682719956435, "power_cost": 24.10886844482422, "noise_cost": 18.76112377901867, "n_waypoints_completed": 8, "tot_waypoints": 9}}
{"target": -750.9930241635284, "params": {"k_pid_pos": [2.0, 0.0, 0.896180621015821], "k_pid_alt": [0.0007267243838648356, 1.0, 0.0], "k_pid_att": [14.98423418963815, 0.07617471667900408, 0.0], "k_pid_yaw": [0.5, 1e-06, 0.1], "k_pid_hsp": [9.962063719191278, 0.9961296556136722, 1.995789887246245e-05], "k_pid_vsp": [250.03894394274317, 201.44330606507245, 41.70519154506165]}, "datetime": {"datetime": "2025-08-21 21:13:41", "elapsed": 44937.91862678528, "delta": 42.25457167625427}, "costs": {"total_cost": 750.9930241635284, "time_cost": 150, "final_distance_cost": 66.66425199688801, "oscillation_cost": 320.1224760816304, "completition_cost": 111.11111111111116, "overshoot_cost": 58.5545052092705, "power_cost": 26.367425622558596, "noise_cost": 18.173254142069755, "n_waypoints_completed": 8, "tot_waypoints": 9}}
{"target": -388.1869819401247, "params": {"k_pid_pos": [2.0, 0.0, 1.0], "k_pid_alt": [2.0, 0.0, 0.0], "k_pid_att": [83.43784351287447, 0.0001, 1.0], "k_pid_yaw": [0.5, 1e-06, 0.1], "k_pid_hsp": [5.019678009670112, 0.0, 1.0], "k_pid_vsp": [368.627088136771, 376.5892514551029, 215.9749286699949]}, "datetime": {"datetime": "2025-08-21 21:14:31", "elapsed": 44988.16933774948, "delta": 50.25071096420288}, "costs": {"total_cost": 388.1869819401247, "time_cost": 81.664, "final_distance_cost": 1.779196302223847, "oscillation_cost": 218.14998346650407, "completition_cost": 0.0, "overshoot_cost": 54.30357149344539, "power_cost": 18.193476196289062, "noise_cost": 14.09675448166237, "n_waypoints_completed": 9, "tot_waypoints": 9}}
{"target": -205.21608746172808, "params": {"k_pid_pos": [2.0, 0.0, 0.0022918857363934536], "k_pid_alt": [2.0, 0.0, 1.0], "k_pid_att": [12.061390610039577, 0.013188883400474536, 1.0], "k_pid_yaw": [0.5, 1e-06, 0.1], "k_pid_hsp": [2.3001206200375988, 1.0, 0.0], "k_pid_vsp": [172.47283073038844, 336.4541254768205, 102.13911139365547]}, "datetime": {"datetime": "2025-08-21 21:15:07", "elapsed": 45024.030784368515, "delta": 35.86144661903381}, "costs": {"total_cost": 205.21608746172808, "time_cost": 71.424, "final_distance_cost": 1.7911690205852433, "oscillation_cost": 60.23140504427135, "completition_cost": 0.0, "overshoot_cost": 51.84282765291272, "power_cost": 10.921279626464845, "noise_cost": 9.005406117493921, "n_waypoints_completed": 9, "tot_waypoints": 9}}
{"target": -510.9420116665383, "params": {"k_pid_pos": [0.8072671260857273, 0.0, 0.9998720116747142], "k_pid_alt": [1.4735636599847703, 0.20210029897746934, 0.9798366328657334], "k_pid_att": [67.20274259067386, 1.3567876750521202, 0.2613771032704479], "k_pid_yaw": [0.5, 1e-06, 0.1], "k_pid_hsp": [3.494124152995457, 0.7725183857776394, 0.6186172413942691], "k_pid_vsp": [61.68002300591957, 152.82768152797308, 25.228315800774485]}, "datetime": {"datetime": "2025-08-21 21:15:43", "elapsed": 45060.184527635574, "delta": 36.153743267059326}, "costs": {"total_cost": 510.9420116665383, "time_cost": 96.83200000000001, "final_distance_cost": 1.82406917035431, "oscillation_cost": 322.6378795813865, "completition_cost": 0.0, "overshoot_cost": 52.210385786171976, "power_cost": 21.091477563476563, "noise_cost": 16.346199565148858, "n_waypoints_completed": 9, "tot_waypoints": 9}}
{"target": -317.78540061877413, "params": {"k_pid_pos": [2.0, 0.0, 0.671441147341985], "k_pid_alt": [2.0, 0.0, 1.0], "k_pid_att": [34.26361414788245, 2.6637227160643406, 0.0], "k_pid_yaw": [0.5, 1e-06, 0.1], "k_pid_hsp": [9.519004222003586, 0.0, 1.0], "k_pid_vsp": [232.94111241283554, 318.7398659851443, 13.591739249835925]}, "datetime": {"datetime": "2025-08-21 21:16:22", "elapsed": 45099.420291900635, "delta": 39.235764265060425}, "costs": {"total_cost": 317.78540061877413, "time_cost": 74.368, "final_distance_cost": 1.76505888090655, "oscillation_cost": 167.76166380645688, "completition_cost": 0.0, "overshoot_cost": 48.444396962671284, "power_cost": 13.746726513671875, "noise_cost": 11.699554455067515, "n_waypoints_completed": 9, "tot_waypoints": 9}}
{"target": -1430.8430270314152, "params": {"k_pid_pos": [0.0001, 0.13352398965028306, 0.0], "k_pid_alt": [2.0, 1.0, 1.0], "k_pid_att": [69.2374232811698, 0.0001, 1.0], "k_pid_yaw": [0.5, 1e-06, 0.1], "k_pid_hsp": [5.027085295874663, 1.0, 1.0], "k_pid_vsp": [256.1632923107484, 264.2985978049422, 267.8641194391212]}, "datetime": {"datetime": "2025-08-21 21:17:05", "elapsed": 45142.32258796692, "delta": 42.90229606628418}, "costs": {"total_cost": 1430.8430270314152, "time_cost": 150, "final_distance_cost": 77.23293291247293, "oscillation_cost": 304.28613285651835, "completition_cost": 777.7777777777778, "overshoot_cost": 78.27999576723253, "power_cost": 25.05211306152344, "noise_cost": 18.214074655890084, "n_waypoints_completed": 2, "tot_waypoints": 9}}
{"target": -1398.6561329046094, "params": {"k_pid_pos": [0.3032874735676906, 0.35243834844249705, 0.8213877526184333], "k_pid_alt": [1.524797257215901, 0.0, 0.0], "k_pid_att": [59.81924423771505, 1.107471869151214, 0.0], "k_pid_yaw": [0.5, 1e-06, 0.1], "k_pid_hsp": [2.6430277805560882, 0.0, 1.0], "k_pid_vsp": [273.8395862891976, 281.6086753805188, 223.2703354189421]}, "datetime": {"datetime": "2025-08-21 21:17:54", "elapsed": 45191.08490872383, "delta": 48.76232075691223}, "costs": {"total_cost": 1398.6561329046094, "time_cost": 150, "final_distance_cost": 60.2798999330251, "oscillation_cost": 431.40313217070957, "completition_cost": 666.6666666666667, "overshoot_cost": 62.897526861439836, "power_cost": 14.613864782714844, "noise_cost": 12.795042490053184, "n_waypoints_completed": 3, "tot_waypoints": 9}}
{"target": -307.6806791662289, "params": {"k_pid_pos": [2.0, 0.2475636943509041, 0.44751609169796014], "k_pid_alt": [1.4289651760324364, 0.6160101261892186, 0.0], "k_pid_att": [12.85068561437934, 6.195961227773796, 1.0], "k_pid_yaw": [0.5, 1e-06, 0.1], "k_pid_hsp": [8.096744597369982, 0.2253089801885258, 0.1796518614921764], "k_pid_vsp": [167.73079836586945, 343.72401554965967, 110.42497575803246]}, "datetime": {"datetime": "2025-08-21 21:18:36", "elapsed": 45232.466769218445, "delta": 41.38186049461365}, "costs": {"total_cost": 307.6806791662289, "time_cost": 83.936, "final_distance_cost": 1.7829839501761164, "oscillation_cost": 135.11509857543714, "completition_cost": 0.0, "overshoot_cost": 52.71608282130581, "power_cost": 19.535285363769532, "noise_cost": 14.595228455540257, "n_waypoints_completed": 9, "tot_waypoints": 9}}
{"target": -272.0242514031661, "params": {"k_pid_pos": [2.0, 0.0, 0.0], "k_pid_alt": [2.0, 0.0, 1.0], "k_pid_att": [13.007804864261852, 6.9119694988499925, 1.0], "k_pid_yaw": [0.5, 1e-06, 0.1], "k_pid_hsp": [8.680252089830786, 1.0, 1.0], "k_pid_vsp": [227.89213328453826, 390.81857547040124, 184.35193118769482]}, "datetime": {"datetime": "2025-08-21 21:19:16", "elapsed": 45273.44821858406, "delta": 40.981449365615845}, "costs": {"total_cost": 272.0242514031661, "time_cost": 71.384, "final_distance_cost": 1.8171596514352388, "oscillation_cost": 120.23341188933588, "completition_cost": 0.0, "overshoot_cost": 51.03739509622268, "power_cost": 15.643323706054689, "noise_cost": 11.908961060117605, "n_waypoints_completed": 9, "tot_waypoints": 9}}
{"target": -209.0048634043521, "params": {"k_pid_pos": [2.0, 0.0, 0.0], "k_pid_alt": [2.0, 0.0, 1.0], "k_pid_att": [12.772364341683467, 2.760986491000199, 1.0], "k_pid_yaw": [0.5, 1e-06, 0.1], "k_pid_hsp": [7.723545607961655, 1.0, 0.0], "k_pid_vsp": [171.18704162121168, 337.5566160430928, 101.32355347632391]}, "datetime": {"datetime": "2025-08-21 21:19:52", "elapsed": 45309.0553958416, "delta": 35.60717725753784}, "costs": {"total_cost": 209.0048634043521, "time_cost": 71.912, "final_distance_cost": 1.7296628505329215, "oscillation_cost": 54.518865348791714, "completition_cost": 0.0, "overshoot_cost": 52.36216071303517, "power_cost": 16.416694079589846, "noise_cost": 12.06548041240249, "n_waypoints_completed": 9, "tot_waypoints": 9}}
{"target": -856.3169215871234, "params": {"k_pid_pos": [1.3328637594024277, 0.567232629594299, 0.020589129956433583], "k_pid_alt": [1.9098455765094098, 0.24093440397425936, 0.33992385623733035], "k_pid_att": [38.17799000049117, 9.56943520799575, 0.6529880855218911], "k_pid_yaw": [0.5, 1e-06, 0.1], "k_pid_hsp": [7.117084185118161, 0.07577291592489255, 0.9059321948243836], "k_pid_vsp": [230.2850739780129, 314.76363611112396, 17.545455659834936]}, "datetime": {"datetime": "2025-08-21 21:20:41", "elapsed": 45358.300063848495, "delta": 49.24466800689697}, "costs": {"total_cost": 856.3169215871234, "time_cost": 150, "final_distance_cost": 72.85228021485992, "oscillation_cost": 224.63769774557173, "completition_cost": 333.33333333333337, "overshoot_cost": 43.771779531743235, "power_cost": 17.725046594238282, "noise_cost": 13.996784167376704, "n_waypoints_completed": 6, "tot_waypoints": 9}}
{"target": -1457.7605726860122, "params": {"k_pid_pos": [2.0, 1.0, 0.0], "k_pid_alt": [0.0, 0.0, 0.0], "k_pid_att": [54.497604546807665, 0.7839498177698407, 1.0], "k_pid_yaw": [0.5, 1e-06, 0.1], "k_pid_hsp": [3.492295865276044, 1.0, 1.0], "k_pid_vsp": [359.0652965202603, 214.44027920625135, 32.5664578409749]}, "datetime": {"datetime": "2025-08-21 21:21:24", "elapsed": 45400.76514649391, "delta": 42.46508264541626}, "costs": {"total_cost": 1457.7605726860122, "time_cost": 150, "final_distance_cost": 12.69143459254522, "oscillation_cost": 85.78474307986524, "completition_cost": 1000.0, "overshoot_cost": 139.52374964711063, "power_cost": 15.495301232910156, "noise_cost": 54.265344133580996, "n_waypoints_completed": 0, "tot_waypoints": 9}}
{"target": -1420.171045952526, "params": {"k_pid_pos": [2.0, 1.0, 0.0], "k_pid_alt": [0.0, 0.0, 0.0], "k_pid_att": [96.86899813045595, 3.532818012014835, 1.0], "k_pid_yaw": [0.5, 1e-06, 0.1], "k_pid_hsp": [2.3989890067082436, 1.0, 0.0], "k_pid_vsp": [48.44500797496231, 361.75352786401515, 1.5232224505066059]}, "datetime": {"datetime": "2025-08-21 21:22:12", "elapsed": 45449.41865873337, "delta": 48.65351223945618}, "costs": {"total_cost": 1420.171045952526, "time_cost": 150, "final_distance_cost": 16.95821224432582, "oscillation_cost": 53.81043194485099, "completition_cost": 1000.0, "overshoot_cost": 139.68295146369357, "power_cost": 9.054805737304688, "noise_cost": 50.66464456235096, "n_waypoints_completed": 0, "tot_waypoints": 9}}
{"target": -425.43351685439086, "params": {"k_pid_pos": [2.0, 0.04735084301934459, 1.0], "k_pid_alt": [2.0, 0.0, 0.0], "k_pid_att": [65.22986081456563, 2.2946487779126397, 0.0], "k_pid_yaw": [0.5, 1e-06, 0.1], "k_pid_hsp": [9.96721844586377, 0.0, 1.0], "k_pid_vsp": [251.06657023240942, 267.1900474822702, 268.4906203649285]}, "datetime": {"datetime": "2025-08-21 21:22:50", "elapsed": 45486.984817028046, "delta": 37.566158294677734}, "costs": {"total_cost": 425.43351685439086, "time_cost": 81.184, "final_distance_cost": 1.770571533050435, "oscillation_cost": 247.94935365091803, "completition_cost": 0.0, "overshoot_cost": 57.98134894106201, "power_cost": 20.584142639160156, "noise_cost": 15.964100090200175, "n_waypoints_completed": 9, "tot_waypoints": 9}}
{"target": -658.2167079216987, "params": {"k_pid_pos": [2.0, 0.0, 0.9912602280149211], "k_pid_alt": [0.0, 1.0, 1.0], "k_pid_att": [34.43514617520697, 10.0, 1.0], "k_pid_yaw": [0.5, 1e-06, 0.1], "k_pid_hsp": [6.741673865337736, 0.0, 0.9380071299243596], "k_pid_vsp": [57.609402513385525, 296.2856128477277, 51.04667684190623]}, "datetime": {"datetime": "2025-08-21 21:23:37", "elapsed": 45533.50814986229, "delta": 46.523332834243774}, "costs": {"total_cost": 658.2167079216987, "time_cost": 150, "final_distance_cost": 45.383810831018884, "oscillation_cost": 259.280083355359, "completition_cost": 111.11111111111116, "overshoot_cost": 60.86455451909902, "power_cost": 17.94922946777344, "noise_cost": 13.627918637337197, "n_waypoints_completed": 8, "tot_waypoints": 9}}
{"target": -1252.7221603249764, "params": {"k_pid_pos": [1.014759965458266, 0.0, 0.0], "k_pid_alt": [1.0714046080472797, 0.580319495547232, 0.5414994532581371], "k_pid_att": [13.235907392979772, 6.204300053136209, 0.04056801136906293], "k_pid_yaw": [0.5, 1e-06, 0.1], "k_pid_hsp": [0.4348252677126674, 0.6273004741560447, 0.9482620653534864], "k_pid_vsp": [338.4363345653073, 349.1698855816663, 355.705219693701]}, "datetime": {"datetime": "2025-08-21 21:24:23", "elapsed": 45580.414066553116, "delta": 46.905916690826416}, "costs": {"total_cost": 1252.7221603249764, "time_cost": 150, "final_distance_cost": 40.49673176767118, "oscillation_cost": 386.73152917127686, "completition_cost": 555.5555555555555, "overshoot_cost": 81.13138777360636, "power_cost": 21.759218371582033, "noise_cost": 17.0477376852844, "n_waypoints_completed": 4, "tot_waypoints": 9}}
{"target": -252.50694057435203, "params": {"k_pid_pos": [2.0, 0.0, 0.0], "k_pid_alt": [2.0, 1.0, 0.7763592173589228], "k_pid_att": [74.34861721117286, 0.0001, 1.0], "k_pid_yaw": [0.5, 1e-06, 0.1], "k_pid_hsp": [9.353316298973509, 1.0, 0.0], "k_pid_vsp": [174.04415894124287, 151.0160862913199, 66.6321060153575]}, "datetime": {"datetime": "2025-08-21 21:25:03", "elapsed": 45620.20591664314, "delta": 39.791850090026855}, "costs": {"total_cost": 252.50694057435203, "time_cost": 87.176, "final_distance_cost": 1.7605831691519667, "oscillation_cost": 77.64749996778887, "completition_cost": 0.0, "overshoot_cost": 53.976351587305636, "power_cost": 18.10659754638672, "noise_cost": 13.839908303718817, "n_waypoints_completed": 9, "tot_waypoints": 9}}
{"target": -1622.5630049321917, "params": {"k_pid_pos": [0.0001, 0.09640414241156338, 1.0], "k_pid_alt": [1.590328055254293, 0.3560974819463052, 0.17168871236573116], "k_pid_att": [41.21081788327741, 9.997019042876625, 0.6275921264489315], "k_pid_yaw": [0.5, 1e-06, 0.1], "k_pid_hsp": [1.6804016540049702, 0.16401361418391425, 0.1493013433591659], "k_pid_vsp": [115.53497185089007, 142.75865345738032, 21.435136537447754]}, "datetime": {"datetime": "2025-08-21 21:25:48", "elapsed": 45665.02997946739, "delta": 44.82406282424927}, "costs": {"total_cost": 1622.5630049321917, "time_cost": 150, "final_distance_cost": 51.75455868142991, "oscillation_cost": 405.35336352511627, "completition_cost": 888.8888888888888, "overshoot_cost": 89.6286158199686, "power_cost": 21.301507165527344, "noise_cost": 15.636070851260648, "n_waypoints_completed": 1, "tot_waypoints": 9}}
{"target": -1333.5553556772497, "params": {"k_pid_pos": [2.0, 1.0, 1.0], "k_pid_alt": [2.0, 0.0, 0.0], "k_pid_att": [56.75762451929075, 6.358765460593352, 0.0], "k_pid_yaw": [0.5, 1e-06, 0.1], "k_pid_hsp": [0.0001, 1.0, 0.0], "k_pid_vsp": [207.09169163770184, 228.40981156573264, 125.94052490651154]}, "datetime": {"datetime": "2025-08-21 21:26:31", "elapsed": 45707.4651966095, "delta": 42.4352171421051}, "costs": {"total_cost": 1333.5553556772497, "time_cost": 150, "final_distance_cost": 46.837195275701504, "oscillation_cost": 99.12660352082841, "completition_cost": 888.8888888888888, "overshoot_cost": 94.48323311381186, "power_cost": 30.270567321777346, "noise_cost": 23.948867556241787, "n_waypoints_completed": 1, "tot_waypoints": 9}}
{"target": -379.10779649958977, "params": {"k_pid_pos": [1.8431639792898926, 0.20787133974362493, 0.15118716933195497], "k_pid_alt": [1.34573420343278, 0.2632180012426685, 0.783721390018246], "k_pid_att": [21.22476166806638, 3.468027771703301, 0.8295770079698132], "k_pid_yaw": [0.5, 1e-06, 0.1], "k_pid_hsp": [2.9968311244150914, 0.8919504312045182, 0.47961040039599834], "k_pid_vsp": [336.95726195210176, 326.65254764381274, 17.00647146628946]}, "datetime": {"datetime": "2025-08-21 21:27:10", "elapsed": 45746.50343847275, "delta": 39.03824186325073}, "costs": {"total_cost": 379.10779649958977, "time_cost": 96.824, "final_distance_cost": 1.7666647628653045, "oscillation_cost": 182.61739112933728, "completition_cost": 0.0, "overshoot_cost": 56.48678462915496, "power_cost": 23.97350986328125, "noise_cost": 17.439446114950968, "n_waypoints_completed": 9, "tot_waypoints": 9}}
{"target": -996.5202609145317, "params": {"k_pid_pos": [0.7292601824241178, 0.9319902207157501, 0.640214512087475], "k_pid_alt": [0.31155995125152125, 0.32274625986354977, 0.90286376844866], "k_pid_att": [14.225795445130773, 7.727410973561963, 0.9806283598352], "k_pid_yaw": [0.5, 1e-06, 0.1], "k_pid_hsp": [2.5725760512928035, 0.819485688554381, 0.32304412309694963], "k_pid_vsp": [386.4964495755866, 243.27631197905407, 114.82224712311765]}, "datetime": {"datetime": "2025-08-21 21:27:49", "elapsed": 45785.8368601799, "delta": 39.33342170715332}, "costs": {"total_cost": 996.5202609145317, "time_cost": 150, "final_distance_cost": 50.31312758006562, "oscillation_cost": 155.32342303480834, "completition_cost": 555.5555555555555, "overshoot_cost": 46.053713548075386, "power_cost": 22.231221826171875, "noise_cost": 17.043219369854917, "n_waypoints_completed": 4, "tot_waypoints": 9}}
{"target": -459.3713542146972, "params": {"k_pid_pos": [2.0, 0.0, 1.0], "k_pid_alt": [0.0, 0.7460377956769196, 0.8202877940118933], "k_pid_att": [12.049331192447152, 4.691968496831216, 0.0], "k_pid_yaw": [0.5, 1e-06, 0.1], "k_pid_hsp": [7.997510672986798, 0.699324418434496, 1.0], "k_pid_vsp": [14.986415535590659, 218.6453154193899, 32.70652268311094]}, "datetime": {"datetime": "2025-08-21 21:28:28", "elapsed": 45825.262773275375, "delta": 39.42591309547424}, "costs": {"total_cost": 459.3713542146972, "time_cost": 94.64, "final_distance_cost": 1.7318480432252958, "oscillation_cost": 260.8755299316922, "completition_cost": 0.0, "overshoot_cost": 68.0196507439845, "power_cost": 19.38221862792969, "noise_cost": 14.722106867865534, "n_waypoints_completed": 9, "tot_waypoints": 9}}
{"target": -433.8610856042957, "params": {"k_pid_pos": [2.0, 0.0, 0.9232502393266112], "k_pid_alt": [0.0, 0.6663585385974302, 0.2218601501050274], "k_pid_att": [24.44930133646218, 0.0001, 0.5337319306197873], "k_pid_yaw": [0.5, 1e-06, 0.1], "k_pid_hsp": [9.216813262617057, 0.47459132036774215, 0.9568591627608569], "k_pid_vsp": [12.47441595186258, 208.35757930085805, 42.48558411678261]}, "datetime": {"datetime": "2025-08-21 21:29:12", "elapsed": 45868.58778691292, "delta": 43.325013637542725}, "costs": {"total_cost": 433.8610856042957, "time_cost": 91.424, "final_distance_cost": 1.741998358543493, "oscillation_cost": 250.6287397762654, "completition_cost": 0.0, "overshoot_cost": 64.89036370760736, "power_cost": 13.820418786621094, "noise_cost": 11.355564975258375, "n_waypoints_completed": 9, "tot_waypoints": 9}}
