{"target": -1346.1751300562387, "params": {"k_pid_pos": [0.06523274414386473, 0.6786960032542477, 0.826595558990818], "k_pid_alt": [0.4061889163592629, 0.14709818484606874, 0.6554090292100274], "k_pid_att": [55.9303035632102, 2.788272708398218, 0.7744964103405111], "k_pid_yaw": [0.5, 1e-06, 0.1], "k_pid_hsp": [4.193837909920217, 0.552149166082428, 0.27143062705256493], "k_pid_vsp": [272.81820143911364, 325.4533500612054, 64.00305637777828]}, "datetime": {"datetime": "2025-08-21 17:32:27", "elapsed": 31663.912748098373, "delta": 28.55344820022583}, "costs": {"total_cost": 1346.1751300562387, "time_cost": 150, "final_distance_cost": 90.17356927223757, "oscillation_cost": 256.9527671514814, "completition_cost": 777.7777777777778, "overshoot_cost": 34.92584433182642, "power_cost": 20.56203524169922, "noise_cost": 15.78313628121634, "n_waypoints_completed": 2, "tot_waypoints": 9}}
{"target": -959.9978080403222, "params": {"k_pid_pos": [1.2409743892010487, 0.35716447672170826, 0.11499549917622753], "k_pid_alt": [0.6278637650775882, 0.5697900458053771, 0.35174596730469254], "k_pid_att": [88.54442126720993, 6.02127667063481, 0.7636578496242344], "k_pid_yaw": [0.5, 1e-06, 0.1], "k_pid_hsp": [2.76787940369065, 0.4590182748154654, 0.2540626675032196], "k_pid_vsp": [153.09981129277608, 253.79755119315055, 122.77194431490851]}, "datetime": {"datetime": "2025-08-21 17:32:56", "elapsed": 31693.02686071396, "delta": 29.114112615585327}, "costs": {"total_cost": 959.9978080403222, "time_cost": 150, "final_distance_cost": 49.399696941845264, "oscillation_cost": 225.64365305314595, "completition_cost": 444.4444444444444, "overshoot_cost": 46.56683874247144, "power_cost": 24.935143725585938, "noise_cost": 19.008031132829192, "n_waypoints_completed": 5, "tot_waypoints": 9}}
{"target": -1778.6403532675954, "params": {"k_pid_pos": [1.3218600448989424, 0.41952356760092224, 0.05977822860479698], "k_pid_alt": [1.761572470223588, 0.631428236730095, 0.9824933236036797], "k_pid_att": [24.883312068548648, 9.004396424756155, 0.41621766393320836], "k_pid_yaw": [0.5, 1e-06, 0.1], "k_pid_hsp": [4.445780457279196, 0.029947500673534244, 0.5995245085185352], "k_pid_vsp": [210.69137594788114, 67.60063613580976, 288.10051472661434]}, "datetime": {"datetime": "2025-08-21 17:33:25", "elapsed": 31722.227738380432, "delta": 29.20087766647339}, "costs": {"total_cost": 1778.6403532675954, "time_cost": 150, "final_distance_cost": 42.17321922532388, "oscillation_cost": 448.85333743736635, "completition_cost": 1000.0, "overshoot_cost": 91.97299780104969, "power_cost": 25.681833996582032, "noise_cost": 19.958964807273606, "n_waypoints_completed": 0, "tot_waypoints": 9}}
{"target": -872.3484626722725, "params": {"k_pid_pos": [1.1945602834439157, 0.9135287190617796, 0.45018975014990037], "k_pid_alt": [1.5149245957731707, 0.8758094914229148, 0.02060111768149253], "k_pid_att": [69.04145446490976, 5.920321461103628, 0.0702985716465907], "k_pid_yaw": [0.5, 1e-06, 0.1], "k_pid_hsp": [3.826589943293681, 0.5420613955842027, 0.1627331504413404], "k_pid_vsp": [303.04911774914825, 115.41716945673573, 208.1907100234151]}, "datetime": {"datetime": "2025-08-21 17:33:55", "elapsed": 31751.62866449356, "delta": 29.400926113128662}, "costs": {"total_cost": 872.3484626722725, "time_cost": 150, "final_distance_cost": 61.04950193676141, "oscillation_cost": 230.55162751190892, "completition_cost": 333.33333333333337, "overshoot_cost": 52.05345862193352, "power_cost": 25.97677957763672, "noise_cost": 19.38376169069851, "n_waypoints_completed": 6, "tot_waypoints": 9}}
{"target": -823.8144162071526, "params": {"k_pid_pos": [1.1055531171111375, 0.9844972598434355, 0.8744630429965629], "k_pid_alt": [0.3091203499240798, 0.3908929413938438, 0.3271964831430104], "k_pid_att": [11.359387145538157, 5.292264954070378, 0.5622954780004941], "k_pid_yaw": [0.5, 1e-06, 0.1], "k_pid_hsp": [7.29692518881354, 0.31040940921199855, 0.1039487027944036], "k_pid_vsp": [224.2913279386312, 10.286086497700042, 126.62134762963633]}, "datetime": {"datetime": "2025-08-21 17:34:24", "elapsed": 31780.589693307877, "delta": 28.961028814315796}, "costs": {"total_cost": 823.8144162071526, "time_cost": 150, "final_distance_cost": 65.6286902529473, "oscillation_cost": 193.59640760955165, "completition_cost": 333.33333333333337, "overshoot_cost": 48.605651936640406, "power_cost": 17.50312589111328, "noise_cost": 15.147207183566541, "n_waypoints_completed": 6, "tot_waypoints": 9}}
{"target": -996.8475597874351, "params": {"k_pid_pos": [1.3854161297719423, 0.03145753579285826, 0.6522881432911961], "k_pid_alt": [1.6747132929768758, 0.9478582772322123, 0.7250951420137416], "k_pid_att": [46.00659385828, 6.870704299185617, 0.5596259243065497], "k_pid_yaw": [0.5, 1e-06, 0.1], "k_pid_hsp": [4.488320332897704, 0.03323811580470948, 0.7692044750828299], "k_pid_vsp": [120.97017452815528, 180.3655859881798, 169.7691175857862]}, "datetime": {"datetime": "2025-08-21 17:34:53", "elapsed": 31809.958042383194, "delta": 29.368349075317383}, "costs": {"total_cost": 996.8475597874351, "time_cost": 150, "final_distance_cost": 59.129831592102356, "oscillation_cost": 338.89892969591796, "completition_cost": 333.33333333333337, "overshoot_cost": 59.02917217708523, "power_cost": 29.755265588378908, "noise_cost": 26.701027400617246, "n_waypoints_completed": 6, "tot_waypoints": 9}}
{"target": -805.69627266633, "params": {"k_pid_pos": [0.8129834705279544, 0.546656844510267, 0.6219986400150971], "k_pid_alt": [1.7168476695722523, 0.16907327015791618, 0.8296571191526545], "k_pid_att": [56.849990782832094, 4.0499871189686525, 0.3772407989446206], "k_pid_yaw": [0.5, 1e-06, 0.1], "k_pid_hsp": [9.87872047058857, 0.1609146158732725, 0.8286835976927142], "k_pid_vsp": [286.6014567698029, 294.62348271915187, 12.991026934231503]}, "datetime": {"datetime": "2025-08-21 17:35:25", "elapsed": 31842.36325621605, "delta": 32.405213832855225}, "costs": {"total_cost": 805.69627266633, "time_cost": 150, "final_distance_cost": 65.8520522706097, "oscillation_cost": 293.0152955632759, "completition_cost": 222.2222222222222, "overshoot_cost": 43.967680595003934, "power_cost": 16.51919346923828, "noise_cost": 14.119828545979924, "n_waypoints_completed": 7, "tot_waypoints": 9}}
{"target": -1477.7715138455249, "params": {"k_pid_pos": [0.5898678175487383, 0.9878114868725558, 0.8609572010775672], "k_pid_alt": [0.9156204964898711, 0.590024175739628, 0.756448149659887], "k_pid_att": [13.122465642959869, 1.7466059213964102, 0.07182336904421815], "k_pid_yaw": [0.5, 1e-06, 0.1], "k_pid_hsp": [1.0659871348213095, 0.9061095124422368, 0.5114167429259326], "k_pid_vsp": [11.29735486885961, 266.1846649232946, 267.23300209458273]}, "datetime": {"datetime": "2025-08-21 17:35:55", "elapsed": 31872.002732038498, "delta": 29.63947582244873}, "costs": {"total_cost": 1477.7715138455249, "time_cost": 150, "final_distance_cost": 8.07407881767708, "oscillation_cost": 113.50487583324971, "completition_cost": 1000.0, "overshoot_cost": 133.96110413820347, "power_cost": 20.88024227294922, "noise_cost": 51.35121278344535, "n_waypoints_completed": 0, "tot_waypoints": 9}}
{"target": -819.5703208489416, "params": {"k_pid_pos": [1.8505857059291715, 0.3178989218955668, 0.37457272127693186], "k_pid_alt": [0.5471916255021192, 0.9338747393401109, 0.7372827974463375], "k_pid_att": [74.10849922734428, 6.178131215127955, 0.4198147548701998], "k_pid_yaw": [0.5, 1e-06, 0.1], "k_pid_hsp": [9.804680665785122, 0.4764808945049498, 0.6798961863723505], "k_pid_vsp": [361.2244042319047, 41.98499267046537, 171.2644027642863]}, "datetime": {"datetime": "2025-08-21 17:36:24", "elapsed": 31900.67483854294, "delta": 28.672106504440308}, "costs": {"total_cost": 819.5703208489416, "time_cost": 150, "final_distance_cost": 75.38619133262452, "oscillation_cost": 277.05106068287733, "completition_cost": 222.2222222222222, "overshoot_cost": 58.286380854677674, "power_cost": 21.027751037597657, "noise_cost": 15.59671471894233, "n_waypoints_completed": 7, "tot_waypoints": 9}}
{"target": -1013.7402264561074, "params": {"k_pid_pos": [1.4493882666090276, 0.3780755738697109, 0.0014406646767403108], "k_pid_alt": [0.8510468774276418, 0.991719823777489, 0.2512164366202482], "k_pid_att": [35.43475534059307, 6.41288049659329, 0.02580364805716384], "k_pid_yaw": [0.5, 1e-06, 0.1], "k_pid_hsp": [8.560345819318794, 0.864811504262401, 0.22060999719416752], "k_pid_vsp": [338.050352344817, 228.6812745537511, 71.57099026629987]}, "datetime": {"datetime": "2025-08-21 17:36:53", "elapsed": 31930.19474720955, "delta": 29.519908666610718}, "costs": {"total_cost": 1013.7402264561074, "time_cost": 150, "final_distance_cost": 48.65708754405576, "oscillation_cost": 271.77996461181726, "completition_cost": 444.4444444444444, "overshoot_cost": 48.328688446115464, "power_cost": 28.96059206542969, "noise_cost": 21.569449344244827, "n_waypoints_completed": 5, "tot_waypoints": 9}}
{"target": -1115.915096025679, "params": {"k_pid_pos": [0.49472035888068416, 0.6989000167677089, 0.5130784573607429], "k_pid_alt": [0.429649607875471, 0.11165352452671817, 0.9262487083498402], "k_pid_att": [93.42917660835187, 1.5595094887255303, 0.313278944915247], "k_pid_yaw": [0.5, 1e-06, 0.1], "k_pid_hsp": [6.229598653519046, 0.18383080482510694, 0.8339185028789017], "k_pid_vsp": [305.5005608581238, 37.32135115976959, 60.2481440498012]}, "datetime": {"datetime": "2025-08-21 17:37:22", "elapsed": 31959.193674087524, "delta": 28.998926877975464}, "costs": {"total_cost": 1115.915096025679, "time_cost": 150, "final_distance_cost": 48.44917300277214, "oscillation_cost": 283.5631850751463, "completition_cost": 555.5555555555555, "overshoot_cost": 43.13701069671818, "power_cost": 19.777511657714843, "noise_cost": 15.432660037772354, "n_waypoints_completed": 4, "tot_waypoints": 9}}
{"target": -1115.7486586475388, "params": {"k_pid_pos": [0.08272132122031042, 0.7430574109553297, 0.08670938235868897], "k_pid_alt": [0.9461442451262057, 0.6389348506596136, 0.02711358879741832], "k_pid_att": [96.47193809390645, 0.6587809370320119, 0.5947022292878531], "k_pid_yaw": [0.5, 1e-06, 0.1], "k_pid_hsp": [2.273075384136899, 0.8841140705541748, 0.4705999173845584], "k_pid_vsp": [304.17928113389905, 57.437053763824, 77.81360122177]}, "datetime": {"datetime": "2025-08-21 17:37:54", "elapsed": 31990.856024742126, "delta": 31.66235065460205}, "costs": {"total_cost": 1115.7486586475388, "time_cost": 150, "final_distance_cost": 46.30286829876921, "oscillation_cost": 145.88756713567298, "completition_cost": 666.6666666666667, "overshoot_cost": 68.88821980597554, "power_cost": 21.128406896972656, "noise_cost": 16.874929843481727, "n_waypoints_completed": 3, "tot_waypoints": 9}}
{"target": -1165.248475966602, "params": {"k_pid_pos": [1.9688504470185948, 0.4297721012820086, 0.9524668389190304], "k_pid_alt": [1.5341504737258576, 0.8459276175028413, 0.06150645247489983], "k_pid_att": [92.5011212146531, 3.6505037868074632, 0.010199893670648552], "k_pid_yaw": [0.5, 1e-06, 0.1], "k_pid_hsp": [1.3924659620033384, 0.8558032244779156, 0.520911146136768], "k_pid_vsp": [255.0062383886515, 145.9260693141202, 308.60636965191526]}, "datetime": {"datetime": "2025-08-21 17:38:23", "elapsed": 32020.14651107788, "delta": 29.290486335754395}, "costs": {"total_cost": 1165.248475966602, "time_cost": 150, "final_distance_cost": 52.06356131237123, "oscillation_cost": 203.29033380063515, "completition_cost": 666.6666666666667, "overshoot_cost": 53.786108611474596, "power_cost": 21.82412010498047, "noise_cost": 17.617685470473482, "n_waypoints_completed": 3, "tot_waypoints": 9}}
{"target": -996.9321893763307, "params": {"k_pid_pos": [1.1301633548626548, 0.5304868875425133, 0.05870938948232496], "k_pid_alt": [1.0705840565606355, 0.9267735601333134, 0.6590877229002031], "k_pid_att": [92.70683739976646, 3.2037559782716873, 0.6814067647105808], "k_pid_yaw": [0.5, 1e-06, 0.1], "k_pid_hsp": [3.6647397001638025, 0.9322637853547195, 0.8627977002851974], "k_pid_vsp": [204.0604791098593, 267.0546576328343, 158.56892652777407]}, "datetime": {"datetime": "2025-08-21 17:38:54", "elapsed": 32050.96889400482, "delta": 30.822382926940918}, "costs": {"total_cost": 996.9321893763307, "time_cost": 150, "final_distance_cost": 40.48156126400092, "oscillation_cost": 142.07009994335797, "completition_cost": 555.5555555555555, "overshoot_cost": 65.93228965960837, "power_cost": 24.443304125976564, "noise_cost": 18.449378827831353, "n_waypoints_completed": 4, "tot_waypoints": 9}}
{"target": -1150.906892978356, "params": {"k_pid_pos": [0.5920846015798488, 0.5278542414675288, 0.5362593792580158], "k_pid_alt": [1.636738655025519, 0.15163701601610247, 0.26420427570086347], "k_pid_att": [67.34649620158406, 7.32077941433273, 0.056470119125289875], "k_pid_yaw": [0.5, 1e-06, 0.1], "k_pid_hsp": [0.8060318845789145, 0.4126348658305037, 0.6023375536305026], "k_pid_vsp": [165.94742979017306, 173.2325308942046, 65.57317707183496]}, "datetime": {"datetime": "2025-08-21 17:39:28", "elapsed": 32084.765320539474, "delta": 33.79642653465271}, "costs": {"total_cost": 1150.906892978356, "time_cost": 150, "final_distance_cost": 42.78419969378017, "oscillation_cost": 323.959380166296, "completition_cost": 555.5555555555555, "overshoot_cost": 43.95658307183712, "power_cost": 19.487647204589845, "noise_cost": 15.163527286297523, "n_waypoints_completed": 4, "tot_waypoints": 9}}
{"target": -814.2678851044604, "params": {"k_pid_pos": [0.4842064185843765, 0.6295361843398734, 0.10799475837818362], "k_pid_alt": [1.9274976038004357, 0.7483404015064324, 0.8941315418015063], "k_pid_att": [96.59429666908918, 9.217351366904467, 0.6523151558751044], "k_pid_yaw": [0.5, 1e-06, 0.1], "k_pid_hsp": [4.331217775098104, 0.2662710987421607, 0.9035090763531378], "k_pid_vsp": [152.5683862918826, 386.52409776879637, 84.25744894111668]}, "datetime": {"datetime": "2025-08-21 17:39:58", "elapsed": 32114.99927020073, "delta": 30.233949661254883}, "costs": {"total_cost": 814.2678851044604, "time_cost": 150, "final_distance_cost": 74.26495923034709, "oscillation_cost": 160.70440673331183, "completition_cost": 333.33333333333337, "overshoot_cost": 53.90788888186826, "power_cost": 24.248752001953125, "noise_cost": 17.8085449236468, "n_waypoints_completed": 6, "tot_waypoints": 9}}
{"target": -883.3426276052601, "params": {"k_pid_pos": [0.44810099127986647, 0.5399656829000183, 0.658778047790846], "k_pid_alt": [1.2699354759536212, 0.3136644469329516, 0.45393047915225226], "k_pid_att": [13.684659935340015, 0.7573942243812007, 0.06162671367248884], "k_pid_yaw": [0.5, 1e-06, 0.1], "k_pid_hsp": [2.7871796981380585, 0.6883393874547503, 0.5390894777150737], "k_pid_vsp": [155.33274655719418, 215.85163715558298, 58.80362412782227]}, "datetime": {"datetime": "2025-08-21 17:40:32", "elapsed": 32149.426428079605, "delta": 34.42715787887573}, "costs": {"total_cost": 883.3426276052601, "time_cost": 150, "final_distance_cost": 57.43221486847961, "oscillation_cost": 263.656833823364, "completition_cost": 333.33333333333337, "overshoot_cost": 43.91897537828708, "power_cost": 20.16520291748047, "noise_cost": 14.83606728431545, "n_waypoints_completed": 6, "tot_waypoints": 9}}
{"target": -1494.2581758065135, "params": {"k_pid_pos": [0.5886566862940447, 0.7470246947200917, 0.29549000906475276], "k_pid_alt": [1.7648420413293686, 0.968650558389094, 0.7389639305083887], "k_pid_att": [38.826380097677394, 4.743544954509089, 0.8870912030114078], "k_pid_yaw": [0.5, 1e-06, 0.1], "k_pid_hsp": [7.232607123031064, 0.5443497718203546, 0.8375840926678427], "k_pid_vsp": [166.2499651250928, 141.6355304632157, 260.7016211455624]}, "datetime": {"datetime": "2025-08-21 17:41:02", "elapsed": 32179.119330644608, "delta": 29.69290256500244}, "costs": {"total_cost": 1494.2581758065135, "time_cost": 150, "final_distance_cost": 50.77227393243128, "oscillation_cost": 259.461586164029, "completition_cost": 888.8888888888888, "overshoot_cost": 74.85717506425036, "power_cost": 30.7618732421875, "noise_cost": 39.51637851472656, "n_waypoints_completed": 1, "tot_waypoints": 9}}
{"target": -1257.0028002268543, "params": {"k_pid_pos": [0.061532347666559406, 0.7124697985804943, 0.4095276009353467], "k_pid_alt": [1.3604613598978537, 0.4412520169210571, 0.23679034077177585], "k_pid_att": [66.06097481885121, 1.7252193441853798, 0.8269574534704297], "k_pid_yaw": [0.5, 1e-06, 0.1], "k_pid_hsp": [8.10181648176758, 0.6815121277801928, 0.5167619234699802], "k_pid_vsp": [146.9282492914748, 346.960688180791, 282.6540052419038]}, "datetime": {"datetime": "2025-08-21 17:41:31", "elapsed": 32208.161929130554, "delta": 29.042598485946655}, "costs": {"total_cost": 1257.0028002268543, "time_cost": 150, "final_distance_cost": 83.69260238876548, "oscillation_cost": 161.68831129864267, "completition_cost": 777.7777777777778, "overshoot_cost": 43.451896979828774, "power_cost": 23.026889282226563, "noise_cost": 17.365322499613043, "n_waypoints_completed": 2, "tot_waypoints": 9}}
{"target": -842.6287907623486, "params": {"k_pid_pos": [1.558950009713039, 0.5506436301389492, 0.37418652903519267], "k_pid_alt": [1.401863938630588, 0.89152194119632, 0.1967906838172071], "k_pid_att": [83.14919974166743, 2.668599037281544, 0.9980301872020615], "k_pid_yaw": [0.5, 1e-06, 0.1], "k_pid_hsp": [1.3848687512083218, 0.6129340745683283, 0.9942275506098764], "k_pid_vsp": [261.5927817017387, 330.8001327727519, 122.68372306820845]}, "datetime": {"datetime": "2025-08-21 17:42:03", "elapsed": 32239.751943588257, "delta": 31.590014457702637}, "costs": {"total_cost": 842.6287907623486, "time_cost": 150, "final_distance_cost": 93.06185382496344, "oscillation_cost": 172.38687752926205, "completition_cost": 333.33333333333337, "overshoot_cost": 54.084971339314286, "power_cost": 22.293775, "noise_cost": 17.46797973547542, "n_waypoints_completed": 6, "tot_waypoints": 9}}
{"target": -794.1795461523623, "params": {"k_pid_pos": [1.1828422649101886, 0.8183350916681137, 0.36002791387626365], "k_pid_alt": [0.258355725519839, 0.3525615319385519, 0.6496101352466077], "k_pid_att": [26.480984629686553, 8.22277600409122, 0.3488572730947135], "k_pid_yaw": [0.5, 1e-06, 0.1], "k_pid_hsp": [8.266799127039375, 0.5706582840535488, 0.04259094876938585], "k_pid_vsp": [356.2630054591423, 247.78891759391618, 171.2688428925601]}, "datetime": {"datetime": "2025-08-21 17:42:32", "elapsed": 32268.95842909813, "delta": 29.206485509872437}, "costs": {"total_cost": 794.1795461523623, "time_cost": 150, "final_distance_cost": 78.00133513338248, "oscillation_cost": 141.87564582605492, "completition_cost": 333.33333333333337, "overshoot_cost": 53.848584282328154, "power_cost": 20.23097744140625, "noise_cost": 16.889670135857042, "n_waypoints_completed": 6, "tot_waypoints": 9}}
{"target": -1070.775143892505, "params": {"k_pid_pos": [1.510620864982777, 0.04283888533712299, 0.1974080930332094], "k_pid_alt": [0.6320561532294731, 0.8771921591525991, 0.9413647667046515], "k_pid_att": [34.6711732775978, 4.073848102211715, 0.37038796732433266], "k_pid_yaw": [0.5, 1e-06, 0.1], "k_pid_hsp": [8.742924602014655, 0.6688540250784899, 0.25115821804701777], "k_pid_vsp": [25.85291637815392, 267.9052853135054, 169.83502012819383]}, "datetime": {"datetime": "2025-08-21 17:43:01", "elapsed": 32298.41680264473, "delta": 29.458373546600342}, "costs": {"total_cost": 1070.775143892505, "time_cost": 150, "final_distance_cost": 54.00542996465781, "oscillation_cost": 297.8585067458879, "completition_cost": 444.4444444444444, "overshoot_cost": 85.71674117594591, "power_cost": 20.54770001220703, "noise_cost": 18.20232154936189, "n_waypoints_completed": 5, "tot_waypoints": 9}}
{"target": -1125.0733185403972, "params": {"k_pid_pos": [0.071137547227421, 0.8618380992165244, 0.06234825453638593], "k_pid_alt": [0.5467583045706517, 0.875325581303417, 0.48463836995045373], "k_pid_att": [37.27964923988579, 4.624853929832971, 0.49064846706147835], "k_pid_yaw": [0.5, 1e-06, 0.1], "k_pid_hsp": [8.807802940326628, 0.03456988481770584, 0.88177286523215], "k_pid_vsp": [159.78021335797558, 354.6835211391052, 124.00550009551732]}, "datetime": {"datetime": "2025-08-21 17:43:35", "elapsed": 32332.08700966835, "delta": 33.670207023620605}, "costs": {"total_cost": 1125.0733185403972, "time_cost": 150, "final_distance_cost": 56.234955031962066, "oscillation_cost": 147.13372143695236, "completition_cost": 666.6666666666667, "overshoot_cost": 68.93210479885953, "power_cost": 20.84344869384766, "noise_cost": 15.262421912109058, "n_waypoints_completed": 3, "tot_waypoints": 9}}
{"target": -1079.8043454486385, "params": {"k_pid_pos": [0.587172280256985, 0.6817015724514386, 0.7772665468940635], "k_pid_alt": [0.7212622395926995, 0.8093469265268655, 0.5165563915722213], "k_pid_att": [4.581402304469728, 4.884920640559178, 0.041214388138850255], "k_pid_yaw": [0.5, 1e-06, 0.1], "k_pid_hsp": [5.359494935907118, 0.9669568409878779, 0.22473646470901054], "k_pid_vsp": [300.01467906761917, 239.1038215929906, 166.29480077999654]}, "datetime": {"datetime": "2025-08-21 17:44:05", "elapsed": 32361.571102380753, "delta": 29.484092712402344}, "costs": {"total_cost": 1079.8043454486385, "time_cost": 150, "final_distance_cost": 48.615814341064706, "oscillation_cost": 245.35604803742098, "completition_cost": 555.5555555555555, "overshoot_cost": 48.442593084834265, "power_cost": 17.815087036132812, "noise_cost": 14.01924739363011, "n_waypoints_completed": 4, "tot_waypoints": 9}}
