{"target": -870.5674881653543, "params": {"k_pid_pos": [1.195909002895431, 0.9041646290041498, 0.21347257547904042], "k_pid_alt": [1.1046082587382422, 0.41090695493130447, 0.23941981505426269], "k_pid_att": [62.17901070923757, 7.599396926719068, 0.15825610958257708], "k_pid_yaw": [0.5, 1e-06, 0.1], "k_pid_hsp": [1.015833112851166, 0.8910063755145055, 0.8249756769927818], "k_pid_vsp": [329.6188541511194, 391.42911863039177, 259.78128004014405]}, "datetime": {"datetime": "2025-08-22 03:30:35", "elapsed": 67551.86977314949, "delta": 51.385334968566895}, "costs": {"total_cost": 870.5674881653543, "time_cost": 150, "final_distance_cost": 77.68279472518472, "oscillation_cost": 212.04130751629617, "completition_cost": 333.33333333333337, "overshoot_cost": 68.4539117378537, "power_cost": 16.013878369140627, "noise_cost": 13.04226248354582, "n_waypoints_completed": 6, "tot_waypoints": 9}}
{"target": -378.25768308474335, "params": {"k_pid_pos": [2.0, 0.0, 1.0], "k_pid_alt": [2.0, 0.0, 0.0], "k_pid_att": [17.22694914503543, 3.640899860969825, 0.0], "k_pid_yaw": [0.5, 1e-06, 0.1], "k_pid_hsp": [7.359211508209721, 1.0, 1.0], "k_pid_vsp": [249.1747970889801, 203.04439141027194, 44.280709412806075]}, "datetime": {"datetime": "2025-08-22 03:31:09", "elapsed": 67585.81540870667, "delta": 33.94563555717468}, "costs": {"total_cost": 378.25768308474335, "time_cost": 73.608, "final_distance_cost": 1.7260022338402872, "oscillation_cost": 217.5721199168326, "completition_cost": 0.0, "overshoot_cost": 51.54271570557025, "power_cost": 19.695976025390625, "noise_cost": 14.112869203109605, "n_waypoints_completed": 9, "tot_waypoints": 9}}
{"target": -1101.5114123525527, "params": {"k_pid_pos": [0.6750392664770787, 0.8426832805911028, 0.9665424693509699], "k_pid_alt": [0.8703384083093726, 0.9542679244557778, 0.1807190944937035], "k_pid_att": [57.73586088291617, 6.437311800917208, 0.2627268556994504], "k_pid_yaw": [0.5, 1e-06, 0.1], "k_pid_hsp": [7.059592805326515, 0.4447946058352824, 0.5901702145151078], "k_pid_vsp": [347.6041403530409, 205.80712437200805, 33.45932411180555]}, "datetime": {"datetime": "2025-08-22 03:31:53", "elapsed": 67629.81610870361, "delta": 44.00069999694824}, "costs": {"total_cost": 1101.5114123525527, "time_cost": 150, "final_distance_cost": 42.89642152979955, "oscillation_cost": 271.6172744686456, "completition_cost": 555.5555555555555, "overshoot_cost": 43.957223487543494, "power_cost": 21.46621268310547, "noise_cost": 16.018724627903435, "n_waypoints_completed": 4, "tot_waypoints": 9}}
{"target": -267.84941716452994, "params": {"k_pid_pos": [0.8624981362357356, 0.1497873591020088, 0.08342761281020206], "k_pid_alt": [1.9005127643212365, 0.7048285003212832, 0.2136671685552991], "k_pid_att": [9.24336790032294, 8.652229251961703, 0.9604139992086584], "k_pid_yaw": [0.5, 1e-06, 0.1], "k_pid_hsp": [8.611209230729832, 0.8640852194253814, 0.9419931888814402], "k_pid_vsp": [276.15232821902714, 371.05866472033796, 27.14399558114611]}, "datetime": {"datetime": "2025-08-22 03:32:28", "elapsed": 67665.03070616722, "delta": 35.21459746360779}, "costs": {"total_cost": 267.84941716452994, "time_cost": 75.848, "final_distance_cost": 1.7756863134224887, "oscillation_cost": 114.87724643558447, "completition_cost": 0.0, "overshoot_cost": 51.13100131846649, "power_cost": 13.671438671875, "noise_cost": 10.54604442518151, "n_waypoints_completed": 9, "tot_waypoints": 9}}
{"target": -814.0298649227321, "params": {"k_pid_pos": [2.0, 0.5929205488068642, 0.0], "k_pid_alt": [1.9214680107059237, 0.42244657669402486, 0.0], "k_pid_att": [13.08097511369674, 10.0, 0.0], "k_pid_yaw": [0.5, 1e-06, 0.1], "k_pid_hsp": [5.462211396503839, 0.9684737234109169, 1.0], "k_pid_vsp": [47.75981573952904, 348.2827484793721, 135.78203441198252]}, "datetime": {"datetime": "2025-08-22 03:33:20", "elapsed": 67717.31722211838, "delta": 52.286515951156616}, "costs": {"total_cost": 814.0298649227321, "time_cost": 150, "final_distance_cost": 72.74695439206504, "oscillation_cost": 161.58221572731946, "completition_cost": 333.33333333333337, "overshoot_cost": 61.32107174670103, "power_cost": 20.275927734375, "noise_cost": 14.770361988938221, "n_waypoints_completed": 6, "tot_waypoints": 9}}
{"target": -886.5241299031388, "params": {"k_pid_pos": [0.8419653593087622, 0.2184486645316125, 0.4415193379773277], "k_pid_alt": [1.039892695086425, 0.07741304218938017, 0.6758308344824444], "k_pid_att": [8.818171676891751, 8.570972788387996, 0.8113445940195237], "k_pid_yaw": [0.5, 1e-06, 0.1], "k_pid_hsp": [4.064821289632622, 0.887517794911085, 0.3605981833325924], "k_pid_vsp": [178.77335389500385, 343.4843584595674, 113.17363492767026]}, "datetime": {"datetime": "2025-08-22 03:34:06", "elapsed": 67763.03909492493, "delta": 45.72187280654907}, "costs": {"total_cost": 886.5241299031388, "time_cost": 150, "final_distance_cost": 56.14635872326778, "oscillation_cost": 244.6747795835502, "completition_cost": 333.33333333333337, "overshoot_cost": 53.226210598061684, "power_cost": 27.947000610351562, "noise_cost": 21.196447054574296, "n_waypoints_completed": 6, "tot_waypoints": 9}}
{"target": -2028.4153828697108, "params": {"k_pid_pos": [1.0253822146168887, 0.8934667010664934, 0.15441261073549672], "k_pid_alt": [0.19378777712704665, 0.4615646802695954, 0.6218715140897958], "k_pid_att": [0.6605009179042942, 4.668576134371909, 0.2808777211865763], "k_pid_yaw": [0.5, 1e-06, 0.1], "k_pid_hsp": [2.6514709532426037, 0.8285386234247525, 0.1776980962775062], "k_pid_vsp": [261.49380623094373, 276.5143430160656, 40.04574600506606]}, "datetime": {"datetime": "2025-08-22 03:34:47", "elapsed": 67804.42178750038, "delta": 41.38269257545471}, "costs": {"total_cost": 2028.4153828697108, "time_cost": 150, "final_distance_cost": 20.01636949092214, "oscillation_cost": 586.420362999518, "completition_cost": 1000.0, "overshoot_cost": 144.40928804485392, "power_cost": 35.40093298339844, "noise_cost": 92.16842935101849, "n_waypoints_completed": 0, "tot_waypoints": 9}}
{"target": -1320.259763822409, "params": {"k_pid_pos": [0.29867966246361705, 0.8008658241369396, 0.9241798714692134], "k_pid_alt": [0.19398009774627178, 0.6620380088891705, 0.5049489001895818], "k_pid_att": [99.18121595393876, 5.910731700801751, 0.039785813222287914], "k_pid_yaw": [0.5, 1e-06, 0.1], "k_pid_hsp": [7.994347354933434, 0.6770687322291603, 0.860070135950194], "k_pid_vsp": [257.42643857717195, 318.75051033192915, 5.814897705333191]}, "datetime": {"datetime": "2025-08-22 03:35:26", "elapsed": 67842.6330883503, "delta": 38.21130084991455}, "costs": {"total_cost": 1320.259763822409, "time_cost": 150, "final_distance_cost": 90.55783401086636, "oscillation_cost": 216.39991166992402, "completition_cost": 777.7777777777778, "overshoot_cost": 45.48100358996205, "power_cost": 22.70176208496094, "noise_cost": 17.34147468891782, "n_waypoints_completed": 2, "tot_waypoints": 9}}
{"target": -889.6587044584962, "params": {"k_pid_pos": [2.0, 0.0, 0.0], "k_pid_alt": [1.496889675976862, 0.9390841756830254, 0.5811290546127743], "k_pid_att": [55.151514857198784, 8.213172427093346, 0.7175377108018786], "k_pid_yaw": [0.5, 1e-06, 0.1], "k_pid_hsp": [8.803446192555565, 0.39771780236610765, 0.0], "k_pid_vsp": [67.5824646129713, 189.48541584961177, 99.83551111601253]}, "datetime": {"datetime": "2025-08-22 03:36:15", "elapsed": 67891.45861983299, "delta": 48.82553148269653}, "costs": {"total_cost": 889.6587044584962, "time_cost": 150, "final_distance_cost": 43.104886857050765, "oscillation_cost": 56.21577413419266, "completition_cost": 555.5555555555555, "overshoot_cost": 46.17853260054288, "power_cost": 21.443612646484375, "noise_cost": 17.160342664669983, "n_waypoints_completed": 4, "tot_waypoints": 9}}
{"target": -1023.8484725429871, "params": {"k_pid_pos": [0.342283797420422, 1.0, 0.0], "k_pid_alt": [1.9978044474341907, 1.0, 0.0], "k_pid_att": [59.35067646207951, 0.0001, 1.0], "k_pid_yaw": [0.5, 1e-06, 0.1], "k_pid_hsp": [4.823533340933557, 1.0, 0.0], "k_pid_vsp": [274.5645027069529, 288.8799885246602, 224.92197151261215]}, "datetime": {"datetime": "2025-08-22 03:36:59", "elapsed": 67935.79747843742, "delta": 44.33885860443115}, "costs": {"total_cost": 1023.8484725429871, "time_cost": 150, "final_distance_cost": 53.46054430017169, "oscillation_cost": 60.87204853985165, "completition_cost": 666.6666666666667, "overshoot_cost": 51.23577077006146, "power_cost": 24.154257006835937, "noise_cost": 17.4591852593996, "n_waypoints_completed": 3, "tot_waypoints": 9}}
{"target": -205.12871851548041, "params": {"k_pid_pos": [2.0, 0.0, 0.0], "k_pid_alt": [2.0, 0.0, 1.0], "k_pid_att": [9.346264684042444, 4.137872966480987, 1.0], "k_pid_yaw": [0.5, 1e-06, 0.1], "k_pid_hsp": [3.7490365964481214, 1.0, 0.0], "k_pid_vsp": [48.83001992800423, 229.66654461416138, 86.19875631252013]}, "datetime": {"datetime": "2025-08-22 03:37:32", "elapsed": 67969.15565395355, "delta": 33.35817551612854}, "costs": {"total_cost": 205.12871851548041, "time_cost": 69.608, "final_distance_cost": 1.7939529371079024, "oscillation_cost": 59.029216270662126, "completition_cost": 0.0, "overshoot_cost": 50.48866943007346, "power_cost": 12.68888446044922, "noise_cost": 11.51999541718768, "n_waypoints_completed": 9, "tot_waypoints": 9}}
{"target": -923.501755512723, "params": {"k_pid_pos": [1.4854214649276984, 0.3335294297137947, 0.5986660830920253], "k_pid_alt": [1.9999286283045619, 0.4098180630179552, 0.36737986853448357], "k_pid_att": [9.73080241509663, 7.360167478352689, 0.3276205394044116], "k_pid_yaw": [0.5, 1e-06, 0.1], "k_pid_hsp": [9.16027356603281, 0.289055349532923, 0.6573764318503428], "k_pid_vsp": [280.5910627935878, 131.98467446759946, 203.9730100927768]}, "datetime": {"datetime": "2025-08-22 03:38:17", "elapsed": 68013.76705217361, "delta": 44.611398220062256}, "costs": {"total_cost": 923.501755512723, "time_cost": 150, "final_distance_cost": 69.89111993660336, "oscillation_cost": 276.28930481308214, "completition_cost": 333.33333333333337, "overshoot_cost": 55.92320243419521, "power_cost": 22.205473339843753, "noise_cost": 15.859321655665234, "n_waypoints_completed": 6, "tot_waypoints": 9}}
{"target": -1150.3880535055039, "params": {"k_pid_pos": [0.0001, 1.0, 0.0], "k_pid_alt": [2.0, 0.0, 1.0], "k_pid_att": [46.08308723484537, 1.9001777334505034, 1.0], "k_pid_yaw": [0.5, 1e-06, 0.1], "k_pid_hsp": [8.475858346774672, 0.0, 0.0], "k_pid_vsp": [110.36823041606331, 323.9841962208717, 179.61597014081235]}, "datetime": {"datetime": "2025-08-22 03:38:58", "elapsed": 68054.80579900742, "delta": 41.03874683380127}, "costs": {"total_cost": 1150.3880535055039, "time_cost": 150, "final_distance_cost": 67.16362956578429, "oscillation_cost": 74.17700550347384, "completition_cost": 777.7777777777778, "overshoot_cost": 38.63110407248623, "power_cost": 25.30164283447266, "noise_cost": 17.33689375150903, "n_waypoints_completed": 2, "tot_waypoints": 9}}
{"target": -198.35735419791968, "params": {"k_pid_pos": [2.0, 0.0, 1.0], "k_pid_alt": [2.0, 0.0, 1.0], "k_pid_att": [97.56898850821626, 6.663467722957939, 1.0], "k_pid_yaw": [0.5, 1e-06, 0.1], "k_pid_hsp": [6.273866855511771, 1.0, 0.0], "k_pid_vsp": [250.75463517197426, 314.7032184998878, 4.346684849115045]}, "datetime": {"datetime": "2025-08-22 03:39:46", "elapsed": 68102.58821749687, "delta": 47.78241848945618}, "costs": {"total_cost": 198.35735419791968, "time_cost": 69.776, "final_distance_cost": 1.8355909337830298, "oscillation_cost": 43.97944188044051, "completition_cost": 0.0, "overshoot_cost": 50.44237772159784, "power_cost": 17.417380041503908, "noise_cost": 14.906563620594412, "n_waypoints_completed": 9, "tot_waypoints": 9}}
{"target": -502.8666171939725, "params": {"k_pid_pos": [1.1141111714495506, 0.1966993320754088, 0.669099909916559], "k_pid_alt": [1.3025519070413014, 0.45676800266033646, 0.6433559315503418], "k_pid_att": [57.57515916527648, 5.146806693293147, 0.346758583754466], "k_pid_yaw": [0.5, 1e-06, 0.1], "k_pid_hsp": [6.94726270569188, 0.3502057610819973, 0.15133953222240248], "k_pid_vsp": [168.02429086517256, 54.4394811491081, 97.25322816381895]}, "datetime": {"datetime": "2025-08-22 03:40:24", "elapsed": 68141.01888227463, "delta": 38.43066477775574}, "costs": {"total_cost": 502.8666171939725, "time_cost": 99.48, "final_distance_cost": 1.8099744195196579, "oscillation_cost": 305.15090569725805, "completition_cost": 0.0, "overshoot_cost": 58.99331805041879, "power_cost": 21.411284606933595, "noise_cost": 16.021134419842383, "n_waypoints_completed": 9, "tot_waypoints": 9}}
{"target": -289.79294653736497, "params": {"k_pid_pos": [2.0, 1.0, 1.0], "k_pid_alt": [2.0, 0.7213955253695, 0.0], "k_pid_att": [64.61988853973784, 4.096461194101229, 0.0], "k_pid_yaw": [0.5, 1e-06, 0.1], "k_pid_hsp": [4.030602333498724, 1.0, 0.0], "k_pid_vsp": [309.7845167519965, 259.2835772002007, 68.90801485445351]}, "datetime": {"datetime": "2025-08-22 03:41:05", "elapsed": 68181.4966545105, "delta": 40.47777223587036}, "costs": {"total_cost": 289.79294653736497, "time_cost": 88.664, "final_distance_cost": 1.7275357743571376, "oscillation_cost": 111.7049097852526, "completition_cost": 0.0, "overshoot_cost": 53.88989909136139, "power_cost": 19.027401013183596, "noise_cost": 14.77920087321024, "n_waypoints_completed": 9, "tot_waypoints": 9}}
{"target": -334.64234569741774, "params": {"k_pid_pos": [1.99579937446932, 0.15733961498998006, 0.8817183589019306], "k_pid_alt": [1.9227861333960212, 0.1427882353762231, 0.8152569172393719], "k_pid_att": [5.802904545249987, 6.052240773102107, 0.6396304601673103], "k_pid_yaw": [0.5, 1e-06, 0.1], "k_pid_hsp": [3.7255670852089526, 0.5112204699447932, 0.428371958264921], "k_pid_vsp": [111.10799403522495, 304.62060565806667, 109.18213092410055]}, "datetime": {"datetime": "2025-08-22 03:41:50", "elapsed": 68226.94653320312, "delta": 45.44987869262695}, "costs": {"total_cost": 334.64234569741774, "time_cost": 87.456, "final_distance_cost": 1.7775280927836878, "oscillation_cost": 156.53209304033285, "completition_cost": 0.0, "overshoot_cost": 55.56359337667542, "power_cost": 19.240596459960937, "noise_cost": 14.072534727664783, "n_waypoints_completed": 9, "tot_waypoints": 9}}
{"target": -660.2188006720658, "params": {"k_pid_pos": [1.2390219940904634, 0.9937292446907068, 0.15219767192394007], "k_pid_alt": [1.8233463023926082, 0.9677268292688974, 0.8753016953349488], "k_pid_att": [17.797143771068757, 3.4723491283189016, 0.9553451328489712], "k_pid_yaw": [0.5, 1e-06, 0.1], "k_pid_hsp": [1.2796435980031904, 0.13013386953694084, 0.41837394531472927], "k_pid_vsp": [165.7242107073238, 350.25959537231483, 112.84148867990905]}, "datetime": {"datetime": "2025-08-22 03:42:33", "elapsed": 68269.59071755409, "delta": 42.64418435096741}, "costs": {"total_cost": 660.2188006720658, "time_cost": 150, "final_distance_cost": 68.04173146614144, "oscillation_cost": 121.77224196194194, "completition_cost": 222.2222222222222, "overshoot_cost": 60.31725861714718, "power_cost": 22.15403660888672, "noise_cost": 15.711309795726212, "n_waypoints_completed": 7, "tot_waypoints": 9}}
{"target": -1584.5208814576627, "params": {"k_pid_pos": [0.04535761027136961, 0.0, 0.8996902730016713], "k_pid_alt": [2.0, 0.16020605283236972, 1.0], "k_pid_att": [66.00051689683197, 10.0, 0.0], "k_pid_yaw": [0.5, 1e-06, 0.1], "k_pid_hsp": [10.0, 1.0, 0.0], "k_pid_vsp": [265.32504505116236, 231.30996300331478, 162.37901485997656]}, "datetime": {"datetime": "2025-08-22 03:43:34", "elapsed": 68330.80296301842, "delta": 61.21224546432495}, "costs": {"total_cost": 1584.5208814576627, "time_cost": 150, "final_distance_cost": 48.13366764228102, "oscillation_cost": 418.906545429395, "completition_cost": 888.8888888888888, "overshoot_cost": 36.54838400688227, "power_cost": 24.183294177246093, "noise_cost": 17.860101312969295, "n_waypoints_completed": 1, "tot_waypoints": 9}}
{"target": -805.64523009272, "params": {"k_pid_pos": [0.8701404721108127, 0.6028747473640796, 0.1737945453438775], "k_pid_alt": [0.6849593278601096, 0.7090832861630469, 0.904944783738793], "k_pid_att": [58.081847287359366, 1.7762679026908117, 0.39179836274909785], "k_pid_yaw": [0.5, 1e-06, 0.1], "k_pid_hsp": [8.105999131485822, 0.6304018614782568, 0.04384233675312321], "k_pid_vsp": [347.58122038943606, 17.424668697618255, 238.3583976647062]}, "datetime": {"datetime": "2025-08-22 03:44:21", "elapsed": 68378.39888238907, "delta": 47.595919370651245}, "costs": {"total_cost": 805.64523009272, "time_cost": 150, "final_distance_cost": 65.17961140469353, "oscillation_cost": 166.84355828107638, "completition_cost": 333.33333333333337, "overshoot_cost": 56.79064972172174, "power_cost": 18.629640844726563, "noise_cost": 14.868436507168576, "n_waypoints_completed": 6, "tot_waypoints": 9}}
{"target": -957.4956995035412, "params": {"k_pid_pos": [0.6443149353358589, 0.45796145747359507, 0.5675798731421136], "k_pid_alt": [0.9486772049197107, 0.6709532968305327, 0.872319410645467], "k_pid_att": [16.13117640030478, 6.154954835935395, 0.04310716044439167], "k_pid_yaw": [0.5, 1e-06, 0.1], "k_pid_hsp": [3.9545101941169105, 0.6071940813553529, 0.08124734202681172], "k_pid_vsp": [177.0722292892783, 342.1237165234888, 113.51506956085271]}, "datetime": {"datetime": "2025-08-22 03:45:02", "elapsed": 68419.1907954216, "delta": 40.79191303253174}, "costs": {"total_cost": 957.4956995035412, "time_cost": 150, "final_distance_cost": 78.78560894422039, "oscillation_cost": 300.7032250815063, "completition_cost": 333.33333333333337, "overshoot_cost": 48.59986712440611, "power_cost": 25.866197265625, "noise_cost": 20.207467754449972, "n_waypoints_completed": 6, "tot_waypoints": 9}}
{"target": -888.5492857668335, "params": {"k_pid_pos": [2.0, 0.39509227362623606, 0.4271607359648979], "k_pid_alt": [1.7959998809351228, 0.0, 0.0], "k_pid_att": [65.26254690917075, 8.56062455135573, 0.8125077934362186], "k_pid_yaw": [0.5, 1e-06, 0.1], "k_pid_hsp": [0.0001, 1.0, 1.0], "k_pid_vsp": [214.85735701661974, 52.41499847540374, 34.34408719079181]}, "datetime": {"datetime": "2025-08-22 03:45:53", "elapsed": 68470.43343138695, "delta": 51.24263596534729}, "costs": {"total_cost": 888.5492857668335, "time_cost": 150, "final_distance_cost": 71.2622511566715, "oscillation_cost": 337.09052982454745, "completition_cost": 222.2222222222222, "overshoot_cost": 68.40573055811942, "power_cost": 22.80856483154297, "noise_cost": 16.75998717372991, "n_waypoints_completed": 7, "tot_waypoints": 9}}
{"target": -1540.3822438444565, "params": {"k_pid_pos": [0.5656379400026524, 0.6068332861870259, 0.8536391543294256], "k_pid_alt": [0.22593488411243312, 0.287220189504355, 0.7783546969728913], "k_pid_att": [67.08080143474277, 8.53060224034042, 0.735407308685092], "k_pid_yaw": [0.5, 1e-06, 0.1], "k_pid_hsp": [9.304301260906868, 0.2991437176680316, 0.9781598848019013], "k_pid_vsp": [125.22703781833803, 148.17495972418448, 122.16591104112865]}, "datetime": {"datetime": "2025-08-22 03:46:46", "elapsed": 68522.5568728447, "delta": 52.12344145774841}, "costs": {"total_cost": 1540.3822438444565, "time_cost": 150, "final_distance_cost": 70.66985826115624, "oscillation_cost": 361.62248548116213, "completition_cost": 888.8888888888888, "overshoot_cost": 32.87493256619831, "power_cost": 20.442604650878906, "noise_cost": 15.883473996172043, "n_waypoints_completed": 1, "tot_waypoints": 9}}
{"target": -377.7027566709805, "params": {"k_pid_pos": [2.0, 0.0, 0.24631089185816024], "k_pid_alt": [0.551025135029567, 0.0, 0.3720338255255143], "k_pid_att": [31.144611604958225, 3.959492817200444, 0.6021587449344978], "k_pid_yaw": [0.5, 1e-06, 0.1], "k_pid_hsp": [7.090037675525242, 0.33733369665929924, 0.4307057493630594], "k_pid_vsp": [331.35315423967086, 203.8427263368655, 28.866074993813484]}, "datetime": {"datetime": "2025-08-22 03:47:43", "elapsed": 68579.76937818527, "delta": 57.21250534057617}, "costs": {"total_cost": 377.7027566709805, "time_cost": 86.44, "final_distance_cost": 1.8093005573069154, "oscillation_cost": 203.2164416518194, "completition_cost": 0.0, "overshoot_cost": 50.5619554696411, "power_cost": 20.079761572265625, "noise_cost": 15.595297419947487, "n_waypoints_completed": 9, "tot_waypoints": 9}}
{"target": -279.30541522122235, "params": {"k_pid_pos": [2.0, 1.0, 1.0], "k_pid_alt": [1.2614828259284654, 0.3286840478947423, 0.0], "k_pid_att": [62.105751937839806, 2.4562180691881355, 0.0], "k_pid_yaw": [0.5, 1e-06, 0.1], "k_pid_hsp": [3.399593302051692, 1.0, 0.0], "k_pid_vsp": [306.6776937219241, 256.40539796766086, 71.0164750858185]}, "datetime": {"datetime": "2025-08-22 03:48:27", "elapsed": 68624.07253074646, "delta": 44.303152561187744}, "costs": {"total_cost": 279.30541522122235, "time_cost": 93.808, "final_distance_cost": 1.774625578534735, "oscillation_cost": 102.51000182384203, "completition_cost": 0.0, "overshoot_cost": 52.42281866810302, "power_cost": 15.890829711914064, "noise_cost": 12.899139438828517, "n_waypoints_completed": 9, "tot_waypoints": 9}}
{"target": -693.2712583290457, "params": {"k_pid_pos": [2.0, 0.730860708466816, 0.0], "k_pid_alt": [2.0, 0.09430521892468208, 0.0], "k_pid_att": [10.63349725773472, 5.3532866851578325, 0.0], "k_pid_yaw": [0.5, 1e-06, 0.1], "k_pid_hsp": [4.519169120665897, 0.37702403442453875, 0.8992316953688839], "k_pid_vsp": [51.29057035109602, 349.1453027856115, 140.39833094857542]}, "datetime": {"datetime": "2025-08-22 03:49:11", "elapsed": 68667.53708100319, "delta": 43.464550256729126}, "costs": {"total_cost": 693.2712583290457, "time_cost": 150, "final_distance_cost": 68.86592209897374, "oscillation_cost": 154.13900496856482, "completition_cost": 222.2222222222222, "overshoot_cost": 62.8262510536844, "power_cost": 20.33434382324219, "noise_cost": 14.883514162358424, "n_waypoints_completed": 7, "tot_waypoints": 9}}
