{"target": -1627.7372480065715, "params": {"k_pid_pos": [1.7792385608236934, 0.21519469294756932, 0.13769148268682752], "k_pid_alt": [1.9431674964548484, 0.11446227274331844, 0.7320209749865736], "k_pid_att": [66.664799479516, 4.5186728895903325, 0.4283442396852676], "k_pid_yaw": [0.5, 1e-06, 0.1], "k_pid_hsp": [3.772821489917049, 0.2358713845267323, 0.5445946882858516], "k_pid_vsp": [64.22321347275526, 19.863125947156163, 342.95240184510163]}, "datetime": {"datetime": "2025-08-21 09:52:47", "elapsed": 4083.904091835022, "delta": 28.8477885723114}, "costs": {"total_cost": 1627.7372480065715, "time_cost": 150, "final_distance_cost": 58.416867226258056, "oscillation_cost": 365.5236454484188, "completition_cost": 888.8888888888888, "overshoot_cost": 120.78064906552085, "power_cost": 24.12905428466797, "noise_cost": 19.998143092816903, "n_waypoints_completed": 1, "tot_waypoints": 9}}
{"target": -1103.7307714093254, "params": {"k_pid_pos": [0.3772808333989334, 0.9760245783993194, 0.29367831933031074], "k_pid_alt": [1.2872859189813592, 0.3759683152735769, 0.4993481822760364], "k_pid_att": [73.2697314351946, 4.013244523315093, 0.800704292344519], "k_pid_yaw": [0.5, 1e-06, 0.1], "k_pid_hsp": [1.36412197942071, 0.865960783282007, 0.11932877189230984], "k_pid_vsp": [195.03301370098845, 330.22159680917986, 297.4172596133827]}, "datetime": {"datetime": "2025-08-21 09:53:17", "elapsed": 4114.333070755005, "delta": 30.42897891998291}, "costs": {"total_cost": 1103.7307714093254, "time_cost": 150, "final_distance_cost": 74.06731502930849, "oscillation_cost": 99.10311186534301, "completition_cost": 666.6666666666667, "overshoot_cost": 76.66648513053343, "power_cost": 21.392948901367188, "noise_cost": 15.834243816106628, "n_waypoints_completed": 3, "tot_waypoints": 9}}
{"target": -1108.4157696050563, "params": {"k_pid_pos": [0.8570454537931514, 0.9157645764927754, 0.2694966038610416], "k_pid_alt": [0.9300318307789459, 0.04647556843697498, 0.6715747509206395], "k_pid_att": [10.671783733155193, 5.527890446018916, 0.9481728913558541], "k_pid_yaw": [0.5, 1e-06, 0.1], "k_pid_hsp": [0.5362610505986526, 0.39524174251255706, 0.6511474845784503], "k_pid_vsp": [240.86499130903695, 224.34677748278267, 371.99789144954406]}, "datetime": {"datetime": "2025-08-21 09:53:44", "elapsed": 4140.691595554352, "delta": 26.358524799346924}, "costs": {"total_cost": 1108.4157696050563, "time_cost": 150, "final_distance_cost": 62.415895470152556, "oscillation_cost": 115.23243075307975, "completition_cost": 666.6666666666667, "overshoot_cost": 83.78326346104593, "power_cost": 16.535693981933594, "noise_cost": 13.781819272177998, "n_waypoints_completed": 3, "tot_waypoints": 9}}
{"target": -1544.9406633674025, "params": {"k_pid_pos": [0.04444774764619777, 0.45239133642904483, 0.32238629445137923], "k_pid_alt": [1.1599399780017878, 0.007619852201596111, 0.6195935312006053], "k_pid_att": [83.42664063560467, 6.146632986957176, 0.44465214674518416], "k_pid_yaw": [0.5, 1e-06, 0.1], "k_pid_hsp": [6.841476851795385, 0.7898332570563248, 0.5909448533300896], "k_pid_vsp": [126.96966790397721, 95.66314475027866, 293.2696720984107]}, "datetime": {"datetime": "2025-08-21 09:54:15", "elapsed": 4172.328818559647, "delta": 31.6372230052948}, "costs": {"total_cost": 1544.9406633674025, "time_cost": 150, "final_distance_cost": 112.98687100263581, "oscillation_cost": 299.86192659297075, "completition_cost": 888.8888888888888, "overshoot_cost": 54.43005723277159, "power_cost": 21.572770837402345, "noise_cost": 17.200148812732927, "n_waypoints_completed": 1, "tot_waypoints": 9}}
{"target": -1397.2322311330024, "params": {"k_pid_pos": [0.10784076981390098, 0.6113590703820851, 0.4080017654040441], "k_pid_alt": [0.9451902483717871, 0.8152908801269546, 0.915850348505812], "k_pid_att": [89.32442418595349, 1.1606510845522848, 0.5987771281579198], "k_pid_yaw": [0.5, 1e-06, 0.1], "k_pid_hsp": [2.614842432520191, 0.9276087214159892, 0.2207682546990296], "k_pid_vsp": [246.22674226580835, 344.8678253535379, 286.31255700787455]}, "datetime": {"datetime": "2025-08-21 09:54:42", "elapsed": 4198.946588277817, "delta": 26.617769718170166}, "costs": {"total_cost": 1397.2322311330024, "time_cost": 150, "final_distance_cost": 64.4715330554885, "oscillation_cost": 194.13808312989272, "completition_cost": 888.8888888888888, "overshoot_cost": 52.61668049233335, "power_cost": 26.419553747558595, "noise_cost": 20.697491818840284, "n_waypoints_completed": 1, "tot_waypoints": 9}}
{"target": -839.4251298985104, "params": {"k_pid_pos": [1.1183201399085116, 0.312893725425093, 0.2615522010878236], "k_pid_alt": [1.4916786333260728, 0.8732979804306099, 0.5682153292414148], "k_pid_att": [52.5053457147143, 7.8731740824452725, 0.4472466364484122], "k_pid_yaw": [0.5, 1e-06, 0.1], "k_pid_hsp": [5.996542603858085, 0.16469676909737796, 0.25200112410576914], "k_pid_vsp": [202.44859118825417, 247.65459376878889, 228.245806270667]}, "datetime": {"datetime": "2025-08-21 09:55:11", "elapsed": 4228.181585550308, "delta": 29.234997272491455}, "costs": {"total_cost": 839.4251298985104, "time_cost": 150, "final_distance_cost": 76.07085467364392, "oscillation_cost": 289.8710444733462, "completition_cost": 222.2222222222222, "overshoot_cost": 59.617930255482754, "power_cost": 23.165175854492187, "noise_cost": 18.47790241932302, "n_waypoints_completed": 7, "tot_waypoints": 9}}
{"target": -1114.3290020267373, "params": {"k_pid_pos": [0.3620007147634651, 0.8296599256546581, 0.9285016013971727], "k_pid_alt": [0.8204613458599939, 0.03974704920848893, 0.9683128906384901], "k_pid_att": [87.47601110919122, 3.1925621887313165, 0.44627971070551786], "k_pid_yaw": [0.5, 1e-06, 0.1], "k_pid_hsp": [6.105566622746803, 0.5386167741263473, 0.6964714930876582], "k_pid_vsp": [166.56659202612101, 34.35343582271962, 30.731857725700724]}, "datetime": {"datetime": "2025-08-21 09:55:37", "elapsed": 4254.099242925644, "delta": 25.917657375335693}, "costs": {"total_cost": 1114.3290020267373, "time_cost": 150, "final_distance_cost": 47.12108657727326, "oscillation_cost": 267.81341693522126, "completition_cost": 555.5555555555555, "overshoot_cost": 47.72969508540361, "power_cost": 26.989949572753908, "noise_cost": 19.119298300529664, "n_waypoints_completed": 4, "tot_waypoints": 9}}
{"target": -1879.773597121634, "params": {"k_pid_pos": [0.5490600291439798, 0.3219027540975483, 0.6988990223125265], "k_pid_alt": [1.0003855456801771, 0.8377580326116508, 0.40826610561022014], "k_pid_att": [51.78469100983028, 9.067443694515685, 0.4577576825909986], "k_pid_yaw": [0.5, 1e-06, 0.1], "k_pid_hsp": [4.485188890533393, 0.9185728655719323, 0.6141266864811621], "k_pid_vsp": [70.92708421767031, 135.41531822502864, 301.6760679312657]}, "datetime": {"datetime": "2025-08-21 09:56:06", "elapsed": 4282.684292316437, "delta": 28.585049390792847}, "costs": {"total_cost": 1879.773597121634, "time_cost": 150, "final_distance_cost": 235.864093683864, "oscillation_cost": 377.6944519216329, "completition_cost": 888.8888888888888, "overshoot_cost": 185.3096920906033, "power_cost": 21.665798193359375, "noise_cost": 20.3506723432858, "n_waypoints_completed": 1, "tot_waypoints": 9}}
{"target": -852.1385074015342, "params": {"k_pid_pos": [0.5020565709380127, 0.8860734643435931, 0.21434964095774034], "k_pid_alt": [1.0274238652232528, 0.25515909223801136, 0.7025537832208437], "k_pid_att": [44.83043637025021, 6.127527889081302, 0.625950170844038], "k_pid_yaw": [0.5, 1e-06, 0.1], "k_pid_hsp": [7.192278868449331, 0.3112013791845494, 0.23981131230000485], "k_pid_vsp": [187.02801306707437, 299.4310432103104, 148.47281923932238]}, "datetime": {"datetime": "2025-08-21 09:56:34", "elapsed": 4310.543793916702, "delta": 27.859501600265503}, "costs": {"total_cost": 852.1385074015342, "time_cost": 150, "final_distance_cost": 75.68386559002693, "oscillation_cost": 213.77561227083189, "completition_cost": 333.33333333333337, "overshoot_cost": 45.69137657769767, "power_cost": 19.115062011718752, "noise_cost": 14.539257617925646, "n_waypoints_completed": 6, "tot_waypoints": 9}}
{"target": -992.2230738134436, "params": {"k_pid_pos": [0.3688165040244374, 0.0004086230162310134, 0.866137577522523], "k_pid_alt": [1.368856103618637, 0.5279603293467823, 0.5231212895764422], "k_pid_att": [89.92836975299228, 1.577414302133447, 0.403067838234748], "k_pid_yaw": [0.5, 1e-06, 0.1], "k_pid_hsp": [4.44158120871246, 0.22524578059009126, 0.18170151219121766], "k_pid_vsp": [351.80773108607656, 39.5059497876629, 108.74646415917286]}, "datetime": {"datetime": "2025-08-21 09:57:03", "elapsed": 4340.02055311203, "delta": 29.47675919532776}, "costs": {"total_cost": 992.2230738134436, "time_cost": 150, "final_distance_cost": 51.29393711630241, "oscillation_cost": 374.92369049790193, "completition_cost": 333.33333333333337, "overshoot_cost": 48.16234872264904, "power_cost": 19.186796984863282, "noise_cost": 15.322967158393727, "n_waypoints_completed": 6, "tot_waypoints": 9}}
{"target": -1245.7199040360738, "params": {"k_pid_pos": [1.4079214988965043, 0.4584854998102941, 0.498512253480734], "k_pid_alt": [1.4057190638535226, 0.1449452055224576, 0.48355670098541215], "k_pid_att": [32.69861700539789, 1.0911038083263105, 0.09670850966167432], "k_pid_yaw": [0.5, 1e-06, 0.1], "k_pid_hsp": [6.410311621244207, 0.5770188015459085, 0.8428729146391251], "k_pid_vsp": [174.00853652394423, 264.7089495718397, 348.7513338806712]}, "datetime": {"datetime": "2025-08-21 09:57:28", "elapsed": 4365.015279531479, "delta": 24.994726419448853}, "costs": {"total_cost": 1245.7199040360738, "time_cost": 150, "final_distance_cost": 53.80271722340224, "oscillation_cost": 271.483961139571, "completition_cost": 666.6666666666667, "overshoot_cost": 53.295759543684454, "power_cost": 25.448954614257815, "noise_cost": 25.021844848491543, "n_waypoints_completed": 3, "tot_waypoints": 9}}
{"target": -406.9320456410915, "params": {"k_pid_pos": [1.0398253742576091, 0.22836591415525243, 0.48172012097284767], "k_pid_alt": [1.8783471003336738, 0.022558513079758202, 0.9605900263989863], "k_pid_att": [35.16901391014363, 6.17999901927379, 0.06248410873088328], "k_pid_yaw": [0.5, 1e-06, 0.1], "k_pid_hsp": [6.390045858564142, 0.68190180486214, 0.7055545649211322], "k_pid_vsp": [185.78158598363305, 200.5847005335516, 100.81807445072194]}, "datetime": {"datetime": "2025-08-21 09:57:53", "elapsed": 4389.820377588272, "delta": 24.805098056793213}, "costs": {"total_cost": 406.9320456410915, "time_cost": 79.208, "final_distance_cost": 1.7454458561317467, "oscillation_cost": 238.4577561773706, "completition_cost": 0.0, "overshoot_cost": 51.49436353610314, "power_cost": 20.50595798339844, "noise_cost": 15.520522088087564, "n_waypoints_completed": 9, "tot_waypoints": 9}}
{"target": -3272.56588198829, "params": {"k_pid_pos": [1.127939138926489, 0.8983781761705029, 0.6037676240397566], "k_pid_alt": [1.955102306337898, 0.36902707906359644, 0.3758666427886904], "k_pid_att": [91.11349676196626, 4.535234055422521, 0.6640281108325998], "k_pid_yaw": [0.5, 1e-06, 0.1], "k_pid_hsp": [9.944557341504973, 0.40363060941477424, 0.7267960244130832], "k_pid_vsp": [3.1669614015232828, 114.37464033101296, 137.56961615852538]}, "datetime": {"datetime": "2025-08-21 09:58:21", "elapsed": 4418.274196863174, "delta": 28.453819274902344}, "costs": {"total_cost": 3272.56588198829, "time_cost": 150, "final_distance_cost": 923.020007139485, "oscillation_cost": 351.5655797526916, "completition_cost": 777.7777777777778, "overshoot_cost": 1029.507018996778, "power_cost": 21.163259045410157, "noise_cost": 19.53223927614727, "n_waypoints_completed": 2, "tot_waypoints": 9}}
{"target": -1490.8065740532759, "params": {"k_pid_pos": [0.35592510395049676, 0.2445195997026276, 0.6173670781321376], "k_pid_alt": [0.5744471114028722, 0.646801689630484, 0.42122489179725153], "k_pid_att": [85.07393332219173, 6.705185144468686, 0.37103876845822503], "k_pid_yaw": [0.5, 1e-06, 0.1], "k_pid_hsp": [6.045354635843208, 0.6113555020282664, 0.7947810446696325], "k_pid_vsp": [323.6354752655594, 151.96078557055793, 75.92443801129598]}, "datetime": {"datetime": "2025-08-21 09:58:48", "elapsed": 4445.1212956905365, "delta": 26.84709882736206}, "costs": {"total_cost": 1490.8065740532759, "time_cost": 150, "final_distance_cost": 83.13977215106868, "oscillation_cost": 415.694764586564, "completition_cost": 777.7777777777778, "overshoot_cost": 34.62114788638449, "power_cost": 16.172353161621096, "noise_cost": 13.400758489859866, "n_waypoints_completed": 2, "tot_waypoints": 9}}
{"target": -892.93072922924, "params": {"k_pid_pos": [1.262917483872848, 0.33561234698603426, 0.007847260065625083], "k_pid_alt": [0.781676064936228, 0.7952005863278725, 0.3622130403252164], "k_pid_att": [4.243126351926085, 3.899925987237706, 0.864394155790567], "k_pid_yaw": [0.5, 1e-06, 0.1], "k_pid_hsp": [5.198567698613898, 0.6250677873738734, 0.5361511311652313], "k_pid_vsp": [310.59191792241666, 389.7706254742667, 244.376411189876]}, "datetime": {"datetime": "2025-08-21 09:59:23", "elapsed": 4480.0539309978485, "delta": 34.93263530731201}, "costs": {"total_cost": 892.93072922924, "time_cost": 150, "final_distance_cost": 45.64742957390784, "oscillation_cost": 159.7375407355238, "completition_cost": 444.4444444444444, "overshoot_cost": 54.64792371444889, "power_cost": 22.014324816894533, "noise_cost": 16.439065944020477, "n_waypoints_completed": 5, "tot_waypoints": 9}}
{"target": -1546.3139398927078, "params": {"k_pid_pos": [1.9484323356815698, 0.36414122748223277, 0.4984382805753096], "k_pid_alt": [0.11980096068967905, 0.2751318915851403, 0.5852014062950679], "k_pid_att": [6.389226762013756, 5.721708856945849, 0.5305863655791528], "k_pid_yaw": [0.5, 1e-06, 0.1], "k_pid_hsp": [5.434648764929079, 0.260460925784775, 0.2631806327756414], "k_pid_vsp": [133.33732481641434, 97.64314345186186, 232.62178279072646]}, "datetime": {"datetime": "2025-08-21 09:59:54", "elapsed": 4510.666248321533, "delta": 30.612317323684692}, "costs": {"total_cost": 1546.3139398927078, "time_cost": 150, "final_distance_cost": 55.278691573950454, "oscillation_cost": 294.82006061877956, "completition_cost": 888.8888888888888, "overshoot_cost": 98.56687023815999, "power_cost": 23.72781929931641, "noise_cost": 35.03160927361267, "n_waypoints_completed": 1, "tot_waypoints": 9}}
{"target": -792.3638248818474, "params": {"k_pid_pos": [1.1047406769379617, 0.5643234191735822, 0.48349532914658977], "k_pid_alt": [1.7972569744989426, 0.13501148690583975, 0.23117602246459668], "k_pid_att": [30.0081459599739, 9.662534648748728, 0.08725633926590082], "k_pid_yaw": [0.5, 1e-06, 0.1], "k_pid_hsp": [6.869641399700831, 0.7205495706012303, 0.4984154137998442], "k_pid_vsp": [278.4793417330293, 252.6096085682666, 7.747890891504726]}, "datetime": {"datetime": "2025-08-21 10:00:27", "elapsed": 4544.316713809967, "delta": 33.65046548843384}, "costs": {"total_cost": 792.3638248818474, "time_cost": 150, "final_distance_cost": 66.88753927026974, "oscillation_cost": 278.07948158287314, "completition_cost": 222.2222222222222, "overshoot_cost": 42.17075095563964, "power_cost": 17.99852615966797, "noise_cost": 15.005304691174736, "n_waypoints_completed": 7, "tot_waypoints": 9}}
{"target": -941.3926852173887, "params": {"k_pid_pos": [0.5796649947240051, 0.9692717419279558, 0.9215763863076563], "k_pid_alt": [1.4189836134933909, 0.83306839896004, 0.71074879325016], "k_pid_att": [24.731607965585123, 8.025159076607704, 0.07150183321818449], "k_pid_yaw": [0.5, 1e-06, 0.1], "k_pid_hsp": [8.324675244873877, 0.7066991210353638, 0.7519690677421564], "k_pid_vsp": [332.99529329010267, 306.9154498578315, 35.915165922812164]}, "datetime": {"datetime": "2025-08-21 10:00:55", "elapsed": 4571.918637275696, "delta": 27.60192346572876}, "costs": {"total_cost": 941.3926852173887, "time_cost": 150, "final_distance_cost": 76.61089482150695, "oscillation_cost": 287.6269427186737, "completition_cost": 333.33333333333337, "overshoot_cost": 44.595803150363466, "power_cost": 28.234669531250002, "noise_cost": 20.99104166226122, "n_waypoints_completed": 6, "tot_waypoints": 9}}
{"target": -594.791739677188, "params": {"k_pid_pos": [0.5850231957954937, 0.8830625472490613, 0.18322350237342055], "k_pid_alt": [0.17633663913577324, 0.0856858912489501, 0.8473135213048564], "k_pid_att": [68.81407630799225, 1.9913836503649542, 0.976326967354872], "k_pid_yaw": [0.5, 1e-06, 0.1], "k_pid_hsp": [3.4080006080244756, 0.13992789081992874, 0.03669876303563824], "k_pid_vsp": [165.6412707785458, 340.6185737210869, 182.89386333768567]}, "datetime": {"datetime": "2025-08-21 10:01:27", "elapsed": 4604.410594701767, "delta": 32.49195742607117}, "costs": {"total_cost": 594.791739677188, "time_cost": 150, "final_distance_cost": 73.6221490382149, "oscillation_cost": 61.205243009427676, "completition_cost": 222.2222222222222, "overshoot_cost": 50.78996587084537, "power_cost": 20.76986794433594, "noise_cost": 16.182291592142107, "n_waypoints_completed": 7, "tot_waypoints": 9}}
{"target": -1452.9921178874627, "params": {"k_pid_pos": [0.9434713258787859, 0.842796624200084, 0.153701700305788], "k_pid_alt": [0.8092924660877399, 0.4220880309439201, 0.44218325133391245], "k_pid_att": [61.65384718385292, 8.020410624840906, 0.8092862330820939], "k_pid_yaw": [0.5, 1e-06, 0.1], "k_pid_hsp": [1.5911802694699426, 0.9498328078772432, 0.46890841317598075], "k_pid_vsp": [109.19429216492182, 5.913580305752851, 213.24566465156695]}, "datetime": {"datetime": "2025-08-21 10:01:53", "elapsed": 4630.1265823841095, "delta": 25.71598768234253}, "costs": {"total_cost": 1452.9921178874627, "time_cost": 150, "final_distance_cost": 15.380236206425174, "oscillation_cost": 62.65394635101118, "completition_cost": 1000.0, "overshoot_cost": 138.54627342038944, "power_cost": 20.59537890625, "noise_cost": 65.8162830033866, "n_waypoints_completed": 0, "tot_waypoints": 9}}
{"target": -1209.164167418107, "params": {"k_pid_pos": [0.7976548034411928, 0.17520400610284925, 0.5042878339893114], "k_pid_alt": [0.10556760242472452, 0.24836452757175098, 0.704717540959592], "k_pid_att": [39.86729506158518, 6.251572810761316, 0.35291990820238983], "k_pid_yaw": [0.5, 1e-06, 0.1], "k_pid_hsp": [3.506510561422514, 0.6189426506120389, 0.9348872907827093], "k_pid_vsp": [130.75190199004047, 254.72360563848784, 273.46559068878673]}, "datetime": {"datetime": "2025-08-21 10:02:23", "elapsed": 4659.592317581177, "delta": 29.46573519706726}, "costs": {"total_cost": 1209.164167418107, "time_cost": 150, "final_distance_cost": 49.936036165176986, "oscillation_cost": 354.21958505929626, "completition_cost": 555.5555555555555, "overshoot_cost": 55.23449209331604, "power_cost": 22.36443229980469, "noise_cost": 21.854066244957377, "n_waypoints_completed": 4, "tot_waypoints": 9}}
{"target": -1653.3630081171991, "params": {"k_pid_pos": [1.3381122191247354, 0.48862643442677134, 0.04329378546227003], "k_pid_alt": [0.4347544915347197, 0.09398818020603517, 0.8151520620355596], "k_pid_att": [23.6170543506678, 0.1604758433913032, 0.3012956845464858], "k_pid_yaw": [0.5, 1e-06, 0.1], "k_pid_hsp": [3.1963679417217206, 0.5231865209287276, 0.7920934757050078], "k_pid_vsp": [299.21381991678044, 56.32583835195236, 366.8739023710964]}, "datetime": {"datetime": "2025-08-21 10:02:49", "elapsed": 4685.954222679138, "delta": 26.361905097961426}, "costs": {"total_cost": 1653.3630081171991, "time_cost": 150, "final_distance_cost": 30.4606085283686, "oscillation_cost": 332.21269160154674, "completition_cost": 1000.0, "overshoot_cost": 95.75893164782211, "power_cost": 24.856051025390627, "noise_cost": 20.074725314071294, "n_waypoints_completed": 0, "tot_waypoints": 9}}
{"target": -1112.3645582999168, "params": {"k_pid_pos": [0.5003711934265079, 0.1705764943032032, 0.2909314766094069], "k_pid_alt": [1.1184575723721892, 0.6450608433737974, 0.5013153936150361], "k_pid_att": [89.41633008665617, 6.367140015900886, 0.06277373178973522], "k_pid_yaw": [0.5, 1e-06, 0.1], "k_pid_hsp": [9.9671420904179, 0.8831447011970354, 0.26273285846435945], "k_pid_vsp": [7.172328854353616, 307.78420503628894, 132.65972695742335]}, "datetime": {"datetime": "2025-08-21 10:03:16", "elapsed": 4712.783171892166, "delta": 26.828949213027954}, "costs": {"total_cost": 1112.3645582999168, "time_cost": 150, "final_distance_cost": 49.00250756042258, "oscillation_cost": 371.543758056131, "completition_cost": 444.4444444444444, "overshoot_cost": 61.70688068338624, "power_cost": 19.82274794921875, "noise_cost": 15.844219606313684, "n_waypoints_completed": 5, "tot_waypoints": 9}}
{"target": -1506.3492535499672, "params": {"k_pid_pos": [0.1238187611104043, 0.7726235944289649, 0.3391854346596995], "k_pid_alt": [0.3625600858532301, 0.9353451469180631, 0.7507371270055111], "k_pid_att": [16.860489426961443, 6.0656084451433685, 0.40212109984710487], "k_pid_yaw": [0.5, 1e-06, 0.1], "k_pid_hsp": [1.0528101229304843, 0.18698123335941896, 0.42952733062288273], "k_pid_vsp": [271.32520571125485, 112.44908721345232, 386.67912300669866]}, "datetime": {"datetime": "2025-08-21 10:03:46", "elapsed": 4742.456063747406, "delta": 29.672891855239868}, "costs": {"total_cost": 1506.3492535499672, "time_cost": 150, "final_distance_cost": 45.880073491727074, "oscillation_cost": 200.40802990213288, "completition_cost": 1000.0, "overshoot_cost": 72.44372651266893, "power_cost": 21.25216706542969, "noise_cost": 16.3652565780086, "n_waypoints_completed": 0, "tot_waypoints": 9}}
