{"target": -1457.64879016374, "params": {"k_pid_pos": [1.9394026439272412, 0.8377826024076591, 0.5279629345838255], "k_pid_alt": [0.8066195946464345, 0.8238479176528268, 0.165407882326696], "k_pid_att": [45.90629516346587, 2.6680701659806085, 0.14111364342477806], "k_pid_yaw": [0.5, 1e-06, 0.1], "k_pid_hsp": [2.978541390630186, 0.6159587731277326, 0.23909329695755654], "k_pid_vsp": [172.89453912024842, 9.365816965261622, 300.58365273519644]}, "datetime": {"datetime": "2025-08-21 15:59:41", "elapsed": 26098.089077949524, "delta": 29.816143035888672}, "costs": {"total_cost": 1457.64879016374, "time_cost": 150, "final_distance_cost": 77.40270240776688, "oscillation_cost": 322.57576260580913, "completition_cost": 777.7777777777778, "overshoot_cost": 76.2030038008073, "power_cost": 27.76605357666016, "noise_cost": 25.923489994918825, "n_waypoints_completed": 2, "tot_waypoints": 9}}
{"target": -1127.2489624938423, "params": {"k_pid_pos": [0.2682509586822172, 0.6545076679941417, 0.47180608486644204], "k_pid_alt": [1.4400747345622154, 0.12043255424119448, 0.8427935170981404], "k_pid_att": [42.02275539361023, 1.660948957061011, 0.4936732664366479], "k_pid_yaw": [0.5, 1e-06, 0.1], "k_pid_hsp": [9.512961339397341, 0.8022148803273857, 0.5973373212906177], "k_pid_vsp": [88.21164811263333, 275.95708423190507, 255.7944056251485]}, "datetime": {"datetime": "2025-08-21 16:00:09", "elapsed": 26125.97599196434, "delta": 27.886914014816284}, "costs": {"total_cost": 1127.2489624938423, "time_cost": 150, "final_distance_cost": 46.83986274119675, "oscillation_cost": 273.8798548451394, "completition_cost": 555.5555555555555, "overshoot_cost": 54.33959332758799, "power_cost": 23.874756567382814, "noise_cost": 22.759339456979617, "n_waypoints_completed": 4, "tot_waypoints": 9}}
{"target": -1504.0301240328056, "params": {"k_pid_pos": [0.6810215321125634, 0.2344478855325972, 0.7355822545304198], "k_pid_alt": [0.6198570970443948, 0.4702434285886977, 0.8347256799120876], "k_pid_att": [76.22377080263189, 0.7003348708178522, 0.77107411400507], "k_pid_yaw": [0.5, 1e-06, 0.1], "k_pid_hsp": [2.387450881305533, 0.6571971070710665, 0.23279227720809836], "k_pid_vsp": [117.41752494425386, 191.49271955133173, 212.5132616972722]}, "datetime": {"datetime": "2025-08-21 16:00:36", "elapsed": 26153.029663562775, "delta": 27.05367159843445}, "costs": {"total_cost": 1504.0301240328056, "time_cost": 150, "final_distance_cost": 109.61923766696584, "oscillation_cost": 383.45842768949444, "completition_cost": 777.7777777777778, "overshoot_cost": 50.707912482551414, "power_cost": 17.611963146972656, "noise_cost": 14.854805269043474, "n_waypoints_completed": 2, "tot_waypoints": 9}}
{"target": -1448.0602860600663, "params": {"k_pid_pos": [0.060422501671492906, 0.7725078809267572, 0.758321712016761], "k_pid_alt": [0.2871231366132183, 0.09775903703447675, 0.6565996555555714], "k_pid_att": [54.2159625936896, 4.071945952831568, 0.5870661543300904], "k_pid_yaw": [0.5, 1e-06, 0.1], "k_pid_hsp": [2.2179992447242145, 0.19876141142309167, 0.5212316488040378], "k_pid_vsp": [98.69204399883111, 275.6116416674738, 283.9797807765643]}, "datetime": {"datetime": "2025-08-21 16:01:03", "elapsed": 26180.08478474617, "delta": 27.055121183395386}, "costs": {"total_cost": 1448.0602860600663, "time_cost": 150, "final_distance_cost": 55.37481816294678, "oscillation_cost": 284.1325647566668, "completition_cost": 888.8888888888888, "overshoot_cost": 36.376170108304045, "power_cost": 18.244483654785157, "noise_cost": 15.043360488474747, "n_waypoints_completed": 1, "tot_waypoints": 9}}
{"target": -1309.869957236681, "params": {"k_pid_pos": [0.11575653493369567, 0.5325819959017173, 0.5241876836557908], "k_pid_alt": [0.9039097418542761, 0.3852442596355311, 0.8347231683861038], "k_pid_att": [83.32418780508141, 8.254717202636646, 0.2416108363589603], "k_pid_yaw": [0.5, 1e-06, 0.1], "k_pid_hsp": [7.816664643671742, 0.9354474121575047, 0.6326178978702132], "k_pid_vsp": [270.005846415065, 92.75271661799806, 318.9944891319456]}, "datetime": {"datetime": "2025-08-21 16:01:30", "elapsed": 26207.01856160164, "delta": 26.93377685546875}, "costs": {"total_cost": 1309.869957236681, "time_cost": 150, "final_distance_cost": 89.69393676796497, "oscillation_cost": 314.75178928974697, "completition_cost": 666.6666666666667, "overshoot_cost": 46.89248289893469, "power_cost": 23.912706506347657, "noise_cost": 17.952375107020163, "n_waypoints_completed": 3, "tot_waypoints": 9}}
{"target": -1120.703941665774, "params": {"k_pid_pos": [0.3221240524937038, 0.8066510753699739, 0.8694114920013298], "k_pid_alt": [1.5520292620236043, 0.1564707034029128, 0.22258647827766453], "k_pid_att": [55.1168628497279, 0.3714188179851907, 0.9233350612577218], "k_pid_yaw": [0.5, 1e-06, 0.1], "k_pid_hsp": [9.810478272946412, 0.2488901887781828, 0.3694218701958121], "k_pid_vsp": [200.80798687642542, 249.20722646250059, 151.58371599705285]}, "datetime": {"datetime": "2025-08-21 16:01:57", "elapsed": 26234.382109880447, "delta": 27.363548278808594}, "costs": {"total_cost": 1120.703941665774, "time_cost": 150, "final_distance_cost": 46.63652956606085, "oscillation_cost": 286.0193276180049, "completition_cost": 555.5555555555555, "overshoot_cost": 40.493753403819476, "power_cost": 24.452007568359377, "noise_cost": 17.54676795397377, "n_waypoints_completed": 4, "tot_waypoints": 9}}
{"target": -1005.050469944826, "params": {"k_pid_pos": [1.2122406397515015, 0.37022300550130793, 0.638390824355233], "k_pid_alt": [0.3770155459338358, 0.5420343738067389, 0.03238296328733681], "k_pid_att": [19.356643099570913, 6.344757536492145, 0.006004126258691622], "k_pid_yaw": [0.5, 1e-06, 0.1], "k_pid_hsp": [6.764238156504048, 0.7386898956949551, 0.04835494614614266], "k_pid_vsp": [270.36393807312237, 317.4237875314134, 303.7224269624245]}, "datetime": {"datetime": "2025-08-21 16:02:25", "elapsed": 26261.57762479782, "delta": 27.195514917373657}, "costs": {"total_cost": 1005.050469944826, "time_cost": 150, "final_distance_cost": 63.21629005223111, "oscillation_cost": 363.03380976792687, "completition_cost": 333.33333333333337, "overshoot_cost": 61.409296818873585, "power_cost": 19.22582976074219, "noise_cost": 14.831910211718913, "n_waypoints_completed": 6, "tot_waypoints": 9}}
{"target": -875.616387926232, "params": {"k_pid_pos": [0.46461708816807357, 0.7442190747541906, 0.635060915426914], "k_pid_alt": [0.9086184016279366, 0.24520136292485084, 0.529468310604022], "k_pid_att": [44.29842706088618, 0.8706817042456693, 0.43606362252248165], "k_pid_yaw": [0.5, 1e-06, 0.1], "k_pid_hsp": [3.495978983177038, 0.8564232549563555, 0.9772312663136086], "k_pid_vsp": [95.63332873599526, 343.70720867189937, 56.18893167702408]}, "datetime": {"datetime": "2025-08-21 16:02:52", "elapsed": 26288.56540632248, "delta": 26.987781524658203}, "costs": {"total_cost": 875.616387926232, "time_cost": 150, "final_distance_cost": 76.72647301268607, "oscillation_cost": 225.11274101234937, "completition_cost": 333.33333333333337, "overshoot_cost": 48.35968473923007, "power_cost": 24.640164978027347, "noise_cost": 17.443990850605953, "n_waypoints_completed": 6, "tot_waypoints": 9}}
{"target": -1089.4194210341232, "params": {"k_pid_pos": [0.3969076234643861, 0.2576639119286207, 0.8636704056588759], "k_pid_alt": [0.11819331719034132, 0.9334627468820154, 0.062224372345620726], "k_pid_att": [5.045502702699556, 3.3802066879691117, 0.45298069991662293], "k_pid_yaw": [0.5, 1e-06, 0.1], "k_pid_hsp": [8.97758838109886, 0.25055494620634045, 0.17650819735502976], "k_pid_vsp": [340.1994091437092, 263.7797793163762, 143.76622723446616]}, "datetime": {"datetime": "2025-08-21 16:03:22", "elapsed": 26318.747860193253, "delta": 30.182453870773315}, "costs": {"total_cost": 1089.4194210341232, "time_cost": 150, "final_distance_cost": 41.33823585336088, "oscillation_cost": 244.0714813276039, "completition_cost": 555.5555555555555, "overshoot_cost": 56.25630153759822, "power_cost": 23.953171630859377, "noise_cost": 18.244675129145545, "n_waypoints_completed": 4, "tot_waypoints": 9}}
{"target": -717.7830188091741, "params": {"k_pid_pos": [0.415514183033313, 0.5806110360624043, 0.7430344189937091], "k_pid_alt": [1.3623679672756532, 0.6391772718136589, 0.2546633079039953], "k_pid_att": [99.81708816128297, 4.803856470780449, 0.2419251640136002], "k_pid_yaw": [0.5, 1e-06, 0.1], "k_pid_hsp": [9.023653721227996, 0.9192406629403198, 0.4147920924293753], "k_pid_vsp": [326.2931904607614, 274.1677417825333, 14.309941197631343]}, "datetime": {"datetime": "2025-08-21 16:03:49", "elapsed": 26346.204577684402, "delta": 27.456717491149902}, "costs": {"total_cost": 717.7830188091741, "time_cost": 150, "final_distance_cost": 57.880681417548054, "oscillation_cost": 315.28276516569355, "completition_cost": 111.11111111111116, "overshoot_cost": 50.27569147161923, "power_cost": 17.961634716796876, "noise_cost": 15.271134926405272, "n_waypoints_completed": 8, "tot_waypoints": 9}}
{"target": -985.791148857343, "params": {"k_pid_pos": [0.9901865463234014, 0.14523600734354059, 0.73513326130706], "k_pid_alt": [1.3746674523364915, 0.6928836201683973, 0.15628436503629883], "k_pid_att": [43.036953494199615, 1.475264747864458, 0.38649205027356814], "k_pid_yaw": [0.5, 1e-06, 0.1], "k_pid_hsp": [9.504371445319672, 0.4242636804251372, 0.2594867037285591], "k_pid_vsp": [198.95879891908152, 396.89855768401304, 389.87660996953144]}, "datetime": {"datetime": "2025-08-21 16:04:17", "elapsed": 26373.496569871902, "delta": 27.2919921875}, "costs": {"total_cost": 985.791148857343, "time_cost": 150, "final_distance_cost": 53.446037377941835, "oscillation_cost": 352.63385763822185, "completition_cost": 333.33333333333337, "overshoot_cost": 46.469301080982596, "power_cost": 26.614657141113284, "noise_cost": 23.293962285750094, "n_waypoints_completed": 6, "tot_waypoints": 9}}
{"target": -1362.8508057817378, "params": {"k_pid_pos": [0.8499841842468412, 0.12936910980668614, 0.11457653193211681], "k_pid_alt": [1.2032635198802608, 0.01246542285100427, 0.7299664359597228], "k_pid_att": [2.984340519850859, 8.459849774165033, 0.6781623080376232], "k_pid_yaw": [0.5, 1e-06, 0.1], "k_pid_hsp": [5.796520588652314, 0.1832714248397066, 0.8209463758798814], "k_pid_vsp": [341.71194150193094, 73.71500911218804, 276.8323151571605]}, "datetime": {"datetime": "2025-08-21 16:04:44", "elapsed": 26400.756458044052, "delta": 27.259888172149658}, "costs": {"total_cost": 1362.8508057817378, "time_cost": 150, "final_distance_cost": 90.57632571853453, "oscillation_cost": 262.2587328478215, "completition_cost": 777.7777777777778, "overshoot_cost": 43.8552073132507, "power_cost": 22.53942130126953, "noise_cost": 15.843340823083594, "n_waypoints_completed": 2, "tot_waypoints": 9}}
{"target": -950.49711563167, "params": {"k_pid_pos": [1.0874616397857138, 0.7557455464439218, 0.6921058447530347], "k_pid_alt": [0.27485769732366516, 0.0975660748611189, 0.14492186696948628], "k_pid_att": [63.00388094356292, 7.2359722738239975, 0.5373858608462875], "k_pid_yaw": [0.5, 1e-06, 0.1], "k_pid_hsp": [8.940187960322215, 0.6635572921293239, 0.20642298566881312], "k_pid_vsp": [276.24427327287333, 190.9023590477619, 377.4937827353797]}, "datetime": {"datetime": "2025-08-21 16:05:11", "elapsed": 26428.349653720856, "delta": 27.59319567680359}, "costs": {"total_cost": 950.49711563167, "time_cost": 150, "final_distance_cost": 63.446907285426924, "oscillation_cost": 311.6823401376211, "completition_cost": 333.33333333333337, "overshoot_cost": 50.460699881068884, "power_cost": 23.195182946777344, "noise_cost": 18.378652047442397, "n_waypoints_completed": 6, "tot_waypoints": 9}}
{"target": -2104.915929267847, "params": {"k_pid_pos": [0.8096940657587992, 0.6830177953241555, 0.6875036522093745], "k_pid_alt": [0.5067700792470871, 0.959145101951648, 0.23687745258314852], "k_pid_att": [13.71993000170917, 6.350776039273614, 0.9530299390554604], "k_pid_yaw": [0.5, 1e-06, 0.1], "k_pid_hsp": [6.341795273528602, 0.5723957636225275, 0.45552142215572444], "k_pid_vsp": [9.574340395649061, 278.44939251656035, 179.61319032710705]}, "datetime": {"datetime": "2025-08-21 16:05:39", "elapsed": 26455.930946350098, "delta": 27.581292629241943}, "costs": {"total_cost": 2104.915929267847, "time_cost": 150, "final_distance_cost": 448.05050576358303, "oscillation_cost": 196.97465878406254, "completition_cost": 888.8888888888888, "overshoot_cost": 380.82327942394005, "power_cost": 18.59854178466797, "noise_cost": 21.5800546227048, "n_waypoints_completed": 1, "tot_waypoints": 9}}
{"target": -1629.1344911343147, "params": {"k_pid_pos": [1.35844543504051, 0.1375866228656667, 0.8251830669305467], "k_pid_alt": [1.936961900305162, 0.33087495099483466, 0.8839586662963811], "k_pid_att": [6.316911186069019, 5.309637288550698, 0.8564357532030766], "k_pid_yaw": [0.5, 1e-06, 0.1], "k_pid_hsp": [7.733209766706961, 0.056867990887110476, 0.43227676871708065], "k_pid_vsp": [4.670357691540428, 72.06138217343052, 185.70716971229749]}, "datetime": {"datetime": "2025-08-21 16:06:09", "elapsed": 26486.009365797043, "delta": 30.07841944694519}, "costs": {"total_cost": 1629.1344911343147, "time_cost": 150, "final_distance_cost": 1.0042403953153014, "oscillation_cost": 278.2680388120455, "completition_cost": 1000.0, "overshoot_cost": 132.05389602709766, "power_cost": 16.6375611328125, "noise_cost": 51.1707547670435, "n_waypoints_completed": 0, "tot_waypoints": 9}}
{"target": -774.9508709878095, "params": {"k_pid_pos": [1.1045971853811012, 0.10570440183662078, 0.2393481869367743], "k_pid_alt": [0.3182194512902672, 0.9651187676979538, 0.7270852594618026], "k_pid_att": [36.40900348420016, 9.548175711530527, 0.2618996722874214], "k_pid_yaw": [0.5, 1e-06, 0.1], "k_pid_hsp": [2.896591104363457, 0.7303945052302556, 0.06994935770981658], "k_pid_vsp": [288.33710716503873, 323.35088039129795, 318.6479808637408]}, "datetime": {"datetime": "2025-08-21 16:06:38", "elapsed": 26515.108979463577, "delta": 29.099613666534424}, "costs": {"total_cost": 774.9508709878095, "time_cost": 150, "final_distance_cost": 68.77362203656325, "oscillation_cost": 227.3950138703836, "completition_cost": 222.2222222222222, "overshoot_cost": 68.9824787165941, "power_cost": 21.409890979003908, "noise_cost": 16.167643163042523, "n_waypoints_completed": 7, "tot_waypoints": 9}}
{"target": -939.8016246170408, "params": {"k_pid_pos": [0.8272551121395597, 0.9377346169696831, 0.7112240156018349], "k_pid_alt": [1.6146544480392258, 0.3308248266252486, 0.1678404303504233], "k_pid_att": [20.34248249819669, 8.154243517552585, 0.6638064276849092], "k_pid_yaw": [0.5, 1e-06, 0.1], "k_pid_hsp": [9.37109261187376, 0.539103672124611, 0.5462618992999535], "k_pid_vsp": [295.36160494478366, 202.49800330887723, 389.47146235284555]}, "datetime": {"datetime": "2025-08-21 16:07:08", "elapsed": 26544.45899415016, "delta": 29.350014686584473}, "costs": {"total_cost": 939.8016246170408, "time_cost": 150, "final_distance_cost": 63.33368221039861, "oscillation_cost": 307.7407559663309, "completition_cost": 333.33333333333337, "overshoot_cost": 51.655418037350614, "power_cost": 18.850973278808596, "noise_cost": 14.887461790818726, "n_waypoints_completed": 6, "tot_waypoints": 9}}
{"target": -1350.4678222321197, "params": {"k_pid_pos": [1.6687958013026203, 0.3322551953593168, 0.9288045669033559], "k_pid_alt": [1.4939339673102294, 0.8095779016452822, 0.5514757620467002], "k_pid_att": [65.96478905777698, 6.950937853091728, 0.5463693128342763], "k_pid_yaw": [0.5, 1e-06, 0.1], "k_pid_hsp": [2.8239489551024026, 0.837188717723078, 0.7540589680018938], "k_pid_vsp": [288.9736272866881, 131.05721684194242, 276.71547891353583]}, "datetime": {"datetime": "2025-08-21 16:07:35", "elapsed": 26571.59908080101, "delta": 27.14008665084839}, "costs": {"total_cost": 1350.4678222321197, "time_cost": 150, "final_distance_cost": 61.98177459174009, "oscillation_cost": 392.2619251076492, "completition_cost": 666.6666666666667, "overshoot_cost": 49.41341536340509, "power_cost": 16.50043369140625, "noise_cost": 13.643606811252312, "n_waypoints_completed": 3, "tot_waypoints": 9}}
{"target": -808.9193731607589, "params": {"k_pid_pos": [1.7840258573970234, 0.3591161960700766, 0.38926920361021955], "k_pid_alt": [1.8684350677333792, 0.16105993471689495, 0.8181531007103825], "k_pid_att": [86.74293371272422, 1.986115289068739, 0.8844748961926497], "k_pid_yaw": [0.5, 1e-06, 0.1], "k_pid_hsp": [5.558860376713798, 0.11401978709777727, 0.4762574467459445], "k_pid_vsp": [363.63955257098115, 230.19056576227104, 143.73479836313845]}, "datetime": {"datetime": "2025-08-21 16:08:03", "elapsed": 26599.52884912491, "delta": 27.929768323898315}, "costs": {"total_cost": 808.9193731607589, "time_cost": 150, "final_distance_cost": 67.96593570520078, "oscillation_cost": 283.6386766176607, "completition_cost": 222.2222222222222, "overshoot_cost": 45.016200815539406, "power_cost": 23.424225756835938, "noise_cost": 16.652112043300004, "n_waypoints_completed": 7, "tot_waypoints": 9}}
{"target": -1422.3133132212215, "params": {"k_pid_pos": [0.7291034180543506, 0.7918770026551261, 0.111365062306917], "k_pid_alt": [1.4169057616058114, 0.4695158876866036, 0.03603257253536041], "k_pid_att": [30.31582535366909, 6.410809191857125, 0.4930615664800426], "k_pid_yaw": [0.5, 1e-06, 0.1], "k_pid_hsp": [2.9011506497760444, 0.4274639401909742, 0.0547547953494717], "k_pid_vsp": [82.8282241208171, 278.03868153303, 200.15401076096276]}, "datetime": {"datetime": "2025-08-21 16:08:30", "elapsed": 26626.711304426193, "delta": 27.18245530128479}, "costs": {"total_cost": 1422.3133132212215, "time_cost": 150, "final_distance_cost": 0.9999590125464486, "oscillation_cost": 37.47579587983777, "completition_cost": 1000.0, "overshoot_cost": 119.67031035232523, "power_cost": 35.53670954589844, "noise_cost": 78.63053843061348, "n_waypoints_completed": 0, "tot_waypoints": 9}}
{"target": -635.1862039411642, "params": {"k_pid_pos": [1.753241018415881, 0.024215608211365147, 0.5440606077252426], "k_pid_alt": [0.2676853277205704, 0.43028311831215704, 0.3633543644488286], "k_pid_att": [19.197369847326307, 8.9037762537879, 0.797426066886348], "k_pid_yaw": [0.5, 1e-06, 0.1], "k_pid_hsp": [2.965114292784424, 0.4946787860645536, 0.30829011890767033], "k_pid_vsp": [236.97850289829506, 362.4195560900315, 260.8581964205843]}, "datetime": {"datetime": "2025-08-21 16:08:57", "elapsed": 26654.208070278168, "delta": 27.496765851974487}, "costs": {"total_cost": 635.1862039411642, "time_cost": 150, "final_distance_cost": 40.19197170195956, "oscillation_cost": 231.09474100567726, "completition_cost": 111.11111111111116, "overshoot_cost": 70.13170818771505, "power_cost": 18.65609111328125, "noise_cost": 14.000580821419867, "n_waypoints_completed": 8, "tot_waypoints": 9}}
{"target": -957.2377820649613, "params": {"k_pid_pos": [0.9043476523065556, 0.6215220431494864, 0.6236970640591781], "k_pid_alt": [0.9831253304150103, 0.20990957906194763, 0.419652558459647], "k_pid_att": [52.21564219012743, 8.309714537007615, 0.7884275323513269], "k_pid_yaw": [0.5, 1e-06, 0.1], "k_pid_hsp": [8.677471439121208, 0.14223963574864495, 0.8530364706915629], "k_pid_vsp": [253.51001504354164, 91.5219693122583, 218.19158597548028]}, "datetime": {"datetime": "2025-08-21 16:09:25", "elapsed": 26681.716146230698, "delta": 27.508075952529907}, "costs": {"total_cost": 957.2377820649613, "time_cost": 150, "final_distance_cost": 66.12626135045589, "oscillation_cost": 320.2476026204342, "completition_cost": 333.33333333333337, "overshoot_cost": 48.56718944188859, "power_cost": 22.314513208007813, "noise_cost": 16.648882110841384, "n_waypoints_completed": 6, "tot_waypoints": 9}}
{"target": -1123.494413857074, "params": {"k_pid_pos": [0.9934651475581393, 0.6185663338998068, 0.34927709218452374], "k_pid_alt": [0.7496851415611343, 0.8888568170983501, 0.8511614340965671], "k_pid_att": [38.686146827349255, 8.550126330501493, 0.5277673367038384], "k_pid_yaw": [0.5, 1e-06, 0.1], "k_pid_hsp": [0.22994140222122442, 0.46245629503108443, 0.3197928962660529], "k_pid_vsp": [340.92857443494864, 387.7021861898399, 218.54010168121835]}, "datetime": {"datetime": "2025-08-21 16:09:53", "elapsed": 26709.90883255005, "delta": 28.192686319351196}, "costs": {"total_cost": 1123.494413857074, "time_cost": 150, "final_distance_cost": 60.61549980507226, "oscillation_cost": 139.38510660352088, "completition_cost": 666.6666666666667, "overshoot_cost": 67.0232425784404, "power_cost": 23.231103869628907, "noise_cost": 16.57279433374486, "n_waypoints_completed": 3, "tot_waypoints": 9}}
{"target": -342.5502870630469, "params": {"k_pid_pos": [1.5398184088331637, 0.10402084046421878, 0.5207597723994741], "k_pid_alt": [0.39732934803562614, 0.0678018805537497, 0.26039120875280186], "k_pid_att": [53.88919981240697, 8.924990821627173, 0.9333374195215327], "k_pid_yaw": [0.5, 1e-06, 0.1], "k_pid_hsp": [8.633743055338602, 0.8115397425727753, 0.18063877566440867], "k_pid_vsp": [0.30000711419697623, 361.10445002052666, 4.7391718125876965]}, "datetime": {"datetime": "2025-08-21 16:10:20", "elapsed": 26737.399317741394, "delta": 27.490485191345215}, "costs": {"total_cost": 342.5502870630469, "time_cost": 97.72800000000001, "final_distance_cost": 1.8109046692565869, "oscillation_cost": 148.87212716338226, "completition_cost": 0.0, "overshoot_cost": 54.991681464434585, "power_cost": 22.88742423095703, "noise_cost": 16.260149535016417, "n_waypoints_completed": 9, "tot_waypoints": 9}}
