{"target": -1535.0077400034286, "params": {"k_pid_pos": [1.258782003879589, 0.7381538389405181, 0.1285263045563616], "k_pid_alt": [1.3182166991406656, 0.1818029195339922, 0.002513549153468686], "k_pid_att": [98.73582475511228, 2.872277711036666, 0.08302878997685048], "k_pid_yaw": [0.5, 1e-06, 0.1], "k_pid_hsp": [0.2530266702095986, 0.6848380968456071, 0.9311353763127757], "k_pid_vsp": [305.31500961189624, 103.5101801490549, 189.82238407562835]}, "datetime": {"datetime": "2025-08-21 15:05:02", "elapsed": 22818.610226392746, "delta": 25.716969966888428}, "costs": {"total_cost": 1535.0077400034286, "time_cost": 150, "final_distance_cost": 93.94310145849956, "oscillation_cost": 385.7072923443592, "completition_cost": 777.7777777777778, "overshoot_cost": 85.64112745563904, "power_cost": 24.181306213378907, "noise_cost": 17.75713475377416, "n_waypoints_completed": 2, "tot_waypoints": 9}}
{"target": -1088.045444601509, "params": {"k_pid_pos": [1.398416651908743, 0.3747507788336242, 0.5790189902436479], "k_pid_alt": [1.6140016917637783, 0.4651047623259955, 0.36520638462736466], "k_pid_att": [35.59716005941205, 4.099034518366582, 0.9453790883884075], "k_pid_yaw": [0.5, 1e-06, 0.1], "k_pid_hsp": [7.761743809542543, 0.2668944115330629, 0.039821910815382], "k_pid_vsp": [222.98597715876411, 75.24131054904863, 289.3250478055976]}, "datetime": {"datetime": "2025-08-21 15:05:28", "elapsed": 22844.506563186646, "delta": 25.896336793899536}, "costs": {"total_cost": 1088.045444601509, "time_cost": 150, "final_distance_cost": 55.67925313024074, "oscillation_cost": 111.73649737457993, "completition_cost": 666.6666666666667, "overshoot_cost": 71.12120956443158, "power_cost": 16.978225000000002, "noise_cost": 15.863592865589965, "n_waypoints_completed": 3, "tot_waypoints": 9}}
{"target": -1482.461391771051, "params": {"k_pid_pos": [0.9162330238807881, 0.8228963969926965, 0.05339176475445062], "k_pid_alt": [1.0384229045132582, 0.729481572235452, 0.7995796345688234], "k_pid_att": [88.42262480753885, 1.8584127010761593, 0.2412475875615553], "k_pid_yaw": [0.5, 1e-06, 0.1], "k_pid_hsp": [7.453085093346373, 0.5176085246608458, 0.9779166362459359], "k_pid_vsp": [52.93647804200532, 189.1622380720662, 326.81671485947766]}, "datetime": {"datetime": "2025-08-21 15:05:54", "elapsed": 22870.509624242783, "delta": 26.003061056137085}, "costs": {"total_cost": 1482.461391771051, "time_cost": 150, "final_distance_cost": 12.762323498312703, "oscillation_cost": 88.64132813618369, "completition_cost": 1000.0, "overshoot_cost": 138.3238821093924, "power_cost": 23.492744555664064, "noise_cost": 69.24111347149822, "n_waypoints_completed": 0, "tot_waypoints": 9}}
{"target": -1471.5483285977102, "params": {"k_pid_pos": [1.8121298581481318, 0.5749921543581938, 0.1439500695755095], "k_pid_alt": [0.9997125989129163, 0.00795713025222744, 0.8182431948013311], "k_pid_att": [45.96105979658604, 3.466481569294563, 0.15634905009140299], "k_pid_yaw": [0.5, 1e-06, 0.1], "k_pid_hsp": [1.313954241825881, 0.4194914889895218, 0.25207251903042704], "k_pid_vsp": [125.1361003681506, 361.1731379040656, 380.0592472626127]}, "datetime": {"datetime": "2025-08-21 15:06:20", "elapsed": 22896.741975307465, "delta": 26.232351064682007}, "costs": {"total_cost": 1471.5483285977102, "time_cost": 150, "final_distance_cost": 60.07546744703352, "oscillation_cost": 260.2574776707692, "completition_cost": 888.8888888888888, "overshoot_cost": 63.70038307347321, "power_cost": 25.87403839111328, "noise_cost": 22.752073126432123, "n_waypoints_completed": 1, "tot_waypoints": 9}}
{"target": -915.8993094808365, "params": {"k_pid_pos": [1.7334794958852249, 0.5740579000838255, 0.7749840840763442], "k_pid_alt": [0.4504932648951947, 0.42852112746951665, 0.6804196303865919], "k_pid_att": [39.610820657969825, 3.399860750654746, 0.8875425814008525], "k_pid_yaw": [0.5, 1e-06, 0.1], "k_pid_hsp": [3.89032952459054, 0.07269887017205134, 0.3967400043298558], "k_pid_vsp": [365.09055607324643, 1.4929591376968283, 129.5883581263049]}, "datetime": {"datetime": "2025-08-21 15:06:46", "elapsed": 22923.320125102997, "delta": 26.578149795532227}, "costs": {"total_cost": 915.8993094808365, "time_cost": 150, "final_distance_cost": 74.31794935295146, "oscillation_cost": 269.56038823163675, "completition_cost": 333.33333333333337, "overshoot_cost": 51.172536215736436, "power_cost": 21.71269375, "noise_cost": 15.802408597178527, "n_waypoints_completed": 6, "tot_waypoints": 9}}
{"target": -408.39764260319095, "params": {"k_pid_pos": [1.9956445006577672, 0.06153017682982542, 0.024535040882618486], "k_pid_alt": [1.172329561262285, 0.20539573145244083, 0.7392072307177097], "k_pid_att": [54.94917052894063, 3.6274867063227565, 0.17019396062727443], "k_pid_yaw": [0.5, 1e-06, 0.1], "k_pid_hsp": [6.769193116527258, 0.5873510327555997, 0.9979902383678075], "k_pid_vsp": [348.1601864405097, 213.30784691636387, 23.408094186205894]}, "datetime": {"datetime": "2025-08-21 15:07:14", "elapsed": 22951.273735523224, "delta": 27.95361042022705}, "costs": {"total_cost": 408.39764260319095, "time_cost": 96.016, "final_distance_cost": 1.7265747371195483, "oscillation_cost": 215.53884210708077, "completition_cost": 0.0, "overshoot_cost": 59.67097831406188, "power_cost": 20.113366052246096, "noise_cost": 15.331881392682714, "n_waypoints_completed": 9, "tot_waypoints": 9}}
{"target": -2043.5985150812862, "params": {"k_pid_pos": [0.9035234575877085, 0.9254032542867531, 0.40092059626866927], "k_pid_alt": [0.08466686358402264, 0.7546681867995726, 0.3916783173976012], "k_pid_att": [10.43160785404117, 6.285120475776584, 0.7502756283247629], "k_pid_yaw": [0.5, 1e-06, 0.1], "k_pid_hsp": [7.208235993224947, 0.8048417037390145, 0.485228811299824], "k_pid_vsp": [36.60192871092547, 290.65193916550396, 302.54017244790094]}, "datetime": {"datetime": "2025-08-21 15:07:40", "elapsed": 22977.433104515076, "delta": 26.159368991851807}, "costs": {"total_cost": 2043.5985150812862, "time_cost": 150, "final_distance_cost": 489.8046820901822, "oscillation_cost": 164.41030202201745, "completition_cost": 777.7777777777778, "overshoot_cost": 427.7060458444705, "power_cost": 17.75922449951172, "noise_cost": 16.140482847326542, "n_waypoints_completed": 2, "tot_waypoints": 9}}
{"target": -1079.7605623734762, "params": {"k_pid_pos": [0.617968803721442, 0.8401223881723008, 0.1756488436296645], "k_pid_alt": [0.05456447646698259, 0.8853651144006983, 0.010983657814794046], "k_pid_att": [72.82511669995384, 0.8385749462220091, 0.029700251944462797], "k_pid_yaw": [0.5, 1e-06, 0.1], "k_pid_hsp": [6.688938657790567, 0.5230300209470408, 0.37063888863355343], "k_pid_vsp": [103.90906688088619, 271.91897761786146, 180.62371991860473]}, "datetime": {"datetime": "2025-08-21 15:08:07", "elapsed": 23003.60663676262, "delta": 26.173532247543335}, "costs": {"total_cost": 1079.7605623734762, "time_cost": 150, "final_distance_cost": 52.6758170984025, "oscillation_cost": 225.17539396929874, "completition_cost": 555.5555555555555, "overshoot_cost": 60.22706602770568, "power_cost": 19.60528660888672, "noise_cost": 16.521443113627203, "n_waypoints_completed": 4, "tot_waypoints": 9}}
{"target": -982.3935197753917, "params": {"k_pid_pos": [0.8627394688192442, 0.24275293214866556, 0.8700862558406794], "k_pid_alt": [1.6329730294877862, 0.8103120235958237, 0.3918611749123506], "k_pid_att": [58.81101390653299, 0.14848219613308042, 0.34601778332023536], "k_pid_yaw": [0.5, 1e-06, 0.1], "k_pid_hsp": [2.9063683947398062, 0.7585178865220848, 0.6784730586796], "k_pid_vsp": [89.6460891894332, 196.22799349232514, 98.4489304928835]}, "datetime": {"datetime": "2025-08-21 15:08:33", "elapsed": 23030.089092493057, "delta": 26.482455730438232}, "costs": {"total_cost": 982.3935197753917, "time_cost": 150, "final_distance_cost": 69.48700863590516, "oscillation_cost": 353.21120014236993, "completition_cost": 333.33333333333337, "overshoot_cost": 46.201872345071195, "power_cost": 16.667033166503906, "noise_cost": 13.493072152208295, "n_waypoints_completed": 6, "tot_waypoints": 9}}
{"target": -1463.7914944644212, "params": {"k_pid_pos": [0.8143793982039781, 0.8833091892938649, 0.04058240184871542], "k_pid_alt": [0.0759839425802793, 0.4736105743758706, 0.47344864370741735], "k_pid_att": [51.850237085356476, 7.027566352878362, 0.633375208703269], "k_pid_yaw": [0.5, 1e-06, 0.1], "k_pid_hsp": [5.309438395771593, 0.29421913671339006, 0.734709530931782], "k_pid_vsp": [14.452405302111604, 313.58180293011105, 386.48667838231114]}, "datetime": {"datetime": "2025-08-21 15:08:59", "elapsed": 23056.205900669098, "delta": 26.11680817604065}, "costs": {"total_cost": 1463.7914944644212, "time_cost": 150, "final_distance_cost": 15.96675801989192, "oscillation_cost": 67.76802685148283, "completition_cost": 1000.0, "overshoot_cost": 138.40942177717457, "power_cost": 22.725790930175783, "noise_cost": 68.92149688569597, "n_waypoints_completed": 0, "tot_waypoints": 9}}
{"target": -730.8673462281863, "params": {"k_pid_pos": [1.5097976929845884, 0.8546715732923281, 0.2614963788892295], "k_pid_alt": [0.8425169449703229, 0.3727588600631241, 0.907329983576805], "k_pid_att": [12.12770685468727, 9.972132046231573, 0.6880854517146834], "k_pid_yaw": [0.5, 1e-06, 0.1], "k_pid_hsp": [2.9162588681881503, 0.06112841912749667, 0.10305487985993855], "k_pid_vsp": [346.3732388364299, 191.748026369493, 345.8485622845613]}, "datetime": {"datetime": "2025-08-21 15:09:26", "elapsed": 23082.672493457794, "delta": 26.46659278869629}, "costs": {"total_cost": 730.8673462281863, "time_cost": 150, "final_distance_cost": 58.52109896433261, "oscillation_cost": 99.18928437006862, "completition_cost": 333.33333333333337, "overshoot_cost": 57.250897095418736, "power_cost": 18.504647998046877, "noise_cost": 14.06808446698617, "n_waypoints_completed": 6, "tot_waypoints": 9}}
{"target": -1309.3572149886004, "params": {"k_pid_pos": [1.2030705825497725, 0.9409235812538704, 0.42606882997712525], "k_pid_alt": [1.8820300933443457, 0.13948475960490547, 0.8363581415669259], "k_pid_att": [39.026142843164614, 8.606925571935689, 0.41583838901879244], "k_pid_yaw": [0.5, 1e-06, 0.1], "k_pid_hsp": [1.6295453540309626, 0.12094553662957741, 0.7840505257919756], "k_pid_vsp": [118.88385431087274, 155.55857829088666, 274.23069300553317]}, "datetime": {"datetime": "2025-08-21 15:09:54", "elapsed": 23110.465130329132, "delta": 27.79263687133789}, "costs": {"total_cost": 1309.3572149886004, "time_cost": 150, "final_distance_cost": 96.62951216528306, "oscillation_cost": 164.10038393524817, "completition_cost": 777.7777777777778, "overshoot_cost": 77.5915348418967, "power_cost": 20.814371630859377, "noise_cost": 22.443634637535403, "n_waypoints_completed": 2, "tot_waypoints": 9}}
{"target": -693.4493258151964, "params": {"k_pid_pos": [1.6554257602450573, 0.8875557134945399, 0.5435044793462723], "k_pid_alt": [1.1085299561050304, 0.43478170564298435, 0.18325424995241857], "k_pid_att": [44.141494995008124, 3.3947997580667812, 0.3028355972197414], "k_pid_yaw": [0.5, 1e-06, 0.1], "k_pid_hsp": [6.059386728265586, 0.7059684135475286, 0.9140517091517142], "k_pid_vsp": [102.54396701132995, 150.328781779836, 28.4122465026952]}, "datetime": {"datetime": "2025-08-21 15:10:20", "elapsed": 23136.53420305252, "delta": 26.069072723388672}, "costs": {"total_cost": 693.4493258151964, "time_cost": 150, "final_distance_cost": 65.8929162213886, "oscillation_cost": 166.74748096083212, "completition_cost": 222.2222222222222, "overshoot_cost": 50.47640310368771, "power_cost": 21.692073339843752, "noise_cost": 16.418229967221983, "n_waypoints_completed": 7, "tot_waypoints": 9}}
{"target": -816.0960527340658, "params": {"k_pid_pos": [0.6195849575248416, 0.3633593011128471, 0.8044932471408477], "k_pid_alt": [1.1125489881234658, 0.4281017292358067, 0.7172571112350066], "k_pid_att": [60.369948058926546, 9.897879253233608, 0.8808090490663648], "k_pid_yaw": [0.5, 1e-06, 0.1], "k_pid_hsp": [8.56554101111344, 0.8903432652648112, 0.3843139336704242], "k_pid_vsp": [334.61848758247964, 205.75250475152868, 91.02875182036594]}, "datetime": {"datetime": "2025-08-21 15:10:46", "elapsed": 23162.621439933777, "delta": 26.087236881256104}, "costs": {"total_cost": 816.0960527340658, "time_cost": 150, "final_distance_cost": 67.91051164987611, "oscillation_cost": 295.6570707145019, "completition_cost": 222.2222222222222, "overshoot_cost": 45.84057021697405, "power_cost": 19.153977270507813, "noise_cost": 15.311700659983757, "n_waypoints_completed": 7, "tot_waypoints": 9}}
{"target": -2071.2889410897383, "params": {"k_pid_pos": [1.7132978122697957, 0.20817575953710943, 0.7602349525454271], "k_pid_alt": [1.670942775530376, 0.9961301538324283, 0.9527804140671421], "k_pid_att": [51.58797816859638, 1.7740306521445963, 0.6902666379881839], "k_pid_yaw": [0.5, 1e-06, 0.1], "k_pid_hsp": [9.789766083920872, 0.39478820753282706, 0.7414969093982876], "k_pid_vsp": [49.30319067650295, 154.09089742644835, 394.7527632481554]}, "datetime": {"datetime": "2025-08-21 15:11:14", "elapsed": 23191.072006464005, "delta": 28.45056653022766}, "costs": {"total_cost": 2071.2889410897383, "time_cost": 150, "final_distance_cost": 428.3208964706676, "oscillation_cost": 322.5942620969682, "completition_cost": 777.7777777777778, "overshoot_cost": 362.8131336092725, "power_cost": 15.753955200195314, "noise_cost": 14.028915934857084, "n_waypoints_completed": 2, "tot_waypoints": 9}}
{"target": -683.8030089956139, "params": {"k_pid_pos": [1.7904708989387288, 0.7306578671515696, 0.10021125773604944], "k_pid_alt": [1.3638204600630788, 0.5586331272580254, 0.3167510699368963], "k_pid_att": [42.33324119824914, 5.1856026061496125, 0.45416871010563187], "k_pid_yaw": [0.5, 1e-06, 0.1], "k_pid_hsp": [5.654966736577169, 0.25884195377590746, 0.4561097776607884], "k_pid_vsp": [289.2602709128151, 73.69537895878851, 53.01712043603744]}, "datetime": {"datetime": "2025-08-21 15:11:41", "elapsed": 23217.61491036415, "delta": 26.542903900146484}, "costs": {"total_cost": 683.8030089956139, "time_cost": 150, "final_distance_cost": 65.6904488385092, "oscillation_cost": 157.80342128581796, "completition_cost": 222.2222222222222, "overshoot_cost": 53.14379124419036, "power_cost": 20.000516308593753, "noise_cost": 14.942609096280583, "n_waypoints_completed": 7, "tot_waypoints": 9}}
{"target": -1357.3576207240992, "params": {"k_pid_pos": [1.465898382661267, 0.8525366844721204, 0.7571882642658435], "k_pid_alt": [1.907597799022118, 0.666651296918298, 0.22764704916421064], "k_pid_att": [45.63810412048487, 2.440852017649586, 0.917846319736503], "k_pid_yaw": [0.5, 1e-06, 0.1], "k_pid_hsp": [2.5093923336322543, 0.6953998267957623, 0.9543413932121084], "k_pid_vsp": [85.89728840747344, 171.51771739322817, 378.74629318510534]}, "datetime": {"datetime": "2025-08-21 15:12:06", "elapsed": 23243.30824637413, "delta": 25.693336009979248}, "costs": {"total_cost": 1357.3576207240992, "time_cost": 150, "final_distance_cost": 48.37445295073333, "oscillation_cost": 113.95284321874713, "completition_cost": 888.8888888888888, "overshoot_cost": 99.59405206466622, "power_cost": 21.10958768310547, "noise_cost": 35.43779591795818, "n_waypoints_completed": 1, "tot_waypoints": 9}}
{"target": -886.1114947037888, "params": {"k_pid_pos": [1.1258069381796862, 0.4351807555610121, 0.6555063985160018], "k_pid_alt": [1.3650900888539876, 0.560409614959173, 0.04160586068470329], "k_pid_att": [55.90887808103779, 8.936212941819425, 0.2443336562582743], "k_pid_yaw": [0.5, 1e-06, 0.1], "k_pid_hsp": [9.845971928991602, 0.07656007322309355, 0.6577227407911489], "k_pid_vsp": [267.2654671713718, 373.38141832915835, 386.3342262303585]}, "datetime": {"datetime": "2025-08-21 15:12:32", "elapsed": 23269.267088890076, "delta": 25.958842515945435}, "costs": {"total_cost": 886.1114947037888, "time_cost": 150, "final_distance_cost": 76.4364415404759, "oscillation_cost": 346.6704244448352, "completition_cost": 222.2222222222222, "overshoot_cost": 46.217347677325755, "power_cost": 25.1194662109375, "noise_cost": 19.445592607992392, "n_waypoints_completed": 7, "tot_waypoints": 9}}
{"target": -975.5150806378439, "params": {"k_pid_pos": [0.1055125223429989, 0.945648323004534, 0.0012852314000864062], "k_pid_alt": [1.1401735033696099, 0.5513766209295323, 0.23650578576965242], "k_pid_att": [71.52274328267733, 7.571328537645481, 0.9261655745759354], "k_pid_yaw": [0.5, 1e-06, 0.1], "k_pid_hsp": [5.366427379201991, 0.7971984600096537, 0.4788356274414849], "k_pid_vsp": [63.490110068164455, 264.21807553134005, 42.05276541635458]}, "datetime": {"datetime": "2025-08-21 15:12:58", "elapsed": 23294.715722084045, "delta": 25.448633193969727}, "costs": {"total_cost": 975.5150806378439, "time_cost": 150, "final_distance_cost": 41.98416377251211, "oscillation_cost": 130.83611095533885, "completition_cost": 555.5555555555555, "overshoot_cost": 60.284357176522725, "power_cost": 20.628940100097658, "noise_cost": 16.225953077817092, "n_waypoints_completed": 4, "tot_waypoints": 9}}
{"target": -1505.3490090801401, "params": {"k_pid_pos": [1.7640132139754834, 0.09783476305357797, 0.7917688164749371], "k_pid_alt": [1.790509885199831, 0.2189070413334454, 0.5570706983142998], "k_pid_att": [93.94758224278978, 5.4565455255403785, 0.589319346894877], "k_pid_yaw": [0.5, 1e-06, 0.1], "k_pid_hsp": [0.2966749495743051, 0.650219708062093, 0.25209384741805796], "k_pid_vsp": [87.19711928014759, 107.25039893021525, 265.9872129638684]}, "datetime": {"datetime": "2025-08-21 15:13:27", "elapsed": 23323.538593769073, "delta": 28.822871685028076}, "costs": {"total_cost": 1505.3490090801401, "time_cost": 150, "final_distance_cost": 2.19178863535813, "oscillation_cost": 119.36138119793421, "completition_cost": 1000.0, "overshoot_cost": 135.28275925820768, "power_cost": 25.83435944824219, "noise_cost": 72.67872054039775, "n_waypoints_completed": 0, "tot_waypoints": 9}}
{"target": -878.314978721395, "params": {"k_pid_pos": [1.2087443772781092, 0.13841990942482052, 0.854958573438857], "k_pid_alt": [0.3996969098118024, 0.010210301083762974, 0.9002933424738755], "k_pid_att": [31.94115170901417, 7.4865922159630625, 0.42589066522612173], "k_pid_yaw": [0.5, 1e-06, 0.1], "k_pid_hsp": [7.491649121201716, 0.7284949600495193, 0.694757573554508], "k_pid_vsp": [366.3720298146696, 291.96886575711335, 228.95311832371553]}, "datetime": {"datetime": "2025-08-21 15:13:53", "elapsed": 23349.76034760475, "delta": 26.2217538356781}, "costs": {"total_cost": 878.314978721395, "time_cost": 150, "final_distance_cost": 69.64246403510863, "oscillation_cost": 353.35191664537024, "completition_cost": 222.2222222222222, "overshoot_cost": 46.41139974215981, "power_cost": 21.270866357421877, "noise_cost": 15.416109719112496, "n_waypoints_completed": 7, "tot_waypoints": 9}}
{"target": -1414.8818151276712, "params": {"k_pid_pos": [1.3123289144482502, 0.7920350027445543, 0.2648363234572392], "k_pid_alt": [1.71150511013716, 0.6279085783766402, 0.8331081400024906], "k_pid_att": [9.102311563421573, 1.9169835594370446, 0.014446611118966501], "k_pid_yaw": [0.5, 1e-06, 0.1], "k_pid_hsp": [6.044711763594039, 0.17233716303093538, 0.6878220073153968], "k_pid_vsp": [116.96654737261456, 14.104778900916713, 155.64418970557654]}, "datetime": {"datetime": "2025-08-21 15:14:22", "elapsed": 23378.79257130623, "delta": 29.03222370147705}, "costs": {"total_cost": 1414.8818151276712, "time_cost": 150, "final_distance_cost": 95.70949614349726, "oscillation_cost": 258.19913601689933, "completition_cost": 777.7777777777778, "overshoot_cost": 85.93814246970375, "power_cost": 23.407578234863283, "noise_cost": 23.849684484929792, "n_waypoints_completed": 2, "tot_waypoints": 9}}
{"target": -843.2516169841326, "params": {"k_pid_pos": [0.5319761848621983, 0.14747233865882792, 0.2852651677608865], "k_pid_alt": [0.6235925986085591, 0.3064697757225573, 0.0020986316690692064], "k_pid_att": [65.8154677318544, 1.9956607059079372, 0.742440118941027], "k_pid_yaw": [0.5, 1e-06, 0.1], "k_pid_hsp": [1.429980332507171, 0.23723322002545988, 0.38189916257866796], "k_pid_vsp": [234.42461379966798, 274.8763385696786, 54.089886701836285]}, "datetime": {"datetime": "2025-08-21 15:14:48", "elapsed": 23405.02340054512, "delta": 26.2308292388916}, "costs": {"total_cost": 843.2516169841326, "time_cost": 150, "final_distance_cost": 65.04979373394923, "oscillation_cost": 323.35495888555727, "completition_cost": 222.2222222222222, "overshoot_cost": 46.050561470347866, "power_cost": 20.920597302246094, "noise_cost": 15.653483369810079, "n_waypoints_completed": 7, "tot_waypoints": 9}}
{"target": -1133.2448512840735, "params": {"k_pid_pos": [1.4786253698331404, 0.8956529642958472, 0.26630542252315137], "k_pid_alt": [0.5838004072978868, 0.790829100028369, 0.7653892129530915], "k_pid_att": [92.14086706391477, 1.225730103187536, 0.2123596494846972], "k_pid_yaw": [0.5, 1e-06, 0.1], "k_pid_hsp": [3.4638988715413985, 0.2304248363565089, 0.6609952680864902], "k_pid_vsp": [352.8988368009017, 112.05829987596461, 149.77953986022865]}, "datetime": {"datetime": "2025-08-21 15:15:15", "elapsed": 23431.524914741516, "delta": 26.501514196395874}, "costs": {"total_cost": 1133.2448512840735, "time_cost": 150, "final_distance_cost": 94.58127455070323, "oscillation_cost": 130.71394811418511, "completition_cost": 666.6666666666667, "overshoot_cost": 56.37917739296435, "power_cost": 20.025621447753906, "noise_cost": 14.878163111800244, "n_waypoints_completed": 3, "tot_waypoints": 9}}
