{"target": -1419.9429236117774, "params": {"k_pid_pos": [0.17213382022683058, 0.04916993315882923, 0.5198861214479011], "k_pid_alt": [0.8903376502426985, 0.9205476197263296, 0.9744318891282315], "k_pid_att": [53.041080595562406, 4.5876439605977914, 0.2081218437932041], "k_pid_yaw": [0.5, 1e-06, 0.1], "k_pid_hsp": [4.27789993480767, 0.19880379696433526, 0.5141806157247593], "k_pid_vsp": [227.24952528131982, 161.92260804962334, 304.8449585705377]}, "datetime": {"datetime": "2025-08-21 13:51:35", "elapsed": 18412.096469402313, "delta": 25.553669214248657}, "costs": {"total_cost": 1419.9429236117774, "time_cost": 150, "final_distance_cost": 55.968734648061584, "oscillation_cost": 442.8065514731898, "completition_cost": 666.6666666666667, "overshoot_cost": 57.45687087003095, "power_cost": 26.004342932128907, "noise_cost": 21.03975702169941, "n_waypoints_completed": 3, "tot_waypoints": 9}}
{"target": -1337.3263560991738, "params": {"k_pid_pos": [0.02081380759253124, 0.4769199352210288, 0.46105406201810084], "k_pid_alt": [1.8931875380475818, 0.5769593939712264, 0.1852808448856561], "k_pid_att": [97.32097395937355, 4.116525945573542, 0.8509546876022139], "k_pid_yaw": [0.5, 1e-06, 0.1], "k_pid_hsp": [7.070412857485726, 0.5889698105909585, 0.7313974230398832], "k_pid_vsp": [221.9023929753044, 246.2002892970375, 2.6698674081083515]}, "datetime": {"datetime": "2025-08-21 13:52:00", "elapsed": 18437.291568994522, "delta": 25.195099592208862}, "costs": {"total_cost": 1337.3263560991738, "time_cost": 150, "final_distance_cost": 82.11956105140342, "oscillation_cost": 249.32430876115032, "completition_cost": 777.7777777777778, "overshoot_cost": 38.9313362508985, "power_cost": 21.998225354003907, "noise_cost": 17.175146903940036, "n_waypoints_completed": 2, "tot_waypoints": 9}}
{"target": -379.4448263999923, "params": {"k_pid_pos": [1.8938814742291403, 0.11105220385644332, 0.5245178057119287], "k_pid_alt": [1.5915057568011877, 0.9346302074626346, 0.02617067262655326], "k_pid_att": [16.24407364700825, 1.7120115099400723, 0.025269936232983348], "k_pid_yaw": [0.5, 1e-06, 0.1], "k_pid_hsp": [6.282546263878119, 0.5888961663993608, 0.7507975281023738], "k_pid_vsp": [245.87715952174435, 199.52738372502412, 42.3959526407102]}, "datetime": {"datetime": "2025-08-21 13:52:23", "elapsed": 18459.594636440277, "delta": 22.303067445755005}, "costs": {"total_cost": 379.4448263999923, "time_cost": 81.536, "final_distance_cost": 1.779178647534804, "oscillation_cost": 208.98233933705302, "completition_cost": 0.0, "overshoot_cost": 52.732659714198334, "power_cost": 19.88512341308594, "noise_cost": 14.529525288120164, "n_waypoints_completed": 9, "tot_waypoints": 9}}
{"target": -505.3190088689742, "params": {"k_pid_pos": [0.6651960637592158, 0.006220870764685249, 0.9159580827416075], "k_pid_alt": [0.9614411408373575, 0.227626399748459, 0.42373596073092323], "k_pid_att": [51.896547603268495, 0.2342126149087783, 0.40976707725090344], "k_pid_yaw": [0.5, 1e-06, 0.1], "k_pid_hsp": [5.745469711989286, 0.6439178715301617, 0.9253707784267409], "k_pid_vsp": [350.33051871107887, 308.5613510489062, 22.18388547836947]}, "datetime": {"datetime": "2025-08-21 13:52:46", "elapsed": 18483.081855535507, "delta": 23.487219095230103}, "costs": {"total_cost": 505.3190088689742, "time_cost": 93.504, "final_distance_cost": 1.8407780214624025, "oscillation_cost": 316.05814152981617, "completition_cost": 0.0, "overshoot_cost": 54.39544502730739, "power_cost": 22.56938804931641, "noise_cost": 16.951256241071857, "n_waypoints_completed": 9, "tot_waypoints": 9}}
{"target": -777.3403575583696, "params": {"k_pid_pos": [0.6607876342634523, 0.06720882231649539, 0.10799719586400447], "k_pid_alt": [0.7204011243249653, 0.537496454472825, 0.4551554981332485], "k_pid_att": [17.348779142788995, 8.672003841543072, 0.501306794114116], "k_pid_yaw": [0.5, 1e-06, 0.1], "k_pid_hsp": [6.004243428401597, 0.9523726497746683, 0.13285995027446673], "k_pid_vsp": [128.3674505585025, 150.86057425105264, 5.829139699033794]}, "datetime": {"datetime": "2025-08-21 13:53:11", "elapsed": 18507.938665390015, "delta": 24.856809854507446}, "costs": {"total_cost": 777.3403575583696, "time_cost": 150, "final_distance_cost": 57.324228973132215, "oscillation_cost": 84.51072099509385, "completition_cost": 333.33333333333337, "overshoot_cost": 87.09611313213675, "power_cost": 27.171183825683595, "noise_cost": 37.90477729898992, "n_waypoints_completed": 6, "tot_waypoints": 9}}
{"target": -1115.1042194632316, "params": {"k_pid_pos": [0.12110751855037732, 0.811249425075753, 0.07277603057848203], "k_pid_alt": [0.6857444272771667, 0.44043460291475467, 0.6377258371383624], "k_pid_att": [54.50972272559007, 6.323276692800534, 0.6863926572955604], "k_pid_yaw": [0.5, 1e-06, 0.1], "k_pid_hsp": [7.5895345622730215, 0.29182303252146735, 0.9910256724082297], "k_pid_vsp": [280.74738862069233, 204.146753905949, 169.39420044877693]}, "datetime": {"datetime": "2025-08-21 13:53:38", "elapsed": 18534.72931098938, "delta": 26.790645599365234}, "costs": {"total_cost": 1115.1042194632316, "time_cost": 150, "final_distance_cost": 54.32293115459129, "oscillation_cost": 139.5559885188762, "completition_cost": 666.6666666666667, "overshoot_cost": 58.36186333813765, "power_cost": 26.02193751220703, "noise_cost": 20.174832272752806, "n_waypoints_completed": 3, "tot_waypoints": 9}}
{"target": -1762.4519226193056, "params": {"k_pid_pos": [1.0026870394735619, 0.09772945105100139, 0.9752234321353088], "k_pid_alt": [0.6971927517053111, 0.48038180754277204, 0.9418075056056274], "k_pid_att": [89.11316960283928, 0.8913570541739471, 0.3214288869778237], "k_pid_yaw": [0.5, 1e-06, 0.1], "k_pid_hsp": [8.152408727618052, 0.7055344066533551, 0.9690693983084346], "k_pid_vsp": [47.84716166600966, 384.4616280371887, 206.14445468993935]}, "datetime": {"datetime": "2025-08-21 13:54:02", "elapsed": 18559.440098285675, "delta": 24.710787296295166}, "costs": {"total_cost": 1762.4519226193056, "time_cost": 150, "final_distance_cost": 149.3946925700395, "oscillation_cost": 374.71233307107394, "completition_cost": 888.8888888888888, "overshoot_cost": 165.0688051690701, "power_cost": 18.652848852539062, "noise_cost": 15.734354067694053, "n_waypoints_completed": 1, "tot_waypoints": 9}}
{"target": -1315.6880216436007, "params": {"k_pid_pos": [1.6747837066686457, 0.9682027902138307, 0.10396899816871041], "k_pid_alt": [0.037038707523532555, 0.7340311426255284, 0.7496888232423731], "k_pid_att": [44.57512046102321, 4.1757140974191955, 0.6810347427127309], "k_pid_yaw": [0.5, 1e-06, 0.1], "k_pid_hsp": [2.560496391314015, 0.010856502079696462, 0.8201033197233759], "k_pid_vsp": [145.95618425482283, 210.29553963040087, 30.187987268727163]}, "datetime": {"datetime": "2025-08-21 13:54:28", "elapsed": 18585.295697450638, "delta": 25.85559916496277}, "costs": {"total_cost": 1315.6880216436007, "time_cost": 150, "final_distance_cost": 64.2779138847714, "oscillation_cost": 114.46056032062138, "completition_cost": 888.8888888888888, "overshoot_cost": 55.69217575122843, "power_cost": 24.900672009277343, "noise_cost": 17.467810788813456, "n_waypoints_completed": 1, "tot_waypoints": 9}}
{"target": -937.6557693379316, "params": {"k_pid_pos": [0.8856869053249365, 0.3074515914315985, 0.6789234550451605], "k_pid_alt": [0.5827990287759863, 0.8420471193786425, 0.6389987389300684], "k_pid_att": [55.85199358261773, 6.274656614406779, 0.7140696771251334], "k_pid_yaw": [0.5, 1e-06, 0.1], "k_pid_hsp": [9.282821053621637, 0.5596228637084313, 0.09561709255845396], "k_pid_vsp": [267.4155889732741, 90.23375836819541, 101.07462492643442]}, "datetime": {"datetime": "2025-08-21 13:54:54", "elapsed": 18610.748863458633, "delta": 25.453166007995605}, "costs": {"total_cost": 937.6557693379316, "time_cost": 150, "final_distance_cost": 81.41486471605936, "oscillation_cost": 284.11595839003246, "completition_cost": 333.33333333333337, "overshoot_cost": 50.71166236837563, "power_cost": 21.87847067871094, "noise_cost": 16.201479851419737, "n_waypoints_completed": 6, "tot_waypoints": 9}}
{"target": -1489.9244343141017, "params": {"k_pid_pos": [0.20904126649829693, 0.5244199652101944, 0.014423362417318564], "k_pid_alt": [0.4616760566482594, 0.10494098829160758, 0.9886937834673086], "k_pid_att": [94.01993318181573, 2.7683989567441625, 0.0464730525600795], "k_pid_yaw": [0.5, 1e-06, 0.1], "k_pid_hsp": [6.78707651799143, 0.46716609744131565, 0.9960369770032332], "k_pid_vsp": [296.2548765027752, 118.65747368982854, 291.2263113813325]}, "datetime": {"datetime": "2025-08-21 13:55:18", "elapsed": 18635.290110588074, "delta": 24.541247129440308}, "costs": {"total_cost": 1489.9244343141017, "time_cost": 150, "final_distance_cost": 47.5179506158111, "oscillation_cost": 187.77261851073254, "completition_cost": 888.8888888888888, "overshoot_cost": 112.70111079104787, "power_cost": 33.13211170654297, "noise_cost": 69.9117538010787, "n_waypoints_completed": 1, "tot_waypoints": 9}}
{"target": -1391.0484343597736, "params": {"k_pid_pos": [0.08051786115927664, 0.4524735144769837, 0.08348000802732769], "k_pid_alt": [0.20176798088109504, 0.44470770163782314, 0.362164776662957], "k_pid_att": [70.79876009802433, 1.805127899242532, 0.9001627595193885], "k_pid_yaw": [0.5, 1e-06, 0.1], "k_pid_hsp": [6.198232363135671, 0.4571115154467439, 0.15022983943697965], "k_pid_vsp": [61.91868766640391, 183.79036502885484, 246.5007251212815]}, "datetime": {"datetime": "2025-08-21 13:55:43", "elapsed": 18660.02440071106, "delta": 24.73429012298584}, "costs": {"total_cost": 1391.0484343597736, "time_cost": 150, "final_distance_cost": 69.50498905160072, "oscillation_cost": 198.1818404011162, "completition_cost": 888.8888888888888, "overshoot_cost": 43.50859437876469, "power_cost": 23.23425798339844, "noise_cost": 17.72986365600465, "n_waypoints_completed": 1, "tot_waypoints": 9}}
{"target": -966.7471872239015, "params": {"k_pid_pos": [1.6973380192781475, 0.31533621599253214, 0.8946534896455323], "k_pid_alt": [1.6033040606747326, 0.7166746505784929, 0.557788511779446], "k_pid_att": [22.03166637131956, 3.7454397097248213, 0.3503396942288327], "k_pid_yaw": [0.5, 1e-06, 0.1], "k_pid_hsp": [8.086404042707999, 0.9909490995099467, 0.1946965462299468], "k_pid_vsp": [138.75560768164576, 54.11589105594589, 168.66596276845115]}, "datetime": {"datetime": "2025-08-21 13:56:09", "elapsed": 18685.491523981094, "delta": 25.46712327003479}, "costs": {"total_cost": 966.7471872239015, "time_cost": 150, "final_distance_cost": 65.01461067438728, "oscillation_cost": 313.8304138008111, "completition_cost": 333.33333333333337, "overshoot_cost": 72.61445074205707, "power_cost": 17.552561389160157, "noise_cost": 14.401817284152541, "n_waypoints_completed": 6, "tot_waypoints": 9}}
{"target": -744.5484289486668, "params": {"k_pid_pos": [0.5941751939253892, 0.09710899033081977, 0.6746793179480486], "k_pid_alt": [1.6638925008650176, 0.14324835310834116, 0.3093174288270194], "k_pid_att": [6.057204153101825, 1.051437129291658, 0.1504521132273151], "k_pid_yaw": [0.5, 1e-06, 0.1], "k_pid_hsp": [5.123053772575782, 0.9431862162831398, 0.6254300386717323], "k_pid_vsp": [203.08191683807814, 267.4940619306985, 110.83131873185555]}, "datetime": {"datetime": "2025-08-21 13:56:34", "elapsed": 18710.88862967491, "delta": 25.39710569381714}, "costs": {"total_cost": 744.5484289486668, "time_cost": 150, "final_distance_cost": 70.1354915705078, "oscillation_cost": 220.80043828800112, "completition_cost": 222.2222222222222, "overshoot_cost": 45.049819181614446, "power_cost": 21.248740563964844, "noise_cost": 15.091717122356501, "n_waypoints_completed": 7, "tot_waypoints": 9}}
{"target": -931.0805320518481, "params": {"k_pid_pos": [0.8857923191966849, 0.10992136246595663, 0.27381650069918373], "k_pid_alt": [0.6434061815292658, 0.07831714674624657, 0.7912217582063715], "k_pid_att": [57.21327152984868, 3.8749576016258387, 0.26539273232032057], "k_pid_yaw": [0.5, 1e-06, 0.1], "k_pid_hsp": [2.3196756303674375, 0.5160645963294502, 0.15776712608270616], "k_pid_vsp": [217.1237368388579, 385.4695135614303, 365.30612079174324]}, "datetime": {"datetime": "2025-08-21 13:57:00", "elapsed": 18737.44359087944, "delta": 26.55496120452881}, "costs": {"total_cost": 931.0805320518481, "time_cost": 150, "final_distance_cost": 74.61213039786544, "oscillation_cost": 293.8186671158601, "completition_cost": 333.33333333333337, "overshoot_cost": 46.25593021050877, "power_cost": 18.234243371582032, "noise_cost": 14.826227622698427, "n_waypoints_completed": 6, "tot_waypoints": 9}}
{"target": -460.2585880218552, "params": {"k_pid_pos": [0.9242813894309834, 0.14019142422253483, 0.7884002273427364], "k_pid_alt": [0.2762487013230439, 0.7208513776345489, 0.9402733993622173], "k_pid_att": [92.74122169930409, 6.787997495869545, 0.29334901637226973], "k_pid_yaw": [0.5, 1e-06, 0.1], "k_pid_hsp": [4.831432948408994, 0.5093625418840644, 0.16064790285369202], "k_pid_vsp": [46.74580649321945, 317.9363418931253, 68.67208508977389]}, "datetime": {"datetime": "2025-08-21 13:57:24", "elapsed": 18760.627598524094, "delta": 23.18400764465332}, "costs": {"total_cost": 460.2585880218552, "time_cost": 90.096, "final_distance_cost": 1.791543627458517, "oscillation_cost": 273.9875623853423, "completition_cost": 0.0, "overshoot_cost": 62.37706393339293, "power_cost": 17.902572326660156, "noise_cost": 14.10384574900126, "n_waypoints_completed": 9, "tot_waypoints": 9}}
{"target": -820.0549100889206, "params": {"k_pid_pos": [1.8112732764438209, 0.8518410924358999, 0.7658946633415616], "k_pid_alt": [1.7782693946028676, 0.4246701604137826, 0.4369722761566137], "k_pid_att": [91.03040681071928, 3.409170463184252, 0.5993965762790128], "k_pid_yaw": [0.5, 1e-06, 0.1], "k_pid_hsp": [2.003749516356049, 0.7428059312951647, 0.9942191067410018], "k_pid_vsp": [298.70776276520667, 139.8238331296136, 108.65869407057744]}, "datetime": {"datetime": "2025-08-21 13:57:49", "elapsed": 18785.92110490799, "delta": 25.293506383895874}, "costs": {"total_cost": 820.0549100889206, "time_cost": 150, "final_distance_cost": 71.40372146027033, "oscillation_cost": 171.8851592278903, "completition_cost": 333.33333333333337, "overshoot_cost": 59.395321483385416, "power_cost": 19.452733361816406, "noise_cost": 14.584641222224683, "n_waypoints_completed": 6, "tot_waypoints": 9}}
{"target": -938.8627450683183, "params": {"k_pid_pos": [0.6955399557667927, 0.28393019250185736, 0.4806531416984241], "k_pid_alt": [0.37718578808969716, 0.7949035620520335, 0.7865817784035314], "k_pid_att": [52.42013738193649, 6.456522072849002, 0.28525760803436084], "k_pid_yaw": [0.5, 1e-06, 0.1], "k_pid_hsp": [4.621589399101792, 0.9640289576661555, 0.3589169000842518], "k_pid_vsp": [319.1073038909167, 71.05495920431684, 218.80366791052495]}, "datetime": {"datetime": "2025-08-21 13:58:14", "elapsed": 18811.139407634735, "delta": 25.218302726745605}, "costs": {"total_cost": 938.8627450683183, "time_cost": 150, "final_distance_cost": 52.85702666367098, "oscillation_cost": 304.50004763534537, "completition_cost": 333.33333333333337, "overshoot_cost": 53.065899806913926, "power_cost": 25.230396875, "noise_cost": 19.87604075405477, "n_waypoints_completed": 6, "tot_waypoints": 9}}
{"target": -942.9861993497286, "params": {"k_pid_pos": [1.7346908281518496, 0.4711716483206172, 0.5829849193416644], "k_pid_alt": [0.6929248856053549, 0.8450938748652648, 0.17499711794536843], "k_pid_att": [94.66023226237597, 6.484639738222402, 0.02863370853729863], "k_pid_yaw": [0.5, 1e-06, 0.1], "k_pid_hsp": [6.216150835577324, 0.3662846985773558, 0.5681948308977385], "k_pid_vsp": [32.89444541213227, 337.80582935777903, 105.20203042445885]}, "datetime": {"datetime": "2025-08-21 13:58:39", "elapsed": 18836.382407426834, "delta": 25.242999792099}, "costs": {"total_cost": 942.9861993497286, "time_cost": 150, "final_distance_cost": 53.67989203545794, "oscillation_cost": 291.190146104033, "completition_cost": 333.33333333333337, "overshoot_cost": 62.207556346221146, "power_cost": 29.4702142578125, "noise_cost": 23.10505727287066, "n_waypoints_completed": 6, "tot_waypoints": 9}}
{"target": -691.2816638941001, "params": {"k_pid_pos": [1.5479588092846917, 0.8494866775634077, 0.7780657333189605], "k_pid_alt": [0.5030886698404036, 0.6620474517047816, 0.03836115870589352], "k_pid_att": [48.670560137125285, 4.4462889721347665, 0.7048120876068831], "k_pid_yaw": [0.5, 1e-06, 0.1], "k_pid_hsp": [5.52606742715548, 0.7524052692815877, 0.7504621273446922], "k_pid_vsp": [366.00793041221453, 295.24971136522635, 54.71589864928074]}, "datetime": {"datetime": "2025-08-21 13:59:05", "elapsed": 18861.744386672974, "delta": 25.361979246139526}, "costs": {"total_cost": 691.2816638941001, "time_cost": 150, "final_distance_cost": 72.7585053583858, "oscillation_cost": 152.92951531051887, "completition_cost": 222.2222222222222, "overshoot_cost": 53.584357064249346, "power_cost": 22.514443383789065, "noise_cost": 17.272620554934914, "n_waypoints_completed": 7, "tot_waypoints": 9}}
{"target": -1070.7275473277402, "params": {"k_pid_pos": [0.47970307196646383, 0.8371881303191282, 0.5863643727885302], "k_pid_alt": [1.3980176338010974, 0.9991699247236848, 0.9619789739771455], "k_pid_att": [70.7628784559699, 9.97204266731815, 0.09407432114502134], "k_pid_yaw": [0.5, 1e-06, 0.1], "k_pid_hsp": [6.674038788341075, 0.3263954594585148, 0.8071452347080937], "k_pid_vsp": [389.55176379149754, 122.37624407277683, 98.97054364498489]}, "datetime": {"datetime": "2025-08-21 13:59:31", "elapsed": 18887.850616931915, "delta": 26.10623025894165}, "costs": {"total_cost": 1070.7275473277402, "time_cost": 150, "final_distance_cost": 50.150314745468, "oscillation_cost": 237.99276571787655, "completition_cost": 555.5555555555555, "overshoot_cost": 46.485138301396645, "power_cost": 16.345788403320313, "noise_cost": 14.197984604123262, "n_waypoints_completed": 4, "tot_waypoints": 9}}
{"target": -898.6063669489804, "params": {"k_pid_pos": [1.6745420902708004, 0.8470597768684853, 0.5349632877810934], "k_pid_alt": [0.000820335630854041, 0.4953064916260742, 0.17302034109630493], "k_pid_att": [39.89672140093479, 0.4614667120022367, 0.7861553347219885], "k_pid_yaw": [0.5, 1e-06, 0.1], "k_pid_hsp": [9.422643427509163, 0.42461336492796165, 0.1310498070438545], "k_pid_vsp": [260.347347149762, 315.99411458066015, 45.858764661407]}, "datetime": {"datetime": "2025-08-21 13:59:58", "elapsed": 18915.399993658066, "delta": 27.549376726150513}, "costs": {"total_cost": 898.6063669489804, "time_cost": 150, "final_distance_cost": 47.82259003656967, "oscillation_cost": 167.18928589116368, "completition_cost": 444.4444444444444, "overshoot_cost": 54.12138557794647, "power_cost": 19.298545739746096, "noise_cost": 15.730115259110026, "n_waypoints_completed": 5, "tot_waypoints": 9}}
{"target": -1108.24083931621, "params": {"k_pid_pos": [1.0606379789014428, 0.5298060167810104, 0.4839083987293037], "k_pid_alt": [0.16363459732881047, 0.5031841550615012, 0.9880594173463904], "k_pid_att": [46.908407987732595, 2.8406466948582128, 0.70170605324155], "k_pid_yaw": [0.5, 1e-06, 0.1], "k_pid_hsp": [4.559748495937179, 0.37908444772841265, 0.039033179552878106], "k_pid_vsp": [257.0270093916734, 56.35656932176404, 302.19047737228425]}, "datetime": {"datetime": "2025-08-21 14:00:23", "elapsed": 18940.183938264847, "delta": 24.783944606781006}, "costs": {"total_cost": 1108.24083931621, "time_cost": 150, "final_distance_cost": 66.92614758317208, "oscillation_cost": 117.10708342063637, "completition_cost": 666.6666666666667, "overshoot_cost": 67.45686219631686, "power_cost": 22.405115954589846, "noise_cost": 17.67896349482823, "n_waypoints_completed": 3, "tot_waypoints": 9}}
{"target": -1315.3958155186028, "params": {"k_pid_pos": [0.48456785398792335, 0.7960314597301783, 0.001232188967853487], "k_pid_alt": [0.9312416138955772, 0.598778836450801, 0.11659560402797686], "k_pid_att": [28.368903367782906, 1.306406982069194, 0.3115963830703926], "k_pid_yaw": [0.5, 1e-06, 0.1], "k_pid_hsp": [0.5677856617918547, 0.5627989453133057, 0.24865992669047698], "k_pid_vsp": [46.72183944425123, 323.6130394668423, 190.13578088694953]}, "datetime": {"datetime": "2025-08-21 14:00:50", "elapsed": 18966.75445151329, "delta": 26.570513248443604}, "costs": {"total_cost": 1315.3958155186028, "time_cost": 150, "final_distance_cost": 80.2112691176301, "oscillation_cost": 68.71383233660913, "completition_cost": 888.8888888888888, "overshoot_cost": 70.87969818990715, "power_cost": 28.824804687500002, "noise_cost": 27.877322298067675, "n_waypoints_completed": 1, "tot_waypoints": 9}}
{"target": -1190.5528067523283, "params": {"k_pid_pos": [1.499603835189636, 0.2077966720084412, 0.4354812246814196], "k_pid_alt": [0.6890101656984051, 0.5073514030997845, 0.7708351850787909], "k_pid_att": [45.158962695560966, 1.6034655274461982, 0.4709173545519494], "k_pid_yaw": [0.5, 1e-06, 0.1], "k_pid_hsp": [0.8600079523691976, 0.29593214924154065, 0.7285139866736905], "k_pid_vsp": [186.32043693191517, 126.998669753865, 142.75011801920877]}, "datetime": {"datetime": "2025-08-21 14:01:15", "elapsed": 18992.07492375374, "delta": 25.320472240447998}, "costs": {"total_cost": 1190.5528067523283, "time_cost": 150, "final_distance_cost": 51.85436598386862, "oscillation_cost": 210.14105365056045, "completition_cost": 666.6666666666667, "overshoot_cost": 63.746815306893076, "power_cost": 27.088055627441406, "noise_cost": 21.055849516898046, "n_waypoints_completed": 3, "tot_waypoints": 9}}
