{"target": -657.4105574613535, "params": {"k_pid_pos": [0.7617556142713341, 0.305588700882124, 0.5309804482681035], "k_pid_alt": [1.8966640245999176, 0.4962837945480606, 0.8573939314969888], "k_pid_att": [98.60631029276509, 6.527673617274553, 0.9594121339293867], "k_pid_yaw": [0.5, 1e-06, 0.1], "k_pid_hsp": [3.497952484086019, 0.44823382418678515, 0.7418976455231949], "k_pid_vsp": [337.3261919025707, 329.0482105224457, 99.98600940060372]}, "datetime": {"datetime": "2025-08-21 19:15:16", "elapsed": 37833.027057647705, "delta": 33.540098428726196}, "costs": {"total_cost": 657.4105574613535, "time_cost": 150, "final_distance_cost": 36.66578124576396, "oscillation_cost": 270.42034287111204, "completition_cost": 111.11111111111116, "overshoot_cost": 51.05541211000009, "power_cost": 21.810019689941406, "noise_cost": 16.347890433424737, "n_waypoints_completed": 8, "tot_waypoints": 9}}
{"target": -1095.761381605837, "params": {"k_pid_pos": [1.2569718997812336, 0.7031933841388679, 0.054582316034166856], "k_pid_alt": [0.18625493825017547, 0.9939517164186754, 0.11476397947253603], "k_pid_att": [61.48928430766315, 3.625078683660015, 0.661680515544125], "k_pid_yaw": [0.5, 1e-06, 0.1], "k_pid_hsp": [7.159669107196731, 0.5527492420876335, 0.7676571836584432], "k_pid_vsp": [357.67958636539527, 207.11161291791802, 29.621608354075942]}, "datetime": {"datetime": "2025-08-21 19:15:50", "elapsed": 37867.39644861221, "delta": 34.36939096450806}, "costs": {"total_cost": 1095.761381605837, "time_cost": 150, "final_distance_cost": 59.45567584215157, "oscillation_cost": 129.46225480687096, "completition_cost": 666.6666666666667, "overshoot_cost": 54.420606729810764, "power_cost": 19.844983215332032, "noise_cost": 15.91119434500511, "n_waypoints_completed": 3, "tot_waypoints": 9}}
{"target": -737.5721342349024, "params": {"k_pid_pos": [0.8262201185500763, 0.5492512088261129, 0.0], "k_pid_alt": [0.7916504219859991, 0.7268380480242884, 0.42668930446662834], "k_pid_att": [55.75944013941258, 9.874382494251998, 1.0], "k_pid_yaw": [0.5, 1e-06, 0.1], "k_pid_hsp": [10.0, 0.46403444444482334, 1.0], "k_pid_vsp": [299.2698094036428, 350.39554350335027, 45.44908329122522]}, "datetime": {"datetime": "2025-08-21 19:16:29", "elapsed": 37905.714814424515, "delta": 38.318365812301636}, "costs": {"total_cost": 737.5721342349024, "time_cost": 150, "final_distance_cost": 73.51179558638735, "oscillation_cost": 197.66047019244206, "completition_cost": 222.2222222222222, "overshoot_cost": 49.87817920952965, "power_cost": 25.085030712890624, "noise_cost": 19.214436311430386, "n_waypoints_completed": 7, "tot_waypoints": 9}}
{"target": -337.626727118529, "params": {"k_pid_pos": [1.9725335521424776, 0.40399754226911133, 0.7204785885079529], "k_pid_alt": [0.6976287614655192, 0.45599526672598223, 0.2137981911249177], "k_pid_att": [16.782619217946138, 2.163879339508889, 0.9055482015748229], "k_pid_yaw": [0.5, 1e-06, 0.1], "k_pid_hsp": [7.977915111521668, 0.4152206028552379, 0.8283475931682728], "k_pid_vsp": [230.43985852104547, 386.97009550085596, 180.31270267702084]}, "datetime": {"datetime": "2025-08-21 19:17:09", "elapsed": 37946.09134197235, "delta": 40.376527547836304}, "costs": {"total_cost": 337.626727118529, "time_cost": 91.584, "final_distance_cost": 1.7555573483987301, "oscillation_cost": 160.52889479899304, "completition_cost": 0.0, "overshoot_cost": 56.380056041258186, "power_cost": 15.525021105957032, "noise_cost": 11.85319782392203, "n_waypoints_completed": 9, "tot_waypoints": 9}}
{"target": -974.779604785457, "params": {"k_pid_pos": [0.15228557550578506, 0.8278128508089735, 0.08940619805267536], "k_pid_alt": [1.470919518696352, 0.20107073320734115, 0.7718394642626889], "k_pid_att": [95.95542416134127, 9.089117078559966, 0.6517615720040845], "k_pid_yaw": [0.5, 1e-06, 0.1], "k_pid_hsp": [7.692257124420295, 0.9412243384313422, 0.6267378965339101], "k_pid_vsp": [150.41344743446348, 237.31392004531108, 46.28153674154035]}, "datetime": {"datetime": "2025-08-21 19:17:51", "elapsed": 37987.471286058426, "delta": 41.37994408607483}, "costs": {"total_cost": 974.779604785457, "time_cost": 150, "final_distance_cost": 47.0651751012208, "oscillation_cost": 124.16785631514834, "completition_cost": 555.5555555555555, "overshoot_cost": 54.015896400606124, "power_cost": 25.83498347167969, "noise_cost": 18.14013794124634, "n_waypoints_completed": 4, "tot_waypoints": 9}}
{"target": -1915.798552377722, "params": {"k_pid_pos": [0.20350903196216485, 0.8120856531503833, 0.5794007728686871], "k_pid_alt": [0.9116971046801747, 0.03922548911967694, 0.11424339489442847], "k_pid_att": [0.39480395474276175, 2.207755080357913, 0.40804567737991637], "k_pid_yaw": [0.5, 1e-06, 0.1], "k_pid_hsp": [5.437944283807404, 0.7226470951743652, 0.6184328223919336], "k_pid_vsp": [181.51024775965476, 18.21582281423473, 2.609963706134102]}, "datetime": {"datetime": "2025-08-21 19:18:34", "elapsed": 38030.68087887764, "delta": 43.20959281921387}, "costs": {"total_cost": 1915.798552377722, "time_cost": 150, "final_distance_cost": 59.3984946346281, "oscillation_cost": 417.00607340882215, "completition_cost": 1000.0, "overshoot_cost": 166.37449439658357, "power_cost": 35.31315793457031, "noise_cost": 87.70633200311796, "n_waypoints_completed": 0, "tot_waypoints": 9}}
{"target": -1348.2040490681973, "params": {"k_pid_pos": [2.0, 0.0, 0.0], "k_pid_alt": [0.0, 0.0, 1.0], "k_pid_att": [37.38367775324456, 4.847581535373721, 1.0], "k_pid_yaw": [0.5, 1e-06, 0.1], "k_pid_hsp": [0.39755958377722334, 0.0, 0.0], "k_pid_vsp": [290.3853556764063, 271.65641543903286, 139.69268052525544]}, "datetime": {"datetime": "2025-08-21 19:19:07", "elapsed": 38064.01623868942, "delta": 33.33535981178284}, "costs": {"total_cost": 1348.2040490681973, "time_cost": 150, "final_distance_cost": 1.0000000000000002, "oscillation_cost": 6.311841349923184, "completition_cost": 1000.0, "overshoot_cost": 135.82118843478094, "power_cost": 7.318640209960938, "noise_cost": 47.7523790735323, "n_waypoints_completed": 0, "tot_waypoints": 9}}
{"target": -1307.3114726787112, "params": {"k_pid_pos": [2.0, 0.171100168725997, 0.0], "k_pid_alt": [0.8483697367984508, 0.3284333042913046, 0.17833999442616266], "k_pid_att": [35.52807314212699, 8.287161023207943, 1.0], "k_pid_yaw": [0.5, 1e-06, 0.1], "k_pid_hsp": [0.0001, 0.69172130416653, 0.0], "k_pid_vsp": [115.95608285228377, 140.84611950849342, 14.407208368047675]}, "datetime": {"datetime": "2025-08-21 19:19:46", "elapsed": 38102.81935596466, "delta": 38.80311727523804}, "costs": {"total_cost": 1307.3114726787112, "time_cost": 150, "final_distance_cost": 61.76497210565589, "oscillation_cost": 84.71332089813765, "completition_cost": 888.8888888888888, "overshoot_cost": 78.32864834808676, "power_cost": 25.156848095703126, "noise_cost": 18.45879434223919, "n_waypoints_completed": 1, "tot_waypoints": 9}}
{"target": -610.9792728544435, "params": {"k_pid_pos": [1.9659355728140264, 0.9937813650131282, 0.7442159922669132], "k_pid_alt": [1.5889392911907194, 0.21101001267365516, 0.7218599731110695], "k_pid_att": [74.31713097374765, 4.445601450420993, 0.8922110510843636], "k_pid_yaw": [0.5, 1e-06, 0.1], "k_pid_hsp": [6.9593647772843354, 0.0937384288394717, 0.6448589881286947], "k_pid_vsp": [369.0540677079072, 342.2800417847742, 75.5574967596611]}, "datetime": {"datetime": "2025-08-21 19:20:22", "elapsed": 38139.14627742767, "delta": 36.326921463012695}, "costs": {"total_cost": 610.9792728544435, "time_cost": 150, "final_distance_cost": 34.777293195698114, "oscillation_cost": 230.88747197929425, "completition_cost": 111.11111111111116, "overshoot_cost": 51.65636539299772, "power_cost": 18.419829101562502, "noise_cost": 14.127202073779678, "n_waypoints_completed": 8, "tot_waypoints": 9}}
{"target": -1044.2713983741676, "params": {"k_pid_pos": [0.2732325203708142, 0.814366799787752, 0.41991449005954906], "k_pid_alt": [1.2967302498640108, 0.3907674939283775, 0.8560873959367138], "k_pid_att": [42.15539495534212, 3.3344193542833898, 0.0020884510466997463], "k_pid_yaw": [0.5, 1e-06, 0.1], "k_pid_hsp": [4.85713363122315, 0.33723648300190756, 0.3830853561540767], "k_pid_vsp": [271.0108504896219, 298.0056908434677, 71.12261615027003]}, "datetime": {"datetime": "2025-08-21 19:20:55", "elapsed": 38172.288813114166, "delta": 33.14253568649292}, "costs": {"total_cost": 1044.2713983741676, "time_cost": 150, "final_distance_cost": 45.879034341582134, "oscillation_cost": 208.69161619699955, "completition_cost": 555.5555555555555, "overshoot_cost": 46.11780108596339, "power_cost": 21.815087304687502, "noise_cost": 16.212303889379353, "n_waypoints_completed": 4, "tot_waypoints": 9}}
{"target": -680.7744232035332, "params": {"k_pid_pos": [1.0544928928688992, 0.44971508661863174, 0.3401781975909508], "k_pid_alt": [1.4981657617301596, 0.6516529878255012, 0.3075891876315202], "k_pid_att": [20.63914045531857, 3.4937468728621606, 0.16484934245018956], "k_pid_yaw": [0.5, 1e-06, 0.1], "k_pid_hsp": [2.9109230546384905, 0.20385582519688514, 0.19870853258230395], "k_pid_vsp": [310.2632392292114, 111.4473704792221, 16.800737104100538]}, "datetime": {"datetime": "2025-08-21 19:21:35", "elapsed": 38212.26943349838, "delta": 39.98062038421631}, "costs": {"total_cost": 680.7744232035332, "time_cost": 150, "final_distance_cost": 30.89302307329206, "oscillation_cost": 297.57820229861136, "completition_cost": 111.11111111111116, "overshoot_cost": 55.814430514644464, "power_cost": 19.34352589111328, "noise_cost": 16.034130314760873, "n_waypoints_completed": 8, "tot_waypoints": 9}}
{"target": -1299.1416533743081, "params": {"k_pid_pos": [2.0, 0.0, 0.0], "k_pid_alt": [2.0, 1.0, 1.0], "k_pid_att": [33.450736231330744, 0.0001, 0.0], "k_pid_yaw": [0.5, 1e-06, 0.1], "k_pid_hsp": [0.0001, 1.0, 0.0], "k_pid_vsp": [293.0066693899, 273.6120179927935, 135.6443658174836]}, "datetime": {"datetime": "2025-08-21 19:22:15", "elapsed": 38252.143560409546, "delta": 39.87412691116333}, "costs": {"total_cost": 1299.1416533743081, "time_cost": 150, "final_distance_cost": 63.8205420287125, "oscillation_cost": 85.63763705878296, "completition_cost": 888.8888888888888, "overshoot_cost": 73.16099297030672, "power_cost": 22.097129199218752, "noise_cost": 15.53646322839826, "n_waypoints_completed": 1, "tot_waypoints": 9}}
{"target": -740.3664503730223, "params": {"k_pid_pos": [1.6114620969832973, 0.8837793399108966, 0.13950284564904447], "k_pid_alt": [1.55248651438092, 0.6365449725225013, 0.6214980960766016], "k_pid_att": [12.991156646386814, 1.6419235758525417, 0.9864486794304668], "k_pid_yaw": [0.5, 1e-06, 0.1], "k_pid_hsp": [6.413182404874494, 0.8502319418648854, 0.199951677578023], "k_pid_vsp": [230.26649053076093, 393.72432835479316, 179.74334500857282]}, "datetime": {"datetime": "2025-08-21 19:22:51", "elapsed": 38288.0725941658, "delta": 35.9290337562561}, "costs": {"total_cost": 740.3664503730223, "time_cost": 150, "final_distance_cost": 66.89253312149775, "oscillation_cost": 84.7353443838541, "completition_cost": 333.33333333333337, "overshoot_cost": 63.46019093442558, "power_cost": 24.20606334228516, "noise_cost": 17.738985257626364, "n_waypoints_completed": 6, "tot_waypoints": 9}}
{"target": -1622.270806280068, "params": {"k_pid_pos": [2.0, 0.0, 1.0], "k_pid_alt": [0.1624232839207424, 0.009169379439181627, 0.5146714474147631], "k_pid_att": [68.67621809531275, 5.593653405757374, 0.4474853672109524], "k_pid_yaw": [0.5, 1e-06, 0.1], "k_pid_hsp": [9.047562445553485, 0.5254198310838274, 0.47525984039984165], "k_pid_vsp": [252.49561362052273, 260.0036880377908, 267.68023009096055]}, "datetime": {"datetime": "2025-08-21 19:23:28", "elapsed": 38324.943554639816, "delta": 36.87096047401428}, "costs": {"total_cost": 1622.270806280068, "time_cost": 150, "final_distance_cost": 64.74825761962467, "oscillation_cost": 452.44898358501155, "completition_cost": 888.8888888888888, "overshoot_cost": 22.303164619541093, "power_cost": 25.692826953125, "noise_cost": 18.18868461387706, "n_waypoints_completed": 1, "tot_waypoints": 9}}
{"target": -307.9235949445761, "params": {"k_pid_pos": [0.7168190110978372, 0.6784581059629337, 0.37412499622148865], "k_pid_alt": [1.8497170037225437, 0.5386010247710065, 0.2834814281477252], "k_pid_att": [40.557495628792424, 9.142454261732434, 0.5956520088955628], "k_pid_yaw": [0.5, 1e-06, 0.1], "k_pid_hsp": [8.383176326716004, 0.43641338107852345, 0.09709341817330382], "k_pid_vsp": [311.0660940933641, 49.602856098141764, 61.769451820940425]}, "datetime": {"datetime": "2025-08-21 19:24:06", "elapsed": 38363.370532512665, "delta": 38.42697787284851}, "costs": {"total_cost": 307.9235949445761, "time_cost": 86.04, "final_distance_cost": 1.773116064937596, "oscillation_cost": 136.2720437343553, "completition_cost": 0.0, "overshoot_cost": 52.497652380085675, "power_cost": 17.49663134765625, "noise_cost": 13.844151417541237, "n_waypoints_completed": 9, "tot_waypoints": 9}}
{"target": -342.65464862934647, "params": {"k_pid_pos": [2.0, 1.0, 1.0], "k_pid_alt": [2.0, 0.0, 0.6311812042132618], "k_pid_att": [52.59801260120275, 5.199450517315646, 0.17176265257269813], "k_pid_yaw": [0.5, 1e-06, 0.1], "k_pid_hsp": [3.0690038601858642, 1.0, 0.27035923832426006], "k_pid_vsp": [205.6602020991594, 228.20669660817308, 124.90591248586597]}, "datetime": {"datetime": "2025-08-21 19:24:42", "elapsed": 38398.76840257645, "delta": 35.39787006378174}, "costs": {"total_cost": 342.65464862934647, "time_cost": 83.784, "final_distance_cost": 1.7542728511985166, "oscillation_cost": 173.43190692809574, "completition_cost": 0.0, "overshoot_cost": 55.87875892550355, "power_cost": 15.513922692871095, "noise_cost": 12.291787231677596, "n_waypoints_completed": 9, "tot_waypoints": 9}}
{"target": -1141.3945097882195, "params": {"k_pid_pos": [0.18459241251906555, 0.18538869922620205, 0.665044588052542], "k_pid_alt": [1.3539960588461046, 0.9708065384833412, 0.7672207613975746], "k_pid_att": [9.997174980529532, 3.4781816616371364, 0.03905495215685528], "k_pid_yaw": [0.5, 1e-06, 0.1], "k_pid_hsp": [6.893535455294163, 0.5786067113450133, 0.23999709529246493], "k_pid_vsp": [47.9851797158362, 90.16932805003802, 47.97363788060191]}, "datetime": {"datetime": "2025-08-21 19:25:16", "elapsed": 38433.020869493484, "delta": 34.252466917037964}, "costs": {"total_cost": 1141.3945097882195, "time_cost": 150, "final_distance_cost": 42.390257496708855, "oscillation_cost": 308.92972499977475, "completition_cost": 555.5555555555555, "overshoot_cost": 56.57621809581563, "power_cost": 14.488879370117187, "noise_cost": 13.453874270247196, "n_waypoints_completed": 4, "tot_waypoints": 9}}
{"target": -652.8699376336124, "params": {"k_pid_pos": [1.7883559316081867, 0.928237038708764, 0.7845203817506686], "k_pid_alt": [0.732607364917363, 0.13727501043194756, 0.9117159579174517], "k_pid_att": [88.25476532629831, 0.6903381582338133, 0.4615914619504532], "k_pid_yaw": [0.5, 1e-06, 0.1], "k_pid_hsp": [4.830204534963235, 0.033671889519067966, 0.18044601950256944], "k_pid_vsp": [53.95774657871897, 365.4533325257276, 2.7624161317393088]}, "datetime": {"datetime": "2025-08-21 19:25:54", "elapsed": 38470.882848739624, "delta": 37.861979246139526}, "costs": {"total_cost": 652.8699376336124, "time_cost": 150, "final_distance_cost": 51.78546869212312, "oscillation_cost": 250.98678352086534, "completition_cost": 111.11111111111116, "overshoot_cost": 49.950327728993855, "power_cost": 22.251530712890627, "noise_cost": 16.78471586762825, "n_waypoints_completed": 8, "tot_waypoints": 9}}
{"target": -460.425556336318, "params": {"k_pid_pos": [0.656212143846127, 0.46338795627427787, 0.27434088291979386], "k_pid_alt": [1.0713535716766063, 0.0, 0.86864391172364], "k_pid_att": [94.23937292290908, 0.0001, 0.7464727272887758], "k_pid_yaw": [0.5, 1e-06, 0.1], "k_pid_hsp": [7.357164789382047, 0.4402424122885757, 0.6854999268315823], "k_pid_vsp": [49.344800484141665, 362.23407755554285, 2.1193278545009595]}, "datetime": {"datetime": "2025-08-21 19:26:30", "elapsed": 38507.25072693825, "delta": 36.36787819862366}, "costs": {"total_cost": 460.425556336318, "time_cost": 96.624, "final_distance_cost": 1.7785643395556074, "oscillation_cost": 276.8646724577634, "completition_cost": 0.0, "overshoot_cost": 53.24243048195749, "power_cost": 17.595785656738283, "noise_cost": 14.3201034003032, "n_waypoints_completed": 9, "tot_waypoints": 9}}
{"target": -183.1223968775861, "params": {"k_pid_pos": [2.0, 0.0, 0.8729339757402709], "k_pid_alt": [2.0, 0.0, 1.0], "k_pid_att": [15.570614648009377, 0.22360318042936317, 1.0], "k_pid_yaw": [0.5, 1e-06, 0.1], "k_pid_hsp": [5.479537472445286, 0.226323646134103, 0.0], "k_pid_vsp": [174.24578259418107, 336.8078153274576, 104.26486857697742]}, "datetime": {"datetime": "2025-08-21 19:27:03", "elapsed": 38539.638058423996, "delta": 32.38733148574829}, "costs": {"total_cost": 183.1223968775861, "time_cost": 69.016, "final_distance_cost": 1.8457656356658967, "oscillation_cost": 41.03760489569124, "completition_cost": 0.0, "overshoot_cost": 49.55369888647328, "power_cost": 12.271544873046876, "noise_cost": 9.39778258670882, "n_waypoints_completed": 9, "tot_waypoints": 9}}
{"target": -298.61524664713943, "params": {"k_pid_pos": [0.30404309645016303, 0.7190255129640696, 0.06263177482400639], "k_pid_alt": [1.2343256366109008, 0.014505399257071727, 0.6857333718490564], "k_pid_att": [25.840950220233537, 6.5445002908979495, 0.3424634909959139], "k_pid_yaw": [0.5, 1e-06, 0.1], "k_pid_hsp": [7.310848907630067, 0.7344152932059944, 0.11981282743040433], "k_pid_vsp": [382.9855099415337, 247.3915730602835, 126.21136452082968]}, "datetime": {"datetime": "2025-08-21 19:27:39", "elapsed": 38576.28731298447, "delta": 36.64925456047058}, "costs": {"total_cost": 298.61524664713943, "time_cost": 92.256, "final_distance_cost": 1.758261816339166, "oscillation_cost": 116.42134562870469, "completition_cost": 0.0, "overshoot_cost": 55.699991374881066, "power_cost": 18.025300854492187, "noise_cost": 14.454346972722352, "n_waypoints_completed": 9, "tot_waypoints": 9}}
{"target": -894.1132047077311, "params": {"k_pid_pos": [1.604341948733358, 0.5000732887650109, 0.7692290079192096], "k_pid_alt": [0.1937836651597582, 0.5718752177383066, 0.5207267507868303], "k_pid_att": [31.038320967987744, 3.3743552728470148, 0.6960921688106085], "k_pid_yaw": [0.5, 1e-06, 0.1], "k_pid_hsp": [8.4775106591134, 0.10933713211211982, 0.640416271250864], "k_pid_vsp": [388.96454823302554, 249.61460811267924, 126.27671638794395]}, "datetime": {"datetime": "2025-08-21 19:28:16", "elapsed": 38613.20713734627, "delta": 36.91982436180115}, "costs": {"total_cost": 894.1132047077311, "time_cost": 150, "final_distance_cost": 72.69986680995947, "oscillation_cost": 255.1119918546688, "completition_cost": 333.33333333333337, "overshoot_cost": 52.623370176309095, "power_cost": 16.651526477050783, "noise_cost": 13.693116056409632, "n_waypoints_completed": 6, "tot_waypoints": 9}}
{"target": -883.5082603215817, "params": {"k_pid_pos": [0.9362679767091416, 0.3634621703813632, 0.9864405615879397], "k_pid_alt": [1.6130478552819916, 0.5281151401806267, 0.6193179873446151], "k_pid_att": [90.92593626877344, 1.3876236095596597, 0.24906953109233387], "k_pid_yaw": [0.5, 1e-06, 0.1], "k_pid_hsp": [5.896796734946503, 0.4134382767965191, 0.15263347319074094], "k_pid_vsp": [335.5612441103071, 301.3678089867139, 37.32883475162063]}, "datetime": {"datetime": "2025-08-21 19:28:54", "elapsed": 38651.145564079285, "delta": 37.93842673301697}, "costs": {"total_cost": 883.5082603215817, "time_cost": 150, "final_distance_cost": 65.33101145431753, "oscillation_cost": 367.408216074651, "completition_cost": 222.2222222222222, "overshoot_cost": 44.80866456671306, "power_cost": 18.746887646484375, "noise_cost": 14.991258357193496, "n_waypoints_completed": 7, "tot_waypoints": 9}}
{"target": -1418.8581220610756, "params": {"k_pid_pos": [0.0001, 1.0, 1.0], "k_pid_alt": [0.0, 1.0, 0.0], "k_pid_att": [10.794907214198428, 4.297634717920602, 0.0], "k_pid_yaw": [0.5, 1e-06, 0.1], "k_pid_hsp": [4.413861050258089, 0.0, 1.0], "k_pid_vsp": [50.48864418012298, 230.93582136546232, 87.92930626598044]}, "datetime": {"datetime": "2025-08-21 19:29:35", "elapsed": 38692.447902202606, "delta": 41.30233812332153}, "costs": {"total_cost": 1418.8581220610756, "time_cost": 150, "final_distance_cost": 93.29066316777619, "oscillation_cost": 298.0357705128692, "completition_cost": 777.7777777777778, "overshoot_cost": 61.811901822071725, "power_cost": 22.233333618164064, "noise_cost": 15.708675162416418, "n_waypoints_completed": 2, "tot_waypoints": 9}}
{"target": -719.7868841602196, "params": {"k_pid_pos": [0.9058044823034731, 0.938887049288031, 0.19320020975096874], "k_pid_alt": [1.497881150547328, 0.08665826367555385, 0.4298819287919], "k_pid_att": [9.227461346668054, 3.357127679199346, 0.128963363867444], "k_pid_yaw": [0.5, 1e-06, 0.1], "k_pid_hsp": [7.69513807577402, 0.6346119876658151, 0.002980630299028064], "k_pid_vsp": [328.26967432648854, 331.1722733156176, 19.085494402333907]}, "datetime": {"datetime": "2025-08-21 19:30:22", "elapsed": 38739.43580889702, "delta": 46.98790669441223}, "costs": {"total_cost": 719.7868841602196, "time_cost": 150, "final_distance_cost": 73.03621215506698, "oscillation_cost": 87.55095543833045, "completition_cost": 333.33333333333337, "overshoot_cost": 43.60442293454291, "power_cost": 18.261910913085938, "noise_cost": 14.00004938586009, "n_waypoints_completed": 6, "tot_waypoints": 9}}
