{"target": -944.5606002548961, "params": {"k_pid_pos": [1.7917234081413769, 0.6742674083714616, 0.5348527086626339], "k_pid_alt": [0.20766307832152697, 0.8465888416328826, 0.3920800517548808], "k_pid_att": [65.70256756480431, 7.701956887722706, 0.2786392900771155], "k_pid_yaw": [0.5, 1e-06, 0.1], "k_pid_hsp": [3.8796681233213612, 0.4191239596352815, 0.6303664010031826], "k_pid_vsp": [282.2477350418265, 121.78749890595675, 189.44757656734996]}, "datetime": {"datetime": "2025-08-21 11:36:11", "elapsed": 10288.230380773544, "delta": 23.953222274780273}, "costs": {"total_cost": 944.5606002548961, "time_cost": 150, "final_distance_cost": 55.61719230267756, "oscillation_cost": 191.56468510413242, "completition_cost": 444.4444444444444, "overshoot_cost": 58.32829084227781, "power_cost": 25.47978984375, "noise_cost": 19.126197717613845, "n_waypoints_completed": 5, "tot_waypoints": 9}}
{"target": -884.1420593348629, "params": {"k_pid_pos": [0.7001863295294758, 0.9534266136752617, 0.8261029375068998], "k_pid_alt": [0.8839921418673362, 0.5732835064221329, 0.052309270170134536], "k_pid_att": [32.43515171834418, 0.5232657340959735, 0.127062040943555], "k_pid_yaw": [0.5, 1e-06, 0.1], "k_pid_hsp": [9.752119467228558, 0.10800726870317845, 0.7821053957708649], "k_pid_vsp": [356.1751167280815, 177.8266228222548, 118.16690918088251]}, "datetime": {"datetime": "2025-08-21 11:36:34", "elapsed": 10311.302716493607, "delta": 23.072335720062256}, "costs": {"total_cost": 884.1420593348629, "time_cost": 150, "final_distance_cost": 66.882525456734, "oscillation_cost": 248.49015401468702, "completition_cost": 333.33333333333337, "overshoot_cost": 49.83448059630257, "power_cost": 19.55143397216797, "noise_cost": 16.05013196163792, "n_waypoints_completed": 6, "tot_waypoints": 9}}
{"target": -1350.6994810655924, "params": {"k_pid_pos": [1.062483838233365, 0.8298212831194255, 0.700954285660603], "k_pid_alt": [0.37798270162041026, 0.9292353956912097, 0.8921891737050216], "k_pid_att": [28.436619512519044, 0.1267832181332426, 0.033932891321943104], "k_pid_yaw": [0.5, 1e-06, 0.1], "k_pid_hsp": [7.346782571896661, 0.5269995136223941, 0.2866332629384658], "k_pid_vsp": [73.06639709581613, 99.92972251075591, 100.03197179230816]}, "datetime": {"datetime": "2025-08-21 11:36:58", "elapsed": 10334.542241096497, "delta": 23.239524602890015}, "costs": {"total_cost": 1350.6994810655924, "time_cost": 150, "final_distance_cost": 53.13566316855803, "oscillation_cost": 370.09880188793863, "completition_cost": 666.6666666666667, "overshoot_cost": 61.849741933016, "power_cost": 28.913308435058596, "noise_cost": 20.035298974354323, "n_waypoints_completed": 3, "tot_waypoints": 9}}
{"target": -1312.0204646951347, "params": {"k_pid_pos": [0.08592666713702059, 0.5184801829178962, 0.9495837413231246], "k_pid_alt": [1.6820578698675828, 0.646829097855559, 0.7638556540524177], "k_pid_att": [26.626558231252805, 3.3490441676288305, 0.09840576255128286], "k_pid_yaw": [0.5, 1e-06, 0.1], "k_pid_hsp": [5.129210376674262, 0.7643541624399597, 0.5053219208940061], "k_pid_vsp": [220.78195922502601, 356.2032590927673, 119.5257846190504]}, "datetime": {"datetime": "2025-08-21 11:37:21", "elapsed": 10357.686537504196, "delta": 23.144296407699585}, "costs": {"total_cost": 1312.0204646951347, "time_cost": 150, "final_distance_cost": 48.9305727190559, "oscillation_cost": 352.9073591166793, "completition_cost": 666.6666666666667, "overshoot_cost": 54.97574758452069, "power_cost": 22.045892785644533, "noise_cost": 16.49422582256772, "n_waypoints_completed": 3, "tot_waypoints": 9}}
{"target": -1708.9270014617855, "params": {"k_pid_pos": [1.6255131424819715, 0.10227755637525893, 0.32223278224127594], "k_pid_alt": [0.9620258183992165, 0.03405538027568833, 0.709714598486682], "k_pid_att": [26.762462408835063, 9.320857576435682, 0.10171889148861146], "k_pid_yaw": [0.5, 1e-06, 0.1], "k_pid_hsp": [2.147357585407411, 0.7587080821531074, 0.2902439974755304], "k_pid_vsp": [50.64867905365142, 49.80730038282918, 275.313610524044]}, "datetime": {"datetime": "2025-08-21 11:37:44", "elapsed": 10381.104433298111, "delta": 23.417895793914795}, "costs": {"total_cost": 1708.9270014617855, "time_cost": 150, "final_distance_cost": 51.57886162420791, "oscillation_cost": 367.7843932254891, "completition_cost": 888.8888888888888, "overshoot_cost": 193.53714224684464, "power_cost": 26.2495919921875, "noise_cost": 30.888123484167508, "n_waypoints_completed": 1, "tot_waypoints": 9}}
{"target": -1506.3135007819706, "params": {"k_pid_pos": [0.1911228819542571, 0.5426763049290058, 0.6681672732306896], "k_pid_alt": [0.6806375911393499, 0.6491361482878714, 0.2587473169853065], "k_pid_att": [18.246976744286247, 2.504907558775938, 0.9600849230698018], "k_pid_yaw": [0.5, 1e-06, 0.1], "k_pid_hsp": [1.887746298315445, 0.07354523477727137, 0.7931351847188167], "k_pid_vsp": [361.0250967387073, 39.58395951785524, 297.11677989109666]}, "datetime": {"datetime": "2025-08-21 11:38:08", "elapsed": 10404.562606573105, "delta": 23.458173274993896}, "costs": {"total_cost": 1506.3135007819706, "time_cost": 150, "final_distance_cost": 40.72663309803243, "oscillation_cost": 229.90158761907279, "completition_cost": 1000.0, "overshoot_cost": 48.44587110322929, "power_cost": 20.856440490722658, "noise_cost": 16.38296847091319, "n_waypoints_completed": 0, "tot_waypoints": 9}}
{"target": -5700.078555616288, "params": {"k_pid_pos": [1.8058561750615365, 0.14577257484845585, 0.6009179595981553], "k_pid_alt": [1.1090210831185816, 0.7755356059570307, 0.9781490987130962], "k_pid_att": [0.16663319905625418, 5.928837308527115, 0.17624827189086278], "k_pid_yaw": [0.5, 1e-06, 0.1], "k_pid_hsp": [4.356773700044695, 0.5376091985116712, 0.40653150277283945], "k_pid_vsp": [14.681095735551386, 202.4012499387797, 306.08889083050684]}, "datetime": {"datetime": "2025-08-21 11:38:31", "elapsed": 10428.143320322037, "delta": 23.580713748931885}, "costs": {"total_cost": 5700.078555616288, "time_cost": 150, "final_distance_cost": 1081.7316120033536, "oscillation_cost": 1468.146313519313, "completition_cost": 1000.0, "overshoot_cost": 1870.5341521632279, "power_cost": 32.29524949951172, "noise_cost": 97.37122843088174, "n_waypoints_completed": 0, "tot_waypoints": 9}}
{"target": -1350.4236419721826, "params": {"k_pid_pos": [0.5670366509271111, 0.6331326883097236, 0.7491737541688251], "k_pid_alt": [1.8584623316083866, 0.371338515307462, 0.6508551523718211], "k_pid_att": [36.01819319230597, 2.990620357216506, 0.6406124296047365], "k_pid_yaw": [0.5, 1e-06, 0.1], "k_pid_hsp": [0.7624429827277969, 0.4292233572717724, 0.982853818802178], "k_pid_vsp": [242.18768785939545, 348.7878629377013, 141.9992627937624]}, "datetime": {"datetime": "2025-08-21 11:38:55", "elapsed": 10451.509249687195, "delta": 23.36592936515808}, "costs": {"total_cost": 1350.4236419721826, "time_cost": 150, "final_distance_cost": 58.03203534935172, "oscillation_cost": 374.77232938933645, "completition_cost": 666.6666666666667, "overshoot_cost": 64.18030872887172, "power_cost": 21.437541625976564, "noise_cost": 15.33476021197941, "n_waypoints_completed": 3, "tot_waypoints": 9}}
{"target": -963.0079310805259, "params": {"k_pid_pos": [0.9626266767049843, 0.7621920625021703, 0.43244043342878236], "k_pid_alt": [1.1371882895253889, 0.953412363269422, 0.3392462266587666], "k_pid_att": [92.69093800027248, 0.13364961236032288, 0.939532903228745], "k_pid_yaw": [0.5, 1e-06, 0.1], "k_pid_hsp": [7.014705856477659, 0.5843137296776936, 0.655148769997272], "k_pid_vsp": [108.73620879094629, 248.56370453342382, 122.0153010800163]}, "datetime": {"datetime": "2025-08-21 11:39:18", "elapsed": 10475.076004266739, "delta": 23.566754579544067}, "costs": {"total_cost": 963.0079310805259, "time_cost": 150, "final_distance_cost": 48.48085662503312, "oscillation_cost": 215.90840617400912, "completition_cost": 444.4444444444444, "overshoot_cost": 52.8948129871381, "power_cost": 29.02260905761719, "noise_cost": 22.2568017922839, "n_waypoints_completed": 5, "tot_waypoints": 9}}
{"target": -1290.5791954465958, "params": {"k_pid_pos": [1.1496922281790374, 0.9157849252258611, 0.6671067179356686], "k_pid_alt": [0.02741420545811213, 0.1462103761923894, 0.6074051186239625], "k_pid_att": [86.28074490695197, 1.971530420884803, 0.33894834614900315], "k_pid_yaw": [0.5, 1e-06, 0.1], "k_pid_hsp": [2.004875255897205, 0.030924250895665528, 0.6907077256440812], "k_pid_vsp": [197.27762751264737, 53.834365957909455, 258.74859620353396]}, "datetime": {"datetime": "2025-08-21 11:39:42", "elapsed": 10498.926943778992, "delta": 23.850939512252808}, "costs": {"total_cost": 1290.5791954465958, "time_cost": 150, "final_distance_cost": 84.15418216623964, "oscillation_cost": 164.14165378536075, "completition_cost": 777.7777777777778, "overshoot_cost": 66.04692580059749, "power_cost": 28.51692947998047, "noise_cost": 19.941726436639453, "n_waypoints_completed": 2, "tot_waypoints": 9}}
{"target": -808.7053717115691, "params": {"k_pid_pos": [1.4104238065254109, 0.729798835472516, 0.024457839879111765], "k_pid_alt": [1.7972500246736176, 0.07822279504241858, 0.6528044122389633], "k_pid_att": [97.13018322609625, 9.348401653093587, 0.2393586935262909], "k_pid_yaw": [0.5, 1e-06, 0.1], "k_pid_hsp": [3.8364047057334405, 0.31600701736920433, 0.20576497745555344], "k_pid_vsp": [116.38665263764824, 190.6975601722765, 15.95630801468641]}, "datetime": {"datetime": "2025-08-21 11:40:06", "elapsed": 10522.589609861374, "delta": 23.662666082382202}, "costs": {"total_cost": 808.7053717115691, "time_cost": 150, "final_distance_cost": 78.11411892320857, "oscillation_cost": 149.16524203054826, "completition_cost": 333.33333333333337, "overshoot_cost": 54.47260937983119, "power_cost": 25.464197802734375, "noise_cost": 18.155870241913373, "n_waypoints_completed": 6, "tot_waypoints": 9}}
{"target": -2047.2954320828553, "params": {"k_pid_pos": [0.4906994000502414, 0.057934785330837624, 0.3658138452219106], "k_pid_alt": [1.5276509274031347, 0.8878356239041079, 0.2010319672245815], "k_pid_att": [0.2901844262544584, 1.7826823440111135, 0.6625334055634319], "k_pid_yaw": [0.5, 1e-06, 0.1], "k_pid_hsp": [5.081513924703426, 0.4516214007668321, 0.8124155723746862], "k_pid_vsp": [223.8140664607514, 85.96521176603034, 287.3090135954203]}, "datetime": {"datetime": "2025-08-21 11:40:29", "elapsed": 10545.778069019318, "delta": 23.188459157943726}, "costs": {"total_cost": 2047.2954320828553, "time_cost": 150, "final_distance_cost": 60.724116592015555, "oscillation_cost": 327.11188107968206, "completition_cost": 1000.0, "overshoot_cost": 378.21113604974744, "power_cost": 33.839742980957034, "noise_cost": 97.40855538045317, "n_waypoints_completed": 0, "tot_waypoints": 9}}
{"target": -805.9334987955673, "params": {"k_pid_pos": [0.702365715280189, 0.536254464045605, 0.11827887118324198], "k_pid_alt": [1.4878777539085117, 0.16484125287515006, 0.9263076329713866], "k_pid_att": [47.26043286696686, 7.760282785551432, 0.2574326982563394], "k_pid_yaw": [0.5, 1e-06, 0.1], "k_pid_hsp": [6.463792911796831, 0.4427560553568758, 0.21708264292047852], "k_pid_vsp": [199.3747042430946, 251.23383509563956, 236.03769342336471]}, "datetime": {"datetime": "2025-08-21 11:40:52", "elapsed": 10569.071979999542, "delta": 23.29391098022461}, "costs": {"total_cost": 805.9334987955673, "time_cost": 150, "final_distance_cost": 80.07759808918833, "oscillation_cost": 268.91635786875446, "completition_cost": 222.2222222222222, "overshoot_cost": 46.43873233749628, "power_cost": 22.014630871582032, "noise_cost": 16.26395740632396, "n_waypoints_completed": 7, "tot_waypoints": 9}}
{"target": -1314.9476209853376, "params": {"k_pid_pos": [0.03147855289866768, 0.6972638841379795, 0.07725284863975612], "k_pid_alt": [1.993196584805835, 0.9806650197350074, 0.06495771290795571], "k_pid_att": [92.01383078373223, 8.07510345301318, 0.09228819733467519], "k_pid_yaw": [0.5, 1e-06, 0.1], "k_pid_hsp": [3.8267815734638972, 0.923726584183775, 0.10410912799786476], "k_pid_vsp": [300.4513854696203, 113.84087709153914, 224.91204213750427]}, "datetime": {"datetime": "2025-08-21 11:41:16", "elapsed": 10592.605834007263, "delta": 23.533854007720947}, "costs": {"total_cost": 1314.9476209853376, "time_cost": 150, "final_distance_cost": 70.03725702136464, "oscillation_cost": 130.29787918463276, "completition_cost": 888.8888888888888, "overshoot_cost": 33.29434871402142, "power_cost": 24.831682006835937, "noise_cost": 17.59756516959397, "n_waypoints_completed": 1, "tot_waypoints": 9}}
{"target": -688.0033479388873, "params": {"k_pid_pos": [0.9488718416993223, 0.7779720046498274, 0.8317496825372975], "k_pid_alt": [1.4257984700842092, 0.4749149261285204, 0.5818278261555486], "k_pid_att": [91.62375694843476, 8.08198848143419, 0.2875888283451886], "k_pid_yaw": [0.5, 1e-06, 0.1], "k_pid_hsp": [3.9707140506471896, 0.9250767594707372, 0.2605673997845268], "k_pid_vsp": [283.7511579425986, 376.8211382007676, 294.62215278381416]}, "datetime": {"datetime": "2025-08-21 11:41:39", "elapsed": 10616.153570652008, "delta": 23.547736644744873}, "costs": {"total_cost": 688.0033479388873, "time_cost": 150, "final_distance_cost": 43.21528615827198, "oscillation_cost": 293.87364460508286, "completition_cost": 111.11111111111116, "overshoot_cost": 55.329047634427845, "power_cost": 19.42167325439453, "noise_cost": 15.052585175598859, "n_waypoints_completed": 8, "tot_waypoints": 9}}
{"target": -1351.615303907523, "params": {"k_pid_pos": [0.00042142981309258135, 0.5396166826228939, 0.24264618379487246], "k_pid_alt": [0.5090262632368483, 0.1635127747013212, 0.6637910783368808], "k_pid_att": [54.90597432347953, 5.4000751860098495, 0.08430597644786564], "k_pid_yaw": [0.5, 1e-06, 0.1], "k_pid_hsp": [9.971771262610263, 0.8818050662243323, 0.039901794434451854], "k_pid_vsp": [239.37166070866667, 273.2125560206478, 247.06023437586185]}, "datetime": {"datetime": "2025-08-21 11:42:03", "elapsed": 10639.533829689026, "delta": 23.380259037017822}, "costs": {"total_cost": 1351.615303907523, "time_cost": 150, "final_distance_cost": 65.13153159446098, "oscillation_cost": 182.10372339532586, "completition_cost": 888.8888888888888, "overshoot_cost": 30.289096073781316, "power_cost": 19.29379287109375, "noise_cost": 15.908271083972389, "n_waypoints_completed": 1, "tot_waypoints": 9}}
{"target": -656.5031231459351, "params": {"k_pid_pos": [0.7346266529452238, 0.07866564681587151, 0.7716161859602357], "k_pid_alt": [0.7908613484496314, 0.64118891581447, 0.8428369656051764], "k_pid_att": [52.88048041226179, 0.7785938966394008, 0.2962768497679399], "k_pid_yaw": [0.5, 1e-06, 0.1], "k_pid_hsp": [4.076736692669914, 0.3401653211733857, 0.8087005811835254], "k_pid_vsp": [53.03435773090976, 277.96798297130147, 3.1745898441735]}, "datetime": {"datetime": "2025-08-21 11:42:26", "elapsed": 10663.19853401184, "delta": 23.66470432281494}, "costs": {"total_cost": 656.5031231459351, "time_cost": 150, "final_distance_cost": 32.35751613347018, "oscillation_cost": 269.28764662099246, "completition_cost": 111.11111111111116, "overshoot_cost": 54.76655869950074, "power_cost": 22.18061099853516, "noise_cost": 16.799679582325492, "n_waypoints_completed": 8, "tot_waypoints": 9}}
{"target": -917.6739028060324, "params": {"k_pid_pos": [1.045134564225615, 0.37603282388131054, 0.7088861279832274], "k_pid_alt": [1.1641884160291478, 0.6411296390409189, 0.2173000093600913], "k_pid_att": [6.462720357611406, 7.873933757360127, 0.3390609911043989], "k_pid_yaw": [0.5, 1e-06, 0.1], "k_pid_hsp": [6.392804250347334, 0.4530480787696052, 0.16668499608813214], "k_pid_vsp": [325.7662239799488, 11.056322664587872, 169.80956235316327]}, "datetime": {"datetime": "2025-08-21 11:42:50", "elapsed": 10686.456470012665, "delta": 23.257936000823975}, "costs": {"total_cost": 917.6739028060324, "time_cost": 150, "final_distance_cost": 63.34285381099333, "oscillation_cost": 279.89744863861506, "completition_cost": 333.33333333333337, "overshoot_cost": 48.89641017557235, "power_cost": 24.097859326171875, "noise_cost": 18.105997521346417, "n_waypoints_completed": 6, "tot_waypoints": 9}}
{"target": -878.4206064854175, "params": {"k_pid_pos": [1.3353481114063932, 0.48604424046164096, 0.5514742134937521], "k_pid_alt": [1.6256956340511337, 0.6782971402860245, 0.368779649760122], "k_pid_att": [36.83103794356949, 4.479633897289764, 0.471335591496706], "k_pid_yaw": [0.5, 1e-06, 0.1], "k_pid_hsp": [1.7497421933549495, 0.1846651540406442, 0.323001317104075], "k_pid_vsp": [37.88584157137862, 49.46218537399697, 71.12335721268855]}, "datetime": {"datetime": "2025-08-21 11:43:13", "elapsed": 10710.17924118042, "delta": 23.722771167755127}, "costs": {"total_cost": 878.4206064854175, "time_cost": 150, "final_distance_cost": 77.78772252488149, "oscillation_cost": 219.85175929798217, "completition_cost": 333.33333333333337, "overshoot_cost": 58.47679115288925, "power_cost": 21.141398486328125, "noise_cost": 17.829601690003, "n_waypoints_completed": 6, "tot_waypoints": 9}}
{"target": -4897.013010376382, "params": {"k_pid_pos": [1.5597629885405593, 0.271866067807487, 0.10804367366360534], "k_pid_alt": [0.3881547711853808, 0.8932834562372856, 0.4191721255820652], "k_pid_att": [98.51284350588413, 9.270337649409276, 0.3841406399684134], "k_pid_yaw": [0.5, 1e-06, 0.1], "k_pid_hsp": [2.3448338068690977, 0.6595415245258702, 0.03285715965510749], "k_pid_vsp": [1.4336494982025272, 34.823750095546046, 104.44079108275953]}, "datetime": {"datetime": "2025-08-21 11:43:37", "elapsed": 10733.752578020096, "delta": 23.573336839675903}, "costs": {"total_cost": 4897.013010376382, "time_cost": 150, "final_distance_cost": 1469.594040838539, "oscillation_cost": 65.0538046122582, "completition_cost": 888.8888888888888, "overshoot_cost": 2277.9445297519324, "power_cost": 25.43585516357422, "noise_cost": 20.095891121189446, "n_waypoints_completed": 1, "tot_waypoints": 9}}
{"target": -880.1998470747774, "params": {"k_pid_pos": [1.1396719321727873, 0.8821734864941517, 0.817970774670911], "k_pid_alt": [1.289432258882016, 0.16479715434996756, 0.7626037297795659], "k_pid_att": [38.8490007962522, 0.4086432816607484, 0.35198833108359395], "k_pid_yaw": [0.5, 1e-06, 0.1], "k_pid_hsp": [8.24372070397217, 0.8440437111094174, 0.9411431320752482], "k_pid_vsp": [336.52836724375777, 253.93575332231802, 258.0948368641016]}, "datetime": {"datetime": "2025-08-21 11:44:00", "elapsed": 10757.097802400589, "delta": 23.345224380493164}, "costs": {"total_cost": 880.1998470747774, "time_cost": 150, "final_distance_cost": 65.73922485272584, "oscillation_cost": 244.79779517570748, "completition_cost": 333.33333333333337, "overshoot_cost": 43.75317438313215, "power_cost": 24.30685880126953, "noise_cost": 18.26946052860904, "n_waypoints_completed": 6, "tot_waypoints": 9}}
{"target": -1046.6018849018278, "params": {"k_pid_pos": [1.8203297763893203, 0.6421160483193504, 0.03633806519627114], "k_pid_alt": [1.8710663333961741, 0.508910992851064, 0.9717062946921623], "k_pid_att": [42.06039551283681, 3.4895087115198837, 0.6553459980808398], "k_pid_yaw": [0.5, 1e-06, 0.1], "k_pid_hsp": [1.7100485822991986, 0.6698229341738958, 0.0317923000178969], "k_pid_vsp": [323.46920477991773, 237.5004532475797, 46.12935617390283]}, "datetime": {"datetime": "2025-08-21 11:44:24", "elapsed": 10780.710150957108, "delta": 23.612348556518555}, "costs": {"total_cost": 1046.6018849018278, "time_cost": 150, "final_distance_cost": 52.75412114633229, "oscillation_cost": 65.78471089738304, "completition_cost": 666.6666666666667, "overshoot_cost": 55.11922123379276, "power_cost": 28.716706640625002, "noise_cost": 27.560458317027937, "n_waypoints_completed": 3, "tot_waypoints": 9}}
{"target": -1590.6250753115178, "params": {"k_pid_pos": [1.3220156374990832, 0.23452159861263677, 0.2711691838554571], "k_pid_alt": [0.24646723186098796, 0.4369003870174455, 0.07202271186255815], "k_pid_att": [0.8178233440362392, 1.690800420205554, 0.5714102865747859], "k_pid_yaw": [0.5, 1e-06, 0.1], "k_pid_hsp": [7.490279758498361, 0.053375577576420086, 0.24809748031168333], "k_pid_vsp": [224.187796171321, 172.5213109655398, 185.83677845559203]}, "datetime": {"datetime": "2025-08-21 11:44:47", "elapsed": 10803.985579967499, "delta": 23.275429010391235}, "costs": {"total_cost": 1590.6250753115178, "time_cost": 150, "final_distance_cost": 2.1519968255898543, "oscillation_cost": 204.40554724427724, "completition_cost": 1000.0, "overshoot_cost": 129.0506400592936, "power_cost": 32.96809322509766, "noise_cost": 72.04879795725948, "n_waypoints_completed": 0, "tot_waypoints": 9}}
{"target": -1078.3344085028227, "params": {"k_pid_pos": [0.2828470818245866, 0.2884146276354662, 0.0233880558860996], "k_pid_alt": [1.0512915626682398, 0.9754366802752734, 0.5130599957218996], "k_pid_att": [72.48730955181489, 8.939552650881781, 0.16739637018635123], "k_pid_yaw": [0.5, 1e-06, 0.1], "k_pid_hsp": [2.0531383087710506, 0.31048449408567924, 0.07003713637235531], "k_pid_vsp": [289.68763676884765, 369.33466037835564, 208.93907166699674]}, "datetime": {"datetime": "2025-08-21 11:45:10", "elapsed": 10827.04452085495, "delta": 23.058940887451172}, "costs": {"total_cost": 1078.3344085028227, "time_cost": 150, "final_distance_cost": 43.6818007608169, "oscillation_cost": 241.30744376583377, "completition_cost": 555.5555555555555, "overshoot_cost": 47.24940999109827, "power_cost": 22.626952404785158, "noise_cost": 17.91324602473317, "n_waypoints_completed": 4, "tot_waypoints": 9}}
