{"target": -920.4527911167866, "params": {"k_pid_pos": [0.7664531222536425, 0.8145778026016434, 0.38725184050497763], "k_pid_alt": [1.722487398263223, 0.31836332773048204, 0.895520222950177], "k_pid_att": [9.662877065897025, 6.890270832281561, 0.32383209240296573], "k_pid_yaw": [0.5, 1e-06, 0.1], "k_pid_hsp": [6.79368566994932, 0.48223127194240145, 0.9597494146188879], "k_pid_vsp": [294.41460605251336, 309.02525855925126, 170.45008846717624]}, "datetime": {"datetime": "2025-08-21 09:18:31", "elapsed": 2027.8566796779633, "delta": 29.851521492004395}, "costs": {"total_cost": 920.4527911167866, "time_cost": 150, "final_distance_cost": 48.507463561811115, "oscillation_cost": 186.91161886475427, "completition_cost": 444.4444444444444, "overshoot_cost": 50.92391757895538, "power_cost": 23.40636640625, "noise_cost": 16.25898026057138, "n_waypoints_completed": 5, "tot_waypoints": 9}}
{"target": -1715.3713382890105, "params": {"k_pid_pos": [1.9211214897592275, 0.1379794160863118, 0.36815431277927635], "k_pid_alt": [1.3388144340239572, 0.6557404857380453, 0.8787714805875877], "k_pid_att": [14.979689956770859, 8.72338651208221, 0.7312059456773348], "k_pid_yaw": [0.5, 1e-06, 0.1], "k_pid_hsp": [4.609253454402178, 0.36577618152195224, 0.2930565678195022], "k_pid_vsp": [136.96694296666334, 168.32762556307222, 318.61181852065823]}, "datetime": {"datetime": "2025-08-21 09:18:56", "elapsed": 2053.041221141815, "delta": 25.18454146385193}, "costs": {"total_cost": 1715.3713382890105, "time_cost": 150, "final_distance_cost": 173.8300076661618, "oscillation_cost": 275.6451920874609, "completition_cost": 888.8888888888888, "overshoot_cost": 175.1744822627071, "power_cost": 18.828557495117188, "noise_cost": 33.00420988867489, "n_waypoints_completed": 1, "tot_waypoints": 9}}
{"target": -953.9165876390492, "params": {"k_pid_pos": [0.5849449530050801, 0.15214471584788847, 0.7870183463970067], "k_pid_alt": [0.5455093900948855, 0.7816694532705631, 0.9483404886889779], "k_pid_att": [34.19394983109322, 0.10713766948263917, 0.26638993148234347], "k_pid_yaw": [0.5, 1e-06, 0.1], "k_pid_hsp": [7.882564329812007, 0.17038252858370773, 0.835235121612646], "k_pid_vsp": [223.436954190966, 338.1792753750831, 138.6551828240374]}, "datetime": {"datetime": "2025-08-21 09:19:25", "elapsed": 2082.092698097229, "delta": 29.05147695541382}, "costs": {"total_cost": 953.9165876390492, "time_cost": 150, "final_distance_cost": 56.703997665669505, "oscillation_cost": 330.56387321406453, "completition_cost": 333.33333333333337, "overshoot_cost": 49.7107520513535, "power_cost": 18.354113305664065, "noise_cost": 15.25051806896419, "n_waypoints_completed": 6, "tot_waypoints": 9}}
{"target": -701.4544484762378, "params": {"k_pid_pos": [0.592676005439004, 0.220855643117303, 0.46730236682346316], "k_pid_alt": [1.3702850225917935, 0.7052137427054871, 0.1709371554347484], "k_pid_att": [30.81199740011632, 6.314929818962468, 0.2093396327535425], "k_pid_yaw": [0.5, 1e-06, 0.1], "k_pid_hsp": [7.2122893606715275, 0.580963818549753, 0.13575860458246602], "k_pid_vsp": [82.81159855974343, 213.037300290927, 36.58770561171291]}, "datetime": {"datetime": "2025-08-21 09:19:52", "elapsed": 2109.1770312786102, "delta": 27.084333181381226}, "costs": {"total_cost": 701.4544484762378, "time_cost": 150, "final_distance_cost": 66.05703195597748, "oscillation_cost": 293.5660756070113, "completition_cost": 111.11111111111116, "overshoot_cost": 46.17601398204729, "power_cost": 19.0699533203125, "noise_cost": 15.474262499777995, "n_waypoints_completed": 8, "tot_waypoints": 9}}
{"target": -2387.24887875351, "params": {"k_pid_pos": [1.4343760025054753, 0.2810119136071607, 0.5297780281723122], "k_pid_alt": [0.7109151801478968, 0.07697424860562452, 0.09013571088536454], "k_pid_att": [97.86245045158536, 9.273311462508714, 0.2989551762345103], "k_pid_yaw": [0.5, 1e-06, 0.1], "k_pid_hsp": [1.4349931899578696, 0.21639319136951252, 0.28150638993875476], "k_pid_vsp": [206.97066151449425, 145.1880387578119, 392.88321928351223]}, "datetime": {"datetime": "2025-08-21 09:20:19", "elapsed": 2135.988820552826, "delta": 26.8117892742157}, "costs": {"total_cost": 2387.24887875351, "time_cost": 150, "final_distance_cost": 296.9384546439285, "oscillation_cost": 475.4243431828656, "completition_cost": 1000.0, "overshoot_cost": 433.39225807116236, "power_cost": 15.884071020507813, "noise_cost": 15.609751835045774, "n_waypoints_completed": 0, "tot_waypoints": 9}}
{"target": -1033.3645145668731, "params": {"k_pid_pos": [1.537024027147137, 0.42437576870250515, 0.9593886868902648], "k_pid_alt": [1.3577746288001875, 0.8032429089675357, 0.5674293924814084], "k_pid_att": [79.92389258608902, 8.370544590263636, 0.17623733653252538], "k_pid_yaw": [0.5, 1e-06, 0.1], "k_pid_hsp": [0.9851959482240761, 0.17286692852809926, 0.5963366404414541], "k_pid_vsp": [198.66996475628804, 153.52642799101417, 66.14508302302954]}, "datetime": {"datetime": "2025-08-21 09:20:46", "elapsed": 2162.929085969925, "delta": 26.940265417099}, "costs": {"total_cost": 1033.3645145668731, "time_cost": 150, "final_distance_cost": 84.45932922858682, "oscillation_cost": 375.0970710241795, "completition_cost": 333.33333333333337, "overshoot_cost": 58.111053391434965, "power_cost": 17.32348375244141, "noise_cost": 15.040243836896968, "n_waypoints_completed": 6, "tot_waypoints": 9}}
{"target": -631.7323380111526, "params": {"k_pid_pos": [1.2401437459277633, 0.25207529114472604, 0.36629468500172513], "k_pid_alt": [1.4822046677656482, 0.402691159457631, 0.9699424537589136], "k_pid_att": [92.71701829709114, 9.675707029463112, 0.847950543694092], "k_pid_yaw": [0.5, 1e-06, 0.1], "k_pid_hsp": [5.6036263698533295, 0.7039428481505751, 0.9287835918024978], "k_pid_vsp": [383.6949601509231, 377.69102570669673, 384.6659976444051]}, "datetime": {"datetime": "2025-08-21 09:21:13", "elapsed": 2190.4314410686493, "delta": 27.502355098724365}, "costs": {"total_cost": 631.7323380111526, "time_cost": 150, "final_distance_cost": 32.27345974400899, "oscillation_cost": 242.18182027943195, "completition_cost": 111.11111111111116, "overshoot_cost": 58.53456310181692, "power_cost": 21.630650805664065, "noise_cost": 16.00073296911939, "n_waypoints_completed": 8, "tot_waypoints": 9}}
{"target": -1726.346172059901, "params": {"k_pid_pos": [1.8908071371044766, 0.24650546124116268, 0.43944425237851736], "k_pid_alt": [0.08129262801295378, 0.9169688285369915, 0.668835323236981], "k_pid_att": [21.69348259222723, 2.3792635609355366, 0.359220396145822], "k_pid_yaw": [0.5, 1e-06, 0.1], "k_pid_hsp": [6.176993193603033, 0.3744789826208984, 0.34632397087055433], "k_pid_vsp": [168.34917253358887, 166.7193988972946, 311.9040016802398]}, "datetime": {"datetime": "2025-08-21 09:21:41", "elapsed": 2217.666041612625, "delta": 27.23460054397583}, "costs": {"total_cost": 1726.346172059901, "time_cost": 150, "final_distance_cost": 71.95227742672414, "oscillation_cost": 440.53014088850915, "completition_cost": 888.8888888888888, "overshoot_cost": 114.7667677609662, "power_cost": 21.77160867919922, "noise_cost": 38.436488415613525, "n_waypoints_completed": 1, "tot_waypoints": 9}}
{"target": -1195.5974154589583, "params": {"k_pid_pos": [1.0257957909649296, 0.2851169175061201, 0.5247610830000164], "k_pid_alt": [0.2254829476630238, 0.09764272066076451, 0.2508795693775091], "k_pid_att": [22.10178179826292, 4.840991769163348, 0.15325909841774954], "k_pid_yaw": [0.5, 1e-06, 0.1], "k_pid_hsp": [2.296100946119912, 0.06120173150278618, 0.5178944054806554], "k_pid_vsp": [180.5859307155676, 174.9677072107991, 25.189372149904337]}, "datetime": {"datetime": "2025-08-21 09:22:08", "elapsed": 2245.2507135868073, "delta": 27.58467197418213}, "costs": {"total_cost": 1195.5974154589583, "time_cost": 150, "final_distance_cost": 49.82267448332433, "oscillation_cost": 359.2888642422034, "completition_cost": 555.5555555555555, "overshoot_cost": 41.09094988468012, "power_cost": 23.133420751953125, "noise_cost": 16.705950541241712, "n_waypoints_completed": 4, "tot_waypoints": 9}}
{"target": -1006.9165471896481, "params": {"k_pid_pos": [0.9533578043126425, 0.09217772201046781, 0.1217664582730299], "k_pid_alt": [1.6371201171152603, 0.12321856532235276, 0.5200484368450775], "k_pid_att": [46.069184645021224, 4.668171397431053, 0.8185397292527533], "k_pid_yaw": [0.5, 1e-06, 0.1], "k_pid_hsp": [8.754122001286193, 0.1538824556833721, 0.9151542460321559], "k_pid_vsp": [75.53627737884412, 301.8900842864339, 215.71281661554104]}, "datetime": {"datetime": "2025-08-21 09:22:35", "elapsed": 2271.835381269455, "delta": 26.584667682647705}, "costs": {"total_cost": 1006.9165471896481, "time_cost": 150, "final_distance_cost": 50.87451904528946, "oscillation_cost": 270.12127560270204, "completition_cost": 444.4444444444444, "overshoot_cost": 49.485119469886506, "power_cost": 19.126188305664062, "noise_cost": 22.865000321661693, "n_waypoints_completed": 5, "tot_waypoints": 9}}
{"target": -1526.2297323140247, "params": {"k_pid_pos": [0.1463430837134259, 0.16421810701609274, 0.7479993021816264], "k_pid_alt": [0.783308963794503, 0.4726996831298853, 0.02095621647240553], "k_pid_att": [95.43364340282477, 1.0566321546246236, 0.34713018415987906], "k_pid_yaw": [0.5, 1e-06, 0.1], "k_pid_hsp": [5.4691967955061385, 0.7389683233510101, 0.5702384367745329], "k_pid_vsp": [160.4743004880058, 151.25882202875954, 127.15993670402388]}, "datetime": {"datetime": "2025-08-21 09:23:02", "elapsed": 2298.797347545624, "delta": 26.961966276168823}, "costs": {"total_cost": 1526.2297323140247, "time_cost": 150, "final_distance_cost": 92.67000038802968, "oscillation_cost": 425.26730080161485, "completition_cost": 777.7777777777778, "overshoot_cost": 41.814373443907314, "power_cost": 22.0689294921875, "noise_cost": 16.631350410507686, "n_waypoints_completed": 2, "tot_waypoints": 9}}
{"target": -990.6996654061489, "params": {"k_pid_pos": [0.5397095114143581, 0.9383202338646344, 0.07541970488620198], "k_pid_alt": [1.0736505968780405, 0.34231082512155475, 0.3616912632609566], "k_pid_att": [53.05950015517187, 3.0511466094136703, 0.1861245897974324], "k_pid_yaw": [0.5, 1e-06, 0.1], "k_pid_hsp": [5.2404771847348295, 0.01954609358454862, 0.1973577271311705], "k_pid_vsp": [329.3852151166179, 377.7981432161857, 44.737506761607925]}, "datetime": {"datetime": "2025-08-21 09:23:29", "elapsed": 2325.768849849701, "delta": 26.97150230407715}, "costs": {"total_cost": 990.6996654061489, "time_cost": 150, "final_distance_cost": 38.31410211438578, "oscillation_cost": 153.13497391753015, "completition_cost": 555.5555555555555, "overshoot_cost": 57.540018387453976, "power_cost": 20.767992565917968, "noise_cost": 15.38702286530544, "n_waypoints_completed": 4, "tot_waypoints": 9}}
{"target": -2143.6960113992013, "params": {"k_pid_pos": [0.7309335864280567, 0.1638685063300297, 0.34308864227227165], "k_pid_alt": [1.6474615780744273, 0.9859755676850478, 0.6525482624409108], "k_pid_att": [20.820941345410315, 4.583484591328946, 0.8232479985259283], "k_pid_yaw": [0.5, 1e-06, 0.1], "k_pid_hsp": [2.7441820440141944, 0.024974181649065064, 0.0868849538502412], "k_pid_vsp": [45.3583856298839, 36.52651418374805, 180.16740729785198]}, "datetime": {"datetime": "2025-08-21 09:23:54", "elapsed": 2350.9891152381897, "delta": 25.22026538848877}, "costs": {"total_cost": 2143.6960113992013, "time_cost": 150, "final_distance_cost": 410.55769342123864, "oscillation_cost": 48.64579355998134, "completition_cost": 888.8888888888888, "overshoot_cost": 610.5606978781337, "power_cost": 18.722232080078125, "noise_cost": 16.320705570880804, "n_waypoints_completed": 1, "tot_waypoints": 9}}
{"target": -1699.131900338401, "params": {"k_pid_pos": [1.6810545592809214, 0.7989914360341402, 0.5494984145844971], "k_pid_alt": [1.9163435297319265, 0.8541975819782529, 0.25711639102022055], "k_pid_att": [31.924345947319633, 9.71834529348061, 0.7877754752684527], "k_pid_yaw": [0.5, 1e-06, 0.1], "k_pid_hsp": [1.7936100308263223, 0.9053286427302074, 0.04271859462799232], "k_pid_vsp": [110.97927986223435, 143.35865129107336, 331.5343403948062]}, "datetime": {"datetime": "2025-08-21 09:24:24", "elapsed": 2381.447010278702, "delta": 30.457895040512085}, "costs": {"total_cost": 1699.131900338401, "time_cost": 150, "final_distance_cost": 181.87412185571213, "oscillation_cost": 200.67184208086533, "completition_cost": 888.8888888888888, "overshoot_cost": 239.92718652968023, "power_cost": 14.582186547851563, "noise_cost": 23.187674435402755, "n_waypoints_completed": 1, "tot_waypoints": 9}}
{"target": -1240.549414937253, "params": {"k_pid_pos": [0.05428757546153393, 0.7070742603184224, 0.17739900627470306], "k_pid_alt": [1.0927778800029033, 0.711376716109968, 0.3384957989088778], "k_pid_att": [72.08577894022329, 3.822947596332601, 0.4154163204406901], "k_pid_yaw": [0.5, 1e-06, 0.1], "k_pid_hsp": [1.1964922116301346, 0.4601910794424747, 0.9822966207176682], "k_pid_vsp": [359.33033289608784, 261.32233127433904, 311.34835234151285]}, "datetime": {"datetime": "2025-08-21 09:24:54", "elapsed": 2411.375650882721, "delta": 29.928640604019165}, "costs": {"total_cost": 1240.549414937253, "time_cost": 150, "final_distance_cost": 46.44746321815837, "oscillation_cost": 255.81417397857962, "completition_cost": 666.6666666666667, "overshoot_cost": 72.89188360234327, "power_cost": 27.861367016601562, "noise_cost": 20.867860454903184, "n_waypoints_completed": 3, "tot_waypoints": 9}}
{"target": -683.1840301967155, "params": {"k_pid_pos": [1.64478805205347, 0.541089521724089, 0.4570821064884878], "k_pid_alt": [1.976658648360521, 0.3021229317861307, 0.7449695284810256], "k_pid_att": [95.89654234119273, 4.342346945240515, 0.7637062275159098], "k_pid_yaw": [0.5, 1e-06, 0.1], "k_pid_hsp": [1.3374681626568716, 0.9714026787814092, 0.27254350500652536], "k_pid_vsp": [169.1747823885678, 253.96259419301663, 1.560413080641909]}, "datetime": {"datetime": "2025-08-21 09:25:21", "elapsed": 2437.6627180576324, "delta": 26.2870671749115}, "costs": {"total_cost": 683.1840301967155, "time_cost": 150, "final_distance_cost": 73.28223068820212, "oscillation_cost": 145.79178928471805, "completition_cost": 222.2222222222222, "overshoot_cost": 46.056549051944394, "power_cost": 24.593735327148437, "noise_cost": 21.237503622480332, "n_waypoints_completed": 7, "tot_waypoints": 9}}
{"target": -2595.991835325296, "params": {"k_pid_pos": [0.8989560830924949, 0.28309393780277814, 0.9143770053581605], "k_pid_alt": [0.02786363500143474, 0.5188014899919534, 0.9277597204526182], "k_pid_att": [62.41966155534091, 8.111532472260661, 0.04934047644215167], "k_pid_yaw": [0.5, 1e-06, 0.1], "k_pid_hsp": [8.632823335803785, 0.8625949161130468, 0.5121655273246417], "k_pid_vsp": [35.12663261171802, 152.86891699969783, 362.0812222492973]}, "datetime": {"datetime": "2025-08-21 09:25:49", "elapsed": 2465.597685813904, "delta": 27.934967756271362}, "costs": {"total_cost": 2595.991835325296, "time_cost": 150, "final_distance_cost": 388.3871105233392, "oscillation_cost": 414.7332353756356, "completition_cost": 888.8888888888888, "overshoot_cost": 714.2692959220632, "power_cost": 21.719965478515626, "noise_cost": 17.993339136854097, "n_waypoints_completed": 1, "tot_waypoints": 9}}
{"target": -749.9935623817807, "params": {"k_pid_pos": [0.5774749520453094, 0.0027829514828896507, 0.5087104450103038], "k_pid_alt": [1.3066662469363521, 0.8262981684856479, 0.0277820305565305], "k_pid_att": [98.53152372896801, 9.506154479290203, 0.43961892965854676], "k_pid_yaw": [0.5, 1e-06, 0.1], "k_pid_hsp": [8.620793032209017, 0.29359097517243515, 0.3247765417906744], "k_pid_vsp": [192.3115881579733, 334.19683521533744, 168.06958214388044]}, "datetime": {"datetime": "2025-08-21 09:26:14", "elapsed": 2490.8378336429596, "delta": 25.240147829055786}, "costs": {"total_cost": 749.9935623817807, "time_cost": 150, "final_distance_cost": 48.982997904144895, "oscillation_cost": 344.94615962093013, "completition_cost": 111.11111111111116, "overshoot_cost": 56.909644805202426, "power_cost": 21.757222265625, "noise_cost": 16.2864266747671, "n_waypoints_completed": 8, "tot_waypoints": 9}}
{"target": -1373.0108577593196, "params": {"k_pid_pos": [0.05865400847192177, 0.9864818319685426, 0.12882979753391555], "k_pid_alt": [1.0390747199560022, 0.4002595918737114, 0.8422111797855807], "k_pid_att": [12.754192529938402, 2.858638610819225, 0.09145866467165897], "k_pid_yaw": [0.5, 1e-06, 0.1], "k_pid_hsp": [3.6994952051685464, 0.9560397551094246, 0.10987542798426209], "k_pid_vsp": [227.21281969143007, 373.62690123775246, 304.1721100630073]}, "datetime": {"datetime": "2025-08-21 09:26:45", "elapsed": 2522.425179719925, "delta": 31.587346076965332}, "costs": {"total_cost": 1373.0108577593196, "time_cost": 150, "final_distance_cost": 46.99530765925702, "oscillation_cost": 106.27546063229798, "completition_cost": 1000.0, "overshoot_cost": 36.46602511647185, "power_cost": 19.066958422851563, "noise_cost": 14.207105928441242, "n_waypoints_completed": 0, "tot_waypoints": 9}}
{"target": -923.03296466674, "params": {"k_pid_pos": [0.20508569368743423, 0.7236337052507151, 0.9523564471358371], "k_pid_alt": [1.8546756736881458, 0.06590725957436228, 0.04174561577951996], "k_pid_att": [24.41445904913303, 1.6113161210942488, 0.7028841571199106], "k_pid_yaw": [0.5, 1e-06, 0.1], "k_pid_hsp": [2.4412644018466088, 0.6715327935534463, 0.9278707183523083], "k_pid_vsp": [203.0293563536515, 209.11327222648669, 98.90212655580252]}, "datetime": {"datetime": "2025-08-21 09:27:12", "elapsed": 2548.524521112442, "delta": 26.09934139251709}, "costs": {"total_cost": 923.03296466674, "time_cost": 150, "final_distance_cost": 44.903624792612106, "oscillation_cost": 203.00272169198598, "completition_cost": 444.4444444444444, "overshoot_cost": 51.34044247612818, "power_cost": 16.54789011230469, "noise_cost": 12.793841149264681, "n_waypoints_completed": 5, "tot_waypoints": 9}}
{"target": -1260.4665361123218, "params": {"k_pid_pos": [1.8189924464913345, 0.9283131145353071, 0.6940522604947467], "k_pid_alt": [1.2965743271976184, 0.6372136311919004, 0.25998089448814543], "k_pid_att": [89.9975663129058, 1.1089935046474015, 0.5526036966112543], "k_pid_yaw": [0.5, 1e-06, 0.1], "k_pid_hsp": [0.7544098730208175, 0.8518690427678528, 0.771417098928527], "k_pid_vsp": [40.97705214100111, 236.16934662807654, 153.1017093091966]}, "datetime": {"datetime": "2025-08-21 09:27:41", "elapsed": 2578.090827226639, "delta": 29.566306114196777}, "costs": {"total_cost": 1260.4665361123218, "time_cost": 150, "final_distance_cost": 84.94341913055558, "oscillation_cost": 136.65119174802192, "completition_cost": 777.7777777777778, "overshoot_cost": 76.20429585634824, "power_cost": 19.416936364746096, "noise_cost": 15.472915234872312, "n_waypoints_completed": 2, "tot_waypoints": 9}}
{"target": -992.4097397742418, "params": {"k_pid_pos": [0.3617526481673666, 0.13577261350624892, 0.7333425622705663], "k_pid_alt": [1.8409731052363252, 0.9577375545597154, 0.3232239547153182], "k_pid_att": [91.26534466153078, 1.270407187983862, 0.9884169100199951], "k_pid_yaw": [0.5, 1e-06, 0.1], "k_pid_hsp": [3.4839948938953706, 0.11299564206498647, 0.4088115477997537], "k_pid_vsp": [369.71183437933075, 29.83790472243337, 76.773079264852]}, "datetime": {"datetime": "2025-08-21 09:28:09", "elapsed": 2605.522791862488, "delta": 27.431964635849}, "costs": {"total_cost": 992.4097397742418, "time_cost": 150, "final_distance_cost": 80.19533110309699, "oscillation_cost": 341.65895695753875, "completition_cost": 333.33333333333337, "overshoot_cost": 48.36748581876883, "power_cost": 21.70080848388672, "noise_cost": 17.153824077617074, "n_waypoints_completed": 6, "tot_waypoints": 9}}
{"target": -1157.8109761377984, "params": {"k_pid_pos": [1.843779252294319, 0.22597574093710882, 0.5006112125958748], "k_pid_alt": [0.025408275633278965, 0.9837009424117802, 0.22076000297428422], "k_pid_att": [99.89366151197603, 2.5554015079757084, 0.536719976954275], "k_pid_yaw": [0.5, 1e-06, 0.1], "k_pid_hsp": [1.4917125847982464, 0.7927790098281324, 0.31127384855461815], "k_pid_vsp": [47.925484233996805, 206.54475804389713, 170.47706039716454]}, "datetime": {"datetime": "2025-08-21 09:28:39", "elapsed": 2635.4631898403168, "delta": 29.94039797782898}, "costs": {"total_cost": 1157.8109761377984, "time_cost": 150, "final_distance_cost": 60.79553089212777, "oscillation_cost": 157.73423645349664, "completition_cost": 666.6666666666667, "overshoot_cost": 74.42971478586117, "power_cost": 26.438832434082034, "noise_cost": 21.745994905563887, "n_waypoints_completed": 3, "tot_waypoints": 9}}
{"target": -1166.4203507383659, "params": {"k_pid_pos": [0.009923857918035574, 0.8492787714311743, 0.6528281195229965], "k_pid_alt": [1.8982599022679498, 0.11032366088404255, 0.3071934822096999], "k_pid_att": [23.1111349235984, 9.653246572289227, 0.9114157580396197], "k_pid_yaw": [0.5, 1e-06, 0.1], "k_pid_hsp": [2.011593556017972, 0.6065055728444927, 0.7883744823951012], "k_pid_vsp": [282.5622853844616, 9.901801002338143, 78.95924608916303]}, "datetime": {"datetime": "2025-08-21 09:29:07", "elapsed": 2664.032433986664, "delta": 28.569244146347046}, "costs": {"total_cost": 1166.4203507383659, "time_cost": 150, "final_distance_cost": 57.76572872427336, "oscillation_cost": 187.43137220945854, "completition_cost": 666.6666666666667, "overshoot_cost": 76.61932307985658, "power_cost": 15.80818602294922, "noise_cost": 12.129074035161393, "n_waypoints_completed": 3, "tot_waypoints": 9}}
