{"target": -464.7089114124355, "params": {"k_pid_pos": [0.5993360940568742, 0.117172758316092, 0.3448188228964426], "k_pid_alt": [1.9674882514012384, 0.0, 1.0], "k_pid_att": [38.4329216741472, 6.827200067068158, 0.0], "k_pid_yaw": [0.5, 1e-06, 0.1], "k_pid_hsp": [6.330744205424555, 0.5382608033146943, 0.7724431648353353], "k_pid_vsp": [181.39648751905554, 201.1547574626014, 104.78157945783661]}, "datetime": {"datetime": "2025-08-21 18:42:44", "elapsed": 35880.81854939461, "delta": 36.15881299972534}, "costs": {"total_cost": 464.7089114124355, "time_cost": 96.152, "final_distance_cost": 1.8340680392128483, "oscillation_cost": 275.9182320351101, "completition_cost": 0.0, "overshoot_cost": 52.76422892935784, "power_cost": 20.674143005371096, "noise_cost": 17.36623940338357, "n_waypoints_completed": 9, "tot_waypoints": 9}}
{"target": -842.5309052808662, "params": {"k_pid_pos": [1.246072927307328, 0.4644668520339227, 0.6500244179538017], "k_pid_alt": [0.9987909466742555, 0.08094316270018564, 0.2343858982496182], "k_pid_att": [39.13678398753893, 2.0884008304251256, 0.2744506120381561], "k_pid_yaw": [0.5, 1e-06, 0.1], "k_pid_hsp": [5.159816351024838, 0.21391863367364128, 0.5395629209844937], "k_pid_vsp": [182.57815602967565, 197.81438570476197, 95.134299047186]}, "datetime": {"datetime": "2025-08-21 18:43:24", "elapsed": 35921.1266438961, "delta": 40.30809450149536}, "costs": {"total_cost": 842.5309052808662, "time_cost": 150, "final_distance_cost": 65.42034740873112, "oscillation_cost": 318.6305313462683, "completition_cost": 222.2222222222222, "overshoot_cost": 45.711678746416, "power_cost": 23.738555700683595, "noise_cost": 16.80756985654513, "n_waypoints_completed": 7, "tot_waypoints": 9}}
{"target": -698.9965215896381, "params": {"k_pid_pos": [0.6476744631041238, 0.0, 0.0], "k_pid_alt": [1.2448134598880223, 0.3415443270539957, 0.0], "k_pid_att": [56.45066620006635, 0.0001, 1.0], "k_pid_yaw": [0.5, 1e-06, 0.1], "k_pid_hsp": [6.13021274743842, 1.0, 0.0], "k_pid_vsp": [269.5951699072448, 284.4732854871849, 226.13957573185357]}, "datetime": {"datetime": "2025-08-21 18:44:01", "elapsed": 35957.942135095596, "delta": 36.81549119949341}, "costs": {"total_cost": 698.9965215896381, "time_cost": 150, "final_distance_cost": 66.7394984870987, "oscillation_cost": 43.62826579303447, "completition_cost": 333.33333333333337, "overshoot_cost": 56.52452499175159, "power_cost": 29.005197082519533, "noise_cost": 19.76570190190034, "n_waypoints_completed": 6, "tot_waypoints": 9}}
{"target": -942.8750362902115, "params": {"k_pid_pos": [0.4831049976974516, 0.4103856548135522, 0.5477346829949081], "k_pid_alt": [0.9735632869372456, 0.7107354278228046, 0.612083004430216], "k_pid_att": [8.536131747127937, 9.63141650703871, 0.6872100158134288], "k_pid_yaw": [0.5, 1e-06, 0.1], "k_pid_hsp": [3.4163808016594883, 0.5858157046178977, 0.11147203646683293], "k_pid_vsp": [337.87335777309954, 345.16169920249024, 352.4634200581286]}, "datetime": {"datetime": "2025-08-21 18:44:45", "elapsed": 36002.215769052505, "delta": 44.27363395690918}, "costs": {"total_cost": 942.8750362902115, "time_cost": 150, "final_distance_cost": 52.844205340804095, "oscillation_cost": 98.31467643133152, "completition_cost": 555.5555555555555, "overshoot_cost": 53.414903063291305, "power_cost": 18.441848986816407, "noise_cost": 14.303846912412746, "n_waypoints_completed": 4, "tot_waypoints": 9}}
{"target": -667.7381873892544, "params": {"k_pid_pos": [0.7786039626346695, 0.7815229956411431, 0.0], "k_pid_alt": [1.624720743864459, 0.7870361867721591, 0.0795719456606866], "k_pid_att": [59.077293746976906, 10.0, 1.0], "k_pid_yaw": [0.5, 1e-06, 0.1], "k_pid_hsp": [10.0, 0.9154482801508003, 1.0], "k_pid_vsp": [305.0338238875668, 352.75350715415914, 49.786255926786346]}, "datetime": {"datetime": "2025-08-21 18:45:29", "elapsed": 36046.284507751465, "delta": 44.06873869895935}, "costs": {"total_cost": 667.7381873892544, "time_cost": 150, "final_distance_cost": 75.48180321327123, "oscillation_cost": 130.46748802886106, "completition_cost": 222.2222222222222, "overshoot_cost": 59.39242977574615, "power_cost": 17.064855334472657, "noise_cost": 13.109388814681235, "n_waypoints_completed": 7, "tot_waypoints": 9}}
{"target": -223.32375878298663, "params": {"k_pid_pos": [1.6919498149414134, 0.3578338357483312, 0.0], "k_pid_alt": [1.1733710857722737, 0.0, 0.40872496235836264], "k_pid_att": [7.442907882204565, 2.9978728978077522, 0.7310818992819788], "k_pid_yaw": [0.5, 1e-06, 0.1], "k_pid_hsp": [2.4518473541494794, 0.46767224543106617, 0.0], "k_pid_vsp": [50.96451100266908, 229.64575959586458, 88.03039228148998]}, "datetime": {"datetime": "2025-08-21 18:46:05", "elapsed": 36082.3158018589, "delta": 36.031294107437134}, "costs": {"total_cost": 223.32375878298663, "time_cost": 81.328, "final_distance_cost": 1.8272497174765885, "oscillation_cost": 54.1747987066318, "completition_cost": 0.0, "overshoot_cost": 54.63465504754904, "power_cost": 17.512716528320315, "noise_cost": 13.84633878300889, "n_waypoints_completed": 9, "tot_waypoints": 9}}
{"target": -597.5886041556248, "params": {"k_pid_pos": [1.5901726714369977, 0.5193720120869448, 0.165032864284416], "k_pid_alt": [1.0526381107791902, 0.13872795496052515, 0.2578578197199851], "k_pid_att": [55.80706202377679, 3.326039423767013, 0.792016508077213], "k_pid_yaw": [0.5, 1e-06, 0.1], "k_pid_hsp": [4.116984238280571, 0.6986712383931752, 0.5831102289134952], "k_pid_vsp": [310.92776556060005, 42.343433528101784, 12.644535102964266]}, "datetime": {"datetime": "2025-08-21 18:46:41", "elapsed": 36118.031311035156, "delta": 35.71550917625427}, "costs": {"total_cost": 597.5886041556248, "time_cost": 150, "final_distance_cost": 65.32699960064893, "oscillation_cost": 181.9202458157026, "completition_cost": 111.11111111111116, "overshoot_cost": 48.18804852024595, "power_cost": 23.657625048828127, "noise_cost": 17.3845740590881, "n_waypoints_completed": 8, "tot_waypoints": 9}}
{"target": -461.06316355901185, "params": {"k_pid_pos": [2.0, 0.5678135602278127, 0.0], "k_pid_alt": [1.5462166521841216, 0.0, 0.0], "k_pid_att": [11.676396311113066, 2.9660771701102266, 0.6445767188586475], "k_pid_yaw": [0.5, 1e-06, 0.1], "k_pid_hsp": [0.2180525107130569, 0.14800396577169822, 0.0], "k_pid_vsp": [50.850606240503076, 232.11953062699487, 85.32845998256415]}, "datetime": {"datetime": "2025-08-21 18:47:21", "elapsed": 36158.11133098602, "delta": 40.0800199508667}, "costs": {"total_cost": 461.06316355901185, "time_cost": 150, "final_distance_cost": 31.851081555781555, "oscillation_cost": 60.546642098816015, "completition_cost": 111.11111111111116, "overshoot_cost": 67.15887140993587, "power_cost": 23.875358117675784, "noise_cost": 16.52009926569142, "n_waypoints_completed": 8, "tot_waypoints": 9}}
{"target": -623.4224880038389, "params": {"k_pid_pos": [1.4739593491688119, 0.00043187170878495007, 0.3088354943852469], "k_pid_alt": [0.100200333909273, 0.8771241387347762, 0.5958647909521605], "k_pid_att": [16.0229017382878, 0.00010508108162592979, 0.6520723998942348], "k_pid_yaw": [0.5, 1e-06, 0.1], "k_pid_hsp": [4.08254384134834, 0.12255136398017397, 0.3556676584693843], "k_pid_vsp": [332.45192645094374, 326.8642364708474, 19.593995250197484]}, "datetime": {"datetime": "2025-08-21 18:47:54", "elapsed": 36190.96705079079, "delta": 32.855719804763794}, "costs": {"total_cost": 623.4224880038389, "time_cost": 150, "final_distance_cost": 45.390328672784925, "oscillation_cost": 215.00408315464415, "completition_cost": 111.11111111111116, "overshoot_cost": 62.26356462386268, "power_cost": 23.02767752685547, "noise_cost": 16.62572291458059, "n_waypoints_completed": 8, "tot_waypoints": 9}}
{"target": -215.02365343755378, "params": {"k_pid_pos": [2.0, 0.2717260937003099, 0.0], "k_pid_alt": [0.8201686212587715, 0.0, 0.8937968957268928], "k_pid_att": [10.832091057773075, 1.6661516245661918, 0.992715140327899], "k_pid_yaw": [0.5, 1e-06, 0.1], "k_pid_hsp": [7.11455612071227, 0.6560179847578894, 0.0], "k_pid_vsp": [50.978697156655294, 230.75475825388972, 87.41095329058784]}, "datetime": {"datetime": "2025-08-21 18:48:36", "elapsed": 36233.289140701294, "delta": 42.3220899105072}, "costs": {"total_cost": 215.02365343755378, "time_cost": 82.0, "final_distance_cost": 1.843160303068995, "oscillation_cost": 54.476973215631425, "completition_cost": 0.0, "overshoot_cost": 52.439728385037796, "power_cost": 13.618314562988282, "noise_cost": 10.645476970827263, "n_waypoints_completed": 9, "tot_waypoints": 9}}
{"target": -1187.1953668754386, "params": {"k_pid_pos": [0.7850082675425963, 0.0, 0.0], "k_pid_alt": [1.1071375410639885, 0.5335913972675972, 0.30780195800121685], "k_pid_att": [12.592619597732114, 9.981022606723577, 0.404827034780016], "k_pid_yaw": [0.5, 1e-06, 0.1], "k_pid_hsp": [3.577628979781321, 0.5909487422556511, 0.29494434172255746], "k_pid_vsp": [345.5487419347356, 351.125885729549, 358.8286480903792]}, "datetime": {"datetime": "2025-08-21 18:49:14", "elapsed": 36270.93355298042, "delta": 37.64441227912903}, "costs": {"total_cost": 1187.1953668754386, "time_cost": 150, "final_distance_cost": 37.77967139477504, "oscillation_cost": 290.4747472727775, "completition_cost": 555.5555555555555, "overshoot_cost": 74.92920893546281, "power_cost": 30.022117285156252, "noise_cost": 48.43406643171127, "n_waypoints_completed": 4, "tot_waypoints": 9}}
{"target": -726.3211636072475, "params": {"k_pid_pos": [1.4808500053995923, 0.6876138569809148, 0.7814760436008881], "k_pid_alt": [1.3889085527595102, 0.15723182317960308, 0.4872494053616697], "k_pid_att": [49.714241861543705, 2.745126505601527, 0.22046737379215442], "k_pid_yaw": [0.5, 1e-06, 0.1], "k_pid_hsp": [2.867306554153669, 0.6588806028152879, 0.4206999148948251], "k_pid_vsp": [205.53934004073378, 235.7925909189249, 127.74400278198392]}, "datetime": {"datetime": "2025-08-21 18:49:50", "elapsed": 36306.68585920334, "delta": 35.75230622291565}, "costs": {"total_cost": 726.3211636072475, "time_cost": 150, "final_distance_cost": 67.69600032404225, "oscillation_cost": 199.8325228586765, "completition_cost": 222.2222222222222, "overshoot_cost": 44.67251242620869, "power_cost": 24.582079248046877, "noise_cost": 17.315826528051055, "n_waypoints_completed": 7, "tot_waypoints": 9}}
{"target": -367.2792370621826, "params": {"k_pid_pos": [1.6112571864657717, 0.5879514593401572, 0.2296433070768571], "k_pid_alt": [0.5884805666324, 0.14731822824504767, 0.594010625520773], "k_pid_att": [19.49958282774797, 2.9180359588544538, 0.9425350246056692], "k_pid_yaw": [0.5, 1e-06, 0.1], "k_pid_hsp": [5.602141692386379, 0.7501441491662045, 0.8642988960390976], "k_pid_vsp": [225.96647146446412, 394.1393801539676, 185.80603630536515]}, "datetime": {"datetime": "2025-08-21 18:50:27", "elapsed": 36344.26318693161, "delta": 37.577327728271484}, "costs": {"total_cost": 367.2792370621826, "time_cost": 98.48, "final_distance_cost": 1.7861386333956668, "oscillation_cost": 169.01026725527137, "completition_cost": 0.0, "overshoot_cost": 59.678600517801286, "power_cost": 22.343953479003908, "noise_cost": 15.980277176710311, "n_waypoints_completed": 9, "tot_waypoints": 9}}
{"target": -433.2933785461343, "params": {"k_pid_pos": [1.4932751057144276, 0.9950367978565113, 0.8429424770057252], "k_pid_alt": [1.1871343397040435, 0.803292910090158, 0.07445629149420063], "k_pid_att": [55.625849267812335, 3.962570268402076, 0.7845277196808366], "k_pid_yaw": [0.5, 1e-06, 0.1], "k_pid_hsp": [3.2620130428309584, 0.012191270710745994, 0.16498417106085883], "k_pid_vsp": [366.31810588990265, 212.27073365967348, 29.181032931116274]}, "datetime": {"datetime": "2025-08-21 18:51:07", "elapsed": 36384.434525966644, "delta": 40.17133903503418}, "costs": {"total_cost": 433.2933785461343, "time_cost": 97.56, "final_distance_cost": 1.7542001392714315, "oscillation_cost": 245.2836331925896, "completition_cost": 0.0, "overshoot_cost": 54.47671822674168, "power_cost": 18.557999426269532, "noise_cost": 15.660827561262066, "n_waypoints_completed": 9, "tot_waypoints": 9}}
{"target": -463.64102418728703, "params": {"k_pid_pos": [1.3673936170602936, 0.534703169994761, 0.6606614211646689], "k_pid_alt": [1.684583953202956, 0.7893188430109418, 0.72977308585977], "k_pid_att": [97.09110375147449, 2.032020801597199, 0.19328920919562406], "k_pid_yaw": [0.5, 1e-06, 0.1], "k_pid_hsp": [2.980588746490426, 0.21286943138481856, 0.08041082232923273], "k_pid_vsp": [334.8158043916962, 292.8437580786498, 32.07029956801887]}, "datetime": {"datetime": "2025-08-21 18:51:50", "elapsed": 36426.83287525177, "delta": 42.39834928512573}, "costs": {"total_cost": 463.64102418728703, "time_cost": 99.872, "final_distance_cost": 1.762001923844989, "oscillation_cost": 257.33920501688414, "completition_cost": 0.0, "overshoot_cost": 61.69744606925945, "power_cost": 24.553127050781253, "noise_cost": 18.417244126517154, "n_waypoints_completed": 9, "tot_waypoints": 9}}
{"target": -804.5278833091693, "params": {"k_pid_pos": [0.2426742457966014, 0.102882847700418, 0.8669145277623108], "k_pid_alt": [1.8419465308816578, 0.7472956260090609, 0.6019419860396674], "k_pid_att": [11.477798789099836, 0.060649641452073154, 0.8308083149063793], "k_pid_yaw": [0.5, 1e-06, 0.1], "k_pid_hsp": [8.428106214383094, 0.956224827685944, 0.060115881127644655], "k_pid_vsp": [14.957619203938588, 222.8349149715812, 29.09576283785233]}, "datetime": {"datetime": "2025-08-21 18:52:27", "elapsed": 36463.78549003601, "delta": 36.95261478424072}, "costs": {"total_cost": 804.5278833091693, "time_cost": 150, "final_distance_cost": 49.06455158380301, "oscillation_cost": 75.9976161915662, "completition_cost": 444.4444444444444, "overshoot_cost": 52.54569338074131, "power_cost": 17.952380285644534, "noise_cost": 14.523197422969812, "n_waypoints_completed": 5, "tot_waypoints": 9}}
{"target": -1646.4680571766178, "params": {"k_pid_pos": [0.0001, 0.028095404284375312, 1.0], "k_pid_alt": [0.2315655298736305, 0.12445856965544264, 1.609795085781333e-06], "k_pid_att": [17.212917607944433, 8.089251651852148, 0.0020322339594187637], "k_pid_yaw": [0.5, 1e-06, 0.1], "k_pid_hsp": [2.1452735190668584, 0.0, 0.05959850282233111], "k_pid_vsp": [225.43811450559025, 394.0502656764621, 186.15159873447627]}, "datetime": {"datetime": "2025-08-21 18:53:00", "elapsed": 36497.15493774414, "delta": 33.36944770812988}, "costs": {"total_cost": 1646.4680571766178, "time_cost": 150, "final_distance_cost": 44.567227579164, "oscillation_cost": 444.38148429280625, "completition_cost": 888.8888888888888, "overshoot_cost": 83.47964494333621, "power_cost": 20.18742781982422, "noise_cost": 14.963383652598289, "n_waypoints_completed": 1, "tot_waypoints": 9}}
{"target": -465.9095362706701, "params": {"k_pid_pos": [1.626223572381598, 0.5592926996458512, 0.5950142476179678], "k_pid_alt": [0.7213650118794176, 0.3406138382123857, 0.4479055021681997], "k_pid_att": [51.47148325578038, 8.936997922186825, 0.388625442727413], "k_pid_yaw": [0.5, 1e-06, 0.1], "k_pid_hsp": [6.612081583553717, 0.48915907070402265, 0.23849253991090286], "k_pid_vsp": [393.0344705505743, 114.74591780356364, 87.75677433868121]}, "datetime": {"datetime": "2025-08-21 18:53:35", "elapsed": 36532.197308301926, "delta": 35.042370557785034}, "costs": {"total_cost": 465.9095362706701, "time_cost": 98.872, "final_distance_cost": 1.7721719848791933, "oscillation_cost": 268.3341433573279, "completition_cost": 0.0, "overshoot_cost": 54.264616151096526, "power_cost": 24.454588525390626, "noise_cost": 18.212016251975836, "n_waypoints_completed": 9, "tot_waypoints": 9}}
{"target": -915.4890920846487, "params": {"k_pid_pos": [0.6846069870988318, 0.3881554855643586, 0.22138233506787938], "k_pid_alt": [1.900953591399553, 0.2761290109230279, 0.5270600895502562], "k_pid_att": [64.43117200516186, 3.007471154370851, 0.10922294792252532], "k_pid_yaw": [0.5, 1e-06, 0.1], "k_pid_hsp": [2.8398710506155984, 0.4856196036231467, 0.33779481624203883], "k_pid_vsp": [200.91398679094868, 45.638271601327425, 41.09984687970785]}, "datetime": {"datetime": "2025-08-21 18:54:17", "elapsed": 36574.2939620018, "delta": 42.09665369987488}, "costs": {"total_cost": 915.4890920846487, "time_cost": 150, "final_distance_cost": 68.7955967550807, "oscillation_cost": 280.84776008217915, "completition_cost": 333.33333333333337, "overshoot_cost": 41.01064217265437, "power_cost": 24.04274189453125, "noise_cost": 17.45901784686994, "n_waypoints_completed": 6, "tot_waypoints": 9}}
{"target": -1927.4442954399178, "params": {"k_pid_pos": [2.0, 0.9650797513972709, 1.0], "k_pid_alt": [0.6977808688509538, 0.11499972251887627, 0.7608707225417366], "k_pid_att": [0.8638435318482185, 6.752520930621348, 0.03641478347757603], "k_pid_yaw": [0.5, 1e-06, 0.1], "k_pid_hsp": [7.538883798084754, 0.31129983308834036, 0.0], "k_pid_vsp": [47.969660974426134, 97.38701114073149, 36.57255184202438]}, "datetime": {"datetime": "2025-08-21 18:54:59", "elapsed": 36615.451291799545, "delta": 41.15732979774475}, "costs": {"total_cost": 1927.4442954399178, "time_cost": 150, "final_distance_cost": 7.405087432648196, "oscillation_cost": 515.2965026323575, "completition_cost": 1000.0, "overshoot_cost": 133.03008439460595, "power_cost": 34.96538309326172, "noise_cost": 86.74723788704421, "n_waypoints_completed": 0, "tot_waypoints": 9}}
{"target": -483.0065238929774, "params": {"k_pid_pos": [1.207375664698942, 0.0009280088497651218, 0.5332331234384787], "k_pid_alt": [1.9104954525961595, 0.09753322892312496, 0.5389060666298703], "k_pid_att": [61.084417454213515, 6.5215658521119, 0.15703906831283232], "k_pid_yaw": [0.5, 1e-06, 0.1], "k_pid_hsp": [6.681170187169689, 0.5081059084366338, 0.43911379440524906], "k_pid_vsp": [119.00684977269903, 144.18531474286797, 124.4191196134876]}, "datetime": {"datetime": "2025-08-21 18:55:37", "elapsed": 36654.1682035923, "delta": 38.71691179275513}, "costs": {"total_cost": 483.0065238929774, "time_cost": 94.248, "final_distance_cost": 1.7822313470857676, "oscillation_cost": 288.9018559194649, "completition_cost": 0.0, "overshoot_cost": 55.624670477928206, "power_cost": 24.54167286376953, "noise_cost": 17.908093284729055, "n_waypoints_completed": 9, "tot_waypoints": 9}}
{"target": -682.2834643525728, "params": {"k_pid_pos": [0.5056260858607884, 0.5020354936601888, 0.5112676539551281], "k_pid_alt": [0.8473858665549814, 0.7938693843497004, 0.9140177739008125], "k_pid_att": [33.423781556110676, 3.234134882529417, 0.12987636288243287], "k_pid_yaw": [0.5, 1e-06, 0.1], "k_pid_hsp": [3.393971891216358, 0.5831392521040217, 0.02773332008907381], "k_pid_vsp": [149.0325662755433, 20.881491456381372, 1.3767752797435422]}, "datetime": {"datetime": "2025-08-21 18:56:16", "elapsed": 36692.69096517563, "delta": 38.52276158332825}, "costs": {"total_cost": 682.2834643525728, "time_cost": 150, "final_distance_cost": 63.28953542058166, "oscillation_cost": 165.18457308709787, "completition_cost": 222.2222222222222, "overshoot_cost": 48.729167561330435, "power_cost": 17.247668908691406, "noise_cost": 15.61029715264922, "n_waypoints_completed": 7, "tot_waypoints": 9}}
{"target": -1002.2016868199828, "params": {"k_pid_pos": [1.2630333482327423, 0.8827339063066085, 0.03570215172194613], "k_pid_alt": [0.7995078428728124, 0.7099918655183823, 0.9067408777764449], "k_pid_att": [55.860813141980984, 6.484527922913313, 0.21970632661928924], "k_pid_yaw": [0.5, 1e-06, 0.1], "k_pid_hsp": [6.373795735351466, 0.9448547351160949, 0.6754170704369334], "k_pid_vsp": [391.6835907842527, 167.2136732359416, 190.80140627617695]}, "datetime": {"datetime": "2025-08-21 18:56:54", "elapsed": 36730.5599732399, "delta": 37.86900806427002}, "costs": {"total_cost": 1002.2016868199828, "time_cost": 150, "final_distance_cost": 49.30794239589571, "oscillation_cost": 141.571595617571, "completition_cost": 555.5555555555555, "overshoot_cost": 64.33971728482817, "power_cost": 23.483487023925782, "noise_cost": 17.943388942206656, "n_waypoints_completed": 4, "tot_waypoints": 9}}
{"target": -612.115827999584, "params": {"k_pid_pos": [1.4866616733481495, 0.7894002094549548, 0.6374225960102721], "k_pid_alt": [1.1713210515880725, 0.08328603450339456, 0.4758373973149388], "k_pid_att": [89.78077832080727, 2.741920862187486, 0.9767168167474849], "k_pid_yaw": [0.5, 1e-06, 0.1], "k_pid_hsp": [2.9141852028384467, 0.5944755504774584, 0.2833363403151141], "k_pid_vsp": [337.1552393439406, 294.9747668758621, 41.38169257705759]}, "datetime": {"datetime": "2025-08-21 18:57:36", "elapsed": 36772.75309729576, "delta": 42.19312405586243}, "costs": {"total_cost": 612.115827999584, "time_cost": 150, "final_distance_cost": 56.630339624684346, "oscillation_cost": 210.0015070061815, "completition_cost": 111.11111111111116, "overshoot_cost": 47.54733026643063, "power_cost": 21.058316918945312, "noise_cost": 15.767223072230879, "n_waypoints_completed": 8, "tot_waypoints": 9}}
{"target": -395.7900749393411, "params": {"k_pid_pos": [1.6746170328057146, 0.1833748233850156, 0.4792926144194955], "k_pid_alt": [1.758680662076712, 0.22469090378803508, 0.4682824636956107], "k_pid_att": [36.835783350527024, 2.669942555765477, 0.15341880206741804], "k_pid_yaw": [0.5, 1e-06, 0.1], "k_pid_hsp": [4.895615517902798, 0.24996978267031805, 0.5938170036227293], "k_pid_vsp": [233.17244045990282, 319.7006951507214, 9.794098001630156]}, "datetime": {"datetime": "2025-08-21 18:58:11", "elapsed": 36807.51384782791, "delta": 34.76075053215027}, "costs": {"total_cost": 395.7900749393411, "time_cost": 93.96000000000001, "final_distance_cost": 1.7303000624798683, "oscillation_cost": 219.47323549632088, "completition_cost": 0.0, "overshoot_cost": 50.78775482222431, "power_cost": 15.871291943359376, "noise_cost": 13.967492614956678, "n_waypoints_completed": 9, "tot_waypoints": 9}}
