{"target": -912.0253607238029, "params": {"k_pid_pos": [1.865172635144714, 0.2519986093395532, 0.03344277394053419], "k_pid_alt": [0.4496958309258683, 0.969492400516764, 0.010412348780285519], "k_pid_att": [41.703323056566624, 5.570316052437795, 0.5548173130455324], "k_pid_yaw": [0.5, 1e-06, 0.1], "k_pid_hsp": [1.0155512890587357, 0.4497222861289095, 0.8298893764662018], "k_pid_vsp": [273.9746295735617, 93.76292051276045, 18.610317929653974]}, "datetime": {"datetime": "2025-08-21 14:01:42", "elapsed": 19019.320915460587, "delta": 27.245991706848145}, "costs": {"total_cost": 912.0253607238029, "time_cost": 150, "final_distance_cost": 40.800281036791134, "oscillation_cost": 169.15801593674098, "completition_cost": 444.4444444444444, "overshoot_cost": 64.67274854786176, "power_cost": 25.13212244873047, "noise_cost": 17.81774830923419, "n_waypoints_completed": 5, "tot_waypoints": 9}}
{"target": -1614.859282755282, "params": {"k_pid_pos": [1.9593387690837867, 0.3290476462983687, 0.5813049269686498], "k_pid_alt": [1.744479067891587, 0.501748382542956, 0.7219684796415542], "k_pid_att": [38.746512014363255, 7.461777145964836, 0.3954071271395009], "k_pid_yaw": [0.5, 1e-06, 0.1], "k_pid_hsp": [3.4168009668025854, 0.10569643778077775, 0.5088723271076656], "k_pid_vsp": [222.3886671870805, 0.016971604536876263, 366.4398847582009]}, "datetime": {"datetime": "2025-08-21 14:02:07", "elapsed": 19044.282068490982, "delta": 24.961153030395508}, "costs": {"total_cost": 1614.859282755282, "time_cost": 150, "final_distance_cost": 68.64516845944208, "oscillation_cost": 378.038739568542, "completition_cost": 888.8888888888888, "overshoot_cost": 81.44588891532818, "power_cost": 22.174318774414065, "noise_cost": 25.66627814866689, "n_waypoints_completed": 1, "tot_waypoints": 9}}
{"target": -1536.2787854981054, "params": {"k_pid_pos": [1.6283671627862797, 0.4308797694782661, 0.6087936238952086], "k_pid_alt": [0.9353913066530251, 0.3618519530432083, 0.9407561112652397], "k_pid_att": [19.89892829273584, 6.153416818054357, 0.702660741030576], "k_pid_yaw": [0.5, 1e-06, 0.1], "k_pid_hsp": [5.802706124049129, 0.40432251079403203, 0.3254892492970799], "k_pid_vsp": [300.5155265880142, 115.96935395065259, 237.712262052479]}, "datetime": {"datetime": "2025-08-21 14:02:33", "elapsed": 19069.596471071243, "delta": 25.31440258026123}, "costs": {"total_cost": 1536.2787854981054, "time_cost": 150, "final_distance_cost": 78.48125891051585, "oscillation_cost": 337.524381565311, "completition_cost": 777.7777777777778, "overshoot_cost": 115.74476983439897, "power_cost": 31.1044759765625, "noise_cost": 45.64612143353929, "n_waypoints_completed": 2, "tot_waypoints": 9}}
{"target": -385.3914468370222, "params": {"k_pid_pos": [1.0570187912770337, 0.7835499247960107, 0.9715405175161902], "k_pid_alt": [0.5983889509028828, 0.7454489944778618, 0.8651655348395791], "k_pid_att": [54.19926968588623, 4.968272202737447, 0.4087006092803569], "k_pid_yaw": [0.5, 1e-06, 0.1], "k_pid_hsp": [5.016960004537967, 0.5171907939432405, 0.1901816943294371], "k_pid_vsp": [305.7439585544584, 43.317458378303364, 7.35302878845132]}, "datetime": {"datetime": "2025-08-21 14:02:57", "elapsed": 19094.168922185898, "delta": 24.57245111465454}, "costs": {"total_cost": 385.3914468370222, "time_cost": 98.60000000000001, "final_distance_cost": 1.7331883440679747, "oscillation_cost": 188.11147809085142, "completition_cost": 0.0, "overshoot_cost": 58.06206835805274, "power_cost": 21.793527380371096, "noise_cost": 17.09118466367905, "n_waypoints_completed": 9, "tot_waypoints": 9}}
{"target": -1555.6038012876804, "params": {"k_pid_pos": [1.6101233434701319, 0.2677919869585905, 0.04994538645921809], "k_pid_alt": [0.540392620513513, 0.22817715588920695, 0.8168027600961303], "k_pid_att": [7.176205539104763, 7.117036785772365, 0.029671251252350705], "k_pid_yaw": [0.5, 1e-06, 0.1], "k_pid_hsp": [6.417267999660994, 0.369690501913004, 0.5520406348829482], "k_pid_vsp": [82.59215490747192, 161.14051326168595, 367.73701146374304]}, "datetime": {"datetime": "2025-08-21 14:03:23", "elapsed": 19119.48389172554, "delta": 25.314969539642334}, "costs": {"total_cost": 1555.6038012876804, "time_cost": 150, "final_distance_cost": 70.53235376494302, "oscillation_cost": 343.38768049314564, "completition_cost": 777.7777777777778, "overshoot_cost": 134.6837894379944, "power_cost": 24.067210009765628, "noise_cost": 55.15498980405385, "n_waypoints_completed": 2, "tot_waypoints": 9}}
{"target": -871.0253739868068, "params": {"k_pid_pos": [1.1366310685280503, 0.2756629337471477, 0.582789187337975], "k_pid_alt": [0.9369542992086415, 0.0716736702719688, 0.8170181024006723], "k_pid_att": [15.13654061279378, 8.460003581017357, 0.6067042552967281], "k_pid_yaw": [0.5, 1e-06, 0.1], "k_pid_hsp": [7.840922439586234, 0.13185984253074512, 0.10990467054005959], "k_pid_vsp": [208.81770226987751, 211.1297155619738, 36.221848298105655]}, "datetime": {"datetime": "2025-08-21 14:03:48", "elapsed": 19144.955693244934, "delta": 25.47180151939392}, "costs": {"total_cost": 871.0253739868068, "time_cost": 150, "final_distance_cost": 73.6606337606537, "oscillation_cost": 230.22246090087276, "completition_cost": 333.33333333333337, "overshoot_cost": 41.63091539738451, "power_cost": 24.747370532226565, "noise_cost": 17.430660062336, "n_waypoints_completed": 6, "tot_waypoints": 9}}
{"target": -1338.9531757575264, "params": {"k_pid_pos": [0.47517348033021106, 0.7934666856927101, 0.5975244067544915], "k_pid_alt": [0.6375524944175934, 0.9552913153896818, 0.7400458860870781], "k_pid_att": [88.8476845129411, 0.42281509328266026, 0.03394446095774717], "k_pid_yaw": [0.5, 1e-06, 0.1], "k_pid_hsp": [0.420489612412901, 0.32683515557361, 0.25113088610876244], "k_pid_vsp": [181.83449720521955, 297.37643162047743, 109.3385410920489]}, "datetime": {"datetime": "2025-08-21 14:04:16", "elapsed": 19173.32203912735, "delta": 28.36634588241577}, "costs": {"total_cost": 1338.9531757575264, "time_cost": 150, "final_distance_cost": 91.51993251609908, "oscillation_cost": 233.04192348427344, "completition_cost": 777.7777777777778, "overshoot_cost": 49.583432236217135, "power_cost": 21.246079711914064, "noise_cost": 15.784030031245095, "n_waypoints_completed": 2, "tot_waypoints": 9}}
{"target": -1709.0998989184277, "params": {"k_pid_pos": [1.8145290812605945, 0.6679627037058203, 0.755786079641233], "k_pid_alt": [0.4718521548780379, 0.3076763624489375, 0.5401680405761438], "k_pid_att": [49.404547953095225, 4.9693012345161245, 0.8746631904417087], "k_pid_yaw": [0.5, 1e-06, 0.1], "k_pid_hsp": [2.209800774797776, 0.6223508815842612, 0.3756023475914769], "k_pid_vsp": [54.28686692308244, 43.5074637659483, 356.09348677708635]}, "datetime": {"datetime": "2025-08-21 14:04:47", "elapsed": 19203.54667377472, "delta": 30.224634647369385}, "costs": {"total_cost": 1709.0998989184277, "time_cost": 150, "final_distance_cost": 1.0168158538195518, "oscillation_cost": 334.73357039896234, "completition_cost": 1000.0, "overshoot_cost": 135.74521410955947, "power_cost": 20.12914149169922, "noise_cost": 67.47515706438678, "n_waypoints_completed": 0, "tot_waypoints": 9}}
{"target": -985.1947271543223, "params": {"k_pid_pos": [1.2312525838366404, 0.2825234155139238, 0.1526652779566583], "k_pid_alt": [1.765031072419455, 0.27966900563531893, 0.4313759355507475], "k_pid_att": [99.82400884808143, 1.0851233895835213, 0.20537979610343304], "k_pid_yaw": [0.5, 1e-06, 0.1], "k_pid_hsp": [0.398701590659981, 0.74336502420666, 0.2630986906317643], "k_pid_vsp": [291.20880556142754, 114.8521113346876, 230.87137188965505]}, "datetime": {"datetime": "2025-08-21 14:05:14", "elapsed": 19230.75603222847, "delta": 27.20935845375061}, "costs": {"total_cost": 985.1947271543223, "time_cost": 150, "final_distance_cost": 52.600481506634324, "oscillation_cost": 118.31329160801141, "completition_cost": 555.5555555555555, "overshoot_cost": 69.75337371338145, "power_cost": 22.636719787597656, "noise_cost": 16.33530498314177, "n_waypoints_completed": 4, "tot_waypoints": 9}}
{"target": -409.75669231044463, "params": {"k_pid_pos": [1.6312890577140382, 0.3025780700573788, 0.13569280515223592], "k_pid_alt": [1.3061229710765345, 0.5630760820079667, 0.8121474867396685], "k_pid_att": [61.85156736405373, 4.1135826951448164, 0.8584221207450536], "k_pid_yaw": [0.5, 1e-06, 0.1], "k_pid_hsp": [8.74137450323774, 0.8292745141769433, 0.2734531150376803], "k_pid_vsp": [348.1344731371386, 18.184336152746067, 241.31557678566188]}, "datetime": {"datetime": "2025-08-21 14:05:39", "elapsed": 19255.50664114952, "delta": 24.750608921051025}, "costs": {"total_cost": 409.75669231044463, "time_cost": 96.328, "final_distance_cost": 1.7457231258736483, "oscillation_cost": 209.7321024538796, "completition_cost": 0.0, "overshoot_cost": 62.180419615752626, "power_cost": 21.859445166015625, "noise_cost": 17.91100194892312, "n_waypoints_completed": 9, "tot_waypoints": 9}}
{"target": -1850.7082476238938, "params": {"k_pid_pos": [1.6613398022045744, 0.5026614146902146, 0.03029100990391642], "k_pid_alt": [0.7311668230139388, 0.6818751014250366, 0.8987053010309779], "k_pid_att": [3.2179561720714567, 4.663029634633014, 0.7192718517683101], "k_pid_yaw": [0.5, 1e-06, 0.1], "k_pid_hsp": [5.575237381568886, 0.09047895724031485, 0.8118352315878955], "k_pid_vsp": [106.92121959541758, 169.25015933434065, 337.70006423853494]}, "datetime": {"datetime": "2025-08-21 14:06:04", "elapsed": 19280.885719776154, "delta": 25.37907862663269}, "costs": {"total_cost": 1850.7082476238938, "time_cost": 150, "final_distance_cost": 250.27419665865216, "oscillation_cost": 138.817797506126, "completition_cost": 1000.0, "overshoot_cost": 271.6505428338517, "power_cost": 15.88702138671875, "noise_cost": 24.078689238545326, "n_waypoints_completed": 0, "tot_waypoints": 9}}
{"target": -2215.5587590338478, "params": {"k_pid_pos": [1.4463648505686195, 0.6258818355522998, 0.33751193796336554], "k_pid_alt": [1.4188783357562107, 0.8462923576005377, 0.5391319157996244], "k_pid_att": [54.990065585823054, 7.854188404904788, 0.059159143751773446], "k_pid_yaw": [0.5, 1e-06, 0.1], "k_pid_hsp": [4.555489494204258, 0.7823133253939284, 0.6419245438461617], "k_pid_vsp": [7.740288453276012, 147.7209372932239, 283.2898834350762]}, "datetime": {"datetime": "2025-08-21 14:06:29", "elapsed": 19305.95617198944, "delta": 25.070452213287354}, "costs": {"total_cost": 2215.5587590338478, "time_cost": 150, "final_distance_cost": 533.5097644736668, "oscillation_cost": 222.36854081498046, "completition_cost": 777.7777777777778, "overshoot_cost": 493.68070092665613, "power_cost": 19.83798192138672, "noise_cost": 18.38399311937962, "n_waypoints_completed": 2, "tot_waypoints": 9}}
{"target": -644.391909813746, "params": {"k_pid_pos": [1.6065082096001428, 0.9809279985738858, 0.6560928770140514], "k_pid_alt": [1.7293543471527137, 0.5295181500341103, 0.16510798306486796], "k_pid_att": [25.344266071438692, 5.847138874854727, 0.7742652463145153], "k_pid_yaw": [0.5, 1e-06, 0.1], "k_pid_hsp": [7.160685611306874, 0.3272383660520851, 0.023576632584706658], "k_pid_vsp": [174.34499903159963, 177.97239826141782, 139.12918341952783]}, "datetime": {"datetime": "2025-08-21 14:06:54", "elapsed": 19331.26484799385, "delta": 25.30867600440979}, "costs": {"total_cost": 644.391909813746, "time_cost": 150, "final_distance_cost": 78.44267013535848, "oscillation_cost": 105.50004130579482, "completition_cost": 222.2222222222222, "overshoot_cost": 54.61629056141356, "power_cost": 18.272459826660157, "noise_cost": 15.338225762296885, "n_waypoints_completed": 7, "tot_waypoints": 9}}
{"target": -811.6117147369571, "params": {"k_pid_pos": [1.0719479732316568, 0.7391272790919862, 0.9945722059448169], "k_pid_alt": [1.2744964008207385, 0.8272931452978074, 0.19381756670278394], "k_pid_att": [33.92563513203453, 9.699055560163078, 0.04361453576455199], "k_pid_yaw": [0.5, 1e-06, 0.1], "k_pid_hsp": [2.170401356548969, 0.4530467790469175, 0.1514506012220056], "k_pid_vsp": [65.8743688751814, 64.52518475604717, 30.87823257775658]}, "datetime": {"datetime": "2025-08-21 14:07:20", "elapsed": 19356.980684280396, "delta": 25.7158362865448}, "costs": {"total_cost": 811.6117147369571, "time_cost": 150, "final_distance_cost": 66.24339186346538, "oscillation_cost": 287.26249256059157, "completition_cost": 222.2222222222222, "overshoot_cost": 47.02798513685051, "power_cost": 21.700194921875003, "noise_cost": 17.155428031952557, "n_waypoints_completed": 7, "tot_waypoints": 9}}
{"target": -1222.5809826422437, "params": {"k_pid_pos": [1.6483335332362463, 0.022261897019847265, 0.5362387791441563], "k_pid_alt": [1.5252924677562583, 0.2854813593988249, 0.4904956328539386], "k_pid_att": [70.17769742557334, 7.5393201280796385, 0.19658461110643233], "k_pid_yaw": [0.5, 1e-06, 0.1], "k_pid_hsp": [0.47411207579525655, 0.3866382252749645, 0.1842331196004302], "k_pid_vsp": [136.667273719968, 23.873111730507436, 193.08218057548865]}, "datetime": {"datetime": "2025-08-21 14:07:46", "elapsed": 19382.700896024704, "delta": 25.72021174430847}, "costs": {"total_cost": 1222.5809826422437, "time_cost": 150, "final_distance_cost": 54.567415180840115, "oscillation_cost": 255.40266212997693, "completition_cost": 666.6666666666667, "overshoot_cost": 59.58013315007018, "power_cost": 19.93012734375, "noise_cost": 16.433978170939795, "n_waypoints_completed": 3, "tot_waypoints": 9}}
{"target": -836.6783767334975, "params": {"k_pid_pos": [1.1051882696970632, 0.7508435974083391, 0.6570063392878639], "k_pid_alt": [1.8439120365253228, 0.30254439509485176, 0.66027629291435], "k_pid_att": [4.719120134430432, 3.197198595768675, 0.20894175057724096], "k_pid_yaw": [0.5, 1e-06, 0.1], "k_pid_hsp": [6.4443586698619875, 0.5849350132284399, 0.8629228398956326], "k_pid_vsp": [52.02435421051788, 399.77354304437176, 93.17050372353526]}, "datetime": {"datetime": "2025-08-21 14:08:11", "elapsed": 19408.050790309906, "delta": 25.349894285202026}, "costs": {"total_cost": 836.6783767334975, "time_cost": 150, "final_distance_cost": 54.999570426134376, "oscillation_cost": 218.3092045206478, "completition_cost": 333.33333333333337, "overshoot_cost": 43.09958621282017, "power_cost": 21.593391308593752, "noise_cost": 15.343290931968086, "n_waypoints_completed": 6, "tot_waypoints": 9}}
{"target": -1871.6605687862746, "params": {"k_pid_pos": [1.3971312325866778, 0.0847647082597992, 0.2746490000569556], "k_pid_alt": [1.3084087263510649, 0.6233227648567286, 0.23733125635414964], "k_pid_att": [99.02210720293218, 9.761041593456959, 0.6547448111909012], "k_pid_yaw": [0.5, 1e-06, 0.1], "k_pid_hsp": [1.04779103730046, 0.48431752501933767, 0.8327525375451025], "k_pid_vsp": [79.2760501145655, 67.81880560360393, 257.27313365629874]}, "datetime": {"datetime": "2025-08-21 14:08:37", "elapsed": 19433.627550125122, "delta": 25.576759815216064}, "costs": {"total_cost": 1871.6605687862746, "time_cost": 150, "final_distance_cost": 169.7148702128752, "oscillation_cost": 415.760014710699, "completition_cost": 1000.0, "overshoot_cost": 98.77224005443016, "power_cost": 20.82262342529297, "noise_cost": 16.590820382977185, "n_waypoints_completed": 0, "tot_waypoints": 9}}
{"target": -1009.9445234042985, "params": {"k_pid_pos": [0.22533630012570696, 0.730977954928631, 0.10781793943708695], "k_pid_alt": [0.8140754027458126, 0.380544457873192, 0.7472279170182611], "k_pid_att": [48.970124491793264, 5.428750157299927, 0.7979882874120607], "k_pid_yaw": [0.5, 1e-06, 0.1], "k_pid_hsp": [2.889822636716719, 0.6846983049597472, 0.7184789123167294], "k_pid_vsp": [257.6741054920566, 119.59710168046324, 127.05020655365644]}, "datetime": {"datetime": "2025-08-21 14:09:02", "elapsed": 19459.15239548683, "delta": 25.524845361709595}, "costs": {"total_cost": 1009.9445234042985, "time_cost": 150, "final_distance_cost": 38.817671499349956, "oscillation_cost": 156.25710572555315, "completition_cost": 555.5555555555555, "overshoot_cost": 65.90737866738907, "power_cost": 24.411470239257813, "noise_cost": 18.99534171719301, "n_waypoints_completed": 4, "tot_waypoints": 9}}
{"target": -1665.1397063587356, "params": {"k_pid_pos": [1.0285165526411622, 0.8566530998646525, 0.5883907042759836], "k_pid_alt": [0.14988895329432816, 0.8712682522942432, 0.06658946067350613], "k_pid_att": [14.014645732696817, 3.534963846140354, 0.29785822401512985], "k_pid_yaw": [0.5, 1e-06, 0.1], "k_pid_hsp": [6.517460206709563, 0.8367948984649974, 0.5852722240677157], "k_pid_vsp": [186.71316081437772, 188.42450942641867, 362.6955264458792]}, "datetime": {"datetime": "2025-08-21 14:09:27", "elapsed": 19484.440104484558, "delta": 25.28770899772644}, "costs": {"total_cost": 1665.1397063587356, "time_cost": 150, "final_distance_cost": 140.29511731256517, "oscillation_cost": 289.4143002543468, "completition_cost": 888.8888888888888, "overshoot_cost": 167.0746436958651, "power_cost": 15.480133654785156, "noise_cost": 13.986622552284656, "n_waypoints_completed": 1, "tot_waypoints": 9}}
{"target": -462.9749642054402, "params": {"k_pid_pos": [1.5809202859260827, 0.03387183801577509, 0.9896087486334826], "k_pid_alt": [0.6962561607473607, 0.6930136535782706, 0.07186598149748769], "k_pid_att": [35.842975281093224, 9.055470869444893, 0.1300708380338541], "k_pid_yaw": [0.5, 1e-06, 0.1], "k_pid_hsp": [5.003915975085854, 0.926936284096432, 0.5790730662695818], "k_pid_vsp": [131.93123967801967, 347.545801274584, 125.67138303179287]}, "datetime": {"datetime": "2025-08-21 14:09:52", "elapsed": 19509.03050494194, "delta": 24.590400457382202}, "costs": {"total_cost": 462.9749642054402, "time_cost": 94.096, "final_distance_cost": 1.7645843333586155, "oscillation_cost": 276.9136369365139, "completition_cost": 0.0, "overshoot_cost": 59.12707729122955, "power_cost": 17.239224084472657, "noise_cost": 13.834441559865398, "n_waypoints_completed": 9, "tot_waypoints": 9}}
{"target": -1484.5534071844515, "params": {"k_pid_pos": [0.19927798477706382, 0.052639077045464444, 0.03596575562557558], "k_pid_alt": [1.4260845734470118, 0.5025000146932657, 0.8131754699241747], "k_pid_att": [21.68851714274913, 6.964661835983153, 0.4006897481536781], "k_pid_yaw": [0.5, 1e-06, 0.1], "k_pid_hsp": [4.993478929815342, 0.983213452133288, 0.011385468054594172], "k_pid_vsp": [163.71253957448698, 289.7398588763029, 367.00505479989044]}, "datetime": {"datetime": "2025-08-21 14:10:19", "elapsed": 19535.617341518402, "delta": 26.586836576461792}, "costs": {"total_cost": 1484.5534071844515, "time_cost": 150, "final_distance_cost": 182.2582976239413, "oscillation_cost": 23.618241946401827, "completition_cost": 888.8888888888888, "overshoot_cost": 181.35468892592445, "power_cost": 32.46663221435547, "noise_cost": 25.966657584939682, "n_waypoints_completed": 1, "tot_waypoints": 9}}
{"target": -962.4001416716025, "params": {"k_pid_pos": [1.7920427026645533, 0.18784491523106672, 0.7605658959072418], "k_pid_alt": [0.5719806390307052, 0.989919289008274, 0.6743974594310236], "k_pid_att": [57.88227062702499, 4.030410615388808, 0.695909078953502], "k_pid_yaw": [0.5, 1e-06, 0.1], "k_pid_hsp": [8.410382478265879, 0.3316224475543036, 0.6801276497400307], "k_pid_vsp": [345.48669802618247, 120.49300239411008, 266.8094126918444]}, "datetime": {"datetime": "2025-08-21 14:10:44", "elapsed": 19561.065544843674, "delta": 25.448203325271606}, "costs": {"total_cost": 962.4001416716025, "time_cost": 150, "final_distance_cost": 70.8481964162775, "oscillation_cost": 304.75221329255254, "completition_cost": 333.33333333333337, "overshoot_cost": 64.8450769503764, "power_cost": 22.602828002929687, "noise_cost": 16.018493676132962, "n_waypoints_completed": 6, "tot_waypoints": 9}}
{"target": -591.7311432861248, "params": {"k_pid_pos": [1.2424102797606031, 0.465571612819462, 0.15817496818838095], "k_pid_alt": [1.993033729708211, 0.8838221556039054, 0.44470506653247377], "k_pid_att": [94.21422459493753, 3.3915585564162747, 0.2647753772254893], "k_pid_yaw": [0.5, 1e-06, 0.1], "k_pid_hsp": [5.185813919625026, 0.9841408585113182, 0.319476462748441], "k_pid_vsp": [396.89465328982305, 277.7494814151828, 146.89231227528458]}, "datetime": {"datetime": "2025-08-21 14:11:10", "elapsed": 19586.565853595734, "delta": 25.500308752059937}, "costs": {"total_cost": 591.7311432861248, "time_cost": 150, "final_distance_cost": 21.177341526895663, "oscillation_cost": 215.89407779448587, "completition_cost": 111.11111111111116, "overshoot_cost": 56.321944904016455, "power_cost": 20.697909680175783, "noise_cost": 16.528758269439933, "n_waypoints_completed": 8, "tot_waypoints": 9}}
{"target": -1173.8344688604661, "params": {"k_pid_pos": [0.9287427004613871, 0.633549773570318, 0.14628157028603295], "k_pid_alt": [0.22410858885266727, 0.6052789707764823, 0.17737080254581106], "k_pid_att": [77.93205211109814, 8.624587431253936, 0.7051451150645641], "k_pid_yaw": [0.5, 1e-06, 0.1], "k_pid_hsp": [4.131003754875759, 0.24390672190573626, 0.6642242693187759], "k_pid_vsp": [177.05301928006344, 190.78054403347025, 156.89191123631863]}, "datetime": {"datetime": "2025-08-21 14:11:39", "elapsed": 19615.630749225616, "delta": 29.064895629882812}, "costs": {"total_cost": 1173.8344688604661, "time_cost": 150, "final_distance_cost": 51.50748931278362, "oscillation_cost": 205.96518288048662, "completition_cost": 666.6666666666667, "overshoot_cost": 56.48884784231098, "power_cost": 24.48653043212891, "noise_cost": 18.719751726089303, "n_waypoints_completed": 3, "tot_waypoints": 9}}
