{"target": -2245.9222267570212, "params": {"k_pid_pos": [0.8910375377495899, 0.32862406184597215, 0.20510782671276861], "k_pid_alt": [0.1617715460990914, 0.9075772520889154, 0.9355805593101719], "k_pid_att": [57.25833454263054, 1.5060377178723297, 0.801377393019821], "k_pid_yaw": [0.5, 1e-06, 0.1], "k_pid_hsp": [8.887156992958579, 0.9200113314559222, 0.7033726843433933], "k_pid_vsp": [70.80200552159752, 126.02906193664374, 346.6796533173894]}, "datetime": {"datetime": "2025-08-21 16:57:07", "elapsed": 29544.400428295135, "delta": 30.864989280700684}, "costs": {"total_cost": 2245.9222267570212, "time_cost": 150, "final_distance_cost": 349.0555678892135, "oscillation_cost": 457.2223166376061, "completition_cost": 888.8888888888888, "overshoot_cost": 358.91212793537795, "power_cost": 16.234319152832033, "noise_cost": 25.609006253102397, "n_waypoints_completed": 1, "tot_waypoints": 9}}
{"target": -1368.79151847972, "params": {"k_pid_pos": [1.7781917486800354, 0.33352048478094876, 0.7671294887774298], "k_pid_alt": [0.43187138830306604, 0.5845191385751485, 0.6004829866998938], "k_pid_att": [4.831391894497283, 5.585314051789084, 0.7273379649218336], "k_pid_yaw": [0.5, 1e-06, 0.1], "k_pid_hsp": [5.146986817557875, 0.04607322388897961, 0.40904085126299006], "k_pid_vsp": [98.1097403607972, 379.19177565234065, 293.1377666167977]}, "datetime": {"datetime": "2025-08-21 16:57:41", "elapsed": 29578.428958177567, "delta": 34.02852988243103}, "costs": {"total_cost": 1368.79151847972, "time_cost": 150, "final_distance_cost": 145.91033375518313, "oscillation_cost": 171.3352919526307, "completition_cost": 777.7777777777778, "overshoot_cost": 88.23110080543059, "power_cost": 19.990356787109377, "noise_cost": 15.546657401588362, "n_waypoints_completed": 2, "tot_waypoints": 9}}
{"target": -368.2363384604313, "params": {"k_pid_pos": [1.996798729416681, 0.3283347494391299, 0.07426637153368476], "k_pid_alt": [1.6999767577163216, 0.8978818414827583, 0.7258879496768259], "k_pid_att": [2.6054044878529026, 7.931223496689351, 0.5226291681815837], "k_pid_yaw": [0.5, 1e-06, 0.1], "k_pid_hsp": [7.793235658206754, 0.8724552393968358, 0.013864771291564604], "k_pid_vsp": [173.6118327032916, 18.939666997958092, 1.3972466740727805]}, "datetime": {"datetime": "2025-08-21 16:58:08", "elapsed": 29605.22197842598, "delta": 26.793020248413086}, "costs": {"total_cost": 368.2363384604313, "time_cost": 91.512, "final_distance_cost": 1.7079995286853267, "oscillation_cost": 182.24812939188732, "completition_cost": 0.0, "overshoot_cost": 55.56248332274675, "power_cost": 19.827975439453127, "noise_cost": 17.37775077765878, "n_waypoints_completed": 9, "tot_waypoints": 9}}
{"target": -1306.2442674881859, "params": {"k_pid_pos": [0.39256677786118555, 0.6686914480985094, 0.5625281269967688], "k_pid_alt": [1.2425235013754372, 0.886719832920529, 0.07471803128205612], "k_pid_att": [38.4523326557094, 0.9872374137528268, 0.3911540113257318], "k_pid_yaw": [0.5, 1e-06, 0.1], "k_pid_hsp": [2.1159635328681974, 0.14195002291513104, 0.6386028785284154], "k_pid_vsp": [332.92786711914835, 149.55460500125346, 342.51149997309767]}, "datetime": {"datetime": "2025-08-21 16:58:37", "elapsed": 29634.091721057892, "delta": 28.86974263191223}, "costs": {"total_cost": 1306.2442674881859, "time_cost": 150, "final_distance_cost": 95.91074746896065, "oscillation_cost": 198.7857341430862, "completition_cost": 777.7777777777778, "overshoot_cost": 50.79424084734994, "power_cost": 18.470393127441408, "noise_cost": 14.505374123569649, "n_waypoints_completed": 2, "tot_waypoints": 9}}
{"target": -946.9533129274666, "params": {"k_pid_pos": [0.4296178269456104, 0.6498727581409088, 0.2685296661720832], "k_pid_alt": [0.403680703973871, 0.06072921426859246, 0.6556937473767243], "k_pid_att": [27.380067851809674, 6.063854630052387, 0.08808582979672752], "k_pid_yaw": [0.5, 1e-06, 0.1], "k_pid_hsp": [9.481278138068024, 0.13464858681237246, 0.13786464490998074], "k_pid_vsp": [222.20239763568065, 361.833961525686, 107.9320489995418]}, "datetime": {"datetime": "2025-08-21 16:59:06", "elapsed": 29662.732098579407, "delta": 28.640377521514893}, "costs": {"total_cost": 946.9533129274666, "time_cost": 150, "final_distance_cost": 74.99623180971945, "oscillation_cost": 309.59801182083015, "completition_cost": 333.33333333333337, "overshoot_cost": 41.950892517473534, "power_cost": 21.380739318847656, "noise_cost": 15.69410412726241, "n_waypoints_completed": 6, "tot_waypoints": 9}}
{"target": -973.1012344770245, "params": {"k_pid_pos": [1.3624617484013397, 0.9983837900212302, 0.5683621324182305], "k_pid_alt": [1.9548533087944757, 0.3639876514082535, 0.05852399648243889], "k_pid_att": [47.87693497299297, 6.861644181718426, 0.9454879460325406], "k_pid_yaw": [0.5, 1e-06, 0.1], "k_pid_hsp": [8.215137511268807, 0.7826427838692576, 0.4957977871911955], "k_pid_vsp": [298.48882281758216, 22.637919382496936, 273.3025138652194]}, "datetime": {"datetime": "2025-08-21 16:59:39", "elapsed": 29695.505253076553, "delta": 32.773154497146606}, "costs": {"total_cost": 973.1012344770245, "time_cost": 150, "final_distance_cost": 52.512605763608505, "oscillation_cost": 218.5402995844124, "completition_cost": 444.4444444444444, "overshoot_cost": 64.96206171064854, "power_cost": 23.776082360839844, "noise_cost": 18.865740613070876, "n_waypoints_completed": 5, "tot_waypoints": 9}}
{"target": -1772.8394896815512, "params": {"k_pid_pos": [0.7274995894460733, 0.6234757819924618, 0.09106779855779068], "k_pid_alt": [0.7563240446529027, 0.35119265886483575, 0.7442645327372672], "k_pid_att": [59.49720069522419, 7.445128164475085, 0.30272039600079403], "k_pid_yaw": [0.5, 1e-06, 0.1], "k_pid_hsp": [6.229477841902032, 0.7366499164741863, 0.6632079070637746], "k_pid_vsp": [121.38409383958847, 129.1438251144549, 335.16226408695326]}, "datetime": {"datetime": "2025-08-21 17:00:08", "elapsed": 29724.53613305092, "delta": 29.030879974365234}, "costs": {"total_cost": 1772.8394896815512, "time_cost": 150, "final_distance_cost": 126.06207331382002, "oscillation_cost": 322.17997077685123, "completition_cost": 1000.0, "overshoot_cost": 140.36406295554065, "power_cost": 17.32939912109375, "noise_cost": 16.903983514245503, "n_waypoints_completed": 0, "tot_waypoints": 9}}
{"target": -1158.34860200243, "params": {"k_pid_pos": [1.2027610343565789, 0.07782026674952369, 0.13709162796522745], "k_pid_alt": [0.5444878504659438, 0.7644871485497237, 0.6712954810770576], "k_pid_att": [11.340306480698914, 3.5840977456831733, 0.2064598263975691], "k_pid_yaw": [0.5, 1e-06, 0.1], "k_pid_hsp": [2.767718819462969, 0.7001131569045959, 0.3236382498949585], "k_pid_vsp": [282.5885118253184, 140.05605434503266, 331.9246523541158]}, "datetime": {"datetime": "2025-08-21 17:00:36", "elapsed": 29753.080954790115, "delta": 28.544821739196777}, "costs": {"total_cost": 1158.34860200243, "time_cost": 150, "final_distance_cost": 50.99662021682391, "oscillation_cost": 311.67864099241916, "completition_cost": 555.5555555555555, "overshoot_cost": 47.422769375634935, "power_cost": 22.728614611816408, "noise_cost": 19.96640125017992, "n_waypoints_completed": 4, "tot_waypoints": 9}}
{"target": -1592.6716619609635, "params": {"k_pid_pos": [1.066450929088697, 0.7002132749608334, 0.17339898702436618], "k_pid_alt": [0.4337064401306432, 0.9519444119619276, 0.5593329135796429], "k_pid_att": [61.561010882024355, 8.554677647826384, 0.9073975998630639], "k_pid_yaw": [0.5, 1e-06, 0.1], "k_pid_hsp": [9.56227905018328, 0.06920986291767428, 0.16058772894452156], "k_pid_vsp": [162.33757898816964, 366.0078087548207, 398.9294549801688]}, "datetime": {"datetime": "2025-08-21 17:01:09", "elapsed": 29785.47797870636, "delta": 32.39702391624451}, "costs": {"total_cost": 1592.6716619609635, "time_cost": 150, "final_distance_cost": 133.90414373436968, "oscillation_cost": 353.24116255991873, "completition_cost": 777.7777777777778, "overshoot_cost": 138.69942005512948, "power_cost": 21.103444567871094, "noise_cost": 17.945713265897048, "n_waypoints_completed": 2, "tot_waypoints": 9}}
{"target": -1099.440905607674, "params": {"k_pid_pos": [0.47797853684243286, 0.21310368136862545, 0.9717350878663326], "k_pid_alt": [0.9016187193042908, 0.782057500659294, 0.3307947716063353], "k_pid_att": [95.58587531967103, 3.3377092340487837, 0.39213993886370824], "k_pid_yaw": [0.5, 1e-06, 0.1], "k_pid_hsp": [8.810038460398948, 0.4596056444027098, 0.6278630977182798], "k_pid_vsp": [81.59429778838722, 298.5053418170563, 126.57337424381276]}, "datetime": {"datetime": "2025-08-21 17:01:41", "elapsed": 29817.59859776497, "delta": 32.12061905860901}, "costs": {"total_cost": 1099.440905607674, "time_cost": 150, "final_distance_cost": 57.04066191301546, "oscillation_cost": 351.41366933055355, "completition_cost": 444.4444444444444, "overshoot_cost": 50.23563844834076, "power_cost": 26.040667236328126, "noise_cost": 20.26582423499197, "n_waypoints_completed": 5, "tot_waypoints": 9}}
{"target": -1182.093508115164, "params": {"k_pid_pos": [0.5458506598098471, 0.7536603689111833, 0.8903918734481294], "k_pid_alt": [1.0052698346750686, 0.8533921244021967, 0.5651172041746795], "k_pid_att": [54.9410015334837, 7.774428399884009, 0.013828177642506767], "k_pid_yaw": [0.5, 1e-06, 0.1], "k_pid_hsp": [4.849940457341032, 0.40707587362274633, 0.8114780053330847], "k_pid_vsp": [159.87334235043244, 312.0379810401804, 16.4426339720655]}, "datetime": {"datetime": "2025-08-21 17:02:09", "elapsed": 29845.847440242767, "delta": 28.248842477798462}, "costs": {"total_cost": 1182.093508115164, "time_cost": 150, "final_distance_cost": 57.44543071338587, "oscillation_cost": 220.20884445644592, "completition_cost": 666.6666666666667, "overshoot_cost": 49.7126365242465, "power_cost": 20.875698168945313, "noise_cost": 17.184231585473597, "n_waypoints_completed": 3, "tot_waypoints": 9}}
{"target": -1485.9678820583372, "params": {"k_pid_pos": [0.019679195810540683, 0.5616913212630043, 0.3755633633680011], "k_pid_alt": [0.03469709054380554, 0.2656205705476029, 0.6096840820934847], "k_pid_att": [81.18533047736413, 3.96150754199338, 0.7642816200185905], "k_pid_yaw": [0.5, 1e-06, 0.1], "k_pid_hsp": [4.7108450587590545, 0.17814350075342023, 0.19417353465634568], "k_pid_vsp": [51.2687806999319, 106.1834194934041, 206.9842167109426]}, "datetime": {"datetime": "2025-08-21 17:02:37", "elapsed": 29874.232667684555, "delta": 28.38522744178772}, "costs": {"total_cost": 1485.9678820583372, "time_cost": 150, "final_distance_cost": 10.212168353204902, "oscillation_cost": 219.91974589634637, "completition_cost": 1000.0, "overshoot_cost": 61.30461736310877, "power_cost": 26.131647497558596, "noise_cost": 18.39970294811864, "n_waypoints_completed": 0, "tot_waypoints": 9}}
{"target": -564.7204461620263, "params": {"k_pid_pos": [1.711568408842987, 0.6068579943750331, 0.6247544046570673], "k_pid_alt": [1.1911857234200194, 0.26708790817813055, 0.8876396897970853], "k_pid_att": [64.48571634868235, 3.8795393789298367, 0.4458753269678115], "k_pid_yaw": [0.5, 1e-06, 0.1], "k_pid_hsp": [5.511770884382414, 0.7001277161743916, 0.927460322003295], "k_pid_vsp": [384.31676668901764, 36.545616562663675, 115.86582731384966]}, "datetime": {"datetime": "2025-08-21 17:03:05", "elapsed": 29902.219619750977, "delta": 27.98695206642151}, "costs": {"total_cost": 564.7204461620263, "time_cost": 150, "final_distance_cost": 12.813891766865481, "oscillation_cost": 191.1379657130913, "completition_cost": 111.11111111111116, "overshoot_cost": 59.463801883956066, "power_cost": 23.449681201171877, "noise_cost": 16.743994485830456, "n_waypoints_completed": 8, "tot_waypoints": 9}}
{"target": -1070.605188764333, "params": {"k_pid_pos": [1.7331905013420623, 0.41368779269372224, 0.5375565195995894], "k_pid_alt": [0.31017747699340803, 0.4794753223879489, 0.3715000644146418], "k_pid_att": [88.02467721333556, 1.034014600212653, 0.23850222734011062], "k_pid_yaw": [0.5, 1e-06, 0.1], "k_pid_hsp": [7.897018589582099, 0.958891369878195, 0.808642501416594], "k_pid_vsp": [227.67078161509514, 111.9551831790598, 327.552809652864]}, "datetime": {"datetime": "2025-08-21 17:03:34", "elapsed": 29930.624103546143, "delta": 28.404483795166016}, "costs": {"total_cost": 1070.605188764333, "time_cost": 150, "final_distance_cost": 50.222862333680126, "oscillation_cost": 322.36006866294485, "completition_cost": 444.4444444444444, "overshoot_cost": 54.806651321978805, "power_cost": 26.83800711669922, "noise_cost": 21.93315488458561, "n_waypoints_completed": 5, "tot_waypoints": 9}}
{"target": -1641.2847876149008, "params": {"k_pid_pos": [1.546296681204966, 0.8305399807346487, 0.004883860605530255], "k_pid_alt": [1.270566769646209, 0.2824188641290081, 0.7179277124716662], "k_pid_att": [7.396333381973951, 6.169612545536927, 0.4159766766228097], "k_pid_yaw": [0.5, 1e-06, 0.1], "k_pid_hsp": [9.248926361611781, 0.9600729622188635, 0.43030432627394166], "k_pid_vsp": [169.15629963838748, 184.9224976090369, 347.0418794166475]}, "datetime": {"datetime": "2025-08-21 17:04:02", "elapsed": 29959.195197582245, "delta": 28.571094036102295}, "costs": {"total_cost": 1641.2847876149008, "time_cost": 150, "final_distance_cost": 11.746064085472034, "oscillation_cost": 300.5800760487226, "completition_cost": 1000.0, "overshoot_cost": 114.1934084307685, "power_cost": 21.643181909179688, "noise_cost": 43.12205714075781, "n_waypoints_completed": 0, "tot_waypoints": 9}}
{"target": -1019.5593790222359, "params": {"k_pid_pos": [0.3975928877038224, 0.7955959712652937, 0.7900261336719795], "k_pid_alt": [0.8462295742316923, 0.457302462824309, 0.536790806317764], "k_pid_att": [4.242720952402179, 3.430000887504326, 0.15547187344312074], "k_pid_yaw": [0.5, 1e-06, 0.1], "k_pid_hsp": [7.634763176557649, 0.5129277151916429, 0.9067723595931505], "k_pid_vsp": [202.8630123260295, 201.51287203836122, 161.4302636040463]}, "datetime": {"datetime": "2025-08-21 17:04:35", "elapsed": 29992.083827018738, "delta": 32.88862943649292}, "costs": {"total_cost": 1019.5593790222359, "time_cost": 150, "final_distance_cost": 44.271157905368554, "oscillation_cost": 185.6118942960197, "completition_cost": 555.5555555555555, "overshoot_cost": 49.54987017924404, "power_cost": 19.117564074707033, "noise_cost": 15.453337011340945, "n_waypoints_completed": 4, "tot_waypoints": 9}}
{"target": -598.5220511415514, "params": {"k_pid_pos": [0.8442423890425624, 0.8212601141483176, 0.20296497199970798], "k_pid_alt": [1.1736638188924886, 0.5026276507408283, 0.045146105701024175], "k_pid_att": [20.54389376932325, 0.8718127544999366, 0.1556136326325669], "k_pid_yaw": [0.5, 1e-06, 0.1], "k_pid_hsp": [6.407810473771182, 0.44629393462960343, 0.47549663358977967], "k_pid_vsp": [318.1718934623619, 204.0447294160452, 72.48144187778202]}, "datetime": {"datetime": "2025-08-21 17:05:04", "elapsed": 30020.882900238037, "delta": 28.799073219299316}, "costs": {"total_cost": 598.5220511415514, "time_cost": 150, "final_distance_cost": 46.72503130096442, "oscillation_cost": 195.76778785723917, "completition_cost": 111.11111111111116, "overshoot_cost": 60.487809751223, "power_cost": 19.8118041015625, "noise_cost": 14.618507019451208, "n_waypoints_completed": 8, "tot_waypoints": 9}}
{"target": -1441.8723483535346, "params": {"k_pid_pos": [1.994604361425535, 0.6957337930730847, 0.05637265991022966], "k_pid_alt": [1.570954481358283, 0.29371960803209685, 0.17304336876263182], "k_pid_att": [3.069491963541904, 3.6129234458773363, 0.3185811116818239], "k_pid_yaw": [0.5, 1e-06, 0.1], "k_pid_hsp": [3.391201939603924, 0.2762599582757759, 0.14207505307355728], "k_pid_vsp": [54.001638755221435, 193.942906649466, 255.45346406988412]}, "datetime": {"datetime": "2025-08-21 17:05:33", "elapsed": 30049.46357679367, "delta": 28.580676555633545}, "costs": {"total_cost": 1441.8723483535346, "time_cost": 150, "final_distance_cost": 58.73409375718386, "oscillation_cost": 178.12811363680723, "completition_cost": 888.8888888888888, "overshoot_cost": 111.03229856700757, "power_cost": 15.055732507324219, "noise_cost": 40.03322099632313, "n_waypoints_completed": 1, "tot_waypoints": 9}}
{"target": -869.3993270594552, "params": {"k_pid_pos": [1.4070002210773722, 0.26684904908332086, 0.14223159968096877], "k_pid_alt": [1.0398128821541288, 0.8943956815419147, 0.9724189882616945], "k_pid_att": [80.7797211802343, 1.4456089340053915, 0.9363551310821366], "k_pid_yaw": [0.5, 1e-06, 0.1], "k_pid_hsp": [1.7979642828619566, 0.6329226999862241, 0.5788438548911568], "k_pid_vsp": [252.73524846560272, 83.70931997973427, 92.97411111791307]}, "datetime": {"datetime": "2025-08-21 17:06:05", "elapsed": 30082.044979572296, "delta": 32.58140277862549}, "costs": {"total_cost": 869.3993270594552, "time_cost": 150, "final_distance_cost": 51.267782534026395, "oscillation_cost": 135.4905965427278, "completition_cost": 444.4444444444444, "overshoot_cost": 50.26119575828045, "power_cost": 21.029670068359376, "noise_cost": 16.905637711616972, "n_waypoints_completed": 5, "tot_waypoints": 9}}
{"target": -1370.8237680934724, "params": {"k_pid_pos": [1.4295770509290988, 0.7003267294009627, 0.31634727608502866], "k_pid_alt": [0.5238498725394845, 0.8871526945417945, 0.5348930071957733], "k_pid_att": [80.31806024693623, 6.612254423726175, 0.30823439096487026], "k_pid_yaw": [0.5, 1e-06, 0.1], "k_pid_hsp": [4.317934215427928, 0.5237217351791238, 0.5615851724828242], "k_pid_vsp": [116.87425635527266, 397.67645342082324, 275.12777947450127]}, "datetime": {"datetime": "2025-08-21 17:06:34", "elapsed": 30111.394780158997, "delta": 29.34980058670044}, "costs": {"total_cost": 1370.8237680934724, "time_cost": 150, "final_distance_cost": 95.59636691548754, "oscillation_cost": 253.5349867467502, "completition_cost": 777.7777777777778, "overshoot_cost": 62.061898217867004, "power_cost": 17.433137426757813, "noise_cost": 14.419601008831775, "n_waypoints_completed": 2, "tot_waypoints": 9}}
{"target": -882.600497948148, "params": {"k_pid_pos": [0.26837193389626357, 0.7014615462019033, 0.961370679946072], "k_pid_alt": [1.8308341881510988, 0.2550848050007941, 0.03591553837293848], "k_pid_att": [49.94857805303909, 9.895950229226328, 0.6617329737496627], "k_pid_yaw": [0.5, 1e-06, 0.1], "k_pid_hsp": [0.39681203217757016, 0.8821956456536854, 0.037732225137653286], "k_pid_vsp": [293.78315323160086, 290.67329177696496, 122.20718134670682]}, "datetime": {"datetime": "2025-08-21 17:07:03", "elapsed": 30139.908752202988, "delta": 28.51397204399109}, "costs": {"total_cost": 882.600497948148, "time_cost": 150, "final_distance_cost": 56.4092182369441, "oscillation_cost": 157.90617459909956, "completition_cost": 444.4444444444444, "overshoot_cost": 41.202176736463784, "power_cost": 18.325532080078126, "noise_cost": 14.312951851118116, "n_waypoints_completed": 5, "tot_waypoints": 9}}
{"target": -1425.9456488974433, "params": {"k_pid_pos": [0.8341512365942761, 0.9406283063248548, 0.021929837796697327], "k_pid_alt": [0.0237755975823275, 0.26060290509858786, 0.1202655158205066], "k_pid_att": [36.812628784703826, 6.056634232167275, 0.1542773938067774], "k_pid_yaw": [0.5, 1e-06, 0.1], "k_pid_hsp": [1.7295982810902444, 0.363034128414764, 0.8363000145127772], "k_pid_vsp": [387.67856929607365, 100.51631360028288, 163.57697881017364]}, "datetime": {"datetime": "2025-08-21 17:07:32", "elapsed": 30168.533881664276, "delta": 28.625129461288452}, "costs": {"total_cost": 1425.9456488974433, "time_cost": 150, "final_distance_cost": 43.78443607992967, "oscillation_cost": 139.508062426036, "completition_cost": 1000.0, "overshoot_cost": 51.859377509003124, "power_cost": 24.02285682373047, "noise_cost": 16.770916058743875, "n_waypoints_completed": 0, "tot_waypoints": 9}}
{"target": -834.0158319247917, "params": {"k_pid_pos": [1.8044266873840296, 0.11904860634591785, 0.6082894966517578], "k_pid_alt": [0.817785766339187, 0.9221574752789803, 0.21091673728849447], "k_pid_att": [53.796957840708416, 0.31108130147671165, 0.280498683506063], "k_pid_yaw": [0.5, 1e-06, 0.1], "k_pid_hsp": [5.928574510286079, 0.5870417961408664, 0.30663594049474585], "k_pid_vsp": [164.24460241929154, 24.687911624230022, 140.5401773145854]}, "datetime": {"datetime": "2025-08-21 17:08:00", "elapsed": 30196.75959134102, "delta": 28.225709676742554}, "costs": {"total_cost": 834.0158319247917, "time_cost": 150, "final_distance_cost": 73.74218371786037, "oscillation_cost": 292.635019829768, "completition_cost": 222.2222222222222, "overshoot_cost": 61.03059250702244, "power_cost": 19.535228942871093, "noise_cost": 14.850584705047622, "n_waypoints_completed": 7, "tot_waypoints": 9}}
{"target": -1779.8665574677811, "params": {"k_pid_pos": [1.4626742974133122, 0.6761609472320425, 0.7882357010579634], "k_pid_alt": [0.23044669025133202, 0.91800745336624, 0.3342598731493035], "k_pid_att": [45.175385832226844, 8.983913426135922, 0.9638047910540632], "k_pid_yaw": [0.5, 1e-06, 0.1], "k_pid_hsp": [5.603524015783701, 0.14712631815884436, 0.6853779046185141], "k_pid_vsp": [269.88047590577906, 209.0817438940533, 394.9781368474349]}, "datetime": {"datetime": "2025-08-21 17:08:29", "elapsed": 30225.467774629593, "delta": 28.70818328857422}, "costs": {"total_cost": 1779.8665574677811, "time_cost": 150, "final_distance_cost": 8.841600990881313, "oscillation_cost": 418.6492053462858, "completition_cost": 1000.0, "overshoot_cost": 126.14917723904239, "power_cost": 25.84455301513672, "noise_cost": 50.38202087643502, "n_waypoints_completed": 0, "tot_waypoints": 9}}
