{"target": -805.7734051782043, "params": {"k_pid_pos": [1.8406066463257027, 0.9916404179660994, 0.4289993158666089], "k_pid_alt": [1.7002360480228524, 0.2103889100418861, 0.040569451763439845], "k_pid_att": [31.014796129523624, 7.594737413952405, 0.22415941527271566], "k_pid_yaw": [0.5, 1e-06, 0.1], "k_pid_hsp": [6.815790867082162, 0.5519636337749873, 0.8726042381251465], "k_pid_vsp": [197.54771668256345, 234.77331710627476, 92.56369527656678]}, "datetime": {"datetime": "2025-08-21 12:42:54", "elapsed": 14291.374305725098, "delta": 23.592726230621338}, "costs": {"total_cost": 805.7734051782043, "time_cost": 150, "final_distance_cost": 73.52843469811145, "oscillation_cost": 149.5932315627362, "completition_cost": 333.33333333333337, "overshoot_cost": 65.61698491343323, "power_cost": 19.435624658203125, "noise_cost": 14.26579601238688, "n_waypoints_completed": 6, "tot_waypoints": 9}}
{"target": -1066.8067202790926, "params": {"k_pid_pos": [0.17057491337235667, 0.5878836554183349, 0.4517290941012354], "k_pid_alt": [0.7144232014829281, 0.16089007583235493, 0.38866654708306225], "k_pid_att": [58.288575759854936, 0.44807300760447916, 0.369951068636718], "k_pid_yaw": [0.5, 1e-06, 0.1], "k_pid_hsp": [5.1009995825165335, 0.8180596013905802, 0.624582966902512], "k_pid_vsp": [380.0546867080215, 337.17424793230924, 342.36327356343475]}, "datetime": {"datetime": "2025-08-21 12:43:18", "elapsed": 14315.077658176422, "delta": 23.703352451324463}, "costs": {"total_cost": 1066.8067202790926, "time_cost": 150, "final_distance_cost": 52.397140699877724, "oscillation_cost": 224.98497547979903, "completition_cost": 555.5555555555555, "overshoot_cost": 48.034538340690126, "power_cost": 20.14128067626953, "noise_cost": 15.693229526900545, "n_waypoints_completed": 4, "tot_waypoints": 9}}
{"target": -705.4059453903842, "params": {"k_pid_pos": [1.9012364121139256, 0.07847015357637255, 0.1850437098924942], "k_pid_alt": [1.8791225933896534, 0.30978191588302784, 0.15330566218104136], "k_pid_att": [71.13064369534189, 3.516398170265903, 0.7047912975607359], "k_pid_yaw": [0.5, 1e-06, 0.1], "k_pid_hsp": [1.2141299809067452, 0.7519390984603566, 0.3530506857514649], "k_pid_vsp": [352.1360499022627, 168.90521351235543, 157.81689151093218]}, "datetime": {"datetime": "2025-08-21 12:43:42", "elapsed": 14338.925078868866, "delta": 23.847420692443848}, "costs": {"total_cost": 705.4059453903842, "time_cost": 150, "final_distance_cost": 72.1252964171783, "oscillation_cost": 159.95703458856502, "completition_cost": 222.2222222222222, "overshoot_cost": 50.52135575735363, "power_cost": 28.132352832031252, "noise_cost": 22.447683573033856, "n_waypoints_completed": 7, "tot_waypoints": 9}}
{"target": -1076.985314415642, "params": {"k_pid_pos": [0.952374780591592, 0.4813904672853814, 0.9549332931142057], "k_pid_alt": [0.9916781215357959, 0.7523417002944779, 0.8875702803464004], "k_pid_att": [31.93703568434678, 4.881699171821888, 0.30947255709438926], "k_pid_yaw": [0.5, 1e-06, 0.1], "k_pid_hsp": [0.8438944632327894, 0.550018395698832, 0.05024790582643568], "k_pid_vsp": [359.51609477762065, 89.63167792827271, 388.41671295953813]}, "datetime": {"datetime": "2025-08-21 12:44:06", "elapsed": 14363.036526203156, "delta": 24.11144733428955}, "costs": {"total_cost": 1076.985314415642, "time_cost": 150, "final_distance_cost": 50.57336569598637, "oscillation_cost": 231.6891770162748, "completition_cost": 555.5555555555555, "overshoot_cost": 48.82523014757328, "power_cost": 22.08307117919922, "noise_cost": 18.258914821052915, "n_waypoints_completed": 4, "tot_waypoints": 9}}
{"target": -615.3912880070657, "params": {"k_pid_pos": [1.400722272847813, 0.33710406068058607, 0.707038651287106], "k_pid_alt": [1.4734084479143694, 0.5873030591725615, 0.37224488867656447], "k_pid_att": [89.67813515525226, 8.5553038977427, 0.029432657077071767], "k_pid_yaw": [0.5, 1e-06, 0.1], "k_pid_hsp": [2.1957456165706004, 0.7241866602534759, 0.2477276582569009], "k_pid_vsp": [374.99519944193264, 160.65203345340717, 245.0599829085167]}, "datetime": {"datetime": "2025-08-21 12:44:30", "elapsed": 14386.787733078003, "delta": 23.751206874847412}, "costs": {"total_cost": 615.3912880070657, "time_cost": 150, "final_distance_cost": 4.303510302046886, "oscillation_cost": 250.85828302551832, "completition_cost": 111.11111111111116, "overshoot_cost": 56.743733168909166, "power_cost": 23.554837768554687, "noise_cost": 18.81981263092539, "n_waypoints_completed": 8, "tot_waypoints": 9}}
{"target": -1313.2994822987782, "params": {"k_pid_pos": [0.6407660813517254, 0.4538807234284842, 0.6971075958360274], "k_pid_alt": [1.776340296033339, 0.33872196861063697, 0.13654817055475432], "k_pid_att": [1.015818280064651, 2.0777921418267247, 0.3507086925614098], "k_pid_yaw": [0.5, 1e-06, 0.1], "k_pid_hsp": [1.8041857376282164, 0.9513575530580463, 0.40296274764650375], "k_pid_vsp": [245.43417988200687, 317.5959488692081, 31.319425655461966]}, "datetime": {"datetime": "2025-08-21 12:44:54", "elapsed": 14411.087242126465, "delta": 24.299509048461914}, "costs": {"total_cost": 1313.2994822987782, "time_cost": 150, "final_distance_cost": 64.93218969058258, "oscillation_cost": 207.9627005755536, "completition_cost": 777.7777777777778, "overshoot_cost": 77.80144960171907, "power_cost": 20.103532165527344, "noise_cost": 14.721832487617855, "n_waypoints_completed": 2, "tot_waypoints": 9}}
{"target": -834.2674837173587, "params": {"k_pid_pos": [0.9131100939405942, 0.19328844741446394, 0.48031616759043005], "k_pid_alt": [0.015743612423805287, 0.6927891105329747, 0.2499499340103778], "k_pid_att": [77.26116022196418, 9.884118233716647, 0.7649176153654793], "k_pid_yaw": [0.5, 1e-06, 0.1], "k_pid_hsp": [6.87205029424313, 0.17282893229505192, 0.15378961498516897], "k_pid_vsp": [379.39245912079144, 225.2618540324213, 174.15534614566448]}, "datetime": {"datetime": "2025-08-21 12:45:18", "elapsed": 14434.69064617157, "delta": 23.60340404510498}, "costs": {"total_cost": 834.2674837173587, "time_cost": 150, "final_distance_cost": 73.6093632756885, "oscillation_cost": 289.5706170399462, "completition_cost": 222.2222222222222, "overshoot_cost": 60.204271996115544, "power_cost": 21.818078857421877, "noise_cost": 16.842930325964446, "n_waypoints_completed": 7, "tot_waypoints": 9}}
{"target": -922.3422034766043, "params": {"k_pid_pos": [1.7149752444322377, 0.054399312942168265, 0.1370917307472317], "k_pid_alt": [1.1197061726767945, 0.6939239399633216, 0.5529779493761575], "k_pid_att": [59.50020521953263, 2.144799869024518, 0.06051778478214365], "k_pid_yaw": [0.5, 1e-06, 0.1], "k_pid_hsp": [2.1993602601035023, 0.6261979067808906, 0.6524418439241678], "k_pid_vsp": [206.18963280077435, 225.86639974739737, 145.574732236978]}, "datetime": {"datetime": "2025-08-21 12:45:42", "elapsed": 14459.090516805649, "delta": 24.39987063407898}, "costs": {"total_cost": 922.3422034766043, "time_cost": 150, "final_distance_cost": 53.525650534335746, "oscillation_cost": 179.87422678139757, "completition_cost": 444.4444444444444, "overshoot_cost": 51.64111031183643, "power_cost": 24.426167651367187, "noise_cost": 18.430603753222897, "n_waypoints_completed": 5, "tot_waypoints": 9}}
{"target": -1180.6345634254617, "params": {"k_pid_pos": [0.16688225532140222, 0.41421508281139985, 0.25039620473865254], "k_pid_alt": [0.5553958399649672, 0.896227579394402, 0.47407322441867716], "k_pid_att": [34.66495175283413, 0.8993118070471845, 0.2507007058561339], "k_pid_yaw": [0.5, 1e-06, 0.1], "k_pid_hsp": [2.6532699676710587, 0.4280506320767191, 0.49355565835623705], "k_pid_vsp": [226.2421446225464, 229.92473608845714, 79.66077030493659]}, "datetime": {"datetime": "2025-08-21 12:46:06", "elapsed": 14483.218901395798, "delta": 24.128384590148926}, "costs": {"total_cost": 1180.6345634254617, "time_cost": 150, "final_distance_cost": 52.41275831419438, "oscillation_cost": 232.75992640479822, "completition_cost": 666.6666666666667, "overshoot_cost": 47.34985553477736, "power_cost": 17.647129150390626, "noise_cost": 13.798227354634209, "n_waypoints_completed": 3, "tot_waypoints": 9}}
{"target": -1112.3578836331792, "params": {"k_pid_pos": [1.8394607445246214, 0.848067872923292, 0.8745972314439199], "k_pid_alt": [0.16035967482484836, 0.1425124961924762, 0.09441360525736753], "k_pid_att": [9.994257265908256, 9.505098260088674, 0.4324657900715513], "k_pid_yaw": [0.5, 1e-06, 0.1], "k_pid_hsp": [7.153726875153603, 0.19708054871204306, 0.22516461511577834], "k_pid_vsp": [21.19253484677648, 28.880215858278007, 24.57347750435834]}, "datetime": {"datetime": "2025-08-21 12:46:31", "elapsed": 14507.779861927032, "delta": 24.56096053123474}, "costs": {"total_cost": 1112.3578836331792, "time_cost": 150, "final_distance_cost": 46.16908328921533, "oscillation_cost": 270.1214724132417, "completition_cost": 555.5555555555555, "overshoot_cost": 46.709703012158336, "power_cost": 23.10121579589844, "noise_cost": 20.700853567109835, "n_waypoints_completed": 4, "tot_waypoints": 9}}
{"target": -1000.6897088780663, "params": {"k_pid_pos": [0.41372722371808895, 0.5131348339124489, 0.9807707192753142], "k_pid_alt": [1.1004020386604902, 0.3018034253651152, 0.1202021231970215], "k_pid_att": [82.80560809716661, 2.5058785709627887, 0.30303083147835486], "k_pid_yaw": [0.5, 1e-06, 0.1], "k_pid_hsp": [5.179228656843557, 0.5569240892458664, 0.09318437503423882], "k_pid_vsp": [152.25178285290514, 331.44023434335145, 141.96841978862057]}, "datetime": {"datetime": "2025-08-21 12:46:55", "elapsed": 14531.697781085968, "delta": 23.917919158935547}, "costs": {"total_cost": 1000.6897088780663, "time_cost": 150, "final_distance_cost": 71.78901283179903, "oscillation_cost": 363.8636525503449, "completition_cost": 333.33333333333337, "overshoot_cost": 52.81806562451191, "power_cost": 15.536497875976563, "noise_cost": 13.34914666210052, "n_waypoints_completed": 6, "tot_waypoints": 9}}
{"target": -1653.0845250698887, "params": {"k_pid_pos": [1.5501629613530246, 0.6252972596806948, 0.9897940743266657], "k_pid_alt": [1.6498436463595318, 0.732415955235166, 0.2567583396417674], "k_pid_att": [4.117084053390752, 8.632566710421656, 0.96228481175488], "k_pid_yaw": [0.5, 1e-06, 0.1], "k_pid_hsp": [7.441551708609929, 0.9633337433728839, 0.6376122765368276], "k_pid_vsp": [60.87935578020964, 45.36808687016349, 200.48419187960425]}, "datetime": {"datetime": "2025-08-21 12:47:18", "elapsed": 14555.365649223328, "delta": 23.66786813735962}, "costs": {"total_cost": 1653.0845250698887, "time_cost": 150, "final_distance_cost": 3.3141194962381313, "oscillation_cost": 280.09768914748327, "completition_cost": 1000.0, "overshoot_cost": 136.76667614259358, "power_cost": 20.022712170410156, "noise_cost": 62.88332811316359, "n_waypoints_completed": 0, "tot_waypoints": 9}}
{"target": -815.8850260274419, "params": {"k_pid_pos": [1.9696971376628265, 0.6851948235398841, 0.2925675161095852], "k_pid_alt": [0.7194934476282282, 0.08089267293040614, 0.6521697175668395], "k_pid_att": [76.55360958332656, 2.9105202955163665, 0.2612249897490059], "k_pid_yaw": [0.5, 1e-06, 0.1], "k_pid_hsp": [4.707561202468788, 0.2609103785100344, 0.9355633667349474], "k_pid_vsp": [166.71265616513097, 194.56098850351628, 195.8944808445156]}, "datetime": {"datetime": "2025-08-21 12:47:43", "elapsed": 14579.592829942703, "delta": 24.22718071937561}, "costs": {"total_cost": 815.8850260274419, "time_cost": 150, "final_distance_cost": 59.015766088283804, "oscillation_cost": 169.6148931724241, "completition_cost": 333.33333333333337, "overshoot_cost": 56.61082695021567, "power_cost": 28.09792052001953, "noise_cost": 19.21228596316528, "n_waypoints_completed": 6, "tot_waypoints": 9}}
{"target": -850.4049466203492, "params": {"k_pid_pos": [1.8704830254292832, 0.2655018760730631, 0.6063797222085043], "k_pid_alt": [1.4309422930764846, 0.8659458287227014, 0.9077668313341353], "k_pid_att": [69.7987141644982, 9.098080967523037, 0.3714663096216121], "k_pid_yaw": [0.5, 1e-06, 0.1], "k_pid_hsp": [8.375080586895919, 0.13058075692321114, 0.9132925919160789], "k_pid_vsp": [147.2128741633719, 367.858190080224, 282.7652961913079]}, "datetime": {"datetime": "2025-08-21 12:48:07", "elapsed": 14603.682285785675, "delta": 24.0894558429718}, "costs": {"total_cost": 850.4049466203492, "time_cost": 150, "final_distance_cost": 67.2252259786244, "oscillation_cost": 318.7452783464606, "completition_cost": 222.2222222222222, "overshoot_cost": 57.24855334027726, "power_cost": 19.59972110595703, "noise_cost": 15.363945626807675, "n_waypoints_completed": 7, "tot_waypoints": 9}}
{"target": -358.263431498946, "params": {"k_pid_pos": [1.25460918324864, 0.5323193345131957, 0.11028002403733939], "k_pid_alt": [1.898324078821215, 0.6197956929566172, 0.7203421865192939], "k_pid_att": [73.09349319976478, 1.7851349050976353, 0.9631274912518982], "k_pid_yaw": [0.5, 1e-06, 0.1], "k_pid_hsp": [7.444629585329526, 0.8569907236686509, 0.4043627947313444], "k_pid_vsp": [173.32140383424098, 146.33297668644892, 68.68657168840801]}, "datetime": {"datetime": "2025-08-21 12:48:28", "elapsed": 14625.355127096176, "delta": 21.6728413105011}, "costs": {"total_cost": 358.263431498946, "time_cost": 88.368, "final_distance_cost": 1.8122974935857914, "oscillation_cost": 169.59673594115182, "completition_cost": 0.0, "overshoot_cost": 57.966655977861, "power_cost": 23.795996813964845, "noise_cost": 16.723745272382455, "n_waypoints_completed": 9, "tot_waypoints": 9}}
{"target": -1103.4671345331913, "params": {"k_pid_pos": [1.4103671509351914, 0.8466694315715456, 0.10778289465358126], "k_pid_alt": [0.6165743943248512, 0.5914234757001537, 0.29341701813575594], "k_pid_att": [26.635888128266238, 4.0256224734526285, 0.41870982864288686], "k_pid_yaw": [0.5, 1e-06, 0.1], "k_pid_hsp": [2.680865364399484, 0.11845731797765569, 0.5365985169064432], "k_pid_vsp": [112.2556458005588, 32.73801571388744, 43.510438582497244]}, "datetime": {"datetime": "2025-08-21 12:48:53", "elapsed": 14650.377922058105, "delta": 25.02279496192932}, "costs": {"total_cost": 1103.4671345331913, "time_cost": 150, "final_distance_cost": 59.37612053766594, "oscillation_cost": 128.31276810733078, "completition_cost": 666.6666666666667, "overshoot_cost": 65.89832335421411, "power_cost": 18.147047900390625, "noise_cost": 15.066207966923017, "n_waypoints_completed": 3, "tot_waypoints": 9}}
{"target": -1862.0804701237437, "params": {"k_pid_pos": [1.9324453819580263, 0.5362322242147921, 0.22845918196166892], "k_pid_alt": [1.300774965430362, 0.9569057523808745, 0.8205219664595378], "k_pid_att": [62.018627542500006, 8.415572229084187, 0.44706958415122133], "k_pid_yaw": [0.5, 1e-06, 0.1], "k_pid_hsp": [9.25250444300337, 0.607663724756791, 0.3978811064142952], "k_pid_vsp": [98.62419308295722, 211.98370520966435, 332.6149912192336]}, "datetime": {"datetime": "2025-08-21 12:49:17", "elapsed": 14674.114107131958, "delta": 23.73618507385254}, "costs": {"total_cost": 1862.0804701237437, "time_cost": 150, "final_distance_cost": 0.9976376303256685, "oscillation_cost": 469.12040645537155, "completition_cost": 1000.0, "overshoot_cost": 135.64900527173208, "power_cost": 26.208392395019533, "noise_cost": 80.10502837129492, "n_waypoints_completed": 0, "tot_waypoints": 9}}
{"target": -932.2302292508905, "params": {"k_pid_pos": [0.7080521094729396, 0.5181615081471842, 0.7076137967687709], "k_pid_alt": [1.166548194002435, 0.5528362379534054, 0.9515881300710567], "k_pid_att": [28.760503922040993, 9.139490158068467, 0.9785533992507338], "k_pid_yaw": [0.5, 1e-06, 0.1], "k_pid_hsp": [0.3808108182248743, 0.4237018699058216, 0.7518978673877719], "k_pid_vsp": [105.43672444778505, 277.4798994543159, 7.031810427302319]}, "datetime": {"datetime": "2025-08-21 12:49:41", "elapsed": 14697.835395336151, "delta": 23.721288204193115}, "costs": {"total_cost": 932.2302292508905, "time_cost": 150, "final_distance_cost": 72.13416752676366, "oscillation_cost": 290.47358268652175, "completition_cost": 333.33333333333337, "overshoot_cost": 58.19930700029568, "power_cost": 14.505158251953127, "noise_cost": 13.584680452022875, "n_waypoints_completed": 6, "tot_waypoints": 9}}
{"target": -1825.2901807501185, "params": {"k_pid_pos": [1.3079456571567574, 0.3795084724740688, 0.7399103394220908], "k_pid_alt": [0.6270121135181208, 0.9281739763323814, 0.8537561691412996], "k_pid_att": [52.94944388166722, 2.501272300649588, 0.4261022104269834], "k_pid_yaw": [0.5, 1e-06, 0.1], "k_pid_hsp": [7.302564783661259, 0.2894647160447932, 0.5604525129591778], "k_pid_vsp": [50.93745797967366, 327.12372748847184, 298.76074306137565]}, "datetime": {"datetime": "2025-08-21 12:50:06", "elapsed": 14723.048519611359, "delta": 25.21312427520752}, "costs": {"total_cost": 1825.2901807501185, "time_cost": 150, "final_distance_cost": 1.000218958335049, "oscillation_cost": 439.584382054645, "completition_cost": 1000.0, "overshoot_cost": 123.53075468462299, "power_cost": 32.654165966796874, "noise_cost": 78.52065908571853, "n_waypoints_completed": 0, "tot_waypoints": 9}}
{"target": -1830.0571500346887, "params": {"k_pid_pos": [1.9978807954258995, 0.7525554783728451, 0.9719899186376286], "k_pid_alt": [1.1364909377952828, 0.9372316876835742, 0.7699103704095409], "k_pid_att": [47.71571267302496, 8.55656763352918, 0.027013244829697802], "k_pid_yaw": [0.5, 1e-06, 0.1], "k_pid_hsp": [5.528172521647983, 0.7202113269797156, 0.54222040903078], "k_pid_vsp": [7.096926683103488, 101.9328158097, 127.44405866063089]}, "datetime": {"datetime": "2025-08-21 12:50:31", "elapsed": 14747.677190542221, "delta": 24.628670930862427}, "costs": {"total_cost": 1830.0571500346887, "time_cost": 150, "final_distance_cost": 248.97837780848027, "oscillation_cost": 336.17608812830554, "completition_cost": 888.8888888888888, "overshoot_cost": 169.99568608335866, "power_cost": 17.613513586425782, "noise_cost": 18.404595539229682, "n_waypoints_completed": 1, "tot_waypoints": 9}}
{"target": -1238.9074707918887, "params": {"k_pid_pos": [1.419234605655579, 0.27317457573905024, 0.8986269758054382], "k_pid_alt": [0.2628008000353068, 0.6073952875963411, 0.3376342375240413], "k_pid_att": [97.861232681913, 8.828504652386822, 0.4071423490042725], "k_pid_yaw": [0.5, 1e-06, 0.1], "k_pid_hsp": [7.890803404993542, 0.00809420394540672, 0.9741312488453909], "k_pid_vsp": [272.7631015558589, 322.2783862439381, 313.645191038587]}, "datetime": {"datetime": "2025-08-21 12:50:55", "elapsed": 14771.865605592728, "delta": 24.188415050506592}, "costs": {"total_cost": 1238.9074707918887, "time_cost": 150, "final_distance_cost": 58.65423996855742, "oscillation_cost": 374.54631382943353, "completition_cost": 555.5555555555555, "overshoot_cost": 60.6298800376038, "power_cost": 21.756969384765625, "noise_cost": 17.764512015972915, "n_waypoints_completed": 4, "tot_waypoints": 9}}
{"target": -828.40696979155, "params": {"k_pid_pos": [0.6622956985561858, 0.8491517494976117, 0.49646750542417273], "k_pid_alt": [0.3990655147136437, 0.2854029681153326, 0.8328715480818697], "k_pid_att": [79.30983410067766, 7.515595653817653, 0.2691328403845836], "k_pid_yaw": [0.5, 1e-06, 0.1], "k_pid_hsp": [9.95380292752337, 0.004053556023293936, 0.09639648581737414], "k_pid_vsp": [396.6315518501073, 261.4586218540621, 346.91415644357255]}, "datetime": {"datetime": "2025-08-21 12:51:19", "elapsed": 14795.759891986847, "delta": 23.894286394119263}, "costs": {"total_cost": 828.40696979155, "time_cost": 150, "final_distance_cost": 74.65799170346048, "oscillation_cost": 290.3747070687977, "completition_cost": 222.2222222222222, "overshoot_cost": 51.9419565255289, "power_cost": 22.39967413330078, "noise_cost": 16.810418138239882, "n_waypoints_completed": 7, "tot_waypoints": 9}}
{"target": -1442.5631081592048, "params": {"k_pid_pos": [1.1604048172277373, 0.8090011709732878, 0.827924989250104], "k_pid_alt": [1.5788314595272182, 0.38044845753745804, 0.7639474862330548], "k_pid_att": [2.9410938332015135, 1.6052324452047566, 0.6755085696664902], "k_pid_yaw": [0.5, 1e-06, 0.1], "k_pid_hsp": [0.4153372250994651, 0.8392277038453814, 0.32213152278855517], "k_pid_vsp": [83.1042826855489, 298.61971210921575, 393.2568814798002]}, "datetime": {"datetime": "2025-08-21 12:51:43", "elapsed": 14819.538480043411, "delta": 23.77858805656433}, "costs": {"total_cost": 1442.5631081592048, "time_cost": 150, "final_distance_cost": 1.0840346508691598, "oscillation_cost": 117.5964708330707, "completition_cost": 1000.0, "overshoot_cost": 106.76399416786415, "power_cost": 21.943155371093752, "noise_cost": 45.175453136307034, "n_waypoints_completed": 0, "tot_waypoints": 9}}
{"target": -1241.5265031421084, "params": {"k_pid_pos": [0.24613659762060058, 0.4991289644747242, 0.5394945317553207], "k_pid_alt": [1.8336341680398742, 0.6246952070188468, 0.9316404416702422], "k_pid_att": [31.876430656857934, 1.1560876303004721, 0.3840333062947626], "k_pid_yaw": [0.5, 1e-06, 0.1], "k_pid_hsp": [9.309515754970231, 0.8118520367226446, 0.5200199724728204], "k_pid_vsp": [184.72232331547715, 72.57382972535592, 242.61637309926016]}, "datetime": {"datetime": "2025-08-21 12:52:06", "elapsed": 14843.266039848328, "delta": 23.727559804916382}, "costs": {"total_cost": 1241.5265031421084, "time_cost": 150, "final_distance_cost": 60.59627063542733, "oscillation_cost": 268.53537051830085, "completition_cost": 666.6666666666667, "overshoot_cost": 63.85379779619403, "power_cost": 16.720624267578124, "noise_cost": 15.153773257941346, "n_waypoints_completed": 3, "tot_waypoints": 9}}
