{"target": -613.1745477689112, "params": {"k_pid_pos": [0.7515476059681755, 0.9025026261668271, 0.9025628047869974], "k_pid_alt": [1.6929173980227266, 0.6687932771004866, 0.6727880415322022], "k_pid_att": [37.508813754053264, 3.117310078033648, 0.6218415551558666], "k_pid_yaw": [0.5, 1e-06, 0.1], "k_pid_hsp": [5.631098505356947, 0.9687006828000094, 0.18679594579434144], "k_pid_vsp": [176.44487100370645, 206.1119005285322, 103.75629529648162]}, "datetime": {"datetime": "2025-08-21 23:39:06", "elapsed": 53663.33924841881, "delta": 46.166749000549316}, "costs": {"total_cost": 613.1745477689112, "time_cost": 150, "final_distance_cost": 2.5945872359759554, "oscillation_cost": 255.39015091279822, "completition_cost": 111.11111111111116, "overshoot_cost": 53.515759342081346, "power_cost": 23.538741564941407, "noise_cost": 17.024197602003092, "n_waypoints_completed": 8, "tot_waypoints": 9}}
{"target": -672.5978278322672, "params": {"k_pid_pos": [1.168166254785797, 0.5191347598237844, 0.24353396091013627], "k_pid_alt": [1.1113741044108465, 0.8198016623617913, 0.5350097026018734], "k_pid_att": [63.092748995199194, 2.2848241530020825, 0.3472295750873065], "k_pid_yaw": [0.5, 1e-06, 0.1], "k_pid_hsp": [5.350923675076089, 0.13780967951955755, 0.2809143872582224], "k_pid_vsp": [191.02636579238794, 41.758341041951795, 40.62466564413631]}, "datetime": {"datetime": "2025-08-21 23:39:47", "elapsed": 53704.15823459625, "delta": 40.81898617744446}, "costs": {"total_cost": 672.5978278322672, "time_cost": 150, "final_distance_cost": 49.37139955381142, "oscillation_cost": 265.25030958571466, "completition_cost": 111.11111111111116, "overshoot_cost": 53.43121829102487, "power_cost": 24.521545751953127, "noise_cost": 18.91224353865198, "n_waypoints_completed": 8, "tot_waypoints": 9}}
{"target": -751.8213509575293, "params": {"k_pid_pos": [0.8697466526055287, 0.22943765281271478, 0.30223525539312623], "k_pid_alt": [1.5817611578735116, 0.24676155583707682, 0.6851259370584057], "k_pid_att": [9.071232429779352, 9.697300893335578, 0.11116266463077695], "k_pid_yaw": [0.5, 1e-06, 0.1], "k_pid_hsp": [8.930504124429696, 0.07311200014416974, 0.036833966780996485], "k_pid_vsp": [169.80695572512255, 341.35120243925473, 106.61827311325638]}, "datetime": {"datetime": "2025-08-21 23:40:33", "elapsed": 53750.017639160156, "delta": 45.85940456390381}, "costs": {"total_cost": 751.8213509575293, "time_cost": 150, "final_distance_cost": 65.70158594577359, "oscillation_cost": 232.79931710663118, "completition_cost": 222.2222222222222, "overshoot_cost": 43.295722459707775, "power_cost": 22.177149462890625, "noise_cost": 15.625353760303883, "n_waypoints_completed": 7, "tot_waypoints": 9}}
{"target": -890.6127755195037, "params": {"k_pid_pos": [0.7683476966373515, 0.013203711984276912, 0.6554606115603459], "k_pid_alt": [0.016091263676395854, 0.8095669965651733, 0.8748187938294345], "k_pid_att": [94.38107639072936, 7.862583347141243, 0.024940689839646507], "k_pid_yaw": [0.5, 1e-06, 0.1], "k_pid_hsp": [4.460121197454616, 0.5937288503555476, 0.08254478118993772], "k_pid_vsp": [51.78287127391438, 319.8589908891512, 66.40255796761431]}, "datetime": {"datetime": "2025-08-21 23:41:12", "elapsed": 53788.59032726288, "delta": 38.57268810272217}, "costs": {"total_cost": 890.6127755195037, "time_cost": 150, "final_distance_cost": 77.04989932198228, "oscillation_cost": 335.1849676801361, "completition_cost": 222.2222222222222, "overshoot_cost": 62.89404803780716, "power_cost": 25.28592333984375, "noise_cost": 17.975714917512253, "n_waypoints_completed": 7, "tot_waypoints": 9}}
{"target": -754.4957415655799, "params": {"k_pid_pos": [1.970542685937768, 0.870886735525205, 0.31344484110357806], "k_pid_alt": [1.9930788508470987, 0.23076745291786238, 0.16219846912109015], "k_pid_att": [52.0924658846309, 2.003116746667001, 0.2777363438317989], "k_pid_yaw": [0.5, 1e-06, 0.1], "k_pid_hsp": [2.042212397070694, 0.8169337654111404, 0.48187875504398947], "k_pid_vsp": [347.32972790594266, 306.14324358432077, 24.84456375326148]}, "datetime": {"datetime": "2025-08-21 23:42:11", "elapsed": 53848.4292037487, "delta": 59.838876485824585}, "costs": {"total_cost": 754.4957415655799, "time_cost": 150, "final_distance_cost": 66.08602676092589, "oscillation_cost": 114.59926320473035, "completition_cost": 333.33333333333337, "overshoot_cost": 54.83876811254823, "power_cost": 20.472950146484376, "noise_cost": 15.165400007557743, "n_waypoints_completed": 6, "tot_waypoints": 9}}
{"target": -591.742228325524, "params": {"k_pid_pos": [1.5492668532311764, 1.0, 1.0], "k_pid_alt": [1.6291660903469196, 0.16054249748141936, 0.16502268173416848], "k_pid_att": [8.535998640878486, 10.0, 0.0], "k_pid_yaw": [0.5, 1e-06, 0.1], "k_pid_hsp": [2.4737805659857193, 0.0, 0.0], "k_pid_vsp": [50.976587436456136, 96.58249150508864, 35.59642739654368]}, "datetime": {"datetime": "2025-08-21 23:42:49", "elapsed": 53886.15692424774, "delta": 37.727720499038696}, "costs": {"total_cost": 591.742228325524, "time_cost": 150, "final_distance_cost": 45.96563162820751, "oscillation_cost": 206.32105592199466, "completition_cost": 111.11111111111116, "overshoot_cost": 48.41641665334969, "power_cost": 16.907818786621096, "noise_cost": 13.020194224239908, "n_waypoints_completed": 8, "tot_waypoints": 9}}
{"target": -452.01428361962877, "params": {"k_pid_pos": [1.9427855899820878, 0.16210160937530937, 0.7104655333955323], "k_pid_alt": [0.34607388544058204, 0.4828274834439611, 0.571741077051631], "k_pid_att": [19.11448474537969, 1.2440303275649995, 0.3481127689813033], "k_pid_yaw": [0.5, 1e-06, 0.1], "k_pid_hsp": [7.161408116636869, 0.12994981343526413, 0.3349673284273096], "k_pid_vsp": [226.19677510898714, 386.95431298577125, 184.174409183041]}, "datetime": {"datetime": "2025-08-21 23:43:34", "elapsed": 53930.51752901077, "delta": 44.360604763031006}, "costs": {"total_cost": 452.01428361962877, "time_cost": 99.776, "final_distance_cost": 1.7416123943489388, "oscillation_cost": 249.41256637547852, "completition_cost": 0.0, "overshoot_cost": 62.87032512351147, "power_cost": 22.322860778808593, "noise_cost": 15.890918947481278, "n_waypoints_completed": 9, "tot_waypoints": 9}}
{"target": -354.04120107618377, "params": {"k_pid_pos": [2.0, 0.5908286439390446, 0.0], "k_pid_alt": [2.0, 0.0, 0.6006611842408625], "k_pid_att": [24.768404995312686, 6.892761995919164, 0.6641392427185419], "k_pid_yaw": [0.5, 1e-06, 0.1], "k_pid_hsp": [10.0, 0.0, 0.9894965963866681], "k_pid_vsp": [383.24862994565666, 242.74670272582114, 125.426011221204]}, "datetime": {"datetime": "2025-08-21 23:44:16", "elapsed": 53973.0598218441, "delta": 42.54229283332825}, "costs": {"total_cost": 354.04120107618377, "time_cost": 81.60000000000001, "final_distance_cost": 1.7078980062753246, "oscillation_cost": 173.14131551635154, "completition_cost": 0.0, "overshoot_cost": 62.75079042865049, "power_cost": 19.791684790039064, "noise_cost": 15.049512334867291, "n_waypoints_completed": 9, "tot_waypoints": 9}}
{"target": -1420.0774756696542, "params": {"k_pid_pos": [2.0, 0.0, 0.0], "k_pid_alt": [0.0, 0.0, 0.0], "k_pid_att": [7.2498940693083895, 0.0001, 1.0], "k_pid_yaw": [0.5, 1e-06, 0.1], "k_pid_hsp": [2.6006187753770007, 1.0, 0.0], "k_pid_vsp": [154.76942841331632, 209.31409665803557, 52.459434638152054]}, "datetime": {"datetime": "2025-08-21 23:44:56", "elapsed": 54012.87679219246, "delta": 39.816970348358154}, "costs": {"total_cost": 1420.0774756696542, "time_cost": 150, "final_distance_cost": 1.0023158273020798, "oscillation_cost": 73.01119096358859, "completition_cost": 1000.0, "overshoot_cost": 136.00568888211177, "power_cost": 8.950121826171875, "noise_cost": 51.10815817047971, "n_waypoints_completed": 0, "tot_waypoints": 9}}
{"target": -1073.6166927492397, "params": {"k_pid_pos": [0.36065646061893014, 0.9602167334121487, 0.2912895081855893], "k_pid_alt": [1.2180068657959089, 0.5727066158757751, 0.32911519449182947], "k_pid_att": [53.95124741437799, 7.439918682278496, 0.8584573508471495], "k_pid_yaw": [0.5, 1e-06, 0.1], "k_pid_hsp": [6.842132244385476, 0.954945528753665, 0.2845506319343516], "k_pid_vsp": [111.5923877027857, 321.65030285654274, 184.3929572220251]}, "datetime": {"datetime": "2025-08-21 23:45:34", "elapsed": 54050.75223994255, "delta": 37.87544775009155}, "costs": {"total_cost": 1073.6166927492397, "time_cost": 150, "final_distance_cost": 48.43845755648422, "oscillation_cost": 130.4919714898803, "completition_cost": 666.6666666666667, "overshoot_cost": 49.09691459912503, "power_cost": 15.684345178222657, "noise_cost": 13.23833725886088, "n_waypoints_completed": 3, "tot_waypoints": 9}}
{"target": -394.4258419814447, "params": {"k_pid_pos": [1.9629801032066936, 0.34633867942870633, 0.7954952204594862], "k_pid_alt": [1.269496067823148, 0.0006177904038200399, 0.4981405626131463], "k_pid_att": [14.660668195986037, 5.740558676747426, 0.07254355336454565], "k_pid_yaw": [0.5, 1e-06, 0.1], "k_pid_hsp": [4.478437555113352, 0.2366831400112751, 0.47535434398326704], "k_pid_vsp": [50.05546040018376, 347.6883786181248, 135.79083113850365]}, "datetime": {"datetime": "2025-08-21 23:46:13", "elapsed": 54089.70989727974, "delta": 38.95765733718872}, "costs": {"total_cost": 394.4258419814447, "time_cost": 81.616, "final_distance_cost": 1.76468050453584, "oscillation_cost": 229.74787799376554, "completition_cost": 0.0, "overshoot_cost": 54.63815061125575, "power_cost": 14.878289221191407, "noise_cost": 11.78084365069616, "n_waypoints_completed": 9, "tot_waypoints": 9}}
{"target": -656.5635083739047, "params": {"k_pid_pos": [1.1567334519200263, 0.08976933825654443, 0.5214015365661421], "k_pid_alt": [1.5627547535826407, 0.4349734973953182, 0.20134787074104477], "k_pid_att": [49.89563155707091, 7.813126393191862, 0.14625417716379951], "k_pid_yaw": [0.5, 1e-06, 0.1], "k_pid_hsp": [4.436839325305586, 0.668334037487716, 0.8304008382665279], "k_pid_vsp": [223.86292922857, 11.149098706567338, 92.95594598917576]}, "datetime": {"datetime": "2025-08-21 23:46:49", "elapsed": 54125.63049244881, "delta": 35.92059516906738}, "costs": {"total_cost": 656.5635083739047, "time_cost": 150, "final_distance_cost": 24.06951972902064, "oscillation_cost": 278.69993831640903, "completition_cost": 111.11111111111116, "overshoot_cost": 58.33117592259721, "power_cost": 19.36107950439453, "noise_cost": 14.990683790372037, "n_waypoints_completed": 8, "tot_waypoints": 9}}
{"target": -839.438643810768, "params": {"k_pid_pos": [1.1477039468575632, 0.37849988848352323, 0.6833838490291122], "k_pid_alt": [0.2751270251677449, 0.5375644134369469, 0.9557798447331691], "k_pid_att": [48.735106590643674, 6.223562862056105, 0.33381480034900735], "k_pid_yaw": [0.5, 1e-06, 0.1], "k_pid_hsp": [8.090678320046688, 0.7150832110196041, 0.1631205825492148], "k_pid_vsp": [360.9700828237557, 212.62519649159415, 29.6047026805107]}, "datetime": {"datetime": "2025-08-21 23:47:43", "elapsed": 54180.19870901108, "delta": 54.56821656227112}, "costs": {"total_cost": 839.438643810768, "time_cost": 150, "final_distance_cost": 67.70227265445124, "oscillation_cost": 315.45242909688807, "completition_cost": 222.2222222222222, "overshoot_cost": 51.12985831354603, "power_cost": 18.50317663574219, "noise_cost": 14.428684887918298, "n_waypoints_completed": 7, "tot_waypoints": 9}}
{"target": -924.0339131406447, "params": {"k_pid_pos": [2.0, 1.0, 0.0], "k_pid_alt": [2.0, 1.0, 0.0], "k_pid_att": [46.72507975858606, 10.0, 0.0], "k_pid_yaw": [0.5, 1e-06, 0.1], "k_pid_hsp": [2.951685715982919, 1.0, 0.0], "k_pid_vsp": [193.2735463693965, 306.34351966059626, 92.68802668956069]}, "datetime": {"datetime": "2025-08-21 23:48:34", "elapsed": 54230.79263806343, "delta": 50.593929052352905}, "costs": {"total_cost": 924.0339131406447, "time_cost": 150, "final_distance_cost": 46.06152843591982, "oscillation_cost": 76.40960867053424, "completition_cost": 555.5555555555555, "overshoot_cost": 59.15550815862071, "power_cost": 20.604074584960937, "noise_cost": 16.24763773505342, "n_waypoints_completed": 4, "tot_waypoints": 9}}
{"target": -1840.011273408504, "params": {"k_pid_pos": [2.0, 0.0, 0.0], "k_pid_alt": [0.0, 0.0, 1.0], "k_pid_att": [58.68504165524648, 7.082440271893825, 0.0], "k_pid_yaw": [0.5, 1e-06, 0.1], "k_pid_hsp": [10.0, 1.0, 0.0], "k_pid_vsp": [259.59872536191955, 229.38488629569227, 169.35670684983347]}, "datetime": {"datetime": "2025-08-21 23:49:10", "elapsed": 54267.22020149231, "delta": 36.427563428878784}, "costs": {"total_cost": 1840.011273408504, "time_cost": 150, "final_distance_cost": 1.0001559629899985, "oscillation_cost": 454.53391742305814, "completition_cost": 1000.0, "overshoot_cost": 134.64448080776395, "power_cost": 24.76157841796875, "noise_cost": 75.0711407967231, "n_waypoints_completed": 0, "tot_waypoints": 9}}
{"target": -430.0176419429212, "params": {"k_pid_pos": [2.0, 0.0, 1.0], "k_pid_alt": [2.0, 0.0, 0.0], "k_pid_att": [68.50984007540826, 2.4344338573674316, 0.0], "k_pid_yaw": [0.5, 1e-06, 0.1], "k_pid_hsp": [10.0, 0.0, 1.0], "k_pid_vsp": [255.86566256212424, 266.2201356698707, 268.29389991398887]}, "datetime": {"datetime": "2025-08-21 23:49:48", "elapsed": 54304.66237902641, "delta": 37.442177534103394}, "costs": {"total_cost": 430.0176419429212, "time_cost": 80.568, "final_distance_cost": 1.7851443003372698, "oscillation_cost": 256.1015171310304, "completition_cost": 0.0, "overshoot_cost": 56.82031325077822, "power_cost": 19.22510905761719, "noise_cost": 15.517558203158158, "n_waypoints_completed": 9, "tot_waypoints": 9}}
{"target": -1356.3225569093484, "params": {"k_pid_pos": [1.0216340358720133, 0.15209222189261384, 0.0749637450641576], "k_pid_alt": [0.15945964459461015, 0.7109815369481685, 0.8928951711898448], "k_pid_att": [26.91734762131751, 4.435127971959796, 0.08602571464845898], "k_pid_yaw": [0.5, 1e-06, 0.1], "k_pid_hsp": [2.5532492642622406, 0.9459570915946576, 0.9364505432116821], "k_pid_vsp": [160.63367588340068, 18.820429192104594, 0.7425461766700696]}, "datetime": {"datetime": "2025-08-21 23:50:25", "elapsed": 54342.05766582489, "delta": 37.39528679847717}, "costs": {"total_cost": 1356.3225569093484, "time_cost": 150, "final_distance_cost": 68.93448855353584, "oscillation_cost": 184.64213920879595, "completition_cost": 888.8888888888888, "overshoot_cost": 31.584206394248053, "power_cost": 17.46047858886719, "noise_cost": 14.812355275012514, "n_waypoints_completed": 1, "tot_waypoints": 9}}
{"target": -706.185090766053, "params": {"k_pid_pos": [0.9424623546633286, 0.27215220910294974, 0.873871365911129], "k_pid_alt": [1.6520728325498404, 0.7931707580749815, 0.7724710309562836], "k_pid_att": [94.23354960663258, 9.125600943812499, 0.059850268082281576], "k_pid_yaw": [0.5, 1e-06, 0.1], "k_pid_hsp": [2.1345248042395166, 0.10567532416869195, 0.2714823884062399], "k_pid_vsp": [252.36672210782507, 376.66060097911935, 148.4812873474219]}, "datetime": {"datetime": "2025-08-21 23:51:17", "elapsed": 54393.899894952774, "delta": 51.84222912788391}, "costs": {"total_cost": 706.185090766053, "time_cost": 150, "final_distance_cost": 39.24398643697608, "oscillation_cost": 311.63837314871023, "completition_cost": 111.11111111111116, "overshoot_cost": 53.84557533355791, "power_cost": 22.705956750488284, "noise_cost": 17.640087985209266, "n_waypoints_completed": 8, "tot_waypoints": 9}}
{"target": -374.5640761683191, "params": {"k_pid_pos": [1.5630128689166485, 0.0, 0.0], "k_pid_alt": [2.0, 0.20575969440313946, 1.0], "k_pid_att": [34.31853405488031, 0.22119590897247862, 0.0], "k_pid_yaw": [0.5, 1e-06, 0.1], "k_pid_hsp": [7.600387479173939, 0.20378790356790502, 1.0], "k_pid_vsp": [229.92184901061145, 321.7732238750683, 11.698390223537908]}, "datetime": {"datetime": "2025-08-21 23:52:01", "elapsed": 54437.73260450363, "delta": 43.832709550857544}, "costs": {"total_cost": 374.5640761683191, "time_cost": 91.808, "final_distance_cost": 1.737443465697772, "oscillation_cost": 190.46524957825127, "completition_cost": 0.0, "overshoot_cost": 53.8293944953005, "power_cost": 20.781745727539064, "noise_cost": 15.942242901530447, "n_waypoints_completed": 9, "tot_waypoints": 9}}
{"target": -1222.5303476561119, "params": {"k_pid_pos": [0.5975655257791768, 0.0, 1.0], "k_pid_alt": [0.7161097700803986, 0.0, 0.5191536529202854], "k_pid_att": [0.0, 0.0001, 0.04119959609616679], "k_pid_yaw": [0.5, 1e-06, 0.1], "k_pid_hsp": [0.0001, 0.0, 0.0], "k_pid_vsp": [299.815230632433, 239.17422989795978, 166.2282745837061]}, "datetime": {"datetime": "2025-08-21 23:52:42", "elapsed": 54479.144825935364, "delta": 41.41222143173218}, "costs": {"total_cost": 1222.5303476561119, "time_cost": 150, "final_distance_cost": 48.522239758814784, "oscillation_cost": 0.19993426058212965, "completition_cost": 888.8888888888888, "overshoot_cost": 90.02844523386894, "power_cost": 26.90783933105469, "noise_cost": 17.983000182902543, "n_waypoints_completed": 1, "tot_waypoints": 9}}
{"target": -1186.4931804735875, "params": {"k_pid_pos": [0.0034488398528931038, 0.3351998280442914, 0.22977253040457357], "k_pid_alt": [1.9150270712382356, 0.6223059437528328, 0.9115834632249838], "k_pid_att": [15.661837306116954, 7.934473813262911, 0.8565072569987069], "k_pid_yaw": [0.5, 1e-06, 0.1], "k_pid_hsp": [7.345498750564796, 0.479247142513054, 0.28454613852050115], "k_pid_vsp": [179.66626908192276, 353.0783430441071, 122.4322926491796]}, "datetime": {"datetime": "2025-08-21 23:53:20", "elapsed": 54516.773915052414, "delta": 37.62908911705017}, "costs": {"total_cost": 1186.4931804735875, "time_cost": 150, "final_distance_cost": 76.99292856280957, "oscillation_cost": 199.62071757592122, "completition_cost": 666.6666666666667, "overshoot_cost": 59.69111239428307, "power_cost": 19.296078845214844, "noise_cost": 14.225676428692132, "n_waypoints_completed": 3, "tot_waypoints": 9}}
{"target": -295.8528140418373, "params": {"k_pid_pos": [1.9867687938076903, 0.11141989462038271, 0.559511430664391], "k_pid_alt": [1.579821681287379, 0.4827731394847745, 0.596984110426074], "k_pid_att": [9.94599345592253, 5.338269145114263, 0.8426231745869981], "k_pid_yaw": [0.5, 1e-06, 0.1], "k_pid_hsp": [3.506477222294719, 0.5957493530471962, 0.8665994274770629], "k_pid_vsp": [176.18004288549076, 345.49387818443626, 112.03667557347896]}, "datetime": {"datetime": "2025-08-21 23:54:01", "elapsed": 54557.55922317505, "delta": 40.78530812263489}, "costs": {"total_cost": 295.8528140418373, "time_cost": 80.712, "final_distance_cost": 1.739012190845487, "oscillation_cost": 131.88978708551275, "completition_cost": 0.0, "overshoot_cost": 55.422579260443925, "power_cost": 14.895738671875002, "noise_cost": 11.193696833160097, "n_waypoints_completed": 9, "tot_waypoints": 9}}
{"target": -354.2933157813523, "params": {"k_pid_pos": [1.5011992857629801, 0.4537766049378362, 0.7712357800901951], "k_pid_alt": [0.960913896244556, 0.11627139007096776, 0.05667942144071614], "k_pid_att": [32.8143885862891, 2.7759343736443727, 0.9497149520231777], "k_pid_yaw": [0.5, 1e-06, 0.1], "k_pid_hsp": [9.167766961197087, 0.5066538778903591, 0.3815045900601456], "k_pid_vsp": [183.92612144524261, 199.62203685116978, 101.75537235885929]}, "datetime": {"datetime": "2025-08-21 23:54:38", "elapsed": 54595.278644800186, "delta": 37.71942162513733}, "costs": {"total_cost": 354.2933157813523, "time_cost": 86.08800000000001, "final_distance_cost": 1.7777221833409875, "oscillation_cost": 181.15103746408843, "completition_cost": 0.0, "overshoot_cost": 53.540866076840196, "power_cost": 18.099824340820312, "noise_cost": 13.635865716262419, "n_waypoints_completed": 9, "tot_waypoints": 9}}
{"target": -1869.4850377633045, "params": {"k_pid_pos": [2.0, 0.0, 0.0], "k_pid_alt": [0.0, 0.0, 0.6352226969353538], "k_pid_att": [31.940837916266613, 9.503469733141175, 0.0], "k_pid_yaw": [0.5, 1e-06, 0.1], "k_pid_hsp": [9.577956463335259, 0.9615756680418994, 0.3963373276907918], "k_pid_vsp": [55.27322642018886, 296.3063833770906, 46.184316757824966]}, "datetime": {"datetime": "2025-08-21 23:55:25", "elapsed": 54642.371479034424, "delta": 47.09283423423767}, "costs": {"total_cost": 1869.4850377633045, "time_cost": 150, "final_distance_cost": 0.9126626018934648, "oscillation_cost": 494.8031928208157, "completition_cost": 1000.0, "overshoot_cost": 135.78848592280846, "power_cost": 19.489104833984374, "noise_cost": 68.49159158380249, "n_waypoints_completed": 0, "tot_waypoints": 9}}
{"target": -285.99839549508255, "params": {"k_pid_pos": [2.0, 0.0, 0.5149050605125657], "k_pid_alt": [2.0, 0.0, 0.4159647436073329], "k_pid_att": [2.765401198498831, 8.08688166628899, 0.8288554020325012], "k_pid_yaw": [0.5, 1e-06, 0.1], "k_pid_hsp": [2.8996362720618363, 0.5045857932935244, 0.0], "k_pid_vsp": [107.02574163265865, 308.91395066409245, 104.11601536174115]}, "datetime": {"datetime": "2025-08-21 23:56:00", "elapsed": 54677.228682756424, "delta": 34.85720372200012}, "costs": {"total_cost": 285.99839549508255, "time_cost": 71.752, "final_distance_cost": 1.784320928778741, "oscillation_cost": 123.70406011908038, "completition_cost": 0.0, "overshoot_cost": 51.67382910688255, "power_cost": 20.832121203613283, "noise_cost": 16.25206413672761, "n_waypoints_completed": 9, "tot_waypoints": 9}}
{"target": -628.479321078693, "params": {"k_pid_pos": [0.59471496815243, 0.5398818635603182, 0.4255963485981469], "k_pid_alt": [0.9740948126349505, 0.4564404772332481, 0.21068720786955675], "k_pid_att": [40.91139998148009, 4.750475154796006, 0.7948107866520824], "k_pid_yaw": [0.5, 1e-06, 0.1], "k_pid_hsp": [4.667754286485834, 0.17374633043123666, 0.539661670195271], "k_pid_vsp": [278.8438837833358, 304.4551270826521, 76.77059338512828]}, "datetime": {"datetime": "2025-08-21 23:56:41", "elapsed": 54717.9504609108, "delta": 40.72177815437317}, "costs": {"total_cost": 628.479321078693, "time_cost": 150, "final_distance_cost": 30.67488554456346, "oscillation_cost": 244.5402553635571, "completition_cost": 111.11111111111116, "overshoot_cost": 52.16124704949424, "power_cost": 22.772674731445314, "noise_cost": 17.219147278521614, "n_waypoints_completed": 8, "tot_waypoints": 9}}
