{"target": -405.4425800585652, "params": {"k_pid_pos": [2.0, 0.0, 1.0], "k_pid_alt": [2.0, 1.0, 0.0], "k_pid_att": [14.04326785813921, 7.9863027100257895, 0.0], "k_pid_yaw": [0.5, 1e-06, 0.1], "k_pid_hsp": [7.226540304001589, 0.0, 0.0], "k_pid_vsp": [355.9860620134056, 372.2566992505137, 198.68335956054108]}, "datetime": {"datetime": "2025-08-21 20:53:27", "elapsed": 43723.80170297623, "delta": 33.8173246383667}, "costs": {"total_cost": 405.4425800585652, "time_cost": 85.68, "final_distance_cost": 1.8468426384474752, "oscillation_cost": 231.2771111262385, "completition_cost": 0.0, "overshoot_cost": 55.711525157174, "power_cost": 17.673518481445313, "noise_cost": 13.253582655259953, "n_waypoints_completed": 9, "tot_waypoints": 9}}
{"target": -340.47162921879925, "params": {"k_pid_pos": [1.3877377340961004, 0.5085383810689635, 0.3539406491758428], "k_pid_alt": [1.2278072213630107, 0.5309787356313296, 0.7215936029965796], "k_pid_att": [9.72949612601024, 4.448607643089289, 0.9135301821599022], "k_pid_yaw": [0.5, 1e-06, 0.1], "k_pid_hsp": [9.61934680906047, 0.7546559329895726, 0.8280843307996429], "k_pid_vsp": [175.18204238711408, 355.17165806355547, 109.78796773828523]}, "datetime": {"datetime": "2025-08-21 20:54:08", "elapsed": 43765.004212379456, "delta": 41.20250940322876}, "costs": {"total_cost": 340.47162921879925, "time_cost": 89.536, "final_distance_cost": 1.7308980679368364, "oscillation_cost": 161.32308343192, "completition_cost": 0.0, "overshoot_cost": 54.10862564488538, "power_cost": 19.264481750488283, "noise_cost": 14.508540323568731, "n_waypoints_completed": 9, "tot_waypoints": 9}}
{"target": -394.97714616631725, "params": {"k_pid_pos": [2.0, 0.07975361502766473, 0.5099100389450546], "k_pid_alt": [1.4436940094535458, 1.0, 0.0], "k_pid_att": [16.97649571138389, 1.59727290428689, 0.0], "k_pid_yaw": [0.5, 1e-06, 0.1], "k_pid_hsp": [8.461855403280593, 0.6192558178238592, 0.6625579767274846], "k_pid_vsp": [250.60656036454293, 196.36256176586966, 43.475722324635136]}, "datetime": {"datetime": "2025-08-21 20:54:49", "elapsed": 43805.93559074402, "delta": 40.93137836456299}, "costs": {"total_cost": 394.97714616631725, "time_cost": 86.536, "final_distance_cost": 1.7773550474606947, "oscillation_cost": 227.21314498808056, "completition_cost": 0.0, "overshoot_cost": 55.28584819910534, "power_cost": 13.145208032226563, "noise_cost": 11.01958989944414, "n_waypoints_completed": 9, "tot_waypoints": 9}}
{"target": -1213.0123183719293, "params": {"k_pid_pos": [0.3143954880676268, 0.23927497209634707, 0.9273717813554627], "k_pid_alt": [0.683965702571607, 0.9785648173123368, 0.3603207594822101], "k_pid_att": [62.58833861293163, 3.3211469363187636, 0.13747266677155567], "k_pid_yaw": [0.5, 1e-06, 0.1], "k_pid_hsp": [6.132899029690373, 0.9998856889073918, 0.029715592101967614], "k_pid_vsp": [124.75286356161766, 144.33845867268636, 115.45062259917498]}, "datetime": {"datetime": "2025-08-21 20:55:26", "elapsed": 43842.932742357254, "delta": 36.997151613235474}, "costs": {"total_cost": 1213.0123183719293, "time_cost": 150, "final_distance_cost": 42.59786910018359, "oscillation_cost": 367.40263893058443, "completition_cost": 555.5555555555555, "overshoot_cost": 54.988731274754095, "power_cost": 23.87224080810547, "noise_cost": 18.595282702746115, "n_waypoints_completed": 4, "tot_waypoints": 9}}
{"target": -704.3438076443759, "params": {"k_pid_pos": [2.0, 0.40120583168046997, 0.9226625751395496], "k_pid_alt": [1.6900772809988878, 1.0, 0.0], "k_pid_att": [15.972449723823647, 6.103059522956794, 0.0], "k_pid_yaw": [0.5, 1e-06, 0.1], "k_pid_hsp": [4.880699479925157, 0.6126823186533459, 0.38454913031933585], "k_pid_vsp": [250.16240251713623, 198.38525184461363, 42.62198487293858]}, "datetime": {"datetime": "2025-08-21 20:56:07", "elapsed": 43884.079114198685, "delta": 41.146371841430664}, "costs": {"total_cost": 704.3438076443759, "time_cost": 150, "final_distance_cost": 43.56105583647924, "oscillation_cost": 298.90159019459867, "completition_cost": 111.11111111111116, "overshoot_cost": 56.86999957532261, "power_cost": 26.091477539062502, "noise_cost": 17.80857338780182, "n_waypoints_completed": 8, "tot_waypoints": 9}}
{"target": -429.45713943874296, "params": {"k_pid_pos": [2.0, 0.0, 0.18423886543671966], "k_pid_alt": [2.0, 0.27386339486904643, 1.0], "k_pid_att": [10.064489630034728, 5.763411098845988, 1.0], "k_pid_yaw": [0.5, 1e-06, 0.1], "k_pid_hsp": [2.97980119040381, 0.9599006246738128, 0.0], "k_pid_vsp": [170.31402421396172, 341.4408296595827, 109.13713844933652]}, "datetime": {"datetime": "2025-08-21 20:56:43", "elapsed": 43919.551991939545, "delta": 35.472877740859985}, "costs": {"total_cost": 429.45713943874296, "time_cost": 150, "final_distance_cost": 6.847360001340701, "oscillation_cost": 74.15023442447924, "completition_cost": 111.11111111111116, "overshoot_cost": 51.84810115469497, "power_cost": 20.71044029541016, "noise_cost": 14.78989245170676, "n_waypoints_completed": 8, "tot_waypoints": 9}}
{"target": -1056.3587969377563, "params": {"k_pid_pos": [1.9361987652451815, 0.1521899947105365, 0.36928477873174315], "k_pid_alt": [1.6686439173314946, 0.28064741562020135, 0.9185178980977174], "k_pid_att": [36.9759796518705, 4.3295785043575625, 0.17913666815999818], "k_pid_yaw": [0.5, 1e-06, 0.1], "k_pid_hsp": [1.8394501648851174, 0.23897145206641168, 0.904731268336628], "k_pid_vsp": [234.13684962191735, 328.4920041796196, 8.665928749125651]}, "datetime": {"datetime": "2025-08-21 20:57:17", "elapsed": 43954.42311453819, "delta": 34.87112259864807}, "costs": {"total_cost": 1056.3587969377563, "time_cost": 150, "final_distance_cost": 50.849515142833084, "oscillation_cost": 197.8962077449517, "completition_cost": 555.5555555555555, "overshoot_cost": 52.81373785479902, "power_cost": 26.867236743164064, "noise_cost": 22.376543896452947, "n_waypoints_completed": 4, "tot_waypoints": 9}}
{"target": -357.1313667691574, "params": {"k_pid_pos": [1.9693169027822106, 0.0, 1.0], "k_pid_alt": [1.811112360604061, 0.0, 0.0], "k_pid_att": [84.89886193687782, 0.005154355444256964, 0.9993144298708541], "k_pid_yaw": [0.5, 1e-06, 0.1], "k_pid_hsp": [10.0, 0.5942731540573951, 0.2891348020070204], "k_pid_vsp": [368.2255565559926, 373.47730306796143, 214.12028126735035]}, "datetime": {"datetime": "2025-08-21 20:57:48", "elapsed": 43985.05532860756, "delta": 30.632214069366455}, "costs": {"total_cost": 357.1313667691574, "time_cost": 74.528, "final_distance_cost": 1.849784047036333, "oscillation_cost": 201.91131649830416, "completition_cost": 0.0, "overshoot_cost": 51.60131875385722, "power_cost": 15.160358508300781, "noise_cost": 12.080588961658902, "n_waypoints_completed": 9, "tot_waypoints": 9}}
{"target": -1324.545202279835, "params": {"k_pid_pos": [0.0732739169885957, 0.0, 1.0], "k_pid_alt": [1.0191399527073488, 0.0, 0.0], "k_pid_att": [86.58095035413389, 4.689276078131705, 1.0], "k_pid_yaw": [0.5, 1e-06, 0.1], "k_pid_hsp": [10.0, 0.999656735004535, 0.0], "k_pid_vsp": [366.04423778014007, 375.79818296136614, 213.7332442326543]}, "datetime": {"datetime": "2025-08-21 20:58:28", "elapsed": 44024.737142801285, "delta": 39.681814193725586}, "costs": {"total_cost": 1324.545202279835, "time_cost": 150, "final_distance_cost": 60.15769706999817, "oscillation_cost": 153.29992450286417, "completition_cost": 888.8888888888888, "overshoot_cost": 45.58252028973565, "power_cost": 13.912022473144532, "noise_cost": 12.704149055203471, "n_waypoints_completed": 1, "tot_waypoints": 9}}
{"target": -245.30418938335347, "params": {"k_pid_pos": [1.225640971437229, 0.5871764934658967, 0.5807622364375582], "k_pid_alt": [1.8379067531301596, 0.5265074085783322, 0.6353007173277242], "k_pid_att": [21.64051093156796, 2.787829638504456, 0.7692341759317074], "k_pid_yaw": [0.5, 1e-06, 0.1], "k_pid_hsp": [2.46255507346782, 0.7205370892103755, 0.10698660855482911], "k_pid_vsp": [160.02556295028518, 11.094410434590047, 5.612801879307152]}, "datetime": {"datetime": "2025-08-21 20:59:11", "elapsed": 44067.53982067108, "delta": 42.80267786979675}, "costs": {"total_cost": 245.30418938335347, "time_cost": 82.296, "final_distance_cost": 1.7124321389293762, "oscillation_cost": 84.09886195123609, "completition_cost": 0.0, "overshoot_cost": 51.82924362354282, "power_cost": 13.307482751464844, "noise_cost": 12.060168918180363, "n_waypoints_completed": 9, "tot_waypoints": 9}}
{"target": -473.7463448942607, "params": {"k_pid_pos": [1.6628453442828512, 0.020294882024475047, 0.9189773306383779], "k_pid_alt": [1.8152897801519552, 0.1682754030680671, 0.5139893597490872], "k_pid_att": [23.381430712673502, 1.817590084609301, 0.6425543994699046], "k_pid_yaw": [0.5, 1e-06, 0.1], "k_pid_hsp": [8.99784792839481, 0.07212535017180866, 0.6151391533904315], "k_pid_vsp": [384.85954127417773, 245.09764029228788, 121.39254359974647]}, "datetime": {"datetime": "2025-08-21 20:59:51", "elapsed": 44107.99964737892, "delta": 40.459826707839966}, "costs": {"total_cost": 473.7463448942607, "time_cost": 93.808, "final_distance_cost": 1.7384663837189978, "oscillation_cost": 285.7566832041565, "completition_cost": 0.0, "overshoot_cost": 52.570124857232734, "power_cost": 23.51476473388672, "noise_cost": 16.358305715265697, "n_waypoints_completed": 9, "tot_waypoints": 9}}
{"target": -974.6496090391729, "params": {"k_pid_pos": [2.0, 1.0, 1.0], "k_pid_alt": [0.0, 0.6887604471651232, 1.0], "k_pid_att": [13.088128890391777, 10.0, 0.9658065113384392], "k_pid_yaw": [0.5, 1e-06, 0.1], "k_pid_hsp": [10.0, 0.0, 0.319313759464693], "k_pid_vsp": [165.37719009180006, 111.95112666336682, 19.06286371266339]}, "datetime": {"datetime": "2025-08-21 21:00:36", "elapsed": 44152.92637014389, "delta": 44.92672276496887}, "costs": {"total_cost": 974.6496090391729, "time_cost": 150, "final_distance_cost": 45.19608356455618, "oscillation_cost": 232.00240620544014, "completition_cost": 444.4444444444444, "overshoot_cost": 53.57505063298462, "power_cost": 26.749130603027346, "noise_cost": 22.682493588720433, "n_waypoints_completed": 5, "tot_waypoints": 9}}
{"target": -305.93435028377405, "params": {"k_pid_pos": [2.0, 1.0, 1.0], "k_pid_alt": [2.0, 0.0, 0.0], "k_pid_att": [73.2338177884168, 5.689368312943712, 1.0], "k_pid_yaw": [0.5, 1e-06, 0.1], "k_pid_hsp": [10.0, 0.0, 0.7724798096187734], "k_pid_vsp": [366.6303863043995, 342.1887996089978, 69.16151424817879]}, "datetime": {"datetime": "2025-08-21 21:01:14", "elapsed": 44190.62600159645, "delta": 37.699631452560425}, "costs": {"total_cost": 305.93435028377405, "time_cost": 79.19200000000001, "final_distance_cost": 1.700896940597028, "oscillation_cost": 136.99165523754965, "completition_cost": 0.0, "overshoot_cost": 53.47836760705701, "power_cost": 19.80699041748047, "noise_cost": 14.764440081089912, "n_waypoints_completed": 9, "tot_waypoints": 9}}
{"target": -1589.9203382632497, "params": {"k_pid_pos": [0.010449387937627397, 0.06941009156686218, 0.5071000808809158], "k_pid_alt": [0.1863370374809361, 0.7942342904570224, 0.8834925206315268], "k_pid_att": [96.00230665588475, 6.973628914130846, 0.8193141085448282], "k_pid_yaw": [0.5, 1e-06, 0.1], "k_pid_hsp": [1.6818297131577333, 0.3106154543076227, 0.36584823275193146], "k_pid_vsp": [253.1367172589466, 312.05636434104423, 13.908207978651696]}, "datetime": {"datetime": "2025-08-21 21:01:59", "elapsed": 44236.10806465149, "delta": 45.48206305503845}, "costs": {"total_cost": 1589.9203382632497, "time_cost": 150, "final_distance_cost": 60.18274414750207, "oscillation_cost": 375.35960183601077, "completition_cost": 888.8888888888888, "overshoot_cost": 77.94979812175576, "power_cost": 21.229809643554688, "noise_cost": 16.309495625537586, "n_waypoints_completed": 1, "tot_waypoints": 9}}
{"target": -305.7674380537348, "params": {"k_pid_pos": [2.0, 0.0, 0.0], "k_pid_alt": [1.3669877884225523, 0.0, 1.0], "k_pid_att": [54.50907800816604, 4.033967425832191, 0.13351738147685774], "k_pid_yaw": [0.5, 1e-06, 0.1], "k_pid_hsp": [5.721806136406065, 1.0, 1.0], "k_pid_vsp": [353.43027374961184, 214.4688782060766, 33.019164649575124]}, "datetime": {"datetime": "2025-08-21 21:02:37", "elapsed": 44274.00777888298, "delta": 37.89971423149109}, "costs": {"total_cost": 305.7674380537348, "time_cost": 79.352, "final_distance_cost": 1.768214406340451, "oscillation_cost": 144.20700829958358, "completition_cost": 0.0, "overshoot_cost": 53.32717527897524, "power_cost": 14.874198425292969, "noise_cost": 12.238841643542564, "n_waypoints_completed": 9, "tot_waypoints": 9}}
{"target": -345.24277625498365, "params": {"k_pid_pos": [2.0, 0.0, 0.6849981587045656], "k_pid_alt": [0.6521481388220399, 1.0, 0.8443116007048499], "k_pid_att": [37.99260237285538, 1.7746314721595187, 0.5088547316170074], "k_pid_yaw": [0.5, 1e-06, 0.1], "k_pid_hsp": [7.649427259049342, 0.5295185245637375, 0.0], "k_pid_vsp": [96.94836867096038, 64.77845589165806, 30.535325914623822]}, "datetime": {"datetime": "2025-08-21 21:03:28", "elapsed": 44324.5445766449, "delta": 50.536797761917114}, "costs": {"total_cost": 345.24277625498365, "time_cost": 96.296, "final_distance_cost": 1.732801963982529, "oscillation_cost": 147.51353168767886, "completition_cost": 0.0, "overshoot_cost": 60.40938263594555, "power_cost": 22.816400207519532, "noise_cost": 16.474659759857193, "n_waypoints_completed": 9, "tot_waypoints": 9}}
{"target": -1335.8901529504321, "params": {"k_pid_pos": [0.0001, 1.0, 0.0], "k_pid_alt": [2.0, 0.0, 0.9023071471175614], "k_pid_att": [73.18529137960606, 0.0001, 1.0], "k_pid_yaw": [0.5, 1e-06, 0.1], "k_pid_hsp": [8.47501208684471, 1.0, 0.0], "k_pid_vsp": [176.02825170269367, 142.6035756738798, 65.39270631512369]}, "datetime": {"datetime": "2025-08-21 21:04:15", "elapsed": 44372.11610889435, "delta": 47.571532249450684}, "costs": {"total_cost": 1335.8901529504321, "time_cost": 150, "final_distance_cost": 46.03554060144363, "oscillation_cost": 68.61622698569738, "completition_cost": 1000.0, "overshoot_cost": 31.939387856284522, "power_cost": 22.96080897216797, "noise_cost": 16.33818853483854, "n_waypoints_completed": 0, "tot_waypoints": 9}}
{"target": -367.9946923851571, "params": {"k_pid_pos": [1.341089207233005, 0.29332929707145944, 0.27361701271673655], "k_pid_alt": [0.8693385301898197, 0.4580354861693116, 0.19990986433754374], "k_pid_att": [19.7088022430949, 6.210886180289593, 0.6916172528714633], "k_pid_yaw": [0.5, 1e-06, 0.1], "k_pid_hsp": [5.442432142446899, 0.7829454791544507, 0.5496030720007736], "k_pid_vsp": [383.81896318823624, 246.37996539766647, 123.56940931323523]}, "datetime": {"datetime": "2025-08-21 21:04:54", "elapsed": 44410.58458280563, "delta": 38.4684739112854}, "costs": {"total_cost": 367.9946923851571, "time_cost": 89.52, "final_distance_cost": 1.7228893294615504, "oscillation_cost": 193.57028020480317, "completition_cost": 0.0, "overshoot_cost": 54.046444152561534, "power_cost": 16.117629211425783, "noise_cost": 13.017449486905067, "n_waypoints_completed": 9, "tot_waypoints": 9}}
{"target": -332.0680701619798, "params": {"k_pid_pos": [2.0, 1.0, 1.0], "k_pid_alt": [2.0, 0.0, 1.0], "k_pid_att": [57.55944814333127, 3.9286237105610913, 0.0], "k_pid_yaw": [0.5, 1e-06, 0.1], "k_pid_hsp": [4.507560069450648, 1.0, 0.5992416683663326], "k_pid_vsp": [207.64032039433522, 228.64081031934433, 124.96779846398834]}, "datetime": {"datetime": "2025-08-21 21:05:35", "elapsed": 44451.66466975212, "delta": 41.08008694648743}, "costs": {"total_cost": 332.0680701619798, "time_cost": 84.488, "final_distance_cost": 1.7310349595188725, "oscillation_cost": 156.88625598038323, "completition_cost": 0.0, "overshoot_cost": 57.01239185047998, "power_cost": 18.118299963378906, "noise_cost": 13.832087408218877, "n_waypoints_completed": 9, "tot_waypoints": 9}}
{"target": -1369.0612674889887, "params": {"k_pid_pos": [0.16691229319477308, 0.10271135029531164, 0.8828604659827299], "k_pid_alt": [1.54418913963416, 0.48590326075638035, 0.4800059695797525], "k_pid_att": [52.4870602144493, 7.916631261579741, 0.14424771239933498], "k_pid_yaw": [0.5, 1e-06, 0.1], "k_pid_hsp": [4.937421991722502, 0.6888159239211948, 0.4138210262759674], "k_pid_vsp": [355.7241405045351, 205.17755168871625, 32.02930495845336]}, "datetime": {"datetime": "2025-08-21 21:06:14", "elapsed": 44491.286199092865, "delta": 39.62152934074402}, "costs": {"total_cost": 1369.0612674889887, "time_cost": 150, "final_distance_cost": 53.046978302112805, "oscillation_cost": 407.63064626806346, "completition_cost": 666.6666666666667, "overshoot_cost": 54.467180756916314, "power_cost": 21.178717834472657, "noise_cost": 16.07107766075668, "n_waypoints_completed": 3, "tot_waypoints": 9}}
{"target": -360.43502810076114, "params": {"k_pid_pos": [2.0, 0.0, 1.0], "k_pid_alt": [2.0, 0.0, 0.0], "k_pid_att": [80.71625782620643, 0.0001, 1.0], "k_pid_yaw": [0.5, 1e-06, 0.1], "k_pid_hsp": [9.663270676640467, 0.0, 1.0], "k_pid_vsp": [366.6780510445672, 375.30713672771526, 218.00126959421792]}, "datetime": {"datetime": "2025-08-21 21:06:53", "elapsed": 44529.645569086075, "delta": 38.35936999320984}, "costs": {"total_cost": 360.43502810076114, "time_cost": 73.992, "final_distance_cost": 1.7877981132517151, "oscillation_cost": 200.4978538977166, "completition_cost": 0.0, "overshoot_cost": 54.88281454264361, "power_cost": 16.388667407226563, "noise_cost": 12.885894139922659, "n_waypoints_completed": 9, "tot_waypoints": 9}}
{"target": -327.52260297820965, "params": {"k_pid_pos": [2.0, 1.0, 1.0], "k_pid_alt": [2.0, 0.0, 0.0], "k_pid_att": [70.22434343451492, 2.6862338954365708, 1.0], "k_pid_yaw": [0.5, 1e-06, 0.1], "k_pid_hsp": [10.0, 0.0, 0.12309966985115389], "k_pid_vsp": [367.1608952429882, 338.8297815886189, 71.55986742412816]}, "datetime": {"datetime": "2025-08-21 21:07:35", "elapsed": 44571.47489953041, "delta": 41.82933044433594}, "costs": {"total_cost": 327.52260297820965, "time_cost": 82.264, "final_distance_cost": 1.7315598199806925, "oscillation_cost": 158.40572227743007, "completition_cost": 0.0, "overshoot_cost": 52.72866128827417, "power_cost": 18.401314196777346, "noise_cost": 13.991345395747427, "n_waypoints_completed": 9, "tot_waypoints": 9}}
{"target": -684.3745198938342, "params": {"k_pid_pos": [2.0, 0.006507915630285541, 0.011374723243372796], "k_pid_alt": [1.9363738532262291, 1.0, 0.0], "k_pid_att": [18.3537350297765, 0.10182363258948197, 0.0], "k_pid_yaw": [0.5, 1e-06, 0.1], "k_pid_hsp": [6.489887304234627, 0.253349427896331, 0.989779732784645], "k_pid_vsp": [248.3418897163553, 199.23977862752284, 47.732973213121184]}, "datetime": {"datetime": "2025-08-21 21:08:16", "elapsed": 44612.78016400337, "delta": 41.305264472961426}, "costs": {"total_cost": 684.3745198938342, "time_cost": 150, "final_distance_cost": 53.84802228091773, "oscillation_cost": 264.60999435805473, "completition_cost": 111.11111111111116, "overshoot_cost": 55.58759160635693, "power_cost": 28.460420861816406, "noise_cost": 20.757379675577173, "n_waypoints_completed": 8, "tot_waypoints": 9}}
{"target": -524.9701221368929, "params": {"k_pid_pos": [2.0, 0.0, 1.0], "k_pid_alt": [0.0, 0.24156844529328503, 0.4690149092500835], "k_pid_att": [16.922387125814065, 3.7311173089840737, 0.0], "k_pid_yaw": [0.5, 1e-06, 0.1], "k_pid_hsp": [7.525927041508262, 0.5262640551382575, 1.0], "k_pid_vsp": [14.62118447524303, 222.86181866914015, 33.078436845697986]}, "datetime": {"datetime": "2025-08-21 21:09:02", "elapsed": 44659.43314599991, "delta": 46.652981996536255}, "costs": {"total_cost": 524.9701221368929, "time_cost": 99.768, "final_distance_cost": 1.7765839351861834, "oscillation_cost": 320.4921436717046, "completition_cost": 0.0, "overshoot_cost": 64.211830281379, "power_cost": 22.342975842285156, "noise_cost": 16.378588406338043, "n_waypoints_completed": 9, "tot_waypoints": 9}}
{"target": -850.8330488301299, "params": {"k_pid_pos": [1.345201695714376, 0.05848320928403228, 0.7169660806851771], "k_pid_alt": [0.891854190093802, 0.17616357707121666, 0.26230691338556156], "k_pid_att": [6.381302838132963, 9.483126796156633, 0.10911433752899458], "k_pid_yaw": [0.5, 1e-06, 0.1], "k_pid_hsp": [3.3054527238352818, 0.6572652259333668, 0.48267821270789746], "k_pid_vsp": [52.082198340870846, 225.28330292218104, 80.998183021567]}, "datetime": {"datetime": "2025-08-21 21:09:44", "elapsed": 44700.94427442551, "delta": 41.511128425598145}, "costs": {"total_cost": 850.8330488301299, "time_cost": 150, "final_distance_cost": 69.3651463637728, "oscillation_cost": 307.09896184944023, "completition_cost": 222.2222222222222, "overshoot_cost": 51.99011439524507, "power_cost": 28.688035571289063, "noise_cost": 21.46856842816059, "n_waypoints_completed": 7, "tot_waypoints": 9}}
{"target": -1308.1076443191346, "params": {"k_pid_pos": [1.1847974816483533, 0.0, 0.07019135986648413], "k_pid_alt": [0.0, 1.0, 0.6023069939022964], "k_pid_att": [99.99960286803767, 9.999857331570121, 9.043436548170106e-05], "k_pid_yaw": [0.5, 1e-06, 0.1], "k_pid_hsp": [0.0001, 0.0, 0.0], "k_pid_vsp": [143.30420753290574, 242.2347340374443, 47.56668907724861]}, "datetime": {"datetime": "2025-08-21 21:10:23", "elapsed": 44739.555670022964, "delta": 38.611395597457886}, "costs": {"total_cost": 1308.1076443191346, "time_cost": 150, "final_distance_cost": 60.80842926319862, "oscillation_cost": 20.402922805410622, "completition_cost": 1000.0, "overshoot_cost": 36.71271704437714, "power_cost": 23.513060278320314, "noise_cost": 16.670514927827917, "n_waypoints_completed": 0, "tot_waypoints": 9}}
