{"target": -3464.624958485782, "params": {"k_pid_pos": [1.4026808683611502, 0.38510873135502977, 0.6055900732318763], "k_pid_alt": [1.807916518459132, 0.9333010550500814, 0.9786565106661159], "k_pid_att": [0.14874224819868553, 5.761522719348506, 0.7761304763930778], "k_pid_yaw": [0.5, 1e-06, 0.1], "k_pid_hsp": [9.943792918261442, 0.7375091826443879, 0.2092815133700039], "k_pid_vsp": [101.66158546648774, 251.19653255675146, 387.88069239287904]}, "datetime": {"datetime": "2025-08-21 09:07:09", "elapsed": 1346.3681683540344, "delta": 25.70121693611145}, "costs": {"total_cost": 3464.624958485782, "time_cost": 150, "final_distance_cost": 392.53326459084974, "oscillation_cost": 910.5683134876308, "completition_cost": 1000.0, "overshoot_cost": 882.3367261811171, "power_cost": 32.23494842529297, "noise_cost": 96.9517058008909, "n_waypoints_completed": 0, "tot_waypoints": 9}}
{"target": -3438.1763353134397, "params": {"k_pid_pos": [1.9064811882747825, 0.04640845041199004, 0.860321692205656], "k_pid_alt": [0.17180174937646697, 0.2823240678658502, 0.8151818283888737], "k_pid_att": [53.929989658671374, 4.681308779828752, 0.5914477862346296], "k_pid_yaw": [0.5, 1e-06, 0.1], "k_pid_hsp": [8.336960353185521, 0.05150534764178194, 0.8308326911222663], "k_pid_vsp": [3.135870476968927, 296.68219121178845, 338.1946053479779]}, "datetime": {"datetime": "2025-08-21 09:07:39", "elapsed": 1376.1032691001892, "delta": 29.735100746154785}, "costs": {"total_cost": 3438.1763353134397, "time_cost": 150, "final_distance_cost": 823.8846996927529, "oscillation_cost": 396.6831394414506, "completition_cost": 888.8888888888888, "overshoot_cost": 1141.6120231522746, "power_cost": 19.64422642822266, "noise_cost": 17.463357709850303, "n_waypoints_completed": 1, "tot_waypoints": 9}}
{"target": -1155.7662092017026, "params": {"k_pid_pos": [0.2034833502278525, 0.7388396754581936, 0.4256800576910603], "k_pid_alt": [1.0807358724884746, 0.29565226896823116, 0.12525276883546366], "k_pid_att": [85.58623384164517, 8.921345114944765, 0.8569990318733677], "k_pid_yaw": [0.5, 1e-06, 0.1], "k_pid_hsp": [7.57730364516612, 0.49655708565332524, 0.712936042839345], "k_pid_vsp": [18.241953727620253, 281.54658400397335, 181.36240567289727]}, "datetime": {"datetime": "2025-08-21 09:08:06", "elapsed": 1402.9208636283875, "delta": 26.817594528198242}, "costs": {"total_cost": 1155.7662092017026, "time_cost": 150, "final_distance_cost": 55.85240214707204, "oscillation_cost": 188.09829597875193, "completition_cost": 666.6666666666667, "overshoot_cost": 60.01964787834501, "power_cost": 19.363157421875, "noise_cost": 15.766039108991864, "n_waypoints_completed": 3, "tot_waypoints": 9}}
{"target": -1329.8337435004232, "params": {"k_pid_pos": [1.1158323056812554, 0.6956512293411207, 0.5455276638515592], "k_pid_alt": [1.6940797547232833, 0.05834583853836306, 0.7687261296723984], "k_pid_att": [32.76237714842647, 8.914080586548044, 0.21058795993610024], "k_pid_yaw": [0.5, 1e-06, 0.1], "k_pid_hsp": [9.941794414446186, 0.1668923584292521, 0.49267640330415297], "k_pid_vsp": [124.68508397294275, 12.889833661238772, 158.28250190701436]}, "datetime": {"datetime": "2025-08-21 09:08:37", "elapsed": 1433.681673526764, "delta": 30.760809898376465}, "costs": {"total_cost": 1329.8337435004232, "time_cost": 150, "final_distance_cost": 56.517992972299695, "oscillation_cost": 364.32827665445603, "completition_cost": 666.6666666666667, "overshoot_cost": 59.00047633518898, "power_cost": 16.672136059570313, "noise_cost": 16.648194812241513, "n_waypoints_completed": 3, "tot_waypoints": 9}}
{"target": -1444.7126231994364, "params": {"k_pid_pos": [0.1313738175643413, 0.376981417193316, 0.2400765080875874], "k_pid_alt": [0.020842853867409916, 0.677181480836373, 0.08171408581076112], "k_pid_att": [35.32922795941092, 3.219954977852648, 0.7312056440189152], "k_pid_yaw": [0.5, 1e-06, 0.1], "k_pid_hsp": [3.6043816035273206, 0.7392747711623482, 0.7504435532353702], "k_pid_vsp": [270.23336505362425, 211.4914888712878, 351.3535274384949]}, "datetime": {"datetime": "2025-08-21 09:09:04", "elapsed": 1461.267587184906, "delta": 27.58591365814209}, "costs": {"total_cost": 1444.7126231994364, "time_cost": 150, "final_distance_cost": 59.535624010981415, "oscillation_cost": 248.70105173016572, "completition_cost": 888.8888888888888, "overshoot_cost": 57.9525695631928, "power_cost": 22.609590234375002, "noise_cost": 17.02489877183261, "n_waypoints_completed": 1, "tot_waypoints": 9}}
{"target": -1180.7049245994815, "params": {"k_pid_pos": [1.3907471751775318, 0.13565312642400784, 0.4860109415947873], "k_pid_alt": [0.33265350031884466, 0.5774855710818999, 0.8142988974344739], "k_pid_att": [25.368264851508126, 7.763343280316698, 0.705952096994428], "k_pid_yaw": [0.5, 1e-06, 0.1], "k_pid_hsp": [3.5897149226837857, 0.0027844875065919927, 0.6009998095379504], "k_pid_vsp": [364.89621882353237, 143.8874972430621, 254.8707206743729]}, "datetime": {"datetime": "2025-08-21 09:09:30", "elapsed": 1487.0420444011688, "delta": 25.774457216262817}, "costs": {"total_cost": 1180.7049245994815, "time_cost": 150, "final_distance_cost": 41.288036104033544, "oscillation_cost": 343.46040121290514, "completition_cost": 555.5555555555555, "overshoot_cost": 50.23703955733488, "power_cost": 22.58475205078125, "noise_cost": 17.579140118871145, "n_waypoints_completed": 4, "tot_waypoints": 9}}
{"target": -1018.0148194356568, "params": {"k_pid_pos": [0.655001263709096, 0.19605787851750545, 0.6812264726475588], "k_pid_alt": [0.2073883457261141, 0.72585314975152, 0.6550096642872412], "k_pid_att": [9.187388387889472, 0.8031684654444052, 0.6675094988396935], "k_pid_yaw": [0.5, 1e-06, 0.1], "k_pid_hsp": [8.96167065073105, 0.2920174743199876, 0.09776673459203122], "k_pid_vsp": [210.48004638592096, 311.994839100617, 267.1077912485421]}, "datetime": {"datetime": "2025-08-21 09:10:01", "elapsed": 1517.6270418167114, "delta": 30.584997415542603}, "costs": {"total_cost": 1018.0148194356568, "time_cost": 150, "final_distance_cost": 43.880940817212476, "oscillation_cost": 182.10925676549655, "completition_cost": 555.5555555555555, "overshoot_cost": 45.969155277915796, "power_cost": 22.76873204345703, "noise_cost": 17.73117897601949, "n_waypoints_completed": 4, "tot_waypoints": 9}}
{"target": -1261.7811758898347, "params": {"k_pid_pos": [0.08453649764226227, 0.14758107146485122, 0.5715199385832849], "k_pid_alt": [1.229637476999561, 0.47188577614586535, 0.7820503919977092], "k_pid_att": [14.171015282211963, 9.617533312401322, 0.39858409759818436], "k_pid_yaw": [0.5, 1e-06, 0.1], "k_pid_hsp": [6.445843536063418, 0.8439374371565331, 0.27378872664126386], "k_pid_vsp": [359.3340219979952, 62.02596438380307, 212.32320275827826]}, "datetime": {"datetime": "2025-08-21 09:10:26", "elapsed": 1542.794777393341, "delta": 25.16773557662964}, "costs": {"total_cost": 1261.7811758898347, "time_cost": 150, "final_distance_cost": 61.62023608746859, "oscillation_cost": 289.9032910947065, "completition_cost": 666.6666666666667, "overshoot_cost": 64.75434777648371, "power_cost": 16.087437622070315, "noise_cost": 12.749196642438887, "n_waypoints_completed": 3, "tot_waypoints": 9}}
{"target": -1313.1241283688703, "params": {"k_pid_pos": [0.31357835861231026, 0.8134438859216714, 0.624147579884267], "k_pid_alt": [0.7539393922391191, 0.9111863785465035, 0.5928082998504907], "k_pid_att": [11.710439992769949, 0.5948811736843134, 0.10915860255219978], "k_pid_yaw": [0.5, 1e-06, 0.1], "k_pid_hsp": [0.9187166908556473, 0.7272879335448645, 0.7162645345993423], "k_pid_vsp": [340.8376973860893, 22.06368751690069, 254.4306020149952]}, "datetime": {"datetime": "2025-08-21 09:10:56", "elapsed": 1573.1064894199371, "delta": 30.31171202659607}, "costs": {"total_cost": 1313.1241283688703, "time_cost": 150, "final_distance_cost": 96.36801810548998, "oscillation_cost": 196.74082538796375, "completition_cost": 777.7777777777778, "overshoot_cost": 56.594384374749865, "power_cost": 19.900007873535156, "noise_cost": 15.743114849354107, "n_waypoints_completed": 2, "tot_waypoints": 9}}
{"target": -1163.2795551857507, "params": {"k_pid_pos": [1.607158410990068, 0.7628881943659821, 0.601955212297263], "k_pid_alt": [0.1598414059765214, 0.35267656251574075, 0.4013348462353167], "k_pid_att": [15.716302360690658, 7.691356402825558, 0.2925908442314131], "k_pid_yaw": [0.5, 1e-06, 0.1], "k_pid_hsp": [0.6109386217482946, 0.5639392914503939, 0.20995306572095285], "k_pid_vsp": [315.00982712259804, 144.177513563762, 33.86164499952042]}, "datetime": {"datetime": "2025-08-21 09:11:29", "elapsed": 1605.477823972702, "delta": 32.37133455276489}, "costs": {"total_cost": 1163.2795551857507, "time_cost": 150, "final_distance_cost": 51.79661981955589, "oscillation_cost": 202.50507157035054, "completition_cost": 666.6666666666667, "overshoot_cost": 45.67532483111936, "power_cost": 25.189933142089846, "noise_cost": 21.445939155968457, "n_waypoints_completed": 3, "tot_waypoints": 9}}
{"target": -2081.542770009863, "params": {"k_pid_pos": [0.8088046653523615, 0.20928927154207166, 0.8659617605158152], "k_pid_alt": [0.9422704684237804, 0.5534580286112775, 0.8302923509005986], "k_pid_att": [12.158953505770498, 1.709439543564874, 0.2719122996728127], "k_pid_yaw": [0.5, 1e-06, 0.1], "k_pid_hsp": [6.2468478288728635, 0.7970530226580298, 0.49177765052469447], "k_pid_vsp": [76.78698941029185, 76.3463137449301, 246.75296701344877]}, "datetime": {"datetime": "2025-08-21 09:11:55", "elapsed": 1632.2745230197906, "delta": 26.796699047088623}, "costs": {"total_cost": 2081.542770009863, "time_cost": 150, "final_distance_cost": 343.2205137537007, "oscillation_cost": 263.88070320448065, "completition_cost": 888.8888888888888, "overshoot_cost": 404.3499825757507, "power_cost": 13.778999804687501, "noise_cost": 17.42368178235469, "n_waypoints_completed": 1, "tot_waypoints": 9}}
{"target": -762.1801764492843, "params": {"k_pid_pos": [1.2978065263470762, 0.5064771461976102, 0.16271590621762044], "k_pid_alt": [1.499379714837298, 0.1364908508116428, 0.0686392204034243], "k_pid_att": [22.10742031397952, 7.739417400693269, 0.37970490862079953], "k_pid_yaw": [0.5, 1e-06, 0.1], "k_pid_hsp": [7.242093115630291, 0.42383974803654734, 0.27369616924766205], "k_pid_vsp": [132.69317296985008, 136.03602280334056, 106.50835145212115]}, "datetime": {"datetime": "2025-08-21 09:12:24", "elapsed": 1660.5272953510284, "delta": 28.252772331237793}, "costs": {"total_cost": 762.1801764492843, "time_cost": 150, "final_distance_cost": 69.05381006280919, "oscillation_cost": 246.40222198223037, "completition_cost": 222.2222222222222, "overshoot_cost": 47.1626314886147, "power_cost": 15.140301330566407, "noise_cost": 12.198989362841361, "n_waypoints_completed": 7, "tot_waypoints": 9}}
{"target": -1739.0627248565, "params": {"k_pid_pos": [0.9286192840495358, 0.1039551549572606, 0.6979312204797181], "k_pid_alt": [0.8348314662536314, 0.1885273075123488, 0.6498515682496747], "k_pid_att": [7.4449551784442125, 9.046590737251769, 0.9533232724241267], "k_pid_yaw": [0.5, 1e-06, 0.1], "k_pid_hsp": [2.754966552516529, 0.051962042636681915, 0.6015169825138376], "k_pid_vsp": [153.0791318955411, 135.7395372664609, 347.15798968374526]}, "datetime": {"datetime": "2025-08-21 09:12:50", "elapsed": 1687.4020447731018, "delta": 26.874749422073364}, "costs": {"total_cost": 1739.0627248565, "time_cost": 150, "final_distance_cost": 211.09349465231873, "oscillation_cost": 169.0776612356321, "completition_cost": 888.8888888888888, "overshoot_cost": 288.82092954693684, "power_cost": 16.921096911621095, "noise_cost": 14.26065362110216, "n_waypoints_completed": 1, "tot_waypoints": 9}}
{"target": -912.5620058099917, "params": {"k_pid_pos": [1.0785938315331698, 0.7954542235664496, 0.4880381570603267], "k_pid_alt": [0.3300253348601221, 0.9445423156188941, 0.8363656996594088], "k_pid_att": [93.54199587521094, 4.614617838591241, 0.01045165346304], "k_pid_yaw": [0.5, 1e-06, 0.1], "k_pid_hsp": [4.075383306695258, 0.7222730243488004, 0.07672166428283833], "k_pid_vsp": [382.02451279786465, 58.64249413502242, 358.4129282502891]}, "datetime": {"datetime": "2025-08-21 09:13:18", "elapsed": 1715.3869314193726, "delta": 27.984886646270752}, "costs": {"total_cost": 912.5620058099917, "time_cost": 150, "final_distance_cost": 59.35367715654054, "oscillation_cost": 271.5233122002674, "completition_cost": 333.33333333333337, "overshoot_cost": 56.01392922287452, "power_cost": 23.499167919921877, "noise_cost": 18.838585977053995, "n_waypoints_completed": 6, "tot_waypoints": 9}}
{"target": -1528.8611229195153, "params": {"k_pid_pos": [1.457538919043611, 0.993683368708217, 0.5848674258735181], "k_pid_alt": [1.9874366058235025, 0.7159526362480964, 0.94027777692488], "k_pid_att": [14.843978073927989, 8.143287400002087, 0.33685158149942007], "k_pid_yaw": [0.5, 1e-06, 0.1], "k_pid_hsp": [7.700276057535015, 0.07636022643600382, 0.9212651426271917], "k_pid_vsp": [51.29582857649786, 107.56861345425317, 382.6898282422319]}, "datetime": {"datetime": "2025-08-21 09:13:50", "elapsed": 1746.7900042533875, "delta": 31.403072834014893}, "costs": {"total_cost": 1528.8611229195153, "time_cost": 150, "final_distance_cost": 213.83614412941927, "oscillation_cost": 291.8975606971665, "completition_cost": 666.6666666666667, "overshoot_cost": 159.70441882304382, "power_cost": 20.590749865722657, "noise_cost": 26.165582737496152, "n_waypoints_completed": 3, "tot_waypoints": 9}}
{"target": -1745.7532864972907, "params": {"k_pid_pos": [0.4691830726294659, 0.5336227717319694, 0.6802407239919952], "k_pid_alt": [0.545015069677637, 0.7833956713121384, 0.40917772493264126], "k_pid_att": [28.640529934052715, 5.416003936067492, 0.874490751331467], "k_pid_yaw": [0.5, 1e-06, 0.1], "k_pid_hsp": [8.138626319246654, 0.3450569416983321, 0.4692690247169353], "k_pid_vsp": [1.4888188909879752, 162.5405676238969, 368.2170411714259]}, "datetime": {"datetime": "2025-08-21 09:14:17", "elapsed": 1773.9934921264648, "delta": 27.203487873077393}, "costs": {"total_cost": 1745.7532864972907, "time_cost": 150, "final_distance_cost": 1.0996665312970426, "oscillation_cost": 401.5346650934082, "completition_cost": 1000.0, "overshoot_cost": 132.69923044997154, "power_cost": 13.424825463867188, "noise_cost": 46.9948989587467, "n_waypoints_completed": 0, "tot_waypoints": 9}}
{"target": -1269.2599939680972, "params": {"k_pid_pos": [0.7589836945552444, 0.4652949023051506, 0.8924094860429448], "k_pid_alt": [0.15969236667210462, 0.019627612892422097, 0.42311793264440567], "k_pid_att": [35.07102100256072, 4.142813295488058, 0.01079295972151384], "k_pid_yaw": [0.5, 1e-06, 0.1], "k_pid_hsp": [1.1383047341223886, 0.39862578197596743, 0.08106725292101491], "k_pid_vsp": [118.60634589042607, 35.37253714764767, 63.59806952079317]}, "datetime": {"datetime": "2025-08-21 09:14:47", "elapsed": 1803.8787279129028, "delta": 29.88523578643799}, "costs": {"total_cost": 1269.2599939680972, "time_cost": 150, "final_distance_cost": 53.235775492244116, "oscillation_cost": 331.21400139041043, "completition_cost": 666.6666666666667, "overshoot_cost": 40.08535677648688, "power_cost": 15.2467234375, "noise_cost": 12.81147020478918, "n_waypoints_completed": 3, "tot_waypoints": 9}}
{"target": -263.70694130159654, "params": {"k_pid_pos": [1.2494809502384265, 0.36899809365716263, 0.11869748587083395], "k_pid_alt": [1.9495669063975978, 0.04831569122271151, 0.07090661775641438], "k_pid_att": [2.768039408505374, 7.048301303713817, 0.7179125784970465], "k_pid_yaw": [0.5, 1e-06, 0.1], "k_pid_hsp": [0.40332496696563114, 0.9482666726301061, 0.029291268374925683], "k_pid_vsp": [114.95408472213163, 147.69939430645758, 34.44383708714647]}, "datetime": {"datetime": "2025-08-21 09:15:07", "elapsed": 1824.2773401737213, "delta": 20.39861226081848}, "costs": {"total_cost": 263.70694130159654, "time_cost": 76.288, "final_distance_cost": 1.781249148328941, "oscillation_cost": 102.2540807562492, "completition_cost": 0.0, "overshoot_cost": 53.43007362602315, "power_cost": 16.694645385742188, "noise_cost": 13.258892385253082, "n_waypoints_completed": 9, "tot_waypoints": 9}}
{"target": -1150.7410211912047, "params": {"k_pid_pos": [0.2248517175481273, 0.595943638600271, 0.8813237404686655], "k_pid_alt": [1.4281138417942902, 0.7322317616689475, 0.5051733774429963], "k_pid_att": [5.049986787988625, 6.900392957508155, 0.9570246628154461], "k_pid_yaw": [0.5, 1e-06, 0.1], "k_pid_hsp": [9.854227929934712, 0.7898759029801153, 0.4136584887712279], "k_pid_vsp": [141.2405326863598, 32.79425293724531, 25.76678487621665]}, "datetime": {"datetime": "2025-08-21 09:15:41", "elapsed": 1857.7313385009766, "delta": 33.45399832725525}, "costs": {"total_cost": 1150.7410211912047, "time_cost": 150, "final_distance_cost": 71.121550387746, "oscillation_cost": 190.21525425586407, "completition_cost": 666.6666666666667, "overshoot_cost": 38.222723447219664, "power_cost": 19.856180859375, "noise_cost": 14.658645574333208, "n_waypoints_completed": 3, "tot_waypoints": 9}}
{"target": -1542.3818117951928, "params": {"k_pid_pos": [0.6448419663633312, 0.39334097127023915, 0.7598728330155091], "k_pid_alt": [1.6268733243842994, 0.6940051160624333, 0.8040321380583579], "k_pid_att": [95.96833963708619, 9.258633166377024, 0.4371137571671261], "k_pid_yaw": [0.5, 1e-06, 0.1], "k_pid_hsp": [1.9421893103022818, 0.1752792199030071, 0.6211948191125755], "k_pid_vsp": [174.24288147613078, 231.28768475125864, 347.81793792976976]}, "datetime": {"datetime": "2025-08-21 09:16:08", "elapsed": 1885.344880104065, "delta": 27.61354160308838}, "costs": {"total_cost": 1542.3818117951928, "time_cost": 150, "final_distance_cost": 64.63061758727969, "oscillation_cost": 364.5414737956288, "completition_cost": 888.8888888888888, "overshoot_cost": 37.7504389696952, "power_cost": 19.920833911132814, "noise_cost": 16.649558642567577, "n_waypoints_completed": 1, "tot_waypoints": 9}}
{"target": -1056.5973593932767, "params": {"k_pid_pos": [0.6087540034786146, 0.36045156058179884, 0.4783656515405097], "k_pid_alt": [1.8217459428563003, 0.11620098607854135, 0.3834988322713214], "k_pid_att": [56.87594539349015, 6.068302034152554, 0.39617622897405746], "k_pid_yaw": [0.5, 1e-06, 0.1], "k_pid_hsp": [7.637383695962622, 0.7221778784913564, 0.9356775772265862], "k_pid_vsp": [210.994642468923, 331.8777799716077, 268.6010326182743]}, "datetime": {"datetime": "2025-08-21 09:16:37", "elapsed": 1913.8508520126343, "delta": 28.505971908569336}, "costs": {"total_cost": 1056.5973593932767, "time_cost": 150, "final_distance_cost": 51.501707500544015, "oscillation_cost": 331.1398552536388, "completition_cost": 444.4444444444444, "overshoot_cost": 38.61169081870432, "power_cost": 23.64563182373047, "noise_cost": 17.254029552214956, "n_waypoints_completed": 5, "tot_waypoints": 9}}
{"target": -790.1465834452497, "params": {"k_pid_pos": [0.9434962653189901, 0.3877352229699902, 0.6320430722955506], "k_pid_alt": [1.1527076119897453, 0.277803791158594, 0.02595533397989047], "k_pid_att": [33.18545372132851, 2.007784944479057, 0.6109766251550021], "k_pid_yaw": [0.5, 1e-06, 0.1], "k_pid_hsp": [6.833657397961544, 0.22882268666888528, 0.575043961431783], "k_pid_vsp": [196.82614692100668, 248.50894435116615, 124.62553345861564]}, "datetime": {"datetime": "2025-08-21 09:17:04", "elapsed": 1940.6700162887573, "delta": 26.819164276123047}, "costs": {"total_cost": 790.1465834452497, "time_cost": 150, "final_distance_cost": 70.6206826602283, "oscillation_cost": 265.2121813384855, "completition_cost": 222.2222222222222, "overshoot_cost": 45.93788988573348, "power_cost": 20.819683117675783, "noise_cost": 15.33392422090435, "n_waypoints_completed": 7, "tot_waypoints": 9}}
{"target": -1983.7754834089671, "params": {"k_pid_pos": [1.0579568095988798, 0.3473508748284452, 0.22958549312114607], "k_pid_alt": [1.1263836165320338, 0.9123162295344082, 0.3036260003596134], "k_pid_att": [82.25645917439982, 4.3366889768236465, 0.9543129703131729], "k_pid_yaw": [0.5, 1e-06, 0.1], "k_pid_hsp": [7.646183385169545, 0.2819876459208429, 0.7352287951418955], "k_pid_vsp": [4.4858033372809025, 273.6608462737277, 145.63835348802175]}, "datetime": {"datetime": "2025-08-21 09:17:35", "elapsed": 1972.187127828598, "delta": 31.5171115398407}, "costs": {"total_cost": 1983.7754834089671, "time_cost": 150, "final_distance_cost": 381.24494113579624, "oscillation_cost": 329.5341373596118, "completition_cost": 777.7777777777778, "overshoot_cost": 311.0258177740444, "power_cost": 18.114121398925782, "noise_cost": 16.07868796281099, "n_waypoints_completed": 2, "tot_waypoints": 9}}
{"target": -1381.5390081146777, "params": {"k_pid_pos": [0.17664554068928115, 0.5587499083502991, 0.6532394715492996], "k_pid_alt": [0.4211200143428553, 0.5315959273096851, 0.5946619270129655], "k_pid_att": [11.878199581282855, 9.15472435020087, 0.31514084420556054], "k_pid_yaw": [0.5, 1e-06, 0.1], "k_pid_hsp": [1.572425425923113, 0.1592325503997104, 0.6952177257683532], "k_pid_vsp": [131.99144435817027, 135.43390122351587, 19.865290126713113]}, "datetime": {"datetime": "2025-08-21 09:18:01", "elapsed": 1998.0051581859589, "delta": 25.81803035736084}, "costs": {"total_cost": 1381.5390081146777, "time_cost": 150, "final_distance_cost": 83.41062289333276, "oscillation_cost": 294.86825885096005, "completition_cost": 777.7777777777778, "overshoot_cost": 38.64789171973827, "power_cost": 21.34160289306641, "noise_cost": 15.492853979802254, "n_waypoints_completed": 2, "tot_waypoints": 9}}
