{"target": -1128.7640406406936, "params": {"k_pid_pos": [1.4514875454496245, 0.4649447897497274, 0.684813698943231], "k_pid_alt": [1.1420688694508743, 0.8612960614222862, 0.36003969229633637], "k_pid_att": [4.768150626286394, 9.959771126546327, 0.02030278564943222], "k_pid_yaw": [0.5, 1e-06, 0.1], "k_pid_hsp": [3.3935335814927803, 0.47624307776368435, 0.6610325337532172], "k_pid_vsp": [308.54001659885995, 390.73750629096816, 263.9566791787717]}, "datetime": {"datetime": "2025-08-21 18:58:51", "elapsed": 36847.641704797745, "delta": 40.127856969833374}, "costs": {"total_cost": 1128.7640406406936, "time_cost": 150, "final_distance_cost": 47.072565069527414, "oscillation_cost": 278.52580619563633, "completition_cost": 555.5555555555555, "overshoot_cost": 61.71856648563782, "power_cost": 20.442860180664063, "noise_cost": 15.448687153672466, "n_waypoints_completed": 4, "tot_waypoints": 9}}
{"target": -204.22287459051793, "params": {"k_pid_pos": [1.8549283364132163, 0.200860147680088, 0.0], "k_pid_alt": [1.9309521833431071, 0.0, 0.019663099971456252], "k_pid_att": [9.820851309792902, 7.097436204089042, 0.7285183018581012], "k_pid_yaw": [0.5, 1e-06, 0.1], "k_pid_hsp": [5.556024549493358, 0.7073654838130363, 0.0], "k_pid_vsp": [49.371044405622825, 230.74612640560213, 87.28504601062673]}, "datetime": {"datetime": "2025-08-21 18:59:32", "elapsed": 36888.49459576607, "delta": 40.852890968322754}, "costs": {"total_cost": 204.22287459051793, "time_cost": 68.84, "final_distance_cost": 1.767636932999696, "oscillation_cost": 57.965668058705575, "completition_cost": 0.0, "overshoot_cost": 51.21786467017466, "power_cost": 13.85406717529297, "noise_cost": 10.577637753345012, "n_waypoints_completed": 9, "tot_waypoints": 9}}
{"target": -223.75605110747722, "params": {"k_pid_pos": [2.0, 0.0, 0.0], "k_pid_alt": [0.911404569994971, 0.2597056836211963, 1.0], "k_pid_att": [37.37133583841937, 0.0001, 0.8013935572229766], "k_pid_yaw": [0.5, 1e-06, 0.1], "k_pid_hsp": [1.5679024265884338, 0.5043412155270196, 0.0], "k_pid_vsp": [292.96326272503876, 270.9644798859373, 137.75408109668825]}, "datetime": {"datetime": "2025-08-21 19:00:07", "elapsed": 36924.038935661316, "delta": 35.54433989524841}, "costs": {"total_cost": 223.75605110747722, "time_cost": 80.52, "final_distance_cost": 1.7901252857442576, "oscillation_cost": 56.29439535815915, "completition_cost": 0.0, "overshoot_cost": 53.00275255388084, "power_cost": 18.71159715576172, "noise_cost": 13.43718075393125, "n_waypoints_completed": 9, "tot_waypoints": 9}}
{"target": -694.9813035952919, "params": {"k_pid_pos": [1.5195942149671255, 0.6279195879463219, 0.26118030241024837], "k_pid_alt": [1.454550537853178, 0.7580162957554984, 0.897938484890152], "k_pid_att": [9.451710953630199, 2.818775915694708, 0.5302054314495254], "k_pid_yaw": [0.5, 1e-06, 0.1], "k_pid_hsp": [4.524351962085243, 0.9827657308642369, 0.8428726674821155], "k_pid_vsp": [177.44134758126853, 336.5638118392859, 102.61617190893483]}, "datetime": {"datetime": "2025-08-21 19:00:44", "elapsed": 36961.03396010399, "delta": 36.99502444267273}, "costs": {"total_cost": 694.9813035952919, "time_cost": 150, "final_distance_cost": 65.86957610705122, "oscillation_cost": 163.61701242098016, "completition_cost": 222.2222222222222, "overshoot_cost": 50.73215954925516, "power_cost": 25.290944958496095, "noise_cost": 17.2493883372872, "n_waypoints_completed": 7, "tot_waypoints": 9}}
{"target": -865.2249788643619, "params": {"k_pid_pos": [1.1480711813816948, 0.2197021829166288, 0.24386899559918118], "k_pid_alt": [0.17482757390107695, 0.602107879484233, 0.03110062333720287], "k_pid_att": [20.737988953249285, 7.624502069883259, 0.45337721347557614], "k_pid_yaw": [0.5, 1e-06, 0.1], "k_pid_hsp": [5.5530005917015295, 0.579957175815073, 0.44915771213162037], "k_pid_vsp": [181.70450829346748, 6.719941972735337, 26.028198062634054]}, "datetime": {"datetime": "2025-08-21 19:01:21", "elapsed": 36998.28077960014, "delta": 37.246819496154785}, "costs": {"total_cost": 865.2249788643619, "time_cost": 150, "final_distance_cost": 71.0198156526357, "oscillation_cost": 316.6056363046321, "completition_cost": 222.2222222222222, "overshoot_cost": 59.511251766516445, "power_cost": 26.467121911621096, "noise_cost": 19.39893100673431, "n_waypoints_completed": 7, "tot_waypoints": 9}}
{"target": -1318.548153381056, "params": {"k_pid_pos": [1.0384713086323492, 0.4744229314754499, 0.8967481536793642], "k_pid_alt": [0.186940278175999, 0.4973747120802329, 0.6349257569570309], "k_pid_att": [50.19471902823034, 1.4376133880640949, 0.16199483755908528], "k_pid_yaw": [0.5, 1e-06, 0.1], "k_pid_hsp": [0.7293477616371222, 0.28477943339430467, 0.2228471109999256], "k_pid_vsp": [216.21248779656105, 234.43490687038727, 125.07089902394009]}, "datetime": {"datetime": "2025-08-21 19:02:08", "elapsed": 37044.46897149086, "delta": 46.18819189071655}, "costs": {"total_cost": 1318.548153381056, "time_cost": 150, "final_distance_cost": 91.2637673789535, "oscillation_cost": 227.53873865516886, "completition_cost": 777.7777777777778, "overshoot_cost": 34.694908422318626, "power_cost": 21.433142211914063, "noise_cost": 15.839818934922928, "n_waypoints_completed": 2, "tot_waypoints": 9}}
{"target": -910.2898483530566, "params": {"k_pid_pos": [0.40908114934060386, 0.8043513568999994, 0.34733662151905464], "k_pid_alt": [1.8746251494934785, 0.11077053385389257, 0.90054887383905], "k_pid_att": [17.081199087588004, 1.5522072807250002, 0.059730220136554824], "k_pid_yaw": [0.5, 1e-06, 0.1], "k_pid_hsp": [6.583437581626988, 0.7372497099570617, 0.08398282822284653], "k_pid_vsp": [179.37137268902532, 348.3445023541277, 109.94774990804474]}, "datetime": {"datetime": "2025-08-21 19:02:49", "elapsed": 37086.08830499649, "delta": 41.61933350563049}, "costs": {"total_cost": 910.2898483530566, "time_cost": 150, "final_distance_cost": 73.53133481591178, "oscillation_cost": 274.88137101583806, "completition_cost": 333.33333333333337, "overshoot_cost": 42.432541076079055, "power_cost": 20.866262646484376, "noise_cost": 15.245005465410085, "n_waypoints_completed": 6, "tot_waypoints": 9}}
{"target": -1605.2863350241491, "params": {"k_pid_pos": [2.0, 0.0, 1.0], "k_pid_alt": [0.0, 0.0, 1.0], "k_pid_att": [11.561289374471968, 0.0001, 1.0], "k_pid_yaw": [0.5, 1e-06, 0.1], "k_pid_hsp": [10.0, 0.0, 1.0], "k_pid_vsp": [332.4214042735056, 321.35085497433863, 16.887792103537656]}, "datetime": {"datetime": "2025-08-21 19:03:31", "elapsed": 37127.68734169006, "delta": 41.599036693573}, "costs": {"total_cost": 1605.2863350241491, "time_cost": 150, "final_distance_cost": 1.0002073337856996, "oscillation_cost": 241.02284037047772, "completition_cost": 1000.0, "overshoot_cost": 135.72267575964503, "power_cost": 16.959788989257813, "noise_cost": 60.580822570982846, "n_waypoints_completed": 0, "tot_waypoints": 9}}
{"target": -791.2509433377288, "params": {"k_pid_pos": [0.6991627792978085, 0.18080858603712324, 0.5021225436575236], "k_pid_alt": [1.4474583495413003, 1.0, 0.47698866673261814], "k_pid_att": [11.850728991010035, 2.9263810258841576, 0.17582288987960548], "k_pid_yaw": [0.5, 1e-06, 0.1], "k_pid_hsp": [1.028320556571633, 0.6276821092686, 0.38263552905970133], "k_pid_vsp": [331.946794205038, 322.7704893636788, 18.031885816306133]}, "datetime": {"datetime": "2025-08-21 19:04:14", "elapsed": 37171.420354127884, "delta": 43.733012437820435}, "costs": {"total_cost": 791.2509433377288, "time_cost": 150, "final_distance_cost": 71.47891162876527, "oscillation_cost": 262.028901086272, "completition_cost": 222.2222222222222, "overshoot_cost": 46.88113272794569, "power_cost": 22.57162410888672, "noise_cost": 16.068151563636988, "n_waypoints_completed": 7, "tot_waypoints": 9}}
{"target": -845.8390372347924, "params": {"k_pid_pos": [0.7265385671694721, 0.1530173362811309, 0.5225984742666755], "k_pid_alt": [0.6563087882874667, 0.29747277409989115, 0.8113193179480863], "k_pid_att": [10.916359897925886, 4.343317607703505, 0.47011800112251534], "k_pid_yaw": [0.5, 1e-06, 0.1], "k_pid_hsp": [7.142485219458239, 0.8937695768844564, 0.7410273574159891], "k_pid_vsp": [279.30490537303416, 366.4356631809963, 26.02190101255328]}, "datetime": {"datetime": "2025-08-21 19:04:53", "elapsed": 37209.60017704964, "delta": 38.17982292175293}, "costs": {"total_cost": 845.8390372347924, "time_cost": 150, "final_distance_cost": 75.44228269581585, "oscillation_cost": 211.47752440211187, "completition_cost": 333.33333333333337, "overshoot_cost": 42.59270056054971, "power_cost": 18.673215954589846, "noise_cost": 14.31998028839178, "n_waypoints_completed": 6, "tot_waypoints": 9}}
{"target": -224.24489684542255, "params": {"k_pid_pos": [0.9359820047499366, 0.0, 0.04259249702378233], "k_pid_alt": [1.2709698493305852, 0.0, 0.0], "k_pid_att": [19.48112427052744, 0.0001, 0.0], "k_pid_yaw": [0.5, 1e-06, 0.1], "k_pid_hsp": [3.1785716654936627, 0.0, 0.0], "k_pid_vsp": [154.64529015127945, 9.614755709909057, 1e-06]}, "datetime": {"datetime": "2025-08-21 19:05:29", "elapsed": 37246.19741296768, "delta": 36.597235918045044}, "costs": {"total_cost": 224.24489684542255, "time_cost": 79.04, "final_distance_cost": 1.8449417268010038, "oscillation_cost": 49.05784376414364, "completition_cost": 0.0, "overshoot_cost": 55.73623220563327, "power_cost": 21.30964919433594, "noise_cost": 17.25622995450871, "n_waypoints_completed": 9, "tot_waypoints": 9}}
{"target": -324.11424513760153, "params": {"k_pid_pos": [1.8369511348506546, 0.24232583349966264, 0.7045504534950456], "k_pid_alt": [1.7849935407756774, 0.6631478262701601, 0.7097642958691073], "k_pid_att": [96.68637987309067, 5.897758170286277, 0.7427213818205411], "k_pid_yaw": [0.5, 1e-06, 0.1], "k_pid_hsp": [3.2896108474593926, 0.8443873270822302, 0.47964327260973233], "k_pid_vsp": [343.3915172261915, 327.3066982163876, 95.61870973540985]}, "datetime": {"datetime": "2025-08-21 19:06:03", "elapsed": 37279.69112586975, "delta": 33.49371290206909}, "costs": {"total_cost": 324.11424513760153, "time_cost": 76.92, "final_distance_cost": 1.7572754087083164, "oscillation_cost": 163.53465360178112, "completition_cost": 0.0, "overshoot_cost": 50.48451328230953, "power_cost": 17.903959545898438, "noise_cost": 13.51384329890416, "n_waypoints_completed": 9, "tot_waypoints": 9}}
{"target": -697.0613108270701, "params": {"k_pid_pos": [0.6354867301160797, 0.5836885220791331, 0.8430838762670805], "k_pid_alt": [1.3268369988650237, 0.5402259749995646, 0.5679351903938039], "k_pid_att": [35.978295352607304, 3.0299301079815093, 0.19905404711805486], "k_pid_yaw": [0.5, 1e-06, 0.1], "k_pid_hsp": [2.617170433075151, 0.4241470534727856, 0.24617777772858274], "k_pid_vsp": [96.19761675217657, 58.84764970297689, 37.045713026249636]}, "datetime": {"datetime": "2025-08-21 19:06:39", "elapsed": 37315.51584815979, "delta": 35.82472229003906}, "costs": {"total_cost": 697.0613108270701, "time_cost": 150, "final_distance_cost": 63.85846028288566, "oscillation_cost": 275.8303316931329, "completition_cost": 111.11111111111116, "overshoot_cost": 49.85982425716545, "power_cost": 26.233978247070315, "noise_cost": 20.167605235704524, "n_waypoints_completed": 8, "tot_waypoints": 9}}
{"target": -420.42877337061395, "params": {"k_pid_pos": [2.0, 0.08746848570330258, 1.0], "k_pid_alt": [1.3068501452556096, 0.0, 0.5008791986595321], "k_pid_att": [66.56734146844647, 4.40884903863989, 0.2680407841071252], "k_pid_yaw": [0.5, 1e-06, 0.1], "k_pid_hsp": [5.778392094805817, 0.4900885340470854, 1.0], "k_pid_vsp": [255.1555855406528, 264.50773652788223, 268.8900295286312]}, "datetime": {"datetime": "2025-08-21 19:07:15", "elapsed": 37352.21670269966, "delta": 36.700854539871216}, "costs": {"total_cost": 420.42877337061395, "time_cost": 89.19200000000001, "final_distance_cost": 1.8366003764654113, "oscillation_cost": 233.5393268061097, "completition_cost": 0.0, "overshoot_cost": 60.20281435695477, "power_cost": 19.582319641113283, "noise_cost": 16.07571218997084, "n_waypoints_completed": 9, "tot_waypoints": 9}}
{"target": -786.9789213240483, "params": {"k_pid_pos": [1.5475635458594774, 0.3233276737387859, 0.22075648154539373], "k_pid_alt": [1.4776104553806972, 0.6088774600374043, 0.7999970876553232], "k_pid_att": [61.81048511630224, 3.6578059115286226, 0.6520772245405445], "k_pid_yaw": [0.5, 1e-06, 0.1], "k_pid_hsp": [7.857199257426285, 0.855661711910929, 0.316452731101878], "k_pid_vsp": [343.2558028206, 19.869059103527363, 245.7150482202088]}, "datetime": {"datetime": "2025-08-21 19:07:52", "elapsed": 37389.094428777695, "delta": 36.87772607803345}, "costs": {"total_cost": 786.9789213240483, "time_cost": 150, "final_distance_cost": 72.87978310437792, "oscillation_cost": 247.2232679837237, "completition_cost": 222.2222222222222, "overshoot_cost": 57.57329023221453, "power_cost": 20.521163830566408, "noise_cost": 16.559193950943573, "n_waypoints_completed": 7, "tot_waypoints": 9}}
{"target": -1271.0444397026877, "params": {"k_pid_pos": [0.0001, 0.0, 0.8211410031298698], "k_pid_alt": [2.0, 0.0, 1.0], "k_pid_att": [9.050392889388775, 0.0001, 1.0], "k_pid_yaw": [0.5, 1e-06, 0.1], "k_pid_hsp": [6.53538323764539, 0.0, 0.0], "k_pid_vsp": [173.81468892625278, 343.7646996573688, 103.11139884783215]}, "datetime": {"datetime": "2025-08-21 19:08:30", "elapsed": 37426.864773988724, "delta": 37.77034521102905}, "costs": {"total_cost": 1271.0444397026877, "time_cost": 150, "final_distance_cost": 45.951427445506965, "oscillation_cost": 19.743530584131918, "completition_cost": 1000.0, "overshoot_cost": 30.50952926589265, "power_cost": 14.022041601562501, "noise_cost": 10.81791080559358, "n_waypoints_completed": 0, "tot_waypoints": 9}}
{"target": -314.4131881486244, "params": {"k_pid_pos": [2.0, 1.0, 1.0], "k_pid_alt": [2.0, 0.0, 0.6682588701261358], "k_pid_att": [56.62361514986331, 4.448704793134583, 0.0545952917139934], "k_pid_yaw": [0.5, 1e-06, 0.1], "k_pid_hsp": [1.932334996882794, 1.0, 0.3700055719816669], "k_pid_vsp": [203.43596192295502, 231.9701885515469, 124.63584989403829]}, "datetime": {"datetime": "2025-08-21 19:09:06", "elapsed": 37463.35748672485, "delta": 36.49271273612976}, "costs": {"total_cost": 314.4131881486244, "time_cost": 88.104, "final_distance_cost": 1.761946733715509, "oscillation_cost": 123.92592152018588, "completition_cost": 0.0, "overshoot_cost": 65.04029265453511, "power_cost": 19.56841922607422, "noise_cost": 16.012608014113628, "n_waypoints_completed": 9, "tot_waypoints": 9}}
{"target": -212.69403208773085, "params": {"k_pid_pos": [2.0, 0.0, 0.21593530940738292], "k_pid_alt": [1.7010997762672242, 0.0, 0.4270254304968181], "k_pid_att": [14.71354385252874, 4.027679812830681, 0.04740917130590904], "k_pid_yaw": [0.5, 1e-06, 0.1], "k_pid_hsp": [3.3472334542925206, 1.0, 0.0], "k_pid_vsp": [171.92752021128732, 338.9843618602189, 103.26176090229092]}, "datetime": {"datetime": "2025-08-21 19:09:35", "elapsed": 37492.03731060028, "delta": 28.679823875427246}, "costs": {"total_cost": 212.69403208773085, "time_cost": 69.84, "final_distance_cost": 1.8057729967295693, "oscillation_cost": 67.73265385100892, "completition_cost": 0.0, "overshoot_cost": 51.02474152800843, "power_cost": 12.143403344726563, "noise_cost": 10.147460367257372, "n_waypoints_completed": 9, "tot_waypoints": 9}}
{"target": -279.7813313408623, "params": {"k_pid_pos": [2.0, 0.0, 0.0], "k_pid_alt": [1.5642972758149545, 0.9758099226463538, 1.0], "k_pid_att": [35.80096211407821, 0.0001, 0.8005018351318467], "k_pid_yaw": [0.5, 1e-06, 0.1], "k_pid_hsp": [1.0133241798762527, 0.8516243514477817, 0.0], "k_pid_vsp": [289.69552078995827, 274.76073997082113, 140.14402102939047]}, "datetime": {"datetime": "2025-08-21 19:10:15", "elapsed": 37531.86352562904, "delta": 39.82621502876282}, "costs": {"total_cost": 279.7813313408623, "time_cost": 95.488, "final_distance_cost": 1.7439739868647048, "oscillation_cost": 83.14373880926418, "completition_cost": 0.0, "overshoot_cost": 60.44752665785092, "power_cost": 21.795840234375, "noise_cost": 17.162251652507504, "n_waypoints_completed": 9, "tot_waypoints": 9}}
{"target": -827.1632374118442, "params": {"k_pid_pos": [0.6785389134971863, 0.4165697109082847, 0.4362466727044816], "k_pid_alt": [1.5171266446053318, 0.15663188481822568, 0.015477979239302506], "k_pid_att": [40.74757305314673, 2.9348990309859455, 0.5045138695388918], "k_pid_yaw": [0.5, 1e-06, 0.1], "k_pid_hsp": [0.024053151865543, 1.0, 0.028285218199263343], "k_pid_vsp": [397.0496533581387, 40.38579056327329, 178.74178568420228]}, "datetime": {"datetime": "2025-08-21 19:10:52", "elapsed": 37568.45062208176, "delta": 36.58709645271301}, "costs": {"total_cost": 827.1632374118442, "time_cost": 150, "final_distance_cost": 46.32631743501202, "oscillation_cost": 94.85349835722599, "completition_cost": 444.4444444444444, "overshoot_cost": 45.731989250343695, "power_cost": 27.06039130859375, "noise_cost": 18.746596616224465, "n_waypoints_completed": 5, "tot_waypoints": 9}}
{"target": -600.4728621078774, "params": {"k_pid_pos": [2.0, 0.0, 0.0], "k_pid_alt": [0.6231674032117522, 0.9980640632074107, 1.0], "k_pid_att": [34.58519795944073, 0.0001, 0.7577534109927776], "k_pid_yaw": [0.5, 1e-06, 0.1], "k_pid_hsp": [5.789335151211879, 0.6006460406622509, 0.0], "k_pid_vsp": [291.0545624065674, 273.2826652066813, 136.89305940533424]}, "datetime": {"datetime": "2025-08-21 19:11:33", "elapsed": 37609.59217834473, "delta": 41.14155626296997}, "costs": {"total_cost": 600.4728621078774, "time_cost": 150, "final_distance_cost": 68.45570359497951, "oscillation_cost": 74.10023474220296, "completition_cost": 222.2222222222222, "overshoot_cost": 54.33284626340726, "power_cost": 17.698727587890627, "noise_cost": 13.66312769717479, "n_waypoints_completed": 7, "tot_waypoints": 9}}
{"target": -754.6105904632974, "params": {"k_pid_pos": [1.4889825790291566, 0.6270154679426017, 0.2282927974264668], "k_pid_alt": [1.6490174861271083, 0.20770271510531813, 0.4255451985444939], "k_pid_att": [13.903988658300815, 8.079146509115642, 0.38573794860525323], "k_pid_yaw": [0.5, 1e-06, 0.1], "k_pid_hsp": [7.696541451649734, 0.43237995731928835, 0.8250496258953134], "k_pid_vsp": [174.56305854045047, 348.12597517715994, 103.18422293523838]}, "datetime": {"datetime": "2025-08-21 19:12:17", "elapsed": 37654.07205414772, "delta": 44.479875802993774}, "costs": {"total_cost": 754.6105904632974, "time_cost": 150, "final_distance_cost": 72.68162870661324, "oscillation_cost": 232.97883959144633, "completition_cost": 222.2222222222222, "overshoot_cost": 43.69204418118945, "power_cost": 19.10670059814453, "noise_cost": 13.929155163681559, "n_waypoints_completed": 7, "tot_waypoints": 9}}
{"target": -362.36766931643984, "params": {"k_pid_pos": [1.8706349891298955, 0.21770692392624486, 0.2295964244282987], "k_pid_alt": [0.8767476655914187, 0.5146719495658837, 0.45882135061314194], "k_pid_att": [5.755354419394757, 4.669153986170068, 0.4901227496275813], "k_pid_yaw": [0.5, 1e-06, 0.1], "k_pid_hsp": [1.838456027887931, 0.7000023536327644, 0.26741916615431793], "k_pid_vsp": [109.68736082292324, 308.5488349820077, 102.84069292769006]}, "datetime": {"datetime": "2025-08-21 19:12:59", "elapsed": 37695.72210764885, "delta": 41.65005350112915}, "costs": {"total_cost": 362.36766931643984, "time_cost": 99.64, "final_distance_cost": 1.764619119243823, "oscillation_cost": 157.39196820241742, "completition_cost": 0.0, "overshoot_cost": 60.09936593919895, "power_cost": 24.325199267578125, "noise_cost": 19.146516788001538, "n_waypoints_completed": 9, "tot_waypoints": 9}}
{"target": -204.3333905673022, "params": {"k_pid_pos": [2.0, 0.0, 0.47911513364645847], "k_pid_alt": [2.0, 0.0, 1.0], "k_pid_att": [13.054128656914017, 1.586703280655387, 0.9925672382559148], "k_pid_yaw": [0.5, 1e-06, 0.1], "k_pid_hsp": [1.7726499432189273, 0.43563679320776105, 0.0], "k_pid_vsp": [173.99064855894247, 337.90257863762093, 107.59340222260504]}, "datetime": {"datetime": "2025-08-21 19:13:31", "elapsed": 37727.55332446098, "delta": 31.83121681213379}, "costs": {"total_cost": 204.3333905673022, "time_cost": 72.992, "final_distance_cost": 1.8041727113826467, "oscillation_cost": 44.28053497079782, "completition_cost": 0.0, "overshoot_cost": 51.45936139794115, "power_cost": 19.70113709716797, "noise_cost": 14.09618439001261, "n_waypoints_completed": 9, "tot_waypoints": 9}}
{"target": -835.9184811304733, "params": {"k_pid_pos": [0.36436664816736974, 0.49670184575727666, 0.0], "k_pid_alt": [1.3668669582018587, 0.8270035425788345, 0.34685278355498234], "k_pid_att": [56.89311453375398, 10.0, 1.0], "k_pid_yaw": [0.5, 1e-06, 0.1], "k_pid_hsp": [10.0, 0.503861361657022, 1.0], "k_pid_vsp": [298.7997048754924, 355.31028056091094, 54.35440512131066]}, "datetime": {"datetime": "2025-08-21 19:14:07", "elapsed": 37764.31927371025, "delta": 36.76594924926758}, "costs": {"total_cost": 835.9184811304733, "time_cost": 150, "final_distance_cost": 69.02342385008014, "oscillation_cost": 192.51854096918584, "completition_cost": 333.33333333333337, "overshoot_cost": 47.1283560621261, "power_cost": 24.55160186767578, "noise_cost": 19.36322504807206, "n_waypoints_completed": 6, "tot_waypoints": 9}}
{"target": -600.2410315181876, "params": {"k_pid_pos": [0.5162066230170518, 0.0, 0.0], "k_pid_alt": [0.7370099086494942, 0.6346800475233938, 0.48828388393310956], "k_pid_att": [14.839334975263883, 9.24485673496907, 0.7395807451815352], "k_pid_yaw": [0.5, 1e-06, 0.1], "k_pid_hsp": [3.01371522709801, 0.605592627275589, 0.06360585917466272], "k_pid_vsp": [337.48690644647024, 345.0588371064568, 359.2253692801981]}, "datetime": {"datetime": "2025-08-21 19:14:43", "elapsed": 37799.48695921898, "delta": 35.16768550872803}, "costs": {"total_cost": 600.2410315181876, "time_cost": 150, "final_distance_cost": 74.00782972995027, "oscillation_cost": 74.57630726913789, "completition_cost": 222.2222222222222, "overshoot_cost": 56.42672841371297, "power_cost": 12.560356909179689, "noise_cost": 10.447586973984416, "n_waypoints_completed": 7, "tot_waypoints": 9}}
