{"target": -826.3464307657173, "params": {"k_pid_pos": [1.2603251084525107, 0.04954828598254879, 0.8909161813214082], "k_pid_alt": [0.14966029641138423, 0.2165376304704255, 0.3361020234771712], "k_pid_att": [51.84474561518947, 1.4108260200952132, 0.6542986626377157], "k_pid_yaw": [0.5, 1e-06, 0.1], "k_pid_hsp": [0.9128289995534541, 0.09318852813726641, 0.12469938131140146], "k_pid_vsp": [146.3334026913779, 288.15740302513615, 164.48596147156732]}, "datetime": {"datetime": "2025-08-22 00:32:08", "elapsed": 56844.52746939659, "delta": 43.09188938140869}, "costs": {"total_cost": 826.3464307657173, "time_cost": 150, "final_distance_cost": 66.23187877162837, "oscillation_cost": 299.43930002670896, "completition_cost": 222.2222222222222, "overshoot_cost": 53.607971218844945, "power_cost": 19.773480187988284, "noise_cost": 15.071578338324557, "n_waypoints_completed": 7, "tot_waypoints": 9}}
{"target": -1247.0544398250968, "params": {"k_pid_pos": [0.5935258117298626, 0.4487787211602009, 0.7262374205935208], "k_pid_alt": [0.11549831810599565, 0.729424251192726, 0.12069493051201963], "k_pid_att": [25.924566525256164, 0.5874126612992284, 0.7759860491283788], "k_pid_yaw": [0.5, 1e-06, 0.1], "k_pid_hsp": [3.6199314441384267, 0.9432774731527849, 0.8953572639691489], "k_pid_vsp": [384.9090695904284, 243.14636187694208, 124.40452364524606]}, "datetime": {"datetime": "2025-08-22 00:32:44", "elapsed": 56880.59293580055, "delta": 36.06546640396118}, "costs": {"total_cost": 1247.0544398250968, "time_cost": 150, "final_distance_cost": 60.434190671217486, "oscillation_cost": 276.1913006890517, "completition_cost": 666.6666666666667, "overshoot_cost": 55.43356843539846, "power_cost": 22.478889282226564, "noise_cost": 15.849824080535953, "n_waypoints_completed": 3, "tot_waypoints": 9}}
{"target": -955.4923882141707, "params": {"k_pid_pos": [0.8954747153205259, 0.5736123644054637, 0.7297424133722384], "k_pid_alt": [0.8222616548896449, 0.2843105969367789, 0.1734981224019295], "k_pid_att": [56.2807100657604, 7.326379974771198, 0.47093860674131], "k_pid_yaw": [0.5, 1e-06, 0.1], "k_pid_hsp": [5.159987420719264, 0.5757045189033236, 0.49197945757542744], "k_pid_vsp": [68.14488875417403, 186.81410632663165, 93.26797838699669]}, "datetime": {"datetime": "2025-08-22 00:33:23", "elapsed": 56920.17987585068, "delta": 39.58694005012512}, "costs": {"total_cost": 955.4923882141707, "time_cost": 150, "final_distance_cost": 74.60689010246277, "oscillation_cost": 308.7590809149958, "completition_cost": 333.33333333333337, "overshoot_cost": 46.40932700168026, "power_cost": 24.652774353027343, "noise_cost": 17.730982508671094, "n_waypoints_completed": 6, "tot_waypoints": 9}}
{"target": -878.2430324361947, "params": {"k_pid_pos": [0.9758472938467391, 0.7511295426190099, 0.4378282350404833], "k_pid_alt": [1.5308003871859575, 0.8345915011165476, 0.4968352746589789], "k_pid_att": [97.8745430203014, 8.390202840036215, 0.07694523439903589], "k_pid_yaw": [0.5, 1e-06, 0.1], "k_pid_hsp": [6.749988290507301, 0.3090215456844644, 0.8185528127390299], "k_pid_vsp": [244.91220698663932, 376.11441922443316, 153.59807749534022]}, "datetime": {"datetime": "2025-08-22 00:34:00", "elapsed": 56956.56996154785, "delta": 36.39008569717407}, "costs": {"total_cost": 878.2430324361947, "time_cost": 150, "final_distance_cost": 79.96684429765605, "oscillation_cost": 227.73133667840438, "completition_cost": 333.33333333333337, "overshoot_cost": 45.523417993606806, "power_cost": 23.548893017578127, "noise_cost": 18.139207115615903, "n_waypoints_completed": 6, "tot_waypoints": 9}}
{"target": -632.7639451384118, "params": {"k_pid_pos": [1.0225021378494403, 0.2599851011509984, 0.7653363714562547], "k_pid_alt": [0.8106324071437165, 0.3895873970919753, 0.27260248098471396], "k_pid_att": [39.71835078647166, 8.485536199110307, 0.7915267756909886], "k_pid_yaw": [0.5, 1e-06, 0.1], "k_pid_hsp": [5.4583630302186865, 0.5381083727943122, 0.8564544405625103], "k_pid_vsp": [178.24691013947694, 337.6162480624591, 67.56436335805022]}, "datetime": {"datetime": "2025-08-22 00:34:33", "elapsed": 56990.02304458618, "delta": 33.45308303833008}, "costs": {"total_cost": 632.7639451384118, "time_cost": 150, "final_distance_cost": 30.158991385426624, "oscillation_cost": 256.81945030234084, "completition_cost": 111.11111111111116, "overshoot_cost": 52.86488496369543, "power_cost": 17.48584327392578, "noise_cost": 14.323664101911953, "n_waypoints_completed": 8, "tot_waypoints": 9}}
{"target": -684.5732891758018, "params": {"k_pid_pos": [1.2462003485402637, 0.39337217768375543, 0.1719026959938016], "k_pid_alt": [1.8295662410003908, 0.11829686848239174, 0.5756735634666489], "k_pid_att": [17.755331278706333, 2.432374227777996, 0.2345428781638027], "k_pid_yaw": [0.5, 1e-06, 0.1], "k_pid_hsp": [6.961067232767513, 0.7797170537549348, 0.3249470945441735], "k_pid_vsp": [393.8546191262431, 245.9333950855719, 128.05335057919353]}, "datetime": {"datetime": "2025-08-22 00:35:08", "elapsed": 57025.315009355545, "delta": 35.2919647693634}, "costs": {"total_cost": 684.5732891758018, "time_cost": 150, "final_distance_cost": 66.13053791371826, "oscillation_cost": 275.9005918953471, "completition_cost": 111.11111111111116, "overshoot_cost": 44.60303893296703, "power_cost": 21.51635009765625, "noise_cost": 15.311659225002074, "n_waypoints_completed": 8, "tot_waypoints": 9}}
{"target": -208.8048342240179, "params": {"k_pid_pos": [1.7741166804046606, 0.0, 0.23663652872271443], "k_pid_alt": [2.0, 0.0, 1.0], "k_pid_att": [72.54086048829501, 0.0001, 1.0], "k_pid_yaw": [0.5, 1e-06, 0.1], "k_pid_hsp": [10.0, 1.0, 0.0], "k_pid_vsp": [175.62756222619325, 150.9456040705799, 61.91275624775532]}, "datetime": {"datetime": "2025-08-22 00:35:44", "elapsed": 57061.055473566055, "delta": 35.740464210510254}, "costs": {"total_cost": 208.8048342240179, "time_cost": 68.72, "final_distance_cost": 1.8011073714338932, "oscillation_cost": 59.156556354553196, "completition_cost": 0.0, "overshoot_cost": 49.66109274186226, "power_cost": 16.55357725830078, "noise_cost": 12.912500497867757, "n_waypoints_completed": 9, "tot_waypoints": 9}}
{"target": -725.7695908005243, "params": {"k_pid_pos": [2.0, 1.0, 1.0], "k_pid_alt": [2.0, 1.0, 0.0], "k_pid_att": [20.642344481152232, 3.2181599937071375, 1.0], "k_pid_yaw": [0.5, 1e-06, 0.1], "k_pid_hsp": [10.0, 1.0, 0.0], "k_pid_vsp": [229.74687567414333, 388.47380569190483, 183.27709883993984]}, "datetime": {"datetime": "2025-08-22 00:36:35", "elapsed": 57111.745143175125, "delta": 50.689669609069824}, "costs": {"total_cost": 725.7695908005243, "time_cost": 150, "final_distance_cost": 56.28985641735016, "oscillation_cost": 64.19955685590288, "completition_cost": 333.33333333333337, "overshoot_cost": 73.53673873324864, "power_cost": 27.687643017578125, "noise_cost": 20.722462443111148, "n_waypoints_completed": 6, "tot_waypoints": 9}}
{"target": -349.2889239276518, "params": {"k_pid_pos": [2.0, 0.0, 0.3186559459893504], "k_pid_alt": [1.5044788519567869, 0.9367502477187781, 0.0], "k_pid_att": [43.211016168426994, 6.095537624708041, 1.0], "k_pid_yaw": [0.5, 1e-06, 0.1], "k_pid_hsp": [10.0, 0.015589249700688456, 0.3326632054079655], "k_pid_vsp": [275.2169836257014, 302.5630114087811, 77.18528093850335]}, "datetime": {"datetime": "2025-08-22 00:37:13", "elapsed": 57149.56461977959, "delta": 37.81947660446167}, "costs": {"total_cost": 349.2889239276518, "time_cost": 88.8, "final_distance_cost": 1.7458079867721068, "oscillation_cost": 171.43236828171592, "completition_cost": 0.0, "overshoot_cost": 56.11917231630474, "power_cost": 17.633427282714845, "noise_cost": 13.558148060144227, "n_waypoints_completed": 9, "tot_waypoints": 9}}
{"target": -2031.3714772064748, "params": {"k_pid_pos": [1.4439997885696987, 0.03154764458787063, 0.47274018993523104], "k_pid_alt": [0.17334133259119922, 0.49294231095037766, 0.0058050402523233124], "k_pid_att": [34.60627458459358, 0.2767015786906564, 0.7093902309231576], "k_pid_yaw": [0.5, 1e-06, 0.1], "k_pid_hsp": [0.0740358707879835, 0.2598596801797074, 0.5994952938335082], "k_pid_vsp": [145.56543849181392, 14.7328448533805, 5.587522248449058]}, "datetime": {"datetime": "2025-08-22 00:37:49", "elapsed": 57185.63932156563, "delta": 36.07470178604126}, "costs": {"total_cost": 2031.3714772064748, "time_cost": 150, "final_distance_cost": 173.8199758116944, "oscillation_cost": 310.3027006264765, "completition_cost": 1000.0, "overshoot_cost": 361.4063562950977, "power_cost": 19.89422830810547, "noise_cost": 15.948216165100623, "n_waypoints_completed": 0, "tot_waypoints": 9}}
{"target": -946.4732090624486, "params": {"k_pid_pos": [0.9478339268555219, 0.6544202376981254, 0.37819334664513626], "k_pid_alt": [0.7778666856671197, 0.7185147880056153, 0.9434791814553088], "k_pid_att": [14.169290071978303, 0.3638040081774387, 0.6217890698541089], "k_pid_yaw": [0.5, 1e-06, 0.1], "k_pid_hsp": [5.51756313957364, 0.13475473187852227, 0.8274606259060325], "k_pid_vsp": [386.4948011698781, 247.5697650863002, 116.13997651152505]}, "datetime": {"datetime": "2025-08-22 00:38:33", "elapsed": 57230.048248291016, "delta": 44.40892672538757}, "costs": {"total_cost": 946.4732090624486, "time_cost": 150, "final_distance_cost": 57.2185844218094, "oscillation_cost": 206.67065795968185, "completition_cost": 444.4444444444444, "overshoot_cost": 49.66636450364028, "power_cost": 21.642649072265627, "noise_cost": 16.830508660607084, "n_waypoints_completed": 5, "tot_waypoints": 9}}
{"target": -453.85855237243265, "params": {"k_pid_pos": [1.6467739708521274, 0.3725278123999948, 0.13016276291338236], "k_pid_alt": [1.695500603686455, 0.3077374002051345, 0.48556631252440086], "k_pid_att": [93.97085554548127, 4.573362113945338, 0.1682493739115759], "k_pid_yaw": [0.5, 1e-06, 0.1], "k_pid_hsp": [7.526418854536867, 0.32741001163342587, 0.3992259404628702], "k_pid_vsp": [250.70661934373547, 314.924349353645, 0.32552224284505193]}, "datetime": {"datetime": "2025-08-22 00:39:10", "elapsed": 57266.60760521889, "delta": 36.559356927871704}, "costs": {"total_cost": 453.85855237243265, "time_cost": 97.632, "final_distance_cost": 1.7804924750112345, "oscillation_cost": 266.34670956218184, "completition_cost": 0.0, "overshoot_cost": 55.658379400853995, "power_cost": 17.51798505859375, "noise_cost": 14.922985875791843, "n_waypoints_completed": 9, "tot_waypoints": 9}}
{"target": -334.45651994039804, "params": {"k_pid_pos": [2.0, 0.0, 1.0], "k_pid_alt": [2.0, 0.0, 1.0], "k_pid_att": [20.958478909939362, 2.3342954276637364, 1.0], "k_pid_yaw": [0.5, 1e-06, 0.1], "k_pid_hsp": [6.28421066313279, 1.0, 1.0], "k_pid_vsp": [332.70358963424854, 328.0161743367241, 14.72216769058752]}, "datetime": {"datetime": "2025-08-22 00:39:45", "elapsed": 57301.69705915451, "delta": 35.08945393562317}, "costs": {"total_cost": 334.45651994039804, "time_cost": 77.168, "final_distance_cost": 1.7224757206324526, "oscillation_cost": 176.08728694100475, "completition_cost": 0.0, "overshoot_cost": 50.535186018893384, "power_cost": 16.29423630371094, "noise_cost": 12.64933495615653, "n_waypoints_completed": 9, "tot_waypoints": 9}}
{"target": -705.5365563981887, "params": {"k_pid_pos": [2.0, 1.0, 1.0], "k_pid_alt": [0.6468481659112975, 0.04086643106347662, 1.0], "k_pid_att": [14.273442494361042, 9.391009039624743, 0.0], "k_pid_yaw": [0.5, 1e-06, 0.1], "k_pid_hsp": [10.0, 0.0, 0.6826065602373589], "k_pid_vsp": [168.8263193001127, 117.7101473989263, 14.032160835579305]}, "datetime": {"datetime": "2025-08-22 00:40:31", "elapsed": 57348.15208029747, "delta": 46.455021142959595}, "costs": {"total_cost": 705.5365563981887, "time_cost": 150, "final_distance_cost": 50.092272137099954, "oscillation_cost": 296.02541185937605, "completition_cost": 111.11111111111116, "overshoot_cost": 48.35269837851138, "power_cost": 29.77320583496094, "noise_cost": 20.18185707712928, "n_waypoints_completed": 8, "tot_waypoints": 9}}
{"target": -674.4968782605027, "params": {"k_pid_pos": [2.0, 1.0, 0.34141339140636834], "k_pid_alt": [2.0, 0.09399795630597156, 0.0], "k_pid_att": [24.516361151013797, 1.8687577220653433, 0.15747099906085152], "k_pid_yaw": [0.5, 1e-06, 0.1], "k_pid_hsp": [1.4940748593573943, 0.0, 0.0], "k_pid_vsp": [155.5967844088194, 12.946919706573338, 3.7756617238563615]}, "datetime": {"datetime": "2025-08-22 00:41:07", "elapsed": 57383.52993559837, "delta": 35.37785530090332}, "costs": {"total_cost": 674.4968782605027, "time_cost": 150, "final_distance_cost": 72.00306445358468, "oscillation_cost": 46.01357476574001, "completition_cost": 333.33333333333337, "overshoot_cost": 49.01227317090653, "power_cost": 11.915658752441407, "noise_cost": 12.21897378449673, "n_waypoints_completed": 6, "tot_waypoints": 9}}
{"target": -1166.1237643603793, "params": {"k_pid_pos": [0.13685877535149416, 0.10998109481822826, 0.6475993301903252], "k_pid_alt": [1.2698703043501633, 0.24380395786207387, 0.7216102610310027], "k_pid_att": [5.948310113498234, 4.089027052092345, 0.25611985582463626], "k_pid_yaw": [0.5, 1e-06, 0.1], "k_pid_hsp": [7.026134928278041, 0.8499330593576213, 0.1349463125690601], "k_pid_vsp": [153.1741534667831, 207.21005075558915, 55.05426810369067]}, "datetime": {"datetime": "2025-08-22 00:41:48", "elapsed": 57425.139845609665, "delta": 41.609910011291504}, "costs": {"total_cost": 1166.1237643603793, "time_cost": 150, "final_distance_cost": 52.34884111885809, "oscillation_cost": 202.26398099938103, "completition_cost": 666.6666666666667, "overshoot_cost": 55.20602101693646, "power_cost": 23.172158239746096, "noise_cost": 16.46609631879076, "n_waypoints_completed": 3, "tot_waypoints": 9}}
{"target": -909.4879707431, "params": {"k_pid_pos": [2.0, 0.4752980876542318, 0.0], "k_pid_alt": [1.3405482646781504, 0.9826362211513624, 0.6659398295750037], "k_pid_att": [61.56354500807613, 5.747357967455043, 1.0], "k_pid_yaw": [0.5, 1e-06, 0.1], "k_pid_hsp": [10.0, 0.6983139413968591, 0.0], "k_pid_vsp": [344.58400659106974, 19.795693063254348, 238.21007516300804]}, "datetime": {"datetime": "2025-08-22 00:42:25", "elapsed": 57462.362538814545, "delta": 37.22269320487976}, "costs": {"total_cost": 909.4879707431, "time_cost": 150, "final_distance_cost": 42.25943822376241, "oscillation_cost": 64.2560563395577, "completition_cost": 555.5555555555555, "overshoot_cost": 63.24492204217341, "power_cost": 19.810789013671876, "noise_cost": 14.361209568379163, "n_waypoints_completed": 4, "tot_waypoints": 9}}
{"target": -706.3699175623295, "params": {"k_pid_pos": [0.863827710897608, 0.0, 0.0], "k_pid_alt": [1.3128590463129788, 0.0997129294297836, 0.29236632898039167], "k_pid_att": [36.66937328813148, 0.0001, 0.3926324055546228], "k_pid_yaw": [0.5, 1e-06, 0.1], "k_pid_hsp": [0.6033440644539704, 1.0, 0.0], "k_pid_vsp": [392.24618439886655, 39.84853062629306, 180.3329209166254]}, "datetime": {"datetime": "2025-08-22 00:43:13", "elapsed": 57510.40201687813, "delta": 48.039478063583374}, "costs": {"total_cost": 706.3699175623295, "time_cost": 150, "final_distance_cost": 64.39167198247503, "oscillation_cost": 72.73728095747465, "completition_cost": 333.33333333333337, "overshoot_cost": 45.77685163936241, "power_cost": 23.709012512207032, "noise_cost": 16.421767137476937, "n_waypoints_completed": 6, "tot_waypoints": 9}}
{"target": -695.8296974410413, "params": {"k_pid_pos": [1.008817996233883, 0.5222995263254109, 0.4727072500619194], "k_pid_alt": [0.7033031050481127, 0.3203700453028234, 0.9633330891089517], "k_pid_att": [13.333760525979566, 8.245163161013469, 0.9015570183363846], "k_pid_yaw": [0.5, 1e-06, 0.1], "k_pid_hsp": [2.204109895303955, 0.7029566122626935, 0.6804155176184399], "k_pid_vsp": [46.73236952054643, 347.04475532893827, 142.09503713310195]}, "datetime": {"datetime": "2025-08-22 00:43:56", "elapsed": 57552.51557636261, "delta": 42.11355948448181}, "costs": {"total_cost": 695.8296974410413, "time_cost": 150, "final_distance_cost": 74.69725704437077, "oscillation_cost": 162.85656047111289, "completition_cost": 222.2222222222222, "overshoot_cost": 49.927742172715796, "power_cost": 20.95504488525391, "noise_cost": 15.170870645365822, "n_waypoints_completed": 7, "tot_waypoints": 9}}
{"target": -781.8403795655618, "params": {"k_pid_pos": [1.3598584975457773, 0.028019367869750653, 0.0], "k_pid_alt": [0.3431422326491027, 0.1866673949925465, 0.1173935881995728], "k_pid_att": [56.378149815850854, 0.0001, 1.0], "k_pid_yaw": [0.5, 1e-06, 0.1], "k_pid_hsp": [1.9991024182228994, 1.0, 0.0], "k_pid_vsp": [272.05869227943595, 289.44090225970837, 228.19662474674465]}, "datetime": {"datetime": "2025-08-22 00:44:50", "elapsed": 57606.816724300385, "delta": 54.30114793777466}, "costs": {"total_cost": 781.8403795655618, "time_cost": 150, "final_distance_cost": 54.52615793559757, "oscillation_cost": 54.86996711440803, "completition_cost": 444.4444444444444, "overshoot_cost": 54.98200705225707, "power_cost": 12.690422021484375, "noise_cost": 10.327380997370472, "n_waypoints_completed": 5, "tot_waypoints": 9}}
{"target": -608.5552672199585, "params": {"k_pid_pos": [1.7165485752982563, 0.9570107332140408, 0.005052842755317033], "k_pid_alt": [0.46692455901960983, 0.25993534100459703, 0.3838785567691302], "k_pid_att": [30.127213688510366, 9.014306821171287, 0.9039511519755125], "k_pid_yaw": [0.5, 1e-06, 0.1], "k_pid_hsp": [3.4705603428466296, 0.2776193834080768, 0.12289596148159632], "k_pid_vsp": [329.94921128237905, 204.4551635047561, 31.565542602035286]}, "datetime": {"datetime": "2025-08-22 00:45:29", "elapsed": 57645.66677737236, "delta": 38.85005307197571}, "costs": {"total_cost": 608.5552672199585, "time_cost": 150, "final_distance_cost": 64.83474649002333, "oscillation_cost": 82.38187767542391, "completition_cost": 222.2222222222222, "overshoot_cost": 54.97323422987914, "power_cost": 18.935476586914064, "noise_cost": 15.207710015495845, "n_waypoints_completed": 7, "tot_waypoints": 9}}
{"target": -409.33265309156445, "params": {"k_pid_pos": [0.7727942208020931, 0.0, 0.8254549411407234], "k_pid_alt": [1.3896383571251143, 0.46837705024065746, 0.9706557762332737], "k_pid_att": [29.989646508093674, 5.072486141495843, 0.25223244031262204], "k_pid_yaw": [0.5, 1e-06, 0.1], "k_pid_hsp": [4.633884967441668, 0.4799570494663925, 0.7436287066866467], "k_pid_vsp": [334.2962893271612, 201.3019644336129, 30.985851173100176]}, "datetime": {"datetime": "2025-08-22 00:46:12", "elapsed": 57689.084069252014, "delta": 43.41729187965393}, "costs": {"total_cost": 409.33265309156445, "time_cost": 81.824, "final_distance_cost": 1.809242806760714, "oscillation_cost": 250.4978989560221, "completition_cost": 0.0, "overshoot_cost": 51.66989448525714, "power_cost": 12.766712353515626, "noise_cost": 10.764904490008849, "n_waypoints_completed": 9, "tot_waypoints": 9}}
{"target": -482.34800244113876, "params": {"k_pid_pos": [1.7278468519143704, 0.42947314704949213, 0.6927247885100094], "k_pid_alt": [0.9653147279189984, 0.23356784585660462, 0.7264246181590298], "k_pid_att": [96.61645202880176, 5.153182694755508, 0.041662070728177514], "k_pid_yaw": [0.5, 1e-06, 0.1], "k_pid_hsp": [7.969426039199524, 0.8319475128500649, 0.20371736805033258], "k_pid_vsp": [346.68274171453584, 329.29268042785714, 92.78301378279052]}, "datetime": {"datetime": "2025-08-22 00:46:46", "elapsed": 57722.47622823715, "delta": 33.39215898513794}, "costs": {"total_cost": 482.34800244113876, "time_cost": 96.144, "final_distance_cost": 1.7397838549451894, "oscillation_cost": 293.9558474392855, "completition_cost": 0.0, "overshoot_cost": 52.510583519077734, "power_cost": 21.491615563964846, "noise_cost": 16.506172063865478, "n_waypoints_completed": 9, "tot_waypoints": 9}}
{"target": -376.0851394011767, "params": {"k_pid_pos": [0.8019747913637305, 0.8735320967934579, 0.7770069448894045], "k_pid_alt": [1.3534175768761858, 0.026434486898783693, 0.0483260685688236], "k_pid_att": [26.703037435065202, 5.300023113151221, 0.9103106638609144], "k_pid_yaw": [0.5, 1e-06, 0.1], "k_pid_hsp": [7.851000317274139, 0.47414592039557935, 0.2128822311533245], "k_pid_vsp": [152.4392108442638, 18.117248616686854, 3.924602097831797]}, "datetime": {"datetime": "2025-08-22 00:47:30", "elapsed": 57766.961225271225, "delta": 44.484997034072876}, "costs": {"total_cost": 376.0851394011767, "time_cost": 87.57600000000001, "final_distance_cost": 1.7762949615177686, "oscillation_cost": 205.3278813101401, "completition_cost": 0.0, "overshoot_cost": 52.02816361316301, "power_cost": 15.375572985839845, "noise_cost": 14.001226530516027, "n_waypoints_completed": 9, "tot_waypoints": 9}}
{"target": -1240.275722826731, "params": {"k_pid_pos": [0.22658880138511345, 0.030047839220069594, 0.7759840442473178], "k_pid_alt": [0.3511328377433627, 0.12509890429689074, 0.10385381488688927], "k_pid_att": [74.4848592370104, 4.520896867417541, 0.9930204875732573], "k_pid_yaw": [0.5, 1e-06, 0.1], "k_pid_hsp": [7.562355005085625, 0.5466159376560751, 0.9491955858110086], "k_pid_vsp": [366.01650397289626, 371.8515786676754, 216.97262514793445]}, "datetime": {"datetime": "2025-08-22 00:48:09", "elapsed": 57806.05547475815, "delta": 39.09424948692322}, "costs": {"total_cost": 1240.275722826731, "time_cost": 150, "final_distance_cost": 39.32974849656102, "oscillation_cost": 391.95877204315656, "completition_cost": 555.5555555555555, "overshoot_cost": 57.649774830432264, "power_cost": 24.75958033447266, "noise_cost": 21.02229156655286, "n_waypoints_completed": 4, "tot_waypoints": 9}}
