{"target": -1658.9327114849052, "params": {"k_pid_pos": [1.006547010490932, 0.41759152475859607, 0.6874364611635552], "k_pid_alt": [0.5493720102240363, 0.8826421004526144, 0.005122941232007072], "k_pid_att": [18.952398109661416, 9.50661391639683, 0.04322769000011362], "k_pid_yaw": [0.5, 1e-06, 0.1], "k_pid_hsp": [8.67344218576689, 0.9118893104398598, 0.13089579136241325], "k_pid_vsp": [226.0872313666246, 162.41676319294993, 386.83846946899456]}, "datetime": {"datetime": "2025-08-21 15:15:41", "elapsed": 23457.914925813675, "delta": 26.390011072158813}, "costs": {"total_cost": 1658.9327114849052, "time_cost": 150, "final_distance_cost": 53.5414063277951, "oscillation_cost": 463.6367238064789, "completition_cost": 888.8888888888888, "overshoot_cost": 60.5590551902775, "power_cost": 23.67027038574219, "noise_cost": 18.63636688572247, "n_waypoints_completed": 1, "tot_waypoints": 9}}
{"target": -2298.8443509606604, "params": {"k_pid_pos": [1.108750471105898, 0.9592299502086825, 0.3816580698693317], "k_pid_alt": [1.7469175738907947, 0.8130127307854331, 0.3059216760421337], "k_pid_att": [74.0307946944836, 7.780471049810482, 0.6931376594149141], "k_pid_yaw": [0.5, 1e-06, 0.1], "k_pid_hsp": [6.552860284720438, 0.7201076183361208, 0.5818085086824072], "k_pid_vsp": [124.39611088565066, 24.035852215651545, 380.97617757088386]}, "datetime": {"datetime": "2025-08-21 15:16:07", "elapsed": 23484.099455595016, "delta": 26.184529781341553}, "costs": {"total_cost": 2298.8443509606604, "time_cost": 150, "final_distance_cost": 503.2777790834757, "oscillation_cost": 217.8552536664396, "completition_cost": 888.8888888888888, "overshoot_cost": 500.0882478342399, "power_cost": 16.673586547851563, "noise_cost": 22.060594939764417, "n_waypoints_completed": 1, "tot_waypoints": 9}}
{"target": -1109.5003335368285, "params": {"k_pid_pos": [0.24935227542940291, 0.9682726515714579, 0.5299106921879835], "k_pid_alt": [1.9801582826311739, 0.20509316772027641, 0.9261048420161808], "k_pid_att": [32.294898094552806, 9.334226699437401, 0.5243088015949207], "k_pid_yaw": [0.5, 1e-06, 0.1], "k_pid_hsp": [1.74697605729189, 0.9037766792540202, 0.8608982302432545], "k_pid_vsp": [117.07914513938995, 143.91985123259354, 163.288862727865]}, "datetime": {"datetime": "2025-08-21 15:16:34", "elapsed": 23510.50412416458, "delta": 26.40466856956482}, "costs": {"total_cost": 1109.5003335368285, "time_cost": 150, "final_distance_cost": 43.899174813472364, "oscillation_cost": 146.40799261787075, "completition_cost": 666.6666666666667, "overshoot_cost": 65.37509725945108, "power_cost": 21.391242285156252, "noise_cost": 15.760159894211226, "n_waypoints_completed": 3, "tot_waypoints": 9}}
{"target": -1166.1340397038996, "params": {"k_pid_pos": [0.1913957072593572, 0.691042511263154, 0.4136929142049307], "k_pid_alt": [1.9224810009988036, 0.10913851034637156, 0.4545737947601277], "k_pid_att": [90.44049043138547, 0.3718352667107104, 0.12955185963797577], "k_pid_yaw": [0.5, 1e-06, 0.1], "k_pid_hsp": [1.2730188232587778, 0.33080744191434386, 0.7526946525506272], "k_pid_vsp": [247.92693809450958, 61.4246918781337, 234.31642346629565]}, "datetime": {"datetime": "2025-08-21 15:17:00", "elapsed": 23536.73962879181, "delta": 26.235504627227783}, "costs": {"total_cost": 1166.1340397038996, "time_cost": 150, "final_distance_cost": 44.27711388810848, "oscillation_cost": 316.6610897678279, "completition_cost": 555.5555555555555, "overshoot_cost": 62.03050659144261, "power_cost": 21.302895153808596, "noise_cost": 16.30687874715633, "n_waypoints_completed": 4, "tot_waypoints": 9}}
{"target": -993.5640654941559, "params": {"k_pid_pos": [0.31912468753564754, 0.8649627407851319, 0.611861637846065], "k_pid_alt": [1.259793774684674, 0.8298039407577603, 0.6760189273668582], "k_pid_att": [40.86240724685104, 7.173788859366244, 0.1764362345365128], "k_pid_yaw": [0.5, 1e-06, 0.1], "k_pid_hsp": [5.166425351095331, 0.9179510880486765, 0.14129902304280195], "k_pid_vsp": [322.02810388371745, 124.3408235479567, 309.87774454825893]}, "datetime": {"datetime": "2025-08-21 15:17:26", "elapsed": 23562.950251579285, "delta": 26.210622787475586}, "costs": {"total_cost": 993.5640654941559, "time_cost": 150, "final_distance_cost": 57.100158710870254, "oscillation_cost": 255.1743314833984, "completition_cost": 444.4444444444444, "overshoot_cost": 54.573024857783466, "power_cost": 17.792030883789064, "noise_cost": 14.480075113870297, "n_waypoints_completed": 5, "tot_waypoints": 9}}
{"target": -1135.381555890139, "params": {"k_pid_pos": [1.4934806100852989, 0.843056873300369, 0.6543525930862393], "k_pid_alt": [0.12175879397613665, 0.31088851277099094, 0.08249546625882354], "k_pid_att": [71.30280817222506, 8.888811269694484, 0.6023421550499622], "k_pid_yaw": [0.5, 1e-06, 0.1], "k_pid_hsp": [3.5457608419001465, 0.3750908416665606, 0.5896714898856029], "k_pid_vsp": [59.453501218546556, 355.18477571297524, 61.95849278513008]}, "datetime": {"datetime": "2025-08-21 15:17:52", "elapsed": 23589.196127653122, "delta": 26.24587607383728}, "costs": {"total_cost": 1135.381555890139, "time_cost": 150, "final_distance_cost": 57.04892298907583, "oscillation_cost": 164.66030019798592, "completition_cost": 666.6666666666667, "overshoot_cost": 50.9371348516853, "power_cost": 26.2155541015625, "noise_cost": 19.852977083162823, "n_waypoints_completed": 3, "tot_waypoints": 9}}
{"target": -1483.4049140272525, "params": {"k_pid_pos": [0.04935009266719357, 0.5745490797664052, 0.03205717859262025], "k_pid_alt": [1.957281648724361, 0.8148425043618119, 0.7938149368952752], "k_pid_att": [5.2180066918155905, 7.581473621540559, 0.9966770451405421], "k_pid_yaw": [0.5, 1e-06, 0.1], "k_pid_hsp": [2.8169248472205783, 0.3100089350101921, 0.4483663263297686], "k_pid_vsp": [25.451424703698812, 265.4550039610881, 269.7435833461663]}, "datetime": {"datetime": "2025-08-21 15:18:21", "elapsed": 23618.410834789276, "delta": 29.214707136154175}, "costs": {"total_cost": 1483.4049140272525, "time_cost": 150, "final_distance_cost": 9.561168013056152, "oscillation_cost": 108.17381822592597, "completition_cost": 1000.0, "overshoot_cost": 136.68890557880636, "power_cost": 19.359195190429688, "noise_cost": 59.62182701903429, "n_waypoints_completed": 0, "tot_waypoints": 9}}
{"target": -1483.8118435282468, "params": {"k_pid_pos": [0.4271312242519568, 0.9372078693061905, 0.8309656527400024], "k_pid_alt": [1.3893206189327427, 0.6571331131935878, 0.8636349835154782], "k_pid_att": [11.183520255032741, 2.526607530925923, 0.9186851739388298], "k_pid_yaw": [0.5, 1e-06, 0.1], "k_pid_hsp": [3.659155045639093, 0.0478012458627366, 0.4946492612833633], "k_pid_vsp": [122.96865648024541, 59.732925131602926, 338.8157492371232]}, "datetime": {"datetime": "2025-08-21 15:18:47", "elapsed": 23644.407760620117, "delta": 25.996925830841064}, "costs": {"total_cost": 1483.8118435282468, "time_cost": 150, "final_distance_cost": 1.3919249324959224, "oscillation_cost": 99.31601560385128, "completition_cost": 1000.0, "overshoot_cost": 136.96189332017005, "power_cost": 23.52324528808594, "noise_cost": 72.61876438364357, "n_waypoints_completed": 0, "tot_waypoints": 9}}
{"target": -389.4356488682344, "params": {"k_pid_pos": [1.871027111772831, 0.11508789608530534, 0.22665800188856566], "k_pid_alt": [0.8648699860842393, 0.5314487320631498, 0.5250812951415379], "k_pid_att": [2.804173774163299, 4.808725677769828, 0.47200329389984885], "k_pid_yaw": [0.5, 1e-06, 0.1], "k_pid_hsp": [1.4997022505332986, 0.7480916169744817, 0.3135539847496175], "k_pid_vsp": [104.24429717480463, 310.0585878069528, 101.11567672914362]}, "datetime": {"datetime": "2025-08-21 15:19:14", "elapsed": 23670.57700252533, "delta": 26.169241905212402}, "costs": {"total_cost": 389.4356488682344, "time_cost": 98.512, "final_distance_cost": 1.7146459138011705, "oscillation_cost": 177.2021324697427, "completition_cost": 0.0, "overshoot_cost": 75.66414834244958, "power_cost": 20.203672778320314, "noise_cost": 16.13904936392061, "n_waypoints_completed": 9, "tot_waypoints": 9}}
{"target": -1571.9095158930343, "params": {"k_pid_pos": [1.0161221774283635, 0.7163736549854252, 0.3203900219732121], "k_pid_alt": [1.5640003023192732, 0.2138570644093063, 0.37073865939435513], "k_pid_att": [41.41780287955319, 7.051474085702179, 0.7242518660535211], "k_pid_yaw": [0.5, 1e-06, 0.1], "k_pid_hsp": [0.021012581165620617, 0.27847347068094197, 0.7481981134707606], "k_pid_vsp": [61.967787425894905, 345.08759306629634, 136.6408801212821]}, "datetime": {"datetime": "2025-08-21 15:19:40", "elapsed": 23697.08025574684, "delta": 26.50325322151184}, "costs": {"total_cost": 1571.9095158930343, "time_cost": 150, "final_distance_cost": 123.83959047403008, "oscillation_cost": 404.08411431693605, "completition_cost": 777.7777777777778, "overshoot_cost": 75.75282674298015, "power_cost": 23.45788065185547, "noise_cost": 16.997325929454725, "n_waypoints_completed": 2, "tot_waypoints": 9}}
{"target": -1393.3395534346257, "params": {"k_pid_pos": [1.9493798438225878, 0.9396751248664755, 0.5617514992617011], "k_pid_alt": [1.5602972581821302, 0.32868123379854197, 0.5036333153191085], "k_pid_att": [84.88556717075394, 9.661164977866287, 0.3347330111798329], "k_pid_yaw": [0.5, 1e-06, 0.1], "k_pid_hsp": [3.246044859582656, 0.9957310396771011, 0.09769872229225363], "k_pid_vsp": [160.84474014755435, 82.13164450416677, 362.09634343764594]}, "datetime": {"datetime": "2025-08-21 15:20:07", "elapsed": 23723.474135875702, "delta": 26.393880128860474}, "costs": {"total_cost": 1393.3395534346257, "time_cost": 150, "final_distance_cost": 96.1249066581715, "oscillation_cost": 233.8000041927231, "completition_cost": 777.7777777777778, "overshoot_cost": 83.58427639519662, "power_cost": 21.190062255859377, "noise_cost": 30.862526154897193, "n_waypoints_completed": 2, "tot_waypoints": 9}}
{"target": -1791.8187249110956, "params": {"k_pid_pos": [1.2651494234441887, 0.03754213616635271, 0.053288625389203315], "k_pid_alt": [0.2779705543817821, 0.38072445278863276, 0.1789672061125266], "k_pid_att": [23.07155957013125, 2.329743624408434, 0.8648147328348454], "k_pid_yaw": [0.5, 1e-06, 0.1], "k_pid_hsp": [0.7366423040634736, 0.3838354505518683, 0.8623813942779616], "k_pid_vsp": [67.97423328392642, 21.3359772730888, 286.45476314213516]}, "datetime": {"datetime": "2025-08-21 15:20:33", "elapsed": 23750.149794101715, "delta": 26.675658226013184}, "costs": {"total_cost": 1791.8187249110956, "time_cost": 150, "final_distance_cost": 154.26325177849773, "oscillation_cost": 317.49789174083224, "completition_cost": 1000.0, "overshoot_cost": 121.81825915565905, "power_cost": 19.56307176513672, "noise_cost": 28.676250470969674, "n_waypoints_completed": 0, "tot_waypoints": 9}}
{"target": -1212.2100207827436, "params": {"k_pid_pos": [1.6477381267523827, 0.9550402402220218, 0.6267712905625136], "k_pid_alt": [0.7712946692509361, 0.5639408422185255, 0.8876233349083559], "k_pid_att": [48.10500597510694, 7.594803067369925, 0.07930227448830884], "k_pid_yaw": [0.5, 1e-06, 0.1], "k_pid_hsp": [1.2740673544117522, 0.1832146589867658, 0.6464625983596223], "k_pid_vsp": [268.1594375007288, 124.27223089833703, 320.47854572171434]}, "datetime": {"datetime": "2025-08-21 15:21:00", "elapsed": 23777.27852320671, "delta": 27.128729104995728}, "costs": {"total_cost": 1212.2100207827436, "time_cost": 150, "final_distance_cost": 90.90725264692216, "oscillation_cost": 189.64306385193044, "completition_cost": 666.6666666666667, "overshoot_cost": 71.1450259528853, "power_cost": 25.480474951171875, "noise_cost": 18.36753671316719, "n_waypoints_completed": 3, "tot_waypoints": 9}}
{"target": -1213.6349465656137, "params": {"k_pid_pos": [0.33616953457169324, 0.10299478253938887, 0.5301649221219346], "k_pid_alt": [1.0993487779883135, 0.11126334825953654, 0.7389793142696537], "k_pid_att": [54.63017642233942, 1.9965704113707707, 0.9650825573156432], "k_pid_yaw": [0.5, 1e-06, 0.1], "k_pid_hsp": [1.1565990757696862, 0.31298232124657854, 0.34839458387319655], "k_pid_vsp": [4.810571588241075, 356.3721408239813, 150.590270912475]}, "datetime": {"datetime": "2025-08-21 15:21:27", "elapsed": 23803.688690185547, "delta": 26.41016697883606}, "costs": {"total_cost": 1213.6349465656137, "time_cost": 150, "final_distance_cost": 71.13462846953826, "oscillation_cost": 337.93956799933403, "completition_cost": 555.5555555555555, "overshoot_cost": 67.05140471037038, "power_cost": 17.525067895507814, "noise_cost": 14.428721935307578, "n_waypoints_completed": 4, "tot_waypoints": 9}}
{"target": -346.3091261233835, "params": {"k_pid_pos": [1.713256571414392, 0.6172725105757054, 0.4293434720164938], "k_pid_alt": [1.9643060777985002, 0.6351251351389463, 0.10468164286465875], "k_pid_att": [49.96138990058009, 9.978654795219807, 0.0783322429989931], "k_pid_yaw": [0.5, 1e-06, 0.1], "k_pid_hsp": [3.546126001384314, 0.614366143138969, 0.1732977673715963], "k_pid_vsp": [193.1774652273754, 303.36677222165196, 96.73702808746224]}, "datetime": {"datetime": "2025-08-21 15:21:48", "elapsed": 23825.239640951157, "delta": 21.55095076560974}, "costs": {"total_cost": 346.3091261233835, "time_cost": 79.352, "final_distance_cost": 1.756585381504605, "oscillation_cost": 182.72523930661842, "completition_cost": 0.0, "overshoot_cost": 51.58937526045172, "power_cost": 17.568460375976564, "noise_cost": 13.317465798832202, "n_waypoints_completed": 9, "tot_waypoints": 9}}
{"target": -826.2351752477873, "params": {"k_pid_pos": [1.0907249672082986, 0.3678236227099162, 0.5542877773097679], "k_pid_alt": [0.7422958302540403, 0.5936670117949557, 0.5825450502731795], "k_pid_att": [21.282828479569705, 0.5062341289518317, 0.9475020885360911], "k_pid_yaw": [0.5, 1e-06, 0.1], "k_pid_hsp": [8.967311560726234, 0.05450588553342994, 0.662404379994292], "k_pid_vsp": [190.48490804295852, 10.355373617107654, 90.6203478306744]}, "datetime": {"datetime": "2025-08-21 15:22:15", "elapsed": 23851.692183732986, "delta": 26.452542781829834}, "costs": {"total_cost": 826.2351752477873, "time_cost": 150, "final_distance_cost": 75.28513507819835, "oscillation_cost": 288.7850819417197, "completition_cost": 222.2222222222222, "overshoot_cost": 53.46554257796473, "power_cost": 20.404286340332032, "noise_cost": 16.072907087350355, "n_waypoints_completed": 7, "tot_waypoints": 9}}
{"target": -1046.649792080711, "params": {"k_pid_pos": [1.473737845402632, 0.6862736586630623, 0.1759808074971988], "k_pid_alt": [0.4012181167442357, 0.5445534516105116, 0.7397404810567728], "k_pid_att": [1.4249571124439253, 0.17405353641085794, 0.579367749170211], "k_pid_yaw": [0.5, 1e-06, 0.1], "k_pid_hsp": [4.037264686539726, 0.05937119409604408, 0.05340984491132095], "k_pid_vsp": [308.32005643214234, 154.69671578385916, 147.15074860614388]}, "datetime": {"datetime": "2025-08-21 15:22:41", "elapsed": 23878.23618030548, "delta": 26.543996572494507}, "costs": {"total_cost": 1046.649792080711, "time_cost": 150, "final_distance_cost": 74.30914697792724, "oscillation_cost": 64.03710893683719, "completition_cost": 666.6666666666667, "overshoot_cost": 51.457510025234114, "power_cost": 23.570543615722656, "noise_cost": 16.60881585832296, "n_waypoints_completed": 3, "tot_waypoints": 9}}
{"target": -1501.5208976838248, "params": {"k_pid_pos": [1.8301099548674857, 0.27783830516239305, 0.1350639883013155], "k_pid_alt": [0.5893803050393822, 0.2843547832157902, 0.5738024391385809], "k_pid_att": [17.988279032015587, 4.0171674070522725, 0.8810580095219525], "k_pid_yaw": [0.5, 1e-06, 0.1], "k_pid_hsp": [7.173569598541797, 0.06415876120776054, 0.6960570252972065], "k_pid_vsp": [139.64745565074415, 243.72273117254545, 286.78574103763475]}, "datetime": {"datetime": "2025-08-21 15:23:10", "elapsed": 23907.026094913483, "delta": 28.78991460800171}, "costs": {"total_cost": 1501.5208976838248, "time_cost": 150, "final_distance_cost": 68.07700150240014, "oscillation_cost": 310.9235306983967, "completition_cost": 777.7777777777778, "overshoot_cost": 119.97835203988441, "power_cost": 20.571980993652346, "noise_cost": 54.192254671713314, "n_waypoints_completed": 2, "tot_waypoints": 9}}
{"target": -3520.9277824590695, "params": {"k_pid_pos": [1.9374659566607937, 0.553804647737126, 0.4901774722430692], "k_pid_alt": [0.5445012644757135, 0.4448483839602424, 0.05884773016274958], "k_pid_att": [37.77409308501745, 2.020498780395547, 0.21112954350367186], "k_pid_yaw": [0.5, 1e-06, 0.1], "k_pid_hsp": [6.812859872052961, 0.4737965804553992, 0.06714278521967099], "k_pid_vsp": [14.823951345113207, 19.560421094903298, 205.70425364529925]}, "datetime": {"datetime": "2025-08-21 15:23:37", "elapsed": 23933.742899894714, "delta": 26.71680498123169}, "costs": {"total_cost": 3520.9277824590695, "time_cost": 150, "final_distance_cost": 837.1312916678896, "oscillation_cost": 362.4866523458045, "completition_cost": 888.8888888888888, "overshoot_cost": 1245.8109784953622, "power_cost": 18.907873181152343, "noise_cost": 17.70209787997195, "n_waypoints_completed": 1, "tot_waypoints": 9}}
{"target": -1151.044868063723, "params": {"k_pid_pos": [1.4272679329043603, 0.3551428747457951, 0.8042599026787113], "k_pid_alt": [0.7462784774691005, 0.5119278962632362, 0.4272941668633733], "k_pid_att": [39.0338239426047, 3.429159490473919, 0.7568235197699883], "k_pid_yaw": [0.5, 1e-06, 0.1], "k_pid_hsp": [6.523191698521067, 0.41806047792993983, 0.07576458881505688], "k_pid_vsp": [81.36543909603127, 334.91280126405906, 294.52480286230565]}, "datetime": {"datetime": "2025-08-21 15:24:03", "elapsed": 23960.00094985962, "delta": 26.258049964904785}, "costs": {"total_cost": 1151.044868063723, "time_cost": 150, "final_distance_cost": 37.82382517835192, "oscillation_cost": 283.50214199287717, "completition_cost": 555.5555555555555, "overshoot_cost": 76.4380817079191, "power_cost": 20.264777404785157, "noise_cost": 27.460486224234156, "n_waypoints_completed": 4, "tot_waypoints": 9}}
{"target": -1503.0702984349166, "params": {"k_pid_pos": [1.1554516726723438, 0.9119184169009917, 0.9686789204780785], "k_pid_alt": [0.19160187720867716, 0.4714279893354525, 0.8345160344021634], "k_pid_att": [6.77526512825346, 5.543284549560955, 0.4680157688100036], "k_pid_yaw": [0.5, 1e-06, 0.1], "k_pid_hsp": [1.8241117556773512, 0.18183359164940982, 0.5409304879716863], "k_pid_vsp": [201.85243664739568, 319.3227539237576, 295.2529727558458]}, "datetime": {"datetime": "2025-08-21 15:24:29", "elapsed": 23986.333485364914, "delta": 26.3325355052948}, "costs": {"total_cost": 1503.0702984349166, "time_cost": 150, "final_distance_cost": 41.719001832335096, "oscillation_cost": 221.97811539332542, "completition_cost": 1000.0, "overshoot_cost": 41.8398024982487, "power_cost": 28.200300805664064, "noise_cost": 19.33307790534323, "n_waypoints_completed": 0, "tot_waypoints": 9}}
{"target": -362.2429188379789, "params": {"k_pid_pos": [0.5653466331753417, 0.1363771719682395, 0.09676380082262148], "k_pid_alt": [1.3453562912572927, 0.4814265795461713, 0.25459994447178413], "k_pid_att": [37.940510635743784, 1.384787995178373, 0.6022568704547998], "k_pid_yaw": [0.5, 1e-06, 0.1], "k_pid_hsp": [2.2757835650103124, 0.9029075644861841, 0.40811706965374295], "k_pid_vsp": [394.12408325791887, 43.634087966690295, 181.3880143413016]}, "datetime": {"datetime": "2025-08-21 15:24:59", "elapsed": 24016.356995344162, "delta": 30.023509979248047}, "costs": {"total_cost": 362.2429188379789, "time_cost": 92.352, "final_distance_cost": 1.8065624010856465, "oscillation_cost": 184.72146467595604, "completition_cost": 0.0, "overshoot_cost": 56.51072096504049, "power_cost": 14.729907238769531, "noise_cost": 12.122263557127146, "n_waypoints_completed": 9, "tot_waypoints": 9}}
{"target": -1214.7290212029757, "params": {"k_pid_pos": [1.825414772887173, 0.010046269212229397, 0.3391842261493203], "k_pid_alt": [1.711804508402886, 0.19478424309234277, 0.358879193828724], "k_pid_att": [64.05624659219058, 9.375580352229097, 0.17698802832894434], "k_pid_yaw": [0.5, 1e-06, 0.1], "k_pid_hsp": [0.6591624343303419, 0.659730812701636, 0.7965220253783551], "k_pid_vsp": [79.90342202404376, 339.7533028255426, 272.64320319797037]}, "datetime": {"datetime": "2025-08-21 15:25:26", "elapsed": 24043.2078268528, "delta": 26.850831508636475}, "costs": {"total_cost": 1214.7290212029757, "time_cost": 150, "final_distance_cost": 53.18945963054188, "oscillation_cost": 353.0375526206415, "completition_cost": 555.5555555555555, "overshoot_cost": 60.72784862165139, "power_cost": 22.278596899414065, "noise_cost": 19.940007875171418, "n_waypoints_completed": 4, "tot_waypoints": 9}}
{"target": -855.3388347346006, "params": {"k_pid_pos": [1.809013400329472, 0.6739390494221157, 0.3461561634812622], "k_pid_alt": [0.3662028346630146, 0.59819809042651, 0.11886957885653893], "k_pid_att": [38.630858376823, 1.4514112545663616, 0.15821942429214986], "k_pid_yaw": [0.5, 1e-06, 0.1], "k_pid_hsp": [6.245918994376997, 0.9924359578782251, 0.09781069966641176], "k_pid_vsp": [235.65504818903727, 325.0662634069677, 280.87073285091356]}, "datetime": {"datetime": "2025-08-21 15:25:52", "elapsed": 24069.450191497803, "delta": 26.242364645004272}, "costs": {"total_cost": 855.3388347346006, "time_cost": 150, "final_distance_cost": 66.49558016339388, "oscillation_cost": 207.7360467831114, "completition_cost": 333.33333333333337, "overshoot_cost": 54.16258803121929, "power_cost": 24.739877770996095, "noise_cost": 18.87140865254655, "n_waypoints_completed": 6, "tot_waypoints": 9}}
