{"target": -347.61913205324504, "params": {"k_pid_pos": [1.9955221461344559, 0.394052004645042, 0.27398483699813336], "k_pid_alt": [1.6207279936949481, 0.6877780389681798, 0.1696241373360241], "k_pid_att": [54.73102217510781, 2.631949131813098, 0.9330950884669926], "k_pid_yaw": [0.5, 1e-06, 0.1], "k_pid_hsp": [8.30369263551884, 0.5358250858820715, 0.173326477328956], "k_pid_vsp": [348.66313826787587, 212.52661472569773, 33.89457392234677]}, "datetime": {"datetime": "2025-08-22 02:17:25", "elapsed": 63162.341878414154, "delta": 39.09522342681885}, "costs": {"total_cost": 347.61913205324504, "time_cost": 87.872, "final_distance_cost": 1.7837076150706472, "oscillation_cost": 174.2812663025121, "completition_cost": 0.0, "overshoot_cost": 52.693331431024475, "power_cost": 17.165439562988283, "noise_cost": 13.82338714164953, "n_waypoints_completed": 9, "tot_waypoints": 9}}
{"target": -1121.5469377623174, "params": {"k_pid_pos": [0.6015631981981217, 0.6773833891360974, 0.9657372246507362], "k_pid_alt": [0.5889405161337837, 0.09998804711473663, 0.3377123880703812], "k_pid_att": [28.580422471336576, 3.098583444393527, 0.8909033228807887], "k_pid_yaw": [0.5, 1e-06, 0.1], "k_pid_hsp": [3.7637381009535775, 0.5257269551436504, 0.892247118892644], "k_pid_vsp": [224.7236907248201, 388.47358412772024, 193.46017534391262]}, "datetime": {"datetime": "2025-08-22 02:18:01", "elapsed": 63197.940608263016, "delta": 35.598729848861694}, "costs": {"total_cost": 1121.5469377623174, "time_cost": 150, "final_distance_cost": 46.83705887213221, "oscillation_cost": 277.36497357726955, "completition_cost": 555.5555555555555, "overshoot_cost": 47.43453271661048, "power_cost": 26.36267508544922, "noise_cost": 17.99214195530033, "n_waypoints_completed": 4, "tot_waypoints": 9}}
{"target": -811.6108777440833, "params": {"k_pid_pos": [1.5262166874351701, 0.2634804263706415, 0.8611275621893585], "k_pid_alt": [0.7036539098853685, 0.6335519105621491, 0.36353539005766233], "k_pid_att": [43.66073608890133, 6.129546041604567, 0.29756646255594543], "k_pid_yaw": [0.5, 1e-06, 0.1], "k_pid_hsp": [9.84487148779344, 0.018169501891220907, 0.6408475574001282], "k_pid_vsp": [277.0984094256065, 300.46026688519737, 69.63606277595555]}, "datetime": {"datetime": "2025-08-22 02:18:37", "elapsed": 63234.14433979988, "delta": 36.203731536865234}, "costs": {"total_cost": 811.6108777440833, "time_cost": 150, "final_distance_cost": 63.635353551622195, "oscillation_cost": 284.38058004208864, "completition_cost": 222.2222222222222, "overshoot_cost": 48.74173425068853, "power_cost": 25.061336657714843, "noise_cost": 17.569651019746807, "n_waypoints_completed": 7, "tot_waypoints": 9}}
{"target": -354.7983131316304, "params": {"k_pid_pos": [2.0, 0.511380757699976, 0.0], "k_pid_alt": [2.0, 0.5515756985761963, 0.44711682653964074], "k_pid_att": [94.38373914520564, 0.0001, 0.4536021097354901], "k_pid_yaw": [0.5, 1e-06, 0.1], "k_pid_hsp": [7.140494230170654, 0.7619552460895953, 0.3476595315927489], "k_pid_vsp": [197.31993615442036, 376.7175980519769, 151.17797210351074]}, "datetime": {"datetime": "2025-08-22 02:19:10", "elapsed": 63267.31653690338, "delta": 33.172197103500366}, "costs": {"total_cost": 354.7983131316304, "time_cost": 97.144, "final_distance_cost": 1.7453042979731372, "oscillation_cost": 161.0194666511659, "completition_cost": 0.0, "overshoot_cost": 56.42522704225693, "power_cost": 22.112210168457032, "noise_cost": 16.352104971777376, "n_waypoints_completed": 9, "tot_waypoints": 9}}
{"target": -591.0290533897855, "params": {"k_pid_pos": [1.6370742997944485, 0.13626914490838993, 0.5876549456356412], "k_pid_alt": [1.6250591832762034, 0.1538450851928923, 0.6477329234937427], "k_pid_att": [11.599876735046488, 6.442086804781453, 0.6608249129991379], "k_pid_yaw": [0.5, 1e-06, 0.1], "k_pid_hsp": [1.7001900908272154, 0.9627096474468746, 0.8306904552518325], "k_pid_vsp": [173.74367081688735, 336.1866203895178, 96.80502853246276]}, "datetime": {"datetime": "2025-08-22 02:19:55", "elapsed": 63311.908732414246, "delta": 44.59219551086426}, "costs": {"total_cost": 591.0290533897855, "time_cost": 150, "final_distance_cost": 67.21136151664966, "oscillation_cost": 183.42880790757354, "completition_cost": 111.11111111111116, "overshoot_cost": 47.67606501939048, "power_cost": 18.25218464355469, "noise_cost": 13.349523191506028, "n_waypoints_completed": 8, "tot_waypoints": 9}}
{"target": -721.8531771173963, "params": {"k_pid_pos": [1.2553919859492633, 0.733638250769332, 0.3967615590667123], "k_pid_alt": [0.7058725496719529, 0.825814852939134, 0.111909627719188], "k_pid_att": [25.074727646468688, 6.575221595870148, 0.7104322067866871], "k_pid_yaw": [0.5, 1e-06, 0.1], "k_pid_hsp": [3.930684829958661, 0.9482368420116551, 0.3433268878991974], "k_pid_vsp": [141.84568641805106, 11.701813738351847, 13.187154326904977]}, "datetime": {"datetime": "2025-08-22 02:20:29", "elapsed": 63346.26252603531, "delta": 34.35379362106323}, "costs": {"total_cost": 721.8531771173963, "time_cost": 150, "final_distance_cost": 74.8179935574878, "oscillation_cost": 185.37102036672178, "completition_cost": 222.2222222222222, "overshoot_cost": 54.393323638184285, "power_cost": 19.511184899902343, "noise_cost": 15.537432432877978, "n_waypoints_completed": 7, "tot_waypoints": 9}}
{"target": -436.4748057314607, "params": {"k_pid_pos": [1.1210338619334232, 0.5760557674087515, 0.0604392724795102], "k_pid_alt": [1.17046595904111, 0.2784237878813668, 0.9428396908168647], "k_pid_att": [70.14752506589369, 3.5700530617578012, 0.009270827691913341], "k_pid_yaw": [0.5, 1e-06, 0.1], "k_pid_hsp": [6.865300769771799, 0.30345675315507226, 0.2648077313213598], "k_pid_vsp": [370.9733577536066, 339.2242136829857, 80.452286252675]}, "datetime": {"datetime": "2025-08-22 02:21:02", "elapsed": 63379.181016922, "delta": 32.91849088668823}, "costs": {"total_cost": 436.4748057314607, "time_cost": 99.376, "final_distance_cost": 1.7143812802091938, "oscillation_cost": 237.5738243347258, "completition_cost": 0.0, "overshoot_cost": 56.823777867540784, "power_cost": 23.55883917236328, "noise_cost": 17.427983076621647, "n_waypoints_completed": 9, "tot_waypoints": 9}}
{"target": -1251.643630655506, "params": {"k_pid_pos": [1.3150905053480053, 0.5412950094086008, 0.19682614638299123], "k_pid_alt": [0.4192582712857882, 0.3212138598936819, 0.6685326820776752], "k_pid_att": [11.845658026857475, 8.877093013697039, 0.12361361727744469], "k_pid_yaw": [0.5, 1e-06, 0.1], "k_pid_hsp": [4.1745642986332285, 0.24656213812456818, 0.8335753592450899], "k_pid_vsp": [160.89935999844909, 343.1817813418227, 107.75154871455369]}, "datetime": {"datetime": "2025-08-22 02:21:50", "elapsed": 63426.975710392, "delta": 47.79469347000122}, "costs": {"total_cost": 1251.643630655506, "time_cost": 150, "final_distance_cost": 52.17494695431889, "oscillation_cost": 262.2708687384532, "completition_cost": 666.6666666666667, "overshoot_cost": 48.75505657612964, "power_cost": 30.64418291015625, "noise_cost": 41.13190880978128, "n_waypoints_completed": 3, "tot_waypoints": 9}}
{"target": -278.4146169586002, "params": {"k_pid_pos": [2.0, 1.0, 1.0], "k_pid_alt": [2.0, 0.0, 0.0], "k_pid_att": [97.45046680755827, 0.0001, 0.0], "k_pid_yaw": [0.5, 1e-06, 0.1], "k_pid_hsp": [6.001068460645957, 0.0, 0.0], "k_pid_vsp": [336.5525684652496, 296.6498295123036, 33.47167358136897]}, "datetime": {"datetime": "2025-08-22 02:22:21", "elapsed": 63457.56303811073, "delta": 30.58732771873474}, "costs": {"total_cost": 278.4146169586002, "time_cost": 78.84, "final_distance_cost": 1.7096739193277923, "oscillation_cost": 109.64044757576077, "completition_cost": 0.0, "overshoot_cost": 52.028396720783064, "power_cost": 20.79151668701172, "noise_cost": 15.404582055716833, "n_waypoints_completed": 9, "tot_waypoints": 9}}
{"target": -1212.4081082032685, "params": {"k_pid_pos": [0.27019105538867233, 0.3507452088848315, 0.6025473294205309], "k_pid_alt": [1.873823112039881, 0.18556331850483787, 0.5022207552391321], "k_pid_att": [19.52960388058753, 2.338974802188128, 0.3708477925546423], "k_pid_yaw": [0.5, 1e-06, 0.1], "k_pid_hsp": [2.829402621043648, 0.1591448805671405, 0.8904378798902898], "k_pid_vsp": [173.3429114427294, 343.4711255829458, 98.45794459163957]}, "datetime": {"datetime": "2025-08-22 02:22:55", "elapsed": 63491.959605932236, "delta": 34.396567821502686}, "costs": {"total_cost": 1212.4081082032685, "time_cost": 150, "final_distance_cost": 42.10225701124361, "oscillation_cost": 375.89837126989386, "completition_cost": 555.5555555555555, "overshoot_cost": 48.75348229468484, "power_cost": 23.700968298339845, "noise_cost": 16.39747377355088, "n_waypoints_completed": 4, "tot_waypoints": 9}}
{"target": -313.47812841303096, "params": {"k_pid_pos": [2.0, 0.0, 0.0], "k_pid_alt": [2.0, 0.0, 1.0], "k_pid_att": [22.815702413793574, 6.867137715771647, 0.0], "k_pid_yaw": [0.5, 1e-06, 0.1], "k_pid_hsp": [10.0, 0.0, 1.0], "k_pid_vsp": [385.74975122540593, 247.46049166016505, 125.69907451477208]}, "datetime": {"datetime": "2025-08-22 02:23:29", "elapsed": 63525.95510315895, "delta": 33.99549722671509}, "costs": {"total_cost": 313.47812841303096, "time_cost": 69.048, "final_distance_cost": 1.73588823160471, "oscillation_cost": 168.2177051574767, "completition_cost": 0.0, "overshoot_cost": 50.6256175049353, "power_cost": 13.27518670654297, "noise_cost": 10.575730812471305, "n_waypoints_completed": 9, "tot_waypoints": 9}}
{"target": -840.4318524546751, "params": {"k_pid_pos": [0.4122863825909275, 0.48939503278504604, 0.9682275954796741], "k_pid_alt": [1.4979809678047857, 0.21665548974042004, 0.5502574955965139], "k_pid_att": [16.838646746918617, 6.595441715396553, 0.873757221705274], "k_pid_yaw": [0.5, 1e-06, 0.1], "k_pid_hsp": [1.745693626476206, 0.417864429219892, 0.3188771615366506], "k_pid_vsp": [333.77880963066843, 335.49400350828495, 18.716325607272864]}, "datetime": {"datetime": "2025-08-22 02:24:06", "elapsed": 63563.10922574997, "delta": 37.15412259101868}, "costs": {"total_cost": 840.4318524546751, "time_cost": 150, "final_distance_cost": 67.93635887353226, "oscillation_cost": 213.59724085914863, "completition_cost": 333.33333333333337, "overshoot_cost": 43.562525242792425, "power_cost": 18.305468786621095, "noise_cost": 13.696925359247382, "n_waypoints_completed": 6, "tot_waypoints": 9}}
{"target": -1225.7833589851368, "params": {"k_pid_pos": [0.08731713925138532, 0.6775081959320131, 0.34512663084195505], "k_pid_alt": [1.6421708873875231, 0.4407089013288974, 0.17752492674220333], "k_pid_att": [13.08014876679412, 3.309888637860713, 0.8519162460626075], "k_pid_yaw": [0.5, 1e-06, 0.1], "k_pid_hsp": [6.005705765303333, 0.2813233936786532, 0.9233509485193514], "k_pid_vsp": [46.48160327930917, 108.31647703267697, 33.04413614563762]}, "datetime": {"datetime": "2025-08-22 02:24:42", "elapsed": 63598.68244767189, "delta": 35.573221921920776}, "costs": {"total_cost": 1225.7833589851368, "time_cost": 150, "final_distance_cost": 93.22221647479398, "oscillation_cost": 126.97438397011759, "completition_cost": 777.7777777777778, "overshoot_cost": 43.59018591937147, "power_cost": 19.566133044433595, "noise_cost": 14.652661798642363, "n_waypoints_completed": 2, "tot_waypoints": 9}}
{"target": -233.58773040283984, "params": {"k_pid_pos": [2.0, 0.0, 1.0], "k_pid_alt": [2.0, 1.0, 1.0], "k_pid_att": [95.66355506469505, 2.375075991599094, 0.0], "k_pid_yaw": [0.5, 1e-06, 0.1], "k_pid_hsp": [2.9758891786881585, 1.0, 0.0], "k_pid_vsp": [339.9941040636846, 325.1876457681146, 95.66701891669203]}, "datetime": {"datetime": "2025-08-22 02:25:24", "elapsed": 63640.77320408821, "delta": 42.0907564163208}, "costs": {"total_cost": 233.58773040283984, "time_cost": 83.504, "final_distance_cost": 1.8141395658085022, "oscillation_cost": 65.9818194429364, "completition_cost": 0.0, "overshoot_cost": 53.89478370218953, "power_cost": 15.800763928222658, "noise_cost": 12.592223763682728, "n_waypoints_completed": 9, "tot_waypoints": 9}}
{"target": -434.79628861032097, "params": {"k_pid_pos": [1.0857471968738535, 0.6973418326208314, 0.8846990428400969], "k_pid_alt": [0.6147106447359533, 0.0, 0.0], "k_pid_att": [62.265807420085345, 9.193987088279856, 0.9309626234687841], "k_pid_yaw": [0.5, 1e-06, 0.1], "k_pid_hsp": [3.5145939550440017, 1.0, 0.9556283552846516], "k_pid_vsp": [216.6976628256689, 52.10007420565782, 33.033382148323184]}, "datetime": {"datetime": "2025-08-22 02:26:12", "elapsed": 63689.312245607376, "delta": 48.53904151916504}, "costs": {"total_cost": 434.79628861032097, "time_cost": 99.744, "final_distance_cost": 1.803305618800211, "oscillation_cost": 234.65613546408045, "completition_cost": 0.0, "overshoot_cost": 52.579844290451874, "power_cost": 26.961330285644532, "noise_cost": 19.051672951343914, "n_waypoints_completed": 9, "tot_waypoints": 9}}
{"target": -260.17709430808407, "params": {"k_pid_pos": [2.0, 1.0, 1.0], "k_pid_alt": [2.0, 1.0, 0.007024309874938955], "k_pid_att": [92.46889908682024, 7.641630534535942, 1.0], "k_pid_yaw": [0.5, 1e-06, 0.1], "k_pid_hsp": [6.322426968813762, 0.0, 0.0], "k_pid_vsp": [248.99153784531225, 379.59114274703046, 145.258115450948]}, "datetime": {"datetime": "2025-08-22 02:26:53", "elapsed": 63729.90991520882, "delta": 40.59766960144043}, "costs": {"total_cost": 260.17709430808407, "time_cost": 92.272, "final_distance_cost": 1.7774954378790888, "oscillation_cost": 69.34592149051068, "completition_cost": 0.0, "overshoot_cost": 55.95708558362804, "power_cost": 23.08393758544922, "noise_cost": 17.74065421061704, "n_waypoints_completed": 9, "tot_waypoints": 9}}
{"target": -811.9555083272693, "params": {"k_pid_pos": [2.0, 1.0, 0.0], "k_pid_alt": [2.0, 1.0, 0.0], "k_pid_att": [35.83215382306467, 3.3245578289889783, 0.0], "k_pid_yaw": [0.5, 1e-06, 0.1], "k_pid_hsp": [4.296080182695578, 0.0, 1.0], "k_pid_vsp": [97.72434563964924, 68.47115573118286, 31.657116084781933]}, "datetime": {"datetime": "2025-08-22 02:27:31", "elapsed": 63767.48972773552, "delta": 37.57981252670288}, "costs": {"total_cost": 811.9555083272693, "time_cost": 150, "final_distance_cost": 72.51299666638945, "oscillation_cost": 147.59833432235516, "completition_cost": 333.33333333333337, "overshoot_cost": 65.39928016510522, "power_cost": 25.376771411132815, "noise_cost": 17.7347924289533, "n_waypoints_completed": 6, "tot_waypoints": 9}}
{"target": -638.2702573154596, "params": {"k_pid_pos": [0.9398910127217606, 0.08619822406294286, 0.48844050840917563], "k_pid_alt": [1.0863229321932109, 0.09004777550364107, 0.24730058433320234], "k_pid_att": [64.10470637160142, 6.899816357675764, 0.3653068870716478], "k_pid_yaw": [0.5, 1e-06, 0.1], "k_pid_hsp": [1.499676380897542, 0.636617157768102, 0.1338336956902123], "k_pid_vsp": [307.97511328644134, 256.1202497498804, 76.39796133155899]}, "datetime": {"datetime": "2025-08-22 02:28:10", "elapsed": 63807.44821667671, "delta": 39.95848894119263}, "costs": {"total_cost": 638.2702573154596, "time_cost": 150, "final_distance_cost": 13.88874659848452, "oscillation_cost": 269.94678771562155, "completition_cost": 111.11111111111116, "overshoot_cost": 51.51894025906615, "power_cost": 24.399573950195315, "noise_cost": 17.4050976809808, "n_waypoints_completed": 8, "tot_waypoints": 9}}
{"target": -224.88095398364902, "params": {"k_pid_pos": [2.0, 0.0, 0.0], "k_pid_alt": [2.0, 0.0, 1.0], "k_pid_att": [9.980048921302004, 0.13402220110479948, 1.0], "k_pid_yaw": [0.5, 1e-06, 0.1], "k_pid_hsp": [3.2427714951865063, 1.0, 0.0], "k_pid_vsp": [49.52148921353542, 229.11661960840152, 86.01183177285898]}, "datetime": {"datetime": "2025-08-22 02:28:42", "elapsed": 63838.78208446503, "delta": 31.33386778831482}, "costs": {"total_cost": 224.88095398364902, "time_cost": 76.68, "final_distance_cost": 1.760686477194441, "oscillation_cost": 58.51700895764305, "completition_cost": 0.0, "overshoot_cost": 53.03466252241513, "power_cost": 19.87927117919922, "noise_cost": 15.009324847197169, "n_waypoints_completed": 9, "tot_waypoints": 9}}
{"target": -672.530485076696, "params": {"k_pid_pos": [2.0, 0.0, 0.0], "k_pid_alt": [0.0, 1.0, 1.0], "k_pid_att": [35.734819981584295, 0.0001, 1.0], "k_pid_yaw": [0.5, 1e-06, 0.1], "k_pid_hsp": [2.2444147005415087, 0.0, 0.0], "k_pid_vsp": [292.5201942776179, 267.1483579977235, 135.509007140694]}, "datetime": {"datetime": "2025-08-22 02:29:24", "elapsed": 63881.066348552704, "delta": 42.284264087677}, "costs": {"total_cost": 672.530485076696, "time_cost": 150, "final_distance_cost": 52.75276267747283, "oscillation_cost": 46.18356284819878, "completition_cost": 333.33333333333337, "overshoot_cost": 59.19813911822169, "power_cost": 17.840759558105468, "noise_cost": 13.221927541363883, "n_waypoints_completed": 6, "tot_waypoints": 9}}
{"target": -316.863439114482, "params": {"k_pid_pos": [2.0, 0.0, 1.0], "k_pid_alt": [2.0, 1.0, 1.0], "k_pid_att": [19.2528762587467, 6.483107882684092, 1.0], "k_pid_yaw": [0.5, 1e-06, 0.1], "k_pid_hsp": [6.1232844872865435, 0.0, 0.9651298223202602], "k_pid_vsp": [334.80043405201206, 327.5341568567782, 13.063412922528448]}, "datetime": {"datetime": "2025-08-22 02:30:00", "elapsed": 63916.858348846436, "delta": 35.79200029373169}, "costs": {"total_cost": 316.863439114482, "time_cost": 73.904, "final_distance_cost": 1.7638520665580615, "oscillation_cost": 167.32819328684803, "completition_cost": 0.0, "overshoot_cost": 51.48443297012325, "power_cost": 12.040352697753907, "noise_cost": 10.342608093198765, "n_waypoints_completed": 9, "tot_waypoints": 9}}
{"target": -457.1544633643428, "params": {"k_pid_pos": [2.0, 0.0, 1.0], "k_pid_alt": [0.0, 1.0, 1.0], "k_pid_att": [13.89046230006526, 5.4810854391425705, 0.0], "k_pid_yaw": [0.5, 1e-06, 0.1], "k_pid_hsp": [10.0, 0.0, 0.0], "k_pid_vsp": [12.89778581127041, 221.87565253329046, 34.15048641602708]}, "datetime": {"datetime": "2025-08-22 02:30:42", "elapsed": 63959.11476588249, "delta": 42.25641703605652}, "costs": {"total_cost": 457.1544633643428, "time_cost": 90.904, "final_distance_cost": 1.808394789384813, "oscillation_cost": 270.4110863413501, "completition_cost": 0.0, "overshoot_cost": 63.710169699046496, "power_cost": 16.988306225585937, "noise_cost": 13.33250630897551, "n_waypoints_completed": 9, "tot_waypoints": 9}}
{"target": -232.94339631844718, "params": {"k_pid_pos": [2.0, 0.0, 0.0], "k_pid_alt": [2.0, 0.0, 0.0], "k_pid_att": [6.776629128977998, 6.655069914420546, 1.0], "k_pid_yaw": [0.5, 1e-06, 0.1], "k_pid_hsp": [6.336671952932085, 1.0, 0.0], "k_pid_vsp": [48.97447150748059, 228.75270825027036, 85.08539009462973]}, "datetime": {"datetime": "2025-08-22 02:31:21", "elapsed": 63998.44100999832, "delta": 39.32624411582947}, "costs": {"total_cost": 232.94339631844718, "time_cost": 75.976, "final_distance_cost": 1.749068161865054, "oscillation_cost": 70.23430861547122, "completition_cost": 0.0, "overshoot_cost": 51.91933027622065, "power_cost": 19.029473449707034, "noise_cost": 14.035215815183223, "n_waypoints_completed": 9, "tot_waypoints": 9}}
{"target": -476.0073910501506, "params": {"k_pid_pos": [1.8064121999687626, 0.3533165207140525, 0.39790027250583027], "k_pid_alt": [1.9617128087740348, 0.9660145850632172, 0.4845786065768194], "k_pid_att": [23.733598235943898, 8.262054255188088, 0.9883611310465883], "k_pid_yaw": [0.5, 1e-06, 0.1], "k_pid_hsp": [3.7413838342827694, 0.08481168834342478, 0.6061508026757538], "k_pid_vsp": [381.8186938223382, 245.1429662782951, 126.86079925477193]}, "datetime": {"datetime": "2025-08-22 02:32:16", "elapsed": 64053.17879462242, "delta": 54.73778462409973}, "costs": {"total_cost": 476.0073910501506, "time_cost": 99.528, "final_distance_cost": 1.7691957040243054, "oscillation_cost": 269.230542134872, "completition_cost": 0.0, "overshoot_cost": 61.48410204182658, "power_cost": 26.18455524902344, "noise_cost": 17.81099592040423, "n_waypoints_completed": 9, "tot_waypoints": 9}}
{"target": -330.62774654968314, "params": {"k_pid_pos": [2.0, 1.0, 1.0], "k_pid_alt": [2.0, 0.0, 0.0], "k_pid_att": [67.36774456192583, 2.6976584322227644, 0.0], "k_pid_yaw": [0.5, 1e-06, 0.1], "k_pid_hsp": [9.616104164781728, 0.0, 0.0], "k_pid_vsp": [371.71499168511997, 339.71954990454554, 75.0555203532699]}, "datetime": {"datetime": "2025-08-22 02:32:55", "elapsed": 64092.038630485535, "delta": 38.8598358631134}, "costs": {"total_cost": 330.62774654968314, "time_cost": 74.36, "final_distance_cost": 1.7565508918700152, "oscillation_cost": 177.1827899394677, "completition_cost": 0.0, "overshoot_cost": 50.373432830338714, "power_cost": 14.739528552246094, "noise_cost": 12.215444335760601, "n_waypoints_completed": 9, "tot_waypoints": 9}}
{"target": -484.9063646083746, "params": {"k_pid_pos": [0.45854675978434634, 0.016973059573281546, 0.2842149779026587], "k_pid_alt": [1.7585801572383792, 0.8360225259755927, 0.08551814946080616], "k_pid_att": [24.593911230398792, 2.5356020921969664, 0.659586163865822], "k_pid_yaw": [0.5, 1e-06, 0.1], "k_pid_hsp": [2.0716206192030433, 0.09840533091929315, 0.3127327172023482], "k_pid_vsp": [150.65277750875782, 22.108946368305656, 2.101328425542045]}, "datetime": {"datetime": "2025-08-22 02:33:36", "elapsed": 64133.05494976044, "delta": 41.016319274902344}, "costs": {"total_cost": 484.9063646083746, "time_cost": 98.06400000000001, "final_distance_cost": 1.7611593670505032, "oscillation_cost": 295.94637006765726, "completition_cost": 0.0, "overshoot_cost": 56.36240721513462, "power_cost": 17.703225341796877, "noise_cost": 15.069202616735282, "n_waypoints_completed": 9, "tot_waypoints": 9}}
