{"target": -966.4239638697646, "params": {"k_pid_pos": [1.6362842564702014, 0.19406950986390148, 0.20601137058799124], "k_pid_alt": [1.7033980833796636, 0.1611664626070204, 0.45677956550704424], "k_pid_att": [22.134981684715594, 7.65082482362176, 0.5584446478604698], "k_pid_yaw": [0.5, 1e-06, 0.1], "k_pid_hsp": [4.879711713947173, 0.5780503445628171, 0.3728791900485947], "k_pid_vsp": [381.7986675427738, 146.6184530300901, 261.3910482904577]}, "datetime": {"datetime": "2025-08-21 15:37:10", "elapsed": 24746.52143096924, "delta": 26.70378279685974}, "costs": {"total_cost": 966.4239638697646, "time_cost": 150, "final_distance_cost": 66.75368455561632, "oscillation_cost": 326.1950862995372, "completition_cost": 333.33333333333337, "overshoot_cost": 46.871179906310964, "power_cost": 25.682758715820313, "noise_cost": 17.587921059146428, "n_waypoints_completed": 6, "tot_waypoints": 9}}
{"target": -596.7945278213022, "params": {"k_pid_pos": [1.3684419402835717, 0.7050960073312901, 0.8976586164268369], "k_pid_alt": [0.8343173326296236, 0.48695276526671993, 0.2524335448455316], "k_pid_att": [51.40013280847333, 1.9364132984686224, 0.062003810365053535], "k_pid_yaw": [0.5, 1e-06, 0.1], "k_pid_hsp": [1.6836332582794882, 0.8982632950502495, 0.18606512845433876], "k_pid_vsp": [150.61290088069788, 282.40738744903234, 163.53142706499568]}, "datetime": {"datetime": "2025-08-21 15:37:37", "elapsed": 24773.464650392532, "delta": 26.943219423294067}, "costs": {"total_cost": 596.7945278213022, "time_cost": 150, "final_distance_cost": 33.54554610128155, "oscillation_cost": 204.0082319498834, "completition_cost": 111.11111111111116, "overshoot_cost": 59.21696465799366, "power_cost": 22.508850061035158, "noise_cost": 16.403823939997324, "n_waypoints_completed": 8, "tot_waypoints": 9}}
{"target": -556.3539744821479, "params": {"k_pid_pos": [1.235002722132017, 0.31174717088375226, 0.01030851038488012], "k_pid_alt": [1.2420656527882559, 0.6471337032144655, 0.05805101843105753], "k_pid_att": [27.00866571396069, 6.433851513638379, 0.6972864416523971], "k_pid_yaw": [0.5, 1e-06, 0.1], "k_pid_hsp": [9.601871465316455, 0.7040520077674952, 0.15195534451111914], "k_pid_vsp": [100.45021961721376, 51.26000083769913, 88.04555517047197]}, "datetime": {"datetime": "2025-08-21 15:38:08", "elapsed": 24804.75149679184, "delta": 31.28684639930725}, "costs": {"total_cost": 556.3539744821479, "time_cost": 150, "final_distance_cost": 5.634326738818134, "oscillation_cost": 192.37361387412335, "completition_cost": 111.11111111111116, "overshoot_cost": 63.174677038148324, "power_cost": 19.27095806884766, "noise_cost": 14.789287651099222, "n_waypoints_completed": 8, "tot_waypoints": 9}}
{"target": -1973.5842056316203, "params": {"k_pid_pos": [0.6955478351053084, 0.8342941589170614, 0.381776668143905], "k_pid_alt": [1.3341676251564152, 0.8180412538239965, 0.9523092321214397], "k_pid_att": [76.83028600006242, 0.3280539015280828, 0.8816067552775299], "k_pid_yaw": [0.5, 1e-06, 0.1], "k_pid_hsp": [4.833570268039774, 0.3092895274802683, 0.8701178630861823], "k_pid_vsp": [20.10779666389233, 232.95084248793032, 261.72379617874685]}, "datetime": {"datetime": "2025-08-21 15:38:35", "elapsed": 24832.089943647385, "delta": 27.338446855545044}, "costs": {"total_cost": 1973.5842056316203, "time_cost": 150, "final_distance_cost": 285.25596119273575, "oscillation_cost": 139.0601668360755, "completition_cost": 888.8888888888888, "overshoot_cost": 463.81241845825593, "power_cost": 20.013497680664063, "noise_cost": 26.55327257500016, "n_waypoints_completed": 1, "tot_waypoints": 9}}
{"target": -484.8577411779545, "params": {"k_pid_pos": [1.5433307328628318, 0.03542981708398596, 0.6667961675708091], "k_pid_alt": [0.639480937195267, 0.5805807995492954, 0.6820331314051027], "k_pid_att": [61.117990703239165, 2.826145204847725, 0.1451208829601226], "k_pid_yaw": [0.5, 1e-06, 0.1], "k_pid_hsp": [0.9545008421079737, 0.05367563110838247, 0.0863898563177582], "k_pid_vsp": [325.1615986629441, 394.0716256344521, 261.2620028163892]}, "datetime": {"datetime": "2025-08-21 15:39:00", "elapsed": 24857.431650161743, "delta": 25.34170651435852}, "costs": {"total_cost": 484.8577411779545, "time_cost": 94.312, "final_distance_cost": 1.7620348209875945, "oscillation_cost": 292.7779089280344, "completition_cost": 0.0, "overshoot_cost": 59.32392205661777, "power_cost": 21.023236279296874, "noise_cost": 15.65863909301781, "n_waypoints_completed": 9, "tot_waypoints": 9}}
{"target": -877.6299986575738, "params": {"k_pid_pos": [1.1088839598650786, 0.6578640546374184, 0.5145163106180678], "k_pid_alt": [0.8546913207553477, 0.5114188025283157, 0.033355100553315364], "k_pid_att": [33.1600664171953, 3.4610996861479446, 0.7666246345142985], "k_pid_yaw": [0.5, 1e-06, 0.1], "k_pid_hsp": [4.797617610167654, 0.9385445092797164, 0.42143450349500855], "k_pid_vsp": [69.30334316708269, 344.1868441681523, 60.56572385163381]}, "datetime": {"datetime": "2025-08-21 15:39:30", "elapsed": 24886.863946914673, "delta": 29.432296752929688}, "costs": {"total_cost": 877.6299986575738, "time_cost": 150, "final_distance_cost": 59.800489532977096, "oscillation_cost": 226.34719408789616, "completition_cost": 333.33333333333337, "overshoot_cost": 56.14940791149693, "power_cost": 29.16909686279297, "noise_cost": 22.83047692907721, "n_waypoints_completed": 6, "tot_waypoints": 9}}
{"target": -1417.661939559144, "params": {"k_pid_pos": [1.5659124964913085, 0.1580598108732283, 0.6436574084805782], "k_pid_alt": [0.30198481775934116, 0.9451751249653366, 0.5535131775194534], "k_pid_att": [9.81122247593098, 7.52073685752174, 0.5038797144423229], "k_pid_yaw": [0.5, 1e-06, 0.1], "k_pid_hsp": [0.22376125363501256, 0.1779900864962335, 0.46993097766470393], "k_pid_vsp": [245.66723819805523, 95.72729273689612, 229.28464326999617]}, "datetime": {"datetime": "2025-08-21 15:39:57", "elapsed": 24913.749220132828, "delta": 26.885273218154907}, "costs": {"total_cost": 1417.661939559144, "time_cost": 150, "final_distance_cost": 73.07681019977265, "oscillation_cost": 213.4048580601227, "completition_cost": 888.8888888888888, "overshoot_cost": 61.51777934599463, "power_cost": 17.342721447753906, "noise_cost": 13.430881616611261, "n_waypoints_completed": 1, "tot_waypoints": 9}}
{"target": -730.2210760257724, "params": {"k_pid_pos": [1.9342105219818981, 0.29910835577300054, 0.6967579362081098], "k_pid_alt": [1.4783859045466012, 0.06168154219489119, 0.24599190327857967], "k_pid_att": [72.28074333063381, 0.612536051357502, 0.18684484185997163], "k_pid_yaw": [0.5, 1e-06, 0.1], "k_pid_hsp": [4.843674149231442, 0.9718128355952592, 0.8367407870995136], "k_pid_vsp": [358.2832620387362, 151.9614087057824, 46.74227718036987]}, "datetime": {"datetime": "2025-08-21 15:40:26", "elapsed": 24943.255658864975, "delta": 29.506438732147217}, "costs": {"total_cost": 730.2210760257724, "time_cost": 150, "final_distance_cost": 64.72333232113243, "oscillation_cost": 211.35980690020745, "completition_cost": 222.2222222222222, "overshoot_cost": 45.690569098561255, "power_cost": 20.71738474121094, "noise_cost": 15.507760742438053, "n_waypoints_completed": 7, "tot_waypoints": 9}}
{"target": -1688.7984673892024, "params": {"k_pid_pos": [1.3993073969630296, 0.7774984837426243, 0.8134147781869587], "k_pid_alt": [0.8620844073753695, 0.5596396095792493, 0.06038469961967674], "k_pid_att": [2.5665866787903835, 9.96742658638999, 0.39207651704336255], "k_pid_yaw": [0.5, 1e-06, 0.1], "k_pid_hsp": [2.3209623535345143, 0.07439913202095116, 0.6654274943902759], "k_pid_vsp": [358.2364532562436, 242.57057168997878, 105.57674040872693]}, "datetime": {"datetime": "2025-08-21 15:40:53", "elapsed": 24969.550184965134, "delta": 26.29452610015869}, "costs": {"total_cost": 1688.7984673892024, "time_cost": 150, "final_distance_cost": 66.72645346357616, "oscillation_cost": 405.4631176753376, "completition_cost": 888.8888888888888, "overshoot_cost": 116.9732035424413, "power_cost": 30.209322155761722, "noise_cost": 30.53748166319668, "n_waypoints_completed": 1, "tot_waypoints": 9}}
{"target": -1117.9760923223737, "params": {"k_pid_pos": [1.3483308500944056, 0.8833374302267398, 0.32779642841790735], "k_pid_alt": [1.3296727510469235, 0.01490803769634197, 0.2542878857496652], "k_pid_att": [6.806561295543134, 1.1333577819404335, 0.36028795009305825], "k_pid_yaw": [0.5, 1e-06, 0.1], "k_pid_hsp": [3.1678080879864865, 0.8675121533087499, 0.09725028264682034], "k_pid_vsp": [62.07722252659678, 90.78832697117812, 145.51454780727786]}, "datetime": {"datetime": "2025-08-21 15:41:20", "elapsed": 24996.642482995987, "delta": 27.09229803085327}, "costs": {"total_cost": 1117.9760923223737, "time_cost": 150, "final_distance_cost": 74.86067350052858, "oscillation_cost": 81.46052222008232, "completition_cost": 666.6666666666667, "overshoot_cost": 84.75907421325141, "power_cost": 23.51394952392578, "noise_cost": 36.71520619791906, "n_waypoints_completed": 3, "tot_waypoints": 9}}
{"target": -685.9380738460586, "params": {"k_pid_pos": [1.7728695037610747, 0.8101612643613918, 0.20678432025475468], "k_pid_alt": [1.3729109798124917, 0.37171277338664765, 0.4723309996930778], "k_pid_att": [50.74473309155797, 7.954005942291958, 0.44679807654351567], "k_pid_yaw": [0.5, 1e-06, 0.1], "k_pid_hsp": [2.8690816263408663, 0.45568490997813826, 0.12477301143816111], "k_pid_vsp": [204.72457689002584, 322.90099302942883, 123.8542512513072]}, "datetime": {"datetime": "2025-08-21 15:41:46", "elapsed": 25023.137672185898, "delta": 26.49518918991089}, "costs": {"total_cost": 685.9380738460586, "time_cost": 150, "final_distance_cost": 62.95274836891484, "oscillation_cost": 166.56301184803146, "completition_cost": 222.2222222222222, "overshoot_cost": 50.57351463977271, "power_cost": 19.20115367431641, "noise_cost": 14.425423092801042, "n_waypoints_completed": 7, "tot_waypoints": 9}}
{"target": -1499.929414308158, "params": {"k_pid_pos": [0.018147912084164244, 0.44620582613836357, 0.6032452173479155], "k_pid_alt": [0.061915363349681174, 0.04634621939120376, 0.2388662361003302], "k_pid_att": [78.54802236216935, 2.517842331248948, 0.37919109009891394], "k_pid_yaw": [0.5, 1e-06, 0.1], "k_pid_hsp": [6.679822457163559, 0.733659516992658, 0.2524782312393796], "k_pid_vsp": [200.53908102747312, 356.3047248748477, 233.9005544541671]}, "datetime": {"datetime": "2025-08-21 15:42:13", "elapsed": 25049.908381462097, "delta": 26.77070927619934}, "costs": {"total_cost": 1499.929414308158, "time_cost": 150, "final_distance_cost": 67.97648778203053, "oscillation_cost": 316.4281184829365, "completition_cost": 888.8888888888888, "overshoot_cost": 39.65498166980026, "power_cost": 20.74026436767578, "noise_cost": 16.240673116825977, "n_waypoints_completed": 1, "tot_waypoints": 9}}
{"target": -792.522160709226, "params": {"k_pid_pos": [1.3971386485452346, 0.9490311124024523, 0.5596400903965728], "k_pid_alt": [1.55355103657159, 0.8905959734221036, 0.27498110933058717], "k_pid_att": [81.99550959717958, 2.6454853639847555, 0.9335249731631856], "k_pid_yaw": [0.5, 1e-06, 0.1], "k_pid_hsp": [0.5573560502748731, 0.5072576999134424, 0.4784198159072681], "k_pid_vsp": [326.5625423210602, 90.74458461688253, 40.79535655156826]}, "datetime": {"datetime": "2025-08-21 15:42:40", "elapsed": 25076.78382754326, "delta": 26.8754460811615}, "costs": {"total_cost": 792.522160709226, "time_cost": 150, "final_distance_cost": 70.04130719905407, "oscillation_cost": 135.90729404069813, "completition_cost": 333.33333333333337, "overshoot_cost": 60.211015853042134, "power_cost": 24.233660095214844, "noise_cost": 18.79555018788347, "n_waypoints_completed": 6, "tot_waypoints": 9}}
{"target": -970.6461497773895, "params": {"k_pid_pos": [0.9664078960778646, 0.4601107232523589, 0.9687319470002945], "k_pid_alt": [1.339090212470365, 0.19840732482842205, 0.9536552874889028], "k_pid_att": [26.29046760192533, 4.348276731682465, 0.34473750310680473], "k_pid_yaw": [0.5, 1e-06, 0.1], "k_pid_hsp": [3.590261420408624, 0.029835620647594152, 0.07913760040581141], "k_pid_vsp": [373.70459449106187, 46.99931950518786, 188.92989371878303]}, "datetime": {"datetime": "2025-08-21 15:43:07", "elapsed": 25104.12910747528, "delta": 27.345279932022095}, "costs": {"total_cost": 970.6461497773895, "time_cost": 150, "final_distance_cost": 66.54262788044446, "oscillation_cost": 330.34004426875146, "completition_cost": 333.33333333333337, "overshoot_cost": 46.89352191409866, "power_cost": 25.832153369140627, "noise_cost": 17.704469011620834, "n_waypoints_completed": 6, "tot_waypoints": 9}}
{"target": -1597.4400235577612, "params": {"k_pid_pos": [0.9189550730718464, 0.1403308271562712, 0.7080798266671816], "k_pid_alt": [0.0957141375032935, 0.2706275600594973, 0.39159754461634555], "k_pid_att": [44.82720203907042, 1.3498056702783978, 0.9501551580262498], "k_pid_yaw": [0.5, 1e-06, 0.1], "k_pid_hsp": [8.405261637797068, 0.21080700392662055, 0.8277727979486625], "k_pid_vsp": [62.43826272034192, 54.08921977100055, 113.17184018107578]}, "datetime": {"datetime": "2025-08-21 15:43:34", "elapsed": 25131.037539720535, "delta": 26.908432245254517}, "costs": {"total_cost": 1597.4400235577612, "time_cost": 150, "final_distance_cost": 91.33173199397547, "oscillation_cost": 355.39804360021657, "completition_cost": 888.8888888888888, "overshoot_cost": 77.22567477518635, "power_cost": 18.22339404296875, "noise_cost": 16.37229025652531, "n_waypoints_completed": 1, "tot_waypoints": 9}}
{"target": -2089.061747018837, "params": {"k_pid_pos": [0.7690700806328137, 0.010270386275738064, 0.4679353689739537], "k_pid_alt": [0.1862607327517911, 0.9705116024700514, 0.9738988313763424], "k_pid_att": [1.4671156863513168, 9.166917659000685, 0.15198928836536474], "k_pid_yaw": [0.5, 1e-06, 0.1], "k_pid_hsp": [8.041907677948894, 0.8589221117988467, 0.18201480258556113], "k_pid_vsp": [63.73444460413653, 136.1554461658176, 31.441833155931427]}, "datetime": {"datetime": "2025-08-21 15:44:01", "elapsed": 25157.765147686005, "delta": 26.72760796546936}, "costs": {"total_cost": 2089.061747018837, "time_cost": 150, "final_distance_cost": 0.40005164482204897, "oscillation_cost": 689.4883401130339, "completition_cost": 1000.0, "overshoot_cost": 128.8567734584491, "power_cost": 34.96333756103516, "noise_cost": 85.35324424149675, "n_waypoints_completed": 0, "tot_waypoints": 9}}
{"target": -1030.970152440968, "params": {"k_pid_pos": [1.5863444114747944, 0.771580057988589, 0.25161803442589614], "k_pid_alt": [0.16913709607114025, 0.5105101516764707, 0.2823482178671636], "k_pid_att": [57.3609022855336, 5.99687228857386, 0.28801385680966785], "k_pid_yaw": [0.5, 1e-06, 0.1], "k_pid_hsp": [2.9211878547197743, 0.22350109193220713, 0.08572915357795685], "k_pid_vsp": [369.8592670434676, 164.50223814360137, 271.91390626686723]}, "datetime": {"datetime": "2025-08-21 15:44:30", "elapsed": 25187.286813497543, "delta": 29.521665811538696}, "costs": {"total_cost": 1030.970152440968, "time_cost": 150, "final_distance_cost": 39.72540449795097, "oscillation_cost": 185.0870619573077, "completition_cost": 555.5555555555555, "overshoot_cost": 61.651501239028455, "power_cost": 21.92644656982422, "noise_cost": 17.024182621301012, "n_waypoints_completed": 4, "tot_waypoints": 9}}
{"target": -1266.560563452361, "params": {"k_pid_pos": [0.5141284331849919, 0.4547372523181973, 0.04213080883386544], "k_pid_alt": [0.37778626059871145, 0.12975452170405577, 0.8883510248224975], "k_pid_att": [53.1055188000157, 0.9389614982673155, 0.8030739642947224], "k_pid_yaw": [0.5, 1e-06, 0.1], "k_pid_hsp": [5.256481002705075, 0.11624001108472637, 0.36717457651865404], "k_pid_vsp": [231.28741755434362, 123.64268580318013, 280.6730934574937]}, "datetime": {"datetime": "2025-08-21 15:45:03", "elapsed": 25220.126395463943, "delta": 32.83958196640015}, "costs": {"total_cost": 1266.560563452361, "time_cost": 150, "final_distance_cost": 55.09820513681845, "oscillation_cost": 297.4490257739233, "completition_cost": 666.6666666666667, "overshoot_cost": 63.789773877267976, "power_cost": 18.306345532226562, "noise_cost": 15.25054646545815, "n_waypoints_completed": 3, "tot_waypoints": 9}}
{"target": -971.2682125165168, "params": {"k_pid_pos": [1.6930573953553258, 0.32999354380956414, 0.8396637640165237], "k_pid_alt": [1.7315024481690644, 0.532710999322175, 0.6858180009793963], "k_pid_att": [28.605919191345098, 8.40807788823802, 0.9965525237783861], "k_pid_yaw": [0.5, 1e-06, 0.1], "k_pid_hsp": [6.642400087349458, 0.5671241127374214, 0.7136270651501828], "k_pid_vsp": [363.1997025728718, 141.67349654284502, 274.9431677677136]}, "datetime": {"datetime": "2025-08-21 15:45:30", "elapsed": 25246.582132577896, "delta": 26.455737113952637}, "costs": {"total_cost": 971.2682125165168, "time_cost": 150, "final_distance_cost": 66.25955994836548, "oscillation_cost": 322.20017161817384, "completition_cost": 333.33333333333337, "overshoot_cost": 53.26170367796099, "power_cost": 26.359468200683594, "noise_cost": 19.853975737999473, "n_waypoints_completed": 6, "tot_waypoints": 9}}
{"target": -1223.4874774594641, "params": {"k_pid_pos": [0.8299575408931866, 0.3660384191816122, 0.15897898806831978], "k_pid_alt": [0.03362508715386148, 0.8325912999158653, 0.7508481248652763], "k_pid_att": [84.76490564218072, 5.992607916628217, 0.6472856433621303], "k_pid_yaw": [0.5, 1e-06, 0.1], "k_pid_hsp": [3.0729504681499713, 0.1267439716960913, 0.8267766423635864], "k_pid_vsp": [236.66018299448376, 50.66843674193827, 192.2893890168903]}, "datetime": {"datetime": "2025-08-21 15:45:58", "elapsed": 25275.138526201248, "delta": 28.55639362335205}, "costs": {"total_cost": 1223.4874774594641, "time_cost": 150, "final_distance_cost": 56.90776170135028, "oscillation_cost": 256.5240790587402, "completition_cost": 666.6666666666667, "overshoot_cost": 60.51755918913139, "power_cost": 18.273989550781252, "noise_cost": 14.59742129279416, "n_waypoints_completed": 3, "tot_waypoints": 9}}
{"target": -2428.868906915887, "params": {"k_pid_pos": [1.6221098016292743, 0.3725917184553652, 0.8476932005871118], "k_pid_alt": [1.3393384064287779, 0.04715640832490808, 0.877688446848442], "k_pid_att": [3.068648766388171, 4.273480437918497, 0.14405874617243408], "k_pid_yaw": [0.5, 1e-06, 0.1], "k_pid_hsp": [6.132682886107711, 0.9763166221967128, 0.7084288108205977], "k_pid_vsp": [35.490588241636004, 201.62184143208904, 206.52340893913416]}, "datetime": {"datetime": "2025-08-21 15:46:25", "elapsed": 25302.059686660767, "delta": 26.921160459518433}, "costs": {"total_cost": 2428.868906915887, "time_cost": 150, "final_distance_cost": 509.7512608668233, "oscillation_cost": 168.19564279584665, "completition_cost": 888.8888888888888, "overshoot_cost": 675.5202033228458, "power_cost": 21.164078344726562, "noise_cost": 15.348832696755949, "n_waypoints_completed": 1, "tot_waypoints": 9}}
{"target": -1187.3130986081096, "params": {"k_pid_pos": [0.034134740905509456, 0.8369305925007093, 0.7173754657257391], "k_pid_alt": [1.6830829340077667, 0.6403680523760351, 0.7215263379965341], "k_pid_att": [31.2778273052426, 7.384663605728677, 0.22591545294002702], "k_pid_yaw": [0.5, 1e-06, 0.1], "k_pid_hsp": [7.079219456503192, 0.9761430890514525, 0.8071634331251517], "k_pid_vsp": [307.0599879219588, 195.4274355431597, 195.56278986039047]}, "datetime": {"datetime": "2025-08-21 15:46:52", "elapsed": 25329.131955385208, "delta": 27.07226872444153}, "costs": {"total_cost": 1187.3130986081096, "time_cost": 150, "final_distance_cost": 48.11575667793279, "oscillation_cost": 229.4757773451242, "completition_cost": 666.6666666666667, "overshoot_cost": 57.7022162815654, "power_cost": 19.25271092529297, "noise_cost": 16.099970711527476, "n_waypoints_completed": 3, "tot_waypoints": 9}}
{"target": -1473.5132617280146, "params": {"k_pid_pos": [1.9639914667019576, 0.911072685671116, 0.41702988540865416], "k_pid_alt": [1.2446968185509004, 0.0025253478251225925, 0.42605188628188706], "k_pid_att": [6.56756964984444, 7.500075450201733, 0.8687162029371251], "k_pid_yaw": [0.5, 1e-06, 0.1], "k_pid_hsp": [6.731164392021992, 0.2767734262672976, 0.7505041968513062], "k_pid_vsp": [367.52991048981914, 43.26619482106393, 227.93627328668416]}, "datetime": {"datetime": "2025-08-21 15:47:22", "elapsed": 25358.654267787933, "delta": 29.52231240272522}, "costs": {"total_cost": 1473.5132617280146, "time_cost": 150, "final_distance_cost": 64.25720677612561, "oscillation_cost": 240.04666770929737, "completition_cost": 888.8888888888888, "overshoot_cost": 65.0376778028833, "power_cost": 31.638983715820313, "noise_cost": 33.643836834999256, "n_waypoints_completed": 1, "tot_waypoints": 9}}
{"target": -1376.956625289318, "params": {"k_pid_pos": [0.11419067563702429, 0.37222442948212053, 0.650757401685347], "k_pid_alt": [0.48842961966925746, 0.12114274287701454, 0.9843814197790385], "k_pid_att": [44.038681018758396, 8.660372819125584, 0.5177450856381294], "k_pid_yaw": [0.5, 1e-06, 0.1], "k_pid_hsp": [0.78927565875848, 0.7943454694563571, 0.5860087789388143], "k_pid_vsp": [262.426655525785, 240.7454170937968, 220.45029048636087]}, "datetime": {"datetime": "2025-08-21 15:47:49", "elapsed": 25385.77352285385, "delta": 27.11925506591797}, "costs": {"total_cost": 1376.956625289318, "time_cost": 150, "final_distance_cost": 84.91512943470067, "oscillation_cost": 393.7632328639646, "completition_cost": 666.6666666666667, "overshoot_cost": 45.16512636053601, "power_cost": 20.714565588378907, "noise_cost": 15.731904375071139, "n_waypoints_completed": 3, "tot_waypoints": 9}}
