{"target": -826.468981209091, "params": {"k_pid_pos": [1.7143208625390078, 0.3727087055088695, 0.2278140629481209], "k_pid_alt": [1.573441328669426, 0.5297938607923863, 0.74280801566291], "k_pid_att": [2.134568799630232, 0.9574576770243186, 0.0899508363679904], "k_pid_yaw": [0.5, 1e-06, 0.1], "k_pid_hsp": [3.0008524182223297, 0.9099705685674625, 0.8261210313685753], "k_pid_vsp": [223.08874129141657, 101.59288448139266, 312.60665496559847]}, "datetime": {"datetime": "2025-08-21 11:45:34", "elapsed": 10850.676875591278, "delta": 23.632354736328125}, "costs": {"total_cost": 826.468981209091, "time_cost": 150, "final_distance_cost": 67.85061072412333, "oscillation_cost": 183.56128543570026, "completition_cost": 333.33333333333337, "overshoot_cost": 61.45999285218839, "power_cost": 16.565619213867187, "noise_cost": 13.698139649878396, "n_waypoints_completed": 6, "tot_waypoints": 9}}
{"target": -670.8733969887842, "params": {"k_pid_pos": [1.312580624623797, 0.5778330685106728, 0.4414132649676704], "k_pid_alt": [1.576628186120307, 0.09173809016020062, 0.5153917336242475], "k_pid_att": [62.05768766627564, 5.606902550290735, 0.3639932481069388], "k_pid_yaw": [0.5, 1e-06, 0.1], "k_pid_hsp": [5.140639331506817, 0.16609878653516108, 0.2609537526829947], "k_pid_vsp": [338.75355825981177, 397.7770783786236, 305.0670335082891]}, "datetime": {"datetime": "2025-08-21 11:45:58", "elapsed": 10874.668057441711, "delta": 23.99118185043335}, "costs": {"total_cost": 670.8733969887842, "time_cost": 150, "final_distance_cost": 37.71711229073643, "oscillation_cost": 275.88429292848764, "completition_cost": 111.11111111111116, "overshoot_cost": 54.88400593247557, "power_cost": 24.012662219238283, "noise_cost": 17.264212506735067, "n_waypoints_completed": 8, "tot_waypoints": 9}}
{"target": -1482.8249579121368, "params": {"k_pid_pos": [1.708777275171765, 0.9544906532952335, 0.05121911718211891], "k_pid_alt": [0.6562364050054361, 0.0927277704284517, 0.8580566909218108], "k_pid_att": [61.75466884184677, 7.95781428509143, 0.48498762529897976], "k_pid_yaw": [0.5, 1e-06, 0.1], "k_pid_hsp": [6.231438606722893, 0.6743042908753584, 0.09343738580148075], "k_pid_vsp": [39.782656708415985, 107.033858056206, 114.42375242008252]}, "datetime": {"datetime": "2025-08-21 11:46:21", "elapsed": 10898.287911891937, "delta": 23.61985445022583}, "costs": {"total_cost": 1482.8249579121368, "time_cost": 150, "final_distance_cost": 48.37977681534419, "oscillation_cost": 82.48481757086954, "completition_cost": 1000.0, "overshoot_cost": 127.1818365349536, "power_cost": 18.902025427246095, "noise_cost": 55.87650156372326, "n_waypoints_completed": 0, "tot_waypoints": 9}}
{"target": -918.2509293014248, "params": {"k_pid_pos": [0.28461932560069775, 0.1150068748011226, 0.935316708649317], "k_pid_alt": [1.1042320046334397, 0.22109399307922872, 0.6487367894283181], "k_pid_att": [1.576833691271795, 1.5898129606799378, 0.2121999880453591], "k_pid_yaw": [0.5, 1e-06, 0.1], "k_pid_hsp": [7.962758799052177, 0.5998257299764453, 0.35139072065490706], "k_pid_vsp": [229.88229799960735, 375.1974227358395, 45.3437464277001]}, "datetime": {"datetime": "2025-08-21 11:46:45", "elapsed": 10922.169360160828, "delta": 23.88144826889038}, "costs": {"total_cost": 918.2509293014248, "time_cost": 150, "final_distance_cost": 45.90929599746941, "oscillation_cost": 89.86556415619263, "completition_cost": 555.5555555555555, "overshoot_cost": 49.98185704176583, "power_cost": 15.080078503417969, "noise_cost": 11.858578047023459, "n_waypoints_completed": 4, "tot_waypoints": 9}}
{"target": -706.0474329253378, "params": {"k_pid_pos": [1.7621868671276144, 0.804921288801078, 0.7429406004825141], "k_pid_alt": [1.0745644044725435, 0.3216781072729551, 0.10774722245578572], "k_pid_att": [29.347980881861645, 2.370293880228412, 0.468920710848584], "k_pid_yaw": [0.5, 1e-06, 0.1], "k_pid_hsp": [2.3018852517883013, 0.5937855299562254, 0.505734124571443], "k_pid_vsp": [197.6589749680809, 141.41911960743823, 20.095742609093545]}, "datetime": {"datetime": "2025-08-21 11:47:09", "elapsed": 10945.500615596771, "delta": 23.331255435943604}, "costs": {"total_cost": 706.0474329253378, "time_cost": 150, "final_distance_cost": 67.81765119065135, "oscillation_cost": 179.6627836164847, "completition_cost": 222.2222222222222, "overshoot_cost": 50.80553629411537, "power_cost": 20.29519051513672, "noise_cost": 15.244049086727575, "n_waypoints_completed": 7, "tot_waypoints": 9}}
{"target": -1157.1949314700685, "params": {"k_pid_pos": [1.9413786955553123, 0.934805804049885, 0.1944530276440396], "k_pid_alt": [0.37653032679636267, 0.09373029916495568, 0.3414603326919716], "k_pid_att": [53.392315183764204, 0.1312906962480278, 0.3227623056415321], "k_pid_yaw": [0.5, 1e-06, 0.1], "k_pid_hsp": [1.36471686329858, 0.8910786094007266, 0.9857244665289748], "k_pid_vsp": [329.34058344642244, 242.81471330074135, 342.9077088884024]}, "datetime": {"datetime": "2025-08-21 11:47:32", "elapsed": 10968.994301080704, "delta": 23.493685483932495}, "costs": {"total_cost": 1157.1949314700685, "time_cost": 150, "final_distance_cost": 64.10034061629645, "oscillation_cost": 145.17039848310765, "completition_cost": 666.6666666666667, "overshoot_cost": 71.37702671400709, "power_cost": 29.477381970214847, "noise_cost": 30.40311701977595, "n_waypoints_completed": 3, "tot_waypoints": 9}}
{"target": -918.1694012136667, "params": {"k_pid_pos": [1.0201908638797799, 0.6115952357614212, 0.7207825620729835], "k_pid_alt": [0.6704069051583996, 0.7663175262296642, 0.29401621074181294], "k_pid_att": [72.18229545688996, 1.5722872015258038, 0.7216135707851119], "k_pid_yaw": [0.5, 1e-06, 0.1], "k_pid_hsp": [5.408694867167015, 0.5098212911288488, 0.349012725394533], "k_pid_vsp": [337.5824402400256, 169.16575274083993, 143.15343794055914]}, "datetime": {"datetime": "2025-08-21 11:47:56", "elapsed": 10992.472736597061, "delta": 23.478435516357422}, "costs": {"total_cost": 918.1694012136667, "time_cost": 150, "final_distance_cost": 71.25602203664721, "oscillation_cost": 272.912117153296, "completition_cost": 333.33333333333337, "overshoot_cost": 54.67575608778025, "power_cost": 20.51319520263672, "noise_cost": 15.478977399973218, "n_waypoints_completed": 6, "tot_waypoints": 9}}
{"target": -2785.7292387772554, "params": {"k_pid_pos": [0.2864505681758836, 0.21333558277183529, 0.7311012764152041], "k_pid_alt": [0.7419096953472493, 0.6716324472799111, 0.06832574550441606], "k_pid_att": [97.15976542125244, 5.148946401266138, 0.45803785335121705], "k_pid_yaw": [0.5, 1e-06, 0.1], "k_pid_hsp": [9.555575819098946, 0.08403177775765991, 0.4508875816473843], "k_pid_vsp": [4.906792984565511, 280.63175940940073, 362.3888303817342]}, "datetime": {"datetime": "2025-08-21 11:48:19", "elapsed": 11016.16395664215, "delta": 23.69122004508972}, "costs": {"total_cost": 2785.7292387772554, "time_cost": 150, "final_distance_cost": 533.7101064540801, "oscillation_cost": 445.66018705952735, "completition_cost": 888.8888888888888, "overshoot_cost": 728.1496957759701, "power_cost": 21.730468737792968, "noise_cost": 17.589891860996268, "n_waypoints_completed": 1, "tot_waypoints": 9}}
{"target": -1228.299483038274, "params": {"k_pid_pos": [0.05832018688680192, 0.346109693092297, 0.11529537860018113], "k_pid_alt": [0.8025422317639179, 0.0535229763470072, 0.7533951758462821], "k_pid_att": [16.58542997453234, 8.975806548208103, 0.3225889265470865], "k_pid_yaw": [0.5, 1e-06, 0.1], "k_pid_hsp": [7.786941268669837, 0.8762111323194502, 0.7257476287260529], "k_pid_vsp": [385.39067914543955, 387.1020273946673, 146.17288948656423]}, "datetime": {"datetime": "2025-08-21 11:48:43", "elapsed": 11040.155277490616, "delta": 23.991320848464966}, "costs": {"total_cost": 1228.299483038274, "time_cost": 150, "final_distance_cost": 59.00188033899366, "oscillation_cost": 265.06336032629235, "completition_cost": 666.6666666666667, "overshoot_cost": 47.92647664483701, "power_cost": 23.19877724609375, "noise_cost": 16.44232181539075, "n_waypoints_completed": 3, "tot_waypoints": 9}}
{"target": -841.6207446134642, "params": {"k_pid_pos": [1.812080072950137, 0.6504471661532574, 0.7774733744467826], "k_pid_alt": [1.6571773087693702, 0.24396030578111927, 0.7563382370773369], "k_pid_att": [50.0268764808063, 4.8090516805195875, 0.7185071619017385], "k_pid_yaw": [0.5, 1e-06, 0.1], "k_pid_hsp": [5.659425352973484, 0.6029751294541744, 0.5091164324613223], "k_pid_vsp": [252.42615769627136, 391.984236271976, 371.08227449887744]}, "datetime": {"datetime": "2025-08-21 11:49:07", "elapsed": 11064.128098726273, "delta": 23.97282123565674}, "costs": {"total_cost": 841.6207446134642, "time_cost": 150, "final_distance_cost": 75.93657490221119, "oscillation_cost": 291.4757364493403, "completition_cost": 222.2222222222222, "overshoot_cost": 54.256216905723385, "power_cost": 27.99563669433594, "noise_cost": 19.734357439631268, "n_waypoints_completed": 7, "tot_waypoints": 9}}
{"target": -1399.3677015764433, "params": {"k_pid_pos": [0.10898080384501078, 0.4458492175151221, 0.7789877663799284], "k_pid_alt": [1.8244767596506382, 0.15314559203126843, 0.6288528673255538], "k_pid_att": [44.939923546351345, 4.218134878368482, 0.8105188453916827], "k_pid_yaw": [0.5, 1e-06, 0.1], "k_pid_hsp": [6.090333213427841, 0.10759178755730003, 0.14140161908156434], "k_pid_vsp": [83.975069667239, 345.2335775364854, 299.3347090393726]}, "datetime": {"datetime": "2025-08-21 11:49:31", "elapsed": 11087.488437652588, "delta": 23.360338926315308}, "costs": {"total_cost": 1399.3677015764433, "time_cost": 150, "final_distance_cost": 90.01252040991886, "oscillation_cost": 305.45653575075676, "completition_cost": 777.7777777777778, "overshoot_cost": 39.54579753146386, "power_cost": 20.12651893310547, "noise_cost": 16.44855117342066, "n_waypoints_completed": 2, "tot_waypoints": 9}}
{"target": -1379.2378058053835, "params": {"k_pid_pos": [0.5145495422194243, 0.10576714158146394, 0.1735096864089538], "k_pid_alt": [1.596510314660571, 0.8360000917628675, 0.5929096467539023], "k_pid_att": [94.55123934856651, 2.6465013045901187, 0.20094313997113156], "k_pid_yaw": [0.5, 1e-06, 0.1], "k_pid_hsp": [8.101343187494743, 0.642479191105608, 0.855750024408444], "k_pid_vsp": [227.1305786966878, 357.68284819498285, 340.34967071932846]}, "datetime": {"datetime": "2025-08-21 11:49:54", "elapsed": 11111.385076284409, "delta": 23.89663863182068}, "costs": {"total_cost": 1379.2378058053835, "time_cost": 150, "final_distance_cost": 57.96625630900017, "oscillation_cost": 412.7201054459651, "completition_cost": 666.6666666666667, "overshoot_cost": 55.37501601923039, "power_cost": 20.411702563476563, "noise_cost": 16.09805880104444, "n_waypoints_completed": 3, "tot_waypoints": 9}}
{"target": -1791.7827832848923, "params": {"k_pid_pos": [0.3816356737466157, 0.025319283529599113, 0.1535482865955996], "k_pid_alt": [1.746542331821145, 0.6941274430226425, 0.2485460929673058], "k_pid_att": [20.082495440081004, 0.9855664846542406, 0.5292982302166778], "k_pid_yaw": [0.5, 1e-06, 0.1], "k_pid_hsp": [6.7209026750134555, 0.32123885551909614, 0.9583406817390409], "k_pid_vsp": [4.353451565280331, 128.03082121856986, 155.87721105569625]}, "datetime": {"datetime": "2025-08-21 11:50:18", "elapsed": 11134.69804739952, "delta": 23.312971115112305}, "costs": {"total_cost": 1791.7827832848923, "time_cost": 150, "final_distance_cost": 1.003121765579013, "oscillation_cost": 420.78651300435126, "completition_cost": 1000.0, "overshoot_cost": 135.30610060911442, "power_cost": 20.17634498291016, "noise_cost": 64.51070292293763, "n_waypoints_completed": 0, "tot_waypoints": 9}}
{"target": -1343.2963708540508, "params": {"k_pid_pos": [0.5449543585824098, 0.3076802584935985, 0.669448619421043], "k_pid_alt": [0.5445560406956573, 0.6558641045086184, 0.5052171944883557], "k_pid_att": [61.75373580572733, 9.964877651874438, 0.008398022814861461], "k_pid_yaw": [0.5, 1e-06, 0.1], "k_pid_hsp": [6.556050010388865, 0.4126298335971921, 0.49399907712345903], "k_pid_vsp": [98.63794779267283, 224.1874952244633, 125.76384899054548]}, "datetime": {"datetime": "2025-08-21 11:50:41", "elapsed": 11157.756895542145, "delta": 23.0588481426239}, "costs": {"total_cost": 1343.2963708540508, "time_cost": 150, "final_distance_cost": 54.44732509218166, "oscillation_cost": 389.3968701555855, "completition_cost": 666.6666666666667, "overshoot_cost": 49.0668735986141, "power_cost": 18.828542895507812, "noise_cost": 14.890092445494828, "n_waypoints_completed": 3, "tot_waypoints": 9}}
{"target": -1312.0239907082444, "params": {"k_pid_pos": [0.3724225127292533, 0.3471152831019687, 0.45678307909512617], "k_pid_alt": [1.1309075435656193, 0.9408710731549395, 0.09516474605711878], "k_pid_att": [48.476647219108756, 1.9055537455803035, 0.448597329569402], "k_pid_yaw": [0.5, 1e-06, 0.1], "k_pid_hsp": [6.578663131597956, 0.4749293197304728, 0.5370306699807318], "k_pid_vsp": [200.1134008569157, 390.100213028938, 232.43961057522012]}, "datetime": {"datetime": "2025-08-21 11:51:05", "elapsed": 11181.727123737335, "delta": 23.97022819519043}, "costs": {"total_cost": 1312.0239907082444, "time_cost": 150, "final_distance_cost": 56.612597292616414, "oscillation_cost": 356.9266552626403, "completition_cost": 666.6666666666667, "overshoot_cost": 48.19887540431402, "power_cost": 18.879627221679687, "noise_cost": 14.739568860327088, "n_waypoints_completed": 3, "tot_waypoints": 9}}
{"target": -1373.4795913952798, "params": {"k_pid_pos": [0.3450484176630032, 0.4183808420129793, 0.7038769547052596], "k_pid_alt": [1.0538288251010544, 0.6010621141386481, 0.6996667712001297], "k_pid_att": [35.745577460667675, 1.989454022765841, 0.8985065802574295], "k_pid_yaw": [0.5, 1e-06, 0.1], "k_pid_hsp": [0.22077548352683138, 0.9478792038674859, 0.8797525935551145], "k_pid_vsp": [294.359788833467, 110.18661071881436, 287.1081531829829]}, "datetime": {"datetime": "2025-08-21 11:51:29", "elapsed": 11206.146950244904, "delta": 24.41982650756836}, "costs": {"total_cost": 1373.4795913952798, "time_cost": 150, "final_distance_cost": 76.06964658631506, "oscillation_cost": 285.69731451156, "completition_cost": 777.7777777777778, "overshoot_cost": 51.5322325721375, "power_cost": 17.54536309814453, "noise_cost": 14.85725684934513, "n_waypoints_completed": 2, "tot_waypoints": 9}}
{"target": -1770.2766812937955, "params": {"k_pid_pos": [1.508116921056809, 0.12736946942514404, 0.29957174405843456], "k_pid_alt": [0.20288008616789144, 0.8043518080323183, 0.2192201125801988], "k_pid_att": [3.3363084691763856, 6.214055133468442, 0.018609912638447246], "k_pid_yaw": [0.5, 1e-06, 0.1], "k_pid_hsp": [5.785278198431536, 0.20254034321457492, 0.8528410334775223], "k_pid_vsp": [52.78552114417927, 9.287499010842048, 200.9595778925918]}, "datetime": {"datetime": "2025-08-21 11:51:53", "elapsed": 11230.141163349152, "delta": 23.994213104248047}, "costs": {"total_cost": 1770.2766812937955, "time_cost": 150, "final_distance_cost": 1.001750131579689, "oscillation_cost": 393.76480583945715, "completition_cost": 1000.0, "overshoot_cost": 135.50100431961778, "power_cost": 22.291842785644533, "noise_cost": 67.71727821749651, "n_waypoints_completed": 0, "tot_waypoints": 9}}
{"target": -992.7561966941271, "params": {"k_pid_pos": [0.3253566978385078, 0.5007465626717231, 0.5029820345221082], "k_pid_alt": [0.4931533153578227, 0.45020221323544984, 0.9421884299457408], "k_pid_att": [10.64136012369219, 5.63431499767412, 0.09969750326152482], "k_pid_yaw": [0.5, 1e-06, 0.1], "k_pid_hsp": [7.380946366256712, 0.013514346704473601, 0.5154608613196697], "k_pid_vsp": [76.99063366819642, 336.0415686372543, 101.42278391335057]}, "datetime": {"datetime": "2025-08-21 11:52:16", "elapsed": 11253.285555362701, "delta": 23.144392013549805}, "costs": {"total_cost": 992.7561966941271, "time_cost": 150, "final_distance_cost": 44.18323118535715, "oscillation_cost": 275.09281444642687, "completition_cost": 444.4444444444444, "overshoot_cost": 43.61543082601604, "power_cost": 19.63422781982422, "noise_cost": 15.786047972058446, "n_waypoints_completed": 5, "tot_waypoints": 9}}
{"target": -1092.5754625199859, "params": {"k_pid_pos": [0.18314013465595086, 0.7507774908114836, 0.04276597465986254], "k_pid_alt": [0.017145652097885877, 0.2121529114114159, 0.4839303555126919], "k_pid_att": [57.13768970286189, 1.4284701892698701, 0.5838553228633279], "k_pid_yaw": [0.5, 1e-06, 0.1], "k_pid_hsp": [3.485053456477525, 0.8729494397998406, 0.10110098280335533], "k_pid_vsp": [162.74104654761183, 355.4320388436062, 20.301829478436055]}, "datetime": {"datetime": "2025-08-21 11:52:40", "elapsed": 11276.785722732544, "delta": 23.50016736984253}, "costs": {"total_cost": 1092.5754625199859, "time_cost": 150, "final_distance_cost": 52.28086208538346, "oscillation_cost": 126.16002072862715, "completition_cost": 666.6666666666667, "overshoot_cost": 53.57802217083547, "power_cost": 24.576591357421876, "noise_cost": 19.313299511051078, "n_waypoints_completed": 3, "tot_waypoints": 9}}
{"target": -924.3969450354849, "params": {"k_pid_pos": [1.4143623305077728, 0.40524600217206896, 0.5042835136577256], "k_pid_alt": [0.4547180330500791, 0.6766573231067604, 0.9670630527504641], "k_pid_att": [36.79060228780232, 0.06321895948296717, 0.2833309300405956], "k_pid_yaw": [0.5, 1e-06, 0.1], "k_pid_hsp": [5.925226298289969, 0.7981088217301794, 0.24841262731358216], "k_pid_vsp": [32.503672038664575, 4.925575122208501, 23.593168975074125]}, "datetime": {"datetime": "2025-08-21 11:53:03", "elapsed": 11300.20210313797, "delta": 23.416380405426025}, "costs": {"total_cost": 924.3969450354849, "time_cost": 150, "final_distance_cost": 68.54467999304333, "oscillation_cost": 277.1150577085968, "completition_cost": 333.33333333333337, "overshoot_cost": 56.746726014493326, "power_cost": 22.070979174804688, "noise_cost": 16.586168811213437, "n_waypoints_completed": 6, "tot_waypoints": 9}}
{"target": -1484.985202595366, "params": {"k_pid_pos": [1.6195519239226497, 0.6631190846527268, 0.03073913519732474], "k_pid_alt": [1.4272097984355452, 0.6504536262549759, 0.9267544387274635], "k_pid_att": [10.454885732321195, 5.070064684154422, 0.4590495213247646], "k_pid_yaw": [0.5, 1e-06, 0.1], "k_pid_hsp": [3.667157296505651, 0.159800701571017, 0.2331172770437122], "k_pid_vsp": [23.056338874839668, 117.29490627832443, 158.57987387495285]}, "datetime": {"datetime": "2025-08-21 11:53:28", "elapsed": 11324.84888267517, "delta": 24.646779537200928}, "costs": {"total_cost": 1484.985202595366, "time_cost": 150, "final_distance_cost": 52.505542872739305, "oscillation_cost": 241.9884520790305, "completition_cost": 888.8888888888888, "overshoot_cost": 102.31891571080756, "power_cost": 19.482503100585937, "noise_cost": 29.80089994331382, "n_waypoints_completed": 1, "tot_waypoints": 9}}
{"target": -1741.084864432258, "params": {"k_pid_pos": [1.8878199051924918, 0.13027599411704083, 0.06530807202360567], "k_pid_alt": [0.2840317153888392, 0.004565784919170368, 0.9516597198477265], "k_pid_att": [48.898576292140994, 5.496722464109494, 0.17930929831510745], "k_pid_yaw": [0.5, 1e-06, 0.1], "k_pid_hsp": [7.023321470086188, 0.25652673674635607, 0.2803597388735267], "k_pid_vsp": [38.29036483351911, 43.69066666097209, 68.07585971448123]}, "datetime": {"datetime": "2025-08-21 11:53:52", "elapsed": 11348.551644086838, "delta": 23.70276141166687}, "costs": {"total_cost": 1741.084864432258, "time_cost": 150, "final_distance_cost": 35.889947722511515, "oscillation_cost": 465.4850367384463, "completition_cost": 1000.0, "overshoot_cost": 36.86255624784185, "power_cost": 29.673666320800784, "noise_cost": 23.17365740265756, "n_waypoints_completed": 0, "tot_waypoints": 9}}
{"target": -1482.596781858827, "params": {"k_pid_pos": [1.300937103694137, 0.46087296722952575, 0.8127014606367947], "k_pid_alt": [0.024347759746568887, 0.42571102762004953, 0.6634949852761397], "k_pid_att": [14.909491448739887, 2.849743964556468, 0.35227118618809783], "k_pid_yaw": [0.5, 1e-06, 0.1], "k_pid_hsp": [6.279839055997999, 0.925024931233026, 0.9358793320930615], "k_pid_vsp": [294.3317784593848, 30.97895140520205, 275.1264961749879]}, "datetime": {"datetime": "2025-08-21 11:54:15", "elapsed": 11371.721293449402, "delta": 23.169649362564087}, "costs": {"total_cost": 1482.596781858827, "time_cost": 150, "final_distance_cost": 78.416745850177, "oscillation_cost": 370.34683280608675, "completition_cost": 777.7777777777778, "overshoot_cost": 58.56115790636143, "power_cost": 27.83934716796875, "noise_cost": 19.654920350455267, "n_waypoints_completed": 2, "tot_waypoints": 9}}
{"target": -2151.4812048522226, "params": {"k_pid_pos": [0.16688181537543012, 0.8795596124414453, 0.6712968726716831], "k_pid_alt": [0.7585590633701389, 0.2824744638440866, 0.6635834834321517], "k_pid_att": [0.9646733753982839, 5.138027546326834, 0.7018691065898424], "k_pid_yaw": [0.5, 1e-06, 0.1], "k_pid_hsp": [0.004436967482772101, 0.29317258819739367, 0.27344988928626024], "k_pid_vsp": [283.2667762318395, 115.08135175993192, 60.82137736203394]}, "datetime": {"datetime": "2025-08-21 11:54:44", "elapsed": 11400.719367027283, "delta": 28.99807357788086}, "costs": {"total_cost": 2151.4812048522226, "time_cost": 150, "final_distance_cost": 98.18763112509609, "oscillation_cost": 457.5901725983851, "completition_cost": 1000.0, "overshoot_cost": 327.5227344020505, "power_cost": 34.732882434082036, "noise_cost": 83.44778429260917, "n_waypoints_completed": 0, "tot_waypoints": 9}}
