{"target": -1527.7469500783577, "params": {"k_pid_pos": [1.368305176800165, 0.6175498182897897, 0.4760365823298528], "k_pid_alt": [0.49646112552835087, 0.8122041849126127, 0.39305623451717875], "k_pid_att": [77.37900494187974, 9.759883694999761, 0.4318168522438639], "k_pid_yaw": [0.5, 1e-06, 0.1], "k_pid_hsp": [8.02417439973739, 0.08286724707215254, 0.5281478562386103], "k_pid_vsp": [234.36850067733764, 120.4203797867555, 308.0300717162903]}, "datetime": {"datetime": "2025-08-21 12:52:30", "elapsed": 14866.625091552734, "delta": 23.35905170440674}, "costs": {"total_cost": 1527.7469500783577, "time_cost": 150, "final_distance_cost": 109.71983201322017, "oscillation_cost": 383.19126148592824, "completition_cost": 777.7777777777778, "overshoot_cost": 73.94885673360218, "power_cost": 17.65513572998047, "noise_cost": 15.454086337848903, "n_waypoints_completed": 2, "tot_waypoints": 9}}
{"target": -1736.3938911773766, "params": {"k_pid_pos": [1.0837281805339551, 0.32438877901512164, 0.10538407585237097], "k_pid_alt": [0.7040433442478062, 0.8647759644693229, 2.342958198808809e-05], "k_pid_att": [34.63671203007044, 5.584292663699746, 0.42876492194909166], "k_pid_yaw": [0.5, 1e-06, 0.1], "k_pid_hsp": [3.005685087365273, 0.43887797633658154, 0.4888323019808598], "k_pid_vsp": [16.645242960904085, 252.3365316091775, 326.58821165498995]}, "datetime": {"datetime": "2025-08-21 12:52:53", "elapsed": 14890.29094338417, "delta": 23.665851831436157}, "costs": {"total_cost": 1736.3938911773766, "time_cost": 150, "final_distance_cost": 3.845062406442888, "oscillation_cost": 401.3597105810692, "completition_cost": 1000.0, "overshoot_cost": 110.92960061640919, "power_cost": 21.165754943847656, "noise_cost": 49.09376262960769, "n_waypoints_completed": 0, "tot_waypoints": 9}}
{"target": -726.6485779887382, "params": {"k_pid_pos": [1.4304615319513543, 0.8349483532485498, 0.3868278954722334], "k_pid_alt": [1.3197870697334206, 0.040441726036331005, 0.6127084531989033], "k_pid_att": [90.47083076740344, 9.528984719655295, 0.7009416092033927], "k_pid_yaw": [0.5, 1e-06, 0.1], "k_pid_hsp": [2.4870011882303733, 0.8059114282758542, 0.18549662077957763], "k_pid_vsp": [50.90957707704615, 49.31135540095973, 80.00014226545125]}, "datetime": {"datetime": "2025-08-21 12:53:17", "elapsed": 14914.297509431839, "delta": 24.006566047668457}, "costs": {"total_cost": 726.6485779887382, "time_cost": 150, "final_distance_cost": 68.71308701302691, "oscillation_cost": 177.57740108268572, "completition_cost": 222.2222222222222, "overshoot_cost": 69.05408309671853, "power_cost": 21.183074645996093, "noise_cost": 17.898709928088874, "n_waypoints_completed": 7, "tot_waypoints": 9}}
{"target": -1215.4218036426844, "params": {"k_pid_pos": [0.007151138052252002, 0.7520814721577195, 0.6366669712263924], "k_pid_alt": [1.3677344972184131, 0.5965407083834635, 0.615178329988828], "k_pid_att": [80.16968662864983, 7.256793209071473, 0.8022359898350128], "k_pid_yaw": [0.5, 1e-06, 0.1], "k_pid_hsp": [2.5281053473868997, 0.6229510576429999, 0.6982968750567288], "k_pid_vsp": [308.26631509924727, 348.465598978961, 204.15675579564788]}, "datetime": {"datetime": "2025-08-21 12:53:41", "elapsed": 14937.997347831726, "delta": 23.699838399887085}, "costs": {"total_cost": 1215.4218036426844, "time_cost": 150, "final_distance_cost": 48.92225683240469, "oscillation_cost": 252.39890740750414, "completition_cost": 666.6666666666667, "overshoot_cost": 62.59361198135561, "power_cost": 19.676319750976564, "noise_cost": 15.16404100377643, "n_waypoints_completed": 3, "tot_waypoints": 9}}
{"target": -1103.019213593945, "params": {"k_pid_pos": [0.007254060239372707, 0.5488080481207422, 0.31046937743669345], "k_pid_alt": [1.9835527918706537, 0.6299571710234758, 0.30218696640641307], "k_pid_att": [49.72875538900381, 6.638685756957903, 0.3685510121417198], "k_pid_yaw": [0.5, 1e-06, 0.1], "k_pid_hsp": [6.722261790155935, 0.5679494235318127, 0.47123585671133206], "k_pid_vsp": [228.4526640309907, 265.59189270067304, 71.14076613129106]}, "datetime": {"datetime": "2025-08-21 12:54:05", "elapsed": 14962.309738874435, "delta": 24.31239104270935}, "costs": {"total_cost": 1103.019213593945, "time_cost": 150, "final_distance_cost": 49.6632638321287, "oscillation_cost": 253.86831388746742, "completition_cost": 555.5555555555555, "overshoot_cost": 57.30117408759605, "power_cost": 20.72410399169922, "noise_cost": 15.9068022394981, "n_waypoints_completed": 4, "tot_waypoints": 9}}
{"target": -859.9673203257604, "params": {"k_pid_pos": [0.6470830170988265, 0.6608977988928174, 0.6336458994650929], "k_pid_alt": [1.9300123297697034, 0.4344335937301457, 0.0702891434036722], "k_pid_att": [62.5645667532038, 2.1807853179348387, 0.7868185383896926], "k_pid_yaw": [0.5, 1e-06, 0.1], "k_pid_hsp": [1.14133667315933, 0.14833308217970298, 0.4416387850999204], "k_pid_vsp": [384.84518368432794, 81.70101414587174, 54.68982899178811]}, "datetime": {"datetime": "2025-08-21 12:54:29", "elapsed": 14986.1713244915, "delta": 23.86158561706543}, "costs": {"total_cost": 859.9673203257604, "time_cost": 150, "final_distance_cost": 64.84575265813604, "oscillation_cost": 222.29582870486615, "completition_cost": 333.33333333333337, "overshoot_cost": 51.46708429694538, "power_cost": 21.984586193847658, "noise_cost": 16.040735138631803, "n_waypoints_completed": 6, "tot_waypoints": 9}}
{"target": -700.3942978850204, "params": {"k_pid_pos": [0.8018134085718673, 0.9743715061649295, 0.10458879654602282], "k_pid_alt": [1.9603749691751933, 0.9564375985124163, 0.7235028728361558], "k_pid_att": [26.271494797609463, 3.6084525195036505, 0.39330841139167905], "k_pid_yaw": [0.5, 1e-06, 0.1], "k_pid_hsp": [9.320368381867686, 0.8593519209613804, 0.5434435206057515], "k_pid_vsp": [157.64085636421746, 94.50494119744764, 50.39383677393989]}, "datetime": {"datetime": "2025-08-21 12:54:55", "elapsed": 15011.661103010178, "delta": 25.489778518676758}, "costs": {"total_cost": 700.3942978850204, "time_cost": 150, "final_distance_cost": 60.36169296162007, "oscillation_cost": 149.35273890843237, "completition_cost": 222.2222222222222, "overshoot_cost": 73.06119134976511, "power_cost": 25.90825489501953, "noise_cost": 19.48819754796112, "n_waypoints_completed": 7, "tot_waypoints": 9}}
{"target": -868.9303529633729, "params": {"k_pid_pos": [1.7817318349870688, 0.9880226502315581, 0.7568035084581414], "k_pid_alt": [1.200782421769915, 0.622647895916194, 0.42876230648704716], "k_pid_att": [13.354242452123488, 1.5234265119341117, 0.4273361912843334], "k_pid_yaw": [0.5, 1e-06, 0.1], "k_pid_hsp": [5.674306907699074, 0.9705292071786207, 0.9542730215961477], "k_pid_vsp": [325.93461516612854, 146.06910151645837, 301.9566878225117]}, "datetime": {"datetime": "2025-08-21 12:55:18", "elapsed": 15035.415145874023, "delta": 23.754042863845825}, "costs": {"total_cost": 868.9303529633729, "time_cost": 150, "final_distance_cost": 70.35832661469284, "oscillation_cost": 219.04564550841152, "completition_cost": 333.33333333333337, "overshoot_cost": 57.02195180519405, "power_cost": 22.228156298828125, "noise_cost": 16.942939402912987, "n_waypoints_completed": 6, "tot_waypoints": 9}}
{"target": -747.1918772052189, "params": {"k_pid_pos": [1.091985369008531, 0.9892453896255, 0.5194253876834573], "k_pid_alt": [0.11690521044834656, 0.8246820362443663, 0.7705755539732406], "k_pid_att": [4.850950220408656, 1.8248599766025038, 0.41187048643431934], "k_pid_yaw": [0.5, 1e-06, 0.1], "k_pid_hsp": [9.964003517643006, 0.10442612831442555, 0.181054586400478], "k_pid_vsp": [252.92536903510313, 374.92185121136197, 13.261268278311674]}, "datetime": {"datetime": "2025-08-21 12:55:47", "elapsed": 15063.905308246613, "delta": 28.49016237258911}, "costs": {"total_cost": 747.1918772052189, "time_cost": 150, "final_distance_cost": 53.060416964756804, "oscillation_cost": 122.86850634097306, "completition_cost": 333.33333333333337, "overshoot_cost": 53.436095334540234, "power_cost": 18.94553740234375, "noise_cost": 15.547987829271623, "n_waypoints_completed": 6, "tot_waypoints": 9}}
{"target": -1494.256188812049, "params": {"k_pid_pos": [1.968525264234561, 0.43891827040008113, 0.0867134140346455], "k_pid_alt": [1.778372517325144, 0.3330132477644622, 0.7978353809935674], "k_pid_att": [6.137031610866773, 0.9479226476468892, 0.4418876174526867], "k_pid_yaw": [0.5, 1e-06, 0.1], "k_pid_hsp": [2.123875856528088, 0.21446816157888005, 0.8164484142895828], "k_pid_vsp": [272.848366304038, 248.49769816959616, 320.41486355540763]}, "datetime": {"datetime": "2025-08-21 12:56:11", "elapsed": 15088.41503238678, "delta": 24.509724140167236}, "costs": {"total_cost": 1494.256188812049, "time_cost": 150, "final_distance_cost": 62.20701399092902, "oscillation_cost": 292.3318734359269, "completition_cost": 888.8888888888888, "overshoot_cost": 53.370247252612835, "power_cost": 28.024057360839844, "noise_cost": 19.434107882851528, "n_waypoints_completed": 1, "tot_waypoints": 9}}
{"target": -1393.1880879201142, "params": {"k_pid_pos": [0.2681242432263261, 0.5545091984453085, 0.4890100848260235], "k_pid_alt": [1.4994244631207727, 0.9938225111685968, 0.7495354986806049], "k_pid_att": [76.17553979045265, 1.5493037448100992, 0.9277704900177787], "k_pid_yaw": [0.5, 1e-06, 0.1], "k_pid_hsp": [5.254799555831817, 0.9981893587013049, 0.3782329507221347], "k_pid_vsp": [25.345706615345833, 129.95023016519391, 77.08740211257191]}, "datetime": {"datetime": "2025-08-21 12:56:35", "elapsed": 15112.412119150162, "delta": 23.997086763381958}, "costs": {"total_cost": 1393.1880879201142, "time_cost": 150, "final_distance_cost": 89.69185265169264, "oscillation_cost": 291.40842458490187, "completition_cost": 777.7777777777778, "overshoot_cost": 39.40798998787236, "power_cost": 25.897163635253907, "noise_cost": 19.004879282615445, "n_waypoints_completed": 2, "tot_waypoints": 9}}
{"target": -1404.2080214264843, "params": {"k_pid_pos": [0.14785404629933727, 0.0506544982470164, 0.4589423705128812], "k_pid_alt": [1.651653092182923, 0.3888953263384385, 0.6509690304654056], "k_pid_att": [64.12426629736461, 1.8872945555940197, 0.011765713107098064], "k_pid_yaw": [0.5, 1e-06, 0.1], "k_pid_hsp": [3.407121664016271, 0.3256633957320204, 0.04347787622164545], "k_pid_vsp": [303.9743260654137, 102.84264432383776, 368.81290582886515]}, "datetime": {"datetime": "2025-08-21 12:56:59", "elapsed": 15136.37748503685, "delta": 23.965365886688232}, "costs": {"total_cost": 1404.2080214264843, "time_cost": 150, "final_distance_cost": 74.91335634556708, "oscillation_cost": 392.90730636697987, "completition_cost": 666.6666666666667, "overshoot_cost": 81.10812357144414, "power_cost": 21.512601416015627, "noise_cost": 17.099967059810734, "n_waypoints_completed": 3, "tot_waypoints": 9}}
{"target": -1682.4189982739808, "params": {"k_pid_pos": [1.6880798312354464, 0.46338526684627224, 0.996334613918436], "k_pid_alt": [0.6423990337549463, 0.2357475216079098, 0.9636906011168825], "k_pid_att": [52.054877489776054, 8.56896518895012, 0.34672257566321596], "k_pid_yaw": [0.5, 1e-06, 0.1], "k_pid_hsp": [1.3009705544134453, 0.431029696828922, 0.28683524377258474], "k_pid_vsp": [154.6553087412475, 80.32993898625065, 390.9493284098163]}, "datetime": {"datetime": "2025-08-21 12:57:23", "elapsed": 15160.132863044739, "delta": 23.755378007888794}, "costs": {"total_cost": 1682.4189982739808, "time_cost": 150, "final_distance_cost": 149.11165829284172, "oscillation_cost": 324.7850284638146, "completition_cost": 888.8888888888888, "overshoot_cost": 133.10080596964403, "power_cost": 18.818719458007813, "noise_cost": 17.71389720078395, "n_waypoints_completed": 1, "tot_waypoints": 9}}
{"target": -1088.0008716928091, "params": {"k_pid_pos": [0.9459243233351182, 0.6431307495714681, 0.28533315686555794], "k_pid_alt": [0.34654692960659794, 0.7726332015757719, 0.7276330044005509], "k_pid_att": [57.3377591473579, 4.75638905722408, 0.40662190388780894], "k_pid_yaw": [0.5, 1e-06, 0.1], "k_pid_hsp": [0.9852264589406172, 0.9192302345175721, 0.39080468582529115], "k_pid_vsp": [41.19845927000752, 248.72719750646175, 85.42809443263195]}, "datetime": {"datetime": "2025-08-21 12:57:47", "elapsed": 15183.90337061882, "delta": 23.77050757408142}, "costs": {"total_cost": 1088.0008716928091, "time_cost": 150, "final_distance_cost": 63.05865112305876, "oscillation_cost": 115.08615966894051, "completition_cost": 666.6666666666667, "overshoot_cost": 56.49344085141083, "power_cost": 20.046802575683596, "noise_cost": 16.649150807048766, "n_waypoints_completed": 3, "tot_waypoints": 9}}
{"target": -1730.1677220115268, "params": {"k_pid_pos": [0.8816617079035552, 0.43412446877883826, 0.7919398450812173], "k_pid_alt": [0.3496517341270693, 0.5585777576996757, 0.2979651800386338], "k_pid_att": [91.26856042016564, 2.15650046459655, 0.9389410535847896], "k_pid_yaw": [0.5, 1e-06, 0.1], "k_pid_hsp": [3.1799238444390143, 0.8973498714200386, 0.7418133361412096], "k_pid_vsp": [227.76421449998395, 128.0422901951077, 302.7435473563562]}, "datetime": {"datetime": "2025-08-21 12:58:12", "elapsed": 15208.632266998291, "delta": 24.728896379470825}, "costs": {"total_cost": 1730.1677220115268, "time_cost": 150, "final_distance_cost": 232.9650998109936, "oscillation_cost": 305.3148603558523, "completition_cost": 888.8888888888888, "overshoot_cost": 121.87691815912468, "power_cost": 16.53973161621094, "noise_cost": 14.582223180456255, "n_waypoints_completed": 1, "tot_waypoints": 9}}
{"target": -1473.1283410235626, "params": {"k_pid_pos": [0.5297805599709734, 0.7547604190790143, 0.24904152615158592], "k_pid_alt": [1.7963389197983808, 0.9275059576274906, 0.23902591683073904], "k_pid_att": [93.22872614691514, 4.163473510711125, 0.19064654772221168], "k_pid_yaw": [0.5, 1e-06, 0.1], "k_pid_hsp": [7.673710597206906, 0.3567730422707581, 0.3184130308503391], "k_pid_vsp": [154.0450810076595, 371.3384534880785, 231.31185118356925]}, "datetime": {"datetime": "2025-08-21 12:58:36", "elapsed": 15232.643145084381, "delta": 24.010878086090088}, "costs": {"total_cost": 1473.1283410235626, "time_cost": 150, "final_distance_cost": 104.9945931371284, "oscillation_cost": 359.19148891442876, "completition_cost": 777.7777777777778, "overshoot_cost": 48.87459974654712, "power_cost": 17.631931481933595, "noise_cost": 14.657949965746827, "n_waypoints_completed": 2, "tot_waypoints": 9}}
{"target": -1352.7759195683373, "params": {"k_pid_pos": [0.8798619975104136, 0.060411098649482464, 0.7013852171217723], "k_pid_alt": [1.9054013026866696, 0.9168738814028339, 0.35361626367903876], "k_pid_att": [39.77825385644981, 5.734427722803493, 0.25846657133777673], "k_pid_yaw": [0.5, 1e-06, 0.1], "k_pid_hsp": [0.6531299847851022, 0.6572862946402426, 0.47694302237090014], "k_pid_vsp": [139.78395458227428, 161.32342450542836, 199.07917866583506]}, "datetime": {"datetime": "2025-08-21 12:59:00", "elapsed": 15257.242946863174, "delta": 24.599801778793335}, "costs": {"total_cost": 1352.7759195683373, "time_cost": 150, "final_distance_cost": 86.32771872742762, "oscillation_cost": 365.64853533246986, "completition_cost": 666.6666666666667, "overshoot_cost": 51.79561177838127, "power_cost": 17.70485867919922, "noise_cost": 14.632528384192634, "n_waypoints_completed": 3, "tot_waypoints": 9}}
{"target": -1552.0812438235982, "params": {"k_pid_pos": [1.3947381550253413, 0.8310827033021724, 0.7329021766922326], "k_pid_alt": [0.20934939120806684, 0.5013430817792975, 0.6725239342842269], "k_pid_att": [2.8903381670222106, 4.711816753015286, 0.4237821551537171], "k_pid_yaw": [0.5, 1e-06, 0.1], "k_pid_hsp": [1.8929635924923962, 0.09033146065817499, 0.6281179278221323], "k_pid_vsp": [380.89334404613766, 57.18446029776466, 351.3412158202258]}, "datetime": {"datetime": "2025-08-21 12:59:24", "elapsed": 15281.177596569061, "delta": 23.93464970588684}, "costs": {"total_cost": 1552.0812438235982, "time_cost": 150, "final_distance_cost": 43.240996161851946, "oscillation_cost": 282.2252995575797, "completition_cost": 1000.0, "overshoot_cost": 36.06757862256255, "power_cost": 23.705415820312503, "noise_cost": 16.841953661291686, "n_waypoints_completed": 0, "tot_waypoints": 9}}
{"target": -838.8456497915365, "params": {"k_pid_pos": [1.4694050479103107, 0.7568820106604475, 0.8629020511829711], "k_pid_alt": [0.9549502986922438, 0.6791074078314707, 0.1563303613768472], "k_pid_att": [95.21501819382495, 4.394034368898833, 0.1656214536827102], "k_pid_yaw": [0.5, 1e-06, 0.1], "k_pid_hsp": [2.311983234789489, 0.7971043471478179, 0.7819740336100583], "k_pid_vsp": [376.1879173276617, 243.8468325439737, 136.8041412078169]}, "datetime": {"datetime": "2025-08-21 12:59:48", "elapsed": 15305.362669706345, "delta": 24.185073137283325}, "costs": {"total_cost": 838.8456497915365, "time_cost": 150, "final_distance_cost": 71.87392669667062, "oscillation_cost": 198.90350410165092, "completition_cost": 333.33333333333337, "overshoot_cost": 55.988308764741305, "power_cost": 15.37445966796875, "noise_cost": 13.37211722717152, "n_waypoints_completed": 6, "tot_waypoints": 9}}
{"target": -799.2402120228508, "params": {"k_pid_pos": [0.5827703711875332, 0.6755236337182653, 0.5329973657038559], "k_pid_alt": [1.9895168607224452, 0.2084629202363718, 0.7119152597372763], "k_pid_att": [9.236528960350531, 1.6580995948603765, 0.6387715500820168], "k_pid_yaw": [0.5, 1e-06, 0.1], "k_pid_hsp": [8.348945673335601, 0.7943323713845585, 0.58811458024762], "k_pid_vsp": [200.00898268429955, 227.37896594542383, 73.9321739942758]}, "datetime": {"datetime": "2025-08-21 13:00:13", "elapsed": 15329.711232662201, "delta": 24.348562955856323}, "costs": {"total_cost": 799.2402120228508, "time_cost": 150, "final_distance_cost": 71.58537931074774, "oscillation_cost": 170.00866931903556, "completition_cost": 333.33333333333337, "overshoot_cost": 40.35434289630009, "power_cost": 19.790791809082034, "noise_cost": 14.167695354351958, "n_waypoints_completed": 6, "tot_waypoints": 9}}
{"target": -1083.4593397984515, "params": {"k_pid_pos": [0.9646487378101886, 0.7679631433734829, 0.9122404485805149], "k_pid_alt": [0.8018413138188489, 0.9292810556814166, 0.49801664413805946], "k_pid_att": [18.94275025841671, 3.336566261576736, 0.6656757836060762], "k_pid_yaw": [0.5, 1e-06, 0.1], "k_pid_hsp": [6.458483797720165, 0.23718467056688897, 0.9997126025458003], "k_pid_vsp": [290.68263389128936, 291.29836836536936, 21.430898470814782]}, "datetime": {"datetime": "2025-08-21 13:00:36", "elapsed": 15353.44506072998, "delta": 23.73382806777954}, "costs": {"total_cost": 1083.4593397984515, "time_cost": 150, "final_distance_cost": 43.48166031004281, "oscillation_cost": 257.9464622317795, "completition_cost": 555.5555555555555, "overshoot_cost": 45.731383507578286, "power_cost": 16.8012234375, "noise_cost": 13.943054755995249, "n_waypoints_completed": 4, "tot_waypoints": 9}}
{"target": -692.0193459377246, "params": {"k_pid_pos": [1.893685170443556, 0.06455900318048757, 0.035791689189029086], "k_pid_alt": [0.6193816961472585, 0.12221852640114061, 0.8308278938296809], "k_pid_att": [26.331460444882982, 3.372359464711243, 0.1897981514539091], "k_pid_yaw": [0.5, 1e-06, 0.1], "k_pid_hsp": [8.768648452993528, 0.10202100620022947, 0.5624403068356214], "k_pid_vsp": [284.3416662375525, 24.34162689255619, 59.078317096148794]}, "datetime": {"datetime": "2025-08-21 13:01:01", "elapsed": 15377.478955507278, "delta": 24.033894777297974}, "costs": {"total_cost": 692.0193459377246, "time_cost": 150, "final_distance_cost": 63.96338727572212, "oscillation_cost": 279.9285945852754, "completition_cost": 111.11111111111116, "overshoot_cost": 52.124598457055384, "power_cost": 20.032273693847657, "noise_cost": 14.859380814712825, "n_waypoints_completed": 8, "tot_waypoints": 9}}
{"target": -954.4887780481799, "params": {"k_pid_pos": [1.0340902506105314, 0.7371901411880658, 0.3440537719119041], "k_pid_alt": [0.9167840808630359, 0.4122244296273384, 0.7523255138987172], "k_pid_att": [99.61835654187635, 1.677233197865521, 0.980824367184753], "k_pid_yaw": [0.5, 1e-06, 0.1], "k_pid_hsp": [4.220751415484201, 0.6572833116416221, 0.15838668632141717], "k_pid_vsp": [172.20004068020324, 216.59691159597517, 44.92635789499913]}, "datetime": {"datetime": "2025-08-21 13:01:25", "elapsed": 15402.161934375763, "delta": 24.682978868484497}, "costs": {"total_cost": 954.4887780481799, "time_cost": 150, "final_distance_cost": 47.547869761030675, "oscillation_cost": 214.08204123357393, "completition_cost": 444.4444444444444, "overshoot_cost": 49.07057245747089, "power_cost": 27.623730017089844, "noise_cost": 21.72012013457012, "n_waypoints_completed": 5, "tot_waypoints": 9}}
{"target": -1678.3986453571592, "params": {"k_pid_pos": [1.7589816484685998, 0.7496559157359464, 0.160966522803216], "k_pid_alt": [0.5292894424728534, 0.29082774200480865, 0.5273892158317239], "k_pid_att": [14.989647350711587, 8.670415134222834, 0.3710763926745224], "k_pid_yaw": [0.5, 1e-06, 0.1], "k_pid_hsp": [0.5044837903166376, 0.12583684034649, 0.629971278915409], "k_pid_vsp": [125.08785054233624, 75.90925032307419, 327.2561773780253]}, "datetime": {"datetime": "2025-08-21 13:01:50", "elapsed": 15426.951629400253, "delta": 24.789695024490356}, "costs": {"total_cost": 1678.3986453571592, "time_cost": 150, "final_distance_cost": 1.0175026549041137, "oscillation_cost": 353.4190414152412, "completition_cost": 1000.0, "overshoot_cost": 131.35690935257165, "power_cost": 18.810253637695315, "noise_cost": 23.794938296746984, "n_waypoints_completed": 0, "tot_waypoints": 9}}
