{"target": -2006.4778794952588, "params": {"k_pid_pos": [0.07028553499736026, 0.3254166577350157, 0.33621751518600307], "k_pid_alt": [1.7748996451225219, 0.7227697957726751, 0.08304044785309506], "k_pid_att": [86.23722035981652, 4.341584369604279, 0.7894769991461302], "k_pid_yaw": [0.5, 1e-06, 0.1], "k_pid_hsp": [6.205862562490164, 0.2589904069308242, 0.7006691005028041], "k_pid_vsp": [195.53159916440913, 37.45788520164338, 394.0041968062509]}, "datetime": {"datetime": "2025-08-21 15:26:22", "elapsed": 24098.713902950287, "delta": 29.26371145248413}, "costs": {"total_cost": 2006.4778794952588, "time_cost": 150, "final_distance_cost": 241.49032055031287, "oscillation_cost": 321.90813455009925, "completition_cost": 1000.0, "overshoot_cost": 260.96258548564555, "power_cost": 17.182552795410157, "noise_cost": 14.934286113790861, "n_waypoints_completed": 0, "tot_waypoints": 9}}
{"target": -1511.6757401139641, "params": {"k_pid_pos": [0.18974995248355658, 0.7989874839949576, 0.33982075276924584], "k_pid_alt": [0.27346640559355784, 0.03591491879599329, 0.8511401592666509], "k_pid_att": [32.74516666838655, 9.612522111335165, 0.7169332386537477], "k_pid_yaw": [0.5, 1e-06, 0.1], "k_pid_hsp": [1.6872256734014246, 0.8265811606730549, 0.7831224226023775], "k_pid_vsp": [87.377594478086, 10.388080586828796, 389.43465307406547]}, "datetime": {"datetime": "2025-08-21 15:26:51", "elapsed": 24127.837645292282, "delta": 29.12374234199524}, "costs": {"total_cost": 1511.6757401139641, "time_cost": 150, "final_distance_cost": 18.743736775334188, "oscillation_cost": 155.74528145738518, "completition_cost": 1000.0, "overshoot_cost": 133.3333050922782, "power_cost": 16.178060766601565, "noise_cost": 37.675356022365, "n_waypoints_completed": 0, "tot_waypoints": 9}}
{"target": -1388.0842420106726, "params": {"k_pid_pos": [1.9939859870966454, 0.7824436194996639, 0.2525641795119232], "k_pid_alt": [1.207951458064307, 0.16036432726924, 0.9320792358757636], "k_pid_att": [7.534212794690354, 6.30757357580124, 0.8604527385222079], "k_pid_yaw": [0.5, 1e-06, 0.1], "k_pid_hsp": [5.637191305054929, 0.9484564535392831, 0.08225373537776293], "k_pid_vsp": [106.15791857093026, 181.2596811615957, 312.4495888373503]}, "datetime": {"datetime": "2025-08-21 15:27:17", "elapsed": 24154.03614783287, "delta": 26.19850254058838}, "costs": {"total_cost": 1388.0842420106726, "time_cost": 150, "final_distance_cost": 78.83019266177098, "oscillation_cost": 75.16753416863568, "completition_cost": 888.8888888888888, "overshoot_cost": 125.89864591099415, "power_cost": 17.69753239746094, "noise_cost": 51.60144798292194, "n_waypoints_completed": 1, "tot_waypoints": 9}}
{"target": -1682.0766098122383, "params": {"k_pid_pos": [0.5870959105523138, 0.6001726244817609, 0.6334968149427183], "k_pid_alt": [1.3601905650855104, 0.8590794670705513, 0.15143767067822123], "k_pid_att": [77.88418161349155, 1.3299290522719747, 0.03136985310730844], "k_pid_yaw": [0.5, 1e-06, 0.1], "k_pid_hsp": [4.7276178735157925, 0.1381682385724342, 0.3795011224115056], "k_pid_vsp": [45.17359666440947, 363.14294108987406, 372.3602319124953]}, "datetime": {"datetime": "2025-08-21 15:27:44", "elapsed": 24180.896916151047, "delta": 26.86076831817627}, "costs": {"total_cost": 1682.0766098122383, "time_cost": 150, "final_distance_cost": 56.864881377635406, "oscillation_cost": 416.29999454858915, "completition_cost": 888.8888888888888, "overshoot_cost": 117.26049578974872, "power_cost": 23.10897706298828, "noise_cost": 29.65337214438775, "n_waypoints_completed": 1, "tot_waypoints": 9}}
{"target": -885.3444291815342, "params": {"k_pid_pos": [1.7164083526833085, 0.5330325343539127, 0.37717610152058534], "k_pid_alt": [0.493055025897428, 0.056715653662265386, 0.3014866410454614], "k_pid_att": [89.8701569165842, 7.669448224918638, 0.21398029170913668], "k_pid_yaw": [0.5, 1e-06, 0.1], "k_pid_hsp": [2.3250462457227377, 0.9714978469734854, 0.6542529805730722], "k_pid_vsp": [328.6835385816075, 365.4471090316217, 21.396673586520468]}, "datetime": {"datetime": "2025-08-21 15:28:13", "elapsed": 24209.822563171387, "delta": 28.925647020339966}, "costs": {"total_cost": 885.3444291815342, "time_cost": 150, "final_distance_cost": 49.120737889695555, "oscillation_cost": 154.86377103998902, "completition_cost": 444.4444444444444, "overshoot_cost": 49.217596471673296, "power_cost": 21.67967626953125, "noise_cost": 16.01820306620078, "n_waypoints_completed": 5, "tot_waypoints": 9}}
{"target": -2124.8210340394944, "params": {"k_pid_pos": [1.7732988333794852, 0.43160820702482916, 0.07660209843973131], "k_pid_alt": [1.3947281925139985, 0.030244452766887142, 0.44175983911981687], "k_pid_att": [6.280459175310959, 9.840916851263561, 0.1184391009742437], "k_pid_yaw": [0.5, 1e-06, 0.1], "k_pid_hsp": [8.836839483223422, 0.2705423019639084, 0.0907555804000113], "k_pid_vsp": [11.171897871960956, 239.30690442320062, 201.5104750070141]}, "datetime": {"datetime": "2025-08-21 15:28:39", "elapsed": 24236.313728570938, "delta": 26.49116539955139}, "costs": {"total_cost": 2124.8210340394944, "time_cost": 150, "final_distance_cost": 383.7432536144648, "oscillation_cost": 290.896165995032, "completition_cost": 888.8888888888888, "overshoot_cost": 363.77785058521334, "power_cost": 21.071831469726565, "noise_cost": 26.443043486169422, "n_waypoints_completed": 1, "tot_waypoints": 9}}
{"target": -1216.8649140219131, "params": {"k_pid_pos": [1.4245365915696055, 0.12428610991388311, 0.5601836991658109], "k_pid_alt": [0.38395232131837487, 0.7156624960657307, 0.9993452072523252], "k_pid_att": [41.44892170950325, 3.721297079860643, 0.8247907382479052], "k_pid_yaw": [0.5, 1e-06, 0.1], "k_pid_hsp": [0.34491145708747223, 0.9886331822244001, 0.8676730455264815], "k_pid_vsp": [384.5053998411422, 392.1057510744188, 56.62118309232964]}, "datetime": {"datetime": "2025-08-21 15:29:06", "elapsed": 24262.85752606392, "delta": 26.543797492980957}, "costs": {"total_cost": 1216.8649140219131, "time_cost": 150, "final_distance_cost": 48.6774879034029, "oscillation_cost": 241.32857781629227, "completition_cost": 666.6666666666667, "overshoot_cost": 73.4342998343835, "power_cost": 21.17269090576172, "noise_cost": 15.585190895405875, "n_waypoints_completed": 3, "tot_waypoints": 9}}
{"target": -1421.1295214417914, "params": {"k_pid_pos": [0.5639849352753018, 0.25110111509992206, 0.9177668438746435], "k_pid_alt": [1.6888781395680124, 0.5212058807537062, 0.5868352841032459], "k_pid_att": [45.0291743827347, 9.95672211310811, 0.7609656313273739], "k_pid_yaw": [0.5, 1e-06, 0.1], "k_pid_hsp": [5.782853598003104, 0.9330531076285343, 0.9867063409376335], "k_pid_vsp": [197.30393156759894, 316.5248650036329, 399.317018205256]}, "datetime": {"datetime": "2025-08-21 15:29:34", "elapsed": 24290.5253367424, "delta": 27.667810678482056}, "costs": {"total_cost": 1421.1295214417914, "time_cost": 150, "final_distance_cost": 89.53886103415732, "oscillation_cost": 335.14908230055784, "completition_cost": 777.7777777777778, "overshoot_cost": 37.127845817719276, "power_cost": 16.942365722656252, "noise_cost": 14.593588788923174, "n_waypoints_completed": 2, "tot_waypoints": 9}}
{"target": -1250.5908291740795, "params": {"k_pid_pos": [0.7509594623875745, 0.9416298280088381, 0.4972448062448952], "k_pid_alt": [0.23977003195044388, 0.6036934628153847, 0.20582348456686594], "k_pid_att": [97.16261869523038, 1.9337749843615777, 0.5849701650316961], "k_pid_yaw": [0.5, 1e-06, 0.1], "k_pid_hsp": [9.292814449941043, 0.422539464873378, 0.666517599688084], "k_pid_vsp": [300.91439805146166, 161.8735214045942, 395.37481256622345]}, "datetime": {"datetime": "2025-08-21 15:30:01", "elapsed": 24318.438255548477, "delta": 27.91291880607605}, "costs": {"total_cost": 1250.5908291740795, "time_cost": 150, "final_distance_cost": 89.45193805010165, "oscillation_cost": 243.98953257200955, "completition_cost": 666.6666666666667, "overshoot_cost": 58.1406507123251, "power_cost": 23.579295153808594, "noise_cost": 18.762746019167963, "n_waypoints_completed": 3, "tot_waypoints": 9}}
{"target": -1449.3312863582814, "params": {"k_pid_pos": [1.5949430660073634, 0.15001047167843873, 0.7006057598951656], "k_pid_alt": [0.7641162484457285, 0.19712498025923397, 0.2059802647270499], "k_pid_att": [50.71407987841703, 1.8732746456685443, 0.9138305553014601], "k_pid_yaw": [0.5, 1e-06, 0.1], "k_pid_hsp": [1.5292453156864327, 0.7660500088855904, 0.015228615858316807], "k_pid_vsp": [230.85514851160465, 70.99883872912955, 334.87714044777124]}, "datetime": {"datetime": "2025-08-21 15:30:28", "elapsed": 24344.830857753754, "delta": 26.39260220527649}, "costs": {"total_cost": 1449.3312863582814, "time_cost": 150, "final_distance_cost": 1.0000000017043496, "oscillation_cost": 26.995978213559187, "completition_cost": 1000.0, "overshoot_cost": 134.89825415657583, "power_cost": 36.65461563720703, "noise_cost": 99.78243834923522, "n_waypoints_completed": 0, "tot_waypoints": 9}}
{"target": -613.9253788604045, "params": {"k_pid_pos": [0.8724857547729669, 0.4000042392486487, 0.10312466475566384], "k_pid_alt": [1.3330711016297947, 0.07698124021121888, 0.0004804903875810229], "k_pid_att": [36.00395265503893, 7.450629833160928, 0.7447989420046284], "k_pid_yaw": [0.5, 1e-06, 0.1], "k_pid_hsp": [3.6539598121135355, 0.029654426611964713, 0.6881785506371638], "k_pid_vsp": [353.19589258694305, 306.7081131936594, 1.054071889997764]}, "datetime": {"datetime": "2025-08-21 15:30:55", "elapsed": 24371.48165535927, "delta": 26.650797605514526}, "costs": {"total_cost": 613.9253788604045, "time_cost": 150, "final_distance_cost": 60.63933928649016, "oscillation_cost": 206.195809557278, "completition_cost": 111.11111111111116, "overshoot_cost": 47.93616701954968, "power_cost": 21.301388220214843, "noise_cost": 16.741563665760715, "n_waypoints_completed": 8, "tot_waypoints": 9}}
{"target": -2409.8034432525574, "params": {"k_pid_pos": [1.4547561262965614, 0.00682176927004341, 0.5858908707260683], "k_pid_alt": [0.04429044883866218, 0.24251262166494536, 0.0033158778747548467], "k_pid_att": [51.373350730608834, 8.968908573139748, 0.5713662102187935], "k_pid_yaw": [0.5, 1e-06, 0.1], "k_pid_hsp": [9.877569686681724, 0.40830313854295175, 0.009748512783633423], "k_pid_vsp": [71.42189512061412, 47.16621354252652, 341.69915533123776]}, "datetime": {"datetime": "2025-08-21 15:31:22", "elapsed": 24399.075482606888, "delta": 27.59382724761963}, "costs": {"total_cost": 2409.8034432525574, "time_cost": 150, "final_distance_cost": 417.15864983289424, "oscillation_cost": 251.6110827563241, "completition_cost": 888.8888888888888, "overshoot_cost": 675.2902719915213, "power_cost": 13.807560119628906, "noise_cost": 13.046989663300092, "n_waypoints_completed": 1, "tot_waypoints": 9}}
{"target": -1372.2830827125563, "params": {"k_pid_pos": [0.4777546246614351, 0.8709694150155838, 0.7214029695186785], "k_pid_alt": [0.09535659531092922, 0.5124141985222567, 0.19459348554327782], "k_pid_att": [38.79185893414638, 1.2508875838000708, 0.7164548296934983], "k_pid_yaw": [0.5, 1e-06, 0.1], "k_pid_hsp": [5.444497844209489, 0.7353961891706716, 0.31701070780349405], "k_pid_vsp": [23.28403312364795, 186.4698292470913, 153.39372199981247]}, "datetime": {"datetime": "2025-08-21 15:31:51", "elapsed": 24427.76455974579, "delta": 28.689077138900757}, "costs": {"total_cost": 1372.2830827125563, "time_cost": 150, "final_distance_cost": 104.23925490514812, "oscillation_cost": 233.83357469356284, "completition_cost": 777.7777777777778, "overshoot_cost": 72.74162369572105, "power_cost": 17.416697680664065, "noise_cost": 16.274153959682174, "n_waypoints_completed": 2, "tot_waypoints": 9}}
{"target": -654.2094668846214, "params": {"k_pid_pos": [1.516207647698073, 0.6967141901700125, 0.11708704054180519], "k_pid_alt": [0.6695483767709363, 0.5204554641233458, 0.642327837865123], "k_pid_att": [51.289077549152196, 0.4018475906646164, 0.8716132333080405], "k_pid_yaw": [0.5, 1e-06, 0.1], "k_pid_hsp": [0.7239960933962765, 0.08439108369256987, 0.17283496525034736], "k_pid_vsp": [74.404511905751, 341.12379958336476, 10.122323052978201]}, "datetime": {"datetime": "2025-08-21 15:32:18", "elapsed": 24454.70317339897, "delta": 26.938613653182983}, "costs": {"total_cost": 654.2094668846214, "time_cost": 150, "final_distance_cost": 77.24160932627649, "oscillation_cost": 108.94994126608914, "completition_cost": 222.2222222222222, "overshoot_cost": 56.09829838452259, "power_cost": 21.515066748046877, "noise_cost": 18.182328937464295, "n_waypoints_completed": 7, "tot_waypoints": 9}}
{"target": -418.3060005942948, "params": {"k_pid_pos": [1.6433450071143663, 0.0034816585651962217, 0.9692949885645641], "k_pid_alt": [1.6688055660599879, 0.6423683178591714, 0.8380070487638702], "k_pid_att": [29.89077546322495, 7.6649388762351, 0.4692267764423448], "k_pid_yaw": [0.5, 1e-06, 0.1], "k_pid_hsp": [6.292451725057836, 0.7172562028717779, 0.7270742291021194], "k_pid_vsp": [56.12520534467813, 288.7798235146706, 128.62216461126988]}, "datetime": {"datetime": "2025-08-21 15:32:41", "elapsed": 24477.780970335007, "delta": 23.077796936035156}, "costs": {"total_cost": 418.3060005942948, "time_cost": 83.752, "final_distance_cost": 1.7827740626035855, "oscillation_cost": 247.48724376546613, "completition_cost": 0.0, "overshoot_cost": 55.705996571066535, "power_cost": 16.477182849121096, "noise_cost": 13.100803346037457, "n_waypoints_completed": 9, "tot_waypoints": 9}}
{"target": -1241.26745958694, "params": {"k_pid_pos": [0.07054594312034973, 0.7114168923064839, 0.9150548875166815], "k_pid_alt": [0.5593493381968382, 0.002291411633222884, 0.008336646743591691], "k_pid_att": [10.672966809897144, 0.17031235248561696, 0.6119379330977736], "k_pid_yaw": [0.5, 1e-06, 0.1], "k_pid_hsp": [6.46242357578413, 0.145975597728636, 0.062232835460618974], "k_pid_vsp": [328.3449172333247, 146.72675125572508, 257.32564596163246]}, "datetime": {"datetime": "2025-08-21 15:33:08", "elapsed": 24505.37707400322, "delta": 27.59610366821289}, "costs": {"total_cost": 1241.26745958694, "time_cost": 150, "final_distance_cost": 68.79616564724137, "oscillation_cost": 80.32924765784595, "completition_cost": 888.8888888888888, "overshoot_cost": 25.07350714886404, "power_cost": 15.60789873046875, "noise_cost": 12.571751513630922, "n_waypoints_completed": 1, "tot_waypoints": 9}}
{"target": -904.5732236732829, "params": {"k_pid_pos": [0.4699662927179703, 0.14297818804948903, 0.024229530231906993], "k_pid_alt": [1.7643168069014241, 0.23943137819346194, 0.908248776689962], "k_pid_att": [73.70019666570474, 4.8776187912049425, 0.8002678110390965], "k_pid_yaw": [0.5, 1e-06, 0.1], "k_pid_hsp": [5.8653239588543125, 0.6382653320217617, 0.2874254669259195], "k_pid_vsp": [213.25249503520763, 361.46614013980314, 290.08282270481504]}, "datetime": {"datetime": "2025-08-21 15:33:38", "elapsed": 24535.135174274445, "delta": 29.758100271224976}, "costs": {"total_cost": 904.5732236732829, "time_cost": 150, "final_distance_cost": 69.0436421591981, "oscillation_cost": 250.3833223229047, "completition_cost": 333.33333333333337, "overshoot_cost": 46.41225370949746, "power_cost": 30.62919656982422, "noise_cost": 24.77147557852504, "n_waypoints_completed": 6, "tot_waypoints": 9}}
{"target": -1451.3123616885655, "params": {"k_pid_pos": [1.2418880742619078, 0.7054254086526692, 0.5825130336510898], "k_pid_alt": [1.5700908644301759, 0.9400518120450987, 0.5158625680603443], "k_pid_att": [90.55270100444463, 1.5699121300234766, 0.793762309437745], "k_pid_yaw": [0.5, 1e-06, 0.1], "k_pid_hsp": [4.652496563336162, 0.7607599270141445, 0.3547464648049625], "k_pid_vsp": [21.947864726216395, 90.11983331165847, 222.88414271263528]}, "datetime": {"datetime": "2025-08-21 15:34:04", "elapsed": 24561.42186832428, "delta": 26.286694049835205}, "costs": {"total_cost": 1451.3123616885655, "time_cost": 150, "final_distance_cost": 78.02617420726533, "oscillation_cost": 306.3141258331643, "completition_cost": 777.7777777777778, "overshoot_cost": 87.86870648611088, "power_cost": 20.78589503173828, "noise_cost": 30.539682352508816, "n_waypoints_completed": 2, "tot_waypoints": 9}}
{"target": -437.57851703158167, "params": {"k_pid_pos": [0.7007884807914193, 0.3986939575089543, 0.2565863612238044], "k_pid_alt": [1.9132951060794858, 0.3658771987985513, 0.5768818505830751], "k_pid_att": [64.96851486518044, 1.246108316477065, 0.14562290185566618], "k_pid_yaw": [0.5, 1e-06, 0.1], "k_pid_hsp": [3.806985928615492, 0.30607217429410427, 0.27533343489567264], "k_pid_vsp": [194.5164507071036, 44.93652961128311, 43.574003895098144]}, "datetime": {"datetime": "2025-08-21 15:34:28", "elapsed": 24585.097475767136, "delta": 23.675607442855835}, "costs": {"total_cost": 437.57851703158167, "time_cost": 85.568, "final_distance_cost": 1.738720010874606, "oscillation_cost": 268.4495127727896, "completition_cost": 0.0, "overshoot_cost": 52.62637445845732, "power_cost": 16.039946533203125, "noise_cost": 13.15596325625706, "n_waypoints_completed": 9, "tot_waypoints": 9}}
{"target": -1248.1511561480925, "params": {"k_pid_pos": [0.5493303038412966, 0.6497784441061004, 0.5804411752139518], "k_pid_alt": [0.8796646771932111, 0.9475578763175782, 0.42447756343496246], "k_pid_att": [5.195884135187534, 2.638466044328668, 0.09245694581898056], "k_pid_yaw": [0.5, 1e-06, 0.1], "k_pid_hsp": [0.7701725416577725, 0.401045262775903, 0.2945151354946842], "k_pid_vsp": [386.5015591554886, 320.4958020867382, 116.27876828851959]}, "datetime": {"datetime": "2025-08-21 15:34:55", "elapsed": 24611.922432661057, "delta": 26.8249568939209}, "costs": {"total_cost": 1248.1511561480925, "time_cost": 150, "final_distance_cost": 67.9208045025923, "oscillation_cost": 142.67433551730608, "completition_cost": 777.7777777777778, "overshoot_cost": 58.16257825429125, "power_cost": 25.742215148925784, "noise_cost": 25.8734449471992, "n_waypoints_completed": 2, "tot_waypoints": 9}}
{"target": -1382.5330580062475, "params": {"k_pid_pos": [0.009565048125456601, 0.2157671426457446, 0.045052915607448396], "k_pid_alt": [1.7000354405719442, 0.2847379486920819, 0.4981258192853185], "k_pid_att": [90.01067356171313, 3.258171297124191, 0.4119309073949067], "k_pid_yaw": [0.5, 1e-06, 0.1], "k_pid_hsp": [9.237651781776963, 0.2500453478590856, 0.22593243440329525], "k_pid_vsp": [297.6082464306166, 396.45517217164274, 163.03806349341698]}, "datetime": {"datetime": "2025-08-21 15:35:22", "elapsed": 24638.69607925415, "delta": 26.773646593093872}, "costs": {"total_cost": 1382.5330580062475, "time_cost": 150, "final_distance_cost": 56.44276417306984, "oscillation_cost": 397.073989704375, "completition_cost": 666.6666666666667, "overshoot_cost": 74.83749732697564, "power_cost": 21.178415917968753, "noise_cost": 16.333724217191747, "n_waypoints_completed": 3, "tot_waypoints": 9}}
{"target": -798.3597351183283, "params": {"k_pid_pos": [0.8596381813222789, 0.2469889225152243, 0.19287342159928345], "k_pid_alt": [0.6667538747654773, 0.8698717064046884, 0.026666962707682096], "k_pid_att": [41.90124213586566, 1.6063224155990503, 0.6543033679211224], "k_pid_yaw": [0.5, 1e-06, 0.1], "k_pid_hsp": [9.057616035524898, 0.024354542338423824, 0.9251919486397454], "k_pid_vsp": [107.29850158990311, 267.2807193168986, 60.26736368193278]}, "datetime": {"datetime": "2025-08-21 15:35:49", "elapsed": 24665.48846888542, "delta": 26.792389631271362}, "costs": {"total_cost": 798.3597351183283, "time_cost": 150, "final_distance_cost": 72.56479934404842, "oscillation_cost": 269.0526533835595, "completition_cost": 222.2222222222222, "overshoot_cost": 50.994598099287735, "power_cost": 19.131525622558595, "noise_cost": 14.393936446651862, "n_waypoints_completed": 7, "tot_waypoints": 9}}
{"target": -1320.4994522193604, "params": {"k_pid_pos": [0.7901683260483147, 0.9310538134269212, 0.4786226087633515], "k_pid_alt": [1.4987661949384794, 0.11508274799519813, 0.6327915174382307], "k_pid_att": [1.445585487729839, 1.3083359575049296, 0.022086782309866604], "k_pid_yaw": [0.5, 1e-06, 0.1], "k_pid_hsp": [3.6022483969729304, 0.8101702803771637, 0.8833974774243942], "k_pid_vsp": [377.21517862468306, 92.90665457195396, 235.6280052394875]}, "datetime": {"datetime": "2025-08-21 15:36:15", "elapsed": 24692.184266090393, "delta": 26.695797204971313}, "costs": {"total_cost": 1320.4994522193604, "time_cost": 150, "final_distance_cost": 81.92814627493016, "oscillation_cost": 208.47752272770953, "completition_cost": 777.7777777777778, "overshoot_cost": 61.05862927331509, "power_cost": 24.292786279296877, "noise_cost": 16.96458988633102, "n_waypoints_completed": 2, "tot_waypoints": 9}}
{"target": -785.6653512759746, "params": {"k_pid_pos": [1.4588906682626468, 0.14335731922932526, 0.47185482040017435], "k_pid_alt": [0.00047634345240710196, 0.8334205981318566, 0.885723276694983], "k_pid_att": [1.7210596666295874, 0.8716756313677518, 0.35467275814124344], "k_pid_yaw": [0.5, 1e-06, 0.1], "k_pid_hsp": [2.789109756184921, 0.22795682570890163, 0.5511148875928444], "k_pid_vsp": [47.99708022407021, 386.8349517304803, 110.28723274924519]}, "datetime": {"datetime": "2025-08-21 15:36:43", "elapsed": 24719.81764817238, "delta": 27.633382081985474}, "costs": {"total_cost": 785.6653512759746, "time_cost": 150, "final_distance_cost": 59.7600878895471, "oscillation_cost": 149.1830014307653, "completition_cost": 333.33333333333337, "overshoot_cost": 58.52293908407081, "power_cost": 20.440609912109377, "noise_cost": 14.425379626148578, "n_waypoints_completed": 6, "tot_waypoints": 9}}
