{"target": -352.96892657574665, "params": {"k_pid_pos": [2.0, 0.0, 0.0], "k_pid_alt": [2.0, 0.0, 1.0], "k_pid_att": [55.11730588161842, 3.750582531626784, 0.0], "k_pid_yaw": [0.5, 1e-06, 0.1], "k_pid_hsp": [9.966181363725038, 1.0, 1.0], "k_pid_vsp": [352.58329958889425, 211.7723167891714, 30.696685734942932]}, "datetime": {"datetime": "2025-08-22 01:06:06", "elapsed": 58882.48996257782, "delta": 43.04406690597534}, "costs": {"total_cost": 352.96892657574665, "time_cost": 75.496, "final_distance_cost": 1.7893757716993315, "oscillation_cost": 201.87992601560808, "completition_cost": 0.0, "overshoot_cost": 51.88741309701164, "power_cost": 11.790107739257813, "noise_cost": 10.126103952169835, "n_waypoints_completed": 9, "tot_waypoints": 9}}
{"target": -308.31914703829386, "params": {"k_pid_pos": [2.0, 1.0, 1.0], "k_pid_alt": [2.0, 0.0, 1.0], "k_pid_att": [55.09982188842153, 1.4302292060715445, 0.0], "k_pid_yaw": [0.5, 1e-06, 0.1], "k_pid_hsp": [5.272101370368744, 1.0, 0.0], "k_pid_vsp": [209.89022221114158, 231.56486269725607, 124.34094148383333]}, "datetime": {"datetime": "2025-08-22 01:06:53", "elapsed": 58929.512870788574, "delta": 47.022908210754395}, "costs": {"total_cost": 308.31914703829386, "time_cost": 84.128, "final_distance_cost": 1.8525229388246667, "oscillation_cost": 135.1841448693181, "completition_cost": 0.0, "overshoot_cost": 52.97190438209359, "power_cost": 18.7228810546875, "noise_cost": 15.459693793370041, "n_waypoints_completed": 9, "tot_waypoints": 9}}
{"target": -652.2511166869153, "params": {"k_pid_pos": [1.1644943548716384, 0.30192093459638647, 0.7797149514792968], "k_pid_alt": [1.572050940967235, 0.44882079356900706, 0.12825099010283036], "k_pid_att": [92.9082781948957, 3.8688915388656486, 0.8362142861498381], "k_pid_yaw": [0.5, 1e-06, 0.1], "k_pid_hsp": [3.3960101118280415, 0.7722137731892492, 0.4990105255618287], "k_pid_vsp": [331.79621580834277, 295.6414708915486, 38.107943099613166]}, "datetime": {"datetime": "2025-08-22 01:07:39", "elapsed": 58975.9026017189, "delta": 46.38973093032837}, "costs": {"total_cost": 652.2511166869153, "time_cost": 150, "final_distance_cost": 20.931625737093654, "oscillation_cost": 268.16174896125193, "completition_cost": 111.11111111111116, "overshoot_cost": 55.21999937551222, "power_cost": 26.498961267089847, "noise_cost": 20.32767023485653, "n_waypoints_completed": 8, "tot_waypoints": 9}}
{"target": -648.6501988915118, "params": {"k_pid_pos": [1.3713868762118764, 0.7344411675876715, 0.363804964684979], "k_pid_alt": [2.0, 1.0, 0.3135156618732218], "k_pid_att": [63.02674462279765, 1.4143136278042407, 0.13829833340435752], "k_pid_yaw": [0.5, 1e-06, 0.1], "k_pid_hsp": [6.4303923609306235, 0.9417608314453216, 0.4680709336756214], "k_pid_vsp": [312.96726406927297, 256.24552123929794, 69.50293763780644]}, "datetime": {"datetime": "2025-08-22 01:08:10", "elapsed": 59006.72068691254, "delta": 30.818085193634033}, "costs": {"total_cost": 648.6501988915118, "time_cost": 150, "final_distance_cost": 64.49447443430954, "oscillation_cost": 230.40656495038363, "completition_cost": 111.11111111111116, "overshoot_cost": 54.77406390395026, "power_cost": 21.43474189453125, "noise_cost": 16.42924259722586, "n_waypoints_completed": 8, "tot_waypoints": 9}}
{"target": -351.07240594489093, "params": {"k_pid_pos": [2.0, 0.5721093138461367, 0.0], "k_pid_alt": [2.0, 0.0, 0.5421632761320322], "k_pid_att": [17.45884722001728, 8.271671785737425, 0.0], "k_pid_yaw": [0.5, 1e-06, 0.1], "k_pid_hsp": [9.296290055294579, 0.0, 1.0], "k_pid_vsp": [383.9250865736972, 248.8984269509276, 122.04077600253142]}, "datetime": {"datetime": "2025-08-22 01:08:48", "elapsed": 59045.33890128136, "delta": 38.61821436882019}, "costs": {"total_cost": 351.07240594489093, "time_cost": 81.304, "final_distance_cost": 1.7647996457069979, "oscillation_cost": 176.90892146492408, "completition_cost": 0.0, "overshoot_cost": 60.50978205302787, "power_cost": 17.406942932128906, "noise_cost": 13.177959849103045, "n_waypoints_completed": 9, "tot_waypoints": 9}}
{"target": -746.2649165849041, "params": {"k_pid_pos": [1.7895476213750205, 0.26281371160892153, 0.041275756326598634], "k_pid_alt": [0.5217883367165197, 0.14636813983999664, 0.040083096906751714], "k_pid_att": [72.44961743231735, 8.750705189082307, 0.5813977046185176], "k_pid_yaw": [0.5, 1e-06, 0.1], "k_pid_hsp": [2.136892210091244, 0.5207760344648301, 0.05592394167714887], "k_pid_vsp": [61.00083198394244, 149.89684220334212, 31.24180925959744]}, "datetime": {"datetime": "2025-08-22 01:09:33", "elapsed": 59090.13742136955, "delta": 44.7985200881958}, "costs": {"total_cost": 746.2649165849041, "time_cost": 150, "final_distance_cost": 54.4799697573621, "oscillation_cost": 82.64184098901508, "completition_cost": 333.33333333333337, "overshoot_cost": 65.18501823092467, "power_cost": 31.528610144042972, "noise_cost": 29.09614413022582, "n_waypoints_completed": 6, "tot_waypoints": 9}}
{"target": -1283.2301430727305, "params": {"k_pid_pos": [0.3687611132410623, 0.641838080954492, 0.8750104027164302], "k_pid_alt": [0.40154418128376124, 0.3263055473163827, 0.7255542487062209], "k_pid_att": [9.054177218128757, 8.797834186273851, 0.5412831222538697], "k_pid_yaw": [0.5, 1e-06, 0.1], "k_pid_hsp": [5.521810765668335, 0.9761391170388642, 0.7769141568762657], "k_pid_vsp": [52.41503241988754, 98.97266559080055, 35.302063698338486]}, "datetime": {"datetime": "2025-08-22 01:10:18", "elapsed": 59134.59517145157, "delta": 44.45775008201599}, "costs": {"total_cost": 1283.2301430727305, "time_cost": 150, "final_distance_cost": 85.09211063697582, "oscillation_cost": 201.9176112039318, "completition_cost": 777.7777777777778, "overshoot_cost": 33.85771261618053, "power_cost": 19.88292255859375, "noise_cost": 14.70200827927081, "n_waypoints_completed": 2, "tot_waypoints": 9}}
{"target": -694.939470202089, "params": {"k_pid_pos": [1.7979954202699082, 0.6840986577521438, 0.3955843186227316], "k_pid_alt": [1.913122004646861, 0.4966572181725125, 0.33309696013361934], "k_pid_att": [72.44061603423985, 4.076232124932166, 0.2604468645951127], "k_pid_yaw": [0.5, 1e-06, 0.1], "k_pid_hsp": [3.5917492040766366, 0.9777026083863677, 0.7034214640408079], "k_pid_vsp": [93.12985253130664, 205.80248845231134, 4.0199063560219885]}, "datetime": {"datetime": "2025-08-22 01:10:54", "elapsed": 59171.14501571655, "delta": 36.54984426498413}, "costs": {"total_cost": 694.939470202089, "time_cost": 150, "final_distance_cost": 77.39122570854276, "oscillation_cost": 150.03720656337921, "completition_cost": 222.2222222222222, "overshoot_cost": 51.80182482301526, "power_cost": 23.985513220214845, "noise_cost": 19.501477664714535, "n_waypoints_completed": 7, "tot_waypoints": 9}}
{"target": -860.7900153856845, "params": {"k_pid_pos": [0.6580810016001111, 0.4915258225071134, 0.05997950425001941], "k_pid_alt": [0.6295374826928801, 0.9333745347934103, 0.669202372539369], "k_pid_att": [22.539712529904786, 0.9736797350399256, 0.23699674438418472], "k_pid_yaw": [0.5, 1e-06, 0.1], "k_pid_hsp": [8.942713553389982, 0.6887217620086488, 0.35259415963669205], "k_pid_vsp": [222.0642337448627, 383.44009913821645, 186.24518610127294]}, "datetime": {"datetime": "2025-08-22 01:11:39", "elapsed": 59215.835434913635, "delta": 44.69041919708252}, "costs": {"total_cost": 860.7900153856845, "time_cost": 150, "final_distance_cost": 63.20712467897969, "oscillation_cost": 224.74072329329894, "completition_cost": 333.33333333333337, "overshoot_cost": 54.53581009382687, "power_cost": 20.023107470703128, "noise_cost": 14.94991651554239, "n_waypoints_completed": 6, "tot_waypoints": 9}}
{"target": -831.4989068261583, "params": {"k_pid_pos": [1.464753725763207, 0.7972181561952183, 0.8647847543523866], "k_pid_alt": [0.9197352825500937, 0.3396089498673628, 0.9466979886602366], "k_pid_att": [10.633389468976162, 6.205834026241856, 0.35190042283841794], "k_pid_yaw": [0.5, 1e-06, 0.1], "k_pid_hsp": [1.5981195728237838, 0.22118415703284355, 0.5524333202561884], "k_pid_vsp": [151.3062257337614, 201.78925202833508, 46.56065929936979]}, "datetime": {"datetime": "2025-08-22 01:12:39", "elapsed": 59276.42384505272, "delta": 60.58841013908386}, "costs": {"total_cost": 831.4989068261583, "time_cost": 150, "final_distance_cost": 70.56633070823511, "oscillation_cost": 176.73563205821833, "completition_cost": 333.33333333333337, "overshoot_cost": 58.18192099664455, "power_cost": 24.985265185546876, "noise_cost": 17.696424544180086, "n_waypoints_completed": 6, "tot_waypoints": 9}}
{"target": -341.23528349805565, "params": {"k_pid_pos": [2.0, 0.0, 0.0], "k_pid_alt": [2.0, 0.0, 1.0], "k_pid_att": [55.49407847172272, 6.912122377192948, 0.0], "k_pid_yaw": [0.5, 1e-06, 0.1], "k_pid_hsp": [6.934747764583934, 1.0, 1.0], "k_pid_vsp": [354.986541045433, 213.3827079900517, 29.237420099385634]}, "datetime": {"datetime": "2025-08-22 01:13:08", "elapsed": 59304.78856420517, "delta": 28.36471915245056}, "costs": {"total_cost": 341.23528349805565, "time_cost": 76.288, "final_distance_cost": 1.7544969997456454, "oscillation_cost": 181.98991423983813, "completition_cost": 0.0, "overshoot_cost": 52.14156400902805, "power_cost": 16.215677648925784, "noise_cost": 12.84563060051802, "n_waypoints_completed": 9, "tot_waypoints": 9}}
{"target": -630.2305153141009, "params": {"k_pid_pos": [1.5534317070261683, 0.38730618483193224, 0.6100447841144714], "k_pid_alt": [0.9424499821787604, 0.12194854219868266, 0.3854175923079373], "k_pid_att": [42.81777680401024, 7.207910901725091, 0.5061568413456916], "k_pid_yaw": [0.5, 1e-06, 0.1], "k_pid_hsp": [5.933193466271385, 0.13806372027386024, 0.8485684543421569], "k_pid_vsp": [178.34035743431392, 337.23721093915475, 61.02277366831786]}, "datetime": {"datetime": "2025-08-22 01:13:47", "elapsed": 59344.32474040985, "delta": 39.5361762046814}, "costs": {"total_cost": 630.2305153141009, "time_cost": 150, "final_distance_cost": 7.021511560162575, "oscillation_cost": 278.4424357451981, "completition_cost": 111.11111111111116, "overshoot_cost": 53.93187873133177, "power_cost": 16.42929110107422, "noise_cost": 13.294287065223056, "n_waypoints_completed": 8, "tot_waypoints": 9}}
{"target": -808.4601674230673, "params": {"k_pid_pos": [1.807091302245443, 0.7170438212935878, 0.32908905634596025], "k_pid_alt": [1.0826810939211375, 1.0, 1.0], "k_pid_att": [8.873714772549341, 7.270321317579869, 1.0], "k_pid_yaw": [0.5, 1e-06, 0.1], "k_pid_hsp": [1.1841667760968735, 0.9891928286544414, 0.0], "k_pid_vsp": [154.91935379922512, 208.65337824466374, 53.76299514634417]}, "datetime": {"datetime": "2025-08-22 01:14:28", "elapsed": 59384.606270074844, "delta": 40.281529664993286}, "costs": {"total_cost": 808.4601674230673, "time_cost": 150, "final_distance_cost": 47.13246948112993, "oscillation_cost": 84.24841203572163, "completition_cost": 444.4444444444444, "overshoot_cost": 46.16007729116273, "power_cost": 20.208404321289063, "noise_cost": 16.26635984931965, "n_waypoints_completed": 5, "tot_waypoints": 9}}
{"target": -343.17837842528314, "params": {"k_pid_pos": [2.0, 0.8000874265274891, 0.0], "k_pid_alt": [2.0, 0.0, 1.0], "k_pid_att": [23.651101750709717, 9.114206904049892, 0.10596958745569188], "k_pid_yaw": [0.5, 1e-06, 0.1], "k_pid_hsp": [10.0, 0.0, 0.247096985517342], "k_pid_vsp": [380.8584783611014, 247.16944718373665, 123.82582915518319]}, "datetime": {"datetime": "2025-08-22 01:15:11", "elapsed": 59428.05898451805, "delta": 43.45271444320679}, "costs": {"total_cost": 343.17837842528314, "time_cost": 84.032, "final_distance_cost": 1.697977426947279, "oscillation_cost": 167.5386776728128, "completition_cost": 0.0, "overshoot_cost": 59.0322273547123, "power_cost": 17.41398469238281, "noise_cost": 13.463511278427942, "n_waypoints_completed": 9, "tot_waypoints": 9}}
{"target": -1649.3764294208124, "params": {"k_pid_pos": [2.0, 1.0, 1.0], "k_pid_alt": [0.0, 0.0, 1.0], "k_pid_att": [54.27459040322461, 5.00873335210849, 1.0], "k_pid_yaw": [0.5, 1e-06, 0.1], "k_pid_hsp": [9.226332085850808, 1.0, 1.0], "k_pid_vsp": [309.1105068324939, 42.872202400580264, 8.592787830821685]}, "datetime": {"datetime": "2025-08-22 01:16:02", "elapsed": 59478.55836844444, "delta": 50.4993839263916}, "costs": {"total_cost": 1649.3764294208124, "time_cost": 150, "final_distance_cost": 4.353725296241203, "oscillation_cost": 266.793026472583, "completition_cost": 1000.0, "overshoot_cost": 135.84767792562724, "power_cost": 19.05179365234375, "noise_cost": 73.33020607401698, "n_waypoints_completed": 0, "tot_waypoints": 9}}
{"target": -786.4131037185556, "params": {"k_pid_pos": [1.5663155355285858, 0.6186791473379714, 0.47613298715321484], "k_pid_alt": [0.6763153598880927, 0.12481198034560714, 0.37447471309966673], "k_pid_att": [23.384669300788154, 5.062426256183787, 0.1584155646213674], "k_pid_yaw": [0.5, 1e-06, 0.1], "k_pid_hsp": [5.859132351282718, 0.661702000246896, 0.677630978174204], "k_pid_vsp": [220.74303501386476, 386.22387070905023, 189.99319825295458]}, "datetime": {"datetime": "2025-08-22 01:16:41", "elapsed": 59517.90498018265, "delta": 39.346611738204956}, "costs": {"total_cost": 786.4131037185556, "time_cost": 150, "final_distance_cost": 71.89531552080709, "oscillation_cost": 263.2964388504424, "completition_cost": 222.2222222222222, "overshoot_cost": 44.52704177552501, "power_cost": 19.80284735107422, "noise_cost": 14.669237998484627, "n_waypoints_completed": 7, "tot_waypoints": 9}}
{"target": -1191.3368806817134, "params": {"k_pid_pos": [0.5708727116924032, 0.818193106260756, 0.7066378731924315], "k_pid_alt": [0.8478630239888862, 0.8378873366871961, 0.22974378715563915], "k_pid_att": [18.07666752007907, 0.8908300861524994, 0.3512851272228529], "k_pid_yaw": [0.5, 1e-06, 0.1], "k_pid_hsp": [5.740849350270304, 0.7059189603248766, 0.7758262910166083], "k_pid_vsp": [146.62390815794365, 15.71562929630938, 12.874172727738461]}, "datetime": {"datetime": "2025-08-22 01:17:38", "elapsed": 59574.59593486786, "delta": 56.69095468521118}, "costs": {"total_cost": 1191.3368806817134, "time_cost": 150, "final_distance_cost": 54.185840073742554, "oscillation_cost": 235.51332333858235, "completition_cost": 666.6666666666667, "overshoot_cost": 46.33195515429322, "power_cost": 21.58255859375, "noise_cost": 17.05653685467861, "n_waypoints_completed": 3, "tot_waypoints": 9}}
{"target": -945.440384899314, "params": {"k_pid_pos": [0.7198650757336246, 0.0, 1.0], "k_pid_alt": [1.5499244889644568, 0.9892286349001985, 0.9899296776794101], "k_pid_att": [27.310970815064383, 4.599757625161309, 0.645147627668507], "k_pid_yaw": [0.5, 1e-06, 0.1], "k_pid_hsp": [3.147277369606051, 0.1337229611662662, 0.6693895453094596], "k_pid_vsp": [330.7007483713654, 201.25829100964006, 34.21945605038424]}, "datetime": {"datetime": "2025-08-22 01:18:28", "elapsed": 59624.56985592842, "delta": 49.973921060562134}, "costs": {"total_cost": 945.440384899314, "time_cost": 150, "final_distance_cost": 80.5151243200873, "oscillation_cost": 304.34682456082146, "completition_cost": 333.33333333333337, "overshoot_cost": 43.71063492817426, "power_cost": 19.143537646484376, "noise_cost": 14.390930110413304, "n_waypoints_completed": 6, "tot_waypoints": 9}}
{"target": -1297.33348561928, "params": {"k_pid_pos": [0.05135197059351148, 0.5780717903933802, 0.4720014802004904], "k_pid_alt": [1.4710336469288212, 0.9619518709135702, 0.7495174185644848], "k_pid_att": [42.97246177324459, 2.0781769492953774, 0.7238460659660997], "k_pid_yaw": [0.5, 1e-06, 0.1], "k_pid_hsp": [7.507300815123423, 0.8144570554423592, 0.2532557375660738], "k_pid_vsp": [95.76313660937812, 62.78013367090959, 41.30211984505851]}, "datetime": {"datetime": "2025-08-22 01:19:07", "elapsed": 59664.18251276016, "delta": 39.61265683174133}, "costs": {"total_cost": 1297.33348561928, "time_cost": 150, "final_distance_cost": 83.08175362314593, "oscillation_cost": 220.32695215150324, "completition_cost": 777.7777777777778, "overshoot_cost": 33.276573144212264, "power_cost": 18.326211584472656, "noise_cost": 14.544217338168018, "n_waypoints_completed": 2, "tot_waypoints": 9}}
{"target": -371.013513524295, "params": {"k_pid_pos": [2.0, 0.0, 0.0], "k_pid_alt": [1.9995992104362388, 0.9998048578308674, 0.0], "k_pid_att": [38.72575844004527, 4.330381633008761, 1.0], "k_pid_yaw": [0.5, 1e-06, 0.1], "k_pid_hsp": [10.0, 0.0, 0.9443797588189337], "k_pid_vsp": [275.42816910005376, 303.96753659528395, 74.82038391160215]}, "datetime": {"datetime": "2025-08-22 01:19:49", "elapsed": 59705.84854435921, "delta": 41.6660315990448}, "costs": {"total_cost": 371.013513524295, "time_cost": 92.592, "final_distance_cost": 1.762840368373016, "oscillation_cost": 184.8026897703333, "completition_cost": 0.0, "overshoot_cost": 54.12251406361753, "power_cost": 21.398076989746095, "noise_cost": 16.335392332225066, "n_waypoints_completed": 9, "tot_waypoints": 9}}
{"target": -437.90510646360445, "params": {"k_pid_pos": [1.3397096822863408, 0.12879854171538194, 0.48699181728677027], "k_pid_alt": [1.126424859960661, 0.0, 0.0], "k_pid_att": [60.69066264681328, 6.458786440046069, 0.6537019854780266], "k_pid_yaw": [0.5, 1e-06, 0.1], "k_pid_hsp": [0.5864926994173705, 1.0, 0.7833033575554195], "k_pid_vsp": [215.51099631310447, 52.15564803444919, 36.71723145338165]}, "datetime": {"datetime": "2025-08-22 01:20:41", "elapsed": 59758.07647228241, "delta": 52.227927923202515}, "costs": {"total_cost": 437.90510646360445, "time_cost": 93.944, "final_distance_cost": 1.8029669100260652, "oscillation_cost": 253.38524095422136, "completition_cost": 0.0, "overshoot_cost": 58.12519289439922, "power_cost": 17.20175369873047, "noise_cost": 13.445952006227273, "n_waypoints_completed": 9, "tot_waypoints": 9}}
{"target": -827.2768070471795, "params": {"k_pid_pos": [0.8491173145677982, 0.347605119889157, 0.49754273168803353], "k_pid_alt": [1.9190938976711114, 0.15266877661190503, 0.09763084604361971], "k_pid_att": [15.958006909498623, 0.1424812575990679, 0.24496436081847206], "k_pid_yaw": [0.5, 1e-06, 0.1], "k_pid_hsp": [6.7026318694283455, 0.9582168456417011, 0.7604441194564362], "k_pid_vsp": [51.69621610749644, 342.9988349404206, 142.40730121988616]}, "datetime": {"datetime": "2025-08-22 01:21:20", "elapsed": 59796.87861967087, "delta": 38.80214738845825}, "costs": {"total_cost": 827.2768070471795, "time_cost": 150, "final_distance_cost": 78.6220480295735, "oscillation_cost": 294.436541043483, "completition_cost": 222.2222222222222, "overshoot_cost": 44.76449554192949, "power_cost": 21.675324096679688, "noise_cost": 15.556176113291738, "n_waypoints_completed": 7, "tot_waypoints": 9}}
{"target": -1502.2424413807119, "params": {"k_pid_pos": [0.012296514647501488, 0.16965832771931688, 0.6148120022886733], "k_pid_alt": [0.7557568498524339, 0.34209899947214306, 0.6534962889954634], "k_pid_att": [24.42835941939636, 0.3603967338428037, 0.7374829002373605], "k_pid_yaw": [0.5, 1e-06, 0.1], "k_pid_hsp": [2.2316255314869977, 0.18025360098625498, 0.7172075528670083], "k_pid_vsp": [332.3864139183162, 327.90333609990216, 10.803592390159933]}, "datetime": {"datetime": "2025-08-22 01:21:59", "elapsed": 59836.062235832214, "delta": 39.183616161346436}, "costs": {"total_cost": 1502.2424413807119, "time_cost": 150, "final_distance_cost": 74.16733059310364, "oscillation_cost": 400.42932017212115, "completition_cost": 777.7777777777778, "overshoot_cost": 64.32299034371364, "power_cost": 20.109913195800782, "noise_cost": 15.435109298194822, "n_waypoints_completed": 2, "tot_waypoints": 9}}
{"target": -835.7404232604823, "params": {"k_pid_pos": [0.7664536976288796, 0.010464470784057767, 0.5525724076294223], "k_pid_alt": [0.9367385579733745, 0.9046252638903992, 0.2963860110666162], "k_pid_att": [57.94783082040802, 9.87449084216421, 0.8010273250421546], "k_pid_yaw": [0.5, 1e-06, 0.1], "k_pid_hsp": [9.428029852248965, 0.35093230578015955, 0.1817378621480582], "k_pid_vsp": [117.17117870446168, 136.57729351595037, 124.49364650856855]}, "datetime": {"datetime": "2025-08-22 01:22:42", "elapsed": 59879.35511851311, "delta": 43.292882680892944}, "costs": {"total_cost": 835.7404232604823, "time_cost": 150, "final_distance_cost": 72.24595191249507, "oscillation_cost": 299.84557509180985, "completition_cost": 222.2222222222222, "overshoot_cost": 57.261059548357935, "power_cost": 19.105183520507815, "noise_cost": 15.060430965089507, "n_waypoints_completed": 7, "tot_waypoints": 9}}
{"target": -1073.8828853132986, "params": {"k_pid_pos": [0.6503279233721844, 0.1384859566519876, 0.3244151440343839], "k_pid_alt": [0.1057447321686178, 0.86395517020489, 0.9616682878280141], "k_pid_att": [88.38791751338817, 0.44650524924131363, 0.48327067889049036], "k_pid_yaw": [0.5, 1e-06, 0.1], "k_pid_hsp": [7.779902529329284, 0.4221841833150677, 0.8374000678297215], "k_pid_vsp": [253.29201299497092, 383.3504331780731, 142.80724366458685]}, "datetime": {"datetime": "2025-08-22 01:23:27", "elapsed": 59924.35679769516, "delta": 45.00167918205261}, "costs": {"total_cost": 1073.8828853132986, "time_cost": 150, "final_distance_cost": 53.21698862668456, "oscillation_cost": 322.09296187975986, "completition_cost": 444.4444444444444, "overshoot_cost": 53.87086734623783, "power_cost": 28.297772375488282, "noise_cost": 21.959850640683644, "n_waypoints_completed": 5, "tot_waypoints": 9}}
