{"target": -1103.4898182981615, "params": {"k_pid_pos": [1.0246511641518112, 0.024203628180976766, 0.4340918918410489], "k_pid_alt": [0.9000141537622623, 0.9525053368978549, 0.04618347066051798], "k_pid_att": [65.12024983380033, 3.4737493958906542, 0.3778987175480377], "k_pid_yaw": [0.5, 1e-06, 0.1], "k_pid_hsp": [7.01158074042889, 0.3229523878687901, 0.9330611199533927], "k_pid_vsp": [152.46563124367435, 100.59632282158935, 245.31577482338344]}, "datetime": {"datetime": "2025-08-21 10:38:10", "elapsed": 6806.999090909958, "delta": 25.52096152305603}, "costs": {"total_cost": 1103.4898182981615, "time_cost": 150, "final_distance_cost": 47.17337898484156, "oscillation_cost": 363.64340282989144, "completition_cost": 444.4444444444444, "overshoot_cost": 61.28385148533176, "power_cost": 19.286207263183595, "noise_cost": 17.658533290468757, "n_waypoints_completed": 5, "tot_waypoints": 9}}
{"target": -464.2577198745348, "params": {"k_pid_pos": [1.3194148869680464, 0.38461447358421963, 0.052734194064043116], "k_pid_alt": [1.8480780127796879, 0.28047132557995513, 0.14037607818863307], "k_pid_att": [41.91172969311208, 0.4858515703379329, 0.8317327713283192], "k_pid_yaw": [0.5, 1e-06, 0.1], "k_pid_hsp": [8.215694229360619, 0.6141994940248513, 0.07380723849937387], "k_pid_vsp": [273.6037089554661, 303.1158729505825, 77.14032991352708]}, "datetime": {"datetime": "2025-08-21 10:38:43", "elapsed": 6840.253473043442, "delta": 33.25438213348389}, "costs": {"total_cost": 464.2577198745348, "time_cost": 150, "final_distance_cost": 15.972963579795515, "oscillation_cost": 97.12657267381243, "completition_cost": 111.11111111111116, "overshoot_cost": 52.363666961895746, "power_cost": 21.78202927246094, "noise_cost": 15.901376275459036, "n_waypoints_completed": 8, "tot_waypoints": 9}}
{"target": -943.2830581436409, "params": {"k_pid_pos": [0.8588098029618081, 0.6161198079725401, 0.7576515089128115], "k_pid_alt": [0.22848228557117722, 0.18634946662366603, 0.21217055445006527], "k_pid_att": [72.66558057070488, 4.044238333318695, 0.9083101433527109], "k_pid_yaw": [0.5, 1e-06, 0.1], "k_pid_hsp": [8.912194774456268, 0.7949705084645771, 0.19778140809524258], "k_pid_vsp": [162.52549463488043, 253.79776340498182, 194.87842366337037]}, "datetime": {"datetime": "2025-08-21 10:39:08", "elapsed": 6864.894612789154, "delta": 24.64113974571228}, "costs": {"total_cost": 943.2830581436409, "time_cost": 150, "final_distance_cost": 73.65620488136358, "oscillation_cost": 300.8022466155366, "completition_cost": 333.33333333333337, "overshoot_cost": 50.53134759882453, "power_cost": 19.747516613769534, "noise_cost": 15.212409100813343, "n_waypoints_completed": 6, "tot_waypoints": 9}}
{"target": -1340.248727840914, "params": {"k_pid_pos": [1.464362450620422, 0.23313238659112645, 0.9162387054237104], "k_pid_alt": [1.2111866041171595, 0.01709113791005723, 0.1616215832435436], "k_pid_att": [28.498833128810197, 8.692668788855581, 0.8278363299595289], "k_pid_yaw": [0.5, 1e-06, 0.1], "k_pid_hsp": [5.7722979288708824, 0.24326257009597374, 0.3721417359234076], "k_pid_vsp": [107.54660026273326, 357.2006720958227, 344.80073827319563]}, "datetime": {"datetime": "2025-08-21 10:39:39", "elapsed": 6895.695120573044, "delta": 30.80050778388977}, "costs": {"total_cost": 1340.248727840914, "time_cost": 150, "final_distance_cost": 71.20209786559258, "oscillation_cost": 252.1008818073849, "completition_cost": 777.7777777777778, "overshoot_cost": 51.07309276269262, "power_cost": 20.96461304931641, "noise_cost": 17.13026457814978, "n_waypoints_completed": 2, "tot_waypoints": 9}}
{"target": -730.1063733333733, "params": {"k_pid_pos": [1.8427481898074, 0.34632326265336943, 0.929791013828497], "k_pid_alt": [0.9760731707762218, 0.6798782736068371, 0.1155645533378249], "k_pid_att": [6.4143664529524695, 4.295859491078063, 0.8079283431652747], "k_pid_yaw": [0.5, 1e-06, 0.1], "k_pid_hsp": [3.1989873135337357, 0.23381811439840117, 0.5410216009112596], "k_pid_vsp": [288.61253183188114, 336.5838771713277, 135.4502571091141]}, "datetime": {"datetime": "2025-08-21 10:40:08", "elapsed": 6925.0911247730255, "delta": 29.39600419998169}, "costs": {"total_cost": 730.1063733333733, "time_cost": 150, "final_distance_cost": 61.717934112664516, "oscillation_cost": 210.382230381598, "completition_cost": 222.2222222222222, "overshoot_cost": 52.37816282557719, "power_cost": 19.41186140136719, "noise_cost": 13.993962389944178, "n_waypoints_completed": 7, "tot_waypoints": 9}}
{"target": -1191.0959260887194, "params": {"k_pid_pos": [0.8428989062431638, 0.8550830955844173, 0.6895900333777139], "k_pid_alt": [0.9543761633845016, 0.4227858934096598, 0.790227457652764], "k_pid_att": [64.94201698577075, 4.885818372305853, 0.08042600159376945], "k_pid_yaw": [0.5, 1e-06, 0.1], "k_pid_hsp": [0.6278294323718188, 0.021187409099914456, 0.3990803914757829], "k_pid_vsp": [385.63255067010573, 390.99081535941787, 372.1157357229737]}, "datetime": {"datetime": "2025-08-21 10:40:37", "elapsed": 6953.969564199448, "delta": 28.87843942642212}, "costs": {"total_cost": 1191.0959260887194, "time_cost": 150, "final_distance_cost": 55.10149709286355, "oscillation_cost": 333.76941569158186, "completition_cost": 555.5555555555555, "overshoot_cost": 54.42564560337291, "power_cost": 23.64412537841797, "noise_cost": 18.599686766927356, "n_waypoints_completed": 4, "tot_waypoints": 9}}
{"target": -1378.5093717516063, "params": {"k_pid_pos": [0.1859047139323788, 0.8611403661916234, 0.12709843755251427], "k_pid_alt": [0.7115470491569704, 0.7753577488204332, 0.8026565364531476], "k_pid_att": [94.03002902784249, 8.903964184178307, 0.7998723738414228], "k_pid_yaw": [0.5, 1e-06, 0.1], "k_pid_hsp": [0.12983056269671617, 0.8722156736889912, 0.7411434945579604], "k_pid_vsp": [320.0004286921355, 305.5371392132703, 66.86498765178568]}, "datetime": {"datetime": "2025-08-21 10:41:03", "elapsed": 6980.237628936768, "delta": 26.268064737319946}, "costs": {"total_cost": 1378.5093717516063, "time_cost": 150, "final_distance_cost": 147.47968137717055, "oscillation_cost": 250.40982552586092, "completition_cost": 666.6666666666667, "overshoot_cost": 118.11840506302208, "power_cost": 25.9684033203125, "noise_cost": 19.86638979857336, "n_waypoints_completed": 3, "tot_waypoints": 9}}
{"target": -1800.4498221677263, "params": {"k_pid_pos": [0.2846751472743268, 0.29538019092712764, 0.35084823497434137], "k_pid_alt": [1.8043883576344972, 0.538412427733463, 0.5609158042869817], "k_pid_att": [75.06980262493474, 5.50281038524744, 0.09559910011612183], "k_pid_yaw": [0.5, 1e-06, 0.1], "k_pid_hsp": [2.1695032523330955, 0.06022789217743785, 0.6500498622404136], "k_pid_vsp": [238.77562508218926, 32.880239544073895, 301.8168421431692]}, "datetime": {"datetime": "2025-08-21 10:41:35", "elapsed": 7012.401474475861, "delta": 32.16384553909302}, "costs": {"total_cost": 1800.4498221677263, "time_cost": 150, "final_distance_cost": 56.3034032818348, "oscillation_cost": 466.2705807641019, "completition_cost": 1000.0, "overshoot_cost": 93.6443868618484, "power_cost": 18.589251013183596, "noise_cost": 15.642200246757529, "n_waypoints_completed": 0, "tot_waypoints": 9}}
{"target": -2214.618029876396, "params": {"k_pid_pos": [0.43552733648448894, 0.6632750787035384, 0.8882284635667381], "k_pid_alt": [0.24001949678619106, 0.6097297479694485, 0.7004643803458813], "k_pid_att": [82.09643741659214, 4.588650040275784, 0.8933544510138851], "k_pid_yaw": [0.5, 1e-06, 0.1], "k_pid_hsp": [9.934070903290074, 0.012752462877257176, 0.2076956715505659], "k_pid_vsp": [148.93388424651013, 70.54968336069783, 303.6401686725028]}, "datetime": {"datetime": "2025-08-21 10:42:01", "elapsed": 7037.882822036743, "delta": 25.48134756088257}, "costs": {"total_cost": 2214.618029876396, "time_cost": 150, "final_distance_cost": 253.86750745723384, "oscillation_cost": 438.6008353210993, "completition_cost": 1000.0, "overshoot_cost": 337.87581865247324, "power_cost": 18.111672424316406, "noise_cost": 16.162196021273292, "n_waypoints_completed": 0, "tot_waypoints": 9}}
{"target": -995.0580270315749, "params": {"k_pid_pos": [1.6784287123940647, 0.2092503489320272, 0.4901115842448548], "k_pid_alt": [1.4792804268901292, 0.4158471341332345, 0.07725799160152358], "k_pid_att": [45.13514690841579, 9.75145906545343, 0.970167145431292], "k_pid_yaw": [0.5, 1e-06, 0.1], "k_pid_hsp": [0.8226629056530244, 0.9588757969415348, 0.2915754364907097], "k_pid_vsp": [33.435240192463226, 107.85218486855644, 79.58600787391453]}, "datetime": {"datetime": "2025-08-21 10:42:30", "elapsed": 7066.8518941402435, "delta": 28.969072103500366}, "costs": {"total_cost": 995.0580270315749, "time_cost": 150, "final_distance_cost": 41.186603813495026, "oscillation_cost": 143.37036773659264, "completition_cost": 555.5555555555555, "overshoot_cost": 57.07584266887619, "power_cost": 24.7175740234375, "noise_cost": 23.152083233617834, "n_waypoints_completed": 4, "tot_waypoints": 9}}
{"target": -860.5189200863703, "params": {"k_pid_pos": [0.3551236360793121, 0.754413380944191, 0.6810606426516032], "k_pid_alt": [1.2948948406031024, 0.4584162774343188, 0.7482435161078962], "k_pid_att": [56.93835468677714, 0.8380989556499958, 0.7092036221136518], "k_pid_yaw": [0.5, 1e-06, 0.1], "k_pid_hsp": [1.3005804233565004, 0.693975853544158, 0.08275817607185898], "k_pid_vsp": [355.0777010614067, 79.95616210931759, 259.6356668062947]}, "datetime": {"datetime": "2025-08-21 10:43:00", "elapsed": 7096.502600431442, "delta": 29.65070629119873}, "costs": {"total_cost": 860.5189200863703, "time_cost": 150, "final_distance_cost": 77.2512842142117, "oscillation_cost": 211.91226882882458, "completition_cost": 333.33333333333337, "overshoot_cost": 49.04444467257975, "power_cost": 22.120691540527346, "noise_cost": 16.856897496893573, "n_waypoints_completed": 6, "tot_waypoints": 9}}
{"target": -2288.0923086362595, "params": {"k_pid_pos": [1.1213471860653923, 0.5972508577575146, 0.8032635739338893], "k_pid_alt": [1.4728793932879698, 0.8313247905547768, 0.970449730894334], "k_pid_att": [86.83898687797648, 8.542634383451896, 0.7315476681826637], "k_pid_yaw": [0.5, 1e-06, 0.1], "k_pid_hsp": [5.892841209622943, 0.536404321135055, 0.9539727377626831], "k_pid_vsp": [18.917036679661603, 243.23571431450247, 393.06174102187987]}, "datetime": {"datetime": "2025-08-21 10:43:26", "elapsed": 7122.85714840889, "delta": 26.35454797744751}, "costs": {"total_cost": 2288.0923086362595, "time_cost": 150, "final_distance_cost": 504.4661850496502, "oscillation_cost": 338.1554440463456, "completition_cost": 888.8888888888888, "overshoot_cost": 367.82715682784595, "power_cost": 21.111645996093753, "noise_cost": 17.642987827435263, "n_waypoints_completed": 1, "tot_waypoints": 9}}
{"target": -939.8492454535977, "params": {"k_pid_pos": [1.5693341191272023, 0.7390543612684878, 0.9283197494405285], "k_pid_alt": [1.994440584993705, 0.23554488829224185, 0.38659338079294014], "k_pid_att": [47.53194040302935, 4.971041099047237, 0.7238144957182645], "k_pid_yaw": [0.5, 1e-06, 0.1], "k_pid_hsp": [9.366195692150576, 0.2811284059901922, 0.3738988563263267], "k_pid_vsp": [116.57572114337755, 54.108430194314806, 133.31302232888575]}, "datetime": {"datetime": "2025-08-21 10:43:56", "elapsed": 7152.574467182159, "delta": 29.717318773269653}, "costs": {"total_cost": 939.8492454535977, "time_cost": 150, "final_distance_cost": 70.08286761649694, "oscillation_cost": 293.79763748258875, "completition_cost": 333.33333333333337, "overshoot_cost": 60.72967343980991, "power_cost": 17.701854858398438, "noise_cost": 14.20387872297045, "n_waypoints_completed": 6, "tot_waypoints": 9}}
{"target": -456.2574623609548, "params": {"k_pid_pos": [1.9299862946160522, 0.26504009393539485, 0.6453921220218938], "k_pid_alt": [0.504770103106277, 0.26009288682328113, 0.9442217772372781], "k_pid_att": [95.21862447347274, 6.128851926988828, 0.679438545802241], "k_pid_yaw": [0.5, 1e-06, 0.1], "k_pid_hsp": [9.966120118793219, 0.4440064142695791, 0.33833568294228233], "k_pid_vsp": [165.86658503262623, 116.3025285824339, 13.452725436690653]}, "datetime": {"datetime": "2025-08-21 10:44:20", "elapsed": 7176.809870481491, "delta": 24.235403299331665}, "costs": {"total_cost": 456.2574623609548, "time_cost": 95.888, "final_distance_cost": 1.788786816187125, "oscillation_cost": 265.0509479756876, "completition_cost": 0.0, "overshoot_cost": 53.93633000175465, "power_cost": 22.414575000000003, "noise_cost": 17.17882256732536, "n_waypoints_completed": 9, "tot_waypoints": 9}}
{"target": -4059.995981529388, "params": {"k_pid_pos": [0.22292647339824262, 0.3018482791167094, 0.43248751692895604], "k_pid_alt": [0.43367175295709837, 0.33492729540042654, 0.006855444603320104], "k_pid_att": [1.8038561445796963, 5.361101363026342, 0.052889593552409075], "k_pid_yaw": [0.5, 1e-06, 0.1], "k_pid_hsp": [7.215039515601262, 0.1451362587716264, 0.8848670825048286], "k_pid_vsp": [15.228196442470043, 152.44014127665363, 259.1438074108233]}, "datetime": {"datetime": "2025-08-21 10:44:51", "elapsed": 7208.234540224075, "delta": 31.42466974258423}, "costs": {"total_cost": 4059.995981529388, "time_cost": 150, "final_distance_cost": 1083.5446405430887, "oscillation_cost": 303.4895654695099, "completition_cost": 888.8888888888888, "overshoot_cost": 1566.7615226879634, "power_cost": 33.147703332519534, "noise_cost": 34.16366060741771, "n_waypoints_completed": 1, "tot_waypoints": 9}}
{"target": -824.6444757541746, "params": {"k_pid_pos": [1.8964288014874264, 0.2282685541333057, 0.8442178398110004], "k_pid_alt": [0.4571237843307574, 0.5190797765263084, 0.8112757316409914], "k_pid_att": [81.6260229038344, 9.560479163424844, 0.7931544364994513], "k_pid_yaw": [0.5, 1e-06, 0.1], "k_pid_hsp": [9.051111412266557, 0.29826479882845836, 0.08973808468177258], "k_pid_vsp": [369.5330467306392, 263.2544729679131, 254.12320904371538]}, "datetime": {"datetime": "2025-08-21 10:45:19", "elapsed": 7235.896194934845, "delta": 27.661654710769653}, "costs": {"total_cost": 824.6444757541746, "time_cost": 150, "final_distance_cost": 70.14633707307458, "oscillation_cost": 290.0927420792564, "completition_cost": 222.2222222222222, "overshoot_cost": 58.37649987118064, "power_cost": 18.984075036621096, "noise_cost": 14.822599471819702, "n_waypoints_completed": 7, "tot_waypoints": 9}}
{"target": -827.2639912485902, "params": {"k_pid_pos": [1.956625102009062, 0.6467027490582621, 0.09504599605538089], "k_pid_alt": [0.8649464556379611, 0.01788542383930425, 0.4180170102536753], "k_pid_att": [47.7112410356842, 5.0787720504667835, 0.8860313621114911], "k_pid_yaw": [0.5, 1e-06, 0.1], "k_pid_hsp": [2.4882341574530593, 0.18405185795145818, 0.22355056735949308], "k_pid_vsp": [65.7917804484458, 329.18220809146845, 205.08096924772676]}, "datetime": {"datetime": "2025-08-21 10:45:47", "elapsed": 7264.372669458389, "delta": 28.47647452354431}, "costs": {"total_cost": 827.2639912485902, "time_cost": 150, "final_distance_cost": 62.341792889290595, "oscillation_cost": 194.70116036977592, "completition_cost": 333.33333333333337, "overshoot_cost": 50.67858365764936, "power_cost": 20.484338562011718, "noise_cost": 15.724782436529145, "n_waypoints_completed": 6, "tot_waypoints": 9}}
{"target": -929.854242406374, "params": {"k_pid_pos": [1.5689019976487453, 0.3946202386655886, 0.1906046075937632], "k_pid_alt": [0.010759889441990689, 0.6854909118718957, 0.0690260666585879], "k_pid_att": [78.13667526769625, 5.19888315642003, 0.28640058988067296], "k_pid_yaw": [0.5, 1e-06, 0.1], "k_pid_hsp": [4.486362217298064, 0.34585103523764327, 0.9401165315620543], "k_pid_vsp": [237.91573420305147, 177.62219908457394, 118.09875118477365]}, "datetime": {"datetime": "2025-08-21 10:46:14", "elapsed": 7290.940242767334, "delta": 26.567573308944702}, "costs": {"total_cost": 929.854242406374, "time_cost": 150, "final_distance_cost": 44.94653343855938, "oscillation_cost": 188.6421882710456, "completition_cost": 444.4444444444444, "overshoot_cost": 57.483497665986825, "power_cost": 24.43895859375, "noise_cost": 19.89861999258772, "n_waypoints_completed": 5, "tot_waypoints": 9}}
{"target": -1890.8992985587922, "params": {"k_pid_pos": [0.1940910420785222, 0.49297411629449084, 0.800128915228279], "k_pid_alt": [0.8194115401667561, 0.6180458210209856, 0.2958273324403109], "k_pid_att": [98.8850349138572, 0.06384047037218497, 0.1009143285676376], "k_pid_yaw": [0.5, 1e-06, 0.1], "k_pid_hsp": [2.219238476680904, 0.7671138498320801, 0.373290282974576], "k_pid_vsp": [108.3043842749858, 34.039415804778734, 326.2582137777655]}, "datetime": {"datetime": "2025-08-21 10:46:38", "elapsed": 7314.582909822464, "delta": 23.642667055130005}, "costs": {"total_cost": 1890.8992985587922, "time_cost": 150, "final_distance_cost": 169.94833568038203, "oscillation_cost": 336.09661175211323, "completition_cost": 1000.0, "overshoot_cost": 192.50891518527476, "power_cost": 23.616295739746096, "noise_cost": 18.729140201276188, "n_waypoints_completed": 0, "tot_waypoints": 9}}
{"target": -1584.3616360984238, "params": {"k_pid_pos": [0.7171959946341397, 0.025074730402270262, 0.7158481557808891], "k_pid_alt": [0.4113496317131806, 0.3148947470179595, 0.6336754415825779], "k_pid_att": [22.471071651376217, 0.4209095043044412, 0.005885497174560328], "k_pid_yaw": [0.5, 1e-06, 0.1], "k_pid_hsp": [6.748069239498017, 0.041895642138371936, 0.601195156462058], "k_pid_vsp": [218.3979524974256, 118.03737755778963, 275.1994779465043]}, "datetime": {"datetime": "2025-08-21 10:47:01", "elapsed": 7338.001072406769, "delta": 23.41816258430481}, "costs": {"total_cost": 1584.3616360984238, "time_cost": 150, "final_distance_cost": 90.32604126911303, "oscillation_cost": 455.3730274909082, "completition_cost": 777.7777777777778, "overshoot_cost": 68.3302368723319, "power_cost": 24.348830529785157, "noise_cost": 18.205722158507754, "n_waypoints_completed": 2, "tot_waypoints": 9}}
{"target": -1514.918398838016, "params": {"k_pid_pos": [0.7769997415256216, 0.5743364138567539, 0.8506063149099446], "k_pid_alt": [1.2848375577424824, 0.982853892128824, 0.6523093813626146], "k_pid_att": [53.863448026438164, 8.298231226093407, 0.6804863146485088], "k_pid_yaw": [0.5, 1e-06, 0.1], "k_pid_hsp": [3.8666189530816615, 0.43870134651828907, 0.9453979436598924], "k_pid_vsp": [225.84255602655455, 340.73702078487827, 153.37441630582265]}, "datetime": {"datetime": "2025-08-21 10:47:25", "elapsed": 7361.502088069916, "delta": 23.501015663146973}, "costs": {"total_cost": 1514.918398838016, "time_cost": 150, "final_distance_cost": 63.25666660892542, "oscillation_cost": 281.0360609434086, "completition_cost": 888.8888888888888, "overshoot_cost": 64.6750148409692, "power_cost": 29.650416748046876, "noise_cost": 37.41135080777715, "n_waypoints_completed": 1, "tot_waypoints": 9}}
{"target": -1081.8496912413977, "params": {"k_pid_pos": [1.5858932308132623, 0.7531160578886302, 0.9343067193307857], "k_pid_alt": [1.438957493254565, 0.0735711825705071, 0.858968515882454], "k_pid_att": [38.868072122543694, 6.153887945481592, 0.6740538328841226], "k_pid_yaw": [0.5, 1e-06, 0.1], "k_pid_hsp": [3.9615301851170073, 0.9557843334132299, 0.4916649002756187], "k_pid_vsp": [172.9692646595498, 96.18598490723198, 248.06940902569144]}, "datetime": {"datetime": "2025-08-21 10:47:48", "elapsed": 7384.583582639694, "delta": 23.081494569778442}, "costs": {"total_cost": 1081.8496912413977, "time_cost": 150, "final_distance_cost": 40.304323095523905, "oscillation_cost": 239.09228647584695, "completition_cost": 555.5555555555555, "overshoot_cost": 56.22588761439529, "power_cost": 22.696649853515627, "noise_cost": 17.97498864656049, "n_waypoints_completed": 4, "tot_waypoints": 9}}
{"target": -846.5937034996604, "params": {"k_pid_pos": [0.8973746762009609, 0.5937695435206213, 0.2659934186766374], "k_pid_alt": [1.0336723620603248, 0.8166245544893554, 0.7214614059334783], "k_pid_att": [79.19364339369741, 2.571551435271943, 0.8969960348251589], "k_pid_yaw": [0.5, 1e-06, 0.1], "k_pid_hsp": [5.902414812551222, 0.9496710213698002, 0.21704668232906632], "k_pid_vsp": [245.83508130801158, 267.5656286277902, 278.15000469468487]}, "datetime": {"datetime": "2025-08-21 10:48:11", "elapsed": 7407.793967485428, "delta": 23.210384845733643}, "costs": {"total_cost": 846.5937034996604, "time_cost": 150, "final_distance_cost": 66.76275518301111, "oscillation_cost": 192.88916862165593, "completition_cost": 333.33333333333337, "overshoot_cost": 56.01090178038245, "power_cost": 26.90052159423828, "noise_cost": 20.697022987039176, "n_waypoints_completed": 6, "tot_waypoints": 9}}
{"target": -1476.0534215137252, "params": {"k_pid_pos": [0.67618498324277, 0.4590162684499881, 0.9619910949840708], "k_pid_alt": [1.0286284532418848, 0.9388821941946797, 0.12144966867672258], "k_pid_att": [79.1769430068889, 2.1598260724812373, 0.674987971562708], "k_pid_yaw": [0.5, 1e-06, 0.1], "k_pid_hsp": [9.139250394454756, 0.49855393182500907, 0.7714644458519402], "k_pid_vsp": [128.60000403771318, 271.40224789338504, 346.27096047421946]}, "datetime": {"datetime": "2025-08-21 10:48:35", "elapsed": 7431.488653898239, "delta": 23.69468641281128}, "costs": {"total_cost": 1476.0534215137252, "time_cost": 150, "final_distance_cost": 96.07279900821807, "oscillation_cost": 359.74152373498634, "completition_cost": 777.7777777777778, "overshoot_cost": 41.75386315100006, "power_cost": 29.39331082763672, "noise_cost": 21.31414701410617, "n_waypoints_completed": 2, "tot_waypoints": 9}}
