{"target": -561.237241993326, "params": {"k_pid_pos": [1.5198031962493952, 0.5210100876596526, 0.17565746882552025], "k_pid_alt": [1.5041305496222768, 0.602853839169757, 0.2701030771117614], "k_pid_att": [61.40419499011424, 8.73935907011226, 0.1779631630179622], "k_pid_yaw": [0.5, 1e-06, 0.1], "k_pid_hsp": [1.349487874395455, 0.9399408789849178, 0.4094202482923319], "k_pid_vsp": [212.06585277223843, 48.31052797168578, 33.58810887417795]}, "datetime": {"datetime": "2025-08-21 23:57:19", "elapsed": 54755.7759513855, "delta": 37.82549047470093}, "costs": {"total_cost": 561.237241993326, "time_cost": 150, "final_distance_cost": 62.87725820155264, "oscillation_cost": 146.72076231587803, "completition_cost": 111.11111111111116, "overshoot_cost": 59.110246531409615, "power_cost": 17.496292236328127, "noise_cost": 13.921571597046563, "n_waypoints_completed": 8, "tot_waypoints": 9}}
{"target": -832.4623373539771, "params": {"k_pid_pos": [1.2344085273171268, 0.5821425565773255, 0.7091705887657972], "k_pid_alt": [0.06977509527514414, 0.24976492311607212, 0.8247107902324361], "k_pid_att": [87.75148818954149, 7.795632402551114, 0.03636727887279001], "k_pid_yaw": [0.5, 1e-06, 0.1], "k_pid_hsp": [4.057346574192176, 0.5668854408132585, 0.15331785944105303], "k_pid_vsp": [46.56026276787855, 324.02711511097056, 67.49612290307901]}, "datetime": {"datetime": "2025-08-21 23:58:03", "elapsed": 54799.81684422493, "delta": 44.04089283943176}, "costs": {"total_cost": 832.4623373539771, "time_cost": 150, "final_distance_cost": 67.13291207839637, "oscillation_cost": 305.3691211843636, "completition_cost": 222.2222222222222, "overshoot_cost": 54.01620880109171, "power_cost": 19.0175953125, "noise_cost": 14.704277755403176, "n_waypoints_completed": 7, "tot_waypoints": 9}}
{"target": -1398.6396696516358, "params": {"k_pid_pos": [2.0, 0.0, 0.0], "k_pid_alt": [0.0, 0.0, 0.0], "k_pid_att": [82.19469428726313, 0.0001, 0.0], "k_pid_yaw": [0.5, 1e-06, 0.1], "k_pid_hsp": [6.74186149678715, 1.0, 0.0], "k_pid_vsp": [365.08960863406213, 375.8785633644452, 216.49200413167168]}, "datetime": {"datetime": "2025-08-21 23:58:40", "elapsed": 54836.458210229874, "delta": 36.64136600494385}, "costs": {"total_cost": 1398.6396696516358, "time_cost": 150, "final_distance_cost": 20.501664838739103, "oscillation_cost": 106.85318145068474, "completition_cost": 1000.0, "overshoot_cost": 90.7504196394227, "power_cost": 13.781011486816407, "noise_cost": 16.753392235972694, "n_waypoints_completed": 0, "tot_waypoints": 9}}
{"target": -393.2244455582417, "params": {"k_pid_pos": [1.5067519373549063, 0.4277283224237705, 0.5066724457710892], "k_pid_alt": [1.1471347092249835, 0.17596414597476445, 0.43505298318434626], "k_pid_att": [11.557738198121163, 6.114473253948952, 0.09742942739560034], "k_pid_yaw": [0.5, 1e-06, 0.1], "k_pid_hsp": [5.894174371615908, 0.28353327653575444, 0.2569058111115852], "k_pid_vsp": [46.663140643955934, 346.8619086370706, 138.87209530275425]}, "datetime": {"datetime": "2025-08-21 23:59:20", "elapsed": 54877.19946408272, "delta": 40.74125385284424}, "costs": {"total_cost": 393.2244455582417, "time_cost": 93.024, "final_distance_cost": 1.7676129245744574, "oscillation_cost": 218.73141189185327, "completition_cost": 0.0, "overshoot_cost": 55.096965727541885, "power_cost": 13.314052343750001, "noise_cost": 11.290402670522122, "n_waypoints_completed": 9, "tot_waypoints": 9}}
{"target": -315.78087728526634, "params": {"k_pid_pos": [1.6195143594024892, 0.0, 0.0], "k_pid_alt": [2.0, 0.0, 1.0], "k_pid_att": [51.9474483192926, 1.793665415463583, 0.8267093800266841], "k_pid_yaw": [0.5, 1e-06, 0.1], "k_pid_hsp": [10.0, 0.41554618184389003, 0.8423134524817849], "k_pid_vsp": [122.13398295469781, 103.40410707285449, 59.236227228759866]}, "datetime": {"datetime": "2025-08-21 23:59:51", "elapsed": 54907.856415748596, "delta": 30.656951665878296}, "costs": {"total_cost": 315.78087728526634, "time_cost": 70.16, "final_distance_cost": 1.7668561986104387, "oscillation_cost": 170.2042913892834, "completition_cost": 0.0, "overshoot_cost": 51.664667962902726, "power_cost": 11.905038195800781, "noise_cost": 10.080023538668994, "n_waypoints_completed": 9, "tot_waypoints": 9}}
{"target": -1323.6157147737372, "params": {"k_pid_pos": [1.1132242478941237, 0.012468278329566651, 0.5818126325010837], "k_pid_alt": [0.6910004673233419, 0.16506925854149912, 0.6449816832155675], "k_pid_att": [19.562948439596518, 2.8690310074775307, 0.057653859752147985], "k_pid_yaw": [0.5, 1e-06, 0.1], "k_pid_hsp": [1.2276869477490095, 0.8438444777619427, 0.600260242060332], "k_pid_vsp": [50.74415925884112, 350.1048989264736, 137.45341980532714]}, "datetime": {"datetime": "2025-08-22 00:00:33", "elapsed": 54950.19995260239, "delta": 42.34353685379028}, "costs": {"total_cost": 1323.6157147737372, "time_cost": 150, "final_distance_cost": 50.581487843819076, "oscillation_cost": 332.9456102649067, "completition_cost": 666.6666666666667, "overshoot_cost": 50.731823918127276, "power_cost": 30.356967919921875, "noise_cost": 42.333158160295675, "n_waypoints_completed": 3, "tot_waypoints": 9}}
{"target": -343.1680575807735, "params": {"k_pid_pos": [2.0, 0.40784625174180084, 0.0], "k_pid_alt": [2.0, 0.0, 0.36389760205835836], "k_pid_att": [17.823970400997762, 3.7634766238588666, 0.6457583080312077], "k_pid_yaw": [0.5, 1e-06, 0.1], "k_pid_hsp": [8.031211392028476, 0.6469341444187625, 1.0], "k_pid_vsp": [387.6496353059957, 247.68188742782434, 123.35241661347753]}, "datetime": {"datetime": "2025-08-22 00:01:18", "elapsed": 54995.317766427994, "delta": 45.1178138256073}, "costs": {"total_cost": 343.1680575807735, "time_cost": 82.224, "final_distance_cost": 1.735846229219917, "oscillation_cost": 149.44232007922488, "completition_cost": 0.0, "overshoot_cost": 66.16299681117819, "power_cost": 24.041533459472657, "noise_cost": 19.56136100167788, "n_waypoints_completed": 9, "tot_waypoints": 9}}
{"target": -330.7259433142354, "params": {"k_pid_pos": [2.0, 0.0, 0.0], "k_pid_alt": [2.0, 0.0, 1.0], "k_pid_att": [19.94386913121468, 5.895215650493862, 1.0], "k_pid_yaw": [0.5, 1e-06, 0.1], "k_pid_hsp": [7.800576775870438, 0.0, 1.0], "k_pid_vsp": [228.48976797459838, 391.5288644500853, 186.83973497445177]}, "datetime": {"datetime": "2025-08-22 00:01:49", "elapsed": 55025.83189725876, "delta": 30.51413083076477}, "costs": {"total_cost": 330.7259433142354, "time_cost": 71.28, "final_distance_cost": 1.7607216576816531, "oscillation_cost": 172.73279980328812, "completition_cost": 0.0, "overshoot_cost": 51.25080939381707, "power_cost": 19.394016845703128, "noise_cost": 14.30759561374544, "n_waypoints_completed": 9, "tot_waypoints": 9}}
{"target": -385.461230167036, "params": {"k_pid_pos": [1.4572297898730644, 0.01860061389028384, 0.6325195117031517], "k_pid_alt": [1.3756552592761313, 0.0, 0.9109263873056699], "k_pid_att": [9.21393591090926, 9.445236288355602, 0.0], "k_pid_yaw": [0.5, 1e-06, 0.1], "k_pid_hsp": [9.28026851000436, 0.7753099787161645, 0.19276649490391004], "k_pid_vsp": [270.4698356742235, 365.4056616509716, 26.786036167996095]}, "datetime": {"datetime": "2025-08-22 00:02:25", "elapsed": 55061.68805837631, "delta": 35.85616111755371}, "costs": {"total_cost": 385.461230167036, "time_cost": 75.44, "final_distance_cost": 1.8403413401281663, "oscillation_cost": 236.60421116382204, "completition_cost": 0.0, "overshoot_cost": 49.66380698610416, "power_cost": 11.62915078125, "noise_cost": 10.283719895731585, "n_waypoints_completed": 9, "tot_waypoints": 9}}
{"target": -684.6899263389308, "params": {"k_pid_pos": [2.0, 0.9259866078983899, 1.0], "k_pid_alt": [1.7191051618400695, 0.17599100435484183, 1.0], "k_pid_att": [52.08093712157279, 4.975537247679735, 0.7705245577835645], "k_pid_yaw": [0.5, 1e-06, 0.1], "k_pid_hsp": [2.238959616828153, 0.9964224362076103, 0.9233324477559545], "k_pid_vsp": [307.3396450322969, 46.187629389661176, 10.284983759757477]}, "datetime": {"datetime": "2025-08-22 00:03:12", "elapsed": 55108.81260895729, "delta": 47.124550580978394}, "costs": {"total_cost": 684.6899263389308, "time_cost": 150, "final_distance_cost": 63.423868234013675, "oscillation_cost": 161.50855362115033, "completition_cost": 222.2222222222222, "overshoot_cost": 52.928274178791455, "power_cost": 19.04199058837891, "noise_cost": 15.56501749437436, "n_waypoints_completed": 7, "tot_waypoints": 9}}
{"target": -805.9394337566557, "params": {"k_pid_pos": [1.1261977496366171, 0.07130667145299789, 0.5777201811753785], "k_pid_alt": [0.9545746633260686, 0.9466883723649391, 0.28400284202815473], "k_pid_att": [50.83607039182243, 7.5084484582480355, 0.5536532462908341], "k_pid_yaw": [0.5, 1e-06, 0.1], "k_pid_hsp": [4.195374662367989, 0.5182631640268361, 0.8944966896343359], "k_pid_vsp": [393.7360502040994, 119.31581059235394, 90.71651652949424]}, "datetime": {"datetime": "2025-08-22 00:04:02", "elapsed": 55158.466762304306, "delta": 49.65415334701538}, "costs": {"total_cost": 805.9394337566557, "time_cost": 150, "final_distance_cost": 64.51231992732833, "oscillation_cost": 285.46456356507827, "completition_cost": 222.2222222222222, "overshoot_cost": 52.20588867496911, "power_cost": 17.669196020507812, "noise_cost": 13.865243346550063, "n_waypoints_completed": 7, "tot_waypoints": 9}}
{"target": -738.8852807421814, "params": {"k_pid_pos": [2.0, 0.27487509396254384, 0.2654949897143797], "k_pid_alt": [0.0, 0.5544706442380394, 0.6155272487157032], "k_pid_att": [38.23690883209452, 5.1849398113255445, 0.6564402123880255], "k_pid_yaw": [0.5, 1e-06, 0.1], "k_pid_hsp": [9.107739636884613, 0.6296908450365513, 0.0], "k_pid_vsp": [102.99097293000149, 63.82119307333382, 29.694567463899794]}, "datetime": {"datetime": "2025-08-22 00:04:45", "elapsed": 55201.69602227211, "delta": 43.229259967803955}, "costs": {"total_cost": 738.8852807421814, "time_cost": 150, "final_distance_cost": 70.35569318716794, "oscillation_cost": 87.1410544961971, "completition_cost": 333.33333333333337, "overshoot_cost": 52.753609301989115, "power_cost": 25.861153222656252, "noise_cost": 19.440437200837604, "n_waypoints_completed": 6, "tot_waypoints": 9}}
{"target": -1470.8685319213942, "params": {"k_pid_pos": [1.991065777394291, 0.17527705872107335, 0.9492800941033361], "k_pid_alt": [0.06201981927176958, 0.6292174437384056, 0.12328851277508579], "k_pid_att": [52.58635091124888, 4.306236161653181, 0.7502643555260103], "k_pid_yaw": [0.5, 1e-06, 0.1], "k_pid_hsp": [1.6452973492184186, 0.8281694774744234, 0.8475225005910795], "k_pid_vsp": [125.26359655175305, 142.36713495515252, 122.55127342261049]}, "datetime": {"datetime": "2025-08-22 00:05:30", "elapsed": 55246.56455564499, "delta": 44.86853337287903}, "costs": {"total_cost": 1470.8685319213942, "time_cost": 150, "final_distance_cost": 40.99749761588117, "oscillation_cost": 318.7717554329773, "completition_cost": 888.8888888888888, "overshoot_cost": 39.45564988745251, "power_cost": 18.319799255371095, "noise_cost": 14.434940840823318, "n_waypoints_completed": 1, "tot_waypoints": 9}}
{"target": -592.6997919076218, "params": {"k_pid_pos": [1.763994395942224, 0.2656233187717405, 0.5756696233138018], "k_pid_alt": [1.2163342876845882, 0.2718664484237905, 0.10086497898346425], "k_pid_att": [62.06275859802426, 4.73836324312751, 0.7210868029066891], "k_pid_yaw": [0.5, 1e-06, 0.1], "k_pid_hsp": [3.245524842940585, 0.7718061114026752, 0.5697837986300307], "k_pid_vsp": [195.91826901066943, 49.551978670926275, 42.55651852488503]}, "datetime": {"datetime": "2025-08-22 00:06:12", "elapsed": 55289.2983546257, "delta": 42.73379898071289}, "costs": {"total_cost": 592.6997919076218, "time_cost": 150, "final_distance_cost": 46.94093294827449, "oscillation_cost": 190.58170265580554, "completition_cost": 111.11111111111116, "overshoot_cost": 54.70179440885266, "power_cost": 22.74120223388672, "noise_cost": 16.623048549691255, "n_waypoints_completed": 8, "tot_waypoints": 9}}
{"target": -484.40269810115774, "params": {"k_pid_pos": [0.4372827062012024, 0.6331855850542261, 0.18187680608904233], "k_pid_alt": [0.8799268716463364, 0.5463594359156224, 0.15614746471396979], "k_pid_att": [66.76059641915623, 7.3391729021737575, 0.7460791238092537], "k_pid_yaw": [0.5, 1e-06, 0.1], "k_pid_hsp": [5.917357764974119, 0.12997493509767855, 0.04498090877820604], "k_pid_vsp": [187.698115085322, 50.017768569582095, 44.43416312584803]}, "datetime": {"datetime": "2025-08-22 00:06:47", "elapsed": 55323.91620635986, "delta": 34.61785173416138}, "costs": {"total_cost": 484.40269810115774, "time_cost": 150, "final_distance_cost": 29.754547895812383, "oscillation_cost": 110.030691560265, "completition_cost": 111.11111111111116, "overshoot_cost": 54.12801893472366, "power_cost": 15.892505432128907, "noise_cost": 13.485823167116614, "n_waypoints_completed": 8, "tot_waypoints": 9}}
{"target": -341.61804471939075, "params": {"k_pid_pos": [2.0, 0.0, 1.0], "k_pid_alt": [2.0, 1.0, 1.0], "k_pid_att": [14.008043420137827, 3.0629147092365088, 0.0], "k_pid_yaw": [0.5, 1e-06, 0.1], "k_pid_hsp": [5.985081642503502, 1.0, 0.0], "k_pid_vsp": [330.4829235959606, 326.05841685252653, 16.880105048765813]}, "datetime": {"datetime": "2025-08-22 00:07:23", "elapsed": 55360.32498574257, "delta": 36.40877938270569}, "costs": {"total_cost": 341.61804471939075, "time_cost": 72.968, "final_distance_cost": 1.8132720548331425, "oscillation_cost": 193.9110586142524, "completition_cost": 0.0, "overshoot_cost": 49.44999432410044, "power_cost": 12.880902880859376, "noise_cost": 10.5948168453454, "n_waypoints_completed": 9, "tot_waypoints": 9}}
{"target": -1488.503038558718, "params": {"k_pid_pos": [2.0, 1.0, 0.0], "k_pid_alt": [0.0, 0.0, 1.0], "k_pid_att": [53.131912360604005, 10.0, 0.0], "k_pid_yaw": [0.5, 1e-06, 0.1], "k_pid_hsp": [10.0, 1.0, 0.0], "k_pid_vsp": [389.84087474275776, 114.79752080901723, 90.99543258521373]}, "datetime": {"datetime": "2025-08-22 00:08:13", "elapsed": 55410.29183793068, "delta": 49.96685218811035}, "costs": {"total_cost": 1488.503038558718, "time_cost": 150, "final_distance_cost": 8.224147456206895, "oscillation_cost": 149.45638364328406, "completition_cost": 1000.0, "overshoot_cost": 128.97104888000865, "power_cost": 18.49514942626953, "noise_cost": 33.3563091529485, "n_waypoints_completed": 0, "tot_waypoints": 9}}
{"target": -219.7280313004186, "params": {"k_pid_pos": [2.0, 0.0, 0.0], "k_pid_alt": [2.0, 0.0, 1.0], "k_pid_att": [11.18247116949392, 5.368267425061724, 1.0], "k_pid_yaw": [0.5, 1e-06, 0.1], "k_pid_hsp": [7.096019535777645, 1.0, 0.0], "k_pid_vsp": [47.42131656158993, 229.00346542929657, 84.90132897905978]}, "datetime": {"datetime": "2025-08-22 00:08:48", "elapsed": 55444.96989226341, "delta": 34.678054332733154}, "costs": {"total_cost": 219.7280313004186, "time_cost": 74.792, "final_distance_cost": 1.7676481268073325, "oscillation_cost": 62.30041759327065, "completition_cost": 0.0, "overshoot_cost": 52.27566155458138, "power_cost": 16.350298535156252, "noise_cost": 12.24200549060299, "n_waypoints_completed": 9, "tot_waypoints": 9}}
{"target": -327.00515276302264, "params": {"k_pid_pos": [2.0, 0.0, 0.0], "k_pid_alt": [2.0, 0.0, 1.0], "k_pid_att": [55.09420430692481, 1.7449629669676694, 0.0], "k_pid_yaw": [0.5, 1e-06, 0.1], "k_pid_hsp": [7.287867018131779, 0.4769883900472128, 1.0], "k_pid_vsp": [348.35356761954233, 213.2403084561087, 29.81966892766782]}, "datetime": {"datetime": "2025-08-22 00:09:30", "elapsed": 55486.67603826523, "delta": 41.706146001815796}, "costs": {"total_cost": 327.00515276302264, "time_cost": 75.688, "final_distance_cost": 1.7509539545564667, "oscillation_cost": 166.46151779798726, "completition_cost": 0.0, "overshoot_cost": 51.5709010652148, "power_cost": 17.859048718261718, "noise_cost": 13.674731227002443, "n_waypoints_completed": 9, "tot_waypoints": 9}}
{"target": -211.7424333011606, "params": {"k_pid_pos": [2.0, 0.0, 1.0], "k_pid_alt": [2.0, 1.0, 0.0], "k_pid_att": [19.596192530386364, 2.0313702682925574, 1.0], "k_pid_yaw": [0.5, 1e-06, 0.1], "k_pid_hsp": [6.972871276162742, 0.0, 0.0], "k_pid_vsp": [336.1407853556402, 325.136866248282, 14.16862157645428]}, "datetime": {"datetime": "2025-08-22 00:10:04", "elapsed": 55521.11186981201, "delta": 34.43583154678345}, "costs": {"total_cost": 211.7424333011606, "time_cost": 76.328, "final_distance_cost": 1.7997024499990553, "oscillation_cost": 55.08854086694565, "completition_cost": 0.0, "overshoot_cost": 51.02157013741582, "power_cost": 15.551962329101563, "noise_cost": 11.952657517698468, "n_waypoints_completed": 9, "tot_waypoints": 9}}
{"target": -664.9640506333993, "params": {"k_pid_pos": [0.913227256161487, 0.837549474894872, 0.8573756981144797], "k_pid_alt": [0.18440420145854386, 0.36211280692102166, 0.38026538933689313], "k_pid_att": [3.3778957512763608, 6.640238067109595, 0.48490397254088036], "k_pid_yaw": [0.5, 1e-06, 0.1], "k_pid_hsp": [3.817756699258492, 0.27944578308734047, 0.2532164251302119], "k_pid_vsp": [103.74904563972187, 301.1046912756092, 105.27264502398795]}, "datetime": {"datetime": "2025-08-22 00:10:38", "elapsed": 55555.05120038986, "delta": 33.93933057785034}, "costs": {"total_cost": 664.9640506333993, "time_cost": 150, "final_distance_cost": 70.86357013247266, "oscillation_cost": 132.46658116427912, "completition_cost": 222.2222222222222, "overshoot_cost": 57.941451810684576, "power_cost": 18.093456066894532, "noise_cost": 13.376769236846304, "n_waypoints_completed": 7, "tot_waypoints": 9}}
{"target": -584.2917818928507, "params": {"k_pid_pos": [2.0, 0.0, 0.00463710768011448], "k_pid_alt": [2.0, 0.31995067901944907, 1.0], "k_pid_att": [48.05425263949856, 1.3069124912296695, 0.0], "k_pid_yaw": [0.5, 1e-06, 0.1], "k_pid_hsp": [10.0, 0.9970547955030484, 0.0], "k_pid_vsp": [115.51970880678527, 324.9553178983168, 180.82542017980808]}, "datetime": {"datetime": "2025-08-22 00:11:22", "elapsed": 55599.384187698364, "delta": 44.3329873085022}, "costs": {"total_cost": 584.2917818928507, "time_cost": 150, "final_distance_cost": 7.082994870071299, "oscillation_cost": 221.01683644016376, "completition_cost": 111.11111111111116, "overshoot_cost": 57.28966712488143, "power_cost": 21.652465722656252, "noise_cost": 16.138706623966797, "n_waypoints_completed": 8, "tot_waypoints": 9}}
{"target": -241.17375831374815, "params": {"k_pid_pos": [2.0, 0.0, 1.0], "k_pid_alt": [2.0, 1.0, 0.0], "k_pid_att": [35.86291752014169, 2.821352317822929, 1.0], "k_pid_yaw": [0.5, 1e-06, 0.1], "k_pid_hsp": [6.95406734531879, 1.0, 0.0], "k_pid_vsp": [95.39117998153046, 63.972946608797216, 34.5288345354524]}, "datetime": {"datetime": "2025-08-22 00:11:54", "elapsed": 55630.76197385788, "delta": 31.37778615951538}, "costs": {"total_cost": 241.17375831374815, "time_cost": 82.60000000000001, "final_distance_cost": 1.7672995795525681, "oscillation_cost": 75.96703871031029, "completition_cost": 0.0, "overshoot_cost": 53.78236353940845, "power_cost": 15.222264965820314, "noise_cost": 11.834791518656518, "n_waypoints_completed": 9, "tot_waypoints": 9}}
{"target": -245.24330092753763, "params": {"k_pid_pos": [2.0, 0.6636288849099831, 0.5303316505427514], "k_pid_alt": [1.3473012698425422, 0.39508232730140197, 0.21627990909721997], "k_pid_att": [97.2367231864856, 7.05763171946448, 0.6394034793576479], "k_pid_yaw": [0.5, 1e-06, 0.1], "k_pid_hsp": [6.663478927471643, 0.17141136829811626, 0.0], "k_pid_vsp": [248.87687695245057, 318.6119935448564, 4.281147476290818]}, "datetime": {"datetime": "2025-08-22 00:12:35", "elapsed": 55672.26689743996, "delta": 41.504923582077026}, "costs": {"total_cost": 245.24330092753763, "time_cost": 92.496, "final_distance_cost": 1.757553680400998, "oscillation_cost": 60.0865638880698, "completition_cost": 0.0, "overshoot_cost": 54.303357739693055, "power_cost": 20.21064091796875, "noise_cost": 16.38918470140504, "n_waypoints_completed": 9, "tot_waypoints": 9}}
{"target": -428.39790419031954, "params": {"k_pid_pos": [2.0, 0.0, 1.0], "k_pid_alt": [2.0, 1.0, 0.0], "k_pid_att": [11.606642587355347, 4.863350773249954, 0.0], "k_pid_yaw": [0.5, 1e-06, 0.1], "k_pid_hsp": [10.0, 0.0, 0.0], "k_pid_vsp": [354.0819192326247, 371.34786940709506, 201.18629317142785]}, "datetime": {"datetime": "2025-08-22 00:13:12", "elapsed": 55709.1632297039, "delta": 36.89633226394653}, "costs": {"total_cost": 428.39790419031954, "time_cost": 85.952, "final_distance_cost": 1.7257279102835363, "oscillation_cost": 256.2972944948241, "completition_cost": 0.0, "overshoot_cost": 54.78590412192587, "power_cost": 16.928279357910156, "noise_cost": 12.708698305375957, "n_waypoints_completed": 9, "tot_waypoints": 9}}
{"target": -1091.8539249288099, "params": {"k_pid_pos": [1.4364277078910899, 0.9244403249232226, 0.09086904507751048], "k_pid_alt": [0.7363789984365767, 0.9856957491735889, 0.07741521559680109], "k_pid_att": [54.60845989860631, 4.966646870899756, 0.7698179547356983], "k_pid_yaw": [0.5, 1e-06, 0.1], "k_pid_hsp": [5.9220552553578765, 0.20425869644311412, 0.6405313472268497], "k_pid_vsp": [5.731615583071292, 361.12590199071616, 8.138201801113805]}, "datetime": {"datetime": "2025-08-22 00:14:00", "elapsed": 55757.12442088127, "delta": 47.961191177368164}, "costs": {"total_cost": 1091.8539249288099, "time_cost": 150, "final_distance_cost": 45.5818599584537, "oscillation_cost": 133.00842795275705, "completition_cost": 666.6666666666667, "overshoot_cost": 58.42549646669304, "power_cost": 22.629970483398438, "noise_cost": 15.541503400841114, "n_waypoints_completed": 3, "tot_waypoints": 9}}
