{"target": -698.9823750929366, "params": {"k_pid_pos": [0.9201873812026361, 0.1832423850501792, 0.15602442685659323], "k_pid_alt": [1.841597599959544, 0.7046435417363163, 0.2778863691658481], "k_pid_att": [37.2741182724306, 0.003337398947056896, 0.8931081475873152], "k_pid_yaw": [0.5, 1e-06, 0.1], "k_pid_hsp": [4.196568672147708, 0.9689389878029222, 0.619609719272598], "k_pid_vsp": [317.2703799768996, 5.112196992260514, 298.64632022209344]}, "datetime": {"datetime": "2025-08-21 10:58:24", "elapsed": 8021.228487968445, "delta": 23.425370693206787}, "costs": {"total_cost": 698.9823750929366, "time_cost": 150, "final_distance_cost": 70.1716290738034, "oscillation_cost": 162.1447761016644, "completition_cost": 222.2222222222222, "overshoot_cost": 65.41814285497408, "power_cost": 15.676450366210938, "noise_cost": 13.349154474061578, "n_waypoints_completed": 7, "tot_waypoints": 9}}
{"target": -1284.4942372400062, "params": {"k_pid_pos": [0.8793433860419768, 0.9747456393727184, 0.9596987648520041], "k_pid_alt": [0.4368555139599304, 0.2774531536869794, 0.40844510318710214], "k_pid_att": [79.79242881581922, 1.073014198901269, 0.3645802002957118], "k_pid_yaw": [0.5, 1e-06, 0.1], "k_pid_hsp": [4.722472028933349, 0.6773357003219403, 0.8788766351982408], "k_pid_vsp": [75.54545342857008, 130.9368928459441, 153.30516607987283]}, "datetime": {"datetime": "2025-08-21 10:58:48", "elapsed": 8044.599009037018, "delta": 23.370521068572998}, "costs": {"total_cost": 1284.4942372400062, "time_cost": 150, "final_distance_cost": 89.75946849016832, "oscillation_cost": 165.9721729572348, "completition_cost": 777.7777777777778, "overshoot_cost": 54.0657083653008, "power_cost": 27.200631018066407, "noise_cost": 19.718478631457998, "n_waypoints_completed": 2, "tot_waypoints": 9}}
{"target": -328.22466664559227, "params": {"k_pid_pos": [0.6123139280875498, 0.06112800899236681, 0.011151888309791413], "k_pid_alt": [0.9812364515008745, 0.6237700859461365, 0.4640729989935849], "k_pid_att": [11.427102095910014, 9.697225748083273, 0.5828186102387763], "k_pid_yaw": [0.5, 1e-06, 0.1], "k_pid_hsp": [3.4025201357988357, 0.5918305551821994, 0.17672643378530484], "k_pid_vsp": [340.9152435687853, 347.5643597302417, 356.382763013971]}, "datetime": {"datetime": "2025-08-21 10:59:11", "elapsed": 8067.525442838669, "delta": 22.926433801651}, "costs": {"total_cost": 328.22466664559227, "time_cost": 98.224, "final_distance_cost": 1.8469473145587467, "oscillation_cost": 136.16762727467756, "completition_cost": 0.0, "overshoot_cost": 61.07278474140806, "power_cost": 17.389707946777346, "noise_cost": 13.523599368170592, "n_waypoints_completed": 9, "tot_waypoints": 9}}
{"target": -3574.8506754160367, "params": {"k_pid_pos": [0.9559447153699314, 0.5328541899775646, 0.601644825454767], "k_pid_alt": [1.6783137776163004, 0.4479214515900286, 0.5829293177127733], "k_pid_att": [9.103600860443283, 6.764450790254455, 0.7242274273952619], "k_pid_yaw": [0.5, 1e-06, 0.1], "k_pid_hsp": [7.437043757334421, 0.14518847461857276, 0.46964929293091107], "k_pid_vsp": [52.201820359448625, 53.46825336896952, 335.22463546722054]}, "datetime": {"datetime": "2025-08-21 10:59:35", "elapsed": 8091.486925125122, "delta": 23.961482286453247}, "costs": {"total_cost": 3574.8506754160367, "time_cost": 150, "final_distance_cost": 910.8981500583855, "oscillation_cost": 161.74722889370432, "completition_cost": 888.8888888888888, "overshoot_cost": 1427.8260028162074, "power_cost": 18.879747790527343, "noise_cost": 16.610656968323728, "n_waypoints_completed": 1, "tot_waypoints": 9}}
{"target": -1724.636104428214, "params": {"k_pid_pos": [0.48786949847259464, 0.9356960139695758, 0.07533453498632248], "k_pid_alt": [1.864604930811307, 0.16146265240669877, 0.9144465921009578], "k_pid_att": [1.5147464697540691, 9.32926295235184, 0.011218176873769692], "k_pid_yaw": [0.5, 1e-06, 0.1], "k_pid_hsp": [3.7804418091835092, 0.05098269915280296, 0.10612438779992761], "k_pid_vsp": [373.88702548092635, 10.040951397896242, 189.71662126632154]}, "datetime": {"datetime": "2025-08-21 10:59:58", "elapsed": 8115.419420003891, "delta": 23.93249487876892}, "costs": {"total_cost": 1724.636104428214, "time_cost": 150, "final_distance_cost": 90.98609715408845, "oscillation_cost": 579.1398290318558, "completition_cost": 777.7777777777778, "overshoot_cost": 73.06205533184914, "power_cost": 32.24622935791016, "noise_cost": 21.42411577473246, "n_waypoints_completed": 2, "tot_waypoints": 9}}
{"target": -1246.6774006675928, "params": {"k_pid_pos": [1.82094972620301, 0.43884971521990346, 0.5654468916599463], "k_pid_alt": [1.5071729245221128, 0.6792615109467403, 0.3305491030568969], "k_pid_att": [15.632936325626412, 4.286171215484193, 0.38575558193343273], "k_pid_yaw": [0.5, 1e-06, 0.1], "k_pid_hsp": [1.269152238785982, 0.9672945419992153, 0.004115624786654615], "k_pid_vsp": [396.1981623119161, 209.28768375699937, 356.55743624396047]}, "datetime": {"datetime": "2025-08-21 11:00:22", "elapsed": 8138.634194850922, "delta": 23.21477484703064}, "costs": {"total_cost": 1246.6774006675928, "time_cost": 150, "final_distance_cost": 57.812791567570855, "oscillation_cost": 20.747153104616547, "completition_cost": 888.8888888888888, "overshoot_cost": 82.2016399891244, "power_cost": 27.976640332031252, "noise_cost": 19.050286785360637, "n_waypoints_completed": 1, "tot_waypoints": 9}}
{"target": -1233.4197901410407, "params": {"k_pid_pos": [1.7900204576951886, 0.4783132757105033, 0.7726832708894108], "k_pid_alt": [1.8215183174276741, 0.8138151354723637, 0.33728433854743956], "k_pid_att": [3.1319904716550107, 7.335533652706718, 0.9561447013531551], "k_pid_yaw": [0.5, 1e-06, 0.1], "k_pid_hsp": [2.3625368903624553, 0.9340898646134529, 0.6537508521723746], "k_pid_vsp": [175.17654789938405, 111.63021112034706, 138.16584811547685]}, "datetime": {"datetime": "2025-08-21 11:00:45", "elapsed": 8161.801820516586, "delta": 23.167625665664673}, "costs": {"total_cost": 1233.4197901410407, "time_cost": 150, "final_distance_cost": 43.398067617071696, "oscillation_cost": 269.35163616415974, "completition_cost": 666.6666666666667, "overshoot_cost": 61.18388448250429, "power_cost": 24.12753603515625, "noise_cost": 18.69199917548193, "n_waypoints_completed": 3, "tot_waypoints": 9}}
{"target": -1610.3757432018172, "params": {"k_pid_pos": [0.7814879019071151, 0.8758821087590771, 0.18548646582449846], "k_pid_alt": [0.859002610902118, 0.9208837685460449, 0.4171423838006001], "k_pid_att": [37.77703269583742, 0.6230177788416659, 0.9413772847110612], "k_pid_yaw": [0.5, 1e-06, 0.1], "k_pid_hsp": [0.10846890421893907, 0.6112861203811275, 0.7012666008792462], "k_pid_vsp": [79.85235659012359, 171.68748206234486, 309.01383271937937]}, "datetime": {"datetime": "2025-08-21 11:01:08", "elapsed": 8185.291205406189, "delta": 23.48938488960266}, "costs": {"total_cost": 1610.3757432018172, "time_cost": 150, "final_distance_cost": 69.3551917304242, "oscillation_cost": 193.20178205456824, "completition_cost": 1000.0, "overshoot_cost": 152.2143389785593, "power_cost": 20.907130737304687, "noise_cost": 24.69729970096086, "n_waypoints_completed": 0, "tot_waypoints": 9}}
{"target": -1340.1713142146834, "params": {"k_pid_pos": [0.9045761989144777, 0.8946282388424521, 0.14104832658023858], "k_pid_alt": [0.435685462782168, 0.36383486052983705, 0.2754164109079681], "k_pid_att": [37.1588634520462, 7.854977856385896, 0.9738347786688114], "k_pid_yaw": [0.5, 1e-06, 0.1], "k_pid_hsp": [1.883334322997508, 0.953764354620585, 0.03773989719413784], "k_pid_vsp": [333.7527560731777, 343.0554060996061, 382.4271861583772]}, "datetime": {"datetime": "2025-08-21 11:01:32", "elapsed": 8208.60904955864, "delta": 23.31784415245056}, "costs": {"total_cost": 1340.1713142146834, "time_cost": 150, "final_distance_cost": 46.43875945737794, "oscillation_cost": 67.66005151609234, "completition_cost": 1000.0, "overshoot_cost": 36.06387591931744, "power_cost": 23.431727697753907, "noise_cost": 16.5768996241415, "n_waypoints_completed": 0, "tot_waypoints": 9}}
{"target": -1327.2963250739103, "params": {"k_pid_pos": [0.25760970591986393, 0.31501675698401566, 0.32384357961806975], "k_pid_alt": [0.31819924490570006, 0.7556415998271605, 0.1490646984836429], "k_pid_att": [54.95011296840454, 3.3089818000037265, 0.3325707866387404], "k_pid_yaw": [0.5, 1e-06, 0.1], "k_pid_hsp": [1.142983759822844, 0.7505274459728938, 0.4320746229471081], "k_pid_vsp": [240.24365266700843, 126.16328573091987, 56.732921061742154]}, "datetime": {"datetime": "2025-08-21 11:01:55", "elapsed": 8231.974640130997, "delta": 23.365590572357178}, "costs": {"total_cost": 1327.2963250739103, "time_cost": 150, "final_distance_cost": 79.60333856228188, "oscillation_cost": 225.5075866089603, "completition_cost": 777.7777777777778, "overshoot_cost": 49.24131893331507, "power_cost": 26.586055529785156, "noise_cost": 18.580247661790022, "n_waypoints_completed": 2, "tot_waypoints": 9}}
{"target": -937.4552507672646, "params": {"k_pid_pos": [1.5274592594915968, 0.5775316337740818, 0.24351792400235062], "k_pid_alt": [0.2856472401735086, 0.42618642594708256, 0.8075896520996917], "k_pid_att": [10.184348312982872, 3.71519069253698, 0.5848775387097945], "k_pid_yaw": [0.5, 1e-06, 0.1], "k_pid_hsp": [9.782072862525439, 0.61947872979218, 0.2945483237535357], "k_pid_vsp": [392.80372232734317, 160.97285970292543, 319.11577232394774]}, "datetime": {"datetime": "2025-08-21 11:02:18", "elapsed": 8255.324147462845, "delta": 23.349507331848145}, "costs": {"total_cost": 937.4552507672646, "time_cost": 150, "final_distance_cost": 46.30530582188494, "oscillation_cost": 207.47398185720164, "completition_cost": 444.4444444444444, "overshoot_cost": 49.976648963421766, "power_cost": 21.716371130371094, "noise_cost": 17.53849854994084, "n_waypoints_completed": 5, "tot_waypoints": 9}}
{"target": -1023.2704781215845, "params": {"k_pid_pos": [0.2622336705514536, 0.19749456259431108, 0.5987719813251646], "k_pid_alt": [1.5745229401053402, 0.5347972416573767, 0.46745027594319255], "k_pid_att": [92.59079289868289, 0.9884112601913554, 0.8424802271627602], "k_pid_yaw": [0.5, 1e-06, 0.1], "k_pid_hsp": [8.574866303530094, 0.20478426505664926, 0.25904591530787013], "k_pid_vsp": [329.9713944653187, 91.05870826423453, 150.39685755662398]}, "datetime": {"datetime": "2025-08-21 11:02:42", "elapsed": 8278.59762763977, "delta": 23.27348017692566}, "costs": {"total_cost": 1023.2704781215845, "time_cost": 150, "final_distance_cost": 72.05370143906308, "oscillation_cost": 381.69952700227907, "completition_cost": 333.33333333333337, "overshoot_cost": 49.51134192949415, "power_cost": 20.736613891601564, "noise_cost": 15.935960525813226, "n_waypoints_completed": 6, "tot_waypoints": 9}}
{"target": -1459.4424596371566, "params": {"k_pid_pos": [1.8797837657223233, 0.8088374408077236, 0.18826226876289365], "k_pid_alt": [1.1161935194897739, 0.38738787698595945, 0.4656483939589653], "k_pid_att": [36.18962814867014, 8.459012278148712, 0.33654461320048257], "k_pid_yaw": [0.5, 1e-06, 0.1], "k_pid_hsp": [8.79459350990339, 0.4945125509371998, 0.600269352166496], "k_pid_vsp": [186.45035585632823, 244.61379768328342, 360.38703242276006]}, "datetime": {"datetime": "2025-08-21 11:03:05", "elapsed": 8301.89468383789, "delta": 23.297056198120117}, "costs": {"total_cost": 1459.4424596371566, "time_cost": 150, "final_distance_cost": 88.03448841670235, "oscillation_cost": 286.6178878338091, "completition_cost": 777.7777777777778, "overshoot_cost": 93.19329003851824, "power_cost": 22.287738598632814, "noise_cost": 41.53127697171643, "n_waypoints_completed": 2, "tot_waypoints": 9}}
{"target": -1065.1482235576702, "params": {"k_pid_pos": [0.39680755638465676, 0.8805454554566079, 0.9662617635713271], "k_pid_alt": [1.419194572603336, 0.2758364473549443, 0.32398629351693653], "k_pid_att": [19.262102586344277, 8.389702705395797, 0.9686667367998899], "k_pid_yaw": [0.5, 1e-06, 0.1], "k_pid_hsp": [0.8875862602311659, 0.8602750491508087, 0.39141336446604924], "k_pid_vsp": [379.32065079639614, 384.9464686299404, 98.98952361717643]}, "datetime": {"datetime": "2025-08-21 11:03:29", "elapsed": 8325.463298082352, "delta": 23.56861424446106}, "costs": {"total_cost": 1065.1482235576702, "time_cost": 150, "final_distance_cost": 51.09891858002939, "oscillation_cost": 214.45278879459394, "completition_cost": 555.5555555555555, "overshoot_cost": 51.34760076796835, "power_cost": 25.39574403076172, "noise_cost": 17.297615828761284, "n_waypoints_completed": 4, "tot_waypoints": 9}}
{"target": -1045.6526788573606, "params": {"k_pid_pos": [0.6524880563368913, 0.8815382299844604, 0.28894721959351866], "k_pid_alt": [0.0882177432967457, 0.25873525615832027, 0.24150633644091923], "k_pid_att": [32.823444121426746, 0.8967291276375824, 0.6816337148044083], "k_pid_yaw": [0.5, 1e-06, 0.1], "k_pid_hsp": [4.08831686311192, 0.32504409051830374, 0.2513278275064088], "k_pid_vsp": [224.87754480549458, 342.4330013668552, 284.05842717746714]}, "datetime": {"datetime": "2025-08-21 11:03:52", "elapsed": 8348.506157159805, "delta": 23.042859077453613}, "costs": {"total_cost": 1045.6526788573606, "time_cost": 150, "final_distance_cost": 41.85249172533386, "oscillation_cost": 194.8056466145509, "completition_cost": 555.5555555555555, "overshoot_cost": 62.236003572234466, "power_cost": 24.17546278076172, "noise_cost": 17.02751860892407, "n_waypoints_completed": 4, "tot_waypoints": 9}}
{"target": -2108.5815464671227, "params": {"k_pid_pos": [1.4760218058063923, 0.5768056998695239, 0.4352994337353897], "k_pid_alt": [0.8236192517373357, 0.8997108296668498, 0.2536937588406184], "k_pid_att": [99.64142115710867, 5.206175745639007, 0.8640878568598087], "k_pid_yaw": [0.5, 1e-06, 0.1], "k_pid_hsp": [6.635444086453486, 0.9534537250464681, 0.7518264243523677], "k_pid_vsp": [34.64755808078963, 289.7404723745857, 340.6262551134252]}, "datetime": {"datetime": "2025-08-21 11:04:15", "elapsed": 8371.713083744049, "delta": 23.206926584243774}, "costs": {"total_cost": 2108.5815464671227, "time_cost": 150, "final_distance_cost": 454.2975920787842, "oscillation_cost": 322.71577271074295, "completition_cost": 777.7777777777778, "overshoot_cost": 364.24012073690653, "power_cost": 20.755117114257814, "noise_cost": 18.795166048653094, "n_waypoints_completed": 2, "tot_waypoints": 9}}
{"target": -1453.8746468572037, "params": {"k_pid_pos": [1.820212300137365, 0.16135331056861435, 0.6965648376176817], "k_pid_alt": [0.06931000918711194, 0.6520516392189185, 0.25248819443833304], "k_pid_att": [6.137123862692295, 6.17666214928632, 0.6111951906760246], "k_pid_yaw": [0.5, 1e-06, 0.1], "k_pid_hsp": [5.3072579539693345, 0.24943644603294957, 0.2762525486287094], "k_pid_vsp": [253.9168997712648, 105.32242169446197, 320.9746586830133]}, "datetime": {"datetime": "2025-08-21 11:04:38", "elapsed": 8394.836951732635, "delta": 23.123867988586426}, "costs": {"total_cost": 1453.8746468572037, "time_cost": 150, "final_distance_cost": 110.92234101807101, "oscillation_cost": 166.44957587829023, "completition_cost": 888.8888888888888, "overshoot_cost": 107.34131202470327, "power_cost": 16.846360400390626, "noise_cost": 13.426168646859775, "n_waypoints_completed": 1, "tot_waypoints": 9}}
{"target": -956.1763623510608, "params": {"k_pid_pos": [0.6679627650368443, 0.2203269760840636, 0.37243632074356914], "k_pid_alt": [1.4145589929160727, 0.49763911000125816, 0.0578308976296944], "k_pid_att": [11.096890503401358, 6.685140860655187, 0.21046989327152943], "k_pid_yaw": [0.5, 1e-06, 0.1], "k_pid_hsp": [5.2727252615984685, 0.27914972189901177, 0.0630466480887748], "k_pid_vsp": [306.78900907079225, 60.35171697167654, 271.40988721601383]}, "datetime": {"datetime": "2025-08-21 11:05:02", "elapsed": 8418.51103258133, "delta": 23.674080848693848}, "costs": {"total_cost": 956.1763623510608, "time_cost": 150, "final_distance_cost": 54.07103082492519, "oscillation_cost": 225.2779631458054, "completition_cost": 444.4444444444444, "overshoot_cost": 46.62589544431486, "power_cost": 18.458935595703124, "noise_cost": 17.298092895867853, "n_waypoints_completed": 5, "tot_waypoints": 9}}
{"target": -1213.3506740362188, "params": {"k_pid_pos": [0.20258861989124663, 0.7805712598195232, 0.10081243725176514], "k_pid_alt": [0.04628402593068426, 0.051889149529720235, 0.9518684541582472], "k_pid_att": [37.06334983730159, 7.409782929904714, 0.28159241637371424], "k_pid_yaw": [0.5, 1e-06, 0.1], "k_pid_hsp": [8.684209098586779, 0.47077812222757465, 0.7982675042935757], "k_pid_vsp": [322.0922937492908, 148.1571526252575, 215.79417940103517]}, "datetime": {"datetime": "2025-08-21 11:05:25", "elapsed": 8441.706631422043, "delta": 23.1955988407135}, "costs": {"total_cost": 1213.3506740362188, "time_cost": 150, "final_distance_cost": 89.75715671965229, "oscillation_cost": 112.61231066069473, "completition_cost": 777.7777777777778, "overshoot_cost": 49.87152641514474, "power_cost": 18.741317993164063, "noise_cost": 14.590584469785272, "n_waypoints_completed": 2, "tot_waypoints": 9}}
{"target": -879.6898168064201, "params": {"k_pid_pos": [0.4316366649748807, 0.7199977802082469, 0.1960999277133577], "k_pid_alt": [1.1222353592488927, 0.9232591645957807, 0.8481172594918002], "k_pid_att": [23.604501508555188, 6.494657777557574, 0.031383435565838336], "k_pid_yaw": [0.5, 1e-06, 0.1], "k_pid_hsp": [7.249673818093676, 0.024855886915745584, 0.6877411409937222], "k_pid_vsp": [97.42907619479935, 286.65599411225816, 51.32213683288226]}, "datetime": {"datetime": "2025-08-21 11:05:48", "elapsed": 8465.066576719284, "delta": 23.35994529724121}, "costs": {"total_cost": 879.6898168064201, "time_cost": 150, "final_distance_cost": 69.85905253180373, "oscillation_cost": 244.6747299856941, "completition_cost": 333.33333333333337, "overshoot_cost": 46.10726798748389, "power_cost": 19.833740673828125, "noise_cost": 15.881692294276913, "n_waypoints_completed": 6, "tot_waypoints": 9}}
{"target": -1651.1781541300131, "params": {"k_pid_pos": [0.01819560619846979, 0.4469162654013864, 0.9711556488323099], "k_pid_alt": [0.15321849938693766, 0.16070400748364133, 0.7894323569092608], "k_pid_att": [88.51053327978988, 7.0197727586663206, 0.018229677148869028], "k_pid_yaw": [0.5, 1e-06, 0.1], "k_pid_hsp": [9.069466922741, 0.8846547734280666, 0.2963454795117294], "k_pid_vsp": [242.53884632984924, 181.30113312732843, 346.5218972253588]}, "datetime": {"datetime": "2025-08-21 11:06:11", "elapsed": 8488.348906040192, "delta": 23.282329320907593}, "costs": {"total_cost": 1651.1781541300131, "time_cost": 150, "final_distance_cost": 68.67157446511307, "oscillation_cost": 404.8784398879708, "completition_cost": 888.8888888888888, "overshoot_cost": 103.20334616627737, "power_cost": 19.68213942871094, "noise_cost": 15.853765293051959, "n_waypoints_completed": 1, "tot_waypoints": 9}}
{"target": -2086.7386678660464, "params": {"k_pid_pos": [0.1986204436244108, 0.09373215967662707, 0.2221804680499142], "k_pid_alt": [1.4496829341422202, 0.006839546241108274, 0.31475873900446094], "k_pid_att": [1.3002537072987375, 9.49909494091699, 0.7158280934631732], "k_pid_yaw": [0.5, 1e-06, 0.1], "k_pid_hsp": [6.686367952398956, 0.6727665721136218, 0.7338694732929532], "k_pid_vsp": [292.22146337442035, 125.38794195476724, 114.99249791926238]}, "datetime": {"datetime": "2025-08-21 11:06:35", "elapsed": 8511.678705692291, "delta": 23.32979965209961}, "costs": {"total_cost": 2086.7386678660464, "time_cost": 150, "final_distance_cost": 4.770439479417971, "oscillation_cost": 673.0798855647373, "completition_cost": 1000.0, "overshoot_cost": 133.06333777827956, "power_cost": 34.959219750976565, "noise_cost": 90.86578529263483, "n_waypoints_completed": 0, "tot_waypoints": 9}}
{"target": -978.9491903797331, "params": {"k_pid_pos": [1.4639414917212796, 0.7889425191748618, 0.7174469780289091], "k_pid_alt": [1.0566467724258077, 0.9318382321896395, 0.9354931045907615], "k_pid_att": [77.61789187699868, 4.956970514596103, 0.04706390785731129], "k_pid_yaw": [0.5, 1e-06, 0.1], "k_pid_hsp": [0.854444624041504, 0.6142704763578536, 0.27403843821236773], "k_pid_vsp": [110.4627224132957, 347.9140562151087, 116.2059715189664]}, "datetime": {"datetime": "2025-08-21 11:06:58", "elapsed": 8535.005742549896, "delta": 23.32703685760498}, "costs": {"total_cost": 978.9491903797331, "time_cost": 150, "final_distance_cost": 45.00074613361933, "oscillation_cost": 134.14082625257223, "completition_cost": 555.5555555555555, "overshoot_cost": 55.29879810553796, "power_cost": 21.844000915527346, "noise_cost": 17.109263416920726, "n_waypoints_completed": 4, "tot_waypoints": 9}}
{"target": -822.1688607786217, "params": {"k_pid_pos": [1.1713477547785707, 0.3749338597260168, 0.7419603732027168], "k_pid_alt": [1.4498557363202271, 0.29986441419412757, 0.13483532682571042], "k_pid_att": [56.99489081430716, 8.317327649051533, 0.38149491556508464], "k_pid_yaw": [0.5, 1e-06, 0.1], "k_pid_hsp": [3.804601702824646, 0.2118567572694089, 0.7480747380000793], "k_pid_vsp": [259.189070246844, 244.98748476810536, 63.34914462088734]}, "datetime": {"datetime": "2025-08-21 11:07:21", "elapsed": 8558.217301368713, "delta": 23.21155881881714}, "costs": {"total_cost": 822.1688607786217, "time_cost": 150, "final_distance_cost": 72.07157751550666, "oscillation_cost": 291.58704707482644, "completition_cost": 222.2222222222222, "overshoot_cost": 45.209662012077374, "power_cost": 23.723577612304688, "noise_cost": 17.354774341684312, "n_waypoints_completed": 7, "tot_waypoints": 9}}
