{"target": -1021.2050047037123, "params": {"k_pid_pos": [1.5493810486944999, 0.7570918836621608, 0.5849482521330016], "k_pid_alt": [0.02468834481065918, 0.18091702704336976, 0.6733910605606721], "k_pid_att": [49.92659564344575, 9.334660528605374, 0.13311816012371314], "k_pid_yaw": [0.5, 1e-06, 0.1], "k_pid_hsp": [9.171765612399668, 0.7112168004343578, 0.06659411485744193], "k_pid_vsp": [191.20167286433397, 297.08425701101964, 42.68507576920717]}, "datetime": {"datetime": "2025-08-21 12:23:52", "elapsed": 13149.01478433609, "delta": 23.78149390220642}, "costs": {"total_cost": 1021.2050047037123, "time_cost": 150, "final_distance_cost": 49.04791903144178, "oscillation_cost": 287.86855291517173, "completition_cost": 444.4444444444444, "overshoot_cost": 51.22345793634011, "power_cost": 20.877047143554687, "noise_cost": 17.74358323275968, "n_waypoints_completed": 5, "tot_waypoints": 9}}
{"target": -1142.9695606693435, "params": {"k_pid_pos": [1.9050869806563127, 0.3337891470085995, 0.3654662257358646], "k_pid_alt": [1.9778360289980368, 0.5353471970252447, 0.29959136600274106], "k_pid_att": [17.540002363887265, 2.669377127512957, 0.8665383795575681], "k_pid_yaw": [0.5, 1e-06, 0.1], "k_pid_hsp": [8.005096345119018, 0.8987449359321702, 0.07923101938738608], "k_pid_vsp": [189.6863532687556, 187.07377000422719, 361.8825229787171]}, "datetime": {"datetime": "2025-08-21 12:24:15", "elapsed": 13172.178308725357, "delta": 23.163524389266968}, "costs": {"total_cost": 1142.9695606693435, "time_cost": 150, "final_distance_cost": 93.65057157102206, "oscillation_cost": 70.72223261467255, "completition_cost": 666.6666666666667, "overshoot_cost": 122.60285890774634, "power_cost": 20.780020739746096, "noise_cost": 18.547210169489695, "n_waypoints_completed": 3, "tot_waypoints": 9}}
{"target": -1231.1182652416978, "params": {"k_pid_pos": [1.081596789641571, 0.9963619285091027, 0.7736783906329697], "k_pid_alt": [1.7315583488603445, 0.7276415238120019, 0.44065315006545014], "k_pid_att": [96.78161332301123, 0.6129107720646102, 0.687811139077277], "k_pid_yaw": [0.5, 1e-06, 0.1], "k_pid_hsp": [5.025765156115492, 0.5054664741962294, 0.6002389387875351], "k_pid_vsp": [155.34531892529859, 113.17148996220727, 305.905968934885]}, "datetime": {"datetime": "2025-08-21 12:24:39", "elapsed": 13195.786998271942, "delta": 23.608689546585083}, "costs": {"total_cost": 1231.1182652416978, "time_cost": 150, "final_distance_cost": 59.114476937022886, "oscillation_cost": 210.39535675156407, "completition_cost": 666.6666666666667, "overshoot_cost": 82.70199547517633, "power_cost": 29.411247900390627, "noise_cost": 32.82852151087707, "n_waypoints_completed": 3, "tot_waypoints": 9}}
{"target": -1224.245754581012, "params": {"k_pid_pos": [0.07882023613761, 0.8291428385453807, 0.03772353471140988], "k_pid_alt": [1.5155110225837736, 0.2461347892817214, 0.23285040519205547], "k_pid_att": [28.220331346073756, 4.282706672869318, 0.13485752070579615], "k_pid_yaw": [0.5, 1e-06, 0.1], "k_pid_hsp": [1.2104932354121987, 0.03202127419494283, 0.5788437681400804], "k_pid_vsp": [41.520097044249304, 164.84599849022197, 77.0976135355297]}, "datetime": {"datetime": "2025-08-21 12:25:03", "elapsed": 13219.45334148407, "delta": 23.666343212127686}, "costs": {"total_cost": 1224.245754581012, "time_cost": 150, "final_distance_cost": 62.252832052938565, "oscillation_cost": 235.03923288010898, "completition_cost": 666.6666666666667, "overshoot_cost": 64.10678479795897, "power_cost": 27.166101806640626, "noise_cost": 19.014136376698374, "n_waypoints_completed": 3, "tot_waypoints": 9}}
{"target": -1448.0966514828174, "params": {"k_pid_pos": [1.1802933943201481, 0.841221910041708, 0.32245691306153845], "k_pid_alt": [0.5433906332435827, 0.3873318219330566, 0.8692127811761065], "k_pid_att": [19.617129406035396, 5.480287405347758, 0.5307786203397412], "k_pid_yaw": [0.5, 1e-06, 0.1], "k_pid_hsp": [1.300222428084236, 0.5294033112331652, 0.21298317080628526], "k_pid_vsp": [121.81516632684075, 49.54440144402807, 387.31541808722346]}, "datetime": {"datetime": "2025-08-21 12:25:27", "elapsed": 13243.58060669899, "delta": 24.127265214920044}, "costs": {"total_cost": 1448.0966514828174, "time_cost": 150, "final_distance_cost": 4.048361444105202, "oscillation_cost": 62.593108022016615, "completition_cost": 1000.0, "overshoot_cost": 137.37961196483354, "power_cost": 22.721710900878907, "noise_cost": 71.35385915098333, "n_waypoints_completed": 0, "tot_waypoints": 9}}
{"target": -741.2440165803885, "params": {"k_pid_pos": [0.8827544884689049, 0.750386874730018, 0.3798139632910126], "k_pid_alt": [0.5422872771547731, 0.8708440841869554, 0.4899715134155568], "k_pid_att": [5.442185806530819, 6.610047544002662, 0.2558585677089493], "k_pid_yaw": [0.5, 1e-06, 0.1], "k_pid_hsp": [4.473465459001375, 0.22632377137581927, 0.09751218699892772], "k_pid_vsp": [280.0580557309956, 61.06228639424574, 139.1856026024823]}, "datetime": {"datetime": "2025-08-21 12:25:50", "elapsed": 13266.931289434433, "delta": 23.350682735443115}, "costs": {"total_cost": 741.2440165803885, "time_cost": 150, "final_distance_cost": 64.89284187206513, "oscillation_cost": 111.67854223981713, "completition_cost": 333.33333333333337, "overshoot_cost": 48.704669701204566, "power_cost": 17.91089665527344, "noise_cost": 14.72373277869484, "n_waypoints_completed": 6, "tot_waypoints": 9}}
{"target": -789.8148757144634, "params": {"k_pid_pos": [0.5241721977342415, 0.48993379845644003, 0.7637926956004883], "k_pid_alt": [1.637051982399296, 0.3741024039107227, 0.787275739108601], "k_pid_att": [33.25913439082032, 8.588427509505596, 0.2852985977774476], "k_pid_yaw": [0.5, 1e-06, 0.1], "k_pid_hsp": [8.184186422247262, 0.5307715177004261, 0.2377772790096805], "k_pid_vsp": [385.711913795492, 279.80619693270796, 46.9425061625357]}, "datetime": {"datetime": "2025-08-21 12:26:14", "elapsed": 13291.255666971207, "delta": 24.32437753677368}, "costs": {"total_cost": 789.8148757144634, "time_cost": 150, "final_distance_cost": 64.37334822686586, "oscillation_cost": 269.92410814134394, "completition_cost": 222.2222222222222, "overshoot_cost": 45.803984728848384, "power_cost": 21.492512402343753, "noise_cost": 15.998699992839198, "n_waypoints_completed": 7, "tot_waypoints": 9}}
{"target": -1325.0434599146681, "params": {"k_pid_pos": [0.2484044980918039, 0.27271748830320863, 0.8557141921788246], "k_pid_alt": [1.0586374928878106, 0.3760989679114676, 0.8293599718532956], "k_pid_att": [35.791020091602, 2.7805054868988166, 0.5696180829033256], "k_pid_yaw": [0.5, 1e-06, 0.1], "k_pid_hsp": [2.1882659908261517, 0.0660173561619104, 0.8500636729828508], "k_pid_vsp": [249.60115872896745, 43.79740344365371, 242.988251673017]}, "datetime": {"datetime": "2025-08-21 12:26:38", "elapsed": 13314.917402029037, "delta": 23.66173505783081}, "costs": {"total_cost": 1325.0434599146681, "time_cost": 150, "final_distance_cost": 57.080702690226076, "oscillation_cost": 358.6838275908246, "completition_cost": 666.6666666666667, "overshoot_cost": 55.211074050534975, "power_cost": 21.07004306640625, "noise_cost": 16.33114585000956, "n_waypoints_completed": 3, "tot_waypoints": 9}}
{"target": -1914.3281658920475, "params": {"k_pid_pos": [1.3147965708232805, 0.5017191081364758, 0.8559423428207207], "k_pid_alt": [0.1983868949869796, 0.8267190649112072, 0.5169243194072608], "k_pid_att": [92.37024732224678, 7.2751835018834035, 0.14406343711761593], "k_pid_yaw": [0.5, 1e-06, 0.1], "k_pid_hsp": [5.094681705020116, 0.2665745148073667, 0.9749264365864252], "k_pid_vsp": [8.961360976712651, 29.38738887001763, 304.94475485557786]}, "datetime": {"datetime": "2025-08-21 12:27:03", "elapsed": 13339.727772474289, "delta": 24.810370445251465}, "costs": {"total_cost": 1914.3281658920475, "time_cost": 150, "final_distance_cost": 206.93637755590905, "oscillation_cost": 301.7226498800737, "completition_cost": 888.8888888888888, "overshoot_cost": 322.64538650936214, "power_cost": 24.607966748046877, "noise_cost": 19.526896309766997, "n_waypoints_completed": 1, "tot_waypoints": 9}}
{"target": -1374.3931705233852, "params": {"k_pid_pos": [0.2593387113296074, 0.5468970907526441, 0.14377877896620772], "k_pid_alt": [0.06617213880683082, 0.7539759591417066, 0.9108686742545514], "k_pid_att": [84.04749899596257, 4.388046524426093, 0.3063181234410265], "k_pid_yaw": [0.5, 1e-06, 0.1], "k_pid_hsp": [3.4438226116425503, 0.7632087537882815, 0.847080415793404], "k_pid_vsp": [391.0334866305768, 215.60680789173236, 226.2300509704976]}, "datetime": {"datetime": "2025-08-21 12:27:26", "elapsed": 13363.363239765167, "delta": 23.635467290878296}, "costs": {"total_cost": 1374.3931705233852, "time_cost": 150, "final_distance_cost": 81.34819924318418, "oscillation_cost": 174.85536212160463, "completition_cost": 888.8888888888888, "overshoot_cost": 43.69374696154481, "power_cost": 20.568533349609375, "noise_cost": 15.038439958553244, "n_waypoints_completed": 1, "tot_waypoints": 9}}
{"target": -698.7845349498662, "params": {"k_pid_pos": [0.7624424520145239, 0.6287436173797301, 0.6912633506014907], "k_pid_alt": [1.3884944721215065, 0.49072825883099236, 0.22951427181227713], "k_pid_att": [5.876191621223736, 2.1837233669254497, 0.3972178744894268], "k_pid_yaw": [0.5, 1e-06, 0.1], "k_pid_hsp": [7.06317652200531, 0.022286652063871926, 0.8152162243074138], "k_pid_vsp": [369.64323378882733, 135.6695660314957, 25.263101787794675]}, "datetime": {"datetime": "2025-08-21 12:27:50", "elapsed": 13386.892439603806, "delta": 23.529199838638306}, "costs": {"total_cost": 698.7845349498662, "time_cost": 150, "final_distance_cost": 62.648211063429244, "oscillation_cost": 181.16894253616277, "completition_cost": 222.2222222222222, "overshoot_cost": 47.00760955401512, "power_cost": 20.72298503417969, "noise_cost": 15.014564539857087, "n_waypoints_completed": 7, "tot_waypoints": 9}}
{"target": -930.6776195756073, "params": {"k_pid_pos": [0.6353344455292166, 0.4695958407350588, 0.17135091179011863], "k_pid_alt": [0.46684042169398055, 0.7223310462467204, 0.5418487831764625], "k_pid_att": [62.330908920101415, 4.129556923385127, 0.8495548167092879], "k_pid_yaw": [0.5, 1e-06, 0.1], "k_pid_hsp": [2.01139523584421, 0.25553064733420816, 0.17899106464282089], "k_pid_vsp": [237.81316187924944, 377.9846752797045, 100.87248374089128]}, "datetime": {"datetime": "2025-08-21 12:28:14", "elapsed": 13410.715642929077, "delta": 23.823203325271606}, "costs": {"total_cost": 930.6776195756073, "time_cost": 150, "final_distance_cost": 48.087375690244656, "oscillation_cost": 198.56668727557653, "completition_cost": 444.4444444444444, "overshoot_cost": 49.459366080239015, "power_cost": 22.482866735839846, "noise_cost": 17.636879349263054, "n_waypoints_completed": 5, "tot_waypoints": 9}}
{"target": -993.3072109384184, "params": {"k_pid_pos": [1.993639559763463, 0.9703267742931087, 0.0712632485737612], "k_pid_alt": [0.4755089286547596, 0.08762946864167753, 0.11533417242973987], "k_pid_att": [42.884375017200085, 4.801095602336898, 0.3122077495386282], "k_pid_yaw": [0.5, 1e-06, 0.1], "k_pid_hsp": [3.1415107016897523, 0.6707200462314126, 0.6762210974266297], "k_pid_vsp": [150.54414001419852, 294.45985375967507, 32.576960622533385]}, "datetime": {"datetime": "2025-08-21 12:28:38", "elapsed": 13434.890120983124, "delta": 24.17447805404663}, "costs": {"total_cost": 993.3072109384184, "time_cost": 150, "final_distance_cost": 46.93176738743083, "oscillation_cost": 145.40318850029456, "completition_cost": 555.5555555555555, "overshoot_cost": 61.38542149059725, "power_cost": 19.426572998046876, "noise_cost": 14.60470500649326, "n_waypoints_completed": 4, "tot_waypoints": 9}}
{"target": -1781.222483613277, "params": {"k_pid_pos": [0.21622625036850993, 0.1956261396995037, 0.8285295230841865], "k_pid_alt": [0.9238230891084778, 0.28254633352921044, 0.21053702119071738], "k_pid_att": [73.7235087072697, 0.9443551604422376, 0.3280452468356758], "k_pid_yaw": [0.5, 1e-06, 0.1], "k_pid_hsp": [8.15406300718717, 0.6266229978550969, 0.6727739358072845], "k_pid_vsp": [289.80762277849465, 370.48036145784374, 361.6533026356507]}, "datetime": {"datetime": "2025-08-21 12:29:01", "elapsed": 13458.428131818771, "delta": 23.538010835647583}, "costs": {"total_cost": 1781.222483613277, "time_cost": 150, "final_distance_cost": 75.6856572202092, "oscillation_cost": 489.28612768129767, "completition_cost": 1000.0, "overshoot_cost": 38.36618969943642, "power_cost": 14.78713193359375, "noise_cost": 13.097377078739687, "n_waypoints_completed": 0, "tot_waypoints": 9}}
{"target": -788.0269637547125, "params": {"k_pid_pos": [1.3645686267293606, 0.7478776732528799, 0.9745922031654413], "k_pid_alt": [1.3343957134954418, 0.2163826621936994, 0.2363702693566334], "k_pid_att": [75.20686069252123, 1.6544694934707838, 0.485087628393556], "k_pid_yaw": [0.5, 1e-06, 0.1], "k_pid_hsp": [3.006917683224813, 0.692715049864967, 0.4907723944025769], "k_pid_vsp": [77.4857950094462, 360.2549908951315, 15.636573375944145]}, "datetime": {"datetime": "2025-08-21 12:29:25", "elapsed": 13481.861549139023, "delta": 23.433417320251465}, "costs": {"total_cost": 788.0269637547125, "time_cost": 150, "final_distance_cost": 65.57967691676737, "oscillation_cost": 274.91595913124615, "completition_cost": 222.2222222222222, "overshoot_cost": 44.79110409985158, "power_cost": 16.659621118164065, "noise_cost": 13.85838026646105, "n_waypoints_completed": 7, "tot_waypoints": 9}}
{"target": -1184.794775493272, "params": {"k_pid_pos": [1.89364800173349, 0.9324297056392714, 0.510954064167661], "k_pid_alt": [0.020916193866159727, 0.5971510044670006, 0.4713168789965573], "k_pid_att": [87.90334071188559, 3.985400656649148, 0.6768049313687466], "k_pid_yaw": [0.5, 1e-06, 0.1], "k_pid_hsp": [5.805963679501618, 0.2566041151508893, 0.9683709130163375], "k_pid_vsp": [111.05140192656418, 275.530573524428, 294.1244709803479]}, "datetime": {"datetime": "2025-08-21 12:29:49", "elapsed": 13506.295392274857, "delta": 24.43384313583374}, "costs": {"total_cost": 1184.794775493272, "time_cost": 150, "final_distance_cost": 62.103953051044456, "oscillation_cost": 182.81202214217146, "completition_cost": 666.6666666666667, "overshoot_cost": 69.3755605338062, "power_cost": 27.63657479248047, "noise_cost": 26.199998307102696, "n_waypoints_completed": 3, "tot_waypoints": 9}}
{"target": -555.9075208393499, "params": {"k_pid_pos": [1.548964105198557, 0.8434030318240995, 0.5799290471246159], "k_pid_alt": [1.595814040065197, 0.05940190963154013, 0.3349787769119037], "k_pid_att": [93.37759254059009, 3.871624324070074, 0.692561669231927], "k_pid_yaw": [0.5, 1e-06, 0.1], "k_pid_hsp": [5.712794186555379, 0.8056402376321059, 0.8468293871459216], "k_pid_vsp": [330.2061813744408, 148.9509034243764, 87.5633842069471]}, "datetime": {"datetime": "2025-08-21 12:30:13", "elapsed": 13530.20675110817, "delta": 23.91135883331299}, "costs": {"total_cost": 555.9075208393499, "time_cost": 150, "final_distance_cost": 29.307752204986713, "oscillation_cost": 165.7273905032751, "completition_cost": 111.11111111111116, "overshoot_cost": 59.60704206210269, "power_cost": 23.398966162109375, "noise_cost": 16.755258795764863, "n_waypoints_completed": 8, "tot_waypoints": 9}}
{"target": -908.0931639589783, "params": {"k_pid_pos": [1.4971845491126412, 0.22912061461011013, 0.7997637693219456], "k_pid_alt": [0.7034728695025776, 0.6000538349129427, 0.5101096942729526], "k_pid_att": [9.068807530414668, 4.563676569747653, 0.8083023044613042], "k_pid_yaw": [0.5, 1e-06, 0.1], "k_pid_hsp": [6.1770643769580955, 0.6867201241856993, 0.5174692402006201], "k_pid_vsp": [395.2398686171123, 49.04863834479693, 184.03452565985484]}, "datetime": {"datetime": "2025-08-21 12:30:38", "elapsed": 13554.453330993652, "delta": 24.246579885482788}, "costs": {"total_cost": 908.0931639589783, "time_cost": 150, "final_distance_cost": 71.29056494677941, "oscillation_cost": 257.3610062741701, "completition_cost": 333.33333333333337, "overshoot_cost": 53.270725719543414, "power_cost": 24.573727355957033, "noise_cost": 18.2638063291949, "n_waypoints_completed": 6, "tot_waypoints": 9}}
{"target": -1480.4855722830862, "params": {"k_pid_pos": [0.20286461264117206, 0.9621128478858832, 0.29680189992538863], "k_pid_alt": [1.9184630378619638, 0.6534291950556114, 0.8914554771380385], "k_pid_att": [38.344799763718875, 3.3604806283414304, 0.6527833577476064], "k_pid_yaw": [0.5, 1e-06, 0.1], "k_pid_hsp": [7.012394228276606, 0.25763901459858995, 0.8737317757869972], "k_pid_vsp": [17.958360126281203, 103.31507728577806, 157.93770801618925]}, "datetime": {"datetime": "2025-08-21 12:31:01", "elapsed": 13578.235628128052, "delta": 23.782297134399414}, "costs": {"total_cost": 1480.4855722830862, "time_cost": 150, "final_distance_cost": 67.46917709493128, "oscillation_cost": 83.87294161094006, "completition_cost": 1000.0, "overshoot_cost": 110.4501947960581, "power_cost": 22.61406900634766, "noise_cost": 46.07918977480906, "n_waypoints_completed": 0, "tot_waypoints": 9}}
{"target": -833.8281061262278, "params": {"k_pid_pos": [0.3113055423700815, 0.5905146125794646, 0.72078525127986], "k_pid_alt": [1.2861944751676269, 0.18814277133666468, 0.49825989344587795], "k_pid_att": [29.133374230492983, 1.4682032158252085, 0.44920978264189226], "k_pid_yaw": [0.5, 1e-06, 0.1], "k_pid_hsp": [9.656051516610457, 0.4270360355959476, 0.32499439619692383], "k_pid_vsp": [265.85418698766773, 221.44472280122994, 3.7082220580880887]}, "datetime": {"datetime": "2025-08-21 12:31:25", "elapsed": 13601.913220643997, "delta": 23.677592515945435}, "costs": {"total_cost": 833.8281061262278, "time_cost": 150, "final_distance_cost": 72.45623482750679, "oscillation_cost": 308.9330306925269, "completition_cost": 222.2222222222222, "overshoot_cost": 45.938478820721166, "power_cost": 18.814562866210938, "noise_cost": 15.46357669703978, "n_waypoints_completed": 7, "tot_waypoints": 9}}
{"target": -1359.0708053217152, "params": {"k_pid_pos": [0.18278308508866623, 0.7581811925806216, 0.14371297531696792], "k_pid_alt": [1.8897413452794014, 0.3878130636262177, 0.26573088501414777], "k_pid_att": [58.365179140892806, 2.5425654242071376, 0.8822912026092096], "k_pid_yaw": [0.5, 1e-06, 0.1], "k_pid_hsp": [4.436538517867133, 0.7912159724036376, 0.7000677529802328], "k_pid_vsp": [205.47573299667965, 171.76979571895947, 284.3494914071944]}, "datetime": {"datetime": "2025-08-21 12:31:49", "elapsed": 13625.75045967102, "delta": 23.837239027023315}, "costs": {"total_cost": 1359.0708053217152, "time_cost": 150, "final_distance_cost": 58.13665844237431, "oscillation_cost": 102.6891836550383, "completition_cost": 888.8888888888888, "overshoot_cost": 93.69531770026332, "power_cost": 31.23692108154297, "noise_cost": 34.423835553607454, "n_waypoints_completed": 1, "tot_waypoints": 9}}
{"target": -336.14601667730574, "params": {"k_pid_pos": [1.275765855207504, 0.807606472537369, 0.402694357131712], "k_pid_alt": [1.4538546734608317, 0.00975821337144156, 0.8733649983258517], "k_pid_att": [35.68085000313518, 7.538022501237546, 0.4397948144499736], "k_pid_yaw": [0.5, 1e-06, 0.1], "k_pid_hsp": [5.000109622616501, 0.7129850941257457, 0.4415884323074194], "k_pid_vsp": [106.5060831919209, 63.639198087555506, 29.1644346701567]}, "datetime": {"datetime": "2025-08-21 12:32:09", "elapsed": 13646.214030504227, "delta": 20.463570833206177}, "costs": {"total_cost": 336.14601667730574, "time_cost": 86.432, "final_distance_cost": 1.68696414385542, "oscillation_cost": 156.768534935379, "completition_cost": 0.0, "overshoot_cost": 56.72151851850953, "power_cost": 19.59311470947266, "noise_cost": 14.943884370089092, "n_waypoints_completed": 9, "tot_waypoints": 9}}
{"target": -618.5730106558038, "params": {"k_pid_pos": [1.365449364564175, 0.7551304360341703, 0.8365220559443866], "k_pid_alt": [1.7676652495621366, 0.4747645778052785, 0.9771779412332869], "k_pid_att": [98.11275919415809, 4.392967300359772, 0.6851420901862898], "k_pid_yaw": [0.5, 1e-06, 0.1], "k_pid_hsp": [8.538122987511764, 0.21424318487853822, 0.6474539520889484], "k_pid_vsp": [312.2299045659541, 136.80191168553165, 97.41681157957537]}, "datetime": {"datetime": "2025-08-21 12:32:33", "elapsed": 13669.777084350586, "delta": 23.563053846359253}, "costs": {"total_cost": 618.5730106558038, "time_cost": 150, "final_distance_cost": 7.790641195071657, "oscillation_cost": 252.1112952384366, "completition_cost": 111.11111111111116, "overshoot_cost": 55.90531133319352, "power_cost": 23.974010266113282, "noise_cost": 17.68064151187761, "n_waypoints_completed": 8, "tot_waypoints": 9}}
{"target": -2084.3493613666883, "params": {"k_pid_pos": [0.7731698733507586, 0.06475112188460885, 0.3760809958640041], "k_pid_alt": [0.5364716676624339, 0.6562480979072748, 0.7850738471558079], "k_pid_att": [14.699632249280858, 3.3344797847110246, 0.21301547387645559], "k_pid_yaw": [0.5, 1e-06, 0.1], "k_pid_hsp": [6.2719751480941355, 0.7900570907350296, 0.8010024920083656], "k_pid_vsp": [55.28465941528964, 9.54904700930002, 153.55117912332142]}, "datetime": {"datetime": "2025-08-21 12:32:57", "elapsed": 13693.938210964203, "delta": 24.161126613616943}, "costs": {"total_cost": 2084.3493613666883, "time_cost": 150, "final_distance_cost": 255.37151014283725, "oscillation_cost": 344.42063233582564, "completition_cost": 888.8888888888888, "overshoot_cost": 411.27042156974926, "power_cost": 17.557273413085937, "noise_cost": 16.84063501630115, "n_waypoints_completed": 1, "tot_waypoints": 9}}
