{"target": -1614.3474118295444, "params": {"k_pid_pos": [0.0022431988617068344, 0.8026552483239505, 0.718144334430947], "k_pid_alt": [1.5609292874735579, 0.9636497459863289, 0.18224897010229746], "k_pid_att": [28.474124724730977, 1.933372083068048, 0.24644678299116352], "k_pid_yaw": [0.5, 1e-06, 0.1], "k_pid_hsp": [2.4612247281257207, 0.8625969531239313, 0.4989280427815965], "k_pid_vsp": [38.258549872650825, 234.31938442775774, 378.3549082671245]}, "datetime": {"datetime": "2025-08-21 14:54:08", "elapsed": 22164.705352067947, "delta": 26.16201138496399}, "costs": {"total_cost": 1614.3474118295444, "time_cost": 150, "final_distance_cost": 15.764228846142384, "oscillation_cost": 220.26741622515598, "completition_cost": 1000.0, "overshoot_cost": 137.1817078453851, "power_cost": 23.34568094482422, "noise_cost": 67.78837796803667, "n_waypoints_completed": 0, "tot_waypoints": 9}}
{"target": -1164.4245211255916, "params": {"k_pid_pos": [0.4784150697670733, 0.45331433937679744, 0.6983425221593751], "k_pid_alt": [1.2662452817902243, 0.3416251352409554, 0.3809202252426649], "k_pid_att": [66.29309518519388, 6.11325992410309, 0.5651594522654146], "k_pid_yaw": [0.5, 1e-06, 0.1], "k_pid_hsp": [4.321154280601171, 0.7471794274321406, 0.9646186665913231], "k_pid_vsp": [239.69241494237488, 17.992490289704357, 284.43801686059726]}, "datetime": {"datetime": "2025-08-21 14:54:37", "elapsed": 22193.46872162819, "delta": 28.7633695602417}, "costs": {"total_cost": 1164.4245211255916, "time_cost": 150, "final_distance_cost": 48.90680027415107, "oscillation_cost": 322.5722791966124, "completition_cost": 555.5555555555555, "overshoot_cost": 51.05397158779649, "power_cost": 20.167379821777345, "noise_cost": 16.168534689698948, "n_waypoints_completed": 4, "tot_waypoints": 9}}
{"target": -833.4518250752657, "params": {"k_pid_pos": [0.5063894490145503, 0.3569772071719487, 0.2222291840072177], "k_pid_alt": [1.7972596246760861, 0.05827605021880866, 0.19386074577383072], "k_pid_att": [58.92832016104693, 2.3065333046784335, 0.7079972549459007], "k_pid_yaw": [0.5, 1e-06, 0.1], "k_pid_hsp": [0.9265503562676034, 0.7627806011690094, 0.696417384372327], "k_pid_vsp": [256.7448182728911, 7.394509508533368, 207.37372675974194]}, "datetime": {"datetime": "2025-08-21 14:55:03", "elapsed": 22219.8926820755, "delta": 26.4239604473114}, "costs": {"total_cost": 833.4518250752657, "time_cost": 150, "final_distance_cost": 54.71906332916066, "oscillation_cost": 187.92500009956677, "completition_cost": 333.33333333333337, "overshoot_cost": 59.47924416347987, "power_cost": 27.64909959716797, "noise_cost": 20.346084552557002, "n_waypoints_completed": 6, "tot_waypoints": 9}}
{"target": -1401.748366664935, "params": {"k_pid_pos": [0.11404705909014039, 0.36426360928352275, 0.3199393454439502], "k_pid_alt": [1.3508422568728227, 0.0770987479962989, 0.7948983277461228], "k_pid_att": [75.22425763556721, 7.225362344375481, 0.2013852326820117], "k_pid_yaw": [0.5, 1e-06, 0.1], "k_pid_hsp": [2.369246081143386, 0.02556159382987322, 0.5521686360429111], "k_pid_vsp": [195.39053105099202, 327.95017434935954, 297.8369902045844]}, "datetime": {"datetime": "2025-08-21 14:55:32", "elapsed": 22248.634949207306, "delta": 28.74226713180542}, "costs": {"total_cost": 1401.748366664935, "time_cost": 150, "final_distance_cost": 81.68300489544411, "oscillation_cost": 425.29443524507167, "completition_cost": 666.6666666666667, "overshoot_cost": 42.58512132218679, "power_cost": 19.734147924804688, "noise_cost": 15.784990610760882, "n_waypoints_completed": 3, "tot_waypoints": 9}}
{"target": -1568.8462505829443, "params": {"k_pid_pos": [1.3548835600644367, 0.2591057557250632, 0.9075242891008458], "k_pid_alt": [1.1279678065469814, 0.7288342914616238, 0.6203947133469219], "k_pid_att": [21.2607173095788, 9.625438821327156, 0.16253063438429116], "k_pid_yaw": [0.5, 1e-06, 0.1], "k_pid_hsp": [2.6801280237191625, 0.6091726754664037, 0.3204364411466215], "k_pid_vsp": [102.37922373165543, 390.01057355861485, 330.1074172034253]}, "datetime": {"datetime": "2025-08-21 14:55:58", "elapsed": 22274.912981271744, "delta": 26.278032064437866}, "costs": {"total_cost": 1568.8462505829443, "time_cost": 150, "final_distance_cost": 77.68287517707704, "oscillation_cost": 433.8736961589637, "completition_cost": 777.7777777777778, "overshoot_cost": 80.59711689693451, "power_cost": 21.88556452636719, "noise_cost": 27.029220045824186, "n_waypoints_completed": 2, "tot_waypoints": 9}}
{"target": -1239.249971079796, "params": {"k_pid_pos": [1.8258225937528891, 0.6153277502332083, 0.2083603070863732], "k_pid_alt": [1.0018689553189626, 0.35485070503308935, 0.8274906068492777], "k_pid_att": [6.29566217303733, 7.4607069736853475, 0.34769834212338613], "k_pid_yaw": [0.5, 1e-06, 0.1], "k_pid_hsp": [1.806031164717552, 0.42055781832408823, 0.9037040780627751], "k_pid_vsp": [291.1243067760934, 311.5608124149177, 293.51935858991203]}, "datetime": {"datetime": "2025-08-21 14:56:24", "elapsed": 22301.356596708298, "delta": 26.443615436553955}, "costs": {"total_cost": 1239.249971079796, "time_cost": 150, "final_distance_cost": 45.97332893892784, "oscillation_cost": 269.45624228340404, "completition_cost": 666.6666666666667, "overshoot_cost": 66.3293998275619, "power_cost": 23.61889716796875, "noise_cost": 17.20543619526678, "n_waypoints_completed": 3, "tot_waypoints": 9}}
{"target": -835.0987213953933, "params": {"k_pid_pos": [1.6387750258146947, 0.4291128446886704, 0.2895507185342675], "k_pid_alt": [1.2556237691955685, 0.9763696274387959, 0.8902958124885105], "k_pid_att": [52.154065737908084, 7.238051908202532, 0.46838225317802507], "k_pid_yaw": [0.5, 1e-06, 0.1], "k_pid_hsp": [5.7573822486955235, 0.7501846497175416, 0.09171806939732197], "k_pid_vsp": [379.5109318694349, 182.7434634728592, 313.78812325002536]}, "datetime": {"datetime": "2025-08-21 14:56:51", "elapsed": 22327.762748241425, "delta": 26.40615153312683}, "costs": {"total_cost": 835.0987213953933, "time_cost": 150, "final_distance_cost": 61.2054583348595, "oscillation_cost": 189.0732633967505, "completition_cost": 333.33333333333337, "overshoot_cost": 61.45398708139704, "power_cost": 23.137409814453125, "noise_cost": 16.895269434599882, "n_waypoints_completed": 6, "tot_waypoints": 9}}
{"target": -843.0241431357524, "params": {"k_pid_pos": [0.5321404937306694, 0.8078215599489741, 0.5846155159823074], "k_pid_alt": [0.47943137988071305, 0.10298213656258448, 0.11906618721912055], "k_pid_att": [22.574863435287508, 3.9934027609673404, 0.6322237226225542], "k_pid_yaw": [0.5, 1e-06, 0.1], "k_pid_hsp": [3.5259950180723, 0.6849721054341686, 0.7873428477828783], "k_pid_vsp": [5.169880892419743, 132.5426753906115, 50.90316622946676]}, "datetime": {"datetime": "2025-08-21 14:57:17", "elapsed": 22353.999804735184, "delta": 26.237056493759155}, "costs": {"total_cost": 843.0241431357524, "time_cost": 150, "final_distance_cost": 63.747456499125036, "oscillation_cost": 203.95915609876252, "completition_cost": 333.33333333333337, "overshoot_cost": 54.459131665340266, "power_cost": 21.722805102539063, "noise_cost": 15.80226043665218, "n_waypoints_completed": 6, "tot_waypoints": 9}}
{"target": -2099.657086472463, "params": {"k_pid_pos": [0.3417282147577087, 0.36790484534223344, 0.35372590984407626], "k_pid_alt": [1.6956989246203833, 0.07534349097676141, 0.1025598638677152], "k_pid_att": [16.994743148740575, 1.9210067692261474, 0.9871972698362709], "k_pid_yaw": [0.5, 1e-06, 0.1], "k_pid_hsp": [5.430100268796849, 0.11140343150652732, 0.6590335770731243], "k_pid_vsp": [78.37644705623612, 360.991321588595, 373.77359125392286]}, "datetime": {"datetime": "2025-08-21 14:57:45", "elapsed": 22381.98780632019, "delta": 27.988001585006714}, "costs": {"total_cost": 2099.657086472463, "time_cost": 150, "final_distance_cost": 217.62310563589298, "oscillation_cost": 185.24281719934146, "completition_cost": 1000.0, "overshoot_cost": 507.7089606877862, "power_cost": 18.242528088378908, "noise_cost": 20.839674861063603, "n_waypoints_completed": 0, "tot_waypoints": 9}}
{"target": -818.7719506902469, "params": {"k_pid_pos": [0.3838910968516147, 0.926078142512683, 0.4113270527581089], "k_pid_alt": [0.32299466171615765, 0.13151817960505852, 0.5658565447936522], "k_pid_att": [94.89176283078623, 5.901294224156053, 0.8806807273190842], "k_pid_yaw": [0.5, 1e-06, 0.1], "k_pid_hsp": [6.91178582348639, 0.8820740315985147, 0.042333896169142404], "k_pid_vsp": [244.6340378674481, 216.07453389023263, 114.18249557529627]}, "datetime": {"datetime": "2025-08-21 14:58:14", "elapsed": 22410.895586013794, "delta": 28.907779693603516}, "costs": {"total_cost": 818.7719506902469, "time_cost": 150, "final_distance_cost": 51.90913638995909, "oscillation_cost": 90.04549867654963, "completition_cost": 444.4444444444444, "overshoot_cost": 41.64950475869864, "power_cost": 23.479306274414064, "noise_cost": 17.244060146181035, "n_waypoints_completed": 5, "tot_waypoints": 9}}
{"target": -830.2581893381268, "params": {"k_pid_pos": [1.3363956770362053, 0.3752937263737779, 0.43544071195240663], "k_pid_alt": [1.9128416071949097, 0.725217400895083, 0.7702572465515626], "k_pid_att": [61.68977018142152, 2.50337965990048, 0.13140620235311118], "k_pid_yaw": [0.5, 1e-06, 0.1], "k_pid_hsp": [5.631525030804505, 0.9225486635072119, 0.42466014589835777], "k_pid_vsp": [330.9546788006525, 24.098762902798864, 256.8704615668777]}, "datetime": {"datetime": "2025-08-21 14:58:42", "elapsed": 22438.557886838913, "delta": 27.66230082511902}, "costs": {"total_cost": 830.2581893381268, "time_cost": 150, "final_distance_cost": 78.30811577437377, "oscillation_cost": 286.93867257169774, "completition_cost": 222.2222222222222, "overshoot_cost": 48.52695092637212, "power_cost": 24.966922534179687, "noise_cost": 19.295305309281286, "n_waypoints_completed": 7, "tot_waypoints": 9}}
{"target": -729.7899095472718, "params": {"k_pid_pos": [1.0151138422080412, 0.981538498192855, 0.8717314602985011], "k_pid_alt": [1.891987458182479, 0.1621002503368839, 0.8855836709644981], "k_pid_att": [97.72995912842396, 1.2690249089678922, 0.8858871085251675], "k_pid_yaw": [0.5, 1e-06, 0.1], "k_pid_hsp": [9.57628095016924, 0.4198937014082005, 0.3654445783088348], "k_pid_vsp": [371.2504965718381, 75.88363767625599, 29.78309793552886]}, "datetime": {"datetime": "2025-08-21 14:59:12", "elapsed": 22468.83670783043, "delta": 30.278820991516113}, "costs": {"total_cost": 729.7899095472718, "time_cost": 150, "final_distance_cost": 64.50873671837365, "oscillation_cost": 319.93123463824753, "completition_cost": 111.11111111111116, "overshoot_cost": 43.789421810249976, "power_cost": 23.30175616455078, "noise_cost": 17.147649104738676, "n_waypoints_completed": 8, "tot_waypoints": 9}}
{"target": -445.5237881407011, "params": {"k_pid_pos": [1.5771648140084642, 0.5898414223370029, 0.9877510324451032], "k_pid_alt": [1.453976614595213, 0.4238049401069852, 0.42744840842037624], "k_pid_att": [75.69548995586905, 5.117780462319496, 0.7752442731418989], "k_pid_yaw": [0.5, 1e-06, 0.1], "k_pid_hsp": [9.51640129756669, 0.35499583135090174, 0.7653246959125956], "k_pid_vsp": [369.38855563851644, 337.0988044697502, 70.86710492467505]}, "datetime": {"datetime": "2025-08-21 14:59:36", "elapsed": 22493.209206581116, "delta": 24.372498750686646}, "costs": {"total_cost": 445.5237881407011, "time_cost": 92.44800000000001, "final_distance_cost": 1.7414715199100443, "oscillation_cost": 261.56392704842307, "completition_cost": 0.0, "overshoot_cost": 53.62462776650341, "power_cost": 20.64873166503906, "noise_cost": 15.497030140825501, "n_waypoints_completed": 9, "tot_waypoints": 9}}
{"target": -1293.731633215166, "params": {"k_pid_pos": [0.08061734498269857, 0.649236673724798, 0.1748693194809079], "k_pid_alt": [0.8502904101339754, 0.9983252778179486, 0.3593790600778276], "k_pid_att": [76.54910256904564, 8.368166463376603, 0.944391182081406], "k_pid_yaw": [0.5, 1e-06, 0.1], "k_pid_hsp": [8.98636162209622, 0.6584361415519875, 0.09435488796785929], "k_pid_vsp": [274.4593495259935, 207.80355881794313, 120.0782257588004]}, "datetime": {"datetime": "2025-08-21 15:00:03", "elapsed": 22519.834059476852, "delta": 26.624852895736694}, "costs": {"total_cost": 1293.731633215166, "time_cost": 150, "final_distance_cost": 65.53944831017262, "oscillation_cost": 123.43712616521286, "completition_cost": 888.8888888888888, "overshoot_cost": 27.76267321657971, "power_cost": 21.651053857421875, "noise_cost": 16.452442776890127, "n_waypoints_completed": 1, "tot_waypoints": 9}}
{"target": -1624.4630103088182, "params": {"k_pid_pos": [1.6937866619579733, 0.665594012098481, 0.6252196821001504], "k_pid_alt": [0.8921905214094332, 0.6112869058115339, 0.4409452247300668], "k_pid_att": [22.34614194754202, 6.72168140498243, 0.40320078990165675], "k_pid_yaw": [0.5, 1e-06, 0.1], "k_pid_hsp": [3.0771626212195535, 0.44402685159177135, 0.6942199779133056], "k_pid_vsp": [131.27152938431485, 194.27312097870555, 255.9182659193003]}, "datetime": {"datetime": "2025-08-21 15:00:33", "elapsed": 22550.223380088806, "delta": 30.389320611953735}, "costs": {"total_cost": 1624.4630103088182, "time_cost": 150, "final_distance_cost": 20.958451844849474, "oscillation_cost": 365.37082832184353, "completition_cost": 1000.0, "overshoot_cost": 51.53864734413531, "power_cost": 18.641883129882814, "noise_cost": 17.953199668106823, "n_waypoints_completed": 0, "tot_waypoints": 9}}
{"target": -620.6944906926116, "params": {"k_pid_pos": [1.4788785278055296, 0.1780450333690362, 0.017622151308115397], "k_pid_alt": [0.9374885841647755, 0.2099997245018359, 0.21654419391540136], "k_pid_att": [61.86283147967473, 3.6928315291116127, 0.5763468295459173], "k_pid_yaw": [0.5, 1e-06, 0.1], "k_pid_hsp": [2.642046175522605, 0.6045510237408759, 0.29636560834457126], "k_pid_vsp": [277.2051357344891, 196.20278198398572, 164.2956751854299]}, "datetime": {"datetime": "2025-08-21 15:01:02", "elapsed": 22578.85857486725, "delta": 28.635194778442383}, "costs": {"total_cost": 620.6944906926116, "time_cost": 150, "final_distance_cost": 25.49129160941698, "oscillation_cost": 245.18858474355582, "completition_cost": 111.11111111111116, "overshoot_cost": 60.34262457373369, "power_cost": 15.581830175781251, "noise_cost": 12.979048479012553, "n_waypoints_completed": 8, "tot_waypoints": 9}}
{"target": -2614.690146732608, "params": {"k_pid_pos": [0.43564246035945103, 0.01926973932715148, 0.07088331915179724], "k_pid_alt": [0.02521415463449328, 0.10033317207675707, 0.05003166874012854], "k_pid_att": [30.601401366539925, 6.299595461283263, 0.9167788601435601], "k_pid_yaw": [0.5, 1e-06, 0.1], "k_pid_hsp": [5.96710148375552, 0.9068838515771193, 0.0259164491835151], "k_pid_vsp": [8.038622375209892, 233.93283873604344, 286.16117747087253]}, "datetime": {"datetime": "2025-08-21 15:01:29", "elapsed": 22606.28401041031, "delta": 27.425435543060303}, "costs": {"total_cost": 2614.690146732608, "time_cost": 150, "final_distance_cost": 803.8734680810886, "oscillation_cost": 39.1379609331172, "completition_cost": 888.8888888888888, "overshoot_cost": 678.3029176601486, "power_cost": 27.21096893310547, "noise_cost": 27.27594223625932, "n_waypoints_completed": 1, "tot_waypoints": 9}}
{"target": -967.8038935087578, "params": {"k_pid_pos": [1.949330969761853, 0.6823560569392697, 0.9791300946280226], "k_pid_alt": [0.027682298856769316, 0.8361481791649326, 0.15555403903426213], "k_pid_att": [43.69550269311161, 6.906586386051613, 0.9902054194915489], "k_pid_yaw": [0.5, 1e-06, 0.1], "k_pid_hsp": [3.1135547475321235, 0.9356275856360775, 0.27244592050733873], "k_pid_vsp": [345.04478979856947, 263.1874393796703, 332.28433839361355]}, "datetime": {"datetime": "2025-08-21 15:01:55", "elapsed": 22632.33298945427, "delta": 26.04897904396057}, "costs": {"total_cost": 967.8038935087578, "time_cost": 150, "final_distance_cost": 51.540497934037425, "oscillation_cost": 234.87169025226038, "completition_cost": 444.4444444444444, "overshoot_cost": 57.5461128951444, "power_cost": 16.305752661132814, "noise_cost": 13.095395321738394, "n_waypoints_completed": 5, "tot_waypoints": 9}}
{"target": -1227.4283726301112, "params": {"k_pid_pos": [0.27366679873873195, 0.0797949975625809, 0.6820961514489927], "k_pid_alt": [1.8794012503047492, 0.2981254624690469, 0.6703631939872362], "k_pid_att": [43.19841686414036, 7.061950469759801, 0.11918825529075783], "k_pid_yaw": [0.5, 1e-06, 0.1], "k_pid_hsp": [8.553575113347796, 0.35471681006170763, 0.8295412053673421], "k_pid_vsp": [307.0976306875521, 399.52146312549854, 381.98985075854074]}, "datetime": {"datetime": "2025-08-21 15:02:21", "elapsed": 22658.341010570526, "delta": 26.008021116256714}, "costs": {"total_cost": 1227.4283726301112, "time_cost": 150, "final_distance_cost": 49.46066280333348, "oscillation_cost": 388.9401628643646, "completition_cost": 555.5555555555555, "overshoot_cost": 52.64338184192974, "power_cost": 16.780658691406252, "noise_cost": 14.047950873521623, "n_waypoints_completed": 4, "tot_waypoints": 9}}
{"target": -728.7986162287069, "params": {"k_pid_pos": [1.9033072102160322, 0.5568662108143656, 0.3990630116824072], "k_pid_alt": [0.5636440721845875, 0.670117711351859, 0.005383364580664907], "k_pid_att": [35.437269643411184, 9.607529876031231, 0.750098749888546], "k_pid_yaw": [0.5, 1e-06, 0.1], "k_pid_hsp": [4.143059985621528, 0.7460573141431777, 0.12618833723373057], "k_pid_vsp": [221.62896838493583, 250.90417514209142, 187.31708951353536]}, "datetime": {"datetime": "2025-08-21 15:02:47", "elapsed": 22684.158074617386, "delta": 25.81706404685974}, "costs": {"total_cost": 728.7986162287069, "time_cost": 150, "final_distance_cost": 73.13560279420095, "oscillation_cost": 196.62983631143882, "completition_cost": 222.2222222222222, "overshoot_cost": 55.94225292815715, "power_cost": 16.823608032226563, "noise_cost": 14.045093940461214, "n_waypoints_completed": 7, "tot_waypoints": 9}}
{"target": -1703.9478629199484, "params": {"k_pid_pos": [1.8060567956178173, 0.08898538133706269, 0.935502864669207], "k_pid_alt": [1.466301692610944, 0.9156680931543926, 0.6322060276594111], "k_pid_att": [15.278661553727646, 3.501399474001031, 0.6868783991916584], "k_pid_yaw": [0.5, 1e-06, 0.1], "k_pid_hsp": [7.806314133357014, 0.06556959813000762, 0.5556839345269646], "k_pid_vsp": [13.146402750375374, 205.8149755520151, 308.76655849848765]}, "datetime": {"datetime": "2025-08-21 15:03:16", "elapsed": 22712.944935798645, "delta": 28.786861181259155}, "costs": {"total_cost": 1703.9478629199484, "time_cost": 150, "final_distance_cost": 1.0043457970326675, "oscillation_cost": 376.80542488256157, "completition_cost": 1000.0, "overshoot_cost": 110.69676995504884, "power_cost": 16.900762243652345, "noise_cost": 48.54056004165306, "n_waypoints_completed": 0, "tot_waypoints": 9}}
{"target": -1598.6092241048127, "params": {"k_pid_pos": [0.9403249754203891, 0.907050868878897, 0.4228035804795337], "k_pid_alt": [0.2647734452935544, 0.21640033923159085, 0.14005355048315982], "k_pid_att": [67.62112357391973, 7.341703971597509, 0.9751229867215292], "k_pid_yaw": [0.5, 1e-06, 0.1], "k_pid_hsp": [4.775282852316203, 0.4947779732249541, 0.4815711453731679], "k_pid_vsp": [83.03009031537711, 193.8777510772726, 385.9209471174374]}, "datetime": {"datetime": "2025-08-21 15:03:42", "elapsed": 22739.086015224457, "delta": 26.141079425811768}, "costs": {"total_cost": 1598.6092241048127, "time_cost": 150, "final_distance_cost": 138.02816153462487, "oscillation_cost": 258.1295056384671, "completition_cost": 888.8888888888888, "overshoot_cost": 127.04959724777952, "power_cost": 19.13717615966797, "noise_cost": 17.375894635384476, "n_waypoints_completed": 1, "tot_waypoints": 9}}
{"target": -851.5226983875258, "params": {"k_pid_pos": [1.1421852395478325, 0.8343300676610982, 0.8071659872759965], "k_pid_alt": [0.9475164709470241, 0.9197480451389288, 0.5527055350164599], "k_pid_att": [98.56004175184977, 9.248606760928238, 0.7182395014272113], "k_pid_yaw": [0.5, 1e-06, 0.1], "k_pid_hsp": [1.8638627133196646, 0.033499006652018104, 0.28251197397187433], "k_pid_vsp": [59.56676448537257, 371.9832359741384, 24.867305469404737]}, "datetime": {"datetime": "2025-08-21 15:04:10", "elapsed": 22767.391510009766, "delta": 28.305494785308838}, "costs": {"total_cost": 851.5226983875258, "time_cost": 150, "final_distance_cost": 71.14605371963657, "oscillation_cost": 204.2416697129817, "completition_cost": 333.33333333333337, "overshoot_cost": 50.1439478195201, "power_cost": 24.10136258544922, "noise_cost": 18.556331216604754, "n_waypoints_completed": 6, "tot_waypoints": 9}}
{"target": -1040.109882838203, "params": {"k_pid_pos": [1.148129540692389, 0.1071768223287366, 0.37328244196948224], "k_pid_alt": [1.678302035235546, 0.21556486788182938, 0.5929013047472877], "k_pid_att": [4.406155620358421, 8.14037551689766, 0.508582265864986], "k_pid_yaw": [0.5, 1e-06, 0.1], "k_pid_hsp": [0.016213387441987494, 0.6774850026845443, 0.5476666900430578], "k_pid_vsp": [295.8114733032497, 396.1575871191196, 244.42018190847065]}, "datetime": {"datetime": "2025-08-21 15:04:36", "elapsed": 22792.893256425858, "delta": 25.50174641609192}, "costs": {"total_cost": 1040.109882838203, "time_cost": 150, "final_distance_cost": 47.8613305316736, "oscillation_cost": 180.48603492097777, "completition_cost": 555.5555555555555, "overshoot_cost": 78.22015330601835, "power_cost": 15.927082104492188, "noise_cost": 12.059726419485559, "n_waypoints_completed": 4, "tot_waypoints": 9}}
