{"target": -1021.6674679448117, "params": {"k_pid_pos": [1.2417374024912147, 0.4360032216391002, 0.37170010603821546], "k_pid_alt": [0.026431889744081172, 0.1989101724743706, 0.9201836762682553], "k_pid_att": [37.725195862641655, 3.007317523713207, 0.18082369621274785], "k_pid_yaw": [0.5, 1e-06, 0.1], "k_pid_hsp": [5.30578010692037, 0.6217594400772145, 0.5630087797488342], "k_pid_vsp": [26.205487667003347, 389.9422041992123, 227.72625952993855]}, "datetime": {"datetime": "2025-08-21 10:04:12", "elapsed": 4768.582071781158, "delta": 26.12600803375244}, "costs": {"total_cost": 1021.6674679448117, "time_cost": 150, "final_distance_cost": 49.36068839773245, "oscillation_cost": 281.73386115790584, "completition_cost": 444.4444444444444, "overshoot_cost": 55.09972896650662, "power_cost": 21.720760278320313, "noise_cost": 19.307984699902054, "n_waypoints_completed": 5, "tot_waypoints": 9}}
{"target": -1060.4298166480335, "params": {"k_pid_pos": [0.5160721147722835, 0.753910770491618, 0.6930390956243], "k_pid_alt": [1.4281062543905045, 0.38133410767048825, 0.04109537088236104], "k_pid_att": [11.659513604497251, 8.128363181380726, 0.33638919305806436], "k_pid_yaw": [0.5, 1e-06, 0.1], "k_pid_hsp": [1.1242615713261288, 0.27397355521947586, 0.3410052880295781], "k_pid_vsp": [199.18064772626542, 360.77180445376445, 254.06051363888844]}, "datetime": {"datetime": "2025-08-21 10:04:43", "elapsed": 4800.026661634445, "delta": 31.444589853286743}, "costs": {"total_cost": 1060.4298166480335, "time_cost": 150, "final_distance_cost": 35.0633696658284, "oscillation_cost": 220.01061811834202, "completition_cost": 555.5555555555555, "overshoot_cost": 59.02748228094496, "power_cost": 22.775708544921876, "noise_cost": 17.9970824824406, "n_waypoints_completed": 4, "tot_waypoints": 9}}
{"target": -923.9835307422261, "params": {"k_pid_pos": [0.19570932305133215, 0.1642821588290071, 0.6309813777068561], "k_pid_alt": [1.4162623421090985, 0.2918085381449802, 0.401995086351443], "k_pid_att": [3.440508071142223, 4.75768967260688, 0.5310445174806033], "k_pid_yaw": [0.5, 1e-06, 0.1], "k_pid_hsp": [2.8222727007060855, 0.09132458659566112, 0.13372745900865124], "k_pid_vsp": [7.672016836465234, 337.8292040747598, 104.27506045084915]}, "datetime": {"datetime": "2025-08-21 10:05:08", "elapsed": 4824.894191503525, "delta": 24.86752986907959}, "costs": {"total_cost": 923.9835307422261, "time_cost": 150, "final_distance_cost": 45.87628518473938, "oscillation_cost": 87.35291133242471, "completition_cost": 555.5555555555555, "overshoot_cost": 55.24334222887764, "power_cost": 16.567681237792968, "noise_cost": 13.387755202835955, "n_waypoints_completed": 4, "tot_waypoints": 9}}
{"target": -1377.3798626563562, "params": {"k_pid_pos": [0.6504885983298552, 0.6425518517358202, 0.008826785234317458], "k_pid_alt": [0.425008468851505, 0.3896888931952581, 0.03676147864230317], "k_pid_att": [75.76044948648293, 3.2489439074413595, 0.956172689149148], "k_pid_yaw": [0.5, 1e-06, 0.1], "k_pid_hsp": [1.3678707211727081, 0.657873974527, 0.1980521511304637], "k_pid_vsp": [3.624955745732139, 120.44993898914333, 109.30805801872509]}, "datetime": {"datetime": "2025-08-21 10:05:39", "elapsed": 4855.762700557709, "delta": 30.86850905418396}, "costs": {"total_cost": 1377.3798626563562, "time_cost": 150, "final_distance_cost": 47.87787489788348, "oscillation_cost": 74.44292271743176, "completition_cost": 888.8888888888888, "overshoot_cost": 131.63506350699757, "power_cost": 20.542619897460938, "noise_cost": 63.992492747693575, "n_waypoints_completed": 1, "tot_waypoints": 9}}
{"target": -1301.3576716375806, "params": {"k_pid_pos": [0.6938323542361242, 0.42746283253978556, 0.9558051784589363], "k_pid_alt": [0.7401268493357371, 0.9706651932718151, 0.3823989116401003], "k_pid_att": [59.047724739883, 4.705560889902669, 0.9140114885437028], "k_pid_yaw": [0.5, 1e-06, 0.1], "k_pid_hsp": [9.442448493970296, 0.31668387438955714, 0.7807667335982933], "k_pid_vsp": [87.61479742095189, 363.13349697972535, 336.2900215359478]}, "datetime": {"datetime": "2025-08-21 10:06:04", "elapsed": 4881.3804359436035, "delta": 25.617735385894775}, "costs": {"total_cost": 1301.3576716375806, "time_cost": 150, "final_distance_cost": 53.08201464983962, "oscillation_cost": 312.8940988351387, "completition_cost": 666.6666666666667, "overshoot_cost": 75.01124963492553, "power_cost": 23.12558270263672, "noise_cost": 20.578059148373324, "n_waypoints_completed": 3, "tot_waypoints": 9}}
{"target": -1139.5017909306562, "params": {"k_pid_pos": [1.818190839355943, 0.7891548026424294, 0.11525976656256798], "k_pid_alt": [0.7092266123754754, 0.591490472744931, 0.46191151244079376], "k_pid_att": [78.36080758866761, 3.2726110829124875, 0.6834858793842283], "k_pid_yaw": [0.5, 1e-06, 0.1], "k_pid_hsp": [4.025151072383139, 0.24440891848533386, 0.1404910859101407], "k_pid_vsp": [226.37522030234533, 106.82083569807682, 250.66609536535466]}, "datetime": {"datetime": "2025-08-21 10:06:35", "elapsed": 4911.932105302811, "delta": 30.551669359207153}, "costs": {"total_cost": 1139.5017909306562, "time_cost": 150, "final_distance_cost": 57.35948580963287, "oscillation_cost": 157.45888129056883, "completition_cost": 666.6666666666667, "overshoot_cost": 69.05129788752197, "power_cost": 21.2352966796875, "noise_cost": 17.730162596578182, "n_waypoints_completed": 3, "tot_waypoints": 9}}
{"target": -1376.7866319867553, "params": {"k_pid_pos": [1.7244413354696513, 0.7989227055933985, 0.0930173562397193], "k_pid_alt": [0.6438668098006608, 0.6796976377168304, 0.6712197626307043], "k_pid_att": [2.8500239719759124, 1.994768133326249, 0.462226914817113], "k_pid_yaw": [0.5, 1e-06, 0.1], "k_pid_hsp": [8.063746426326937, 0.2104717201192291, 0.6607850016026986], "k_pid_vsp": [37.50555829051905, 224.31535494182555, 218.9631401181995]}, "datetime": {"datetime": "2025-08-21 10:07:00", "elapsed": 4937.126795530319, "delta": 25.194690227508545}, "costs": {"total_cost": 1376.7866319867553, "time_cost": 150, "final_distance_cost": 52.11222898284118, "oscillation_cost": 97.60818823345522, "completition_cost": 888.8888888888888, "overshoot_cost": 130.16063513446286, "power_cost": 22.81507880859375, "noise_cost": 35.201611938513444, "n_waypoints_completed": 1, "tot_waypoints": 9}}
{"target": -244.04623860941862, "params": {"k_pid_pos": [1.4458973677573144, 0.24482371267852454, 0.12082354318525146], "k_pid_alt": [1.4827713215679397, 0.4516588309141989, 0.40824267980387674], "k_pid_att": [39.536353750863285, 7.911625164470138, 0.8138607936274992], "k_pid_yaw": [0.5, 1e-06, 0.1], "k_pid_hsp": [1.1146350845902018, 0.41443633917555245, 0.018663052347440034], "k_pid_vsp": [117.2722916954959, 140.74642623867734, 17.913172849566116]}, "datetime": {"datetime": "2025-08-21 10:07:28", "elapsed": 4965.2241542339325, "delta": 28.09735870361328}, "costs": {"total_cost": 244.04623860941862, "time_cost": 90.176, "final_distance_cost": 1.7937673769810953, "oscillation_cost": 72.17117207112378, "completition_cost": 0.0, "overshoot_cost": 52.49576814114262, "power_cost": 15.185872668457032, "noise_cost": 12.223658351714125, "n_waypoints_completed": 9, "tot_waypoints": 9}}
{"target": -1788.0006387439657, "params": {"k_pid_pos": [0.30305178097234514, 0.26928810909941214, 0.4799509531432159], "k_pid_alt": [0.16523967985771026, 0.3003818367656139, 0.980576786601594], "k_pid_att": [0.6857240920350893, 2.4341965533037486, 0.22683532659846628], "k_pid_yaw": [0.5, 1e-06, 0.1], "k_pid_hsp": [8.15180770048977, 0.14771123255514773, 0.8827576906896556], "k_pid_vsp": [244.56014995196037, 73.63312948449591, 236.16583305598303]}, "datetime": {"datetime": "2025-08-21 10:07:59", "elapsed": 4995.810201406479, "delta": 30.586047172546387}, "costs": {"total_cost": 1788.0006387439657, "time_cost": 150, "final_distance_cost": 4.976199595932082, "oscillation_cost": 373.86557357566375, "completition_cost": 1000.0, "overshoot_cost": 137.25595271326227, "power_cost": 32.18914565429688, "noise_cost": 89.71376720481057, "n_waypoints_completed": 0, "tot_waypoints": 9}}
{"target": -1181.3182419218597, "params": {"k_pid_pos": [0.6908535645434467, 0.02940886789895958, 0.23909449571667818], "k_pid_alt": [0.9059497308673055, 0.027353412157598345, 0.6855580634471847], "k_pid_att": [59.77446635342195, 1.8015736945216818, 0.09251904709217162], "k_pid_yaw": [0.5, 1e-06, 0.1], "k_pid_hsp": [3.9935881289079513, 0.4895991048133529, 0.9388417770590949], "k_pid_vsp": [106.10425809422703, 285.2782502750951, 298.8180444912042]}, "datetime": {"datetime": "2025-08-21 10:08:29", "elapsed": 5026.397799015045, "delta": 30.587597608566284}, "costs": {"total_cost": 1181.3182419218597, "time_cost": 150, "final_distance_cost": 41.67120416890282, "oscillation_cost": 345.34905788598894, "completition_cost": 555.5555555555555, "overshoot_cost": 42.498679234731966, "power_cost": 26.42487048339844, "noise_cost": 19.81887459328187, "n_waypoints_completed": 4, "tot_waypoints": 9}}
{"target": -3352.6846242043816, "params": {"k_pid_pos": [0.7022799051723289, 0.9768966971444516, 0.7798517653524955], "k_pid_alt": [1.0202770388457225, 0.5327224340546547, 0.7483983170219406], "k_pid_att": [96.9040360843144, 7.440999606128056, 0.5037359309335844], "k_pid_yaw": [0.5, 1e-06, 0.1], "k_pid_hsp": [6.627219739652921, 0.12656039200638725, 0.08293207915055412], "k_pid_vsp": [30.305614699323293, 151.81460307647353, 230.70046288318372]}, "datetime": {"datetime": "2025-08-21 10:08:56", "elapsed": 5053.3557305336, "delta": 26.957931518554688}, "costs": {"total_cost": 3352.6846242043816, "time_cost": 150, "final_distance_cost": 752.1006448118954, "oscillation_cost": 425.92773849491516, "completition_cost": 888.8888888888888, "overshoot_cost": 1104.1227442936602, "power_cost": 17.075879309082033, "noise_cost": 14.568728405939915, "n_waypoints_completed": 1, "tot_waypoints": 9}}
{"target": -1156.552230896602, "params": {"k_pid_pos": [0.48648327478586717, 0.598527515066939, 0.190130756317325], "k_pid_alt": [0.053116794781591814, 0.37368397056093183, 0.5102147108188242], "k_pid_att": [78.357873860731, 2.386027939141664, 0.7544294119074366], "k_pid_yaw": [0.5, 1e-06, 0.1], "k_pid_hsp": [8.160561880037772, 0.25683933080063837, 0.31827262056844674], "k_pid_vsp": [278.61761435355857, 345.34306787973594, 288.8409939372214]}, "datetime": {"datetime": "2025-08-21 10:09:22", "elapsed": 5078.6903619766235, "delta": 25.33463144302368}, "costs": {"total_cost": 1156.552230896602, "time_cost": 150, "final_distance_cost": 53.74900803810035, "oscillation_cost": 296.84724084078755, "completition_cost": 555.5555555555555, "overshoot_cost": 51.612709137844384, "power_cost": 27.62587830810547, "noise_cost": 21.161839016208674, "n_waypoints_completed": 4, "tot_waypoints": 9}}
{"target": -823.6671154417254, "params": {"k_pid_pos": [0.7475735290681133, 0.03911968288438439, 0.11599040612493605], "k_pid_alt": [1.353625928732771, 0.9320891454663774, 0.03717689468210428], "k_pid_att": [98.90611621551596, 9.47703000448482, 0.44006472048929024], "k_pid_yaw": [0.5, 1e-06, 0.1], "k_pid_hsp": [2.9110999448566885, 0.7838523022350875, 0.5190760965654472], "k_pid_vsp": [312.1606588383434, 329.5846227407632, 255.04821550029925]}, "datetime": {"datetime": "2025-08-21 10:09:56", "elapsed": 5112.758427143097, "delta": 34.06806516647339}, "costs": {"total_cost": 823.6671154417254, "time_cost": 150, "final_distance_cost": 74.47683779333325, "oscillation_cost": 285.6464288623457, "completition_cost": 222.2222222222222, "overshoot_cost": 52.29338956183025, "power_cost": 21.83400594482422, "noise_cost": 17.194231057169763, "n_waypoints_completed": 7, "tot_waypoints": 9}}
{"target": -1406.2473726613098, "params": {"k_pid_pos": [1.5201276869892812, 0.3310957932915437, 0.3334877774857903], "k_pid_alt": [0.5942551516141703, 0.9519368180905049, 0.20960635950614614], "k_pid_att": [41.093734046187194, 7.228846799936688, 0.779862486210683], "k_pid_yaw": [0.5, 1e-06, 0.1], "k_pid_hsp": [0.4156973850058075, 0.232380500541861, 0.033421626494638534], "k_pid_vsp": [169.3382521482437, 345.09039750550096, 324.3273913013057]}, "datetime": {"datetime": "2025-08-21 10:10:21", "elapsed": 5137.492991924286, "delta": 24.734564781188965}, "costs": {"total_cost": 1406.2473726613098, "time_cost": 150, "final_distance_cost": 0.9997639994651121, "oscillation_cost": 30.1612353251181, "completition_cost": 1000.0, "overshoot_cost": 126.53382044816857, "power_cost": 28.982074157714845, "noise_cost": 69.57047873084319, "n_waypoints_completed": 0, "tot_waypoints": 9}}
{"target": -1866.963760930232, "params": {"k_pid_pos": [1.481594852298333, 0.05788905608115902, 0.34394611865344715], "k_pid_alt": [0.2551356972533898, 0.25142642445393837, 0.9822184161217536], "k_pid_att": [4.946304736539142, 0.8299760863297354, 0.6079263455555475], "k_pid_yaw": [0.5, 1e-06, 0.1], "k_pid_hsp": [0.3983585075702107, 0.43592647698388076, 0.45550762561416314], "k_pid_vsp": [78.03096496780482, 295.528649878371, 346.6733080477]}, "datetime": {"datetime": "2025-08-21 10:10:53", "elapsed": 5170.411373138428, "delta": 32.918381214141846}, "costs": {"total_cost": 1866.963760930232, "time_cost": 150, "final_distance_cost": 304.4211648645053, "oscillation_cost": 106.48238044490714, "completition_cost": 888.8888888888888, "overshoot_cost": 389.42099829509965, "power_cost": 14.986360705566407, "noise_cost": 12.763967731264659, "n_waypoints_completed": 1, "tot_waypoints": 9}}
{"target": -1521.7753247004757, "params": {"k_pid_pos": [0.34565025784020587, 0.48817295505794156, 0.8082570050266508], "k_pid_alt": [0.23356816707397177, 0.031977606607344056, 0.4835921276320163], "k_pid_att": [58.818742072762895, 9.212069875010096, 0.8637248813398687], "k_pid_yaw": [0.5, 1e-06, 0.1], "k_pid_hsp": [8.67083713745804, 0.04783737089546225, 0.4354665353264313], "k_pid_vsp": [227.2624204164814, 38.321166030370094, 359.47628228379256]}, "datetime": {"datetime": "2025-08-21 10:11:19", "elapsed": 5196.044958591461, "delta": 25.633585453033447}, "costs": {"total_cost": 1521.7753247004757, "time_cost": 150, "final_distance_cost": 102.41163355382754, "oscillation_cost": 390.966255099904, "completition_cost": 777.7777777777778, "overshoot_cost": 65.57184747478615, "power_cost": 19.503755700683595, "noise_cost": 15.54405509349659, "n_waypoints_completed": 2, "tot_waypoints": 9}}
{"target": -708.1565377244881, "params": {"k_pid_pos": [0.9657505609148017, 0.10713442086740377, 0.3396323063136998], "k_pid_alt": [1.1964411089794347, 0.6423408103948446, 0.9314310513551809], "k_pid_att": [17.461713542937552, 1.7180273569112379, 0.9152718241323229], "k_pid_yaw": [0.5, 1e-06, 0.1], "k_pid_hsp": [6.0046411721636135, 0.18811348850181264, 0.45793254670942907], "k_pid_vsp": [282.7379968301067, 332.2594957389514, 325.7488140537308]}, "datetime": {"datetime": "2025-08-21 10:11:50", "elapsed": 5226.830801486969, "delta": 30.785842895507812}, "costs": {"total_cost": 708.1565377244881, "time_cost": 150, "final_distance_cost": 72.1074342658085, "oscillation_cost": 170.5587565981097, "completition_cost": 222.2222222222222, "overshoot_cost": 62.33903951973424, "power_cost": 17.782826794433596, "noise_cost": 13.146258324179868, "n_waypoints_completed": 7, "tot_waypoints": 9}}
{"target": -1510.6576230234257, "params": {"k_pid_pos": [0.2742799215943139, 0.8871728213567138, 0.6575409117629071], "k_pid_alt": [1.3879073330979552, 0.8798430646818879, 0.5060975501397244], "k_pid_att": [31.384954748791515, 2.3872727805428764, 0.974576281792974], "k_pid_yaw": [0.5, 1e-06, 0.1], "k_pid_hsp": [2.0582462225582536, 0.583619644788436, 0.876305195318519], "k_pid_vsp": [85.88904503817996, 139.87885818596328, 306.282458737617]}, "datetime": {"datetime": "2025-08-21 10:12:15", "elapsed": 5252.3528089523315, "delta": 25.52200746536255}, "costs": {"total_cost": 1510.6576230234257, "time_cost": 150, "final_distance_cost": 3.144058713646958, "oscillation_cost": 165.6237391454797, "completition_cost": 1000.0, "overshoot_cost": 117.09758021401835, "power_cost": 24.136956945800783, "noise_cost": 50.65528800447984, "n_waypoints_completed": 0, "tot_waypoints": 9}}
{"target": -917.4496633428512, "params": {"k_pid_pos": [1.691928716837493, 0.3438278138134616, 0.4459386937773858], "k_pid_alt": [0.2920882237877491, 0.15946448373656907, 0.9965002753651703], "k_pid_att": [42.961294322173316, 7.39212300208296, 0.5854556927031048], "k_pid_yaw": [0.5, 1e-06, 0.1], "k_pid_hsp": [5.479052171962979, 0.9384314765210859, 0.4206237183352155], "k_pid_vsp": [391.54539503747293, 323.88445031584297, 331.4233688127797]}, "datetime": {"datetime": "2025-08-21 10:12:47", "elapsed": 5283.543909311295, "delta": 31.191100358963013}, "costs": {"total_cost": 917.4496633428512, "time_cost": 150, "final_distance_cost": 70.85437453369083, "oscillation_cost": 274.0428450377318, "completition_cost": 333.33333333333337, "overshoot_cost": 49.2224408192882, "power_cost": 23.283845629882812, "noise_cost": 16.71282398892424, "n_waypoints_completed": 6, "tot_waypoints": 9}}
{"target": -836.1366573698207, "params": {"k_pid_pos": [0.7427406850686185, 0.7719037891124172, 0.6224180488655694], "k_pid_alt": [1.9501837234884785, 0.836779385999988, 0.7708848440441054], "k_pid_att": [64.61144365804238, 3.4089637602239087, 0.10402292848699313], "k_pid_yaw": [0.5, 1e-06, 0.1], "k_pid_hsp": [6.472430149247731, 0.06892593225400934, 0.3988720862545836], "k_pid_vsp": [264.9725729457459, 143.5749790023866, 18.39673311181814]}, "datetime": {"datetime": "2025-08-21 10:13:16", "elapsed": 5313.00151348114, "delta": 29.45760416984558}, "costs": {"total_cost": 836.1366573698207, "time_cost": 150, "final_distance_cost": 66.15629585644473, "oscillation_cost": 319.9351514900779, "completition_cost": 222.2222222222222, "overshoot_cost": 46.31884169679693, "power_cost": 17.160258825683595, "noise_cost": 14.343887278595435, "n_waypoints_completed": 7, "tot_waypoints": 9}}
{"target": -1280.4917772172112, "params": {"k_pid_pos": [0.08529633678833169, 0.30237375002319755, 0.3093774721400583], "k_pid_alt": [1.608539294292906, 0.6881892745740842, 0.5593344659195003], "k_pid_att": [58.1673350984553, 4.890148380095527, 0.9544144242448381], "k_pid_yaw": [0.5, 1e-06, 0.1], "k_pid_hsp": [4.702779884877765, 0.2303855907149045, 0.19359632272008975], "k_pid_vsp": [69.50773118985354, 313.192776839747, 37.892507984232516]}, "datetime": {"datetime": "2025-08-21 10:13:43", "elapsed": 5340.0860295295715, "delta": 27.084516048431396}, "costs": {"total_cost": 1280.4917772172112, "time_cost": 150, "final_distance_cost": 67.47854017349097, "oscillation_cost": 313.03596881351814, "completition_cost": 666.6666666666667, "overshoot_cost": 44.31151773325278, "power_cost": 22.435726904296875, "noise_cost": 16.56335692598585, "n_waypoints_completed": 3, "tot_waypoints": 9}}
{"target": -1635.5118772777225, "params": {"k_pid_pos": [0.35796083747151647, 0.8701648809542771, 0.6815402370774973], "k_pid_alt": [1.88200581373651, 0.7124777455209842, 0.6304117791867891], "k_pid_att": [13.644788943748443, 4.581370423318048, 0.14675721736155323], "k_pid_yaw": [0.5, 1e-06, 0.1], "k_pid_hsp": [5.977776081366529, 0.24458251060953773, 0.28014720267182236], "k_pid_vsp": [263.83034794373503, 95.96691795089906, 342.60730290974084]}, "datetime": {"datetime": "2025-08-21 10:14:16", "elapsed": 5372.487736940384, "delta": 32.40170741081238}, "costs": {"total_cost": 1635.5118772777225, "time_cost": 150, "final_distance_cost": 78.99381860424299, "oscillation_cost": 299.55727741817634, "completition_cost": 1000.0, "overshoot_cost": 74.31768510030872, "power_cost": 17.25953270263672, "noise_cost": 15.383563452358088, "n_waypoints_completed": 0, "tot_waypoints": 9}}
{"target": -1544.0107047127265, "params": {"k_pid_pos": [0.09833369330805093, 0.555288390764236, 0.8055583351772376], "k_pid_alt": [0.09656509475505759, 0.6754805910723183, 0.4429197726915416], "k_pid_att": [30.656302921699808, 1.1926674024738977, 0.28674828168415767], "k_pid_yaw": [0.5, 1e-06, 0.1], "k_pid_hsp": [0.7752319288218983, 0.1874586260877401, 0.15378700168924575], "k_pid_vsp": [112.48771910054765, 185.9328242985151, 260.79441035793553]}, "datetime": {"datetime": "2025-08-21 10:14:45", "elapsed": 5401.548326969147, "delta": 29.060590028762817}, "costs": {"total_cost": 1544.0107047127265, "time_cost": 150, "final_distance_cost": 56.51140744950038, "oscillation_cost": 289.7960146253811, "completition_cost": 888.8888888888888, "overshoot_cost": 109.6747155492742, "power_cost": 19.156459094238283, "noise_cost": 29.98321910544375, "n_waypoints_completed": 1, "tot_waypoints": 9}}
{"target": -965.4682538045249, "params": {"k_pid_pos": [1.4873329831272968, 0.39141381084078875, 0.6745514194630483], "k_pid_alt": [0.16482156315773433, 0.19803496206308535, 0.022227697540327274], "k_pid_att": [65.3985993574828, 1.932508656742371, 0.5489355797694527], "k_pid_yaw": [0.5, 1e-06, 0.1], "k_pid_hsp": [9.241186726577553, 0.7958652665393722, 0.6250437739998477], "k_pid_vsp": [158.3221703770608, 343.73142984442944, 289.0606330119938]}, "datetime": {"datetime": "2025-08-21 10:15:10", "elapsed": 5426.690601825714, "delta": 25.142274856567383}, "costs": {"total_cost": 965.4682538045249, "time_cost": 150, "final_distance_cost": 66.6130333584545, "oscillation_cost": 316.185242499967, "completition_cost": 333.33333333333337, "overshoot_cost": 54.55884746124527, "power_cost": 24.524054028320315, "noise_cost": 20.253743123204597, "n_waypoints_completed": 6, "tot_waypoints": 9}}
