{"target": -922.2113266672312, "params": {"k_pid_pos": [1.6795930999242215, 0.8382040145061194, 0.4876091592914462], "k_pid_alt": [1.2701228419574535, 0.1036443318047221, 0.8242750493837733], "k_pid_att": [23.247728337456063, 6.710853783039611, 0.8014112801585699], "k_pid_yaw": [0.5, 1e-06, 0.1], "k_pid_hsp": [9.495229657770722, 0.46423967696834023, 0.32003771352120025], "k_pid_vsp": [86.63744508874602, 149.7314941907613, 147.6681536100905]}, "datetime": {"datetime": "2025-08-21 11:17:12", "elapsed": 9148.727046489716, "delta": 23.839308500289917}, "costs": {"total_cost": 922.2113266672312, "time_cost": 150, "final_distance_cost": 61.58662799023721, "oscillation_cost": 272.0781922049292, "completition_cost": 333.33333333333337, "overshoot_cost": 71.02460082865855, "power_cost": 19.479299829101564, "noise_cost": 14.709272480971197, "n_waypoints_completed": 6, "tot_waypoints": 9}}
{"target": -894.3195553131908, "params": {"k_pid_pos": [1.5735645108438956, 0.5657026601140834, 0.2537764612891146], "k_pid_alt": [1.5215933426955488, 0.7696474864440018, 0.5270693783739998], "k_pid_att": [16.247955291827143, 0.14419411608260926, 0.573582349829367], "k_pid_yaw": [0.5, 1e-06, 0.1], "k_pid_hsp": [8.071179146297416, 0.04986178357773241, 0.29680905978288885], "k_pid_vsp": [265.8565327666686, 161.55870709571485, 211.80572135434352]}, "datetime": {"datetime": "2025-08-21 11:17:35", "elapsed": 9171.922975540161, "delta": 23.195929050445557}, "costs": {"total_cost": 894.3195553131908, "time_cost": 150, "final_distance_cost": 54.47208100276187, "oscillation_cost": 260.6282830571478, "completition_cost": 333.33333333333337, "overshoot_cost": 50.633999468891254, "power_cost": 25.88173201904297, "noise_cost": 19.370126432013585, "n_waypoints_completed": 6, "tot_waypoints": 9}}
{"target": -804.2408905688468, "params": {"k_pid_pos": [0.8900943585608737, 0.2552719648131052, 0.5811249471623204], "k_pid_alt": [1.9146530693478494, 0.15785565751382247, 0.8722355514030705], "k_pid_att": [79.29274120666186, 5.265619559764772, 0.8764291351024386], "k_pid_yaw": [0.5, 1e-06, 0.1], "k_pid_hsp": [1.6934673065491306, 0.5267101532380207, 0.31335127033260046], "k_pid_vsp": [379.5091108550154, 109.69349267083903, 136.04798570119684]}, "datetime": {"datetime": "2025-08-21 11:17:58", "elapsed": 9195.201426029205, "delta": 23.27845048904419}, "costs": {"total_cost": 804.2408905688468, "time_cost": 150, "final_distance_cost": 71.5495532963259, "oscillation_cost": 278.8160396433633, "completition_cost": 222.2222222222222, "overshoot_cost": 47.48512421276067, "power_cost": 19.09356474609375, "noise_cost": 15.07438644808098, "n_waypoints_completed": 7, "tot_waypoints": 9}}
{"target": -803.2673357422783, "params": {"k_pid_pos": [0.21895634550623108, 0.03977092058034992, 0.20140129136413343], "k_pid_alt": [1.1080784802908823, 0.5048557311598489, 0.6490615424569969], "k_pid_att": [18.451694581211896, 1.2633990784522513, 0.514745702993722], "k_pid_yaw": [0.5, 1e-06, 0.1], "k_pid_hsp": [1.691599215937044, 0.8275009292957459, 0.681154910081619], "k_pid_vsp": [239.8932511328306, 33.06404656717689, 112.14734664507449]}, "datetime": {"datetime": "2025-08-21 11:18:22", "elapsed": 9219.112477302551, "delta": 23.911051273345947}, "costs": {"total_cost": 803.2673357422783, "time_cost": 150, "final_distance_cost": 73.16903618769808, "oscillation_cost": 273.38152356833797, "completition_cost": 222.2222222222222, "overshoot_cost": 57.12408610670922, "power_cost": 15.493608459472657, "noise_cost": 11.876859197838202, "n_waypoints_completed": 7, "tot_waypoints": 9}}
{"target": -1602.895396532236, "params": {"k_pid_pos": [1.9808056375505012, 0.5165199425200582, 0.12822216358106076], "k_pid_alt": [0.5705344848716616, 0.7591762770287718, 0.8758547708764813], "k_pid_att": [5.97442216173627, 5.098319819190023, 0.564821153793645], "k_pid_yaw": [0.5, 1e-06, 0.1], "k_pid_hsp": [2.836056402422758, 0.4647958199928125, 0.8632556580571135], "k_pid_vsp": [302.5876658675152, 217.9251899926761, 327.1216664962792]}, "datetime": {"datetime": "2025-08-21 11:18:46", "elapsed": 9242.700644016266, "delta": 23.5881667137146}, "costs": {"total_cost": 1602.895396532236, "time_cost": 150, "final_distance_cost": 45.462630201865224, "oscillation_cost": 317.82502404803245, "completition_cost": 1000.0, "overshoot_cost": 48.77073832120517, "power_cost": 23.849291723632813, "noise_cost": 16.98771223750007, "n_waypoints_completed": 0, "tot_waypoints": 9}}
{"target": -1087.815454212799, "params": {"k_pid_pos": [1.5215372293141316, 0.9608142146245977, 0.6882251545304673], "k_pid_alt": [1.201875190847039, 0.38383648546741156, 0.844400143379161], "k_pid_att": [77.92113630230556, 8.941787656699429, 0.2566849030077303], "k_pid_yaw": [0.5, 1e-06, 0.1], "k_pid_hsp": [0.3626333063086602, 0.8825025840144569, 0.2360845985536535], "k_pid_vsp": [198.22399435188512, 351.04423430855695, 361.2797838744991]}, "datetime": {"datetime": "2025-08-21 11:19:10", "elapsed": 9266.835308551788, "delta": 24.13466453552246}, "costs": {"total_cost": 1087.815454212799, "time_cost": 150, "final_distance_cost": 48.376981039542386, "oscillation_cost": 98.65444789982202, "completition_cost": 666.6666666666667, "overshoot_cost": 76.66274379182516, "power_cost": 26.337555334472658, "noise_cost": 21.117059480470264, "n_waypoints_completed": 3, "tot_waypoints": 9}}
{"target": -884.0435732791885, "params": {"k_pid_pos": [1.8498383624555215, 0.4409472811115208, 0.7996154897480023], "k_pid_alt": [1.4401928552603733, 0.2187016732901298, 0.4207317633556654], "k_pid_att": [70.06229161304738, 1.9926960263721303, 0.9068195090642294], "k_pid_yaw": [0.5, 1e-06, 0.1], "k_pid_hsp": [6.401020917713694, 0.9500386724985211, 0.33632965808064863], "k_pid_vsp": [76.90905058430357, 387.37676982519696, 183.20629527114016]}, "datetime": {"datetime": "2025-08-21 11:19:34", "elapsed": 9290.452122926712, "delta": 23.616814374923706}, "costs": {"total_cost": 884.0435732791885, "time_cost": 150, "final_distance_cost": 65.1761298008501, "oscillation_cost": 234.13632015681495, "completition_cost": 333.33333333333337, "overshoot_cost": 51.016465029472315, "power_cost": 29.963850805664062, "noise_cost": 20.417474153053746, "n_waypoints_completed": 6, "tot_waypoints": 9}}
{"target": -789.257800957749, "params": {"k_pid_pos": [1.4069258409900163, 0.4441645815972859, 0.20542040772510795], "k_pid_alt": [0.8516884889588703, 0.45247531209444847, 0.1047942020633783], "k_pid_att": [73.52874272947537, 6.998778817236635, 0.859665802574185], "k_pid_yaw": [0.5, 1e-06, 0.1], "k_pid_hsp": [3.4108870783968652, 0.27310502810954995, 0.33237899437109764], "k_pid_vsp": [103.38319782410595, 166.95083902002034, 169.8486525976815]}, "datetime": {"datetime": "2025-08-21 11:19:57", "elapsed": 9314.281717061996, "delta": 23.829594135284424}, "costs": {"total_cost": 789.257800957749, "time_cost": 150, "final_distance_cost": 74.38223381558882, "oscillation_cost": 243.76911360499994, "completition_cost": 222.2222222222222, "overshoot_cost": 60.13633179170944, "power_cost": 21.226339868164064, "noise_cost": 17.52155965506472, "n_waypoints_completed": 7, "tot_waypoints": 9}}
{"target": -855.3595419208096, "params": {"k_pid_pos": [1.1709840080989897, 0.45360742626498873, 0.5772265472152717], "k_pid_alt": [1.668154192053393, 0.35573942171514517, 0.6090388507192844], "k_pid_att": [66.29534499502147, 2.189176278536162, 0.7600166757741706], "k_pid_yaw": [0.5, 1e-06, 0.1], "k_pid_hsp": [8.468580753782023, 0.8454957621977442, 0.18896140190170974], "k_pid_vsp": [288.4182964667949, 189.259491897218, 370.0468943634347]}, "datetime": {"datetime": "2025-08-21 11:20:21", "elapsed": 9337.68689608574, "delta": 23.405179023742676}, "costs": {"total_cost": 855.3595419208096, "time_cost": 150, "final_distance_cost": 79.33208925242384, "oscillation_cost": 310.5691878697662, "completition_cost": 222.2222222222222, "overshoot_cost": 56.72993892342269, "power_cost": 20.53447615966797, "noise_cost": 15.971627493306745, "n_waypoints_completed": 7, "tot_waypoints": 9}}
{"target": -1866.2559240246942, "params": {"k_pid_pos": [0.9291470282536741, 0.5817940660185132, 0.24998350356697208], "k_pid_alt": [0.4596233915605086, 0.5697176602700152, 0.7402178582629703], "k_pid_att": [99.18607561835503, 7.249642647878744, 0.8079700852558737], "k_pid_yaw": [0.5, 1e-06, 0.1], "k_pid_hsp": [9.700734578325084, 0.7752861048430634, 0.6854364525432114], "k_pid_vsp": [30.50358552681338, 231.48686379627748, 223.9189394671084]}, "datetime": {"datetime": "2025-08-21 11:20:44", "elapsed": 9360.954260349274, "delta": 23.267364263534546}, "costs": {"total_cost": 1866.2559240246942, "time_cost": 150, "final_distance_cost": 163.17180394520383, "oscillation_cost": 450.5841905150649, "completition_cost": 888.8888888888888, "overshoot_cost": 174.6298304869828, "power_cost": 20.53442069091797, "noise_cost": 18.446789497635475, "n_waypoints_completed": 1, "tot_waypoints": 9}}
{"target": -1336.9140465887797, "params": {"k_pid_pos": [1.9543201879960623, 0.690700163749789, 0.1580810720656296], "k_pid_alt": [0.27933991585888185, 0.1536635252382953, 0.3788536641987488], "k_pid_att": [4.931684073073017, 4.19077050483806, 0.341711317885082], "k_pid_yaw": [0.5, 1e-06, 0.1], "k_pid_hsp": [2.9755189279262804, 0.5209251365995196, 0.7223041357798505], "k_pid_vsp": [154.74917473791393, 281.3823725971477, 256.01533622551614]}, "datetime": {"datetime": "2025-08-21 11:21:08", "elapsed": 9384.545157194138, "delta": 23.59089684486389}, "costs": {"total_cost": 1336.9140465887797, "time_cost": 150, "final_distance_cost": 60.51963452246389, "oscillation_cost": 261.0168898261688, "completition_cost": 777.7777777777778, "overshoot_cost": 49.821856405897044, "power_cost": 21.880631958007815, "noise_cost": 15.897256098464256, "n_waypoints_completed": 2, "tot_waypoints": 9}}
{"target": -1222.4053113213959, "params": {"k_pid_pos": [0.12498288657415633, 0.5827925000107642, 0.635599716768986], "k_pid_alt": [0.18813383675215434, 0.7955063946196818, 0.44271591092666795], "k_pid_att": [92.01597873318556, 1.3595780334399816, 0.6363829617724821], "k_pid_yaw": [0.5, 1e-06, 0.1], "k_pid_hsp": [7.712171835835343, 0.6529857503943465, 0.68964504982527], "k_pid_vsp": [102.79354753754203, 367.58144444652083, 103.9817724693623]}, "datetime": {"datetime": "2025-08-21 11:21:31", "elapsed": 9407.906305789948, "delta": 23.361148595809937}, "costs": {"total_cost": 1222.4053113213959, "time_cost": 150, "final_distance_cost": 54.4585770591713, "oscillation_cost": 251.7579500846443, "completition_cost": 666.6666666666667, "overshoot_cost": 56.48774291895884, "power_cost": 23.377889758300782, "noise_cost": 19.656484833653895, "n_waypoints_completed": 3, "tot_waypoints": 9}}
{"target": -1701.6084305137308, "params": {"k_pid_pos": [0.5812678623787366, 0.3437545684405039, 0.040614858557610156], "k_pid_alt": [0.38346000490632015, 0.35527579550665067, 0.9627232166750398], "k_pid_att": [58.56224530658505, 7.8473267491083085, 0.030503286794267503], "k_pid_yaw": [0.5, 1e-06, 0.1], "k_pid_hsp": [0.8042583680570482, 0.7272790108640856, 0.9921102870368697], "k_pid_vsp": [152.27388041717643, 344.84679184596393, 248.33526357470805]}, "datetime": {"datetime": "2025-08-21 11:21:54", "elapsed": 9431.381922006607, "delta": 23.475616216659546}, "costs": {"total_cost": 1701.6084305137308, "time_cost": 150, "final_distance_cost": 54.2857399517335, "oscillation_cost": 425.2232720932667, "completition_cost": 1000.0, "overshoot_cost": 38.0217834674807, "power_cost": 18.808437634277343, "noise_cost": 15.269197366972508, "n_waypoints_completed": 0, "tot_waypoints": 9}}
{"target": -757.0028841729596, "params": {"k_pid_pos": [0.5127613474546221, 0.24618861706431738, 0.14248744897817645], "k_pid_alt": [1.2085115362537524, 0.5210080471854706, 0.4766690054509818], "k_pid_att": [32.929380699246714, 3.58751647611227, 0.6649266797995714], "k_pid_yaw": [0.5, 1e-06, 0.1], "k_pid_hsp": [5.033111344415495, 0.4750562477145075, 0.6096854141686906], "k_pid_vsp": [337.46441009993606, 349.7147949095419, 232.38027597175838]}, "datetime": {"datetime": "2025-08-21 11:22:18", "elapsed": 9454.595097780228, "delta": 23.213175773620605}, "costs": {"total_cost": 757.0028841729596, "time_cost": 150, "final_distance_cost": 67.72593387037311, "oscillation_cost": 231.16077719840752, "completition_cost": 222.2222222222222, "overshoot_cost": 47.99487989672579, "power_cost": 21.537073950195314, "noise_cost": 16.361997035035635, "n_waypoints_completed": 7, "tot_waypoints": 9}}
{"target": -603.7171059427535, "params": {"k_pid_pos": [1.6678901558243815, 0.6517389743933462, 0.31162386353779425], "k_pid_alt": [1.0576015522448643, 0.8946030950228563, 0.4568959566331421], "k_pid_att": [36.654179283121756, 0.8265432873403938, 0.43935362144642764], "k_pid_yaw": [0.5, 1e-06, 0.1], "k_pid_hsp": [8.47608926115428, 0.807265250255005, 0.14232344291096444], "k_pid_vsp": [144.90820395458778, 387.48330577202375, 131.70736399211228]}, "datetime": {"datetime": "2025-08-21 11:22:41", "elapsed": 9478.160903215408, "delta": 23.565805435180664}, "costs": {"total_cost": 603.7171059427535, "time_cost": 150, "final_distance_cost": 46.31277176938991, "oscillation_cost": 203.07129396634585, "completition_cost": 111.11111111111116, "overshoot_cost": 55.95115398445886, "power_cost": 21.110477978515625, "noise_cost": 16.160297132932143, "n_waypoints_completed": 8, "tot_waypoints": 9}}
{"target": -1987.571387922826, "params": {"k_pid_pos": [0.12722850186819215, 0.0617402541205091, 0.7989813043512619], "k_pid_alt": [1.1808924971843122, 0.6081637135279727, 0.8661614368941314], "k_pid_att": [98.78155808153466, 0.7836220534281353, 0.2465703396303377], "k_pid_yaw": [0.5, 1e-06, 0.1], "k_pid_hsp": [2.686841943437848, 0.04741832588411721, 0.8772596885938118], "k_pid_vsp": [116.74486263519759, 161.61277402595275, 312.76066900057657]}, "datetime": {"datetime": "2025-08-21 11:23:05", "elapsed": 9502.111994504929, "delta": 23.951091289520264}, "costs": {"total_cost": 1987.571387922826, "time_cost": 150, "final_distance_cost": 243.50598201593175, "oscillation_cost": 450.08463899266627, "completition_cost": 888.8888888888888, "overshoot_cost": 218.9413357419923, "power_cost": 19.849815246582033, "noise_cost": 16.30072703676477, "n_waypoints_completed": 1, "tot_waypoints": 9}}
{"target": -1479.378665327425, "params": {"k_pid_pos": [0.28180066426937495, 0.02691400040223102, 0.18885644548129787], "k_pid_alt": [1.4729742755219994, 0.644686655931438, 0.6850961824108406], "k_pid_att": [2.147113086037522, 9.48152662198426, 0.5520616793637945], "k_pid_yaw": [0.5, 1e-06, 0.1], "k_pid_hsp": [4.522472662658805, 0.40286816860834895, 0.9027426898869811], "k_pid_vsp": [254.9623657227766, 138.79241863062373, 3.0053686585130626]}, "datetime": {"datetime": "2025-08-21 11:23:31", "elapsed": 9528.181777954102, "delta": 26.069783449172974}, "costs": {"total_cost": 1479.378665327425, "time_cost": 150, "final_distance_cost": 77.50471355138947, "oscillation_cost": 451.5221507130994, "completition_cost": 666.6666666666667, "overshoot_cost": 87.47733569348824, "power_cost": 25.97086549072266, "noise_cost": 20.236933212058506, "n_waypoints_completed": 3, "tot_waypoints": 9}}
{"target": -874.0800230996854, "params": {"k_pid_pos": [0.6427713931119906, 0.01154660272886654, 0.650627473050172], "k_pid_alt": [1.5240114641401172, 0.3408410956791774, 0.5054970922017046], "k_pid_att": [75.26952050548613, 0.25744057357516, 0.48519465065052747], "k_pid_yaw": [0.5, 1e-06, 0.1], "k_pid_hsp": [5.685526830229203, 0.9932074636976578, 0.9905594469611992], "k_pid_vsp": [235.40476538277173, 109.06182446697704, 299.74487372066113]}, "datetime": {"datetime": "2025-08-21 11:23:58", "elapsed": 9554.791129350662, "delta": 26.60935139656067}, "costs": {"total_cost": 874.0800230996854, "time_cost": 150, "final_distance_cost": 72.02094601355947, "oscillation_cost": 339.2768951480184, "completition_cost": 222.2222222222222, "overshoot_cost": 48.96443516320573, "power_cost": 23.137403942871096, "noise_cost": 18.458120609808468, "n_waypoints_completed": 7, "tot_waypoints": 9}}
{"target": -975.122038072833, "params": {"k_pid_pos": [0.7255243960987785, 0.04461980470421001, 0.15348953564971157], "k_pid_alt": [0.6886799408421536, 0.9096475302179635, 0.18134016120016372], "k_pid_att": [74.32317871524735, 1.9710612279922273, 0.011672522372465077], "k_pid_yaw": [0.5, 1e-06, 0.1], "k_pid_hsp": [3.6072898933802593, 0.6553421351440736, 0.365798849539528], "k_pid_vsp": [45.284313634556916, 109.12047019715202, 78.3532259125514]}, "datetime": {"datetime": "2025-08-21 11:24:22", "elapsed": 9579.272219896317, "delta": 24.481090545654297}, "costs": {"total_cost": 975.122038072833, "time_cost": 150, "final_distance_cost": 78.48629899546047, "oscillation_cost": 311.65432699596096, "completition_cost": 333.33333333333337, "overshoot_cost": 60.41169133056467, "power_cost": 23.1799087890625, "noise_cost": 18.056478628451043, "n_waypoints_completed": 6, "tot_waypoints": 9}}
{"target": -1707.7992651753907, "params": {"k_pid_pos": [1.6742754086629703, 0.16375498702954705, 0.6283042147327532], "k_pid_alt": [0.4537168554125013, 0.8168019889787766, 0.4094656439528376], "k_pid_att": [38.87915293336249, 5.9291214620414125, 0.7131221801373523], "k_pid_yaw": [0.5, 1e-06, 0.1], "k_pid_hsp": [4.101258653535006, 0.6559527193591658, 0.41560611284353977], "k_pid_vsp": [69.69507110960582, 126.07699881645051, 364.5112556903641]}, "datetime": {"datetime": "2025-08-21 11:24:46", "elapsed": 9602.928790092468, "delta": 23.656570196151733}, "costs": {"total_cost": 1707.7992651753907, "time_cost": 150, "final_distance_cost": 87.51234500392101, "oscillation_cost": 404.0785917513798, "completition_cost": 888.8888888888888, "overshoot_cost": 120.40928770613289, "power_cost": 16.1952984375, "noise_cost": 40.714853387568226, "n_waypoints_completed": 1, "tot_waypoints": 9}}
{"target": -952.8513429448562, "params": {"k_pid_pos": [1.1437437540242146, 0.2339485607739744, 0.14324120431573506], "k_pid_alt": [1.0541225055592387, 0.6191423742912934, 0.6744767261514353], "k_pid_att": [90.66811417140046, 4.8554544617175415, 0.08968672143517331], "k_pid_yaw": [0.5, 1e-06, 0.1], "k_pid_hsp": [5.769495490861675, 0.5984978826045115, 0.6992038510853156], "k_pid_vsp": [357.7112388398828, 165.48189472498606, 251.20410012949932]}, "datetime": {"datetime": "2025-08-21 11:25:09", "elapsed": 9626.392231941223, "delta": 23.463441848754883}, "costs": {"total_cost": 952.8513429448562, "time_cost": 150, "final_distance_cost": 67.60028840657912, "oscillation_cost": 314.9296433464869, "completition_cost": 333.33333333333337, "overshoot_cost": 54.241363005784024, "power_cost": 18.385551525878906, "noise_cost": 14.361163326794006, "n_waypoints_completed": 6, "tot_waypoints": 9}}
{"target": -3375.715034904626, "params": {"k_pid_pos": [0.04003438179879315, 0.2850683217488015, 0.09410222836245397], "k_pid_alt": [1.9070109995063829, 0.9754124948297954, 0.6920843787076338], "k_pid_att": [90.7397054865039, 9.582784258214353, 0.22378483168431584], "k_pid_yaw": [0.5, 1e-06, 0.1], "k_pid_hsp": [0.7087514288217585, 0.781994869684878, 0.4458823857211599], "k_pid_vsp": [7.886813783139779, 55.124703192786136, 274.43129189548966]}, "datetime": {"datetime": "2025-08-21 11:25:33", "elapsed": 9649.584032058716, "delta": 23.191800117492676}, "costs": {"total_cost": 3375.715034904626, "time_cost": 150, "final_distance_cost": 652.7626114783337, "oscillation_cost": 354.92993535383897, "completition_cost": 1000.0, "overshoot_cost": 1178.737479864665, "power_cost": 21.994311743164065, "noise_cost": 17.290696464624652, "n_waypoints_completed": 0, "tot_waypoints": 9}}
{"target": -1176.4785246213514, "params": {"k_pid_pos": [1.3280584860490685, 0.06866540843341318, 0.5508052021546662], "k_pid_alt": [1.6452557899117162, 0.4168539563265179, 0.7378248561179357], "k_pid_att": [69.37845883744293, 1.0646307016665295, 0.8761524097023224], "k_pid_yaw": [0.5, 1e-06, 0.1], "k_pid_hsp": [9.216042309561017, 0.6137210787440376, 0.3440691094183139], "k_pid_vsp": [151.27437209010347, 269.41969086172884, 376.4730452860746]}, "datetime": {"datetime": "2025-08-21 11:25:56", "elapsed": 9672.844163894653, "delta": 23.2601318359375}, "costs": {"total_cost": 1176.4785246213514, "time_cost": 150, "final_distance_cost": 39.719459979785455, "oscillation_cost": 329.19202790911055, "completition_cost": 555.5555555555555, "overshoot_cost": 65.08577201671078, "power_cost": 19.32760848388672, "noise_cost": 17.598100676302387, "n_waypoints_completed": 4, "tot_waypoints": 9}}
{"target": -1433.093589410233, "params": {"k_pid_pos": [1.714135698950203, 0.6677722875491091, 0.20255846344670947], "k_pid_alt": [0.5579943956268418, 0.05191180894053726, 0.07449544362470839], "k_pid_att": [40.80342008363317, 3.5877731829692645, 0.6213102912134879], "k_pid_yaw": [0.5, 1e-06, 0.1], "k_pid_hsp": [3.0236825513736836, 0.5139460309865705, 0.4377177429925737], "k_pid_vsp": [38.07813152189055, 96.32399062654058, 119.54408137064257]}, "datetime": {"datetime": "2025-08-21 11:26:19", "elapsed": 9696.252670764923, "delta": 23.408506870269775}, "costs": {"total_cost": 1433.093589410233, "time_cost": 150, "final_distance_cost": 69.83284806833018, "oscillation_cost": 266.24112880373286, "completition_cost": 777.7777777777778, "overshoot_cost": 107.43785349419709, "power_cost": 25.629546044921877, "noise_cost": 36.1744352212734, "n_waypoints_completed": 2, "tot_waypoints": 9}}
