{"target": -1409.3820669537843, "params": {"k_pid_pos": [0.16647769751097194, 0.000507924317862618, 0.9678639286574159], "k_pid_alt": [1.8385703545947791, 0.42757432736185985, 0.7192766554817049], "k_pid_att": [98.57731411204205, 8.069941120421586, 0.35899886138588055], "k_pid_yaw": [0.5, 1e-06, 0.1], "k_pid_hsp": [0.8118493654580441, 0.5469352910908554, 0.05164653013501197], "k_pid_vsp": [332.691499317369, 322.8866898073207, 99.82327370012618]}, "datetime": {"datetime": "2025-08-21 20:19:47", "elapsed": 41703.61177110672, "delta": 39.51908349990845}, "costs": {"total_cost": 1409.3820669537843, "time_cost": 150, "final_distance_cost": 86.09659713947302, "oscillation_cost": 312.60498629946557, "completition_cost": 777.7777777777778, "overshoot_cost": 43.92078084705301, "power_cost": 22.1000041015625, "noise_cost": 16.881920788452362, "n_waypoints_completed": 2, "tot_waypoints": 9}}
{"target": -1251.6724523240637, "params": {"k_pid_pos": [0.9009372052034244, 0.6213947460260234, 0.11001434788366438], "k_pid_alt": [0.3108592069482825, 0.762988491808422, 0.8953817826796929], "k_pid_att": [3.6777971446638302, 3.5774867943128337, 0.68871723804722], "k_pid_yaw": [0.5, 1e-06, 0.1], "k_pid_hsp": [0.41213990888691104, 0.8307224722993527, 0.8470159150333224], "k_pid_vsp": [105.8837430914767, 306.71891230209707, 95.16900808034282]}, "datetime": {"datetime": "2025-08-21 20:20:25", "elapsed": 41742.03699469566, "delta": 38.42522358894348}, "costs": {"total_cost": 1251.6724523240637, "time_cost": 150, "final_distance_cost": 90.92236832599787, "oscillation_cost": 124.67306255496935, "completition_cost": 777.7777777777778, "overshoot_cost": 75.02377377350302, "power_cost": 19.18321141357422, "noise_cost": 14.092258478241162, "n_waypoints_completed": 2, "tot_waypoints": 9}}
{"target": -312.36961528235906, "params": {"k_pid_pos": [2.0, 0.03749175725654589, 0.0], "k_pid_alt": [2.0, 0.0, 1.0], "k_pid_att": [55.142702601106734, 5.6400278973807, 0.36323946917171557], "k_pid_yaw": [0.5, 1e-06, 0.1], "k_pid_hsp": [3.9088803103118877, 1.0, 1.0], "k_pid_vsp": [361.2117315815451, 213.89352325694628, 33.211247958215466]}, "datetime": {"datetime": "2025-08-21 20:21:05", "elapsed": 41782.22175216675, "delta": 40.184757471084595}, "costs": {"total_cost": 312.36961528235906, "time_cost": 79.88, "final_distance_cost": 1.7391900056600276, "oscillation_cost": 146.94981477166024, "completition_cost": 0.0, "overshoot_cost": 53.41433387206012, "power_cost": 16.9591009765625, "noise_cost": 13.42717565641616, "n_waypoints_completed": 9, "tot_waypoints": 9}}
{"target": -976.2952769112001, "params": {"k_pid_pos": [1.8560746491145406, 0.5087627651654847, 0.3336124002822196], "k_pid_alt": [1.292460943834312, 0.7908025595809501, 0.3218958882193883], "k_pid_att": [73.02662088982707, 5.03541459296465, 0.34367353991614114], "k_pid_yaw": [0.5, 1e-06, 0.1], "k_pid_hsp": [1.6357424403130982, 0.9535832853016178, 0.8671512142340979], "k_pid_vsp": [174.18744929697016, 152.7997704595606, 67.80396797380327]}, "datetime": {"datetime": "2025-08-21 20:21:56", "elapsed": 41833.37346959114, "delta": 51.1517174243927}, "costs": {"total_cost": 976.2952769112001, "time_cost": 150, "final_distance_cost": 41.22765664915065, "oscillation_cost": 133.85751220704338, "completition_cost": 555.5555555555555, "overshoot_cost": 51.98096523874951, "power_cost": 24.818274938964844, "noise_cost": 18.85531232173613, "n_waypoints_completed": 4, "tot_waypoints": 9}}
{"target": -1026.9704114042852, "params": {"k_pid_pos": [1.9442346970074362, 0.7511586662127812, 0.35530577669213753], "k_pid_alt": [0.0, 0.20795694784101465, 0.298496733918336], "k_pid_att": [56.01191441997332, 0.0001, 0.9234623299097049], "k_pid_yaw": [0.5, 1e-06, 0.1], "k_pid_hsp": [9.76156616100072, 0.5283622123895791, 0.8664861483817013], "k_pid_vsp": [243.11821263947354, 355.8370887714687, 149.8266178933011]}, "datetime": {"datetime": "2025-08-21 20:22:44", "elapsed": 41880.924800395966, "delta": 47.55133080482483}, "costs": {"total_cost": 1026.9704114042852, "time_cost": 150, "final_distance_cost": 48.08755107971264, "oscillation_cost": 176.5810682500883, "completition_cost": 555.5555555555555, "overshoot_cost": 56.89159647996655, "power_cost": 22.126833129882815, "noise_cost": 17.72780690907945, "n_waypoints_completed": 4, "tot_waypoints": 9}}
{"target": -954.0858350813081, "params": {"k_pid_pos": [1.803398080796887, 0.5876778782932691, 0.5173907970822044], "k_pid_alt": [0.0, 0.4094802920005223, 0.48831450571984053], "k_pid_att": [49.561917286498236, 0.0001, 0.7280379036501633], "k_pid_yaw": [0.5, 1e-06, 0.1], "k_pid_hsp": [8.83885815761254, 0.4353134283291179, 0.8529671487177267], "k_pid_vsp": [236.44793103534116, 349.8841933111645, 147.09790665239447]}, "datetime": {"datetime": "2025-08-21 20:23:21", "elapsed": 41918.07556605339, "delta": 37.15076565742493}, "costs": {"total_cost": 954.0858350813081, "time_cost": 150, "final_distance_cost": 47.21725360192645, "oscillation_cost": 211.7269726128495, "completition_cost": 444.4444444444444, "overshoot_cost": 55.322915846512956, "power_cost": 25.48774938964844, "noise_cost": 19.88649918592639, "n_waypoints_completed": 5, "tot_waypoints": 9}}
{"target": -779.6153428304972, "params": {"k_pid_pos": [1.3505486428493156, 0.2736105014428009, 0.0], "k_pid_alt": [0.26542456133118814, 0.33176420519132804, 0.837074234922759], "k_pid_att": [62.14077877355777, 5.6324621404993325, 1.0], "k_pid_yaw": [0.5, 1e-06, 0.1], "k_pid_hsp": [10.0, 0.49780019223720234, 1.0], "k_pid_vsp": [300.02679470247745, 354.0154148940925, 47.808617207630626]}, "datetime": {"datetime": "2025-08-21 20:24:02", "elapsed": 41959.33743882179, "delta": 41.2618727684021}, "costs": {"total_cost": 779.6153428304972, "time_cost": 150, "final_distance_cost": 73.95155468036747, "oscillation_cost": 241.55549199526087, "completition_cost": 222.2222222222222, "overshoot_cost": 51.60353896106263, "power_cost": 22.385068029785156, "noise_cost": 17.89746694179886, "n_waypoints_completed": 7, "tot_waypoints": 9}}
{"target": -337.0573360823654, "params": {"k_pid_pos": [1.091050339135929, 0.0, 1.0], "k_pid_alt": [1.3850959813312518, 0.9333259691590191, 1.0], "k_pid_att": [33.38257438915762, 1.4980944030896721, 1.0], "k_pid_yaw": [0.5, 1e-06, 0.1], "k_pid_hsp": [6.731442814026621, 0.9679191499514875, 0.05614082929405807], "k_pid_vsp": [95.99098484734142, 61.84903373370191, 30.427341777730646]}, "datetime": {"datetime": "2025-08-21 20:24:40", "elapsed": 41997.26170372963, "delta": 37.924264907836914}, "costs": {"total_cost": 337.0573360823654, "time_cost": 87.328, "final_distance_cost": 1.7934497230488402, "oscillation_cost": 160.6035834114267, "completition_cost": 0.0, "overshoot_cost": 55.25339834454502, "power_cost": 18.13627216796875, "noise_cost": 13.942632435376064, "n_waypoints_completed": 9, "tot_waypoints": 9}}
{"target": -896.5517278321635, "params": {"k_pid_pos": [1.393525908120262, 0.3885182991932393, 0.12006748065353322], "k_pid_alt": [0.10425623510331525, 0.0, 0.0], "k_pid_att": [57.64194653169146, 0.0001, 0.9625852155031738], "k_pid_yaw": [0.5, 1e-06, 0.1], "k_pid_hsp": [2.934218353445709, 1.0, 0.05288275300473525], "k_pid_vsp": [276.54694424579276, 284.65182534882075, 228.65653494812676]}, "datetime": {"datetime": "2025-08-21 20:25:24", "elapsed": 42040.471113204956, "delta": 43.20940947532654}, "costs": {"total_cost": 896.5517278321635, "time_cost": 150, "final_distance_cost": 39.66059747910941, "oscillation_cost": 66.78553409054784, "completition_cost": 555.5555555555555, "overshoot_cost": 57.465873248810226, "power_cost": 14.95277869873047, "noise_cost": 12.131388759410036, "n_waypoints_completed": 4, "tot_waypoints": 9}}
{"target": -953.0303076762593, "params": {"k_pid_pos": [0.9336203765961942, 0.6015262800113887, 0.7790463484975145], "k_pid_alt": [0.5690229900726556, 0.2051980929153676, 0.8294861232855405], "k_pid_att": [18.588498450341195, 1.9257502304227527, 0.4384548365254507], "k_pid_yaw": [0.5, 1e-06, 0.1], "k_pid_hsp": [0.2980376232210951, 0.5144658136419689, 0.4432017898261298], "k_pid_vsp": [143.8548682625755, 10.178585273932795, 16.1067998434238]}, "datetime": {"datetime": "2025-08-21 20:26:05", "elapsed": 42081.45417571068, "delta": 40.983062505722046}, "costs": {"total_cost": 953.0303076762593, "time_cost": 150, "final_distance_cost": 49.562072436363906, "oscillation_cost": 220.58219360140708, "completition_cost": 444.4444444444444, "overshoot_cost": 57.62643946633144, "power_cost": 17.150708410644533, "noise_cost": 13.66444931706796, "n_waypoints_completed": 5, "tot_waypoints": 9}}
{"target": -839.7370491188913, "params": {"k_pid_pos": [0.8493842203618407, 0.14924168353135958, 0.4544214627104225], "k_pid_alt": [0.25899334335685387, 0.082306890162963, 0.23970403569658594], "k_pid_att": [24.39393848157576, 2.232250228521186, 0.43790059501653245], "k_pid_yaw": [0.5, 1e-06, 0.1], "k_pid_hsp": [8.624206224746075, 0.06080653760106103, 0.18799712022751736], "k_pid_vsp": [153.93316253347592, 14.073554135632072, 7.01536249993346]}, "datetime": {"datetime": "2025-08-21 20:26:42", "elapsed": 42118.548392772675, "delta": 37.09421706199646}, "costs": {"total_cost": 839.7370491188913, "time_cost": 150, "final_distance_cost": 69.13644415100252, "oscillation_cost": 321.45275905205574, "completition_cost": 222.2222222222222, "overshoot_cost": 45.20575672783183, "power_cost": 17.027544958496094, "noise_cost": 14.692322007282918, "n_waypoints_completed": 7, "tot_waypoints": 9}}
{"target": -620.0375354160518, "params": {"k_pid_pos": [0.4232610808145251, 0.25198155620544604, 0.13622519934483213], "k_pid_alt": [1.3666825017017872, 0.27940112335298994, 0.05622085684954581], "k_pid_att": [36.43154376984239, 8.575113616898456, 0.1528638107941227], "k_pid_yaw": [0.5, 1e-06, 0.1], "k_pid_hsp": [8.7513011080733, 0.4045188930171545, 0.008958344237546934], "k_pid_vsp": [310.60446450891357, 46.43296512066024, 69.00539816866969]}, "datetime": {"datetime": "2025-08-21 20:27:22", "elapsed": 42159.240757226944, "delta": 40.69236445426941}, "costs": {"total_cost": 620.0375354160518, "time_cost": 150, "final_distance_cost": 73.88967634215392, "oscillation_cost": 98.77911540715586, "completition_cost": 222.2222222222222, "overshoot_cost": 44.981259754630535, "power_cost": 16.970733032226562, "noise_cost": 13.194528657662804, "n_waypoints_completed": 7, "tot_waypoints": 9}}
{"target": -1008.7311179828715, "params": {"k_pid_pos": [1.1601722491461501, 0.8211390011860296, 0.10233957969418717], "k_pid_alt": [0.14701242832382166, 0.09750254472384057, 0.9235033797663628], "k_pid_att": [22.9144080901712, 6.554351490822429, 0.2819643234988405], "k_pid_yaw": [0.5, 1e-06, 0.1], "k_pid_hsp": [6.078829251196397, 0.009713493664685435, 0.7585564417730689], "k_pid_vsp": [143.14358138555522, 296.6880489114532, 109.15158448587046]}, "datetime": {"datetime": "2025-08-21 20:28:05", "elapsed": 42202.43002486229, "delta": 43.18926763534546}, "costs": {"total_cost": 1008.7311179828715, "time_cost": 150, "final_distance_cost": 53.351228925608154, "oscillation_cost": 169.84758090205668, "completition_cost": 555.5555555555555, "overshoot_cost": 45.23138313178046, "power_cost": 19.96419901123047, "noise_cost": 14.781170456640202, "n_waypoints_completed": 4, "tot_waypoints": 9}}
{"target": -221.57305918740423, "params": {"k_pid_pos": [2.0, 0.0008644539293966398, 0.9037694143015605], "k_pid_alt": [1.9923415324092715, 0.2214404514528674, 0.6274257057863393], "k_pid_att": [97.03343484210109, 3.9934629566361064, 0.5355225990111666], "k_pid_yaw": [0.5, 1e-06, 0.1], "k_pid_hsp": [5.115923951378439, 0.4558985157497549, 0.0], "k_pid_vsp": [49.84390878433828, 365.71614830248757, 0.16951570494260362]}, "datetime": {"datetime": "2025-08-21 20:28:49", "elapsed": 42245.55278110504, "delta": 43.122756242752075}, "costs": {"total_cost": 221.57305918740423, "time_cost": 81.8, "final_distance_cost": 1.80106761038977, "oscillation_cost": 66.1568401058295, "completition_cost": 0.0, "overshoot_cost": 50.2597987055792, "power_cost": 10.98027137451172, "noise_cost": 10.575081391094027, "n_waypoints_completed": 9, "tot_waypoints": 9}}
{"target": -683.0296981973711, "params": {"k_pid_pos": [2.0, 1.0, 1.0], "k_pid_alt": [2.0, 0.0, 0.8568245951540069], "k_pid_att": [53.89876287068799, 0.04818222355749519, 0.9898365330651416], "k_pid_yaw": [0.5, 1e-06, 0.1], "k_pid_hsp": [0.12492555882828543, 1.0, 0.28942068028276974], "k_pid_vsp": [204.55225991539362, 229.6092707001715, 124.74334688938096]}, "datetime": {"datetime": "2025-08-21 20:29:29", "elapsed": 42286.41894817352, "delta": 40.866167068481445}, "costs": {"total_cost": 683.0296981973711, "time_cost": 150, "final_distance_cost": 79.09471856406226, "oscillation_cost": 110.92286558967581, "completition_cost": 222.2222222222222, "overshoot_cost": 77.54230956604988, "power_cost": 25.57587116699219, "noise_cost": 17.671711088368752, "n_waypoints_completed": 7, "tot_waypoints": 9}}
{"target": -506.376487643971, "params": {"k_pid_pos": [1.2898509728061558, 0.09178249221385902, 0.642542686402575], "k_pid_alt": [1.808193622338621, 0.33480752003662434, 0.7314657285470995], "k_pid_att": [60.966176368392965, 6.058228087077295, 0.18299139761438138], "k_pid_yaw": [0.5, 1e-06, 0.1], "k_pid_hsp": [6.950857446826317, 0.5581784276288894, 0.3459973383722681], "k_pid_vsp": [125.2587100306445, 146.53294201413055, 122.29164413282327]}, "datetime": {"datetime": "2025-08-21 20:30:10", "elapsed": 42327.42418885231, "delta": 41.00524067878723}, "costs": {"total_cost": 506.376487643971, "time_cost": 98.024, "final_distance_cost": 1.8390023289855892, "oscillation_cost": 315.496767188966, "completition_cost": 0.0, "overshoot_cost": 60.30775992895294, "power_cost": 16.94813669433594, "noise_cost": 13.760821502730597, "n_waypoints_completed": 9, "tot_waypoints": 9}}
{"target": -754.9300406888406, "params": {"k_pid_pos": [1.6803757242912019, 0.31576804523405855, 0.7448740243712835], "k_pid_alt": [1.041725347550536, 0.4218721578228843, 0.8380124294483277], "k_pid_att": [95.61390574249468, 3.5412409484281993, 0.4061536604238178], "k_pid_yaw": [0.5, 1e-06, 0.1], "k_pid_hsp": [6.20562239711318, 0.2118784944086233, 0.13708253788561678], "k_pid_vsp": [256.31510723038417, 374.4633463737504, 149.86563269842856]}, "datetime": {"datetime": "2025-08-21 20:30:49", "elapsed": 42365.69268774986, "delta": 38.26849889755249}, "costs": {"total_cost": 754.9300406888406, "time_cost": 150, "final_distance_cost": 64.8410490555242, "oscillation_cost": 336.11646423251347, "completition_cost": 111.11111111111116, "overshoot_cost": 52.42155428101458, "power_cost": 23.165974145507814, "noise_cost": 17.27388786316933, "n_waypoints_completed": 8, "tot_waypoints": 9}}
{"target": -1159.0905900816033, "params": {"k_pid_pos": [0.15486201496656, 0.4653040333828137, 0.3032050310098803], "k_pid_alt": [1.604585258710713, 0.5478756543078851, 0.2912730736319348], "k_pid_att": [9.486774764852356, 8.848726534664948, 0.15367197041212644], "k_pid_yaw": [0.5, 1e-06, 0.1], "k_pid_hsp": [1.8172183197413838, 0.9937449866236602, 0.9315497220371837], "k_pid_vsp": [114.33640156785691, 144.12702588117745, 36.35105306348389]}, "datetime": {"datetime": "2025-08-21 20:31:29", "elapsed": 42405.56939125061, "delta": 39.87670350074768}, "costs": {"total_cost": 1159.0905900816033, "time_cost": 150, "final_distance_cost": 54.66872985049767, "oscillation_cost": 208.01662657898012, "completition_cost": 666.6666666666667, "overshoot_cost": 50.82207451424664, "power_cost": 16.25700227050781, "noise_cost": 12.659490200704239, "n_waypoints_completed": 3, "tot_waypoints": 9}}
{"target": -965.8397943403073, "params": {"k_pid_pos": [1.086058148278958, 0.38444833940867995, 0.9080585824970507], "k_pid_alt": [0.09583427421023893, 0.2167024114097954, 0.5104028243016328], "k_pid_att": [52.18227907941024, 5.361745841798513, 0.570882121633376], "k_pid_yaw": [0.5, 1e-06, 0.1], "k_pid_hsp": [9.065685729495407, 0.42068570956317897, 0.9629582743953182], "k_pid_vsp": [392.9593709403502, 109.55506412120243, 94.96967596070094]}, "datetime": {"datetime": "2025-08-21 20:32:10", "elapsed": 42446.51159501076, "delta": 40.942203760147095}, "costs": {"total_cost": 965.8397943403073, "time_cost": 150, "final_distance_cost": 73.0828218891321, "oscillation_cost": 318.99505159166057, "completition_cost": 333.33333333333337, "overshoot_cost": 50.74955558525864, "power_cost": 21.816023925781252, "noise_cost": 17.863008015141347, "n_waypoints_completed": 6, "tot_waypoints": 9}}
{"target": -810.2376053781097, "params": {"k_pid_pos": [0.9951501251900442, 0.5924218524172724, 0.20877760256670863], "k_pid_alt": [1.9608921168658398, 0.2625695443079856, 0.40023326815073945], "k_pid_att": [13.828858678335132, 0.18049858146762612, 0.31606658363680484], "k_pid_yaw": [0.5, 1e-06, 0.1], "k_pid_hsp": [4.923879965279258, 0.2461681911118737, 0.9505219315142048], "k_pid_vsp": [231.14953123456786, 393.46617273525607, 186.5170019774714]}, "datetime": {"datetime": "2025-08-21 20:32:44", "elapsed": 42481.12553906441, "delta": 34.6139440536499}, "costs": {"total_cost": 810.2376053781097, "time_cost": 150, "final_distance_cost": 73.26602807092637, "oscillation_cost": 180.64753933052955, "completition_cost": 333.33333333333337, "overshoot_cost": 44.016122048671136, "power_cost": 16.536766259765624, "noise_cost": 12.437816334883708, "n_waypoints_completed": 6, "tot_waypoints": 9}}
{"target": -1449.7277815407351, "params": {"k_pid_pos": [2.0, 0.019127522634728767, 0.703131380500889], "k_pid_alt": [0.5702884082318107, 1.0, 1.0], "k_pid_att": [2.96965384162568, 7.997487717703337, 0.6626201833774883], "k_pid_yaw": [0.5, 1e-06, 0.1], "k_pid_hsp": [0.0001, 1.0, 0.0], "k_pid_vsp": [52.76274702128221, 94.64258559308782, 41.278979363892404]}, "datetime": {"datetime": "2025-08-21 20:33:20", "elapsed": 42517.17180228233, "delta": 36.046263217926025}, "costs": {"total_cost": 1449.7277815407351, "time_cost": 150, "final_distance_cost": 51.71335074194412, "oscillation_cost": 151.29194918444313, "completition_cost": 1000.0, "overshoot_cost": 52.735834608975495, "power_cost": 25.90251901855469, "noise_cost": 18.084127986817965, "n_waypoints_completed": 0, "tot_waypoints": 9}}
{"target": -979.4255098289409, "params": {"k_pid_pos": [1.7619288474390153, 0.197713765724447, 0.04433698697543487], "k_pid_alt": [0.6303271489368285, 0.735044056977244, 0.32653404231507865], "k_pid_att": [93.18488588429292, 1.7945777211716094, 0.989871764618894], "k_pid_yaw": [0.5, 1e-06, 0.1], "k_pid_hsp": [1.464458737779166, 0.40944413290749926, 0.5044958563755955], "k_pid_vsp": [341.7563733037166, 292.72830285130505, 39.15707631455943]}, "datetime": {"datetime": "2025-08-21 20:34:07", "elapsed": 42564.19437980652, "delta": 47.02257752418518}, "costs": {"total_cost": 979.4255098289409, "time_cost": 150, "final_distance_cost": 42.684007083932336, "oscillation_cost": 144.5524851858342, "completition_cost": 555.5555555555555, "overshoot_cost": 48.27084204865406, "power_cost": 21.305977465820312, "noise_cost": 17.05664248914451, "n_waypoints_completed": 4, "tot_waypoints": 9}}
{"target": -1159.6309059583104, "params": {"k_pid_pos": [0.8801249530720421, 0.3901549704944035, 0.807708539631563], "k_pid_alt": [0.5281815652919855, 0.6840809453001917, 0.7572873114865374], "k_pid_att": [77.77570376057598, 4.594595418968353, 0.12702381836765997], "k_pid_yaw": [0.5, 1e-06, 0.1], "k_pid_hsp": [2.437941998802441, 0.9315285155094811, 0.6386777563120666], "k_pid_vsp": [368.13346752593066, 336.053172452686, 71.57596637228585]}, "datetime": {"datetime": "2025-08-21 20:34:48", "elapsed": 42605.029730796814, "delta": 40.83535099029541}, "costs": {"total_cost": 1159.6309059583104, "time_cost": 150, "final_distance_cost": 47.107689712197015, "oscillation_cost": 320.0042750190319, "completition_cost": 555.5555555555555, "overshoot_cost": 46.65035206626787, "power_cost": 22.676010803222656, "noise_cost": 17.63702280203524, "n_waypoints_completed": 4, "tot_waypoints": 9}}
{"target": -413.70350818158454, "params": {"k_pid_pos": [1.6205603925346541, 1.0, 1.0], "k_pid_alt": [2.0, 0.13992218843030008, 1.0], "k_pid_att": [95.06147937493886, 2.950494977238992, 0.3299746803660551], "k_pid_yaw": [0.5, 1e-06, 0.1], "k_pid_hsp": [1.1070901959914585, 0.20044323573340442, 0.0], "k_pid_vsp": [332.17884734752903, 294.72948410642135, 37.664562233527754]}, "datetime": {"datetime": "2025-08-21 20:35:34", "elapsed": 42650.570471048355, "delta": 45.54074025154114}, "costs": {"total_cost": 413.70350818158454, "time_cost": 150, "final_distance_cost": 28.61988498397675, "oscillation_cost": 55.35132190774437, "completition_cost": 111.11111111111116, "overshoot_cost": 50.67055319570359, "power_cost": 9.355615759277343, "noise_cost": 8.59502122377136, "n_waypoints_completed": 8, "tot_waypoints": 9}}
{"target": -1167.0269198089604, "params": {"k_pid_pos": [0.03164386958905009, 0.803967525693859, 0.45653012519614256], "k_pid_alt": [1.5689737731240632, 0.5887433397512161, 0.9339570073957156], "k_pid_att": [15.733630609532167, 7.406160056140877, 0.5797480918327598], "k_pid_yaw": [0.5, 1e-06, 0.1], "k_pid_hsp": [7.49757967838554, 0.4799712278361782, 0.6961021246844101], "k_pid_vsp": [10.388860096204677, 217.97890078118672, 37.769990634735905]}, "datetime": {"datetime": "2025-08-21 20:36:19", "elapsed": 42695.68995261192, "delta": 45.119481563568115}, "costs": {"total_cost": 1167.0269198089604, "time_cost": 150, "final_distance_cost": 87.52861204345312, "oscillation_cost": 177.3520472601365, "completition_cost": 666.6666666666667, "overshoot_cost": 45.6865574009958, "power_cost": 23.166963964843752, "noise_cost": 16.626072472864646, "n_waypoints_completed": 3, "tot_waypoints": 9}}
