{"target": -1066.4194556111904, "params": {"k_pid_pos": [0.849046333454972, 0.19766949177843685, 0.3574509573474359], "k_pid_alt": [1.2760769403487353, 0.18697451033062285, 0.7452423262359], "k_pid_att": [73.20630180316137, 3.0567246354091986, 0.8894434795148759], "k_pid_yaw": [0.5, 1e-06, 0.1], "k_pid_hsp": [7.677935760592766, 0.18838649918388373, 0.5166249087075396], "k_pid_vsp": [54.8004757975078, 83.06767204052821, 134.03517361825448]}, "datetime": {"datetime": "2025-08-21 15:48:19", "elapsed": 25415.93591761589, "delta": 30.162394762039185}, "costs": {"total_cost": 1066.4194556111904, "time_cost": 150, "final_distance_cost": 54.06204528941114, "oscillation_cost": 321.1763816113894, "completition_cost": 444.4444444444444, "overshoot_cost": 58.32963431776868, "power_cost": 21.369713732910157, "noise_cost": 17.03723621526655, "n_waypoints_completed": 5, "tot_waypoints": 9}}
{"target": -432.1840090886833, "params": {"k_pid_pos": [0.8329089220973107, 0.03656561513210288, 0.2687443068918167], "k_pid_alt": [1.7548834682903824, 0.4752014095335779, 0.05576473931329984], "k_pid_att": [52.81533792352274, 6.950284377242152, 0.31345155373550226], "k_pid_yaw": [0.5, 1e-06, 0.1], "k_pid_hsp": [6.619504411408119, 0.500230017440939, 0.2596216462191233], "k_pid_vsp": [390.51726805383464, 163.68395809321657, 187.67275580998552]}, "datetime": {"datetime": "2025-08-21 15:48:44", "elapsed": 25440.45762372017, "delta": 24.521706104278564}, "costs": {"total_cost": 432.1840090886833, "time_cost": 85.632, "final_distance_cost": 1.8474194028458257, "oscillation_cost": 264.9582724915215, "completition_cost": 0.0, "overshoot_cost": 54.435645357906395, "power_cost": 13.779920715332032, "noise_cost": 11.530751121077575, "n_waypoints_completed": 9, "tot_waypoints": 9}}
{"target": -602.7898676189618, "params": {"k_pid_pos": [1.9400260068282593, 0.03678211719909885, 0.1475021374883264], "k_pid_alt": [0.8037208951322472, 0.21403469238483863, 0.5413039076027298], "k_pid_att": [75.02254526569175, 7.3430394815155395, 0.8198509418518709], "k_pid_yaw": [0.5, 1e-06, 0.1], "k_pid_hsp": [7.659933881381418, 0.844402664838632, 0.8837312552257123], "k_pid_vsp": [386.50465740172973, 330.7659479242904, 322.48599107535824]}, "datetime": {"datetime": "2025-08-21 15:49:12", "elapsed": 25468.59688425064, "delta": 28.1392605304718}, "costs": {"total_cost": 602.7898676189618, "time_cost": 150, "final_distance_cost": 17.131955122671226, "oscillation_cost": 221.90784916031964, "completition_cost": 111.11111111111116, "overshoot_cost": 59.548550857402255, "power_cost": 24.81212312011719, "noise_cost": 18.278278247340317, "n_waypoints_completed": 8, "tot_waypoints": 9}}
{"target": -590.6862328546524, "params": {"k_pid_pos": [1.9804440659043412, 0.7833543444970484, 0.3763378761662558], "k_pid_alt": [1.122501731530647, 0.40493248599911114, 0.3571602116671807], "k_pid_att": [56.79720430191043, 2.710464119326665, 0.49496354127159214], "k_pid_yaw": [0.5, 1e-06, 0.1], "k_pid_hsp": [9.008132145691652, 0.7378516997411055, 0.2293891113568013], "k_pid_vsp": [171.68664624800002, 57.2614619996979, 96.15604628549498]}, "datetime": {"datetime": "2025-08-21 15:49:42", "elapsed": 25499.254232645035, "delta": 30.65734839439392}, "costs": {"total_cost": 590.6862328546524, "time_cost": 150, "final_distance_cost": 29.0760845333008, "oscillation_cost": 203.38116245748236, "completition_cost": 111.11111111111116, "overshoot_cost": 59.27751621227076, "power_cost": 21.20286168212891, "noise_cost": 16.63749685835858, "n_waypoints_completed": 8, "tot_waypoints": 9}}
{"target": -1145.773743225442, "params": {"k_pid_pos": [0.3391298731216133, 0.04090321980863121, 0.9850926132244081], "k_pid_alt": [1.3193469935253799, 0.005408377248914853, 0.0603873893158563], "k_pid_att": [47.54271649237979, 2.251794478524971, 0.7780524821444361], "k_pid_yaw": [0.5, 1e-06, 0.1], "k_pid_hsp": [0.48775369591383355, 0.09996165024758419, 0.22028524876015754], "k_pid_vsp": [33.8323847817974, 144.95249911346457, 1.6395862463534834]}, "datetime": {"datetime": "2025-08-21 15:50:11", "elapsed": 25527.56956386566, "delta": 28.31533122062683}, "costs": {"total_cost": 1145.773743225442, "time_cost": 150, "final_distance_cost": 43.647634488732635, "oscillation_cost": 313.4122143951872, "completition_cost": 555.5555555555555, "overshoot_cost": 47.83263855668678, "power_cost": 19.607257434082033, "noise_cost": 15.71844279519791, "n_waypoints_completed": 4, "tot_waypoints": 9}}
{"target": -1578.9276510511354, "params": {"k_pid_pos": [0.20065403146933675, 0.32830878670081265, 0.20437197940584273], "k_pid_alt": [0.0049049301081571794, 0.8162052540204279, 0.2350767532104303], "k_pid_att": [58.78039223822461, 6.999887899720358, 0.6534292009952074], "k_pid_yaw": [0.5, 1e-06, 0.1], "k_pid_hsp": [0.5977137303703548, 0.2053366106897241, 0.6430889686823864], "k_pid_vsp": [24.563297085809932, 213.12367860376844, 168.10948131732297]}, "datetime": {"datetime": "2025-08-21 15:50:43", "elapsed": 25560.387568950653, "delta": 32.818005084991455}, "costs": {"total_cost": 1578.9276510511354, "time_cost": 150, "final_distance_cost": 57.325728834421625, "oscillation_cost": 357.8799549143945, "completition_cost": 888.8888888888888, "overshoot_cost": 77.47121565285696, "power_cost": 24.372149377441406, "noise_cost": 22.98971338313211, "n_waypoints_completed": 1, "tot_waypoints": 9}}
{"target": -1576.4221792689746, "params": {"k_pid_pos": [1.9492110758782943, 0.5779432308365441, 0.13672633617739915], "k_pid_alt": [0.8012738576020246, 0.1320099124040186, 0.8047205913475989], "k_pid_att": [51.703057915758976, 9.311555801080665, 0.020640016965314145], "k_pid_yaw": [0.5, 1e-06, 0.1], "k_pid_hsp": [7.228811860926303, 0.9751370324599912, 0.457999519101044], "k_pid_vsp": [74.272073447472, 293.2709636813483, 326.44901192222056]}, "datetime": {"datetime": "2025-08-21 15:51:10", "elapsed": 25587.273085594177, "delta": 26.88551664352417}, "costs": {"total_cost": 1576.4221792689746, "time_cost": 150, "final_distance_cost": 53.123130014906906, "oscillation_cost": 327.81383139780473, "completition_cost": 888.8888888888888, "overshoot_cost": 96.45024910228562, "power_cost": 27.121486682128907, "noise_cost": 33.024593182959414, "n_waypoints_completed": 1, "tot_waypoints": 9}}
{"target": -1837.5665274731518, "params": {"k_pid_pos": [0.03617048909985347, 0.20570422101309904, 0.398854324978669], "k_pid_alt": [0.8433049676026547, 0.46062450033403357, 0.8423130735684036], "k_pid_att": [63.51943032509034, 3.46212753291784, 0.8919596876038103], "k_pid_yaw": [0.5, 1e-06, 0.1], "k_pid_hsp": [8.781166409389174, 0.13054440620058683, 0.23131855938050827], "k_pid_vsp": [149.89414693661897, 262.95392124655206, 306.3943168250895]}, "datetime": {"datetime": "2025-08-21 15:51:40", "elapsed": 25616.77559018135, "delta": 29.502504587173462}, "costs": {"total_cost": 1837.5665274731518, "time_cost": 150, "final_distance_cost": 124.14696435875236, "oscillation_cost": 406.8102998039912, "completition_cost": 1000.0, "overshoot_cost": 124.03661350919654, "power_cost": 17.44693016357422, "noise_cost": 15.125719637637589, "n_waypoints_completed": 0, "tot_waypoints": 9}}
{"target": -1710.917925175588, "params": {"k_pid_pos": [0.08466348907385027, 0.4512756721214176, 0.10490327959997836], "k_pid_alt": [1.1775749569994727, 0.9811378228083644, 0.9586270853239287], "k_pid_att": [67.85010347590544, 1.7700765980425235, 0.7153226902226554], "k_pid_yaw": [0.5, 1e-06, 0.1], "k_pid_hsp": [2.5744651093064133, 0.893703468272726, 0.25428000803381823], "k_pid_vsp": [349.3612410598383, 62.72830255686229, 47.187209365059445]}, "datetime": {"datetime": "2025-08-21 15:52:07", "elapsed": 25643.53539776802, "delta": 26.759807586669922}, "costs": {"total_cost": 1710.917925175588, "time_cost": 150, "final_distance_cost": 164.16522561747212, "oscillation_cost": 218.61584141912675, "completition_cost": 1000.0, "overshoot_cost": 150.54146915388134, "power_cost": 14.807319494628906, "noise_cost": 12.788069490478822, "n_waypoints_completed": 0, "tot_waypoints": 9}}
{"target": -1493.4826745142204, "params": {"k_pid_pos": [1.4966017414123716, 0.9461651811668693, 0.8968778852085704], "k_pid_alt": [1.4883037532816743, 0.30842296365316024, 0.5969277526165366], "k_pid_att": [54.63851107932919, 7.711714070640421, 0.43082607499737946], "k_pid_yaw": [0.5, 1e-06, 0.1], "k_pid_hsp": [2.794759170602162, 0.054355188214713746, 0.6558750244107883], "k_pid_vsp": [68.2237474191537, 285.8980751487948, 393.73004439776173]}, "datetime": {"datetime": "2025-08-21 15:52:36", "elapsed": 25673.43718791008, "delta": 29.901790142059326}, "costs": {"total_cost": 1493.4826745142204, "time_cost": 150, "final_distance_cost": 4.786162734628678, "oscillation_cost": 152.52094283228573, "completition_cost": 1000.0, "overshoot_cost": 117.00705056293347, "power_cost": 22.09544714355469, "noise_cost": 47.07307124081777, "n_waypoints_completed": 0, "tot_waypoints": 9}}
{"target": -1312.0823715578676, "params": {"k_pid_pos": [0.5885942636042573, 0.3759813037978885, 0.2064357163456454], "k_pid_alt": [1.4501233194271146, 0.3071047471286784, 0.5802054281582487], "k_pid_att": [15.527929974172539, 7.907648068879376, 0.6488585083734343], "k_pid_yaw": [0.5, 1e-06, 0.1], "k_pid_hsp": [0.2112396456718516, 0.9950460767944572, 0.6897946716455853], "k_pid_vsp": [122.28631259848193, 160.83716383431565, 219.58398908284596]}, "datetime": {"datetime": "2025-08-21 15:53:09", "elapsed": 25706.250692605972, "delta": 32.813504695892334}, "costs": {"total_cost": 1312.0823715578676, "time_cost": 150, "final_distance_cost": 87.46286235779593, "oscillation_cost": 193.2373982481211, "completition_cost": 777.7777777777778, "overshoot_cost": 66.65627138762652, "power_cost": 20.753132446289065, "noise_cost": 16.194929340257158, "n_waypoints_completed": 2, "tot_waypoints": 9}}
{"target": -260.06798561381913, "params": {"k_pid_pos": [0.8417556886719283, 0.05684805558478967, 0.7055769278610307], "k_pid_alt": [0.5307889751473738, 0.9376964452356347, 0.8623921789578816], "k_pid_att": [98.96123450593213, 9.894971085585068, 0.4453323908345197], "k_pid_yaw": [0.5, 1e-06, 0.1], "k_pid_hsp": [0.48886407778178753, 0.41028403161269944, 0.00846102441354113], "k_pid_vsp": [146.29924211787548, 237.79170439292716, 47.14685871400798]}, "datetime": {"datetime": "2025-08-21 15:53:35", "elapsed": 25732.211513519287, "delta": 25.96082091331482}, "costs": {"total_cost": 260.06798561381913, "time_cost": 95.304, "final_distance_cost": 1.8308549590756795, "oscillation_cost": 61.951919181598534, "completition_cost": 0.0, "overshoot_cost": 59.567052099988246, "power_cost": 24.096825830078124, "noise_cost": 17.317333543078522, "n_waypoints_completed": 9, "tot_waypoints": 9}}
{"target": -608.7799732455958, "params": {"k_pid_pos": [1.4079412842064538, 0.08557445267807728, 0.5655521222063148], "k_pid_alt": [1.9584957379988595, 0.47004648889752787, 0.4291336980840247], "k_pid_att": [7.973725497048556, 7.427578177314706, 0.3492986465351757], "k_pid_yaw": [0.5, 1e-06, 0.1], "k_pid_hsp": [8.835121135440627, 0.004776472889977068, 0.5176551339865259], "k_pid_vsp": [285.673458723236, 135.73763263768524, 203.88709393299328]}, "datetime": {"datetime": "2025-08-21 15:54:02", "elapsed": 25759.15033173561, "delta": 26.938818216323853}, "costs": {"total_cost": 608.7799732455958, "time_cost": 150, "final_distance_cost": 43.44455743289933, "oscillation_cost": 208.6364288383097, "completition_cost": 111.11111111111116, "overshoot_cost": 61.85873547065696, "power_cost": 19.382638830566407, "noise_cost": 14.346501562052246, "n_waypoints_completed": 8, "tot_waypoints": 9}}
{"target": -854.7659971666677, "params": {"k_pid_pos": [0.8866852528303989, 0.2913524824586192, 0.9154085152240233], "k_pid_alt": [1.833902783263958, 0.8062047075251058, 0.6776895560009877], "k_pid_att": [57.941900673243026, 2.4323950561261487, 0.4210658054495121], "k_pid_yaw": [0.5, 1e-06, 0.1], "k_pid_hsp": [9.968553352098992, 0.47149385494444496, 0.4141244862626897], "k_pid_vsp": [227.6754463212871, 340.29526603890355, 254.78354127442188]}, "datetime": {"datetime": "2025-08-21 15:54:32", "elapsed": 25789.408158540726, "delta": 30.257826805114746}, "costs": {"total_cost": 854.7659971666677, "time_cost": 150, "final_distance_cost": 69.40255104748094, "oscillation_cost": 320.58717597872965, "completition_cost": 222.2222222222222, "overshoot_cost": 48.90528618751169, "power_cost": 24.410587927246095, "noise_cost": 19.238173803477164, "n_waypoints_completed": 7, "tot_waypoints": 9}}
{"target": -815.311991987535, "params": {"k_pid_pos": [0.4877561841132223, 0.525675280408014, 0.004557313817883268], "k_pid_alt": [0.11322676991823655, 0.40615082908680145, 0.409746374547717], "k_pid_att": [38.182223929901696, 8.389298059152827, 0.28400635971702703], "k_pid_yaw": [0.5, 1e-06, 0.1], "k_pid_hsp": [5.12927902084596, 0.030000181254565383, 0.01705892445068402], "k_pid_vsp": [209.6840143320517, 68.80656309377491, 140.00592343130987]}, "datetime": {"datetime": "2025-08-21 15:55:00", "elapsed": 25816.966361522675, "delta": 27.558202981948853}, "costs": {"total_cost": 815.311991987535, "time_cost": 150, "final_distance_cost": 50.77313757365719, "oscillation_cost": 80.98654696278172, "completition_cost": 444.4444444444444, "overshoot_cost": 57.38314951119289, "power_cost": 18.146318835449218, "noise_cost": 13.578394660009625, "n_waypoints_completed": 5, "tot_waypoints": 9}}
{"target": -1364.737026731563, "params": {"k_pid_pos": [1.2458698528033914, 0.7043796148791494, 0.14755220720822704], "k_pid_alt": [1.3933528693398332, 0.6049683430974501, 0.41529095958414575], "k_pid_att": [7.395718445008281, 0.474352021812888, 0.6868080712325393], "k_pid_yaw": [0.5, 1e-06, 0.1], "k_pid_hsp": [3.8747588502911117, 0.6655054072374996, 0.24675575970560415], "k_pid_vsp": [46.57233453884828, 74.5289285446599, 391.8855541747684]}, "datetime": {"datetime": "2025-08-21 15:55:27", "elapsed": 25843.670757055283, "delta": 26.704395532608032}, "costs": {"total_cost": 1364.737026731563, "time_cost": 150, "final_distance_cost": 57.31413238793151, "oscillation_cost": 72.18007904771231, "completition_cost": 888.8888888888888, "overshoot_cost": 123.75031224384439, "power_cost": 25.471813024902346, "noise_cost": 47.131801138283656, "n_waypoints_completed": 1, "tot_waypoints": 9}}
{"target": -915.9862293420146, "params": {"k_pid_pos": [1.0478864702626152, 0.6674428378847592, 0.12218009136372376], "k_pid_alt": [0.014167805536684952, 0.6511833947064294, 0.34004751562130775], "k_pid_att": [27.752327263025023, 2.190707797182615, 0.2113647073474968], "k_pid_yaw": [0.5, 1e-06, 0.1], "k_pid_hsp": [4.469901779983158, 0.028126492672261305, 0.834472264507963], "k_pid_vsp": [339.94654711638026, 329.9721970006345, 56.184517589780825]}, "datetime": {"datetime": "2025-08-21 15:55:56", "elapsed": 25872.920365333557, "delta": 29.249608278274536}, "costs": {"total_cost": 915.9862293420146, "time_cost": 150, "final_distance_cost": 52.84770638294806, "oscillation_cost": 173.8916860141688, "completition_cost": 444.4444444444444, "overshoot_cost": 54.28251153412192, "power_cost": 23.561303259277345, "noise_cost": 16.958577707054015, "n_waypoints_completed": 5, "tot_waypoints": 9}}
{"target": -536.4267990280666, "params": {"k_pid_pos": [1.9665939725246566, 0.8919649416613513, 0.6699135071909997], "k_pid_alt": [1.20604612754292, 0.8648990503534769, 0.8801719692530102], "k_pid_att": [99.49120560692843, 4.2165681174620175, 0.3850779268562158], "k_pid_yaw": [0.5, 1e-06, 0.1], "k_pid_hsp": [8.251507147848086, 0.3914548372873753, 0.01744921776531927], "k_pid_vsp": [265.25215821441634, 291.11070039083904, 114.79850256136355]}, "datetime": {"datetime": "2025-08-21 15:56:23", "elapsed": 25900.02669262886, "delta": 27.106327295303345}, "costs": {"total_cost": 536.4267990280666, "time_cost": 150, "final_distance_cost": 17.630528122851754, "oscillation_cost": 160.5975585214578, "completition_cost": 111.11111111111116, "overshoot_cost": 57.59886683916903, "power_cost": 23.0216939453125, "noise_cost": 16.467040488164404, "n_waypoints_completed": 8, "tot_waypoints": 9}}
{"target": -907.4095214061352, "params": {"k_pid_pos": [1.5311383451288698, 0.9715770257502133, 0.6511492633473572], "k_pid_alt": [1.5877953833003646, 0.7442064103559015, 0.5354624129945901], "k_pid_att": [35.06440019100111, 8.257850907421512, 0.8538172802770374], "k_pid_yaw": [0.5, 1e-06, 0.1], "k_pid_hsp": [9.419948780742304, 0.32072032235892545, 0.8561105158094281], "k_pid_vsp": [226.51130023232605, 113.01592386951299, 138.94731332770758]}, "datetime": {"datetime": "2025-08-21 15:56:50", "elapsed": 25926.8202316761, "delta": 26.79353904724121}, "costs": {"total_cost": 907.4095214061352, "time_cost": 150, "final_distance_cost": 78.85957052251948, "oscillation_cost": 251.92471076334914, "completition_cost": 333.33333333333337, "overshoot_cost": 49.627454551630855, "power_cost": 24.94472575683594, "noise_cost": 18.71972647846647, "n_waypoints_completed": 6, "tot_waypoints": 9}}
{"target": -2650.417474178085, "params": {"k_pid_pos": [0.009032256889184045, 0.4192738836295774, 0.44965047624244936], "k_pid_alt": [0.3419104968646576, 0.07355497114330134, 0.349950711952667], "k_pid_att": [19.111934631565575, 3.4119450417938246, 0.48753425603766476], "k_pid_yaw": [0.5, 1e-06, 0.1], "k_pid_hsp": [9.723187673310479, 0.8173241174603214, 0.8217472554120199], "k_pid_vsp": [77.20577034469058, 150.291600676749, 380.921208510143]}, "datetime": {"datetime": "2025-08-21 15:57:17", "elapsed": 25953.508877038956, "delta": 26.688645362854004}, "costs": {"total_cost": 2650.417474178085, "time_cost": 150, "final_distance_cost": 415.24788326588174, "oscillation_cost": 263.82060387123744, "completition_cost": 1000.0, "overshoot_cost": 781.4463988134374, "power_cost": 20.694463122558595, "noise_cost": 19.208125104969653, "n_waypoints_completed": 0, "tot_waypoints": 9}}
{"target": -1747.8021542058655, "params": {"k_pid_pos": [0.40285287079730797, 0.9395928017432842, 0.6534984525726475], "k_pid_alt": [0.5578096976458358, 0.2579595423585619, 0.7099661450256602], "k_pid_att": [30.349362384524458, 9.870560802502817, 0.2760677428762326], "k_pid_yaw": [0.5, 1e-06, 0.1], "k_pid_hsp": [0.564653485950169, 0.33232539995424215, 0.7902764910002769], "k_pid_vsp": [160.77565318476158, 175.49966213354142, 314.01546756311944]}, "datetime": {"datetime": "2025-08-21 15:57:47", "elapsed": 25983.570991754532, "delta": 30.062114715576172}, "costs": {"total_cost": 1747.8021542058655, "time_cost": 150, "final_distance_cost": 4.396637724802012, "oscillation_cost": 441.2384168020827, "completition_cost": 1000.0, "overshoot_cost": 100.43748390307339, "power_cost": 24.769458361816408, "noise_cost": 26.9601574140911, "n_waypoints_completed": 0, "tot_waypoints": 9}}
{"target": -1185.3365445002744, "params": {"k_pid_pos": [0.945981302559436, 0.3735064221554629, 0.7501099350264747], "k_pid_alt": [0.1935301759111001, 0.3114439252982554, 0.9468670314069765], "k_pid_att": [2.832993261481609, 6.21476581840866, 0.49479002112492343], "k_pid_yaw": [0.5, 1e-06, 0.1], "k_pid_hsp": [2.939841783325506, 0.36731512904858443, 0.690213431644143], "k_pid_vsp": [360.5067761286657, 235.48491446413541, 50.63367344200865]}, "datetime": {"datetime": "2025-08-21 15:58:14", "elapsed": 26011.02534556389, "delta": 27.45435380935669}, "costs": {"total_cost": 1185.3365445002744, "time_cost": 150, "final_distance_cost": 83.25621079167392, "oscillation_cost": 207.72668023601148, "completition_cost": 666.6666666666667, "overshoot_cost": 44.270648283418396, "power_cost": 19.546531274414065, "noise_cost": 13.86980724808969, "n_waypoints_completed": 3, "tot_waypoints": 9}}
{"target": -658.1467125768158, "params": {"k_pid_pos": [0.5284246983274602, 0.11138435902455956, 0.10552995328821102], "k_pid_alt": [0.2633686425573598, 0.968717157091965, 0.14527194557471124], "k_pid_att": [37.3611479082176, 3.590849187973809, 0.8222651530981941], "k_pid_yaw": [0.5, 1e-06, 0.1], "k_pid_hsp": [5.018056663760657, 0.5487739799647255, 0.6295719221606599], "k_pid_vsp": [306.7843033118183, 188.69219700243102, 98.17245488786651]}, "datetime": {"datetime": "2025-08-21 15:58:44", "elapsed": 26040.675166130066, "delta": 29.649820566177368}, "costs": {"total_cost": 658.1467125768158, "time_cost": 150, "final_distance_cost": 60.05556859045733, "oscillation_cost": 241.02138512711593, "completition_cost": 111.11111111111116, "overshoot_cost": 60.2201069581786, "power_cost": 20.476523693847657, "noise_cost": 15.262017096105158, "n_waypoints_completed": 8, "tot_waypoints": 9}}
{"target": -1166.3206899913453, "params": {"k_pid_pos": [1.0211125081621575, 0.4153777836860475, 0.9799896868374788], "k_pid_alt": [1.7012735398068835, 0.6576100409610697, 0.9985832285741605], "k_pid_att": [69.01853398480733, 0.3060504741921915, 0.20050762426721225], "k_pid_yaw": [0.5, 1e-06, 0.1], "k_pid_hsp": [2.758333235210079, 0.027969684937149686, 0.7598148501370691], "k_pid_vsp": [237.3381996430482, 398.3102463056292, 291.36556261840093]}, "datetime": {"datetime": "2025-08-21 15:59:11", "elapsed": 26068.272934913635, "delta": 27.597768783569336}, "costs": {"total_cost": 1166.3206899913453, "time_cost": 150, "final_distance_cost": 40.18493866833987, "oscillation_cost": 334.8371041596841, "completition_cost": 555.5555555555555, "overshoot_cost": 46.19097230940298, "power_cost": 22.444048242187502, "noise_cost": 17.108071056175387, "n_waypoints_completed": 4, "tot_waypoints": 9}}
