{"target": -1474.892824018595, "params": {"k_pid_pos": [0.31288254492423917, 0.3230880710140651, 0.921447589530982], "k_pid_alt": [0.19099663657486166, 0.03473831005437289, 0.8484877340727077], "k_pid_att": [52.32667101094315, 6.266542985876888, 0.03416244921673062], "k_pid_yaw": [0.5, 1e-06, 0.1], "k_pid_hsp": [5.273392678572731, 0.6485292496119469, 0.7549635781279513], "k_pid_vsp": [334.97139144586026, 178.737409736983, 102.39582273170433]}, "datetime": {"datetime": "2025-08-21 10:15:40", "elapsed": 5457.375481843948, "delta": 30.684880018234253}, "costs": {"total_cost": 1474.892824018595, "time_cost": 150, "final_distance_cost": 86.0990020039181, "oscillation_cost": 389.85379022963923, "completition_cost": 777.7777777777778, "overshoot_cost": 30.10385018176284, "power_cost": 23.695674963378906, "noise_cost": 17.36272886211813, "n_waypoints_completed": 2, "tot_waypoints": 9}}
{"target": -1151.7282506012307, "params": {"k_pid_pos": [0.9762806344900863, 0.07126830700691655, 0.17866943119811063], "k_pid_alt": [0.7474625421209586, 0.6122423052348841, 0.05342534081044514], "k_pid_att": [4.982792743550513, 4.135692720147066, 0.9222536248733793], "k_pid_yaw": [0.5, 1e-06, 0.1], "k_pid_hsp": [6.785038765473008, 0.19404813610562832, 0.5125958405871249], "k_pid_vsp": [128.0064128495269, 129.63789274479572, 220.03492832723546]}, "datetime": {"datetime": "2025-08-21 10:16:06", "elapsed": 5483.122538805008, "delta": 25.74705696105957}, "costs": {"total_cost": 1151.7282506012307, "time_cost": 150, "final_distance_cost": 80.04928381533985, "oscillation_cost": 123.05124718529049, "completition_cost": 666.6666666666667, "overshoot_cost": 96.10886527379746, "power_cost": 19.402770349121095, "noise_cost": 16.449417311015257, "n_waypoints_completed": 3, "tot_waypoints": 9}}
{"target": -1581.8373023468196, "params": {"k_pid_pos": [0.28012841620087525, 0.6358071648394241, 0.9826363824548963], "k_pid_alt": [0.5857996969555319, 0.30187387695595813, 0.8274565216857961], "k_pid_att": [79.8320153049662, 3.5858691977553794, 0.4380014913667316], "k_pid_yaw": [0.5, 1e-06, 0.1], "k_pid_hsp": [6.298380037850892, 0.812024410123698, 0.995079470551296], "k_pid_vsp": [104.48253842850494, 172.24498915407997, 329.50456477381726]}, "datetime": {"datetime": "2025-08-21 10:16:39", "elapsed": 5515.715919017792, "delta": 32.59338021278381}, "costs": {"total_cost": 1581.8373023468196, "time_cost": 150, "final_distance_cost": 59.32975400946255, "oscillation_cost": 286.76558954705513, "completition_cost": 1000.0, "overshoot_cost": 46.083296204086814, "power_cost": 22.51376989746094, "noise_cost": 17.144892688754243, "n_waypoints_completed": 0, "tot_waypoints": 9}}
{"target": -1814.7100267351489, "params": {"k_pid_pos": [0.12977317069958166, 0.19750131251400427, 0.28090955643175186], "k_pid_alt": [1.0595384975285935, 0.34616162476968904, 0.2853587082707181], "k_pid_att": [81.13744856197647, 4.300839214383454, 0.46463831353010443], "k_pid_yaw": [0.5, 1e-06, 0.1], "k_pid_hsp": [6.910687161964472, 0.7057717644672136, 0.8690690245430653], "k_pid_vsp": [20.41062185771736, 213.1269087440104, 174.3920064102137]}, "datetime": {"datetime": "2025-08-21 10:17:07", "elapsed": 5544.046421766281, "delta": 28.33050274848938}, "costs": {"total_cost": 1814.7100267351489, "time_cost": 150, "final_distance_cost": 217.57745808630884, "oscillation_cost": 405.20226810431143, "completition_cost": 888.8888888888888, "overshoot_cost": 119.17198559824416, "power_cost": 18.71547058105469, "noise_cost": 15.153955476341093, "n_waypoints_completed": 1, "tot_waypoints": 9}}
{"target": -1679.1942475182432, "params": {"k_pid_pos": [0.3701007101637357, 0.1252084094247533, 0.9234104917456092], "k_pid_alt": [0.18124111746114924, 0.019000189243649546, 0.5085036732590761], "k_pid_att": [93.54671183037976, 4.40602119723128, 0.17671393609659836], "k_pid_yaw": [0.5, 1e-06, 0.1], "k_pid_hsp": [9.412538607454929, 0.23012874848450715, 0.017286627174220914], "k_pid_vsp": [373.8967535288742, 100.90396361752738, 351.4857945482375]}, "datetime": {"datetime": "2025-08-21 10:17:32", "elapsed": 5569.231015920639, "delta": 25.18459415435791}, "costs": {"total_cost": 1679.1942475182432, "time_cost": 150, "final_distance_cost": 55.6611277741193, "oscillation_cost": 412.8846768598073, "completition_cost": 1000.0, "overshoot_cost": 23.28769562073975, "power_cost": 20.851693237304687, "noise_cost": 16.509054026271944, "n_waypoints_completed": 0, "tot_waypoints": 9}}
{"target": -661.0208039871618, "params": {"k_pid_pos": [0.9216162828960126, 0.42032180971619937, 0.5396783623349571], "k_pid_alt": [1.9484567687065595, 0.5434190423831567, 0.47531729892564223], "k_pid_att": [74.44116170185586, 1.0979825451731853, 0.26488701862821185], "k_pid_yaw": [0.5, 1e-06, 0.1], "k_pid_hsp": [5.986010202945398, 0.3614753799197006, 0.45304690330797504], "k_pid_vsp": [370.64161035684214, 374.29690651393923, 367.30632311515734]}, "datetime": {"datetime": "2025-08-21 10:18:02", "elapsed": 5599.265908718109, "delta": 30.034892797470093}, "costs": {"total_cost": 661.0208039871618, "time_cost": 150, "final_distance_cost": 1.955239541915977, "oscillation_cost": 299.24514487330526, "completition_cost": 111.11111111111116, "overshoot_cost": 58.07867942842099, "power_cost": 22.12124237060547, "noise_cost": 18.509386661802814, "n_waypoints_completed": 8, "tot_waypoints": 9}}
{"target": -855.4075736766838, "params": {"k_pid_pos": [0.8805922607835336, 0.5917019121216565, 0.33408295431485113], "k_pid_alt": [0.7093035960150469, 0.8274103419918611, 0.23144109695271764], "k_pid_att": [86.77910746280759, 0.9258834542094658, 0.5724096647819279], "k_pid_yaw": [0.5, 1e-06, 0.1], "k_pid_hsp": [8.742446427727796, 0.7724266269497196, 0.6942597190128524], "k_pid_vsp": [153.8015977284299, 111.89731880217795, 3.491776764360017]}, "datetime": {"datetime": "2025-08-21 10:18:28", "elapsed": 5625.016897201538, "delta": 25.750988483428955}, "costs": {"total_cost": 855.4075736766838, "time_cost": 150, "final_distance_cost": 63.789782509302746, "oscillation_cost": 218.72717273411493, "completition_cost": 333.33333333333337, "overshoot_cost": 50.10015375771263, "power_cost": 21.622441528320312, "noise_cost": 17.83468981389983, "n_waypoints_completed": 6, "tot_waypoints": 9}}
{"target": -1391.5517738900473, "params": {"k_pid_pos": [0.06775562622886114, 0.4714163723835242, 0.8171061046529339], "k_pid_alt": [1.4664876769679358, 0.8090464952357005, 0.21372454382704376], "k_pid_att": [31.1545213583723, 7.530280101799931, 0.874048330180556], "k_pid_yaw": [0.5, 1e-06, 0.1], "k_pid_hsp": [8.271614483334684, 0.491090856740521, 0.881936051315444], "k_pid_vsp": [62.46925124341098, 76.4814669369657, 115.18459893470497]}, "datetime": {"datetime": "2025-08-21 10:18:58", "elapsed": 5655.071258068085, "delta": 30.05436086654663}, "costs": {"total_cost": 1391.5517738900473, "time_cost": 150, "final_distance_cost": 64.62791037848368, "oscillation_cost": 219.40540412920154, "completition_cost": 888.8888888888888, "overshoot_cost": 38.89695320336203, "power_cost": 15.763155004882814, "noise_cost": 13.969462285228799, "n_waypoints_completed": 1, "tot_waypoints": 9}}
{"target": -899.4612669578945, "params": {"k_pid_pos": [1.4433728754760782, 0.5135846848349274, 0.6545197018850681], "k_pid_alt": [1.1000406075496993, 0.8225793355251304, 0.7852034981882365], "k_pid_att": [32.21608515555589, 6.498024743064572, 0.6691597690884709], "k_pid_yaw": [0.5, 1e-06, 0.1], "k_pid_hsp": [3.385394406129048, 0.7659644493594118, 0.3562010868028781], "k_pid_vsp": [370.48654412855575, 248.22191142340583, 221.4159864552741]}, "datetime": {"datetime": "2025-08-21 10:19:24", "elapsed": 5680.619695901871, "delta": 25.54843783378601}, "costs": {"total_cost": 899.4612669578945, "time_cost": 150, "final_distance_cost": 56.85558800203503, "oscillation_cost": 274.6318351234495, "completition_cost": 333.33333333333337, "overshoot_cost": 47.45294670841935, "power_cost": 20.78279248046875, "noise_cost": 16.404771310188515, "n_waypoints_completed": 6, "tot_waypoints": 9}}
{"target": -1323.281089712599, "params": {"k_pid_pos": [0.6671152452456875, 0.21709452373066151, 0.22347373631672907], "k_pid_alt": [1.5772583040420707, 0.45242998791235955, 0.8853265438995216], "k_pid_att": [18.58554005754093, 8.624840651218346, 0.26017747131896085], "k_pid_yaw": [0.5, 1e-06, 0.1], "k_pid_hsp": [2.645068260752152, 0.9307506192290921, 0.8703490363094576], "k_pid_vsp": [362.8929408268567, 3.5371282156532216, 245.99124629387336]}, "datetime": {"datetime": "2025-08-21 10:19:53", "elapsed": 5710.17804813385, "delta": 29.55835223197937}, "costs": {"total_cost": 1323.281089712599, "time_cost": 150, "final_distance_cost": 51.49291337513204, "oscillation_cost": 366.77529886665087, "completition_cost": 666.6666666666667, "overshoot_cost": 44.671959445772046, "power_cost": 24.75656951904297, "noise_cost": 18.91768183933408, "n_waypoints_completed": 3, "tot_waypoints": 9}}
{"target": -1382.2403604818612, "params": {"k_pid_pos": [1.6637267659011576, 0.7250687907690229, 0.06528448842644852], "k_pid_alt": [1.6015786493754354, 0.015315742273560806, 0.16251630396565697], "k_pid_att": [18.32024224539707, 7.162123432160043, 0.5544167744519433], "k_pid_yaw": [0.5, 1e-06, 0.1], "k_pid_hsp": [3.3809475395767654, 0.381575956380625, 0.036072780291071194], "k_pid_vsp": [237.34308730010142, 42.28446680645123, 216.6404054357669]}, "datetime": {"datetime": "2025-08-21 10:20:25", "elapsed": 5741.4662754535675, "delta": 31.288227319717407}, "costs": {"total_cost": 1382.2403604818612, "time_cost": 150, "final_distance_cost": 25.805567481577175, "oscillation_cost": 32.6820494335238, "completition_cost": 1000.0, "overshoot_cost": 118.37745723379993, "power_cost": 20.249767236328125, "noise_cost": 35.12551909663211, "n_waypoints_completed": 0, "tot_waypoints": 9}}
{"target": -1437.148141670143, "params": {"k_pid_pos": [1.3886076646965744, 0.7811495278737028, 0.6251272190854732], "k_pid_alt": [0.5562019497415942, 0.4211437636550345, 0.08802943411468389], "k_pid_att": [2.4388970495311635, 8.226264687857624, 0.354165747068536], "k_pid_yaw": [0.5, 1e-06, 0.1], "k_pid_hsp": [1.8978117196391933, 0.7200320429724056, 0.5760061121224156], "k_pid_vsp": [345.2598151077209, 65.5731608596507, 274.14287135772685]}, "datetime": {"datetime": "2025-08-21 10:20:51", "elapsed": 5767.626103401184, "delta": 26.159827947616577}, "costs": {"total_cost": 1437.148141670143, "time_cost": 150, "final_distance_cost": 98.1245487966931, "oscillation_cost": 308.7295640277288, "completition_cost": 777.7777777777778, "overshoot_cost": 69.23930445279548, "power_cost": 19.24489091796875, "noise_cost": 14.03205569717907, "n_waypoints_completed": 2, "tot_waypoints": 9}}
{"target": -744.5679020101143, "params": {"k_pid_pos": [1.5734775251868949, 0.19745262636885463, 0.17037313779005647], "k_pid_alt": [0.2233395275570016, 0.5029151992830012, 0.9055851836581011], "k_pid_att": [8.565649124596408, 3.7467372412697006, 0.5311502722364126], "k_pid_yaw": [0.5, 1e-06, 0.1], "k_pid_hsp": [9.800850605992824, 0.808742972219043, 0.9059423974262494], "k_pid_vsp": [188.5794084916629, 322.0994546834272, 12.964144067332251]}, "datetime": {"datetime": "2025-08-21 10:21:21", "elapsed": 5798.27155995369, "delta": 30.645456552505493}, "costs": {"total_cost": 744.5679020101143, "time_cost": 150, "final_distance_cost": 75.81687547652118, "oscillation_cost": 205.63617599584447, "completition_cost": 222.2222222222222, "overshoot_cost": 51.79116204090314, "power_cost": 21.931708752441406, "noise_cost": 17.169757522181886, "n_waypoints_completed": 7, "tot_waypoints": 9}}
{"target": -1066.8341826603646, "params": {"k_pid_pos": [0.2724351531384512, 0.306063441760104, 0.053686902999653396], "k_pid_alt": [0.3715069830544304, 0.43539438914045325, 0.4899786691488801], "k_pid_att": [57.6842615879834, 3.9531185875866144, 0.19505109029385725], "k_pid_yaw": [0.5, 1e-06, 0.1], "k_pid_hsp": [6.660953920295176, 0.9455629398872847, 0.0028005117365000887], "k_pid_vsp": [148.69417888467794, 265.0405193075053, 188.58573921562285]}, "datetime": {"datetime": "2025-08-21 10:21:47", "elapsed": 5824.0932149887085, "delta": 25.82165503501892}, "costs": {"total_cost": 1066.8341826603646, "time_cost": 150, "final_distance_cost": 87.20851762676098, "oscillation_cost": 69.45926962931749, "completition_cost": 666.6666666666667, "overshoot_cost": 52.213119701447816, "power_cost": 24.292442333984376, "noise_cost": 16.994166702187115, "n_waypoints_completed": 3, "tot_waypoints": 9}}
{"target": -1532.2133670193675, "params": {"k_pid_pos": [0.3214474745667998, 0.6490356752693706, 0.6690853562760082], "k_pid_alt": [0.07899962209749045, 0.7721256105202109, 0.395941290995667], "k_pid_att": [97.17146116831812, 1.673731143131691, 0.624622984599346], "k_pid_yaw": [0.5, 1e-06, 0.1], "k_pid_hsp": [4.3962001812407605, 0.6177894122530254, 0.5657659784419737], "k_pid_vsp": [185.09994106951538, 345.27546199186156, 296.08146259579604]}, "datetime": {"datetime": "2025-08-21 10:22:17", "elapsed": 5853.688529491425, "delta": 29.595314502716064}, "costs": {"total_cost": 1532.2133670193675, "time_cost": 150, "final_distance_cost": 37.403020622163595, "oscillation_cost": 267.18780476887326, "completition_cost": 1000.0, "overshoot_cost": 42.21829174536339, "power_cost": 19.691921203613283, "noise_cost": 15.712328679354101, "n_waypoints_completed": 0, "tot_waypoints": 9}}
{"target": -1346.8040941550719, "params": {"k_pid_pos": [1.3094299804144418, 0.7440674789474843, 0.29864615122504357], "k_pid_alt": [1.2206058326635896, 0.5201789010197808, 0.9504084782494854], "k_pid_att": [61.77567233569397, 6.088557240336609, 0.6977922584513138], "k_pid_yaw": [0.5, 1e-06, 0.1], "k_pid_hsp": [0.4441714200992169, 0.2590151678060113, 0.8888501313925314], "k_pid_vsp": [97.58867036981096, 371.5575927506283, 46.238141317369994]}, "datetime": {"datetime": "2025-08-21 10:22:46", "elapsed": 5883.26322889328, "delta": 29.57469940185547}, "costs": {"total_cost": 1346.8040941550719, "time_cost": 150, "final_distance_cost": 46.32022943833655, "oscillation_cost": 391.3113128017959, "completition_cost": 666.6666666666667, "overshoot_cost": 57.173994935557765, "power_cost": 19.80570417480469, "noise_cost": 15.526186137910148, "n_waypoints_completed": 3, "tot_waypoints": 9}}
{"target": -932.5655467910914, "params": {"k_pid_pos": [1.2633180526661985, 0.11448339423331366, 0.024661498738091314], "k_pid_alt": [1.4640921883312024, 0.7389231278265934, 0.22666691057378385], "k_pid_att": [95.60337957294492, 0.8607110726113529, 0.5393007316422243], "k_pid_yaw": [0.5, 1e-06, 0.1], "k_pid_hsp": [1.3649114176802122, 0.3573106482704822, 0.5686222074122783], "k_pid_vsp": [227.9422897639698, 231.8310218085483, 115.20585331302874]}, "datetime": {"datetime": "2025-08-21 10:23:12", "elapsed": 5908.831000089645, "delta": 25.567771196365356}, "costs": {"total_cost": 932.5655467910914, "time_cost": 150, "final_distance_cost": 52.24442409901274, "oscillation_cost": 173.10282429586474, "completition_cost": 444.4444444444444, "overshoot_cost": 59.73141559092258, "power_cost": 29.11764927978516, "noise_cost": 23.924789081061725, "n_waypoints_completed": 5, "tot_waypoints": 9}}
{"target": -2063.4155324782155, "params": {"k_pid_pos": [0.726319899884624, 0.2436951795062361, 0.7158106486438021], "k_pid_alt": [1.583802102555064, 0.4295130391595363, 0.9694726859873583], "k_pid_att": [0.12349090066134938, 0.26512334965748724, 0.6020114368603433], "k_pid_yaw": [0.5, 1e-06, 0.1], "k_pid_hsp": [2.239524247164255, 0.5183058141773774, 0.5699911224579052], "k_pid_vsp": [111.06220101680351, 334.0019830435411, 349.62308753198323]}, "datetime": {"datetime": "2025-08-21 10:23:42", "elapsed": 5938.8491294384, "delta": 30.018129348754883}, "costs": {"total_cost": 2063.4155324782155, "time_cost": 150, "final_distance_cost": 211.57259848746557, "oscillation_cost": 144.9352207195126, "completition_cost": 1000.0, "overshoot_cost": 437.4300288167689, "power_cost": 32.29889542236328, "noise_cost": 87.17878903210486, "n_waypoints_completed": 0, "tot_waypoints": 9}}
{"target": -1005.4418792215233, "params": {"k_pid_pos": [0.7031846545999064, 0.8526442992879697, 0.09734623078290383], "k_pid_alt": [1.2824744510524964, 0.35860538175605927, 0.6338824143193078], "k_pid_att": [55.01398429397187, 5.842871132454318, 0.7288105009274548], "k_pid_yaw": [0.5, 1e-06, 0.1], "k_pid_hsp": [7.913740800579529, 0.2792740723443754, 0.7794446454298235], "k_pid_vsp": [353.9367433677252, 94.8756400212179, 319.4003220693677]}, "datetime": {"datetime": "2025-08-21 10:24:08", "elapsed": 5965.083533287048, "delta": 26.23440384864807}, "costs": {"total_cost": 1005.4418792215233, "time_cost": 150, "final_distance_cost": 49.32577117432031, "oscillation_cost": 148.14116945903405, "completition_cost": 555.5555555555555, "overshoot_cost": 64.48518464175217, "power_cost": 21.423233129882814, "noise_cost": 16.510965260978477, "n_waypoints_completed": 4, "tot_waypoints": 9}}
{"target": -673.048279327643, "params": {"k_pid_pos": [1.151379579074437, 0.43518128961412983, 0.81116208501283], "k_pid_alt": [1.7161916269338133, 0.3217694752053716, 0.6082013964904672], "k_pid_att": [75.39194746157611, 7.411228675592643, 0.03492800608820201], "k_pid_yaw": [0.5, 1e-06, 0.1], "k_pid_hsp": [7.182987115991314, 0.7570199127751939, 0.8258359572192103], "k_pid_vsp": [39.10314832575281, 190.7654867687546, 69.74051287666452]}, "datetime": {"datetime": "2025-08-21 10:24:35", "elapsed": 5992.418209075928, "delta": 27.334675788879395}, "costs": {"total_cost": 673.048279327643, "time_cost": 150, "final_distance_cost": 37.40467466091559, "oscillation_cost": 272.1104732884983, "completition_cost": 111.11111111111116, "overshoot_cost": 54.86688189204308, "power_cost": 28.015138598632813, "noise_cost": 19.539999776441917, "n_waypoints_completed": 8, "tot_waypoints": 9}}
{"target": -745.029124057231, "params": {"k_pid_pos": [1.5153382030743408, 0.6739423348601327, 0.22718406396466384], "k_pid_alt": [1.049047611028482, 0.1603748454961056, 0.8044475161673693], "k_pid_att": [26.605972735266104, 6.041430610487085, 0.8124835544738619], "k_pid_yaw": [0.5, 1e-06, 0.1], "k_pid_hsp": [5.563734271835692, 0.9685812440551961, 0.23637937754115668], "k_pid_vsp": [214.2155172976639, 67.9187903446802, 105.79656193824155]}, "datetime": {"datetime": "2025-08-21 10:25:09", "elapsed": 6025.903495311737, "delta": 33.485286235809326}, "costs": {"total_cost": 745.029124057231, "time_cost": 150, "final_distance_cost": 64.65508155500746, "oscillation_cost": 214.52261640449424, "completition_cost": 222.2222222222222, "overshoot_cost": 55.1907135945576, "power_cost": 22.529461547851565, "noise_cost": 15.909028733097943, "n_waypoints_completed": 7, "tot_waypoints": 9}}
{"target": -1356.683094210972, "params": {"k_pid_pos": [1.8077692523623423, 0.9136513497292595, 0.3533937963065791], "k_pid_alt": [1.9020529001662758, 0.8806905328285043, 0.1515473917103497], "k_pid_att": [70.2624344519247, 1.1658868852762099, 0.28167354072637385], "k_pid_yaw": [0.5, 1e-06, 0.1], "k_pid_hsp": [9.54848478876378, 0.03752823296911101, 0.3701775173480465], "k_pid_vsp": [61.35189950528357, 214.711469082221, 374.9917071040655]}, "datetime": {"datetime": "2025-08-21 10:25:35", "elapsed": 6051.737988233566, "delta": 25.834492921829224}, "costs": {"total_cost": 1356.683094210972, "time_cost": 150, "final_distance_cost": 69.81010565019095, "oscillation_cost": 201.73071602197962, "completition_cost": 777.7777777777778, "overshoot_cost": 99.35375515244301, "power_cost": 21.322490954589846, "noise_cost": 36.688248653991025, "n_waypoints_completed": 2, "tot_waypoints": 9}}
{"target": -1323.146979320171, "params": {"k_pid_pos": [1.6804661676135118, 0.64468244211914, 0.025343692024165088], "k_pid_alt": [0.2768255838885245, 0.028595068215436226, 0.3758870006689695], "k_pid_att": [51.971353285318635, 7.5486327567246665, 0.10839437657519169], "k_pid_yaw": [0.5, 1e-06, 0.1], "k_pid_hsp": [5.502771781892073, 0.44224057009734696, 0.8480655490624945], "k_pid_vsp": [212.79087749764258, 146.34603666657438, 282.69037003715135]}, "datetime": {"datetime": "2025-08-21 10:26:02", "elapsed": 6079.358101844788, "delta": 27.620113611221313}, "costs": {"total_cost": 1323.146979320171, "time_cost": 150, "final_distance_cost": 86.8523517215825, "oscillation_cost": 220.67899743773478, "completition_cost": 777.7777777777778, "overshoot_cost": 44.488467093984475, "power_cost": 24.717429064941406, "noise_cost": 18.63195622414991, "n_waypoints_completed": 2, "tot_waypoints": 9}}
{"target": -1034.0328457186426, "params": {"k_pid_pos": [0.22287038356503372, 0.7471736813317154, 0.9085376925627884], "k_pid_alt": [1.762833079180434, 0.7045690147900001, 0.8542843184516928], "k_pid_att": [95.21256672687336, 4.367384936204107, 0.4138740819992758], "k_pid_yaw": [0.5, 1e-06, 0.1], "k_pid_hsp": [7.085687716463461, 0.19935360283286907, 0.12308972959208886], "k_pid_vsp": [326.3282694010427, 137.70914771032434, 83.83825736351679]}, "datetime": {"datetime": "2025-08-21 10:26:32", "elapsed": 6108.640954256058, "delta": 29.28285241127014}, "costs": {"total_cost": 1034.0328457186426, "time_cost": 150, "final_distance_cost": 46.47308919229043, "oscillation_cost": 313.2858739617201, "completition_cost": 444.4444444444444, "overshoot_cost": 46.029117620682, "power_cost": 18.60391954345703, "noise_cost": 15.196400956048706, "n_waypoints_completed": 5, "tot_waypoints": 9}}
