{"target": -741.4007589575098, "params": {"k_pid_pos": [0.6695634498468577, 0.0, 0.0], "k_pid_alt": [0.61884939388858, 0.6388021269641913, 0.49612048441415196], "k_pid_att": [13.498801089507863, 7.176184236590562, 0.628257586037827], "k_pid_yaw": [0.5, 1e-06, 0.1], "k_pid_hsp": [4.241696679724748, 0.6640892691838526, 0.1415711554030878], "k_pid_vsp": [342.8613495132179, 343.0491469829402, 355.8676668130511]}, "datetime": {"datetime": "2025-08-21 20:36:58", "elapsed": 42735.030677080154, "delta": 39.3407244682312}, "costs": {"total_cost": 741.4007589575098, "time_cost": 150, "final_distance_cost": 55.54561011773702, "oscillation_cost": 115.25083217840503, "completition_cost": 333.33333333333337, "overshoot_cost": 57.72431501553728, "power_cost": 16.7316689453125, "noise_cost": 12.814999367184448, "n_waypoints_completed": 6, "tot_waypoints": 9}}
{"target": -1270.5927775102348, "params": {"k_pid_pos": [1.4915488584090524, 0.0, 1.0], "k_pid_alt": [0.4510890731401937, 0.0, 0.8785974765878916], "k_pid_att": [0.0, 0.0001, 0.2947577520405781], "k_pid_yaw": [0.5, 1e-06, 0.1], "k_pid_hsp": [0.0001, 0.0, 0.0], "k_pid_vsp": [291.8072353498765, 242.53814364273404, 162.50687883477303]}, "datetime": {"datetime": "2025-08-21 20:37:39", "elapsed": 42775.89905309677, "delta": 40.86837601661682}, "costs": {"total_cost": 1270.5927775102348, "time_cost": 150, "final_distance_cost": 47.60757083372238, "oscillation_cost": 0.33180241221672324, "completition_cost": 1000.0, "overshoot_cost": 21.553998168426038, "power_cost": 30.450753869628908, "noise_cost": 20.648652226240646, "n_waypoints_completed": 0, "tot_waypoints": 9}}
{"target": -641.9298423267995, "params": {"k_pid_pos": [1.8298432474527502, 0.4178323768415483, 0.32578722280913375], "k_pid_alt": [0.578763255984009, 0.24135592953608864, 0.29810132902635167], "k_pid_att": [16.980073176830157, 7.178473185652756, 0.6523344916610495], "k_pid_yaw": [0.5, 1e-06, 0.1], "k_pid_hsp": [4.636165324661669, 0.6318362153110364, 0.6555646187417339], "k_pid_vsp": [377.1688538188143, 252.7854429337089, 124.5726692842327]}, "datetime": {"datetime": "2025-08-21 20:38:16", "elapsed": 42812.49123048782, "delta": 36.592177391052246}, "costs": {"total_cost": 641.9298423267995, "time_cost": 150, "final_distance_cost": 49.8193091566515, "oscillation_cost": 237.1318869423722, "completition_cost": 111.11111111111116, "overshoot_cost": 54.07029529261871, "power_cost": 23.32818701171875, "noise_cost": 16.469052812327156, "n_waypoints_completed": 8, "tot_waypoints": 9}}
{"target": -432.3017768672161, "params": {"k_pid_pos": [1.1420330195278885, 0.11172230897121849, 0.26018830980386964], "k_pid_alt": [0.5302368085099158, 0.3474695722942043, 0.17987188946383892], "k_pid_att": [16.15385338784354, 6.558964292584093, 0.2055814226386974], "k_pid_yaw": [0.5, 1e-06, 0.1], "k_pid_hsp": [6.057663368954733, 0.7939088344559346, 0.8921174677819153], "k_pid_vsp": [387.8129355494921, 249.70914521041138, 118.5079093378953]}, "datetime": {"datetime": "2025-08-21 20:38:57", "elapsed": 42854.21981239319, "delta": 41.72858190536499}, "costs": {"total_cost": 432.3017768672161, "time_cost": 94.328, "final_distance_cost": 1.7381740636769705, "oscillation_cost": 246.49973100465317, "completition_cost": 0.0, "overshoot_cost": 55.243588239311215, "power_cost": 19.786048217773438, "noise_cost": 14.706235341801273, "n_waypoints_completed": 9, "tot_waypoints": 9}}
{"target": -324.2333908558624, "params": {"k_pid_pos": [2.0, 0.0, 0.0], "k_pid_alt": [2.0, 0.0, 1.0], "k_pid_att": [18.443245776283472, 4.658059300411071, 1.0], "k_pid_yaw": [0.5, 1e-06, 0.1], "k_pid_hsp": [7.929840787672966, 1.0, 1.0], "k_pid_vsp": [225.5712926655427, 388.8743628295714, 183.49801034377478]}, "datetime": {"datetime": "2025-08-21 20:39:31", "elapsed": 42887.6049849987, "delta": 33.385172605514526}, "costs": {"total_cost": 324.2333908558624, "time_cost": 73.176, "final_distance_cost": 1.756866002572608, "oscillation_cost": 165.9297070536616, "completition_cost": 0.0, "overshoot_cost": 52.82503783196915, "power_cost": 17.365824829101562, "noise_cost": 13.179955138557569, "n_waypoints_completed": 9, "tot_waypoints": 9}}
{"target": -1949.4339139470567, "params": {"k_pid_pos": [1.0943205184898677, 0.761079813276495, 0.7794747129641006], "k_pid_alt": [0.8877843654409479, 0.5355747449889307, 0.9147201742641339], "k_pid_att": [0.36123161225154465, 1.7441782128358378, 0.7816621752140088], "k_pid_yaw": [0.5, 1e-06, 0.1], "k_pid_hsp": [1.6889716671917474, 0.31075138328890983, 0.5300254142637187], "k_pid_vsp": [49.58956560158674, 230.87933660397545, 88.19826250057858]}, "datetime": {"datetime": "2025-08-21 20:40:07", "elapsed": 42924.007452487946, "delta": 36.402467489242554}, "costs": {"total_cost": 1949.4339139470567, "time_cost": 150, "final_distance_cost": 123.1421205175611, "oscillation_cost": 341.11214591736245, "completition_cost": 1000.0, "overshoot_cost": 216.29586271334796, "power_cost": 33.29090241699219, "noise_cost": 85.59288238179298, "n_waypoints_completed": 0, "tot_waypoints": 9}}
{"target": -691.4947283973876, "params": {"k_pid_pos": [1.4519907367871125, 0.3138832116364151, 0.1969474492855383], "k_pid_alt": [1.5496751292027284, 0.14937539189381022, 0.9104343258869684], "k_pid_att": [11.123739517563259, 3.7635171502375453, 0.9207259987698987], "k_pid_yaw": [0.5, 1e-06, 0.1], "k_pid_hsp": [7.521271438308365, 0.7393339677710744, 0.6104367221450366], "k_pid_vsp": [386.73093913580703, 242.89238920942174, 119.93386182588699]}, "datetime": {"datetime": "2025-08-21 20:40:49", "elapsed": 42966.222240448, "delta": 42.21478796005249}, "costs": {"total_cost": 691.4947283973876, "time_cost": 150, "final_distance_cost": 67.84682436606926, "oscillation_cost": 175.5305516905456, "completition_cost": 222.2222222222222, "overshoot_cost": 44.380980305391404, "power_cost": 18.321891723632813, "noise_cost": 13.192258089526325, "n_waypoints_completed": 7, "tot_waypoints": 9}}
{"target": -1319.6754132723386, "params": {"k_pid_pos": [0.013132905921381317, 0.6368990523355387, 0.23429261315276406], "k_pid_alt": [1.3767418451213063, 0.9659633046291004, 0.42030607736793213], "k_pid_att": [50.78433307813056, 6.620025124097476, 0.4445909418716748], "k_pid_yaw": [0.5, 1e-06, 0.1], "k_pid_hsp": [2.9809820876365296, 0.23807588737976926, 0.1730072397346477], "k_pid_vsp": [204.50472739114574, 230.292402865591, 123.76169079398116]}, "datetime": {"datetime": "2025-08-21 20:41:29", "elapsed": 43006.33922410011, "delta": 40.11698365211487}, "costs": {"total_cost": 1319.6754132723386, "time_cost": 150, "final_distance_cost": 64.70419882564214, "oscillation_cost": 151.0418314727776, "completition_cost": 888.8888888888888, "overshoot_cost": 30.748492969117407, "power_cost": 19.210288989257812, "noise_cost": 15.081712126654487, "n_waypoints_completed": 1, "tot_waypoints": 9}}
{"target": -1064.43143521624, "params": {"k_pid_pos": [0.4086804756533776, 0.4356978328356501, 0.19421017972554155], "k_pid_alt": [0.559361624940526, 0.7138028899880332, 0.10170504000258329], "k_pid_att": [93.729972801997, 8.366731378986842, 0.18999464764049234], "k_pid_yaw": [0.5, 1e-06, 0.1], "k_pid_hsp": [2.8243805999679297, 0.1031286061229586, 0.9771305766760165], "k_pid_vsp": [245.8878848253073, 311.11210370657113, 6.178820556902865]}, "datetime": {"datetime": "2025-08-21 20:42:04", "elapsed": 43040.49602556229, "delta": 34.15680146217346}, "costs": {"total_cost": 1064.43143521624, "time_cost": 150, "final_distance_cost": 53.63186487904343, "oscillation_cost": 214.77893912968108, "completition_cost": 555.5555555555555, "overshoot_cost": 51.62605212358298, "power_cost": 21.977030187988284, "noise_cost": 16.861993340388747, "n_waypoints_completed": 4, "tot_waypoints": 9}}
{"target": -823.4150968183291, "params": {"k_pid_pos": [1.6825570362421125, 0.9407085139460958, 0.9312004611576918], "k_pid_alt": [1.4000848172130218, 0.8501544901499386, 0.1519283349605286], "k_pid_att": [58.849525134573256, 6.824049433991211, 0.8441760291003486], "k_pid_yaw": [0.5, 1e-06, 0.1], "k_pid_hsp": [3.5731374860852374, 0.34938875509701117, 0.686886148524321], "k_pid_vsp": [368.07363562197014, 211.8845930338699, 40.14256718891909]}, "datetime": {"datetime": "2025-08-21 20:42:41", "elapsed": 43077.56354045868, "delta": 37.06751489639282}, "costs": {"total_cost": 823.4150968183291, "time_cost": 150, "final_distance_cost": 70.19736496476776, "oscillation_cost": 182.6471725058926, "completition_cost": 333.33333333333337, "overshoot_cost": 56.59694843526049, "power_cost": 16.67252736816406, "noise_cost": 13.967750210910722, "n_waypoints_completed": 6, "tot_waypoints": 9}}
{"target": -807.2418347410054, "params": {"k_pid_pos": [2.0, 0.0, 0.0], "k_pid_alt": [0.0, 1.0, 1.0], "k_pid_att": [39.64199101934178, 0.0001, 1.0], "k_pid_yaw": [0.5, 1e-06, 0.1], "k_pid_hsp": [3.363847492691836, 1.0, 0.0], "k_pid_vsp": [294.9434673530286, 274.4432680437768, 140.49680045624316]}, "datetime": {"datetime": "2025-08-21 20:43:22", "elapsed": 43118.65814566612, "delta": 41.09460520744324}, "costs": {"total_cost": 807.2418347410054, "time_cost": 150, "final_distance_cost": 50.87274057596672, "oscillation_cost": 67.01231148883578, "completition_cost": 444.4444444444444, "overshoot_cost": 54.53340061585553, "power_cost": 23.046518078613282, "noise_cost": 17.332419537289702, "n_waypoints_completed": 5, "tot_waypoints": 9}}
{"target": -1599.7934631380047, "params": {"k_pid_pos": [0.06703222261459724, 0.006055956602026291, 0.7787117267859092], "k_pid_alt": [0.8763607024031224, 0.9138123680887157, 0.11077847427132592], "k_pid_att": [24.066797874099755, 0.3169141488119264, 0.030362748795289662], "k_pid_yaw": [0.5, 1e-06, 0.1], "k_pid_hsp": [3.8473682964925473, 0.8453899840071488, 0.9620989500925629], "k_pid_vsp": [146.81001798276242, 3.285396627429052, 5.606768293949225]}, "datetime": {"datetime": "2025-08-21 20:44:00", "elapsed": 43157.27324295044, "delta": 38.61509728431702}, "costs": {"total_cost": 1599.7934631380047, "time_cost": 150, "final_distance_cost": 64.47513955286196, "oscillation_cost": 411.49441497887886, "completition_cost": 888.8888888888888, "overshoot_cost": 49.80722196899098, "power_cost": 19.426693090820315, "noise_cost": 15.701104657563882, "n_waypoints_completed": 1, "tot_waypoints": 9}}
{"target": -1540.7255940804982, "params": {"k_pid_pos": [0.19420436113756087, 0.0, 1.0], "k_pid_alt": [2.0, 0.3880865970635649, 1.0], "k_pid_att": [31.69343640241289, 3.7467853743702833, 1.0], "k_pid_yaw": [0.5, 1e-06, 0.1], "k_pid_hsp": [4.736512685213589, 1.0, 0.5583679335822527], "k_pid_vsp": [100.17726366369324, 59.40734907326126, 30.854758126364402]}, "datetime": {"datetime": "2025-08-21 20:44:37", "elapsed": 43193.80766892433, "delta": 36.53442597389221}, "costs": {"total_cost": 1540.7255940804982, "time_cost": 150, "final_distance_cost": 86.7720840672678, "oscillation_cost": 439.8916959066167, "completition_cost": 777.7777777777778, "overshoot_cost": 41.557204795570655, "power_cost": 26.48740020751953, "noise_cost": 18.239431325745535, "n_waypoints_completed": 2, "tot_waypoints": 9}}
{"target": -911.2164320527132, "params": {"k_pid_pos": [1.580923544243101, 0.3976623436662441, 0.37580561009018887], "k_pid_alt": [0.4032900127957162, 0.5004014653334369, 0.356144631793343], "k_pid_att": [22.517523347612368, 3.756036927266984, 0.7256199390973693], "k_pid_yaw": [0.5, 1e-06, 0.1], "k_pid_hsp": [8.592367346060906, 0.4497496774620575, 0.8144534459314742], "k_pid_vsp": [356.64738460318756, 369.14859752303903, 198.05844322849865]}, "datetime": {"datetime": "2025-08-21 20:45:18", "elapsed": 43234.69855284691, "delta": 40.890883922576904}, "costs": {"total_cost": 911.2164320527132, "time_cost": 150, "final_distance_cost": 70.28104956732997, "oscillation_cost": 270.8491705711, "completition_cost": 333.33333333333337, "overshoot_cost": 48.817428898083236, "power_cost": 22.20401368408203, "noise_cost": 15.731435998784647, "n_waypoints_completed": 6, "tot_waypoints": 9}}
{"target": -1016.9323332360584, "params": {"k_pid_pos": [1.829959876396292, 0.7709854989331064, 0.9658537046794451], "k_pid_alt": [0.39008370098631073, 0.46650777776718366, 0.8765084795275541], "k_pid_att": [15.24192442654173, 2.6572137807836436, 0.7292891311910182], "k_pid_yaw": [0.5, 1e-06, 0.1], "k_pid_hsp": [6.054293398302866, 0.9139965085188807, 0.8283822605778376], "k_pid_vsp": [305.8954206010092, 388.81953595697826, 261.8514781524096]}, "datetime": {"datetime": "2025-08-21 20:46:02", "elapsed": 43279.13600111008, "delta": 44.437448263168335}, "costs": {"total_cost": 1016.9323332360584, "time_cost": 150, "final_distance_cost": 56.21176339402648, "oscillation_cost": 279.39821591713064, "completition_cost": 444.4444444444444, "overshoot_cost": 50.392373112154814, "power_cost": 21.31227977294922, "noise_cost": 15.173256595352846, "n_waypoints_completed": 5, "tot_waypoints": 9}}
{"target": -430.22860596698456, "params": {"k_pid_pos": [0.9114319133839567, 0.06870995988169534, 0.8131909475263756], "k_pid_alt": [1.4742392685021135, 0.15333872549796468, 0.8589950111570478], "k_pid_att": [69.63800030845816, 2.456482629253611, 0.2422749342202271], "k_pid_yaw": [0.5, 1e-06, 0.1], "k_pid_hsp": [2.5558818521980187, 0.971136052150894, 0.28654531637842157], "k_pid_vsp": [63.53999492561356, 148.50003115018941, 28.960013255471974]}, "datetime": {"datetime": "2025-08-21 20:46:39", "elapsed": 43315.63372755051, "delta": 36.49772644042969}, "costs": {"total_cost": 430.22860596698456, "time_cost": 87.928, "final_distance_cost": 1.8286651655026955, "oscillation_cost": 256.8252050812009, "completition_cost": 0.0, "overshoot_cost": 50.557671877008026, "power_cost": 18.477149877929687, "noise_cost": 14.61191396534326, "n_waypoints_completed": 9, "tot_waypoints": 9}}
{"target": -815.3891639532775, "params": {"k_pid_pos": [0.5006201525098969, 0.8081879529299277, 0.6899324653089083], "k_pid_alt": [0.48416290364099446, 0.5680851964255551, 0.06349760133387916], "k_pid_att": [18.75892607939409, 3.7215475416854993, 0.6776166025697071], "k_pid_yaw": [0.5, 1e-06, 0.1], "k_pid_hsp": [5.26198603298808, 0.8709650811089408, 0.03186688889268385], "k_pid_vsp": [156.54372036263288, 17.188734471020982, 2.3545479744762923]}, "datetime": {"datetime": "2025-08-21 20:47:16", "elapsed": 43352.580276966095, "delta": 36.94654941558838}, "costs": {"total_cost": 815.3891639532775, "time_cost": 150, "final_distance_cost": 58.21367393446833, "oscillation_cost": 75.5388576975899, "completition_cost": 444.4444444444444, "overshoot_cost": 46.94695352172825, "power_cost": 22.08716533203125, "noise_cost": 18.15806902301542, "n_waypoints_completed": 5, "tot_waypoints": 9}}
{"target": -1598.2386466646442, "params": {"k_pid_pos": [1.9579321986691136, 0.11861099429226674, 0.2753165242894605], "k_pid_alt": [0.7155283965952457, 0.05088000925080005, 0.4472171461342145], "k_pid_att": [1.9336171015588044, 6.159266163937665, 0.24638613295121692], "k_pid_yaw": [0.5, 1e-06, 0.1], "k_pid_hsp": [1.023148255446406, 0.4144009133786073, 0.9562251639788476], "k_pid_vsp": [160.71418094455942, 211.7107680900472, 53.57115945917612]}, "datetime": {"datetime": "2025-08-21 20:47:57", "elapsed": 43393.66019129753, "delta": 41.07991433143616}, "costs": {"total_cost": 1598.2386466646442, "time_cost": 150, "final_distance_cost": 57.09426562041014, "oscillation_cost": 342.84337962048426, "completition_cost": 888.8888888888888, "overshoot_cost": 114.47984456499464, "power_cost": 26.73698112792969, "noise_cost": 18.195286841936444, "n_waypoints_completed": 1, "tot_waypoints": 9}}
{"target": -850.4339598001158, "params": {"k_pid_pos": [1.106354939264445, 0.3254439348754419, 0.03917144772847381], "k_pid_alt": [0.448929314373786, 0.8121788298014692, 0.18736563913353466], "k_pid_att": [13.579667989230593, 0.4994550802036055, 0.27638789562212895], "k_pid_yaw": [0.5, 1e-06, 0.1], "k_pid_hsp": [4.863782430048034, 0.6357886802272992, 0.7597291171090589], "k_pid_vsp": [147.6807957618839, 9.861989998631836, 11.028537446874985]}, "datetime": {"datetime": "2025-08-21 20:48:35", "elapsed": 43431.945915699005, "delta": 38.285724401474}, "costs": {"total_cost": 850.4339598001158, "time_cost": 150, "final_distance_cost": 61.10568554833986, "oscillation_cost": 221.40884347135253, "completition_cost": 333.33333333333337, "overshoot_cost": 51.042549969305085, "power_cost": 18.21152569580078, "noise_cost": 15.332021781984091, "n_waypoints_completed": 6, "tot_waypoints": 9}}
{"target": -651.9675358204553, "params": {"k_pid_pos": [1.7199994329963584, 0.5673122247407869, 0.6851604035680221], "k_pid_alt": [0.7896507371694208, 0.8057999470381453, 0.3802573432468399], "k_pid_att": [42.449804692727014, 5.726572269789021, 0.2968870823757239], "k_pid_yaw": [0.5, 1e-06, 0.1], "k_pid_hsp": [9.46924657523394, 0.1613130583366289, 0.7159801192561944], "k_pid_vsp": [93.36816722006414, 59.19311395068991, 37.082836956981026]}, "datetime": {"datetime": "2025-08-21 20:49:18", "elapsed": 43475.18091273308, "delta": 43.234997034072876}, "costs": {"total_cost": 651.9675358204553, "time_cost": 150, "final_distance_cost": 47.95567920902001, "oscillation_cost": 256.90900876598573, "completition_cost": 111.11111111111116, "overshoot_cost": 56.269610872076065, "power_cost": 16.47414616699219, "noise_cost": 13.247979695270077, "n_waypoints_completed": 8, "tot_waypoints": 9}}
{"target": -842.1025438833584, "params": {"k_pid_pos": [1.8744070159244635, 0.3474180469422409, 0.6521896197190031], "k_pid_alt": [0.49821924531762374, 0.7405018159382554, 0.7793898709625768], "k_pid_att": [72.42594225763834, 3.4479979318517153, 0.2771680339138173], "k_pid_yaw": [0.5, 1e-06, 0.1], "k_pid_hsp": [8.52459232521374, 0.22483798511160513, 0.5015292743317628], "k_pid_vsp": [170.41396751688947, 147.20969680031288, 64.90724498891947]}, "datetime": {"datetime": "2025-08-21 20:49:57", "elapsed": 43513.46978020668, "delta": 38.288867473602295}, "costs": {"total_cost": 842.1025438833584, "time_cost": 150, "final_distance_cost": 72.94138634835807, "oscillation_cost": 310.05343964206037, "completition_cost": 222.2222222222222, "overshoot_cost": 52.78676186009466, "power_cost": 18.38266590576172, "noise_cost": 15.716067904861319, "n_waypoints_completed": 7, "tot_waypoints": 9}}
{"target": -345.7100202513854, "params": {"k_pid_pos": [2.0, 1.0, 1.0], "k_pid_alt": [2.0, 0.0, 0.0], "k_pid_att": [71.13881070989973, 5.993309256326034, 1.0], "k_pid_yaw": [0.5, 1e-06, 0.1], "k_pid_hsp": [10.0, 0.0, 0.9886331950924869], "k_pid_vsp": [371.8286945059494, 340.58455797786684, 70.68668950983754]}, "datetime": {"datetime": "2025-08-21 20:50:47", "elapsed": 43563.46753549576, "delta": 49.99775528907776}, "costs": {"total_cost": 345.7100202513854, "time_cost": 79.52, "final_distance_cost": 1.735893903480708, "oscillation_cost": 179.3253345285016, "completition_cost": 0.0, "overshoot_cost": 53.58786827956806, "power_cost": 17.891171289062502, "noise_cost": 13.649752250772531, "n_waypoints_completed": 9, "tot_waypoints": 9}}
{"target": -620.4593427092601, "params": {"k_pid_pos": [1.3649498012907384, 0.660780354802145, 0.5457082126858303], "k_pid_alt": [1.0230839656706268, 0.5576057013107938, 0.5852265124519404], "k_pid_att": [56.98527572453889, 9.778052161459295, 0.2728519591068386], "k_pid_yaw": [0.5, 1e-06, 0.1], "k_pid_hsp": [6.177944660733112, 0.4474352929307097, 0.2953215202989359], "k_pid_vsp": [391.9974815136312, 117.67181167132394, 89.78729041917738]}, "datetime": {"datetime": "2025-08-21 20:51:32", "elapsed": 43608.74174261093, "delta": 45.27420711517334}, "costs": {"total_cost": 620.4593427092601, "time_cost": 150, "final_distance_cost": 8.70178119803233, "oscillation_cost": 265.12803997020444, "completition_cost": 111.11111111111116, "overshoot_cost": 54.068739227678535, "power_cost": 17.074840551757813, "noise_cost": 14.37483065047586, "n_waypoints_completed": 8, "tot_waypoints": 9}}
{"target": -781.8282368086072, "params": {"k_pid_pos": [2.0, 0.9247754641469814, 0.0], "k_pid_alt": [1.0456048209822502, 0.23784741753625108, 1.0], "k_pid_att": [14.067491621803338, 0.1423475042406937, 0.0], "k_pid_yaw": [0.5, 1e-06, 0.1], "k_pid_hsp": [4.366121119154429, 1.0, 0.1601504025805929], "k_pid_vsp": [170.06945817815253, 339.905854250609, 106.62313746598863]}, "datetime": {"datetime": "2025-08-21 20:52:13", "elapsed": 43650.39081168175, "delta": 41.64906907081604}, "costs": {"total_cost": 781.8282368086072, "time_cost": 150, "final_distance_cost": 64.56901206664007, "oscillation_cost": 134.57460636836612, "completition_cost": 333.33333333333337, "overshoot_cost": 60.24674066583322, "power_cost": 23.119473168945312, "noise_cost": 15.985071205488984, "n_waypoints_completed": 6, "tot_waypoints": 9}}
{"target": -637.3683220009752, "params": {"k_pid_pos": [1.9894752411350904, 0.6967564639784344, 0.11499971120169028], "k_pid_alt": [1.8252219722569651, 0.4546320059089437, 0.499024099591276], "k_pid_att": [19.036421786741275, 5.82510330077984, 0.32272337812142793], "k_pid_yaw": [0.5, 1e-06, 0.1], "k_pid_hsp": [9.08347229609142, 0.08820659572073974, 0.7979035149729173], "k_pid_vsp": [381.0102131113175, 245.87706752217423, 115.98976490696472]}, "datetime": {"datetime": "2025-08-21 20:52:53", "elapsed": 43689.98437833786, "delta": 39.59356665611267}, "costs": {"total_cost": 637.3683220009752, "time_cost": 150, "final_distance_cost": 50.710816869498785, "oscillation_cost": 231.715370844382, "completition_cost": 111.11111111111116, "overshoot_cost": 55.70324141163747, "power_cost": 22.10908037109375, "noise_cost": 16.018701393252076, "n_waypoints_completed": 8, "tot_waypoints": 9}}
