{"target": -306.26056038226034, "params": {"k_pid_pos": [2.0, 0.0, 0.0], "k_pid_alt": [2.0, 0.0, 0.0], "k_pid_att": [55.00973637969584, 3.896344447429274, 1.0], "k_pid_yaw": [0.5, 1e-06, 0.1], "k_pid_hsp": [10.0, 1.0, 1.0], "k_pid_vsp": [348.4178407576749, 211.06949937851113, 26.637246981211224]}, "datetime": {"datetime": "2025-08-22 02:00:01", "elapsed": 62118.255885601044, "delta": 29.8260760307312}, "costs": {"total_cost": 306.26056038226034, "time_cost": 70.056, "final_distance_cost": 1.7493241366078038, "oscillation_cost": 154.58056851498318, "completition_cost": 0.0, "overshoot_cost": 52.78151750274937, "power_cost": 15.30174930419922, "noise_cost": 11.791400923720772, "n_waypoints_completed": 9, "tot_waypoints": 9}}
{"target": -1115.0378239384743, "params": {"k_pid_pos": [2.0, 0.0, 0.0], "k_pid_alt": [2.0, 0.0, 0.0], "k_pid_att": [12.246710303032463, 0.0001, 1.0], "k_pid_yaw": [0.5, 1e-06, 0.1], "k_pid_hsp": [3.34170155828908, 0.0, 1.0], "k_pid_vsp": [249.84220492651795, 199.25989974298872, 46.970341551959066]}, "datetime": {"datetime": "2025-08-22 02:00:38", "elapsed": 62154.51591324806, "delta": 36.26002764701843}, "costs": {"total_cost": 1115.0378239384743, "time_cost": 150, "final_distance_cost": 42.947293078633315, "oscillation_cost": 245.98992838394292, "completition_cost": 555.5555555555555, "overshoot_cost": 54.03941933201233, "power_cost": 30.613387438964846, "noise_cost": 35.89224014936531, "n_waypoints_completed": 4, "tot_waypoints": 9}}
{"target": -641.903237709541, "params": {"k_pid_pos": [1.7863407542434164, 0.17631555173130964, 0.4799036853810068], "k_pid_alt": [1.122669317264007, 0.9300766222554646, 0.7428071941186565], "k_pid_att": [22.376564789940755, 9.470297981300567, 0.29547612414059854], "k_pid_yaw": [0.5, 1e-06, 0.1], "k_pid_hsp": [4.3538245498639885, 0.08776105959658975, 0.7557930917221062], "k_pid_vsp": [378.0292206039376, 243.03135581451448, 129.50348453051683]}, "datetime": {"datetime": "2025-08-22 02:01:16", "elapsed": 62193.38714122772, "delta": 38.871227979660034}, "costs": {"total_cost": 641.903237709541, "time_cost": 150, "final_distance_cost": 60.349313148520515, "oscillation_cost": 230.94187532925065, "completition_cost": 111.11111111111116, "overshoot_cost": 56.872501767010384, "power_cost": 18.833546838378908, "noise_cost": 13.79488951526944, "n_waypoints_completed": 8, "tot_waypoints": 9}}
{"target": -750.1666831274429, "params": {"k_pid_pos": [1.9828707608887395, 0.5355540466576261, 0.407740947051637], "k_pid_alt": [0.37104811382169967, 0.504837245460232, 0.6209205861101611], "k_pid_att": [63.46932590787111, 0.8106222147146702, 0.5470754937245368], "k_pid_yaw": [0.5, 1e-06, 0.1], "k_pid_hsp": [9.732421570133981, 0.8720247217393784, 0.11115679497802922], "k_pid_vsp": [370.51750040854887, 346.1457478514035, 70.14158988084515]}, "datetime": {"datetime": "2025-08-22 02:01:54", "elapsed": 62231.36347222328, "delta": 37.97633099555969}, "costs": {"total_cost": 750.1666831274429, "time_cost": 150, "final_distance_cost": 74.90729173495976, "oscillation_cost": 202.5210480485737, "completition_cost": 222.2222222222222, "overshoot_cost": 52.435766772227325, "power_cost": 27.344530615234376, "noise_cost": 20.735823734225455, "n_waypoints_completed": 7, "tot_waypoints": 9}}
{"target": -675.9763820560935, "params": {"k_pid_pos": [1.2935878337371134, 0.8364146243694237, 0.2453649161954774], "k_pid_alt": [1.1297800107599918, 0.4089349058200209, 0.901506541067334], "k_pid_att": [12.781129615834775, 2.58148258659738, 0.025492702476137774], "k_pid_yaw": [0.5, 1e-06, 0.1], "k_pid_hsp": [4.702864146257957, 0.974218457752385, 0.34586639718008116], "k_pid_vsp": [168.20163669489153, 332.98251474917885, 103.05072537611815]}, "datetime": {"datetime": "2025-08-22 02:02:37", "elapsed": 62274.44628357887, "delta": 43.08281135559082}, "costs": {"total_cost": 675.9763820560935, "time_cost": 150, "final_distance_cost": 64.87176228515992, "oscillation_cost": 147.0588093800485, "completition_cost": 222.2222222222222, "overshoot_cost": 51.60744355818312, "power_cost": 23.468514880371096, "noise_cost": 16.74762973010866, "n_waypoints_completed": 7, "tot_waypoints": 9}}
{"target": -1165.901186460347, "params": {"k_pid_pos": [0.0001, 1.0, 0.0], "k_pid_alt": [2.0, 1.0, 1.0], "k_pid_att": [36.844751498809636, 10.0, 1.0], "k_pid_yaw": [0.5, 1e-06, 0.1], "k_pid_hsp": [10.0, 1.0, 0.0], "k_pid_vsp": [308.86228953518827, 48.714509018185694, 63.227915582992686]}, "datetime": {"datetime": "2025-08-22 02:03:20", "elapsed": 62317.05357170105, "delta": 42.607288122177124}, "costs": {"total_cost": 1165.901186460347, "time_cost": 150, "final_distance_cost": 82.25290888799262, "oscillation_cost": 81.43458891712497, "completition_cost": 777.7777777777778, "overshoot_cost": 43.763370867081875, "power_cost": 17.27311903076172, "noise_cost": 13.399420979607816, "n_waypoints_completed": 2, "tot_waypoints": 9}}
{"target": -817.1981966033635, "params": {"k_pid_pos": [1.2581775673787396, 0.15858967405100943, 0.9122705594819349], "k_pid_alt": [1.7539447005621296, 0.1800739439888761, 0.11073271385716743], "k_pid_att": [60.431679286429265, 4.069776398263795, 0.010595395423514287], "k_pid_yaw": [0.5, 1e-06, 0.1], "k_pid_hsp": [3.9190013435303652, 0.3862625382817886, 0.7526451629792731], "k_pid_vsp": [197.32080909786518, 46.76480087307068, 48.34237724078078]}, "datetime": {"datetime": "2025-08-22 02:04:11", "elapsed": 62367.77002263069, "delta": 50.716450929641724}, "costs": {"total_cost": 817.1981966033635, "time_cost": 150, "final_distance_cost": 65.24128930480717, "oscillation_cost": 289.71832246089633, "completition_cost": 222.2222222222222, "overshoot_cost": 46.329780897898225, "power_cost": 25.632277758789062, "noise_cost": 18.05430395875057, "n_waypoints_completed": 7, "tot_waypoints": 9}}
{"target": -786.674902604447, "params": {"k_pid_pos": [1.2188422390056826, 0.6792090004200685, 0.7671625740405636], "k_pid_alt": [1.4848852171316202, 0.45233224247868753, 0.25727414192920983], "k_pid_att": [9.554038556165278, 5.54217864959246, 0.15668481863521355], "k_pid_yaw": [0.5, 1e-06, 0.1], "k_pid_hsp": [5.743933634396467, 0.22109229858060064, 0.7178837063464232], "k_pid_vsp": [170.61412967231675, 349.571937080001, 116.38185112530712]}, "datetime": {"datetime": "2025-08-22 02:04:48", "elapsed": 62405.323934555054, "delta": 37.55391192436218}, "costs": {"total_cost": 786.674902604447, "time_cost": 150, "final_distance_cost": 63.050519181996066, "oscillation_cost": 270.55516760989195, "completition_cost": 222.2222222222222, "overshoot_cost": 46.58766204598265, "power_cost": 19.721523559570315, "noise_cost": 14.5378079847839, "n_waypoints_completed": 7, "tot_waypoints": 9}}
{"target": -262.05500452281893, "params": {"k_pid_pos": [0.5333311926335764, 0.0, 0.0], "k_pid_alt": [0.0, 1.0, 1.0], "k_pid_att": [6.9456478656638465, 6.608562689130357, 1.0], "k_pid_yaw": [0.5, 1e-06, 0.1], "k_pid_hsp": [4.859977592368526, 1.0, 0.0], "k_pid_vsp": [155.05438035382554, 213.49329498109475, 50.59097804858232]}, "datetime": {"datetime": "2025-08-22 02:05:22", "elapsed": 62438.750109910965, "delta": 33.426175355911255}, "costs": {"total_cost": 262.05500452281893, "time_cost": 93.256, "final_distance_cost": 1.7534893891153738, "oscillation_cost": 63.30063459859603, "completition_cost": 0.0, "overshoot_cost": 66.67897857133507, "power_cost": 20.220065466308593, "noise_cost": 16.845836497463907, "n_waypoints_completed": 9, "tot_waypoints": 9}}
{"target": -1720.0397008784664, "params": {"k_pid_pos": [0.0001, 0.0, 0.0], "k_pid_alt": [2.0, 0.704893383053766, 0.0], "k_pid_att": [60.27571180077088, 6.396885840686272, 0.0], "k_pid_yaw": [0.5, 1e-06, 0.1], "k_pid_hsp": [8.501932243626415, 1.0, 1.0], "k_pid_vsp": [304.24282440520835, 358.0082033517281, 52.105406550774994]}, "datetime": {"datetime": "2025-08-22 02:06:08", "elapsed": 62484.70882463455, "delta": 45.958714723587036}, "costs": {"total_cost": 1720.0397008784664, "time_cost": 150, "final_distance_cost": 46.040403139394606, "oscillation_cost": 450.73072137459593, "completition_cost": 1000.0, "overshoot_cost": 30.83507922848886, "power_cost": 24.66315758056641, "noise_cost": 17.77033955542061, "n_waypoints_completed": 0, "tot_waypoints": 9}}
{"target": -903.7693244017227, "params": {"k_pid_pos": [0.932046466769794, 0.6479047572386316, 0.8683891939482303], "k_pid_alt": [1.9910269699402579, 0.3229251172963663, 0.46914310894420796], "k_pid_att": [36.42823768401715, 3.353997989117277, 0.22678182406453506], "k_pid_yaw": [0.5, 1e-06, 0.1], "k_pid_hsp": [2.583600330794067, 0.4326864693982124, 0.9740226511376769], "k_pid_vsp": [274.072819030078, 302.9641653721939, 77.01419151506988]}, "datetime": {"datetime": "2025-08-22 02:06:52", "elapsed": 62528.54229974747, "delta": 43.83347511291504}, "costs": {"total_cost": 903.7693244017227, "time_cost": 150, "final_distance_cost": 77.8480992144544, "oscillation_cost": 254.53962111096862, "completition_cost": 333.33333333333337, "overshoot_cost": 52.779210357982556, "power_cost": 20.194621411132815, "noise_cost": 15.074438973850716, "n_waypoints_completed": 6, "tot_waypoints": 9}}
{"target": -683.648738101273, "params": {"k_pid_pos": [1.786775750012995, 0.10809564208190636, 0.6793072524377181], "k_pid_alt": [0.005042089350161705, 0.2254072729925234, 0.5223294035839827], "k_pid_att": [20.757711928795487, 3.9877466967503903, 0.765463089615375], "k_pid_yaw": [0.5, 1e-06, 0.1], "k_pid_hsp": [3.6856323972599325, 0.3925506457117648, 0.20837356093045756], "k_pid_vsp": [232.55235961573587, 397.78128782816236, 191.03983819935493]}, "datetime": {"datetime": "2025-08-22 02:07:33", "elapsed": 62569.69297862053, "delta": 41.150678873062134}, "costs": {"total_cost": 683.648738101273, "time_cost": 150, "final_distance_cost": 60.017237205172314, "oscillation_cost": 268.28781749258917, "completition_cost": 111.11111111111116, "overshoot_cost": 59.70529683945584, "power_cost": 20.0291244140625, "noise_cost": 14.498151038882042, "n_waypoints_completed": 8, "tot_waypoints": 9}}
{"target": -679.8386859538408, "params": {"k_pid_pos": [0.2880367335291316, 0.9575917123771944, 0.4749155641931013], "k_pid_alt": [1.3747337967301088, 0.04142996839246793, 0.18409013325759505], "k_pid_att": [66.51407987385191, 3.851644761561781, 0.39434313100820684], "k_pid_yaw": [0.5, 1e-06, 0.1], "k_pid_hsp": [4.571811982697078, 0.6238108409691927, 0.05283193240432449], "k_pid_vsp": [194.3414670591923, 44.21824542932807, 35.07279653979599]}, "datetime": {"datetime": "2025-08-22 02:08:12", "elapsed": 62609.433990478516, "delta": 39.74101185798645}, "costs": {"total_cost": 679.8386859538408, "time_cost": 150, "final_distance_cost": 72.45782810211102, "oscillation_cost": 152.32334891905424, "completition_cost": 222.2222222222222, "overshoot_cost": 43.572217487810356, "power_cost": 22.499415380859375, "noise_cost": 16.76365384178362, "n_waypoints_completed": 7, "tot_waypoints": 9}}
{"target": -334.90847418554216, "params": {"k_pid_pos": [2.0, 1.0, 1.0], "k_pid_alt": [2.0, 0.0, 0.0], "k_pid_att": [71.62632895355976, 1.285058622080182, 0.0], "k_pid_yaw": [0.5, 1e-06, 0.1], "k_pid_hsp": [10.0, 0.0, 0.0], "k_pid_vsp": [372.17572654997406, 337.37122989765265, 69.34393428455279]}, "datetime": {"datetime": "2025-08-22 02:08:50", "elapsed": 62646.58058428764, "delta": 37.14659380912781}, "costs": {"total_cost": 334.90847418554216, "time_cost": 73.816, "final_distance_cost": 1.7618368043225434, "oscillation_cost": 182.98813139718328, "completition_cost": 0.0, "overshoot_cost": 50.01132006737117, "power_cost": 14.369300830078126, "noise_cost": 11.961885086587017, "n_waypoints_completed": 9, "tot_waypoints": 9}}
{"target": -403.77713433091907, "params": {"k_pid_pos": [2.0, 0.0, 0.765297988828801], "k_pid_alt": [2.0, 0.0, 0.9846854230464746], "k_pid_att": [100.0, 2.937990601214468, 1.0], "k_pid_yaw": [0.5, 1e-06, 0.1], "k_pid_hsp": [3.659073684185873, 0.2312171272925978, 0.3558059328232609], "k_pid_vsp": [333.64985310340745, 296.5497582410536, 35.362017845564175]}, "datetime": {"datetime": "2025-08-22 02:09:26", "elapsed": 62682.575756073, "delta": 35.995171785354614}, "costs": {"total_cost": 403.77713433091907, "time_cost": 79.936, "final_distance_cost": 1.7568267198906575, "oscillation_cost": 219.89741353915826, "completition_cost": 0.0, "overshoot_cost": 58.20936026449874, "power_cost": 22.52484403076172, "noise_cost": 21.452689776609713, "n_waypoints_completed": 9, "tot_waypoints": 9}}
{"target": -309.13718305515766, "params": {"k_pid_pos": [2.0, 0.0, 0.0], "k_pid_alt": [2.0, 0.0, 1.0], "k_pid_att": [51.66390243826851, 1.695511275434398, 0.0], "k_pid_yaw": [0.5, 1e-06, 0.1], "k_pid_hsp": [9.579497143918678, 1.0, 1.0], "k_pid_vsp": [350.6578103558453, 212.05205094080642, 27.42779300140484]}, "datetime": {"datetime": "2025-08-22 02:10:08", "elapsed": 62725.1374604702, "delta": 42.56170439720154}, "costs": {"total_cost": 309.13718305515766, "time_cost": 71.76, "final_distance_cost": 1.752643110574455, "oscillation_cost": 152.9933692270426, "completition_cost": 0.0, "overshoot_cost": 53.38677579373024, "power_cost": 16.516760375976563, "noise_cost": 12.7276345478338, "n_waypoints_completed": 9, "tot_waypoints": 9}}
{"target": -1226.4947782001825, "params": {"k_pid_pos": [0.0001, 1.0, 1.0], "k_pid_alt": [2.0, 0.0, 0.0], "k_pid_att": [26.23613271290948, 9.339133141523073, 1.0], "k_pid_yaw": [0.5, 1e-06, 0.1], "k_pid_hsp": [8.231853084292302, 1.0, 0.0], "k_pid_vsp": [379.69568134215365, 244.14626782682038, 125.69072113839573]}, "datetime": {"datetime": "2025-08-22 02:10:48", "elapsed": 62765.14997792244, "delta": 40.01251745223999}, "costs": {"total_cost": 1226.4947782001825, "time_cost": 150, "final_distance_cost": 63.19566077440503, "oscillation_cost": 61.23531982434132, "completition_cost": 888.8888888888888, "overshoot_cost": 30.745769791430277, "power_cost": 18.307996899414064, "noise_cost": 14.121142021703028, "n_waypoints_completed": 1, "tot_waypoints": 9}}
{"target": -279.0854015779983, "params": {"k_pid_pos": [2.0, 0.0, 1.0], "k_pid_alt": [2.0, 0.0, 0.0], "k_pid_att": [15.601032433276838, 2.8271081727590217, 1.0], "k_pid_yaw": [0.5, 1e-06, 0.1], "k_pid_hsp": [8.426439847870073, 1.0, 1.0], "k_pid_vsp": [253.48887382127717, 199.540589375874, 45.297515540932714]}, "datetime": {"datetime": "2025-08-22 02:11:23", "elapsed": 62799.52473759651, "delta": 34.374759674072266}, "costs": {"total_cost": 279.0854015779983, "time_cost": 73.712, "final_distance_cost": 1.7738845480152923, "oscillation_cost": 127.22037319566292, "completition_cost": 0.0, "overshoot_cost": 50.387403340393604, "power_cost": 14.500641101074219, "noise_cost": 11.4910993928523, "n_waypoints_completed": 9, "tot_waypoints": 9}}
{"target": -917.6786018814987, "params": {"k_pid_pos": [0.45228571971100134, 0.8706957839574162, 0.7867770738472634], "k_pid_alt": [1.7899630751836553, 0.547327807300291, 0.9398035254990182], "k_pid_att": [52.0343773869271, 4.922786409670087, 0.1651557760230945], "k_pid_yaw": [0.5, 1e-06, 0.1], "k_pid_hsp": [2.9779671953753746, 0.4372150551309957, 0.7877943940843309], "k_pid_vsp": [72.28435990252144, 190.67182815566233, 103.12742646322707]}, "datetime": {"datetime": "2025-08-22 02:12:03", "elapsed": 62840.0235683918, "delta": 40.498830795288086}, "costs": {"total_cost": 917.6786018814987, "time_cost": 150, "final_distance_cost": 40.46058368334664, "oscillation_cost": 202.92227841257758, "completition_cost": 444.4444444444444, "overshoot_cost": 45.81511479599613, "power_cost": 19.152898217773437, "noise_cost": 14.88328232736048, "n_waypoints_completed": 5, "tot_waypoints": 9}}
{"target": -815.4774851498123, "params": {"k_pid_pos": [1.580507623542944, 0.5923523647272154, 0.4813319302374778], "k_pid_alt": [0.30559383819357877, 0.05583132665197332, 0.1370759872578441], "k_pid_att": [64.90296703434812, 7.49279794046163, 0.6273917081022136], "k_pid_yaw": [0.5, 1e-06, 0.1], "k_pid_hsp": [7.908343189026629, 0.5995809155496684, 0.31688465439342317], "k_pid_vsp": [315.1110455535478, 256.44955256866024, 74.3027878199407]}, "datetime": {"datetime": "2025-08-22 02:12:44", "elapsed": 62880.665714502335, "delta": 40.64214611053467}, "costs": {"total_cost": 815.4774851498123, "time_cost": 150, "final_distance_cost": 72.45407715273899, "oscillation_cost": 294.47394721699663, "completition_cost": 222.2222222222222, "overshoot_cost": 44.0275934467977, "power_cost": 18.14196727294922, "noise_cost": 14.157677838107544, "n_waypoints_completed": 7, "tot_waypoints": 9}}
{"target": -1272.0597671096275, "params": {"k_pid_pos": [0.0001, 0.0, 0.0], "k_pid_alt": [0.0, 1.0, 1.0], "k_pid_att": [8.431733176972974, 5.704088634120181, 1.0], "k_pid_yaw": [0.5, 1e-06, 0.1], "k_pid_hsp": [4.580168450421358, 1.0, 0.0], "k_pid_vsp": [154.9361132221135, 215.1295065234852, 54.67976246607424]}, "datetime": {"datetime": "2025-08-22 02:13:23", "elapsed": 62919.68827152252, "delta": 39.02255702018738}, "costs": {"total_cost": 1272.0597671096275, "time_cost": 150, "final_distance_cost": 48.83640073249988, "oscillation_cost": 12.82036223461517, "completition_cost": 1000.0, "overshoot_cost": 42.55913401348393, "power_cost": 9.514667907714845, "noise_cost": 8.329202221313677, "n_waypoints_completed": 0, "tot_waypoints": 9}}
{"target": -444.4756678686056, "params": {"k_pid_pos": [1.985930077289557, 0.0, 0.11197331523442688], "k_pid_alt": [2.0, 0.9893667053205202, 0.0], "k_pid_att": [49.35759696518889, 5.541568501820408, 0.0038952900174740995], "k_pid_yaw": [0.5, 1e-06, 0.1], "k_pid_hsp": [3.475841471872141, 0.990553327597962, 0.0], "k_pid_vsp": [391.68617576877836, 161.46390793894898, 189.22192956566064]}, "datetime": {"datetime": "2025-08-22 02:14:12", "elapsed": 62968.96078658104, "delta": 49.272515058517456}, "costs": {"total_cost": 444.4756678686056, "time_cost": 150, "final_distance_cost": 5.821802592322771, "oscillation_cost": 86.6444383814723, "completition_cost": 111.11111111111116, "overshoot_cost": 60.47769463024577, "power_cost": 16.940450390625, "noise_cost": 13.480170762828596, "n_waypoints_completed": 8, "tot_waypoints": 9}}
{"target": -227.1051394657499, "params": {"k_pid_pos": [2.0, 0.46712551602613883, 0.4678007672123593], "k_pid_alt": [1.1128994225954643, 0.0, 0.016072056067293873], "k_pid_att": [95.56658194013188, 4.54580338744671, 0.11523800691024152], "k_pid_yaw": [0.5, 1e-06, 0.1], "k_pid_hsp": [8.022972683296805, 1.0, 0.0], "k_pid_vsp": [249.06650646504252, 316.4180114622116, 7.613450953497147]}, "datetime": {"datetime": "2025-08-22 02:14:46", "elapsed": 63002.66011977196, "delta": 33.69933319091797}, "costs": {"total_cost": 227.1051394657499, "time_cost": 73.70400000000001, "final_distance_cost": 1.7316497191766749, "oscillation_cost": 78.349068063718, "completition_cost": 0.0, "overshoot_cost": 50.42620364006188, "power_cost": 11.811365490722658, "noise_cost": 11.082852552070657, "n_waypoints_completed": 9, "tot_waypoints": 9}}
{"target": -366.92238016708916, "params": {"k_pid_pos": [0.9092514836063514, 0.3513163060083494, 0.11219244860357158], "k_pid_alt": [1.687766669925381, 0.8666471677263219, 0.7350821253277937], "k_pid_att": [98.74624474838339, 7.904017967231544, 0.3903143923257544], "k_pid_yaw": [0.5, 1e-06, 0.1], "k_pid_hsp": [6.758817469474482, 0.8786563809650956, 0.9042476798787233], "k_pid_vsp": [169.30777794225546, 121.33271888571457, 16.15251009943045]}, "datetime": {"datetime": "2025-08-22 02:15:27", "elapsed": 63043.988590955734, "delta": 41.328471183776855}, "costs": {"total_cost": 366.92238016708916, "time_cost": 90.808, "final_distance_cost": 1.7694164295266108, "oscillation_cost": 184.4905383422182, "completition_cost": 0.0, "overshoot_cost": 53.47581026290347, "power_cost": 19.760054052734375, "noise_cost": 16.61856107970652, "n_waypoints_completed": 9, "tot_waypoints": 9}}
{"target": -717.9888918105092, "params": {"k_pid_pos": [0.42996503773359773, 0.15293456304935238, 0.4666437629436231], "k_pid_alt": [1.9439404328202337, 0.006718098728525357, 0.16611906051126002], "k_pid_att": [78.48357686922755, 0.33549615061615073, 0.023999851054691046], "k_pid_yaw": [0.5, 1e-06, 0.1], "k_pid_hsp": [1.8331677696276463, 0.4815179473455281, 0.32935402336206354], "k_pid_vsp": [368.35657746392616, 374.22064253585916, 212.01184047205874]}, "datetime": {"datetime": "2025-08-22 02:16:14", "elapsed": 63090.89597320557, "delta": 46.90738224983215}, "costs": {"total_cost": 717.9888918105092, "time_cost": 150, "final_distance_cost": 47.6329873572222, "oscillation_cost": 321.72693578566157, "completition_cost": 111.11111111111116, "overshoot_cost": 51.88057726039499, "power_cost": 20.11645310058594, "noise_cost": 15.520827195533476, "n_waypoints_completed": 8, "tot_waypoints": 9}}
{"target": -317.5990774517007, "params": {"k_pid_pos": [2.0, 0.3215256831295351, 0.0], "k_pid_alt": [2.0, 0.0, 0.8901887560219198], "k_pid_att": [21.309043050431857, 8.910241080761212, 0.4258715547917642], "k_pid_yaw": [0.5, 1e-06, 0.1], "k_pid_hsp": [5.154845137231015, 0.0, 0.25711115430681375], "k_pid_vsp": [381.4963589483975, 253.9722333416484, 124.11127530551298]}, "datetime": {"datetime": "2025-08-22 02:16:46", "elapsed": 63123.246654987335, "delta": 32.3506817817688}, "costs": {"total_cost": 317.5990774517007, "time_cost": 70.912, "final_distance_cost": 1.7667013018383815, "oscillation_cost": 165.11392313417255, "completition_cost": 0.0, "overshoot_cost": 50.528355718182276, "power_cost": 16.532405200195313, "noise_cost": 12.745692097312066, "n_waypoints_completed": 9, "tot_waypoints": 9}}
