{"target": -702.597014085517, "params": {"k_pid_pos": [1.5785895520637339, 0.6831988832451406, 0.3171132884045301], "k_pid_alt": [1.5424972157950085, 0.046810483639051714, 0.8935781159492113], "k_pid_att": [68.96649817725151, 7.121085607154787, 0.7741685145724998], "k_pid_yaw": [0.5, 1e-06, 0.1], "k_pid_hsp": [1.5519892767291037, 0.591130013938837, 0.5452148103869447], "k_pid_vsp": [15.414401444467174, 253.54903477523803, 49.43711241074485]}, "datetime": {"datetime": "2025-08-21 13:41:29", "elapsed": 17805.857174396515, "delta": 25.14037823677063}, "costs": {"total_cost": 702.597014085517, "time_cost": 150, "final_distance_cost": 79.75515049832923, "oscillation_cost": 158.9963535069946, "completition_cost": 222.2222222222222, "overshoot_cost": 62.71868326009183, "power_cost": 15.99645145263672, "noise_cost": 12.908153145242473, "n_waypoints_completed": 7, "tot_waypoints": 9}}
{"target": -1052.6614524376894, "params": {"k_pid_pos": [1.3144042706548094, 0.5280685343700467, 0.420066242680292], "k_pid_alt": [1.3762703266005119, 0.8030410085737276, 0.02284722866104061], "k_pid_att": [2.8692100687202515, 9.89803448946075, 0.8039494000483152], "k_pid_yaw": [0.5, 1e-06, 0.1], "k_pid_hsp": [7.673591553582393, 0.3840138601571962, 0.5905259252436803], "k_pid_vsp": [279.6694612782162, 67.46053760163522, 28.17658864316465]}, "datetime": {"datetime": "2025-08-21 13:41:54", "elapsed": 17830.611825227737, "delta": 24.754650831222534}, "costs": {"total_cost": 1052.6614524376894, "time_cost": 150, "final_distance_cost": 43.88676380364191, "oscillation_cost": 315.23467609578984, "completition_cost": 444.4444444444444, "overshoot_cost": 56.9864950551337, "power_cost": 24.291642895507813, "noise_cost": 17.8174301431719, "n_waypoints_completed": 5, "tot_waypoints": 9}}
{"target": -2005.3905513242007, "params": {"k_pid_pos": [1.583093743530768, 0.5993940471026752, 0.988326686606865], "k_pid_alt": [0.6516025387358484, 0.039058612183273334, 0.06436277274427626], "k_pid_att": [71.48447167752295, 7.902339572338578, 0.3904942177469044], "k_pid_yaw": [0.5, 1e-06, 0.1], "k_pid_hsp": [5.27113233761791, 0.9090675940374618, 0.6236119732075404], "k_pid_vsp": [78.98816285435228, 33.912164480068704, 368.7542373509811]}, "datetime": {"datetime": "2025-08-21 13:42:19", "elapsed": 17855.566947221756, "delta": 24.955121994018555}, "costs": {"total_cost": 2005.3905513242007, "time_cost": 150, "final_distance_cost": 163.84542754222616, "oscillation_cost": 433.05922216436653, "completition_cost": 888.8888888888888, "overshoot_cost": 324.66894292000075, "power_cost": 24.297828332519533, "noise_cost": 20.63024147619909, "n_waypoints_completed": 1, "tot_waypoints": 9}}
{"target": -1172.4239408788724, "params": {"k_pid_pos": [1.1855433052887414, 0.9125501440706878, 0.29630311684998445], "k_pid_alt": [0.07024328626471066, 0.012224946841744244, 0.10619435212008133], "k_pid_att": [73.25508164643655, 7.165356090076918, 0.4626179373241973], "k_pid_yaw": [0.5, 1e-06, 0.1], "k_pid_hsp": [6.171863794037719, 0.21356601234677408, 0.11808902479918448], "k_pid_vsp": [272.29193622978784, 73.72740235851977, 12.788217815656134]}, "datetime": {"datetime": "2025-08-21 13:42:44", "elapsed": 17880.485021591187, "delta": 24.918074369430542}, "costs": {"total_cost": 1172.4239408788724, "time_cost": 150, "final_distance_cost": 53.99660991905659, "oscillation_cost": 224.19842847166422, "completition_cost": 666.6666666666667, "overshoot_cost": 48.67375244403424, "power_cost": 15.227073779296875, "noise_cost": 13.661409598153503, "n_waypoints_completed": 3, "tot_waypoints": 9}}
{"target": -457.5501051746853, "params": {"k_pid_pos": [1.0986920451946671, 0.4175064121947506, 0.3779230681184357], "k_pid_alt": [1.7475977717008233, 0.6339398099166577, 0.2733932862736398], "k_pid_att": [22.474338463462416, 2.386957470161626, 0.1244344487165091], "k_pid_yaw": [0.5, 1e-06, 0.1], "k_pid_hsp": [1.9488815968010227, 0.18243702388862182, 0.04968720080116229], "k_pid_vsp": [309.28761522090065, 117.8535920260121, 16.822648994006794]}, "datetime": {"datetime": "2025-08-21 13:43:09", "elapsed": 17905.828270435333, "delta": 25.34324884414673}, "costs": {"total_cost": 457.5501051746853, "time_cost": 95.232, "final_distance_cost": 1.7174644357504658, "oscillation_cost": 267.17155058787796, "completition_cost": 0.0, "overshoot_cost": 55.15819057430744, "power_cost": 21.97513865966797, "noise_cost": 16.295760917081505, "n_waypoints_completed": 9, "tot_waypoints": 9}}
{"target": -1101.6919876237139, "params": {"k_pid_pos": [0.03579398252203107, 0.8936639492295915, 0.1254308240623685], "k_pid_alt": [1.7945442404793948, 0.5771637253687673, 0.6724397162888845], "k_pid_att": [22.86243191284214, 4.473564114603448, 0.5399535784559049], "k_pid_yaw": [0.5, 1e-06, 0.1], "k_pid_hsp": [2.215455484923155, 0.8586792597050052, 0.7673750534194503], "k_pid_vsp": [20.662506101617684, 48.72277245195975, 23.990186263090585]}, "datetime": {"datetime": "2025-08-21 13:43:36", "elapsed": 17932.51329445839, "delta": 26.68502402305603}, "costs": {"total_cost": 1101.6919876237139, "time_cost": 150, "final_distance_cost": 63.75621193044507, "oscillation_cost": 132.31252981920323, "completition_cost": 666.6666666666667, "overshoot_cost": 56.298363633360495, "power_cost": 18.21385720214844, "noise_cost": 14.444358371890052, "n_waypoints_completed": 3, "tot_waypoints": 9}}
{"target": -1315.9242338907263, "params": {"k_pid_pos": [1.3229700642095714, 0.6177373557929986, 0.5093732104212718], "k_pid_alt": [0.010066961312586775, 0.800901850170102, 0.22343616725518034], "k_pid_att": [78.5257454023803, 7.581359002832418, 0.3856269438078711], "k_pid_yaw": [0.5, 1e-06, 0.1], "k_pid_hsp": [5.486048603917251, 0.33551997558490176, 0.338934985964609], "k_pid_vsp": [107.48561462884068, 247.1429355731461, 313.7239777146668]}, "datetime": {"datetime": "2025-08-21 13:44:02", "elapsed": 17958.53794312477, "delta": 26.024648666381836}, "costs": {"total_cost": 1315.9242338907263, "time_cost": 150, "final_distance_cost": 56.64652060163862, "oscillation_cost": 323.6129137033043, "completition_cost": 666.6666666666667, "overshoot_cost": 75.37336022134512, "power_cost": 23.7423546875, "noise_cost": 19.882418010271614, "n_waypoints_completed": 3, "tot_waypoints": 9}}
{"target": -999.1430504880857, "params": {"k_pid_pos": [1.0648149103606657, 0.42003844896677056, 0.39585669679849633], "k_pid_alt": [1.0465454471042337, 0.3897803944772821, 0.712762379832818], "k_pid_att": [9.622588635302897, 1.0612149217327111, 0.8694813406610457], "k_pid_yaw": [0.5, 1e-06, 0.1], "k_pid_hsp": [7.519570162158273, 0.22230183435639694, 0.9775637732701337], "k_pid_vsp": [274.004552731049, 241.57822829960566, 323.69577115531655]}, "datetime": {"datetime": "2025-08-21 13:44:27", "elapsed": 17983.514701128006, "delta": 24.976758003234863}, "costs": {"total_cost": 999.1430504880857, "time_cost": 150, "final_distance_cost": 45.29920418372419, "oscillation_cost": 150.7201417181801, "completition_cost": 555.5555555555555, "overshoot_cost": 68.9196055449086, "power_cost": 16.049819592285157, "noise_cost": 12.598723893432053, "n_waypoints_completed": 4, "tot_waypoints": 9}}
{"target": -1822.4517045666937, "params": {"k_pid_pos": [1.3627954795219752, 0.5290677629661849, 0.039046668600132395], "k_pid_alt": [0.7733785749917994, 0.5758709867964982, 0.16438398816398325], "k_pid_att": [41.84012654572508, 7.190848003535949, 0.005404671224306101], "k_pid_yaw": [0.5, 1e-06, 0.1], "k_pid_hsp": [7.302453695593026, 0.3545978608587075, 0.22332073472849112], "k_pid_vsp": [45.52802675486394, 340.8717626111371, 331.0807154284514]}, "datetime": {"datetime": "2025-08-21 13:44:52", "elapsed": 18008.558490753174, "delta": 25.043789625167847}, "costs": {"total_cost": 1822.4517045666937, "time_cost": 150, "final_distance_cost": 8.03830494763411, "oscillation_cost": 474.8967789899436, "completition_cost": 1000.0, "overshoot_cost": 110.78631277712617, "power_cost": 25.84549345703125, "noise_cost": 52.884814394958624, "n_waypoints_completed": 0, "tot_waypoints": 9}}
{"target": -461.26691463144596, "params": {"k_pid_pos": [1.3625271086659971, 0.42271738486462374, 0.8325650707192974], "k_pid_alt": [1.8595681321000992, 0.7801197665464565, 0.07085003264701417], "k_pid_att": [15.230291464453149, 1.9446131367938135, 0.39052727545983223], "k_pid_yaw": [0.5, 1e-06, 0.1], "k_pid_hsp": [6.96316989379112, 0.012205909015016836, 0.23410092090067636], "k_pid_vsp": [357.2328708932885, 370.9696191242431, 200.30252296747608]}, "datetime": {"datetime": "2025-08-21 13:45:15", "elapsed": 18032.069222450256, "delta": 23.51073169708252}, "costs": {"total_cost": 461.26691463144596, "time_cost": 95.28, "final_distance_cost": 1.767844046960328, "oscillation_cost": 268.05750166357745, "completition_cost": 0.0, "overshoot_cost": 58.0230223935549, "power_cost": 22.210607751464845, "noise_cost": 15.927938775888395, "n_waypoints_completed": 9, "tot_waypoints": 9}}
{"target": -912.9495644039437, "params": {"k_pid_pos": [0.3108275672674478, 0.5644268393994697, 0.46585701259705503], "k_pid_alt": [1.3099939301832457, 0.1061083629924976, 0.8674755033895023], "k_pid_att": [8.892637605013821, 6.352194361672279, 0.22486967945959624], "k_pid_yaw": [0.5, 1e-06, 0.1], "k_pid_hsp": [2.5915797281824764, 0.46809079385771246, 0.20634746523577652], "k_pid_vsp": [92.2719273926468, 234.28251038019835, 13.767269768592163]}, "datetime": {"datetime": "2025-08-21 13:45:40", "elapsed": 18057.090571641922, "delta": 25.02134919166565}, "costs": {"total_cost": 912.9495644039437, "time_cost": 150, "final_distance_cost": 50.05522342733598, "oscillation_cost": 194.60043749247282, "completition_cost": 444.4444444444444, "overshoot_cost": 40.16551722168117, "power_cost": 19.23956209716797, "noise_cost": 14.444379720841203, "n_waypoints_completed": 5, "tot_waypoints": 9}}
{"target": -1387.5923312636262, "params": {"k_pid_pos": [1.3149692497853218, 0.4469264264761821, 0.06714740090593563], "k_pid_alt": [1.713090293781214, 0.8272570454797525, 0.1562547965825546], "k_pid_att": [22.18252122001897, 0.0008734115889546633, 0.42333444490537586], "k_pid_yaw": [0.5, 1e-06, 0.1], "k_pid_hsp": [3.7982262531925586, 0.17897429037889856, 0.9022705850138799], "k_pid_vsp": [35.54439021866314, 82.95284121899093, 80.87140053910566]}, "datetime": {"datetime": "2025-08-21 13:46:07", "elapsed": 18084.07065844536, "delta": 26.98008680343628}, "costs": {"total_cost": 1387.5923312636262, "time_cost": 150, "final_distance_cost": 86.25438820518977, "oscillation_cost": 277.34517451310614, "completition_cost": 777.7777777777778, "overshoot_cost": 50.44373064684789, "power_cost": 25.559858276367187, "noise_cost": 20.21140184433729, "n_waypoints_completed": 2, "tot_waypoints": 9}}
{"target": -558.2990020813554, "params": {"k_pid_pos": [1.4523027714300583, 0.6559664410592249, 0.017679179687995372], "k_pid_alt": [1.159620955849123, 0.45287087061968156, 0.9356644546184417], "k_pid_att": [60.77934673550111, 7.454277740491489, 0.7085240853033795], "k_pid_yaw": [0.5, 1e-06, 0.1], "k_pid_hsp": [8.873717576446648, 0.44621196770326843, 0.10078221371709217], "k_pid_vsp": [256.5681354439616, 234.4477686686339, 166.08558428145844]}, "datetime": {"datetime": "2025-08-21 13:46:33", "elapsed": 18109.751468896866, "delta": 25.68081045150757}, "costs": {"total_cost": 558.2990020813554, "time_cost": 150, "final_distance_cost": 63.898486497402885, "oscillation_cost": 147.09417257111332, "completition_cost": 111.11111111111116, "overshoot_cost": 52.977665401038216, "power_cost": 18.846494970703127, "noise_cost": 14.371071529986732, "n_waypoints_completed": 8, "tot_waypoints": 9}}
{"target": -1185.8273189520462, "params": {"k_pid_pos": [1.0061198878928754, 0.27798796500416967, 0.9727409420947117], "k_pid_alt": [0.23713124421191645, 0.6996283708107663, 0.31211650699910165], "k_pid_att": [85.27826998588272, 9.4715871351404, 0.6238858385813728], "k_pid_yaw": [0.5, 1e-06, 0.1], "k_pid_hsp": [4.118269218430883, 0.10058793519298681, 0.6396154527953405], "k_pid_vsp": [293.6840972411182, 369.2227133176627, 112.72564447416194]}, "datetime": {"datetime": "2025-08-21 13:46:58", "elapsed": 18134.82703089714, "delta": 25.075562000274658}, "costs": {"total_cost": 1185.8273189520462, "time_cost": 150, "final_distance_cost": 50.75005057154123, "oscillation_cost": 338.8068434793747, "completition_cost": 555.5555555555555, "overshoot_cost": 48.72012513872395, "power_cost": 23.661463220214845, "noise_cost": 18.33328098663573, "n_waypoints_completed": 4, "tot_waypoints": 9}}
{"target": -1543.022860550257, "params": {"k_pid_pos": [1.102490820422617, 0.5993167711789293, 0.5350884747165416], "k_pid_alt": [1.9995946940229128, 0.7331195009603032, 0.5486851309975693], "k_pid_att": [9.70673868195261, 5.390664849459747, 0.4057595059995308], "k_pid_yaw": [0.5, 1e-06, 0.1], "k_pid_hsp": [4.898558060710657, 0.7817024171059376, 0.7842868842786278], "k_pid_vsp": [107.04083084647942, 264.6899077245016, 277.5490783241067]}, "datetime": {"datetime": "2025-08-21 13:47:23", "elapsed": 18160.40662908554, "delta": 25.57959818840027}, "costs": {"total_cost": 1543.022860550257, "time_cost": 150, "final_distance_cost": 52.53578431344985, "oscillation_cost": 289.3745200408438, "completition_cost": 888.8888888888888, "overshoot_cost": 102.40439779418945, "power_cost": 22.870612622070315, "noise_cost": 36.94865689081515, "n_waypoints_completed": 1, "tot_waypoints": 9}}
{"target": -1905.6812318173777, "params": {"k_pid_pos": [1.842798200463138, 0.9778178492439655, 0.4818743852827412], "k_pid_alt": [0.13843185317379048, 0.32929874616218824, 0.4112143519659125], "k_pid_att": [60.99036930570324, 2.3112189212131793, 0.2037052216859463], "k_pid_yaw": [0.5, 1e-06, 0.1], "k_pid_hsp": [6.50863169774657, 0.2977723371301739, 0.6955166750738885], "k_pid_vsp": [159.96504967688372, 175.98764621923178, 362.9873308602862]}, "datetime": {"datetime": "2025-08-21 13:47:48", "elapsed": 18185.384830474854, "delta": 24.978201389312744}, "costs": {"total_cost": 1905.6812318173777, "time_cost": 150, "final_distance_cost": 160.88214107619754, "oscillation_cost": 333.1445089832567, "completition_cost": 1000.0, "overshoot_cost": 222.41707600074372, "power_cost": 17.312717065429688, "noise_cost": 21.924788691750074, "n_waypoints_completed": 0, "tot_waypoints": 9}}
{"target": -428.4228936133089, "params": {"k_pid_pos": [1.1668416268125523, 0.6018233175450274, 0.2986709464782801], "k_pid_alt": [1.530868389339778, 0.7256631916025846, 0.2784969326371265], "k_pid_att": [38.23391096571594, 8.169662443503427, 0.2819664759799514], "k_pid_yaw": [0.5, 1e-06, 0.1], "k_pid_hsp": [7.167071890932973, 0.17972776590656658, 0.5447108438647235], "k_pid_vsp": [288.32080618446787, 72.36479701256006, 38.72247992668895]}, "datetime": {"datetime": "2025-08-21 13:48:12", "elapsed": 18209.422101020813, "delta": 24.037270545959473}, "costs": {"total_cost": 428.4228936133089, "time_cost": 95.616, "final_distance_cost": 1.7472347311806327, "oscillation_cost": 243.20898012279372, "completition_cost": 0.0, "overshoot_cost": 54.07720915594969, "power_cost": 18.746807446289065, "noise_cost": 15.026662157095837, "n_waypoints_completed": 9, "tot_waypoints": 9}}
{"target": -1307.5867910606344, "params": {"k_pid_pos": [0.32891444938468145, 0.6026095945823546, 0.9445293155662521], "k_pid_alt": [0.5446111162540976, 0.7453594413451706, 0.7102887432854114], "k_pid_att": [35.733912242935, 8.8328771196781, 0.15864722717867408], "k_pid_yaw": [0.5, 1e-06, 0.1], "k_pid_hsp": [6.0065456678589095, 0.28721522274413114, 0.09537294574541966], "k_pid_vsp": [215.05695956500674, 342.7519346884806, 270.0306872637664]}, "datetime": {"datetime": "2025-08-21 13:48:39", "elapsed": 18235.830956697464, "delta": 26.408855676651}, "costs": {"total_cost": 1307.5867910606344, "time_cost": 150, "final_distance_cost": 52.03453388263067, "oscillation_cost": 345.20903100868, "completition_cost": 666.6666666666667, "overshoot_cost": 49.36376582741685, "power_cost": 23.308050634765625, "noise_cost": 21.004743040474562, "n_waypoints_completed": 3, "tot_waypoints": 9}}
{"target": -1325.0951459762694, "params": {"k_pid_pos": [0.0042272358077443985, 0.4838145925694536, 0.36915595309237126], "k_pid_alt": [1.579324742402943, 0.24232872516229398, 0.2272463626667538], "k_pid_att": [49.35270043333164, 8.160402370431356, 0.22434113759151975], "k_pid_yaw": [0.5, 1e-06, 0.1], "k_pid_hsp": [4.563551027453721, 0.7527999635728642, 0.02362845104194422], "k_pid_vsp": [192.27925767739458, 374.2669841653019, 265.8312100404915]}, "datetime": {"datetime": "2025-08-21 13:49:04", "elapsed": 18260.746145248413, "delta": 24.915188550949097}, "costs": {"total_cost": 1325.0951459762694, "time_cost": 150, "final_distance_cost": 64.31417273815462, "oscillation_cost": 159.65053760585062, "completition_cost": 888.8888888888888, "overshoot_cost": 32.68627605826365, "power_cost": 15.430584118652344, "noise_cost": 14.124686566459067, "n_waypoints_completed": 1, "tot_waypoints": 9}}
{"target": -1271.4703619791378, "params": {"k_pid_pos": [1.6752767955560484, 0.8372873889996266, 0.6382938442639331], "k_pid_alt": [0.17813640237211192, 0.5642449628961518, 0.31751376014027866], "k_pid_att": [74.12039114100352, 5.955588875198777, 0.6449468455215249], "k_pid_yaw": [0.5, 1e-06, 0.1], "k_pid_hsp": [2.3000144791947195, 0.18763578646899237, 0.5013482082767301], "k_pid_vsp": [341.0002466260517, 262.30605457035665, 133.2484580577087]}, "datetime": {"datetime": "2025-08-21 13:49:29", "elapsed": 18285.525406837463, "delta": 24.779261589050293}, "costs": {"total_cost": 1271.4703619791378, "time_cost": 150, "final_distance_cost": 92.37712501472757, "oscillation_cost": 161.11584312168193, "completition_cost": 777.7777777777778, "overshoot_cost": 42.61176567684492, "power_cost": 28.30649178466797, "noise_cost": 19.281358603437567, "n_waypoints_completed": 2, "tot_waypoints": 9}}
{"target": -712.0232535140195, "params": {"k_pid_pos": [0.7506899400439245, 0.10603742550876283, 0.3674049928243186], "k_pid_alt": [1.883554923440858, 0.6810827641838431, 0.42934118287930445], "k_pid_att": [96.28192536767351, 6.581420212535987, 0.08285340741925384], "k_pid_yaw": [0.5, 1e-06, 0.1], "k_pid_hsp": [9.362133396180193, 0.11091411038808197, 0.4811199269998525], "k_pid_vsp": [383.8548157806015, 294.6217149584985, 297.1613022233532]}, "datetime": {"datetime": "2025-08-21 13:49:56", "elapsed": 18312.581640958786, "delta": 27.056234121322632}, "costs": {"total_cost": 712.0232535140195, "time_cost": 150, "final_distance_cost": 26.48499846049084, "oscillation_cost": 325.59945932220904, "completition_cost": 111.11111111111116, "overshoot_cost": 55.02998190711, "power_cost": 24.57318853759766, "noise_cost": 19.224514175500854, "n_waypoints_completed": 8, "tot_waypoints": 9}}
{"target": -894.8848890057149, "params": {"k_pid_pos": [0.8868435714029513, 0.7087006512630499, 0.7247218291716047], "k_pid_alt": [1.8969633920982354, 0.0708453828340675, 0.6830971076004352], "k_pid_att": [71.79820428337429, 9.05026309337989, 0.007850968173351736], "k_pid_yaw": [0.5, 1e-06, 0.1], "k_pid_hsp": [3.8614569543785295, 0.10774787326759183, 0.7849246227393051], "k_pid_vsp": [272.1103627908896, 327.41749494748177, 128.49529191545753]}, "datetime": {"datetime": "2025-08-21 13:50:21", "elapsed": 18337.854959487915, "delta": 25.27331852912903}, "costs": {"total_cost": 894.8848890057149, "time_cost": 150, "final_distance_cost": 77.55316764960953, "oscillation_cost": 239.74981809164404, "completition_cost": 333.33333333333337, "overshoot_cost": 56.228500158017134, "power_cost": 21.897839953613282, "noise_cost": 16.122229819497523, "n_waypoints_completed": 6, "tot_waypoints": 9}}
{"target": -727.6305797719649, "params": {"k_pid_pos": [0.37593342404735985, 0.18012964916173047, 0.08490996332651246], "k_pid_alt": [0.12720688068852337, 0.657016071874071, 0.4873990446337839], "k_pid_att": [27.02336819828095, 4.751975537064882, 0.9696635909321355], "k_pid_yaw": [0.5, 1e-06, 0.1], "k_pid_hsp": [4.920673424126235, 0.3925216148367996, 0.0840137087002728], "k_pid_vsp": [207.91440060955324, 101.03620822676224, 7.856230642966398]}, "datetime": {"datetime": "2025-08-21 13:50:46", "elapsed": 18362.69163966179, "delta": 24.8366801738739}, "costs": {"total_cost": 727.6305797719649, "time_cost": 150, "final_distance_cost": 72.05920637227445, "oscillation_cost": 90.09668577256105, "completition_cost": 333.33333333333337, "overshoot_cost": 52.29319771214808, "power_cost": 15.359621044921875, "noise_cost": 14.488535536726118, "n_waypoints_completed": 6, "tot_waypoints": 9}}
{"target": -402.3824059335386, "params": {"k_pid_pos": [0.5460546786190894, 0.0005689015402728925, 0.7125950370290203], "k_pid_alt": [1.3203104833907777, 0.018553734425539647, 0.9003569499672416], "k_pid_att": [68.58351475874971, 2.1773382054994777, 0.27154015524789554], "k_pid_yaw": [0.5, 1e-06, 0.1], "k_pid_hsp": [0.2471554600300518, 0.9232537701971054, 0.2689869532788758], "k_pid_vsp": [58.81230407452009, 151.47015746799926, 29.526025299995496]}, "datetime": {"datetime": "2025-08-21 13:51:10", "elapsed": 18386.542800188065, "delta": 23.851160526275635}, "costs": {"total_cost": 402.3824059335386, "time_cost": 94.256, "final_distance_cost": 1.777190149768741, "oscillation_cost": 212.77816865107687, "completition_cost": 0.0, "overshoot_cost": 56.93799464673313, "power_cost": 20.75218800048828, "noise_cost": 15.880864485471594, "n_waypoints_completed": 9, "tot_waypoints": 9}}
