{"target": -731.386814864165, "params": {"k_pid_pos": [1.2721534639138503, 0.5661661329632323, 0.5497345574713749], "k_pid_alt": [1.3041267901636486, 0.6387537085103928, 0.5390906765244682], "k_pid_att": [37.39960379253573, 5.123059997994371, 0.18483580271745292], "k_pid_yaw": [0.5, 1e-06, 0.1], "k_pid_hsp": [8.588394413655253, 0.19524338198418567, 0.40408893804707613], "k_pid_vsp": [319.9059740591496, 45.38910918740548, 64.3848234630135]}, "datetime": {"datetime": "2025-08-22 03:12:11", "elapsed": 66447.59537672997, "delta": 47.654168367385864}, "costs": {"total_cost": 731.386814864165, "time_cost": 150, "final_distance_cost": 64.42186753232023, "oscillation_cost": 303.8184442012144, "completition_cost": 111.11111111111116, "overshoot_cost": 52.84184594420889, "power_cost": 28.125687768554688, "noise_cost": 21.067858306755582, "n_waypoints_completed": 8, "tot_waypoints": 9}}
{"target": -800.1100077760971, "params": {"k_pid_pos": [1.0635938408200742, 0.8739520214953714, 0.6985874525842813], "k_pid_alt": [1.1343906355599844, 0.42477592046221113, 0.8433110579845191], "k_pid_att": [54.211609763100796, 6.4800964411822255, 0.4789729012252022], "k_pid_yaw": [0.5, 1e-06, 0.1], "k_pid_hsp": [4.498322871725239, 0.14944585878838879, 0.3009868639908575], "k_pid_vsp": [238.0140338903886, 351.43716842185273, 142.8336288580222]}, "datetime": {"datetime": "2025-08-22 03:12:47", "elapsed": 66484.15168356895, "delta": 36.55630683898926}, "costs": {"total_cost": 800.1100077760971, "time_cost": 150, "final_distance_cost": 64.38902182148843, "oscillation_cost": 272.7249282062433, "completition_cost": 222.2222222222222, "overshoot_cost": 47.03000709262442, "power_cost": 25.454182971191408, "noise_cost": 18.28964546232737, "n_waypoints_completed": 7, "tot_waypoints": 9}}
{"target": -207.94229155498752, "params": {"k_pid_pos": [2.0, 0.8004213748601053, 1.0], "k_pid_alt": [2.0, 0.0, 0.055618622407631366], "k_pid_att": [6.193613051778342, 5.525501302231536, 0.3426068278686632], "k_pid_yaw": [0.5, 1e-06, 0.1], "k_pid_hsp": [3.5824695615559436, 0.9373543692842623, 0.0], "k_pid_vsp": [105.12902675918666, 307.1544929128391, 103.73804140097371]}, "datetime": {"datetime": "2025-08-22 03:13:23", "elapsed": 66519.72327947617, "delta": 35.571595907211304}, "costs": {"total_cost": 207.94229155498752, "time_cost": 80.128, "final_distance_cost": 1.7737738588316132, "oscillation_cost": 52.93328449228059, "completition_cost": 0.0, "overshoot_cost": 52.42522255580725, "power_cost": 11.017963330078125, "noise_cost": 9.66404731798996, "n_waypoints_completed": 9, "tot_waypoints": 9}}
{"target": -1022.0319624529986, "params": {"k_pid_pos": [0.9424542924028786, 0.5757116505018678, 0.33276859761888933], "k_pid_alt": [0.107820679732894, 0.9350711821533846, 0.650996860988676], "k_pid_att": [53.9195977366666, 2.2510411100757497, 0.0603104459873508], "k_pid_yaw": [0.5, 1e-06, 0.1], "k_pid_hsp": [8.927475465040807, 0.04397691594204112, 0.22728402545526216], "k_pid_vsp": [120.72652912455726, 101.60050872685228, 62.708619445262876]}, "datetime": {"datetime": "2025-08-22 03:14:00", "elapsed": 66556.51166844368, "delta": 36.78838896751404}, "costs": {"total_cost": 1022.0319624529986, "time_cost": 150, "final_distance_cost": 48.376497817704916, "oscillation_cost": 282.73975856419054, "completition_cost": 444.4444444444444, "overshoot_cost": 54.33721096750903, "power_cost": 23.721424096679687, "noise_cost": 18.412626562470116, "n_waypoints_completed": 5, "tot_waypoints": 9}}
{"target": -420.2730623367043, "params": {"k_pid_pos": [2.0, 0.6756751993092385, 0.8335900572865492], "k_pid_alt": [1.34652730608514, 0.26399028424364257, 0.9564490991081459], "k_pid_att": [18.11235932625491, 3.3300862374266056, 0.9277471447716782], "k_pid_yaw": [0.5, 1e-06, 0.1], "k_pid_hsp": [8.310193003895288, 0.6178835638722285, 1.0], "k_pid_vsp": [52.034750061224166, 99.40521799095733, 31.82062353514918]}, "datetime": {"datetime": "2025-08-22 03:14:40", "elapsed": 66597.04420900345, "delta": 40.53254055976868}, "costs": {"total_cost": 420.2730623367043, "time_cost": 99.632, "final_distance_cost": 1.7358100646849983, "oscillation_cost": 224.5213513165615, "completition_cost": 0.0, "overshoot_cost": 53.94998499965792, "power_cost": 23.443451098632814, "noise_cost": 16.990464857167083, "n_waypoints_completed": 9, "tot_waypoints": 9}}
{"target": -1010.928193693505, "params": {"k_pid_pos": [1.1123100207841512, 0.6702372696127611, 0.3895333681236256], "k_pid_alt": [0.09089308801031204, 0.07359482926877636, 0.18827468222511745], "k_pid_att": [24.158165438614898, 3.7854740884286797, 0.11677439284019164], "k_pid_yaw": [0.5, 1e-06, 0.1], "k_pid_hsp": [3.227773468620247, 0.32252395893549246, 0.8060794450860694], "k_pid_vsp": [343.8936509753463, 327.60441826650026, 12.959464154752496]}, "datetime": {"datetime": "2025-08-22 03:15:16", "elapsed": 66633.4466547966, "delta": 36.402445793151855}, "costs": {"total_cost": 1010.928193693505, "time_cost": 150, "final_distance_cost": 40.63825629173964, "oscillation_cost": 182.86295312017646, "completition_cost": 555.5555555555555, "overshoot_cost": 52.74557198994304, "power_cost": 15.37695107421875, "noise_cost": 13.748905661871607, "n_waypoints_completed": 4, "tot_waypoints": 9}}
{"target": -861.0114705868863, "params": {"k_pid_pos": [0.6568130783194372, 0.7630368130097982, 0.958865102622324], "k_pid_alt": [1.3070244198855738, 0.7639782189675303, 0.6322592864766768], "k_pid_att": [33.181234329156304, 7.496888396179099, 0.3929307539350052], "k_pid_yaw": [0.5, 1e-06, 0.1], "k_pid_hsp": [2.668704739307943, 0.6421067059446595, 0.3327366894525833], "k_pid_vsp": [44.15525745156717, 301.8694200558622, 50.700763401663]}, "datetime": {"datetime": "2025-08-22 03:16:00", "elapsed": 66677.391466856, "delta": 43.944812059402466}, "costs": {"total_cost": 861.0114705868863, "time_cost": 150, "final_distance_cost": 70.91079114026701, "oscillation_cost": 216.57096026007292, "completition_cost": 333.33333333333337, "overshoot_cost": 48.183182495569056, "power_cost": 24.026976586914063, "noise_cost": 17.98622677072982, "n_waypoints_completed": 6, "tot_waypoints": 9}}
{"target": -771.0451201821589, "params": {"k_pid_pos": [1.828097863681868, 0.6695080912719704, 0.9010583772800286], "k_pid_alt": [0.1327474654058698, 0.9479784994015418, 0.14199833544271423], "k_pid_att": [13.151502983478236, 7.063172522580377, 0.7993148589942268], "k_pid_yaw": [0.5, 1e-06, 0.1], "k_pid_hsp": [4.498025630946324, 0.8762586026264068, 0.22832662515440805], "k_pid_vsp": [176.20083741680696, 344.0659604692994, 120.34633570178487]}, "datetime": {"datetime": "2025-08-22 03:16:39", "elapsed": 66716.38878703117, "delta": 38.9973201751709}, "costs": {"total_cost": 771.0451201821589, "time_cost": 150, "final_distance_cost": 81.94496614455183, "oscillation_cost": 221.4440034502738, "completition_cost": 222.2222222222222, "overshoot_cost": 55.299404071113734, "power_cost": 22.91580623779297, "noise_cost": 17.218718056204494, "n_waypoints_completed": 7, "tot_waypoints": 9}}
{"target": -379.3917369175178, "params": {"k_pid_pos": [2.0, 0.0, 1.0], "k_pid_alt": [1.5079646517448562, 0.0, 1.0], "k_pid_att": [5.21591527566004, 9.703056473072873, 0.0], "k_pid_yaw": [0.5, 1e-06, 0.1], "k_pid_hsp": [10.0, 1.0, 0.0], "k_pid_vsp": [269.7949759569114, 368.2427236097989, 27.285062303203084]}, "datetime": {"datetime": "2025-08-22 03:17:17", "elapsed": 66754.0866599083, "delta": 37.69787287712097}, "costs": {"total_cost": 379.3917369175178, "time_cost": 69.60000000000001, "final_distance_cost": 1.840766859828078, "oscillation_cost": 227.8903427317726, "completition_cost": 0.0, "overshoot_cost": 48.83133806114229, "power_cost": 16.656318798828124, "noise_cost": 14.57297046594667, "n_waypoints_completed": 9, "tot_waypoints": 9}}
{"target": -942.1932199637238, "params": {"k_pid_pos": [0.9854459344821362, 0.9145023573471999, 0.3757279654803556], "k_pid_alt": [1.71112126720391, 0.1290666992343381, 0.6305849087020394], "k_pid_att": [27.30287459570694, 0.7689088361467018, 0.16232617200998878], "k_pid_yaw": [0.5, 1e-06, 0.1], "k_pid_hsp": [0.35967590258760457, 0.7355408949708058, 0.25736398176110264], "k_pid_vsp": [150.6505803040537, 14.048391200698076, 9.32817850809255]}, "datetime": {"datetime": "2025-08-22 03:18:04", "elapsed": 66801.37172794342, "delta": 47.28506803512573}, "costs": {"total_cost": 942.1932199637238, "time_cost": 150, "final_distance_cost": 32.55557285352846, "oscillation_cost": 94.28274146758726, "completition_cost": 555.5555555555555, "overshoot_cost": 77.703846454685, "power_cost": 17.197913525390625, "noise_cost": 14.897590106976827, "n_waypoints_completed": 4, "tot_waypoints": 9}}
{"target": -1486.36040557577, "params": {"k_pid_pos": [0.0001, 1.0, 1.0], "k_pid_alt": [0.0, 0.0, 0.0], "k_pid_att": [10.209673602785614, 4.930672248202158, 0.0], "k_pid_yaw": [0.5, 1e-06, 0.1], "k_pid_hsp": [10.0, 1.0, 1.0], "k_pid_vsp": [11.781894315206728, 222.3196410465442, 31.517707499221846]}, "datetime": {"datetime": "2025-08-22 03:18:50", "elapsed": 66847.32659888268, "delta": 45.95487093925476}, "costs": {"total_cost": 1486.36040557577, "time_cost": 150, "final_distance_cost": 9.168867417394559, "oscillation_cost": 132.44176171472122, "completition_cost": 1000.0, "overshoot_cost": 138.01940016153227, "power_cost": 8.057326892089844, "noise_cost": 48.67304939003235, "n_waypoints_completed": 0, "tot_waypoints": 9}}
{"target": -1085.4547774675798, "params": {"k_pid_pos": [1.4908778198480552, 0.9322939024838313, 0.8102244271751551], "k_pid_alt": [1.0328498235849104, 0.9935350034541461, 0.9760776918708675], "k_pid_att": [92.80439873657788, 1.3218802415369018, 0.6182223878184377], "k_pid_yaw": [0.5, 1e-06, 0.1], "k_pid_hsp": [1.7026191973783664, 0.10056362752082282, 0.8730106848894462], "k_pid_vsp": [197.3380935521457, 376.1770594776146, 148.8573421082134]}, "datetime": {"datetime": "2025-08-22 03:19:36", "elapsed": 66893.39745235443, "delta": 46.07085347175598}, "costs": {"total_cost": 1085.4547774675798, "time_cost": 150, "final_distance_cost": 63.858546429284985, "oscillation_cost": 214.55954925471036, "completition_cost": 555.5555555555555, "overshoot_cost": 56.8237633963168, "power_cost": 25.309525317382814, "noise_cost": 19.34783751432931, "n_waypoints_completed": 4, "tot_waypoints": 9}}
{"target": -698.47632160547, "params": {"k_pid_pos": [1.894105733013961, 0.7834464940619127, 0.08075128975749313], "k_pid_alt": [1.4612497526995005, 0.08761566998869241, 0.08115872230382903], "k_pid_att": [93.75384779431793, 9.233050218264394, 0.6782854344623437], "k_pid_yaw": [0.5, 1e-06, 0.1], "k_pid_hsp": [6.87989059247668, 0.1626242650443236, 0.018697426258877714], "k_pid_vsp": [167.98847704292808, 124.30203120303028, 14.891745590568892]}, "datetime": {"datetime": "2025-08-22 03:20:20", "elapsed": 66936.97344255447, "delta": 43.575990200042725}, "costs": {"total_cost": 698.47632160547, "time_cost": 150, "final_distance_cost": 51.620562388567585, "oscillation_cost": 68.55888987429911, "completition_cost": 333.33333333333337, "overshoot_cost": 49.017941808989555, "power_cost": 27.173657641601565, "noise_cost": 18.771936558678853, "n_waypoints_completed": 6, "tot_waypoints": 9}}
{"target": -302.3942714405999, "params": {"k_pid_pos": [2.0, 0.0, 0.0], "k_pid_alt": [2.0, 0.0, 0.4219027363989252], "k_pid_att": [51.05837483449028, 6.253301080491791, 1.0], "k_pid_yaw": [0.5, 1e-06, 0.1], "k_pid_hsp": [8.177791785230571, 1.0, 1.0], "k_pid_vsp": [353.9994594947021, 213.22283282239678, 31.948914251815918]}, "datetime": {"datetime": "2025-08-22 03:20:56", "elapsed": 66973.10969519615, "delta": 36.136252641677856}, "costs": {"total_cost": 302.3942714405999, "time_cost": 74.19200000000001, "final_distance_cost": 1.7171896338321602, "oscillation_cost": 149.72972274761582, "completition_cost": 0.0, "overshoot_cost": 51.38543291002881, "power_cost": 13.908222229003908, "noise_cost": 11.46170392011915, "n_waypoints_completed": 9, "tot_waypoints": 9}}
{"target": -220.49280661699527, "params": {"k_pid_pos": [2.0, 0.0, 1.0], "k_pid_alt": [2.0, 0.0, 1.0], "k_pid_att": [94.7937136544356, 0.0001, 0.0], "k_pid_yaw": [0.5, 1e-06, 0.1], "k_pid_hsp": [4.686116663240982, 1.0, 0.0], "k_pid_vsp": [51.55172663138024, 365.2020646408329, 1e-06]}, "datetime": {"datetime": "2025-08-22 03:21:45", "elapsed": 67021.69259285927, "delta": 48.582897663116455}, "costs": {"total_cost": 220.49280661699527, "time_cost": 69.864, "final_distance_cost": 1.8527307892852896, "oscillation_cost": 78.2963353407269, "completition_cost": 0.0, "overshoot_cost": 48.6795592007296, "power_cost": 11.169001171875001, "noise_cost": 10.631180114378445, "n_waypoints_completed": 9, "tot_waypoints": 9}}
{"target": -601.7560294485406, "params": {"k_pid_pos": [2.0, 0.6674808474545793, 0.34930536523819417], "k_pid_alt": [1.6884511488602243, 0.7635095733614794, 0.0], "k_pid_att": [20.637826016667955, 2.6772631302139818, 0.6090967148756536], "k_pid_yaw": [0.5, 1e-06, 0.1], "k_pid_hsp": [1.3937745740723118, 0.8404248826242202, 0.0], "k_pid_vsp": [134.8477280499937, 304.3787947463079, 113.76173219014284]}, "datetime": {"datetime": "2025-08-22 03:22:35", "elapsed": 67071.89339876175, "delta": 50.20080590248108}, "costs": {"total_cost": 601.7560294485406, "time_cost": 150, "final_distance_cost": 66.49068811766476, "oscillation_cost": 73.82880144346586, "completition_cost": 222.2222222222222, "overshoot_cost": 51.92964409752811, "power_cost": 21.297727990722656, "noise_cost": 15.986945576936956, "n_waypoints_completed": 7, "tot_waypoints": 9}}
{"target": -267.1911247836795, "params": {"k_pid_pos": [2.0, 1.0, 1.0], "k_pid_alt": [2.0, 1.0, 0.0], "k_pid_att": [57.59147721467747, 7.374762292987135, 1.0], "k_pid_yaw": [0.5, 1e-06, 0.1], "k_pid_hsp": [10.0, 1.0, 0.0], "k_pid_vsp": [300.47120041728516, 354.89307851233525, 49.74457977901777]}, "datetime": {"datetime": "2025-08-22 03:23:30", "elapsed": 67127.43677067757, "delta": 55.54337191581726}, "costs": {"total_cost": 267.1911247836795, "time_cost": 90.336, "final_distance_cost": 1.7565800162036096, "oscillation_cost": 84.75824593907248, "completition_cost": 0.0, "overshoot_cost": 54.09403288277637, "power_cost": 20.422282202148438, "noise_cost": 15.823983743478646, "n_waypoints_completed": 9, "tot_waypoints": 9}}
{"target": -1111.4727863196263, "params": {"k_pid_pos": [2.0, 0.40187777035955197, 0.4988575252535348], "k_pid_alt": [1.7298891422181897, 0.3642009562089126, 1.0], "k_pid_att": [4.449616069949708, 5.345184375611015, 1.0], "k_pid_yaw": [0.5, 1e-06, 0.1], "k_pid_hsp": [0.02605580866997675, 0.10139155844743114, 0.7368282344718817], "k_pid_vsp": [106.18844701820025, 306.4005681094244, 105.14524868206632]}, "datetime": {"datetime": "2025-08-22 03:24:10", "elapsed": 67166.87710165977, "delta": 39.44033098220825}, "costs": {"total_cost": 1111.4727863196263, "time_cost": 150, "final_distance_cost": 43.43433645835268, "oscillation_cost": 137.63801674237814, "completition_cost": 666.6666666666667, "overshoot_cost": 86.97952394753888, "power_cost": 14.98325076904297, "noise_cost": 11.770991735646712, "n_waypoints_completed": 3, "tot_waypoints": 9}}
{"target": -1299.4092812167037, "params": {"k_pid_pos": [0.2127507991991019, 0.9030205560029468, 0.1504156934655141], "k_pid_alt": [0.4283641021221467, 0.43414828088661084, 0.3905365114710554], "k_pid_att": [21.81477065421443, 4.821949481093753, 0.31131607840847864], "k_pid_yaw": [0.5, 1e-06, 0.1], "k_pid_hsp": [9.665398176326873, 0.9366875426374093, 0.45167517622786], "k_pid_vsp": [376.69211187171834, 257.47388982485813, 120.56396709468552]}, "datetime": {"datetime": "2025-08-22 03:24:49", "elapsed": 67206.0366024971, "delta": 39.15950083732605}, "costs": {"total_cost": 1299.4092812167037, "time_cost": 150, "final_distance_cost": 65.32156055144412, "oscillation_cost": 104.72875490358352, "completition_cost": 888.8888888888888, "overshoot_cost": 37.50492052371344, "power_cost": 31.843505761718752, "noise_cost": 21.121650587354928, "n_waypoints_completed": 1, "tot_waypoints": 9}}
{"target": -350.02623238953015, "params": {"k_pid_pos": [1.6414597074806365, 0.829085328534949, 0.5807067824420685], "k_pid_alt": [1.835957281147305, 0.8114606698876413, 0.4253479969106695], "k_pid_att": [31.821535005478484, 1.8737112812706753, 0.3177566571793794], "k_pid_yaw": [0.5, 1e-06, 0.1], "k_pid_hsp": [6.422070912935249, 0.1712871587674143, 0.17729726434232873], "k_pid_vsp": [331.0023359901433, 199.81868100088522, 30.688673588942425]}, "datetime": {"datetime": "2025-08-22 03:25:37", "elapsed": 67254.15833592415, "delta": 48.12173342704773}, "costs": {"total_cost": 350.02623238953015, "time_cost": 89.024, "final_distance_cost": 1.7162819236021025, "oscillation_cost": 177.4147472127404, "completition_cost": 0.0, "overshoot_cost": 52.32805826150785, "power_cost": 16.463574169921877, "noise_cost": 13.079570821757963, "n_waypoints_completed": 9, "tot_waypoints": 9}}
{"target": -839.7251825958411, "params": {"k_pid_pos": [1.457877861118089, 0.3843164074034602, 0.7783933919634958], "k_pid_alt": [0.936226798421022, 0.09158287871596493, 0.25108253557179916], "k_pid_att": [34.72219120565193, 3.060990758633925, 0.26286825026359684], "k_pid_yaw": [0.5, 1e-06, 0.1], "k_pid_hsp": [7.213054064396928, 0.5472629301618429, 0.6942698433401784], "k_pid_vsp": [284.62129880136865, 78.89555754956739, 178.6569070752619]}, "datetime": {"datetime": "2025-08-22 03:26:14", "elapsed": 67291.22252297401, "delta": 37.06418704986572}, "costs": {"total_cost": 839.7251825958411, "time_cost": 150, "final_distance_cost": 75.57639415543775, "oscillation_cost": 306.28231169116714, "completition_cost": 222.2222222222222, "overshoot_cost": 52.06067360452789, "power_cost": 19.175968237304687, "noise_cost": 14.407612685181533, "n_waypoints_completed": 7, "tot_waypoints": 9}}
{"target": -1215.2377218736085, "params": {"k_pid_pos": [0.42241105657282224, 0.1228609133701497, 0.9851608378736811], "k_pid_alt": [0.9462751474917106, 0.5644418704461489, 0.3823668896588991], "k_pid_att": [54.25840966524298, 5.763157156784053, 0.7120881171390275], "k_pid_yaw": [0.5, 1e-06, 0.1], "k_pid_hsp": [1.0085648125662003, 0.7107075205449784, 0.951813052375211], "k_pid_vsp": [356.6375261323826, 309.5564757580514, 17.01978243599854]}, "datetime": {"datetime": "2025-08-22 03:26:57", "elapsed": 67333.55264925957, "delta": 42.33012628555298}, "costs": {"total_cost": 1215.2377218736085, "time_cost": 150, "final_distance_cost": 45.30486607996677, "oscillation_cost": 367.03167651507493, "completition_cost": 555.5555555555555, "overshoot_cost": 54.847042118851626, "power_cost": 23.94315632324219, "noise_cost": 18.555425280917365, "n_waypoints_completed": 4, "tot_waypoints": 9}}
{"target": -1306.349914467844, "params": {"k_pid_pos": [1.515000754778082, 0.0, 0.0], "k_pid_alt": [0.19069656921695577, 0.0, 0.0], "k_pid_att": [13.069125987273022, 6.796461818665474, 0.0], "k_pid_yaw": [0.5, 1e-06, 0.1], "k_pid_hsp": [3.998248057417987, 0.0, 0.0], "k_pid_vsp": [49.59050835496241, 343.2401270226688, 137.43012690208246]}, "datetime": {"datetime": "2025-08-22 03:27:38", "elapsed": 67374.91380882263, "delta": 41.361159563064575}, "costs": {"total_cost": 1306.349914467844, "time_cost": 150, "final_distance_cost": 42.804659203974225, "oscillation_cost": 48.2634715734184, "completition_cost": 1000.0, "overshoot_cost": 36.19480833168233, "power_cost": 16.427476318359375, "noise_cost": 12.659499040409784, "n_waypoints_completed": 0, "tot_waypoints": 9}}
{"target": -369.3590903083941, "params": {"k_pid_pos": [1.1318744512115586, 0.4437287597613986, 0.41858364078117116], "k_pid_alt": [1.4226524971735086, 0.7991291464480299, 0.7846790794238209], "k_pid_att": [7.744247280205874, 3.653593145590144, 0.9564889305778337], "k_pid_yaw": [0.5, 1e-06, 0.1], "k_pid_hsp": [9.335632869571144, 0.4553515855253911, 0.637302808698272], "k_pid_vsp": [109.09536422795134, 311.0117902309176, 102.46858424227179]}, "datetime": {"datetime": "2025-08-22 03:28:21", "elapsed": 67418.14863419533, "delta": 43.23482537269592}, "costs": {"total_cost": 369.3590903083941, "time_cost": 98.368, "final_distance_cost": 1.7655997770633962, "oscillation_cost": 176.85542631595177, "completition_cost": 0.0, "overshoot_cost": 59.08190668298802, "power_cost": 18.910459301757815, "noise_cost": 14.377698230633108, "n_waypoints_completed": 9, "tot_waypoints": 9}}
{"target": -320.60761565350526, "params": {"k_pid_pos": [2.0, 0.0, 0.0], "k_pid_alt": [2.0, 0.0, 1.0], "k_pid_att": [75.80561763216167, 0.0001, 0.0], "k_pid_yaw": [0.5, 1e-06, 0.1], "k_pid_hsp": [10.0, 1.0, 1.0], "k_pid_vsp": [173.12902275958854, 147.77042534040208, 68.02081917038585]}, "datetime": {"datetime": "2025-08-22 03:28:54", "elapsed": 67450.45353007317, "delta": 32.304895877838135}, "costs": {"total_cost": 320.60761565350526, "time_cost": 70.808, "final_distance_cost": 1.7820164448975715, "oscillation_cost": 168.20183938609523, "completition_cost": 0.0, "overshoot_cost": 50.990997992176744, "power_cost": 16.322032397460937, "noise_cost": 12.502729432874796, "n_waypoints_completed": 9, "tot_waypoints": 9}}
{"target": -928.6159704964593, "params": {"k_pid_pos": [0.1942919904489142, 0.547453282810648, 0.02765681895396599], "k_pid_alt": [0.7723557535499423, 0.15377811353638837, 0.6626035159799214], "k_pid_att": [32.16344274099187, 4.060889924287446, 0.8021394431946428], "k_pid_yaw": [0.5, 1e-06, 0.1], "k_pid_hsp": [7.884600981935316, 0.34024013364712324, 0.42274282816304576], "k_pid_vsp": [53.63827818103735, 300.71182384162836, 58.45403866845584]}, "datetime": {"datetime": "2025-08-22 03:29:44", "elapsed": 67500.48443818092, "delta": 50.03090810775757}, "costs": {"total_cost": 928.6159704964593, "time_cost": 150, "final_distance_cost": 54.482651894689795, "oscillation_cost": 197.744854146695, "completition_cost": 444.4444444444444, "overshoot_cost": 42.758702938405776, "power_cost": 22.712380688476564, "noise_cost": 16.472936383747815, "n_waypoints_completed": 5, "tot_waypoints": 9}}
