{"target": -1238.647279198781, "params": {"k_pid_pos": [0.09839249797234743, 0.0, 1.0], "k_pid_alt": [0.0, 1.0, 0.7691570006547414], "k_pid_att": [24.59965837140778, 7.284625170651998, 1.0], "k_pid_yaw": [0.5, 1e-06, 0.1], "k_pid_hsp": [6.491740656507642, 1.0, 0.0], "k_pid_vsp": [385.7382608278992, 247.18855543179382, 120.91288644644892]}, "datetime": {"datetime": "2025-08-21 22:22:18", "elapsed": 49054.989446640015, "delta": 40.99599647521973}, "costs": {"total_cost": 1238.647279198781, "time_cost": 150, "final_distance_cost": 62.59416771186146, "oscillation_cost": 39.38732536450058, "completition_cost": 888.8888888888888, "overshoot_cost": 53.199052957713405, "power_cost": 26.60449959716797, "noise_cost": 17.973344678649056, "n_waypoints_completed": 1, "tot_waypoints": 9}}
{"target": -891.7229341122242, "params": {"k_pid_pos": [2.0, 1.0, 0.6765337042968607], "k_pid_alt": [0.4010931157924458, 0.009993722177730575, 0.8913386182867837], "k_pid_att": [63.67272281059793, 4.329224987382578, 0.10482965410971726], "k_pid_yaw": [0.5, 1e-06, 0.1], "k_pid_hsp": [10.0, 0.0, 0.0], "k_pid_vsp": [262.6072968476054, 229.29213048383662, 163.72788577951908]}, "datetime": {"datetime": "2025-08-21 22:23:03", "elapsed": 49100.09417486191, "delta": 45.10472822189331}, "costs": {"total_cost": 891.7229341122242, "time_cost": 150, "final_distance_cost": 67.56562887545371, "oscillation_cost": 256.2142322619277, "completition_cost": 333.33333333333337, "overshoot_cost": 45.158787589721314, "power_cost": 22.7841302734375, "noise_cost": 16.666821778350464, "n_waypoints_completed": 6, "tot_waypoints": 9}}
{"target": -696.4133235448369, "params": {"k_pid_pos": [0.8367897037693212, 0.7197333582965894, 0.7330363382390609], "k_pid_alt": [0.45474525066412963, 0.15947758853296856, 0.06651635420432034], "k_pid_att": [51.296645019381124, 9.159842395457492, 0.6820960575974054], "k_pid_yaw": [0.5, 1e-06, 0.1], "k_pid_hsp": [4.029920692438097, 0.48985247047213876, 0.3920051656905964], "k_pid_vsp": [70.76263088363804, 186.47128191777895, 98.41744634786133]}, "datetime": {"datetime": "2025-08-21 22:23:46", "elapsed": 49143.26608848572, "delta": 43.171913623809814}, "costs": {"total_cost": 696.4133235448369, "time_cost": 150, "final_distance_cost": 46.19055041634365, "oscillation_cost": 289.8934392716892, "completition_cost": 111.11111111111116, "overshoot_cost": 53.09358858228362, "power_cost": 27.11779549560547, "noise_cost": 19.006838667803805, "n_waypoints_completed": 8, "tot_waypoints": 9}}
{"target": -444.86809024058203, "params": {"k_pid_pos": [1.082986191914413, 0.3641521937393396, 0.5781483411440277], "k_pid_alt": [0.6038907795669537, 0.0, 0.0], "k_pid_att": [47.667031280116525, 0.5546774318544356, 0.6796745410706367], "k_pid_yaw": [0.5, 1e-06, 0.1], "k_pid_hsp": [10.0, 0.5765939282136111, 0.6456680832623691], "k_pid_vsp": [112.9265687163109, 324.20204919438726, 175.87621780711416]}, "datetime": {"datetime": "2025-08-21 22:24:42", "elapsed": 49198.71444296837, "delta": 55.44835448265076}, "costs": {"total_cost": 444.86809024058203, "time_cost": 92.76, "final_distance_cost": 1.8223519463988247, "oscillation_cost": 255.4684549606161, "completition_cost": 0.0, "overshoot_cost": 57.63492948874489, "power_cost": 21.48469373779297, "noise_cost": 15.697660107029291, "n_waypoints_completed": 9, "tot_waypoints": 9}}
{"target": -273.2814460198264, "params": {"k_pid_pos": [2.0, 0.0, 0.0], "k_pid_alt": [2.0, 0.0, 1.0], "k_pid_att": [18.929218526304858, 4.285478518924788, 1.0], "k_pid_yaw": [0.5, 1e-06, 0.1], "k_pid_hsp": [7.561852024767203, 1.0, 1.0], "k_pid_vsp": [224.56895181738977, 391.7652709096807, 189.8191733251796]}, "datetime": {"datetime": "2025-08-21 22:25:22", "elapsed": 49238.53323125839, "delta": 39.818788290023804}, "costs": {"total_cost": 273.2814460198264, "time_cost": 73.632, "final_distance_cost": 1.811511123312541, "oscillation_cost": 120.71980876325907, "completition_cost": 0.0, "overshoot_cost": 50.846680451150334, "power_cost": 14.67083660888672, "noise_cost": 11.600609073217697, "n_waypoints_completed": 9, "tot_waypoints": 9}}
{"target": -1109.1674324148964, "params": {"k_pid_pos": [0.08411320793350317, 0.6936955464997338, 0.16499652203883097], "k_pid_alt": [0.35919636174780756, 0.2128498616265555, 0.12487244025756994], "k_pid_att": [19.095618078938237, 3.3493810859809465, 0.45933781844125954], "k_pid_yaw": [0.5, 1e-06, 0.1], "k_pid_hsp": [7.877435116670349, 0.5460463878318595, 0.623233249250105], "k_pid_vsp": [340.53796477080334, 331.6752883461584, 17.85150958983295]}, "datetime": {"datetime": "2025-08-21 22:26:00", "elapsed": 49277.10891699791, "delta": 38.57568573951721}, "costs": {"total_cost": 1109.1674324148964, "time_cost": 150, "final_distance_cost": 55.68101313944948, "oscillation_cost": 150.32618250048523, "completition_cost": 666.6666666666667, "overshoot_cost": 48.45683827339424, "power_cost": 21.58032061767578, "noise_cost": 16.456411217224954, "n_waypoints_completed": 3, "tot_waypoints": 9}}
{"target": -942.0060568059384, "params": {"k_pid_pos": [0.37727994750090527, 0.008720831118346206, 0.9366279528746466], "k_pid_alt": [1.9034793532785754, 0.32976842429725206, 0.8646072366876056], "k_pid_att": [5.647792107483296, 6.241797566815491, 0.36144004236731864], "k_pid_yaw": [0.5, 1e-06, 0.1], "k_pid_hsp": [5.772414089483582, 0.2574939504510564, 0.9981969771739735], "k_pid_vsp": [44.11665442566006, 94.64100129059274, 43.72383514533826]}, "datetime": {"datetime": "2025-08-21 22:26:55", "elapsed": 49331.58405828476, "delta": 54.475141286849976}, "costs": {"total_cost": 942.0060568059384, "time_cost": 150, "final_distance_cost": 49.7626079470431, "oscillation_cost": 220.22128002653236, "completition_cost": 444.4444444444444, "overshoot_cost": 49.56000088931802, "power_cost": 15.595932739257814, "noise_cost": 12.421790759342777, "n_waypoints_completed": 5, "tot_waypoints": 9}}
{"target": -876.8922461835838, "params": {"k_pid_pos": [1.5151142830012347, 0.35449876370739464, 0.4017796408484122], "k_pid_alt": [1.4465351651336897, 0.29762761728473486, 0.8012997694431149], "k_pid_att": [20.331124995949857, 4.917876008696236, 0.2681456714311474], "k_pid_yaw": [0.5, 1e-06, 0.1], "k_pid_hsp": [2.5236243314045184, 0.8568243392939653, 0.6496614909398182], "k_pid_vsp": [332.5286267994089, 322.0702910077775, 12.98930228197539]}, "datetime": {"datetime": "2025-08-21 22:27:39", "elapsed": 49375.70296931267, "delta": 44.118911027908325}, "costs": {"total_cost": 876.8922461835838, "time_cost": 150, "final_distance_cost": 73.70732985370017, "oscillation_cost": 227.17660092842138, "completition_cost": 333.33333333333337, "overshoot_cost": 49.9981872612568, "power_cost": 24.868471350097657, "noise_cost": 17.808323456774367, "n_waypoints_completed": 6, "tot_waypoints": 9}}
{"target": -356.99841177908274, "params": {"k_pid_pos": [2.0, 0.0, 0.0], "k_pid_alt": [2.0, 1.0, 0.7759702909207011], "k_pid_att": [69.7713691504882, 0.0001, 1.0], "k_pid_yaw": [0.5, 1e-06, 0.1], "k_pid_hsp": [7.284787389357183, 1.0, 1.0], "k_pid_vsp": [174.78717610738937, 149.92482375874343, 65.78354302426526]}, "datetime": {"datetime": "2025-08-21 22:28:18", "elapsed": 49414.813128471375, "delta": 39.110159158706665}, "costs": {"total_cost": 356.99841177908274, "time_cost": 94.952, "final_distance_cost": 1.7844039130953602, "oscillation_cost": 161.8601794556645, "completition_cost": 0.0, "overshoot_cost": 58.122009625006676, "power_cost": 22.366703820800783, "noise_cost": 17.913114964515405, "n_waypoints_completed": 9, "tot_waypoints": 9}}
{"target": -987.7229549907884, "params": {"k_pid_pos": [0.8766516092942861, 0.841043289136869, 0.2746866921383847], "k_pid_alt": [1.5402744885150348, 0.34434719950215675, 0.6185105244557279], "k_pid_att": [6.516630148770819, 8.14984229143305, 0.7990500906357454], "k_pid_yaw": [0.5, 1e-06, 0.1], "k_pid_hsp": [1.6329768101905313, 0.5999996038469201, 0.8343994827611053], "k_pid_vsp": [169.99337049656123, 335.98896029753575, 101.56936929420853]}, "datetime": {"datetime": "2025-08-21 22:29:01", "elapsed": 49458.179639577866, "delta": 43.36651110649109}, "costs": {"total_cost": 987.7229549907884, "time_cost": 150, "final_distance_cost": 47.36828742298781, "oscillation_cost": 136.40548002461253, "completition_cost": 555.5555555555555, "overshoot_cost": 62.56250704238443, "power_cost": 20.782028540039065, "noise_cost": 15.049096405208932, "n_waypoints_completed": 4, "tot_waypoints": 9}}
{"target": -895.8069727739212, "params": {"k_pid_pos": [0.19357393210192506, 0.0, 0.0], "k_pid_alt": [0.0, 0.6130434048558707, 0.3986474386617406], "k_pid_att": [38.962862141516304, 7.302997852747813, 0.0], "k_pid_yaw": [0.5, 1e-06, 0.1], "k_pid_hsp": [4.531170550703219, 0.8591822855926975, 0.0], "k_pid_vsp": [312.6163644418451, 46.91919514744409, 62.66766877945218]}, "datetime": {"datetime": "2025-08-21 22:29:47", "elapsed": 49503.65340089798, "delta": 45.473761320114136}, "costs": {"total_cost": 895.8069727739212, "time_cost": 150, "final_distance_cost": 39.185149327869134, "oscillation_cost": 51.92751404124998, "completition_cost": 555.5555555555555, "overshoot_cost": 56.72538334979883, "power_cost": 24.23367880859375, "noise_cost": 18.17969169085403, "n_waypoints_completed": 4, "tot_waypoints": 9}}
{"target": -972.223691956994, "params": {"k_pid_pos": [0.19460675966163152, 0.44337709472442677, 0.06921169435243313], "k_pid_alt": [0.865158476168606, 0.26203054961249395, 0.28694592349144565], "k_pid_att": [12.41122850549261, 9.610956243243985, 0.644933496479623], "k_pid_yaw": [0.5, 1e-06, 0.1], "k_pid_hsp": [3.8131118335795353, 0.47587237867139476, 0.85899354717307], "k_pid_vsp": [328.97875878420257, 325.8247424895163, 18.84903971302719]}, "datetime": {"datetime": "2025-08-21 22:30:32", "elapsed": 49548.67172265053, "delta": 45.01832175254822}, "costs": {"total_cost": 972.223691956994, "time_cost": 150, "final_distance_cost": 49.24026711699208, "oscillation_cost": 142.08985677241427, "completition_cost": 555.5555555555555, "overshoot_cost": 42.23354440557399, "power_cost": 18.862089123535156, "noise_cost": 14.242378982923045, "n_waypoints_completed": 4, "tot_waypoints": 9}}
{"target": -1491.298760282316, "params": {"k_pid_pos": [2.0, 1.0, 1.0], "k_pid_alt": [0.0, 0.0, 0.0], "k_pid_att": [34.734859475561414, 6.718757203200469, 1.0], "k_pid_yaw": [0.5, 1e-06, 0.1], "k_pid_hsp": [6.869941396626299, 0.0, 0.0], "k_pid_vsp": [233.84309980923186, 319.97123547039257, 13.078103102968454]}, "datetime": {"datetime": "2025-08-21 22:31:23", "elapsed": 49600.000972509384, "delta": 51.3292498588562}, "costs": {"total_cost": 1491.298760282316, "time_cost": 150, "final_distance_cost": 1.0000000000001574, "oscillation_cost": 135.41241636627456, "completition_cost": 1000.0, "overshoot_cost": 135.90671485355327, "power_cost": 12.307844128417969, "noise_cost": 56.67178493406989, "n_waypoints_completed": 0, "tot_waypoints": 9}}
{"target": -1499.672301294127, "params": {"k_pid_pos": [0.6439085925164142, 0.2258358875632986, 0.6736140406627577], "k_pid_alt": [1.4757150163455794, 0.731538357202187, 0.7755808377944169], "k_pid_att": [63.22408658588189, 5.475355438529042, 0.42704641084498324], "k_pid_yaw": [0.5, 1e-06, 0.1], "k_pid_hsp": [5.781695846325323, 0.807134176101023, 0.6772698393984737], "k_pid_vsp": [351.07752805598204, 21.788895168678838, 242.58958180001804]}, "datetime": {"datetime": "2025-08-21 22:32:06", "elapsed": 49643.44985127449, "delta": 43.4488787651062}, "costs": {"total_cost": 1499.672301294127, "time_cost": 150, "final_distance_cost": 89.87277461126384, "oscillation_cost": 411.1523562736282, "completition_cost": 777.7777777777778, "overshoot_cost": 38.64368733318991, "power_cost": 17.703523583984374, "noise_cost": 14.522181714282942, "n_waypoints_completed": 2, "tot_waypoints": 9}}
{"target": -1232.6093509078491, "params": {"k_pid_pos": [0.19263747438960457, 0.5434554858879501, 0.6202331554703454], "k_pid_alt": [0.5608697333640831, 0.6925227747942952, 0.5564824486082472], "k_pid_att": [36.49770479854709, 2.1545613256404876, 0.6447017766945436], "k_pid_yaw": [0.5, 1e-06, 0.1], "k_pid_hsp": [7.443120216034402, 0.1184265643099236, 0.984260029305324], "k_pid_vsp": [149.6099773645453, 16.084400607896796, 11.957274280934115]}, "datetime": {"datetime": "2025-08-21 22:32:53", "elapsed": 49689.578594207764, "delta": 46.128742933273315}, "costs": {"total_cost": 1232.6093509078491, "time_cost": 150, "final_distance_cost": 52.49136227666194, "oscillation_cost": 283.92085707579685, "completition_cost": 666.6666666666667, "overshoot_cost": 47.66185787108007, "power_cost": 17.1077916015625, "noise_cost": 14.760815416081169, "n_waypoints_completed": 3, "tot_waypoints": 9}}
{"target": -1274.7832228496175, "params": {"k_pid_pos": [0.11788197608894764, 0.6362501075109717, 0.9188682389048801], "k_pid_alt": [0.688947444350227, 0.9179256471746261, 0.7342176398530085], "k_pid_att": [38.10366285597454, 6.78829155791507, 0.04467742527665908], "k_pid_yaw": [0.5, 1e-06, 0.1], "k_pid_hsp": [2.272230485960591, 0.9539448152847345, 0.8507476221860281], "k_pid_vsp": [54.107145553798254, 295.2171688995123, 47.39013996352181]}, "datetime": {"datetime": "2025-08-21 22:33:35", "elapsed": 49732.39595627785, "delta": 42.81736207008362}, "costs": {"total_cost": 1274.7832228496175, "time_cost": 150, "final_distance_cost": 68.55773950282051, "oscillation_cost": 307.69557959015566, "completition_cost": 666.6666666666667, "overshoot_cost": 48.35399971064716, "power_cost": 18.869989611816408, "noise_cost": 14.639247767510929, "n_waypoints_completed": 3, "tot_waypoints": 9}}
{"target": -264.3852061846059, "params": {"k_pid_pos": [2.0, 1.0, 1.0], "k_pid_alt": [2.0, 0.0, 0.0], "k_pid_att": [74.04395489059249, 1.0818280234289173, 1.0], "k_pid_yaw": [0.5, 1e-06, 0.1], "k_pid_hsp": [10.0, 0.0, 0.0], "k_pid_vsp": [370.0864909056681, 341.8985739420512, 70.36312587093788]}, "datetime": {"datetime": "2025-08-21 22:34:19", "elapsed": 49775.78468799591, "delta": 43.388731718063354}, "costs": {"total_cost": 264.3852061846059, "time_cost": 78.2, "final_distance_cost": 1.74147205778479, "oscillation_cost": 102.03337654061706, "completition_cost": 0.0, "overshoot_cost": 51.39143740096529, "power_cost": 17.51669538574219, "noise_cost": 13.502224799496599, "n_waypoints_completed": 9, "tot_waypoints": 9}}
{"target": -202.79008294881098, "params": {"k_pid_pos": [2.0, 0.0, 0.0], "k_pid_alt": [2.0, 0.0, 1.0], "k_pid_att": [9.210785495070667, 3.8062879507147165, 1.0], "k_pid_yaw": [0.5, 1e-06, 0.1], "k_pid_hsp": [5.0057012426737835, 1.0, 0.0], "k_pid_vsp": [52.19389880126891, 227.3605307232793, 85.00888784328838]}, "datetime": {"datetime": "2025-08-21 22:34:57", "elapsed": 49813.90176987648, "delta": 38.11708188056946}, "costs": {"total_cost": 202.79008294881098, "time_cost": 72.152, "final_distance_cost": 1.7657441081880731, "oscillation_cost": 55.617872020362526, "completition_cost": 0.0, "overshoot_cost": 51.62987721897642, "power_cost": 11.368140661621094, "noise_cost": 10.256448939662866, "n_waypoints_completed": 9, "tot_waypoints": 9}}
{"target": -713.7460188139092, "params": {"k_pid_pos": [2.0, 0.38332087469240406, 0.0], "k_pid_alt": [1.125182809314592, 0.38477877620452117, 0.850871531456038], "k_pid_att": [60.40373097638684, 2.681829492763867, 1.0], "k_pid_yaw": [0.5, 1e-06, 0.1], "k_pid_hsp": [10.0, 0.852348412346421, 0.0], "k_pid_vsp": [345.0848031539302, 14.361567389161996, 239.92073174028604]}, "datetime": {"datetime": "2025-08-21 22:35:44", "elapsed": 49860.75007724762, "delta": 46.848307371139526}, "costs": {"total_cost": 713.7460188139092, "time_cost": 150, "final_distance_cost": 65.82810300708564, "oscillation_cost": 71.73390722311824, "completition_cost": 333.33333333333337, "overshoot_cost": 54.30916903527271, "power_cost": 21.168157250976563, "noise_cost": 17.37334896412265, "n_waypoints_completed": 6, "tot_waypoints": 9}}
{"target": -399.4693744567069, "params": {"k_pid_pos": [1.2332960215636448, 0.10079738666528548, 0.07436775875282209], "k_pid_alt": [1.6336670799057038, 0.46888403320175, 0.8833682955225174], "k_pid_att": [48.76778317274826, 5.459464101586681, 0.0027427369605880214], "k_pid_yaw": [0.5, 1e-06, 0.1], "k_pid_hsp": [9.200330884281817, 0.7222550444191683, 0.03496816994682339], "k_pid_vsp": [112.32444011051284, 322.6299118767436, 180.1513962509661]}, "datetime": {"datetime": "2025-08-21 22:36:32", "elapsed": 49908.675166368484, "delta": 47.92508912086487}, "costs": {"total_cost": 399.4693744567069, "time_cost": 86.384, "final_distance_cost": 1.7847743375322123, "oscillation_cost": 215.46873574313864, "completition_cost": 0.0, "overshoot_cost": 55.812143046027415, "power_cost": 23.421564221191407, "noise_cost": 16.598157108817176, "n_waypoints_completed": 9, "tot_waypoints": 9}}
{"target": -1252.9457271128724, "params": {"k_pid_pos": [1.8586907303998266, 0.4979518856731935, 0.9710388258838014], "k_pid_alt": [0.4514745285113544, 0.6091124777674456, 0.399861736135496], "k_pid_att": [23.62291456168223, 0.945930476864502, 0.7167481621694114], "k_pid_yaw": [0.5, 1e-06, 0.1], "k_pid_hsp": [3.5979483603623406, 0.028701486831222534, 0.9116276702900943], "k_pid_vsp": [156.9717586843763, 4.201917672221723, 0.7290146209992496]}, "datetime": {"datetime": "2025-08-21 22:37:18", "elapsed": 49954.82137751579, "delta": 46.14621114730835}, "costs": {"total_cost": 1252.9457271128724, "time_cost": 150, "final_distance_cost": 51.22221410866075, "oscillation_cost": 276.3454413049996, "completition_cost": 666.6666666666667, "overshoot_cost": 52.41381128427709, "power_cost": 23.780303088378908, "noise_cost": 32.5172906598893, "n_waypoints_completed": 3, "tot_waypoints": 9}}
{"target": -192.37124508603657, "params": {"k_pid_pos": [2.0, 0.0, 1.0], "k_pid_alt": [2.0, 0.0, 0.0], "k_pid_att": [80.309282168161, 0.0001, 1.0], "k_pid_yaw": [0.5, 1e-06, 0.1], "k_pid_hsp": [5.237591439704713, 0.0, 0.0], "k_pid_vsp": [363.60110078709795, 373.82444262247424, 215.0782666737877]}, "datetime": {"datetime": "2025-08-21 22:37:54", "elapsed": 49990.632439374924, "delta": 35.81106185913086}, "costs": {"total_cost": 192.37124508603657, "time_cost": 70.208, "final_distance_cost": 1.8449552973598669, "oscillation_cost": 45.743161164749026, "completition_cost": 0.0, "overshoot_cost": 51.25592248285786, "power_cost": 12.960472875976564, "noise_cost": 10.358733265093258, "n_waypoints_completed": 9, "tot_waypoints": 9}}
{"target": -878.4891463835296, "params": {"k_pid_pos": [0.5968572797160744, 0.9425100236643391, 0.5238577001736284], "k_pid_alt": [0.5723396743746809, 0.8448830505641274, 0.6871761291204281], "k_pid_att": [9.418504259658821, 5.063137143711013, 0.3821359438452153], "k_pid_yaw": [0.5, 1e-06, 0.1], "k_pid_hsp": [8.437634561769046, 0.011217454189644482, 0.17565269197596067], "k_pid_vsp": [164.54429307637236, 342.3432453062672, 97.60177221450269]}, "datetime": {"datetime": "2025-08-21 22:38:39", "elapsed": 50035.72912287712, "delta": 45.096683502197266}, "costs": {"total_cost": 878.4891463835296, "time_cost": 150, "final_distance_cost": 53.89308632409967, "oscillation_cost": 150.62233093167495, "completition_cost": 444.4444444444444, "overshoot_cost": 46.27458366116839, "power_cost": 18.372138525390625, "noise_cost": 14.882562496751456, "n_waypoints_completed": 5, "tot_waypoints": 9}}
{"target": -1304.5148427071993, "params": {"k_pid_pos": [0.11629787135326954, 0.2710405761889232, 0.0037766011659381427], "k_pid_alt": [1.781169853721033, 0.13635712700344316, 0.7889336544199546], "k_pid_att": [22.07755832138254, 3.7318749483697244, 0.181736759361956], "k_pid_yaw": [0.5, 1e-06, 0.1], "k_pid_hsp": [9.064164618609125, 0.2803185894160698, 0.8031166406349944], "k_pid_vsp": [151.9051489570638, 8.862134477685462, 3.6452796552429145]}, "datetime": {"datetime": "2025-08-21 22:39:32", "elapsed": 50088.82342529297, "delta": 53.09430241584778}, "costs": {"total_cost": 1304.5148427071993, "time_cost": 150, "final_distance_cost": 87.35955209776587, "oscillation_cost": 331.77765399083586, "completition_cost": 666.6666666666667, "overshoot_cost": 36.55257051834844, "power_cost": 17.277506811523438, "noise_cost": 14.880892622058935, "n_waypoints_completed": 3, "tot_waypoints": 9}}
{"target": -1478.467035362538, "params": {"k_pid_pos": [1.5329766948664822, 0.39758695898467744, 0.7164408217743807], "k_pid_alt": [0.1552121310768311, 0.7278440113964526, 0.9293424968570639], "k_pid_att": [2.346945969400777, 6.112257652776038, 0.6638248715019822], "k_pid_yaw": [0.5, 1e-06, 0.1], "k_pid_hsp": [8.644212356105921, 0.4975373654497585, 0.6913218410132959], "k_pid_vsp": [275.23095705635, 366.9040139181188, 23.41311996163251]}, "datetime": {"datetime": "2025-08-21 22:40:17", "elapsed": 50133.581617832184, "delta": 44.75819253921509}, "costs": {"total_cost": 1478.467035362538, "time_cost": 150, "final_distance_cost": 61.34845459236667, "oscillation_cost": 283.02333520194674, "completition_cost": 888.8888888888888, "overshoot_cost": 53.76862592510773, "power_cost": 24.303049157714845, "noise_cost": 17.13468159651322, "n_waypoints_completed": 1, "tot_waypoints": 9}}
{"target": -551.0654999015228, "params": {"k_pid_pos": [1.7479694649686617, 0.3646228415513814, 0.7354528112665505], "k_pid_alt": [1.8296721642224218, 0.4098128890882939, 0.4534286569825386], "k_pid_att": [95.3919931154584, 5.77061317817343, 0.10444579813309077], "k_pid_yaw": [0.5, 1e-06, 0.1], "k_pid_hsp": [3.861267537772812, 0.3567153800341885, 0.030471489005102766], "k_pid_vsp": [253.99056071166459, 381.1139830458473, 145.80102230319218]}, "datetime": {"datetime": "2025-08-21 22:41:04", "elapsed": 50181.02542066574, "delta": 47.44380283355713}, "costs": {"total_cost": 551.0654999015228, "time_cost": 150, "final_distance_cost": 6.778135605193562, "oscillation_cost": 176.37671715140854, "completition_cost": 111.11111111111116, "overshoot_cost": 58.63426860945595, "power_cost": 26.97300388183594, "noise_cost": 21.19226354251769, "n_waypoints_completed": 8, "tot_waypoints": 9}}
