{"target": -1279.6548806068463, "params": {"k_pid_pos": [1.057098377763818, 0.2440794548247266, 0.20260274626420682], "k_pid_alt": [0.5627945006433439, 0.010553793347253149, 0.7672262346224628], "k_pid_att": [73.85733321346414, 3.4242731730369127, 0.7867840349884382], "k_pid_yaw": [0.5, 1e-06, 0.1], "k_pid_hsp": [0.7493973169789925, 0.8254089895007715, 0.45469265212478893], "k_pid_vsp": [66.10452613198797, 116.97689657527218, 366.4622860411382]}, "datetime": {"datetime": "2025-08-21 11:07:44", "elapsed": 8581.302652597427, "delta": 23.08535122871399}, "costs": {"total_cost": 1279.6548806068463, "time_cost": 150, "final_distance_cost": 101.13470575551386, "oscillation_cost": 116.40853141669119, "completition_cost": 777.7777777777778, "overshoot_cost": 92.90866460673311, "power_cost": 17.980907763671876, "noise_cost": 23.444293286458507, "n_waypoints_completed": 2, "tot_waypoints": 9}}
{"target": -1667.570786121609, "params": {"k_pid_pos": [1.6108052212692168, 0.21678263048526802, 0.3776032946180212], "k_pid_alt": [1.5109492929207775, 0.731633264779524, 0.17229718360037716], "k_pid_att": [14.730811533296851, 0.9071278073642345, 0.21882281656124847], "k_pid_yaw": [0.5, 1e-06, 0.1], "k_pid_hsp": [2.8136733087996197, 0.24336127096738847, 0.16396387538731583], "k_pid_vsp": [79.02253880769238, 149.80001120738282, 383.50759806957393]}, "datetime": {"datetime": "2025-08-21 11:08:08", "elapsed": 8604.738299131393, "delta": 23.435646533966064}, "costs": {"total_cost": 1667.570786121609, "time_cost": 150, "final_distance_cost": 283.5475545421474, "oscillation_cost": 282.79955649751054, "completition_cost": 666.6666666666667, "overshoot_cost": 249.6954411849579, "power_cost": 19.448169482421875, "noise_cost": 15.41339774790462, "n_waypoints_completed": 3, "tot_waypoints": 9}}
{"target": -1437.1929848440964, "params": {"k_pid_pos": [1.083806370795578, 0.47297192919391384, 0.6917544346778928], "k_pid_alt": [1.3961732857695255, 0.5133590917600211, 0.2713058920458662], "k_pid_att": [75.48706945956329, 6.4747458019653035, 0.12638488732672248], "k_pid_yaw": [0.5, 1e-06, 0.1], "k_pid_hsp": [4.349972930588535, 0.27005148039078275, 0.7119308548122101], "k_pid_vsp": [190.16510324721358, 10.100369247262538, 271.448830429834]}, "datetime": {"datetime": "2025-08-21 11:08:31", "elapsed": 8628.408782958984, "delta": 23.670483827590942}, "costs": {"total_cost": 1437.1929848440964, "time_cost": 150, "final_distance_cost": 86.1678009722932, "oscillation_cost": 306.7116848862972, "completition_cost": 777.7777777777778, "overshoot_cost": 63.87109267858968, "power_cost": 29.744054931640626, "noise_cost": 22.92057359749757, "n_waypoints_completed": 2, "tot_waypoints": 9}}
{"target": -472.33861630226795, "params": {"k_pid_pos": [1.0392260148568542, 0.048044241928863474, 0.9120799940362071], "k_pid_alt": [1.8196911686421362, 0.810501640170257, 0.7440084120544826], "k_pid_att": [60.9342946032631, 6.4519651169400225, 0.031936854072457166], "k_pid_yaw": [0.5, 1e-06, 0.1], "k_pid_hsp": [7.934456977933888, 0.5205926825821923, 0.11116838391364603], "k_pid_vsp": [121.68021268097262, 142.02850107688883, 118.56691009039493]}, "datetime": {"datetime": "2025-08-21 11:08:53", "elapsed": 8650.125791311264, "delta": 21.717008352279663}, "costs": {"total_cost": 472.33861630226795, "time_cost": 92.992, "final_distance_cost": 1.783967818968237, "oscillation_cost": 278.89666396881825, "completition_cost": 0.0, "overshoot_cost": 59.7195542221795, "power_cost": 21.98464930419922, "noise_cost": 16.961780988102742, "n_waypoints_completed": 9, "tot_waypoints": 9}}
{"target": -863.2967254878125, "params": {"k_pid_pos": [1.9955055232436427, 0.8650620135528148, 0.7670303769071338], "k_pid_alt": [0.008488821581452477, 0.5373554620966277, 0.3308027562557452], "k_pid_att": [55.932826810354165, 0.8207280125042364, 0.17367294212885376], "k_pid_yaw": [0.5, 1e-06, 0.1], "k_pid_hsp": [0.9396608640451787, 0.7913352112679504, 0.024947234437283305], "k_pid_vsp": [303.56430336875366, 337.84212870947607, 26.172052972300836]}, "datetime": {"datetime": "2025-08-21 11:09:17", "elapsed": 8673.598875761032, "delta": 23.473084449768066}, "costs": {"total_cost": 863.2967254878125, "time_cost": 150, "final_distance_cost": 46.35942643201724, "oscillation_cost": 129.8913285669336, "completition_cost": 444.4444444444444, "overshoot_cost": 53.67621480470354, "power_cost": 21.458790551757815, "noise_cost": 17.4665206879558, "n_waypoints_completed": 5, "tot_waypoints": 9}}
{"target": -1227.8512371128002, "params": {"k_pid_pos": [0.008114074848256004, 0.7485939289194321, 0.12943436596701952], "k_pid_alt": [0.3602058837897055, 0.13325135528981813, 0.47456845642992296], "k_pid_att": [6.770211567859907, 8.9661729373369, 0.30301543995880986], "k_pid_yaw": [0.5, 1e-06, 0.1], "k_pid_hsp": [8.648196958755074, 0.1750178966340875, 0.30672927810572725], "k_pid_vsp": [309.84294749925687, 256.59808695235, 78.84682714357243]}, "datetime": {"datetime": "2025-08-21 11:09:40", "elapsed": 8696.713608980179, "delta": 23.11473321914673}, "costs": {"total_cost": 1227.8512371128002, "time_cost": 150, "final_distance_cost": 93.11711720026659, "oscillation_cost": 124.08875375562806, "completition_cost": 777.7777777777778, "overshoot_cost": 46.43487321106198, "power_cost": 21.085475219726565, "noise_cost": 15.347239948339162, "n_waypoints_completed": 2, "tot_waypoints": 9}}
{"target": -1753.6831020685374, "params": {"k_pid_pos": [0.6356571422818075, 0.18144694378180193, 0.532980780336667], "k_pid_alt": [0.6187433657585621, 0.6052734688823272, 0.9416167751103259], "k_pid_att": [48.0864610183093, 5.644805825130833, 0.4932530464578474], "k_pid_yaw": [0.5, 1e-06, 0.1], "k_pid_hsp": [6.663826608804816, 0.6298729878490683, 0.46845528216997745], "k_pid_vsp": [40.29276014827241, 231.3317132444239, 308.89182611058374]}, "datetime": {"datetime": "2025-08-21 11:10:04", "elapsed": 8720.969670534134, "delta": 24.256061553955078}, "costs": {"total_cost": 1753.6831020685374, "time_cost": 150, "final_distance_cost": 166.304450215963, "oscillation_cost": 361.05842761501907, "completition_cost": 888.8888888888888, "overshoot_cost": 148.67644781330364, "power_cost": 21.972951599121096, "noise_cost": 16.781935936241794, "n_waypoints_completed": 1, "tot_waypoints": 9}}
{"target": -1496.1916896464004, "params": {"k_pid_pos": [1.0812564844519694, 0.1364994965248958, 0.5498226481709593], "k_pid_alt": [1.0624182073974455, 0.2877195343975153, 0.03921216600024091], "k_pid_att": [24.71670738414393, 0.3344089677697081, 0.22968175422391546], "k_pid_yaw": [0.5, 1e-06, 0.1], "k_pid_hsp": [0.29741852778469435, 0.21613857900628086, 0.6814055664282753], "k_pid_vsp": [302.33378281969954, 167.91183340032273, 354.9067045859466]}, "datetime": {"datetime": "2025-08-21 11:10:27", "elapsed": 8744.065541028976, "delta": 23.09587049484253}, "costs": {"total_cost": 1496.1916896464004, "time_cost": 150, "final_distance_cost": 67.98922718446627, "oscillation_cost": 402.7822270348685, "completition_cost": 777.7777777777778, "overshoot_cost": 60.157516995297165, "power_cost": 21.00239440917969, "noise_cost": 16.482546244810838, "n_waypoints_completed": 2, "tot_waypoints": 9}}
{"target": -436.96634811008573, "params": {"k_pid_pos": [1.8888146653773972, 0.7417048155746446, 0.5260975237913909], "k_pid_alt": [0.4696232016527391, 0.15017373472728057, 0.5428742509235159], "k_pid_att": [52.689970731571, 9.356281188933801, 0.39375373199517905], "k_pid_yaw": [0.5, 1e-06, 0.1], "k_pid_hsp": [8.732774047270954, 0.6121296510794747, 0.10487246243081305], "k_pid_vsp": [394.2634509370238, 118.17406121167586, 93.15587885814793]}, "datetime": {"datetime": "2025-08-21 11:10:50", "elapsed": 8766.960795402527, "delta": 22.895254373550415}, "costs": {"total_cost": 436.96634811008573, "time_cost": 99.83200000000001, "final_distance_cost": 1.7618271866125526, "oscillation_cost": 241.55960108366435, "completition_cost": 0.0, "overshoot_cost": 57.46811536101437, "power_cost": 20.734361193847658, "noise_cost": 15.610443284946834, "n_waypoints_completed": 9, "tot_waypoints": 9}}
{"target": -1191.317673268204, "params": {"k_pid_pos": [1.4066176217815245, 0.3052320728033807, 0.5008070232511865], "k_pid_alt": [1.8540754898429117, 0.01130261175143843, 0.21544132664101934], "k_pid_att": [72.60748654226968, 7.7036138049422815, 0.9467212871036975], "k_pid_yaw": [0.5, 1e-06, 0.1], "k_pid_hsp": [9.13566817489408, 0.6878064914419768, 0.6526233938182843], "k_pid_vsp": [260.1684107786153, 199.40880003106318, 372.61098554906215]}, "datetime": {"datetime": "2025-08-21 11:11:14", "elapsed": 8790.642979860306, "delta": 23.68218445777893}, "costs": {"total_cost": 1191.317673268204, "time_cost": 150, "final_distance_cost": 54.74246864861139, "oscillation_cost": 333.8944820422675, "completition_cost": 555.5555555555555, "overshoot_cost": 62.5935946738686, "power_cost": 18.889126611328127, "noise_cost": 15.64244573657301, "n_waypoints_completed": 4, "tot_waypoints": 9}}
{"target": -1258.8323062536153, "params": {"k_pid_pos": [0.24927292710693105, 0.04806669998508062, 0.7428548212444918], "k_pid_alt": [0.79499070914928, 0.2680795399636937, 0.9570655059494031], "k_pid_att": [70.19271480621173, 8.74399965801344, 0.03357523203724755], "k_pid_yaw": [0.5, 1e-06, 0.1], "k_pid_hsp": [6.195312976060885, 0.08414985195576608, 0.567454523620859], "k_pid_vsp": [95.14512070831542, 261.9745978152576, 153.88080099337938]}, "datetime": {"datetime": "2025-08-21 11:11:37", "elapsed": 8813.938946723938, "delta": 23.295966863632202}, "costs": {"total_cost": 1258.8323062536153, "time_cost": 150, "final_distance_cost": 48.28189401468056, "oscillation_cost": 415.03548771651384, "completition_cost": 555.5555555555555, "overshoot_cost": 51.94245010208685, "power_cost": 21.328465563964844, "noise_cost": 16.688453300813443, "n_waypoints_completed": 4, "tot_waypoints": 9}}
{"target": -973.4657052072538, "params": {"k_pid_pos": [0.31536179087207306, 0.779333357753917, 0.15610051055970275], "k_pid_alt": [1.2361857304141433, 0.025169010849337092, 0.6473044964969383], "k_pid_att": [26.64009925280826, 5.705376727220933, 0.2992600150201794], "k_pid_yaw": [0.5, 1e-06, 0.1], "k_pid_hsp": [0.3942732461292534, 0.4855646774173573, 0.1348137507483036], "k_pid_vsp": [203.09307246017136, 50.22606337425222, 134.7120444990174]}, "datetime": {"datetime": "2025-08-21 11:12:00", "elapsed": 8837.326803207397, "delta": 23.387856483459473}, "costs": {"total_cost": 973.4657052072538, "time_cost": 150, "final_distance_cost": 43.730267977895714, "oscillation_cost": 120.21340888169694, "completition_cost": 555.5555555555555, "overshoot_cost": 61.580491368751, "power_cost": 25.067051123046877, "noise_cost": 17.318930300307688, "n_waypoints_completed": 4, "tot_waypoints": 9}}
{"target": -1252.4955537178398, "params": {"k_pid_pos": [1.3245168570412458, 0.4180545192841765, 0.9030906470833588], "k_pid_alt": [1.5512666731041058, 0.5967831324415577, 0.06710126895197399], "k_pid_att": [38.967802702741594, 1.198481943485134, 0.5045501677870893], "k_pid_yaw": [0.5, 1e-06, 0.1], "k_pid_hsp": [3.990090106192382, 0.08414410770986791, 0.3915748804690051], "k_pid_vsp": [192.2809335160863, 104.6560549310446, 284.6216894010453]}, "datetime": {"datetime": "2025-08-21 11:12:27", "elapsed": 8863.853883266449, "delta": 26.527080059051514}, "costs": {"total_cost": 1252.4955537178398, "time_cost": 150, "final_distance_cost": 40.04190901767209, "oscillation_cost": 399.1172492674517, "completition_cost": 555.5555555555555, "overshoot_cost": 68.34831183997807, "power_cost": 21.930594775390627, "noise_cost": 17.501933261791663, "n_waypoints_completed": 4, "tot_waypoints": 9}}
{"target": -1442.4101763033573, "params": {"k_pid_pos": [1.9937673460249867, 0.8379733009610978, 0.5591489224463364], "k_pid_alt": [1.4208288382041927, 0.7303853085663331, 0.34879200541490296], "k_pid_att": [6.713768541553122, 1.229413917836456, 0.946426617396691], "k_pid_yaw": [0.5, 1e-06, 0.1], "k_pid_hsp": [0.33527272097884175, 0.5361113621615985, 0.12793842075497952], "k_pid_vsp": [277.33722691421144, 95.53960308235848, 386.8262546912442]}, "datetime": {"datetime": "2025-08-21 11:12:52", "elapsed": 8889.011565208435, "delta": 25.157681941986084}, "costs": {"total_cost": 1442.4101763033573, "time_cost": 150, "final_distance_cost": 16.086193660943483, "oscillation_cost": 60.42086675642356, "completition_cost": 1000.0, "overshoot_cost": 135.2530292508196, "power_cost": 22.257965283203127, "noise_cost": 58.39212135196779, "n_waypoints_completed": 0, "tot_waypoints": 9}}
{"target": -1098.50426314633, "params": {"k_pid_pos": [1.230955487439375, 0.4585479018321398, 0.2874913875458013], "k_pid_alt": [1.0251664423846412, 0.665048580423373, 0.21541661649721477], "k_pid_att": [46.274378185872344, 3.0493254049774343, 0.27516911736562033], "k_pid_yaw": [0.5, 1e-06, 0.1], "k_pid_hsp": [1.4704142215836191, 0.1661350957788421, 0.897901226751686], "k_pid_vsp": [264.5570806429818, 61.06500534627881, 19.483120122323786]}, "datetime": {"datetime": "2025-08-21 11:13:16", "elapsed": 8913.426238059998, "delta": 24.4146728515625}, "costs": {"total_cost": 1098.50426314633, "time_cost": 150, "final_distance_cost": 46.80614697096336, "oscillation_cost": 228.0653817157725, "completition_cost": 555.5555555555555, "overshoot_cost": 61.485580893510004, "power_cost": 24.80030291748047, "noise_cost": 31.791295093048422, "n_waypoints_completed": 4, "tot_waypoints": 9}}
{"target": -1456.4909359384644, "params": {"k_pid_pos": [1.7162595463466654, 0.6175635099330835, 0.2628296587627835], "k_pid_alt": [1.3893935869789527, 0.4186720827365089, 0.35208180461924077], "k_pid_att": [27.661342147123, 6.277589393706698, 0.8178097880026846], "k_pid_yaw": [0.5, 1e-06, 0.1], "k_pid_hsp": [1.47594638635739, 0.9045004479140711, 0.12880103533101306], "k_pid_vsp": [136.46444485376315, 152.41922243149304, 336.3381263062728]}, "datetime": {"datetime": "2025-08-21 11:13:40", "elapsed": 8936.96185207367, "delta": 23.535614013671875}, "costs": {"total_cost": 1456.4909359384644, "time_cost": 150, "final_distance_cost": 101.56566402328274, "oscillation_cost": 149.53725000817434, "completition_cost": 888.8888888888888, "overshoot_cost": 113.65837337584395, "power_cost": 17.515503430175784, "noise_cost": 35.32525621209884, "n_waypoints_completed": 1, "tot_waypoints": 9}}
{"target": -1490.5010764986139, "params": {"k_pid_pos": [0.27606580858413377, 0.17064483491353388, 0.6927754991606379], "k_pid_alt": [0.39314655023462053, 0.1669775906650527, 0.641810931872655], "k_pid_att": [74.67611192165806, 6.449040569847582, 0.9575620188003829], "k_pid_yaw": [0.5, 1e-06, 0.1], "k_pid_hsp": [1.8206459181251107, 0.16659404765003172, 0.7288471551395623], "k_pid_vsp": [251.88711963931576, 291.01346217595636, 365.64373349216254]}, "datetime": {"datetime": "2025-08-21 11:14:03", "elapsed": 8960.289129972458, "delta": 23.327277898788452}, "costs": {"total_cost": 1490.5010764986139, "time_cost": 150, "final_distance_cost": 89.97167417671096, "oscillation_cost": 392.2941844804141, "completition_cost": 777.7777777777778, "overshoot_cost": 37.51098961480205, "power_cost": 24.621521337890627, "noise_cost": 18.324929111018047, "n_waypoints_completed": 2, "tot_waypoints": 9}}
{"target": -1273.322926736367, "params": {"k_pid_pos": [1.9829005629286451, 0.6313061610003323, 0.31951052002507485], "k_pid_alt": [0.34637251789489043, 0.6452364914334741, 0.033910519175260445], "k_pid_att": [77.72739286847394, 3.785144204566896, 0.7344165224552262], "k_pid_yaw": [0.5, 1e-06, 0.1], "k_pid_hsp": [0.045366417177438244, 0.34143213333279643, 0.1800061602355253], "k_pid_vsp": [388.8839931459822, 324.4050234847715, 189.59759555955202]}, "datetime": {"datetime": "2025-08-21 11:14:27", "elapsed": 8983.527035474777, "delta": 23.237905502319336}, "costs": {"total_cost": 1273.322926736367, "time_cost": 150, "final_distance_cost": 74.27874043873568, "oscillation_cost": 190.10947701526388, "completition_cost": 777.7777777777778, "overshoot_cost": 46.20455840858562, "power_cost": 19.985277856445315, "noise_cost": 14.967095239558859, "n_waypoints_completed": 2, "tot_waypoints": 9}}
{"target": -564.3925481953655, "params": {"k_pid_pos": [1.6542961214595402, 0.09439266376379696, 0.27913787214716146], "k_pid_alt": [0.6823227682646236, 0.036213757235970645, 0.21278747078339832], "k_pid_att": [51.210231504391714, 3.6975408857459557, 0.3760451264147443], "k_pid_yaw": [0.5, 1e-06, 0.1], "k_pid_hsp": [2.1543882081721484, 0.8675605826372457, 0.3002665315784274], "k_pid_vsp": [306.702045169556, 125.2837647967788, 318.24647497944113]}, "datetime": {"datetime": "2025-08-21 11:14:50", "elapsed": 9006.922842264175, "delta": 23.395806789398193}, "costs": {"total_cost": 564.3925481953655, "time_cost": 150, "final_distance_cost": 9.989104760448067, "oscillation_cost": 192.87092835172265, "completition_cost": 111.11111111111116, "overshoot_cost": 64.53039874238975, "power_cost": 20.046123364257813, "noise_cost": 15.844881865436008, "n_waypoints_completed": 8, "tot_waypoints": 9}}
{"target": -1622.7946553081201, "params": {"k_pid_pos": [0.48197955043189006, 0.11670899147562774, 0.23025929027480718], "k_pid_alt": [1.6572261137815905, 0.6346415742119783, 0.5985021473324204], "k_pid_att": [58.37239426464507, 9.80208343874541, 0.8855974929868888], "k_pid_yaw": [0.5, 1e-06, 0.1], "k_pid_hsp": [0.7590858581218703, 0.45695193629853925, 0.8436248482771883], "k_pid_vsp": [40.49755826566699, 189.89323230218258, 235.63995656135316]}, "datetime": {"datetime": "2025-08-21 11:15:14", "elapsed": 9031.379307508469, "delta": 24.456465244293213}, "costs": {"total_cost": 1622.7946553081201, "time_cost": 150, "final_distance_cost": 2.9598601564104388, "oscillation_cost": 369.41614553631945, "completition_cost": 1000.0, "overshoot_cost": 54.94335314618953, "power_cost": 23.23151307373047, "noise_cost": 22.24378339547035, "n_waypoints_completed": 0, "tot_waypoints": 9}}
{"target": -1093.3063133702283, "params": {"k_pid_pos": [1.3133522538351488, 0.4591533085395102, 0.2257659293558626], "k_pid_alt": [0.03664299190928877, 0.5399406188050998, 0.027576210750023922], "k_pid_att": [32.46553996574224, 6.859202943753552, 0.5624535623811788], "k_pid_yaw": [0.5, 1e-06, 0.1], "k_pid_hsp": [4.307698008671117, 0.7164586127350789, 0.9549454077136603], "k_pid_vsp": [391.9962500982419, 354.39148549481155, 83.82602214827654]}, "datetime": {"datetime": "2025-08-21 11:15:38", "elapsed": 9054.67387008667, "delta": 23.294562578201294}, "costs": {"total_cost": 1093.3063133702283, "time_cost": 150, "final_distance_cost": 45.532947303902134, "oscillation_cost": 246.2967797265692, "completition_cost": 555.5555555555555, "overshoot_cost": 55.65035723480122, "power_cost": 22.690746325683595, "noise_cost": 17.579927223716577, "n_waypoints_completed": 4, "tot_waypoints": 9}}
{"target": -1428.3810572917068, "params": {"k_pid_pos": [1.5087197926904083, 0.4450771009663933, 0.014945612022857935], "k_pid_alt": [0.549884852822524, 0.5574690275538049, 0.7175487975661449], "k_pid_att": [4.901683784679212, 5.613917506527665, 0.6162465672847104], "k_pid_yaw": [0.5, 1e-06, 0.1], "k_pid_hsp": [5.950105305024511, 0.6410926237259511, 0.8573260233280933], "k_pid_vsp": [203.21019708333722, 140.95435181085955, 283.1954502657825]}, "datetime": {"datetime": "2025-08-21 11:16:01", "elapsed": 9078.078477144241, "delta": 23.40460705757141}, "costs": {"total_cost": 1428.3810572917068, "time_cost": 150, "final_distance_cost": 99.2362916129539, "oscillation_cost": 242.60012076754492, "completition_cost": 777.7777777777778, "overshoot_cost": 104.65721033859737, "power_cost": 23.195169836425784, "noise_cost": 30.914486958407036, "n_waypoints_completed": 2, "tot_waypoints": 9}}
{"target": -1276.053513530955, "params": {"k_pid_pos": [0.29631910976170295, 0.338159978519914, 0.6842233932126313], "k_pid_alt": [1.1967973681920285, 0.929632739897301, 0.07985055936884866], "k_pid_att": [3.3667897583418704, 7.764015914816587, 0.0562311916450714], "k_pid_yaw": [0.5, 1e-06, 0.1], "k_pid_hsp": [1.8561019492270803, 0.6858086908188423, 0.5927235787947468], "k_pid_vsp": [292.81777691934695, 223.55535350259086, 193.5565883527889]}, "datetime": {"datetime": "2025-08-21 11:16:25", "elapsed": 9101.4873752594, "delta": 23.40889811515808}, "costs": {"total_cost": 1276.053513530955, "time_cost": 150, "final_distance_cost": 79.06232664870075, "oscillation_cost": 294.7175990018197, "completition_cost": 666.6666666666667, "overshoot_cost": 50.119695108476854, "power_cost": 20.67716142578125, "noise_cost": 14.810064679509663, "n_waypoints_completed": 3, "tot_waypoints": 9}}
{"target": -697.7592220974055, "params": {"k_pid_pos": [1.992178542252227, 0.9767634635693172, 0.5643081632230135], "k_pid_alt": [0.8101591144127123, 0.5682496929211648, 0.12291563410150574], "k_pid_att": [72.66257436672478, 1.1225187006253003, 0.8903558549381291], "k_pid_yaw": [0.5, 1e-06, 0.1], "k_pid_hsp": [7.134571764932508, 0.5095506914861829, 0.8573483496267783], "k_pid_vsp": [344.1514984135908, 396.8159905152376, 71.33199004897004]}, "datetime": {"datetime": "2025-08-21 11:16:48", "elapsed": 9124.887737989426, "delta": 23.400362730026245}, "costs": {"total_cost": 697.7592220974055, "time_cost": 150, "final_distance_cost": 70.42673116584541, "oscillation_cost": 157.7006870371694, "completition_cost": 222.2222222222222, "overshoot_cost": 57.65697404030587, "power_cost": 22.553364709472657, "noise_cost": 17.199242922389978, "n_waypoints_completed": 7, "tot_waypoints": 9}}
