{"target": -371.3585834353666, "params": {"k_pid_pos": [1.5061713015128726, 0.24026808559157375, 0.8939743474260948], "k_pid_alt": [1.9419540912453384, 0.052189143193187015, 0.6882247304322858], "k_pid_att": [15.76673750390304, 5.311690143136643, 0.36371298745128655], "k_pid_yaw": [0.5, 1e-06, 0.1], "k_pid_hsp": [7.810878206211085, 0.1664604745741799, 0.5377714419869912], "k_pid_vsp": [334.22485762643225, 328.09338622428754, 17.005416752286276]}, "datetime": {"datetime": "2025-08-21 19:46:57", "elapsed": 39733.949835300446, "delta": 31.82317805290222}, "costs": {"total_cost": 371.3585834353666, "time_cost": 81.57600000000001, "final_distance_cost": 1.7791814373256056, "oscillation_cost": 210.68152966699444, "completition_cost": 0.0, "overshoot_cost": 50.89690203966002, "power_cost": 14.353191333007814, "noise_cost": 12.071778958378726, "n_waypoints_completed": 9, "tot_waypoints": 9}}
{"target": -1188.9250132339548, "params": {"k_pid_pos": [0.0001, 0.6826395931887972, 1.0], "k_pid_alt": [0.6610426088231295, 0.3550305881833592, 0.827857469474464], "k_pid_att": [38.937680805256775, 2.9450758819622767, 1.0], "k_pid_yaw": [0.5, 1e-06, 0.1], "k_pid_hsp": [1.4729750519434295, 1.0, 0.7738551548634097], "k_pid_vsp": [121.61431195390637, 138.08514190340284, 7.28504040677837]}, "datetime": {"datetime": "2025-08-21 19:47:37", "elapsed": 39773.55951881409, "delta": 39.60968351364136}, "costs": {"total_cost": 1188.9250132339548, "time_cost": 150, "final_distance_cost": 51.92067653378977, "oscillation_cost": 214.43853897345906, "completition_cost": 666.6666666666667, "overshoot_cost": 67.0395315497389, "power_cost": 21.384094287109377, "noise_cost": 17.475505223190975, "n_waypoints_completed": 3, "tot_waypoints": 9}}
{"target": -278.7783104078132, "params": {"k_pid_pos": [1.4281924435052429, 0.07221082544686912, 0.09057036148873389], "k_pid_alt": [0.3871311825066284, 0.4722933991070649, 0.6132155595031535], "k_pid_att": [6.090841935265237, 4.367276007424267, 0.9999055261070665], "k_pid_yaw": [0.5, 1e-06, 0.1], "k_pid_hsp": [2.990596377346749, 0.9999271312035137, 6.782919637014727e-05], "k_pid_vsp": [155.31051565606293, 211.46176126326912, 53.81495957313535]}, "datetime": {"datetime": "2025-08-21 19:48:19", "elapsed": 39815.5227060318, "delta": 41.9631872177124}, "costs": {"total_cost": 278.7783104078132, "time_cost": 97.2, "final_distance_cost": 1.7622187820459707, "oscillation_cost": 80.0658552881173, "completition_cost": 0.0, "overshoot_cost": 59.83309918212297, "power_cost": 23.243805603027344, "noise_cost": 16.673331552499587, "n_waypoints_completed": 9, "tot_waypoints": 9}}
{"target": -632.2028343469996, "params": {"k_pid_pos": [1.2781757289008466, 0.7564061125959614, 0.7371811329033486], "k_pid_alt": [0.6285272903197132, 0.13235485387851764, 0.31616599153050473], "k_pid_att": [34.6012630668431, 1.0790488411311412, 0.7093455893738079], "k_pid_yaw": [0.5, 1e-06, 0.1], "k_pid_hsp": [7.185338901690082, 0.9179735146090274, 0.18704240265948113], "k_pid_vsp": [235.93408263614788, 324.97060107473163, 15.301702539660274]}, "datetime": {"datetime": "2025-08-21 19:48:55", "elapsed": 39852.44350481033, "delta": 36.920798778533936}, "costs": {"total_cost": 632.2028343469996, "time_cost": 150, "final_distance_cost": 22.397806015528094, "oscillation_cost": 261.40531903669796, "completition_cost": 111.11111111111116, "overshoot_cost": 52.20932539640248, "power_cost": 19.966407739257814, "noise_cost": 15.112865048002066, "n_waypoints_completed": 8, "tot_waypoints": 9}}
{"target": -758.5210696760292, "params": {"k_pid_pos": [1.2544854371438399, 0.6082026495540597, 0.7881160747806192], "k_pid_alt": [1.279779045609191, 0.8185469554347831, 0.9000628075383741], "k_pid_att": [26.943530117325707, 5.045083692381873, 0.7710498169614032], "k_pid_yaw": [0.5, 1e-06, 0.1], "k_pid_hsp": [7.288579520115621, 0.3251973419895361, 0.4508897935028786], "k_pid_vsp": [378.5671527623814, 251.60214502499602, 121.10138644744914]}, "datetime": {"datetime": "2025-08-21 19:49:36", "elapsed": 39892.48126912117, "delta": 40.03776431083679}, "costs": {"total_cost": 758.5210696760292, "time_cost": 150, "final_distance_cost": 62.26313735184149, "oscillation_cost": 239.8421916891742, "completition_cost": 222.2222222222222, "overshoot_cost": 48.946698708061795, "power_cost": 20.506957019042968, "noise_cost": 14.739862685686608, "n_waypoints_completed": 7, "tot_waypoints": 9}}
{"target": -1594.8011963427325, "params": {"k_pid_pos": [2.0, 1.0, 0.04725545446352905], "k_pid_alt": [0.0, 0.0, 1.0], "k_pid_att": [39.99241122871148, 7.720607210477339, 0.0], "k_pid_yaw": [0.5, 1e-06, 0.1], "k_pid_hsp": [10.0, 1.0, 0.0], "k_pid_vsp": [185.05000303398046, 200.42429712909782, 101.25994284668487]}, "datetime": {"datetime": "2025-08-21 19:50:13", "elapsed": 39930.41373229027, "delta": 37.9324631690979}, "costs": {"total_cost": 1594.8011963427325, "time_cost": 150, "final_distance_cost": 8.94987020847995, "oscillation_cost": 214.27507425703345, "completition_cost": 1000.0, "overshoot_cost": 138.0400602168622, "power_cost": 18.68451033935547, "noise_cost": 64.85168132100124, "n_waypoints_completed": 0, "tot_waypoints": 9}}
{"target": -1194.2312961498687, "params": {"k_pid_pos": [0.5035370958266595, 0.16514272685124998, 0.8927880469640685], "k_pid_alt": [0.02494763167776992, 0.9304395025153205, 0.5974854989702402], "k_pid_att": [90.52813059941127, 5.353705236879647, 0.801087674344223], "k_pid_yaw": [0.5, 1e-06, 0.1], "k_pid_hsp": [8.547877438048157, 0.5592050528619757, 0.723855673707551], "k_pid_vsp": [194.69697011542317, 378.2672432178387, 142.73286661191645]}, "datetime": {"datetime": "2025-08-21 19:50:50", "elapsed": 39967.024668216705, "delta": 36.61093592643738}, "costs": {"total_cost": 1194.2312961498687, "time_cost": 150, "final_distance_cost": 40.79745947660669, "oscillation_cost": 354.9772648135161, "completition_cost": 555.5555555555555, "overshoot_cost": 56.34304496458594, "power_cost": 19.780586437988283, "noise_cost": 16.777384901616294, "n_waypoints_completed": 4, "tot_waypoints": 9}}
{"target": -703.6063272095411, "params": {"k_pid_pos": [1.165710422052014, 0.5310739235768986, 0.12264302304259522], "k_pid_alt": [1.6143439182741637, 0.34277190897002924, 0.0034410618186064726], "k_pid_att": [45.65590056783122, 8.485366383584635, 0.06843746088173705], "k_pid_yaw": [0.5, 1e-06, 0.1], "k_pid_hsp": [2.345040693111243, 0.5323382108163611, 0.3717465831393246], "k_pid_vsp": [194.43619386496138, 300.5748699358033, 94.0499542508323]}, "datetime": {"datetime": "2025-08-21 19:51:29", "elapsed": 40006.402624607086, "delta": 39.37795639038086}, "costs": {"total_cost": 703.6063272095411, "time_cost": 150, "final_distance_cost": 69.63020895296566, "oscillation_cost": 180.53862833474767, "completition_cost": 222.2222222222222, "overshoot_cost": 47.467023847600174, "power_cost": 19.305746240234377, "noise_cost": 14.442497611770973, "n_waypoints_completed": 7, "tot_waypoints": 9}}
{"target": -660.0265439814293, "params": {"k_pid_pos": [0.9865893367031617, 0.08439220160710126, 0.6743340184110982], "k_pid_alt": [1.2281556560155316, 0.6351132675644032, 0.6628477199221737], "k_pid_att": [7.164650034403053, 1.367158280511437, 0.30312003173068625], "k_pid_yaw": [0.5, 1e-06, 0.1], "k_pid_hsp": [3.016125923885083, 0.5619786829533253, 0.3782943622296654], "k_pid_vsp": [50.32932357719062, 96.50838783945264, 41.54359946546717]}, "datetime": {"datetime": "2025-08-21 19:52:14", "elapsed": 40051.060468912125, "delta": 44.65784430503845}, "costs": {"total_cost": 660.0265439814293, "time_cost": 150, "final_distance_cost": 42.632390283470855, "oscillation_cost": 250.19323356181607, "completition_cost": 111.11111111111116, "overshoot_cost": 62.42396152053924, "power_cost": 25.69253962402344, "noise_cost": 17.973307880468518, "n_waypoints_completed": 8, "tot_waypoints": 9}}
{"target": -786.9894948434197, "params": {"k_pid_pos": [1.8460705357605616, 0.7608856333297426, 0.7083865160881375], "k_pid_alt": [0.3347777405899539, 0.4900787368467613, 0.9628390390901894], "k_pid_att": [4.603634789419653, 1.5119423760137338, 0.7965896093711582], "k_pid_yaw": [0.5, 1e-06, 0.1], "k_pid_hsp": [5.184697079748538, 0.9918244697314657, 0.7465129183585201], "k_pid_vsp": [43.77432860250039, 222.1718026059956, 85.27115238729368]}, "datetime": {"datetime": "2025-08-21 19:52:52", "elapsed": 40089.311495542526, "delta": 38.25102663040161}, "costs": {"total_cost": 786.9894948434197, "time_cost": 150, "final_distance_cost": 59.400452006521824, "oscillation_cost": 148.39227556871097, "completition_cost": 333.33333333333337, "overshoot_cost": 54.12399365499494, "power_cost": 23.09159442138672, "noise_cost": 18.647845858471932, "n_waypoints_completed": 6, "tot_waypoints": 9}}
{"target": -207.30407059105988, "params": {"k_pid_pos": [1.2578601275802164, 0.30629944720701796, 0.0], "k_pid_alt": [1.7396738087642536, 0.0, 0.13865664036966385], "k_pid_att": [27.6602796029985, 1.1309037978020011, 0.0], "k_pid_yaw": [0.5, 1e-06, 0.1], "k_pid_hsp": [5.405866040773886, 0.0, 0.0], "k_pid_vsp": [152.56658430271696, 16.701607635051424, 4.854664957872394]}, "datetime": {"datetime": "2025-08-21 19:53:31", "elapsed": 40128.29077887535, "delta": 38.97928333282471}, "costs": {"total_cost": 207.30407059105988, "time_cost": 73.608, "final_distance_cost": 1.7408409631966801, "oscillation_cost": 57.48572049700115, "completition_cost": 0.0, "overshoot_cost": 50.94915748079551, "power_cost": 11.987836450195314, "noise_cost": 11.53251519987122, "n_waypoints_completed": 9, "tot_waypoints": 9}}
{"target": -842.6216241539013, "params": {"k_pid_pos": [0.8641089933061223, 0.15205005131176308, 0.8094919604815691], "k_pid_alt": [0.41011538253388347, 0.22768494591589328, 0.8054678910765549], "k_pid_att": [22.9631104823084, 7.724908833475447, 0.2871097947678395], "k_pid_yaw": [0.5, 1e-06, 0.1], "k_pid_hsp": [4.423652771645886, 0.4939515879185671, 0.24279770764162234], "k_pid_vsp": [333.8443060007886, 207.04439448072756, 30.34189482649607]}, "datetime": {"datetime": "2025-08-21 19:54:12", "elapsed": 40169.383719444275, "delta": 41.09294056892395}, "costs": {"total_cost": 842.6216241539013, "time_cost": 150, "final_distance_cost": 65.49662162306319, "oscillation_cost": 327.8112747199336, "completition_cost": 222.2222222222222, "overshoot_cost": 45.985719615138215, "power_cost": 17.467281103515624, "noise_cost": 13.638504870028589, "n_waypoints_completed": 7, "tot_waypoints": 9}}
{"target": -938.7943044882568, "params": {"k_pid_pos": [0.5147824791295394, 0.4629163629151467, 0.6696633655461205], "k_pid_alt": [0.9566819227985687, 0.0, 0.7551950628456289], "k_pid_att": [63.40533475833916, 10.0, 0.9507102783944349], "k_pid_yaw": [0.5, 1e-06, 0.1], "k_pid_hsp": [9.519036888290325, 0.5582474150830168, 0.9997760377494745], "k_pid_vsp": [41.12479439827562, 348.9792147912818, 137.9286473680957]}, "datetime": {"datetime": "2025-08-21 19:54:55", "elapsed": 40211.91272640228, "delta": 42.52900695800781}, "costs": {"total_cost": 938.7943044882568, "time_cost": 150, "final_distance_cost": 67.41491700785659, "oscillation_cost": 308.09820046482395, "completition_cost": 333.33333333333337, "overshoot_cost": 42.23368346379448, "power_cost": 21.516508666992188, "noise_cost": 16.19766155145626, "n_waypoints_completed": 6, "tot_waypoints": 9}}
{"target": -698.1446173953344, "params": {"k_pid_pos": [2.0, 0.0, 0.10927157177994297], "k_pid_alt": [0.0, 1.0, 0.20863016055069886], "k_pid_att": [5.191836531155352, 3.2109863509693954, 0.0], "k_pid_yaw": [0.5, 1e-06, 0.1], "k_pid_hsp": [1.7453287370364172, 1.0, 0.0], "k_pid_vsp": [106.40066586255551, 312.3460687454823, 105.95948292258221]}, "datetime": {"datetime": "2025-08-21 19:55:32", "elapsed": 40249.26611542702, "delta": 37.3533890247345}, "costs": {"total_cost": 698.1446173953344, "time_cost": 150, "final_distance_cost": 68.16665274985048, "oscillation_cost": 162.04372775236266, "completition_cost": 222.2222222222222, "overshoot_cost": 60.62943180983286, "power_cost": 20.277366516113283, "noise_cost": 14.805216344952886, "n_waypoints_completed": 7, "tot_waypoints": 9}}
{"target": -947.7101660308863, "params": {"k_pid_pos": [0.2907822846396403, 0.6587635688603188, 0.49913483749490195], "k_pid_alt": [1.527392944130255, 0.7241822432076848, 0.05822946927560335], "k_pid_att": [25.42329586504488, 2.0114966485166796, 0.9850061344460628], "k_pid_yaw": [0.5, 1e-06, 0.1], "k_pid_hsp": [2.2806776663621813, 0.7966681654349639, 0.8057788903624418], "k_pid_vsp": [230.67632459608066, 390.08269265476866, 178.70801254828353]}, "datetime": {"datetime": "2025-08-21 19:56:10", "elapsed": 40286.69561100006, "delta": 37.42949557304382}, "costs": {"total_cost": 947.7101660308863, "time_cost": 150, "final_distance_cost": 40.79904683083198, "oscillation_cost": 216.32648494016738, "completition_cost": 444.4444444444444, "overshoot_cost": 53.45881341401875, "power_cost": 24.552945166015625, "noise_cost": 18.128431235408026, "n_waypoints_completed": 5, "tot_waypoints": 9}}
{"target": -445.190231135267, "params": {"k_pid_pos": [2.0, 0.0, 0.6778206339737215], "k_pid_alt": [0.0, 0.9880220626248823, 0.7488446499843507], "k_pid_att": [32.36762311997901, 6.573351812643069, 1.0], "k_pid_yaw": [0.5, 1e-06, 0.1], "k_pid_hsp": [7.143735898179211, 0.21256325789900526, 0.8215823722665703], "k_pid_vsp": [53.26234534105132, 298.2638598023478, 49.64140288175215]}, "datetime": {"datetime": "2025-08-21 19:56:52", "elapsed": 40328.555755376816, "delta": 41.86014437675476}, "costs": {"total_cost": 445.190231135267, "time_cost": 93.864, "final_distance_cost": 1.7511693746348098, "oscillation_cost": 254.7631508402155, "completition_cost": 0.0, "overshoot_cost": 65.63827384461307, "power_cost": 16.351582690429687, "noise_cost": 12.822054385373988, "n_waypoints_completed": 9, "tot_waypoints": 9}}
{"target": -932.9669462586081, "params": {"k_pid_pos": [2.0, 0.25572164525314545, 0.2354800268079161], "k_pid_alt": [0.923696704626921, 0.8072021139415075, 0.7075698581386674], "k_pid_att": [4.544763446198461, 3.628502889535397, 1.0], "k_pid_yaw": [0.5, 1e-06, 0.1], "k_pid_hsp": [1.3226427979891795, 1.0, 0.0], "k_pid_vsp": [152.17917117433223, 210.81120158222703, 58.27609914297909]}, "datetime": {"datetime": "2025-08-21 19:57:36", "elapsed": 40372.937876701355, "delta": 44.382121324539185}, "costs": {"total_cost": 932.9669462586081, "time_cost": 150, "final_distance_cost": 43.668092389909155, "oscillation_cost": 99.24038165176641, "completition_cost": 555.5555555555555, "overshoot_cost": 43.77366175066391, "power_cost": 23.207061865234376, "noise_cost": 17.52219304547885, "n_waypoints_completed": 4, "tot_waypoints": 9}}
{"target": -215.44444719168357, "params": {"k_pid_pos": [1.1894092283164124, 0.0, 0.09368837972438993], "k_pid_alt": [1.6021910428795862, 0.0, 0.13245929743425014], "k_pid_att": [21.69155555064175, 0.009290369684294954, 0.0], "k_pid_yaw": [0.5, 1e-06, 0.1], "k_pid_hsp": [4.717856720121434, 0.0, 0.0], "k_pid_vsp": [153.60594092533418, 12.105967223609907, 5.2191886721526375]}, "datetime": {"datetime": "2025-08-21 19:58:09", "elapsed": 40405.95169663429, "delta": 33.01381993293762}, "costs": {"total_cost": 215.44444719168357, "time_cost": 70.352, "final_distance_cost": 1.8492492001768155, "oscillation_cost": 68.05420796295401, "completition_cost": 0.0, "overshoot_cost": 50.982527315773986, "power_cost": 12.419791760253906, "noise_cost": 11.786670952524885, "n_waypoints_completed": 9, "tot_waypoints": 9}}
{"target": -213.66415164335936, "params": {"k_pid_pos": [1.6132856710715069, 0.0, 0.8397562676534197], "k_pid_alt": [1.1964496404678364, 0.07786880958648253, 1.0], "k_pid_att": [14.909283318544215, 2.705407763756817, 1.0], "k_pid_yaw": [0.5, 1e-06, 0.1], "k_pid_hsp": [1.696523016369487, 0.27533004780068704, 0.0], "k_pid_vsp": [309.2604478088388, 392.2220308913493, 262.53533709997686]}, "datetime": {"datetime": "2025-08-21 19:58:43", "elapsed": 40439.925148010254, "delta": 33.973451375961304}, "costs": {"total_cost": 213.66415164335936, "time_cost": 91.272, "final_distance_cost": 1.8412715591239046, "oscillation_cost": 41.90347347484713, "completition_cost": 0.0, "overshoot_cost": 54.51543326799549, "power_cost": 13.572238305664063, "noise_cost": 10.559735035728737, "n_waypoints_completed": 9, "tot_waypoints": 9}}
{"target": -864.4071011551813, "params": {"k_pid_pos": [0.8411427568430616, 0.4075904396127469, 0.5594779515159651], "k_pid_alt": [1.0762654289269407, 0.3283105643157545, 0.2938536875512361], "k_pid_att": [56.34914967094696, 1.8765228548883084, 0.5156157257713436], "k_pid_yaw": [0.5, 1e-06, 0.1], "k_pid_hsp": [8.538096513583785, 0.6509961707293606, 0.636571807918815], "k_pid_vsp": [110.51676027372586, 328.6351544661869, 176.71181244688472]}, "datetime": {"datetime": "2025-08-21 19:59:20", "elapsed": 40477.29315662384, "delta": 37.368008613586426}, "costs": {"total_cost": 864.4071011551813, "time_cost": 150, "final_distance_cost": 63.65641804290849, "oscillation_cost": 334.3501766712714, "completition_cost": 222.2222222222222, "overshoot_cost": 48.81396555010756, "power_cost": 26.272849719238284, "noise_cost": 19.09146894943346, "n_waypoints_completed": 7, "tot_waypoints": 9}}
{"target": -472.86223824995557, "params": {"k_pid_pos": [2.0, 0.2349959700417714, 0.26863773901011406], "k_pid_alt": [0.6777728568935666, 1.0, 0.2044483046831974], "k_pid_att": [7.400373351650477, 8.549958436233124, 0.8563990506014486], "k_pid_yaw": [0.5, 1e-06, 0.1], "k_pid_hsp": [1.751929952369548, 0.5380472174958971, 0.0], "k_pid_vsp": [47.84368788194993, 94.57931005757285, 40.88849992944435]}, "datetime": {"datetime": "2025-08-21 20:00:06", "elapsed": 40522.95920705795, "delta": 45.66605043411255}, "costs": {"total_cost": 472.86223824995557, "time_cost": 150, "final_distance_cost": 45.334261869782885, "oscillation_cost": 73.59219606627111, "completition_cost": 111.11111111111116, "overshoot_cost": 60.04515489544247, "power_cost": 18.87142575683594, "noise_cost": 13.90808855051202, "n_waypoints_completed": 8, "tot_waypoints": 9}}
{"target": -392.3851653392945, "params": {"k_pid_pos": [1.2133931470607935, 0.0709081099407632, 0.758727938421751], "k_pid_alt": [0.5229230171586734, 0.6023695396343759, 0.6165415986743473], "k_pid_att": [15.256916991289065, 2.890382090792503, 0.6056278123704393], "k_pid_yaw": [0.5, 1e-06, 0.1], "k_pid_hsp": [8.038500888428514, 0.6419323420539178, 0.7170276837013262], "k_pid_vsp": [12.635574606900356, 219.03384214523632, 36.60059656840058]}, "datetime": {"datetime": "2025-08-21 20:00:45", "elapsed": 40561.981268405914, "delta": 39.022061347961426}, "costs": {"total_cost": 392.3851653392945, "time_cost": 92.84, "final_distance_cost": 1.781174936921443, "oscillation_cost": 216.3607857125458, "completition_cost": 0.0, "overshoot_cost": 55.657891752818195, "power_cost": 14.18238603515625, "noise_cost": 11.562926901852753, "n_waypoints_completed": 9, "tot_waypoints": 9}}
{"target": -310.6952336321934, "params": {"k_pid_pos": [1.617013553731047, 0.13757440573270385, 0.24539276805468735], "k_pid_alt": [1.889618704053093, 0.0, 0.3861595900066496], "k_pid_att": [20.18851163168133, 0.0001, 0.0], "k_pid_yaw": [0.5, 1e-06, 0.1], "k_pid_hsp": [7.6627687786121985, 0.0, 0.0], "k_pid_vsp": [147.73616225320237, 9.914265007815482, 11.265991422157228]}, "datetime": {"datetime": "2025-08-21 20:01:14", "elapsed": 40591.31015944481, "delta": 29.328891038894653}, "costs": {"total_cost": 310.6952336321934, "time_cost": 70.488, "final_distance_cost": 1.7900762865317583, "oscillation_cost": 162.55053731377222, "completition_cost": 0.0, "overshoot_cost": 51.40728528297686, "power_cost": 13.12761484375, "noise_cost": 11.331719905162572, "n_waypoints_completed": 9, "tot_waypoints": 9}}
{"target": -1234.8025135637777, "params": {"k_pid_pos": [0.010311614900661164, 0.11486202763674133, 0.8103910123585694], "k_pid_alt": [1.98719861309436, 0.6701548763686603, 0.5196346216202952], "k_pid_att": [10.877731430286634, 0.28215036329840837, 0.8492972214072023], "k_pid_yaw": [0.5, 1e-06, 0.1], "k_pid_hsp": [8.034077349471174, 0.7885251748338464, 0.0024444738443243096], "k_pid_vsp": [12.993495110975099, 222.00496682580174, 39.046094809240536]}, "datetime": {"datetime": "2025-08-21 20:01:55", "elapsed": 40632.29274868965, "delta": 40.98258924484253}, "costs": {"total_cost": 1234.8025135637777, "time_cost": 150, "final_distance_cost": 67.34282966076731, "oscillation_cost": 29.34993743839068, "completition_cost": 888.8888888888888, "overshoot_cost": 67.16326762347364, "power_cost": 18.295558850097656, "noise_cost": 13.762031102159737, "n_waypoints_completed": 1, "tot_waypoints": 9}}
{"target": -1371.0958249739954, "params": {"k_pid_pos": [0.18369998067139887, 0.0, 0.0], "k_pid_alt": [1.9169849309765745, 0.753621186074049, 0.0], "k_pid_att": [58.95722133408074, 0.0001, 1.0], "k_pid_yaw": [0.5, 1e-06, 0.1], "k_pid_hsp": [0.00044664899434446534, 1.0, 0.0], "k_pid_vsp": [268.625207847914, 288.0645205282784, 221.81780604867686]}, "datetime": {"datetime": "2025-08-21 20:02:33", "elapsed": 40670.31509876251, "delta": 38.02235007286072}, "costs": {"total_cost": 1371.0958249739954, "time_cost": 150, "final_distance_cost": 46.56354010885501, "oscillation_cost": 102.11344901340377, "completition_cost": 1000.0, "overshoot_cost": 26.547528363047377, "power_cost": 26.955235888671876, "noise_cost": 18.9160716000171, "n_waypoints_completed": 0, "tot_waypoints": 9}}
