{"target": -799.3387662461274, "params": {"k_pid_pos": [0.9023237546169778, 0.623902060897915, 0.5825057669074969], "k_pid_alt": [1.4076796500869473, 0.865733576536207, 0.9825997272392335], "k_pid_att": [77.06452410962494, 6.274785301534217, 0.9753551580736967], "k_pid_yaw": [0.5, 1e-06, 0.1], "k_pid_hsp": [7.877430377770366, 0.5003653714783138, 0.19247746863414983], "k_pid_vsp": [336.24461637144026, 47.35093865808905, 50.22868132629353]}, "datetime": {"datetime": "2025-08-21 10:48:58", "elapsed": 7454.973378658295, "delta": 23.484724760055542}, "costs": {"total_cost": 799.3387662461274, "time_cost": 150, "final_distance_cost": 68.22388501123795, "oscillation_cost": 280.21908439551356, "completition_cost": 222.2222222222222, "overshoot_cost": 50.27347781012829, "power_cost": 15.432262304687502, "noise_cost": 12.967834502337908, "n_waypoints_completed": 7, "tot_waypoints": 9}}
{"target": -1264.752444231301, "params": {"k_pid_pos": [0.6462457479587196, 0.227010417300204, 0.19772239896161847], "k_pid_alt": [0.2224993994191229, 0.5960916885400718, 0.9589126078433166], "k_pid_att": [73.75900804402264, 9.688639164038564, 0.9763973391567127], "k_pid_yaw": [0.5, 1e-06, 0.1], "k_pid_hsp": [1.8700462770456783, 0.17963487041035398, 0.41074072292537767], "k_pid_vsp": [51.83497637765511, 248.47643419181364, 211.8820207115115]}, "datetime": {"datetime": "2025-08-21 10:49:21", "elapsed": 7478.324196338654, "delta": 23.350817680358887}, "costs": {"total_cost": 1264.752444231301, "time_cost": 150, "final_distance_cost": 53.78367862654987, "oscillation_cost": 287.53170956227325, "completition_cost": 666.6666666666667, "overshoot_cost": 60.19412317283413, "power_cost": 25.118246887207032, "noise_cost": 21.458019315769956, "n_waypoints_completed": 3, "tot_waypoints": 9}}
{"target": -1711.5660772715655, "params": {"k_pid_pos": [1.2919731768064664, 0.09675905484879177, 0.23953107964211762], "k_pid_alt": [0.6783284970977521, 0.9432878498816354, 0.7426245341675709], "k_pid_att": [55.2784229499823, 6.363277151047468, 0.06470720806125652], "k_pid_yaw": [0.5, 1e-06, 0.1], "k_pid_hsp": [0.16831338583330016, 0.3409183209009484, 0.7125507953776069], "k_pid_vsp": [369.4580769523982, 384.77838995682987, 337.8813528204013]}, "datetime": {"datetime": "2025-08-21 10:49:44", "elapsed": 7501.34237241745, "delta": 23.018176078796387}, "costs": {"total_cost": 1711.5660772715655, "time_cost": 150, "final_distance_cost": 48.520892783641905, "oscillation_cost": 412.1057309693667, "completition_cost": 1000.0, "overshoot_cost": 56.168756310430346, "power_cost": 26.29738836669922, "noise_cost": 18.473308841427478, "n_waypoints_completed": 0, "tot_waypoints": 9}}
{"target": -1452.4254366260047, "params": {"k_pid_pos": [1.09335686722123, 0.88614464997705, 0.6367838673223134], "k_pid_alt": [0.8855884808093304, 0.3550311530532618, 0.5644993154033359], "k_pid_att": [55.02933913357126, 0.7958733610707092, 0.31074156752582527], "k_pid_yaw": [0.5, 1e-06, 0.1], "k_pid_hsp": [2.128472949857232, 0.8628906858809715, 0.4452518924732968], "k_pid_vsp": [123.1992532139814, 140.33316431860703, 255.53657584960882]}, "datetime": {"datetime": "2025-08-21 10:50:08", "elapsed": 7524.9765083789825, "delta": 23.634135961532593}, "costs": {"total_cost": 1452.4254366260047, "time_cost": 150, "final_distance_cost": 28.075511900419887, "oscillation_cost": 135.99988721372068, "completition_cost": 1000.0, "overshoot_cost": 85.46610347074893, "power_cost": 27.138146423339844, "noise_cost": 25.745787617775424, "n_waypoints_completed": 0, "tot_waypoints": 9}}
{"target": -823.9274484076223, "params": {"k_pid_pos": [1.8675811717173652, 0.9092484869870026, 0.3864095216258926], "k_pid_alt": [1.953754692609572, 0.09600341705917093, 0.19641198707790164], "k_pid_att": [34.78614824489971, 5.328445437045621, 0.16742237667869586], "k_pid_yaw": [0.5, 1e-06, 0.1], "k_pid_hsp": [4.304542806787177, 0.20110430716110694, 0.6561410914730057], "k_pid_vsp": [191.54084740835842, 316.3920137620775, 237.96383578080773]}, "datetime": {"datetime": "2025-08-21 10:50:32", "elapsed": 7548.967649936676, "delta": 23.99114155769348}, "costs": {"total_cost": 823.9274484076223, "time_cost": 150, "final_distance_cost": 74.94333431424425, "oscillation_cost": 175.960524014879, "completition_cost": 333.33333333333337, "overshoot_cost": 59.72479061010475, "power_cost": 16.79371571044922, "noise_cost": 13.171750424611618, "n_waypoints_completed": 6, "tot_waypoints": 9}}
{"target": -1479.961112720302, "params": {"k_pid_pos": [1.045844329272052, 0.7747421569257332, 0.24563866367676745], "k_pid_alt": [0.34474199624191426, 0.44999394598456155, 0.1950097492617221], "k_pid_att": [56.90404688113472, 8.880396969309007, 0.8369170934696776], "k_pid_yaw": [0.5, 1e-06, 0.1], "k_pid_hsp": [6.150399701597611, 0.5149854576432283, 0.10195091153958102], "k_pid_vsp": [267.5532673947822, 60.83858888999463, 390.7308053613006]}, "datetime": {"datetime": "2025-08-21 10:50:56", "elapsed": 7572.516354560852, "delta": 23.548704624176025}, "costs": {"total_cost": 1479.961112720302, "time_cost": 150, "final_distance_cost": 75.34666953617634, "oscillation_cost": 354.8279678540273, "completition_cost": 777.7777777777778, "overshoot_cost": 74.03027880095857, "power_cost": 26.07555894775391, "noise_cost": 21.902859803607928, "n_waypoints_completed": 2, "tot_waypoints": 9}}
{"target": -1402.9991428540038, "params": {"k_pid_pos": [1.225789804574372, 0.029644348943361765, 0.8965049370203725], "k_pid_alt": [0.44868228104671104, 0.4091983412985385, 0.06679711007564793], "k_pid_att": [34.81218038693037, 7.201754780011463, 0.287468359567726], "k_pid_yaw": [0.5, 1e-06, 0.1], "k_pid_hsp": [6.897280460130888, 0.4699516331852063, 0.050550130724892894], "k_pid_vsp": [134.65432120449057, 139.8944045911557, 360.007415675073]}, "datetime": {"datetime": "2025-08-21 10:51:20", "elapsed": 7597.41378736496, "delta": 24.897432804107666}, "costs": {"total_cost": 1402.9991428540038, "time_cost": 150, "final_distance_cost": 85.73990692328594, "oscillation_cost": 378.69492203064647, "completition_cost": 666.6666666666667, "overshoot_cost": 72.95260213971699, "power_cost": 23.392939758300784, "noise_cost": 25.552105335387132, "n_waypoints_completed": 3, "tot_waypoints": 9}}
{"target": -649.9211330622062, "params": {"k_pid_pos": [1.7292293202968676, 0.2673667919124486, 0.19756455011932283], "k_pid_alt": [1.2294876582617424, 0.7640415374622639, 0.3753218914831965], "k_pid_att": [23.93094015080073, 3.2737691741399124, 0.22892167403675867], "k_pid_yaw": [0.5, 1e-06, 0.1], "k_pid_hsp": [9.636054560530052, 0.41820493163138317, 0.11868790633216308], "k_pid_vsp": [197.62106347261786, 41.66228050130424, 106.93472573996414]}, "datetime": {"datetime": "2025-08-21 10:51:44", "elapsed": 7620.79819393158, "delta": 23.384406566619873}, "costs": {"total_cost": 649.9211330622062, "time_cost": 150, "final_distance_cost": 45.96116307007921, "oscillation_cost": 252.4345476997599, "completition_cost": 111.11111111111116, "overshoot_cost": 56.13667734554061, "power_cost": 19.581233117675783, "noise_cost": 14.696400718039511, "n_waypoints_completed": 8, "tot_waypoints": 9}}
{"target": -1750.88756286643, "params": {"k_pid_pos": [0.14967674939253814, 0.186445494085287, 0.9933919696418768], "k_pid_alt": [1.7412125795172184, 0.572027393050132, 0.2416781051388992], "k_pid_att": [77.43305025735907, 3.5420466082001307, 0.018686673632705597], "k_pid_yaw": [0.5, 1e-06, 0.1], "k_pid_hsp": [1.33786913785388, 0.673691307244682, 0.4110269270497645], "k_pid_vsp": [61.38913629845257, 250.305894539579, 368.7620085818514]}, "datetime": {"datetime": "2025-08-21 10:52:07", "elapsed": 7644.232574939728, "delta": 23.434381008148193}, "costs": {"total_cost": 1750.88756286643, "time_cost": 150, "final_distance_cost": 55.70351327070476, "oscillation_cost": 491.0736486852024, "completition_cost": 888.8888888888888, "overshoot_cost": 98.40055952901712, "power_cost": 23.319531860351564, "noise_cost": 43.50142063226562, "n_waypoints_completed": 1, "tot_waypoints": 9}}
{"target": -1170.1114380274319, "params": {"k_pid_pos": [0.18747619028553747, 0.5960142862339658, 0.8556457164615517], "k_pid_alt": [0.9779008735057122, 0.5811136071453299, 0.27247273670988537], "k_pid_att": [74.30745055957215, 5.335849892543032, 0.47571391062656654], "k_pid_yaw": [0.5, 1e-06, 0.1], "k_pid_hsp": [8.108274645140948, 0.7135021757917943, 0.17550855021932388], "k_pid_vsp": [245.96267642226329, 144.9895000190257, 301.71941943120186]}, "datetime": {"datetime": "2025-08-21 10:52:31", "elapsed": 7667.583635568619, "delta": 23.35106062889099}, "costs": {"total_cost": 1170.1114380274319, "time_cost": 150, "final_distance_cost": 45.88785892867688, "oscillation_cost": 329.8721682219513, "completition_cost": 555.5555555555555, "overshoot_cost": 50.876923828360646, "power_cost": 20.49704561767578, "noise_cost": 17.42188587521184, "n_waypoints_completed": 4, "tot_waypoints": 9}}
{"target": -649.7451879316529, "params": {"k_pid_pos": [1.9923636498716137, 0.14914088444468554, 0.6580172903535777], "k_pid_alt": [0.972859085958961, 0.3565143771927217, 0.7275512106204003], "k_pid_att": [49.527123886555614, 9.893563772644308, 0.9871693447955155], "k_pid_yaw": [0.5, 1e-06, 0.1], "k_pid_hsp": [9.662940511313833, 0.9023968059831953, 0.17589940936234516], "k_pid_vsp": [239.01257358439287, 74.95562764191475, 155.05905512678598]}, "datetime": {"datetime": "2025-08-21 10:52:54", "elapsed": 7690.99312210083, "delta": 23.409486532211304}, "costs": {"total_cost": 649.7451879316529, "time_cost": 150, "final_distance_cost": 36.836596206418044, "oscillation_cost": 250.77372324043955, "completition_cost": 111.11111111111116, "overshoot_cost": 57.58452832127847, "power_cost": 24.23970897216797, "noise_cost": 19.19952008023773, "n_waypoints_completed": 8, "tot_waypoints": 9}}
{"target": -1692.683810784077, "params": {"k_pid_pos": [1.7772777311966848, 0.04397528695678632, 0.21264169535309108], "k_pid_alt": [1.5025873929212337, 0.38194762733599774, 0.06858606397783362], "k_pid_att": [19.752099074849415, 2.129374117719161, 0.8945594293339266], "k_pid_yaw": [0.5, 1e-06, 0.1], "k_pid_hsp": [7.3174385439510585, 0.114435277179883, 0.7261736890661804], "k_pid_vsp": [12.469867721090733, 112.91318020627146, 184.5841411582846]}, "datetime": {"datetime": "2025-08-21 10:53:18", "elapsed": 7715.3016521930695, "delta": 24.30853009223938}, "costs": {"total_cost": 1692.683810784077, "time_cost": 150, "final_distance_cost": 70.66138365287837, "oscillation_cost": 394.63220960919045, "completition_cost": 888.8888888888888, "overshoot_cost": 125.78154452117657, "power_cost": 15.674940209960939, "noise_cost": 47.04484390198176, "n_waypoints_completed": 1, "tot_waypoints": 9}}
{"target": -1324.271351624151, "params": {"k_pid_pos": [0.9234794649453959, 0.7194625278488989, 0.953139873078815], "k_pid_alt": [0.27320223959382006, 0.9908887965131191, 0.1878544899656137], "k_pid_att": [98.66662270405529, 9.252961995550315, 0.2474749803902726], "k_pid_yaw": [0.5, 1e-06, 0.1], "k_pid_hsp": [8.139423511545386, 0.5153387726298089, 0.3874744466820166], "k_pid_vsp": [188.4449330860856, 222.9566999349286, 232.1965103071561]}, "datetime": {"datetime": "2025-08-21 10:53:42", "elapsed": 7738.677313089371, "delta": 23.37566089630127}, "costs": {"total_cost": 1324.271351624151, "time_cost": 150, "final_distance_cost": 50.95984426667221, "oscillation_cost": 360.4208869675964, "completition_cost": 666.6666666666667, "overshoot_cost": 56.02721200670859, "power_cost": 22.35248602294922, "noise_cost": 17.84425569355792, "n_waypoints_completed": 3, "tot_waypoints": 9}}
{"target": -728.79746500312, "params": {"k_pid_pos": [0.8741884840572116, 0.6853740035803426, 0.784663424655777], "k_pid_alt": [1.4475230632759628, 0.14095952323864225, 0.5119625524506307], "k_pid_att": [31.98534165094187, 1.2711493772135298, 0.9376855259127458], "k_pid_yaw": [0.5, 1e-06, 0.1], "k_pid_hsp": [6.964491157256685, 0.26611828653137404, 0.8832158172673218], "k_pid_vsp": [336.30482559402657, 286.3439656644695, 248.39459858261327]}, "datetime": {"datetime": "2025-08-21 10:54:06", "elapsed": 7762.709219455719, "delta": 24.031906366348267}, "costs": {"total_cost": 728.79746500312, "time_cost": 150, "final_distance_cost": 67.8943754896608, "oscillation_cost": 207.78705304358877, "completition_cost": 222.2222222222222, "overshoot_cost": 50.94759760836823, "power_cost": 16.696050585937503, "noise_cost": 13.250166053342427, "n_waypoints_completed": 7, "tot_waypoints": 9}}
{"target": -1651.7215445458571, "params": {"k_pid_pos": [0.13425189058068843, 0.16528415808395358, 0.44688947177561267], "k_pid_alt": [0.2139131873855702, 0.8158075488164584, 0.5348865755368081], "k_pid_att": [62.1497734892517, 0.8249740083862678, 0.7495773364051201], "k_pid_yaw": [0.5, 1e-06, 0.1], "k_pid_hsp": [3.8238733123795785, 0.18437466410248993, 0.29521389069372983], "k_pid_vsp": [327.8360349198321, 127.25364286192269, 20.986047307709068]}, "datetime": {"datetime": "2025-08-21 10:54:30", "elapsed": 7786.856250524521, "delta": 24.14703106880188}, "costs": {"total_cost": 1651.7215445458571, "time_cost": 150, "final_distance_cost": 30.7442414056224, "oscillation_cost": 411.0504431336607, "completition_cost": 1000.0, "overshoot_cost": 30.419460553360825, "power_cost": 16.016475439453124, "noise_cost": 13.490924013760244, "n_waypoints_completed": 0, "tot_waypoints": 9}}
{"target": -1382.9142918824034, "params": {"k_pid_pos": [0.204917166120793, 0.5765091211483672, 0.5849659951601978], "k_pid_alt": [0.6051877989101098, 0.2604332322725217, 0.539625530707717], "k_pid_att": [91.39483021417053, 0.6236328032467012, 0.6320889379334614], "k_pid_yaw": [0.5, 1e-06, 0.1], "k_pid_hsp": [4.078068039475735, 0.6716633304039316, 0.5663082364669115], "k_pid_vsp": [153.20191488308424, 173.25537116183204, 210.96741073172515]}, "datetime": {"datetime": "2025-08-21 10:54:53", "elapsed": 7809.886683940887, "delta": 23.030433416366577}, "costs": {"total_cost": 1382.9142918824034, "time_cost": 150, "final_distance_cost": 99.80355863258322, "oscillation_cost": 274.66959035468386, "completition_cost": 777.7777777777778, "overshoot_cost": 45.27559725096374, "power_cost": 19.55814561767578, "noise_cost": 15.829622248719032, "n_waypoints_completed": 2, "tot_waypoints": 9}}
{"target": -831.4326708388479, "params": {"k_pid_pos": [1.3549684277766338, 0.4088959801779969, 0.9674985463611063], "k_pid_alt": [0.44363476375112376, 0.5293611471750839, 0.5565883193661342], "k_pid_att": [72.09684004482811, 7.825437953977798, 0.9604638608652885], "k_pid_yaw": [0.5, 1e-06, 0.1], "k_pid_hsp": [7.802734317876029, 0.8808889136620511, 0.3291213999193283], "k_pid_vsp": [233.935265602322, 331.9675837403755, 263.73446229091576]}, "datetime": {"datetime": "2025-08-21 10:55:18", "elapsed": 7834.990051031113, "delta": 25.10336709022522}, "costs": {"total_cost": 831.4326708388479, "time_cost": 150, "final_distance_cost": 71.56052698732306, "oscillation_cost": 293.2583269382823, "completition_cost": 222.2222222222222, "overshoot_cost": 53.70075693095461, "power_cost": 23.534945422363283, "noise_cost": 17.1558923377024, "n_waypoints_completed": 7, "tot_waypoints": 9}}
{"target": -945.9785530237474, "params": {"k_pid_pos": [0.3453824023395928, 0.3144989342435638, 0.4281030334862074], "k_pid_alt": [1.4539370054816005, 0.5021721284296422, 0.057268594651030624], "k_pid_att": [86.99034773496369, 3.8617985824397687, 0.7603538507310538], "k_pid_yaw": [0.5, 1e-06, 0.1], "k_pid_hsp": [2.6001306290553208, 0.7653924855264269, 0.35683572591201074], "k_pid_vsp": [346.9665789096013, 259.5337687432624, 253.29172352419505]}, "datetime": {"datetime": "2025-08-21 10:55:41", "elapsed": 7857.693383932114, "delta": 22.703332901000977}, "costs": {"total_cost": 945.9785530237474, "time_cost": 150, "final_distance_cost": 73.32886010897944, "oscillation_cost": 304.1849967046332, "completition_cost": 333.33333333333337, "overshoot_cost": 48.76252696311328, "power_cost": 20.599174060058594, "noise_cost": 15.7696618536296, "n_waypoints_completed": 6, "tot_waypoints": 9}}
{"target": -1593.5829907775535, "params": {"k_pid_pos": [1.5395296085895698, 0.14211457682271844, 0.6109671579552538], "k_pid_alt": [1.5262544263411948, 0.342872738738096, 0.37788341445936846], "k_pid_att": [69.5179730742241, 4.9522233246434935, 0.6558727285915531], "k_pid_yaw": [0.5, 1e-06, 0.1], "k_pid_hsp": [3.9621989666157207, 0.46732175153555333, 0.6877977674790433], "k_pid_vsp": [137.35813358746404, 4.549085883675082, 286.3089216818797]}, "datetime": {"datetime": "2025-08-21 10:56:04", "elapsed": 7881.190290927887, "delta": 23.496906995773315}, "costs": {"total_cost": 1593.5829907775535, "time_cost": 150, "final_distance_cost": 60.59688393359314, "oscillation_cost": 438.4984435348031, "completition_cost": 777.7777777777778, "overshoot_cost": 110.63830033878487, "power_cost": 21.684103869628906, "noise_cost": 34.387481322965776, "n_waypoints_completed": 2, "tot_waypoints": 9}}
{"target": -1446.9149661832564, "params": {"k_pid_pos": [0.12293966536085808, 0.5308243556271203, 0.9797098779188945], "k_pid_alt": [0.8731474334192515, 0.3560264402303164, 0.49599966699500286], "k_pid_att": [36.48429845873938, 7.440756592269211, 0.05948581458039626], "k_pid_yaw": [0.5, 1e-06, 0.1], "k_pid_hsp": [7.772319019311798, 0.3208777917958928, 0.29544809136539185], "k_pid_vsp": [261.34111863016636, 54.82887519952814, 341.14431300475394]}, "datetime": {"datetime": "2025-08-21 10:56:27", "elapsed": 7904.325560331345, "delta": 23.13526940345764}, "costs": {"total_cost": 1446.9149661832564, "time_cost": 150, "final_distance_cost": 87.60735301630484, "oscillation_cost": 358.7108687207006, "completition_cost": 777.7777777777778, "overshoot_cost": 40.17270334053715, "power_cost": 17.527788415527343, "noise_cost": 15.118474912408772, "n_waypoints_completed": 2, "tot_waypoints": 9}}
{"target": -1473.3794013141578, "params": {"k_pid_pos": [1.9592828826951563, 0.5177230809756262, 0.07377459667907305], "k_pid_alt": [0.49621170993356056, 0.48332187834119356, 0.8307884533974778], "k_pid_att": [15.514090198308217, 5.064975512685111, 0.6482395038709691], "k_pid_yaw": [0.5, 1e-06, 0.1], "k_pid_hsp": [2.6134034393423207, 0.615740643702126, 0.19433706869208978], "k_pid_vsp": [42.24790063084703, 144.96199444455445, 167.14433267262388]}, "datetime": {"datetime": "2025-08-21 10:56:51", "elapsed": 7927.566494941711, "delta": 23.24093461036682}, "costs": {"total_cost": 1473.3794013141578, "time_cost": 150, "final_distance_cost": 56.95429511385446, "oscillation_cost": 221.8538664637774, "completition_cost": 888.8888888888888, "overshoot_cost": 105.27968878904714, "power_cost": 19.127387060546877, "noise_cost": 31.2752749980431, "n_waypoints_completed": 1, "tot_waypoints": 9}}
{"target": -867.925491601841, "params": {"k_pid_pos": [1.481195295437418, 0.3120530825529172, 0.3594085598619374], "k_pid_alt": [1.0627583681847004, 0.20307838882454754, 0.45651246168433934], "k_pid_att": [34.55511233091051, 2.1408133623976697, 0.3123801060818142], "k_pid_yaw": [0.5, 1e-06, 0.1], "k_pid_hsp": [5.835247171018222, 0.33483269979500563, 0.9799522610722632], "k_pid_vsp": [8.47049738538903, 247.10036680505408, 148.0258221456884]}, "datetime": {"datetime": "2025-08-21 10:57:14", "elapsed": 7950.904064178467, "delta": 23.33756923675537}, "costs": {"total_cost": 867.925491601841, "time_cost": 150, "final_distance_cost": 63.96218538049018, "oscillation_cost": 227.33763357855653, "completition_cost": 333.33333333333337, "overshoot_cost": 61.47084549329222, "power_cost": 16.755148779296874, "noise_cost": 15.066345036871832, "n_waypoints_completed": 6, "tot_waypoints": 9}}
{"target": -1160.6182275665842, "params": {"k_pid_pos": [1.6400771513996404, 0.6395876882149835, 0.20218060137280613], "k_pid_alt": [1.26574449040171, 0.5768336421164381, 0.18829955988043345], "k_pid_att": [83.79656544795562, 4.407920502048394, 0.7937912597755977], "k_pid_yaw": [0.5, 1e-06, 0.1], "k_pid_hsp": [0.6809759182283944, 0.01403186186513461, 0.34637854079442876], "k_pid_vsp": [80.13466771169058, 236.15394209251247, 201.41487569568247]}, "datetime": {"datetime": "2025-08-21 10:57:37", "elapsed": 7974.3039808273315, "delta": 23.399916648864746}, "costs": {"total_cost": 1160.6182275665842, "time_cost": 150, "final_distance_cost": 71.20290478371194, "oscillation_cost": 161.90428222253607, "completition_cost": 666.6666666666667, "overshoot_cost": 69.28547461596844, "power_cost": 23.55282645263672, "noise_cost": 18.006072825064237, "n_waypoints_completed": 3, "tot_waypoints": 9}}
{"target": -1761.1101594917068, "params": {"k_pid_pos": [0.8181944174751669, 0.7859687563534143, 0.7883556880152436], "k_pid_alt": [1.298193312569227, 0.4880222423725755, 0.805027027004127], "k_pid_att": [37.39641787290613, 3.321733376368601, 0.916103754982266], "k_pid_yaw": [0.5, 1e-06, 0.1], "k_pid_hsp": [8.7188211200285, 0.9311504227038139, 0.3793464541291226], "k_pid_vsp": [181.17995639202542, 321.5528854602065, 359.7449225524524]}, "datetime": {"datetime": "2025-08-21 10:58:01", "elapsed": 7997.803117275238, "delta": 23.499136447906494}, "costs": {"total_cost": 1761.1101594917068, "time_cost": 150, "final_distance_cost": 2.3511358232995128, "oscillation_cost": 398.2861824194041, "completition_cost": 1000.0, "overshoot_cost": 131.09118923835067, "power_cost": 22.570379919433595, "noise_cost": 56.81127209121881, "n_waypoints_completed": 0, "tot_waypoints": 9}}
