{"target": -881.5185836201248, "params": {"k_pid_pos": [1.231836203619716, 0.06962512851068481, 0.8872565269785186], "k_pid_alt": [1.9168756869360883, 0.09798040349681825, 0.12300544726217821], "k_pid_att": [74.30905294435544, 8.691128013165137, 0.33843210337683294], "k_pid_yaw": [0.5, 1e-06, 0.1], "k_pid_hsp": [2.8254611156269207, 0.6385153567554813, 0.7302154082734759], "k_pid_vsp": [362.5819284106219, 390.96614681333864, 58.116849021107534]}, "datetime": {"datetime": "2025-08-21 14:43:31", "elapsed": 21528.22765660286, "delta": 25.754173040390015}, "costs": {"total_cost": 881.5185836201248, "time_cost": 150, "final_distance_cost": 66.39484656135207, "oscillation_cost": 367.75758648795005, "completition_cost": 222.2222222222222, "overshoot_cost": 42.26179982128075, "power_cost": 18.445655590820312, "noise_cost": 14.43647293649945, "n_waypoints_completed": 7, "tot_waypoints": 9}}
{"target": -2747.4017369764383, "params": {"k_pid_pos": [0.7858910091077491, 0.6132161554643217, 0.021272690175127118], "k_pid_alt": [1.3134462157556028, 0.029914525565291283, 0.8978186288428434], "k_pid_att": [0.5896504384917622, 8.011038119222514, 0.5318493390707095], "k_pid_yaw": [0.5, 1e-06, 0.1], "k_pid_hsp": [5.121762570800269, 0.028912559299457796, 0.674249547512154], "k_pid_vsp": [363.2614132298677, 282.8880870862662, 110.73818683280028]}, "datetime": {"datetime": "2025-08-21 14:43:57", "elapsed": 21554.395038604736, "delta": 26.16738200187683}, "costs": {"total_cost": 2747.4017369764383, "time_cost": 150, "final_distance_cost": 185.87793185900142, "oscillation_cost": 993.8020420983736, "completition_cost": 1000.0, "overshoot_cost": 291.7360360624913, "power_cost": 34.027133850097655, "noise_cost": 91.9585931064744, "n_waypoints_completed": 0, "tot_waypoints": 9}}
{"target": -1012.7085974263567, "params": {"k_pid_pos": [0.9726023846452176, 0.9138053005343749, 0.2519825894189205], "k_pid_alt": [1.3111085207706128, 0.9753625706719634, 0.43975714862712223], "k_pid_att": [8.968921869080615, 4.280619084564354, 0.6837764073369595], "k_pid_yaw": [0.5, 1e-06, 0.1], "k_pid_hsp": [8.158189483027234, 0.5394696036286791, 0.98076968131227], "k_pid_vsp": [162.56958548901466, 392.4125104070812, 153.95448763443068]}, "datetime": {"datetime": "2025-08-21 14:44:23", "elapsed": 21580.418980121613, "delta": 26.02394151687622}, "costs": {"total_cost": 1012.7085974263567, "time_cost": 150, "final_distance_cost": 34.20127636571901, "oscillation_cost": 168.94721703169114, "completition_cost": 555.5555555555555, "overshoot_cost": 59.59751863766815, "power_cost": 25.465401782226564, "noise_cost": 18.941628053496427, "n_waypoints_completed": 4, "tot_waypoints": 9}}
{"target": -1080.996755335832, "params": {"k_pid_pos": [1.9793484373077088, 0.5118538760087208, 0.4130432362527783], "k_pid_alt": [0.521332596077777, 0.537179924254112, 0.8849772828811768], "k_pid_att": [58.09895814669811, 0.043922048246642836, 0.4538662104848925], "k_pid_yaw": [0.5, 1e-06, 0.1], "k_pid_hsp": [5.567199538530875, 0.21767216702236014, 0.8536895787248093], "k_pid_vsp": [290.69080742300855, 154.6401085877113, 250.53674154331478]}, "datetime": {"datetime": "2025-08-21 14:44:50", "elapsed": 21606.659133195877, "delta": 26.240153074264526}, "costs": {"total_cost": 1080.996755335832, "time_cost": 150, "final_distance_cost": 53.70196639112117, "oscillation_cost": 223.3421251171419, "completition_cost": 555.5555555555555, "overshoot_cost": 56.588226974705435, "power_cost": 24.42144440917969, "noise_cost": 17.38743688812815, "n_waypoints_completed": 4, "tot_waypoints": 9}}
{"target": -1069.0942759459851, "params": {"k_pid_pos": [1.3947620686635587, 0.32283359931686084, 0.38913796785765775], "k_pid_alt": [0.04611774490886833, 0.5396340913480439, 0.0689442888173003], "k_pid_att": [42.845454695482466, 1.6284857823243848, 0.13502714668252402], "k_pid_yaw": [0.5, 1e-06, 0.1], "k_pid_hsp": [4.079428685480877, 0.7112793186287306, 0.6699287612683033], "k_pid_vsp": [60.78257416361574, 285.84887875976307, 124.24037241702517]}, "datetime": {"datetime": "2025-08-21 14:45:15", "elapsed": 21632.269188642502, "delta": 25.610055446624756}, "costs": {"total_cost": 1069.0942759459851, "time_cost": 150, "final_distance_cost": 43.36044728031313, "oscillation_cost": 229.47131872915597, "completition_cost": 555.5555555555555, "overshoot_cost": 55.96130806919701, "power_cost": 18.823493725585937, "noise_cost": 15.922152586177729, "n_waypoints_completed": 4, "tot_waypoints": 9}}
{"target": -1431.9749903957784, "params": {"k_pid_pos": [0.22070019818139586, 0.5050378634873093, 0.9819850966748862], "k_pid_alt": [1.3409308934162045, 0.5016591354940128, 0.5870682599498045], "k_pid_att": [46.892866924795996, 3.182138475245471, 0.6774326853574503], "k_pid_yaw": [0.5, 1e-06, 0.1], "k_pid_hsp": [9.121679070315041, 0.7155134070508554, 0.6747320899312612], "k_pid_vsp": [252.24611579464923, 370.72452954901894, 263.987903239058]}, "datetime": {"datetime": "2025-08-21 14:45:43", "elapsed": 21660.079117298126, "delta": 27.80992865562439}, "costs": {"total_cost": 1431.9749903957784, "time_cost": 150, "final_distance_cost": 87.44625707528584, "oscillation_cost": 349.5615640789457, "completition_cost": 777.7777777777778, "overshoot_cost": 34.17126738056284, "power_cost": 18.185757470703127, "noise_cost": 14.83236661250309, "n_waypoints_completed": 2, "tot_waypoints": 9}}
{"target": -1691.8418844727119, "params": {"k_pid_pos": [1.671129151361655, 0.7791631010030762, 0.6901228350234295], "k_pid_alt": [1.0006272261615847, 0.9978527374883275, 0.31861583356050016], "k_pid_att": [22.94795282822185, 3.240999980989965, 0.6231878430369192], "k_pid_yaw": [0.5, 1e-06, 0.1], "k_pid_hsp": [3.347380467091686, 0.7300431614546087, 0.6024817211018415], "k_pid_vsp": [213.65134318406206, 146.9494255202755, 391.77816079595755]}, "datetime": {"datetime": "2025-08-21 14:46:10", "elapsed": 21686.464356422424, "delta": 26.385239124298096}, "costs": {"total_cost": 1691.8418844727119, "time_cost": 150, "final_distance_cost": 1.8007397249816222, "oscillation_cost": 330.30803780434775, "completition_cost": 1000.0, "overshoot_cost": 130.77718111181363, "power_cost": 21.683854101562503, "noise_cost": 57.27207173000623, "n_waypoints_completed": 0, "tot_waypoints": 9}}
{"target": -1062.1727561222247, "params": {"k_pid_pos": [0.4352355489129565, 0.2634395630227523, 0.4436884114544887], "k_pid_alt": [1.9697360507378407, 0.40367152441735543, 0.4156121796886103], "k_pid_att": [31.672465443372012, 0.06877822466896756, 0.28191956745111346], "k_pid_yaw": [0.5, 1e-06, 0.1], "k_pid_hsp": [9.538137535652012, 0.13401466803285356, 0.4216394983683369], "k_pid_vsp": [166.00704583651722, 134.7731024573316, 213.1188211390386]}, "datetime": {"datetime": "2025-08-21 14:46:35", "elapsed": 21712.40392255783, "delta": 25.939566135406494}, "costs": {"total_cost": 1062.1727561222247, "time_cost": 150, "final_distance_cost": 56.66536529068586, "oscillation_cost": 318.8411669678109, "completition_cost": 444.4444444444444, "overshoot_cost": 53.60103083422998, "power_cost": 22.06681373291016, "noise_cost": 16.5539348521434, "n_waypoints_completed": 5, "tot_waypoints": 9}}
{"target": -1524.7763727617096, "params": {"k_pid_pos": [0.45887891989179636, 0.08243180212885937, 0.7735888171193278], "k_pid_alt": [1.421726842416513, 0.10999973628068382, 0.21230964065813696], "k_pid_att": [54.12927665912791, 5.799005861478317, 0.40096978017881624], "k_pid_yaw": [0.5, 1e-06, 0.1], "k_pid_hsp": [8.151079535194722, 0.85005271630639, 0.5912098565096267], "k_pid_vsp": [82.4899117152262, 364.3004210569966, 375.81676564355695]}, "datetime": {"datetime": "2025-08-21 14:47:03", "elapsed": 21740.292500019073, "delta": 27.888577461242676}, "costs": {"total_cost": 1524.7763727617096, "time_cost": 150, "final_distance_cost": 134.35915807582276, "oscillation_cost": 423.27951046501477, "completition_cost": 666.6666666666667, "overshoot_cost": 115.41034785233384, "power_cost": 19.44286944580078, "noise_cost": 15.617820256070727, "n_waypoints_completed": 3, "tot_waypoints": 9}}
{"target": -1149.7170443208613, "params": {"k_pid_pos": [1.1993809012716083, 0.7614092242178953, 0.46849376627885475], "k_pid_alt": [1.4340604195698081, 0.9728615552903063, 0.8773236021006703], "k_pid_att": [72.18185523970857, 5.7288656952564745, 0.5655105004970727], "k_pid_yaw": [0.5, 1e-06, 0.1], "k_pid_hsp": [1.7529644306348398, 0.7771458351254895, 0.7980916170348343], "k_pid_vsp": [2.405839327574766, 361.7951743959052, 110.61503418479198]}, "datetime": {"datetime": "2025-08-21 14:47:29", "elapsed": 21766.053627967834, "delta": 25.761127948760986}, "costs": {"total_cost": 1149.7170443208613, "time_cost": 150, "final_distance_cost": 55.314536665604464, "oscillation_cost": 184.15028619846817, "completition_cost": 666.6666666666667, "overshoot_cost": 56.66403210690464, "power_cost": 21.12105966796875, "noise_cost": 15.800463015248537, "n_waypoints_completed": 3, "tot_waypoints": 9}}
{"target": -428.3527128082323, "params": {"k_pid_pos": [0.6012030737618691, 0.7376262678195549, 0.1761885699679091], "k_pid_alt": [0.9747655519595959, 0.01802415628317977, 0.8951720016426805], "k_pid_att": [21.646029298974224, 5.123266958185403, 0.13191002844505295], "k_pid_yaw": [0.5, 1e-06, 0.1], "k_pid_hsp": [7.599160219736646, 0.694570691888065, 0.4686964021737311], "k_pid_vsp": [384.0163351342981, 252.19747496342256, 122.30589374802464]}, "datetime": {"datetime": "2025-08-21 14:47:55", "elapsed": 21792.12537932396, "delta": 26.071751356124878}, "costs": {"total_cost": 428.3527128082323, "time_cost": 98.312, "final_distance_cost": 1.7159018012536922, "oscillation_cost": 236.92299955326578, "completition_cost": 0.0, "overshoot_cost": 55.40667463977134, "power_cost": 20.71134373779297, "noise_cost": 15.28379307614852, "n_waypoints_completed": 9, "tot_waypoints": 9}}
{"target": -1498.4785061216023, "params": {"k_pid_pos": [1.1735376489467346, 0.2722417142691401, 0.7470821725175444], "k_pid_alt": [0.8340745116905721, 0.385557272024209, 0.4782518126497447], "k_pid_att": [1.1386464907070626, 2.9790476736285316, 0.4422265972595275], "k_pid_yaw": [0.5, 1e-06, 0.1], "k_pid_hsp": [2.7608774417064033, 0.4258121229200108, 0.4192255542854303], "k_pid_vsp": [292.93824074838477, 376.1010850699902, 287.89860458517774]}, "datetime": {"datetime": "2025-08-21 14:48:21", "elapsed": 21817.842588186264, "delta": 25.717208862304688}, "costs": {"total_cost": 1498.4785061216023, "time_cost": 150, "final_distance_cost": 80.7594700855017, "oscillation_cost": 282.50119423443977, "completition_cost": 888.8888888888888, "overshoot_cost": 44.58052904430809, "power_cost": 30.768010083007812, "noise_cost": 20.98041378545622, "n_waypoints_completed": 1, "tot_waypoints": 9}}
{"target": -1196.3425714668556, "params": {"k_pid_pos": [0.08179416018394191, 0.33085444988801793, 0.484211631364037], "k_pid_alt": [1.1535467480123467, 0.12286712107990816, 0.4053594709428219], "k_pid_att": [36.43884695841102, 0.13940743563150135, 0.3695096955262277], "k_pid_yaw": [0.5, 1e-06, 0.1], "k_pid_hsp": [1.8159242519862535, 0.19223576955336663, 0.031487269366842985], "k_pid_vsp": [190.03874566985587, 17.223642395778885, 266.7298375179323]}, "datetime": {"datetime": "2025-08-21 14:48:46", "elapsed": 21843.34531354904, "delta": 25.50272536277771}, "costs": {"total_cost": 1196.3425714668556, "time_cost": 150, "final_distance_cost": 79.77027065436127, "oscillation_cost": 80.6184603998946, "completition_cost": 777.7777777777778, "overshoot_cost": 76.00381625899949, "power_cost": 16.29875966796875, "noise_cost": 15.87348670785351, "n_waypoints_completed": 2, "tot_waypoints": 9}}
{"target": -672.1874354553213, "params": {"k_pid_pos": [0.3887959263608978, 0.918144817119867, 0.4590990852108561], "k_pid_alt": [1.017981440233644, 0.7518001058727501, 0.6186824055254421], "k_pid_att": [18.503410965976876, 6.555158363475699, 0.3902704188328727], "k_pid_yaw": [0.5, 1e-06, 0.1], "k_pid_hsp": [9.08158400119155, 0.7311904603782574, 0.07507854464779418], "k_pid_vsp": [222.128167760938, 259.6729117579748, 37.31290200781927]}, "datetime": {"datetime": "2025-08-21 14:49:14", "elapsed": 21871.349863290787, "delta": 28.004549741744995}, "costs": {"total_cost": 672.1874354553213, "time_cost": 150, "final_distance_cost": 72.99266425700637, "oscillation_cost": 152.9901852727649, "completition_cost": 222.2222222222222, "overshoot_cost": 43.336546364796945, "power_cost": 17.25993399658203, "noise_cost": 13.38588334194879, "n_waypoints_completed": 7, "tot_waypoints": 9}}
{"target": -830.0042705058885, "params": {"k_pid_pos": [1.5047584552970166, 0.310983471064323, 0.859480491776939], "k_pid_alt": [0.1896842664759737, 0.5821037940979098, 0.6747644961549032], "k_pid_att": [60.85987758102158, 9.834512856798414, 0.4403506513001342], "k_pid_yaw": [0.5, 1e-06, 0.1], "k_pid_hsp": [9.071588073072471, 0.5479112542265091, 0.6276595374760657], "k_pid_vsp": [47.35575129755891, 121.79424174378867, 5.677114917451666]}, "datetime": {"datetime": "2025-08-21 14:49:42", "elapsed": 21899.388543128967, "delta": 28.038679838180542}, "costs": {"total_cost": 830.0042705058885, "time_cost": 150, "final_distance_cost": 78.25865389468154, "oscillation_cost": 283.8720524698974, "completition_cost": 222.2222222222222, "overshoot_cost": 53.80138014907896, "power_cost": 24.02769001464844, "noise_cost": 17.822271755360017, "n_waypoints_completed": 7, "tot_waypoints": 9}}
{"target": -1593.5271159618562, "params": {"k_pid_pos": [0.18451365437898046, 0.5320476209971142, 0.18988161640430534], "k_pid_alt": [1.1297393776346476, 0.18300419929057654, 0.24283287254220254], "k_pid_att": [30.31526668049097, 7.122315374113303, 0.689234040120426], "k_pid_yaw": [0.5, 1e-06, 0.1], "k_pid_hsp": [4.47411266823463, 0.12473707929629907, 0.4804356457934085], "k_pid_vsp": [216.27462345965264, 75.71141482037824, 375.6094289860454]}, "datetime": {"datetime": "2025-08-21 14:50:09", "elapsed": 21925.761790513992, "delta": 26.373247385025024}, "costs": {"total_cost": 1593.5271159618562, "time_cost": 150, "final_distance_cost": 10.258684936978627, "oscillation_cost": 210.2433444944276, "completition_cost": 1000.0, "overshoot_cost": 132.47925725448485, "power_cost": 28.278831201171876, "noise_cost": 62.26699807479323, "n_waypoints_completed": 0, "tot_waypoints": 9}}
{"target": -817.8292170355028, "params": {"k_pid_pos": [0.8440643205827016, 0.7503547267837426, 0.2029203818717683], "k_pid_alt": [1.0116447790117402, 0.06181400603022913, 0.01648799831488723], "k_pid_att": [5.660240814437312, 9.004999171007876, 0.5593576572646372], "k_pid_yaw": [0.5, 1e-06, 0.1], "k_pid_hsp": [1.7066834791569252, 0.2327372639785421, 0.9334640947311065], "k_pid_vsp": [390.34659051917686, 105.86044891002858, 157.52440385304067]}, "datetime": {"datetime": "2025-08-21 14:50:35", "elapsed": 21951.501173257828, "delta": 25.73938274383545}, "costs": {"total_cost": 817.8292170355028, "time_cost": 150, "final_distance_cost": 67.99293114567166, "oscillation_cost": 178.90451972665664, "completition_cost": 333.33333333333337, "overshoot_cost": 55.575644663977336, "power_cost": 18.49841749267578, "noise_cost": 13.52437067318808, "n_waypoints_completed": 6, "tot_waypoints": 9}}
{"target": -1263.0429604024987, "params": {"k_pid_pos": [0.09910578707515179, 0.22033598233853657, 0.30834368978123183], "k_pid_alt": [1.8433563692899564, 0.12413924866072712, 0.4352022602830802], "k_pid_att": [24.733209355630905, 9.479888636281162, 0.5194480729402569], "k_pid_yaw": [0.5, 1e-06, 0.1], "k_pid_hsp": [7.61341333557409, 0.9846944617343962, 0.9822473213799697], "k_pid_vsp": [215.86125026882303, 87.76124812253765, 205.0969761157869]}, "datetime": {"datetime": "2025-08-21 14:51:00", "elapsed": 21977.421775341034, "delta": 25.920602083206177}, "costs": {"total_cost": 1263.0429604024987, "time_cost": 150, "final_distance_cost": 52.16905409174744, "oscillation_cost": 301.52922337130224, "completition_cost": 666.6666666666667, "overshoot_cost": 59.99554613023049, "power_cost": 18.055353942871093, "noise_cost": 14.62711619968075, "n_waypoints_completed": 3, "tot_waypoints": 9}}
{"target": -425.11813908045457, "params": {"k_pid_pos": [1.2141557417036395, 0.09281016030222633, 0.8917573323260042], "k_pid_alt": [1.6312717284712566, 0.6391306962557175, 0.7179854809960099], "k_pid_att": [29.29750312108681, 4.3753695593372885, 0.7855071966319592], "k_pid_yaw": [0.5, 1e-06, 0.1], "k_pid_hsp": [4.518106898007337, 0.22387112276246535, 0.7421298383717849], "k_pid_vsp": [331.78820463611265, 206.19619780910142, 32.56133482245444]}, "datetime": {"datetime": "2025-08-21 14:51:24", "elapsed": 22001.108902215958, "delta": 23.687126874923706}, "costs": {"total_cost": 425.11813908045457, "time_cost": 89.34400000000001, "final_distance_cost": 1.750230482949535, "oscillation_cost": 245.77140388385752, "completition_cost": 0.0, "overshoot_cost": 54.292097855812884, "power_cost": 19.602629711914062, "noise_cost": 14.357777145920576, "n_waypoints_completed": 9, "tot_waypoints": 9}}
{"target": -580.7802427846001, "params": {"k_pid_pos": [1.863599338240039, 0.10750601313685226, 0.20804889207169386], "k_pid_alt": [0.2827186259294632, 0.37191305181458456, 0.1136829368471729], "k_pid_att": [48.28030742143288, 7.589357918443316, 0.9969681419539321], "k_pid_yaw": [0.5, 1e-06, 0.1], "k_pid_hsp": [8.3675686563484, 0.7251687323567256, 0.8448426926385436], "k_pid_vsp": [170.83831865471012, 245.71325800717895, 20.800737300403675]}, "datetime": {"datetime": "2025-08-21 14:51:52", "elapsed": 22029.393515110016, "delta": 28.284612894058228}, "costs": {"total_cost": 580.7802427846001, "time_cost": 150, "final_distance_cost": 30.60502381888787, "oscillation_cost": 190.78849949915022, "completition_cost": 111.11111111111116, "overshoot_cost": 60.50925834182639, "power_cost": 21.798056311035158, "noise_cost": 15.96829370258933, "n_waypoints_completed": 8, "tot_waypoints": 9}}
{"target": -1161.1595106803713, "params": {"k_pid_pos": [1.632196213699123, 0.06454102239714232, 0.18569685932579405], "k_pid_alt": [1.5957014561113083, 0.5124221914863514, 0.619454403901136], "k_pid_att": [2.864743447510809, 3.5380911030688895, 0.9942042021512919], "k_pid_yaw": [0.5, 1e-06, 0.1], "k_pid_hsp": [9.039181591532937, 0.30860679326200724, 0.045411683336721076], "k_pid_vsp": [72.65831792056035, 149.67649084122357, 128.98581919146932]}, "datetime": {"datetime": "2025-08-21 14:52:20", "elapsed": 22057.406622171402, "delta": 28.01310706138611}, "costs": {"total_cost": 1161.1595106803713, "time_cost": 150, "final_distance_cost": 51.301785728808284, "oscillation_cost": 187.7414828077447, "completition_cost": 666.6666666666667, "overshoot_cost": 54.01208673750887, "power_cost": 29.256997961425782, "noise_cost": 22.180490778216733, "n_waypoints_completed": 3, "tot_waypoints": 9}}
{"target": -1265.1422556870536, "params": {"k_pid_pos": [1.6098376710937916, 0.18559896650477925, 0.41751487732014125], "k_pid_alt": [0.015476012829881869, 0.03313232261511845, 0.4833827648311444], "k_pid_att": [64.19014816677871, 1.0994146167579069, 0.34462728981453017], "k_pid_yaw": [0.5, 1e-06, 0.1], "k_pid_hsp": [7.373969496660688, 0.042220416003871386, 0.9842880271329949], "k_pid_vsp": [120.32440753192866, 259.8457246733112, 36.3367724332367]}, "datetime": {"datetime": "2025-08-21 14:52:46", "elapsed": 22083.25173187256, "delta": 25.845109701156616}, "costs": {"total_cost": 1265.1422556870536, "time_cost": 150, "final_distance_cost": 56.80164759561263, "oscillation_cost": 291.0738575276553, "completition_cost": 666.6666666666667, "overshoot_cost": 64.58151639614601, "power_cost": 20.16824559326172, "noise_cost": 15.850321907711397, "n_waypoints_completed": 3, "tot_waypoints": 9}}
{"target": -1425.4348973248161, "params": {"k_pid_pos": [0.995935309377133, 0.4710520313724864, 0.8661062476528563], "k_pid_alt": [1.4575509545777356, 0.2740206382874395, 0.9537315001001444], "k_pid_att": [42.661351802241875, 9.271625461352386, 0.4409280163454512], "k_pid_yaw": [0.5, 1e-06, 0.1], "k_pid_hsp": [0.23493186683259448, 0.5974319030504313, 0.6786935505119375], "k_pid_vsp": [381.70304358320635, 127.97731691242846, 350.4594684295598]}, "datetime": {"datetime": "2025-08-21 14:53:12", "elapsed": 22109.382249355316, "delta": 26.13051748275757}, "costs": {"total_cost": 1425.4348973248161, "time_cost": 150, "final_distance_cost": 81.3745592341815, "oscillation_cost": 422.34576307452335, "completition_cost": 666.6666666666667, "overshoot_cost": 69.94683053988076, "power_cost": 19.965667138671876, "noise_cost": 15.135410670891725, "n_waypoints_completed": 3, "tot_waypoints": 9}}
{"target": -723.1402246007864, "params": {"k_pid_pos": [1.3146977442195216, 0.7978323185475841, 0.5416726408556229], "k_pid_alt": [1.2716126202107192, 0.17748920411701408, 0.31737769133040994], "k_pid_att": [49.701298298652866, 0.8755470986297842, 0.16024399287885427], "k_pid_yaw": [0.5, 1e-06, 0.1], "k_pid_hsp": [7.387175021124257, 0.5934412033123879, 0.9610894493288583], "k_pid_vsp": [156.35458128032263, 344.5875281841015, 14.272040190354607]}, "datetime": {"datetime": "2025-08-21 14:53:42", "elapsed": 22138.543340682983, "delta": 29.161091327667236}, "costs": {"total_cost": 723.1402246007864, "time_cost": 150, "final_distance_cost": 70.86907810008724, "oscillation_cost": 198.2962793052042, "completition_cost": 222.2222222222222, "overshoot_cost": 43.932611249595546, "power_cost": 21.56487496337891, "noise_cost": 16.255158760298386, "n_waypoints_completed": 7, "tot_waypoints": 9}}
