{"target": -906.6302515552635, "params": {"k_pid_pos": [0.9003609627831838, 0.6219251720297847, 0.7837419555684483], "k_pid_alt": [0.6728365402938801, 0.6303954996758557, 0.8697249057540731], "k_pid_att": [60.87129127256659, 0.6547258231118572, 0.7515476702872701], "k_pid_yaw": [0.5, 1e-06, 0.1], "k_pid_hsp": [4.1607371335121055, 0.23253204085323675, 0.11476997705866765], "k_pid_vsp": [251.8770168443407, 311.4361326986641, 356.5519701429197]}, "datetime": {"datetime": "2025-08-21 12:14:21", "elapsed": 12577.936670303345, "delta": 23.314427375793457}, "costs": {"total_cost": 906.6302515552635, "time_cost": 150, "final_distance_cost": 59.82954437515548, "oscillation_cost": 262.07130824164307, "completition_cost": 333.33333333333337, "overshoot_cost": 53.08354126283946, "power_cost": 27.063671313476565, "noise_cost": 21.248853028815567, "n_waypoints_completed": 6, "tot_waypoints": 9}}
{"target": -609.9743029368094, "params": {"k_pid_pos": [1.490122057667698, 0.7054880587201758, 0.2514524744498674], "k_pid_alt": [0.7093270169811596, 0.7875528562819326, 0.4642376720427941], "k_pid_att": [33.876705650291505, 5.934788494014666, 0.4630556760169223], "k_pid_yaw": [0.5, 1e-06, 0.1], "k_pid_hsp": [7.4553484749865815, 0.5778100517558399, 0.24872206472741387], "k_pid_vsp": [118.91996814288723, 159.67523596294606, 54.31194912161269]}, "datetime": {"datetime": "2025-08-21 12:14:45", "elapsed": 12601.87103009224, "delta": 23.934359788894653}, "costs": {"total_cost": 609.9743029368094, "time_cost": 150, "final_distance_cost": 45.931272061913006, "oscillation_cost": 204.61140099098512, "completition_cost": 111.11111111111116, "overshoot_cost": 60.16702344814794, "power_cost": 22.23889831542969, "noise_cost": 15.91459700922256, "n_waypoints_completed": 8, "tot_waypoints": 9}}
{"target": -1218.7994543260347, "params": {"k_pid_pos": [0.8617876752343611, 0.4993611745231955, 0.4968656405323685], "k_pid_alt": [1.417768488594902, 0.9572897886110601, 0.9764361204054769], "k_pid_att": [26.406236313343523, 7.9554181031270765, 0.5669440517300107], "k_pid_yaw": [0.5, 1e-06, 0.1], "k_pid_hsp": [1.8267227429725441, 0.6053133120676664, 0.7067414101943665], "k_pid_vsp": [323.58269962115554, 18.063860427468025, 256.59978969634864]}, "datetime": {"datetime": "2025-08-21 12:15:08", "elapsed": 12625.198076725006, "delta": 23.327046632766724}, "costs": {"total_cost": 1218.7994543260347, "time_cost": 150, "final_distance_cost": 60.69604533213219, "oscillation_cost": 243.9783733855108, "completition_cost": 666.6666666666667, "overshoot_cost": 55.57039689194583, "power_cost": 23.446987414550783, "noise_cost": 18.440984635228357, "n_waypoints_completed": 3, "tot_waypoints": 9}}
{"target": -1357.8306994494983, "params": {"k_pid_pos": [0.40111003897027037, 0.05150363201708219, 0.025778123648391382], "k_pid_alt": [1.1332844693065482, 0.7326922192233192, 0.9684215517863389], "k_pid_att": [17.55015791806649, 2.3869501836073126, 0.3274358785798227], "k_pid_yaw": [0.5, 1e-06, 0.1], "k_pid_hsp": [4.555679331127875, 0.04482482053967096, 0.14593434648617643], "k_pid_vsp": [230.9027252011168, 87.15818118897064, 337.3280802627783]}, "datetime": {"datetime": "2025-08-21 12:15:32", "elapsed": 12648.635655641556, "delta": 23.437578916549683}, "costs": {"total_cost": 1357.8306994494983, "time_cost": 150, "final_distance_cost": 79.15334999539101, "oscillation_cost": 314.0503486587456, "completition_cost": 666.6666666666667, "overshoot_cost": 113.34484159224267, "power_cost": 20.03880172119141, "noise_cost": 14.576690815260966, "n_waypoints_completed": 3, "tot_waypoints": 9}}
{"target": -1144.5695117209038, "params": {"k_pid_pos": [0.5176005541199212, 0.22580986974158335, 0.34096776022598796], "k_pid_alt": [0.471336381263171, 0.9507400298139859, 0.4471737903215799], "k_pid_att": [96.98524977875178, 2.4799956077198986, 0.7772380321815014], "k_pid_yaw": [0.5, 1e-06, 0.1], "k_pid_hsp": [5.607465947449799, 0.6208824783352125, 0.6731982706417293], "k_pid_vsp": [36.521174128579844, 394.0001519762211, 135.65823827985272]}, "datetime": {"datetime": "2025-08-21 12:15:56", "elapsed": 12672.45318722725, "delta": 23.81753158569336}, "costs": {"total_cost": 1144.5695117209038, "time_cost": 150, "final_distance_cost": 49.446591039468714, "oscillation_cost": 286.15038941468345, "completition_cost": 555.5555555555555, "overshoot_cost": 52.62277281457918, "power_cost": 28.092615161132812, "noise_cost": 22.701587735484225, "n_waypoints_completed": 4, "tot_waypoints": 9}}
{"target": -1082.3796426472281, "params": {"k_pid_pos": [0.8926423974732833, 0.04691659888086208, 0.8452712359183222], "k_pid_alt": [1.5345820753272486, 0.9766427591301943, 0.802118240324448], "k_pid_att": [47.956408483237055, 7.175250865853635, 0.3190792445314562], "k_pid_yaw": [0.5, 1e-06, 0.1], "k_pid_hsp": [7.593217253041688, 0.13997407818377405, 0.8978007590373956], "k_pid_vsp": [311.70315266950405, 154.49137707719802, 366.7868660324635]}, "datetime": {"datetime": "2025-08-21 12:16:20", "elapsed": 12696.93992447853, "delta": 24.48673725128174}, "costs": {"total_cost": 1082.3796426472281, "time_cost": 150, "final_distance_cost": 49.18061586612235, "oscillation_cost": 349.21041841706307, "completition_cost": 444.4444444444444, "overshoot_cost": 49.83420541167323, "power_cost": 21.91662208251953, "noise_cost": 17.79333642540541, "n_waypoints_completed": 5, "tot_waypoints": 9}}
{"target": -2022.0047546938756, "params": {"k_pid_pos": [1.5024474733122413, 0.7147570895584944, 0.876603637870777], "k_pid_alt": [1.0382381248578798, 0.04595064466120147, 0.03744364779602105], "k_pid_att": [1.5643020693719034, 9.850896369656038, 0.8401865384197907], "k_pid_yaw": [0.5, 1e-06, 0.1], "k_pid_hsp": [2.4513187637898004, 0.7862254214776659, 0.7923149040097596], "k_pid_vsp": [393.77399045695, 251.2833172356912, 186.53155951030817]}, "datetime": {"datetime": "2025-08-21 12:16:44", "elapsed": 12720.695799350739, "delta": 23.75587487220764}, "costs": {"total_cost": 2022.0047546938756, "time_cost": 150, "final_distance_cost": 9.206467760460306, "oscillation_cost": 585.4182147779071, "completition_cost": 1000.0, "overshoot_cost": 149.5636364972446, "power_cost": 35.20109169921875, "noise_cost": 92.61534395904492, "n_waypoints_completed": 0, "tot_waypoints": 9}}
{"target": -1022.6228026053248, "params": {"k_pid_pos": [0.5709588905434652, 0.6738733568235197, 0.27647458937171554], "k_pid_alt": [0.351445874654867, 0.17228583289874522, 0.9652022610665905], "k_pid_att": [25.145631808690393, 2.681417243412906, 0.00042980638587486464], "k_pid_yaw": [0.5, 1e-06, 0.1], "k_pid_hsp": [2.3925183880246603, 0.34169937744319856, 0.7314100339223112], "k_pid_vsp": [247.69143262385035, 326.9268060388095, 364.4573783123388]}, "datetime": {"datetime": "2025-08-21 12:17:07", "elapsed": 12744.222993850708, "delta": 23.527194499969482}, "costs": {"total_cost": 1022.6228026053248, "time_cost": 150, "final_distance_cost": 45.42730707765517, "oscillation_cost": 163.0285137641523, "completition_cost": 555.5555555555555, "overshoot_cost": 66.53822370261194, "power_cost": 24.178479040527346, "noise_cost": 17.894723464822437, "n_waypoints_completed": 4, "tot_waypoints": 9}}
{"target": -1285.6156597679746, "params": {"k_pid_pos": [0.05731395031571028, 0.7313901579885173, 0.9057518363411381], "k_pid_alt": [0.36759217214217155, 0.08019443838171358, 0.5396247128968957], "k_pid_att": [68.19567421578829, 4.8778552644457465, 0.9587056797545993], "k_pid_yaw": [0.5, 1e-06, 0.1], "k_pid_hsp": [4.003863917450829, 0.33554716915680816, 0.8473863129085847], "k_pid_vsp": [372.5583259131073, 212.8813712563123, 190.88535062307167]}, "datetime": {"datetime": "2025-08-21 12:17:31", "elapsed": 12768.01408457756, "delta": 23.791090726852417}, "costs": {"total_cost": 1285.6156597679746, "time_cost": 150, "final_distance_cost": 57.214876332172636, "oscillation_cost": 314.14153466891116, "completition_cost": 666.6666666666667, "overshoot_cost": 60.28489917136509, "power_cost": 21.382555114746093, "noise_cost": 15.925127814112889, "n_waypoints_completed": 3, "tot_waypoints": 9}}
{"target": -843.947546817409, "params": {"k_pid_pos": [1.1402104034171596, 0.5939870334687742, 0.5816033205105423], "k_pid_alt": [1.4608993098552165, 0.6376530704379072, 0.429513203595583], "k_pid_att": [41.775401764261375, 0.9606757981776427, 0.34141318612094185], "k_pid_yaw": [0.5, 1e-06, 0.1], "k_pid_hsp": [8.834558963470817, 0.8499155954169084, 0.39097104648350256], "k_pid_vsp": [255.29886199032137, 117.25932835841103, 289.87543323211156]}, "datetime": {"datetime": "2025-08-21 12:17:54", "elapsed": 12791.315671682358, "delta": 23.301587104797363}, "costs": {"total_cost": 843.947546817409, "time_cost": 150, "final_distance_cost": 80.35165606043168, "oscillation_cost": 303.1585404166487, "completition_cost": 222.2222222222222, "overshoot_cost": 53.63687290667651, "power_cost": 19.578755004882815, "noise_cost": 14.999500206547095, "n_waypoints_completed": 7, "tot_waypoints": 9}}
{"target": -958.469619864982, "params": {"k_pid_pos": [0.20189815088841256, 0.7665301109058494, 0.3661826923250089], "k_pid_alt": [1.998677650533373, 0.6929486287646844, 0.21703377443640826], "k_pid_att": [41.41385268048335, 7.470244725982399, 0.7605255308005092], "k_pid_yaw": [0.5, 1e-06, 0.1], "k_pid_hsp": [6.2354030247685195, 0.3858006636957687, 0.2457640772578823], "k_pid_vsp": [388.2392186623345, 82.43782585228608, 347.2074321952792]}, "datetime": {"datetime": "2025-08-21 12:18:19", "elapsed": 12815.963293075562, "delta": 24.647621393203735}, "costs": {"total_cost": 958.469619864982, "time_cost": 150, "final_distance_cost": 58.00431838865956, "oscillation_cost": 205.93932633936055, "completition_cost": 444.4444444444444, "overshoot_cost": 52.82418342768002, "power_cost": 27.03796544189453, "noise_cost": 20.219381822942722, "n_waypoints_completed": 5, "tot_waypoints": 9}}
{"target": -1289.987818194779, "params": {"k_pid_pos": [0.22110594333732322, 0.02853924381400952, 0.26306625341263123], "k_pid_alt": [1.1788826105193124, 0.193791184983639, 0.9697321401415545], "k_pid_att": [32.041516547436984, 6.210867784239572, 0.0847199741097523], "k_pid_yaw": [0.5, 1e-06, 0.1], "k_pid_hsp": [8.864519434473523, 0.8845686595052477, 0.4759564198907148], "k_pid_vsp": [189.30495307374972, 126.95635795232134, 300.4064481833287]}, "datetime": {"datetime": "2025-08-21 12:18:43", "elapsed": 12839.859275341034, "delta": 23.895982265472412}, "costs": {"total_cost": 1289.987818194779, "time_cost": 150, "final_distance_cost": 51.64433039048339, "oscillation_cost": 331.54687855683903, "completition_cost": 666.6666666666667, "overshoot_cost": 47.544957219780684, "power_cost": 23.75156036376953, "noise_cost": 18.83342499723976, "n_waypoints_completed": 3, "tot_waypoints": 9}}
{"target": -1373.0526708516506, "params": {"k_pid_pos": [0.08612328340904135, 0.939591183660591, 0.8595590233683799], "k_pid_alt": [0.483735703690783, 0.38692060224964475, 0.1845066774922406], "k_pid_att": [65.540171916486, 6.6619981304033296, 0.7178625701348564], "k_pid_yaw": [0.5, 1e-06, 0.1], "k_pid_hsp": [6.976782708983293, 0.3179157377743621, 0.35228372174456113], "k_pid_vsp": [309.30939011687235, 85.02530060574959, 198.83703430636854]}, "datetime": {"datetime": "2025-08-21 12:19:07", "elapsed": 12863.468322992325, "delta": 23.609047651290894}, "costs": {"total_cost": 1373.0526708516506, "time_cost": 150, "final_distance_cost": 62.56968848184389, "oscillation_cost": 197.60171633509916, "completition_cost": 888.8888888888888, "overshoot_cost": 35.269737869095664, "power_cost": 22.244536303710937, "noise_cost": 16.47810297301224, "n_waypoints_completed": 1, "tot_waypoints": 9}}
{"target": -1125.416810072588, "params": {"k_pid_pos": [0.793779950961042, 0.6275604283760176, 0.38864604251446366], "k_pid_alt": [1.717154475510554, 0.7794874107386117, 0.7281356396515397], "k_pid_att": [56.78202095500564, 3.123985943321472, 0.9142978939626716], "k_pid_yaw": [0.5, 1e-06, 0.1], "k_pid_hsp": [0.36462236258173825, 0.5326480253622431, 0.14817647721221738], "k_pid_vsp": [198.04583528418584, 185.45632742677628, 345.0277013637632]}, "datetime": {"datetime": "2025-08-21 12:19:30", "elapsed": 12886.749883174896, "delta": 23.28156018257141}, "costs": {"total_cost": 1125.416810072588, "time_cost": 150, "final_distance_cost": 52.69737583134, "oscillation_cost": 138.26046967884668, "completition_cost": 666.6666666666667, "overshoot_cost": 64.56930543537892, "power_cost": 25.097153356933596, "noise_cost": 28.125839103422013, "n_waypoints_completed": 3, "tot_waypoints": 9}}
{"target": -1406.3570947035353, "params": {"k_pid_pos": [1.7552126634557403, 0.938544917375914, 0.28697757611690655], "k_pid_alt": [1.480208458249449, 0.4958595404963727, 0.2607861949106397], "k_pid_att": [94.48334087090514, 4.770168053868803, 0.023395020028739943], "k_pid_yaw": [0.5, 1e-06, 0.1], "k_pid_hsp": [7.480392751060695, 0.8671862011813913, 0.9233902900355241], "k_pid_vsp": [147.71727312498905, 51.71153388945576, 320.76841340376706]}, "datetime": {"datetime": "2025-08-21 12:19:54", "elapsed": 12911.386905908585, "delta": 24.637022733688354}, "costs": {"total_cost": 1406.3570947035353, "time_cost": 150, "final_distance_cost": 25.754931244694205, "oscillation_cost": 94.57503317121484, "completition_cost": 1000.0, "overshoot_cost": 83.74742883414486, "power_cost": 22.53036141357422, "noise_cost": 29.74934003990732, "n_waypoints_completed": 0, "tot_waypoints": 9}}
{"target": -1217.0978892799662, "params": {"k_pid_pos": [0.9701359345409001, 0.06065166180549719, 0.92908453433481], "k_pid_alt": [1.4768020861260742, 0.4502369806543647, 0.22074170774143864], "k_pid_att": [4.457550890872097, 4.496109567797237, 0.564900104577336], "k_pid_yaw": [0.5, 1e-06, 0.1], "k_pid_hsp": [2.572483856352356, 0.8160204133444473, 0.5863903812972384], "k_pid_vsp": [232.02851234736116, 61.09656840905582, 272.57288987244243]}, "datetime": {"datetime": "2025-08-21 12:20:18", "elapsed": 12934.762811899185, "delta": 23.375905990600586}, "costs": {"total_cost": 1217.0978892799662, "time_cost": 150, "final_distance_cost": 79.9301029877323, "oscillation_cost": 204.1312468066841, "completition_cost": 666.6666666666667, "overshoot_cost": 81.34102937508045, "power_cost": 19.761642236328125, "noise_cost": 15.267201207474525, "n_waypoints_completed": 3, "tot_waypoints": 9}}
{"target": -1591.5143905878379, "params": {"k_pid_pos": [0.8333630600557803, 0.802835820582218, 0.702080251461668], "k_pid_alt": [0.003953106785288263, 0.5703125919149616, 0.7231499427349417], "k_pid_att": [74.34293245829481, 8.023096275400983, 0.6972615767493642], "k_pid_yaw": [0.5, 1e-06, 0.1], "k_pid_hsp": [0.051391622612187396, 0.3182265803240557, 0.6957971789818472], "k_pid_vsp": [198.91945242055922, 304.8962880833026, 38.860504624124125]}, "datetime": {"datetime": "2025-08-21 12:20:42", "elapsed": 12958.692490577698, "delta": 23.929678678512573}, "costs": {"total_cost": 1591.5143905878379, "time_cost": 150, "final_distance_cost": 72.59868358401928, "oscillation_cost": 370.65066795121794, "completition_cost": 888.8888888888888, "overshoot_cost": 64.47281253428139, "power_cost": 26.41062585449219, "noise_cost": 18.49271177493833, "n_waypoints_completed": 1, "tot_waypoints": 9}}
{"target": -1813.939575887607, "params": {"k_pid_pos": [1.9853790678977583, 0.864981591640718, 0.5113560698783948], "k_pid_alt": [0.07114807738823226, 0.22329030489830415, 0.21618074231085038], "k_pid_att": [22.0377000463434, 5.9979806739832675, 0.045115259705861055], "k_pid_yaw": [0.5, 1e-06, 0.1], "k_pid_hsp": [8.330537240255694, 0.4121336177417595, 0.6441221468791817], "k_pid_vsp": [6.625473666315118, 227.76719526959792, 184.5169824349929]}, "datetime": {"datetime": "2025-08-21 12:21:05", "elapsed": 12982.332581043243, "delta": 23.640090465545654}, "costs": {"total_cost": 1813.939575887607, "time_cost": 150, "final_distance_cost": 1.610661165374335, "oscillation_cost": 447.5260264437289, "completition_cost": 1000.0, "overshoot_cost": 134.22858367738306, "power_cost": 19.89509521484375, "noise_cost": 60.6792093862769, "n_waypoints_completed": 0, "tot_waypoints": 9}}
{"target": -1091.3707283405743, "params": {"k_pid_pos": [1.345863805231774, 0.9024456443063801, 0.2733990921597428], "k_pid_alt": [0.03842270927607272, 0.857797349182748, 0.3713493863230146], "k_pid_att": [45.29583401804975, 9.557205098549701, 0.9174808641357519], "k_pid_yaw": [0.5, 1e-06, 0.1], "k_pid_hsp": [5.83779520425134, 0.6776421682218029, 0.32675259953657976], "k_pid_vsp": [303.5131937625192, 92.04365014390504, 6.21253052620733]}, "datetime": {"datetime": "2025-08-21 12:21:29", "elapsed": 13006.330059289932, "delta": 23.997478246688843}, "costs": {"total_cost": 1091.3707283405743, "time_cost": 150, "final_distance_cost": 55.79650140812977, "oscillation_cost": 126.46014131874254, "completition_cost": 666.6666666666667, "overshoot_cost": 53.95578674495517, "power_cost": 20.031998791503906, "noise_cost": 18.459633410576046, "n_waypoints_completed": 3, "tot_waypoints": 9}}
{"target": -2909.7785405393497, "params": {"k_pid_pos": [0.1386224656215411, 0.9397163410845095, 0.9463029429952157], "k_pid_alt": [1.5714539048728573, 0.9456103238313697, 0.4981569215769386], "k_pid_att": [97.08723337671442, 4.843431470026661, 0.89412450324457], "k_pid_yaw": [0.5, 1e-06, 0.1], "k_pid_hsp": [6.943295983256889, 0.9039552334945475, 0.3574779262795599], "k_pid_vsp": [2.32127391913437, 21.6161428963378, 152.19678372941448]}, "datetime": {"datetime": "2025-08-21 12:21:54", "elapsed": 13031.0561606884, "delta": 24.726101398468018}, "costs": {"total_cost": 2909.7785405393497, "time_cost": 150, "final_distance_cost": 676.4178852621842, "oscillation_cost": 222.60408765005428, "completition_cost": 1000.0, "overshoot_cost": 824.9137507352186, "power_cost": 19.394736669921876, "noise_cost": 16.448080221971022, "n_waypoints_completed": 0, "tot_waypoints": 9}}
{"target": -1615.292693289086, "params": {"k_pid_pos": [0.24322184991478987, 0.13103869737943052, 0.7850985561548842], "k_pid_alt": [0.907594208393637, 0.5903999455837464, 0.330280424635257], "k_pid_att": [97.87518119418735, 9.839843917904739, 0.4628059853094789], "k_pid_yaw": [0.5, 1e-06, 0.1], "k_pid_hsp": [6.724106702660297, 0.941165374403259, 0.5998249750182714], "k_pid_vsp": [91.28614987750284, 230.58315592150663, 192.06395779485476]}, "datetime": {"datetime": "2025-08-21 12:22:18", "elapsed": 13054.825309515, "delta": 23.76914882659912}, "costs": {"total_cost": 1615.292693289086, "time_cost": 150, "final_distance_cost": 134.49202837613163, "oscillation_cost": 437.6541190107531, "completition_cost": 777.7777777777778, "overshoot_cost": 81.30752467474694, "power_cost": 18.81248674316406, "noise_cost": 15.248756706512305, "n_waypoints_completed": 2, "tot_waypoints": 9}}
{"target": -1779.45131670802, "params": {"k_pid_pos": [1.1430533785038242, 0.2209983645143987, 0.4809736413471324], "k_pid_alt": [0.6746762343278718, 0.029650245574821654, 0.3411567070345106], "k_pid_att": [49.48070608881922, 2.139530407047594, 0.8519691201997297], "k_pid_yaw": [0.5, 1e-06, 0.1], "k_pid_hsp": [7.976113923117661, 0.4183611507473046, 0.9547474005256043], "k_pid_vsp": [68.77862178366163, 79.47927909074977, 370.5021541469592]}, "datetime": {"datetime": "2025-08-21 12:22:41", "elapsed": 13078.382130146027, "delta": 23.55682063102722}, "costs": {"total_cost": 1779.45131670802, "time_cost": 150, "final_distance_cost": 1.6693726197024754, "oscillation_cost": 406.32459805630253, "completition_cost": 1000.0, "overshoot_cost": 132.5215680755007, "power_cost": 24.528415991210938, "noise_cost": 64.40736196530307, "n_waypoints_completed": 0, "tot_waypoints": 9}}
{"target": -751.7792572202848, "params": {"k_pid_pos": [1.9190530986764922, 0.7350412151191714, 0.48813628118635166], "k_pid_alt": [0.9250102520002164, 0.30009336087595084, 0.5354466246764435], "k_pid_att": [4.780995031831637, 3.891002379844075, 0.04521615549084412], "k_pid_yaw": [0.5, 1e-06, 0.1], "k_pid_hsp": [4.464378756101179, 0.05656884926885186, 0.9866384168288678], "k_pid_vsp": [294.2005246304045, 46.80541937671335, 55.40501789949323]}, "datetime": {"datetime": "2025-08-21 12:23:05", "elapsed": 13102.33187842369, "delta": 23.949748277664185}, "costs": {"total_cost": 751.7792572202848, "time_cost": 150, "final_distance_cost": 75.31084296338834, "oscillation_cost": 216.79639022490016, "completition_cost": 222.2222222222222, "overshoot_cost": 54.86033176249173, "power_cost": 18.348047509765625, "noise_cost": 14.241422537516728, "n_waypoints_completed": 7, "tot_waypoints": 9}}
{"target": -496.49433460367703, "params": {"k_pid_pos": [1.7752065385085314, 0.034810126828404675, 0.8035899283368678], "k_pid_alt": [0.517211415470558, 0.6952707659544634, 0.22442203470217348], "k_pid_att": [27.81338900002247, 0.7971458611775799, 0.5777826284651522], "k_pid_yaw": [0.5, 1e-06, 0.1], "k_pid_hsp": [9.388631836008246, 0.3389557661650582, 0.8925479678643773], "k_pid_vsp": [11.008312270788911, 203.93296193193876, 46.13253117399905]}, "datetime": {"datetime": "2025-08-21 12:23:28", "elapsed": 13125.233290433884, "delta": 22.90141201019287}, "costs": {"total_cost": 496.49433460367703, "time_cost": 97.04, "final_distance_cost": 1.7869299597084811, "oscillation_cost": 291.57847796850047, "completition_cost": 0.0, "overshoot_cost": 65.08676175324847, "power_cost": 23.27824453125, "noise_cost": 17.723920390969635, "n_waypoints_completed": 9, "tot_waypoints": 9}}
