{"target": -894.4070346135474, "params": {"k_pid_pos": [1.4545320711995475, 0.7644096866069406, 0.742757825220321], "k_pid_alt": [0.7851932788126039, 0.5687817009946433, 0.8365504067018025], "k_pid_att": [58.82616321341158, 7.297589114545474, 0.5367863265189292], "k_pid_yaw": [0.5, 1e-06, 0.1], "k_pid_hsp": [4.731510959224936, 0.15076947112429168, 0.43648208756807394], "k_pid_vsp": [198.57842102948848, 381.73446567581635, 279.068340618564]}, "datetime": {"datetime": "2025-08-21 17:44:39", "elapsed": 32396.0974009037, "delta": 34.52629852294922}, "costs": {"total_cost": 894.4070346135474, "time_cost": 150, "final_distance_cost": 67.93994504267991, "oscillation_cost": 251.38015075897994, "completition_cost": 333.33333333333337, "overshoot_cost": 54.55797802136154, "power_cost": 21.37902224121094, "noise_cost": 15.816605215981722, "n_waypoints_completed": 6, "tot_waypoints": 9}}
{"target": -1313.9164356927997, "params": {"k_pid_pos": [1.5649231462012256, 0.7400012281396725, 0.027238145809116765], "k_pid_alt": [0.0010937369139270015, 0.12307378077233877, 0.30582469593493355], "k_pid_att": [32.89803942799908, 5.480839060539592, 0.44172389612595186], "k_pid_yaw": [0.5, 1e-06, 0.1], "k_pid_hsp": [1.154828192034294, 0.7827225045895312, 0.10457763189692215], "k_pid_vsp": [100.76392184098925, 214.95788387795497, 222.30093767533296]}, "datetime": {"datetime": "2025-08-21 17:45:06", "elapsed": 32423.223428487778, "delta": 27.126027584075928}, "costs": {"total_cost": 1313.9164356927997, "time_cost": 150, "final_distance_cost": 49.95366423535772, "oscillation_cost": 69.68651820692288, "completition_cost": 888.8888888888888, "overshoot_cost": 92.14579712280444, "power_cost": 30.576317687988283, "noise_cost": 32.665249550837586, "n_waypoints_completed": 1, "tot_waypoints": 9}}
{"target": -1153.232379822043, "params": {"k_pid_pos": [0.04563724655808634, 0.8441481618817536, 0.3122916349401912], "k_pid_alt": [1.7328477407793432, 0.3155819255695359, 0.14026569780248677], "k_pid_att": [67.70205371897137, 9.415512844751177, 0.17171398508453561], "k_pid_yaw": [0.5, 1e-06, 0.1], "k_pid_hsp": [2.258909325779515, 0.9713619064433907, 0.6140171540308522], "k_pid_vsp": [329.9699669310719, 90.62889378642174, 384.23690369888016]}, "datetime": {"datetime": "2025-08-21 17:45:33", "elapsed": 32449.896136283875, "delta": 26.6727077960968}, "costs": {"total_cost": 1153.232379822043, "time_cost": 150, "final_distance_cost": 49.83576076809632, "oscillation_cost": 178.88100160540392, "completition_cost": 666.6666666666667, "overshoot_cost": 71.85194157976898, "power_cost": 20.581422827148437, "noise_cost": 15.41558637495872, "n_waypoints_completed": 3, "tot_waypoints": 9}}
{"target": -1316.0292528711634, "params": {"k_pid_pos": [0.12879964125018517, 0.9808331376760208, 0.015805550892096454], "k_pid_alt": [0.8092916267472741, 0.7570153671287454, 0.8397770889072338], "k_pid_att": [17.1685036012429, 7.4865690007451065, 0.698510865976819], "k_pid_yaw": [0.5, 1e-06, 0.1], "k_pid_hsp": [0.5487694666802831, 0.1634435893488566, 0.7919434848031058], "k_pid_vsp": [168.61009604333756, 172.9942792880572, 118.29724718495976]}, "datetime": {"datetime": "2025-08-21 17:46:05", "elapsed": 32482.296142816544, "delta": 32.40000653266907}, "costs": {"total_cost": 1316.0292528711634, "time_cost": 150, "final_distance_cost": 92.38036457966626, "oscillation_cost": 201.52876988949484, "completition_cost": 777.7777777777778, "overshoot_cost": 64.80247474204972, "power_cost": 16.72192391357422, "noise_cost": 12.817941968600513, "n_waypoints_completed": 2, "tot_waypoints": 9}}
{"target": -1410.0591557861023, "params": {"k_pid_pos": [1.3699665978357125, 0.3559179919003007, 0.5678862051422159], "k_pid_alt": [0.9376593262144322, 0.26718934567572084, 0.8149744901877624], "k_pid_att": [47.83647028059246, 0.8247463055167344, 0.8912730491273234], "k_pid_yaw": [0.5, 1e-06, 0.1], "k_pid_hsp": [2.326768460066068, 0.5944500582698181, 0.8222667001935435], "k_pid_vsp": [178.06100597739947, 343.24056651260094, 392.15167977038305]}, "datetime": {"datetime": "2025-08-21 17:46:34", "elapsed": 32510.560981988907, "delta": 28.26483917236328}, "costs": {"total_cost": 1410.0591557861023, "time_cost": 150, "final_distance_cost": 65.39287849261672, "oscillation_cost": 185.34807329136507, "completition_cost": 888.8888888888888, "overshoot_cost": 65.48782282462537, "power_cost": 29.34860499267578, "noise_cost": 25.592887295930723, "n_waypoints_completed": 1, "tot_waypoints": 9}}
{"target": -1476.6824323107803, "params": {"k_pid_pos": [0.8008981938689966, 0.36549480913384447, 0.8795123341831574], "k_pid_alt": [0.09165089794340697, 0.758835432164002, 0.45230871133290174], "k_pid_att": [6.788519456184927, 2.537800887908636, 0.8793554032643536], "k_pid_yaw": [0.5, 1e-06, 0.1], "k_pid_hsp": [9.867762227254977, 0.8214946371525581, 0.9191397496960114], "k_pid_vsp": [180.15947941703723, 284.146525277874, 266.63433756400286]}, "datetime": {"datetime": "2025-08-21 17:47:06", "elapsed": 32542.540814876556, "delta": 31.979832887649536}, "costs": {"total_cost": 1476.6824323107803, "time_cost": 150, "final_distance_cost": 53.46753864843718, "oscillation_cost": 271.09102468214223, "completition_cost": 888.8888888888888, "overshoot_cost": 75.35435299251394, "power_cost": 22.117345825195315, "noise_cost": 15.763281273602814, "n_waypoints_completed": 1, "tot_waypoints": 9}}
{"target": -899.335129203968, "params": {"k_pid_pos": [1.6912000114398107, 0.20207155766045348, 0.6999278414283328], "k_pid_alt": [0.4485724900107004, 0.6168585929188408, 0.5472924401582309], "k_pid_att": [31.781557781005862, 5.795156532838987, 0.3780952265009966], "k_pid_yaw": [0.5, 1e-06, 0.1], "k_pid_hsp": [4.664407122444384, 0.43724018965380895, 0.714313782922582], "k_pid_vsp": [59.959776194977806, 293.73198287706083, 45.03551989766618]}, "datetime": {"datetime": "2025-08-21 17:47:36", "elapsed": 32572.584801197052, "delta": 30.043986320495605}, "costs": {"total_cost": 899.335129203968, "time_cost": 150, "final_distance_cost": 67.593527210666, "oscillation_cost": 257.417231959602, "completition_cost": 333.33333333333337, "overshoot_cost": 51.22689247510532, "power_cost": 23.253602893066407, "noise_cost": 16.51054133219493, "n_waypoints_completed": 6, "tot_waypoints": 9}}
{"target": -731.9243388972932, "params": {"k_pid_pos": [0.6834486650615974, 0.4151038902652284, 0.415247054558497], "k_pid_alt": [1.2999774407519056, 0.3525941815223347, 0.7482254553747026], "k_pid_att": [52.126373171182884, 1.6233610663501405, 0.3960595270541695], "k_pid_yaw": [0.5, 1e-06, 0.1], "k_pid_hsp": [9.709518477970311, 0.39032178743019363, 0.6539614678973595], "k_pid_vsp": [128.44048242040375, 100.10261517348752, 56.685146519538776]}, "datetime": {"datetime": "2025-08-21 17:48:12", "elapsed": 32609.40137219429, "delta": 36.81657099723816}, "costs": {"total_cost": 731.9243388972932, "time_cost": 150, "final_distance_cost": 64.16969012323035, "oscillation_cost": 317.83129930795906, "completition_cost": 111.11111111111116, "overshoot_cost": 47.562185344197694, "power_cost": 23.93569423828125, "noise_cost": 17.314358772513664, "n_waypoints_completed": 8, "tot_waypoints": 9}}
{"target": -617.6673519533658, "params": {"k_pid_pos": [1.542424076253791, 0.3181782185697502, 0.3237291601151952], "k_pid_alt": [1.0416557435113178, 0.5716689868472735, 0.502876768849411], "k_pid_att": [52.9774484785902, 5.843650085734724, 0.6877945061572556], "k_pid_yaw": [0.5, 1e-06, 0.1], "k_pid_hsp": [6.110005233246727, 0.27057419372590946, 0.21338757121576676], "k_pid_vsp": [64.03302803432491, 190.49821114604387, 95.99890212535729]}, "datetime": {"datetime": "2025-08-21 17:48:45", "elapsed": 32642.37211418152, "delta": 32.970741987228394}, "costs": {"total_cost": 617.6673519533658, "time_cost": 150, "final_distance_cost": 18.09233523799343, "oscillation_cost": 245.27755744787314, "completition_cost": 111.11111111111116, "overshoot_cost": 57.727988809333496, "power_cost": 20.258338732910158, "noise_cost": 15.200020614144313, "n_waypoints_completed": 8, "tot_waypoints": 9}}
{"target": -1068.319945565008, "params": {"k_pid_pos": [1.1882948313266775, 0.8322309665233065, 0.9242130521885146], "k_pid_alt": [0.1951015277846515, 0.5274930265238633, 0.46695889788230316], "k_pid_att": [9.944411351868364, 2.5013893512554373, 0.28712520382854556], "k_pid_yaw": [0.5, 1e-06, 0.1], "k_pid_hsp": [6.8978137195369795, 0.8653863552939155, 0.8762083439494507], "k_pid_vsp": [165.41626165676777, 114.20296638414985, 10.58537013159965]}, "datetime": {"datetime": "2025-08-21 17:49:15", "elapsed": 32672.407597780228, "delta": 30.035483598709106}, "costs": {"total_cost": 1068.319945565008, "time_cost": 150, "final_distance_cost": 48.35237920206274, "oscillation_cost": 233.38361270698402, "completition_cost": 555.5555555555555, "overshoot_cost": 47.593700103601584, "power_cost": 17.8091986328125, "noise_cost": 15.625499363991633, "n_waypoints_completed": 4, "tot_waypoints": 9}}
{"target": -742.7058846926458, "params": {"k_pid_pos": [2.0, 0.9037563497291048, 0.0], "k_pid_alt": [0.6649860858882906, 0.538882630466845, 0.8120491664831438], "k_pid_att": [47.91444879812868, 0.0001, 0.9772910548065533], "k_pid_yaw": [0.5, 1e-06, 0.1], "k_pid_hsp": [0.6576361010197533, 0.0, 0.12170760755766925], "k_pid_vsp": [76.92494597350203, 341.18304510965476, 6.783681407655784]}, "datetime": {"datetime": "2025-08-21 17:49:50", "elapsed": 32706.488313674927, "delta": 34.0807158946991}, "costs": {"total_cost": 742.7058846926458, "time_cost": 150, "final_distance_cost": 80.21280570695504, "oscillation_cost": 72.71558693827039, "completition_cost": 333.33333333333337, "overshoot_cost": 62.71669548532141, "power_cost": 24.11439306640625, "noise_cost": 19.61307016235928, "n_waypoints_completed": 6, "tot_waypoints": 9}}
{"target": -839.4606645575363, "params": {"k_pid_pos": [1.602336427281541, 0.6236106690268438, 0.1641565609892327], "k_pid_alt": [0.4476234809447732, 0.3677619221208047, 0.6376644629829279], "k_pid_att": [42.661392489209696, 4.473677993295824, 0.4858528496562332], "k_pid_yaw": [0.5, 1e-06, 0.1], "k_pid_hsp": [4.279111076925019, 0.365439553026807, 0.6487644623576007], "k_pid_vsp": [285.9288682222829, 67.3299783867905, 36.80647122330845]}, "datetime": {"datetime": "2025-08-21 17:50:22", "elapsed": 32738.643846273422, "delta": 32.15553259849548}, "costs": {"total_cost": 839.4606645575363, "time_cost": 150, "final_distance_cost": 69.7438477749036, "oscillation_cost": 195.30151452051697, "completition_cost": 333.33333333333337, "overshoot_cost": 47.67229234793292, "power_cost": 24.51439616699219, "noise_cost": 18.89528041385718, "n_waypoints_completed": 6, "tot_waypoints": 9}}
{"target": -689.0368144502207, "params": {"k_pid_pos": [1.3736220949862243, 0.2602466226631476, 0.4067214450512593], "k_pid_alt": [0.19693954840788375, 0.42075552344889633, 0.091880398700532], "k_pid_att": [73.1227896764569, 1.4955774490727975, 0.24422030113834237], "k_pid_yaw": [0.5, 1e-06, 0.1], "k_pid_hsp": [7.3966059243233815, 0.717765103926369, 0.5187885935706462], "k_pid_vsp": [94.75996725774056, 203.35753110766905, 0.7238877511908963]}, "datetime": {"datetime": "2025-08-21 17:50:56", "elapsed": 32772.85146355629, "delta": 34.20761728286743}, "costs": {"total_cost": 689.0368144502207, "time_cost": 150, "final_distance_cost": 36.30810622666215, "oscillation_cost": 298.905539763308, "completition_cost": 111.11111111111116, "overshoot_cost": 58.04748765156427, "power_cost": 19.171560180664063, "noise_cost": 15.493009516911046, "n_waypoints_completed": 8, "tot_waypoints": 9}}
{"target": -1074.655453836922, "params": {"k_pid_pos": [0.5232260283059139, 0.4021500681285629, 0.7402654512967655], "k_pid_alt": [0.7992664271594445, 0.7676413492437102, 0.5362929006598574], "k_pid_att": [54.961005426469676, 1.9726747354186038, 0.004907963495774714], "k_pid_yaw": [0.5, 1e-06, 0.1], "k_pid_hsp": [4.614337015983243, 0.27399749278554797, 0.470911149940587], "k_pid_vsp": [296.28574902372475, 352.8258708662703, 49.642632968717244]}, "datetime": {"datetime": "2025-08-21 17:51:28", "elapsed": 32805.01640844345, "delta": 32.164944887161255}, "costs": {"total_cost": 1074.655453836922, "time_cost": 150, "final_distance_cost": 44.99119922893942, "oscillation_cost": 337.8935273197873, "completition_cost": 444.4444444444444, "overshoot_cost": 50.54069251632525, "power_cost": 24.7363833984375, "noise_cost": 22.049206928988184, "n_waypoints_completed": 5, "tot_waypoints": 9}}
{"target": -603.3048390292431, "params": {"k_pid_pos": [2.0, 0.5870232041575978, 1.0], "k_pid_alt": [1.776067401199711, 1.0, 0.0], "k_pid_att": [16.958778413028337, 6.431710417966855, 1.0], "k_pid_yaw": [0.5, 1e-06, 0.1], "k_pid_hsp": [7.450185942851999, 1.0, 0.0], "k_pid_vsp": [164.21633729621732, 175.22434476554218, 112.69568280132013]}, "datetime": {"datetime": "2025-08-21 17:51:59", "elapsed": 32836.408679008484, "delta": 31.39227056503296}, "costs": {"total_cost": 603.3048390292431, "time_cost": 150, "final_distance_cost": 71.83359812285715, "oscillation_cost": 73.03469046341445, "completition_cost": 222.2222222222222, "overshoot_cost": 55.9215322897036, "power_cost": 17.191708728027344, "noise_cost": 13.101087203018379, "n_waypoints_completed": 7, "tot_waypoints": 9}}
{"target": -1367.5623187082404, "params": {"k_pid_pos": [0.12638732503527683, 0.8128997379310852, 0.8840382150195182], "k_pid_alt": [1.2048890903840117, 0.9738874855872293, 0.4467928310698438], "k_pid_att": [57.76354286169391, 0.7575846422762291, 0.49163289259753207], "k_pid_yaw": [0.5, 1e-06, 0.1], "k_pid_hsp": [7.386458681003373, 0.08132349848201215, 0.1271408071034622], "k_pid_vsp": [354.03938959892986, 217.13787048965156, 22.116415491056816]}, "datetime": {"datetime": "2025-08-21 17:52:29", "elapsed": 32866.17279410362, "delta": 29.76411509513855}, "costs": {"total_cost": 1367.5623187082404, "time_cost": 150, "final_distance_cost": 89.76228249787965, "oscillation_cost": 290.0053619331615, "completition_cost": 777.7777777777778, "overshoot_cost": 31.832142927195246, "power_cost": 14.984411730957031, "noise_cost": 13.200341841269136, "n_waypoints_completed": 2, "tot_waypoints": 9}}
{"target": -787.5021365964438, "params": {"k_pid_pos": [1.2968840892229636, 0.30055533883245755, 0.36780253181178546], "k_pid_alt": [0.8368063246343665, 0.2483002557901695, 0.3367240522671596], "k_pid_att": [48.442644212220195, 4.6273942152666905, 0.32246455796531315], "k_pid_yaw": [0.5, 1e-06, 0.1], "k_pid_hsp": [2.9601865182562572, 0.8807801012128648, 0.2570332047848801], "k_pid_vsp": [310.8015839555678, 125.03184553734766, 316.0081294966604]}, "datetime": {"datetime": "2025-08-21 17:53:00", "elapsed": 32896.682055950165, "delta": 30.50926184654236}, "costs": {"total_cost": 787.5021365964438, "time_cost": 150, "final_distance_cost": 77.68756193403341, "oscillation_cost": 243.08003957258725, "completition_cost": 222.2222222222222, "overshoot_cost": 52.7396295484335, "power_cost": 24.05444649658203, "noise_cost": 17.71823682258547, "n_waypoints_completed": 7, "tot_waypoints": 9}}
{"target": -266.23146349777784, "params": {"k_pid_pos": [1.1408527833506275, 0.36595966235580335, 8.288370772556331e-07], "k_pid_alt": [0.7433400594485361, 0.06175321601800386, 0.35130982076777206], "k_pid_att": [10.3234764482278, 2.4012421448042764, 0.8323299355688456], "k_pid_yaw": [0.5, 1e-06, 0.1], "k_pid_hsp": [3.4638917970881913, 0.29014551549382517, 0.19539797479667456], "k_pid_vsp": [45.994067360958766, 231.02546803932458, 86.56496120147408]}, "datetime": {"datetime": "2025-08-21 17:53:34", "elapsed": 32931.43338227272, "delta": 34.75132632255554}, "costs": {"total_cost": 266.23146349777784, "time_cost": 88.048, "final_distance_cost": 1.7818812984004628, "oscillation_cost": 90.9874320977433, "completition_cost": 0.0, "overshoot_cost": 56.29637921619112, "power_cost": 16.096746740722658, "noise_cost": 13.021024144720288, "n_waypoints_completed": 9, "tot_waypoints": 9}}
{"target": -990.3178002237203, "params": {"k_pid_pos": [0.5306755050995574, 0.6728617177691423, 0.1949994339233886], "k_pid_alt": [0.9775716397198726, 0.6705909129518217, 0.1260207443534009], "k_pid_att": [49.64661487667409, 5.715864943141465, 0.028846317959889622], "k_pid_yaw": [0.5, 1e-06, 0.1], "k_pid_hsp": [3.3749818190085716, 0.19003556340467667, 0.2803506014266319], "k_pid_vsp": [308.48249476081907, 124.57893660928369, 322.7570483304126]}, "datetime": {"datetime": "2025-08-21 17:54:09", "elapsed": 32965.94694662094, "delta": 34.513564348220825}, "costs": {"total_cost": 990.3178002237203, "time_cost": 150, "final_distance_cost": 46.499758715909294, "oscillation_cost": 250.91700327111374, "completition_cost": 444.4444444444444, "overshoot_cost": 50.62920182705588, "power_cost": 24.312273974609376, "noise_cost": 23.515117990587413, "n_waypoints_completed": 5, "tot_waypoints": 9}}
{"target": -971.8059564628942, "params": {"k_pid_pos": [1.163815961061346, 0.33975531232290535, 0.9716068966415814], "k_pid_alt": [0.9260880800358653, 0.11317881885291214, 0.5156810547422216], "k_pid_att": [15.719339089609596, 2.8569768665270905, 0.25641889923793915], "k_pid_yaw": [0.5, 1e-06, 0.1], "k_pid_hsp": [6.182464826997832, 0.5831407026205816, 0.4701663346645756], "k_pid_vsp": [169.24326029292263, 116.34922965951974, 17.866658001914438]}, "datetime": {"datetime": "2025-08-21 17:54:44", "elapsed": 33001.009197473526, "delta": 35.06225085258484}, "costs": {"total_cost": 971.8059564628942, "time_cost": 150, "final_distance_cost": 73.53839241062266, "oscillation_cost": 340.46572986659373, "completition_cost": 333.33333333333337, "overshoot_cost": 41.00755881925504, "power_cost": 19.054900695800782, "noise_cost": 14.406041337288606, "n_waypoints_completed": 6, "tot_waypoints": 9}}
{"target": -573.1913711338128, "params": {"k_pid_pos": [1.6565271269813608, 0.7021307541779951, 0.7480487184988801], "k_pid_alt": [1.424229785885095, 0.1811949117728932, 0.621055160092805], "k_pid_att": [55.25170228387246, 2.8887259509081646, 0.09393161773566164], "k_pid_yaw": [0.5, 1e-06, 0.1], "k_pid_hsp": [1.6884637186422244, 0.7745052837550961, 0.4040776814171812], "k_pid_vsp": [207.99903369492168, 231.21346987396024, 130.4529329430708]}, "datetime": {"datetime": "2025-08-21 17:55:15", "elapsed": 33032.114620923996, "delta": 31.10542345046997}, "costs": {"total_cost": 573.1913711338128, "time_cost": 150, "final_distance_cost": 66.8246673857873, "oscillation_cost": 165.41457484778226, "completition_cost": 111.11111111111116, "overshoot_cost": 49.670554237823936, "power_cost": 17.013399609375, "noise_cost": 13.15706394193323, "n_waypoints_completed": 8, "tot_waypoints": 9}}
{"target": -582.3513588147977, "params": {"k_pid_pos": [1.1736957195056292, 0.17649269691059422, 0.46869685420083484], "k_pid_alt": [0.8850971978020019, 0.4670383643342403, 0.4293188067159289], "k_pid_att": [6.781630366566804, 4.250919686034871, 0.46577133777905577], "k_pid_yaw": [0.5, 1e-06, 0.1], "k_pid_hsp": [2.4689188988981545, 0.9449413425527176, 0.629454199119823], "k_pid_vsp": [46.936494065364045, 96.51639108006817, 34.66843473955071]}, "datetime": {"datetime": "2025-08-21 17:55:49", "elapsed": 33065.76184606552, "delta": 33.64722514152527}, "costs": {"total_cost": 582.3513588147977, "time_cost": 150, "final_distance_cost": 5.275995998030249, "oscillation_cost": 227.45809923561617, "completition_cost": 111.11111111111116, "overshoot_cost": 57.081274125235915, "power_cost": 17.669879113769532, "noise_cost": 13.754999231034633, "n_waypoints_completed": 8, "tot_waypoints": 9}}
{"target": -615.9806604505955, "params": {"k_pid_pos": [0.36851448833748657, 0.4872366163118418, 0.4013998158841465], "k_pid_alt": [1.3929768568408505, 0.944518609805385, 0.5402012005881396], "k_pid_att": [15.819794075348847, 6.295106864558284, 0.6690889817027227], "k_pid_yaw": [0.5, 1e-06, 0.1], "k_pid_hsp": [7.060834250905996, 0.5931225871331255, 0.7787883510078085], "k_pid_vsp": [228.0085234303933, 388.6702926601104, 189.33497766821594]}, "datetime": {"datetime": "2025-08-21 17:56:25", "elapsed": 33101.51884651184, "delta": 35.75700044631958}, "costs": {"total_cost": 615.9806604505955, "time_cost": 150, "final_distance_cost": 45.11309370907998, "oscillation_cost": 214.86636168499103, "completition_cost": 111.11111111111116, "overshoot_cost": 56.8038084025334, "power_cost": 21.607833837890627, "noise_cost": 16.478451704989237, "n_waypoints_completed": 8, "tot_waypoints": 9}}
{"target": -783.7046281433109, "params": {"k_pid_pos": [1.0471426135076092, 0.13429710035280096, 0.49707078781016867], "k_pid_alt": [1.2004246558072422, 0.4849899572109354, 0.052890147152325984], "k_pid_att": [8.581243933580062, 3.406758631241918, 0.7966992639665327], "k_pid_yaw": [0.5, 1e-06, 0.1], "k_pid_hsp": [2.2093256373288086, 0.8335483340607076, 0.534664979100852], "k_pid_vsp": [178.42815687095967, 348.78124473757885, 106.50157544954767]}, "datetime": {"datetime": "2025-08-21 17:56:56", "elapsed": 33132.82988142967, "delta": 31.31103491783142}, "costs": {"total_cost": 783.7046281433109, "time_cost": 150, "final_distance_cost": 66.56078351876627, "oscillation_cost": 247.55508576272194, "completition_cost": 222.2222222222222, "overshoot_cost": 53.04607210349719, "power_cost": 26.36560389404297, "noise_cost": 17.95486064206039, "n_waypoints_completed": 7, "tot_waypoints": 9}}
