{"target": -313.89234585742895, "params": {"k_pid_pos": [2.0, 0.0, 0.0], "k_pid_alt": [2.0, 1.0, 1.0], "k_pid_att": [16.8824900131045, 3.8134007246776638, 1.0], "k_pid_yaw": [0.5, 1e-06, 0.1], "k_pid_hsp": [10.0, 1.0, 1.0], "k_pid_vsp": [227.16824778102503, 393.1686875964071, 185.92461974209908]}, "datetime": {"datetime": "2025-08-21 19:31:00", "elapsed": 38776.500299692154, "delta": 37.0644907951355}, "costs": {"total_cost": 313.89234585742895, "time_cost": 86.16, "final_distance_cost": 1.7179016855179048, "oscillation_cost": 137.85727189701572, "completition_cost": 0.0, "overshoot_cost": 60.66179034491089, "power_cost": 15.675790588378907, "noise_cost": 11.819591341605523, "n_waypoints_completed": 9, "tot_waypoints": 9}}
{"target": -403.0271841391634, "params": {"k_pid_pos": [1.998417210128871, 0.31758250842547586, 0.30912875572078], "k_pid_alt": [1.0373240862303479, 0.7710660243213647, 0.4014701015336425], "k_pid_att": [24.061260535183436, 6.044724751785391, 0.4016276799389058], "k_pid_yaw": [0.5, 1e-06, 0.1], "k_pid_hsp": [6.416461445338629, 0.021529411176195, 0.32513065900108495], "k_pid_vsp": [155.31315096789143, 14.726621632181972, 2.102854825624067]}, "datetime": {"datetime": "2025-08-21 19:31:36", "elapsed": 38813.041818618774, "delta": 36.54151892662048}, "costs": {"total_cost": 403.0271841391634, "time_cost": 93.272, "final_distance_cost": 1.7543387675799458, "oscillation_cost": 219.55020923270976, "completition_cost": 0.0, "overshoot_cost": 57.06666596989824, "power_cost": 16.938846069335938, "noise_cost": 14.445124099639571, "n_waypoints_completed": 9, "tot_waypoints": 9}}
{"target": -730.1313733104108, "params": {"k_pid_pos": [1.0918375117103043, 0.1278957664282404, 0.29028644378793356], "k_pid_alt": [1.0467760089495142, 0.16420590208152397, 0.5239726679094252], "k_pid_att": [51.29356230627972, 1.4067530752497381, 0.20421487355361867], "k_pid_yaw": [0.5, 1e-06, 0.1], "k_pid_hsp": [2.398940366644528, 0.5512193741561892, 0.645109517680409], "k_pid_vsp": [356.33918227208846, 208.2693710712541, 24.728245880028233]}, "datetime": {"datetime": "2025-08-21 19:32:23", "elapsed": 38859.92973828316, "delta": 46.887919664382935}, "costs": {"total_cost": 730.1313733104108, "time_cost": 150, "final_distance_cost": 77.12886769045882, "oscillation_cost": 193.8141168389162, "completition_cost": 222.2222222222222, "overshoot_cost": 50.254050568297565, "power_cost": 20.939037158203124, "noise_cost": 15.773078832312875, "n_waypoints_completed": 7, "tot_waypoints": 9}}
{"target": -439.1414311882988, "params": {"k_pid_pos": [0.5820663777484474, 0.6842912486486662, 0.39296945392941457], "k_pid_alt": [1.9818533523928348, 0.44942931159771476, 0.13102569630717154], "k_pid_att": [35.20371966573055, 9.422076979502434, 0.6241474277970823], "k_pid_yaw": [0.5, 1e-06, 0.1], "k_pid_hsp": [8.38292226220852, 0.4299692759325754, 0.04775818400281004], "k_pid_vsp": [313.9084946774153, 48.62966372704739, 61.34400563973932]}, "datetime": {"datetime": "2025-08-21 19:33:05", "elapsed": 38901.84125828743, "delta": 41.91152000427246}, "costs": {"total_cost": 439.1414311882988, "time_cost": 150, "final_distance_cost": 6.946466844257953, "oscillation_cost": 81.21713083731235, "completition_cost": 111.11111111111116, "overshoot_cost": 52.38619503517254, "power_cost": 21.303818115234375, "noise_cost": 16.176709245210418, "n_waypoints_completed": 8, "tot_waypoints": 9}}
{"target": -979.269538792832, "params": {"k_pid_pos": [0.9442296593423967, 0.6848964176146819, 0.0001573227735391262], "k_pid_alt": [0.4410803573256895, 0.5694388626330856, 0.13344693796508952], "k_pid_att": [57.038797823061024, 3.818870809973796, 0.6273086037729905], "k_pid_yaw": [0.5, 1e-06, 0.1], "k_pid_hsp": [5.404903300313991, 0.5617607805409967, 0.22495859928442058], "k_pid_vsp": [303.33405993644897, 42.21458908001075, 12.167903917550724]}, "datetime": {"datetime": "2025-08-21 19:33:46", "elapsed": 38943.234607219696, "delta": 41.393348932266235}, "costs": {"total_cost": 979.269538792832, "time_cost": 150, "final_distance_cost": 47.77578480116037, "oscillation_cost": 126.79022038458665, "completition_cost": 555.5555555555555, "overshoot_cost": 53.18822618631419, "power_cost": 25.531589099121096, "noise_cost": 20.428162766094204, "n_waypoints_completed": 4, "tot_waypoints": 9}}
{"target": -1365.0523603984188, "params": {"k_pid_pos": [1.4143005781785043, 0.9038746746483813, 0.3425951641563032], "k_pid_alt": [1.921580719332376, 0.037729013289829916, 0.6422084874047965], "k_pid_att": [8.139220722903751, 5.915131798711673, 0.9796566625001875], "k_pid_yaw": [0.5, 1e-06, 0.1], "k_pid_hsp": [2.1409973700281384, 0.08614201285918233, 0.6914450634999354], "k_pid_vsp": [116.13496123204766, 304.12184878829106, 101.08493055484875]}, "datetime": {"datetime": "2025-08-21 19:34:21", "elapsed": 38977.61725497246, "delta": 34.38264775276184}, "costs": {"total_cost": 1365.0523603984188, "time_cost": 150, "final_distance_cost": 73.72187760563727, "oscillation_cost": 140.45619648097627, "completition_cost": 777.7777777777778, "overshoot_cost": 134.4675735393178, "power_cost": 31.59610817871094, "noise_cost": 57.03282681599868, "n_waypoints_completed": 2, "tot_waypoints": 9}}
{"target": -1359.9797946270314, "params": {"k_pid_pos": [0.07839423284580356, 0.0175691568851174, 0.6032670394883438], "k_pid_alt": [1.247267921709623, 0.24115499102650328, 0.38937990682312407], "k_pid_att": [89.65650136344652, 6.44574537556706, 0.5839247947596797], "k_pid_yaw": [0.5, 1e-06, 0.1], "k_pid_hsp": [0.2873615159874856, 0.13523399527903124, 0.0549630606574113], "k_pid_vsp": [341.77794294244364, 329.9940386529955, 98.15769425963167]}, "datetime": {"datetime": "2025-08-21 19:35:00", "elapsed": 39017.24246621132, "delta": 39.625211238861084}, "costs": {"total_cost": 1359.9797946270314, "time_cost": 150, "final_distance_cost": 78.57634785684965, "oscillation_cost": 264.0744163155006, "completition_cost": 777.7777777777778, "overshoot_cost": 53.479231369157624, "power_cost": 20.254529028320313, "noise_cost": 15.817492279425641, "n_waypoints_completed": 2, "tot_waypoints": 9}}
{"target": -953.3316188273348, "params": {"k_pid_pos": [0.33756918233769884, 0.9677772267666477, 0.22371320614473955], "k_pid_alt": [1.4508456255473468, 0.8485228684578225, 0.7074535166849623], "k_pid_att": [66.08415511177255, 0.6346568933544384, 0.7984309336867635], "k_pid_yaw": [0.5, 1e-06, 0.1], "k_pid_hsp": [1.7482106672207043, 0.2703723658842129, 0.1841240123923613], "k_pid_vsp": [53.11076566178055, 148.05514984024538, 31.94528429682804]}, "datetime": {"datetime": "2025-08-21 19:35:41", "elapsed": 39057.61450839043, "delta": 40.372042179107666}, "costs": {"total_cost": 953.3316188273348, "time_cost": 150, "final_distance_cost": 38.35400974542657, "oscillation_cost": 116.15030616665359, "completition_cost": 555.5555555555555, "overshoot_cost": 60.53474502013991, "power_cost": 18.431221423339846, "noise_cost": 14.305780916219353, "n_waypoints_completed": 4, "tot_waypoints": 9}}
{"target": -408.8090919872291, "params": {"k_pid_pos": [1.660294914774816, 0.17121357299689965, 0.729170941756805], "k_pid_alt": [1.7052022451614022, 0.29538575473709694, 0.270219337050576], "k_pid_att": [81.5077088324364, 2.02348310720367, 0.7044330301173665], "k_pid_yaw": [0.5, 1e-06, 0.1], "k_pid_hsp": [8.102015154567198, 0.3407609023996005, 0.8250029484341885], "k_pid_vsp": [365.4378753097442, 377.1594255185552, 213.0817744823721]}, "datetime": {"datetime": "2025-08-21 19:36:15", "elapsed": 39092.448560237885, "delta": 34.834051847457886}, "costs": {"total_cost": 408.8090919872291, "time_cost": 82.872, "final_distance_cost": 1.7389209900454967, "oscillation_cost": 241.083735245596, "completition_cost": 0.0, "overshoot_cost": 52.88261318608755, "power_cost": 16.882910510253907, "noise_cost": 13.348912055246139, "n_waypoints_completed": 9, "tot_waypoints": 9}}
{"target": -197.15023456862605, "params": {"k_pid_pos": [1.2177220816934569, 0.0, 0.045854531481655], "k_pid_alt": [1.2305012291954749, 0.0, 0.0], "k_pid_att": [24.07475488237187, 0.0001, 0.0], "k_pid_yaw": [0.5, 1e-06, 0.1], "k_pid_hsp": [4.182467333632449, 0.0, 0.0], "k_pid_vsp": [152.46969732378852, 12.606290111104293, 1e-06]}, "datetime": {"datetime": "2025-08-21 19:36:49", "elapsed": 39125.68318295479, "delta": 33.23462271690369}, "costs": {"total_cost": 197.15023456862605, "time_cost": 69.992, "final_distance_cost": 1.8188913739723258, "oscillation_cost": 49.427922273910674, "completition_cost": 0.0, "overshoot_cost": 50.590307466644134, "power_cost": 13.151948400878906, "noise_cost": 12.169165053220016, "n_waypoints_completed": 9, "tot_waypoints": 9}}
{"target": -211.12865716857942, "params": {"k_pid_pos": [2.0, 0.0, 0.0], "k_pid_alt": [2.0, 0.0, 1.0], "k_pid_att": [7.898710116050316, 2.927138409303679, 1.0], "k_pid_yaw": [0.5, 1e-06, 0.1], "k_pid_hsp": [6.420012816778338, 1.0, 0.0], "k_pid_vsp": [47.7045051898088, 227.12447429818877, 86.92213989389957]}, "datetime": {"datetime": "2025-08-21 19:37:22", "elapsed": 39158.88662099838, "delta": 33.20343804359436}, "costs": {"total_cost": 211.12865716857942, "time_cost": 69.584, "final_distance_cost": 1.779611019515593, "oscillation_cost": 61.3158865111823, "completition_cost": 0.0, "overshoot_cost": 50.157424341334256, "power_cost": 16.057035595703127, "noise_cost": 12.234699700844105, "n_waypoints_completed": 9, "tot_waypoints": 9}}
{"target": -394.1862044073502, "params": {"k_pid_pos": [1.6307640665293759, 0.3679441516176145, 0.019723554929493625], "k_pid_alt": [0.5517922350142848, 0.15905359820708287, 0.04158681873600856], "k_pid_att": [8.225852258469379, 7.623473600770179, 0.30095577370883875], "k_pid_yaw": [0.5, 1e-06, 0.1], "k_pid_hsp": [8.610956175839071, 0.668347653519867, 0.7566316379913413], "k_pid_vsp": [47.224803987536525, 224.05760043437246, 86.22522910995994]}, "datetime": {"datetime": "2025-08-21 19:37:57", "elapsed": 39193.656865119934, "delta": 34.770244121551514}, "costs": {"total_cost": 394.1862044073502, "time_cost": 94.528, "final_distance_cost": 1.7689448265429257, "oscillation_cost": 201.23765789591076, "completition_cost": 0.0, "overshoot_cost": 58.71307622570381, "power_cost": 21.683664282226562, "noise_cost": 16.254861176966212, "n_waypoints_completed": 9, "tot_waypoints": 9}}
{"target": -454.32639482927556, "params": {"k_pid_pos": [1.4389042083184038, 0.20263368273817406, 0.9910964512045138], "k_pid_alt": [1.4063962127548149, 0.49834254558519564, 0.7020595370747534], "k_pid_att": [14.223734579948811, 1.5185780989831368, 0.2300782842027147], "k_pid_yaw": [0.5, 1e-06, 0.1], "k_pid_hsp": [5.9291417502260675, 0.6568858829233879, 0.8495644038525371], "k_pid_vsp": [224.86434521418929, 392.15436690702694, 187.32721112918708]}, "datetime": {"datetime": "2025-08-21 19:38:38", "elapsed": 39234.624794483185, "delta": 40.96792936325073}, "costs": {"total_cost": 454.32639482927556, "time_cost": 91.104, "final_distance_cost": 1.7281467182901498, "oscillation_cost": 270.664716785023, "completition_cost": 0.0, "overshoot_cost": 55.307234466132904, "power_cost": 20.584739367675784, "noise_cost": 14.937557492153639, "n_waypoints_completed": 9, "tot_waypoints": 9}}
{"target": -977.3702934193249, "params": {"k_pid_pos": [0.8082561800909284, 0.03610773002395651, 0.567123091630407], "k_pid_alt": [0.04920187475105697, 0.28188634706702154, 0.18965283926973509], "k_pid_att": [46.51824867166686, 3.9099246453709173, 0.4523698528528851], "k_pid_yaw": [0.5, 1e-06, 0.1], "k_pid_hsp": [1.124800320588546, 0.12699407675339203, 0.20828149202094903], "k_pid_vsp": [365.439479462702, 213.02312973285606, 32.06399090273723]}, "datetime": {"datetime": "2025-08-21 19:39:15", "elapsed": 39272.284578323364, "delta": 37.65978384017944}, "costs": {"total_cost": 977.3702934193249, "time_cost": 150, "final_distance_cost": 82.35444716402587, "oscillation_cost": 324.00311032571267, "completition_cost": 333.33333333333337, "overshoot_cost": 53.714457489932485, "power_cost": 19.252638537597658, "noise_cost": 14.712306568722758, "n_waypoints_completed": 6, "tot_waypoints": 9}}
{"target": -364.47638791622705, "params": {"k_pid_pos": [1.2859938911652598, 0.2544267713745989, 0.6129718902228048], "k_pid_alt": [1.3174867167999567, 0.5349542669174523, 0.38711868345833733], "k_pid_att": [10.416902579154918, 0.8985252484979077, 0.03760076824217151], "k_pid_yaw": [0.5, 1e-06, 0.1], "k_pid_hsp": [8.748572690948418, 0.3890524519838433, 0.6803946138363213], "k_pid_vsp": [46.43966767371808, 93.8593183751003, 42.73680688180423]}, "datetime": {"datetime": "2025-08-21 19:39:53", "elapsed": 39309.524111270905, "delta": 37.23953294754028}, "costs": {"total_cost": 364.47638791622705, "time_cost": 82.544, "final_distance_cost": 1.7360103973003673, "oscillation_cost": 199.7470134454552, "completition_cost": 0.0, "overshoot_cost": 54.02749933245308, "power_cost": 14.927645227050782, "noise_cost": 11.494219513967625, "n_waypoints_completed": 9, "tot_waypoints": 9}}
{"target": -1115.6369815990088, "params": {"k_pid_pos": [0.9651399922268473, 0.9934419164967367, 0.7962884385208682], "k_pid_alt": [1.451714865698615, 0.9813787016106796, 0.2905976216628573], "k_pid_att": [30.906424273445577, 6.768157021478204, 0.2929058253979866], "k_pid_yaw": [0.5, 1e-06, 0.1], "k_pid_hsp": [8.122599935217545, 0.8731976311396994, 0.38919558297196455], "k_pid_vsp": [98.15261288079755, 48.92351895188733, 94.22469718527579]}, "datetime": {"datetime": "2025-08-21 19:40:32", "elapsed": 39348.498708963394, "delta": 38.974597692489624}, "costs": {"total_cost": 1115.6369815990088, "time_cost": 150, "final_distance_cost": 45.63533330273484, "oscillation_cost": 269.0035778833161, "completition_cost": 555.5555555555555, "overshoot_cost": 58.700640948244676, "power_cost": 21.008098388671876, "noise_cost": 15.7337755204858, "n_waypoints_completed": 4, "tot_waypoints": 9}}
{"target": -360.20937312297497, "params": {"k_pid_pos": [1.4878515610601097, 0.4737256242554729, 0.11088496615399018], "k_pid_alt": [2.0, 0.585110384868311, 0.8540376158709856], "k_pid_att": [72.7811269040813, 0.0001, 0.9521339631939203], "k_pid_yaw": [0.5, 1e-06, 0.1], "k_pid_hsp": [8.914226215936052, 0.8806488387660502, 0.17992944352016604], "k_pid_vsp": [172.36311966841603, 146.61422085459094, 62.80095114602682]}, "datetime": {"datetime": "2025-08-21 19:41:24", "elapsed": 39401.16170501709, "delta": 52.66299605369568}, "costs": {"total_cost": 360.20937312297497, "time_cost": 92.152, "final_distance_cost": 1.7662354865951426, "oscillation_cost": 172.51759670012132, "completition_cost": 0.0, "overshoot_cost": 54.20115005566886, "power_cost": 22.42153914794922, "noise_cost": 17.15085173264049, "n_waypoints_completed": 9, "tot_waypoints": 9}}
{"target": -1101.5820412263047, "params": {"k_pid_pos": [0.0001, 1.0, 1.0], "k_pid_alt": [2.0, 0.0, 0.04856889673573764], "k_pid_att": [37.258032969623606, 0.0001, 1.0], "k_pid_yaw": [0.5, 1e-06, 0.1], "k_pid_hsp": [3.1702875302457003, 1.0, 1.0], "k_pid_vsp": [288.89055756750514, 270.5149426786497, 138.53586977148163]}, "datetime": {"datetime": "2025-08-21 19:42:08", "elapsed": 39444.68418073654, "delta": 43.522475719451904}, "costs": {"total_cost": 1101.5820412263047, "time_cost": 150, "final_distance_cost": 39.446800622565654, "oscillation_cost": 250.494597181646, "completition_cost": 555.5555555555555, "overshoot_cost": 66.51493633614587, "power_cost": 23.422045849609376, "noise_cost": 16.148105680782436, "n_waypoints_completed": 4, "tot_waypoints": 9}}
{"target": -417.1983472556207, "params": {"k_pid_pos": [1.0599041149814694, 0.7366410350367374, 0.6241530803197648], "k_pid_alt": [0.6839100995511047, 0.2821634128681261, 0.10793248728104665], "k_pid_att": [93.54768759391621, 5.594939365664105, 0.23462341252525531], "k_pid_yaw": [0.5, 1e-06, 0.1], "k_pid_hsp": [3.8252123745840474, 0.4227665477445428, 0.40009224564116963], "k_pid_vsp": [248.0505925173559, 316.30105145579256, 11.748616087120384]}, "datetime": {"datetime": "2025-08-21 19:42:45", "elapsed": 39482.38258075714, "delta": 37.698400020599365}, "costs": {"total_cost": 417.1983472556207, "time_cost": 96.264, "final_distance_cost": 1.7876982412489462, "oscillation_cost": 218.6833644109561, "completition_cost": 0.0, "overshoot_cost": 55.11455865330367, "power_cost": 25.57267177734375, "noise_cost": 19.776054172768237, "n_waypoints_completed": 9, "tot_waypoints": 9}}
{"target": -1264.6539870596691, "params": {"k_pid_pos": [0.0001, 0.0, 1.0], "k_pid_alt": [2.0, 0.0, 0.0], "k_pid_att": [14.850613444213163, 4.308993829673004, 1.0], "k_pid_yaw": [0.5, 1e-06, 0.1], "k_pid_hsp": [3.6031039567662897, 0.0, 0.0], "k_pid_vsp": [175.61902290083088, 336.76492448814986, 105.21052598431076]}, "datetime": {"datetime": "2025-08-21 19:43:25", "elapsed": 39521.861629486084, "delta": 39.47904872894287}, "costs": {"total_cost": 1264.6539870596691, "time_cost": 150, "final_distance_cost": 46.29457376608619, "oscillation_cost": 18.445904991277196, "completition_cost": 1000.0, "overshoot_cost": 31.491036155607336, "power_cost": 9.413931127929688, "noise_cost": 9.008541018768417, "n_waypoints_completed": 0, "tot_waypoints": 9}}
{"target": -874.779376788181, "params": {"k_pid_pos": [1.0164480288404487, 0.17022674648063418, 0.8493419789304194], "k_pid_alt": [1.7445928957309111, 0.7229546061665989, 0.7081830233464915], "k_pid_att": [58.268651374239845, 5.585430351467297, 0.19551294130618668], "k_pid_yaw": [0.5, 1e-06, 0.1], "k_pid_hsp": [8.054559726194515, 0.5318069598372298, 0.1399412808552246], "k_pid_vsp": [115.67565896521337, 143.7957920255761, 119.31659844585919]}, "datetime": {"datetime": "2025-08-21 19:44:05", "elapsed": 39562.23061966896, "delta": 40.36899018287659}, "costs": {"total_cost": 874.779376788181, "time_cost": 150, "final_distance_cost": 69.45899331256129, "oscillation_cost": 354.14852794785224, "completition_cost": 222.2222222222222, "overshoot_cost": 50.00052629728919, "power_cost": 15.675884362792969, "noise_cost": 13.273222645463186, "n_waypoints_completed": 7, "tot_waypoints": 9}}
{"target": -822.0805728350407, "params": {"k_pid_pos": [1.0092771586980442, 0.5521346010600752, 0.5308975607992843], "k_pid_alt": [0.8175314228284876, 0.053316887587429064, 0.5198606478503356], "k_pid_att": [62.22042160829701, 7.325756735316939, 0.663091020526533], "k_pid_yaw": [0.5, 1e-06, 0.1], "k_pid_hsp": [6.665971586434014, 0.42445856981593366, 0.6491296231495624], "k_pid_vsp": [39.77902332292634, 356.79662616968125, 133.533831353471]}, "datetime": {"datetime": "2025-08-21 19:44:43", "elapsed": 39599.78144645691, "delta": 37.55082678794861}, "costs": {"total_cost": 822.0805728350407, "time_cost": 150, "final_distance_cost": 66.50717320341313, "oscillation_cost": 293.27630567702874, "completition_cost": 222.2222222222222, "overshoot_cost": 46.69936812766576, "power_cost": 25.346109716796875, "noise_cost": 18.029393887914107, "n_waypoints_completed": 7, "tot_waypoints": 9}}
{"target": -364.92805498512996, "params": {"k_pid_pos": [1.9373553637807543, 0.031264560958660446, 0.8036732934010731], "k_pid_alt": [1.9384012305651512, 0.903457835872688, 0.16265221598561308], "k_pid_att": [15.255348058091892, 4.972185060199679, 0.032603407771415356], "k_pid_yaw": [0.5, 1e-06, 0.1], "k_pid_hsp": [8.172619859374084, 0.07563294360774411, 0.12894355114350653], "k_pid_vsp": [352.37788533916074, 368.808786045638, 197.99381049776207]}, "datetime": {"datetime": "2025-08-21 19:45:14", "elapsed": 39631.27829146385, "delta": 31.49684500694275}, "costs": {"total_cost": 364.92805498512996, "time_cost": 80.144, "final_distance_cost": 1.7923239664972033, "oscillation_cost": 203.1155902783591, "completition_cost": 0.0, "overshoot_cost": 53.17774177941515, "power_cost": 15.108797875976563, "noise_cost": 11.589601084881933, "n_waypoints_completed": 9, "tot_waypoints": 9}}
{"target": -392.0329693912898, "params": {"k_pid_pos": [1.663721038046083, 0.11527834095354997, 0.5183348609292172], "k_pid_alt": [2.0, 0.03401971388722234, 0.6187027993110215], "k_pid_att": [66.78479700029143, 0.0001, 0.9594975545922584], "k_pid_yaw": [0.5, 1e-06, 0.1], "k_pid_hsp": [8.100371448994322, 0.9258989800271865, 1.0], "k_pid_vsp": [254.9824804164419, 268.0266425231732, 269.1339702069244]}, "datetime": {"datetime": "2025-08-21 19:45:45", "elapsed": 39661.46613121033, "delta": 30.18783974647522}, "costs": {"total_cost": 392.0329693912898, "time_cost": 83.896, "final_distance_cost": 1.7853702693464955, "oscillation_cost": 214.44360832593475, "completition_cost": 0.0, "overshoot_cost": 57.30453420854885, "power_cost": 19.56371109619141, "noise_cost": 15.03974549126824, "n_waypoints_completed": 9, "tot_waypoints": 9}}
{"target": -1192.4361523025593, "params": {"k_pid_pos": [0.04887379668051321, 0.541731825217688, 0.3851376879087335], "k_pid_alt": [0.444148048987979, 0.7232167876922602, 0.08899677172136722], "k_pid_att": [27.92367718820328, 2.6687772929765305, 0.3367382279815372], "k_pid_yaw": [0.5, 1e-06, 0.1], "k_pid_hsp": [2.088990667552925, 0.8969505518224737, 0.00787719734828718], "k_pid_vsp": [233.9721493198752, 319.163882457531, 8.562093677219103]}, "datetime": {"datetime": "2025-08-21 19:46:25", "elapsed": 39702.12665724754, "delta": 40.66052603721619}, "costs": {"total_cost": 1192.4361523025593, "time_cost": 150, "final_distance_cost": 67.0122498091855, "oscillation_cost": 28.42977791278296, "completition_cost": 888.8888888888888, "overshoot_cost": 25.141922582848743, "power_cost": 18.251746105957032, "noise_cost": 14.71156700289632, "n_waypoints_completed": 1, "tot_waypoints": 9}}
