{"target": -2938.1333775419785, "params": {"k_pid_pos": [1.987612009048462, 0.0030457377433776855, 0.11597940325737], "k_pid_alt": [0.0, 0.0, 0.990622341632843], "k_pid_att": [3.890028476715088, 9.745621681213379, 1.0], "k_pid_yaw": [0.5, 1e-06, 0.1], "k_pid_hsp": [0.00790783204138279, 1.0, 0.99258953332901], "k_pid_vsp": [0.0, 383.87762451171875, 389.7011413574219]}, "datetime": {"datetime": "2025-08-21 13:53:45", "elapsed": 18541.84018754959, "delta": 23.043022394180298}, "costs": {"total_cost": 2938.1333775419785, "time_cost": 150, "final_distance_cost": 527.3099900480499, "oscillation_cost": 249.15193365994236, "completition_cost": 1000.0, "overshoot_cost": 964.2300492748403, "power_cost": 25.672299279785157, "noise_cost": 21.769105279360545, "n_waypoints_completed": 0, "tot_waypoints": 9}}
{"target": -7275.805261477192, "params": {"k_pid_pos": [1.943892240524292, 0.006790071725845337, 0.0], "k_pid_alt": [0.07137936353683472, 0.008576273918151855, 0.9325536489486694], "k_pid_att": [0.0, 9.3877534866333, 1.0], "k_pid_yaw": [0.5, 1e-06, 0.1], "k_pid_hsp": [9.999999747378752e-05, 0.9498352408409119, 0.937282383441925], "k_pid_vsp": [25.119077682495117, 397.29205322265625, 400.0]}, "datetime": {"datetime": "2025-08-21 13:54:08", "elapsed": 18564.8306889534, "delta": 22.990501403808594}, "costs": {"total_cost": 7275.805261477192, "time_cost": 150, "final_distance_cost": 1731.1899234478412, "oscillation_cost": 1757.0214516051822, "completition_cost": 1000.0, "overshoot_cost": 2502.9535438811768, "power_cost": 33.78726043701172, "noise_cost": 100.85308210598048, "n_waypoints_completed": 0, "tot_waypoints": 9}}
{"target": -3185.885917018085, "params": {"k_pid_pos": [2.0, 0.006544619798660278, 0.04031485319137573], "k_pid_alt": [0.006398797035217285, 0.0, 1.0], "k_pid_att": [0.0, 10.0, 0.9532706141471863], "k_pid_yaw": [0.5, 1e-06, 0.1], "k_pid_hsp": [9.999999747378752e-05, 0.9659678936004639, 1.0], "k_pid_vsp": [8.265209197998047, 399.6407165527344, 400.0]}, "datetime": {"datetime": "2025-08-21 13:54:32", "elapsed": 18588.749874591827, "delta": 23.919185638427734}, "costs": {"total_cost": 3185.885917018085, "time_cost": 150, "final_distance_cost": 268.69852820312485, "oscillation_cost": 1242.0895310648807, "completition_cost": 1000.0, "overshoot_cost": 399.97408050652945, "power_cost": 30.9077916015625, "noise_cost": 94.215985641987, "n_waypoints_completed": 0, "tot_waypoints": 9}}
{"target": -2077.3701278930544, "params": {"k_pid_pos": [2.0, 0.029915273189544678, 0.0], "k_pid_alt": [0.0, 0.034639716148376465, 0.9602339267730713], "k_pid_att": [1.3731956481933594, 9.645401000976562, 1.0], "k_pid_yaw": [0.5, 1e-06, 0.1], "k_pid_hsp": [1.1492493152618408, 0.9950582385063171, 0.9945653676986694], "k_pid_vsp": [0.0, 400.0, 400.0]}, "datetime": {"datetime": "2025-08-21 13:54:55", "elapsed": 18611.87227654457, "delta": 23.12240195274353}, "costs": {"total_cost": 2077.3701278930544, "time_cost": 150, "final_distance_cost": 30.484328442110254, "oscillation_cost": 601.6936167086714, "completition_cost": 1000.0, "overshoot_cost": 170.77617214458573, "power_cost": 31.172137927246094, "noise_cost": 93.24387267044114, "n_waypoints_completed": 0, "tot_waypoints": 9}}
{"target": -4235.125115175171, "params": {"k_pid_pos": [1.867727279663086, 0.0, 0.02545219659805298], "k_pid_alt": [0.0, 0.00954437255859375, 0.9793140888214111], "k_pid_att": [0.0, 9.924101829528809, 1.0], "k_pid_yaw": [0.5, 1e-06, 0.1], "k_pid_hsp": [0.05396656319499016, 1.0, 1.0], "k_pid_vsp": [0.0, 400.0, 400.0]}, "datetime": {"datetime": "2025-08-21 13:55:18", "elapsed": 18634.52334046364, "delta": 22.651063919067383}, "costs": {"total_cost": 4235.125115175171, "time_cost": 150, "final_distance_cost": 458.69930538462796, "oscillation_cost": 1431.4376160799047, "completition_cost": 1000.0, "overshoot_cost": 1066.2406296762786, "power_cost": 31.896051708984377, "noise_cost": 96.85151232537532, "n_waypoints_completed": 0, "tot_waypoints": 9}}
{"target": -1665.6633558988763, "params": {"k_pid_pos": [2.0, 0.04633113741874695, 0.0], "k_pid_alt": [0.2453327775001526, 0.0, 1.0], "k_pid_att": [4.824084281921387, 10.0, 1.0], "k_pid_yaw": [0.5, 1e-06, 0.1], "k_pid_hsp": [0.017723724246025085, 1.0, 1.0], "k_pid_vsp": [0.0, 400.0, 394.13134765625]}, "datetime": {"datetime": "2025-08-21 13:55:41", "elapsed": 18657.596749544144, "delta": 23.07340908050537}, "costs": {"total_cost": 1665.6633558988763, "time_cost": 150, "final_distance_cost": 6.067829940176832, "oscillation_cost": 246.8690539037167, "completition_cost": 1000.0, "overshoot_cost": 220.611399285924, "power_cost": 21.127288598632813, "noise_cost": 20.98778417042577, "n_waypoints_completed": 0, "tot_waypoints": 9}}
{"target": -6782.5942281421485, "params": {"k_pid_pos": [1.9785107374191284, 0.0, 0.0], "k_pid_alt": [0.033341169357299805, 0.016114622354507446, 0.9446141719818115], "k_pid_att": [0.4036903381347656, 10.0, 1.0], "k_pid_yaw": [0.5, 1e-06, 0.1], "k_pid_hsp": [0.6132376194000244, 0.9811218976974487, 1.0], "k_pid_vsp": [0.7569670677185059, 400.0, 400.0]}, "datetime": {"datetime": "2025-08-21 13:56:04", "elapsed": 18680.694544315338, "delta": 23.097794771194458}, "costs": {"total_cost": 6782.5942281421485, "time_cost": 150, "final_distance_cost": 1083.9200355005507, "oscillation_cost": 2053.612139072338, "completition_cost": 1000.0, "overshoot_cost": 2366.7410049585687, "power_cost": 31.77509265136719, "noise_cost": 96.54595595932344, "n_waypoints_completed": 0, "tot_waypoints": 9}}
{"target": -1738.8554507474475, "params": {"k_pid_pos": [1.9941534996032715, 0.0, 7.605552673339844e-05], "k_pid_alt": [0.0, 0.020989209413528442, 0.9129319190979004], "k_pid_att": [6.247210502624512, 9.801225662231445, 1.0], "k_pid_yaw": [0.5, 1e-06, 0.1], "k_pid_hsp": [9.999999747378752e-05, 0.982426643371582, 0.9588860273361206], "k_pid_vsp": [11.02445125579834, 391.6398620605469, 395.2338562011719]}, "datetime": {"datetime": "2025-08-21 13:56:27", "elapsed": 18704.04710006714, "delta": 23.352555751800537}, "costs": {"total_cost": 1738.8554507474475, "time_cost": 150, "final_distance_cost": 49.83850097564672, "oscillation_cost": 216.7259404549181, "completition_cost": 1000.0, "overshoot_cost": 260.53628819946937, "power_cost": 19.710062280273437, "noise_cost": 42.044658837140055, "n_waypoints_completed": 0, "tot_waypoints": 9}}
{"target": -3698.7731272787328, "params": {"k_pid_pos": [2.0, 0.0062957704067230225, 0.015040010213851929], "k_pid_alt": [0.07592546939849854, 0.0, 1.0], "k_pid_att": [0.0, 10.0, 0.9134303331375122], "k_pid_yaw": [0.5, 1e-06, 0.1], "k_pid_hsp": [9.999999747378752e-05, 0.994538426399231, 0.9695971012115479], "k_pid_vsp": [0.4275798797607422, 375.495849609375, 394.2406311035156]}, "datetime": {"datetime": "2025-08-21 13:56:51", "elapsed": 18727.5723361969, "delta": 23.525236129760742}, "costs": {"total_cost": 3698.7731272787328, "time_cost": 150, "final_distance_cost": 452.5951386467932, "oscillation_cost": 1220.0568357382192, "completition_cost": 1000.0, "overshoot_cost": 749.9461370343513, "power_cost": 31.187707556152347, "noise_cost": 94.98730830321647, "n_waypoints_completed": 0, "tot_waypoints": 9}}
{"target": -2218.4962112929584, "params": {"k_pid_pos": [2.0, 0.0, 0.0], "k_pid_alt": [0.01529783010482788, 0.0, 0.965125322341919], "k_pid_att": [1.5148550271987915, 9.280876159667969, 1.0], "k_pid_yaw": [0.5, 1e-06, 0.1], "k_pid_hsp": [9.999999747378752e-05, 0.9653410911560059, 1.0], "k_pid_vsp": [0.0, 400.0, 400.0]}, "datetime": {"datetime": "2025-08-21 13:57:14", "elapsed": 18750.642821788788, "delta": 23.070485591888428}, "costs": {"total_cost": 2218.4962112929584, "time_cost": 150, "final_distance_cost": 87.55689153509935, "oscillation_cost": 544.002629217094, "completition_cost": 1000.0, "overshoot_cost": 312.98231661850133, "power_cost": 31.195108435058597, "noise_cost": 92.75926548720507, "n_waypoints_completed": 0, "tot_waypoints": 9}}
{"target": -4963.651305921601, "params": {"k_pid_pos": [1.8583327531814575, 0.10173776745796204, 0.030836045742034912], "k_pid_alt": [0.0, 0.028352200984954834, 0.9440628290176392], "k_pid_att": [0.0, 10.0, 0.9439973831176758], "k_pid_yaw": [0.5, 1e-06, 0.1], "k_pid_hsp": [9.999999747378752e-05, 1.0, 0.9261965751647949], "k_pid_vsp": [0.0, 390.31524658203125, 395.5018615722656]}, "datetime": {"datetime": "2025-08-21 13:57:37", "elapsed": 18774.030328035355, "delta": 23.387506246566772}, "costs": {"total_cost": 4963.651305921601, "time_cost": 150, "final_distance_cost": 361.7888704952596, "oscillation_cost": 1859.3663412863123, "completition_cost": 1000.0, "overshoot_cost": 1455.0794269442104, "power_cost": 34.7384328491211, "noise_cost": 102.67823434669832, "n_waypoints_completed": 0, "tot_waypoints": 9}}
{"target": -7327.150375694643, "params": {"k_pid_pos": [1.949934482574463, 0.022581756114959717, 0.06535720825195312], "k_pid_alt": [0.050216853618621826, 0.08441680669784546, 1.0], "k_pid_att": [0.0, 9.161985397338867, 0.8621671795845032], "k_pid_yaw": [0.5, 1e-06, 0.1], "k_pid_hsp": [9.999999747378752e-05, 1.0, 1.0], "k_pid_vsp": [17.086589813232422, 378.7267761230469, 400.0]}, "datetime": {"datetime": "2025-08-21 13:58:00", "elapsed": 18796.88119506836, "delta": 22.85086703300476}, "costs": {"total_cost": 7327.150375694643, "time_cost": 150, "final_distance_cost": 1493.4803083069287, "oscillation_cost": 979.499057822777, "completition_cost": 1000.0, "overshoot_cost": 3572.9205067046564, "power_cost": 32.81791263427735, "noise_cost": 98.43259022600354, "n_waypoints_completed": 0, "tot_waypoints": 9}}
{"target": -5100.637581709834, "params": {"k_pid_pos": [2.0, 0.009527862071990967, 0.014241218566894531], "k_pid_alt": [0.0, 0.0, 0.9609647989273071], "k_pid_att": [0.0, 10.0, 0.9431581497192383], "k_pid_yaw": [0.5, 1e-06, 0.1], "k_pid_hsp": [0.3282509744167328, 1.0, 0.9908080697059631], "k_pid_vsp": [0.0, 400.0, 400.0]}, "datetime": {"datetime": "2025-08-21 13:58:23", "elapsed": 18820.35444831848, "delta": 23.47325325012207}, "costs": {"total_cost": 5100.637581709834, "time_cost": 150, "final_distance_cost": 468.79904848539155, "oscillation_cost": 2094.100694222741, "completition_cost": 1000.0, "overshoot_cost": 1281.1356235205492, "power_cost": 24.218381079101565, "noise_cost": 82.38383440205158, "n_waypoints_completed": 0, "tot_waypoints": 9}}
{"target": -1710.671163545315, "params": {"k_pid_pos": [1.9199641942977905, 0.0, 0.0], "k_pid_alt": [0.09066319465637207, 0.0, 1.0], "k_pid_att": [8.259126663208008, 9.660229682922363, 0.9586825966835022], "k_pid_yaw": [0.5, 1e-06, 0.1], "k_pid_hsp": [9.999999747378752e-05, 1.0, 1.0], "k_pid_vsp": [0.0, 400.0, 400.0]}, "datetime": {"datetime": "2025-08-21 13:58:47", "elapsed": 18843.51390480995, "delta": 23.159456491470337}, "costs": {"total_cost": 1710.671163545315, "time_cost": 150, "final_distance_cost": 13.949145797512909, "oscillation_cost": 306.82337752790295, "completition_cost": 1000.0, "overshoot_cost": 152.0501131079011, "power_cost": 23.16356356201172, "noise_cost": 64.6849635499863, "n_waypoints_completed": 0, "tot_waypoints": 9}}
{"target": -7270.211797161295, "params": {"k_pid_pos": [2.0, 0.04456418752670288, 0.0], "k_pid_alt": [0.0, 0.0, 0.9473744630813599], "k_pid_att": [0.0, 9.731550216674805, 1.0], "k_pid_yaw": [0.5, 1e-06, 0.1], "k_pid_hsp": [0.7511226534843445, 1.0, 1.0], "k_pid_vsp": [14.00560188293457, 398.979736328125, 396.2138671875]}, "datetime": {"datetime": "2025-08-21 13:59:10", "elapsed": 18867.063663244247, "delta": 23.549758434295654}, "costs": {"total_cost": 7270.211797161295, "time_cost": 150, "final_distance_cost": 1651.7229255794002, "oscillation_cost": 1929.2577462038084, "completition_cost": 1000.0, "overshoot_cost": 2426.747050147705, "power_cost": 25.293941650390625, "noise_cost": 87.19013357999025, "n_waypoints_completed": 0, "tot_waypoints": 9}}
{"target": -12790.070374763105, "params": {"k_pid_pos": [1.939141035079956, 0.010834991931915283, 0.0], "k_pid_alt": [0.0, 0.0, 0.9307243824005127], "k_pid_att": [0.0, 10.0, 1.0], "k_pid_yaw": [0.5, 1e-06, 0.1], "k_pid_hsp": [0.07721392810344696, 0.9824779033660889, 0.9985717535018921], "k_pid_vsp": [15.459573745727539, 378.2386474609375, 400.0]}, "datetime": {"datetime": "2025-08-21 13:59:34", "elapsed": 18890.48741865158, "delta": 23.423755407333374}, "costs": {"total_cost": 12790.070374763105, "time_cost": 150, "final_distance_cost": 4244.749019775566, "oscillation_cost": 1677.9615499752817, "completition_cost": 1000.0, "overshoot_cost": 5597.27951066416, "power_cost": 27.911066137695315, "noise_cost": 92.16922821040309, "n_waypoints_completed": 0, "tot_waypoints": 9}}
{"target": -1730.5708049169316, "params": {"k_pid_pos": [1.9888854026794434, 0.003764718770980835, 0.0], "k_pid_alt": [0.00462573766708374, 0.0, 1.0], "k_pid_att": [4.278773307800293, 10.0, 0.9928669929504395], "k_pid_yaw": [0.5, 1e-06, 0.1], "k_pid_hsp": [0.12599894404411316, 0.9395390152931213, 1.0], "k_pid_vsp": [0.9477972984313965, 400.0, 400.0]}, "datetime": {"datetime": "2025-08-21 13:59:57", "elapsed": 18913.846344947815, "delta": 23.35892629623413}, "costs": {"total_cost": 1730.5708049169316, "time_cost": 150, "final_distance_cost": 27.319599378455145, "oscillation_cost": 290.0641446695314, "completition_cost": 1000.0, "overshoot_cost": 176.41253880445808, "power_cost": 20.504740380859374, "noise_cost": 66.26978168362746, "n_waypoints_completed": 0, "tot_waypoints": 9}}
{"target": -6174.783475667352, "params": {"k_pid_pos": [1.8815662860870361, 0.0, 0.0], "k_pid_alt": [0.13601726293563843, 0.025740593671798706, 0.9008112549781799], "k_pid_att": [0.0, 9.797018051147461, 1.0], "k_pid_yaw": [0.5, 1e-06, 0.1], "k_pid_hsp": [9.999999747378752e-05, 1.0, 1.0], "k_pid_vsp": [0.0, 394.0868835449219, 400.0]}, "datetime": {"datetime": "2025-08-21 14:00:20", "elapsed": 18936.679505109787, "delta": 22.833160161972046}, "costs": {"total_cost": 6174.783475667352, "time_cost": 150, "final_distance_cost": 788.3964787332967, "oscillation_cost": 1865.8630605918881, "completition_cost": 1000.0, "overshoot_cost": 2241.711415429862, "power_cost": 31.85566883544922, "noise_cost": 96.95685207685652, "n_waypoints_completed": 0, "tot_waypoints": 9}}
{"target": -2008.4239951640636, "params": {"k_pid_pos": [2.0, 0.0005922317504882812, 0.038746416568756104], "k_pid_alt": [0.0, 0.008523881435394287, 0.9540332555770874], "k_pid_att": [3.9536893367767334, 9.316720962524414, 0.9863914251327515], "k_pid_yaw": [0.5, 1e-06, 0.1], "k_pid_hsp": [9.999999747378752e-05, 1.0, 0.9545014500617981], "k_pid_vsp": [24.359535217285156, 400.0, 400.0]}, "datetime": {"datetime": "2025-08-21 14:00:43", "elapsed": 18960.187573432922, "delta": 23.508068323135376}, "costs": {"total_cost": 2008.4239951640636, "time_cost": 150, "final_distance_cost": 170.57834119138184, "oscillation_cost": 256.0177569235378, "completition_cost": 1000.0, "overshoot_cost": 362.652415610637, "power_cost": 19.124805517578125, "noise_cost": 50.05067592092893, "n_waypoints_completed": 0, "tot_waypoints": 9}}
{"target": -1922.4220713655563, "params": {"k_pid_pos": [2.0, 0.0, 0.0], "k_pid_alt": [0.025687992572784424, 0.05371183156967163, 0.8753782510757446], "k_pid_att": [2.1603198051452637, 9.245133399963379, 1.0], "k_pid_yaw": [0.5, 1e-06, 0.1], "k_pid_hsp": [9.999999747378752e-05, 1.0, 0.9944076538085938], "k_pid_vsp": [36.12411117553711, 386.5899658203125, 360.40252685546875]}, "datetime": {"datetime": "2025-08-21 14:01:06", "elapsed": 18983.31329393387, "delta": 23.125720500946045}, "costs": {"total_cost": 1922.4220713655563, "time_cost": 150, "final_distance_cost": 54.16594708092166, "oscillation_cost": 403.51815914905615, "completition_cost": 1000.0, "overshoot_cost": 204.52680031423472, "power_cost": 27.529223840332033, "noise_cost": 82.68194098101213, "n_waypoints_completed": 0, "tot_waypoints": 9}}
{"target": -3591.2940565239196, "params": {"k_pid_pos": [1.9732226133346558, 0.0, 0.0], "k_pid_alt": [0.13022363185882568, 0.0, 0.9840510487556458], "k_pid_att": [10.594881057739258, 9.580236434936523, 1.0], "k_pid_yaw": [0.5, 1e-06, 0.1], "k_pid_hsp": [0.41331249475479126, 1.0, 1.0], "k_pid_vsp": [15.851629257202148, 396.0077819824219, 400.0]}, "datetime": {"datetime": "2025-08-21 14:01:30", "elapsed": 19006.93261384964, "delta": 23.619319915771484}, "costs": {"total_cost": 3591.2940565239196, "time_cost": 150, "final_distance_cost": 958.0765433915523, "oscillation_cost": 252.11535867104888, "completition_cost": 1000.0, "overshoot_cost": 1190.0808866417626, "power_cost": 18.990966796875, "noise_cost": 22.0303010226808, "n_waypoints_completed": 0, "tot_waypoints": 9}}
{"target": -3558.3997411830883, "params": {"k_pid_pos": [1.9635504484176636, 0.01385408639907837, 0.0], "k_pid_alt": [0.004537761211395264, 0.0, 1.0], "k_pid_att": [0.3288537263870239, 10.0, 0.9401988983154297], "k_pid_yaw": [0.5, 1e-06, 0.1], "k_pid_hsp": [0.12645313143730164, 1.0, 0.9853706359863281], "k_pid_vsp": [0.0, 376.0898132324219, 397.96636962890625]}, "datetime": {"datetime": "2025-08-21 14:01:53", "elapsed": 19029.917546272278, "delta": 22.98493242263794}, "costs": {"total_cost": 3558.3997411830883, "time_cost": 150, "final_distance_cost": 220.70096422236875, "oscillation_cost": 1511.5363449003937, "completition_cost": 1000.0, "overshoot_cost": 549.443944028843, "power_cost": 31.601035461425784, "noise_cost": 95.11745257005717, "n_waypoints_completed": 0, "tot_waypoints": 9}}
{"target": -2555.641458255548, "params": {"k_pid_pos": [2.0, 0.0, 0.0], "k_pid_alt": [0.0, 0.0, 0.9931191205978394], "k_pid_att": [0.0, 10.0, 1.0], "k_pid_yaw": [0.5, 1e-06, 0.1], "k_pid_hsp": [9.999999747378752e-05, 1.0, 0.9737464189529419], "k_pid_vsp": [0.0, 400.0, 358.7040710449219]}, "datetime": {"datetime": "2025-08-21 14:02:16", "elapsed": 19052.889626264572, "delta": 22.97207999229431}, "costs": {"total_cost": 2555.641458255548, "time_cost": 150, "final_distance_cost": 277.9013547283446, "oscillation_cost": 588.3180005798571, "completition_cost": 1000.0, "overshoot_cost": 459.7224441509598, "power_cost": 15.138954614257813, "noise_cost": 64.56070418212899, "n_waypoints_completed": 0, "tot_waypoints": 9}}
{"target": -1632.1850378940858, "params": {"k_pid_pos": [2.0, 0.0468345582485199, 0.0], "k_pid_alt": [0.0766645073890686, 0.0, 0.9782860279083252], "k_pid_att": [6.292766571044922, 10.0, 1.0], "k_pid_yaw": [0.5, 1e-06, 0.1], "k_pid_hsp": [0.6269140839576721, 1.0, 1.0], "k_pid_vsp": [0.0, 379.14129638671875, 400.0]}, "datetime": {"datetime": "2025-08-21 14:02:39", "elapsed": 19076.263087034225, "delta": 23.37346076965332}, "costs": {"total_cost": 1632.1850378940858, "time_cost": 150, "final_distance_cost": 69.42406951506369, "oscillation_cost": 322.3552911810991, "completition_cost": 888.8888888888888, "overshoot_cost": 128.30736847958715, "power_cost": 19.154652258300782, "noise_cost": 54.0547675711462, "n_waypoints_completed": 1, "tot_waypoints": 9}}
{"target": -3125.6014148300565, "params": {"k_pid_pos": [1.8975346088409424, 0.0, 0.030248701572418213], "k_pid_alt": [0.0, 0.03395003080368042, 0.9965424537658691], "k_pid_att": [0.3991842269897461, 10.0, 0.9601991176605225], "k_pid_yaw": [0.5, 1e-06, 0.1], "k_pid_hsp": [0.7657920718193054, 0.9796754121780396, 1.0], "k_pid_vsp": [22.368167877197266, 382.857666015625, 393.5397033691406]}, "datetime": {"datetime": "2025-08-21 14:03:02", "elapsed": 19099.39005255699, "delta": 23.126965522766113}, "costs": {"total_cost": 3125.6014148300565, "time_cost": 150, "final_distance_cost": 197.35396657233346, "oscillation_cost": 1404.6929424891641, "completition_cost": 1000.0, "overshoot_cost": 243.1009914784792, "power_cost": 32.64048397216797, "noise_cost": 97.81303031791195, "n_waypoints_completed": 0, "tot_waypoints": 9}}
{"target": -9940.025637031758, "params": {"k_pid_pos": [2.0, 0.0, 0.0], "k_pid_alt": [0.0, 0.014404207468032837, 1.0], "k_pid_att": [0.0, 10.0, 1.0], "k_pid_yaw": [0.5, 1e-06, 0.1], "k_pid_hsp": [9.999999747378752e-05, 0.9422169327735901, 0.8818126916885376], "k_pid_vsp": [19.882511138916016, 400.0, 391.3348083496094]}, "datetime": {"datetime": "2025-08-21 14:03:26", "elapsed": 19123.01304626465, "delta": 23.62299370765686}, "costs": {"total_cost": 9940.025637031758, "time_cost": 150, "final_distance_cost": 2851.2416407325477, "oscillation_cost": 639.4957539923209, "completition_cost": 1000.0, "overshoot_cost": 5174.680269630612, "power_cost": 31.30851748046875, "noise_cost": 93.29945519580805, "n_waypoints_completed": 0, "tot_waypoints": 9}}
{"target": -10158.290972758454, "params": {"k_pid_pos": [1.885945439338684, 0.0, 0.014571219682693481], "k_pid_alt": [0.06521499156951904, 0.10520964860916138, 0.9602018594741821], "k_pid_att": [0.0, 10.0, 1.0], "k_pid_yaw": [0.5, 1e-06, 0.1], "k_pid_hsp": [9.999999747378752e-05, 1.0, 0.9562715291976929], "k_pid_vsp": [40.46419906616211, 379.45050048828125, 400.0]}, "datetime": {"datetime": "2025-08-21 14:03:49", "elapsed": 19146.122277498245, "delta": 23.1092312335968}, "costs": {"total_cost": 10158.290972758454, "time_cost": 150, "final_distance_cost": 3207.3436740319, "oscillation_cost": 2175.0771619160596, "completition_cost": 1000.0, "overshoot_cost": 3491.105363468639, "power_cost": 33.85624322509766, "noise_cost": 100.90853011675526, "n_waypoints_completed": 0, "tot_waypoints": 9}}
{"target": -1661.740921719588, "params": {"k_pid_pos": [1.9320855140686035, 0.0, 0.0], "k_pid_alt": [0.0, 0.0, 1.0], "k_pid_att": [5.298292636871338, 10.0, 0.9916913509368896], "k_pid_yaw": [0.5, 1e-06, 0.1], "k_pid_hsp": [9.999999747378752e-05, 0.9191303253173828, 1.0], "k_pid_vsp": [6.08980655670166, 400.0, 400.0]}, "datetime": {"datetime": "2025-08-21 14:04:14", "elapsed": 19170.59947657585, "delta": 24.4771990776062}, "costs": {"total_cost": 1661.740921719588, "time_cost": 150, "final_distance_cost": 36.70637501966827, "oscillation_cost": 272.0692111227763, "completition_cost": 1000.0, "overshoot_cost": 139.1725367758706, "power_cost": 18.75080672607422, "noise_cost": 45.04199207519848, "n_waypoints_completed": 0, "tot_waypoints": 9}}
