{"target": -2156.7426228093077, "params": {"k_pid_pos": [1.9574778079986572, 0.0, 0.0981789231300354], "k_pid_alt": [0.05234956741333008, 0.06268715858459473, 1.0], "k_pid_att": [2.114865303039551, 9.67499828338623, 1.0], "k_pid_yaw": [0.5, 1e-06, 0.1], "k_pid_hsp": [0.280108779668808, 0.9319357872009277, 1.0], "k_pid_vsp": [17.206680297851562, 400.0, 375.7339172363281]}, "datetime": {"datetime": "2025-08-21 14:04:41", "elapsed": 19198.116645097733, "delta": 27.517168521881104}, "costs": {"total_cost": 2156.7426228093077, "time_cost": 150, "final_distance_cost": 118.71096421918956, "oscillation_cost": 416.62228722780065, "completition_cost": 1000.0, "overshoot_cost": 360.150018660203, "power_cost": 27.57373533935547, "noise_cost": 83.68561736275892, "n_waypoints_completed": 0, "tot_waypoints": 9}}
{"target": -2544.6029681799473, "params": {"k_pid_pos": [1.9972084760665894, 0.05553525686264038, 0.0], "k_pid_alt": [0.10332006216049194, 0.0, 1.0], "k_pid_att": [5.666771411895752, 10.0, 1.0], "k_pid_yaw": [0.5, 1e-06, 0.1], "k_pid_hsp": [9.999999747378752e-05, 1.0, 0.9404208660125732], "k_pid_vsp": [16.937171936035156, 385.0435791015625, 396.4686279296875]}, "datetime": {"datetime": "2025-08-21 14:05:06", "elapsed": 19222.555069684982, "delta": 24.438424587249756}, "costs": {"total_cost": 2544.6029681799473, "time_cost": 150, "final_distance_cost": 557.4417158083655, "oscillation_cost": 153.5747242636374, "completition_cost": 1000.0, "overshoot_cost": 649.858381915694, "power_cost": 18.585765185546876, "noise_cost": 15.142381006703564, "n_waypoints_completed": 0, "tot_waypoints": 9}}
{"target": -5611.971667718376, "params": {"k_pid_pos": [1.9874619245529175, 0.03430455923080444, 0.0], "k_pid_alt": [0.03523516654968262, 0.030600816011428833, 0.977898895740509], "k_pid_att": [0.0, 10.0, 0.9906224608421326], "k_pid_yaw": [0.5, 1e-06, 0.1], "k_pid_hsp": [9.999999747378752e-05, 1.0, 0.9824509024620056], "k_pid_vsp": [0.0, 400.0, 374.26739501953125]}, "datetime": {"datetime": "2025-08-21 14:05:29", "elapsed": 19245.678461313248, "delta": 23.12339162826538}, "costs": {"total_cost": 5611.971667718376, "time_cost": 150, "final_distance_cost": 994.1594581714456, "oscillation_cost": 1193.481306847831, "completition_cost": 1000.0, "overshoot_cost": 2146.3315958650737, "power_cost": 31.828540625000002, "noise_cost": 96.17076620902616, "n_waypoints_completed": 0, "tot_waypoints": 9}}
{"target": -1727.7897425810074, "params": {"k_pid_pos": [2.0, 0.0, 0.0028981566429138184], "k_pid_alt": [0.0, 0.024841398000717163, 0.9430279731750488], "k_pid_att": [3.467118740081787, 9.25727653503418, 1.0], "k_pid_yaw": [0.5, 1e-06, 0.1], "k_pid_hsp": [0.5714179277420044, 0.9768670797348022, 1.0], "k_pid_vsp": [0.0, 400.0, 400.0]}, "datetime": {"datetime": "2025-08-21 14:05:52", "elapsed": 19268.80651450157, "delta": 23.128053188323975}, "costs": {"total_cost": 1727.7897425810074, "time_cost": 150, "final_distance_cost": 95.76734097359954, "oscillation_cost": 298.35856188845634, "completition_cost": 1000.0, "overshoot_cost": 128.26469474977625, "power_cost": 22.641840283203127, "noise_cost": 32.75730468597211, "n_waypoints_completed": 0, "tot_waypoints": 9}}
{"target": -4874.42385854517, "params": {"k_pid_pos": [2.0, 0.06672406196594238, 0.0], "k_pid_alt": [0.019332587718963623, 0.01952970027923584, 0.9812407493591309], "k_pid_att": [0.0, 9.519296646118164, 1.0], "k_pid_yaw": [0.5, 1e-06, 0.1], "k_pid_hsp": [0.31864726543426514, 1.0, 1.0], "k_pid_vsp": [0.0, 400.0, 385.8853454589844]}, "datetime": {"datetime": "2025-08-21 14:06:15", "elapsed": 19292.035701274872, "delta": 23.22918677330017}, "costs": {"total_cost": 4874.42385854517, "time_cost": 150, "final_distance_cost": 491.2925360070293, "oscillation_cost": 2028.872547721331, "completition_cost": 1000.0, "overshoot_cost": 1071.3422601487173, "power_cost": 33.237475708007814, "noise_cost": 99.67903896008457, "n_waypoints_completed": 0, "tot_waypoints": 9}}
{"target": -3183.130785222217, "params": {"k_pid_pos": [1.9929064512252808, 0.013452023267745972, 0.0], "k_pid_alt": [0.0, 0.040519773960113525, 1.0], "k_pid_att": [3.8855819702148438, 9.063384056091309, 1.0], "k_pid_yaw": [0.5, 1e-06, 0.1], "k_pid_hsp": [0.7458947896957397, 0.9439172148704529, 1.0], "k_pid_vsp": [0.0, 384.7100830078125, 365.0516662597656]}, "datetime": {"datetime": "2025-08-21 14:06:38", "elapsed": 19315.39646601677, "delta": 23.360764741897583}, "costs": {"total_cost": 3183.130785222217, "time_cost": 150, "final_distance_cost": 835.1710487934538, "oscillation_cost": 177.7018277974265, "completition_cost": 1000.0, "overshoot_cost": 973.3200260351445, "power_cost": 24.725313513183593, "noise_cost": 22.212569083009154, "n_waypoints_completed": 0, "tot_waypoints": 9}}
{"target": -3193.409949579271, "params": {"k_pid_pos": [2.0, 0.08643394708633423, 0.025378048419952393], "k_pid_alt": [0.0, 0.02131640911102295, 0.976879358291626], "k_pid_att": [0.0, 9.545552253723145, 0.9524955749511719], "k_pid_yaw": [0.5, 1e-06, 0.1], "k_pid_hsp": [0.4373016357421875, 1.0, 0.9687349796295166], "k_pid_vsp": [0.0, 377.7298889160156, 395.19610595703125]}, "datetime": {"datetime": "2025-08-21 14:07:02", "elapsed": 19338.536906719208, "delta": 23.140440702438354}, "costs": {"total_cost": 3193.409949579271, "time_cost": 150, "final_distance_cost": 256.5478091443692, "oscillation_cost": 1167.656133462, "completition_cost": 1000.0, "overshoot_cost": 495.46973743718047, "power_cost": 30.483553271484375, "noise_cost": 93.25271626423712, "n_waypoints_completed": 0, "tot_waypoints": 9}}
{"target": -3473.991751663736, "params": {"k_pid_pos": [1.8410924673080444, 0.0, 0.024842798709869385], "k_pid_alt": [0.13046473264694214, 0.03567993640899658, 1.0], "k_pid_att": [0.5726039409637451, 9.359907150268555, 0.9418748617172241], "k_pid_yaw": [0.5, 1e-06, 0.1], "k_pid_hsp": [9.999999747378752e-05, 1.0, 0.964607834815979], "k_pid_vsp": [4.53183650970459, 385.5914001464844, 400.0]}, "datetime": {"datetime": "2025-08-21 14:07:25", "elapsed": 19362.012225151062, "delta": 23.475318431854248}, "costs": {"total_cost": 3473.991751663736, "time_cost": 150, "final_distance_cost": 224.74730672050785, "oscillation_cost": 777.9341849809196, "completition_cost": 1000.0, "overshoot_cost": 1199.7561218884036, "power_cost": 30.278184118652344, "noise_cost": 91.27595395525262, "n_waypoints_completed": 0, "tot_waypoints": 9}}
{"target": -10065.07256683654, "params": {"k_pid_pos": [2.0, 0.10922795534133911, 0.05174517631530762], "k_pid_alt": [0.1953340768814087, 0.025011003017425537, 0.9576037526130676], "k_pid_att": [0.0, 10.0, 0.9860063791275024], "k_pid_yaw": [0.5, 1e-06, 0.1], "k_pid_hsp": [0.10940220206975937, 1.0, 0.9909780025482178], "k_pid_vsp": [28.033733367919922, 371.1256408691406, 376.0126953125]}, "datetime": {"datetime": "2025-08-21 14:07:48", "elapsed": 19385.315306663513, "delta": 23.303081512451172}, "costs": {"total_cost": 10065.07256683654, "time_cost": 150, "final_distance_cost": 3053.104613194285, "oscillation_cost": 2050.1380277285534, "completition_cost": 1000.0, "overshoot_cost": 3675.4461241365448, "power_cost": 34.38847215576172, "noise_cost": 101.9953296213939, "n_waypoints_completed": 0, "tot_waypoints": 9}}
{"target": -1797.6453517503223, "params": {"k_pid_pos": [1.8427602052688599, 0.002674102783203125, 0.033252865076065063], "k_pid_alt": [0.0, 0.019345223903656006, 1.0], "k_pid_att": [2.374488115310669, 9.987788200378418, 1.0], "k_pid_yaw": [0.5, 1e-06, 0.1], "k_pid_hsp": [0.3337303698062897, 0.9802926182746887, 0.9294784069061279], "k_pid_vsp": [0.0, 397.61181640625, 400.0]}, "datetime": {"datetime": "2025-08-21 14:08:11", "elapsed": 19407.935228824615, "delta": 22.619922161102295}, "costs": {"total_cost": 1797.6453517503223, "time_cost": 150, "final_distance_cost": 4.69339673363261, "oscillation_cost": 398.22925572956797, "completition_cost": 1000.0, "overshoot_cost": 136.9067066608183, "power_cost": 27.806060876464844, "noise_cost": 80.0099317498383, "n_waypoints_completed": 0, "tot_waypoints": 9}}
{"target": -2028.6449402126223, "params": {"k_pid_pos": [2.0, 0.0, 0.05239066481590271], "k_pid_alt": [0.14448624849319458, 0.0, 0.9901413917541504], "k_pid_att": [1.6512036323547363, 10.0, 1.0], "k_pid_yaw": [0.5, 1e-06, 0.1], "k_pid_hsp": [0.2690984308719635, 1.0, 0.9972537755966187], "k_pid_vsp": [5.311381816864014, 400.0, 386.8336181640625]}, "datetime": {"datetime": "2025-08-21 14:08:34", "elapsed": 19431.290283203125, "delta": 23.35505437850952}, "costs": {"total_cost": 2028.6449402126223, "time_cost": 150, "final_distance_cost": 22.443699991279917, "oscillation_cost": 536.4948500011496, "completition_cost": 1000.0, "overshoot_cost": 202.1210043007104, "power_cost": 30.515678063964845, "noise_cost": 87.06970785551745, "n_waypoints_completed": 0, "tot_waypoints": 9}}
{"target": -15788.3658498257, "params": {"k_pid_pos": [2.0, 0.030694305896759033, 0.09601682424545288], "k_pid_alt": [0.06747162342071533, 0.0522608757019043, 0.9924860596656799], "k_pid_att": [0.0, 10.0, 1.0], "k_pid_yaw": [0.5, 1e-06, 0.1], "k_pid_hsp": [9.999999747378752e-05, 0.9429231882095337, 1.0], "k_pid_vsp": [16.797542572021484, 381.35491943359375, 396.7720642089844]}, "datetime": {"datetime": "2025-08-21 14:08:58", "elapsed": 19454.507640838623, "delta": 23.217357635498047}, "costs": {"total_cost": 15788.3658498257, "time_cost": 150, "final_distance_cost": 4794.526882572152, "oscillation_cost": 1856.8493398554483, "completition_cost": 1000.0, "overshoot_cost": 7849.874491037332, "power_cost": 34.572890625, "noise_cost": 102.54224573576809, "n_waypoints_completed": 0, "tot_waypoints": 9}}
{"target": -11092.039612931752, "params": {"k_pid_pos": [1.8679429292678833, 0.020208805799484253, 0.027842789888381958], "k_pid_alt": [0.06053757667541504, 0.0, 0.9816387891769409], "k_pid_att": [0.0, 10.0, 1.0], "k_pid_yaw": [0.5, 1e-06, 0.1], "k_pid_hsp": [9.999999747378752e-05, 1.0, 1.0], "k_pid_vsp": [11.659550666809082, 400.0, 400.0]}, "datetime": {"datetime": "2025-08-21 14:09:21", "elapsed": 19477.485646486282, "delta": 22.9780056476593}, "costs": {"total_cost": 11092.039612931752, "time_cost": 150, "final_distance_cost": 2758.690385418958, "oscillation_cost": 947.7676062363158, "completition_cost": 1000.0, "overshoot_cost": 6110.824826569945, "power_cost": 31.12305498046875, "noise_cost": 93.63373972606271, "n_waypoints_completed": 0, "tot_waypoints": 9}}
{"target": -9701.010238465467, "params": {"k_pid_pos": [1.920423150062561, 0.0, 0.0], "k_pid_alt": [0.04848837852478027, 0.0, 0.8880674839019775], "k_pid_att": [0.0, 10.0, 0.8805809020996094], "k_pid_yaw": [0.5, 1e-06, 0.1], "k_pid_hsp": [0.6063554286956787, 0.9837856292724609, 1.0], "k_pid_vsp": [4.62801456451416, 400.0, 355.33367919921875]}, "datetime": {"datetime": "2025-08-21 14:09:44", "elapsed": 19500.693011045456, "delta": 23.207364559173584}, "costs": {"total_cost": 9701.010238465467, "time_cost": 150, "final_distance_cost": 2508.0476638207115, "oscillation_cost": 2301.051924906766, "completition_cost": 1000.0, "overshoot_cost": 3615.8658941912868, "power_cost": 30.717091662597657, "noise_cost": 95.32766388410595, "n_waypoints_completed": 0, "tot_waypoints": 9}}
{"target": -2251.760858964159, "params": {"k_pid_pos": [1.940141201019287, 0.0, 0.03214985132217407], "k_pid_alt": [0.12485885620117188, 0.0, 0.8700323104858398], "k_pid_att": [1.0941773653030396, 9.754537582397461, 0.9799560308456421], "k_pid_yaw": [0.5, 1e-06, 0.1], "k_pid_hsp": [0.010256529785692692, 0.9979866743087769, 0.9913182854652405], "k_pid_vsp": [0.0, 394.6203308105469, 356.00262451171875]}, "datetime": {"datetime": "2025-08-21 14:10:08", "elapsed": 19524.55514073372, "delta": 23.86212968826294}, "costs": {"total_cost": 2251.760858964159, "time_cost": 150, "final_distance_cost": 51.99190644077358, "oscillation_cost": 691.1586581129069, "completition_cost": 1000.0, "overshoot_cost": 231.2326675493559, "power_cost": 32.09959276123047, "noise_cost": 95.2780340998926, "n_waypoints_completed": 0, "tot_waypoints": 9}}
{"target": -1693.299949789214, "params": {"k_pid_pos": [1.982390284538269, 0.0, 0.0], "k_pid_alt": [0.21014440059661865, 0.0, 0.9663374423980713], "k_pid_att": [4.554864883422852, 10.0, 1.0], "k_pid_yaw": [0.5, 1e-06, 0.1], "k_pid_hsp": [0.6550394296646118, 0.9771011471748352, 1.0], "k_pid_vsp": [13.477754592895508, 393.00836181640625, 400.0]}, "datetime": {"datetime": "2025-08-21 14:10:31", "elapsed": 19547.607836008072, "delta": 23.052695274353027}, "costs": {"total_cost": 1693.299949789214, "time_cost": 150, "final_distance_cost": 1.586921925073801, "oscillation_cost": 322.63337087893916, "completition_cost": 1000.0, "overshoot_cost": 135.93014601241833, "power_cost": 21.727536083984376, "noise_cost": 61.42197488879824, "n_waypoints_completed": 0, "tot_waypoints": 9}}
{"target": -15739.715995415521, "params": {"k_pid_pos": [1.8098013401031494, 0.0, 0.08052822947502136], "k_pid_alt": [0.0, 0.0, 0.9797961115837097], "k_pid_att": [0.0, 8.943071365356445, 0.96415114402771], "k_pid_yaw": [0.5, 1e-06, 0.1], "k_pid_hsp": [0.01476229727268219, 1.0, 1.0], "k_pid_vsp": [0.0, 373.3919982910156, 382.3978271484375]}, "datetime": {"datetime": "2025-08-21 14:10:54", "elapsed": 19570.67969584465, "delta": 23.07185983657837}, "costs": {"total_cost": 15739.715995415521, "time_cost": 150, "final_distance_cost": 5134.396636220897, "oscillation_cost": 1949.4354186821777, "completition_cost": 1000.0, "overshoot_cost": 7388.792669207004, "power_cost": 27.241270715332032, "noise_cost": 89.85000059010932, "n_waypoints_completed": 0, "tot_waypoints": 9}}
{"target": -1577.730884098425, "params": {"k_pid_pos": [1.8921769857406616, 0.06562948226928711, 0.0015483498573303223], "k_pid_alt": [0.0, 0.016909092664718628, 1.0], "k_pid_att": [8.506298065185547, 9.958552360534668, 1.0], "k_pid_yaw": [0.5, 1e-06, 0.1], "k_pid_hsp": [0.01328381896018982, 0.9282139539718628, 0.9254236817359924], "k_pid_vsp": [39.09367370605469, 388.03167724609375, 379.6053466796875]}, "datetime": {"datetime": "2025-08-21 14:11:18", "elapsed": 19594.63339447975, "delta": 23.95369863510132}, "costs": {"total_cost": 1577.730884098425, "time_cost": 150, "final_distance_cost": 5.671067034761028, "oscillation_cost": 244.95303456854123, "completition_cost": 1000.0, "overshoot_cost": 123.61518911039866, "power_cost": 18.414418908691406, "noise_cost": 35.07717447603248, "n_waypoints_completed": 0, "tot_waypoints": 9}}
{"target": -20964.00784516113, "params": {"k_pid_pos": [2.0, 0.011020302772521973, 0.02487039566040039], "k_pid_alt": [0.0, 0.0, 1.0], "k_pid_att": [0.0, 9.984265327453613, 1.0], "k_pid_yaw": [0.5, 1e-06, 0.1], "k_pid_hsp": [0.16040031611919403, 1.0, 1.0], "k_pid_vsp": [0.0, 400.0, 400.0]}, "datetime": {"datetime": "2025-08-21 14:11:41", "elapsed": 19617.990036964417, "delta": 23.356642484664917}, "costs": {"total_cost": 20964.00784516113, "time_cost": 150, "final_distance_cost": 6369.690507904536, "oscillation_cost": 2229.510128188382, "completition_cost": 1000.0, "overshoot_cost": 11088.10691361979, "power_cost": 30.230279077148438, "noise_cost": 96.47001637127501, "n_waypoints_completed": 0, "tot_waypoints": 9}}
{"target": -1768.5172121823182, "params": {"k_pid_pos": [1.8258765935897827, 0.03752046823501587, 0.0], "k_pid_alt": [0.0, 0.05233082175254822, 1.0], "k_pid_att": [3.832122802734375, 9.995766639709473, 1.0], "k_pid_yaw": [0.5, 1e-06, 0.1], "k_pid_hsp": [9.999999747378752e-05, 1.0, 1.0], "k_pid_vsp": [0.0, 353.8643798828125, 400.0]}, "datetime": {"datetime": "2025-08-21 14:12:04", "elapsed": 19640.737537384033, "delta": 22.7475004196167}, "costs": {"total_cost": 1768.5172121823182, "time_cost": 150, "final_distance_cost": 30.59181109997345, "oscillation_cost": 283.77189792732725, "completition_cost": 1000.0, "overshoot_cost": 252.19236687364042, "power_cost": 19.59972996826172, "noise_cost": 32.36140631311532, "n_waypoints_completed": 0, "tot_waypoints": 9}}
{"target": -9637.684964823895, "params": {"k_pid_pos": [1.9703397750854492, 0.0, 0.08161908388137817], "k_pid_alt": [0.0, 0.0, 1.0], "k_pid_att": [0.0, 10.0, 1.0], "k_pid_yaw": [0.5, 1e-06, 0.1], "k_pid_hsp": [9.999999747378752e-05, 0.936151385307312, 0.9933276176452637], "k_pid_vsp": [0.0, 381.19598388671875, 400.0]}, "datetime": {"datetime": "2025-08-21 14:12:27", "elapsed": 19663.591543912888, "delta": 22.85400652885437}, "costs": {"total_cost": 9637.684964823895, "time_cost": 150, "final_distance_cost": 2844.1487416163077, "oscillation_cost": 586.5823706099998, "completition_cost": 1000.0, "overshoot_cost": 4982.897374213254, "power_cost": 13.269122253417969, "noise_cost": 60.7873561309167, "n_waypoints_completed": 0, "tot_waypoints": 9}}
{"target": -1873.5367521952032, "params": {"k_pid_pos": [2.0, 0.023820072412490845, 0.0379386842250824], "k_pid_alt": [0.008506238460540771, 0.0, 1.0], "k_pid_att": [3.5887062549591064, 9.760197639465332, 1.0], "k_pid_yaw": [0.5, 1e-06, 0.1], "k_pid_hsp": [9.999999747378752e-05, 0.9863412380218506, 1.0], "k_pid_vsp": [16.100383758544922, 400.0, 383.36688232421875]}, "datetime": {"datetime": "2025-08-21 14:12:50", "elapsed": 19686.77395772934, "delta": 23.182413816452026}, "costs": {"total_cost": 1873.5367521952032, "time_cost": 150, "final_distance_cost": 145.23970657797486, "oscillation_cost": 239.69888921177386, "completition_cost": 1000.0, "overshoot_cost": 289.6325233970455, "power_cost": 20.098192309570315, "noise_cost": 28.867440698838784, "n_waypoints_completed": 0, "tot_waypoints": 9}}
{"target": -2111.2041828120077, "params": {"k_pid_pos": [1.9150054454803467, 0.0, 0.0], "k_pid_alt": [0.1325932741165161, 0.03722459077835083, 0.9673769474029541], "k_pid_att": [2.110898494720459, 9.823410034179688, 0.9654275178909302], "k_pid_yaw": [0.5, 1e-06, 0.1], "k_pid_hsp": [9.999999747378752e-05, 1.0, 0.9702504873275757], "k_pid_vsp": [3.1090497970581055, 396.2739562988281, 400.0]}, "datetime": {"datetime": "2025-08-21 14:13:13", "elapsed": 19710.156148672104, "delta": 23.382190942764282}, "costs": {"total_cost": 2111.2041828120077, "time_cost": 150, "final_distance_cost": 108.75958774911528, "oscillation_cost": 422.9255871633856, "completition_cost": 1000.0, "overshoot_cost": 321.65073326949965, "power_cost": 27.954639270019534, "noise_cost": 79.91363535998792, "n_waypoints_completed": 0, "tot_waypoints": 9}}
{"target": -1762.1902274481747, "params": {"k_pid_pos": [1.9306954145431519, 0.0, 0.038838744163513184], "k_pid_alt": [0.106656014919281, 0.0, 0.9570031762123108], "k_pid_att": [10.197419166564941, 9.61704158782959, 0.9299563765525818], "k_pid_yaw": [0.5, 1e-06, 0.1], "k_pid_hsp": [9.999999747378752e-05, 0.9848223924636841, 0.9604604840278625], "k_pid_vsp": [19.704330444335938, 400.0, 370.3039855957031]}, "datetime": {"datetime": "2025-08-21 14:13:37", "elapsed": 19733.815056562424, "delta": 23.658907890319824}, "costs": {"total_cost": 1762.1902274481747, "time_cost": 150, "final_distance_cost": 1.1627283145527003, "oscillation_cost": 282.9232138848049, "completition_cost": 1000.0, "overshoot_cost": 283.05587459395315, "power_cost": 23.011068798828127, "noise_cost": 22.037341856035624, "n_waypoints_completed": 0, "tot_waypoints": 9}}
{"target": -8391.209915407388, "params": {"k_pid_pos": [2.0, 0.06782263517379761, 0.0027610063552856445], "k_pid_alt": [0.0249289870262146, 0.0, 1.0], "k_pid_att": [0.0, 10.0, 1.0], "k_pid_yaw": [0.5, 1e-06, 0.1], "k_pid_hsp": [0.3097015917301178, 1.0, 1.0], "k_pid_vsp": [0.0, 375.95428466796875, 398.7006530761719]}, "datetime": {"datetime": "2025-08-21 14:14:00", "elapsed": 19756.923822402954, "delta": 23.108765840530396}, "costs": {"total_cost": 8391.209915407388, "time_cost": 150, "final_distance_cost": 1736.32748709066, "oscillation_cost": 2225.2766666040643, "completition_cost": 1000.0, "overshoot_cost": 3151.4751017813896, "power_cost": 31.51314871826172, "noise_cost": 96.61751121301222, "n_waypoints_completed": 0, "tot_waypoints": 9}}
{"target": -2008.5461821299232, "params": {"k_pid_pos": [1.915631651878357, 0.08052712678909302, 0.0], "k_pid_alt": [0.02227175235748291, 0.0006633102893829346, 0.9902130365371704], "k_pid_att": [5.650472640991211, 9.261577606201172, 0.9449672698974609], "k_pid_yaw": [0.5, 1e-06, 0.1], "k_pid_hsp": [0.5217441916465759, 0.9515261054039001, 1.0], "k_pid_vsp": [3.3733725547790527, 400.0, 379.51959228515625]}, "datetime": {"datetime": "2025-08-21 14:14:24", "elapsed": 19780.810163259506, "delta": 23.886340856552124}, "costs": {"total_cost": 2008.5461821299232, "time_cost": 150, "final_distance_cost": 373.7862463391959, "oscillation_cost": 192.576111779296, "completition_cost": 1000.0, "overshoot_cost": 257.95322502835126, "power_cost": 19.215397875976564, "noise_cost": 15.015201107103367, "n_waypoints_completed": 0, "tot_waypoints": 9}}
{"target": -8315.10601395993, "params": {"k_pid_pos": [2.0, 0.0, 0.044006168842315674], "k_pid_alt": [0.09632652997970581, 0.0026658475399017334, 1.0], "k_pid_att": [0.0, 10.0, 1.0], "k_pid_yaw": [0.5, 1e-06, 0.1], "k_pid_hsp": [9.999999747378752e-05, 1.0, 0.9303109049797058], "k_pid_vsp": [0.0, 400.0, 381.6034851074219]}, "datetime": {"datetime": "2025-08-21 14:14:47", "elapsed": 19804.098964691162, "delta": 23.288801431655884}, "costs": {"total_cost": 8315.10601395993, "time_cost": 150, "final_distance_cost": 2192.188964219114, "oscillation_cost": 1672.0039880543206, "completition_cost": 1000.0, "overshoot_cost": 3164.123058137334, "power_cost": 34.41864304199219, "noise_cost": 102.37136050716965, "n_waypoints_completed": 0, "tot_waypoints": 9}}
