{"target": -1963.4262262769598, "params": {"k_pid_pos": [2.0, 0.032261013984680176, 0.0], "k_pid_alt": [0.16224902868270874, 0.02148941159248352, 0.9603290557861328], "k_pid_att": [2.639815330505371, 10.0, 0.9702565670013428], "k_pid_yaw": [0.5, 1e-06, 0.1], "k_pid_hsp": [9.999999747378752e-05, 0.9766942858695984, 1.0], "k_pid_vsp": [0.0, 374.0814208984375, 389.97943115234375]}, "datetime": {"datetime": "2025-08-21 21:36:08", "elapsed": 46284.85833454132, "delta": 24.06746530532837}, "costs": {"total_cost": 1963.4262262769598, "time_cost": 150, "final_distance_cost": 86.34849706072598, "oscillation_cost": 356.0075189286049, "completition_cost": 1000.0, "overshoot_cost": 278.2202532629945, "power_cost": 24.487785595703127, "noise_cost": 68.3621714289313, "n_waypoints_completed": 0, "tot_waypoints": 9}}
{"target": -1731.9371132486185, "params": {"k_pid_pos": [2.0, 0.0, 0.0], "k_pid_alt": [0.0883064866065979, 0.01738002896308899, 0.9332451820373535], "k_pid_att": [4.097768783569336, 10.0, 0.9108473062515259], "k_pid_yaw": [0.5, 1e-06, 0.1], "k_pid_hsp": [0.8758774995803833, 1.0, 1.0], "k_pid_vsp": [22.823322296142578, 400.0, 360.8995361328125]}, "datetime": {"datetime": "2025-08-21 21:36:31", "elapsed": 46307.73231434822, "delta": 22.873979806900024}, "costs": {"total_cost": 1731.9371132486185, "time_cost": 150, "final_distance_cost": 5.0755988446915525, "oscillation_cost": 327.3846419285006, "completition_cost": 1000.0, "overshoot_cost": 137.63425872008622, "power_cost": 27.675787768554688, "noise_cost": 84.16682598678531, "n_waypoints_completed": 0, "tot_waypoints": 9}}
{"target": -1914.2948162772539, "params": {"k_pid_pos": [2.0, 0.04675549268722534, 0.015078336000442505], "k_pid_alt": [0.0, 0.07704180479049683, 1.0], "k_pid_att": [2.5971412658691406, 10.0, 1.0], "k_pid_yaw": [0.5, 1e-06, 0.1], "k_pid_hsp": [0.4203699231147766, 0.9120798110961914, 1.0], "k_pid_vsp": [0.0, 394.8398132324219, 395.62091064453125]}, "datetime": {"datetime": "2025-08-21 21:36:56", "elapsed": 46332.77055096626, "delta": 25.038236618041992}, "costs": {"total_cost": 1914.2948162772539, "time_cost": 150, "final_distance_cost": 77.2858027945653, "oscillation_cost": 353.958851955902, "completition_cost": 1000.0, "overshoot_cost": 272.58760445006095, "power_cost": 22.58135087890625, "noise_cost": 37.881206197819296, "n_waypoints_completed": 0, "tot_waypoints": 9}}
{"target": -4919.4421553030015, "params": {"k_pid_pos": [2.0, 0.0, 0.022921979427337646], "k_pid_alt": [0.0, 0.0364568829536438, 1.0], "k_pid_att": [0.0, 10.0, 1.0], "k_pid_yaw": [0.5, 1e-06, 0.1], "k_pid_hsp": [0.18556037545204163, 1.0, 0.9006063342094421], "k_pid_vsp": [2.541685104370117, 400.0, 399.6749267578125]}, "datetime": {"datetime": "2025-08-21 21:37:19", "elapsed": 46355.790528059006, "delta": 23.01997709274292}, "costs": {"total_cost": 4919.4421553030015, "time_cost": 150, "final_distance_cost": 497.3441099604897, "oscillation_cost": 1882.5761764353058, "completition_cost": 1000.0, "overshoot_cost": 1252.4211671571666, "power_cost": 34.495910864257816, "noise_cost": 102.60479088578136, "n_waypoints_completed": 0, "tot_waypoints": 9}}
{"target": -3469.9523861291896, "params": {"k_pid_pos": [1.8562520742416382, 0.0, 0.0], "k_pid_alt": [0.11094069480895996, 0.019049614667892456, 0.9277981519699097], "k_pid_att": [0.0, 9.778658866882324, 1.0], "k_pid_yaw": [0.5, 1e-06, 0.1], "k_pid_hsp": [0.1161845475435257, 0.9099200963973999, 0.994533360004425], "k_pid_vsp": [0.0, 397.69525146484375, 400.0]}, "datetime": {"datetime": "2025-08-21 21:37:44", "elapsed": 46380.76436972618, "delta": 24.973841667175293}, "costs": {"total_cost": 3469.9523861291896, "time_cost": 150, "final_distance_cost": 166.78432418119803, "oscillation_cost": 1709.241454347677, "completition_cost": 1000.0, "overshoot_cost": 313.364347897919, "power_cost": 32.44648800048828, "noise_cost": 98.11577170190739, "n_waypoints_completed": 0, "tot_waypoints": 9}}
{"target": -1816.7192829177577, "params": {"k_pid_pos": [2.0, 0.030309021472930908, 0.0], "k_pid_alt": [0.0016164779663085938, 0.023076623678207397, 0.9033148288726807], "k_pid_att": [4.506287097930908, 9.648263931274414, 0.9741519093513489], "k_pid_yaw": [0.5, 1e-06, 0.1], "k_pid_hsp": [9.999999747378752e-05, 0.9663032293319702, 0.9889065027236938], "k_pid_vsp": [0.0, 374.0989074707031, 400.0]}, "datetime": {"datetime": "2025-08-21 21:38:08", "elapsed": 46404.69060707092, "delta": 23.92623734474182}, "costs": {"total_cost": 1816.7192829177577, "time_cost": 150, "final_distance_cost": 227.03701355183793, "oscillation_cost": 216.99031432132045, "completition_cost": 1000.0, "overshoot_cost": 173.8327298409531, "power_cost": 19.530711486816408, "noise_cost": 29.328513716829722, "n_waypoints_completed": 0, "tot_waypoints": 9}}
{"target": -9283.917738133365, "params": {"k_pid_pos": [1.994121789932251, 0.0, 0.0], "k_pid_alt": [0.1537676453590393, 0.04408574104309082, 0.9239077568054199], "k_pid_att": [0.0, 9.725698471069336, 1.0], "k_pid_yaw": [0.5, 1e-06, 0.1], "k_pid_hsp": [9.999999747378752e-05, 0.9658210277557373, 0.983940601348877], "k_pid_vsp": [5.746138095855713, 400.0, 400.0]}, "datetime": {"datetime": "2025-08-21 21:38:32", "elapsed": 46428.95011997223, "delta": 24.259512901306152}, "costs": {"total_cost": 9283.917738133365, "time_cost": 150, "final_distance_cost": 2707.6787389464025, "oscillation_cost": 641.253413426067, "completition_cost": 1000.0, "overshoot_cost": 4657.394311704429, "power_cost": 32.08798592529297, "noise_cost": 95.50328813117503, "n_waypoints_completed": 0, "tot_waypoints": 9}}
{"target": -6990.072459483645, "params": {"k_pid_pos": [2.0, 0.0, 0.0], "k_pid_alt": [0.20731854438781738, 0.0, 0.9372174143791199], "k_pid_att": [0.0, 9.083120346069336, 1.0], "k_pid_yaw": [0.5, 1e-06, 0.1], "k_pid_hsp": [9.999999747378752e-05, 1.0, 1.0], "k_pid_vsp": [0.0, 388.7857971191406, 400.0]}, "datetime": {"datetime": "2025-08-21 21:38:57", "elapsed": 46453.5333302021, "delta": 24.583210229873657}, "costs": {"total_cost": 6990.072459483645, "time_cost": 150, "final_distance_cost": 1257.9032426321871, "oscillation_cost": 1357.1240211876, "completition_cost": 1000.0, "overshoot_cost": 3093.671418115557, "power_cost": 32.866880346679686, "noise_cost": 98.506897201621, "n_waypoints_completed": 0, "tot_waypoints": 9}}
{"target": -4362.051960552275, "params": {"k_pid_pos": [2.0, 0.0, 0.009889721870422363], "k_pid_alt": [0.0, 0.0, 0.9631402492523193], "k_pid_att": [0.371474027633667, 9.78319263458252, 1.0], "k_pid_yaw": [0.5, 1e-06, 0.1], "k_pid_hsp": [0.9042230844497681, 1.0, 1.0], "k_pid_vsp": [0.0, 389.37481689453125, 400.0]}, "datetime": {"datetime": "2025-08-21 21:39:20", "elapsed": 46476.80234527588, "delta": 23.269015073776245}, "costs": {"total_cost": 4362.051960552275, "time_cost": 150, "final_distance_cost": 325.7336986751845, "oscillation_cost": 1825.9704434234054, "completition_cost": 1000.0, "overshoot_cost": 943.4513034106401, "power_cost": 26.693867980957034, "noise_cost": 90.2026470620873, "n_waypoints_completed": 0, "tot_waypoints": 9}}
{"target": -3263.9830500030134, "params": {"k_pid_pos": [2.0, 0.019818663597106934, 0.0], "k_pid_alt": [0.0, 0.024285882711410522, 1.0], "k_pid_att": [7.078218460083008, 10.0, 1.0], "k_pid_yaw": [0.5, 1e-06, 0.1], "k_pid_hsp": [9.999999747378752e-05, 1.0, 0.9757928848266602], "k_pid_vsp": [26.64401626586914, 396.84808349609375, 400.0]}, "datetime": {"datetime": "2025-08-21 21:39:44", "elapsed": 46501.137783527374, "delta": 24.33543825149536}, "costs": {"total_cost": 3263.9830500030134, "time_cost": 150, "final_distance_cost": 769.8471542124539, "oscillation_cost": 141.36638601990825, "completition_cost": 1000.0, "overshoot_cost": 1173.6575211375316, "power_cost": 15.871855114746095, "noise_cost": 13.24013351837339, "n_waypoints_completed": 0, "tot_waypoints": 9}}
{"target": -2111.88935040485, "params": {"k_pid_pos": [2.0, 0.0, 0.0], "k_pid_alt": [0.0, 0.0008092522621154785, 1.0], "k_pid_att": [2.759706974029541, 9.601950645446777, 0.9637617468833923], "k_pid_yaw": [0.5, 1e-06, 0.1], "k_pid_hsp": [9.999999747378752e-05, 0.9988174438476562, 0.9534816741943359], "k_pid_vsp": [2.5624990463256836, 360.7431335449219, 375.82745361328125]}, "datetime": {"datetime": "2025-08-21 21:40:07", "elapsed": 46524.088663101196, "delta": 22.95087957382202}, "costs": {"total_cost": 2111.88935040485, "time_cost": 150, "final_distance_cost": 134.01512171338473, "oscillation_cost": 352.66257085528326, "completition_cost": 1000.0, "overshoot_cost": 377.6261685636103, "power_cost": 23.60120633544922, "noise_cost": 73.9842829371228, "n_waypoints_completed": 0, "tot_waypoints": 9}}
{"target": -14043.113293052733, "params": {"k_pid_pos": [2.0, 0.03250214457511902, 0.0310174822807312], "k_pid_alt": [0.0, 0.039756983518600464, 0.9880528450012207], "k_pid_att": [0.0, 10.0, 1.0], "k_pid_yaw": [0.5, 1e-06, 0.1], "k_pid_hsp": [9.999999747378752e-05, 0.8941030502319336, 1.0], "k_pid_vsp": [0.0, 397.3252868652344, 399.3607177734375]}, "datetime": {"datetime": "2025-08-21 21:40:32", "elapsed": 46548.51300597191, "delta": 24.42434287071228}, "costs": {"total_cost": 14043.113293052733, "time_cost": 150, "final_distance_cost": 3810.8944189963177, "oscillation_cost": 2190.222795757102, "completition_cost": 1000.0, "overshoot_cost": 6766.1047696437145, "power_cost": 30.92379031982422, "noise_cost": 94.96751833577336, "n_waypoints_completed": 0, "tot_waypoints": 9}}
{"target": -6915.4865314718445, "params": {"k_pid_pos": [2.0, 0.0, 0.0], "k_pid_alt": [0.04126769304275513, 0.0, 0.9803307056427002], "k_pid_att": [0.0, 9.769688606262207, 1.0], "k_pid_yaw": [0.5, 1e-06, 0.1], "k_pid_hsp": [0.4093184471130371, 0.9850139617919922, 1.0], "k_pid_vsp": [0.0, 399.0052795410156, 381.7445373535156]}, "datetime": {"datetime": "2025-08-21 21:40:56", "elapsed": 46572.86237835884, "delta": 24.349372386932373}, "costs": {"total_cost": 6915.4865314718445, "time_cost": 150, "final_distance_cost": 1604.518607371371, "oscillation_cost": 1457.2039282732073, "completition_cost": 1000.0, "overshoot_cost": 2566.029047396936, "power_cost": 34.6692119506836, "noise_cost": 103.06573647964736, "n_waypoints_completed": 0, "tot_waypoints": 9}}
{"target": -3969.412149366941, "params": {"k_pid_pos": [2.0, 0.0, 0.0], "k_pid_alt": [0.0, 0.015446960926055908, 0.9567893147468567], "k_pid_att": [0.0, 9.935623168945312, 0.9130391478538513], "k_pid_yaw": [0.5, 1e-06, 0.1], "k_pid_hsp": [9.999999747378752e-05, 1.0, 1.0], "k_pid_vsp": [0.0, 400.0, 398.7008056640625]}, "datetime": {"datetime": "2025-08-21 21:41:19", "elapsed": 46596.23191213608, "delta": 23.36953377723694}, "costs": {"total_cost": 3969.412149366941, "time_cost": 150, "final_distance_cost": 398.7409449033022, "oscillation_cost": 1123.91880435426, "completition_cost": 1000.0, "overshoot_cost": 1175.6188022547065, "power_cost": 29.612983923339844, "noise_cost": 91.52061393133225, "n_waypoints_completed": 0, "tot_waypoints": 9}}
{"target": -12977.784704524778, "params": {"k_pid_pos": [1.882090449333191, 0.0, 0.0], "k_pid_alt": [0.03822505474090576, 0.0, 0.9440047740936279], "k_pid_att": [0.0, 9.743864059448242, 0.9863311052322388], "k_pid_yaw": [0.5, 1e-06, 0.1], "k_pid_hsp": [9.999999747378752e-05, 1.0, 0.9478541612625122], "k_pid_vsp": [38.46561813354492, 400.0, 400.0]}, "datetime": {"datetime": "2025-08-21 21:41:44", "elapsed": 46620.86715555191, "delta": 24.63524341583252}, "costs": {"total_cost": 12977.784704524778, "time_cost": 150, "final_distance_cost": 3448.4878615875823, "oscillation_cost": 2372.5617702272757, "completition_cost": 1000.0, "overshoot_cost": 5885.015444713032, "power_cost": 29.25281160888672, "noise_cost": 92.4668163880016, "n_waypoints_completed": 0, "tot_waypoints": 9}}
{"target": -7276.097917647736, "params": {"k_pid_pos": [1.9004600048065186, 0.13645592331886292, 0.0], "k_pid_alt": [0.019305408000946045, 0.0, 1.0], "k_pid_att": [0.0, 9.905566215515137, 0.9437947869300842], "k_pid_yaw": [0.5, 1e-06, 0.1], "k_pid_hsp": [0.9802092909812927, 0.9807876348495483, 0.9728481769561768], "k_pid_vsp": [4.294037818908691, 375.0180969238281, 396.5670471191406]}, "datetime": {"datetime": "2025-08-21 21:42:07", "elapsed": 46643.83911013603, "delta": 22.971954584121704}, "costs": {"total_cost": 7276.097917647736, "time_cost": 150, "final_distance_cost": 1908.4345282289332, "oscillation_cost": 2118.484345670543, "completition_cost": 1000.0, "overshoot_cost": 1964.1821473565315, "power_cost": 33.90582360839844, "noise_cost": 101.09107278333005, "n_waypoints_completed": 0, "tot_waypoints": 9}}
{"target": -1722.9695771223292, "params": {"k_pid_pos": [1.9538589715957642, 0.020670413970947266, 0.0], "k_pid_alt": [0.09654974937438965, 0.0, 1.0], "k_pid_att": [4.509493827819824, 10.0, 1.0], "k_pid_yaw": [0.5, 1e-06, 0.1], "k_pid_hsp": [0.6545783877372742, 1.0, 1.0], "k_pid_vsp": [0.3444075584411621, 400.0, 395.87579345703125]}, "datetime": {"datetime": "2025-08-21 21:42:31", "elapsed": 46668.0162217617, "delta": 24.177111625671387}, "costs": {"total_cost": 1722.9695771223292, "time_cost": 150, "final_distance_cost": 16.25858158536188, "oscillation_cost": 312.4685522506513, "completition_cost": 1000.0, "overshoot_cost": 145.15937057535604, "power_cost": 24.13949626464844, "noise_cost": 74.94357644631145, "n_waypoints_completed": 0, "tot_waypoints": 9}}
{"target": -3534.808127812023, "params": {"k_pid_pos": [1.8836783170700073, 0.012197047472000122, 0.0], "k_pid_alt": [0.0, 0.0, 0.9631097316741943], "k_pid_att": [5.185633659362793, 9.274658203125, 1.0], "k_pid_yaw": [0.5, 1e-06, 0.1], "k_pid_hsp": [9.999999747378752e-05, 1.0, 0.9775896072387695], "k_pid_vsp": [0.0, 379.8575439453125, 364.117919921875]}, "datetime": {"datetime": "2025-08-21 21:42:55", "elapsed": 46692.120264053345, "delta": 24.104042291641235}, "costs": {"total_cost": 3534.808127812023, "time_cost": 150, "final_distance_cost": 883.9458382748956, "oscillation_cost": 229.26574465603483, "completition_cost": 1000.0, "overshoot_cost": 1233.591059191719, "power_cost": 20.761631005859375, "noise_cost": 17.243854683514368, "n_waypoints_completed": 0, "tot_waypoints": 9}}
{"target": -7275.498597784732, "params": {"k_pid_pos": [2.0, 0.024938881397247314, 0.0], "k_pid_alt": [0.1811431646347046, 0.038462281227111816, 0.9802688956260681], "k_pid_att": [0.0, 9.90175724029541, 1.0], "k_pid_yaw": [0.5, 1e-06, 0.1], "k_pid_hsp": [9.999999747378752e-05, 0.9639300107955933, 1.0], "k_pid_vsp": [16.326641082763672, 389.860595703125, 398.130126953125]}, "datetime": {"datetime": "2025-08-21 21:43:19", "elapsed": 46715.95347762108, "delta": 23.833213567733765}, "costs": {"total_cost": 7275.498597784732, "time_cost": 150, "final_distance_cost": 1401.9762744773343, "oscillation_cost": 1034.1990012837693, "completition_cost": 1000.0, "overshoot_cost": 3561.954404378604, "power_cost": 31.76822059326172, "noise_cost": 95.60069705176296, "n_waypoints_completed": 0, "tot_waypoints": 9}}
{"target": -1656.8591845462481, "params": {"k_pid_pos": [2.0, 0.031996190547943115, 0.012499332427978516], "k_pid_alt": [0.0, 0.025886058807373047, 1.0], "k_pid_att": [3.9334774017333984, 9.383193016052246, 1.0], "k_pid_yaw": [0.5, 1e-06, 0.1], "k_pid_hsp": [0.6958631277084351, 0.979367196559906, 1.0], "k_pid_vsp": [0.0, 400.0, 400.0]}, "datetime": {"datetime": "2025-08-21 21:43:44", "elapsed": 46741.42991185188, "delta": 25.476434230804443}, "costs": {"total_cost": 1656.8591845462481, "time_cost": 150, "final_distance_cost": 6.41267357025322, "oscillation_cost": 299.1267622949687, "completition_cost": 1000.0, "overshoot_cost": 125.65404698433035, "power_cost": 22.55627694091797, "noise_cost": 53.1094247557779, "n_waypoints_completed": 0, "tot_waypoints": 9}}
{"target": -1954.7273438322281, "params": {"k_pid_pos": [2.0, 0.0, 0.0], "k_pid_alt": [0.025252223014831543, 0.024302273988723755, 1.0], "k_pid_att": [3.4073948860168457, 10.0, 0.9868283271789551], "k_pid_yaw": [0.5, 1e-06, 0.1], "k_pid_hsp": [9.999999747378752e-05, 0.9553700685501099, 0.8794589042663574], "k_pid_vsp": [20.293331146240234, 400.0, 350.6142578125]}, "datetime": {"datetime": "2025-08-21 21:44:09", "elapsed": 46765.94597244263, "delta": 24.51606059074402}, "costs": {"total_cost": 1954.7273438322281, "time_cost": 150, "final_distance_cost": 101.94903259426482, "oscillation_cost": 295.46841867643644, "completition_cost": 1000.0, "overshoot_cost": 324.78749475542793, "power_cost": 21.579953747558594, "noise_cost": 60.94244405854025, "n_waypoints_completed": 0, "tot_waypoints": 9}}
{"target": -2129.81130659155, "params": {"k_pid_pos": [2.0, 0.009770333766937256, 0.002873063087463379], "k_pid_alt": [0.0, 0.09276354312896729, 0.9793269634246826], "k_pid_att": [2.54121732711792, 9.764811515808105, 0.897614598274231], "k_pid_yaw": [0.5, 1e-06, 0.1], "k_pid_hsp": [0.01694648712873459, 1.0, 1.0], "k_pid_vsp": [24.947118759155273, 400.0, 393.0787658691406]}, "datetime": {"datetime": "2025-08-21 21:44:34", "elapsed": 46790.67327952385, "delta": 24.727307081222534}, "costs": {"total_cost": 2129.81130659155, "time_cost": 150, "final_distance_cost": 148.12793000614678, "oscillation_cost": 352.0879320727733, "completition_cost": 1000.0, "overshoot_cost": 408.05594586134276, "power_cost": 22.248766345214843, "noise_cost": 49.29073230607221, "n_waypoints_completed": 0, "tot_waypoints": 9}}
{"target": -1708.7481207022024, "params": {"k_pid_pos": [2.0, 0.006027936935424805, 0.05229803919792175], "k_pid_alt": [0.1670980453491211, 0.038302600383758545, 0.8833657503128052], "k_pid_att": [6.759419918060303, 10.0, 1.0], "k_pid_yaw": [0.5, 1e-06, 0.1], "k_pid_hsp": [0.48159459233283997, 1.0, 1.0], "k_pid_vsp": [1.5076160430908203, 400.0, 400.0]}, "datetime": {"datetime": "2025-08-21 21:44:57", "elapsed": 46813.824974775314, "delta": 23.151695251464844}, "costs": {"total_cost": 1708.7481207022024, "time_cost": 150, "final_distance_cost": 3.451008397465469, "oscillation_cost": 337.2534718751788, "completition_cost": 1000.0, "overshoot_cost": 136.43108634091553, "power_cost": 19.140959143066407, "noise_cost": 62.47159494557649, "n_waypoints_completed": 0, "tot_waypoints": 9}}
{"target": -6147.596198336649, "params": {"k_pid_pos": [1.9503260850906372, 0.0, 0.0], "k_pid_alt": [0.03261846303939819, 0.0, 1.0], "k_pid_att": [0.0, 10.0, 0.9845594167709351], "k_pid_yaw": [0.5, 1e-06, 0.1], "k_pid_hsp": [0.25196313858032227, 1.0, 1.0], "k_pid_vsp": [0.0, 375.022216796875, 378.17529296875]}, "datetime": {"datetime": "2025-08-21 21:45:22", "elapsed": 46838.54892039299, "delta": 24.72394561767578}, "costs": {"total_cost": 6147.596198336649, "time_cost": 150, "final_distance_cost": 1738.7816259870704, "oscillation_cost": 1422.3460689035885, "completition_cost": 1000.0, "overshoot_cost": 1704.0842382771273, "power_cost": 32.97420571289063, "noise_cost": 99.41005945597259, "n_waypoints_completed": 0, "tot_waypoints": 9}}
{"target": -7761.323274723485, "params": {"k_pid_pos": [2.0, 0.11747691035270691, 0.01909273862838745], "k_pid_alt": [0.0, 0.06394290924072266, 1.0], "k_pid_att": [0.0, 9.671793937683105, 0.9766494035720825], "k_pid_yaw": [0.5, 1e-06, 0.1], "k_pid_hsp": [9.999999747378752e-05, 1.0, 1.0], "k_pid_vsp": [0.0, 384.5807189941406, 360.88421630859375]}, "datetime": {"datetime": "2025-08-21 21:45:45", "elapsed": 46862.275527477264, "delta": 23.726607084274292}, "costs": {"total_cost": 7761.323274723485, "time_cost": 150, "final_distance_cost": 1520.1918361255866, "oscillation_cost": 2201.8219466632286, "completition_cost": 1000.0, "overshoot_cost": 2768.586404556995, "power_cost": 29.027897961425783, "noise_cost": 91.69518941624858, "n_waypoints_completed": 0, "tot_waypoints": 9}}
{"target": -9406.712441936526, "params": {"k_pid_pos": [1.9417166709899902, 0.031210124492645264, 0.04696887731552124], "k_pid_alt": [0.0978429913520813, 0.005148023366928101, 0.9514526724815369], "k_pid_att": [0.0, 10.0, 0.9236317873001099], "k_pid_yaw": [0.5, 1e-06, 0.1], "k_pid_hsp": [9.999999747378752e-05, 0.9819754362106323, 1.0], "k_pid_vsp": [0.0, 396.70037841796875, 400.0]}, "datetime": {"datetime": "2025-08-21 21:46:11", "elapsed": 46887.96220302582, "delta": 25.686675548553467}, "costs": {"total_cost": 9406.712441936526, "time_cost": 150, "final_distance_cost": 2325.5882041350087, "oscillation_cost": 1752.0067021501948, "completition_cost": 1000.0, "overshoot_cost": 4042.61036260849, "power_cost": 34.50115915527344, "noise_cost": 102.0060138875592, "n_waypoints_completed": 0, "tot_waypoints": 9}}
{"target": -1920.7817476527416, "params": {"k_pid_pos": [1.9557381868362427, 0.020349502563476562, 0.0], "k_pid_alt": [0.17079222202301025, 0.03137362003326416, 0.9802268147468567], "k_pid_att": [2.590775489807129, 9.782514572143555, 1.0], "k_pid_yaw": [0.5, 1e-06, 0.1], "k_pid_hsp": [0.03999895229935646, 1.0, 0.9423586130142212], "k_pid_vsp": [0.0, 400.0, 400.0]}, "datetime": {"datetime": "2025-08-21 21:46:35", "elapsed": 46911.94300842285, "delta": 23.98080539703369}, "costs": {"total_cost": 1920.7817476527416, "time_cost": 150, "final_distance_cost": 101.15895618485749, "oscillation_cost": 344.84234244825024, "completition_cost": 1000.0, "overshoot_cost": 282.7676105707172, "power_cost": 20.25642614746094, "noise_cost": 21.756412301456063, "n_waypoints_completed": 0, "tot_waypoints": 9}}
