{"target": -1946.4308099882987, "params": {"k_pid_pos": [2.0, 0.05304980278015137, 0.04744866490364075], "k_pid_alt": [0.01842290163040161, 0.044417500495910645, 0.9932346940040588], "k_pid_att": [1.822441816329956, 10.0, 0.9943194389343262], "k_pid_yaw": [0.5, 1e-06, 0.1], "k_pid_hsp": [0.9904958009719849, 1.0, 0.9905328750610352], "k_pid_vsp": [0.0, 367.6275634765625, 393.6810607910156]}, "datetime": {"datetime": "2025-08-22 01:40:36", "elapsed": 60952.92092680931, "delta": 22.399670839309692}, "costs": {"total_cost": 1946.4308099882987, "time_cost": 150, "final_distance_cost": 13.617739032357775, "oscillation_cost": 512.4954678179071, "completition_cost": 1000.0, "overshoot_cost": 150.91629262556282, "power_cost": 29.92860263671875, "noise_cost": 89.47270787575246, "n_waypoints_completed": 0, "tot_waypoints": 9}}
{"target": -10381.03244487739, "params": {"k_pid_pos": [2.0, 0.0, 0.0], "k_pid_alt": [0.05875915288925171, 0.0, 1.0], "k_pid_att": [0.0, 10.0, 0.9802140593528748], "k_pid_yaw": [0.5, 1e-06, 0.1], "k_pid_hsp": [9.999999747378752e-05, 1.0, 0.9988938570022583], "k_pid_vsp": [0.0, 385.6575927734375, 400.0]}, "datetime": {"datetime": "2025-08-22 01:40:56", "elapsed": 60973.00681805611, "delta": 20.085891246795654}, "costs": {"total_cost": 10381.03244487739, "time_cost": 150, "final_distance_cost": 2508.2952899943634, "oscillation_cost": 1713.0032501560897, "completition_cost": 1000.0, "overshoot_cost": 4881.448167866263, "power_cost": 31.783745239257815, "noise_cost": 96.50199162141705, "n_waypoints_completed": 0, "tot_waypoints": 9}}
{"target": -3552.7776714674637, "params": {"k_pid_pos": [1.947229027748108, 0.05007675290107727, 0.0], "k_pid_alt": [0.05462181568145752, 0.07019498944282532, 1.0], "k_pid_att": [0.0, 10.0, 1.0], "k_pid_yaw": [0.5, 1e-06, 0.1], "k_pid_hsp": [0.5210748314857483, 0.9876525402069092, 1.0], "k_pid_vsp": [0.0, 400.0, 400.0]}, "datetime": {"datetime": "2025-08-22 01:41:20", "elapsed": 60997.11522078514, "delta": 24.108402729034424}, "costs": {"total_cost": 3552.7776714674637, "time_cost": 150, "final_distance_cost": 374.86054717266427, "oscillation_cost": 1146.0116006033602, "completition_cost": 1000.0, "overshoot_cost": 755.5679963645648, "power_cost": 31.19387960205078, "noise_cost": 95.14364772482362, "n_waypoints_completed": 0, "tot_waypoints": 9}}
{"target": -2814.250475047101, "params": {"k_pid_pos": [1.9652608633041382, 0.0, 0.0], "k_pid_alt": [0.0, 0.03855302929878235, 0.9311619997024536], "k_pid_att": [0.5509614944458008, 10.0, 1.0], "k_pid_yaw": [0.5, 1e-06, 0.1], "k_pid_hsp": [9.999999747378752e-05, 1.0, 1.0], "k_pid_vsp": [21.44155502319336, 400.0, 373.7028503417969]}, "datetime": {"datetime": "2025-08-22 01:41:41", "elapsed": 61018.06052398682, "delta": 20.945303201675415}, "costs": {"total_cost": 2814.250475047101, "time_cost": 150, "final_distance_cost": 298.5749378633208, "oscillation_cost": 846.1905093054037, "completition_cost": 1000.0, "overshoot_cost": 397.52117831613884, "power_cost": 30.36038533935547, "noise_cost": 91.60346422288208, "n_waypoints_completed": 0, "tot_waypoints": 9}}
{"target": -2223.464059874881, "params": {"k_pid_pos": [2.0, 0.11290007829666138, 0.0], "k_pid_alt": [0.0, 0.0, 1.0], "k_pid_att": [12.303367614746094, 9.639942169189453, 1.0], "k_pid_yaw": [0.5, 1e-06, 0.1], "k_pid_hsp": [0.09384047985076904, 1.0, 0.9573752284049988], "k_pid_vsp": [0.0, 379.68865966796875, 400.0]}, "datetime": {"datetime": "2025-08-22 01:42:03", "elapsed": 61040.29105734825, "delta": 22.230533361434937}, "costs": {"total_cost": 2223.464059874881, "time_cost": 150, "final_distance_cost": 459.921634224944, "oscillation_cost": 281.03796241655033, "completition_cost": 1000.0, "overshoot_cost": 271.2728907343685, "power_cost": 21.583912902832033, "noise_cost": 39.647659596186266, "n_waypoints_completed": 0, "tot_waypoints": 9}}
{"target": -2123.7659812651113, "params": {"k_pid_pos": [2.0, 0.0, 0.0], "k_pid_alt": [0.0, 0.01461249589920044, 0.9796148538589478], "k_pid_att": [1.5894651412963867, 10.0, 1.0], "k_pid_yaw": [0.5, 1e-06, 0.1], "k_pid_hsp": [0.24426321685314178, 0.9970755577087402, 1.0], "k_pid_vsp": [14.354419708251953, 390.10809326171875, 400.0]}, "datetime": {"datetime": "2025-08-22 01:42:24", "elapsed": 61060.697664260864, "delta": 20.406606912612915}, "costs": {"total_cost": 2123.7659812651113, "time_cost": 150, "final_distance_cost": 7.694914901712949, "oscillation_cost": 573.7982907392194, "completition_cost": 1000.0, "overshoot_cost": 268.1514467883648, "power_cost": 31.132714013671876, "noise_cost": 92.9886148221426, "n_waypoints_completed": 0, "tot_waypoints": 9}}
{"target": -1697.2657631282127, "params": {"k_pid_pos": [2.0, 0.08662691712379456, 0.09562575817108154], "k_pid_alt": [0.03886103630065918, 0.09506332874298096, 0.8888522386550903], "k_pid_att": [3.2648653984069824, 9.870561599731445, 0.9535112977027893], "k_pid_yaw": [0.5, 1e-06, 0.1], "k_pid_hsp": [0.8182031512260437, 1.0, 1.0], "k_pid_vsp": [0.0, 398.0282287597656, 356.3214416503906]}, "datetime": {"datetime": "2025-08-22 01:42:46", "elapsed": 61083.01193070412, "delta": 22.314266443252563}, "costs": {"total_cost": 1697.2657631282127, "time_cost": 150, "final_distance_cost": 31.367090079906347, "oscillation_cost": 349.9848789647841, "completition_cost": 1000.0, "overshoot_cost": 89.66644246054837, "power_cost": 28.383061633300784, "noise_cost": 47.86428998967305, "n_waypoints_completed": 0, "tot_waypoints": 9}}
{"target": -5572.2484023982615, "params": {"k_pid_pos": [2.0, 0.0, 0.05342048406600952], "k_pid_alt": [0.0, 0.06031203269958496, 1.0], "k_pid_att": [0.0, 10.0, 0.9921802282333374], "k_pid_yaw": [0.5, 1e-06, 0.1], "k_pid_hsp": [9.999999747378752e-05, 1.0, 0.991866946220398], "k_pid_vsp": [0.0, 400.0, 400.0]}, "datetime": {"datetime": "2025-08-22 01:43:07", "elapsed": 61103.69129562378, "delta": 20.679364919662476}, "costs": {"total_cost": 5572.2484023982615, "time_cost": 150, "final_distance_cost": 884.969552850012, "oscillation_cost": 1054.5558623366999, "completition_cost": 1000.0, "overshoot_cost": 2353.721148023316, "power_cost": 32.10735639648438, "noise_cost": 96.89448279174884, "n_waypoints_completed": 0, "tot_waypoints": 9}}
{"target": -6757.864048137165, "params": {"k_pid_pos": [2.0, 0.007310390472412109, 0.060817450284957886], "k_pid_alt": [0.0, 0.05338135361671448, 0.9636270999908447], "k_pid_att": [0.0, 9.792974472045898, 1.0], "k_pid_yaw": [0.5, 1e-06, 0.1], "k_pid_hsp": [0.5647354125976562, 1.0, 1.0], "k_pid_vsp": [0.0, 387.26702880859375, 383.4866943359375]}, "datetime": {"datetime": "2025-08-22 01:43:29", "elapsed": 61125.96109509468, "delta": 22.26979947090149}, "costs": {"total_cost": 6757.864048137165, "time_cost": 150, "final_distance_cost": 1483.339315342199, "oscillation_cost": 2043.1409850387709, "completition_cost": 1000.0, "overshoot_cost": 1949.991575411447, "power_cost": 32.53508262939453, "noise_cost": 98.8570897153528, "n_waypoints_completed": 0, "tot_waypoints": 9}}
{"target": -10415.581040033232, "params": {"k_pid_pos": [2.0, 0.0, 0.0], "k_pid_alt": [0.0, 0.010648488998413086, 1.0], "k_pid_att": [0.0, 9.993566513061523, 1.0], "k_pid_yaw": [0.5, 1e-06, 0.1], "k_pid_hsp": [9.999999747378752e-05, 1.0, 0.9380215406417847], "k_pid_vsp": [23.701011657714844, 369.87548828125, 400.0]}, "datetime": {"datetime": "2025-08-22 01:43:52", "elapsed": 61148.58880567551, "delta": 22.627710580825806}, "costs": {"total_cost": 10415.581040033232, "time_cost": 150, "final_distance_cost": 2931.248469365131, "oscillation_cost": 1835.5283173303797, "completition_cost": 1000.0, "overshoot_cost": 4365.915083809144, "power_cost": 33.30951040039063, "noise_cost": 99.57965912818537, "n_waypoints_completed": 0, "tot_waypoints": 9}}
