{"target": -1660.9040134441445, "params": {"k_pid_pos": [2.0, 0.0403842031955719, 0.0], "k_pid_alt": [0.20146393775939941, 0.0, 0.933885395526886], "k_pid_att": [6.4659504890441895, 9.6754789352417, 0.9944030046463013], "k_pid_yaw": [0.5, 1e-06, 0.1], "k_pid_hsp": [9.999999747378752e-05, 1.0, 0.9460889101028442], "k_pid_vsp": [0.0, 372.6549987792969, 391.68524169921875]}, "datetime": {"datetime": "2025-08-21 12:28:24", "elapsed": 13420.62585902214, "delta": 23.016400814056396}, "costs": {"total_cost": 1660.9040134441445, "time_cost": 150, "final_distance_cost": 46.623320123852906, "oscillation_cost": 231.84984172295492, "completition_cost": 1000.0, "overshoot_cost": 186.08091535787747, "power_cost": 23.75394842529297, "noise_cost": 22.5959878141662, "n_waypoints_completed": 0, "tot_waypoints": 9}}
{"target": -1860.5201801164178, "params": {"k_pid_pos": [2.0, 0.04996269941329956, 0.0], "k_pid_alt": [0.0, 0.0, 0.961118221282959], "k_pid_att": [2.7688205242156982, 10.0, 0.9885026812553406], "k_pid_yaw": [0.5, 1e-06, 0.1], "k_pid_hsp": [0.5024811029434204, 0.992292046546936, 0.9416099786758423], "k_pid_vsp": [2.29719877243042, 385.5591125488281, 375.65106201171875]}, "datetime": {"datetime": "2025-08-21 12:28:47", "elapsed": 13443.504834651947, "delta": 22.87897562980652}, "costs": {"total_cost": 1860.5201801164178, "time_cost": 150, "final_distance_cost": 39.850396102341605, "oscillation_cost": 340.36303209392787, "completition_cost": 1000.0, "overshoot_cost": 256.38419159570395, "power_cost": 15.527424450683595, "noise_cost": 58.39513587376097, "n_waypoints_completed": 0, "tot_waypoints": 9}}
{"target": -2328.9830133473024, "params": {"k_pid_pos": [2.0, 0.013936907052993774, 0.011000126600265503], "k_pid_alt": [0.0, 0.00017312169075012207, 1.0], "k_pid_att": [1.8531203269958496, 9.483713150024414, 1.0], "k_pid_yaw": [0.5, 1e-06, 0.1], "k_pid_hsp": [9.999999747378752e-05, 1.0, 1.0], "k_pid_vsp": [0.0, 400.0, 361.880859375]}, "datetime": {"datetime": "2025-08-21 12:29:09", "elapsed": 13466.256539344788, "delta": 22.751704692840576}, "costs": {"total_cost": 2328.9830133473024, "time_cost": 150, "final_distance_cost": 162.17474267456416, "oscillation_cost": 458.11557747204273, "completition_cost": 1000.0, "overshoot_cost": 449.30790098088534, "power_cost": 26.76144822998047, "noise_cost": 82.62334398982979, "n_waypoints_completed": 0, "tot_waypoints": 9}}
{"target": -3967.809098298503, "params": {"k_pid_pos": [1.8909670114517212, 0.05651360750198364, 0.0], "k_pid_alt": [0.0, 0.039078086614608765, 1.0], "k_pid_att": [0.0, 9.120000839233398, 1.0], "k_pid_yaw": [0.5, 1e-06, 0.1], "k_pid_hsp": [0.2726496160030365, 0.9125170111656189, 1.0], "k_pid_vsp": [20.194541931152344, 394.32769775390625, 388.5302429199219]}, "datetime": {"datetime": "2025-08-21 12:29:32", "elapsed": 13489.304453372955, "delta": 23.047914028167725}, "costs": {"total_cost": 3967.809098298503, "time_cost": 150, "final_distance_cost": 389.02192002531757, "oscillation_cost": 1235.2971179958347, "completition_cost": 1000.0, "overshoot_cost": 1061.7872921427563, "power_cost": 33.00991220703125, "noise_cost": 98.69285592756313, "n_waypoints_completed": 0, "tot_waypoints": 9}}
{"target": -1682.8180052394714, "params": {"k_pid_pos": [2.0, 0.0, 0.0], "k_pid_alt": [0.0, 0.009822577238082886, 1.0], "k_pid_att": [5.774888515472412, 10.0, 0.9666780233383179], "k_pid_yaw": [0.5, 1e-06, 0.1], "k_pid_hsp": [0.37129074335098267, 0.9820184111595154, 1.0], "k_pid_vsp": [0.0, 400.0, 400.0]}, "datetime": {"datetime": "2025-08-21 12:29:56", "elapsed": 13512.863717794418, "delta": 23.559264421463013}, "costs": {"total_cost": 1682.8180052394714, "time_cost": 150, "final_distance_cost": 5.962221126285416, "oscillation_cost": 302.79078363199625, "completition_cost": 1000.0, "overshoot_cost": 144.04078580072078, "power_cost": 18.69132821044922, "noise_cost": 61.3328864700196, "n_waypoints_completed": 0, "tot_waypoints": 9}}
{"target": -8782.036630712446, "params": {"k_pid_pos": [2.0, 0.03822001814842224, 0.0], "k_pid_alt": [0.0, 0.0, 0.985816478729248], "k_pid_att": [0.0, 10.0, 1.0], "k_pid_yaw": [0.5, 1e-06, 0.1], "k_pid_hsp": [9.999999747378752e-05, 1.0, 0.9852172136306763], "k_pid_vsp": [16.562318801879883, 396.562255859375, 400.0]}, "datetime": {"datetime": "2025-08-21 12:30:19", "elapsed": 13535.809057712555, "delta": 22.945339918136597}, "costs": {"total_cost": 8782.036630712446, "time_cost": 150, "final_distance_cost": 2599.2067815217633, "oscillation_cost": 601.6785032916737, "completition_cost": 1000.0, "overshoot_cost": 4354.944631911047, "power_cost": 13.71027705078125, "noise_cost": 62.4964369371807, "n_waypoints_completed": 0, "tot_waypoints": 9}}
{"target": -5749.2229824516235, "params": {"k_pid_pos": [1.9227168560028076, 0.0, 0.0], "k_pid_alt": [0.18193668127059937, 0.029503285884857178, 1.0], "k_pid_att": [0.0, 10.0, 0.9945380091667175], "k_pid_yaw": [0.5, 1e-06, 0.1], "k_pid_hsp": [0.23478616774082184, 1.0, 0.973129391670227], "k_pid_vsp": [0.0, 380.2506408691406, 371.28515625]}, "datetime": {"datetime": "2025-08-21 12:30:42", "elapsed": 13558.99828004837, "delta": 23.18922233581543}, "costs": {"total_cost": 5749.2229824516235, "time_cost": 150, "final_distance_cost": 573.4677677573136, "oscillation_cost": 1961.8875246987764, "completition_cost": 1000.0, "overshoot_cost": 1930.7755735125825, "power_cost": 33.154883398437505, "noise_cost": 99.93723308451219, "n_waypoints_completed": 0, "tot_waypoints": 9}}
{"target": -3951.833842025615, "params": {"k_pid_pos": [2.0, 0.10407754778862, 0.0], "k_pid_alt": [0.0, 0.03176507353782654, 1.0], "k_pid_att": [0.0, 8.874464988708496, 1.0], "k_pid_yaw": [0.5, 1e-06, 0.1], "k_pid_hsp": [9.999999747378752e-05, 1.0, 0.9520021677017212], "k_pid_vsp": [0.0, 400.0, 400.0]}, "datetime": {"datetime": "2025-08-21 12:31:05", "elapsed": 13582.136086940765, "delta": 23.13780689239502}, "costs": {"total_cost": 3951.833842025615, "time_cost": 150, "final_distance_cost": 533.7122860427537, "oscillation_cost": 944.5611753216774, "completition_cost": 1000.0, "overshoot_cost": 1194.5601483963555, "power_cost": 32.09759508056641, "noise_cost": 96.90263718426213, "n_waypoints_completed": 0, "tot_waypoints": 9}}
{"target": -1718.3228794615031, "params": {"k_pid_pos": [1.9689356088638306, 0.03087085485458374, 0.0], "k_pid_alt": [0.0, 0.0, 1.0], "k_pid_att": [5.8143110275268555, 10.0, 0.9224393963813782], "k_pid_yaw": [0.5, 1e-06, 0.1], "k_pid_hsp": [9.999999747378752e-05, 1.0, 1.0], "k_pid_vsp": [10.222172737121582, 400.0, 396.35711669921875]}, "datetime": {"datetime": "2025-08-21 12:31:28", "elapsed": 13604.972177505493, "delta": 22.836090564727783}, "costs": {"total_cost": 1718.3228794615031, "time_cost": 150, "final_distance_cost": 102.60709842954839, "oscillation_cost": 247.98805637077174, "completition_cost": 1000.0, "overshoot_cost": 152.58933433811728, "power_cost": 15.947966955566407, "noise_cost": 49.190423367499, "n_waypoints_completed": 0, "tot_waypoints": 9}}
{"target": -4083.519453014472, "params": {"k_pid_pos": [2.0, 0.07618233561515808, 0.0], "k_pid_alt": [0.12452930212020874, 0.0, 1.0], "k_pid_att": [0.0, 10.0, 0.977104663848877], "k_pid_yaw": [0.5, 1e-06, 0.1], "k_pid_hsp": [0.6220793128013611, 0.9725933074951172, 1.0], "k_pid_vsp": [11.536431312561035, 400.0, 400.0]}, "datetime": {"datetime": "2025-08-21 12:31:51", "elapsed": 13627.878612995148, "delta": 22.90643548965454}, "costs": {"total_cost": 4083.519453014472, "time_cost": 150, "final_distance_cost": 648.6260895421962, "oscillation_cost": 1079.9933330444126, "completition_cost": 1000.0, "overshoot_cost": 1079.0790145190258, "power_cost": 31.0061666015625, "noise_cost": 94.81484930727473, "n_waypoints_completed": 0, "tot_waypoints": 9}}
{"target": -1869.9256143658654, "params": {"k_pid_pos": [2.0, 0.00022712349891662598, 0.0], "k_pid_alt": [0.0018985867500305176, 0.0, 1.0], "k_pid_att": [5.90510368347168, 9.231175422668457, 0.9633431434631348], "k_pid_yaw": [0.5, 1e-06, 0.1], "k_pid_hsp": [0.70171058177948, 1.0, 1.0], "k_pid_vsp": [11.038947105407715, 400.0, 383.921630859375]}, "datetime": {"datetime": "2025-08-21 12:32:14", "elapsed": 13650.666128873825, "delta": 22.787515878677368}, "costs": {"total_cost": 1869.9256143658654, "time_cost": 150, "final_distance_cost": 254.172456625896, "oscillation_cost": 264.243294353455, "completition_cost": 1000.0, "overshoot_cost": 153.22086662404578, "power_cost": 21.188817773437503, "noise_cost": 27.100178989031217, "n_waypoints_completed": 0, "tot_waypoints": 9}}
{"target": -23603.531042763432, "params": {"k_pid_pos": [2.0, 0.013195991516113281, 0.0], "k_pid_alt": [0.0045552849769592285, 0.07002612948417664, 1.0], "k_pid_att": [0.0, 10.0, 0.9936474561691284], "k_pid_yaw": [0.5, 1e-06, 0.1], "k_pid_hsp": [0.655414342880249, 1.0, 1.0], "k_pid_vsp": [15.439998626708984, 398.96539306640625, 377.6462707519531]}, "datetime": {"datetime": "2025-08-21 12:32:37", "elapsed": 13673.566321849823, "delta": 22.900192975997925}, "costs": {"total_cost": 23603.531042763432, "time_cost": 150, "final_distance_cost": 6995.0565009734155, "oscillation_cost": 2350.1421597564936, "completition_cost": 1000.0, "overshoot_cost": 12971.022839766125, "power_cost": 34.44983275146485, "noise_cost": 102.85970951593261, "n_waypoints_completed": 0, "tot_waypoints": 9}}
{"target": -1697.9090655795144, "params": {"k_pid_pos": [1.8724186420440674, 0.07914528250694275, 0.0], "k_pid_alt": [0.0, 0.0, 1.0], "k_pid_att": [3.447413444519043, 9.413084030151367, 0.9234903454780579], "k_pid_yaw": [0.5, 1e-06, 0.1], "k_pid_hsp": [9.999999747378752e-05, 1.0, 1.0], "k_pid_vsp": [8.486377716064453, 400.0, 400.0]}, "datetime": {"datetime": "2025-08-21 12:32:59", "elapsed": 13696.352625131607, "delta": 22.786303281784058}, "costs": {"total_cost": 1697.9090655795144, "time_cost": 150, "final_distance_cost": 16.295648292347366, "oscillation_cost": 309.9801782387754, "completition_cost": 1000.0, "overshoot_cost": 147.78119592064468, "power_cost": 19.88393316650391, "noise_cost": 53.96810996124295, "n_waypoints_completed": 0, "tot_waypoints": 9}}
{"target": -18098.24797471293, "params": {"k_pid_pos": [1.9154707193374634, 0.01978391408920288, 0.0], "k_pid_alt": [0.07421839237213135, 0.03699401021003723, 0.8759162425994873], "k_pid_att": [0.0, 9.683176040649414, 0.9503605961799622], "k_pid_yaw": [0.5, 1e-06, 0.1], "k_pid_hsp": [0.7831922769546509, 1.0, 1.0], "k_pid_vsp": [0.0, 400.0, 400.0]}, "datetime": {"datetime": "2025-08-21 12:33:23", "elapsed": 13719.637582063675, "delta": 23.28495693206787}, "costs": {"total_cost": 18098.24797471293, "time_cost": 150, "final_distance_cost": 6390.33744959419, "oscillation_cost": 1703.6602877962084, "completition_cost": 1000.0, "overshoot_cost": 8718.317249913272, "power_cost": 34.129506591796876, "noise_cost": 101.80348081745873, "n_waypoints_completed": 0, "tot_waypoints": 9}}
{"target": -8878.342711236366, "params": {"k_pid_pos": [2.0, 0.01490163803100586, 0.0], "k_pid_alt": [0.017967939376831055, 0.0025769174098968506, 0.9585509896278381], "k_pid_att": [0.0, 10.0, 0.9847085475921631], "k_pid_yaw": [0.5, 1e-06, 0.1], "k_pid_hsp": [9.999999747378752e-05, 1.0, 1.0], "k_pid_vsp": [0.0, 387.50494384765625, 385.49176025390625]}, "datetime": {"datetime": "2025-08-21 12:33:45", "elapsed": 13742.332932949066, "delta": 22.695350885391235}, "costs": {"total_cost": 8878.342711236366, "time_cost": 150, "final_distance_cost": 2146.812212351685, "oscillation_cost": 800.2848489149002, "completition_cost": 1000.0, "overshoot_cost": 4662.092515040331, "power_cost": 29.753270043945314, "noise_cost": 89.39986488550548, "n_waypoints_completed": 0, "tot_waypoints": 9}}
{"target": -1640.080303258923, "params": {"k_pid_pos": [1.9407762289047241, 0.0, 0.037174493074417114], "k_pid_alt": [0.0016152262687683105, 0.0, 0.91858971118927], "k_pid_att": [6.585687637329102, 9.87267780303955, 0.9716837406158447], "k_pid_yaw": [0.5, 1e-06, 0.1], "k_pid_hsp": [0.008641855791211128, 0.9922851920127869, 1.0], "k_pid_vsp": [28.417205810546875, 382.83087158203125, 400.0]}, "datetime": {"datetime": "2025-08-21 12:34:08", "elapsed": 13765.003393888474, "delta": 22.67046093940735}, "costs": {"total_cost": 1640.080303258923, "time_cost": 150, "final_distance_cost": 16.345666715460116, "oscillation_cost": 280.48384512739244, "completition_cost": 1000.0, "overshoot_cost": 128.47310869657466, "power_cost": 18.757309790039063, "noise_cost": 46.020372929456954, "n_waypoints_completed": 0, "tot_waypoints": 9}}
{"target": -1738.5583780648863, "params": {"k_pid_pos": [2.0, 0.02778986096382141, 0.0], "k_pid_alt": [0.0, 0.0, 1.0], "k_pid_att": [5.112293243408203, 10.0, 1.0], "k_pid_yaw": [0.5, 1e-06, 0.1], "k_pid_hsp": [0.0306610818952322, 1.0, 1.0], "k_pid_vsp": [0.0, 400.0, 400.0]}, "datetime": {"datetime": "2025-08-21 12:34:31", "elapsed": 13787.828555822372, "delta": 22.825161933898926}, "costs": {"total_cost": 1738.5583780648863, "time_cost": 150, "final_distance_cost": 206.72732000549078, "oscillation_cost": 213.19684815442085, "completition_cost": 1000.0, "overshoot_cost": 130.57719714536503, "power_cost": 19.834962341308593, "noise_cost": 18.222050418300967, "n_waypoints_completed": 0, "tot_waypoints": 9}}
{"target": -2040.9568375292592, "params": {"k_pid_pos": [1.856046199798584, 0.0, 0.025132566690444946], "k_pid_alt": [0.0, 0.0, 0.9767665863037109], "k_pid_att": [1.294127106666565, 9.90516185760498, 1.0], "k_pid_yaw": [0.5, 1e-06, 0.1], "k_pid_hsp": [9.999999747378752e-05, 1.0, 1.0], "k_pid_vsp": [0.0, 400.0, 399.97821044921875]}, "datetime": {"datetime": "2025-08-21 12:34:54", "elapsed": 13810.840476751328, "delta": 23.011920928955078}, "costs": {"total_cost": 2040.9568375292592, "time_cost": 150, "final_distance_cost": 2.2408753988762387, "oscillation_cost": 640.5338391895613, "completition_cost": 1000.0, "overshoot_cost": 163.36459369199312, "power_cost": 16.580440075683594, "noise_cost": 68.23708917314512, "n_waypoints_completed": 0, "tot_waypoints": 9}}
{"target": -7150.229429853149, "params": {"k_pid_pos": [1.919118881225586, 0.0, 0.0], "k_pid_alt": [0.0, 0.10976183414459229, 1.0], "k_pid_att": [0.0, 10.0, 1.0], "k_pid_yaw": [0.5, 1e-06, 0.1], "k_pid_hsp": [0.3968290090560913, 1.0, 0.9207946062088013], "k_pid_vsp": [0.0, 400.0, 400.0]}, "datetime": {"datetime": "2025-08-21 12:35:17", "elapsed": 13833.786554813385, "delta": 22.946078062057495}, "costs": {"total_cost": 7150.229429853149, "time_cost": 150, "final_distance_cost": 782.3063393254373, "oscillation_cost": 1500.9276064733424, "completition_cost": 1000.0, "overshoot_cost": 3583.0622469986383, "power_cost": 33.45666000976563, "noise_cost": 100.4765770459657, "n_waypoints_completed": 0, "tot_waypoints": 9}}
{"target": -6542.725208003884, "params": {"k_pid_pos": [2.0, 0.006573021411895752, 0.0], "k_pid_alt": [0.0, 0.006179869174957275, 0.9632155895233154], "k_pid_att": [0.0, 10.0, 0.9792594909667969], "k_pid_yaw": [0.5, 1e-06, 0.1], "k_pid_hsp": [0.12279731780290604, 1.0, 1.0], "k_pid_vsp": [21.70478057861328, 368.062255859375, 396.7109069824219]}, "datetime": {"datetime": "2025-08-21 12:35:40", "elapsed": 13856.824485778809, "delta": 23.037930965423584}, "costs": {"total_cost": 6542.725208003884, "time_cost": 150, "final_distance_cost": 775.3125080634022, "oscillation_cost": 2266.6945669409574, "completition_cost": 1000.0, "overshoot_cost": 2226.634288066082, "power_cost": 29.989530627441408, "noise_cost": 94.0943143060024, "n_waypoints_completed": 0, "tot_waypoints": 9}}
{"target": -15788.504226951709, "params": {"k_pid_pos": [1.8927927017211914, 0.0, 0.05160298943519592], "k_pid_alt": [0.021549999713897705, 0.0, 1.0], "k_pid_att": [0.0, 10.0, 1.0], "k_pid_yaw": [0.5, 1e-06, 0.1], "k_pid_hsp": [0.14208579063415527, 1.0, 0.9847797155380249], "k_pid_vsp": [64.65437316894531, 400.0, 400.0]}, "datetime": {"datetime": "2025-08-21 12:36:03", "elapsed": 13880.0203602314, "delta": 23.195874452590942}, "costs": {"total_cost": 15788.504226951709, "time_cost": 150, "final_distance_cost": 4776.05839393143, "oscillation_cost": 1974.7663064119558, "completition_cost": 1000.0, "overshoot_cost": 7753.284070476095, "power_cost": 33.65074165039063, "noise_cost": 100.74471448183807, "n_waypoints_completed": 0, "tot_waypoints": 9}}
{"target": -2380.3152024802, "params": {"k_pid_pos": [1.807485818862915, 0.0, 7.271766662597656e-06], "k_pid_alt": [0.26281726360321045, 0.05792781710624695, 1.0], "k_pid_att": [0.46337246894836426, 9.02062702178955, 0.9711273312568665], "k_pid_yaw": [0.5, 1e-06, 0.1], "k_pid_hsp": [9.999999747378752e-05, 1.0, 1.0], "k_pid_vsp": [41.993988037109375, 400.0, 392.5183410644531]}, "datetime": {"datetime": "2025-08-21 12:36:26", "elapsed": 13902.936125040054, "delta": 22.915764808654785}, "costs": {"total_cost": 2380.3152024802, "time_cost": 150, "final_distance_cost": 25.35821213730769, "oscillation_cost": 887.724830226149, "completition_cost": 1000.0, "overshoot_cost": 188.7557107829791, "power_cost": 32.127408044433594, "noise_cost": 96.34904128933023, "n_waypoints_completed": 0, "tot_waypoints": 9}}
{"target": -1695.122887115465, "params": {"k_pid_pos": [1.9518051147460938, 0.04290798306465149, 0.0], "k_pid_alt": [0.007025003433227539, 0.0, 1.0], "k_pid_att": [5.992713451385498, 10.0, 1.0], "k_pid_yaw": [0.5, 1e-06, 0.1], "k_pid_hsp": [9.999999747378752e-05, 1.0, 1.0], "k_pid_vsp": [0.0, 400.0, 400.0]}, "datetime": {"datetime": "2025-08-21 12:36:49", "elapsed": 13926.076387405396, "delta": 23.140262365341187}, "costs": {"total_cost": 1695.122887115465, "time_cost": 150, "final_distance_cost": 14.10130498757818, "oscillation_cost": 306.9417067797109, "completition_cost": 1000.0, "overshoot_cost": 140.45306364094463, "power_cost": 19.724246997070313, "noise_cost": 63.902564710160696, "n_waypoints_completed": 0, "tot_waypoints": 9}}
{"target": -15783.31547386905, "params": {"k_pid_pos": [2.0, 0.07604983448982239, 0.012188434600830078], "k_pid_alt": [0.0, 0.0, 0.9494358897209167], "k_pid_att": [0.0, 9.45671272277832, 1.0], "k_pid_yaw": [0.5, 1e-06, 0.1], "k_pid_hsp": [0.7790712714195251, 1.0, 0.9036259651184082], "k_pid_vsp": [25.44438934326172, 400.0, 400.0]}, "datetime": {"datetime": "2025-08-21 12:37:12", "elapsed": 13948.829479455948, "delta": 22.753092050552368}, "costs": {"total_cost": 15783.31547386905, "time_cost": 150, "final_distance_cost": 4764.686546034777, "oscillation_cost": 2088.481456625824, "completition_cost": 1000.0, "overshoot_cost": 7656.394549905475, "power_cost": 28.808012695312502, "noise_cost": 94.94490860766274, "n_waypoints_completed": 0, "tot_waypoints": 9}}
{"target": -2007.164411109522, "params": {"k_pid_pos": [2.0, 0.0, 0.02857533097267151], "k_pid_alt": [0.0, 0.0, 1.0], "k_pid_att": [2.750682830810547, 8.89321517944336, 0.9936517477035522], "k_pid_yaw": [0.5, 1e-06, 0.1], "k_pid_hsp": [9.999999747378752e-05, 0.9980429410934448, 1.0], "k_pid_vsp": [5.0521016120910645, 371.3057861328125, 387.4973449707031]}, "datetime": {"datetime": "2025-08-21 12:37:35", "elapsed": 13971.625914812088, "delta": 22.796435356140137}, "costs": {"total_cost": 2007.164411109522, "time_cost": 150, "final_distance_cost": 174.96667807463038, "oscillation_cost": 297.8948943461409, "completition_cost": 1000.0, "overshoot_cost": 339.57153879101645, "power_cost": 15.409313879394531, "noise_cost": 29.32198601833938, "n_waypoints_completed": 0, "tot_waypoints": 9}}
{"target": -6572.389146899999, "params": {"k_pid_pos": [2.0, 0.0, 0.0726746916770935], "k_pid_alt": [0.1375637650489807, 0.0, 0.9164644479751587], "k_pid_att": [0.0, 10.0, 1.0], "k_pid_yaw": [0.5, 1e-06, 0.1], "k_pid_hsp": [0.0015769882593303919, 0.9429370164871216, 1.0], "k_pid_vsp": [0.0, 400.0, 400.0]}, "datetime": {"datetime": "2025-08-21 12:37:58", "elapsed": 13994.524512052536, "delta": 22.898597240447998}, "costs": {"total_cost": 6572.389146899999, "time_cost": 150, "final_distance_cost": 1251.907639715106, "oscillation_cost": 1649.6060569622634, "completition_cost": 1000.0, "overshoot_cost": 2389.5209865280585, "power_cost": 32.81221879882813, "noise_cost": 98.54224489574341, "n_waypoints_completed": 0, "tot_waypoints": 9}}
{"target": -1940.7072192502483, "params": {"k_pid_pos": [2.0, 0.0660460889339447, 0.031336963176727295], "k_pid_alt": [0.0, 0.04610133171081543, 0.9833303093910217], "k_pid_att": [3.0896365642547607, 10.0, 0.9875113368034363], "k_pid_yaw": [0.5, 1e-06, 0.1], "k_pid_hsp": [9.999999747378752e-05, 0.9656299352645874, 1.0], "k_pid_vsp": [13.922786712646484, 377.7890625, 400.0]}, "datetime": {"datetime": "2025-08-21 12:38:21", "elapsed": 14017.598249912262, "delta": 23.073737859725952}, "costs": {"total_cost": 1940.7072192502483, "time_cost": 150, "final_distance_cost": 90.18904408587508, "oscillation_cost": 319.17312929890187, "completition_cost": 1000.0, "overshoot_cost": 301.06721715101463, "power_cost": 21.260323962402346, "noise_cost": 59.01750475205448, "n_waypoints_completed": 0, "tot_waypoints": 9}}
{"target": -1662.184035843431, "params": {"k_pid_pos": [1.9922019243240356, 0.0, 0.07001641392707825], "k_pid_alt": [0.0, 0.0, 0.9658548831939697], "k_pid_att": [3.5691022872924805, 9.342734336853027, 1.0], "k_pid_yaw": [0.5, 1e-06, 0.1], "k_pid_hsp": [0.6520705223083496, 0.9280957579612732, 0.9310253858566284], "k_pid_vsp": [9.874856948852539, 383.9151916503906, 400.0]}, "datetime": {"datetime": "2025-08-21 12:38:44", "elapsed": 14040.609181404114, "delta": 23.010931491851807}, "costs": {"total_cost": 1662.184035843431, "time_cost": 150, "final_distance_cost": 53.01446928444909, "oscillation_cost": 267.7174646723599, "completition_cost": 888.8888888888888, "overshoot_cost": 247.29033130495876, "power_cost": 21.44711480712891, "noise_cost": 33.82576688564568, "n_waypoints_completed": 1, "tot_waypoints": 9}}
