{"target": -3405.620785843824, "params": {"k_pid_pos": [2.0, 0.10032391548156738, 0.011872977018356323], "k_pid_alt": [0.0, 0.0, 0.9954246282577515], "k_pid_att": [0.0, 9.666044235229492, 0.9552709460258484], "k_pid_yaw": [0.5, 1e-06, 0.1], "k_pid_hsp": [0.42566633224487305, 1.0, 1.0], "k_pid_vsp": [0.0, 400.0, 400.0]}, "datetime": {"datetime": "2025-08-21 22:54:56", "elapsed": 51012.53963327408, "delta": 23.94912886619568}, "costs": {"total_cost": 3405.620785843824, "time_cost": 150, "final_distance_cost": 419.639432273675, "oscillation_cost": 985.2322570559588, "completition_cost": 1000.0, "overshoot_cost": 748.7347509054464, "power_cost": 22.1174490234375, "noise_cost": 79.89689658530607, "n_waypoints_completed": 0, "tot_waypoints": 9}}
{"target": -1610.967588615707, "params": {"k_pid_pos": [1.9782243967056274, 0.0, 0.0], "k_pid_alt": [0.0, 0.0, 0.9900270700454712], "k_pid_att": [4.593235015869141, 10.0, 1.0], "k_pid_yaw": [0.5, 1e-06, 0.1], "k_pid_hsp": [0.15073731541633606, 1.0, 1.0], "k_pid_vsp": [3.8437962532043457, 400.0, 375.34600830078125]}, "datetime": {"datetime": "2025-08-21 22:55:19", "elapsed": 51036.26727557182, "delta": 23.72764229774475}, "costs": {"total_cost": 1610.967588615707, "time_cost": 150, "final_distance_cost": 34.65537043859597, "oscillation_cost": 284.0014821239883, "completition_cost": 1000.0, "overshoot_cost": 93.47797022257994, "power_cost": 19.647344531250003, "noise_cost": 29.185421299292685, "n_waypoints_completed": 0, "tot_waypoints": 9}}
{"target": -1838.8914690037668, "params": {"k_pid_pos": [2.0, 0.0, 0.0], "k_pid_alt": [0.0, 0.024312645196914673, 0.9452958703041077], "k_pid_att": [3.34513783454895, 10.0, 0.975605845451355], "k_pid_yaw": [0.5, 1e-06, 0.1], "k_pid_hsp": [0.6182053089141846, 1.0, 0.9193053841590881], "k_pid_vsp": [0.0, 400.0, 390.5173645019531]}, "datetime": {"datetime": "2025-08-21 22:55:44", "elapsed": 51061.45977973938, "delta": 25.192504167556763}, "costs": {"total_cost": 1838.8914690037668, "time_cost": 150, "final_distance_cost": 64.02994316267744, "oscillation_cost": 299.31527681824895, "completition_cost": 1000.0, "overshoot_cost": 279.8236933513188, "power_cost": 17.17356258544922, "noise_cost": 28.548993086072485, "n_waypoints_completed": 0, "tot_waypoints": 9}}
{"target": -8216.64297500729, "params": {"k_pid_pos": [2.0, 0.0927455723285675, 0.002563178539276123], "k_pid_alt": [0.11315065622329712, 0.013251125812530518, 1.0], "k_pid_att": [0.0, 10.0, 0.9739696979522705], "k_pid_yaw": [0.5, 1e-06, 0.1], "k_pid_hsp": [9.999999747378752e-05, 0.9025251865386963, 0.9418965578079224], "k_pid_vsp": [0.0, 370.34161376953125, 400.0]}, "datetime": {"datetime": "2025-08-21 22:56:07", "elapsed": 51084.00388240814, "delta": 22.544102668762207}, "costs": {"total_cost": 8216.64297500729, "time_cost": 150, "final_distance_cost": 2444.0022716099734, "oscillation_cost": 1808.7760940297953, "completition_cost": 1000.0, "overshoot_cost": 2681.0309832794615, "power_cost": 33.04234107666016, "noise_cost": 99.79128501139814, "n_waypoints_completed": 0, "tot_waypoints": 9}}
{"target": -2432.542131493379, "params": {"k_pid_pos": [1.8335578441619873, 0.0, 0.0], "k_pid_alt": [0.09166711568832397, 0.0, 0.9519757032394409], "k_pid_att": [11.199697494506836, 9.361459732055664, 1.0], "k_pid_yaw": [0.5, 1e-06, 0.1], "k_pid_hsp": [9.999999747378752e-05, 0.9662301540374756, 0.9250612258911133], "k_pid_vsp": [1.2950539588928223, 398.1131896972656, 400.0]}, "datetime": {"datetime": "2025-08-21 22:56:33", "elapsed": 51110.29942560196, "delta": 26.29554319381714}, "costs": {"total_cost": 2432.542131493379, "time_cost": 150, "final_distance_cost": 492.5762331308099, "oscillation_cost": 296.2201374460539, "completition_cost": 1000.0, "overshoot_cost": 445.112584168344, "power_cost": 23.39951520996094, "noise_cost": 25.233661538210413, "n_waypoints_completed": 0, "tot_waypoints": 9}}
{"target": -1823.5201632844562, "params": {"k_pid_pos": [2.0, 0.04670783877372742, 0.03143927454948425], "k_pid_alt": [0.07767021656036377, 0.01060175895690918, 0.980798602104187], "k_pid_att": [3.7640185356140137, 9.675209999084473, 0.9520228505134583], "k_pid_yaw": [0.5, 1e-06, 0.1], "k_pid_hsp": [9.999999747378752e-05, 0.9794363975524902, 0.9626426100730896], "k_pid_vsp": [0.0, 391.3030700683594, 378.53680419921875]}, "datetime": {"datetime": "2025-08-21 22:56:57", "elapsed": 51134.13743472099, "delta": 23.838009119033813}, "costs": {"total_cost": 1823.5201632844562, "time_cost": 150, "final_distance_cost": 33.493914483732254, "oscillation_cost": 262.4604981023612, "completition_cost": 1000.0, "overshoot_cost": 311.56474954740395, "power_cost": 26.078136718750002, "noise_cost": 39.92286443220864, "n_waypoints_completed": 0, "tot_waypoints": 9}}
{"target": -1730.0596875754168, "params": {"k_pid_pos": [1.8703689575195312, 0.0, 0.057893991470336914], "k_pid_alt": [0.0, 0.0, 1.0], "k_pid_att": [2.8618693351745605, 9.290188789367676, 1.0], "k_pid_yaw": [0.5, 1e-06, 0.1], "k_pid_hsp": [0.21257531642913818, 0.9093239307403564, 0.9870152473449707], "k_pid_vsp": [12.041080474853516, 388.53875732421875, 395.62701416015625]}, "datetime": {"datetime": "2025-08-21 22:57:23", "elapsed": 51159.67033267021, "delta": 25.53289794921875}, "costs": {"total_cost": 1730.0596875754168, "time_cost": 150, "final_distance_cost": 5.0570448975393125, "oscillation_cost": 328.75672843151074, "completition_cost": 1000.0, "overshoot_cost": 167.81802068682006, "power_cost": 14.688344152832032, "noise_cost": 63.73954940671458, "n_waypoints_completed": 0, "tot_waypoints": 9}}
{"target": -3728.604408242655, "params": {"k_pid_pos": [2.0, 0.06781885027885437, 0.0], "k_pid_alt": [0.016285717487335205, 0.11075159907341003, 1.0], "k_pid_att": [6.436043739318848, 9.919678688049316, 0.9669157266616821], "k_pid_yaw": [0.5, 1e-06, 0.1], "k_pid_hsp": [9.999999747378752e-05, 1.0, 1.0], "k_pid_vsp": [0.0, 400.0, 400.0]}, "datetime": {"datetime": "2025-08-21 22:57:45", "elapsed": 51182.31629562378, "delta": 22.645962953567505}, "costs": {"total_cost": 3728.604408242655, "time_cost": 150, "final_distance_cost": 974.9857695701334, "oscillation_cost": 183.11525860475348, "completition_cost": 1000.0, "overshoot_cost": 1387.6490110787113, "power_cost": 18.098602600097657, "noise_cost": 14.755766388959174, "n_waypoints_completed": 0, "tot_waypoints": 9}}
{"target": -20408.296564874683, "params": {"k_pid_pos": [2.0, 0.009256511926651001, 0.0], "k_pid_alt": [0.08584368228912354, 0.009620338678359985, 0.9813486933708191], "k_pid_att": [0.0, 9.771166801452637, 0.9022798538208008], "k_pid_yaw": [0.5, 1e-06, 0.1], "k_pid_hsp": [0.27382829785346985, 0.9986196756362915, 0.9942841529846191], "k_pid_vsp": [0.0, 400.0, 400.0]}, "datetime": {"datetime": "2025-08-21 22:58:11", "elapsed": 51207.4725818634, "delta": 25.156286239624023}, "costs": {"total_cost": 20408.296564874683, "time_cost": 150, "final_distance_cost": 6282.214643627858, "oscillation_cost": 2156.410059177103, "completition_cost": 1000.0, "overshoot_cost": 10680.970005946834, "power_cost": 35.026412841796876, "noise_cost": 103.67544328108696, "n_waypoints_completed": 0, "tot_waypoints": 9}}
{"target": -5122.4478333686375, "params": {"k_pid_pos": [1.9610722064971924, 0.0318942666053772, 0.05052751302719116], "k_pid_alt": [0.23841553926467896, 0.0, 0.9471399784088135], "k_pid_att": [0.0, 9.677112579345703, 1.0], "k_pid_yaw": [0.5, 1e-06, 0.1], "k_pid_hsp": [9.999999747378752e-05, 1.0, 1.0], "k_pid_vsp": [29.812013626098633, 378.4483337402344, 395.1805725097656]}, "datetime": {"datetime": "2025-08-21 22:58:34", "elapsed": 51230.77057170868, "delta": 23.29798984527588}, "costs": {"total_cost": 5122.4478333686375, "time_cost": 150, "final_distance_cost": 828.7960505223525, "oscillation_cost": 1226.392568148203, "completition_cost": 1000.0, "overshoot_cost": 1789.2093559238956, "power_cost": 31.812833142089847, "noise_cost": 96.23702563209696, "n_waypoints_completed": 0, "tot_waypoints": 9}}
{"target": -1648.9046116499135, "params": {"k_pid_pos": [2.0, 0.03805035352706909, 0.0487823486328125], "k_pid_alt": [0.0, 0.0958884060382843, 1.0], "k_pid_att": [6.581455230712891, 10.0, 1.0], "k_pid_yaw": [0.5, 1e-06, 0.1], "k_pid_hsp": [0.017221858724951744, 0.9494060277938843, 0.9992531538009644], "k_pid_vsp": [3.835177421569824, 388.0094909667969, 400.0]}, "datetime": {"datetime": "2025-08-21 22:58:58", "elapsed": 51255.20939183235, "delta": 24.438820123672485}, "costs": {"total_cost": 1648.9046116499135, "time_cost": 150, "final_distance_cost": 10.40161943238303, "oscillation_cost": 291.9655434633269, "completition_cost": 1000.0, "overshoot_cost": 129.18024672386844, "power_cost": 18.478140661621094, "noise_cost": 48.87906136871379, "n_waypoints_completed": 0, "tot_waypoints": 9}}
{"target": -2000.6705923088566, "params": {"k_pid_pos": [2.0, 0.0, 0.09709155559539795], "k_pid_alt": [0.0, 0.0, 1.0], "k_pid_att": [1.944434642791748, 9.932891845703125, 0.9864879846572876], "k_pid_yaw": [0.5, 1e-06, 0.1], "k_pid_hsp": [9.999999747378752e-05, 0.9858620166778564, 0.9767079949378967], "k_pid_vsp": [0.0, 390.2625427246094, 394.5647888183594]}, "datetime": {"datetime": "2025-08-21 22:59:22", "elapsed": 51279.40395307541, "delta": 24.19456124305725}, "costs": {"total_cost": 2000.6705923088566, "time_cost": 150, "final_distance_cost": 53.57345729247085, "oscillation_cost": 475.00973833808297, "completition_cost": 1000.0, "overshoot_cost": 203.65985833370723, "power_cost": 29.694913293457034, "noise_cost": 88.73262505113871, "n_waypoints_completed": 0, "tot_waypoints": 9}}
{"target": -14906.42687145053, "params": {"k_pid_pos": [1.8817214965820312, 0.05367019772529602, 0.0], "k_pid_alt": [0.005835056304931641, 0.0, 1.0], "k_pid_att": [0.0, 10.0, 1.0], "k_pid_yaw": [0.5, 1e-06, 0.1], "k_pid_hsp": [9.999999747378752e-05, 0.8925186395645142, 0.9576860070228577], "k_pid_vsp": [43.02121353149414, 400.0, 400.0]}, "datetime": {"datetime": "2025-08-21 22:59:47", "elapsed": 51303.686225414276, "delta": 24.282272338867188}, "costs": {"total_cost": 14906.42687145053, "time_cost": 150, "final_distance_cost": 4266.737809352547, "oscillation_cost": 2200.9097191724495, "completition_cost": 1000.0, "overshoot_cost": 7149.502331822957, "power_cost": 35.21533514404297, "noise_cost": 104.06167595853604, "n_waypoints_completed": 0, "tot_waypoints": 9}}
{"target": -2270.3126180493505, "params": {"k_pid_pos": [1.7306253910064697, 0.059591054916381836, 0.08000633120536804], "k_pid_alt": [0.04319727420806885, 0.0, 1.0], "k_pid_att": [3.4354329109191895, 9.970915794372559, 1.0], "k_pid_yaw": [0.5, 1e-06, 0.1], "k_pid_hsp": [0.6456494331359863, 1.0, 0.9977779388427734], "k_pid_vsp": [30.269515991210938, 383.3176574707031, 397.3938903808594]}, "datetime": {"datetime": "2025-08-21 23:00:12", "elapsed": 51328.637801885605, "delta": 24.951576471328735}, "costs": {"total_cost": 2270.3126180493505, "time_cost": 150, "final_distance_cost": 422.35065482367827, "oscillation_cost": 199.09617490169714, "completition_cost": 1000.0, "overshoot_cost": 447.3562456282471, "power_cost": 18.719613232421874, "noise_cost": 32.789929463305945, "n_waypoints_completed": 0, "tot_waypoints": 9}}
{"target": -1714.8758695774472, "params": {"k_pid_pos": [2.0, 0.0, 0.0], "k_pid_alt": [0.0, 0.04368358850479126, 0.9326010942459106], "k_pid_att": [11.201066017150879, 9.331216812133789, 0.9804031252861023], "k_pid_yaw": [0.5, 1e-06, 0.1], "k_pid_hsp": [9.999999747378752e-05, 1.0, 1.0], "k_pid_vsp": [4.48000431060791, 400.0, 379.7604675292969]}, "datetime": {"datetime": "2025-08-21 23:00:35", "elapsed": 51351.84713077545, "delta": 23.2093288898468}, "costs": {"total_cost": 1714.8758695774472, "time_cost": 150, "final_distance_cost": 1.0214026413416157, "oscillation_cost": 354.40177710392027, "completition_cost": 1000.0, "overshoot_cost": 134.71627804878753, "power_cost": 18.066392028808593, "noise_cost": 56.670019754589354, "n_waypoints_completed": 0, "tot_waypoints": 9}}
{"target": -2136.828649734027, "params": {"k_pid_pos": [2.0, 0.03245747089385986, 0.0], "k_pid_alt": [0.14608371257781982, 0.0, 1.0], "k_pid_att": [1.1456936597824097, 10.0, 1.0], "k_pid_yaw": [0.5, 1e-06, 0.1], "k_pid_hsp": [0.5584790706634521, 0.9291304349899292, 1.0], "k_pid_vsp": [0.0, 400.0, 400.0]}, "datetime": {"datetime": "2025-08-21 23:01:00", "elapsed": 51376.831349134445, "delta": 24.98421835899353}, "costs": {"total_cost": 2136.828649734027, "time_cost": 150, "final_distance_cost": 45.40410825297202, "oscillation_cost": 665.2373432170771, "completition_cost": 1000.0, "overshoot_cost": 151.82442069704206, "power_cost": 31.138083251953127, "noise_cost": 93.2246943149825, "n_waypoints_completed": 0, "tot_waypoints": 9}}
{"target": -1693.4602095880455, "params": {"k_pid_pos": [2.0, 0.075468510389328, 0.0], "k_pid_alt": [0.17904937267303467, 0.0, 0.9963772892951965], "k_pid_att": [5.740976333618164, 9.625978469848633, 1.0], "k_pid_yaw": [0.5, 1e-06, 0.1], "k_pid_hsp": [1.2514095306396484, 1.0, 1.0], "k_pid_vsp": [17.827165603637695, 396.9117736816406, 386.28533935546875]}, "datetime": {"datetime": "2025-08-21 23:01:22", "elapsed": 51399.33482646942, "delta": 22.503477334976196}, "costs": {"total_cost": 1693.4602095880455, "time_cost": 150, "final_distance_cost": 3.179057961429741, "oscillation_cost": 330.24473416807626, "completition_cost": 1000.0, "overshoot_cost": 132.38359604015383, "power_cost": 21.66120380859375, "noise_cost": 55.991617609792044, "n_waypoints_completed": 0, "tot_waypoints": 9}}
{"target": -3808.722501604239, "params": {"k_pid_pos": [2.0, 0.0, 0.0], "k_pid_alt": [0.0, 0.0, 1.0], "k_pid_att": [0.0, 9.252147674560547, 1.0], "k_pid_yaw": [0.5, 1e-06, 0.1], "k_pid_hsp": [9.999999747378752e-05, 1.0, 0.9954442977905273], "k_pid_vsp": [0.0, 400.0, 400.0]}, "datetime": {"datetime": "2025-08-21 23:01:47", "elapsed": 51424.314428806305, "delta": 24.979602336883545}, "costs": {"total_cost": 3808.722501604239, "time_cost": 150, "final_distance_cost": 266.41041167695874, "oscillation_cost": 1507.056775818122, "completition_cost": 1000.0, "overshoot_cost": 783.2202799701215, "power_cost": 22.353436193847656, "noise_cost": 79.68159794518833, "n_waypoints_completed": 0, "tot_waypoints": 9}}
{"target": -3993.1524173933167, "params": {"k_pid_pos": [2.0, 0.02092146873474121, 0.04098927974700928], "k_pid_alt": [0.0, 0.015687137842178345, 1.0], "k_pid_att": [7.712930679321289, 9.565775871276855, 0.9823061227798462], "k_pid_yaw": [0.5, 1e-06, 0.1], "k_pid_hsp": [0.16102199256420135, 1.0, 1.0], "k_pid_vsp": [0.0, 397.824951171875, 400.0]}, "datetime": {"datetime": "2025-08-21 23:02:10", "elapsed": 51446.529161930084, "delta": 22.214733123779297}, "costs": {"total_cost": 3993.1524173933167, "time_cost": 150, "final_distance_cost": 1165.6231198622506, "oscillation_cost": 217.4834163831616, "completition_cost": 1000.0, "overshoot_cost": 1420.2871952040298, "power_cost": 20.217424584960938, "noise_cost": 19.541261358914422, "n_waypoints_completed": 0, "tot_waypoints": 9}}
{"target": -19447.458937524505, "params": {"k_pid_pos": [1.9251095056533813, 0.06120827794075012, 0.07533103227615356], "k_pid_alt": [0.01110750436782837, 0.0, 1.0], "k_pid_att": [0.0, 10.0, 0.9711238741874695], "k_pid_yaw": [0.5, 1e-06, 0.1], "k_pid_hsp": [9.999999747378752e-05, 0.9042184352874756, 0.9725635051727295], "k_pid_vsp": [0.0, 394.71307373046875, 400.0]}, "datetime": {"datetime": "2025-08-21 23:02:35", "elapsed": 51471.516397714615, "delta": 24.98723578453064}, "costs": {"total_cost": 19447.458937524505, "time_cost": 150, "final_distance_cost": 6103.444599281069, "oscillation_cost": 2240.8748777175324, "completition_cost": 1000.0, "overshoot_cost": 9816.392971163225, "power_cost": 34.40830217285156, "noise_cost": 102.33818718982967, "n_waypoints_completed": 0, "tot_waypoints": 9}}
{"target": -2658.005430152203, "params": {"k_pid_pos": [1.9628952741622925, 0.04248502850532532, 0.0472126305103302], "k_pid_alt": [0.0, 0.0, 1.0], "k_pid_att": [4.498851299285889, 10.0, 0.9837356805801392], "k_pid_yaw": [0.5, 1e-06, 0.1], "k_pid_hsp": [9.999999747378752e-05, 1.0, 1.0], "k_pid_vsp": [10.990917205810547, 360.9341125488281, 373.15484619140625]}, "datetime": {"datetime": "2025-08-21 23:02:58", "elapsed": 51494.71361851692, "delta": 23.19722080230713}, "costs": {"total_cost": 2658.005430152203, "time_cost": 150, "final_distance_cost": 500.41264085051523, "oscillation_cost": 206.300776220063, "completition_cost": 1000.0, "overshoot_cost": 756.6045828886075, "power_cost": 22.02126795654297, "noise_cost": 22.666162236474733, "n_waypoints_completed": 0, "tot_waypoints": 9}}
{"target": -1912.5005524579, "params": {"k_pid_pos": [1.99992835521698, 0.0, 0.0], "k_pid_alt": [0.0, 0.0, 1.0], "k_pid_att": [2.6038706302642822, 9.8406400680542, 1.0], "k_pid_yaw": [0.5, 1e-06, 0.1], "k_pid_hsp": [9.999999747378752e-05, 1.0, 1.0], "k_pid_vsp": [0.0, 389.3389587402344, 400.0]}, "datetime": {"datetime": "2025-08-21 23:03:23", "elapsed": 51519.98325705528, "delta": 25.269638538360596}, "costs": {"total_cost": 1912.5005524579, "time_cost": 150, "final_distance_cost": 80.59895719397679, "oscillation_cost": 348.015706390477, "completition_cost": 1000.0, "overshoot_cost": 266.17643330836023, "power_cost": 15.769918786621094, "noise_cost": 51.939536778464955, "n_waypoints_completed": 0, "tot_waypoints": 9}}
{"target": -2850.2631991095213, "params": {"k_pid_pos": [2.0, 0.013016968965530396, 0.04048308730125427], "k_pid_alt": [0.11540895700454712, 0.0, 0.927388072013855], "k_pid_att": [0.4267185926437378, 9.903119087219238, 1.0], "k_pid_yaw": [0.5, 1e-06, 0.1], "k_pid_hsp": [1.2639245986938477, 0.992591381072998, 0.871303915977478], "k_pid_vsp": [7.350015640258789, 390.2520751953125, 391.7125244140625]}, "datetime": {"datetime": "2025-08-21 23:03:47", "elapsed": 51543.47872662544, "delta": 23.495469570159912}, "costs": {"total_cost": 2850.2631991095213, "time_cost": 150, "final_distance_cost": 69.95651820009886, "oscillation_cost": 1046.9799604417435, "completition_cost": 1000.0, "overshoot_cost": 457.52189573529876, "power_cost": 31.13826640625, "noise_cost": 94.66655832613083, "n_waypoints_completed": 0, "tot_waypoints": 9}}
{"target": -7246.5185794640565, "params": {"k_pid_pos": [2.0, 0.0, 0.0], "k_pid_alt": [0.0, 0.03716406226158142, 1.0], "k_pid_att": [0.0, 9.451951026916504, 0.9859424829483032], "k_pid_yaw": [0.5, 1e-06, 0.1], "k_pid_hsp": [0.6639159321784973, 0.9663858413696289, 1.0], "k_pid_vsp": [20.589101791381836, 381.0098571777344, 400.0]}, "datetime": {"datetime": "2025-08-21 23:04:10", "elapsed": 51567.36541557312, "delta": 23.886688947677612}, "costs": {"total_cost": 7246.5185794640565, "time_cost": 150, "final_distance_cost": 1997.2511289081863, "oscillation_cost": 1961.4989674485626, "completition_cost": 1000.0, "overshoot_cost": 2003.8623343849406, "power_cost": 33.57835377197266, "noise_cost": 100.32779495039493, "n_waypoints_completed": 0, "tot_waypoints": 9}}
{"target": -17381.0640858875, "params": {"k_pid_pos": [2.0, 0.0051802098751068115, 0.0], "k_pid_alt": [0.0, 0.0, 1.0], "k_pid_att": [0.0, 9.792594909667969, 1.0], "k_pid_yaw": [0.5, 1e-06, 0.1], "k_pid_hsp": [0.06975746154785156, 0.9608196020126343, 1.0], "k_pid_vsp": [0.0, 400.0, 375.35919189453125]}, "datetime": {"datetime": "2025-08-21 23:04:35", "elapsed": 51592.37348985672, "delta": 25.008074283599854}, "costs": {"total_cost": 17381.0640858875, "time_cost": 150, "final_distance_cost": 5351.071930579984, "oscillation_cost": 2060.9104180053523, "completition_cost": 1000.0, "overshoot_cost": 8694.590555686491, "power_cost": 29.540484936523438, "noise_cost": 94.95069667915317, "n_waypoints_completed": 0, "tot_waypoints": 9}}
{"target": -8674.157957618772, "params": {"k_pid_pos": [2.0, 0.025226056575775146, 0.03426232933998108], "k_pid_alt": [0.039760470390319824, 0.0, 1.0], "k_pid_att": [0.0, 9.902336120605469, 1.0], "k_pid_yaw": [0.5, 1e-06, 0.1], "k_pid_hsp": [9.999999747378752e-05, 1.0, 0.9781907796859741], "k_pid_vsp": [13.030600547790527, 368.6247253417969, 400.0]}, "datetime": {"datetime": "2025-08-21 23:04:58", "elapsed": 51615.208375930786, "delta": 22.834886074066162}, "costs": {"total_cost": 8674.157957618772, "time_cost": 150, "final_distance_cost": 2234.499856636606, "oscillation_cost": 666.7882148629291, "completition_cost": 1000.0, "overshoot_cost": 4504.474146255517, "power_cost": 29.522413244628908, "noise_cost": 88.87332661909173, "n_waypoints_completed": 0, "tot_waypoints": 9}}
{"target": -8240.06865077453, "params": {"k_pid_pos": [1.929610252380371, 0.0, 0.03023141622543335], "k_pid_alt": [0.0, 0.008297502994537354, 0.9398071765899658], "k_pid_att": [0.0, 9.830886840820312, 1.0], "k_pid_yaw": [0.5, 1e-06, 0.1], "k_pid_hsp": [9.999999747378752e-05, 0.9643585085868835, 1.0], "k_pid_vsp": [16.858470916748047, 380.6348876953125, 400.0]}, "datetime": {"datetime": "2025-08-21 23:05:23", "elapsed": 51639.92089366913, "delta": 24.712517738342285}, "costs": {"total_cost": 8240.06865077453, "time_cost": 150, "final_distance_cost": 1810.9001986710962, "oscillation_cost": 1031.877622904952, "completition_cost": 1000.0, "overshoot_cost": 4116.7409028505845, "power_cost": 32.74160411376953, "noise_cost": 97.80832223412803, "n_waypoints_completed": 0, "tot_waypoints": 9}}
{"target": -4570.474180864209, "params": {"k_pid_pos": [2.0, 0.06370091438293457, 0.10314851999282837], "k_pid_alt": [0.0, 0.0, 1.0], "k_pid_att": [0.6922930479049683, 10.0, 0.9484927654266357], "k_pid_yaw": [0.5, 1e-06, 0.1], "k_pid_hsp": [0.5584421157836914, 0.9755077362060547, 0.9811304807662964], "k_pid_vsp": [26.26934051513672, 400.0, 400.0]}, "datetime": {"datetime": "2025-08-21 23:05:48", "elapsed": 51664.68060684204, "delta": 24.759713172912598}, "costs": {"total_cost": 4570.474180864209, "time_cost": 150, "final_distance_cost": 496.06181507043146, "oscillation_cost": 2116.30348855526, "completition_cost": 1000.0, "overshoot_cost": 694.7888293298996, "power_cost": 26.27765339355469, "noise_cost": 87.04239451506335, "n_waypoints_completed": 0, "tot_waypoints": 9}}
