{"target": -4718.513909374206, "params": {"k_pid_pos": [2.0, 0.0, 0.054387807846069336], "k_pid_alt": [0.05265772342681885, 0.0, 1.0], "k_pid_att": [0.0, 10.0, 1.0], "k_pid_yaw": [0.5, 1e-06, 0.1], "k_pid_hsp": [9.999999747378752e-05, 0.9354283213615417, 0.9724135994911194], "k_pid_vsp": [0.0, 374.5935363769531, 392.4031066894531]}, "datetime": {"datetime": "2025-08-21 22:43:35", "elapsed": 50331.99067401886, "delta": 23.33066701889038}, "costs": {"total_cost": 4718.513909374206, "time_cost": 150, "final_distance_cost": 592.7761165188335, "oscillation_cost": 1391.6467534008834, "completition_cost": 1000.0, "overshoot_cost": 1457.5047889098776, "power_cost": 31.418085974121094, "noise_cost": 95.16816457049076, "n_waypoints_completed": 0, "tot_waypoints": 9}}
{"target": -9015.928610358545, "params": {"k_pid_pos": [2.0, 0.0, 0.0], "k_pid_alt": [0.0, 0.0, 0.9289577007293701], "k_pid_att": [0.0, 10.0, 0.9410365223884583], "k_pid_yaw": [0.5, 1e-06, 0.1], "k_pid_hsp": [9.999999747378752e-05, 1.0, 1.0], "k_pid_vsp": [0.0, 400.0, 400.0]}, "datetime": {"datetime": "2025-08-21 22:44:00", "elapsed": 50356.65984773636, "delta": 24.66917371749878}, "costs": {"total_cost": 9015.928610358545, "time_cost": 150, "final_distance_cost": 2581.0559418137955, "oscillation_cost": 679.9031192534137, "completition_cost": 1000.0, "overshoot_cost": 4523.010629388243, "power_cost": 16.870992712402344, "noise_cost": 65.08792719069207, "n_waypoints_completed": 0, "tot_waypoints": 9}}
{"target": -1714.071512701639, "params": {"k_pid_pos": [2.0, 0.0, 0.0], "k_pid_alt": [0.0, 0.0, 0.9889917969703674], "k_pid_att": [5.630999565124512, 9.580262184143066, 0.9861323833465576], "k_pid_yaw": [0.5, 1e-06, 0.1], "k_pid_hsp": [9.999999747378752e-05, 1.0, 1.0], "k_pid_vsp": [4.057526588439941, 400.0, 400.0]}, "datetime": {"datetime": "2025-08-21 22:44:23", "elapsed": 50379.64994573593, "delta": 22.990097999572754}, "costs": {"total_cost": 1714.071512701639, "time_cost": 150, "final_distance_cost": 127.0821542410076, "oscillation_cost": 224.24038982169355, "completition_cost": 1000.0, "overshoot_cost": 163.6729723021282, "power_cost": 20.68265771484375, "noise_cost": 28.393338621966045, "n_waypoints_completed": 0, "tot_waypoints": 9}}
{"target": -1901.104869519523, "params": {"k_pid_pos": [2.0, 0.01578792929649353, 0.0], "k_pid_alt": [0.007123708724975586, 0.0, 1.0], "k_pid_att": [3.7631006240844727, 10.0, 0.9600633382797241], "k_pid_yaw": [0.5, 1e-06, 0.1], "k_pid_hsp": [0.08797097206115723, 0.9851499795913696, 0.9615967869758606], "k_pid_vsp": [0.0, 387.74566650390625, 400.0]}, "datetime": {"datetime": "2025-08-21 22:44:48", "elapsed": 50404.88115286827, "delta": 25.231207132339478}, "costs": {"total_cost": 1901.104869519523, "time_cost": 150, "final_distance_cost": 2.108673268735017, "oscillation_cost": 280.19878678565095, "completition_cost": 1000.0, "overshoot_cost": 416.4496111042536, "power_cost": 21.245658056640625, "noise_cost": 31.10214030424273, "n_waypoints_completed": 0, "tot_waypoints": 9}}
{"target": -1617.1941700048553, "params": {"k_pid_pos": [2.0, 0.046720415353775024, 0.020041555166244507], "k_pid_alt": [0.0, 0.0, 1.0], "k_pid_att": [5.46029806137085, 8.905738830566406, 1.0], "k_pid_yaw": [0.5, 1e-06, 0.1], "k_pid_hsp": [9.999999747378752e-05, 1.0, 0.986088752746582], "k_pid_vsp": [22.93611717224121, 400.0, 356.9209899902344]}, "datetime": {"datetime": "2025-08-21 22:45:11", "elapsed": 50427.67978596687, "delta": 22.798633098602295}, "costs": {"total_cost": 1617.1941700048553, "time_cost": 150, "final_distance_cost": 9.810832836720529, "oscillation_cost": 265.79741845091627, "completition_cost": 1000.0, "overshoot_cost": 121.74991839660937, "power_cost": 20.54192861328125, "noise_cost": 49.29407170732774, "n_waypoints_completed": 0, "tot_waypoints": 9}}
{"target": -15711.66081419082, "params": {"k_pid_pos": [2.0, 0.0, 0.0], "k_pid_alt": [0.0, 0.0, 1.0], "k_pid_att": [0.21038055419921875, 9.70633316040039, 0.9546307325363159], "k_pid_yaw": [0.5, 1e-06, 0.1], "k_pid_hsp": [0.435903936624527, 1.0, 0.8957568407058716], "k_pid_vsp": [0.0, 400.0, 400.0]}, "datetime": {"datetime": "2025-08-21 22:45:36", "elapsed": 50452.64848303795, "delta": 24.96869707107544}, "costs": {"total_cost": 15711.66081419082, "time_cost": 150, "final_distance_cost": 4967.938842288011, "oscillation_cost": 2074.054719508003, "completition_cost": 1000.0, "overshoot_cost": 7396.084195167013, "power_cost": 28.920363195800782, "noise_cost": 94.66269403199301, "n_waypoints_completed": 0, "tot_waypoints": 9}}
{"target": -6903.652252021306, "params": {"k_pid_pos": [1.9906622171401978, 0.0, 0.0], "k_pid_alt": [0.12869369983673096, 0.0, 0.8771921992301941], "k_pid_att": [0.048866868019104004, 10.0, 1.0], "k_pid_yaw": [0.5, 1e-06, 0.1], "k_pid_hsp": [0.15414457023143768, 0.99303138256073, 1.0], "k_pid_vsp": [19.106674194335938, 400.0, 400.0]}, "datetime": {"datetime": "2025-08-21 22:45:59", "elapsed": 50475.78278565407, "delta": 23.134302616119385}, "costs": {"total_cost": 6903.652252021306, "time_cost": 150, "final_distance_cost": 1260.8607558951214, "oscillation_cost": 1625.4837931879902, "completition_cost": 1000.0, "overshoot_cost": 2729.870336622583, "power_cost": 34.80441433105469, "noise_cost": 102.63295198455717, "n_waypoints_completed": 0, "tot_waypoints": 9}}
{"target": -1721.1967018481855, "params": {"k_pid_pos": [1.9807206392288208, 0.033758461475372314, 0.03832542896270752], "k_pid_alt": [0.0, 0.06530633568763733, 1.0], "k_pid_att": [9.13602066040039, 9.528553009033203, 1.0], "k_pid_yaw": [0.5, 1e-06, 0.1], "k_pid_hsp": [0.34742677211761475, 0.9889239072799683, 0.9841766357421875], "k_pid_vsp": [0.0, 400.0, 360.08038330078125]}, "datetime": {"datetime": "2025-08-21 22:46:23", "elapsed": 50500.144657850266, "delta": 24.36187219619751}, "costs": {"total_cost": 1721.1967018481855, "time_cost": 150, "final_distance_cost": 3.447259679563642, "oscillation_cost": 351.64856448791454, "completition_cost": 1000.0, "overshoot_cost": 135.89133691329798, "power_cost": 18.816540954589843, "noise_cost": 61.39299981281964, "n_waypoints_completed": 0, "tot_waypoints": 9}}
{"target": -2768.956529671233, "params": {"k_pid_pos": [1.9818882942199707, 0.05508345365524292, 0.0], "k_pid_alt": [0.038435399532318115, 0.04431980848312378, 1.0], "k_pid_att": [0.31599104404449463, 9.698540687561035, 0.9181197285652161], "k_pid_yaw": [0.5, 1e-06, 0.1], "k_pid_hsp": [9.999999747378752e-05, 1.0, 1.0], "k_pid_vsp": [0.0, 383.1789245605469, 395.6185302734375]}, "datetime": {"datetime": "2025-08-21 22:46:49", "elapsed": 50525.80023622513, "delta": 25.65557837486267}, "costs": {"total_cost": 2768.956529671233, "time_cost": 150, "final_distance_cost": 250.53227869141466, "oscillation_cost": 862.1063703063604, "completition_cost": 1000.0, "overshoot_cost": 385.274320980048, "power_cost": 30.098764477539063, "noise_cost": 90.94479521587097, "n_waypoints_completed": 0, "tot_waypoints": 9}}
{"target": -16347.762830680485, "params": {"k_pid_pos": [1.9111583232879639, 0.0, 0.0016427934169769287], "k_pid_alt": [0.0, 0.0, 1.0], "k_pid_att": [0.0, 9.998856544494629, 0.9177758693695068], "k_pid_yaw": [0.5, 1e-06, 0.1], "k_pid_hsp": [9.999999747378752e-05, 1.0, 0.9457954168319702], "k_pid_vsp": [14.668571472167969, 384.8128356933594, 381.740966796875]}, "datetime": {"datetime": "2025-08-21 22:47:12", "elapsed": 50548.54402089119, "delta": 22.7437846660614}, "costs": {"total_cost": 16347.762830680485, "time_cost": 150, "final_distance_cost": 4776.585192302631, "oscillation_cost": 1704.5184803093605, "completition_cost": 1000.0, "overshoot_cost": 8591.121740992856, "power_cost": 29.48940224609375, "noise_cost": 96.04801482954451, "n_waypoints_completed": 0, "tot_waypoints": 9}}
{"target": -9486.006934220504, "params": {"k_pid_pos": [2.0, 0.0, 0.0], "k_pid_alt": [0.07061600685119629, 0.010035336017608643, 1.0], "k_pid_att": [0.0, 10.0, 0.9352289438247681], "k_pid_yaw": [0.5, 1e-06, 0.1], "k_pid_hsp": [9.999999747378752e-05, 0.9907610416412354, 0.9492520093917847], "k_pid_vsp": [0.0, 400.0, 394.4605407714844]}, "datetime": {"datetime": "2025-08-21 22:47:37", "elapsed": 50574.39853167534, "delta": 25.85451078414917}, "costs": {"total_cost": 9486.006934220504, "time_cost": 150, "final_distance_cost": 1533.7287798413033, "oscillation_cost": 2341.1270146379265, "completition_cost": 1000.0, "overshoot_cost": 4323.41657100371, "power_cost": 34.697228906250004, "noise_cost": 103.03733983131505, "n_waypoints_completed": 0, "tot_waypoints": 9}}
{"target": -8599.916162727224, "params": {"k_pid_pos": [1.9959964752197266, 0.0, 0.006474852561950684], "k_pid_alt": [0.0, 0.0, 1.0], "k_pid_att": [0.14847218990325928, 9.828865051269531, 1.0], "k_pid_yaw": [0.5, 1e-06, 0.1], "k_pid_hsp": [0.4771699011325836, 1.0, 1.0], "k_pid_vsp": [18.81934356689453, 400.0, 400.0]}, "datetime": {"datetime": "2025-08-21 22:48:01", "elapsed": 50597.77213215828, "delta": 23.373600482940674}, "costs": {"total_cost": 8599.916162727224, "time_cost": 150, "final_distance_cost": 2198.7049696315344, "oscillation_cost": 1647.8513715180156, "completition_cost": 1000.0, "overshoot_cost": 3482.17944491985, "power_cost": 27.898373071289065, "noise_cost": 93.2820035865357, "n_waypoints_completed": 0, "tot_waypoints": 9}}
{"target": -1671.4202307493276, "params": {"k_pid_pos": [1.9347501993179321, 0.0, 0.019598960876464844], "k_pid_alt": [0.0, 0.0, 0.9313700199127197], "k_pid_att": [5.0285844802856445, 9.660419464111328, 1.0], "k_pid_yaw": [0.5, 1e-06, 0.1], "k_pid_hsp": [9.999999747378752e-05, 0.9797411561012268, 0.9796676635742188], "k_pid_vsp": [7.910633087158203, 400.0, 400.0]}, "datetime": {"datetime": "2025-08-21 22:48:26", "elapsed": 50622.5159201622, "delta": 24.74378800392151}, "costs": {"total_cost": 1671.4202307493276, "time_cost": 150, "final_distance_cost": 10.510782868265384, "oscillation_cost": 269.50723269444023, "completition_cost": 1000.0, "overshoot_cost": 175.6353774448077, "power_cost": 14.314252294921875, "noise_cost": 51.45258544689222, "n_waypoints_completed": 0, "tot_waypoints": 9}}
{"target": -1691.8634205787455, "params": {"k_pid_pos": [1.8518202304840088, 0.031581878662109375, 0.0], "k_pid_alt": [0.0, 0.0, 1.0], "k_pid_att": [4.868024826049805, 9.51179313659668, 1.0], "k_pid_yaw": [0.5, 1e-06, 0.1], "k_pid_hsp": [0.006975624710321426, 1.0, 1.0], "k_pid_vsp": [0.0, 400.0, 381.2232360839844]}, "datetime": {"datetime": "2025-08-21 22:48:50", "elapsed": 50647.080733537674, "delta": 24.564813375473022}, "costs": {"total_cost": 1691.8634205787455, "time_cost": 150, "final_distance_cost": 26.50827875959798, "oscillation_cost": 277.73027210489977, "completition_cost": 1000.0, "overshoot_cost": 172.7888453170347, "power_cost": 11.769553088378906, "noise_cost": 53.06647130883432, "n_waypoints_completed": 0, "tot_waypoints": 9}}
{"target": -4039.4450732976497, "params": {"k_pid_pos": [2.0, 0.015278279781341553, 0.01881149411201477], "k_pid_alt": [0.09423273801803589, 0.061789631843566895, 0.9893581867218018], "k_pid_att": [0.0, 9.842247009277344, 0.9974789619445801], "k_pid_yaw": [0.5, 1e-06, 0.1], "k_pid_hsp": [9.999999747378752e-05, 1.0, 1.0], "k_pid_vsp": [0.0, 383.2919616699219, 375.529296875]}, "datetime": {"datetime": "2025-08-21 22:49:13", "elapsed": 50669.92541217804, "delta": 22.8446786403656}, "costs": {"total_cost": 4039.4450732976497, "time_cost": 150, "final_distance_cost": 544.3084217513044, "oscillation_cost": 1182.718521271043, "completition_cost": 1000.0, "overshoot_cost": 1037.7688830652069, "power_cost": 30.849542199707034, "noise_cost": 93.79970501038827, "n_waypoints_completed": 0, "tot_waypoints": 9}}
{"target": -1701.3913530513935, "params": {"k_pid_pos": [1.9953985214233398, 0.0, 0.026397615671157837], "k_pid_alt": [0.14502441883087158, 0.0, 1.0], "k_pid_att": [4.143733024597168, 9.717052459716797, 1.0], "k_pid_yaw": [0.5, 1e-06, 0.1], "k_pid_hsp": [0.23340842127799988, 1.0, 0.9384264945983887], "k_pid_vsp": [0.0, 384.9297180175781, 400.0]}, "datetime": {"datetime": "2025-08-21 22:49:39", "elapsed": 50696.39952301979, "delta": 26.4741108417511}, "costs": {"total_cost": 1701.3913530513935, "time_cost": 150, "final_distance_cost": 23.457661504040733, "oscillation_cost": 285.57984908039555, "completition_cost": 1000.0, "overshoot_cost": 170.36061902011264, "power_cost": 20.46199958496094, "noise_cost": 51.53122386188354, "n_waypoints_completed": 0, "tot_waypoints": 9}}
{"target": -14194.66131991115, "params": {"k_pid_pos": [1.948023796081543, 0.06611165404319763, 0.04618757963180542], "k_pid_alt": [0.0, 0.0, 0.8867744207382202], "k_pid_att": [0.0, 9.871892929077148, 1.0], "k_pid_yaw": [0.5, 1e-06, 0.1], "k_pid_hsp": [0.2039017379283905, 0.9160101413726807, 1.0], "k_pid_vsp": [0.0, 381.59619140625, 400.0]}, "datetime": {"datetime": "2025-08-21 22:50:03", "elapsed": 50719.86683893204, "delta": 23.467315912246704}, "costs": {"total_cost": 14194.66131991115, "time_cost": 150, "final_distance_cost": 4830.301712727331, "oscillation_cost": 1949.8412595858788, "completition_cost": 1000.0, "overshoot_cost": 6146.112120639695, "power_cost": 27.398766015625, "noise_cost": 91.00746094262148, "n_waypoints_completed": 0, "tot_waypoints": 9}}
{"target": -1975.3815216456296, "params": {"k_pid_pos": [1.9453312158584595, 0.0, 0.0003959536552429199], "k_pid_alt": [0.06662476062774658, 0.031542837619781494, 0.9235310554504395], "k_pid_att": [3.101327896118164, 9.33846664428711, 0.929686427116394], "k_pid_yaw": [0.5, 1e-06, 0.1], "k_pid_hsp": [9.999999747378752e-05, 1.0, 0.9861212372779846], "k_pid_vsp": [15.658939361572266, 400.0, 389.96099853515625]}, "datetime": {"datetime": "2025-08-21 22:50:28", "elapsed": 50744.86964774132, "delta": 25.002808809280396}, "costs": {"total_cost": 1975.3815216456296, "time_cost": 150, "final_distance_cost": 96.86763935160575, "oscillation_cost": 321.7309835542521, "completition_cost": 1000.0, "overshoot_cost": 305.98990093463146, "power_cost": 24.465244677734376, "noise_cost": 76.3277531274059, "n_waypoints_completed": 0, "tot_waypoints": 9}}
{"target": -6546.00747558652, "params": {"k_pid_pos": [2.0, 0.0, 0.0016128122806549072], "k_pid_alt": [0.05448591709136963, 0.07525068521499634, 0.9430726766586304], "k_pid_att": [0.0, 9.22925853729248, 1.0], "k_pid_yaw": [0.5, 1e-06, 0.1], "k_pid_hsp": [9.999999747378752e-05, 1.0, 0.9540305137634277], "k_pid_vsp": [0.0, 400.0, 352.7213439941406]}, "datetime": {"datetime": "2025-08-21 22:50:52", "elapsed": 50768.8381755352, "delta": 23.968527793884277}, "costs": {"total_cost": 6546.00747558652, "time_cost": 150, "final_distance_cost": 1241.2660181608721, "oscillation_cost": 1085.1735767091666, "completition_cost": 1000.0, "overshoot_cost": 2938.6184868061728, "power_cost": 32.59264510498047, "noise_cost": 98.35674880532741, "n_waypoints_completed": 0, "tot_waypoints": 9}}
{"target": -5542.400455898807, "params": {"k_pid_pos": [1.8565220832824707, 0.0, 0.0], "k_pid_alt": [0.17444640398025513, 0.029889047145843506, 0.99222731590271], "k_pid_att": [0.0, 9.634357452392578, 0.985048770904541], "k_pid_yaw": [0.5, 1e-06, 0.1], "k_pid_hsp": [9.999999747378752e-05, 1.0, 1.0], "k_pid_vsp": [9.849762916564941, 358.8872985839844, 388.42791748046875]}, "datetime": {"datetime": "2025-08-21 22:51:16", "elapsed": 50792.73739361763, "delta": 23.89921808242798}, "costs": {"total_cost": 5542.400455898807, "time_cost": 150, "final_distance_cost": 773.0062463260346, "oscillation_cost": 2011.921691277579, "completition_cost": 1000.0, "overshoot_cost": 1471.2071349960286, "power_cost": 34.32812607421875, "noise_cost": 101.93725722494655, "n_waypoints_completed": 0, "tot_waypoints": 9}}
{"target": -1751.3129872778518, "params": {"k_pid_pos": [2.0, 0.0, 0.0], "k_pid_alt": [0.1287875771522522, 0.0, 0.9663625955581665], "k_pid_att": [6.026202201843262, 9.372621536254883, 0.9730329513549805], "k_pid_yaw": [0.5, 1e-06, 0.1], "k_pid_hsp": [9.999999747378752e-05, 0.9782915711402893, 1.0], "k_pid_vsp": [0.0, 400.0, 364.70361328125]}, "datetime": {"datetime": "2025-08-21 22:51:41", "elapsed": 50818.32280111313, "delta": 25.585407495498657}, "costs": {"total_cost": 1751.3129872778518, "time_cost": 150, "final_distance_cost": 127.55644045982335, "oscillation_cost": 219.69894653007202, "completition_cost": 1000.0, "overshoot_cost": 211.76983563908277, "power_cost": 21.49796796875, "noise_cost": 20.789796680123718, "n_waypoints_completed": 0, "tot_waypoints": 9}}
{"target": -12589.405044921235, "params": {"k_pid_pos": [1.8755912780761719, 0.028174519538879395, 0.029738664627075195], "k_pid_alt": [0.04225921630859375, 0.028713494539260864, 1.0], "k_pid_att": [0.0, 10.0, 0.955665111541748], "k_pid_yaw": [0.5, 1e-06, 0.1], "k_pid_hsp": [0.3155877888202667, 0.9794468283653259, 1.0], "k_pid_vsp": [0.0, 400.0, 400.0]}, "datetime": {"datetime": "2025-08-21 22:52:04", "elapsed": 50841.258076906204, "delta": 22.93527579307556}, "costs": {"total_cost": 12589.405044921235, "time_cost": 150, "final_distance_cost": 4088.3363550046834, "oscillation_cost": 2187.1619309002353, "completition_cost": 1000.0, "overshoot_cost": 5027.440448972443, "power_cost": 34.33549326171875, "noise_cost": 102.13081678215453, "n_waypoints_completed": 0, "tot_waypoints": 9}}
{"target": -1759.141005788346, "params": {"k_pid_pos": [2.0, 0.02011197805404663, 0.054929524660110474], "k_pid_alt": [0.0, 0.0, 0.9814516305923462], "k_pid_att": [2.8904855251312256, 10.0, 0.9430595636367798], "k_pid_yaw": [0.5, 1e-06, 0.1], "k_pid_hsp": [9.999999747378752e-05, 1.0, 0.9327725172042847], "k_pid_vsp": [0.0, 393.9495544433594, 397.1021423339844]}, "datetime": {"datetime": "2025-08-21 22:52:30", "elapsed": 50867.37835979462, "delta": 26.120282888412476}, "costs": {"total_cost": 1759.141005788346, "time_cost": 150, "final_distance_cost": 4.262215244198778, "oscillation_cost": 363.41100866021907, "completition_cost": 1000.0, "overshoot_cost": 135.0272998775555, "power_cost": 27.90563902587891, "noise_cost": 78.53484298049365, "n_waypoints_completed": 0, "tot_waypoints": 9}}
{"target": -4366.703539151895, "params": {"k_pid_pos": [1.964798092842102, 0.029163479804992676, 0.05046841502189636], "k_pid_alt": [0.0, 0.0, 1.0], "k_pid_att": [0.0, 9.568681716918945, 0.9285832643508911], "k_pid_yaw": [0.5, 1e-06, 0.1], "k_pid_hsp": [9.999999747378752e-05, 0.9402956962585449, 1.0], "k_pid_vsp": [0.0, 370.73272705078125, 391.0024108886719]}, "datetime": {"datetime": "2025-08-21 22:52:53", "elapsed": 50890.35870218277, "delta": 22.980342388153076}, "costs": {"total_cost": 4366.703539151895, "time_cost": 150, "final_distance_cost": 684.9469577651705, "oscillation_cost": 1669.0534754686778, "completition_cost": 1000.0, "overshoot_cost": 757.4702926368843, "power_cost": 23.364854248046875, "noise_cost": 81.86795903311526, "n_waypoints_completed": 0, "tot_waypoints": 9}}
{"target": -7825.22813346177, "params": {"k_pid_pos": [2.0, 0.037410467863082886, 0.03586724400520325], "k_pid_alt": [0.0, 0.0, 1.0], "k_pid_att": [0.0, 10.0, 1.0], "k_pid_yaw": [0.5, 1e-06, 0.1], "k_pid_hsp": [9.999999747378752e-05, 1.0, 0.9485865831375122], "k_pid_vsp": [16.16116714477539, 369.7720947265625, 374.66522216796875]}, "datetime": {"datetime": "2025-08-21 22:53:17", "elapsed": 50914.28100371361, "delta": 23.922301530838013}, "costs": {"total_cost": 7825.22813346177, "time_cost": 150, "final_distance_cost": 2197.324620563601, "oscillation_cost": 609.7130040696319, "completition_cost": 1000.0, "overshoot_cost": 3793.1161497796143, "power_cost": 12.976098937988281, "noise_cost": 62.098260110934405, "n_waypoints_completed": 0, "tot_waypoints": 9}}
{"target": -5069.238507105633, "params": {"k_pid_pos": [1.9804342985153198, 0.04190143942832947, 0.0010724067687988281], "k_pid_alt": [0.04126864671707153, 0.04003456234931946, 0.9656111001968384], "k_pid_att": [0.0, 9.972185134887695, 0.9619362354278564], "k_pid_yaw": [0.5, 1e-06, 0.1], "k_pid_hsp": [0.30859264731407166, 1.0, 1.0], "k_pid_vsp": [0.0, 400.0, 400.0]}, "datetime": {"datetime": "2025-08-21 22:53:41", "elapsed": 50938.212973594666, "delta": 23.93196988105774}, "costs": {"total_cost": 5069.238507105633, "time_cost": 150, "final_distance_cost": 478.13850701204257, "oscillation_cost": 1928.3913178704443, "completition_cost": 1000.0, "overshoot_cost": 1381.7664707431613, "power_cost": 32.538686096191405, "noise_cost": 98.40352538379389, "n_waypoints_completed": 0, "tot_waypoints": 9}}
{"target": -1671.7166977622842, "params": {"k_pid_pos": [2.0, 0.05029138922691345, 0.018189609050750732], "k_pid_alt": [0.0, 0.0, 1.0], "k_pid_att": [3.9596943855285645, 10.0, 1.0], "k_pid_yaw": [0.5, 1e-06, 0.1], "k_pid_hsp": [0.07673352211713791, 0.9428505897521973, 0.9702639579772949], "k_pid_vsp": [0.0, 394.0903015136719, 400.0]}, "datetime": {"datetime": "2025-08-21 22:54:07", "elapsed": 50963.479737997055, "delta": 25.266764402389526}, "costs": {"total_cost": 1671.7166977622842, "time_cost": 150, "final_distance_cost": 21.060244385287803, "oscillation_cost": 251.4450935843504, "completition_cost": 1000.0, "overshoot_cost": 187.23166163990075, "power_cost": 21.97192996826172, "noise_cost": 40.00776818448351, "n_waypoints_completed": 0, "tot_waypoints": 9}}
{"target": -4782.08668295909, "params": {"k_pid_pos": [2.0, 0.0, 0.0], "k_pid_alt": [0.062360405921936035, 0.0, 1.0], "k_pid_att": [0.0, 9.793004989624023, 0.9759763479232788], "k_pid_yaw": [0.5, 1e-06, 0.1], "k_pid_hsp": [0.9661880731582642, 1.0, 0.990483283996582], "k_pid_vsp": [0.0, 400.0, 400.0]}, "datetime": {"datetime": "2025-08-21 22:54:32", "elapsed": 50988.59050440788, "delta": 25.110766410827637}, "costs": {"total_cost": 4782.08668295909, "time_cost": 150, "final_distance_cost": 831.2660838269237, "oscillation_cost": 1850.9572487165422, "completition_cost": 1000.0, "overshoot_cost": 820.5909751969766, "power_cost": 31.9222703125, "noise_cost": 97.3501049061475, "n_waypoints_completed": 0, "tot_waypoints": 9}}
