{"target": -14618.264505371431, "params": {"k_pid_pos": [9.999999747378752e-05, 0.09094125032424927, 0.044503748416900635], "k_pid_alt": [0.0, 0.03185904026031494, 0.9671175479888916], "k_pid_att": [0.0, 10.0, 0.9772909283638], "k_pid_yaw": [0.5, 1e-06, 0.1], "k_pid_hsp": [0.29623493552207947, 0.9908576011657715, 0.9528058767318726], "k_pid_vsp": [15.116047859191895, 400.0, 400.0]}, "datetime": {"datetime": "2025-08-21 08:57:41", "elapsed": 778.0393266677856, "delta": 28.513582944869995}, "costs": {"total_cost": 14618.264505371431, "time_cost": 150, "final_distance_cost": 3895.5882840799827, "oscillation_cost": 2182.1915490412694, "completition_cost": 1000.0, "overshoot_cost": 7264.537574771439, "power_cost": 30.863368005371097, "noise_cost": 95.08372947336917, "n_waypoints_completed": 0, "tot_waypoints": 9}}
{"target": -7873.126169379757, "params": {"k_pid_pos": [0.16743673384189606, 0.0, 0.0], "k_pid_alt": [0.043413639068603516, 0.0, 0.991439938545227], "k_pid_att": [0.0, 10.0, 1.0], "k_pid_yaw": [0.5, 1e-06, 0.1], "k_pid_hsp": [9.999999747378752e-05, 0.9870882034301758, 1.0], "k_pid_vsp": [4.58139181137085, 398.2325439453125, 372.4128723144531]}, "datetime": {"datetime": "2025-08-21 08:58:07", "elapsed": 804.1400167942047, "delta": 26.100690126419067}, "costs": {"total_cost": 7873.126169379757, "time_cost": 150, "final_distance_cost": 1720.7504770690473, "oscillation_cost": 2144.800391065081, "completition_cost": 1000.0, "overshoot_cost": 2729.939724889513, "power_cost": 31.389302258300784, "noise_cost": 96.24627409781567, "n_waypoints_completed": 0, "tot_waypoints": 9}}
{"target": -20936.70944504913, "params": {"k_pid_pos": [0.09450319409370422, 0.025516778230667114, 0.044234275817871094], "k_pid_alt": [0.013646066188812256, 0.0, 1.0], "k_pid_att": [0.0, 9.810270309448242, 0.978542685508728], "k_pid_yaw": [0.5, 1e-06, 0.1], "k_pid_hsp": [9.999999747378752e-05, 0.9850695133209229, 0.9960031509399414], "k_pid_vsp": [46.878684997558594, 400.0, 400.0]}, "datetime": {"datetime": "2025-08-21 08:58:40", "elapsed": 837.4227590560913, "delta": 33.2827422618866}, "costs": {"total_cost": 20936.70944504913, "time_cost": 150, "final_distance_cost": 6192.147092061327, "oscillation_cost": 2350.251105716913, "completition_cost": 1000.0, "overshoot_cost": 11111.60466661389, "power_cost": 33.03385458984375, "noise_cost": 99.67272606715275, "n_waypoints_completed": 0, "tot_waypoints": 9}}
{"target": -5627.103724521397, "params": {"k_pid_pos": [1.0087109804153442, 0.0, 0.002380073070526123], "k_pid_alt": [0.0, 0.004926860332489014, 0.9694924354553223], "k_pid_att": [0.5477666854858398, 10.0, 0.996695876121521], "k_pid_yaw": [0.5, 1e-06, 0.1], "k_pid_hsp": [0.6851487159729004, 1.0, 1.0], "k_pid_vsp": [0.0, 397.99786376953125, 395.4129333496094]}, "datetime": {"datetime": "2025-08-21 08:59:06", "elapsed": 863.427657365799, "delta": 26.00489830970764}, "costs": {"total_cost": 5627.103724521397, "time_cost": 150, "final_distance_cost": 1702.4836870373972, "oscillation_cost": 570.0659318182646, "completition_cost": 1000.0, "overshoot_cost": 2084.6021009110973, "power_cost": 30.138772460937503, "noise_cost": 89.81323229370051, "n_waypoints_completed": 0, "tot_waypoints": 9}}
{"target": -1748.5186474283526, "params": {"k_pid_pos": [1.0028111934661865, 0.0, 0.06333482265472412], "k_pid_alt": [0.002969801425933838, 0.0, 1.0], "k_pid_att": [3.171375274658203, 9.454852104187012, 1.0], "k_pid_yaw": [0.5, 1e-06, 0.1], "k_pid_hsp": [9.999999747378752e-05, 0.9695948362350464, 0.9971686601638794], "k_pid_vsp": [9.477127075195312, 400.0, 400.0]}, "datetime": {"datetime": "2025-08-21 08:59:39", "elapsed": 895.9455301761627, "delta": 32.51787281036377}, "costs": {"total_cost": 1748.5186474283526, "time_cost": 150, "final_distance_cost": 8.585365472886231, "oscillation_cost": 343.13551238406427, "completition_cost": 1000.0, "overshoot_cost": 138.15706393471075, "power_cost": 26.88024901123047, "noise_cost": 81.76045662546089, "n_waypoints_completed": 0, "tot_waypoints": 9}}
{"target": -8748.916037733848, "params": {"k_pid_pos": [1.9195765256881714, 0.0, 0.07270002365112305], "k_pid_alt": [0.0, 0.03084021806716919, 0.9704706072807312], "k_pid_att": [0.0, 9.973921775817871, 0.9909865856170654], "k_pid_yaw": [0.5, 1e-06, 0.1], "k_pid_hsp": [0.316010981798172, 1.0, 0.9251439571380615], "k_pid_vsp": [18.07815933227539, 381.9781188964844, 396.2967529296875]}, "datetime": {"datetime": "2025-08-21 09:00:07", "elapsed": 924.3301837444305, "delta": 28.384653568267822}, "costs": {"total_cost": 8748.916037733848, "time_cost": 150, "final_distance_cost": 2716.367789427757, "oscillation_cost": 2103.55314943313, "completition_cost": 1000.0, "overshoot_cost": 2645.3688968126844, "power_cost": 33.39399265136719, "noise_cost": 100.23220940891017, "n_waypoints_completed": 0, "tot_waypoints": 9}}
{"target": -12217.214951968856, "params": {"k_pid_pos": [2.0, 0.0, 0.062271058559417725], "k_pid_alt": [0.011841297149658203, 0.006386935710906982, 0.9552204608917236], "k_pid_att": [0.0, 9.328856468200684, 0.9754196405410767], "k_pid_yaw": [0.5, 1e-06, 0.1], "k_pid_hsp": [0.30064982175827026, 1.0, 1.0], "k_pid_vsp": [0.0, 371.8115234375, 400.0]}, "datetime": {"datetime": "2025-08-21 09:00:34", "elapsed": 950.5837533473969, "delta": 26.25356960296631}, "costs": {"total_cost": 12217.214951968856, "time_cost": 150, "final_distance_cost": 4007.7732699808826, "oscillation_cost": 2159.8933247646673, "completition_cost": 1000.0, "overshoot_cost": 4762.82241439353, "power_cost": 34.38519067382813, "noise_cost": 102.34075215594794, "n_waypoints_completed": 0, "tot_waypoints": 9}}
{"target": -2051.0541919007196, "params": {"k_pid_pos": [1.8657170534133911, 0.01734793186187744, 0.08139830827713013], "k_pid_alt": [0.026594579219818115, 0.04376894235610962, 1.0], "k_pid_att": [5.0412774085998535, 10.0, 1.0], "k_pid_yaw": [0.5, 1e-06, 0.1], "k_pid_hsp": [9.999999747378752e-05, 0.9796711802482605, 1.0], "k_pid_vsp": [22.25562286376953, 400.0, 400.0]}, "datetime": {"datetime": "2025-08-21 09:01:01", "elapsed": 977.6828632354736, "delta": 27.099109888076782}, "costs": {"total_cost": 2051.0541919007196, "time_cost": 150, "final_distance_cost": 154.45393105792553, "oscillation_cost": 254.37168188864845, "completition_cost": 1000.0, "overshoot_cost": 449.57474816231, "power_cost": 24.182034301757813, "noise_cost": 18.471796490077953, "n_waypoints_completed": 0, "tot_waypoints": 9}}
{"target": -1653.1831215727561, "params": {"k_pid_pos": [2.0, 0.002880185842514038, 0.0006819367408752441], "k_pid_alt": [0.01229250431060791, 0.005778968334197998, 0.9879841804504395], "k_pid_att": [6.567451477050781, 9.833979606628418, 1.0], "k_pid_yaw": [0.5, 1e-06, 0.1], "k_pid_hsp": [0.700351893901825, 1.0, 1.0], "k_pid_vsp": [0.0, 373.1883544921875, 370.7432556152344]}, "datetime": {"datetime": "2025-08-21 09:01:28", "elapsed": 1004.6361384391785, "delta": 26.953275203704834}, "costs": {"total_cost": 1653.1831215727561, "time_cost": 150, "final_distance_cost": 10.439782221615845, "oscillation_cost": 277.8429729834138, "completition_cost": 1000.0, "overshoot_cost": 140.52072569696762, "power_cost": 18.521759240722655, "noise_cost": 55.85788143003607, "n_waypoints_completed": 0, "tot_waypoints": 9}}
{"target": -2125.292244455491, "params": {"k_pid_pos": [1.9152910709381104, 0.0, 0.0], "k_pid_alt": [0.0, 0.0, 0.9080682396888733], "k_pid_att": [1.1827021837234497, 9.457066535949707, 1.0], "k_pid_yaw": [0.5, 1e-06, 0.1], "k_pid_hsp": [0.08372537791728973, 1.0, 0.997653603553772], "k_pid_vsp": [0.0, 400.0, 400.0]}, "datetime": {"datetime": "2025-08-21 09:01:57", "elapsed": 1034.0023715496063, "delta": 29.366233110427856}, "costs": {"total_cost": 2125.292244455491, "time_cost": 150, "final_distance_cost": 21.986731969087323, "oscillation_cost": 664.9627878473526, "completition_cost": 1000.0, "overshoot_cost": 203.0455287984433, "power_cost": 16.727961657714843, "noise_cost": 68.5692341828929, "n_waypoints_completed": 0, "tot_waypoints": 9}}
{"target": -3537.9043178160136, "params": {"k_pid_pos": [2.0, 0.0, 0.0], "k_pid_alt": [0.055659592151641846, 0.0, 0.9613404273986816], "k_pid_att": [0.0, 10.0, 1.0], "k_pid_yaw": [0.5, 1e-06, 0.1], "k_pid_hsp": [1.178971767425537, 1.0, 1.0], "k_pid_vsp": [19.41440200805664, 385.2215881347656, 387.8231201171875]}, "datetime": {"datetime": "2025-08-21 09:02:24", "elapsed": 1060.9058063030243, "delta": 26.90343475341797}, "costs": {"total_cost": 3537.9043178160136, "time_cost": 150, "final_distance_cost": 421.6687176749271, "oscillation_cost": 1073.8133745186815, "completition_cost": 1000.0, "overshoot_cost": 762.7124432098515, "power_cost": 32.3480724609375, "noise_cost": 97.36170995161541, "n_waypoints_completed": 0, "tot_waypoints": 9}}
{"target": -16580.69769771484, "params": {"k_pid_pos": [2.0, 0.010614216327667236, 0.0], "k_pid_alt": [0.021542727947235107, 0.004016876220703125, 0.9600511193275452], "k_pid_att": [0.0, 9.787616729736328, 0.9740824699401855], "k_pid_yaw": [0.5, 1e-06, 0.1], "k_pid_hsp": [0.18889105319976807, 1.0, 1.0], "k_pid_vsp": [0.0, 400.0, 394.35028076171875]}, "datetime": {"datetime": "2025-08-21 09:02:52", "elapsed": 1088.6362466812134, "delta": 27.730440378189087}, "costs": {"total_cost": 16580.69769771484, "time_cost": 150, "final_distance_cost": 5368.089299225513, "oscillation_cost": 2333.742577354194, "completition_cost": 1000.0, "overshoot_cost": 7591.45180219838, "power_cost": 34.579682519531254, "noise_cost": 102.83433641722068, "n_waypoints_completed": 0, "tot_waypoints": 9}}
{"target": -6815.571584799214, "params": {"k_pid_pos": [1.9225369691848755, 0.0, 0.03424394130706787], "k_pid_alt": [0.0, 0.0, 1.0], "k_pid_att": [0.0, 9.621732711791992, 0.9928331971168518], "k_pid_yaw": [0.5, 1e-06, 0.1], "k_pid_hsp": [0.6684390306472778, 1.0, 1.0], "k_pid_vsp": [0.0, 384.5230712890625, 400.0]}, "datetime": {"datetime": "2025-08-21 09:03:18", "elapsed": 1115.1399619579315, "delta": 26.50371527671814}, "costs": {"total_cost": 6815.571584799214, "time_cost": 150, "final_distance_cost": 1347.7013677148877, "oscillation_cost": 1067.724548880616, "completition_cost": 1000.0, "overshoot_cost": 3158.689793405224, "power_cost": 18.74307098388672, "noise_cost": 72.71280381459984, "n_waypoints_completed": 0, "tot_waypoints": 9}}
{"target": -5493.154804670046, "params": {"k_pid_pos": [1.9211686849594116, 0.11344665288925171, 0.05228835344314575], "k_pid_alt": [0.18821316957473755, 0.0, 1.0], "k_pid_att": [0.0, 9.826604843139648, 1.0], "k_pid_yaw": [0.5, 1e-06, 0.1], "k_pid_hsp": [9.999999747378752e-05, 1.0, 1.0], "k_pid_vsp": [4.044020175933838, 400.0, 397.1564025878906]}, "datetime": {"datetime": "2025-08-21 09:03:50", "elapsed": 1146.8226745128632, "delta": 31.68271255493164}, "costs": {"total_cost": 5493.154804670046, "time_cost": 150, "final_distance_cost": 815.7758860701138, "oscillation_cost": 1903.8533952409152, "completition_cost": 1000.0, "overshoot_cost": 1490.3674395890203, "power_cost": 33.36677624511719, "noise_cost": 99.79130752487967, "n_waypoints_completed": 0, "tot_waypoints": 9}}
{"target": -15428.323188793289, "params": {"k_pid_pos": [1.9493443965911865, 0.015366613864898682, 0.014999926090240479], "k_pid_alt": [0.08117902278900146, 0.0, 0.8872724771499634], "k_pid_att": [0.0, 9.916637420654297, 0.9922528266906738], "k_pid_yaw": [0.5, 1e-06, 0.1], "k_pid_hsp": [9.999999747378752e-05, 1.0, 1.0], "k_pid_vsp": [18.262052536010742, 400.0, 400.0]}, "datetime": {"datetime": "2025-08-21 09:04:15", "elapsed": 1172.176070690155, "delta": 25.35339617729187}, "costs": {"total_cost": 15428.323188793289, "time_cost": 150, "final_distance_cost": 4852.9226406788275, "oscillation_cost": 2164.233039773901, "completition_cost": 1000.0, "overshoot_cost": 7127.35846855244, "power_cost": 33.46797520751953, "noise_cost": 100.34106458060235, "n_waypoints_completed": 0, "tot_waypoints": 9}}
{"target": -2227.599779004087, "params": {"k_pid_pos": [1.9578192234039307, 0.05777716636657715, 0.0], "k_pid_alt": [0.026382029056549072, 0.0043167173862457275, 0.9939295053482056], "k_pid_att": [2.069234848022461, 9.612074851989746, 1.0], "k_pid_yaw": [0.5, 1e-06, 0.1], "k_pid_hsp": [0.26298364996910095, 1.0, 0.95183926820755], "k_pid_vsp": [0.0, 400.0, 400.0]}, "datetime": {"datetime": "2025-08-21 09:04:45", "elapsed": 1201.7891113758087, "delta": 29.613040685653687}, "costs": {"total_cost": 2227.599779004087, "time_cost": 150, "final_distance_cost": 142.22348196902692, "oscillation_cost": 411.14807401990095, "completition_cost": 1000.0, "overshoot_cost": 418.6436619333076, "power_cost": 26.952393579101564, "noise_cost": 78.63216750274975, "n_waypoints_completed": 0, "tot_waypoints": 9}}
{"target": -2452.958827225978, "params": {"k_pid_pos": [1.9639219045639038, 0.06708461046218872, 0.02033054828643799], "k_pid_alt": [0.0, 0.06929579377174377, 1.0], "k_pid_att": [5.381587028503418, 9.703404426574707, 0.9545474648475647], "k_pid_yaw": [0.5, 1e-06, 0.1], "k_pid_hsp": [0.2286338359117508, 1.0, 1.0], "k_pid_vsp": [8.718585968017578, 400.0, 400.0]}, "datetime": {"datetime": "2025-08-21 09:05:10", "elapsed": 1226.9122693538666, "delta": 25.12315797805786}, "costs": {"total_cost": 2452.958827225978, "time_cost": 150, "final_distance_cost": 570.0438424200171, "oscillation_cost": 161.08035775708012, "completition_cost": 1000.0, "overshoot_cost": 531.6796486873645, "power_cost": 18.23512520751953, "noise_cost": 21.919853153996893, "n_waypoints_completed": 0, "tot_waypoints": 9}}
{"target": -4845.63737853032, "params": {"k_pid_pos": [1.987892508506775, 0.0, 0.02752089500427246], "k_pid_alt": [0.011573970317840576, 0.0, 0.9734323024749756], "k_pid_att": [0.0, 10.0, 1.0], "k_pid_yaw": [0.5, 1e-06, 0.1], "k_pid_hsp": [9.999999747378752e-05, 0.9606379866600037, 0.998063325881958], "k_pid_vsp": [23.98617172241211, 396.53814697265625, 388.6458435058594]}, "datetime": {"datetime": "2025-08-21 09:05:39", "elapsed": 1255.9968957901, "delta": 29.08462643623352}, "costs": {"total_cost": 4845.63737853032, "time_cost": 150, "final_distance_cost": 906.3554764561412, "oscillation_cost": 843.1258614945546, "completition_cost": 1000.0, "overshoot_cost": 1822.376939615456, "power_cost": 30.853847790527347, "noise_cost": 92.9252531736407, "n_waypoints_completed": 0, "tot_waypoints": 9}}
{"target": -4054.4799484320993, "params": {"k_pid_pos": [2.0, 0.029482990503311157, 0.015521854162216187], "k_pid_alt": [0.0, 0.0, 1.0], "k_pid_att": [0.0, 8.732802391052246, 0.973783552646637], "k_pid_yaw": [0.5, 1e-06, 0.1], "k_pid_hsp": [0.017570244148373604, 0.9564480781555176, 1.0], "k_pid_vsp": [0.0, 395.4991149902344, 386.7287292480469]}, "datetime": {"datetime": "2025-08-21 09:06:04", "elapsed": 1281.364910364151, "delta": 25.368014574050903}, "costs": {"total_cost": 4054.4799484320993, "time_cost": 150, "final_distance_cost": 197.9025423030615, "oscillation_cost": 2196.9851198669803, "completition_cost": 1000.0, "overshoot_cost": 388.9392123388635, "power_cost": 27.656381896972658, "noise_cost": 92.9966920262212, "n_waypoints_completed": 0, "tot_waypoints": 9}}
{"target": -1956.7384755354497, "params": {"k_pid_pos": [2.0, 0.0, 0.010178893804550171], "k_pid_alt": [0.0, 0.0, 0.9840657711029053], "k_pid_att": [2.761721611022949, 10.0, 0.971060574054718], "k_pid_yaw": [0.5, 1e-06, 0.1], "k_pid_hsp": [0.23049914836883545, 1.0, 0.9750115275382996], "k_pid_vsp": [0.0, 400.0, 400.0]}, "datetime": {"datetime": "2025-08-21 09:06:35", "elapsed": 1311.7177789211273, "delta": 30.35286855697632}, "costs": {"total_cost": 1956.7384755354497, "time_cost": 150, "final_distance_cost": 84.68227752540379, "oscillation_cost": 336.6732955713752, "completition_cost": 1000.0, "overshoot_cost": 319.9429280599301, "power_cost": 17.34481970214844, "noise_cost": 48.09515467659217, "n_waypoints_completed": 0, "tot_waypoints": 9}}
{"target": -6254.828284550948, "params": {"k_pid_pos": [2.0, 0.03159600496292114, 0.0373358428478241], "k_pid_alt": [0.0, 0.022218316793441772, 1.0], "k_pid_att": [0.0, 9.830659866333008, 1.0], "k_pid_yaw": [0.5, 1e-06, 0.1], "k_pid_hsp": [9.999999747378752e-05, 0.9885668754577637, 1.0], "k_pid_vsp": [8.805155754089355, 400.0, 382.4969177246094]}, "datetime": {"datetime": "2025-08-21 09:07:02", "elapsed": 1338.9013226032257, "delta": 27.18354368209839}, "costs": {"total_cost": 6254.828284550948, "time_cost": 150, "final_distance_cost": 1169.467872951612, "oscillation_cost": 1002.1479774499924, "completition_cost": 1000.0, "overshoot_cost": 2802.42374278642, "power_cost": 32.667312048339845, "noise_cost": 98.12137931458311, "n_waypoints_completed": 0, "tot_waypoints": 9}}
{"target": -11397.03537276894, "params": {"k_pid_pos": [1.9559680223464966, 0.0, 0.0], "k_pid_alt": [0.0, 0.0, 1.0], "k_pid_att": [0.0, 9.117496490478516, 0.9738224744796753], "k_pid_yaw": [0.5, 1e-06, 0.1], "k_pid_hsp": [9.999999747378752e-05, 0.9461499452590942, 1.0], "k_pid_vsp": [19.333648681640625, 398.86993408203125, 379.31341552734375]}, "datetime": {"datetime": "2025-08-21 09:07:30", "elapsed": 1367.0920913219452, "delta": 28.190768718719482}, "costs": {"total_cost": 11397.03537276894, "time_cost": 150, "final_distance_cost": 3315.6983418879204, "oscillation_cost": 1651.6216059793294, "completition_cost": 1000.0, "overshoot_cost": 5156.9750225988, "power_cost": 29.186507543945314, "noise_cost": 93.55389475894526, "n_waypoints_completed": 0, "tot_waypoints": 9}}
{"target": -2025.8426383312985, "params": {"k_pid_pos": [2.0, 0.0, 0.03731346130371094], "k_pid_alt": [0.002356886863708496, 0.0, 0.9992573261260986], "k_pid_att": [3.029310703277588, 10.0, 1.0], "k_pid_yaw": [0.5, 1e-06, 0.1], "k_pid_hsp": [9.999999747378752e-05, 0.9541924595832825, 0.9472556114196777], "k_pid_vsp": [0.0, 400.0, 400.0]}, "datetime": {"datetime": "2025-08-21 09:07:58", "elapsed": 1394.8666112422943, "delta": 27.77451992034912}, "costs": {"total_cost": 2025.8426383312985, "time_cost": 150, "final_distance_cost": 114.35760352576416, "oscillation_cost": 330.99813432762704, "completition_cost": 1000.0, "overshoot_cost": 334.22416693188234, "power_cost": 23.470602355957034, "noise_cost": 72.79213119006798, "n_waypoints_completed": 0, "tot_waypoints": 9}}
{"target": -8220.777725066453, "params": {"k_pid_pos": [1.9030121564865112, 0.0, 0.0], "k_pid_alt": [0.10680025815963745, 0.06413844227790833, 0.948276698589325], "k_pid_att": [0.0, 10.0, 0.9211760759353638], "k_pid_yaw": [0.5, 1e-06, 0.1], "k_pid_hsp": [9.999999747378752e-05, 1.0, 1.0], "k_pid_vsp": [36.86559295654297, 400.0, 400.0]}, "datetime": {"datetime": "2025-08-21 09:08:27", "elapsed": 1424.1948850154877, "delta": 29.32827377319336}, "costs": {"total_cost": 8220.777725066453, "time_cost": 150, "final_distance_cost": 1790.8240627585635, "oscillation_cost": 1058.014350854345, "completition_cost": 1000.0, "overshoot_cost": 4090.06804685933, "power_cost": 33.231722094726564, "noise_cost": 98.63954249948743, "n_waypoints_completed": 0, "tot_waypoints": 9}}
{"target": -8650.248341101254, "params": {"k_pid_pos": [1.9840128421783447, 0.04809272289276123, 0.0], "k_pid_alt": [0.014917194843292236, 0.014450311660766602, 0.9270206093788147], "k_pid_att": [0.0, 10.0, 1.0], "k_pid_yaw": [0.5, 1e-06, 0.1], "k_pid_hsp": [0.34140974283218384, 1.0, 0.9639122486114502], "k_pid_vsp": [0.0, 391.4790344238281, 380.9032287597656]}, "datetime": {"datetime": "2025-08-21 09:08:55", "elapsed": 1452.4236521720886, "delta": 28.228767156600952}, "costs": {"total_cost": 8650.248341101254, "time_cost": 150, "final_distance_cost": 2367.8778472603285, "oscillation_cost": 2015.448891170945, "completition_cost": 1000.0, "overshoot_cost": 2990.9097325354974, "power_cost": 30.850628051757813, "noise_cost": 95.1612420827259, "n_waypoints_completed": 0, "tot_waypoints": 9}}
{"target": -1759.8605452910588, "params": {"k_pid_pos": [2.0, 0.0, 0.010834604501724243], "k_pid_alt": [0.0, 0.0, 1.0], "k_pid_att": [3.7871928215026855, 10.0, 1.0], "k_pid_yaw": [0.5, 1e-06, 0.1], "k_pid_hsp": [9.999999747378752e-05, 1.0, 0.9881652593612671], "k_pid_vsp": [5.2597761154174805, 400.0, 395.2991638183594]}, "datetime": {"datetime": "2025-08-21 09:09:21", "elapsed": 1478.1747970581055, "delta": 25.751144886016846}, "costs": {"total_cost": 1759.8605452910588, "time_cost": 150, "final_distance_cost": 16.26046953146786, "oscillation_cost": 281.59829631059245, "completition_cost": 1000.0, "overshoot_cost": 227.8862514932221, "power_cost": 19.94258094482422, "noise_cost": 64.17294701095234, "n_waypoints_completed": 0, "tot_waypoints": 9}}
{"target": -4254.547730572798, "params": {"k_pid_pos": [2.0, 0.0, 0.027647048234939575], "k_pid_alt": [0.0, 0.0, 0.9403860569000244], "k_pid_att": [0.0, 9.323016166687012, 0.9259573817253113], "k_pid_yaw": [0.5, 1e-06, 0.1], "k_pid_hsp": [9.999999747378752e-05, 0.9662638902664185, 0.8120099902153015], "k_pid_vsp": [31.098520278930664, 392.98809814453125, 400.0]}, "datetime": {"datetime": "2025-08-21 09:09:51", "elapsed": 1507.975347518921, "delta": 29.80055046081543}, "costs": {"total_cost": 4254.547730572798, "time_cost": 150, "final_distance_cost": 515.7008216835457, "oscillation_cost": 1293.6041352423854, "completition_cost": 1000.0, "overshoot_cost": 1191.499839519416, "power_cost": 22.65769753417969, "noise_cost": 81.0852365932719, "n_waypoints_completed": 0, "tot_waypoints": 9}}
