{"target": -8358.785438785657, "params": {"k_pid_pos": [2.0, 0.043777644634246826, 0.0], "k_pid_alt": [0.0, 0.019250482320785522, 0.8299350738525391], "k_pid_att": [0.0, 10.0, 1.0], "k_pid_yaw": [0.5, 1e-06, 0.1], "k_pid_hsp": [9.999999747378752e-05, 1.0, 0.9912371635437012], "k_pid_vsp": [34.15644073486328, 390.4430847167969, 400.0]}, "datetime": {"datetime": "2025-08-21 11:56:33", "elapsed": 11510.07032084465, "delta": 22.96727418899536}, "costs": {"total_cost": 8358.785438785657, "time_cost": 150, "final_distance_cost": 1714.2524744533764, "oscillation_cost": 1660.8262478945744, "completition_cost": 1000.0, "overshoot_cost": 3705.245400862389, "power_cost": 31.72500642089844, "noise_cost": 96.73630915441873, "n_waypoints_completed": 0, "tot_waypoints": 9}}
{"target": -4278.749192342102, "params": {"k_pid_pos": [2.0, 0.02284717559814453, 0.0676787793636322], "k_pid_alt": [0.03137260675430298, 0.054071903228759766, 1.0], "k_pid_att": [0.0, 10.0, 0.9562320709228516], "k_pid_yaw": [0.5, 1e-06, 0.1], "k_pid_hsp": [9.999999747378752e-05, 0.9981911182403564, 0.9574990272521973], "k_pid_vsp": [44.950138092041016, 383.5001220703125, 370.4139709472656]}, "datetime": {"datetime": "2025-08-21 11:56:56", "elapsed": 11532.682158470154, "delta": 22.61183762550354}, "costs": {"total_cost": 4278.749192342102, "time_cost": 150, "final_distance_cost": 558.071173295015, "oscillation_cost": 1346.2549374738423, "completition_cost": 1000.0, "overshoot_cost": 1096.245636016403, "power_cost": 31.796619287109376, "noise_cost": 96.38082626973343, "n_waypoints_completed": 0, "tot_waypoints": 9}}
{"target": -3336.118912977328, "params": {"k_pid_pos": [1.8439041376113892, 0.03363674879074097, 0.0], "k_pid_alt": [0.0, 0.03748726844787598, 0.9693074226379395], "k_pid_att": [0.225830078125, 8.433280944824219, 0.998772382736206], "k_pid_yaw": [0.5, 1e-06, 0.1], "k_pid_hsp": [0.06796994060277939, 1.0, 1.0], "k_pid_vsp": [0.0, 400.0, 370.11865234375]}, "datetime": {"datetime": "2025-08-21 11:57:19", "elapsed": 11555.749049186707, "delta": 23.066890716552734}, "costs": {"total_cost": 3336.118912977328, "time_cost": 150, "final_distance_cost": 416.5666798177573, "oscillation_cost": 930.6777495258924, "completition_cost": 1000.0, "overshoot_cost": 712.4181437394354, "power_cost": 31.618529248046876, "noise_cost": 94.83781064619608, "n_waypoints_completed": 0, "tot_waypoints": 9}}
{"target": -2198.894733166612, "params": {"k_pid_pos": [2.0, 0.0032516419887542725, 0.001952052116394043], "k_pid_alt": [0.0, 0.0, 1.0], "k_pid_att": [4.383563995361328, 9.928565979003906, 0.9383050799369812], "k_pid_yaw": [0.5, 1e-06, 0.1], "k_pid_hsp": [9.999999747378752e-05, 0.9774882793426514, 1.0], "k_pid_vsp": [16.525005340576172, 400.0, 400.0]}, "datetime": {"datetime": "2025-08-21 11:57:41", "elapsed": 11578.453195095062, "delta": 22.704145908355713}, "costs": {"total_cost": 2198.894733166612, "time_cost": 150, "final_distance_cost": 407.00813170605124, "oscillation_cost": 170.65990584387845, "completition_cost": 1000.0, "overshoot_cost": 424.69661164257764, "power_cost": 17.30898856201172, "noise_cost": 29.221095412092705, "n_waypoints_completed": 0, "tot_waypoints": 9}}
{"target": -4382.897798563314, "params": {"k_pid_pos": [2.0, 0.0, 0.0], "k_pid_alt": [0.0, 0.0, 1.0], "k_pid_att": [0.27657151222229004, 10.0, 0.9319109916687012], "k_pid_yaw": [0.5, 1e-06, 0.1], "k_pid_hsp": [0.06684938073158264, 0.9543837308883667, 1.0], "k_pid_vsp": [0.0, 400.0, 356.0986328125]}, "datetime": {"datetime": "2025-08-21 11:58:04", "elapsed": 11601.453702449799, "delta": 23.000507354736328}, "costs": {"total_cost": 4382.897798563314, "time_cost": 150, "final_distance_cost": 656.2524198276325, "oscillation_cost": 1470.8370190154178, "completition_cost": 1000.0, "overshoot_cost": 1007.4811231664718, "power_cost": 21.137282653808594, "noise_cost": 77.18995389998324, "n_waypoints_completed": 0, "tot_waypoints": 9}}
{"target": -1767.9436134165874, "params": {"k_pid_pos": [1.9652211666107178, 0.02616441249847412, 0.0], "k_pid_alt": [0.15010249614715576, 0.0, 1.0], "k_pid_att": [3.860041618347168, 9.456585884094238, 1.0], "k_pid_yaw": [0.5, 1e-06, 0.1], "k_pid_hsp": [9.999999747378752e-05, 1.0, 1.0], "k_pid_vsp": [10.478866577148438, 400.0, 400.0]}, "datetime": {"datetime": "2025-08-21 11:58:28", "elapsed": 11624.607028961182, "delta": 23.153326511383057}, "costs": {"total_cost": 1767.9436134165874, "time_cost": 150, "final_distance_cost": 22.88130738412553, "oscillation_cost": 268.854601875413, "completition_cost": 1000.0, "overshoot_cost": 258.4977425028262, "power_cost": 18.316187451171874, "noise_cost": 49.393774203050995, "n_waypoints_completed": 0, "tot_waypoints": 9}}
{"target": -1736.0897066353375, "params": {"k_pid_pos": [2.0, 0.0, 0.0], "k_pid_alt": [0.09894359111785889, 0.0, 0.9612960815429688], "k_pid_att": [4.452520370483398, 10.0, 1.0], "k_pid_yaw": [0.5, 1e-06, 0.1], "k_pid_hsp": [9.999999747378752e-05, 1.0, 0.903826117515564], "k_pid_vsp": [18.154239654541016, 374.53643798828125, 400.0]}, "datetime": {"datetime": "2025-08-21 11:58:51", "elapsed": 11647.928308963776, "delta": 23.321280002593994}, "costs": {"total_cost": 1736.0897066353375, "time_cost": 150, "final_distance_cost": 67.27178236010323, "oscillation_cost": 241.6428307699118, "completition_cost": 1000.0, "overshoot_cost": 239.42456224741838, "power_cost": 19.065576330566408, "noise_cost": 18.68495492733773, "n_waypoints_completed": 0, "tot_waypoints": 9}}
{"target": -15690.121031006216, "params": {"k_pid_pos": [2.0, 0.09162721037864685, 0.055391281843185425], "k_pid_alt": [0.0, 0.0, 0.9657180309295654], "k_pid_att": [0.0, 10.0, 0.9389892816543579], "k_pid_yaw": [0.5, 1e-06, 0.1], "k_pid_hsp": [0.10793504863977432, 1.0, 1.0], "k_pid_vsp": [17.68965721130371, 400.0, 380.322265625]}, "datetime": {"datetime": "2025-08-21 11:59:14", "elapsed": 11670.76701927185, "delta": 22.83871030807495}, "costs": {"total_cost": 15690.121031006216, "time_cost": 150, "final_distance_cost": 4622.808650990764, "oscillation_cost": 1898.458974554939, "completition_cost": 1000.0, "overshoot_cost": 7892.797299909264, "power_cost": 30.17205174560547, "noise_cost": 95.88405380564306, "n_waypoints_completed": 0, "tot_waypoints": 9}}
{"target": -1864.5992001678742, "params": {"k_pid_pos": [2.0, 0.0, 0.02231195569038391], "k_pid_alt": [0.0, 0.0, 1.0], "k_pid_att": [8.516561508178711, 9.525795936584473, 0.9433401823043823], "k_pid_yaw": [0.5, 1e-06, 0.1], "k_pid_hsp": [9.999999747378752e-05, 0.9456381797790527, 1.0], "k_pid_vsp": [0.0, 400.0, 389.1590576171875]}, "datetime": {"datetime": "2025-08-21 11:59:37", "elapsed": 11693.75990653038, "delta": 22.992887258529663}, "costs": {"total_cost": 1864.5992001678742, "time_cost": 150, "final_distance_cost": 213.9057519547918, "oscillation_cost": 250.31894275735, "completition_cost": 888.8888888888888, "overshoot_cost": 320.030383926066, "power_cost": 18.420364208984378, "noise_cost": 23.034868431793004, "n_waypoints_completed": 1, "tot_waypoints": 9}}
{"target": -1768.1466003039964, "params": {"k_pid_pos": [1.977857232093811, 0.07874885201454163, 0.0], "k_pid_alt": [0.18251121044158936, 0.003966957330703735, 1.0], "k_pid_att": [4.1892619132995605, 10.0, 0.9694395065307617], "k_pid_yaw": [0.5, 1e-06, 0.1], "k_pid_hsp": [0.8144522309303284, 1.0, 1.0], "k_pid_vsp": [30.53179931640625, 364.617919921875, 400.0]}, "datetime": {"datetime": "2025-08-21 12:00:00", "elapsed": 11717.13557100296, "delta": 23.375664472579956}, "costs": {"total_cost": 1768.1466003039964, "time_cost": 150, "final_distance_cost": 190.52834759802644, "oscillation_cost": 241.10011367065587, "completition_cost": 888.8888888888888, "overshoot_cost": 243.39352995535106, "power_cost": 19.914939611816408, "noise_cost": 34.32078057925759, "n_waypoints_completed": 1, "tot_waypoints": 9}}
{"target": -2923.7178169349027, "params": {"k_pid_pos": [2.0, 0.017312824726104736, 0.011907964944839478], "k_pid_alt": [0.14296585321426392, 0.017555058002471924, 0.9575775861740112], "k_pid_att": [0.0, 10.0, 0.997542142868042], "k_pid_yaw": [0.5, 1e-06, 0.1], "k_pid_hsp": [0.3237791657447815, 0.9610028266906738, 0.9417678713798523], "k_pid_vsp": [24.00459098815918, 382.50732421875, 389.6878662109375]}, "datetime": {"datetime": "2025-08-21 12:00:26", "elapsed": 11742.490930318832, "delta": 25.355359315872192}, "costs": {"total_cost": 2923.7178169349027, "time_cost": 150, "final_distance_cost": 97.70076205991754, "oscillation_cost": 1086.951021630945, "completition_cost": 1000.0, "overshoot_cost": 460.83346247607886, "power_cost": 31.82647478027344, "noise_cost": 96.40609598768779, "n_waypoints_completed": 0, "tot_waypoints": 9}}
{"target": -6115.492398890841, "params": {"k_pid_pos": [2.0, 0.11129459738731384, 0.0], "k_pid_alt": [0.0, 0.0, 0.9795172810554504], "k_pid_att": [0.0, 10.0, 1.0], "k_pid_yaw": [0.5, 1e-06, 0.1], "k_pid_hsp": [9.999999747378752e-05, 1.0, 1.0], "k_pid_vsp": [0.0, 395.2879943847656, 389.820068359375]}, "datetime": {"datetime": "2025-08-21 12:00:51", "elapsed": 11767.805487155914, "delta": 25.31455683708191}, "costs": {"total_cost": 6115.492398890841, "time_cost": 150, "final_distance_cost": 1155.3676994940022, "oscillation_cost": 954.1166474589486, "completition_cost": 1000.0, "overshoot_cost": 2766.9401614194103, "power_cost": 18.021425122070312, "noise_cost": 71.04646539641024, "n_waypoints_completed": 0, "tot_waypoints": 9}}
{"target": -14174.887016033766, "params": {"k_pid_pos": [1.8135008811950684, 0.0, 0.0], "k_pid_alt": [0.12312150001525879, 0.0, 0.9594606161117554], "k_pid_att": [0.0, 9.515966415405273, 0.9995104670524597], "k_pid_yaw": [0.5, 1e-06, 0.1], "k_pid_hsp": [0.0800338014960289, 0.9914215803146362, 1.0], "k_pid_vsp": [0.0, 398.8367919921875, 400.0]}, "datetime": {"datetime": "2025-08-21 12:01:16", "elapsed": 11793.392306566238, "delta": 25.586819410324097}, "costs": {"total_cost": 14174.887016033766, "time_cost": 150, "final_distance_cost": 4838.950074144783, "oscillation_cost": 1927.2365691266289, "completition_cost": 1000.0, "overshoot_cost": 6123.775327829061, "power_cost": 33.78081893310547, "noise_cost": 101.14422600018742, "n_waypoints_completed": 0, "tot_waypoints": 9}}
{"target": -5591.606541589401, "params": {"k_pid_pos": [1.8711678981781006, 0.0, 0.0], "k_pid_alt": [0.0, 0.007338345050811768, 1.0], "k_pid_att": [0.04393160343170166, 9.73095703125, 1.0], "k_pid_yaw": [0.5, 1e-06, 0.1], "k_pid_hsp": [9.999999747378752e-05, 0.9988406896591187, 1.0], "k_pid_vsp": [0.0, 400.0, 400.0]}, "datetime": {"datetime": "2025-08-21 12:01:42", "elapsed": 11819.418527126312, "delta": 26.026220560073853}, "costs": {"total_cost": 5591.606541589401, "time_cost": 150, "final_distance_cost": 1055.5740032755143, "oscillation_cost": 1719.2461129480855, "completition_cost": 1000.0, "overshoot_cost": 1531.7143553206674, "power_cost": 34.165199279785156, "noise_cost": 100.90687076534822, "n_waypoints_completed": 0, "tot_waypoints": 9}}
{"target": -1659.0846312231042, "params": {"k_pid_pos": [2.0, 0.03566783666610718, 0.0], "k_pid_alt": [0.03631556034088135, 0.028401434421539307, 0.9382729530334473], "k_pid_att": [8.146232604980469, 9.637751579284668, 1.0], "k_pid_yaw": [0.5, 1e-06, 0.1], "k_pid_hsp": [9.999999747378752e-05, 0.9456203579902649, 1.0], "k_pid_vsp": [0.0, 394.890869140625, 400.0]}, "datetime": {"datetime": "2025-08-21 12:02:08", "elapsed": 11845.21164727211, "delta": 25.79312014579773}, "costs": {"total_cost": 1659.0846312231042, "time_cost": 150, "final_distance_cost": 25.20208991252678, "oscillation_cost": 294.95283608680097, "completition_cost": 1000.0, "overshoot_cost": 119.07464086566574, "power_cost": 20.1129955078125, "noise_cost": 49.742068850298274, "n_waypoints_completed": 0, "tot_waypoints": 9}}
{"target": -5846.192168921254, "params": {"k_pid_pos": [2.0, 0.0, 0.0], "k_pid_alt": [0.10901165008544922, 0.007092326879501343, 1.0], "k_pid_att": [0.0, 10.0, 0.993331789970398], "k_pid_yaw": [0.5, 1e-06, 0.1], "k_pid_hsp": [0.5066062808036804, 1.0, 0.9249050617218018], "k_pid_vsp": [0.0, 400.0, 400.0]}, "datetime": {"datetime": "2025-08-21 12:02:32", "elapsed": 11869.46034860611, "delta": 24.248701333999634}, "costs": {"total_cost": 5846.192168921254, "time_cost": 150, "final_distance_cost": 993.2266779932706, "oscillation_cost": 1224.6143171762378, "completition_cost": 1000.0, "overshoot_cost": 2351.9948428755897, "power_cost": 31.213184326171877, "noise_cost": 95.14314654998348, "n_waypoints_completed": 0, "tot_waypoints": 9}}
{"target": -6679.428001905807, "params": {"k_pid_pos": [1.9679036140441895, 0.0, 0.0], "k_pid_alt": [0.016782283782958984, 0.05904915928840637, 0.9840342998504639], "k_pid_att": [0.0, 10.0, 1.0], "k_pid_yaw": [0.5, 1e-06, 0.1], "k_pid_hsp": [0.027511604130268097, 1.0, 1.0], "k_pid_vsp": [0.0, 400.0, 400.0]}, "datetime": {"datetime": "2025-08-21 12:02:57", "elapsed": 11893.664555072784, "delta": 24.204206466674805}, "costs": {"total_cost": 6679.428001905807, "time_cost": 150, "final_distance_cost": 1226.701115978705, "oscillation_cost": 1283.8356993460454, "completition_cost": 1000.0, "overshoot_cost": 2892.456846861628, "power_cost": 31.30061081542969, "noise_cost": 95.13372890399965, "n_waypoints_completed": 0, "tot_waypoints": 9}}
{"target": -8576.790612134626, "params": {"k_pid_pos": [1.9500550031661987, 0.10741016268730164, 0.0], "k_pid_alt": [0.0, 0.0, 1.0], "k_pid_att": [0.0, 10.0, 0.9932563900947571], "k_pid_yaw": [0.5, 1e-06, 0.1], "k_pid_hsp": [9.999999747378752e-05, 1.0, 0.924701988697052], "k_pid_vsp": [13.301825523376465, 383.20794677734375, 396.210205078125]}, "datetime": {"datetime": "2025-08-21 12:03:23", "elapsed": 11919.755198001862, "delta": 26.09064292907715}, "costs": {"total_cost": 8576.790612134626, "time_cost": 150, "final_distance_cost": 2497.8996713151887, "oscillation_cost": 1191.3170006210678, "completition_cost": 1000.0, "overshoot_cost": 3636.060663867525, "power_cost": 22.098246057128907, "noise_cost": 79.41503027371587, "n_waypoints_completed": 0, "tot_waypoints": 9}}
{"target": -8325.108763101976, "params": {"k_pid_pos": [1.9520609378814697, 0.05811241269111633, 0.0], "k_pid_alt": [0.0, 0.0, 0.9097484350204468], "k_pid_att": [0.0, 10.0, 0.9677914977073669], "k_pid_yaw": [0.5, 1e-06, 0.1], "k_pid_hsp": [0.2817368507385254, 0.9939942359924316, 1.0], "k_pid_vsp": [13.41407299041748, 386.03057861328125, 400.0]}, "datetime": {"datetime": "2025-08-21 12:03:47", "elapsed": 11944.317731380463, "delta": 24.562533378601074}, "costs": {"total_cost": 8325.108763101976, "time_cost": 150, "final_distance_cost": 2567.2728672217895, "oscillation_cost": 1557.8783189424314, "completition_cost": 1000.0, "overshoot_cost": 2935.0658948963223, "power_cost": 26.11615711669922, "noise_cost": 88.77552492473275, "n_waypoints_completed": 0, "tot_waypoints": 9}}
{"target": -7147.039410862119, "params": {"k_pid_pos": [2.0, 0.016837865114212036, 0.06098249554634094], "k_pid_alt": [0.0, 0.13106322288513184, 0.9444862604141235], "k_pid_att": [0.0, 9.284042358398438, 1.0], "k_pid_yaw": [0.5, 1e-06, 0.1], "k_pid_hsp": [9.999999747378752e-05, 1.0, 1.0], "k_pid_vsp": [0.0, 400.0, 382.9219970703125]}, "datetime": {"datetime": "2025-08-21 12:04:11", "elapsed": 11967.730989217758, "delta": 23.413257837295532}, "costs": {"total_cost": 7147.039410862119, "time_cost": 150, "final_distance_cost": 1395.798470173171, "oscillation_cost": 1208.1633430445856, "completition_cost": 1000.0, "overshoot_cost": 3264.232509963777, "power_cost": 32.25044598388672, "noise_cost": 96.59464169669955, "n_waypoints_completed": 0, "tot_waypoints": 9}}
{"target": -4405.622976458653, "params": {"k_pid_pos": [2.0, 0.030638068914413452, 0.0], "k_pid_alt": [0.10768890380859375, 0.0, 1.0], "k_pid_att": [0.0, 9.771929740905762, 1.0], "k_pid_yaw": [0.5, 1e-06, 0.1], "k_pid_hsp": [9.999999747378752e-05, 0.9601057767868042, 0.9555559158325195], "k_pid_vsp": [25.02051544189453, 378.844970703125, 377.6595458984375]}, "datetime": {"datetime": "2025-08-21 12:04:34", "elapsed": 11991.201671361923, "delta": 23.47068214416504}, "costs": {"total_cost": 4405.622976458653, "time_cost": 150, "final_distance_cost": 363.2443333463139, "oscillation_cost": 1683.2763120151285, "completition_cost": 1000.0, "overshoot_cost": 1078.1191590249578, "power_cost": 32.739649536132816, "noise_cost": 98.24352253612024, "n_waypoints_completed": 0, "tot_waypoints": 9}}
{"target": -8289.356765493354, "params": {"k_pid_pos": [1.9152140617370605, 0.016654223203659058, 0.0], "k_pid_alt": [0.04646492004394531, 0.0, 1.0], "k_pid_att": [0.0, 9.919410705566406, 1.0], "k_pid_yaw": [0.5, 1e-06, 0.1], "k_pid_hsp": [9.999999747378752e-05, 0.9521905183792114, 1.0], "k_pid_vsp": [22.725666046142578, 400.0, 400.0]}, "datetime": {"datetime": "2025-08-21 12:04:58", "elapsed": 12014.888896465302, "delta": 23.687225103378296}, "costs": {"total_cost": 8289.356765493354, "time_cost": 150, "final_distance_cost": 2227.40460474625, "oscillation_cost": 673.6044657756587, "completition_cost": 1000.0, "overshoot_cost": 4117.932835899563, "power_cost": 30.157460070800784, "noise_cost": 90.25739900108212, "n_waypoints_completed": 0, "tot_waypoints": 9}}
{"target": -1573.950817670328, "params": {"k_pid_pos": [1.8522377014160156, 0.0, 0.0], "k_pid_alt": [0.0, 0.0, 0.9644495844841003], "k_pid_att": [5.100488662719727, 8.826066017150879, 0.8810960054397583], "k_pid_yaw": [0.5, 1e-06, 0.1], "k_pid_hsp": [0.17270676791667938, 0.9939255118370056, 0.9158825874328613], "k_pid_vsp": [0.0, 400.0, 366.18182373046875]}, "datetime": {"datetime": "2025-08-21 12:05:21", "elapsed": 12037.961971282959, "delta": 23.07307481765747}, "costs": {"total_cost": 1573.950817670328, "time_cost": 150, "final_distance_cost": 52.14635419310777, "oscillation_cost": 205.01072436859087, "completition_cost": 1000.0, "overshoot_cost": 120.7824098280436, "power_cost": 18.359098608398437, "noise_cost": 27.65223067218726, "n_waypoints_completed": 0, "tot_waypoints": 9}}
{"target": -1713.132259809101, "params": {"k_pid_pos": [2.0, 0.0, 0.016954541206359863], "k_pid_alt": [0.0, 0.0, 0.888778805732727], "k_pid_att": [3.227531909942627, 9.024377822875977, 1.0], "k_pid_yaw": [0.5, 1e-06, 0.1], "k_pid_hsp": [9.999999747378752e-05, 1.0, 1.0], "k_pid_vsp": [0.0, 400.0, 398.2575378417969]}, "datetime": {"datetime": "2025-08-21 12:05:44", "elapsed": 12061.027449846268, "delta": 23.065478563308716}, "costs": {"total_cost": 1713.132259809101, "time_cost": 150, "final_distance_cost": 5.357395525089886, "oscillation_cost": 301.2162152017083, "completition_cost": 1000.0, "overshoot_cost": 167.5486818223018, "power_cost": 21.443446191406252, "noise_cost": 67.56652106859464, "n_waypoints_completed": 0, "tot_waypoints": 9}}
{"target": -6802.945515024042, "params": {"k_pid_pos": [2.0, 0.012121021747589111, 0.0], "k_pid_alt": [0.040941834449768066, 0.04206708073616028, 0.9601321220397949], "k_pid_att": [0.0, 10.0, 1.0], "k_pid_yaw": [0.5, 1e-06, 0.1], "k_pid_hsp": [9.999999747378752e-05, 0.9612931609153748, 0.9206335544586182], "k_pid_vsp": [0.0, 388.25341796875, 400.0]}, "datetime": {"datetime": "2025-08-21 12:06:07", "elapsed": 12083.961960792542, "delta": 22.934510946273804}, "costs": {"total_cost": 6802.945515024042, "time_cost": 150, "final_distance_cost": 1597.0759331022555, "oscillation_cost": 2112.7731373610027, "completition_cost": 1000.0, "overshoot_cost": 1817.1998073899704, "power_cost": 31.65197529296875, "noise_cost": 94.2446618778436, "n_waypoints_completed": 0, "tot_waypoints": 9}}
{"target": -6451.619921892533, "params": {"k_pid_pos": [1.964150071144104, 0.0, 0.0], "k_pid_alt": [0.0, 0.03237885236740112, 1.0], "k_pid_att": [0.0, 9.626959800720215, 0.9814942479133606], "k_pid_yaw": [0.5, 1e-06, 0.1], "k_pid_hsp": [9.999999747378752e-05, 0.9429728984832764, 0.9890478253364563], "k_pid_vsp": [0.0, 400.0, 400.0]}, "datetime": {"datetime": "2025-08-21 12:06:30", "elapsed": 12106.939085006714, "delta": 22.977124214172363}, "costs": {"total_cost": 6451.619921892533, "time_cost": 150, "final_distance_cost": 1309.2419464031611, "oscillation_cost": 2185.97423777788, "completition_cost": 1000.0, "overshoot_cost": 1668.9048603028414, "power_cost": 34.68871143798828, "noise_cost": 102.81016597066258, "n_waypoints_completed": 0, "tot_waypoints": 9}}
{"target": -2186.752609973673, "params": {"k_pid_pos": [2.0, 0.0, 0.0025529861450195312], "k_pid_alt": [0.07435393333435059, 0.1165972352027893, 1.0], "k_pid_att": [2.477067708969116, 10.0, 0.9823333024978638], "k_pid_yaw": [0.5, 1e-06, 0.1], "k_pid_hsp": [0.11231207102537155, 0.9809863567352295, 0.9633299708366394], "k_pid_vsp": [0.0, 400.0, 400.0]}, "datetime": {"datetime": "2025-08-21 12:06:53", "elapsed": 12129.737257242203, "delta": 22.79817223548889}, "costs": {"total_cost": 2186.752609973673, "time_cost": 150, "final_distance_cost": 142.7506528268825, "oscillation_cost": 375.93056563752634, "completition_cost": 1000.0, "overshoot_cost": 408.5610874656138, "power_cost": 27.136005981445315, "noise_cost": 82.37429806220504, "n_waypoints_completed": 0, "tot_waypoints": 9}}
{"target": -7825.639340510974, "params": {"k_pid_pos": [1.9924887418746948, 0.021990269422531128, 0.0], "k_pid_alt": [0.0, 0.08920922875404358, 1.0], "k_pid_att": [0.0, 9.464691162109375, 0.9329005479812622], "k_pid_yaw": [0.5, 1e-06, 0.1], "k_pid_hsp": [0.005039983429014683, 0.9800170660018921, 0.9516746997833252], "k_pid_vsp": [0.0, 400.0, 378.3328857421875]}, "datetime": {"datetime": "2025-08-21 12:07:16", "elapsed": 12152.479193925858, "delta": 22.741936683654785}, "costs": {"total_cost": 7825.639340510974, "time_cost": 150, "final_distance_cost": 1549.7692990699684, "oscillation_cost": 1277.2816310726448, "completition_cost": 1000.0, "overshoot_cost": 3719.646338295981, "power_cost": 32.165984924316405, "noise_cost": 96.77608714806314, "n_waypoints_completed": 0, "tot_waypoints": 9}}
