{"target": -3920.442528180933, "params": {"k_pid_pos": [1.9931389093399048, 0.005983978509902954, 0.006950259208679199], "k_pid_alt": [0.11578452587127686, 0.0, 0.9905423521995544], "k_pid_att": [0.0, 9.452567100524902, 0.9972139596939087], "k_pid_yaw": [0.5, 1e-06, 0.1], "k_pid_hsp": [9.999999747378752e-05, 0.9446132183074951, 1.0], "k_pid_vsp": [16.168487548828125, 400.0, 376.1296691894531]}, "datetime": {"datetime": "2025-08-21 15:08:59", "elapsed": 23056.4156165123, "delta": 22.534897565841675}, "costs": {"total_cost": 3920.442528180933, "time_cost": 150, "final_distance_cost": 250.90608590264276, "oscillation_cost": 1632.900099248919, "completition_cost": 1000.0, "overshoot_cost": 756.1925664791986, "power_cost": 32.43464171142578, "noise_cost": 98.00913483874731, "n_waypoints_completed": 0, "tot_waypoints": 9}}
{"target": -1684.0470177800157, "params": {"k_pid_pos": [2.0, 0.0, 0.0], "k_pid_alt": [0.072468101978302, 0.0, 1.0], "k_pid_att": [7.204654693603516, 9.984993934631348, 0.9974480271339417], "k_pid_yaw": [0.5, 1e-06, 0.1], "k_pid_hsp": [9.999999747378752e-05, 1.0, 1.0], "k_pid_vsp": [10.983562469482422, 400.0, 399.6707763671875]}, "datetime": {"datetime": "2025-08-21 15:09:23", "elapsed": 23079.981882572174, "delta": 23.56626605987549}, "costs": {"total_cost": 1684.0470177800157, "time_cost": 150, "final_distance_cost": 78.90003727765149, "oscillation_cost": 262.1834823668831, "completition_cost": 1000.0, "overshoot_cost": 139.3467530444892, "power_cost": 16.86033288574219, "noise_cost": 36.75641220524984, "n_waypoints_completed": 0, "tot_waypoints": 9}}
{"target": -1687.4305225043822, "params": {"k_pid_pos": [2.0, 0.009098857641220093, 0.018696069717407227], "k_pid_alt": [0.0, 0.0, 0.9680685997009277], "k_pid_att": [4.397192478179932, 9.733819961547852, 0.9436894059181213], "k_pid_yaw": [0.5, 1e-06, 0.1], "k_pid_hsp": [0.5628936290740967, 0.9350129961967468, 0.9784812927246094], "k_pid_vsp": [0.0, 400.0, 383.8930969238281]}, "datetime": {"datetime": "2025-08-21 15:09:46", "elapsed": 23103.433270454407, "delta": 23.451387882232666}, "costs": {"total_cost": 1687.4305225043822, "time_cost": 150, "final_distance_cost": 29.768031154096548, "oscillation_cost": 284.1509841498548, "completition_cost": 1000.0, "overshoot_cost": 156.28688791133035, "power_cost": 15.345904455566407, "noise_cost": 51.878714833534225, "n_waypoints_completed": 0, "tot_waypoints": 9}}
{"target": -9962.882492759289, "params": {"k_pid_pos": [2.0, 0.0, 0.0], "k_pid_alt": [0.0, 0.005332469940185547, 0.9800848960876465], "k_pid_att": [0.0, 9.343693733215332, 0.9593518972396851], "k_pid_yaw": [0.5, 1e-06, 0.1], "k_pid_hsp": [9.999999747378752e-05, 0.8812147378921509, 0.9443466663360596], "k_pid_vsp": [0.0, 400.0, 400.0]}, "datetime": {"datetime": "2025-08-21 15:10:10", "elapsed": 23127.30924963951, "delta": 23.87597918510437}, "costs": {"total_cost": 9962.882492759289, "time_cost": 150, "final_distance_cost": 3261.325482015712, "oscillation_cost": 1868.4218225960844, "completition_cost": 1000.0, "overshoot_cost": 3551.9513764786207, "power_cost": 32.64004396972656, "noise_cost": 98.54376769914651, "n_waypoints_completed": 0, "tot_waypoints": 9}}
{"target": -9025.50851759354, "params": {"k_pid_pos": [1.9120010137557983, 0.0, 0.021247953176498413], "k_pid_alt": [0.0, 0.0, 1.0], "k_pid_att": [0.0, 9.690505027770996, 0.9841958284378052], "k_pid_yaw": [0.5, 1e-06, 0.1], "k_pid_hsp": [9.999999747378752e-05, 0.9687260389328003, 1.0], "k_pid_vsp": [36.536766052246094, 400.0, 393.98602294921875]}, "datetime": {"datetime": "2025-08-21 15:10:34", "elapsed": 23150.492473840714, "delta": 23.183224201202393}, "costs": {"total_cost": 9025.50851759354, "time_cost": 150, "final_distance_cost": 2545.344856749426, "oscillation_cost": 617.4126853693493, "completition_cost": 1000.0, "overshoot_cost": 4634.570082336845, "power_cost": 14.40128826904297, "noise_cost": 63.779604868876945, "n_waypoints_completed": 0, "tot_waypoints": 9}}
{"target": -2079.465361322311, "params": {"k_pid_pos": [2.0, 0.0020731091499328613, 0.03275802731513977], "k_pid_alt": [0.0012624859809875488, 0.05011624097824097, 1.0], "k_pid_att": [2.4257988929748535, 9.149530410766602, 1.0], "k_pid_yaw": [0.5, 1e-06, 0.1], "k_pid_hsp": [0.5608614683151245, 1.0, 1.0], "k_pid_vsp": [0.0, 400.0, 394.97479248046875]}, "datetime": {"datetime": "2025-08-21 15:10:57", "elapsed": 23173.943736553192, "delta": 23.451262712478638}, "costs": {"total_cost": 2079.465361322311, "time_cost": 150, "final_distance_cost": 117.44332041629175, "oscillation_cost": 349.14107645446165, "completition_cost": 1000.0, "overshoot_cost": 388.53798801359693, "power_cost": 24.860611938476563, "noise_cost": 49.48236449948395, "n_waypoints_completed": 0, "tot_waypoints": 9}}
{"target": -2330.433200874982, "params": {"k_pid_pos": [1.9254823923110962, 0.0, 0.0], "k_pid_alt": [0.0, 0.026244908571243286, 0.9158990383148193], "k_pid_att": [0.9732604026794434, 9.88627815246582, 0.9632763862609863], "k_pid_yaw": [0.5, 1e-06, 0.1], "k_pid_hsp": [9.999999747378752e-05, 0.9257192015647888, 1.0], "k_pid_vsp": [0.0, 394.79180908203125, 400.0]}, "datetime": {"datetime": "2025-08-21 15:11:20", "elapsed": 23197.32789158821, "delta": 23.38415503501892}, "costs": {"total_cost": 2330.433200874982, "time_cost": 150, "final_distance_cost": 111.35050414574394, "oscillation_cost": 634.2298599874158, "completition_cost": 1000.0, "overshoot_cost": 314.3704881208876, "power_cost": 30.183396228027345, "noise_cost": 90.29895239290741, "n_waypoints_completed": 0, "tot_waypoints": 9}}
{"target": -6128.176782888786, "params": {"k_pid_pos": [1.9251799583435059, 0.0, 0.0], "k_pid_alt": [0.21110576391220093, 0.0, 0.9017669558525085], "k_pid_att": [0.0, 9.709654808044434, 0.9795581698417664], "k_pid_yaw": [0.5, 1e-06, 0.1], "k_pid_hsp": [0.2502593696117401, 0.9763671159744263, 1.0], "k_pid_vsp": [15.39926528930664, 400.0, 400.0]}, "datetime": {"datetime": "2025-08-21 15:11:43", "elapsed": 23220.40189218521, "delta": 23.074000597000122}, "costs": {"total_cost": 6128.176782888786, "time_cost": 150, "final_distance_cost": 921.3158279581003, "oscillation_cost": 2106.351448585345, "completition_cost": 1000.0, "overshoot_cost": 1814.8329922589953, "power_cost": 34.03935123291016, "noise_cost": 101.63716285343527, "n_waypoints_completed": 0, "tot_waypoints": 9}}
{"target": -1743.6506018008881, "params": {"k_pid_pos": [1.9297133684158325, 0.0, 0.0], "k_pid_alt": [0.0, 0.0, 0.9699913263320923], "k_pid_att": [3.9537816047668457, 10.0, 0.9100358486175537], "k_pid_yaw": [0.5, 1e-06, 0.1], "k_pid_hsp": [0.19154253602027893, 0.9325501918792725, 1.0], "k_pid_vsp": [0.0, 392.927490234375, 400.0]}, "datetime": {"datetime": "2025-08-21 15:12:06", "elapsed": 23242.540113449097, "delta": 22.138221263885498}, "costs": {"total_cost": 1743.6506018008881, "time_cost": 150, "final_distance_cost": 36.35612524416956, "oscillation_cost": 297.3825329100712, "completition_cost": 1000.0, "overshoot_cost": 188.01343125213106, "power_cost": 12.929875512695313, "noise_cost": 58.96863688182087, "n_waypoints_completed": 0, "tot_waypoints": 9}}
{"target": -3279.409487703907, "params": {"k_pid_pos": [2.0, 0.0, 0.0], "k_pid_alt": [0.04184812307357788, 0.08563622832298279, 0.9472875595092773], "k_pid_att": [0.0, 9.536443710327148, 0.9983662366867065], "k_pid_yaw": [0.5, 1e-06, 0.1], "k_pid_hsp": [0.13597160577774048, 0.9969494938850403, 1.0], "k_pid_vsp": [0.0, 400.0, 366.9070129394531]}, "datetime": {"datetime": "2025-08-21 15:12:29", "elapsed": 23265.621220350266, "delta": 23.081106901168823}, "costs": {"total_cost": 3279.409487703907, "time_cost": 150, "final_distance_cost": 260.43594839782776, "oscillation_cost": 1140.2673631769496, "completition_cost": 1000.0, "overshoot_cost": 600.9987415947181, "power_cost": 31.680656945800784, "noise_cost": 96.026777588611, "n_waypoints_completed": 0, "tot_waypoints": 9}}
{"target": -20615.43130343379, "params": {"k_pid_pos": [2.0, 0.028174787759780884, 0.0], "k_pid_alt": [0.0, 0.0, 0.9350573420524597], "k_pid_att": [0.0, 9.837583541870117, 1.0], "k_pid_yaw": [0.5, 1e-06, 0.1], "k_pid_hsp": [0.2616574466228485, 0.9575534462928772, 0.994383692741394], "k_pid_vsp": [0.0, 400.0, 400.0]}, "datetime": {"datetime": "2025-08-21 15:12:52", "elapsed": 23288.65376520157, "delta": 23.0325448513031}, "costs": {"total_cost": 20615.43130343379, "time_cost": 150, "final_distance_cost": 6351.894117294134, "oscillation_cost": 2132.915881611928, "completition_cost": 1000.0, "overshoot_cost": 10853.123015435196, "power_cost": 30.36192469482422, "noise_cost": 97.13636439770717, "n_waypoints_completed": 0, "tot_waypoints": 9}}
{"target": -9672.124988281452, "params": {"k_pid_pos": [2.0, 0.0, 0.006432682275772095], "k_pid_alt": [0.03395950794219971, 0.017641693353652954, 0.9963318705558777], "k_pid_att": [0.0, 9.272134780883789, 1.0], "k_pid_yaw": [0.5, 1e-06, 0.1], "k_pid_hsp": [9.999999747378752e-05, 0.9590458869934082, 0.8684484958648682], "k_pid_vsp": [42.06767272949219, 383.9034118652344, 400.0]}, "datetime": {"datetime": "2025-08-21 15:13:15", "elapsed": 23312.45713853836, "delta": 23.803373336791992}, "costs": {"total_cost": 9672.124988281452, "time_cost": 150, "final_distance_cost": 2072.813148872805, "oscillation_cost": 1504.6242462947196, "completition_cost": 1000.0, "overshoot_cost": 4817.705526765172, "power_cost": 31.485481713867188, "noise_cost": 95.49658463488788, "n_waypoints_completed": 0, "tot_waypoints": 9}}
{"target": -1706.9441637428042, "params": {"k_pid_pos": [1.8547762632369995, 0.0, 0.014366120100021362], "k_pid_alt": [0.0, 0.02683466672897339, 0.9344160556793213], "k_pid_att": [4.78948974609375, 10.0, 0.9738006591796875], "k_pid_yaw": [0.5, 1e-06, 0.1], "k_pid_hsp": [0.3221713602542877, 1.0, 1.0], "k_pid_vsp": [0.0, 389.7342529296875, 400.0]}, "datetime": {"datetime": "2025-08-21 15:13:39", "elapsed": 23335.532262802124, "delta": 23.075124263763428}, "costs": {"total_cost": 1706.9441637428042, "time_cost": 150, "final_distance_cost": 2.717223517428082, "oscillation_cost": 326.8702263273783, "completition_cost": 1000.0, "overshoot_cost": 136.00798610231965, "power_cost": 22.251364953613283, "noise_cost": 69.09736284206468, "n_waypoints_completed": 0, "tot_waypoints": 9}}
{"target": -1685.0649483576144, "params": {"k_pid_pos": [1.9666085243225098, 0.09035688638687134, 0.0], "k_pid_alt": [0.0, 0.0, 1.0], "k_pid_att": [5.7301225662231445, 10.0, 1.0], "k_pid_yaw": [0.5, 1e-06, 0.1], "k_pid_hsp": [9.999999747378752e-05, 1.0, 1.0], "k_pid_vsp": [0.0, 382.1224365234375, 400.0]}, "datetime": {"datetime": "2025-08-21 15:14:02", "elapsed": 23359.37126493454, "delta": 23.83900213241577}, "costs": {"total_cost": 1685.0649483576144, "time_cost": 150, "final_distance_cost": 32.21120819597463, "oscillation_cost": 276.15166644994804, "completition_cost": 1000.0, "overshoot_cost": 162.52827716959814, "power_cost": 17.2066458984375, "noise_cost": 46.96715064365611, "n_waypoints_completed": 0, "tot_waypoints": 9}}
{"target": -2039.8498762893432, "params": {"k_pid_pos": [1.9291749000549316, 0.00036147236824035645, 0.0], "k_pid_alt": [0.0, 0.0, 1.0], "k_pid_att": [2.4179935455322266, 10.0, 0.8741071224212646], "k_pid_yaw": [0.5, 1e-06, 0.1], "k_pid_hsp": [9.999999747378752e-05, 1.0, 1.0], "k_pid_vsp": [0.0, 377.22564697265625, 400.0]}, "datetime": {"datetime": "2025-08-21 15:14:26", "elapsed": 23382.843903541565, "delta": 23.472638607025146}, "costs": {"total_cost": 2039.8498762893432, "time_cost": 150, "final_distance_cost": 106.55949843782737, "oscillation_cost": 382.102436571719, "completition_cost": 1000.0, "overshoot_cost": 320.85325785238024, "power_cost": 15.29222108154297, "noise_cost": 65.04246234587357, "n_waypoints_completed": 0, "tot_waypoints": 9}}
{"target": -5032.290482915308, "params": {"k_pid_pos": [2.0, 0.0, 0.0], "k_pid_alt": [0.03365182876586914, 0.0, 0.9823063015937805], "k_pid_att": [0.0, 10.0, 0.9946869611740112], "k_pid_yaw": [0.5, 1e-06, 0.1], "k_pid_hsp": [0.2379883974790573, 1.0, 1.0], "k_pid_vsp": [2.26285457611084, 370.49102783203125, 400.0]}, "datetime": {"datetime": "2025-08-21 15:14:49", "elapsed": 23405.651501893997, "delta": 22.80759835243225}, "costs": {"total_cost": 5032.290482915308, "time_cost": 150, "final_distance_cost": 673.595746502801, "oscillation_cost": 1564.795557343186, "completition_cost": 1000.0, "overshoot_cost": 1513.5352208651632, "power_cost": 32.463659948730474, "noise_cost": 97.90029825542757, "n_waypoints_completed": 0, "tot_waypoints": 9}}
{"target": -1671.060985790071, "params": {"k_pid_pos": [1.9816724061965942, 0.03146487474441528, 0.05634644627571106], "k_pid_alt": [0.0, 0.004658490419387817, 0.954258918762207], "k_pid_att": [4.459124565124512, 9.709471702575684, 1.0], "k_pid_yaw": [0.5, 1e-06, 0.1], "k_pid_hsp": [9.999999747378752e-05, 1.0, 1.0], "k_pid_vsp": [0.0, 383.0155334472656, 399.40777587890625]}, "datetime": {"datetime": "2025-08-21 15:15:12", "elapsed": 23428.783241033554, "delta": 23.131739139556885}, "costs": {"total_cost": 1671.060985790071, "time_cost": 150, "final_distance_cost": 6.066985293576953, "oscillation_cost": 315.22730073227933, "completition_cost": 1000.0, "overshoot_cost": 130.66658642148127, "power_cost": 20.602745166015627, "noise_cost": 48.4973681767178, "n_waypoints_completed": 0, "tot_waypoints": 9}}
{"target": -3791.2005417620553, "params": {"k_pid_pos": [1.924733281135559, 0.0, 0.003132551908493042], "k_pid_alt": [0.0, 0.06228408217430115, 1.0], "k_pid_att": [0.0, 10.0, 0.9533654451370239], "k_pid_yaw": [0.5, 1e-06, 0.1], "k_pid_hsp": [9.999999747378752e-05, 0.9955610036849976, 1.0], "k_pid_vsp": [0.0, 378.84124755859375, 385.3313903808594]}, "datetime": {"datetime": "2025-08-21 15:15:35", "elapsed": 23452.345794439316, "delta": 23.56255340576172}, "costs": {"total_cost": 3791.2005417620553, "time_cost": 150, "final_distance_cost": 313.77065530503376, "oscillation_cost": 1221.6646429017578, "completition_cost": 1000.0, "overshoot_cost": 979.1788654201243, "power_cost": 31.35280045166016, "noise_cost": 95.23357768347941, "n_waypoints_completed": 0, "tot_waypoints": 9}}
{"target": -2208.9895655093933, "params": {"k_pid_pos": [1.9497601985931396, 0.0, 0.058576226234436035], "k_pid_alt": [0.016849637031555176, 0.0, 1.0], "k_pid_att": [8.11947250366211, 9.225513458251953, 1.0], "k_pid_yaw": [0.5, 1e-06, 0.1], "k_pid_hsp": [0.041565943509340286, 1.0, 1.0], "k_pid_vsp": [34.4538688659668, 400.0, 352.60711669921875]}, "datetime": {"datetime": "2025-08-21 15:15:58", "elapsed": 23475.320823669434, "delta": 22.975029230117798}, "costs": {"total_cost": 2208.9895655093933, "time_cost": 150, "final_distance_cost": 457.27815809921003, "oscillation_cost": 131.07328743344152, "completition_cost": 1000.0, "overshoot_cost": 437.3061952335665, "power_cost": 18.504181994628908, "noise_cost": 14.82774274854654, "n_waypoints_completed": 0, "tot_waypoints": 9}}
{"target": -7309.589184749433, "params": {"k_pid_pos": [2.0, 0.046466320753097534, 0.0], "k_pid_alt": [0.0, 0.0013239085674285889, 0.9290140271186829], "k_pid_att": [0.0, 10.0, 1.0], "k_pid_yaw": [0.5, 1e-06, 0.1], "k_pid_hsp": [9.999999747378752e-05, 0.9633400440216064, 0.9443925619125366], "k_pid_vsp": [0.0, 377.9068908691406, 395.4824523925781]}, "datetime": {"datetime": "2025-08-21 15:16:22", "elapsed": 23498.696565151215, "delta": 23.375741481781006}, "costs": {"total_cost": 7309.589184749433, "time_cost": 150, "final_distance_cost": 1444.291659628442, "oscillation_cost": 2054.0833872665276, "completition_cost": 1000.0, "overshoot_cost": 2529.1193989040516, "power_cost": 33.128971215820314, "noise_cost": 98.96576773459188, "n_waypoints_completed": 0, "tot_waypoints": 9}}
{"target": -3930.7854360794004, "params": {"k_pid_pos": [1.9139533042907715, 0.0, 0.0], "k_pid_alt": [0.0, 0.012022405862808228, 0.9987204670906067], "k_pid_att": [0.0, 10.0, 0.9991000294685364], "k_pid_yaw": [0.5, 1e-06, 0.1], "k_pid_hsp": [1.3112484216690063, 0.9901260733604431, 1.0], "k_pid_vsp": [2.3553967475891113, 400.0, 387.62701416015625]}, "datetime": {"datetime": "2025-08-21 15:16:45", "elapsed": 23522.084431171417, "delta": 23.387866020202637}, "costs": {"total_cost": 3930.7854360794004, "time_cost": 150, "final_distance_cost": 485.81335604269594, "oscillation_cost": 1222.6138750537586, "completition_cost": 1000.0, "overshoot_cost": 947.1190935844301, "power_cost": 30.98236597900391, "noise_cost": 94.256745419512, "n_waypoints_completed": 0, "tot_waypoints": 9}}
{"target": -6697.7074034999605, "params": {"k_pid_pos": [2.0, 0.10740527510643005, 0.0], "k_pid_alt": [0.0, 0.007168889045715332, 1.0], "k_pid_att": [0.0, 9.701031684875488, 0.9599630236625671], "k_pid_yaw": [0.5, 1e-06, 0.1], "k_pid_hsp": [9.999999747378752e-05, 0.9693396687507629, 1.0], "k_pid_vsp": [0.0, 400.0, 400.0]}, "datetime": {"datetime": "2025-08-21 15:17:08", "elapsed": 23545.279866218567, "delta": 23.195435047149658}, "costs": {"total_cost": 6697.7074034999605, "time_cost": 150, "final_distance_cost": 1196.4706020024685, "oscillation_cost": 1659.7106577255443, "completition_cost": 1000.0, "overshoot_cost": 2558.4142081001055, "power_cost": 33.25305603027344, "noise_cost": 99.85887964156989, "n_waypoints_completed": 0, "tot_waypoints": 9}}
{"target": -8217.930616738005, "params": {"k_pid_pos": [1.8703398704528809, 0.0, 0.04593503475189209], "k_pid_alt": [0.10665541887283325, 0.04592522978782654, 1.0], "k_pid_att": [0.0, 9.982640266418457, 1.0], "k_pid_yaw": [0.5, 1e-06, 0.1], "k_pid_hsp": [0.34634914994239807, 0.980659008026123, 0.926720142364502], "k_pid_vsp": [0.0, 400.0, 400.0]}, "datetime": {"datetime": "2025-08-21 15:17:32", "elapsed": 23568.53734087944, "delta": 23.257474660873413}, "costs": {"total_cost": 8217.930616738005, "time_cost": 150, "final_distance_cost": 2862.47054783764, "oscillation_cost": 1633.950084871678, "completition_cost": 1000.0, "overshoot_cost": 2438.99785564289, "power_cost": 33.14138471679688, "noise_cost": 99.37074366900026, "n_waypoints_completed": 0, "tot_waypoints": 9}}
{"target": -12217.42561165384, "params": {"k_pid_pos": [2.0, 0.0, 0.014546751976013184], "k_pid_alt": [0.0, 0.0, 0.9768644571304321], "k_pid_att": [0.17029047012329102, 10.0, 1.0], "k_pid_yaw": [0.5, 1e-06, 0.1], "k_pid_hsp": [9.999999747378752e-05, 1.0, 0.987515926361084], "k_pid_vsp": [28.39696502685547, 392.3264465332031, 400.0]}, "datetime": {"datetime": "2025-08-21 15:17:54", "elapsed": 23591.311885118484, "delta": 22.77454423904419}, "costs": {"total_cost": 12217.42561165384, "time_cost": 150, "final_distance_cost": 4428.81109079589, "oscillation_cost": 1611.1996971724852, "completition_cost": 1000.0, "overshoot_cost": 4914.457631146486, "power_cost": 26.25183072509766, "noise_cost": 86.70536181388141, "n_waypoints_completed": 0, "tot_waypoints": 9}}
{"target": -10618.26246225652, "params": {"k_pid_pos": [2.0, 0.002051323652267456, 0.0], "k_pid_alt": [0.09500551223754883, 0.0, 1.0], "k_pid_att": [0.0, 10.0, 0.9573099613189697], "k_pid_yaw": [0.5, 1e-06, 0.1], "k_pid_hsp": [9.999999747378752e-05, 1.0, 0.9740216732025146], "k_pid_vsp": [24.97429847717285, 400.0, 393.0006408691406]}, "datetime": {"datetime": "2025-08-21 15:18:19", "elapsed": 23615.560809135437, "delta": 24.248924016952515}, "costs": {"total_cost": 10618.26246225652, "time_cost": 150, "final_distance_cost": 2956.751347869553, "oscillation_cost": 1745.3352834810796, "completition_cost": 1000.0, "overshoot_cost": 4631.557356687551, "power_cost": 33.623192578125, "noise_cost": 100.99528164021095, "n_waypoints_completed": 0, "tot_waypoints": 9}}
{"target": -20652.54370235109, "params": {"k_pid_pos": [1.8805046081542969, 0.0, 0.02428978681564331], "k_pid_alt": [0.0, 0.0986270010471344, 0.9482134580612183], "k_pid_att": [0.0, 10.0, 1.0], "k_pid_yaw": [0.5, 1e-06, 0.1], "k_pid_hsp": [0.4916277527809143, 0.9855741858482361, 0.9886598587036133], "k_pid_vsp": [5.027425289154053, 400.0, 400.0]}, "datetime": {"datetime": "2025-08-21 15:18:42", "elapsed": 23638.719684123993, "delta": 23.158874988555908}, "costs": {"total_cost": 20652.54370235109, "time_cost": 150, "final_distance_cost": 6641.566638357883, "oscillation_cost": 2029.1849514483424, "completition_cost": 1000.0, "overshoot_cost": 10694.950370588995, "power_cost": 34.43697521972656, "noise_cost": 102.40476673614239, "n_waypoints_completed": 0, "tot_waypoints": 9}}
{"target": -9180.97780119224, "params": {"k_pid_pos": [2.0, 0.0, 0.04749882221221924], "k_pid_alt": [0.11329591274261475, 0.041214585304260254, 0.9364959001541138], "k_pid_att": [0.0, 9.995511054992676, 0.9972049593925476], "k_pid_yaw": [0.5, 1e-06, 0.1], "k_pid_hsp": [9.999999747378752e-05, 0.9258596301078796, 0.9622647166252136], "k_pid_vsp": [1.810133457183838, 374.4681701660156, 400.0]}, "datetime": {"datetime": "2025-08-21 15:19:05", "elapsed": 23662.14978337288, "delta": 23.43009924888611}, "costs": {"total_cost": 9180.97780119224, "time_cost": 150, "final_distance_cost": 1768.4605291908315, "oscillation_cost": 1958.8414860063365, "completition_cost": 1000.0, "overshoot_cost": 4166.723624378709, "power_cost": 34.61299434814453, "noise_cost": 102.33916726821928, "n_waypoints_completed": 0, "tot_waypoints": 9}}
{"target": -10639.669715081898, "params": {"k_pid_pos": [1.9566013813018799, 0.013379484415054321, 0.0], "k_pid_alt": [0.0, 0.03877505660057068, 1.0], "k_pid_att": [0.0, 9.019920349121094, 1.0], "k_pid_yaw": [0.5, 1e-06, 0.1], "k_pid_hsp": [0.7388775944709778, 0.9998103976249695, 1.0], "k_pid_vsp": [0.0, 400.0, 400.0]}, "datetime": {"datetime": "2025-08-21 15:19:29", "elapsed": 23685.568546533585, "delta": 23.418763160705566}, "costs": {"total_cost": 10639.669715081898, "time_cost": 150, "final_distance_cost": 3914.6628564047087, "oscillation_cost": 1334.5235977600128, "completition_cost": 1000.0, "overshoot_cost": 4106.990554354839, "power_cost": 33.293002941894535, "noise_cost": 100.19970362044329, "n_waypoints_completed": 0, "tot_waypoints": 9}}
