{"target": -2150.5479876160293, "params": {"k_pid_pos": [1.9335808753967285, 0.014149904251098633, 0.0], "k_pid_alt": [0.0, 0.056277453899383545, 1.0], "k_pid_att": [1.1453449726104736, 10.0, 1.0], "k_pid_yaw": [0.5, 1e-06, 0.1], "k_pid_hsp": [0.59429931640625, 1.0, 0.9885679483413696], "k_pid_vsp": [0.0, 400.0, 400.0]}, "datetime": {"datetime": "2025-08-21 20:17:02", "elapsed": 41539.43964290619, "delta": 23.177292585372925}, "costs": {"total_cost": 2150.5479876160293, "time_cost": 150, "final_distance_cost": 17.2649975352858, "oscillation_cost": 668.723444920873, "completition_cost": 1000.0, "overshoot_cost": 193.07656807666547, "power_cost": 30.3763904296875, "noise_cost": 91.10658665351787, "n_waypoints_completed": 0, "tot_waypoints": 9}}
{"target": -5990.509769783041, "params": {"k_pid_pos": [1.8556605577468872, 0.06520235538482666, 0.036124855279922485], "k_pid_alt": [0.1173592209815979, 0.02707841992378235, 1.0], "k_pid_att": [0.0, 10.0, 0.9787581562995911], "k_pid_yaw": [0.5, 1e-06, 0.1], "k_pid_hsp": [9.999999747378752e-05, 1.0, 0.9916175007820129], "k_pid_vsp": [15.759265899658203, 400.0, 400.0]}, "datetime": {"datetime": "2025-08-21 20:17:27", "elapsed": 41564.143855810165, "delta": 24.70421290397644}, "costs": {"total_cost": 5990.509769783041, "time_cost": 150, "final_distance_cost": 963.0000964642868, "oscillation_cost": 2152.0406803410265, "completition_cost": 1000.0, "overshoot_cost": 1591.1482677494432, "power_cost": 33.500184204101565, "noise_cost": 100.82054102418171, "n_waypoints_completed": 0, "tot_waypoints": 9}}
{"target": -1646.6393895204053, "params": {"k_pid_pos": [1.883347988128662, 0.0495033860206604, 0.021092116832733154], "k_pid_alt": [0.0, 0.0, 0.9885157346725464], "k_pid_att": [6.613180160522461, 10.0, 0.9671854972839355], "k_pid_yaw": [0.5, 1e-06, 0.1], "k_pid_hsp": [0.17685818672180176, 0.980568528175354, 1.0], "k_pid_vsp": [0.0, 358.640869140625, 389.12005615234375]}, "datetime": {"datetime": "2025-08-21 20:17:50", "elapsed": 41587.042775154114, "delta": 22.898919343948364}, "costs": {"total_cost": 1646.6393895204053, "time_cost": 150, "final_distance_cost": 2.2448213964236707, "oscillation_cost": 291.1692344417356, "completition_cost": 1000.0, "overshoot_cost": 137.16158506366145, "power_cost": 17.533170080566407, "noise_cost": 48.53057853801816, "n_waypoints_completed": 0, "tot_waypoints": 9}}
{"target": -2916.624289296358, "params": {"k_pid_pos": [2.0, 0.0, 0.002152353525161743], "k_pid_alt": [0.021024227142333984, 0.023319989442825317, 0.9597315788269043], "k_pid_att": [0.0, 10.0, 1.0], "k_pid_yaw": [0.5, 1e-06, 0.1], "k_pid_hsp": [0.4686658978462219, 1.0, 0.973016619682312], "k_pid_vsp": [0.0, 393.5355224609375, 391.1120910644531]}, "datetime": {"datetime": "2025-08-21 20:18:15", "elapsed": 41611.696613788605, "delta": 24.653838634490967}, "costs": {"total_cost": 2916.624289296358, "time_cost": 150, "final_distance_cost": 264.969039101394, "oscillation_cost": 833.3310822353549, "completition_cost": 1000.0, "overshoot_cost": 540.6961960645503, "power_cost": 31.649858996582033, "noise_cost": 95.9781128984762, "n_waypoints_completed": 0, "tot_waypoints": 9}}
{"target": -8363.062009901, "params": {"k_pid_pos": [1.979745626449585, 0.005968362092971802, 0.05741575360298157], "k_pid_alt": [0.0, 0.02622857689857483, 0.962212085723877], "k_pid_att": [0.0, 9.479157447814941, 0.8963763117790222], "k_pid_yaw": [0.5, 1e-06, 0.1], "k_pid_hsp": [0.9227256774902344, 0.9542588591575623, 1.0], "k_pid_vsp": [9.571493148803711, 342.0252685546875, 397.9606628417969]}, "datetime": {"datetime": "2025-08-21 20:18:41", "elapsed": 41637.97963619232, "delta": 26.28302240371704}, "costs": {"total_cost": 8363.062009901, "time_cost": 150, "final_distance_cost": 2466.633715342983, "oscillation_cost": 664.1600686195992, "completition_cost": 1000.0, "overshoot_cost": 3964.069631763041, "power_cost": 29.530759411621094, "noise_cost": 88.66783476375534, "n_waypoints_completed": 0, "tot_waypoints": 9}}
{"target": -7133.164791071889, "params": {"k_pid_pos": [1.8122085332870483, 0.057666659355163574, 0.0], "k_pid_alt": [0.038108229637145996, 0.0, 1.0], "k_pid_att": [0.0, 10.0, 1.0], "k_pid_yaw": [0.5, 1e-06, 0.1], "k_pid_hsp": [0.16161027550697327, 1.0, 0.9945075511932373], "k_pid_vsp": [0.0, 379.3252868652344, 400.0]}, "datetime": {"datetime": "2025-08-21 20:19:05", "elapsed": 41661.61941242218, "delta": 23.6397762298584}, "costs": {"total_cost": 7133.164791071889, "time_cost": 150, "final_distance_cost": 1854.1210517033107, "oscillation_cost": 671.3412079505762, "completition_cost": 1000.0, "overshoot_cost": 3334.6832065254143, "power_cost": 30.826871118164064, "noise_cost": 92.19245377442392, "n_waypoints_completed": 0, "tot_waypoints": 9}}
{"target": -3391.591104172966, "params": {"k_pid_pos": [1.9295825958251953, 0.0, 0.012654304504394531], "k_pid_alt": [0.0, 0.0, 1.0], "k_pid_att": [0.0, 10.0, 0.9783756732940674], "k_pid_yaw": [0.5, 1e-06, 0.1], "k_pid_hsp": [0.15862709283828735, 0.9433330297470093, 1.0], "k_pid_vsp": [0.0, 394.31414794921875, 400.0]}, "datetime": {"datetime": "2025-08-21 20:19:30", "elapsed": 41687.21960902214, "delta": 25.600196599960327}, "costs": {"total_cost": 3391.591104172966, "time_cost": 150, "final_distance_cost": 358.280330481487, "oscillation_cost": 1206.033095580002, "completition_cost": 1000.0, "overshoot_cost": 572.5900652904286, "power_cost": 22.91082996826172, "noise_cost": 81.77678285278719, "n_waypoints_completed": 0, "tot_waypoints": 9}}
{"target": -18929.339429013053, "params": {"k_pid_pos": [2.0, 0.014100372791290283, 0.0], "k_pid_alt": [0.0, 0.0, 1.0], "k_pid_att": [0.0, 9.357422828674316, 1.0], "k_pid_yaw": [0.5, 1e-06, 0.1], "k_pid_hsp": [0.41337209939956665, 1.0, 0.9081765413284302], "k_pid_vsp": [19.904029846191406, 372.4058837890625, 378.92034912109375]}, "datetime": {"datetime": "2025-08-21 20:19:55", "elapsed": 41711.54426264763, "delta": 24.32465362548828}, "costs": {"total_cost": 18929.339429013053, "time_cost": 150, "final_distance_cost": 5919.15863210446, "oscillation_cost": 2089.18405866634, "completition_cost": 1000.0, "overshoot_cost": 9644.284082087934, "power_cost": 30.23968270263672, "noise_cost": 96.47297345168447, "n_waypoints_completed": 0, "tot_waypoints": 9}}
{"target": -10785.232866540775, "params": {"k_pid_pos": [1.8536834716796875, 0.04331699013710022, 0.11154666543006897], "k_pid_alt": [0.10434937477111816, 0.0, 1.0], "k_pid_att": [0.0, 9.756906509399414, 0.9365115165710449], "k_pid_yaw": [0.5, 1e-06, 0.1], "k_pid_hsp": [9.999999747378752e-05, 1.0, 1.0], "k_pid_vsp": [7.534003257751465, 400.0, 387.1711730957031]}, "datetime": {"datetime": "2025-08-21 20:20:18", "elapsed": 41734.73673200607, "delta": 23.192469358444214}, "costs": {"total_cost": 10785.232866540775, "time_cost": 150, "final_distance_cost": 3422.5956625841986, "oscillation_cost": 2072.6677858019652, "completition_cost": 1000.0, "overshoot_cost": 4002.477932628785, "power_cost": 34.702488500976564, "noise_cost": 102.7889970248505, "n_waypoints_completed": 0, "tot_waypoints": 9}}
{"target": -8952.13569000375, "params": {"k_pid_pos": [2.0, 0.014693528413772583, 0.0], "k_pid_alt": [0.0, 0.05387192964553833, 0.8816179037094116], "k_pid_att": [0.0, 10.0, 0.9765724539756775], "k_pid_yaw": [0.5, 1e-06, 0.1], "k_pid_hsp": [0.31874144077301025, 1.0, 0.982356607913971], "k_pid_vsp": [12.766122817993164, 379.9312744140625, 400.0]}, "datetime": {"datetime": "2025-08-21 20:20:43", "elapsed": 41759.497420072556, "delta": 24.760688066482544}, "costs": {"total_cost": 8952.13569000375, "time_cost": 150, "final_distance_cost": 2073.7652681462796, "oscillation_cost": 2259.36877722338, "completition_cost": 1000.0, "overshoot_cost": 3347.977813151129, "power_cost": 29.13638580322266, "noise_cost": 91.88744567974044, "n_waypoints_completed": 0, "tot_waypoints": 9}}
{"target": -4148.183719892295, "params": {"k_pid_pos": [1.943894386291504, 0.0, 0.0], "k_pid_alt": [0.1953725814819336, 0.01076766848564148, 0.9207701683044434], "k_pid_att": [0.0, 9.830676078796387, 0.963718056678772], "k_pid_yaw": [0.5, 1e-06, 0.1], "k_pid_hsp": [0.41499125957489014, 1.0, 0.9882797598838806], "k_pid_vsp": [2.184569835662842, 382.56634521484375, 388.3777770996094]}, "datetime": {"datetime": "2025-08-21 20:21:06", "elapsed": 41783.03326463699, "delta": 23.535844564437866}, "costs": {"total_cost": 4148.183719892295, "time_cost": 150, "final_distance_cost": 505.87344653946855, "oscillation_cost": 1362.4522035953821, "completition_cost": 1000.0, "overshoot_cost": 1002.2702174984313, "power_cost": 31.485538476562503, "noise_cost": 96.10231378245025, "n_waypoints_completed": 0, "tot_waypoints": 9}}
{"target": -4168.108255642665, "params": {"k_pid_pos": [2.0, 0.0, 0.0], "k_pid_alt": [0.03816521167755127, 0.0, 1.0], "k_pid_att": [0.0, 9.83063793182373, 1.0], "k_pid_yaw": [0.5, 1e-06, 0.1], "k_pid_hsp": [9.999999747378752e-05, 0.9481768608093262, 0.9570706486701965], "k_pid_vsp": [15.232574462890625, 400.0, 387.25341796875]}, "datetime": {"datetime": "2025-08-21 20:21:32", "elapsed": 41809.41303610802, "delta": 26.37977147102356}, "costs": {"total_cost": 4168.108255642665, "time_cost": 150, "final_distance_cost": 391.4652803967271, "oscillation_cost": 1355.2782327280984, "completition_cost": 1000.0, "overshoot_cost": 1145.116010476594, "power_cost": 31.213820349121097, "noise_cost": 95.0349116921246, "n_waypoints_completed": 0, "tot_waypoints": 9}}
{"target": -3567.725114996194, "params": {"k_pid_pos": [1.9021645784378052, 0.0, 0.0], "k_pid_alt": [0.05599701404571533, 0.08798331022262573, 0.9518176913261414], "k_pid_att": [0.0, 9.49183177947998, 1.0], "k_pid_yaw": [0.5, 1e-06, 0.1], "k_pid_hsp": [9.999999747378752e-05, 1.0, 0.9568741917610168], "k_pid_vsp": [13.418519973754883, 380.4515380859375, 382.1314392089844]}, "datetime": {"datetime": "2025-08-21 20:21:55", "elapsed": 41832.11661505699, "delta": 22.70357894897461}, "costs": {"total_cost": 3567.725114996194, "time_cost": 150, "final_distance_cost": 210.09323320724323, "oscillation_cost": 1312.3944405885863, "completition_cost": 1000.0, "overshoot_cost": 769.9551855008065, "power_cost": 30.906155786132814, "noise_cost": 94.37609991342535, "n_waypoints_completed": 0, "tot_waypoints": 9}}
{"target": -6032.009679851175, "params": {"k_pid_pos": [2.0, 0.0353986918926239, 0.05054473876953125], "k_pid_alt": [0.06922900676727295, 0.0, 0.9839584231376648], "k_pid_att": [0.0, 10.0, 1.0], "k_pid_yaw": [0.5, 1e-06, 0.1], "k_pid_hsp": [0.4326963424682617, 0.9831302165985107, 1.0], "k_pid_vsp": [5.05601167678833, 400.0, 400.0]}, "datetime": {"datetime": "2025-08-21 20:22:21", "elapsed": 41858.38968992233, "delta": 26.273074865341187}, "costs": {"total_cost": 6032.009679851175, "time_cost": 150, "final_distance_cost": 1150.2892821334078, "oscillation_cost": 1959.3287653669584, "completition_cost": 1000.0, "overshoot_cost": 1642.0243034093269, "power_cost": 32.252658752441405, "noise_cost": 98.11467018903986, "n_waypoints_completed": 0, "tot_waypoints": 9}}
{"target": -1594.9845237076042, "params": {"k_pid_pos": [2.0, 0.0, 0.0], "k_pid_alt": [0.135442852973938, 0.04148361086845398, 0.9910506010055542], "k_pid_att": [3.5962820053100586, 10.0, 0.9303032159805298], "k_pid_yaw": [0.5, 1e-06, 0.1], "k_pid_hsp": [0.8861743807792664, 1.0, 0.9894901514053345], "k_pid_vsp": [0.0, 400.0, 400.0]}, "datetime": {"datetime": "2025-08-21 20:22:44", "elapsed": 41880.85811972618, "delta": 22.468429803848267}, "costs": {"total_cost": 1594.9845237076042, "time_cost": 150, "final_distance_cost": 56.19747636213839, "oscillation_cost": 334.1039705142807, "completition_cost": 888.8888888888888, "overshoot_cost": 92.2873135206971, "power_cost": 26.20041875, "noise_cost": 47.3064556715994, "n_waypoints_completed": 1, "tot_waypoints": 9}}
{"target": -8199.358356010789, "params": {"k_pid_pos": [2.0, 0.05140182375907898, 0.02658352255821228], "k_pid_alt": [0.09116339683532715, 0.0, 0.9934355020523071], "k_pid_att": [0.0, 10.0, 0.9664847254753113], "k_pid_yaw": [0.5, 1e-06, 0.1], "k_pid_hsp": [9.999999747378752e-05, 0.9617480039596558, 1.0], "k_pid_vsp": [0.0, 400.0, 386.86419677734375]}, "datetime": {"datetime": "2025-08-21 20:23:09", "elapsed": 41905.49257707596, "delta": 24.63445734977722}, "costs": {"total_cost": 8199.358356010789, "time_cost": 150, "final_distance_cost": 2581.7659310570575, "oscillation_cost": 1871.045122840416, "completition_cost": 1000.0, "overshoot_cost": 2463.6343223996887, "power_cost": 33.22644449462891, "noise_cost": 99.68653521899861, "n_waypoints_completed": 0, "tot_waypoints": 9}}
{"target": -3471.4843694405604, "params": {"k_pid_pos": [1.8475435972213745, 0.10851645469665527, 0.09962165355682373], "k_pid_alt": [0.0, 0.0, 1.0], "k_pid_att": [7.993227005004883, 10.0, 0.9702483415603638], "k_pid_yaw": [0.5, 1e-06, 0.1], "k_pid_hsp": [9.999999747378752e-05, 1.0, 0.9908872842788696], "k_pid_vsp": [4.096055030822754, 346.68951416015625, 381.8160095214844]}, "datetime": {"datetime": "2025-08-21 20:23:33", "elapsed": 41930.3727107048, "delta": 24.880133628845215}, "costs": {"total_cost": 3471.4843694405604, "time_cost": 150, "final_distance_cost": 911.5768730100958, "oscillation_cost": 148.86551181797384, "completition_cost": 1000.0, "overshoot_cost": 1222.7006600768323, "power_cost": 21.53979091796875, "noise_cost": 16.801533617689945, "n_waypoints_completed": 0, "tot_waypoints": 9}}
{"target": -2554.9189014548692, "params": {"k_pid_pos": [2.0, 8.016824722290039e-05, 0.0], "k_pid_alt": [0.0, 0.0009623467922210693, 1.0], "k_pid_att": [4.280698299407959, 10.0, 0.9917751550674438], "k_pid_yaw": [0.5, 1e-06, 0.1], "k_pid_hsp": [9.999999747378752e-05, 0.9751502275466919, 1.0], "k_pid_vsp": [11.031829833984375, 400.0, 400.0]}, "datetime": {"datetime": "2025-08-21 20:23:57", "elapsed": 41954.160171985626, "delta": 23.787461280822754}, "costs": {"total_cost": 2554.9189014548692, "time_cost": 150, "final_distance_cost": 549.2990241201562, "oscillation_cost": 187.1722568625532, "completition_cost": 1000.0, "overshoot_cost": 614.4113773770467, "power_cost": 21.748387829589845, "noise_cost": 32.28785526552335, "n_waypoints_completed": 0, "tot_waypoints": 9}}
{"target": -13771.599768965272, "params": {"k_pid_pos": [2.0, 0.0, 0.0], "k_pid_alt": [0.0, 0.0, 1.0], "k_pid_att": [0.0, 10.0, 0.9836212396621704], "k_pid_yaw": [0.5, 1e-06, 0.1], "k_pid_hsp": [0.12130244821310043, 0.9857098460197449, 0.9315543174743652], "k_pid_vsp": [0.0, 400.0, 392.7057189941406]}, "datetime": {"datetime": "2025-08-21 20:24:22", "elapsed": 41978.87739109993, "delta": 24.71721911430359}, "costs": {"total_cost": 13771.599768965272, "time_cost": 150, "final_distance_cost": 4553.958492712386, "oscillation_cost": 1741.966326610284, "completition_cost": 1000.0, "overshoot_cost": 6206.0689145500855, "power_cost": 27.804874584960938, "noise_cost": 91.80116050755471, "n_waypoints_completed": 0, "tot_waypoints": 9}}
{"target": -2078.000468011803, "params": {"k_pid_pos": [1.9830998182296753, 0.0, 0.0], "k_pid_alt": [0.0, 0.0016916096210479736, 0.9646186232566833], "k_pid_att": [2.375316619873047, 10.0, 1.0], "k_pid_yaw": [0.5, 1e-06, 0.1], "k_pid_hsp": [9.999999747378752e-05, 1.0, 1.0], "k_pid_vsp": [0.0, 368.3781433105469, 391.2961730957031]}, "datetime": {"datetime": "2025-08-21 20:24:46", "elapsed": 42003.39189195633, "delta": 24.514500856399536}, "costs": {"total_cost": 2078.000468011803, "time_cost": 150, "final_distance_cost": 106.88292264248808, "oscillation_cost": 395.92471931258666, "completition_cost": 1000.0, "overshoot_cost": 317.1065547605043, "power_cost": 26.505729199218752, "noise_cost": 81.58054209700516, "n_waypoints_completed": 0, "tot_waypoints": 9}}
{"target": -3039.2522137381866, "params": {"k_pid_pos": [1.9435957670211792, 0.0017996430397033691, 0.004779011011123657], "k_pid_alt": [0.04724133014678955, 0.0, 0.9255516529083252], "k_pid_att": [0.0, 9.388899803161621, 0.9791449904441833], "k_pid_yaw": [0.5, 1e-06, 0.1], "k_pid_hsp": [0.7246846556663513, 0.9583514928817749, 0.9630742073059082], "k_pid_vsp": [0.0, 400.0, 384.4659118652344]}, "datetime": {"datetime": "2025-08-21 20:25:11", "elapsed": 42027.497572660446, "delta": 24.10568070411682}, "costs": {"total_cost": 3039.2522137381866, "time_cost": 150, "final_distance_cost": 165.30892472507313, "oscillation_cost": 1092.4016634014931, "completition_cost": 1000.0, "overshoot_cost": 510.49669150389076, "power_cost": 29.494053283691407, "noise_cost": 91.55088082403816, "n_waypoints_completed": 0, "tot_waypoints": 9}}
{"target": -19640.924347273078, "params": {"k_pid_pos": [1.9571342468261719, 0.0, 0.033855587244033813], "k_pid_alt": [0.0, 0.0335005521774292, 0.9432682991027832], "k_pid_att": [0.0, 10.0, 0.9538364410400391], "k_pid_yaw": [0.5, 1e-06, 0.1], "k_pid_hsp": [0.29523152112960815, 1.0, 0.9618340730667114], "k_pid_vsp": [0.0, 340.7087707519531, 353.4849548339844]}, "datetime": {"datetime": "2025-08-21 20:25:35", "elapsed": 42051.59856057167, "delta": 24.100987911224365}, "costs": {"total_cost": 19640.924347273078, "time_cost": 150, "final_distance_cost": 5556.689032124812, "oscillation_cost": 2339.743414460515, "completition_cost": 1000.0, "overshoot_cost": 10463.073003575413, "power_cost": 32.44435988769531, "noise_cost": 98.97453722464023, "n_waypoints_completed": 0, "tot_waypoints": 9}}
{"target": -2090.512817570714, "params": {"k_pid_pos": [1.8990343809127808, 0.0, 0.0], "k_pid_alt": [0.09152877330780029, 0.0, 0.9398380517959595], "k_pid_att": [1.1458426713943481, 8.988940238952637, 0.9777899384498596], "k_pid_yaw": [0.5, 1e-06, 0.1], "k_pid_hsp": [0.41494476795196533, 1.0, 1.0], "k_pid_vsp": [9.68022346496582, 368.58905029296875, 385.84307861328125]}, "datetime": {"datetime": "2025-08-21 20:25:58", "elapsed": 42074.8154695034, "delta": 23.216908931732178}, "costs": {"total_cost": 2090.512817570714, "time_cost": 150, "final_distance_cost": 22.1731961154501, "oscillation_cost": 633.3991095036273, "completition_cost": 1000.0, "overshoot_cost": 159.5554106549638, "power_cost": 31.47501961669922, "noise_cost": 93.91008167997364, "n_waypoints_completed": 0, "tot_waypoints": 9}}
{"target": -12969.41008200026, "params": {"k_pid_pos": [2.0, 0.03529044985771179, 0.14015623927116394], "k_pid_alt": [0.0, 0.0, 1.0], "k_pid_att": [0.0, 9.461122512817383, 0.9677048921585083], "k_pid_yaw": [0.5, 1e-06, 0.1], "k_pid_hsp": [9.999999747378752e-05, 1.0, 0.9370666146278381], "k_pid_vsp": [0.0, 386.1546325683594, 400.0]}, "datetime": {"datetime": "2025-08-21 20:26:23", "elapsed": 42099.89861702919, "delta": 25.083147525787354}, "costs": {"total_cost": 12969.41008200026, "time_cost": 150, "final_distance_cost": 4291.026812501241, "oscillation_cost": 1997.7572055070825, "completition_cost": 1000.0, "overshoot_cost": 5418.786917254661, "power_cost": 25.585058142089846, "noise_cost": 86.25408859518734, "n_waypoints_completed": 0, "tot_waypoints": 9}}
{"target": -8494.5808888026, "params": {"k_pid_pos": [1.9006599187850952, 0.0, 0.047996342182159424], "k_pid_alt": [0.045885562896728516, 0.01232960820198059, 1.0], "k_pid_att": [0.0, 10.0, 1.0], "k_pid_yaw": [0.5, 1e-06, 0.1], "k_pid_hsp": [9.999999747378752e-05, 0.9214365482330322, 0.9780162572860718], "k_pid_vsp": [0.0, 396.723876953125, 388.0221252441406]}, "datetime": {"datetime": "2025-08-21 20:26:47", "elapsed": 42124.27189683914, "delta": 24.373279809951782}, "costs": {"total_cost": 8494.5808888026, "time_cost": 150, "final_distance_cost": 1810.134954294847, "oscillation_cost": 1389.821468033868, "completition_cost": 1000.0, "overshoot_cost": 4012.4135812895174, "power_cost": 33.356673596191406, "noise_cost": 98.85421158817576, "n_waypoints_completed": 0, "tot_waypoints": 9}}
{"target": -6410.936653878907, "params": {"k_pid_pos": [2.0, 0.038531333208084106, 0.0], "k_pid_alt": [0.0, 0.042770206928253174, 1.0], "k_pid_att": [0.0, 9.823768615722656, 1.0], "k_pid_yaw": [0.5, 1e-06, 0.1], "k_pid_hsp": [9.999999747378752e-05, 1.0, 1.0], "k_pid_vsp": [22.42323112487793, 400.0, 400.0]}, "datetime": {"datetime": "2025-08-21 20:27:11", "elapsed": 42148.195678949356, "delta": 23.923782110214233}, "costs": {"total_cost": 6410.936653878907, "time_cost": 150, "final_distance_cost": 1276.1685104510223, "oscillation_cost": 1038.600481715849, "completition_cost": 1000.0, "overshoot_cost": 2817.6041149361968, "power_cost": 32.15298924560547, "noise_cost": 96.41055753023359, "n_waypoints_completed": 0, "tot_waypoints": 9}}
{"target": -8813.589970151, "params": {"k_pid_pos": [1.917160153388977, 0.0, 0.06739595532417297], "k_pid_alt": [0.0, 0.0, 0.9822132587432861], "k_pid_att": [0.0, 9.981809616088867, 0.9106886386871338], "k_pid_yaw": [0.5, 1e-06, 0.1], "k_pid_hsp": [9.999999747378752e-05, 0.9755962491035461, 0.9579020738601685], "k_pid_vsp": [0.0, 400.0, 389.7816162109375]}, "datetime": {"datetime": "2025-08-21 20:27:36", "elapsed": 42172.76812362671, "delta": 24.572444677352905}, "costs": {"total_cost": 8813.589970151, "time_cost": 150, "final_distance_cost": 2603.0091102563288, "oscillation_cost": 1715.7432636793017, "completition_cost": 1000.0, "overshoot_cost": 3238.935424823904, "power_cost": 23.589688781738282, "noise_cost": 82.31248260972825, "n_waypoints_completed": 0, "tot_waypoints": 9}}
{"target": -7495.588485994352, "params": {"k_pid_pos": [1.8653664588928223, 0.028815627098083496, 0.0], "k_pid_alt": [0.0, 0.0, 1.0], "k_pid_att": [0.0, 9.510303497314453, 1.0], "k_pid_yaw": [0.5, 1e-06, 0.1], "k_pid_hsp": [9.999999747378752e-05, 1.0, 1.0], "k_pid_vsp": [0.0, 400.0, 400.0]}, "datetime": {"datetime": "2025-08-21 20:27:59", "elapsed": 42195.793328762054, "delta": 23.02520513534546}, "costs": {"total_cost": 7495.588485994352, "time_cost": 150, "final_distance_cost": 1851.3723846566816, "oscillation_cost": 712.4605354318788, "completition_cost": 1000.0, "overshoot_cost": 3694.815533919934, "power_cost": 17.305157092285157, "noise_cost": 69.634874893572, "n_waypoints_completed": 0, "tot_waypoints": 9}}
