{"target": -17357.60643258286, "params": {"k_pid_pos": [2.0, 0.033099085092544556, 0.0072692930698394775], "k_pid_alt": [7.68899917602539e-06, 0.031619369983673096, 1.0], "k_pid_att": [0.0, 10.0, 0.9368135333061218], "k_pid_yaw": [0.5, 1e-06, 0.1], "k_pid_hsp": [0.32887592911720276, 0.9781157970428467, 0.9519025683403015], "k_pid_vsp": [18.563472747802734, 373.8142395019531, 362.335205078125]}, "datetime": {"datetime": "2025-08-21 10:03:14", "elapsed": 4711.407506465912, "delta": 25.48468565940857}, "costs": {"total_cost": 17357.60643258286, "time_cost": 150, "final_distance_cost": 4585.967945614732, "oscillation_cost": 1978.6778086547704, "completition_cost": 1000.0, "overshoot_cost": 9504.315846187183, "power_cost": 35.01404822998047, "noise_cost": 103.6307838961957, "n_waypoints_completed": 0, "tot_waypoints": 9}}
{"target": -1732.1667139813999, "params": {"k_pid_pos": [2.0, 0.03050878643989563, 0.013674676418304443], "k_pid_alt": [0.07499438524246216, 0.018474280834197998, 0.889491856098175], "k_pid_att": [4.085770130157471, 10.0, 1.0], "k_pid_yaw": [0.5, 1e-06, 0.1], "k_pid_hsp": [0.12319875508546829, 0.9760664701461792, 0.93255215883255], "k_pid_vsp": [0.0, 400.0, 391.1473693847656]}, "datetime": {"datetime": "2025-08-21 10:03:44", "elapsed": 4741.106941699982, "delta": 29.699435234069824}, "costs": {"total_cost": 1732.1667139813999, "time_cost": 150, "final_distance_cost": 23.82521748322232, "oscillation_cost": 300.1341973379346, "completition_cost": 1000.0, "overshoot_cost": 167.28898581563982, "power_cost": 23.25204862060547, "noise_cost": 67.66626472399774, "n_waypoints_completed": 0, "tot_waypoints": 9}}
{"target": -2128.1156497393663, "params": {"k_pid_pos": [2.0, 0.0, 0.00804486870765686], "k_pid_alt": [0.0, 0.0, 1.0], "k_pid_att": [2.1370649337768555, 10.0, 0.9282777309417725], "k_pid_yaw": [0.5, 1e-06, 0.1], "k_pid_hsp": [9.999999747378752e-05, 0.9903132319450378, 0.9403108358383179], "k_pid_vsp": [0.0, 400.0, 364.65362548828125]}, "datetime": {"datetime": "2025-08-21 10:04:10", "elapsed": 4766.870511770248, "delta": 25.763570070266724}, "costs": {"total_cost": 2128.1156497393663, "time_cost": 150, "final_distance_cost": 115.36372595893675, "oscillation_cost": 416.14401145482867, "completition_cost": 1000.0, "overshoot_cost": 361.61117080538537, "power_cost": 17.631468994140626, "noise_cost": 67.36527252607502, "n_waypoints_completed": 0, "tot_waypoints": 9}}
{"target": -21319.769249269488, "params": {"k_pid_pos": [2.0, 0.024942994117736816, 0.0], "k_pid_alt": [0.0, 0.0, 1.0], "k_pid_att": [0.0, 10.0, 0.9545037746429443], "k_pid_yaw": [0.5, 1e-06, 0.1], "k_pid_hsp": [9.999999747378752e-05, 0.9434050917625427, 0.9921892881393433], "k_pid_vsp": [15.478813171386719, 400.0, 395.14422607421875]}, "datetime": {"datetime": "2025-08-21 10:04:41", "elapsed": 4798.082063674927, "delta": 31.211551904678345}, "costs": {"total_cost": 21319.769249269488, "time_cost": 150, "final_distance_cost": 6353.960219057431, "oscillation_cost": 1853.0750609629529, "completition_cost": 1000.0, "overshoot_cost": 11831.883008488689, "power_cost": 31.54323309326172, "noise_cost": 99.30772766715913, "n_waypoints_completed": 0, "tot_waypoints": 9}}
{"target": -2199.654240233864, "params": {"k_pid_pos": [2.0, 0.006727427244186401, 0.03075304627418518], "k_pid_alt": [0.16633987426757812, 0.07461485266685486, 1.0], "k_pid_att": [2.5722832679748535, 10.0, 1.0], "k_pid_yaw": [0.5, 1e-06, 0.1], "k_pid_hsp": [9.999999747378752e-05, 0.9424070119857788, 0.9539521336555481], "k_pid_vsp": [0.0, 389.7394104003906, 372.0773620605469]}, "datetime": {"datetime": "2025-08-21 10:05:06", "elapsed": 4822.994277954102, "delta": 24.912214279174805}, "costs": {"total_cost": 2199.654240233864, "time_cost": 150, "final_distance_cost": 156.13138644318275, "oscillation_cost": 359.1336777951009, "completition_cost": 1000.0, "overshoot_cost": 427.2879433273671, "power_cost": 26.328447326660157, "noise_cost": 80.77278534155309, "n_waypoints_completed": 0, "tot_waypoints": 9}}
{"target": -4801.017757953193, "params": {"k_pid_pos": [2.0, 0.0, 0.0], "k_pid_alt": [0.19187718629837036, 0.0, 0.983132004737854], "k_pid_att": [0.0, 10.0, 0.9827057123184204], "k_pid_yaw": [0.5, 1e-06, 0.1], "k_pid_hsp": [9.999999747378752e-05, 1.0, 0.964205265045166], "k_pid_vsp": [0.0, 358.0347900390625, 389.4303894042969]}, "datetime": {"datetime": "2025-08-21 10:05:37", "elapsed": 4853.506146907806, "delta": 30.511868953704834}, "costs": {"total_cost": 4801.017757953193, "time_cost": 150, "final_distance_cost": 628.3920309523894, "oscillation_cost": 1476.4904377740024, "completition_cost": 1000.0, "overshoot_cost": 1420.817328160329, "power_cost": 30.961860498046878, "noise_cost": 94.35610056842462, "n_waypoints_completed": 0, "tot_waypoints": 9}}
{"target": -5014.733387780411, "params": {"k_pid_pos": [2.0, 0.0021976232528686523, 0.0], "k_pid_alt": [0.09243029356002808, 0.0, 0.9455482959747314], "k_pid_att": [0.7593780755996704, 9.734441757202148, 1.0], "k_pid_yaw": [0.5, 1e-06, 0.1], "k_pid_hsp": [0.1986217200756073, 0.8798782825469971, 0.9899781346321106], "k_pid_vsp": [21.80230712890625, 396.59027099609375, 387.9834289550781]}, "datetime": {"datetime": "2025-08-21 10:06:02", "elapsed": 4878.620330572128, "delta": 25.1141836643219}, "costs": {"total_cost": 5014.733387780411, "time_cost": 150, "final_distance_cost": 857.3822044524062, "oscillation_cost": 1758.051248596275, "completition_cost": 1000.0, "overshoot_cost": 1118.9007984937377, "power_cost": 32.470153430175785, "noise_cost": 97.92898280781623, "n_waypoints_completed": 0, "tot_waypoints": 9}}
{"target": -1681.8619453384435, "params": {"k_pid_pos": [1.9433043003082275, 0.030659615993499756, 0.0], "k_pid_alt": [0.030427634716033936, 0.0, 1.0], "k_pid_att": [8.063117027282715, 10.0, 0.9869155883789062], "k_pid_yaw": [0.5, 1e-06, 0.1], "k_pid_hsp": [9.999999747378752e-05, 1.0, 1.0], "k_pid_vsp": [0.0, 400.0, 400.0]}, "datetime": {"datetime": "2025-08-21 10:06:32", "elapsed": 4909.045967340469, "delta": 30.425636768341064}, "costs": {"total_cost": 1681.8619453384435, "time_cost": 150, "final_distance_cost": 14.544278906226573, "oscillation_cost": 296.2915111731839, "completition_cost": 1000.0, "overshoot_cost": 146.78929737628692, "power_cost": 19.723439086914063, "noise_cost": 54.51341879583228, "n_waypoints_completed": 0, "tot_waypoints": 9}}
{"target": -2077.3839211338272, "params": {"k_pid_pos": [1.9719598293304443, 0.01765415072441101, 0.0], "k_pid_alt": [0.15863585472106934, 0.0, 1.0], "k_pid_att": [1.9435226917266846, 9.616658210754395, 0.908001184463501], "k_pid_yaw": [0.5, 1e-06, 0.1], "k_pid_hsp": [9.999999747378752e-05, 1.0, 0.9457776546478271], "k_pid_vsp": [0.0, 372.66668701171875, 400.0]}, "datetime": {"datetime": "2025-08-21 10:06:58", "elapsed": 4934.516325473785, "delta": 25.47035813331604}, "costs": {"total_cost": 2077.3839211338272, "time_cost": 150, "final_distance_cost": 95.4953401491026, "oscillation_cost": 446.98139884112084, "completition_cost": 1000.0, "overshoot_cost": 277.0906459929052, "power_cost": 27.33728074951172, "noise_cost": 80.47925540118693, "n_waypoints_completed": 0, "tot_waypoints": 9}}
{"target": -13525.51728583378, "params": {"k_pid_pos": [1.9267898797988892, 0.010759860277175903, 0.0], "k_pid_alt": [0.12979483604431152, 0.017363429069519043, 1.0], "k_pid_att": [0.0, 10.0, 1.0], "k_pid_yaw": [0.5, 1e-06, 0.1], "k_pid_hsp": [0.5073492527008057, 1.0, 1.0], "k_pid_vsp": [7.429218292236328, 400.0, 387.31292724609375]}, "datetime": {"datetime": "2025-08-21 10:07:28", "elapsed": 4965.054552793503, "delta": 30.538227319717407}, "costs": {"total_cost": 13525.51728583378, "time_cost": 150, "final_distance_cost": 4273.098631204245, "oscillation_cost": 2260.830958508198, "completition_cost": 1000.0, "overshoot_cost": 5702.76696515502, "power_cost": 35.021003747558595, "noise_cost": 103.79972721875747, "n_waypoints_completed": 0, "tot_waypoints": 9}}
{"target": -1866.7249775732266, "params": {"k_pid_pos": [2.0, 0.0, 0.0], "k_pid_alt": [0.0, 0.04980391263961792, 0.9999667406082153], "k_pid_att": [1.9343554973602295, 10.0, 0.9676222205162048], "k_pid_yaw": [0.5, 1e-06, 0.1], "k_pid_hsp": [0.7208324670791626, 0.9975547790527344, 0.995927095413208], "k_pid_vsp": [0.0, 399.16583251953125, 400.0]}, "datetime": {"datetime": "2025-08-21 10:07:58", "elapsed": 4995.111884832382, "delta": 30.057332038879395}, "costs": {"total_cost": 1866.7249775732266, "time_cost": 150, "final_distance_cost": 3.4998437269113434, "oscillation_cost": 457.69075848618553, "completition_cost": 1000.0, "overshoot_cost": 136.670049960985, "power_cost": 30.12714862060547, "noise_cost": 88.73717677853902, "n_waypoints_completed": 0, "tot_waypoints": 9}}
{"target": -4562.908060054064, "params": {"k_pid_pos": [2.0, 0.0, 0.011552244424819946], "k_pid_alt": [0.0, 0.0, 0.9809265732765198], "k_pid_att": [0.0, 10.0, 1.0], "k_pid_yaw": [0.5, 1e-06, 0.1], "k_pid_hsp": [0.4731433391571045, 0.9098158478736877, 1.0], "k_pid_vsp": [0.0, 400.0, 400.0]}, "datetime": {"datetime": "2025-08-21 10:08:29", "elapsed": 5026.033027410507, "delta": 30.921142578125}, "costs": {"total_cost": 4562.908060054064, "time_cost": 150, "final_distance_cost": 882.0547505883718, "oscillation_cost": 1032.5666133114619, "completition_cost": 1000.0, "overshoot_cost": 1397.6843788905958, "power_cost": 21.66278836669922, "noise_cost": 78.93952889693571, "n_waypoints_completed": 0, "tot_waypoints": 9}}
{"target": -1818.0129593281056, "params": {"k_pid_pos": [2.0, 0.0, 0.04383626580238342], "k_pid_alt": [0.004828035831451416, 0.000519096851348877, 0.9833498001098633], "k_pid_att": [7.627707481384277, 9.975314140319824, 0.9992473125457764], "k_pid_yaw": [0.5, 1e-06, 0.1], "k_pid_hsp": [0.2362685203552246, 1.0, 1.0], "k_pid_vsp": [24.42597198486328, 398.19940185546875, 400.0]}, "datetime": {"datetime": "2025-08-21 10:08:56", "elapsed": 5052.972403049469, "delta": 26.939375638961792}, "costs": {"total_cost": 1818.0129593281056, "time_cost": 150, "final_distance_cost": 1.0174506292892336, "oscillation_cost": 248.65856269719268, "completition_cost": 1000.0, "overshoot_cost": 376.818408311313, "power_cost": 20.89340986328125, "noise_cost": 20.62512782702929, "n_waypoints_completed": 0, "tot_waypoints": 9}}
{"target": -8847.136296473089, "params": {"k_pid_pos": [2.0, 0.0, 0.0], "k_pid_alt": [0.0, 0.033042848110198975, 0.973926305770874], "k_pid_att": [0.0, 10.0, 0.9947466254234314], "k_pid_yaw": [0.5, 1e-06, 0.1], "k_pid_hsp": [0.001974845305085182, 1.0, 1.0], "k_pid_vsp": [13.896072387695312, 400.0, 394.0621032714844]}, "datetime": {"datetime": "2025-08-21 10:09:21", "elapsed": 5077.740140914917, "delta": 24.767737865447998}, "costs": {"total_cost": 8847.136296473089, "time_cost": 150, "final_distance_cost": 2052.474946805228, "oscillation_cost": 812.9569724929702, "completition_cost": 1000.0, "overshoot_cost": 4706.156642075338, "power_cost": 31.107445739746094, "noise_cost": 94.44028935980786, "n_waypoints_completed": 0, "tot_waypoints": 9}}
{"target": -19648.775365127232, "params": {"k_pid_pos": [1.9411464929580688, 0.0, 0.0013128817081451416], "k_pid_alt": [0.0, 0.0, 0.9035701155662537], "k_pid_att": [0.0, 10.0, 0.9990867376327515], "k_pid_yaw": [0.5, 1e-06, 0.1], "k_pid_hsp": [0.04837421327829361, 0.9867605566978455, 1.0], "k_pid_vsp": [10.956155776977539, 400.0, 400.0]}, "datetime": {"datetime": "2025-08-21 10:09:55", "elapsed": 5111.541617870331, "delta": 33.80147695541382}, "costs": {"total_cost": 19648.775365127232, "time_cost": 150, "final_distance_cost": 5958.146162100698, "oscillation_cost": 2195.685012754789, "completition_cost": 1000.0, "overshoot_cost": 10220.045483021155, "power_cost": 29.27904139404297, "noise_cost": 95.61966585654729, "n_waypoints_completed": 0, "tot_waypoints": 9}}
{"target": -1950.3488005668266, "params": {"k_pid_pos": [2.0, 0.0, 0.0], "k_pid_alt": [0.0, 0.0, 1.0], "k_pid_att": [1.3480722904205322, 10.0, 1.0], "k_pid_yaw": [0.5, 1e-06, 0.1], "k_pid_hsp": [0.6075516939163208, 0.9592102766036987, 1.0], "k_pid_vsp": [1.848447322845459, 400.0, 400.0]}, "datetime": {"datetime": "2025-08-21 10:10:19", "elapsed": 5136.109501838684, "delta": 24.56788396835327}, "costs": {"total_cost": 1950.3488005668266, "time_cost": 150, "final_distance_cost": 14.499776491612652, "oscillation_cost": 563.4104303648244, "completition_cost": 1000.0, "overshoot_cost": 138.2164537344365, "power_cost": 16.650837707519532, "noise_cost": 67.57130226843363, "n_waypoints_completed": 0, "tot_waypoints": 9}}
{"target": -1795.9004963278505, "params": {"k_pid_pos": [1.9925707578659058, 0.0, 0.0], "k_pid_alt": [0.0, 0.020099133253097534, 0.982388436794281], "k_pid_att": [2.932131290435791, 10.0, 1.0], "k_pid_yaw": [0.5, 1e-06, 0.1], "k_pid_hsp": [0.9032515287399292, 0.9853697419166565, 1.0], "k_pid_vsp": [9.584975242614746, 399.17498779296875, 400.0]}, "datetime": {"datetime": "2025-08-21 10:10:51", "elapsed": 5167.94460272789, "delta": 31.835100889205933}, "costs": {"total_cost": 1795.9004963278505, "time_cost": 150, "final_distance_cost": 3.955380056046761, "oscillation_cost": 338.7479448136708, "completition_cost": 1000.0, "overshoot_cost": 214.66357120292977, "power_cost": 22.30740787353516, "noise_cost": 66.22619238166807, "n_waypoints_completed": 0, "tot_waypoints": 9}}
{"target": -3171.7639652452185, "params": {"k_pid_pos": [2.0, 0.0, 0.0112992525100708], "k_pid_alt": [0.09473228454589844, 0.0, 1.0], "k_pid_att": [3.259444236755371, 10.0, 1.0], "k_pid_yaw": [0.5, 1e-06, 0.1], "k_pid_hsp": [0.2592145800590515, 1.0, 0.993805468082428], "k_pid_vsp": [0.0, 389.8779296875, 400.0]}, "datetime": {"datetime": "2025-08-21 10:11:16", "elapsed": 5192.828921556473, "delta": 24.884318828582764}, "costs": {"total_cost": 3171.7639652452185, "time_cost": 150, "final_distance_cost": 837.8956121689909, "oscillation_cost": 253.03287047193456, "completition_cost": 1000.0, "overshoot_cost": 876.9069616281812, "power_cost": 20.707355078125, "noise_cost": 33.221165897986346, "n_waypoints_completed": 0, "tot_waypoints": 9}}
{"target": -3970.725441219716, "params": {"k_pid_pos": [2.0, 0.0, 0.059970587491989136], "k_pid_alt": [0.0, 0.019696295261383057, 1.0], "k_pid_att": [5.202132225036621, 10.0, 1.0], "k_pid_yaw": [0.5, 1e-06, 0.1], "k_pid_hsp": [9.999999747378752e-05, 1.0, 0.9882692098617554], "k_pid_vsp": [0.0, 392.3538818359375, 392.7875671386719]}, "datetime": {"datetime": "2025-08-21 10:11:46", "elapsed": 5223.314014911652, "delta": 30.485093355178833}, "costs": {"total_cost": 3970.725441219716, "time_cost": 150, "final_distance_cost": 1163.41569884511, "oscillation_cost": 194.5623807605723, "completition_cost": 1000.0, "overshoot_cost": 1422.9939077909685, "power_cost": 18.406281774902343, "noise_cost": 21.347172048162836, "n_waypoints_completed": 0, "tot_waypoints": 9}}
{"target": -2201.348840873719, "params": {"k_pid_pos": [2.0, 0.079581618309021, 0.0], "k_pid_alt": [0.15753847360610962, 0.018880128860473633, 1.0], "k_pid_att": [1.3239473104476929, 10.0, 0.9576711654663086], "k_pid_yaw": [0.5, 1e-06, 0.1], "k_pid_hsp": [9.999999747378752e-05, 1.0, 1.0], "k_pid_vsp": [28.615833282470703, 390.5062255859375, 400.0]}, "datetime": {"datetime": "2025-08-21 10:12:12", "elapsed": 5249.269080400467, "delta": 25.955065488815308}, "costs": {"total_cost": 2201.348840873719, "time_cost": 150, "final_distance_cost": 54.623667803098215, "oscillation_cost": 657.5315733659314, "completition_cost": 1000.0, "overshoot_cost": 212.91326130865295, "power_cost": 31.77804246826172, "noise_cost": 94.50229592777443, "n_waypoints_completed": 0, "tot_waypoints": 9}}
{"target": -1689.923074271249, "params": {"k_pid_pos": [1.877935528755188, 0.004335194826126099, 0.0], "k_pid_alt": [0.0, 0.0, 1.0], "k_pid_att": [6.634056568145752, 10.0, 1.0], "k_pid_yaw": [0.5, 1e-06, 0.1], "k_pid_hsp": [9.999999747378752e-05, 1.0, 1.0], "k_pid_vsp": [17.999649047851562, 400.0, 400.0]}, "datetime": {"datetime": "2025-08-21 10:12:43", "elapsed": 5280.117325305939, "delta": 30.8482449054718}, "costs": {"total_cost": 1689.923074271249, "time_cost": 150, "final_distance_cost": 7.484121613733579, "oscillation_cost": 299.5813213403499, "completition_cost": 1000.0, "overshoot_cost": 163.6393601288621, "power_cost": 12.448824267578125, "noise_cost": 56.76944692072529, "n_waypoints_completed": 0, "tot_waypoints": 9}}
{"target": -4488.929720957835, "params": {"k_pid_pos": [2.0, 0.027582138776779175, 0.014132380485534668], "k_pid_alt": [0.016459763050079346, 0.01398235559463501, 1.0], "k_pid_att": [0.0, 9.81389331817627, 1.0], "k_pid_yaw": [0.5, 1e-06, 0.1], "k_pid_hsp": [9.999999747378752e-05, 0.9951691627502441, 1.0], "k_pid_vsp": [6.550478935241699, 394.6959533691406, 387.7965087890625]}, "datetime": {"datetime": "2025-08-21 10:13:13", "elapsed": 5309.473308324814, "delta": 29.355983018875122}, "costs": {"total_cost": 4488.929720957835, "time_cost": 150, "final_distance_cost": 560.5589324430741, "oscillation_cost": 1205.3481394722987, "completition_cost": 1000.0, "overshoot_cost": 1447.654402962371, "power_cost": 30.95053836669922, "noise_cost": 94.41770771339145, "n_waypoints_completed": 0, "tot_waypoints": 9}}
{"target": -1726.630911823882, "params": {"k_pid_pos": [1.962611198425293, 0.0, 0.017354369163513184], "k_pid_alt": [0.030715763568878174, 0.0, 0.9231560826301575], "k_pid_att": [5.661073207855225, 10.0, 1.0], "k_pid_yaw": [0.5, 1e-06, 0.1], "k_pid_hsp": [9.999999747378752e-05, 0.8742707967758179, 1.0], "k_pid_vsp": [9.144651412963867, 383.02197265625, 379.4360046386719]}, "datetime": {"datetime": "2025-08-21 10:13:39", "elapsed": 5335.869483709335, "delta": 26.396175384521484}, "costs": {"total_cost": 1726.630911823882, "time_cost": 150, "final_distance_cost": 37.75967715920406, "oscillation_cost": 276.1104726789695, "completition_cost": 1000.0, "overshoot_cost": 183.08536725626703, "power_cost": 19.348677465820312, "noise_cost": 60.32671726362076, "n_waypoints_completed": 0, "tot_waypoints": 9}}
{"target": -5078.059512566917, "params": {"k_pid_pos": [1.9544951915740967, 0.0, 0.06532180309295654], "k_pid_alt": [0.0015100836753845215, 0.014556914567947388, 1.0], "k_pid_att": [0.0, 10.0, 0.9861595630645752], "k_pid_yaw": [0.5, 1e-06, 0.1], "k_pid_hsp": [0.39152422547340393, 1.0, 1.0], "k_pid_vsp": [0.0, 390.5157165527344, 398.7699890136719]}, "datetime": {"datetime": "2025-08-21 10:14:12", "elapsed": 5368.621016263962, "delta": 32.751532554626465}, "costs": {"total_cost": 5078.059512566917, "time_cost": 150, "final_distance_cost": 484.56612036348326, "oscillation_cost": 1695.9949825839583, "completition_cost": 1000.0, "overshoot_cost": 1619.4956276743935, "power_cost": 31.62749852294922, "noise_cost": 96.3752834221321, "n_waypoints_completed": 0, "tot_waypoints": 9}}
{"target": -12478.079801594102, "params": {"k_pid_pos": [1.94191312789917, 0.0, 0.0], "k_pid_alt": [0.0, 0.032398521900177, 1.0], "k_pid_att": [0.0, 10.0, 0.9367623925209045], "k_pid_yaw": [0.5, 1e-06, 0.1], "k_pid_hsp": [9.999999747378752e-05, 1.0, 0.8914355039596558], "k_pid_vsp": [0.0, 383.08306884765625, 386.8135986328125]}, "datetime": {"datetime": "2025-08-21 10:14:40", "elapsed": 5397.20591545105, "delta": 28.584899187088013}, "costs": {"total_cost": 12478.079801594102, "time_cost": 150, "final_distance_cost": 3773.7481606624237, "oscillation_cost": 2260.006538747879, "completition_cost": 1000.0, "overshoot_cost": 5158.865237151979, "power_cost": 34.071902734375, "noise_cost": 101.3879622974455, "n_waypoints_completed": 0, "tot_waypoints": 9}}
{"target": -1595.8900335695714, "params": {"k_pid_pos": [2.0, 0.0, 0.0], "k_pid_alt": [0.10406649112701416, 0.0068957507610321045, 1.0], "k_pid_att": [5.735033988952637, 9.000384330749512, 1.0], "k_pid_yaw": [0.5, 1e-06, 0.1], "k_pid_hsp": [9.999999747378752e-05, 0.9775844812393188, 0.9391965866088867], "k_pid_vsp": [0.0, 400.0, 373.97900390625]}, "datetime": {"datetime": "2025-08-21 10:15:05", "elapsed": 5422.0902094841, "delta": 24.884294033050537}, "costs": {"total_cost": 1595.8900335695714, "time_cost": 150, "final_distance_cost": 14.982114920130224, "oscillation_cost": 262.50403576651604, "completition_cost": 1000.0, "overshoot_cost": 113.1207204741332, "power_cost": 19.531764575195314, "noise_cost": 35.751397833596634, "n_waypoints_completed": 0, "tot_waypoints": 9}}
{"target": -1674.9775396282737, "params": {"k_pid_pos": [2.0, 0.0, 0.016073077917099], "k_pid_alt": [0.17319107055664062, 0.01745980978012085, 1.0], "k_pid_att": [7.580500602722168, 9.962738990783691, 0.9187902212142944], "k_pid_yaw": [0.5, 1e-06, 0.1], "k_pid_hsp": [9.999999747378752e-05, 1.0, 1.0], "k_pid_vsp": [20.04178810119629, 400.0, 400.0]}, "datetime": {"datetime": "2025-08-21 10:15:35", "elapsed": 5452.075144529343, "delta": 29.98493504524231}, "costs": {"total_cost": 1674.9775396282737, "time_cost": 150, "final_distance_cost": 140.45080666170023, "oscillation_cost": 163.23725748108816, "completition_cost": 1000.0, "overshoot_cost": 182.79319224058662, "power_cost": 21.410915966796875, "noise_cost": 17.08536727810175, "n_waypoints_completed": 0, "tot_waypoints": 9}}
{"target": -6441.497468031359, "params": {"k_pid_pos": [2.0, 0.0, 0.0], "k_pid_alt": [0.10288417339324951, 0.0, 0.9979234933853149], "k_pid_att": [0.0, 9.92780590057373, 1.0], "k_pid_yaw": [0.5, 1e-06, 0.1], "k_pid_hsp": [0.7667418718338013, 0.9983848929405212, 0.8855868577957153], "k_pid_vsp": [0.0, 400.0, 400.0]}, "datetime": {"datetime": "2025-08-21 10:16:01", "elapsed": 5477.4930901527405, "delta": 25.417945623397827}, "costs": {"total_cost": 6441.497468031359, "time_cost": 150, "final_distance_cost": 1404.994481438973, "oscillation_cost": 1940.813929345184, "completition_cost": 1000.0, "overshoot_cost": 1813.375305929095, "power_cost": 32.8521660522461, "noise_cost": 99.46158526586058, "n_waypoints_completed": 0, "tot_waypoints": 9}}
