{"target": -2063.3346000903034, "params": {"k_pid_pos": [2.0, 0.0, 0.03889623284339905], "k_pid_alt": [0.0, 0.0, 0.9843947887420654], "k_pid_att": [1.319819688796997, 10.0, 0.8952558040618896], "k_pid_yaw": [0.5, 1e-06, 0.1], "k_pid_hsp": [0.014725939370691776, 0.8576478362083435, 0.9342658519744873], "k_pid_vsp": [16.284608840942383, 400.0, 386.03759765625]}, "datetime": {"datetime": "2025-08-21 16:14:26", "elapsed": 26983.402205467224, "delta": 23.731818199157715}, "costs": {"total_cost": 2063.3346000903034, "time_cost": 150, "final_distance_cost": 13.561520726056948, "oscillation_cost": 652.395693880107, "completition_cost": 1000.0, "overshoot_cost": 161.27885035670366, "power_cost": 16.992903808593752, "noise_cost": 69.10563131884155, "n_waypoints_completed": 0, "tot_waypoints": 9}}
{"target": -2146.934257434972, "params": {"k_pid_pos": [1.8558741807937622, 0.027632415294647217, 0.013184338808059692], "k_pid_alt": [0.2629375457763672, 0.029337048530578613, 1.0], "k_pid_att": [1.3052910566329956, 10.0, 1.0], "k_pid_yaw": [0.5, 1e-06, 0.1], "k_pid_hsp": [0.09164854139089584, 1.0, 1.0], "k_pid_vsp": [0.0, 400.0, 400.0]}, "datetime": {"datetime": "2025-08-21 16:14:51", "elapsed": 27007.60969519615, "delta": 24.207489728927612}, "costs": {"total_cost": 2146.934257434972, "time_cost": 150, "final_distance_cost": 34.45081352243415, "oscillation_cost": 656.5745609222465, "completition_cost": 1000.0, "overshoot_cost": 181.09523847795208, "power_cost": 31.29387088623047, "noise_cost": 93.51977362610889, "n_waypoints_completed": 0, "tot_waypoints": 9}}
{"target": -8545.727834549005, "params": {"k_pid_pos": [2.0, 0.0, 0.040300965309143066], "k_pid_alt": [0.02844911813735962, 0.066427081823349, 0.9609871506690979], "k_pid_att": [0.0, 9.642690658569336, 0.9693548679351807], "k_pid_yaw": [0.5, 1e-06, 0.1], "k_pid_hsp": [9.999999747378752e-05, 0.9928954839706421, 0.9742045998573303], "k_pid_vsp": [10.963165283203125, 395.1998291015625, 374.708740234375]}, "datetime": {"datetime": "2025-08-21 16:15:14", "elapsed": 27031.086486577988, "delta": 23.476791381835938}, "costs": {"total_cost": 8545.727834549005, "time_cost": 150, "final_distance_cost": 1406.7394461057388, "oscillation_cost": 2356.108528364312, "completition_cost": 1000.0, "overshoot_cost": 3494.8224012701435, "power_cost": 34.846390734863284, "noise_cost": 103.21106807394735, "n_waypoints_completed": 0, "tot_waypoints": 9}}
{"target": -13535.7017418263, "params": {"k_pid_pos": [2.0, 0.0, 0.017248481512069702], "k_pid_alt": [0.20583635568618774, 0.016400456428527832, 1.0], "k_pid_att": [0.0, 10.0, 1.0], "k_pid_yaw": [0.5, 1e-06, 0.1], "k_pid_hsp": [0.10455460846424103, 0.9006227254867554, 0.9494653940200806], "k_pid_vsp": [37.60251998901367, 364.48974609375, 368.0768127441406]}, "datetime": {"datetime": "2025-08-21 16:15:38", "elapsed": 27054.705746650696, "delta": 23.61926007270813}, "costs": {"total_cost": 13535.7017418263, "time_cost": 150, "final_distance_cost": 3641.0516882731654, "oscillation_cost": 1990.6553003930755, "completition_cost": 1000.0, "overshoot_cost": 6619.594903890875, "power_cost": 33.56415349121094, "noise_cost": 100.83569577797441, "n_waypoints_completed": 0, "tot_waypoints": 9}}
{"target": -11752.95474463652, "params": {"k_pid_pos": [2.0, 0.03194299340248108, 0.04661485552787781], "k_pid_alt": [0.0, 0.014461219310760498, 0.960668683052063], "k_pid_att": [0.0, 9.882216453552246, 0.9669524431228638], "k_pid_yaw": [0.5, 1e-06, 0.1], "k_pid_hsp": [0.06021604686975479, 1.0, 1.0], "k_pid_vsp": [2.555572986602783, 365.81884765625, 400.0]}, "datetime": {"datetime": "2025-08-21 16:16:02", "elapsed": 27079.04127717018, "delta": 24.335530519485474}, "costs": {"total_cost": 11752.95474463652, "time_cost": 150, "final_distance_cost": 3612.1228594685813, "oscillation_cost": 2183.191198691639, "completition_cost": 1000.0, "overshoot_cost": 4671.823192689654, "power_cost": 34.14965703125, "noise_cost": 101.66783675539342, "n_waypoints_completed": 0, "tot_waypoints": 9}}
{"target": -2858.7221787196645, "params": {"k_pid_pos": [1.9990079402923584, 0.04504185914993286, 0.0553896427154541], "k_pid_alt": [0.0, 0.0, 0.9957883358001709], "k_pid_att": [0.0, 10.0, 0.998772382736206], "k_pid_yaw": [0.5, 1e-06, 0.1], "k_pid_hsp": [0.058442529290914536, 0.9766702055931091, 0.9718074798583984], "k_pid_vsp": [22.039722442626953, 389.7156066894531, 400.0]}, "datetime": {"datetime": "2025-08-21 16:16:25", "elapsed": 27101.933188199997, "delta": 22.891911029815674}, "costs": {"total_cost": 2858.7221787196645, "time_cost": 150, "final_distance_cost": 112.88492722387254, "oscillation_cost": 1194.9959114107328, "completition_cost": 1000.0, "overshoot_cost": 299.91026030605235, "power_cost": 21.601119055175783, "noise_cost": 79.32996072383072, "n_waypoints_completed": 0, "tot_waypoints": 9}}
{"target": -13674.368806342256, "params": {"k_pid_pos": [2.0, 0.008493483066558838, 0.0], "k_pid_alt": [0.0, 0.0, 1.0], "k_pid_att": [0.0, 10.0, 1.0], "k_pid_yaw": [0.5, 1e-06, 0.1], "k_pid_hsp": [0.6496747732162476, 0.9615740776062012, 0.9177500009536743], "k_pid_vsp": [0.0, 400.0, 379.4743347167969]}, "datetime": {"datetime": "2025-08-21 16:16:48", "elapsed": 27125.449838638306, "delta": 23.516650438308716}, "costs": {"total_cost": 13674.368806342256, "time_cost": 150, "final_distance_cost": 3689.0603806317063, "oscillation_cost": 2178.930404211709, "completition_cost": 1000.0, "overshoot_cost": 6530.947280088023, "power_cost": 29.252125256347657, "noise_cost": 96.17861615446972, "n_waypoints_completed": 0, "tot_waypoints": 9}}
{"target": -10739.040444716835, "params": {"k_pid_pos": [2.0, 0.0, 0.01961788535118103], "k_pid_alt": [0.1041904091835022, 0.0, 0.916124701499939], "k_pid_att": [0.0, 10.0, 1.0], "k_pid_yaw": [0.5, 1e-06, 0.1], "k_pid_hsp": [9.999999747378752e-05, 0.9899471998214722, 1.0], "k_pid_vsp": [0.0, 371.40673828125, 392.084228515625]}, "datetime": {"datetime": "2025-08-21 16:17:12", "elapsed": 27149.176667690277, "delta": 23.726829051971436}, "costs": {"total_cost": 10739.040444716835, "time_cost": 150, "final_distance_cost": 3098.335324334179, "oscillation_cost": 646.5956930430933, "completition_cost": 1000.0, "overshoot_cost": 5706.530534459074, "power_cost": 34.97883399658203, "noise_cost": 102.60005888390614, "n_waypoints_completed": 0, "tot_waypoints": 9}}
{"target": -2353.9683606783947, "params": {"k_pid_pos": [1.778929352760315, 0.03786414861679077, 0.04221963882446289], "k_pid_alt": [0.0709611177444458, 0.0, 1.0], "k_pid_att": [0.9827464818954468, 9.573286056518555, 0.9311225414276123], "k_pid_yaw": [0.5, 1e-06, 0.1], "k_pid_hsp": [9.999999747378752e-05, 0.9299761652946472, 0.9460657835006714], "k_pid_vsp": [0.0, 400.0, 375.448974609375]}, "datetime": {"datetime": "2025-08-21 16:17:36", "elapsed": 27173.04789185524, "delta": 23.87122416496277}, "costs": {"total_cost": 2353.9683606783947, "time_cost": 150, "final_distance_cost": 148.61161543401164, "oscillation_cost": 642.4082097491485, "completition_cost": 1000.0, "overshoot_cost": 292.2079158463478, "power_cost": 30.22202095947266, "noise_cost": 90.51859868941428, "n_waypoints_completed": 0, "tot_waypoints": 9}}
{"target": -2381.11419564681, "params": {"k_pid_pos": [1.9549477100372314, 0.0, 0.0021679699420928955], "k_pid_alt": [0.061369240283966064, 0.0377478301525116, 1.0], "k_pid_att": [6.321117401123047, 10.0, 1.0], "k_pid_yaw": [0.5, 1e-06, 0.1], "k_pid_hsp": [0.1635196954011917, 1.0, 0.9811593294143677], "k_pid_vsp": [25.324047088623047, 389.1854248046875, 400.0]}, "datetime": {"datetime": "2025-08-21 16:18:01", "elapsed": 27197.583896398544, "delta": 24.536004543304443}, "costs": {"total_cost": 2381.11419564681, "time_cost": 150, "final_distance_cost": 495.44567016939294, "oscillation_cost": 168.2100971364117, "completition_cost": 1000.0, "overshoot_cost": 530.5554793102002, "power_cost": 16.6247451171875, "noise_cost": 20.27820391361795, "n_waypoints_completed": 0, "tot_waypoints": 9}}
{"target": -7025.594951437004, "params": {"k_pid_pos": [2.0, 0.0, 0.023381412029266357], "k_pid_alt": [0.0717000961303711, 0.020809262990951538, 1.0], "k_pid_att": [0.0, 9.475139617919922, 0.9891390204429626], "k_pid_yaw": [0.5, 1e-06, 0.1], "k_pid_hsp": [9.999999747378752e-05, 1.0, 1.0], "k_pid_vsp": [33.209228515625, 400.0, 400.0]}, "datetime": {"datetime": "2025-08-21 16:18:24", "elapsed": 27221.380671024323, "delta": 23.7967746257782}, "costs": {"total_cost": 7025.594951437004, "time_cost": 150, "final_distance_cost": 1338.4576794857833, "oscillation_cost": 1240.262078337409, "completition_cost": 1000.0, "overshoot_cost": 3170.009201792006, "power_cost": 31.4268806640625, "noise_cost": 95.43911115774318, "n_waypoints_completed": 0, "tot_waypoints": 9}}
{"target": -10905.32352616422, "params": {"k_pid_pos": [2.0, 0.0, 0.0], "k_pid_alt": [0.0, 0.0, 1.0], "k_pid_att": [0.0, 10.0, 1.0], "k_pid_yaw": [0.5, 1e-06, 0.1], "k_pid_hsp": [0.46927979588508606, 1.0, 1.0], "k_pid_vsp": [0.0, 400.0, 400.0]}, "datetime": {"datetime": "2025-08-21 16:18:47", "elapsed": 27244.16102552414, "delta": 22.780354499816895}, "costs": {"total_cost": 10905.32352616422, "time_cost": 150, "final_distance_cost": 3654.7846327101997, "oscillation_cost": 1763.6705202696278, "completition_cost": 1000.0, "overshoot_cost": 4215.249476465449, "power_cost": 28.42809713134766, "noise_cost": 93.190799587595, "n_waypoints_completed": 0, "tot_waypoints": 9}}
{"target": -4293.099662372455, "params": {"k_pid_pos": [2.0, 0.0, 0.04957565665245056], "k_pid_alt": [0.016070187091827393, 0.0, 0.9665297269821167], "k_pid_att": [0.0, 10.0, 1.0], "k_pid_yaw": [0.5, 1e-06, 0.1], "k_pid_hsp": [0.4576576054096222, 1.0, 1.0], "k_pid_vsp": [12.227380752563477, 400.0, 390.4962158203125]}, "datetime": {"datetime": "2025-08-21 16:19:11", "elapsed": 27268.34355211258, "delta": 24.18252658843994}, "costs": {"total_cost": 4293.099662372455, "time_cost": 150, "final_distance_cost": 373.46127395205525, "oscillation_cost": 1705.1692443214736, "completition_cost": 1000.0, "overshoot_cost": 927.432927014472, "power_cost": 34.42889481201172, "noise_cost": 102.60732227244303, "n_waypoints_completed": 0, "tot_waypoints": 9}}
{"target": -1628.5072948659376, "params": {"k_pid_pos": [2.0, 0.030751943588256836, 0.03427910804748535], "k_pid_alt": [0.0, 0.032430410385131836, 0.9784504175186157], "k_pid_att": [15.00699520111084, 10.0, 1.0], "k_pid_yaw": [0.5, 1e-06, 0.1], "k_pid_hsp": [0.40927523374557495, 0.9194852709770203, 0.977971076965332], "k_pid_vsp": [12.927770614624023, 369.85015869140625, 400.0]}, "datetime": {"datetime": "2025-08-21 16:19:37", "elapsed": 27293.514132022858, "delta": 25.17057991027832}, "costs": {"total_cost": 1628.5072948659376, "time_cost": 150, "final_distance_cost": 2.1714474824800263, "oscillation_cost": 297.666742408983, "completition_cost": 1000.0, "overshoot_cost": 114.63551130635024, "power_cost": 18.59276883544922, "noise_cost": 45.44082483267494, "n_waypoints_completed": 0, "tot_waypoints": 9}}
{"target": -1914.560475782298, "params": {"k_pid_pos": [1.9137797355651855, 0.019002944231033325, 0.024394601583480835], "k_pid_alt": [0.0, 0.0, 1.0], "k_pid_att": [4.759088039398193, 9.659656524658203, 1.0], "k_pid_yaw": [0.5, 1e-06, 0.1], "k_pid_hsp": [0.4324108362197876, 0.9892942905426025, 0.9074596166610718], "k_pid_vsp": [0.0, 400.0, 390.18231201171875]}, "datetime": {"datetime": "2025-08-21 16:20:01", "elapsed": 27317.829857826233, "delta": 24.315725803375244}, "costs": {"total_cost": 1914.560475782298, "time_cost": 150, "final_distance_cost": 208.8242354520222, "oscillation_cost": 224.8260316903837, "completition_cost": 1000.0, "overshoot_cost": 297.2910596828743, "power_cost": 17.90603974609375, "noise_cost": 15.713109210924069, "n_waypoints_completed": 0, "tot_waypoints": 9}}
{"target": -1665.4317184961835, "params": {"k_pid_pos": [1.9837331771850586, 0.0, 0.0], "k_pid_alt": [0.07068705558776855, 0.057344645261764526, 0.9671999216079712], "k_pid_att": [6.800410270690918, 9.18939208984375, 1.0], "k_pid_yaw": [0.5, 1e-06, 0.1], "k_pid_hsp": [9.999999747378752e-05, 1.0, 0.9416313171386719], "k_pid_vsp": [0.0, 400.0, 394.4191589355469]}, "datetime": {"datetime": "2025-08-21 16:20:25", "elapsed": 27341.567499160767, "delta": 23.73764133453369}, "costs": {"total_cost": 1665.4317184961835, "time_cost": 150, "final_distance_cost": 48.03217013587016, "oscillation_cost": 255.4885276371354, "completition_cost": 1000.0, "overshoot_cost": 147.66169486140728, "power_cost": 19.269083410644534, "noise_cost": 44.98024245112616, "n_waypoints_completed": 0, "tot_waypoints": 9}}
{"target": -2085.1175024767476, "params": {"k_pid_pos": [2.0, 0.04137495160102844, 0.042479485273361206], "k_pid_alt": [0.0, 0.0, 0.9957787394523621], "k_pid_att": [10.89688491821289, 9.918662071228027, 0.9644659757614136], "k_pid_yaw": [0.5, 1e-06, 0.1], "k_pid_hsp": [9.999999747378752e-05, 0.9699968099594116, 1.0], "k_pid_vsp": [0.0, 400.0, 400.0]}, "datetime": {"datetime": "2025-08-21 16:20:48", "elapsed": 27364.588878154755, "delta": 23.021378993988037}, "costs": {"total_cost": 2085.1175024767476, "time_cost": 150, "final_distance_cost": 345.010386666823, "oscillation_cost": 316.58323631771106, "completition_cost": 1000.0, "overshoot_cost": 213.20846637542675, "power_cost": 17.187632104492188, "noise_cost": 43.12778101229474, "n_waypoints_completed": 0, "tot_waypoints": 9}}
{"target": -18713.394016898306, "params": {"k_pid_pos": [1.9940910339355469, 0.012248992919921875, 0.08789071440696716], "k_pid_alt": [0.0, 0.0, 1.0], "k_pid_att": [0.0, 9.360393524169922, 0.9909048080444336], "k_pid_yaw": [0.5, 1e-06, 0.1], "k_pid_hsp": [9.999999747378752e-05, 0.94074547290802, 1.0], "k_pid_vsp": [18.281291961669922, 400.0, 400.0]}, "datetime": {"datetime": "2025-08-21 16:21:12", "elapsed": 27388.4901740551, "delta": 23.90129590034485}, "costs": {"total_cost": 18713.394016898306, "time_cost": 150, "final_distance_cost": 6183.049393131689, "oscillation_cost": 2053.48907840464, "completition_cost": 1000.0, "overshoot_cost": 9206.654069188457, "power_cost": 28.09952955322266, "noise_cost": 92.10194662030094, "n_waypoints_completed": 0, "tot_waypoints": 9}}
{"target": -3418.5919858609323, "params": {"k_pid_pos": [1.993920922279358, 0.0, 0.0], "k_pid_alt": [0.13784795999526978, 0.0, 0.9601080417633057], "k_pid_att": [0.0, 10.0, 0.9226140975952148], "k_pid_yaw": [0.5, 1e-06, 0.1], "k_pid_hsp": [0.34976625442504883, 0.963137149810791, 1.0], "k_pid_vsp": [0.0, 375.1390075683594, 400.0]}, "datetime": {"datetime": "2025-08-21 16:21:35", "elapsed": 27412.28712439537, "delta": 23.796950340270996}, "costs": {"total_cost": 3418.5919858609323, "time_cost": 150, "final_distance_cost": 295.4849472009759, "oscillation_cost": 1196.588510667837, "completition_cost": 1000.0, "overshoot_cost": 649.6402115392415, "power_cost": 31.414853137207032, "noise_cost": 95.46346331567074, "n_waypoints_completed": 0, "tot_waypoints": 9}}
{"target": -8190.585584438543, "params": {"k_pid_pos": [2.0, 0.0, 0.0], "k_pid_alt": [0.0, 0.0, 0.9543724060058594], "k_pid_att": [0.0, 9.023818969726562, 1.0], "k_pid_yaw": [0.5, 1e-06, 0.1], "k_pid_hsp": [9.999999747378752e-05, 1.0, 0.9280635118484497], "k_pid_vsp": [0.0, 400.0, 400.0]}, "datetime": {"datetime": "2025-08-21 16:22:00", "elapsed": 27436.49718284607, "delta": 24.210058450698853}, "costs": {"total_cost": 8190.585584438543, "time_cost": 150, "final_distance_cost": 2415.1418606278776, "oscillation_cost": 592.8866484439291, "completition_cost": 1000.0, "overshoot_cost": 3955.172936619682, "power_cost": 14.263930834960938, "noise_cost": 63.12020791209469, "n_waypoints_completed": 0, "tot_waypoints": 9}}
{"target": -4364.58210717672, "params": {"k_pid_pos": [2.0, 0.0, 0.0], "k_pid_alt": [0.0, 0.05552268028259277, 0.9280948042869568], "k_pid_att": [0.9517461061477661, 9.829172134399414, 1.0], "k_pid_yaw": [0.5, 1e-06, 0.1], "k_pid_hsp": [9.999999747378752e-05, 0.9870839715003967, 0.9026622772216797], "k_pid_vsp": [6.218600273132324, 395.77740478515625, 387.9200439453125]}, "datetime": {"datetime": "2025-08-21 16:22:24", "elapsed": 27461.12973189354, "delta": 24.632549047470093}, "costs": {"total_cost": 4364.58210717672, "time_cost": 150, "final_distance_cost": 951.3314333194312, "oscillation_cost": 641.4234996705394, "completition_cost": 1000.0, "overshoot_cost": 1497.3604763583057, "power_cost": 31.327858398437503, "noise_cost": 93.13883943000552, "n_waypoints_completed": 0, "tot_waypoints": 9}}
{"target": -1970.4266256063722, "params": {"k_pid_pos": [2.0, 0.02774292230606079, 0.0], "k_pid_alt": [0.0, 0.01073482632637024, 1.0], "k_pid_att": [1.6753047704696655, 10.0, 1.0], "k_pid_yaw": [0.5, 1e-06, 0.1], "k_pid_hsp": [0.9298808574676514, 0.9930368065834045, 1.0], "k_pid_vsp": [16.912185668945312, 400.0, 400.0]}, "datetime": {"datetime": "2025-08-21 16:22:49", "elapsed": 27486.15777349472, "delta": 25.02804160118103}, "costs": {"total_cost": 1970.4266256063722, "time_cost": 150, "final_distance_cost": 11.69785859047026, "oscillation_cost": 539.4782207637046, "completition_cost": 1000.0, "overshoot_cost": 149.07242025478004, "power_cost": 30.159011376953128, "noise_cost": 90.01911462046405, "n_waypoints_completed": 0, "tot_waypoints": 9}}
{"target": -1797.0175222871133, "params": {"k_pid_pos": [2.0, 0.007966279983520508, 0.015686899423599243], "k_pid_alt": [0.08403706550598145, 0.0020164847373962402, 1.0], "k_pid_att": [5.548810958862305, 10.0, 1.0], "k_pid_yaw": [0.5, 1e-06, 0.1], "k_pid_hsp": [9.999999747378752e-05, 0.9638035893440247, 0.8906102180480957], "k_pid_vsp": [13.285303115844727, 400.0, 344.8677978515625]}, "datetime": {"datetime": "2025-08-21 16:23:12", "elapsed": 27509.35076904297, "delta": 23.19299554824829}, "costs": {"total_cost": 1797.0175222871133, "time_cost": 150, "final_distance_cost": 135.33641544789276, "oscillation_cost": 252.46421036601268, "completition_cost": 1000.0, "overshoot_cost": 204.4501739113333, "power_cost": 19.46317247314453, "noise_cost": 35.30355008872994, "n_waypoints_completed": 0, "tot_waypoints": 9}}
{"target": -13123.6418251619, "params": {"k_pid_pos": [1.9458870887756348, 0.008979499340057373, 0.0], "k_pid_alt": [0.0, 0.04101842641830444, 1.0], "k_pid_att": [0.0, 9.115701675415039, 0.9955518841743469], "k_pid_yaw": [0.5, 1e-06, 0.1], "k_pid_hsp": [9.999999747378752e-05, 0.9937257766723633, 0.9777144193649292], "k_pid_vsp": [3.082871437072754, 389.30010986328125, 400.0]}, "datetime": {"datetime": "2025-08-21 16:23:36", "elapsed": 27532.96496939659, "delta": 23.614200353622437}, "costs": {"total_cost": 13123.6418251619, "time_cost": 150, "final_distance_cost": 3629.0513076097113, "oscillation_cost": 1539.034044899726, "completition_cost": 1000.0, "overshoot_cost": 6671.806941964932, "power_cost": 33.63111414794922, "noise_cost": 100.11841653958238, "n_waypoints_completed": 0, "tot_waypoints": 9}}
{"target": -7505.323760843686, "params": {"k_pid_pos": [1.9101356267929077, 0.0, 0.03506368398666382], "k_pid_alt": [0.12112241983413696, 0.05280184745788574, 0.992341160774231], "k_pid_att": [0.0, 10.0, 0.9717310667037964], "k_pid_yaw": [0.5, 1e-06, 0.1], "k_pid_hsp": [9.999999747378752e-05, 1.0, 0.9613067507743835], "k_pid_vsp": [0.0, 384.6037292480469, 400.0]}, "datetime": {"datetime": "2025-08-21 16:23:59", "elapsed": 27556.389198064804, "delta": 23.42422866821289}, "costs": {"total_cost": 7505.323760843686, "time_cost": 150, "final_distance_cost": 1527.7035590288585, "oscillation_cost": 1091.8341549066413, "completition_cost": 1000.0, "overshoot_cost": 3607.4295793924916, "power_cost": 31.93284442138672, "noise_cost": 96.4236230943075, "n_waypoints_completed": 0, "tot_waypoints": 9}}
{"target": -6945.264276727442, "params": {"k_pid_pos": [2.0, 0.0, 0.0], "k_pid_alt": [0.023505806922912598, 0.06594493985176086, 0.8772802352905273], "k_pid_att": [0.0, 10.0, 1.0], "k_pid_yaw": [0.5, 1e-06, 0.1], "k_pid_hsp": [9.999999747378752e-05, 0.9177868366241455, 1.0], "k_pid_vsp": [0.0, 400.0, 394.8182678222656]}, "datetime": {"datetime": "2025-08-21 16:24:23", "elapsed": 27580.022615909576, "delta": 23.63341784477234}, "costs": {"total_cost": 6945.264276727442, "time_cost": 150, "final_distance_cost": 1026.6725839004682, "oscillation_cost": 1512.102235680937, "completition_cost": 1000.0, "overshoot_cost": 3121.7461506814034, "power_cost": 33.88517000732422, "noise_cost": 100.85813645730872, "n_waypoints_completed": 0, "tot_waypoints": 9}}
{"target": -4035.7228173906615, "params": {"k_pid_pos": [1.8294105529785156, 0.0, 0.06276088953018188], "k_pid_alt": [0.0060759782791137695, 0.03837764263153076, 1.0], "k_pid_att": [7.278716564178467, 9.23443603515625, 1.0], "k_pid_yaw": [0.5, 1e-06, 0.1], "k_pid_hsp": [0.5985073447227478, 0.9694504737854004, 1.0], "k_pid_vsp": [5.5501580238342285, 398.04071044921875, 400.0]}, "datetime": {"datetime": "2025-08-21 16:24:48", "elapsed": 27604.90496611595, "delta": 24.882350206375122}, "costs": {"total_cost": 4035.7228173906615, "time_cost": 150, "final_distance_cost": 989.237983254769, "oscillation_cost": 287.7322636662454, "completition_cost": 1000.0, "overshoot_cost": 1569.6140731203423, "power_cost": 21.940515173339843, "noise_cost": 17.197982175965063, "n_waypoints_completed": 0, "tot_waypoints": 9}}
{"target": -22513.498132607976, "params": {"k_pid_pos": [2.0, 0.0, 0.04863259196281433], "k_pid_alt": [0.17417073249816895, 0.023405224084854126, 0.942803680896759], "k_pid_att": [0.0, 10.0, 0.9892445802688599], "k_pid_yaw": [0.5, 1e-06, 0.1], "k_pid_hsp": [0.43444690108299255, 0.9985867738723755, 1.0], "k_pid_vsp": [2.683556079864502, 400.0, 387.5057373046875]}, "datetime": {"datetime": "2025-08-21 16:25:11", "elapsed": 27627.729984283447, "delta": 22.825018167495728}, "costs": {"total_cost": 22513.498132607976, "time_cost": 150, "final_distance_cost": 6762.3069056086915, "oscillation_cost": 2307.218799093198, "completition_cost": 1000.0, "overshoot_cost": 12155.326755549917, "power_cost": 34.99655438232422, "noise_cost": 103.64911797384359, "n_waypoints_completed": 0, "tot_waypoints": 9}}
