{"target": -3716.8349026003107, "params": {"k_pid_pos": [2.0, 0.032864928245544434, 0.0], "k_pid_alt": [0.012532234191894531, 0.057036757469177246, 1.0], "k_pid_att": [0.0, 9.5383882522583, 1.0], "k_pid_yaw": [0.5, 1e-06, 0.1], "k_pid_hsp": [0.8726353049278259, 1.0, 1.0], "k_pid_vsp": [0.0, 399.0726013183594, 386.99041748046875]}, "datetime": {"datetime": "2025-08-22 00:40:49", "elapsed": 57365.64820957184, "delta": 22.05506157875061}, "costs": {"total_cost": 3716.8349026003107, "time_cost": 150, "final_distance_cost": 465.6519705832192, "oscillation_cost": 1165.0674050416783, "completition_cost": 1000.0, "overshoot_cost": 811.3855968498783, "power_cost": 30.740412304687503, "noise_cost": 93.98951782084737, "n_waypoints_completed": 0, "tot_waypoints": 9}}
{"target": -5364.082406720583, "params": {"k_pid_pos": [1.8433400392532349, 0.0, 0.0], "k_pid_alt": [0.12904071807861328, 0.030539751052856445, 1.0], "k_pid_att": [7.485046863555908, 10.0, 1.0], "k_pid_yaw": [0.5, 1e-06, 0.1], "k_pid_hsp": [9.999999747378752e-05, 1.0, 1.0], "k_pid_vsp": [4.6158552169799805, 368.21905517578125, 400.0]}, "datetime": {"datetime": "2025-08-22 00:41:09", "elapsed": 57386.33960437775, "delta": 20.691394805908203}, "costs": {"total_cost": 5364.082406720583, "time_cost": 150, "final_distance_cost": 1743.6207395059437, "oscillation_cost": 134.5177652340021, "completition_cost": 1000.0, "overshoot_cost": 2300.604299656174, "power_cost": 18.739799536132814, "noise_cost": 16.599802788330223, "n_waypoints_completed": 0, "tot_waypoints": 9}}
{"target": -7899.070163415055, "params": {"k_pid_pos": [1.9460188150405884, 0.047039151191711426, 0.11497935652732849], "k_pid_alt": [0.0, 0.0, 0.9621668457984924], "k_pid_att": [0.0, 9.646531105041504, 1.0], "k_pid_yaw": [0.5, 1e-06, 0.1], "k_pid_hsp": [9.999999747378752e-05, 1.0, 0.9438748359680176], "k_pid_vsp": [0.0, 400.0, 398.7619323730469]}, "datetime": {"datetime": "2025-08-22 00:41:31", "elapsed": 57408.35305428505, "delta": 22.013449907302856}, "costs": {"total_cost": 7899.070163415055, "time_cost": 150, "final_distance_cost": 1797.8533391100482, "oscillation_cost": 2117.0220168992864, "completition_cost": 1000.0, "overshoot_cost": 2717.412515797835, "power_cost": 27.400606384277346, "noise_cost": 89.38168522360743, "n_waypoints_completed": 0, "tot_waypoints": 9}}
{"target": -1567.1310317164246, "params": {"k_pid_pos": [2.0, 0.0791841447353363, 0.011412173509597778], "k_pid_alt": [0.03972971439361572, 0.0516657829284668, 1.0], "k_pid_att": [7.637661933898926, 10.0, 0.9874786138534546], "k_pid_yaw": [0.5, 1e-06, 0.1], "k_pid_hsp": [0.5784714818000793, 0.9687045812606812, 1.0], "k_pid_vsp": [0.0, 367.89056396484375, 373.3399963378906]}, "datetime": {"datetime": "2025-08-22 00:41:53", "elapsed": 57429.47607398033, "delta": 21.123019695281982}, "costs": {"total_cost": 1567.1310317164246, "time_cost": 150, "final_distance_cost": 9.589360793037285, "oscillation_cost": 250.54673800145818, "completition_cost": 1000.0, "overshoot_cost": 101.48923749284201, "power_cost": 18.582168811035157, "noise_cost": 36.9235266180519, "n_waypoints_completed": 0, "tot_waypoints": 9}}
{"target": -10861.916064229197, "params": {"k_pid_pos": [1.9629032611846924, 0.0, 0.1460133194923401], "k_pid_alt": [0.2093813419342041, 0.0, 0.9923861026763916], "k_pid_att": [0.0, 10.0, 1.0], "k_pid_yaw": [0.5, 1e-06, 0.1], "k_pid_hsp": [0.5232542753219604, 0.9499136209487915, 1.0], "k_pid_vsp": [17.411815643310547, 390.82611083984375, 395.4945983886719]}, "datetime": {"datetime": "2025-08-22 00:42:14", "elapsed": 57450.79933619499, "delta": 21.323262214660645}, "costs": {"total_cost": 10861.916064229197, "time_cost": 150, "final_distance_cost": 3201.3327873605563, "oscillation_cost": 1962.104198098059, "completition_cost": 1000.0, "overshoot_cost": 4410.970754186058, "power_cost": 34.664334033203126, "noise_cost": 102.8439905513211, "n_waypoints_completed": 0, "tot_waypoints": 9}}
{"target": -1958.6381132774438, "params": {"k_pid_pos": [2.0, 0.0026089847087860107, 0.0], "k_pid_alt": [0.007312655448913574, 0.0, 0.9814707040786743], "k_pid_att": [3.8331031799316406, 9.802525520324707, 1.0], "k_pid_yaw": [0.5, 1e-06, 0.1], "k_pid_hsp": [9.999999747378752e-05, 0.931429922580719, 1.0], "k_pid_vsp": [5.690145492553711, 382.6961975097656, 400.0]}, "datetime": {"datetime": "2025-08-22 00:42:36", "elapsed": 57472.577934503555, "delta": 21.778598308563232}, "costs": {"total_cost": 1958.6381132774438, "time_cost": 150, "final_distance_cost": 238.17638122039924, "oscillation_cost": 262.15486040600354, "completition_cost": 1000.0, "overshoot_cost": 247.76443490125152, "power_cost": 21.81160456542969, "noise_cost": 38.73083218435991, "n_waypoints_completed": 0, "tot_waypoints": 9}}
{"target": -5207.933145233904, "params": {"k_pid_pos": [1.9092886447906494, 0.014642864465713501, 0.044353753328323364], "k_pid_alt": [0.0, 0.0, 1.0], "k_pid_att": [0.0, 10.0, 0.959911048412323], "k_pid_yaw": [0.5, 1e-06, 0.1], "k_pid_hsp": [9.999999747378752e-05, 0.9404770135879517, 0.975679337978363], "k_pid_vsp": [0.0, 369.38385009765625, 400.0]}, "datetime": {"datetime": "2025-08-22 00:42:58", "elapsed": 57494.65134716034, "delta": 22.073412656784058}, "costs": {"total_cost": 5207.933145233904, "time_cost": 150, "final_distance_cost": 940.6190190647483, "oscillation_cost": 1387.2088551718514, "completition_cost": 1000.0, "overshoot_cost": 1633.1896421822498, "power_cost": 20.57374851074219, "noise_cost": 76.34188030431214, "n_waypoints_completed": 0, "tot_waypoints": 9}}
{"target": -6734.418004183349, "params": {"k_pid_pos": [1.9776726961135864, 0.01252835988998413, 0.011598557233810425], "k_pid_alt": [0.0, 0.0, 0.9193800687789917], "k_pid_att": [0.0, 10.0, 0.9644273519515991], "k_pid_yaw": [0.5, 1e-06, 0.1], "k_pid_hsp": [9.999999747378752e-05, 1.0, 0.9909630417823792], "k_pid_vsp": [8.636272430419922, 400.0, 398.99090576171875]}, "datetime": {"datetime": "2025-08-22 00:43:20", "elapsed": 57516.8576567173, "delta": 22.20630955696106}, "costs": {"total_cost": 6734.418004183349, "time_cost": 150, "final_distance_cost": 1716.2711986832467, "oscillation_cost": 1858.2467030928267, "completition_cost": 1000.0, "overshoot_cost": 1903.7576640431578, "power_cost": 23.66003798828125, "noise_cost": 82.482400375837, "n_waypoints_completed": 0, "tot_waypoints": 9}}
{"target": -6364.28330019381, "params": {"k_pid_pos": [2.0, 0.0, 0.024032503366470337], "k_pid_alt": [0.0, 0.0, 0.9546049237251282], "k_pid_att": [0.0, 9.503426551818848, 0.9772088527679443], "k_pid_yaw": [0.5, 1e-06, 0.1], "k_pid_hsp": [9.999999747378752e-05, 0.9946049451828003, 1.0], "k_pid_vsp": [0.0, 400.0, 383.9602355957031]}, "datetime": {"datetime": "2025-08-22 00:43:42", "elapsed": 57538.689725875854, "delta": 21.832069158554077}, "costs": {"total_cost": 6364.28330019381, "time_cost": 150, "final_distance_cost": 1388.9165857579853, "oscillation_cost": 902.960275098445, "completition_cost": 1000.0, "overshoot_cost": 2832.336596974062, "power_cost": 18.371865197753905, "noise_cost": 71.69797716556359, "n_waypoints_completed": 0, "tot_waypoints": 9}}
{"target": -1796.6305756806428, "params": {"k_pid_pos": [2.0, 0.06816187500953674, 0.0], "k_pid_alt": [0.07448709011077881, 0.0, 1.0], "k_pid_att": [2.7602791786193848, 9.992230415344238, 1.0], "k_pid_yaw": [0.5, 1e-06, 0.1], "k_pid_hsp": [9.999999747378752e-05, 1.0, 0.9385113716125488], "k_pid_vsp": [3.4165024757385254, 400.0, 400.0]}, "datetime": {"datetime": "2025-08-22 00:44:03", "elapsed": 57560.090736866, "delta": 21.401010990142822}, "costs": {"total_cost": 1796.6305756806428, "time_cost": 150, "final_distance_cost": 40.5478332440749, "oscillation_cost": 356.83568977636577, "completition_cost": 1000.0, "overshoot_cost": 171.1819174687763, "power_cost": 24.771575903320315, "noise_cost": 53.2935592881053, "n_waypoints_completed": 0, "tot_waypoints": 9}}
{"target": -1597.7178809724985, "params": {"k_pid_pos": [1.9373652935028076, 0.03954228758811951, 0.07229453325271606], "k_pid_alt": [0.0976485013961792, 0.0, 1.0], "k_pid_att": [4.096916198730469, 9.576679229736328, 1.0], "k_pid_yaw": [0.5, 1e-06, 0.1], "k_pid_hsp": [0.09868598729372025, 0.9743356704711914, 0.897279679775238], "k_pid_vsp": [31.15863800048828, 385.4967346191406, 400.0]}, "datetime": {"datetime": "2025-08-22 00:44:26", "elapsed": 57582.60331463814, "delta": 22.512577772140503}, "costs": {"total_cost": 1597.7178809724985, "time_cost": 150, "final_distance_cost": 6.380201825694307, "oscillation_cost": 265.2185484796018, "completition_cost": 1000.0, "overshoot_cost": 107.32073872174635, "power_cost": 24.782179040527346, "noise_cost": 44.016212904928736, "n_waypoints_completed": 0, "tot_waypoints": 9}}
{"target": -2974.3889323988783, "params": {"k_pid_pos": [1.9833621978759766, 0.040870845317840576, 0.01565876603126526], "k_pid_alt": [0.06018412113189697, 0.0, 0.9149814248085022], "k_pid_att": [6.967991828918457, 10.0, 1.0], "k_pid_yaw": [0.5, 1e-06, 0.1], "k_pid_hsp": [0.7415227890014648, 1.0, 0.9498178958892822], "k_pid_vsp": [0.0, 400.0, 400.0]}, "datetime": {"datetime": "2025-08-22 00:44:46", "elapsed": 57602.950959682465, "delta": 20.347645044326782}, "costs": {"total_cost": 2974.3889323988783, "time_cost": 150, "final_distance_cost": 853.0660283259224, "oscillation_cost": 191.70775051451022, "completition_cost": 888.8888888888888, "overshoot_cost": 857.3683049152918, "power_cost": 16.79550690917969, "noise_cost": 16.562452845085513, "n_waypoints_completed": 1, "tot_waypoints": 9}}
{"target": -1700.6243698391493, "params": {"k_pid_pos": [1.9579877853393555, 0.008893340826034546, 0.0], "k_pid_alt": [0.031150639057159424, 0.0, 1.0], "k_pid_att": [5.892250061035156, 9.628684997558594, 1.0], "k_pid_yaw": [0.5, 1e-06, 0.1], "k_pid_hsp": [0.16416968405246735, 0.976996898651123, 0.9996628761291504], "k_pid_vsp": [0.0, 389.4814758300781, 400.0]}, "datetime": {"datetime": "2025-08-22 00:45:08", "elapsed": 57624.941913604736, "delta": 21.99095392227173}, "costs": {"total_cost": 1700.6243698391493, "time_cost": 150, "final_distance_cost": 116.88771413767488, "oscillation_cost": 260.6525806910518, "completition_cost": 1000.0, "overshoot_cost": 123.7263983715964, "power_cost": 20.110348120117187, "noise_cost": 29.24732851870919, "n_waypoints_completed": 0, "tot_waypoints": 9}}
{"target": -3736.488409522134, "params": {"k_pid_pos": [2.0, 0.03976559638977051, 0.07149213552474976], "k_pid_alt": [0.0683470368385315, 0.0, 1.0], "k_pid_att": [0.0, 10.0, 1.0], "k_pid_yaw": [0.5, 1e-06, 0.1], "k_pid_hsp": [0.9175240397453308, 1.0, 0.9802453517913818], "k_pid_vsp": [45.3476676940918, 400.0, 379.93255615234375]}, "datetime": {"datetime": "2025-08-22 00:45:28", "elapsed": 57644.98175430298, "delta": 20.039840698242188}, "costs": {"total_cost": 3736.488409522134, "time_cost": 150, "final_distance_cost": 394.3738899401687, "oscillation_cost": 1318.5877160746554, "completition_cost": 1000.0, "overshoot_cost": 747.6026131720828, "power_cost": 31.129891528320314, "noise_cost": 94.79429880690664, "n_waypoints_completed": 0, "tot_waypoints": 9}}
{"target": -2067.920800213227, "params": {"k_pid_pos": [2.0, 0.0, 0.0], "k_pid_alt": [0.0, 0.0, 1.0], "k_pid_att": [1.046431064605713, 9.76231861114502, 0.9740524291992188], "k_pid_yaw": [0.5, 1e-06, 0.1], "k_pid_hsp": [0.1969843953847885, 0.9436135292053223, 1.0], "k_pid_vsp": [2.8316140174865723, 390.4108581542969, 400.0]}, "datetime": {"datetime": "2025-08-22 00:45:51", "elapsed": 57667.95376968384, "delta": 22.972015380859375}, "costs": {"total_cost": 2067.920800213227, "time_cost": 150, "final_distance_cost": 13.43725919522512, "oscillation_cost": 670.5926182578725, "completition_cost": 1000.0, "overshoot_cost": 149.41133677003046, "power_cost": 16.515836547851563, "noise_cost": 67.96374944224715, "n_waypoints_completed": 0, "tot_waypoints": 9}}
{"target": -22509.24999565092, "params": {"k_pid_pos": [1.926538109779358, 0.0, 0.0], "k_pid_alt": [0.09050577878952026, 0.03164991736412048, 0.9646292328834534], "k_pid_att": [0.0, 9.713884353637695, 1.0], "k_pid_yaw": [0.5, 1e-06, 0.1], "k_pid_hsp": [9.999999747378752e-05, 1.0, 0.9981236457824707], "k_pid_vsp": [0.0, 400.0, 400.0]}, "datetime": {"datetime": "2025-08-22 00:46:12", "elapsed": 57688.53483772278, "delta": 20.58106803894043}, "costs": {"total_cost": 22509.24999565092, "time_cost": 150, "final_distance_cost": 6837.253345218681, "oscillation_cost": 2278.0635500077146, "completition_cost": 1000.0, "overshoot_cost": 12107.470979910402, "power_cost": 34.286203747558595, "noise_cost": 102.17591676656662, "n_waypoints_completed": 0, "tot_waypoints": 9}}
{"target": -15313.43055962134, "params": {"k_pid_pos": [2.0, 0.0, 0.08627277612686157], "k_pid_alt": [0.022042691707611084, 0.029383987188339233, 1.0], "k_pid_att": [0.0, 10.0, 0.9314479827880859], "k_pid_yaw": [0.5, 1e-06, 0.1], "k_pid_hsp": [9.999999747378752e-05, 1.0, 1.0], "k_pid_vsp": [18.221485137939453, 351.2276306152344, 357.6663513183594]}, "datetime": {"datetime": "2025-08-22 00:46:34", "elapsed": 57711.05044102669, "delta": 22.5156033039093}, "costs": {"total_cost": 15313.43055962134, "time_cost": 150, "final_distance_cost": 4529.521957265562, "oscillation_cost": 1738.8397450326204, "completition_cost": 1000.0, "overshoot_cost": 7757.989458133669, "power_cost": 34.505815966796874, "noise_cost": 102.57358322269108, "n_waypoints_completed": 0, "tot_waypoints": 9}}
{"target": -11018.99811284287, "params": {"k_pid_pos": [1.8003631830215454, 0.0, 0.0], "k_pid_alt": [0.0, 0.0, 0.9093729257583618], "k_pid_att": [0.0, 9.37278938293457, 1.0], "k_pid_yaw": [0.5, 1e-06, 0.1], "k_pid_hsp": [9.999999747378752e-05, 0.9472246766090393, 0.9793807864189148], "k_pid_vsp": [15.826797485351562, 392.1916809082031, 394.7948913574219]}, "datetime": {"datetime": "2025-08-22 00:46:56", "elapsed": 57733.214316129684, "delta": 22.163875102996826}, "costs": {"total_cost": 11018.99811284287, "time_cost": 150, "final_distance_cost": 3728.684461668505, "oscillation_cost": 1909.7061338211768, "completition_cost": 1000.0, "overshoot_cost": 4114.954377484739, "power_cost": 26.9522150390625, "noise_cost": 88.70092482938709, "n_waypoints_completed": 0, "tot_waypoints": 9}}
{"target": -2018.1965919996035, "params": {"k_pid_pos": [1.7767159938812256, 0.0, 0.0], "k_pid_alt": [0.2351784110069275, 0.012196123600006104, 0.9656709432601929], "k_pid_att": [1.7450958490371704, 9.855106353759766, 0.983036994934082], "k_pid_yaw": [0.5, 1e-06, 0.1], "k_pid_hsp": [0.5657811760902405, 1.0, 1.0], "k_pid_vsp": [0.0, 363.7337646484375, 385.7301940917969]}, "datetime": {"datetime": "2025-08-22 00:47:18", "elapsed": 57755.094885110855, "delta": 21.880568981170654}, "costs": {"total_cost": 2018.1965919996035, "time_cost": 150, "final_distance_cost": 6.973966233936245, "oscillation_cost": 520.9520520117313, "completition_cost": 1000.0, "overshoot_cost": 214.53060709677447, "power_cost": 31.581376367187502, "noise_cost": 94.15859028997397, "n_waypoints_completed": 0, "tot_waypoints": 9}}
{"target": -9777.06180880004, "params": {"k_pid_pos": [1.9267915487289429, 0.0, 0.051867663860321045], "k_pid_alt": [0.07010829448699951, 0.07550829648971558, 0.9877641201019287], "k_pid_att": [0.0, 10.0, 0.9905766844749451], "k_pid_yaw": [0.5, 1e-06, 0.1], "k_pid_hsp": [0.9616327881813049, 1.0, 1.0], "k_pid_vsp": [11.127483367919922, 400.0, 400.0]}, "datetime": {"datetime": "2025-08-22 00:47:40", "elapsed": 57776.97319531441, "delta": 21.878310203552246}, "costs": {"total_cost": 9777.06180880004, "time_cost": 150, "final_distance_cost": 2624.822242633661, "oscillation_cost": 1511.6661431187947, "completition_cost": 1000.0, "overshoot_cost": 4351.222463082344, "power_cost": 35.206310266113285, "noise_cost": 104.14464969912602, "n_waypoints_completed": 0, "tot_waypoints": 9}}
{"target": -8754.6451315549, "params": {"k_pid_pos": [1.7206460237503052, 0.0, 0.0017374157905578613], "k_pid_alt": [0.07544451951980591, 0.0, 1.0], "k_pid_att": [0.0, 10.0, 1.0], "k_pid_yaw": [0.5, 1e-06, 0.1], "k_pid_hsp": [9.999999747378752e-05, 1.0, 1.0], "k_pid_vsp": [21.58222198486328, 400.0, 400.0]}, "datetime": {"datetime": "2025-08-22 00:48:01", "elapsed": 57798.18517661095, "delta": 21.211981296539307}, "costs": {"total_cost": 8754.6451315549, "time_cost": 150, "final_distance_cost": 2614.109087775228, "oscillation_cost": 643.6432039419244, "completition_cost": 1000.0, "overshoot_cost": 4221.174758276801, "power_cost": 31.59349273681641, "noise_cost": 94.12458882413002, "n_waypoints_completed": 0, "tot_waypoints": 9}}
{"target": -5241.78293306602, "params": {"k_pid_pos": [1.9044384956359863, 0.020897984504699707, 0.0], "k_pid_alt": [0.15650546550750732, 0.0, 1.0], "k_pid_att": [0.0, 10.0, 1.0], "k_pid_yaw": [0.5, 1e-06, 0.1], "k_pid_hsp": [0.002742247423157096, 1.0, 1.0], "k_pid_vsp": [2.840852737426758, 374.4307556152344, 399.00909423828125]}, "datetime": {"datetime": "2025-08-22 00:48:24", "elapsed": 57820.6354072094, "delta": 22.450230598449707}, "costs": {"total_cost": 5241.78293306602, "time_cost": 150, "final_distance_cost": 588.8621967509906, "oscillation_cost": 1452.3169633079863, "completition_cost": 1000.0, "overshoot_cost": 1916.853849119017, "power_cost": 33.56243402099609, "noise_cost": 100.1874898670291, "n_waypoints_completed": 0, "tot_waypoints": 9}}
{"target": -2864.0312870419402, "params": {"k_pid_pos": [2.0, 0.0, 0.0326656699180603], "k_pid_alt": [0.0, 0.04799738526344299, 0.9949302077293396], "k_pid_att": [0.0, 9.590092658996582, 1.0], "k_pid_yaw": [0.5, 1e-06, 0.1], "k_pid_hsp": [9.999999747378752e-05, 1.0, 0.9712139368057251], "k_pid_vsp": [0.0, 400.0, 366.7493896484375]}, "datetime": {"datetime": "2025-08-22 00:48:44", "elapsed": 57841.466489076614, "delta": 20.831081867218018}, "costs": {"total_cost": 2864.0312870419402, "time_cost": 150, "final_distance_cost": 180.02399949195285, "oscillation_cost": 962.1205762373605, "completition_cost": 1000.0, "overshoot_cost": 444.7921259436981, "power_cost": 31.579496215820313, "noise_cost": 95.51508915310889, "n_waypoints_completed": 0, "tot_waypoints": 9}}
{"target": -1812.9170983295344, "params": {"k_pid_pos": [1.8381636142730713, 0.0, 0.0], "k_pid_alt": [0.059389352798461914, 0.017672359943389893, 1.0], "k_pid_att": [2.5522141456604004, 10.0, 0.9580312371253967], "k_pid_yaw": [0.5, 1e-06, 0.1], "k_pid_hsp": [9.999999747378752e-05, 1.0, 1.0], "k_pid_vsp": [0.0, 400.0, 400.0]}, "datetime": {"datetime": "2025-08-22 00:49:07", "elapsed": 57863.67875480652, "delta": 22.212265729904175}, "costs": {"total_cost": 1812.9170983295344, "time_cost": 150, "final_distance_cost": 4.739980030884715, "oscillation_cost": 403.8149341581102, "completition_cost": 1000.0, "overshoot_cost": 143.47483448705825, "power_cost": 28.251982958984378, "noise_cost": 82.635366694497, "n_waypoints_completed": 0, "tot_waypoints": 9}}
{"target": -1722.6082902990693, "params": {"k_pid_pos": [2.0, 0.0, 0.06450155377388], "k_pid_alt": [0.0, 0.0, 1.0], "k_pid_att": [3.562197208404541, 10.0, 0.9863090515136719], "k_pid_yaw": [0.5, 1e-06, 0.1], "k_pid_hsp": [0.6359747648239136, 1.0, 1.0], "k_pid_vsp": [0.0, 380.5780029296875, 388.5074157714844]}, "datetime": {"datetime": "2025-08-22 00:49:27", "elapsed": 57884.077145814896, "delta": 20.398391008377075}, "costs": {"total_cost": 1722.6082902990693, "time_cost": 150, "final_distance_cost": 27.898627398894163, "oscillation_cost": 300.05412351445614, "completition_cost": 1000.0, "overshoot_cost": 175.55339045519705, "power_cost": 15.711446936035157, "noise_cost": 53.390701994486534, "n_waypoints_completed": 0, "tot_waypoints": 9}}
{"target": -1684.8487670021611, "params": {"k_pid_pos": [1.9764893054962158, 0.02579978108406067, 0.001912146806716919], "k_pid_alt": [0.022957146167755127, 0.0, 0.9708305597305298], "k_pid_att": [7.296210289001465, 9.773303031921387, 0.9410409927368164], "k_pid_yaw": [0.5, 1e-06, 0.1], "k_pid_hsp": [0.04206274077296257, 0.9415068030357361, 0.9442142844200134], "k_pid_vsp": [2.370738983154297, 400.0, 400.0]}, "datetime": {"datetime": "2025-08-22 00:49:49", "elapsed": 57906.199682474136, "delta": 22.122536659240723}, "costs": {"total_cost": 1684.8487670021611, "time_cost": 150, "final_distance_cost": 12.390147532791069, "oscillation_cost": 302.2576987323515, "completition_cost": 1000.0, "overshoot_cost": 144.3460665594686, "power_cost": 18.166152075195313, "noise_cost": 57.68870210235478, "n_waypoints_completed": 0, "tot_waypoints": 9}}
{"target": -15012.624090851505, "params": {"k_pid_pos": [1.7948840856552124, 0.0, 0.005270272493362427], "k_pid_alt": [0.0, 0.02423211932182312, 0.9913090467453003], "k_pid_att": [0.0, 9.465811729431152, 1.0], "k_pid_yaw": [0.5, 1e-06, 0.1], "k_pid_hsp": [0.1138295903801918, 1.0, 0.8832954168319702], "k_pid_vsp": [0.0, 400.0, 400.0]}, "datetime": {"datetime": "2025-08-22 00:50:11", "elapsed": 57927.88347387314, "delta": 21.683791399002075}, "costs": {"total_cost": 15012.624090851505, "time_cost": 150, "final_distance_cost": 4818.316595189963, "oscillation_cost": 2031.1826349073933, "completition_cost": 1000.0, "overshoot_cost": 6875.724573855059, "power_cost": 34.73177707519532, "noise_cost": 102.6685098238929, "n_waypoints_completed": 0, "tot_waypoints": 9}}
{"target": -4888.828420290432, "params": {"k_pid_pos": [2.0, 0.011547684669494629, 0.0], "k_pid_alt": [0.0, 0.05202728509902954, 1.0], "k_pid_att": [13.546514511108398, 10.0, 0.9083526134490967], "k_pid_yaw": [0.5, 1e-06, 0.1], "k_pid_hsp": [0.0008015396306291223, 1.0, 1.0], "k_pid_vsp": [0.0, 400.0, 359.2695617675781]}, "datetime": {"datetime": "2025-08-22 00:50:32", "elapsed": 57948.91945171356, "delta": 21.035977840423584}, "costs": {"total_cost": 4888.828420290432, "time_cost": 150, "final_distance_cost": 1337.142028463464, "oscillation_cost": 338.33020139985877, "completition_cost": 1000.0, "overshoot_cost": 2022.6603947025085, "power_cost": 19.58719519042969, "noise_cost": 21.108600534170954, "n_waypoints_completed": 0, "tot_waypoints": 9}}
