{"target": -16094.661588339892, "params": {"k_pid_pos": [2.0, 0.0, 0.0140247642993927], "k_pid_alt": [0.0, 0.08914756774902344, 1.0], "k_pid_att": [0.0, 8.980146408081055, 1.0], "k_pid_yaw": [0.5, 1e-06, 0.1], "k_pid_hsp": [9.999999747378752e-05, 1.0, 0.9781314730644226], "k_pid_vsp": [4.373598098754883, 400.0, 400.0]}, "datetime": {"datetime": "2025-08-22 01:10:14", "elapsed": 59131.11461734772, "delta": 20.13386368751526}, "costs": {"total_cost": 16094.661588339892, "time_cost": 150, "final_distance_cost": 4763.55434694253, "oscillation_cost": 2057.6265864037655, "completition_cost": 1000.0, "overshoot_cost": 7995.270827183776, "power_cost": 31.449268811035157, "noise_cost": 96.76055899878544, "n_waypoints_completed": 0, "tot_waypoints": 9}}
{"target": -4729.87440386819, "params": {"k_pid_pos": [2.0, 0.05731824040412903, 0.03508707880973816], "k_pid_alt": [0.012440919876098633, 0.0, 1.0], "k_pid_att": [0.0, 10.0, 0.9838799834251404], "k_pid_yaw": [0.5, 1e-06, 0.1], "k_pid_hsp": [0.04729806259274483, 1.0, 1.0], "k_pid_vsp": [0.0, 399.0852966308594, 400.0]}, "datetime": {"datetime": "2025-08-22 01:10:36", "elapsed": 59152.790080070496, "delta": 21.67546272277832}, "costs": {"total_cost": 4729.87440386819, "time_cost": 150, "final_distance_cost": 623.972379412299, "oscillation_cost": 1998.078443956577, "completition_cost": 1000.0, "overshoot_cost": 828.513909011847, "power_cost": 31.814586328125003, "noise_cost": 97.49508515934153, "n_waypoints_completed": 0, "tot_waypoints": 9}}
{"target": -2103.1985257618444, "params": {"k_pid_pos": [1.9304126501083374, 0.02320307493209839, 0.038844794034957886], "k_pid_alt": [0.0, 0.0, 0.9874950051307678], "k_pid_att": [0.8234262466430664, 9.9133882522583, 0.9741567373275757], "k_pid_yaw": [0.5, 1e-06, 0.1], "k_pid_hsp": [9.999999747378752e-05, 1.0, 1.0], "k_pid_vsp": [4.959070682525635, 400.0, 382.2337646484375]}, "datetime": {"datetime": "2025-08-22 01:10:56", "elapsed": 59173.32645487785, "delta": 20.536374807357788}, "costs": {"total_cost": 2103.1985257618444, "time_cost": 150, "final_distance_cost": 103.46774591009303, "oscillation_cost": 602.8789126062921, "completition_cost": 1000.0, "overshoot_cost": 162.8675910334577, "power_cost": 16.263194567871096, "noise_cost": 67.72108164413062, "n_waypoints_completed": 0, "tot_waypoints": 9}}
{"target": -5315.4948552977985, "params": {"k_pid_pos": [1.9984935522079468, 0.035667210817337036, 0.0], "k_pid_alt": [0.0, 0.0, 0.966035008430481], "k_pid_att": [0.0, 9.70807933807373, 1.0], "k_pid_yaw": [0.5, 1e-06, 0.1], "k_pid_hsp": [9.999999747378752e-05, 1.0, 1.0], "k_pid_vsp": [36.82870864868164, 381.4096984863281, 391.51239013671875]}, "datetime": {"datetime": "2025-08-22 01:11:19", "elapsed": 59195.925448179245, "delta": 22.5989933013916}, "costs": {"total_cost": 5315.4948552977985, "time_cost": 150, "final_distance_cost": 920.2685866251813, "oscillation_cost": 976.6725424339767, "completition_cost": 1000.0, "overshoot_cost": 2172.3198863984685, "power_cost": 20.40758651123047, "noise_cost": 75.82625332894105, "n_waypoints_completed": 0, "tot_waypoints": 9}}
{"target": -10925.78047653811, "params": {"k_pid_pos": [2.0, 0.03921175003051758, 0.0], "k_pid_alt": [0.0, 0.039313048124313354, 1.0], "k_pid_att": [0.0, 9.675690650939941, 1.0], "k_pid_yaw": [0.5, 1e-06, 0.1], "k_pid_hsp": [0.5875399112701416, 0.9968011379241943, 1.0], "k_pid_vsp": [0.0, 375.7074279785156, 389.6313781738281]}, "datetime": {"datetime": "2025-08-22 01:11:39", "elapsed": 59216.25346183777, "delta": 20.32801365852356}, "costs": {"total_cost": 10925.78047653811, "time_cost": 150, "final_distance_cost": 2630.057270617908, "oscillation_cost": 1768.6097218989257, "completition_cost": 1000.0, "overshoot_cost": 5242.606164745499, "power_cost": 33.54969985351563, "noise_cost": 100.95761942226075, "n_waypoints_completed": 0, "tot_waypoints": 9}}
{"target": -3482.9580731788765, "params": {"k_pid_pos": [1.9560624361038208, 0.07744348049163818, 0.0], "k_pid_alt": [0.0, 0.0, 1.0], "k_pid_att": [0.0, 9.96259593963623, 1.0], "k_pid_yaw": [0.5, 1e-06, 0.1], "k_pid_hsp": [9.999999747378752e-05, 1.0, 1.0], "k_pid_vsp": [0.0, 400.0, 397.1901550292969]}, "datetime": {"datetime": "2025-08-22 01:12:04", "elapsed": 59240.50905561447, "delta": 24.25559377670288}, "costs": {"total_cost": 3482.9580731788765, "time_cost": 150, "final_distance_cost": 447.2251940907643, "oscillation_cost": 957.4453181990971, "completition_cost": 1000.0, "overshoot_cost": 829.7656431816577, "power_cost": 21.08392618408203, "noise_cost": 77.43799152327581, "n_waypoints_completed": 0, "tot_waypoints": 9}}
{"target": -7677.718025974062, "params": {"k_pid_pos": [1.9653434753417969, 0.0, 0.0], "k_pid_alt": [0.0, 0.05788096785545349, 1.0], "k_pid_att": [0.0, 10.0, 0.9622710943222046], "k_pid_yaw": [0.5, 1e-06, 0.1], "k_pid_hsp": [0.036704935133457184, 0.9699575901031494, 1.0], "k_pid_vsp": [0.0, 400.0, 400.0]}, "datetime": {"datetime": "2025-08-22 01:12:25", "elapsed": 59262.06425213814, "delta": 21.555196523666382}, "costs": {"total_cost": 7677.718025974062, "time_cost": 150, "final_distance_cost": 1651.0433287931596, "oscillation_cost": 1120.3770365324683, "completition_cost": 1000.0, "overshoot_cost": 3624.801039012816, "power_cost": 32.92968525390625, "noise_cost": 98.56693638171092, "n_waypoints_completed": 0, "tot_waypoints": 9}}
{"target": -4773.990511159651, "params": {"k_pid_pos": [2.0, 0.03604769706726074, 0.007908791303634644], "k_pid_alt": [0.0, 0.007280260324478149, 1.0], "k_pid_att": [0.0, 9.738078117370605, 0.9951814413070679], "k_pid_yaw": [0.5, 1e-06, 0.1], "k_pid_hsp": [0.42548900842666626, 0.9699884057044983, 0.9971992373466492], "k_pid_vsp": [0.0, 369.9348449707031, 400.0]}, "datetime": {"datetime": "2025-08-22 01:12:46", "elapsed": 59282.98438358307, "delta": 20.92013144493103}, "costs": {"total_cost": 4773.990511159651, "time_cost": 150, "final_distance_cost": 715.8945531833157, "oscillation_cost": 1139.6551007297471, "completition_cost": 1000.0, "overshoot_cost": 1642.9685542383431, "power_cost": 31.01362185058594, "noise_cost": 94.45868115765954, "n_waypoints_completed": 0, "tot_waypoints": 9}}
{"target": -13162.213555091565, "params": {"k_pid_pos": [2.0, 0.0, 0.0], "k_pid_alt": [0.0, 0.03900963068008423, 1.0], "k_pid_att": [0.0, 10.0, 0.9470540285110474], "k_pid_yaw": [0.5, 1e-06, 0.1], "k_pid_hsp": [1.0468195676803589, 0.9768438339233398, 1.0], "k_pid_vsp": [40.866065979003906, 400.0, 389.77362060546875]}, "datetime": {"datetime": "2025-08-22 01:13:07", "elapsed": 59303.9401140213, "delta": 20.955730438232422}, "costs": {"total_cost": 13162.213555091565, "time_cost": 150, "final_distance_cost": 3701.2233894631468, "oscillation_cost": 2341.2739629203647, "completition_cost": 1000.0, "overshoot_cost": 5845.971120759002, "power_cost": 29.88792214355469, "noise_cost": 93.85715980549689, "n_waypoints_completed": 0, "tot_waypoints": 9}}
{"target": -2098.4123643326516, "params": {"k_pid_pos": [2.0, 0.09793552756309509, 0.05120038986206055], "k_pid_alt": [0.0039768218994140625, 0.03326970338821411, 0.9937436580657959], "k_pid_att": [2.5492758750915527, 9.917587280273438, 1.0], "k_pid_yaw": [0.5, 1e-06, 0.1], "k_pid_hsp": [0.3746372163295746, 1.0, 1.0], "k_pid_vsp": [5.79676628112793, 400.0, 400.0]}, "datetime": {"datetime": "2025-08-22 01:13:31", "elapsed": 59328.03565502167, "delta": 24.09554100036621}, "costs": {"total_cost": 2098.4123643326516, "time_cost": 150, "final_distance_cost": 116.97473450525708, "oscillation_cost": 359.99471823676794, "completition_cost": 1000.0, "overshoot_cost": 368.3672771732085, "power_cost": 25.36764852294922, "noise_cost": 77.70798589446885, "n_waypoints_completed": 0, "tot_waypoints": 9}}
{"target": -10355.926969951612, "params": {"k_pid_pos": [1.9560694694519043, 0.0, 0.0], "k_pid_alt": [0.23588526248931885, 0.062161654233932495, 1.0], "k_pid_att": [0.0, 10.0, 1.0], "k_pid_yaw": [0.5, 1e-06, 0.1], "k_pid_hsp": [9.999999747378752e-05, 1.0, 0.973362386226654], "k_pid_vsp": [0.0, 382.6317443847656, 389.4792175292969]}, "datetime": {"datetime": "2025-08-22 01:13:53", "elapsed": 59350.01122188568, "delta": 21.975566864013672}, "costs": {"total_cost": 10355.926969951612, "time_cost": 150, "final_distance_cost": 2595.0128238238303, "oscillation_cost": 915.3681405237734, "completition_cost": 1000.0, "overshoot_cost": 5573.256556012652, "power_cost": 30.366029260253907, "noise_cost": 91.92342033110297, "n_waypoints_completed": 0, "tot_waypoints": 9}}
{"target": -15458.037374553518, "params": {"k_pid_pos": [1.844563603401184, 0.0, 0.0], "k_pid_alt": [0.0, 0.0, 0.9022821187973022], "k_pid_att": [0.0, 9.129988670349121, 0.9643759727478027], "k_pid_yaw": [0.5, 1e-06, 0.1], "k_pid_hsp": [0.006109876092523336, 1.0, 0.9232524633407593], "k_pid_vsp": [10.439395904541016, 383.71820068359375, 400.0]}, "datetime": {"datetime": "2025-08-22 01:14:15", "elapsed": 59371.51647043228, "delta": 21.505248546600342}, "costs": {"total_cost": 15458.037374553518, "time_cost": 150, "final_distance_cost": 4965.427585277078, "oscillation_cost": 2090.4107694487643, "completition_cost": 1000.0, "overshoot_cost": 7132.071228706307, "power_cost": 28.03664881591797, "noise_cost": 92.0911423054516, "n_waypoints_completed": 0, "tot_waypoints": 9}}
{"target": -2118.214227165374, "params": {"k_pid_pos": [2.0, 0.10111391544342041, 0.0], "k_pid_alt": [0.025716423988342285, 0.037304580211639404, 0.9705028533935547], "k_pid_att": [12.350996971130371, 9.752634048461914, 1.0], "k_pid_yaw": [0.5, 1e-06, 0.1], "k_pid_hsp": [0.18183542788028717, 1.0, 0.8760679960250854], "k_pid_vsp": [21.024227142333984, 400.0, 379.6328430175781]}, "datetime": {"datetime": "2025-08-22 01:14:36", "elapsed": 59393.23232936859, "delta": 21.715858936309814}, "costs": {"total_cost": 2118.214227165374, "time_cost": 150, "final_distance_cost": 391.60345049782336, "oscillation_cost": 245.60022203386026, "completition_cost": 1000.0, "overshoot_cost": 291.8266813986185, "power_cost": 17.478764685058593, "noise_cost": 21.705108550012756, "n_waypoints_completed": 0, "tot_waypoints": 9}}
{"target": -9292.47287321887, "params": {"k_pid_pos": [2.0, 0.0, 0.0], "k_pid_alt": [0.0, 0.0, 1.0], "k_pid_att": [0.0, 9.303445816040039, 1.0], "k_pid_yaw": [0.5, 1e-06, 0.1], "k_pid_hsp": [0.39937737584114075, 0.9572873711585999, 0.981144368648529], "k_pid_vsp": [0.0, 400.0, 400.0]}, "datetime": {"datetime": "2025-08-22 01:14:58", "elapsed": 59415.33401298523, "delta": 22.101683616638184}, "costs": {"total_cost": 9292.47287321887, "time_cost": 150, "final_distance_cost": 2580.2492725363854, "oscillation_cost": 1695.2019824411564, "completition_cost": 1000.0, "overshoot_cost": 3751.725631563575, "power_cost": 26.153235876464844, "noise_cost": 89.14275080128776, "n_waypoints_completed": 0, "tot_waypoints": 9}}
{"target": -4766.224556887947, "params": {"k_pid_pos": [1.9571794271469116, 0.044587165117263794, 0.0], "k_pid_alt": [0.0, 0.0, 1.0], "k_pid_att": [0.20855963230133057, 10.0, 0.9596812129020691], "k_pid_yaw": [0.5, 1e-06, 0.1], "k_pid_hsp": [9.999999747378752e-05, 1.0, 1.0], "k_pid_vsp": [23.735450744628906, 400.0, 400.0]}, "datetime": {"datetime": "2025-08-22 01:15:20", "elapsed": 59437.087882995605, "delta": 21.753870010375977}, "costs": {"total_cost": 4766.224556887947, "time_cost": 150, "final_distance_cost": 680.3927614858537, "oscillation_cost": 1972.9218848926178, "completition_cost": 1000.0, "overshoot_cost": 849.0156239796868, "power_cost": 26.409947485351562, "noise_cost": 87.48433904443668, "n_waypoints_completed": 0, "tot_waypoints": 9}}
{"target": -1906.5340725043432, "params": {"k_pid_pos": [2.0, 0.0, 0.0], "k_pid_alt": [0.0, 0.0, 1.0], "k_pid_att": [5.755239486694336, 9.501903533935547, 1.0], "k_pid_yaw": [0.5, 1e-06, 0.1], "k_pid_hsp": [9.999999747378752e-05, 0.9331095218658447, 0.952121376991272], "k_pid_vsp": [0.0, 377.737060546875, 370.5939636230469]}, "datetime": {"datetime": "2025-08-22 01:15:42", "elapsed": 59458.7725417614, "delta": 21.684658765792847}, "costs": {"total_cost": 1906.5340725043432, "time_cost": 150, "final_distance_cost": 66.45217649710338, "oscillation_cost": 244.5409203095124, "completition_cost": 1000.0, "overshoot_cost": 404.96753161559275, "power_cost": 19.781660925292968, "noise_cost": 20.7917831568415, "n_waypoints_completed": 0, "tot_waypoints": 9}}
{"target": -1643.3030200185365, "params": {"k_pid_pos": [1.911348581314087, 0.0, 0.04814586043357849], "k_pid_alt": [0.0, 0.022140294313430786, 0.9280344247817993], "k_pid_att": [2.9394893646240234, 9.450200080871582, 0.9547711610794067], "k_pid_yaw": [0.5, 1e-06, 0.1], "k_pid_hsp": [9.999999747378752e-05, 1.0, 0.971218466758728], "k_pid_vsp": [27.053070068359375, 387.0506896972656, 398.4169616699219]}, "datetime": {"datetime": "2025-08-22 01:16:02", "elapsed": 59479.36402654648, "delta": 20.591484785079956}, "costs": {"total_cost": 1643.3030200185365, "time_cost": 150, "final_distance_cost": 7.301689483288095, "oscillation_cost": 313.72260885163377, "completition_cost": 1000.0, "overshoot_cost": 103.07868392002307, "power_cost": 25.096310546875003, "noise_cost": 44.103727216716706, "n_waypoints_completed": 0, "tot_waypoints": 9}}
{"target": -1874.6407864931584, "params": {"k_pid_pos": [1.799593448638916, 0.0, 0.04802727699279785], "k_pid_alt": [0.14250552654266357, 0.0004763603210449219, 1.0], "k_pid_att": [2.0310282707214355, 9.114986419677734, 1.0], "k_pid_yaw": [0.5, 1e-06, 0.1], "k_pid_hsp": [9.999999747378752e-05, 1.0, 0.9586790204048157], "k_pid_vsp": [0.0, 400.0, 392.3733215332031]}, "datetime": {"datetime": "2025-08-22 01:16:25", "elapsed": 59502.147750377655, "delta": 22.783723831176758}, "costs": {"total_cost": 1874.6407864931584, "time_cost": 150, "final_distance_cost": 19.649321187547667, "oscillation_cost": 429.3391075089895, "completition_cost": 1000.0, "overshoot_cost": 158.98869454023927, "power_cost": 30.095408508300782, "noise_cost": 86.56825474808127, "n_waypoints_completed": 0, "tot_waypoints": 9}}
{"target": -4112.399167752679, "params": {"k_pid_pos": [2.0, 0.02741062641143799, 0.013935476541519165], "k_pid_alt": [0.0, 0.04387068748474121, 1.0], "k_pid_att": [0.8313387632369995, 10.0, 0.9863983988761902], "k_pid_yaw": [0.5, 1e-06, 0.1], "k_pid_hsp": [9.999999747378752e-05, 0.9573265314102173, 1.0], "k_pid_vsp": [0.0, 400.0, 400.0]}, "datetime": {"datetime": "2025-08-22 01:16:47", "elapsed": 59523.64678263664, "delta": 21.499032258987427}, "costs": {"total_cost": 4112.399167752679, "time_cost": 150, "final_distance_cost": 968.9570972568624, "oscillation_cost": 632.241713696296, "completition_cost": 1000.0, "overshoot_cost": 1239.6365279912247, "power_cost": 30.321914990234376, "noise_cost": 91.24191381806158, "n_waypoints_completed": 0, "tot_waypoints": 9}}
{"target": -11367.019713900254, "params": {"k_pid_pos": [1.9804059267044067, 0.0, 0.048349469900131226], "k_pid_alt": [0.03722018003463745, 0.0, 1.0], "k_pid_att": [0.0, 10.0, 0.8989261984825134], "k_pid_yaw": [0.5, 1e-06, 0.1], "k_pid_hsp": [0.6671634912490845, 1.0, 1.0], "k_pid_vsp": [0.0, 400.0, 400.0]}, "datetime": {"datetime": "2025-08-22 01:17:09", "elapsed": 59546.06918334961, "delta": 22.42240071296692}, "costs": {"total_cost": 11367.019713900254, "time_cost": 150, "final_distance_cost": 2951.3849297159823, "oscillation_cost": 2115.868564434713, "completition_cost": 1000.0, "overshoot_cost": 5021.3164109696645, "power_cost": 31.452201660156252, "noise_cost": 96.9976071197384, "n_waypoints_completed": 0, "tot_waypoints": 9}}
{"target": -1726.8138664655798, "params": {"k_pid_pos": [2.0, 0.02060645818710327, 0.0], "k_pid_alt": [0.02341097593307495, 0.029572367668151855, 0.9982411861419678], "k_pid_att": [5.963364124298096, 9.95683479309082, 0.9238033294677734], "k_pid_yaw": [0.5, 1e-06, 0.1], "k_pid_hsp": [9.999999747378752e-05, 1.0, 0.9515604972839355], "k_pid_vsp": [17.30911636352539, 382.5242919921875, 400.0]}, "datetime": {"datetime": "2025-08-22 01:17:30", "elapsed": 59566.5267033577, "delta": 20.457520008087158}, "costs": {"total_cost": 1726.8138664655798, "time_cost": 150, "final_distance_cost": 14.703096458499541, "oscillation_cost": 225.4127084574742, "completition_cost": 1000.0, "overshoot_cost": 279.93358986389796, "power_cost": 16.587239172363283, "noise_cost": 40.177232513344734, "n_waypoints_completed": 0, "tot_waypoints": 9}}
{"target": -20844.504979221, "params": {"k_pid_pos": [1.9221980571746826, 0.0762668251991272, 0.0], "k_pid_alt": [0.021427035331726074, 0.03700733184814453, 0.9644386172294617], "k_pid_att": [0.0, 9.647360801696777, 0.9400492906570435], "k_pid_yaw": [0.5, 1e-06, 0.1], "k_pid_hsp": [0.7778308987617493, 0.982138991355896, 1.0], "k_pid_vsp": [0.0, 388.905517578125, 352.9288024902344]}, "datetime": {"datetime": "2025-08-22 01:17:52", "elapsed": 59588.94599914551, "delta": 22.41929578781128}, "costs": {"total_cost": 20844.504979221, "time_cost": 150, "final_distance_cost": 5997.39775128806, "oscillation_cost": 2366.775177393796, "completition_cost": 1000.0, "overshoot_cost": 11198.375086838154, "power_cost": 32.64418698730469, "noise_cost": 99.31277671368835, "n_waypoints_completed": 0, "tot_waypoints": 9}}
{"target": -4307.976346568498, "params": {"k_pid_pos": [1.8840588331222534, 0.03847193717956543, 0.0], "k_pid_alt": [0.05047339200973511, 0.1125679612159729, 0.9494423866271973], "k_pid_att": [0.0, 10.0, 0.9582552313804626], "k_pid_yaw": [0.5, 1e-06, 0.1], "k_pid_hsp": [0.636748731136322, 1.0, 0.9524781703948975], "k_pid_vsp": [2.5088071823120117, 400.0, 400.0]}, "datetime": {"datetime": "2025-08-22 01:18:14", "elapsed": 59610.579758405685, "delta": 21.633759260177612}, "costs": {"total_cost": 4307.976346568498, "time_cost": 150, "final_distance_cost": 463.76768109880004, "oscillation_cost": 1546.391051075503, "completition_cost": 1000.0, "overshoot_cost": 1010.5783458226083, "power_cost": 34.533544079589845, "noise_cost": 102.7057244919968, "n_waypoints_completed": 0, "tot_waypoints": 9}}
{"target": -5130.777971279376, "params": {"k_pid_pos": [2.0, 0.005485594272613525, 0.005182147026062012], "k_pid_alt": [0.14815807342529297, 0.0, 0.9591044783592224], "k_pid_att": [0.0, 10.0, 1.0], "k_pid_yaw": [0.5, 1e-06, 0.1], "k_pid_hsp": [0.6934268474578857, 1.0, 1.0], "k_pid_vsp": [0.0, 390.3439025878906, 385.34051513671875]}, "datetime": {"datetime": "2025-08-22 01:18:35", "elapsed": 59632.32068657875, "delta": 21.740928173065186}, "costs": {"total_cost": 5130.777971279376, "time_cost": 150, "final_distance_cost": 853.0391440169697, "oscillation_cost": 1208.241208879876, "completition_cost": 1000.0, "overshoot_cost": 1789.4268776005204, "power_cost": 32.415438330078125, "noise_cost": 97.65530245193133, "n_waypoints_completed": 0, "tot_waypoints": 9}}
{"target": -2169.1808712420443, "params": {"k_pid_pos": [2.0, 0.0, 0.09103637933731079], "k_pid_alt": [0.02705538272857666, 0.04607999324798584, 0.9953286647796631], "k_pid_att": [2.167156219482422, 9.967076301574707, 1.0], "k_pid_yaw": [0.5, 1e-06, 0.1], "k_pid_hsp": [0.04845020920038223, 0.9980127215385437, 1.0], "k_pid_vsp": [0.0, 374.48779296875, 400.0]}, "datetime": {"datetime": "2025-08-22 01:18:56", "elapsed": 59653.293016672134, "delta": 20.97233009338379}, "costs": {"total_cost": 2169.1808712420443, "time_cost": 150, "final_distance_cost": 126.05881298610282, "oscillation_cost": 420.7206727171993, "completition_cost": 1000.0, "overshoot_cost": 363.9688898871059, "power_cost": 26.796527551269534, "noise_cost": 81.63596810036692, "n_waypoints_completed": 0, "tot_waypoints": 9}}
{"target": -25282.82648444907, "params": {"k_pid_pos": [1.9397939443588257, 0.0, 0.002704411745071411], "k_pid_alt": [0.0, 0.0, 0.9933580160140991], "k_pid_att": [0.0, 9.660490989685059, 1.0], "k_pid_yaw": [0.5, 1e-06, 0.1], "k_pid_hsp": [0.08578618615865707, 1.0, 1.0], "k_pid_vsp": [2.1521806716918945, 400.0, 400.0]}, "datetime": {"datetime": "2025-08-22 01:19:18", "elapsed": 59675.21069025993, "delta": 21.917673587799072}, "costs": {"total_cost": 25282.82648444907, "time_cost": 150, "final_distance_cost": 7683.674784950252, "oscillation_cost": 2144.9372756069274, "completition_cost": 1000.0, "overshoot_cost": 14176.41907888253, "power_cost": 30.442003637695315, "noise_cost": 97.35334137166362, "n_waypoints_completed": 0, "tot_waypoints": 9}}
{"target": -3307.077303436369, "params": {"k_pid_pos": [1.9358590841293335, 0.0, 0.021501123905181885], "k_pid_alt": [0.05294144153594971, 0.02712389826774597, 0.9931328296661377], "k_pid_att": [0.5158662796020508, 10.0, 0.9571171998977661], "k_pid_yaw": [0.5, 1e-06, 0.1], "k_pid_hsp": [9.999999747378752e-05, 0.9637953042984009, 0.9756588935852051], "k_pid_vsp": [4.818129539489746, 400.0, 400.0]}, "datetime": {"datetime": "2025-08-22 01:19:39", "elapsed": 59696.03978037834, "delta": 20.829090118408203}, "costs": {"total_cost": 3307.077303436369, "time_cost": 150, "final_distance_cost": 546.9651224626855, "oscillation_cost": 929.2650066507833, "completition_cost": 1000.0, "overshoot_cost": 554.3466692258121, "power_cost": 31.621074462890626, "noise_cost": 94.87943063419762, "n_waypoints_completed": 0, "tot_waypoints": 9}}
{"target": -16747.094309257893, "params": {"k_pid_pos": [1.9271272420883179, 0.0, 0.0], "k_pid_alt": [0.0, 0.07629978656768799, 0.9743165373802185], "k_pid_att": [0.0, 9.555588722229004, 1.0], "k_pid_yaw": [0.5, 1e-06, 0.1], "k_pid_hsp": [0.37803196907043457, 1.0, 1.0], "k_pid_vsp": [5.182528495788574, 400.0, 400.0]}, "datetime": {"datetime": "2025-08-22 01:20:01", "elapsed": 59717.96458649635, "delta": 21.924806118011475}, "costs": {"total_cost": 16747.094309257893, "time_cost": 150, "final_distance_cost": 5231.0727831864715, "oscillation_cost": 2250.71843022339, "completition_cost": 1000.0, "overshoot_cost": 7975.522800954271, "power_cost": 35.3689012084961, "noise_cost": 104.41139368526434, "n_waypoints_completed": 0, "tot_waypoints": 9}}
