{"target": -1675.3743196079438, "params": {"k_pid_pos": [2.0, 0.10260671377182007, 0.0016272366046905518], "k_pid_alt": [0.02806621789932251, 0.0037888288497924805, 0.97983318567276], "k_pid_att": [6.436532974243164, 9.217666625976562, 0.9317827224731445], "k_pid_yaw": [0.5, 1e-06, 0.1], "k_pid_hsp": [0.04521371051669121, 0.9271194338798523, 0.9807182550430298], "k_pid_vsp": [6.877946853637695, 400.0, 398.6291809082031]}, "datetime": {"datetime": "2025-08-21 15:52:54", "elapsed": 25690.80443906784, "delta": 24.65508246421814}, "costs": {"total_cost": 1675.3743196079438, "time_cost": 150, "final_distance_cost": 24.28817568221235, "oscillation_cost": 281.0250934531994, "completition_cost": 1000.0, "overshoot_cost": 150.96948985468143, "power_cost": 18.484773974609375, "noise_cost": 50.606786643241236, "n_waypoints_completed": 0, "tot_waypoints": 9}}
{"target": -1662.7279227527742, "params": {"k_pid_pos": [1.9490495920181274, 0.0, 0.034435659646987915], "k_pid_alt": [0.0, 0.10944530367851257, 0.9876766800880432], "k_pid_att": [4.27573299407959, 9.231793403625488, 1.0], "k_pid_yaw": [0.5, 1e-06, 0.1], "k_pid_hsp": [9.999999747378752e-05, 1.0, 1.0], "k_pid_vsp": [39.126991271972656, 400.0, 400.0]}, "datetime": {"datetime": "2025-08-21 15:53:17", "elapsed": 25714.361850976944, "delta": 23.557411909103394}, "costs": {"total_cost": 1662.7279227527742, "time_cost": 150, "final_distance_cost": 38.1564089161113, "oscillation_cost": 254.89253974673937, "completition_cost": 1000.0, "overshoot_cost": 171.86522784513852, "power_cost": 17.7440939453125, "noise_cost": 30.069652299472388, "n_waypoints_completed": 0, "tot_waypoints": 9}}
{"target": -3217.912097122502, "params": {"k_pid_pos": [1.8917344808578491, 0.006935745477676392, 0.0], "k_pid_alt": [0.05146306753158569, 0.031271517276763916, 1.0], "k_pid_att": [4.894110679626465, 9.882996559143066, 0.9339532852172852], "k_pid_yaw": [0.5, 1e-06, 0.1], "k_pid_hsp": [9.999999747378752e-05, 1.0, 1.0], "k_pid_vsp": [0.0, 397.9802551269531, 372.05975341796875]}, "datetime": {"datetime": "2025-08-21 15:53:41", "elapsed": 25737.682891607285, "delta": 23.321040630340576}, "costs": {"total_cost": 3217.912097122502, "time_cost": 150, "final_distance_cost": 695.8217349965288, "oscillation_cost": 247.28796529282718, "completition_cost": 1000.0, "overshoot_cost": 1091.899104746145, "power_cost": 18.13654940185547, "noise_cost": 14.76674268514564, "n_waypoints_completed": 0, "tot_waypoints": 9}}
{"target": -17531.916398883724, "params": {"k_pid_pos": [2.0, 0.0030285418033599854, 0.0], "k_pid_alt": [0.0, 0.0, 1.0], "k_pid_att": [0.0, 10.0, 0.9168878793716431], "k_pid_yaw": [0.5, 1e-06, 0.1], "k_pid_hsp": [9.999999747378752e-05, 1.0, 1.0], "k_pid_vsp": [16.921531677246094, 388.703857421875, 375.13629150390625]}, "datetime": {"datetime": "2025-08-21 15:54:03", "elapsed": 25760.276586294174, "delta": 22.59369468688965}, "costs": {"total_cost": 17531.916398883724, "time_cost": 150, "final_distance_cost": 5567.8611344133615, "oscillation_cost": 2105.471515294641, "completition_cost": 1000.0, "overshoot_cost": 8584.074791695259, "power_cost": 29.498576916503907, "noise_cost": 95.01038056396133, "n_waypoints_completed": 0, "tot_waypoints": 9}}
{"target": -2089.8910143879343, "params": {"k_pid_pos": [1.9192765951156616, 0.024421781301498413, 0.0], "k_pid_alt": [0.11049777269363403, 0.0, 1.0], "k_pid_att": [1.4474362134933472, 9.254347801208496, 1.0], "k_pid_yaw": [0.5, 1e-06, 0.1], "k_pid_hsp": [0.2557685673236847, 0.9477570056915283, 1.0], "k_pid_vsp": [3.781259059906006, 394.7242126464844, 400.0]}, "datetime": {"datetime": "2025-08-21 15:54:27", "elapsed": 25784.17068505287, "delta": 23.89409875869751}, "costs": {"total_cost": 2089.8910143879343, "time_cost": 150, "final_distance_cost": 47.33354223845331, "oscillation_cost": 573.7689637595502, "completition_cost": 1000.0, "overshoot_cost": 194.7238579592423, "power_cost": 30.987828625488284, "noise_cost": 93.07682180520052, "n_waypoints_completed": 0, "tot_waypoints": 9}}
{"target": -1620.7774567619877, "params": {"k_pid_pos": [2.0, 0.0546497106552124, 0.045514434576034546], "k_pid_alt": [0.0, 0.0020358264446258545, 0.9823732376098633], "k_pid_att": [4.2885870933532715, 10.0, 1.0], "k_pid_yaw": [0.5, 1e-06, 0.1], "k_pid_hsp": [9.999999747378752e-05, 0.9568280577659607, 1.0], "k_pid_vsp": [0.0, 371.658935546875, 400.0]}, "datetime": {"datetime": "2025-08-21 15:54:51", "elapsed": 25807.834196805954, "delta": 23.663511753082275}, "costs": {"total_cost": 1620.7774567619877, "time_cost": 150, "final_distance_cost": 154.83512563605282, "oscillation_cost": 264.7757962925099, "completition_cost": 888.8888888888888, "overshoot_cost": 126.67237975611374, "power_cost": 15.292751293945313, "noise_cost": 20.312514894477346, "n_waypoints_completed": 1, "tot_waypoints": 9}}
{"target": -9928.022329865002, "params": {"k_pid_pos": [1.9171589612960815, 0.0, 0.062498122453689575], "k_pid_alt": [0.0, 0.029031872749328613, 0.936855673789978], "k_pid_att": [0.0, 9.873122215270996, 1.0], "k_pid_yaw": [0.5, 1e-06, 0.1], "k_pid_hsp": [0.16355456411838531, 0.9693812727928162, 1.0], "k_pid_vsp": [5.799317359924316, 400.0, 382.1172180175781]}, "datetime": {"datetime": "2025-08-21 15:55:14", "elapsed": 25831.12143754959, "delta": 23.287240743637085}, "costs": {"total_cost": 9928.022329865002, "time_cost": 150, "final_distance_cost": 3031.5234490403463, "oscillation_cost": 1927.1772534107445, "completition_cost": 1000.0, "overshoot_cost": 3682.9550271009184, "power_cost": 34.39160283203125, "noise_cost": 101.97499748095976, "n_waypoints_completed": 0, "tot_waypoints": 9}}
{"target": -4712.072219402358, "params": {"k_pid_pos": [2.0, 0.0, 0.09327971935272217], "k_pid_alt": [0.05089932680130005, 0.022855758666992188, 1.0], "k_pid_att": [0.5617290735244751, 9.575845718383789, 0.9701902270317078], "k_pid_yaw": [0.5, 1e-06, 0.1], "k_pid_hsp": [9.999999747378752e-05, 1.0, 1.0], "k_pid_vsp": [14.653778076171875, 400.0, 400.0]}, "datetime": {"datetime": "2025-08-21 15:55:38", "elapsed": 25855.20280790329, "delta": 24.08137035369873}, "costs": {"total_cost": 4712.072219402358, "time_cost": 150, "final_distance_cost": 987.024758428875, "oscillation_cost": 1510.7325543102827, "completition_cost": 1000.0, "overshoot_cost": 941.2388463614839, "power_cost": 30.285855541992188, "noise_cost": 92.79020475972482, "n_waypoints_completed": 0, "tot_waypoints": 9}}
{"target": -2601.864231057208, "params": {"k_pid_pos": [1.9912505149841309, 0.0, 0.0], "k_pid_alt": [0.0, 0.04767429828643799, 1.0], "k_pid_att": [3.2530932426452637, 9.738046646118164, 0.947615385055542], "k_pid_yaw": [0.5, 1e-06, 0.1], "k_pid_hsp": [9.999999747378752e-05, 0.9452976584434509, 1.0], "k_pid_vsp": [0.0, 378.8344421386719, 400.0]}, "datetime": {"datetime": "2025-08-21 15:56:02", "elapsed": 25878.638812303543, "delta": 23.436004400253296}, "costs": {"total_cost": 2601.864231057208, "time_cost": 150, "final_distance_cost": 556.5144319295182, "oscillation_cost": 262.8484691579511, "completition_cost": 1000.0, "overshoot_cost": 576.466474131568, "power_cost": 21.020549560546876, "noise_cost": 35.014306277623675, "n_waypoints_completed": 0, "tot_waypoints": 9}}
{"target": -4017.2654113930207, "params": {"k_pid_pos": [2.0, 0.0, 0.0], "k_pid_alt": [0.0, 0.01016533374786377, 1.0], "k_pid_att": [0.5954504013061523, 10.0, 0.9949347376823425], "k_pid_yaw": [0.5, 1e-06, 0.1], "k_pid_hsp": [9.999999747378752e-05, 0.9571654796600342, 0.9159731864929199], "k_pid_vsp": [4.507505893707275, 376.55401611328125, 400.0]}, "datetime": {"datetime": "2025-08-21 15:56:25", "elapsed": 25902.02975010872, "delta": 23.39093780517578}, "costs": {"total_cost": 4017.2654113930207, "time_cost": 150, "final_distance_cost": 597.5948428936061, "oscillation_cost": 1193.6934463986775, "completition_cost": 1000.0, "overshoot_cost": 949.6721395994449, "power_cost": 31.401201086425782, "noise_cost": 94.9037814148664, "n_waypoints_completed": 0, "tot_waypoints": 9}}
{"target": -17899.43593365607, "params": {"k_pid_pos": [1.8782159090042114, 0.03458964824676514, 0.04668506979942322], "k_pid_alt": [0.0, 0.008149951696395874, 0.9397560954093933], "k_pid_att": [0.0, 10.0, 1.0], "k_pid_yaw": [0.5, 1e-06, 0.1], "k_pid_hsp": [0.9692201018333435, 0.9471665620803833, 0.9467812776565552], "k_pid_vsp": [22.310029983520508, 400.0, 355.0840759277344]}, "datetime": {"datetime": "2025-08-21 15:56:48", "elapsed": 25924.678334712982, "delta": 22.648584604263306}, "costs": {"total_cost": 17899.43593365607, "time_cost": 150, "final_distance_cost": 5525.702144774448, "oscillation_cost": 2212.6144725343684, "completition_cost": 1000.0, "overshoot_cost": 8878.720255191061, "power_cost": 32.80603356933594, "noise_cost": 99.59302758685668, "n_waypoints_completed": 0, "tot_waypoints": 9}}
{"target": -15487.580748263992, "params": {"k_pid_pos": [1.869755744934082, 0.0, 0.02918216586112976], "k_pid_alt": [0.0, 0.03818589448928833, 1.0], "k_pid_att": [0.0, 10.0, 0.974653959274292], "k_pid_yaw": [0.5, 1e-06, 0.1], "k_pid_hsp": [9.999999747378752e-05, 0.9628100395202637, 0.9541119933128357], "k_pid_vsp": [0.6327390670776367, 400.0, 400.0]}, "datetime": {"datetime": "2025-08-21 15:57:11", "elapsed": 25947.721314430237, "delta": 23.04297971725464}, "costs": {"total_cost": 15487.580748263992, "time_cost": 150, "final_distance_cost": 4941.419203559024, "oscillation_cost": 2037.2066479501893, "completition_cost": 1000.0, "overshoot_cost": 7221.069517971823, "power_cost": 34.86605375976563, "noise_cost": 103.01932502318934, "n_waypoints_completed": 0, "tot_waypoints": 9}}
{"target": -3786.565527427146, "params": {"k_pid_pos": [1.9692654609680176, 0.0, 0.0], "k_pid_alt": [0.008368492126464844, 0.0, 0.9407070279121399], "k_pid_att": [6.9031982421875, 10.0, 0.9789037704467773], "k_pid_yaw": [0.5, 1e-06, 0.1], "k_pid_hsp": [9.999999747378752e-05, 1.0, 0.9941136837005615], "k_pid_vsp": [0.0, 393.1564636230469, 391.2029724121094]}, "datetime": {"datetime": "2025-08-21 15:57:35", "elapsed": 25971.723095417023, "delta": 24.00178098678589}, "costs": {"total_cost": 3786.565527427146, "time_cost": 150, "final_distance_cost": 1072.7559916578364, "oscillation_cost": 210.8347750397699, "completition_cost": 1000.0, "overshoot_cost": 1306.5593164423792, "power_cost": 20.69883581542969, "noise_cost": 25.716608471730975, "n_waypoints_completed": 0, "tot_waypoints": 9}}
{"target": -15829.748260197248, "params": {"k_pid_pos": [2.0, 0.0035054683685302734, 0.0], "k_pid_alt": [0.008990824222564697, 0.0, 0.9714540839195251], "k_pid_att": [0.0, 10.0, 1.0], "k_pid_yaw": [0.5, 1e-06, 0.1], "k_pid_hsp": [9.999999747378752e-05, 1.0, 0.9506394863128662], "k_pid_vsp": [0.0, 400.0, 400.0]}, "datetime": {"datetime": "2025-08-21 15:57:58", "elapsed": 25994.67849612236, "delta": 22.955400705337524}, "costs": {"total_cost": 15829.748260197248, "time_cost": 150, "final_distance_cost": 5252.802861135957, "oscillation_cost": 2178.1138793569107, "completition_cost": 1000.0, "overshoot_cost": 7112.223410185626, "power_cost": 34.377859521484375, "noise_cost": 102.23024999727049, "n_waypoints_completed": 0, "tot_waypoints": 9}}
{"target": -7154.4890719680125, "params": {"k_pid_pos": [2.0, 0.0, 0.0], "k_pid_alt": [0.0, 0.0, 1.0], "k_pid_att": [0.0, 10.0, 0.9626811742782593], "k_pid_yaw": [0.5, 1e-06, 0.1], "k_pid_hsp": [0.00854440312832594, 0.9939674735069275, 1.0], "k_pid_vsp": [0.0, 383.3816223144531, 400.0]}, "datetime": {"datetime": "2025-08-21 15:58:22", "elapsed": 26018.68453025818, "delta": 24.00603413581848}, "costs": {"total_cost": 7154.4890719680125, "time_cost": 150, "final_distance_cost": 1637.8452812271203, "oscillation_cost": 1920.3977711243535, "completition_cost": 1000.0, "overshoot_cost": 2323.2727157834242, "power_cost": 28.469206250000003, "noise_cost": 94.50409758311469, "n_waypoints_completed": 0, "tot_waypoints": 9}}
{"target": -6151.497606518845, "params": {"k_pid_pos": [2.0, 0.05895206332206726, 0.037159502506256104], "k_pid_alt": [0.0, 0.07890969514846802, 0.9848843216896057], "k_pid_att": [0.0, 9.23884391784668, 1.0], "k_pid_yaw": [0.5, 1e-06, 0.1], "k_pid_hsp": [0.40248721837997437, 0.9933027029037476, 0.9758884906768799], "k_pid_vsp": [0.0, 400.0, 400.0]}, "datetime": {"datetime": "2025-08-21 15:58:44", "elapsed": 26041.340878486633, "delta": 22.65634822845459}, "costs": {"total_cost": 6151.497606518845, "time_cost": 150, "final_distance_cost": 1278.0217623295723, "oscillation_cost": 1931.4531423649814, "completition_cost": 1000.0, "overshoot_cost": 1661.6324234111346, "power_cost": 32.26983983154297, "noise_cost": 98.12043858161385, "n_waypoints_completed": 0, "tot_waypoints": 9}}
{"target": -20153.17986155299, "params": {"k_pid_pos": [2.0, 0.0, 0.016682296991348267], "k_pid_alt": [0.0, 0.0, 1.0], "k_pid_att": [0.38700103759765625, 10.0, 1.0], "k_pid_yaw": [0.5, 1e-06, 0.1], "k_pid_hsp": [0.16680090129375458, 1.0, 1.0], "k_pid_vsp": [0.0, 399.2483215332031, 400.0]}, "datetime": {"datetime": "2025-08-21 15:59:08", "elapsed": 26064.9592461586, "delta": 23.618367671966553}, "costs": {"total_cost": 20153.17986155299, "time_cost": 150, "final_distance_cost": 6088.274905393537, "oscillation_cost": 2252.631431483077, "completition_cost": 1000.0, "overshoot_cost": 10537.235331049935, "power_cost": 29.756973596191408, "noise_cost": 95.28122003025216, "n_waypoints_completed": 0, "tot_waypoints": 9}}
{"target": -1600.1325171948972, "params": {"k_pid_pos": [1.8671519756317139, 0.0, 0.0588032603263855], "k_pid_alt": [0.0, 0.013410449028015137, 1.0], "k_pid_att": [5.7882399559021, 10.0, 0.9227368235588074], "k_pid_yaw": [0.5, 1e-06, 0.1], "k_pid_hsp": [0.16841766238212585, 1.0, 0.9181261658668518], "k_pid_vsp": [8.07497501373291, 400.0, 359.1973876953125]}, "datetime": {"datetime": "2025-08-21 15:59:32", "elapsed": 26089.324592590332, "delta": 24.365346431732178}, "costs": {"total_cost": 1600.1325171948972, "time_cost": 150, "final_distance_cost": 15.195336103692929, "oscillation_cost": 229.70543542228893, "completition_cost": 1000.0, "overshoot_cost": 149.56211111373077, "power_cost": 17.70590399169922, "noise_cost": 37.96373056348551, "n_waypoints_completed": 0, "tot_waypoints": 9}}
{"target": -2966.497848271823, "params": {"k_pid_pos": [1.940090537071228, 0.0, 0.051900118589401245], "k_pid_alt": [0.0, 0.034467726945877075, 0.9745242595672607], "k_pid_att": [3.3938674926757812, 9.87711238861084, 0.9377743005752563], "k_pid_yaw": [0.5, 1e-06, 0.1], "k_pid_hsp": [9.999999747378752e-05, 1.0, 0.9558554887771606], "k_pid_vsp": [0.0, 384.84246826171875, 400.0]}, "datetime": {"datetime": "2025-08-21 15:59:57", "elapsed": 26113.501137018204, "delta": 24.176544427871704}, "costs": {"total_cost": 2966.497848271823, "time_cost": 150, "final_distance_cost": 728.6112525447783, "oscillation_cost": 250.22349211613098, "completition_cost": 1000.0, "overshoot_cost": 783.8055269348187, "power_cost": 21.02948282470703, "noise_cost": 32.82809385138772, "n_waypoints_completed": 0, "tot_waypoints": 9}}
{"target": -1658.6104369254692, "params": {"k_pid_pos": [1.8752384185791016, 0.0518147349357605, 0.0], "k_pid_alt": [0.0, 0.0, 1.0], "k_pid_att": [9.046772003173828, 9.789931297302246, 1.0], "k_pid_yaw": [0.5, 1e-06, 0.1], "k_pid_hsp": [9.999999747378752e-05, 0.989075779914856, 1.0], "k_pid_vsp": [18.576383590698242, 383.06683349609375, 400.0]}, "datetime": {"datetime": "2025-08-21 16:00:20", "elapsed": 26136.79356455803, "delta": 23.29242753982544}, "costs": {"total_cost": 1658.6104369254692, "time_cost": 150, "final_distance_cost": 5.587279371700654, "oscillation_cost": 329.4046757665796, "completition_cost": 1000.0, "overshoot_cost": 116.7023687195464, "power_cost": 19.93407302246094, "noise_cost": 36.98204004518156, "n_waypoints_completed": 0, "tot_waypoints": 9}}
{"target": -4619.1430404851635, "params": {"k_pid_pos": [1.942885398864746, 0.0, 0.04413706064224243], "k_pid_alt": [0.0, 0.015403449535369873, 1.0], "k_pid_att": [0.0, 10.0, 0.997917115688324], "k_pid_yaw": [0.5, 1e-06, 0.1], "k_pid_hsp": [9.999999747378752e-05, 1.0, 0.959465503692627], "k_pid_vsp": [0.0, 400.0, 380.09356689453125]}, "datetime": {"datetime": "2025-08-21 16:00:44", "elapsed": 26160.4742000103, "delta": 23.680635452270508}, "costs": {"total_cost": 4619.1430404851635, "time_cost": 150, "final_distance_cost": 666.7136146524851, "oscillation_cost": 1117.0143128746524, "completition_cost": 1000.0, "overshoot_cost": 1556.148625508551, "power_cost": 32.21203848876953, "noise_cost": 97.05444896070537, "n_waypoints_completed": 0, "tot_waypoints": 9}}
{"target": -6813.689582402052, "params": {"k_pid_pos": [1.9695403575897217, 0.0015600025653839111, 0.020086079835891724], "k_pid_alt": [0.0, 0.0, 1.0], "k_pid_att": [0.0, 10.0, 0.9790196418762207], "k_pid_yaw": [0.5, 1e-06, 0.1], "k_pid_hsp": [0.24539270997047424, 1.0, 0.925020694732666], "k_pid_vsp": [0.0, 400.0, 390.3429870605469]}, "datetime": {"datetime": "2025-08-21 16:01:07", "elapsed": 26183.939061164856, "delta": 23.464861154556274}, "costs": {"total_cost": 6813.689582402052, "time_cost": 150, "final_distance_cost": 1594.7074866734301, "oscillation_cost": 1725.5614621710713, "completition_cost": 1000.0, "overshoot_cost": 2218.161894705733, "power_cost": 30.159456787109377, "noise_cost": 95.0992820647077, "n_waypoints_completed": 0, "tot_waypoints": 9}}
{"target": -16355.870804296666, "params": {"k_pid_pos": [1.9909629821777344, 0.07607784867286682, 0.0], "k_pid_alt": [0.0, 0.0, 1.0], "k_pid_att": [0.0, 10.0, 1.0], "k_pid_yaw": [0.5, 1e-06, 0.1], "k_pid_hsp": [0.5228623747825623, 0.9644425511360168, 1.0], "k_pid_vsp": [0.0, 393.84027099609375, 400.0]}, "datetime": {"datetime": "2025-08-21 16:01:29", "elapsed": 26206.4588265419, "delta": 22.519765377044678}, "costs": {"total_cost": 16355.870804296666, "time_cost": 150, "final_distance_cost": 5138.029091696117, "oscillation_cost": 1909.4952862770315, "completition_cost": 1000.0, "overshoot_cost": 8037.372038354344, "power_cost": 28.06832391357422, "noise_cost": 92.90606405559998, "n_waypoints_completed": 0, "tot_waypoints": 9}}
{"target": -4962.083245238764, "params": {"k_pid_pos": [1.9916983842849731, 0.025165289640426636, 0.0], "k_pid_alt": [0.08817005157470703, 0.0, 1.0], "k_pid_att": [0.0, 10.0, 1.0], "k_pid_yaw": [0.5, 1e-06, 0.1], "k_pid_hsp": [9.999999747378752e-05, 0.9453699588775635, 1.0], "k_pid_vsp": [35.33052062988281, 392.20880126953125, 400.0]}, "datetime": {"datetime": "2025-08-21 16:01:53", "elapsed": 26229.961730480194, "delta": 23.502903938293457}, "costs": {"total_cost": 4962.083245238764, "time_cost": 150, "final_distance_cost": 488.0900648474456, "oscillation_cost": 2366.4227991984317, "completition_cost": 1000.0, "overshoot_cost": 827.8323749489817, "power_cost": 32.07136600341797, "noise_cost": 97.66664024048731, "n_waypoints_completed": 0, "tot_waypoints": 9}}
{"target": -5224.245030659675, "params": {"k_pid_pos": [1.8603432178497314, 0.019636601209640503, 0.0], "k_pid_alt": [0.0389326810836792, 0.0, 1.0], "k_pid_att": [0.0, 10.0, 0.9379214644432068], "k_pid_yaw": [0.5, 1e-06, 0.1], "k_pid_hsp": [9.999999747378752e-05, 0.9594962000846863, 0.9598338007926941], "k_pid_vsp": [25.242721557617188, 388.27728271484375, 400.0]}, "datetime": {"datetime": "2025-08-21 16:02:16", "elapsed": 26253.22081208229, "delta": 23.259081602096558}, "costs": {"total_cost": 5224.245030659675, "time_cost": 150, "final_distance_cost": 615.2354547986359, "oscillation_cost": 2105.9683633092677, "completition_cost": 1000.0, "overshoot_cost": 1222.7247929808116, "power_cost": 32.18179395751953, "noise_cost": 98.13462561344053, "n_waypoints_completed": 0, "tot_waypoints": 9}}
{"target": -8555.723013376468, "params": {"k_pid_pos": [2.0, 0.0, 0.0], "k_pid_alt": [0.15864700078964233, 0.0, 0.949998140335083], "k_pid_att": [0.0, 9.918570518493652, 0.9694304466247559], "k_pid_yaw": [0.5, 1e-06, 0.1], "k_pid_hsp": [9.999999747378752e-05, 1.0, 0.9732540845870972], "k_pid_vsp": [0.0, 400.0, 387.9829406738281]}, "datetime": {"datetime": "2025-08-21 16:02:40", "elapsed": 26276.926587104797, "delta": 23.705775022506714}, "costs": {"total_cost": 8555.723013376468, "time_cost": 150, "final_distance_cost": 2375.288939095835, "oscillation_cost": 666.0768060270917, "completition_cost": 1000.0, "overshoot_cost": 4231.518771729046, "power_cost": 33.64019526367188, "noise_cost": 99.1983012608232, "n_waypoints_completed": 0, "tot_waypoints": 9}}
{"target": -7980.740945720042, "params": {"k_pid_pos": [2.0, 0.019207149744033813, 0.0417637825012207], "k_pid_alt": [0.0, 0.0, 0.9045478105545044], "k_pid_att": [0.0, 9.441494941711426, 1.0], "k_pid_yaw": [0.5, 1e-06, 0.1], "k_pid_hsp": [0.030918272212147713, 1.0, 1.0], "k_pid_vsp": [0.0, 399.37322998046875, 400.0]}, "datetime": {"datetime": "2025-08-21 16:03:04", "elapsed": 26301.168892145157, "delta": 24.242305040359497}, "costs": {"total_cost": 7980.740945720042, "time_cost": 150, "final_distance_cost": 2278.0424312756736, "oscillation_cost": 1201.0781287229001, "completition_cost": 1000.0, "overshoot_cost": 3228.388818650737, "power_cost": 28.524587719726565, "noise_cost": 94.70697935100435, "n_waypoints_completed": 0, "tot_waypoints": 9}}
{"target": -1635.0102413343916, "params": {"k_pid_pos": [1.933128833770752, 0.0, 0.0], "k_pid_alt": [0.0, 0.0, 1.0], "k_pid_att": [5.695739269256592, 9.6303071975708, 1.0], "k_pid_yaw": [0.5, 1e-06, 0.1], "k_pid_hsp": [0.5052392482757568, 1.0, 1.0], "k_pid_vsp": [0.0, 398.2158203125, 375.028076171875]}, "datetime": {"datetime": "2025-08-21 16:03:28", "elapsed": 26324.578816890717, "delta": 23.409924745559692}, "costs": {"total_cost": 1635.0102413343916, "time_cost": 150, "final_distance_cost": 3.492397010741044, "oscillation_cost": 290.3512107999129, "completition_cost": 1000.0, "overshoot_cost": 142.70056353057032, "power_cost": 17.07054580078125, "noise_cost": 31.395524192386205, "n_waypoints_completed": 0, "tot_waypoints": 9}}
