{"target": -4920.218852458861, "params": {"k_pid_pos": [1.8199501037597656, 0.0695418119430542, 0.031642019748687744], "k_pid_alt": [0.0, 0.0, 1.0], "k_pid_att": [0.0, 9.916427612304688, 1.0], "k_pid_yaw": [0.5, 1e-06, 0.1], "k_pid_hsp": [0.17731058597564697, 0.9331759214401245, 1.0], "k_pid_vsp": [0.0, 400.0, 400.0]}, "datetime": {"datetime": "2025-08-21 23:06:11", "elapsed": 51688.42162156105, "delta": 23.7410147190094}, "costs": {"total_cost": 4920.218852458861, "time_cost": 150, "final_distance_cost": 1218.4715850077312, "oscillation_cost": 1135.701922229897, "completition_cost": 1000.0, "overshoot_cost": 1314.4042411379307, "power_cost": 21.90236239013672, "noise_cost": 79.73874169316474, "n_waypoints_completed": 0, "tot_waypoints": 9}}
{"target": -6351.383530023668, "params": {"k_pid_pos": [1.8744252920150757, 0.09106338024139404, 0.0003599226474761963], "k_pid_alt": [0.034767866134643555, 0.0, 0.9628969430923462], "k_pid_att": [0.0, 10.0, 0.9226576089859009], "k_pid_yaw": [0.5, 1e-06, 0.1], "k_pid_hsp": [9.999999747378752e-05, 0.9138335585594177, 1.0], "k_pid_vsp": [50.15367126464844, 370.3082580566406, 400.0]}, "datetime": {"datetime": "2025-08-21 23:06:35", "elapsed": 51712.05910897255, "delta": 23.637487411499023}, "costs": {"total_cost": 6351.383530023668, "time_cost": 150, "final_distance_cost": 853.3924512848092, "oscillation_cost": 2152.1320320087184, "completition_cost": 1000.0, "overshoot_cost": 2060.5239743239317, "power_cost": 33.95874742431641, "noise_cost": 101.37632498189207, "n_waypoints_completed": 0, "tot_waypoints": 9}}
{"target": -4220.000411201285, "params": {"k_pid_pos": [1.9710452556610107, 0.023882031440734863, 0.0], "k_pid_alt": [0.0, 0.024644434452056885, 1.0], "k_pid_att": [0.0, 9.516471862792969, 0.9541929364204407], "k_pid_yaw": [0.5, 1e-06, 0.1], "k_pid_hsp": [9.999999747378752e-05, 1.0, 0.9928334951400757], "k_pid_vsp": [0.0, 400.0, 352.07470703125]}, "datetime": {"datetime": "2025-08-21 23:06:58", "elapsed": 51734.97456789017, "delta": 22.915458917617798}, "costs": {"total_cost": 4220.000411201285, "time_cost": 150, "final_distance_cost": 375.67699522492643, "oscillation_cost": 1384.6885393154023, "completition_cost": 1000.0, "overshoot_cost": 1183.8781437560735, "power_cost": 31.116442248535158, "noise_cost": 94.64029065634703, "n_waypoints_completed": 0, "tot_waypoints": 9}}
{"target": -5199.159996855579, "params": {"k_pid_pos": [2.0, 0.0, 0.0], "k_pid_alt": [0.16776371002197266, 0.010413318872451782, 0.9527769088745117], "k_pid_att": [0.0, 10.0, 1.0], "k_pid_yaw": [0.5, 1e-06, 0.1], "k_pid_hsp": [1.3332524299621582, 1.0, 1.0], "k_pid_vsp": [15.31209945678711, 397.4725341796875, 400.0]}, "datetime": {"datetime": "2025-08-21 23:07:23", "elapsed": 51759.467735528946, "delta": 24.493167638778687}, "costs": {"total_cost": 5199.159996855579, "time_cost": 150, "final_distance_cost": 822.665673069729, "oscillation_cost": 1853.5667735751433, "completition_cost": 1000.0, "overshoot_cost": 1239.6237017745423, "power_cost": 33.284922265625, "noise_cost": 100.01892617054024, "n_waypoints_completed": 0, "tot_waypoints": 9}}
{"target": -6546.125475114075, "params": {"k_pid_pos": [1.9671154022216797, 0.024648338556289673, 0.02017885446548462], "k_pid_alt": [0.029385685920715332, 0.0, 0.977698802947998], "k_pid_att": [0.8640199899673462, 10.0, 1.0], "k_pid_yaw": [0.5, 1e-06, 0.1], "k_pid_hsp": [9.999999747378752e-05, 0.9828725457191467, 0.9735544919967651], "k_pid_vsp": [34.94425964355469, 400.0, 380.750732421875]}, "datetime": {"datetime": "2025-08-21 23:07:48", "elapsed": 51785.428882837296, "delta": 25.96114730834961}, "costs": {"total_cost": 6546.125475114075, "time_cost": 150, "final_distance_cost": 1796.3244018692596, "oscillation_cost": 638.2029781418338, "completition_cost": 1000.0, "overshoot_cost": 2843.188523522118, "power_cost": 30.05050311279297, "noise_cost": 88.35906846806992, "n_waypoints_completed": 0, "tot_waypoints": 9}}
{"target": -8961.875215689208, "params": {"k_pid_pos": [1.9917114973068237, 0.0, 0.034285008907318115], "k_pid_alt": [0.02567356824874878, 0.0, 0.9073853492736816], "k_pid_att": [0.0, 10.0, 1.0], "k_pid_yaw": [0.5, 1e-06, 0.1], "k_pid_hsp": [9.999999747378752e-05, 1.0, 1.0], "k_pid_vsp": [35.66521453857422, 400.0, 394.66619873046875]}, "datetime": {"datetime": "2025-08-21 23:08:11", "elapsed": 51808.006943941116, "delta": 22.5780611038208}, "costs": {"total_cost": 8961.875215689208, "time_cost": 150, "final_distance_cost": 1925.4847629137641, "oscillation_cost": 1419.9930817874247, "completition_cost": 1000.0, "overshoot_cost": 4338.964072131532, "power_cost": 31.635313159179688, "noise_cost": 95.79798569730653, "n_waypoints_completed": 0, "tot_waypoints": 9}}
{"target": -1697.297591087168, "params": {"k_pid_pos": [2.0, 0.043013036251068115, 0.06005227565765381], "k_pid_alt": [0.0, 0.013126790523529053, 0.9548156261444092], "k_pid_att": [4.5316667556762695, 9.321423530578613, 0.9338759183883667], "k_pid_yaw": [0.5, 1e-06, 0.1], "k_pid_hsp": [9.999999747378752e-05, 0.9755874872207642, 1.0], "k_pid_vsp": [28.289520263671875, 400.0, 398.99786376953125]}, "datetime": {"datetime": "2025-08-21 23:08:37", "elapsed": 51834.235515356064, "delta": 26.22857141494751}, "costs": {"total_cost": 1697.297591087168, "time_cost": 150, "final_distance_cost": 27.78314453727564, "oscillation_cost": 282.58308837613714, "completition_cost": 1000.0, "overshoot_cost": 156.1074255568494, "power_cost": 19.940466162109377, "noise_cost": 60.883466454796555, "n_waypoints_completed": 0, "tot_waypoints": 9}}
{"target": -11165.296271187213, "params": {"k_pid_pos": [2.0, 0.09054520726203918, 0.019660234451293945], "k_pid_alt": [0.0, 0.0, 1.0], "k_pid_att": [0.0, 10.0, 1.0], "k_pid_yaw": [0.5, 1e-06, 0.1], "k_pid_hsp": [0.07319125533103943, 1.0, 1.0], "k_pid_vsp": [0.0, 394.2083740234375, 400.0]}, "datetime": {"datetime": "2025-08-21 23:09:00", "elapsed": 51856.9830019474, "delta": 22.74748659133911}, "costs": {"total_cost": 11165.296271187213, "time_cost": 150, "final_distance_cost": 3635.75958645151, "oscillation_cost": 2115.9540142803457, "completition_cost": 1000.0, "overshoot_cost": 4145.904665184953, "power_cost": 27.03964608154297, "noise_cost": 90.63835918886338, "n_waypoints_completed": 0, "tot_waypoints": 9}}
{"target": -1683.3520706195632, "params": {"k_pid_pos": [1.9049196243286133, 0.0, 0.022202134132385254], "k_pid_alt": [0.25377386808395386, 0.0, 0.9928172826766968], "k_pid_att": [4.161355018615723, 9.794313430786133, 1.0], "k_pid_yaw": [0.5, 1e-06, 0.1], "k_pid_hsp": [0.061848901212215424, 0.984343945980072, 1.0], "k_pid_vsp": [0.0, 394.4072265625, 384.0043640136719]}, "datetime": {"datetime": "2025-08-21 23:09:25", "elapsed": 51881.78212928772, "delta": 24.799127340316772}, "costs": {"total_cost": 1683.3520706195632, "time_cost": 150, "final_distance_cost": 27.553151080323527, "oscillation_cost": 287.75212731443185, "completition_cost": 1000.0, "overshoot_cost": 153.50179890891852, "power_cost": 20.15752497558594, "noise_cost": 44.38746834030359, "n_waypoints_completed": 0, "tot_waypoints": 9}}
{"target": -6841.887138989528, "params": {"k_pid_pos": [2.0, 0.037779659032821655, 0.0], "k_pid_alt": [0.04018908739089966, 0.03683215379714966, 0.9678974151611328], "k_pid_att": [0.0, 10.0, 0.9673527479171753], "k_pid_yaw": [0.5, 1e-06, 0.1], "k_pid_hsp": [0.6142976880073547, 1.0, 1.0], "k_pid_vsp": [0.4852294921875, 381.0042419433594, 392.7541809082031]}, "datetime": {"datetime": "2025-08-21 23:09:49", "elapsed": 51905.665875673294, "delta": 23.88374638557434}, "costs": {"total_cost": 6841.887138989528, "time_cost": 150, "final_distance_cost": 1357.322647260545, "oscillation_cost": 2311.892479472139, "completition_cost": 1000.0, "overshoot_cost": 1901.7605701492253, "power_cost": 29.01793348388672, "noise_cost": 91.89350862373196, "n_waypoints_completed": 0, "tot_waypoints": 9}}
{"target": -11484.580051561132, "params": {"k_pid_pos": [2.0, 0.041904568672180176, 0.0], "k_pid_alt": [0.08850300312042236, 0.00030860304832458496, 0.934572696685791], "k_pid_att": [0.0, 9.699905395507812, 0.9841032028198242], "k_pid_yaw": [0.5, 1e-06, 0.1], "k_pid_hsp": [0.344200998544693, 1.0, 1.0], "k_pid_vsp": [0.0, 400.0, 384.6450500488281]}, "datetime": {"datetime": "2025-08-21 23:10:13", "elapsed": 51930.1323800087, "delta": 24.466504335403442}, "costs": {"total_cost": 11484.580051561132, "time_cost": 150, "final_distance_cost": 3412.965047595398, "oscillation_cost": 1967.4608164044134, "completition_cost": 1000.0, "overshoot_cost": 4817.766583123563, "power_cost": 34.280597082519535, "noise_cost": 102.10700735523899, "n_waypoints_completed": 0, "tot_waypoints": 9}}
{"target": -2005.9546291811791, "params": {"k_pid_pos": [1.9801949262619019, 0.035767316818237305, 0.013513326644897461], "k_pid_alt": [0.11750912666320801, 0.0, 0.9968377947807312], "k_pid_att": [2.8477816581726074, 9.306071281433105, 1.0], "k_pid_yaw": [0.5, 1e-06, 0.1], "k_pid_hsp": [9.999999747378752e-05, 0.9667762517929077, 1.0], "k_pid_vsp": [34.829402923583984, 398.9273986816406, 395.73834228515625]}, "datetime": {"datetime": "2025-08-21 23:10:37", "elapsed": 51954.239980220795, "delta": 24.107600212097168}, "costs": {"total_cost": 2005.9546291811791, "time_cost": 150, "final_distance_cost": 114.08488093460375, "oscillation_cost": 314.59112022130176, "completition_cost": 1000.0, "overshoot_cost": 340.2607465171272, "power_cost": 21.234490283203126, "noise_cost": 65.78339122494353, "n_waypoints_completed": 0, "tot_waypoints": 9}}
{"target": -2067.7095155216275, "params": {"k_pid_pos": [1.918455958366394, 0.02048391103744507, 0.0], "k_pid_alt": [0.06628310680389404, 0.0, 0.9294359683990479], "k_pid_att": [1.2481510639190674, 9.842060089111328, 1.0], "k_pid_yaw": [0.5, 1e-06, 0.1], "k_pid_hsp": [0.5787715911865234, 0.9151694774627686, 0.9574630260467529], "k_pid_vsp": [0.0, 400.0, 400.0]}, "datetime": {"datetime": "2025-08-21 23:11:01", "elapsed": 51977.91191768646, "delta": 23.671937465667725}, "costs": {"total_cost": 2067.7095155216275, "time_cost": 150, "final_distance_cost": 6.082829195350276, "oscillation_cost": 640.4388452896844, "completition_cost": 1000.0, "overshoot_cost": 150.91711018445986, "power_cost": 30.253747900390625, "noise_cost": 90.01698295174232, "n_waypoints_completed": 0, "tot_waypoints": 9}}
{"target": -4916.83537605979, "params": {"k_pid_pos": [1.78073251247406, 0.0, 0.01956695318222046], "k_pid_alt": [0.0, 0.06603163480758667, 0.9817925095558167], "k_pid_att": [0.0, 9.509875297546387, 0.9925910830497742], "k_pid_yaw": [0.5, 1e-06, 0.1], "k_pid_hsp": [0.11835741251707077, 0.9582445025444031, 0.8735209703445435], "k_pid_vsp": [0.0, 400.0, 386.6707458496094]}, "datetime": {"datetime": "2025-08-21 23:11:26", "elapsed": 52002.858412742615, "delta": 24.946495056152344}, "costs": {"total_cost": 4916.83537605979, "time_cost": 150, "final_distance_cost": 649.7692057942432, "oscillation_cost": 1994.099124755798, "completition_cost": 1000.0, "overshoot_cost": 987.475874901798, "power_cost": 34.187158923339844, "noise_cost": 101.3040116846114, "n_waypoints_completed": 0, "tot_waypoints": 9}}
{"target": -1942.4200404194135, "params": {"k_pid_pos": [1.97313392162323, 0.034120380878448486, 0.006740301847457886], "k_pid_alt": [0.08592480421066284, 0.014601320028305054, 1.0], "k_pid_att": [2.231830358505249, 10.0, 1.0], "k_pid_yaw": [0.5, 1e-06, 0.1], "k_pid_hsp": [9.999999747378752e-05, 1.0, 1.0], "k_pid_vsp": [0.0, 375.50762939453125, 400.0]}, "datetime": {"datetime": "2025-08-21 23:11:49", "elapsed": 52025.60669922829, "delta": 22.748286485671997}, "costs": {"total_cost": 1942.4200404194135, "time_cost": 150, "final_distance_cost": 55.578722329261225, "oscillation_cost": 415.6418342394677, "completition_cost": 1000.0, "overshoot_cost": 212.03957760196644, "power_cost": 27.16740418701172, "noise_cost": 81.99250206170659, "n_waypoints_completed": 0, "tot_waypoints": 9}}
{"target": -22469.88856056382, "params": {"k_pid_pos": [2.0, 0.0, 0.012729853391647339], "k_pid_alt": [0.0, 0.0, 1.0], "k_pid_att": [0.0, 9.784747123718262, 0.9918617606163025], "k_pid_yaw": [0.5, 1e-06, 0.1], "k_pid_hsp": [9.999999747378752e-05, 0.9711247086524963, 1.0], "k_pid_vsp": [32.76055908203125, 363.7179260253906, 400.0]}, "datetime": {"datetime": "2025-08-21 23:12:14", "elapsed": 52050.522616147995, "delta": 24.915916919708252}, "costs": {"total_cost": 22469.88856056382, "time_cost": 150, "final_distance_cost": 6987.8505168486345, "oscillation_cost": 2284.1448063301873, "completition_cost": 1000.0, "overshoot_cost": 11922.799050266256, "power_cost": 29.646333715820315, "noise_cost": 95.44785340292121, "n_waypoints_completed": 0, "tot_waypoints": 9}}
{"target": -2560.5210280967954, "params": {"k_pid_pos": [1.9832004308700562, 0.02806413173675537, 0.0], "k_pid_alt": [0.0, 0.0004710555076599121, 1.0], "k_pid_att": [0.5567550659179688, 9.60827350616455, 0.9970347881317139], "k_pid_yaw": [0.5, 1e-06, 0.1], "k_pid_hsp": [0.2728680670261383, 0.9933387637138367, 0.9729948043823242], "k_pid_vsp": [0.0, 400.0, 400.0]}, "datetime": {"datetime": "2025-08-21 23:12:38", "elapsed": 52075.11300492287, "delta": 24.590388774871826}, "costs": {"total_cost": 2560.5210280967954, "time_cost": 150, "final_distance_cost": 76.21734013451348, "oscillation_cost": 935.785730266431, "completition_cost": 1000.0, "overshoot_cost": 276.49602652084303, "power_cost": 30.02614237060547, "noise_cost": 91.99578880440295, "n_waypoints_completed": 0, "tot_waypoints": 9}}
{"target": -4734.607386473481, "params": {"k_pid_pos": [2.0, 0.03682738542556763, 0.04908457398414612], "k_pid_alt": [0.0, 0.0, 1.0], "k_pid_att": [4.086518287658691, 10.0, 1.0], "k_pid_yaw": [0.5, 1e-06, 0.1], "k_pid_hsp": [9.999999747378752e-05, 1.0, 0.9908698201179504], "k_pid_vsp": [0.0, 400.0, 400.0]}, "datetime": {"datetime": "2025-08-21 23:13:01", "elapsed": 52098.36966633797, "delta": 23.256661415100098}, "costs": {"total_cost": 4734.607386473481, "time_cost": 150, "final_distance_cost": 1044.4446569957117, "oscillation_cost": 251.8614644606154, "completition_cost": 1000.0, "overshoot_cost": 2253.4416248782986, "power_cost": 19.463112133789064, "noise_cost": 15.39652800506566, "n_waypoints_completed": 0, "tot_waypoints": 9}}
{"target": -2798.0801965710993, "params": {"k_pid_pos": [1.983371615409851, 0.0, 0.0], "k_pid_alt": [0.0, 0.03090304136276245, 1.0], "k_pid_att": [5.546599388122559, 9.437492370605469, 0.9563494324684143], "k_pid_yaw": [0.5, 1e-06, 0.1], "k_pid_hsp": [9.999999747378752e-05, 0.9810233116149902, 0.9267324209213257], "k_pid_vsp": [2.416253089904785, 379.724609375, 387.21075439453125]}, "datetime": {"datetime": "2025-08-21 23:13:27", "elapsed": 52123.58303594589, "delta": 25.213369607925415}, "costs": {"total_cost": 2798.0801965710993, "time_cost": 150, "final_distance_cost": 561.516971763237, "oscillation_cost": 205.2557234265853, "completition_cost": 1000.0, "overshoot_cost": 847.8053274584755, "power_cost": 15.360712878417969, "noise_cost": 18.14146104438372, "n_waypoints_completed": 0, "tot_waypoints": 9}}
{"target": -1697.8413697025485, "params": {"k_pid_pos": [1.8339141607284546, 0.06462764739990234, 0.03569447994232178], "k_pid_alt": [0.0, 0.009865939617156982, 0.9318526387214661], "k_pid_att": [7.867094993591309, 9.862497329711914, 1.0], "k_pid_yaw": [0.5, 1e-06, 0.1], "k_pid_hsp": [9.999999747378752e-05, 0.9887598752975464, 0.9259207248687744], "k_pid_vsp": [20.554018020629883, 397.97686767578125, 400.0]}, "datetime": {"datetime": "2025-08-21 23:13:50", "elapsed": 52146.55578994751, "delta": 22.97275400161743}, "costs": {"total_cost": 1697.8413697025485, "time_cost": 150, "final_distance_cost": 108.86104852557354, "oscillation_cost": 253.8422638639876, "completition_cost": 1000.0, "overshoot_cost": 124.21373139402509, "power_cost": 18.994790405273438, "noise_cost": 41.929535513688734, "n_waypoints_completed": 0, "tot_waypoints": 9}}
{"target": -3567.9517906137044, "params": {"k_pid_pos": [1.820902705192566, 0.07729652523994446, 0.0], "k_pid_alt": [0.20039165019989014, 0.0036204159259796143, 1.0], "k_pid_att": [0.0, 9.134056091308594, 0.9594584703445435], "k_pid_yaw": [0.5, 1e-06, 0.1], "k_pid_hsp": [0.11868881434202194, 0.9196268320083618, 1.0], "k_pid_vsp": [17.038917541503906, 353.0143737792969, 400.0]}, "datetime": {"datetime": "2025-08-21 23:14:15", "elapsed": 52171.9135761261, "delta": 25.357786178588867}, "costs": {"total_cost": 3567.9517906137044, "time_cost": 150, "final_distance_cost": 334.47514580328067, "oscillation_cost": 1326.110505540045, "completition_cost": 1000.0, "overshoot_cost": 632.4538006924632, "power_cost": 30.754442639160157, "noise_cost": 94.15789593875553, "n_waypoints_completed": 0, "tot_waypoints": 9}}
{"target": -2025.670803245995, "params": {"k_pid_pos": [1.936444878578186, 0.01004016399383545, 0.0], "k_pid_alt": [0.0, 0.0, 1.0], "k_pid_att": [1.0099977254867554, 9.830692291259766, 1.0], "k_pid_yaw": [0.5, 1e-06, 0.1], "k_pid_hsp": [0.9119027853012085, 1.0, 0.8885990381240845], "k_pid_vsp": [14.26699161529541, 371.6627502441406, 397.91253662109375]}, "datetime": {"datetime": "2025-08-21 23:14:38", "elapsed": 52195.26686859131, "delta": 23.35329246520996}, "costs": {"total_cost": 2025.670803245995, "time_cost": 150, "final_distance_cost": 3.6618941995755963, "oscillation_cost": 647.3530464742188, "completition_cost": 1000.0, "overshoot_cost": 142.54987432661596, "power_cost": 15.681395654296876, "noise_cost": 66.42459259128789, "n_waypoints_completed": 0, "tot_waypoints": 9}}
{"target": -6218.763399685822, "params": {"k_pid_pos": [2.0, 0.0, 0.0], "k_pid_alt": [0.0, 0.043153345584869385, 0.9275324940681458], "k_pid_att": [0.0, 10.0, 1.0], "k_pid_yaw": [0.5, 1e-06, 0.1], "k_pid_hsp": [9.999999747378752e-05, 1.0, 1.0], "k_pid_vsp": [6.974673271179199, 359.25140380859375, 400.0]}, "datetime": {"datetime": "2025-08-21 23:15:03", "elapsed": 52219.94654893875, "delta": 24.679680347442627}, "costs": {"total_cost": 6218.763399685822, "time_cost": 150, "final_distance_cost": 913.8700432484092, "oscillation_cost": 2156.708892746293, "completition_cost": 1000.0, "overshoot_cost": 1874.8690438680462, "power_cost": 29.867769189453128, "noise_cost": 93.4476506336215, "n_waypoints_completed": 0, "tot_waypoints": 9}}
{"target": -4629.988864970381, "params": {"k_pid_pos": [2.0, 0.0, 0.0], "k_pid_alt": [0.0, 0.0006228387355804443, 0.9541295170783997], "k_pid_att": [0.0, 10.0, 1.0], "k_pid_yaw": [0.5, 1e-06, 0.1], "k_pid_hsp": [9.999999747378752e-05, 0.9619496464729309, 1.0], "k_pid_vsp": [0.0, 400.0, 393.66363525390625]}, "datetime": {"datetime": "2025-08-21 23:15:27", "elapsed": 52243.740808963776, "delta": 23.794260025024414}, "costs": {"total_cost": 4629.988864970381, "time_cost": 150, "final_distance_cost": 728.6176374792317, "oscillation_cost": 1036.1999669737909, "completition_cost": 1000.0, "overshoot_cost": 1594.4872821811628, "power_cost": 29.609712939453125, "noise_cost": 91.07426539674248, "n_waypoints_completed": 0, "tot_waypoints": 9}}
{"target": -1757.8805985641259, "params": {"k_pid_pos": [1.9840842485427856, 0.13595187664031982, 0.0], "k_pid_alt": [0.06018310785293579, 0.06452471017837524, 1.0], "k_pid_att": [7.124561309814453, 9.469391822814941, 1.0], "k_pid_yaw": [0.5, 1e-06, 0.1], "k_pid_hsp": [9.999999747378752e-05, 1.0, 1.0], "k_pid_vsp": [8.854198455810547, 400.0, 388.9920349121094]}, "datetime": {"datetime": "2025-08-21 23:15:52", "elapsed": 52268.8121035099, "delta": 25.07129454612732}, "costs": {"total_cost": 1757.8805985641259, "time_cost": 150, "final_distance_cost": 56.19975396334147, "oscillation_cost": 258.92955276855724, "completition_cost": 1000.0, "overshoot_cost": 216.16704322070632, "power_cost": 22.546386328125003, "noise_cost": 54.03786228339571, "n_waypoints_completed": 0, "tot_waypoints": 9}}
{"target": -3102.089998622724, "params": {"k_pid_pos": [2.0, 0.0, 0.0], "k_pid_alt": [0.0, 0.0, 0.9734954833984375], "k_pid_att": [0.7737785577774048, 10.0, 1.0], "k_pid_yaw": [0.5, 1e-06, 0.1], "k_pid_hsp": [9.999999747378752e-05, 1.0, 0.9334236979484558], "k_pid_vsp": [9.954023361206055, 400.0, 379.0301818847656]}, "datetime": {"datetime": "2025-08-21 23:16:15", "elapsed": 52292.44787335396, "delta": 23.635769844055176}, "costs": {"total_cost": 3102.089998622724, "time_cost": 150, "final_distance_cost": 589.3609859162291, "oscillation_cost": 603.0451800369822, "completition_cost": 1000.0, "overshoot_cost": 675.394099941226, "power_cost": 16.37301356201172, "noise_cost": 67.91671916627516, "n_waypoints_completed": 0, "tot_waypoints": 9}}
{"target": -1904.0482896743654, "params": {"k_pid_pos": [1.9296016693115234, 0.04173076152801514, 0.0], "k_pid_alt": [0.0, 0.020254671573638916, 0.9616076946258545], "k_pid_att": [4.001194000244141, 9.960996627807617, 0.9953047037124634], "k_pid_yaw": [0.5, 1e-06, 0.1], "k_pid_hsp": [9.999999747378752e-05, 0.9598231315612793, 0.9489327669143677], "k_pid_vsp": [0.0, 384.133544921875, 400.0]}, "datetime": {"datetime": "2025-08-21 23:16:40", "elapsed": 52317.3672978878, "delta": 24.919424533843994}, "costs": {"total_cost": 1904.0482896743654, "time_cost": 150, "final_distance_cost": 180.05396993696806, "oscillation_cost": 260.6555326058532, "completition_cost": 1000.0, "overshoot_cost": 249.78127285990027, "power_cost": 19.863278857421875, "noise_cost": 43.694235414222085, "n_waypoints_completed": 0, "tot_waypoints": 9}}
