{"target": -3309.033716500394, "params": {"k_pid_pos": [1.9926382303237915, 0.0, 0.0], "k_pid_alt": [0.07311034202575684, 0.0, 1.0], "k_pid_att": [0.0, 10.0, 1.0], "k_pid_yaw": [0.5, 1e-06, 0.1], "k_pid_hsp": [0.9211816191673279, 0.8999592065811157, 1.0], "k_pid_vsp": [12.12872314453125, 398.14361572265625, 389.5791015625]}, "datetime": {"datetime": "2025-08-21 16:25:34", "elapsed": 27650.914186239243, "delta": 23.184201955795288}, "costs": {"total_cost": 3309.033716500394, "time_cost": 150, "final_distance_cost": 291.5739059828463, "oscillation_cost": 1260.8894652145668, "completition_cost": 1000.0, "overshoot_cost": 482.7787945829632, "power_cost": 30.455138610839846, "noise_cost": 93.3364121091783, "n_waypoints_completed": 0, "tot_waypoints": 9}}
{"target": -2283.820589466622, "params": {"k_pid_pos": [2.0, 0.057193100452423096, 0.0], "k_pid_alt": [0.1536920666694641, 0.0, 1.0], "k_pid_att": [0.7634907960891724, 10.0, 1.0], "k_pid_yaw": [0.5, 1e-06, 0.1], "k_pid_hsp": [9.999999747378752e-05, 1.0, 1.0], "k_pid_vsp": [23.38994789123535, 400.0, 400.0]}, "datetime": {"datetime": "2025-08-21 16:25:58", "elapsed": 27675.045711517334, "delta": 24.13152527809143}, "costs": {"total_cost": 2283.820589466622, "time_cost": 150, "final_distance_cost": 180.05363893431502, "oscillation_cost": 571.8520705285305, "completition_cost": 1000.0, "overshoot_cost": 258.37888106060194, "power_cost": 31.136091040039062, "noise_cost": 92.39990790313563, "n_waypoints_completed": 0, "tot_waypoints": 9}}
{"target": -4777.327654821835, "params": {"k_pid_pos": [1.9266130924224854, 0.0, 0.04450342059135437], "k_pid_alt": [0.0, 0.03549867868423462, 1.0], "k_pid_att": [11.219221115112305, 9.536094665527344, 0.9616595506668091], "k_pid_yaw": [0.5, 1e-06, 0.1], "k_pid_hsp": [0.5873432159423828, 1.0, 0.9949819445610046], "k_pid_vsp": [0.10657310485839844, 370.6744384765625, 400.0]}, "datetime": {"datetime": "2025-08-21 16:26:22", "elapsed": 27699.394892930984, "delta": 24.349181413650513}, "costs": {"total_cost": 4777.327654821835, "time_cost": 150, "final_distance_cost": 1464.0910601467776, "oscillation_cost": 264.96926499380356, "completition_cost": 1000.0, "overshoot_cost": 1857.068549337743, "power_cost": 20.132713208007814, "noise_cost": 21.06606713550293, "n_waypoints_completed": 0, "tot_waypoints": 9}}
{"target": -5249.372964715302, "params": {"k_pid_pos": [2.0, 0.05914205312728882, 0.05885970592498779], "k_pid_alt": [0.0, 0.00735899806022644, 1.0], "k_pid_att": [0.0, 10.0, 1.0], "k_pid_yaw": [0.5, 1e-06, 0.1], "k_pid_hsp": [9.999999747378752e-05, 0.9970064163208008, 0.9500016570091248], "k_pid_vsp": [0.0, 400.0, 376.09442138671875]}, "datetime": {"datetime": "2025-08-21 16:26:47", "elapsed": 27723.519765853882, "delta": 24.12487292289734}, "costs": {"total_cost": 5249.372964715302, "time_cost": 150, "final_distance_cost": 877.4716245661874, "oscillation_cost": 1152.902082686509, "completition_cost": 1000.0, "overshoot_cost": 1940.7957064916436, "power_cost": 31.95421114501953, "noise_cost": 96.24933982594331, "n_waypoints_completed": 0, "tot_waypoints": 9}}
{"target": -9395.610075551915, "params": {"k_pid_pos": [1.9874547719955444, 0.0032491683959960938, 0.0], "k_pid_alt": [0.09364062547683716, 0.0, 0.9998610615730286], "k_pid_att": [0.0, 10.0, 0.9844741225242615], "k_pid_yaw": [0.5, 1e-06, 0.1], "k_pid_hsp": [0.7618746161460876, 1.0, 0.9915719032287598], "k_pid_vsp": [15.991830825805664, 400.0, 398.7461853027344]}, "datetime": {"datetime": "2025-08-21 16:27:10", "elapsed": 27747.301258563995, "delta": 23.781492710113525}, "costs": {"total_cost": 9395.610075551915, "time_cost": 150, "final_distance_cost": 2899.219091983004, "oscillation_cost": 2262.2580838261883, "completition_cost": 1000.0, "overshoot_cost": 2945.574283580419, "power_cost": 34.980675524902345, "noise_cost": 103.57794063740052, "n_waypoints_completed": 0, "tot_waypoints": 9}}
{"target": -11062.993235001315, "params": {"k_pid_pos": [2.0, 0.0, 0.0], "k_pid_alt": [0.0, 0.04336214065551758, 1.0], "k_pid_att": [0.0, 9.767803192138672, 0.9766632318496704], "k_pid_yaw": [0.5, 1e-06, 0.1], "k_pid_hsp": [0.6777750849723816, 1.0, 0.9597665071487427], "k_pid_vsp": [22.82030487060547, 370.5216979980469, 400.0]}, "datetime": {"datetime": "2025-08-21 16:27:34", "elapsed": 27770.97364807129, "delta": 23.6723895072937}, "costs": {"total_cost": 11062.993235001315, "time_cost": 150, "final_distance_cost": 3439.5321024453065, "oscillation_cost": 2146.551932718306, "completition_cost": 1000.0, "overshoot_cost": 4188.502097054702, "power_cost": 34.93900089111328, "noise_cost": 103.46810189188636, "n_waypoints_completed": 0, "tot_waypoints": 9}}
{"target": -3553.22723441263, "params": {"k_pid_pos": [2.0, 0.016596555709838867, 0.0], "k_pid_alt": [0.0, 0.003910541534423828, 1.0], "k_pid_att": [0.0, 9.620628356933594, 1.0], "k_pid_yaw": [0.5, 1e-06, 0.1], "k_pid_hsp": [0.8456853628158569, 0.9519512057304382, 0.9863542318344116], "k_pid_vsp": [0.0, 389.82305908203125, 400.0]}, "datetime": {"datetime": "2025-08-21 16:27:57", "elapsed": 27794.158663988113, "delta": 23.18501591682434}, "costs": {"total_cost": 3553.22723441263, "time_cost": 150, "final_distance_cost": 297.8123512700894, "oscillation_cost": 1376.783789825012, "completition_cost": 1000.0, "overshoot_cost": 602.0311938839992, "power_cost": 31.18536442871094, "noise_cost": 95.41453500481869, "n_waypoints_completed": 0, "tot_waypoints": 9}}
{"target": -2331.4113045880385, "params": {"k_pid_pos": [1.9554697275161743, 0.03948131203651428, 0.0], "k_pid_alt": [0.015742003917694092, 0.05090472102165222, 1.0], "k_pid_att": [0.7685363292694092, 10.0, 1.0], "k_pid_yaw": [0.5, 1e-06, 0.1], "k_pid_hsp": [9.999999747378752e-05, 1.0, 1.0], "k_pid_vsp": [2.008390426635742, 397.9333801269531, 400.0]}, "datetime": {"datetime": "2025-08-21 16:28:22", "elapsed": 27819.0073697567, "delta": 24.848705768585205}, "costs": {"total_cost": 2331.4113045880385, "time_cost": 150, "final_distance_cost": 91.58215585502529, "oscillation_cost": 603.2337553153127, "completition_cost": 1000.0, "overshoot_cost": 364.1152809189979, "power_cost": 30.769867883300783, "noise_cost": 91.71024461540179, "n_waypoints_completed": 0, "tot_waypoints": 9}}
{"target": -2145.254774609916, "params": {"k_pid_pos": [2.0, 0.0001411736011505127, 0.0], "k_pid_alt": [0.0, 0.0, 1.0], "k_pid_att": [1.752251386642456, 10.0, 0.9342728853225708], "k_pid_yaw": [0.5, 1e-06, 0.1], "k_pid_hsp": [9.999999747378752e-05, 1.0, 1.0], "k_pid_vsp": [4.174911975860596, 400.0, 382.6856994628906]}, "datetime": {"datetime": "2025-08-21 16:28:46", "elapsed": 27842.884563684464, "delta": 23.877193927764893}, "costs": {"total_cost": 2145.254774609916, "time_cost": 150, "final_distance_cost": 118.26288941988896, "oscillation_cost": 473.57854587810823, "completition_cost": 1000.0, "overshoot_cost": 321.55139441520134, "power_cost": 18.779117333984377, "noise_cost": 63.08282756273332, "n_waypoints_completed": 0, "tot_waypoints": 9}}
{"target": -3817.646798737365, "params": {"k_pid_pos": [2.0, 0.0, 0.03290918469429016], "k_pid_alt": [0.0, 0.0, 0.9447365403175354], "k_pid_att": [0.0, 9.884267807006836, 0.8999860882759094], "k_pid_yaw": [0.5, 1e-06, 0.1], "k_pid_hsp": [0.24878060817718506, 0.9316549301147461, 1.0], "k_pid_vsp": [17.819822311401367, 400.0, 400.0]}, "datetime": {"datetime": "2025-08-21 16:29:11", "elapsed": 27867.578405618668, "delta": 24.6938419342041}, "costs": {"total_cost": 3817.646798737365, "time_cost": 150, "final_distance_cost": 604.4906515520729, "oscillation_cost": 1102.565694723911, "completition_cost": 1000.0, "overshoot_cost": 855.2464223442314, "power_cost": 23.19455955810547, "noise_cost": 82.14947055904457, "n_waypoints_completed": 0, "tot_waypoints": 9}}
{"target": -4252.07014727485, "params": {"k_pid_pos": [2.0, 0.0, 0.0], "k_pid_alt": [0.0, 0.0, 0.9452383518218994], "k_pid_att": [0.0, 9.06954288482666, 1.0], "k_pid_yaw": [0.5, 1e-06, 0.1], "k_pid_hsp": [9.999999747378752e-05, 1.0, 1.0], "k_pid_vsp": [0.0, 400.0, 400.0]}, "datetime": {"datetime": "2025-08-21 16:29:34", "elapsed": 27891.440734386444, "delta": 23.86232876777649}, "costs": {"total_cost": 4252.07014727485, "time_cost": 150, "final_distance_cost": 459.6429622808067, "oscillation_cost": 1229.6469428786831, "completition_cost": 1000.0, "overshoot_cost": 1309.8300691477891, "power_cost": 22.334583349609375, "noise_cost": 80.61558961796037, "n_waypoints_completed": 0, "tot_waypoints": 9}}
{"target": -12932.395915738887, "params": {"k_pid_pos": [1.941618800163269, 0.051065027713775635, 0.019931107759475708], "k_pid_alt": [0.0, 0.060235410928726196, 0.9396064281463623], "k_pid_att": [0.0, 9.711864471435547, 1.0], "k_pid_yaw": [0.5, 1e-06, 0.1], "k_pid_hsp": [0.9440066814422607, 1.0, 0.974027156829834], "k_pid_vsp": [0.0, 379.9539489746094, 399.0219421386719]}, "datetime": {"datetime": "2025-08-21 16:29:58", "elapsed": 27915.093540906906, "delta": 23.652806520462036}, "costs": {"total_cost": 12932.395915738887, "time_cost": 150, "final_distance_cost": 4285.424638209556, "oscillation_cost": 2174.4068439320713, "completition_cost": 1000.0, "overshoot_cost": 5185.164053892185, "power_cost": 34.58869715576172, "noise_cost": 102.81168254931285, "n_waypoints_completed": 0, "tot_waypoints": 9}}
{"target": -1661.0872942344872, "params": {"k_pid_pos": [1.9779497385025024, 0.0, 0.052434295415878296], "k_pid_alt": [0.0, 0.0, 0.9423719048500061], "k_pid_att": [5.22589111328125, 9.29964828491211, 1.0], "k_pid_yaw": [0.5, 1e-06, 0.1], "k_pid_hsp": [9.999999747378752e-05, 1.0, 0.941681981086731], "k_pid_vsp": [1.454782485961914, 397.7790222167969, 400.0]}, "datetime": {"datetime": "2025-08-21 16:30:22", "elapsed": 27938.79732465744, "delta": 23.703783750534058}, "costs": {"total_cost": 1661.0872942344872, "time_cost": 150, "final_distance_cost": 3.356674980331502, "oscillation_cost": 274.2884740507839, "completition_cost": 1000.0, "overshoot_cost": 165.13347003702663, "power_cost": 13.04212098388672, "noise_cost": 55.26655418245861, "n_waypoints_completed": 0, "tot_waypoints": 9}}
{"target": -2000.3216141408345, "params": {"k_pid_pos": [2.0, 0.02063930034637451, 0.02089938521385193], "k_pid_alt": [0.03652244806289673, 0.0, 0.9968072175979614], "k_pid_att": [2.2898316383361816, 10.0, 1.0], "k_pid_yaw": [0.5, 1e-06, 0.1], "k_pid_hsp": [9.999999747378752e-05, 0.9769946336746216, 0.9467030763626099], "k_pid_vsp": [3.533935546875, 400.0, 400.0]}, "datetime": {"datetime": "2025-08-21 16:30:45", "elapsed": 27962.16919207573, "delta": 23.371867418289185}, "costs": {"total_cost": 2000.3216141408345, "time_cost": 150, "final_distance_cost": 93.61237201551245, "oscillation_cost": 396.31948643507894, "completition_cost": 1000.0, "overshoot_cost": 284.12070490861015, "power_cost": 25.03327723388672, "noise_cost": 51.23577354774628, "n_waypoints_completed": 0, "tot_waypoints": 9}}
{"target": -2522.118907983796, "params": {"k_pid_pos": [2.0, 0.0, 0.028956353664398193], "k_pid_alt": [0.023000061511993408, 0.0, 0.9543598890304565], "k_pid_att": [0.9116888046264648, 9.948195457458496, 0.9985079765319824], "k_pid_yaw": [0.5, 1e-06, 0.1], "k_pid_hsp": [9.999999747378752e-05, 0.9503755569458008, 0.9595817923545837], "k_pid_vsp": [30.957365036010742, 400.0, 400.0]}, "datetime": {"datetime": "2025-08-21 16:31:10", "elapsed": 27986.860690116882, "delta": 24.691498041152954}, "costs": {"total_cost": 2522.118907983796, "time_cost": 150, "final_distance_cost": 217.16587476038208, "oscillation_cost": 619.3817381353755, "completition_cost": 1000.0, "overshoot_cost": 415.17126711109734, "power_cost": 30.060191369628907, "noise_cost": 90.33983660731268, "n_waypoints_completed": 0, "tot_waypoints": 9}}
{"target": -4519.798666207692, "params": {"k_pid_pos": [1.950351595878601, 0.0, 0.0], "k_pid_alt": [0.058061838150024414, 0.0, 1.0], "k_pid_att": [0.0, 9.943048477172852, 1.0], "k_pid_yaw": [0.5, 1e-06, 0.1], "k_pid_hsp": [9.999999747378752e-05, 1.0, 1.0], "k_pid_vsp": [0.0, 400.0, 372.6826171875]}, "datetime": {"datetime": "2025-08-21 16:31:33", "elapsed": 28009.992394208908, "delta": 23.131704092025757}, "costs": {"total_cost": 4519.798666207692, "time_cost": 150, "final_distance_cost": 460.8937515250156, "oscillation_cost": 1964.8430967918184, "completition_cost": 1000.0, "overshoot_cost": 815.1745571805577, "power_cost": 31.928545251464847, "noise_cost": 96.95871545883547, "n_waypoints_completed": 0, "tot_waypoints": 9}}
{"target": -1598.852753662022, "params": {"k_pid_pos": [1.870672583580017, 0.05414605140686035, 0.0], "k_pid_alt": [0.13334083557128906, 0.0, 1.0], "k_pid_att": [8.525991439819336, 10.0, 1.0], "k_pid_yaw": [0.5, 1e-06, 0.1], "k_pid_hsp": [1.3878610134124756, 1.0, 1.0], "k_pid_vsp": [11.52801513671875, 380.4468078613281, 400.0]}, "datetime": {"datetime": "2025-08-21 16:31:57", "elapsed": 28034.103600502014, "delta": 24.11120629310608}, "costs": {"total_cost": 1598.852753662022, "time_cost": 150, "final_distance_cost": 117.33338290781812, "oscillation_cost": 255.69565791993827, "completition_cost": 888.8888888888888, "overshoot_cost": 147.8783573167954, "power_cost": 18.34983044433594, "noise_cost": 20.706636184245276, "n_waypoints_completed": 1, "tot_waypoints": 9}}
{"target": -1667.323001737548, "params": {"k_pid_pos": [1.9557543992996216, 0.02450302243232727, 0.0], "k_pid_alt": [0.1518649458885193, 0.0, 0.9872584342956543], "k_pid_att": [5.188906192779541, 9.396568298339844, 0.9711904525756836], "k_pid_yaw": [0.5, 1e-06, 0.1], "k_pid_hsp": [9.999999747378752e-05, 0.9933253526687622, 0.9868084788322449], "k_pid_vsp": [0.0, 400.0, 400.0]}, "datetime": {"datetime": "2025-08-21 16:32:19", "elapsed": 28056.40531349182, "delta": 22.30171298980713}, "costs": {"total_cost": 1667.323001737548, "time_cost": 150, "final_distance_cost": 87.4619447918799, "oscillation_cost": 323.8042276995905, "completition_cost": 1000.0, "overshoot_cost": 65.08729113181298, "power_cost": 22.831652673339846, "noise_cost": 18.137885440924872, "n_waypoints_completed": 0, "tot_waypoints": 9}}
{"target": -4277.594849260184, "params": {"k_pid_pos": [2.0, 0.0, 0.0], "k_pid_alt": [0.014819025993347168, 0.0, 0.9801710247993469], "k_pid_att": [0.0, 10.0, 1.0], "k_pid_yaw": [0.5, 1e-06, 0.1], "k_pid_hsp": [0.7664849758148193, 1.0, 0.9403809309005737], "k_pid_vsp": [0.0, 373.439208984375, 395.0268249511719]}, "datetime": {"datetime": "2025-08-21 16:32:43", "elapsed": 28079.645535945892, "delta": 23.240222454071045}, "costs": {"total_cost": 4277.594849260184, "time_cost": 150, "final_distance_cost": 566.4443409987919, "oscillation_cost": 1352.1112039138181, "completition_cost": 1000.0, "overshoot_cost": 1076.6456047223016, "power_cost": 32.97016456298828, "noise_cost": 99.42353506228366, "n_waypoints_completed": 0, "tot_waypoints": 9}}
{"target": -1781.5007811642456, "params": {"k_pid_pos": [1.8373315334320068, 0.0, 0.0], "k_pid_alt": [0.00033414363861083984, 0.0, 0.9696966409683228], "k_pid_att": [3.454789638519287, 9.1244535446167, 0.9629287123680115], "k_pid_yaw": [0.5, 1e-06, 0.1], "k_pid_hsp": [9.999999747378752e-05, 1.0, 0.9949904680252075], "k_pid_vsp": [14.988970756530762, 382.6809387207031, 400.0]}, "datetime": {"datetime": "2025-08-21 16:33:06", "elapsed": 28103.2124209404, "delta": 23.566884994506836}, "costs": {"total_cost": 1781.5007811642456, "time_cost": 150, "final_distance_cost": 33.75095423332519, "oscillation_cost": 288.54827178275525, "completition_cost": 1000.0, "overshoot_cost": 228.30313624203092, "power_cost": 18.99143415527344, "noise_cost": 61.90698475086082, "n_waypoints_completed": 0, "tot_waypoints": 9}}
{"target": -1638.0767789409622, "params": {"k_pid_pos": [2.0, 0.0, 0.0], "k_pid_alt": [0.0, 0.0, 1.0], "k_pid_att": [5.063122749328613, 9.466567993164062, 0.977848470211029], "k_pid_yaw": [0.5, 1e-06, 0.1], "k_pid_hsp": [0.7224617600440979, 1.0, 0.9588848352432251], "k_pid_vsp": [0.0, 355.9158630371094, 397.53369140625]}, "datetime": {"datetime": "2025-08-21 16:33:30", "elapsed": 28126.96219229698, "delta": 23.74977135658264}, "costs": {"total_cost": 1638.0767789409622, "time_cost": 150, "final_distance_cost": 51.84464616537908, "oscillation_cost": 233.08189612843557, "completition_cost": 1000.0, "overshoot_cost": 167.01393296564683, "power_cost": 15.231488867187501, "noise_cost": 20.904814814313255, "n_waypoints_completed": 0, "tot_waypoints": 9}}
{"target": -3999.600830986172, "params": {"k_pid_pos": [2.0, 0.07417723536491394, 0.13833186030387878], "k_pid_alt": [0.044732630252838135, 0.03596764802932739, 1.0], "k_pid_att": [7.623660564422607, 9.858771324157715, 1.0], "k_pid_yaw": [0.5, 1e-06, 0.1], "k_pid_hsp": [9.999999747378752e-05, 1.0, 0.9942930936813354], "k_pid_vsp": [18.094778060913086, 355.3585205078125, 400.0]}, "datetime": {"datetime": "2025-08-21 16:33:54", "elapsed": 28150.489261865616, "delta": 23.527069568634033}, "costs": {"total_cost": 3999.600830986172, "time_cost": 150, "final_distance_cost": 1097.751993739892, "oscillation_cost": 188.4864309137609, "completition_cost": 1000.0, "overshoot_cost": 1533.4610693884988, "power_cost": 16.330365686035158, "noise_cost": 13.570971257984674, "n_waypoints_completed": 0, "tot_waypoints": 9}}
{"target": -1731.0912294841141, "params": {"k_pid_pos": [1.9096877574920654, 0.0, 0.0], "k_pid_alt": [0.0, 0.0, 0.9886291027069092], "k_pid_att": [2.931103229522705, 9.275501251220703, 1.0], "k_pid_yaw": [0.5, 1e-06, 0.1], "k_pid_hsp": [9.999999747378752e-05, 0.9929396510124207, 1.0], "k_pid_vsp": [0.0, 368.1582336425781, 371.1275939941406]}, "datetime": {"datetime": "2025-08-21 16:34:19", "elapsed": 28176.280215501785, "delta": 25.790953636169434}, "costs": {"total_cost": 1731.0912294841141, "time_cost": 150, "final_distance_cost": 2.8809782560380723, "oscillation_cost": 331.97326113422827, "completition_cost": 1000.0, "overshoot_cost": 135.8098041656085, "power_cost": 27.5458134765625, "noise_cost": 82.88137245167704, "n_waypoints_completed": 0, "tot_waypoints": 9}}
{"target": -3035.7998486441566, "params": {"k_pid_pos": [2.0, 0.0, 0.02692776918411255], "k_pid_alt": [0.0, 0.004370003938674927, 0.940819501876831], "k_pid_att": [4.0674896240234375, 10.0, 0.9668924808502197], "k_pid_yaw": [0.5, 1e-06, 0.1], "k_pid_hsp": [9.999999747378752e-05, 1.0, 1.0], "k_pid_vsp": [0.0, 400.0, 398.68231201171875]}, "datetime": {"datetime": "2025-08-21 16:34:46", "elapsed": 28202.7764172554, "delta": 26.496201753616333}, "costs": {"total_cost": 3035.7998486441566, "time_cost": 150, "final_distance_cost": 814.3014068767325, "oscillation_cost": 243.9426764384178, "completition_cost": 1000.0, "overshoot_cost": 782.5254993958307, "power_cost": 18.881362121582033, "noise_cost": 26.148903811593097, "n_waypoints_completed": 0, "tot_waypoints": 9}}
{"target": -4129.625722443572, "params": {"k_pid_pos": [1.931321144104004, 0.0, 0.0], "k_pid_alt": [0.03603595495223999, 0.0, 0.9666703939437866], "k_pid_att": [0.0, 10.0, 0.9925347566604614], "k_pid_yaw": [0.5, 1e-06, 0.1], "k_pid_hsp": [0.5496994256973267, 0.8942633867263794, 0.9907107353210449], "k_pid_vsp": [17.572248458862305, 347.5029296875, 367.10858154296875]}, "datetime": {"datetime": "2025-08-21 16:35:10", "elapsed": 28226.80958175659, "delta": 24.033164501190186}, "costs": {"total_cost": 4129.625722443572, "time_cost": 150, "final_distance_cost": 129.12781890218423, "oscillation_cost": 2032.4466402386204, "completition_cost": 1000.0, "overshoot_cost": 684.7282801523904, "power_cost": 33.41086179199219, "noise_cost": 99.91212135838455, "n_waypoints_completed": 0, "tot_waypoints": 9}}
{"target": -2414.525204648712, "params": {"k_pid_pos": [1.8523343801498413, 0.0, 0.012368530035018921], "k_pid_alt": [0.0, 0.0, 0.9646792411804199], "k_pid_att": [0.2725571393966675, 10.0, 0.9854581356048584], "k_pid_yaw": [0.5, 1e-06, 0.1], "k_pid_hsp": [9.999999747378752e-05, 1.0, 0.9282956719398499], "k_pid_vsp": [31.598817825317383, 377.86431884765625, 400.0]}, "datetime": {"datetime": "2025-08-21 16:35:33", "elapsed": 28250.13452386856, "delta": 23.324942111968994}, "costs": {"total_cost": 2414.525204648712, "time_cost": 150, "final_distance_cost": 104.84557749286898, "oscillation_cost": 716.5932071127354, "completition_cost": 1000.0, "overshoot_cost": 349.6848414631167, "power_cost": 19.365705322265626, "noise_cost": 74.03587325772575, "n_waypoints_completed": 0, "tot_waypoints": 9}}
{"target": -2481.0803822040407, "params": {"k_pid_pos": [2.0, 0.0, 0.0], "k_pid_alt": [0.003990530967712402, 0.04799148440361023, 1.0], "k_pid_att": [0.9016722440719604, 10.0, 1.0], "k_pid_yaw": [0.5, 1e-06, 0.1], "k_pid_hsp": [9.999999747378752e-05, 1.0, 0.9871063828468323], "k_pid_vsp": [1.8828868865966797, 400.0, 398.51190185546875]}, "datetime": {"datetime": "2025-08-21 16:35:57", "elapsed": 28273.687016010284, "delta": 23.552492141723633}, "costs": {"total_cost": 2481.0803822040407, "time_cost": 150, "final_distance_cost": 275.92758934068985, "oscillation_cost": 597.3676981171053, "completition_cost": 1000.0, "overshoot_cost": 341.4773163592932, "power_cost": 29.0147890625, "noise_cost": 87.29298932445222, "n_waypoints_completed": 0, "tot_waypoints": 9}}
{"target": -8342.78284479277, "params": {"k_pid_pos": [1.9579707384109497, 0.06952548027038574, 0.0068690478801727295], "k_pid_alt": [0.0, 0.07068634033203125, 0.9956150054931641], "k_pid_att": [0.0, 9.6744966506958, 1.0], "k_pid_yaw": [0.5, 1e-06, 0.1], "k_pid_hsp": [9.999999747378752e-05, 0.9715259671211243, 1.0], "k_pid_vsp": [0.0, 364.8542785644531, 397.817138671875]}, "datetime": {"datetime": "2025-08-21 16:36:20", "elapsed": 28296.980148792267, "delta": 23.293132781982422}, "costs": {"total_cost": 8342.78284479277, "time_cost": 150, "final_distance_cost": 1357.6135886898057, "oscillation_cost": 2165.2253483568734, "completition_cost": 1000.0, "overshoot_cost": 3536.241680636672, "power_cost": 33.51265732421875, "noise_cost": 100.1895697851999, "n_waypoints_completed": 0, "tot_waypoints": 9}}
