{"target": -8418.61095621149, "params": {"k_pid_pos": [1.999403953552246, 0.0, 0.0], "k_pid_alt": [0.06719106435775757, 0.0, 1.0], "k_pid_att": [0.0, 10.0, 0.8773069381713867], "k_pid_yaw": [0.5, 1e-06, 0.1], "k_pid_hsp": [0.3820090591907501, 1.0, 0.9741398692131042], "k_pid_vsp": [12.893522262573242, 389.7707824707031, 334.79339599609375]}, "datetime": {"datetime": "2025-08-21 09:10:18", "elapsed": 1534.9313769340515, "delta": 26.956029415130615}, "costs": {"total_cost": 8418.61095621149, "time_cost": 150, "final_distance_cost": 2615.853560834498, "oscillation_cost": 1534.426504420976, "completition_cost": 1000.0, "overshoot_cost": 2985.6508349911123, "power_cost": 33.12284759521484, "noise_cost": 99.55720836968787, "n_waypoints_completed": 0, "tot_waypoints": 9}}
{"target": -1907.4311903873315, "params": {"k_pid_pos": [1.9567131996154785, 0.018179863691329956, 0.0], "k_pid_alt": [0.0, 0.06191456317901611, 1.0], "k_pid_att": [3.0003695487976074, 10.0, 1.0], "k_pid_yaw": [0.5, 1e-06, 0.1], "k_pid_hsp": [0.12016908079385757, 0.9808058142662048, 0.999579668045044], "k_pid_vsp": [13.037395477294922, 394.8884582519531, 385.283935546875]}, "datetime": {"datetime": "2025-08-21 09:10:45", "elapsed": 1562.3957433700562, "delta": 27.46436643600464}, "costs": {"total_cost": 1907.4311903873315, "time_cost": 150, "final_distance_cost": 70.20500332628382, "oscillation_cost": 332.5579834107606, "completition_cost": 1000.0, "overshoot_cost": 260.37551183626806, "power_cost": 23.574689794921877, "noise_cost": 70.71800201909721, "n_waypoints_completed": 0, "tot_waypoints": 9}}
{"target": -1744.2220355796308, "params": {"k_pid_pos": [2.0, 0.0, 0.0], "k_pid_alt": [0.0, 0.0, 1.0], "k_pid_att": [2.8731493949890137, 9.462665557861328, 0.8804165124893188], "k_pid_yaw": [0.5, 1e-06, 0.1], "k_pid_hsp": [0.6304599046707153, 1.0, 1.0], "k_pid_vsp": [22.069347381591797, 400.0, 392.7921142578125]}, "datetime": {"datetime": "2025-08-21 09:11:19", "elapsed": 1596.1808292865753, "delta": 33.785085916519165}, "costs": {"total_cost": 1744.2220355796308, "time_cost": 150, "final_distance_cost": 7.408456334305309, "oscillation_cost": 365.7632526885549, "completition_cost": 1000.0, "overshoot_cost": 137.17922670673534, "power_cost": 16.403665673828126, "noise_cost": 67.46743417620694, "n_waypoints_completed": 0, "tot_waypoints": 9}}
{"target": -1698.3122314036589, "params": {"k_pid_pos": [1.9868309497833252, 0.0, 0.0], "k_pid_alt": [0.0, 0.04361167550086975, 1.0], "k_pid_att": [5.415830135345459, 10.0, 1.0], "k_pid_yaw": [0.5, 1e-06, 0.1], "k_pid_hsp": [1.3753674030303955, 1.0, 0.9894149899482727], "k_pid_vsp": [3.8450002670288086, 382.9743957519531, 400.0]}, "datetime": {"datetime": "2025-08-21 09:11:48", "elapsed": 1624.798050403595, "delta": 28.617221117019653}, "costs": {"total_cost": 1698.3122314036589, "time_cost": 150, "final_distance_cost": 5.1074221203635775, "oscillation_cost": 330.9184032662286, "completition_cost": 1000.0, "overshoot_cost": 133.9462454873006, "power_cost": 21.302671533203124, "noise_cost": 57.03748899656306, "n_waypoints_completed": 0, "tot_waypoints": 9}}
{"target": -4448.409715729846, "params": {"k_pid_pos": [2.0, 0.06833267211914062, 0.0], "k_pid_alt": [0.10117918252944946, 0.0, 1.0], "k_pid_att": [0.7869511842727661, 9.814108848571777, 0.9535830020904541], "k_pid_yaw": [0.5, 1e-06, 0.1], "k_pid_hsp": [9.999999747378752e-05, 0.9790070056915283, 1.0], "k_pid_vsp": [55.474365234375, 400.0, 391.2958068847656]}, "datetime": {"datetime": "2025-08-21 09:12:14", "elapsed": 1651.366845369339, "delta": 26.56879496574402}, "costs": {"total_cost": 4448.409715729846, "time_cost": 150, "final_distance_cost": 1196.0311939371577, "oscillation_cost": 629.4930251357672, "completition_cost": 1000.0, "overshoot_cost": 1347.258822041343, "power_cost": 31.729257824707034, "noise_cost": 93.8974167908706, "n_waypoints_completed": 0, "tot_waypoints": 9}}
{"target": -7627.982057738697, "params": {"k_pid_pos": [1.9762682914733887, 0.03481212258338928, 0.01146697998046875], "k_pid_alt": [0.10112148523330688, 0.0, 0.9664320945739746], "k_pid_att": [0.0, 10.0, 0.9974928498268127], "k_pid_yaw": [0.5, 1e-06, 0.1], "k_pid_hsp": [9.999999747378752e-05, 1.0, 1.0], "k_pid_vsp": [27.41546630859375, 395.4670715332031, 388.2321472167969]}, "datetime": {"datetime": "2025-08-21 09:12:43", "elapsed": 1680.2850906848907, "delta": 28.918245315551758}, "costs": {"total_cost": 7627.982057738697, "time_cost": 150, "final_distance_cost": 1550.5907541656054, "oscillation_cost": 1669.6548862280993, "completition_cost": 1000.0, "overshoot_cost": 3119.1266962632335, "power_cost": 35.106969921875, "noise_cost": 103.5027511598837, "n_waypoints_completed": 0, "tot_waypoints": 9}}
{"target": -2010.5654378688837, "params": {"k_pid_pos": [1.9480392932891846, 0.03605508804321289, 0.03734287619590759], "k_pid_alt": [0.0, 0.026032447814941406, 1.0], "k_pid_att": [2.179089069366455, 10.0, 1.0], "k_pid_yaw": [0.5, 1e-06, 0.1], "k_pid_hsp": [9.999999747378752e-05, 0.9942737221717834, 0.946243405342102], "k_pid_vsp": [0.0, 400.0, 400.0]}, "datetime": {"datetime": "2025-08-21 09:13:10", "elapsed": 1707.3864290714264, "delta": 27.101338386535645}, "costs": {"total_cost": 2010.5654378688837, "time_cost": 150, "final_distance_cost": 74.70863153690317, "oscillation_cost": 425.7815050519853, "completition_cost": 1000.0, "overshoot_cost": 247.82936225770652, "power_cost": 27.943294372558594, "noise_cost": 84.30264464973028, "n_waypoints_completed": 0, "tot_waypoints": 9}}
{"target": -3972.3598002987756, "params": {"k_pid_pos": [2.0, 0.11775094270706177, 0.0005770027637481689], "k_pid_alt": [0.08449512720108032, 0.0, 0.9554376602172852], "k_pid_att": [0.0, 9.668291091918945, 1.0], "k_pid_yaw": [0.5, 1e-06, 0.1], "k_pid_hsp": [9.999999747378752e-05, 1.0, 0.9257106781005859], "k_pid_vsp": [11.11341667175293, 391.0411376953125, 383.40447998046875]}, "datetime": {"datetime": "2025-08-21 09:13:42", "elapsed": 1739.4311554431915, "delta": 32.04472637176514}, "costs": {"total_cost": 3972.3598002987756, "time_cost": 150, "final_distance_cost": 565.8607267772736, "oscillation_cost": 1082.634194972858, "completition_cost": 1000.0, "overshoot_cost": 1045.149046687273, "power_cost": 32.045379821777345, "noise_cost": 96.67045203959385, "n_waypoints_completed": 0, "tot_waypoints": 9}}
{"target": -2142.9828857345374, "params": {"k_pid_pos": [1.7555938959121704, 0.053134381771087646, 0.017921864986419678], "k_pid_alt": [0.037609100341796875, 0.04209434986114502, 0.9674373269081116], "k_pid_att": [1.2549757957458496, 10.0, 1.0], "k_pid_yaw": [0.5, 1e-06, 0.1], "k_pid_hsp": [0.339257150888443, 0.8968030214309692, 0.8912408351898193], "k_pid_vsp": [28.363645553588867, 385.1122741699219, 400.0]}, "datetime": {"datetime": "2025-08-21 09:14:08", "elapsed": 1764.6561419963837, "delta": 25.22498655319214}, "costs": {"total_cost": 2142.9828857345374, "time_cost": 150, "final_distance_cost": 29.430227092010682, "oscillation_cost": 657.537546602991, "completition_cost": 1000.0, "overshoot_cost": 180.07258290454408, "power_cost": 31.653726098632813, "noise_cost": 94.28880303635896, "n_waypoints_completed": 0, "tot_waypoints": 9}}
{"target": -2077.7077185289463, "params": {"k_pid_pos": [2.0, 0.0, 0.0], "k_pid_alt": [0.0, 0.0, 0.9925762414932251], "k_pid_att": [1.009240746498108, 9.449034690856934, 0.9353201389312744], "k_pid_yaw": [0.5, 1e-06, 0.1], "k_pid_hsp": [9.999999747378752e-05, 1.0, 1.0], "k_pid_vsp": [0.0, 400.0, 400.0]}, "datetime": {"datetime": "2025-08-21 09:14:40", "elapsed": 1796.6611096858978, "delta": 32.00496768951416}, "costs": {"total_cost": 2077.7077185289463, "time_cost": 150, "final_distance_cost": 6.421567062448099, "oscillation_cost": 686.109826426203, "completition_cost": 1000.0, "overshoot_cost": 151.74690995371446, "power_cost": 16.281241088867187, "noise_cost": 67.14817399771378, "n_waypoints_completed": 0, "tot_waypoints": 9}}
{"target": -9213.184963953623, "params": {"k_pid_pos": [2.0, 0.0, 0.018665462732315063], "k_pid_alt": [0.0, 0.0, 1.0], "k_pid_att": [0.08109807968139648, 10.0, 0.9928364753723145], "k_pid_yaw": [0.5, 1e-06, 0.1], "k_pid_hsp": [9.999999747378752e-05, 1.0, 0.9874343276023865], "k_pid_vsp": [8.941566467285156, 393.5791015625, 391.9637756347656]}, "datetime": {"datetime": "2025-08-21 09:15:06", "elapsed": 1822.4993073940277, "delta": 25.838197708129883}, "costs": {"total_cost": 9213.184963953623, "time_cost": 150, "final_distance_cost": 3013.788374430584, "oscillation_cost": 1729.873836450608, "completition_cost": 1000.0, "overshoot_cost": 3207.273619702581, "power_cost": 25.468856457519532, "noise_cost": 86.78027691233238, "n_waypoints_completed": 0, "tot_waypoints": 9}}
{"target": -23385.303742284123, "params": {"k_pid_pos": [1.9189565181732178, 0.0, 0.041423916816711426], "k_pid_alt": [0.0, 0.0, 1.0], "k_pid_att": [0.0, 9.531537055969238, 0.9679393768310547], "k_pid_yaw": [0.5, 1e-06, 0.1], "k_pid_hsp": [0.22325576841831207, 0.9941062927246094, 0.9640332460403442], "k_pid_vsp": [0.0, 400.0, 400.0]}, "datetime": {"datetime": "2025-08-21 09:15:39", "elapsed": 1856.064689874649, "delta": 33.56538248062134}, "costs": {"total_cost": 23385.303742284123, "time_cost": 150, "final_distance_cost": 7433.849868747755, "oscillation_cost": 1907.7316629718744, "completition_cost": 1000.0, "overshoot_cost": 12766.730295481324, "power_cost": 30.1652525390625, "noise_cost": 96.82666254410813, "n_waypoints_completed": 0, "tot_waypoints": 9}}
{"target": -3585.0119931246986, "params": {"k_pid_pos": [2.0, 0.0032754838466644287, 0.0], "k_pid_alt": [0.0, 0.0, 1.0], "k_pid_att": [0.3463476896286011, 10.0, 0.949668288230896], "k_pid_yaw": [0.5, 1e-06, 0.1], "k_pid_hsp": [9.999999747378752e-05, 0.9365732669830322, 0.9464214444160461], "k_pid_vsp": [0.0, 400.0, 400.0]}, "datetime": {"datetime": "2025-08-21 09:16:06", "elapsed": 1882.762588262558, "delta": 26.697898387908936}, "costs": {"total_cost": 3585.0119931246986, "time_cost": 150, "final_distance_cost": 488.3601803863912, "oscillation_cost": 1188.826650920868, "completition_cost": 1000.0, "overshoot_cost": 657.1939272412652, "power_cost": 21.566013891601564, "noise_cost": 79.06522068457282, "n_waypoints_completed": 0, "tot_waypoints": 9}}
{"target": -1766.072086361745, "params": {"k_pid_pos": [1.919741153717041, 0.0, 0.0603773295879364], "k_pid_alt": [0.11621761322021484, 0.0, 0.9961373805999756], "k_pid_att": [3.5883426666259766, 10.0, 1.0], "k_pid_yaw": [0.5, 1e-06, 0.1], "k_pid_hsp": [0.34004899859428406, 1.0, 0.9869470000267029], "k_pid_vsp": [0.0, 400.0, 394.720947265625]}, "datetime": {"datetime": "2025-08-21 09:16:35", "elapsed": 1911.7839803695679, "delta": 29.021392107009888}, "costs": {"total_cost": 1766.072086361745, "time_cost": 150, "final_distance_cost": 28.751477764227904, "oscillation_cost": 306.5334982705511, "completition_cost": 1000.0, "overshoot_cost": 200.28746858773368, "power_cost": 19.028987963867188, "noise_cost": 61.47065377536528, "n_waypoints_completed": 0, "tot_waypoints": 9}}
{"target": -5450.95688492701, "params": {"k_pid_pos": [2.0, 0.0, 0.03041568398475647], "k_pid_alt": [0.0, 0.03084048628807068, 1.0], "k_pid_att": [0.31330883502960205, 9.383185386657715, 1.0], "k_pid_yaw": [0.5, 1e-06, 0.1], "k_pid_hsp": [1.227898120880127, 0.9624996781349182, 1.0], "k_pid_vsp": [0.0, 400.0, 385.5456237792969]}, "datetime": {"datetime": "2025-08-21 09:17:01", "elapsed": 1938.0374970436096, "delta": 26.253516674041748}, "costs": {"total_cost": 5450.95688492701, "time_cost": 150, "final_distance_cost": 943.898496130072, "oscillation_cost": 1724.0257766647455, "completition_cost": 1000.0, "overshoot_cost": 1504.0415953134484, "power_cost": 32.208964685058596, "noise_cost": 96.7820521336862, "n_waypoints_completed": 0, "tot_waypoints": 9}}
{"target": -8071.497860820553, "params": {"k_pid_pos": [1.8503018617630005, 0.0, 0.026773661375045776], "k_pid_alt": [0.0, 0.05055797100067139, 1.0], "k_pid_att": [0.0, 9.72862720489502, 1.0], "k_pid_yaw": [0.5, 1e-06, 0.1], "k_pid_hsp": [9.999999747378752e-05, 1.0, 1.0], "k_pid_vsp": [13.76025676727295, 400.0, 392.3807373046875]}, "datetime": {"datetime": "2025-08-21 09:17:33", "elapsed": 1970.0201020240784, "delta": 31.98260498046875}, "costs": {"total_cost": 8071.497860820553, "time_cost": 150, "final_distance_cost": 1548.1449086208945, "oscillation_cost": 1637.0655417893022, "completition_cost": 1000.0, "overshoot_cost": 3604.1818013443235, "power_cost": 32.987618579101564, "noise_cost": 99.11799048693058, "n_waypoints_completed": 0, "tot_waypoints": 9}}
{"target": -2424.2313841154587, "params": {"k_pid_pos": [2.0, 0.011513471603393555, 0.034406691789627075], "k_pid_alt": [0.01838397979736328, 0.07694515585899353, 0.9715949892997742], "k_pid_att": [3.7839949131011963, 9.303932189941406, 1.0], "k_pid_yaw": [0.5, 1e-06, 0.1], "k_pid_hsp": [0.016044380143284798, 1.0, 0.8882697820663452], "k_pid_vsp": [0.0, 400.0, 397.9163513183594]}, "datetime": {"datetime": "2025-08-21 09:17:59", "elapsed": 1996.2094008922577, "delta": 26.18929886817932}, "costs": {"total_cost": 2424.2313841154587, "time_cost": 150, "final_distance_cost": 516.4466642526088, "oscillation_cost": 247.02580921837153, "completition_cost": 1000.0, "overshoot_cost": 462.7962717032824, "power_cost": 21.726882824707033, "noise_cost": 26.235756116488886, "n_waypoints_completed": 0, "tot_waypoints": 9}}
{"target": -8430.556373005353, "params": {"k_pid_pos": [1.8586233854293823, 0.0, 0.041152626276016235], "k_pid_alt": [0.0, 0.008548170328140259, 1.0], "k_pid_att": [0.0, 9.318782806396484, 0.9646215438842773], "k_pid_yaw": [0.5, 1e-06, 0.1], "k_pid_hsp": [0.5086188316345215, 1.0, 1.0], "k_pid_vsp": [0.0, 394.65655517578125, 399.7629089355469]}, "datetime": {"datetime": "2025-08-21 09:18:29", "elapsed": 2025.9019076824188, "delta": 29.692506790161133}, "costs": {"total_cost": 8430.556373005353, "time_cost": 150, "final_distance_cost": 2925.5066498637307, "oscillation_cost": 1597.0979990693202, "completition_cost": 1000.0, "overshoot_cost": 2629.4845554565673, "power_cost": 31.549793664550783, "noise_cost": 96.91737495118282, "n_waypoints_completed": 0, "tot_waypoints": 9}}
{"target": -5383.447946723325, "params": {"k_pid_pos": [1.9149956703186035, 0.0, 0.07117882370948792], "k_pid_alt": [0.0, 0.02456355094909668, 0.9268547892570496], "k_pid_att": [11.77845573425293, 10.0, 1.0], "k_pid_yaw": [0.5, 1e-06, 0.1], "k_pid_hsp": [0.3046424090862274, 1.0, 1.0], "k_pid_vsp": [0.0, 389.5598449707031, 383.6166076660156]}, "datetime": {"datetime": "2025-08-21 09:18:54", "elapsed": 2051.2076740264893, "delta": 25.305766344070435}, "costs": {"total_cost": 5383.447946723325, "time_cost": 150, "final_distance_cost": 1638.892372796661, "oscillation_cost": 228.0380255193323, "completition_cost": 1000.0, "overshoot_cost": 2331.9075881238364, "power_cost": 19.40999501953125, "noise_cost": 15.19996526396307, "n_waypoints_completed": 0, "tot_waypoints": 9}}
{"target": -22375.25252320488, "params": {"k_pid_pos": [2.0, 0.02717730402946472, 0.031009435653686523], "k_pid_alt": [0.0, 0.0373271107673645, 1.0], "k_pid_att": [0.0, 10.0, 1.0], "k_pid_yaw": [0.5, 1e-06, 0.1], "k_pid_hsp": [0.10401369631290436, 1.0, 1.0], "k_pid_vsp": [25.02701187133789, 392.6545715332031, 400.0]}, "datetime": {"datetime": "2025-08-21 09:19:23", "elapsed": 2079.775450229645, "delta": 28.567776203155518}, "costs": {"total_cost": 22375.25252320488, "time_cost": 150, "final_distance_cost": 6570.271490400566, "oscillation_cost": 2278.421145697969, "completition_cost": 1000.0, "overshoot_cost": 12238.347031069372, "power_cost": 34.86026270751953, "noise_cost": 103.3525933294558, "n_waypoints_completed": 0, "tot_waypoints": 9}}
{"target": -6825.386018763008, "params": {"k_pid_pos": [1.817132592201233, 0.0, 0.0], "k_pid_alt": [0.078499436378479, 0.0, 0.9301438331604004], "k_pid_att": [0.0, 10.0, 1.0], "k_pid_yaw": [0.5, 1e-06, 0.1], "k_pid_hsp": [9.999999747378752e-05, 1.0, 1.0], "k_pid_vsp": [16.348827362060547, 398.9803466796875, 391.11871337890625]}, "datetime": {"datetime": "2025-08-21 09:19:50", "elapsed": 2106.9205844402313, "delta": 27.145134210586548}, "costs": {"total_cost": 6825.386018763008, "time_cost": 150, "final_distance_cost": 1820.4745564863974, "oscillation_cost": 697.587461660159, "completition_cost": 1000.0, "overshoot_cost": 3037.101507315774, "power_cost": 30.12469034423828, "noise_cost": 90.09780295643924, "n_waypoints_completed": 0, "tot_waypoints": 9}}
{"target": -2905.8034252946018, "params": {"k_pid_pos": [2.0, 0.0208856463432312, 0.03559654951095581], "k_pid_alt": [0.0, 0.0, 0.9646731615066528], "k_pid_att": [0.3295719623565674, 9.580074310302734, 1.0], "k_pid_yaw": [0.5, 1e-06, 0.1], "k_pid_hsp": [0.4567409157752991, 0.9754796624183655, 0.9101502895355225], "k_pid_vsp": [0.0, 400.0, 400.0]}, "datetime": {"datetime": "2025-08-21 09:20:16", "elapsed": 2133.4618372917175, "delta": 26.541252851486206}, "costs": {"total_cost": 2905.8034252946018, "time_cost": 150, "final_distance_cost": 296.45733124532427, "oscillation_cost": 763.7884689615634, "completition_cost": 1000.0, "overshoot_cost": 596.8873271650685, "power_cost": 20.78735319824219, "noise_cost": 77.88294472440285, "n_waypoints_completed": 0, "tot_waypoints": 9}}
{"target": -4423.406436418707, "params": {"k_pid_pos": [1.7539455890655518, 0.0, 0.054171741008758545], "k_pid_alt": [0.0056146979331970215, 0.0, 1.0], "k_pid_att": [7.5209527015686035, 9.699104309082031, 0.923302173614502], "k_pid_yaw": [0.5, 1e-06, 0.1], "k_pid_hsp": [9.999999747378752e-05, 0.9467461705207825, 1.0], "k_pid_vsp": [0.0, 400.0, 400.0]}, "datetime": {"datetime": "2025-08-21 09:20:44", "elapsed": 2160.6631655693054, "delta": 27.20132827758789}, "costs": {"total_cost": 4423.406436418707, "time_cost": 150, "final_distance_cost": 1166.086762288868, "oscillation_cost": 223.0124467730709, "completition_cost": 1000.0, "overshoot_cost": 1849.60848431266, "power_cost": 18.994809716796876, "noise_cost": 15.703933327310473, "n_waypoints_completed": 0, "tot_waypoints": 9}}
{"target": -5170.009697540278, "params": {"k_pid_pos": [2.0, 0.0, 0.0], "k_pid_alt": [0.0, 0.007560670375823975, 0.993110716342926], "k_pid_att": [0.0, 10.0, 0.8720440864562988], "k_pid_yaw": [0.5, 1e-06, 0.1], "k_pid_hsp": [9.999999747378752e-05, 0.9552154541015625, 0.9978113174438477], "k_pid_vsp": [0.0, 389.7137756347656, 394.7486267089844]}, "datetime": {"datetime": "2025-08-21 09:21:11", "elapsed": 2187.6958854198456, "delta": 27.03271985054016}, "costs": {"total_cost": 5170.009697540278, "time_cost": 150, "final_distance_cost": 416.4847943098214, "oscillation_cost": 1746.8084920838112, "completition_cost": 1000.0, "overshoot_cost": 1725.4263345837896, "power_cost": 32.74841279296875, "noise_cost": 98.54166376988694, "n_waypoints_completed": 0, "tot_waypoints": 9}}
{"target": -1559.049681565232, "params": {"k_pid_pos": [1.9173952341079712, 0.025329798460006714, 0.04339149594306946], "k_pid_alt": [0.0, 0.0, 0.9238146543502808], "k_pid_att": [8.482399940490723, 9.708990097045898, 0.967375636100769], "k_pid_yaw": [0.5, 1e-06, 0.1], "k_pid_hsp": [0.9240521788597107, 1.0, 1.0], "k_pid_vsp": [0.0, 400.0, 400.0]}, "datetime": {"datetime": "2025-08-21 09:21:38", "elapsed": 2215.3260407447815, "delta": 27.630155324935913}, "costs": {"total_cost": 1559.049681565232, "time_cost": 150, "final_distance_cost": 8.533301989073971, "oscillation_cost": 187.24281533170225, "completition_cost": 1000.0, "overshoot_cost": 140.07066889597314, "power_cost": 13.191563098144531, "noise_cost": 60.01133225033818, "n_waypoints_completed": 0, "tot_waypoints": 9}}
{"target": -1691.5741499423589, "params": {"k_pid_pos": [2.0, 0.030241310596466064, 0.0], "k_pid_alt": [0.07943505048751831, 0.019329071044921875, 0.9372096061706543], "k_pid_att": [6.516390800476074, 10.0, 1.0], "k_pid_yaw": [0.5, 1e-06, 0.1], "k_pid_hsp": [0.010980122722685337, 1.0, 1.0], "k_pid_vsp": [0.0, 400.0, 400.0]}, "datetime": {"datetime": "2025-08-21 09:22:05", "elapsed": 2242.2978944778442, "delta": 26.971853733062744}, "costs": {"total_cost": 1691.5741499423589, "time_cost": 150, "final_distance_cost": 7.285056284417005, "oscillation_cost": 312.5394216865652, "completition_cost": 1000.0, "overshoot_cost": 138.37203076657457, "power_cost": 19.67787741699219, "noise_cost": 63.69976378780994, "n_waypoints_completed": 0, "tot_waypoints": 9}}
{"target": -7159.358664104459, "params": {"k_pid_pos": [2.0, 0.0, 0.0], "k_pid_alt": [0.001993417739868164, 0.0, 1.0], "k_pid_att": [0.0, 9.914203643798828, 1.0], "k_pid_yaw": [0.5, 1e-06, 0.1], "k_pid_hsp": [0.5811196565628052, 1.0, 0.9883978366851807], "k_pid_vsp": [1.3549327850341797, 390.2569885253906, 400.0]}, "datetime": {"datetime": "2025-08-21 09:22:33", "elapsed": 2270.15194439888, "delta": 27.854049921035767}, "costs": {"total_cost": 7159.358664104459, "time_cost": 150, "final_distance_cost": 1328.112853612018, "oscillation_cost": 1891.9131486052308, "completition_cost": 1000.0, "overshoot_cost": 2655.2107871270277, "power_cost": 33.57680174560547, "noise_cost": 100.54507301457686, "n_waypoints_completed": 0, "tot_waypoints": 9}}
{"target": -12991.443737485872, "params": {"k_pid_pos": [2.0, 0.020768821239471436, 0.06897979974746704], "k_pid_alt": [0.018949151039123535, 0.13452965021133423, 1.0], "k_pid_att": [0.0, 9.308059692382812, 0.9728350639343262], "k_pid_yaw": [0.5, 1e-06, 0.1], "k_pid_hsp": [9.999999747378752e-05, 0.9448180198669434, 1.0], "k_pid_vsp": [0.0, 394.4413757324219, 400.0]}, "datetime": {"datetime": "2025-08-21 09:23:00", "elapsed": 2296.9241404533386, "delta": 26.772196054458618}, "costs": {"total_cost": 12991.443737485872, "time_cost": 150, "final_distance_cost": 2094.1526488102013, "oscillation_cost": 2101.6554585442645, "completition_cost": 1000.0, "overshoot_cost": 7509.111147828162, "power_cost": 34.509026440429686, "noise_cost": 102.01545586281398, "n_waypoints_completed": 0, "tot_waypoints": 9}}
