{"target": -3922.0143109239425, "params": {"k_pid_pos": [2.0, 0.037432700395584106, 0.045902907848358154], "k_pid_alt": [0.0, 0.0, 1.0], "k_pid_att": [9.000715255737305, 9.620481491088867, 1.0], "k_pid_yaw": [0.5, 1e-06, 0.1], "k_pid_hsp": [9.999999747378752e-05, 1.0, 0.9697954654693604], "k_pid_vsp": [29.193950653076172, 400.0, 400.0]}, "datetime": {"datetime": "2025-08-22 00:30:48", "elapsed": 56765.377275943756, "delta": 20.358464241027832}, "costs": {"total_cost": 3922.0143109239425, "time_cost": 150, "final_distance_cost": 926.082554939658, "oscillation_cost": 186.1565403881779, "completition_cost": 1000.0, "overshoot_cost": 1631.9239798022313, "power_cost": 15.099730297851563, "noise_cost": 12.751505496023068, "n_waypoints_completed": 0, "tot_waypoints": 9}}
{"target": -1619.4919888619115, "params": {"k_pid_pos": [1.7879453897476196, 0.04996985197067261, 0.05658048391342163], "k_pid_alt": [0.19649755954742432, 0.008799552917480469, 0.9910611510276794], "k_pid_att": [12.306889533996582, 10.0, 1.0], "k_pid_yaw": [0.5, 1e-06, 0.1], "k_pid_hsp": [0.47463464736938477, 1.0, 0.9712510108947754], "k_pid_vsp": [0.0, 400.0, 400.0]}, "datetime": {"datetime": "2025-08-22 00:31:10", "elapsed": 56787.0391831398, "delta": 21.661907196044922}, "costs": {"total_cost": 1619.4919888619115, "time_cost": 150, "final_distance_cost": 53.62720218938029, "oscillation_cost": 339.0931026436446, "completition_cost": 888.8888888888888, "overshoot_cost": 126.51270100418327, "power_cost": 16.37231988525391, "noise_cost": 44.997774250560454, "n_waypoints_completed": 1, "tot_waypoints": 9}}
{"target": -1579.5167571984339, "params": {"k_pid_pos": [1.891640305519104, 0.0, 0.026481986045837402], "k_pid_alt": [0.09635818004608154, 0.02892318367958069, 0.9448716044425964], "k_pid_att": [4.958921432495117, 9.673660278320312, 0.9270931482315063], "k_pid_yaw": [0.5, 1e-06, 0.1], "k_pid_hsp": [0.9421339631080627, 1.0, 0.9910005331039429], "k_pid_vsp": [0.0, 389.7060546875, 357.4292297363281]}, "datetime": {"datetime": "2025-08-22 00:31:31", "elapsed": 56808.24141550064, "delta": 21.202232360839844}, "costs": {"total_cost": 1579.5167571984339, "time_cost": 150, "final_distance_cost": 127.02084435395166, "oscillation_cost": 250.44283582401363, "completition_cost": 888.8888888888888, "overshoot_cost": 106.21068032362041, "power_cost": 23.110618261718752, "noise_cost": 33.8428895462407, "n_waypoints_completed": 1, "tot_waypoints": 9}}
{"target": -1917.8644573909517, "params": {"k_pid_pos": [1.9927979707717896, 0.0050862133502960205, 0.05033949017524719], "k_pid_alt": [0.0, 0.09975510835647583, 1.0], "k_pid_att": [2.600273609161377, 10.0, 1.0], "k_pid_yaw": [0.5, 1e-06, 0.1], "k_pid_hsp": [9.999999747378752e-05, 1.0, 0.993128776550293], "k_pid_vsp": [0.0, 400.0, 369.0569763183594]}, "datetime": {"datetime": "2025-08-22 00:31:52", "elapsed": 56829.33287405968, "delta": 21.091458559036255}, "costs": {"total_cost": 1917.8644573909517, "time_cost": 150, "final_distance_cost": 65.46660566702825, "oscillation_cost": 375.8072243881316, "completition_cost": 1000.0, "overshoot_cost": 225.0187184570083, "power_cost": 25.482546350097657, "noise_cost": 76.08936252868588, "n_waypoints_completed": 0, "tot_waypoints": 9}}
{"target": -3507.631567150903, "params": {"k_pid_pos": [2.0, 0.013777881860733032, 0.0], "k_pid_alt": [0.0, 0.0, 1.0], "k_pid_att": [0.0, 8.544451713562012, 0.9199029207229614], "k_pid_yaw": [0.5, 1e-06, 0.1], "k_pid_hsp": [9.999999747378752e-05, 1.0, 0.9656780958175659], "k_pid_vsp": [0.0, 379.1313781738281, 379.6903076171875]}, "datetime": {"datetime": "2025-08-22 00:32:14", "elapsed": 56850.53595280647, "delta": 21.203078746795654}, "costs": {"total_cost": 3507.631567150903, "time_cost": 150, "final_distance_cost": 380.62581583087183, "oscillation_cost": 1116.7003610433824, "completition_cost": 1000.0, "overshoot_cost": 760.2125575791525, "power_cost": 21.45200622558594, "noise_cost": 78.64082647191003, "n_waypoints_completed": 0, "tot_waypoints": 9}}
{"target": -1722.8943941540674, "params": {"k_pid_pos": [2.0, 0.0009440481662750244, 0.02037850022315979], "k_pid_alt": [0.0, 0.0, 1.0], "k_pid_att": [4.454493522644043, 10.0, 0.9057652950286865], "k_pid_yaw": [0.5, 1e-06, 0.1], "k_pid_hsp": [0.22356362640857697, 0.9390608072280884, 0.974297821521759], "k_pid_vsp": [18.01019859313965, 400.0, 369.2872009277344]}, "datetime": {"datetime": "2025-08-22 00:32:35", "elapsed": 56871.49996805191, "delta": 20.964015245437622}, "costs": {"total_cost": 1722.8943941540674, "time_cost": 150, "final_distance_cost": 86.13674564196671, "oscillation_cost": 247.83695873135315, "completition_cost": 1000.0, "overshoot_cost": 190.26491709427884, "power_cost": 17.184427990722657, "noise_cost": 31.47134469574606, "n_waypoints_completed": 0, "tot_waypoints": 9}}
{"target": -5402.578191413606, "params": {"k_pid_pos": [2.0, 0.0396094024181366, 0.00977596640586853], "k_pid_alt": [0.0, 0.007642865180969238, 0.952174723148346], "k_pid_att": [0.0, 10.0, 0.9803179502487183], "k_pid_yaw": [0.5, 1e-06, 0.1], "k_pid_hsp": [0.3773992657661438, 0.9458776712417603, 1.0], "k_pid_vsp": [0.0, 389.6580810546875, 384.6730651855469]}, "datetime": {"datetime": "2025-08-22 00:32:56", "elapsed": 56893.39744710922, "delta": 21.89747905731201}, "costs": {"total_cost": 5402.578191413606, "time_cost": 150, "final_distance_cost": 205.76832414271007, "oscillation_cost": 2282.631376377612, "completition_cost": 1000.0, "overshoot_cost": 1627.4587014740555, "power_cost": 34.351338427734376, "noise_cost": 102.36845099149507, "n_waypoints_completed": 0, "tot_waypoints": 9}}
{"target": -3219.9822405212108, "params": {"k_pid_pos": [1.811703085899353, 0.0, 0.04704248905181885], "k_pid_alt": [0.17988288402557373, 0.010372340679168701, 0.9816200733184814], "k_pid_att": [0.6882160902023315, 10.0, 1.0], "k_pid_yaw": [0.5, 1e-06, 0.1], "k_pid_hsp": [9.999999747378752e-05, 0.9471575021743774, 1.0], "k_pid_vsp": [0.0, 384.2890625, 400.0]}, "datetime": {"datetime": "2025-08-22 00:33:17", "elapsed": 56914.1419813633, "delta": 20.744534254074097}, "costs": {"total_cost": 3219.9822405212108, "time_cost": 150, "final_distance_cost": 353.6802273789515, "oscillation_cost": 1154.7631216771854, "completition_cost": 1000.0, "overshoot_cost": 435.6570857561722, "power_cost": 31.443788354492188, "noise_cost": 94.43801735440952, "n_waypoints_completed": 0, "tot_waypoints": 9}}
{"target": -12753.437486275516, "params": {"k_pid_pos": [1.7886558771133423, 0.04015573859214783, 0.0], "k_pid_alt": [0.04557448625564575, 0.004427433013916016, 1.0], "k_pid_att": [0.0, 9.630502700805664, 0.883773684501648], "k_pid_yaw": [0.5, 1e-06, 0.1], "k_pid_hsp": [0.029734238982200623, 1.0, 1.0], "k_pid_vsp": [0.0, 400.0, 400.0]}, "datetime": {"datetime": "2025-08-22 00:33:39", "elapsed": 56936.34991836548, "delta": 22.207937002182007}, "costs": {"total_cost": 12753.437486275516, "time_cost": 150, "final_distance_cost": 4038.449782718381, "oscillation_cost": 2291.654581812864, "completition_cost": 1000.0, "overshoot_cost": 5136.1072359389955, "power_cost": 34.57422200927734, "noise_cost": 102.65166379599764, "n_waypoints_completed": 0, "tot_waypoints": 9}}
{"target": -6329.141818920815, "params": {"k_pid_pos": [1.774248719215393, 0.08119094371795654, 0.001317143440246582], "k_pid_alt": [0.0, 0.04180097579956055, 1.0], "k_pid_att": [0.0, 10.0, 0.9350900650024414], "k_pid_yaw": [0.5, 1e-06, 0.1], "k_pid_hsp": [0.9022382497787476, 1.0, 0.9466079473495483], "k_pid_vsp": [0.0, 400.0, 400.0]}, "datetime": {"datetime": "2025-08-22 00:34:00", "elapsed": 56956.68410873413, "delta": 20.334190368652344}, "costs": {"total_cost": 6329.141818920815, "time_cost": 150, "final_distance_cost": 1257.805486283568, "oscillation_cost": 1661.4258614501948, "completition_cost": 1000.0, "overshoot_cost": 2133.4847729372386, "power_cost": 31.08025729980469, "noise_cost": 95.34544095000903, "n_waypoints_completed": 0, "tot_waypoints": 9}}
{"target": -19762.486544338248, "params": {"k_pid_pos": [2.0, 0.0, 0.030378997325897217], "k_pid_alt": [0.0, 0.012851953506469727, 0.9150214195251465], "k_pid_att": [0.0, 9.968879699707031, 1.0], "k_pid_yaw": [0.5, 1e-06, 0.1], "k_pid_hsp": [0.2871897518634796, 1.0, 0.9948791265487671], "k_pid_vsp": [22.173559188842773, 375.1468505859375, 396.51220703125]}, "datetime": {"datetime": "2025-08-22 00:34:22", "elapsed": 56978.572462797165, "delta": 21.888354063034058}, "costs": {"total_cost": 19762.486544338248, "time_cost": 150, "final_distance_cost": 6541.410056854202, "oscillation_cost": 1630.149252080047, "completition_cost": 1000.0, "overshoot_cost": 10307.72264027401, "power_cost": 33.15232244873047, "noise_cost": 100.05227268125606, "n_waypoints_completed": 0, "tot_waypoints": 9}}
{"target": -2421.8133605056596, "params": {"k_pid_pos": [2.0, 0.0, 0.032628655433654785], "k_pid_alt": [0.0, 0.0, 0.9988528490066528], "k_pid_att": [4.398092746734619, 10.0, 0.9722896218299866], "k_pid_yaw": [0.5, 1e-06, 0.1], "k_pid_hsp": [0.4371797442436218, 1.0, 1.0], "k_pid_vsp": [0.0, 400.0, 400.0]}, "datetime": {"datetime": "2025-08-22 00:34:43", "elapsed": 57000.11325597763, "delta": 21.5407931804657}, "costs": {"total_cost": 2421.8133605056596, "time_cost": 150, "final_distance_cost": 468.6165096130136, "oscillation_cost": 212.82123523172405, "completition_cost": 1000.0, "overshoot_cost": 541.603778585086, "power_cost": 21.37764831542969, "noise_cost": 27.394188760406642, "n_waypoints_completed": 0, "tot_waypoints": 9}}
{"target": -7492.989474692569, "params": {"k_pid_pos": [2.0, 0.04657068848609924, 0.020264625549316406], "k_pid_alt": [0.0846015214920044, 0.0, 0.9478523135185242], "k_pid_att": [0.0, 10.0, 0.9651209115982056], "k_pid_yaw": [0.5, 1e-06, 0.1], "k_pid_hsp": [9.999999747378752e-05, 1.0, 0.9935222864151001], "k_pid_vsp": [14.165759086608887, 389.0255126953125, 400.0]}, "datetime": {"datetime": "2025-08-22 00:35:04", "elapsed": 57020.68864965439, "delta": 20.575393676757812}, "costs": {"total_cost": 7492.989474692569, "time_cost": 150, "final_distance_cost": 425.6667003712315, "oscillation_cost": 1971.051157139819, "completition_cost": 1000.0, "overshoot_cost": 3807.0354322048265, "power_cost": 35.17840506591797, "noise_cost": 104.05777991077376, "n_waypoints_completed": 0, "tot_waypoints": 9}}
{"target": -10083.657713485683, "params": {"k_pid_pos": [2.0, 0.0, 0.02317485213279724], "k_pid_alt": [0.0, 0.0, 1.0], "k_pid_att": [0.0, 10.0, 1.0], "k_pid_yaw": [0.5, 1e-06, 0.1], "k_pid_hsp": [9.999999747378752e-05, 0.914208173751831, 0.9701133966445923], "k_pid_vsp": [17.18817901611328, 400.0, 400.0]}, "datetime": {"datetime": "2025-08-22 00:35:26", "elapsed": 57042.93698811531, "delta": 22.24833846092224}, "costs": {"total_cost": 10083.657713485683, "time_cost": 150, "final_distance_cost": 3225.462996136644, "oscillation_cost": 1754.9027092859187, "completition_cost": 1000.0, "overshoot_cost": 3833.186530843144, "power_cost": 28.086193664550784, "noise_cost": 92.01928355542647, "n_waypoints_completed": 0, "tot_waypoints": 9}}
{"target": -8121.283424762956, "params": {"k_pid_pos": [1.8791838884353638, 0.019465327262878418, 0.0], "k_pid_alt": [0.1127282977104187, 0.06631350517272949, 0.9755943417549133], "k_pid_att": [0.0, 10.0, 0.9061479568481445], "k_pid_yaw": [0.5, 1e-06, 0.1], "k_pid_hsp": [0.15432129800319672, 1.0, 1.0], "k_pid_vsp": [5.824768543243408, 400.0, 400.0]}, "datetime": {"datetime": "2025-08-22 00:35:47", "elapsed": 57063.75465917587, "delta": 20.817671060562134}, "costs": {"total_cost": 8121.283424762956, "time_cost": 150, "final_distance_cost": 328.66098340529896, "oscillation_cost": 2210.056366373382, "completition_cost": 1000.0, "overshoot_cost": 4293.639361847346, "power_cost": 35.06507412109375, "noise_cost": 103.86163901583579, "n_waypoints_completed": 0, "tot_waypoints": 9}}
{"target": -10203.032364522534, "params": {"k_pid_pos": [2.0, 0.0, 0.06722486019134521], "k_pid_alt": [0.02224498987197876, 0.009083330631256104, 0.9220096468925476], "k_pid_att": [0.0, 9.593730926513672, 1.0], "k_pid_yaw": [0.5, 1e-06, 0.1], "k_pid_hsp": [9.999999747378752e-05, 1.0, 0.9009867906570435], "k_pid_vsp": [14.626157760620117, 400.0, 384.5574951171875]}, "datetime": {"datetime": "2025-08-22 00:36:10", "elapsed": 57087.295647621155, "delta": 23.540988445281982}, "costs": {"total_cost": 10203.032364522534, "time_cost": 150, "final_distance_cost": 2286.549048880614, "oscillation_cost": 1181.108246017905, "completition_cost": 1000.0, "overshoot_cost": 5456.569626678098, "power_cost": 32.14566044921875, "noise_cost": 96.6597824966972, "n_waypoints_completed": 0, "tot_waypoints": 9}}
{"target": -8174.355683262816, "params": {"k_pid_pos": [2.0, 0.12749344110488892, 0.0], "k_pid_alt": [0.0, 0.0, 1.0], "k_pid_att": [0.0, 9.762701034545898, 0.9694402813911438], "k_pid_yaw": [0.5, 1e-06, 0.1], "k_pid_hsp": [9.999999747378752e-05, 0.925642192363739, 0.9551199078559875], "k_pid_vsp": [13.342571258544922, 400.0, 400.0]}, "datetime": {"datetime": "2025-08-22 00:36:31", "elapsed": 57107.8672311306, "delta": 20.57158350944519}, "costs": {"total_cost": 8174.355683262816, "time_cost": 150, "final_distance_cost": 2032.7546047455805, "oscillation_cost": 1955.2358022983406, "completition_cost": 1000.0, "overshoot_cost": 2928.3402043443166, "power_cost": 24.49710386962891, "noise_cost": 83.5279680049487, "n_waypoints_completed": 0, "tot_waypoints": 9}}
{"target": -1674.6368267520388, "params": {"k_pid_pos": [2.0, 0.0, 0.0], "k_pid_alt": [0.2113996148109436, 0.03545421361923218, 0.9478870630264282], "k_pid_att": [2.822202444076538, 8.848363876342773, 1.0], "k_pid_yaw": [0.5, 1e-06, 0.1], "k_pid_hsp": [9.999999747378752e-05, 1.0, 0.94920414686203], "k_pid_vsp": [0.0, 400.0, 400.0]}, "datetime": {"datetime": "2025-08-22 00:36:53", "elapsed": 57130.3439745903, "delta": 22.476743459701538}, "costs": {"total_cost": 1674.6368267520388, "time_cost": 150, "final_distance_cost": 2.933208007317527, "oscillation_cost": 327.33084823581936, "completition_cost": 1000.0, "overshoot_cost": 127.3810115622341, "power_cost": 22.645996105957032, "noise_cost": 44.34576284071075, "n_waypoints_completed": 0, "tot_waypoints": 9}}
{"target": -1579.4654974893936, "params": {"k_pid_pos": [2.0, 0.0, 0.08499157428741455], "k_pid_alt": [0.0, 0.012650012969970703, 1.0], "k_pid_att": [11.93212890625, 9.246925354003906, 0.9704002737998962], "k_pid_yaw": [0.5, 1e-06, 0.1], "k_pid_hsp": [9.999999747378752e-05, 1.0, 0.9294444918632507], "k_pid_vsp": [1.520240306854248, 400.0, 400.0]}, "datetime": {"datetime": "2025-08-22 00:37:14", "elapsed": 57150.68842935562, "delta": 20.344454765319824}, "costs": {"total_cost": 1579.4654974893936, "time_cost": 150, "final_distance_cost": 62.284650877031034, "oscillation_cost": 280.08022345998927, "completition_cost": 888.8888888888888, "overshoot_cost": 141.23096716259815, "power_cost": 18.465388098144533, "noise_cost": 38.515379002741795, "n_waypoints_completed": 1, "tot_waypoints": 9}}
{"target": -3382.866787119155, "params": {"k_pid_pos": [2.0, 0.0, 0.022378981113433838], "k_pid_alt": [0.0, 0.0, 0.9662172794342041], "k_pid_att": [0.0, 10.0, 0.9596955180168152], "k_pid_yaw": [0.5, 1e-06, 0.1], "k_pid_hsp": [0.8412746787071228, 0.9987252354621887, 1.0], "k_pid_vsp": [4.872691631317139, 400.0, 400.0]}, "datetime": {"datetime": "2025-08-22 00:37:36", "elapsed": 57172.57390666008, "delta": 21.885477304458618}, "costs": {"total_cost": 3382.866787119155, "time_cost": 150, "final_distance_cost": 308.0600740308428, "oscillation_cost": 1259.4896764177909, "completition_cost": 1000.0, "overshoot_cost": 563.4476881799294, "power_cost": 21.950212231445313, "noise_cost": 79.91913625914671, "n_waypoints_completed": 0, "tot_waypoints": 9}}
{"target": -5820.122128422644, "params": {"k_pid_pos": [2.0, 0.0025256872177124023, 0.0], "k_pid_alt": [0.056551456451416016, 0.0, 0.9763705730438232], "k_pid_att": [0.0, 9.972342491149902, 1.0], "k_pid_yaw": [0.5, 1e-06, 0.1], "k_pid_hsp": [9.999999747378752e-05, 0.9967767000198364, 1.0], "k_pid_vsp": [0.0, 394.7803039550781, 400.0]}, "datetime": {"datetime": "2025-08-22 00:37:57", "elapsed": 57193.992795944214, "delta": 21.41888928413391}, "costs": {"total_cost": 5820.122128422644, "time_cost": 150, "final_distance_cost": 1157.6208535716785, "oscillation_cost": 1055.5150509039063, "completition_cost": 1000.0, "overshoot_cost": 2327.5617266768086, "power_cost": 32.38988319091797, "noise_cost": 97.03461407933226, "n_waypoints_completed": 0, "tot_waypoints": 9}}
{"target": -1683.9947181115465, "params": {"k_pid_pos": [2.0, 0.0, 0.00183907151222229], "k_pid_alt": [0.0, 0.0, 0.9212775230407715], "k_pid_att": [5.222582817077637, 10.0, 1.0], "k_pid_yaw": [0.5, 1e-06, 0.1], "k_pid_hsp": [0.31093838810920715, 1.0, 0.9678045511245728], "k_pid_vsp": [0.0, 400.0, 384.85137939453125]}, "datetime": {"datetime": "2025-08-22 00:38:18", "elapsed": 57215.402780056, "delta": 21.40998411178589}, "costs": {"total_cost": 1683.9947181115465, "time_cost": 150, "final_distance_cost": 47.14413230551061, "oscillation_cost": 253.85330287463248, "completition_cost": 1000.0, "overshoot_cost": 168.71534381456607, "power_cost": 15.81653914794922, "noise_cost": 48.465399968888384, "n_waypoints_completed": 0, "tot_waypoints": 9}}
{"target": -2091.8261852887867, "params": {"k_pid_pos": [2.0, 0.00750306248664856, 0.0], "k_pid_alt": [0.0, 0.010577589273452759, 0.9889867901802063], "k_pid_att": [1.8201887607574463, 9.498764991760254, 1.0], "k_pid_yaw": [0.5, 1e-06, 0.1], "k_pid_hsp": [9.999999747378752e-05, 0.9798904061317444, 0.942649781703949], "k_pid_vsp": [0.0, 400.0, 400.0]}, "datetime": {"datetime": "2025-08-22 00:38:40", "elapsed": 57236.836307525635, "delta": 21.43352746963501}, "costs": {"total_cost": 2091.8261852887867, "time_cost": 150, "final_distance_cost": 90.00899242108365, "oscillation_cost": 465.3281147113314, "completition_cost": 1000.0, "overshoot_cost": 270.85817046022896, "power_cost": 29.16159356689453, "noise_cost": 86.46931412924866, "n_waypoints_completed": 0, "tot_waypoints": 9}}
{"target": -1731.8177888448563, "params": {"k_pid_pos": [1.9949264526367188, 0.0, 0.0], "k_pid_alt": [0.2101326584815979, 0.06634584069252014, 1.0], "k_pid_att": [4.678040504455566, 10.0, 0.9359093904495239], "k_pid_yaw": [0.5, 1e-06, 0.1], "k_pid_hsp": [0.09042397886514664, 0.9167906045913696, 1.0], "k_pid_vsp": [0.0, 400.0, 384.83160400390625]}, "datetime": {"datetime": "2025-08-22 00:39:01", "elapsed": 57257.73071074486, "delta": 20.894403219223022}, "costs": {"total_cost": 1731.8177888448563, "time_cost": 150, "final_distance_cost": 68.81507391181972, "oscillation_cost": 256.6771652828712, "completition_cost": 1000.0, "overshoot_cost": 196.47160155495484, "power_cost": 20.52625880126953, "noise_cost": 39.327689293941205, "n_waypoints_completed": 0, "tot_waypoints": 9}}
{"target": -8899.425736613177, "params": {"k_pid_pos": [1.96780526638031, 0.030435502529144287, 0.013814985752105713], "k_pid_alt": [0.0, 0.0, 0.9314540028572083], "k_pid_att": [0.0, 10.0, 1.0], "k_pid_yaw": [0.5, 1e-06, 0.1], "k_pid_hsp": [9.999999747378752e-05, 1.0, 0.9262551069259644], "k_pid_vsp": [0.0, 400.0, 358.794677734375]}, "datetime": {"datetime": "2025-08-22 00:39:23", "elapsed": 57279.71982216835, "delta": 21.98911142349243}, "costs": {"total_cost": 8899.425736613177, "time_cost": 150, "final_distance_cost": 2567.5797741652027, "oscillation_cost": 619.5495186209507, "completition_cost": 1000.0, "overshoot_cost": 4481.385318978151, "power_cost": 15.266284838867188, "noise_cost": 65.64484001000577, "n_waypoints_completed": 0, "tot_waypoints": 9}}
{"target": -1850.2834957485657, "params": {"k_pid_pos": [1.8908846378326416, 0.0, 0.0], "k_pid_alt": [0.1442936658859253, 0.0, 0.9716745018959045], "k_pid_att": [3.379279375076294, 10.0, 1.0], "k_pid_yaw": [0.5, 1e-06, 0.1], "k_pid_hsp": [0.012505092658102512, 1.0, 1.0], "k_pid_vsp": [22.444843292236328, 400.0, 400.0]}, "datetime": {"datetime": "2025-08-22 00:39:44", "elapsed": 57300.58280277252, "delta": 20.862980604171753}, "costs": {"total_cost": 1850.2834957485657, "time_cost": 150, "final_distance_cost": 44.50957282682063, "oscillation_cost": 328.40184390979744, "completition_cost": 1000.0, "overshoot_cost": 216.7161307087756, "power_cost": 27.2710546875, "noise_cost": 83.38489361567183, "n_waypoints_completed": 0, "tot_waypoints": 9}}
{"target": -5048.816817355117, "params": {"k_pid_pos": [2.0, 0.07599914073944092, 0.06815928220748901], "k_pid_alt": [0.0, 0.0, 1.0], "k_pid_att": [0.0, 10.0, 1.0], "k_pid_yaw": [0.5, 1e-06, 0.1], "k_pid_hsp": [9.999999747378752e-05, 0.9625222682952881, 1.0], "k_pid_vsp": [0.0, 400.0, 400.0]}, "datetime": {"datetime": "2025-08-22 00:40:06", "elapsed": 57323.1901409626, "delta": 22.607338190078735}, "costs": {"total_cost": 5048.816817355117, "time_cost": 150, "final_distance_cost": 866.6772626459874, "oscillation_cost": 1373.0820575031046, "completition_cost": 1000.0, "overshoot_cost": 1551.129879471974, "power_cost": 23.786487829589845, "noise_cost": 84.14112990446142, "n_waypoints_completed": 0, "tot_waypoints": 9}}
{"target": -2992.584879206882, "params": {"k_pid_pos": [1.803673267364502, 0.0, 0.0], "k_pid_alt": [0.0, 0.0, 0.987920880317688], "k_pid_att": [0.41008591651916504, 9.764386177062988, 1.0], "k_pid_yaw": [0.5, 1e-06, 0.1], "k_pid_hsp": [0.09821243584156036, 1.0, 0.9870857000350952], "k_pid_vsp": [0.0, 400.0, 400.0]}, "datetime": {"datetime": "2025-08-22 00:40:27", "elapsed": 57343.59314799309, "delta": 20.40300703048706}, "costs": {"total_cost": 2992.584879206882, "time_cost": 150, "final_distance_cost": 314.7351704287619, "oscillation_cost": 827.186754724626, "completition_cost": 1000.0, "overshoot_cost": 600.5648867274263, "power_cost": 21.44731599121094, "noise_cost": 78.65075133485676, "n_waypoints_completed": 0, "tot_waypoints": 9}}
