{"target": -5949.671413153296, "params": {"k_pid_pos": [2.0, 0.08139610290527344, 0.0], "k_pid_alt": [0.029775500297546387, 0.02870798110961914, 0.9077210426330566], "k_pid_att": [0.0, 8.481561660766602, 0.9703992605209351], "k_pid_yaw": [0.5, 1e-06, 0.1], "k_pid_hsp": [1.28330659866333, 0.9955535531044006, 1.0], "k_pid_vsp": [0.0, 392.7734375, 397.1144104003906]}, "datetime": {"datetime": "2025-08-21 15:30:50", "elapsed": 24366.59467315674, "delta": 23.31162738800049}, "costs": {"total_cost": 5949.671413153296, "time_cost": 150, "final_distance_cost": 1061.2436906332427, "oscillation_cost": 1897.8812894494322, "completition_cost": 1000.0, "overshoot_cost": 1709.8346113978387, "power_cost": 32.57229274902344, "noise_cost": 98.13952892375856, "n_waypoints_completed": 0, "tot_waypoints": 9}}
{"target": -5671.590617004972, "params": {"k_pid_pos": [1.9010086059570312, 0.04976716637611389, 0.0], "k_pid_alt": [0.0, 0.0, 1.0], "k_pid_att": [0.0, 8.6383638381958, 1.0], "k_pid_yaw": [0.5, 1e-06, 0.1], "k_pid_hsp": [0.7710872888565063, 1.0, 1.0], "k_pid_vsp": [0.0, 393.7220458984375, 372.85369873046875]}, "datetime": {"datetime": "2025-08-21 15:31:13", "elapsed": 24390.356138706207, "delta": 23.761465549468994}, "costs": {"total_cost": 5671.590617004972, "time_cost": 150, "final_distance_cost": 1071.0917897262439, "oscillation_cost": 1423.4765996078097, "completition_cost": 1000.0, "overshoot_cost": 1922.871842059422, "power_cost": 22.909537609863282, "noise_cost": 81.24084800163256, "n_waypoints_completed": 0, "tot_waypoints": 9}}
{"target": -1639.3501320695516, "params": {"k_pid_pos": [2.0, 0.02648136019706726, 0.05393779277801514], "k_pid_alt": [0.015140652656555176, 0.0009638071060180664, 1.0], "k_pid_att": [6.888222694396973, 9.94943904876709, 1.0], "k_pid_yaw": [0.5, 1e-06, 0.1], "k_pid_hsp": [0.8572086095809937, 1.0, 1.0], "k_pid_vsp": [30.353652954101562, 400.0, 391.1419982910156]}, "datetime": {"datetime": "2025-08-21 15:31:37", "elapsed": 24414.3563477993, "delta": 24.000209093093872}, "costs": {"total_cost": 1639.3501320695516, "time_cost": 150, "final_distance_cost": 14.07729166524341, "oscillation_cost": 309.2716555971004, "completition_cost": 1000.0, "overshoot_cost": 105.14002799234613, "power_cost": 19.191973962402344, "noise_cost": 41.66918285245946, "n_waypoints_completed": 0, "tot_waypoints": 9}}
{"target": -8235.168593193875, "params": {"k_pid_pos": [1.9710633754730225, 0.08237266540527344, 0.017885565757751465], "k_pid_alt": [0.03704237937927246, 0.0, 0.9553951025009155], "k_pid_att": [0.0, 9.925029754638672, 0.9955725073814392], "k_pid_yaw": [0.5, 1e-06, 0.1], "k_pid_hsp": [9.999999747378752e-05, 0.947925865650177, 0.9596251249313354], "k_pid_vsp": [0.0, 400.0, 400.0]}, "datetime": {"datetime": "2025-08-21 15:32:01", "elapsed": 24437.775498628616, "delta": 23.419150829315186}, "costs": {"total_cost": 8235.168593193875, "time_cost": 150, "final_distance_cost": 2464.6149817357473, "oscillation_cost": 1778.3478701303138, "completition_cost": 1000.0, "overshoot_cost": 2707.223266591169, "power_cost": 33.996678491210936, "noise_cost": 100.98579624543481, "n_waypoints_completed": 0, "tot_waypoints": 9}}
{"target": -3325.0626394967453, "params": {"k_pid_pos": [1.9760468006134033, 0.021963804960250854, 0.009394049644470215], "k_pid_alt": [0.0, 0.0, 0.9774422645568848], "k_pid_att": [5.344214916229248, 10.0, 1.0], "k_pid_yaw": [0.5, 1e-06, 0.1], "k_pid_hsp": [9.999999747378752e-05, 0.9747472405433655, 0.9872957468032837], "k_pid_vsp": [0.0, 400.0, 400.0]}, "datetime": {"datetime": "2025-08-21 15:32:24", "elapsed": 24461.43532347679, "delta": 23.65982484817505}, "costs": {"total_cost": 3325.0626394967453, "time_cost": 150, "final_distance_cost": 808.5233282040463, "oscillation_cost": 199.68669695551952, "completition_cost": 1000.0, "overshoot_cost": 1127.4384194281174, "power_cost": 20.54930654296875, "noise_cost": 18.86488836609348, "n_waypoints_completed": 0, "tot_waypoints": 9}}
{"target": -3156.7320532159715, "params": {"k_pid_pos": [2.0, 0.0, 0.0], "k_pid_alt": [0.0, 0.0, 1.0], "k_pid_att": [5.360937118530273, 9.982629776000977, 1.0], "k_pid_yaw": [0.5, 1e-06, 0.1], "k_pid_hsp": [0.10531366616487503, 0.9638589024543762, 1.0], "k_pid_vsp": [0.0, 385.9847106933594, 400.0]}, "datetime": {"datetime": "2025-08-21 15:32:48", "elapsed": 24485.082228660583, "delta": 23.646905183792114}, "costs": {"total_cost": 3156.7320532159715, "time_cost": 150, "final_distance_cost": 549.1732874213532, "oscillation_cost": 234.59733974352602, "completition_cost": 1000.0, "overshoot_cost": 1186.92736764562, "power_cost": 19.717412060546877, "noise_cost": 16.316646344925783, "n_waypoints_completed": 0, "tot_waypoints": 9}}
{"target": -5473.056782679503, "params": {"k_pid_pos": [2.0, 0.0, 0.0], "k_pid_alt": [0.06590402126312256, 0.0, 0.9535940885543823], "k_pid_att": [0.0, 10.0, 0.968207061290741], "k_pid_yaw": [0.5, 1e-06, 0.1], "k_pid_hsp": [9.999999747378752e-05, 1.0, 0.9716353416442871], "k_pid_vsp": [0.0, 369.61962890625, 373.9599609375]}, "datetime": {"datetime": "2025-08-21 15:33:12", "elapsed": 24508.575047016144, "delta": 23.492818355560303}, "costs": {"total_cost": 5473.056782679503, "time_cost": 150, "final_distance_cost": 703.9526261581949, "oscillation_cost": 1754.2189011310602, "completition_cost": 1000.0, "overshoot_cost": 1730.3665329858507, "power_cost": 33.97986223144532, "noise_cost": 100.53886017295228, "n_waypoints_completed": 0, "tot_waypoints": 9}}
{"target": -3299.363059621317, "params": {"k_pid_pos": [1.9908397197723389, 0.0, 0.0], "k_pid_alt": [0.0, 0.01822170615196228, 1.0], "k_pid_att": [13.070818901062012, 9.842476844787598, 1.0], "k_pid_yaw": [0.5, 1e-06, 0.1], "k_pid_hsp": [9.999999747378752e-05, 0.9353891015052795, 1.0], "k_pid_vsp": [0.0, 400.0, 400.0]}, "datetime": {"datetime": "2025-08-21 15:33:35", "elapsed": 24532.188198566437, "delta": 23.61315155029297}, "costs": {"total_cost": 3299.363059621317, "time_cost": 150, "final_distance_cost": 978.970810687296, "oscillation_cost": 223.65463741242652, "completition_cost": 1000.0, "overshoot_cost": 912.8006488841148, "power_cost": 18.089604174804688, "noise_cost": 15.847358462675462, "n_waypoints_completed": 0, "tot_waypoints": 9}}
{"target": -9410.054713404079, "params": {"k_pid_pos": [1.997543454170227, 0.0, 0.0280645489692688], "k_pid_alt": [0.0, 0.03011062741279602, 1.0], "k_pid_att": [0.0, 10.0, 0.983916699886322], "k_pid_yaw": [0.5, 1e-06, 0.1], "k_pid_hsp": [9.999999747378752e-05, 0.9695947766304016, 1.0], "k_pid_vsp": [15.049541473388672, 391.497802734375, 400.0]}, "datetime": {"datetime": "2025-08-21 15:33:58", "elapsed": 24555.31376504898, "delta": 23.125566482543945}, "costs": {"total_cost": 9410.054713404079, "time_cost": 150, "final_distance_cost": 2833.9931120600363, "oscillation_cost": 1649.1334087607474, "completition_cost": 1000.0, "overshoot_cost": 3642.5395882257626, "power_cost": 33.73939091796875, "noise_cost": 100.64921343956503, "n_waypoints_completed": 0, "tot_waypoints": 9}}
{"target": -4638.394720748127, "params": {"k_pid_pos": [1.9873775243759155, 0.06646919250488281, 0.0], "k_pid_alt": [0.06410354375839233, 0.0, 1.0], "k_pid_att": [0.0, 10.0, 0.9918563961982727], "k_pid_yaw": [0.5, 1e-06, 0.1], "k_pid_hsp": [9.999999747378752e-05, 1.0, 1.0], "k_pid_vsp": [6.478643417358398, 378.79327392578125, 358.5968933105469]}, "datetime": {"datetime": "2025-08-21 15:34:22", "elapsed": 24578.9582798481, "delta": 23.644514799118042}, "costs": {"total_cost": 4638.394720748127, "time_cost": 150, "final_distance_cost": 752.8642530963899, "oscillation_cost": 1112.245328178324, "completition_cost": 1000.0, "overshoot_cost": 1496.583345503141, "power_cost": 31.52439100341797, "noise_cost": 95.1774029668541, "n_waypoints_completed": 0, "tot_waypoints": 9}}
{"target": -5653.395405741509, "params": {"k_pid_pos": [2.0, 0.0, 0.0], "k_pid_alt": [0.0, 0.0, 1.0], "k_pid_att": [0.0, 10.0, 1.0], "k_pid_yaw": [0.5, 1e-06, 0.1], "k_pid_hsp": [0.7559350728988647, 1.0, 1.0], "k_pid_vsp": [5.5031418800354, 400.0, 400.0]}, "datetime": {"datetime": "2025-08-21 15:34:46", "elapsed": 24602.68301343918, "delta": 23.724733591079712}, "costs": {"total_cost": 5653.395405741509, "time_cost": 150, "final_distance_cost": 1563.9951823653491, "oscillation_cost": 1257.1530214995903, "completition_cost": 1000.0, "overshoot_cost": 1569.6037979623845, "power_cost": 25.289906652832034, "noise_cost": 87.3534972613542, "n_waypoints_completed": 0, "tot_waypoints": 9}}
{"target": -16619.431361436884, "params": {"k_pid_pos": [1.8730791807174683, 0.0, 0.010008782148361206], "k_pid_alt": [0.0, 0.1004437804222107, 1.0], "k_pid_att": [0.0, 10.0, 1.0], "k_pid_yaw": [0.5, 1e-06, 0.1], "k_pid_hsp": [0.3103393614292145, 0.9920125007629395, 1.0], "k_pid_vsp": [0.0, 400.0, 385.6816101074219]}, "datetime": {"datetime": "2025-08-21 15:35:09", "elapsed": 24625.825704336166, "delta": 23.142690896987915}, "costs": {"total_cost": 16619.431361436884, "time_cost": 150, "final_distance_cost": 5381.400218420171, "oscillation_cost": 2168.5609579952647, "completition_cost": 1000.0, "overshoot_cost": 7782.723825255043, "power_cost": 34.44065333251953, "noise_cost": 102.3057064338863, "n_waypoints_completed": 0, "tot_waypoints": 9}}
{"target": -9703.591734090774, "params": {"k_pid_pos": [2.0, 0.0524766743183136, 0.0], "k_pid_alt": [0.078327476978302, 0.026881814002990723, 0.9352527856826782], "k_pid_att": [0.0, 9.059486389160156, 1.0], "k_pid_yaw": [0.5, 1e-06, 0.1], "k_pid_hsp": [0.8986310362815857, 1.0, 0.9556065797805786], "k_pid_vsp": [15.219343185424805, 400.0, 399.3992919921875]}, "datetime": {"datetime": "2025-08-21 15:35:32", "elapsed": 24649.3305747509, "delta": 23.504870414733887}, "costs": {"total_cost": 9703.591734090774, "time_cost": 150, "final_distance_cost": 2414.1375653067935, "oscillation_cost": 1578.967417227031, "completition_cost": 1000.0, "overshoot_cost": 4424.683598050412, "power_cost": 34.05531403808594, "noise_cost": 101.74783946845086, "n_waypoints_completed": 0, "tot_waypoints": 9}}
{"target": -3690.0128098673836, "params": {"k_pid_pos": [2.0, 0.103729248046875, 0.0], "k_pid_alt": [0.0, 0.011339902877807617, 0.9897857904434204], "k_pid_att": [6.118503093719482, 9.675694465637207, 1.0], "k_pid_yaw": [0.5, 1e-06, 0.1], "k_pid_hsp": [0.5586057305335999, 1.0, 1.0], "k_pid_vsp": [3.064894676208496, 400.0, 394.7860107421875]}, "datetime": {"datetime": "2025-08-21 15:35:55", "elapsed": 24672.454590797424, "delta": 23.124016046524048}, "costs": {"total_cost": 3690.0128098673836, "time_cost": 150, "final_distance_cost": 1145.097419652662, "oscillation_cost": 269.9228134027203, "completition_cost": 1000.0, "overshoot_cost": 1088.3110588626685, "power_cost": 20.531942626953125, "noise_cost": 16.149575322380066, "n_waypoints_completed": 0, "tot_waypoints": 9}}
{"target": -2007.1167933811912, "params": {"k_pid_pos": [2.0, 0.00627097487449646, 0.024576574563980103], "k_pid_alt": [0.0, 0.0, 0.8961297273635864], "k_pid_att": [1.2927740812301636, 10.0, 1.0], "k_pid_yaw": [0.5, 1e-06, 0.1], "k_pid_hsp": [0.28383105993270874, 1.0, 1.0], "k_pid_vsp": [8.853650093078613, 400.0, 395.15228271484375]}, "datetime": {"datetime": "2025-08-21 15:36:19", "elapsed": 24696.152881860733, "delta": 23.698291063308716}, "costs": {"total_cost": 2007.1167933811912, "time_cost": 150, "final_distance_cost": 7.090244963161616, "oscillation_cost": 621.1470871583379, "completition_cost": 1000.0, "overshoot_cost": 144.01827590626672, "power_cost": 16.607548559570315, "noise_cost": 68.25363679385464, "n_waypoints_completed": 0, "tot_waypoints": 9}}
{"target": -11350.785340048082, "params": {"k_pid_pos": [2.0, 0.0, 0.03250831365585327], "k_pid_alt": [0.1109965443611145, 0.0, 1.0], "k_pid_att": [0.0, 9.776816368103027, 0.9948684573173523], "k_pid_yaw": [0.5, 1e-06, 0.1], "k_pid_hsp": [0.09591767936944962, 1.0, 0.9388845562934875], "k_pid_vsp": [7.339894771575928, 395.6149597167969, 377.2399597167969]}, "datetime": {"datetime": "2025-08-21 15:36:42", "elapsed": 24718.978585243225, "delta": 22.825703382492065}, "costs": {"total_cost": 11350.785340048082, "time_cost": 150, "final_distance_cost": 3218.7392340088873, "oscillation_cost": 1950.2955914350753, "completition_cost": 1000.0, "overshoot_cost": 4895.852562682479, "power_cost": 34.09477985839844, "noise_cost": 101.80317206324196, "n_waypoints_completed": 0, "tot_waypoints": 9}}
{"target": -2522.186035516412, "params": {"k_pid_pos": [2.0, 0.0, 0.015185356140136719], "k_pid_alt": [0.21509546041488647, 0.0, 0.9587141275405884], "k_pid_att": [4.792657375335693, 10.0, 0.9484930634498596], "k_pid_yaw": [0.5, 1e-06, 0.1], "k_pid_hsp": [0.1540408730506897, 0.9943453073501587, 1.0], "k_pid_vsp": [0.0, 400.0, 390.9438171386719]}, "datetime": {"datetime": "2025-08-21 15:37:05", "elapsed": 24742.099664211273, "delta": 23.121078968048096}, "costs": {"total_cost": 2522.186035516412, "time_cost": 150, "final_distance_cost": 460.85418574375177, "oscillation_cost": 218.07592242131938, "completition_cost": 1000.0, "overshoot_cost": 651.3436502115846, "power_cost": 23.799563793945314, "noise_cost": 18.11271334581145, "n_waypoints_completed": 0, "tot_waypoints": 9}}
{"target": -1921.7644713027928, "params": {"k_pid_pos": [1.9963551759719849, 0.0, 0.09147882461547852], "k_pid_alt": [0.0700521469116211, 0.03321680426597595, 1.0], "k_pid_att": [6.672206401824951, 10.0, 0.9656134843826294], "k_pid_yaw": [0.5, 1e-06, 0.1], "k_pid_hsp": [0.23091906309127808, 0.8783348202705383, 0.9601233005523682], "k_pid_vsp": [0.0, 393.3691711425781, 373.4133605957031]}, "datetime": {"datetime": "2025-08-21 15:37:29", "elapsed": 24765.923329114914, "delta": 23.823664903640747}, "costs": {"total_cost": 1921.7644713027928, "time_cost": 150, "final_distance_cost": 169.72846098574152, "oscillation_cost": 234.14891514479967, "completition_cost": 1000.0, "overshoot_cost": 332.5818703893648, "power_cost": 18.9475173828125, "noise_cost": 16.357707400074048, "n_waypoints_completed": 0, "tot_waypoints": 9}}
{"target": -12195.894870355498, "params": {"k_pid_pos": [2.0, 0.0, 0.0], "k_pid_alt": [0.10787850618362427, 0.031137406826019287, 0.9380860328674316], "k_pid_att": [0.0, 10.0, 1.0], "k_pid_yaw": [0.5, 1e-06, 0.1], "k_pid_hsp": [9.999999747378752e-05, 0.9482588171958923, 0.9846593737602234], "k_pid_vsp": [9.186304092407227, 400.0, 390.2451171875]}, "datetime": {"datetime": "2025-08-21 15:37:53", "elapsed": 24790.368468999863, "delta": 24.44513988494873}, "costs": {"total_cost": 12195.894870355498, "time_cost": 150, "final_distance_cost": 3990.843088842414, "oscillation_cost": 1485.0999180282467, "completition_cost": 1000.0, "overshoot_cost": 5434.179010181461, "power_cost": 34.0946904296875, "noise_cost": 101.67816287368855, "n_waypoints_completed": 0, "tot_waypoints": 9}}
{"target": -1877.2721584438025, "params": {"k_pid_pos": [2.0, 0.0, 0.0], "k_pid_alt": [0.10343164205551147, 0.05461743474006653, 0.9505922198295593], "k_pid_att": [3.1815080642700195, 10.0, 0.971396803855896], "k_pid_yaw": [0.5, 1e-06, 0.1], "k_pid_hsp": [0.2626015841960907, 1.0, 0.9731947183609009], "k_pid_vsp": [3.0061721801757812, 400.0, 400.0]}, "datetime": {"datetime": "2025-08-21 15:38:17", "elapsed": 24813.619948863983, "delta": 23.251479864120483}, "costs": {"total_cost": 1877.2721584438025, "time_cost": 150, "final_distance_cost": 133.6670785512891, "oscillation_cost": 270.52043740922096, "completition_cost": 1000.0, "overshoot_cost": 276.50022765110447, "power_cost": 21.349956103515627, "noise_cost": 25.23445872867221, "n_waypoints_completed": 0, "tot_waypoints": 9}}
{"target": -1997.6277929212588, "params": {"k_pid_pos": [2.0, 0.08545774221420288, 0.04080429673194885], "k_pid_alt": [0.047554194927215576, 0.0, 0.943837583065033], "k_pid_att": [1.9472241401672363, 9.96653938293457, 0.9470985531806946], "k_pid_yaw": [0.5, 1e-06, 0.1], "k_pid_hsp": [0.31959378719329834, 0.9888117909431458, 1.0], "k_pid_vsp": [14.565980911254883, 400.0, 400.0]}, "datetime": {"datetime": "2025-08-21 15:38:40", "elapsed": 24837.429899692535, "delta": 23.809950828552246}, "costs": {"total_cost": 1997.6277929212588, "time_cost": 150, "final_distance_cost": 39.84828887283045, "oscillation_cost": 473.4215407567373, "completition_cost": 1000.0, "overshoot_cost": 221.10587823188254, "power_cost": 28.095578381347657, "noise_cost": 85.1565066784607, "n_waypoints_completed": 0, "tot_waypoints": 9}}
{"target": -5893.513207450055, "params": {"k_pid_pos": [1.965232491493225, 0.02263927459716797, 0.0028569698333740234], "k_pid_alt": [0.10333079099655151, 0.0040538012981414795, 1.0], "k_pid_att": [0.0, 10.0, 0.9371418952941895], "k_pid_yaw": [0.5, 1e-06, 0.1], "k_pid_hsp": [0.407029926776886, 0.9941702485084534, 0.9638406038284302], "k_pid_vsp": [0.0, 400.0, 400.0]}, "datetime": {"datetime": "2025-08-21 15:39:04", "elapsed": 24860.98248386383, "delta": 23.552584171295166}, "costs": {"total_cost": 5893.513207450055, "time_cost": 150, "final_distance_cost": 788.3901655523742, "oscillation_cost": 1922.7570354617746, "completition_cost": 1000.0, "overshoot_cost": 1898.8355791754566, "power_cost": 33.279270617675785, "noise_cost": 100.25115664277408, "n_waypoints_completed": 0, "tot_waypoints": 9}}
{"target": -1804.402558755543, "params": {"k_pid_pos": [2.0, 0.001230865716934204, 0.0], "k_pid_alt": [0.057729482650756836, 0.0026111602783203125, 1.0], "k_pid_att": [2.1595864295959473, 9.755182266235352, 1.0], "k_pid_yaw": [0.5, 1e-06, 0.1], "k_pid_hsp": [0.2967958152294159, 0.9534317255020142, 0.9984588027000427], "k_pid_vsp": [11.892914772033691, 380.454345703125, 400.0]}, "datetime": {"datetime": "2025-08-21 15:39:28", "elapsed": 24884.562532663345, "delta": 23.58004879951477}, "costs": {"total_cost": 1804.402558755543, "time_cost": 150, "final_distance_cost": 3.37226497218222, "oscillation_cost": 393.37998369515174, "completition_cost": 1000.0, "overshoot_cost": 136.0964594458084, "power_cost": 30.36228367919922, "noise_cost": 91.19156696320131, "n_waypoints_completed": 0, "tot_waypoints": 9}}
{"target": -7549.731744413184, "params": {"k_pid_pos": [1.9365941286087036, 0.0, 0.0], "k_pid_alt": [0.0, 0.013834565877914429, 0.9819220304489136], "k_pid_att": [0.0, 9.834189414978027, 0.9514653086662292], "k_pid_yaw": [0.5, 1e-06, 0.1], "k_pid_hsp": [0.0788622796535492, 1.0, 1.0], "k_pid_vsp": [0.0, 388.1016845703125, 400.0]}, "datetime": {"datetime": "2025-08-21 15:39:51", "elapsed": 24908.321400165558, "delta": 23.758867502212524}, "costs": {"total_cost": 7549.731744413184, "time_cost": 150, "final_distance_cost": 2055.1798397608327, "oscillation_cost": 1782.6345174506791, "completition_cost": 1000.0, "overshoot_cost": 2423.9522030414223, "power_cost": 34.820001281738286, "noise_cost": 103.14518287851223, "n_waypoints_completed": 0, "tot_waypoints": 9}}
{"target": -11497.262151261726, "params": {"k_pid_pos": [2.0, 0.02115914225578308, 0.03726509213447571], "k_pid_alt": [0.0, 0.0031154751777648926, 1.0], "k_pid_att": [0.0, 9.991908073425293, 0.9500059485435486], "k_pid_yaw": [0.5, 1e-06, 0.1], "k_pid_hsp": [9.999999747378752e-05, 1.0, 0.9890538454055786], "k_pid_vsp": [10.325407981872559, 400.0, 375.8754577636719]}, "datetime": {"datetime": "2025-08-21 15:40:15", "elapsed": 24932.19028043747, "delta": 23.86888027191162}, "costs": {"total_cost": 11497.262151261726, "time_cost": 150, "final_distance_cost": 2557.168439783398, "oscillation_cost": 1602.3641763956477, "completition_cost": 1000.0, "overshoot_cost": 6049.710876505085, "power_cost": 34.83900617675781, "noise_cost": 103.17965240083629, "n_waypoints_completed": 0, "tot_waypoints": 9}}
{"target": -3572.432770742958, "params": {"k_pid_pos": [1.993369460105896, 0.0, 0.0], "k_pid_alt": [0.0817335844039917, 0.06121009588241577, 1.0], "k_pid_att": [0.0, 10.0, 0.9897317290306091], "k_pid_yaw": [0.5, 1e-06, 0.1], "k_pid_hsp": [0.043925367295742035, 1.0, 0.9972164034843445], "k_pid_vsp": [0.0, 384.60540771484375, 392.78936767578125]}, "datetime": {"datetime": "2025-08-21 15:40:38", "elapsed": 24955.24581885338, "delta": 23.055538415908813}, "costs": {"total_cost": 3572.432770742958, "time_cost": 150, "final_distance_cost": 264.329233396872, "oscillation_cost": 1118.9896370508513, "completition_cost": 1000.0, "overshoot_cost": 913.0728749766541, "power_cost": 31.302628088378906, "noise_cost": 94.73839723020161, "n_waypoints_completed": 0, "tot_waypoints": 9}}
{"target": -1928.6500597603426, "params": {"k_pid_pos": [2.0, 0.0, 0.05460599064826965], "k_pid_alt": [0.0, 0.0, 0.9675163626670837], "k_pid_att": [5.730551719665527, 10.0, 0.9737695455551147], "k_pid_yaw": [0.5, 1e-06, 0.1], "k_pid_hsp": [0.20727324485778809, 0.8939699530601501, 0.9910804629325867], "k_pid_vsp": [0.0, 400.0, 389.6551208496094]}, "datetime": {"datetime": "2025-08-21 15:41:02", "elapsed": 24978.60364675522, "delta": 23.35782790184021}, "costs": {"total_cost": 1928.6500597603426, "time_cost": 150, "final_distance_cost": 264.9007805228664, "oscillation_cost": 196.73713084671766, "completition_cost": 1000.0, "overshoot_cost": 278.54178889649745, "power_cost": 19.431293603515627, "noise_cost": 19.03906589074563, "n_waypoints_completed": 0, "tot_waypoints": 9}}
{"target": -2534.919806959925, "params": {"k_pid_pos": [2.0, 0.02669590711593628, 0.02845609188079834], "k_pid_alt": [0.0, 0.0, 0.9299137592315674], "k_pid_att": [0.0, 9.402579307556152, 0.9555454254150391], "k_pid_yaw": [0.5, 1e-06, 0.1], "k_pid_hsp": [0.8145323991775513, 1.0, 0.9901446104049683], "k_pid_vsp": [9.631526947021484, 393.7401428222656, 400.0]}, "datetime": {"datetime": "2025-08-21 15:41:25", "elapsed": 25002.098744392395, "delta": 23.495097637176514}, "costs": {"total_cost": 2534.919806959925, "time_cost": 150, "final_distance_cost": 146.97641425826617, "oscillation_cost": 902.276107431933, "completition_cost": 1000.0, "overshoot_cost": 235.8371475357705, "power_cost": 21.297080102539063, "noise_cost": 78.53305763141611, "n_waypoints_completed": 0, "tot_waypoints": 9}}
