{"target": -1962.7988514312483, "params": {"k_pid_pos": [1.9942421913146973, 0.05042004585266113, 0.0], "k_pid_alt": [0.0, 0.0, 1.0], "k_pid_att": [2.8473854064941406, 9.927215576171875, 0.9657819271087646], "k_pid_yaw": [0.5, 1e-06, 0.1], "k_pid_hsp": [0.05992279574275017, 1.0, 0.9346261024475098], "k_pid_vsp": [0.0, 398.05291748046875, 400.0]}, "datetime": {"datetime": "2025-08-21 21:13:37", "elapsed": 44933.95546126366, "delta": 23.30707049369812}, "costs": {"total_cost": 1962.7988514312483, "time_cost": 150, "final_distance_cost": 84.48890946203329, "oscillation_cost": 338.7179865703326, "completition_cost": 1000.0, "overshoot_cost": 298.8863743355948, "power_cost": 23.72804450683594, "noise_cost": 66.97753655645178, "n_waypoints_completed": 0, "tot_waypoints": 9}}
{"target": -9132.071566871744, "params": {"k_pid_pos": [1.970138430595398, 0.0, 0.07907634973526001], "k_pid_alt": [0.016627371311187744, 0.011116713285446167, 1.0], "k_pid_att": [0.0, 10.0, 1.0], "k_pid_yaw": [0.5, 1e-06, 0.1], "k_pid_hsp": [9.999999747378752e-05, 1.0, 1.0], "k_pid_vsp": [19.04567527770996, 400.0, 400.0]}, "datetime": {"datetime": "2025-08-21 21:14:03", "elapsed": 44960.29725456238, "delta": 26.341793298721313}, "costs": {"total_cost": 9132.071566871744, "time_cost": 150, "final_distance_cost": 2586.1377456584482, "oscillation_cost": 1817.0765184805502, "completition_cost": 1000.0, "overshoot_cost": 3449.9001706248673, "power_cost": 32.01615180664063, "noise_cost": 96.94098030123847, "n_waypoints_completed": 0, "tot_waypoints": 9}}
{"target": -8361.783201792403, "params": {"k_pid_pos": [1.8837610483169556, 0.0, 0.03846067190170288], "k_pid_alt": [0.0, 0.03334277868270874, 0.9140782952308655], "k_pid_att": [0.0, 10.0, 1.0], "k_pid_yaw": [0.5, 1e-06, 0.1], "k_pid_hsp": [9.999999747378752e-05, 1.0, 1.0], "k_pid_vsp": [21.718168258666992, 400.0, 400.0]}, "datetime": {"datetime": "2025-08-21 21:14:26", "elapsed": 44983.35267496109, "delta": 23.055420398712158}, "costs": {"total_cost": 8361.783201792403, "time_cost": 150, "final_distance_cost": 2277.603890700683, "oscillation_cost": 680.4328818641246, "completition_cost": 1000.0, "overshoot_cost": 4134.089405082135, "power_cost": 29.91654197998047, "noise_cost": 89.74048216547881, "n_waypoints_completed": 0, "tot_waypoints": 9}}
{"target": -2479.312420628406, "params": {"k_pid_pos": [1.9263015985488892, 0.0, 0.0], "k_pid_alt": [0.0809628963470459, 0.08429914712905884, 0.9135273098945618], "k_pid_att": [3.4918487071990967, 10.0, 1.0], "k_pid_yaw": [0.5, 1e-06, 0.1], "k_pid_hsp": [0.017034105956554413, 0.8971332311630249, 1.0], "k_pid_vsp": [27.705265045166016, 391.0186767578125, 370.1871032714844]}, "datetime": {"datetime": "2025-08-21 21:14:52", "elapsed": 45008.61757230759, "delta": 25.264897346496582}, "costs": {"total_cost": 2479.312420628406, "time_cost": 150, "final_distance_cost": 430.9704635897822, "oscillation_cost": 160.64819021424026, "completition_cost": 1000.0, "overshoot_cost": 693.1689397229374, "power_cost": 21.365476953125, "noise_cost": 23.15935014832143, "n_waypoints_completed": 0, "tot_waypoints": 9}}
{"target": -1950.2305097132578, "params": {"k_pid_pos": [2.0, 0.0, 0.0], "k_pid_alt": [0.0, 0.07175952196121216, 0.9885492324829102], "k_pid_att": [7.1283488273620605, 10.0, 0.9873266816139221], "k_pid_yaw": [0.5, 1e-06, 0.1], "k_pid_hsp": [9.999999747378752e-05, 0.9240216016769409, 0.9956012964248657], "k_pid_vsp": [0.0, 400.0, 392.17510986328125]}, "datetime": {"datetime": "2025-08-21 21:15:15", "elapsed": 45032.16118311882, "delta": 23.54361081123352}, "costs": {"total_cost": 1950.2305097132578, "time_cost": 150, "final_distance_cost": 66.93757503187112, "oscillation_cost": 248.44853393198744, "completition_cost": 1000.0, "overshoot_cost": 443.5273625590957, "power_cost": 23.295388671875003, "noise_cost": 18.02164951842842, "n_waypoints_completed": 0, "tot_waypoints": 9}}
{"target": -11047.62223938063, "params": {"k_pid_pos": [1.993981957435608, 0.0175914466381073, 0.0], "k_pid_alt": [0.18563663959503174, 0.0, 1.0], "k_pid_att": [0.0, 10.0, 0.9561928510665894], "k_pid_yaw": [0.5, 1e-06, 0.1], "k_pid_hsp": [9.999999747378752e-05, 0.9301306009292603, 0.9930325746536255], "k_pid_vsp": [2.164781093597412, 400.0, 400.0]}, "datetime": {"datetime": "2025-08-21 21:15:38", "elapsed": 45055.10466527939, "delta": 22.943482160568237}, "costs": {"total_cost": 11047.62223938063, "time_cost": 150, "final_distance_cost": 3030.4586225515964, "oscillation_cost": 1940.3016313691494, "completition_cost": 1000.0, "overshoot_cost": 4796.0753122192, "power_cost": 32.54627183837891, "noise_cost": 98.24040140230417, "n_waypoints_completed": 0, "tot_waypoints": 9}}
{"target": -3845.7557675985677, "params": {"k_pid_pos": [2.0, 0.026390910148620605, 0.0], "k_pid_alt": [0.07792747020721436, 0.0, 0.9775286912918091], "k_pid_att": [0.0, 8.850074768066406, 1.0], "k_pid_yaw": [0.5, 1e-06, 0.1], "k_pid_hsp": [0.20646917819976807, 0.9972383975982666, 1.0], "k_pid_vsp": [0.0, 400.0, 396.28607177734375]}, "datetime": {"datetime": "2025-08-21 21:16:03", "elapsed": 45080.4477660656, "delta": 25.343100786209106}, "costs": {"total_cost": 3845.7557675985677, "time_cost": 150, "final_distance_cost": 392.7385307853668, "oscillation_cost": 1132.9765696456993, "completition_cost": 1000.0, "overshoot_cost": 1042.2101296579121, "power_cost": 31.604142150878907, "noise_cost": 96.2263953587101, "n_waypoints_completed": 0, "tot_waypoints": 9}}
{"target": -1638.2871897647237, "params": {"k_pid_pos": [2.0, 0.045104533433914185, 0.0], "k_pid_alt": [0.11181509494781494, 0.045768141746520996, 0.9222478866577148], "k_pid_att": [4.264646530151367, 9.599798202514648, 1.0], "k_pid_yaw": [0.5, 1e-06, 0.1], "k_pid_hsp": [0.5103720426559448, 1.0, 1.0], "k_pid_vsp": [0.0, 400.0, 400.0]}, "datetime": {"datetime": "2025-08-21 21:16:27", "elapsed": 45103.86491441727, "delta": 23.41714835166931}, "costs": {"total_cost": 1638.2871897647237, "time_cost": 150, "final_distance_cost": 22.27065250391582, "oscillation_cost": 272.1348648416385, "completition_cost": 1000.0, "overshoot_cost": 134.43185899172727, "power_cost": 19.696662524414062, "noise_cost": 39.753150903028306, "n_waypoints_completed": 0, "tot_waypoints": 9}}
{"target": -5355.450623731133, "params": {"k_pid_pos": [2.0, 0.01293221116065979, 0.0], "k_pid_alt": [0.0, 0.024579256772994995, 0.9337702989578247], "k_pid_att": [0.0, 10.0, 0.9116966724395752], "k_pid_yaw": [0.5, 1e-06, 0.1], "k_pid_hsp": [0.12187881767749786, 1.0, 0.9759602546691895], "k_pid_vsp": [13.115156173706055, 400.0, 391.5968017578125]}, "datetime": {"datetime": "2025-08-21 21:16:52", "elapsed": 45128.963441848755, "delta": 25.098527431488037}, "costs": {"total_cost": 5355.450623731133, "time_cost": 150, "final_distance_cost": 607.6715575095809, "oscillation_cost": 1908.8370409758218, "completition_cost": 1000.0, "overshoot_cost": 1557.433303940558, "power_cost": 32.571625354003906, "noise_cost": 98.93709595116847, "n_waypoints_completed": 0, "tot_waypoints": 9}}
{"target": -4528.453566056541, "params": {"k_pid_pos": [2.0, 0.039690256118774414, 0.010336428880691528], "k_pid_alt": [0.07594382762908936, 0.0, 1.0], "k_pid_att": [0.0, 10.0, 0.956071138381958], "k_pid_yaw": [0.5, 1e-06, 0.1], "k_pid_hsp": [9.999999747378752e-05, 0.9625135660171509, 0.9705904722213745], "k_pid_vsp": [0.0, 381.40203857421875, 393.6337890625]}, "datetime": {"datetime": "2025-08-21 21:17:16", "elapsed": 45153.401824474335, "delta": 24.438382625579834}, "costs": {"total_cost": 4528.453566056541, "time_cost": 150, "final_distance_cost": 515.4196203212587, "oscillation_cost": 1705.0826076277542, "completition_cost": 1000.0, "overshoot_cost": 1023.3850729426067, "power_cost": 33.86347180175781, "noise_cost": 100.70279336316376, "n_waypoints_completed": 0, "tot_waypoints": 9}}
{"target": -1811.5614448498966, "params": {"k_pid_pos": [2.0, 0.025171399116516113, 0.029069632291793823], "k_pid_alt": [0.07832467555999756, 0.007549285888671875, 1.0], "k_pid_att": [2.578645944595337, 10.0, 0.9329478144645691], "k_pid_yaw": [0.5, 1e-06, 0.1], "k_pid_hsp": [0.14225296676158905, 1.0, 1.0], "k_pid_vsp": [0.0, 400.0, 400.0]}, "datetime": {"datetime": "2025-08-21 21:17:41", "elapsed": 45177.49732542038, "delta": 24.095500946044922}, "costs": {"total_cost": 1811.5614448498966, "time_cost": 150, "final_distance_cost": 46.812294068932154, "oscillation_cost": 366.39612278422493, "completition_cost": 1000.0, "overshoot_cost": 172.1146677163897, "power_cost": 24.083430468750002, "noise_cost": 52.154929811599715, "n_waypoints_completed": 0, "tot_waypoints": 9}}
{"target": -2311.657826529802, "params": {"k_pid_pos": [2.0, 0.0008369386196136475, 0.0], "k_pid_alt": [0.0947655439376831, 0.0, 0.9965265989303589], "k_pid_att": [0.7298678159713745, 8.781153678894043, 1.0], "k_pid_yaw": [0.5, 1e-06, 0.1], "k_pid_hsp": [0.7554895281791687, 0.9946165084838867, 0.9852840304374695], "k_pid_vsp": [47.57914733886719, 400.0, 359.5599060058594]}, "datetime": {"datetime": "2025-08-21 21:18:05", "elapsed": 45201.49020910263, "delta": 23.992883682250977}, "costs": {"total_cost": 2311.657826529802, "time_cost": 150, "final_distance_cost": 111.74961330039997, "oscillation_cost": 578.8433816262543, "completition_cost": 1000.0, "overshoot_cost": 342.66631699643875, "power_cost": 32.40181293945313, "noise_cost": 95.99670166725647, "n_waypoints_completed": 0, "tot_waypoints": 9}}
{"target": -7636.7102664709655, "params": {"k_pid_pos": [2.0, 0.0, 0.0], "k_pid_alt": [0.08911633491516113, 0.0385628342628479, 1.0], "k_pid_att": [0.0, 10.0, 1.0], "k_pid_yaw": [0.5, 1e-06, 0.1], "k_pid_hsp": [0.002368530025705695, 1.0, 0.9647876620292664], "k_pid_vsp": [1.910090446472168, 391.6372375488281, 400.0]}, "datetime": {"datetime": "2025-08-21 21:18:28", "elapsed": 45224.95681118965, "delta": 23.466602087020874}, "costs": {"total_cost": 7636.7102664709655, "time_cost": 150, "final_distance_cost": 1473.5022128778483, "oscillation_cost": 1125.6430349784084, "completition_cost": 1000.0, "overshoot_cost": 3757.5788362171998, "power_cost": 32.5083125, "noise_cost": 97.47786989750898, "n_waypoints_completed": 0, "tot_waypoints": 9}}
{"target": -1737.8125894604088, "params": {"k_pid_pos": [2.0, 0.0020843148231506348, 0.004253596067428589], "k_pid_alt": [0.09831392765045166, 0.028020799160003662, 0.9676889181137085], "k_pid_att": [3.105825185775757, 9.653979301452637, 1.0], "k_pid_yaw": [0.5, 1e-06, 0.1], "k_pid_hsp": [0.6708601117134094, 0.8634675741195679, 1.0], "k_pid_vsp": [14.467489242553711, 361.9295654296875, 380.2210693359375]}, "datetime": {"datetime": "2025-08-21 21:18:53", "elapsed": 45250.298045396805, "delta": 25.34123420715332}, "costs": {"total_cost": 1737.8125894604088, "time_cost": 150, "final_distance_cost": 4.15894652109827, "oscillation_cost": 334.8546827459837, "completition_cost": 1000.0, "overshoot_cost": 136.049546230117, "power_cost": 28.127221801757813, "noise_cost": 84.62219216145215, "n_waypoints_completed": 0, "tot_waypoints": 9}}
{"target": -1985.2135864212719, "params": {"k_pid_pos": [2.0, 0.07727211713790894, 0.0], "k_pid_alt": [0.0, 0.0, 1.0], "k_pid_att": [2.9810280799865723, 10.0, 0.9312828779220581], "k_pid_yaw": [0.5, 1e-06, 0.1], "k_pid_hsp": [9.999999747378752e-05, 1.0, 0.973220944404602], "k_pid_vsp": [8.367549896240234, 400.0, 393.3298645019531]}, "datetime": {"datetime": "2025-08-21 21:19:16", "elapsed": 45273.08135151863, "delta": 22.783306121826172}, "costs": {"total_cost": 1985.2135864212719, "time_cost": 150, "final_distance_cost": 102.64537716417279, "oscillation_cost": 316.0223137225675, "completition_cost": 1000.0, "overshoot_cost": 339.17731243798613, "power_cost": 14.423557421875001, "noise_cost": 62.94502567467044, "n_waypoints_completed": 0, "tot_waypoints": 9}}
{"target": -2719.168140751449, "params": {"k_pid_pos": [1.9661228656768799, 0.08704543113708496, 0.02127397060394287], "k_pid_alt": [0.06102043390274048, 0.0, 1.0], "k_pid_att": [4.017561912536621, 10.0, 1.0], "k_pid_yaw": [0.5, 1e-06, 0.1], "k_pid_hsp": [0.39933207631111145, 1.0, 1.0], "k_pid_vsp": [0.0, 372.61468505859375, 385.1739807128906]}, "datetime": {"datetime": "2025-08-21 21:19:41", "elapsed": 45297.77313828468, "delta": 24.691786766052246}, "costs": {"total_cost": 2719.168140751449, "time_cost": 150, "final_distance_cost": 582.0117461391029, "oscillation_cost": 220.85950945621894, "completition_cost": 1000.0, "overshoot_cost": 731.9848310335924, "power_cost": 15.222615478515626, "noise_cost": 19.0894386440187, "n_waypoints_completed": 0, "tot_waypoints": 9}}
{"target": -2123.8757426491647, "params": {"k_pid_pos": [1.8428205251693726, 0.016478687524795532, 0.03717303276062012], "k_pid_alt": [0.0, 0.0, 0.9963669180870056], "k_pid_att": [3.7550716400146484, 9.482831954956055, 0.9821270704269409], "k_pid_yaw": [0.5, 1e-06, 0.1], "k_pid_hsp": [9.999999747378752e-05, 0.925758957862854, 1.0], "k_pid_vsp": [0.0, 383.603515625, 367.8254089355469]}, "datetime": {"datetime": "2025-08-21 21:20:06", "elapsed": 45322.70456433296, "delta": 24.93142604827881}, "costs": {"total_cost": 2123.8757426491647, "time_cost": 150, "final_distance_cost": 365.9082111604062, "oscillation_cost": 233.03060752352786, "completition_cost": 1000.0, "overshoot_cost": 319.6123095249467, "power_cost": 21.319361865234377, "noise_cost": 34.00525257504962, "n_waypoints_completed": 0, "tot_waypoints": 9}}
{"target": -9397.854846605987, "params": {"k_pid_pos": [2.0, 0.047186434268951416, 0.0], "k_pid_alt": [0.0, 0.0, 0.9648012518882751], "k_pid_att": [0.0, 9.963536262512207, 1.0], "k_pid_yaw": [0.5, 1e-06, 0.1], "k_pid_hsp": [9.999999747378752e-05, 0.9477766752243042, 0.9716430306434631], "k_pid_vsp": [0.0, 400.0, 400.0]}, "datetime": {"datetime": "2025-08-21 21:20:29", "elapsed": 45345.77769565582, "delta": 23.073131322860718}, "costs": {"total_cost": 9397.854846605987, "time_cost": 150, "final_distance_cost": 2776.158380913123, "oscillation_cost": 561.5404354017664, "completition_cost": 1000.0, "overshoot_cost": 4834.873485531276, "power_cost": 13.185088134765625, "noise_cost": 62.0974566250578, "n_waypoints_completed": 0, "tot_waypoints": 9}}
{"target": -2114.726314912347, "params": {"k_pid_pos": [2.0, 0.021461933851242065, 0.002248436212539673], "k_pid_alt": [0.09696328639984131, 0.0, 0.999393105506897], "k_pid_att": [2.3392021656036377, 9.635828971862793, 0.9947802424430847], "k_pid_yaw": [0.5, 1e-06, 0.1], "k_pid_hsp": [9.999999747378752e-05, 0.9867452383041382, 0.8343864679336548], "k_pid_vsp": [0.0, 358.0356140136719, 400.0]}, "datetime": {"datetime": "2025-08-21 21:20:53", "elapsed": 45370.19352769852, "delta": 24.415832042694092}, "costs": {"total_cost": 2114.726314912347, "time_cost": 150, "final_distance_cost": 131.22894651523674, "oscillation_cost": 376.0187342230839, "completition_cost": 1000.0, "overshoot_cost": 369.60568488519596, "power_cost": 26.285177380371096, "noise_cost": 61.5877719084591, "n_waypoints_completed": 0, "tot_waypoints": 9}}
{"target": -1805.9543799762264, "params": {"k_pid_pos": [1.929697871208191, 0.0, 0.0], "k_pid_alt": [0.0, 0.0, 0.9588085412979126], "k_pid_att": [6.87403678894043, 9.727980613708496, 0.9862352609634399], "k_pid_yaw": [0.5, 1e-06, 0.1], "k_pid_hsp": [0.6563209295272827, 0.9938015937805176, 1.0], "k_pid_vsp": [0.0, 400.0, 400.0]}, "datetime": {"datetime": "2025-08-21 21:21:16", "elapsed": 45393.43565058708, "delta": 23.242122888565063}, "costs": {"total_cost": 1805.9543799762264, "time_cost": 150, "final_distance_cost": 125.65674301684308, "oscillation_cost": 283.896009727904, "completition_cost": 1000.0, "overshoot_cost": 195.30370971771626, "power_cost": 21.629121716308596, "noise_cost": 29.468795797454444, "n_waypoints_completed": 0, "tot_waypoints": 9}}
{"target": -11141.881401965942, "params": {"k_pid_pos": [2.0, 0.0, 0.015518218278884888], "k_pid_alt": [0.11670231819152832, 0.05782434344291687, 1.0], "k_pid_att": [0.0, 10.0, 1.0], "k_pid_yaw": [0.5, 1e-06, 0.1], "k_pid_hsp": [0.4575318396091461, 1.0, 0.9881938099861145], "k_pid_vsp": [25.10179328918457, 389.60638427734375, 400.0]}, "datetime": {"datetime": "2025-08-21 21:21:42", "elapsed": 45419.33962845802, "delta": 25.903977870941162}, "costs": {"total_cost": 11141.881401965942, "time_cost": 150, "final_distance_cost": 3574.746189612078, "oscillation_cost": 1829.453250941783, "completition_cost": 1000.0, "overshoot_cost": 4450.276310885959, "power_cost": 34.604802734375, "noise_cost": 102.8008477917479, "n_waypoints_completed": 0, "tot_waypoints": 9}}
{"target": -2027.2194918323655, "params": {"k_pid_pos": [2.0, 0.0, 0.06111651659011841], "k_pid_alt": [0.04882407188415527, 0.023965805768966675, 1.0], "k_pid_att": [1.6885191202163696, 9.667847633361816, 1.0], "k_pid_yaw": [0.5, 1e-06, 0.1], "k_pid_hsp": [0.37035080790519714, 1.0, 1.0], "k_pid_vsp": [23.6610050201416, 400.0, 393.29461669921875]}, "datetime": {"datetime": "2025-08-21 21:22:05", "elapsed": 45442.38625454903, "delta": 23.046626091003418}, "costs": {"total_cost": 2027.2194918323655, "time_cost": 150, "final_distance_cost": 7.043842592660934, "oscillation_cost": 523.7427660427392, "completition_cost": 1000.0, "overshoot_cost": 226.04408462798426, "power_cost": 30.085830041503907, "noise_cost": 90.302968527477, "n_waypoints_completed": 0, "tot_waypoints": 9}}
{"target": -1677.7611725732784, "params": {"k_pid_pos": [2.0, 0.0, 0.04527798295021057], "k_pid_alt": [0.0, 0.0, 0.9945236444473267], "k_pid_att": [5.368051052093506, 9.506328582763672, 0.955952525138855], "k_pid_yaw": [0.5, 1e-06, 0.1], "k_pid_hsp": [9.999999747378752e-05, 1.0, 0.9598293304443359], "k_pid_vsp": [22.3198299407959, 368.0787353515625, 383.4112243652344]}, "datetime": {"datetime": "2025-08-21 21:22:30", "elapsed": 45467.03026032448, "delta": 24.64400577545166}, "costs": {"total_cost": 1677.7611725732784, "time_cost": 150, "final_distance_cost": 1.3608043387828483, "oscillation_cost": 299.6464687033638, "completition_cost": 1000.0, "overshoot_cost": 156.66997710047428, "power_cost": 12.402259960937501, "noise_cost": 57.6816624697202, "n_waypoints_completed": 0, "tot_waypoints": 9}}
{"target": -2048.5280668965, "params": {"k_pid_pos": [2.0, 0.02350679039955139, 0.04334995150566101], "k_pid_alt": [0.0, 0.0, 1.0], "k_pid_att": [0.8896082639694214, 9.5056734085083, 1.0], "k_pid_yaw": [0.5, 1e-06, 0.1], "k_pid_hsp": [0.908876359462738, 0.9837212562561035, 0.9026850461959839], "k_pid_vsp": [0.0, 400.0, 400.0]}, "datetime": {"datetime": "2025-08-21 21:22:54", "elapsed": 45491.39180755615, "delta": 24.361547231674194}, "costs": {"total_cost": 2048.5280668965, "time_cost": 150, "final_distance_cost": 42.11259681034279, "oscillation_cost": 611.085324952876, "completition_cost": 1000.0, "overshoot_cost": 162.40319524154575, "power_cost": 16.05235661621094, "noise_cost": 66.87459327552457, "n_waypoints_completed": 0, "tot_waypoints": 9}}
{"target": -7857.858751445039, "params": {"k_pid_pos": [1.8681563138961792, 0.026912212371826172, 0.0006684958934783936], "k_pid_alt": [0.0, 0.0, 1.0], "k_pid_att": [0.0, 10.0, 1.0], "k_pid_yaw": [0.5, 1e-06, 0.1], "k_pid_hsp": [9.999999747378752e-05, 1.0, 0.9689912796020508], "k_pid_vsp": [9.830737113952637, 400.0, 400.0]}, "datetime": {"datetime": "2025-08-21 21:23:19", "elapsed": 45516.03383398056, "delta": 24.64202642440796}, "costs": {"total_cost": 7857.858751445039, "time_cost": 150, "final_distance_cost": 2098.3529507280946, "oscillation_cost": 661.05974741151, "completition_cost": 1000.0, "overshoot_cost": 3872.910348772714, "power_cost": 13.891563916015626, "noise_cost": 61.644140616703964, "n_waypoints_completed": 0, "tot_waypoints": 9}}
{"target": -12097.773681988752, "params": {"k_pid_pos": [1.8922909498214722, 0.06686615943908691, 0.04244339466094971], "k_pid_alt": [0.09125995635986328, 0.04605746269226074, 1.0], "k_pid_att": [0.0, 9.640925407409668, 0.9847787618637085], "k_pid_yaw": [0.5, 1e-06, 0.1], "k_pid_hsp": [0.5412627458572388, 1.0, 1.0], "k_pid_vsp": [0.0, 340.4760437011719, 399.161376953125]}, "datetime": {"datetime": "2025-08-21 21:23:43", "elapsed": 45540.41873168945, "delta": 24.384897708892822}, "costs": {"total_cost": 12097.773681988752, "time_cost": 150, "final_distance_cost": 4013.0809191392095, "oscillation_cost": 2094.915935591826, "completition_cost": 1000.0, "overshoot_cost": 4702.304944633671, "power_cost": 34.64229481201172, "noise_cost": 102.82958781203563, "n_waypoints_completed": 0, "tot_waypoints": 9}}
{"target": -3736.6520756044624, "params": {"k_pid_pos": [2.0, 0.019237667322158813, 0.02017262578010559], "k_pid_alt": [0.0, 0.05301770567893982, 0.9649562239646912], "k_pid_att": [0.0, 9.707413673400879, 0.9938730597496033], "k_pid_yaw": [0.5, 1e-06, 0.1], "k_pid_hsp": [1.0510168075561523, 1.0, 0.9604157209396362], "k_pid_vsp": [0.0, 400.0, 400.0]}, "datetime": {"datetime": "2025-08-21 21:24:07", "elapsed": 45564.45661854744, "delta": 24.03788685798645}, "costs": {"total_cost": 3736.6520756044624, "time_cost": 150, "final_distance_cost": 208.47005723590135, "oscillation_cost": 1773.8437206913338, "completition_cost": 1000.0, "overshoot_cost": 473.5497117376138, "power_cost": 32.399066906738284, "noise_cost": 98.38951903287497, "n_waypoints_completed": 0, "tot_waypoints": 9}}
{"target": -20778.78449901911, "params": {"k_pid_pos": [2.0, 0.06886741518974304, 0.0], "k_pid_alt": [0.05344879627227783, 0.05091404914855957, 1.0], "k_pid_att": [0.0, 9.75990104675293, 1.0], "k_pid_yaw": [0.5, 1e-06, 0.1], "k_pid_hsp": [0.16982878744602203, 0.9907176494598389, 1.0], "k_pid_vsp": [0.0, 400.0, 357.24237060546875]}, "datetime": {"datetime": "2025-08-21 21:24:31", "elapsed": 45588.43717455864, "delta": 23.98055601119995}, "costs": {"total_cost": 20778.78449901911, "time_cost": 150, "final_distance_cost": 6597.120681764871, "oscillation_cost": 2149.314734451226, "completition_cost": 1000.0, "overshoot_cost": 10745.273102254865, "power_cost": 34.544786547851565, "noise_cost": 102.53119400029739, "n_waypoints_completed": 0, "tot_waypoints": 9}}
