{"target": -2761.186874049346, "params": {"k_pid_pos": [2.0, 0.0, 0.02655300498008728], "k_pid_alt": [0.0, 0.04388478398323059, 1.0], "k_pid_att": [0.614321231842041, 9.305082321166992, 1.0], "k_pid_yaw": [0.5, 1e-06, 0.1], "k_pid_hsp": [0.2661253809928894, 1.0, 1.0], "k_pid_vsp": [6.921780109405518, 400.0, 400.0]}, "datetime": {"datetime": "2025-08-21 20:39:26", "elapsed": 42883.39793300629, "delta": 23.689526796340942}, "costs": {"total_cost": 2761.186874049346, "time_cost": 150, "final_distance_cost": 299.34193472158523, "oscillation_cost": 739.7908785154565, "completition_cost": 1000.0, "overshoot_cost": 446.23563736046555, "power_cost": 31.508516723632813, "noise_cost": 94.30990672820548, "n_waypoints_completed": 0, "tot_waypoints": 9}}
{"target": -7528.794621398808, "params": {"k_pid_pos": [1.9015226364135742, 0.0, 0.029735833406448364], "k_pid_alt": [0.12423670291900635, 0.04597225785255432, 1.0], "k_pid_att": [0.0, 9.088689804077148, 0.9570003747940063], "k_pid_yaw": [0.5, 1e-06, 0.1], "k_pid_hsp": [9.999999747378752e-05, 0.9179061651229858, 1.0], "k_pid_vsp": [21.705961227416992, 379.60919189453125, 395.76483154296875]}, "datetime": {"datetime": "2025-08-21 20:39:52", "elapsed": 42908.49878334999, "delta": 25.100850343704224}, "costs": {"total_cost": 7528.794621398808, "time_cost": 150, "final_distance_cost": 2030.7811346537794, "oscillation_cost": 674.7001789097937, "completition_cost": 1000.0, "overshoot_cost": 3554.504357294275, "power_cost": 29.870886083984377, "noise_cost": 88.93806445697574, "n_waypoints_completed": 0, "tot_waypoints": 9}}
{"target": -5853.867551365394, "params": {"k_pid_pos": [1.7530639171600342, 0.0, 0.018359631299972534], "k_pid_alt": [0.0, 0.029242873191833496, 0.9812238216400146], "k_pid_att": [0.0, 9.981752395629883, 1.0], "k_pid_yaw": [0.5, 1e-06, 0.1], "k_pid_hsp": [9.999999747378752e-05, 0.9410800933837891, 0.9753592014312744], "k_pid_vsp": [0.0, 395.8252868652344, 400.0]}, "datetime": {"datetime": "2025-08-21 20:40:16", "elapsed": 42932.60146021843, "delta": 24.10267686843872}, "costs": {"total_cost": 5853.867551365394, "time_cost": 150, "final_distance_cost": 992.5248238297514, "oscillation_cost": 1262.1530532748259, "completition_cost": 1000.0, "overshoot_cost": 2315.5240166031435, "power_cost": 33.655703430175784, "noise_cost": 100.00995422749783, "n_waypoints_completed": 0, "tot_waypoints": 9}}
{"target": -2798.1510985999716, "params": {"k_pid_pos": [2.0, 0.09257486462593079, 0.0], "k_pid_alt": [0.0, 0.005702465772628784, 0.945029616355896], "k_pid_att": [0.7648229598999023, 10.0, 1.0], "k_pid_yaw": [0.5, 1e-06, 0.1], "k_pid_hsp": [9.999999747378752e-05, 0.981198251247406, 1.0], "k_pid_vsp": [0.0, 400.0, 400.0]}, "datetime": {"datetime": "2025-08-21 20:40:39", "elapsed": 42956.23010110855, "delta": 23.62864089012146}, "costs": {"total_cost": 2798.1510985999716, "time_cost": 150, "final_distance_cost": 134.2930297825729, "oscillation_cost": 897.8944170841021, "completition_cost": 1000.0, "overshoot_cost": 491.27570408711034, "power_cost": 30.77633768310547, "noise_cost": 93.91160996308163, "n_waypoints_completed": 0, "tot_waypoints": 9}}
{"target": -1688.4480174454952, "params": {"k_pid_pos": [1.8457690477371216, 0.0, 0.00312235951423645], "k_pid_alt": [0.017340481281280518, 0.054737389087677, 1.0], "k_pid_att": [5.432862281799316, 10.0, 0.9893358945846558], "k_pid_yaw": [0.5, 1e-06, 0.1], "k_pid_hsp": [0.6064513921737671, 0.9946712255477905, 1.0], "k_pid_vsp": [2.317821979522705, 398.75482177734375, 389.4743957519531]}, "datetime": {"datetime": "2025-08-21 20:41:04", "elapsed": 42981.19217777252, "delta": 24.962076663970947}, "costs": {"total_cost": 1688.4480174454952, "time_cost": 150, "final_distance_cost": 24.74016206206566, "oscillation_cost": 334.35767302398017, "completition_cost": 1000.0, "overshoot_cost": 111.67725162950738, "power_cost": 20.28067722167969, "noise_cost": 47.392253508262144, "n_waypoints_completed": 0, "tot_waypoints": 9}}
{"target": -5877.213251896985, "params": {"k_pid_pos": [1.9445880651474, 0.07079601287841797, 0.0594542920589447], "k_pid_alt": [0.25325965881347656, 0.0, 0.984085202217102], "k_pid_att": [0.0, 9.827688217163086, 0.978016197681427], "k_pid_yaw": [0.5, 1e-06, 0.1], "k_pid_hsp": [0.13365955650806427, 1.0, 0.973415732383728], "k_pid_vsp": [10.381782531738281, 400.0, 364.4698486328125]}, "datetime": {"datetime": "2025-08-21 20:41:27", "elapsed": 43004.01279473305, "delta": 22.820616960525513}, "costs": {"total_cost": 5877.213251896985, "time_cost": 150, "final_distance_cost": 910.101867333604, "oscillation_cost": 1853.4312421774816, "completition_cost": 1000.0, "overshoot_cost": 1832.28435607679, "power_cost": 32.82557250976563, "noise_cost": 98.57021379934291, "n_waypoints_completed": 0, "tot_waypoints": 9}}
{"target": -1616.5416999298795, "params": {"k_pid_pos": [2.0, 0.0, 0.00489458441734314], "k_pid_alt": [0.12481957674026489, 0.06904146075248718, 1.0], "k_pid_att": [6.412127494812012, 9.538661003112793, 1.0], "k_pid_yaw": [0.5, 1e-06, 0.1], "k_pid_hsp": [9.999999747378752e-05, 1.0, 1.0], "k_pid_vsp": [0.0, 390.13671875, 394.1849365234375]}, "datetime": {"datetime": "2025-08-21 20:41:52", "elapsed": 43028.578756809235, "delta": 24.565962076187134}, "costs": {"total_cost": 1616.5416999298795, "time_cost": 150, "final_distance_cost": 10.361705491985596, "oscillation_cost": 288.33289600616547, "completition_cost": 1000.0, "overshoot_cost": 112.82236454717022, "power_cost": 19.767856201171877, "noise_cost": 35.25687768338628, "n_waypoints_completed": 0, "tot_waypoints": 9}}
{"target": -4269.124744370033, "params": {"k_pid_pos": [1.8197593688964844, 0.0, 0.0], "k_pid_alt": [0.0, 0.0, 1.0], "k_pid_att": [0.0, 10.0, 1.0], "k_pid_yaw": [0.5, 1e-06, 0.1], "k_pid_hsp": [0.5969016551971436, 0.9580762982368469, 0.9376366138458252], "k_pid_vsp": [18.06085205078125, 397.83343505859375, 385.3368835449219]}, "datetime": {"datetime": "2025-08-21 20:42:16", "elapsed": 43053.42996811867, "delta": 24.851211309432983}, "costs": {"total_cost": 4269.124744370033, "time_cost": 150, "final_distance_cost": 606.4718825250411, "oscillation_cost": 1673.5587621148693, "completition_cost": 1000.0, "overshoot_cost": 723.1101805057415, "power_cost": 26.554778686523438, "noise_cost": 89.4291405378571, "n_waypoints_completed": 0, "tot_waypoints": 9}}
{"target": -6134.769160248365, "params": {"k_pid_pos": [2.0, 0.0, 0.0], "k_pid_alt": [0.0, 0.0, 0.9749279618263245], "k_pid_att": [0.0, 9.93155288696289, 0.953140139579773], "k_pid_yaw": [0.5, 1e-06, 0.1], "k_pid_hsp": [9.999999747378752e-05, 1.0, 0.9490818977355957], "k_pid_vsp": [23.723459243774414, 400.0, 374.9303894042969]}, "datetime": {"datetime": "2025-08-21 20:42:39", "elapsed": 43076.206706523895, "delta": 22.77673840522766}, "costs": {"total_cost": 6134.769160248365, "time_cost": 150, "final_distance_cost": 1351.8229468224504, "oscillation_cost": 849.677358738388, "completition_cost": 1000.0, "overshoot_cost": 2695.167920297057, "power_cost": 17.628004687500002, "noise_cost": 70.47292970296864, "n_waypoints_completed": 0, "tot_waypoints": 9}}
{"target": -2089.9501544663985, "params": {"k_pid_pos": [2.0, 0.0, 0.0], "k_pid_alt": [0.0, 0.0135478675365448, 0.9809424877166748], "k_pid_att": [1.3863682746887207, 10.0, 1.0], "k_pid_yaw": [0.5, 1e-06, 0.1], "k_pid_hsp": [0.6026403307914734, 1.0, 1.0], "k_pid_vsp": [0.3964662551879883, 376.3850402832031, 400.0]}, "datetime": {"datetime": "2025-08-21 20:43:05", "elapsed": 43101.88726449013, "delta": 25.6805579662323}, "costs": {"total_cost": 2089.9501544663985, "time_cost": 150, "final_distance_cost": 23.736774239908915, "oscillation_cost": 626.4327381466807, "completition_cost": 1000.0, "overshoot_cost": 167.05372713792644, "power_cost": 30.686324438476564, "noise_cost": 92.04059050340608, "n_waypoints_completed": 0, "tot_waypoints": 9}}
{"target": -5570.365386733859, "params": {"k_pid_pos": [1.9957588911056519, 0.0, 0.059377521276474], "k_pid_alt": [0.08035361766815186, 0.0, 0.9285613298416138], "k_pid_att": [0.0, 9.454668998718262, 0.9644749760627747], "k_pid_yaw": [0.5, 1e-06, 0.1], "k_pid_hsp": [9.999999747378752e-05, 0.9177229404449463, 1.0], "k_pid_vsp": [0.0, 400.0, 400.0]}, "datetime": {"datetime": "2025-08-21 20:43:29", "elapsed": 43126.29142332077, "delta": 24.4041588306427}, "costs": {"total_cost": 5570.365386733859, "time_cost": 150, "final_distance_cost": 681.6015331686136, "oscillation_cost": 2192.814941991503, "completition_cost": 1000.0, "overshoot_cost": 1409.9875212564273, "power_cost": 34.18870216064453, "noise_cost": 101.77268815667091, "n_waypoints_completed": 0, "tot_waypoints": 9}}
{"target": -1808.754389980881, "params": {"k_pid_pos": [2.0, 0.0, 0.0], "k_pid_alt": [0.06931513547897339, 0.0, 1.0], "k_pid_att": [3.351879119873047, 10.0, 0.9001449942588806], "k_pid_yaw": [0.5, 1e-06, 0.1], "k_pid_hsp": [0.6949192881584167, 1.0, 1.0], "k_pid_vsp": [15.178990364074707, 394.6937561035156, 400.0]}, "datetime": {"datetime": "2025-08-21 20:43:53", "elapsed": 43149.56735467911, "delta": 23.275931358337402}, "costs": {"total_cost": 1808.754389980881, "time_cost": 150, "final_distance_cost": 14.219086671906092, "oscillation_cost": 336.0211926858358, "completition_cost": 1000.0, "overshoot_cost": 216.6689198140765, "power_cost": 21.910509619140626, "noise_cost": 69.934681189922, "n_waypoints_completed": 0, "tot_waypoints": 9}}
{"target": -11765.47115454074, "params": {"k_pid_pos": [1.9974766969680786, 0.024442076683044434, 0.05405610799789429], "k_pid_alt": [0.09544408321380615, 0.00261533260345459, 0.9141589403152466], "k_pid_att": [0.0, 9.42286205291748, 1.0], "k_pid_yaw": [0.5, 1e-06, 0.1], "k_pid_hsp": [0.4272923171520233, 1.0, 1.0], "k_pid_vsp": [0.0, 400.0, 400.0]}, "datetime": {"datetime": "2025-08-21 20:44:17", "elapsed": 43174.44998764992, "delta": 24.882632970809937}, "costs": {"total_cost": 11765.47115454074, "time_cost": 150, "final_distance_cost": 3307.9396284407135, "oscillation_cost": 2230.230938923445, "completition_cost": 1000.0, "overshoot_cost": 4937.10575006187, "power_cost": 35.49438660888672, "noise_cost": 104.7004505058256, "n_waypoints_completed": 0, "tot_waypoints": 9}}
{"target": -3031.9407400813925, "params": {"k_pid_pos": [1.8663766384124756, 0.0, 0.014652073383331299], "k_pid_alt": [0.028246402740478516, 0.0, 1.0], "k_pid_att": [0.0, 9.574578285217285, 1.0], "k_pid_yaw": [0.5, 1e-06, 0.1], "k_pid_hsp": [0.22324801981449127, 0.9701691269874573, 1.0], "k_pid_vsp": [0.0, 384.7550048828125, 400.0]}, "datetime": {"datetime": "2025-08-21 20:44:41", "elapsed": 43198.34690141678, "delta": 23.896913766860962}, "costs": {"total_cost": 3031.9407400813925, "time_cost": 150, "final_distance_cost": 235.97391693985762, "oscillation_cost": 1165.108260745431, "completition_cost": 1000.0, "overshoot_cost": 354.0276698237886, "power_cost": 31.415764196777346, "noise_cost": 95.41512837553799, "n_waypoints_completed": 0, "tot_waypoints": 9}}
{"target": -3594.146987120708, "params": {"k_pid_pos": [1.85123610496521, 0.11793264746665955, 0.23227256536483765], "k_pid_alt": [0.08795535564422607, 0.0, 0.9851562976837158], "k_pid_att": [11.517125129699707, 10.0, 1.0], "k_pid_yaw": [0.5, 1e-06, 0.1], "k_pid_hsp": [0.6218239068984985, 0.9400100708007812, 0.9530841112136841], "k_pid_vsp": [0.0, 400.0, 396.4866027832031]}, "datetime": {"datetime": "2025-08-21 20:45:06", "elapsed": 43222.54204773903, "delta": 24.195146322250366}, "costs": {"total_cost": 3594.146987120708, "time_cost": 150, "final_distance_cost": 1096.0955991688445, "oscillation_cost": 194.7279561546238, "completition_cost": 888.8888888888888, "overshoot_cost": 1232.2907234491956, "power_cost": 17.93491979980469, "noise_cost": 14.208899659350555, "n_waypoints_completed": 1, "tot_waypoints": 9}}
{"target": -14801.318585443149, "params": {"k_pid_pos": [2.0, 0.020331531763076782, 0.0], "k_pid_alt": [0.07771551609039307, 0.0, 1.0], "k_pid_att": [0.0, 10.0, 1.0], "k_pid_yaw": [0.5, 1e-06, 0.1], "k_pid_hsp": [9.999999747378752e-05, 1.0, 1.0], "k_pid_vsp": [0.0, 400.0, 381.58966064453125]}, "datetime": {"datetime": "2025-08-21 20:45:31", "elapsed": 43247.51581096649, "delta": 24.97376322746277}, "costs": {"total_cost": 14801.318585443149, "time_cost": 150, "final_distance_cost": 4735.947728803778, "oscillation_cost": 2127.090073723704, "completition_cost": 1000.0, "overshoot_cost": 6655.578739901098, "power_cost": 33.297554406738286, "noise_cost": 99.40448860783202, "n_waypoints_completed": 0, "tot_waypoints": 9}}
{"target": -14884.60970995414, "params": {"k_pid_pos": [1.9065531492233276, 0.0, 0.0], "k_pid_alt": [0.0, 0.0, 1.0], "k_pid_att": [0.0, 10.0, 1.0], "k_pid_yaw": [0.5, 1e-06, 0.1], "k_pid_hsp": [0.3375900387763977, 1.0, 1.0], "k_pid_vsp": [0.0, 383.5173034667969, 386.0882873535156]}, "datetime": {"datetime": "2025-08-21 20:45:54", "elapsed": 43270.80014228821, "delta": 23.28433132171631}, "costs": {"total_cost": 14884.60970995414, "time_cost": 150, "final_distance_cost": 4854.148007901119, "oscillation_cost": 2099.8032169818644, "completition_cost": 1000.0, "overshoot_cost": 6662.3447678282855, "power_cost": 27.504315173339844, "noise_cost": 90.80940206953206, "n_waypoints_completed": 0, "tot_waypoints": 9}}
{"target": -1682.2483767416122, "params": {"k_pid_pos": [2.0, 0.06534639000892639, 0.03597995638847351], "k_pid_alt": [0.01620572805404663, 0.016123920679092407, 1.0], "k_pid_att": [4.245203971862793, 10.0, 0.9963792562484741], "k_pid_yaw": [0.5, 1e-06, 0.1], "k_pid_hsp": [9.999999747378752e-05, 0.9955583810806274, 0.9238017797470093], "k_pid_vsp": [3.0409693717956543, 400.0, 400.0]}, "datetime": {"datetime": "2025-08-21 20:46:20", "elapsed": 43296.60631251335, "delta": 25.806170225143433}, "costs": {"total_cost": 1682.2483767416122, "time_cost": 150, "final_distance_cost": 26.520842389169673, "oscillation_cost": 282.3703138269505, "completition_cost": 1000.0, "overshoot_cost": 154.60261519931476, "power_cost": 19.20657868652344, "noise_cost": 49.54802663965383, "n_waypoints_completed": 0, "tot_waypoints": 9}}
{"target": -9465.776370328635, "params": {"k_pid_pos": [1.7232520580291748, 0.0, 0.0], "k_pid_alt": [0.0, 0.011090904474258423, 0.9668997526168823], "k_pid_att": [0.0, 10.0, 0.9844264984130859], "k_pid_yaw": [0.5, 1e-06, 0.1], "k_pid_hsp": [9.999999747378752e-05, 0.9223340153694153, 1.0], "k_pid_vsp": [13.677382469177246, 400.0, 400.0]}, "datetime": {"datetime": "2025-08-21 20:46:43", "elapsed": 43320.180475234985, "delta": 23.57416272163391}, "costs": {"total_cost": 9465.776370328635, "time_cost": 150, "final_distance_cost": 1593.0421506003136, "oscillation_cost": 2307.1606344090355, "completition_cost": 1000.0, "overshoot_cost": 4278.946329658122, "power_cost": 34.390421240234375, "noise_cost": 102.23683442092958, "n_waypoints_completed": 0, "tot_waypoints": 9}}
{"target": -12059.154210037525, "params": {"k_pid_pos": [2.0, 0.013299435377120972, 0.02942115068435669], "k_pid_alt": [0.0, 0.08721804618835449, 1.0], "k_pid_att": [0.0, 10.0, 1.0], "k_pid_yaw": [0.5, 1e-06, 0.1], "k_pid_hsp": [9.999999747378752e-05, 0.9755028486251831, 1.0], "k_pid_vsp": [2.8558731079101562, 392.532958984375, 399.24114990234375]}, "datetime": {"datetime": "2025-08-21 20:47:07", "elapsed": 43343.51972770691, "delta": 23.339252471923828}, "costs": {"total_cost": 12059.154210037525, "time_cost": 150, "final_distance_cost": 3760.611286083128, "oscillation_cost": 1769.5731047984234, "completition_cost": 1000.0, "overshoot_cost": 5240.790865938591, "power_cost": 34.94799947509766, "noise_cost": 103.23095374228193, "n_waypoints_completed": 0, "tot_waypoints": 9}}
{"target": -4477.259776046922, "params": {"k_pid_pos": [1.898910641670227, 0.0, 0.0], "k_pid_alt": [0.07509446144104004, 0.0, 1.0], "k_pid_att": [0.5035698413848877, 10.0, 0.9614859223365784], "k_pid_yaw": [0.5, 1e-06, 0.1], "k_pid_hsp": [0.4754824936389923, 1.0, 0.994493842124939], "k_pid_vsp": [33.79329299926758, 382.9573669433594, 400.0]}, "datetime": {"datetime": "2025-08-21 20:47:32", "elapsed": 43368.745015621185, "delta": 25.225287914276123}, "costs": {"total_cost": 4477.259776046922, "time_cost": 150, "final_distance_cost": 529.4989533179767, "oscillation_cost": 1586.262953592427, "completition_cost": 1000.0, "overshoot_cost": 1084.404867262806, "power_cost": 31.723971875, "noise_cost": 95.3690299987122, "n_waypoints_completed": 0, "tot_waypoints": 9}}
{"target": -2102.2941032494746, "params": {"k_pid_pos": [1.7517974376678467, 0.012622803449630737, 0.05957648158073425], "k_pid_alt": [0.0, 0.0, 0.9509624242782593], "k_pid_att": [1.3772070407867432, 10.0, 0.946530282497406], "k_pid_yaw": [0.5, 1e-06, 0.1], "k_pid_hsp": [9.999999747378752e-05, 0.974587619304657, 0.9979152679443359], "k_pid_vsp": [0.0, 398.2559814453125, 400.0]}, "datetime": {"datetime": "2025-08-21 20:47:55", "elapsed": 43391.47075128555, "delta": 22.725735664367676}, "costs": {"total_cost": 2102.2941032494746, "time_cost": 150, "final_distance_cost": 32.78484537949971, "oscillation_cost": 645.9213661876233, "completition_cost": 1000.0, "overshoot_cost": 188.6747746079041, "power_cost": 16.66079998779297, "noise_cost": 68.25231708665443, "n_waypoints_completed": 0, "tot_waypoints": 9}}
{"target": -4107.727522429945, "params": {"k_pid_pos": [2.0, 0.0, 0.0], "k_pid_alt": [0.0, 0.0, 1.0], "k_pid_att": [0.0, 9.975555419921875, 0.9728109836578369], "k_pid_yaw": [0.5, 1e-06, 0.1], "k_pid_hsp": [9.999999747378752e-05, 0.8965952396392822, 0.9762086868286133], "k_pid_vsp": [0.0, 387.77984619140625, 400.0]}, "datetime": {"datetime": "2025-08-21 20:48:20", "elapsed": 43416.54413866997, "delta": 25.073387384414673}, "costs": {"total_cost": 4107.727522429945, "time_cost": 150, "final_distance_cost": 213.68826497827106, "oscillation_cost": 2136.330347155316, "completition_cost": 1000.0, "overshoot_cost": 488.4515428033036, "power_cost": 27.231887060546875, "noise_cost": 92.02548043250717, "n_waypoints_completed": 0, "tot_waypoints": 9}}
{"target": -1793.5988713295399, "params": {"k_pid_pos": [1.8942896127700806, 0.001117706298828125, 0.0], "k_pid_alt": [0.0, 0.03123795986175537, 0.9883897304534912], "k_pid_att": [4.960298538208008, 10.0, 1.0], "k_pid_yaw": [0.5, 1e-06, 0.1], "k_pid_hsp": [0.4985582232475281, 1.0, 0.9691182374954224], "k_pid_vsp": [0.0, 400.0, 371.4156799316406]}, "datetime": {"datetime": "2025-08-21 20:48:44", "elapsed": 43441.011323451996, "delta": 24.4671847820282}, "costs": {"total_cost": 1793.5988713295399, "time_cost": 150, "final_distance_cost": 87.41717301758702, "oscillation_cost": 296.7839997721177, "completition_cost": 1000.0, "overshoot_cost": 221.18777909528487, "power_cost": 21.574664086914062, "noise_cost": 16.635255357636126, "n_waypoints_completed": 0, "tot_waypoints": 9}}
{"target": -6312.361954664748, "params": {"k_pid_pos": [2.0, 0.0, 0.17244502902030945], "k_pid_alt": [0.016805410385131836, 0.005544543266296387, 0.9804596900939941], "k_pid_att": [0.0, 10.0, 1.0], "k_pid_yaw": [0.5, 1e-06, 0.1], "k_pid_hsp": [0.2834111452102661, 0.9803066849708557, 1.0], "k_pid_vsp": [14.271890640258789, 373.75946044921875, 392.5010681152344]}, "datetime": {"datetime": "2025-08-21 20:49:08", "elapsed": 43464.65535759926, "delta": 23.644034147262573}, "costs": {"total_cost": 6312.361954664748, "time_cost": 150, "final_distance_cost": 1087.2175036919607, "oscillation_cost": 1542.748525125291, "completition_cost": 1000.0, "overshoot_cost": 2403.9350969885477, "power_cost": 31.90696519775391, "noise_cost": 96.55386366119338, "n_waypoints_completed": 0, "tot_waypoints": 9}}
{"target": -1843.9004178677835, "params": {"k_pid_pos": [2.0, 0.07421496510505676, 0.0], "k_pid_alt": [0.12291371822357178, 0.0, 0.9839105606079102], "k_pid_att": [6.624025344848633, 10.0, 0.9351549744606018], "k_pid_yaw": [0.5, 1e-06, 0.1], "k_pid_hsp": [9.999999747378752e-05, 1.0, 0.9900473356246948], "k_pid_vsp": [32.84153747558594, 400.0, 396.1231689453125]}, "datetime": {"datetime": "2025-08-21 20:49:32", "elapsed": 43489.274267435074, "delta": 24.61890983581543}, "costs": {"total_cost": 1843.9004178677835, "time_cost": 150, "final_distance_cost": 217.0140040910848, "oscillation_cost": 225.43268282529996, "completition_cost": 1000.0, "overshoot_cost": 191.15847008572536, "power_cost": 19.530322424316406, "noise_cost": 40.76493844135678, "n_waypoints_completed": 0, "tot_waypoints": 9}}
{"target": -2161.773850475156, "params": {"k_pid_pos": [1.9336178302764893, 0.0, 0.0], "k_pid_alt": [0.07035154104232788, 0.005623281002044678, 0.9857801198959351], "k_pid_att": [0.5937755107879639, 10.0, 1.0], "k_pid_yaw": [0.5, 1e-06, 0.1], "k_pid_hsp": [0.383730411529541, 1.0, 1.0], "k_pid_vsp": [0.0, 400.0, 394.2011413574219]}, "datetime": {"datetime": "2025-08-21 20:49:56", "elapsed": 43512.74682807922, "delta": 23.47256064414978}, "costs": {"total_cost": 2161.773850475156, "time_cost": 150, "final_distance_cost": 94.71612577310447, "oscillation_cost": 535.6366975984627, "completition_cost": 1000.0, "overshoot_cost": 261.52441024954504, "power_cost": 29.8851759765625, "noise_cost": 90.01144087748098, "n_waypoints_completed": 0, "tot_waypoints": 9}}
{"target": -18906.011381164866, "params": {"k_pid_pos": [1.9815828800201416, 0.053454041481018066, 0.002840965986251831], "k_pid_alt": [0.0, 0.0, 0.9984985589981079], "k_pid_att": [0.0, 9.834386825561523, 0.9117122888565063], "k_pid_yaw": [0.5, 1e-06, 0.1], "k_pid_hsp": [9.999999747378752e-05, 0.996574878692627, 0.9813960790634155], "k_pid_vsp": [20.626127243041992, 400.0, 396.90667724609375]}, "datetime": {"datetime": "2025-08-21 20:50:23", "elapsed": 43539.90911889076, "delta": 27.162290811538696}, "costs": {"total_cost": 18906.011381164866, "time_cost": 150, "final_distance_cost": 5842.065268614952, "oscillation_cost": 2105.6802859636095, "completition_cost": 1000.0, "overshoot_cost": 9683.750155465434, "power_cost": 29.238459582519532, "noise_cost": 95.27721153835236, "n_waypoints_completed": 0, "tot_waypoints": 9}}
