{"target": -4805.363350398466, "params": {"k_pid_pos": [2.0, 0.02615538239479065, 0.011404812335968018], "k_pid_alt": [0.0, 0.028205960988998413, 1.0], "k_pid_att": [0.0, 10.0, 0.9576206207275391], "k_pid_yaw": [0.5, 1e-06, 0.1], "k_pid_hsp": [0.823359489440918, 1.0, 1.0], "k_pid_vsp": [0.0, 390.4845275878906, 374.9268493652344]}, "datetime": {"datetime": "2025-08-21 16:36:45", "elapsed": 28322.422825336456, "delta": 25.442676544189453}, "costs": {"total_cost": 4805.363350398466, "time_cost": 150, "final_distance_cost": 150.816881564585, "oscillation_cost": 1986.2692084299517, "completition_cost": 1000.0, "overshoot_cost": 1380.1715334633477, "power_cost": 34.82106951904297, "noise_cost": 103.28465742153848, "n_waypoints_completed": 0, "tot_waypoints": 9}}
{"target": -2943.216841602074, "params": {"k_pid_pos": [2.0, 0.03819066286087036, 0.0], "k_pid_alt": [0.007068932056427002, 0.0, 1.0], "k_pid_att": [0.0, 10.0, 1.0], "k_pid_yaw": [0.5, 1e-06, 0.1], "k_pid_hsp": [9.999999747378752e-05, 0.9886060953140259, 1.0], "k_pid_vsp": [4.092752933502197, 365.3348693847656, 398.7362060546875]}, "datetime": {"datetime": "2025-08-21 16:37:09", "elapsed": 28345.56779050827, "delta": 23.144965171813965}, "costs": {"total_cost": 2943.216841602074, "time_cost": 150, "final_distance_cost": 102.99749511660838, "oscillation_cost": 1145.8385748007709, "completition_cost": 1000.0, "overshoot_cost": 423.0922651594643, "power_cost": 29.712469653320316, "noise_cost": 91.57603687191057, "n_waypoints_completed": 0, "tot_waypoints": 9}}
{"target": -1697.2945761909154, "params": {"k_pid_pos": [2.0, 0.0, 0.0], "k_pid_alt": [0.055438876152038574, 0.0, 0.9895645380020142], "k_pid_att": [8.841565132141113, 9.708858489990234, 0.9120960831642151], "k_pid_yaw": [0.5, 1e-06, 0.1], "k_pid_hsp": [0.5910473465919495, 1.0, 1.0], "k_pid_vsp": [6.753909587860107, 396.1128845214844, 400.0]}, "datetime": {"datetime": "2025-08-21 16:37:32", "elapsed": 28369.407834291458, "delta": 23.840043783187866}, "costs": {"total_cost": 1697.2945761909154, "time_cost": 150, "final_distance_cost": 1.3845380782861525, "oscillation_cost": 338.3114919009059, "completition_cost": 1000.0, "overshoot_cost": 131.65080588264925, "power_cost": 20.167852099609377, "noise_cost": 55.779888229465065, "n_waypoints_completed": 0, "tot_waypoints": 9}}
{"target": -1838.0123487762137, "params": {"k_pid_pos": [2.0, 0.02067744731903076, 0.02871808409690857], "k_pid_alt": [0.0, 0.0, 0.9155125617980957], "k_pid_att": [4.177019119262695, 10.0, 0.9832388162612915], "k_pid_yaw": [0.5, 1e-06, 0.1], "k_pid_hsp": [0.24044795334339142, 1.0, 0.9396474957466125], "k_pid_vsp": [25.07152557373047, 392.6634216308594, 400.0]}, "datetime": {"datetime": "2025-08-21 16:37:57", "elapsed": 28394.099802970886, "delta": 24.6919686794281}, "costs": {"total_cost": 1838.0123487762137, "time_cost": 150, "final_distance_cost": 104.93504142781502, "oscillation_cost": 244.93939099102457, "completition_cost": 1000.0, "overshoot_cost": 295.2416927569639, "power_cost": 23.097602270507814, "noise_cost": 19.79862132990236, "n_waypoints_completed": 0, "tot_waypoints": 9}}
{"target": -2259.9004250501957, "params": {"k_pid_pos": [2.0, 0.0, 0.0457291305065155], "k_pid_alt": [0.027982592582702637, 0.008255302906036377, 1.0], "k_pid_att": [3.058922290802002, 10.0, 0.9895535707473755], "k_pid_yaw": [0.5, 1e-06, 0.1], "k_pid_hsp": [9.999999747378752e-05, 1.0, 1.0], "k_pid_vsp": [14.73885726928711, 397.2968444824219, 400.0]}, "datetime": {"datetime": "2025-08-21 16:38:21", "elapsed": 28418.26111316681, "delta": 24.16131019592285}, "costs": {"total_cost": 2259.9004250501957, "time_cost": 150, "final_distance_cost": 349.59374170840204, "oscillation_cost": 308.82757616651656, "completition_cost": 1000.0, "overshoot_cost": 410.83663706640544, "power_cost": 20.088583898925783, "noise_cost": 20.553886209945865, "n_waypoints_completed": 0, "tot_waypoints": 9}}
{"target": -6012.236047876374, "params": {"k_pid_pos": [2.0, 0.0, 0.0], "k_pid_alt": [0.055151164531707764, 0.02928289771080017, 0.9401090741157532], "k_pid_att": [0.0, 10.0, 1.0], "k_pid_yaw": [0.5, 1e-06, 0.1], "k_pid_hsp": [0.6127485632896423, 1.0, 1.0], "k_pid_vsp": [0.0, 400.0, 400.0]}, "datetime": {"datetime": "2025-08-21 16:38:45", "elapsed": 28441.94278359413, "delta": 23.681670427322388}, "costs": {"total_cost": 6012.236047876374, "time_cost": 150, "final_distance_cost": 1248.6045920044537, "oscillation_cost": 1827.421713027444, "completition_cost": 1000.0, "overshoot_cost": 1655.316200213152, "power_cost": 32.57936065673828, "noise_cost": 98.31418197458596, "n_waypoints_completed": 0, "tot_waypoints": 9}}
{"target": -18870.71183721422, "params": {"k_pid_pos": [2.0, 0.0, 0.042658448219299316], "k_pid_alt": [0.0, 0.014238148927688599, 0.934654712677002], "k_pid_att": [0.0, 10.0, 1.0], "k_pid_yaw": [0.5, 1e-06, 0.1], "k_pid_hsp": [0.848642885684967, 0.9861636757850647, 1.0], "k_pid_vsp": [3.001523017883301, 400.0, 381.2393493652344]}, "datetime": {"datetime": "2025-08-21 16:39:08", "elapsed": 28464.984518289566, "delta": 23.04173469543457}, "costs": {"total_cost": 18870.71183721422, "time_cost": 150, "final_distance_cost": 5775.124773287066, "oscillation_cost": 2212.9164652395766, "completition_cost": 1000.0, "overshoot_cost": 9594.316860103392, "power_cost": 34.91769388427735, "noise_cost": 103.43604469990737, "n_waypoints_completed": 0, "tot_waypoints": 9}}
{"target": -1818.2185270234124, "params": {"k_pid_pos": [1.9989354610443115, 0.009372889995574951, 0.04747471213340759], "k_pid_alt": [0.0, 0.0, 0.9975510239601135], "k_pid_att": [8.341228485107422, 10.0, 0.9252667427062988], "k_pid_yaw": [0.5, 1e-06, 0.1], "k_pid_hsp": [0.03757604584097862, 1.0, 1.0], "k_pid_vsp": [7.421064376831055, 400.0, 400.0]}, "datetime": {"datetime": "2025-08-21 16:39:32", "elapsed": 28488.552846431732, "delta": 23.568328142166138}, "costs": {"total_cost": 1818.2185270234124, "time_cost": 150, "final_distance_cost": 136.55938980472902, "oscillation_cost": 323.4406045372812, "completition_cost": 1000.0, "overshoot_cost": 142.45083095202955, "power_cost": 16.216983276367188, "noise_cost": 49.55071845300551, "n_waypoints_completed": 0, "tot_waypoints": 9}}
{"target": -5097.2339843317195, "params": {"k_pid_pos": [1.9521201848983765, 0.007925093173980713, 0.0], "k_pid_alt": [0.19079077243804932, 0.06584995985031128, 1.0], "k_pid_att": [0.0, 9.87905502319336, 0.933842658996582], "k_pid_yaw": [0.5, 1e-06, 0.1], "k_pid_hsp": [9.999999747378752e-05, 1.0, 1.0], "k_pid_vsp": [0.0, 392.57574462890625, 400.0]}, "datetime": {"datetime": "2025-08-21 16:39:56", "elapsed": 28513.39895105362, "delta": 24.846104621887207}, "costs": {"total_cost": 5097.2339843317195, "time_cost": 150, "final_distance_cost": 782.5227254094625, "oscillation_cost": 1054.3431576759388, "completition_cost": 1000.0, "overshoot_cost": 1980.8514313045505, "power_cost": 32.438253369140625, "noise_cost": 97.07841657262746, "n_waypoints_completed": 0, "tot_waypoints": 9}}
{"target": -1670.068915342334, "params": {"k_pid_pos": [1.9574259519577026, 0.0, 0.0], "k_pid_alt": [0.0, 0.0021195709705352783, 0.9655774831771851], "k_pid_att": [7.46135139465332, 10.0, 1.0], "k_pid_yaw": [0.5, 1e-06, 0.1], "k_pid_hsp": [9.999999747378752e-05, 1.0, 0.9856004118919373], "k_pid_vsp": [0.0, 392.7534484863281, 383.94189453125]}, "datetime": {"datetime": "2025-08-21 16:40:21", "elapsed": 28538.403728961945, "delta": 25.004777908325195}, "costs": {"total_cost": 1670.068915342334, "time_cost": 150, "final_distance_cost": 11.923566827496511, "oscillation_cost": 283.7487939512188, "completition_cost": 1000.0, "overshoot_cost": 145.31455287246445, "power_cost": 18.983048254394532, "noise_cost": 60.09895343675983, "n_waypoints_completed": 0, "tot_waypoints": 9}}
{"target": -1923.7950616661915, "params": {"k_pid_pos": [1.9567655324935913, 0.0, 0.00687718391418457], "k_pid_alt": [0.16113168001174927, 0.03739890456199646, 1.0], "k_pid_att": [1.6509294509887695, 8.961758613586426, 1.0], "k_pid_yaw": [0.5, 1e-06, 0.1], "k_pid_hsp": [9.999999747378752e-05, 0.923987627029419, 1.0], "k_pid_vsp": [13.494789123535156, 393.9254150390625, 400.0]}, "datetime": {"datetime": "2025-08-21 16:40:44", "elapsed": 28561.27956008911, "delta": 22.875831127166748}, "costs": {"total_cost": 1923.7950616661915, "time_cost": 150, "final_distance_cost": 15.63834623971418, "oscillation_cost": 495.5637337864809, "completition_cost": 1000.0, "overshoot_cost": 145.42452308998432, "power_cost": 29.524787145996097, "noise_cost": 87.64367140401603, "n_waypoints_completed": 0, "tot_waypoints": 9}}
{"target": -8643.09221709999, "params": {"k_pid_pos": [2.0, 0.0, 0.013689309358596802], "k_pid_alt": [0.025684356689453125, 0.03196290135383606, 0.974414050579071], "k_pid_att": [0.0, 10.0, 1.0], "k_pid_yaw": [0.5, 1e-06, 0.1], "k_pid_hsp": [9.999999747378752e-05, 0.9699284434318542, 0.9092136025428772], "k_pid_vsp": [0.0, 400.0, 392.2044372558594]}, "datetime": {"datetime": "2025-08-21 16:41:07", "elapsed": 28584.33977842331, "delta": 23.060218334197998}, "costs": {"total_cost": 8643.09221709999, "time_cost": 150, "final_distance_cost": 1992.8609582264455, "oscillation_cost": 1733.463890764739, "completition_cost": 1000.0, "overshoot_cost": 3631.4442329837043, "power_cost": 34.15742845458985, "noise_cost": 101.16570667051118, "n_waypoints_completed": 0, "tot_waypoints": 9}}
{"target": -4488.60431839924, "params": {"k_pid_pos": [2.0, 0.0, 0.0021789968013763428], "k_pid_alt": [0.03348076343536377, 0.004132121801376343, 1.0], "k_pid_att": [0.0, 10.0, 1.0], "k_pid_yaw": [0.5, 1e-06, 0.1], "k_pid_hsp": [9.999999747378752e-05, 1.0, 1.0], "k_pid_vsp": [0.0, 379.18304443359375, 383.1585998535156]}, "datetime": {"datetime": "2025-08-21 16:41:31", "elapsed": 28607.930511713028, "delta": 23.590733289718628}, "costs": {"total_cost": 4488.60431839924, "time_cost": 150, "final_distance_cost": 485.64664439175476, "oscillation_cost": 1600.1125613272582, "completition_cost": 1000.0, "overshoot_cost": 1126.604365543502, "power_cost": 31.31913669433594, "noise_cost": 94.92161044238952, "n_waypoints_completed": 0, "tot_waypoints": 9}}
{"target": -5127.049053454645, "params": {"k_pid_pos": [1.9077962636947632, 0.04925858974456787, 0.058412253856658936], "k_pid_alt": [0.006073296070098877, 0.0, 0.929837703704834], "k_pid_att": [0.0, 10.0, 0.9462761878967285], "k_pid_yaw": [0.5, 1e-06, 0.1], "k_pid_hsp": [0.6078470349311829, 1.0, 0.9270708560943604], "k_pid_vsp": [0.0, 400.0, 395.0646667480469]}, "datetime": {"datetime": "2025-08-21 16:41:54", "elapsed": 28631.453834295273, "delta": 23.523322582244873}, "costs": {"total_cost": 5127.049053454645, "time_cost": 150, "final_distance_cost": 387.52557808766426, "oscillation_cost": 2002.7801447417191, "completition_cost": 1000.0, "overshoot_cost": 1449.3933280295191, "power_cost": 34.68904838867188, "noise_cost": 102.66095420707106, "n_waypoints_completed": 0, "tot_waypoints": 9}}
{"target": -4279.062711914739, "params": {"k_pid_pos": [2.0, 0.0, 0.051239579916000366], "k_pid_alt": [0.02851933240890503, 0.03949779272079468, 1.0], "k_pid_att": [0.0, 9.266733169555664, 1.0], "k_pid_yaw": [0.5, 1e-06, 0.1], "k_pid_hsp": [0.06161346659064293, 0.9779094457626343, 1.0], "k_pid_vsp": [0.0, 400.0, 378.55450439453125]}, "datetime": {"datetime": "2025-08-21 16:42:18", "elapsed": 28655.11887860298, "delta": 23.66504430770874}, "costs": {"total_cost": 4279.062711914739, "time_cost": 150, "final_distance_cost": 493.63125894308223, "oscillation_cost": 1289.2422431770344, "completition_cost": 1000.0, "overshoot_cost": 1221.599094656809, "power_cost": 30.83990513916016, "noise_cost": 93.75020999865379, "n_waypoints_completed": 0, "tot_waypoints": 9}}
{"target": -3414.402416404061, "params": {"k_pid_pos": [2.0, 0.06715059280395508, 0.03985968232154846], "k_pid_alt": [0.05060762166976929, 0.0, 0.9540644288063049], "k_pid_att": [3.0226798057556152, 10.0, 0.9472070336341858], "k_pid_yaw": [0.5, 1e-06, 0.1], "k_pid_hsp": [9.999999747378752e-05, 0.9911466836929321, 0.9896643161773682], "k_pid_vsp": [18.44213104248047, 400.0, 400.0]}, "datetime": {"datetime": "2025-08-21 16:42:42", "elapsed": 28678.540686130524, "delta": 23.421807527542114}, "costs": {"total_cost": 3414.402416404061, "time_cost": 150, "final_distance_cost": 827.8379680493086, "oscillation_cost": 267.1210796064844, "completition_cost": 1000.0, "overshoot_cost": 1130.9582140267264, "power_cost": 14.941414916992189, "noise_cost": 23.543739804549052, "n_waypoints_completed": 0, "tot_waypoints": 9}}
{"target": -19423.820138465988, "params": {"k_pid_pos": [1.8831316232681274, 0.13153168559074402, 0.08521726727485657], "k_pid_alt": [0.149522066116333, 0.017531543970108032, 0.9903919696807861], "k_pid_att": [0.0, 9.92545223236084, 0.9156714677810669], "k_pid_yaw": [0.5, 1e-06, 0.1], "k_pid_hsp": [9.999999747378752e-05, 0.9721270799636841, 1.0], "k_pid_vsp": [5.414223670959473, 381.2590026855469, 352.9604797363281]}, "datetime": {"datetime": "2025-08-21 16:43:05", "elapsed": 28702.34953022003, "delta": 23.808844089508057}, "costs": {"total_cost": 19423.820138465988, "time_cost": 150, "final_distance_cost": 6141.037958366886, "oscillation_cost": 2051.8398136678456, "completition_cost": 1000.0, "overshoot_cost": 9943.502914573544, "power_cost": 34.670514367675786, "noise_cost": 102.76893749003546, "n_waypoints_completed": 0, "tot_waypoints": 9}}
{"target": -1962.6969832192565, "params": {"k_pid_pos": [1.9062657356262207, 0.03014543652534485, 0.0], "k_pid_alt": [0.0, 0.04035523533821106, 0.9171164035797119], "k_pid_att": [2.2119669914245605, 10.0, 0.9747583270072937], "k_pid_yaw": [0.5, 1e-06, 0.1], "k_pid_hsp": [0.5917864441871643, 0.9546679258346558, 0.9686208963394165], "k_pid_vsp": [0.0, 392.66015625, 390.443115234375]}, "datetime": {"datetime": "2025-08-21 16:43:28", "elapsed": 28725.23312807083, "delta": 22.88359785079956}, "costs": {"total_cost": 1962.6969832192565, "time_cost": 150, "final_distance_cost": 40.90102755546577, "oscillation_cost": 418.64126456741434, "completition_cost": 1000.0, "overshoot_cost": 242.0081647212623, "power_cost": 27.53222271728516, "noise_cost": 83.61430365782898, "n_waypoints_completed": 0, "tot_waypoints": 9}}
{"target": -8157.2867670206215, "params": {"k_pid_pos": [1.989973545074463, 0.054800331592559814, 0.0449376106262207], "k_pid_alt": [0.06318497657775879, 0.03055262565612793, 0.9905242919921875], "k_pid_att": [0.021696090698242188, 9.76711654663086, 1.0], "k_pid_yaw": [0.5, 1e-06, 0.1], "k_pid_hsp": [9.999999747378752e-05, 1.0, 1.0], "k_pid_vsp": [0.0, 400.0, 400.0]}, "datetime": {"datetime": "2025-08-21 16:43:52", "elapsed": 28748.71039748192, "delta": 23.477269411087036}, "costs": {"total_cost": 8157.2867670206215, "time_cost": 150, "final_distance_cost": 1430.2432498042886, "oscillation_cost": 2071.7488086355615, "completition_cost": 1000.0, "overshoot_cost": 3368.042328453757, "power_cost": 34.645253906250005, "noise_cost": 102.60712622076393, "n_waypoints_completed": 0, "tot_waypoints": 9}}
{"target": -1891.9136042351922, "params": {"k_pid_pos": [2.0, 0.054733335971832275, 0.012393593788146973], "k_pid_alt": [0.04240870475769043, 0.0, 1.0], "k_pid_att": [2.9884159564971924, 10.0, 1.0], "k_pid_yaw": [0.5, 1e-06, 0.1], "k_pid_hsp": [0.14521916210651398, 1.0, 1.0], "k_pid_vsp": [0.0, 384.054931640625, 357.5452880859375]}, "datetime": {"datetime": "2025-08-21 16:44:16", "elapsed": 28772.692766427994, "delta": 23.98236894607544}, "costs": {"total_cost": 1891.9136042351922, "time_cost": 150, "final_distance_cost": 62.429202496534046, "oscillation_cost": 341.0812721796884, "completition_cost": 1000.0, "overshoot_cost": 241.92986820051152, "power_cost": 23.5001806640625, "noise_cost": 72.97308069439578, "n_waypoints_completed": 0, "tot_waypoints": 9}}
{"target": -15467.377846266463, "params": {"k_pid_pos": [1.9821839332580566, 0.08179038763046265, 0.031793296337127686], "k_pid_alt": [0.0, 0.0, 1.0], "k_pid_att": [0.0, 10.0, 1.0], "k_pid_yaw": [0.5, 1e-06, 0.1], "k_pid_hsp": [0.27403929829597473, 0.9760812520980835, 1.0], "k_pid_vsp": [0.0, 398.2886657714844, 400.0]}, "datetime": {"datetime": "2025-08-21 16:44:40", "elapsed": 28797.099125623703, "delta": 24.40635919570923}, "costs": {"total_cost": 15467.377846266463, "time_cost": 150, "final_distance_cost": 4934.576433586746, "oscillation_cost": 2059.5126491716737, "completition_cost": 1000.0, "overshoot_cost": 7198.678299893632, "power_cost": 29.54359714355469, "noise_cost": 95.06686647085652, "n_waypoints_completed": 0, "tot_waypoints": 9}}
{"target": -1677.2166058171133, "params": {"k_pid_pos": [1.9110578298568726, 0.01921859383583069, 0.09682995080947876], "k_pid_alt": [0.0, 0.04260101914405823, 1.0], "k_pid_att": [6.126943111419678, 9.364794731140137, 0.9290229082107544], "k_pid_yaw": [0.5, 1e-06, 0.1], "k_pid_hsp": [0.572978675365448, 1.0, 0.9692353010177612], "k_pid_vsp": [0.0, 394.89569091796875, 394.8025207519531]}, "datetime": {"datetime": "2025-08-21 16:45:04", "elapsed": 28820.721838474274, "delta": 23.62271285057068}, "costs": {"total_cost": 1677.2166058171133, "time_cost": 150, "final_distance_cost": 9.927636649343906, "oscillation_cost": 292.48919647445865, "completition_cost": 1000.0, "overshoot_cost": 140.38531229057398, "power_cost": 20.14314874267578, "noise_cost": 64.27131166006113, "n_waypoints_completed": 0, "tot_waypoints": 9}}
{"target": -2113.424104095446, "params": {"k_pid_pos": [1.9620627164840698, 0.0, 0.01195642352104187], "k_pid_alt": [0.005560100078582764, 0.0009213089942932129, 0.9795142412185669], "k_pid_att": [1.3420194387435913, 9.732644081115723, 0.9836522340774536], "k_pid_yaw": [0.5, 1e-06, 0.1], "k_pid_hsp": [9.999999747378752e-05, 1.0, 0.9803576469421387], "k_pid_vsp": [0.0, 400.0, 396.43707275390625]}, "datetime": {"datetime": "2025-08-21 16:45:27", "elapsed": 28844.23386979103, "delta": 23.512031316757202}, "costs": {"total_cost": 2113.424104095446, "time_cost": 150, "final_distance_cost": 33.13002700877765, "oscillation_cost": 634.4765813420115, "completition_cost": 1000.0, "overshoot_cost": 171.0319188933967, "power_cost": 31.34820319824219, "noise_cost": 93.4373736530183, "n_waypoints_completed": 0, "tot_waypoints": 9}}
{"target": -12374.022131344635, "params": {"k_pid_pos": [2.0, 0.0, 0.08042210340499878], "k_pid_alt": [0.1317286491394043, 0.08701062202453613, 1.0], "k_pid_att": [0.0, 10.0, 0.9904330968856812], "k_pid_yaw": [0.5, 1e-06, 0.1], "k_pid_hsp": [9.999999747378752e-05, 0.9882702827453613, 0.9895797967910767], "k_pid_vsp": [0.0, 400.0, 390.955078125]}, "datetime": {"datetime": "2025-08-21 16:45:50", "elapsed": 28867.205786705017, "delta": 22.971916913986206}, "costs": {"total_cost": 12374.022131344635, "time_cost": 150, "final_distance_cost": 3376.9087854896075, "oscillation_cost": 1662.9135565741058, "completition_cost": 1000.0, "overshoot_cost": 6049.383838240238, "power_cost": 33.74954780273438, "noise_cost": 101.06640323794932, "n_waypoints_completed": 0, "tot_waypoints": 9}}
{"target": -8444.00951362531, "params": {"k_pid_pos": [2.0, 0.0, 0.07354533672332764], "k_pid_alt": [0.0, 0.0, 1.0], "k_pid_att": [0.0, 9.484594345092773, 1.0], "k_pid_yaw": [0.5, 1e-06, 0.1], "k_pid_hsp": [9.999999747378752e-05, 0.9682345986366272, 1.0], "k_pid_vsp": [33.097816467285156, 394.0247497558594, 400.0]}, "datetime": {"datetime": "2025-08-21 16:46:15", "elapsed": 28892.10456109047, "delta": 24.89877438545227}, "costs": {"total_cost": 8444.00951362531, "time_cost": 150, "final_distance_cost": 2599.791655835157, "oscillation_cost": 978.6372047279572, "completition_cost": 1000.0, "overshoot_cost": 3609.6326686929838, "power_cost": 23.38930360107422, "noise_cost": 82.55868076813803, "n_waypoints_completed": 0, "tot_waypoints": 9}}
{"target": -2081.17644017678, "params": {"k_pid_pos": [2.0, 0.0, 0.0], "k_pid_alt": [0.0, 0.0, 0.9699875116348267], "k_pid_att": [3.4890353679656982, 9.157439231872559, 1.0], "k_pid_yaw": [0.5, 1e-06, 0.1], "k_pid_hsp": [0.02204740233719349, 0.9899904727935791, 1.0], "k_pid_vsp": [33.3033561706543, 382.8482666015625, 397.0292663574219]}, "datetime": {"datetime": "2025-08-21 16:46:42", "elapsed": 28919.336111545563, "delta": 27.231550455093384}, "costs": {"total_cost": 2081.17644017678, "time_cost": 150, "final_distance_cost": 238.647198797329, "oscillation_cost": 201.266764077816, "completition_cost": 1000.0, "overshoot_cost": 448.78295975744084, "power_cost": 20.14388055419922, "noise_cost": 22.33563698999461, "n_waypoints_completed": 0, "tot_waypoints": 9}}
{"target": -1867.1160934459226, "params": {"k_pid_pos": [2.0, 0.013142973184585571, 0.0], "k_pid_alt": [0.0, 0.0, 0.9772106409072876], "k_pid_att": [3.3685028553009033, 10.0, 1.0], "k_pid_yaw": [0.5, 1e-06, 0.1], "k_pid_hsp": [9.999999747378752e-05, 0.9806172251701355, 0.989374041557312], "k_pid_vsp": [43.552947998046875, 400.0, 398.4730529785156]}, "datetime": {"datetime": "2025-08-21 16:47:08", "elapsed": 28945.392251729965, "delta": 26.056140184402466}, "costs": {"total_cost": 1867.1160934459226, "time_cost": 150, "final_distance_cost": 61.71197349607948, "oscillation_cost": 289.13012631368713, "completition_cost": 1000.0, "overshoot_cost": 292.4322553211149, "power_cost": 15.38822879638672, "noise_cost": 58.45350951865397, "n_waypoints_completed": 0, "tot_waypoints": 9}}
