{"target": -4526.400174496928, "params": {"k_pid_pos": [1.9876765012741089, 0.0, 0.0], "k_pid_alt": [0.0, 0.08649617433547974, 1.0], "k_pid_att": [0.7255136966705322, 9.89647388458252, 0.9742263555526733], "k_pid_yaw": [0.5, 1e-06, 0.1], "k_pid_hsp": [0.4736309051513672, 1.0, 1.0], "k_pid_vsp": [0.0, 400.0, 400.0]}, "datetime": {"datetime": "2025-08-21 21:58:10", "elapsed": 47607.02157115936, "delta": 22.450423002243042}, "costs": {"total_cost": 4526.400174496928, "time_cost": 150, "final_distance_cost": 807.7838484916703, "oscillation_cost": 979.4527045213879, "completition_cost": 1000.0, "overshoot_cost": 1462.8414142604713, "power_cost": 31.26542039794922, "noise_cost": 95.056786825449, "n_waypoints_completed": 0, "tot_waypoints": 9}}
{"target": -15527.511735251766, "params": {"k_pid_pos": [2.0, 0.0, 0.06604671478271484], "k_pid_alt": [0.0, 0.08752515912055969, 1.0], "k_pid_att": [0.0, 10.0, 1.0], "k_pid_yaw": [0.5, 1e-06, 0.1], "k_pid_hsp": [0.5854970216751099, 0.9624602794647217, 1.0], "k_pid_vsp": [0.0, 400.0, 400.0]}, "datetime": {"datetime": "2025-08-21 21:58:35", "elapsed": 47631.533527851105, "delta": 24.511956691741943}, "costs": {"total_cost": 15527.511735251766, "time_cost": 150, "final_distance_cost": 4108.698178827663, "oscillation_cost": 2145.433823112577, "completition_cost": 1000.0, "overshoot_cost": 7987.721153014731, "power_cost": 34.09603308105469, "noise_cost": 101.56254721574206, "n_waypoints_completed": 0, "tot_waypoints": 9}}
{"target": -4438.788806471657, "params": {"k_pid_pos": [1.8205713033676147, 0.0, 0.016129016876220703], "k_pid_alt": [0.0, 0.013945043087005615, 1.0], "k_pid_att": [0.011533498764038086, 9.932973861694336, 1.0], "k_pid_yaw": [0.5, 1e-06, 0.1], "k_pid_hsp": [0.16831663250923157, 0.9582211971282959, 0.9893327951431274], "k_pid_vsp": [0.0, 389.6239318847656, 400.0]}, "datetime": {"datetime": "2025-08-21 21:58:59", "elapsed": 47655.82771110535, "delta": 24.294183254241943}, "costs": {"total_cost": 4438.788806471657, "time_cost": 150, "final_distance_cost": 602.9239343175069, "oscillation_cost": 1309.8395172951587, "completition_cost": 1000.0, "overshoot_cost": 1252.1179539792786, "power_cost": 30.561303857421876, "noise_cost": 93.3460970222909, "n_waypoints_completed": 0, "tot_waypoints": 9}}
{"target": -3469.5739036561317, "params": {"k_pid_pos": [1.9174443483352661, 0.029066741466522217, 0.0], "k_pid_alt": [0.052858829498291016, 0.04683220386505127, 1.0], "k_pid_att": [0.9174227714538574, 9.50859546661377, 1.0], "k_pid_yaw": [0.5, 1e-06, 0.1], "k_pid_hsp": [9.999999747378752e-05, 0.9358851909637451, 1.0], "k_pid_vsp": [20.483720779418945, 399.56353759765625, 347.7342529296875]}, "datetime": {"datetime": "2025-08-21 21:59:21", "elapsed": 47678.45424890518, "delta": 22.626537799835205}, "costs": {"total_cost": 3469.5739036561317, "time_cost": 150, "final_distance_cost": 661.7573631753451, "oscillation_cost": 612.6573366702163, "completition_cost": 1000.0, "overshoot_cost": 919.2933786400738, "power_cost": 31.704957287597658, "noise_cost": 94.16086788289908, "n_waypoints_completed": 0, "tot_waypoints": 9}}
{"target": -2571.8148570978337, "params": {"k_pid_pos": [2.0, 0.07364681363105774, 0.006344735622406006], "k_pid_alt": [0.1421208381652832, 0.07789027690887451, 0.9918554425239563], "k_pid_att": [5.864214897155762, 10.0, 1.0], "k_pid_yaw": [0.5, 1e-06, 0.1], "k_pid_hsp": [0.5398653149604797, 0.9274997711181641, 1.0], "k_pid_vsp": [0.0, 400.0, 400.0]}, "datetime": {"datetime": "2025-08-21 21:59:46", "elapsed": 47702.48844528198, "delta": 24.034196376800537}, "costs": {"total_cost": 2571.8148570978337, "time_cost": 150, "final_distance_cost": 560.0826931725691, "oscillation_cost": 252.79508318070972, "completition_cost": 1000.0, "overshoot_cost": 567.9252078458744, "power_cost": 18.945805053710938, "noise_cost": 22.066067844969616, "n_waypoints_completed": 0, "tot_waypoints": 9}}
{"target": -2488.586766918688, "params": {"k_pid_pos": [1.95283842086792, 0.053398579359054565, 0.03249362111091614], "k_pid_alt": [0.0, 0.0, 0.9820395708084106], "k_pid_att": [17.35965347290039, 10.0, 1.0], "k_pid_yaw": [0.5, 1e-06, 0.1], "k_pid_hsp": [9.999999747378752e-05, 0.9805948138237, 1.0], "k_pid_vsp": [20.59263038635254, 386.41143798828125, 368.36767578125]}, "datetime": {"datetime": "2025-08-21 22:00:09", "elapsed": 47726.42487645149, "delta": 23.936431169509888}, "costs": {"total_cost": 2488.586766918688, "time_cost": 150, "final_distance_cost": 528.5461553595245, "oscillation_cost": 360.8982983146343, "completition_cost": 1000.0, "overshoot_cost": 409.8771372580581, "power_cost": 17.60279041748047, "noise_cost": 21.662385568990913, "n_waypoints_completed": 0, "tot_waypoints": 9}}
{"target": -7186.763279852926, "params": {"k_pid_pos": [2.0, 0.0, 0.011226683855056763], "k_pid_alt": [0.142575204372406, 0.0, 0.9537503123283386], "k_pid_att": [0.0, 10.0, 0.9979276061058044], "k_pid_yaw": [0.5, 1e-06, 0.1], "k_pid_hsp": [9.999999747378752e-05, 0.9816516637802124, 0.9436693787574768], "k_pid_vsp": [0.0, 400.0, 373.2444152832031]}, "datetime": {"datetime": "2025-08-21 22:00:33", "elapsed": 47750.21941304207, "delta": 23.794536590576172}, "costs": {"total_cost": 7186.763279852926, "time_cost": 150, "final_distance_cost": 1069.8047237300684, "oscillation_cost": 1848.2697302258493, "completition_cost": 1000.0, "overshoot_cost": 2987.447098064467, "power_cost": 32.74512019042969, "noise_cost": 98.4966076421116, "n_waypoints_completed": 0, "tot_waypoints": 9}}
{"target": -1816.1127635919074, "params": {"k_pid_pos": [1.9310330152511597, 0.02218642830848694, 0.0], "k_pid_alt": [0.07432925701141357, 0.0, 0.9878583550453186], "k_pid_att": [3.881734609603882, 10.0, 0.9242358803749084], "k_pid_yaw": [0.5, 1e-06, 0.1], "k_pid_hsp": [9.999999747378752e-05, 1.0, 1.0], "k_pid_vsp": [0.0, 373.2169189453125, 347.7906799316406]}, "datetime": {"datetime": "2025-08-21 22:00:58", "elapsed": 47774.71738934517, "delta": 24.497976303100586}, "costs": {"total_cost": 1816.1127635919074, "time_cost": 150, "final_distance_cost": 40.92392610038242, "oscillation_cost": 308.86450306700436, "completition_cost": 1000.0, "overshoot_cost": 229.64761511909762, "power_cost": 20.477111572265628, "noise_cost": 66.19960773315732, "n_waypoints_completed": 0, "tot_waypoints": 9}}
{"target": -11832.131592528247, "params": {"k_pid_pos": [1.9579668045043945, 0.0, 0.03707638382911682], "k_pid_alt": [0.12033557891845703, 0.02422231435775757, 1.0], "k_pid_att": [0.0, 9.897820472717285, 1.0], "k_pid_yaw": [0.5, 1e-06, 0.1], "k_pid_hsp": [9.999999747378752e-05, 0.9427536725997925, 1.0], "k_pid_vsp": [0.0, 400.0, 400.0]}, "datetime": {"datetime": "2025-08-21 22:01:21", "elapsed": 47798.161702394485, "delta": 23.444313049316406}, "costs": {"total_cost": 11832.131592528247, "time_cost": 150, "final_distance_cost": 3015.4669911739084, "oscillation_cost": 2169.351806091215, "completition_cost": 1000.0, "overshoot_cost": 5367.444790916109, "power_cost": 32.09182276611328, "noise_cost": 97.77618158090229, "n_waypoints_completed": 0, "tot_waypoints": 9}}
{"target": -1688.2940098004344, "params": {"k_pid_pos": [1.9888330698013306, 0.05160367488861084, 0.021637558937072754], "k_pid_alt": [0.0, 0.0, 0.945425271987915], "k_pid_att": [5.281862735748291, 9.425907135009766, 1.0], "k_pid_yaw": [0.5, 1e-06, 0.1], "k_pid_hsp": [9.999999747378752e-05, 1.0, 0.9804227352142334], "k_pid_vsp": [0.0, 397.9974670410156, 387.0885925292969]}, "datetime": {"datetime": "2025-08-21 22:01:46", "elapsed": 47823.24161744118, "delta": 25.079915046691895}, "costs": {"total_cost": 1688.2940098004344, "time_cost": 150, "final_distance_cost": 43.77707812203194, "oscillation_cost": 247.7594706155196, "completition_cost": 1000.0, "overshoot_cost": 174.38497696966272, "power_cost": 20.214427282714844, "noise_cost": 52.15805681050531, "n_waypoints_completed": 0, "tot_waypoints": 9}}
{"target": -2074.2581899316006, "params": {"k_pid_pos": [1.9395262002944946, 0.0, 0.01022300124168396], "k_pid_alt": [0.0, 0.0, 1.0], "k_pid_att": [0.9996414184570312, 9.453137397766113, 1.0], "k_pid_yaw": [0.5, 1e-06, 0.1], "k_pid_hsp": [0.42216756939888, 1.0, 1.0], "k_pid_vsp": [0.0, 393.07330322265625, 400.0]}, "datetime": {"datetime": "2025-08-21 22:02:09", "elapsed": 47845.809320926666, "delta": 22.56770348548889}, "costs": {"total_cost": 2074.2581899316006, "time_cost": 150, "final_distance_cost": 49.50386364749514, "oscillation_cost": 631.340201407342, "completition_cost": 1000.0, "overshoot_cost": 158.69600683670276, "power_cost": 16.855537109375, "noise_cost": 67.8625809306859, "n_waypoints_completed": 0, "tot_waypoints": 9}}
{"target": -1747.8914939455876, "params": {"k_pid_pos": [2.0, 0.0, 0.0], "k_pid_alt": [0.0, 0.0, 0.9148614406585693], "k_pid_att": [3.8146228790283203, 9.283266067504883, 1.0], "k_pid_yaw": [0.5, 1e-06, 0.1], "k_pid_hsp": [0.03987199440598488, 0.9236818552017212, 1.0], "k_pid_vsp": [34.19076156616211, 400.0, 400.0]}, "datetime": {"datetime": "2025-08-21 22:02:33", "elapsed": 47870.42476963997, "delta": 24.615448713302612}, "costs": {"total_cost": 1747.8914939455876, "time_cost": 150, "final_distance_cost": 25.4947591140168, "oscillation_cost": 273.5398156612601, "completition_cost": 1000.0, "overshoot_cost": 216.02045469808567, "power_cost": 20.602403649902346, "noise_cost": 62.23406082232291, "n_waypoints_completed": 0, "tot_waypoints": 9}}
{"target": -3995.278834624049, "params": {"k_pid_pos": [1.95838463306427, 0.0, 0.004852086305618286], "k_pid_alt": [0.09028828144073486, 0.0, 1.0], "k_pid_att": [0.0, 10.0, 0.9678725004196167], "k_pid_yaw": [0.5, 1e-06, 0.1], "k_pid_hsp": [9.999999747378752e-05, 0.9141011238098145, 0.9489476680755615], "k_pid_vsp": [7.269346714019775, 400.0, 400.0]}, "datetime": {"datetime": "2025-08-21 22:02:55", "elapsed": 47892.4336912632, "delta": 22.00892162322998}, "costs": {"total_cost": 3995.278834624049, "time_cost": 150, "final_distance_cost": 544.0703925409923, "oscillation_cost": 1116.7279510850997, "completition_cost": 1000.0, "overshoot_cost": 1056.69124370577, "power_cost": 31.69299326171875, "noise_cost": 96.09625403046839, "n_waypoints_completed": 0, "tot_waypoints": 9}}
{"target": -5726.12919118614, "params": {"k_pid_pos": [1.9016529321670532, 0.0, 0.0], "k_pid_alt": [0.0, 0.0, 0.980414092540741], "k_pid_att": [0.0, 10.0, 0.9687086343765259], "k_pid_yaw": [0.5, 1e-06, 0.1], "k_pid_hsp": [0.0004892144352197647, 1.0, 0.9651250839233398], "k_pid_vsp": [5.2725911140441895, 390.50537109375, 400.0]}, "datetime": {"datetime": "2025-08-21 22:03:21", "elapsed": 47917.67881441116, "delta": 25.245123147964478}, "costs": {"total_cost": 5726.12919118614, "time_cost": 150, "final_distance_cost": 1184.5923276556757, "oscillation_cost": 933.5697896640708, "completition_cost": 1000.0, "overshoot_cost": 2364.0624899300874, "power_cost": 19.49606402587891, "noise_cost": 74.40851991042733, "n_waypoints_completed": 0, "tot_waypoints": 9}}
{"target": -2048.1010711032823, "params": {"k_pid_pos": [1.9589108228683472, 0.0, 0.015333682298660278], "k_pid_alt": [0.0, 0.001840442419052124, 0.9937548637390137], "k_pid_att": [1.4823496341705322, 10.0, 0.9693595170974731], "k_pid_yaw": [0.5, 1e-06, 0.1], "k_pid_hsp": [0.030588066205382347, 0.9885668754577637, 0.9429099559783936], "k_pid_vsp": [0.0, 400.0, 400.0]}, "datetime": {"datetime": "2025-08-21 22:03:43", "elapsed": 47940.3844769001, "delta": 22.705662488937378}, "costs": {"total_cost": 2048.1010711032823, "time_cost": 150, "final_distance_cost": 16.099548416057317, "oscillation_cost": 598.6227854154681, "completition_cost": 1000.0, "overshoot_cost": 163.26837604960943, "power_cost": 30.097411425781253, "noise_cost": 90.01294979636617, "n_waypoints_completed": 0, "tot_waypoints": 9}}
{"target": -4897.236003682563, "params": {"k_pid_pos": [2.0, 0.06207484006881714, 0.0], "k_pid_alt": [0.1536892056465149, 0.0, 0.9738554954528809], "k_pid_att": [0.0, 10.0, 1.0], "k_pid_yaw": [0.5, 1e-06, 0.1], "k_pid_hsp": [0.20403167605400085, 1.0, 1.0], "k_pid_vsp": [0.0, 400.0, 380.34857177734375]}, "datetime": {"datetime": "2025-08-21 22:04:08", "elapsed": 47965.09294915199, "delta": 24.70847225189209}, "costs": {"total_cost": 4897.236003682563, "time_cost": 150, "final_distance_cost": 774.8749812751944, "oscillation_cost": 1160.838876363386, "completition_cost": 1000.0, "overshoot_cost": 1683.7980122110494, "power_cost": 31.631071228027345, "noise_cost": 96.0930626049058, "n_waypoints_completed": 0, "tot_waypoints": 9}}
{"target": -8678.81862054573, "params": {"k_pid_pos": [2.0, 0.0, 0.0], "k_pid_alt": [0.0202675461769104, 0.0, 1.0], "k_pid_att": [0.0, 10.0, 1.0], "k_pid_yaw": [0.5, 1e-06, 0.1], "k_pid_hsp": [0.1965176910161972, 0.9679638147354126, 0.9416676163673401], "k_pid_vsp": [16.29500389099121, 399.5316162109375, 400.0]}, "datetime": {"datetime": "2025-08-21 22:04:32", "elapsed": 47988.52402162552, "delta": 23.431072473526}, "costs": {"total_cost": 8678.81862054573, "time_cost": 150, "final_distance_cost": 2214.5679019433483, "oscillation_cost": 1532.1452533534616, "completition_cost": 1000.0, "overshoot_cost": 3652.7687007626305, "power_cost": 32.05889084472656, "noise_cost": 97.27787364156316, "n_waypoints_completed": 0, "tot_waypoints": 9}}
{"target": -3351.4879372953133, "params": {"k_pid_pos": [2.0, 0.024135112762451172, 0.057671308517456055], "k_pid_alt": [0.0238339900970459, 0.0, 0.9536293745040894], "k_pid_att": [0.7260799407958984, 10.0, 1.0], "k_pid_yaw": [0.5, 1e-06, 0.1], "k_pid_hsp": [9.999999747378752e-05, 1.0, 0.9959201216697693], "k_pid_vsp": [4.88433837890625, 399.670166015625, 394.7750244140625]}, "datetime": {"datetime": "2025-08-21 22:04:56", "elapsed": 48012.497900247574, "delta": 23.973878622055054}, "costs": {"total_cost": 3351.4879372953133, "time_cost": 150, "final_distance_cost": 232.54933843356156, "oscillation_cost": 1140.013126585902, "completition_cost": 1000.0, "overshoot_cost": 707.0069527663317, "power_cost": 30.202929003906252, "noise_cost": 91.71559050561164, "n_waypoints_completed": 0, "tot_waypoints": 9}}
{"target": -4157.872444578982, "params": {"k_pid_pos": [2.0, 0.0, 0.0], "k_pid_alt": [0.0, 0.0, 0.9822760820388794], "k_pid_att": [0.0, 10.0, 0.9790956377983093], "k_pid_yaw": [0.5, 1e-06, 0.1], "k_pid_hsp": [0.5080367922782898, 1.0, 0.9607908725738525], "k_pid_vsp": [4.3268561363220215, 400.0, 400.0]}, "datetime": {"datetime": "2025-08-21 22:05:19", "elapsed": 48036.40377306938, "delta": 23.90587282180786}, "costs": {"total_cost": 4157.872444578982, "time_cost": 150, "final_distance_cost": 692.6546026048834, "oscillation_cost": 1116.965757392254, "completition_cost": 1000.0, "overshoot_cost": 1096.3465609755945, "power_cost": 22.27642215576172, "noise_cost": 79.6291014504882, "n_waypoints_completed": 0, "tot_waypoints": 9}}
{"target": -7921.352657514967, "params": {"k_pid_pos": [1.9248871803283691, 0.07990404963493347, 0.0], "k_pid_alt": [0.0, 0.006068766117095947, 1.0], "k_pid_att": [0.0, 9.780787467956543, 1.0], "k_pid_yaw": [0.5, 1e-06, 0.1], "k_pid_hsp": [9.999999747378752e-05, 0.9748214483261108, 0.9522559642791748], "k_pid_vsp": [14.895952224731445, 357.7650146484375, 400.0]}, "datetime": {"datetime": "2025-08-21 22:05:42", "elapsed": 48059.08032178879, "delta": 22.676548719406128}, "costs": {"total_cost": 7921.352657514967, "time_cost": 150, "final_distance_cost": 2238.201975285763, "oscillation_cost": 645.9278432149677, "completition_cost": 1000.0, "overshoot_cost": 3761.091966954278, "power_cost": 31.815390576171875, "noise_cost": 94.31548148378629, "n_waypoints_completed": 0, "tot_waypoints": 9}}
{"target": -4909.317098340334, "params": {"k_pid_pos": [1.9465491771697998, 0.0, 0.0], "k_pid_alt": [0.15000444650650024, 0.0, 1.0], "k_pid_att": [3.4510791301727295, 10.0, 1.0], "k_pid_yaw": [0.5, 1e-06, 0.1], "k_pid_hsp": [9.999999747378752e-05, 1.0, 1.0], "k_pid_vsp": [0.0, 400.0, 400.0]}, "datetime": {"datetime": "2025-08-21 22:06:07", "elapsed": 48083.84424495697, "delta": 24.763923168182373}, "costs": {"total_cost": 4909.317098340334, "time_cost": 150, "final_distance_cost": 1552.1770433288495, "oscillation_cost": 192.16972792125344, "completition_cost": 1000.0, "overshoot_cost": 1978.0564483105577, "power_cost": 21.4317072265625, "noise_cost": 15.48217155311049, "n_waypoints_completed": 0, "tot_waypoints": 9}}
{"target": -4578.717172910095, "params": {"k_pid_pos": [2.0, 0.0, 0.003525346517562866], "k_pid_alt": [0.0, 0.008808434009552002, 0.9447484016418457], "k_pid_att": [3.5281121730804443, 10.0, 0.9985455274581909], "k_pid_yaw": [0.5, 1e-06, 0.1], "k_pid_hsp": [9.999999747378752e-05, 1.0, 1.0], "k_pid_vsp": [0.0, 390.2455749511719, 400.0]}, "datetime": {"datetime": "2025-08-21 22:06:31", "elapsed": 48107.841253995895, "delta": 23.99700903892517}, "costs": {"total_cost": 4578.717172910095, "time_cost": 150, "final_distance_cost": 1171.0001839196088, "oscillation_cost": 243.04721938625144, "completition_cost": 1000.0, "overshoot_cost": 1973.169650959902, "power_cost": 20.148462341308594, "noise_cost": 21.35165630302316, "n_waypoints_completed": 0, "tot_waypoints": 9}}
{"target": -4016.075293105975, "params": {"k_pid_pos": [2.0, 0.040727198123931885, 0.0], "k_pid_alt": [0.0, 0.0, 0.9665589332580566], "k_pid_att": [0.0, 10.0, 1.0], "k_pid_yaw": [0.5, 1e-06, 0.1], "k_pid_hsp": [0.43699437379837036, 1.0, 0.9889938831329346], "k_pid_vsp": [0.0, 380.9130554199219, 400.0]}, "datetime": {"datetime": "2025-08-21 22:06:55", "elapsed": 48131.8801407814, "delta": 24.038886785507202}, "costs": {"total_cost": 4016.075293105975, "time_cost": 150, "final_distance_cost": 348.46281377778985, "oscillation_cost": 1663.6297011742074, "completition_cost": 1000.0, "overshoot_cost": 747.3776778575773, "power_cost": 23.50029765625, "noise_cost": 83.10480264015025, "n_waypoints_completed": 0, "tot_waypoints": 9}}
{"target": -1532.131118164509, "params": {"k_pid_pos": [1.9144643545150757, 0.05758720636367798, 0.0], "k_pid_alt": [0.0, 0.0, 0.9311658143997192], "k_pid_att": [4.909703254699707, 10.0, 1.0], "k_pid_yaw": [0.5, 1e-06, 0.1], "k_pid_hsp": [0.10824201256036758, 0.9995033740997314, 0.9942799806594849], "k_pid_vsp": [40.03424835205078, 398.1317443847656, 394.6194763183594]}, "datetime": {"datetime": "2025-08-21 22:07:20", "elapsed": 48157.03972673416, "delta": 25.15958595275879}, "costs": {"total_cost": 1532.131118164509, "time_cost": 150, "final_distance_cost": 89.25393910130049, "oscillation_cost": 228.13798578197742, "completition_cost": 888.8888888888888, "overshoot_cost": 122.17531940517809, "power_cost": 21.24699373779297, "noise_cost": 32.42799124937123, "n_waypoints_completed": 1, "tot_waypoints": 9}}
{"target": -3960.173333169732, "params": {"k_pid_pos": [2.0, 0.059295088052749634, 0.11224198341369629], "k_pid_alt": [0.04067784547805786, 0.027968287467956543, 1.0], "k_pid_att": [0.0, 8.725569725036621, 1.0], "k_pid_yaw": [0.5, 1e-06, 0.1], "k_pid_hsp": [9.999999747378752e-05, 1.0, 1.0], "k_pid_vsp": [8.417070388793945, 389.89599609375, 400.0]}, "datetime": {"datetime": "2025-08-21 22:07:45", "elapsed": 48181.578748703, "delta": 24.539021968841553}, "costs": {"total_cost": 3960.173333169732, "time_cost": 150, "final_distance_cost": 386.63458676034594, "oscillation_cost": 1026.0401404279007, "completition_cost": 1000.0, "overshoot_cost": 1269.839141036317, "power_cost": 31.931228759765627, "noise_cost": 95.7282361854027, "n_waypoints_completed": 0, "tot_waypoints": 9}}
{"target": -1999.6568320651531, "params": {"k_pid_pos": [1.9673806428909302, 0.03979000449180603, 0.0], "k_pid_alt": [0.0, 0.0, 0.9791511297225952], "k_pid_att": [2.441328763961792, 9.774450302124023, 0.9894176125526428], "k_pid_yaw": [0.5, 1e-06, 0.1], "k_pid_hsp": [0.27379611134529114, 1.0, 0.9994808435440063], "k_pid_vsp": [24.07453155517578, 395.688720703125, 400.0]}, "datetime": {"datetime": "2025-08-21 22:08:09", "elapsed": 48205.81174325943, "delta": 24.232994556427002}, "costs": {"total_cost": 1999.6568320651531, "time_cost": 150, "final_distance_cost": 87.2070589922758, "oscillation_cost": 366.1990751046076, "completition_cost": 1000.0, "overshoot_cost": 315.4168726930829, "power_cost": 15.379578771972657, "noise_cost": 65.45424650321425, "n_waypoints_completed": 0, "tot_waypoints": 9}}
{"target": -3548.3955633014275, "params": {"k_pid_pos": [2.0, 0.0, 0.0], "k_pid_alt": [0.10329234600067139, 0.03778645396232605, 1.0], "k_pid_att": [0.0, 10.0, 1.0], "k_pid_yaw": [0.5, 1e-06, 0.1], "k_pid_hsp": [0.4093741476535797, 0.9961279630661011, 1.0], "k_pid_vsp": [14.055514335632324, 399.8911437988281, 400.0]}, "datetime": {"datetime": "2025-08-21 22:08:32", "elapsed": 48228.498735666275, "delta": 22.686992406845093}, "costs": {"total_cost": 3548.3955633014275, "time_cost": 150, "final_distance_cost": 295.8534199948876, "oscillation_cost": 1294.3276369966406, "completition_cost": 1000.0, "overshoot_cost": 681.3031272187577, "power_cost": 31.46007840576172, "noise_cost": 95.45130068538009, "n_waypoints_completed": 0, "tot_waypoints": 9}}
{"target": -6450.794324544232, "params": {"k_pid_pos": [1.9309457540512085, 0.021870046854019165, 0.0], "k_pid_alt": [0.0, 0.0, 1.0], "k_pid_att": [0.0, 10.0, 0.9612277746200562], "k_pid_yaw": [0.5, 1e-06, 0.1], "k_pid_hsp": [9.999999747378752e-05, 0.93923020362854, 0.9858729839324951], "k_pid_vsp": [0.0, 400.0, 400.0]}, "datetime": {"datetime": "2025-08-21 22:08:57", "elapsed": 48253.51327109337, "delta": 25.014535427093506}, "costs": {"total_cost": 6450.794324544232, "time_cost": 150, "final_distance_cost": 1491.4674166493069, "oscillation_cost": 1022.0986014733718, "completition_cost": 1000.0, "overshoot_cost": 2695.2582358114223, "power_cost": 18.922340686035156, "noise_cost": 73.0477299240954, "n_waypoints_completed": 0, "tot_waypoints": 9}}
