{"target": -3324.638698012726, "params": {"k_pid_pos": [1.8944817781448364, 0.07892018556594849, 0.027783304452896118], "k_pid_alt": [0.0, 0.0, 1.0], "k_pid_att": [0.0, 9.910655975341797, 1.0], "k_pid_yaw": [0.5, 1e-06, 0.1], "k_pid_hsp": [0.1383661925792694, 1.0, 0.9522888660430908], "k_pid_vsp": [0.0, 400.0, 386.63641357421875]}, "datetime": {"datetime": "2025-08-21 18:03:45", "elapsed": 33541.883670568466, "delta": 24.735806465148926}, "costs": {"total_cost": 3324.638698012726, "time_cost": 150, "final_distance_cost": 349.7927268332556, "oscillation_cost": 1337.7751390286876, "completition_cost": 1000.0, "overshoot_cost": 380.9788201126875, "power_cost": 23.70928125, "noise_cost": 82.38273078809496, "n_waypoints_completed": 0, "tot_waypoints": 9}}
{"target": -18513.19494213394, "params": {"k_pid_pos": [1.8057512044906616, 0.0, 0.009122848510742188], "k_pid_alt": [0.0, 0.0, 0.9878086447715759], "k_pid_att": [0.0, 10.0, 0.9856515526771545], "k_pid_yaw": [0.5, 1e-06, 0.1], "k_pid_hsp": [0.3520863354206085, 0.9964662194252014, 1.0], "k_pid_vsp": [0.0, 400.0, 358.9847106933594]}, "datetime": {"datetime": "2025-08-21 18:04:09", "elapsed": 33566.01502609253, "delta": 24.13135552406311}, "costs": {"total_cost": 18513.19494213394, "time_cost": 150, "final_distance_cost": 5710.088052963609, "oscillation_cost": 1916.9340797153347, "completition_cost": 1000.0, "overshoot_cost": 9609.122367246473, "power_cost": 30.308795654296876, "noise_cost": 96.74164655422494, "n_waypoints_completed": 0, "tot_waypoints": 9}}
{"target": -2096.9408257824307, "params": {"k_pid_pos": [2.0, 0.0, 0.04029145836830139], "k_pid_alt": [0.0, 0.0, 1.0], "k_pid_att": [0.8935779333114624, 8.995104789733887, 1.0], "k_pid_yaw": [0.5, 1e-06, 0.1], "k_pid_hsp": [0.6652370691299438, 1.0, 0.9935009479522705], "k_pid_vsp": [23.724937438964844, 400.0, 400.0]}, "datetime": {"datetime": "2025-08-21 18:04:32", "elapsed": 33589.31682753563, "delta": 23.301801443099976}, "costs": {"total_cost": 2096.9408257824307, "time_cost": 150, "final_distance_cost": 40.67771547322792, "oscillation_cost": 626.4279117133551, "completition_cost": 1000.0, "overshoot_cost": 196.37544321035145, "power_cost": 16.128877282714843, "noise_cost": 67.33087810278144, "n_waypoints_completed": 0, "tot_waypoints": 9}}
{"target": -1964.8466006184763, "params": {"k_pid_pos": [2.0, 0.10933750867843628, 0.0], "k_pid_alt": [0.0, 0.0, 0.9507426619529724], "k_pid_att": [1.4711588621139526, 10.0, 0.9346996545791626], "k_pid_yaw": [0.5, 1e-06, 0.1], "k_pid_hsp": [0.21692819893360138, 0.9849287271499634, 0.9426141977310181], "k_pid_vsp": [0.30319690704345703, 378.4039001464844, 387.1955871582031]}, "datetime": {"datetime": "2025-08-21 18:04:56", "elapsed": 33613.35458731651, "delta": 24.03775978088379}, "costs": {"total_cost": 1964.8466006184763, "time_cost": 150, "final_distance_cost": 15.267356701575611, "oscillation_cost": 575.4780223084483, "completition_cost": 1000.0, "overshoot_cost": 140.2677836933925, "power_cost": 16.304576879882813, "noise_cost": 67.52886103517703, "n_waypoints_completed": 0, "tot_waypoints": 9}}
{"target": -7431.236668201718, "params": {"k_pid_pos": [2.0, 0.0, 0.0], "k_pid_alt": [0.1163979172706604, 0.02233228087425232, 0.9291555881500244], "k_pid_att": [0.0, 9.579595565795898, 0.9449748992919922], "k_pid_yaw": [0.5, 1e-06, 0.1], "k_pid_hsp": [9.999999747378752e-05, 0.9848002195358276, 0.9557914733886719], "k_pid_vsp": [0.0, 389.26025390625, 400.0]}, "datetime": {"datetime": "2025-08-21 18:05:20", "elapsed": 33637.374010801315, "delta": 24.019423484802246}, "costs": {"total_cost": 7431.236668201718, "time_cost": 150, "final_distance_cost": 1612.2819957388494, "oscillation_cost": 1935.496791342781, "completition_cost": 1000.0, "overshoot_cost": 2598.984098075052, "power_cost": 33.70843358154297, "noise_cost": 100.76534946349315, "n_waypoints_completed": 0, "tot_waypoints": 9}}
{"target": -6877.41754477073, "params": {"k_pid_pos": [1.9616851806640625, 0.0, 0.025046855211257935], "k_pid_alt": [0.0, 0.0, 0.9753808975219727], "k_pid_att": [0.0, 10.0, 1.0], "k_pid_yaw": [0.5, 1e-06, 0.1], "k_pid_hsp": [9.999999747378752e-05, 1.0, 0.9853004217147827], "k_pid_vsp": [0.0, 400.0, 397.4151611328125]}, "datetime": {"datetime": "2025-08-21 18:05:45", "elapsed": 33661.89038515091, "delta": 24.516374349594116}, "costs": {"total_cost": 6877.41754477073, "time_cost": 150, "final_distance_cost": 1571.318590332557, "oscillation_cost": 796.3384322665823, "completition_cost": 1000.0, "overshoot_cost": 3270.4455795335743, "power_cost": 18.088112646484376, "noise_cost": 71.22682999153167, "n_waypoints_completed": 0, "tot_waypoints": 9}}
{"target": -1944.0720384750164, "params": {"k_pid_pos": [1.904423713684082, 0.006227642297744751, 0.0], "k_pid_alt": [0.0, 0.0017964541912078857, 1.0], "k_pid_att": [2.7321696281433105, 10.0, 0.9773721694946289], "k_pid_yaw": [0.5, 1e-06, 0.1], "k_pid_hsp": [0.33351877331733704, 0.9769469499588013, 0.9674461483955383], "k_pid_vsp": [0.0, 400.0, 400.0]}, "datetime": {"datetime": "2025-08-21 18:06:09", "elapsed": 33685.69050478935, "delta": 23.800119638442993}, "costs": {"total_cost": 1944.0720384750164, "time_cost": 150, "final_distance_cost": 62.52511271159823, "oscillation_cost": 372.44432123787516, "completition_cost": 1000.0, "overshoot_cost": 251.2658105075141, "power_cost": 26.494976098632815, "noise_cost": 81.34181791939609, "n_waypoints_completed": 0, "tot_waypoints": 9}}
{"target": -15928.9296910122, "params": {"k_pid_pos": [1.9398332834243774, 0.0, 0.0], "k_pid_alt": [0.0, 0.004584074020385742, 0.9842008352279663], "k_pid_att": [0.0, 9.807400703430176, 0.9260215163230896], "k_pid_yaw": [0.5, 1e-06, 0.1], "k_pid_hsp": [0.7394310235977173, 0.9622880220413208, 1.0], "k_pid_vsp": [15.11087417602539, 395.78094482421875, 400.0]}, "datetime": {"datetime": "2025-08-21 18:06:32", "elapsed": 33709.04772520065, "delta": 23.35722041130066}, "costs": {"total_cost": 15928.9296910122, "time_cost": 150, "final_distance_cost": 4557.833167450539, "oscillation_cost": 2321.819367848631, "completition_cost": 1000.0, "overshoot_cost": 7768.726094307817, "power_cost": 32.16555131835938, "noise_cost": 98.38551008685187, "n_waypoints_completed": 0, "tot_waypoints": 9}}
{"target": -2994.8452135102275, "params": {"k_pid_pos": [1.9319497346878052, 0.0, 0.030092835426330566], "k_pid_alt": [0.1381474733352661, 0.007405281066894531, 1.0], "k_pid_att": [0.8770972490310669, 10.0, 0.9261606931686401], "k_pid_yaw": [0.5, 1e-06, 0.1], "k_pid_hsp": [9.999999747378752e-05, 1.0, 0.9552707672119141], "k_pid_vsp": [0.0, 400.0, 400.0]}, "datetime": {"datetime": "2025-08-21 18:06:57", "elapsed": 33733.59471797943, "delta": 24.546992778778076}, "costs": {"total_cost": 2994.8452135102275, "time_cost": 150, "final_distance_cost": 247.86567910685272, "oscillation_cost": 879.8437112944505, "completition_cost": 1000.0, "overshoot_cost": 595.9674649897267, "power_cost": 30.00977517089844, "noise_cost": 91.15858294829928, "n_waypoints_completed": 0, "tot_waypoints": 9}}
{"target": -12618.306678447358, "params": {"k_pid_pos": [2.0, 0.06599694490432739, 0.055800795555114746], "k_pid_alt": [0.0, 0.04292145371437073, 0.9197220206260681], "k_pid_att": [0.0, 10.0, 1.0], "k_pid_yaw": [0.5, 1e-06, 0.1], "k_pid_hsp": [1.1307039260864258, 0.8694099187850952, 1.0], "k_pid_vsp": [0.0, 400.0, 357.579345703125]}, "datetime": {"datetime": "2025-08-21 18:07:21", "elapsed": 33757.685160160065, "delta": 24.090442180633545}, "costs": {"total_cost": 12618.306678447358, "time_cost": 150, "final_distance_cost": 3233.63736251002, "oscillation_cost": 1740.7509350689409, "completition_cost": 1000.0, "overshoot_cost": 6355.362570619881, "power_cost": 34.93958896484375, "noise_cost": 103.61622128367179, "n_waypoints_completed": 0, "tot_waypoints": 9}}
{"target": -19270.449243225856, "params": {"k_pid_pos": [2.0, 0.0, 0.0], "k_pid_alt": [0.0, 0.0, 0.978081226348877], "k_pid_att": [0.0, 10.0, 0.9788854122161865], "k_pid_yaw": [0.5, 1e-06, 0.1], "k_pid_hsp": [0.3235619068145752, 1.0, 0.9359722137451172], "k_pid_vsp": [0.0, 400.0, 400.0]}, "datetime": {"datetime": "2025-08-21 18:07:45", "elapsed": 33781.65170907974, "delta": 23.966548919677734}, "costs": {"total_cost": 19270.449243225856, "time_cost": 150, "final_distance_cost": 5818.134125227528, "oscillation_cost": 2150.1819456021963, "completition_cost": 1000.0, "overshoot_cost": 10026.676986519657, "power_cost": 29.85758575439453, "noise_cost": 95.59860012208004, "n_waypoints_completed": 0, "tot_waypoints": 9}}
{"target": -5002.529580319208, "params": {"k_pid_pos": [2.0, 0.05285567045211792, 0.0], "k_pid_alt": [0.019421398639678955, 0.0, 0.9565536975860596], "k_pid_att": [0.0, 9.723809242248535, 1.0], "k_pid_yaw": [0.5, 1e-06, 0.1], "k_pid_hsp": [9.999999747378752e-05, 0.9347844123840332, 1.0], "k_pid_vsp": [4.130542278289795, 395.9892578125, 380.25958251953125]}, "datetime": {"datetime": "2025-08-21 18:08:09", "elapsed": 33805.912264585495, "delta": 24.260555505752563}, "costs": {"total_cost": 5002.529580319208, "time_cost": 150, "final_distance_cost": 785.1742346684119, "oscillation_cost": 1252.8988110163675, "completition_cost": 1000.0, "overshoot_cost": 1685.583501894538, "power_cost": 32.140970507812504, "noise_cost": 96.73206223207897, "n_waypoints_completed": 0, "tot_waypoints": 9}}
{"target": -1716.527010701863, "params": {"k_pid_pos": [2.0, 0.038641393184661865, 0.0], "k_pid_alt": [0.07437902688980103, 0.0, 0.9980729818344116], "k_pid_att": [3.872990608215332, 10.0, 1.0], "k_pid_yaw": [0.5, 1e-06, 0.1], "k_pid_hsp": [9.999999747378752e-05, 1.0, 0.8905696868896484], "k_pid_vsp": [35.91477966308594, 387.4375915527344, 400.0]}, "datetime": {"datetime": "2025-08-21 18:08:32", "elapsed": 33829.009207487106, "delta": 23.096942901611328}, "costs": {"total_cost": 1716.527010701863, "time_cost": 150, "final_distance_cost": 3.9336087313638, "oscillation_cost": 329.6033389900363, "completition_cost": 1000.0, "overshoot_cost": 135.7566760866003, "power_cost": 25.22784958496094, "noise_cost": 72.00553730890175, "n_waypoints_completed": 0, "tot_waypoints": 9}}
{"target": -2738.1079889452085, "params": {"k_pid_pos": [2.0, 0.04017508029937744, 0.0653669536113739], "k_pid_alt": [0.0, 0.0, 0.9718692302703857], "k_pid_att": [0.0, 10.0, 0.9466856122016907], "k_pid_yaw": [0.5, 1e-06, 0.1], "k_pid_hsp": [9.999999747378752e-05, 0.8984614014625549, 1.0], "k_pid_vsp": [0.0, 391.9266662597656, 400.0]}, "datetime": {"datetime": "2025-08-21 18:08:56", "elapsed": 33852.488293886185, "delta": 23.47908639907837}, "costs": {"total_cost": 2738.1079889452085, "time_cost": 150, "final_distance_cost": 380.87861084201927, "oscillation_cost": 628.3029357368304, "completition_cost": 1000.0, "overshoot_cost": 503.21352684334045, "power_cost": 13.842730993652344, "noise_cost": 61.870184529366085, "n_waypoints_completed": 0, "tot_waypoints": 9}}
{"target": -2343.8539291123157, "params": {"k_pid_pos": [1.9667937755584717, 0.0037360787391662598, 0.06206074357032776], "k_pid_alt": [0.0, 0.005678147077560425, 0.9977647066116333], "k_pid_att": [2.860128879547119, 8.892940521240234, 0.9761041402816772], "k_pid_yaw": [0.5, 1e-06, 0.1], "k_pid_hsp": [9.999999747378752e-05, 1.0, 0.9641388654708862], "k_pid_vsp": [0.0, 388.8739929199219, 385.21417236328125]}, "datetime": {"datetime": "2025-08-21 18:09:20", "elapsed": 33876.65511846542, "delta": 24.16682457923889}, "costs": {"total_cost": 2343.8539291123157, "time_cost": 150, "final_distance_cost": 450.85374813880514, "oscillation_cost": 289.6395664342494, "completition_cost": 1000.0, "overshoot_cost": 389.14850676460304, "power_cost": 20.41127615966797, "noise_cost": 43.80083161499011, "n_waypoints_completed": 0, "tot_waypoints": 9}}
{"target": -4780.4805497656025, "params": {"k_pid_pos": [1.9418821334838867, 0.0, 0.03322786092758179], "k_pid_alt": [0.0, 0.030024468898773193, 0.9807995557785034], "k_pid_att": [0.0, 9.659180641174316, 0.9364368915557861], "k_pid_yaw": [0.5, 1e-06, 0.1], "k_pid_hsp": [9.999999747378752e-05, 0.9799323678016663, 0.9466609358787537], "k_pid_vsp": [0.0, 400.0, 400.0]}, "datetime": {"datetime": "2025-08-21 18:09:43", "elapsed": 33900.012927770615, "delta": 23.35780930519104}, "costs": {"total_cost": 4780.4805497656025, "time_cost": 150, "final_distance_cost": 516.7772726526399, "oscillation_cost": 1384.7209467657794, "completition_cost": 1000.0, "overshoot_cost": 1604.4234466524442, "power_cost": 30.70942857666016, "noise_cost": 93.84945511807926, "n_waypoints_completed": 0, "tot_waypoints": 9}}
{"target": -2139.4054411239126, "params": {"k_pid_pos": [1.8830565214157104, 0.0, 0.01651632785797119], "k_pid_alt": [0.06013131141662598, 0.051048457622528076, 0.9955699443817139], "k_pid_att": [1.666104793548584, 9.755535125732422, 1.0], "k_pid_yaw": [0.5, 1e-06, 0.1], "k_pid_hsp": [0.7248572111129761, 0.9695297479629517, 0.9373462200164795], "k_pid_vsp": [0.0, 386.55548095703125, 382.1778869628906]}, "datetime": {"datetime": "2025-08-21 18:10:07", "elapsed": 33923.92620301247, "delta": 23.913275241851807}, "costs": {"total_cost": 2139.4054411239126, "time_cost": 150, "final_distance_cost": 47.335098073812034, "oscillation_cost": 515.0026848767654, "completition_cost": 1000.0, "overshoot_cost": 310.5136767909099, "power_cost": 29.047655102539064, "noise_cost": 87.50632627988647, "n_waypoints_completed": 0, "tot_waypoints": 9}}
{"target": -1690.988985666334, "params": {"k_pid_pos": [2.0, 0.07343170046806335, 0.0], "k_pid_alt": [0.014350652694702148, 0.0, 0.9535871744155884], "k_pid_att": [9.133744239807129, 10.0, 0.9629045724868774], "k_pid_yaw": [0.5, 1e-06, 0.1], "k_pid_hsp": [0.11959926038980484, 1.0, 0.9774588346481323], "k_pid_vsp": [0.0, 400.0, 374.865234375]}, "datetime": {"datetime": "2025-08-21 18:10:33", "elapsed": 33949.73571038246, "delta": 25.809507369995117}, "costs": {"total_cost": 1690.988985666334, "time_cost": 150, "final_distance_cost": 11.096744227363944, "oscillation_cost": 299.9916079575476, "completition_cost": 1000.0, "overshoot_cost": 145.5364607479178, "power_cost": 19.66892838134766, "noise_cost": 64.69524435215685, "n_waypoints_completed": 0, "tot_waypoints": 9}}
{"target": -10621.533877031698, "params": {"k_pid_pos": [1.8378453254699707, 0.04187840223312378, 0.0], "k_pid_alt": [0.05019611120223999, 0.0, 0.9725543856620789], "k_pid_att": [0.0, 9.3146333694458, 1.0], "k_pid_yaw": [0.5, 1e-06, 0.1], "k_pid_hsp": [0.3008834719657898, 1.0, 0.9709337949752808], "k_pid_vsp": [0.0, 400.0, 398.52081298828125]}, "datetime": {"datetime": "2025-08-21 18:10:56", "elapsed": 33973.43619680405, "delta": 23.700486421585083}, "costs": {"total_cost": 10621.533877031698, "time_cost": 150, "final_distance_cost": 2964.95597073245, "oscillation_cost": 1845.5374895533332, "completition_cost": 1000.0, "overshoot_cost": 4524.865410664343, "power_cost": 34.373337109375, "noise_cost": 101.80166897219674, "n_waypoints_completed": 0, "tot_waypoints": 9}}
{"target": -2902.4985138869565, "params": {"k_pid_pos": [2.0, 0.0, 0.0], "k_pid_alt": [0.0, 0.05978533625602722, 1.0], "k_pid_att": [6.715202331542969, 10.0, 0.9306418895721436], "k_pid_yaw": [0.5, 1e-06, 0.1], "k_pid_hsp": [9.999999747378752e-05, 0.9425817728042603, 0.9964459538459778], "k_pid_vsp": [30.760156631469727, 400.0, 400.0]}, "datetime": {"datetime": "2025-08-21 18:11:20", "elapsed": 33996.76106929779, "delta": 23.324872493743896}, "costs": {"total_cost": 2902.4985138869565, "time_cost": 150, "final_distance_cost": 732.8638672967945, "oscillation_cost": 215.9298154926865, "completition_cost": 1000.0, "overshoot_cost": 765.7828985648614, "power_cost": 21.678513134765627, "noise_cost": 16.24341939784882, "n_waypoints_completed": 0, "tot_waypoints": 9}}
{"target": -5288.653865871127, "params": {"k_pid_pos": [1.9267646074295044, 0.07875248789787292, 0.07260763645172119], "k_pid_alt": [0.0, 0.0013998448848724365, 0.9214552044868469], "k_pid_att": [7.061985015869141, 10.0, 0.989255428314209], "k_pid_yaw": [0.5, 1e-06, 0.1], "k_pid_hsp": [9.999999747378752e-05, 1.0, 1.0], "k_pid_vsp": [0.0, 370.43426513671875, 391.00714111328125]}, "datetime": {"datetime": "2025-08-21 18:11:44", "elapsed": 34021.28614664078, "delta": 24.52507734298706}, "costs": {"total_cost": 5288.653865871127, "time_cost": 150, "final_distance_cost": 1671.5538227974912, "oscillation_cost": 218.2262459354691, "completition_cost": 1000.0, "overshoot_cost": 2214.968258276081, "power_cost": 19.26424898681641, "noise_cost": 14.641289875268503, "n_waypoints_completed": 0, "tot_waypoints": 9}}
{"target": -5201.2161139214995, "params": {"k_pid_pos": [1.9395551681518555, 0.06432563066482544, 0.02590879797935486], "k_pid_alt": [0.002972900867462158, 0.00296938419342041, 1.0], "k_pid_att": [0.0, 9.46228313446045, 1.0], "k_pid_yaw": [0.5, 1e-06, 0.1], "k_pid_hsp": [9.999999747378752e-05, 0.9144202470779419, 1.0], "k_pid_vsp": [0.0, 382.6280517578125, 400.0]}, "datetime": {"datetime": "2025-08-21 18:12:08", "elapsed": 34045.06721520424, "delta": 23.781068563461304}, "costs": {"total_cost": 5201.2161139214995, "time_cost": 150, "final_distance_cost": 848.5991931256713, "oscillation_cost": 1235.5412053053876, "completition_cost": 1000.0, "overshoot_cost": 1845.2595820824497, "power_cost": 29.899476062011722, "noise_cost": 91.91665734597885, "n_waypoints_completed": 0, "tot_waypoints": 9}}
{"target": -3933.856530795432, "params": {"k_pid_pos": [1.9873727560043335, 0.0, 0.0], "k_pid_alt": [0.18114173412322998, 0.026432126760482788, 0.9606116414070129], "k_pid_att": [0.0, 10.0, 0.8935298323631287], "k_pid_yaw": [0.5, 1e-06, 0.1], "k_pid_hsp": [0.6445670127868652, 1.0, 0.9932471513748169], "k_pid_vsp": [0.0, 400.0, 384.2095947265625]}, "datetime": {"datetime": "2025-08-21 18:12:31", "elapsed": 34068.432055950165, "delta": 23.364840745925903}, "costs": {"total_cost": 3933.856530795432, "time_cost": 150, "final_distance_cost": 454.58892599980516, "oscillation_cost": 1267.518889772569, "completition_cost": 1000.0, "overshoot_cost": 933.9479141509628, "power_cost": 31.60290938720703, "noise_cost": 96.1978914848879, "n_waypoints_completed": 0, "tot_waypoints": 9}}
{"target": -4954.967929019477, "params": {"k_pid_pos": [1.8605362176895142, 0.0, 0.0], "k_pid_alt": [0.004494190216064453, 0.01299428939819336, 0.9823579788208008], "k_pid_att": [0.0, 9.977441787719727, 0.9773960113525391], "k_pid_yaw": [0.5, 1e-06, 0.1], "k_pid_hsp": [0.5639638304710388, 0.9891531467437744, 0.9512650966644287], "k_pid_vsp": [27.24343490600586, 392.8096008300781, 388.9422607421875]}, "datetime": {"datetime": "2025-08-21 18:12:55", "elapsed": 34092.404847860336, "delta": 23.97279191017151}, "costs": {"total_cost": 4954.967929019477, "time_cost": 150, "final_distance_cost": 503.885147271951, "oscillation_cost": 1915.1886721914666, "completition_cost": 1000.0, "overshoot_cost": 1257.2028707216784, "power_cost": 31.665293591308597, "noise_cost": 97.02594524307173, "n_waypoints_completed": 0, "tot_waypoints": 9}}
{"target": -3597.4917248845572, "params": {"k_pid_pos": [2.0, 0.03341767191886902, 0.0], "k_pid_alt": [0.010024487972259521, 0.021503716707229614, 0.9066290855407715], "k_pid_att": [3.5310864448547363, 9.419283866882324, 0.9583765268325806], "k_pid_yaw": [0.5, 1e-06, 0.1], "k_pid_hsp": [0.42228737473487854, 1.0, 0.950687050819397], "k_pid_vsp": [0.0, 385.7413635253906, 400.0]}, "datetime": {"datetime": "2025-08-21 18:13:20", "elapsed": 34116.65460181236, "delta": 24.249753952026367}, "costs": {"total_cost": 3597.4917248845572, "time_cost": 150, "final_distance_cost": 787.8039908907348, "oscillation_cost": 224.26337403852634, "completition_cost": 1000.0, "overshoot_cost": 1391.2672109961381, "power_cost": 20.95496033935547, "noise_cost": 23.202188619802392, "n_waypoints_completed": 0, "tot_waypoints": 9}}
{"target": -7396.169599513437, "params": {"k_pid_pos": [1.939208984375, 0.0, 0.0], "k_pid_alt": [0.13585221767425537, 0.0, 1.0], "k_pid_att": [0.0, 9.968555450439453, 0.9914935827255249], "k_pid_yaw": [0.5, 1e-06, 0.1], "k_pid_hsp": [0.01996811479330063, 0.9584959745407104, 0.97550368309021], "k_pid_vsp": [0.0, 398.5849304199219, 389.5860290527344]}, "datetime": {"datetime": "2025-08-21 18:13:43", "elapsed": 34139.565314531326, "delta": 22.910712718963623}, "costs": {"total_cost": 7396.169599513437, "time_cost": 150, "final_distance_cost": 1503.3087727952004, "oscillation_cost": 1144.3116148381616, "completition_cost": 1000.0, "overshoot_cost": 3468.30985676475, "power_cost": 32.474299267578125, "noise_cost": 97.76505584774664, "n_waypoints_completed": 0, "tot_waypoints": 9}}
{"target": -1817.4248516444961, "params": {"k_pid_pos": [2.0, 0.0, 0.037579089403152466], "k_pid_alt": [0.09773647785186768, 0.04790034890174866, 1.0], "k_pid_att": [2.5802791118621826, 9.678976058959961, 1.0], "k_pid_yaw": [0.5, 1e-06, 0.1], "k_pid_hsp": [0.8133304715156555, 0.9999003410339355, 0.9427073001861572], "k_pid_vsp": [0.0, 366.77569580078125, 400.0]}, "datetime": {"datetime": "2025-08-21 18:14:06", "elapsed": 34163.237478256226, "delta": 23.672163724899292}, "costs": {"total_cost": 1817.4248516444961, "time_cost": 150, "final_distance_cost": 11.493907924783587, "oscillation_cost": 369.8764026013747, "completition_cost": 1000.0, "overshoot_cost": 176.42157290562997, "power_cost": 27.056655212402344, "noise_cost": 82.57631300030538, "n_waypoints_completed": 0, "tot_waypoints": 9}}
