{"target": -21742.636714724766, "params": {"k_pid_pos": [1.8377636671066284, 0.08479833602905273, 0.0], "k_pid_alt": [0.03701668977737427, 0.06234869360923767, 1.0], "k_pid_att": [0.0, 10.0, 0.9421582221984863], "k_pid_yaw": [0.5, 1e-06, 0.1], "k_pid_hsp": [0.12805260717868805, 0.9479418396949768, 0.9541051387786865], "k_pid_vsp": [0.0, 381.88275146484375, 400.0]}, "datetime": {"datetime": "2025-08-21 17:20:06", "elapsed": 30922.796207666397, "delta": 23.57670259475708}, "costs": {"total_cost": 21742.636714724766, "time_cost": 150, "final_distance_cost": 6632.11391632726, "oscillation_cost": 2231.352431508378, "completition_cost": 1000.0, "overshoot_cost": 11591.112383876933, "power_cost": 34.83585107421875, "noise_cost": 103.22213193797474, "n_waypoints_completed": 0, "tot_waypoints": 9}}
{"target": -7529.76347987546, "params": {"k_pid_pos": [1.9365113973617554, 0.05713045597076416, 0.045369863510131836], "k_pid_alt": [0.05775505304336548, 0.08093178272247314, 1.0], "k_pid_att": [0.0, 10.0, 1.0], "k_pid_yaw": [0.5, 1e-06, 0.1], "k_pid_hsp": [0.48669612407684326, 1.0, 0.9374070167541504], "k_pid_vsp": [0.0, 400.0, 395.3707580566406]}, "datetime": {"datetime": "2025-08-21 17:20:30", "elapsed": 30946.693004369736, "delta": 23.896796703338623}, "costs": {"total_cost": 7529.76347987546, "time_cost": 150, "final_distance_cost": 1705.6674967043416, "oscillation_cost": 2124.682888778325, "completition_cost": 1000.0, "overshoot_cost": 2414.6768948073736, "power_cost": 33.639824487304686, "noise_cost": 101.09637509811554, "n_waypoints_completed": 0, "tot_waypoints": 9}}
{"target": -4003.9593333931557, "params": {"k_pid_pos": [1.91390061378479, 0.0066332221031188965, 0.015970051288604736], "k_pid_alt": [0.17010271549224854, 0.0, 1.0], "k_pid_att": [0.0, 10.0, 0.9732924699783325], "k_pid_yaw": [0.5, 1e-06, 0.1], "k_pid_hsp": [9.999999747378752e-05, 0.9546873569488525, 1.0], "k_pid_vsp": [0.0, 400.0, 389.1171569824219]}, "datetime": {"datetime": "2025-08-21 17:20:53", "elapsed": 30970.34630727768, "delta": 23.653302907943726}, "costs": {"total_cost": 4003.9593333931557, "time_cost": 150, "final_distance_cost": 392.1806864434836, "oscillation_cost": 1453.033062493313, "completition_cost": 1000.0, "overshoot_cost": 883.8960514168928, "power_cost": 30.7709990234375, "noise_cost": 94.07853401602843, "n_waypoints_completed": 0, "tot_waypoints": 9}}
{"target": -7471.176792113542, "params": {"k_pid_pos": [1.8341394662857056, 0.03467202186584473, 0.07954716682434082], "k_pid_alt": [0.0, 0.0, 1.0], "k_pid_att": [0.0, 10.0, 0.9892394542694092], "k_pid_yaw": [0.5, 1e-06, 0.1], "k_pid_hsp": [9.999999747378752e-05, 1.0, 1.0], "k_pid_vsp": [0.0, 400.0, 400.0]}, "datetime": {"datetime": "2025-08-21 17:21:17", "elapsed": 30994.070245027542, "delta": 23.72393774986267}, "costs": {"total_cost": 7471.176792113542, "time_cost": 150, "final_distance_cost": 1726.8607654856912, "oscillation_cost": 793.0215118953735, "completition_cost": 1000.0, "overshoot_cost": 3715.5063655260997, "power_cost": 17.031826611328125, "noise_cost": 68.75632259504985, "n_waypoints_completed": 0, "tot_waypoints": 9}}
{"target": -3565.8500330066468, "params": {"k_pid_pos": [2.0, 0.0012619495391845703, 0.07936322689056396], "k_pid_alt": [0.0, 0.026294201612472534, 0.9827283024787903], "k_pid_att": [8.741063117980957, 9.374542236328125, 0.9620308876037598], "k_pid_yaw": [0.5, 1e-06, 0.1], "k_pid_hsp": [0.18293094635009766, 0.9887075424194336, 1.0], "k_pid_vsp": [0.0, 400.0, 387.397216796875]}, "datetime": {"datetime": "2025-08-21 17:21:42", "elapsed": 31018.516255140305, "delta": 24.44601011276245}, "costs": {"total_cost": 3565.8500330066468, "time_cost": 150, "final_distance_cost": 1185.5952903434008, "oscillation_cost": 230.68009148607658, "completition_cost": 1000.0, "overshoot_cost": 953.8797243567876, "power_cost": 19.69788966064453, "noise_cost": 25.997037159736568, "n_waypoints_completed": 0, "tot_waypoints": 9}}
{"target": -10433.718813367499, "params": {"k_pid_pos": [2.0, 0.06648832559585571, 0.03288114070892334], "k_pid_alt": [0.07306158542633057, 0.0, 0.8880586624145508], "k_pid_att": [0.0, 9.503676414489746, 1.0], "k_pid_yaw": [0.5, 1e-06, 0.1], "k_pid_hsp": [0.1967698186635971, 1.0, 1.0], "k_pid_vsp": [50.96652603149414, 400.0, 400.0]}, "datetime": {"datetime": "2025-08-21 17:22:04", "elapsed": 31040.934938430786, "delta": 22.418683290481567}, "costs": {"total_cost": 10433.718813367499, "time_cost": 150, "final_distance_cost": 1592.610036146302, "oscillation_cost": 2243.1700702252474, "completition_cost": 1000.0, "overshoot_cost": 5308.509040533081, "power_cost": 35.2602305053711, "noise_cost": 104.16943595749704, "n_waypoints_completed": 0, "tot_waypoints": 9}}
{"target": -2209.334521025574, "params": {"k_pid_pos": [1.9901299476623535, 0.007320404052734375, 0.0], "k_pid_alt": [0.0, 0.0, 1.0], "k_pid_att": [4.714080810546875, 9.50648307800293, 1.0], "k_pid_yaw": [0.5, 1e-06, 0.1], "k_pid_hsp": [9.999999747378752e-05, 1.0, 0.9502074718475342], "k_pid_vsp": [0.0, 400.0, 388.0705261230469]}, "datetime": {"datetime": "2025-08-21 17:22:29", "elapsed": 31065.727653265, "delta": 24.792714834213257}, "costs": {"total_cost": 2209.334521025574, "time_cost": 150, "final_distance_cost": 441.48701270647217, "oscillation_cost": 172.1963710199608, "completition_cost": 1000.0, "overshoot_cost": 399.44490196027573, "power_cost": 19.375930639648438, "noise_cost": 26.830304699216835, "n_waypoints_completed": 0, "tot_waypoints": 9}}
{"target": -2710.708451305197, "params": {"k_pid_pos": [1.9776471853256226, 0.0018864274024963379, 0.0], "k_pid_alt": [0.008762717247009277, 0.0, 0.9497930407524109], "k_pid_att": [3.3051700592041016, 9.458471298217773, 1.0], "k_pid_yaw": [0.5, 1e-06, 0.1], "k_pid_hsp": [9.999999747378752e-05, 0.976943850517273, 1.0], "k_pid_vsp": [7.628333568572998, 392.472900390625, 381.616943359375]}, "datetime": {"datetime": "2025-08-21 17:22:53", "elapsed": 31089.485881090164, "delta": 23.758227825164795}, "costs": {"total_cost": 2710.708451305197, "time_cost": 150, "final_distance_cost": 517.2562284222952, "oscillation_cost": 256.79966986575744, "completition_cost": 1000.0, "overshoot_cost": 743.8192144216761, "power_cost": 18.737152148437502, "noise_cost": 24.096186447031123, "n_waypoints_completed": 0, "tot_waypoints": 9}}
{"target": -1752.2252864428117, "params": {"k_pid_pos": [1.9416992664337158, 0.0, 0.030329227447509766], "k_pid_alt": [0.0, 0.0, 1.0], "k_pid_att": [3.079497814178467, 10.0, 0.9178513288497925], "k_pid_yaw": [0.5, 1e-06, 0.1], "k_pid_hsp": [0.6088296175003052, 0.9753859639167786, 0.8953553438186646], "k_pid_vsp": [0.0, 400.0, 400.0]}, "datetime": {"datetime": "2025-08-21 17:23:17", "elapsed": 31113.860188007355, "delta": 24.37430691719055}, "costs": {"total_cost": 1752.2252864428117, "time_cost": 150, "final_distance_cost": 24.59200699591316, "oscillation_cost": 331.4538459063358, "completition_cost": 1000.0, "overshoot_cost": 168.8832797791122, "power_cost": 15.667457458496095, "noise_cost": 61.62869630295449, "n_waypoints_completed": 0, "tot_waypoints": 9}}
{"target": -1707.1483422928145, "params": {"k_pid_pos": [2.0, 0.0955568253993988, 0.0], "k_pid_alt": [0.08980488777160645, 0.04869586229324341, 1.0], "k_pid_att": [11.15085220336914, 10.0, 1.0], "k_pid_yaw": [0.5, 1e-06, 0.1], "k_pid_hsp": [0.8186814188957214, 1.0, 0.9469090104103088], "k_pid_vsp": [12.28644847869873, 367.6731262207031, 399.4866027832031]}, "datetime": {"datetime": "2025-08-21 17:23:40", "elapsed": 31137.381517648697, "delta": 23.521329641342163}, "costs": {"total_cost": 1707.1483422928145, "time_cost": 150, "final_distance_cost": 1.9897293266057345, "oscillation_cost": 333.27716001749553, "completition_cost": 1000.0, "overshoot_cost": 135.82011859496464, "power_cost": 21.205850683593752, "noise_cost": 64.85548367015463, "n_waypoints_completed": 0, "tot_waypoints": 9}}
{"target": -2263.4272429544894, "params": {"k_pid_pos": [1.8371555805206299, 0.04764726758003235, 0.0038491487503051758], "k_pid_alt": [0.0065956711769104, 0.0, 0.9506239295005798], "k_pid_att": [1.9085556268692017, 9.978116035461426, 0.9839428067207336], "k_pid_yaw": [0.5, 1e-06, 0.1], "k_pid_hsp": [9.999999747378752e-05, 0.9397788047790527, 0.9487842321395874], "k_pid_vsp": [0.0, 400.0, 393.6453857421875]}, "datetime": {"datetime": "2025-08-21 17:24:04", "elapsed": 31160.619403362274, "delta": 23.23788571357727}, "costs": {"total_cost": 2263.4272429544894, "time_cost": 150, "final_distance_cost": 133.67029618430564, "oscillation_cost": 475.67698853967715, "completition_cost": 1000.0, "overshoot_cost": 388.9942636564499, "power_cost": 28.52184686279297, "noise_cost": 86.56384771126336, "n_waypoints_completed": 0, "tot_waypoints": 9}}
{"target": -11140.330268536785, "params": {"k_pid_pos": [1.9657199382781982, 0.02501007914543152, 0.023760497570037842], "k_pid_alt": [0.0, 0.02132776379585266, 0.9826521873474121], "k_pid_att": [0.0, 9.674054145812988, 1.0], "k_pid_yaw": [0.5, 1e-06, 0.1], "k_pid_hsp": [0.1237521767616272, 1.0, 0.9963095188140869], "k_pid_vsp": [0.0, 397.3951721191406, 400.0]}, "datetime": {"datetime": "2025-08-21 17:24:28", "elapsed": 31185.44321322441, "delta": 24.82380986213684}, "costs": {"total_cost": 11140.330268536785, "time_cost": 150, "final_distance_cost": 3486.4349752098597, "oscillation_cost": 2083.060088457776, "completition_cost": 1000.0, "overshoot_cost": 4286.149386265617, "power_cost": 33.771134680175784, "noise_cost": 100.91468392335688, "n_waypoints_completed": 0, "tot_waypoints": 9}}
{"target": -9135.557139875851, "params": {"k_pid_pos": [2.0, 0.0, 0.043650418519973755], "k_pid_alt": [0.17952239513397217, 0.0, 1.0], "k_pid_att": [0.0, 9.765996932983398, 1.0], "k_pid_yaw": [0.5, 1e-06, 0.1], "k_pid_hsp": [0.1302955150604248, 0.9645276665687561, 1.0], "k_pid_vsp": [0.0, 400.0, 400.0]}, "datetime": {"datetime": "2025-08-21 17:24:52", "elapsed": 31209.41636657715, "delta": 23.973153352737427}, "costs": {"total_cost": 9135.557139875851, "time_cost": 150, "final_distance_cost": 1929.761917676417, "oscillation_cost": 1329.267539658256, "completition_cost": 1000.0, "overshoot_cost": 4592.5710871151405, "power_cost": 33.83340594482422, "noise_cost": 100.12318948121406, "n_waypoints_completed": 0, "tot_waypoints": 9}}
{"target": -9478.209562899629, "params": {"k_pid_pos": [2.0, 0.0, 0.005761057138442993], "k_pid_alt": [0.0, 0.04159858822822571, 0.9665942788124084], "k_pid_att": [0.0, 10.0, 0.915040910243988], "k_pid_yaw": [0.5, 1e-06, 0.1], "k_pid_hsp": [9.999999747378752e-05, 1.0, 0.9922640919685364], "k_pid_vsp": [7.319223880767822, 381.0345153808594, 395.5992736816406]}, "datetime": {"datetime": "2025-08-21 17:25:16", "elapsed": 31233.039890766144, "delta": 23.62352418899536}, "costs": {"total_cost": 9478.209562899629, "time_cost": 150, "final_distance_cost": 2820.123593232868, "oscillation_cost": 1903.5412447981635, "completition_cost": 1000.0, "overshoot_cost": 3472.0211533991283, "power_cost": 32.97116105957031, "noise_cost": 99.55241040989915, "n_waypoints_completed": 0, "tot_waypoints": 9}}
{"target": -5579.113265372304, "params": {"k_pid_pos": [2.0, 0.0, 0.048397600650787354], "k_pid_alt": [0.11828088760375977, 0.08219519257545471, 0.9981259107589722], "k_pid_att": [0.0, 10.0, 0.9901155233383179], "k_pid_yaw": [0.5, 1e-06, 0.1], "k_pid_hsp": [9.999999747378752e-05, 0.9477840662002563, 0.955312192440033], "k_pid_vsp": [0.0, 400.0, 384.82659912109375]}, "datetime": {"datetime": "2025-08-21 17:25:39", "elapsed": 31256.168255090714, "delta": 23.128364324569702}, "costs": {"total_cost": 5579.113265372304, "time_cost": 150, "final_distance_cost": 1167.9484019128145, "oscillation_cost": 903.5338145841994, "completition_cost": 1000.0, "overshoot_cost": 2232.6057959429518, "power_cost": 31.258482092285156, "noise_cost": 93.76677084005411, "n_waypoints_completed": 0, "tot_waypoints": 9}}
{"target": -1926.1942785626254, "params": {"k_pid_pos": [2.0, 0.0, 0.010304480791091919], "k_pid_alt": [0.0, 0.0, 0.8711445331573486], "k_pid_att": [2.1077423095703125, 10.0, 0.9121698141098022], "k_pid_yaw": [0.5, 1e-06, 0.1], "k_pid_hsp": [0.8883109092712402, 1.0, 1.0], "k_pid_vsp": [0.0, 382.3771057128906, 380.3194580078125]}, "datetime": {"datetime": "2025-08-21 17:26:02", "elapsed": 31279.40092086792, "delta": 23.23266577720642}, "costs": {"total_cost": 1926.1942785626254, "time_cost": 150, "final_distance_cost": 21.156130589185494, "oscillation_cost": 427.87809788471696, "completition_cost": 1000.0, "overshoot_cost": 243.76260235844435, "power_cost": 16.64532331542969, "noise_cost": 66.7521244148489, "n_waypoints_completed": 0, "tot_waypoints": 9}}
{"target": -7451.309988069281, "params": {"k_pid_pos": [1.9253605604171753, 0.03248247504234314, 0.06650584936141968], "k_pid_alt": [0.0, 0.0, 0.9280160665512085], "k_pid_att": [0.0, 10.0, 1.0], "k_pid_yaw": [0.5, 1e-06, 0.1], "k_pid_hsp": [9.999999747378752e-05, 0.9338568449020386, 1.0], "k_pid_vsp": [0.0, 400.0, 400.0]}, "datetime": {"datetime": "2025-08-21 17:26:26", "elapsed": 31303.372010946274, "delta": 23.971090078353882}, "costs": {"total_cost": 7451.309988069281, "time_cost": 150, "final_distance_cost": 1696.8310994832727, "oscillation_cost": 2183.7485818375426, "completition_cost": 1000.0, "overshoot_cost": 2304.0197161720853, "power_cost": 26.577363195800782, "noise_cost": 90.13322738057882, "n_waypoints_completed": 0, "tot_waypoints": 9}}
{"target": -2238.3346882020433, "params": {"k_pid_pos": [2.0, 0.0, 0.0], "k_pid_alt": [0.04111206531524658, 0.045859307050704956, 0.9488663673400879], "k_pid_att": [1.6842514276504517, 10.0, 0.9986954927444458], "k_pid_yaw": [0.5, 1e-06, 0.1], "k_pid_hsp": [0.035208575427532196, 0.9210566282272339, 1.0], "k_pid_vsp": [25.639677047729492, 394.9977722167969, 387.7815856933594]}, "datetime": {"datetime": "2025-08-21 17:26:50", "elapsed": 31327.35632801056, "delta": 23.98431706428528}, "costs": {"total_cost": 2238.3346882020433, "time_cost": 150, "final_distance_cost": 100.09373790584115, "oscillation_cost": 518.6042329722017, "completition_cost": 1000.0, "overshoot_cost": 349.90051324336645, "power_cost": 30.179646301269532, "noise_cost": 89.55655777936475, "n_waypoints_completed": 0, "tot_waypoints": 9}}
{"target": -2131.78071685742, "params": {"k_pid_pos": [2.0, 0.0, 0.024963945150375366], "k_pid_alt": [0.0, 0.021918028593063354, 0.9744021892547607], "k_pid_att": [1.4256149530410767, 9.744489669799805, 0.9853417873382568], "k_pid_yaw": [0.5, 1e-06, 0.1], "k_pid_hsp": [0.07720498740673065, 1.0, 1.0], "k_pid_vsp": [0.0, 389.3542175292969, 389.1674499511719]}, "datetime": {"datetime": "2025-08-21 17:27:14", "elapsed": 31351.166954278946, "delta": 23.81062626838684}, "costs": {"total_cost": 2131.78071685742, "time_cost": 150, "final_distance_cost": 33.44599535126369, "oscillation_cost": 614.5996821675336, "completition_cost": 1000.0, "overshoot_cost": 213.6248804096667, "power_cost": 29.963237646484377, "noise_cost": 90.14692128247135, "n_waypoints_completed": 0, "tot_waypoints": 9}}
{"target": -10636.806849514776, "params": {"k_pid_pos": [1.944909930229187, 0.014381229877471924, 0.07387685775756836], "k_pid_alt": [0.014453411102294922, 0.0036809146404266357, 0.8857139945030212], "k_pid_att": [0.0, 9.540173530578613, 0.9996241927146912], "k_pid_yaw": [0.5, 1e-06, 0.1], "k_pid_hsp": [9.999999747378752e-05, 1.0, 0.935518741607666], "k_pid_vsp": [0.0, 390.4710388183594, 388.0962829589844]}, "datetime": {"datetime": "2025-08-21 17:27:38", "elapsed": 31375.019073963165, "delta": 23.85211968421936}, "costs": {"total_cost": 10636.806849514776, "time_cost": 150, "final_distance_cost": 3097.4836857175924, "oscillation_cost": 634.8718380391326, "completition_cost": 1000.0, "overshoot_cost": 5633.864866660212, "power_cost": 30.17787281494141, "noise_cost": 90.40858628289764, "n_waypoints_completed": 0, "tot_waypoints": 9}}
{"target": -1723.071904754477, "params": {"k_pid_pos": [1.9243276119232178, 0.0, 0.021583586931228638], "k_pid_alt": [0.0, 0.0, 0.9922038912773132], "k_pid_att": [8.907050132751465, 10.0, 0.9510877132415771], "k_pid_yaw": [0.5, 1e-06, 0.1], "k_pid_hsp": [9.999999747378752e-05, 0.9963768124580383, 1.0], "k_pid_vsp": [0.0, 400.0, 380.65374755859375]}, "datetime": {"datetime": "2025-08-21 17:28:01", "elapsed": 31397.82227754593, "delta": 22.803203582763672}, "costs": {"total_cost": 1723.071904754477, "time_cost": 150, "final_distance_cost": 33.569282546466496, "oscillation_cost": 333.2910977449549, "completition_cost": 1000.0, "overshoot_cost": 132.38875296901261, "power_cost": 19.03483474121094, "noise_cost": 54.787936752832046, "n_waypoints_completed": 0, "tot_waypoints": 9}}
{"target": -6463.423673528548, "params": {"k_pid_pos": [2.0, 0.0, 0.062457919120788574], "k_pid_alt": [0.04331505298614502, 0.025594085454940796, 1.0], "k_pid_att": [0.0, 10.0, 1.0], "k_pid_yaw": [0.5, 1e-06, 0.1], "k_pid_hsp": [9.999999747378752e-05, 1.0, 1.0], "k_pid_vsp": [1.0434865951538086, 392.40966796875, 386.32708740234375]}, "datetime": {"datetime": "2025-08-21 17:28:25", "elapsed": 31421.64326620102, "delta": 23.820988655090332}, "costs": {"total_cost": 6463.423673528548, "time_cost": 150, "final_distance_cost": 1206.8350333678895, "oscillation_cost": 1993.2561084250917, "completition_cost": 1000.0, "overshoot_cost": 1989.2346194277172, "power_cost": 30.43168874511719, "noise_cost": 93.66622356273318, "n_waypoints_completed": 0, "tot_waypoints": 9}}
{"target": -3686.294692304053, "params": {"k_pid_pos": [2.0, 0.0, 0.0], "k_pid_alt": [0.24399995803833008, 0.0, 0.9667061567306519], "k_pid_att": [0.0, 9.146885871887207, 1.0], "k_pid_yaw": [0.5, 1e-06, 0.1], "k_pid_hsp": [9.999999747378752e-05, 0.9791823029518127, 0.9551892876625061], "k_pid_vsp": [15.392851829528809, 386.9285583496094, 399.847900390625]}, "datetime": {"datetime": "2025-08-21 17:28:49", "elapsed": 31445.53503513336, "delta": 23.89176893234253}, "costs": {"total_cost": 3686.294692304053, "time_cost": 150, "final_distance_cost": 316.6413423017603, "oscillation_cost": 1148.3279496107039, "completition_cost": 1000.0, "overshoot_cost": 942.7050649056467, "power_cost": 32.07556467285156, "noise_cost": 96.54477081309062, "n_waypoints_completed": 0, "tot_waypoints": 9}}
{"target": -5907.64963921245, "params": {"k_pid_pos": [2.0, 0.0, 0.02803894877433777], "k_pid_alt": [0.0, 0.0, 0.9455913305282593], "k_pid_att": [0.0, 10.0, 1.0], "k_pid_yaw": [0.5, 1e-06, 0.1], "k_pid_hsp": [0.15476326644420624, 1.0, 1.0], "k_pid_vsp": [28.48973274230957, 400.0, 374.3707580566406]}, "datetime": {"datetime": "2025-08-21 17:29:12", "elapsed": 31469.46503305435, "delta": 23.92999792098999}, "costs": {"total_cost": 5907.64963921245, "time_cost": 150, "final_distance_cost": 1102.2708535861668, "oscillation_cost": 1062.258760065786, "completition_cost": 1000.0, "overshoot_cost": 2501.669681829024, "power_cost": 18.569065173339844, "noise_cost": 72.88127855813347, "n_waypoints_completed": 0, "tot_waypoints": 9}}
{"target": -1662.7732794414842, "params": {"k_pid_pos": [2.0, 0.0, 0.11328145861625671], "k_pid_alt": [0.09616518020629883, 0.0, 0.8739042282104492], "k_pid_att": [3.598982095718384, 9.374471664428711, 0.9753720760345459], "k_pid_yaw": [0.5, 1e-06, 0.1], "k_pid_hsp": [0.19727495312690735, 1.0, 1.0], "k_pid_vsp": [14.26684856414795, 387.03350830078125, 400.0]}, "datetime": {"datetime": "2025-08-21 17:29:37", "elapsed": 31493.78867173195, "delta": 24.323638677597046}, "costs": {"total_cost": 1662.7732794414842, "time_cost": 150, "final_distance_cost": 47.18653087925388, "oscillation_cost": 325.2823687771071, "completition_cost": 1000.0, "overshoot_cost": 83.65459146882242, "power_cost": 21.798229248046876, "noise_cost": 34.85155906825389, "n_waypoints_completed": 0, "tot_waypoints": 9}}
{"target": -9645.3766771935, "params": {"k_pid_pos": [1.998062252998352, 0.0, 0.0002465248107910156], "k_pid_alt": [0.0, 0.0, 0.9850646257400513], "k_pid_att": [0.0, 10.0, 1.0], "k_pid_yaw": [0.5, 1e-06, 0.1], "k_pid_hsp": [9.999999747378752e-05, 1.0, 1.0], "k_pid_vsp": [0.0, 400.0, 394.29779052734375]}, "datetime": {"datetime": "2025-08-21 17:30:01", "elapsed": 31517.956040143967, "delta": 24.167368412017822}, "costs": {"total_cost": 9645.3766771935, "time_cost": 150, "final_distance_cost": 2734.066686888664, "oscillation_cost": 589.0624947497311, "completition_cost": 1000.0, "overshoot_cost": 5090.933894737027, "power_cost": 16.00785653076172, "noise_cost": 65.30574428731522, "n_waypoints_completed": 0, "tot_waypoints": 9}}
{"target": -10908.340785009661, "params": {"k_pid_pos": [2.0, 0.07533690333366394, 0.023861289024353027], "k_pid_alt": [0.12239617109298706, 0.012576669454574585, 0.9749329090118408], "k_pid_att": [0.0, 10.0, 1.0], "k_pid_yaw": [0.5, 1e-06, 0.1], "k_pid_hsp": [9.999999747378752e-05, 0.96244215965271, 0.9645352363586426], "k_pid_vsp": [0.0, 400.0, 368.7037048339844]}, "datetime": {"datetime": "2025-08-21 17:30:24", "elapsed": 31540.9228014946, "delta": 22.966761350631714}, "costs": {"total_cost": 10908.340785009661, "time_cost": 150, "final_distance_cost": 1874.2790163299899, "oscillation_cost": 1804.1480026266704, "completition_cost": 1000.0, "overshoot_cost": 5947.171386341243, "power_cost": 33.1609023803711, "noise_cost": 99.5814773313872, "n_waypoints_completed": 0, "tot_waypoints": 9}}
