{"target": -2363.857817285711, "params": {"k_pid_pos": [1.987700343132019, 0.04278215765953064, 0.0], "k_pid_alt": [0.0, 0.0046117305755615234, 0.9531625509262085], "k_pid_att": [1.116800308227539, 9.986099243164062, 1.0], "k_pid_yaw": [0.5, 1e-06, 0.1], "k_pid_hsp": [9.999999747378752e-05, 1.0, 0.9860340356826782], "k_pid_vsp": [18.565797805786133, 400.0, 394.9429016113281]}, "datetime": {"datetime": "2025-08-21 09:23:28", "elapsed": 2324.677725315094, "delta": 27.75358486175537}, "costs": {"total_cost": 2363.857817285711, "time_cost": 150, "final_distance_cost": 130.0393858515095, "oscillation_cost": 673.8037851164639, "completition_cost": 1000.0, "overshoot_cost": 284.9942355068002, "power_cost": 31.459408837890628, "noise_cost": 93.56100197304644, "n_waypoints_completed": 0, "tot_waypoints": 9}}
{"target": -6137.007421915426, "params": {"k_pid_pos": [2.0, 0.0, 0.04654955863952637], "k_pid_alt": [0.0, 0.0, 0.9308737516403198], "k_pid_att": [0.0, 10.0, 0.9833834171295166], "k_pid_yaw": [0.5, 1e-06, 0.1], "k_pid_hsp": [0.11990741640329361, 0.9869381189346313, 1.0], "k_pid_vsp": [11.652684211730957, 383.0254211425781, 400.0]}, "datetime": {"datetime": "2025-08-21 09:23:53", "elapsed": 2350.122551679611, "delta": 25.444826364517212}, "costs": {"total_cost": 6137.007421915426, "time_cost": 150, "final_distance_cost": 842.9045308674994, "oscillation_cost": 1682.8748975500787, "completition_cost": 1000.0, "overshoot_cost": 2351.127908776898, "power_cost": 24.65768084716797, "noise_cost": 85.44240387378198, "n_waypoints_completed": 0, "tot_waypoints": 9}}
{"target": -2126.4420253628587, "params": {"k_pid_pos": [2.0, 0.0, 0.018476277589797974], "k_pid_alt": [0.03775709867477417, 0.0, 1.0], "k_pid_att": [1.382860541343689, 9.820838928222656, 1.0], "k_pid_yaw": [0.5, 1e-06, 0.1], "k_pid_hsp": [9.999999747378752e-05, 1.0, 0.970447838306427], "k_pid_vsp": [10.18623161315918, 382.6343078613281, 400.0]}, "datetime": {"datetime": "2025-08-21 09:24:23", "elapsed": 2380.0595824718475, "delta": 29.937030792236328}, "costs": {"total_cost": 2126.4420253628587, "time_cost": 150, "final_distance_cost": 34.692768128658415, "oscillation_cost": 633.675153740266, "completition_cost": 1000.0, "overshoot_cost": 182.5136647528736, "power_cost": 31.568002868652346, "noise_cost": 93.99243587240807, "n_waypoints_completed": 0, "tot_waypoints": 9}}
{"target": -1730.472616011274, "params": {"k_pid_pos": [2.0, 0.0, 0.0], "k_pid_alt": [0.05797851085662842, 0.0, 0.9467428922653198], "k_pid_att": [4.311579704284668, 10.0, 1.0], "k_pid_yaw": [0.5, 1e-06, 0.1], "k_pid_hsp": [9.999999747378752e-05, 1.0, 1.0], "k_pid_vsp": [20.160425186157227, 393.6520690917969, 400.0]}, "datetime": {"datetime": "2025-08-21 09:24:54", "elapsed": 2411.1254773139954, "delta": 31.065894842147827}, "costs": {"total_cost": 1730.472616011274, "time_cost": 150, "final_distance_cost": 38.95193730087933, "oscillation_cost": 286.3698774856494, "completition_cost": 1000.0, "overshoot_cost": 169.60372512871757, "power_cost": 20.40325224609375, "noise_cost": 65.14382384993425, "n_waypoints_completed": 0, "tot_waypoints": 9}}
{"target": -1983.4698425991476, "params": {"k_pid_pos": [1.880859613418579, 0.045327723026275635, 0.04419451951980591], "k_pid_alt": [0.051047325134277344, 0.0, 0.9625282287597656], "k_pid_att": [5.158537864685059, 9.484848976135254, 0.9570529460906982], "k_pid_yaw": [0.5, 1e-06, 0.1], "k_pid_hsp": [9.999999747378752e-05, 1.0, 0.9303337335586548], "k_pid_vsp": [30.587505340576172, 398.6340637207031, 383.0830993652344]}, "datetime": {"datetime": "2025-08-21 09:25:20", "elapsed": 2437.4649498462677, "delta": 26.33947253227234}, "costs": {"total_cost": 1983.4698425991476, "time_cost": 150, "final_distance_cost": 286.4032806200028, "oscillation_cost": 115.61912860047084, "completition_cost": 1000.0, "overshoot_cost": 401.4650154625037, "power_cost": 16.32794490966797, "noise_cost": 13.654473006502005, "n_waypoints_completed": 0, "tot_waypoints": 9}}
{"target": -1635.1001276068919, "params": {"k_pid_pos": [2.0, 0.0, 0.01935720443725586], "k_pid_alt": [0.14375841617584229, 0.0, 0.9875451326370239], "k_pid_att": [6.05141544342041, 10.0, 0.959491491317749], "k_pid_yaw": [0.5, 1e-06, 0.1], "k_pid_hsp": [0.45812997221946716, 1.0, 0.9893363118171692], "k_pid_vsp": [0.0, 400.0, 394.1603088378906]}, "datetime": {"datetime": "2025-08-21 09:25:49", "elapsed": 2465.538328409195, "delta": 28.073378562927246}, "costs": {"total_cost": 1635.1001276068919, "time_cost": 150, "final_distance_cost": 27.98002345054717, "oscillation_cost": 283.04534667574734, "completition_cost": 1000.0, "overshoot_cost": 113.85917374411319, "power_cost": 19.83794543457031, "noise_cost": 40.377638301913926, "n_waypoints_completed": 0, "tot_waypoints": 9}}
{"target": -18320.17029437323, "params": {"k_pid_pos": [1.9571548700332642, 0.0, 0.007619142532348633], "k_pid_alt": [0.0, 0.009072542190551758, 1.0], "k_pid_att": [0.0, 9.732934951782227, 0.8999341726303101], "k_pid_yaw": [0.5, 1e-06, 0.1], "k_pid_hsp": [9.999999747378752e-05, 1.0, 1.0], "k_pid_vsp": [24.936426162719727, 400.0, 388.6334533691406]}, "datetime": {"datetime": "2025-08-21 09:26:14", "elapsed": 2490.5464646816254, "delta": 25.00813627243042}, "costs": {"total_cost": 18320.17029437323, "time_cost": 150, "final_distance_cost": 5671.317957811064, "oscillation_cost": 1988.0206862279053, "completition_cost": 1000.0, "overshoot_cost": 9373.663117613869, "power_cost": 34.557952294921876, "noise_cost": 102.61058042546853, "n_waypoints_completed": 0, "tot_waypoints": 9}}
{"target": -2953.4684843704217, "params": {"k_pid_pos": [1.981115698814392, 0.0159456729888916, 0.0], "k_pid_alt": [0.07958483695983887, 0.012789905071258545, 1.0], "k_pid_att": [0.5591541528701782, 10.0, 1.0], "k_pid_yaw": [0.5, 1e-06, 0.1], "k_pid_hsp": [9.999999747378752e-05, 0.9513252377510071, 1.0], "k_pid_vsp": [2.7049660682678223, 386.6530456542969, 400.0]}, "datetime": {"datetime": "2025-08-21 09:26:44", "elapsed": 2520.642760038376, "delta": 30.09629535675049}, "costs": {"total_cost": 2953.4684843704217, "time_cost": 150, "final_distance_cost": 335.7904068866682, "oscillation_cost": 782.0399144764817, "completition_cost": 1000.0, "overshoot_cost": 561.544911226875, "power_cost": 31.01016025390625, "noise_cost": 93.08309152649065, "n_waypoints_completed": 0, "tot_waypoints": 9}}
{"target": -1666.2918816455974, "params": {"k_pid_pos": [2.0, 0.0, 0.0], "k_pid_alt": [0.0, 0.04839411377906799, 1.0], "k_pid_att": [6.5120368003845215, 10.0, 0.961317777633667], "k_pid_yaw": [0.5, 1e-06, 0.1], "k_pid_hsp": [9.999999747378752e-05, 0.9556556940078735, 1.0], "k_pid_vsp": [0.0, 396.0355224609375, 400.0]}, "datetime": {"datetime": "2025-08-21 09:27:11", "elapsed": 2547.7738523483276, "delta": 27.131092309951782}, "costs": {"total_cost": 1666.2918816455974, "time_cost": 150, "final_distance_cost": 215.04444589404403, "oscillation_cost": 203.74568425921888, "completition_cost": 888.8888888888888, "overshoot_cost": 177.66900804178997, "power_cost": 16.66477976074219, "noise_cost": 14.279074800913612, "n_waypoints_completed": 1, "tot_waypoints": 9}}
{"target": -2419.297563565904, "params": {"k_pid_pos": [1.851007103919983, 0.0, 0.0], "k_pid_alt": [0.1193535327911377, 0.01739048957824707, 0.9399186968803406], "k_pid_att": [4.473095893859863, 9.367563247680664, 0.9599862098693848], "k_pid_yaw": [0.5, 1e-06, 0.1], "k_pid_hsp": [9.999999747378752e-05, 0.9914498329162598, 1.0], "k_pid_vsp": [21.48777198791504, 400.0, 400.0]}, "datetime": {"datetime": "2025-08-21 09:27:40", "elapsed": 2577.1222217082977, "delta": 29.348369359970093}, "costs": {"total_cost": 2419.297563565904, "time_cost": 150, "final_distance_cost": 500.44057886050376, "oscillation_cost": 141.40478395275352, "completition_cost": 1000.0, "overshoot_cost": 593.5796775867992, "power_cost": 18.679856201171877, "noise_cost": 15.192666964675345, "n_waypoints_completed": 0, "tot_waypoints": 9}}
{"target": -7024.413569914341, "params": {"k_pid_pos": [1.872084140777588, 0.003420591354370117, 0.0], "k_pid_alt": [0.2186274528503418, 0.0, 1.0], "k_pid_att": [0.0, 10.0, 0.959786593914032], "k_pid_yaw": [0.5, 1e-06, 0.1], "k_pid_hsp": [0.18896794319152832, 1.0, 1.0], "k_pid_vsp": [7.077813148498535, 400.0, 400.0]}, "datetime": {"datetime": "2025-08-21 09:28:08", "elapsed": 2604.7518429756165, "delta": 27.629621267318726}, "costs": {"total_cost": 7024.413569914341, "time_cost": 150, "final_distance_cost": 486.09848504516793, "oscillation_cost": 2223.371741558149, "completition_cost": 1000.0, "overshoot_cost": 3027.3379837356824, "power_cost": 34.6247349609375, "noise_cost": 102.98062461440342, "n_waypoints_completed": 0, "tot_waypoints": 9}}
{"target": -5056.261495925011, "params": {"k_pid_pos": [2.0, 0.0, 0.0], "k_pid_alt": [0.14776307344436646, 0.032927632331848145, 1.0], "k_pid_att": [8.651947975158691, 10.0, 1.0], "k_pid_yaw": [0.5, 1e-06, 0.1], "k_pid_hsp": [0.8388928771018982, 1.0, 0.9248816967010498], "k_pid_vsp": [0.0, 400.0, 392.5726013183594]}, "datetime": {"datetime": "2025-08-21 09:28:39", "elapsed": 2635.78985953331, "delta": 31.03801655769348}, "costs": {"total_cost": 5056.261495925011, "time_cost": 150, "final_distance_cost": 1427.5268315891396, "oscillation_cost": 260.8180345580281, "completition_cost": 1000.0, "overshoot_cost": 2185.1725820739225, "power_cost": 16.564117980957032, "noise_cost": 16.179929722964307, "n_waypoints_completed": 0, "tot_waypoints": 9}}
{"target": -20071.4519368831, "params": {"k_pid_pos": [2.0, 0.023866266012191772, 0.0], "k_pid_alt": [0.0, 0.013729363679885864, 1.0], "k_pid_att": [0.0, 10.0, 1.0], "k_pid_yaw": [0.5, 1e-06, 0.1], "k_pid_hsp": [0.2278953492641449, 1.0, 0.9032524824142456], "k_pid_vsp": [10.258650779724121, 382.0461730957031, 398.8900146484375]}, "datetime": {"datetime": "2025-08-21 09:29:08", "elapsed": 2664.574903011322, "delta": 28.785043478012085}, "costs": {"total_cost": 20071.4519368831, "time_cost": 150, "final_distance_cost": 6325.236393620763, "oscillation_cost": 2173.3563039622572, "completition_cost": 1000.0, "overshoot_cost": 10284.710377194067, "power_cost": 34.79304273681641, "noise_cost": 103.35581936919424, "n_waypoints_completed": 0, "tot_waypoints": 9}}
{"target": -2039.5626635275694, "params": {"k_pid_pos": [1.9937855005264282, 0.052291303873062134, 0.049012213945388794], "k_pid_alt": [0.0, 0.0, 0.9928123950958252], "k_pid_att": [7.720670223236084, 9.553812026977539, 1.0], "k_pid_yaw": [0.5, 1e-06, 0.1], "k_pid_hsp": [0.4586896598339081, 0.9646121859550476, 0.9685579538345337], "k_pid_vsp": [26.89582061767578, 375.26751708984375, 386.0506591796875]}, "datetime": {"datetime": "2025-08-21 09:29:34", "elapsed": 2691.0136687755585, "delta": 26.43876576423645}, "costs": {"total_cost": 2039.5626635275694, "time_cost": 150, "final_distance_cost": 392.3279664469968, "oscillation_cost": 226.75043807832134, "completition_cost": 888.8888888888888, "overshoot_cost": 338.9964990879705, "power_cost": 15.981241479492189, "noise_cost": 26.61762954589996, "n_waypoints_completed": 1, "tot_waypoints": 9}}
{"target": -7052.147975773477, "params": {"k_pid_pos": [2.0, 0.0, 0.013664424419403076], "k_pid_alt": [0.01090472936630249, 0.0, 1.0], "k_pid_att": [8.229530334472656, 10.0, 0.9191496968269348], "k_pid_yaw": [0.5, 1e-06, 0.1], "k_pid_hsp": [1.249819278717041, 0.9146674871444702, 0.9190745949745178], "k_pid_vsp": [0.0, 381.1667785644531, 400.0]}, "datetime": {"datetime": "2025-08-21 09:30:13", "elapsed": 2729.7604043483734, "delta": 38.74673557281494}, "costs": {"total_cost": 7052.147975773477, "time_cost": 150, "final_distance_cost": 2176.2849465762783, "oscillation_cost": 242.15665585538304, "completition_cost": 1000.0, "overshoot_cost": 3445.6176371700644, "power_cost": 19.89535983886719, "noise_cost": 18.193376332884053, "n_waypoints_completed": 0, "tot_waypoints": 9}}
{"target": -12488.300444425819, "params": {"k_pid_pos": [1.9925044775009155, 0.0, 0.0], "k_pid_alt": [0.0, 0.01639297604560852, 1.0], "k_pid_att": [0.0, 9.878656387329102, 0.9738138318061829], "k_pid_yaw": [0.5, 1e-06, 0.1], "k_pid_hsp": [0.4758121073246002, 0.9296166896820068, 1.0], "k_pid_vsp": [0.0, 400.0, 400.0]}, "datetime": {"datetime": "2025-08-21 09:30:43", "elapsed": 2759.740432024002, "delta": 29.980027675628662}, "costs": {"total_cost": 12488.300444425819, "time_cost": 150, "final_distance_cost": 3498.058724762283, "oscillation_cost": 650.9789513141951, "completition_cost": 1000.0, "overshoot_cost": 7059.401859418872, "power_cost": 32.782028076171876, "noise_cost": 97.07888085429649, "n_waypoints_completed": 0, "tot_waypoints": 9}}
{"target": -2229.145928826156, "params": {"k_pid_pos": [1.7603448629379272, 0.03298753499984741, 0.056816935539245605], "k_pid_alt": [0.16477543115615845, 0.06205150485038757, 0.9195916652679443], "k_pid_att": [1.874542236328125, 8.40086841583252, 0.9785347580909729], "k_pid_yaw": [0.5, 1e-06, 0.1], "k_pid_hsp": [9.999999747378752e-05, 1.0, 1.0], "k_pid_vsp": [1.8614530563354492, 400.0, 384.1722106933594]}, "datetime": {"datetime": "2025-08-21 09:31:16", "elapsed": 2792.60049366951, "delta": 32.86006164550781}, "costs": {"total_cost": 2229.145928826156, "time_cost": 150, "final_distance_cost": 142.18729575540917, "oscillation_cost": 409.7292989572081, "completition_cost": 1000.0, "overshoot_cost": 401.06085074173296, "power_cost": 31.720417785644532, "noise_cost": 94.44806558616092, "n_waypoints_completed": 0, "tot_waypoints": 9}}
{"target": -3191.018708740536, "params": {"k_pid_pos": [2.0, 0.013985216617584229, 0.04324731230735779], "k_pid_alt": [0.0058803558349609375, 0.0, 1.0], "k_pid_att": [0.0, 9.66638469696045, 1.0], "k_pid_yaw": [0.5, 1e-06, 0.1], "k_pid_hsp": [9.999999747378752e-05, 1.0, 0.9902032613754272], "k_pid_vsp": [18.524635314941406, 392.11505126953125, 386.2818603515625]}, "datetime": {"datetime": "2025-08-21 09:31:41", "elapsed": 2818.0184371471405, "delta": 25.417943477630615}, "costs": {"total_cost": 3191.018708740536, "time_cost": 150, "final_distance_cost": 243.7476760410296, "oscillation_cost": 1005.7787408430597, "completition_cost": 1000.0, "overshoot_cost": 663.3878049338596, "power_cost": 31.81879128417969, "noise_cost": 96.28569563840777, "n_waypoints_completed": 0, "tot_waypoints": 9}}
{"target": -7860.875765791638, "params": {"k_pid_pos": [1.9428231716156006, 0.0028963983058929443, 0.0], "k_pid_alt": [0.07267212867736816, 0.03945949673652649, 0.9764201641082764], "k_pid_att": [0.0, 9.864426612854004, 0.9907415509223938], "k_pid_yaw": [0.5, 1e-06, 0.1], "k_pid_hsp": [9.999999747378752e-05, 0.96800696849823, 1.0], "k_pid_vsp": [0.0, 400.0, 400.0]}, "datetime": {"datetime": "2025-08-21 09:32:11", "elapsed": 2848.0658237934113, "delta": 30.047386646270752}, "costs": {"total_cost": 7860.875765791638, "time_cost": 150, "final_distance_cost": 1597.8819848020876, "oscillation_cost": 1176.8527346991632, "completition_cost": 1000.0, "overshoot_cost": 3809.6365982365046, "power_cost": 31.45082578125, "noise_cost": 95.0536222726313, "n_waypoints_completed": 0, "tot_waypoints": 9}}
{"target": -1957.762954291056, "params": {"k_pid_pos": [2.0, 0.09288203716278076, 0.0], "k_pid_alt": [0.07738065719604492, 0.0, 1.0], "k_pid_att": [4.693567752838135, 9.869473457336426, 0.9655497074127197], "k_pid_yaw": [0.5, 1e-06, 0.1], "k_pid_hsp": [9.999999747378752e-05, 0.9072579145431519, 1.0], "k_pid_vsp": [0.0, 400.0, 352.67034912109375]}, "datetime": {"datetime": "2025-08-21 09:32:37", "elapsed": 2874.2261147499084, "delta": 26.160290956497192}, "costs": {"total_cost": 1957.762954291056, "time_cost": 150, "final_distance_cost": 337.70053732666094, "oscillation_cost": 200.41767754378355, "completition_cost": 1000.0, "overshoot_cost": 233.80231481661917, "power_cost": 17.201662463378906, "noise_cost": 18.640762140613646, "n_waypoints_completed": 0, "tot_waypoints": 9}}
{"target": -1916.1693221556652, "params": {"k_pid_pos": [2.0, 0.04426565766334534, 0.011687368154525757], "k_pid_alt": [0.038659632205963135, 0.04562884569168091, 1.0], "k_pid_att": [2.0003557205200195, 9.768611907958984, 0.9531849026679993], "k_pid_yaw": [0.5, 1e-06, 0.1], "k_pid_hsp": [9.999999747378752e-05, 1.0, 1.0], "k_pid_vsp": [4.485905170440674, 400.0, 392.54888916015625]}, "datetime": {"datetime": "2025-08-21 09:33:05", "elapsed": 2902.1226937770844, "delta": 27.896579027175903}, "costs": {"total_cost": 1916.1693221556652, "time_cost": 150, "final_distance_cost": 24.536293532982636, "oscillation_cost": 460.5312342506568, "completition_cost": 1000.0, "overshoot_cost": 169.33044453171132, "power_cost": 27.931309497070313, "noise_cost": 83.84004034324425, "n_waypoints_completed": 0, "tot_waypoints": 9}}
{"target": -6959.708988619785, "params": {"k_pid_pos": [2.0, 0.01736888289451599, 0.04158198833465576], "k_pid_alt": [0.0, 0.047890156507492065, 0.9757477045059204], "k_pid_att": [0.0, 10.0, 0.9094162583351135], "k_pid_yaw": [0.5, 1e-06, 0.1], "k_pid_hsp": [9.999999747378752e-05, 0.9642897844314575, 1.0], "k_pid_vsp": [16.47329330444336, 380.9912109375, 389.79864501953125]}, "datetime": {"datetime": "2025-08-21 09:33:34", "elapsed": 2930.6412420272827, "delta": 28.518548250198364}, "costs": {"total_cost": 6959.708988619785, "time_cost": 150, "final_distance_cost": 552.2461800633836, "oscillation_cost": 2164.1087054110103, "completition_cost": 1000.0, "overshoot_cost": 2958.4190973006184, "power_cost": 33.92960412597657, "noise_cost": 101.00540171879551, "n_waypoints_completed": 0, "tot_waypoints": 9}}
{"target": -5152.9642321080755, "params": {"k_pid_pos": [1.973941445350647, 0.03941956162452698, 0.0], "k_pid_alt": [0.03141993284225464, 0.03635469079017639, 0.9559378623962402], "k_pid_att": [0.0, 10.0, 1.0], "k_pid_yaw": [0.5, 1e-06, 0.1], "k_pid_hsp": [0.26383835077285767, 0.9538307785987854, 0.963367223739624], "k_pid_vsp": [0.0, 389.02838134765625, 400.0]}, "datetime": {"datetime": "2025-08-21 09:33:59", "elapsed": 2956.4087314605713, "delta": 25.767489433288574}, "costs": {"total_cost": 5152.9642321080755, "time_cost": 150, "final_distance_cost": 506.7544295391471, "oscillation_cost": 2275.7734129305873, "completition_cost": 1000.0, "overshoot_cost": 1113.7034673147637, "power_cost": 28.970185583496097, "noise_cost": 77.76273674008122, "n_waypoints_completed": 0, "tot_waypoints": 9}}
{"target": -1694.0463771238772, "params": {"k_pid_pos": [2.0, 0.0, 0.019069522619247437], "k_pid_alt": [0.007057130336761475, 0.0, 0.9332183599472046], "k_pid_att": [7.835370063781738, 9.671939849853516, 0.8942042589187622], "k_pid_yaw": [0.5, 1e-06, 0.1], "k_pid_hsp": [0.6180795431137085, 1.0, 1.0], "k_pid_vsp": [24.474096298217773, 400.0, 400.0]}, "datetime": {"datetime": "2025-08-21 09:34:29", "elapsed": 2986.0766892433167, "delta": 29.66795778274536}, "costs": {"total_cost": 1694.0463771238772, "time_cost": 150, "final_distance_cost": 2.500220928230024, "oscillation_cost": 322.3485844113082, "completition_cost": 1000.0, "overshoot_cost": 137.11765081973851, "power_cost": 19.856009875488283, "noise_cost": 62.223911089112036, "n_waypoints_completed": 0, "tot_waypoints": 9}}
{"target": -13705.197430667755, "params": {"k_pid_pos": [1.948372483253479, 0.029493272304534912, 0.0], "k_pid_alt": [0.0002478361129760742, 0.0, 0.958433985710144], "k_pid_att": [0.0, 10.0, 0.9694530963897705], "k_pid_yaw": [0.5, 1e-06, 0.1], "k_pid_hsp": [9.999999747378752e-05, 1.0, 0.9560982584953308], "k_pid_vsp": [21.85409164428711, 400.0, 375.4302978515625]}, "datetime": {"datetime": "2025-08-21 09:34:57", "elapsed": 3013.99484539032, "delta": 27.918156147003174}, "costs": {"total_cost": 13705.197430667755, "time_cost": 150, "final_distance_cost": 4776.985265874955, "oscillation_cost": 1843.4117416429904, "completition_cost": 1000.0, "overshoot_cost": 5801.8039609108355, "power_cost": 33.27267108154297, "noise_cost": 99.72379115743217, "n_waypoints_completed": 0, "tot_waypoints": 9}}
{"target": -1633.520644426073, "params": {"k_pid_pos": [1.8927477598190308, 0.0, 0.0], "k_pid_alt": [0.0, 0.025283008813858032, 0.9863122701644897], "k_pid_att": [3.995492935180664, 10.0, 0.958355188369751], "k_pid_yaw": [0.5, 1e-06, 0.1], "k_pid_hsp": [9.999999747378752e-05, 1.0, 0.9591028690338135], "k_pid_vsp": [30.441617965698242, 400.0, 383.8578186035156]}, "datetime": {"datetime": "2025-08-21 09:35:26", "elapsed": 3042.529684305191, "delta": 28.534838914871216}, "costs": {"total_cost": 1633.520644426073, "time_cost": 150, "final_distance_cost": 5.8359849924202445, "oscillation_cost": 271.38569087085625, "completition_cost": 1000.0, "overshoot_cost": 156.99014422685073, "power_cost": 19.7763484375, "noise_cost": 29.53247589844568, "n_waypoints_completed": 0, "tot_waypoints": 9}}
{"target": -6013.70977569117, "params": {"k_pid_pos": [2.0, 0.0, 0.0], "k_pid_alt": [0.0, 0.050888270139694214, 1.0], "k_pid_att": [0.0, 10.0, 0.9556573629379272], "k_pid_yaw": [0.5, 1e-06, 0.1], "k_pid_hsp": [0.2881740927696228, 1.0, 1.0], "k_pid_vsp": [6.810033321380615, 400.0, 381.48284912109375]}, "datetime": {"datetime": "2025-08-21 09:35:50", "elapsed": 3067.4471809864044, "delta": 24.91749668121338}, "costs": {"total_cost": 6013.70977569117, "time_cost": 150, "final_distance_cost": 882.7166260888804, "oscillation_cost": 2171.3454316286466, "completition_cost": 1000.0, "overshoot_cost": 1682.9086769602413, "power_cost": 31.047249804687503, "noise_cost": 95.69179120871345, "n_waypoints_completed": 0, "tot_waypoints": 9}}
