{"target": -1693.717644399, "params": {"k_pid_pos": [1.9398064613342285, 0.03441241383552551, 0.0], "k_pid_alt": [0.0, 0.013863444328308105, 0.991125226020813], "k_pid_att": [5.993273735046387, 10.0, 1.0], "k_pid_yaw": [0.5, 1e-06, 0.1], "k_pid_hsp": [9.999999747378752e-05, 1.0, 1.0], "k_pid_vsp": [50.40321350097656, 400.0, 400.0]}, "datetime": {"datetime": "2025-08-21 17:08:59", "elapsed": 30256.168141126633, "delta": 23.27578902244568}, "costs": {"total_cost": 1693.717644399, "time_cost": 150, "final_distance_cost": 105.41445466272776, "oscillation_cost": 246.1201312897463, "completition_cost": 1000.0, "overshoot_cost": 128.3184270362535, "power_cost": 19.930043994140625, "noise_cost": 43.934587416131826, "n_waypoints_completed": 0, "tot_waypoints": 9}}
{"target": -3741.292262229908, "params": {"k_pid_pos": [1.8241379261016846, 0.0598161518573761, 0.07513463497161865], "k_pid_alt": [0.0, 0.0, 0.908471941947937], "k_pid_att": [4.755553722381592, 9.705353736877441, 0.9095510840415955], "k_pid_yaw": [0.5, 1e-06, 0.1], "k_pid_hsp": [0.01602262444794178, 0.9755842685699463, 0.9476160407066345], "k_pid_vsp": [2.353179454803467, 400.0, 400.0]}, "datetime": {"datetime": "2025-08-21 17:09:22", "elapsed": 30279.144673109055, "delta": 22.976531982421875}, "costs": {"total_cost": 3741.292262229908, "time_cost": 150, "final_distance_cost": 841.4194452908463, "oscillation_cost": 277.7094813877155, "completition_cost": 1000.0, "overshoot_cost": 1435.3949553616212, "power_cost": 20.124684692382814, "noise_cost": 16.643695497342335, "n_waypoints_completed": 0, "tot_waypoints": 9}}
{"target": -1922.3298564058775, "params": {"k_pid_pos": [1.9136466979980469, 0.0802440345287323, 0.04078683257102966], "k_pid_alt": [0.0, 0.03684818744659424, 1.0], "k_pid_att": [3.171515464782715, 9.560100555419922, 1.0], "k_pid_yaw": [0.5, 1e-06, 0.1], "k_pid_hsp": [9.999999747378752e-05, 1.0, 0.9495183825492859], "k_pid_vsp": [0.006401538848876953, 400.0, 390.3817138671875]}, "datetime": {"datetime": "2025-08-21 17:09:47", "elapsed": 30304.014113903046, "delta": 24.86944079399109}, "costs": {"total_cost": 1922.3298564058775, "time_cost": 150, "final_distance_cost": 84.6426516959069, "oscillation_cost": 306.48665750695176, "completition_cost": 1000.0, "overshoot_cost": 295.6115586663823, "power_cost": 22.208628198242188, "noise_cost": 63.38036033839449, "n_waypoints_completed": 0, "tot_waypoints": 9}}
{"target": -18672.59087018956, "params": {"k_pid_pos": [1.9781686067581177, 0.0, 0.04307979345321655], "k_pid_alt": [0.05867922306060791, 0.0, 1.0], "k_pid_att": [0.0, 10.0, 1.0], "k_pid_yaw": [0.5, 1e-06, 0.1], "k_pid_hsp": [0.2442334145307541, 1.0, 1.0], "k_pid_vsp": [0.0, 383.7821350097656, 362.6738586425781]}, "datetime": {"datetime": "2025-08-21 17:10:11", "elapsed": 30328.164806604385, "delta": 24.15069270133972}, "costs": {"total_cost": 18672.59087018956, "time_cost": 150, "final_distance_cost": 5751.2974603257335, "oscillation_cost": 2287.276873337777, "completition_cost": 1000.0, "overshoot_cost": 9348.441883035635, "power_cost": 33.96743989257813, "noise_cost": 101.60721359784006, "n_waypoints_completed": 0, "tot_waypoints": 9}}
{"target": -6228.2364988341715, "params": {"k_pid_pos": [2.0, 0.0, 0.035109102725982666], "k_pid_alt": [0.05514591932296753, 0.034720420837402344, 0.960644543170929], "k_pid_att": [0.0, 9.470237731933594, 0.9319858551025391], "k_pid_yaw": [0.5, 1e-06, 0.1], "k_pid_hsp": [0.37555423378944397, 1.0, 1.0], "k_pid_vsp": [0.0, 400.0, 400.0]}, "datetime": {"datetime": "2025-08-21 17:10:36", "elapsed": 30352.576231479645, "delta": 24.4114248752594}, "costs": {"total_cost": 6228.2364988341715, "time_cost": 150, "final_distance_cost": 991.987109605134, "oscillation_cost": 1984.922728196873, "completition_cost": 1000.0, "overshoot_cost": 1966.4370468837878, "power_cost": 33.780327294921875, "noise_cost": 101.10928685345463, "n_waypoints_completed": 0, "tot_waypoints": 9}}
{"target": -1804.0539576126007, "params": {"k_pid_pos": [2.0, 0.012073695659637451, 0.0], "k_pid_alt": [0.03761774301528931, 0.0, 1.0], "k_pid_att": [8.720439910888672, 10.0, 0.9344246983528137], "k_pid_yaw": [0.5, 1e-06, 0.1], "k_pid_hsp": [0.05681295692920685, 1.0, 0.9991644620895386], "k_pid_vsp": [0.0, 381.4005432128906, 400.0]}, "datetime": {"datetime": "2025-08-21 17:10:59", "elapsed": 30376.058426856995, "delta": 23.482195377349854}, "costs": {"total_cost": 1804.0539576126007, "time_cost": 150, "final_distance_cost": 122.78688112669833, "oscillation_cost": 303.7851161011939, "completition_cost": 1000.0, "overshoot_cost": 188.25012923434812, "power_cost": 16.41304841308594, "noise_cost": 22.81878273727431, "n_waypoints_completed": 0, "tot_waypoints": 9}}
{"target": -1647.3984121364135, "params": {"k_pid_pos": [1.990094542503357, 0.0008876621723175049, 0.0], "k_pid_alt": [0.0, 0.006397932767868042, 1.0], "k_pid_att": [7.313627243041992, 9.329916000366211, 1.0], "k_pid_yaw": [0.5, 1e-06, 0.1], "k_pid_hsp": [9.999999747378752e-05, 1.0, 1.0], "k_pid_vsp": [51.725685119628906, 393.89227294921875, 400.0]}, "datetime": {"datetime": "2025-08-21 17:11:23", "elapsed": 30399.63167667389, "delta": 23.57324981689453}, "costs": {"total_cost": 1647.3984121364135, "time_cost": 150, "final_distance_cost": 213.00559869141202, "oscillation_cost": 166.90046114826765, "completition_cost": 888.8888888888888, "overshoot_cost": 193.33069409076393, "power_cost": 17.447394409179687, "noise_cost": 17.82537490790138, "n_waypoints_completed": 1, "tot_waypoints": 9}}
{"target": -3262.236859202978, "params": {"k_pid_pos": [2.0, 0.0, 0.03885045647621155], "k_pid_alt": [0.0, 0.0, 1.0], "k_pid_att": [3.077086925506592, 9.137459754943848, 1.0], "k_pid_yaw": [0.5, 1e-06, 0.1], "k_pid_hsp": [0.12758798897266388, 0.8704018592834473, 1.0], "k_pid_vsp": [7.886958122253418, 393.87615966796875, 400.0]}, "datetime": {"datetime": "2025-08-21 17:11:46", "elapsed": 30422.499304771423, "delta": 22.86762809753418}, "costs": {"total_cost": 3262.236859202978, "time_cost": 150, "final_distance_cost": 900.7074426761592, "oscillation_cost": 231.4600903431094, "completition_cost": 1000.0, "overshoot_cost": 933.299268552584, "power_cost": 15.097274816894531, "noise_cost": 31.672782814230555, "n_waypoints_completed": 0, "tot_waypoints": 9}}
{"target": -2676.8652106325053, "params": {"k_pid_pos": [2.0, 0.023565858602523804, 0.0], "k_pid_alt": [0.087116539478302, 0.08254435658454895, 1.0], "k_pid_att": [0.32387375831604004, 10.0, 0.9922789335250854], "k_pid_yaw": [0.5, 1e-06, 0.1], "k_pid_hsp": [0.2487737536430359, 1.0, 0.9695751667022705], "k_pid_vsp": [3.8095951080322266, 394.39447021484375, 396.49761962890625]}, "datetime": {"datetime": "2025-08-21 17:12:10", "elapsed": 30447.31768655777, "delta": 24.818381786346436}, "costs": {"total_cost": 2676.8652106325053, "time_cost": 150, "final_distance_cost": 49.45026610509332, "oscillation_cost": 1066.134404422068, "completition_cost": 1000.0, "overshoot_cost": 285.7327658279223, "power_cost": 31.097254199218753, "noise_cost": 94.45052007820266, "n_waypoints_completed": 0, "tot_waypoints": 9}}
{"target": -4162.216455731613, "params": {"k_pid_pos": [2.0, 0.0, 0.0], "k_pid_alt": [0.0475504994392395, 0.027691543102264404, 0.9739371538162231], "k_pid_att": [0.3447413444519043, 9.488804817199707, 1.0], "k_pid_yaw": [0.5, 1e-06, 0.1], "k_pid_hsp": [9.999999747378752e-05, 1.0, 0.9881689548492432], "k_pid_vsp": [21.32755470275879, 390.01922607421875, 400.0]}, "datetime": {"datetime": "2025-08-21 17:12:35", "elapsed": 30471.521487236023, "delta": 24.203800678253174}, "costs": {"total_cost": 4162.216455731613, "time_cost": 150, "final_distance_cost": 578.5444937387882, "oscillation_cost": 1611.503239554935, "completition_cost": 1000.0, "overshoot_cost": 702.4032583571528, "power_cost": 29.527411926269533, "noise_cost": 90.23805215446725, "n_waypoints_completed": 0, "tot_waypoints": 9}}
{"target": -1759.013724490896, "params": {"k_pid_pos": [1.9976698160171509, 0.06498086452484131, 0.0], "k_pid_alt": [0.11614418029785156, 0.0, 0.9573415517807007], "k_pid_att": [3.0381977558135986, 10.0, 0.9880605340003967], "k_pid_yaw": [0.5, 1e-06, 0.1], "k_pid_hsp": [0.44167807698249817, 0.9706256985664368, 0.9421963691711426], "k_pid_vsp": [0.0, 400.0, 388.90472412109375]}, "datetime": {"datetime": "2025-08-21 17:12:58", "elapsed": 30494.824567079544, "delta": 23.303079843521118}, "costs": {"total_cost": 1759.013724490896, "time_cost": 150, "final_distance_cost": 7.16776224624078, "oscillation_cost": 334.2451805592741, "completition_cost": 1000.0, "overshoot_cost": 171.27048275906193, "power_cost": 23.471439965820313, "noise_cost": 72.85885896049896, "n_waypoints_completed": 0, "tot_waypoints": 9}}
{"target": -8368.56090003237, "params": {"k_pid_pos": [1.9710047245025635, 0.0, 0.0], "k_pid_alt": [0.0003616809844970703, 0.0, 0.9597192406654358], "k_pid_att": [0.0, 9.84444808959961, 0.9678031206130981], "k_pid_yaw": [0.5, 1e-06, 0.1], "k_pid_hsp": [9.999999747378752e-05, 0.9831623435020447, 0.9370368719100952], "k_pid_vsp": [0.0, 366.5379638671875, 400.0]}, "datetime": {"datetime": "2025-08-21 17:13:22", "elapsed": 30518.548448324203, "delta": 23.723881244659424}, "costs": {"total_cost": 8368.56090003237, "time_cost": 150, "final_distance_cost": 1972.1861549439018, "oscillation_cost": 1083.92613896764, "completition_cost": 1000.0, "overshoot_cost": 4030.4852808656547, "power_cost": 33.25207904052735, "noise_cost": 98.71124621464595, "n_waypoints_completed": 0, "tot_waypoints": 9}}
{"target": -4896.773998887978, "params": {"k_pid_pos": [1.8107815980911255, 0.02112308144569397, 0.0], "k_pid_alt": [0.0, 0.0, 0.9387429356575012], "k_pid_att": [0.0, 10.0, 1.0], "k_pid_yaw": [0.5, 1e-06, 0.1], "k_pid_hsp": [9.999999747378752e-05, 1.0, 1.0], "k_pid_vsp": [0.0, 380.447509765625, 400.0]}, "datetime": {"datetime": "2025-08-21 17:13:46", "elapsed": 30542.916345119476, "delta": 24.367896795272827}, "costs": {"total_cost": 4896.773998887978, "time_cost": 150, "final_distance_cost": 906.820415231093, "oscillation_cost": 960.6999249348182, "completition_cost": 1000.0, "overshoot_cost": 1785.1607208636724, "power_cost": 19.497478759765627, "noise_cost": 74.595459098629, "n_waypoints_completed": 0, "tot_waypoints": 9}}
{"target": -4164.604524457534, "params": {"k_pid_pos": [2.0, 0.0, 0.0], "k_pid_alt": [0.0, 0.08214649558067322, 1.0], "k_pid_att": [0.0, 10.0, 0.9787185192108154], "k_pid_yaw": [0.5, 1e-06, 0.1], "k_pid_hsp": [0.33188891410827637, 0.9751818180084229, 0.9853416085243225], "k_pid_vsp": [0.0, 391.73919677734375, 351.4928894042969]}, "datetime": {"datetime": "2025-08-21 17:14:10", "elapsed": 30566.756700992584, "delta": 23.84035587310791}, "costs": {"total_cost": 4164.604524457534, "time_cost": 150, "final_distance_cost": 231.6755701599046, "oscillation_cost": 1719.3839116317226, "completition_cost": 1000.0, "overshoot_cost": 935.5495031948626, "power_cost": 31.676758715820313, "noise_cost": 96.31878075522454, "n_waypoints_completed": 0, "tot_waypoints": 9}}
{"target": -2079.3896627410363, "params": {"k_pid_pos": [1.9841476678848267, 0.017745554447174072, 0.061801016330718994], "k_pid_alt": [0.0067768096923828125, 0.0, 0.9334670305252075], "k_pid_att": [2.7829675674438477, 9.462517738342285, 1.0], "k_pid_yaw": [0.5, 1e-06, 0.1], "k_pid_hsp": [0.041143350303173065, 0.9969659447669983, 1.0], "k_pid_vsp": [18.940567016601562, 383.6746826171875, 400.0]}, "datetime": {"datetime": "2025-08-21 17:14:34", "elapsed": 30591.356751203537, "delta": 24.60005021095276}, "costs": {"total_cost": 2079.3896627410363, "time_cost": 150, "final_distance_cost": 135.48003960291328, "oscillation_cost": 316.5052323153244, "completition_cost": 1000.0, "overshoot_cost": 397.6723453813917, "power_cost": 20.558455004882813, "noise_cost": 59.173590436524044, "n_waypoints_completed": 0, "tot_waypoints": 9}}
{"target": -14782.345713537401, "params": {"k_pid_pos": [1.9582855701446533, 0.013029783964157104, 0.025493144989013672], "k_pid_alt": [0.011843383312225342, 0.0002803802490234375, 0.9616889357566833], "k_pid_att": [0.0, 10.0, 1.0], "k_pid_yaw": [0.5, 1e-06, 0.1], "k_pid_hsp": [9.999999747378752e-05, 0.9991378784179688, 1.0], "k_pid_vsp": [11.528814315795898, 383.19940185546875, 387.746337890625]}, "datetime": {"datetime": "2025-08-21 17:14:59", "elapsed": 30615.640453100204, "delta": 24.28370189666748}, "costs": {"total_cost": 14782.345713537401, "time_cost": 150, "final_distance_cost": 4588.078123485563, "oscillation_cost": 2013.3854171171058, "completition_cost": 1000.0, "overshoot_cost": 6898.432116843848, "power_cost": 33.193872619628905, "noise_cost": 99.25618347125423, "n_waypoints_completed": 0, "tot_waypoints": 9}}
{"target": -4007.1659508944254, "params": {"k_pid_pos": [2.0, 0.008459776639938354, 0.0], "k_pid_alt": [0.0, 0.001951843500137329, 0.9893931150436401], "k_pid_att": [0.6099522113800049, 10.0, 1.0], "k_pid_yaw": [0.5, 1e-06, 0.1], "k_pid_hsp": [0.6449770927429199, 1.0, 0.9930480718612671], "k_pid_vsp": [0.0, 400.0, 400.0]}, "datetime": {"datetime": "2025-08-21 17:15:22", "elapsed": 30638.92495083809, "delta": 23.28449773788452}, "costs": {"total_cost": 4007.1659508944254, "time_cost": 150, "final_distance_cost": 526.1502981442698, "oscillation_cost": 1254.0324424017238, "completition_cost": 1000.0, "overshoot_cost": 956.2343514614075, "power_cost": 30.164727990722657, "noise_cost": 90.58413089630197, "n_waypoints_completed": 0, "tot_waypoints": 9}}
{"target": -6708.545853130353, "params": {"k_pid_pos": [1.8014696836471558, 0.06336987018585205, 0.0], "k_pid_alt": [0.0, 0.0, 0.9874036908149719], "k_pid_att": [0.0, 10.0, 1.0], "k_pid_yaw": [0.5, 1e-06, 0.1], "k_pid_hsp": [0.005343963857740164, 0.9049617648124695, 1.0], "k_pid_vsp": [0.49523115158081055, 364.4648132324219, 400.0]}, "datetime": {"datetime": "2025-08-21 17:15:45", "elapsed": 30661.95864892006, "delta": 23.033698081970215}, "costs": {"total_cost": 6708.545853130353, "time_cost": 150, "final_distance_cost": 1547.6552802022334, "oscillation_cost": 780.6386654918707, "completition_cost": 1000.0, "overshoot_cost": 3143.964435591401, "power_cost": 17.18152666015625, "noise_cost": 69.10594518469193, "n_waypoints_completed": 0, "tot_waypoints": 9}}
{"target": -7043.274611234573, "params": {"k_pid_pos": [1.856097936630249, 0.017513275146484375, 0.08726498484611511], "k_pid_alt": [0.010877668857574463, 0.011501222848892212, 0.9540200233459473], "k_pid_att": [0.0, 9.715489387512207, 0.9989781379699707], "k_pid_yaw": [0.5, 1e-06, 0.1], "k_pid_hsp": [9.999999747378752e-05, 1.0, 0.8992437124252319], "k_pid_vsp": [0.0, 400.0, 369.2868957519531]}, "datetime": {"datetime": "2025-08-21 17:16:09", "elapsed": 30685.88549733162, "delta": 23.92684841156006}, "costs": {"total_cost": 7043.274611234573, "time_cost": 150, "final_distance_cost": 1890.6143970606263, "oscillation_cost": 670.4065110334944, "completition_cost": 1000.0, "overshoot_cost": 3212.0131797340164, "power_cost": 30.063558947753908, "noise_cost": 90.17696445868177, "n_waypoints_completed": 0, "tot_waypoints": 9}}
{"target": -2254.7306865091073, "params": {"k_pid_pos": [1.940028429031372, 0.0, 0.02335706353187561], "k_pid_alt": [0.0, 0.0, 0.9363287687301636], "k_pid_att": [4.126915454864502, 9.580390930175781, 0.9686645269393921], "k_pid_yaw": [0.5, 1e-06, 0.1], "k_pid_hsp": [9.999999747378752e-05, 1.0, 0.9987530708312988], "k_pid_vsp": [8.429204940795898, 393.63421630859375, 392.5767822265625]}, "datetime": {"datetime": "2025-08-21 17:16:33", "elapsed": 30709.88906288147, "delta": 24.003565549850464}, "costs": {"total_cost": 2254.7306865091073, "time_cost": 150, "final_distance_cost": 417.07207518901635, "oscillation_cost": 223.9128041437073, "completition_cost": 1000.0, "overshoot_cost": 412.79977505495134, "power_cost": 17.510209436035158, "noise_cost": 33.43582268539759, "n_waypoints_completed": 0, "tot_waypoints": 9}}
{"target": -9054.298771264512, "params": {"k_pid_pos": [1.942392110824585, 0.05541977286338806, 0.0], "k_pid_alt": [0.06491190195083618, 0.030482113361358643, 1.0], "k_pid_att": [0.0, 9.272211074829102, 0.9313704371452332], "k_pid_yaw": [0.5, 1e-06, 0.1], "k_pid_hsp": [0.5804541707038879, 1.0, 0.9627922773361206], "k_pid_vsp": [0.0, 400.0, 382.6539001464844]}, "datetime": {"datetime": "2025-08-21 17:16:57", "elapsed": 30733.762333393097, "delta": 23.873270511627197}, "costs": {"total_cost": 9054.298771264512, "time_cost": 150, "final_distance_cost": 2945.691170448336, "oscillation_cost": 1960.749576699369, "completition_cost": 1000.0, "overshoot_cost": 2863.36639980693, "power_cost": 33.60593410644531, "noise_cost": 100.8856902034312, "n_waypoints_completed": 0, "tot_waypoints": 9}}
{"target": -3970.2972407467487, "params": {"k_pid_pos": [1.953153371810913, 0.008481651544570923, 0.0], "k_pid_alt": [0.0, 0.0, 1.0], "k_pid_att": [0.0, 10.0, 1.0], "k_pid_yaw": [0.5, 1e-06, 0.1], "k_pid_hsp": [9.999999747378752e-05, 0.9373376965522766, 1.0], "k_pid_vsp": [0.0, 400.0, 400.0]}, "datetime": {"datetime": "2025-08-21 17:17:21", "elapsed": 30757.793689489365, "delta": 24.0313560962677}, "costs": {"total_cost": 3970.2972407467487, "time_cost": 150, "final_distance_cost": 456.07070319200716, "oscillation_cost": 1440.4374114463053, "completition_cost": 1000.0, "overshoot_cost": 821.6612799956309, "power_cost": 22.185919604492188, "noise_cost": 79.9419265083128, "n_waypoints_completed": 0, "tot_waypoints": 9}}
{"target": -4529.57285710224, "params": {"k_pid_pos": [1.8677258491516113, 0.0, 0.08061215281486511], "k_pid_alt": [0.02273017168045044, 0.03735572099685669, 1.0], "k_pid_att": [0.0, 9.633200645446777, 1.0], "k_pid_yaw": [0.5, 1e-06, 0.1], "k_pid_hsp": [0.05458853393793106, 0.937390923500061, 0.9814884066581726], "k_pid_vsp": [6.555986404418945, 400.0, 394.3568115234375]}, "datetime": {"datetime": "2025-08-21 17:17:43", "elapsed": 30780.359846830368, "delta": 22.566157341003418}, "costs": {"total_cost": 4529.57285710224, "time_cost": 150, "final_distance_cost": 667.1867013335624, "oscillation_cost": 1173.5162442680228, "completition_cost": 1000.0, "overshoot_cost": 1409.7697781629456, "power_cost": 32.09484479980469, "noise_cost": 97.00528853790478, "n_waypoints_completed": 0, "tot_waypoints": 9}}
{"target": -8997.761051876638, "params": {"k_pid_pos": [1.9493402242660522, 0.0, 0.0], "k_pid_alt": [0.0, 0.0, 1.0], "k_pid_att": [0.0, 9.990704536437988, 1.0], "k_pid_yaw": [0.5, 1e-06, 0.1], "k_pid_hsp": [9.999999747378752e-05, 1.0, 0.9467504024505615], "k_pid_vsp": [16.7330379486084, 385.2171630859375, 396.68359375]}, "datetime": {"datetime": "2025-08-21 17:18:07", "elapsed": 30803.876612186432, "delta": 23.516765356063843}, "costs": {"total_cost": 8997.761051876638, "time_cost": 150, "final_distance_cost": 2687.34241125402, "oscillation_cost": 582.5779739471368, "completition_cost": 1000.0, "overshoot_cost": 4497.213422302548, "power_cost": 15.446158789062501, "noise_cost": 65.18108558387046, "n_waypoints_completed": 0, "tot_waypoints": 9}}
{"target": -6321.263721651856, "params": {"k_pid_pos": [1.8414605855941772, 0.0, 0.03973230719566345], "k_pid_alt": [0.0, 0.0, 1.0], "k_pid_att": [0.0, 9.694145202636719, 1.0], "k_pid_yaw": [0.5, 1e-06, 0.1], "k_pid_hsp": [9.999999747378752e-05, 0.9660780429840088, 1.0], "k_pid_vsp": [1.0103583335876465, 399.80316162109375, 382.10955810546875]}, "datetime": {"datetime": "2025-08-21 17:18:31", "elapsed": 30827.78771185875, "delta": 23.911099672317505}, "costs": {"total_cost": 6321.263721651856, "time_cost": 150, "final_distance_cost": 1460.9041703053915, "oscillation_cost": 760.6282632588199, "completition_cost": 1000.0, "overshoot_cost": 2863.2099439615404, "power_cost": 17.198881176757812, "noise_cost": 69.32246294934623, "n_waypoints_completed": 0, "tot_waypoints": 9}}
{"target": -2291.9766611862824, "params": {"k_pid_pos": [2.0, 0.0, 0.0], "k_pid_alt": [0.12646102905273438, 0.0, 1.0], "k_pid_att": [1.1294275522232056, 9.82989501953125, 1.0], "k_pid_yaw": [0.5, 1e-06, 0.1], "k_pid_hsp": [0.31371742486953735, 0.9376294612884521, 1.0], "k_pid_vsp": [1.7041563987731934, 400.0, 400.0]}, "datetime": {"datetime": "2025-08-21 17:18:54", "elapsed": 30851.29968214035, "delta": 23.511970281600952}, "costs": {"total_cost": 2291.9766611862824, "time_cost": 150, "final_distance_cost": 115.8580270411299, "oscillation_cost": 678.8906362529372, "completition_cost": 1000.0, "overshoot_cost": 227.63288178391232, "power_cost": 29.812931872558597, "noise_cost": 89.78218423574452, "n_waypoints_completed": 0, "tot_waypoints": 9}}
{"target": -2471.623347207972, "params": {"k_pid_pos": [1.9572722911834717, 0.009017705917358398, 0.0], "k_pid_alt": [0.0, 0.0, 0.9706169962882996], "k_pid_att": [6.551992893218994, 10.0, 0.9517369270324707], "k_pid_yaw": [0.5, 1e-06, 0.1], "k_pid_hsp": [0.009610719978809357, 1.0, 1.0], "k_pid_vsp": [0.0, 400.0, 400.0]}, "datetime": {"datetime": "2025-08-21 17:19:18", "elapsed": 30875.16537642479, "delta": 23.865694284439087}, "costs": {"total_cost": 2471.623347207972, "time_cost": 150, "final_distance_cost": 597.1608804076761, "oscillation_cost": 248.253830882209, "completition_cost": 1000.0, "overshoot_cost": 438.87857245440216, "power_cost": 17.835523852539062, "noise_cost": 19.49453961114557, "n_waypoints_completed": 0, "tot_waypoints": 9}}
{"target": -4609.022687130331, "params": {"k_pid_pos": [1.9872206449508667, 0.0, 0.026174306869506836], "k_pid_alt": [0.0360909104347229, 0.04505211114883423, 0.9116368293762207], "k_pid_att": [0.0, 10.0, 1.0], "k_pid_yaw": [0.5, 1e-06, 0.1], "k_pid_hsp": [0.44649019837379456, 1.0, 1.0], "k_pid_vsp": [38.45796585083008, 400.0, 384.2081604003906]}, "datetime": {"datetime": "2025-08-21 17:19:42", "elapsed": 30899.21950507164, "delta": 24.054128646850586}, "costs": {"total_cost": 4609.022687130331, "time_cost": 150, "final_distance_cost": 749.6313440729194, "oscillation_cost": 1196.4909971000443, "completition_cost": 1000.0, "overshoot_cost": 1382.1797975609356, "power_cost": 32.593076464843755, "noise_cost": 98.12747193158826, "n_waypoints_completed": 0, "tot_waypoints": 9}}
