{"target": -2726.8954316032764, "params": {"k_pid_pos": [2.0, 0.0, 0.05767497420310974], "k_pid_alt": [0.0, 0.0, 0.996324896812439], "k_pid_att": [5.519840240478516, 9.054387092590332, 1.0], "k_pid_yaw": [0.5, 1e-06, 0.1], "k_pid_hsp": [0.6484126448631287, 1.0, 0.9266961812973022], "k_pid_vsp": [12.740791320800781, 383.618408203125, 400.0]}, "datetime": {"datetime": "2025-08-21 15:19:52", "elapsed": 23709.21734237671, "delta": 23.64879584312439}, "costs": {"total_cost": 2726.8954316032764, "time_cost": 150, "final_distance_cost": 525.033516858569, "oscillation_cost": 201.11456059317027, "completition_cost": 888.8888888888888, "overshoot_cost": 929.152692675039, "power_cost": 16.82132150878906, "noise_cost": 15.884451078820463, "n_waypoints_completed": 1, "tot_waypoints": 9}}
{"target": -1717.7996848530618, "params": {"k_pid_pos": [1.8960683345794678, 0.0339333713054657, 0.0], "k_pid_alt": [0.10509812831878662, 0.0, 1.0], "k_pid_att": [3.7620961666107178, 9.508453369140625, 1.0], "k_pid_yaw": [0.5, 1e-06, 0.1], "k_pid_hsp": [0.2643280029296875, 0.976323127746582, 1.0], "k_pid_vsp": [15.224039077758789, 388.1921691894531, 389.51446533203125]}, "datetime": {"datetime": "2025-08-21 15:20:16", "elapsed": 23732.908520698547, "delta": 23.69117832183838}, "costs": {"total_cost": 1717.7996848530618, "time_cost": 150, "final_distance_cost": 9.646933761257875, "oscillation_cost": 289.87488907584196, "completition_cost": 1000.0, "overshoot_cost": 206.67908896556196, "power_cost": 22.50266573486328, "noise_cost": 39.09610731553655, "n_waypoints_completed": 0, "tot_waypoints": 9}}
{"target": -3843.647704951636, "params": {"k_pid_pos": [2.0, 0.0, 0.0], "k_pid_alt": [0.037482261657714844, 0.0, 0.9458730220794678], "k_pid_att": [0.0, 9.658370018005371, 1.0], "k_pid_yaw": [0.5, 1e-06, 0.1], "k_pid_hsp": [0.7931593060493469, 1.0, 0.9286426305770874], "k_pid_vsp": [0.0, 400.0, 400.0]}, "datetime": {"datetime": "2025-08-21 15:20:39", "elapsed": 23756.06182742119, "delta": 23.15330672264099}, "costs": {"total_cost": 3843.647704951636, "time_cost": 150, "final_distance_cost": 426.3967257802642, "oscillation_cost": 1121.9814095993886, "completition_cost": 1000.0, "overshoot_cost": 1017.6368147760799, "power_cost": 31.601571032714844, "noise_cost": 96.03118376318852, "n_waypoints_completed": 0, "tot_waypoints": 9}}
{"target": -2341.439524414673, "params": {"k_pid_pos": [2.0, 0.0026332736015319824, 0.0430397093296051], "k_pid_alt": [0.09644961357116699, 0.0, 1.0], "k_pid_att": [7.449492931365967, 8.840117454528809, 0.9914982914924622], "k_pid_yaw": [0.5, 1e-06, 0.1], "k_pid_hsp": [0.27962300181388855, 1.0, 0.9890848398208618], "k_pid_vsp": [0.0, 400.0, 397.8011169433594]}, "datetime": {"datetime": "2025-08-21 15:21:02", "elapsed": 23778.94784426689, "delta": 22.886016845703125}, "costs": {"total_cost": 2341.439524414673, "time_cost": 150, "final_distance_cost": 346.26157349204817, "oscillation_cost": 224.0571303579649, "completition_cost": 888.8888888888888, "overshoot_cost": 709.3172599548797, "power_cost": 11.719443762207032, "noise_cost": 11.19522795868426, "n_waypoints_completed": 1, "tot_waypoints": 9}}
{"target": -9859.169648763005, "params": {"k_pid_pos": [1.8419644832611084, 0.01995721459388733, 0.0], "k_pid_alt": [0.033774375915527344, 0.03694641590118408, 1.0], "k_pid_att": [0.0, 8.458669662475586, 1.0], "k_pid_yaw": [0.5, 1e-06, 0.1], "k_pid_hsp": [9.999999747378752e-05, 1.0, 0.9910207986831665], "k_pid_vsp": [0.0, 400.0, 400.0]}, "datetime": {"datetime": "2025-08-21 15:21:25", "elapsed": 23801.93145084381, "delta": 22.983606576919556}, "costs": {"total_cost": 9859.169648763005, "time_cost": 150, "final_distance_cost": 2961.581473971918, "oscillation_cost": 2018.193050366252, "completition_cost": 1000.0, "overshoot_cost": 3594.804144140998, "power_cost": 33.938868395996096, "noise_cost": 100.65211188784166, "n_waypoints_completed": 0, "tot_waypoints": 9}}
{"target": -6538.480679907747, "params": {"k_pid_pos": [1.9496486186981201, 0.06235426664352417, 0.0], "k_pid_alt": [0.09413999319076538, 0.014731615781784058, 1.0], "k_pid_att": [0.6130039691925049, 10.0, 0.9348447322845459], "k_pid_yaw": [0.5, 1e-06, 0.1], "k_pid_hsp": [9.999999747378752e-05, 1.0, 1.0], "k_pid_vsp": [14.22574520111084, 400.0, 400.0]}, "datetime": {"datetime": "2025-08-21 15:21:48", "elapsed": 23825.165922880173, "delta": 23.234472036361694}, "costs": {"total_cost": 6538.480679907747, "time_cost": 150, "final_distance_cost": 1864.4758802256188, "oscillation_cost": 594.3284547421459, "completition_cost": 1000.0, "overshoot_cost": 2800.50726713053, "power_cost": 32.715255078125004, "noise_cost": 96.4538227313281, "n_waypoints_completed": 0, "tot_waypoints": 9}}
{"target": -1968.0132153788622, "params": {"k_pid_pos": [1.9533085823059082, 0.06576374173164368, 0.07773065567016602], "k_pid_alt": [0.0, 0.0, 1.0], "k_pid_att": [4.9352288246154785, 10.0, 1.0], "k_pid_yaw": [0.5, 1e-06, 0.1], "k_pid_hsp": [0.31476107239723206, 1.0, 0.9779080152511597], "k_pid_vsp": [0.0, 372.2969665527344, 354.75274658203125]}, "datetime": {"datetime": "2025-08-21 15:22:12", "elapsed": 23848.47142982483, "delta": 23.305506944656372}, "costs": {"total_cost": 1968.0132153788622, "time_cost": 150, "final_distance_cost": 271.33266484174743, "oscillation_cost": 293.42813735851735, "completition_cost": 1000.0, "overshoot_cost": 202.23568380301163, "power_cost": 20.432862365722656, "noise_cost": 30.583867009863024, "n_waypoints_completed": 0, "tot_waypoints": 9}}
{"target": -7878.2274309088425, "params": {"k_pid_pos": [2.0, 0.08736023306846619, 0.0], "k_pid_alt": [0.0025820136070251465, 0.04083526134490967, 0.9363305568695068], "k_pid_att": [0.0, 9.138619422912598, 1.0], "k_pid_yaw": [0.5, 1e-06, 0.1], "k_pid_hsp": [0.3136447072029114, 1.0, 0.9537056684494019], "k_pid_vsp": [25.43423080444336, 392.4833679199219, 371.55828857421875]}, "datetime": {"datetime": "2025-08-21 15:22:35", "elapsed": 23871.842900276184, "delta": 23.37147045135498}, "costs": {"total_cost": 7878.2274309088425, "time_cost": 150, "final_distance_cost": 1753.2437715716146, "oscillation_cost": 1865.4420625723503, "completition_cost": 1000.0, "overshoot_cost": 2975.874250815728, "power_cost": 33.457404589843755, "noise_cost": 100.20994135930657, "n_waypoints_completed": 0, "tot_waypoints": 9}}
{"target": -15237.695377822478, "params": {"k_pid_pos": [2.0, 0.05638459324836731, 0.0], "k_pid_alt": [0.027832448482513428, 0.0, 0.9944651126861572], "k_pid_att": [0.0, 9.848864555358887, 1.0], "k_pid_yaw": [0.5, 1e-06, 0.1], "k_pid_hsp": [9.999999747378752e-05, 1.0, 1.0], "k_pid_vsp": [7.503294944763184, 400.0, 400.0]}, "datetime": {"datetime": "2025-08-21 15:22:58", "elapsed": 23895.31591486931, "delta": 23.47301459312439}, "costs": {"total_cost": 15237.695377822478, "time_cost": 150, "final_distance_cost": 3544.1531193864566, "oscillation_cost": 1807.1718922585112, "completition_cost": 1000.0, "overshoot_cost": 8600.161101791506, "power_cost": 34.23477604980469, "noise_cost": 101.97448833620088, "n_waypoints_completed": 0, "tot_waypoints": 9}}
{"target": -14752.280516835566, "params": {"k_pid_pos": [1.9594680070877075, 0.0, 0.015644073486328125], "k_pid_alt": [0.13748306035995483, 0.037469565868377686, 0.9283146858215332], "k_pid_att": [0.0, 10.0, 1.0], "k_pid_yaw": [0.5, 1e-06, 0.1], "k_pid_hsp": [0.3237454891204834, 1.0, 0.9930946826934814], "k_pid_vsp": [0.0, 387.63140869140625, 382.5556335449219]}, "datetime": {"datetime": "2025-08-21 15:23:22", "elapsed": 23919.00646328926, "delta": 23.690548419952393}, "costs": {"total_cost": 14752.280516835566, "time_cost": 150, "final_distance_cost": 4712.289242436289, "oscillation_cost": 2244.5331971906367, "completition_cost": 1000.0, "overshoot_cost": 6507.155960258471, "power_cost": 34.90315017089844, "noise_cost": 103.39896677927285, "n_waypoints_completed": 0, "tot_waypoints": 9}}
{"target": -12422.507233681354, "params": {"k_pid_pos": [2.0, 0.08233210444450378, 0.05859881639480591], "k_pid_alt": [0.31758105754852295, 0.01615607738494873, 1.0], "k_pid_att": [0.0, 10.0, 0.9796021580696106], "k_pid_yaw": [0.5, 1e-06, 0.1], "k_pid_hsp": [0.04504204913973808, 0.973527193069458, 1.0], "k_pid_vsp": [6.9579243659973145, 400.0, 400.0]}, "datetime": {"datetime": "2025-08-21 15:23:45", "elapsed": 23942.24103832245, "delta": 23.234575033187866}, "costs": {"total_cost": 12422.507233681354, "time_cost": 150, "final_distance_cost": 2469.8684123959015, "oscillation_cost": 1705.633346793176, "completition_cost": 1000.0, "overshoot_cost": 6957.326565035228, "power_cost": 35.289815087890624, "noise_cost": 104.38909436915901, "n_waypoints_completed": 0, "tot_waypoints": 9}}
{"target": -17600.39841659423, "params": {"k_pid_pos": [2.0, 0.0, 0.06433004140853882], "k_pid_alt": [0.033083200454711914, 0.0, 1.0], "k_pid_att": [0.0, 10.0, 0.9885913133621216], "k_pid_yaw": [0.5, 1e-06, 0.1], "k_pid_hsp": [0.2528253197669983, 1.0, 1.0], "k_pid_vsp": [8.60384750366211, 376.1344299316406, 400.0]}, "datetime": {"datetime": "2025-08-21 15:24:09", "elapsed": 23965.69463992119, "delta": 23.453601598739624}, "costs": {"total_cost": 17600.39841659423, "time_cost": 150, "final_distance_cost": 4027.574107854009, "oscillation_cost": 2334.7076554792316, "completition_cost": 1000.0, "overshoot_cost": 9948.954966349856, "power_cost": 35.12590477294922, "noise_cost": 104.03578213818479, "n_waypoints_completed": 0, "tot_waypoints": 9}}
{"target": -2153.9082494812333, "params": {"k_pid_pos": [1.9411473274230957, 0.13893425464630127, 0.02449551224708557], "k_pid_alt": [0.0, 0.0, 0.9303358793258667], "k_pid_att": [2.393618106842041, 9.848365783691406, 0.9863919615745544], "k_pid_yaw": [0.5, 1e-06, 0.1], "k_pid_hsp": [9.999999747378752e-05, 0.9728662967681885, 1.0], "k_pid_vsp": [7.3763251304626465, 400.0, 400.0]}, "datetime": {"datetime": "2025-08-21 15:24:32", "elapsed": 23988.939146995544, "delta": 23.24450707435608}, "costs": {"total_cost": 2153.9082494812333, "time_cost": 150, "final_distance_cost": 146.42542520565732, "oscillation_cost": 373.1295546841886, "completition_cost": 1000.0, "overshoot_cost": 404.54228948216496, "power_cost": 15.070262036132814, "noise_cost": 64.74071807308985, "n_waypoints_completed": 0, "tot_waypoints": 9}}
{"target": -1744.752932227088, "params": {"k_pid_pos": [2.0, 0.13931307196617126, 0.0], "k_pid_alt": [0.0, 0.010003060102462769, 0.9782213568687439], "k_pid_att": [4.499474048614502, 10.0, 0.8899164795875549], "k_pid_yaw": [0.5, 1e-06, 0.1], "k_pid_hsp": [9.999999747378752e-05, 1.0, 1.0], "k_pid_vsp": [0.0, 399.6036071777344, 396.2765197753906]}, "datetime": {"datetime": "2025-08-21 15:24:56", "elapsed": 24013.276213645935, "delta": 24.337066650390625}, "costs": {"total_cost": 1744.752932227088, "time_cost": 150, "final_distance_cost": 16.80369680679248, "oscillation_cost": 294.55891047169416, "completition_cost": 1000.0, "overshoot_cost": 226.45957308981576, "power_cost": 21.377620043945313, "noise_cost": 35.553131814840306, "n_waypoints_completed": 0, "tot_waypoints": 9}}
{"target": -11646.357443107436, "params": {"k_pid_pos": [1.9225339889526367, 0.01679900288581848, 0.07306143641471863], "k_pid_alt": [0.06383180618286133, 0.0, 0.9291661977767944], "k_pid_att": [0.0, 10.0, 0.9562101364135742], "k_pid_yaw": [0.5, 1e-06, 0.1], "k_pid_hsp": [0.36694949865341187, 0.9875208139419556, 1.0], "k_pid_vsp": [0.0, 400.0, 400.0]}, "datetime": {"datetime": "2025-08-21 15:25:20", "elapsed": 24036.712159395218, "delta": 23.435945749282837}, "costs": {"total_cost": 11646.357443107436, "time_cost": 150, "final_distance_cost": 3701.0638335901554, "oscillation_cost": 2009.994520054322, "completition_cost": 1000.0, "overshoot_cost": 4648.585903071192, "power_cost": 34.465827795410156, "noise_cost": 102.24735859635568, "n_waypoints_completed": 0, "tot_waypoints": 9}}
{"target": -7990.453696099192, "params": {"k_pid_pos": [1.81974196434021, 0.0, 0.0], "k_pid_alt": [0.0, 0.012732833623886108, 0.9580908417701721], "k_pid_att": [0.0, 10.0, 1.0], "k_pid_yaw": [0.5, 1e-06, 0.1], "k_pid_hsp": [9.999999747378752e-05, 1.0, 1.0], "k_pid_vsp": [0.0, 400.0, 387.38299560546875]}, "datetime": {"datetime": "2025-08-21 15:25:43", "elapsed": 24059.747627973557, "delta": 23.035468578338623}, "costs": {"total_cost": 7990.453696099192, "time_cost": 150, "final_distance_cost": 709.1335789636909, "oscillation_cost": 2054.0320683777873, "completition_cost": 1000.0, "overshoot_cost": 3941.138421791146, "power_cost": 34.410157275390624, "noise_cost": 101.73946969117718, "n_waypoints_completed": 0, "tot_waypoints": 9}}
{"target": -2088.8818439928336, "params": {"k_pid_pos": [2.0, 0.013728857040405273, 0.0022220611572265625], "k_pid_alt": [0.0049169063568115234, 0.04893311858177185, 1.0], "k_pid_att": [1.8470942974090576, 9.773480415344238, 0.9156675934791565], "k_pid_yaw": [0.5, 1e-06, 0.1], "k_pid_hsp": [9.999999747378752e-05, 1.0, 0.9946277737617493], "k_pid_vsp": [0.0, 400.0, 393.3337097167969]}, "datetime": {"datetime": "2025-08-21 15:26:07", "elapsed": 24084.132640123367, "delta": 24.38501214981079}, "costs": {"total_cost": 2088.8818439928336, "time_cost": 150, "final_distance_cost": 75.70031402832355, "oscillation_cost": 484.86013183673754, "completition_cost": 1000.0, "overshoot_cost": 257.10256757808946, "power_cost": 30.45525661621094, "noise_cost": 90.76357393347213, "n_waypoints_completed": 0, "tot_waypoints": 9}}
{"target": -10758.747590100795, "params": {"k_pid_pos": [2.0, 0.0, 0.011834025382995605], "k_pid_alt": [0.10988909006118774, 0.06108477711677551, 1.0], "k_pid_att": [0.0, 10.0, 1.0], "k_pid_yaw": [0.5, 1e-06, 0.1], "k_pid_hsp": [9.999999747378752e-05, 1.0, 0.992523729801178], "k_pid_vsp": [0.0, 384.2236633300781, 396.5010681152344]}, "datetime": {"datetime": "2025-08-21 15:26:31", "elapsed": 24108.27061367035, "delta": 24.13797354698181}, "costs": {"total_cost": 10758.747590100795, "time_cost": 150, "final_distance_cost": 2982.0983378257065, "oscillation_cost": 1744.620286997617, "completition_cost": 1000.0, "overshoot_cost": 4749.683125133178, "power_cost": 33.13102546386719, "noise_cost": 99.21481468042725, "n_waypoints_completed": 0, "tot_waypoints": 9}}
{"target": -3405.05263076857, "params": {"k_pid_pos": [2.0, 0.03109210729598999, 0.0], "k_pid_alt": [0.0, 0.0, 0.9977203607559204], "k_pid_att": [0.0, 10.0, 0.9806786775588989], "k_pid_yaw": [0.5, 1e-06, 0.1], "k_pid_hsp": [0.20576675236225128, 1.0, 0.9812584519386292], "k_pid_vsp": [11.959659576416016, 400.0, 400.0]}, "datetime": {"datetime": "2025-08-21 15:26:55", "elapsed": 24131.54902291298, "delta": 23.278409242630005}, "costs": {"total_cost": 3405.05263076857, "time_cost": 150, "final_distance_cost": 498.31985542695065, "oscillation_cost": 1035.6272884793127, "completition_cost": 1000.0, "overshoot_cost": 617.2449011171595, "power_cost": 22.82710838623047, "noise_cost": 81.0334773589165, "n_waypoints_completed": 0, "tot_waypoints": 9}}
{"target": -3104.9220957098732, "params": {"k_pid_pos": [2.0, 0.0014400184154510498, 0.07131412625312805], "k_pid_alt": [0.01774078607559204, 0.0, 1.0], "k_pid_att": [0.0, 10.0, 1.0], "k_pid_yaw": [0.5, 1e-06, 0.1], "k_pid_hsp": [0.3943110406398773, 0.9530214071273804, 0.9455112218856812], "k_pid_vsp": [19.258678436279297, 400.0, 399.639404296875]}, "datetime": {"datetime": "2025-08-21 15:27:17", "elapsed": 24154.412294864655, "delta": 22.863271951675415}, "costs": {"total_cost": 3104.9220957098732, "time_cost": 150, "final_distance_cost": 159.80694796451888, "oscillation_cost": 1351.5045359976336, "completition_cost": 1000.0, "overshoot_cost": 317.19002646787004, "power_cost": 31.289490283203126, "noise_cost": 95.13109499664753, "n_waypoints_completed": 0, "tot_waypoints": 9}}
{"target": -1696.4082182647621, "params": {"k_pid_pos": [1.9506514072418213, 0.011985868215560913, 0.0], "k_pid_alt": [0.0, 0.0006299614906311035, 1.0], "k_pid_att": [8.208868026733398, 9.66784954071045, 1.0], "k_pid_yaw": [0.5, 1e-06, 0.1], "k_pid_hsp": [0.14986231923103333, 1.0, 0.976498007774353], "k_pid_vsp": [45.92959976196289, 393.444580078125, 383.18572998046875]}, "datetime": {"datetime": "2025-08-21 15:27:41", "elapsed": 24177.78205013275, "delta": 23.369755268096924}, "costs": {"total_cost": 1696.4082182647621, "time_cost": 150, "final_distance_cost": 14.63229256631534, "oscillation_cost": 309.8182159458969, "completition_cost": 1000.0, "overshoot_cost": 142.2010101760829, "power_cost": 19.475605249023438, "noise_cost": 60.28109432744353, "n_waypoints_completed": 0, "tot_waypoints": 9}}
{"target": -4801.501399892249, "params": {"k_pid_pos": [2.0, 0.0546782910823822, 0.0], "k_pid_alt": [0.0, 0.028607934713363647, 0.9794925451278687], "k_pid_att": [0.0, 10.0, 1.0], "k_pid_yaw": [0.5, 1e-06, 0.1], "k_pid_hsp": [0.13984914124011993, 0.8955268859863281, 1.0], "k_pid_vsp": [0.0, 384.6462707519531, 400.0]}, "datetime": {"datetime": "2025-08-21 15:28:05", "elapsed": 24201.57296705246, "delta": 23.790916919708252}, "costs": {"total_cost": 4801.501399892249, "time_cost": 150, "final_distance_cost": 583.5039986025661, "oscillation_cost": 2213.4000394542136, "completition_cost": 1000.0, "overshoot_cost": 731.3449633044127, "power_cost": 30.635136181640625, "noise_cost": 92.61726234941618, "n_waypoints_completed": 0, "tot_waypoints": 9}}
{"target": -2074.2786554817912, "params": {"k_pid_pos": [2.0, 0.02126559615135193, 0.0], "k_pid_alt": [0.0, 0.0, 1.0], "k_pid_att": [1.405787467956543, 10.0, 1.0], "k_pid_yaw": [0.5, 1e-06, 0.1], "k_pid_hsp": [9.999999747378752e-05, 0.9677618741989136, 0.9263609051704407], "k_pid_vsp": [0.0, 400.0, 400.0]}, "datetime": {"datetime": "2025-08-21 15:28:28", "elapsed": 24225.408930301666, "delta": 23.835963249206543}, "costs": {"total_cost": 2074.2786554817912, "time_cost": 150, "final_distance_cost": 33.663516184286316, "oscillation_cost": 625.349812047765, "completition_cost": 1000.0, "overshoot_cost": 180.05508744133033, "power_cost": 16.756258459472658, "noise_cost": 68.4539813489369, "n_waypoints_completed": 0, "tot_waypoints": 9}}
{"target": -1711.433679046367, "params": {"k_pid_pos": [1.981357455253601, 0.0, 0.02946332097053528], "k_pid_alt": [0.0, 0.13926970958709717, 1.0], "k_pid_att": [10.236835479736328, 10.0, 1.0], "k_pid_yaw": [0.5, 1e-06, 0.1], "k_pid_hsp": [9.999999747378752e-05, 1.0, 1.0], "k_pid_vsp": [0.0, 381.66571044921875, 383.3492126464844]}, "datetime": {"datetime": "2025-08-21 15:28:52", "elapsed": 24248.976915597916, "delta": 23.56798529624939}, "costs": {"total_cost": 1711.433679046367, "time_cost": 150, "final_distance_cost": 12.068379792841549, "oscillation_cost": 294.1264089211509, "completition_cost": 1000.0, "overshoot_cost": 198.4982212156498, "power_cost": 22.13953192138672, "noise_cost": 34.60113719533802, "n_waypoints_completed": 0, "tot_waypoints": 9}}
{"target": -3591.9160685818224, "params": {"k_pid_pos": [1.8612722158432007, 0.0, 0.0], "k_pid_alt": [0.0, 0.03674021363258362, 1.0], "k_pid_att": [6.142210960388184, 10.0, 0.9956179857254028], "k_pid_yaw": [0.5, 1e-06, 0.1], "k_pid_hsp": [9.999999747378752e-05, 0.9596402645111084, 1.0], "k_pid_vsp": [0.9740352630615234, 390.7332458496094, 400.0]}, "datetime": {"datetime": "2025-08-21 15:29:16", "elapsed": 24272.4676091671, "delta": 23.49069356918335}, "costs": {"total_cost": 3591.9160685818224, "time_cost": 150, "final_distance_cost": 1018.4620754477581, "oscillation_cost": 238.99439496766695, "completition_cost": 1000.0, "overshoot_cost": 1146.4682128916859, "power_cost": 21.23608787841797, "noise_cost": 16.75529739629315, "n_waypoints_completed": 0, "tot_waypoints": 9}}
{"target": -5700.408346695651, "params": {"k_pid_pos": [1.9956704378128052, 0.07694017887115479, 0.05466347932815552], "k_pid_alt": [0.0, 0.007863044738769531, 0.9485588669776917], "k_pid_att": [0.0, 9.84530258178711, 1.0], "k_pid_yaw": [0.5, 1e-06, 0.1], "k_pid_hsp": [0.7185534834861755, 1.0, 1.0], "k_pid_vsp": [0.0, 386.0261535644531, 400.0]}, "datetime": {"datetime": "2025-08-21 15:29:39", "elapsed": 24296.31688451767, "delta": 23.84927535057068}, "costs": {"total_cost": 5700.408346695651, "time_cost": 150, "final_distance_cost": 590.7150681700455, "oscillation_cost": 2142.633196563324, "completition_cost": 1000.0, "overshoot_cost": 1690.0226666634157, "power_cost": 30.98570643310547, "noise_cost": 96.05170886576045, "n_waypoints_completed": 0, "tot_waypoints": 9}}
{"target": -15316.788770120214, "params": {"k_pid_pos": [2.0, 0.0, 0.006572127342224121], "k_pid_alt": [0.0, 0.0716928243637085, 1.0], "k_pid_att": [0.0, 10.0, 1.0], "k_pid_yaw": [0.5, 1e-06, 0.1], "k_pid_hsp": [0.20282499492168427, 1.0, 0.9632838368415833], "k_pid_vsp": [0.0, 400.0, 376.2402038574219]}, "datetime": {"datetime": "2025-08-21 15:30:03", "elapsed": 24320.268988370895, "delta": 23.952103853225708}, "costs": {"total_cost": 15316.788770120214, "time_cost": 150, "final_distance_cost": 4504.127325638941, "oscillation_cost": 1541.1930983259929, "completition_cost": 1000.0, "overshoot_cost": 7982.056166899586, "power_cost": 35.26427319335938, "noise_cost": 104.14790606233464, "n_waypoints_completed": 0, "tot_waypoints": 9}}
{"target": -3712.0964595086703, "params": {"k_pid_pos": [2.0, 0.06125304102897644, 0.024478882551193237], "k_pid_alt": [0.05952727794647217, 0.012543529272079468, 1.0], "k_pid_att": [0.0, 10.0, 1.0], "k_pid_yaw": [0.5, 1e-06, 0.1], "k_pid_hsp": [0.9856153726577759, 0.9997888207435608, 0.9563708901405334], "k_pid_vsp": [0.0, 400.0, 400.0]}, "datetime": {"datetime": "2025-08-21 15:30:26", "elapsed": 24343.283045768738, "delta": 23.014057397842407}, "costs": {"total_cost": 3712.0964595086703, "time_cost": 150, "final_distance_cost": 298.30615349629113, "oscillation_cost": 1231.9043053465273, "completition_cost": 1000.0, "overshoot_cost": 903.6245638083201, "power_cost": 31.844566235351564, "noise_cost": 96.41687062218037, "n_waypoints_completed": 0, "tot_waypoints": 9}}
