{"target": -3073.4018222252575, "params": {"k_pid_pos": [2.0, 0.0, 0.0], "k_pid_alt": [0.022937893867492676, 0.004601538181304932, 1.0], "k_pid_att": [4.038608074188232, 10.0, 1.0], "k_pid_yaw": [0.5, 1e-06, 0.1], "k_pid_hsp": [0.0015954654663801193, 0.9642067551612854, 0.9927343130111694], "k_pid_vsp": [0.0, 385.3376770019531, 400.0]}, "datetime": {"datetime": "2025-08-21 14:47:34", "elapsed": 21770.751841783524, "delta": 23.322579383850098}, "costs": {"total_cost": 3073.4018222252575, "time_cost": 150, "final_distance_cost": 835.8583462889126, "oscillation_cost": 184.35796563754957, "completition_cost": 1000.0, "overshoot_cost": 857.828962869146, "power_cost": 19.049284484863282, "noise_cost": 26.30726294478612, "n_waypoints_completed": 0, "tot_waypoints": 9}}
{"target": -1811.8367501176283, "params": {"k_pid_pos": [1.9076330661773682, 0.0, 0.0], "k_pid_alt": [0.0, 0.009171009063720703, 1.0], "k_pid_att": [3.555572032928467, 9.643386840820312, 0.9677578806877136], "k_pid_yaw": [0.5, 1e-06, 0.1], "k_pid_hsp": [0.08521488308906555, 1.0, 0.9477453827857971], "k_pid_vsp": [0.0, 400.0, 376.9159851074219]}, "datetime": {"datetime": "2025-08-21 14:47:58", "elapsed": 21794.775760412216, "delta": 24.023918628692627}, "costs": {"total_cost": 1811.8367501176283, "time_cost": 150, "final_distance_cost": 33.34518039009523, "oscillation_cost": 293.4179940465688, "completition_cost": 1000.0, "overshoot_cost": 251.3461378131018, "power_cost": 19.65640389404297, "noise_cost": 64.0710339738193, "n_waypoints_completed": 0, "tot_waypoints": 9}}
{"target": -9294.813678161325, "params": {"k_pid_pos": [1.9078149795532227, 0.0, 0.0], "k_pid_alt": [0.0, 0.0, 1.0], "k_pid_att": [0.0, 9.750732421875, 1.0], "k_pid_yaw": [0.5, 1e-06, 0.1], "k_pid_hsp": [9.999999747378752e-05, 0.9284926056861877, 0.9286860227584839], "k_pid_vsp": [17.90736961364746, 382.183349609375, 400.0]}, "datetime": {"datetime": "2025-08-21 14:48:20", "elapsed": 21817.45272064209, "delta": 22.676960229873657}, "costs": {"total_cost": 9294.813678161325, "time_cost": 150, "final_distance_cost": 2671.526929728659, "oscillation_cost": 585.7529891706683, "completition_cost": 1000.0, "overshoot_cost": 4809.945283331832, "power_cost": 14.121700329589844, "noise_cost": 63.46677560057722, "n_waypoints_completed": 0, "tot_waypoints": 9}}
{"target": -7485.297695251024, "params": {"k_pid_pos": [2.0, 0.0, 0.008700698614120483], "k_pid_alt": [0.0, 0.0, 1.0], "k_pid_att": [0.0, 10.0, 1.0], "k_pid_yaw": [0.5, 1e-06, 0.1], "k_pid_hsp": [9.999999747378752e-05, 1.0, 1.0], "k_pid_vsp": [0.0, 383.1856689453125, 400.0]}, "datetime": {"datetime": "2025-08-21 14:48:43", "elapsed": 21840.423811912537, "delta": 22.971091270446777}, "costs": {"total_cost": 7485.297695251024, "time_cost": 150, "final_distance_cost": 1623.479483557455, "oscillation_cost": 1099.0217472423944, "completition_cost": 1000.0, "overshoot_cost": 3519.037158364692, "power_cost": 19.68567331542969, "noise_cost": 74.0736327710529, "n_waypoints_completed": 0, "tot_waypoints": 9}}
{"target": -2147.0591012256764, "params": {"k_pid_pos": [1.9199954271316528, 0.0, 0.0], "k_pid_alt": [0.0, 0.019935429096221924, 0.9911519289016724], "k_pid_att": [13.093871116638184, 9.946187973022461, 1.0], "k_pid_yaw": [0.5, 1e-06, 0.1], "k_pid_hsp": [0.5069427490234375, 0.9726400375366211, 0.965259850025177], "k_pid_vsp": [10.53781509399414, 400.0, 400.0]}, "datetime": {"datetime": "2025-08-21 14:49:07", "elapsed": 21863.716114759445, "delta": 23.29230284690857}, "costs": {"total_cost": 2147.0591012256764, "time_cost": 150, "final_distance_cost": 553.8516683299682, "oscillation_cost": 148.91527186945916, "completition_cost": 888.8888888888888, "overshoot_cost": 367.0120909272689, "power_cost": 19.957318322753906, "noise_cost": 18.433862887337245, "n_waypoints_completed": 1, "tot_waypoints": 9}}
{"target": -13351.764716707685, "params": {"k_pid_pos": [2.0, 0.0, 0.08146592974662781], "k_pid_alt": [0.0, 0.0, 0.9758260846138], "k_pid_att": [0.0, 10.0, 1.0], "k_pid_yaw": [0.5, 1e-06, 0.1], "k_pid_hsp": [0.5390841960906982, 1.0, 1.0], "k_pid_vsp": [22.579622268676758, 400.0, 389.54864501953125]}, "datetime": {"datetime": "2025-08-21 14:49:30", "elapsed": 21887.19173669815, "delta": 23.475621938705444}, "costs": {"total_cost": 13351.764716707685, "time_cost": 150, "final_distance_cost": 4170.019823579378, "oscillation_cost": 1557.1613752096266, "completition_cost": 1000.0, "overshoot_cost": 6351.770746074179, "power_cost": 28.57210869140625, "noise_cost": 94.24066315309567, "n_waypoints_completed": 0, "tot_waypoints": 9}}
{"target": -1744.9794653616277, "params": {"k_pid_pos": [2.0, 0.10737079381942749, 0.0], "k_pid_alt": [0.124320387840271, 0.0286121666431427, 1.0], "k_pid_att": [3.9551048278808594, 9.5427885055542, 0.9589502811431885], "k_pid_yaw": [0.5, 1e-06, 0.1], "k_pid_hsp": [0.12187553942203522, 1.0, 0.9919847249984741], "k_pid_vsp": [14.072359085083008, 400.0, 350.1207275390625]}, "datetime": {"datetime": "2025-08-21 14:49:54", "elapsed": 21910.63737630844, "delta": 23.445639610290527}, "costs": {"total_cost": 1744.9794653616277, "time_cost": 150, "final_distance_cost": 33.79791366089676, "oscillation_cost": 294.69877289100464, "completition_cost": 1000.0, "overshoot_cost": 175.69683462774995, "power_cost": 21.891672314453125, "noise_cost": 68.89427186752334, "n_waypoints_completed": 0, "tot_waypoints": 9}}
{"target": -5106.722165543187, "params": {"k_pid_pos": [1.9110816717147827, 0.0, 0.0], "k_pid_alt": [0.04602450132369995, 0.04079854488372803, 1.0], "k_pid_att": [0.0, 9.853629112243652, 0.9651102423667908], "k_pid_yaw": [0.5, 1e-06, 0.1], "k_pid_hsp": [9.999999747378752e-05, 1.0, 0.9886166453361511], "k_pid_vsp": [5.077612400054932, 394.6839904785156, 394.0445556640625]}, "datetime": {"datetime": "2025-08-21 14:50:16", "elapsed": 21933.45520091057, "delta": 22.817824602127075}, "costs": {"total_cost": 5106.722165543187, "time_cost": 150, "final_distance_cost": 496.77436581941106, "oscillation_cost": 1820.762713384345, "completition_cost": 1000.0, "overshoot_cost": 1505.6148603660695, "power_cost": 33.60373039550782, "noise_cost": 99.96649557785348, "n_waypoints_completed": 0, "tot_waypoints": 9}}
{"target": -2704.6145796735123, "params": {"k_pid_pos": [1.9491268396377563, 0.01667073369026184, 0.058151185512542725], "k_pid_alt": [0.16276133060455322, 0.03285518288612366, 0.9783892631530762], "k_pid_att": [0.5622625350952148, 10.0, 1.0], "k_pid_yaw": [0.5, 1e-06, 0.1], "k_pid_hsp": [9.999999747378752e-05, 0.9388178586959839, 1.0], "k_pid_vsp": [15.043724060058594, 400.0, 379.9834289550781]}, "datetime": {"datetime": "2025-08-21 14:50:40", "elapsed": 21956.794736385345, "delta": 23.33953547477722}, "costs": {"total_cost": 2704.6145796735123, "time_cost": 150, "final_distance_cost": 212.52068321878374, "oscillation_cost": 839.3651995702713, "completition_cost": 1000.0, "overshoot_cost": 379.07535830891413, "power_cost": 30.65630467529297, "noise_cost": 92.99703390024958, "n_waypoints_completed": 0, "tot_waypoints": 9}}
{"target": -11517.323253195069, "params": {"k_pid_pos": [1.9199023246765137, 0.07643190026283264, 0.014355242252349854], "k_pid_alt": [0.046760499477386475, 0.0016859471797943115, 0.9931092262268066], "k_pid_att": [0.0, 9.674447059631348, 1.0], "k_pid_yaw": [0.5, 1e-06, 0.1], "k_pid_hsp": [0.12230022251605988, 0.973528265953064, 0.9730135798454285], "k_pid_vsp": [19.764541625976562, 361.424560546875, 375.7825012207031]}, "datetime": {"datetime": "2025-08-21 14:51:03", "elapsed": 21980.144683122635, "delta": 23.34994673728943}, "costs": {"total_cost": 11517.323253195069, "time_cost": 150, "final_distance_cost": 3048.2417814249143, "oscillation_cost": 2066.283935428415, "completition_cost": 1000.0, "overshoot_cost": 5122.974805136198, "power_cost": 32.02549763183594, "noise_cost": 97.79723357370553, "n_waypoints_completed": 0, "tot_waypoints": 9}}
{"target": -10184.327206700413, "params": {"k_pid_pos": [1.97347891330719, 0.06264781951904297, 0.0], "k_pid_alt": [0.16107356548309326, 0.009444594383239746, 1.0], "k_pid_att": [0.0, 10.0, 1.0], "k_pid_yaw": [0.5, 1e-06, 0.1], "k_pid_hsp": [9.999999747378752e-05, 1.0, 0.9388211965560913], "k_pid_vsp": [9.3735933303833, 379.5569763183594, 400.0]}, "datetime": {"datetime": "2025-08-21 14:51:26", "elapsed": 22003.273536920547, "delta": 23.128853797912598}, "costs": {"total_cost": 10184.327206700413, "time_cost": 150, "final_distance_cost": 3064.49296458589, "oscillation_cost": 1969.363614848105, "completition_cost": 1000.0, "overshoot_cost": 3868.2054840206442, "power_cost": 33.050157104492186, "noise_cost": 99.21498614128099, "n_waypoints_completed": 0, "tot_waypoints": 9}}
{"target": -3029.158280527172, "params": {"k_pid_pos": [1.9170514345169067, 0.014885187149047852, 0.08124181628227234], "k_pid_alt": [0.0, 0.01645234227180481, 0.9608560800552368], "k_pid_att": [0.0, 9.772936820983887, 0.9758597612380981], "k_pid_yaw": [0.5, 1e-06, 0.1], "k_pid_hsp": [9.999999747378752e-05, 0.9246323108673096, 0.9966658353805542], "k_pid_vsp": [7.480001449584961, 400.0, 370.0542297363281]}, "datetime": {"datetime": "2025-08-21 14:51:50", "elapsed": 22026.71162891388, "delta": 23.43809199333191}, "costs": {"total_cost": 3029.158280527172, "time_cost": 150, "final_distance_cost": 277.1660792327453, "oscillation_cost": 810.7699184307844, "completition_cost": 1000.0, "overshoot_cost": 664.3302477890817, "power_cost": 31.41990084228516, "noise_cost": 95.47213423227555, "n_waypoints_completed": 0, "tot_waypoints": 9}}
{"target": -11695.220644287052, "params": {"k_pid_pos": [1.8101825714111328, 0.04245340824127197, 0.012829482555389404], "k_pid_alt": [0.017462313175201416, 0.0, 0.9859839677810669], "k_pid_att": [0.0, 9.679506301879883, 1.0], "k_pid_yaw": [0.5, 1e-06, 0.1], "k_pid_hsp": [9.999999747378752e-05, 1.0, 0.9265995025634766], "k_pid_vsp": [19.33933448791504, 375.0895690917969, 385.13629150390625]}, "datetime": {"datetime": "2025-08-21 14:52:13", "elapsed": 22050.263004779816, "delta": 23.55137586593628}, "costs": {"total_cost": 11695.220644287052, "time_cost": 150, "final_distance_cost": 3164.8692669570596, "oscillation_cost": 1761.8640336925564, "completition_cost": 1000.0, "overshoot_cost": 5487.252266682526, "power_cost": 32.542001562500005, "noise_cost": 98.69307539240911, "n_waypoints_completed": 0, "tot_waypoints": 9}}
{"target": -2077.848928287374, "params": {"k_pid_pos": [1.9634815454483032, 0.0, 0.0], "k_pid_alt": [0.0, 0.0, 1.0], "k_pid_att": [1.2439846992492676, 9.689699172973633, 0.9295291900634766], "k_pid_yaw": [0.5, 1e-06, 0.1], "k_pid_hsp": [9.999999747378752e-05, 0.9759713411331177, 0.9494545459747314], "k_pid_vsp": [0.0, 398.76885986328125, 395.18719482421875]}, "datetime": {"datetime": "2025-08-21 14:52:37", "elapsed": 22073.578768968582, "delta": 23.31576418876648}, "costs": {"total_cost": 2077.848928287374, "time_cost": 150, "final_distance_cost": 29.36142555976779, "oscillation_cost": 642.3045993497542, "completition_cost": 1000.0, "overshoot_cost": 169.40140827925686, "power_cost": 17.51105203857422, "noise_cost": 69.27044306002072, "n_waypoints_completed": 0, "tot_waypoints": 9}}
{"target": -5674.626406333491, "params": {"k_pid_pos": [2.0, 0.024707704782485962, 0.0], "k_pid_alt": [0.0, 0.015011966228485107, 1.0], "k_pid_att": [0.6113767623901367, 9.739082336425781, 0.9623246192932129], "k_pid_yaw": [0.5, 1e-06, 0.1], "k_pid_hsp": [9.999999747378752e-05, 0.9153759479522705, 0.948509931564331], "k_pid_vsp": [26.312625885009766, 384.7165222167969, 400.0]}, "datetime": {"datetime": "2025-08-21 14:53:00", "elapsed": 22097.041043519974, "delta": 23.4622745513916}, "costs": {"total_cost": 5674.626406333491, "time_cost": 150, "final_distance_cost": 1478.929978357113, "oscillation_cost": 558.46128237906, "completition_cost": 1000.0, "overshoot_cost": 2353.5770870661313, "power_cost": 33.90053785400391, "noise_cost": 99.75752067718281, "n_waypoints_completed": 0, "tot_waypoints": 9}}
{"target": -3548.9094276188075, "params": {"k_pid_pos": [1.9317095279693604, 0.0, 0.0], "k_pid_alt": [0.01850581169128418, 0.0, 1.0], "k_pid_att": [0.0, 10.0, 1.0], "k_pid_yaw": [0.5, 1e-06, 0.1], "k_pid_hsp": [0.4482690691947937, 0.9899117946624756, 0.973875880241394], "k_pid_vsp": [2.160978317260742, 400.0, 364.4399108886719]}, "datetime": {"datetime": "2025-08-21 14:53:24", "elapsed": 22121.03226876259, "delta": 23.991225242614746}, "costs": {"total_cost": 3548.9094276188075, "time_cost": 150, "final_distance_cost": 359.1193364649663, "oscillation_cost": 1324.1179915184875, "completition_cost": 1000.0, "overshoot_cost": 589.9591774051443, "power_cost": 31.03943952636719, "noise_cost": 94.67348270384274, "n_waypoints_completed": 0, "tot_waypoints": 9}}
{"target": -1693.419969162475, "params": {"k_pid_pos": [1.915747046470642, 0.0, 0.006235271692276001], "k_pid_alt": [0.04655879735946655, 0.0, 0.9737420082092285], "k_pid_att": [6.6946892738342285, 10.0, 1.0], "k_pid_yaw": [0.5, 1e-06, 0.1], "k_pid_hsp": [9.999999747378752e-05, 1.0, 1.0], "k_pid_vsp": [15.36673355102539, 400.0, 400.0]}, "datetime": {"datetime": "2025-08-21 14:53:47", "elapsed": 22144.45344233513, "delta": 23.421173572540283}, "costs": {"total_cost": 1693.419969162475, "time_cost": 150, "final_distance_cost": 19.77979911060135, "oscillation_cost": 291.1859141785936, "completition_cost": 1000.0, "overshoot_cost": 150.66553498157683, "power_cost": 18.838173303222657, "noise_cost": 62.950547588480596, "n_waypoints_completed": 0, "tot_waypoints": 9}}
{"target": -1799.4365505184282, "params": {"k_pid_pos": [1.857442021369934, 0.05389195680618286, 0.11999005079269409], "k_pid_alt": [0.0395851731300354, 0.0, 1.0], "k_pid_att": [3.7861883640289307, 9.894976615905762, 0.9771373271942139], "k_pid_yaw": [0.5, 1e-06, 0.1], "k_pid_hsp": [9.999999747378752e-05, 0.9603435397148132, 0.9369956254959106], "k_pid_vsp": [0.0, 384.765380859375, 370.05596923828125]}, "datetime": {"datetime": "2025-08-21 14:54:11", "elapsed": 22168.11640572548, "delta": 23.662963390350342}, "costs": {"total_cost": 1799.4365505184282, "time_cost": 150, "final_distance_cost": 32.50248675793559, "oscillation_cost": 298.9618397305003, "completition_cost": 1000.0, "overshoot_cost": 229.4004090115074, "power_cost": 21.140902563476562, "noise_cost": 67.43091245500841, "n_waypoints_completed": 0, "tot_waypoints": 9}}
{"target": -9641.770328498646, "params": {"k_pid_pos": [1.9564789533615112, 0.0, 0.06401404738426208], "k_pid_alt": [0.0, 0.0, 1.0], "k_pid_att": [0.0, 10.0, 1.0], "k_pid_yaw": [0.5, 1e-06, 0.1], "k_pid_hsp": [9.999999747378752e-05, 0.9755589962005615, 0.9848020076751709], "k_pid_vsp": [5.445730686187744, 363.5739440917969, 389.7324523925781]}, "datetime": {"datetime": "2025-08-21 14:54:34", "elapsed": 22191.388592481613, "delta": 23.272186756134033}, "costs": {"total_cost": 9641.770328498646, "time_cost": 150, "final_distance_cost": 2823.337542666127, "oscillation_cost": 595.1783828095464, "completition_cost": 1000.0, "overshoot_cost": 4996.837186477334, "power_cost": 13.672465783691408, "noise_cost": 62.74475076194687, "n_waypoints_completed": 0, "tot_waypoints": 9}}
{"target": -6377.144329815958, "params": {"k_pid_pos": [1.9732120037078857, 0.0073122382164001465, 0.03648263216018677], "k_pid_alt": [0.14263880252838135, 0.00014391541481018066, 0.9070433378219604], "k_pid_att": [0.0, 9.727663040161133, 0.9920101165771484], "k_pid_yaw": [0.5, 1e-06, 0.1], "k_pid_hsp": [0.1972585767507553, 0.9930381774902344, 0.9623581171035767], "k_pid_vsp": [32.86521530151367, 400.0, 400.0]}, "datetime": {"datetime": "2025-08-21 14:54:58", "elapsed": 22214.93319606781, "delta": 23.5446035861969}, "costs": {"total_cost": 6377.144329815958, "time_cost": 150, "final_distance_cost": 395.817026451684, "oscillation_cost": 1908.196141362318, "completition_cost": 1000.0, "overshoot_cost": 2784.0602399266763, "power_cost": 35.189489196777345, "noise_cost": 103.88143287850329, "n_waypoints_completed": 0, "tot_waypoints": 9}}
{"target": -12553.681669017024, "params": {"k_pid_pos": [1.8992397785186768, 0.0, 0.0], "k_pid_alt": [0.03972816467285156, 0.0, 0.925737202167511], "k_pid_att": [0.0, 10.0, 0.9153198003768921], "k_pid_yaw": [0.5, 1e-06, 0.1], "k_pid_hsp": [9.999999747378752e-05, 1.0, 0.8978320956230164], "k_pid_vsp": [0.0, 397.751220703125, 400.0]}, "datetime": {"datetime": "2025-08-21 14:55:22", "elapsed": 22238.84499025345, "delta": 23.911794185638428}, "costs": {"total_cost": 12553.681669017024, "time_cost": 150, "final_distance_cost": 3552.003765983297, "oscillation_cost": 1292.0338510344325, "completition_cost": 1000.0, "overshoot_cost": 6422.101404366519, "power_cost": 34.832062829589844, "noise_cost": 102.71058480318466, "n_waypoints_completed": 0, "tot_waypoints": 9}}
{"target": -4698.437737995557, "params": {"k_pid_pos": [2.0, 0.04148039221763611, 0.0], "k_pid_alt": [0.0, 0.023209810256958008, 1.0], "k_pid_att": [0.0, 9.767542839050293, 1.0], "k_pid_yaw": [0.5, 1e-06, 0.1], "k_pid_hsp": [0.6067917346954346, 1.0, 1.0], "k_pid_vsp": [0.0, 391.2965393066406, 398.50396728515625]}, "datetime": {"datetime": "2025-08-21 14:55:45", "elapsed": 22262.159523248672, "delta": 23.314532995224}, "costs": {"total_cost": 4698.437737995557, "time_cost": 150, "final_distance_cost": 569.7669675529529, "oscillation_cost": 1968.5185473386218, "completition_cost": 1000.0, "overshoot_cost": 887.2189904277044, "power_cost": 29.806694238281253, "noise_cost": 93.12653843799687, "n_waypoints_completed": 0, "tot_waypoints": 9}}
{"target": -6704.166899112575, "params": {"k_pid_pos": [2.0, 0.0, 0.010319232940673828], "k_pid_alt": [0.06790930032730103, 0.04956820607185364, 0.97397780418396], "k_pid_att": [0.0, 10.0, 1.0], "k_pid_yaw": [0.5, 1e-06, 0.1], "k_pid_hsp": [9.999999747378752e-05, 1.0, 0.9342911243438721], "k_pid_vsp": [10.769044876098633, 386.5424499511719, 400.0]}, "datetime": {"datetime": "2025-08-21 14:56:09", "elapsed": 22285.81935787201, "delta": 23.659834623336792}, "costs": {"total_cost": 6704.166899112575, "time_cost": 150, "final_distance_cost": 1914.739670016023, "oscillation_cost": 1884.9330407331865, "completition_cost": 1000.0, "overshoot_cost": 1622.2523954745366, "power_cost": 33.03710441894531, "noise_cost": 99.20468846988389, "n_waypoints_completed": 0, "tot_waypoints": 9}}
{"target": -2035.5151061889787, "params": {"k_pid_pos": [1.9735896587371826, 0.023143351078033447, 0.0], "k_pid_alt": [0.05223667621612549, 0.11075758934020996, 0.9682168960571289], "k_pid_att": [2.875885486602783, 10.0, 1.0], "k_pid_yaw": [0.5, 1e-06, 0.1], "k_pid_hsp": [9.999999747378752e-05, 1.0, 0.9836925268173218], "k_pid_vsp": [0.0, 384.46380615234375, 400.0]}, "datetime": {"datetime": "2025-08-21 14:56:32", "elapsed": 22309.24139714241, "delta": 23.422039270401}, "costs": {"total_cost": 2035.5151061889787, "time_cost": 150, "final_distance_cost": 112.30193499996547, "oscillation_cost": 341.84328428589015, "completition_cost": 1000.0, "overshoot_cost": 329.9312121947779, "power_cost": 24.7622033203125, "noise_cost": 76.67647138803306, "n_waypoints_completed": 0, "tot_waypoints": 9}}
{"target": -3630.586373578218, "params": {"k_pid_pos": [2.0, 0.0, 0.06744080781936646], "k_pid_alt": [0.04012870788574219, 0.0, 1.0], "k_pid_att": [9.680703163146973, 9.570591926574707, 1.0], "k_pid_yaw": [0.5, 1e-06, 0.1], "k_pid_hsp": [9.999999747378752e-05, 0.9415185451507568, 0.9617827534675598], "k_pid_vsp": [0.0, 400.0, 400.0]}, "datetime": {"datetime": "2025-08-21 14:56:56", "elapsed": 22332.523614168167, "delta": 23.282217025756836}, "costs": {"total_cost": 3630.586373578218, "time_cost": 150, "final_distance_cost": 833.5155744436761, "oscillation_cost": 181.4872732054021, "completition_cost": 1000.0, "overshoot_cost": 1414.5527372792728, "power_cost": 29.54676540527344, "noise_cost": 21.484023244593647, "n_waypoints_completed": 0, "tot_waypoints": 9}}
{"target": -2010.7521937909744, "params": {"k_pid_pos": [2.0, 0.07914391160011292, 0.0], "k_pid_alt": [0.0, 0.0, 1.0], "k_pid_att": [1.141175627708435, 9.490432739257812, 0.9274194836616516], "k_pid_yaw": [0.5, 1e-06, 0.1], "k_pid_hsp": [0.8296176195144653, 0.979590892791748, 0.9184823036193848], "k_pid_vsp": [0.0, 400.0, 382.41937255859375]}, "datetime": {"datetime": "2025-08-21 14:57:19", "elapsed": 22355.679802656174, "delta": 23.156188488006592}, "costs": {"total_cost": 2010.7521937909744, "time_cost": 150, "final_distance_cost": 14.154298374909498, "oscillation_cost": 614.9286732420321, "completition_cost": 1000.0, "overshoot_cost": 140.22498603088786, "power_cost": 19.352132653808596, "noise_cost": 72.09210348933624, "n_waypoints_completed": 0, "tot_waypoints": 9}}
{"target": -2174.3900380415957, "params": {"k_pid_pos": [1.9681442975997925, 0.0, 0.0], "k_pid_alt": [0.14640629291534424, 0.0033961832523345947, 1.0], "k_pid_att": [4.067626476287842, 10.0, 0.9727708101272583], "k_pid_yaw": [0.5, 1e-06, 0.1], "k_pid_hsp": [9.999999747378752e-05, 1.0, 1.0], "k_pid_vsp": [1.7903327941894531, 379.1524963378906, 394.59136962890625]}, "datetime": {"datetime": "2025-08-21 14:57:42", "elapsed": 22379.242269039154, "delta": 23.562466382980347}, "costs": {"total_cost": 2174.3900380415957, "time_cost": 150, "final_distance_cost": 303.4164635750581, "oscillation_cost": 251.87005757074073, "completition_cost": 1000.0, "overshoot_cost": 435.2512515783751, "power_cost": 18.695827197265626, "noise_cost": 15.156438120156022, "n_waypoints_completed": 0, "tot_waypoints": 9}}
