{"target": -22901.036581610104, "params": {"k_pid_pos": [1.9737852811813354, 0.047274500131607056, 0.0], "k_pid_alt": [0.0, 0.0, 1.0], "k_pid_att": [0.0, 9.309520721435547, 0.9731781482696533], "k_pid_yaw": [0.5, 1e-06, 0.1], "k_pid_hsp": [0.1639619618654251, 1.0, 0.9976014494895935], "k_pid_vsp": [4.7675371170043945, 400.0, 400.0]}, "datetime": {"datetime": "2025-08-21 18:48:12", "elapsed": 36208.9663233757, "delta": 25.704355001449585}, "costs": {"total_cost": 22901.036581610104, "time_cost": 150, "final_distance_cost": 6943.943317055408, "oscillation_cost": 2365.7932766889357, "completition_cost": 1000.0, "overshoot_cost": 12313.31211941254, "power_cost": 30.298353076171875, "noise_cost": 97.68951537705055, "n_waypoints_completed": 0, "tot_waypoints": 9}}
{"target": -3416.248010766648, "params": {"k_pid_pos": [2.0, 0.0, 0.03815662860870361], "k_pid_alt": [0.0910654067993164, 0.012603580951690674, 1.0], "k_pid_att": [4.322421550750732, 9.726933479309082, 0.9616521000862122], "k_pid_yaw": [0.5, 1e-06, 0.1], "k_pid_hsp": [9.999999747378752e-05, 0.9754317402839661, 0.9991629123687744], "k_pid_vsp": [6.099724769592285, 399.7225646972656, 394.158447265625]}, "datetime": {"datetime": "2025-08-21 18:48:35", "elapsed": 36231.98739814758, "delta": 23.021074771881104}, "costs": {"total_cost": 3416.248010766648, "time_cost": 150, "final_distance_cost": 806.8809721958611, "oscillation_cost": 200.06986996133733, "completition_cost": 1000.0, "overshoot_cost": 1218.9859294732032, "power_cost": 19.187606848144533, "noise_cost": 21.123632288102026, "n_waypoints_completed": 0, "tot_waypoints": 9}}
{"target": -6321.226155626747, "params": {"k_pid_pos": [2.0, 0.05933454632759094, 0.0], "k_pid_alt": [0.0, 0.0414084792137146, 0.9486737251281738], "k_pid_att": [0.0, 10.0, 0.9790065884590149], "k_pid_yaw": [0.5, 1e-06, 0.1], "k_pid_hsp": [9.999999747378752e-05, 1.0, 1.0], "k_pid_vsp": [0.0, 379.1921081542969, 400.0]}, "datetime": {"datetime": "2025-08-21 18:48:59", "elapsed": 36256.28175354004, "delta": 24.294355392456055}, "costs": {"total_cost": 6321.226155626747, "time_cost": 150, "final_distance_cost": 756.0892304785716, "oscillation_cost": 1904.924618789087, "completition_cost": 1000.0, "overshoot_cost": 2376.972971129601, "power_cost": 33.34732360839844, "noise_cost": 99.89201162108873, "n_waypoints_completed": 0, "tot_waypoints": 9}}
{"target": -2609.903809771893, "params": {"k_pid_pos": [2.0, 0.0, 0.0], "k_pid_alt": [0.06549394130706787, 0.0, 0.9504886865615845], "k_pid_att": [5.031970024108887, 10.0, 0.9988111257553101], "k_pid_yaw": [0.5, 1e-06, 0.1], "k_pid_hsp": [9.999999747378752e-05, 1.0, 1.0], "k_pid_vsp": [15.693998336791992, 396.24420166015625, 392.0215148925781]}, "datetime": {"datetime": "2025-08-21 18:49:23", "elapsed": 36280.0822365284, "delta": 23.800482988357544}, "costs": {"total_cost": 2609.903809771893, "time_cost": 150, "final_distance_cost": 597.446030945837, "oscillation_cost": 153.77747968537378, "completition_cost": 1000.0, "overshoot_cost": 672.743732829831, "power_cost": 19.176953771972656, "noise_cost": 16.759612538878176, "n_waypoints_completed": 0, "tot_waypoints": 9}}
{"target": -3215.1146813464306, "params": {"k_pid_pos": [1.9524675607681274, 0.0, 0.08933794498443604], "k_pid_alt": [0.0, 0.0, 1.0], "k_pid_att": [0.0, 9.81905746459961, 1.0], "k_pid_yaw": [0.5, 1e-06, 0.1], "k_pid_hsp": [0.033916059881448746, 0.9786356687545776, 0.9072175025939941], "k_pid_vsp": [0.0, 400.0, 400.0]}, "datetime": {"datetime": "2025-08-21 18:49:46", "elapsed": 36302.90608239174, "delta": 22.823845863342285}, "costs": {"total_cost": 3215.1146813464306, "time_cost": 150, "final_distance_cost": 352.5837730496402, "oscillation_cost": 995.6642441866818, "completition_cost": 1000.0, "overshoot_cost": 622.9634963387788, "power_cost": 19.460757055664065, "noise_cost": 74.4424107156655, "n_waypoints_completed": 0, "tot_waypoints": 9}}
{"target": -1698.0912575519146, "params": {"k_pid_pos": [2.0, 0.07016384601593018, 0.0], "k_pid_alt": [0.038011372089385986, 0.0, 0.9659031629562378], "k_pid_att": [12.72565746307373, 8.797054290771484, 1.0], "k_pid_yaw": [0.5, 1e-06, 0.1], "k_pid_hsp": [0.00967449601739645, 0.9641541838645935, 1.0], "k_pid_vsp": [13.38038444519043, 399.4300842285156, 380.8568115234375]}, "datetime": {"datetime": "2025-08-21 18:50:11", "elapsed": 36327.753120183945, "delta": 24.84703779220581}, "costs": {"total_cost": 1698.0912575519146, "time_cost": 150, "final_distance_cost": 1.7634139635856099, "oscillation_cost": 370.9310798931827, "completition_cost": 1000.0, "overshoot_cost": 110.17691204054587, "power_cost": 20.264412548828126, "noise_cost": 44.95543910577228, "n_waypoints_completed": 0, "tot_waypoints": 9}}
{"target": -8939.454870984962, "params": {"k_pid_pos": [1.9469594955444336, 0.07132494449615479, 0.0], "k_pid_alt": [0.0, 0.03309360146522522, 1.0], "k_pid_att": [0.0, 10.0, 0.8763574957847595], "k_pid_yaw": [0.5, 1e-06, 0.1], "k_pid_hsp": [9.999999747378752e-05, 0.982944905757904, 1.0], "k_pid_vsp": [0.0, 397.7658996582031, 394.2852478027344]}, "datetime": {"datetime": "2025-08-21 18:50:35", "elapsed": 36351.58412671089, "delta": 23.83100652694702}, "costs": {"total_cost": 8939.454870984962, "time_cost": 150, "final_distance_cost": 2281.474680787923, "oscillation_cost": 2028.902495650546, "completition_cost": 1000.0, "overshoot_cost": 3343.127290465327, "power_cost": 34.19362408447266, "noise_cost": 101.75677999669284, "n_waypoints_completed": 0, "tot_waypoints": 9}}
{"target": -1737.4651496029196, "params": {"k_pid_pos": [1.9373654127120972, 0.0, 0.04775381088256836], "k_pid_alt": [0.002669095993041992, 0.02054545283317566, 0.9564828276634216], "k_pid_att": [2.5570809841156006, 9.21875286102295, 0.9594854116439819], "k_pid_yaw": [0.5, 1e-06, 0.1], "k_pid_hsp": [0.5637024641036987, 0.9479966163635254, 0.9301883578300476], "k_pid_vsp": [0.0, 400.0, 400.0]}, "datetime": {"datetime": "2025-08-21 18:50:59", "elapsed": 36375.62278485298, "delta": 24.038658142089844}, "costs": {"total_cost": 1737.4651496029196, "time_cost": 150, "final_distance_cost": 16.7488826153609, "oscillation_cost": 352.67397778793554, "completition_cost": 1000.0, "overshoot_cost": 149.14502257164574, "power_cost": 24.534805737304687, "noise_cost": 44.36246089067265, "n_waypoints_completed": 0, "tot_waypoints": 9}}
{"target": -10223.8317600214, "params": {"k_pid_pos": [1.837637186050415, 0.02996423840522766, 0.0], "k_pid_alt": [0.040086984634399414, 0.0, 1.0], "k_pid_att": [0.0, 10.0, 0.9778127670288086], "k_pid_yaw": [0.5, 1e-06, 0.1], "k_pid_hsp": [9.999999747378752e-05, 0.9931188821792603, 0.9787852764129639], "k_pid_vsp": [29.364025115966797, 372.9688720703125, 400.0]}, "datetime": {"datetime": "2025-08-21 18:51:24", "elapsed": 36400.53662276268, "delta": 24.913837909698486}, "costs": {"total_cost": 10223.8317600214, "time_cost": 150, "final_distance_cost": 2716.9849530235124, "oscillation_cost": 1641.287012206936, "completition_cost": 1000.0, "overshoot_cost": 4585.89590550814, "power_cost": 32.28296160888672, "noise_cost": 97.3809276739243, "n_waypoints_completed": 0, "tot_waypoints": 9}}
{"target": -5308.916693792056, "params": {"k_pid_pos": [1.9153999090194702, 0.12613600492477417, 0.0], "k_pid_alt": [0.0, 0.0, 1.0], "k_pid_att": [0.0, 9.666869163513184, 0.9941030740737915], "k_pid_yaw": [0.5, 1e-06, 0.1], "k_pid_hsp": [9.999999747378752e-05, 0.9792706966400146, 0.9880582094192505], "k_pid_vsp": [0.0, 400.0, 400.0]}, "datetime": {"datetime": "2025-08-21 18:51:46", "elapsed": 36423.418120384216, "delta": 22.881497621536255}, "costs": {"total_cost": 5308.916693792056, "time_cost": 150, "final_distance_cost": 694.6279702578596, "oscillation_cost": 1379.9690635683733, "completition_cost": 1000.0, "overshoot_cost": 1987.33835983557, "power_cost": 20.395603063964845, "noise_cost": 76.58569706628934, "n_waypoints_completed": 0, "tot_waypoints": 9}}
{"target": -3843.0053693854916, "params": {"k_pid_pos": [2.0, 0.02788984775543213, 0.0], "k_pid_alt": [0.017588794231414795, 0.053640782833099365, 1.0], "k_pid_att": [16.618038177490234, 9.896808624267578, 0.8645614385604858], "k_pid_yaw": [0.5, 1e-06, 0.1], "k_pid_hsp": [0.19911016523838043, 1.0, 0.9844018220901489], "k_pid_vsp": [26.141881942749023, 396.7841491699219, 381.1233825683594]}, "datetime": {"datetime": "2025-08-21 18:52:11", "elapsed": 36447.69510483742, "delta": 24.276984453201294}, "costs": {"total_cost": 3843.0053693854916, "time_cost": 150, "final_distance_cost": 832.9024620333637, "oscillation_cost": 367.93379129731744, "completition_cost": 1000.0, "overshoot_cost": 1461.7941165005034, "power_cost": 16.78324865722656, "noise_cost": 13.59175089708121, "n_waypoints_completed": 0, "tot_waypoints": 9}}
{"target": -4931.869809232972, "params": {"k_pid_pos": [1.9496430158615112, 0.07000759243965149, 0.017141997814178467], "k_pid_alt": [0.011515617370605469, 0.0, 1.0], "k_pid_att": [0.0, 10.0, 1.0], "k_pid_yaw": [0.5, 1e-06, 0.1], "k_pid_hsp": [9.999999747378752e-05, 0.8576799631118774, 1.0], "k_pid_vsp": [58.27238464355469, 400.0, 400.0]}, "datetime": {"datetime": "2025-08-21 18:52:34", "elapsed": 36471.0393679142, "delta": 23.344263076782227}, "costs": {"total_cost": 4931.869809232972, "time_cost": 150, "final_distance_cost": 485.7204113387689, "oscillation_cost": 2152.01580835777, "completition_cost": 1000.0, "overshoot_cost": 1015.9662361770812, "power_cost": 31.435828552246097, "noise_cost": 96.731524807106, "n_waypoints_completed": 0, "tot_waypoints": 9}}
{"target": -16641.898171895704, "params": {"k_pid_pos": [2.0, 0.0, 0.008214890956878662], "k_pid_alt": [0.0, 0.0, 1.0], "k_pid_att": [0.14339983463287354, 10.0, 1.0], "k_pid_yaw": [0.5, 1e-06, 0.1], "k_pid_hsp": [0.4760308563709259, 1.0, 0.9661432504653931], "k_pid_vsp": [40.17220687866211, 392.4404296875, 387.6789855957031]}, "datetime": {"datetime": "2025-08-21 18:52:56", "elapsed": 36493.405623197556, "delta": 22.366255283355713}, "costs": {"total_cost": 16641.898171895704, "time_cost": 150, "final_distance_cost": 5176.207554044702, "oscillation_cost": 1950.9044597615655, "completition_cost": 1000.0, "overshoot_cost": 8240.566789990133, "power_cost": 29.439614233398437, "noise_cost": 94.77975386590855, "n_waypoints_completed": 0, "tot_waypoints": 9}}
{"target": -6323.892652215622, "params": {"k_pid_pos": [2.0, 0.05779507756233215, 0.0], "k_pid_alt": [0.0, 0.0, 1.0], "k_pid_att": [0.0, 9.548768043518066, 0.9864945411682129], "k_pid_yaw": [0.5, 1e-06, 0.1], "k_pid_hsp": [9.999999747378752e-05, 0.9960325956344604, 1.0], "k_pid_vsp": [21.10491943359375, 400.0, 400.0]}, "datetime": {"datetime": "2025-08-21 18:53:21", "elapsed": 36517.48754096031, "delta": 24.081917762756348}, "costs": {"total_cost": 6323.892652215622, "time_cost": 150, "final_distance_cost": 1346.1107188587928, "oscillation_cost": 909.0295978595326, "completition_cost": 1000.0, "overshoot_cost": 2826.9241049155453, "power_cost": 18.886537036132815, "noise_cost": 72.94169354561865, "n_waypoints_completed": 0, "tot_waypoints": 9}}
{"target": -5627.4031302865205, "params": {"k_pid_pos": [2.0, 0.03883674740791321, 0.0], "k_pid_alt": [0.10824346542358398, 0.0, 1.0], "k_pid_att": [0.4448145627975464, 9.63177490234375, 1.0], "k_pid_yaw": [0.5, 1e-06, 0.1], "k_pid_hsp": [9.999999747378752e-05, 1.0, 1.0], "k_pid_vsp": [14.46235179901123, 400.0, 394.732177734375]}, "datetime": {"datetime": "2025-08-21 18:53:46", "elapsed": 36543.14400458336, "delta": 25.656463623046875}, "costs": {"total_cost": 5627.4031302865205, "time_cost": 150, "final_distance_cost": 1635.9377319235148, "oscillation_cost": 565.6479834114398, "completition_cost": 1000.0, "overshoot_cost": 2148.666758375595, "power_cost": 32.04879379882813, "noise_cost": 95.10186277714395, "n_waypoints_completed": 0, "tot_waypoints": 9}}
{"target": -20923.60521580323, "params": {"k_pid_pos": [1.7296098470687866, 0.01376950740814209, 0.16881608963012695], "k_pid_alt": [0.044335246086120605, 0.0006934404373168945, 1.0], "k_pid_att": [0.0, 9.90729808807373, 0.9578506946563721], "k_pid_yaw": [0.5, 1e-06, 0.1], "k_pid_hsp": [0.7431163191795349, 1.0, 0.9770494699478149], "k_pid_vsp": [0.0, 384.02606201171875, 400.0]}, "datetime": {"datetime": "2025-08-21 18:54:10", "elapsed": 36566.648756980896, "delta": 23.50475239753723}, "costs": {"total_cost": 20923.60521580323, "time_cost": 150, "final_distance_cost": 6656.757699067746, "oscillation_cost": 2153.5789790249883, "completition_cost": 1000.0, "overshoot_cost": 10827.230141761485, "power_cost": 34.11274235839844, "noise_cost": 101.92565359061496, "n_waypoints_completed": 0, "tot_waypoints": 9}}
{"target": -16282.255535673632, "params": {"k_pid_pos": [2.0, 0.04841819405555725, 0.0], "k_pid_alt": [0.0, 0.07103660702705383, 0.9944525957107544], "k_pid_att": [0.0, 9.737496376037598, 1.0], "k_pid_yaw": [0.5, 1e-06, 0.1], "k_pid_hsp": [9.999999747378752e-05, 0.890515148639679, 1.0], "k_pid_vsp": [15.513002395629883, 400.0, 383.5474853515625]}, "datetime": {"datetime": "2025-08-21 18:54:34", "elapsed": 36591.30127286911, "delta": 24.65251588821411}, "costs": {"total_cost": 16282.255535673632, "time_cost": 150, "final_distance_cost": 4888.275148298317, "oscillation_cost": 2230.360210373485, "completition_cost": 1000.0, "overshoot_cost": 7881.459789494198, "power_cost": 32.94610615234375, "noise_cost": 99.21428135529003, "n_waypoints_completed": 0, "tot_waypoints": 9}}
{"target": -2202.4245013292666, "params": {"k_pid_pos": [2.0, 0.04451626539230347, 0.025006651878356934], "k_pid_alt": [0.09685039520263672, 0.0709804892539978, 0.9492819309234619], "k_pid_att": [3.028115749359131, 10.0, 0.9100626707077026], "k_pid_yaw": [0.5, 1e-06, 0.1], "k_pid_hsp": [9.999999747378752e-05, 0.9764406681060791, 1.0], "k_pid_vsp": [0.0, 400.0, 371.63092041015625]}, "datetime": {"datetime": "2025-08-21 18:54:57", "elapsed": 36614.02709412575, "delta": 22.725821256637573}, "costs": {"total_cost": 2202.4245013292666, "time_cost": 150, "final_distance_cost": 161.3799385395095, "oscillation_cost": 339.986846230256, "completition_cost": 1000.0, "overshoot_cost": 446.4046828903408, "power_cost": 25.568631091308596, "noise_cost": 79.0844025778515, "n_waypoints_completed": 0, "tot_waypoints": 9}}
{"target": -2569.6392226032103, "params": {"k_pid_pos": [1.9580447673797607, 0.07692688703536987, 0.0], "k_pid_alt": [0.0, 0.0, 1.0], "k_pid_att": [3.356930732727051, 9.524564743041992, 0.9842491149902344], "k_pid_yaw": [0.5, 1e-06, 0.1], "k_pid_hsp": [9.999999747378752e-05, 0.9532827734947205, 1.0], "k_pid_vsp": [0.0, 400.0, 400.0]}, "datetime": {"datetime": "2025-08-21 18:55:21", "elapsed": 36638.330141067505, "delta": 24.303046941757202}, "costs": {"total_cost": 2569.6392226032103, "time_cost": 150, "final_distance_cost": 216.10478672019465, "oscillation_cost": 251.40105830576564, "completition_cost": 1000.0, "overshoot_cost": 913.2484520954313, "power_cost": 21.854870080566407, "noise_cost": 17.030055401252515, "n_waypoints_completed": 0, "tot_waypoints": 9}}
{"target": -5463.22830842553, "params": {"k_pid_pos": [1.8158971071243286, 0.0, 0.0], "k_pid_alt": [0.0, 0.0, 0.940065860748291], "k_pid_att": [0.0, 10.0, 1.0], "k_pid_yaw": [0.5, 1e-06, 0.1], "k_pid_hsp": [0.279159277677536, 0.9629825949668884, 1.0], "k_pid_vsp": [0.0, 400.0, 375.0421142578125]}, "datetime": {"datetime": "2025-08-21 18:55:45", "elapsed": 36661.95760893822, "delta": 23.62746787071228}, "costs": {"total_cost": 5463.22830842553, "time_cost": 150, "final_distance_cost": 589.0388185323995, "oscillation_cost": 1799.3057451039801, "completition_cost": 1000.0, "overshoot_cost": 1809.8026713631798, "power_cost": 26.173810546875, "noise_cost": 88.90726287909543, "n_waypoints_completed": 0, "tot_waypoints": 9}}
{"target": -6530.065361463211, "params": {"k_pid_pos": [2.0, 0.07854923605918884, 0.0], "k_pid_alt": [0.0755167007446289, 0.0, 0.9644805788993835], "k_pid_att": [0.0, 9.474764823913574, 1.0], "k_pid_yaw": [0.5, 1e-06, 0.1], "k_pid_hsp": [9.999999747378752e-05, 0.9927950501441956, 0.9781292676925659], "k_pid_vsp": [14.173650741577148, 381.5902404785156, 400.0]}, "datetime": {"datetime": "2025-08-21 18:56:09", "elapsed": 36685.946761608124, "delta": 23.989152669906616}, "costs": {"total_cost": 6530.065361463211, "time_cost": 150, "final_distance_cost": 1200.0985013895158, "oscillation_cost": 1038.330694305138, "completition_cost": 1000.0, "overshoot_cost": 3012.830150788062, "power_cost": 32.11190758056641, "noise_cost": 96.69410739992954, "n_waypoints_completed": 0, "tot_waypoints": 9}}
{"target": -8147.960746443546, "params": {"k_pid_pos": [2.0, 0.0021871328353881836, 0.0], "k_pid_alt": [0.0, 0.037326157093048096, 1.0], "k_pid_att": [0.0, 8.81598949432373, 1.0], "k_pid_yaw": [0.5, 1e-06, 0.1], "k_pid_hsp": [0.15210403501987457, 1.0, 0.9988088011741638], "k_pid_vsp": [20.497215270996094, 387.5864562988281, 400.0]}, "datetime": {"datetime": "2025-08-21 18:56:34", "elapsed": 36710.67179775238, "delta": 24.725036144256592}, "costs": {"total_cost": 8147.960746443546, "time_cost": 150, "final_distance_cost": 1696.0968039552831, "oscillation_cost": 1150.3409397310804, "completition_cost": 1000.0, "overshoot_cost": 4022.1177454584545, "power_cost": 32.35052999267578, "noise_cost": 97.05472730605307, "n_waypoints_completed": 0, "tot_waypoints": 9}}
{"target": -3901.4618302321724, "params": {"k_pid_pos": [1.9333369731903076, 0.0, 0.0], "k_pid_alt": [0.0, 0.0, 0.9856148958206177], "k_pid_att": [0.1450181007385254, 9.832478523254395, 0.9572457075119019], "k_pid_yaw": [0.5, 1e-06, 0.1], "k_pid_hsp": [9.999999747378752e-05, 1.0, 1.0], "k_pid_vsp": [0.0, 400.0, 385.2475280761719]}, "datetime": {"datetime": "2025-08-21 18:56:57", "elapsed": 36734.158386945724, "delta": 23.486589193344116}, "costs": {"total_cost": 3901.4618302321724, "time_cost": 150, "final_distance_cost": 475.7092738466466, "oscillation_cost": 1330.1674335616797, "completition_cost": 1000.0, "overshoot_cost": 840.4264037675221, "power_cost": 23.35129401855469, "noise_cost": 81.80742503776946, "n_waypoints_completed": 0, "tot_waypoints": 9}}
{"target": -2055.3511180005094, "params": {"k_pid_pos": [1.9147590398788452, 0.0, 0.0], "k_pid_alt": [0.0, 0.0, 1.0], "k_pid_att": [1.0602742433547974, 9.671184539794922, 1.0], "k_pid_yaw": [0.5, 1e-06, 0.1], "k_pid_hsp": [9.999999747378752e-05, 1.0, 1.0], "k_pid_vsp": [27.44460105895996, 395.2674560546875, 400.0]}, "datetime": {"datetime": "2025-08-21 18:57:21", "elapsed": 36758.191304683685, "delta": 24.032917737960815}, "costs": {"total_cost": 2055.3511180005094, "time_cost": 150, "final_distance_cost": 12.23582782297022, "oscillation_cost": 658.2395867430321, "completition_cost": 1000.0, "overshoot_cost": 148.8178616907363, "power_cost": 17.07622716064453, "noise_cost": 68.98161458312646, "n_waypoints_completed": 0, "tot_waypoints": 9}}
{"target": -4406.980815943488, "params": {"k_pid_pos": [1.9886893033981323, 0.0, 0.07796669006347656], "k_pid_alt": [0.11831915378570557, 0.0, 1.0], "k_pid_att": [0.0, 9.787280082702637, 1.0], "k_pid_yaw": [0.5, 1e-06, 0.1], "k_pid_hsp": [0.1252884715795517, 1.0, 0.990320086479187], "k_pid_vsp": [4.681086540222168, 389.3754577636719, 395.6742858886719]}, "datetime": {"datetime": "2025-08-21 18:57:46", "elapsed": 36782.499292612076, "delta": 24.307987928390503}, "costs": {"total_cost": 4406.980815943488, "time_cost": 150, "final_distance_cost": 643.3628109943899, "oscillation_cost": 1025.181843260037, "completition_cost": 1000.0, "overshoot_cost": 1461.129098489318, "power_cost": 31.53706668701172, "noise_cost": 95.76999651273061, "n_waypoints_completed": 0, "tot_waypoints": 9}}
{"target": -1687.5945842908905, "params": {"k_pid_pos": [1.8724136352539062, 0.08421111106872559, 0.0], "k_pid_alt": [0.0, 0.02947983145713806, 0.9439965486526489], "k_pid_att": [5.261740207672119, 10.0, 1.0], "k_pid_yaw": [0.5, 1e-06, 0.1], "k_pid_hsp": [0.20448437333106995, 0.9897103309631348, 0.9677284955978394], "k_pid_vsp": [0.0, 397.56048583984375, 385.5582275390625]}, "datetime": {"datetime": "2025-08-21 18:58:09", "elapsed": 36805.50205564499, "delta": 23.002763032913208}, "costs": {"total_cost": 1687.5945842908905, "time_cost": 150, "final_distance_cost": 8.387813104279367, "oscillation_cost": 321.05332050842253, "completition_cost": 1000.0, "overshoot_cost": 153.64789324969883, "power_cost": 22.257072766113282, "noise_cost": 32.248484662376576, "n_waypoints_completed": 0, "tot_waypoints": 9}}
{"target": -2082.0816800425637, "params": {"k_pid_pos": [1.987033724784851, 0.0, 0.0], "k_pid_alt": [0.0, 0.0, 1.0], "k_pid_att": [0.5899608135223389, 9.794184684753418, 1.0], "k_pid_yaw": [0.5, 1e-06, 0.1], "k_pid_hsp": [9.999999747378752e-05, 1.0, 1.0], "k_pid_vsp": [8.396589279174805, 392.1496276855469, 385.32708740234375]}, "datetime": {"datetime": "2025-08-21 18:58:34", "elapsed": 36830.64397192001, "delta": 25.141916275024414}, "costs": {"total_cost": 2082.0816800425637, "time_cost": 150, "final_distance_cost": 154.9524968982349, "oscillation_cost": 517.6321369532216, "completition_cost": 1000.0, "overshoot_cost": 176.7004797218793, "power_cost": 15.999880285644531, "noise_cost": 66.79668618358322, "n_waypoints_completed": 0, "tot_waypoints": 9}}
{"target": -12127.731073205774, "params": {"k_pid_pos": [2.0, 0.05495327711105347, 0.0], "k_pid_alt": [0.0, 0.0, 0.9697636365890503], "k_pid_att": [0.0, 9.933272361755371, 1.0], "k_pid_yaw": [0.5, 1e-06, 0.1], "k_pid_hsp": [9.999999747378752e-05, 0.9180896282196045, 1.0], "k_pid_vsp": [0.0, 399.3902587890625, 385.3500061035156]}, "datetime": {"datetime": "2025-08-21 18:58:58", "elapsed": 36854.61260032654, "delta": 23.968628406524658}, "costs": {"total_cost": 12127.731073205774, "time_cost": 150, "final_distance_cost": 3623.60359246459, "oscillation_cost": 1963.1308403122475, "completition_cost": 1000.0, "overshoot_cost": 5270.797984215124, "power_cost": 27.726853552246094, "noise_cost": 92.47180266156735, "n_waypoints_completed": 0, "tot_waypoints": 9}}
