{"target": -1700.7938041014352, "params": {"k_pid_pos": [2.0, 0.0, 0.0], "k_pid_alt": [0.07873857021331787, 0.06101256608963013, 0.9672550559043884], "k_pid_att": [8.671551704406738, 9.680902481079102, 0.9838234186172485], "k_pid_yaw": [0.5, 1e-06, 0.1], "k_pid_hsp": [0.6448414921760559, 1.0, 0.948727548122406], "k_pid_vsp": [0.0, 400.0, 400.0]}, "datetime": {"datetime": "2025-08-22 00:20:48", "elapsed": 56164.68817400932, "delta": 21.916179180145264}, "costs": {"total_cost": 1700.7938041014352, "time_cost": 150, "final_distance_cost": 73.80285907903573, "oscillation_cost": 303.51463675964055, "completition_cost": 888.8888888888888, "overshoot_cost": 251.17282649399016, "power_cost": 16.757033984375, "noise_cost": 16.657558895504888, "n_waypoints_completed": 1, "tot_waypoints": 9}}
{"target": -5426.503497237827, "params": {"k_pid_pos": [1.859307885169983, 0.0, 0.0], "k_pid_alt": [0.0, 0.0, 1.0], "k_pid_att": [0.0, 9.153456687927246, 1.0], "k_pid_yaw": [0.5, 1e-06, 0.1], "k_pid_hsp": [9.999999747378752e-05, 1.0, 0.9399304986000061], "k_pid_vsp": [19.229232788085938, 400.0, 400.0]}, "datetime": {"datetime": "2025-08-22 00:21:09", "elapsed": 56186.14938902855, "delta": 21.461215019226074}, "costs": {"total_cost": 5426.503497237827, "time_cost": 150, "final_distance_cost": 725.3985794304865, "oscillation_cost": 1760.6762775369125, "completition_cost": 1000.0, "overshoot_cost": 1672.2910801979033, "power_cost": 26.94552628173828, "noise_cost": 91.19203379078698, "n_waypoints_completed": 0, "tot_waypoints": 9}}
{"target": -8337.87736970357, "params": {"k_pid_pos": [2.0, 0.0, 0.0], "k_pid_alt": [0.06512290239334106, 0.02820277214050293, 0.9568922519683838], "k_pid_att": [0.0, 10.0, 0.9849550724029541], "k_pid_yaw": [0.5, 1e-06, 0.1], "k_pid_hsp": [0.06995177268981934, 0.9702135324478149, 1.0], "k_pid_vsp": [5.652093887329102, 400.0, 375.3046569824219]}, "datetime": {"datetime": "2025-08-22 00:21:31", "elapsed": 56208.227788448334, "delta": 22.078399419784546}, "costs": {"total_cost": 8337.87736970357, "time_cost": 150, "final_distance_cost": 2402.6200517807547, "oscillation_cost": 1978.0213885529695, "completition_cost": 1000.0, "overshoot_cost": 2673.327216525079, "power_cost": 33.71049757080078, "noise_cost": 100.19821527396626, "n_waypoints_completed": 0, "tot_waypoints": 9}}
{"target": -4396.9791817394, "params": {"k_pid_pos": [1.9980000257492065, 0.012682408094406128, 0.0], "k_pid_alt": [0.11797481775283813, 0.0, 0.9706048369407654], "k_pid_att": [0.0, 10.0, 0.971379816532135], "k_pid_yaw": [0.5, 1e-06, 0.1], "k_pid_hsp": [0.69464510679245, 1.0, 1.0], "k_pid_vsp": [11.071085929870605, 400.0, 400.0]}, "datetime": {"datetime": "2025-08-22 00:21:52", "elapsed": 56229.43786597252, "delta": 21.21007752418518}, "costs": {"total_cost": 4396.9791817394, "time_cost": 150, "final_distance_cost": 333.31567457293096, "oscillation_cost": 1649.8277531488434, "completition_cost": 1000.0, "overshoot_cost": 1131.55609849934, "power_cost": 32.93086938476563, "noise_cost": 99.34878613352014, "n_waypoints_completed": 0, "tot_waypoints": 9}}
{"target": -4588.5588602146045, "params": {"k_pid_pos": [2.0, 0.0, 0.01152774691581726], "k_pid_alt": [0.17072004079818726, 0.0, 0.9384006261825562], "k_pid_att": [0.0, 10.0, 1.0], "k_pid_yaw": [0.5, 1e-06, 0.1], "k_pid_hsp": [9.999999747378752e-05, 1.0, 1.0], "k_pid_vsp": [21.039390563964844, 400.0, 400.0]}, "datetime": {"datetime": "2025-08-22 00:22:14", "elapsed": 56250.980028152466, "delta": 21.5421621799469}, "costs": {"total_cost": 4588.5588602146045, "time_cost": 150, "final_distance_cost": 666.5077225090656, "oscillation_cost": 1267.4447546345327, "completition_cost": 1000.0, "overshoot_cost": 1377.7758244652111, "power_cost": 31.430352770996095, "noise_cost": 95.40020583479871, "n_waypoints_completed": 0, "tot_waypoints": 9}}
{"target": -1661.7840245549016, "params": {"k_pid_pos": [1.9311827421188354, 0.0, 0.0], "k_pid_alt": [0.0, 0.0, 1.0], "k_pid_att": [5.6571245193481445, 9.784346580505371, 1.0], "k_pid_yaw": [0.5, 1e-06, 0.1], "k_pid_hsp": [9.999999747378752e-05, 0.9747962355613708, 0.9897570610046387], "k_pid_vsp": [14.97591781616211, 390.1230773925781, 377.4123229980469]}, "datetime": {"datetime": "2025-08-22 00:22:35", "elapsed": 56272.345873594284, "delta": 21.365845441818237}, "costs": {"total_cost": 1661.7840245549016, "time_cost": 150, "final_distance_cost": 2.738852168623933, "oscillation_cost": 312.6918463910713, "completition_cost": 1000.0, "overshoot_cost": 127.72247551463292, "power_cost": 20.11953005371094, "noise_cost": 48.51132042686279, "n_waypoints_completed": 0, "tot_waypoints": 9}}
{"target": -2057.249563360176, "params": {"k_pid_pos": [1.9496854543685913, 0.008711457252502441, 0.04852229356765747], "k_pid_alt": [0.06668192148208618, 0.016652703285217285, 1.0], "k_pid_att": [1.177099347114563, 9.51000690460205, 0.9916794300079346], "k_pid_yaw": [0.5, 1e-06, 0.1], "k_pid_hsp": [0.2990417182445526, 0.9546239376068115, 1.0], "k_pid_vsp": [43.948673248291016, 372.1948547363281, 383.1407165527344]}, "datetime": {"datetime": "2025-08-22 00:22:56", "elapsed": 56293.01926589012, "delta": 20.673392295837402}, "costs": {"total_cost": 2057.249563360176, "time_cost": 150, "final_distance_cost": 8.147806933452483, "oscillation_cost": 625.9574562362033, "completition_cost": 1000.0, "overshoot_cost": 144.61125999946194, "power_cost": 32.28899125976562, "noise_cost": 96.24404893129291, "n_waypoints_completed": 0, "tot_waypoints": 9}}
{"target": -8085.771290189505, "params": {"k_pid_pos": [2.0, 0.02614694833755493, 0.0], "k_pid_alt": [0.0, 0.021290600299835205, 1.0], "k_pid_att": [0.0, 9.968477249145508, 1.0], "k_pid_yaw": [0.5, 1e-06, 0.1], "k_pid_hsp": [9.999999747378752e-05, 1.0, 0.9617643356323242], "k_pid_vsp": [0.5098104476928711, 384.4361877441406, 378.02764892578125]}, "datetime": {"datetime": "2025-08-22 00:23:18", "elapsed": 56314.948511600494, "delta": 21.929245710372925}, "costs": {"total_cost": 8085.771290189505, "time_cost": 150, "final_distance_cost": 2258.4311485869434, "oscillation_cost": 2100.6830535535796, "completition_cost": 1000.0, "overshoot_cost": 2455.532993430627, "power_cost": 29.318295642089844, "noise_cost": 91.8057989762655, "n_waypoints_completed": 0, "tot_waypoints": 9}}
{"target": -2500.0983552614375, "params": {"k_pid_pos": [1.9955215454101562, 0.0, 0.0], "k_pid_alt": [0.0756182074546814, 0.0, 1.0], "k_pid_att": [4.833516597747803, 10.0, 1.0], "k_pid_yaw": [0.5, 1e-06, 0.1], "k_pid_hsp": [9.999999747378752e-05, 0.9032121896743774, 0.9358130693435669], "k_pid_vsp": [0.0, 400.0, 400.0]}, "datetime": {"datetime": "2025-08-22 00:23:39", "elapsed": 56335.5020904541, "delta": 20.553578853607178}, "costs": {"total_cost": 2500.0983552614375, "time_cost": 150, "final_distance_cost": 312.8838219210691, "oscillation_cost": 213.59341392505564, "completition_cost": 888.8888888888888, "overshoot_cost": 900.0241100878992, "power_cost": 16.827363879394532, "noise_cost": 17.880756559130003, "n_waypoints_completed": 1, "tot_waypoints": 9}}
{"target": -4999.839177089187, "params": {"k_pid_pos": [2.0, 0.0, 0.0], "k_pid_alt": [0.1322697401046753, 0.0, 1.0], "k_pid_att": [0.0, 10.0, 1.0], "k_pid_yaw": [0.5, 1e-06, 0.1], "k_pid_hsp": [0.11935816705226898, 1.0, 0.977584958076477], "k_pid_vsp": [0.0, 400.0, 400.0]}, "datetime": {"datetime": "2025-08-22 00:24:01", "elapsed": 56357.62122678757, "delta": 22.119136333465576}, "costs": {"total_cost": 4999.839177089187, "time_cost": 150, "final_distance_cost": 475.1204712163872, "oscillation_cost": 1760.9023667463698, "completition_cost": 1000.0, "overshoot_cost": 1483.6086728680214, "power_cost": 32.30830946044922, "noise_cost": 97.89935679795951, "n_waypoints_completed": 0, "tot_waypoints": 9}}
{"target": -1668.2248641128183, "params": {"k_pid_pos": [2.0, 0.0, 0.05325603485107422], "k_pid_alt": [0.009968340396881104, 0.0, 0.9227932691574097], "k_pid_att": [5.138757705688477, 9.771353721618652, 0.9017957448959351], "k_pid_yaw": [0.5, 1e-06, 0.1], "k_pid_hsp": [0.6823177933692932, 0.9701857566833496, 0.9703923463821411], "k_pid_vsp": [3.5182833671569824, 388.3755798339844, 400.0]}, "datetime": {"datetime": "2025-08-22 00:24:21", "elapsed": 56378.03661823273, "delta": 20.415391445159912}, "costs": {"total_cost": 1668.2248641128183, "time_cost": 150, "final_distance_cost": 1.2663218836858026, "oscillation_cost": 312.5414077164323, "completition_cost": 1000.0, "overshoot_cost": 134.02217457259363, "power_cost": 17.524154064941406, "noise_cost": 52.870805875165, "n_waypoints_completed": 0, "tot_waypoints": 9}}
{"target": -3849.0454924123783, "params": {"k_pid_pos": [1.9811322689056396, 0.0, 0.026808708906173706], "k_pid_alt": [0.2622421383857727, 0.0, 1.0], "k_pid_att": [0.0, 9.731354713439941, 0.9550890922546387], "k_pid_yaw": [0.5, 1e-06, 0.1], "k_pid_hsp": [9.999999747378752e-05, 0.9517131447792053, 1.0], "k_pid_vsp": [19.82234764099121, 400.0, 400.0]}, "datetime": {"datetime": "2025-08-22 00:24:43", "elapsed": 56400.2398557663, "delta": 22.203237533569336}, "costs": {"total_cost": 3849.0454924123783, "time_cost": 150, "final_distance_cost": 353.2220086884585, "oscillation_cost": 1207.3319101352943, "completition_cost": 1000.0, "overshoot_cost": 1013.1414780018525, "power_cost": 31.1353162109375, "noise_cost": 94.21477937583545, "n_waypoints_completed": 0, "tot_waypoints": 9}}
{"target": -8032.921450862836, "params": {"k_pid_pos": [2.0, 0.0, 0.0], "k_pid_alt": [0.0, 0.007646679878234863, 0.9891902208328247], "k_pid_att": [0.0, 10.0, 0.9783360958099365], "k_pid_yaw": [0.5, 1e-06, 0.1], "k_pid_hsp": [9.999999747378752e-05, 1.0, 1.0], "k_pid_vsp": [0.0, 400.0, 380.136474609375]}, "datetime": {"datetime": "2025-08-22 00:25:05", "elapsed": 56421.48023200035, "delta": 21.240376234054565}, "costs": {"total_cost": 8032.921450862836, "time_cost": 150, "final_distance_cost": 1652.163396240286, "oscillation_cost": 1105.30527281112, "completition_cost": 1000.0, "overshoot_cost": 3998.404405123127, "power_cost": 31.509022521972657, "noise_cost": 95.53935416632964, "n_waypoints_completed": 0, "tot_waypoints": 9}}
{"target": -9256.176592097847, "params": {"k_pid_pos": [1.861802339553833, 0.020111262798309326, 0.0], "k_pid_alt": [0.019907712936401367, 0.045463621616363525, 1.0], "k_pid_att": [0.0, 10.0, 0.9882348775863647], "k_pid_yaw": [0.5, 1e-06, 0.1], "k_pid_hsp": [0.01750229485332966, 1.0, 1.0], "k_pid_vsp": [28.859806060791016, 393.8015441894531, 400.0]}, "datetime": {"datetime": "2025-08-22 00:25:25", "elapsed": 56442.43429017067, "delta": 20.954058170318604}, "costs": {"total_cost": 9256.176592097847, "time_cost": 150, "final_distance_cost": 1667.6663322970742, "oscillation_cost": 1525.0141521128348, "completition_cost": 1000.0, "overshoot_cost": 4784.657357263762, "power_cost": 32.07250955810547, "noise_cost": 96.76624086607049, "n_waypoints_completed": 0, "tot_waypoints": 9}}
{"target": -1684.3476519994933, "params": {"k_pid_pos": [2.0, 0.07102125883102417, 0.01570969820022583], "k_pid_alt": [0.0705612301826477, 0.0, 1.0], "k_pid_att": [9.533226013183594, 10.0, 1.0], "k_pid_yaw": [0.5, 1e-06, 0.1], "k_pid_hsp": [0.2884661555290222, 1.0, 1.0], "k_pid_vsp": [0.0, 400.0, 400.0]}, "datetime": {"datetime": "2025-08-22 00:25:49", "elapsed": 56465.774735212326, "delta": 23.340445041656494}, "costs": {"total_cost": 1684.3476519994933, "time_cost": 150, "final_distance_cost": 4.690785131053052, "oscillation_cost": 313.7876127487111, "completition_cost": 1000.0, "overshoot_cost": 138.83924581839523, "power_cost": 19.35452476806641, "noise_cost": 57.67548353326766, "n_waypoints_completed": 0, "tot_waypoints": 9}}
{"target": -2265.6844402629267, "params": {"k_pid_pos": [1.8618196249008179, 0.0, 0.017174899578094482], "k_pid_alt": [0.1646915078163147, 0.09417784214019775, 1.0], "k_pid_att": [0.8680492639541626, 10.0, 1.0], "k_pid_yaw": [0.5, 1e-06, 0.1], "k_pid_hsp": [9.999999747378752e-05, 0.9250604510307312, 1.0], "k_pid_vsp": [9.874116897583008, 400.0, 400.0]}, "datetime": {"datetime": "2025-08-22 00:26:10", "elapsed": 56486.72341442108, "delta": 20.948679208755493}, "costs": {"total_cost": 2265.6844402629267, "time_cost": 150, "final_distance_cost": 155.2266233210899, "oscillation_cost": 609.5583324948445, "completition_cost": 1000.0, "overshoot_cost": 224.33489111937052, "power_cost": 31.81137039794922, "noise_cost": 94.75322292967239, "n_waypoints_completed": 0, "tot_waypoints": 9}}
{"target": -7730.498716068636, "params": {"k_pid_pos": [2.0, 0.04641491174697876, 0.0], "k_pid_alt": [0.027929246425628662, 0.0, 0.9069573283195496], "k_pid_att": [0.0, 10.0, 1.0], "k_pid_yaw": [0.5, 1e-06, 0.1], "k_pid_hsp": [9.999999747378752e-05, 1.0, 1.0], "k_pid_vsp": [0.0, 400.0, 400.0]}, "datetime": {"datetime": "2025-08-22 00:26:32", "elapsed": 56509.16211295128, "delta": 22.438698530197144}, "costs": {"total_cost": 7730.498716068636, "time_cost": 150, "final_distance_cost": 1606.1748707658599, "oscillation_cost": 1197.0316063335654, "completition_cost": 1000.0, "overshoot_cost": 3641.9181040631706, "power_cost": 34.279125207519535, "noise_cost": 101.09500969852043, "n_waypoints_completed": 0, "tot_waypoints": 9}}
{"target": -5412.351106407005, "params": {"k_pid_pos": [2.0, 0.006854981184005737, 0.0], "k_pid_alt": [0.05587947368621826, 0.003141641616821289, 1.0], "k_pid_att": [0.0, 9.641901016235352, 0.9965680837631226], "k_pid_yaw": [0.5, 1e-06, 0.1], "k_pid_hsp": [0.8278637528419495, 0.9654343128204346, 0.9582055807113647], "k_pid_vsp": [24.678146362304688, 400.0, 400.0]}, "datetime": {"datetime": "2025-08-22 00:26:54", "elapsed": 56530.788764476776, "delta": 21.626651525497437}, "costs": {"total_cost": 5412.351106407005, "time_cost": 150, "final_distance_cost": 1440.6997304732192, "oscillation_cost": 1462.2113680890816, "completition_cost": 1000.0, "overshoot_cost": 1226.9309037366065, "power_cost": 33.06404440917969, "noise_cost": 99.44505969891783, "n_waypoints_completed": 0, "tot_waypoints": 9}}
{"target": -2704.4076020510106, "params": {"k_pid_pos": [2.0, 0.0670870840549469, 0.0], "k_pid_alt": [0.025274991989135742, 0.0, 0.9982156753540039], "k_pid_att": [12.33488941192627, 9.348502159118652, 1.0], "k_pid_yaw": [0.5, 1e-06, 0.1], "k_pid_hsp": [0.02223336696624756, 1.0, 0.9523435831069946], "k_pid_vsp": [43.8155403137207, 400.0, 385.41864013671875]}, "datetime": {"datetime": "2025-08-22 00:27:15", "elapsed": 56552.16453719139, "delta": 21.375772714614868}, "costs": {"total_cost": 2704.4076020510106, "time_cost": 150, "final_distance_cost": 525.7859774066004, "oscillation_cost": 187.76962917936012, "completition_cost": 1000.0, "overshoot_cost": 807.5435360190668, "power_cost": 17.743293273925783, "noise_cost": 15.56516617205774, "n_waypoints_completed": 0, "tot_waypoints": 9}}
{"target": -2008.8999494964555, "params": {"k_pid_pos": [1.9363113641738892, 0.0, 0.0], "k_pid_alt": [0.0, 0.0597204864025116, 0.8742162585258484], "k_pid_att": [1.7827033996582031, 10.0, 1.0], "k_pid_yaw": [0.5, 1e-06, 0.1], "k_pid_hsp": [1.3870670795440674, 0.9945751428604126, 0.9320544600486755], "k_pid_vsp": [7.143211364746094, 377.3201904296875, 400.0]}, "datetime": {"datetime": "2025-08-22 00:27:36", "elapsed": 56573.14653635025, "delta": 20.981999158859253}, "costs": {"total_cost": 2008.8999494964555, "time_cost": 150, "final_distance_cost": 24.349412157371127, "oscillation_cost": 518.017589952535, "completition_cost": 1000.0, "overshoot_cost": 199.0867687202325, "power_cost": 29.34420546875, "noise_cost": 88.10197319756685, "n_waypoints_completed": 0, "tot_waypoints": 9}}
{"target": -1954.5993909816514, "params": {"k_pid_pos": [1.8882668018341064, 0.0, 0.06632664799690247], "k_pid_alt": [0.0, 0.0, 1.0], "k_pid_att": [2.609529972076416, 9.840120315551758, 0.9926149845123291], "k_pid_yaw": [0.5, 1e-06, 0.1], "k_pid_hsp": [0.2954428195953369, 0.959221601486206, 1.0], "k_pid_vsp": [29.181730270385742, 400.0, 355.54248046875]}, "datetime": {"datetime": "2025-08-22 00:27:58", "elapsed": 56594.85705065727, "delta": 21.710514307022095}, "costs": {"total_cost": 1954.5993909816514, "time_cost": 150, "final_distance_cost": 79.68212960831308, "oscillation_cost": 342.57126888894794, "completition_cost": 1000.0, "overshoot_cost": 307.0533295847012, "power_cost": 16.391263342285157, "noise_cost": 58.90139955740396, "n_waypoints_completed": 0, "tot_waypoints": 9}}
{"target": -10285.065498461085, "params": {"k_pid_pos": [1.9700626134872437, 0.0, 0.0], "k_pid_alt": [0.0036186575889587402, 0.0, 1.0], "k_pid_att": [0.0, 9.840526580810547, 0.9709839820861816], "k_pid_yaw": [0.5, 1e-06, 0.1], "k_pid_hsp": [9.999999747378752e-05, 0.9328399300575256, 0.9128994941711426], "k_pid_vsp": [28.96457862854004, 400.0, 397.5637512207031]}, "datetime": {"datetime": "2025-08-22 00:28:19", "elapsed": 56615.495134830475, "delta": 20.638084173202515}, "costs": {"total_cost": 10285.065498461085, "time_cost": 150, "final_distance_cost": 2907.2327492503982, "oscillation_cost": 642.9726829660532, "completition_cost": 1000.0, "overshoot_cost": 5450.444396577647, "power_cost": 34.05674744873047, "noise_cost": 100.35892221825466, "n_waypoints_completed": 0, "tot_waypoints": 9}}
{"target": -1696.6817962521168, "params": {"k_pid_pos": [1.9248998165130615, 0.10934680700302124, 0.0], "k_pid_alt": [0.0, 0.0, 0.9594964385032654], "k_pid_att": [8.590764045715332, 9.589101791381836, 1.0], "k_pid_yaw": [0.5, 1e-06, 0.1], "k_pid_hsp": [0.6219446063041687, 1.0, 1.0], "k_pid_vsp": [0.0, 384.85723876953125, 400.0]}, "datetime": {"datetime": "2025-08-22 00:28:41", "elapsed": 56637.73793363571, "delta": 22.242798805236816}, "costs": {"total_cost": 1696.6817962521168, "time_cost": 150, "final_distance_cost": 1.1065833288392988, "oscillation_cost": 332.5456716864047, "completition_cost": 1000.0, "overshoot_cost": 135.49383420880318, "power_cost": 18.414894067382814, "noise_cost": 59.12081296068655, "n_waypoints_completed": 0, "tot_waypoints": 9}}
{"target": -3955.2923935328263, "params": {"k_pid_pos": [1.976739764213562, 0.0, 0.0], "k_pid_alt": [0.0, 0.03923147916793823, 1.0], "k_pid_att": [0.0, 10.0, 0.88352370262146], "k_pid_yaw": [0.5, 1e-06, 0.1], "k_pid_hsp": [0.08942680060863495, 1.0, 1.0], "k_pid_vsp": [0.0, 397.7071228027344, 400.0]}, "datetime": {"datetime": "2025-08-22 00:29:02", "elapsed": 56659.22731590271, "delta": 21.48938226699829}, "costs": {"total_cost": 3955.2923935328263, "time_cost": 150, "final_distance_cost": 500.0286275592082, "oscillation_cost": 1685.7463932974915, "completition_cost": 1000.0, "overshoot_cost": 491.250468667316, "power_cost": 31.80217116699219, "noise_cost": 96.46473284181856, "n_waypoints_completed": 0, "tot_waypoints": 9}}
{"target": -8320.639824146248, "params": {"k_pid_pos": [1.938655138015747, 0.0, 0.07192099094390869], "k_pid_alt": [0.018791377544403076, 0.0, 1.0], "k_pid_att": [0.0, 9.944951057434082, 0.9960508346557617], "k_pid_yaw": [0.5, 1e-06, 0.1], "k_pid_hsp": [9.999999747378752e-05, 1.0, 0.968247652053833], "k_pid_vsp": [0.27892589569091797, 400.0, 400.0]}, "datetime": {"datetime": "2025-08-22 00:29:23", "elapsed": 56680.37872695923, "delta": 21.151411056518555}, "costs": {"total_cost": 8320.639824146248, "time_cost": 150, "final_distance_cost": 1781.0174870418864, "oscillation_cost": 1094.435211183531, "completition_cost": 1000.0, "overshoot_cost": 4170.640015118178, "power_cost": 30.871171484375, "noise_cost": 93.67593931827803, "n_waypoints_completed": 0, "tot_waypoints": 9}}
{"target": -3166.301881053343, "params": {"k_pid_pos": [1.8270343542099, 0.0, 0.005964517593383789], "k_pid_alt": [0.0, 0.0, 1.0], "k_pid_att": [0.0, 10.0, 0.9614008665084839], "k_pid_yaw": [0.5, 1e-06, 0.1], "k_pid_hsp": [0.6004212498664856, 0.9906131625175476, 1.0], "k_pid_vsp": [6.212127208709717, 400.0, 400.0]}, "datetime": {"datetime": "2025-08-22 00:29:45", "elapsed": 56702.40565776825, "delta": 22.026930809020996}, "costs": {"total_cost": 3166.301881053343, "time_cost": 150, "final_distance_cost": 170.25754503889644, "oscillation_cost": 1107.2831370634392, "completition_cost": 1000.0, "overshoot_cost": 638.324142236071, "power_cost": 21.442090954589844, "noise_cost": 78.99496576034666, "n_waypoints_completed": 0, "tot_waypoints": 9}}
{"target": -5770.799950200112, "params": {"k_pid_pos": [2.0, 0.003404557704925537, 0.06472867727279663], "k_pid_alt": [0.0, 0.0, 1.0], "k_pid_att": [0.0, 9.862467765808105, 1.0], "k_pid_yaw": [0.5, 1e-06, 0.1], "k_pid_hsp": [0.6635798215866089, 0.9913216829299927, 1.0], "k_pid_vsp": [0.48639774322509766, 400.0, 399.2983703613281]}, "datetime": {"datetime": "2025-08-22 00:30:06", "elapsed": 56723.19855308533, "delta": 20.792895317077637}, "costs": {"total_cost": 5770.799950200112, "time_cost": 150, "final_distance_cost": 1597.005039014216, "oscillation_cost": 1868.7956550873505, "completition_cost": 1000.0, "overshoot_cost": 1044.8504551773165, "power_cost": 24.861957067871096, "noise_cost": 85.28684385335801, "n_waypoints_completed": 0, "tot_waypoints": 9}}
{"target": -3104.0828451551743, "params": {"k_pid_pos": [1.8231357336044312, 0.038404762744903564, 0.0], "k_pid_alt": [0.0, 0.0784451961517334, 1.0], "k_pid_att": [0.5032896995544434, 9.309473991394043, 0.9631321430206299], "k_pid_yaw": [0.5, 1e-06, 0.1], "k_pid_hsp": [0.637729823589325, 1.0, 0.9377990365028381], "k_pid_vsp": [0.0, 392.4212951660156, 396.2095031738281]}, "datetime": {"datetime": "2025-08-22 00:30:28", "elapsed": 56745.01881170273, "delta": 21.820258617401123}, "costs": {"total_cost": 3104.0828451551743, "time_cost": 150, "final_distance_cost": 456.5716145220727, "oscillation_cost": 814.8489718061122, "completition_cost": 1000.0, "overshoot_cost": 558.3725345350392, "power_cost": 31.080093908691406, "noise_cost": 93.20963038325849, "n_waypoints_completed": 0, "tot_waypoints": 9}}
