{"target": -5424.503646248661, "params": {"k_pid_pos": [1.9699541330337524, 0.0, 0.0], "k_pid_alt": [0.0, 0.0, 0.8954258561134338], "k_pid_att": [0.0, 10.0, 1.0], "k_pid_yaw": [0.5, 1e-06, 0.1], "k_pid_hsp": [9.999999747378752e-05, 1.0, 1.0], "k_pid_vsp": [0.0, 400.0, 396.322021484375]}, "datetime": {"datetime": "2025-08-21 18:25:47", "elapsed": 34863.5280752182, "delta": 24.581377744674683}, "costs": {"total_cost": 5424.503646248661, "time_cost": 150, "final_distance_cost": 976.3615183711786, "oscillation_cost": 1181.5270168906236, "completition_cost": 1000.0, "overshoot_cost": 2022.3535036568499, "power_cost": 19.898043994140625, "noise_cost": 74.36356333586932, "n_waypoints_completed": 0, "tot_waypoints": 9}}
{"target": -1683.6318463653126, "params": {"k_pid_pos": [1.8812628984451294, 0.10365766286849976, 0.0028047561645507812], "k_pid_alt": [0.0, 0.0, 0.8953007459640503], "k_pid_att": [4.056110858917236, 10.0, 1.0], "k_pid_yaw": [0.5, 1e-06, 0.1], "k_pid_hsp": [0.13999725878238678, 1.0, 1.0], "k_pid_vsp": [0.0, 391.603759765625, 400.0]}, "datetime": {"datetime": "2025-08-21 18:26:10", "elapsed": 34887.34315395355, "delta": 23.815078735351562}, "costs": {"total_cost": 1683.6318463653126, "time_cost": 150, "final_distance_cost": 37.40154457830642, "oscillation_cost": 315.66553287871193, "completition_cost": 1000.0, "overshoot_cost": 115.0127171705652, "power_cost": 20.027687963867187, "noise_cost": 45.52436377386199, "n_waypoints_completed": 0, "tot_waypoints": 9}}
{"target": -6280.495796974548, "params": {"k_pid_pos": [2.0, 0.0015112459659576416, 0.021491408348083496], "k_pid_alt": [0.03182739019393921, 0.042305201292037964, 1.0], "k_pid_att": [0.0, 10.0, 1.0], "k_pid_yaw": [0.5, 1e-06, 0.1], "k_pid_hsp": [0.0974244698882103, 1.0, 0.975824236869812], "k_pid_vsp": [9.776830673217773, 400.0, 385.3973693847656]}, "datetime": {"datetime": "2025-08-21 18:26:35", "elapsed": 34912.14300942421, "delta": 24.79985547065735}, "costs": {"total_cost": 6280.495796974548, "time_cost": 150, "final_distance_cost": 954.2902465197361, "oscillation_cost": 1889.5945697759214, "completition_cost": 1000.0, "overshoot_cost": 2150.80076143237, "power_cost": 34.20954185791016, "noise_cost": 101.60067738861098, "n_waypoints_completed": 0, "tot_waypoints": 9}}
{"target": -12728.294876349122, "params": {"k_pid_pos": [2.0, 0.02404192090034485, 0.06442198157310486], "k_pid_alt": [0.0, 0.0, 1.0], "k_pid_att": [0.0, 9.342382431030273, 1.0], "k_pid_yaw": [0.5, 1e-06, 0.1], "k_pid_hsp": [9.999999747378752e-05, 0.9127383232116699, 1.0], "k_pid_vsp": [2.042841911315918, 391.82257080078125, 400.0]}, "datetime": {"datetime": "2025-08-21 18:26:59", "elapsed": 34936.335260629654, "delta": 24.192251205444336}, "costs": {"total_cost": 12728.294876349122, "time_cost": 150, "final_distance_cost": 4057.0682732475266, "oscillation_cost": 1548.7729029682482, "completition_cost": 1000.0, "overshoot_cost": 5852.714861378688, "power_cost": 28.054070544433596, "noise_cost": 91.68476821022618, "n_waypoints_completed": 0, "tot_waypoints": 9}}
{"target": -2024.7383059075653, "params": {"k_pid_pos": [1.936957836151123, 0.07275658845901489, 0.0], "k_pid_alt": [0.0, 0.0, 0.9749479293823242], "k_pid_att": [2.339062213897705, 10.0, 0.9983776211738586], "k_pid_yaw": [0.5, 1e-06, 0.1], "k_pid_hsp": [0.5328975915908813, 0.9904305934906006, 1.0], "k_pid_vsp": [9.11663818359375, 388.7051086425781, 400.0]}, "datetime": {"datetime": "2025-08-21 18:27:22", "elapsed": 34959.3546025753, "delta": 23.019341945648193}, "costs": {"total_cost": 2024.7383059075653, "time_cost": 150, "final_distance_cost": 81.02787775608179, "oscillation_cost": 389.69485443422644, "completition_cost": 1000.0, "overshoot_cost": 322.35548136790436, "power_cost": 15.648068688964845, "noise_cost": 66.01202366038764, "n_waypoints_completed": 0, "tot_waypoints": 9}}
{"target": -20370.39170135787, "params": {"k_pid_pos": [2.0, 0.05473357439041138, 0.0], "k_pid_alt": [0.009195029735565186, 0.08573126792907715, 1.0], "k_pid_att": [0.0, 8.989235877990723, 1.0], "k_pid_yaw": [0.5, 1e-06, 0.1], "k_pid_hsp": [0.7418076992034912, 1.0, 0.9269564747810364], "k_pid_vsp": [15.25876522064209, 398.11480712890625, 384.10101318359375]}, "datetime": {"datetime": "2025-08-21 18:27:47", "elapsed": 34984.412439107895, "delta": 25.057836532592773}, "costs": {"total_cost": 20370.39170135787, "time_cost": 150, "final_distance_cost": 6348.896373834519, "oscillation_cost": 2314.688151600399, "completition_cost": 1000.0, "overshoot_cost": 10420.141523143318, "power_cost": 34.411206176757815, "noise_cost": 102.25444660287026, "n_waypoints_completed": 0, "tot_waypoints": 9}}
{"target": -2671.1106363530025, "params": {"k_pid_pos": [1.9352283477783203, 0.0, 0.0], "k_pid_alt": [0.07581108808517456, 0.0, 0.9581305980682373], "k_pid_att": [7.982826232910156, 10.0, 1.0], "k_pid_yaw": [0.5, 1e-06, 0.1], "k_pid_hsp": [9.999999747378752e-05, 1.0, 0.9149230718612671], "k_pid_vsp": [1.6697168350219727, 396.7853698730469, 400.0]}, "datetime": {"datetime": "2025-08-21 18:28:11", "elapsed": 35008.19812965393, "delta": 23.785690546035767}, "costs": {"total_cost": 2671.1106363530025, "time_cost": 150, "final_distance_cost": 550.2414819097029, "oscillation_cost": 195.97495488603218, "completition_cost": 1000.0, "overshoot_cost": 731.5975862457572, "power_cost": 22.323439013671877, "noise_cost": 20.97317429783874, "n_waypoints_completed": 0, "tot_waypoints": 9}}
{"target": -1696.8193264116692, "params": {"k_pid_pos": [2.0, 0.0, 0.0], "k_pid_alt": [0.09494376182556152, 0.0, 0.9897909164428711], "k_pid_att": [10.743695259094238, 10.0, 1.0], "k_pid_yaw": [0.5, 1e-06, 0.1], "k_pid_hsp": [9.999999747378752e-05, 1.0, 0.9273974299430847], "k_pid_vsp": [0.0, 400.0, 400.0]}, "datetime": {"datetime": "2025-08-21 18:28:36", "elapsed": 35033.163486003876, "delta": 24.96535634994507}, "costs": {"total_cost": 1696.8193264116692, "time_cost": 150, "final_distance_cost": 8.844492572242661, "oscillation_cost": 337.8525255549909, "completition_cost": 1000.0, "overshoot_cost": 135.5213582748025, "power_cost": 16.76754354248047, "noise_cost": 47.83340646715268, "n_waypoints_completed": 0, "tot_waypoints": 9}}
{"target": -2726.878152379925, "params": {"k_pid_pos": [1.9256314039230347, 0.032124489545822144, 0.06885784864425659], "k_pid_alt": [0.0717782974243164, 0.0, 1.0], "k_pid_att": [13.6943998336792, 9.97817325592041, 0.9671631455421448], "k_pid_yaw": [0.5, 1e-06, 0.1], "k_pid_hsp": [9.999999747378752e-05, 1.0, 1.0], "k_pid_vsp": [0.0, 386.59576416015625, 391.51025390625]}, "datetime": {"datetime": "2025-08-21 18:29:01", "elapsed": 35057.72312140465, "delta": 24.559635400772095}, "costs": {"total_cost": 2726.878152379925, "time_cost": 150, "final_distance_cost": 257.2875573360259, "oscillation_cost": 357.0251956251437, "completition_cost": 1000.0, "overshoot_cost": 917.126557771289, "power_cost": 24.795954809570315, "noise_cost": 20.642886837895727, "n_waypoints_completed": 0, "tot_waypoints": 9}}
{"target": -20823.977304254677, "params": {"k_pid_pos": [1.8378199338912964, 0.0036666691303253174, 0.05297136306762695], "k_pid_alt": [0.05540364980697632, 0.0, 1.0], "k_pid_att": [0.2712726593017578, 10.0, 0.9157302975654602], "k_pid_yaw": [0.5, 1e-06, 0.1], "k_pid_hsp": [9.999999747378752e-05, 0.9306643605232239, 1.0], "k_pid_vsp": [0.0, 400.0, 367.425537109375]}, "datetime": {"datetime": "2025-08-21 18:29:24", "elapsed": 35081.24942827225, "delta": 23.526306867599487}, "costs": {"total_cost": 20823.977304254677, "time_cost": 150, "final_distance_cost": 6650.309966533964, "oscillation_cost": 2066.8244154774643, "completition_cost": 1000.0, "overshoot_cost": 10821.817742274627, "power_cost": 33.87021121826172, "noise_cost": 101.15496875035625, "n_waypoints_completed": 0, "tot_waypoints": 9}}
{"target": -13905.918550635413, "params": {"k_pid_pos": [2.0, 0.0, 0.038005679845809937], "k_pid_alt": [0.09332358837127686, 0.0, 1.0], "k_pid_att": [0.0, 10.0, 0.9225977659225464], "k_pid_yaw": [0.5, 1e-06, 0.1], "k_pid_hsp": [0.7358559370040894, 0.9951362013816833, 1.0], "k_pid_vsp": [0.0, 385.03851318359375, 399.5660705566406]}, "datetime": {"datetime": "2025-08-21 18:29:50", "elapsed": 35106.573939561844, "delta": 25.324511289596558}, "costs": {"total_cost": 13905.918550635413, "time_cost": 150, "final_distance_cost": 4182.619327639016, "oscillation_cost": 2265.4451952363015, "completition_cost": 1000.0, "overshoot_cost": 6174.690599220593, "power_cost": 33.1371267944336, "noise_cost": 100.02630174506835, "n_waypoints_completed": 0, "tot_waypoints": 9}}
{"target": -18708.905950622928, "params": {"k_pid_pos": [2.0, 0.023274213075637817, 0.0], "k_pid_alt": [0.0, 0.0, 1.0], "k_pid_att": [0.0, 10.0, 0.9506345987319946], "k_pid_yaw": [0.5, 1e-06, 0.1], "k_pid_hsp": [0.2159852683544159, 1.0, 1.0], "k_pid_vsp": [0.0, 400.0, 400.0]}, "datetime": {"datetime": "2025-08-21 18:30:13", "elapsed": 35129.91320157051, "delta": 23.339262008666992}, "costs": {"total_cost": 18708.905950622928, "time_cost": 150, "final_distance_cost": 6037.595187499241, "oscillation_cost": 2171.949715204793, "completition_cost": 1000.0, "overshoot_cost": 9224.005749338654, "power_cost": 29.69935554199219, "noise_cost": 95.65594303825239, "n_waypoints_completed": 0, "tot_waypoints": 9}}
{"target": -13017.95715045591, "params": {"k_pid_pos": [2.0, 0.04613173007965088, 0.03589582443237305], "k_pid_alt": [0.0, 0.0, 1.0], "k_pid_att": [0.0, 9.334920883178711, 1.0], "k_pid_yaw": [0.5, 1e-06, 0.1], "k_pid_hsp": [9.999999747378752e-05, 0.9530864953994751, 0.9542561173439026], "k_pid_vsp": [0.0, 400.0, 389.3490295410156]}, "datetime": {"datetime": "2025-08-21 18:30:37", "elapsed": 35154.08454799652, "delta": 24.171346426010132}, "costs": {"total_cost": 13017.95715045591, "time_cost": 150, "final_distance_cost": 4069.5242992128137, "oscillation_cost": 1852.2972624093118, "completition_cost": 1000.0, "overshoot_cost": 5833.644170133247, "power_cost": 25.381223791503906, "noise_cost": 87.11019490903327, "n_waypoints_completed": 0, "tot_waypoints": 9}}
{"target": -18484.628115843097, "params": {"k_pid_pos": [2.0, 0.030069947242736816, 0.039402663707733154], "k_pid_alt": [0.0, 0.012713372707366943, 1.0], "k_pid_att": [0.0, 10.0, 1.0], "k_pid_yaw": [0.5, 1e-06, 0.1], "k_pid_hsp": [0.039521224796772, 1.0, 1.0], "k_pid_vsp": [0.0, 389.4510803222656, 376.6537780761719]}, "datetime": {"datetime": "2025-08-21 18:31:04", "elapsed": 35180.93060493469, "delta": 26.846056938171387}, "costs": {"total_cost": 18484.628115843097, "time_cost": 150, "final_distance_cost": 5158.553554207945, "oscillation_cost": 1745.4492221171447, "completition_cost": 1000.0, "overshoot_cost": 10291.299691384716, "power_cost": 35.17603084716797, "noise_cost": 104.14961728612096, "n_waypoints_completed": 0, "tot_waypoints": 9}}
{"target": -8831.495718298975, "params": {"k_pid_pos": [2.0, 0.0, 0.0], "k_pid_alt": [0.0, 0.0, 1.0], "k_pid_att": [0.0, 9.961455345153809, 1.0], "k_pid_yaw": [0.5, 1e-06, 0.1], "k_pid_hsp": [9.999999747378752e-05, 0.9406342506408691, 0.9947257041931152], "k_pid_vsp": [6.5755486488342285, 382.1734924316406, 390.5274658203125]}, "datetime": {"datetime": "2025-08-21 18:31:32", "elapsed": 35208.803107738495, "delta": 27.87250280380249}, "costs": {"total_cost": 8831.495718298975, "time_cost": 150, "final_distance_cost": 2484.7212518143056, "oscillation_cost": 574.1061310627127, "completition_cost": 1000.0, "overshoot_cost": 4545.997734177507, "power_cost": 13.442800634765625, "noise_cost": 63.22780060968322, "n_waypoints_completed": 0, "tot_waypoints": 9}}
{"target": -3390.247904540025, "params": {"k_pid_pos": [1.9952278137207031, 0.07209813594818115, 0.006806880235671997], "k_pid_alt": [0.0, 0.016284704208374023, 0.9470399618148804], "k_pid_att": [0.0, 10.0, 1.0], "k_pid_yaw": [0.5, 1e-06, 0.1], "k_pid_hsp": [0.6442844867706299, 0.9718912839889526, 0.9989993572235107], "k_pid_vsp": [0.0, 400.0, 400.0]}, "datetime": {"datetime": "2025-08-21 18:31:58", "elapsed": 35234.470729112625, "delta": 25.66762137413025}, "costs": {"total_cost": 3390.247904540025, "time_cost": 150, "final_distance_cost": 228.7530493194533, "oscillation_cost": 1317.3933991755446, "completition_cost": 1000.0, "overshoot_cost": 567.0698446618073, "power_cost": 31.3505595703125, "noise_cost": 95.6810518129068, "n_waypoints_completed": 0, "tot_waypoints": 9}}
{"target": -2050.7119720923474, "params": {"k_pid_pos": [1.98117995262146, 0.0, 0.0], "k_pid_alt": [0.0, 0.01563766598701477, 0.9663203954696655], "k_pid_att": [1.623651385307312, 9.978103637695312, 0.9683802723884583], "k_pid_yaw": [0.5, 1e-06, 0.1], "k_pid_hsp": [9.999999747378752e-05, 0.9704563617706299, 0.9342753887176514], "k_pid_vsp": [0.0, 365.6568908691406, 400.0]}, "datetime": {"datetime": "2025-08-21 18:32:22", "elapsed": 35258.82312631607, "delta": 24.352397203445435}, "costs": {"total_cost": 2050.7119720923474, "time_cost": 150, "final_distance_cost": 9.153645677480874, "oscillation_cost": 564.3943546572026, "completition_cost": 1000.0, "overshoot_cost": 203.80999409655152, "power_cost": 30.856330468750002, "noise_cost": 92.49764719236256, "n_waypoints_completed": 0, "tot_waypoints": 9}}
{"target": -2137.687389673758, "params": {"k_pid_pos": [1.84159255027771, 0.0, 0.035260289907455444], "k_pid_alt": [0.0, 0.012111872434616089, 0.9428074359893799], "k_pid_att": [1.6215771436691284, 10.0, 0.9453177452087402], "k_pid_yaw": [0.5, 1e-06, 0.1], "k_pid_hsp": [9.999999747378752e-05, 0.9779646992683411, 0.9806152582168579], "k_pid_vsp": [0.0, 349.39068603515625, 382.890380859375]}, "datetime": {"datetime": "2025-08-21 18:32:46", "elapsed": 35282.55414104462, "delta": 23.731014728546143}, "costs": {"total_cost": 2137.687389673758, "time_cost": 150, "final_distance_cost": 39.80049475509607, "oscillation_cost": 567.8989859854644, "completition_cost": 1000.0, "overshoot_cost": 259.3495316955414, "power_cost": 30.002509631347657, "noise_cost": 90.6358676063087, "n_waypoints_completed": 0, "tot_waypoints": 9}}
{"target": -8163.311640344053, "params": {"k_pid_pos": [1.856945514678955, 0.033709824085235596, 0.09200796484947205], "k_pid_alt": [0.0, 0.0, 0.9683273434638977], "k_pid_att": [0.0, 9.019124984741211, 0.9776926636695862], "k_pid_yaw": [0.5, 1e-06, 0.1], "k_pid_hsp": [9.999999747378752e-05, 1.0, 1.0], "k_pid_vsp": [0.0, 383.9404602050781, 400.0]}, "datetime": {"datetime": "2025-08-21 18:33:09", "elapsed": 35306.412202358246, "delta": 23.85806131362915}, "costs": {"total_cost": 8163.311640344053, "time_cost": 150, "final_distance_cost": 2054.0732216541564, "oscillation_cost": 723.6069069373835, "completition_cost": 1000.0, "overshoot_cost": 4153.413269937209, "power_cost": 15.946068041992188, "noise_cost": 66.2721737733107, "n_waypoints_completed": 0, "tot_waypoints": 9}}
{"target": -19955.166225266963, "params": {"k_pid_pos": [2.0, 0.03890135884284973, 0.0], "k_pid_alt": [0.0, 0.0043783485889434814, 1.0], "k_pid_att": [0.0, 9.949440002441406, 0.9405410289764404], "k_pid_yaw": [0.5, 1e-06, 0.1], "k_pid_hsp": [9.999999747378752e-05, 1.0, 0.9715321063995361], "k_pid_vsp": [0.0, 394.33197021484375, 400.0]}, "datetime": {"datetime": "2025-08-21 18:33:34", "elapsed": 35331.42891693115, "delta": 25.016714572906494}, "costs": {"total_cost": 19955.166225266963, "time_cost": 150, "final_distance_cost": 6198.851175162253, "oscillation_cost": 2317.7083282699136, "completition_cost": 1000.0, "overshoot_cost": 10150.883693504116, "power_cost": 34.751849462890625, "noise_cost": 102.97117886778763, "n_waypoints_completed": 0, "tot_waypoints": 9}}
{"target": -9584.555406828678, "params": {"k_pid_pos": [2.0, 0.0, 0.04479372501373291], "k_pid_alt": [0.0, 0.003672480583190918, 1.0], "k_pid_att": [0.0, 10.0, 0.9744244813919067], "k_pid_yaw": [0.5, 1e-06, 0.1], "k_pid_hsp": [9.999999747378752e-05, 0.9649046063423157, 1.0], "k_pid_vsp": [0.0, 366.095458984375, 389.7727966308594]}, "datetime": {"datetime": "2025-08-21 18:33:58", "elapsed": 35354.47387218475, "delta": 23.044955253601074}, "costs": {"total_cost": 9584.555406828678, "time_cost": 150, "final_distance_cost": 2191.9366769861304, "oscillation_cost": 1077.947399007192, "completition_cost": 1000.0, "overshoot_cost": 5037.915922625245, "power_cost": 31.638705200195314, "noise_cost": 95.11670300991454, "n_waypoints_completed": 0, "tot_waypoints": 9}}
{"target": -16899.00198714809, "params": {"k_pid_pos": [1.9773445129394531, 0.1227298378944397, 0.0], "k_pid_alt": [0.0, 0.016137748956680298, 0.9676607847213745], "k_pid_att": [0.0, 10.0, 0.9867892265319824], "k_pid_yaw": [0.5, 1e-06, 0.1], "k_pid_hsp": [0.17276905477046967, 0.9668233394622803, 1.0], "k_pid_vsp": [17.27117347717285, 394.4685974121094, 361.211181640625]}, "datetime": {"datetime": "2025-08-21 18:34:23", "elapsed": 35379.800215005875, "delta": 25.326342821121216}, "costs": {"total_cost": 16899.00198714809, "time_cost": 150, "final_distance_cost": 5319.765292134283, "oscillation_cost": 1933.0671175557097, "completition_cost": 1000.0, "overshoot_cost": 8358.877097222125, "power_cost": 34.614551196289064, "noise_cost": 102.67792903968507, "n_waypoints_completed": 0, "tot_waypoints": 9}}
{"target": -5418.349480069855, "params": {"k_pid_pos": [1.9472754001617432, 0.0, 0.034897834062576294], "k_pid_alt": [0.0, 0.0, 0.970997154712677], "k_pid_att": [0.1607060432434082, 9.817824363708496, 1.0], "k_pid_yaw": [0.5, 1e-06, 0.1], "k_pid_hsp": [9.999999747378752e-05, 1.0, 0.9681254625320435], "k_pid_vsp": [0.0, 400.0, 400.0]}, "datetime": {"datetime": "2025-08-21 18:34:47", "elapsed": 35403.87460589409, "delta": 24.07439088821411}, "costs": {"total_cost": 5418.349480069855, "time_cost": 150, "final_distance_cost": 718.0089586706251, "oscillation_cost": 1806.0226785521982, "completition_cost": 1000.0, "overshoot_cost": 1638.7209381728105, "power_cost": 23.276855932617188, "noise_cost": 82.32004874160388, "n_waypoints_completed": 0, "tot_waypoints": 9}}
{"target": -4628.473145745185, "params": {"k_pid_pos": [2.0, 0.00046053528785705566, 0.0], "k_pid_alt": [0.0, 0.0, 0.988766074180603], "k_pid_att": [0.0, 9.590073585510254, 1.0], "k_pid_yaw": [0.5, 1e-06, 0.1], "k_pid_hsp": [9.999999747378752e-05, 1.0, 0.9777992963790894], "k_pid_vsp": [0.0, 394.9008483886719, 400.0]}, "datetime": {"datetime": "2025-08-21 18:35:11", "elapsed": 35428.30320477486, "delta": 24.428598880767822}, "costs": {"total_cost": 4628.473145745185, "time_cost": 150, "final_distance_cost": 557.905230366216, "oscillation_cost": 1578.5337329785848, "completition_cost": 1000.0, "overshoot_cost": 1234.0795629927095, "power_cost": 24.411209509277345, "noise_cost": 83.54340989839672, "n_waypoints_completed": 0, "tot_waypoints": 9}}
{"target": -14246.346869260033, "params": {"k_pid_pos": [2.0, 0.04899942874908447, 0.03206828236579895], "k_pid_alt": [0.046575069427490234, 0.017053723335266113, 0.9470944404602051], "k_pid_att": [0.0, 10.0, 1.0], "k_pid_yaw": [0.5, 1e-06, 0.1], "k_pid_hsp": [0.5026992559432983, 0.9778304100036621, 0.961776852607727], "k_pid_vsp": [0.0, 384.3823547363281, 400.0]}, "datetime": {"datetime": "2025-08-21 18:35:36", "elapsed": 35452.46937799454, "delta": 24.166173219680786}, "costs": {"total_cost": 14246.346869260033, "time_cost": 150, "final_distance_cost": 3728.5635780745665, "oscillation_cost": 2235.2379023400495, "completition_cost": 1000.0, "overshoot_cost": 6993.892802278503, "power_cost": 35.00693173828125, "noise_cost": 103.64565482863246, "n_waypoints_completed": 0, "tot_waypoints": 9}}
{"target": -17231.46422605204, "params": {"k_pid_pos": [2.0, 0.05628710985183716, 0.0], "k_pid_alt": [0.0, 0.0, 1.0], "k_pid_att": [0.0, 9.687893867492676, 0.9794117212295532], "k_pid_yaw": [0.5, 1e-06, 0.1], "k_pid_hsp": [0.05867290124297142, 0.9534232020378113, 0.9723619818687439], "k_pid_vsp": [12.240541458129883, 375.47369384765625, 400.0]}, "datetime": {"datetime": "2025-08-21 18:35:58", "elapsed": 35475.04078269005, "delta": 22.571404695510864}, "costs": {"total_cost": 17231.46422605204, "time_cost": 150, "final_distance_cost": 5423.834285429339, "oscillation_cost": 2206.657628143859, "completition_cost": 1000.0, "overshoot_cost": 8331.330101116204, "power_cost": 27.934683056640626, "noise_cost": 91.7075283060009, "n_waypoints_completed": 0, "tot_waypoints": 9}}
{"target": -2413.8315904951887, "params": {"k_pid_pos": [1.8933037519454956, 0.0, 0.0], "k_pid_alt": [0.0, 0.11008301377296448, 0.9732015132904053], "k_pid_att": [0.6637513637542725, 9.660951614379883, 0.9687868356704712], "k_pid_yaw": [0.5, 1e-06, 0.1], "k_pid_hsp": [0.32775118947029114, 0.9744182825088501, 1.0], "k_pid_vsp": [8.445894241333008, 400.0, 400.0]}, "datetime": {"datetime": "2025-08-21 18:36:23", "elapsed": 35499.99528217316, "delta": 24.95449948310852}, "costs": {"total_cost": 2413.8315904951887, "time_cost": 150, "final_distance_cost": 33.29226181068653, "oscillation_cost": 813.8324872875354, "completition_cost": 1000.0, "overshoot_cost": 296.25442611504633, "power_cost": 30.372261657714844, "noise_cost": 90.08015362420566, "n_waypoints_completed": 0, "tot_waypoints": 9}}
{"target": -1702.2525547878777, "params": {"k_pid_pos": [1.9380216598510742, 0.0, 0.06063726544380188], "k_pid_alt": [0.0, 0.01755663752555847, 0.9473644495010376], "k_pid_att": [4.520347595214844, 10.0, 0.9968811869621277], "k_pid_yaw": [0.5, 1e-06, 0.1], "k_pid_hsp": [0.30861082673072815, 1.0, 0.9752218723297119], "k_pid_vsp": [2.4244070053100586, 383.7564392089844, 400.0]}, "datetime": {"datetime": "2025-08-21 18:36:47", "elapsed": 35523.99555373192, "delta": 24.000271558761597}, "costs": {"total_cost": 1702.2525547878777, "time_cost": 150, "final_distance_cost": 12.304370760789881, "oscillation_cost": 295.93480422515415, "completition_cost": 1000.0, "overshoot_cost": 157.24684505742198, "power_cost": 20.525089379882814, "noise_cost": 66.24144536462912, "n_waypoints_completed": 0, "tot_waypoints": 9}}
