{"target": -2108.1713645801387, "params": {"k_pid_pos": [1.9449511766433716, 0.016666769981384277, 0.0], "k_pid_alt": [0.13758337497711182, 0.007137596607208252, 1.0], "k_pid_att": [8.36964225769043, 9.263322830200195, 1.0], "k_pid_yaw": [0.5, 1e-06, 0.1], "k_pid_hsp": [9.999999747378752e-05, 1.0, 1.0], "k_pid_vsp": [16.561376571655273, 372.0134582519531, 400.0]}, "datetime": {"datetime": "2025-08-21 23:59:43", "elapsed": 54900.4512257576, "delta": 23.292813301086426}, "costs": {"total_cost": 2108.1713645801387, "time_cost": 150, "final_distance_cost": 301.63977607527187, "oscillation_cost": 219.66465812798856, "completition_cost": 1000.0, "overshoot_cost": 406.1719122796047, "power_cost": 16.241666833496094, "noise_cost": 14.45335126377732, "n_waypoints_completed": 0, "tot_waypoints": 9}}
{"target": -6448.1412580176775, "params": {"k_pid_pos": [2.0, 0.0, 0.10453841090202332], "k_pid_alt": [0.06258898973464966, 0.07001125812530518, 0.929381787776947], "k_pid_att": [0.0, 10.0, 1.0], "k_pid_yaw": [0.5, 1e-06, 0.1], "k_pid_hsp": [1.026218295097351, 1.0, 0.9609384536743164], "k_pid_vsp": [21.75455093383789, 400.0, 400.0]}, "datetime": {"datetime": "2025-08-22 00:00:09", "elapsed": 54926.26982307434, "delta": 25.818597316741943}, "costs": {"total_cost": 6448.1412580176775, "time_cost": 150, "final_distance_cost": 721.7261465046888, "oscillation_cost": 1901.4787385083168, "completition_cost": 1000.0, "overshoot_cost": 2537.2295092455524, "power_cost": 34.765143774414064, "noise_cost": 102.94171998470499, "n_waypoints_completed": 0, "tot_waypoints": 9}}
{"target": -1999.3369055689386, "params": {"k_pid_pos": [2.0, 0.008670419454574585, 0.0], "k_pid_alt": [0.06243896484375, 0.0, 1.0], "k_pid_att": [3.4911692142486572, 10.0, 1.0], "k_pid_yaw": [0.5, 1e-06, 0.1], "k_pid_hsp": [0.14466068148612976, 0.9916717410087585, 1.0], "k_pid_vsp": [0.0, 400.0, 392.0101623535156]}, "datetime": {"datetime": "2025-08-22 00:00:32", "elapsed": 54949.275606155396, "delta": 23.005783081054688}, "costs": {"total_cost": 1999.3369055689386, "time_cost": 150, "final_distance_cost": 103.69391983637347, "oscillation_cost": 309.62920431397055, "completition_cost": 1000.0, "overshoot_cost": 347.11077693162764, "power_cost": 21.20256044921875, "noise_cost": 67.70044403774816, "n_waypoints_completed": 0, "tot_waypoints": 9}}
{"target": -4758.868309258279, "params": {"k_pid_pos": [2.0, 0.030901998281478882, 0.0], "k_pid_alt": [0.07229810953140259, 0.0, 1.0], "k_pid_att": [11.583101272583008, 10.0, 0.987712562084198], "k_pid_yaw": [0.5, 1e-06, 0.1], "k_pid_hsp": [0.05670209228992462, 1.0, 0.9901270270347595], "k_pid_vsp": [9.07747745513916, 390.0653381347656, 398.99462890625]}, "datetime": {"datetime": "2025-08-22 00:00:56", "elapsed": 54973.216920137405, "delta": 23.941313982009888}, "costs": {"total_cost": 4758.868309258279, "time_cost": 150, "final_distance_cost": 1436.623334522445, "oscillation_cost": 171.9762322002575, "completition_cost": 1000.0, "overshoot_cost": 1968.2587707627958, "power_cost": 17.15540389404297, "noise_cost": 14.854567878736775, "n_waypoints_completed": 0, "tot_waypoints": 9}}
{"target": -4219.763309943825, "params": {"k_pid_pos": [1.9313467741012573, 0.07747852802276611, 0.0], "k_pid_alt": [0.0, 0.030910640954971313, 0.9951221942901611], "k_pid_att": [4.378947734832764, 10.0, 1.0], "k_pid_yaw": [0.5, 1e-06, 0.1], "k_pid_hsp": [9.999999747378752e-05, 0.938845157623291, 0.9443414807319641], "k_pid_vsp": [0.0, 383.7183532714844, 400.0]}, "datetime": {"datetime": "2025-08-22 00:01:19", "elapsed": 54995.48568367958, "delta": 22.268763542175293}, "costs": {"total_cost": 4219.763309943825, "time_cost": 150, "final_distance_cost": 1186.088829994799, "oscillation_cost": 164.0879253258007, "completition_cost": 1000.0, "overshoot_cost": 1684.5148092330871, "power_cost": 18.498920715332034, "noise_cost": 16.57282467480656, "n_waypoints_completed": 0, "tot_waypoints": 9}}
{"target": -4497.614714481257, "params": {"k_pid_pos": [1.968790888786316, 0.03386509418487549, 0.0], "k_pid_alt": [0.02477961778640747, 0.0009252429008483887, 0.918767511844635], "k_pid_att": [0.0, 10.0, 0.9145899415016174], "k_pid_yaw": [0.5, 1e-06, 0.1], "k_pid_hsp": [0.36903831362724304, 0.9816900491714478, 0.99435955286026], "k_pid_vsp": [9.071660041809082, 373.529052734375, 400.0]}, "datetime": {"datetime": "2025-08-22 00:01:42", "elapsed": 55018.88144159317, "delta": 23.395757913589478}, "costs": {"total_cost": 4497.614714481257, "time_cost": 150, "final_distance_cost": 639.5144350435892, "oscillation_cost": 1497.3930955439905, "completition_cost": 1000.0, "overshoot_cost": 1080.4527412224334, "power_cost": 32.31613717041016, "noise_cost": 97.93830550083395, "n_waypoints_completed": 0, "tot_waypoints": 9}}
{"target": -2272.462710998206, "params": {"k_pid_pos": [2.0, 0.011287301778793335, 0.0], "k_pid_alt": [0.1558976173400879, 0.006135135889053345, 0.9851219058036804], "k_pid_att": [1.128426194190979, 10.0, 1.0], "k_pid_yaw": [0.5, 1e-06, 0.1], "k_pid_hsp": [0.7603469491004944, 0.9279030561447144, 0.9605793952941895], "k_pid_vsp": [0.0, 400.0, 395.4896545410156]}, "datetime": {"datetime": "2025-08-22 00:02:06", "elapsed": 55043.184046030045, "delta": 24.30260443687439}, "costs": {"total_cost": 2272.462710998206, "time_cost": 150, "final_distance_cost": 106.87238242903118, "oscillation_cost": 673.8489588110276, "completition_cost": 1000.0, "overshoot_cost": 215.48264627215877, "power_cost": 31.66835992431641, "noise_cost": 94.59036356167194, "n_waypoints_completed": 0, "tot_waypoints": 9}}
{"target": -5463.16972652161, "params": {"k_pid_pos": [2.0, 0.0, 0.06757432222366333], "k_pid_alt": [0.0, 0.01050218939781189, 1.0], "k_pid_att": [0.0, 9.408790588378906, 0.9885953068733215], "k_pid_yaw": [0.5, 1e-06, 0.1], "k_pid_hsp": [0.39770933985710144, 0.9512627720832825, 1.0], "k_pid_vsp": [20.67723274230957, 377.5010070800781, 386.2442626953125]}, "datetime": {"datetime": "2025-08-22 00:02:31", "elapsed": 55067.586992025375, "delta": 24.40294599533081}, "costs": {"total_cost": 5463.16972652161, "time_cost": 150, "final_distance_cost": 653.9824216704892, "oscillation_cost": 2065.328286582094, "completition_cost": 1000.0, "overshoot_cost": 1460.3357898238933, "power_cost": 33.45047551269531, "noise_cost": 100.07275293243877, "n_waypoints_completed": 0, "tot_waypoints": 9}}
{"target": -21129.996158532987, "params": {"k_pid_pos": [1.997201681137085, 0.0, 0.0], "k_pid_alt": [0.0, 0.0, 1.0], "k_pid_att": [0.0, 9.556982040405273, 1.0], "k_pid_yaw": [0.5, 1e-06, 0.1], "k_pid_hsp": [0.1158120185136795, 1.0, 1.0], "k_pid_vsp": [21.848690032958984, 400.0, 400.0]}, "datetime": {"datetime": "2025-08-22 00:02:56", "elapsed": 55092.66967582703, "delta": 25.082683801651}, "costs": {"total_cost": 21129.996158532987, "time_cost": 150, "final_distance_cost": 6340.3978403693, "oscillation_cost": 2265.9439933399817, "completition_cost": 1000.0, "overshoot_cost": 11248.921003324567, "power_cost": 29.239985461425782, "noise_cost": 95.49333603771102, "n_waypoints_completed": 0, "tot_waypoints": 9}}
{"target": -7127.577484048877, "params": {"k_pid_pos": [2.0, 0.029969751834869385, 0.0], "k_pid_alt": [0.12809783220291138, 0.0, 1.0], "k_pid_att": [0.0, 9.732749938964844, 0.9595333337783813], "k_pid_yaw": [0.5, 1e-06, 0.1], "k_pid_hsp": [9.999999747378752e-05, 1.0, 0.9673470258712769], "k_pid_vsp": [0.0, 400.0, 400.0]}, "datetime": {"datetime": "2025-08-22 00:03:19", "elapsed": 55115.76235747337, "delta": 23.092681646347046}, "costs": {"total_cost": 7127.577484048877, "time_cost": 150, "final_distance_cost": 1444.056916587819, "oscillation_cost": 1043.015806968312, "completition_cost": 1000.0, "overshoot_cost": 3359.3449372503155, "power_cost": 32.739006262207035, "noise_cost": 98.42081698022308, "n_waypoints_completed": 0, "tot_waypoints": 9}}
{"target": -1695.1348250620517, "params": {"k_pid_pos": [2.0, 0.05512458086013794, 0.007102400064468384], "k_pid_alt": [0.0, 0.0, 1.0], "k_pid_att": [4.232769966125488, 9.257770538330078, 0.9567701816558838], "k_pid_yaw": [0.5, 1e-06, 0.1], "k_pid_hsp": [0.43640220165252686, 0.9030028581619263, 0.9733515977859497], "k_pid_vsp": [0.0, 399.3509216308594, 400.0]}, "datetime": {"datetime": "2025-08-22 00:03:45", "elapsed": 55141.95957708359, "delta": 26.197219610214233}, "costs": {"total_cost": 1695.1348250620517, "time_cost": 150, "final_distance_cost": 22.524609258951568, "oscillation_cost": 292.630969025345, "completition_cost": 1000.0, "overshoot_cost": 146.69475229033532, "power_cost": 19.551632153320313, "noise_cost": 63.732862334099444, "n_waypoints_completed": 0, "tot_waypoints": 9}}
{"target": -8257.923112544111, "params": {"k_pid_pos": [1.967828392982483, 0.10240861773490906, 0.01589629054069519], "k_pid_alt": [0.16023659706115723, 0.02122136950492859, 1.0], "k_pid_att": [0.0, 10.0, 0.977034866809845], "k_pid_yaw": [0.5, 1e-06, 0.1], "k_pid_hsp": [0.8167756199836731, 1.0, 0.9777262210845947], "k_pid_vsp": [14.227819442749023, 370.24737548828125, 377.199462890625]}, "datetime": {"datetime": "2025-08-22 00:04:10", "elapsed": 55167.36944413185, "delta": 25.40986704826355}, "costs": {"total_cost": 8257.923112544111, "time_cost": 150, "final_distance_cost": 2276.376031718077, "oscillation_cost": 2088.8285107979386, "completition_cost": 1000.0, "overshoot_cost": 2606.9197268433904, "power_cost": 34.08494085693359, "noise_cost": 101.71390232777102, "n_waypoints_completed": 0, "tot_waypoints": 9}}
{"target": -8465.952209067787, "params": {"k_pid_pos": [2.0, 0.05357480049133301, 0.0], "k_pid_alt": [0.0, 0.016891062259674072, 0.9304871559143066], "k_pid_att": [0.0, 9.490751266479492, 1.0], "k_pid_yaw": [0.5, 1e-06, 0.1], "k_pid_hsp": [0.7520882487297058, 1.0, 0.9863846302032471], "k_pid_vsp": [20.394742965698242, 384.1734313964844, 390.9307556152344]}, "datetime": {"datetime": "2025-08-22 00:04:33", "elapsed": 55189.58556866646, "delta": 22.216124534606934}, "costs": {"total_cost": 8465.952209067787, "time_cost": 150, "final_distance_cost": 1805.8064968560077, "oscillation_cost": 1116.854811870177, "completition_cost": 1000.0, "overshoot_cost": 4265.932779319028, "power_cost": 31.61498800048828, "noise_cost": 95.74313302208643, "n_waypoints_completed": 0, "tot_waypoints": 9}}
{"target": -1910.5996819138907, "params": {"k_pid_pos": [2.0, 0.02846229076385498, 0.0], "k_pid_alt": [0.0, 0.005470782518386841, 1.0], "k_pid_att": [2.614891529083252, 9.816078186035156, 0.9327465295791626], "k_pid_yaw": [0.5, 1e-06, 0.1], "k_pid_hsp": [0.06301087886095047, 1.0, 0.9450823068618774], "k_pid_vsp": [11.688030242919922, 379.27288818359375, 391.6539611816406]}, "datetime": {"datetime": "2025-08-22 00:04:55", "elapsed": 55211.64945960045, "delta": 22.06389093399048}, "costs": {"total_cost": 1910.5996819138907, "time_cost": 150, "final_distance_cost": 84.24461874002844, "oscillation_cost": 347.7032463923646, "completition_cost": 1000.0, "overshoot_cost": 291.90078000527825, "power_cost": 15.274336816406251, "noise_cost": 21.476699959813228, "n_waypoints_completed": 0, "tot_waypoints": 9}}
{"target": -3262.160629093154, "params": {"k_pid_pos": [2.0, 0.0, 0.0], "k_pid_alt": [0.019141316413879395, 0.0, 0.9461857080459595], "k_pid_att": [6.038445472717285, 10.0, 1.0], "k_pid_yaw": [0.5, 1e-06, 0.1], "k_pid_hsp": [9.999999747378752e-05, 1.0, 0.943311333656311], "k_pid_vsp": [0.0, 374.8724670410156, 364.9072570800781]}, "datetime": {"datetime": "2025-08-22 00:05:17", "elapsed": 55233.82715964317, "delta": 22.17770004272461}, "costs": {"total_cost": 3262.160629093154, "time_cost": 150, "final_distance_cost": 604.7626599020577, "oscillation_cost": 321.3291457075573, "completition_cost": 1000.0, "overshoot_cost": 1149.472140230094, "power_cost": 20.779541845703125, "noise_cost": 15.817141407741701, "n_waypoints_completed": 0, "tot_waypoints": 9}}
{"target": -16836.40231800697, "params": {"k_pid_pos": [1.9764423370361328, 0.0, 0.03070196509361267], "k_pid_alt": [0.03361177444458008, 0.0, 0.9347833395004272], "k_pid_att": [0.0, 10.0, 1.0], "k_pid_yaw": [0.5, 1e-06, 0.1], "k_pid_hsp": [0.5706609487533569, 0.9287533760070801, 1.0], "k_pid_vsp": [0.0, 400.0, 362.5495910644531]}, "datetime": {"datetime": "2025-08-22 00:05:39", "elapsed": 55255.89823675156, "delta": 22.07107710838318}, "costs": {"total_cost": 16836.40231800697, "time_cost": 150, "final_distance_cost": 5196.712325266011, "oscillation_cost": 2106.2050957469505, "completition_cost": 1000.0, "overshoot_cost": 8246.20543209972, "power_cost": 34.53968217773438, "noise_cost": 102.73978271655169, "n_waypoints_completed": 0, "tot_waypoints": 9}}
{"target": -1695.9574756997872, "params": {"k_pid_pos": [1.919994831085205, 0.038990139961242676, 0.02687332034111023], "k_pid_alt": [0.0, 0.10838866233825684, 0.9367073774337769], "k_pid_att": [6.005659580230713, 10.0, 0.9561952352523804], "k_pid_yaw": [0.5, 1e-06, 0.1], "k_pid_hsp": [9.999999747378752e-05, 0.9902775287628174, 1.0], "k_pid_vsp": [0.0, 371.79510498046875, 394.32867431640625]}, "datetime": {"datetime": "2025-08-22 00:06:01", "elapsed": 55278.06497955322, "delta": 22.16674280166626}, "costs": {"total_cost": 1695.9574756997872, "time_cost": 150, "final_distance_cost": 15.991871948315307, "oscillation_cost": 286.84344628310805, "completition_cost": 1000.0, "overshoot_cost": 161.2853897055122, "power_cost": 21.030770825195315, "noise_cost": 60.80599693765634, "n_waypoints_completed": 0, "tot_waypoints": 9}}
{"target": -1702.264421447481, "params": {"k_pid_pos": [2.0, 0.0, 0.07466989755630493], "k_pid_alt": [0.0, 0.0, 1.0], "k_pid_att": [7.102269172668457, 9.960732460021973, 1.0], "k_pid_yaw": [0.5, 1e-06, 0.1], "k_pid_hsp": [9.999999747378752e-05, 1.0, 1.0], "k_pid_vsp": [0.0, 400.0, 365.20172119140625]}, "datetime": {"datetime": "2025-08-22 00:06:25", "elapsed": 55301.5008893013, "delta": 23.435909748077393}, "costs": {"total_cost": 1702.264421447481, "time_cost": 150, "final_distance_cost": 5.630109720206523, "oscillation_cost": 319.2711029684909, "completition_cost": 1000.0, "overshoot_cost": 137.21591265485227, "power_cost": 22.29373475341797, "noise_cost": 67.85356135051346, "n_waypoints_completed": 0, "tot_waypoints": 9}}
{"target": -5454.910575668038, "params": {"k_pid_pos": [2.0, 0.040627241134643555, 0.0], "k_pid_alt": [0.0, 0.03838786482810974, 1.0], "k_pid_att": [0.0, 10.0, 0.9274634122848511], "k_pid_yaw": [0.5, 1e-06, 0.1], "k_pid_hsp": [0.9998539090156555, 1.0, 1.0], "k_pid_vsp": [0.0, 400.0, 400.0]}, "datetime": {"datetime": "2025-08-22 00:06:46", "elapsed": 55322.7937309742, "delta": 21.29284167289734}, "costs": {"total_cost": 5454.910575668038, "time_cost": 150, "final_distance_cost": 515.8801553976562, "oscillation_cost": 2049.8895359150106, "completition_cost": 1000.0, "overshoot_cost": 1604.4919651095006, "power_cost": 33.70452430419922, "noise_cost": 100.94439494167142, "n_waypoints_completed": 0, "tot_waypoints": 9}}
{"target": -1827.8130851165174, "params": {"k_pid_pos": [2.0, 0.0, 0.028361380100250244], "k_pid_alt": [0.0, 0.0, 0.9806987047195435], "k_pid_att": [3.699126720428467, 9.420356750488281, 0.991283655166626], "k_pid_yaw": [0.5, 1e-06, 0.1], "k_pid_hsp": [9.999999747378752e-05, 1.0, 0.997156023979187], "k_pid_vsp": [0.0, 400.0, 400.0]}, "datetime": {"datetime": "2025-08-22 00:07:10", "elapsed": 55346.527104616165, "delta": 23.733373641967773}, "costs": {"total_cost": 1827.8130851165174, "time_cost": 150, "final_distance_cost": 50.84109645519144, "oscillation_cost": 275.38677213788014, "completition_cost": 1000.0, "overshoot_cost": 279.6824641491607, "power_cost": 12.700085522460938, "noise_cost": 59.20266685182423, "n_waypoints_completed": 0, "tot_waypoints": 9}}
{"target": -2117.622834450104, "params": {"k_pid_pos": [1.8820565938949585, 0.03610989451408386, 0.0], "k_pid_alt": [0.0, 0.0, 1.0], "k_pid_att": [3.4028351306915283, 10.0, 1.0], "k_pid_yaw": [0.5, 1e-06, 0.1], "k_pid_hsp": [9.999999747378752e-05, 0.961658775806427, 0.9812253713607788], "k_pid_vsp": [0.0, 400.0, 396.7909240722656]}, "datetime": {"datetime": "2025-08-22 00:07:31", "elapsed": 55368.09448647499, "delta": 21.567381858825684}, "costs": {"total_cost": 2117.622834450104, "time_cost": 150, "final_distance_cost": 308.0778785497751, "oscillation_cost": 301.7857282396244, "completition_cost": 1000.0, "overshoot_cost": 298.4073361271323, "power_cost": 18.420780432128907, "noise_cost": 40.93111110144334, "n_waypoints_completed": 0, "tot_waypoints": 9}}
{"target": -7242.423354266307, "params": {"k_pid_pos": [1.8600926399230957, 0.0, 0.0], "k_pid_alt": [0.0, 0.004656314849853516, 1.0], "k_pid_att": [0.0, 9.720163345336914, 0.9369510412216187], "k_pid_yaw": [0.5, 1e-06, 0.1], "k_pid_hsp": [9.999999747378752e-05, 1.0, 0.9205539226531982], "k_pid_vsp": [15.900897979736328, 400.0, 400.0]}, "datetime": {"datetime": "2025-08-22 00:07:54", "elapsed": 55390.9763405323, "delta": 22.88185405731201}, "costs": {"total_cost": 7242.423354266307, "time_cost": 150, "final_distance_cost": 1553.7790920141201, "oscillation_cost": 949.5743673452264, "completition_cost": 1000.0, "overshoot_cost": 3457.989250922875, "power_cost": 32.99464281005859, "noise_cost": 98.08600117402649, "n_waypoints_completed": 0, "tot_waypoints": 9}}
{"target": -21658.025484392005, "params": {"k_pid_pos": [1.9013477563858032, 0.12552374601364136, 0.0], "k_pid_alt": [0.06818187236785889, 0.02744537591934204, 0.9492760896682739], "k_pid_att": [0.0, 9.655601501464844, 1.0], "k_pid_yaw": [0.5, 1e-06, 0.1], "k_pid_hsp": [0.3955811858177185, 0.9892919063568115, 0.9801157116889954], "k_pid_vsp": [4.60735559463501, 400.0, 400.0]}, "datetime": {"datetime": "2025-08-22 00:08:15", "elapsed": 55412.11606812477, "delta": 21.13972759246826}, "costs": {"total_cost": 21658.025484392005, "time_cost": 150, "final_distance_cost": 6273.127804896267, "oscillation_cost": 2374.812311610904, "completition_cost": 1000.0, "overshoot_cost": 11727.618558532968, "power_cost": 32.87180412597657, "noise_cost": 99.59500522588999, "n_waypoints_completed": 0, "tot_waypoints": 9}}
{"target": -6252.472257742946, "params": {"k_pid_pos": [2.0, 0.004000246524810791, 0.0], "k_pid_alt": [0.0, 0.0, 0.9772154092788696], "k_pid_att": [0.329667329788208, 10.0, 1.0], "k_pid_yaw": [0.5, 1e-06, 0.1], "k_pid_hsp": [9.999999747378752e-05, 0.9553337097167969, 1.0], "k_pid_vsp": [0.0, 400.0, 400.0]}, "datetime": {"datetime": "2025-08-22 00:08:38", "elapsed": 55434.52054929733, "delta": 22.404481172561646}, "costs": {"total_cost": 6252.472257742946, "time_cost": 150, "final_distance_cost": 1635.331985474733, "oscillation_cost": 1758.2435906855337, "completition_cost": 1000.0, "overshoot_cost": 1595.5650686747827, "power_cost": 25.95628748779297, "noise_cost": 87.37532542010305, "n_waypoints_completed": 0, "tot_waypoints": 9}}
{"target": -6661.867080787901, "params": {"k_pid_pos": [1.9425230026245117, 0.0, 0.10193562507629395], "k_pid_alt": [0.09595084190368652, 0.0, 0.9592536687850952], "k_pid_att": [0.0, 9.961625099182129, 1.0], "k_pid_yaw": [0.5, 1e-06, 0.1], "k_pid_hsp": [9.999999747378752e-05, 1.0, 0.9951474666595459], "k_pid_vsp": [0.0, 400.0, 400.0]}, "datetime": {"datetime": "2025-08-22 00:09:00", "elapsed": 55456.89878535271, "delta": 22.378236055374146}, "costs": {"total_cost": 6661.867080787901, "time_cost": 150, "final_distance_cost": 1185.2773225127241, "oscillation_cost": 1399.3317229155605, "completition_cost": 1000.0, "overshoot_cost": 2798.0090950319473, "power_cost": 32.33249060058594, "noise_cost": 96.91644972708298, "n_waypoints_completed": 0, "tot_waypoints": 9}}
{"target": -5045.490243020111, "params": {"k_pid_pos": [1.9917218685150146, 0.13490921258926392, 0.12011727690696716], "k_pid_alt": [0.1657189130783081, 0.0, 1.0], "k_pid_att": [0.0, 9.293285369873047, 0.9199297428131104], "k_pid_yaw": [0.5, 1e-06, 0.1], "k_pid_hsp": [9.999999747378752e-05, 0.9525338411331177, 0.9661504030227661], "k_pid_vsp": [5.461442470550537, 400.0, 381.3615417480469]}, "datetime": {"datetime": "2025-08-22 00:09:22", "elapsed": 55478.56942510605, "delta": 21.670639753341675}, "costs": {"total_cost": 5045.490243020111, "time_cost": 150, "final_distance_cost": 671.5710826039357, "oscillation_cost": 1951.6717772909187, "completition_cost": 1000.0, "overshoot_cost": 1140.2226345068648, "power_cost": 32.85526512451172, "noise_cost": 99.16948349388005, "n_waypoints_completed": 0, "tot_waypoints": 9}}
{"target": -2733.3385011434452, "params": {"k_pid_pos": [1.7804653644561768, 0.02770647406578064, 0.00865083932876587], "k_pid_alt": [0.23339247703552246, 0.0, 0.9858551025390625], "k_pid_att": [7.07985782623291, 9.802021980285645, 1.0], "k_pid_yaw": [0.5, 1e-06, 0.1], "k_pid_hsp": [9.999999747378752e-05, 1.0, 1.0], "k_pid_vsp": [0.0, 389.3921813964844, 400.0]}, "datetime": {"datetime": "2025-08-22 00:09:44", "elapsed": 55501.21879386902, "delta": 22.64936876296997}, "costs": {"total_cost": 2733.3385011434452, "time_cost": 150, "final_distance_cost": 568.7898956359493, "oscillation_cost": 216.43882519551454, "completition_cost": 1000.0, "overshoot_cost": 766.3912152212916, "power_cost": 17.44624735107422, "noise_cost": 14.272317739615623, "n_waypoints_completed": 0, "tot_waypoints": 9}}
{"target": -1799.8105864015174, "params": {"k_pid_pos": [1.7450923919677734, 0.0, 0.08297717571258545], "k_pid_alt": [0.0, 0.05758348107337952, 0.9999717473983765], "k_pid_att": [11.184555053710938, 10.0, 0.9771517515182495], "k_pid_yaw": [0.5, 1e-06, 0.1], "k_pid_hsp": [9.999999747378752e-05, 0.9891575574874878, 1.0], "k_pid_vsp": [35.94023132324219, 400.0, 394.98199462890625]}, "datetime": {"datetime": "2025-08-22 00:10:05", "elapsed": 55522.067726135254, "delta": 20.84893226623535}, "costs": {"total_cost": 1799.8105864015174, "time_cost": 150, "final_distance_cost": 4.382584519357162, "oscillation_cost": 282.7946608883024, "completition_cost": 1000.0, "overshoot_cost": 319.02581175177266, "power_cost": 20.723199963378907, "noise_cost": 22.8843292787065, "n_waypoints_completed": 0, "tot_waypoints": 9}}
