{"target": -18258.7752608032, "params": {"k_pid_pos": [1.8973795175552368, 0.0, 0.0], "k_pid_alt": [0.14238178730010986, 0.0, 0.9737523794174194], "k_pid_att": [0.0, 10.0, 1.0], "k_pid_yaw": [0.5, 1e-06, 0.1], "k_pid_hsp": [0.22849467396736145, 0.9592618942260742, 0.9573525190353394], "k_pid_vsp": [0.0, 400.0, 374.68524169921875]}, "datetime": {"datetime": "2025-08-21 20:50:46", "elapsed": 43563.16003251076, "delta": 23.250913619995117}, "costs": {"total_cost": 18258.7752608032, "time_cost": 150, "final_distance_cost": 5789.298149208082, "oscillation_cost": 2332.3665080542687, "completition_cost": 1000.0, "overshoot_cost": 8847.647118204266, "power_cost": 35.23671461181641, "noise_cost": 104.22677072476645, "n_waypoints_completed": 0, "tot_waypoints": 9}}
{"target": -14344.251491062416, "params": {"k_pid_pos": [2.0, 0.04155683517456055, 0.034666597843170166], "k_pid_alt": [0.008391976356506348, 0.0010786652565002441, 1.0], "k_pid_att": [0.0, 10.0, 0.9604668617248535], "k_pid_yaw": [0.5, 1e-06, 0.1], "k_pid_hsp": [0.20000065863132477, 0.9477697610855103, 1.0], "k_pid_vsp": [0.0, 400.0, 400.0]}, "datetime": {"datetime": "2025-08-21 20:51:12", "elapsed": 43588.56070113182, "delta": 25.400668621063232}, "costs": {"total_cost": 14344.251491062416, "time_cost": 150, "final_distance_cost": 4814.188380749555, "oscillation_cost": 2229.422829950647, "completition_cost": 1000.0, "overshoot_cost": 6014.664969628815, "power_cost": 34.059736376953126, "noise_cost": 101.9155743564435, "n_waypoints_completed": 0, "tot_waypoints": 9}}
{"target": -6991.256156025619, "params": {"k_pid_pos": [2.0, 0.01453670859336853, 0.0], "k_pid_alt": [0.0, 0.0, 1.0], "k_pid_att": [0.0, 10.0, 0.9648686647415161], "k_pid_yaw": [0.5, 1e-06, 0.1], "k_pid_hsp": [9.999999747378752e-05, 1.0, 1.0], "k_pid_vsp": [0.0, 400.0, 400.0]}, "datetime": {"datetime": "2025-08-21 20:51:35", "elapsed": 43612.16859149933, "delta": 23.607890367507935}, "costs": {"total_cost": 6991.256156025619, "time_cost": 150, "final_distance_cost": 1642.5754515939582, "oscillation_cost": 839.9734643127647, "completition_cost": 1000.0, "overshoot_cost": 3268.723281159511, "power_cost": 18.252404370117187, "noise_cost": 71.7315545892687, "n_waypoints_completed": 0, "tot_waypoints": 9}}
{"target": -3790.863328005555, "params": {"k_pid_pos": [2.0, 0.0, 0.005201429128646851], "k_pid_alt": [0.01841634511947632, 0.09686264395713806, 1.0], "k_pid_att": [0.0, 10.0, 1.0], "k_pid_yaw": [0.5, 1e-06, 0.1], "k_pid_hsp": [0.2538803219795227, 0.9327859282493591, 0.8993838429450989], "k_pid_vsp": [0.0, 400.0, 400.0]}, "datetime": {"datetime": "2025-08-21 20:52:00", "elapsed": 43636.757548332214, "delta": 24.588956832885742}, "costs": {"total_cost": 3790.863328005555, "time_cost": 150, "final_distance_cost": 498.9836562548264, "oscillation_cost": 1080.97802082917, "completition_cost": 1000.0, "overshoot_cost": 937.366995741052, "power_cost": 30.608689672851565, "noise_cost": 92.92596550765462, "n_waypoints_completed": 0, "tot_waypoints": 9}}
{"target": -1979.4100392730445, "params": {"k_pid_pos": [2.0, 0.0, 0.04098010063171387], "k_pid_alt": [0.0, 0.0, 0.9658850431442261], "k_pid_att": [2.6549339294433594, 9.972216606140137, 0.9582579135894775], "k_pid_yaw": [0.5, 1e-06, 0.1], "k_pid_hsp": [0.45538580417633057, 1.0, 1.0], "k_pid_vsp": [44.9091911315918, 400.0, 394.7493591308594]}, "datetime": {"datetime": "2025-08-21 20:52:25", "elapsed": 43661.8807156086, "delta": 25.123167276382446}, "costs": {"total_cost": 1979.4100392730445, "time_cost": 150, "final_distance_cost": 80.62058681291126, "oscillation_cost": 345.40651188945776, "completition_cost": 1000.0, "overshoot_cost": 322.1321131719863, "power_cost": 17.479082336425783, "noise_cost": 63.77174506226326, "n_waypoints_completed": 0, "tot_waypoints": 9}}
{"target": -1616.6202943917383, "params": {"k_pid_pos": [2.0, 0.00751805305480957, 0.0], "k_pid_alt": [0.04890286922454834, 0.06200680136680603, 0.9221560955047607], "k_pid_att": [8.356234550476074, 8.931357383728027, 0.9830917119979858], "k_pid_yaw": [0.5, 1e-06, 0.1], "k_pid_hsp": [9.999999747378752e-05, 1.0, 0.9436576962471008], "k_pid_vsp": [0.0, 381.5853271484375, 400.0]}, "datetime": {"datetime": "2025-08-21 20:52:48", "elapsed": 43684.75289988518, "delta": 22.87218427658081}, "costs": {"total_cost": 1616.6202943917383, "time_cost": 150, "final_distance_cost": 21.317575897777292, "oscillation_cost": 288.06942575634395, "completition_cost": 1000.0, "overshoot_cost": 103.12988083258992, "power_cost": 18.645183740234376, "noise_cost": 35.45822816479256, "n_waypoints_completed": 0, "tot_waypoints": 9}}
{"target": -5041.034467221582, "params": {"k_pid_pos": [1.9012161493301392, 0.022057920694351196, 0.0], "k_pid_alt": [0.16829460859298706, 0.006576806306838989, 0.9749467372894287], "k_pid_att": [0.0, 10.0, 0.9594197273254395], "k_pid_yaw": [0.5, 1e-06, 0.1], "k_pid_hsp": [9.999999747378752e-05, 1.0, 0.9482618570327759], "k_pid_vsp": [18.1513671875, 369.1923828125, 382.8815002441406]}, "datetime": {"datetime": "2025-08-21 20:53:12", "elapsed": 43709.209881067276, "delta": 24.45698118209839}, "costs": {"total_cost": 5041.034467221582, "time_cost": 150, "final_distance_cost": 468.698853732939, "oscillation_cost": 2032.3450741954416, "completition_cost": 1000.0, "overshoot_cost": 1256.749458196363, "power_cost": 33.20530739746094, "noise_cost": 100.03577369937774, "n_waypoints_completed": 0, "tot_waypoints": 9}}
{"target": -1792.9663691575697, "params": {"k_pid_pos": [2.0, 0.0, 0.001931518316268921], "k_pid_alt": [0.0, 0.0, 0.9913586974143982], "k_pid_att": [3.148019313812256, 9.686245918273926, 0.990109920501709], "k_pid_yaw": [0.5, 1e-06, 0.1], "k_pid_hsp": [1.02574622631073, 0.9228615760803223, 0.939717173576355], "k_pid_vsp": [0.0, 400.0, 396.0059509277344]}, "datetime": {"datetime": "2025-08-21 20:53:37", "elapsed": 43733.644673109055, "delta": 24.434792041778564}, "costs": {"total_cost": 1792.9663691575697, "time_cost": 150, "final_distance_cost": 119.06885061298328, "oscillation_cost": 308.35375344695194, "completition_cost": 1000.0, "overshoot_cost": 155.46066602422067, "power_cost": 18.426346118164062, "noise_cost": 41.656752955249814, "n_waypoints_completed": 0, "tot_waypoints": 9}}
{"target": -6885.805132734268, "params": {"k_pid_pos": [1.8609501123428345, 0.0, 0.0], "k_pid_alt": [0.11318373680114746, 0.0, 1.0], "k_pid_att": [0.0, 10.0, 0.9856197834014893], "k_pid_yaw": [0.5, 1e-06, 0.1], "k_pid_hsp": [9.999999747378752e-05, 1.0, 1.0], "k_pid_vsp": [2.040886878967285, 400.0, 387.8519592285156]}, "datetime": {"datetime": "2025-08-21 20:54:00", "elapsed": 43756.70298194885, "delta": 23.058308839797974}, "costs": {"total_cost": 6885.805132734268, "time_cost": 150, "final_distance_cost": 1479.2269890524, "oscillation_cost": 1927.1592167603521, "completition_cost": 1000.0, "overshoot_cost": 2197.44310710161, "power_cost": 32.92509715576172, "noise_cost": 99.05072266414406, "n_waypoints_completed": 0, "tot_waypoints": 9}}
{"target": -6607.940407578546, "params": {"k_pid_pos": [2.0, 0.016307592391967773, 0.0], "k_pid_alt": [0.0242803692817688, 0.0, 0.9819339513778687], "k_pid_att": [0.0, 9.603018760681152, 0.9558260440826416], "k_pid_yaw": [0.5, 1e-06, 0.1], "k_pid_hsp": [0.6384787559509277, 0.9265416264533997, 1.0], "k_pid_vsp": [12.96689510345459, 400.0, 400.0]}, "datetime": {"datetime": "2025-08-21 20:54:25", "elapsed": 43781.82502794266, "delta": 25.12204599380493}, "costs": {"total_cost": 6607.940407578546, "time_cost": 150, "final_distance_cost": 1416.1869216959249, "oscillation_cost": 2086.874222825881, "completition_cost": 1000.0, "overshoot_cost": 1825.201558162053, "power_cost": 31.958275915527345, "noise_cost": 97.71942897916037, "n_waypoints_completed": 0, "tot_waypoints": 9}}
{"target": -5026.862095286531, "params": {"k_pid_pos": [2.0, 0.0, 0.0], "k_pid_alt": [0.0, 0.0, 1.0], "k_pid_att": [0.0, 9.661808013916016, 0.9798400402069092], "k_pid_yaw": [0.5, 1e-06, 0.1], "k_pid_hsp": [0.36696112155914307, 0.9940178394317627, 1.0], "k_pid_vsp": [4.343116283416748, 400.0, 400.0]}, "datetime": {"datetime": "2025-08-21 20:54:48", "elapsed": 43805.05719947815, "delta": 23.232171535491943}, "costs": {"total_cost": 5026.862095286531, "time_cost": 150, "final_distance_cost": 832.9049951774025, "oscillation_cost": 1823.4946195082262, "completition_cost": 1000.0, "overshoot_cost": 1100.5014381663657, "power_cost": 28.31336550292969, "noise_cost": 91.6476769316073, "n_waypoints_completed": 0, "tot_waypoints": 9}}
{"target": -8661.977737127987, "params": {"k_pid_pos": [1.8214257955551147, 0.0, 0.0], "k_pid_alt": [0.2081623077392578, 0.0015960633754730225, 1.0], "k_pid_att": [0.0, 10.0, 0.9639096260070801], "k_pid_yaw": [0.5, 1e-06, 0.1], "k_pid_hsp": [9.999999747378752e-05, 0.9949073791503906, 1.0], "k_pid_vsp": [0.0, 400.0, 400.0]}, "datetime": {"datetime": "2025-08-21 20:55:12", "elapsed": 43829.2953877449, "delta": 24.23818826675415}, "costs": {"total_cost": 8661.977737127987, "time_cost": 150, "final_distance_cost": 1840.8527566947564, "oscillation_cost": 1157.5067117501367, "completition_cost": 1000.0, "overshoot_cost": 4383.81566102089, "power_cost": 32.45843992919922, "noise_cost": 97.34416773300478, "n_waypoints_completed": 0, "tot_waypoints": 9}}
{"target": -6409.6705547696665, "params": {"k_pid_pos": [2.0, 0.0, 0.0], "k_pid_alt": [0.0, 0.0, 1.0], "k_pid_att": [0.0, 9.714003562927246, 1.0], "k_pid_yaw": [0.5, 1e-06, 0.1], "k_pid_hsp": [9.999999747378752e-05, 0.9699389934539795, 1.0], "k_pid_vsp": [0.0, 400.0, 373.8602294921875]}, "datetime": {"datetime": "2025-08-21 20:55:36", "elapsed": 43853.42943358421, "delta": 24.134045839309692}, "costs": {"total_cost": 6409.6705547696665, "time_cost": 150, "final_distance_cost": 1443.9250896758858, "oscillation_cost": 762.6458525885429, "completition_cost": 1000.0, "overshoot_cost": 2967.0333027348142, "power_cost": 17.053849926757813, "noise_cost": 69.01245984366565, "n_waypoints_completed": 0, "tot_waypoints": 9}}
{"target": -8844.306062206168, "params": {"k_pid_pos": [1.9648888111114502, 0.020267784595489502, 0.0], "k_pid_alt": [0.0, 0.07560005784034729, 1.0], "k_pid_att": [0.0, 9.310791015625, 1.0], "k_pid_yaw": [0.5, 1e-06, 0.1], "k_pid_hsp": [9.999999747378752e-05, 1.0, 0.9775881171226501], "k_pid_vsp": [1.0481476783752441, 391.1488342285156, 400.0]}, "datetime": {"datetime": "2025-08-21 20:55:59", "elapsed": 43876.424849271774, "delta": 22.995415687561035}, "costs": {"total_cost": 8844.306062206168, "time_cost": 150, "final_distance_cost": 2587.7380220973355, "oscillation_cost": 626.7157660759647, "completition_cost": 1000.0, "overshoot_cost": 4342.884051851441, "power_cost": 34.86899427490235, "noise_cost": 102.09922790652313, "n_waypoints_completed": 0, "tot_waypoints": 9}}
{"target": -2355.7875175466806, "params": {"k_pid_pos": [1.9102634191513062, 0.0, 0.0138322114944458], "k_pid_alt": [0.0, 0.014311105012893677, 1.0], "k_pid_att": [0.9366273880004883, 9.92029857635498, 1.0], "k_pid_yaw": [0.5, 1e-06, 0.1], "k_pid_hsp": [9.999999747378752e-05, 1.0, 0.9589105844497681], "k_pid_vsp": [18.61331558227539, 400.0, 395.6435546875]}, "datetime": {"datetime": "2025-08-21 20:56:24", "elapsed": 43901.00530743599, "delta": 24.580458164215088}, "costs": {"total_cost": 2355.7875175466806, "time_cost": 150, "final_distance_cost": 166.48601640693713, "oscillation_cost": 616.0731543952159, "completition_cost": 1000.0, "overshoot_cost": 300.65273534432947, "power_cost": 30.695851464843752, "noise_cost": 91.87975993535453, "n_waypoints_completed": 0, "tot_waypoints": 9}}
{"target": -6704.942537990567, "params": {"k_pid_pos": [2.0, 0.0, 0.0], "k_pid_alt": [0.0, 0.0, 1.0], "k_pid_att": [0.0, 10.0, 1.0], "k_pid_yaw": [0.5, 1e-06, 0.1], "k_pid_hsp": [0.7105793952941895, 1.0, 0.9641256332397461], "k_pid_vsp": [19.198667526245117, 400.0, 392.3216552734375]}, "datetime": {"datetime": "2025-08-21 20:56:47", "elapsed": 43924.08985710144, "delta": 23.08454966545105}, "costs": {"total_cost": 6704.942537990567, "time_cost": 150, "final_distance_cost": 1314.5678491182416, "oscillation_cost": 2223.251262594354, "completition_cost": 1000.0, "overshoot_cost": 1894.5018167598325, "power_cost": 28.27840406494141, "noise_cost": 94.34320545319763, "n_waypoints_completed": 0, "tot_waypoints": 9}}
{"target": -3464.448754034289, "params": {"k_pid_pos": [1.9354301691055298, 0.06534707546234131, 0.0], "k_pid_alt": [0.06310892105102539, 0.0, 0.9969078302383423], "k_pid_att": [0.0, 10.0, 1.0], "k_pid_yaw": [0.5, 1e-06, 0.1], "k_pid_hsp": [0.1348230242729187, 0.9789289832115173, 1.0], "k_pid_vsp": [0.0, 400.0, 387.5478820800781]}, "datetime": {"datetime": "2025-08-21 20:57:10", "elapsed": 43947.28603720665, "delta": 23.19618010520935}, "costs": {"total_cost": 3464.448754034289, "time_cost": 150, "final_distance_cost": 217.09768922975712, "oscillation_cost": 1566.2108322935449, "completition_cost": 1000.0, "overshoot_cost": 405.2993449062698, "power_cost": 30.908070617675783, "noise_cost": 94.932816987041, "n_waypoints_completed": 0, "tot_waypoints": 9}}
{"target": -2945.2436857856087, "params": {"k_pid_pos": [2.0, 0.03189447522163391, 0.08205124735832214], "k_pid_alt": [0.0, 0.02766624093055725, 1.0], "k_pid_att": [4.8346099853515625, 10.0, 1.0], "k_pid_yaw": [0.5, 1e-06, 0.1], "k_pid_hsp": [9.999999747378752e-05, 1.0, 0.8446248173713684], "k_pid_vsp": [0.0, 371.95904541015625, 392.8614196777344]}, "datetime": {"datetime": "2025-08-21 20:57:35", "elapsed": 43971.65445017815, "delta": 24.368412971496582}, "costs": {"total_cost": 2945.2436857856087, "time_cost": 150, "final_distance_cost": 714.4153453063642, "oscillation_cost": 279.4509628988474, "completition_cost": 1000.0, "overshoot_cost": 763.9949146384934, "power_cost": 17.4687314453125, "noise_cost": 19.913731496591232, "n_waypoints_completed": 0, "tot_waypoints": 9}}
{"target": -2104.5606505089454, "params": {"k_pid_pos": [1.926740288734436, 0.0, 0.0], "k_pid_alt": [0.0, 0.048601627349853516, 0.9914969205856323], "k_pid_att": [1.1992663145065308, 10.0, 1.0], "k_pid_yaw": [0.5, 1e-06, 0.1], "k_pid_hsp": [9.999999747378752e-05, 1.0, 0.996272087097168], "k_pid_vsp": [0.0, 394.1698913574219, 400.0]}, "datetime": {"datetime": "2025-08-21 20:57:59", "elapsed": 43996.14062833786, "delta": 24.486178159713745}, "costs": {"total_cost": 2104.5606505089454, "time_cost": 150, "final_distance_cost": 35.5403687802377, "oscillation_cost": 640.1066633906391, "completition_cost": 1000.0, "overshoot_cost": 151.69487573677426, "power_cost": 32.18754267578125, "noise_cost": 95.03119992551306, "n_waypoints_completed": 0, "tot_waypoints": 9}}
{"target": -15073.069529707096, "params": {"k_pid_pos": [2.0, 0.049213945865631104, 0.0], "k_pid_alt": [0.0, 0.04527878761291504, 0.9613175988197327], "k_pid_att": [0.0, 8.728466033935547, 1.0], "k_pid_yaw": [0.5, 1e-06, 0.1], "k_pid_hsp": [9.999999747378752e-05, 0.9533883333206177, 1.0], "k_pid_vsp": [6.6031813621521, 394.73638916015625, 372.76678466796875]}, "datetime": {"datetime": "2025-08-21 20:58:23", "elapsed": 44019.62624144554, "delta": 23.485613107681274}, "costs": {"total_cost": 15073.069529707096, "time_cost": 150, "final_distance_cost": 5111.090685891321, "oscillation_cost": 1594.7858091148996, "completition_cost": 1000.0, "overshoot_cost": 7087.2964262223895, "power_cost": 32.33582147216797, "noise_cost": 97.56078700631566, "n_waypoints_completed": 0, "tot_waypoints": 9}}
{"target": -2758.1047051898154, "params": {"k_pid_pos": [2.0, 0.007634848356246948, 0.0], "k_pid_alt": [0.12242025136947632, 0.07347020506858826, 0.969185471534729], "k_pid_att": [0.0, 9.736163139343262, 1.0], "k_pid_yaw": [0.5, 1e-06, 0.1], "k_pid_hsp": [9.999999747378752e-05, 1.0, 0.9320571422576904], "k_pid_vsp": [17.466426849365234, 400.0, 400.0]}, "datetime": {"datetime": "2025-08-21 20:58:55", "elapsed": 44052.045728206635, "delta": 32.41948676109314}, "costs": {"total_cost": 2758.1047051898154, "time_cost": 150, "final_distance_cost": 43.60933390023036, "oscillation_cost": 1159.9345308267464, "completition_cost": 1000.0, "overshoot_cost": 273.7593147472915, "power_cost": 32.671188757324224, "noise_cost": 98.13033695822276, "n_waypoints_completed": 0, "tot_waypoints": 9}}
{"target": -2112.2716352212183, "params": {"k_pid_pos": [2.0, 0.016135722398757935, 0.0], "k_pid_alt": [0.0, 0.0, 1.0], "k_pid_att": [3.838548183441162, 9.749160766601562, 1.0], "k_pid_yaw": [0.5, 1e-06, 0.1], "k_pid_hsp": [0.08263968676328659, 0.9138541221618652, 0.9670898914337158], "k_pid_vsp": [31.69093132019043, 400.0, 400.0]}, "datetime": {"datetime": "2025-08-21 20:59:20", "elapsed": 44077.28655433655, "delta": 25.24082612991333}, "costs": {"total_cost": 2112.2716352212183, "time_cost": 150, "final_distance_cost": 320.36928569108, "oscillation_cost": 223.45839259610023, "completition_cost": 1000.0, "overshoot_cost": 375.6703495163617, "power_cost": 21.286241870117188, "noise_cost": 21.487365547559342, "n_waypoints_completed": 0, "tot_waypoints": 9}}
{"target": -1796.1256887111088, "params": {"k_pid_pos": [1.772265911102295, 0.0, 0.056482940912246704], "k_pid_alt": [0.0, 0.0, 0.9912728071212769], "k_pid_att": [2.4049906730651855, 9.780904769897461, 1.0], "k_pid_yaw": [0.5, 1e-06, 0.1], "k_pid_hsp": [9.999999747378752e-05, 1.0, 1.0], "k_pid_vsp": [18.867456436157227, 400.0, 400.0]}, "datetime": {"datetime": "2025-08-21 20:59:44", "elapsed": 44100.795684337616, "delta": 23.509130001068115}, "costs": {"total_cost": 1796.1256887111088, "time_cost": 150, "final_distance_cost": 6.722026949779603, "oscillation_cost": 389.21716110031736, "completition_cost": 1000.0, "overshoot_cost": 136.68310956963654, "power_cost": 28.771644177246095, "noise_cost": 84.73174691412896, "n_waypoints_completed": 0, "tot_waypoints": 9}}
{"target": -1649.869669514721, "params": {"k_pid_pos": [2.0, 0.0, 0.0], "k_pid_alt": [0.0, 0.0, 0.9822586178779602], "k_pid_att": [7.540655136108398, 9.553850173950195, 0.9125714302062988], "k_pid_yaw": [0.5, 1e-06, 0.1], "k_pid_hsp": [0.5406506061553955, 1.0, 1.0], "k_pid_vsp": [15.186905860900879, 384.27142333984375, 376.2088623046875]}, "datetime": {"datetime": "2025-08-21 21:00:10", "elapsed": 44126.95848274231, "delta": 26.162798404693604}, "costs": {"total_cost": 1649.869669514721, "time_cost": 150, "final_distance_cost": 8.50492011705591, "oscillation_cost": 292.73097233188724, "completition_cost": 1000.0, "overshoot_cost": 129.85864090523148, "power_cost": 19.073170507812502, "noise_cost": 49.70196565273412, "n_waypoints_completed": 0, "tot_waypoints": 9}}
{"target": -1727.9044239552745, "params": {"k_pid_pos": [1.8692511320114136, 0.0, 0.0310804545879364], "k_pid_alt": [0.05783700942993164, 0.0, 0.9787785410881042], "k_pid_att": [5.069246768951416, 9.410030364990234, 1.0], "k_pid_yaw": [0.5, 1e-06, 0.1], "k_pid_hsp": [9.999999747378752e-05, 0.92596435546875, 0.8669379353523254], "k_pid_vsp": [0.0, 400.0, 400.0]}, "datetime": {"datetime": "2025-08-21 21:00:33", "elapsed": 44149.87346124649, "delta": 22.914978504180908}, "costs": {"total_cost": 1727.9044239552745, "time_cost": 150, "final_distance_cost": 37.79691460742711, "oscillation_cost": 272.92496768652205, "completition_cost": 1000.0, "overshoot_cost": 171.2117278168786, "power_cost": 23.195209533691408, "noise_cost": 72.77560431075521, "n_waypoints_completed": 0, "tot_waypoints": 9}}
{"target": -8416.249329895934, "params": {"k_pid_pos": [2.0, 0.0, 0.0], "k_pid_alt": [0.0, 0.0001157224178314209, 0.9632179141044617], "k_pid_att": [0.0, 10.0, 0.9951903223991394], "k_pid_yaw": [0.5, 1e-06, 0.1], "k_pid_hsp": [9.999999747378752e-05, 0.9306520223617554, 1.0], "k_pid_vsp": [0.0, 400.0, 378.4044189453125]}, "datetime": {"datetime": "2025-08-21 21:00:59", "elapsed": 44175.583530664444, "delta": 25.71006941795349}, "costs": {"total_cost": 8416.249329895934, "time_cost": 150, "final_distance_cost": 1896.513256973172, "oscillation_cost": 1097.0677737046235, "completition_cost": 1000.0, "overshoot_cost": 4152.5681772142625, "power_cost": 29.213239172363284, "noise_cost": 90.88688283151353, "n_waypoints_completed": 0, "tot_waypoints": 9}}
{"target": -3328.2335806578485, "params": {"k_pid_pos": [1.955002784729004, 0.040814757347106934, 0.0], "k_pid_alt": [0.08302450180053711, 0.0, 0.9840390086174011], "k_pid_att": [0.0, 9.97856616973877, 1.0], "k_pid_yaw": [0.5, 1e-06, 0.1], "k_pid_hsp": [9.999999747378752e-05, 1.0, 1.0], "k_pid_vsp": [0.0, 385.2552185058594, 387.29705810546875]}, "datetime": {"datetime": "2025-08-21 21:01:23", "elapsed": 44199.89492201805, "delta": 24.311391353607178}, "costs": {"total_cost": 3328.2335806578485, "time_cost": 150, "final_distance_cost": 376.82402948486873, "oscillation_cost": 962.0407433491227, "completition_cost": 1000.0, "overshoot_cost": 710.267771744613, "power_cost": 32.170616052246096, "noise_cost": 96.93042002699758, "n_waypoints_completed": 0, "tot_waypoints": 9}}
{"target": -1726.3337789368109, "params": {"k_pid_pos": [1.9207466840744019, 0.10701552033424377, 0.0], "k_pid_alt": [0.03919792175292969, 0.0, 1.0], "k_pid_att": [3.899228572845459, 9.685087203979492, 0.9342136979103088], "k_pid_yaw": [0.5, 1e-06, 0.1], "k_pid_hsp": [9.999999747378752e-05, 1.0, 0.9352273941040039], "k_pid_vsp": [0.0, 383.36138916015625, 390.7442626953125]}, "datetime": {"datetime": "2025-08-21 21:01:47", "elapsed": 44223.957083940506, "delta": 24.062161922454834}, "costs": {"total_cost": 1726.3337789368109, "time_cost": 150, "final_distance_cost": 17.206120553729864, "oscillation_cost": 301.3662399227907, "completition_cost": 1000.0, "overshoot_cost": 171.95260930552726, "power_cost": 20.343564477539065, "noise_cost": 65.46524467722405, "n_waypoints_completed": 0, "tot_waypoints": 9}}
