{"target": -1798.0372908336715, "params": {"k_pid_pos": [1.9308315515518188, 0.10168290138244629, 0.010520368814468384], "k_pid_alt": [0.13045454025268555, 0.0, 0.9549974203109741], "k_pid_att": [8.337783813476562, 9.248327255249023, 1.0], "k_pid_yaw": [0.5, 1e-06, 0.1], "k_pid_hsp": [9.999999747378752e-05, 1.0, 1.0], "k_pid_vsp": [40.458072662353516, 386.1482238769531, 381.845458984375]}, "datetime": {"datetime": "2025-08-21 12:49:52", "elapsed": 14709.348119020462, "delta": 24.047651767730713}, "costs": {"total_cost": 1798.0372908336715, "time_cost": 150, "final_distance_cost": 162.53741085639913, "oscillation_cost": 245.7286844969314, "completition_cost": 1000.0, "overshoot_cost": 188.1359509975066, "power_cost": 21.597294555664064, "noise_cost": 30.037949927170196, "n_waypoints_completed": 0, "tot_waypoints": 9}}
{"target": -1922.5985541762632, "params": {"k_pid_pos": [2.0, 0.0, 0.0], "k_pid_alt": [0.1576366424560547, 0.01659303903579712, 0.9852256774902344], "k_pid_att": [2.083522081375122, 9.643607139587402, 0.9615929126739502], "k_pid_yaw": [0.5, 1e-06, 0.1], "k_pid_hsp": [9.999999747378752e-05, 1.0, 1.0], "k_pid_vsp": [13.761674880981445, 382.29144287109375, 400.0]}, "datetime": {"datetime": "2025-08-21 12:50:15", "elapsed": 14732.245704889297, "delta": 22.89758586883545}, "costs": {"total_cost": 1922.5985541762632, "time_cost": 150, "final_distance_cost": 30.895166723267902, "oscillation_cost": 440.1618192173721, "completition_cost": 1000.0, "overshoot_cost": 182.63243839667717, "power_cost": 29.85106589355469, "noise_cost": 89.05806394539134, "n_waypoints_completed": 0, "tot_waypoints": 9}}
{"target": -3063.928302905886, "params": {"k_pid_pos": [1.883370041847229, 0.0, 0.04999378323554993], "k_pid_alt": [0.0, 0.0, 0.9726642370223999], "k_pid_att": [5.399587631225586, 10.0, 0.9946091175079346], "k_pid_yaw": [0.5, 1e-06, 0.1], "k_pid_hsp": [9.999999747378752e-05, 0.9738110303878784, 0.9056110382080078], "k_pid_vsp": [0.0, 386.59716796875, 399.3898010253906]}, "datetime": {"datetime": "2025-08-21 12:50:38", "elapsed": 14755.213597536087, "delta": 22.96789264678955}, "costs": {"total_cost": 3063.928302905886, "time_cost": 150, "final_distance_cost": 838.1841590060258, "oscillation_cost": 183.02237024946228, "completition_cost": 1000.0, "overshoot_cost": 852.4862826826077, "power_cost": 22.062587915039064, "noise_cost": 18.172903052751753, "n_waypoints_completed": 0, "tot_waypoints": 9}}
{"target": -2064.304405550474, "params": {"k_pid_pos": [1.8214689493179321, 0.03208288550376892, 0.02019369602203369], "k_pid_alt": [0.051898956298828125, 0.021878838539123535, 1.0], "k_pid_att": [1.252010464668274, 9.429734230041504, 1.0], "k_pid_yaw": [0.5, 1e-06, 0.1], "k_pid_hsp": [9.999999747378752e-05, 0.9975345134735107, 0.9578794240951538], "k_pid_vsp": [17.870092391967773, 400.0, 400.0]}, "datetime": {"datetime": "2025-08-21 12:51:02", "elapsed": 14778.613466262817, "delta": 23.399868726730347}, "costs": {"total_cost": 2064.304405550474, "time_cost": 150, "final_distance_cost": 3.9915030100215434, "oscillation_cost": 620.4578762024889, "completition_cost": 1000.0, "overshoot_cost": 165.09622669550203, "power_cost": 31.445674633789064, "noise_cost": 93.31312500867209, "n_waypoints_completed": 0, "tot_waypoints": 9}}
{"target": -1622.0557682477418, "params": {"k_pid_pos": [1.9060701131820679, 0.0, 0.0], "k_pid_alt": [0.09431064128875732, 0.014597773551940918, 1.0], "k_pid_att": [6.447875499725342, 9.965400695800781, 1.0], "k_pid_yaw": [0.5, 1e-06, 0.1], "k_pid_hsp": [0.272820383310318, 0.9843730926513672, 0.9949154853820801], "k_pid_vsp": [0.0, 371.46502685546875, 400.0]}, "datetime": {"datetime": "2025-08-21 12:51:25", "elapsed": 14801.651156902313, "delta": 23.03769063949585}, "costs": {"total_cost": 1622.0557682477418, "time_cost": 150, "final_distance_cost": 19.50278875260479, "oscillation_cost": 265.5036481265966, "completition_cost": 1000.0, "overshoot_cost": 129.450088981199, "power_cost": 17.472196020507813, "noise_cost": 40.12704636683339, "n_waypoints_completed": 0, "tot_waypoints": 9}}
{"target": -5464.868226264613, "params": {"k_pid_pos": [2.0, 0.0, 0.0], "k_pid_alt": [0.08440268039703369, 0.03903555870056152, 1.0], "k_pid_att": [0.0, 9.632515907287598, 1.0], "k_pid_yaw": [0.5, 1e-06, 0.1], "k_pid_hsp": [9.999999747378752e-05, 0.9592238664627075, 1.0], "k_pid_vsp": [0.0, 400.0, 391.9630432128906]}, "datetime": {"datetime": "2025-08-21 12:51:48", "elapsed": 14824.607768297195, "delta": 22.956611394882202}, "costs": {"total_cost": 5464.868226264613, "time_cost": 150, "final_distance_cost": 999.5931013528677, "oscillation_cost": 2087.807722719835, "completition_cost": 1000.0, "overshoot_cost": 1094.2904216843206, "power_cost": 33.509385449218755, "noise_cost": 99.66759505837123, "n_waypoints_completed": 0, "tot_waypoints": 9}}
{"target": -4696.038901824866, "params": {"k_pid_pos": [2.0, 0.0, 0.0], "k_pid_alt": [0.02129077911376953, 0.0, 0.9306924343109131], "k_pid_att": [9.034100532531738, 9.63470458984375, 0.9710820913314819], "k_pid_yaw": [0.5, 1e-06, 0.1], "k_pid_hsp": [0.06332022696733475, 0.9608345031738281, 1.0], "k_pid_vsp": [4.215049743652344, 400.0, 389.9049377441406]}, "datetime": {"datetime": "2025-08-21 12:52:10", "elapsed": 14847.343909740448, "delta": 22.736141443252563}, "costs": {"total_cost": 4696.038901824866, "time_cost": 150, "final_distance_cost": 1546.0036837665496, "oscillation_cost": 210.11376517103423, "completition_cost": 1000.0, "overshoot_cost": 1755.6285427162877, "power_cost": 18.476672265625, "noise_cost": 15.816237905370404, "n_waypoints_completed": 0, "tot_waypoints": 9}}
{"target": -4383.9804159058185, "params": {"k_pid_pos": [1.9936771392822266, 0.0, 0.0], "k_pid_alt": [0.0, 0.0, 1.0], "k_pid_att": [0.0, 9.7347993850708, 1.0], "k_pid_yaw": [0.5, 1e-06, 0.1], "k_pid_hsp": [0.16925449669361115, 1.0, 1.0], "k_pid_vsp": [13.785314559936523, 400.0, 397.4443054199219]}, "datetime": {"datetime": "2025-08-21 12:52:33", "elapsed": 14870.299191474915, "delta": 22.955281734466553}, "costs": {"total_cost": 4383.9804159058185, "time_cost": 150, "final_distance_cost": 333.00425891415256, "oscillation_cost": 2070.446812782637, "completition_cost": 1000.0, "overshoot_cost": 717.7112504495158, "power_cost": 25.96899783935547, "noise_cost": 86.84909592015833, "n_waypoints_completed": 0, "tot_waypoints": 9}}
{"target": -18408.444452426935, "params": {"k_pid_pos": [2.0, 0.0, 0.0], "k_pid_alt": [0.006955742835998535, 0.0, 1.0], "k_pid_att": [0.0, 10.0, 1.0], "k_pid_yaw": [0.5, 1e-06, 0.1], "k_pid_hsp": [9.999999747378752e-05, 1.0, 1.0], "k_pid_vsp": [0.0, 400.0, 396.5892333984375]}, "datetime": {"datetime": "2025-08-21 12:52:56", "elapsed": 14892.961577892303, "delta": 22.662386417388916}, "costs": {"total_cost": 18408.444452426935, "time_cost": 150, "final_distance_cost": 5791.433062595299, "oscillation_cost": 1926.8676081484907, "completition_cost": 1000.0, "overshoot_cost": 9402.974878064113, "power_cost": 34.667302368164066, "noise_cost": 102.5016012508677, "n_waypoints_completed": 0, "tot_waypoints": 9}}
{"target": -4836.182539943328, "params": {"k_pid_pos": [1.9657442569732666, 0.060709863901138306, 0.07318541407585144], "k_pid_alt": [0.0, 0.0, 1.0], "k_pid_att": [0.0, 10.0, 0.993170440196991], "k_pid_yaw": [0.5, 1e-06, 0.1], "k_pid_hsp": [0.3932730257511139, 1.0, 1.0], "k_pid_vsp": [0.0, 400.0, 377.9588317871094]}, "datetime": {"datetime": "2025-08-21 12:53:19", "elapsed": 14916.07659983635, "delta": 23.11502194404602}, "costs": {"total_cost": 4836.182539943328, "time_cost": 150, "final_distance_cost": 568.2803879037674, "oscillation_cost": 2030.858685005791, "completition_cost": 1000.0, "overshoot_cost": 972.6426940199035, "power_cost": 25.731110961914062, "noise_cost": 88.66966205195261, "n_waypoints_completed": 0, "tot_waypoints": 9}}
{"target": -3042.585073558978, "params": {"k_pid_pos": [1.9863545894622803, 0.0, 0.018512606620788574], "k_pid_alt": [0.1853063702583313, 0.01366037130355835, 1.0], "k_pid_att": [0.0, 10.0, 1.0], "k_pid_yaw": [0.5, 1e-06, 0.1], "k_pid_hsp": [0.7314714789390564, 1.0, 1.0], "k_pid_vsp": [0.0, 392.4644470214844, 377.06207275390625]}, "datetime": {"datetime": "2025-08-21 12:53:42", "elapsed": 14939.12112736702, "delta": 23.044527530670166}, "costs": {"total_cost": 3042.585073558978, "time_cost": 150, "final_distance_cost": 58.34177303013854, "oscillation_cost": 1241.1624946651395, "completition_cost": 1000.0, "overshoot_cost": 469.8431964152482, "power_cost": 30.226193615722657, "noise_cost": 93.01141583272894, "n_waypoints_completed": 0, "tot_waypoints": 9}}
{"target": -1916.8008288682984, "params": {"k_pid_pos": [1.8168436288833618, 0.0, 0.0], "k_pid_alt": [0.0, 0.0, 1.0], "k_pid_att": [2.646756172180176, 10.0, 0.9711454510688782], "k_pid_yaw": [0.5, 1e-06, 0.1], "k_pid_hsp": [0.25236666202545166, 0.9323393106460571, 0.9738749265670776], "k_pid_vsp": [25.996326446533203, 381.37640380859375, 396.8724060058594]}, "datetime": {"datetime": "2025-08-21 12:54:05", "elapsed": 14961.729593038559, "delta": 22.608465671539307}, "costs": {"total_cost": 1916.8008288682984, "time_cost": 150, "final_distance_cost": 68.12249097160534, "oscillation_cost": 348.3781477117954, "completition_cost": 1000.0, "overshoot_cost": 265.04833451988833, "power_cost": 19.29419512939453, "noise_cost": 65.95766053561488, "n_waypoints_completed": 0, "tot_waypoints": 9}}
{"target": -21514.599726968863, "params": {"k_pid_pos": [1.9466878175735474, 0.0, 0.0], "k_pid_alt": [0.05448836088180542, 0.1031714379787445, 1.0], "k_pid_att": [0.0, 9.81766128540039, 0.9601474404335022], "k_pid_yaw": [0.5, 1e-06, 0.1], "k_pid_hsp": [0.25835806131362915, 0.9479362964630127, 1.0], "k_pid_vsp": [34.623634338378906, 373.5887145996094, 393.849609375]}, "datetime": {"datetime": "2025-08-21 12:54:28", "elapsed": 14984.66548371315, "delta": 22.935890674591064}, "costs": {"total_cost": 21514.599726968863, "time_cost": 150, "final_distance_cost": 7064.560993938774, "oscillation_cost": 1589.0945852369825, "completition_cost": 1000.0, "overshoot_cost": 11576.696899756333, "power_cost": 33.493696630859375, "noise_cost": 100.75355140591486, "n_waypoints_completed": 0, "tot_waypoints": 9}}
{"target": -2981.779039215153, "params": {"k_pid_pos": [1.843693494796753, 0.0, 0.04789531230926514], "k_pid_alt": [0.011256217956542969, 0.0503210723400116, 1.0], "k_pid_att": [0.4582822322845459, 10.0, 1.0], "k_pid_yaw": [0.5, 1e-06, 0.1], "k_pid_hsp": [0.25292307138442993, 1.0, 0.9786244034767151], "k_pid_vsp": [0.0, 400.0, 387.1502380371094]}, "datetime": {"datetime": "2025-08-21 12:54:51", "elapsed": 15008.311306238174, "delta": 23.645822525024414}, "costs": {"total_cost": 2981.779039215153, "time_cost": 150, "final_distance_cost": 37.399874842145486, "oscillation_cost": 1053.7295848553154, "completition_cost": 1000.0, "overshoot_cost": 617.2497329831768, "power_cost": 30.508556579589847, "noise_cost": 92.89128995492544, "n_waypoints_completed": 0, "tot_waypoints": 9}}
{"target": -2983.691260377635, "params": {"k_pid_pos": [1.9662443399429321, 0.0, 0.09466230869293213], "k_pid_alt": [0.0, 0.04221785068511963, 0.9798477292060852], "k_pid_att": [0.0, 9.571022987365723, 1.0], "k_pid_yaw": [0.5, 1e-06, 0.1], "k_pid_hsp": [9.999999747378752e-05, 1.0, 0.9395664930343628], "k_pid_vsp": [0.0, 400.0, 397.39483642578125]}, "datetime": {"datetime": "2025-08-21 12:55:14", "elapsed": 15031.366359710693, "delta": 23.05505347251892}, "costs": {"total_cost": 2983.691260377635, "time_cost": 150, "final_distance_cost": 128.20693097106425, "oscillation_cost": 1317.9239200605916, "completition_cost": 1000.0, "overshoot_cost": 265.6043336830489, "power_cost": 29.926059228515626, "noise_cost": 92.03001643441505, "n_waypoints_completed": 0, "tot_waypoints": 9}}
{"target": -3225.3140855646457, "params": {"k_pid_pos": [2.0, 0.0, 0.02152368426322937], "k_pid_alt": [0.0903884768486023, 0.0, 0.9687363505363464], "k_pid_att": [0.0, 10.0, 1.0], "k_pid_yaw": [0.5, 1e-06, 0.1], "k_pid_hsp": [1.0587668418884277, 0.9747021794319153, 0.9517125487327576], "k_pid_vsp": [3.500998020172119, 400.0, 400.0]}, "datetime": {"datetime": "2025-08-21 12:55:42", "elapsed": 15058.864666700363, "delta": 27.4983069896698}, "costs": {"total_cost": 3225.3140855646457, "time_cost": 150, "final_distance_cost": 126.07199714479914, "oscillation_cost": 1368.5129247368463, "completition_cost": 1000.0, "overshoot_cost": 445.36555144131034, "power_cost": 34.332043981933595, "noise_cost": 101.03156825975631, "n_waypoints_completed": 0, "tot_waypoints": 9}}
{"target": -7860.123661043701, "params": {"k_pid_pos": [2.0, 0.0, 0.0], "k_pid_alt": [0.005276858806610107, 0.0, 0.903828501701355], "k_pid_att": [0.0, 10.0, 0.9491283297538757], "k_pid_yaw": [0.5, 1e-06, 0.1], "k_pid_hsp": [9.999999747378752e-05, 0.9301007986068726, 0.9996396899223328], "k_pid_vsp": [19.88736343383789, 373.8660583496094, 390.971435546875]}, "datetime": {"datetime": "2025-08-21 12:56:06", "elapsed": 15082.991846084595, "delta": 24.127179384231567}, "costs": {"total_cost": 7860.123661043701, "time_cost": 150, "final_distance_cost": 2309.794615472193, "oscillation_cost": 1542.5580750736424, "completition_cost": 1000.0, "overshoot_cost": 2722.8995092433115, "power_cost": 33.90464140625, "noise_cost": 100.96681984830349, "n_waypoints_completed": 0, "tot_waypoints": 9}}
{"target": -3007.1308627591407, "params": {"k_pid_pos": [1.9493361711502075, 0.037522971630096436, 0.0], "k_pid_alt": [0.1872820258140564, 0.03562471270561218, 1.0], "k_pid_att": [0.0, 9.657835006713867, 1.0], "k_pid_yaw": [0.5, 1e-06, 0.1], "k_pid_hsp": [9.999999747378752e-05, 1.0, 0.9619408249855042], "k_pid_vsp": [24.445581436157227, 386.32379150390625, 399.12005615234375]}, "datetime": {"datetime": "2025-08-21 12:56:29", "elapsed": 15105.924390077591, "delta": 22.932543992996216}, "costs": {"total_cost": 3007.1308627591407, "time_cost": 150, "final_distance_cost": 96.84726416797132, "oscillation_cost": 1341.074817779158, "completition_cost": 1000.0, "overshoot_cost": 293.0511948020588, "power_cost": 31.330720153808596, "noise_cost": 94.82686585614383, "n_waypoints_completed": 0, "tot_waypoints": 9}}
{"target": -1920.8347285903828, "params": {"k_pid_pos": [1.871848225593567, 0.0, 0.0], "k_pid_alt": [0.19837641716003418, 0.0, 1.0], "k_pid_att": [3.170686960220337, 10.0, 0.9448938369750977], "k_pid_yaw": [0.5, 1e-06, 0.1], "k_pid_hsp": [9.999999747378752e-05, 1.0, 0.9550036191940308], "k_pid_vsp": [3.4616827964782715, 400.0, 400.0]}, "datetime": {"datetime": "2025-08-21 12:56:52", "elapsed": 15128.708701133728, "delta": 22.784311056137085}, "costs": {"total_cost": 1920.8347285903828, "time_cost": 150, "final_distance_cost": 78.6964787462608, "oscillation_cost": 323.4408860635848, "completition_cost": 1000.0, "overshoot_cost": 278.90728978399477, "power_cost": 23.98035203857422, "noise_cost": 65.80972195796839, "n_waypoints_completed": 0, "tot_waypoints": 9}}
{"target": -10307.190606631992, "params": {"k_pid_pos": [2.0, 0.020340919494628906, 0.0], "k_pid_alt": [0.07899832725524902, 0.0, 1.0], "k_pid_att": [0.0, 9.562738418579102, 0.9216942191123962], "k_pid_yaw": [0.5, 1e-06, 0.1], "k_pid_hsp": [9.999999747378752e-05, 1.0, 0.9589190483093262], "k_pid_vsp": [15.55337905883789, 400.0, 387.774658203125]}, "datetime": {"datetime": "2025-08-21 12:57:15", "elapsed": 15151.81487083435, "delta": 23.10616970062256}, "costs": {"total_cost": 10307.190606631992, "time_cost": 150, "final_distance_cost": 3138.668637702796, "oscillation_cost": 1861.2499886980856, "completition_cost": 1000.0, "overshoot_cost": 4022.222461900697, "power_cost": 33.986155078125, "noise_cost": 101.06336325228953, "n_waypoints_completed": 0, "tot_waypoints": 9}}
{"target": -1727.5841528497745, "params": {"k_pid_pos": [1.8535951375961304, 0.05144217610359192, 0.0], "k_pid_alt": [0.0, 0.011583864688873291, 1.0], "k_pid_att": [3.963613510131836, 9.748369216918945, 1.0], "k_pid_yaw": [0.5, 1e-06, 0.1], "k_pid_hsp": [9.999999747378752e-05, 0.9352315664291382, 1.0], "k_pid_vsp": [28.518939971923828, 387.49774169921875, 390.0119323730469]}, "datetime": {"datetime": "2025-08-21 12:57:38", "elapsed": 15174.72093129158, "delta": 22.906060457229614}, "costs": {"total_cost": 1727.5841528497745, "time_cost": 150, "final_distance_cost": 59.46115289487271, "oscillation_cost": 273.10161623200844, "completition_cost": 1000.0, "overshoot_cost": 175.56352950539645, "power_cost": 22.23600118408203, "noise_cost": 47.221853033414895, "n_waypoints_completed": 0, "tot_waypoints": 9}}
{"target": -1944.2049907136184, "params": {"k_pid_pos": [1.9688082933425903, 0.04049199819564819, 0.07611849904060364], "k_pid_alt": [0.04091346263885498, 0.0, 1.0], "k_pid_att": [3.2424449920654297, 10.0, 0.9821957349777222], "k_pid_yaw": [0.5, 1e-06, 0.1], "k_pid_hsp": [9.999999747378752e-05, 1.0, 1.0], "k_pid_vsp": [1.7739057540893555, 400.0, 397.68463134765625]}, "datetime": {"datetime": "2025-08-21 12:58:01", "elapsed": 15197.89921927452, "delta": 23.178287982940674}, "costs": {"total_cost": 1944.2049907136184, "time_cost": 150, "final_distance_cost": 88.52006794967677, "oscillation_cost": 321.4926333619733, "completition_cost": 1000.0, "overshoot_cost": 294.6248058742501, "power_cost": 21.330718627929688, "noise_cost": 68.23676489978868, "n_waypoints_completed": 0, "tot_waypoints": 9}}
{"target": -2105.368943708961, "params": {"k_pid_pos": [2.0, 0.10814172029495239, 0.02782660722732544], "k_pid_alt": [0.11480659246444702, 0.036026597023010254, 1.0], "k_pid_att": [2.6153206825256348, 9.882269859313965, 1.0], "k_pid_yaw": [0.5, 1e-06, 0.1], "k_pid_hsp": [9.999999747378752e-05, 0.9788607954978943, 0.9836621880531311], "k_pid_vsp": [0.3300309181213379, 397.6598205566406, 400.0]}, "datetime": {"datetime": "2025-08-21 12:58:24", "elapsed": 15221.062895298004, "delta": 23.163676023483276}, "costs": {"total_cost": 2105.368943708961, "time_cost": 150, "final_distance_cost": 139.76759312041997, "oscillation_cost": 352.78792105188995, "completition_cost": 1000.0, "overshoot_cost": 377.39316985548487, "power_cost": 25.44786130371094, "noise_cost": 59.972398377455555, "n_waypoints_completed": 0, "tot_waypoints": 9}}
{"target": -5669.776236619005, "params": {"k_pid_pos": [1.8865957260131836, 0.002936333417892456, 0.06372976303100586], "k_pid_alt": [0.03660315275192261, 0.0, 1.0], "k_pid_att": [0.0, 9.737853050231934, 0.9747447967529297], "k_pid_yaw": [0.5, 1e-06, 0.1], "k_pid_hsp": [9.999999747378752e-05, 1.0, 0.9518441557884216], "k_pid_vsp": [2.9983043670654297, 400.0, 400.0]}, "datetime": {"datetime": "2025-08-21 12:58:47", "elapsed": 15243.92299246788, "delta": 22.8600971698761}, "costs": {"total_cost": 5669.776236619005, "time_cost": 150, "final_distance_cost": 720.8944183483726, "oscillation_cost": 1848.3869817825441, "completition_cost": 1000.0, "overshoot_cost": 1820.901965993673, "power_cost": 32.29906442871094, "noise_cost": 97.29380606570498, "n_waypoints_completed": 0, "tot_waypoints": 9}}
{"target": -1970.8728099617824, "params": {"k_pid_pos": [1.756551742553711, 0.0, 0.020323067903518677], "k_pid_alt": [0.014481782913208008, 0.051433175802230835, 0.8560651540756226], "k_pid_att": [1.4425724744796753, 10.0, 0.9769833087921143], "k_pid_yaw": [0.5, 1e-06, 0.1], "k_pid_hsp": [9.999999747378752e-05, 1.0, 0.9819728136062622], "k_pid_vsp": [17.423534393310547, 400.0, 400.0]}, "datetime": {"datetime": "2025-08-21 12:59:10", "elapsed": 15267.150712490082, "delta": 23.227720022201538}, "costs": {"total_cost": 1970.8728099617824, "time_cost": 150, "final_distance_cost": 4.435513398929, "oscillation_cost": 552.3566665671949, "completition_cost": 1000.0, "overshoot_cost": 137.6339870496599, "power_cost": 31.75613308105469, "noise_cost": 94.69050986494385, "n_waypoints_completed": 0, "tot_waypoints": 9}}
{"target": -20669.226103850935, "params": {"k_pid_pos": [1.8764150142669678, 0.0, 0.0], "k_pid_alt": [0.0, 0.0, 1.0], "k_pid_att": [0.0, 10.0, 1.0], "k_pid_yaw": [0.5, 1e-06, 0.1], "k_pid_hsp": [0.2536982297897339, 0.9711178541183472, 0.8794742822647095], "k_pid_vsp": [0.0, 397.8070068359375, 399.7200927734375]}, "datetime": {"datetime": "2025-08-21 12:59:33", "elapsed": 15290.011262178421, "delta": 22.860549688339233}, "costs": {"total_cost": 20669.226103850935, "time_cost": 150, "final_distance_cost": 6452.857251123966, "oscillation_cost": 2287.4331596920383, "completition_cost": 1000.0, "overshoot_cost": 10653.498692521982, "power_cost": 29.83737313232422, "noise_cost": 95.59962738062515, "n_waypoints_completed": 0, "tot_waypoints": 9}}
{"target": -20581.30828401108, "params": {"k_pid_pos": [1.9143333435058594, 0.020425498485565186, 0.008707821369171143], "k_pid_alt": [0.12156301736831665, 0.04497319459915161, 0.9764790534973145], "k_pid_att": [0.0, 9.555656433105469, 1.0], "k_pid_yaw": [0.5, 1e-06, 0.1], "k_pid_hsp": [9.999999747378752e-05, 0.9997099041938782, 0.9612420797348022], "k_pid_vsp": [23.222768783569336, 400.0, 400.0]}, "datetime": {"datetime": "2025-08-21 12:59:57", "elapsed": 15313.68777346611, "delta": 23.67651128768921}, "costs": {"total_cost": 20581.30828401108, "time_cost": 150, "final_distance_cost": 6116.446660081354, "oscillation_cost": 2048.6068226980283, "completition_cost": 1000.0, "overshoot_cost": 11129.49707670133, "power_cost": 34.508442626953126, "noise_cost": 102.24928190341416, "n_waypoints_completed": 0, "tot_waypoints": 9}}
