{"target": -5041.417084531189, "params": {"k_pid_pos": [2.0, 0.0, 0.0], "k_pid_alt": [0.0011248588562011719, 0.019762873649597168, 1.0], "k_pid_att": [0.0, 9.398139953613281, 0.9613752365112305], "k_pid_yaw": [0.5, 1e-06, 0.1], "k_pid_hsp": [0.43623292446136475, 1.0, 1.0], "k_pid_vsp": [0.0, 400.0, 400.0]}, "datetime": {"datetime": "2025-08-21 20:28:28", "elapsed": 42224.68140721321, "delta": 28.888078451156616}, "costs": {"total_cost": 5041.417084531189, "time_cost": 150, "final_distance_cost": 612.7651309964264, "oscillation_cost": 1847.9422857765205, "completition_cost": 1000.0, "overshoot_cost": 1299.667761055422, "power_cost": 32.51565213623047, "noise_cost": 98.52625456658954, "n_waypoints_completed": 0, "tot_waypoints": 9}}
{"target": -17519.8169737323, "params": {"k_pid_pos": [2.0, 0.0, 0.0], "k_pid_alt": [0.0, 0.005468279123306274, 0.9621220827102661], "k_pid_att": [0.0, 10.0, 0.9373855590820312], "k_pid_yaw": [0.5, 1e-06, 0.1], "k_pid_hsp": [0.07364930957555771, 0.9586870670318604, 1.0], "k_pid_vsp": [17.96525764465332, 387.8741455078125, 376.1865234375]}, "datetime": {"datetime": "2025-08-21 20:28:54", "elapsed": 42250.8916823864, "delta": 26.210275173187256}, "costs": {"total_cost": 17519.8169737323, "time_cost": 150, "final_distance_cost": 4963.162459804291, "oscillation_cost": 2309.4962227000356, "completition_cost": 1000.0, "overshoot_cost": 8958.253495619816, "power_cost": 35.116401696777345, "noise_cost": 103.78839391138042, "n_waypoints_completed": 0, "tot_waypoints": 9}}
{"target": -11959.432266972723, "params": {"k_pid_pos": [2.0, 0.0, 0.0], "k_pid_alt": [0.03260105848312378, 0.0, 1.0], "k_pid_att": [0.0, 10.0, 1.0], "k_pid_yaw": [0.5, 1e-06, 0.1], "k_pid_hsp": [9.999999747378752e-05, 0.9674434065818787, 0.9318300485610962], "k_pid_vsp": [1.7315268516540527, 382.71728515625, 395.5794677734375]}, "datetime": {"datetime": "2025-08-21 20:29:18", "elapsed": 42275.437270879745, "delta": 24.545588493347168}, "costs": {"total_cost": 11959.432266972723, "time_cost": 150, "final_distance_cost": 3689.6552360650808, "oscillation_cost": 1855.9208323207927, "completition_cost": 1000.0, "overshoot_cost": 5129.3501764995735, "power_cost": 33.78500830078125, "noise_cost": 100.72101378649558, "n_waypoints_completed": 0, "tot_waypoints": 9}}
{"target": -1631.9271106820947, "params": {"k_pid_pos": [2.0, 0.0036140382289886475, 0.09967198967933655], "k_pid_alt": [0.0, 0.01839900016784668, 1.0], "k_pid_att": [4.7370195388793945, 9.548833847045898, 1.0], "k_pid_yaw": [0.5, 1e-06, 0.1], "k_pid_hsp": [9.999999747378752e-05, 1.0, 0.9337233901023865], "k_pid_vsp": [0.0, 400.0, 392.04400634765625]}, "datetime": {"datetime": "2025-08-21 20:29:43", "elapsed": 42300.1853120327, "delta": 24.7480411529541}, "costs": {"total_cost": 1631.9271106820947, "time_cost": 150, "final_distance_cost": 13.76878321345963, "oscillation_cost": 310.51045388236304, "completition_cost": 1000.0, "overshoot_cost": 104.39298897666023, "power_cost": 20.72096805419922, "noise_cost": 32.53391655541257, "n_waypoints_completed": 0, "tot_waypoints": 9}}
{"target": -6152.095095054545, "params": {"k_pid_pos": [2.0, 0.0, 0.0], "k_pid_alt": [0.12559252977371216, 0.056702107191085815, 1.0], "k_pid_att": [0.0, 9.810870170593262, 1.0], "k_pid_yaw": [0.5, 1e-06, 0.1], "k_pid_hsp": [9.999999747378752e-05, 0.9856590628623962, 1.0], "k_pid_vsp": [0.0, 400.0, 400.0]}, "datetime": {"datetime": "2025-08-21 20:30:07", "elapsed": 42323.90552711487, "delta": 23.72021508216858}, "costs": {"total_cost": 6152.095095054545, "time_cost": 150, "final_distance_cost": 1135.9973460181109, "oscillation_cost": 1137.3058162476682, "completition_cost": 1000.0, "overshoot_cost": 2600.7634853458817, "power_cost": 31.791820178222657, "noise_cost": 96.23662726466243, "n_waypoints_completed": 0, "tot_waypoints": 9}}
{"target": -3450.76977136446, "params": {"k_pid_pos": [1.9903279542922974, 0.0, 0.08534333109855652], "k_pid_alt": [0.0542372465133667, 0.0, 0.9249448776245117], "k_pid_att": [0.0, 9.689696311950684, 1.0], "k_pid_yaw": [0.5, 1e-06, 0.1], "k_pid_hsp": [0.43982169032096863, 0.9892523288726807, 1.0], "k_pid_vsp": [0.0, 400.0, 381.54974365234375]}, "datetime": {"datetime": "2025-08-21 20:30:33", "elapsed": 42349.477781534195, "delta": 25.572254419326782}, "costs": {"total_cost": 3450.76977136446, "time_cost": 150, "final_distance_cost": 330.1882097081791, "oscillation_cost": 1129.806332373114, "completition_cost": 1000.0, "overshoot_cost": 714.9706970498164, "power_cost": 31.098690954589845, "noise_cost": 94.70584127876096, "n_waypoints_completed": 0, "tot_waypoints": 9}}
{"target": -8237.72069667002, "params": {"k_pid_pos": [2.0, 0.0, 0.015740156173706055], "k_pid_alt": [0.0247575044631958, 0.05193448066711426, 0.9845383167266846], "k_pid_att": [0.0, 10.0, 0.9280479550361633], "k_pid_yaw": [0.5, 1e-06, 0.1], "k_pid_hsp": [0.48921796679496765, 1.0, 1.0], "k_pid_vsp": [2.5841474533081055, 400.0, 382.0141296386719]}, "datetime": {"datetime": "2025-08-21 20:30:58", "elapsed": 42374.523918390274, "delta": 25.0461368560791}, "costs": {"total_cost": 8237.72069667002, "time_cost": 150, "final_distance_cost": 2548.106170273629, "oscillation_cost": 2148.0618885902268, "completition_cost": 1000.0, "overshoot_cost": 2254.979034331303, "power_cost": 34.44468673095703, "noise_cost": 102.12891674390372, "n_waypoints_completed": 0, "tot_waypoints": 9}}
{"target": -3526.608045702118, "params": {"k_pid_pos": [1.9652271270751953, 0.0, 0.0], "k_pid_alt": [0.059322476387023926, 0.014821827411651611, 0.9766887426376343], "k_pid_att": [7.84541654586792, 10.0, 1.0], "k_pid_yaw": [0.5, 1e-06, 0.1], "k_pid_hsp": [9.999999747378752e-05, 0.9675480127334595, 0.964491069316864], "k_pid_vsp": [0.0, 400.0, 400.0]}, "datetime": {"datetime": "2025-08-21 20:31:21", "elapsed": 42397.97175741196, "delta": 23.44783902168274}, "costs": {"total_cost": 3526.608045702118, "time_cost": 150, "final_distance_cost": 970.3580296539648, "oscillation_cost": 151.83824125927586, "completition_cost": 1000.0, "overshoot_cost": 1218.7451549542432, "power_cost": 19.69541776123047, "noise_cost": 15.971202073403248, "n_waypoints_completed": 0, "tot_waypoints": 9}}
{"target": -1637.8323847113174, "params": {"k_pid_pos": [1.9910489320755005, 0.02565377950668335, 0.0], "k_pid_alt": [0.0, 0.0, 0.8426275849342346], "k_pid_att": [5.029892921447754, 9.995182991027832, 1.0], "k_pid_yaw": [0.5, 1e-06, 0.1], "k_pid_hsp": [9.999999747378752e-05, 1.0, 1.0], "k_pid_vsp": [35.70048904418945, 373.32171630859375, 385.3040771484375]}, "datetime": {"datetime": "2025-08-21 20:31:46", "elapsed": 42423.256427526474, "delta": 25.284670114517212}, "costs": {"total_cost": 1637.8323847113174, "time_cost": 150, "final_distance_cost": 10.412399334805139, "oscillation_cost": 226.3563001315562, "completition_cost": 1000.0, "overshoot_cost": 195.4809352862886, "power_cost": 19.594447729492188, "noise_cost": 35.988302229175446, "n_waypoints_completed": 0, "tot_waypoints": 9}}
{"target": -20206.621329651658, "params": {"k_pid_pos": [2.0, 0.0, 0.0], "k_pid_alt": [0.0, 0.0, 1.0], "k_pid_att": [0.0, 10.0, 0.9999732971191406], "k_pid_yaw": [0.5, 1e-06, 0.1], "k_pid_hsp": [9.999999747378752e-05, 1.0, 1.0], "k_pid_vsp": [0.0, 390.1385192871094, 395.8404541015625]}, "datetime": {"datetime": "2025-08-21 20:32:10", "elapsed": 42446.72138261795, "delta": 23.46495509147644}, "costs": {"total_cost": 20206.621329651658, "time_cost": 150, "final_distance_cost": 6169.6202143059545, "oscillation_cost": 2215.207560749012, "completition_cost": 1000.0, "overshoot_cost": 10549.280269824823, "power_cost": 28.96022332763672, "noise_cost": 93.55306144423112, "n_waypoints_completed": 0, "tot_waypoints": 9}}
{"target": -21081.213935376283, "params": {"k_pid_pos": [2.0, 0.017001688480377197, 0.0408937931060791], "k_pid_alt": [0.03648489713668823, 0.0616757869720459, 0.9596020579338074], "k_pid_att": [0.0, 9.55836296081543, 0.9697163701057434], "k_pid_yaw": [0.5, 1e-06, 0.1], "k_pid_hsp": [0.10167960077524185, 0.9405570030212402, 0.9914642572402954], "k_pid_vsp": [19.43068504333496, 400.0, 400.0]}, "datetime": {"datetime": "2025-08-21 20:32:34", "elapsed": 42471.17397928238, "delta": 24.45259666442871}, "costs": {"total_cost": 21081.213935376283, "time_cost": 150, "final_distance_cost": 6406.753786242879, "oscillation_cost": 2301.4611883588545, "completition_cost": 1000.0, "overshoot_cost": 11085.090973370581, "power_cost": 34.790913610839844, "noise_cost": 103.11707379312811, "n_waypoints_completed": 0, "tot_waypoints": 9}}
{"target": -1723.2285022397061, "params": {"k_pid_pos": [1.9711055755615234, 0.0, 0.04919561743736267], "k_pid_alt": [0.017073988914489746, 0.0941804051399231, 1.0], "k_pid_att": [3.7999629974365234, 10.0, 0.998504102230072], "k_pid_yaw": [0.5, 1e-06, 0.1], "k_pid_hsp": [0.11151844263076782, 0.9397589564323425, 1.0], "k_pid_vsp": [17.563915252685547, 400.0, 400.0]}, "datetime": {"datetime": "2025-08-21 20:32:59", "elapsed": 42496.00688076019, "delta": 24.83290147781372}, "costs": {"total_cost": 1723.2285022397061, "time_cost": 150, "final_distance_cost": 73.30146494491994, "oscillation_cost": 301.47566799354865, "completition_cost": 1000.0, "overshoot_cost": 132.0065025283958, "power_cost": 22.58576778564453, "noise_cost": 43.859098987197235, "n_waypoints_completed": 0, "tot_waypoints": 9}}
{"target": -2877.9102651465346, "params": {"k_pid_pos": [2.0, 0.0, 0.03732961416244507], "k_pid_alt": [0.07261663675308228, 0.009922266006469727, 1.0], "k_pid_att": [0.4062533378601074, 9.88240909576416, 0.9416760206222534], "k_pid_yaw": [0.5, 1e-06, 0.1], "k_pid_hsp": [9.999999747378752e-05, 0.9783281683921814, 0.9458304643630981], "k_pid_vsp": [0.023651123046875, 400.0, 399.9552307128906]}, "datetime": {"datetime": "2025-08-21 20:33:23", "elapsed": 42519.60216259956, "delta": 23.595281839370728}, "costs": {"total_cost": 2877.9102651465346, "time_cost": 150, "final_distance_cost": 209.3129710774989, "oscillation_cost": 1104.9297431458053, "completition_cost": 1000.0, "overshoot_cost": 291.6797869563483, "power_cost": 30.13505272216797, "noise_cost": 91.85271124471419, "n_waypoints_completed": 0, "tot_waypoints": 9}}
{"target": -25098.20090021475, "params": {"k_pid_pos": [1.9235607385635376, 0.0, 0.03329172730445862], "k_pid_alt": [0.12574130296707153, 0.0, 0.9817614555358887], "k_pid_att": [0.0, 10.0, 0.9974432587623596], "k_pid_yaw": [0.5, 1e-06, 0.1], "k_pid_hsp": [0.2895581126213074, 0.9859927892684937, 1.0], "k_pid_vsp": [5.974912643432617, 400.0, 387.32757568359375]}, "datetime": {"datetime": "2025-08-21 20:33:49", "elapsed": 42545.77186131477, "delta": 26.16969871520996}, "costs": {"total_cost": 25098.20090021475, "time_cost": 150, "final_distance_cost": 7503.462291559363, "oscillation_cost": 2350.91128960369, "completition_cost": 1000.0, "overshoot_cost": 13955.014084153785, "power_cost": 35.01655631103516, "noise_cost": 103.79667858687789, "n_waypoints_completed": 0, "tot_waypoints": 9}}
{"target": -11030.305064805916, "params": {"k_pid_pos": [1.9658021926879883, 0.02946200966835022, 0.02596527338027954], "k_pid_alt": [0.14611303806304932, 0.042995452880859375, 0.9660739302635193], "k_pid_att": [0.0, 9.819262504577637, 0.9944129586219788], "k_pid_yaw": [0.5, 1e-06, 0.1], "k_pid_hsp": [1.4238451719284058, 0.9394209384918213, 0.9441356658935547], "k_pid_vsp": [0.0, 362.7467041015625, 378.4669189453125]}, "datetime": {"datetime": "2025-08-21 20:34:13", "elapsed": 42569.71031284332, "delta": 23.938451528549194}, "costs": {"total_cost": 11030.305064805916, "time_cost": 150, "final_distance_cost": 3523.6382993296675, "oscillation_cost": 2115.940828519886, "completition_cost": 1000.0, "overshoot_cost": 4106.110843542601, "power_cost": 33.62186181640625, "noise_cost": 100.9932315973541, "n_waypoints_completed": 0, "tot_waypoints": 9}}
{"target": -2335.674258553177, "params": {"k_pid_pos": [1.9311364889144897, 0.004888594150543213, 0.0], "k_pid_alt": [0.013783633708953857, 0.0004642009735107422, 0.9476393461227417], "k_pid_att": [4.202389717102051, 10.0, 1.0], "k_pid_yaw": [0.5, 1e-06, 0.1], "k_pid_hsp": [0.2144823521375656, 0.9884815216064453, 0.9861664772033691], "k_pid_vsp": [10.182249069213867, 400.0, 400.0]}, "datetime": {"datetime": "2025-08-21 20:34:37", "elapsed": 42593.50949072838, "delta": 23.799177885055542}, "costs": {"total_cost": 2335.674258553177, "time_cost": 150, "final_distance_cost": 426.14631965208594, "oscillation_cost": 191.63175818401425, "completition_cost": 1000.0, "overshoot_cost": 516.0841761229125, "power_cost": 20.705411938476562, "noise_cost": 31.106592655687543, "n_waypoints_completed": 0, "tot_waypoints": 9}}
{"target": -6363.649898761706, "params": {"k_pid_pos": [2.0, 0.0, 0.0357077419757843], "k_pid_alt": [0.03314530849456787, 0.0, 1.0], "k_pid_att": [0.0, 10.0, 0.8841556906700134], "k_pid_yaw": [0.5, 1e-06, 0.1], "k_pid_hsp": [0.21512815356254578, 0.9120555520057678, 1.0], "k_pid_vsp": [0.0, 400.0, 368.9299011230469]}, "datetime": {"datetime": "2025-08-21 20:35:02", "elapsed": 42618.942699193954, "delta": 25.433208465576172}, "costs": {"total_cost": 6363.649898761706, "time_cost": 150, "final_distance_cost": 1072.2622177336523, "oscillation_cost": 1782.544285769144, "completition_cost": 1000.0, "overshoot_cost": 2230.540769921857, "power_cost": 31.773346679687503, "noise_cost": 96.52927865736521, "n_waypoints_completed": 0, "tot_waypoints": 9}}
{"target": -3469.3572476522554, "params": {"k_pid_pos": [1.9420678615570068, 0.024554073810577393, 0.047859251499176025], "k_pid_alt": [0.011041760444641113, 0.0, 0.9835301637649536], "k_pid_att": [0.0, 9.043931007385254, 1.0], "k_pid_yaw": [0.5, 1e-06, 0.1], "k_pid_hsp": [0.1514844447374344, 0.9841159582138062, 0.9906569719314575], "k_pid_vsp": [0.0, 384.7773132324219, 379.09503173828125]}, "datetime": {"datetime": "2025-08-21 20:35:25", "elapsed": 42642.215498209, "delta": 23.272799015045166}, "costs": {"total_cost": 3469.3572476522554, "time_cost": 150, "final_distance_cost": 278.38237148575485, "oscillation_cost": 1233.584910019347, "completition_cost": 1000.0, "overshoot_cost": 685.0014499313224, "power_cost": 29.9989494140625, "noise_cost": 92.38956680176885, "n_waypoints_completed": 0, "tot_waypoints": 9}}
{"target": -7449.638005777024, "params": {"k_pid_pos": [1.9101061820983887, 0.053443342447280884, 0.0], "k_pid_alt": [0.10301905870437622, 0.03860846161842346, 1.0], "k_pid_att": [0.0, 9.158604621887207, 0.9110378623008728], "k_pid_yaw": [0.5, 1e-06, 0.1], "k_pid_hsp": [0.5549666285514832, 0.883681058883667, 1.0], "k_pid_vsp": [11.557662963867188, 388.2402038574219, 392.8658142089844]}, "datetime": {"datetime": "2025-08-21 20:35:51", "elapsed": 42667.790984392166, "delta": 25.575486183166504}, "costs": {"total_cost": 7449.638005777024, "time_cost": 150, "final_distance_cost": 1420.6078200297304, "oscillation_cost": 1592.8883255206367, "completition_cost": 1000.0, "overshoot_cost": 3148.769527721648, "power_cost": 34.6050240234375, "noise_cost": 102.76730848157128, "n_waypoints_completed": 0, "tot_waypoints": 9}}
{"target": -7576.073169397213, "params": {"k_pid_pos": [2.0, 0.039467304944992065, 0.0], "k_pid_alt": [0.025178611278533936, 0.0, 0.9598464965820312], "k_pid_att": [0.0, 10.0, 0.962337076663971], "k_pid_yaw": [0.5, 1e-06, 0.1], "k_pid_hsp": [9.999999747378752e-05, 1.0, 1.0], "k_pid_vsp": [0.0, 400.0, 373.85113525390625]}, "datetime": {"datetime": "2025-08-21 20:36:14", "elapsed": 42691.13061594963, "delta": 23.3396315574646}, "costs": {"total_cost": 7576.073169397213, "time_cost": 150, "final_distance_cost": 1318.223192687584, "oscillation_cost": 1912.050358815442, "completition_cost": 1000.0, "overshoot_cost": 3069.0948116670074, "power_cost": 31.270537365722657, "noise_cost": 95.4342688614572, "n_waypoints_completed": 0, "tot_waypoints": 9}}
{"target": -8420.378458763947, "params": {"k_pid_pos": [2.0, 0.0724782943725586, 0.0], "k_pid_alt": [0.008506834506988525, 0.0, 1.0], "k_pid_att": [0.0, 9.95021915435791, 0.9684297442436218], "k_pid_yaw": [0.5, 1e-06, 0.1], "k_pid_hsp": [9.999999747378752e-05, 1.0, 1.0], "k_pid_vsp": [0.0, 350.8985900878906, 400.0]}, "datetime": {"datetime": "2025-08-21 20:36:39", "elapsed": 42716.38316035271, "delta": 25.252544403076172}, "costs": {"total_cost": 8420.378458763947, "time_cost": 150, "final_distance_cost": 1809.1410209707933, "oscillation_cost": 1679.867585396759, "completition_cost": 1000.0, "overshoot_cost": 3649.9300116237755, "power_cost": 32.74033688964844, "noise_cost": 98.69950388297141, "n_waypoints_completed": 0, "tot_waypoints": 9}}
{"target": -1998.6752309817605, "params": {"k_pid_pos": [2.0, 0.0, 0.0], "k_pid_alt": [0.009749829769134521, 0.0, 0.9890434741973877], "k_pid_att": [4.4145050048828125, 9.855001449584961, 0.9663176536560059], "k_pid_yaw": [0.5, 1e-06, 0.1], "k_pid_hsp": [9.999999747378752e-05, 0.993117094039917, 0.9483652114868164], "k_pid_vsp": [1.376795768737793, 397.6748352050781, 400.0]}, "datetime": {"datetime": "2025-08-21 20:37:03", "elapsed": 42739.536229372025, "delta": 23.153069019317627}, "costs": {"total_cost": 1998.6752309817605, "time_cost": 150, "final_distance_cost": 234.39466165315517, "oscillation_cost": 222.2520115197862, "completition_cost": 1000.0, "overshoot_cost": 347.6449112842453, "power_cost": 20.737111437988283, "noise_cost": 23.64653508658556, "n_waypoints_completed": 0, "tot_waypoints": 9}}
{"target": -3709.8875690645414, "params": {"k_pid_pos": [2.0, 0.0, 0.036651790142059326], "k_pid_alt": [0.06306350231170654, 0.0, 1.0], "k_pid_att": [0.0, 10.0, 1.0], "k_pid_yaw": [0.5, 1e-06, 0.1], "k_pid_hsp": [9.999999747378752e-05, 1.0, 0.9587627649307251], "k_pid_vsp": [9.475350379943848, 371.63800048828125, 357.60931396484375]}, "datetime": {"datetime": "2025-08-21 20:37:27", "elapsed": 42763.60740995407, "delta": 24.07118058204651}, "costs": {"total_cost": 3709.8875690645414, "time_cost": 150, "final_distance_cost": 433.5974493851413, "oscillation_cost": 991.5424477796513, "completition_cost": 1000.0, "overshoot_cost": 1004.6835167495525, "power_cost": 32.53006110839844, "noise_cost": 97.53409404179764, "n_waypoints_completed": 0, "tot_waypoints": 9}}
{"target": -1724.047788519951, "params": {"k_pid_pos": [1.9902030229568481, 0.0, 0.013792991638183594], "k_pid_alt": [0.0, 0.035936594009399414, 1.0], "k_pid_att": [3.845521926879883, 9.676671981811523, 0.9284922480583191], "k_pid_yaw": [0.5, 1e-06, 0.1], "k_pid_hsp": [9.999999747378752e-05, 0.9701006412506104, 0.9176361560821533], "k_pid_vsp": [0.0, 400.0, 400.0]}, "datetime": {"datetime": "2025-08-21 20:37:51", "elapsed": 42788.393399477005, "delta": 24.78598952293396}, "costs": {"total_cost": 1724.047788519951, "time_cost": 150, "final_distance_cost": 2.59662226803648, "oscillation_cost": 335.3779884177173, "completition_cost": 1000.0, "overshoot_cost": 136.81021996216242, "power_cost": 24.883181750488284, "noise_cost": 74.37977612154637, "n_waypoints_completed": 0, "tot_waypoints": 9}}
{"target": -1682.5903940112444, "params": {"k_pid_pos": [2.0, 0.0011851191520690918, 0.007876187562942505], "k_pid_alt": [0.0, 0.02220839262008667, 1.0], "k_pid_att": [8.91759967803955, 10.0, 0.9872303605079651], "k_pid_yaw": [0.5, 1e-06, 0.1], "k_pid_hsp": [9.999999747378752e-05, 1.0, 0.9528800249099731], "k_pid_vsp": [4.663991928100586, 398.92095947265625, 400.0]}, "datetime": {"datetime": "2025-08-21 20:38:14", "elapsed": 42811.243126153946, "delta": 22.849726676940918}, "costs": {"total_cost": 1682.5903940112444, "time_cost": 150, "final_distance_cost": 19.29749616619805, "oscillation_cost": 276.05695945670976, "completition_cost": 1000.0, "overshoot_cost": 152.5818243067978, "power_cost": 20.301420471191406, "noise_cost": 64.35269361034713, "n_waypoints_completed": 0, "tot_waypoints": 9}}
{"target": -7479.963746568269, "params": {"k_pid_pos": [2.0, 0.028517544269561768, 0.0], "k_pid_alt": [0.0, 0.044195711612701416, 0.9399624466896057], "k_pid_att": [0.0, 10.0, 1.0], "k_pid_yaw": [0.5, 1e-06, 0.1], "k_pid_hsp": [1.0617393255233765, 0.9757780432701111, 0.9802995920181274], "k_pid_vsp": [0.0, 396.7925109863281, 378.5621643066406]}, "datetime": {"datetime": "2025-08-21 20:38:39", "elapsed": 42836.03908133507, "delta": 24.795955181121826}, "costs": {"total_cost": 7479.963746568269, "time_cost": 150, "final_distance_cost": 1737.40630133104, "oscillation_cost": 1906.891671186643, "completition_cost": 1000.0, "overshoot_cost": 2553.704543025885, "power_cost": 32.75185966796875, "noise_cost": 99.2093713567324, "n_waypoints_completed": 0, "tot_waypoints": 9}}
{"target": -1791.4736553893297, "params": {"k_pid_pos": [1.9511833190917969, 0.08973360061645508, 0.0], "k_pid_alt": [0.0, 0.052112698554992676, 0.9945946931838989], "k_pid_att": [6.214156627655029, 10.0, 0.9624235033988953], "k_pid_yaw": [0.5, 1e-06, 0.1], "k_pid_hsp": [9.999999747378752e-05, 0.9558699727058411, 1.0], "k_pid_vsp": [0.0, 391.1543273925781, 395.70556640625]}, "datetime": {"datetime": "2025-08-21 20:39:03", "elapsed": 42859.708406209946, "delta": 23.66932487487793}, "costs": {"total_cost": 1791.4736553893297, "time_cost": 150, "final_distance_cost": 16.523728860269387, "oscillation_cost": 243.3746134556516, "completition_cost": 1000.0, "overshoot_cost": 324.2145655207917, "power_cost": 22.345834667968752, "noise_cost": 35.014912884648034, "n_waypoints_completed": 0, "tot_waypoints": 9}}
