{"target": -4533.746219481412, "params": {"k_pid_pos": [1.9977023601531982, 0.0013034641742706299, 0.07206422090530396], "k_pid_alt": [0.04507249593734741, 0.0030173659324645996, 1.0], "k_pid_att": [0.0, 9.908781051635742, 0.9994995594024658], "k_pid_yaw": [0.5, 1e-06, 0.1], "k_pid_hsp": [0.5184659957885742, 1.0, 1.0], "k_pid_vsp": [6.087982654571533, 400.0, 400.0]}, "datetime": {"datetime": "2025-08-21 22:31:56", "elapsed": 49633.24238157272, "delta": 22.920666694641113}, "costs": {"total_cost": 4533.746219481412, "time_cost": 150, "final_distance_cost": 527.5058060841321, "oscillation_cost": 1289.4757085403905, "completition_cost": 1000.0, "overshoot_cost": 1438.822398775411, "power_cost": 31.816250402832033, "noise_cost": 96.1260556786453, "n_waypoints_completed": 0, "tot_waypoints": 9}}
{"target": -5178.129156219237, "params": {"k_pid_pos": [1.990384578704834, 0.0, 0.06169593334197998], "k_pid_alt": [0.07847315073013306, 0.0, 0.9205785393714905], "k_pid_att": [0.0, 9.691370010375977, 1.0], "k_pid_yaw": [0.5, 1e-06, 0.1], "k_pid_hsp": [9.999999747378752e-05, 0.9777164459228516, 0.9394696950912476], "k_pid_vsp": [20.247697830200195, 400.0, 362.96807861328125]}, "datetime": {"datetime": "2025-08-21 22:32:22", "elapsed": 49658.66419219971, "delta": 25.421810626983643}, "costs": {"total_cost": 5178.129156219237, "time_cost": 150, "final_distance_cost": 588.3245461282693, "oscillation_cost": 1666.7857930859889, "completition_cost": 1000.0, "overshoot_cost": 1640.9856777520688, "power_cost": 33.06366243896485, "noise_cost": 98.969476813946, "n_waypoints_completed": 0, "tot_waypoints": 9}}
{"target": -19285.63929073001, "params": {"k_pid_pos": [1.963163137435913, 0.0021848678588867188, 0.006942391395568848], "k_pid_alt": [0.0, 0.002441972494125366, 0.9920135140419006], "k_pid_att": [0.0, 10.0, 1.0], "k_pid_yaw": [0.5, 1e-06, 0.1], "k_pid_hsp": [0.4207788109779358, 1.0, 0.9450934529304504], "k_pid_vsp": [0.0, 400.0, 385.5080261230469]}, "datetime": {"datetime": "2025-08-21 22:32:45", "elapsed": 49681.95906114578, "delta": 23.29486894607544}, "costs": {"total_cost": 19285.63929073001, "time_cost": 150, "final_distance_cost": 6062.575406302073, "oscillation_cost": 2169.7161989576102, "completition_cost": 1000.0, "overshoot_cost": 9765.33451120261, "power_cost": 34.81140303955078, "noise_cost": 103.20177122816777, "n_waypoints_completed": 0, "tot_waypoints": 9}}
{"target": -22896.986806697038, "params": {"k_pid_pos": [1.9699100255966187, 0.009687632322311401, 0.039006590843200684], "k_pid_alt": [0.0, 0.0, 0.9853565692901611], "k_pid_att": [0.0, 10.0, 1.0], "k_pid_yaw": [0.5, 1e-06, 0.1], "k_pid_hsp": [0.01030808687210083, 1.0, 0.9645740389823914], "k_pid_vsp": [10.564541816711426, 400.0, 400.0]}, "datetime": {"datetime": "2025-08-21 22:33:11", "elapsed": 49707.81223034859, "delta": 25.853169202804565}, "costs": {"total_cost": 22896.986806697038, "time_cost": 150, "final_distance_cost": 6983.328826383054, "oscillation_cost": 2249.2318620452425, "completition_cost": 1000.0, "overshoot_cost": 12389.241675991674, "power_cost": 29.62842578125, "noise_cost": 95.55601649581592, "n_waypoints_completed": 0, "tot_waypoints": 9}}
{"target": -8650.329596048403, "params": {"k_pid_pos": [1.8793343305587769, 0.043649107217788696, 0.03796985745429993], "k_pid_alt": [0.0, 0.0, 1.0], "k_pid_att": [0.0, 9.343582153320312, 0.9698444604873657], "k_pid_yaw": [0.5, 1e-06, 0.1], "k_pid_hsp": [9.999999747378752e-05, 1.0, 1.0], "k_pid_vsp": [0.0, 400.0, 400.0]}, "datetime": {"datetime": "2025-08-21 22:33:34", "elapsed": 49730.60342502594, "delta": 22.791194677352905}, "costs": {"total_cost": 8650.329596048403, "time_cost": 150, "final_distance_cost": 2434.9150457796745, "oscillation_cost": 622.2871570656537, "completition_cost": 1000.0, "overshoot_cost": 4360.171768976566, "power_cost": 16.16595666503906, "noise_cost": 66.7896675614676, "n_waypoints_completed": 0, "tot_waypoints": 9}}
{"target": -1619.3364736804206, "params": {"k_pid_pos": [2.0, 0.021275073289871216, 0.011933356523513794], "k_pid_alt": [0.0, 0.04458954930305481, 0.9779293537139893], "k_pid_att": [4.4992594718933105, 9.406672477722168, 1.0], "k_pid_yaw": [0.5, 1e-06, 0.1], "k_pid_hsp": [9.999999747378752e-05, 1.0, 1.0], "k_pid_vsp": [47.43434143066406, 400.0, 400.0]}, "datetime": {"datetime": "2025-08-21 22:33:59", "elapsed": 49756.10737657547, "delta": 25.50395154953003}, "costs": {"total_cost": 1619.3364736804206, "time_cost": 150, "final_distance_cost": 49.26245241806623, "oscillation_cost": 258.9526123503454, "completition_cost": 1000.0, "overshoot_cost": 108.88207112362826, "power_cost": 20.753158715820312, "noise_cost": 31.486179072560336, "n_waypoints_completed": 0, "tot_waypoints": 9}}
{"target": -4974.248192804804, "params": {"k_pid_pos": [2.0, 0.0, 0.0], "k_pid_alt": [0.0, 0.0, 0.996239423751831], "k_pid_att": [0.0, 9.87867546081543, 1.0], "k_pid_yaw": [0.5, 1e-06, 0.1], "k_pid_hsp": [9.999999747378752e-05, 1.0, 1.0], "k_pid_vsp": [20.09760093688965, 400.0, 400.0]}, "datetime": {"datetime": "2025-08-21 22:34:22", "elapsed": 49779.39574551582, "delta": 23.288368940353394}, "costs": {"total_cost": 4974.248192804804, "time_cost": 150, "final_distance_cost": 1109.6766720743085, "oscillation_cost": 1291.4722940295217, "completition_cost": 1000.0, "overshoot_cost": 1319.668866063248, "power_cost": 22.50823780517578, "noise_cost": 80.92212283254969, "n_waypoints_completed": 0, "tot_waypoints": 9}}
{"target": -2041.534918244084, "params": {"k_pid_pos": [1.9464114904403687, 0.0, 0.0], "k_pid_alt": [0.0, 0.06352666020393372, 1.0], "k_pid_att": [2.871537208557129, 9.649347305297852, 1.0], "k_pid_yaw": [0.5, 1e-06, 0.1], "k_pid_hsp": [0.1874241977930069, 0.9561942219734192, 1.0], "k_pid_vsp": [0.0, 362.4963684082031, 400.0]}, "datetime": {"datetime": "2025-08-21 22:34:47", "elapsed": 49804.16133975983, "delta": 24.765594244003296}, "costs": {"total_cost": 2041.534918244084, "time_cost": 150, "final_distance_cost": 115.4540871357949, "oscillation_cost": 326.21392048834383, "completition_cost": 1000.0, "overshoot_cost": 357.06359330329053, "power_cost": 22.522503271484375, "noise_cost": 70.28081404517062, "n_waypoints_completed": 0, "tot_waypoints": 9}}
{"target": -1629.5638853305172, "params": {"k_pid_pos": [1.9376533031463623, 0.03226441144943237, 0.0], "k_pid_alt": [0.0, 0.0035809576511383057, 0.9789849519729614], "k_pid_att": [8.364531517028809, 10.0, 0.9179822206497192], "k_pid_yaw": [0.5, 1e-06, 0.1], "k_pid_hsp": [9.999999747378752e-05, 0.931029200553894, 1.0], "k_pid_vsp": [2.398037910461426, 400.0, 400.0]}, "datetime": {"datetime": "2025-08-21 22:35:12", "elapsed": 49829.269354104996, "delta": 25.108014345169067}, "costs": {"total_cost": 1629.5638853305172, "time_cost": 150, "final_distance_cost": 11.465014342910665, "oscillation_cost": 308.2764514714854, "completition_cost": 1000.0, "overshoot_cost": 102.78813938313742, "power_cost": 19.95237791748047, "noise_cost": 37.081902215503234, "n_waypoints_completed": 0, "tot_waypoints": 9}}
{"target": -2404.204744352928, "params": {"k_pid_pos": [1.9371247291564941, 0.013498276472091675, 0.0], "k_pid_alt": [0.06909555196762085, 0.04016128182411194, 1.0], "k_pid_att": [6.187314033508301, 9.674527168273926, 0.9958679676055908], "k_pid_yaw": [0.5, 1e-06, 0.1], "k_pid_hsp": [9.999999747378752e-05, 0.9370464086532593, 0.9663485288619995], "k_pid_vsp": [44.253562927246094, 363.1463623046875, 398.14019775390625]}, "datetime": {"datetime": "2025-08-21 22:35:36", "elapsed": 49852.47625255585, "delta": 23.20689845085144}, "costs": {"total_cost": 2404.204744352928, "time_cost": 150, "final_distance_cost": 407.1503220428797, "oscillation_cost": 179.11239787870753, "completition_cost": 1000.0, "overshoot_cost": 629.1689343349061, "power_cost": 20.983523803710938, "noise_cost": 17.78956629272398, "n_waypoints_completed": 0, "tot_waypoints": 9}}
{"target": -3733.123508224435, "params": {"k_pid_pos": [2.0, 0.024039655923843384, 0.0], "k_pid_alt": [0.05477708578109741, 0.0, 1.0], "k_pid_att": [3.542384624481201, 9.770215034484863, 0.8974707722663879], "k_pid_yaw": [0.5, 1e-06, 0.1], "k_pid_hsp": [0.16977067291736603, 0.9641643166542053, 0.9707546234130859], "k_pid_vsp": [0.0, 375.71905517578125, 379.44268798828125]}, "datetime": {"datetime": "2025-08-21 22:36:00", "elapsed": 49877.44222140312, "delta": 24.96596884727478}, "costs": {"total_cost": 3733.123508224435, "time_cost": 150, "final_distance_cost": 888.3019999146131, "oscillation_cost": 247.97444087026898, "completition_cost": 1000.0, "overshoot_cost": 1412.5154026183961, "power_cost": 16.259230053710937, "noise_cost": 18.072434767446282, "n_waypoints_completed": 0, "tot_waypoints": 9}}
{"target": -3038.486703942226, "params": {"k_pid_pos": [1.7676552534103394, 0.0, 0.0], "k_pid_alt": [0.0, 0.0, 0.9959374070167542], "k_pid_att": [0.0, 10.0, 0.8808244466781616], "k_pid_yaw": [0.5, 1e-06, 0.1], "k_pid_hsp": [0.05302809923887253, 1.0, 0.9609242081642151], "k_pid_vsp": [27.135848999023438, 377.18511962890625, 400.0]}, "datetime": {"datetime": "2025-08-21 22:36:24", "elapsed": 49900.944165706635, "delta": 23.501944303512573}, "costs": {"total_cost": 3038.486703942226, "time_cost": 150, "final_distance_cost": 329.08714608910265, "oscillation_cost": 933.8625071354268, "completition_cost": 1000.0, "overshoot_cost": 524.5258131872112, "power_cost": 21.583145739746094, "noise_cost": 79.4280917907396, "n_waypoints_completed": 0, "tot_waypoints": 9}}
{"target": -5341.028945635829, "params": {"k_pid_pos": [2.0, 0.0, 0.0], "k_pid_alt": [0.09571218490600586, 0.0, 0.9885607361793518], "k_pid_att": [0.0, 10.0, 0.9627998471260071], "k_pid_yaw": [0.5, 1e-06, 0.1], "k_pid_hsp": [0.006128055043518543, 1.0, 1.0], "k_pid_vsp": [0.0, 400.0, 400.0]}, "datetime": {"datetime": "2025-08-21 22:36:49", "elapsed": 49925.994076251984, "delta": 25.04991054534912}, "costs": {"total_cost": 5341.028945635829, "time_cost": 150, "final_distance_cost": 766.80665837641, "oscillation_cost": 1898.330528691815, "completition_cost": 1000.0, "overshoot_cost": 1390.661229155068, "power_cost": 34.06604138183594, "noise_cost": 101.16448803069932, "n_waypoints_completed": 0, "tot_waypoints": 9}}
{"target": -2325.769209608708, "params": {"k_pid_pos": [2.0, 0.0, 0.0], "k_pid_alt": [0.0, 0.0, 0.987281322479248], "k_pid_att": [11.198624610900879, 10.0, 1.0], "k_pid_yaw": [0.5, 1e-06, 0.1], "k_pid_hsp": [0.5542457103729248, 0.9865044355392456, 1.0], "k_pid_vsp": [0.0, 400.0, 400.0]}, "datetime": {"datetime": "2025-08-21 22:37:12", "elapsed": 49948.98307180405, "delta": 22.98899555206299}, "costs": {"total_cost": 2325.769209608708, "time_cost": 150, "final_distance_cost": 261.2465443202039, "oscillation_cost": 290.63296318856817, "completition_cost": 1000.0, "overshoot_cost": 584.4225273142483, "power_cost": 20.50675535888672, "noise_cost": 18.960419426800986, "n_waypoints_completed": 0, "tot_waypoints": 9}}
{"target": -8405.28703417167, "params": {"k_pid_pos": [2.0, 0.0, 0.0], "k_pid_alt": [0.029850482940673828, 0.09207600355148315, 1.0], "k_pid_att": [0.0, 9.089394569396973, 1.0], "k_pid_yaw": [0.5, 1e-06, 0.1], "k_pid_hsp": [9.999999747378752e-05, 1.0, 0.9941142201423645], "k_pid_vsp": [0.0, 392.48095703125, 400.0]}, "datetime": {"datetime": "2025-08-21 22:37:37", "elapsed": 49974.31097006798, "delta": 25.327898263931274}, "costs": {"total_cost": 8405.28703417167, "time_cost": 150, "final_distance_cost": 1969.3592546869227, "oscillation_cost": 977.3293168554002, "completition_cost": 1000.0, "overshoot_cost": 4177.837457254171, "power_cost": 32.86022506103516, "noise_cost": 97.90078031414072, "n_waypoints_completed": 0, "tot_waypoints": 9}}
{"target": -3266.90684562107, "params": {"k_pid_pos": [2.0, 0.0, 0.04415985941886902], "k_pid_alt": [0.007316112518310547, 0.0007466673851013184, 0.9871993064880371], "k_pid_att": [3.206503391265869, 10.0, 0.9919756054878235], "k_pid_yaw": [0.5, 1e-06, 0.1], "k_pid_hsp": [9.999999747378752e-05, 1.0, 0.9376186728477478], "k_pid_vsp": [0.0, 400.0, 400.0]}, "datetime": {"datetime": "2025-08-21 22:38:01", "elapsed": 49998.20974087715, "delta": 23.898770809173584}, "costs": {"total_cost": 3266.90684562107, "time_cost": 150, "final_distance_cost": 589.6789797256783, "oscillation_cost": 284.0908579436296, "completition_cost": 1000.0, "overshoot_cost": 1196.4475792291323, "power_cost": 20.239344384765626, "noise_cost": 26.450084337864336, "n_waypoints_completed": 0, "tot_waypoints": 9}}
{"target": -3182.128266709577, "params": {"k_pid_pos": [1.8704774379730225, 0.02565789222717285, 0.04391929507255554], "k_pid_alt": [0.18121683597564697, 0.0, 1.0], "k_pid_att": [0.0, 9.847086906433105, 1.0], "k_pid_yaw": [0.5, 1e-06, 0.1], "k_pid_hsp": [0.47290074825286865, 1.0, 0.984714150428772], "k_pid_vsp": [24.471616744995117, 400.0, 386.8688659667969]}, "datetime": {"datetime": "2025-08-21 22:38:26", "elapsed": 50022.568841934204, "delta": 24.359101057052612}, "costs": {"total_cost": 3182.128266709577, "time_cost": 150, "final_distance_cost": 156.4180021522191, "oscillation_cost": 1255.2309306294937, "completition_cost": 1000.0, "overshoot_cost": 497.15559793272473, "power_cost": 30.31882340087891, "noise_cost": 93.00491259426046, "n_waypoints_completed": 0, "tot_waypoints": 9}}
{"target": -9811.116603820023, "params": {"k_pid_pos": [2.0, 0.0, 0.0], "k_pid_alt": [0.0, 0.029687821865081787, 0.9492040872573853], "k_pid_att": [0.40569007396698, 10.0, 1.0], "k_pid_yaw": [0.5, 1e-06, 0.1], "k_pid_hsp": [0.23902878165245056, 1.0, 1.0], "k_pid_vsp": [0.0, 380.8794860839844, 385.1973571777344]}, "datetime": {"datetime": "2025-08-21 22:38:52", "elapsed": 50049.330015420914, "delta": 26.761173486709595}, "costs": {"total_cost": 9811.116603820023, "time_cost": 150, "final_distance_cost": 2881.3679100689646, "oscillation_cost": 2087.0449600153847, "completition_cost": 1000.0, "overshoot_cost": 3558.193934093302, "power_cost": 33.683159570312505, "noise_cost": 100.82664007205928, "n_waypoints_completed": 0, "tot_waypoints": 9}}
{"target": -6160.721159978232, "params": {"k_pid_pos": [1.9743517637252808, 0.09973254799842834, 0.0], "k_pid_alt": [0.0, 0.0, 0.9337149858474731], "k_pid_att": [0.0, 10.0, 0.968124270439148], "k_pid_yaw": [0.5, 1e-06, 0.1], "k_pid_hsp": [9.999999747378752e-05, 1.0, 0.9185946583747864], "k_pid_vsp": [2.714669704437256, 400.0, 400.0]}, "datetime": {"datetime": "2025-08-21 22:39:19", "elapsed": 50076.09388279915, "delta": 26.763867378234863}, "costs": {"total_cost": 6160.721159978232, "time_cost": 150, "final_distance_cost": 1313.2111219384208, "oscillation_cost": 931.4728607613522, "completition_cost": 1000.0, "overshoot_cost": 2678.9106277955043, "power_cost": 17.48291334228516, "noise_cost": 69.6436361406696, "n_waypoints_completed": 0, "tot_waypoints": 9}}
{"target": -5208.1017365571415, "params": {"k_pid_pos": [2.0, 0.047107309103012085, 0.021585673093795776], "k_pid_alt": [0.05579423904418945, 0.05946171283721924, 1.0], "k_pid_att": [0.0, 9.703657150268555, 1.0], "k_pid_yaw": [0.5, 1e-06, 0.1], "k_pid_hsp": [0.7965090274810791, 0.9574292302131653, 0.9564270377159119], "k_pid_vsp": [7.419407367706299, 375.8129577636719, 400.0]}, "datetime": {"datetime": "2025-08-21 22:39:48", "elapsed": 50104.93698310852, "delta": 28.84310030937195}, "costs": {"total_cost": 5208.1017365571415, "time_cost": 150, "final_distance_cost": 545.0057288504386, "oscillation_cost": 2055.5554229685267, "completition_cost": 1000.0, "overshoot_cost": 1324.6711437479191, "power_cost": 33.08285300292969, "noise_cost": 99.78658798732761, "n_waypoints_completed": 0, "tot_waypoints": 9}}
{"target": -2641.100661444674, "params": {"k_pid_pos": [2.0, 0.03882536292076111, 0.0], "k_pid_alt": [0.0792887806892395, 0.0, 1.0], "k_pid_att": [0.7408827543258667, 10.0, 0.9898664951324463], "k_pid_yaw": [0.5, 1e-06, 0.1], "k_pid_hsp": [0.24631091952323914, 0.974331259727478, 0.9926707148551941], "k_pid_vsp": [0.0, 400.0, 391.4318542480469]}, "datetime": {"datetime": "2025-08-21 22:40:14", "elapsed": 50130.65298867226, "delta": 25.716005563735962}, "costs": {"total_cost": 2641.100661444674, "time_cost": 150, "final_distance_cost": 183.49541446590283, "oscillation_cost": 926.2561600403764, "completition_cost": 1000.0, "overshoot_cost": 258.6652374391961, "power_cost": 30.41300157470703, "noise_cost": 92.27084792449186, "n_waypoints_completed": 0, "tot_waypoints": 9}}
{"target": -5131.177304397438, "params": {"k_pid_pos": [2.0, 0.011905819177627563, 0.024508029222488403], "k_pid_alt": [0.0702894926071167, 0.0, 0.985776424407959], "k_pid_att": [0.0, 9.505867004394531, 1.0], "k_pid_yaw": [0.5, 1e-06, 0.1], "k_pid_hsp": [9.999999747378752e-05, 0.9738070964813232, 1.0], "k_pid_vsp": [8.204364776611328, 400.0, 399.10638427734375]}, "datetime": {"datetime": "2025-08-21 22:40:47", "elapsed": 50164.257039785385, "delta": 33.60405111312866}, "costs": {"total_cost": 5131.177304397438, "time_cost": 150, "final_distance_cost": 636.4595856475636, "oscillation_cost": 1523.1314294375907, "completition_cost": 1000.0, "overshoot_cost": 1695.3497555524632, "power_cost": 31.08339802246094, "noise_cost": 95.15313573736027, "n_waypoints_completed": 0, "tot_waypoints": 9}}
{"target": -3762.619016499381, "params": {"k_pid_pos": [2.0, 0.0, 0.0], "k_pid_alt": [0.0, 0.0, 1.0], "k_pid_att": [0.0, 9.986503601074219, 0.9267827272415161], "k_pid_yaw": [0.5, 1e-06, 0.1], "k_pid_hsp": [9.999999747378752e-05, 1.0, 1.0], "k_pid_vsp": [4.481136798858643, 400.0, 400.0]}, "datetime": {"datetime": "2025-08-21 22:41:12", "elapsed": 50188.636226415634, "delta": 24.379186630249023}, "costs": {"total_cost": 3762.619016499381, "time_cost": 150, "final_distance_cost": 598.5875862134626, "oscillation_cost": 1003.3353473580072, "completition_cost": 1000.0, "overshoot_cost": 912.8893734028683, "power_cost": 20.91460030517578, "noise_cost": 76.89210921986638, "n_waypoints_completed": 0, "tot_waypoints": 9}}
{"target": -16465.655422343072, "params": {"k_pid_pos": [2.0, 0.0, 0.04269599914550781], "k_pid_alt": [0.01150202751159668, 0.04358980059623718, 0.9146475791931152], "k_pid_att": [0.0, 9.607049942016602, 0.9207258224487305], "k_pid_yaw": [0.5, 1e-06, 0.1], "k_pid_hsp": [0.2562039792537689, 0.9852607250213623, 0.9694336652755737], "k_pid_vsp": [17.23494529724121, 400.0, 400.0]}, "datetime": {"datetime": "2025-08-21 22:41:35", "elapsed": 50212.32266545296, "delta": 23.686439037322998}, "costs": {"total_cost": 16465.655422343072, "time_cost": 150, "final_distance_cost": 4778.38367373019, "oscillation_cost": 2195.577654266911, "completition_cost": 1000.0, "overshoot_cost": 8204.053487331155, "power_cost": 34.74459193115234, "noise_cost": 102.89601508366113, "n_waypoints_completed": 0, "tot_waypoints": 9}}
{"target": -5414.259786015737, "params": {"k_pid_pos": [2.0, 0.0, 0.05294695496559143], "k_pid_alt": [0.030063986778259277, 0.0, 1.0], "k_pid_att": [0.0, 10.0, 0.9189440011978149], "k_pid_yaw": [0.5, 1e-06, 0.1], "k_pid_hsp": [0.28988116979599, 1.0, 0.9948742389678955], "k_pid_vsp": [0.0, 382.9997863769531, 400.0]}, "datetime": {"datetime": "2025-08-21 22:42:00", "elapsed": 50237.160737514496, "delta": 24.838072061538696}, "costs": {"total_cost": 5414.259786015737, "time_cost": 150, "final_distance_cost": 889.598676927173, "oscillation_cost": 1624.059570658347, "completition_cost": 1000.0, "overshoot_cost": 1616.9616714803074, "power_cost": 33.28011273193359, "noise_cost": 100.35975421797471, "n_waypoints_completed": 0, "tot_waypoints": 9}}
{"target": -5317.159497993792, "params": {"k_pid_pos": [2.0, 0.028719007968902588, 0.0], "k_pid_alt": [0.0, 0.0, 1.0], "k_pid_att": [0.0, 9.740994453430176, 1.0], "k_pid_yaw": [0.5, 1e-06, 0.1], "k_pid_hsp": [0.006089610513299704, 0.9978457689285278, 0.9588122963905334], "k_pid_vsp": [3.419613838195801, 400.0, 370.4027099609375]}, "datetime": {"datetime": "2025-08-21 22:42:25", "elapsed": 50261.503264427185, "delta": 24.34252691268921}, "costs": {"total_cost": 5317.159497993792, "time_cost": 150, "final_distance_cost": 1012.4818238078852, "oscillation_cost": 1923.5939086829899, "completition_cost": 1000.0, "overshoot_cost": 1121.1346310294705, "power_cost": 24.57385106201172, "noise_cost": 85.37528341143476, "n_waypoints_completed": 0, "tot_waypoints": 9}}
{"target": -3915.796685243826, "params": {"k_pid_pos": [1.8651756048202515, 0.015973776578903198, 0.0], "k_pid_alt": [0.2559441328048706, 0.0, 0.9627885818481445], "k_pid_att": [0.0, 10.0, 1.0], "k_pid_yaw": [0.5, 1e-06, 0.1], "k_pid_hsp": [9.999999747378752e-05, 1.0, 0.9444311857223511], "k_pid_vsp": [0.0, 366.936767578125, 384.3289489746094]}, "datetime": {"datetime": "2025-08-21 22:42:48", "elapsed": 50284.49264717102, "delta": 22.98938274383545}, "costs": {"total_cost": 3915.796685243826, "time_cost": 150, "final_distance_cost": 463.09080778971907, "oscillation_cost": 1075.8325476086839, "completition_cost": 1000.0, "overshoot_cost": 1099.6564394919287, "power_cost": 31.60302567138672, "noise_cost": 95.61386468210712, "n_waypoints_completed": 0, "tot_waypoints": 9}}
{"target": -8692.321125249806, "params": {"k_pid_pos": [2.0, 0.0, 0.04262956976890564], "k_pid_alt": [0.06154912710189819, 0.0, 1.0], "k_pid_att": [0.0, 9.724882125854492, 1.0], "k_pid_yaw": [0.5, 1e-06, 0.1], "k_pid_hsp": [9.999999747378752e-05, 1.0, 1.0], "k_pid_vsp": [0.0, 382.4084777832031, 361.9224548339844]}, "datetime": {"datetime": "2025-08-21 22:43:12", "elapsed": 50308.66000699997, "delta": 24.167359828948975}, "costs": {"total_cost": 8692.321125249806, "time_cost": 150, "final_distance_cost": 2777.1084795331726, "oscillation_cost": 1902.7294315042013, "completition_cost": 1000.0, "overshoot_cost": 2730.499424063723, "power_cost": 33.08650828857422, "noise_cost": 98.89728186013556, "n_waypoints_completed": 0, "tot_waypoints": 9}}
