{"target": -5162.666251362624, "params": {"k_pid_pos": [2.0, 0.014484256505966187, 0.02260836958885193], "k_pid_alt": [0.0, 0.0, 1.0], "k_pid_att": [0.0, 9.954866409301758, 1.0], "k_pid_yaw": [0.5, 1e-06, 0.1], "k_pid_hsp": [9.999999747378752e-05, 1.0, 0.9773906469345093], "k_pid_vsp": [0.0, 387.69287109375, 400.0]}, "datetime": {"datetime": "2025-08-21 19:43:19", "elapsed": 39515.576320171356, "delta": 23.05354928970337}, "costs": {"total_cost": 5162.666251362624, "time_cost": 150, "final_distance_cost": 766.0702163406366, "oscillation_cost": 1235.1834314498255, "completition_cost": 1000.0, "overshoot_cost": 1916.1150912213525, "power_cost": 19.91712431640625, "noise_cost": 75.38038803440301, "n_waypoints_completed": 0, "tot_waypoints": 9}}
{"target": -1663.5516366332388, "params": {"k_pid_pos": [2.0, 0.0, 0.0], "k_pid_alt": [0.010643362998962402, 0.0, 1.0], "k_pid_att": [3.4751176834106445, 9.662177085876465, 0.9391776919364929], "k_pid_yaw": [0.5, 1e-06, 0.1], "k_pid_hsp": [9.999999747378752e-05, 1.0, 1.0], "k_pid_vsp": [12.128543853759766, 400.0, 400.0]}, "datetime": {"datetime": "2025-08-21 19:43:44", "elapsed": 39540.742995262146, "delta": 25.166675090789795}, "costs": {"total_cost": 1663.5516366332388, "time_cost": 150, "final_distance_cost": 14.723682664250264, "oscillation_cost": 319.6496376036176, "completition_cost": 1000.0, "overshoot_cost": 112.75368719372365, "power_cost": 21.723525146484377, "noise_cost": 44.70110402516308, "n_waypoints_completed": 0, "tot_waypoints": 9}}
{"target": -1716.1417124915574, "params": {"k_pid_pos": [2.0, 0.06464493274688721, 0.027395278215408325], "k_pid_alt": [0.009292781352996826, 0.0019618570804595947, 0.9744672775268555], "k_pid_att": [7.690519332885742, 10.0, 1.0], "k_pid_yaw": [0.5, 1e-06, 0.1], "k_pid_hsp": [9.999999747378752e-05, 1.0, 0.952639102935791], "k_pid_vsp": [1.4058828353881836, 400.0, 397.563232421875]}, "datetime": {"datetime": "2025-08-21 19:44:07", "elapsed": 39564.04615020752, "delta": 23.303154945373535}, "costs": {"total_cost": 1716.1417124915574, "time_cost": 150, "final_distance_cost": 163.37979137729553, "oscillation_cost": 237.48148460843146, "completition_cost": 1000.0, "overshoot_cost": 128.9759414071983, "power_cost": 19.421693579101564, "noise_cost": 16.882801519530666, "n_waypoints_completed": 0, "tot_waypoints": 9}}
{"target": -4910.105888259979, "params": {"k_pid_pos": [2.0, 0.0, 0.020145416259765625], "k_pid_alt": [0.0, 0.0, 0.9252877831459045], "k_pid_att": [0.7548302412033081, 9.617070198059082, 1.0], "k_pid_yaw": [0.5, 1e-06, 0.1], "k_pid_hsp": [0.400297075510025, 1.0, 0.9844124913215637], "k_pid_vsp": [0.0, 400.0, 389.6673583984375]}, "datetime": {"datetime": "2025-08-21 19:44:31", "elapsed": 39587.854254722595, "delta": 23.808104515075684}, "costs": {"total_cost": 4910.105888259979, "time_cost": 150, "final_distance_cost": 1082.2262788252358, "oscillation_cost": 1046.9149828575855, "completition_cost": 1000.0, "overshoot_cost": 1529.444630688262, "power_cost": 22.157780297851563, "noise_cost": 79.36221559104452, "n_waypoints_completed": 0, "tot_waypoints": 9}}
{"target": -3236.0510604296455, "params": {"k_pid_pos": [2.0, 0.01147913932800293, 0.0], "k_pid_alt": [0.011506378650665283, 0.0, 0.9584875702857971], "k_pid_att": [5.717611312866211, 8.914819717407227, 0.9274416565895081], "k_pid_yaw": [0.5, 1e-06, 0.1], "k_pid_hsp": [9.999999747378752e-05, 1.0, 0.95438551902771], "k_pid_vsp": [4.882168769836426, 394.8708190917969, 400.0]}, "datetime": {"datetime": "2025-08-21 19:44:55", "elapsed": 39612.45602965355, "delta": 24.60177493095398}, "costs": {"total_cost": 3236.0510604296455, "time_cost": 150, "final_distance_cost": 690.3943245661613, "oscillation_cost": 185.939739629213, "completition_cost": 1000.0, "overshoot_cost": 1165.2602948404108, "power_cost": 24.533451708984376, "noise_cost": 19.923249684875607, "n_waypoints_completed": 0, "tot_waypoints": 9}}
{"target": -5635.100815645016, "params": {"k_pid_pos": [2.0, 0.006209760904312134, 0.02888965606689453], "k_pid_alt": [0.03101128339767456, 0.09067761898040771, 0.9594588875770569], "k_pid_att": [0.0, 10.0, 1.0], "k_pid_yaw": [0.5, 1e-06, 0.1], "k_pid_hsp": [0.19232365489006042, 0.9904788732528687, 0.9569782018661499], "k_pid_vsp": [10.88503646850586, 329.70098876953125, 399.8806457519531]}, "datetime": {"datetime": "2025-08-21 19:45:19", "elapsed": 39635.70380163193, "delta": 23.247771978378296}, "costs": {"total_cost": 5635.100815645016, "time_cost": 150, "final_distance_cost": 1152.944545321533, "oscillation_cost": 2101.225314303396, "completition_cost": 1000.0, "overshoot_cost": 1095.2511961071177, "power_cost": 34.05072270507813, "noise_cost": 101.62903720789129, "n_waypoints_completed": 0, "tot_waypoints": 9}}
{"target": -4531.008586053197, "params": {"k_pid_pos": [2.0, 0.08634456992149353, 0.0], "k_pid_alt": [0.003598630428314209, 0.04132398962974548, 0.9732038974761963], "k_pid_att": [0.0, 9.079620361328125, 0.9859505891799927], "k_pid_yaw": [0.5, 1e-06, 0.1], "k_pid_hsp": [0.12009427696466446, 1.0, 0.96797776222229], "k_pid_vsp": [0.0, 383.420166015625, 390.5296325683594]}, "datetime": {"datetime": "2025-08-21 19:45:42", "elapsed": 39658.969314813614, "delta": 23.2655131816864}, "costs": {"total_cost": 4531.008586053197, "time_cost": 150, "final_distance_cost": 609.6229438076733, "oscillation_cost": 1378.22551324672, "completition_cost": 1000.0, "overshoot_cost": 1267.894793388119, "power_cost": 30.886564318847658, "noise_cost": 94.3787712918378, "n_waypoints_completed": 0, "tot_waypoints": 9}}
{"target": -3683.3190401934967, "params": {"k_pid_pos": [2.0, 0.0, 0.002621382474899292], "k_pid_alt": [0.0, 0.014163583517074585, 0.9942150115966797], "k_pid_att": [0.0, 10.0, 1.0], "k_pid_yaw": [0.5, 1e-06, 0.1], "k_pid_hsp": [9.999999747378752e-05, 1.0, 1.0], "k_pid_vsp": [0.0, 360.85577392578125, 400.0]}, "datetime": {"datetime": "2025-08-21 19:46:07", "elapsed": 39683.78618502617, "delta": 24.81687021255493}, "costs": {"total_cost": 3683.3190401934967, "time_cost": 150, "final_distance_cost": 304.0714483112209, "oscillation_cost": 1228.9929794121163, "completition_cost": 1000.0, "overshoot_cost": 873.6466810693402, "power_cost": 31.492898254394532, "noise_cost": 95.11503314642509, "n_waypoints_completed": 0, "tot_waypoints": 9}}
{"target": -14982.54093544621, "params": {"k_pid_pos": [2.0, 0.1063978374004364, 0.05277752876281738], "k_pid_alt": [0.12250751256942749, 0.0, 0.9376102685928345], "k_pid_att": [0.0, 10.0, 0.908686101436615], "k_pid_yaw": [0.5, 1e-06, 0.1], "k_pid_hsp": [9.999999747378752e-05, 0.976205587387085, 1.0], "k_pid_vsp": [0.0, 400.0, 400.0]}, "datetime": {"datetime": "2025-08-21 19:46:31", "elapsed": 39707.47745060921, "delta": 23.69126558303833}, "costs": {"total_cost": 14982.54093544621, "time_cost": 150, "final_distance_cost": 4675.448274884818, "oscillation_cost": 2164.0047205778324, "completition_cost": 1000.0, "overshoot_cost": 6856.2893450801375, "power_cost": 34.58748309326172, "noise_cost": 102.21111181015966, "n_waypoints_completed": 0, "tot_waypoints": 9}}
{"target": -6970.986407231529, "params": {"k_pid_pos": [1.829845905303955, 0.048094362020492554, 0.027303636074066162], "k_pid_alt": [0.0, 0.0, 0.9610286355018616], "k_pid_att": [0.0, 9.930684089660645, 0.9541337490081787], "k_pid_yaw": [0.5, 1e-06, 0.1], "k_pid_hsp": [9.999999747378752e-05, 0.9851943254470825, 1.0], "k_pid_vsp": [4.724538326263428, 400.0, 400.0]}, "datetime": {"datetime": "2025-08-21 19:46:54", "elapsed": 39730.976283073425, "delta": 23.49883246421814}, "costs": {"total_cost": 6970.986407231529, "time_cost": 150, "final_distance_cost": 1687.8092395629405, "oscillation_cost": 1648.1895412490987, "completition_cost": 1000.0, "overshoot_cost": 2372.8659223790605, "power_cost": 25.313098083496094, "noise_cost": 86.80860595693201, "n_waypoints_completed": 0, "tot_waypoints": 9}}
{"target": -1829.887373156871, "params": {"k_pid_pos": [1.9627044200897217, 0.05162295699119568, 0.05111625790596008], "k_pid_alt": [0.0, 0.01506119966506958, 0.990226149559021], "k_pid_att": [2.0631103515625, 10.0, 1.0], "k_pid_yaw": [0.5, 1e-06, 0.1], "k_pid_hsp": [0.014073573052883148, 1.0, 0.9346871376037598], "k_pid_vsp": [8.398378372192383, 384.31280517578125, 400.0]}, "datetime": {"datetime": "2025-08-21 19:47:18", "elapsed": 39755.27356886864, "delta": 24.297285795211792}, "costs": {"total_cost": 1829.887373156871, "time_cost": 150, "final_distance_cost": 6.322532032081015, "oscillation_cost": 415.3737779685797, "completition_cost": 1000.0, "overshoot_cost": 136.2759784135538, "power_cost": 30.51705303955078, "noise_cost": 91.3980317031057, "n_waypoints_completed": 0, "tot_waypoints": 9}}
{"target": -2111.4423529532583, "params": {"k_pid_pos": [2.0, 0.0, 0.027764081954956055], "k_pid_alt": [0.0, 0.0, 0.9743751287460327], "k_pid_att": [0.6702452898025513, 10.0, 1.0], "k_pid_yaw": [0.5, 1e-06, 0.1], "k_pid_hsp": [9.999999747378752e-05, 0.9004589319229126, 1.0], "k_pid_vsp": [2.460598945617676, 400.0, 400.0]}, "datetime": {"datetime": "2025-08-21 19:47:42", "elapsed": 39778.81222176552, "delta": 23.538652896881104}, "costs": {"total_cost": 2111.4423529532583, "time_cost": 150, "final_distance_cost": 65.3975813850466, "oscillation_cost": 577.0579575047565, "completition_cost": 1000.0, "overshoot_cost": 238.31731970804995, "power_cost": 15.274692919921876, "noise_cost": 65.39480143548366, "n_waypoints_completed": 0, "tot_waypoints": 9}}
{"target": -21474.867981162522, "params": {"k_pid_pos": [1.948453664779663, 0.11570084095001221, 0.02229192852973938], "k_pid_alt": [0.0, 0.0, 0.999694287776947], "k_pid_att": [0.0, 10.0, 1.0], "k_pid_yaw": [0.5, 1e-06, 0.1], "k_pid_hsp": [9.999999747378752e-05, 1.0, 0.9704523086547852], "k_pid_vsp": [0.7399797439575195, 400.0, 400.0]}, "datetime": {"datetime": "2025-08-21 19:48:05", "elapsed": 39802.085888147354, "delta": 23.273666381835938}, "costs": {"total_cost": 21474.867981162522, "time_cost": 150, "final_distance_cost": 6498.192600966478, "oscillation_cost": 2280.86565056247, "completition_cost": 1000.0, "overshoot_cost": 11419.114397367239, "power_cost": 30.280264196777345, "noise_cost": 96.41506806955977, "n_waypoints_completed": 0, "tot_waypoints": 9}}
{"target": -7265.010868863992, "params": {"k_pid_pos": [2.0, 0.0, 0.0], "k_pid_alt": [0.0, 0.0, 1.0], "k_pid_att": [0.0, 9.220887184143066, 1.0], "k_pid_yaw": [0.5, 1e-06, 0.1], "k_pid_hsp": [0.628692626953125, 1.0, 0.917786717414856], "k_pid_vsp": [0.0, 393.5874938964844, 379.9908142089844]}, "datetime": {"datetime": "2025-08-21 19:48:29", "elapsed": 39826.09092545509, "delta": 24.005037307739258}, "costs": {"total_cost": 7265.010868863992, "time_cost": 150, "final_distance_cost": 1490.0174377257445, "oscillation_cost": 2125.1608928416103, "completition_cost": 1000.0, "overshoot_cost": 2379.8015593247883, "power_cost": 27.476558728027346, "noise_cost": 92.55442024382228, "n_waypoints_completed": 0, "tot_waypoints": 9}}
{"target": -1739.94362113446, "params": {"k_pid_pos": [2.0, 0.17506319284439087, 0.0], "k_pid_alt": [0.0, 0.06475701928138733, 0.977321982383728], "k_pid_att": [12.551337242126465, 9.661308288574219, 0.9586013555526733], "k_pid_yaw": [0.5, 1e-06, 0.1], "k_pid_hsp": [9.999999747378752e-05, 1.0, 1.0], "k_pid_vsp": [26.009523391723633, 388.7509460449219, 400.0]}, "datetime": {"datetime": "2025-08-21 19:48:52", "elapsed": 39848.99200749397, "delta": 22.901082038879395}, "costs": {"total_cost": 1739.94362113446, "time_cost": 150, "final_distance_cost": 2.5490919657199673, "oscillation_cost": 339.3389187777582, "completition_cost": 1000.0, "overshoot_cost": 203.81411699520737, "power_cost": 20.052320739746094, "noise_cost": 24.189172656028312, "n_waypoints_completed": 0, "tot_waypoints": 9}}
{"target": -5808.776279836806, "params": {"k_pid_pos": [1.9328738451004028, 0.0, 0.05665498971939087], "k_pid_alt": [0.0, 0.026522189378738403, 1.0], "k_pid_att": [0.0, 9.65857982635498, 0.946843147277832], "k_pid_yaw": [0.5, 1e-06, 0.1], "k_pid_hsp": [9.999999747378752e-05, 1.0, 0.9830272197723389], "k_pid_vsp": [0.0, 385.0225524902344, 356.3737487792969]}, "datetime": {"datetime": "2025-08-21 19:49:17", "elapsed": 39873.56849193573, "delta": 24.576484441757202}, "costs": {"total_cost": 5808.776279836806, "time_cost": 150, "final_distance_cost": 896.7828358146428, "oscillation_cost": 2219.312356538634, "completition_cost": 1000.0, "overshoot_cost": 1454.960694096571, "power_cost": 27.475298071289064, "noise_cost": 60.2450953156697, "n_waypoints_completed": 0, "tot_waypoints": 9}}
{"target": -3431.8939732892254, "params": {"k_pid_pos": [1.880125880241394, 0.0, 0.010645627975463867], "k_pid_alt": [0.04777097702026367, 0.0, 1.0], "k_pid_att": [0.20198523998260498, 9.791390419006348, 0.9541256427764893], "k_pid_yaw": [0.5, 1e-06, 0.1], "k_pid_hsp": [0.5408559441566467, 0.9579958915710449, 1.0], "k_pid_vsp": [15.897393226623535, 400.0, 378.5675964355469]}, "datetime": {"datetime": "2025-08-21 19:49:40", "elapsed": 39896.952493429184, "delta": 23.38400149345398}, "costs": {"total_cost": 3431.8939732892254, "time_cost": 150, "final_distance_cost": 475.52836349248224, "oscillation_cost": 1006.7280794914055, "completition_cost": 1000.0, "overshoot_cost": 676.4500538675953, "power_cost": 30.283880078125, "noise_cost": 92.90359635961731, "n_waypoints_completed": 0, "tot_waypoints": 9}}
{"target": -10352.629832460181, "params": {"k_pid_pos": [1.9095699787139893, 0.03251445293426514, 0.045273154973983765], "k_pid_alt": [0.04364830255508423, 0.0, 1.0], "k_pid_att": [0.0, 9.582919120788574, 0.9210129380226135], "k_pid_yaw": [0.5, 1e-06, 0.1], "k_pid_hsp": [0.16541928052902222, 1.0, 0.9309239387512207], "k_pid_vsp": [1.162421703338623, 394.6967468261719, 379.6981201171875]}, "datetime": {"datetime": "2025-08-21 19:50:04", "elapsed": 39920.83876180649, "delta": 23.886268377304077}, "costs": {"total_cost": 10352.629832460181, "time_cost": 150, "final_distance_cost": 3288.7074081409683, "oscillation_cost": 2145.9058382118037, "completition_cost": 1000.0, "overshoot_cost": 3629.799568031132, "power_cost": 34.84305262451172, "noise_cost": 103.3739654517651, "n_waypoints_completed": 0, "tot_waypoints": 9}}
{"target": -17749.084685828217, "params": {"k_pid_pos": [1.902788519859314, 0.0, 0.0], "k_pid_alt": [0.0, 0.07026785612106323, 1.0], "k_pid_att": [0.0, 9.449158668518066, 0.9952737092971802], "k_pid_yaw": [0.5, 1e-06, 0.1], "k_pid_hsp": [0.11335782706737518, 0.9672411680221558, 0.9419467449188232], "k_pid_vsp": [0.0, 400.0, 400.0]}, "datetime": {"datetime": "2025-08-21 19:50:28", "elapsed": 39945.2284514904, "delta": 24.389689683914185}, "costs": {"total_cost": 17749.084685828217, "time_cost": 150, "final_distance_cost": 5554.675432069829, "oscillation_cost": 2153.7862791829066, "completition_cost": 1000.0, "overshoot_cost": 8755.305734291884, "power_cost": 34.00312429199219, "noise_cost": 101.31411599160892, "n_waypoints_completed": 0, "tot_waypoints": 9}}
{"target": -4416.217966951, "params": {"k_pid_pos": [1.992306113243103, 0.0, 0.0], "k_pid_alt": [0.0, 0.0, 1.0], "k_pid_att": [0.0, 9.38012409210205, 0.9492930769920349], "k_pid_yaw": [0.5, 1e-06, 0.1], "k_pid_hsp": [0.1941278725862503, 1.0, 0.9899994730949402], "k_pid_vsp": [0.0, 398.85357666015625, 400.0]}, "datetime": {"datetime": "2025-08-21 19:50:51", "elapsed": 39968.24184536934, "delta": 23.013393878936768}, "costs": {"total_cost": 4416.217966951, "time_cost": 150, "final_distance_cost": 468.3753846613866, "oscillation_cost": 1302.9980764631218, "completition_cost": 1000.0, "overshoot_cost": 1378.617474050047, "power_cost": 26.754925073242187, "noise_cost": 89.47210670320248, "n_waypoints_completed": 0, "tot_waypoints": 9}}
{"target": -2391.3763128313444, "params": {"k_pid_pos": [2.0, 0.09125030040740967, 0.0], "k_pid_alt": [0.0, 0.0, 0.8523209691047668], "k_pid_att": [1.092362403869629, 10.0, 1.0], "k_pid_yaw": [0.5, 1e-06, 0.1], "k_pid_hsp": [9.999999747378752e-05, 0.9690566062927246, 0.9137970209121704], "k_pid_vsp": [7.34628438949585, 395.5873718261719, 400.0]}, "datetime": {"datetime": "2025-08-21 19:51:16", "elapsed": 39992.70342922211, "delta": 24.461583852767944}, "costs": {"total_cost": 2391.3763128313444, "time_cost": 150, "final_distance_cost": 143.70805388999756, "oscillation_cost": 697.7352377285341, "completition_cost": 1000.0, "overshoot_cost": 285.3827044952349, "power_cost": 28.806675122070313, "noise_cost": 85.74364159550763, "n_waypoints_completed": 0, "tot_waypoints": 9}}
{"target": -8725.53284004182, "params": {"k_pid_pos": [2.0, 0.0, 0.02201634645462036], "k_pid_alt": [0.0, 0.08641943335533142, 0.9712382555007935], "k_pid_att": [0.0, 10.0, 0.9853987693786621], "k_pid_yaw": [0.5, 1e-06, 0.1], "k_pid_hsp": [9.999999747378752e-05, 1.0, 0.980494499206543], "k_pid_vsp": [0.0, 373.25634765625, 353.605224609375]}, "datetime": {"datetime": "2025-08-21 19:51:42", "elapsed": 40018.7759783268, "delta": 26.07254910469055}, "costs": {"total_cost": 8725.53284004182, "time_cost": 150, "final_distance_cost": 2545.622274425201, "oscillation_cost": 682.6626515711565, "completition_cost": 1000.0, "overshoot_cost": 4220.524903360529, "power_cost": 31.97344874267578, "noise_cost": 94.74956194225966, "n_waypoints_completed": 0, "tot_waypoints": 9}}
{"target": -4994.791201886051, "params": {"k_pid_pos": [1.9617280960083008, 0.009769588708877563, 0.014106571674346924], "k_pid_alt": [0.1909170150756836, 0.004397749900817871, 0.9973700642585754], "k_pid_att": [0.0, 10.0, 0.9177944660186768], "k_pid_yaw": [0.5, 1e-06, 0.1], "k_pid_hsp": [9.999999747378752e-05, 1.0, 1.0], "k_pid_vsp": [8.725500106811523, 380.30810546875, 400.0]}, "datetime": {"datetime": "2025-08-21 19:52:05", "elapsed": 40042.1948492527, "delta": 23.41887092590332}, "costs": {"total_cost": 4994.791201886051, "time_cost": 150, "final_distance_cost": 591.2922049128911, "oscillation_cost": 2097.6887335548327, "completition_cost": 1000.0, "overshoot_cost": 1025.024984379313, "power_cost": 32.572682043457036, "noise_cost": 98.21259699555667, "n_waypoints_completed": 0, "tot_waypoints": 9}}
{"target": -5737.258918241969, "params": {"k_pid_pos": [1.8843637704849243, 0.0, 0.0], "k_pid_alt": [0.0, 0.0, 0.8984460830688477], "k_pid_att": [5.910315990447998, 9.214035034179688, 0.9483140707015991], "k_pid_yaw": [0.5, 1e-06, 0.1], "k_pid_hsp": [0.047546014189720154, 0.9590963125228882, 0.9648241996765137], "k_pid_vsp": [0.0, 400.0, 391.1612548828125]}, "datetime": {"datetime": "2025-08-21 19:52:30", "elapsed": 40066.614703178406, "delta": 24.419853925704956}, "costs": {"total_cost": 5737.258918241969, "time_cost": 150, "final_distance_cost": 1554.0547434458363, "oscillation_cost": 195.54913296567767, "completition_cost": 1000.0, "overshoot_cost": 2805.528614360277, "power_cost": 16.957891699218752, "noise_cost": 15.16853577095921, "n_waypoints_completed": 0, "tot_waypoints": 9}}
{"target": -6940.455857911689, "params": {"k_pid_pos": [2.0, 0.07941579818725586, 0.08807623386383057], "k_pid_alt": [0.0, 0.08522695302963257, 1.0], "k_pid_att": [0.0, 9.578874588012695, 0.9806356430053711], "k_pid_yaw": [0.5, 1e-06, 0.1], "k_pid_hsp": [9.999999747378752e-05, 1.0, 1.0], "k_pid_vsp": [0.0, 400.0, 400.0]}, "datetime": {"datetime": "2025-08-21 19:52:52", "elapsed": 40089.416415691376, "delta": 22.80171251296997}, "costs": {"total_cost": 6940.455857911689, "time_cost": 150, "final_distance_cost": 1469.484363137883, "oscillation_cost": 1648.5245172042623, "completition_cost": 1000.0, "overshoot_cost": 2538.473918480095, "power_cost": 33.71294104003906, "noise_cost": 100.26011804940944, "n_waypoints_completed": 0, "tot_waypoints": 9}}
{"target": -3186.3275681422965, "params": {"k_pid_pos": [1.9368515014648438, 0.0, 0.0], "k_pid_alt": [0.17882072925567627, 0.0, 1.0], "k_pid_att": [0.0, 10.0, 1.0], "k_pid_yaw": [0.5, 1e-06, 0.1], "k_pid_hsp": [9.999999747378752e-05, 0.9612047672271729, 0.922660231590271], "k_pid_vsp": [15.445363998413086, 377.1236572265625, 375.8788146972656]}, "datetime": {"datetime": "2025-08-21 19:53:18", "elapsed": 40114.59557032585, "delta": 25.179154634475708}, "costs": {"total_cost": 3186.3275681422965, "time_cost": 150, "final_distance_cost": 285.1291133781448, "oscillation_cost": 1069.8664302486145, "completition_cost": 1000.0, "overshoot_cost": 553.5169647222401, "power_cost": 31.95315329589844, "noise_cost": 95.86190649739865, "n_waypoints_completed": 0, "tot_waypoints": 9}}
{"target": -3372.6265242770037, "params": {"k_pid_pos": [2.0, 0.0, 0.09856319427490234], "k_pid_alt": [0.043061137199401855, 0.004979372024536133, 0.9524496793746948], "k_pid_att": [0.0, 9.425864219665527, 0.9698503017425537], "k_pid_yaw": [0.5, 1e-06, 0.1], "k_pid_hsp": [0.2131478190422058, 1.0, 0.8926264047622681], "k_pid_vsp": [26.253032684326172, 378.66522216796875, 400.0]}, "datetime": {"datetime": "2025-08-21 19:53:42", "elapsed": 40139.356055021286, "delta": 24.76048469543457}, "costs": {"total_cost": 3372.6265242770037, "time_cost": 150, "final_distance_cost": 231.27315416110451, "oscillation_cost": 1441.6401893368034, "completition_cost": 1000.0, "overshoot_cost": 423.4402089790962, "power_cost": 31.16717136230469, "noise_cost": 95.1058004376957, "n_waypoints_completed": 0, "tot_waypoints": 9}}
{"target": -8367.729629179323, "params": {"k_pid_pos": [1.8086965084075928, 0.0, 0.0], "k_pid_alt": [0.0, 0.031195759773254395, 0.9871927499771118], "k_pid_att": [0.0, 10.0, 1.0], "k_pid_yaw": [0.5, 1e-06, 0.1], "k_pid_hsp": [0.3059343099594116, 1.0, 0.9687097072601318], "k_pid_vsp": [0.0, 400.0, 400.0]}, "datetime": {"datetime": "2025-08-21 19:54:05", "elapsed": 40162.30008602142, "delta": 22.94403100013733}, "costs": {"total_cost": 8367.729629179323, "time_cost": 150, "final_distance_cost": 789.8867091881085, "oscillation_cost": 2059.6295673582076, "completition_cost": 1000.0, "overshoot_cost": 4231.652578373847, "power_cost": 34.34394946289063, "noise_cost": 102.21682479626982, "n_waypoints_completed": 0, "tot_waypoints": 9}}
