{"target": -3758.3968837494285, "params": {"k_pid_pos": [2.0, 0.06051367521286011, 0.013007134199142456], "k_pid_alt": [0.03093433380126953, 0.01849779486656189, 1.0], "k_pid_att": [0.0, 9.56430721282959, 0.9563735127449036], "k_pid_yaw": [0.5, 1e-06, 0.1], "k_pid_hsp": [9.999999747378752e-05, 1.0, 0.9255491495132446], "k_pid_vsp": [0.0, 396.7312927246094, 368.34674072265625]}, "datetime": {"datetime": "2025-08-21 12:07:39", "elapsed": 12175.858306407928, "delta": 23.379112482070923}, "costs": {"total_cost": 3758.3968837494285, "time_cost": 150, "final_distance_cost": 341.2480013545559, "oscillation_cost": 1744.0839710153832, "completition_cost": 1000.0, "overshoot_cost": 386.84745039573625, "power_cost": 34.30672498779297, "noise_cost": 101.91073599595966, "n_waypoints_completed": 0, "tot_waypoints": 9}}
{"target": -2091.5790420735084, "params": {"k_pid_pos": [2.0, 0.015317142009735107, 0.020079106092453003], "k_pid_alt": [0.0, 0.022235214710235596, 0.997646689414978], "k_pid_att": [1.9957572221755981, 9.40104866027832, 1.0], "k_pid_yaw": [0.5, 1e-06, 0.1], "k_pid_hsp": [9.999999747378752e-05, 1.0, 0.9754806756973267], "k_pid_vsp": [0.0, 400.0, 365.6859436035156]}, "datetime": {"datetime": "2025-08-21 12:08:02", "elapsed": 12198.992100000381, "delta": 23.133793592453003}, "costs": {"total_cost": 2091.5790420735084, "time_cost": 150, "final_distance_cost": 96.92300583328498, "oscillation_cost": 439.56595915255235, "completition_cost": 1000.0, "overshoot_cost": 288.84442651721736, "power_cost": 28.89276247558594, "noise_cost": 87.35288809486768, "n_waypoints_completed": 0, "tot_waypoints": 9}}
{"target": -2426.821099898858, "params": {"k_pid_pos": [1.8928290605545044, 0.0, 0.03146606683731079], "k_pid_alt": [0.08229696750640869, 0.01883143186569214, 1.0], "k_pid_att": [8.461999893188477, 10.0, 0.9648165106773376], "k_pid_yaw": [0.5, 1e-06, 0.1], "k_pid_hsp": [0.1030251681804657, 0.9984011650085449, 0.9922950267791748], "k_pid_vsp": [0.0, 400.0, 393.42230224609375]}, "datetime": {"datetime": "2025-08-21 12:08:25", "elapsed": 12221.745907068253, "delta": 22.753807067871094}, "costs": {"total_cost": 2426.821099898858, "time_cost": 150, "final_distance_cost": 436.90093588358644, "oscillation_cost": 244.538002409279, "completition_cost": 1000.0, "overshoot_cost": 555.1634474348357, "power_cost": 22.575523486328127, "noise_cost": 17.643190684828483, "n_waypoints_completed": 0, "tot_waypoints": 9}}
{"target": -8371.189651718812, "params": {"k_pid_pos": [2.0, 0.0, 0.0], "k_pid_alt": [0.0, 0.01153978705406189, 1.0], "k_pid_att": [0.0, 10.0, 0.9809693098068237], "k_pid_yaw": [0.5, 1e-06, 0.1], "k_pid_hsp": [9.999999747378752e-05, 0.9872613549232483, 1.0], "k_pid_vsp": [0.0, 391.43658447265625, 353.33465576171875]}, "datetime": {"datetime": "2025-08-21 12:08:48", "elapsed": 12244.877870082855, "delta": 23.13196301460266}, "costs": {"total_cost": 8371.189651718812, "time_cost": 150, "final_distance_cost": 2262.359955513147, "oscillation_cost": 697.8522518883191, "completition_cost": 1000.0, "overshoot_cost": 4139.185305351533, "power_cost": 30.738495227050784, "noise_cost": 91.05364373876108, "n_waypoints_completed": 0, "tot_waypoints": 9}}
{"target": -4047.572458694678, "params": {"k_pid_pos": [2.0, 0.04677501320838928, 0.003236919641494751], "k_pid_alt": [0.0, 0.0, 1.0], "k_pid_att": [0.07474720478057861, 10.0, 1.0], "k_pid_yaw": [0.5, 1e-06, 0.1], "k_pid_hsp": [9.999999747378752e-05, 0.9560591578483582, 0.9472458362579346], "k_pid_vsp": [6.477832794189453, 370.4996337890625, 385.2662658691406]}, "datetime": {"datetime": "2025-08-21 12:09:11", "elapsed": 12267.736293792725, "delta": 22.858423709869385}, "costs": {"total_cost": 4047.572458694678, "time_cost": 150, "final_distance_cost": 690.1946981355737, "oscillation_cost": 826.8891466301974, "completition_cost": 1000.0, "overshoot_cost": 1286.1186301550883, "power_cost": 19.750253076171877, "noise_cost": 74.6197306976467, "n_waypoints_completed": 0, "tot_waypoints": 9}}
{"target": -3237.7462011098337, "params": {"k_pid_pos": [1.8437737226486206, 0.031836092472076416, 0.02679741382598877], "k_pid_alt": [0.0, 0.06915560364723206, 1.0], "k_pid_att": [0.6253302097320557, 9.696261405944824, 1.0], "k_pid_yaw": [0.5, 1e-06, 0.1], "k_pid_hsp": [9.999999747378752e-05, 1.0, 0.9216617345809937], "k_pid_vsp": [11.473358154296875, 400.0, 369.28887939453125]}, "datetime": {"datetime": "2025-08-21 12:09:34", "elapsed": 12290.916445493698, "delta": 23.18015170097351}, "costs": {"total_cost": 3237.7462011098337, "time_cost": 150, "final_distance_cost": 319.0418808849923, "oscillation_cost": 1266.7217553434575, "completition_cost": 1000.0, "overshoot_cost": 379.9178606800956, "power_cost": 30.516921008300784, "noise_cost": 91.54778319298757, "n_waypoints_completed": 0, "tot_waypoints": 9}}
{"target": -4947.731690690867, "params": {"k_pid_pos": [1.89372718334198, 0.0078029632568359375, 0.08566427230834961], "k_pid_alt": [0.08129888772964478, 0.0, 1.0], "k_pid_att": [0.0, 9.593531608581543, 1.0], "k_pid_yaw": [0.5, 1e-06, 0.1], "k_pid_hsp": [0.18794573843479156, 0.9728479981422424, 0.9824005365371704], "k_pid_vsp": [1.9077301025390625, 400.0, 400.0]}, "datetime": {"datetime": "2025-08-21 12:09:57", "elapsed": 12314.371695041656, "delta": 23.455249547958374}, "costs": {"total_cost": 4947.731690690867, "time_cost": 150, "final_distance_cost": 567.171606149462, "oscillation_cost": 1685.1862923456802, "completition_cost": 1000.0, "overshoot_cost": 1409.053389153038, "power_cost": 34.102529895019536, "noise_cost": 102.21787314766658, "n_waypoints_completed": 0, "tot_waypoints": 9}}
{"target": -4804.856905071794, "params": {"k_pid_pos": [2.0, 0.0061449408531188965, 0.0], "k_pid_alt": [0.006829440593719482, 0.0, 1.0], "k_pid_att": [0.0, 9.472411155700684, 0.9109954833984375], "k_pid_yaw": [0.5, 1e-06, 0.1], "k_pid_hsp": [0.8619062900543213, 0.9845251441001892, 0.9192804098129272], "k_pid_vsp": [18.40829849243164, 376.5003662109375, 382.3269348144531]}, "datetime": {"datetime": "2025-08-21 12:10:20", "elapsed": 12337.104475736618, "delta": 22.732780694961548}, "costs": {"total_cost": 4804.856905071794, "time_cost": 150, "final_distance_cost": 652.2231022890745, "oscillation_cost": 1416.1328076515238, "completition_cost": 1000.0, "overshoot_cost": 1457.6600899818218, "power_cost": 31.92016407470703, "noise_cost": 96.92074107466722, "n_waypoints_completed": 0, "tot_waypoints": 9}}
{"target": -9487.605880295218, "params": {"k_pid_pos": [1.934342861175537, 0.0758737325668335, 0.0], "k_pid_alt": [0.06712859869003296, 0.0, 0.9767223596572876], "k_pid_att": [0.0, 9.842872619628906, 0.981501579284668], "k_pid_yaw": [0.5, 1e-06, 0.1], "k_pid_hsp": [9.999999747378752e-05, 1.0, 0.9482667446136475], "k_pid_vsp": [14.065896987915039, 400.0, 399.4651794433594]}, "datetime": {"datetime": "2025-08-21 12:10:43", "elapsed": 12359.918568134308, "delta": 22.81409239768982}, "costs": {"total_cost": 9487.605880295218, "time_cost": 150, "final_distance_cost": 2155.082806814469, "oscillation_cost": 1105.289357193272, "completition_cost": 1000.0, "overshoot_cost": 4951.397119671437, "power_cost": 31.330664624023438, "noise_cost": 94.50593199201425, "n_waypoints_completed": 0, "tot_waypoints": 9}}
{"target": -9464.837896661069, "params": {"k_pid_pos": [2.0, 0.0, 0.03438478708267212], "k_pid_alt": [0.0, 0.0, 0.9606363773345947], "k_pid_att": [0.0, 10.0, 0.9629164338111877], "k_pid_yaw": [0.5, 1e-06, 0.1], "k_pid_hsp": [9.999999747378752e-05, 1.0, 1.0], "k_pid_vsp": [40.794063568115234, 394.12591552734375, 376.4068298339844]}, "datetime": {"datetime": "2025-08-21 12:11:06", "elapsed": 12382.682223320007, "delta": 22.763655185699463}, "costs": {"total_cost": 9464.837896661069, "time_cost": 150, "final_distance_cost": 2585.0565455255964, "oscillation_cost": 702.2944458580413, "completition_cost": 1000.0, "overshoot_cost": 4939.760890871923, "power_cost": 18.17774259033203, "noise_cost": 69.54827181517446, "n_waypoints_completed": 0, "tot_waypoints": 9}}
{"target": -2160.6316033066814, "params": {"k_pid_pos": [1.8041541576385498, 0.0, 0.03373470902442932], "k_pid_alt": [0.0, 0.0, 0.9666992425918579], "k_pid_att": [0.8611142635345459, 9.923988342285156, 0.9589551687240601], "k_pid_yaw": [0.5, 1e-06, 0.1], "k_pid_hsp": [0.24376045167446136, 0.9706405401229858, 1.0], "k_pid_vsp": [0.0, 387.82086181640625, 385.62139892578125]}, "datetime": {"datetime": "2025-08-21 12:11:29", "elapsed": 12405.79050397873, "delta": 23.108280658721924}, "costs": {"total_cost": 2160.6316033066814, "time_cost": 150, "final_distance_cost": 113.28167294092121, "oscillation_cost": 621.2038738010514, "completition_cost": 1000.0, "overshoot_cost": 192.41395640821258, "power_cost": 16.18797908935547, "noise_cost": 67.54412106714103, "n_waypoints_completed": 0, "tot_waypoints": 9}}
{"target": -2008.1039953824745, "params": {"k_pid_pos": [2.0, 0.0, 0.025664210319519043], "k_pid_alt": [0.011809885501861572, 0.012418657541275024, 0.9646410942077637], "k_pid_att": [2.377715587615967, 9.85507869720459, 1.0], "k_pid_yaw": [0.5, 1e-06, 0.1], "k_pid_hsp": [9.999999747378752e-05, 0.9919936656951904, 1.0], "k_pid_vsp": [11.574041366577148, 400.0, 373.7640380859375]}, "datetime": {"datetime": "2025-08-21 12:11:51", "elapsed": 12428.38688659668, "delta": 22.59638261795044}, "costs": {"total_cost": 2008.1039953824745, "time_cost": 150, "final_distance_cost": 93.95542703816221, "oscillation_cost": 383.6886488362613, "completition_cost": 1000.0, "overshoot_cost": 284.31170197857614, "power_cost": 25.786149633789062, "noise_cost": 70.36206789568591, "n_waypoints_completed": 0, "tot_waypoints": 9}}
{"target": -14173.365533415656, "params": {"k_pid_pos": [2.0, 0.0, 0.07547754049301147], "k_pid_alt": [0.12714803218841553, 0.0, 0.9378147125244141], "k_pid_att": [0.0, 9.756841659545898, 1.0], "k_pid_yaw": [0.5, 1e-06, 0.1], "k_pid_hsp": [0.46025514602661133, 1.0, 0.9165955781936646], "k_pid_vsp": [11.673009872436523, 400.0, 400.0]}, "datetime": {"datetime": "2025-08-21 12:12:14", "elapsed": 12451.287238836288, "delta": 22.900352239608765}, "costs": {"total_cost": 14173.365533415656, "time_cost": 150, "final_distance_cost": 3919.444188767524, "oscillation_cost": 2091.866449254588, "completition_cost": 1000.0, "overshoot_cost": 6873.11907074176, "power_cost": 35.10689665527344, "noise_cost": 103.82892799650799, "n_waypoints_completed": 0, "tot_waypoints": 9}}
{"target": -2293.4172522365147, "params": {"k_pid_pos": [2.0, 0.0, 0.0035663843154907227], "k_pid_alt": [0.15473824739456177, 0.001560598611831665, 1.0], "k_pid_att": [1.9637584686279297, 10.0, 1.0], "k_pid_yaw": [0.5, 1e-06, 0.1], "k_pid_hsp": [9.999999747378752e-05, 0.931530237197876, 0.9489874839782715], "k_pid_vsp": [15.97796630859375, 400.0, 368.1543884277344]}, "datetime": {"datetime": "2025-08-21 12:12:38", "elapsed": 12474.628903865814, "delta": 23.341665029525757}, "costs": {"total_cost": 2293.4172522365147, "time_cost": 150, "final_distance_cost": 149.64183474355667, "oscillation_cost": 459.25240460666555, "completition_cost": 1000.0, "overshoot_cost": 413.38493382240216, "power_cost": 30.248802978515627, "noise_cost": 90.8892760853752, "n_waypoints_completed": 0, "tot_waypoints": 9}}
{"target": -2242.0776821054014, "params": {"k_pid_pos": [1.8820823431015015, 0.0624997615814209, 0.0], "k_pid_alt": [0.0, 0.0, 0.9677667021751404], "k_pid_att": [5.1396636962890625, 9.680415153503418, 1.0], "k_pid_yaw": [0.5, 1e-06, 0.1], "k_pid_hsp": [0.28039786219596863, 1.0, 0.9614022970199585], "k_pid_vsp": [0.0, 400.0, 386.29058837890625]}, "datetime": {"datetime": "2025-08-21 12:13:00", "elapsed": 12497.22821354866, "delta": 22.59930968284607}, "costs": {"total_cost": 2242.0776821054014, "time_cost": 150, "final_distance_cost": 523.282022537738, "oscillation_cost": 191.48098621699123, "completition_cost": 888.8888888888888, "overshoot_cost": 440.3662746548374, "power_cost": 19.50227706298828, "noise_cost": 28.557232743957023, "n_waypoints_completed": 1, "tot_waypoints": 9}}
{"target": -1824.0716930306987, "params": {"k_pid_pos": [2.0, 0.0, 0.04391378164291382], "k_pid_alt": [0.0, 0.0, 0.8390108346939087], "k_pid_att": [16.825298309326172, 10.0, 1.0], "k_pid_yaw": [0.5, 1e-06, 0.1], "k_pid_hsp": [0.2494189590215683, 1.0, 1.0], "k_pid_vsp": [0.0, 400.0, 375.09161376953125]}, "datetime": {"datetime": "2025-08-21 12:13:23", "elapsed": 12520.202110290527, "delta": 22.973896741867065}, "costs": {"total_cost": 1824.0716930306987, "time_cost": 150, "final_distance_cost": 185.8252264791133, "oscillation_cost": 291.8803835129005, "completition_cost": 888.8888888888888, "overshoot_cost": 260.53524828693537, "power_cost": 22.919202868652345, "noise_cost": 24.022742994208333, "n_waypoints_completed": 1, "tot_waypoints": 9}}
{"target": -11138.21489880599, "params": {"k_pid_pos": [2.0, 0.07221230864524841, 0.0], "k_pid_alt": [0.0, 0.0, 1.0], "k_pid_att": [0.0, 10.0, 1.0], "k_pid_yaw": [0.5, 1e-06, 0.1], "k_pid_hsp": [0.0951562374830246, 1.0, 1.0], "k_pid_vsp": [30.758453369140625, 357.55560302734375, 400.0]}, "datetime": {"datetime": "2025-08-21 12:13:46", "elapsed": 12543.285946846008, "delta": 23.083836555480957}, "costs": {"total_cost": 11138.21489880599, "time_cost": 150, "final_distance_cost": 3308.0771332853615, "oscillation_cost": 1426.7418066198172, "completition_cost": 1000.0, "overshoot_cost": 5127.988520904385, "power_cost": 29.8415416015625, "noise_cost": 95.56589639486357, "n_waypoints_completed": 0, "tot_waypoints": 9}}
{"target": -1800.7057841360338, "params": {"k_pid_pos": [1.8328607082366943, 0.0, 0.0], "k_pid_alt": [0.0, 0.0, 1.0], "k_pid_att": [3.383505344390869, 9.605984687805176, 1.0], "k_pid_yaw": [0.5, 1e-06, 0.1], "k_pid_hsp": [9.999999747378752e-05, 1.0, 0.9610795974731445], "k_pid_vsp": [0.0, 386.25982666015625, 400.0]}, "datetime": {"datetime": "2025-08-21 12:14:09", "elapsed": 12566.233138799667, "delta": 22.947191953659058}, "costs": {"total_cost": 1800.7057841360338, "time_cost": 150, "final_distance_cost": 44.410801964392874, "oscillation_cost": 296.5888812014958, "completition_cost": 1000.0, "overshoot_cost": 235.98822782315128, "power_cost": 13.252850012207032, "noise_cost": 60.465023134786826, "n_waypoints_completed": 0, "tot_waypoints": 9}}
{"target": -5499.635827384971, "params": {"k_pid_pos": [1.9908360242843628, 0.01729583740234375, 0.0], "k_pid_alt": [0.0, 0.0, 1.0], "k_pid_att": [0.6037980318069458, 10.0, 0.990784764289856], "k_pid_yaw": [0.5, 1e-06, 0.1], "k_pid_hsp": [9.999999747378752e-05, 1.0, 1.0], "k_pid_vsp": [0.0, 382.57135009765625, 400.0]}, "datetime": {"datetime": "2025-08-21 12:14:32", "elapsed": 12589.392751216888, "delta": 23.15961241722107}, "costs": {"total_cost": 5499.635827384971, "time_cost": 150, "final_distance_cost": 1363.144910934112, "oscillation_cost": 598.5521069803885, "completition_cost": 1000.0, "overshoot_cost": 2306.4361322109935, "power_cost": 15.480141589355469, "noise_cost": 66.02253567012197, "n_waypoints_completed": 0, "tot_waypoints": 9}}
{"target": -1786.8977752788828, "params": {"k_pid_pos": [1.850618600845337, 0.0, 0.0], "k_pid_alt": [0.0, 0.024707019329071045, 1.0], "k_pid_att": [3.533262014389038, 9.706107139587402, 1.0], "k_pid_yaw": [0.5, 1e-06, 0.1], "k_pid_hsp": [9.999999747378752e-05, 0.9562332034111023, 0.9889943599700928], "k_pid_vsp": [25.5612850189209, 400.0, 400.0]}, "datetime": {"datetime": "2025-08-21 12:14:56", "elapsed": 12612.679846048355, "delta": 23.287094831466675}, "costs": {"total_cost": 1786.8977752788828, "time_cost": 150, "final_distance_cost": 49.901344079214134, "oscillation_cost": 218.544088813318, "completition_cost": 1000.0, "overshoot_cost": 325.32323686011813, "power_cost": 20.381617333984376, "noise_cost": 22.74748819224809, "n_waypoints_completed": 0, "tot_waypoints": 9}}
{"target": -1823.6916406533633, "params": {"k_pid_pos": [1.9115805625915527, 0.008263379335403442, 0.04598316550254822], "k_pid_alt": [0.0, 0.021256864070892334, 1.0], "k_pid_att": [3.182786703109741, 10.0, 0.8546862006187439], "k_pid_yaw": [0.5, 1e-06, 0.1], "k_pid_hsp": [0.47008058428764343, 0.9858611226081848, 0.9632858633995056], "k_pid_vsp": [0.0, 400.0, 380.5361633300781]}, "datetime": {"datetime": "2025-08-21 12:15:18", "elapsed": 12635.350160598755, "delta": 22.67031455039978}, "costs": {"total_cost": 1823.6916406533633, "time_cost": 150, "final_distance_cost": 17.49358408447407, "oscillation_cost": 322.8496067379772, "completition_cost": 1000.0, "overshoot_cost": 259.3484363542256, "power_cost": 19.25723913574219, "noise_cost": 54.74277434094427, "n_waypoints_completed": 0, "tot_waypoints": 9}}
{"target": -1751.1785694201358, "params": {"k_pid_pos": [1.9486021995544434, 0.0, 0.0731881856918335], "k_pid_alt": [0.0, 0.0, 0.9269413948059082], "k_pid_att": [4.33046817779541, 10.0, 0.9582265615463257], "k_pid_yaw": [0.5, 1e-06, 0.1], "k_pid_hsp": [9.999999747378752e-05, 0.9937558174133301, 0.9921773672103882], "k_pid_vsp": [44.67997741699219, 373.3060302734375, 400.0]}, "datetime": {"datetime": "2025-08-21 12:15:41", "elapsed": 12658.340362071991, "delta": 22.990201473236084}, "costs": {"total_cost": 1751.1785694201358, "time_cost": 150, "final_distance_cost": 17.406329341523396, "oscillation_cost": 290.71138600265124, "completition_cost": 1000.0, "overshoot_cost": 223.72325378424284, "power_cost": 12.076015295410157, "noise_cost": 57.261584996308294, "n_waypoints_completed": 0, "tot_waypoints": 9}}
{"target": -2288.7136610174343, "params": {"k_pid_pos": [2.0, 0.10427367687225342, 0.0], "k_pid_alt": [0.05318933725357056, 0.0, 0.9406002759933472], "k_pid_att": [0.6690293550491333, 9.195404052734375, 1.0], "k_pid_yaw": [0.5, 1e-06, 0.1], "k_pid_hsp": [9.999999747378752e-05, 0.9043017625808716, 1.0], "k_pid_vsp": [0.0, 400.0, 396.0020446777344]}, "datetime": {"datetime": "2025-08-21 12:16:05", "elapsed": 12682.326038837433, "delta": 23.985676765441895}, "costs": {"total_cost": 2288.7136610174343, "time_cost": 150, "final_distance_cost": 167.71527966344343, "oscillation_cost": 554.2835600767694, "completition_cost": 1000.0, "overshoot_cost": 298.0935700796851, "power_cost": 29.914403259277346, "noise_cost": 88.70684793825937, "n_waypoints_completed": 0, "tot_waypoints": 9}}
{"target": -2035.368269666581, "params": {"k_pid_pos": [1.8445113897323608, 0.014272421598434448, 0.0], "k_pid_alt": [0.01339268684387207, 0.01815551519393921, 0.9329760670661926], "k_pid_att": [1.3013869524002075, 9.695948600769043, 0.9754765033721924], "k_pid_yaw": [0.5, 1e-06, 0.1], "k_pid_hsp": [0.19616006314754486, 1.0, 1.0], "k_pid_vsp": [18.078088760375977, 392.110107421875, 391.2013854980469]}, "datetime": {"datetime": "2025-08-21 12:16:28", "elapsed": 12705.229787111282, "delta": 22.903748273849487}, "costs": {"total_cost": 2035.368269666581, "time_cost": 150, "final_distance_cost": 24.114119661185942, "oscillation_cost": 591.6123643067572, "completition_cost": 1000.0, "overshoot_cost": 143.07215837292827, "power_cost": 31.845884216308594, "noise_cost": 94.72374310940111, "n_waypoints_completed": 0, "tot_waypoints": 9}}
{"target": -6471.791014453337, "params": {"k_pid_pos": [2.0, 0.020782113075256348, 0.08058404922485352], "k_pid_alt": [0.0, 0.05020850896835327, 1.0], "k_pid_att": [0.0, 8.931462287902832, 1.0], "k_pid_yaw": [0.5, 1e-06, 0.1], "k_pid_hsp": [0.19639013707637787, 0.9647011160850525, 0.9468348622322083], "k_pid_vsp": [20.96947479248047, 400.0, 400.0]}, "datetime": {"datetime": "2025-08-21 12:16:51", "elapsed": 12728.422296524048, "delta": 23.192509412765503}, "costs": {"total_cost": 6471.791014453337, "time_cost": 150, "final_distance_cost": 547.6017965982466, "oscillation_cost": 2271.6108606933585, "completition_cost": 1000.0, "overshoot_cost": 2364.7429034078746, "power_cost": 34.749960742187504, "noise_cost": 103.08549301166939, "n_waypoints_completed": 0, "tot_waypoints": 9}}
{"target": -2085.945575236399, "params": {"k_pid_pos": [2.0, 0.007502257823944092, 0.0], "k_pid_alt": [0.019767284393310547, 0.08782681822776794, 1.0], "k_pid_att": [1.8725305795669556, 10.0, 0.9857962727546692], "k_pid_yaw": [0.5, 1e-06, 0.1], "k_pid_hsp": [0.03138229250907898, 0.9939417839050293, 1.0], "k_pid_vsp": [0.0, 400.0, 392.9947814941406]}, "datetime": {"datetime": "2025-08-21 12:17:15", "elapsed": 12751.610463380814, "delta": 23.188166856765747}, "costs": {"total_cost": 2085.945575236399, "time_cost": 150, "final_distance_cost": 65.66406878632262, "oscillation_cost": 486.08050829291636, "completition_cost": 1000.0, "overshoot_cost": 267.41945946052516, "power_cost": 28.989867980957033, "noise_cost": 87.79167071567737, "n_waypoints_completed": 0, "tot_waypoints": 9}}
{"target": -4165.654245733567, "params": {"k_pid_pos": [2.0, 0.0, 0.0], "k_pid_alt": [0.0, 0.0, 0.9748387932777405], "k_pid_att": [8.724823951721191, 9.550116539001465, 0.9179917573928833], "k_pid_yaw": [0.5, 1e-06, 0.1], "k_pid_hsp": [9.999999747378752e-05, 0.9499551057815552, 0.9518321752548218], "k_pid_vsp": [15.297245979309082, 400.0, 400.0]}, "datetime": {"datetime": "2025-08-21 12:17:38", "elapsed": 12774.683932304382, "delta": 23.073468923568726}, "costs": {"total_cost": 4165.654245733567, "time_cost": 150, "final_distance_cost": 921.0981294182907, "oscillation_cost": 232.96464920216818, "completition_cost": 1000.0, "overshoot_cost": 1832.2886042350153, "power_cost": 15.932450341796876, "noise_cost": 13.370412536296278, "n_waypoints_completed": 0, "tot_waypoints": 9}}
