{"target": -1737.1026123726474, "params": {"k_pid_pos": [2.0, 0.0, 0.0], "k_pid_alt": [0.0, 0.0, 0.9771813154220581], "k_pid_att": [6.648755073547363, 9.770411491394043, 0.9185799360275269], "k_pid_yaw": [0.5, 1e-06, 0.1], "k_pid_hsp": [9.999999747378752e-05, 0.9448444247245789, 1.0], "k_pid_vsp": [16.767168045043945, 400.0, 395.6844787597656]}, "datetime": {"datetime": "2025-08-21 23:28:07", "elapsed": 53003.94631934166, "delta": 24.99138832092285}, "costs": {"total_cost": 1737.1026123726474, "time_cost": 150, "final_distance_cost": 164.54991167833305, "oscillation_cost": 215.96961806420427, "completition_cost": 1000.0, "overshoot_cost": 153.37306846666058, "power_cost": 16.021508435058596, "noise_cost": 37.188505728391, "n_waypoints_completed": 0, "tot_waypoints": 9}}
{"target": -5110.516561392513, "params": {"k_pid_pos": [1.9599984884262085, 0.04165688157081604, 0.0], "k_pid_alt": [0.016673743724822998, 0.0, 0.8576897382736206], "k_pid_att": [8.943975448608398, 10.0, 1.0], "k_pid_yaw": [0.5, 1e-06, 0.1], "k_pid_hsp": [0.3202309310436249, 0.9726460576057434, 0.9560887813568115], "k_pid_vsp": [2.7471423149108887, 400.0, 400.0]}, "datetime": {"datetime": "2025-08-21 23:28:30", "elapsed": 53027.35175848007, "delta": 23.405439138412476}, "costs": {"total_cost": 5110.516561392513, "time_cost": 150, "final_distance_cost": 1522.1764446059321, "oscillation_cost": 236.3346803189521, "completition_cost": 1000.0, "overshoot_cost": 2173.4707077813605, "power_cost": 15.753616247558595, "noise_cost": 12.781112438708556, "n_waypoints_completed": 0, "tot_waypoints": 9}}
{"target": -1993.821226082555, "params": {"k_pid_pos": [1.9516644477844238, 0.04201260209083557, 0.051896750926971436], "k_pid_alt": [0.0, 0.0, 0.9625718593597412], "k_pid_att": [1.273462176322937, 10.0, 1.0], "k_pid_yaw": [0.5, 1e-06, 0.1], "k_pid_hsp": [0.5884831547737122, 0.9489553570747375, 1.0], "k_pid_vsp": [0.0, 393.92425537109375, 400.0]}, "datetime": {"datetime": "2025-08-21 23:28:55", "elapsed": 53051.55277681351, "delta": 24.20101833343506}, "costs": {"total_cost": 1993.821226082555, "time_cost": 150, "final_distance_cost": 13.034900639124716, "oscillation_cost": 606.453949361903, "completition_cost": 1000.0, "overshoot_cost": 139.56950644948907, "power_cost": 16.565749291992187, "noise_cost": 68.19712034004611, "n_waypoints_completed": 0, "tot_waypoints": 9}}
{"target": -3272.9524529537753, "params": {"k_pid_pos": [2.0, 0.0, 0.018236368894577026], "k_pid_alt": [0.0, 0.03111433982849121, 1.0], "k_pid_att": [0.0, 10.0, 0.9574885368347168], "k_pid_yaw": [0.5, 1e-06, 0.1], "k_pid_hsp": [9.999999747378752e-05, 1.0, 1.0], "k_pid_vsp": [0.0, 400.0, 379.6949462890625]}, "datetime": {"datetime": "2025-08-21 23:29:19", "elapsed": 53075.498502492905, "delta": 23.945725679397583}, "costs": {"total_cost": 3272.9524529537753, "time_cost": 150, "final_distance_cost": 252.45628666778435, "oscillation_cost": 1262.2396050552181, "completition_cost": 1000.0, "overshoot_cost": 482.7267037887039, "power_cost": 31.161916564941407, "noise_cost": 94.36794087712771, "n_waypoints_completed": 0, "tot_waypoints": 9}}
{"target": -4182.623731881781, "params": {"k_pid_pos": [1.9410041570663452, 0.022570937871932983, 0.09415912628173828], "k_pid_alt": [0.03557264804840088, 0.0, 1.0], "k_pid_att": [0.0, 9.459236145019531, 0.9952382445335388], "k_pid_yaw": [0.5, 1e-06, 0.1], "k_pid_hsp": [9.999999747378752e-05, 1.0, 1.0], "k_pid_vsp": [39.77348709106445, 400.0, 400.0]}, "datetime": {"datetime": "2025-08-21 23:29:44", "elapsed": 53100.87485218048, "delta": 25.376349687576294}, "costs": {"total_cost": 4182.623731881781, "time_cost": 150, "final_distance_cost": 532.6756505582541, "oscillation_cost": 1308.0908087018688, "completition_cost": 1000.0, "overshoot_cost": 1067.311466281358, "power_cost": 30.785560778808595, "noise_cost": 93.7602455614911, "n_waypoints_completed": 0, "tot_waypoints": 9}}
{"target": -4131.484570666395, "params": {"k_pid_pos": [2.0, 0.05278274416923523, 0.036526232957839966], "k_pid_alt": [0.0, 0.00018295645713806152, 1.0], "k_pid_att": [0.0, 9.187308311462402, 0.9781543016433716], "k_pid_yaw": [0.5, 1e-06, 0.1], "k_pid_hsp": [0.141510009765625, 0.9476736783981323, 1.0], "k_pid_vsp": [0.0, 400.0, 378.0012512207031]}, "datetime": {"datetime": "2025-08-21 23:30:07", "elapsed": 53124.37787055969, "delta": 23.503018379211426}, "costs": {"total_cost": 4131.484570666395, "time_cost": 150, "final_distance_cost": 186.21593356320363, "oscillation_cost": 1945.1163100039025, "completition_cost": 1000.0, "overshoot_cost": 722.6856481725449, "power_cost": 31.29288037109375, "noise_cost": 96.17379855564955, "n_waypoints_completed": 0, "tot_waypoints": 9}}
{"target": -2070.0459105766686, "params": {"k_pid_pos": [1.8494868278503418, 0.0, 0.0], "k_pid_alt": [0.10319721698760986, 0.0, 0.9592980742454529], "k_pid_att": [2.1992623805999756, 10.0, 1.0], "k_pid_yaw": [0.5, 1e-06, 0.1], "k_pid_hsp": [0.09085431694984436, 1.0, 1.0], "k_pid_vsp": [28.691232681274414, 400.0, 400.0]}, "datetime": {"datetime": "2025-08-21 23:30:32", "elapsed": 53149.25398230553, "delta": 24.87611174583435}, "costs": {"total_cost": 2070.0459105766686, "time_cost": 150, "final_distance_cost": 91.23897377964455, "oscillation_cost": 419.1590017146547, "completition_cost": 1000.0, "overshoot_cost": 297.1749605339196, "power_cost": 27.831211657714846, "noise_cost": 84.64176289073468, "n_waypoints_completed": 0, "tot_waypoints": 9}}
{"target": -13230.735624689954, "params": {"k_pid_pos": [1.9454795122146606, 0.0, 0.0], "k_pid_alt": [0.0, 0.0, 0.9339924454689026], "k_pid_att": [0.0, 9.613058090209961, 0.9807237982749939], "k_pid_yaw": [0.5, 1e-06, 0.1], "k_pid_hsp": [0.36561018228530884, 0.9867643117904663, 0.944561779499054], "k_pid_vsp": [0.0, 400.0, 400.0]}, "datetime": {"datetime": "2025-08-21 23:30:55", "elapsed": 53172.4068915844, "delta": 23.15290927886963}, "costs": {"total_cost": 13230.735624689954, "time_cost": 150, "final_distance_cost": 4353.8223244503715, "oscillation_cost": 2154.8176287429424, "completition_cost": 1000.0, "overshoot_cost": 5454.31760266552, "power_cost": 27.109799536132815, "noise_cost": 90.66826929498909, "n_waypoints_completed": 0, "tot_waypoints": 9}}
{"target": -5956.169640034519, "params": {"k_pid_pos": [2.0, 0.0, 0.0], "k_pid_alt": [0.14053034782409668, 0.0, 0.9339324831962585], "k_pid_att": [0.0, 9.837597846984863, 1.0], "k_pid_yaw": [0.5, 1e-06, 0.1], "k_pid_hsp": [9.999999747378752e-05, 0.8918319940567017, 0.9849475622177124], "k_pid_vsp": [0.0, 379.66119384765625, 400.0]}, "datetime": {"datetime": "2025-08-21 23:31:22", "elapsed": 53198.631529808044, "delta": 26.22463822364807}, "costs": {"total_cost": 5956.169640034519, "time_cost": 150, "final_distance_cost": 1191.0153674286366, "oscillation_cost": 1849.199074084919, "completition_cost": 1000.0, "overshoot_cost": 1632.6591876652353, "power_cost": 33.29976627197266, "noise_cost": 99.9962445837559, "n_waypoints_completed": 0, "tot_waypoints": 9}}
{"target": -3746.9186039905726, "params": {"k_pid_pos": [2.0, 0.030969440937042236, 0.0], "k_pid_alt": [0.0, 0.0, 1.0], "k_pid_att": [0.0, 9.833089828491211, 0.9602944850921631], "k_pid_yaw": [0.5, 1e-06, 0.1], "k_pid_hsp": [0.31883174180984497, 1.0, 1.0], "k_pid_vsp": [0.0, 400.0, 397.3905944824219]}, "datetime": {"datetime": "2025-08-21 23:31:45", "elapsed": 53221.76387143135, "delta": 23.132341623306274}, "costs": {"total_cost": 3746.9186039905726, "time_cost": 150, "final_distance_cost": 443.27707438793135, "oscillation_cost": 1008.0931455430873, "completition_cost": 1000.0, "overshoot_cost": 1047.7143882985952, "power_cost": 20.65013426513672, "noise_cost": 77.18386149582194, "n_waypoints_completed": 0, "tot_waypoints": 9}}
{"target": -4683.7123888044425, "params": {"k_pid_pos": [2.0, 0.038685619831085205, 0.08816412091255188], "k_pid_alt": [0.04560256004333496, 0.0, 1.0], "k_pid_att": [0.0, 9.736828804016113, 0.9815322160720825], "k_pid_yaw": [0.5, 1e-06, 0.1], "k_pid_hsp": [9.999999747378752e-05, 0.9669395685195923, 0.9987925887107849], "k_pid_vsp": [0.0, 394.9427795410156, 393.91375732421875]}, "datetime": {"datetime": "2025-08-21 23:32:09", "elapsed": 53246.29832792282, "delta": 24.534456491470337}, "costs": {"total_cost": 4683.7123888044425, "time_cost": 150, "final_distance_cost": 781.7114552590186, "oscillation_cost": 1029.1218422760678, "completition_cost": 1000.0, "overshoot_cost": 1594.1886030427165, "power_cost": 31.977147717285156, "noise_cost": 96.71334050935482, "n_waypoints_completed": 0, "tot_waypoints": 9}}
{"target": -18598.436519698767, "params": {"k_pid_pos": [2.0, 0.0, 0.0], "k_pid_alt": [0.0, 0.011430084705352783, 1.0], "k_pid_att": [0.0, 9.435982704162598, 1.0], "k_pid_yaw": [0.5, 1e-06, 0.1], "k_pid_hsp": [9.999999747378752e-05, 1.0, 0.8870723247528076], "k_pid_vsp": [0.0, 400.0, 400.0]}, "datetime": {"datetime": "2025-08-21 23:32:32", "elapsed": 53269.04315543175, "delta": 22.74482750892639}, "costs": {"total_cost": 18598.436519698767, "time_cost": 150, "final_distance_cost": 6153.340794270376, "oscillation_cost": 1556.680122245568, "completition_cost": 1000.0, "overshoot_cost": 9604.654404719626, "power_cost": 33.53642556152344, "noise_cost": 100.224772901676, "n_waypoints_completed": 0, "tot_waypoints": 9}}
{"target": -1792.7216422743727, "params": {"k_pid_pos": [1.9650965929031372, 0.08387139439582825, 0.0013638138771057129], "k_pid_alt": [0.0, 0.0, 0.9666260480880737], "k_pid_att": [5.3540825843811035, 10.0, 1.0], "k_pid_yaw": [0.5, 1e-06, 0.1], "k_pid_hsp": [9.999999747378752e-05, 1.0, 1.0], "k_pid_vsp": [0.0, 400.0, 388.8755798339844]}, "datetime": {"datetime": "2025-08-21 23:33:04", "elapsed": 53300.547976017, "delta": 31.504820585250854}, "costs": {"total_cost": 1792.7216422743727, "time_cost": 150, "final_distance_cost": 127.059876927063, "oscillation_cost": 226.92009494188926, "completition_cost": 1000.0, "overshoot_cost": 240.25859462955714, "power_cost": 20.91690106201172, "noise_cost": 27.566174713851627, "n_waypoints_completed": 0, "tot_waypoints": 9}}
{"target": -1695.6379732997943, "params": {"k_pid_pos": [1.8798246383666992, 0.11121007800102234, 0.0], "k_pid_alt": [0.031034409999847412, 0.05514064431190491, 1.0], "k_pid_att": [10.961752891540527, 10.0, 0.9354904890060425], "k_pid_yaw": [0.5, 1e-06, 0.1], "k_pid_hsp": [1.030339241027832, 1.0, 0.9978945851325989], "k_pid_vsp": [0.0, 400.0, 400.0]}, "datetime": {"datetime": "2025-08-21 23:33:32", "elapsed": 53329.294164180756, "delta": 28.746188163757324}, "costs": {"total_cost": 1695.6379732997943, "time_cost": 150, "final_distance_cost": 3.845840147598011, "oscillation_cost": 325.03813956420396, "completition_cost": 1000.0, "overshoot_cost": 136.18113235372937, "power_cost": 18.638529943847658, "noise_cost": 61.93433129041508, "n_waypoints_completed": 0, "tot_waypoints": 9}}
{"target": -1797.1967564831052, "params": {"k_pid_pos": [2.0, 0.0, 0.03588494658470154], "k_pid_alt": [0.12964463233947754, 0.05506452918052673, 1.0], "k_pid_att": [2.308189868927002, 9.771417617797852, 0.9716117978096008], "k_pid_yaw": [0.5, 1e-06, 0.1], "k_pid_hsp": [0.26262930035591125, 1.0, 1.0], "k_pid_vsp": [0.0, 398.14886474609375, 383.2128601074219]}, "datetime": {"datetime": "2025-08-21 23:33:56", "elapsed": 53353.110334157944, "delta": 23.81616997718811}, "costs": {"total_cost": 1797.1967564831052, "time_cost": 150, "final_distance_cost": 3.7145367361177395, "oscillation_cost": 399.5133281651397, "completition_cost": 1000.0, "overshoot_cost": 135.4078201679623, "power_cost": 27.720439624023438, "noise_cost": 80.84063178986239, "n_waypoints_completed": 0, "tot_waypoints": 9}}
{"target": -2427.4052896733338, "params": {"k_pid_pos": [1.9378890991210938, 0.010498881340026855, 0.0014098882675170898], "k_pid_alt": [0.020025193691253662, 0.02170225977897644, 1.0], "k_pid_att": [4.992270469665527, 10.0, 1.0], "k_pid_yaw": [0.5, 1e-06, 0.1], "k_pid_hsp": [9.999999747378752e-05, 0.9700959920883179, 0.9540672898292542], "k_pid_vsp": [0.0, 400.0, 400.0]}, "datetime": {"datetime": "2025-08-21 23:34:21", "elapsed": 53378.103481292725, "delta": 24.993147134780884}, "costs": {"total_cost": 2427.4052896733338, "time_cost": 150, "final_distance_cost": 400.98217713264506, "oscillation_cost": 248.8996068899075, "completition_cost": 1000.0, "overshoot_cost": 597.2316609393898, "power_cost": 15.865180444335937, "noise_cost": 14.426664267055099, "n_waypoints_completed": 0, "tot_waypoints": 9}}
{"target": -3178.57877955418, "params": {"k_pid_pos": [2.0, 0.019554078578948975, 0.0], "k_pid_alt": [0.0, 0.08563819527626038, 1.0], "k_pid_att": [7.873523235321045, 9.260885238647461, 1.0], "k_pid_yaw": [0.5, 1e-06, 0.1], "k_pid_hsp": [9.999999747378752e-05, 1.0, 0.9756518602371216], "k_pid_vsp": [0.0, 380.3912658691406, 387.1125793457031]}, "datetime": {"datetime": "2025-08-21 23:34:44", "elapsed": 53400.81042218208, "delta": 22.70694088935852}, "costs": {"total_cost": 3178.57877955418, "time_cost": 150, "final_distance_cost": 604.1496794152598, "oscillation_cost": 197.19210316663393, "completition_cost": 1000.0, "overshoot_cost": 1196.3788386554256, "power_cost": 17.405495349121093, "noise_cost": 13.452662967739855, "n_waypoints_completed": 0, "tot_waypoints": 9}}
{"target": -2168.7026943770957, "params": {"k_pid_pos": [1.9592632055282593, 0.0, 0.0428088903427124], "k_pid_alt": [0.0, 0.0, 1.0], "k_pid_att": [1.6240566968917847, 10.0, 0.9591114521026611], "k_pid_yaw": [0.5, 1e-06, 0.1], "k_pid_hsp": [9.999999747378752e-05, 0.9809831976890564, 0.9629666805267334], "k_pid_vsp": [11.147272109985352, 400.0, 377.8165588378906]}, "datetime": {"datetime": "2025-08-21 23:35:09", "elapsed": 53425.577300071716, "delta": 24.76687788963318}, "costs": {"total_cost": 2168.7026943770957, "time_cost": 150, "final_distance_cost": 75.71959772529094, "oscillation_cost": 548.5403963895654, "completition_cost": 1000.0, "overshoot_cost": 311.12253257667754, "power_cost": 16.032738146972658, "noise_cost": 67.28742953858861, "n_waypoints_completed": 0, "tot_waypoints": 9}}
{"target": -4038.095053615294, "params": {"k_pid_pos": [2.0, 0.02806118130683899, 0.03930079936981201], "k_pid_alt": [0.0, 0.06262686848640442, 1.0], "k_pid_att": [0.6523787975311279, 9.358795166015625, 1.0], "k_pid_yaw": [0.5, 1e-06, 0.1], "k_pid_hsp": [0.4423900246620178, 0.9733918309211731, 0.9782309532165527], "k_pid_vsp": [0.0, 400.0, 400.0]}, "datetime": {"datetime": "2025-08-21 23:35:31", "elapsed": 53447.90843939781, "delta": 22.33113932609558}, "costs": {"total_cost": 4038.095053615294, "time_cost": 150, "final_distance_cost": 1127.7534760596566, "oscillation_cost": 593.5448299974272, "completition_cost": 1000.0, "overshoot_cost": 1047.8979587137594, "power_cost": 29.841453906250003, "noise_cost": 89.05733493820085, "n_waypoints_completed": 0, "tot_waypoints": 9}}
{"target": -1918.4121351515273, "params": {"k_pid_pos": [1.8244290351867676, 0.042235493659973145, 0.0214385986328125], "k_pid_alt": [0.12343913316726685, 0.0, 0.9735875129699707], "k_pid_att": [3.6883771419525146, 10.0, 1.0], "k_pid_yaw": [0.5, 1e-06, 0.1], "k_pid_hsp": [9.999999747378752e-05, 0.9612584114074707, 1.0], "k_pid_vsp": [8.270025253295898, 400.0, 389.2383117675781]}, "datetime": {"datetime": "2025-08-21 23:35:55", "elapsed": 53472.178208589554, "delta": 24.269769191741943}, "costs": {"total_cost": 1918.4121351515273, "time_cost": 150, "final_distance_cost": 219.4508342825029, "oscillation_cost": 250.04218120384832, "completition_cost": 1000.0, "overshoot_cost": 228.03073559235415, "power_cost": 19.61491337890625, "noise_cost": 51.27347069391571, "n_waypoints_completed": 0, "tot_waypoints": 9}}
{"target": -13810.065128211416, "params": {"k_pid_pos": [2.0, 0.009996294975280762, 0.05988892912864685], "k_pid_alt": [0.0, 0.0, 1.0], "k_pid_att": [0.0, 9.748677253723145, 1.0], "k_pid_yaw": [0.5, 1e-06, 0.1], "k_pid_hsp": [0.0515827015042305, 0.9738233089447021, 0.9373884201049805], "k_pid_vsp": [35.10732650756836, 375.67010498046875, 400.0]}, "datetime": {"datetime": "2025-08-21 23:36:19", "elapsed": 53496.435794353485, "delta": 24.257585763931274}, "costs": {"total_cost": 13810.065128211416, "time_cost": 150, "final_distance_cost": 4568.81020136849, "oscillation_cost": 2048.5477006315687, "completition_cost": 1000.0, "overshoot_cost": 5924.8816774537245, "power_cost": 27.080397705078127, "noise_cost": 90.74515105255252, "n_waypoints_completed": 0, "tot_waypoints": 9}}
{"target": -7024.860398463084, "params": {"k_pid_pos": [1.9350491762161255, 0.03843545913696289, 0.002836674451828003], "k_pid_alt": [0.04199010133743286, 0.0, 0.9996191263198853], "k_pid_att": [0.0, 10.0, 0.9658153057098389], "k_pid_yaw": [0.5, 1e-06, 0.1], "k_pid_hsp": [9.999999747378752e-05, 0.9894934892654419, 0.996338427066803], "k_pid_vsp": [0.0, 385.4613037109375, 388.5047912597656]}, "datetime": {"datetime": "2025-08-21 23:36:43", "elapsed": 53520.13759613037, "delta": 23.701801776885986}, "costs": {"total_cost": 7024.860398463084, "time_cost": 150, "final_distance_cost": 1750.5113142689656, "oscillation_cost": 694.9623451188623, "completition_cost": 1000.0, "overshoot_cost": 3308.964487986583, "power_cost": 30.198532519531252, "noise_cost": 90.22371856914214, "n_waypoints_completed": 0, "tot_waypoints": 9}}
{"target": -4130.5621278930175, "params": {"k_pid_pos": [2.0, 0.0, 0.0], "k_pid_alt": [0.02349221706390381, 0.07422500848770142, 0.9576233625411987], "k_pid_att": [0.0, 9.976364135742188, 0.9039828777313232], "k_pid_yaw": [0.5, 1e-06, 0.1], "k_pid_hsp": [0.09705910086631775, 0.9860391616821289, 0.9824399948120117], "k_pid_vsp": [0.0, 391.3601989746094, 377.1195983886719]}, "datetime": {"datetime": "2025-08-21 23:37:08", "elapsed": 53544.50567340851, "delta": 24.368077278137207}, "costs": {"total_cost": 4130.5621278930175, "time_cost": 150, "final_distance_cost": 290.3448448128156, "oscillation_cost": 1899.5330312514443, "completition_cost": 1000.0, "overshoot_cost": 659.1304018955894, "power_cost": 32.709220275878906, "noise_cost": 98.84462965728952, "n_waypoints_completed": 0, "tot_waypoints": 9}}
{"target": -1789.607488705485, "params": {"k_pid_pos": [2.0, 0.0, 0.06738519668579102], "k_pid_alt": [0.05143535137176514, 0.0, 1.0], "k_pid_att": [3.185704231262207, 10.0, 1.0], "k_pid_yaw": [0.5, 1e-06, 0.1], "k_pid_hsp": [1.0287580490112305, 0.9563412666320801, 0.9939945936203003], "k_pid_vsp": [0.0, 400.0, 400.0]}, "datetime": {"datetime": "2025-08-21 23:37:30", "elapsed": 53567.433492183685, "delta": 22.927818775177002}, "costs": {"total_cost": 1789.607488705485, "time_cost": 150, "final_distance_cost": 19.209017450672423, "oscillation_cost": 346.66689378350935, "completition_cost": 1000.0, "overshoot_cost": 174.34131201530647, "power_cost": 24.093493469238283, "noise_cost": 75.29677198675856, "n_waypoints_completed": 0, "tot_waypoints": 9}}
{"target": -6182.692260554481, "params": {"k_pid_pos": [1.7998847961425781, 0.0, 0.04951855540275574], "k_pid_alt": [0.03398394584655762, 0.0, 0.9291524291038513], "k_pid_att": [0.0, 9.884405136108398, 0.9799338579177856], "k_pid_yaw": [0.5, 1e-06, 0.1], "k_pid_hsp": [0.30156266689300537, 0.9414259195327759, 1.0], "k_pid_vsp": [11.538612365722656, 380.118896484375, 400.0]}, "datetime": {"datetime": "2025-08-21 23:37:55", "elapsed": 53592.04946398735, "delta": 24.61597180366516}, "costs": {"total_cost": 6182.692260554481, "time_cost": 150, "final_distance_cost": 573.8005683334173, "oscillation_cost": 2250.1089904356563, "completition_cost": 1000.0, "overshoot_cost": 2072.383261027151, "power_cost": 34.24803553466797, "noise_cost": 102.15140522358918, "n_waypoints_completed": 0, "tot_waypoints": 9}}
{"target": -5018.399061888555, "params": {"k_pid_pos": [1.9849597215652466, 0.010825932025909424, 0.08160105347633362], "k_pid_alt": [0.01219320297241211, 0.005917787551879883, 0.9703398942947388], "k_pid_att": [8.184388160705566, 9.66627025604248, 0.9255597591400146], "k_pid_yaw": [0.5, 1e-06, 0.1], "k_pid_hsp": [9.999999747378752e-05, 0.9517292976379395, 0.9920058250427246], "k_pid_vsp": [0.0, 371.220458984375, 400.0]}, "datetime": {"datetime": "2025-08-21 23:38:17", "elapsed": 53613.859280347824, "delta": 21.809816360473633}, "costs": {"total_cost": 5018.399061888555, "time_cost": 150, "final_distance_cost": 1626.7762425738256, "oscillation_cost": 160.99258972639734, "completition_cost": 1000.0, "overshoot_cost": 2048.2242505775007, "power_cost": 16.5786001953125, "noise_cost": 15.827378815518461, "n_waypoints_completed": 0, "tot_waypoints": 9}}
{"target": -3804.176327782408, "params": {"k_pid_pos": [1.9058411121368408, 0.0, 0.0], "k_pid_alt": [0.027615785598754883, 0.0, 1.0], "k_pid_att": [0.0, 9.70828914642334, 1.0], "k_pid_yaw": [0.5, 1e-06, 0.1], "k_pid_hsp": [0.25734570622444153, 1.0, 0.9934722185134888], "k_pid_vsp": [28.67952537536621, 400.0, 371.6849670410156]}, "datetime": {"datetime": "2025-08-21 23:38:43", "elapsed": 53639.824600696564, "delta": 25.965320348739624}, "costs": {"total_cost": 3804.176327782408, "time_cost": 150, "final_distance_cost": 356.82200953394664, "oscillation_cost": 1295.5148807916923, "completition_cost": 1000.0, "overshoot_cost": 875.654685380719, "power_cost": 31.178730895996097, "noise_cost": 95.00602118005438, "n_waypoints_completed": 0, "tot_waypoints": 9}}
