{"target": -5725.242476760015, "params": {"k_pid_pos": [2.0, 0.036685675382614136, 0.0], "k_pid_alt": [0.0, 0.0, 0.9731796383857727], "k_pid_att": [0.0, 9.621491432189941, 0.9946849346160889], "k_pid_yaw": [0.5, 1e-06, 0.1], "k_pid_hsp": [9.999999747378752e-05, 0.9952260255813599, 0.9172486066818237], "k_pid_vsp": [2.8316497802734375, 383.4197082519531, 400.0]}, "datetime": {"datetime": "2025-08-21 15:41:48", "elapsed": 25024.890503168106, "delta": 22.79175877571106}, "costs": {"total_cost": 5725.242476760015, "time_cost": 150, "final_distance_cost": 1051.9092165969798, "oscillation_cost": 1276.320713469007, "completition_cost": 1000.0, "overshoot_cost": 2150.6853877747244, "power_cost": 20.585831567382815, "noise_cost": 75.74132735192042, "n_waypoints_completed": 0, "tot_waypoints": 9}}
{"target": -1923.4348496692983, "params": {"k_pid_pos": [1.9646035432815552, 0.0, 0.0], "k_pid_alt": [0.04458725452423096, 0.010967344045639038, 0.9402337670326233], "k_pid_att": [2.774214744567871, 10.0, 0.9955483675003052], "k_pid_yaw": [0.5, 1e-06, 0.1], "k_pid_hsp": [9.999999747378752e-05, 0.9529086351394653, 0.9654794931411743], "k_pid_vsp": [0.0, 387.7244873046875, 400.0]}, "datetime": {"datetime": "2025-08-21 15:42:11", "elapsed": 25047.604194879532, "delta": 22.71369171142578}, "costs": {"total_cost": 1923.4348496692983, "time_cost": 150, "final_distance_cost": 73.64374771026489, "oscillation_cost": 354.8851426805502, "completition_cost": 1000.0, "overshoot_cost": 240.4473321376412, "power_cost": 25.667666650390625, "noise_cost": 78.79096049045108, "n_waypoints_completed": 0, "tot_waypoints": 9}}
{"target": -6014.001142623869, "params": {"k_pid_pos": [1.9954018592834473, 0.0, 0.04338863492012024], "k_pid_alt": [0.07084864377975464, 0.0, 0.9114443063735962], "k_pid_att": [0.0, 10.0, 0.9010612964630127], "k_pid_yaw": [0.5, 1e-06, 0.1], "k_pid_hsp": [9.999999747378752e-05, 0.9743613004684448, 0.9686918258666992], "k_pid_vsp": [0.517570972442627, 400.0, 400.0]}, "datetime": {"datetime": "2025-08-21 15:42:34", "elapsed": 25071.095485925674, "delta": 23.491291046142578}, "costs": {"total_cost": 6014.001142623869, "time_cost": 150, "final_distance_cost": 1373.4461807668517, "oscillation_cost": 1819.727972609328, "completition_cost": 1000.0, "overshoot_cost": 1538.1679589085009, "power_cost": 33.06319138183594, "noise_cost": 99.59583895735247, "n_waypoints_completed": 0, "tot_waypoints": 9}}
{"target": -1686.4097617429086, "params": {"k_pid_pos": [1.911817193031311, 0.0759630799293518, 0.0], "k_pid_alt": [0.0809863805770874, 0.0, 0.9716037511825562], "k_pid_att": [10.543903350830078, 10.0, 1.0], "k_pid_yaw": [0.5, 1e-06, 0.1], "k_pid_hsp": [9.999999747378752e-05, 0.9935629367828369, 0.9759094715118408], "k_pid_vsp": [5.248522758483887, 389.4609680175781, 400.0]}, "datetime": {"datetime": "2025-08-21 15:42:58", "elapsed": 25094.47842812538, "delta": 23.38294219970703}, "costs": {"total_cost": 1686.4097617429086, "time_cost": 150, "final_distance_cost": 2.839419043034829, "oscillation_cost": 283.11149521449846, "completition_cost": 1000.0, "overshoot_cost": 204.5668077970361, "power_cost": 16.296044506835937, "noise_cost": 29.59599518150312, "n_waypoints_completed": 0, "tot_waypoints": 9}}
{"target": -5734.852992525214, "params": {"k_pid_pos": [2.0, 0.039050012826919556, 0.0], "k_pid_alt": [0.004676461219787598, 0.0, 1.0], "k_pid_att": [0.0, 10.0, 0.9619525671005249], "k_pid_yaw": [0.5, 1e-06, 0.1], "k_pid_hsp": [0.47638997435569763, 0.9699743986129761, 1.0], "k_pid_vsp": [2.0297646522521973, 400.0, 379.4029235839844]}, "datetime": {"datetime": "2025-08-21 15:43:21", "elapsed": 25118.220990419388, "delta": 23.742562294006348}, "costs": {"total_cost": 5734.852992525214, "time_cost": 150, "final_distance_cost": 1006.7027384760596, "oscillation_cost": 2193.717504518726, "completition_cost": 1000.0, "overshoot_cost": 1260.7249086219524, "power_cost": 30.098184399414063, "noise_cost": 93.60965650906233, "n_waypoints_completed": 0, "tot_waypoints": 9}}
{"target": -6515.289852783437, "params": {"k_pid_pos": [2.0, 0.0, 0.030440330505371094], "k_pid_alt": [0.0, 0.0, 0.9833297729492188], "k_pid_att": [0.0, 9.541114807128906, 0.9702364206314087], "k_pid_yaw": [0.5, 1e-06, 0.1], "k_pid_hsp": [9.999999747378752e-05, 1.0, 0.9791498184204102], "k_pid_vsp": [0.0, 400.0, 361.8739013671875]}, "datetime": {"datetime": "2025-08-21 15:43:45", "elapsed": 25142.03832745552, "delta": 23.817337036132812}, "costs": {"total_cost": 6515.289852783437, "time_cost": 150, "final_distance_cost": 1409.6576629828216, "oscillation_cost": 1000.469939757461, "completition_cost": 1000.0, "overshoot_cost": 2864.252368561976, "power_cost": 19.070383227539065, "noise_cost": 71.83949825363945, "n_waypoints_completed": 0, "tot_waypoints": 9}}
{"target": -4692.164561193282, "params": {"k_pid_pos": [2.0, 0.09324580430984497, 0.031122535467147827], "k_pid_alt": [0.0, 0.10356363654136658, 0.962388277053833], "k_pid_att": [0.0, 9.746845245361328, 1.0], "k_pid_yaw": [0.5, 1e-06, 0.1], "k_pid_hsp": [9.999999747378752e-05, 0.9543859958648682, 0.9789800643920898], "k_pid_vsp": [8.135854721069336, 400.0, 400.0]}, "datetime": {"datetime": "2025-08-21 15:44:09", "elapsed": 25166.10872220993, "delta": 24.07039475440979}, "costs": {"total_cost": 4692.164561193282, "time_cost": 150, "final_distance_cost": 758.5283832434861, "oscillation_cost": 937.9797166723006, "completition_cost": 1000.0, "overshoot_cost": 1714.5859197673153, "power_cost": 32.85282822265625, "noise_cost": 98.21771328752422, "n_waypoints_completed": 0, "tot_waypoints": 9}}
{"target": -12669.73315167364, "params": {"k_pid_pos": [2.0, 0.02923235297203064, 0.040318846702575684], "k_pid_alt": [0.05006009340286255, 0.0, 0.9096155166625977], "k_pid_att": [0.0, 10.0, 1.0], "k_pid_yaw": [0.5, 1e-06, 0.1], "k_pid_hsp": [0.10749368369579315, 0.9570060968399048, 1.0], "k_pid_vsp": [22.72151756286621, 400.0, 398.37969970703125]}, "datetime": {"datetime": "2025-08-21 15:44:32", "elapsed": 25188.912917137146, "delta": 22.804194927215576}, "costs": {"total_cost": 12669.73315167364, "time_cost": 150, "final_distance_cost": 4275.403713004069, "oscillation_cost": 1975.2846226465413, "completition_cost": 1000.0, "overshoot_cost": 5136.6558487003485, "power_cost": 33.06028424072266, "noise_cost": 99.32868308195933, "n_waypoints_completed": 0, "tot_waypoints": 9}}
{"target": -2704.6355795798913, "params": {"k_pid_pos": [2.0, 0.0, 0.1282983422279358], "k_pid_alt": [0.0, 0.0, 1.0], "k_pid_att": [0.7689803838729858, 10.0, 1.0], "k_pid_yaw": [0.5, 1e-06, 0.1], "k_pid_hsp": [9.999999747378752e-05, 0.9781588315963745, 1.0], "k_pid_vsp": [1.6231060028076172, 400.0, 400.0]}, "datetime": {"datetime": "2025-08-21 15:44:56", "elapsed": 25213.096814393997, "delta": 24.183897256851196}, "costs": {"total_cost": 2704.6355795798913, "time_cost": 150, "final_distance_cost": 202.41868264173002, "oscillation_cost": 894.6044756717287, "completition_cost": 1000.0, "overshoot_cost": 334.00718887655313, "power_cost": 30.93410008544922, "noise_cost": 92.67113230443027, "n_waypoints_completed": 0, "tot_waypoints": 9}}
{"target": -2369.374196242835, "params": {"k_pid_pos": [2.0, 0.028470337390899658, 0.0], "k_pid_alt": [0.0, 0.044525861740112305, 0.9858705997467041], "k_pid_att": [0.9140044450759888, 10.0, 1.0], "k_pid_yaw": [0.5, 1e-06, 0.1], "k_pid_hsp": [9.999999747378752e-05, 1.0, 0.988701343536377], "k_pid_vsp": [0.0, 392.9505920410156, 400.0]}, "datetime": {"datetime": "2025-08-21 15:45:19", "elapsed": 25236.127146720886, "delta": 23.030332326889038}, "costs": {"total_cost": 2369.374196242835, "time_cost": 150, "final_distance_cost": 23.343076943146304, "oscillation_cost": 783.7423061773261, "completition_cost": 1000.0, "overshoot_cost": 290.29790341628177, "power_cost": 30.283817443847656, "noise_cost": 91.70709226223315, "n_waypoints_completed": 0, "tot_waypoints": 9}}
{"target": -1683.2551970953728, "params": {"k_pid_pos": [1.8939059972763062, 0.0, 0.0], "k_pid_alt": [0.0, 0.07384783029556274, 0.9901390075683594], "k_pid_att": [4.148828983306885, 10.0, 0.9516147971153259], "k_pid_yaw": [0.5, 1e-06, 0.1], "k_pid_hsp": [0.05275600403547287, 0.9670954346656799, 1.0], "k_pid_vsp": [6.927073001861572, 400.0, 386.4938659667969]}, "datetime": {"datetime": "2025-08-21 15:45:43", "elapsed": 25259.74275445938, "delta": 23.615607738494873}, "costs": {"total_cost": 1683.2551970953728, "time_cost": 150, "final_distance_cost": 27.639478303621583, "oscillation_cost": 280.2647512524031, "completition_cost": 1000.0, "overshoot_cost": 182.24728614215184, "power_cost": 16.22031414794922, "noise_cost": 26.883367249246824, "n_waypoints_completed": 0, "tot_waypoints": 9}}
{"target": -2246.0557845962985, "params": {"k_pid_pos": [1.9264335632324219, 0.0, 0.0], "k_pid_alt": [0.05119854211807251, 0.04667007923126221, 1.0], "k_pid_att": [4.105544090270996, 9.971467971801758, 1.0], "k_pid_yaw": [0.5, 1e-06, 0.1], "k_pid_hsp": [9.999999747378752e-05, 0.9699625372886658, 1.0], "k_pid_vsp": [0.0, 400.0, 400.0]}, "datetime": {"datetime": "2025-08-21 15:46:06", "elapsed": 25283.188762187958, "delta": 23.44600772857666}, "costs": {"total_cost": 2246.0557845962985, "time_cost": 150, "final_distance_cost": 234.76352866873586, "oscillation_cost": 250.0732137534447, "completition_cost": 1000.0, "overshoot_cost": 570.8091082516366, "power_cost": 21.857086071777346, "noise_cost": 18.55284785070412, "n_waypoints_completed": 0, "tot_waypoints": 9}}
{"target": -11832.658352868842, "params": {"k_pid_pos": [1.882377028465271, 0.05942898988723755, 0.04816505312919617], "k_pid_alt": [0.0520976185798645, 0.006200015544891357, 0.9301632046699524], "k_pid_att": [0.0, 9.682486534118652, 0.9863742589950562], "k_pid_yaw": [0.5, 1e-06, 0.1], "k_pid_hsp": [9.999999747378752e-05, 0.9709485769271851, 1.0], "k_pid_vsp": [31.330453872680664, 400.0, 400.0]}, "datetime": {"datetime": "2025-08-21 15:46:30", "elapsed": 25306.483501434326, "delta": 23.294739246368408}, "costs": {"total_cost": 11832.658352868842, "time_cost": 150, "final_distance_cost": 3576.271638135939, "oscillation_cost": 2050.35871976498, "completition_cost": 1000.0, "overshoot_cost": 4924.897602047946, "power_cost": 32.51218115234375, "noise_cost": 98.61821176763392, "n_waypoints_completed": 0, "tot_waypoints": 9}}
{"target": -5676.695856159062, "params": {"k_pid_pos": [1.9294533729553223, 0.0, 0.0], "k_pid_alt": [0.11991369724273682, 0.0, 0.9996436834335327], "k_pid_att": [0.0, 10.0, 0.9858037233352661], "k_pid_yaw": [0.5, 1e-06, 0.1], "k_pid_hsp": [9.999999747378752e-05, 0.981215238571167, 0.9785877466201782], "k_pid_vsp": [0.0, 400.0, 400.0]}, "datetime": {"datetime": "2025-08-21 15:46:52", "elapsed": 25328.97423839569, "delta": 22.490736961364746}, "costs": {"total_cost": 5676.695856159062, "time_cost": 150, "final_distance_cost": 1233.3691593205288, "oscillation_cost": 2111.3224652473095, "completition_cost": 1000.0, "overshoot_cost": 1044.1515375921263, "power_cost": 34.80862950439453, "noise_cost": 103.04406449470208, "n_waypoints_completed": 0, "tot_waypoints": 9}}
{"target": -8696.553884830415, "params": {"k_pid_pos": [1.9996649026870728, 0.0, 0.003397911787033081], "k_pid_alt": [0.0, 0.06514066457748413, 0.919695258140564], "k_pid_att": [0.0, 9.702980995178223, 1.0], "k_pid_yaw": [0.5, 1e-06, 0.1], "k_pid_hsp": [1.0756700038909912, 1.0, 1.0], "k_pid_vsp": [0.0, 400.0, 382.5417175292969]}, "datetime": {"datetime": "2025-08-21 15:47:16", "elapsed": 25352.781984567642, "delta": 23.807746171951294}, "costs": {"total_cost": 8696.553884830415, "time_cost": 150, "final_distance_cost": 953.1748051453894, "oscillation_cost": 2225.276213636205, "completition_cost": 1000.0, "overshoot_cost": 4230.138961878144, "power_cost": 34.77099959716797, "noise_cost": 103.19290457351109, "n_waypoints_completed": 0, "tot_waypoints": 9}}
{"target": -22711.263537411356, "params": {"k_pid_pos": [2.0, 0.010178357362747192, 0.06354010105133057], "k_pid_alt": [0.018371105194091797, 0.0, 1.0], "k_pid_att": [0.0, 9.963132858276367, 0.9665639400482178], "k_pid_yaw": [0.5, 1e-06, 0.1], "k_pid_hsp": [9.999999747378752e-05, 0.9907015562057495, 1.0], "k_pid_vsp": [0.0, 380.48211669921875, 359.9415283203125]}, "datetime": {"datetime": "2025-08-21 15:47:39", "elapsed": 25376.384340047836, "delta": 23.602355480194092}, "costs": {"total_cost": 22711.263537411356, "time_cost": 150, "final_distance_cost": 6866.363336398764, "oscillation_cost": 2281.935367975991, "completition_cost": 1000.0, "overshoot_cost": 12277.123972399622, "power_cost": 34.05749822998047, "noise_cost": 101.78336240700183, "n_waypoints_completed": 0, "tot_waypoints": 9}}
{"target": -5765.4623953611035, "params": {"k_pid_pos": [2.0, 0.0050879716873168945, 0.09733107686042786], "k_pid_alt": [0.09960108995437622, 0.0, 0.899391770362854], "k_pid_att": [0.0, 9.825366973876953, 1.0], "k_pid_yaw": [0.5, 1e-06, 0.1], "k_pid_hsp": [0.5070908665657043, 0.9289780855178833, 0.9439672231674194], "k_pid_vsp": [0.0, 366.7879638671875, 400.0]}, "datetime": {"datetime": "2025-08-21 15:48:04", "elapsed": 25400.70489382744, "delta": 24.32055377960205}, "costs": {"total_cost": 5765.4623953611035, "time_cost": 150, "final_distance_cost": 789.296032363866, "oscillation_cost": 1790.293063537417, "completition_cost": 1000.0, "overshoot_cost": 1902.395856843983, "power_cost": 33.32137839355469, "noise_cost": 100.15606422228342, "n_waypoints_completed": 0, "tot_waypoints": 9}}
{"target": -2053.865922424359, "params": {"k_pid_pos": [2.0, 0.03792119026184082, 0.0], "k_pid_alt": [0.0, 0.0, 0.9674911499023438], "k_pid_att": [2.4238765239715576, 10.0, 1.0], "k_pid_yaw": [0.5, 1e-06, 0.1], "k_pid_hsp": [0.4718761444091797, 1.0, 0.9905809164047241], "k_pid_vsp": [29.417753219604492, 395.0926818847656, 399.09716796875]}, "datetime": {"datetime": "2025-08-21 15:48:27", "elapsed": 25424.44231891632, "delta": 23.737425088882446}, "costs": {"total_cost": 2053.865922424359, "time_cost": 150, "final_distance_cost": 95.64099197590023, "oscillation_cost": 378.09271113141233, "completition_cost": 1000.0, "overshoot_cost": 348.3774947813498, "power_cost": 15.639167346191407, "noise_cost": 66.1155571895049, "n_waypoints_completed": 0, "tot_waypoints": 9}}
{"target": -2553.163385739221, "params": {"k_pid_pos": [2.0, 0.0, 0.030997544527053833], "k_pid_alt": [0.0, 0.046244651079177856, 0.9799326062202454], "k_pid_att": [3.9201676845550537, 10.0, 0.9691092371940613], "k_pid_yaw": [0.5, 1e-06, 0.1], "k_pid_hsp": [0.6840463280677795, 0.9140864610671997, 0.929131031036377], "k_pid_vsp": [3.710460662841797, 400.0, 400.0]}, "datetime": {"datetime": "2025-08-21 15:48:51", "elapsed": 25448.136513233185, "delta": 23.694194316864014}, "costs": {"total_cost": 2553.163385739221, "time_cost": 150, "final_distance_cost": 250.88444069006954, "oscillation_cost": 277.3706685009662, "completition_cost": 1000.0, "overshoot_cost": 832.9837672422851, "power_cost": 22.02572264404297, "noise_cost": 19.898786661857446, "n_waypoints_completed": 0, "tot_waypoints": 9}}
{"target": -14903.410838586065, "params": {"k_pid_pos": [2.0, 0.0, 0.0], "k_pid_alt": [0.13848674297332764, 0.08009618520736694, 1.0], "k_pid_att": [0.0, 9.469470024108887, 1.0], "k_pid_yaw": [0.5, 1e-06, 0.1], "k_pid_hsp": [9.999999747378752e-05, 0.9236527681350708, 1.0], "k_pid_vsp": [30.98369789123535, 393.7714538574219, 400.0]}, "datetime": {"datetime": "2025-08-21 15:49:16", "elapsed": 25473.440138339996, "delta": 25.303625106811523}, "costs": {"total_cost": 14903.410838586065, "time_cost": 150, "final_distance_cost": 4880.86676987587, "oscillation_cost": 2196.3264137868473, "completition_cost": 1000.0, "overshoot_cost": 6540.941010133314, "power_cost": 34.07625471191406, "noise_cost": 101.20039007811997, "n_waypoints_completed": 0, "tot_waypoints": 9}}
{"target": -5184.322099348286, "params": {"k_pid_pos": [1.9992140531539917, 0.0, 0.05000561475753784], "k_pid_alt": [0.012491703033447266, 0.0, 1.0], "k_pid_att": [0.0, 10.0, 1.0], "k_pid_yaw": [0.5, 1e-06, 0.1], "k_pid_hsp": [0.5714229941368103, 1.0, 0.9490595459938049], "k_pid_vsp": [0.0, 381.9510803222656, 400.0]}, "datetime": {"datetime": "2025-08-21 15:49:43", "elapsed": 25499.808031082153, "delta": 26.367892742156982}, "costs": {"total_cost": 5184.322099348286, "time_cost": 150, "final_distance_cost": 699.971759292384, "oscillation_cost": 1452.8440466577952, "completition_cost": 1000.0, "overshoot_cost": 1755.0300049448624, "power_cost": 31.207405578613283, "noise_cost": 95.26888287463116, "n_waypoints_completed": 0, "tot_waypoints": 9}}
{"target": -10466.221842061612, "params": {"k_pid_pos": [2.0, 0.017957329750061035, 0.08362323045730591], "k_pid_alt": [0.11734139919281006, 0.08493107557296753, 0.9602197408676147], "k_pid_att": [0.0, 10.0, 1.0], "k_pid_yaw": [0.5, 1e-06, 0.1], "k_pid_hsp": [9.999999747378752e-05, 0.9737159013748169, 0.9746208786964417], "k_pid_vsp": [25.188945770263672, 400.0, 366.7821044921875]}, "datetime": {"datetime": "2025-08-21 15:50:07", "elapsed": 25524.459506750107, "delta": 24.65147566795349}, "costs": {"total_cost": 10466.221842061612, "time_cost": 150, "final_distance_cost": 3541.292367938359, "oscillation_cost": 1591.8589298955678, "completition_cost": 1000.0, "overshoot_cost": 4047.2999757355756, "power_cost": 34.29344097900391, "noise_cost": 101.47712751310576, "n_waypoints_completed": 0, "tot_waypoints": 9}}
{"target": -2875.583495968503, "params": {"k_pid_pos": [2.0, 0.0722222626209259, 0.1584261655807495], "k_pid_alt": [0.0, 0.026433944702148438, 1.0], "k_pid_att": [0.7306218147277832, 10.0, 1.0], "k_pid_yaw": [0.5, 1e-06, 0.1], "k_pid_hsp": [9.999999747378752e-05, 0.9750990867614746, 0.9378178715705872], "k_pid_vsp": [0.0, 400.0, 355.9542541503906]}, "datetime": {"datetime": "2025-08-21 15:50:32", "elapsed": 25548.92473936081, "delta": 24.465232610702515}, "costs": {"total_cost": 2875.583495968503, "time_cost": 150, "final_distance_cost": 198.6571410839117, "oscillation_cost": 1090.8746298802835, "completition_cost": 1000.0, "overshoot_cost": 316.9932168312328, "power_cost": 29.03232412109375, "noise_cost": 90.02618405198146, "n_waypoints_completed": 0, "tot_waypoints": 9}}
{"target": -2097.246451857778, "params": {"k_pid_pos": [1.9007892608642578, 0.00012126564979553223, 0.045886844396591187], "k_pid_alt": [0.0, 0.060266971588134766, 1.0], "k_pid_att": [2.724489688873291, 10.0, 1.0], "k_pid_yaw": [0.5, 1e-06, 0.1], "k_pid_hsp": [9.999999747378752e-05, 0.9339893460273743, 1.0], "k_pid_vsp": [0.0, 399.51470947265625, 396.3322448730469]}, "datetime": {"datetime": "2025-08-21 15:50:55", "elapsed": 25572.334575414658, "delta": 23.409836053848267}, "costs": {"total_cost": 2097.246451857778, "time_cost": 150, "final_distance_cost": 145.97490162841822, "oscillation_cost": 337.22988514134397, "completition_cost": 1000.0, "overshoot_cost": 404.7413772923526, "power_cost": 21.96228220214844, "noise_cost": 37.33800559351484, "n_waypoints_completed": 0, "tot_waypoints": 9}}
{"target": -2101.123455312792, "params": {"k_pid_pos": [2.0, 0.007717102766036987, 0.0581241250038147], "k_pid_alt": [0.02317565679550171, 0.0943453311920166, 1.0], "k_pid_att": [1.5022069215774536, 10.0, 1.0], "k_pid_yaw": [0.5, 1e-06, 0.1], "k_pid_hsp": [9.999999747378752e-05, 1.0, 0.9710090160369873], "k_pid_vsp": [0.0, 381.1617126464844, 400.0]}, "datetime": {"datetime": "2025-08-21 15:51:20", "elapsed": 25596.47713303566, "delta": 24.142557621002197}, "costs": {"total_cost": 2101.123455312792, "time_cost": 150, "final_distance_cost": 34.24091562622844, "oscillation_cost": 600.4513499222878, "completition_cost": 1000.0, "overshoot_cost": 189.97403937211007, "power_cost": 31.94269080810547, "noise_cost": 94.51445958406, "n_waypoints_completed": 0, "tot_waypoints": 9}}
{"target": -13779.857063369713, "params": {"k_pid_pos": [2.0, 0.0, 0.0], "k_pid_alt": [0.0, 0.006296008825302124, 0.9704583287239075], "k_pid_att": [0.0, 9.740880966186523, 1.0], "k_pid_yaw": [0.5, 1e-06, 0.1], "k_pid_hsp": [0.02132410742342472, 0.9560869932174683, 0.9932960867881775], "k_pid_vsp": [32.429908752441406, 400.0, 371.4039306640625]}, "datetime": {"datetime": "2025-08-21 15:51:43", "elapsed": 25619.62459397316, "delta": 23.1474609375}, "costs": {"total_cost": 13779.857063369713, "time_cost": 150, "final_distance_cost": 3206.395578970334, "oscillation_cost": 1921.0584950095938, "completition_cost": 1000.0, "overshoot_cost": 7365.755682269561, "power_cost": 34.38640461425781, "noise_cost": 102.2609025059662, "n_waypoints_completed": 0, "tot_waypoints": 9}}
{"target": -1550.0153519391447, "params": {"k_pid_pos": [2.0, 0.0, 0.10247978568077087], "k_pid_alt": [0.0, 0.0, 1.0], "k_pid_att": [8.600327491760254, 9.963979721069336, 1.0], "k_pid_yaw": [0.5, 1e-06, 0.1], "k_pid_hsp": [9.999999747378752e-05, 1.0, 0.9754332900047302], "k_pid_vsp": [0.0, 383.1430969238281, 400.0]}, "datetime": {"datetime": "2025-08-21 15:52:05", "elapsed": 25642.24271965027, "delta": 22.618125677108765}, "costs": {"total_cost": 1550.0153519391447, "time_cost": 150, "final_distance_cost": 42.67880472015419, "oscillation_cost": 264.702021006962, "completition_cost": 888.8888888888888, "overshoot_cost": 139.93593287294095, "power_cost": 21.04582945556641, "noise_cost": 42.76387499463234, "n_waypoints_completed": 1, "tot_waypoints": 9}}
{"target": -8364.407866402647, "params": {"k_pid_pos": [1.9249259233474731, 0.0, 0.000459820032119751], "k_pid_alt": [0.0, 0.0, 1.0], "k_pid_att": [0.0, 10.0, 0.9286450743675232], "k_pid_yaw": [0.5, 1e-06, 0.1], "k_pid_hsp": [9.999999747378752e-05, 0.9116901159286499, 1.0], "k_pid_vsp": [0.0, 400.0, 400.0]}, "datetime": {"datetime": "2025-08-21 15:52:29", "elapsed": 25666.149356603622, "delta": 23.906636953353882}, "costs": {"total_cost": 8364.407866402647, "time_cost": 150, "final_distance_cost": 2445.842767079619, "oscillation_cost": 633.7339378428607, "completition_cost": 1000.0, "overshoot_cost": 4053.7768139067766, "power_cost": 15.496114868164064, "noise_cost": 65.55823270522838, "n_waypoints_completed": 0, "tot_waypoints": 9}}
