{"target": -22145.898585324732, "params": {"k_pid_pos": [2.0, 0.007075011730194092, 0.04773354530334473], "k_pid_alt": [0.0, 0.004699259996414185, 0.9261443614959717], "k_pid_att": [0.0, 9.816488265991211, 0.9526305198669434], "k_pid_yaw": [0.5, 1e-06, 0.1], "k_pid_hsp": [0.08356563746929169, 0.9946836233139038, 1.0], "k_pid_vsp": [25.13235855102539, 400.0, 375.36810302734375]}, "datetime": {"datetime": "2025-08-21 22:09:19", "elapsed": 48276.12361764908, "delta": 22.61034655570984}, "costs": {"total_cost": 22145.898585324732, "time_cost": 150, "final_distance_cost": 6796.732607948093, "oscillation_cost": 2308.222029250822, "completition_cost": 1000.0, "overshoot_cost": 11752.720876270898, "power_cost": 34.78570093994141, "noise_cost": 103.43737091497955, "n_waypoints_completed": 0, "tot_waypoints": 9}}
{"target": -14268.521714036615, "params": {"k_pid_pos": [1.9771840572357178, 0.0, 0.04944071173667908], "k_pid_alt": [0.0, 0.0, 1.0], "k_pid_att": [0.0, 10.0, 0.9524758458137512], "k_pid_yaw": [0.5, 1e-06, 0.1], "k_pid_hsp": [0.3974122405052185, 1.0, 1.0], "k_pid_vsp": [0.0, 378.8833923339844, 388.5928649902344]}, "datetime": {"datetime": "2025-08-21 22:09:44", "elapsed": 48301.292701244354, "delta": 25.16908359527588}, "costs": {"total_cost": 14268.521714036615, "time_cost": 150, "final_distance_cost": 4088.319576516997, "oscillation_cost": 2047.1769713032083, "completition_cost": 1000.0, "overshoot_cost": 6859.118046211677, "power_cost": 28.877125146484378, "noise_cost": 95.02999485824841, "n_waypoints_completed": 0, "tot_waypoints": 9}}
{"target": -2025.1726728333745, "params": {"k_pid_pos": [2.0, 0.0, 0.13597938418388367], "k_pid_alt": [0.059634268283843994, 0.03968670964241028, 0.9744601249694824], "k_pid_att": [1.5167206525802612, 10.0, 0.9934852719306946], "k_pid_yaw": [0.5, 1e-06, 0.1], "k_pid_hsp": [9.999999747378752e-05, 0.9201717376708984, 1.0], "k_pid_vsp": [0.0, 400.0, 400.0]}, "datetime": {"datetime": "2025-08-21 22:10:09", "elapsed": 48325.742954969406, "delta": 24.45025372505188}, "costs": {"total_cost": 2025.1726728333745, "time_cost": 150, "final_distance_cost": 24.24327275158368, "oscillation_cost": 576.8440839729477, "completition_cost": 1000.0, "overshoot_cost": 147.35164684786014, "power_cost": 31.986128259277347, "noise_cost": 94.74754100170543, "n_waypoints_completed": 0, "tot_waypoints": 9}}
{"target": -15809.767746783737, "params": {"k_pid_pos": [1.74531090259552, 0.0, 0.002349346876144409], "k_pid_alt": [0.1473759412765503, 0.0, 0.9740357398986816], "k_pid_att": [0.0, 10.0, 0.8847570419311523], "k_pid_yaw": [0.5, 1e-06, 0.1], "k_pid_hsp": [0.9451037049293518, 1.0, 1.0], "k_pid_vsp": [8.375883102416992, 387.897216796875, 400.0]}, "datetime": {"datetime": "2025-08-21 22:10:32", "elapsed": 48348.700761795044, "delta": 22.957806825637817}, "costs": {"total_cost": 15809.767746783737, "time_cost": 150, "final_distance_cost": 5621.096433239577, "oscillation_cost": 1476.9143497382643, "completition_cost": 1000.0, "overshoot_cost": 7427.009501429237, "power_cost": 33.746244152832034, "noise_cost": 101.00121822382866, "n_waypoints_completed": 0, "tot_waypoints": 9}}
{"target": -11502.995989484989, "params": {"k_pid_pos": [1.8425283432006836, 0.0014653801918029785, 0.0059359073638916016], "k_pid_alt": [0.0, 0.06931227445602417, 1.0], "k_pid_att": [0.0, 10.0, 0.9593168497085571], "k_pid_yaw": [0.5, 1e-06, 0.1], "k_pid_hsp": [0.19923771917819977, 1.0, 0.9544733762741089], "k_pid_vsp": [0.0, 393.39642333984375, 383.5166931152344]}, "datetime": {"datetime": "2025-08-21 22:10:56", "elapsed": 48373.405333042145, "delta": 24.70457124710083}, "costs": {"total_cost": 11502.995989484989, "time_cost": 150, "final_distance_cost": 3642.1269518607396, "oscillation_cost": 2143.322098673743, "completition_cost": 1000.0, "overshoot_cost": 4435.044951052463, "power_cost": 33.02523199462891, "noise_cost": 99.47675590341571, "n_waypoints_completed": 0, "tot_waypoints": 9}}
{"target": -4261.356503976683, "params": {"k_pid_pos": [2.0, 0.05414596199989319, 0.0], "k_pid_alt": [0.02419722080230713, 0.048159658908843994, 0.9921562075614929], "k_pid_att": [0.0, 10.0, 0.9755289554595947], "k_pid_yaw": [0.5, 1e-06, 0.1], "k_pid_hsp": [0.48656022548675537, 0.9964748024940491, 0.9963456392288208], "k_pid_vsp": [15.065038681030273, 378.95562744140625, 400.0]}, "datetime": {"datetime": "2025-08-21 22:11:19", "elapsed": 48396.24986720085, "delta": 22.844534158706665}, "costs": {"total_cost": 4261.356503976683, "time_cost": 150, "final_distance_cost": 532.4392509074496, "oscillation_cost": 1235.3382972894074, "completition_cost": 1000.0, "overshoot_cost": 1217.0804799900936, "power_cost": 31.247364892578126, "noise_cost": 95.25111089715361, "n_waypoints_completed": 0, "tot_waypoints": 9}}
{"target": -3992.591379296212, "params": {"k_pid_pos": [1.9559035301208496, 0.04142123460769653, 0.0], "k_pid_alt": [0.0, 0.006448686122894287, 1.0], "k_pid_att": [0.0, 9.062881469726562, 0.9922614693641663], "k_pid_yaw": [0.5, 1e-06, 0.1], "k_pid_hsp": [0.2857893407344818, 1.0, 1.0], "k_pid_vsp": [0.0, 400.0, 398.484375]}, "datetime": {"datetime": "2025-08-21 22:11:44", "elapsed": 48420.7520442009, "delta": 24.502177000045776}, "costs": {"total_cost": 3992.591379296212, "time_cost": 150, "final_distance_cost": 449.21194368117625, "oscillation_cost": 992.21796856425, "completition_cost": 1000.0, "overshoot_cost": 1278.6955482510868, "power_cost": 30.162528125, "noise_cost": 92.30339067469859, "n_waypoints_completed": 0, "tot_waypoints": 9}}
{"target": -3635.7825006412813, "params": {"k_pid_pos": [1.8688894510269165, 0.003972351551055908, 0.0], "k_pid_alt": [0.03383356332778931, 0.058587998151779175, 1.0], "k_pid_att": [0.0, 9.038928985595703, 1.0], "k_pid_yaw": [0.5, 1e-06, 0.1], "k_pid_hsp": [0.650891900062561, 0.9963036775588989, 0.9694632291793823], "k_pid_vsp": [0.0, 395.7324523925781, 348.9688415527344]}, "datetime": {"datetime": "2025-08-21 22:12:08", "elapsed": 48445.09308886528, "delta": 24.341044664382935}, "costs": {"total_cost": 3635.7825006412813, "time_cost": 150, "final_distance_cost": 254.54772395348684, "oscillation_cost": 1583.9507959582131, "completition_cost": 1000.0, "overshoot_cost": 513.9106550683962, "power_cost": 33.429767651367186, "noise_cost": 99.94355800981782, "n_waypoints_completed": 0, "tot_waypoints": 9}}
{"target": -19742.444185675424, "params": {"k_pid_pos": [1.9236871004104614, 0.003669440746307373, 0.0], "k_pid_alt": [0.15945595502853394, 0.014475107192993164, 0.9237436056137085], "k_pid_att": [0.0, 10.0, 0.9838811159133911], "k_pid_yaw": [0.5, 1e-06, 0.1], "k_pid_hsp": [9.999999747378752e-05, 1.0, 0.9740568399429321], "k_pid_vsp": [3.590726852416992, 374.0933532714844, 375.00299072265625]}, "datetime": {"datetime": "2025-08-21 22:12:31", "elapsed": 48468.425646305084, "delta": 23.332557439804077}, "costs": {"total_cost": 19742.444185675424, "time_cost": 150, "final_distance_cost": 5915.9002975299845, "oscillation_cost": 1972.7377091839426, "completition_cost": 1000.0, "overshoot_cost": 10566.54103921128, "power_cost": 34.652208935546874, "noise_cost": 102.61293081467089, "n_waypoints_completed": 0, "tot_waypoints": 9}}
{"target": -2543.268010040705, "params": {"k_pid_pos": [1.9397939443588257, 0.14459019899368286, 0.023214519023895264], "k_pid_alt": [0.0, 0.0695987343788147, 0.9430693984031677], "k_pid_att": [6.290679931640625, 9.327171325683594, 0.9570200443267822], "k_pid_yaw": [0.5, 1e-06, 0.1], "k_pid_hsp": [0.97517991065979, 0.9573714733123779, 0.9221003651618958], "k_pid_vsp": [10.655355453491211, 400.0, 400.0]}, "datetime": {"datetime": "2025-08-21 22:12:56", "elapsed": 48492.74844002724, "delta": 24.32279372215271}, "costs": {"total_cost": 2543.268010040705, "time_cost": 150, "final_distance_cost": 440.4635057128258, "oscillation_cost": 255.3813736957621, "completition_cost": 1000.0, "overshoot_cost": 657.0280744113642, "power_cost": 19.679474682617187, "noise_cost": 20.715581538135726, "n_waypoints_completed": 0, "tot_waypoints": 9}}
{"target": -2432.825796744174, "params": {"k_pid_pos": [2.0, 0.0, 0.0], "k_pid_alt": [0.0, 0.015257567167282104, 0.9646238088607788], "k_pid_att": [0.680851936340332, 9.398046493530273, 0.9829084873199463], "k_pid_yaw": [0.5, 1e-06, 0.1], "k_pid_hsp": [0.014521795324981213, 1.0, 0.9566766619682312], "k_pid_vsp": [0.0, 374.95782470703125, 380.98760986328125]}, "datetime": {"datetime": "2025-08-21 22:13:19", "elapsed": 48516.06337475777, "delta": 23.314934730529785}, "costs": {"total_cost": 2432.825796744174, "time_cost": 150, "final_distance_cost": 151.95577332795733, "oscillation_cost": 720.6819789218091, "completition_cost": 1000.0, "overshoot_cost": 293.1085998339439, "power_cost": 29.01001964111328, "noise_cost": 88.06942501935075, "n_waypoints_completed": 0, "tot_waypoints": 9}}
{"target": -1735.149644723993, "params": {"k_pid_pos": [1.8623491525650024, 0.0, 0.0], "k_pid_alt": [0.0, 0.0, 0.9514164924621582], "k_pid_att": [3.1581759452819824, 9.856772422790527, 0.9749778509140015], "k_pid_yaw": [0.5, 1e-06, 0.1], "k_pid_hsp": [0.2553200423717499, 0.986853837966919, 1.0], "k_pid_vsp": [22.909664154052734, 384.0003662109375, 400.0]}, "datetime": {"datetime": "2025-08-21 22:13:44", "elapsed": 48540.73492980003, "delta": 24.671555042266846}, "costs": {"total_cost": 1735.149644723993, "time_cost": 150, "final_distance_cost": 11.134202275403899, "oscillation_cost": 318.9559165758854, "completition_cost": 1000.0, "overshoot_cost": 178.440621772607, "power_cost": 14.122122143554687, "noise_cost": 62.49678195654193, "n_waypoints_completed": 0, "tot_waypoints": 9}}
{"target": -5868.89858907851, "params": {"k_pid_pos": [1.8694113492965698, 0.005170166492462158, 0.024790406227111816], "k_pid_alt": [0.064339280128479, 0.04958498477935791, 1.0], "k_pid_att": [0.0, 9.943384170532227, 0.9240976572036743], "k_pid_yaw": [0.5, 1e-06, 0.1], "k_pid_hsp": [0.8560385704040527, 1.0, 1.0], "k_pid_vsp": [0.0, 400.0, 400.0]}, "datetime": {"datetime": "2025-08-21 22:14:08", "elapsed": 48564.68067026138, "delta": 23.945740461349487}, "costs": {"total_cost": 5868.89858907851, "time_cost": 150, "final_distance_cost": 785.8521540405959, "oscillation_cost": 2051.3403145037914, "completition_cost": 1000.0, "overshoot_cost": 1750.8183229406857, "power_cost": 32.41276982421875, "noise_cost": 98.47502776921752, "n_waypoints_completed": 0, "tot_waypoints": 9}}
{"target": -1737.1713405426767, "params": {"k_pid_pos": [1.9413727521896362, 0.0005085170269012451, 0.06203928589820862], "k_pid_alt": [0.19968318939208984, 0.0, 0.9962954521179199], "k_pid_att": [5.911904335021973, 10.0, 1.0], "k_pid_yaw": [0.5, 1e-06, 0.1], "k_pid_hsp": [9.999999747378752e-05, 1.0, 1.0], "k_pid_vsp": [0.0, 400.0, 376.4307861328125]}, "datetime": {"datetime": "2025-08-21 22:14:33", "elapsed": 48589.5452375412, "delta": 24.864567279815674}, "costs": {"total_cost": 1737.1713405426767, "time_cost": 150, "final_distance_cost": 28.873763925213442, "oscillation_cost": 304.0004506867607, "completition_cost": 1000.0, "overshoot_cost": 164.35005772359634, "power_cost": 21.574291418457033, "noise_cost": 68.37277678864913, "n_waypoints_completed": 0, "tot_waypoints": 9}}
{"target": -5759.065609322665, "params": {"k_pid_pos": [2.0, 0.0, 0.0], "k_pid_alt": [0.12660521268844604, 0.0, 1.0], "k_pid_att": [0.0, 10.0, 0.9854798913002014], "k_pid_yaw": [0.5, 1e-06, 0.1], "k_pid_hsp": [0.19551843404769897, 1.0, 1.0], "k_pid_vsp": [22.5553035736084, 400.0, 398.3545837402344]}, "datetime": {"datetime": "2025-08-21 22:14:57", "elapsed": 48613.77449631691, "delta": 24.22925877571106}, "costs": {"total_cost": 5759.065609322665, "time_cost": 150, "final_distance_cost": 1046.4920185227852, "oscillation_cost": 2035.8070268281515, "completition_cost": 1000.0, "overshoot_cost": 1388.0836110406601, "power_cost": 35.04253316650391, "noise_cost": 103.64041976456562, "n_waypoints_completed": 0, "tot_waypoints": 9}}
{"target": -20314.592147993535, "params": {"k_pid_pos": [2.0, 0.003528118133544922, 0.0], "k_pid_alt": [0.006833553314208984, 0.0, 0.9812279939651489], "k_pid_att": [0.0, 10.0, 0.8558415174484253], "k_pid_yaw": [0.5, 1e-06, 0.1], "k_pid_hsp": [0.07810858637094498, 1.0, 1.0], "k_pid_vsp": [0.0, 400.0, 400.0]}, "datetime": {"datetime": "2025-08-21 22:15:21", "elapsed": 48637.78955078125, "delta": 24.01505446434021}, "costs": {"total_cost": 20314.592147993535, "time_cost": 150, "final_distance_cost": 5759.740883855899, "oscillation_cost": 1974.3015914757168, "completition_cost": 1000.0, "overshoot_cost": 11294.1159287637, "power_cost": 34.19727153320313, "noise_cost": 102.23647236501313, "n_waypoints_completed": 0, "tot_waypoints": 9}}
{"target": -4775.025713739797, "params": {"k_pid_pos": [2.0, 0.0, 0.03566962480545044], "k_pid_alt": [0.0, 0.0, 0.9353419542312622], "k_pid_att": [0.0, 10.0, 1.0], "k_pid_yaw": [0.5, 1e-06, 0.1], "k_pid_hsp": [9.999999747378752e-05, 1.0, 1.0], "k_pid_vsp": [4.018950462341309, 400.0, 400.0]}, "datetime": {"datetime": "2025-08-21 22:15:46", "elapsed": 48662.54718995094, "delta": 24.757639169692993}, "costs": {"total_cost": 4775.025713739797, "time_cost": 150, "final_distance_cost": 784.1095180768169, "oscillation_cost": 1114.1806973537678, "completition_cost": 1000.0, "overshoot_cost": 1632.8358402981848, "power_cost": 19.63302364501953, "noise_cost": 74.2666343660078, "n_waypoints_completed": 0, "tot_waypoints": 9}}
{"target": -10356.921530798758, "params": {"k_pid_pos": [1.938273310661316, 0.0, 0.0], "k_pid_alt": [0.0, 0.0, 1.0], "k_pid_att": [0.0, 10.0, 1.0], "k_pid_yaw": [0.5, 1e-06, 0.1], "k_pid_hsp": [0.22456645965576172, 0.9548150300979614, 1.0], "k_pid_vsp": [0.0, 381.74224853515625, 385.21759033203125]}, "datetime": {"datetime": "2025-08-21 22:16:10", "elapsed": 48686.5555562973, "delta": 24.008366346359253}, "costs": {"total_cost": 10356.921530798758, "time_cost": 150, "final_distance_cost": 2850.840186887999, "oscillation_cost": 2144.9240805947766, "completition_cost": 1000.0, "overshoot_cost": 4088.90073192057, "power_cost": 28.284630017089846, "noise_cost": 93.97190137832321, "n_waypoints_completed": 0, "tot_waypoints": 9}}
{"target": -4560.077769515087, "params": {"k_pid_pos": [1.8118661642074585, 0.17950794100761414, 0.0], "k_pid_alt": [0.0, 0.0, 0.9403144717216492], "k_pid_att": [0.26563405990600586, 10.0, 1.0], "k_pid_yaw": [0.5, 1e-06, 0.1], "k_pid_hsp": [0.734756588935852, 0.9602875709533691, 1.0], "k_pid_vsp": [0.0, 382.335205078125, 400.0]}, "datetime": {"datetime": "2025-08-21 22:16:34", "elapsed": 48710.79869008064, "delta": 24.243133783340454}, "costs": {"total_cost": 4560.077769515087, "time_cost": 150, "final_distance_cost": 878.4395400810236, "oscillation_cost": 1094.433989109493, "completition_cost": 1000.0, "overshoot_cost": 1339.492063924952, "power_cost": 21.14233522949219, "noise_cost": 76.56984117012574, "n_waypoints_completed": 0, "tot_waypoints": 9}}
{"target": -8650.33308121166, "params": {"k_pid_pos": [2.0, 0.05462527275085449, 0.008144527673721313], "k_pid_alt": [0.021810412406921387, 0.10342839360237122, 0.9792770147323608], "k_pid_att": [0.0, 10.0, 1.0], "k_pid_yaw": [0.5, 1e-06, 0.1], "k_pid_hsp": [0.40501055121421814, 1.0, 0.9974539279937744], "k_pid_vsp": [0.0, 400.0, 386.1904296875]}, "datetime": {"datetime": "2025-08-21 22:16:58", "elapsed": 48735.266287088394, "delta": 24.467597007751465}, "costs": {"total_cost": 8650.33308121166, "time_cost": 150, "final_distance_cost": 2478.9774425295636, "oscillation_cost": 1885.4113297550643, "completition_cost": 1000.0, "overshoot_cost": 3000.4706668504546, "power_cost": 33.874094006347654, "noise_cost": 101.59954807022876, "n_waypoints_completed": 0, "tot_waypoints": 9}}
{"target": -1630.4744533849264, "params": {"k_pid_pos": [2.0, 0.06664028763771057, 0.095431387424469], "k_pid_alt": [0.051853299140930176, 0.0, 1.0], "k_pid_att": [6.10729455947876, 9.972403526306152, 0.9514162540435791], "k_pid_yaw": [0.5, 1e-06, 0.1], "k_pid_hsp": [0.10529608279466629, 1.0, 0.8962852358818054], "k_pid_vsp": [50.97000503540039, 400.0, 400.0]}, "datetime": {"datetime": "2025-08-21 22:17:23", "elapsed": 48759.70399308205, "delta": 24.437705993652344}, "costs": {"total_cost": 1630.4744533849264, "time_cost": 150, "final_distance_cost": 103.13911846523091, "oscillation_cost": 263.0052187553035, "completition_cost": 1000.0, "overshoot_cost": 81.61163906165318, "power_cost": 15.173832690429688, "noise_cost": 17.544644412308923, "n_waypoints_completed": 0, "tot_waypoints": 9}}
{"target": -5383.654768046651, "params": {"k_pid_pos": [2.0, 0.005821704864501953, 0.0], "k_pid_alt": [0.11654132604598999, 0.0, 0.9444905519485474], "k_pid_att": [0.0, 10.0, 1.0], "k_pid_yaw": [0.5, 1e-06, 0.1], "k_pid_hsp": [9.999999747378752e-05, 1.0, 1.0], "k_pid_vsp": [9.945511817932129, 400.0, 378.27191162109375]}, "datetime": {"datetime": "2025-08-21 22:17:47", "elapsed": 48783.695140600204, "delta": 23.99114751815796}, "costs": {"total_cost": 5383.654768046651, "time_cost": 150, "final_distance_cost": 469.89248034613195, "oscillation_cost": 1445.6473947573265, "completition_cost": 1000.0, "overshoot_cost": 2180.0110834387265, "power_cost": 34.94892966308594, "noise_cost": 103.15487984137964, "n_waypoints_completed": 0, "tot_waypoints": 9}}
{"target": -14368.423320821168, "params": {"k_pid_pos": [1.8617480993270874, 0.0, 0.0694064199924469], "k_pid_alt": [0.0, 0.023336470127105713, 0.9592652320861816], "k_pid_att": [0.0, 10.0, 1.0], "k_pid_yaw": [0.5, 1e-06, 0.1], "k_pid_hsp": [9.999999747378752e-05, 1.0, 0.9770362377166748], "k_pid_vsp": [12.201285362243652, 400.0, 392.76171875]}, "datetime": {"datetime": "2025-08-21 22:18:10", "elapsed": 48807.320813417435, "delta": 23.625672817230225}, "costs": {"total_cost": 14368.423320821168, "time_cost": 150, "final_distance_cost": 2709.011269469373, "oscillation_cost": 2198.446317966478, "completition_cost": 1000.0, "overshoot_cost": 8173.986527174125, "power_cost": 34.55601159667969, "noise_cost": 102.42319461451292, "n_waypoints_completed": 0, "tot_waypoints": 9}}
{"target": -7775.289820263391, "params": {"k_pid_pos": [1.9518861770629883, 0.013668030500411987, 0.0], "k_pid_alt": [0.0, 0.0, 1.0], "k_pid_att": [0.0, 9.047492980957031, 1.0], "k_pid_yaw": [0.5, 1e-06, 0.1], "k_pid_hsp": [9.999999747378752e-05, 0.950884222984314, 1.0], "k_pid_vsp": [37.15852355957031, 394.8258972167969, 395.9519348144531]}, "datetime": {"datetime": "2025-08-21 22:18:35", "elapsed": 48831.84217643738, "delta": 24.521363019943237}, "costs": {"total_cost": 7775.289820263391, "time_cost": 150, "final_distance_cost": 1835.347707998483, "oscillation_cost": 815.0032822577215, "completition_cost": 1000.0, "overshoot_cost": 3887.175268117066, "power_cost": 17.658708703613282, "noise_cost": 70.10485318650692, "n_waypoints_completed": 0, "tot_waypoints": 9}}
{"target": -3302.2035178865726, "params": {"k_pid_pos": [2.0, 0.0, 0.0], "k_pid_alt": [0.03817564249038696, 0.0, 1.0], "k_pid_att": [6.846794605255127, 9.960868835449219, 0.9960015416145325], "k_pid_yaw": [0.5, 1e-06, 0.1], "k_pid_hsp": [0.6484919190406799, 0.9889188408851624, 0.9795153141021729], "k_pid_vsp": [29.29893684387207, 389.5754699707031, 400.0]}, "datetime": {"datetime": "2025-08-21 22:18:59", "elapsed": 48856.14729952812, "delta": 24.30512309074402}, "costs": {"total_cost": 3302.2035178865726, "time_cost": 150, "final_distance_cost": 772.8199954351547, "oscillation_cost": 203.78313980996913, "completition_cost": 1000.0, "overshoot_cost": 1139.4842983403844, "power_cost": 20.452275256347658, "noise_cost": 15.663809044717047, "n_waypoints_completed": 0, "tot_waypoints": 9}}
{"target": -4799.479259918559, "params": {"k_pid_pos": [2.0, 0.0411950945854187, 0.05291697382926941], "k_pid_alt": [0.014398396015167236, 0.0, 0.9449449181556702], "k_pid_att": [0.0, 9.707486152648926, 0.968712568283081], "k_pid_yaw": [0.5, 1e-06, 0.1], "k_pid_hsp": [0.9744348526000977, 0.892363429069519, 1.0], "k_pid_vsp": [40.43672180175781, 400.0, 395.8298034667969]}, "datetime": {"datetime": "2025-08-21 22:19:23", "elapsed": 48879.80628824234, "delta": 23.65898871421814}, "costs": {"total_cost": 4799.479259918559, "time_cost": 150, "final_distance_cost": 309.61561857151594, "oscillation_cost": 2089.38096110948, "completition_cost": 1000.0, "overshoot_cost": 1122.90739240077, "power_cost": 31.311883410644533, "noise_cost": 96.26340442614944, "n_waypoints_completed": 0, "tot_waypoints": 9}}
{"target": -15918.762940784543, "params": {"k_pid_pos": [2.0, 0.0, 0.0], "k_pid_alt": [0.15333294868469238, 0.026701122522354126, 1.0], "k_pid_att": [0.0, 10.0, 1.0], "k_pid_yaw": [0.5, 1e-06, 0.1], "k_pid_hsp": [0.7750366926193237, 1.0, 0.9311991930007935], "k_pid_vsp": [1.519322395324707, 400.0, 400.0]}, "datetime": {"datetime": "2025-08-21 22:19:48", "elapsed": 48904.67159700394, "delta": 24.86530876159668}, "costs": {"total_cost": 15918.762940784543, "time_cost": 150, "final_distance_cost": 4409.886694767436, "oscillation_cost": 2296.297094275931, "completition_cost": 1000.0, "overshoot_cost": 7929.29007555479, "power_cost": 33.1430398803711, "noise_cost": 100.14603630601675, "n_waypoints_completed": 0, "tot_waypoints": 9}}
{"target": -4662.02010241706, "params": {"k_pid_pos": [2.0, 0.01805177330970764, 0.03477293252944946], "k_pid_alt": [0.1233900785446167, 0.0, 0.9610576629638672], "k_pid_att": [0.0, 10.0, 1.0], "k_pid_yaw": [0.5, 1e-06, 0.1], "k_pid_hsp": [9.999999747378752e-05, 0.9627088308334351, 1.0], "k_pid_vsp": [3.6652207374572754, 400.0, 385.6498107910156]}, "datetime": {"datetime": "2025-08-21 22:20:11", "elapsed": 48928.37128639221, "delta": 23.699689388275146}, "costs": {"total_cost": 4662.02010241706, "time_cost": 150, "final_distance_cost": 541.876067655233, "oscillation_cost": 1757.630518309983, "completition_cost": 1000.0, "overshoot_cost": 1080.1086867889346, "power_cost": 33.017709802246095, "noise_cost": 99.38711986066374, "n_waypoints_completed": 0, "tot_waypoints": 9}}
