{"target": -2228.6095787324175, "params": {"k_pid_pos": [1.979354739189148, 0.0483478307723999, 0.09364667534828186], "k_pid_alt": [0.0, 0.03665152192115784, 0.9889101982116699], "k_pid_att": [0.9030908346176147, 9.558175086975098, 0.9424378275871277], "k_pid_yaw": [0.5, 1e-06, 0.1], "k_pid_hsp": [0.20569492876529694, 1.0, 0.9468839168548584], "k_pid_vsp": [0.5063891410827637, 400.0, 400.0]}, "datetime": {"datetime": "2025-08-21 18:14:31", "elapsed": 34187.62010407448, "delta": 24.382625818252563}, "costs": {"total_cost": 2228.6095787324175, "time_cost": 150, "final_distance_cost": 96.68898721296614, "oscillation_cost": 596.3895132320802, "completition_cost": 1000.0, "overshoot_cost": 262.2381169236933, "power_cost": 30.8862181640625, "noise_cost": 92.40674319961566, "n_waypoints_completed": 0, "tot_waypoints": 9}}
{"target": -1752.5811259442314, "params": {"k_pid_pos": [1.9667963981628418, 0.06691759824752808, 0.011844217777252197], "k_pid_alt": [0.04483389854431152, 0.03759858012199402, 0.9623489379882812], "k_pid_att": [3.146117925643921, 9.187169075012207, 0.9805049300193787], "k_pid_yaw": [0.5, 1e-06, 0.1], "k_pid_hsp": [0.6022153496742249, 1.0, 1.0], "k_pid_vsp": [16.759944915771484, 400.0, 400.0]}, "datetime": {"datetime": "2025-08-21 18:14:54", "elapsed": 34211.2522187233, "delta": 23.63211464881897}, "costs": {"total_cost": 1752.5811259442314, "time_cost": 150, "final_distance_cost": 66.23418454571618, "oscillation_cost": 304.569163187757, "completition_cost": 1000.0, "overshoot_cost": 170.3322879860729, "power_cost": 19.865966577148438, "noise_cost": 41.57952364753683, "n_waypoints_completed": 0, "tot_waypoints": 9}}
{"target": -10705.065211626184, "params": {"k_pid_pos": [1.9928098917007446, 0.05762627720832825, 0.0], "k_pid_alt": [0.0, 0.0, 1.0], "k_pid_att": [0.0, 9.65788745880127, 0.8504356145858765], "k_pid_yaw": [0.5, 1e-06, 0.1], "k_pid_hsp": [1.2906659841537476, 1.0, 0.9629601240158081], "k_pid_vsp": [0.0, 400.0, 400.0]}, "datetime": {"datetime": "2025-08-21 18:15:18", "elapsed": 34234.62253904343, "delta": 23.370320320129395}, "costs": {"total_cost": 10705.065211626184, "time_cost": 150, "final_distance_cost": 3546.877356220523, "oscillation_cost": 1626.1544842848452, "completition_cost": 1000.0, "overshoot_cost": 4265.840355654642, "power_cost": 26.788266931152346, "noise_cost": 89.40474853502225, "n_waypoints_completed": 0, "tot_waypoints": 9}}
{"target": -1586.3561548273628, "params": {"k_pid_pos": [2.0, 0.07707753777503967, 0.0], "k_pid_alt": [0.0, 0.0, 0.9578081369400024], "k_pid_att": [4.5098066329956055, 10.0, 1.0], "k_pid_yaw": [0.5, 1e-06, 0.1], "k_pid_hsp": [0.6793525218963623, 1.0, 0.9848227500915527], "k_pid_vsp": [0.0, 386.16851806640625, 376.15899658203125]}, "datetime": {"datetime": "2025-08-21 18:15:42", "elapsed": 34259.305158138275, "delta": 24.682619094848633}, "costs": {"total_cost": 1586.3561548273628, "time_cost": 150, "final_distance_cost": 22.725249380328382, "oscillation_cost": 302.2147384467336, "completition_cost": 1000.0, "overshoot_cost": 69.14246785016347, "power_cost": 21.686307678222658, "noise_cost": 20.587391471914763, "n_waypoints_completed": 0, "tot_waypoints": 9}}
{"target": -10924.791967340527, "params": {"k_pid_pos": [1.8749973773956299, 0.0, 0.0], "k_pid_alt": [0.014228403568267822, 0.06953287124633789, 0.9366379976272583], "k_pid_att": [0.0, 10.0, 0.9962868690490723], "k_pid_yaw": [0.5, 1e-06, 0.1], "k_pid_hsp": [9.999999747378752e-05, 0.9152317047119141, 0.9777299165725708], "k_pid_vsp": [0.0, 384.3792419433594, 400.0]}, "datetime": {"datetime": "2025-08-21 18:16:06", "elapsed": 34283.15579032898, "delta": 23.850632190704346}, "costs": {"total_cost": 10924.791967340527, "time_cost": 150, "final_distance_cost": 3316.6453834551257, "oscillation_cost": 2225.488040379564, "completition_cost": 1000.0, "overshoot_cost": 4094.542691042736, "power_cost": 34.96531588134766, "noise_cost": 103.15053658175349, "n_waypoints_completed": 0, "tot_waypoints": 9}}
{"target": -8608.197588236262, "params": {"k_pid_pos": [2.0, 0.0, 0.033404022455215454], "k_pid_alt": [0.14866679906845093, 0.05171963572502136, 1.0], "k_pid_att": [0.0, 10.0, 1.0], "k_pid_yaw": [0.5, 1e-06, 0.1], "k_pid_hsp": [9.999999747378752e-05, 1.0, 0.9556669592857361], "k_pid_vsp": [0.0, 400.0, 399.4347229003906]}, "datetime": {"datetime": "2025-08-21 18:16:30", "elapsed": 34306.570288181305, "delta": 23.41449785232544}, "costs": {"total_cost": 8608.197588236262, "time_cost": 150, "final_distance_cost": 2519.5213801811346, "oscillation_cost": 2106.571002475243, "completition_cost": 1000.0, "overshoot_cost": 2694.1592748386884, "power_cost": 34.811556738281254, "noise_cost": 103.13437400291457, "n_waypoints_completed": 0, "tot_waypoints": 9}}
{"target": -2251.108133552503, "params": {"k_pid_pos": [1.9748725891113281, 0.0, 0.05462870001792908], "k_pid_alt": [0.0, 0.02716246247291565, 0.9086320996284485], "k_pid_att": [1.1105716228485107, 10.0, 1.0], "k_pid_yaw": [0.5, 1e-06, 0.1], "k_pid_hsp": [9.999999747378752e-05, 1.0, 1.0], "k_pid_vsp": [8.879613876342773, 389.9666442871094, 400.0]}, "datetime": {"datetime": "2025-08-21 18:16:54", "elapsed": 34330.98209857941, "delta": 24.411810398101807}, "costs": {"total_cost": 2251.108133552503, "time_cost": 150, "final_distance_cost": 97.74423780844866, "oscillation_cost": 673.2519531766617, "completition_cost": 1000.0, "overshoot_cost": 214.41997683260757, "power_cost": 29.158557751464844, "noise_cost": 86.53340798332066, "n_waypoints_completed": 0, "tot_waypoints": 9}}
{"target": -6259.160215987149, "params": {"k_pid_pos": [1.8787277936935425, 0.0, 0.0336359441280365], "k_pid_alt": [0.0, 0.0, 0.9620862007141113], "k_pid_att": [0.0, 10.0, 1.0], "k_pid_yaw": [0.5, 1e-06, 0.1], "k_pid_hsp": [9.999999747378752e-05, 0.9717023968696594, 1.0], "k_pid_vsp": [37.55029296875, 400.0, 382.64111328125]}, "datetime": {"datetime": "2025-08-21 18:17:18", "elapsed": 34354.78494167328, "delta": 23.80284309387207}, "costs": {"total_cost": 6259.160215987149, "time_cost": 150, "final_distance_cost": 1250.3306785173763, "oscillation_cost": 839.7957371900105, "completition_cost": 1000.0, "overshoot_cost": 2927.646914267783, "power_cost": 18.681464978027346, "noise_cost": 72.70542103395205, "n_waypoints_completed": 0, "tot_waypoints": 9}}
{"target": -5241.923578641188, "params": {"k_pid_pos": [1.9755723476409912, 0.0, 0.029339462518692017], "k_pid_alt": [0.06958776712417603, 0.05555802583694458, 0.9207788705825806], "k_pid_att": [0.0, 9.76533031463623, 0.9592634439468384], "k_pid_yaw": [0.5, 1e-06, 0.1], "k_pid_hsp": [9.999999747378752e-05, 1.0, 0.9691270589828491], "k_pid_vsp": [9.277868270874023, 400.0, 400.0]}, "datetime": {"datetime": "2025-08-21 18:17:41", "elapsed": 34378.03250193596, "delta": 23.247560262680054}, "costs": {"total_cost": 5241.923578641188, "time_cost": 150, "final_distance_cost": 800.9902799413732, "oscillation_cost": 1309.0484400861608, "completition_cost": 1000.0, "overshoot_cost": 1856.2387387420226, "power_cost": 31.081283618164065, "noise_cost": 94.56483625346736, "n_waypoints_completed": 0, "tot_waypoints": 9}}
{"target": -9952.972067554225, "params": {"k_pid_pos": [1.8976936340332031, 0.03793874382972717, 0.0], "k_pid_alt": [0.0, 0.00392383337020874, 0.9381699562072754], "k_pid_att": [0.0, 10.0, 1.0], "k_pid_yaw": [0.5, 1e-06, 0.1], "k_pid_hsp": [9.999999747378752e-05, 0.9686399102210999, 0.9998685121536255], "k_pid_vsp": [0.0, 400.0, 400.0]}, "datetime": {"datetime": "2025-08-21 18:18:06", "elapsed": 34403.177875995636, "delta": 25.145374059677124}, "costs": {"total_cost": 9952.972067554225, "time_cost": 150, "final_distance_cost": 2344.5335447300695, "oscillation_cost": 1004.7652528546948, "completition_cost": 1000.0, "overshoot_cost": 5324.072493752359, "power_cost": 32.35941827392578, "noise_cost": 97.2413579431761, "n_waypoints_completed": 0, "tot_waypoints": 9}}
{"target": -1814.9623094648255, "params": {"k_pid_pos": [2.0, 0.11433371901512146, 0.02341577410697937], "k_pid_alt": [0.0, 0.0, 1.0], "k_pid_att": [1.9623607397079468, 9.034341812133789, 1.0], "k_pid_yaw": [0.5, 1e-06, 0.1], "k_pid_hsp": [0.06082281842827797, 0.9758267402648926, 0.9420450329780579], "k_pid_vsp": [0.0, 400.0, 375.9936828613281]}, "datetime": {"datetime": "2025-08-21 18:18:30", "elapsed": 34426.68432807922, "delta": 23.506452083587646}, "costs": {"total_cost": 1814.9623094648255, "time_cost": 150, "final_distance_cost": 1.3219560212436345, "oscillation_cost": 422.6300913912534, "completition_cost": 1000.0, "overshoot_cost": 159.27946962821346, "power_cost": 15.804686865234375, "noise_cost": 65.9261055588806, "n_waypoints_completed": 0, "tot_waypoints": 9}}
{"target": -6167.2603478882575, "params": {"k_pid_pos": [2.0, 0.0012920796871185303, 0.08151444792747498], "k_pid_alt": [0.0, 0.014783769845962524, 0.9839566946029663], "k_pid_att": [0.0, 9.31959342956543, 0.9818601608276367], "k_pid_yaw": [0.5, 1e-06, 0.1], "k_pid_hsp": [9.999999747378752e-05, 1.0, 1.0], "k_pid_vsp": [0.0, 400.0, 400.0]}, "datetime": {"datetime": "2025-08-21 18:18:55", "elapsed": 34452.09104990959, "delta": 25.406721830368042}, "costs": {"total_cost": 6167.2603478882575, "time_cost": 150, "final_distance_cost": 494.0774690221687, "oscillation_cost": 1673.6014254795168, "completition_cost": 1000.0, "overshoot_cost": 2711.930452679565, "power_cost": 34.739715454101564, "noise_cost": 102.91128525290539, "n_waypoints_completed": 0, "tot_waypoints": 9}}
{"target": -1747.131732815341, "params": {"k_pid_pos": [2.0, 0.003334552049636841, 0.0], "k_pid_alt": [0.0, 0.0, 0.9587373733520508], "k_pid_att": [3.691563129425049, 10.0, 0.989215612411499], "k_pid_yaw": [0.5, 1e-06, 0.1], "k_pid_hsp": [0.4613441228866577, 1.0, 0.989743709564209], "k_pid_vsp": [5.731308460235596, 400.0, 371.4276428222656]}, "datetime": {"datetime": "2025-08-21 18:19:20", "elapsed": 34476.783684015274, "delta": 24.692634105682373}, "costs": {"total_cost": 1747.131732815341, "time_cost": 150, "final_distance_cost": 36.11051186929689, "oscillation_cost": 300.1148559422966, "completition_cost": 1000.0, "overshoot_cost": 188.6069944887948, "power_cost": 13.293975036621095, "noise_cost": 59.00539547833163, "n_waypoints_completed": 0, "tot_waypoints": 9}}
{"target": -6031.989178469321, "params": {"k_pid_pos": [1.9987787008285522, 0.015604287385940552, 0.035203397274017334], "k_pid_alt": [0.0, 0.033304810523986816, 1.0], "k_pid_att": [0.0, 10.0, 1.0], "k_pid_yaw": [0.5, 1e-06, 0.1], "k_pid_hsp": [9.999999747378752e-05, 1.0, 0.9547615051269531], "k_pid_vsp": [43.44221496582031, 381.9289855957031, 366.79693603515625]}, "datetime": {"datetime": "2025-08-21 18:19:43", "elapsed": 34499.909137010574, "delta": 23.125452995300293}, "costs": {"total_cost": 6031.989178469321, "time_cost": 150, "final_distance_cost": 941.8607670765555, "oscillation_cost": 1935.767508544489, "completition_cost": 1000.0, "overshoot_cost": 1878.299740193259, "power_cost": 31.02607595214844, "noise_cost": 95.03508670286905, "n_waypoints_completed": 0, "tot_waypoints": 9}}
{"target": -2166.1171388720995, "params": {"k_pid_pos": [2.0, 0.053293049335479736, 0.007353782653808594], "k_pid_alt": [0.05845224857330322, 0.025771379470825195, 1.0], "k_pid_att": [3.8006515502929688, 9.75803279876709, 0.9824608564376831], "k_pid_yaw": [0.5, 1e-06, 0.1], "k_pid_hsp": [0.12211932241916656, 0.8799184560775757, 1.0], "k_pid_vsp": [0.0, 400.0, 394.1910400390625]}, "datetime": {"datetime": "2025-08-21 18:20:08", "elapsed": 34524.896102428436, "delta": 24.98696541786194}, "costs": {"total_cost": 2166.1171388720995, "time_cost": 150, "final_distance_cost": 170.66441251024065, "oscillation_cost": 284.7130244746354, "completition_cost": 1000.0, "overshoot_cost": 521.2528398400657, "power_cost": 19.58182120361328, "noise_cost": 19.90504084354456, "n_waypoints_completed": 0, "tot_waypoints": 9}}
{"target": -8273.545349132008, "params": {"k_pid_pos": [2.0, 0.03958284854888916, 0.10559698939323425], "k_pid_alt": [0.1578129529953003, 0.0, 1.0], "k_pid_att": [0.0, 9.537490844726562, 0.960242509841919], "k_pid_yaw": [0.5, 1e-06, 0.1], "k_pid_hsp": [9.999999747378752e-05, 1.0, 1.0], "k_pid_vsp": [0.0, 400.0, 400.0]}, "datetime": {"datetime": "2025-08-21 18:20:32", "elapsed": 34548.689526081085, "delta": 23.793423652648926}, "costs": {"total_cost": 8273.545349132008, "time_cost": 150, "final_distance_cost": 2023.3769239374324, "oscillation_cost": 942.3873328289274, "completition_cost": 1000.0, "overshoot_cost": 4025.712795136662, "power_cost": 33.306226171875004, "noise_cost": 98.76207105711053, "n_waypoints_completed": 0, "tot_waypoints": 9}}
{"target": -7475.443037752979, "params": {"k_pid_pos": [2.0, 0.12797421216964722, 0.0], "k_pid_alt": [0.17368543148040771, 0.0, 0.9814823865890503], "k_pid_att": [0.0, 9.979323387145996, 0.9608858227729797], "k_pid_yaw": [0.5, 1e-06, 0.1], "k_pid_hsp": [9.999999747378752e-05, 0.9247488975524902, 1.0], "k_pid_vsp": [0.0, 400.0, 375.1680908203125]}, "datetime": {"datetime": "2025-08-21 18:20:56", "elapsed": 34573.37541651726, "delta": 24.685890436172485}, "costs": {"total_cost": 7475.443037752979, "time_cost": 150, "final_distance_cost": 1525.7207139701557, "oscillation_cost": 1131.0140909300267, "completition_cost": 1000.0, "overshoot_cost": 3539.9124914294416, "power_cost": 32.098746166992186, "noise_cost": 96.69699525636277, "n_waypoints_completed": 0, "tot_waypoints": 9}}
{"target": -1653.5953711603747, "params": {"k_pid_pos": [1.9779711961746216, 0.0, 0.0], "k_pid_alt": [0.0, 0.0, 1.0], "k_pid_att": [4.610419273376465, 9.248065948486328, 1.0], "k_pid_yaw": [0.5, 1e-06, 0.1], "k_pid_hsp": [0.5987907648086548, 0.9152219295501709, 1.0], "k_pid_vsp": [27.10733413696289, 383.6317443847656, 397.9849853515625]}, "datetime": {"datetime": "2025-08-21 18:21:21", "elapsed": 34598.16186094284, "delta": 24.786444425582886}, "costs": {"total_cost": 1653.5953711603747, "time_cost": 150, "final_distance_cost": 9.289646179380837, "oscillation_cost": 315.22978513365996, "completition_cost": 1000.0, "overshoot_cost": 108.82540857400188, "power_cost": 23.2383228515625, "noise_cost": 47.01220842176955, "n_waypoints_completed": 0, "tot_waypoints": 9}}
{"target": -6205.304745044384, "params": {"k_pid_pos": [2.0, 0.0, 0.1444406509399414], "k_pid_alt": [0.09793847799301147, 0.0, 0.9505058526992798], "k_pid_att": [0.0, 9.601658821105957, 0.984675943851471], "k_pid_yaw": [0.5, 1e-06, 0.1], "k_pid_hsp": [9.999999747378752e-05, 0.9802784323692322, 1.0], "k_pid_vsp": [0.0, 400.0, 400.0]}, "datetime": {"datetime": "2025-08-21 18:21:45", "elapsed": 34621.903645038605, "delta": 23.74178409576416}, "costs": {"total_cost": 6205.304745044384, "time_cost": 150, "final_distance_cost": 795.5150262222631, "oscillation_cost": 1977.4530443931533, "completition_cost": 1000.0, "overshoot_cost": 2153.66696734031, "power_cost": 31.816250634765627, "noise_cost": 96.85345645389188, "n_waypoints_completed": 0, "tot_waypoints": 9}}
{"target": -2459.2608550720647, "params": {"k_pid_pos": [1.9652365446090698, 0.00847768783569336, 0.03311049938201904], "k_pid_alt": [0.06493782997131348, 0.08475109934806824, 1.0], "k_pid_att": [5.307689189910889, 10.0, 0.9639367461204529], "k_pid_yaw": [0.5, 1e-06, 0.1], "k_pid_hsp": [0.38441765308380127, 0.9374492168426514, 1.0], "k_pid_vsp": [0.4046797752380371, 346.595703125, 377.2748107910156]}, "datetime": {"datetime": "2025-08-21 18:22:09", "elapsed": 34646.29071855545, "delta": 24.387073516845703}, "costs": {"total_cost": 2459.2608550720647, "time_cost": 150, "final_distance_cost": 448.3190214008314, "oscillation_cost": 267.42411495308517, "completition_cost": 1000.0, "overshoot_cost": 551.7238695225413, "power_cost": 19.835929565429687, "noise_cost": 21.95791963017752, "n_waypoints_completed": 0, "tot_waypoints": 9}}
{"target": -1845.2093491966282, "params": {"k_pid_pos": [2.0, 0.05485987663269043, 0.0011408627033233643], "k_pid_alt": [0.0451810359954834, 0.030838489532470703, 0.9452917575836182], "k_pid_att": [2.2981226444244385, 10.0, 1.0], "k_pid_yaw": [0.5, 1e-06, 0.1], "k_pid_hsp": [9.999999747378752e-05, 0.9867280721664429, 0.8691520690917969], "k_pid_vsp": [0.0, 397.269287109375, 400.0]}, "datetime": {"datetime": "2025-08-21 18:22:35", "elapsed": 34671.52400255203, "delta": 25.23328399658203}, "costs": {"total_cost": 1845.2093491966282, "time_cost": 150, "final_distance_cost": 11.607791295254659, "oscillation_cost": 426.04397628685473, "completition_cost": 1000.0, "overshoot_cost": 144.1685905108492, "power_cost": 28.363683740234375, "noise_cost": 85.02530736343519, "n_waypoints_completed": 0, "tot_waypoints": 9}}
{"target": -6550.91985002379, "params": {"k_pid_pos": [2.0, 0.0, 0.0], "k_pid_alt": [0.1361924409866333, 0.12333178520202637, 0.9987009167671204], "k_pid_att": [0.13939738273620605, 10.0, 1.0], "k_pid_yaw": [0.5, 1e-06, 0.1], "k_pid_hsp": [0.3232683539390564, 1.0, 1.0], "k_pid_vsp": [0.0, 384.47576904296875, 400.0]}, "datetime": {"datetime": "2025-08-21 18:22:57", "elapsed": 34694.03436422348, "delta": 22.510361671447754}, "costs": {"total_cost": 6550.91985002379, "time_cost": 150, "final_distance_cost": 1081.3677754825032, "oscillation_cost": 1927.0395458619635, "completition_cost": 1000.0, "overshoot_cost": 2257.5819084288196, "power_cost": 33.820833959960936, "noise_cost": 101.1097862905433, "n_waypoints_completed": 0, "tot_waypoints": 9}}
{"target": -6661.481656735675, "params": {"k_pid_pos": [1.9850573539733887, 0.021433770656585693, 0.0], "k_pid_alt": [0.04982191324234009, 0.032171398401260376, 0.9611994028091431], "k_pid_att": [0.0, 10.0, 1.0], "k_pid_yaw": [0.5, 1e-06, 0.1], "k_pid_hsp": [0.3423348069190979, 1.0, 0.9718063473701477], "k_pid_vsp": [0.0, 398.94061279296875, 400.0]}, "datetime": {"datetime": "2025-08-21 18:23:22", "elapsed": 34719.29135155678, "delta": 25.25698733329773}, "costs": {"total_cost": 6661.481656735675, "time_cost": 150, "final_distance_cost": 1667.9565372277812, "oscillation_cost": 1835.7807758119454, "completition_cost": 1000.0, "overshoot_cost": 1870.314867345649, "power_cost": 34.63091870117188, "noise_cost": 102.79855764912706, "n_waypoints_completed": 0, "tot_waypoints": 9}}
{"target": -15881.12180561652, "params": {"k_pid_pos": [2.0, 0.0, 0.0], "k_pid_alt": [0.1667238473892212, 0.09001216292381287, 0.9714328050613403], "k_pid_att": [0.0, 9.253767967224121, 1.0], "k_pid_yaw": [0.5, 1e-06, 0.1], "k_pid_hsp": [0.5047546625137329, 1.0, 0.9549444913864136], "k_pid_vsp": [39.25697708129883, 400.0, 400.0]}, "datetime": {"datetime": "2025-08-21 18:23:46", "elapsed": 34743.24327421188, "delta": 23.95192265510559}, "costs": {"total_cost": 15881.12180561652, "time_cost": 150, "final_distance_cost": 4224.965623323345, "oscillation_cost": 2265.9794761787293, "completition_cost": 1000.0, "overshoot_cost": 8108.247582941449, "power_cost": 32.70470439453125, "noise_cost": 99.22441877846471, "n_waypoints_completed": 0, "tot_waypoints": 9}}
{"target": -1699.3924744345447, "params": {"k_pid_pos": [1.9690736532211304, 0.01533055305480957, 0.06270265579223633], "k_pid_alt": [0.0, 0.0, 1.0], "k_pid_att": [8.896488189697266, 9.673588752746582, 0.9310582280158997], "k_pid_yaw": [0.5, 1e-06, 0.1], "k_pid_hsp": [9.999999747378752e-05, 1.0, 1.0], "k_pid_vsp": [6.9671630859375, 400.0, 392.447509765625]}, "datetime": {"datetime": "2025-08-21 18:24:10", "elapsed": 34766.54213094711, "delta": 23.298856735229492}, "costs": {"total_cost": 1699.3924744345447, "time_cost": 150, "final_distance_cost": 5.604652662434244, "oscillation_cost": 339.57651259033156, "completition_cost": 1000.0, "overshoot_cost": 133.60391205393404, "power_cost": 17.810113830566408, "noise_cost": 52.797283297278426, "n_waypoints_completed": 0, "tot_waypoints": 9}}
{"target": -8576.492196809273, "params": {"k_pid_pos": [1.9639391899108887, 0.03088247776031494, 0.0], "k_pid_alt": [0.0, 0.0, 0.9062046408653259], "k_pid_att": [0.0, 9.517558097839355, 1.0], "k_pid_yaw": [0.5, 1e-06, 0.1], "k_pid_hsp": [9.999999747378752e-05, 0.8949502110481262, 0.8969031572341919], "k_pid_vsp": [0.0, 379.2879943847656, 380.934814453125]}, "datetime": {"datetime": "2025-08-21 18:24:34", "elapsed": 34791.33268117905, "delta": 24.790550231933594}, "costs": {"total_cost": 8576.492196809273, "time_cost": 150, "final_distance_cost": 2262.2263255541, "oscillation_cost": 716.8885604421721, "completition_cost": 1000.0, "overshoot_cost": 4368.164865107047, "power_cost": 14.892105981445313, "noise_cost": 64.32033972450633, "n_waypoints_completed": 0, "tot_waypoints": 9}}
{"target": -6720.824781580165, "params": {"k_pid_pos": [1.89438796043396, 0.07725471258163452, 0.0], "k_pid_alt": [0.0, 0.0, 1.0], "k_pid_att": [0.0, 10.0, 0.9796682000160217], "k_pid_yaw": [0.5, 1e-06, 0.1], "k_pid_hsp": [9.999999747378752e-05, 0.9844444990158081, 0.9133769273757935], "k_pid_vsp": [0.0, 380.8229064941406, 400.0]}, "datetime": {"datetime": "2025-08-21 18:24:59", "elapsed": 34815.59832191467, "delta": 24.26564073562622}, "costs": {"total_cost": 6720.824781580165, "time_cost": 150, "final_distance_cost": 1261.9044498927562, "oscillation_cost": 1229.3502000888586, "completition_cost": 1000.0, "overshoot_cost": 2981.8675576008723, "power_cost": 20.789338684082033, "noise_cost": 76.91323531359527, "n_waypoints_completed": 0, "tot_waypoints": 9}}
{"target": -18843.136425630193, "params": {"k_pid_pos": [1.990126132965088, 0.0, 0.0], "k_pid_alt": [0.010190308094024658, 0.0, 0.8733696341514587], "k_pid_att": [0.0, 9.97490406036377, 0.9441250562667847], "k_pid_yaw": [0.5, 1e-06, 0.1], "k_pid_hsp": [0.0077132247388362885, 1.0, 1.0], "k_pid_vsp": [0.0, 347.9249267578125, 400.0]}, "datetime": {"datetime": "2025-08-21 18:25:22", "elapsed": 34838.946697473526, "delta": 23.34837555885315}, "costs": {"total_cost": 18843.136425630193, "time_cost": 150, "final_distance_cost": 6331.131583822975, "oscillation_cost": 1613.2978015831345, "completition_cost": 1000.0, "overshoot_cost": 9612.280850884086, "power_cost": 34.37555017089844, "noise_cost": 102.05063916910312, "n_waypoints_completed": 0, "tot_waypoints": 9}}
