{"target": -2951.574932357016, "params": {"k_pid_pos": [1.950684666633606, 0.0, 0.0], "k_pid_alt": [0.22914135456085205, 0.02122911810874939, 1.0], "k_pid_att": [6.25895881652832, 8.93668270111084, 0.98374342918396], "k_pid_yaw": [0.5, 1e-06, 0.1], "k_pid_hsp": [9.999999747378752e-05, 1.0, 0.9552004337310791], "k_pid_vsp": [0.0, 388.56463623046875, 400.0]}, "datetime": {"datetime": "2025-08-22 00:50:54", "elapsed": 57971.38826084137, "delta": 22.468809127807617}, "costs": {"total_cost": 2951.574932357016, "time_cost": 150, "final_distance_cost": 404.4119755207026, "oscillation_cost": 242.6605298926467, "completition_cost": 1000.0, "overshoot_cost": 1113.6611354121828, "power_cost": 20.404639904785157, "noise_cost": 20.436651626698886, "n_waypoints_completed": 0, "tot_waypoints": 9}}
{"target": -6867.887315012175, "params": {"k_pid_pos": [1.9287285804748535, 0.0, 0.009344220161437988], "k_pid_alt": [0.0, 0.0, 0.9778646230697632], "k_pid_att": [0.0, 9.809764862060547, 0.9958515763282776], "k_pid_yaw": [0.5, 1e-06, 0.1], "k_pid_hsp": [9.999999747378752e-05, 0.9697164297103882, 1.0], "k_pid_vsp": [0.0, 370.6923828125, 400.0]}, "datetime": {"datetime": "2025-08-22 00:51:15", "elapsed": 57992.02614092827, "delta": 20.637880086898804}, "costs": {"total_cost": 6867.887315012175, "time_cost": 150, "final_distance_cost": 1714.0416783956937, "oscillation_cost": 766.502301237429, "completition_cost": 1000.0, "overshoot_cost": 3158.680549027356, "power_cost": 14.787245043945314, "noise_cost": 63.8755413077505, "n_waypoints_completed": 0, "tot_waypoints": 9}}
{"target": -1755.7052838560437, "params": {"k_pid_pos": [1.9255049228668213, 0.04784131050109863, 0.05530279874801636], "k_pid_alt": [0.005657613277435303, 0.0, 0.9355117082595825], "k_pid_att": [4.222604751586914, 9.879827499389648, 1.0], "k_pid_yaw": [0.5, 1e-06, 0.1], "k_pid_hsp": [0.1000327467918396, 0.9640288352966309, 0.9239687323570251], "k_pid_vsp": [0.0, 396.14208984375, 383.82061767578125]}, "datetime": {"datetime": "2025-08-22 00:51:38", "elapsed": 58015.09548974037, "delta": 23.06934881210327}, "costs": {"total_cost": 1755.7052838560437, "time_cost": 150, "final_distance_cost": 40.80979215937015, "oscillation_cost": 282.6564356400118, "completition_cost": 1000.0, "overshoot_cost": 188.76103816458962, "power_cost": 23.925700048828126, "noise_cost": 69.55231784324411, "n_waypoints_completed": 0, "tot_waypoints": 9}}
{"target": -2216.176320269913, "params": {"k_pid_pos": [2.0, 0.0, 0.0], "k_pid_alt": [0.006226718425750732, 0.0, 1.0], "k_pid_att": [1.4251559972763062, 10.0, 1.0], "k_pid_yaw": [0.5, 1e-06, 0.1], "k_pid_hsp": [9.999999747378752e-05, 0.9787918925285339, 0.8419197797775269], "k_pid_vsp": [0.0, 399.4609069824219, 379.742431640625]}, "datetime": {"datetime": "2025-08-22 00:51:58", "elapsed": 58035.3217856884, "delta": 20.226295948028564}, "costs": {"total_cost": 2216.176320269913, "time_cost": 150, "final_distance_cost": 73.02644277842067, "oscillation_cost": 629.4672672263979, "completition_cost": 1000.0, "overshoot_cost": 238.7248546443514, "power_cost": 31.365991601562502, "noise_cost": 93.59176401918027, "n_waypoints_completed": 0, "tot_waypoints": 9}}
{"target": -2933.033851816199, "params": {"k_pid_pos": [2.0, 0.010006308555603027, 0.0], "k_pid_alt": [0.0, 0.0, 0.9181329011917114], "k_pid_att": [0.0, 10.0, 0.9710561633110046], "k_pid_yaw": [0.5, 1e-06, 0.1], "k_pid_hsp": [0.8857705593109131, 0.9493178129196167, 0.877726674079895], "k_pid_vsp": [33.896446228027344, 392.4910888671875, 400.0]}, "datetime": {"datetime": "2025-08-22 00:52:21", "elapsed": 58057.86566114426, "delta": 22.543875455856323}, "costs": {"total_cost": 2933.033851816199, "time_cost": 150, "final_distance_cost": 204.72442472393075, "oscillation_cost": 1139.3397710956533, "completition_cost": 1000.0, "overshoot_cost": 335.2139567390845, "power_cost": 22.481117919921875, "noise_cost": 81.27458133760865, "n_waypoints_completed": 0, "tot_waypoints": 9}}
{"target": -2200.0440830638977, "params": {"k_pid_pos": [1.9065754413604736, 0.057412296533584595, 0.0], "k_pid_alt": [0.03895503282546997, 0.08307546377182007, 1.0], "k_pid_att": [1.7258137464523315, 9.789660453796387, 0.9553464651107788], "k_pid_yaw": [0.5, 1e-06, 0.1], "k_pid_hsp": [9.999999747378752e-05, 0.9706446528434753, 0.950832724571228], "k_pid_vsp": [2.733147144317627, 400.0, 394.62548828125]}, "datetime": {"datetime": "2025-08-22 00:52:41", "elapsed": 58078.172886133194, "delta": 20.307224988937378}, "costs": {"total_cost": 2200.0440830638977, "time_cost": 150, "final_distance_cost": 106.38774202396243, "oscillation_cost": 502.13037817026344, "completition_cost": 1000.0, "overshoot_cost": 330.3622989696195, "power_cost": 27.7474138671875, "noise_cost": 83.41625003286467, "n_waypoints_completed": 0, "tot_waypoints": 9}}
{"target": -6658.87704623544, "params": {"k_pid_pos": [2.0, 0.10154572129249573, 0.07684662938117981], "k_pid_alt": [0.045548319816589355, 0.05461964011192322, 0.938999593257904], "k_pid_att": [0.1934260129928589, 9.516697883605957, 1.0], "k_pid_yaw": [0.5, 1e-06, 0.1], "k_pid_hsp": [0.4565469026565552, 1.0, 1.0], "k_pid_vsp": [20.68585205078125, 396.3580322265625, 382.9660949707031]}, "datetime": {"datetime": "2025-08-22 00:53:04", "elapsed": 58100.48619580269, "delta": 22.31330966949463}, "costs": {"total_cost": 6658.87704623544, "time_cost": 150, "final_distance_cost": 1173.3994099628742, "oscillation_cost": 2017.316697317887, "completition_cost": 1000.0, "overshoot_cost": 2185.5286804700436, "power_cost": 32.99952696533203, "noise_cost": 99.63273151930304, "n_waypoints_completed": 0, "tot_waypoints": 9}}
{"target": -18682.556889355066, "params": {"k_pid_pos": [2.0, 0.047578364610672, 0.08147355914115906], "k_pid_alt": [0.0, 0.012236922979354858, 1.0], "k_pid_att": [0.0, 10.0, 1.0], "k_pid_yaw": [0.5, 1e-06, 0.1], "k_pid_hsp": [0.004936272278428078, 0.8810476064682007, 1.0], "k_pid_vsp": [27.432369232177734, 382.01910400390625, 397.4731750488281]}, "datetime": {"datetime": "2025-08-22 00:53:25", "elapsed": 58121.66028761864, "delta": 21.174091815948486}, "costs": {"total_cost": 18682.556889355066, "time_cost": 150, "final_distance_cost": 5836.549984853946, "oscillation_cost": 2113.123338847287, "completition_cost": 1000.0, "overshoot_cost": 9445.611617513609, "power_cost": 34.67569549560547, "noise_cost": 102.59625264461827, "n_waypoints_completed": 0, "tot_waypoints": 9}}
{"target": -3171.8804191350755, "params": {"k_pid_pos": [1.9225754737854004, 0.018131136894226074, 0.0], "k_pid_alt": [0.0, 0.0, 0.9621788263320923], "k_pid_att": [0.0, 9.640793800354004, 0.9597252607345581], "k_pid_yaw": [0.5, 1e-06, 0.1], "k_pid_hsp": [0.7725088596343994, 1.0, 0.9140714406967163], "k_pid_vsp": [20.877193450927734, 400.0, 400.0]}, "datetime": {"datetime": "2025-08-22 00:53:48", "elapsed": 58145.327753305435, "delta": 23.667465686798096}, "costs": {"total_cost": 3171.8804191350755, "time_cost": 150, "final_distance_cost": 277.5033250783547, "oscillation_cost": 1000.4649126328828, "completition_cost": 1000.0, "overshoot_cost": 639.6392265916802, "power_cost": 22.624126721191406, "noise_cost": 81.64882811096628, "n_waypoints_completed": 0, "tot_waypoints": 9}}
{"target": -3084.8404989623873, "params": {"k_pid_pos": [1.9979602098464966, 0.044012248516082764, 0.0], "k_pid_alt": [0.0, 0.0, 1.0], "k_pid_att": [4.678740978240967, 9.137041091918945, 0.9314438700675964], "k_pid_yaw": [0.5, 1e-06, 0.1], "k_pid_hsp": [9.999999747378752e-05, 0.9764628410339355, 0.9330950379371643], "k_pid_vsp": [0.0, 400.0, 400.0]}, "datetime": {"datetime": "2025-08-22 00:54:09", "elapsed": 58165.68169116974, "delta": 20.35393786430359}, "costs": {"total_cost": 3084.8404989623873, "time_cost": 150, "final_distance_cost": 517.4375693939343, "oscillation_cost": 259.80654785719753, "completition_cost": 888.8888888888888, "overshoot_cost": 1228.7928277430326, "power_cost": 21.580122888183595, "noise_cost": 18.33454219115028, "n_waypoints_completed": 1, "tot_waypoints": 9}}
{"target": -1753.2215820167146, "params": {"k_pid_pos": [1.9109927415847778, 0.0, 0.0], "k_pid_alt": [0.0, 0.06006723642349243, 0.9902694225311279], "k_pid_att": [3.1277060508728027, 10.0, 1.0], "k_pid_yaw": [0.5, 1e-06, 0.1], "k_pid_hsp": [9.999999747378752e-05, 0.9750612378120422, 1.0], "k_pid_vsp": [20.391273498535156, 395.59527587890625, 400.0]}, "datetime": {"datetime": "2025-08-22 00:54:31", "elapsed": 58187.92451548576, "delta": 22.24282431602478}, "costs": {"total_cost": 1753.2215820167146, "time_cost": 150, "final_distance_cost": 4.057088717508377, "oscillation_cost": 352.4611279614069, "completition_cost": 1000.0, "overshoot_cost": 136.17942755123485, "power_cost": 28.41330837402344, "noise_cost": 82.1106294125412, "n_waypoints_completed": 0, "tot_waypoints": 9}}
{"target": -2198.4978606138056, "params": {"k_pid_pos": [2.0, 0.0, 0.027631133794784546], "k_pid_alt": [0.14847129583358765, 0.0, 1.0], "k_pid_att": [1.1131614446640015, 9.767586708068848, 1.0], "k_pid_yaw": [0.5, 1e-06, 0.1], "k_pid_hsp": [0.3381231725215912, 1.0, 1.0], "k_pid_vsp": [7.4974894523620605, 400.0, 400.0]}, "datetime": {"datetime": "2025-08-22 00:54:52", "elapsed": 58208.56592464447, "delta": 20.641409158706665}, "costs": {"total_cost": 2198.4978606138056, "time_cost": 150, "final_distance_cost": 52.28402945787261, "oscillation_cost": 665.2410094545429, "completition_cost": 1000.0, "overshoot_cost": 206.39121528395071, "power_cost": 31.275425036621094, "noise_cost": 93.30618138081839, "n_waypoints_completed": 0, "tot_waypoints": 9}}
{"target": -7646.146368584217, "params": {"k_pid_pos": [1.9885398149490356, 0.0543922483921051, 0.07670074701309204], "k_pid_alt": [0.0, 0.023363083600997925, 0.9761723279953003], "k_pid_att": [0.0, 9.574881553649902, 1.0], "k_pid_yaw": [0.5, 1e-06, 0.1], "k_pid_hsp": [0.2720044255256653, 0.9694968461990356, 0.9653720855712891], "k_pid_vsp": [13.460516929626465, 395.4197082519531, 386.28839111328125]}, "datetime": {"datetime": "2025-08-22 00:55:13", "elapsed": 58230.3752219677, "delta": 21.80929732322693}, "costs": {"total_cost": 7646.146368584217, "time_cost": 150, "final_distance_cost": 1918.8750703059718, "oscillation_cost": 2137.4506552882985, "completition_cost": 1000.0, "overshoot_cost": 2302.691759460342, "power_cost": 34.555732153320314, "noise_cost": 102.57315137628473, "n_waypoints_completed": 0, "tot_waypoints": 9}}
{"target": -11997.831414034983, "params": {"k_pid_pos": [2.0, 0.12036249041557312, 0.05247461795806885], "k_pid_alt": [0.025798261165618896, 0.0, 0.9726378321647644], "k_pid_att": [0.0, 10.0, 1.0], "k_pid_yaw": [0.5, 1e-06, 0.1], "k_pid_hsp": [9.999999747378752e-05, 1.0, 1.0], "k_pid_vsp": [18.694353103637695, 355.54693603515625, 400.0]}, "datetime": {"datetime": "2025-08-22 00:55:34", "elapsed": 58251.36857151985, "delta": 20.99334955215454}, "costs": {"total_cost": 11997.831414034983, "time_cost": 150, "final_distance_cost": 3453.728979363177, "oscillation_cost": 2077.078345442446, "completition_cost": 1000.0, "overshoot_cost": 5180.291798744142, "power_cost": 34.49040170898438, "noise_cost": 102.24188877623433, "n_waypoints_completed": 0, "tot_waypoints": 9}}
{"target": -15920.907272667862, "params": {"k_pid_pos": [2.0, 0.07753914594650269, 0.05002915859222412], "k_pid_alt": [0.11144435405731201, 0.0120009183883667, 0.9497743844985962], "k_pid_att": [0.0, 9.909219741821289, 0.9897737503051758], "k_pid_yaw": [0.5, 1e-06, 0.1], "k_pid_hsp": [0.9704944491386414, 1.0, 0.9877241849899292], "k_pid_vsp": [9.847366333007812, 354.61114501953125, 400.0]}, "datetime": {"datetime": "2025-08-22 00:55:56", "elapsed": 58273.32730937004, "delta": 21.95873785018921}, "costs": {"total_cost": 15920.907272667862, "time_cost": 150, "final_distance_cost": 5552.430051613723, "oscillation_cost": 1587.721937345139, "completition_cost": 1000.0, "overshoot_cost": 7490.563907312334, "power_cost": 35.422947558593755, "noise_cost": 104.76842883807385, "n_waypoints_completed": 0, "tot_waypoints": 9}}
{"target": -2179.348802938185, "params": {"k_pid_pos": [1.9299899339675903, 0.0, 0.04234406352043152], "k_pid_alt": [0.1128731369972229, 0.05987972021102905, 1.0], "k_pid_att": [1.189333200454712, 9.470525741577148, 1.0], "k_pid_yaw": [0.5, 1e-06, 0.1], "k_pid_hsp": [9.999999747378752e-05, 1.0, 1.0], "k_pid_vsp": [0.0, 390.7120666503906, 399.2720031738281]}, "datetime": {"datetime": "2025-08-22 00:56:18", "elapsed": 58294.93164730072, "delta": 21.60433793067932}, "costs": {"total_cost": 2179.348802938185, "time_cost": 150, "final_distance_cost": 43.61216761380267, "oscillation_cost": 652.865948299893, "completition_cost": 1000.0, "overshoot_cost": 208.26929054678695, "power_cost": 31.224863671875003, "noise_cost": 93.37653280582768, "n_waypoints_completed": 0, "tot_waypoints": 9}}
{"target": -3550.8290383457265, "params": {"k_pid_pos": [2.0, 0.0, 0.006067186594009399], "k_pid_alt": [0.0, 0.0, 0.9878665804862976], "k_pid_att": [0.825086236000061, 10.0, 0.9753168821334839], "k_pid_yaw": [0.5, 1e-06, 0.1], "k_pid_hsp": [9.999999747378752e-05, 0.9891422986984253, 0.9626582860946655], "k_pid_vsp": [21.80416488647461, 400.0, 393.44586181640625]}, "datetime": {"datetime": "2025-08-22 00:56:39", "elapsed": 58316.31456494331, "delta": 21.382917642593384}, "costs": {"total_cost": 3550.8290383457265, "time_cost": 150, "final_distance_cost": 726.0206047908711, "oscillation_cost": 649.7893093064934, "completition_cost": 1000.0, "overshoot_cost": 941.4027619097536, "power_cost": 16.218473266601563, "noise_cost": 67.397889072007, "n_waypoints_completed": 0, "tot_waypoints": 9}}
{"target": -2193.5429520981133, "params": {"k_pid_pos": [1.857153058052063, 0.0, 0.0], "k_pid_alt": [0.0, 0.0, 1.0], "k_pid_att": [2.0344643592834473, 9.527111053466797, 1.0], "k_pid_yaw": [0.5, 1e-06, 0.1], "k_pid_hsp": [9.999999747378752e-05, 0.9412523508071899, 1.0], "k_pid_vsp": [0.0, 378.4813537597656, 377.33441162109375]}, "datetime": {"datetime": "2025-08-22 00:57:01", "elapsed": 58337.56494021416, "delta": 21.250375270843506}, "costs": {"total_cost": 2193.5429520981133, "time_cost": 150, "final_distance_cost": 143.38451744988717, "oscillation_cost": 414.62926972238955, "completition_cost": 1000.0, "overshoot_cost": 405.5390379191241, "power_cost": 15.213327795410157, "noise_cost": 64.77679921130225, "n_waypoints_completed": 0, "tot_waypoints": 9}}
{"target": -1912.1968689419364, "params": {"k_pid_pos": [2.0, 0.040758758783340454, 0.0026040375232696533], "k_pid_alt": [0.0, 0.0, 0.9428238868713379], "k_pid_att": [9.62947940826416, 10.0, 0.992918074131012], "k_pid_yaw": [0.5, 1e-06, 0.1], "k_pid_hsp": [9.999999747378752e-05, 1.0, 0.9195573925971985], "k_pid_vsp": [3.2316207885742188, 371.3411560058594, 400.0]}, "datetime": {"datetime": "2025-08-22 00:57:22", "elapsed": 58358.71593165398, "delta": 21.150991439819336}, "costs": {"total_cost": 1912.1968689419364, "time_cost": 150, "final_distance_cost": 310.146096759938, "oscillation_cost": 158.6006708614114, "completition_cost": 1000.0, "overshoot_cost": 259.24090531146277, "power_cost": 16.369118322753906, "noise_cost": 17.840077686370527, "n_waypoints_completed": 0, "tot_waypoints": 9}}
{"target": -2341.2500109906778, "params": {"k_pid_pos": [1.8217815160751343, 0.0, 0.0], "k_pid_alt": [0.00016295909881591797, 0.0, 0.9362583756446838], "k_pid_att": [7.871785640716553, 10.0, 0.9876796007156372], "k_pid_yaw": [0.5, 1e-06, 0.1], "k_pid_hsp": [9.999999747378752e-05, 0.9937282800674438, 1.0], "k_pid_vsp": [9.865331649780273, 379.0315246582031, 380.7466735839844]}, "datetime": {"datetime": "2025-08-22 00:57:43", "elapsed": 58380.03643107414, "delta": 21.320499420166016}, "costs": {"total_cost": 2341.2500109906778, "time_cost": 150, "final_distance_cost": 488.07135287205466, "oscillation_cost": 199.4608139577634, "completition_cost": 1000.0, "overshoot_cost": 465.2545710457616, "power_cost": 21.431530505371096, "noise_cost": 17.031742609727136, "n_waypoints_completed": 0, "tot_waypoints": 9}}
{"target": -1669.9247679361174, "params": {"k_pid_pos": [2.0, 0.06635943055152893, 0.0], "k_pid_alt": [0.1853548288345337, 0.0020494461059570312, 0.9077364802360535], "k_pid_att": [12.842720985412598, 10.0, 1.0], "k_pid_yaw": [0.5, 1e-06, 0.1], "k_pid_hsp": [0.2234068661928177, 1.0, 0.9527398347854614], "k_pid_vsp": [0.0, 392.36083984375, 400.0]}, "datetime": {"datetime": "2025-08-22 00:58:06", "elapsed": 58403.04845261574, "delta": 23.01202154159546}, "costs": {"total_cost": 1669.9247679361174, "time_cost": 150, "final_distance_cost": 1.5051309091825493, "oscillation_cost": 321.988398679855, "completition_cost": 1000.0, "overshoot_cost": 152.8872299728715, "power_cost": 21.94585516357422, "noise_cost": 21.598153210634358, "n_waypoints_completed": 0, "tot_waypoints": 9}}
{"target": -2180.6165635517773, "params": {"k_pid_pos": [2.0, 0.004609137773513794, 0.028193265199661255], "k_pid_alt": [0.0942155122756958, 0.06369626522064209, 1.0], "k_pid_att": [2.3898959159851074, 10.0, 1.0], "k_pid_yaw": [0.5, 1e-06, 0.1], "k_pid_hsp": [0.2920909821987152, 1.0, 1.0], "k_pid_vsp": [0.0, 400.0, 385.0184020996094]}, "datetime": {"datetime": "2025-08-22 00:58:27", "elapsed": 58423.97869038582, "delta": 20.930237770080566}, "costs": {"total_cost": 2180.6165635517773, "time_cost": 150, "final_distance_cost": 132.6709781995046, "oscillation_cost": 392.98094338955985, "completition_cost": 1000.0, "overshoot_cost": 392.1492167348233, "power_cost": 27.866086584472658, "noise_cost": 84.94933864341714, "n_waypoints_completed": 0, "tot_waypoints": 9}}
{"target": -9178.288242355551, "params": {"k_pid_pos": [2.0, 0.0, 0.0], "k_pid_alt": [0.05751866102218628, 0.03033474087715149, 0.961832582950592], "k_pid_att": [0.0, 9.59619426727295, 0.9265871047973633], "k_pid_yaw": [0.5, 1e-06, 0.1], "k_pid_hsp": [9.999999747378752e-05, 1.0, 0.9224175214767456], "k_pid_vsp": [0.0, 397.7356872558594, 400.0]}, "datetime": {"datetime": "2025-08-22 00:58:48", "elapsed": 58445.444633722305, "delta": 21.465943336486816}, "costs": {"total_cost": 9178.288242355551, "time_cost": 150, "final_distance_cost": 2615.069755989115, "oscillation_cost": 2037.374583811436, "completition_cost": 1000.0, "overshoot_cost": 3248.142899046364, "power_cost": 31.53460152587891, "noise_cost": 96.16640198275734, "n_waypoints_completed": 0, "tot_waypoints": 9}}
{"target": -4907.743387359264, "params": {"k_pid_pos": [1.7702126502990723, 0.062408894300460815, 0.0], "k_pid_alt": [0.0, 0.0, 1.0], "k_pid_att": [0.0, 10.0, 0.9335900545120239], "k_pid_yaw": [0.5, 1e-06, 0.1], "k_pid_hsp": [0.690912127494812, 0.9028366804122925, 0.9907451868057251], "k_pid_vsp": [0.0, 390.2918701171875, 400.0]}, "datetime": {"datetime": "2025-08-22 00:59:11", "elapsed": 58467.65450024605, "delta": 22.209866523742676}, "costs": {"total_cost": 4907.743387359264, "time_cost": 150, "final_distance_cost": 963.5273017697207, "oscillation_cost": 1655.252283478542, "completition_cost": 1000.0, "overshoot_cost": 1025.105293466994, "power_cost": 25.61591090087891, "noise_cost": 88.24259774312817, "n_waypoints_completed": 0, "tot_waypoints": 9}}
{"target": -1645.863768969103, "params": {"k_pid_pos": [2.0, 0.0, 0.0], "k_pid_alt": [0.1290605068206787, 0.03774231672286987, 1.0], "k_pid_att": [8.299592018127441, 10.0, 1.0], "k_pid_yaw": [0.5, 1e-06, 0.1], "k_pid_hsp": [0.3389451205730438, 0.9373689293861389, 1.0], "k_pid_vsp": [25.00945281982422, 400.0, 400.0]}, "datetime": {"datetime": "2025-08-22 00:59:31", "elapsed": 58487.83628773689, "delta": 20.181787490844727}, "costs": {"total_cost": 1645.863768969103, "time_cost": 150, "final_distance_cost": 13.393945926342663, "oscillation_cost": 312.8569458753784, "completition_cost": 1000.0, "overshoot_cost": 107.11103066055617, "power_cost": 20.464044848632813, "noise_cost": 42.03780165819278, "n_waypoints_completed": 0, "tot_waypoints": 9}}
{"target": -2546.9925051242694, "params": {"k_pid_pos": [2.0, 0.06325840950012207, 0.07919353246688843], "k_pid_alt": [0.030920207500457764, 0.0, 1.0], "k_pid_att": [6.59324836730957, 9.768863677978516, 0.8611502647399902], "k_pid_yaw": [0.5, 1e-06, 0.1], "k_pid_hsp": [9.999999747378752e-05, 1.0, 1.0], "k_pid_vsp": [22.606218338012695, 380.5264587402344, 373.9283447265625]}, "datetime": {"datetime": "2025-08-22 00:59:53", "elapsed": 58509.83295965195, "delta": 21.99667191505432}, "costs": {"total_cost": 2546.9925051242694, "time_cost": 150, "final_distance_cost": 589.7251268373587, "oscillation_cost": 180.05596120110997, "completition_cost": 888.8888888888888, "overshoot_cost": 702.6079451253459, "power_cost": 18.99942908935547, "noise_cost": 16.71515398221035, "n_waypoints_completed": 1, "tot_waypoints": 9}}
{"target": -3641.970348468488, "params": {"k_pid_pos": [1.9474153518676758, 0.009655416011810303, 0.0], "k_pid_alt": [0.0, 0.0, 0.9218761324882507], "k_pid_att": [0.0, 10.0, 0.9467400908470154], "k_pid_yaw": [0.5, 1e-06, 0.1], "k_pid_hsp": [0.022171378135681152, 0.9853585958480835, 1.0], "k_pid_vsp": [0.0, 396.3122863769531, 400.0]}, "datetime": {"datetime": "2025-08-22 01:00:14", "elapsed": 58531.19485163689, "delta": 21.361891984939575}, "costs": {"total_cost": 3641.970348468488, "time_cost": 150, "final_distance_cost": 488.17130808911577, "oscillation_cost": 1152.8216156423402, "completition_cost": 1000.0, "overshoot_cost": 747.3373474656208, "power_cost": 22.8203966796875, "noise_cost": 80.8196805917238, "n_waypoints_completed": 0, "tot_waypoints": 9}}
