{"target": -18631.1889648251, "params": {"k_pid_pos": [2.0, 0.0, 0.042738646268844604], "k_pid_alt": [0.0, 0.040126681327819824, 0.9937611818313599], "k_pid_att": [0.0, 9.608099937438965, 0.9099029302597046], "k_pid_yaw": [0.5, 1e-06, 0.1], "k_pid_hsp": [9.999999747378752e-05, 0.9903075695037842, 0.981826901435852], "k_pid_vsp": [0.0, 378.4817810058594, 383.2893981933594]}, "datetime": {"datetime": "2025-08-21 13:11:08", "elapsed": 15984.703204393387, "delta": 23.081799030303955}, "costs": {"total_cost": 18631.1889648251, "time_cost": 150, "final_distance_cost": 5843.260895646579, "oscillation_cost": 2209.5545104976477, "completition_cost": 1000.0, "overshoot_cost": 9293.589284857113, "power_cost": 33.85488034667969, "noise_cost": 100.92939347707888, "n_waypoints_completed": 0, "tot_waypoints": 9}}
{"target": -2753.4101936177453, "params": {"k_pid_pos": [2.0, 0.08431008458137512, 0.0], "k_pid_alt": [0.0, 0.0, 1.0], "k_pid_att": [13.653289794921875, 10.0, 1.0], "k_pid_yaw": [0.5, 1e-06, 0.1], "k_pid_hsp": [0.21450380980968475, 0.9374234676361084, 1.0], "k_pid_vsp": [0.0, 393.8204345703125, 396.97308349609375]}, "datetime": {"datetime": "2025-08-21 13:11:30", "elapsed": 16007.128818750381, "delta": 22.42561435699463}, "costs": {"total_cost": 2753.4101936177453, "time_cost": 150, "final_distance_cost": 195.38597683919568, "oscillation_cost": 322.60204121612685, "completition_cost": 1000.0, "overshoot_cost": 1044.0901947813645, "power_cost": 23.439006677246095, "noise_cost": 17.892974103811838, "n_waypoints_completed": 0, "tot_waypoints": 9}}
{"target": -1761.830054950852, "params": {"k_pid_pos": [2.0, 0.0, 0.04095253348350525], "k_pid_alt": [0.0, 0.002919137477874756, 1.0], "k_pid_att": [3.334057331085205, 10.0, 1.0], "k_pid_yaw": [0.5, 1e-06, 0.1], "k_pid_hsp": [0.5740864276885986, 0.9349393248558044, 1.0], "k_pid_vsp": [2.0772695541381836, 395.4118347167969, 400.0]}, "datetime": {"datetime": "2025-08-21 13:11:53", "elapsed": 16029.886919498444, "delta": 22.758100748062134}, "costs": {"total_cost": 1761.830054950852, "time_cost": 150, "final_distance_cost": 4.011246028751306, "oscillation_cost": 314.1955360696627, "completition_cost": 1000.0, "overshoot_cost": 208.61654661258842, "power_cost": 21.51483778076172, "noise_cost": 63.49188845908774, "n_waypoints_completed": 0, "tot_waypoints": 9}}
{"target": -7711.80918941703, "params": {"k_pid_pos": [2.0, 0.0, 0.04466390609741211], "k_pid_alt": [0.0, 0.028234034776687622, 0.9570600390434265], "k_pid_att": [0.0, 10.0, 1.0], "k_pid_yaw": [0.5, 1e-06, 0.1], "k_pid_hsp": [0.10938283056020737, 0.954159140586853, 0.9962390661239624], "k_pid_vsp": [7.9752326011657715, 389.31207275390625, 371.6227111816406]}, "datetime": {"datetime": "2025-08-21 13:12:16", "elapsed": 16052.8210978508, "delta": 22.934178352355957}, "costs": {"total_cost": 7711.80918941703, "time_cost": 150, "final_distance_cost": 2223.964904050872, "oscillation_cost": 2267.9233016049548, "completition_cost": 1000.0, "overshoot_cost": 1931.90134060877, "power_cost": 34.833767565917974, "noise_cost": 103.18587558651623, "n_waypoints_completed": 0, "tot_waypoints": 9}}
{"target": -8163.030512269891, "params": {"k_pid_pos": [2.0, 0.034331709146499634, 0.0013110339641571045], "k_pid_alt": [0.0, 0.002268195152282715, 1.0], "k_pid_att": [0.0, 9.803557395935059, 0.9757332801818848], "k_pid_yaw": [0.5, 1e-06, 0.1], "k_pid_hsp": [9.999999747378752e-05, 0.935235857963562, 0.9816850423812866], "k_pid_vsp": [11.998701095581055, 395.7980651855469, 400.0]}, "datetime": {"datetime": "2025-08-21 13:12:38", "elapsed": 16075.246420383453, "delta": 22.42532253265381}, "costs": {"total_cost": 8163.030512269891, "time_cost": 150, "final_distance_cost": 2259.4253217483165, "oscillation_cost": 673.3303072067572, "completition_cost": 1000.0, "overshoot_cost": 3958.557761032982, "power_cost": 30.533266369628908, "noise_cost": 91.18385591220577, "n_waypoints_completed": 0, "tot_waypoints": 9}}
{"target": -4087.390907354331, "params": {"k_pid_pos": [2.0, 0.0, 0.0], "k_pid_alt": [0.030263781547546387, 0.0720093846321106, 1.0], "k_pid_att": [0.0, 9.79490852355957, 0.9851335287094116], "k_pid_yaw": [0.5, 1e-06, 0.1], "k_pid_hsp": [9.999999747378752e-05, 0.9737449884414673, 1.0], "k_pid_vsp": [20.032859802246094, 400.0, 400.0]}, "datetime": {"datetime": "2025-08-21 13:13:01", "elapsed": 16097.823858499527, "delta": 22.57743811607361}, "costs": {"total_cost": 4087.390907354331, "time_cost": 150, "final_distance_cost": 561.1961161937402, "oscillation_cost": 1095.2997918151452, "completition_cost": 1000.0, "overshoot_cost": 1153.5697403272422, "power_cost": 31.6225287109375, "noise_cost": 95.7027303072655, "n_waypoints_completed": 0, "tot_waypoints": 9}}
{"target": -1723.6148574817803, "params": {"k_pid_pos": [1.9641927480697632, 0.0, 0.0], "k_pid_alt": [0.13124006986618042, 0.0, 1.0], "k_pid_att": [4.234632968902588, 9.353646278381348, 1.0], "k_pid_yaw": [0.5, 1e-06, 0.1], "k_pid_hsp": [9.999999747378752e-05, 1.0, 1.0], "k_pid_vsp": [12.02446174621582, 371.69000244140625, 396.6299133300781]}, "datetime": {"datetime": "2025-08-21 13:13:24", "elapsed": 16121.111176013947, "delta": 23.287317514419556}, "costs": {"total_cost": 1723.6148574817803, "time_cost": 150, "final_distance_cost": 30.268107214452435, "oscillation_cost": 276.2698767764454, "completition_cost": 1000.0, "overshoot_cost": 176.67452746364293, "power_cost": 21.730391430664064, "noise_cost": 68.67195459657546, "n_waypoints_completed": 0, "tot_waypoints": 9}}
{"target": -8180.574800628203, "params": {"k_pid_pos": [2.0, 0.0032100677490234375, 0.014191478490829468], "k_pid_alt": [0.0, 0.01147124171257019, 1.0], "k_pid_att": [0.8077234029769897, 10.0, 0.9944972395896912], "k_pid_yaw": [0.5, 1e-06, 0.1], "k_pid_hsp": [0.13101522624492645, 1.0, 0.9941913485527039], "k_pid_vsp": [10.07239818572998, 400.0, 400.0]}, "datetime": {"datetime": "2025-08-21 13:13:47", "elapsed": 16144.15477514267, "delta": 23.043599128723145}, "costs": {"total_cost": 8180.574800628203, "time_cost": 150, "final_distance_cost": 2301.7691812671956, "oscillation_cost": 598.3726733934458, "completition_cost": 1000.0, "overshoot_cost": 4007.445102302579, "power_cost": 30.689724353027344, "noise_cost": 92.29811931195506, "n_waypoints_completed": 0, "tot_waypoints": 9}}
{"target": -5812.801407382133, "params": {"k_pid_pos": [1.9931602478027344, 0.015464633703231812, 0.05843743681907654], "k_pid_alt": [0.2152031660079956, 0.0, 0.8909645676612854], "k_pid_att": [0.0, 10.0, 0.9851950407028198], "k_pid_yaw": [0.5, 1e-06, 0.1], "k_pid_hsp": [0.05222165584564209, 0.9826305508613586, 1.0], "k_pid_vsp": [10.715353012084961, 384.1388244628906, 400.0]}, "datetime": {"datetime": "2025-08-21 13:14:10", "elapsed": 16167.438740968704, "delta": 23.283965826034546}, "costs": {"total_cost": 5812.801407382133, "time_cost": 150, "final_distance_cost": 1071.7505992988827, "oscillation_cost": 1995.4368650064614, "completition_cost": 1000.0, "overshoot_cost": 1463.2240308275807, "power_cost": 32.83864426269531, "noise_cost": 99.55126798651307, "n_waypoints_completed": 0, "tot_waypoints": 9}}
{"target": -4186.626043693965, "params": {"k_pid_pos": [2.0, 0.0004068315029144287, 0.0], "k_pid_alt": [0.0, 0.0, 0.9300856590270996], "k_pid_att": [0.0, 9.228050231933594, 1.0], "k_pid_yaw": [0.5, 1e-06, 0.1], "k_pid_hsp": [0.8539494872093201, 0.9452688097953796, 0.9566878080368042], "k_pid_vsp": [11.390352249145508, 387.98529052734375, 393.4331970214844]}, "datetime": {"datetime": "2025-08-21 13:14:34", "elapsed": 16190.67935705185, "delta": 23.24061608314514}, "costs": {"total_cost": 4186.626043693965, "time_cost": 150, "final_distance_cost": 59.14295433859832, "oscillation_cost": 1887.337497863386, "completition_cost": 1000.0, "overshoot_cost": 982.1617014375009, "power_cost": 23.999377697753907, "noise_cost": 83.98451235672525, "n_waypoints_completed": 0, "tot_waypoints": 9}}
{"target": -8592.750049455686, "params": {"k_pid_pos": [1.9307973384857178, 0.10309576988220215, 0.043791383504867554], "k_pid_alt": [0.0, 0.029735177755355835, 1.0], "k_pid_att": [0.0, 9.253780364990234, 0.9392976760864258], "k_pid_yaw": [0.5, 1e-06, 0.1], "k_pid_hsp": [9.999999747378752e-05, 0.9595308303833008, 1.0], "k_pid_vsp": [0.0, 398.9344177246094, 400.0]}, "datetime": {"datetime": "2025-08-21 13:14:57", "elapsed": 16214.100265264511, "delta": 23.420908212661743}, "costs": {"total_cost": 8592.750049455686, "time_cost": 150, "final_distance_cost": 2575.09216952373, "oscillation_cost": 621.997828393513, "completition_cost": 1000.0, "overshoot_cost": 4110.028438263202, "power_cost": 34.48494522705078, "noise_cost": 101.14666804819176, "n_waypoints_completed": 0, "tot_waypoints": 9}}
{"target": -2085.4113389560857, "params": {"k_pid_pos": [2.0, 0.02480420470237732, 0.06961566209793091], "k_pid_alt": [0.0, 0.01721370220184326, 0.9765504598617554], "k_pid_att": [4.247588157653809, 9.770390510559082, 0.9328617453575134], "k_pid_yaw": [0.5, 1e-06, 0.1], "k_pid_hsp": [0.4716738164424896, 0.9974457025527954, 1.0], "k_pid_vsp": [0.0, 400.0, 369.61492919921875]}, "datetime": {"datetime": "2025-08-21 13:15:20", "elapsed": 16237.041088581085, "delta": 22.940823316574097}, "costs": {"total_cost": 2085.4113389560857, "time_cost": 150, "final_distance_cost": 340.41316292760376, "oscillation_cost": 255.73278439458971, "completition_cost": 1000.0, "overshoot_cost": 289.7323591775275, "power_cost": 19.607918530273437, "noise_cost": 29.925113926091566, "n_waypoints_completed": 0, "tot_waypoints": 9}}
{"target": -6705.0162583369565, "params": {"k_pid_pos": [1.831333041191101, 0.0495796799659729, 0.0004981756210327148], "k_pid_alt": [0.08314782381057739, 0.03273046016693115, 0.9194470047950745], "k_pid_att": [0.0, 10.0, 1.0], "k_pid_yaw": [0.5, 1e-06, 0.1], "k_pid_hsp": [0.1511479765176773, 0.9779928922653198, 1.0], "k_pid_vsp": [4.700577259063721, 372.8934631347656, 400.0]}, "datetime": {"datetime": "2025-08-21 13:15:43", "elapsed": 16259.990233182907, "delta": 22.9491446018219}, "costs": {"total_cost": 6705.0162583369565, "time_cost": 150, "final_distance_cost": 1645.6020057125938, "oscillation_cost": 2094.564478029638, "completition_cost": 1000.0, "overshoot_cost": 1679.8446656803944, "power_cost": 33.75688325195313, "noise_cost": 101.24822566237671, "n_waypoints_completed": 0, "tot_waypoints": 9}}
{"target": -1695.3048274976056, "params": {"k_pid_pos": [1.9686349630355835, 0.03795570135116577, 0.04078623652458191], "k_pid_alt": [0.09384828805923462, 0.052485376596450806, 1.0], "k_pid_att": [6.242737293243408, 9.589578628540039, 1.0], "k_pid_yaw": [0.5, 1e-06, 0.1], "k_pid_hsp": [0.2524995803833008, 0.9181925058364868, 0.9844043254852295], "k_pid_vsp": [0.0, 400.0, 398.3664855957031]}, "datetime": {"datetime": "2025-08-21 13:16:07", "elapsed": 16284.14108657837, "delta": 24.150853395462036}, "costs": {"total_cost": 1695.3048274976056, "time_cost": 150, "final_distance_cost": 188.91009944967624, "oscillation_cost": 214.13827838027154, "completition_cost": 888.8888888888888, "overshoot_cost": 220.3659277623515, "power_cost": 13.627095690917969, "noise_cost": 19.374537325499695, "n_waypoints_completed": 1, "tot_waypoints": 9}}
{"target": -6016.613002030094, "params": {"k_pid_pos": [2.0, 0.0, 0.01193186640739441], "k_pid_alt": [0.0, 0.0, 0.9875534176826477], "k_pid_att": [0.0, 10.0, 0.9974532127380371], "k_pid_yaw": [0.5, 1e-06, 0.1], "k_pid_hsp": [9.999999747378752e-05, 0.9964408278465271, 0.9249728918075562], "k_pid_vsp": [34.29153060913086, 400.0, 400.0]}, "datetime": {"datetime": "2025-08-21 13:16:35", "elapsed": 16311.656251430511, "delta": 27.515164852142334}, "costs": {"total_cost": 6016.613002030094, "time_cost": 150, "final_distance_cost": 1139.5760202773497, "oscillation_cost": 1117.458696534312, "completition_cost": 1000.0, "overshoot_cost": 2514.182295326937, "power_cost": 19.99933387451172, "noise_cost": 75.39665601698395, "n_waypoints_completed": 0, "tot_waypoints": 9}}
{"target": -8465.232176520369, "params": {"k_pid_pos": [2.0, 0.0, 0.07690709829330444], "k_pid_alt": [0.07905572652816772, 0.09969380497932434, 0.9976166486740112], "k_pid_att": [0.0, 9.85690975189209, 0.9300935864448547], "k_pid_yaw": [0.5, 1e-06, 0.1], "k_pid_hsp": [0.06477545946836472, 0.9481741786003113, 1.0], "k_pid_vsp": [12.398338317871094, 400.0, 400.0]}, "datetime": {"datetime": "2025-08-21 13:17:01", "elapsed": 16337.579127788544, "delta": 25.922876358032227}, "costs": {"total_cost": 8465.232176520369, "time_cost": 150, "final_distance_cost": 1746.814787430885, "oscillation_cost": 2214.19497884014, "completition_cost": 1000.0, "overshoot_cost": 3216.8872585593326, "power_cost": 34.568738610839844, "noise_cost": 102.76641307917018, "n_waypoints_completed": 0, "tot_waypoints": 9}}
{"target": -7157.893618214943, "params": {"k_pid_pos": [2.0, 0.0, 0.030367761850357056], "k_pid_alt": [0.04666095972061157, 0.00876656174659729, 1.0], "k_pid_att": [0.0, 9.977033615112305, 1.0], "k_pid_yaw": [0.5, 1e-06, 0.1], "k_pid_hsp": [0.49822890758514404, 0.9795515537261963, 1.0], "k_pid_vsp": [0.0, 359.91082763671875, 400.0]}, "datetime": {"datetime": "2025-08-21 13:17:24", "elapsed": 16360.663286685944, "delta": 23.084158897399902}, "costs": {"total_cost": 7157.893618214943, "time_cost": 150, "final_distance_cost": 1192.6593042588036, "oscillation_cost": 1439.2695588706915, "completition_cost": 1000.0, "overshoot_cost": 3250.0074318606758, "power_cost": 30.911855688476564, "noise_cost": 95.04546753629516, "n_waypoints_completed": 0, "tot_waypoints": 9}}
{"target": -3961.243509627468, "params": {"k_pid_pos": [1.969183325767517, 0.015696346759796143, 0.003880411386489868], "k_pid_alt": [0.0, 0.0, 0.9830441474914551], "k_pid_att": [0.0, 10.0, 1.0], "k_pid_yaw": [0.5, 1e-06, 0.1], "k_pid_hsp": [9.999999747378752e-05, 1.0, 0.9285462498664856], "k_pid_vsp": [21.4266414642334, 400.0, 373.403564453125]}, "datetime": {"datetime": "2025-08-21 13:17:46", "elapsed": 16383.328824043274, "delta": 22.665537357330322}, "costs": {"total_cost": 3961.243509627468, "time_cost": 150, "final_distance_cost": 257.7450794272755, "oscillation_cost": 1213.0914391198487, "completition_cost": 1000.0, "overshoot_cost": 1241.6043665141576, "power_cost": 21.20828250732422, "noise_cost": 77.59434205886211, "n_waypoints_completed": 0, "tot_waypoints": 9}}
{"target": -3724.833384715474, "params": {"k_pid_pos": [2.0, 0.004565387964248657, 0.016142845153808594], "k_pid_alt": [0.030853271484375, 0.010728627443313599, 1.0], "k_pid_att": [0.9105324745178223, 9.890359878540039, 1.0], "k_pid_yaw": [0.5, 1e-06, 0.1], "k_pid_hsp": [9.999999747378752e-05, 1.0, 1.0], "k_pid_vsp": [0.0, 400.0, 385.73980712890625]}, "datetime": {"datetime": "2025-08-21 13:18:10", "elapsed": 16406.592626810074, "delta": 23.263802766799927}, "costs": {"total_cost": 3724.833384715474, "time_cost": 150, "final_distance_cost": 576.3958969860151, "oscillation_cost": 910.792277647374, "completition_cost": 1000.0, "overshoot_cost": 965.5060188290487, "power_cost": 30.103632934570314, "noise_cost": 92.03555831846577, "n_waypoints_completed": 0, "tot_waypoints": 9}}
{"target": -4298.956567785654, "params": {"k_pid_pos": [1.968280553817749, 0.04933375120162964, 0.00036776065826416016], "k_pid_alt": [0.13816434144973755, 0.0911145806312561, 1.0], "k_pid_att": [0.0, 10.0, 1.0], "k_pid_yaw": [0.5, 1e-06, 0.1], "k_pid_hsp": [0.3771188259124756, 1.0, 0.9315301775932312], "k_pid_vsp": [0.0, 400.0, 366.58819580078125]}, "datetime": {"datetime": "2025-08-21 13:18:33", "elapsed": 16429.55664253235, "delta": 22.96401572227478}, "costs": {"total_cost": 4298.956567785654, "time_cost": 150, "final_distance_cost": 311.94117770149154, "oscillation_cost": 2043.5703916988052, "completition_cost": 1000.0, "overshoot_cost": 663.2888691783728, "power_cost": 32.351850805664064, "noise_cost": 97.80427840132039, "n_waypoints_completed": 0, "tot_waypoints": 9}}
{"target": -1685.7894471595532, "params": {"k_pid_pos": [2.0, 0.026108741760253906, 0.008483469486236572], "k_pid_alt": [0.0, 0.049506545066833496, 0.9620797634124756], "k_pid_att": [8.580878257751465, 10.0, 1.0], "k_pid_yaw": [0.5, 1e-06, 0.1], "k_pid_hsp": [9.999999747378752e-05, 0.9725253582000732, 0.9707292318344116], "k_pid_vsp": [0.0, 400.0, 400.0]}, "datetime": {"datetime": "2025-08-21 13:18:56", "elapsed": 16452.58758211136, "delta": 23.03093957901001}, "costs": {"total_cost": 1685.7894471595532, "time_cost": 150, "final_distance_cost": 19.31455687706067, "oscillation_cost": 280.7570325144363, "completition_cost": 1000.0, "overshoot_cost": 159.995378078588, "power_cost": 18.317956274414062, "noise_cost": 57.40452341505443, "n_waypoints_completed": 0, "tot_waypoints": 9}}
{"target": -11051.136879492069, "params": {"k_pid_pos": [2.0, 0.13671666383743286, 0.05057838559150696], "k_pid_alt": [0.029180407524108887, 0.02065253257751465, 0.9672602415084839], "k_pid_att": [0.0, 10.0, 1.0], "k_pid_yaw": [0.5, 1e-06, 0.1], "k_pid_hsp": [9.999999747378752e-05, 1.0, 0.9579538106918335], "k_pid_vsp": [0.0, 394.869384765625, 400.0]}, "datetime": {"datetime": "2025-08-21 13:19:19", "elapsed": 16475.65213394165, "delta": 23.064551830291748}, "costs": {"total_cost": 11051.136879492069, "time_cost": 150, "final_distance_cost": 3759.8732162404644, "oscillation_cost": 1767.6836718318168, "completition_cost": 1000.0, "overshoot_cost": 4242.587097906304, "power_cost": 32.64838326416016, "noise_cost": 98.34451024932181, "n_waypoints_completed": 0, "tot_waypoints": 9}}
{"target": -7069.210403431409, "params": {"k_pid_pos": [1.8771741390228271, 0.009033828973770142, 0.009826987981796265], "k_pid_alt": [0.0019664764404296875, 0.028524249792099, 1.0], "k_pid_att": [0.0, 10.0, 0.9533838629722595], "k_pid_yaw": [0.5, 1e-06, 0.1], "k_pid_hsp": [9.999999747378752e-05, 1.0, 0.9233018159866333], "k_pid_vsp": [0.0, 380.37713623046875, 374.0306396484375]}, "datetime": {"datetime": "2025-08-21 13:19:42", "elapsed": 16498.67002105713, "delta": 23.017887115478516}, "costs": {"total_cost": 7069.210403431409, "time_cost": 150, "final_distance_cost": 1170.1105981407309, "oscillation_cost": 1308.8001750269525, "completition_cost": 1000.0, "overshoot_cost": 3318.420792046227, "power_cost": 30.16138701171875, "noise_cost": 91.71745120578018, "n_waypoints_completed": 0, "tot_waypoints": 9}}
{"target": -7508.719246400357, "params": {"k_pid_pos": [2.0, 0.02139049768447876, 0.0], "k_pid_alt": [0.11076211929321289, 0.02367931604385376, 1.0], "k_pid_att": [0.0, 10.0, 1.0], "k_pid_yaw": [0.5, 1e-06, 0.1], "k_pid_hsp": [0.16254010796546936, 1.0, 0.9826879501342773], "k_pid_vsp": [0.0, 400.0, 395.4246520996094]}, "datetime": {"datetime": "2025-08-21 13:20:06", "elapsed": 16522.52979207039, "delta": 23.859771013259888}, "costs": {"total_cost": 7508.719246400357, "time_cost": 150, "final_distance_cost": 2032.7418815122576, "oscillation_cost": 1921.4569630721176, "completition_cost": 1000.0, "overshoot_cost": 2272.8314833881414, "power_cost": 32.81694681396485, "noise_cost": 98.87197161387705, "n_waypoints_completed": 0, "tot_waypoints": 9}}
{"target": -10117.933441152098, "params": {"k_pid_pos": [1.914759635925293, 0.003023296594619751, 0.034838318824768066], "k_pid_alt": [0.0, 0.006951123476028442, 0.9872516393661499], "k_pid_att": [0.0, 9.277066230773926, 1.0], "k_pid_yaw": [0.5, 1e-06, 0.1], "k_pid_hsp": [9.999999747378752e-05, 0.981703519821167, 0.9454789757728577], "k_pid_vsp": [28.477001190185547, 400.0, 399.287109375]}, "datetime": {"datetime": "2025-08-21 13:20:29", "elapsed": 16545.467735290527, "delta": 22.93794322013855}, "costs": {"total_cost": 10117.933441152098, "time_cost": 150, "final_distance_cost": 2482.8400763166637, "oscillation_cost": 1127.0865227522386, "completition_cost": 1000.0, "overshoot_cost": 5225.388435740017, "power_cost": 33.24677520751953, "noise_cost": 99.37163113565951, "n_waypoints_completed": 0, "tot_waypoints": 9}}
{"target": -8039.909436211764, "params": {"k_pid_pos": [1.8139259815216064, 0.0, 0.10626539587974548], "k_pid_alt": [0.016675353050231934, 0.0139007568359375, 0.9476432800292969], "k_pid_att": [0.5415081977844238, 9.881988525390625, 1.0], "k_pid_yaw": [0.5, 1e-06, 0.1], "k_pid_hsp": [0.4674606919288635, 1.0, 1.0], "k_pid_vsp": [22.12154769897461, 400.0, 390.12664794921875]}, "datetime": {"datetime": "2025-08-21 13:20:51", "elapsed": 16568.325042247772, "delta": 22.857306957244873}, "costs": {"total_cost": 8039.909436211764, "time_cost": 150, "final_distance_cost": 2294.1953417013597, "oscillation_cost": 1892.3532818484618, "completition_cost": 1000.0, "overshoot_cost": 2577.2701172111997, "power_cost": 31.117048559570314, "noise_cost": 94.97364689117354, "n_waypoints_completed": 0, "tot_waypoints": 9}}
{"target": -2246.8725789413925, "params": {"k_pid_pos": [2.0, 0.02156352996826172, 0.07730671763420105], "k_pid_alt": [0.017888665199279785, 0.0, 0.9832468032836914], "k_pid_att": [0.5106806755065918, 9.79448413848877, 1.0], "k_pid_yaw": [0.5, 1e-06, 0.1], "k_pid_hsp": [9.999999747378752e-05, 0.9606195688247681, 1.0], "k_pid_vsp": [11.899185180664062, 400.0, 400.0]}, "datetime": {"datetime": "2025-08-21 13:21:15", "elapsed": 16592.04681301117, "delta": 23.721770763397217}, "costs": {"total_cost": 2246.8725789413925, "time_cost": 150, "final_distance_cost": 145.09353833455455, "oscillation_cost": 558.9067855551559, "completition_cost": 1000.0, "overshoot_cost": 274.8464969298719, "power_cost": 29.51331337890625, "noise_cost": 88.51244474290387, "n_waypoints_completed": 0, "tot_waypoints": 9}}
