{"target": -20519.848174112376, "params": {"k_pid_pos": [1.9777544736862183, 0.0, 0.02695155143737793], "k_pid_alt": [0.03405696153640747, 0.0, 1.0], "k_pid_att": [0.0, 9.66201400756836, 1.0], "k_pid_yaw": [0.5, 1e-06, 0.1], "k_pid_hsp": [9.999999747378752e-05, 0.9837110638618469, 1.0], "k_pid_vsp": [0.0, 400.0, 378.015380859375]}, "datetime": {"datetime": "2025-08-21 10:29:02", "elapsed": 6259.20064997673, "delta": 28.497846364974976}, "costs": {"total_cost": 20519.848174112376, "time_cost": 150, "final_distance_cost": 6232.895599736388, "oscillation_cost": 2096.8448623456775, "completition_cost": 1000.0, "overshoot_cost": 10902.177951164575, "power_cost": 34.90586322021485, "noise_cost": 103.02389764552198, "n_waypoints_completed": 0, "tot_waypoints": 9}}
{"target": -2010.5720406221126, "params": {"k_pid_pos": [1.9573371410369873, 0.006950587034225464, 0.055668145418167114], "k_pid_alt": [0.04210895299911499, 0.053148865699768066, 1.0], "k_pid_att": [2.458655834197998, 9.726533889770508, 1.0], "k_pid_yaw": [0.5, 1e-06, 0.1], "k_pid_hsp": [9.999999747378752e-05, 0.9799877405166626, 1.0], "k_pid_vsp": [1.233065128326416, 400.0, 396.274169921875]}, "datetime": {"datetime": "2025-08-21 10:29:29", "elapsed": 6285.699297904968, "delta": 26.498647928237915}, "costs": {"total_cost": 2010.5720406221126, "time_cost": 150, "final_distance_cost": 113.53200121605896, "oscillation_cost": 371.11397038097147, "completition_cost": 1000.0, "overshoot_cost": 301.98169724092725, "power_cost": 23.04660936279297, "noise_cost": 50.89776242136216, "n_waypoints_completed": 0, "tot_waypoints": 9}}
{"target": -8021.502565830013, "params": {"k_pid_pos": [2.0, 0.0, 0.008280515670776367], "k_pid_alt": [0.0, 0.007054001092910767, 1.0], "k_pid_att": [0.0, 10.0, 1.0], "k_pid_yaw": [0.5, 1e-06, 0.1], "k_pid_hsp": [9.999999747378752e-05, 1.0, 0.9618756771087646], "k_pid_vsp": [32.584190368652344, 379.35308837890625, 389.3406982421875]}, "datetime": {"datetime": "2025-08-21 10:29:57", "elapsed": 6313.667545080185, "delta": 27.968247175216675}, "costs": {"total_cost": 8021.502565830013, "time_cost": 150, "final_distance_cost": 1648.7512523755317, "oscillation_cost": 1179.7580151816824, "completition_cost": 1000.0, "overshoot_cost": 3916.8204461073974, "power_cost": 31.332713684082034, "noise_cost": 94.8401384813193, "n_waypoints_completed": 0, "tot_waypoints": 9}}
{"target": -1701.7388362053148, "params": {"k_pid_pos": [1.9936836957931519, 0.0, 0.006213545799255371], "k_pid_alt": [0.0, 0.0, 1.0], "k_pid_att": [7.818353176116943, 10.0, 0.977391242980957], "k_pid_yaw": [0.5, 1e-06, 0.1], "k_pid_hsp": [1.0408260822296143, 0.9998127222061157, 0.9435712695121765], "k_pid_vsp": [0.0, 393.9014892578125, 400.0]}, "datetime": {"datetime": "2025-08-21 10:30:25", "elapsed": 6342.25240278244, "delta": 28.58485770225525}, "costs": {"total_cost": 1701.7388362053148, "time_cost": 150, "final_distance_cost": 50.560694708862954, "oscillation_cost": 336.86084685906656, "completition_cost": 1000.0, "overshoot_cost": 110.90118107870863, "power_cost": 18.73466219482422, "noise_cost": 34.68145136385246, "n_waypoints_completed": 0, "tot_waypoints": 9}}
{"target": -7191.750663803599, "params": {"k_pid_pos": [1.9760562181472778, 0.0, 0.05240052938461304], "k_pid_alt": [0.07162743806838989, 0.01610580086708069, 0.9910521507263184], "k_pid_att": [0.0, 9.490372657775879, 0.9507932662963867], "k_pid_yaw": [0.5, 1e-06, 0.1], "k_pid_hsp": [9.999999747378752e-05, 0.987235426902771, 1.0], "k_pid_vsp": [12.982309341430664, 398.3304138183594, 400.0]}, "datetime": {"datetime": "2025-08-21 10:30:51", "elapsed": 6367.603360652924, "delta": 25.3509578704834}, "costs": {"total_cost": 7191.750663803599, "time_cost": 150, "final_distance_cost": 1852.5183100948648, "oscillation_cost": 1709.061782696668, "completition_cost": 1000.0, "overshoot_cost": 2345.2373482087824, "power_cost": 33.886389379882814, "noise_cost": 101.04683342340171, "n_waypoints_completed": 0, "tot_waypoints": 9}}
{"target": -6439.5882915668235, "params": {"k_pid_pos": [2.0, 0.0, 0.0], "k_pid_alt": [0.014387905597686768, 0.0, 0.9286096096038818], "k_pid_att": [0.0, 10.0, 0.9652920961380005], "k_pid_yaw": [0.5, 1e-06, 0.1], "k_pid_hsp": [9.999999747378752e-05, 0.9753287434577942, 0.9802364110946655], "k_pid_vsp": [0.0, 389.20263671875, 384.6861877441406]}, "datetime": {"datetime": "2025-08-21 10:31:21", "elapsed": 6398.067059755325, "delta": 30.463699102401733}, "costs": {"total_cost": 6439.5882915668235, "time_cost": 150, "final_distance_cost": 1200.5305459627455, "oscillation_cost": 1071.2054970867794, "completition_cost": 1000.0, "overshoot_cost": 2891.231520506182, "power_cost": 31.388303198242188, "noise_cost": 95.23242481287399, "n_waypoints_completed": 0, "tot_waypoints": 9}}
{"target": -2090.959995180667, "params": {"k_pid_pos": [2.0, 0.03765225410461426, 0.0], "k_pid_alt": [0.0, 0.0, 0.9817867875099182], "k_pid_att": [2.8038649559020996, 10.0, 1.0], "k_pid_yaw": [0.5, 1e-06, 0.1], "k_pid_hsp": [0.029958050698041916, 0.9996752738952637, 0.9761824607849121], "k_pid_vsp": [0.0, 376.8409729003906, 400.0]}, "datetime": {"datetime": "2025-08-21 10:31:50", "elapsed": 6426.49221777916, "delta": 28.42515802383423}, "costs": {"total_cost": 2090.959995180667, "time_cost": 150, "final_distance_cost": 130.8588920786706, "oscillation_cost": 341.5720200899499, "completition_cost": 1000.0, "overshoot_cost": 371.26927860267415, "power_cost": 24.214681579589843, "noise_cost": 73.04512282978266, "n_waypoints_completed": 0, "tot_waypoints": 9}}
{"target": -1718.1559250185562, "params": {"k_pid_pos": [1.86797034740448, 0.0, 0.0], "k_pid_alt": [0.09302115440368652, 0.0, 1.0], "k_pid_att": [4.43938684463501, 9.616180419921875, 1.0], "k_pid_yaw": [0.5, 1e-06, 0.1], "k_pid_hsp": [9.999999747378752e-05, 1.0, 1.0], "k_pid_vsp": [8.823978424072266, 400.0, 400.0]}, "datetime": {"datetime": "2025-08-21 10:32:23", "elapsed": 6459.787174940109, "delta": 33.29495716094971}, "costs": {"total_cost": 1718.1559250185562, "time_cost": 150, "final_distance_cost": 158.95567515421746, "oscillation_cost": 231.55523642010027, "completition_cost": 888.8888888888888, "overshoot_cost": 228.1380053539735, "power_cost": 21.263599743652346, "noise_cost": 39.35451945772364, "n_waypoints_completed": 1, "tot_waypoints": 9}}
{"target": -5500.027328323135, "params": {"k_pid_pos": [2.0, 0.028965801000595093, 0.0], "k_pid_alt": [0.0, 0.06828927993774414, 1.0], "k_pid_att": [0.0, 10.0, 0.952040433883667], "k_pid_yaw": [0.5, 1e-06, 0.1], "k_pid_hsp": [9.999999747378752e-05, 1.0, 1.0], "k_pid_vsp": [0.06960630416870117, 380.25433349609375, 400.0]}, "datetime": {"datetime": "2025-08-21 10:32:50", "elapsed": 6486.992597818375, "delta": 27.20542287826538}, "costs": {"total_cost": 5500.027328323135, "time_cost": 150, "final_distance_cost": 710.9272365230506, "oscillation_cost": 2298.3042378829186, "completition_cost": 1000.0, "overshoot_cost": 1202.9766931135719, "power_cost": 34.82254927978516, "noise_cost": 102.99661152380833, "n_waypoints_completed": 0, "tot_waypoints": 9}}
{"target": -18939.220834964945, "params": {"k_pid_pos": [2.0, 0.026714622974395752, 0.0], "k_pid_alt": [0.0, 0.0029894113540649414, 1.0], "k_pid_att": [0.0, 10.0, 1.0], "k_pid_yaw": [0.5, 1e-06, 0.1], "k_pid_hsp": [0.46064943075180054, 1.0, 0.9695537090301514], "k_pid_vsp": [0.0, 400.0, 380.72576904296875]}, "datetime": {"datetime": "2025-08-21 10:33:17", "elapsed": 6514.433718681335, "delta": 27.441120862960815}, "costs": {"total_cost": 18939.220834964945, "time_cost": 150, "final_distance_cost": 6167.142355275861, "oscillation_cost": 1689.1970481120604, "completition_cost": 1000.0, "overshoot_cost": 9806.30106322278, "power_cost": 30.96049686279297, "noise_cost": 95.61987149145016, "n_waypoints_completed": 0, "tot_waypoints": 9}}
{"target": -5810.390084643403, "params": {"k_pid_pos": [1.8781139850616455, 0.008701145648956299, 0.0], "k_pid_alt": [0.0, 0.006876051425933838, 1.0], "k_pid_att": [0.0, 9.48891544342041, 0.9825290441513062], "k_pid_yaw": [0.5, 1e-06, 0.1], "k_pid_hsp": [1.1916227340698242, 1.0, 0.9816454648971558], "k_pid_vsp": [26.008546829223633, 400.0, 366.16387939453125]}, "datetime": {"datetime": "2025-08-21 10:33:46", "elapsed": 6543.327840089798, "delta": 28.894121408462524}, "costs": {"total_cost": 5810.390084643403, "time_cost": 150, "final_distance_cost": 654.6415442118735, "oscillation_cost": 2313.6565823848823, "completition_cost": 1000.0, "overshoot_cost": 1570.452920911586, "power_cost": 29.213712316894533, "noise_cost": 92.42532481816637, "n_waypoints_completed": 0, "tot_waypoints": 9}}
{"target": -1800.3882820524896, "params": {"k_pid_pos": [1.9371936321258545, 0.00020554661750793457, 0.015663474798202515], "k_pid_alt": [0.11470568180084229, 0.0, 0.9604425430297852], "k_pid_att": [10.901069641113281, 9.4230375289917, 0.9342381954193115], "k_pid_yaw": [0.5, 1e-06, 0.1], "k_pid_hsp": [9.999999747378752e-05, 0.9597346186637878, 1.0], "k_pid_vsp": [1.8024206161499023, 385.3386535644531, 400.0]}, "datetime": {"datetime": "2025-08-21 10:34:12", "elapsed": 6568.748451948166, "delta": 25.42061185836792}, "costs": {"total_cost": 1800.3882820524896, "time_cost": 150, "final_distance_cost": 65.15977647319212, "oscillation_cost": 301.49784171748587, "completition_cost": 888.8888888888888, "overshoot_cost": 351.3678636829377, "power_cost": 18.659042810058594, "noise_cost": 24.814868479926677, "n_waypoints_completed": 1, "tot_waypoints": 9}}
{"target": -2047.1995296984562, "params": {"k_pid_pos": [1.8834997415542603, 0.0680188238620758, 0.0], "k_pid_alt": [0.0, 0.05455142259597778, 0.9823172092437744], "k_pid_att": [2.2452564239501953, 10.0, 1.0], "k_pid_yaw": [0.5, 1e-06, 0.1], "k_pid_hsp": [9.999999747378752e-05, 1.0, 0.987581193447113], "k_pid_vsp": [0.0, 396.5375061035156, 371.2729797363281]}, "datetime": {"datetime": "2025-08-21 10:34:44", "elapsed": 6600.714852571487, "delta": 31.966400623321533}, "costs": {"total_cost": 2047.1995296984562, "time_cost": 150, "final_distance_cost": 90.9539901469291, "oscillation_cost": 412.66634537372704, "completition_cost": 1000.0, "overshoot_cost": 283.73598561325053, "power_cost": 27.351179345703127, "noise_cost": 82.4920292188464, "n_waypoints_completed": 0, "tot_waypoints": 9}}
{"target": -1741.526722045851, "params": {"k_pid_pos": [2.0, 0.04198634624481201, 0.0], "k_pid_alt": [0.01972585916519165, 0.0044525861740112305, 0.8999660015106201], "k_pid_att": [5.068263530731201, 9.462546348571777, 0.9702661037445068], "k_pid_yaw": [0.5, 1e-06, 0.1], "k_pid_hsp": [0.4437573552131653, 0.975450873374939, 0.9728192090988159], "k_pid_vsp": [11.339605331420898, 400.0, 400.0]}, "datetime": {"datetime": "2025-08-21 10:35:09", "elapsed": 6625.592863082886, "delta": 24.878010511398315}, "costs": {"total_cost": 1741.526722045851, "time_cost": 150, "final_distance_cost": 124.09547820930138, "oscillation_cost": 239.62778023006686, "completition_cost": 1000.0, "overshoot_cost": 196.1719394197866, "power_cost": 17.86207839355469, "noise_cost": 13.76944579314163, "n_waypoints_completed": 0, "tot_waypoints": 9}}
{"target": -1681.3956984111996, "params": {"k_pid_pos": [2.0, 0.0, 0.0], "k_pid_alt": [0.1557828187942505, 0.03508758544921875, 0.975407600402832], "k_pid_att": [4.480237007141113, 9.527787208557129, 1.0], "k_pid_yaw": [0.5, 1e-06, 0.1], "k_pid_hsp": [0.11522402614355087, 0.9254347681999207, 0.953683078289032], "k_pid_vsp": [18.359983444213867, 400.0, 397.0047607421875]}, "datetime": {"datetime": "2025-08-21 10:35:41", "elapsed": 6657.8345246315, "delta": 32.2416615486145}, "costs": {"total_cost": 1681.3956984111996, "time_cost": 150, "final_distance_cost": 7.514253602975972, "oscillation_cost": 288.7917904178306, "completition_cost": 1000.0, "overshoot_cost": 150.61808705617446, "power_cost": 20.299770080566407, "noise_cost": 64.17179725365231, "n_waypoints_completed": 0, "tot_waypoints": 9}}
{"target": -1697.979816991457, "params": {"k_pid_pos": [1.8740538358688354, 0.0, 0.0], "k_pid_alt": [0.0, 0.0, 0.9860231876373291], "k_pid_att": [3.5403847694396973, 8.4846830368042, 1.0], "k_pid_yaw": [0.5, 1e-06, 0.1], "k_pid_hsp": [0.28694239258766174, 0.9491316676139832, 0.9947414398193359], "k_pid_vsp": [3.296232223510742, 397.70941162109375, 372.48590087890625]}, "datetime": {"datetime": "2025-08-21 10:36:06", "elapsed": 6682.9179100990295, "delta": 25.083385467529297}, "costs": {"total_cost": 1697.979816991457, "time_cost": 150, "final_distance_cost": 50.99153265050653, "oscillation_cost": 269.3675926177739, "completition_cost": 1000.0, "overshoot_cost": 154.81505128276427, "power_cost": 22.95644030761719, "noise_cost": 49.849200132795254, "n_waypoints_completed": 0, "tot_waypoints": 9}}
{"target": -1887.952690757681, "params": {"k_pid_pos": [2.0, 0.050741732120513916, 0.0], "k_pid_alt": [0.0, 0.06937158107757568, 1.0], "k_pid_att": [14.124166488647461, 10.0, 1.0], "k_pid_yaw": [0.5, 1e-06, 0.1], "k_pid_hsp": [9.999999747378752e-05, 0.9999909400939941, 1.0], "k_pid_vsp": [0.0, 399.316162109375, 392.69232177734375]}, "datetime": {"datetime": "2025-08-21 10:36:36", "elapsed": 6712.670255184174, "delta": 29.752345085144043}, "costs": {"total_cost": 1887.952690757681, "time_cost": 150, "final_distance_cost": 28.85699580692476, "oscillation_cost": 363.90559966354897, "completition_cost": 888.8888888888888, "overshoot_cost": 414.18463464928107, "power_cost": 18.518615075683595, "noise_cost": 23.597956673353647, "n_waypoints_completed": 1, "tot_waypoints": 9}}
{"target": -2174.1326932885004, "params": {"k_pid_pos": [1.979735255241394, 0.050754010677337646, 0.0], "k_pid_alt": [0.06724029779434204, 0.003650665283203125, 0.9236087799072266], "k_pid_att": [0.9039223194122314, 10.0, 1.0], "k_pid_yaw": [0.5, 1e-06, 0.1], "k_pid_hsp": [0.9490024447441101, 1.0, 1.0], "k_pid_vsp": [0.0, 387.81903076171875, 400.0]}, "datetime": {"datetime": "2025-08-21 10:37:03", "elapsed": 6739.72157740593, "delta": 27.05132222175598}, "costs": {"total_cost": 2174.1326932885004, "time_cost": 150, "final_distance_cost": 60.69465931508276, "oscillation_cost": 601.681293132522, "completition_cost": 1000.0, "overshoot_cost": 238.10511493193872, "power_cost": 31.004985473632814, "noise_cost": 92.64664043532429, "n_waypoints_completed": 0, "tot_waypoints": 9}}
{"target": -2959.935804246078, "params": {"k_pid_pos": [2.0, 0.04183322191238403, 0.0], "k_pid_alt": [0.06316637992858887, 0.0, 1.0], "k_pid_att": [0.15929937362670898, 10.0, 0.9600224494934082], "k_pid_yaw": [0.5, 1e-06, 0.1], "k_pid_hsp": [9.999999747378752e-05, 0.97760009765625, 1.0], "k_pid_vsp": [0.0, 351.2225036621094, 379.3451843261719]}, "datetime": {"datetime": "2025-08-21 10:37:32", "elapsed": 6769.40656375885, "delta": 29.684986352920532}, "costs": {"total_cost": 2959.935804246078, "time_cost": 150, "final_distance_cost": 218.2555807346949, "oscillation_cost": 909.3971576479563, "completition_cost": 1000.0, "overshoot_cost": 560.7375722238593, "power_cost": 30.14153609619141, "noise_cost": 91.4039575433756, "n_waypoints_completed": 0, "tot_waypoints": 9}}
{"target": -1731.8095152789692, "params": {"k_pid_pos": [1.6788543462753296, 0.006624788045883179, 0.0], "k_pid_alt": [0.11479616165161133, 0.0300329327583313, 1.0], "k_pid_att": [4.424619674682617, 10.0, 1.0], "k_pid_yaw": [0.5, 1e-06, 0.1], "k_pid_hsp": [0.012374261394143105, 0.9595162868499756, 1.0], "k_pid_vsp": [1.4063239097595215, 400.0, 400.0]}, "datetime": {"datetime": "2025-08-21 10:37:58", "elapsed": 6795.274151563644, "delta": 25.86758780479431}, "costs": {"total_cost": 1731.8095152789692, "time_cost": 150, "final_distance_cost": 41.263492184577956, "oscillation_cost": 292.00263215460865, "completition_cost": 1000.0, "overshoot_cost": 170.24639073948643, "power_cost": 19.642505615234377, "noise_cost": 58.65449458506169, "n_waypoints_completed": 0, "tot_waypoints": 9}}
{"target": -13562.057276577072, "params": {"k_pid_pos": [2.0, 0.024567365646362305, 0.09827414155006409], "k_pid_alt": [0.0, 0.02413216233253479, 1.0], "k_pid_att": [0.0, 9.254105567932129, 1.0], "k_pid_yaw": [0.5, 1e-06, 0.1], "k_pid_hsp": [0.30916067957878113, 1.0, 0.9925782084465027], "k_pid_vsp": [16.96722412109375, 400.0, 395.10137939453125]}, "datetime": {"datetime": "2025-08-21 10:38:30", "elapsed": 6826.907300233841, "delta": 31.633148670196533}, "costs": {"total_cost": 13562.057276577072, "time_cost": 150, "final_distance_cost": 4374.675243921993, "oscillation_cost": 2253.337213602217, "completition_cost": 1000.0, "overshoot_cost": 5645.904492911576, "power_cost": 34.82810252685547, "noise_cost": 103.31222361443133, "n_waypoints_completed": 0, "tot_waypoints": 9}}
{"target": -3054.125112029411, "params": {"k_pid_pos": [1.9761685132980347, 0.0, 0.01253044605255127], "k_pid_alt": [0.03492671251296997, 0.018870055675506592, 0.8877308964729309], "k_pid_att": [0.0, 8.584832191467285, 0.9701573848724365], "k_pid_yaw": [0.5, 1e-06, 0.1], "k_pid_hsp": [9.999999747378752e-05, 0.9784647226333618, 0.9521225690841675], "k_pid_vsp": [0.22951364517211914, 400.0, 400.0]}, "datetime": {"datetime": "2025-08-21 10:38:58", "elapsed": 6854.479832172394, "delta": 27.572531938552856}, "costs": {"total_cost": 3054.125112029411, "time_cost": 150, "final_distance_cost": 205.0969912596563, "oscillation_cost": 1270.538148979579, "completition_cost": 1000.0, "overshoot_cost": 302.78949170295783, "power_cost": 31.084802404785158, "noise_cost": 94.6156776824323, "n_waypoints_completed": 0, "tot_waypoints": 9}}
{"target": -4524.28674140756, "params": {"k_pid_pos": [1.9666268825531006, 0.0, 0.008839398622512817], "k_pid_alt": [0.0, 0.0, 0.8849043846130371], "k_pid_att": [0.0, 9.506011009216309, 1.0], "k_pid_yaw": [0.5, 1e-06, 0.1], "k_pid_hsp": [0.5444241762161255, 0.9732722043991089, 1.0], "k_pid_vsp": [8.277690887451172, 400.0, 400.0]}, "datetime": {"datetime": "2025-08-21 10:39:26", "elapsed": 6883.351896047592, "delta": 28.872063875198364}, "costs": {"total_cost": 4524.28674140756, "time_cost": 150, "final_distance_cost": 860.6520940688798, "oscillation_cost": 1186.033402174181, "completition_cost": 1000.0, "overshoot_cost": 1225.4883553624068, "power_cost": 22.234460034179687, "noise_cost": 79.87842976791283, "n_waypoints_completed": 0, "tot_waypoints": 9}}
{"target": -6935.549606949045, "params": {"k_pid_pos": [1.8840513229370117, 0.01719936728477478, 0.04891687631607056], "k_pid_alt": [0.0, 0.0, 1.0], "k_pid_att": [0.0, 10.0, 1.0], "k_pid_yaw": [0.5, 1e-06, 0.1], "k_pid_hsp": [0.1361444592475891, 0.9049683809280396, 1.0], "k_pid_vsp": [0.0, 376.0557861328125, 365.76593017578125]}, "datetime": {"datetime": "2025-08-21 10:39:54", "elapsed": 6910.896636962891, "delta": 27.544740915298462}, "costs": {"total_cost": 6935.549606949045, "time_cost": 150, "final_distance_cost": 1912.8321793122827, "oscillation_cost": 604.507602453448, "completition_cost": 1000.0, "overshoot_cost": 3186.1091005124035, "power_cost": 15.774254687500001, "noise_cost": 66.32646998341093, "n_waypoints_completed": 0, "tot_waypoints": 9}}
{"target": -2100.1689940787423, "params": {"k_pid_pos": [2.0, 0.003331303596496582, 0.0], "k_pid_alt": [0.12160748243331909, 0.0, 0.949732780456543], "k_pid_att": [1.4336585998535156, 9.901119232177734, 0.9092922210693359], "k_pid_yaw": [0.5, 1e-06, 0.1], "k_pid_hsp": [0.35383063554763794, 1.0, 0.9884392023086548], "k_pid_vsp": [5.333054065704346, 399.0517272949219, 384.2232666015625]}, "datetime": {"datetime": "2025-08-21 10:40:24", "elapsed": 6940.5730147361755, "delta": 29.676377773284912}, "costs": {"total_cost": 2100.1689940787423, "time_cost": 150, "final_distance_cost": 11.006896802006267, "oscillation_cost": 623.8102725419924, "completition_cost": 1000.0, "overshoot_cost": 186.58083524313443, "power_cost": 32.420502954101565, "noise_cost": 96.35048653750773, "n_waypoints_completed": 0, "tot_waypoints": 9}}
{"target": -2758.1423200156623, "params": {"k_pid_pos": [2.0, 0.0, 0.06136682629585266], "k_pid_alt": [0.04809284210205078, 0.0, 1.0], "k_pid_att": [0.2221912145614624, 10.0, 1.0], "k_pid_yaw": [0.5, 1e-06, 0.1], "k_pid_hsp": [9.999999747378752e-05, 1.0, 1.0], "k_pid_vsp": [0.0, 400.0, 400.0]}, "datetime": {"datetime": "2025-08-21 10:40:49", "elapsed": 6966.157805681229, "delta": 25.5847909450531}, "costs": {"total_cost": 2758.1423200156623, "time_cost": 150, "final_distance_cost": 197.47223070722023, "oscillation_cost": 982.2951665431638, "completition_cost": 1000.0, "overshoot_cost": 304.9592854606641, "power_cost": 30.55663835449219, "noise_cost": 92.85899895012186, "n_waypoints_completed": 0, "tot_waypoints": 9}}
{"target": -2005.5769829538144, "params": {"k_pid_pos": [1.8614290952682495, 0.09868311882019043, 0.036656320095062256], "k_pid_alt": [0.13531452417373657, 0.050580769777297974, 0.9406542778015137], "k_pid_att": [2.2115767002105713, 9.387320518493652, 0.9794260263442993], "k_pid_yaw": [0.5, 1e-06, 0.1], "k_pid_hsp": [0.4153086245059967, 0.9965540170669556, 1.0], "k_pid_vsp": [13.940704345703125, 395.96771240234375, 400.0]}, "datetime": {"datetime": "2025-08-21 10:41:18", "elapsed": 6995.2009999752045, "delta": 29.04319429397583}, "costs": {"total_cost": 2005.5769829538144, "time_cost": 150, "final_distance_cost": 56.536987723685314, "oscillation_cost": 402.7813191345085, "completition_cost": 1000.0, "overshoot_cost": 276.2764435142539, "power_cost": 30.063149353027345, "noise_cost": 89.91908322833943, "n_waypoints_completed": 0, "tot_waypoints": 9}}
