{"target": -3915.4155438623784, "params": {"k_pid_pos": [1.9126319885253906, 0.045456886291503906, 0.0], "k_pid_alt": [0.0, 0.0, 0.9684451818466187], "k_pid_att": [0.0, 9.863256454467773, 1.0], "k_pid_yaw": [0.5, 1e-06, 0.1], "k_pid_hsp": [9.999999747378752e-05, 1.0, 1.0], "k_pid_vsp": [21.805084228515625, 385.27191162109375, 400.0]}, "datetime": {"datetime": "2025-08-21 11:14:08", "elapsed": 8964.962718248367, "delta": 22.825050830841064}, "costs": {"total_cost": 3915.4155438623784, "time_cost": 150, "final_distance_cost": 301.11741680254573, "oscillation_cost": 1645.1897644857127, "completition_cost": 1000.0, "overshoot_cost": 720.4125055217238, "power_cost": 21.36901853027344, "noise_cost": 77.32683852212246, "n_waypoints_completed": 0, "tot_waypoints": 9}}
{"target": -3164.340188597096, "params": {"k_pid_pos": [1.9128434658050537, 0.0, 0.04565727710723877], "k_pid_alt": [0.0, 0.0, 0.9079432487487793], "k_pid_att": [0.0, 10.0, 0.9977006912231445], "k_pid_yaw": [0.5, 1e-06, 0.1], "k_pid_hsp": [0.25011900067329407, 0.8657116293907166, 0.8905826807022095], "k_pid_vsp": [0.0, 379.645263671875, 371.452392578125]}, "datetime": {"datetime": "2025-08-21 11:14:31", "elapsed": 8988.07520031929, "delta": 23.11248207092285}, "costs": {"total_cost": 3164.340188597096, "time_cost": 150, "final_distance_cost": 198.4610015804039, "oscillation_cost": 1376.4381836172145, "completition_cost": 1000.0, "overshoot_cost": 336.98730588207314, "power_cost": 22.395418286132813, "noise_cost": 80.05827923127151, "n_waypoints_completed": 0, "tot_waypoints": 9}}
{"target": -2023.5794480815844, "params": {"k_pid_pos": [1.9494411945343018, 0.027695149183273315, 0.0], "k_pid_alt": [0.0, 0.004556804895401001, 0.9813538789749146], "k_pid_att": [2.4544119834899902, 10.0, 0.9655649065971375], "k_pid_yaw": [0.5, 1e-06, 0.1], "k_pid_hsp": [9.999999747378752e-05, 0.9657481908798218, 0.89476478099823], "k_pid_vsp": [0.0, 395.0875549316406, 357.3428649902344]}, "datetime": {"datetime": "2025-08-21 11:14:54", "elapsed": 9010.909435510635, "delta": 22.834235191345215}, "costs": {"total_cost": 2023.5794480815844, "time_cost": 150, "final_distance_cost": 93.23366811775233, "oscillation_cost": 377.2388595969429, "completition_cost": 1000.0, "overshoot_cost": 297.6965893484922, "power_cost": 25.91056689453125, "noise_cost": 79.4997641238655, "n_waypoints_completed": 0, "tot_waypoints": 9}}
{"target": -7098.833795937444, "params": {"k_pid_pos": [2.0, 0.0, 0.006787806749343872], "k_pid_alt": [0.1797013282775879, 0.0, 1.0], "k_pid_att": [0.0, 9.714997291564941, 0.9840584993362427], "k_pid_yaw": [0.5, 1e-06, 0.1], "k_pid_hsp": [0.024096589535474777, 0.9704146385192871, 1.0], "k_pid_vsp": [0.0, 400.0, 378.96234130859375]}, "datetime": {"datetime": "2025-08-21 11:15:18", "elapsed": 9034.825277090073, "delta": 23.915841579437256}, "costs": {"total_cost": 7098.833795937444, "time_cost": 150, "final_distance_cost": 1363.145458760556, "oscillation_cost": 1133.9513204094094, "completition_cost": 1000.0, "overshoot_cost": 3324.9323257989977, "power_cost": 31.514529907226564, "noise_cost": 95.29016106125398, "n_waypoints_completed": 0, "tot_waypoints": 9}}
{"target": -2046.3348300696111, "params": {"k_pid_pos": [1.9899513721466064, 0.0, 0.0], "k_pid_alt": [0.0, 0.0, 1.0], "k_pid_att": [2.2017955780029297, 10.0, 1.0], "k_pid_yaw": [0.5, 1e-06, 0.1], "k_pid_hsp": [9.999999747378752e-05, 1.0, 0.9384729266166687], "k_pid_vsp": [0.0, 400.0, 368.15362548828125]}, "datetime": {"datetime": "2025-08-21 11:15:41", "elapsed": 9057.642907619476, "delta": 22.817630529403687}, "costs": {"total_cost": 2046.3348300696111, "time_cost": 150, "final_distance_cost": 99.3075960221299, "oscillation_cost": 402.5919022945147, "completition_cost": 1000.0, "overshoot_cost": 309.55135026701765, "power_cost": 17.284753540039063, "noise_cost": 67.59922794591016, "n_waypoints_completed": 0, "tot_waypoints": 9}}
{"target": -6321.346363960721, "params": {"k_pid_pos": [2.0, 0.020763158798217773, 0.0], "k_pid_alt": [0.0, 0.0, 1.0], "k_pid_att": [0.0, 9.659419059753418, 0.863136887550354], "k_pid_yaw": [0.5, 1e-06, 0.1], "k_pid_hsp": [9.999999747378752e-05, 1.0, 1.0], "k_pid_vsp": [7.010746002197266, 380.3079528808594, 393.7459411621094]}, "datetime": {"datetime": "2025-08-21 11:16:04", "elapsed": 9080.839402914047, "delta": 23.196495294570923}, "costs": {"total_cost": 6321.346363960721, "time_cost": 150, "final_distance_cost": 1379.8151747236882, "oscillation_cost": 1008.996016509382, "completition_cost": 1000.0, "overshoot_cost": 2690.5192385641258, "power_cost": 18.797411450195312, "noise_cost": 73.21852271333078, "n_waypoints_completed": 0, "tot_waypoints": 9}}
{"target": -5771.276489379912, "params": {"k_pid_pos": [2.0, 0.0, 0.0], "k_pid_alt": [0.0, 0.000827401876449585, 0.9540029764175415], "k_pid_att": [0.0, 10.0, 1.0], "k_pid_yaw": [0.5, 1e-06, 0.1], "k_pid_hsp": [0.3615347743034363, 1.0, 1.0], "k_pid_vsp": [0.0, 400.0, 333.7363586425781]}, "datetime": {"datetime": "2025-08-21 11:16:27", "elapsed": 9103.667234897614, "delta": 22.827831983566284}, "costs": {"total_cost": 5771.276489379912, "time_cost": 150, "final_distance_cost": 952.1006127395027, "oscillation_cost": 1291.1388079725791, "completition_cost": 1000.0, "overshoot_cost": 2251.286064518146, "power_cost": 31.32774000244141, "noise_cost": 95.42326414724243, "n_waypoints_completed": 0, "tot_waypoints": 9}}
{"target": -1844.342059614182, "params": {"k_pid_pos": [2.0, 0.0, 0.0], "k_pid_alt": [0.07709944248199463, 0.047485411167144775, 0.9349331259727478], "k_pid_att": [2.1631062030792236, 9.883625030517578, 1.0], "k_pid_yaw": [0.5, 1e-06, 0.1], "k_pid_hsp": [0.08888917416334152, 1.0, 0.8873564600944519], "k_pid_vsp": [32.6030387878418, 400.0, 397.09130859375]}, "datetime": {"datetime": "2025-08-21 11:16:50", "elapsed": 9126.73914694786, "delta": 23.071912050247192}, "costs": {"total_cost": 1844.342059614182, "time_cost": 150, "final_distance_cost": 8.381045632851931, "oscillation_cost": 432.44822060774584, "completition_cost": 1000.0, "overshoot_cost": 137.24706109190373, "power_cost": 29.789998779296877, "noise_cost": 86.47573350238359, "n_waypoints_completed": 0, "tot_waypoints": 9}}
{"target": -1885.9638159828996, "params": {"k_pid_pos": [1.9830104112625122, 0.03447580337524414, 0.1059008240699768], "k_pid_alt": [0.09021192789077759, 0.029148459434509277, 0.942167341709137], "k_pid_att": [3.986313819885254, 8.765018463134766, 0.9620717167854309], "k_pid_yaw": [0.5, 1e-06, 0.1], "k_pid_hsp": [9.999999747378752e-05, 0.9760657548904419, 1.0], "k_pid_vsp": [10.87907600402832, 400.0, 400.0]}, "datetime": {"datetime": "2025-08-21 11:17:13", "elapsed": 9149.970222473145, "delta": 23.231075525283813}, "costs": {"total_cost": 1885.9638159828996, "time_cost": 150, "final_distance_cost": 2.3673145985210002, "oscillation_cost": 235.37330181261873, "completition_cost": 1000.0, "overshoot_cost": 453.0019746990419, "power_cost": 21.240199755859376, "noise_cost": 23.981025116858454, "n_waypoints_completed": 0, "tot_waypoints": 9}}
{"target": -5365.164034466395, "params": {"k_pid_pos": [2.0, 0.04013672471046448, 0.0], "k_pid_alt": [0.09005928039550781, 0.0, 1.0], "k_pid_att": [0.0, 10.0, 1.0], "k_pid_yaw": [0.5, 1e-06, 0.1], "k_pid_hsp": [0.5462155342102051, 1.0, 0.9801307916641235], "k_pid_vsp": [13.092303276062012, 400.0, 400.0]}, "datetime": {"datetime": "2025-08-21 11:17:36", "elapsed": 9172.950174331665, "delta": 22.979951858520508}, "costs": {"total_cost": 5365.164034466395, "time_cost": 150, "final_distance_cost": 514.8807475536994, "oscillation_cost": 2219.9016674758336, "completition_cost": 1000.0, "overshoot_cost": 1348.4487791886304, "power_cost": 32.64863963623047, "noise_cost": 99.28420061200103, "n_waypoints_completed": 0, "tot_waypoints": 9}}
{"target": -1940.9605536082715, "params": {"k_pid_pos": [2.0, 0.0, 0.0], "k_pid_alt": [0.07671582698822021, 0.11439633369445801, 0.9612662196159363], "k_pid_att": [1.894095540046692, 9.633125305175781, 1.0], "k_pid_yaw": [0.5, 1e-06, 0.1], "k_pid_hsp": [9.999999747378752e-05, 0.9352843761444092, 0.9866633415222168], "k_pid_vsp": [23.891841888427734, 400.0, 386.2869873046875]}, "datetime": {"datetime": "2025-08-21 11:17:59", "elapsed": 9195.592032194138, "delta": 22.641857862472534}, "costs": {"total_cost": 1940.9605536082715, "time_cost": 150, "final_distance_cost": 35.435406240654586, "oscillation_cost": 462.6655835190498, "completition_cost": 1000.0, "overshoot_cost": 178.9032937125385, "power_cost": 28.940355700683597, "noise_cost": 85.01591443534511, "n_waypoints_completed": 0, "tot_waypoints": 9}}
{"target": -2128.317400525165, "params": {"k_pid_pos": [2.0, 0.0, 0.0], "k_pid_alt": [0.0, 0.0, 0.959148645401001], "k_pid_att": [1.2201368808746338, 10.0, 1.0], "k_pid_yaw": [0.5, 1e-06, 0.1], "k_pid_hsp": [0.3026793301105499, 0.9702507853507996, 0.9378938674926758], "k_pid_vsp": [5.911076068878174, 380.60614013671875, 390.98028564453125]}, "datetime": {"datetime": "2025-08-21 11:18:22", "elapsed": 9219.12608408928, "delta": 23.5340518951416}, "costs": {"total_cost": 2128.317400525165, "time_cost": 150, "final_distance_cost": 41.57272377092395, "oscillation_cost": 646.1177484284829, "completition_cost": 1000.0, "overshoot_cost": 207.57921326641886, "power_cost": 15.987501477050783, "noise_cost": 67.06021358228826, "n_waypoints_completed": 0, "tot_waypoints": 9}}
{"target": -1688.612915151947, "params": {"k_pid_pos": [1.9240036010742188, 0.06276115775108337, 0.0], "k_pid_alt": [0.0, 0.0, 0.9875224828720093], "k_pid_att": [4.687434196472168, 9.905341148376465, 0.9920526742935181], "k_pid_yaw": [0.5, 1e-06, 0.1], "k_pid_hsp": [0.3809245526790619, 0.9305357933044434, 0.873902440071106], "k_pid_vsp": [0.0, 400.0, 365.4997253417969]}, "datetime": {"datetime": "2025-08-21 11:18:45", "elapsed": 9242.129734754562, "delta": 23.003650665283203}, "costs": {"total_cost": 1688.612915151947, "time_cost": 150, "final_distance_cost": 21.436520123090283, "oscillation_cost": 287.8312389047773, "completition_cost": 1000.0, "overshoot_cost": 158.93140279140331, "power_cost": 12.38277646484375, "noise_cost": 58.03097686783204, "n_waypoints_completed": 0, "tot_waypoints": 9}}
{"target": -3150.6692413701303, "params": {"k_pid_pos": [1.87726891040802, 0.0, 0.04143136739730835], "k_pid_alt": [0.0, 0.0, 1.0], "k_pid_att": [0.0, 9.66321849822998, 0.9188265204429626], "k_pid_yaw": [0.5, 1e-06, 0.1], "k_pid_hsp": [0.2957220673561096, 1.0, 0.9663970470428467], "k_pid_vsp": [29.28413200378418, 368.0234069824219, 372.8460693359375]}, "datetime": {"datetime": "2025-08-21 11:19:08", "elapsed": 9265.252481460571, "delta": 23.12274670600891}, "costs": {"total_cost": 3150.6692413701303, "time_cost": 150, "final_distance_cost": 368.33721500363504, "oscillation_cost": 1056.6197097306065, "completition_cost": 1000.0, "overshoot_cost": 477.39853924149605, "power_cost": 20.683687536621093, "noise_cost": 77.6300898577717, "n_waypoints_completed": 0, "tot_waypoints": 9}}
{"target": -1969.1483588130086, "params": {"k_pid_pos": [1.9918216466903687, 0.067654550075531, 0.0], "k_pid_alt": [0.024727046489715576, 0.0, 0.9331740140914917], "k_pid_att": [2.473318576812744, 9.882307052612305, 1.0], "k_pid_yaw": [0.5, 1e-06, 0.1], "k_pid_hsp": [0.09438227862119675, 0.9206467866897583, 1.0], "k_pid_vsp": [0.0, 378.5257568359375, 400.0]}, "datetime": {"datetime": "2025-08-21 11:19:31", "elapsed": 9287.990386009216, "delta": 22.73790454864502}, "costs": {"total_cost": 1969.1483588130086, "time_cost": 150, "final_distance_cost": 76.6244651501573, "oscillation_cost": 378.96977409583036, "completition_cost": 1000.0, "overshoot_cost": 258.2643217448255, "power_cost": 26.08173670654297, "noise_cost": 79.20806111565257, "n_waypoints_completed": 0, "tot_waypoints": 9}}
{"target": -6339.807026842666, "params": {"k_pid_pos": [1.9414901733398438, 0.07292383909225464, 0.0], "k_pid_alt": [0.12117314338684082, 0.0, 1.0], "k_pid_att": [0.009807944297790527, 9.121854782104492, 0.9880058169364929], "k_pid_yaw": [0.5, 1e-06, 0.1], "k_pid_hsp": [9.999999747378752e-05, 1.0, 0.9786252975463867], "k_pid_vsp": [0.0, 400.0, 400.0]}, "datetime": {"datetime": "2025-08-21 11:19:54", "elapsed": 9311.150240421295, "delta": 23.159854412078857}, "costs": {"total_cost": 6339.807026842666, "time_cost": 150, "final_distance_cost": 1231.6966861227297, "oscillation_cost": 1593.867207121565, "completition_cost": 1000.0, "overshoot_cost": 2227.411955941202, "power_cost": 34.60154709472656, "noise_cost": 102.2296305624429, "n_waypoints_completed": 0, "tot_waypoints": 9}}
{"target": -1697.5298029250434, "params": {"k_pid_pos": [2.0, 0.047747135162353516, 0.0], "k_pid_alt": [0.010888099670410156, 0.0, 1.0], "k_pid_att": [4.056873798370361, 10.0, 0.9359032511711121], "k_pid_yaw": [0.5, 1e-06, 0.1], "k_pid_hsp": [0.6480585932731628, 0.9738632440567017, 1.0], "k_pid_vsp": [5.7530999183654785, 371.6710510253906, 400.0]}, "datetime": {"datetime": "2025-08-21 11:20:17", "elapsed": 9334.090688943863, "delta": 22.94044852256775}, "costs": {"total_cost": 1697.5298029250434, "time_cost": 150, "final_distance_cost": 5.442243246638114, "oscillation_cost": 281.70491678132595, "completition_cost": 1000.0, "overshoot_cost": 207.8974157616585, "power_cost": 18.863725219726565, "noise_cost": 33.621501915694324, "n_waypoints_completed": 0, "tot_waypoints": 9}}
{"target": -5459.8823537362005, "params": {"k_pid_pos": [1.949060320854187, 0.055403828620910645, 0.0], "k_pid_alt": [0.10855811834335327, 0.0, 1.0], "k_pid_att": [0.0, 9.70821762084961, 0.9754159450531006], "k_pid_yaw": [0.5, 1e-06, 0.1], "k_pid_hsp": [0.6419223546981812, 0.9333902597427368, 0.8808093667030334], "k_pid_vsp": [0.0, 400.0, 400.0]}, "datetime": {"datetime": "2025-08-21 11:20:40", "elapsed": 9356.892808198929, "delta": 22.802119255065918}, "costs": {"total_cost": 5459.8823537362005, "time_cost": 150, "final_distance_cost": 742.6607701480663, "oscillation_cost": 1607.0385697335425, "completition_cost": 1000.0, "overshoot_cost": 1830.9666263561783, "power_cost": 31.989702587890626, "noise_cost": 97.226684910523, "n_waypoints_completed": 0, "tot_waypoints": 9}}
{"target": -2011.637422613646, "params": {"k_pid_pos": [2.0, 0.027335911989212036, 0.06901228427886963], "k_pid_alt": [0.04711836576461792, 0.022139519453048706, 1.0], "k_pid_att": [3.2366065979003906, 9.42983627319336, 0.978384256362915], "k_pid_yaw": [0.5, 1e-06, 0.1], "k_pid_hsp": [9.999999747378752e-05, 0.9719277620315552, 1.0], "k_pid_vsp": [33.61127471923828, 382.5163879394531, 398.3050537109375]}, "datetime": {"datetime": "2025-08-21 11:21:03", "elapsed": 9380.212952136993, "delta": 23.320143938064575}, "costs": {"total_cost": 2011.637422613646, "time_cost": 150, "final_distance_cost": 156.64285518521314, "oscillation_cost": 252.78097863894493, "completition_cost": 1000.0, "overshoot_cost": 400.59509380517426, "power_cost": 21.082590832519532, "noise_cost": 30.535904151794337, "n_waypoints_completed": 0, "tot_waypoints": 9}}
{"target": -1938.019826678751, "params": {"k_pid_pos": [1.898571491241455, 0.06193968653678894, 0.025281846523284912], "k_pid_alt": [0.0, 0.026328325271606445, 0.9909844994544983], "k_pid_att": [5.077770233154297, 9.124677658081055, 1.0], "k_pid_yaw": [0.5, 1e-06, 0.1], "k_pid_hsp": [0.31388700008392334, 0.9898974895477295, 1.0], "k_pid_vsp": [22.07808494567871, 392.74578857421875, 400.0]}, "datetime": {"datetime": "2025-08-21 11:21:26", "elapsed": 9403.239557743073, "delta": 23.0266056060791}, "costs": {"total_cost": 1938.019826678751, "time_cost": 150, "final_distance_cost": 145.89586259779506, "oscillation_cost": 239.65030139771852, "completition_cost": 1000.0, "overshoot_cost": 366.03458651326093, "power_cost": 20.929220031738282, "noise_cost": 15.509856138238227, "n_waypoints_completed": 0, "tot_waypoints": 9}}
{"target": -3514.7047382568408, "params": {"k_pid_pos": [2.0, 0.025105595588684082, 0.0], "k_pid_alt": [0.04580247402191162, 0.04675775766372681, 1.0], "k_pid_att": [0.0, 9.761427879333496, 1.0], "k_pid_yaw": [0.5, 1e-06, 0.1], "k_pid_hsp": [9.999999747378752e-05, 0.91490638256073, 1.0], "k_pid_vsp": [1.6076922416687012, 391.1901550292969, 396.2714538574219]}, "datetime": {"datetime": "2025-08-21 11:21:49", "elapsed": 9426.354707956314, "delta": 23.115150213241577}, "costs": {"total_cost": 3514.7047382568408, "time_cost": 150, "final_distance_cost": 338.85500139340235, "oscillation_cost": 1163.1764414352167, "completition_cost": 1000.0, "overshoot_cost": 738.3685158360584, "power_cost": 30.59893892822266, "noise_cost": 93.70584066394053, "n_waypoints_completed": 0, "tot_waypoints": 9}}
{"target": -2164.7524920211918, "params": {"k_pid_pos": [2.0, 0.04795044660568237, 0.0], "k_pid_alt": [0.12305998802185059, 0.0, 0.9367157220840454], "k_pid_att": [1.5435636043548584, 9.447419166564941, 0.9821549654006958], "k_pid_yaw": [0.5, 1e-06, 0.1], "k_pid_hsp": [9.999999747378752e-05, 0.9291359186172485, 0.9913442134857178], "k_pid_vsp": [0.0, 388.006103515625, 385.3938903808594]}, "datetime": {"datetime": "2025-08-21 11:22:13", "elapsed": 9449.609455347061, "delta": 23.25474739074707}, "costs": {"total_cost": 2164.7524920211918, "time_cost": 150, "final_distance_cost": 77.4080115055892, "oscillation_cost": 538.768635544029, "completition_cost": 1000.0, "overshoot_cost": 279.4866394223572, "power_cost": 29.850505957031253, "noise_cost": 89.23869959218509, "n_waypoints_completed": 0, "tot_waypoints": 9}}
{"target": -1970.549804536397, "params": {"k_pid_pos": [1.9939239025115967, 0.07043331861495972, 0.042212098836898804], "k_pid_alt": [0.1140446662902832, 0.006695151329040527, 1.0], "k_pid_att": [1.4051198959350586, 9.86394214630127, 0.9034847617149353], "k_pid_yaw": [0.5, 1e-06, 0.1], "k_pid_hsp": [0.0399131216108799, 1.0, 0.9453171491622925], "k_pid_vsp": [0.0, 400.0, 352.3542785644531]}, "datetime": {"datetime": "2025-08-21 11:22:36", "elapsed": 9472.585541009903, "delta": 22.976085662841797}, "costs": {"total_cost": 1970.549804536397, "time_cost": 150, "final_distance_cost": 3.3689453400962295, "oscillation_cost": 553.2992683541355, "completition_cost": 1000.0, "overshoot_cost": 137.95147705645908, "power_cost": 31.626811657714846, "noise_cost": 94.30330212799143, "n_waypoints_completed": 0, "tot_waypoints": 9}}
{"target": -6141.504977278221, "params": {"k_pid_pos": [2.0, 0.08332222700119019, 0.0], "k_pid_alt": [0.0, 0.0, 0.9288910627365112], "k_pid_att": [0.08077919483184814, 9.84453010559082, 0.9376280307769775], "k_pid_yaw": [0.5, 1e-06, 0.1], "k_pid_hsp": [9.999999747378752e-05, 1.0, 0.9535568952560425], "k_pid_vsp": [4.262363910675049, 392.08709716796875, 380.7342529296875]}, "datetime": {"datetime": "2025-08-21 11:22:59", "elapsed": 9495.800493001938, "delta": 23.214951992034912}, "costs": {"total_cost": 6141.504977278221, "time_cost": 150, "final_distance_cost": 931.0096711774555, "oscillation_cost": 1926.5720620919801, "completition_cost": 1000.0, "overshoot_cost": 2017.1897816866992, "power_cost": 26.42737930908203, "noise_cost": 90.30608301300398, "n_waypoints_completed": 0, "tot_waypoints": 9}}
{"target": -14378.551832264196, "params": {"k_pid_pos": [2.0, 0.0, 0.0], "k_pid_alt": [0.14620041847229004, 0.0, 1.0], "k_pid_att": [0.0, 9.628344535827637, 0.9654852151870728], "k_pid_yaw": [0.5, 1e-06, 0.1], "k_pid_hsp": [9.999999747378752e-05, 0.9225155711174011, 1.0], "k_pid_vsp": [0.0, 400.0, 400.0]}, "datetime": {"datetime": "2025-08-21 11:23:24", "elapsed": 9521.049774646759, "delta": 25.249281644821167}, "costs": {"total_cost": 14378.551832264196, "time_cost": 150, "final_distance_cost": 4524.093562241315, "oscillation_cost": 2132.7125801704133, "completition_cost": 1000.0, "overshoot_cost": 6435.477637372859, "power_cost": 34.32941276855469, "noise_cost": 101.93863971105341, "n_waypoints_completed": 0, "tot_waypoints": 9}}
{"target": -10280.565250146934, "params": {"k_pid_pos": [2.0, 0.0, 0.02721843123435974], "k_pid_alt": [0.02754807472229004, 0.0, 1.0], "k_pid_att": [0.0, 9.505355834960938, 0.933800220489502], "k_pid_yaw": [0.5, 1e-06, 0.1], "k_pid_hsp": [0.04216943308711052, 1.0, 1.0], "k_pid_vsp": [0.0, 373.7724914550781, 390.6746520996094]}, "datetime": {"datetime": "2025-08-21 11:23:49", "elapsed": 9546.109936714172, "delta": 25.06016206741333}, "costs": {"total_cost": 10280.565250146934, "time_cost": 150, "final_distance_cost": 1549.9933252195442, "oscillation_cost": 2267.557765025609, "completition_cost": 1000.0, "overshoot_cost": 5176.462723027273, "power_cost": 34.32819975585938, "noise_cost": 102.22323711865005, "n_waypoints_completed": 0, "tot_waypoints": 9}}
{"target": -3899.699458785587, "params": {"k_pid_pos": [2.0, 0.05450907349586487, 0.0], "k_pid_alt": [0.005541741847991943, 0.0, 0.9848687052726746], "k_pid_att": [0.7370829582214355, 9.231778144836426, 0.9970108270645142], "k_pid_yaw": [0.5, 1e-06, 0.1], "k_pid_hsp": [0.5247801542282104, 1.0, 0.9992251396179199], "k_pid_vsp": [17.998302459716797, 385.3055114746094, 400.0]}, "datetime": {"datetime": "2025-08-21 11:24:14", "elapsed": 9571.153489112854, "delta": 25.04355239868164}, "costs": {"total_cost": 3899.699458785587, "time_cost": 150, "final_distance_cost": 741.3456040560935, "oscillation_cost": 861.0885733764267, "completition_cost": 1000.0, "overshoot_cost": 1027.1204221577939, "power_cost": 29.690853320312502, "noise_cost": 90.45400587496013, "n_waypoints_completed": 0, "tot_waypoints": 9}}
