{"target": -21326.40444632473, "params": {"k_pid_pos": [1.9834015369415283, 0.0, 0.0], "k_pid_alt": [0.08121061325073242, 0.0, 0.973466694355011], "k_pid_att": [0.0, 9.969398498535156, 0.9588372707366943], "k_pid_yaw": [0.5, 1e-06, 0.1], "k_pid_hsp": [0.2065916657447815, 0.9541524052619934, 1.0], "k_pid_vsp": [0.0, 390.4293212890625, 372.6251525878906]}, "datetime": {"datetime": "2025-08-21 18:59:21", "elapsed": 36878.43090438843, "delta": 23.81830406188965}, "costs": {"total_cost": 21326.40444632473, "time_cost": 150, "final_distance_cost": 6019.432897765076, "oscillation_cost": 2211.246147990015, "completition_cost": 1000.0, "overshoot_cost": 11809.647113583516, "power_cost": 33.99419587402344, "noise_cost": 102.08409111210247, "n_waypoints_completed": 0, "tot_waypoints": 9}}
{"target": -6289.461414564934, "params": {"k_pid_pos": [1.8488750457763672, 0.04317447543144226, 0.0], "k_pid_alt": [0.0, 0.023245304822921753, 0.9606861472129822], "k_pid_att": [0.025099515914916992, 10.0, 0.9432871341705322], "k_pid_yaw": [0.5, 1e-06, 0.1], "k_pid_hsp": [0.0038872412405908108, 1.0, 0.9617829322814941], "k_pid_vsp": [0.0, 375.1161193847656, 400.0]}, "datetime": {"datetime": "2025-08-21 18:59:47", "elapsed": 36903.75971722603, "delta": 25.328812837600708}, "costs": {"total_cost": 6289.461414564934, "time_cost": 150, "final_distance_cost": 1522.6054124840707, "oscillation_cost": 1839.5921743637844, "completition_cost": 1000.0, "overshoot_cost": 1640.421096991573, "power_cost": 34.592355737304686, "noise_cost": 102.25037498820146, "n_waypoints_completed": 0, "tot_waypoints": 9}}
{"target": -2230.946627741685, "params": {"k_pid_pos": [2.0, 0.0011918246746063232, 0.054065167903900146], "k_pid_alt": [0.0, 0.003149062395095825, 1.0], "k_pid_att": [1.1459112167358398, 9.624354362487793, 0.966895580291748], "k_pid_yaw": [0.5, 1e-06, 0.1], "k_pid_hsp": [0.009084713645279408, 1.0, 0.9224282503128052], "k_pid_vsp": [21.177852630615234, 400.0, 382.9353332519531]}, "datetime": {"datetime": "2025-08-21 19:00:11", "elapsed": 36927.65596866608, "delta": 23.896251440048218}, "costs": {"total_cost": 2230.946627741685, "time_cost": 150, "final_distance_cost": 38.31134657567016, "oscillation_cost": 680.8021032506574, "completition_cost": 1000.0, "overshoot_cost": 243.04998006372088, "power_cost": 29.600815942382813, "noise_cost": 89.18238190925392, "n_waypoints_completed": 0, "tot_waypoints": 9}}
{"target": -8629.209043543658, "params": {"k_pid_pos": [2.0, 0.0, 0.025453627109527588], "k_pid_alt": [0.05996358394622803, 0.0, 0.9993820190429688], "k_pid_att": [0.0, 9.949726104736328, 0.9868052005767822], "k_pid_yaw": [0.5, 1e-06, 0.1], "k_pid_hsp": [0.10406316816806793, 0.9549522399902344, 1.0], "k_pid_vsp": [0.0, 388.5898742675781, 365.2192077636719]}, "datetime": {"datetime": "2025-08-21 19:00:35", "elapsed": 36951.728515625, "delta": 24.07254695892334}, "costs": {"total_cost": 8629.209043543658, "time_cost": 150, "final_distance_cost": 1940.090522836481, "oscillation_cost": 2320.862313769064, "completition_cost": 1000.0, "overshoot_cost": 3079.79657004726, "power_cost": 34.92574555664063, "noise_cost": 103.5338913342135, "n_waypoints_completed": 0, "tot_waypoints": 9}}
{"target": -2037.2578273811764, "params": {"k_pid_pos": [1.9368643760681152, 0.05462077260017395, 0.03234478831291199], "k_pid_alt": [0.054006099700927734, 0.0, 0.9191133975982666], "k_pid_att": [2.2462069988250732, 9.744794845581055, 0.9927291870117188], "k_pid_yaw": [0.5, 1e-06, 0.1], "k_pid_hsp": [0.08527478575706482, 0.9682272672653198, 0.9986929893493652], "k_pid_vsp": [0.0, 400.0, 400.0]}, "datetime": {"datetime": "2025-08-21 19:00:59", "elapsed": 36976.22473311424, "delta": 24.496217489242554}, "costs": {"total_cost": 2037.2578273811764, "time_cost": 150, "final_distance_cost": 105.07728172545282, "oscillation_cost": 395.0637232127332, "completition_cost": 1000.0, "overshoot_cost": 308.4076256247793, "power_cost": 24.680734716796877, "noise_cost": 54.02846210141416, "n_waypoints_completed": 0, "tot_waypoints": 9}}
{"target": -6171.903632559305, "params": {"k_pid_pos": [2.0, 0.0, 0.0], "k_pid_alt": [0.03280830383300781, 0.0, 1.0], "k_pid_att": [0.0, 9.442435264587402, 0.9591443538665771], "k_pid_yaw": [0.5, 1e-06, 0.1], "k_pid_hsp": [9.999999747378752e-05, 1.0, 0.9231163263320923], "k_pid_vsp": [1.1252164840698242, 400.0, 400.0]}, "datetime": {"datetime": "2025-08-21 19:01:23", "elapsed": 36999.609676361084, "delta": 23.38494324684143}, "costs": {"total_cost": 6171.903632559305, "time_cost": 150, "final_distance_cost": 751.9101792005722, "oscillation_cost": 1663.3550396205037, "completition_cost": 1000.0, "overshoot_cost": 2476.2840854006226, "power_cost": 32.45144519042969, "noise_cost": 97.90288314717657, "n_waypoints_completed": 0, "tot_waypoints": 9}}
{"target": -1905.9138697840542, "params": {"k_pid_pos": [2.0, 0.009202152490615845, 0.021674692630767822], "k_pid_alt": [0.029922306537628174, 0.0, 0.963309645652771], "k_pid_att": [11.199352264404297, 9.798338890075684, 0.9405800104141235], "k_pid_yaw": [0.5, 1e-06, 0.1], "k_pid_hsp": [0.3444385230541229, 0.9778821468353271, 0.9478091597557068], "k_pid_vsp": [27.485286712646484, 380.6159973144531, 400.0]}, "datetime": {"datetime": "2025-08-21 19:01:48", "elapsed": 37025.387865543365, "delta": 25.778189182281494}, "costs": {"total_cost": 1905.9138697840542, "time_cost": 150, "final_distance_cost": 245.6264149026251, "oscillation_cost": 232.64316191603305, "completition_cost": 888.8888888888888, "overshoot_cost": 350.73579147474214, "power_cost": 20.677373083496096, "noise_cost": 17.342239518268947, "n_waypoints_completed": 1, "tot_waypoints": 9}}
{"target": -1707.582754247633, "params": {"k_pid_pos": [1.8869706392288208, 0.0, 0.0], "k_pid_alt": [0.09526431560516357, 0.017947256565093994, 1.0], "k_pid_att": [12.326431274414062, 9.232917785644531, 0.9032787084579468], "k_pid_yaw": [0.5, 1e-06, 0.1], "k_pid_hsp": [9.999999747378752e-05, 0.9917294979095459, 1.0], "k_pid_vsp": [0.0, 400.0, 400.0]}, "datetime": {"datetime": "2025-08-21 19:02:12", "elapsed": 37048.47635412216, "delta": 23.088488578796387}, "costs": {"total_cost": 1707.582754247633, "time_cost": 150, "final_distance_cost": 2.559695428983276, "oscillation_cost": 326.5204414317732, "completition_cost": 1000.0, "overshoot_cost": 142.97745509767483, "power_cost": 19.999512133789064, "noise_cost": 65.52565015541249, "n_waypoints_completed": 0, "tot_waypoints": 9}}
{"target": -1699.6533387976735, "params": {"k_pid_pos": [1.990490198135376, 0.07220855355262756, 0.0], "k_pid_alt": [0.12129318714141846, 0.0, 0.9843166470527649], "k_pid_att": [4.448199272155762, 9.946216583251953, 1.0], "k_pid_yaw": [0.5, 1e-06, 0.1], "k_pid_hsp": [0.6072322130203247, 0.9517681002616882, 1.0], "k_pid_vsp": [0.0, 400.0, 400.0]}, "datetime": {"datetime": "2025-08-21 19:02:36", "elapsed": 37072.79050946236, "delta": 24.314155340194702}, "costs": {"total_cost": 1699.6533387976735, "time_cost": 150, "final_distance_cost": 2.674948016566821, "oscillation_cost": 321.6187574402323, "completition_cost": 1000.0, "overshoot_cost": 137.22808712194777, "power_cost": 21.934771618652345, "noise_cost": 66.1967746002743, "n_waypoints_completed": 0, "tot_waypoints": 9}}
{"target": -8791.988709095844, "params": {"k_pid_pos": [2.0, 0.011414587497711182, 0.01865127682685852], "k_pid_alt": [0.0, 0.04128819704055786, 0.947587251663208], "k_pid_att": [0.0, 9.914986610412598, 1.0], "k_pid_yaw": [0.5, 1e-06, 0.1], "k_pid_hsp": [9.999999747378752e-05, 1.0, 0.988845705986023], "k_pid_vsp": [0.0, 400.0, 400.0]}, "datetime": {"datetime": "2025-08-21 19:03:01", "elapsed": 37097.65116524696, "delta": 24.860655784606934}, "costs": {"total_cost": 8791.988709095844, "time_cost": 150, "final_distance_cost": 1248.6813404537681, "oscillation_cost": 1710.0147311277624, "completition_cost": 1000.0, "overshoot_cost": 4544.787731699079, "power_cost": 35.08240869140625, "noise_cost": 103.42249712382885, "n_waypoints_completed": 0, "tot_waypoints": 9}}
{"target": -8869.890495428726, "params": {"k_pid_pos": [1.8906081914901733, 0.06892579793930054, 0.0], "k_pid_alt": [0.0, 0.0, 0.8725415468215942], "k_pid_att": [0.0, 10.0, 0.9765936136245728], "k_pid_yaw": [0.5, 1e-06, 0.1], "k_pid_hsp": [9.999999747378752e-05, 1.0, 0.9497835636138916], "k_pid_vsp": [0.0, 400.0, 400.0]}, "datetime": {"datetime": "2025-08-21 19:03:24", "elapsed": 37121.13062000275, "delta": 23.47945475578308}, "costs": {"total_cost": 8869.890495428726, "time_cost": 150, "final_distance_cost": 2665.5847804317305, "oscillation_cost": 1544.0973711899173, "completition_cost": 1000.0, "overshoot_cost": 3400.9969544844625, "power_cost": 24.601819848632815, "noise_cost": 84.60956947398316, "n_waypoints_completed": 0, "tot_waypoints": 9}}
{"target": -1988.1063171033852, "params": {"k_pid_pos": [1.8807194232940674, 0.0, 0.0], "k_pid_alt": [0.0, 0.06143340468406677, 1.0], "k_pid_att": [5.81992244720459, 9.6578369140625, 1.0], "k_pid_yaw": [0.5, 1e-06, 0.1], "k_pid_hsp": [9.999999747378752e-05, 0.9947430491447449, 0.9515097141265869], "k_pid_vsp": [20.35763168334961, 400.0, 400.0]}, "datetime": {"datetime": "2025-08-21 19:03:50", "elapsed": 37146.56941342354, "delta": 25.438793420791626}, "costs": {"total_cost": 1988.1063171033852, "time_cost": 150, "final_distance_cost": 217.0503278237506, "oscillation_cost": 200.0258579731741, "completition_cost": 888.8888888888888, "overshoot_cost": 496.8124350098247, "power_cost": 19.564040002441406, "noise_cost": 15.764767405305443, "n_waypoints_completed": 1, "tot_waypoints": 9}}
{"target": -2190.646126243638, "params": {"k_pid_pos": [1.8786734342575073, 0.04895785450935364, 0.06390678882598877], "k_pid_alt": [0.06499773263931274, 0.03179314732551575, 0.9300136566162109], "k_pid_att": [2.6828975677490234, 9.798493385314941, 0.9735525846481323], "k_pid_yaw": [0.5, 1e-06, 0.1], "k_pid_hsp": [9.999999747378752e-05, 1.0, 1.0], "k_pid_vsp": [0.0, 400.0, 384.2015686035156]}, "datetime": {"datetime": "2025-08-21 19:04:12", "elapsed": 37169.22423648834, "delta": 22.654823064804077}, "costs": {"total_cost": 2190.646126243638, "time_cost": 150, "final_distance_cost": 158.86757582399363, "oscillation_cost": 350.53330336049635, "completition_cost": 1000.0, "overshoot_cost": 430.5339461322171, "power_cost": 24.672488586425782, "noise_cost": 76.03881234050482, "n_waypoints_completed": 0, "tot_waypoints": 9}}
{"target": -1650.5594190134532, "params": {"k_pid_pos": [2.0, 0.07983732223510742, 0.09026002883911133], "k_pid_alt": [0.15750569105148315, 0.0, 0.9559410810470581], "k_pid_att": [8.04103946685791, 9.783015251159668, 1.0], "k_pid_yaw": [0.5, 1e-06, 0.1], "k_pid_hsp": [0.5272682905197144, 0.9855893850326538, 0.942234456539154], "k_pid_vsp": [21.558368682861328, 373.7049560546875, 400.0]}, "datetime": {"datetime": "2025-08-21 19:04:37", "elapsed": 37193.9751803875, "delta": 24.750943899154663}, "costs": {"total_cost": 1650.5594190134532, "time_cost": 150, "final_distance_cost": 5.844759526400412, "oscillation_cost": 278.2136565944824, "completition_cost": 1000.0, "overshoot_cost": 137.21026251635166, "power_cost": 19.905272973632812, "noise_cost": 59.38546740258588, "n_waypoints_completed": 0, "tot_waypoints": 9}}
{"target": -2028.7065885400716, "params": {"k_pid_pos": [2.0, 0.018961161375045776, 0.0], "k_pid_alt": [0.15911513566970825, 0.004831820726394653, 1.0], "k_pid_att": [1.4172375202178955, 9.441353797912598, 1.0], "k_pid_yaw": [0.5, 1e-06, 0.1], "k_pid_hsp": [0.6899220943450928, 0.9770345687866211, 1.0], "k_pid_vsp": [0.0, 374.99456787109375, 394.2887268066406]}, "datetime": {"datetime": "2025-08-21 19:05:01", "elapsed": 37218.15836811066, "delta": 24.18318772315979}, "costs": {"total_cost": 2028.7065885400716, "time_cost": 150, "final_distance_cost": 18.780644734052228, "oscillation_cost": 581.8785217401293, "completition_cost": 1000.0, "overshoot_cost": 160.67411805549042, "power_cost": 29.30477108154297, "noise_cost": 88.06853292885701, "n_waypoints_completed": 0, "tot_waypoints": 9}}
{"target": -7162.224203222486, "params": {"k_pid_pos": [2.0, 0.0, 0.030264556407928467], "k_pid_alt": [0.0, 0.0, 1.0], "k_pid_att": [0.2857476472854614, 10.0, 0.9515597224235535], "k_pid_yaw": [0.5, 1e-06, 0.1], "k_pid_hsp": [9.999999747378752e-05, 1.0, 0.9940866231918335], "k_pid_vsp": [0.0, 400.0, 400.0]}, "datetime": {"datetime": "2025-08-21 19:05:24", "elapsed": 37241.453555345535, "delta": 23.29518723487854}, "costs": {"total_cost": 7162.224203222486, "time_cost": 150, "final_distance_cost": 2226.4307811180383, "oscillation_cost": 1609.335750472499, "completition_cost": 1000.0, "overshoot_cost": 2068.523220402772, "power_cost": 24.122313012695315, "noise_cost": 83.81213821648032, "n_waypoints_completed": 0, "tot_waypoints": 9}}
{"target": -9442.84599105382, "params": {"k_pid_pos": [2.0, 0.025309443473815918, 0.0], "k_pid_alt": [0.0, 0.04432520270347595, 1.0], "k_pid_att": [0.0, 9.992103576660156, 1.0], "k_pid_yaw": [0.5, 1e-06, 0.1], "k_pid_hsp": [0.8592482805252075, 0.9927663803100586, 1.0], "k_pid_vsp": [11.754655838012695, 398.9656066894531, 400.0]}, "datetime": {"datetime": "2025-08-21 19:05:49", "elapsed": 37265.978893995285, "delta": 24.525338649749756}, "costs": {"total_cost": 9442.84599105382, "time_cost": 150, "final_distance_cost": 2448.8890336306577, "oscillation_cost": 2287.4457288890253, "completition_cost": 1000.0, "overshoot_cost": 3436.8751143382456, "power_cost": 28.599880895996094, "noise_cost": 91.03623329989642, "n_waypoints_completed": 0, "tot_waypoints": 9}}
{"target": -1972.140355756075, "params": {"k_pid_pos": [2.0, 0.024283617734909058, 0.0], "k_pid_alt": [0.0456046462059021, 0.005135595798492432, 1.0], "k_pid_att": [2.339780330657959, 10.0, 1.0], "k_pid_yaw": [0.5, 1e-06, 0.1], "k_pid_hsp": [0.9202696681022644, 0.9741563200950623, 1.0], "k_pid_vsp": [18.676042556762695, 400.0, 378.05029296875]}, "datetime": {"datetime": "2025-08-21 19:06:13", "elapsed": 37290.3780605793, "delta": 24.399166584014893}, "costs": {"total_cost": 1972.140355756075, "time_cost": 150, "final_distance_cost": 48.07524554938995, "oscillation_cost": 392.1979839003097, "completition_cost": 1000.0, "overshoot_cost": 270.06573545504784, "power_cost": 27.875126000976564, "noise_cost": 83.92626485035105, "n_waypoints_completed": 0, "tot_waypoints": 9}}
{"target": -1648.3598809812024, "params": {"k_pid_pos": [1.9525820016860962, 0.0, 0.0029701292514801025], "k_pid_alt": [0.0, 0.02627617120742798, 0.9543089866638184], "k_pid_att": [4.400837421417236, 10.0, 1.0], "k_pid_yaw": [0.5, 1e-06, 0.1], "k_pid_hsp": [0.001843716367147863, 1.0, 1.0], "k_pid_vsp": [11.28091812133789, 400.0, 400.0]}, "datetime": {"datetime": "2025-08-21 19:06:36", "elapsed": 37313.23487973213, "delta": 22.85681915283203}, "costs": {"total_cost": 1648.3598809812024, "time_cost": 150, "final_distance_cost": 11.11489988777529, "oscillation_cost": 296.2392732189367, "completition_cost": 1000.0, "overshoot_cost": 119.69772187701828, "power_cost": 21.691645568847658, "noise_cost": 49.61634042862435, "n_waypoints_completed": 0, "tot_waypoints": 9}}
{"target": -6309.395122197618, "params": {"k_pid_pos": [2.0, 0.0, 0.0], "k_pid_alt": [0.0, 0.01261526346206665, 1.0], "k_pid_att": [0.0, 10.0, 0.9870976209640503], "k_pid_yaw": [0.5, 1e-06, 0.1], "k_pid_hsp": [9.999999747378752e-05, 0.9842718839645386, 0.9958757162094116], "k_pid_vsp": [0.0, 377.7474060058594, 400.0]}, "datetime": {"datetime": "2025-08-21 19:07:01", "elapsed": 37337.778280735016, "delta": 24.54340100288391}, "costs": {"total_cost": 6309.395122197618, "time_cost": 150, "final_distance_cost": 696.6453022739286, "oscillation_cost": 2112.6963141333445, "completition_cost": 1000.0, "overshoot_cost": 2217.6407054816564, "power_cost": 33.044232861328126, "noise_cost": 99.36856744735995, "n_waypoints_completed": 0, "tot_waypoints": 9}}
{"target": -2396.990225565293, "params": {"k_pid_pos": [1.8928672075271606, 0.0, 0.07595741748809814], "k_pid_alt": [0.02163255214691162, 0.0, 0.8792321681976318], "k_pid_att": [6.256773948669434, 9.758767127990723, 1.0], "k_pid_yaw": [0.5, 1e-06, 0.1], "k_pid_hsp": [0.13855096697807312, 1.0, 0.9427128434181213], "k_pid_vsp": [0.0, 358.5863037109375, 374.0217590332031]}, "datetime": {"datetime": "2025-08-21 19:07:25", "elapsed": 37362.07068276405, "delta": 24.292402029037476}, "costs": {"total_cost": 2396.990225565293, "time_cost": 150, "final_distance_cost": 396.6997133573308, "oscillation_cost": 233.41499725839782, "completition_cost": 1000.0, "overshoot_cost": 574.1862203159038, "power_cost": 21.629183850097657, "noise_cost": 21.060110783562966, "n_waypoints_completed": 0, "tot_waypoints": 9}}
{"target": -5357.133634278082, "params": {"k_pid_pos": [2.0, 0.007906287908554077, 0.0], "k_pid_alt": [0.05217808485031128, 0.0, 0.9799755811691284], "k_pid_att": [0.0, 9.639776229858398, 1.0], "k_pid_yaw": [0.5, 1e-06, 0.1], "k_pid_hsp": [9.999999747378752e-05, 0.936139702796936, 1.0], "k_pid_vsp": [18.980730056762695, 398.01104736328125, 388.351806640625]}, "datetime": {"datetime": "2025-08-21 19:07:48", "elapsed": 37385.04509830475, "delta": 22.97441554069519}, "costs": {"total_cost": 5357.133634278082, "time_cost": 150, "final_distance_cost": 643.9278754659301, "oscillation_cost": 1652.1023027779604, "completition_cost": 1000.0, "overshoot_cost": 1780.0876692629533, "power_cost": 32.71985517578125, "noise_cost": 98.29593159545747, "n_waypoints_completed": 0, "tot_waypoints": 9}}
{"target": -3700.40745664956, "params": {"k_pid_pos": [2.0, 0.0, 0.0], "k_pid_alt": [0.1916208267211914, 0.0, 0.9547498226165771], "k_pid_att": [0.245550274848938, 10.0, 1.0], "k_pid_yaw": [0.5, 1e-06, 0.1], "k_pid_hsp": [0.623012363910675, 0.9780167937278748, 0.9429061412811279], "k_pid_vsp": [3.7891268730163574, 364.3503723144531, 380.4788818359375]}, "datetime": {"datetime": "2025-08-21 19:08:13", "elapsed": 37409.88960194588, "delta": 24.84450364112854}, "costs": {"total_cost": 3700.40745664956, "time_cost": 150, "final_distance_cost": 574.6934219652387, "oscillation_cost": 989.1875541861993, "completition_cost": 1000.0, "overshoot_cost": 857.4712272075462, "power_cost": 32.23540184326172, "noise_cost": 96.81985144731415, "n_waypoints_completed": 0, "tot_waypoints": 9}}
{"target": -4923.967606480814, "params": {"k_pid_pos": [1.9600787162780762, 0.005040794610977173, 0.02236923575401306], "k_pid_alt": [0.042244672775268555, 0.0, 0.9877700209617615], "k_pid_att": [0.5495309829711914, 10.0, 0.993690013885498], "k_pid_yaw": [0.5, 1e-06, 0.1], "k_pid_hsp": [0.44515952467918396, 1.0, 0.9887258410453796], "k_pid_vsp": [0.0, 390.6662902832031, 400.0]}, "datetime": {"datetime": "2025-08-21 19:08:37", "elapsed": 37433.78914928436, "delta": 23.899547338485718}, "costs": {"total_cost": 4923.967606480814, "time_cost": 150, "final_distance_cost": 968.9635883653352, "oscillation_cost": 982.4880379969404, "completition_cost": 1000.0, "overshoot_cost": 1700.0697097411812, "power_cost": 30.097201306152346, "noise_cost": 92.3490690712043, "n_waypoints_completed": 0, "tot_waypoints": 9}}
{"target": -7669.658157342447, "params": {"k_pid_pos": [1.8889273405075073, 0.04140153527259827, 0.011469274759292603], "k_pid_alt": [0.0, 0.0159912109375, 0.9327787160873413], "k_pid_att": [0.0, 10.0, 0.9570748805999756], "k_pid_yaw": [0.5, 1e-06, 0.1], "k_pid_hsp": [9.999999747378752e-05, 1.0, 0.9796317219734192], "k_pid_vsp": [0.0, 400.0, 400.0]}, "datetime": {"datetime": "2025-08-21 19:09:00", "elapsed": 37457.07371068001, "delta": 23.28456139564514}, "costs": {"total_cost": 7669.658157342447, "time_cost": 150, "final_distance_cost": 1219.9124116821151, "oscillation_cost": 1711.9274050587028, "completition_cost": 1000.0, "overshoot_cost": 3452.176381412608, "power_cost": 34.28589362792969, "noise_cost": 101.35606556109157, "n_waypoints_completed": 0, "tot_waypoints": 9}}
{"target": -1709.9694469659587, "params": {"k_pid_pos": [1.8925673961639404, 0.0, 0.006954878568649292], "k_pid_alt": [0.0, 0.0, 0.9532675743103027], "k_pid_att": [4.273453235626221, 10.0, 1.0], "k_pid_yaw": [0.5, 1e-06, 0.1], "k_pid_hsp": [0.4409741461277008, 1.0, 1.0], "k_pid_vsp": [0.0, 391.7151184082031, 400.0]}, "datetime": {"datetime": "2025-08-21 19:09:24", "elapsed": 37481.16613197327, "delta": 24.092421293258667}, "costs": {"total_cost": 1709.9694469659587, "time_cost": 150, "final_distance_cost": 5.006426107608917, "oscillation_cost": 315.5339021813197, "completition_cost": 1000.0, "overshoot_cost": 136.01578529744165, "power_cost": 25.6309787109375, "noise_cost": 77.7823546686507, "n_waypoints_completed": 0, "tot_waypoints": 9}}
{"target": -21691.42089950034, "params": {"k_pid_pos": [2.0, 0.06466549634933472, 0.014198362827301025], "k_pid_alt": [0.0, 0.0, 0.9222949147224426], "k_pid_att": [0.0, 10.0, 1.0], "k_pid_yaw": [0.5, 1e-06, 0.1], "k_pid_hsp": [0.037791814655065536, 1.0, 1.0], "k_pid_vsp": [31.064355850219727, 400.0, 400.0]}, "datetime": {"datetime": "2025-08-21 19:09:49", "elapsed": 37506.43138337135, "delta": 25.265251398086548}, "costs": {"total_cost": 21691.42089950034, "time_cost": 150, "final_distance_cost": 6847.535654452425, "oscillation_cost": 2165.8768919632344, "completition_cost": 1000.0, "overshoot_cost": 11403.354864771118, "power_cost": 29.539273510742188, "noise_cost": 95.11421480282117, "n_waypoints_completed": 0, "tot_waypoints": 9}}
