{"target": -18921.341721339748, "params": {"k_pid_pos": [1.9453269243240356, 0.0, 0.01781192421913147], "k_pid_alt": [0.15247923135757446, 0.0, 0.954688310623169], "k_pid_att": [0.0, 10.0, 0.975231409072876], "k_pid_yaw": [0.5, 1e-06, 0.1], "k_pid_hsp": [9.999999747378752e-05, 1.0, 1.0], "k_pid_vsp": [0.0, 386.3426513671875, 393.964111328125]}, "datetime": {"datetime": "2025-08-21 23:49:26", "elapsed": 54283.32347822189, "delta": 23.43848156929016}, "costs": {"total_cost": 18921.341721339748, "time_cost": 150, "final_distance_cost": 5810.254640867868, "oscillation_cost": 2229.562283572201, "completition_cost": 1000.0, "overshoot_cost": 9596.776292981049, "power_cost": 33.75943568115235, "noise_cost": 100.98906823747551, "n_waypoints_completed": 0, "tot_waypoints": 9}}
{"target": -20630.774798515587, "params": {"k_pid_pos": [1.966015100479126, 0.0, 0.0], "k_pid_alt": [0.0, 0.004018902778625488, 0.9375462532043457], "k_pid_att": [0.0, 9.993379592895508, 0.9744400978088379], "k_pid_yaw": [0.5, 1e-06, 0.1], "k_pid_hsp": [9.999999747378752e-05, 1.0, 0.9968923330307007], "k_pid_vsp": [0.0, 400.0, 360.688720703125]}, "datetime": {"datetime": "2025-08-21 23:49:48", "elapsed": 54304.78829431534, "delta": 21.464816093444824}, "costs": {"total_cost": 20630.774798515587, "time_cost": 150, "final_distance_cost": 6151.262752882297, "oscillation_cost": 2137.8730775653135, "completition_cost": 1000.0, "overshoot_cost": 11055.283169422459, "power_cost": 34.270076110839845, "noise_cost": 102.08572253468004, "n_waypoints_completed": 0, "tot_waypoints": 9}}
{"target": -1574.748843854744, "params": {"k_pid_pos": [2.0, 0.026580810546875, 0.08948764204978943], "k_pid_alt": [0.02468574047088623, 0.0, 0.923797070980072], "k_pid_att": [4.21757698059082, 9.909980773925781, 0.9584214091300964], "k_pid_yaw": [0.5, 1e-06, 0.1], "k_pid_hsp": [9.999999747378752e-05, 0.9215201139450073, 1.0], "k_pid_vsp": [0.0, 396.3623046875, 367.0640563964844]}, "datetime": {"datetime": "2025-08-21 23:50:11", "elapsed": 54328.405000686646, "delta": 23.616706371307373}, "costs": {"total_cost": 1574.748843854744, "time_cost": 150, "final_distance_cost": 92.8953956730101, "oscillation_cost": 253.32280184646925, "completition_cost": 888.8888888888888, "overshoot_cost": 139.63246149832133, "power_cost": 17.56651492919922, "noise_cost": 32.44278101885545, "n_waypoints_completed": 1, "tot_waypoints": 9}}
{"target": -2523.306337125665, "params": {"k_pid_pos": [2.0, 0.0, 0.0421634316444397], "k_pid_alt": [0.0555306077003479, 0.0, 0.9971157312393188], "k_pid_att": [0.6593883037567139, 10.0, 0.9400871992111206], "k_pid_yaw": [0.5, 1e-06, 0.1], "k_pid_hsp": [9.999999747378752e-05, 0.9167724251747131, 1.0], "k_pid_vsp": [25.193405151367188, 400.0, 387.7598876953125]}, "datetime": {"datetime": "2025-08-21 23:50:34", "elapsed": 54351.20008444786, "delta": 22.79508376121521}, "costs": {"total_cost": 2523.306337125665, "time_cost": 150, "final_distance_cost": 237.49586560231566, "oscillation_cost": 709.5069871566848, "completition_cost": 1000.0, "overshoot_cost": 300.9244635894789, "power_cost": 31.499067590332032, "noise_cost": 93.87995318685407, "n_waypoints_completed": 0, "tot_waypoints": 9}}
{"target": -15121.58354698449, "params": {"k_pid_pos": [1.8785310983657837, 0.06106334924697876, 0.0], "k_pid_alt": [0.2440723180770874, 0.0, 1.0], "k_pid_att": [0.0, 9.66511344909668, 1.0], "k_pid_yaw": [0.5, 1e-06, 0.1], "k_pid_hsp": [0.4029148817062378, 1.0, 0.9703091979026794], "k_pid_vsp": [24.75895881652832, 380.6585693359375, 379.10498046875]}, "datetime": {"datetime": "2025-08-21 23:50:58", "elapsed": 54374.61225605011, "delta": 23.412171602249146}, "costs": {"total_cost": 15121.58354698449, "time_cost": 150, "final_distance_cost": 3168.4791403013724, "oscillation_cost": 2231.0248610380495, "completition_cost": 1000.0, "overshoot_cost": 8432.946451150965, "power_cost": 35.14709385986328, "noise_cost": 103.98600063424082, "n_waypoints_completed": 0, "tot_waypoints": 9}}
{"target": -8726.534779342594, "params": {"k_pid_pos": [1.9634793996810913, 0.0, 0.023282259702682495], "k_pid_alt": [0.0, 0.0, 0.9947658777236938], "k_pid_att": [0.0, 10.0, 1.0], "k_pid_yaw": [0.5, 1e-06, 0.1], "k_pid_hsp": [1.5475850105285645, 0.9775184392929077, 0.9564377069473267], "k_pid_vsp": [0.0, 400.0, 400.0]}, "datetime": {"datetime": "2025-08-21 23:51:20", "elapsed": 54396.909143686295, "delta": 22.296887636184692}, "costs": {"total_cost": 8726.534779342594, "time_cost": 150, "final_distance_cost": 2385.4524689235304, "oscillation_cost": 1838.6852576098497, "completition_cost": 1000.0, "overshoot_cost": 3231.8599899158003, "power_cost": 27.765425024414064, "noise_cost": 92.77163786899868, "n_waypoints_completed": 0, "tot_waypoints": 9}}
{"target": -11505.847342857183, "params": {"k_pid_pos": [2.0, 0.01557314395904541, 0.0], "k_pid_alt": [0.08818256855010986, 0.0, 0.9976959228515625], "k_pid_att": [0.4905015230178833, 10.0, 1.0], "k_pid_yaw": [0.5, 1e-06, 0.1], "k_pid_hsp": [9.999999747378752e-05, 0.9774507284164429, 1.0], "k_pid_vsp": [0.0, 400.0, 373.8267517089844]}, "datetime": {"datetime": "2025-08-21 23:51:43", "elapsed": 54420.188557863235, "delta": 23.279414176940918}, "costs": {"total_cost": 11505.847342857183, "time_cost": 150, "final_distance_cost": 2692.9891136943847, "oscillation_cost": 2287.7508208060426, "completition_cost": 1000.0, "overshoot_cost": 5239.618687942958, "power_cost": 34.104578723144535, "noise_cost": 101.38414169065337, "n_waypoints_completed": 0, "tot_waypoints": 9}}
{"target": -2117.983527992991, "params": {"k_pid_pos": [1.9208190441131592, 0.0, 0.0], "k_pid_alt": [0.0, 0.0, 1.0], "k_pid_att": [3.9790093898773193, 10.0, 1.0], "k_pid_yaw": [0.5, 1e-06, 0.1], "k_pid_hsp": [9.999999747378752e-05, 1.0, 0.9500110149383545], "k_pid_vsp": [14.61038589477539, 400.0, 400.0]}, "datetime": {"datetime": "2025-08-21 23:52:06", "elapsed": 54442.653656721115, "delta": 22.46509885787964}, "costs": {"total_cost": 2117.983527992991, "time_cost": 150, "final_distance_cost": 287.6403858662567, "oscillation_cost": 214.8359735645425, "completition_cost": 1000.0, "overshoot_cost": 419.5558213917613, "power_cost": 18.666177075195314, "noise_cost": 27.285170095235404, "n_waypoints_completed": 0, "tot_waypoints": 9}}
{"target": -15091.99224559254, "params": {"k_pid_pos": [1.918456792831421, 0.0, 0.0], "k_pid_alt": [0.0, 0.0, 0.9967365264892578], "k_pid_att": [0.0, 8.982083320617676, 1.0], "k_pid_yaw": [0.5, 1e-06, 0.1], "k_pid_hsp": [1.3560805320739746, 0.9275807738304138, 1.0], "k_pid_vsp": [0.0, 398.41571044921875, 400.0]}, "datetime": {"datetime": "2025-08-21 23:52:28", "elapsed": 54465.18099308014, "delta": 22.527336359024048}, "costs": {"total_cost": 15091.99224559254, "time_cost": 150, "final_distance_cost": 4793.449304641849, "oscillation_cost": 1935.6094081802605, "completition_cost": 1000.0, "overshoot_cost": 7092.973828043475, "power_cost": 27.740431359863283, "noise_cost": 92.21927336709327, "n_waypoints_completed": 0, "tot_waypoints": 9}}
{"target": -1835.2033130532225, "params": {"k_pid_pos": [1.7229251861572266, 0.012567251920700073, 0.006340712308883667], "k_pid_alt": [0.07051527500152588, 0.0, 0.9631906747817993], "k_pid_att": [2.3360700607299805, 10.0, 1.0], "k_pid_yaw": [0.5, 1e-06, 0.1], "k_pid_hsp": [9.999999747378752e-05, 0.9386155009269714, 0.977637767791748], "k_pid_vsp": [3.8585662841796875, 400.0, 394.0923767089844]}, "datetime": {"datetime": "2025-08-21 23:52:51", "elapsed": 54488.00267338753, "delta": 22.821680307388306}, "costs": {"total_cost": 1835.2033130532225, "time_cost": 150, "final_distance_cost": 9.734786451832127, "oscillation_cost": 420.81645299123016, "completition_cost": 1000.0, "overshoot_cost": 146.02269766523213, "power_cost": 28.408207470703125, "noise_cost": 80.22116847422507, "n_waypoints_completed": 0, "tot_waypoints": 9}}
{"target": -8306.380333635287, "params": {"k_pid_pos": [1.8908030986785889, 0.0, 0.08587932586669922], "k_pid_alt": [0.0, 0.0, 1.0], "k_pid_att": [0.0, 9.753100395202637, 0.9756549596786499], "k_pid_yaw": [0.5, 1e-06, 0.1], "k_pid_hsp": [0.2362866997718811, 1.0, 0.9497735500335693], "k_pid_vsp": [28.451156616210938, 384.26885986328125, 394.9496765136719]}, "datetime": {"datetime": "2025-08-21 23:53:13", "elapsed": 54510.07170915604, "delta": 22.06903576850891}, "costs": {"total_cost": 8306.380333635287, "time_cost": 150, "final_distance_cost": 2584.5672410912052, "oscillation_cost": 1759.5999150047166, "completition_cost": 1000.0, "overshoot_cost": 2696.9919641563874, "power_cost": 26.521380249023437, "noise_cost": 88.69983313395318, "n_waypoints_completed": 0, "tot_waypoints": 9}}
{"target": -6611.375213849197, "params": {"k_pid_pos": [1.998728632926941, 0.0, 0.0], "k_pid_alt": [0.010114550590515137, 0.0, 0.9936027526855469], "k_pid_att": [0.0, 10.0, 0.9507772922515869], "k_pid_yaw": [0.5, 1e-06, 0.1], "k_pid_hsp": [9.999999747378752e-05, 1.0, 1.0], "k_pid_vsp": [35.38322448730469, 400.0, 373.2913513183594]}, "datetime": {"datetime": "2025-08-21 23:53:37", "elapsed": 54533.97956943512, "delta": 23.907860279083252}, "costs": {"total_cost": 6611.375213849197, "time_cost": 150, "final_distance_cost": 1148.469705111889, "oscillation_cost": 1083.1810788521598, "completition_cost": 1000.0, "overshoot_cost": 3101.175739924257, "power_cost": 32.052592529296874, "noise_cost": 96.49609743159483, "n_waypoints_completed": 0, "tot_waypoints": 9}}
{"target": -6783.363898144176, "params": {"k_pid_pos": [1.8542999029159546, 0.0949133038520813, 0.0794103741645813], "k_pid_alt": [0.13230842351913452, 0.0, 0.992862343788147], "k_pid_att": [0.0, 9.732850074768066, 0.9207923412322998], "k_pid_yaw": [0.5, 1e-06, 0.1], "k_pid_hsp": [0.27393290400505066, 1.0, 0.9872956871986389], "k_pid_vsp": [12.69427490234375, 400.0, 400.0]}, "datetime": {"datetime": "2025-08-21 23:53:58", "elapsed": 54555.453790187836, "delta": 21.474220752716064}, "costs": {"total_cost": 6783.363898144176, "time_cost": 150, "final_distance_cost": 1408.8214312313269, "oscillation_cost": 2272.784995043027, "completition_cost": 1000.0, "overshoot_cost": 1821.7972294895567, "power_cost": 32.622465563964845, "noise_cost": 97.33777681630151, "n_waypoints_completed": 0, "tot_waypoints": 9}}
{"target": -2227.7073944854246, "params": {"k_pid_pos": [2.0, 0.0013981759548187256, 0.002935081720352173], "k_pid_alt": [0.06622934341430664, 0.123019278049469, 1.0], "k_pid_att": [1.71583890914917, 9.147562980651855, 0.9757919311523438], "k_pid_yaw": [0.5, 1e-06, 0.1], "k_pid_hsp": [0.09514401853084564, 1.0, 1.0], "k_pid_vsp": [0.0, 400.0, 400.0]}, "datetime": {"datetime": "2025-08-21 23:54:22", "elapsed": 54579.038033008575, "delta": 23.584242820739746}, "costs": {"total_cost": 2227.7073944854246, "time_cost": 150, "final_distance_cost": 119.88336164361034, "oscillation_cost": 474.161686088749, "completition_cost": 1000.0, "overshoot_cost": 366.38744379553304, "power_cost": 29.19859217529297, "noise_cost": 88.07631078223972, "n_waypoints_completed": 0, "tot_waypoints": 9}}
{"target": -2026.0676735004777, "params": {"k_pid_pos": [2.0, 0.04094052314758301, 0.0], "k_pid_alt": [0.09710919857025146, 0.0, 0.9777251482009888], "k_pid_att": [1.6150087118148804, 9.428630828857422, 1.0], "k_pid_yaw": [0.5, 1e-06, 0.1], "k_pid_hsp": [9.999999747378752e-05, 1.0, 1.0], "k_pid_vsp": [24.25177001953125, 369.2746276855469, 369.04730224609375]}, "datetime": {"datetime": "2025-08-21 23:54:45", "elapsed": 54601.87801527977, "delta": 22.839982271194458}, "costs": {"total_cost": 2026.0676735004777, "time_cost": 150, "final_distance_cost": 35.43217968129764, "oscillation_cost": 525.7925790549897, "completition_cost": 1000.0, "overshoot_cost": 196.76516229188096, "power_cost": 29.60043376464844, "noise_cost": 88.47731870766127, "n_waypoints_completed": 0, "tot_waypoints": 9}}
{"target": -10859.790233135862, "params": {"k_pid_pos": [1.945041298866272, 0.0, 0.09856915473937988], "k_pid_alt": [0.06291067600250244, 0.0894365906715393, 1.0], "k_pid_att": [0.0, 10.0, 0.9120755195617676], "k_pid_yaw": [0.5, 1e-06, 0.1], "k_pid_hsp": [0.212604820728302, 0.9954126477241516, 0.9310417771339417], "k_pid_vsp": [0.0, 371.75616455078125, 387.3464050292969]}, "datetime": {"datetime": "2025-08-21 23:55:10", "elapsed": 54626.484827041626, "delta": 24.60681176185608}, "costs": {"total_cost": 10859.790233135862, "time_cost": 150, "final_distance_cost": 3114.3831704394215, "oscillation_cost": 1865.3737490767178, "completition_cost": 1000.0, "overshoot_cost": 4592.155809229134, "power_cost": 34.744079736328125, "noise_cost": 103.13342465425906, "n_waypoints_completed": 0, "tot_waypoints": 9}}
{"target": -1691.4241913853618, "params": {"k_pid_pos": [2.0, 0.06507432460784912, 0.005051314830780029], "k_pid_alt": [0.10992962121963501, 0.0033919215202331543, 0.9673218727111816], "k_pid_att": [6.2030463218688965, 9.61143684387207, 0.9131816029548645], "k_pid_yaw": [0.5, 1e-06, 0.1], "k_pid_hsp": [9.999999747378752e-05, 1.0, 0.9690005779266357], "k_pid_vsp": [1.562488079071045, 363.821044921875, 400.0]}, "datetime": {"datetime": "2025-08-21 23:55:32", "elapsed": 54648.56147861481, "delta": 22.076651573181152}, "costs": {"total_cost": 1691.4241913853618, "time_cost": 150, "final_distance_cost": 53.37401848568644, "oscillation_cost": 255.8846923702637, "completition_cost": 1000.0, "overshoot_cost": 166.19521723589511, "power_cost": 22.377032934570313, "noise_cost": 43.59323035894638, "n_waypoints_completed": 0, "tot_waypoints": 9}}
{"target": -8879.073929916854, "params": {"k_pid_pos": [2.0, 0.0, 0.0], "k_pid_alt": [0.032389700412750244, 0.01958528161048889, 0.9945704936981201], "k_pid_att": [0.0, 9.83883285522461, 1.0], "k_pid_yaw": [0.5, 1e-06, 0.1], "k_pid_hsp": [9.999999747378752e-05, 0.9941149950027466, 0.9912539720535278], "k_pid_vsp": [28.88345718383789, 400.0, 400.0]}, "datetime": {"datetime": "2025-08-21 23:55:54", "elapsed": 54670.55350637436, "delta": 21.992027759552002}, "costs": {"total_cost": 8879.073929916854, "time_cost": 150, "final_distance_cost": 2648.432207982472, "oscillation_cost": 650.9951764453918, "completition_cost": 1000.0, "overshoot_cost": 4306.31473220313, "power_cost": 30.986053149414065, "noise_cost": 92.34576013644704, "n_waypoints_completed": 0, "tot_waypoints": 9}}
{"target": -2251.8168942171587, "params": {"k_pid_pos": [2.0, 0.04209163784980774, 0.0], "k_pid_alt": [0.0, 0.04932844638824463, 0.92353355884552], "k_pid_att": [3.3100366592407227, 10.0, 0.9781115055084229], "k_pid_yaw": [0.5, 1e-06, 0.1], "k_pid_hsp": [9.999999747378752e-05, 0.9350736141204834, 0.9688481092453003], "k_pid_vsp": [0.24620294570922852, 400.0, 400.0]}, "datetime": {"datetime": "2025-08-21 23:56:17", "elapsed": 54694.08104252815, "delta": 23.527536153793335}, "costs": {"total_cost": 2251.8168942171587, "time_cost": 150, "final_distance_cost": 177.4633724458769, "oscillation_cost": 301.7321804093648, "completition_cost": 1000.0, "overshoot_cost": 577.1209639228175, "power_cost": 22.670052563476563, "noise_cost": 22.83032487562335, "n_waypoints_completed": 0, "tot_waypoints": 9}}
{"target": -10932.398509123535, "params": {"k_pid_pos": [1.9983726739883423, 0.0, 0.0], "k_pid_alt": [0.0, 0.013652920722961426, 0.9649794101715088], "k_pid_att": [0.0, 10.0, 0.9910992383956909], "k_pid_yaw": [0.5, 1e-06, 0.1], "k_pid_hsp": [9.999999747378752e-05, 1.0, 0.9801831841468811], "k_pid_vsp": [24.92951202392578, 393.822998046875, 391.16204833984375]}, "datetime": {"datetime": "2025-08-21 23:56:39", "elapsed": 54715.79289770126, "delta": 21.711855173110962}, "costs": {"total_cost": 10932.398509123535, "time_cost": 150, "final_distance_cost": 3074.0887937800794, "oscillation_cost": 2012.862201861718, "completition_cost": 1000.0, "overshoot_cost": 4556.738677260923, "power_cost": 35.03008967285157, "noise_cost": 103.67874654796226, "n_waypoints_completed": 0, "tot_waypoints": 9}}
{"target": -1680.4759861147825, "params": {"k_pid_pos": [2.0, 0.0, 0.0], "k_pid_alt": [0.0, 0.0, 1.0], "k_pid_att": [3.7190794944763184, 9.683259963989258, 1.0], "k_pid_yaw": [0.5, 1e-06, 0.1], "k_pid_hsp": [0.2869492471218109, 0.9711610078811646, 0.9451735615730286], "k_pid_vsp": [7.148110866546631, 400.0, 394.791748046875]}, "datetime": {"datetime": "2025-08-21 23:57:02", "elapsed": 54739.19880247116, "delta": 23.40590476989746}, "costs": {"total_cost": 1680.4759861147825, "time_cost": 150, "final_distance_cost": 9.529733682780012, "oscillation_cost": 308.7164957114962, "completition_cost": 1000.0, "overshoot_cost": 137.50302685248354, "power_cost": 19.952082897949218, "noise_cost": 54.77464697007353, "n_waypoints_completed": 0, "tot_waypoints": 9}}
{"target": -6675.320497129138, "params": {"k_pid_pos": [1.932321548461914, 0.0, 0.06746464967727661], "k_pid_alt": [0.0, 0.08145266771316528, 1.0], "k_pid_att": [0.0, 10.0, 1.0], "k_pid_yaw": [0.5, 1e-06, 0.1], "k_pid_hsp": [0.3294278383255005, 0.9956753253936768, 1.0], "k_pid_vsp": [9.455787658691406, 374.0410461425781, 371.8052978515625]}, "datetime": {"datetime": "2025-08-21 23:57:24", "elapsed": 54761.45610117912, "delta": 22.257298707962036}, "costs": {"total_cost": 6675.320497129138, "time_cost": 150, "final_distance_cost": 879.3874311862561, "oscillation_cost": 2310.860819897475, "completition_cost": 1000.0, "overshoot_cost": 2208.012028613779, "power_cost": 30.993693310546877, "noise_cost": 96.06652412108072, "n_waypoints_completed": 0, "tot_waypoints": 9}}
{"target": -1632.7979402011993, "params": {"k_pid_pos": [1.9056880474090576, 0.053624510765075684, 0.0], "k_pid_alt": [0.12678927183151245, 0.0, 0.9714300036430359], "k_pid_att": [6.422895431518555, 10.0, 1.0], "k_pid_yaw": [0.5, 1e-06, 0.1], "k_pid_hsp": [9.999999747378752e-05, 0.9845274686813354, 0.994187593460083], "k_pid_vsp": [0.0, 394.3182373046875, 400.0]}, "datetime": {"datetime": "2025-08-21 23:57:47", "elapsed": 54784.05667901039, "delta": 22.60057783126831}, "costs": {"total_cost": 1632.7979402011993, "time_cost": 150, "final_distance_cost": 20.73883091516755, "oscillation_cost": 246.27659534815453, "completition_cost": 1000.0, "overshoot_cost": 169.09557707250679, "power_cost": 16.246294250488283, "noise_cost": 30.440642614882158, "n_waypoints_completed": 0, "tot_waypoints": 9}}
{"target": -2124.595056950371, "params": {"k_pid_pos": [1.9736424684524536, 0.0, 0.016022562980651855], "k_pid_alt": [0.0, 0.0, 1.0], "k_pid_att": [0.8342891931533813, 9.858487129211426, 0.8472259044647217], "k_pid_yaw": [0.5, 1e-06, 0.1], "k_pid_hsp": [0.08809524774551392, 0.9759151935577393, 0.9723397493362427], "k_pid_vsp": [0.0, 395.7640075683594, 400.0]}, "datetime": {"datetime": "2025-08-21 23:58:13", "elapsed": 54809.89589715004, "delta": 25.839218139648438}, "costs": {"total_cost": 2124.595056950371, "time_cost": 150, "final_distance_cost": 55.17396491760812, "oscillation_cost": 642.5198129898362, "completition_cost": 1000.0, "overshoot_cost": 195.01314886289853, "power_cost": 15.554403149414064, "noise_cost": 66.33372703061443, "n_waypoints_completed": 0, "tot_waypoints": 9}}
{"target": -4495.828934796321, "params": {"k_pid_pos": [1.9739083051681519, 0.04357227683067322, 0.0], "k_pid_alt": [0.04686439037322998, 0.0, 1.0], "k_pid_att": [0.0, 9.374764442443848, 0.9201257228851318], "k_pid_yaw": [0.5, 1e-06, 0.1], "k_pid_hsp": [0.7340613007545471, 1.0, 1.0], "k_pid_vsp": [29.989826202392578, 395.7795104980469, 384.21527099609375]}, "datetime": {"datetime": "2025-08-21 23:58:35", "elapsed": 54831.63447999954, "delta": 21.738582849502563}, "costs": {"total_cost": 4495.828934796321, "time_cost": 150, "final_distance_cost": 447.8572922570418, "oscillation_cost": 2030.6477221355215, "completition_cost": 1000.0, "overshoot_cost": 734.9337887084496, "power_cost": 33.05632302246094, "noise_cost": 99.3338086728473, "n_waypoints_completed": 0, "tot_waypoints": 9}}
{"target": -1948.1264914704086, "params": {"k_pid_pos": [2.0, 0.0, 0.0], "k_pid_alt": [0.03359442949295044, 0.0, 0.9932726621627808], "k_pid_att": [1.6115754842758179, 9.829477310180664, 1.0], "k_pid_yaw": [0.5, 1e-06, 0.1], "k_pid_hsp": [0.2513909637928009, 1.0, 0.9750232100486755], "k_pid_vsp": [7.3011040687561035, 400.0, 400.0]}, "datetime": {"datetime": "2025-08-21 23:58:59", "elapsed": 54855.60245656967, "delta": 23.967976570129395}, "costs": {"total_cost": 1948.1264914704086, "time_cost": 150, "final_distance_cost": 4.2743061330919305, "oscillation_cost": 528.2844112014742, "completition_cost": 1000.0, "overshoot_cost": 140.9354707816266, "power_cost": 31.24625166015625, "noise_cost": 93.38605169405952, "n_waypoints_completed": 0, "tot_waypoints": 9}}
{"target": -5698.085576167272, "params": {"k_pid_pos": [1.7540267705917358, 0.06624403595924377, 0.02867710590362549], "k_pid_alt": [0.0, 0.08741921186447144, 0.9762753248214722], "k_pid_att": [0.0, 10.0, 0.969551146030426], "k_pid_yaw": [0.5, 1e-06, 0.1], "k_pid_hsp": [9.999999747378752e-05, 0.9147975444793701, 1.0], "k_pid_vsp": [0.0, 383.054443359375, 400.0]}, "datetime": {"datetime": "2025-08-21 23:59:20", "elapsed": 54877.15841245651, "delta": 21.55595588684082}, "costs": {"total_cost": 5698.085576167272, "time_cost": 150, "final_distance_cost": 724.7578431351686, "oscillation_cost": 1762.8533841483245, "completition_cost": 1000.0, "overshoot_cost": 1924.7749634813924, "power_cost": 34.229255285644534, "noise_cost": 101.47013011674221, "n_waypoints_completed": 0, "tot_waypoints": 9}}
