{"target": -10483.987980660304, "params": {"k_pid_pos": [2.0, 0.0, 0.0], "k_pid_alt": [0.0, 0.013199806213378906, 0.8876317739486694], "k_pid_att": [0.0, 10.0, 1.0], "k_pid_yaw": [0.5, 1e-06, 0.1], "k_pid_hsp": [9.999999747378752e-05, 1.0, 1.0], "k_pid_vsp": [2.1753668785095215, 393.58123779296875, 396.5101318359375]}, "datetime": {"datetime": "2025-08-21 17:41:56", "elapsed": 32233.20776939392, "delta": 24.314579248428345}, "costs": {"total_cost": 10483.987980660304, "time_cost": 150, "final_distance_cost": 2684.5655980429847, "oscillation_cost": 879.9094700755396, "completition_cost": 1000.0, "overshoot_cost": 5642.132112903794, "power_cost": 31.939932324218752, "noise_cost": 95.44086731376653, "n_waypoints_completed": 0, "tot_waypoints": 9}}
{"target": -2807.4584091970482, "params": {"k_pid_pos": [1.9997587203979492, 0.02084052562713623, 0.0], "k_pid_alt": [0.0, 0.0, 0.9541903734207153], "k_pid_att": [8.350253105163574, 9.83047866821289, 0.9398647546768188], "k_pid_yaw": [0.5, 1e-06, 0.1], "k_pid_hsp": [9.999999747378752e-05, 1.0, 0.9565878510475159], "k_pid_vsp": [14.27248764038086, 400.0, 400.0]}, "datetime": {"datetime": "2025-08-21 17:42:20", "elapsed": 32256.872571706772, "delta": 23.664802312850952}, "costs": {"total_cost": 2807.4584091970482, "time_cost": 150, "final_distance_cost": 592.4010867476951, "oscillation_cost": 212.8017637633366, "completition_cost": 1000.0, "overshoot_cost": 812.1632913999332, "power_cost": 20.847626306152346, "noise_cost": 19.244640979930857, "n_waypoints_completed": 0, "tot_waypoints": 9}}
{"target": -1660.6407166385936, "params": {"k_pid_pos": [2.0, 0.0780828595161438, 0.0], "k_pid_alt": [0.22847670316696167, 0.0, 1.0], "k_pid_att": [4.926720142364502, 9.664655685424805, 1.0], "k_pid_yaw": [0.5, 1e-06, 0.1], "k_pid_hsp": [0.17558027803897858, 1.0, 1.0], "k_pid_vsp": [0.0, 392.7021789550781, 400.0]}, "datetime": {"datetime": "2025-08-21 17:42:44", "elapsed": 32280.58398461342, "delta": 23.71141290664673}, "costs": {"total_cost": 1660.6407166385936, "time_cost": 150, "final_distance_cost": 4.317775227847476, "oscillation_cost": 321.4666206214394, "completition_cost": 1000.0, "overshoot_cost": 108.75814275757938, "power_cost": 22.57459461669922, "noise_cost": 53.523583415028256, "n_waypoints_completed": 0, "tot_waypoints": 9}}
{"target": -1692.5561618686904, "params": {"k_pid_pos": [2.0, 0.009953737258911133, 0.05251544713973999], "k_pid_alt": [0.05927932262420654, 0.0, 0.8560320138931274], "k_pid_att": [5.224394798278809, 9.606571197509766, 1.0], "k_pid_yaw": [0.5, 1e-06, 0.1], "k_pid_hsp": [0.5877610445022583, 0.9243189096450806, 0.9675143957138062], "k_pid_vsp": [7.5257182121276855, 394.0648193359375, 400.0]}, "datetime": {"datetime": "2025-08-21 17:43:08", "elapsed": 32304.568936109543, "delta": 23.984951496124268}, "costs": {"total_cost": 1692.5561618686904, "time_cost": 150, "final_distance_cost": 18.124291489702358, "oscillation_cost": 293.24253880072575, "completition_cost": 1000.0, "overshoot_cost": 143.51837999627406, "power_cost": 20.742680773925784, "noise_cost": 66.92827080806265, "n_waypoints_completed": 0, "tot_waypoints": 9}}
{"target": -7554.628998754268, "params": {"k_pid_pos": [1.878738284111023, 0.009114593267440796, 0.0], "k_pid_alt": [0.08558118343353271, 0.07234734296798706, 1.0], "k_pid_att": [0.5319476127624512, 9.992018699645996, 1.0], "k_pid_yaw": [0.5, 1e-06, 0.1], "k_pid_hsp": [9.999999747378752e-05, 1.0, 0.9731711149215698], "k_pid_vsp": [0.0, 377.3254699707031, 400.0]}, "datetime": {"datetime": "2025-08-21 17:43:32", "elapsed": 32328.54434466362, "delta": 23.97540855407715}, "costs": {"total_cost": 7554.628998754268, "time_cost": 150, "final_distance_cost": 2218.3801292924572, "oscillation_cost": 1636.2432541851908, "completition_cost": 1000.0, "overshoot_cost": 2420.427973803989, "power_cost": 32.480449645996096, "noise_cost": 97.09719182663356, "n_waypoints_completed": 0, "tot_waypoints": 9}}
{"target": -5220.116842762782, "params": {"k_pid_pos": [2.0, 0.03818359971046448, 0.0], "k_pid_alt": [0.07042187452316284, 0.0, 0.8952234983444214], "k_pid_att": [0.0, 10.0, 0.9456026554107666], "k_pid_yaw": [0.5, 1e-06, 0.1], "k_pid_hsp": [0.20304076373577118, 0.930640459060669, 1.0], "k_pid_vsp": [27.86530303955078, 383.0577392578125, 400.0]}, "datetime": {"datetime": "2025-08-21 17:43:55", "elapsed": 32352.093770503998, "delta": 23.549425840377808}, "costs": {"total_cost": 5220.116842762782, "time_cost": 150, "final_distance_cost": 559.315943140999, "oscillation_cost": 2047.5532426781149, "completition_cost": 1000.0, "overshoot_cost": 1328.0254302120165, "power_cost": 33.83975046386719, "noise_cost": 101.38247626778423, "n_waypoints_completed": 0, "tot_waypoints": 9}}
{"target": -16312.049139996296, "params": {"k_pid_pos": [2.0, 0.03340902924537659, 0.04594162106513977], "k_pid_alt": [0.062404513359069824, 0.0, 1.0], "k_pid_att": [0.0, 10.0, 1.0], "k_pid_yaw": [0.5, 1e-06, 0.1], "k_pid_hsp": [0.1412683129310608, 0.9670372009277344, 1.0], "k_pid_vsp": [5.710840225219727, 400.0, 400.0]}, "datetime": {"datetime": "2025-08-21 17:44:19", "elapsed": 32376.441939353943, "delta": 24.34816884994507}, "costs": {"total_cost": 16312.049139996296, "time_cost": 150, "final_distance_cost": 5478.561069107946, "oscillation_cost": 2069.0718164284535, "completition_cost": 1000.0, "overshoot_cost": 7477.5701246070685, "power_cost": 34.37432938232422, "noise_cost": 102.47180047050269, "n_waypoints_completed": 0, "tot_waypoints": 9}}
{"target": -1683.5401539570544, "params": {"k_pid_pos": [1.9266544580459595, 0.03411102294921875, 0.057627201080322266], "k_pid_alt": [0.0, 0.0, 0.9433491230010986], "k_pid_att": [3.9241135120391846, 10.0, 1.0], "k_pid_yaw": [0.5, 1e-06, 0.1], "k_pid_hsp": [9.999999747378752e-05, 0.9990767240524292, 1.0], "k_pid_vsp": [24.79085922241211, 400.0, 400.0]}, "datetime": {"datetime": "2025-08-21 17:44:43", "elapsed": 32400.083493709564, "delta": 23.641554355621338}, "costs": {"total_cost": 1683.5401539570544, "time_cost": 150, "final_distance_cost": 107.35173511090159, "oscillation_cost": 252.65637314638843, "completition_cost": 1000.0, "overshoot_cost": 137.76515541790076, "power_cost": 18.46630213623047, "noise_cost": 17.300588145632922, "n_waypoints_completed": 0, "tot_waypoints": 9}}
{"target": -5603.018217028498, "params": {"k_pid_pos": [1.9825942516326904, 0.0, 0.0], "k_pid_alt": [0.24227631092071533, 0.0, 0.9486244916915894], "k_pid_att": [0.0, 9.733954429626465, 1.0], "k_pid_yaw": [0.5, 1e-06, 0.1], "k_pid_hsp": [0.5908941626548767, 0.9922223091125488, 1.0], "k_pid_vsp": [3.5666346549987793, 390.6895751953125, 400.0]}, "datetime": {"datetime": "2025-08-21 17:45:05", "elapsed": 32422.27410840988, "delta": 22.190614700317383}, "costs": {"total_cost": 5603.018217028498, "time_cost": 150, "final_distance_cost": 824.1254326604065, "oscillation_cost": 2133.995711614541, "completition_cost": 1000.0, "overshoot_cost": 1357.0278063089488, "power_cost": 34.81057742919922, "noise_cost": 103.05868901540224, "n_waypoints_completed": 0, "tot_waypoints": 9}}
{"target": -6079.170194296457, "params": {"k_pid_pos": [2.0, 0.027211129665374756, 0.0], "k_pid_alt": [0.055856943130493164, 0.0021493136882781982, 0.9890205264091492], "k_pid_att": [0.0, 10.0, 1.0], "k_pid_yaw": [0.5, 1e-06, 0.1], "k_pid_hsp": [0.0038940957747399807, 1.0, 0.9751772880554199], "k_pid_vsp": [19.148136138916016, 400.0, 400.0]}, "datetime": {"datetime": "2025-08-21 17:45:28", "elapsed": 32445.258833408356, "delta": 22.98472499847412}, "costs": {"total_cost": 6079.170194296457, "time_cost": 150, "final_distance_cost": 1159.693862879126, "oscillation_cost": 994.3387948895046, "completition_cost": 1000.0, "overshoot_cost": 2646.127899980627, "power_cost": 32.19925047607422, "noise_cost": 96.8103860711252, "n_waypoints_completed": 0, "tot_waypoints": 9}}
{"target": -8345.44455875996, "params": {"k_pid_pos": [2.0, 0.024027317762374878, 0.07488754391670227], "k_pid_alt": [0.0, 0.0, 0.997479259967804], "k_pid_att": [0.0, 10.0, 0.9111863374710083], "k_pid_yaw": [0.5, 1e-06, 0.1], "k_pid_hsp": [0.5352424383163452, 0.9836723208427429, 0.9617950320243835], "k_pid_vsp": [0.0, 390.4380187988281, 350.8836669921875]}, "datetime": {"datetime": "2025-08-21 17:45:52", "elapsed": 32469.137697696686, "delta": 23.878864288330078}, "costs": {"total_cost": 8345.44455875996, "time_cost": 150, "final_distance_cost": 1915.0606367599344, "oscillation_cost": 1598.266006532516, "completition_cost": 1000.0, "overshoot_cost": 3557.9833462022407, "power_cost": 28.75233436279297, "noise_cost": 95.38223490247698, "n_waypoints_completed": 0, "tot_waypoints": 9}}
{"target": -15838.922660249831, "params": {"k_pid_pos": [1.8550161123275757, 0.0, 0.07676622271537781], "k_pid_alt": [0.0, 0.0, 0.9789929389953613], "k_pid_att": [0.0, 10.0, 1.0], "k_pid_yaw": [0.5, 1e-06, 0.1], "k_pid_hsp": [9.999999747378752e-05, 1.0, 1.0], "k_pid_vsp": [0.0, 400.0, 393.7356872558594]}, "datetime": {"datetime": "2025-08-21 17:46:16", "elapsed": 32492.49144434929, "delta": 23.35374665260315}, "costs": {"total_cost": 15838.922660249831, "time_cost": 150, "final_distance_cost": 5100.593586148688, "oscillation_cost": 1960.6713360409635, "completition_cost": 1000.0, "overshoot_cost": 7506.225016221715, "power_cost": 28.765597094726562, "noise_cost": 92.66712474373642, "n_waypoints_completed": 0, "tot_waypoints": 9}}
{"target": -3200.0908653593187, "params": {"k_pid_pos": [1.9888063669204712, 0.0, 0.0], "k_pid_alt": [0.059995830059051514, 0.0953032374382019, 0.9780109524726868], "k_pid_att": [0.0, 9.995532989501953, 0.9642606973648071], "k_pid_yaw": [0.5, 1e-06, 0.1], "k_pid_hsp": [1.146567463874817, 0.9643457531929016, 1.0], "k_pid_vsp": [5.529391765594482, 400.0, 400.0]}, "datetime": {"datetime": "2025-08-21 17:46:40", "elapsed": 32516.535559654236, "delta": 24.0441153049469}, "costs": {"total_cost": 3200.0908653593187, "time_cost": 150, "final_distance_cost": 208.79080436892534, "oscillation_cost": 1408.2251446418122, "completition_cost": 1000.0, "overshoot_cost": 305.31066800965215, "power_cost": 31.681600939941408, "noise_cost": 96.08264739898787, "n_waypoints_completed": 0, "tot_waypoints": 9}}
{"target": -13922.647407509709, "params": {"k_pid_pos": [2.0, 0.0464213490486145, 0.053800731897354126], "k_pid_alt": [0.0, 0.009124666452407837, 0.9691343307495117], "k_pid_att": [0.0, 9.996109962463379, 0.9396812915802002], "k_pid_yaw": [0.5, 1e-06, 0.1], "k_pid_hsp": [0.4314860701560974, 0.9677720069885254, 1.0], "k_pid_vsp": [4.7603607177734375, 391.0465087890625, 400.0]}, "datetime": {"datetime": "2025-08-21 17:47:03", "elapsed": 32539.545714616776, "delta": 23.010154962539673}, "costs": {"total_cost": 13922.647407509709, "time_cost": 150, "final_distance_cost": 3896.726861092338, "oscillation_cost": 1367.9034743773511, "completition_cost": 1000.0, "overshoot_cost": 7371.067881981483, "power_cost": 34.66610826416016, "noise_cost": 102.28308179437565, "n_waypoints_completed": 0, "tot_waypoints": 9}}
{"target": -2255.0026323929656, "params": {"k_pid_pos": [2.0, 0.022030293941497803, 0.007825762033462524], "k_pid_alt": [0.17128640413284302, 0.0, 0.9938637614250183], "k_pid_att": [4.715198516845703, 10.0, 0.9222298860549927], "k_pid_yaw": [0.5, 1e-06, 0.1], "k_pid_hsp": [0.6369600296020508, 1.0, 0.9612426161766052], "k_pid_vsp": [3.89021635055542, 400.0, 398.6741943359375]}, "datetime": {"datetime": "2025-08-21 17:47:27", "elapsed": 32563.65452837944, "delta": 24.108813762664795}, "costs": {"total_cost": 2255.0026323929656, "time_cost": 150, "final_distance_cost": 151.42086589622505, "oscillation_cost": 298.2802066486288, "completition_cost": 1000.0, "overshoot_cost": 617.0989137551528, "power_cost": 21.08426529541016, "noise_cost": 17.11838079754864, "n_waypoints_completed": 0, "tot_waypoints": 9}}
{"target": -1726.9729197933234, "params": {"k_pid_pos": [2.0, 0.0, 0.0], "k_pid_alt": [0.0, 0.05778118968009949, 0.9071372151374817], "k_pid_att": [4.3493804931640625, 9.400472640991211, 0.9674675464630127], "k_pid_yaw": [0.5, 1e-06, 0.1], "k_pid_hsp": [9.999999747378752e-05, 0.9484996795654297, 1.0], "k_pid_vsp": [12.590635299682617, 400.0, 400.0]}, "datetime": {"datetime": "2025-08-21 17:47:52", "elapsed": 32589.14551281929, "delta": 25.490984439849854}, "costs": {"total_cost": 1726.9729197933234, "time_cost": 150, "final_distance_cost": 32.666688540819024, "oscillation_cost": 274.0048542469566, "completition_cost": 1000.0, "overshoot_cost": 186.01549547627525, "power_cost": 19.859149353027345, "noise_cost": 64.42673217624508, "n_waypoints_completed": 0, "tot_waypoints": 9}}
{"target": -2006.6650141495638, "params": {"k_pid_pos": [1.8554531335830688, 0.04125717282295227, 0.0], "k_pid_alt": [0.046415090560913086, 0.021431326866149902, 1.0], "k_pid_att": [2.860722064971924, 10.0, 1.0], "k_pid_yaw": [0.5, 1e-06, 0.1], "k_pid_hsp": [0.09525100886821747, 1.0, 0.8995568752288818], "k_pid_vsp": [19.05961036682129, 400.0, 399.3489990234375]}, "datetime": {"datetime": "2025-08-21 17:48:16", "elapsed": 32612.715957164764, "delta": 23.570444345474243}, "costs": {"total_cost": 2006.6650141495638, "time_cost": 150, "final_distance_cost": 101.52568326399647, "oscillation_cost": 336.10184053142143, "completition_cost": 1000.0, "overshoot_cost": 325.2420772277468, "power_cost": 23.57890339355469, "noise_cost": 70.21650973284454, "n_waypoints_completed": 0, "tot_waypoints": 9}}
{"target": -1826.2772031756801, "params": {"k_pid_pos": [2.0, 0.0, 0.014225989580154419], "k_pid_alt": [0.0, 0.10022896528244019, 0.9932718276977539], "k_pid_att": [5.000570297241211, 10.0, 1.0], "k_pid_yaw": [0.5, 1e-06, 0.1], "k_pid_hsp": [9.999999747378752e-05, 1.0, 1.0], "k_pid_vsp": [1.7538905143737793, 400.0, 388.5181884765625]}, "datetime": {"datetime": "2025-08-21 17:48:40", "elapsed": 32637.05876970291, "delta": 24.342812538146973}, "costs": {"total_cost": 1826.2772031756801, "time_cost": 150, "final_distance_cost": 199.20915807958522, "oscillation_cost": 229.41405583224557, "completition_cost": 1000.0, "overshoot_cost": 179.13373438302, "power_cost": 21.573099658203127, "noise_cost": 46.947155222626236, "n_waypoints_completed": 0, "tot_waypoints": 9}}
{"target": -9309.292399617269, "params": {"k_pid_pos": [2.0, 0.0, 0.069023996591568], "k_pid_alt": [0.12127447128295898, 0.0, 1.0], "k_pid_att": [0.0, 9.931652069091797, 0.951198935508728], "k_pid_yaw": [0.5, 1e-06, 0.1], "k_pid_hsp": [9.999999747378752e-05, 0.9546818733215332, 0.9953267574310303], "k_pid_vsp": [0.0, 382.9635925292969, 362.614990234375]}, "datetime": {"datetime": "2025-08-21 17:49:04", "elapsed": 32661.333313941956, "delta": 24.27454423904419}, "costs": {"total_cost": 9309.292399617269, "time_cost": 150, "final_distance_cost": 1825.564198261728, "oscillation_cost": 1440.2262087974073, "completition_cost": 1000.0, "overshoot_cost": 4761.030134040231, "power_cost": 33.30633179931641, "noise_cost": 99.16552671858446, "n_waypoints_completed": 0, "tot_waypoints": 9}}
{"target": -5731.139472002307, "params": {"k_pid_pos": [1.9438947439193726, 0.012455642223358154, 0.10531330108642578], "k_pid_alt": [0.06561523675918579, 0.018418192863464355, 0.968470573425293], "k_pid_att": [0.0, 9.334760665893555, 1.0], "k_pid_yaw": [0.5, 1e-06, 0.1], "k_pid_hsp": [9.999999747378752e-05, 0.9656124711036682, 0.9312397241592407], "k_pid_vsp": [2.9056310653686523, 370.9680480957031, 371.0007629394531]}, "datetime": {"datetime": "2025-08-21 17:49:29", "elapsed": 32685.868842363358, "delta": 24.535528421401978}, "costs": {"total_cost": 5731.139472002307, "time_cost": 150, "final_distance_cost": 1062.514314636981, "oscillation_cost": 1744.2791485174725, "completition_cost": 1000.0, "overshoot_cost": 1638.3661663659866, "power_cost": 34.256597900390624, "noise_cost": 101.72324458147719, "n_waypoints_completed": 0, "tot_waypoints": 9}}
{"target": -14120.594917008259, "params": {"k_pid_pos": [1.9126545190811157, 0.0, 0.12465497851371765], "k_pid_alt": [0.0, 0.020304560661315918, 0.9738341569900513], "k_pid_att": [0.0, 10.0, 1.0], "k_pid_yaw": [0.5, 1e-06, 0.1], "k_pid_hsp": [0.21253985166549683, 1.0, 1.0], "k_pid_vsp": [0.0, 395.42352294921875, 400.0]}, "datetime": {"datetime": "2025-08-21 17:49:53", "elapsed": 32709.837036132812, "delta": 23.968193769454956}, "costs": {"total_cost": 14120.594917008259, "time_cost": 150, "final_distance_cost": 3899.391565557742, "oscillation_cost": 1901.861402545462, "completition_cost": 1000.0, "overshoot_cost": 7034.59695058918, "power_cost": 33.66592860107422, "noise_cost": 101.07906971480033, "n_waypoints_completed": 0, "tot_waypoints": 9}}
{"target": -4677.049419400797, "params": {"k_pid_pos": [2.0, 0.08536452054977417, 0.134951651096344], "k_pid_alt": [0.07642340660095215, 0.0, 1.0], "k_pid_att": [0.0, 9.908537864685059, 0.9616347551345825], "k_pid_yaw": [0.5, 1e-06, 0.1], "k_pid_hsp": [9.999999747378752e-05, 0.917896032333374, 1.0], "k_pid_vsp": [0.0, 376.02947998046875, 385.75823974609375]}, "datetime": {"datetime": "2025-08-21 17:50:17", "elapsed": 32734.017780065536, "delta": 24.180743932724}, "costs": {"total_cost": 4677.049419400797, "time_cost": 150, "final_distance_cost": 564.5038725028415, "oscillation_cost": 1393.9244171109167, "completition_cost": 1000.0, "overshoot_cost": 1442.2122929373434, "power_cost": 31.230313256835938, "noise_cost": 95.17852359285915, "n_waypoints_completed": 0, "tot_waypoints": 9}}
{"target": -1649.2517172359828, "params": {"k_pid_pos": [2.0, 0.05007588863372803, 0.018822580575942993], "k_pid_alt": [0.0, 0.0, 1.0], "k_pid_att": [3.9732723236083984, 9.567716598510742, 1.0], "k_pid_yaw": [0.5, 1e-06, 0.1], "k_pid_hsp": [0.08480808138847351, 1.0, 0.9779764413833618], "k_pid_vsp": [0.0, 377.7843322753906, 390.7613220214844]}, "datetime": {"datetime": "2025-08-21 17:50:42", "elapsed": 32758.734857797623, "delta": 24.71707773208618}, "costs": {"total_cost": 1649.2517172359828, "time_cost": 150, "final_distance_cost": 62.88549421563635, "oscillation_cost": 282.3803169808572, "completition_cost": 1000.0, "overshoot_cost": 102.89496185096814, "power_cost": 20.738839746093753, "noise_cost": 30.35210444242706, "n_waypoints_completed": 0, "tot_waypoints": 9}}
{"target": -1880.0289827697472, "params": {"k_pid_pos": [1.9875417947769165, 0.0415550172328949, 0.01590314507484436], "k_pid_alt": [0.0, 0.015719980001449585, 1.0], "k_pid_att": [6.65593147277832, 10.0, 1.0], "k_pid_yaw": [0.5, 1e-06, 0.1], "k_pid_hsp": [0.16006624698638916, 0.9316062927246094, 1.0], "k_pid_vsp": [0.0, 400.0, 375.8191223144531]}, "datetime": {"datetime": "2025-08-21 17:51:06", "elapsed": 32782.906133174896, "delta": 24.17127537727356}, "costs": {"total_cost": 1880.0289827697472, "time_cost": 150, "final_distance_cost": 212.82231170485053, "oscillation_cost": 259.1288481279871, "completition_cost": 1000.0, "overshoot_cost": 196.45391374538804, "power_cost": 20.88848154296875, "noise_cost": 40.73542764855282, "n_waypoints_completed": 0, "tot_waypoints": 9}}
{"target": -8521.143060762279, "params": {"k_pid_pos": [1.8875287771224976, 0.02170071005821228, 0.0], "k_pid_alt": [0.0, 0.037059128284454346, 0.9640808701515198], "k_pid_att": [0.0, 9.91229248046875, 1.0], "k_pid_yaw": [0.5, 1e-06, 0.1], "k_pid_hsp": [9.999999747378752e-05, 1.0, 1.0], "k_pid_vsp": [0.0, 400.0, 400.0]}, "datetime": {"datetime": "2025-08-21 17:51:29", "elapsed": 32806.05870652199, "delta": 23.152573347091675}, "costs": {"total_cost": 8521.143060762279, "time_cost": 150, "final_distance_cost": 2285.8009254829035, "oscillation_cost": 659.8815473045205, "completition_cost": 1000.0, "overshoot_cost": 4307.999695884721, "power_cost": 29.26976240234375, "noise_cost": 88.19112968778958, "n_waypoints_completed": 0, "tot_waypoints": 9}}
{"target": -1755.0692453103245, "params": {"k_pid_pos": [1.9969271421432495, 0.01343536376953125, 0.03259947896003723], "k_pid_alt": [0.0, 0.0, 1.0], "k_pid_att": [6.586584568023682, 10.0, 1.0], "k_pid_yaw": [0.5, 1e-06, 0.1], "k_pid_hsp": [9.999999747378752e-05, 1.0, 1.0], "k_pid_vsp": [0.0, 400.0, 400.0]}, "datetime": {"datetime": "2025-08-21 17:51:53", "elapsed": 32829.64954948425, "delta": 23.590842962265015}, "costs": {"total_cost": 1755.0692453103245, "time_cost": 150, "final_distance_cost": 11.165324782859539, "oscillation_cost": 269.02335949053, "completition_cost": 1000.0, "overshoot_cost": 270.61688956565354, "power_cost": 22.156952209472657, "noise_cost": 32.106719261808784, "n_waypoints_completed": 0, "tot_waypoints": 9}}
{"target": -2706.5334033476065, "params": {"k_pid_pos": [1.9871407747268677, 0.0, 0.0], "k_pid_alt": [0.056954801082611084, 0.0, 0.9503709077835083], "k_pid_att": [3.61618709564209, 9.488958358764648, 1.0], "k_pid_yaw": [0.5, 1e-06, 0.1], "k_pid_hsp": [9.999999747378752e-05, 1.0, 0.9898940324783325], "k_pid_vsp": [0.0, 376.27886962890625, 386.1624450683594]}, "datetime": {"datetime": "2025-08-21 17:52:16", "elapsed": 32853.126765728, "delta": 23.477216243743896}, "costs": {"total_cost": 2706.5334033476065, "time_cost": 150, "final_distance_cost": 691.3439596089787, "oscillation_cost": 206.2116541082018, "completition_cost": 1000.0, "overshoot_cost": 601.6080485205458, "power_cost": 20.558353076171876, "noise_cost": 36.81138803370842, "n_waypoints_completed": 0, "tot_waypoints": 9}}
{"target": -12800.506748745987, "params": {"k_pid_pos": [1.9479533433914185, 0.006934076547622681, 0.0], "k_pid_alt": [0.22507226467132568, 0.0, 0.995576024055481], "k_pid_att": [0.0, 10.0, 1.0], "k_pid_yaw": [0.5, 1e-06, 0.1], "k_pid_hsp": [1.0909178256988525, 0.9957456588745117, 0.882146954536438], "k_pid_vsp": [0.0, 400.0, 357.90814208984375]}, "datetime": {"datetime": "2025-08-21 17:52:40", "elapsed": 32876.904638290405, "delta": 23.777872562408447}, "costs": {"total_cost": 12800.506748745987, "time_cost": 150, "final_distance_cost": 3519.122730199045, "oscillation_cost": 2096.2336213370686, "completition_cost": 1000.0, "overshoot_cost": 5897.732482418373, "power_cost": 34.61643056640625, "noise_cost": 102.80148422509401, "n_waypoints_completed": 0, "tot_waypoints": 9}}
