{"target": -20830.297518920033, "params": {"k_pid_pos": [1.9253069162368774, 0.05062749981880188, 0.0], "k_pid_alt": [0.0, 0.018934547901153564, 0.9484503865242004], "k_pid_att": [0.0, 10.0, 1.0], "k_pid_yaw": [0.5, 1e-06, 0.1], "k_pid_hsp": [0.08447936922311783, 1.0, 1.0], "k_pid_vsp": [26.007831573486328, 400.0, 387.8426818847656]}, "datetime": {"datetime": "2025-08-22 00:10:27", "elapsed": 55544.19453215599, "delta": 22.126806020736694}, "costs": {"total_cost": 20830.297518920033, "time_cost": 150, "final_distance_cost": 6379.388362200517, "oscillation_cost": 2299.2376468995285, "completition_cost": 1000.0, "overshoot_cost": 10865.704061545057, "power_cost": 34.179202453613286, "noise_cost": 101.78824582131803, "n_waypoints_completed": 0, "tot_waypoints": 9}}
{"target": -6824.386154090877, "params": {"k_pid_pos": [2.0, 0.002706676721572876, 0.0], "k_pid_alt": [0.08039331436157227, 0.0, 0.98054438829422], "k_pid_att": [0.0, 9.98392391204834, 0.9378698468208313], "k_pid_yaw": [0.5, 1e-06, 0.1], "k_pid_hsp": [0.4149024486541748, 0.9891669750213623, 1.0], "k_pid_vsp": [0.0, 387.7265319824219, 400.0]}, "datetime": {"datetime": "2025-08-22 00:10:50", "elapsed": 55566.48508477211, "delta": 22.290552616119385}, "costs": {"total_cost": 6824.386154090877, "time_cost": 150, "final_distance_cost": 1532.741668993571, "oscillation_cost": 1835.677295578541, "completition_cost": 1000.0, "overshoot_cost": 2172.726752292519, "power_cost": 33.12524934082031, "noise_cost": 100.11518788542749, "n_waypoints_completed": 0, "tot_waypoints": 9}}
{"target": -20563.582224428646, "params": {"k_pid_pos": [1.7824417352676392, 0.0, 0.0], "k_pid_alt": [0.002667069435119629, 0.03241145610809326, 0.9917682409286499], "k_pid_att": [0.0, 10.0, 0.912166953086853], "k_pid_yaw": [0.5, 1e-06, 0.1], "k_pid_hsp": [9.999999747378752e-05, 1.0, 0.953089714050293], "k_pid_vsp": [0.0, 390.21112060546875, 378.0435791015625]}, "datetime": {"datetime": "2025-08-22 00:11:11", "elapsed": 55588.22460889816, "delta": 21.739524126052856}, "costs": {"total_cost": 20563.582224428646, "time_cost": 150, "final_distance_cost": 6155.228211637294, "oscillation_cost": 2242.552234980075, "completition_cost": 1000.0, "overshoot_cost": 10877.565046811083, "power_cost": 34.871032458496096, "noise_cost": 103.36569854169569, "n_waypoints_completed": 0, "tot_waypoints": 9}}
{"target": -2633.964279892498, "params": {"k_pid_pos": [1.9311538934707642, 0.0, 0.010066866874694824], "k_pid_alt": [0.0, 0.006612837314605713, 1.0], "k_pid_att": [1.024097204208374, 10.0, 0.9686594009399414], "k_pid_yaw": [0.5, 1e-06, 0.1], "k_pid_hsp": [9.999999747378752e-05, 0.9963302612304688, 1.0], "k_pid_vsp": [24.639904022216797, 387.44873046875, 400.0]}, "datetime": {"datetime": "2025-08-22 00:11:33", "elapsed": 55610.387097120285, "delta": 22.162488222122192}, "costs": {"total_cost": 2633.964279892498, "time_cost": 150, "final_distance_cost": 286.1359358590912, "oscillation_cost": 669.2264247796271, "completition_cost": 1000.0, "overshoot_cost": 410.6090216804727, "power_cost": 29.576971118164064, "noise_cost": 88.41592645514277, "n_waypoints_completed": 0, "tot_waypoints": 9}}
{"target": -1757.0949488822212, "params": {"k_pid_pos": [1.9218083620071411, 0.0, 0.0], "k_pid_alt": [0.02743750810623169, 0.0, 0.9125038981437683], "k_pid_att": [5.204439163208008, 10.0, 1.0], "k_pid_yaw": [0.5, 1e-06, 0.1], "k_pid_hsp": [9.999999747378752e-05, 1.0, 0.9138844013214111], "k_pid_vsp": [16.45718765258789, 384.028564453125, 400.0]}, "datetime": {"datetime": "2025-08-22 00:11:55", "elapsed": 55631.60830616951, "delta": 21.221209049224854}, "costs": {"total_cost": 1757.0949488822212, "time_cost": 150, "final_distance_cost": 135.85370616880752, "oscillation_cost": 263.5059313437813, "completition_cost": 1000.0, "overshoot_cost": 139.5604917475935, "power_cost": 21.203182836914063, "noise_cost": 46.971636785124694, "n_waypoints_completed": 0, "tot_waypoints": 9}}
{"target": -1665.0813015185684, "params": {"k_pid_pos": [1.8698959350585938, 0.0010062158107757568, 0.025184154510498047], "k_pid_alt": [0.10092782974243164, 0.0, 0.989525556564331], "k_pid_att": [5.8689117431640625, 10.0, 1.0], "k_pid_yaw": [0.5, 1e-06, 0.1], "k_pid_hsp": [0.028801435604691505, 1.0, 0.9913438558578491], "k_pid_vsp": [10.810327529907227, 380.1560974121094, 372.3939514160156]}, "datetime": {"datetime": "2025-08-22 00:12:18", "elapsed": 55655.04181408882, "delta": 23.433507919311523}, "costs": {"total_cost": 1665.0813015185684, "time_cost": 150, "final_distance_cost": 2.6367738498338764, "oscillation_cost": 272.3816809597589, "completition_cost": 1000.0, "overshoot_cost": 173.8243121712834, "power_cost": 18.19336182861328, "noise_cost": 48.04517270907904, "n_waypoints_completed": 0, "tot_waypoints": 9}}
{"target": -7913.123273028177, "params": {"k_pid_pos": [1.9609222412109375, 0.0, 0.0], "k_pid_alt": [0.0, 0.0, 0.9587616920471191], "k_pid_att": [0.0, 10.0, 1.0], "k_pid_yaw": [0.5, 1e-06, 0.1], "k_pid_hsp": [9.999999747378752e-05, 0.9588120579719543, 1.0], "k_pid_vsp": [11.729240417480469, 388.99505615234375, 400.0]}, "datetime": {"datetime": "2025-08-22 00:12:40", "elapsed": 55676.64673566818, "delta": 21.604921579360962}, "costs": {"total_cost": 7913.123273028177, "time_cost": 150, "final_distance_cost": 2000.1028626195218, "oscillation_cost": 704.9136835604967, "completition_cost": 1000.0, "overshoot_cost": 3972.385523624894, "power_cost": 17.074172766113282, "noise_cost": 68.64703045715022, "n_waypoints_completed": 0, "tot_waypoints": 9}}
{"target": -5793.842708452398, "params": {"k_pid_pos": [1.801957607269287, 0.006895869970321655, 0.0], "k_pid_alt": [0.0, 0.14049696922302246, 1.0], "k_pid_att": [0.0, 10.0, 1.0], "k_pid_yaw": [0.5, 1e-06, 0.1], "k_pid_hsp": [9.999999747378752e-05, 1.0, 1.0], "k_pid_vsp": [0.0, 378.7555236816406, 377.70037841796875]}, "datetime": {"datetime": "2025-08-22 00:13:02", "elapsed": 55698.52369785309, "delta": 21.876962184906006}, "costs": {"total_cost": 5793.842708452398, "time_cost": 150, "final_distance_cost": 929.4852531048174, "oscillation_cost": 1910.7939548786892, "completition_cost": 1000.0, "overshoot_cost": 1674.524214109912, "power_cost": 32.10316625976563, "noise_cost": 96.93612009921425, "n_waypoints_completed": 0, "tot_waypoints": 9}}
{"target": -1681.8092882990684, "params": {"k_pid_pos": [2.0, 0.08365848660469055, 0.02349609136581421], "k_pid_alt": [0.0, 0.0, 0.9606022834777832], "k_pid_att": [4.132312774658203, 9.101211547851562, 0.9486701488494873], "k_pid_yaw": [0.5, 1e-06, 0.1], "k_pid_hsp": [0.16276362538337708, 1.0, 0.9626423120498657], "k_pid_vsp": [23.976112365722656, 397.78814697265625, 391.5733947753906]}, "datetime": {"datetime": "2025-08-22 00:13:25", "elapsed": 55722.31736135483, "delta": 23.793663501739502}, "costs": {"total_cost": 1681.8092882990684, "time_cost": 150, "final_distance_cost": 56.01515496750141, "oscillation_cost": 239.9595712458331, "completition_cost": 1000.0, "overshoot_cost": 178.0271950942132, "power_cost": 17.60468698730469, "noise_cost": 40.202680004215864, "n_waypoints_completed": 0, "tot_waypoints": 9}}
{"target": -3406.450067502924, "params": {"k_pid_pos": [2.0, 0.0216200053691864, 0.020578980445861816], "k_pid_alt": [0.0, 0.0, 0.9817508459091187], "k_pid_att": [6.217789649963379, 10.0, 0.9064830541610718], "k_pid_yaw": [0.5, 1e-06, 0.1], "k_pid_hsp": [9.999999747378752e-05, 1.0, 1.0], "k_pid_vsp": [0.0, 400.0, 386.9830017089844]}, "datetime": {"datetime": "2025-08-22 00:13:48", "elapsed": 55744.49479722977, "delta": 22.177435874938965}, "costs": {"total_cost": 3406.450067502924, "time_cost": 150, "final_distance_cost": 699.5756943303693, "oscillation_cost": 251.59771690717145, "completition_cost": 1000.0, "overshoot_cost": 1266.3736781770863, "power_cost": 21.760086059570312, "noise_cost": 17.14289202872662, "n_waypoints_completed": 0, "tot_waypoints": 9}}
{"target": -10978.484812224531, "params": {"k_pid_pos": [2.0, 0.0, 0.0], "k_pid_alt": [0.0, 0.007915467023849487, 1.0], "k_pid_att": [0.0, 9.493634223937988, 0.9451336860656738], "k_pid_yaw": [0.5, 1e-06, 0.1], "k_pid_hsp": [0.6531210541725159, 0.9647899866104126, 1.0], "k_pid_vsp": [0.0, 400.0, 400.0]}, "datetime": {"datetime": "2025-08-22 00:14:10", "elapsed": 55766.78909921646, "delta": 22.294301986694336}, "costs": {"total_cost": 10978.484812224531, "time_cost": 150, "final_distance_cost": 3446.7497683277147, "oscillation_cost": 2225.683309961562, "completition_cost": 1000.0, "overshoot_cost": 4020.845723775575, "power_cost": 33.844372314453125, "noise_cost": 101.361637845227, "n_waypoints_completed": 0, "tot_waypoints": 9}}
{"target": -2043.732078374226, "params": {"k_pid_pos": [1.9542282819747925, 0.04847395420074463, 0.04858595132827759], "k_pid_alt": [0.0, 0.03923219442367554, 0.9192467927932739], "k_pid_att": [1.2670129537582397, 10.0, 0.8619480133056641], "k_pid_yaw": [0.5, 1e-06, 0.1], "k_pid_hsp": [9.999999747378752e-05, 0.948375403881073, 0.9651966094970703], "k_pid_vsp": [0.0, 393.4609375, 400.0]}, "datetime": {"datetime": "2025-08-22 00:14:31", "elapsed": 55787.98621535301, "delta": 21.197116136550903}, "costs": {"total_cost": 2043.732078374226, "time_cost": 150, "final_distance_cost": 15.16308153325115, "oscillation_cost": 608.572101748077, "completition_cost": 1000.0, "overshoot_cost": 144.93593313537573, "power_cost": 31.410817578125002, "noise_cost": 93.65014437939695, "n_waypoints_completed": 0, "tot_waypoints": 9}}
{"target": -9096.966062417621, "params": {"k_pid_pos": [1.93940269947052, 0.0, 0.04491978883743286], "k_pid_alt": [0.0, 0.03891873359680176, 0.9831057786941528], "k_pid_att": [0.0, 9.771233558654785, 0.9228283166885376], "k_pid_yaw": [0.5, 1e-06, 0.1], "k_pid_hsp": [0.044534821063280106, 0.9109103679656982, 1.0], "k_pid_vsp": [0.0, 397.3714904785156, 392.44842529296875]}, "datetime": {"datetime": "2025-08-22 00:14:55", "elapsed": 55811.54303884506, "delta": 23.55682349205017}, "costs": {"total_cost": 9096.966062417621, "time_cost": 150, "final_distance_cost": 1808.288419456525, "oscillation_cost": 2296.354691566709, "completition_cost": 1000.0, "overshoot_cost": 3715.6148718224913, "power_cost": 30.863088684082033, "noise_cost": 95.84499088781561, "n_waypoints_completed": 0, "tot_waypoints": 9}}
{"target": -4265.098554796067, "params": {"k_pid_pos": [1.9871258735656738, 0.02991408109664917, 0.00661158561706543], "k_pid_alt": [0.0, 0.0, 1.0], "k_pid_att": [0.4143327474594116, 10.0, 0.959090530872345], "k_pid_yaw": [0.5, 1e-06, 0.1], "k_pid_hsp": [9.999999747378752e-05, 0.9639068841934204, 1.0], "k_pid_vsp": [0.0, 380.0669860839844, 378.2218322753906]}, "datetime": {"datetime": "2025-08-22 00:15:16", "elapsed": 55832.87000751495, "delta": 21.326968669891357}, "costs": {"total_cost": 4265.098554796067, "time_cost": 150, "final_distance_cost": 805.5135011296816, "oscillation_cost": 1174.245153563434, "completition_cost": 1000.0, "overshoot_cost": 1039.3165293468282, "power_cost": 20.418021618652343, "noise_cost": 75.60534913747027, "n_waypoints_completed": 0, "tot_waypoints": 9}}
{"target": -1695.3655060086767, "params": {"k_pid_pos": [1.9980524778366089, 0.0, 0.038335174322128296], "k_pid_alt": [0.02262955904006958, 0.0, 0.942170262336731], "k_pid_att": [12.261518478393555, 10.0, 1.0], "k_pid_yaw": [0.5, 1e-06, 0.1], "k_pid_hsp": [0.675998866558075, 1.0, 0.9619070887565613], "k_pid_vsp": [0.0, 389.1608581542969, 389.92120361328125]}, "datetime": {"datetime": "2025-08-22 00:15:39", "elapsed": 55855.51333808899, "delta": 22.643330574035645}, "costs": {"total_cost": 1695.3655060086767, "time_cost": 150, "final_distance_cost": 3.256991892634576, "oscillation_cost": 321.8028128725275, "completition_cost": 1000.0, "overshoot_cost": 136.12847035811276, "power_cost": 20.105567346191407, "noise_cost": 64.0716635392104, "n_waypoints_completed": 0, "tot_waypoints": 9}}
{"target": -7160.078695315791, "params": {"k_pid_pos": [1.8497689962387085, 0.01907116174697876, 0.0], "k_pid_alt": [0.11385059356689453, 0.0, 0.9724445343017578], "k_pid_att": [0.0, 9.496288299560547, 1.0], "k_pid_yaw": [0.5, 1e-06, 0.1], "k_pid_hsp": [0.2972032129764557, 0.9402469396591187, 1.0], "k_pid_vsp": [0.0, 400.0, 400.0]}, "datetime": {"datetime": "2025-08-22 00:15:59", "elapsed": 55876.15425777435, "delta": 20.64091968536377}, "costs": {"total_cost": 7160.078695315791, "time_cost": 150, "final_distance_cost": 1894.111123597917, "oscillation_cost": 1742.896313086488, "completition_cost": 1000.0, "overshoot_cost": 2239.3668500900576, "power_cost": 33.41288698730469, "noise_cost": 100.29152155402443, "n_waypoints_completed": 0, "tot_waypoints": 9}}
{"target": -1972.0407654952044, "params": {"k_pid_pos": [2.0, 0.0, 0.08935809135437012], "k_pid_alt": [0.03324997425079346, 0.0, 0.9074416160583496], "k_pid_att": [5.678859233856201, 9.887828826904297, 1.0], "k_pid_yaw": [0.5, 1e-06, 0.1], "k_pid_hsp": [0.1751544028520584, 0.9448028206825256, 1.0], "k_pid_vsp": [0.0, 391.3058166503906, 390.1690979003906]}, "datetime": {"datetime": "2025-08-22 00:16:24", "elapsed": 55901.4169485569, "delta": 25.262690782546997}, "costs": {"total_cost": 1972.0407654952044, "time_cost": 150, "final_distance_cost": 278.86178619122336, "oscillation_cost": 218.8107242511332, "completition_cost": 1000.0, "overshoot_cost": 272.3643675996534, "power_cost": 15.830705151367189, "noise_cost": 36.17318230182724, "n_waypoints_completed": 0, "tot_waypoints": 9}}
{"target": -8826.811084272504, "params": {"k_pid_pos": [2.0, 0.048606306314468384, 0.0203077495098114], "k_pid_alt": [0.0, 0.06030777096748352, 1.0], "k_pid_att": [0.0, 9.264531135559082, 1.0], "k_pid_yaw": [0.5, 1e-06, 0.1], "k_pid_hsp": [9.999999747378752e-05, 1.0, 1.0], "k_pid_vsp": [11.091184616088867, 400.0, 400.0]}, "datetime": {"datetime": "2025-08-22 00:16:47", "elapsed": 55923.751655340195, "delta": 22.334706783294678}, "costs": {"total_cost": 8826.811084272504, "time_cost": 150, "final_distance_cost": 1837.3027901895566, "oscillation_cost": 1475.5922330441174, "completition_cost": 1000.0, "overshoot_cost": 4236.183399755666, "power_cost": 31.757207775878907, "noise_cost": 95.97545350728434, "n_waypoints_completed": 0, "tot_waypoints": 9}}
{"target": -2138.5379505451083, "params": {"k_pid_pos": [1.7375619411468506, 0.0, 0.0], "k_pid_alt": [0.0, 0.0, 0.9479643106460571], "k_pid_att": [2.0074069499969482, 8.798542022705078, 0.9816691279411316], "k_pid_yaw": [0.5, 1e-06, 0.1], "k_pid_hsp": [9.999999747378752e-05, 1.0, 1.0], "k_pid_vsp": [0.0, 398.8643798828125, 400.0]}, "datetime": {"datetime": "2025-08-22 00:17:09", "elapsed": 55946.28499507904, "delta": 22.533339738845825}, "costs": {"total_cost": 2138.5379505451083, "time_cost": 150, "final_distance_cost": 130.66097310771156, "oscillation_cost": 387.3611893148266, "completition_cost": 1000.0, "overshoot_cost": 389.5686290655271, "power_cost": 16.594969665527344, "noise_cost": 64.35218939151532, "n_waypoints_completed": 0, "tot_waypoints": 9}}
{"target": -1718.1698570133071, "params": {"k_pid_pos": [1.846604347229004, 0.0, 0.0], "k_pid_alt": [0.07321089506149292, 0.001032799482345581, 1.0], "k_pid_att": [2.91096568107605, 10.0, 0.9538971781730652], "k_pid_yaw": [0.5, 1e-06, 0.1], "k_pid_hsp": [0.5357270240783691, 1.0, 1.0], "k_pid_vsp": [0.0, 400.0, 394.9023132324219]}, "datetime": {"datetime": "2025-08-22 00:17:30", "elapsed": 55967.349727630615, "delta": 21.064732551574707}, "costs": {"total_cost": 1718.1698570133071, "time_cost": 150, "final_distance_cost": 17.85733707019173, "oscillation_cost": 342.52553858857385, "completition_cost": 1000.0, "overshoot_cost": 145.27741494781543, "power_cost": 20.498827612304687, "noise_cost": 42.010738794421464, "n_waypoints_completed": 0, "tot_waypoints": 9}}
{"target": -2017.9374588158921, "params": {"k_pid_pos": [1.9258524179458618, 0.0, 0.0], "k_pid_alt": [0.0, 0.03498572111129761, 0.9517383575439453], "k_pid_att": [11.5734281539917, 10.0, 1.0], "k_pid_yaw": [0.5, 1e-06, 0.1], "k_pid_hsp": [0.2423335313796997, 1.0, 1.0], "k_pid_vsp": [10.538005828857422, 400.0, 354.3999938964844]}, "datetime": {"datetime": "2025-08-22 00:17:54", "elapsed": 55990.96799015999, "delta": 23.61826252937317}, "costs": {"total_cost": 2017.9374588158921, "time_cost": 150, "final_distance_cost": 280.6688231138816, "oscillation_cost": 294.85609435742174, "completition_cost": 1000.0, "overshoot_cost": 236.20905852870263, "power_cost": 21.02847362060547, "noise_cost": 35.17500919528073, "n_waypoints_completed": 0, "tot_waypoints": 9}}
{"target": -1972.7296131938292, "params": {"k_pid_pos": [2.0, 0.056874632835388184, 0.0], "k_pid_alt": [0.126298725605011, 0.0, 0.9316629767417908], "k_pid_att": [2.170419692993164, 10.0, 1.0], "k_pid_yaw": [0.5, 1e-06, 0.1], "k_pid_hsp": [0.3683871328830719, 1.0, 0.9944312572479248], "k_pid_vsp": [15.236055374145508, 400.0, 394.195556640625]}, "datetime": {"datetime": "2025-08-22 00:18:15", "elapsed": 56012.43801808357, "delta": 21.470027923583984}, "costs": {"total_cost": 1972.7296131938292, "time_cost": 150, "final_distance_cost": 39.80431895372818, "oscillation_cost": 436.6103432935, "completition_cost": 1000.0, "overshoot_cost": 228.00259068997642, "power_cost": 29.39514000244141, "noise_cost": 88.91722025418345, "n_waypoints_completed": 0, "tot_waypoints": 9}}
{"target": -1971.0949622201263, "params": {"k_pid_pos": [2.0, 0.0033776462078094482, 0.0], "k_pid_alt": [0.10560464859008789, 0.0, 0.9726725220680237], "k_pid_att": [1.6883939504623413, 10.0, 1.0], "k_pid_yaw": [0.5, 1e-06, 0.1], "k_pid_hsp": [1.010677456855774, 1.0, 0.9679275751113892], "k_pid_vsp": [32.953773498535156, 399.1839904785156, 400.0]}, "datetime": {"datetime": "2025-08-22 00:18:40", "elapsed": 56036.61574339867, "delta": 24.177725315093994}, "costs": {"total_cost": 1971.0949622201263, "time_cost": 150, "final_distance_cost": 9.803834203430721, "oscillation_cost": 536.4779880601326, "completition_cost": 1000.0, "overshoot_cost": 149.93232363846303, "power_cost": 31.26114559326172, "noise_cost": 93.61967072483812, "n_waypoints_completed": 0, "tot_waypoints": 9}}
{"target": -5088.078457666176, "params": {"k_pid_pos": [2.0, 0.0, 0.0], "k_pid_alt": [0.0, 0.030577033758163452, 0.96351158618927], "k_pid_att": [0.0, 9.840038299560547, 0.9723156690597534], "k_pid_yaw": [0.5, 1e-06, 0.1], "k_pid_hsp": [9.999999747378752e-05, 1.0, 1.0], "k_pid_vsp": [0.0, 400.0, 400.0]}, "datetime": {"datetime": "2025-08-22 00:19:00", "elapsed": 56057.1753821373, "delta": 20.559638738632202}, "costs": {"total_cost": 5088.078457666176, "time_cost": 150, "final_distance_cost": 658.8857613703254, "oscillation_cost": 1881.5209204021191, "completition_cost": 1000.0, "overshoot_cost": 1264.568682885661, "power_cost": 33.517680432128905, "noise_cost": 99.58541257594159, "n_waypoints_completed": 0, "tot_waypoints": 9}}
{"target": -2782.7134741063364, "params": {"k_pid_pos": [2.0, 0.08065199851989746, 0.006732285022735596], "k_pid_alt": [0.1237606406211853, 0.0, 0.9909331798553467], "k_pid_att": [0.7689058780670166, 9.994678497314453, 1.0], "k_pid_yaw": [0.5, 1e-06, 0.1], "k_pid_hsp": [9.999999747378752e-05, 0.988990306854248, 0.9976614713668823], "k_pid_vsp": [31.303464889526367, 389.3424377441406, 344.3136901855469]}, "datetime": {"datetime": "2025-08-22 00:19:23", "elapsed": 56079.863795757294, "delta": 22.688413619995117}, "costs": {"total_cost": 2782.7134741063364, "time_cost": 150, "final_distance_cost": 200.43100649145995, "oscillation_cost": 921.6677696080542, "completition_cost": 1000.0, "overshoot_cost": 382.65865310456803, "power_cost": 32.135091345214846, "noise_cost": 95.82095355703942, "n_waypoints_completed": 0, "tot_waypoints": 9}}
{"target": -1792.0897217739707, "params": {"k_pid_pos": [1.916094422340393, 0.0034221112728118896, 0.01941472291946411], "k_pid_alt": [0.0328904390335083, 0.0, 1.0], "k_pid_att": [2.5635929107666016, 9.88110065460205, 1.0], "k_pid_yaw": [0.5, 1e-06, 0.1], "k_pid_hsp": [0.07582753896713257, 1.0, 0.9783850908279419], "k_pid_vsp": [22.7363224029541, 399.985107421875, 400.0]}, "datetime": {"datetime": "2025-08-22 00:19:43", "elapsed": 56100.151336193085, "delta": 20.287540435791016}, "costs": {"total_cost": 1792.0897217739707, "time_cost": 150, "final_distance_cost": 5.889682711346664, "oscillation_cost": 382.3187349137789, "completition_cost": 1000.0, "overshoot_cost": 136.9550637250639, "power_cost": 29.147228247070313, "noise_cost": 87.77901217671082, "n_waypoints_completed": 0, "tot_waypoints": 9}}
{"target": -9644.239051592134, "params": {"k_pid_pos": [2.0, 0.0, 0.0], "k_pid_alt": [0.10820925235748291, 0.0, 0.9744840860366821], "k_pid_att": [0.0, 10.0, 1.0], "k_pid_yaw": [0.5, 1e-06, 0.1], "k_pid_hsp": [9.999999747378752e-05, 0.960434079170227, 0.9791034460067749], "k_pid_vsp": [0.0, 390.0368347167969, 398.43035888671875]}, "datetime": {"datetime": "2025-08-22 00:20:05", "elapsed": 56122.386920928955, "delta": 22.23558473587036}, "costs": {"total_cost": 9644.239051592134, "time_cost": 150, "final_distance_cost": 1729.071658860849, "oscillation_cost": 1647.016380883422, "completition_cost": 1000.0, "overshoot_cost": 4982.792244327002, "power_cost": 34.07791236572266, "noise_cost": 101.2808551551392, "n_waypoints_completed": 0, "tot_waypoints": 9}}
{"target": -2928.2993723880504, "params": {"k_pid_pos": [2.0, 0.0617426335811615, 0.15293794870376587], "k_pid_alt": [0.13571429252624512, 0.00827673077583313, 0.94932621717453], "k_pid_att": [0.0, 9.22754192352295, 1.0], "k_pid_yaw": [0.5, 1e-06, 0.1], "k_pid_hsp": [9.999999747378752e-05, 0.888869047164917, 0.9805670976638794], "k_pid_vsp": [11.691832542419434, 397.92108154296875, 400.0]}, "datetime": {"datetime": "2025-08-22 00:20:26", "elapsed": 56142.77199482918, "delta": 20.38507390022278}, "costs": {"total_cost": 2928.2993723880504, "time_cost": 150, "final_distance_cost": 251.07377433453863, "oscillation_cost": 823.9764430977851, "completition_cost": 1000.0, "overshoot_cost": 573.4160185801836, "power_cost": 32.39653171386719, "noise_cost": 97.4366046616757, "n_waypoints_completed": 0, "tot_waypoints": 9}}
