{"target": -1930.919167498617, "params": {"k_pid_pos": [1.9822603464126587, 0.007591038942337036, 0.0], "k_pid_alt": [0.0, 0.0, 1.0], "k_pid_att": [10.855981826782227, 10.0, 0.9173584580421448], "k_pid_yaw": [0.5, 1e-06, 0.1], "k_pid_hsp": [9.999999747378752e-05, 0.982412576675415, 1.0], "k_pid_vsp": [0.0, 390.0802307128906, 383.5496826171875]}, "datetime": {"datetime": "2025-08-21 19:32:34", "elapsed": 38871.13815164566, "delta": 24.73129391670227}, "costs": {"total_cost": 1930.919167498617, "time_cost": 150, "final_distance_cost": 331.85201997887424, "oscillation_cost": 257.0573678003433, "completition_cost": 888.8888888888888, "overshoot_cost": 266.50226371849584, "power_cost": 20.143400463867188, "noise_cost": 16.475226648147704, "n_waypoints_completed": 1, "tot_waypoints": 9}}
{"target": -3976.1714134112026, "params": {"k_pid_pos": [1.9064372777938843, 0.05202952027320862, 0.0], "k_pid_alt": [0.0, 0.060373932123184204, 1.0], "k_pid_att": [0.0, 10.0, 1.0], "k_pid_yaw": [0.5, 1e-06, 0.1], "k_pid_hsp": [0.4469771683216095, 1.0, 0.9509080648422241], "k_pid_vsp": [4.2183756828308105, 400.0, 400.0]}, "datetime": {"datetime": "2025-08-21 19:32:57", "elapsed": 38894.08958673477, "delta": 22.951435089111328}, "costs": {"total_cost": 3976.1714134112026, "time_cost": 150, "final_distance_cost": 344.3442747765958, "oscillation_cost": 1437.8859193534329, "completition_cost": 1000.0, "overshoot_cost": 916.0204018701156, "power_cost": 31.666786743164064, "noise_cost": 96.25403066789436, "n_waypoints_completed": 0, "tot_waypoints": 9}}
{"target": -3675.5980854062063, "params": {"k_pid_pos": [1.8975313901901245, 0.07355791330337524, 0.0], "k_pid_alt": [0.004106760025024414, 0.0, 0.9975780248641968], "k_pid_att": [0.1973658800125122, 9.815895080566406, 0.9538165330886841], "k_pid_yaw": [0.5, 1e-06, 0.1], "k_pid_hsp": [0.2559607923030853, 1.0, 0.9388188123703003], "k_pid_vsp": [0.0, 400.0, 391.5072326660156]}, "datetime": {"datetime": "2025-08-21 19:33:22", "elapsed": 38919.03022122383, "delta": 24.94063448905945}, "costs": {"total_cost": 3675.5980854062063, "time_cost": 150, "final_distance_cost": 466.5547400202878, "oscillation_cost": 941.6562248917011, "completition_cost": 1000.0, "overshoot_cost": 988.6765103965575, "power_cost": 31.94906661376953, "noise_cost": 96.76154348389032, "n_waypoints_completed": 0, "tot_waypoints": 9}}
{"target": -2303.938550361315, "params": {"k_pid_pos": [2.0, 0.05165776610374451, 0.0], "k_pid_alt": [0.0, 0.0, 0.9442906379699707], "k_pid_att": [3.5786895751953125, 10.0, 1.0], "k_pid_yaw": [0.5, 1e-06, 0.1], "k_pid_hsp": [0.6455647945404053, 0.990700364112854, 0.9657807350158691], "k_pid_vsp": [11.075592041015625, 375.7866516113281, 390.03485107421875]}, "datetime": {"datetime": "2025-08-21 19:33:45", "elapsed": 38941.62370252609, "delta": 22.593481302261353}, "costs": {"total_cost": 2303.938550361315, "time_cost": 150, "final_distance_cost": 349.878275508408, "oscillation_cost": 246.23279851250808, "completition_cost": 1000.0, "overshoot_cost": 507.1332474652068, "power_cost": 21.672809838867188, "noise_cost": 29.021419036325014, "n_waypoints_completed": 0, "tot_waypoints": 9}}
{"target": -1751.797436879492, "params": {"k_pid_pos": [2.0, 0.02132520079612732, 0.0], "k_pid_alt": [0.0, 0.016129136085510254, 1.0], "k_pid_att": [3.0196070671081543, 9.76162052154541, 1.0], "k_pid_yaw": [0.5, 1e-06, 0.1], "k_pid_hsp": [9.999999747378752e-05, 1.0, 0.9425019025802612], "k_pid_vsp": [0.0, 390.0060119628906, 399.38446044921875]}, "datetime": {"datetime": "2025-08-21 19:34:08", "elapsed": 38965.13008713722, "delta": 23.50638461112976}, "costs": {"total_cost": 1751.797436879492, "time_cost": 150, "final_distance_cost": 4.192031278721131, "oscillation_cost": 349.1576593661144, "completition_cost": 1000.0, "overshoot_cost": 137.26647249843026, "power_cost": 27.523566027832032, "noise_cost": 83.65770770839438, "n_waypoints_completed": 0, "tot_waypoints": 9}}
{"target": -2070.9571617701044, "params": {"k_pid_pos": [2.0, 0.0, 0.0014647841453552246], "k_pid_alt": [0.0, 0.0, 0.9510923027992249], "k_pid_att": [1.0278522968292236, 8.9392671585083, 0.9629606008529663], "k_pid_yaw": [0.5, 1e-06, 0.1], "k_pid_hsp": [0.1482473462820053, 1.0, 0.9906039237976074], "k_pid_vsp": [7.461655139923096, 400.0, 400.0]}, "datetime": {"datetime": "2025-08-21 19:34:32", "elapsed": 38988.79921746254, "delta": 23.669130325317383}, "costs": {"total_cost": 2070.9571617701044, "time_cost": 150, "final_distance_cost": 35.594880205885495, "oscillation_cost": 620.7651455173718, "completition_cost": 1000.0, "overshoot_cost": 175.76532493099353, "power_cost": 18.344012438964846, "noise_cost": 70.48779867688846, "n_waypoints_completed": 0, "tot_waypoints": 9}}
{"target": -2366.728438677893, "params": {"k_pid_pos": [1.9638757705688477, 0.0, 0.0], "k_pid_alt": [0.0, 0.0, 0.9493194818496704], "k_pid_att": [0.17321109771728516, 10.0, 0.9862709641456604], "k_pid_yaw": [0.5, 1e-06, 0.1], "k_pid_hsp": [9.999999747378752e-05, 0.9511291980743408, 0.9980303049087524], "k_pid_vsp": [0.0, 400.0, 400.0]}, "datetime": {"datetime": "2025-08-21 19:34:54", "elapsed": 39011.4405002594, "delta": 22.64128279685974}, "costs": {"total_cost": 2366.728438677893, "time_cost": 150, "final_distance_cost": 185.83259367835862, "oscillation_cost": 557.4733967521846, "completition_cost": 1000.0, "overshoot_cost": 384.9942964605689, "power_cost": 18.738943261718752, "noise_cost": 69.68920852506211, "n_waypoints_completed": 0, "tot_waypoints": 9}}
{"target": -4019.389654092144, "params": {"k_pid_pos": [1.9239692687988281, 0.026024192571640015, 0.011128038167953491], "k_pid_alt": [0.09564995765686035, 0.0, 1.0], "k_pid_att": [0.0, 10.0, 0.9829174876213074], "k_pid_yaw": [0.5, 1e-06, 0.1], "k_pid_hsp": [0.016651447862386703, 1.0, 0.9501440525054932], "k_pid_vsp": [19.984054565429688, 400.0, 400.0]}, "datetime": {"datetime": "2025-08-21 19:35:19", "elapsed": 39035.74728894234, "delta": 24.306788682937622}, "costs": {"total_cost": 4019.389654092144, "time_cost": 150, "final_distance_cost": 422.1030224420213, "oscillation_cost": 1110.363949193194, "completition_cost": 1000.0, "overshoot_cost": 1210.9928479771168, "power_cost": 31.272384521484376, "noise_cost": 94.65744995832712, "n_waypoints_completed": 0, "tot_waypoints": 9}}
{"target": -2240.621124225687, "params": {"k_pid_pos": [1.993046522140503, 0.06727468967437744, 0.05377161502838135], "k_pid_alt": [0.09164822101593018, 0.0021133720874786377, 0.9849622249603271], "k_pid_att": [1.581054925918579, 9.511475563049316, 0.9413629770278931], "k_pid_yaw": [0.5, 1e-06, 0.1], "k_pid_hsp": [9.999999747378752e-05, 1.0, 1.0], "k_pid_vsp": [0.0, 400.0, 400.0]}, "datetime": {"datetime": "2025-08-21 19:35:41", "elapsed": 39058.446875333786, "delta": 22.699586391448975}, "costs": {"total_cost": 2240.621124225687, "time_cost": 150, "final_distance_cost": 99.48792992182264, "oscillation_cost": 523.6386044289148, "completition_cost": 1000.0, "overshoot_cost": 348.570381588627, "power_cost": 29.752147985839844, "noise_cost": 89.17206030048214, "n_waypoints_completed": 0, "tot_waypoints": 9}}
{"target": -3351.8030198881174, "params": {"k_pid_pos": [1.9847335815429688, 0.0, 0.04179656505584717], "k_pid_alt": [0.0, 0.0, 1.0], "k_pid_att": [0.0, 9.516740798950195, 0.9350010752677917], "k_pid_yaw": [0.5, 1e-06, 0.1], "k_pid_hsp": [9.999999747378752e-05, 1.0, 0.9844297170639038], "k_pid_vsp": [1.3974428176879883, 400.0, 400.0]}, "datetime": {"datetime": "2025-08-21 19:36:06", "elapsed": 39082.990147829056, "delta": 24.543272495269775}, "costs": {"total_cost": 3351.8030198881174, "time_cost": 150, "final_distance_cost": 366.3123304032167, "oscillation_cost": 931.8404457803795, "completition_cost": 1000.0, "overshoot_cost": 810.5786926368188, "power_cost": 19.164289965820313, "noise_cost": 73.90726110188237, "n_waypoints_completed": 0, "tot_waypoints": 9}}
{"target": -3111.9509910242664, "params": {"k_pid_pos": [1.8493438959121704, 0.0, 0.018988311290740967], "k_pid_alt": [0.0, 0.005233705043792725, 1.0], "k_pid_att": [0.0, 9.973175048828125, 1.0], "k_pid_yaw": [0.5, 1e-06, 0.1], "k_pid_hsp": [0.47665879130363464, 0.9851808547973633, 1.0], "k_pid_vsp": [3.871893882751465, 400.0, 400.0]}, "datetime": {"datetime": "2025-08-21 19:36:31", "elapsed": 39107.881855010986, "delta": 24.891707181930542}, "costs": {"total_cost": 3111.9509910242664, "time_cost": 150, "final_distance_cost": 215.81725827690835, "oscillation_cost": 1334.1880921931563, "completition_cost": 1000.0, "overshoot_cost": 288.4513822625003, "power_cost": 30.30622550048828, "noise_cost": 93.18803279121306, "n_waypoints_completed": 0, "tot_waypoints": 9}}
{"target": -1738.3159511108267, "params": {"k_pid_pos": [1.8604923486709595, 0.0, 0.0], "k_pid_alt": [0.0, 0.0, 0.9718183279037476], "k_pid_att": [3.651097297668457, 10.0, 0.9708345532417297], "k_pid_yaw": [0.5, 1e-06, 0.1], "k_pid_hsp": [9.999999747378752e-05, 1.0, 1.0], "k_pid_vsp": [0.0, 384.2327575683594, 382.1118469238281]}, "datetime": {"datetime": "2025-08-21 19:36:55", "elapsed": 39131.53340744972, "delta": 23.651552438735962}, "costs": {"total_cost": 1738.3159511108267, "time_cost": 150, "final_distance_cost": 12.46423928615922, "oscillation_cost": 309.754838781775, "completition_cost": 1000.0, "overshoot_cost": 180.95883952167074, "power_cost": 20.297379162597657, "noise_cost": 64.84065435862391, "n_waypoints_completed": 0, "tot_waypoints": 9}}
{"target": -13093.271731925954, "params": {"k_pid_pos": [1.867869257926941, 0.018481403589248657, 0.0], "k_pid_alt": [0.0, 0.0, 0.9713440537452698], "k_pid_att": [0.0, 10.0, 0.9583852887153625], "k_pid_yaw": [0.5, 1e-06, 0.1], "k_pid_hsp": [9.999999747378752e-05, 0.9661216735839844, 1.0], "k_pid_vsp": [0.0, 400.0, 400.0]}, "datetime": {"datetime": "2025-08-21 19:37:18", "elapsed": 39155.03709721565, "delta": 23.503689765930176}, "costs": {"total_cost": 13093.271731925954, "time_cost": 150, "final_distance_cost": 4225.956038957902, "oscillation_cost": 1862.5881691076384, "completition_cost": 1000.0, "overshoot_cost": 5735.224927061596, "power_cost": 27.804677709960938, "noise_cost": 91.69791908885847, "n_waypoints_completed": 0, "tot_waypoints": 9}}
{"target": -10815.237025189266, "params": {"k_pid_pos": [1.9136407375335693, 0.0, 0.0], "k_pid_alt": [0.0014156699180603027, 0.031461119651794434, 0.9545271396636963], "k_pid_att": [0.0, 10.0, 0.9265795946121216], "k_pid_yaw": [0.5, 1e-06, 0.1], "k_pid_hsp": [0.8641510009765625, 1.0, 1.0], "k_pid_vsp": [0.0, 385.9815979003906, 382.37225341796875]}, "datetime": {"datetime": "2025-08-21 19:37:43", "elapsed": 39179.68858170509, "delta": 24.651484489440918}, "costs": {"total_cost": 10815.237025189266, "time_cost": 150, "final_distance_cost": 3543.546225513867, "oscillation_cost": 2070.1711900358077, "completition_cost": 1000.0, "overshoot_cost": 3916.008721624083, "power_cost": 33.97560639648437, "noise_cost": 101.53528161902452, "n_waypoints_completed": 0, "tot_waypoints": 9}}
{"target": -6270.4570532181915, "params": {"k_pid_pos": [2.0, 6.374716758728027e-05, 0.0], "k_pid_alt": [0.16338300704956055, 0.09387350082397461, 0.9970070123672485], "k_pid_att": [0.0, 9.701773643493652, 0.9668086171150208], "k_pid_yaw": [0.5, 1e-06, 0.1], "k_pid_hsp": [0.3300429582595825, 0.9705482721328735, 1.0], "k_pid_vsp": [0.0, 366.59185791015625, 400.0]}, "datetime": {"datetime": "2025-08-21 19:38:07", "elapsed": 39203.60601377487, "delta": 23.917432069778442}, "costs": {"total_cost": 6270.4570532181915, "time_cost": 150, "final_distance_cost": 955.5091370990344, "oscillation_cost": 1573.539962376996, "completition_cost": 1000.0, "overshoot_cost": 2454.202104662949, "power_cost": 34.55680428466797, "noise_cost": 102.64904479454452, "n_waypoints_completed": 0, "tot_waypoints": 9}}
{"target": -2326.8354278902953, "params": {"k_pid_pos": [2.0, 0.0, 0.0], "k_pid_alt": [0.07968688011169434, 0.00784236192703247, 0.9975781440734863], "k_pid_att": [1.7447054386138916, 9.369937896728516, 0.9602780342102051], "k_pid_yaw": [0.5, 1e-06, 0.1], "k_pid_hsp": [9.999999747378752e-05, 0.9911552667617798, 0.9076388478279114], "k_pid_vsp": [11.229265213012695, 400.0, 400.0]}, "datetime": {"datetime": "2025-08-21 19:38:30", "elapsed": 39227.32253074646, "delta": 23.716516971588135}, "costs": {"total_cost": 2326.8354278902953, "time_cost": 150, "final_distance_cost": 153.58478299332353, "oscillation_cost": 465.2221761643141, "completition_cost": 1000.0, "overshoot_cost": 445.51932146629724, "power_cost": 28.44047761230469, "noise_cost": 84.06866965405545, "n_waypoints_completed": 0, "tot_waypoints": 9}}
{"target": -8893.562939094529, "params": {"k_pid_pos": [1.8936375379562378, 0.07307645678520203, 0.0723346471786499], "k_pid_alt": [0.0, 0.0, 0.9705545902252197], "k_pid_att": [0.0, 9.533363342285156, 0.9923836588859558], "k_pid_yaw": [0.5, 1e-06, 0.1], "k_pid_hsp": [9.999999747378752e-05, 1.0, 0.9713945984840393], "k_pid_vsp": [0.0, 400.0, 400.0]}, "datetime": {"datetime": "2025-08-21 19:38:55", "elapsed": 39252.201055288315, "delta": 24.87852454185486}, "costs": {"total_cost": 8893.562939094529, "time_cost": 150, "final_distance_cost": 2576.6204344602793, "oscillation_cost": 614.7209390837796, "completition_cost": 1000.0, "overshoot_cost": 4474.927125904359, "power_cost": 14.383347473144532, "noise_cost": 62.91109217296585, "n_waypoints_completed": 0, "tot_waypoints": 9}}
{"target": -1745.9264536219848, "params": {"k_pid_pos": [1.9343843460083008, 0.039413124322891235, 0.013893932104110718], "k_pid_alt": [0.0, 0.0, 0.9600223302841187], "k_pid_att": [3.642207384109497, 10.0, 0.9628564715385437], "k_pid_yaw": [0.5, 1e-06, 0.1], "k_pid_hsp": [9.999999747378752e-05, 0.9496586322784424, 0.9815861582756042], "k_pid_vsp": [11.321401596069336, 380.0431823730469, 392.8294677734375]}, "datetime": {"datetime": "2025-08-21 19:39:19", "elapsed": 39275.48538374901, "delta": 23.28432846069336}, "costs": {"total_cost": 1745.9264536219848, "time_cost": 150, "final_distance_cost": 17.160087127935608, "oscillation_cost": 309.48561111125406, "completition_cost": 1000.0, "overshoot_cost": 186.95813650170277, "power_cost": 20.806543798828127, "noise_cost": 61.516075082264365, "n_waypoints_completed": 0, "tot_waypoints": 9}}
{"target": -1951.017624965372, "params": {"k_pid_pos": [1.8081108331680298, 0.0, 0.0], "k_pid_alt": [0.0, 0.05273309350013733, 0.9274017810821533], "k_pid_att": [1.8484055995941162, 9.789183616638184, 1.0], "k_pid_yaw": [0.5, 1e-06, 0.1], "k_pid_hsp": [0.9989002346992493, 0.9406318664550781, 0.9955659508705139], "k_pid_vsp": [23.01242446899414, 400.0, 400.0]}, "datetime": {"datetime": "2025-08-21 19:39:43", "elapsed": 39299.61071705818, "delta": 24.125333309173584}, "costs": {"total_cost": 1951.017624965372, "time_cost": 150, "final_distance_cost": 18.09897904482354, "oscillation_cost": 492.56759875752715, "completition_cost": 1000.0, "overshoot_cost": 167.18222445097493, "power_cost": 30.779181640625, "noise_cost": 92.38964107142145, "n_waypoints_completed": 0, "tot_waypoints": 9}}
{"target": -6910.35730311874, "params": {"k_pid_pos": [2.0, 0.009590685367584229, 0.0], "k_pid_alt": [0.07463198900222778, 0.02124723792076111, 1.0], "k_pid_att": [0.0, 10.0, 1.0], "k_pid_yaw": [0.5, 1e-06, 0.1], "k_pid_hsp": [0.018411854282021523, 0.9865810871124268, 0.9985678791999817], "k_pid_vsp": [0.0, 390.57958984375, 388.95452880859375]}, "datetime": {"datetime": "2025-08-21 19:40:07", "elapsed": 39324.313896894455, "delta": 24.703179836273193}, "costs": {"total_cost": 6910.35730311874, "time_cost": 150, "final_distance_cost": 837.7900786296519, "oscillation_cost": 2136.2933873784646, "completition_cost": 1000.0, "overshoot_cost": 2650.1143577875255, "power_cost": 34.356964941406254, "noise_cost": 101.80251438169155, "n_waypoints_completed": 0, "tot_waypoints": 9}}
{"target": -10294.343589817636, "params": {"k_pid_pos": [1.8872982263565063, 0.015755504369735718, 0.027038156986236572], "k_pid_alt": [0.0, 0.0, 1.0], "k_pid_att": [0.0, 9.715648651123047, 0.9560821056365967], "k_pid_yaw": [0.5, 1e-06, 0.1], "k_pid_hsp": [0.9143772125244141, 1.0, 0.9994487762451172], "k_pid_vsp": [0.0, 373.2861633300781, 387.1627197265625]}, "datetime": {"datetime": "2025-08-21 19:40:30", "elapsed": 39347.04713463783, "delta": 22.733237743377686}, "costs": {"total_cost": 10294.343589817636, "time_cost": 150, "final_distance_cost": 2965.3227025282713, "oscillation_cost": 2071.168696878791, "completition_cost": 1000.0, "overshoot_cost": 3987.504775363794, "power_cost": 27.687519311523438, "noise_cost": 92.65989573525542, "n_waypoints_completed": 0, "tot_waypoints": 9}}
{"target": -18473.300382751957, "params": {"k_pid_pos": [1.914074420928955, 0.023248255252838135, 0.0], "k_pid_alt": [0.0929112434387207, 0.06709250807762146, 1.0], "k_pid_att": [0.0, 10.0, 1.0], "k_pid_yaw": [0.5, 1e-06, 0.1], "k_pid_hsp": [9.999999747378752e-05, 1.0, 1.0], "k_pid_vsp": [0.0, 400.0, 400.0]}, "datetime": {"datetime": "2025-08-21 19:40:56", "elapsed": 39372.6056394577, "delta": 25.558504819869995}, "costs": {"total_cost": 18473.300382751957, "time_cost": 150, "final_distance_cost": 5150.984895627802, "oscillation_cost": 2007.8560382161704, "completition_cost": 1000.0, "overshoot_cost": 10028.831522763585, "power_cost": 34.035325695800786, "noise_cost": 101.59260044859937, "n_waypoints_completed": 0, "tot_waypoints": 9}}
{"target": -2974.369730181724, "params": {"k_pid_pos": [1.9013726711273193, 0.0, 0.0], "k_pid_alt": [0.0, 0.014686346054077148, 0.9398744106292725], "k_pid_att": [8.947118759155273, 9.717175483703613, 0.9941970109939575], "k_pid_yaw": [0.5, 1e-06, 0.1], "k_pid_hsp": [9.999999747378752e-05, 1.0, 0.9844528436660767], "k_pid_vsp": [0.0, 382.5814208984375, 400.0]}, "datetime": {"datetime": "2025-08-21 19:41:19", "elapsed": 39395.61367273331, "delta": 23.008033275604248}, "costs": {"total_cost": 2974.369730181724, "time_cost": 150, "final_distance_cost": 337.32076892498264, "oscillation_cost": 245.7670745487608, "completition_cost": 1000.0, "overshoot_cost": 1196.5639122968782, "power_cost": 25.33715604248047, "noise_cost": 19.380818368622567, "n_waypoints_completed": 0, "tot_waypoints": 9}}
{"target": -1739.8400126972915, "params": {"k_pid_pos": [2.0, 0.0, 0.019933730363845825], "k_pid_alt": [0.06761783361434937, 0.0, 0.9442604184150696], "k_pid_att": [3.3656744956970215, 10.0, 1.0], "k_pid_yaw": [0.5, 1e-06, 0.1], "k_pid_hsp": [9.999999747378752e-05, 1.0, 0.9482204914093018], "k_pid_vsp": [0.0, 391.59466552734375, 384.5577697753906]}, "datetime": {"datetime": "2025-08-21 19:41:44", "elapsed": 39420.47460889816, "delta": 24.860936164855957}, "costs": {"total_cost": 1739.8400126972915, "time_cost": 150, "final_distance_cost": 5.974021734267548, "oscillation_cost": 337.76950783531237, "completition_cost": 1000.0, "overshoot_cost": 136.34592983945006, "power_cost": 27.616132690429687, "noise_cost": 82.13442059783185, "n_waypoints_completed": 0, "tot_waypoints": 9}}
{"target": -1678.1306649544938, "params": {"k_pid_pos": [1.9153361320495605, 0.07721233367919922, 0.0], "k_pid_alt": [0.0, 0.00423547625541687, 0.9658147692680359], "k_pid_att": [6.599074363708496, 9.364025115966797, 0.9472181797027588], "k_pid_yaw": [0.5, 1e-06, 0.1], "k_pid_hsp": [9.999999747378752e-05, 0.9935089349746704, 0.957981288433075], "k_pid_vsp": [3.104734420776367, 373.6092529296875, 400.0]}, "datetime": {"datetime": "2025-08-21 19:42:06", "elapsed": 39443.370718717575, "delta": 22.89610981941223}, "costs": {"total_cost": 1678.1306649544938, "time_cost": 150, "final_distance_cost": 13.034742739157219, "oscillation_cost": 291.0195672725882, "completition_cost": 1000.0, "overshoot_cost": 146.41570429417345, "power_cost": 19.055274743652344, "noise_cost": 58.605375904922575, "n_waypoints_completed": 0, "tot_waypoints": 9}}
{"target": -3795.6193285684353, "params": {"k_pid_pos": [1.8732954263687134, 0.12283188104629517, 0.0], "k_pid_alt": [0.03717184066772461, 0.0, 0.9722722768783569], "k_pid_att": [7.311367988586426, 10.0, 0.9912399053573608], "k_pid_yaw": [0.5, 1e-06, 0.1], "k_pid_hsp": [0.4153193533420563, 0.9638775587081909, 1.0], "k_pid_vsp": [0.0, 377.6562194824219, 383.3261413574219]}, "datetime": {"datetime": "2025-08-21 19:42:31", "elapsed": 39467.99143719673, "delta": 24.620718479156494}, "costs": {"total_cost": 3795.6193285684353, "time_cost": 150, "final_distance_cost": 974.6676028490772, "oscillation_cost": 270.0645344084076, "completition_cost": 1000.0, "overshoot_cost": 1366.670728270371, "power_cost": 18.499436572265626, "noise_cost": 15.71702646831417, "n_waypoints_completed": 0, "tot_waypoints": 9}}
{"target": -2688.825029182137, "params": {"k_pid_pos": [1.9277927875518799, 0.0, 0.006503015756607056], "k_pid_alt": [0.0, 0.0, 1.0], "k_pid_att": [0.8170753717422485, 9.817413330078125, 0.9960235953330994], "k_pid_yaw": [0.5, 1e-06, 0.1], "k_pid_hsp": [0.2544519305229187, 1.0, 1.0], "k_pid_vsp": [0.0, 400.0, 373.5382080078125]}, "datetime": {"datetime": "2025-08-21 19:42:56", "elapsed": 39492.52277088165, "delta": 24.531333684921265}, "costs": {"total_cost": 2688.825029182137, "time_cost": 150, "final_distance_cost": 240.67732328600962, "oscillation_cost": 856.4318321074386, "completition_cost": 1000.0, "overshoot_cost": 340.57146881960784, "power_cost": 21.935215307617188, "noise_cost": 79.20918966146405, "n_waypoints_completed": 0, "tot_waypoints": 9}}
