{"target": -2123.5189539421685, "params": {"k_pid_pos": [2.0, 0.019398987293243408, 0.006331682205200195], "k_pid_alt": [0.30383825302124023, 0.0, 1.0], "k_pid_att": [1.2175559997558594, 10.0, 0.9840365648269653], "k_pid_yaw": [0.5, 1e-06, 0.1], "k_pid_hsp": [0.8479926586151123, 0.9774086475372314, 0.9632772207260132], "k_pid_vsp": [0.0, 400.0, 392.2867736816406]}, "datetime": {"datetime": "2025-08-21 10:41:47", "elapsed": 7023.972929477692, "delta": 28.771929502487183}, "costs": {"total_cost": 2123.5189539421685, "time_cost": 150, "final_distance_cost": 29.632233951919066, "oscillation_cost": 660.3609959450683, "completition_cost": 1000.0, "overshoot_cost": 157.66877015147787, "power_cost": 31.637622265625, "noise_cost": 94.21933162807835, "n_waypoints_completed": 0, "tot_waypoints": 9}}
{"target": -2959.5783947198943, "params": {"k_pid_pos": [2.0, 0.0, 0.0], "k_pid_alt": [0.020662665367126465, 0.0, 0.9379394054412842], "k_pid_att": [0.0, 9.835522651672363, 0.9732068777084351], "k_pid_yaw": [0.5, 1e-06, 0.1], "k_pid_hsp": [9.999999747378752e-05, 0.9411569237709045, 0.9496614933013916], "k_pid_vsp": [4.982936382293701, 400.0, 400.0]}, "datetime": {"datetime": "2025-08-21 10:42:11", "elapsed": 7048.236889839172, "delta": 24.263960361480713}, "costs": {"total_cost": 2959.5783947198943, "time_cost": 150, "final_distance_cost": 107.77610278958406, "oscillation_cost": 1147.7786921807033, "completition_cost": 1000.0, "overshoot_cost": 429.79301375638585, "power_cost": 30.589824829101563, "noise_cost": 93.64076116411957, "n_waypoints_completed": 0, "tot_waypoints": 9}}
{"target": -7652.058668494442, "params": {"k_pid_pos": [2.0, 0.0, 0.06346112489700317], "k_pid_alt": [0.0, 0.0013470053672790527, 0.9810641407966614], "k_pid_att": [0.0, 10.0, 0.9896780848503113], "k_pid_yaw": [0.5, 1e-06, 0.1], "k_pid_hsp": [9.999999747378752e-05, 1.0, 0.9531439542770386], "k_pid_vsp": [0.0, 400.0, 398.359619140625]}, "datetime": {"datetime": "2025-08-21 10:42:43", "elapsed": 7079.521900892258, "delta": 31.285011053085327}, "costs": {"total_cost": 7652.058668494442, "time_cost": 150, "final_distance_cost": 1607.730258590433, "oscillation_cost": 2040.0426644544114, "completition_cost": 1000.0, "overshoot_cost": 2725.7605014519454, "power_cost": 31.630252441406252, "noise_cost": 96.8949915562469, "n_waypoints_completed": 0, "tot_waypoints": 9}}
{"target": -2179.3228992130944, "params": {"k_pid_pos": [2.0, 0.0075823962688446045, 0.01668095588684082], "k_pid_alt": [0.04673105478286743, 0.042543232440948486, 1.0], "k_pid_att": [1.4226824045181274, 9.84565258026123, 0.9730035662651062], "k_pid_yaw": [0.5, 1e-06, 0.1], "k_pid_hsp": [0.4684891700744629, 0.9935113191604614, 1.0], "k_pid_vsp": [19.82637596130371, 395.9200439453125, 387.78533935546875]}, "datetime": {"datetime": "2025-08-21 10:43:09", "elapsed": 7105.622534036636, "delta": 26.100633144378662}, "costs": {"total_cost": 2179.3228992130944, "time_cost": 150, "final_distance_cost": 48.06211289318917, "oscillation_cost": 616.0004293711843, "completition_cost": 1000.0, "overshoot_cost": 240.85850065416554, "power_cost": 31.096824414062503, "noise_cost": 93.30503188049255, "n_waypoints_completed": 0, "tot_waypoints": 9}}
{"target": -10159.478788890074, "params": {"k_pid_pos": [2.0, 0.016809076070785522, 0.06739804148674011], "k_pid_alt": [0.0, 0.0, 1.0], "k_pid_att": [0.0, 10.0, 0.8752111196517944], "k_pid_yaw": [0.5, 1e-06, 0.1], "k_pid_hsp": [9.999999747378752e-05, 0.9754288196563721, 0.9635751247406006], "k_pid_vsp": [13.99238109588623, 393.7635803222656, 400.0]}, "datetime": {"datetime": "2025-08-21 10:43:37", "elapsed": 7134.286747455597, "delta": 28.66421341896057}, "costs": {"total_cost": 10159.478788890074, "time_cost": 150, "final_distance_cost": 3260.7696946370475, "oscillation_cost": 1474.8551519220753, "completition_cost": 1000.0, "overshoot_cost": 4172.737339616776, "power_cost": 22.100809301757813, "noise_cost": 79.01579341241792, "n_waypoints_completed": 0, "tot_waypoints": 9}}
{"target": -3212.726805395716, "params": {"k_pid_pos": [2.0, 0.0, 0.0], "k_pid_alt": [0.015806198120117188, 0.02712613344192505, 0.9845776557922363], "k_pid_att": [0.0, 9.335334777832031, 0.9966634511947632], "k_pid_yaw": [0.5, 1e-06, 0.1], "k_pid_hsp": [9.999999747378752e-05, 1.0, 0.9680149555206299], "k_pid_vsp": [0.0, 400.0, 396.2832336425781]}, "datetime": {"datetime": "2025-08-21 10:44:04", "elapsed": 7161.108905315399, "delta": 26.822157859802246}, "costs": {"total_cost": 3212.726805395716, "time_cost": 150, "final_distance_cost": 184.80070426126971, "oscillation_cost": 1326.1514296037114, "completition_cost": 1000.0, "overshoot_cost": 430.1947097349202, "power_cost": 29.756809191894533, "noise_cost": 91.82315260391967, "n_waypoints_completed": 0, "tot_waypoints": 9}}
{"target": -1701.5352826823603, "params": {"k_pid_pos": [2.0, 0.0, 0.0], "k_pid_alt": [0.0, 0.02254238724708557, 1.0], "k_pid_att": [4.817733287811279, 10.0, 1.0], "k_pid_yaw": [0.5, 1e-06, 0.1], "k_pid_hsp": [9.999999747378752e-05, 1.0, 1.0], "k_pid_vsp": [1.9612550735473633, 400.0, 392.8299255371094]}, "datetime": {"datetime": "2025-08-21 10:44:31", "elapsed": 7188.15944981575, "delta": 27.050544500350952}, "costs": {"total_cost": 1701.5352826823603, "time_cost": 150, "final_distance_cost": 12.549891521239608, "oscillation_cost": 309.54463847226305, "completition_cost": 1000.0, "overshoot_cost": 140.46178472408158, "power_cost": 21.317281103515626, "noise_cost": 67.66168686126042, "n_waypoints_completed": 0, "tot_waypoints": 9}}
{"target": -12706.649779161058, "params": {"k_pid_pos": [2.0, 0.011662423610687256, 0.0015229880809783936], "k_pid_alt": [0.03551226854324341, 0.0, 1.0], "k_pid_att": [0.0, 10.0, 0.9673579335212708], "k_pid_yaw": [0.5, 1e-06, 0.1], "k_pid_hsp": [9.999999747378752e-05, 0.9886667728424072, 1.0], "k_pid_vsp": [7.428276538848877, 383.0166320800781, 400.0]}, "datetime": {"datetime": "2025-08-21 10:45:02", "elapsed": 7218.669947385788, "delta": 30.510497570037842}, "costs": {"total_cost": 12706.649779161058, "time_cost": 150, "final_distance_cost": 3959.3652226558675, "oscillation_cost": 678.4980046661967, "completition_cost": 1000.0, "overshoot_cost": 6779.9277327548725, "power_cost": 35.41345085449219, "noise_cost": 103.44536822962851, "n_waypoints_completed": 0, "tot_waypoints": 9}}
{"target": -10108.019430262526, "params": {"k_pid_pos": [1.9482141733169556, 0.0, 0.0], "k_pid_alt": [0.07381880283355713, 0.037693172693252563, 1.0], "k_pid_att": [0.0, 10.0, 1.0], "k_pid_yaw": [0.5, 1e-06, 0.1], "k_pid_hsp": [9.999999747378752e-05, 0.973377525806427, 1.0], "k_pid_vsp": [0.0, 400.0, 400.0]}, "datetime": {"datetime": "2025-08-21 10:45:30", "elapsed": 7246.7433886528015, "delta": 28.07344126701355}, "costs": {"total_cost": 10108.019430262526, "time_cost": 150, "final_distance_cost": 2935.4722463201765, "oscillation_cost": 1714.4816475246746, "completition_cost": 1000.0, "overshoot_cost": 4173.866451561857, "power_cost": 33.613925500488286, "noise_cost": 100.58515935532958, "n_waypoints_completed": 0, "tot_waypoints": 9}}
{"target": -25459.725882807877, "params": {"k_pid_pos": [1.9615659713745117, 0.0, 0.06917577981948853], "k_pid_alt": [0.0, 0.029195845127105713, 1.0], "k_pid_att": [0.0, 9.872207641601562, 1.0], "k_pid_yaw": [0.5, 1e-06, 0.1], "k_pid_hsp": [0.3517233431339264, 1.0, 1.0], "k_pid_vsp": [0.0, 382.679931640625, 400.0]}, "datetime": {"datetime": "2025-08-21 10:45:57", "elapsed": 7273.497760295868, "delta": 26.754371643066406}, "costs": {"total_cost": 25459.725882807877, "time_cost": 150, "final_distance_cost": 7734.067164481028, "oscillation_cost": 2197.5634646107037, "completition_cost": 1000.0, "overshoot_cost": 14240.609532977462, "power_cost": 34.524753173828124, "noise_cost": 102.96096756485636, "n_waypoints_completed": 0, "tot_waypoints": 9}}
{"target": -4223.4693768703155, "params": {"k_pid_pos": [1.9627268314361572, 0.0383228063583374, 0.0019077658653259277], "k_pid_alt": [0.0, 0.0, 0.9744797945022583], "k_pid_att": [0.0, 9.081188201904297, 1.0], "k_pid_yaw": [0.5, 1e-06, 0.1], "k_pid_hsp": [9.999999747378752e-05, 1.0, 1.0], "k_pid_vsp": [6.669306755065918, 368.90728759765625, 375.0372009277344]}, "datetime": {"datetime": "2025-08-21 10:46:22", "elapsed": 7298.8491978645325, "delta": 25.35143756866455}, "costs": {"total_cost": 4223.4693768703155, "time_cost": 150, "final_distance_cost": 597.9716865466444, "oscillation_cost": 1034.9234213925924, "completition_cost": 1000.0, "overshoot_cost": 1344.933371340338, "power_cost": 19.962347082519532, "noise_cost": 75.6785505082208, "n_waypoints_completed": 0, "tot_waypoints": 9}}
{"target": -2062.486819704827, "params": {"k_pid_pos": [1.8637264966964722, 0.024279028177261353, 0.0], "k_pid_alt": [0.09215396642684937, 0.034094393253326416, 1.0], "k_pid_att": [1.488015055656433, 9.808083534240723, 0.9434845447540283], "k_pid_yaw": [0.5, 1e-06, 0.1], "k_pid_hsp": [0.020576970651745796, 0.9902083873748779, 0.9947105646133423], "k_pid_vsp": [23.255325317382812, 400.0, 398.0283508300781]}, "datetime": {"datetime": "2025-08-21 10:46:45", "elapsed": 7322.092237472534, "delta": 23.24303960800171}, "costs": {"total_cost": 2062.486819704827, "time_cost": 150, "final_distance_cost": 19.408320386926626, "oscillation_cost": 590.3126841843297, "completition_cost": 1000.0, "overshoot_cost": 178.0277390988031, "power_cost": 31.336199365234375, "noise_cost": 93.40187666953337, "n_waypoints_completed": 0, "tot_waypoints": 9}}
{"target": -17350.27029214372, "params": {"k_pid_pos": [2.0, 0.02478906512260437, 0.0], "k_pid_alt": [0.025662362575531006, 0.0, 1.0], "k_pid_att": [0.0, 9.51949405670166, 0.9306447505950928], "k_pid_yaw": [0.5, 1e-06, 0.1], "k_pid_hsp": [0.46815747022628784, 0.9745951890945435, 0.985688328742981], "k_pid_vsp": [1.4563918113708496, 400.0, 386.2848815917969]}, "datetime": {"datetime": "2025-08-21 10:47:08", "elapsed": 7345.051255464554, "delta": 22.959017992019653}, "costs": {"total_cost": 17350.27029214372, "time_cost": 150, "final_distance_cost": 4747.976714766223, "oscillation_cost": 2176.235394550688, "completition_cost": 1000.0, "overshoot_cost": 9145.112168318154, "power_cost": 32.37997430419922, "noise_cost": 98.56604020445246, "n_waypoints_completed": 0, "tot_waypoints": 9}}
{"target": -13120.199950200269, "params": {"k_pid_pos": [2.0, 0.08728164434432983, 0.0], "k_pid_alt": [0.0, 0.0, 0.9641774892807007], "k_pid_att": [0.0, 9.858073234558105, 1.0], "k_pid_yaw": [0.5, 1e-06, 0.1], "k_pid_hsp": [0.3526209890842438, 0.9694189429283142, 0.9692099690437317], "k_pid_vsp": [0.0, 400.0, 393.15289306640625]}, "datetime": {"datetime": "2025-08-21 10:47:31", "elapsed": 7367.868634700775, "delta": 22.817379236221313}, "costs": {"total_cost": 13120.199950200269, "time_cost": 150, "final_distance_cost": 4137.698992514624, "oscillation_cost": 1769.2269878145803, "completition_cost": 1000.0, "overshoot_cost": 5941.8889205236055, "power_cost": 28.662257165527347, "noise_cost": 92.72279218193276, "n_waypoints_completed": 0, "tot_waypoints": 9}}
{"target": -6547.702872682527, "params": {"k_pid_pos": [1.8711683750152588, 0.0, 0.09392416477203369], "k_pid_alt": [0.08104503154754639, 0.05725201964378357, 1.0], "k_pid_att": [0.0, 9.593986511230469, 1.0], "k_pid_yaw": [0.5, 1e-06, 0.1], "k_pid_hsp": [9.999999747378752e-05, 0.9553744792938232, 1.0], "k_pid_vsp": [31.096839904785156, 388.4862060546875, 386.18212890625]}, "datetime": {"datetime": "2025-08-21 10:47:53", "elapsed": 7390.453484773636, "delta": 22.584850072860718}, "costs": {"total_cost": 6547.702872682527, "time_cost": 150, "final_distance_cost": 1428.9185069136206, "oscillation_cost": 1718.8707358658578, "completition_cost": 1000.0, "overshoot_cost": 2116.001664324707, "power_cost": 33.46531932373047, "noise_cost": 100.44664625461124, "n_waypoints_completed": 0, "tot_waypoints": 9}}
{"target": -2176.405875399693, "params": {"k_pid_pos": [1.9231510162353516, 0.05551382899284363, 0.012020796537399292], "k_pid_alt": [0.0011229515075683594, 0.0, 1.0], "k_pid_att": [1.4260590076446533, 10.0, 1.0], "k_pid_yaw": [0.5, 1e-06, 0.1], "k_pid_hsp": [0.17997875809669495, 1.0, 0.9854480028152466], "k_pid_vsp": [12.37499713897705, 400.0, 400.0]}, "datetime": {"datetime": "2025-08-21 10:48:17", "elapsed": 7413.92094373703, "delta": 23.467458963394165}, "costs": {"total_cost": 2176.405875399693, "time_cost": 150, "final_distance_cost": 55.26244587494879, "oscillation_cost": 629.0102243717639, "completition_cost": 1000.0, "overshoot_cost": 218.5581215717276, "power_cost": 30.93704031982422, "noise_cost": 92.63804326142858, "n_waypoints_completed": 0, "tot_waypoints": 9}}
{"target": -1826.4756909019618, "params": {"k_pid_pos": [1.9894040822982788, 0.06871876120567322, 0.0], "k_pid_alt": [0.12977832555770874, 0.011534154415130615, 0.9643058776855469], "k_pid_att": [9.868115425109863, 9.978971481323242, 0.9863815307617188], "k_pid_yaw": [0.5, 1e-06, 0.1], "k_pid_hsp": [9.999999747378752e-05, 1.0, 0.9488686919212341], "k_pid_vsp": [10.324012756347656, 383.9930725097656, 392.5238037109375]}, "datetime": {"datetime": "2025-08-21 10:48:40", "elapsed": 7436.805625915527, "delta": 22.884682178497314}, "costs": {"total_cost": 1826.4756909019618, "time_cost": 150, "final_distance_cost": 188.10686527816148, "oscillation_cost": 258.0594718480319, "completition_cost": 1000.0, "overshoot_cost": 161.97083830205608, "power_cost": 21.677235107421875, "noise_cost": 46.66128036629047, "n_waypoints_completed": 0, "tot_waypoints": 9}}
{"target": -5820.064576544099, "params": {"k_pid_pos": [2.0, 0.0, 0.10776710510253906], "k_pid_alt": [0.0, 0.0, 0.979332685470581], "k_pid_att": [0.0, 9.880603790283203, 1.0], "k_pid_yaw": [0.5, 1e-06, 0.1], "k_pid_hsp": [9.999999747378752e-05, 0.9067094922065735, 1.0], "k_pid_vsp": [0.0, 400.0, 400.0]}, "datetime": {"datetime": "2025-08-21 10:49:03", "elapsed": 7460.306999921799, "delta": 23.501374006271362}, "costs": {"total_cost": 5820.064576544099, "time_cost": 150, "final_distance_cost": 923.2932087011353, "oscillation_cost": 1495.9579693185945, "completition_cost": 1000.0, "overshoot_cost": 2150.573936920507, "power_cost": 21.472643395996094, "noise_cost": 78.76681820786563, "n_waypoints_completed": 0, "tot_waypoints": 9}}
{"target": -5382.199423851116, "params": {"k_pid_pos": [2.0, 0.0, 0.031240522861480713], "k_pid_alt": [0.006684839725494385, 0.0, 0.9765586853027344], "k_pid_att": [0.0, 10.0, 0.9270258545875549], "k_pid_yaw": [0.5, 1e-06, 0.1], "k_pid_hsp": [0.05013521760702133, 0.9430549740791321, 0.9745992422103882], "k_pid_vsp": [55.15370178222656, 394.81591796875, 400.0]}, "datetime": {"datetime": "2025-08-21 10:49:26", "elapsed": 7483.191190481186, "delta": 22.884190559387207}, "costs": {"total_cost": 5382.199423851116, "time_cost": 150, "final_distance_cost": 821.1954454236444, "oscillation_cost": 2050.2983605163718, "completition_cost": 1000.0, "overshoot_cost": 1222.7657873655128, "power_cost": 34.79920555419922, "noise_cost": 103.14062499138791, "n_waypoints_completed": 0, "tot_waypoints": 9}}
{"target": -10518.696206155237, "params": {"k_pid_pos": [2.0, 0.011493504047393799, 0.01779821515083313], "k_pid_alt": [0.0, 0.0, 0.9936168193817139], "k_pid_att": [0.0, 10.0, 1.0], "k_pid_yaw": [0.5, 1e-06, 0.1], "k_pid_hsp": [0.22224161028862, 1.0, 0.9524664282798767], "k_pid_vsp": [0.0, 400.0, 400.0]}, "datetime": {"datetime": "2025-08-21 10:49:50", "elapsed": 7506.692314147949, "delta": 23.501123666763306}, "costs": {"total_cost": 10518.696206155237, "time_cost": 150, "final_distance_cost": 3114.632505637303, "oscillation_cost": 2178.0698590827806, "completition_cost": 1000.0, "overshoot_cost": 3955.898380400756, "power_cost": 27.63109772949219, "noise_cost": 92.46436330490329, "n_waypoints_completed": 0, "tot_waypoints": 9}}
{"target": -4321.421271569601, "params": {"k_pid_pos": [1.9126266241073608, 0.015203714370727539, 0.0], "k_pid_alt": [0.05015456676483154, 0.0, 1.0], "k_pid_att": [8.233174324035645, 9.921300888061523, 0.9293112754821777], "k_pid_yaw": [0.5, 1e-06, 0.1], "k_pid_hsp": [9.999999747378752e-05, 0.9910399913787842, 1.0], "k_pid_vsp": [14.700042724609375, 387.517333984375, 386.4658203125]}, "datetime": {"datetime": "2025-08-21 10:50:12", "elapsed": 7529.243558883667, "delta": 22.551244735717773}, "costs": {"total_cost": 4321.421271569601, "time_cost": 150, "final_distance_cost": 1114.585105072987, "oscillation_cost": 232.1735100273942, "completition_cost": 1000.0, "overshoot_cost": 1795.3016670616094, "power_cost": 15.844010668945312, "noise_cost": 13.516978738665957, "n_waypoints_completed": 0, "tot_waypoints": 9}}
{"target": -1966.0556933140438, "params": {"k_pid_pos": [1.855711817741394, 0.0, 0.025373369455337524], "k_pid_alt": [0.0, 0.07325884699821472, 1.0], "k_pid_att": [2.8157830238342285, 9.211613655090332, 1.0], "k_pid_yaw": [0.5, 1e-06, 0.1], "k_pid_hsp": [0.3554110527038574, 1.0, 1.0], "k_pid_vsp": [5.911445617675781, 374.43585205078125, 361.42950439453125]}, "datetime": {"datetime": "2025-08-21 10:50:36", "elapsed": 7553.278140068054, "delta": 24.034581184387207}, "costs": {"total_cost": 1966.0556933140438, "time_cost": 150, "final_distance_cost": 98.33831623006704, "oscillation_cost": 307.6461180413759, "completition_cost": 1000.0, "overshoot_cost": 345.5189690517724, "power_cost": 20.016550170898437, "noise_cost": 44.53573981992978, "n_waypoints_completed": 0, "tot_waypoints": 9}}
{"target": -6180.445715245108, "params": {"k_pid_pos": [1.9453920125961304, 0.0, 0.008215904235839844], "k_pid_alt": [0.055499494075775146, 0.0, 0.9444824457168579], "k_pid_att": [0.0, 9.860432624816895, 1.0], "k_pid_yaw": [0.5, 1e-06, 0.1], "k_pid_hsp": [0.44831615686416626, 0.9319325685501099, 1.0], "k_pid_vsp": [22.852373123168945, 388.1484069824219, 400.0]}, "datetime": {"datetime": "2025-08-21 10:50:59", "elapsed": 7576.366346120834, "delta": 23.08820605278015}, "costs": {"total_cost": 6180.445715245108, "time_cost": 150, "final_distance_cost": 1246.8634790829733, "oscillation_cost": 2137.6172380482494, "completition_cost": 1000.0, "overshoot_cost": 1508.1207473925906, "power_cost": 34.71960050048828, "noise_cost": 103.12465022080647, "n_waypoints_completed": 0, "tot_waypoints": 9}}
{"target": -6726.0008353202875, "params": {"k_pid_pos": [1.852355718612671, 0.0, 0.0], "k_pid_alt": [0.0, 0.07564279437065125, 1.0], "k_pid_att": [0.0, 8.892040252685547, 0.9747853875160217], "k_pid_yaw": [0.5, 1e-06, 0.1], "k_pid_hsp": [9.999999747378752e-05, 0.934804379940033, 0.9343855381011963], "k_pid_vsp": [0.0, 366.2867126464844, 400.0]}, "datetime": {"datetime": "2025-08-21 10:51:24", "elapsed": 7601.1424033641815, "delta": 24.776057243347168}, "costs": {"total_cost": 6726.0008353202875, "time_cost": 150, "final_distance_cost": 1844.7210046026269, "oscillation_cost": 657.4735416268023, "completition_cost": 1000.0, "overshoot_cost": 2957.6826526706323, "power_cost": 29.2589783203125, "noise_cost": 86.86465809991344, "n_waypoints_completed": 0, "tot_waypoints": 9}}
{"target": -2142.593150502451, "params": {"k_pid_pos": [1.9675519466400146, 0.021004199981689453, 0.0], "k_pid_alt": [0.0, 0.012827754020690918, 1.0], "k_pid_att": [1.0908395051956177, 9.695355415344238, 0.9412296414375305], "k_pid_yaw": [0.5, 1e-06, 0.1], "k_pid_hsp": [0.7774237990379333, 1.0, 1.0], "k_pid_vsp": [0.0, 398.4582824707031, 400.0]}, "datetime": {"datetime": "2025-08-21 10:51:47", "elapsed": 7624.014916419983, "delta": 22.87251305580139}, "costs": {"total_cost": 2142.593150502451, "time_cost": 150, "final_distance_cost": 30.524700323156615, "oscillation_cost": 659.8861703811548, "completition_cost": 1000.0, "overshoot_cost": 179.19084519959932, "power_cost": 30.793671057128908, "noise_cost": 92.19776354141082, "n_waypoints_completed": 0, "tot_waypoints": 9}}
{"target": -1610.3718169684428, "params": {"k_pid_pos": [1.8318943977355957, 0.043149590492248535, 0.0], "k_pid_alt": [0.07821804285049438, 0.011334985494613647, 0.9845490455627441], "k_pid_att": [8.286234855651855, 9.725424766540527, 0.9122347831726074], "k_pid_yaw": [0.5, 1e-06, 0.1], "k_pid_hsp": [0.6664300560951233, 0.9863777160644531, 1.0], "k_pid_vsp": [7.328152656555176, 361.6416320800781, 400.0]}, "datetime": {"datetime": "2025-08-21 10:52:10", "elapsed": 7646.7150666713715, "delta": 22.70015025138855}, "costs": {"total_cost": 1610.3718169684428, "time_cost": 150, "final_distance_cost": 60.63968468683758, "oscillation_cost": 290.5057082795932, "completition_cost": 888.8888888888888, "overshoot_cost": 159.71928210624986, "power_cost": 23.22348894042969, "noise_cost": 37.394764066443756, "n_waypoints_completed": 1, "tot_waypoints": 9}}
{"target": -2334.93142817572, "params": {"k_pid_pos": [1.9811068773269653, 0.0855143666267395, 0.12310943007469177], "k_pid_alt": [0.0, 0.08634155988693237, 0.9590030908584595], "k_pid_att": [0.7070958614349365, 9.763673782348633, 1.0], "k_pid_yaw": [0.5, 1e-06, 0.1], "k_pid_hsp": [9.999999747378752e-05, 0.9550536870956421, 1.0], "k_pid_vsp": [24.961101531982422, 380.5083312988281, 377.9111328125]}, "datetime": {"datetime": "2025-08-21 10:52:33", "elapsed": 7669.700075387955, "delta": 22.985008716583252}, "costs": {"total_cost": 2334.93142817572, "time_cost": 150, "final_distance_cost": 129.5694815933058, "oscillation_cost": 585.1726886998723, "completition_cost": 1000.0, "overshoot_cost": 349.9089952715437, "power_cost": 30.644346997070315, "noise_cost": 89.63591561392786, "n_waypoints_completed": 0, "tot_waypoints": 9}}
