{"target": -9314.325688217128, "params": {"k_pid_pos": [1.9847614765167236, 0.0, 0.06309390068054199], "k_pid_alt": [0.08042871952056885, 0.0, 1.0], "k_pid_att": [0.17444491386413574, 9.977527618408203, 0.9739601612091064], "k_pid_yaw": [0.5, 1e-06, 0.1], "k_pid_hsp": [0.6634424328804016, 0.9773716926574707, 1.0], "k_pid_vsp": [11.035561561584473, 398.5144958496094, 400.0]}, "datetime": {"datetime": "2025-08-21 13:21:38", "elapsed": 16615.189481973648, "delta": 23.142668962478638}, "costs": {"total_cost": 9314.325688217128, "time_cost": 150, "final_distance_cost": 2512.8768669459337, "oscillation_cost": 2284.5725270699727, "completition_cost": 1000.0, "overshoot_cost": 3227.9199909430517, "power_cost": 35.09402274169922, "noise_cost": 103.86228051647119, "n_waypoints_completed": 0, "tot_waypoints": 9}}
{"target": -3504.737659179792, "params": {"k_pid_pos": [2.0, 0.00472337007522583, 0.0], "k_pid_alt": [0.0, 0.026955246925354004, 1.0], "k_pid_att": [0.0, 9.639091491699219, 0.9908157587051392], "k_pid_yaw": [0.5, 1e-06, 0.1], "k_pid_hsp": [0.05388132855296135, 1.0, 0.8808990716934204], "k_pid_vsp": [22.893238067626953, 400.0, 385.98638916015625]}, "datetime": {"datetime": "2025-08-21 13:22:01", "elapsed": 16638.38530087471, "delta": 23.19581890106201}, "costs": {"total_cost": 3504.737659179792, "time_cost": 150, "final_distance_cost": 194.24297329623323, "oscillation_cost": 1268.101670101106, "completition_cost": 1000.0, "overshoot_cost": 767.7330005284766, "power_cost": 30.683499291992188, "noise_cost": 93.97651596198392, "n_waypoints_completed": 0, "tot_waypoints": 9}}
{"target": -3950.1822374035355, "params": {"k_pid_pos": [2.0, 0.02316105365753174, 0.004981100559234619], "k_pid_alt": [0.0, 0.001982271671295166, 1.0], "k_pid_att": [0.0, 10.0, 0.9186908006668091], "k_pid_yaw": [0.5, 1e-06, 0.1], "k_pid_hsp": [0.1789550632238388, 1.0, 1.0], "k_pid_vsp": [0.0, 396.5950012207031, 387.4422302246094]}, "datetime": {"datetime": "2025-08-21 13:22:24", "elapsed": 16661.25933074951, "delta": 22.874029874801636}, "costs": {"total_cost": 3950.1822374035355, "time_cost": 150, "final_distance_cost": 408.0017183157684, "oscillation_cost": 1323.676544188709, "completition_cost": 1000.0, "overshoot_cost": 941.3701805855753, "power_cost": 31.35652781982422, "noise_cost": 95.77726649365884, "n_waypoints_completed": 0, "tot_waypoints": 9}}
{"target": -5141.611033574642, "params": {"k_pid_pos": [2.0, 0.03495508432388306, 0.0], "k_pid_alt": [0.0, 0.030176788568496704, 1.0], "k_pid_att": [0.0, 10.0, 1.0], "k_pid_yaw": [0.5, 1e-06, 0.1], "k_pid_hsp": [0.33604151010513306, 0.9064208269119263, 0.9594148397445679], "k_pid_vsp": [0.0, 400.0, 400.0]}, "datetime": {"datetime": "2025-08-21 13:22:47", "elapsed": 16684.09007382393, "delta": 22.830743074417114}, "costs": {"total_cost": 5141.611033574642, "time_cost": 150, "final_distance_cost": 675.6993342844424, "oscillation_cost": 1890.655980054544, "completition_cost": 1000.0, "overshoot_cost": 1288.7746430456873, "power_cost": 34.324159228515626, "noise_cost": 102.15691696145244, "n_waypoints_completed": 0, "tot_waypoints": 9}}
{"target": -2348.416493733279, "params": {"k_pid_pos": [1.9619393348693848, 0.0262032151222229, 0.017234981060028076], "k_pid_alt": [0.0, 0.0026764869689941406, 0.9765101671218872], "k_pid_att": [8.038931846618652, 9.121908187866211, 0.9471607208251953], "k_pid_yaw": [0.5, 1e-06, 0.1], "k_pid_hsp": [9.999999747378752e-05, 0.9814894795417786, 1.0], "k_pid_vsp": [0.0, 379.3035888671875, 397.1911926269531]}, "datetime": {"datetime": "2025-08-21 13:23:10", "elapsed": 16707.36552643776, "delta": 23.275452613830566}, "costs": {"total_cost": 2348.416493733279, "time_cost": 150, "final_distance_cost": 517.3380916285405, "oscillation_cost": 219.18643665952675, "completition_cost": 1000.0, "overshoot_cost": 417.1470945650606, "power_cost": 15.944984350585939, "noise_cost": 28.799886529565107, "n_waypoints_completed": 0, "tot_waypoints": 9}}
{"target": -1542.6590104366906, "params": {"k_pid_pos": [1.9800593852996826, 0.0, 0.01619964838027954], "k_pid_alt": [0.0, 0.010781317949295044, 1.0], "k_pid_att": [6.475883483886719, 10.0, 0.9370498657226562], "k_pid_yaw": [0.5, 1e-06, 0.1], "k_pid_hsp": [0.3111356496810913, 1.0, 1.0], "k_pid_vsp": [33.623958587646484, 400.0, 393.0863037109375]}, "datetime": {"datetime": "2025-08-21 13:23:34", "elapsed": 16730.896463394165, "delta": 23.53093695640564}, "costs": {"total_cost": 1542.6590104366906, "time_cost": 150, "final_distance_cost": 64.25941320574286, "oscillation_cost": 182.36408986347834, "completition_cost": 1000.0, "overshoot_cost": 100.48703770549348, "power_cost": 21.12503779296875, "noise_cost": 24.423431869007093, "n_waypoints_completed": 0, "tot_waypoints": 9}}
{"target": -17304.698701456255, "params": {"k_pid_pos": [1.8839389085769653, 0.03097754716873169, 0.0022856295108795166], "k_pid_alt": [0.1320248246192932, 0.026554077863693237, 0.9850410223007202], "k_pid_att": [0.0, 10.0, 1.0], "k_pid_yaw": [0.5, 1e-06, 0.1], "k_pid_hsp": [0.8988295197486877, 0.9898203611373901, 1.0], "k_pid_vsp": [5.142712593078613, 392.66754150390625, 400.0]}, "datetime": {"datetime": "2025-08-21 13:23:57", "elapsed": 16753.848031044006, "delta": 22.95156764984131}, "costs": {"total_cost": 17304.698701456255, "time_cost": 150, "final_distance_cost": 4145.268004512316, "oscillation_cost": 2248.5301862382216, "completition_cost": 1000.0, "overshoot_cost": 9621.685010538093, "power_cost": 35.17480731201172, "noise_cost": 104.04069285561158, "n_waypoints_completed": 0, "tot_waypoints": 9}}
{"target": -3564.166717691621, "params": {"k_pid_pos": [1.9459643363952637, 0.0, 0.059631168842315674], "k_pid_alt": [0.0037992000579833984, 0.0, 1.0], "k_pid_att": [0.0, 10.0, 1.0], "k_pid_yaw": [0.5, 1e-06, 0.1], "k_pid_hsp": [0.42625701427459717, 1.0, 1.0], "k_pid_vsp": [7.4868083000183105, 400.0, 388.7078857421875]}, "datetime": {"datetime": "2025-08-21 13:24:20", "elapsed": 16777.447492599487, "delta": 23.599461555480957}, "costs": {"total_cost": 3564.166717691621, "time_cost": 150, "final_distance_cost": 336.8044796784759, "oscillation_cost": 1383.7280944732538, "completition_cost": 1000.0, "overshoot_cost": 568.0372825778275, "power_cost": 30.944913586425784, "noise_cost": 94.65194737563807, "n_waypoints_completed": 0, "tot_waypoints": 9}}
{"target": -1688.2613139630444, "params": {"k_pid_pos": [1.884191632270813, 0.018791139125823975, 0.0], "k_pid_alt": [0.1394127607345581, 0.0, 1.0], "k_pid_att": [7.183656215667725, 10.0, 1.0], "k_pid_yaw": [0.5, 1e-06, 0.1], "k_pid_hsp": [0.23609000444412231, 0.9550099968910217, 1.0], "k_pid_vsp": [0.0, 383.2664489746094, 400.0]}, "datetime": {"datetime": "2025-08-21 13:24:44", "elapsed": 16801.057923316956, "delta": 23.61043071746826}, "costs": {"total_cost": 1688.2613139630444, "time_cost": 150, "final_distance_cost": 15.437185764609485, "oscillation_cost": 291.76796025813167, "completition_cost": 1000.0, "overshoot_cost": 146.6326367879661, "power_cost": 20.030775036621094, "noise_cost": 64.39275611571605, "n_waypoints_completed": 0, "tot_waypoints": 9}}
{"target": -1671.4604815218447, "params": {"k_pid_pos": [1.8440290689468384, 0.03952673077583313, 0.03805243968963623], "k_pid_alt": [0.0, 0.04172325134277344, 1.0], "k_pid_att": [4.6262383460998535, 10.0, 1.0], "k_pid_yaw": [0.5, 1e-06, 0.1], "k_pid_hsp": [0.45967820286750793, 1.0, 0.8761495351791382], "k_pid_vsp": [47.151123046875, 400.0, 374.8526916503906]}, "datetime": {"datetime": "2025-08-21 13:25:07", "elapsed": 16824.12819671631, "delta": 23.070273399353027}, "costs": {"total_cost": 1671.4604815218447, "time_cost": 150, "final_distance_cost": 91.9920642926796, "oscillation_cost": 231.79937779765956, "completition_cost": 1000.0, "overshoot_cost": 142.71456841714544, "power_cost": 19.62795526123047, "noise_cost": 35.32651575312951, "n_waypoints_completed": 0, "tot_waypoints": 9}}
{"target": -2412.4341623373934, "params": {"k_pid_pos": [2.0, 0.09756964445114136, 0.0], "k_pid_alt": [0.180495023727417, 0.04247114062309265, 0.9031075835227966], "k_pid_att": [6.6165595054626465, 9.481874465942383, 1.0], "k_pid_yaw": [0.5, 1e-06, 0.1], "k_pid_hsp": [9.999999747378752e-05, 0.9758074283599854, 1.0], "k_pid_vsp": [12.377870559692383, 400.0, 400.0]}, "datetime": {"datetime": "2025-08-21 13:25:30", "elapsed": 16847.11421394348, "delta": 22.98601722717285}, "costs": {"total_cost": 2412.4341623373934, "time_cost": 150, "final_distance_cost": 374.33529876975615, "oscillation_cost": 195.48215183376715, "completition_cost": 1000.0, "overshoot_cost": 651.3943906781785, "power_cost": 20.29348388671875, "noise_cost": 20.928837168973235, "n_waypoints_completed": 0, "tot_waypoints": 9}}
{"target": -8549.554056856341, "params": {"k_pid_pos": [1.9993970394134521, 0.0, 0.0017828941345214844], "k_pid_alt": [0.0, 0.0, 0.9562667608261108], "k_pid_att": [0.0, 10.0, 0.9517112970352173], "k_pid_yaw": [0.5, 1e-06, 0.1], "k_pid_hsp": [9.999999747378752e-05, 1.0, 0.9384270906448364], "k_pid_vsp": [0.0, 394.2366943359375, 400.0]}, "datetime": {"datetime": "2025-08-21 13:25:53", "elapsed": 16870.18830394745, "delta": 23.074090003967285}, "costs": {"total_cost": 8549.554056856341, "time_cost": 150, "final_distance_cost": 2516.692251829636, "oscillation_cost": 627.7364603399602, "completition_cost": 1000.0, "overshoot_cost": 4175.201679410547, "power_cost": 15.27770487060547, "noise_cost": 64.6459604055934, "n_waypoints_completed": 0, "tot_waypoints": 9}}
{"target": -10511.720881839792, "params": {"k_pid_pos": [2.0, 0.02249106764793396, 0.0], "k_pid_alt": [0.08257567882537842, 0.00272369384765625, 1.0], "k_pid_att": [0.0, 10.0, 1.0], "k_pid_yaw": [0.5, 1e-06, 0.1], "k_pid_hsp": [9.999999747378752e-05, 0.9520036578178406, 1.0], "k_pid_vsp": [47.683929443359375, 382.61083984375, 385.2095947265625]}, "datetime": {"datetime": "2025-08-21 13:26:18", "elapsed": 16894.68972182274, "delta": 24.501417875289917}, "costs": {"total_cost": 10511.720881839792, "time_cost": 150, "final_distance_cost": 1617.4832396617267, "oscillation_cost": 2204.288748985075, "completition_cost": 1000.0, "overshoot_cost": 5403.533941604338, "power_cost": 34.308847094726566, "noise_cost": 102.10610449392759, "n_waypoints_completed": 0, "tot_waypoints": 9}}
{"target": -6030.18137581313, "params": {"k_pid_pos": [2.0, 0.0, 0.0], "k_pid_alt": [0.04720759391784668, 0.0, 1.0], "k_pid_att": [0.0, 10.0, 0.9894213676452637], "k_pid_yaw": [0.5, 1e-06, 0.1], "k_pid_hsp": [0.654278576374054, 0.9713999629020691, 0.9992229342460632], "k_pid_vsp": [0.0, 383.1545104980469, 354.5249328613281]}, "datetime": {"datetime": "2025-08-21 13:26:41", "elapsed": 16918.067572832108, "delta": 23.377851009368896}, "costs": {"total_cost": 6030.18137581313, "time_cost": 150, "final_distance_cost": 1211.976426320663, "oscillation_cost": 2021.0592525792665, "completition_cost": 1000.0, "overshoot_cost": 1510.1305374658011, "power_cost": 34.48814969482422, "noise_cost": 102.5270097525749, "n_waypoints_completed": 0, "tot_waypoints": 9}}
{"target": -1901.5055105310926, "params": {"k_pid_pos": [2.0, 0.025105655193328857, 0.008273780345916748], "k_pid_alt": [0.07452422380447388, 0.0, 0.8943054676055908], "k_pid_att": [3.8005590438842773, 10.0, 1.0], "k_pid_yaw": [0.5, 1e-06, 0.1], "k_pid_hsp": [9.999999747378752e-05, 0.9893306493759155, 0.9869378805160522], "k_pid_vsp": [0.0, 395.7724609375, 373.7951354980469]}, "datetime": {"datetime": "2025-08-21 13:27:06", "elapsed": 16942.516177415848, "delta": 24.448604583740234}, "costs": {"total_cost": 1901.5055105310926, "time_cost": 150, "final_distance_cost": 182.93105906925865, "oscillation_cost": 279.7916710984586, "completition_cost": 1000.0, "overshoot_cost": 242.3237268160458, "power_cost": 18.64175291748047, "noise_cost": 27.8173006298491, "n_waypoints_completed": 0, "tot_waypoints": 9}}
{"target": -1452.0853594121788, "params": {"k_pid_pos": [2.0, 0.0, 0.009713202714920044], "k_pid_alt": [0.1175692081451416, 0.012357652187347412, 0.9112203121185303], "k_pid_att": [11.939817428588867, 9.049266815185547, 1.0], "k_pid_yaw": [0.5, 1e-06, 0.1], "k_pid_hsp": [0.17404696345329285, 1.0, 0.9176543354988098], "k_pid_vsp": [0.0, 395.4288330078125, 399.8159484863281]}, "datetime": {"datetime": "2025-08-21 13:27:29", "elapsed": 16965.99561047554, "delta": 23.479433059692383}, "costs": {"total_cost": 1452.0853594121788, "time_cost": 150, "final_distance_cost": 87.97713647082053, "oscillation_cost": 223.8138706619293, "completition_cost": 777.7777777777778, "overshoot_cost": 168.83177103709545, "power_cost": 15.759611230468751, "noise_cost": 27.925192234086822, "n_waypoints_completed": 2, "tot_waypoints": 9}}
{"target": -2130.6214709637893, "params": {"k_pid_pos": [2.0, 0.0, 0.046023666858673096], "k_pid_alt": [0.0, 0.04942864179611206, 0.9720202684402466], "k_pid_att": [1.9358545541763306, 8.619207382202148, 1.0], "k_pid_yaw": [0.5, 1e-06, 0.1], "k_pid_hsp": [9.999999747378752e-05, 0.9541730880737305, 1.0], "k_pid_vsp": [0.0, 400.0, 396.5572204589844]}, "datetime": {"datetime": "2025-08-21 13:27:52", "elapsed": 16988.72123527527, "delta": 22.725624799728394}, "costs": {"total_cost": 2130.6214709637893, "time_cost": 150, "final_distance_cost": 123.28493406828417, "oscillation_cost": 391.42384521198557, "completition_cost": 1000.0, "overshoot_cost": 359.2748042958345, "power_cost": 26.406391735839843, "noise_cost": 80.23149565184526, "n_waypoints_completed": 0, "tot_waypoints": 9}}
{"target": -16273.544704655598, "params": {"k_pid_pos": [2.0, 0.0, 0.11469405889511108], "k_pid_alt": [0.0, 0.03461569547653198, 1.0], "k_pid_att": [0.0, 10.0, 0.9902346134185791], "k_pid_yaw": [0.5, 1e-06, 0.1], "k_pid_hsp": [9.999999747378752e-05, 1.0, 0.9971354007720947], "k_pid_vsp": [0.0, 400.0, 381.3080749511719]}, "datetime": {"datetime": "2025-08-21 13:28:15", "elapsed": 17012.099484205246, "delta": 23.378248929977417}, "costs": {"total_cost": 16273.544704655598, "time_cost": 150, "final_distance_cost": 5352.781403997201, "oscillation_cost": 2077.1322495546083, "completition_cost": 1000.0, "overshoot_cost": 7561.6763641036905, "power_cost": 32.98124626464844, "noise_cost": 98.97344073545149, "n_waypoints_completed": 0, "tot_waypoints": 9}}
{"target": -5754.01757733333, "params": {"k_pid_pos": [2.0, 0.0, 0.01898336410522461], "k_pid_alt": [0.16594815254211426, 0.010978996753692627, 1.0], "k_pid_att": [0.0, 9.579001426696777, 1.0], "k_pid_yaw": [0.5, 1e-06, 0.1], "k_pid_hsp": [9.999999747378752e-05, 1.0, 1.0], "k_pid_vsp": [0.0, 380.33319091796875, 372.9922180175781]}, "datetime": {"datetime": "2025-08-21 13:28:38", "elapsed": 17035.09243965149, "delta": 22.992955446243286}, "costs": {"total_cost": 5754.01757733333, "time_cost": 150, "final_distance_cost": 806.8235265481982, "oscillation_cost": 1680.8477070954314, "completition_cost": 1000.0, "overshoot_cost": 1980.112325836408, "power_cost": 34.366043225097656, "noise_cost": 101.86797462819591, "n_waypoints_completed": 0, "tot_waypoints": 9}}
{"target": -2108.998025241465, "params": {"k_pid_pos": [1.8852784633636475, 0.013137459754943848, 0.0], "k_pid_alt": [0.0, 0.05446362495422363, 0.9379478096961975], "k_pid_att": [1.2210190296173096, 9.915043830871582, 1.0], "k_pid_yaw": [0.5, 1e-06, 0.1], "k_pid_hsp": [0.18040165305137634, 1.0, 1.0], "k_pid_vsp": [12.2919921875, 396.0273742675781, 400.0]}, "datetime": {"datetime": "2025-08-21 13:29:01", "elapsed": 17057.888196229935, "delta": 22.795756578445435}, "costs": {"total_cost": 2108.998025241465, "time_cost": 150, "final_distance_cost": 5.964803294326418, "oscillation_cost": 660.2026736334193, "completition_cost": 1000.0, "overshoot_cost": 171.65601790910324, "power_cost": 30.214803466796877, "noise_cost": 90.95972693781894, "n_waypoints_completed": 0, "tot_waypoints": 9}}
{"target": -6397.444155572291, "params": {"k_pid_pos": [2.0, 0.029524266719818115, 0.0], "k_pid_alt": [0.0, 0.033537834882736206, 1.0], "k_pid_att": [0.0, 9.676675796508789, 0.9300917983055115], "k_pid_yaw": [0.5, 1e-06, 0.1], "k_pid_hsp": [0.3355095386505127, 1.0, 1.0], "k_pid_vsp": [0.0, 387.7586975097656, 392.7342834472656]}, "datetime": {"datetime": "2025-08-21 13:29:24", "elapsed": 17081.178530454636, "delta": 23.290334224700928}, "costs": {"total_cost": 6397.444155572291, "time_cost": 150, "final_distance_cost": 505.1674743087731, "oscillation_cost": 2132.3794248702575, "completition_cost": 1000.0, "overshoot_cost": 2471.1893644118204, "power_cost": 35.04435151367188, "noise_cost": 103.6635404677682, "n_waypoints_completed": 0, "tot_waypoints": 9}}
{"target": -3692.8578191748124, "params": {"k_pid_pos": [2.0, 0.02437269687652588, 0.0], "k_pid_alt": [0.10881376266479492, 0.0, 0.9898154735565186], "k_pid_att": [0.0, 9.539061546325684, 0.9815531969070435], "k_pid_yaw": [0.5, 1e-06, 0.1], "k_pid_hsp": [0.5097777843475342, 1.0, 0.9539700746536255], "k_pid_vsp": [27.668834686279297, 375.6588439941406, 383.03338623046875]}, "datetime": {"datetime": "2025-08-21 13:29:47", "elapsed": 17103.96707224846, "delta": 22.788541793823242}, "costs": {"total_cost": 3692.8578191748124, "time_cost": 150, "final_distance_cost": 272.46564553165973, "oscillation_cost": 1396.2369663294398, "completition_cost": 1000.0, "overshoot_cost": 745.5024331660101, "power_cost": 31.954775183105472, "noise_cost": 96.69799896459728, "n_waypoints_completed": 0, "tot_waypoints": 9}}
{"target": -4723.680320810803, "params": {"k_pid_pos": [2.0, 0.03072333335876465, 0.0], "k_pid_alt": [0.05434894561767578, 0.0, 1.0], "k_pid_att": [0.0, 9.671194076538086, 1.0], "k_pid_yaw": [0.5, 1e-06, 0.1], "k_pid_hsp": [0.14577408134937286, 1.0, 1.0], "k_pid_vsp": [0.0, 398.9257507324219, 400.0]}, "datetime": {"datetime": "2025-08-21 13:30:11", "elapsed": 17127.530595541, "delta": 23.563523292541504}, "costs": {"total_cost": 4723.680320810803, "time_cost": 150, "final_distance_cost": 339.5453335269971, "oscillation_cost": 2098.259669801818, "completition_cost": 1000.0, "overshoot_cost": 1002.9759743019632, "power_cost": 33.150844152832036, "noise_cost": 99.74849902719268, "n_waypoints_completed": 0, "tot_waypoints": 9}}
{"target": -7424.444258068656, "params": {"k_pid_pos": [2.0, 0.0, 0.040682822465896606], "k_pid_alt": [0.16589951515197754, 0.023764610290527344, 1.0], "k_pid_att": [0.0, 10.0, 1.0], "k_pid_yaw": [0.5, 1e-06, 0.1], "k_pid_hsp": [9.999999747378752e-05, 0.9740704298019409, 1.0], "k_pid_vsp": [2.4753570556640625, 383.663330078125, 400.0]}, "datetime": {"datetime": "2025-08-21 13:30:34", "elapsed": 17151.034839868546, "delta": 23.504244327545166}, "costs": {"total_cost": 7424.444258068656, "time_cost": 150, "final_distance_cost": 1910.7331081262685, "oscillation_cost": 668.9397207934989, "completition_cost": 1000.0, "overshoot_cost": 3573.2726309719205, "power_cost": 30.33365046386719, "noise_cost": 91.16514771310177, "n_waypoints_completed": 0, "tot_waypoints": 9}}
{"target": -14963.731382700824, "params": {"k_pid_pos": [2.0, 0.018086135387420654, 0.0], "k_pid_alt": [0.10137802362442017, 0.0, 1.0], "k_pid_att": [0.0, 10.0, 1.0], "k_pid_yaw": [0.5, 1e-06, 0.1], "k_pid_hsp": [0.02078498899936676, 1.0, 1.0], "k_pid_vsp": [0.0, 395.25445556640625, 393.7821960449219]}, "datetime": {"datetime": "2025-08-21 13:30:57", "elapsed": 17174.1083111763, "delta": 23.073471307754517}, "costs": {"total_cost": 14963.731382700824, "time_cost": 150, "final_distance_cost": 4920.35173653606, "oscillation_cost": 2110.0596396492183, "completition_cost": 1000.0, "overshoot_cost": 6646.70288800062, "power_cost": 34.43379996337891, "noise_cost": 102.18331855154558, "n_waypoints_completed": 0, "tot_waypoints": 9}}
{"target": -4929.012640384745, "params": {"k_pid_pos": [2.0, 0.0, 0.01160651445388794], "k_pid_alt": [0.0, 0.0, 0.9318925142288208], "k_pid_att": [0.0, 9.36162281036377, 1.0], "k_pid_yaw": [0.5, 1e-06, 0.1], "k_pid_hsp": [9.999999747378752e-05, 1.0, 1.0], "k_pid_vsp": [0.0, 400.0, 400.0]}, "datetime": {"datetime": "2025-08-21 13:31:20", "elapsed": 17197.32029914856, "delta": 23.21198797225952}, "costs": {"total_cost": 4929.012640384745, "time_cost": 150, "final_distance_cost": 840.3433291468663, "oscillation_cost": 996.8790573037593, "completition_cost": 1000.0, "overshoot_cost": 1846.7659077849125, "power_cost": 19.765322973632813, "noise_cost": 75.25902317557478, "n_waypoints_completed": 0, "tot_waypoints": 9}}
{"target": -2058.827369968756, "params": {"k_pid_pos": [1.8753247261047363, 0.0, 0.020340383052825928], "k_pid_alt": [0.0, 0.048170894384384155, 0.9787955284118652], "k_pid_att": [2.735626697540283, 8.953457832336426, 0.9979811906814575], "k_pid_yaw": [0.5, 1e-06, 0.1], "k_pid_hsp": [0.11446109414100647, 0.9751757383346558, 0.9586953520774841], "k_pid_vsp": [16.895484924316406, 399.5069274902344, 400.0]}, "datetime": {"datetime": "2025-08-21 13:31:44", "elapsed": 17220.510842084885, "delta": 23.190542936325073}, "costs": {"total_cost": 2058.827369968756, "time_cost": 150, "final_distance_cost": 119.79649922814036, "oscillation_cost": 325.0246877354212, "completition_cost": 1000.0, "overshoot_cost": 360.7137828417134, "power_cost": 25.37911990966797, "noise_cost": 77.91328025381314, "n_waypoints_completed": 0, "tot_waypoints": 9}}
{"target": -1914.3723154091726, "params": {"k_pid_pos": [1.7575292587280273, 0.0, 0.0], "k_pid_alt": [0.16990697383880615, 0.03811731934547424, 1.0], "k_pid_att": [2.3358047008514404, 9.088247299194336, 0.9537990689277649], "k_pid_yaw": [0.5, 1e-06, 0.1], "k_pid_hsp": [0.42010587453842163, 0.9317187070846558, 0.9718061089515686], "k_pid_vsp": [2.6436328887939453, 366.8154602050781, 399.1566162109375]}, "datetime": {"datetime": "2025-08-21 13:32:06", "elapsed": 17243.26869225502, "delta": 22.757850170135498}, "costs": {"total_cost": 1914.3723154091726, "time_cost": 150, "final_distance_cost": 44.61620198644589, "oscillation_cost": 371.90183482659717, "completition_cost": 1000.0, "overshoot_cost": 231.65594592481239, "power_cost": 28.911520166015627, "noise_cost": 87.28681250530151, "n_waypoints_completed": 0, "tot_waypoints": 9}}
