{"target": -209.01554808415037, "params": {"k_pid_pos": [0.699999988079071, 0.009999999776482582, 0.09000000357627869], "k_pid_alt": [0.699999988079071, 0.0, 0.10000000149011612], "k_pid_att": [20.0, 1.0, 0.009999999776482582], "k_pid_yaw": [0.5, 1e-06, 0.1], "k_pid_hsp": [1.0, 0.009999999776482582, 0.009999999776482582], "k_pid_vsp": [150.0, 10.0, 1.0]}, "datetime": {"datetime": "2025-08-21 08:45:06", "elapsed": 22.56153392791748, "delta": 22.56153392791748}, "costs": {"total_cost": 209.01554808415037, "time_cost": 80.208, "final_distance_cost": 1.8466906758871062, "oscillation_cost": 54.96222640678483, "completition_cost": 0.0, "overshoot_cost": 50.95439643342063, "power_cost": 9.972431945800782, "noise_cost": 11.071802622257033, "n_waypoints_completed": 9, "tot_waypoints": 9}}
{"target": -1398.072914572973, "params": {"k_pid_pos": [9.999999747378752e-05, 1.0, 0.019098877906799316], "k_pid_alt": [0.0, 1.0, 0.062155067920684814], "k_pid_att": [100.0, 0.033857349306344986, 0.8152098655700684], "k_pid_yaw": [0.5, 1e-06, 0.1], "k_pid_hsp": [10.0, 0.0, 0.07452532649040222], "k_pid_vsp": [391.5461120605469, 12.011219024658203, 350.4898986816406]}, "datetime": {"datetime": "2025-08-21 08:45:36", "elapsed": 53.28617715835571, "delta": 30.724643230438232}, "costs": {"total_cost": 1398.072914572973, "time_cost": 150, "final_distance_cost": 50.9643356295775, "oscillation_cost": 106.14983568648864, "completition_cost": 1000.0, "overshoot_cost": 51.33140141902192, "power_cost": 22.9104365234375, "noise_cost": 16.716905314447448, "n_waypoints_completed": 0, "tot_waypoints": 9}}
{"target": -1208.4650265632758, "params": {"k_pid_pos": [0.07092728465795517, 0.10275271534919739, 0.03489324450492859], "k_pid_alt": [0.0, 0.9912235736846924, 0.853279709815979], "k_pid_att": [99.61471557617188, 9.11845588684082, 1.0], "k_pid_yaw": [0.5, 1e-06, 0.1], "k_pid_hsp": [9.999999747378752e-05, 0.1322828233242035, 0.03819388151168823], "k_pid_vsp": [400.0, 13.773167610168457, 400.0]}, "datetime": {"datetime": "2025-08-21 08:46:05", "elapsed": 82.18727898597717, "delta": 28.90110182762146}, "costs": {"total_cost": 1208.4650265632758, "time_cost": 150, "final_distance_cost": 84.90473400938579, "oscillation_cost": 98.17455821972008, "completition_cost": 777.7777777777778, "overshoot_cost": 61.27839129300582, "power_cost": 20.478773400878907, "noise_cost": 15.850791862507311, "n_waypoints_completed": 2, "tot_waypoints": 9}}
{"target": -1274.1462816897263, "params": {"k_pid_pos": [0.1456327885389328, 0.0, 0.06990370154380798], "k_pid_alt": [0.0, 0.9848952293395996, 0.8447698354721069], "k_pid_att": [100.0, 9.472860336303711, 0.9626124501228333], "k_pid_yaw": [0.5, 1e-06, 0.1], "k_pid_hsp": [0.7205219268798828, 0.0, 0.0], "k_pid_vsp": [400.0, 9.999999974752427e-07, 364.5667724609375]}, "datetime": {"datetime": "2025-08-21 08:46:36", "elapsed": 113.14721941947937, "delta": 30.959940433502197}, "costs": {"total_cost": 1274.1462816897263, "time_cost": 150, "final_distance_cost": 51.618066637782086, "oscillation_cost": 15.243101367694312, "completition_cost": 888.8888888888888, "overshoot_cost": 109.95032494260613, "power_cost": 19.698965270996094, "noise_cost": 38.74693458175903, "n_waypoints_completed": 1, "tot_waypoints": 9}}
{"target": -1657.023797455849, "params": {"k_pid_pos": [0.12929745018482208, 0.0, 0.0], "k_pid_alt": [0.1421077847480774, 1.0, 0.8989577889442444], "k_pid_att": [90.38534545898438, 9.374458312988281, 0.9515953063964844], "k_pid_yaw": [0.5, 1e-06, 0.1], "k_pid_hsp": [9.999999747378752e-05, 0.0, 0.16685175895690918], "k_pid_vsp": [381.9918212890625, 9.999999974752427e-07, 393.78594970703125]}, "datetime": {"datetime": "2025-08-21 08:47:05", "elapsed": 142.4406623840332, "delta": 29.293442964553833}, "costs": {"total_cost": 1657.023797455849, "time_cost": 150, "final_distance_cost": 55.04244499345899, "oscillation_cost": 335.6887835193168, "completition_cost": 1000.0, "overshoot_cost": 74.54280679549605, "power_cost": 23.79079979248047, "noise_cost": 17.958962355096517, "n_waypoints_completed": 0, "tot_waypoints": 9}}
{"target": -1779.5206550035157, "params": {"k_pid_pos": [0.04226066917181015, 8.291006088256836e-05, 0.0], "k_pid_alt": [0.0, 1.0, 1.0], "k_pid_att": [88.40558624267578, 9.767963409423828, 0.9439267516136169], "k_pid_yaw": [0.5, 1e-06, 0.1], "k_pid_hsp": [9.999999747378752e-05, 0.0949941873550415, 0.19632232189178467], "k_pid_vsp": [400.0, 9.999999974752427e-07, 400.0]}, "datetime": {"datetime": "2025-08-21 08:47:35", "elapsed": 171.892183303833, "delta": 29.451520919799805}, "costs": {"total_cost": 1779.5206550035157, "time_cost": 150, "final_distance_cost": 78.30610725115442, "oscillation_cost": 449.6623830206269, "completition_cost": 1000.0, "overshoot_cost": 66.67455126789011, "power_cost": 19.1838033203125, "noise_cost": 15.693810143531747, "n_waypoints_completed": 0, "tot_waypoints": 9}}
{"target": -2004.6683110930805, "params": {"k_pid_pos": [0.1443706601858139, 0.0, 0.0], "k_pid_alt": [0.05900675058364868, 1.0, 0.9690015316009521], "k_pid_att": [100.0, 10.0, 0.9770733118057251], "k_pid_yaw": [0.5, 1e-06, 0.1], "k_pid_hsp": [0.5915083885192871, 0.0, 1.0], "k_pid_vsp": [394.24444580078125, 7.714820861816406, 400.0]}, "datetime": {"datetime": "2025-08-21 08:48:05", "elapsed": 201.7102952003479, "delta": 29.818111896514893}, "costs": {"total_cost": 2004.6683110930805, "time_cost": 150, "final_distance_cost": 154.46306304833226, "oscillation_cost": 459.33820547660514, "completition_cost": 1000.0, "overshoot_cost": 207.55563497514086, "power_cost": 18.250522180175782, "noise_cost": 15.060885412826467, "n_waypoints_completed": 0, "tot_waypoints": 9}}
{"target": -1666.4512101784562, "params": {"k_pid_pos": [9.999999747378752e-05, 0.0, 0.03478822112083435], "k_pid_alt": [0.016393542289733887, 0.9432864785194397, 1.0], "k_pid_att": [99.02426147460938, 10.0, 0.9378377795219421], "k_pid_yaw": [0.5, 1e-06, 0.1], "k_pid_hsp": [0.03698686137795448, 0.0, 0.8899276256561279], "k_pid_vsp": [385.2996826171875, 9.999999974752427e-07, 377.71124267578125]}, "datetime": {"datetime": "2025-08-21 08:48:31", "elapsed": 227.99498796463013, "delta": 26.284692764282227}, "costs": {"total_cost": 1666.4512101784562, "time_cost": 150, "final_distance_cost": 33.10122282328351, "oscillation_cost": 393.54917060323993, "completition_cost": 1000.0, "overshoot_cost": 51.78517167922086, "power_cost": 21.507117675781252, "noise_cost": 16.508527396930816, "n_waypoints_completed": 0, "tot_waypoints": 9}}
{"target": -1701.5338074531055, "params": {"k_pid_pos": [0.11389942467212677, 0.0, 0.05253210663795471], "k_pid_alt": [0.04278266429901123, 0.9927414655685425, 0.9161655306816101], "k_pid_att": [94.70176696777344, 9.881834030151367, 0.9351256489753723], "k_pid_yaw": [0.5, 1e-06, 0.1], "k_pid_hsp": [9.999999747378752e-05, 0.12043234705924988, 0.9967291951179504], "k_pid_vsp": [400.0, 142.5192108154297, 378.0898742675781]}, "datetime": {"datetime": "2025-08-21 08:49:01", "elapsed": 257.9050271511078, "delta": 29.91003918647766}, "costs": {"total_cost": 1701.5338074531055, "time_cost": 150, "final_distance_cost": 52.58390304605424, "oscillation_cost": 365.08441023118155, "completition_cost": 1000.0, "overshoot_cost": 92.92710566564496, "power_cost": 23.348271166992188, "noise_cost": 17.590117343232418, "n_waypoints_completed": 0, "tot_waypoints": 9}}
{"target": -1627.2823266686742, "params": {"k_pid_pos": [9.999999747378752e-05, 0.0, 0.0054101645946502686], "k_pid_alt": [0.0, 0.9921928644180298, 0.9983469843864441], "k_pid_att": [92.79560089111328, 9.539972305297852, 0.9529242515563965], "k_pid_yaw": [0.5, 1e-06, 0.1], "k_pid_hsp": [9.999999747378752e-05, 0.08691275119781494, 0.8708667755126953], "k_pid_vsp": [400.0, 165.61785888671875, 400.0]}, "datetime": {"datetime": "2025-08-21 08:49:26", "elapsed": 283.114488363266, "delta": 25.209461212158203}, "costs": {"total_cost": 1627.2823266686742, "time_cost": 150, "final_distance_cost": 48.156561477408566, "oscillation_cost": 381.9973426134598, "completition_cost": 888.8888888888888, "overshoot_cost": 116.17636913561836, "power_cost": 24.21613231201172, "noise_cost": 17.847032241286957, "n_waypoints_completed": 1, "tot_waypoints": 9}}
{"target": -1583.5919412528726, "params": {"k_pid_pos": [9.999999747378752e-05, 0.03795665502548218, 0.0185718834400177], "k_pid_alt": [0.0, 0.9585081338882446, 0.9985768795013428], "k_pid_att": [100.0, 10.0, 1.0], "k_pid_yaw": [0.5, 1e-06, 0.1], "k_pid_hsp": [9.999999747378752e-05, 0.9559167623519897, 1.0], "k_pid_vsp": [400.0, 393.831787109375, 376.4962158203125]}, "datetime": {"datetime": "2025-08-21 08:49:55", "elapsed": 312.44932079315186, "delta": 29.334832429885864}, "costs": {"total_cost": 1583.5919412528726, "time_cost": 150, "final_distance_cost": 56.315791253528374, "oscillation_cost": 353.6904175976776, "completition_cost": 888.8888888888888, "overshoot_cost": 91.69685213947865, "power_cost": 24.821348876953127, "noise_cost": 18.178642496346193, "n_waypoints_completed": 1, "tot_waypoints": 9}}
{"target": -1639.898722919768, "params": {"k_pid_pos": [0.054258186370134354, 0.0631650984287262, 0.07060351967811584], "k_pid_alt": [0.04406547546386719, 1.0, 0.9704321622848511], "k_pid_att": [93.44778442382812, 9.601840019226074, 1.0], "k_pid_yaw": [0.5, 1e-06, 0.1], "k_pid_hsp": [9.999999747378752e-05, 0.9261397123336792, 0.9991817474365234], "k_pid_vsp": [399.44451904296875, 363.8970031738281, 400.0]}, "datetime": {"datetime": "2025-08-21 08:50:21", "elapsed": 337.7505135536194, "delta": 25.30119276046753}, "costs": {"total_cost": 1639.898722919768, "time_cost": 150, "final_distance_cost": 70.5557266988797, "oscillation_cost": 442.9547038281916, "completition_cost": 888.8888888888888, "overshoot_cost": 54.53888222682077, "power_cost": 18.214636230468752, "noise_cost": 14.74588504651821, "n_waypoints_completed": 1, "tot_waypoints": 9}}
{"target": -1707.8295597222339, "params": {"k_pid_pos": [9.999999747378752e-05, 0.008359462022781372, 0.02586337924003601], "k_pid_alt": [0.0, 1.0, 0.9862375259399414], "k_pid_att": [88.62410736083984, 9.68885612487793, 1.0], "k_pid_yaw": [0.5, 1e-06, 0.1], "k_pid_hsp": [0.9148173928260803, 0.9299691915512085, 1.0], "k_pid_vsp": [392.3529052734375, 393.7502746582031, 400.0]}, "datetime": {"datetime": "2025-08-21 08:50:50", "elapsed": 366.63284516334534, "delta": 28.882331609725952}, "costs": {"total_cost": 1707.8295597222339, "time_cost": 150, "final_distance_cost": 32.01859317866758, "oscillation_cost": 444.9437271413824, "completition_cost": 888.8888888888888, "overshoot_cost": 156.46077174300143, "power_cost": 19.925823291015625, "noise_cost": 15.59175547927806, "n_waypoints_completed": 1, "tot_waypoints": 9}}
{"target": -1720.9607125312984, "params": {"k_pid_pos": [9.999999747378752e-05, 0.0, 0.0], "k_pid_alt": [0.0, 0.9475502371788025, 0.9893766641616821], "k_pid_att": [100.0, 10.0, 0.9557422995567322], "k_pid_yaw": [0.5, 1e-06, 0.1], "k_pid_hsp": [9.999999747378752e-05, 1.0, 1.0], "k_pid_vsp": [396.24896240234375, 399.4414978027344, 386.64306640625]}, "datetime": {"datetime": "2025-08-21 08:51:16", "elapsed": 392.5033037662506, "delta": 25.870458602905273}, "costs": {"total_cost": 1720.9607125312984, "time_cost": 150, "final_distance_cost": 63.15736806442241, "oscillation_cost": 416.20827955004347, "completition_cost": 1000.0, "overshoot_cost": 56.91950107489314, "power_cost": 19.221863989257812, "noise_cost": 15.453699852681597, "n_waypoints_completed": 0, "tot_waypoints": 9}}
{"target": -1566.4069563242087, "params": {"k_pid_pos": [9.999999747378752e-05, 0.0, 0.059830814599990845], "k_pid_alt": [0.0, 0.9252529144287109, 0.9865889549255371], "k_pid_att": [100.0, 9.804865837097168, 1.0], "k_pid_yaw": [0.5, 1e-06, 0.1], "k_pid_hsp": [9.999999747378752e-05, 0.9009729027748108, 0.9900633096694946], "k_pid_vsp": [371.51031494140625, 396.5383605957031, 400.0]}, "datetime": {"datetime": "2025-08-21 08:51:43", "elapsed": 420.1714961528778, "delta": 27.668192386627197}, "costs": {"total_cost": 1566.4069563242087, "time_cost": 150, "final_distance_cost": 61.144848336237594, "oscillation_cost": 344.7399210454804, "completition_cost": 888.8888888888888, "overshoot_cost": 82.26066441489871, "power_cost": 22.41531295166016, "noise_cost": 16.957320687043094, "n_waypoints_completed": 1, "tot_waypoints": 9}}
{"target": -1753.7343556322728, "params": {"k_pid_pos": [9.999999747378752e-05, 0.0, 0.026540786027908325], "k_pid_alt": [0.0, 0.9717668890953064, 0.8750638961791992], "k_pid_att": [100.0, 9.948111534118652, 1.0], "k_pid_yaw": [0.5, 1e-06, 0.1], "k_pid_hsp": [9.999999747378752e-05, 1.0, 0.9927163124084473], "k_pid_vsp": [400.0, 388.08355712890625, 361.9908447265625]}, "datetime": {"datetime": "2025-08-21 08:52:11", "elapsed": 447.9619219303131, "delta": 27.790425777435303}, "costs": {"total_cost": 1753.7343556322728, "time_cost": 150, "final_distance_cost": 47.506622748471635, "oscillation_cost": 449.93945852794053, "completition_cost": 1000.0, "overshoot_cost": 71.41617232477601, "power_cost": 19.441012438964844, "noise_cost": 15.431089592119744, "n_waypoints_completed": 0, "tot_waypoints": 9}}
{"target": -1602.6049658998886, "params": {"k_pid_pos": [9.999999747378752e-05, 0.0, 0.01497235894203186], "k_pid_alt": [0.0, 1.0, 1.0], "k_pid_att": [53.55567169189453, 10.0, 1.0], "k_pid_yaw": [0.5, 1e-06, 0.1], "k_pid_hsp": [9.999999747378752e-05, 1.0, 0.9286031126976013], "k_pid_vsp": [142.44827270507812, 357.1105651855469, 400.0]}, "datetime": {"datetime": "2025-08-21 08:52:38", "elapsed": 475.2743682861328, "delta": 27.312446355819702}, "costs": {"total_cost": 1602.6049658998886, "time_cost": 150, "final_distance_cost": 31.734557681220068, "oscillation_cost": 255.62661517274745, "completition_cost": 1000.0, "overshoot_cost": 86.58238947260784, "power_cost": 29.217463513183596, "noise_cost": 49.443940060129485, "n_waypoints_completed": 0, "tot_waypoints": 9}}
{"target": -1495.9515951052754, "params": {"k_pid_pos": [9.999999747378752e-05, 0.0603349506855011, 0.008828908205032349], "k_pid_alt": [0.0, 0.9778890013694763, 0.9339356422424316], "k_pid_att": [44.988250732421875, 9.932358741760254, 0.941565990447998], "k_pid_yaw": [0.5, 1e-06, 0.1], "k_pid_hsp": [0.5487648248672485, 0.9735763669013977, 0.9807908535003662], "k_pid_vsp": [189.26661682128906, 400.0, 400.0]}, "datetime": {"datetime": "2025-08-21 08:53:09", "elapsed": 505.52580165863037, "delta": 30.25143337249756}, "costs": {"total_cost": 1495.9515951052754, "time_cost": 150, "final_distance_cost": 53.960118374635194, "oscillation_cost": 270.59526834263926, "completition_cost": 888.8888888888888, "overshoot_cost": 96.4432733089203, "power_cost": 20.28122272949219, "noise_cost": 15.782823460699808, "n_waypoints_completed": 1, "tot_waypoints": 9}}
{"target": -18064.484410518085, "params": {"k_pid_pos": [9.999999747378752e-05, 0.0, 0.03840753436088562], "k_pid_alt": [0.046367347240448, 0.9444969892501831, 0.9864625930786133], "k_pid_att": [0.0, 9.449321746826172, 0.9804130792617798], "k_pid_yaw": [0.5, 1e-06, 0.1], "k_pid_hsp": [0.07337453961372375, 1.0, 0.9846376776695251], "k_pid_vsp": [0.0, 400.0, 389.43939208984375]}, "datetime": {"datetime": "2025-08-21 08:53:34", "elapsed": 531.076911687851, "delta": 25.55111002922058}, "costs": {"total_cost": 18064.484410518085, "time_cost": 150, "final_distance_cost": 5789.017943452005, "oscillation_cost": 2305.850592125895, "completition_cost": 1000.0, "overshoot_cost": 8680.38031278024, "power_cost": 35.119051867675786, "noise_cost": 104.11651029226988, "n_waypoints_completed": 0, "tot_waypoints": 9}}
{"target": -18858.146527424447, "params": {"k_pid_pos": [0.09708496183156967, 0.0, 0.020634591579437256], "k_pid_alt": [0.0, 1.0, 1.0], "k_pid_att": [0.2835601568222046, 9.771600723266602, 0.9964330196380615], "k_pid_yaw": [0.5, 1e-06, 0.1], "k_pid_hsp": [9.999999747378752e-05, 0.9773992896080017, 1.0], "k_pid_vsp": [9.171700477600098, 387.125, 400.0]}, "datetime": {"datetime": "2025-08-21 08:54:03", "elapsed": 559.4952175617218, "delta": 28.41830587387085}, "costs": {"total_cost": 18858.146527424447, "time_cost": 150, "final_distance_cost": 5295.71700212641, "oscillation_cost": 2237.44226010846, "completition_cost": 1000.0, "overshoot_cost": 10039.19670346129, "power_cost": 34.28650838623047, "noise_cost": 101.50405334205858, "n_waypoints_completed": 0, "tot_waypoints": 9}}
{"target": -2080.8820461392647, "params": {"k_pid_pos": [9.999999747378752e-05, 0.0, 0.0], "k_pid_alt": [0.0, 1.0, 1.0], "k_pid_att": [1.2620478868484497, 9.633946418762207, 1.0], "k_pid_yaw": [0.5, 1e-06, 0.1], "k_pid_hsp": [9.999999747378752e-05, 0.9475436210632324, 0.9484750628471375], "k_pid_vsp": [12.12913990020752, 396.1925048828125, 356.4986267089844]}, "datetime": {"datetime": "2025-08-21 08:54:28", "elapsed": 585.0632455348969, "delta": 25.56802797317505}, "costs": {"total_cost": 2080.8820461392647, "time_cost": 150, "final_distance_cost": 18.74931186134655, "oscillation_cost": 647.8724489812565, "completition_cost": 1000.0, "overshoot_cost": 141.32117786635206, "power_cost": 31.2926857421875, "noise_cost": 91.64642168812165, "n_waypoints_completed": 0, "tot_waypoints": 9}}
{"target": -1769.7780123252207, "params": {"k_pid_pos": [9.999999747378752e-05, 0.0, 0.03877604007720947], "k_pid_alt": [0.0, 0.9809106588363647, 1.0], "k_pid_att": [2.3280234336853027, 10.0, 0.9424740076065063], "k_pid_yaw": [0.5, 1e-06, 0.1], "k_pid_hsp": [9.999999747378752e-05, 1.0, 0.934558629989624], "k_pid_vsp": [0.0, 392.63934326171875, 371.99139404296875]}, "datetime": {"datetime": "2025-08-21 08:54:57", "elapsed": 614.1480491161346, "delta": 29.084803581237793}, "costs": {"total_cost": 1769.7780123252207, "time_cost": 150, "final_distance_cost": 11.395441464497733, "oscillation_cost": 376.86122854883814, "completition_cost": 1000.0, "overshoot_cost": 133.47097513654631, "power_cost": 25.41346989746094, "noise_cost": 72.63689727787762, "n_waypoints_completed": 0, "tot_waypoints": 9}}
{"target": -21845.052936540404, "params": {"k_pid_pos": [0.1367618441581726, 0.03633555769920349, 0.0], "k_pid_alt": [0.09997153282165527, 1.0, 1.0], "k_pid_att": [0.0, 10.0, 0.9778577089309692], "k_pid_yaw": [0.5, 1e-06, 0.1], "k_pid_hsp": [0.03958887606859207, 1.0, 1.0], "k_pid_vsp": [29.641830444335938, 400.0, 385.91094970703125]}, "datetime": {"datetime": "2025-08-21 08:55:24", "elapsed": 640.665773153305, "delta": 26.51772403717041}, "costs": {"total_cost": 21845.052936540404, "time_cost": 150, "final_distance_cost": 6237.147300388553, "oscillation_cost": 2252.680582578306, "completition_cost": 1000.0, "overshoot_cost": 12065.99714594875, "power_cost": 35.259122265625, "noise_cost": 103.96878535916908, "n_waypoints_completed": 0, "tot_waypoints": 9}}
{"target": -1680.8623875014177, "params": {"k_pid_pos": [0.09990203380584717, 0.06675300002098083, 0.0], "k_pid_alt": [0.026154637336730957, 1.0, 0.947557270526886], "k_pid_att": [2.4699032306671143, 9.539668083190918, 1.0], "k_pid_yaw": [0.5, 1e-06, 0.1], "k_pid_hsp": [9.999999747378752e-05, 0.9442472457885742, 1.0], "k_pid_vsp": [34.3673095703125, 389.9920349121094, 368.7969970703125]}, "datetime": {"datetime": "2025-08-21 08:55:51", "elapsed": 667.9673783779144, "delta": 27.301605224609375}, "costs": {"total_cost": 1680.8623875014177, "time_cost": 150, "final_distance_cost": 26.274708543060285, "oscillation_cost": 353.5572818833201, "completition_cost": 1000.0, "overshoot_cost": 99.22148500945099, "power_cost": 22.189622106933594, "noise_cost": 29.619289958652892, "n_waypoints_completed": 0, "tot_waypoints": 9}}
{"target": -17958.753648995513, "params": {"k_pid_pos": [9.999999747378752e-05, 0.0, 0.0], "k_pid_alt": [0.0, 0.5459727644920349, 1.0], "k_pid_att": [0.0, 9.95361042022705, 1.0], "k_pid_yaw": [0.5, 1e-06, 0.1], "k_pid_hsp": [0.16302767395973206, 0.9175007343292236, 1.0], "k_pid_vsp": [18.213642120361328, 387.349853515625, 388.45513916015625]}, "datetime": {"datetime": "2025-08-21 08:56:18", "elapsed": 695.3375289440155, "delta": 27.370150566101074}, "costs": {"total_cost": 17958.753648995513, "time_cost": 150, "final_distance_cost": 6327.946118122312, "oscillation_cost": 1215.617102356571, "completition_cost": 1000.0, "overshoot_cost": 9132.248948880777, "power_cost": 33.47311787109375, "noise_cost": 99.4683617647565, "n_waypoints_completed": 0, "tot_waypoints": 9}}
{"target": -21830.329823669006, "params": {"k_pid_pos": [0.014024021103978157, 0.011524319648742676, 0.0], "k_pid_alt": [0.14333510398864746, 0.5470945835113525, 0.9806138277053833], "k_pid_att": [0.0, 10.0, 1.0], "k_pid_yaw": [0.5, 1e-06, 0.1], "k_pid_hsp": [9.999999747378752e-05, 1.0, 1.0], "k_pid_vsp": [0.0, 395.3658142089844, 400.0]}, "datetime": {"datetime": "2025-08-21 08:56:48", "elapsed": 724.653580904007, "delta": 29.316051959991455}, "costs": {"total_cost": 21830.329823669006, "time_cost": 150, "final_distance_cost": 6193.8525657008695, "oscillation_cost": 2195.6052551907915, "completition_cost": 1000.0, "overshoot_cost": 12152.697122592688, "power_cost": 34.858407519531255, "noise_cost": 103.31647266512506, "n_waypoints_completed": 0, "tot_waypoints": 9}}
{"target": -1561.5428811875825, "params": {"k_pid_pos": [0.06809084117412567, 0.0, 0.0], "k_pid_alt": [0.0, 0.029677540063858032, 0.9799859523773193], "k_pid_att": [8.813756942749023, 10.0, 0.9827108979225159], "k_pid_yaw": [0.5, 1e-06, 0.1], "k_pid_hsp": [0.0764504000544548, 1.0, 1.0], "k_pid_vsp": [12.288427352905273, 400.0, 400.0]}, "datetime": {"datetime": "2025-08-21 08:57:13", "elapsed": 749.5257437229156, "delta": 24.87216281890869}, "costs": {"total_cost": 1561.5428811875825, "time_cost": 150, "final_distance_cost": 115.38090473742108, "oscillation_cost": 244.5115053041, "completition_cost": 888.8888888888888, "overshoot_cost": 109.27802010306408, "power_cost": 19.18647741699219, "noise_cost": 34.29708473711639, "n_waypoints_completed": 1, "tot_waypoints": 9}}
