{"target": -10191.42959863043, "params": {"k_pid_pos": [2.0, 0.01160922646522522, 0.014523088932037354], "k_pid_alt": [0.0, 0.06304550170898438, 1.0], "k_pid_att": [0.0, 9.93338680267334, 1.0], "k_pid_yaw": [0.5, 1e-06, 0.1], "k_pid_hsp": [0.002059483202174306, 0.983758807182312, 0.9110177755355835], "k_pid_vsp": [8.090055465698242, 400.0, 400.0]}, "datetime": {"datetime": "2025-08-21 10:16:31", "elapsed": 5507.761291265488, "delta": 30.268201112747192}, "costs": {"total_cost": 10191.42959863043, "time_cost": 150, "final_distance_cost": 2220.8301175983884, "oscillation_cost": 1556.6384999499207, "completition_cost": 1000.0, "overshoot_cost": 5134.729263442765, "power_cost": 32.108060607910154, "noise_cost": 97.12365703144484, "n_waypoints_completed": 0, "tot_waypoints": 9}}
{"target": -2689.8262403736126, "params": {"k_pid_pos": [1.9692519903182983, 0.0289575457572937, 0.05842602252960205], "k_pid_alt": [0.11363500356674194, 0.007885187864303589, 0.9582593441009521], "k_pid_att": [3.394007682800293, 9.643472671508789, 1.0], "k_pid_yaw": [0.5, 1e-06, 0.1], "k_pid_hsp": [0.7231966853141785, 0.9498962163925171, 0.9441652297973633], "k_pid_vsp": [0.0, 400.0, 400.0]}, "datetime": {"datetime": "2025-08-21 10:17:01", "elapsed": 5538.095939874649, "delta": 30.334648609161377}, "costs": {"total_cost": 2689.8262403736126, "time_cost": 150, "final_distance_cost": 474.3515552468063, "oscillation_cost": 323.463559076933, "completition_cost": 1000.0, "overshoot_cost": 701.816616594553, "power_cost": 21.396694384765627, "noise_cost": 18.797815070554417, "n_waypoints_completed": 0, "tot_waypoints": 9}}
{"target": -14386.125444381676, "params": {"k_pid_pos": [1.9860961437225342, 0.0, 0.02228701114654541], "k_pid_alt": [0.0, 0.0, 1.0], "k_pid_att": [0.0, 10.0, 1.0], "k_pid_yaw": [0.5, 1e-06, 0.1], "k_pid_hsp": [0.16685037314891815, 0.9567217826843262, 1.0], "k_pid_vsp": [4.037201404571533, 392.0626525878906, 400.0]}, "datetime": {"datetime": "2025-08-21 10:17:26", "elapsed": 5563.284757852554, "delta": 25.188817977905273}, "costs": {"total_cost": 14386.125444381676, "time_cost": 150, "final_distance_cost": 4568.717288333355, "oscillation_cost": 1913.6560770734745, "completition_cost": 1000.0, "overshoot_cost": 6632.737379983183, "power_cost": 28.393914282226564, "noise_cost": 92.62078470943786, "n_waypoints_completed": 0, "tot_waypoints": 9}}
{"target": -1801.643996184276, "params": {"k_pid_pos": [1.99726402759552, 0.009143173694610596, 0.015687555074691772], "k_pid_alt": [0.037358999252319336, 0.04926365613937378, 1.0], "k_pid_att": [2.0997376441955566, 10.0, 0.9581453800201416], "k_pid_yaw": [0.5, 1e-06, 0.1], "k_pid_hsp": [9.999999747378752e-05, 1.0, 1.0], "k_pid_vsp": [0.0, 400.0, 400.0]}, "datetime": {"datetime": "2025-08-21 10:17:56", "elapsed": 5592.915597438812, "delta": 29.630839586257935}, "costs": {"total_cost": 1801.643996184276, "time_cost": 150, "final_distance_cost": 2.8444029759898575, "oscillation_cost": 403.8616604280528, "completition_cost": 1000.0, "overshoot_cost": 132.33499314066995, "power_cost": 29.59869744873047, "noise_cost": 83.00424219083295, "n_waypoints_completed": 0, "tot_waypoints": 9}}
{"target": -4525.160845141599, "params": {"k_pid_pos": [1.9174715280532837, 0.0, 0.0], "k_pid_alt": [0.0, 0.0, 0.9269662499427795], "k_pid_att": [0.0, 9.871076583862305, 0.9909997582435608], "k_pid_yaw": [0.5, 1e-06, 0.1], "k_pid_hsp": [9.999999747378752e-05, 0.8562814593315125, 0.8941112756729126], "k_pid_vsp": [0.0, 378.4089660644531, 400.0]}, "datetime": {"datetime": "2025-08-21 10:18:22", "elapsed": 5618.683305263519, "delta": 25.76770782470703}, "costs": {"total_cost": 4525.160845141599, "time_cost": 150, "final_distance_cost": 524.1388429902313, "oscillation_cost": 1580.0909907069085, "completition_cost": 1000.0, "overshoot_cost": 1165.6157169406993, "power_cost": 23.057237365722656, "noise_cost": 82.25805713803659, "n_waypoints_completed": 0, "tot_waypoints": 9}}
{"target": -2006.7267253759599, "params": {"k_pid_pos": [1.9562914371490479, 0.03630715608596802, 0.03401845693588257], "k_pid_alt": [0.0, 0.02276235818862915, 0.901738703250885], "k_pid_att": [4.4422807693481445, 10.0, 1.0], "k_pid_yaw": [0.5, 1e-06, 0.1], "k_pid_hsp": [9.999999747378752e-05, 0.9073354005813599, 1.0], "k_pid_vsp": [14.952397346496582, 400.0, 396.2034606933594]}, "datetime": {"datetime": "2025-08-21 10:18:51", "elapsed": 5647.801588773727, "delta": 29.11828351020813}, "costs": {"total_cost": 2006.7267253759599, "time_cost": 150, "final_distance_cost": 345.3790229492314, "oscillation_cost": 212.7035948590044, "completition_cost": 888.8888888888888, "overshoot_cost": 358.00440468156654, "power_cost": 18.90857014160156, "noise_cost": 32.84224385566733, "n_waypoints_completed": 1, "tot_waypoints": 9}}
{"target": -18832.566865993114, "params": {"k_pid_pos": [1.8420360088348389, 0.001633375883102417, 0.0], "k_pid_alt": [0.0, 0.014962434768676758, 0.9938899278640747], "k_pid_att": [0.0, 9.373550415039062, 1.0], "k_pid_yaw": [0.5, 1e-06, 0.1], "k_pid_hsp": [0.33952000737190247, 0.9991002678871155, 0.9409427642822266], "k_pid_vsp": [13.587570190429688, 400.0, 400.0]}, "datetime": {"datetime": "2025-08-21 10:19:17", "elapsed": 5674.269488811493, "delta": 26.467900037765503}, "costs": {"total_cost": 18832.566865993114, "time_cost": 150, "final_distance_cost": 5938.198925327244, "oscillation_cost": 2252.242028313015, "completition_cost": 1000.0, "overshoot_cost": 9354.87951833669, "power_cost": 34.58125135498047, "noise_cost": 102.6651426611878, "n_waypoints_completed": 0, "tot_waypoints": 9}}
{"target": -1704.3983913228315, "params": {"k_pid_pos": [1.9791525602340698, 0.0, 0.0], "k_pid_alt": [0.0, 0.03361067175865173, 1.0], "k_pid_att": [4.438331604003906, 9.68201732635498, 1.0], "k_pid_yaw": [0.5, 1e-06, 0.1], "k_pid_hsp": [9.999999747378752e-05, 1.0, 1.0], "k_pid_vsp": [0.0, 400.0, 400.0]}, "datetime": {"datetime": "2025-08-21 10:19:44", "elapsed": 5700.721173763275, "delta": 26.451684951782227}, "costs": {"total_cost": 1704.3983913228315, "time_cost": 150, "final_distance_cost": 22.05725133044829, "oscillation_cost": 283.33705624160734, "completition_cost": 1000.0, "overshoot_cost": 163.27106418046793, "power_cost": 20.520395458984375, "noise_cost": 65.21262411132352, "n_waypoints_completed": 0, "tot_waypoints": 9}}
{"target": -1696.4794567529425, "params": {"k_pid_pos": [1.9519364833831787, 0.0, 0.01728305220603943], "k_pid_alt": [0.0, 0.0, 0.9677299857139587], "k_pid_att": [3.349369764328003, 9.496054649353027, 1.0], "k_pid_yaw": [0.5, 1e-06, 0.1], "k_pid_hsp": [0.8723417520523071, 1.0, 1.0], "k_pid_vsp": [17.583763122558594, 400.0, 380.6080322265625]}, "datetime": {"datetime": "2025-08-21 10:20:18", "elapsed": 5734.689135313034, "delta": 33.96796154975891}, "costs": {"total_cost": 1696.4794567529425, "time_cost": 150, "final_distance_cost": 2.4252927041847827, "oscillation_cost": 323.7666096120417, "completition_cost": 1000.0, "overshoot_cost": 136.637118111845, "power_cost": 16.630257153320315, "noise_cost": 67.02017917155074, "n_waypoints_completed": 0, "tot_waypoints": 9}}
{"target": -2959.5340270594133, "params": {"k_pid_pos": [2.0, 0.0, 0.01540231704711914], "k_pid_alt": [0.0, 0.0, 0.9564551711082458], "k_pid_att": [4.575270652770996, 9.690754890441895, 1.0], "k_pid_yaw": [0.5, 1e-06, 0.1], "k_pid_hsp": [9.999999747378752e-05, 1.0, 1.0], "k_pid_vsp": [0.0, 400.0, 400.0]}, "datetime": {"datetime": "2025-08-21 10:20:43", "elapsed": 5760.19024348259, "delta": 25.501108169555664}, "costs": {"total_cost": 2959.5340270594133, "time_cost": 150, "final_distance_cost": 465.0501758690753, "oscillation_cost": 280.55885450653534, "completition_cost": 1000.0, "overshoot_cost": 1022.6566507368426, "power_cost": 19.99512517089844, "noise_cost": 21.27322077606196, "n_waypoints_completed": 0, "tot_waypoints": 9}}
{"target": -1690.6004038900226, "params": {"k_pid_pos": [2.0, 0.0, 0.0], "k_pid_alt": [0.0, 0.04249536991119385, 0.9393196105957031], "k_pid_att": [3.8758158683776855, 9.836838722229004, 0.9271347522735596], "k_pid_yaw": [0.5, 1e-06, 0.1], "k_pid_hsp": [0.34487006068229675, 1.0, 1.0], "k_pid_vsp": [9.836697578430176, 383.8450927734375, 369.9498596191406]}, "datetime": {"datetime": "2025-08-21 10:21:13", "elapsed": 5789.657548427582, "delta": 29.467304944992065}, "costs": {"total_cost": 1690.6004038900226, "time_cost": 150, "final_distance_cost": 5.041580921698121, "oscillation_cost": 304.869668462879, "completition_cost": 1000.0, "overshoot_cost": 151.11730302542597, "power_cost": 20.171473876953126, "noise_cost": 59.40037760306638, "n_waypoints_completed": 0, "tot_waypoints": 9}}
{"target": -4384.580096961948, "params": {"k_pid_pos": [1.9467639923095703, 0.0, 0.028335779905319214], "k_pid_alt": [0.1681443452835083, 0.016077697277069092, 1.0], "k_pid_att": [0.0, 10.0, 0.9877670407295227], "k_pid_yaw": [0.5, 1e-06, 0.1], "k_pid_hsp": [0.7842532396316528, 1.0, 0.8941428661346436], "k_pid_vsp": [0.0, 391.3904724121094, 399.4656066894531]}, "datetime": {"datetime": "2025-08-21 10:21:40", "elapsed": 5816.84299826622, "delta": 27.185449838638306}, "costs": {"total_cost": 4384.580096961948, "time_cost": 150, "final_distance_cost": 297.1761064735964, "oscillation_cost": 2164.375647299522, "completition_cost": 1000.0, "overshoot_cost": 641.3499758045006, "power_cost": 32.64799954833985, "noise_cost": 99.03036783598853, "n_waypoints_completed": 0, "tot_waypoints": 9}}
{"target": -15043.49171423351, "params": {"k_pid_pos": [2.0, 0.0, 0.0], "k_pid_alt": [0.038974225521087646, 0.0, 1.0], "k_pid_att": [0.0, 9.961207389831543, 1.0], "k_pid_yaw": [0.5, 1e-06, 0.1], "k_pid_hsp": [9.999999747378752e-05, 1.0, 0.9659129977226257], "k_pid_vsp": [8.854377746582031, 369.1625061035156, 400.0]}, "datetime": {"datetime": "2025-08-21 10:22:06", "elapsed": 5843.396514177322, "delta": 26.553515911102295}, "costs": {"total_cost": 15043.49171423351, "time_cost": 150, "final_distance_cost": 4636.412820722266, "oscillation_cost": 2122.9799222074294, "completition_cost": 1000.0, "overshoot_cost": 6998.972565770303, "power_cost": 33.997225561523436, "noise_cost": 101.12917997198987, "n_waypoints_completed": 0, "tot_waypoints": 9}}
{"target": -1671.6517668767765, "params": {"k_pid_pos": [1.9496179819107056, 0.14823687076568604, 0.09392768144607544], "k_pid_alt": [0.0, 0.01596856117248535, 0.9974527359008789], "k_pid_att": [5.348941802978516, 10.0, 1.0], "k_pid_yaw": [0.5, 1e-06, 0.1], "k_pid_hsp": [0.4213882386684418, 0.9072597026824951, 0.9723737239837646], "k_pid_vsp": [0.0, 395.9175720214844, 396.5176086425781]}, "datetime": {"datetime": "2025-08-21 10:22:38", "elapsed": 5874.662796258926, "delta": 31.266282081604004}, "costs": {"total_cost": 1671.6517668767765, "time_cost": 150, "final_distance_cost": 140.62876658770077, "oscillation_cost": 193.4029356780472, "completition_cost": 1000.0, "overshoot_cost": 144.83055171355005, "power_cost": 20.269547790527344, "noise_cost": 22.5199651069511, "n_waypoints_completed": 0, "tot_waypoints": 9}}
{"target": -7025.198003758647, "params": {"k_pid_pos": [1.8995919227600098, 0.0011939406394958496, 0.0], "k_pid_alt": [0.0, 0.08347558975219727, 0.9960549473762512], "k_pid_att": [0.0, 9.620367050170898, 0.9407640695571899], "k_pid_yaw": [0.5, 1e-06, 0.1], "k_pid_hsp": [9.999999747378752e-05, 1.0, 0.969926118850708], "k_pid_vsp": [20.688093185424805, 400.0, 357.33624267578125]}, "datetime": {"datetime": "2025-08-21 10:23:03", "elapsed": 5899.597091913223, "delta": 24.934295654296875}, "costs": {"total_cost": 7025.198003758647, "time_cost": 150, "final_distance_cost": 1399.206599454764, "oscillation_cost": 1045.6739203042857, "completition_cost": 1000.0, "overshoot_cost": 3302.6343666629696, "power_cost": 31.723902270507814, "noise_cost": 95.95921506611971, "n_waypoints_completed": 0, "tot_waypoints": 9}}
{"target": -3892.4314524978117, "params": {"k_pid_pos": [2.0, 0.0, 0.0], "k_pid_alt": [0.1046190857887268, 0.0, 0.9958404302597046], "k_pid_att": [0.0, 9.925252914428711, 0.898716151714325], "k_pid_yaw": [0.5, 1e-06, 0.1], "k_pid_hsp": [0.35353052616119385, 0.9821133017539978, 1.0], "k_pid_vsp": [23.963333129882812, 400.0, 358.9120788574219]}, "datetime": {"datetime": "2025-08-21 10:23:29", "elapsed": 5925.9152636528015, "delta": 26.318171739578247}, "costs": {"total_cost": 3892.4314524978117, "time_cost": 150, "final_distance_cost": 416.88668336066416, "oscillation_cost": 1383.5118963572365, "completition_cost": 1000.0, "overshoot_cost": 815.5612916736162, "power_cost": 31.211215393066407, "noise_cost": 95.26036571322798, "n_waypoints_completed": 0, "tot_waypoints": 9}}
{"target": -4830.994069400909, "params": {"k_pid_pos": [2.0, 0.0174998939037323, 0.008856207132339478], "k_pid_alt": [0.0, 0.016689807176589966, 1.0], "k_pid_att": [0.307503342628479, 10.0, 1.0], "k_pid_yaw": [0.5, 1e-06, 0.1], "k_pid_hsp": [9.999999747378752e-05, 0.9977353811264038, 1.0], "k_pid_vsp": [14.870357513427734, 400.0, 383.256591796875]}, "datetime": {"datetime": "2025-08-21 10:23:57", "elapsed": 5954.20986032486, "delta": 28.294596672058105}, "costs": {"total_cost": 4830.994069400909, "time_cost": 150, "final_distance_cost": 905.2997220313434, "oscillation_cost": 1051.3606643743926, "completition_cost": 1000.0, "overshoot_cost": 1601.9980896754194, "power_cost": 30.217130810546877, "noise_cost": 92.11846250920621, "n_waypoints_completed": 0, "tot_waypoints": 9}}
{"target": -2031.8889807223866, "params": {"k_pid_pos": [1.907798409461975, 0.09081846475601196, 0.04958111047744751], "k_pid_alt": [0.0, 0.04153209924697876, 0.9662215709686279], "k_pid_att": [2.471977472305298, 9.322400093078613, 1.0], "k_pid_yaw": [0.5, 1e-06, 0.1], "k_pid_hsp": [9.999999747378752e-05, 1.0, 0.9351773262023926], "k_pid_vsp": [1.2448668479919434, 389.6537780761719, 395.2886657714844]}, "datetime": {"datetime": "2025-08-21 10:24:23", "elapsed": 5979.544629096985, "delta": 25.334768772125244}, "costs": {"total_cost": 2031.8889807223866, "time_cost": 150, "final_distance_cost": 105.8485202430932, "oscillation_cost": 353.16610104255903, "completition_cost": 1000.0, "overshoot_cost": 316.44002001249305, "power_cost": 26.42275028076172, "noise_cost": 80.01158914347964, "n_waypoints_completed": 0, "tot_waypoints": 9}}
{"target": -1686.3951672528488, "params": {"k_pid_pos": [2.0, 0.0, 0.08262118697166443], "k_pid_alt": [0.0, 0.0, 1.0], "k_pid_att": [5.442172050476074, 10.0, 1.0], "k_pid_yaw": [0.5, 1e-06, 0.1], "k_pid_hsp": [0.36467084288597107, 1.0, 1.0], "k_pid_vsp": [20.195388793945312, 400.0, 400.0]}, "datetime": {"datetime": "2025-08-21 10:24:55", "elapsed": 6011.579585790634, "delta": 32.03495669364929}, "costs": {"total_cost": 1686.3951672528488, "time_cost": 150, "final_distance_cost": 12.424490763044608, "oscillation_cost": 300.47274742335844, "completition_cost": 1000.0, "overshoot_cost": 142.25969314141432, "power_cost": 19.720948059082033, "noise_cost": 61.5172878659493, "n_waypoints_completed": 0, "tot_waypoints": 9}}
{"target": -6446.400298329749, "params": {"k_pid_pos": [2.0, 0.0, 0.0], "k_pid_alt": [0.0, 0.02068611979484558, 1.0], "k_pid_att": [0.0, 9.782952308654785, 1.0], "k_pid_yaw": [0.5, 1e-06, 0.1], "k_pid_hsp": [0.04457743465900421, 1.0, 1.0], "k_pid_vsp": [0.0, 400.0, 400.0]}, "datetime": {"datetime": "2025-08-21 10:25:23", "elapsed": 6040.099385738373, "delta": 28.519799947738647}, "costs": {"total_cost": 6446.400298329749, "time_cost": 150, "final_distance_cost": 1464.0303583740135, "oscillation_cost": 2010.408703705528, "completition_cost": 1000.0, "overshoot_cost": 1688.122291496621, "power_cost": 33.51748316650391, "noise_cost": 100.32146158708176, "n_waypoints_completed": 0, "tot_waypoints": 9}}
{"target": -1925.1656100521561, "params": {"k_pid_pos": [1.973666787147522, 0.01830768585205078, 0.0], "k_pid_alt": [0.023144066333770752, 0.0, 0.9080061912536621], "k_pid_att": [4.411843299865723, 8.856630325317383, 1.0], "k_pid_yaw": [0.5, 1e-06, 0.1], "k_pid_hsp": [0.03174349293112755, 0.9747686982154846, 1.0], "k_pid_vsp": [8.266162872314453, 400.0, 373.5779113769531]}, "datetime": {"datetime": "2025-08-21 10:25:48", "elapsed": 6064.923890590668, "delta": 24.824504852294922}, "costs": {"total_cost": 1925.1656100521561, "time_cost": 150, "final_distance_cost": 85.6945056202162, "oscillation_cost": 230.6025589794279, "completition_cost": 1000.0, "overshoot_cost": 391.17608461394934, "power_cost": 19.506133398437502, "noise_cost": 48.186327440125304, "n_waypoints_completed": 0, "tot_waypoints": 9}}
{"target": -1598.157528524029, "params": {"k_pid_pos": [2.0, 0.0, 0.017735391855239868], "k_pid_alt": [0.0, 0.00978320837020874, 0.9644697308540344], "k_pid_att": [5.150407791137695, 10.0, 1.0], "k_pid_yaw": [0.5, 1e-06, 0.1], "k_pid_hsp": [9.999999747378752e-05, 0.9784471988677979, 0.999353289604187], "k_pid_vsp": [11.919391632080078, 390.0838623046875, 395.67547607421875]}, "datetime": {"datetime": "2025-08-21 10:26:19", "elapsed": 6095.634019136429, "delta": 30.71012854576111}, "costs": {"total_cost": 1598.157528524029, "time_cost": 150, "final_distance_cost": 32.37080438156863, "oscillation_cost": 263.96761053364344, "completition_cost": 1000.0, "overshoot_cost": 111.91131201692865, "power_cost": 18.64758475341797, "noise_cost": 21.260216838470324, "n_waypoints_completed": 0, "tot_waypoints": 9}}
{"target": -2866.451339992322, "params": {"k_pid_pos": [2.0, 0.06222829222679138, 0.0], "k_pid_alt": [0.00047147274017333984, 0.01106533408164978, 0.980858564376831], "k_pid_att": [0.6366908550262451, 9.721266746520996, 0.9612123966217041], "k_pid_yaw": [0.5, 1e-06, 0.1], "k_pid_hsp": [9.999999747378752e-05, 0.8852209448814392, 1.0], "k_pid_vsp": [0.654911994934082, 400.0, 379.7048645019531]}, "datetime": {"datetime": "2025-08-21 10:26:44", "elapsed": 6121.2246725559235, "delta": 25.59065341949463}, "costs": {"total_cost": 2866.451339992322, "time_cost": 150, "final_distance_cost": 245.68294154068667, "oscillation_cost": 954.9115770831843, "completition_cost": 1000.0, "overshoot_cost": 397.3996104146348, "power_cost": 29.126122717285156, "noise_cost": 89.33108823653134, "n_waypoints_completed": 0, "tot_waypoints": 9}}
{"target": -1949.3022515788275, "params": {"k_pid_pos": [1.8864461183547974, 0.02916818857192993, 0.08270716667175293], "k_pid_alt": [0.0, 0.0, 1.0], "k_pid_att": [1.8950104713439941, 10.0, 0.9332308769226074], "k_pid_yaw": [0.5, 1e-06, 0.1], "k_pid_hsp": [0.2022426575422287, 1.0, 1.0], "k_pid_vsp": [41.76933670043945, 388.72021484375, 400.0]}, "datetime": {"datetime": "2025-08-21 10:27:13", "elapsed": 6149.828530788422, "delta": 28.60385823249817}, "costs": {"total_cost": 1949.3022515788275, "time_cost": 150, "final_distance_cost": 27.279183755006887, "oscillation_cost": 491.9752760398603, "completition_cost": 1000.0, "overshoot_cost": 197.21348083265235, "power_cost": 15.898205834960939, "noise_cost": 66.93610511634701, "n_waypoints_completed": 0, "tot_waypoints": 9}}
{"target": -1663.0875819185828, "params": {"k_pid_pos": [2.0, 0.03761449456214905, 0.02746671438217163], "k_pid_alt": [0.0, 0.0, 0.9574223756790161], "k_pid_att": [7.549536228179932, 10.0, 0.9666872024536133], "k_pid_yaw": [0.5, 1e-06, 0.1], "k_pid_hsp": [9.999999747378752e-05, 1.0, 1.0], "k_pid_vsp": [27.906822204589844, 380.6636047363281, 400.0]}, "datetime": {"datetime": "2025-08-21 10:27:39", "elapsed": 6175.4763770103455, "delta": 25.647846221923828}, "costs": {"total_cost": 1663.0875819185828, "time_cost": 150, "final_distance_cost": 40.50396472606319, "oscillation_cost": 162.4215051216021, "completition_cost": 1000.0, "overshoot_cost": 269.2235661321086, "power_cost": 20.088778259277344, "noise_cost": 20.849767679531688, "n_waypoints_completed": 0, "tot_waypoints": 9}}
{"target": -4442.931524220148, "params": {"k_pid_pos": [1.8875917196273804, 0.060624897480010986, 0.0], "k_pid_alt": [0.01749032735824585, 0.0, 0.9897714853286743], "k_pid_att": [0.0, 9.686277389526367, 0.9217264652252197], "k_pid_yaw": [0.5, 1e-06, 0.1], "k_pid_hsp": [1.506941556930542, 0.9680029153823853, 1.0], "k_pid_vsp": [0.0, 400.0, 400.0]}, "datetime": {"datetime": "2025-08-21 10:28:08", "elapsed": 6204.912091255188, "delta": 29.43571424484253}, "costs": {"total_cost": 4442.931524220148, "time_cost": 150, "final_distance_cost": 411.6733384071396, "oscillation_cost": 1767.6147842572234, "completition_cost": 1000.0, "overshoot_cost": 980.9622080783182, "power_cost": 32.974277734375, "noise_cost": 99.70691574309133, "n_waypoints_completed": 0, "tot_waypoints": 9}}
{"target": -3409.699156772155, "params": {"k_pid_pos": [2.0, 0.053406208753585815, 0.005383521318435669], "k_pid_alt": [0.0, 0.07603177428245544, 0.9812750220298767], "k_pid_att": [0.0, 10.0, 0.978952169418335], "k_pid_yaw": [0.5, 1e-06, 0.1], "k_pid_hsp": [0.6175958514213562, 0.9926906824111938, 1.0], "k_pid_vsp": [0.0, 396.0324401855469, 380.066162109375]}, "datetime": {"datetime": "2025-08-21 10:28:34", "elapsed": 6230.702803611755, "delta": 25.790712356567383}, "costs": {"total_cost": 3409.699156772155, "time_cost": 150, "final_distance_cost": 196.52038843009075, "oscillation_cost": 1364.3193312748126, "completition_cost": 1000.0, "overshoot_cost": 569.8976084877064, "power_cost": 31.96757165527344, "noise_cost": 96.99425692427226, "n_waypoints_completed": 0, "tot_waypoints": 9}}
