{"target": -4132.621617024442, "params": {"k_pid_pos": [1.7708244323730469, 0.11627340316772461, 0.02086007595062256], "k_pid_alt": [0.03273594379425049, 0.0, 0.9937798976898193], "k_pid_att": [0.0, 10.0, 0.9980840682983398], "k_pid_yaw": [0.5, 1e-06, 0.1], "k_pid_hsp": [0.37942373752593994, 1.0, 1.0], "k_pid_vsp": [8.975517272949219, 400.0, 369.76495361328125]}, "datetime": {"datetime": "2025-08-21 23:17:04", "elapsed": 52340.935829639435, "delta": 23.56853175163269}, "costs": {"total_cost": 4132.621617024442, "time_cost": 150, "final_distance_cost": 240.5269681110204, "oscillation_cost": 1675.1068125144059, "completition_cost": 1000.0, "overshoot_cost": 938.3807117116642, "power_cost": 31.727352636718752, "noise_cost": 96.87977205063189, "n_waypoints_completed": 0, "tot_waypoints": 9}}
{"target": -2809.134155318116, "params": {"k_pid_pos": [2.0, 0.0762815773487091, 0.0], "k_pid_alt": [0.08872848749160767, 0.0, 0.9871456027030945], "k_pid_att": [0.31216442584991455, 9.232157707214355, 1.0], "k_pid_yaw": [0.5, 1e-06, 0.1], "k_pid_hsp": [0.3448846638202667, 1.0, 1.0], "k_pid_vsp": [10.827159881591797, 400.0, 400.0]}, "datetime": {"datetime": "2025-08-21 23:17:28", "elapsed": 52365.18829345703, "delta": 24.252463817596436}, "costs": {"total_cost": 2809.134155318116, "time_cost": 150, "final_distance_cost": 98.09728026933904, "oscillation_cost": 1023.4001058166651, "completition_cost": 1000.0, "overshoot_cost": 412.6268772547683, "power_cost": 31.030821337890625, "noise_cost": 93.97907063945293, "n_waypoints_completed": 0, "tot_waypoints": 9}}
{"target": -1695.0672231224662, "params": {"k_pid_pos": [2.0, 0.0715184211730957, 0.0], "k_pid_alt": [0.03452920913696289, 0.006649672985076904, 1.0], "k_pid_att": [5.616819858551025, 9.491995811462402, 0.9294905662536621], "k_pid_yaw": [0.5, 1e-06, 0.1], "k_pid_hsp": [9.999999747378752e-05, 0.9693810939788818, 0.947924017906189], "k_pid_vsp": [0.0, 400.0, 400.0]}, "datetime": {"datetime": "2025-08-21 23:17:53", "elapsed": 52389.746879816055, "delta": 24.558586359024048}, "costs": {"total_cost": 1695.0672231224662, "time_cost": 150, "final_distance_cost": 1.2712457617077215, "oscillation_cost": 325.74289537458776, "completition_cost": 1000.0, "overshoot_cost": 134.9096217335429, "power_cost": 20.931788305664064, "noise_cost": 62.21167194696353, "n_waypoints_completed": 0, "tot_waypoints": 9}}
{"target": -2848.6457490749112, "params": {"k_pid_pos": [1.9219130277633667, 0.022390902042388916, 0.0], "k_pid_alt": [0.0, 0.020560920238494873, 0.9686930179595947], "k_pid_att": [2.903878688812256, 9.945131301879883, 0.8885831236839294], "k_pid_yaw": [0.5, 1e-06, 0.1], "k_pid_hsp": [9.999999747378752e-05, 0.9709241390228271, 0.9659813642501831], "k_pid_vsp": [16.196060180664062, 400.0, 391.1408996582031]}, "datetime": {"datetime": "2025-08-21 23:18:16", "elapsed": 52412.82109117508, "delta": 23.074211359024048}, "costs": {"total_cost": 2848.6457490749112, "time_cost": 150, "final_distance_cost": 621.2242727267785, "oscillation_cost": 310.85980507417474, "completition_cost": 1000.0, "overshoot_cost": 717.8864687748904, "power_cost": 21.32879588623047, "noise_cost": 27.346406612836795, "n_waypoints_completed": 0, "tot_waypoints": 9}}
{"target": -1703.2301469470017, "params": {"k_pid_pos": [1.8714624643325806, 0.026083797216415405, 0.0], "k_pid_alt": [0.12655317783355713, 0.05912014842033386, 1.0], "k_pid_att": [3.1945080757141113, 9.151123046875, 0.9258135557174683], "k_pid_yaw": [0.5, 1e-06, 0.1], "k_pid_hsp": [9.999999747378752e-05, 1.0, 1.0], "k_pid_vsp": [19.009517669677734, 400.0, 400.0]}, "datetime": {"datetime": "2025-08-21 23:18:41", "elapsed": 52438.002475738525, "delta": 25.181384563446045}, "costs": {"total_cost": 1703.2301469470017, "time_cost": 150, "final_distance_cost": 60.45753285455637, "oscillation_cost": 284.71524216537273, "completition_cost": 1000.0, "overshoot_cost": 171.40355705747817, "power_cost": 14.635300634765626, "noise_cost": 22.018514234828906, "n_waypoints_completed": 0, "tot_waypoints": 9}}
{"target": -2071.0716548994415, "params": {"k_pid_pos": [2.0, 0.0, 0.012931019067764282], "k_pid_alt": [0.0, 0.08827143907546997, 1.0], "k_pid_att": [1.3114064931869507, 9.478106498718262, 1.0], "k_pid_yaw": [0.5, 1e-06, 0.1], "k_pid_hsp": [9.999999747378752e-05, 1.0, 1.0], "k_pid_vsp": [1.9150018692016602, 400.0, 392.7412414550781]}, "datetime": {"datetime": "2025-08-21 23:19:04", "elapsed": 52461.29474401474, "delta": 23.2922682762146}, "costs": {"total_cost": 2071.0716548994415, "time_cost": 150, "final_distance_cost": 18.94647085029956, "oscillation_cost": 614.685391267702, "completition_cost": 1000.0, "overshoot_cost": 160.72372498635895, "power_cost": 31.947432373046876, "noise_cost": 94.7686354220338, "n_waypoints_completed": 0, "tot_waypoints": 9}}
{"target": -1597.522405870128, "params": {"k_pid_pos": [2.0, 0.0, 0.0], "k_pid_alt": [0.0, 0.0, 0.9831736087799072], "k_pid_att": [3.9745779037475586, 9.947670936584473, 1.0], "k_pid_yaw": [0.5, 1e-06, 0.1], "k_pid_hsp": [0.5788717269897461, 1.0, 0.9610182046890259], "k_pid_vsp": [0.0, 369.7757568359375, 371.2679748535156]}, "datetime": {"datetime": "2025-08-21 23:19:32", "elapsed": 52488.52218723297, "delta": 27.2274432182312}, "costs": {"total_cost": 1597.522405870128, "time_cost": 150, "final_distance_cost": 114.03050698392497, "oscillation_cost": 255.63309438727566, "completition_cost": 888.8888888888888, "overshoot_cost": 147.69083478618577, "power_cost": 17.017743713378906, "noise_cost": 24.26133711047365, "n_waypoints_completed": 1, "tot_waypoints": 9}}
{"target": -1811.7473527951274, "params": {"k_pid_pos": [2.0, 0.0, 0.013047546148300171], "k_pid_alt": [0.0, 0.05584925413131714, 1.0], "k_pid_att": [2.2486658096313477, 10.0, 1.0], "k_pid_yaw": [0.5, 1e-06, 0.1], "k_pid_hsp": [9.999999747378752e-05, 1.0, 0.9905834197998047], "k_pid_vsp": [0.0, 384.69427490234375, 400.0]}, "datetime": {"datetime": "2025-08-21 23:19:55", "elapsed": 52512.20488524437, "delta": 23.682698011398315}, "costs": {"total_cost": 1811.7473527951274, "time_cost": 150, "final_distance_cost": 1.9130029879827053, "oscillation_cost": 403.4436506807117, "completition_cost": 1000.0, "overshoot_cost": 136.31792233419932, "power_cost": 30.667034912109376, "noise_cost": 89.40574188012447, "n_waypoints_completed": 0, "tot_waypoints": 9}}
{"target": -21504.5835413712, "params": {"k_pid_pos": [2.0, 0.0, 0.025778353214263916], "k_pid_alt": [0.0, 0.0, 0.9931602478027344], "k_pid_att": [0.0, 10.0, 0.9793938398361206], "k_pid_yaw": [0.5, 1e-06, 0.1], "k_pid_hsp": [0.3131997585296631, 1.0, 0.973196268081665], "k_pid_vsp": [0.0, 393.2611389160156, 397.9490051269531]}, "datetime": {"datetime": "2025-08-21 23:20:22", "elapsed": 52538.77062726021, "delta": 26.565742015838623}, "costs": {"total_cost": 21504.5835413712, "time_cost": 150, "final_distance_cost": 6546.662896772032, "oscillation_cost": 2121.8925601028727, "completition_cost": 1000.0, "overshoot_cost": 11555.775073786674, "power_cost": 31.334263403320314, "noise_cost": 98.9187473063008, "n_waypoints_completed": 0, "tot_waypoints": 9}}
{"target": -7077.136273708595, "params": {"k_pid_pos": [1.7996888160705566, 0.09706589579582214, 0.06084799766540527], "k_pid_alt": [0.0, 0.0, 1.0], "k_pid_att": [0.0, 9.52392292022705, 0.9754749536514282], "k_pid_yaw": [0.5, 1e-06, 0.1], "k_pid_hsp": [9.999999747378752e-05, 1.0, 0.9804515838623047], "k_pid_vsp": [32.22829055786133, 400.0, 361.2574462890625]}, "datetime": {"datetime": "2025-08-21 23:20:45", "elapsed": 52561.78783941269, "delta": 23.01721215248108}, "costs": {"total_cost": 7077.136273708595, "time_cost": 150, "final_distance_cost": 1513.1464640182357, "oscillation_cost": 1058.9471682073477, "completition_cost": 1000.0, "overshoot_cost": 3264.4419697794638, "power_cost": 18.563436389160156, "noise_cost": 72.0372353143869, "n_waypoints_completed": 0, "tot_waypoints": 9}}
{"target": -6208.9422476257305, "params": {"k_pid_pos": [2.0, 0.055095791816711426, 0.0], "k_pid_alt": [0.06184864044189453, 0.05699148774147034, 0.9544649124145508], "k_pid_att": [0.0, 10.0, 0.9100194573402405], "k_pid_yaw": [0.5, 1e-06, 0.1], "k_pid_hsp": [0.016653236001729965, 0.9694541692733765, 0.9870419502258301], "k_pid_vsp": [8.068633079528809, 400.0, 375.08050537109375]}, "datetime": {"datetime": "2025-08-21 23:21:10", "elapsed": 52587.026926755905, "delta": 25.239087343215942}, "costs": {"total_cost": 6208.9422476257305, "time_cost": 150, "final_distance_cost": 893.1328278713194, "oscillation_cost": 1998.4184908679981, "completition_cost": 1000.0, "overshoot_cost": 2030.3812335013754, "power_cost": 34.64601307373047, "noise_cost": 102.36368231130703, "n_waypoints_completed": 0, "tot_waypoints": 9}}
{"target": -3022.606001804951, "params": {"k_pid_pos": [1.8224512338638306, 0.008057326078414917, 0.0], "k_pid_alt": [0.0, 0.0033842921257019043, 0.9739288091659546], "k_pid_att": [0.0, 10.0, 1.0], "k_pid_yaw": [0.5, 1e-06, 0.1], "k_pid_hsp": [0.1622498333454132, 1.0, 0.948518693447113], "k_pid_vsp": [0.0, 388.01470947265625, 400.0]}, "datetime": {"datetime": "2025-08-21 23:21:33", "elapsed": 52610.28495359421, "delta": 23.258026838302612}, "costs": {"total_cost": 3022.606001804951, "time_cost": 150, "final_distance_cost": 181.55229417706573, "oscillation_cost": 1134.3509625768572, "completition_cost": 1000.0, "overshoot_cost": 437.0612038612497, "power_cost": 29.16838134765625, "noise_cost": 90.4731598421221, "n_waypoints_completed": 0, "tot_waypoints": 9}}
{"target": -14679.96075229034, "params": {"k_pid_pos": [2.0, 0.0, 0.0], "k_pid_alt": [0.0, 0.0, 0.9573710560798645], "k_pid_att": [0.0, 9.786870956420898, 1.0], "k_pid_yaw": [0.5, 1e-06, 0.1], "k_pid_hsp": [0.4420878291130066, 0.9367309212684631, 0.960843026638031], "k_pid_vsp": [1.641535758972168, 400.0, 400.0]}, "datetime": {"datetime": "2025-08-21 23:21:58", "elapsed": 52635.28522825241, "delta": 25.000274658203125}, "costs": {"total_cost": 14679.96075229034, "time_cost": 150, "final_distance_cost": 4569.969814246779, "oscillation_cost": 2195.346830453123, "completition_cost": 1000.0, "overshoot_cost": 6644.28801652078, "power_cost": 27.833133764648437, "noise_cost": 92.52295730501187, "n_waypoints_completed": 0, "tot_waypoints": 9}}
{"target": -13869.493607815533, "params": {"k_pid_pos": [1.9689534902572632, 0.0, 0.010956257581710815], "k_pid_alt": [0.0, 0.0, 0.9759415984153748], "k_pid_att": [0.0, 9.67441177368164, 0.9450126886367798], "k_pid_yaw": [0.5, 1e-06, 0.1], "k_pid_hsp": [0.5333341956138611, 1.0, 0.9346845149993896], "k_pid_vsp": [0.0, 400.0, 400.0]}, "datetime": {"datetime": "2025-08-21 23:22:22", "elapsed": 52658.53324055672, "delta": 23.24801230430603}, "costs": {"total_cost": 13869.493607815533, "time_cost": 150, "final_distance_cost": 4481.186977170952, "oscillation_cost": 1562.0236572915505, "completition_cost": 1000.0, "overshoot_cost": 6551.619806334438, "power_cost": 29.407668786621095, "noise_cost": 95.25549823197107, "n_waypoints_completed": 0, "tot_waypoints": 9}}
{"target": -3337.4040316659275, "params": {"k_pid_pos": [2.0, 0.0, 0.0], "k_pid_alt": [0.0, 0.018303632736206055, 0.961675763130188], "k_pid_att": [3.7741124629974365, 9.726455688476562, 0.8401800394058228], "k_pid_yaw": [0.5, 1e-06, 0.1], "k_pid_hsp": [0.15680232644081116, 1.0, 1.0], "k_pid_vsp": [0.0, 400.0, 400.0]}, "datetime": {"datetime": "2025-08-21 23:22:47", "elapsed": 52684.08650946617, "delta": 25.553268909454346}, "costs": {"total_cost": 3337.4040316659275, "time_cost": 150, "final_distance_cost": 709.2221276828742, "oscillation_cost": 237.2057439794573, "completition_cost": 1000.0, "overshoot_cost": 1203.0373080852728, "power_cost": 19.884199353027345, "noise_cost": 18.054652565296173, "n_waypoints_completed": 0, "tot_waypoints": 9}}
{"target": -2880.494774178757, "params": {"k_pid_pos": [1.8661198616027832, 0.10422521829605103, 0.0], "k_pid_alt": [0.0, 0.034130245447158813, 0.8982348442077637], "k_pid_att": [3.302997350692749, 9.345413208007812, 0.9786281585693359], "k_pid_yaw": [0.5, 1e-06, 0.1], "k_pid_hsp": [9.999999747378752e-05, 0.9941388964653015, 0.9132426977157593], "k_pid_vsp": [21.48196792602539, 346.66619873046875, 400.0]}, "datetime": {"datetime": "2025-08-21 23:23:10", "elapsed": 52707.03003811836, "delta": 22.943528652191162}, "costs": {"total_cost": 2880.494774178757, "time_cost": 150, "final_distance_cost": 515.5893641992504, "oscillation_cost": 214.48751793837377, "completition_cost": 1000.0, "overshoot_cost": 960.3262386248377, "power_cost": 22.339749877929687, "noise_cost": 17.751903538365355, "n_waypoints_completed": 0, "tot_waypoints": 9}}
{"target": -1681.4909568344965, "params": {"k_pid_pos": [2.0, 0.0, 0.029822885990142822], "k_pid_alt": [0.00940769910812378, 0.02151358127593994, 1.0], "k_pid_att": [6.2803239822387695, 10.0, 1.0], "k_pid_yaw": [0.5, 1e-06, 0.1], "k_pid_hsp": [0.023166170343756676, 1.0, 1.0], "k_pid_vsp": [8.11575698852539, 397.66357421875, 396.4693908691406]}, "datetime": {"datetime": "2025-08-21 23:23:35", "elapsed": 52732.039008140564, "delta": 25.008970022201538}, "costs": {"total_cost": 1681.4909568344965, "time_cost": 150, "final_distance_cost": 16.72618497213649, "oscillation_cost": 293.55706628445455, "completition_cost": 1000.0, "overshoot_cost": 146.20469958347832, "power_cost": 18.497195251464845, "noise_cost": 56.50581074296244, "n_waypoints_completed": 0, "tot_waypoints": 9}}
{"target": -2121.9055087953825, "params": {"k_pid_pos": [1.9037516117095947, 0.0, 0.03967386484146118], "k_pid_alt": [0.08031141757965088, 0.0, 1.0], "k_pid_att": [1.244431734085083, 9.527216911315918, 1.0], "k_pid_yaw": [0.5, 1e-06, 0.1], "k_pid_hsp": [9.999999747378752e-05, 1.0, 1.0], "k_pid_vsp": [0.0, 400.0, 392.7598571777344]}, "datetime": {"datetime": "2025-08-21 23:24:00", "elapsed": 52756.62601494789, "delta": 24.58700680732727}, "costs": {"total_cost": 2121.9055087953825, "time_cost": 150, "final_distance_cost": 45.27117348820791, "oscillation_cost": 639.9100606531015, "completition_cost": 1000.0, "overshoot_cost": 165.49617658249863, "power_cost": 30.373751879882814, "noise_cost": 90.8543461916917, "n_waypoints_completed": 0, "tot_waypoints": 9}}
{"target": -2045.7871983215898, "params": {"k_pid_pos": [2.0, 0.002285510301589966, 0.05383297801017761], "k_pid_alt": [0.06350934505462646, 0.018355101346969604, 0.940642237663269], "k_pid_att": [1.4460057020187378, 9.245318412780762, 1.0], "k_pid_yaw": [0.5, 1e-06, 0.1], "k_pid_hsp": [0.10389002412557602, 0.97076815366745, 0.949893057346344], "k_pid_vsp": [25.90361785888672, 400.0, 400.0]}, "datetime": {"datetime": "2025-08-21 23:24:24", "elapsed": 52781.12457990646, "delta": 24.498564958572388}, "costs": {"total_cost": 2045.7871983215898, "time_cost": 150, "final_distance_cost": 27.799140329112536, "oscillation_cost": 574.5043023618, "completition_cost": 1000.0, "overshoot_cost": 167.25811209942344, "power_cost": 31.65218302001953, "noise_cost": 94.57346051123432, "n_waypoints_completed": 0, "tot_waypoints": 9}}
{"target": -3079.3907559943395, "params": {"k_pid_pos": [1.8539983034133911, 0.05794566869735718, 0.05706539750099182], "k_pid_alt": [0.0, 0.020347535610198975, 1.0], "k_pid_att": [4.50163459777832, 10.0, 0.9471627473831177], "k_pid_yaw": [0.5, 1e-06, 0.1], "k_pid_hsp": [9.999999747378752e-05, 0.9398273229598999, 1.0], "k_pid_vsp": [17.82360076904297, 354.98065185546875, 384.88275146484375]}, "datetime": {"datetime": "2025-08-21 23:24:49", "elapsed": 52806.25708460808, "delta": 25.13250470161438}, "costs": {"total_cost": 3079.3907559943395, "time_cost": 150, "final_distance_cost": 756.6484913411034, "oscillation_cost": 137.09170150178852, "completition_cost": 1000.0, "overshoot_cost": 1000.0894107346132, "power_cost": 18.483948364257813, "noise_cost": 17.07720405257647, "n_waypoints_completed": 0, "tot_waypoints": 9}}
{"target": -3069.507773631428, "params": {"k_pid_pos": [2.0, 0.0, 0.03436213731765747], "k_pid_alt": [0.0, 0.023591220378875732, 0.9670501947402954], "k_pid_att": [0.0, 10.0, 0.972912609577179], "k_pid_yaw": [0.5, 1e-06, 0.1], "k_pid_hsp": [0.7279614210128784, 1.0, 1.0], "k_pid_vsp": [12.724649429321289, 388.535400390625, 390.07659912109375]}, "datetime": {"datetime": "2025-08-21 23:25:14", "elapsed": 52830.62972688675, "delta": 24.372642278671265}, "costs": {"total_cost": 3069.507773631428, "time_cost": 150, "final_distance_cost": 208.1497414038697, "oscillation_cost": 1288.9642429988928, "completition_cost": 1000.0, "overshoot_cost": 293.22821867140715, "power_cost": 32.069980993652344, "noise_cost": 97.09558956360621, "n_waypoints_completed": 0, "tot_waypoints": 9}}
{"target": -12604.52887279265, "params": {"k_pid_pos": [2.0, 0.010045081377029419, 0.0], "k_pid_alt": [0.0776747465133667, 0.0, 1.0], "k_pid_att": [0.0, 10.0, 1.0], "k_pid_yaw": [0.5, 1e-06, 0.1], "k_pid_hsp": [9.999999747378752e-05, 0.9790840744972229, 0.9691970348358154], "k_pid_vsp": [13.810026168823242, 400.0, 385.01385498046875]}, "datetime": {"datetime": "2025-08-21 23:25:40", "elapsed": 52857.38159203529, "delta": 26.75186514854431}, "costs": {"total_cost": 12604.52887279265, "time_cost": 150, "final_distance_cost": 3654.895094883857, "oscillation_cost": 679.9820834242634, "completition_cost": 1000.0, "overshoot_cost": 6982.598062375101, "power_cost": 34.87395925292969, "noise_cost": 102.17967285650064, "n_waypoints_completed": 0, "tot_waypoints": 9}}
{"target": -2385.448941253245, "params": {"k_pid_pos": [1.9463201761245728, 0.08934131264686584, 0.0], "k_pid_alt": [0.006347179412841797, 0.0, 0.9859524965286255], "k_pid_att": [0.9062677621841431, 10.0, 1.0], "k_pid_yaw": [0.5, 1e-06, 0.1], "k_pid_hsp": [9.999999747378752e-05, 1.0, 1.0], "k_pid_vsp": [0.0, 400.0, 400.0]}, "datetime": {"datetime": "2025-08-21 23:26:07", "elapsed": 52884.030636548996, "delta": 26.649044513702393}, "costs": {"total_cost": 2385.448941253245, "time_cost": 150, "final_distance_cost": 59.70954961004432, "oscillation_cost": 752.6419674856942, "completition_cost": 1000.0, "overshoot_cost": 304.2361741438788, "power_cost": 29.420436499023438, "noise_cost": 89.44081351460406, "n_waypoints_completed": 0, "tot_waypoints": 9}}
{"target": -10273.115191178633, "params": {"k_pid_pos": [1.8439821004867554, 0.07430773973464966, 0.0592007040977478], "k_pid_alt": [0.0, 0.0, 1.0], "k_pid_att": [0.0, 9.846213340759277, 0.9440159797668457], "k_pid_yaw": [0.5, 1e-06, 0.1], "k_pid_hsp": [0.07960136979818344, 0.9474592208862305, 0.951384961605072], "k_pid_vsp": [0.0, 400.0, 400.0]}, "datetime": {"datetime": "2025-08-21 23:26:32", "elapsed": 52908.80473160744, "delta": 24.774095058441162}, "costs": {"total_cost": 10273.115191178633, "time_cost": 150, "final_distance_cost": 2932.668720515522, "oscillation_cost": 1950.6584272974608, "completition_cost": 1000.0, "overshoot_cost": 4122.803417157491, "power_cost": 26.62708845214844, "noise_cost": 90.35753775601023, "n_waypoints_completed": 0, "tot_waypoints": 9}}
{"target": -3797.9644516039452, "params": {"k_pid_pos": [1.9664767980575562, 0.021742671728134155, 0.0], "k_pid_alt": [0.06280380487442017, 0.0, 1.0], "k_pid_att": [0.0, 9.941295623779297, 0.9510915279388428], "k_pid_yaw": [0.5, 1e-06, 0.1], "k_pid_hsp": [0.0860070213675499, 0.9651881456375122, 1.0], "k_pid_vsp": [25.515769958496094, 391.0276794433594, 400.0]}, "datetime": {"datetime": "2025-08-21 23:26:55", "elapsed": 52931.81671357155, "delta": 23.011981964111328}, "costs": {"total_cost": 3797.9644516039452, "time_cost": 150, "final_distance_cost": 439.1613593828308, "oscillation_cost": 1293.0943604217932, "completition_cost": 1000.0, "overshoot_cost": 789.7075111421435, "power_cost": 31.18635555419922, "noise_cost": 94.81486510297825, "n_waypoints_completed": 0, "tot_waypoints": 9}}
{"target": -2165.584865615862, "params": {"k_pid_pos": [1.9826128482818604, 0.06688064336776733, 0.0], "k_pid_alt": [0.04680681228637695, 0.1266617774963379, 1.0], "k_pid_att": [1.1419951915740967, 9.828191757202148, 0.9531629085540771], "k_pid_yaw": [0.5, 1e-06, 0.1], "k_pid_hsp": [0.36053669452667236, 0.9265551567077637, 1.0], "k_pid_vsp": [23.851526260375977, 368.9227600097656, 400.0]}, "datetime": {"datetime": "2025-08-21 23:27:19", "elapsed": 52956.19237780571, "delta": 24.375664234161377}, "costs": {"total_cost": 2165.584865615862, "time_cost": 150, "final_distance_cost": 34.48353997981221, "oscillation_cost": 681.9115303437533, "completition_cost": 1000.0, "overshoot_cost": 179.36928348885135, "power_cost": 29.879321899414062, "noise_cost": 89.94118990403116, "n_waypoints_completed": 0, "tot_waypoints": 9}}
{"target": -4616.552647534765, "params": {"k_pid_pos": [2.0, 0.0, 0.0], "k_pid_alt": [0.0, 0.0, 0.9923690557479858], "k_pid_att": [0.0, 10.0, 0.8568735122680664], "k_pid_yaw": [0.5, 1e-06, 0.1], "k_pid_hsp": [9.999999747378752e-05, 1.0, 0.9924666285514832], "k_pid_vsp": [41.38339614868164, 372.9582214355469, 379.73077392578125]}, "datetime": {"datetime": "2025-08-21 23:27:42", "elapsed": 52978.95493102074, "delta": 22.762553215026855}, "costs": {"total_cost": 4616.552647534765, "time_cost": 150, "final_distance_cost": 455.3729263004346, "oscillation_cost": 1339.8701682230112, "completition_cost": 1000.0, "overshoot_cost": 1569.7349403751386, "power_cost": 22.050948864746093, "noise_cost": 79.5236637714353, "n_waypoints_completed": 0, "tot_waypoints": 9}}
