{"target": -8579.110453033532, "params": {"k_pid_pos": [2.0, 0.0, 0.14109745621681213], "k_pid_alt": [0.15660995244979858, 0.05063384771347046, 0.9949358701705933], "k_pid_att": [0.0, 9.597620010375977, 0.9973543882369995], "k_pid_yaw": [0.5, 1e-06, 0.1], "k_pid_hsp": [9.999999747378752e-05, 1.0, 0.9003742337226868], "k_pid_vsp": [18.03219223022461, 400.0, 380.2803649902344]}, "datetime": {"datetime": "2025-08-21 23:39:05", "elapsed": 53661.722934007645, "delta": 21.898333311080933}, "costs": {"total_cost": 8579.110453033532, "time_cost": 150, "final_distance_cost": 2090.34060558157, "oscillation_cost": 900.8986732397492, "completition_cost": 1000.0, "overshoot_cost": 4305.34620488586, "power_cost": 33.264463476562504, "noise_cost": 99.26050584979137, "n_waypoints_completed": 0, "tot_waypoints": 9}}
{"target": -2221.13812276322, "params": {"k_pid_pos": [2.0, 0.0, 0.05250868201255798], "k_pid_alt": [0.0, 0.0, 0.9822372198104858], "k_pid_att": [9.723413467407227, 10.0, 1.0], "k_pid_yaw": [0.5, 1e-06, 0.1], "k_pid_hsp": [0.5072982907295227, 1.0, 0.9079173803329468], "k_pid_vsp": [0.0, 380.0845947265625, 384.4053649902344]}, "datetime": {"datetime": "2025-08-21 23:39:29", "elapsed": 53685.65843582153, "delta": 23.93550181388855}, "costs": {"total_cost": 2221.13812276322, "time_cost": 150, "final_distance_cost": 451.2583887859199, "oscillation_cost": 296.2879972380031, "completition_cost": 1000.0, "overshoot_cost": 269.9959651101716, "power_cost": 16.386586547851564, "noise_cost": 37.20918508127388, "n_waypoints_completed": 0, "tot_waypoints": 9}}
{"target": -7734.593886380167, "params": {"k_pid_pos": [1.9493681192398071, 0.01584601402282715, 0.0], "k_pid_alt": [0.0, 0.005347311496734619, 1.0], "k_pid_att": [0.0, 10.0, 0.977370023727417], "k_pid_yaw": [0.5, 1e-06, 0.1], "k_pid_hsp": [9.999999747378752e-05, 1.0, 0.9854100346565247], "k_pid_vsp": [0.0, 384.189208984375, 391.75433349609375]}, "datetime": {"datetime": "2025-08-21 23:39:51", "elapsed": 53707.723007917404, "delta": 22.06457209587097}, "costs": {"total_cost": 7734.593886380167, "time_cost": 150, "final_distance_cost": 2220.232956956446, "oscillation_cost": 666.2100420525246, "completition_cost": 1000.0, "overshoot_cost": 3578.4861625418835, "power_cost": 30.081046594238284, "noise_cost": 89.58367823507433, "n_waypoints_completed": 0, "tot_waypoints": 9}}
{"target": -4300.480604506158, "params": {"k_pid_pos": [2.0, 0.0002847611904144287, 0.037614136934280396], "k_pid_alt": [0.16126471757888794, 0.03288912773132324, 0.985491931438446], "k_pid_att": [0.0, 8.943531036376953, 0.984100878238678], "k_pid_yaw": [0.5, 1e-06, 0.1], "k_pid_hsp": [0.17729061841964722, 1.0, 0.937563419342041], "k_pid_vsp": [41.17288589477539, 376.141357421875, 375.3023376464844]}, "datetime": {"datetime": "2025-08-21 23:40:15", "elapsed": 53731.49439907074, "delta": 23.77139115333557}, "costs": {"total_cost": 4300.480604506158, "time_cost": 150, "final_distance_cost": 568.0651279974203, "oscillation_cost": 1730.4218442064546, "completition_cost": 1000.0, "overshoot_cost": 721.5807745016657, "power_cost": 32.451011669921876, "noise_cost": 97.96184613069558, "n_waypoints_completed": 0, "tot_waypoints": 9}}
{"target": -8195.985182541279, "params": {"k_pid_pos": [1.8685518503189087, 0.043110162019729614, 0.0], "k_pid_alt": [0.0, 0.0, 0.9510083198547363], "k_pid_att": [0.0, 10.0, 1.0], "k_pid_yaw": [0.5, 1e-06, 0.1], "k_pid_hsp": [9.999999747378752e-05, 0.9653850197792053, 0.9783607721328735], "k_pid_vsp": [0.0, 392.69622802734375, 398.21307373046875]}, "datetime": {"datetime": "2025-08-21 23:40:37", "elapsed": 53753.74854707718, "delta": 22.25414800643921}, "costs": {"total_cost": 8195.985182541279, "time_cost": 150, "final_distance_cost": 2451.329807205436, "oscillation_cost": 580.0973113783741, "completition_cost": 1000.0, "overshoot_cost": 3934.1663892422366, "power_cost": 15.579046472167969, "noise_cost": 64.81262824306515, "n_waypoints_completed": 0, "tot_waypoints": 9}}
{"target": -6902.5943239646085, "params": {"k_pid_pos": [2.0, 0.04068398475646973, 0.09146708250045776], "k_pid_alt": [0.3610629439353943, 0.0, 0.9679804444313049], "k_pid_att": [0.0, 9.702178001403809, 0.9840509295463562], "k_pid_yaw": [0.5, 1e-06, 0.1], "k_pid_hsp": [9.999999747378752e-05, 0.9954789876937866, 1.0], "k_pid_vsp": [0.023853778839111328, 369.1974182128906, 400.0]}, "datetime": {"datetime": "2025-08-21 23:41:00", "elapsed": 53776.509905576706, "delta": 22.761358499526978}, "costs": {"total_cost": 6902.5943239646085, "time_cost": 150, "final_distance_cost": 1947.214471627934, "oscillation_cost": 641.9721189772888, "completition_cost": 1000.0, "overshoot_cost": 3026.847055828441, "power_cost": 34.73087839355469, "noise_cost": 101.8297991373904, "n_waypoints_completed": 0, "tot_waypoints": 9}}
{"target": -1951.520571938806, "params": {"k_pid_pos": [1.8928016424179077, 0.0, 0.0], "k_pid_alt": [0.019825756549835205, 0.0, 1.0], "k_pid_att": [1.7021149396896362, 10.0, 0.9769730567932129], "k_pid_yaw": [0.5, 1e-06, 0.1], "k_pid_hsp": [1.342753291130066, 1.0, 1.0], "k_pid_vsp": [5.894732475280762, 400.0, 400.0]}, "datetime": {"datetime": "2025-08-21 23:41:23", "elapsed": 53799.56761574745, "delta": 23.05771017074585}, "costs": {"total_cost": 1951.520571938806, "time_cost": 150, "final_distance_cost": 9.560278571200845, "oscillation_cost": 530.4718142062413, "completition_cost": 1000.0, "overshoot_cost": 143.8866733690661, "power_cost": 29.22540614013672, "noise_cost": 88.37639965216091, "n_waypoints_completed": 0, "tot_waypoints": 9}}
{"target": -2109.0937148563953, "params": {"k_pid_pos": [2.0, 0.0, 0.0], "k_pid_alt": [0.09114223718643188, 0.04353231191635132, 0.9876710176467896], "k_pid_att": [1.7258286476135254, 10.0, 1.0], "k_pid_yaw": [0.5, 1e-06, 0.1], "k_pid_hsp": [0.23179374635219574, 0.988655686378479, 0.9557307362556458], "k_pid_vsp": [0.0, 400.0, 389.08795166015625]}, "datetime": {"datetime": "2025-08-21 23:41:47", "elapsed": 53824.194902181625, "delta": 24.627286434173584}, "costs": {"total_cost": 2109.0937148563953, "time_cost": 150, "final_distance_cost": 49.76353147971355, "oscillation_cost": 525.0601067663915, "completition_cost": 1000.0, "overshoot_cost": 263.7036106734197, "power_cost": 30.04249940185547, "noise_cost": 90.5239665350154, "n_waypoints_completed": 0, "tot_waypoints": 9}}
{"target": -1675.2669037833184, "params": {"k_pid_pos": [1.9637402296066284, 0.04489442706108093, 0.044387102127075195], "k_pid_alt": [0.04565536975860596, 0.025669187307357788, 0.9723728895187378], "k_pid_att": [7.078224182128906, 9.96886157989502, 0.9617550373077393], "k_pid_yaw": [0.5, 1e-06, 0.1], "k_pid_hsp": [0.14799165725708008, 1.0, 1.0], "k_pid_vsp": [5.595386028289795, 400.0, 387.2682189941406]}, "datetime": {"datetime": "2025-08-21 23:42:08", "elapsed": 53845.36420106888, "delta": 21.169298887252808}, "costs": {"total_cost": 1675.2669037833184, "time_cost": 150, "final_distance_cost": 19.10935545484293, "oscillation_cost": 295.1768814009999, "completition_cost": 1000.0, "overshoot_cost": 137.55033422819503, "power_cost": 21.22966572265625, "noise_cost": 52.20066697662421, "n_waypoints_completed": 0, "tot_waypoints": 9}}
{"target": -2852.3318603497064, "params": {"k_pid_pos": [1.8866488933563232, 0.013488471508026123, 0.0], "k_pid_alt": [0.0, 0.006709873676300049, 0.956946849822998], "k_pid_att": [5.375468730926514, 9.947961807250977, 1.0], "k_pid_yaw": [0.5, 1e-06, 0.1], "k_pid_hsp": [1.222220778465271, 1.0, 1.0], "k_pid_vsp": [15.399718284606934, 367.94000244140625, 400.0]}, "datetime": {"datetime": "2025-08-21 23:42:31", "elapsed": 53868.19393467903, "delta": 22.8297336101532}, "costs": {"total_cost": 2852.3318603497064, "time_cost": 150, "final_distance_cost": 691.1410823731004, "oscillation_cost": 218.74886278584637, "completition_cost": 888.8888888888888, "overshoot_cost": 865.1211884695595, "power_cost": 18.929453332519532, "noise_cost": 19.502384499791656, "n_waypoints_completed": 1, "tot_waypoints": 9}}
{"target": -9421.552697559773, "params": {"k_pid_pos": [2.0, 0.0, 0.054737091064453125], "k_pid_alt": [0.0, 0.0, 0.9873273372650146], "k_pid_att": [0.0, 9.564023971557617, 0.9959800243377686], "k_pid_yaw": [0.5, 1e-06, 0.1], "k_pid_hsp": [9.999999747378752e-05, 0.9777999520301819, 1.0], "k_pid_vsp": [0.0, 398.3459777832031, 382.9938659667969]}, "datetime": {"datetime": "2025-08-21 23:42:54", "elapsed": 53890.493735075, "delta": 22.299800395965576}, "costs": {"total_cost": 9421.552697559773, "time_cost": 150, "final_distance_cost": 3282.479715451852, "oscillation_cost": 1530.0898605702355, "completition_cost": 1000.0, "overshoot_cost": 3349.97158788996, "power_cost": 24.536019592285157, "noise_cost": 84.47551405543832, "n_waypoints_completed": 0, "tot_waypoints": 9}}
{"target": -15568.879411797663, "params": {"k_pid_pos": [1.9654287099838257, 0.08949267864227295, 0.07663953304290771], "k_pid_alt": [0.1515287160873413, 0.03573155403137207, 0.9839074611663818], "k_pid_att": [0.0, 9.96328067779541, 0.9402166604995728], "k_pid_yaw": [0.5, 1e-06, 0.1], "k_pid_hsp": [0.11470368504524231, 1.0, 0.9612845182418823], "k_pid_vsp": [0.0, 386.0103454589844, 400.0]}, "datetime": {"datetime": "2025-08-21 23:43:18", "elapsed": 53914.779749155045, "delta": 24.286014080047607}, "costs": {"total_cost": 15568.879411797663, "time_cost": 150, "final_distance_cost": 4356.603377333106, "oscillation_cost": 2224.9958043040533, "completition_cost": 1000.0, "overshoot_cost": 7704.019660175308, "power_cost": 33.196888098144534, "noise_cost": 100.06368188705247, "n_waypoints_completed": 0, "tot_waypoints": 9}}
{"target": -11694.387102044697, "params": {"k_pid_pos": [1.922182321548462, 0.07343250513076782, 0.0], "k_pid_alt": [0.23129069805145264, 0.024000555276870728, 0.9525933265686035], "k_pid_att": [0.0, 10.0, 1.0], "k_pid_yaw": [0.5, 1e-06, 0.1], "k_pid_hsp": [0.21961872279644012, 1.0, 1.0], "k_pid_vsp": [0.0, 400.0, 400.0]}, "datetime": {"datetime": "2025-08-21 23:43:41", "elapsed": 53937.571051597595, "delta": 22.79130244255066}, "costs": {"total_cost": 11694.387102044697, "time_cost": 150, "final_distance_cost": 2785.004448642147, "oscillation_cost": 2121.6993136142414, "completition_cost": 1000.0, "overshoot_cost": 5503.458730359814, "power_cost": 33.537783703613286, "noise_cost": 100.6868257248801, "n_waypoints_completed": 0, "tot_waypoints": 9}}
{"target": -2334.35409672052, "params": {"k_pid_pos": [2.0, 0.04654872417449951, 0.0], "k_pid_alt": [0.03878837823867798, 0.0, 1.0], "k_pid_att": [2.2608370780944824, 10.0, 1.0], "k_pid_yaw": [0.5, 1e-06, 0.1], "k_pid_hsp": [9.999999747378752e-05, 1.0, 0.8844263553619385], "k_pid_vsp": [11.326539993286133, 400.0, 366.7523498535156]}, "datetime": {"datetime": "2025-08-21 23:44:04", "elapsed": 53961.19844126701, "delta": 23.627389669418335}, "costs": {"total_cost": 2334.35409672052, "time_cost": 150, "final_distance_cost": 185.08524598588426, "oscillation_cost": 399.35690834180605, "completition_cost": 1000.0, "overshoot_cost": 496.69484864819697, "power_cost": 25.50174771728516, "noise_cost": 77.71534602734744, "n_waypoints_completed": 0, "tot_waypoints": 9}}
{"target": -8736.37607114237, "params": {"k_pid_pos": [1.9677610397338867, 0.0, 0.027410537004470825], "k_pid_alt": [0.030689716339111328, 0.0349460244178772, 0.9705789089202881], "k_pid_att": [0.0, 9.649967193603516, 1.0], "k_pid_yaw": [0.5, 1e-06, 0.1], "k_pid_hsp": [9.999999747378752e-05, 1.0, 0.9219350218772888], "k_pid_vsp": [3.4058690071105957, 400.0, 400.0]}, "datetime": {"datetime": "2025-08-21 23:44:27", "elapsed": 53984.028576135635, "delta": 22.830134868621826}, "costs": {"total_cost": 8736.37607114237, "time_cost": 150, "final_distance_cost": 1795.0039907901592, "oscillation_cost": 1801.6801285185645, "completition_cost": 1000.0, "overshoot_cost": 3865.221662038415, "power_cost": 30.472881091308594, "noise_cost": 93.9974087039214, "n_waypoints_completed": 0, "tot_waypoints": 9}}
{"target": -1945.8233604234852, "params": {"k_pid_pos": [1.9190725088119507, 0.0, 0.0], "k_pid_alt": [0.12575232982635498, 0.0, 0.9150830507278442], "k_pid_att": [3.460592031478882, 9.555795669555664, 0.9652018547058105], "k_pid_yaw": [0.5, 1e-06, 0.1], "k_pid_hsp": [9.999999747378752e-05, 1.0, 1.0], "k_pid_vsp": [15.084325790405273, 400.0, 395.2083435058594]}, "datetime": {"datetime": "2025-08-21 23:44:49", "elapsed": 54005.760110378265, "delta": 21.731534242630005}, "costs": {"total_cost": 1945.8233604234852, "time_cost": 150, "final_distance_cost": 91.44514826762648, "oscillation_cost": 306.04153727044115, "completition_cost": 1000.0, "overshoot_cost": 300.2149879165968, "power_cost": 23.83549714355469, "noise_cost": 74.28618982526604, "n_waypoints_completed": 0, "tot_waypoints": 9}}
{"target": -4852.072273788745, "params": {"k_pid_pos": [2.0, 0.0820162296295166, 0.0], "k_pid_alt": [0.0, 0.02780216932296753, 0.9995644092559814], "k_pid_att": [0.0, 10.0, 0.9741401672363281], "k_pid_yaw": [0.5, 1e-06, 0.1], "k_pid_hsp": [9.999999747378752e-05, 0.9601534008979797, 0.9165820479393005], "k_pid_vsp": [12.316429138183594, 400.0, 400.0]}, "datetime": {"datetime": "2025-08-21 23:45:12", "elapsed": 54029.30595445633, "delta": 23.545844078063965}, "costs": {"total_cost": 4852.072273788745, "time_cost": 150, "final_distance_cost": 613.4502067024139, "oscillation_cost": 1088.613853195958, "completition_cost": 1000.0, "overshoot_cost": 1874.7933877545252, "power_cost": 30.987143176269534, "noise_cost": 94.22768295957876, "n_waypoints_completed": 0, "tot_waypoints": 9}}
{"target": -3419.6560873773765, "params": {"k_pid_pos": [1.8324406147003174, 0.0, 0.027723491191864014], "k_pid_alt": [0.0, 0.019459664821624756, 0.9998902082443237], "k_pid_att": [8.351129531860352, 9.955321311950684, 1.0], "k_pid_yaw": [0.5, 1e-06, 0.1], "k_pid_hsp": [9.999999747378752e-05, 1.0, 1.0], "k_pid_vsp": [0.0, 400.0, 400.0]}, "datetime": {"datetime": "2025-08-21 23:45:34", "elapsed": 54050.75471282005, "delta": 21.448758363723755}, "costs": {"total_cost": 3419.6560873773765, "time_cost": 150, "final_distance_cost": 932.2331541473446, "oscillation_cost": 158.564015639957, "completition_cost": 1000.0, "overshoot_cost": 1147.3588570362517, "power_cost": 16.542676025390627, "noise_cost": 14.957384528431957, "n_waypoints_completed": 0, "tot_waypoints": 9}}
{"target": -7352.640414921456, "params": {"k_pid_pos": [2.0, 0.0, 0.006331950426101685], "k_pid_alt": [0.1254185438156128, 0.007375478744506836, 1.0], "k_pid_att": [0.0, 9.973540306091309, 1.0], "k_pid_yaw": [0.5, 1e-06, 0.1], "k_pid_hsp": [0.014407355338335037, 1.0, 0.9454412460327148], "k_pid_vsp": [9.968292236328125, 400.0, 400.0]}, "datetime": {"datetime": "2025-08-21 23:45:58", "elapsed": 54074.489638090134, "delta": 23.734925270080566}, "costs": {"total_cost": 7352.640414921456, "time_cost": 150, "final_distance_cost": 1358.9271779562011, "oscillation_cost": 2183.342494368505, "completition_cost": 1000.0, "overshoot_cost": 2520.038469009474, "power_cost": 35.58520847167969, "noise_cost": 104.74706511559498, "n_waypoints_completed": 0, "tot_waypoints": 9}}
{"target": -4648.712902355433, "params": {"k_pid_pos": [2.0, 0.030679970979690552, 0.007564902305603027], "k_pid_alt": [0.09307330846786499, 0.004051178693771362, 1.0], "k_pid_att": [0.0, 10.0, 0.9773000478744507], "k_pid_yaw": [0.5, 1e-06, 0.1], "k_pid_hsp": [9.999999747378752e-05, 0.9402335286140442, 1.0], "k_pid_vsp": [0.0, 400.0, 390.3776550292969]}, "datetime": {"datetime": "2025-08-21 23:46:21", "elapsed": 54097.49328875542, "delta": 23.003650665283203}, "costs": {"total_cost": 4648.712902355433, "time_cost": 150, "final_distance_cost": 588.7434645952311, "oscillation_cost": 1364.8227374633593, "completition_cost": 1000.0, "overshoot_cost": 1420.1851524787082, "power_cost": 30.94260086669922, "noise_cost": 94.01894695143461, "n_waypoints_completed": 0, "tot_waypoints": 9}}
{"target": -1637.7724249882745, "params": {"k_pid_pos": [1.7944459915161133, 0.0, 0.036066025495529175], "k_pid_alt": [0.0, 0.0, 1.0], "k_pid_att": [4.057973861694336, 9.05663013458252, 1.0], "k_pid_yaw": [0.5, 1e-06, 0.1], "k_pid_hsp": [0.8128286004066467, 0.9978233575820923, 0.9956618547439575], "k_pid_vsp": [8.459019660949707, 386.27197265625, 400.0]}, "datetime": {"datetime": "2025-08-21 23:46:43", "elapsed": 54119.53518843651, "delta": 22.04189968109131}, "costs": {"total_cost": 1637.7724249882745, "time_cost": 150, "final_distance_cost": 5.548084733306486, "oscillation_cost": 271.9472240839199, "completition_cost": 1000.0, "overshoot_cost": 139.32208051974288, "power_cost": 18.49904030761719, "noise_cost": 52.45599534368778, "n_waypoints_completed": 0, "tot_waypoints": 9}}
{"target": -4189.727029632685, "params": {"k_pid_pos": [1.9925748109817505, 0.051142871379852295, 0.055151164531707764], "k_pid_alt": [0.06036245822906494, 0.0, 0.9559184908866882], "k_pid_att": [0.0, 10.0, 0.9925060868263245], "k_pid_yaw": [0.5, 1e-06, 0.1], "k_pid_hsp": [9.999999747378752e-05, 0.9673807621002197, 1.0], "k_pid_vsp": [13.56651782989502, 364.4014892578125, 400.0]}, "datetime": {"datetime": "2025-08-21 23:47:08", "elapsed": 54144.604442596436, "delta": 25.069254159927368}, "costs": {"total_cost": 4189.727029632685, "time_cost": 150, "final_distance_cost": 432.53246322395665, "oscillation_cost": 1239.8155951563112, "completition_cost": 1000.0, "overshoot_cost": 1241.2016283743665, "power_cost": 31.36373776855469, "noise_cost": 94.81360510949605, "n_waypoints_completed": 0, "tot_waypoints": 9}}
{"target": -3051.15686965881, "params": {"k_pid_pos": [2.0, 0.0, 0.0], "k_pid_alt": [0.0, 0.0, 0.989229679107666], "k_pid_att": [4.9967169761657715, 9.296509742736816, 0.9885494709014893], "k_pid_yaw": [0.5, 1e-06, 0.1], "k_pid_hsp": [0.2519550919532776, 0.9586979746818542, 0.9586528539657593], "k_pid_vsp": [0.0, 400.0, 400.0]}, "datetime": {"datetime": "2025-08-21 23:47:31", "elapsed": 54167.57862997055, "delta": 22.97418737411499}, "costs": {"total_cost": 3051.15686965881, "time_cost": 150, "final_distance_cost": 765.3729358870892, "oscillation_cost": 267.65621038263043, "completition_cost": 1000.0, "overshoot_cost": 825.2420081564735, "power_cost": 20.53868532714844, "noise_cost": 22.34702990546863, "n_waypoints_completed": 0, "tot_waypoints": 9}}
{"target": -6456.244932103128, "params": {"k_pid_pos": [2.0, 0.04188781976699829, 0.04674643278121948], "k_pid_alt": [0.10759091377258301, 0.06082072854042053, 1.0], "k_pid_att": [0.0, 9.777807235717773, 0.9638856053352356], "k_pid_yaw": [0.5, 1e-06, 0.1], "k_pid_hsp": [0.5669214129447937, 1.0, 0.9642988443374634], "k_pid_vsp": [14.019060134887695, 400.0, 390.6470947265625]}, "datetime": {"datetime": "2025-08-21 23:47:54", "elapsed": 54190.49359703064, "delta": 22.91496706008911}, "costs": {"total_cost": 6456.244932103128, "time_cost": 150, "final_distance_cost": 1568.231815652341, "oscillation_cost": 1744.6581322014026, "completition_cost": 1000.0, "overshoot_cost": 1856.190214101355, "power_cost": 34.54596668701172, "noise_cost": 102.61880346101637, "n_waypoints_completed": 0, "tot_waypoints": 9}}
{"target": -9817.15957135451, "params": {"k_pid_pos": [1.9061704874038696, 2.0891427993774414e-05, 0.0], "k_pid_alt": [0.0, 0.0847923755645752, 1.0], "k_pid_att": [0.0, 9.487386703491211, 1.0], "k_pid_yaw": [0.5, 1e-06, 0.1], "k_pid_hsp": [0.021537192165851593, 1.0, 0.9480655193328857], "k_pid_vsp": [0.0, 360.68115234375, 384.6123352050781]}, "datetime": {"datetime": "2025-08-21 23:48:17", "elapsed": 54214.320038080215, "delta": 23.826441049575806}, "costs": {"total_cost": 9817.15957135451, "time_cost": 150, "final_distance_cost": 2330.435935691685, "oscillation_cost": 1007.5891506552239, "completition_cost": 1000.0, "overshoot_cost": 5199.405541878603, "power_cost": 32.46716817626953, "noise_cost": 97.26177495272934, "n_waypoints_completed": 0, "tot_waypoints": 9}}
{"target": -1772.176579351395, "params": {"k_pid_pos": [2.0, 0.0, 0.06287950277328491], "k_pid_alt": [0.0, 0.0, 0.9686659574508667], "k_pid_att": [2.5828421115875244, 9.865211486816406, 1.0], "k_pid_yaw": [0.5, 1e-06, 0.1], "k_pid_hsp": [0.5331282615661621, 0.9527089595794678, 1.0], "k_pid_vsp": [0.0, 400.0, 400.0]}, "datetime": {"datetime": "2025-08-21 23:48:41", "elapsed": 54237.59038281441, "delta": 23.270344734191895}, "costs": {"total_cost": 1772.176579351395, "time_cost": 150, "final_distance_cost": 5.520381295130682, "oscillation_cost": 363.69967983409094, "completition_cost": 1000.0, "overshoot_cost": 173.9932837407761, "power_cost": 17.799666650390627, "noise_cost": 61.1635678310066, "n_waypoints_completed": 0, "tot_waypoints": 9}}
{"target": -17530.358184621502, "params": {"k_pid_pos": [2.0, 0.001447528600692749, 0.0], "k_pid_alt": [0.12971752882003784, 0.0, 1.0], "k_pid_att": [0.0, 9.917874336242676, 1.0], "k_pid_yaw": [0.5, 1e-06, 0.1], "k_pid_hsp": [0.7192845344543457, 1.0, 0.9510447382926941], "k_pid_vsp": [18.506229400634766, 400.0, 400.0]}, "datetime": {"datetime": "2025-08-21 23:49:03", "elapsed": 54259.8849966526, "delta": 22.2946138381958}, "costs": {"total_cost": 17530.358184621502, "time_cost": 150, "final_distance_cost": 5615.580903052078, "oscillation_cost": 2363.3540824634556, "completition_cost": 1000.0, "overshoot_cost": 8263.88980931777, "power_cost": 34.642755883789064, "noise_cost": 102.89063390440697, "n_waypoints_completed": 0, "tot_waypoints": 9}}
