{"target": -1891.12692895556, "params": {"k_pid_pos": [1.8140339851379395, 0.0, 0.0], "k_pid_alt": [0.16334009170532227, 0.01153719425201416, 1.0], "k_pid_att": [4.221942901611328, 10.0, 0.9769557118415833], "k_pid_yaw": [0.5, 1e-06, 0.1], "k_pid_hsp": [9.999999747378752e-05, 0.9269009232521057, 0.9115853905677795], "k_pid_vsp": [5.198204517364502, 386.6273498535156, 400.0]}, "datetime": {"datetime": "2025-08-21 13:43:17", "elapsed": 17914.297925710678, "delta": 23.428788900375366}, "costs": {"total_cost": 1891.12692895556, "time_cost": 150, "final_distance_cost": 66.18197618157274, "oscillation_cost": 271.959628681219, "completition_cost": 1000.0, "overshoot_cost": 356.941663302471, "power_cost": 23.271753149414064, "noise_cost": 22.771907640883445, "n_waypoints_completed": 0, "tot_waypoints": 9}}
{"target": -3690.286431252805, "params": {"k_pid_pos": [1.819281816482544, 0.0, 0.0026459991931915283], "k_pid_alt": [0.03296828269958496, 0.0018499493598937988, 1.0], "k_pid_att": [0.0, 10.0, 1.0], "k_pid_yaw": [0.5, 1e-06, 0.1], "k_pid_hsp": [0.47664597630500793, 0.9274705648422241, 1.0], "k_pid_vsp": [42.66862869262695, 400.0, 390.3744201660156]}, "datetime": {"datetime": "2025-08-21 13:43:41", "elapsed": 17937.884039878845, "delta": 23.586114168167114}, "costs": {"total_cost": 3690.286431252805, "time_cost": 150, "final_distance_cost": 76.22071980568363, "oscillation_cost": 1837.7334625377105, "completition_cost": 1000.0, "overshoot_cost": 497.11692790930755, "power_cost": 32.02471060791016, "noise_cost": 97.19061039219332, "n_waypoints_completed": 0, "tot_waypoints": 9}}
{"target": -8314.478993563887, "params": {"k_pid_pos": [1.7673170566558838, 0.04114574193954468, 0.0], "k_pid_alt": [0.09936147928237915, 0.07467737793922424, 0.9671692848205566], "k_pid_att": [0.0, 9.941963195800781, 1.0], "k_pid_yaw": [0.5, 1e-06, 0.1], "k_pid_hsp": [1.0582319498062134, 0.978271484375, 1.0], "k_pid_vsp": [22.1959228515625, 400.0, 388.4513854980469]}, "datetime": {"datetime": "2025-08-21 13:44:04", "elapsed": 17960.89800977707, "delta": 23.013969898223877}, "costs": {"total_cost": 8314.478993563887, "time_cost": 150, "final_distance_cost": 1566.9379015220356, "oscillation_cost": 1911.9785864706746, "completition_cost": 1000.0, "overshoot_cost": 3551.592501727138, "power_cost": 33.383384484863285, "noise_cost": 100.58661935917517, "n_waypoints_completed": 0, "tot_waypoints": 9}}
{"target": -5766.6076245333925, "params": {"k_pid_pos": [1.8546600341796875, 0.0, 0.07596337795257568], "k_pid_alt": [0.04275548458099365, 0.0, 0.9755936861038208], "k_pid_att": [0.0, 9.972552299499512, 1.0], "k_pid_yaw": [0.5, 1e-06, 0.1], "k_pid_hsp": [0.26955556869506836, 1.0, 1.0], "k_pid_vsp": [0.0, 400.0, 385.3074035644531]}, "datetime": {"datetime": "2025-08-21 13:44:27", "elapsed": 17983.763125658035, "delta": 22.865115880966187}, "costs": {"total_cost": 5766.6076245333925, "time_cost": 150, "final_distance_cost": 1044.3160099784413, "oscillation_cost": 1535.5926289121198, "completition_cost": 1000.0, "overshoot_cost": 1905.0021239522785, "power_cost": 32.72527341308594, "noise_cost": 98.9715882774668, "n_waypoints_completed": 0, "tot_waypoints": 9}}
{"target": -13450.908620695001, "params": {"k_pid_pos": [1.9644867181777954, 0.04266217350959778, 0.0], "k_pid_alt": [0.01371079683303833, 0.0, 0.9316168427467346], "k_pid_att": [0.0, 10.0, 0.9895012974739075], "k_pid_yaw": [0.5, 1e-06, 0.1], "k_pid_hsp": [0.5664079189300537, 0.9548619389533997, 1.0], "k_pid_vsp": [0.0, 400.0, 397.04608154296875]}, "datetime": {"datetime": "2025-08-21 13:44:50", "elapsed": 18006.711910009384, "delta": 22.948784351348877}, "costs": {"total_cost": 13450.908620695001, "time_cost": 150, "final_distance_cost": 2572.5065053994563, "oscillation_cost": 2277.8149107284935, "completition_cost": 1000.0, "overshoot_cost": 7313.604917779073, "power_cost": 34.44911495361328, "noise_cost": 102.53317183436378, "n_waypoints_completed": 0, "tot_waypoints": 9}}
{"target": -2467.4981745008217, "params": {"k_pid_pos": [2.0, 0.03028792142868042, 0.10258716344833374], "k_pid_alt": [0.0, 0.057571232318878174, 1.0], "k_pid_att": [0.8932173252105713, 9.553221702575684, 1.0], "k_pid_yaw": [0.5, 1e-06, 0.1], "k_pid_hsp": [0.22435933351516724, 1.0, 1.0], "k_pid_vsp": [0.0, 364.5739440917969, 400.0]}, "datetime": {"datetime": "2025-08-21 13:45:13", "elapsed": 18029.547766447067, "delta": 22.835856437683105}, "costs": {"total_cost": 2467.4981745008217, "time_cost": 150, "final_distance_cost": 209.61956558172764, "oscillation_cost": 608.209102541761, "completition_cost": 1000.0, "overshoot_cost": 383.727289503542, "power_cost": 28.869464001464845, "noise_cost": 87.07275287232643, "n_waypoints_completed": 0, "tot_waypoints": 9}}
{"target": -1855.9037493001267, "params": {"k_pid_pos": [1.9986881017684937, 0.02024814486503601, 0.0], "k_pid_alt": [0.09146863222122192, 0.0, 1.0], "k_pid_att": [2.246081829071045, 9.793745040893555, 1.0], "k_pid_yaw": [0.5, 1e-06, 0.1], "k_pid_hsp": [9.999999747378752e-05, 1.0, 0.9502429962158203], "k_pid_vsp": [26.420534133911133, 400.0, 400.0]}, "datetime": {"datetime": "2025-08-21 13:45:36", "elapsed": 18052.489085912704, "delta": 22.941319465637207}, "costs": {"total_cost": 1855.9037493001267, "time_cost": 150, "final_distance_cost": 8.239759623385698, "oscillation_cost": 430.2518703205371, "completition_cost": 1000.0, "overshoot_cost": 152.6042946809503, "power_cost": 28.54681365966797, "noise_cost": 86.26101101558571, "n_waypoints_completed": 0, "tot_waypoints": 9}}
{"target": -5164.380621322645, "params": {"k_pid_pos": [1.8838626146316528, 0.0, 0.0], "k_pid_alt": [0.047058165073394775, 0.027591824531555176, 0.9969151616096497], "k_pid_att": [0.0, 10.0, 1.0], "k_pid_yaw": [0.5, 1e-06, 0.1], "k_pid_hsp": [9.999999747378752e-05, 0.9530202150344849, 0.9796563386917114], "k_pid_vsp": [2.0055413246154785, 400.0, 400.0]}, "datetime": {"datetime": "2025-08-21 13:45:59", "elapsed": 18075.94501209259, "delta": 23.455926179885864}, "costs": {"total_cost": 5164.380621322645, "time_cost": 150, "final_distance_cost": 570.2265963357854, "oscillation_cost": 1955.5531382367803, "completition_cost": 1000.0, "overshoot_cost": 1356.2103725152504, "power_cost": 33.19380153808594, "noise_cost": 99.19671269674423, "n_waypoints_completed": 0, "tot_waypoints": 9}}
{"target": -3130.6350179507335, "params": {"k_pid_pos": [1.8575544357299805, 0.0, 0.0], "k_pid_alt": [0.0645257830619812, 0.014910668134689331, 1.0], "k_pid_att": [9.633231163024902, 10.0, 1.0], "k_pid_yaw": [0.5, 1e-06, 0.1], "k_pid_hsp": [9.999999747378752e-05, 1.0, 1.0], "k_pid_vsp": [0.0, 383.19744873046875, 400.0]}, "datetime": {"datetime": "2025-08-21 13:46:23", "elapsed": 18100.193077802658, "delta": 24.24806571006775}, "costs": {"total_cost": 3130.6350179507335, "time_cost": 150, "final_distance_cost": 905.7846404241561, "oscillation_cost": 243.25278370655246, "completition_cost": 888.8888888888888, "overshoot_cost": 898.7102789406205, "power_cost": 22.287273889160158, "noise_cost": 21.71115210135578, "n_waypoints_completed": 1, "tot_waypoints": 9}}
{"target": -2232.911542494746, "params": {"k_pid_pos": [1.910293459892273, 0.0, 0.033068835735321045], "k_pid_alt": [0.0, 0.0, 1.0], "k_pid_att": [1.1647462844848633, 10.0, 1.0], "k_pid_yaw": [0.5, 1e-06, 0.1], "k_pid_hsp": [9.999999747378752e-05, 1.0, 0.978447675704956], "k_pid_vsp": [7.7216386795043945, 376.7852783203125, 400.0]}, "datetime": {"datetime": "2025-08-21 13:46:46", "elapsed": 18123.203833580017, "delta": 23.01075577735901}, "costs": {"total_cost": 2232.911542494746, "time_cost": 150, "final_distance_cost": 151.82294406058512, "oscillation_cost": 616.6917345790041, "completition_cost": 1000.0, "overshoot_cost": 230.8956824846355, "power_cost": 16.967567993164064, "noise_cost": 66.53361337735659, "n_waypoints_completed": 0, "tot_waypoints": 9}}
{"target": -4660.982547812069, "params": {"k_pid_pos": [2.0, 0.006599247455596924, 0.0013894736766815186], "k_pid_alt": [0.012777566909790039, 0.0, 1.0], "k_pid_att": [0.0, 10.0, 0.9243520498275757], "k_pid_yaw": [0.5, 1e-06, 0.1], "k_pid_hsp": [9.999999747378752e-05, 0.9621161222457886, 1.0], "k_pid_vsp": [0.0, 386.20458984375, 400.0]}, "datetime": {"datetime": "2025-08-21 13:47:10", "elapsed": 18147.04327273369, "delta": 23.839439153671265}, "costs": {"total_cost": 4660.982547812069, "time_cost": 150, "final_distance_cost": 421.2643644766105, "oscillation_cost": 1866.9684864648402, "completition_cost": 1000.0, "overshoot_cost": 1092.6592412165512, "power_cost": 32.17520209960938, "noise_cost": 97.91525355445843, "n_waypoints_completed": 0, "tot_waypoints": 9}}
{"target": -7943.7214744893445, "params": {"k_pid_pos": [2.0, 0.0, 0.0], "k_pid_alt": [0.06121569871902466, 0.10101073980331421, 1.0], "k_pid_att": [0.0, 9.881617546081543, 0.9469282627105713], "k_pid_yaw": [0.5, 1e-06, 0.1], "k_pid_hsp": [0.7634687423706055, 1.0, 1.0], "k_pid_vsp": [7.298183441162109, 396.19342041015625, 385.40643310546875]}, "datetime": {"datetime": "2025-08-21 13:47:34", "elapsed": 18170.49031829834, "delta": 23.44704556465149}, "costs": {"total_cost": 7943.7214744893445, "time_cost": 150, "final_distance_cost": 2332.644180943777, "oscillation_cost": 2003.756902731845, "completition_cost": 1000.0, "overshoot_cost": 2319.7712117607384, "power_cost": 34.63787253417969, "noise_cost": 102.91130651880316, "n_waypoints_completed": 0, "tot_waypoints": 9}}
{"target": -4303.759769005484, "params": {"k_pid_pos": [2.0, 0.05769854784011841, 0.0], "k_pid_alt": [0.00030481815338134766, 0.07901069521903992, 1.0], "k_pid_att": [11.715496063232422, 10.0, 0.9820019006729126], "k_pid_yaw": [0.5, 1e-06, 0.1], "k_pid_hsp": [0.32906365394592285, 1.0, 1.0], "k_pid_vsp": [12.795042991638184, 377.59478759765625, 378.8682861328125]}, "datetime": {"datetime": "2025-08-21 13:47:56", "elapsed": 18193.440040826797, "delta": 22.94972252845764}, "costs": {"total_cost": 4303.759769005484, "time_cost": 150, "final_distance_cost": 1249.8098064834037, "oscillation_cost": 213.04760426900376, "completition_cost": 1000.0, "overshoot_cost": 1657.3027350458756, "power_cost": 18.72824715576172, "noise_cost": 14.871376051438405, "n_waypoints_completed": 0, "tot_waypoints": 9}}
{"target": -1891.5375458290036, "params": {"k_pid_pos": [1.9672482013702393, 0.003325939178466797, 0.022403419017791748], "k_pid_alt": [0.14747297763824463, 0.0, 0.9512853622436523], "k_pid_att": [3.6324949264526367, 10.0, 0.9368041753768921], "k_pid_yaw": [0.5, 1e-06, 0.1], "k_pid_hsp": [9.999999747378752e-05, 0.9854289889335632, 0.9589380025863647], "k_pid_vsp": [7.8818678855896, 400.0, 387.42987060546875]}, "datetime": {"datetime": "2025-08-21 13:48:20", "elapsed": 18217.267637252808, "delta": 23.827596426010132}, "costs": {"total_cost": 1891.5375458290036, "time_cost": 150, "final_distance_cost": 181.35986323985495, "oscillation_cost": 264.7924060364879, "completition_cost": 1000.0, "overshoot_cost": 226.7551074086258, "power_cost": 20.40965290527344, "noise_cost": 48.22051623876144, "n_waypoints_completed": 0, "tot_waypoints": 9}}
{"target": -4675.591025895926, "params": {"k_pid_pos": [1.8520441055297852, 0.007542669773101807, 0.0], "k_pid_alt": [0.0766788125038147, 0.0011203885078430176, 1.0], "k_pid_att": [0.0, 10.0, 0.9511785507202148], "k_pid_yaw": [0.5, 1e-06, 0.1], "k_pid_hsp": [9.999999747378752e-05, 0.9770791530609131, 1.0], "k_pid_vsp": [6.355738639831543, 369.68536376953125, 400.0]}, "datetime": {"datetime": "2025-08-21 13:48:43", "elapsed": 18240.157490491867, "delta": 22.88985323905945}, "costs": {"total_cost": 4675.591025895926, "time_cost": 150, "final_distance_cost": 723.2106817806318, "oscillation_cost": 1266.162662095705, "completition_cost": 1000.0, "overshoot_cost": 1410.6106543290596, "power_cost": 31.001861352539063, "noise_cost": 94.60516633799037, "n_waypoints_completed": 0, "tot_waypoints": 9}}
{"target": -2594.2980529523124, "params": {"k_pid_pos": [1.998724102973938, 0.0, 0.0], "k_pid_alt": [0.018511056900024414, 0.0, 0.9569664001464844], "k_pid_att": [0.9896308183670044, 10.0, 1.0], "k_pid_yaw": [0.5, 1e-06, 0.1], "k_pid_hsp": [0.22523850202560425, 0.9965255260467529, 1.0], "k_pid_vsp": [0.0, 400.0, 400.0]}, "datetime": {"datetime": "2025-08-21 13:49:06", "elapsed": 18263.19917011261, "delta": 23.041679620742798}, "costs": {"total_cost": 2594.2980529523124, "time_cost": 150, "final_distance_cost": 262.021374030495, "oscillation_cost": 654.918626153235, "completition_cost": 1000.0, "overshoot_cost": 408.6176484871334, "power_cost": 29.68491942138672, "noise_cost": 89.055484860062, "n_waypoints_completed": 0, "tot_waypoints": 9}}
{"target": -19520.6610771324, "params": {"k_pid_pos": [1.9969409704208374, 0.07321751117706299, 0.05490347743034363], "k_pid_alt": [0.0, 0.0, 0.9902678728103638], "k_pid_att": [0.0, 9.323725700378418, 0.9232173562049866], "k_pid_yaw": [0.5, 1e-06, 0.1], "k_pid_hsp": [0.7205919623374939, 1.0, 1.0], "k_pid_vsp": [0.0, 400.0, 372.5662841796875]}, "datetime": {"datetime": "2025-08-21 13:49:29", "elapsed": 18285.871868133545, "delta": 22.67269802093506}, "costs": {"total_cost": 19520.6610771324, "time_cost": 150, "final_distance_cost": 6073.1162532232765, "oscillation_cost": 1992.4052916862026, "completition_cost": 1000.0, "overshoot_cost": 10178.337196197203, "power_cost": 30.12774304199219, "noise_cost": 96.67459298372842, "n_waypoints_completed": 0, "tot_waypoints": 9}}
{"target": -1707.6414929002747, "params": {"k_pid_pos": [1.9415537118911743, 0.0, 0.0], "k_pid_alt": [0.027739226818084717, 0.07813411951065063, 1.0], "k_pid_att": [7.485297203063965, 10.0, 1.0], "k_pid_yaw": [0.5, 1e-06, 0.1], "k_pid_hsp": [0.6486960649490356, 0.9765374064445496, 0.9352481365203857], "k_pid_vsp": [0.0, 389.57415771484375, 397.2029113769531]}, "datetime": {"datetime": "2025-08-21 13:49:53", "elapsed": 18309.514680862427, "delta": 23.642812728881836}, "costs": {"total_cost": 1707.6414929002747, "time_cost": 150, "final_distance_cost": 1.127812643418626, "oscillation_cost": 329.52523741250604, "completition_cost": 1000.0, "overshoot_cost": 135.93685825787924, "power_cost": 21.760720458984377, "noise_cost": 69.29086412748612, "n_waypoints_completed": 0, "tot_waypoints": 9}}
{"target": -1710.1105090786787, "params": {"k_pid_pos": [1.95499587059021, 0.0, 0.0], "k_pid_alt": [0.0, 0.004253476858139038, 1.0], "k_pid_att": [3.8491220474243164, 9.455650329589844, 0.9867948293685913], "k_pid_yaw": [0.5, 1e-06, 0.1], "k_pid_hsp": [9.999999747378752e-05, 0.9888718128204346, 1.0], "k_pid_vsp": [13.822269439697266, 387.45367431640625, 400.0]}, "datetime": {"datetime": "2025-08-21 13:50:16", "elapsed": 18332.481461763382, "delta": 22.9667809009552}, "costs": {"total_cost": 1710.1105090786787, "time_cost": 150, "final_distance_cost": 7.4217566715241885, "oscillation_cost": 312.07272936518876, "completition_cost": 1000.0, "overshoot_cost": 136.85026810180295, "power_cost": 25.59264384765625, "noise_cost": 78.17311109250667, "n_waypoints_completed": 0, "tot_waypoints": 9}}
{"target": -11714.41824794768, "params": {"k_pid_pos": [1.908628225326538, 0.0, 0.07565385103225708], "k_pid_alt": [0.0, 0.0, 0.9968032836914062], "k_pid_att": [0.0, 10.0, 1.0], "k_pid_yaw": [0.5, 1e-06, 0.1], "k_pid_hsp": [9.999999747378752e-05, 0.9672436118125916, 0.9972366094589233], "k_pid_vsp": [1.9857168197631836, 400.0, 400.0]}, "datetime": {"datetime": "2025-08-21 13:50:39", "elapsed": 18355.615010023117, "delta": 23.133548259735107}, "costs": {"total_cost": 11714.41824794768, "time_cost": 150, "final_distance_cost": 3746.64568955405, "oscillation_cost": 1726.0693913274008, "completition_cost": 1000.0, "overshoot_cost": 4978.793279728814, "power_cost": 25.547933618164063, "noise_cost": 87.36195371925105, "n_waypoints_completed": 0, "tot_waypoints": 9}}
{"target": -6868.713338918001, "params": {"k_pid_pos": [1.9211899042129517, 0.03828057646751404, 0.0], "k_pid_alt": [0.0, 0.0, 1.0], "k_pid_att": [0.0, 10.0, 1.0], "k_pid_yaw": [0.5, 1e-06, 0.1], "k_pid_hsp": [0.33398935198783875, 1.0, 1.0], "k_pid_vsp": [43.79296112060547, 400.0, 399.2763671875]}, "datetime": {"datetime": "2025-08-21 13:51:02", "elapsed": 18378.61082839966, "delta": 22.995818376541138}, "costs": {"total_cost": 6868.713338918001, "time_cost": 150, "final_distance_cost": 1959.8556729181166, "oscillation_cost": 1684.3525411976573, "completition_cost": 1000.0, "overshoot_cost": 1957.628899063231, "power_cost": 27.16303210449219, "noise_cost": 89.71319363450391, "n_waypoints_completed": 0, "tot_waypoints": 9}}
{"target": -16623.520810435173, "params": {"k_pid_pos": [2.0, 0.0, 0.036690354347229004], "k_pid_alt": [0.0, 0.033609211444854736, 0.9771050810813904], "k_pid_att": [0.0, 9.731504440307617, 1.0], "k_pid_yaw": [0.5, 1e-06, 0.1], "k_pid_hsp": [9.999999747378752e-05, 0.9832168817520142, 1.0], "k_pid_vsp": [0.0, 399.3414001464844, 381.88165283203125]}, "datetime": {"datetime": "2025-08-21 13:51:25", "elapsed": 18402.190950393677, "delta": 23.580121994018555}, "costs": {"total_cost": 16623.520810435173, "time_cost": 150, "final_distance_cost": 4882.750850808583, "oscillation_cost": 2125.4754569032652, "completition_cost": 1000.0, "overshoot_cost": 8331.925724678787, "power_cost": 33.34014500732422, "noise_cost": 100.0286330372093, "n_waypoints_completed": 0, "tot_waypoints": 9}}
{"target": -3819.663309339761, "params": {"k_pid_pos": [2.0, 0.04148992896080017, 0.0], "k_pid_alt": [0.0, 0.021692752838134766, 1.0], "k_pid_att": [0.0, 9.875540733337402, 0.9628921747207642], "k_pid_yaw": [0.5, 1e-06, 0.1], "k_pid_hsp": [9.999999747378752e-05, 1.0, 0.942011833190918], "k_pid_vsp": [4.511964321136475, 399.8917236328125, 400.0]}, "datetime": {"datetime": "2025-08-21 13:51:49", "elapsed": 18425.471009016037, "delta": 23.28005862236023}, "costs": {"total_cost": 3819.663309339761, "time_cost": 150, "final_distance_cost": 325.6512785601833, "oscillation_cost": 1330.4383730484944, "completition_cost": 1000.0, "overshoot_cost": 888.1747674206209, "power_cost": 30.949273510742188, "noise_cost": 94.44961679971978, "n_waypoints_completed": 0, "tot_waypoints": 9}}
{"target": -4556.209453865294, "params": {"k_pid_pos": [2.0, 0.04045069217681885, 0.09561395645141602], "k_pid_alt": [0.0, 0.0, 0.9491732120513916], "k_pid_att": [0.0, 8.956433296203613, 1.0], "k_pid_yaw": [0.5, 1e-06, 0.1], "k_pid_hsp": [9.999999747378752e-05, 0.9395202994346619, 1.0], "k_pid_vsp": [39.88202667236328, 400.0, 395.39642333984375]}, "datetime": {"datetime": "2025-08-21 13:52:12", "elapsed": 18449.1023709774, "delta": 23.631361961364746}, "costs": {"total_cost": 4556.209453865294, "time_cost": 150, "final_distance_cost": 720.8368873684855, "oscillation_cost": 858.5873368885019, "completition_cost": 1000.0, "overshoot_cost": 1739.9181557817471, "power_cost": 17.301205529785157, "noise_cost": 69.56586829677377, "n_waypoints_completed": 0, "tot_waypoints": 9}}
{"target": -6175.196402649158, "params": {"k_pid_pos": [1.7937546968460083, 0.00164109468460083, 0.0], "k_pid_alt": [0.0, 0.01677587628364563, 0.9735515117645264], "k_pid_att": [0.39096176624298096, 10.0, 1.0], "k_pid_yaw": [0.5, 1e-06, 0.1], "k_pid_hsp": [0.9481655955314636, 0.9844889640808105, 1.0], "k_pid_vsp": [0.0, 400.0, 400.0]}, "datetime": {"datetime": "2025-08-21 13:52:35", "elapsed": 18472.407713890076, "delta": 23.30534291267395}, "costs": {"total_cost": 6175.196402649158, "time_cost": 150, "final_distance_cost": 1273.8306384464943, "oscillation_cost": 1660.2721807039864, "completition_cost": 1000.0, "overshoot_cost": 1957.7864645764803, "power_cost": 33.38159736328125, "noise_cost": 99.9255215589154, "n_waypoints_completed": 0, "tot_waypoints": 9}}
{"target": -2633.421203299444, "params": {"k_pid_pos": [1.9823728799819946, 0.002111673355102539, 0.0], "k_pid_alt": [0.0, 0.06471869349479675, 0.9767929315567017], "k_pid_att": [0.9222865104675293, 10.0, 0.9826557636260986], "k_pid_yaw": [0.5, 1e-06, 0.1], "k_pid_hsp": [0.9481617212295532, 1.0, 0.9243816137313843], "k_pid_vsp": [21.744083404541016, 400.0, 400.0]}, "datetime": {"datetime": "2025-08-21 13:52:58", "elapsed": 18495.320675373077, "delta": 22.91296148300171}, "costs": {"total_cost": 2633.421203299444, "time_cost": 150, "final_distance_cost": 323.2772128056779, "oscillation_cost": 587.1020271691643, "completition_cost": 1000.0, "overshoot_cost": 450.15766814245364, "power_cost": 30.71293065185547, "noise_cost": 92.17136453029312, "n_waypoints_completed": 0, "tot_waypoints": 9}}
{"target": -1689.7594409180394, "params": {"k_pid_pos": [2.0, 0.025428473949432373, 0.0], "k_pid_alt": [0.05047410726547241, 0.0, 0.8830925822257996], "k_pid_att": [4.916888236999512, 9.358787536621094, 0.8025047183036804], "k_pid_yaw": [0.5, 1e-06, 0.1], "k_pid_hsp": [9.999999747378752e-05, 1.0, 1.0], "k_pid_vsp": [3.2835960388183594, 400.0, 393.2498779296875]}, "datetime": {"datetime": "2025-08-21 13:53:22", "elapsed": 18518.79716515541, "delta": 23.476489782333374}, "costs": {"total_cost": 1689.7594409180394, "time_cost": 150, "final_distance_cost": 12.76522121604679, "oscillation_cost": 295.6234483551779, "completition_cost": 1000.0, "overshoot_cost": 148.7504567357844, "power_cost": 20.554381420898437, "noise_cost": 62.065933190131915, "n_waypoints_completed": 0, "tot_waypoints": 9}}
