{"target": -5049.7763498291715, "params": {"k_pid_pos": [1.9486943483352661, 0.003313809633255005, 0.0], "k_pid_alt": [0.07850217819213867, 0.0, 0.9159787893295288], "k_pid_att": [12.416481971740723, 10.0, 0.9224512577056885], "k_pid_yaw": [0.5, 1e-06, 0.1], "k_pid_hsp": [9.999999747378752e-05, 1.0, 0.8689769506454468], "k_pid_vsp": [0.0, 400.0, 375.50872802734375]}, "datetime": {"datetime": "2025-08-21 14:37:02", "elapsed": 21138.82864022255, "delta": 24.971906185150146}, "costs": {"total_cost": 5049.7763498291715, "time_cost": 150, "final_distance_cost": 1505.3047208958624, "oscillation_cost": 207.86691523088498, "completition_cost": 1000.0, "overshoot_cost": 2155.107758289535, "power_cost": 16.403233654785158, "noise_cost": 15.093721758103634, "n_waypoints_completed": 0, "tot_waypoints": 9}}
{"target": -2039.9552646182121, "params": {"k_pid_pos": [1.94627845287323, 0.027348458766937256, 0.0015242695808410645], "k_pid_alt": [0.11240482330322266, 0.0407121479511261, 0.9492242336273193], "k_pid_att": [2.0443172454833984, 9.99091625213623, 1.0], "k_pid_yaw": [0.5, 1e-06, 0.1], "k_pid_hsp": [9.999999747378752e-05, 1.0, 0.9679765701293945], "k_pid_vsp": [0.0, 380.3885498046875, 388.6349182128906]}, "datetime": {"datetime": "2025-08-21 14:37:24", "elapsed": 21161.346686840057, "delta": 22.518046617507935}, "costs": {"total_cost": 2039.9552646182121, "time_cost": 150, "final_distance_cost": 78.73449657205438, "oscillation_cost": 452.07688289610456, "completition_cost": 1000.0, "overshoot_cost": 243.46912841431296, "power_cost": 28.767804052734377, "noise_cost": 86.90695268300573, "n_waypoints_completed": 0, "tot_waypoints": 9}}
{"target": -1730.862448160898, "params": {"k_pid_pos": [1.876929759979248, 0.0, 0.0], "k_pid_alt": [0.07028400897979736, 0.04169881343841553, 1.0], "k_pid_att": [6.49784517288208, 9.865472793579102, 0.950402557849884], "k_pid_yaw": [0.5, 1e-06, 0.1], "k_pid_hsp": [0.2611806094646454, 0.9773083925247192, 1.0], "k_pid_vsp": [0.0, 387.8166809082031, 400.0]}, "datetime": {"datetime": "2025-08-21 14:37:48", "elapsed": 21184.528523921967, "delta": 23.18183708190918}, "costs": {"total_cost": 1730.862448160898, "time_cost": 150, "final_distance_cost": 146.4913026292773, "oscillation_cost": 209.08294535632737, "completition_cost": 888.8888888888888, "overshoot_cost": 294.7721164535162, "power_cost": 21.388445556640626, "noise_cost": 20.23874927624775, "n_waypoints_completed": 1, "tot_waypoints": 9}}
{"target": -1746.3622730962832, "params": {"k_pid_pos": [2.0, 0.0, 0.02408471703529358], "k_pid_alt": [0.05035269260406494, 0.012947231531143188, 0.9754058122634888], "k_pid_att": [4.406559467315674, 10.0, 0.960332989692688], "k_pid_yaw": [0.5, 1e-06, 0.1], "k_pid_hsp": [9.999999747378752e-05, 0.9445384740829468, 1.0], "k_pid_vsp": [36.712646484375, 382.0743408203125, 400.0]}, "datetime": {"datetime": "2025-08-21 14:38:11", "elapsed": 21207.83430337906, "delta": 23.305779457092285}, "costs": {"total_cost": 1746.3622730962832, "time_cost": 150, "final_distance_cost": 37.39543374977306, "oscillation_cost": 284.1844553076244, "completition_cost": 1000.0, "overshoot_cost": 191.70963266166365, "power_cost": 19.659333984375, "noise_cost": 63.413417392847094, "n_waypoints_completed": 0, "tot_waypoints": 9}}
{"target": -1610.9854023696826, "params": {"k_pid_pos": [1.9082218408584595, 0.011363297700881958, 0.0], "k_pid_alt": [0.0, 0.0, 0.9382317066192627], "k_pid_att": [5.3002119064331055, 9.746694564819336, 1.0], "k_pid_yaw": [0.5, 1e-06, 0.1], "k_pid_hsp": [0.3887943625450134, 0.9745345711708069, 0.9296938180923462], "k_pid_vsp": [0.0, 382.47637939453125, 400.0]}, "datetime": {"datetime": "2025-08-21 14:38:37", "elapsed": 21233.918140411377, "delta": 26.083837032318115}, "costs": {"total_cost": 1610.9854023696826, "time_cost": 150, "final_distance_cost": 3.014022566770319, "oscillation_cost": 288.9450155491106, "completition_cost": 1000.0, "overshoot_cost": 115.8198181021384, "power_cost": 16.689014501953125, "noise_cost": 36.517531649709966, "n_waypoints_completed": 0, "tot_waypoints": 9}}
{"target": -3453.4195795469827, "params": {"k_pid_pos": [2.0, 0.05118712782859802, 0.02639615535736084], "k_pid_alt": [0.0, 0.0, 0.9396952986717224], "k_pid_att": [7.134085655212402, 9.899565696716309, 1.0], "k_pid_yaw": [0.5, 1e-06, 0.1], "k_pid_hsp": [9.999999747378752e-05, 1.0, 1.0], "k_pid_vsp": [0.0, 400.0, 400.0]}, "datetime": {"datetime": "2025-08-21 14:39:00", "elapsed": 21257.247794151306, "delta": 23.3296537399292}, "costs": {"total_cost": 3453.4195795469827, "time_cost": 150, "final_distance_cost": 955.4639805554782, "oscillation_cost": 191.16141757128537, "completition_cost": 1000.0, "overshoot_cost": 1113.6393882431666, "power_cost": 20.566516040039062, "noise_cost": 22.58827713701356, "n_waypoints_completed": 0, "tot_waypoints": 9}}
{"target": -1908.0965402208676, "params": {"k_pid_pos": [1.9965519905090332, 0.07497578859329224, 0.039517104625701904], "k_pid_alt": [0.14978641271591187, 0.0, 1.0], "k_pid_att": [7.099196434020996, 9.708151817321777, 1.0], "k_pid_yaw": [0.5, 1e-06, 0.1], "k_pid_hsp": [0.10622649639844894, 1.0, 1.0], "k_pid_vsp": [19.835758209228516, 400.0, 400.0]}, "datetime": {"datetime": "2025-08-21 14:39:26", "elapsed": 21282.719745874405, "delta": 25.471951723098755}, "costs": {"total_cost": 1908.0965402208676, "time_cost": 150, "final_distance_cost": 250.61753935030197, "oscillation_cost": 253.7953993535307, "completition_cost": 1000.0, "overshoot_cost": 184.74388174405465, "power_cost": 20.35516573486328, "noise_cost": 48.58455403811709, "n_waypoints_completed": 0, "tot_waypoints": 9}}
{"target": -4869.735004866976, "params": {"k_pid_pos": [1.9181580543518066, 0.025911569595336914, 0.0], "k_pid_alt": [0.0, 0.0, 1.0], "k_pid_att": [0.0, 9.543679237365723, 1.0], "k_pid_yaw": [0.5, 1e-06, 0.1], "k_pid_hsp": [0.2514568269252777, 1.0, 1.0], "k_pid_vsp": [9.939300537109375, 400.0, 381.01580810546875]}, "datetime": {"datetime": "2025-08-21 14:39:51", "elapsed": 21307.596368551254, "delta": 24.876622676849365}, "costs": {"total_cost": 4869.735004866976, "time_cost": 150, "final_distance_cost": 802.8485222778049, "oscillation_cost": 1823.4789422837543, "completition_cost": 1000.0, "overshoot_cost": 980.9251673779236, "power_cost": 25.489562341308595, "noise_cost": 86.99281058618445, "n_waypoints_completed": 0, "tot_waypoints": 9}}
{"target": -4590.093140785984, "params": {"k_pid_pos": [2.0, 0.009310662746429443, 0.027744829654693604], "k_pid_alt": [0.0, 0.0, 1.0], "k_pid_att": [0.0, 9.777714729309082, 1.0], "k_pid_yaw": [0.5, 1e-06, 0.1], "k_pid_hsp": [0.2913348972797394, 1.0, 0.9939190149307251], "k_pid_vsp": [14.744794845581055, 378.377685546875, 400.0]}, "datetime": {"datetime": "2025-08-21 14:40:13", "elapsed": 21330.30423808098, "delta": 22.70786952972412}, "costs": {"total_cost": 4590.093140785984, "time_cost": 150, "final_distance_cost": 568.3533720645348, "oscillation_cost": 1982.3545003504169, "completition_cost": 1000.0, "overshoot_cost": 777.2903615505278, "power_cost": 25.250188806152345, "noise_cost": 86.84471801435319, "n_waypoints_completed": 0, "tot_waypoints": 9}}
{"target": -9019.483372929197, "params": {"k_pid_pos": [1.9599117040634155, 0.08756697177886963, 0.01501452922821045], "k_pid_alt": [0.0, 0.0, 0.9895577430725098], "k_pid_att": [0.0, 10.0, 0.9284030199050903], "k_pid_yaw": [0.5, 1e-06, 0.1], "k_pid_hsp": [9.999999747378752e-05, 0.9570180177688599, 1.0], "k_pid_vsp": [26.430273056030273, 400.0, 366.3988037109375]}, "datetime": {"datetime": "2025-08-21 14:40:36", "elapsed": 21352.915809869766, "delta": 22.611571788787842}, "costs": {"total_cost": 9019.483372929197, "time_cost": 150, "final_distance_cost": 2659.02452911468, "oscillation_cost": 2014.471223874295, "completition_cost": 1000.0, "overshoot_cost": 3081.317811866193, "power_cost": 26.263538146972657, "noise_cost": 88.40626992705718, "n_waypoints_completed": 0, "tot_waypoints": 9}}
{"target": -1880.639523567684, "params": {"k_pid_pos": [2.0, 0.0, 0.06437167525291443], "k_pid_alt": [0.024137496948242188, 0.036880940198898315, 0.9641997814178467], "k_pid_att": [5.041027069091797, 10.0, 0.8987934589385986], "k_pid_yaw": [0.5, 1e-06, 0.1], "k_pid_hsp": [9.999999747378752e-05, 1.0, 1.0], "k_pid_vsp": [0.0, 397.7894287109375, 394.56573486328125]}, "datetime": {"datetime": "2025-08-21 14:40:58", "elapsed": 21375.420396327972, "delta": 22.504586458206177}, "costs": {"total_cost": 1880.639523567684, "time_cost": 150, "final_distance_cost": 80.99472404701281, "oscillation_cost": 248.58285433813333, "completition_cost": 1000.0, "overshoot_cost": 343.1448638793506, "power_cost": 18.530890551757814, "noise_cost": 39.38619075142928, "n_waypoints_completed": 0, "tot_waypoints": 9}}
{"target": -2242.456704764956, "params": {"k_pid_pos": [2.0, 0.008390694856643677, 0.0], "k_pid_alt": [0.15203416347503662, 0.0, 0.9172266721725464], "k_pid_att": [2.307161808013916, 10.0, 0.9545468091964722], "k_pid_yaw": [0.5, 1e-06, 0.1], "k_pid_hsp": [9.999999747378752e-05, 0.9818893671035767, 1.0], "k_pid_vsp": [0.0, 400.0, 398.32781982421875]}, "datetime": {"datetime": "2025-08-21 14:41:21", "elapsed": 21398.294440746307, "delta": 22.87404441833496}, "costs": {"total_cost": 2242.456704764956, "time_cost": 150, "final_distance_cost": 158.25023070452494, "oscillation_cost": 399.00426634009597, "completition_cost": 1000.0, "overshoot_cost": 422.32411134759366, "power_cost": 27.963652368164063, "noise_cost": 84.91444400457758, "n_waypoints_completed": 0, "tot_waypoints": 9}}
{"target": -1896.9797933820882, "params": {"k_pid_pos": [1.880133032798767, 0.08355295658111572, 0.0013586580753326416], "k_pid_alt": [0.06564748287200928, 0.052216798067092896, 0.9271737337112427], "k_pid_att": [2.6449084281921387, 9.426909446716309, 0.9532595276832581], "k_pid_yaw": [0.5, 1e-06, 0.1], "k_pid_hsp": [9.999999747378752e-05, 0.9637537002563477, 1.0], "k_pid_vsp": [0.0, 384.22900390625, 399.59490966796875]}, "datetime": {"datetime": "2025-08-21 14:41:44", "elapsed": 21421.089617729187, "delta": 22.79517698287964}, "costs": {"total_cost": 1896.9797933820882, "time_cost": 150, "final_distance_cost": 99.69992839941209, "oscillation_cost": 331.20706198407345, "completition_cost": 1000.0, "overshoot_cost": 271.1259617957427, "power_cost": 19.832021215820312, "noise_cost": 25.114819987039777, "n_waypoints_completed": 0, "tot_waypoints": 9}}
{"target": -20328.278932988593, "params": {"k_pid_pos": [2.0, 0.0431675910949707, 0.08876842260360718], "k_pid_alt": [0.0, 0.021412968635559082, 1.0], "k_pid_att": [0.0, 9.81933307647705, 1.0], "k_pid_yaw": [0.5, 1e-06, 0.1], "k_pid_hsp": [9.999999747378752e-05, 0.9493829011917114, 0.9481886625289917], "k_pid_vsp": [12.34138011932373, 381.3078308105469, 381.4437561035156]}, "datetime": {"datetime": "2025-08-21 14:42:08", "elapsed": 21444.62892818451, "delta": 23.539310455322266}, "costs": {"total_cost": 20328.278932988593, "time_cost": 150, "final_distance_cost": 6247.1198631433535, "oscillation_cost": 2190.442260201009, "completition_cost": 1000.0, "overshoot_cost": 10604.546577834273, "power_cost": 34.276716235351564, "noise_cost": 101.8935155746025, "n_waypoints_completed": 0, "tot_waypoints": 9}}
{"target": -5695.312132470743, "params": {"k_pid_pos": [1.671722650527954, 0.02985134720802307, 0.0], "k_pid_alt": [0.15303242206573486, 0.0, 1.0], "k_pid_att": [0.0, 10.0, 0.9638655185699463], "k_pid_yaw": [0.5, 1e-06, 0.1], "k_pid_hsp": [9.999999747378752e-05, 0.9981806874275208, 1.0], "k_pid_vsp": [0.0, 377.4817810058594, 398.5999450683594]}, "datetime": {"datetime": "2025-08-21 14:42:31", "elapsed": 21467.790143966675, "delta": 23.161215782165527}, "costs": {"total_cost": 5695.312132470743, "time_cost": 150, "final_distance_cost": 948.2191165978485, "oscillation_cost": 2033.907568273018, "completition_cost": 1000.0, "overshoot_cost": 1424.11804064141, "power_cost": 35.16619333496094, "noise_cost": 103.90121362350514, "n_waypoints_completed": 0, "tot_waypoints": 9}}
{"target": -2068.3410231851926, "params": {"k_pid_pos": [2.0, 0.06583264470100403, 0.02951151132583618], "k_pid_alt": [0.0, 0.0, 1.0], "k_pid_att": [1.137399673461914, 10.0, 0.9463623762130737], "k_pid_yaw": [0.5, 1e-06, 0.1], "k_pid_hsp": [0.18045172095298767, 0.9779077172279358, 0.9868550300598145], "k_pid_vsp": [4.370260238647461, 400.0, 400.0]}, "datetime": {"datetime": "2025-08-21 14:42:54", "elapsed": 21491.131669282913, "delta": 23.341525316238403}, "costs": {"total_cost": 2068.3410231851926, "time_cost": 150, "final_distance_cost": 6.446434949557561, "oscillation_cost": 673.6785934861591, "completition_cost": 1000.0, "overshoot_cost": 153.59172853712187, "power_cost": 16.48413660888672, "noise_cost": 68.14012960346726, "n_waypoints_completed": 0, "tot_waypoints": 9}}
{"target": -4634.497398116263, "params": {"k_pid_pos": [2.0, 0.003629058599472046, 0.0], "k_pid_alt": [0.03105950355529785, 0.0, 1.0], "k_pid_att": [0.0, 10.0, 0.8292986750602722], "k_pid_yaw": [0.5, 1e-06, 0.1], "k_pid_hsp": [9.999999747378752e-05, 0.9046187400817871, 0.9884828329086304], "k_pid_vsp": [5.405068397521973, 389.37591552734375, 400.0]}, "datetime": {"datetime": "2025-08-21 14:43:17", "elapsed": 21514.454265594482, "delta": 23.322596311569214}, "costs": {"total_cost": 4634.497398116263, "time_cost": 150, "final_distance_cost": 723.8934922930571, "oscillation_cost": 1072.410160984184, "completition_cost": 1000.0, "overshoot_cost": 1562.7325882197586, "power_cost": 31.086169262695314, "noise_cost": 94.37498735656848, "n_waypoints_completed": 0, "tot_waypoints": 9}}
{"target": -1750.4344359824752, "params": {"k_pid_pos": [2.0, 0.019600361585617065, 0.0], "k_pid_alt": [0.04203224182128906, 0.0, 0.9512554407119751], "k_pid_att": [5.689632892608643, 9.964417457580566, 0.9921672940254211], "k_pid_yaw": [0.5, 1e-06, 0.1], "k_pid_hsp": [9.999999747378752e-05, 1.0, 1.0], "k_pid_vsp": [59.23068618774414, 400.0, 385.2571716308594]}, "datetime": {"datetime": "2025-08-21 14:43:41", "elapsed": 21537.934120178223, "delta": 23.479854583740234}, "costs": {"total_cost": 1750.4344359824752, "time_cost": 150, "final_distance_cost": 147.29306635713, "oscillation_cost": 205.43569858991316, "completition_cost": 1000.0, "overshoot_cost": 202.38300007400352, "power_cost": 20.659236474609376, "noise_cost": 24.663434486819053, "n_waypoints_completed": 0, "tot_waypoints": 9}}
{"target": -8727.468115283393, "params": {"k_pid_pos": [1.793359637260437, 0.01511576771736145, 0.01747763156890869], "k_pid_alt": [0.16976231336593628, 0.0, 1.0], "k_pid_att": [0.0, 9.484643936157227, 0.9820789098739624], "k_pid_yaw": [0.5, 1e-06, 0.1], "k_pid_hsp": [0.4110061228275299, 1.0, 1.0], "k_pid_vsp": [3.8675904273986816, 394.61761474609375, 370.57086181640625]}, "datetime": {"datetime": "2025-08-21 14:44:04", "elapsed": 21561.2931330204, "delta": 23.359012842178345}, "costs": {"total_cost": 8727.468115283393, "time_cost": 150, "final_distance_cost": 1805.6487381571128, "oscillation_cost": 1196.0815160544173, "completition_cost": 1000.0, "overshoot_cost": 4444.369611015989, "power_cost": 32.839096301269535, "noise_cost": 98.52915375460366, "n_waypoints_completed": 0, "tot_waypoints": 9}}
{"target": -12230.990893202617, "params": {"k_pid_pos": [1.997658371925354, 0.0, 0.0], "k_pid_alt": [0.013258635997772217, 0.08072453737258911, 1.0], "k_pid_att": [0.0, 9.51897144317627, 1.0], "k_pid_yaw": [0.5, 1e-06, 0.1], "k_pid_hsp": [9.999999747378752e-05, 1.0, 1.0], "k_pid_vsp": [0.0, 400.0, 400.0]}, "datetime": {"datetime": "2025-08-21 14:44:28", "elapsed": 21584.657123804092, "delta": 23.363990783691406}, "costs": {"total_cost": 12230.990893202617, "time_cost": 150, "final_distance_cost": 3770.774844840779, "oscillation_cost": 1946.5942735182427, "completition_cost": 1000.0, "overshoot_cost": 5230.312555694944, "power_cost": 33.39275969238282, "noise_cost": 99.91645945626966, "n_waypoints_completed": 0, "tot_waypoints": 9}}
{"target": -2011.3948126278863, "params": {"k_pid_pos": [2.0, 0.10961797833442688, 0.005498141050338745], "k_pid_alt": [0.1482740044593811, 0.0, 0.9632924199104309], "k_pid_att": [1.7634004354476929, 10.0, 0.9047502279281616], "k_pid_yaw": [0.5, 1e-06, 0.1], "k_pid_hsp": [9.999999747378752e-05, 0.989106297492981, 1.0], "k_pid_vsp": [6.763291358947754, 400.0, 400.0]}, "datetime": {"datetime": "2025-08-21 14:44:50", "elapsed": 21607.35019016266, "delta": 22.693066358566284}, "costs": {"total_cost": 2011.3948126278863, "time_cost": 150, "final_distance_cost": 34.205227665342086, "oscillation_cost": 510.5790469866857, "completition_cost": 1000.0, "overshoot_cost": 202.87858898168918, "power_cost": 28.685645141601565, "noise_cost": 85.04630385256783, "n_waypoints_completed": 0, "tot_waypoints": 9}}
{"target": -1531.1807126437936, "params": {"k_pid_pos": [1.9168590307235718, 0.0415060818195343, 0.0], "k_pid_alt": [0.028560280799865723, 0.0, 0.9866393804550171], "k_pid_att": [8.909723281860352, 9.77452278137207, 0.9608701467514038], "k_pid_yaw": [0.5, 1e-06, 0.1], "k_pid_hsp": [0.39002102613449097, 0.9962133169174194, 1.0], "k_pid_vsp": [0.0, 390.83953857421875, 400.0]}, "datetime": {"datetime": "2025-08-21 14:45:13", "elapsed": 21630.36407518387, "delta": 23.013885021209717}, "costs": {"total_cost": 1531.1807126437936, "time_cost": 150, "final_distance_cost": 155.0370835081256, "oscillation_cost": 197.18941943772762, "completition_cost": 888.8888888888888, "overshoot_cost": 98.6157778933153, "power_cost": 21.675140344238283, "noise_cost": 19.774402571497976, "n_waypoints_completed": 1, "tot_waypoints": 9}}
{"target": -2098.0077765123206, "params": {"k_pid_pos": [1.8989038467407227, 0.0, 0.0274641215801239], "k_pid_alt": [0.09771394729614258, 0.007971793413162231, 1.0], "k_pid_att": [1.5077799558639526, 10.0, 0.9581815004348755], "k_pid_yaw": [0.5, 1e-06, 0.1], "k_pid_hsp": [0.09252800047397614, 1.0, 0.9701614379882812], "k_pid_vsp": [0.0, 394.32208251953125, 400.0]}, "datetime": {"datetime": "2025-08-21 14:45:37", "elapsed": 21653.911245822906, "delta": 23.547170639038086}, "costs": {"total_cost": 2098.0077765123206, "time_cost": 150, "final_distance_cost": 32.137697282907695, "oscillation_cost": 607.3097225339234, "completition_cost": 1000.0, "overshoot_cost": 181.34602065404084, "power_cost": 31.895381298828127, "noise_cost": 95.31895474262046, "n_waypoints_completed": 0, "tot_waypoints": 9}}
{"target": -4294.383254604434, "params": {"k_pid_pos": [1.9650307893753052, 0.0, 0.0], "k_pid_alt": [0.05259251594543457, 0.026587069034576416, 0.982918381690979], "k_pid_att": [0.0, 9.193676948547363, 0.9503763914108276], "k_pid_yaw": [0.5, 1e-06, 0.1], "k_pid_hsp": [0.1294047236442566, 0.9609355330467224, 1.0], "k_pid_vsp": [10.130060195922852, 396.3150939941406, 400.0]}, "datetime": {"datetime": "2025-08-21 14:46:00", "elapsed": 21677.104847431183, "delta": 23.193601608276367}, "costs": {"total_cost": 4294.383254604434, "time_cost": 150, "final_distance_cost": 167.30229416756066, "oscillation_cost": 1610.5521853363862, "completition_cost": 1000.0, "overshoot_cost": 1239.0820479289478, "power_cost": 31.456718005371094, "noise_cost": 95.99000916616842, "n_waypoints_completed": 0, "tot_waypoints": 9}}
{"target": -11578.042033883288, "params": {"k_pid_pos": [2.0, 0.0, 0.008979201316833496], "k_pid_alt": [0.0, 0.04867744445800781, 0.986624538898468], "k_pid_att": [0.0, 10.0, 1.0], "k_pid_yaw": [0.5, 1e-06, 0.1], "k_pid_hsp": [0.8783835172653198, 1.0, 1.0], "k_pid_vsp": [24.619733810424805, 400.0, 400.0]}, "datetime": {"datetime": "2025-08-21 14:46:24", "elapsed": 21700.492403507233, "delta": 23.387556076049805}, "costs": {"total_cost": 11578.042033883288, "time_cost": 150, "final_distance_cost": 3198.941565711072, "oscillation_cost": 2158.3732361269917, "completition_cost": 1000.0, "overshoot_cost": 4940.4652270417955, "power_cost": 32.07761306152344, "noise_cost": 98.18439194190648, "n_waypoints_completed": 0, "tot_waypoints": 9}}
{"target": -14282.29321832937, "params": {"k_pid_pos": [1.9441885948181152, 0.0, 0.028774380683898926], "k_pid_alt": [0.0, 0.046555399894714355, 0.9022849202156067], "k_pid_att": [0.0, 9.215085983276367, 0.9980061054229736], "k_pid_yaw": [0.5, 1e-06, 0.1], "k_pid_hsp": [9.999999747378752e-05, 0.9543171525001526, 1.0], "k_pid_vsp": [0.0, 400.0, 400.0]}, "datetime": {"datetime": "2025-08-21 14:46:47", "elapsed": 21724.1600151062, "delta": 23.667611598968506}, "costs": {"total_cost": 14282.29321832937, "time_cost": 150, "final_distance_cost": 4006.461071199833, "oscillation_cost": 2019.7133444460358, "completition_cost": 1000.0, "overshoot_cost": 6976.737597509701, "power_cost": 31.926442919921875, "noise_cost": 97.45476225387887, "n_waypoints_completed": 0, "tot_waypoints": 9}}
{"target": -9504.518780737795, "params": {"k_pid_pos": [2.0, 0.0013044476509094238, 0.0], "k_pid_alt": [0.0699470043182373, 0.07276445627212524, 1.0], "k_pid_att": [0.0, 10.0, 0.923904299736023], "k_pid_yaw": [0.5, 1e-06, 0.1], "k_pid_hsp": [0.264324426651001, 1.0, 1.0], "k_pid_vsp": [16.10732078552246, 386.84136962890625, 376.17327880859375]}, "datetime": {"datetime": "2025-08-21 14:47:10", "elapsed": 21747.429262399673, "delta": 23.26924729347229}, "costs": {"total_cost": 9504.518780737795, "time_cost": 150, "final_distance_cost": 2653.688551053328, "oscillation_cost": 2266.276731710654, "completition_cost": 1000.0, "overshoot_cost": 3304.4826061990243, "power_cost": 32.06670802001953, "noise_cost": 98.00418375476943, "n_waypoints_completed": 0, "tot_waypoints": 9}}
