{"target": -2233.7684963864394, "params": {"k_pid_pos": [2.0, 0.029807358980178833, 0.0], "k_pid_alt": [0.0, 0.009801238775253296, 0.9900625944137573], "k_pid_att": [1.0772407054901123, 9.835369110107422, 0.9628125429153442], "k_pid_yaw": [0.5, 1e-06, 0.1], "k_pid_hsp": [0.4834161102771759, 0.9411952495574951, 0.9269065260887146], "k_pid_vsp": [14.483297348022461, 400.0, 400.0]}, "datetime": {"datetime": "2025-08-21 16:58:17", "elapsed": 29614.299425840378, "delta": 24.394753217697144}, "costs": {"total_cost": 2233.7684963864394, "time_cost": 150, "final_distance_cost": 62.05943363576858, "oscillation_cost": 698.3866315159138, "completition_cost": 1000.0, "overshoot_cost": 205.80650316878845, "power_cost": 29.298742297363283, "noise_cost": 88.21718576860532, "n_waypoints_completed": 0, "tot_waypoints": 9}}
{"target": -17064.99133555225, "params": {"k_pid_pos": [2.0, 0.0, 0.07186394929885864], "k_pid_alt": [0.006042301654815674, 0.03131231665611267, 0.9524819850921631], "k_pid_att": [0.0, 10.0, 1.0], "k_pid_yaw": [0.5, 1e-06, 0.1], "k_pid_hsp": [9.999999747378752e-05, 1.0, 0.9736158847808838], "k_pid_vsp": [29.147111892700195, 394.27728271484375, 399.6405944824219]}, "datetime": {"datetime": "2025-08-21 16:58:41", "elapsed": 29638.00426006317, "delta": 23.70483422279358}, "costs": {"total_cost": 17064.99133555225, "time_cost": 150, "final_distance_cost": 4330.706517029347, "oscillation_cost": 2177.124345746432, "completition_cost": 1000.0, "overshoot_cost": 9271.252231719072, "power_cost": 34.197541174316406, "noise_cost": 101.71069988308165, "n_waypoints_completed": 0, "tot_waypoints": 9}}
{"target": -1698.912704065311, "params": {"k_pid_pos": [2.0, 0.0, 0.0], "k_pid_alt": [0.0, 0.03728967905044556, 0.9907339811325073], "k_pid_att": [4.005345821380615, 10.0, 0.993301510810852], "k_pid_yaw": [0.5, 1e-06, 0.1], "k_pid_hsp": [9.999999747378752e-05, 0.9908919334411621, 1.0], "k_pid_vsp": [34.49139404296875, 393.9560546875, 400.0]}, "datetime": {"datetime": "2025-08-21 16:59:04", "elapsed": 29660.688708782196, "delta": 22.684448719024658}, "costs": {"total_cost": 1698.912704065311, "time_cost": 150, "final_distance_cost": 25.342247347942056, "oscillation_cost": 296.7362367379922, "completition_cost": 1000.0, "overshoot_cost": 152.03830001697835, "power_cost": 23.722107275390627, "noise_cost": 51.07381268700754, "n_waypoints_completed": 0, "tot_waypoints": 9}}
{"target": -22070.436295482406, "params": {"k_pid_pos": [1.9680670499801636, 0.0, 0.0], "k_pid_alt": [0.0, 0.0, 0.961868166923523], "k_pid_att": [0.0, 9.433371543884277, 1.0], "k_pid_yaw": [0.5, 1e-06, 0.1], "k_pid_hsp": [0.38863253593444824, 0.9495745897293091, 0.9968452453613281], "k_pid_vsp": [12.337244033813477, 389.3074951171875, 397.6060791015625]}, "datetime": {"datetime": "2025-08-21 16:59:29", "elapsed": 29685.72047328949, "delta": 25.0317645072937}, "costs": {"total_cost": 22070.436295482406, "time_cost": 150, "final_distance_cost": 6734.819452822425, "oscillation_cost": 2330.586811144232, "completition_cost": 1000.0, "overshoot_cost": 11728.974052926062, "power_cost": 29.772653515625002, "noise_cost": 96.28332507406267, "n_waypoints_completed": 0, "tot_waypoints": 9}}
{"target": -1873.4739915329546, "params": {"k_pid_pos": [1.8942794799804688, 0.024818122386932373, 0.017092913389205933], "k_pid_alt": [0.17938613891601562, 0.0, 0.9237886667251587], "k_pid_att": [3.5219430923461914, 10.0, 0.9666361808776855], "k_pid_yaw": [0.5, 1e-06, 0.1], "k_pid_hsp": [9.999999747378752e-05, 0.9848246574401855, 1.0], "k_pid_vsp": [29.29736328125, 400.0, 391.58587646484375]}, "datetime": {"datetime": "2025-08-21 16:59:53", "elapsed": 29710.061541080475, "delta": 24.341067790985107}, "costs": {"total_cost": 1873.4739915329546, "time_cost": 150, "final_distance_cost": 68.77019675003683, "oscillation_cost": 303.205399083802, "completition_cost": 1000.0, "overshoot_cost": 273.2378053391743, "power_cost": 18.789883557128906, "noise_cost": 59.470706802812735, "n_waypoints_completed": 0, "tot_waypoints": 9}}
{"target": -5939.436466093001, "params": {"k_pid_pos": [1.9667844772338867, 0.0, 0.0], "k_pid_alt": [0.05867964029312134, 0.0013521313667297363, 0.9959556460380554], "k_pid_att": [0.0, 10.0, 1.0], "k_pid_yaw": [0.5, 1e-06, 0.1], "k_pid_hsp": [9.999999747378752e-05, 1.0, 0.989371657371521], "k_pid_vsp": [0.0, 387.22900390625, 396.935791015625]}, "datetime": {"datetime": "2025-08-21 17:00:17", "elapsed": 29733.739068984985, "delta": 23.677527904510498}, "costs": {"total_cost": 5939.436466093001, "time_cost": 150, "final_distance_cost": 972.6753273089046, "oscillation_cost": 1359.0494378656724, "completition_cost": 1000.0, "overshoot_cost": 2330.998199437216, "power_cost": 31.368875427246095, "noise_cost": 95.344626053962, "n_waypoints_completed": 0, "tot_waypoints": 9}}
{"target": -1693.946929755389, "params": {"k_pid_pos": [2.0, 0.0, 0.11627078056335449], "k_pid_alt": [0.0, 0.05197468400001526, 1.0], "k_pid_att": [13.903438568115234, 9.85595703125, 1.0], "k_pid_yaw": [0.5, 1e-06, 0.1], "k_pid_hsp": [0.033584363758563995, 1.0, 1.0], "k_pid_vsp": [12.149059295654297, 395.24884033203125, 400.0]}, "datetime": {"datetime": "2025-08-21 17:00:40", "elapsed": 29757.401228427887, "delta": 23.66215944290161}, "costs": {"total_cost": 1693.946929755389, "time_cost": 150, "final_distance_cost": 3.8137048410891246, "oscillation_cost": 315.7378627567876, "completition_cost": 1000.0, "overshoot_cost": 140.68032835126527, "power_cost": 19.59506619873047, "noise_cost": 64.11996760751668, "n_waypoints_completed": 0, "tot_waypoints": 9}}
{"target": -9109.903704011653, "params": {"k_pid_pos": [2.0, 0.039608150720596313, 0.0], "k_pid_alt": [0.2204267978668213, 0.0, 1.0], "k_pid_att": [0.019532442092895508, 9.364727973937988, 0.9928333759307861], "k_pid_yaw": [0.5, 1e-06, 0.1], "k_pid_hsp": [0.6609053611755371, 0.9997022151947021, 1.0], "k_pid_vsp": [0.0, 400.0, 374.47491455078125]}, "datetime": {"datetime": "2025-08-21 17:01:04", "elapsed": 29780.971051216125, "delta": 23.569822788238525}, "costs": {"total_cost": 9109.903704011653, "time_cost": 150, "final_distance_cost": 2584.7956043650024, "oscillation_cost": 2148.578547568038, "completition_cost": 1000.0, "overshoot_cost": 3090.817769752441, "power_cost": 34.1499673828125, "noise_cost": 101.56181494335786, "n_waypoints_completed": 0, "tot_waypoints": 9}}
{"target": -1857.7896701626717, "params": {"k_pid_pos": [1.9568743705749512, 0.0, 0.0], "k_pid_alt": [0.0, 0.0, 0.9623420238494873], "k_pid_att": [5.750328063964844, 10.0, 0.8624799251556396], "k_pid_yaw": [0.5, 1e-06, 0.1], "k_pid_hsp": [9.999999747378752e-05, 0.9961970448493958, 1.0], "k_pid_vsp": [27.189409255981445, 400.0, 377.6773986816406]}, "datetime": {"datetime": "2025-08-21 17:01:29", "elapsed": 29806.123187303543, "delta": 25.152136087417603}, "costs": {"total_cost": 1857.7896701626717, "time_cost": 150, "final_distance_cost": 211.29450977186073, "oscillation_cost": 202.19404861360906, "completition_cost": 1000.0, "overshoot_cost": 263.3437746008417, "power_cost": 16.747227661132815, "noise_cost": 14.210109515227309, "n_waypoints_completed": 0, "tot_waypoints": 9}}
{"target": -2188.3887487576044, "params": {"k_pid_pos": [1.902544379234314, 0.029098927974700928, 0.0], "k_pid_alt": [0.0652015209197998, 0.0, 1.0], "k_pid_att": [9.036210060119629, 8.951931953430176, 0.9765585660934448], "k_pid_yaw": [0.5, 1e-06, 0.1], "k_pid_hsp": [0.043399959802627563, 0.9793927669525146, 1.0], "k_pid_vsp": [22.90841293334961, 388.46746826171875, 400.0]}, "datetime": {"datetime": "2025-08-21 17:01:53", "elapsed": 29829.877646446228, "delta": 23.754459142684937}, "costs": {"total_cost": 2188.3887487576044, "time_cost": 150, "final_distance_cost": 355.85947972962265, "oscillation_cost": 250.03526736493077, "completition_cost": 1000.0, "overshoot_cost": 394.14382483447486, "power_cost": 20.072748962402343, "noise_cost": 18.277427866173525, "n_waypoints_completed": 0, "tot_waypoints": 9}}
{"target": -1730.5483096271075, "params": {"k_pid_pos": [2.0, 0.0, 0.06416928768157959], "k_pid_alt": [0.19046473503112793, 0.0, 0.9691764712333679], "k_pid_att": [4.038608074188232, 10.0, 0.9868304133415222], "k_pid_yaw": [0.5, 1e-06, 0.1], "k_pid_hsp": [0.25268077850341797, 0.9840844869613647, 1.0], "k_pid_vsp": [11.844420433044434, 400.0, 400.0]}, "datetime": {"datetime": "2025-08-21 17:02:17", "elapsed": 29853.510023355484, "delta": 23.63237690925598}, "costs": {"total_cost": 1730.5483096271075, "time_cost": 150, "final_distance_cost": 27.40591576706347, "oscillation_cost": 299.81635527928444, "completition_cost": 1000.0, "overshoot_cost": 163.40132328683083, "power_cost": 21.82131384277344, "noise_cost": 68.10340145115538, "n_waypoints_completed": 0, "tot_waypoints": 9}}
{"target": -2153.2796880672895, "params": {"k_pid_pos": [1.814992070198059, 0.0, 0.0], "k_pid_alt": [0.02505028247833252, 0.05946806073188782, 1.0], "k_pid_att": [6.206554412841797, 9.892190933227539, 0.8499045968055725], "k_pid_yaw": [0.5, 1e-06, 0.1], "k_pid_hsp": [0.43146103620529175, 0.9519171118736267, 0.9575827717781067], "k_pid_vsp": [5.414795875549316, 400.0, 400.0]}, "datetime": {"datetime": "2025-08-21 17:02:40", "elapsed": 29876.79132962227, "delta": 23.281306266784668}, "costs": {"total_cost": 2153.2796880672895, "time_cost": 150, "final_distance_cost": 187.98747354319877, "oscillation_cost": 252.03197027005444, "completition_cost": 1000.0, "overshoot_cost": 529.9877692939563, "power_cost": 18.598609802246095, "noise_cost": 14.67386515783371, "n_waypoints_completed": 0, "tot_waypoints": 9}}
{"target": -1661.7953624853005, "params": {"k_pid_pos": [1.9686588048934937, 0.0, 0.06670314073562622], "k_pid_alt": [0.018154561519622803, 0.0, 1.0], "k_pid_att": [3.8394479751586914, 10.0, 0.9498581886291504], "k_pid_yaw": [0.5, 1e-06, 0.1], "k_pid_hsp": [0.40786200761795044, 1.0, 1.0], "k_pid_vsp": [1.9355535507202148, 396.158203125, 400.0]}, "datetime": {"datetime": "2025-08-21 17:03:03", "elapsed": 29899.609898090363, "delta": 22.818568468093872}, "costs": {"total_cost": 1661.7953624853005, "time_cost": 150, "final_distance_cost": 23.55669782104519, "oscillation_cost": 283.14173348313363, "completition_cost": 1000.0, "overshoot_cost": 144.22824844526804, "power_cost": 20.471762854003906, "noise_cost": 40.39691988184972, "n_waypoints_completed": 0, "tot_waypoints": 9}}
{"target": -6498.059639674528, "params": {"k_pid_pos": [1.8578282594680786, 0.042015641927719116, 0.041505128145217896], "k_pid_alt": [0.11986690759658813, 0.01312282681465149, 0.980789065361023], "k_pid_att": [0.0, 10.0, 1.0], "k_pid_yaw": [0.5, 1e-06, 0.1], "k_pid_hsp": [0.44152966141700745, 1.0, 1.0], "k_pid_vsp": [17.15915298461914, 400.0, 383.7949523925781]}, "datetime": {"datetime": "2025-08-21 17:03:26", "elapsed": 29923.32419705391, "delta": 23.714298963546753}, "costs": {"total_cost": 6498.059639674528, "time_cost": 150, "final_distance_cost": 909.3311300754259, "oscillation_cost": 1933.638876203029, "completition_cost": 1000.0, "overshoot_cost": 2371.8089398451166, "power_cost": 33.26029248046875, "noise_cost": 100.02040107048717, "n_waypoints_completed": 0, "tot_waypoints": 9}}
{"target": -2183.6995086646425, "params": {"k_pid_pos": [2.0, 0.0, 0.0], "k_pid_alt": [0.0, 0.009470909833908081, 0.9603206515312195], "k_pid_att": [1.2403488159179688, 10.0, 0.9364783763885498], "k_pid_yaw": [0.5, 1e-06, 0.1], "k_pid_hsp": [0.1278180629014969, 0.9464123249053955, 0.9453718066215515], "k_pid_vsp": [10.326552391052246, 400.0, 394.319091796875]}, "datetime": {"datetime": "2025-08-21 17:03:50", "elapsed": 29946.9838078022, "delta": 23.659610748291016}, "costs": {"total_cost": 2183.6995086646425, "time_cost": 150, "final_distance_cost": 66.27364949744296, "oscillation_cost": 664.6782386250504, "completition_cost": 1000.0, "overshoot_cost": 182.832593010186, "power_cost": 29.989985595703125, "noise_cost": 89.92504193625977, "n_waypoints_completed": 0, "tot_waypoints": 9}}
{"target": -4456.8058299175755, "params": {"k_pid_pos": [1.9033846855163574, 0.0, 0.0502571165561676], "k_pid_alt": [0.047074854373931885, 0.04990604519844055, 1.0], "k_pid_att": [0.5130887031555176, 10.0, 1.0], "k_pid_yaw": [0.5, 1e-06, 0.1], "k_pid_hsp": [9.999999747378752e-05, 1.0, 0.9666780829429626], "k_pid_vsp": [10.614788055419922, 385.89874267578125, 391.91680908203125]}, "datetime": {"datetime": "2025-08-21 17:04:15", "elapsed": 29971.902035713196, "delta": 24.918227910995483}, "costs": {"total_cost": 4456.8058299175755, "time_cost": 150, "final_distance_cost": 820.0030505915327, "oscillation_cost": 995.4952082560727, "completition_cost": 1000.0, "overshoot_cost": 1367.5704970644804, "power_cost": 30.500075732421877, "noise_cost": 93.2369982730682, "n_waypoints_completed": 0, "tot_waypoints": 9}}
{"target": -5638.55983468776, "params": {"k_pid_pos": [2.0, 0.011529862880706787, 0.08754491806030273], "k_pid_alt": [0.0, 0.02353733777999878, 1.0], "k_pid_att": [0.0, 9.524596214294434, 1.0], "k_pid_yaw": [0.5, 1e-06, 0.1], "k_pid_hsp": [9.999999747378752e-05, 1.0, 0.9655661582946777], "k_pid_vsp": [30.020702362060547, 367.2367858886719, 400.0]}, "datetime": {"datetime": "2025-08-21 17:04:38", "elapsed": 29995.38039445877, "delta": 23.47835874557495}, "costs": {"total_cost": 5638.55983468776, "time_cost": 150, "final_distance_cost": 870.1186259825687, "oscillation_cost": 2014.5881854254408, "completition_cost": 1000.0, "overshoot_cost": 1476.847673344771, "power_cost": 31.17847109375, "noise_cost": 95.82687884122933, "n_waypoints_completed": 0, "tot_waypoints": 9}}
{"target": -22118.551623123385, "params": {"k_pid_pos": [2.0, 0.0, 0.0], "k_pid_alt": [0.0, 0.0, 0.917680025100708], "k_pid_att": [0.0, 8.955194473266602, 0.996001124382019], "k_pid_yaw": [0.5, 1e-06, 0.1], "k_pid_hsp": [0.1317608803510666, 1.0, 1.0], "k_pid_vsp": [0.0, 396.0356140136719, 399.0108642578125]}, "datetime": {"datetime": "2025-08-21 17:05:02", "elapsed": 30018.715122938156, "delta": 23.334728479385376}, "costs": {"total_cost": 22118.551623123385, "time_cost": 150, "final_distance_cost": 6934.131657339818, "oscillation_cost": 2145.3888415296947, "completition_cost": 1000.0, "overshoot_cost": 11765.723789954933, "power_cost": 29.137240576171877, "noise_cost": 94.17009372276358, "n_waypoints_completed": 0, "tot_waypoints": 9}}
{"target": -7884.776981090505, "params": {"k_pid_pos": [1.9307583570480347, 0.0, 0.0], "k_pid_alt": [0.047301411628723145, 0.027003318071365356, 0.9678294658660889], "k_pid_att": [0.0, 10.0, 1.0], "k_pid_yaw": [0.5, 1e-06, 0.1], "k_pid_hsp": [9.999999747378752e-05, 0.9481022357940674, 0.9226983785629272], "k_pid_vsp": [0.0, 400.0, 400.0]}, "datetime": {"datetime": "2025-08-21 17:05:26", "elapsed": 30042.568074703217, "delta": 23.852951765060425}, "costs": {"total_cost": 7884.776981090505, "time_cost": 150, "final_distance_cost": 1665.8487481571094, "oscillation_cost": 1055.1814738391872, "completition_cost": 1000.0, "overshoot_cost": 3885.670085772862, "power_cost": 31.877056384277346, "noise_cost": 96.1996169370686, "n_waypoints_completed": 0, "tot_waypoints": 9}}
{"target": -1895.788932054563, "params": {"k_pid_pos": [2.0, 0.0, 0.033753931522369385], "k_pid_alt": [0.057072222232818604, 0.0, 0.9534931778907776], "k_pid_att": [2.40621280670166, 9.875260353088379, 1.0], "k_pid_yaw": [0.5, 1e-06, 0.1], "k_pid_hsp": [1.0567021369934082, 1.0, 0.9851434826850891], "k_pid_vsp": [4.72722053527832, 377.87646484375, 376.2729187011719]}, "datetime": {"datetime": "2025-08-21 17:05:50", "elapsed": 30067.361391544342, "delta": 24.79331684112549}, "costs": {"total_cost": 1895.788932054563, "time_cost": 150, "final_distance_cost": 13.464124262898178, "oscillation_cost": 398.35994540111017, "completition_cost": 1000.0, "overshoot_cost": 220.17418551331852, "power_cost": 28.22977937011719, "noise_cost": 85.56089750711898, "n_waypoints_completed": 0, "tot_waypoints": 9}}
{"target": -2055.263285068785, "params": {"k_pid_pos": [2.0, 0.0, 0.0], "k_pid_alt": [0.035006940364837646, 0.01137995719909668, 1.0], "k_pid_att": [2.6576578617095947, 10.0, 1.0], "k_pid_yaw": [0.5, 1e-06, 0.1], "k_pid_hsp": [0.041676804423332214, 1.0, 1.0], "k_pid_vsp": [16.53324317932129, 371.6036376953125, 400.0]}, "datetime": {"datetime": "2025-08-21 17:06:15", "elapsed": 30091.7840116024, "delta": 24.422620058059692}, "costs": {"total_cost": 2055.263285068785, "time_cost": 150, "final_distance_cost": 115.33459894892604, "oscillation_cost": 354.3663273049491, "completition_cost": 1000.0, "overshoot_cost": 338.92437388405364, "power_cost": 23.713299816894533, "noise_cost": 72.92468511396187, "n_waypoints_completed": 0, "tot_waypoints": 9}}
{"target": -2989.2466618759627, "params": {"k_pid_pos": [2.0, 0.051493048667907715, 0.032365262508392334], "k_pid_alt": [0.18959444761276245, 0.0, 0.9831447601318359], "k_pid_att": [0.0, 10.0, 0.9525597095489502], "k_pid_yaw": [0.5, 1e-06, 0.1], "k_pid_hsp": [0.8212745189666748, 1.0, 0.958372950553894], "k_pid_vsp": [0.0, 400.0, 400.0]}, "datetime": {"datetime": "2025-08-21 17:06:39", "elapsed": 30115.53301548958, "delta": 23.749003887176514}, "costs": {"total_cost": 2989.2466618759627, "time_cost": 150, "final_distance_cost": 175.12296765855615, "oscillation_cost": 1192.5965769356917, "completition_cost": 1000.0, "overshoot_cost": 346.1754697720946, "power_cost": 30.905664672851564, "noise_cost": 94.44598283676889, "n_waypoints_completed": 0, "tot_waypoints": 9}}
{"target": -1822.650688988446, "params": {"k_pid_pos": [1.9376378059387207, 0.0, 0.0], "k_pid_alt": [0.0, 0.0, 0.9941717386245728], "k_pid_att": [2.1581501960754395, 10.0, 0.9679222106933594], "k_pid_yaw": [0.5, 1e-06, 0.1], "k_pid_hsp": [9.999999747378752e-05, 1.0, 0.9795611500740051], "k_pid_vsp": [0.0, 391.9058837890625, 395.1597900390625]}, "datetime": {"datetime": "2025-08-21 17:07:01", "elapsed": 30138.39960002899, "delta": 22.866584539413452}, "costs": {"total_cost": 1822.650688988446, "time_cost": 150, "final_distance_cost": 6.595666876903094, "oscillation_cost": 422.6377953296636, "completition_cost": 1000.0, "overshoot_cost": 134.59498416008554, "power_cost": 28.734090698242188, "noise_cost": 80.0881519235515, "n_waypoints_completed": 0, "tot_waypoints": 9}}
{"target": -3014.1468414468454, "params": {"k_pid_pos": [1.9673569202423096, 0.08687525987625122, 0.014469951391220093], "k_pid_alt": [0.0, 0.011156439781188965, 1.0], "k_pid_att": [3.8301615715026855, 9.992164611816406, 1.0], "k_pid_yaw": [0.5, 1e-06, 0.1], "k_pid_hsp": [9.999999747378752e-05, 1.0, 1.0], "k_pid_vsp": [0.0, 400.0, 381.3601989746094]}, "datetime": {"datetime": "2025-08-21 17:07:25", "elapsed": 30162.02869796753, "delta": 23.629097938537598}, "costs": {"total_cost": 3014.1468414468454, "time_cost": 150, "final_distance_cost": 832.4407321902609, "oscillation_cost": 182.17072456733388, "completition_cost": 1000.0, "overshoot_cost": 801.5823832143205, "power_cost": 20.404030236816407, "noise_cost": 27.548971238114177, "n_waypoints_completed": 0, "tot_waypoints": 9}}
{"target": -1976.0737288114094, "params": {"k_pid_pos": [2.0, 0.04176709055900574, 0.017502814531326294], "k_pid_alt": [0.10068327188491821, 0.04277181625366211, 0.8983104825019836], "k_pid_att": [2.5760889053344727, 10.0, 0.9917925596237183], "k_pid_yaw": [0.5, 1e-06, 0.1], "k_pid_hsp": [0.2133704423904419, 0.9477118253707886, 0.8754868507385254], "k_pid_vsp": [0.0, 400.0, 364.78912353515625]}, "datetime": {"datetime": "2025-08-21 17:07:49", "elapsed": 30185.51739001274, "delta": 23.488692045211792}, "costs": {"total_cost": 1976.0737288114094, "time_cost": 150, "final_distance_cost": 84.86331029326963, "oscillation_cost": 362.9111604879715, "completition_cost": 1000.0, "overshoot_cost": 294.71408205597027, "power_cost": 23.846462646484376, "noise_cost": 59.73871332771365, "n_waypoints_completed": 0, "tot_waypoints": 9}}
{"target": -8474.221349342435, "params": {"k_pid_pos": [1.8453556299209595, 0.02415207028388977, 0.01345735788345337], "k_pid_alt": [0.0, 0.021211236715316772, 0.9573216438293457], "k_pid_att": [0.0, 9.890105247497559, 0.9699567556381226], "k_pid_yaw": [0.5, 1e-06, 0.1], "k_pid_hsp": [9.999999747378752e-05, 1.0, 1.0], "k_pid_vsp": [29.83645248413086, 368.6756591796875, 400.0]}, "datetime": {"datetime": "2025-08-21 17:08:12", "elapsed": 30209.219725370407, "delta": 23.702335357666016}, "costs": {"total_cost": 8474.221349342435, "time_cost": 150, "final_distance_cost": 2348.848118739191, "oscillation_cost": 654.9902061602795, "completition_cost": 1000.0, "overshoot_cost": 4201.975630702628, "power_cost": 29.45275185546875, "noise_cost": 88.95464188486707, "n_waypoints_completed": 0, "tot_waypoints": 9}}
{"target": -9109.643396169839, "params": {"k_pid_pos": [1.8942489624023438, 0.008591264486312866, 0.027811497449874878], "k_pid_alt": [0.0, 0.0, 0.9158854484558105], "k_pid_att": [0.0, 10.0, 1.0], "k_pid_yaw": [0.5, 1e-06, 0.1], "k_pid_hsp": [9.999999747378752e-05, 0.9389932751655579, 1.0], "k_pid_vsp": [16.88981056213379, 400.0, 377.1405334472656]}, "datetime": {"datetime": "2025-08-21 17:08:36", "elapsed": 30232.892352104187, "delta": 23.672626733779907}, "costs": {"total_cost": 9109.643396169839, "time_cost": 150, "final_distance_cost": 2639.9063534546567, "oscillation_cost": 585.0836253359791, "completition_cost": 1000.0, "overshoot_cost": 4656.870701352885, "power_cost": 13.911915490722658, "noise_cost": 63.870800535596516, "n_waypoints_completed": 0, "tot_waypoints": 9}}
