{"target": -1758.3632262429812, "params": {"k_pid_pos": [2.0, 0.04439568519592285, 0.0], "k_pid_alt": [0.07163476943969727, 0.0, 1.0], "k_pid_att": [3.0501036643981934, 9.85979175567627, 0.9741395711898804], "k_pid_yaw": [0.5, 1e-06, 0.1], "k_pid_hsp": [0.5801585912704468, 0.9626854658126831, 0.9976217746734619], "k_pid_vsp": [0.0, 400.0, 376.04205322265625]}, "datetime": {"datetime": "2025-08-21 18:37:10", "elapsed": 35546.65556526184, "delta": 22.660011529922485}, "costs": {"total_cost": 1758.3632262429812, "time_cost": 150, "final_distance_cost": 3.18998915165387, "oscillation_cost": 358.3714819602379, "completition_cost": 1000.0, "overshoot_cost": 136.5388983044462, "power_cost": 28.32700164794922, "noise_cost": 81.93585517869418, "n_waypoints_completed": 0, "tot_waypoints": 9}}
{"target": -17712.46769546142, "params": {"k_pid_pos": [1.955004334449768, 0.0, 0.0], "k_pid_alt": [0.0, 0.0, 1.0], "k_pid_att": [0.0, 10.0, 0.9659144878387451], "k_pid_yaw": [0.5, 1e-06, 0.1], "k_pid_hsp": [0.4366525411605835, 1.0, 1.0], "k_pid_vsp": [32.57079315185547, 400.0, 400.0]}, "datetime": {"datetime": "2025-08-21 18:37:34", "elapsed": 35571.19892454147, "delta": 24.54335927963257}, "costs": {"total_cost": 17712.46769546142, "time_cost": 150, "final_distance_cost": 5672.0164838302335, "oscillation_cost": 1985.4795141422435, "completition_cost": 1000.0, "overshoot_cost": 8782.586074825967, "power_cost": 28.460429504394533, "noise_cost": 93.92519315857896, "n_waypoints_completed": 0, "tot_waypoints": 9}}
{"target": -2876.7725669401525, "params": {"k_pid_pos": [1.8330161571502686, 0.0, 0.0780763328075409], "k_pid_alt": [0.0, 0.025669783353805542, 1.0], "k_pid_att": [4.480359077453613, 10.0, 1.0], "k_pid_yaw": [0.5, 1e-06, 0.1], "k_pid_hsp": [9.999999747378752e-05, 0.9436243176460266, 0.9707669019699097], "k_pid_vsp": [0.0, 387.07586669921875, 400.0]}, "datetime": {"datetime": "2025-08-21 18:37:58", "elapsed": 35595.02047634125, "delta": 23.82155179977417}, "costs": {"total_cost": 2876.7725669401525, "time_cost": 150, "final_distance_cost": 644.8098155671285, "oscillation_cost": 235.07905590949676, "completition_cost": 1000.0, "overshoot_cost": 807.8869435473198, "power_cost": 17.53977303466797, "noise_cost": 21.456978881539175, "n_waypoints_completed": 0, "tot_waypoints": 9}}
{"target": -2279.13674351639, "params": {"k_pid_pos": [2.0, 0.08155375719070435, 0.01577851176261902], "k_pid_alt": [0.0, 0.0, 0.9780757427215576], "k_pid_att": [3.080275535583496, 10.0, 1.0], "k_pid_yaw": [0.5, 1e-06, 0.1], "k_pid_hsp": [0.5435926914215088, 1.0, 1.0], "k_pid_vsp": [0.0, 381.48541259765625, 396.12518310546875]}, "datetime": {"datetime": "2025-08-21 18:38:21", "elapsed": 35618.21543622017, "delta": 23.19495987892151}, "costs": {"total_cost": 2279.13674351639, "time_cost": 150, "final_distance_cost": 305.0095299241038, "oscillation_cost": 322.03931756443023, "completition_cost": 1000.0, "overshoot_cost": 452.87882294539855, "power_cost": 16.047565576171877, "noise_cost": 33.16150750628536, "n_waypoints_completed": 0, "tot_waypoints": 9}}
{"target": -8146.528510123049, "params": {"k_pid_pos": [2.0, 0.052088916301727295, 0.0], "k_pid_alt": [0.016442060470581055, 0.0, 1.0], "k_pid_att": [0.0, 10.0, 1.0], "k_pid_yaw": [0.5, 1e-06, 0.1], "k_pid_hsp": [9.999999747378752e-05, 1.0, 0.9434927701950073], "k_pid_vsp": [0.0, 398.73931884765625, 369.7755126953125]}, "datetime": {"datetime": "2025-08-21 18:38:49", "elapsed": 35645.48347043991, "delta": 27.26803421974182}, "costs": {"total_cost": 8146.528510123049, "time_cost": 150, "final_distance_cost": 1513.4399985899704, "oscillation_cost": 1579.1279469956107, "completition_cost": 1000.0, "overshoot_cost": 3775.1858713778447, "power_cost": 31.796012951660156, "noise_cost": 96.97868020796331, "n_waypoints_completed": 0, "tot_waypoints": 9}}
{"target": -1629.6976760931698, "params": {"k_pid_pos": [1.9992218017578125, 0.02809169888496399, 0.03959524631500244], "k_pid_alt": [0.0, 0.03058469295501709, 1.0], "k_pid_att": [9.79316520690918, 10.0, 0.9724085927009583], "k_pid_yaw": [0.5, 1e-06, 0.1], "k_pid_hsp": [9.999999747378752e-05, 0.9895621538162231, 1.0], "k_pid_vsp": [26.215957641601562, 387.7295837402344, 397.4578857421875]}, "datetime": {"datetime": "2025-08-21 18:39:14", "elapsed": 35671.413979291916, "delta": 25.930508852005005}, "costs": {"total_cost": 1629.6976760931698, "time_cost": 150, "final_distance_cost": 3.9475040810233417, "oscillation_cost": 305.32841568054533, "completition_cost": 1000.0, "overshoot_cost": 103.85599701049276, "power_cost": 21.32650294189453, "noise_cost": 45.239256379213785, "n_waypoints_completed": 0, "tot_waypoints": 9}}
{"target": -6476.819355023363, "params": {"k_pid_pos": [2.0, 0.0, 0.018819481134414673], "k_pid_alt": [0.03433549404144287, 0.027987301349639893, 1.0], "k_pid_att": [0.0, 10.0, 0.9516811370849609], "k_pid_yaw": [0.5, 1e-06, 0.1], "k_pid_hsp": [0.21506886184215546, 0.9559351205825806, 0.9109276533126831], "k_pid_vsp": [18.44158172607422, 400.0, 400.0]}, "datetime": {"datetime": "2025-08-21 18:39:39", "elapsed": 35695.91716480255, "delta": 24.503185510635376}, "costs": {"total_cost": 6476.819355023363, "time_cost": 150, "final_distance_cost": 1262.2141000968588, "oscillation_cost": 1968.5438737988327, "completition_cost": 1000.0, "overshoot_cost": 1959.3907885459573, "power_cost": 34.35128103027344, "noise_cost": 102.3193115514394, "n_waypoints_completed": 0, "tot_waypoints": 9}}
{"target": -1735.1540617523217, "params": {"k_pid_pos": [1.9557098150253296, 0.04017499089241028, 0.0], "k_pid_alt": [0.10947465896606445, 0.02822929620742798, 0.9774997234344482], "k_pid_att": [3.7102103233337402, 9.596113204956055, 1.0], "k_pid_yaw": [0.5, 1e-06, 0.1], "k_pid_hsp": [0.1282847672700882, 1.0, 0.9505679607391357], "k_pid_vsp": [12.475025177001953, 392.1148986816406, 380.70587158203125]}, "datetime": {"datetime": "2025-08-21 18:40:04", "elapsed": 35720.693753004074, "delta": 24.776588201522827}, "costs": {"total_cost": 1735.1540617523217, "time_cost": 150, "final_distance_cost": 49.98672176217333, "oscillation_cost": 267.5725962559435, "completition_cost": 1000.0, "overshoot_cost": 211.99437836294572, "power_cost": 20.429528991699218, "noise_cost": 35.17083637955988, "n_waypoints_completed": 0, "tot_waypoints": 9}}
{"target": -1636.8614655313036, "params": {"k_pid_pos": [2.0, 0.0, 0.005717188119888306], "k_pid_alt": [0.0, 0.07980400323867798, 0.9103068113327026], "k_pid_att": [6.396424770355225, 9.98240852355957, 0.9549930095672607], "k_pid_yaw": [0.5, 1e-06, 0.1], "k_pid_hsp": [9.999999747378752e-05, 0.9678754806518555, 1.0], "k_pid_vsp": [0.2125263214111328, 386.92266845703125, 400.0]}, "datetime": {"datetime": "2025-08-21 18:40:28", "elapsed": 35745.42265129089, "delta": 24.728898286819458}, "costs": {"total_cost": 1636.8614655313036, "time_cost": 150, "final_distance_cost": 21.158254473824357, "oscillation_cost": 274.66340097071554, "completition_cost": 1000.0, "overshoot_cost": 123.85649314584178, "power_cost": 20.80918056640625, "noise_cost": 46.37413637451578, "n_waypoints_completed": 0, "tot_waypoints": 9}}
{"target": -1675.9263985698906, "params": {"k_pid_pos": [2.0, 0.0, 0.06849569082260132], "k_pid_alt": [0.01456838846206665, 0.0007962286472320557, 1.0], "k_pid_att": [5.482542514801025, 9.767293930053711, 0.992642879486084], "k_pid_yaw": [0.5, 1e-06, 0.1], "k_pid_hsp": [9.999999747378752e-05, 0.9499025940895081, 0.9645154476165771], "k_pid_vsp": [0.0, 373.4305725097656, 397.64141845703125]}, "datetime": {"datetime": "2025-08-21 18:40:51", "elapsed": 35768.13974928856, "delta": 22.717097997665405}, "costs": {"total_cost": 1675.9263985698906, "time_cost": 150, "final_distance_cost": 13.792547395036527, "oscillation_cost": 284.3855845673471, "completition_cost": 1000.0, "overshoot_cost": 154.44506627284002, "power_cost": 19.072539697265626, "noise_cost": 54.23066063740106, "n_waypoints_completed": 0, "tot_waypoints": 9}}
{"target": -3952.6121711520805, "params": {"k_pid_pos": [1.981626272201538, 0.029874563217163086, 0.05745622515678406], "k_pid_alt": [0.0, 0.0, 1.0], "k_pid_att": [0.0, 9.953807830810547, 0.9637312293052673], "k_pid_yaw": [0.5, 1e-06, 0.1], "k_pid_hsp": [9.999999747378752e-05, 1.0, 0.9039884805679321], "k_pid_vsp": [0.0, 400.0, 384.35272216796875]}, "datetime": {"datetime": "2025-08-21 18:41:15", "elapsed": 35792.12871360779, "delta": 23.988964319229126}, "costs": {"total_cost": 3952.6121711520805, "time_cost": 150, "final_distance_cost": 627.5596574331265, "oscillation_cost": 1284.3606424140532, "completition_cost": 1000.0, "overshoot_cost": 795.9666191650679, "power_cost": 20.238022290039062, "noise_cost": 74.48722984979332, "n_waypoints_completed": 0, "tot_waypoints": 9}}
{"target": -2063.484906334918, "params": {"k_pid_pos": [1.969660758972168, 0.0, 0.0079822838306427], "k_pid_alt": [0.0, 0.0, 1.0], "k_pid_att": [1.297539472579956, 10.0, 1.0], "k_pid_yaw": [0.5, 1e-06, 0.1], "k_pid_hsp": [0.23998305201530457, 0.9674332141876221, 0.9752020239830017], "k_pid_vsp": [0.0, 400.0, 400.0]}, "datetime": {"datetime": "2025-08-21 18:41:40", "elapsed": 35817.30855727196, "delta": 25.17984366416931}, "costs": {"total_cost": 2063.484906334918, "time_cost": 150, "final_distance_cost": 28.96943819437394, "oscillation_cost": 632.8928568417056, "completition_cost": 1000.0, "overshoot_cost": 166.68993512807, "power_cost": 16.573449560546877, "noise_cost": 68.35922661022164, "n_waypoints_completed": 0, "tot_waypoints": 9}}
{"target": -8391.7338970398, "params": {"k_pid_pos": [2.0, 0.035098642110824585, 0.04285085201263428], "k_pid_alt": [0.04444456100463867, 0.0, 0.9470189809799194], "k_pid_att": [0.0, 9.847772598266602, 0.887182891368866], "k_pid_yaw": [0.5, 1e-06, 0.1], "k_pid_hsp": [9.999999747378752e-05, 0.9089593887329102, 1.0], "k_pid_vsp": [5.3623199462890625, 400.0, 400.0]}, "datetime": {"datetime": "2025-08-21 18:42:04", "elapsed": 35840.47009110451, "delta": 23.16153383255005}, "costs": {"total_cost": 8391.7338970398, "time_cost": 150, "final_distance_cost": 2267.0932487157297, "oscillation_cost": 2189.0227388898584, "completition_cost": 1000.0, "overshoot_cost": 2655.774823111996, "power_cost": 32.14353194580078, "noise_cost": 97.69955437641308, "n_waypoints_completed": 0, "tot_waypoints": 9}}
{"target": -2056.658637983132, "params": {"k_pid_pos": [2.0, 0.02656659483909607, 0.0], "k_pid_alt": [0.05896216630935669, 0.0, 1.0], "k_pid_att": [1.348307728767395, 9.44603157043457, 1.0], "k_pid_yaw": [0.5, 1e-06, 0.1], "k_pid_hsp": [0.4463772475719452, 0.9964228272438049, 1.0], "k_pid_vsp": [4.174625873565674, 380.244873046875, 400.0]}, "datetime": {"datetime": "2025-08-21 18:42:28", "elapsed": 35865.31824707985, "delta": 24.848155975341797}, "costs": {"total_cost": 2056.658637983132, "time_cost": 150, "final_distance_cost": 19.8897439925423, "oscillation_cost": 601.8813214965331, "completition_cost": 1000.0, "overshoot_cost": 161.30444582461465, "power_cost": 30.945159301757815, "noise_cost": 92.63796736768383, "n_waypoints_completed": 0, "tot_waypoints": 9}}
{"target": -18520.180629361526, "params": {"k_pid_pos": [1.9518542289733887, 0.0, 0.0], "k_pid_alt": [0.0, 0.0, 0.9595758318901062], "k_pid_att": [0.0, 10.0, 0.9335792660713196], "k_pid_yaw": [0.5, 1e-06, 0.1], "k_pid_hsp": [0.15000179409980774, 1.0, 0.9928714632987976], "k_pid_vsp": [1.1150836944580078, 391.8246765136719, 367.260986328125]}, "datetime": {"datetime": "2025-08-21 18:42:53", "elapsed": 35889.98200917244, "delta": 24.663762092590332}, "costs": {"total_cost": 18520.180629361526, "time_cost": 150, "final_distance_cost": 5692.7049993894925, "oscillation_cost": 2156.6572944021696, "completition_cost": 1000.0, "overshoot_cost": 9397.007392463347, "power_cost": 28.966206494140625, "noise_cost": 94.84473661237527, "n_waypoints_completed": 0, "tot_waypoints": 9}}
{"target": -9791.504597271067, "params": {"k_pid_pos": [2.0, 0.0, 0.0], "k_pid_alt": [0.045922279357910156, 0.0, 0.9493536353111267], "k_pid_att": [0.0, 10.0, 1.0], "k_pid_yaw": [0.5, 1e-06, 0.1], "k_pid_hsp": [0.34534749388694763, 0.9757275581359863, 0.9836287498474121], "k_pid_vsp": [0.0, 400.0, 400.0]}, "datetime": {"datetime": "2025-08-21 18:43:17", "elapsed": 35913.80137300491, "delta": 23.819363832473755}, "costs": {"total_cost": 9791.504597271067, "time_cost": 150, "final_distance_cost": 2584.0854089965087, "oscillation_cost": 2141.786493894229, "completition_cost": 1000.0, "overshoot_cost": 3781.272582956347, "power_cost": 33.63274217529297, "noise_cost": 100.72736924868963, "n_waypoints_completed": 0, "tot_waypoints": 9}}
{"target": -5955.560766960961, "params": {"k_pid_pos": [1.8860962390899658, 0.04537332057952881, 0.052464038133621216], "k_pid_alt": [0.0459209680557251, 0.028478175401687622, 1.0], "k_pid_att": [0.44828057289123535, 10.0, 1.0], "k_pid_yaw": [0.5, 1e-06, 0.1], "k_pid_hsp": [0.8725447058677673, 0.9610617756843567, 0.9683738946914673], "k_pid_vsp": [13.155805587768555, 374.5734558105469, 382.8041687011719]}, "datetime": {"datetime": "2025-08-21 18:43:41", "elapsed": 35938.09864330292, "delta": 24.29727029800415}, "costs": {"total_cost": 5955.560766960961, "time_cost": 150, "final_distance_cost": 1128.8566666633844, "oscillation_cost": 1480.9797008806029, "completition_cost": 1000.0, "overshoot_cost": 2068.2631960143995, "power_cost": 31.661545544433594, "noise_cost": 95.79965785814034, "n_waypoints_completed": 0, "tot_waypoints": 9}}
{"target": -1996.247846889813, "params": {"k_pid_pos": [1.9712153673171997, 0.005611151456832886, 0.031358182430267334], "k_pid_alt": [0.01315218210220337, 0.004266619682312012, 0.9722419381141663], "k_pid_att": [1.1761635541915894, 8.781941413879395, 1.0], "k_pid_yaw": [0.5, 1e-06, 0.1], "k_pid_hsp": [9.999999747378752e-05, 0.9542877674102783, 1.0], "k_pid_vsp": [22.458505630493164, 400.0, 400.0]}, "datetime": {"datetime": "2025-08-21 18:44:05", "elapsed": 35961.68282699585, "delta": 23.58418369293213}, "costs": {"total_cost": 1996.247846889813, "time_cost": 150, "final_distance_cost": 5.061291691431196, "oscillation_cost": 575.8169877983901, "completition_cost": 1000.0, "overshoot_cost": 142.95556644015718, "power_cost": 30.68447264404297, "noise_cost": 91.7295283157918, "n_waypoints_completed": 0, "tot_waypoints": 9}}
{"target": -1690.9463241983399, "params": {"k_pid_pos": [1.9566682577133179, 0.0, 0.0], "k_pid_alt": [0.07164841890335083, 0.0, 0.9903093576431274], "k_pid_att": [3.790849447250366, 10.0, 0.9313104748725891], "k_pid_yaw": [0.5, 1e-06, 0.1], "k_pid_hsp": [0.8163104057312012, 1.0, 1.0], "k_pid_vsp": [0.0, 400.0, 375.3528137207031]}, "datetime": {"datetime": "2025-08-21 18:44:30", "elapsed": 35986.63250994682, "delta": 24.94968295097351}, "costs": {"total_cost": 1690.9463241983399, "time_cost": 150, "final_distance_cost": 4.993980241387374, "oscillation_cost": 338.9308796933442, "completition_cost": 1000.0, "overshoot_cost": 121.47512032605115, "power_cost": 24.70991209716797, "noise_cost": 50.836431840389125, "n_waypoints_completed": 0, "tot_waypoints": 9}}
{"target": -9013.956239084368, "params": {"k_pid_pos": [1.840155005455017, 0.0, 0.0], "k_pid_alt": [0.0, 0.0, 0.959357738494873], "k_pid_att": [0.0, 10.0, 0.9659929275512695], "k_pid_yaw": [0.5, 1e-06, 0.1], "k_pid_hsp": [9.999999747378752e-05, 0.9964579343795776, 1.0], "k_pid_vsp": [19.511079788208008, 379.1102600097656, 387.65655517578125]}, "datetime": {"datetime": "2025-08-21 18:44:54", "elapsed": 36010.88264131546, "delta": 24.250131368637085}, "costs": {"total_cost": 9013.956239084368, "time_cost": 150, "final_distance_cost": 2583.146580357647, "oscillation_cost": 663.0551357755887, "completition_cost": 1000.0, "overshoot_cost": 4537.412125258457, "power_cost": 15.588116955566408, "noise_cost": 64.75428073710897, "n_waypoints_completed": 0, "tot_waypoints": 9}}
{"target": -4602.399974398823, "params": {"k_pid_pos": [1.915100336074829, 0.0, 0.02931952476501465], "k_pid_alt": [0.0, 0.07282945513725281, 0.9959938526153564], "k_pid_att": [0.0, 8.926366806030273, 0.9271740913391113], "k_pid_yaw": [0.5, 1e-06, 0.1], "k_pid_hsp": [0.02906816266477108, 0.8948454856872559, 0.9317466616630554], "k_pid_vsp": [2.137935161590576, 400.0, 400.0]}, "datetime": {"datetime": "2025-08-21 18:45:20", "elapsed": 36037.00842356682, "delta": 26.125782251358032}, "costs": {"total_cost": 4602.399974398823, "time_cost": 150, "final_distance_cost": 658.5558934762663, "oscillation_cost": 1320.4420297644567, "completition_cost": 1000.0, "overshoot_cost": 1348.8944139242508, "power_cost": 30.85263358154297, "noise_cost": 93.65500365230626, "n_waypoints_completed": 0, "tot_waypoints": 9}}
{"target": -21510.12270650037, "params": {"k_pid_pos": [2.0, 0.08110207319259644, 0.011139273643493652], "k_pid_alt": [0.0, 0.0, 0.9001830816268921], "k_pid_att": [0.0, 9.657418251037598, 1.0], "k_pid_yaw": [0.5, 1e-06, 0.1], "k_pid_hsp": [9.999999747378752e-05, 0.989392101764679, 0.9668475389480591], "k_pid_vsp": [0.0, 400.0, 400.0]}, "datetime": {"datetime": "2025-08-21 18:45:47", "elapsed": 36064.340007543564, "delta": 27.331583976745605}, "costs": {"total_cost": 21510.12270650037, "time_cost": 150, "final_distance_cost": 6606.603973837882, "oscillation_cost": 2172.199143809207, "completition_cost": 1000.0, "overshoot_cost": 11452.507467888556, "power_cost": 30.84278017578125, "noise_cost": 97.96934078894299, "n_waypoints_completed": 0, "tot_waypoints": 9}}
{"target": -4264.493845993401, "params": {"k_pid_pos": [1.9304124116897583, 0.0, 0.0], "k_pid_alt": [0.0, 0.048687875270843506, 1.0], "k_pid_att": [11.44009780883789, 9.736474990844727, 1.0], "k_pid_yaw": [0.5, 1e-06, 0.1], "k_pid_hsp": [0.17255686223506927, 1.0, 1.0], "k_pid_vsp": [0.0, 393.8497619628906, 389.1245422363281]}, "datetime": {"datetime": "2025-08-21 18:46:12", "elapsed": 36088.961099386215, "delta": 24.621091842651367}, "costs": {"total_cost": 4264.493845993401, "time_cost": 150, "final_distance_cost": 1022.7634122639796, "oscillation_cost": 259.86733528260254, "completition_cost": 1000.0, "overshoot_cost": 1791.953704554273, "power_cost": 21.97498249511719, "noise_cost": 17.934411397429294, "n_waypoints_completed": 0, "tot_waypoints": 9}}
{"target": -4073.7533863215112, "params": {"k_pid_pos": [1.8831521272659302, 0.0008150935173034668, 0.0], "k_pid_alt": [0.0, 0.029608041048049927, 1.0], "k_pid_att": [12.551630020141602, 10.0, 0.9569703936576843], "k_pid_yaw": [0.5, 1e-06, 0.1], "k_pid_hsp": [0.5883487462997437, 0.9732335209846497, 1.0], "k_pid_vsp": [39.12139129638672, 400.0, 400.0]}, "datetime": {"datetime": "2025-08-21 18:46:36", "elapsed": 36112.473953962326, "delta": 23.51285457611084}, "costs": {"total_cost": 4073.7533863215112, "time_cost": 150, "final_distance_cost": 1022.9235326573837, "oscillation_cost": 177.39041114057449, "completition_cost": 1000.0, "overshoot_cost": 1690.8554642145773, "power_cost": 17.598592602539064, "noise_cost": 14.98538570643663, "n_waypoints_completed": 0, "tot_waypoints": 9}}
{"target": -2797.4225699574336, "params": {"k_pid_pos": [2.0, 0.017856061458587646, 0.018354147672653198], "k_pid_alt": [0.021025002002716064, 0.09335675835609436, 0.9756132364273071], "k_pid_att": [0.6751000881195068, 9.91679859161377, 1.0], "k_pid_yaw": [0.5, 1e-06, 0.1], "k_pid_hsp": [9.999999747378752e-05, 1.0, 1.0], "k_pid_vsp": [0.0, 400.0, 389.8489685058594]}, "datetime": {"datetime": "2025-08-21 18:47:00", "elapsed": 36137.0142788887, "delta": 24.540324926376343}, "costs": {"total_cost": 2797.4225699574336, "time_cost": 150, "final_distance_cost": 122.1203861224615, "oscillation_cost": 744.16444869426, "completition_cost": 1000.0, "overshoot_cost": 650.8197246209742, "power_cost": 32.873101953125, "noise_cost": 97.44490856661265, "n_waypoints_completed": 0, "tot_waypoints": 9}}
{"target": -1656.2278494761865, "params": {"k_pid_pos": [2.0, 0.0032942593097686768, 0.0], "k_pid_alt": [0.06741011142730713, 0.0, 1.0], "k_pid_att": [5.905401706695557, 9.360003471374512, 0.9827786684036255], "k_pid_yaw": [0.5, 1e-06, 0.1], "k_pid_hsp": [9.999999747378752e-05, 1.0, 0.9707905054092407], "k_pid_vsp": [13.592219352722168, 400.0, 371.71087646484375]}, "datetime": {"datetime": "2025-08-21 18:47:23", "elapsed": 36160.00838851929, "delta": 22.994109630584717}, "costs": {"total_cost": 1656.2278494761865, "time_cost": 150, "final_distance_cost": 40.75278653300277, "oscillation_cost": 269.0010356613811, "completition_cost": 1000.0, "overshoot_cost": 136.18017184789093, "power_cost": 18.221232385253906, "noise_cost": 42.07262304865806, "n_waypoints_completed": 0, "tot_waypoints": 9}}
{"target": -7018.3700117468115, "params": {"k_pid_pos": [1.9147512912750244, 0.004422277212142944, 0.04860392212867737], "k_pid_alt": [0.014981508255004883, 0.0, 1.0], "k_pid_att": [0.0, 9.924909591674805, 1.0], "k_pid_yaw": [0.5, 1e-06, 0.1], "k_pid_hsp": [0.12695977091789246, 0.9609643220901489, 1.0], "k_pid_vsp": [0.0, 390.0414123535156, 400.0]}, "datetime": {"datetime": "2025-08-21 18:47:46", "elapsed": 36183.26196837425, "delta": 23.25357985496521}, "costs": {"total_cost": 7018.3700117468115, "time_cost": 150, "final_distance_cost": 1179.1137459574209, "oscillation_cost": 1924.0610946102054, "completition_cost": 1000.0, "overshoot_cost": 2633.303359555506, "power_cost": 32.70434013671875, "noise_cost": 99.18747148695986, "n_waypoints_completed": 0, "tot_waypoints": 9}}
