{"target": -2335.077483901818, "params": {"k_pid_pos": [1.9435949325561523, 0.0, 0.0], "k_pid_alt": [0.0, 0.023969173431396484, 1.0], "k_pid_att": [6.306970119476318, 9.409836769104004, 1.0], "k_pid_yaw": [0.5, 1e-06, 0.1], "k_pid_hsp": [0.18793441355228424, 0.9621114730834961, 1.0], "k_pid_vsp": [23.40264320373535, 400.0, 400.0]}, "datetime": {"datetime": "2025-08-21 09:36:21", "elapsed": 3097.8352720737457, "delta": 30.38809108734131}, "costs": {"total_cost": 2335.077483901818, "time_cost": 150, "final_distance_cost": 482.4786022434704, "oscillation_cost": 172.8548962839225, "completition_cost": 1000.0, "overshoot_cost": 481.8930661019985, "power_cost": 18.642811645507813, "noise_cost": 29.208107626919098, "n_waypoints_completed": 0, "tot_waypoints": 9}}
{"target": -1833.2026317368757, "params": {"k_pid_pos": [1.995753288269043, 0.0, 0.0], "k_pid_alt": [0.008971452713012695, 0.041529059410095215, 1.0], "k_pid_att": [9.733116149902344, 10.0, 0.960612952709198], "k_pid_yaw": [0.5, 1e-06, 0.1], "k_pid_hsp": [0.1619783341884613, 1.0, 1.0], "k_pid_vsp": [0.0, 400.0, 357.1349182128906]}, "datetime": {"datetime": "2025-08-21 09:36:49", "elapsed": 3126.3672335147858, "delta": 28.53196144104004}, "costs": {"total_cost": 1833.2026317368757, "time_cost": 150, "final_distance_cost": 176.75844157740536, "oscillation_cost": 276.8939667804564, "completition_cost": 1000.0, "overshoot_cost": 191.36932760998332, "power_cost": 16.263342016601563, "noise_cost": 21.917553752428947, "n_waypoints_completed": 0, "tot_waypoints": 9}}
{"target": -11630.637374001086, "params": {"k_pid_pos": [1.9303292036056519, 0.0, 0.0], "k_pid_alt": [0.08286887407302856, 0.0, 1.0], "k_pid_att": [0.0, 10.0, 0.9975095987319946], "k_pid_yaw": [0.5, 1e-06, 0.1], "k_pid_hsp": [9.999999747378752e-05, 1.0, 1.0], "k_pid_vsp": [0.0, 397.40423583984375, 381.8208312988281]}, "datetime": {"datetime": "2025-08-21 09:37:17", "elapsed": 3154.0518221855164, "delta": 27.68458867073059}, "costs": {"total_cost": 11630.637374001086, "time_cost": 150, "final_distance_cost": 3057.5532704776783, "oscillation_cost": 2133.760415330452, "completition_cost": 1000.0, "overshoot_cost": 5170.732949034281, "power_cost": 28.81306112060547, "noise_cost": 89.77767803806792, "n_waypoints_completed": 0, "tot_waypoints": 9}}
{"target": -7250.543226136886, "params": {"k_pid_pos": [2.0, 0.042720794677734375, 0.0], "k_pid_alt": [0.0, 0.023424148559570312, 0.9833688735961914], "k_pid_att": [0.0, 10.0, 0.9882982969284058], "k_pid_yaw": [0.5, 1e-06, 0.1], "k_pid_hsp": [9.999999747378752e-05, 1.0, 0.8874473571777344], "k_pid_vsp": [2.0357251167297363, 400.0, 400.0]}, "datetime": {"datetime": "2025-08-21 09:37:44", "elapsed": 3181.386550426483, "delta": 27.334728240966797}, "costs": {"total_cost": 7250.543226136886, "time_cost": 150, "final_distance_cost": 1582.4304399628752, "oscillation_cost": 1935.5525992559112, "completition_cost": 1000.0, "overshoot_cost": 2459.4448354538195, "power_cost": 30.102048010253906, "noise_cost": 93.01330345402471, "n_waypoints_completed": 0, "tot_waypoints": 9}}
{"target": -1943.3796928237598, "params": {"k_pid_pos": [2.0, 0.0, 0.008386701345443726], "k_pid_alt": [0.00030618906021118164, 0.0, 0.924054741859436], "k_pid_att": [7.425764083862305, 9.5128755569458, 0.9563877582550049], "k_pid_yaw": [0.5, 1e-06, 0.1], "k_pid_hsp": [0.30674999952316284, 1.0, 1.0], "k_pid_vsp": [0.0, 375.21563720703125, 395.4482116699219]}, "datetime": {"datetime": "2025-08-21 09:38:09", "elapsed": 3206.275869846344, "delta": 24.88931941986084}, "costs": {"total_cost": 1943.3796928237598, "time_cost": 150, "final_distance_cost": 399.2305095912444, "oscillation_cost": 187.9454556262975, "completition_cost": 888.8888888888888, "overshoot_cost": 275.17067871272315, "power_cost": 19.43139744873047, "noise_cost": 22.712762555875567, "n_waypoints_completed": 1, "tot_waypoints": 9}}
{"target": -17709.536944517313, "params": {"k_pid_pos": [1.9293625354766846, 0.0, 0.0033491551876068115], "k_pid_alt": [0.1732180118560791, 0.059280723333358765, 0.9459976553916931], "k_pid_att": [0.0, 9.158348083496094, 0.9073811173439026], "k_pid_yaw": [0.5, 1e-06, 0.1], "k_pid_hsp": [9.999999747378752e-05, 0.9202764630317688, 0.9724608659744263], "k_pid_vsp": [0.0, 390.4003601074219, 400.0]}, "datetime": {"datetime": "2025-08-21 09:38:40", "elapsed": 3236.714961051941, "delta": 30.439091205596924}, "costs": {"total_cost": 17709.536944517313, "time_cost": 150, "final_distance_cost": 5922.155019492139, "oscillation_cost": 1759.1092700186584, "completition_cost": 1000.0, "overshoot_cost": 8741.598741365224, "power_cost": 34.40988049316407, "noise_cost": 102.26403314813184, "n_waypoints_completed": 0, "tot_waypoints": 9}}
{"target": -11685.395447878851, "params": {"k_pid_pos": [2.0, 0.028977781534194946, 0.0], "k_pid_alt": [0.11703872680664062, 0.10563671588897705, 1.0], "k_pid_att": [0.0, 10.0, 1.0], "k_pid_yaw": [0.5, 1e-06, 0.1], "k_pid_hsp": [0.04849133640527725, 1.0, 0.9079757332801819], "k_pid_vsp": [23.251068115234375, 381.0436706542969, 400.0]}, "datetime": {"datetime": "2025-08-21 09:39:05", "elapsed": 3261.673683166504, "delta": 24.95872211456299}, "costs": {"total_cost": 11685.395447878851, "time_cost": 150, "final_distance_cost": 3666.2867941428567, "oscillation_cost": 2085.325363087351, "completition_cost": 1000.0, "overshoot_cost": 4647.373725694496, "power_cost": 34.197622302246096, "noise_cost": 102.21194265190243, "n_waypoints_completed": 0, "tot_waypoints": 9}}
{"target": -15619.135973720624, "params": {"k_pid_pos": [2.0, 0.06326067447662354, 0.0], "k_pid_alt": [0.09797936677932739, 0.0, 1.0], "k_pid_att": [0.0, 9.939857482910156, 1.0], "k_pid_yaw": [0.5, 1e-06, 0.1], "k_pid_hsp": [0.7363429069519043, 1.0, 0.9886994361877441], "k_pid_vsp": [0.0, 400.0, 394.7057800292969]}, "datetime": {"datetime": "2025-08-21 09:39:35", "elapsed": 3291.589989423752, "delta": 29.916306257247925}, "costs": {"total_cost": 15619.135973720624, "time_cost": 150, "final_distance_cost": 5176.38657420087, "oscillation_cost": 2261.255531350751, "completition_cost": 1000.0, "overshoot_cost": 6893.11556853706, "power_cost": 34.881266625976565, "noise_cost": 103.49703300596416, "n_waypoints_completed": 0, "tot_waypoints": 9}}
{"target": -5455.777680847993, "params": {"k_pid_pos": [2.0, 0.010000079870223999, 0.11317139863967896], "k_pid_alt": [0.11463820934295654, 0.02191278338432312, 0.9288738965988159], "k_pid_att": [0.0, 9.932048797607422, 0.9678141474723816], "k_pid_yaw": [0.5, 1e-06, 0.1], "k_pid_hsp": [9.999999747378752e-05, 0.9821797013282776, 1.0], "k_pid_vsp": [22.640121459960938, 393.7371826171875, 400.0]}, "datetime": {"datetime": "2025-08-21 09:40:00", "elapsed": 3317.320260286331, "delta": 25.730270862579346}, "costs": {"total_cost": 5455.777680847993, "time_cost": 150, "final_distance_cost": 847.4874376628688, "oscillation_cost": 1374.4993005933354, "completition_cost": 1000.0, "overshoot_cost": 1956.65414847859, "power_cost": 31.538820739746097, "noise_cost": 95.59797337345218, "n_waypoints_completed": 0, "tot_waypoints": 9}}
{"target": -1827.156224156717, "params": {"k_pid_pos": [1.9791053533554077, 0.031900495290756226, 0.01835009455680847], "k_pid_alt": [0.0, 0.0, 0.9485682249069214], "k_pid_att": [3.6380767822265625, 10.0, 1.0], "k_pid_yaw": [0.5, 1e-06, 0.1], "k_pid_hsp": [9.999999747378752e-05, 1.0, 1.0], "k_pid_vsp": [0.0, 381.0008850097656, 378.0692443847656]}, "datetime": {"datetime": "2025-08-21 09:40:30", "elapsed": 3346.5279717445374, "delta": 29.207711458206177}, "costs": {"total_cost": 1827.156224156717, "time_cost": 150, "final_distance_cost": 58.79107729557696, "oscillation_cost": 309.0585757689638, "completition_cost": 1000.0, "overshoot_cost": 235.47576246459235, "power_cost": 13.214814868164064, "noise_cost": 60.61599375941972, "n_waypoints_completed": 0, "tot_waypoints": 9}}
{"target": -5117.844500068368, "params": {"k_pid_pos": [2.0, 0.0, 0.10493037104606628], "k_pid_alt": [0.0, 0.0, 1.0], "k_pid_att": [6.374382972717285, 9.893306732177734, 0.9907766580581665], "k_pid_yaw": [0.5, 1e-06, 0.1], "k_pid_hsp": [9.999999747378752e-05, 1.0, 1.0], "k_pid_vsp": [0.0, 400.0, 383.3629150390625]}, "datetime": {"datetime": "2025-08-21 09:40:54", "elapsed": 3371.4144716262817, "delta": 24.886499881744385}, "costs": {"total_cost": 5117.844500068368, "time_cost": 150, "final_distance_cost": 1602.0822185237391, "oscillation_cost": 199.26373069541845, "completition_cost": 888.8888888888888, "overshoot_cost": 2241.1317505896536, "power_cost": 20.017653955078124, "noise_cost": 16.46025741558937, "n_waypoints_completed": 1, "tot_waypoints": 9}}
{"target": -3252.4632694142565, "params": {"k_pid_pos": [2.0, 0.0, 0.005062520503997803], "k_pid_alt": [0.060754239559173584, 0.05845785140991211, 0.9613040685653687], "k_pid_att": [0.0, 10.0, 0.9474170207977295], "k_pid_yaw": [0.5, 1e-06, 0.1], "k_pid_hsp": [9.999999747378752e-05, 1.0, 1.0], "k_pid_vsp": [0.0, 391.4486389160156, 385.7596130371094]}, "datetime": {"datetime": "2025-08-21 09:41:25", "elapsed": 3401.6109528541565, "delta": 30.196481227874756}, "costs": {"total_cost": 3252.4632694142565, "time_cost": 150, "final_distance_cost": 179.27768289891347, "oscillation_cost": 1227.9860754711651, "completition_cost": 1000.0, "overshoot_cost": 570.7746741407362, "power_cost": 30.669018310546875, "noise_cost": 93.75581859289485, "n_waypoints_completed": 0, "tot_waypoints": 9}}
{"target": -3164.5843943008804, "params": {"k_pid_pos": [2.0, 0.0, 0.07832291722297668], "k_pid_alt": [0.14809483289718628, 0.0, 0.9996627569198608], "k_pid_att": [0.0, 9.947456359863281, 0.9518703818321228], "k_pid_yaw": [0.5, 1e-06, 0.1], "k_pid_hsp": [0.5047004222869873, 0.9856014251708984, 1.0], "k_pid_vsp": [29.664039611816406, 400.0, 385.2394714355469]}, "datetime": {"datetime": "2025-08-21 09:41:51", "elapsed": 3428.4150075912476, "delta": 26.804054737091064}, "costs": {"total_cost": 3164.5843943008804, "time_cost": 150, "final_distance_cost": 370.5786335903458, "oscillation_cost": 974.4099231452417, "completition_cost": 1000.0, "overshoot_cost": 545.6214124152407, "power_cost": 30.65288669433594, "noise_cost": 93.32153845571592, "n_waypoints_completed": 0, "tot_waypoints": 9}}
{"target": -18784.510875591466, "params": {"k_pid_pos": [2.0, 0.0, 0.02400827407836914], "k_pid_alt": [0.0, 0.0, 1.0], "k_pid_att": [0.0, 9.737319946289062, 1.0], "k_pid_yaw": [0.5, 1e-06, 0.1], "k_pid_hsp": [0.414642870426178, 0.9326646327972412, 1.0], "k_pid_vsp": [7.272660732269287, 378.9877014160156, 400.0]}, "datetime": {"datetime": "2025-08-21 09:42:21", "elapsed": 3458.3360357284546, "delta": 29.92102813720703}, "costs": {"total_cost": 18784.510875591466, "time_cost": 150, "final_distance_cost": 5961.520980640423, "oscillation_cost": 2144.905791612228, "completition_cost": 1000.0, "overshoot_cost": 9406.007237394051, "power_cost": 28.486207421875, "noise_cost": 93.59065852288776, "n_waypoints_completed": 0, "tot_waypoints": 9}}
{"target": -4442.774344437606, "params": {"k_pid_pos": [1.9821422100067139, 0.013441205024719238, 0.0], "k_pid_alt": [0.0, 0.0, 0.9985149502754211], "k_pid_att": [0.0, 10.0, 1.0], "k_pid_yaw": [0.5, 1e-06, 0.1], "k_pid_hsp": [9.999999747378752e-05, 1.0, 1.0], "k_pid_vsp": [0.0, 400.0, 358.33428955078125]}, "datetime": {"datetime": "2025-08-21 09:42:48", "elapsed": 3484.6154656410217, "delta": 26.27942991256714}, "costs": {"total_cost": 4442.774344437606, "time_cost": 150, "final_distance_cost": 439.83906294481886, "oscillation_cost": 1353.290378181208, "completition_cost": 1000.0, "overshoot_cost": 1404.6054202127875, "power_cost": 20.00209471435547, "noise_cost": 75.03738838443502, "n_waypoints_completed": 0, "tot_waypoints": 9}}
{"target": -4003.810074288276, "params": {"k_pid_pos": [1.9401987791061401, 0.027346014976501465, 0.030971646308898926], "k_pid_alt": [0.0, 0.0, 0.9111857414245605], "k_pid_att": [0.0, 10.0, 0.9654138684272766], "k_pid_yaw": [0.5, 1e-06, 0.1], "k_pid_hsp": [9.999999747378752e-05, 1.0, 1.0], "k_pid_vsp": [10.525131225585938, 392.4500427246094, 400.0]}, "datetime": {"datetime": "2025-08-21 09:43:15", "elapsed": 3512.336145877838, "delta": 27.720680236816406}, "costs": {"total_cost": 4003.810074288276, "time_cost": 150, "final_distance_cost": 549.2814269048695, "oscillation_cost": 1181.371947076279, "completition_cost": 1000.0, "overshoot_cost": 1019.5226423110905, "power_cost": 22.861178808593753, "noise_cost": 80.77287918744345, "n_waypoints_completed": 0, "tot_waypoints": 9}}
{"target": -4131.305697424988, "params": {"k_pid_pos": [2.0, 0.0, 0.02972477674484253], "k_pid_alt": [0.16808295249938965, 0.056456685066223145, 1.0], "k_pid_att": [0.7280468940734863, 10.0, 1.0], "k_pid_yaw": [0.5, 1e-06, 0.1], "k_pid_hsp": [0.2314242124557495, 1.0, 1.0], "k_pid_vsp": [8.470069885253906, 384.900634765625, 392.8466491699219]}, "datetime": {"datetime": "2025-08-21 09:43:44", "elapsed": 3540.5209126472473, "delta": 28.18476676940918}, "costs": {"total_cost": 4131.305697424988, "time_cost": 150, "final_distance_cost": 433.3458302154332, "oscillation_cost": 1750.127235494316, "completition_cost": 1000.0, "overshoot_cost": 671.4250933442834, "power_cost": 31.199130480957034, "noise_cost": 95.20840788999769, "n_waypoints_completed": 0, "tot_waypoints": 9}}
{"target": -1725.8731017620414, "params": {"k_pid_pos": [1.919270396232605, 0.03431403636932373, 0.05746433138847351], "k_pid_alt": [0.014758408069610596, 0.05140656232833862, 0.9644958972930908], "k_pid_att": [4.103407382965088, 9.497207641601562, 1.0], "k_pid_yaw": [0.5, 1e-06, 0.1], "k_pid_hsp": [0.4550076127052307, 0.9421983957290649, 1.0], "k_pid_vsp": [0.0, 400.0, 400.0]}, "datetime": {"datetime": "2025-08-21 09:44:11", "elapsed": 3568.1224026679993, "delta": 27.601490020751953}, "costs": {"total_cost": 1725.8731017620414, "time_cost": 150, "final_distance_cost": 15.202853471803838, "oscillation_cost": 310.6901712972666, "completition_cost": 1000.0, "overshoot_cost": 159.99545603057493, "power_cost": 21.662468164062503, "noise_cost": 68.32215279833325, "n_waypoints_completed": 0, "tot_waypoints": 9}}
{"target": -4277.295975414217, "params": {"k_pid_pos": [1.9302033185958862, 0.03694555163383484, 0.013941586017608643], "k_pid_alt": [0.0, 0.0, 1.0], "k_pid_att": [9.189295768737793, 10.0, 0.8940263986587524], "k_pid_yaw": [0.5, 1e-06, 0.1], "k_pid_hsp": [9.999999747378752e-05, 1.0, 1.0], "k_pid_vsp": [0.0, 397.8188171386719, 400.0]}, "datetime": {"datetime": "2025-08-21 09:44:44", "elapsed": 3600.9074697494507, "delta": 32.785067081451416}, "costs": {"total_cost": 4277.295975414217, "time_cost": 150, "final_distance_cost": 1270.4894579368895, "oscillation_cost": 196.0476155279089, "completition_cost": 1000.0, "overshoot_cost": 1628.2323685069362, "power_cost": 18.053355102539065, "noise_cost": 14.473178339942914, "n_waypoints_completed": 0, "tot_waypoints": 9}}
{"target": -2116.9982142138037, "params": {"k_pid_pos": [1.936662197113037, 0.0, 0.0], "k_pid_alt": [0.0, 0.0785943865776062, 0.9400917887687683], "k_pid_att": [5.461520195007324, 10.0, 1.0], "k_pid_yaw": [0.5, 1e-06, 0.1], "k_pid_hsp": [0.32227805256843567, 1.0, 0.9717026948928833], "k_pid_vsp": [29.742538452148438, 385.55108642578125, 400.0]}, "datetime": {"datetime": "2025-08-21 09:45:10", "elapsed": 3626.5643887519836, "delta": 25.65691900253296}, "costs": {"total_cost": 2116.9982142138037, "time_cost": 150, "final_distance_cost": 354.20835426401067, "oscillation_cost": 146.00378424275718, "completition_cost": 1000.0, "overshoot_cost": 433.57945570688133, "power_cost": 18.007626416015626, "noise_cost": 15.198993584138826, "n_waypoints_completed": 0, "tot_waypoints": 9}}
{"target": -2147.3081762092024, "params": {"k_pid_pos": [1.9880768060684204, 0.008738547563552856, 0.0], "k_pid_alt": [0.0, 0.0, 1.0], "k_pid_att": [6.666374206542969, 9.562202453613281, 0.9824605584144592], "k_pid_yaw": [0.5, 1e-06, 0.1], "k_pid_hsp": [0.6155434250831604, 1.0, 0.8922551870346069], "k_pid_vsp": [10.535394668579102, 385.4577941894531, 385.09637451171875]}, "datetime": {"datetime": "2025-08-21 09:45:51", "elapsed": 3667.537106513977, "delta": 40.97271776199341}, "costs": {"total_cost": 2147.3081762092024, "time_cost": 150, "final_distance_cost": 401.93414103216276, "oscillation_cost": 257.2809204527478, "completition_cost": 1000.0, "overshoot_cost": 285.1991211662513, "power_cost": 17.032649755859374, "noise_cost": 35.86134380218119, "n_waypoints_completed": 0, "tot_waypoints": 9}}
{"target": -2025.6541337089739, "params": {"k_pid_pos": [2.0, 0.017923802137374878, 0.030837714672088623], "k_pid_alt": [0.0, 0.0, 1.0], "k_pid_att": [1.7732828855514526, 9.72428035736084, 1.0], "k_pid_yaw": [0.5, 1e-06, 0.1], "k_pid_hsp": [0.4655363857746124, 1.0, 1.0], "k_pid_vsp": [17.706607818603516, 390.05633544921875, 400.0]}, "datetime": {"datetime": "2025-08-21 09:46:18", "elapsed": 3695.4430334568024, "delta": 27.905926942825317}, "costs": {"total_cost": 2025.6541337089739, "time_cost": 150, "final_distance_cost": 53.3900310903093, "oscillation_cost": 502.496235217936, "completition_cost": 1000.0, "overshoot_cost": 238.33313864816108, "power_cost": 15.467959326171876, "noise_cost": 65.96676942639556, "n_waypoints_completed": 0, "tot_waypoints": 9}}
{"target": -2360.5758675679976, "params": {"k_pid_pos": [2.0, 0.0, 0.045296311378479004], "k_pid_alt": [0.0, 0.004600048065185547, 1.0], "k_pid_att": [12.76274585723877, 9.872974395751953, 1.0], "k_pid_yaw": [0.5, 1e-06, 0.1], "k_pid_hsp": [9.999999747378752e-05, 0.9818071722984314, 1.0], "k_pid_vsp": [30.260419845581055, 370.4431457519531, 382.9081726074219]}, "datetime": {"datetime": "2025-08-21 09:46:50", "elapsed": 3726.7901277542114, "delta": 31.347094297409058}, "costs": {"total_cost": 2360.5758675679976, "time_cost": 150, "final_distance_cost": 483.3506887935376, "oscillation_cost": 224.84910905453327, "completition_cost": 1000.0, "overshoot_cost": 465.8751933219297, "power_cost": 19.750871936035157, "noise_cost": 16.75000446196203, "n_waypoints_completed": 0, "tot_waypoints": 9}}
{"target": -18456.05356659946, "params": {"k_pid_pos": [1.8466455936431885, 0.0, 0.0], "k_pid_alt": [0.0, 0.0, 0.9237607717514038], "k_pid_att": [0.0, 10.0, 1.0], "k_pid_yaw": [0.5, 1e-06, 0.1], "k_pid_hsp": [0.7581356763839722, 1.0, 1.0], "k_pid_vsp": [0.0, 390.3674011230469, 362.663330078125]}, "datetime": {"datetime": "2025-08-21 09:47:20", "elapsed": 3757.4248809814453, "delta": 30.634753227233887}, "costs": {"total_cost": 18456.05356659946, "time_cost": 150, "final_distance_cost": 5894.915222228057, "oscillation_cost": 2227.6278786958596, "completition_cost": 1000.0, "overshoot_cost": 9058.432941964984, "power_cost": 29.63775096435547, "noise_cost": 95.43977274620686, "n_waypoints_completed": 0, "tot_waypoints": 9}}
{"target": -4494.433831416278, "params": {"k_pid_pos": [1.8110777139663696, 0.0, 0.0], "k_pid_alt": [0.12819325923919678, 0.0, 1.0], "k_pid_att": [0.0, 10.0, 1.0], "k_pid_yaw": [0.5, 1e-06, 0.1], "k_pid_hsp": [9.999999747378752e-05, 0.9956403970718384, 0.985164225101471], "k_pid_vsp": [5.564391613006592, 377.22161865234375, 399.4143981933594]}, "datetime": {"datetime": "2025-08-21 09:47:46", "elapsed": 3782.625888824463, "delta": 25.201007843017578}, "costs": {"total_cost": 4494.433831416278, "time_cost": 150, "final_distance_cost": 619.3536463412614, "oscillation_cost": 1278.5628515636827, "completition_cost": 1000.0, "overshoot_cost": 1318.0851550430953, "power_cost": 32.02827143554688, "noise_cost": 96.40390703269044, "n_waypoints_completed": 0, "tot_waypoints": 9}}
{"target": -1505.8318730240671, "params": {"k_pid_pos": [1.9574530124664307, 0.05325514078140259, 0.06544762849807739], "k_pid_alt": [0.0, 0.10674801468849182, 1.0], "k_pid_att": [7.026243209838867, 8.603766441345215, 0.9406247138977051], "k_pid_yaw": [0.5, 1e-06, 0.1], "k_pid_hsp": [0.8323525190353394, 1.0, 0.9814051389694214], "k_pid_vsp": [20.816755294799805, 400.0, 385.4743347167969]}, "datetime": {"datetime": "2025-08-21 09:48:16", "elapsed": 3813.0944163799286, "delta": 30.4685275554657}, "costs": {"total_cost": 1505.8318730240671, "time_cost": 150, "final_distance_cost": 44.99537605713113, "oscillation_cost": 232.08364262072593, "completition_cost": 888.8888888888888, "overshoot_cost": 137.53286395032094, "power_cost": 20.270528845214844, "noise_cost": 32.06057266178551, "n_waypoints_completed": 1, "tot_waypoints": 9}}
{"target": -15010.970648212022, "params": {"k_pid_pos": [2.0, 0.0758008062839508, 0.007359415292739868], "k_pid_alt": [0.0, 0.0, 1.0], "k_pid_att": [0.0, 9.655083656311035, 1.0], "k_pid_yaw": [0.5, 1e-06, 0.1], "k_pid_hsp": [0.34805381298065186, 0.9854680299758911, 1.0], "k_pid_vsp": [2.5698423385620117, 378.17254638671875, 372.47857666015625]}, "datetime": {"datetime": "2025-08-21 09:48:42", "elapsed": 3838.4788501262665, "delta": 25.38443374633789}, "costs": {"total_cost": 15010.970648212022, "time_cost": 150, "final_distance_cost": 4340.829069727835, "oscillation_cost": 1985.4234860968465, "completition_cost": 1000.0, "overshoot_cost": 7408.150350934351, "power_cost": 29.79168426513672, "noise_cost": 96.77605718785244, "n_waypoints_completed": 0, "tot_waypoints": 9}}
{"target": -4599.056490808533, "params": {"k_pid_pos": [1.9195224046707153, 0.024030834436416626, 0.0], "k_pid_alt": [0.12498676776885986, 0.0, 1.0], "k_pid_att": [0.0, 9.821742057800293, 1.0], "k_pid_yaw": [0.5, 1e-06, 0.1], "k_pid_hsp": [0.45638328790664673, 1.0, 1.0], "k_pid_vsp": [18.170822143554688, 400.0, 400.0]}, "datetime": {"datetime": "2025-08-21 09:49:13", "elapsed": 3869.5080144405365, "delta": 31.02916431427002}, "costs": {"total_cost": 4599.056490808533, "time_cost": 150, "final_distance_cost": 562.0189249647859, "oscillation_cost": 1161.0366481916765, "completition_cost": 1000.0, "overshoot_cost": 1597.9566011059633, "power_cost": 31.850249865722656, "noise_cost": 96.19406668038533, "n_waypoints_completed": 0, "tot_waypoints": 9}}
