{"target": -7932.969593448076, "params": {"k_pid_pos": [1.8376364707946777, 0.08137136697769165, 0.07870227098464966], "k_pid_alt": [0.0, 0.08952277898788452, 0.9589141607284546], "k_pid_att": [0.0, 10.0, 1.0], "k_pid_yaw": [0.5, 1e-06, 0.1], "k_pid_hsp": [0.2184162139892578, 0.9953901171684265, 0.9313329458236694], "k_pid_vsp": [0.606834888458252, 397.9332275390625, 385.99603271484375]}, "datetime": {"datetime": "2025-08-21 19:10:12", "elapsed": 37529.266299963, "delta": 22.834916591644287}, "costs": {"total_cost": 7932.969593448076, "time_cost": 150, "final_distance_cost": 1381.135260677654, "oscillation_cost": 1547.5297369531588, "completition_cost": 1000.0, "overshoot_cost": 3725.344831823782, "power_cost": 31.9562435546875, "noise_cost": 97.00352043879333, "n_waypoints_completed": 0, "tot_waypoints": 9}}
{"target": -10382.727333840456, "params": {"k_pid_pos": [1.9833117723464966, 0.0, 0.09276208281517029], "k_pid_alt": [0.0, 0.09073618054389954, 1.0], "k_pid_att": [0.0, 10.0, 0.9750991463661194], "k_pid_yaw": [0.5, 1e-06, 0.1], "k_pid_hsp": [0.17731893062591553, 1.0, 0.9784653186798096], "k_pid_vsp": [0.0, 400.0, 375.9466552734375]}, "datetime": {"datetime": "2025-08-21 19:10:37", "elapsed": 37553.79582333565, "delta": 24.529523372650146}, "costs": {"total_cost": 10382.727333840456, "time_cost": 150, "final_distance_cost": 1359.5673914325057, "oscillation_cost": 2209.270120100805, "completition_cost": 1000.0, "overshoot_cost": 5526.652549873658, "power_cost": 34.7008537109375, "noise_cost": 102.53641872254693, "n_waypoints_completed": 0, "tot_waypoints": 9}}
{"target": -10438.681074134865, "params": {"k_pid_pos": [2.0, 0.04328632354736328, 0.0], "k_pid_alt": [0.02154630422592163, 0.0, 1.0], "k_pid_att": [0.0, 9.800515174865723, 1.0], "k_pid_yaw": [0.5, 1e-06, 0.1], "k_pid_hsp": [0.7556602954864502, 1.0, 1.0], "k_pid_vsp": [18.731487274169922, 394.4923400878906, 400.0]}, "datetime": {"datetime": "2025-08-21 19:11:01", "elapsed": 37578.279118299484, "delta": 24.48329496383667}, "costs": {"total_cost": 10438.681074134865, "time_cost": 150, "final_distance_cost": 3092.1801703745164, "oscillation_cost": 2268.916424224613, "completition_cost": 1000.0, "overshoot_cost": 3788.530072617873, "power_cost": 35.109110449218754, "noise_cost": 103.94529646864405, "n_waypoints_completed": 0, "tot_waypoints": 9}}
{"target": -1660.0226614815106, "params": {"k_pid_pos": [2.0, 0.0, 0.0], "k_pid_alt": [0.03001195192337036, 0.06193593144416809, 0.9298637509346008], "k_pid_att": [7.686966896057129, 9.440713882446289, 0.9953036308288574], "k_pid_yaw": [0.5, 1e-06, 0.1], "k_pid_hsp": [1.5447245836257935, 0.9983958601951599, 0.9666142463684082], "k_pid_vsp": [23.028182983398438, 383.13604736328125, 399.6309814453125]}, "datetime": {"datetime": "2025-08-21 19:11:25", "elapsed": 37601.63285899162, "delta": 23.353740692138672}, "costs": {"total_cost": 1660.0226614815106, "time_cost": 150, "final_distance_cost": 89.02735408618928, "oscillation_cost": 277.281150950124, "completition_cost": 777.7777777777778, "overshoot_cost": 321.91879246305444, "power_cost": 24.875433508300784, "noise_cost": 19.14215269606417, "n_waypoints_completed": 2, "tot_waypoints": 9}}
{"target": -7364.887020399299, "params": {"k_pid_pos": [2.0, 0.15990108251571655, 0.05194100737571716], "k_pid_alt": [0.0, 0.0, 0.9955770969390869], "k_pid_att": [0.0, 10.0, 0.976306140422821], "k_pid_yaw": [0.5, 1e-06, 0.1], "k_pid_hsp": [9.999999747378752e-05, 1.0, 1.0], "k_pid_vsp": [0.0, 400.0, 376.73663330078125]}, "datetime": {"datetime": "2025-08-21 19:11:51", "elapsed": 37627.500700712204, "delta": 25.867841720581055}, "costs": {"total_cost": 7364.887020399299, "time_cost": 150, "final_distance_cost": 1651.7681980652073, "oscillation_cost": 756.4034239999139, "completition_cost": 1000.0, "overshoot_cost": 3724.339587006183, "power_cost": 15.967791369628907, "noise_cost": 66.40801995836613, "n_waypoints_completed": 0, "tot_waypoints": 9}}
{"target": -2424.366925594288, "params": {"k_pid_pos": [2.0, 0.010647177696228027, 0.0], "k_pid_alt": [0.009241461753845215, 0.0, 0.989608645439148], "k_pid_att": [3.031313419342041, 10.0, 0.9526183605194092], "k_pid_yaw": [0.5, 1e-06, 0.1], "k_pid_hsp": [9.999999747378752e-05, 1.0, 0.8848655223846436], "k_pid_vsp": [8.535075187683105, 400.0, 400.0]}, "datetime": {"datetime": "2025-08-21 19:12:13", "elapsed": 37650.145253658295, "delta": 22.6445529460907}, "costs": {"total_cost": 2424.366925594288, "time_cost": 150, "final_distance_cost": 454.7585950733941, "oscillation_cost": 279.01794620324296, "completition_cost": 1000.0, "overshoot_cost": 486.45413840425334, "power_cost": 20.58677559814453, "noise_cost": 33.549470315253366, "n_waypoints_completed": 0, "tot_waypoints": 9}}
{"target": -5908.726365907291, "params": {"k_pid_pos": [2.0, 0.0015440583229064941, 0.011619031429290771], "k_pid_alt": [0.05024999380111694, 0.0, 1.0], "k_pid_att": [0.0, 10.0, 0.9951116442680359], "k_pid_yaw": [0.5, 1e-06, 0.1], "k_pid_hsp": [0.35850390791893005, 0.9931409358978271, 1.0], "k_pid_vsp": [6.522941589355469, 379.5661926269531, 400.0]}, "datetime": {"datetime": "2025-08-21 19:12:38", "elapsed": 37674.95589542389, "delta": 24.810641765594482}, "costs": {"total_cost": 5908.726365907291, "time_cost": 150, "final_distance_cost": 842.778436696768, "oscillation_cost": 1784.8680137326653, "completition_cost": 1000.0, "overshoot_cost": 1996.3637409604737, "power_cost": 33.746292907714846, "noise_cost": 100.96988160966956, "n_waypoints_completed": 0, "tot_waypoints": 9}}
{"target": -7320.0685069528545, "params": {"k_pid_pos": [1.96965754032135, 0.0, 0.0], "k_pid_alt": [0.07351177930831909, 0.0, 1.0], "k_pid_att": [0.0, 10.0, 0.9479066133499146], "k_pid_yaw": [0.5, 1e-06, 0.1], "k_pid_hsp": [9.999999747378752e-05, 0.99378502368927, 1.0], "k_pid_vsp": [0.0, 400.0, 383.40777587890625]}, "datetime": {"datetime": "2025-08-21 19:13:01", "elapsed": 37697.70343995094, "delta": 22.747544527053833}, "costs": {"total_cost": 7320.0685069528545, "time_cost": 150, "final_distance_cost": 1585.950924089883, "oscillation_cost": 2012.6313567077386, "completition_cost": 1000.0, "overshoot_cost": 2437.34590118428, "power_cost": 33.652583312988284, "noise_cost": 100.48774165796397, "n_waypoints_completed": 0, "tot_waypoints": 9}}
{"target": -2709.9481885240507, "params": {"k_pid_pos": [2.0, 0.0, 0.11068987846374512], "k_pid_alt": [0.0, 0.0, 1.0], "k_pid_att": [6.246662139892578, 9.657306671142578, 0.9757794737815857], "k_pid_yaw": [0.5, 1e-06, 0.1], "k_pid_hsp": [0.5913906693458557, 1.0, 0.9448572397232056], "k_pid_vsp": [19.366432189941406, 400.0, 388.5081787109375]}, "datetime": {"datetime": "2025-08-21 19:13:25", "elapsed": 37721.94332575798, "delta": 24.239885807037354}, "costs": {"total_cost": 2709.9481885240507, "time_cost": 150, "final_distance_cost": 580.1146044486086, "oscillation_cost": 227.25447830217996, "completition_cost": 888.8888888888888, "overshoot_cost": 826.6212000782856, "power_cost": 19.374512915039062, "noise_cost": 17.694503891049166, "n_waypoints_completed": 1, "tot_waypoints": 9}}
{"target": -11855.732916719599, "params": {"k_pid_pos": [1.9232378005981445, 0.03126499056816101, 0.12331953644752502], "k_pid_alt": [0.09023237228393555, 0.0, 1.0], "k_pid_att": [0.0, 9.75475788116455, 0.9566236138343811], "k_pid_yaw": [0.5, 1e-06, 0.1], "k_pid_hsp": [9.999999747378752e-05, 1.0, 0.9948772192001343], "k_pid_vsp": [0.0, 382.9811706542969, 400.0]}, "datetime": {"datetime": "2025-08-21 19:13:49", "elapsed": 37745.97135615349, "delta": 24.028030395507812}, "costs": {"total_cost": 11855.732916719599, "time_cost": 150, "final_distance_cost": 3110.9930634069765, "oscillation_cost": 1283.3702248251984, "completition_cost": 1000.0, "overshoot_cost": 6174.471568617341, "power_cost": 34.56861993408203, "noise_cost": 102.32943993599972, "n_waypoints_completed": 0, "tot_waypoints": 9}}
{"target": -9801.424978356046, "params": {"k_pid_pos": [2.0, 0.16103821992874146, 0.0], "k_pid_alt": [0.08118879795074463, 0.04400905966758728, 0.9998928308486938], "k_pid_att": [0.0, 10.0, 0.9886429309844971], "k_pid_yaw": [0.5, 1e-06, 0.1], "k_pid_hsp": [0.36932292580604553, 0.9702752828598022, 0.9613088369369507], "k_pid_vsp": [33.696102142333984, 400.0, 400.0]}, "datetime": {"datetime": "2025-08-21 19:14:12", "elapsed": 37768.98233127594, "delta": 23.010975122451782}, "costs": {"total_cost": 9801.424978356046, "time_cost": 150, "final_distance_cost": 2605.4846332878355, "oscillation_cost": 2375.144271264799, "completition_cost": 1000.0, "overshoot_cost": 3531.1367395339053, "power_cost": 35.30748316650391, "noise_cost": 104.3518511030029, "n_waypoints_completed": 0, "tot_waypoints": 9}}
{"target": -1689.2865881091993, "params": {"k_pid_pos": [2.0, 0.0, 0.11902886629104614], "k_pid_alt": [0.0, 0.0, 1.0], "k_pid_att": [4.665923118591309, 9.6676607131958, 1.0], "k_pid_yaw": [0.5, 1e-06, 0.1], "k_pid_hsp": [9.999999747378752e-05, 0.9619098901748657, 0.9244971871376038], "k_pid_vsp": [12.098026275634766, 385.6382751464844, 400.0]}, "datetime": {"datetime": "2025-08-21 19:14:35", "elapsed": 37792.277609586716, "delta": 23.295278310775757}, "costs": {"total_cost": 1689.2865881091993, "time_cost": 150, "final_distance_cost": 73.21847284495696, "oscillation_cost": 254.1584697761858, "completition_cost": 1000.0, "overshoot_cost": 146.36753160798523, "power_cost": 18.852630041503907, "noise_cost": 46.68948383856716, "n_waypoints_completed": 0, "tot_waypoints": 9}}
{"target": -9590.416875391194, "params": {"k_pid_pos": [2.0, 0.0034373104572296143, 0.0], "k_pid_alt": [0.0, 0.029944658279418945, 1.0], "k_pid_att": [0.0, 10.0, 1.0], "k_pid_yaw": [0.5, 1e-06, 0.1], "k_pid_hsp": [9.999999747378752e-05, 1.0, 0.9948359727859497], "k_pid_vsp": [0.0, 381.05560302734375, 400.0]}, "datetime": {"datetime": "2025-08-21 19:15:00", "elapsed": 37816.50726389885, "delta": 24.22965431213379}, "costs": {"total_cost": 9590.416875391194, "time_cost": 150, "final_distance_cost": 2940.2587887641143, "oscillation_cost": 2056.4958494249113, "completition_cost": 1000.0, "overshoot_cost": 3309.702136286977, "power_cost": 33.57574422607422, "noise_cost": 100.38435668911676, "n_waypoints_completed": 0, "tot_waypoints": 9}}
{"target": -2012.8632616560842, "params": {"k_pid_pos": [2.0, 0.0, 0.0], "k_pid_alt": [0.0, 0.004647672176361084, 0.9334073066711426], "k_pid_att": [2.9643654823303223, 10.0, 1.0], "k_pid_yaw": [0.5, 1e-06, 0.1], "k_pid_hsp": [9.999999747378752e-05, 1.0, 0.9107092022895813], "k_pid_vsp": [0.0, 400.0, 397.5633544921875]}, "datetime": {"datetime": "2025-08-21 19:15:23", "elapsed": 37839.78413891792, "delta": 23.276875019073486}, "costs": {"total_cost": 2012.8632616560842, "time_cost": 150, "final_distance_cost": 108.88338617772014, "oscillation_cost": 314.08417175172525, "completition_cost": 1000.0, "overshoot_cost": 351.9504083685479, "power_cost": 22.68332021484375, "noise_cost": 65.26197514324726, "n_waypoints_completed": 0, "tot_waypoints": 9}}
{"target": -1684.484414985675, "params": {"k_pid_pos": [1.7428640127182007, 0.04462331533432007, 0.03952702879905701], "k_pid_alt": [0.0, 0.0, 0.9786540269851685], "k_pid_att": [4.390901565551758, 10.0, 1.0], "k_pid_yaw": [0.5, 1e-06, 0.1], "k_pid_hsp": [0.09950375556945801, 0.9702790379524231, 1.0], "k_pid_vsp": [0.0, 394.9922180175781, 397.5640869140625]}, "datetime": {"datetime": "2025-08-21 19:15:45", "elapsed": 37862.39078116417, "delta": 22.606642246246338}, "costs": {"total_cost": 1684.484414985675, "time_cost": 150, "final_distance_cost": 11.713815255334131, "oscillation_cost": 297.30620239200357, "completition_cost": 1000.0, "overshoot_cost": 152.6375521720156, "power_cost": 13.130092028808594, "noise_cost": 59.696753137512935, "n_waypoints_completed": 0, "tot_waypoints": 9}}
{"target": -1833.352600988448, "params": {"k_pid_pos": [1.981431245803833, 0.0, 0.0], "k_pid_alt": [0.13411641120910645, 0.010912537574768066, 1.0], "k_pid_att": [2.498805522918701, 9.17272663116455, 1.0], "k_pid_yaw": [0.5, 1e-06, 0.1], "k_pid_hsp": [0.8058022260665894, 1.0, 1.0], "k_pid_vsp": [6.3416361808776855, 376.0634765625, 375.430908203125]}, "datetime": {"datetime": "2025-08-21 19:16:10", "elapsed": 37886.77770733833, "delta": 24.38692617416382}, "costs": {"total_cost": 1833.352600988448, "time_cost": 150, "final_distance_cost": 10.756088451215016, "oscillation_cost": 362.50650192406465, "completition_cost": 1000.0, "overshoot_cost": 203.0511529132209, "power_cost": 26.54741374511719, "noise_cost": 80.49144395483043, "n_waypoints_completed": 0, "tot_waypoints": 9}}
{"target": -1643.2682589601131, "params": {"k_pid_pos": [2.0, 0.0, 0.038444191217422485], "k_pid_alt": [0.0, 0.0, 0.9609663486480713], "k_pid_att": [5.903980255126953, 9.10050106048584, 1.0], "k_pid_yaw": [0.5, 1e-06, 0.1], "k_pid_hsp": [9.999999747378752e-05, 1.0, 1.0], "k_pid_vsp": [0.0, 400.0, 400.0]}, "datetime": {"datetime": "2025-08-21 19:16:33", "elapsed": 37910.26318740845, "delta": 23.485480070114136}, "costs": {"total_cost": 1643.2682589601131, "time_cost": 150, "final_distance_cost": 24.93756288486477, "oscillation_cost": 230.82368948742624, "completition_cost": 1000.0, "overshoot_cost": 169.88850250710632, "power_cost": 21.840341076660156, "noise_cost": 45.77816300405557, "n_waypoints_completed": 0, "tot_waypoints": 9}}
{"target": -9062.46509365535, "params": {"k_pid_pos": [1.9812769889831543, 0.0, 0.056893378496170044], "k_pid_alt": [0.06176179647445679, 0.0, 1.0], "k_pid_att": [0.0, 9.24436092376709, 0.8914417624473572], "k_pid_yaw": [0.5, 1e-06, 0.1], "k_pid_hsp": [0.022672351449728012, 1.0, 1.0], "k_pid_vsp": [1.2318849563598633, 382.7543029785156, 398.6015930175781]}, "datetime": {"datetime": "2025-08-21 19:16:57", "elapsed": 37934.14683890343, "delta": 23.88365149497986}, "costs": {"total_cost": 9062.46509365535, "time_cost": 150, "final_distance_cost": 2078.8407670476263, "oscillation_cost": 1470.4467333455593, "completition_cost": 1000.0, "overshoot_cost": 4230.648482359045, "power_cost": 33.04419963378906, "noise_cost": 99.48491126933047, "n_waypoints_completed": 0, "tot_waypoints": 9}}
{"target": -2884.2019499072867, "params": {"k_pid_pos": [1.8277459144592285, 0.0, 0.045924872159957886], "k_pid_alt": [0.0904228687286377, 0.02211335301399231, 1.0], "k_pid_att": [3.399524211883545, 10.0, 0.989298939704895], "k_pid_yaw": [0.5, 1e-06, 0.1], "k_pid_hsp": [9.999999747378752e-05, 0.9936914443969727, 0.9154995083808899], "k_pid_vsp": [0.0, 383.4242248535156, 395.0414733886719]}, "datetime": {"datetime": "2025-08-21 19:17:22", "elapsed": 37959.45994567871, "delta": 25.313106775283813}, "costs": {"total_cost": 2884.2019499072867, "time_cost": 150, "final_distance_cost": 366.38614861852506, "oscillation_cost": 266.91706276536473, "completition_cost": 1000.0, "overshoot_cost": 1057.9901439018734, "power_cost": 21.407892736816407, "noise_cost": 21.500701884707205, "n_waypoints_completed": 0, "tot_waypoints": 9}}
{"target": -8434.605467439966, "params": {"k_pid_pos": [1.9785417318344116, 0.029130518436431885, 0.04373624920845032], "k_pid_alt": [0.0, 0.0, 0.9789173603057861], "k_pid_att": [0.0, 10.0, 1.0], "k_pid_yaw": [0.5, 1e-06, 0.1], "k_pid_hsp": [0.8912368416786194, 1.0, 1.0], "k_pid_vsp": [0.0, 392.2731018066406, 372.46337890625]}, "datetime": {"datetime": "2025-08-21 19:17:46", "elapsed": 37982.82370138168, "delta": 23.363755702972412}, "costs": {"total_cost": 8434.605467439966, "time_cost": 150, "final_distance_cost": 2809.6871667358073, "oscillation_cost": 1290.1687317330423, "completition_cost": 1000.0, "overshoot_cost": 3069.192355039275, "power_cost": 26.363096105957034, "noise_cost": 89.19411782588446, "n_waypoints_completed": 0, "tot_waypoints": 9}}
{"target": -6016.815602224882, "params": {"k_pid_pos": [1.9652386903762817, 0.04902815818786621, 0.0], "k_pid_alt": [0.0, 0.010847747325897217, 1.0], "k_pid_att": [0.0, 10.0, 0.9489887952804565], "k_pid_yaw": [0.5, 1e-06, 0.1], "k_pid_hsp": [9.999999747378752e-05, 1.0, 0.9312078952789307], "k_pid_vsp": [0.0, 400.0, 396.3500061035156]}, "datetime": {"datetime": "2025-08-21 19:18:11", "elapsed": 38008.10045719147, "delta": 25.276755809783936}, "costs": {"total_cost": 6016.815602224882, "time_cost": 150, "final_distance_cost": 1095.0420773337692, "oscillation_cost": 1044.2969434787733, "completition_cost": 1000.0, "overshoot_cost": 2598.054733493163, "power_cost": 32.15724317626953, "noise_cost": 97.26460474290705, "n_waypoints_completed": 0, "tot_waypoints": 9}}
{"target": -21884.55246543951, "params": {"k_pid_pos": [1.8195785284042358, 0.020991891622543335, 0.0], "k_pid_alt": [0.14418894052505493, 0.0, 1.0], "k_pid_att": [0.0, 10.0, 0.9331961870193481], "k_pid_yaw": [0.5, 1e-06, 0.1], "k_pid_hsp": [9.999999747378752e-05, 1.0, 0.9666191339492798], "k_pid_vsp": [0.0, 390.8124084472656, 400.0]}, "datetime": {"datetime": "2025-08-21 19:18:34", "elapsed": 38031.0582242012, "delta": 22.957767009735107}, "costs": {"total_cost": 21884.55246543951, "time_cost": 150, "final_distance_cost": 6614.953984067799, "oscillation_cost": 2138.8447428813256, "completition_cost": 1000.0, "overshoot_cost": 11843.283903932475, "power_cost": 34.693253710937505, "noise_cost": 102.77658084697009, "n_waypoints_completed": 0, "tot_waypoints": 9}}
{"target": -2915.3070624237175, "params": {"k_pid_pos": [2.0, 0.0, 0.03005903959274292], "k_pid_alt": [0.19404619932174683, 0.10788673162460327, 0.9654300808906555], "k_pid_att": [0.9655594825744629, 10.0, 0.997562050819397], "k_pid_yaw": [0.5, 1e-06, 0.1], "k_pid_hsp": [0.2886050343513489, 0.9550313353538513, 1.0], "k_pid_vsp": [4.861283302307129, 400.0, 400.0]}, "datetime": {"datetime": "2025-08-21 19:18:58", "elapsed": 38054.7891831398, "delta": 23.730958938598633}, "costs": {"total_cost": 2915.3070624237175, "time_cost": 150, "final_distance_cost": 485.7636795736438, "oscillation_cost": 625.9705137301223, "completition_cost": 1000.0, "overshoot_cost": 524.7857443307528, "power_cost": 32.37583280029297, "noise_cost": 96.41129198890576, "n_waypoints_completed": 0, "tot_waypoints": 9}}
{"target": -14586.9037384099, "params": {"k_pid_pos": [2.0, 0.07534754276275635, 0.07072186470031738], "k_pid_alt": [0.009434521198272705, 0.00801020860671997, 1.0], "k_pid_att": [0.0, 10.0, 0.971022367477417], "k_pid_yaw": [0.5, 1e-06, 0.1], "k_pid_hsp": [0.9853435754776001, 0.981533408164978, 1.0], "k_pid_vsp": [0.0, 370.90301513671875, 377.6559753417969]}, "datetime": {"datetime": "2025-08-21 19:19:22", "elapsed": 38079.10806965828, "delta": 24.318886518478394}, "costs": {"total_cost": 14586.9037384099, "time_cost": 150, "final_distance_cost": 4379.203569297606, "oscillation_cost": 2065.6505455859315, "completition_cost": 1000.0, "overshoot_cost": 6852.863204470863, "power_cost": 35.198289184570314, "noise_cost": 103.98812987092852, "n_waypoints_completed": 0, "tot_waypoints": 9}}
{"target": -2703.0499535967137, "params": {"k_pid_pos": [2.0, 0.023244649171829224, 0.0], "k_pid_alt": [0.13732844591140747, 0.0, 1.0], "k_pid_att": [4.75163459777832, 10.0, 1.0], "k_pid_yaw": [0.5, 1e-06, 0.1], "k_pid_hsp": [0.5627472996711731, 1.0, 1.0], "k_pid_vsp": [0.0, 393.91046142578125, 382.08160400390625]}, "datetime": {"datetime": "2025-08-21 19:19:45", "elapsed": 38101.9312081337, "delta": 22.82313847541809}, "costs": {"total_cost": 2703.0499535967137, "time_cost": 150, "final_distance_cost": 406.18248471246994, "oscillation_cost": 214.66679184708624, "completition_cost": 1000.0, "overshoot_cost": 899.4459257523442, "power_cost": 18.256130871582034, "noise_cost": 14.498620413231102, "n_waypoints_completed": 0, "tot_waypoints": 9}}
{"target": -1892.8797985021451, "params": {"k_pid_pos": [2.0, 0.0, 0.04017907381057739], "k_pid_alt": [0.0, 0.0, 1.0], "k_pid_att": [3.517240285873413, 9.280940055847168, 1.0], "k_pid_yaw": [0.5, 1e-06, 0.1], "k_pid_hsp": [0.3181668519973755, 1.0, 1.0], "k_pid_vsp": [30.262338638305664, 390.4373779296875, 400.0]}, "datetime": {"datetime": "2025-08-21 19:20:10", "elapsed": 38126.76550078392, "delta": 24.83429265022278}, "costs": {"total_cost": 1892.8797985021451, "time_cost": 150, "final_distance_cost": 149.4019040243435, "oscillation_cost": 251.75772900250854, "completition_cost": 1000.0, "overshoot_cost": 289.5591784329913, "power_cost": 17.053880053710937, "noise_cost": 35.107106988590964, "n_waypoints_completed": 0, "tot_waypoints": 9}}
{"target": -5940.385402787003, "params": {"k_pid_pos": [1.8786343336105347, 0.0, 0.0], "k_pid_alt": [0.10699796676635742, 0.0, 0.9862353801727295], "k_pid_att": [0.0, 9.417011260986328, 1.0], "k_pid_yaw": [0.5, 1e-06, 0.1], "k_pid_hsp": [9.999999747378752e-05, 0.9801746606826782, 0.9645693302154541], "k_pid_vsp": [28.969812393188477, 383.0641174316406, 400.0]}, "datetime": {"datetime": "2025-08-21 19:20:34", "elapsed": 38150.783333301544, "delta": 24.0178325176239}, "costs": {"total_cost": 5940.385402787003, "time_cost": 150, "final_distance_cost": 739.1513983622606, "oscillation_cost": 1979.80424454885, "completition_cost": 1000.0, "overshoot_cost": 1935.6058409791, "power_cost": 34.17855983886719, "noise_cost": 101.6453590579249, "n_waypoints_completed": 0, "tot_waypoints": 9}}
{"target": -1909.6122257781687, "params": {"k_pid_pos": [2.0, 0.09240052103996277, 0.052386075258255005], "k_pid_alt": [0.1223440170288086, 0.0, 0.919825553894043], "k_pid_att": [2.2155821323394775, 9.585768699645996, 0.9237515926361084], "k_pid_yaw": [0.5, 1e-06, 0.1], "k_pid_hsp": [0.8468109965324402, 0.9883607625961304, 1.0], "k_pid_vsp": [0.0, 400.0, 383.2894592285156]}, "datetime": {"datetime": "2025-08-21 19:20:57", "elapsed": 38173.70186710358, "delta": 22.91853380203247}, "costs": {"total_cost": 1909.6122257781687, "time_cost": 150, "final_distance_cost": 53.023197080258896, "oscillation_cost": 396.8876713630098, "completition_cost": 1000.0, "overshoot_cost": 226.89700915307617, "power_cost": 24.882993139648438, "noise_cost": 57.921355042175165, "n_waypoints_completed": 0, "tot_waypoints": 9}}
