{"target": -3611.365745391718, "params": {"k_pid_pos": [2.0, 0.007627516984939575, 0.0], "k_pid_alt": [0.0, 0.0, 1.0], "k_pid_att": [7.8796892166137695, 9.431626319885254, 0.9737995266914368], "k_pid_yaw": [0.5, 1e-06, 0.1], "k_pid_hsp": [9.999999747378752e-05, 0.9869716167449951, 0.9747740626335144], "k_pid_vsp": [9.316503524780273, 400.0, 400.0]}, "datetime": {"datetime": "2025-08-21 16:47:32", "elapsed": 28969.29123187065, "delta": 23.898980140686035}, "costs": {"total_cost": 3611.365745391718, "time_cost": 150, "final_distance_cost": 1013.8843884755757, "oscillation_cost": 233.28139302628807, "completition_cost": 1000.0, "overshoot_cost": 1173.66310378587, "power_cost": 18.016280798339846, "noise_cost": 22.520579305645253, "n_waypoints_completed": 0, "tot_waypoints": 9}}
{"target": -22706.784925943633, "params": {"k_pid_pos": [1.8956172466278076, 0.009395480155944824, 0.031914085149765015], "k_pid_alt": [0.0, 0.03889423608779907, 1.0], "k_pid_att": [0.0, 9.866464614868164, 0.9664663076400757], "k_pid_yaw": [0.5, 1e-06, 0.1], "k_pid_hsp": [9.999999747378752e-05, 0.9642938375473022, 1.0], "k_pid_vsp": [13.990127563476562, 400.0, 400.0]}, "datetime": {"datetime": "2025-08-21 16:47:55", "elapsed": 28991.934135198593, "delta": 22.642903327941895}, "costs": {"total_cost": 22706.784925943633, "time_cost": 150, "final_distance_cost": 6913.098785794149, "oscillation_cost": 2194.9320022064235, "completition_cost": 1000.0, "overshoot_cost": 12310.86745902997, "power_cost": 34.860297119140625, "noise_cost": 103.02638179395058, "n_waypoints_completed": 0, "tot_waypoints": 9}}
{"target": -9177.673354480843, "params": {"k_pid_pos": [2.0, 0.035080790519714355, 0.02835366129875183], "k_pid_alt": [0.05691182613372803, 0.0513187050819397, 1.0], "k_pid_att": [0.0, 9.749882698059082, 0.914710283279419], "k_pid_yaw": [0.5, 1e-06, 0.1], "k_pid_hsp": [9.999999747378752e-05, 0.9690644145011902, 0.9770956039428711], "k_pid_vsp": [4.044854640960693, 396.7789306640625, 400.0]}, "datetime": {"datetime": "2025-08-21 16:48:19", "elapsed": 29015.94567155838, "delta": 24.011536359786987}, "costs": {"total_cost": 9177.673354480843, "time_cost": 150, "final_distance_cost": 2264.103728187095, "oscillation_cost": 1603.3499553680342, "completition_cost": 1000.0, "overshoot_cost": 4022.7726105537267, "power_cost": 34.76949813232422, "noise_cost": 102.67756223966353, "n_waypoints_completed": 0, "tot_waypoints": 9}}
{"target": -3342.0345708881555, "params": {"k_pid_pos": [2.0, 0.0, 0.05384865403175354], "k_pid_alt": [0.054742395877838135, 0.0, 0.9529755711555481], "k_pid_att": [5.077645301818848, 9.7687406539917, 1.0], "k_pid_yaw": [0.5, 1e-06, 0.1], "k_pid_hsp": [9.999999747378752e-05, 1.0, 1.0], "k_pid_vsp": [9.56224250793457, 400.0, 348.2525939941406]}, "datetime": {"datetime": "2025-08-21 16:48:43", "elapsed": 29039.92255473137, "delta": 23.97688317298889}, "costs": {"total_cost": 3342.0345708881555, "time_cost": 150, "final_distance_cost": 930.2556849002136, "oscillation_cost": 155.3489413782253, "completition_cost": 1000.0, "overshoot_cost": 1071.7532531878612, "power_cost": 18.604386560058593, "noise_cost": 16.072304861796937, "n_waypoints_completed": 0, "tot_waypoints": 9}}
{"target": -3976.739303061913, "params": {"k_pid_pos": [2.0, 0.0390009880065918, 0.0033731162548065186], "k_pid_alt": [0.0, 0.0, 1.0], "k_pid_att": [0.0, 9.670522689819336, 0.9852375388145447], "k_pid_yaw": [0.5, 1e-06, 0.1], "k_pid_hsp": [0.4613769054412842, 0.9775580167770386, 1.0], "k_pid_vsp": [0.0, 400.0, 376.6308898925781]}, "datetime": {"datetime": "2025-08-21 16:49:08", "elapsed": 29065.263855695724, "delta": 25.34130096435547}, "costs": {"total_cost": 3976.739303061913, "time_cost": 150, "final_distance_cost": 323.6893941920617, "oscillation_cost": 1693.522541163867, "completition_cost": 1000.0, "overshoot_cost": 696.8437512837867, "power_cost": 25.484508984375, "noise_cost": 87.1991074378219, "n_waypoints_completed": 0, "tot_waypoints": 9}}
{"target": -2023.276467575333, "params": {"k_pid_pos": [1.9584227800369263, 0.0, 0.0], "k_pid_alt": [0.0, 0.0, 0.9249411821365356], "k_pid_att": [3.0536949634552, 10.0, 0.9997396469116211], "k_pid_yaw": [0.5, 1e-06, 0.1], "k_pid_hsp": [9.999999747378752e-05, 0.987872838973999, 0.9608055353164673], "k_pid_vsp": [6.328129768371582, 400.0, 394.17864990234375]}, "datetime": {"datetime": "2025-08-21 16:49:33", "elapsed": 29089.471932649612, "delta": 24.20807695388794}, "costs": {"total_cost": 2023.276467575333, "time_cost": 150, "final_distance_cost": 115.62645328637998, "oscillation_cost": 324.6274229447148, "completition_cost": 1000.0, "overshoot_cost": 349.16002187817554, "power_cost": 19.988479052734377, "noise_cost": 63.87409041332862, "n_waypoints_completed": 0, "tot_waypoints": 9}}
{"target": -7641.405754504696, "params": {"k_pid_pos": [1.8993992805480957, 0.0, 0.11297059059143066], "k_pid_alt": [0.0, 0.025675415992736816, 0.9675091505050659], "k_pid_att": [0.0, 9.702095031738281, 1.0], "k_pid_yaw": [0.5, 1e-06, 0.1], "k_pid_hsp": [9.999999747378752e-05, 1.0, 0.979170024394989], "k_pid_vsp": [0.0, 400.0, 366.3354187011719]}, "datetime": {"datetime": "2025-08-21 16:49:56", "elapsed": 29112.529928445816, "delta": 23.057995796203613}, "costs": {"total_cost": 7641.405754504696, "time_cost": 150, "final_distance_cost": 1682.6038151372513, "oscillation_cost": 1013.1357188050259, "completition_cost": 1000.0, "overshoot_cost": 3667.9744750681357, "power_cost": 31.765292541503907, "noise_cost": 95.92645295277862, "n_waypoints_completed": 0, "tot_waypoints": 9}}
{"target": -2220.423045344292, "params": {"k_pid_pos": [2.0, 0.0, 0.0], "k_pid_alt": [0.017878234386444092, 0.05483776330947876, 1.0], "k_pid_att": [2.0395545959472656, 9.805440902709961, 1.0], "k_pid_yaw": [0.5, 1e-06, 0.1], "k_pid_hsp": [9.999999747378752e-05, 0.9605898857116699, 0.9856299161911011], "k_pid_vsp": [0.0, 392.8616638183594, 400.0]}, "datetime": {"datetime": "2025-08-21 16:50:19", "elapsed": 29135.76651072502, "delta": 23.236582279205322}, "costs": {"total_cost": 2220.423045344292, "time_cost": 150, "final_distance_cost": 138.56971588075024, "oscillation_cost": 433.299612674615, "completition_cost": 1000.0, "overshoot_cost": 390.0141093852281, "power_cost": 27.03516611328125, "noise_cost": 81.50444129041733, "n_waypoints_completed": 0, "tot_waypoints": 9}}
{"target": -3883.7798697163817, "params": {"k_pid_pos": [2.0, 0.0, 0.02004978060722351], "k_pid_alt": [0.13820743560791016, 0.0, 1.0], "k_pid_att": [0.0, 9.504748344421387, 0.9585118293762207], "k_pid_yaw": [0.5, 1e-06, 0.1], "k_pid_hsp": [0.43536123633384705, 0.9979288578033447, 0.9845548272132874], "k_pid_vsp": [2.2318124771118164, 386.7258605957031, 400.0]}, "datetime": {"datetime": "2025-08-21 16:50:42", "elapsed": 29158.86820745468, "delta": 23.101696729660034}, "costs": {"total_cost": 3883.7798697163817, "time_cost": 150, "final_distance_cost": 205.07599345910398, "oscillation_cost": 1738.6866589514345, "completition_cost": 1000.0, "overshoot_cost": 659.160481800295, "power_cost": 32.57527945556641, "noise_cost": 98.2814560499818, "n_waypoints_completed": 0, "tot_waypoints": 9}}
{"target": -1697.050696768124, "params": {"k_pid_pos": [2.0, 0.0, 0.0096854567527771], "k_pid_alt": [0.09805071353912354, 0.016956806182861328, 0.9632919430732727], "k_pid_att": [5.490407466888428, 10.0, 0.939565122127533], "k_pid_yaw": [0.5, 1e-06, 0.1], "k_pid_hsp": [9.999999747378752e-05, 1.0, 1.0], "k_pid_vsp": [0.0, 400.0, 400.0]}, "datetime": {"datetime": "2025-08-21 16:51:06", "elapsed": 29182.604837179184, "delta": 23.736629724502563}, "costs": {"total_cost": 1697.050696768124, "time_cost": 150, "final_distance_cost": 15.652907894752087, "oscillation_cost": 283.94127885690375, "completition_cost": 1000.0, "overshoot_cost": 163.05787245960383, "power_cost": 20.17674312744141, "noise_cost": 64.22189442942296, "n_waypoints_completed": 0, "tot_waypoints": 9}}
{"target": -3834.593817804338, "params": {"k_pid_pos": [2.0, 0.0, 0.0], "k_pid_alt": [0.02832341194152832, 0.0, 1.0], "k_pid_att": [0.0, 10.0, 1.0], "k_pid_yaw": [0.5, 1e-06, 0.1], "k_pid_hsp": [9.999999747378752e-05, 1.0, 0.9680312275886536], "k_pid_vsp": [0.0, 400.0, 400.0]}, "datetime": {"datetime": "2025-08-21 16:51:30", "elapsed": 29206.706399917603, "delta": 24.10156273841858}, "costs": {"total_cost": 3834.593817804338, "time_cost": 150, "final_distance_cost": 445.220126086564, "oscillation_cost": 1121.892364179869, "completition_cost": 1000.0, "overshoot_cost": 989.7022264394187, "power_cost": 31.58121053466797, "noise_cost": 96.19789056381785, "n_waypoints_completed": 0, "tot_waypoints": 9}}
{"target": -2017.876169095775, "params": {"k_pid_pos": [1.9939643144607544, 0.0009070634841918945, 0.025430738925933838], "k_pid_alt": [0.0, 0.0, 1.0], "k_pid_att": [1.1542439460754395, 9.636280059814453, 0.9262401461601257], "k_pid_yaw": [0.5, 1e-06, 0.1], "k_pid_hsp": [0.45709821581840515, 1.0, 1.0], "k_pid_vsp": [22.77867889404297, 400.0, 390.9252624511719]}, "datetime": {"datetime": "2025-08-21 16:51:53", "elapsed": 29230.294045448303, "delta": 23.587645530700684}, "costs": {"total_cost": 2017.876169095775, "time_cost": 150, "final_distance_cost": 23.2479616485798, "oscillation_cost": 607.8173255165055, "completition_cost": 1000.0, "overshoot_cost": 153.10457380498573, "power_cost": 16.209965197753906, "noise_cost": 67.4963429279499, "n_waypoints_completed": 0, "tot_waypoints": 9}}
{"target": -4281.040316995489, "params": {"k_pid_pos": [2.0, 0.11020505428314209, 0.0], "k_pid_alt": [0.0, 0.0, 0.9489280581474304], "k_pid_att": [0.0, 10.0, 1.0], "k_pid_yaw": [0.5, 1e-06, 0.1], "k_pid_hsp": [9.999999747378752e-05, 0.8857097625732422, 0.9838979244232178], "k_pid_vsp": [28.50583839416504, 400.0, 357.63409423828125]}, "datetime": {"datetime": "2025-08-21 16:52:16", "elapsed": 29253.21718454361, "delta": 22.923139095306396}, "costs": {"total_cost": 4281.040316995489, "time_cost": 150, "final_distance_cost": 633.2469680981434, "oscillation_cost": 1008.2516025963517, "completition_cost": 1000.0, "overshoot_cost": 1363.9747285065644, "power_cost": 31.19238544921875, "noise_cost": 94.37463234521063, "n_waypoints_completed": 0, "tot_waypoints": 9}}
{"target": -7507.761066293562, "params": {"k_pid_pos": [1.8900487422943115, 0.0029876232147216797, 0.0], "k_pid_alt": [0.0, 0.040469229221343994, 1.0], "k_pid_att": [0.0, 10.0, 0.9301927089691162], "k_pid_yaw": [0.5, 1e-06, 0.1], "k_pid_hsp": [9.999999747378752e-05, 0.975033164024353, 1.0], "k_pid_vsp": [0.0, 372.2830505371094, 394.53515625]}, "datetime": {"datetime": "2025-08-21 16:52:39", "elapsed": 29276.0303068161, "delta": 22.813122272491455}, "costs": {"total_cost": 7507.761066293562, "time_cost": 150, "final_distance_cost": 1562.802116398682, "oscillation_cost": 2234.8357572923983, "completition_cost": 1000.0, "overshoot_cost": 2437.707717405124, "power_cost": 29.601093188476565, "noise_cost": 92.81438200888203, "n_waypoints_completed": 0, "tot_waypoints": 9}}
{"target": -2055.6390769888067, "params": {"k_pid_pos": [1.8730839490890503, 0.056612104177474976, 0.0], "k_pid_alt": [0.07062160968780518, 0.020133644342422485, 0.9580216407775879], "k_pid_att": [1.7531245946884155, 10.0, 1.0], "k_pid_yaw": [0.5, 1e-06, 0.1], "k_pid_hsp": [9.999999747378752e-05, 1.0, 0.9683099985122681], "k_pid_vsp": [4.594552516937256, 394.79656982421875, 400.0]}, "datetime": {"datetime": "2025-08-21 16:53:03", "elapsed": 29299.55952167511, "delta": 23.52921485900879}, "costs": {"total_cost": 2055.6390769888067, "time_cost": 150, "final_distance_cost": 52.660223311867135, "oscillation_cost": 511.4398412698317, "completition_cost": 1000.0, "overshoot_cost": 227.15166539109757, "power_cost": 28.5514916015625, "noise_cost": 85.83585541444776, "n_waypoints_completed": 0, "tot_waypoints": 9}}
{"target": -4638.540218716321, "params": {"k_pid_pos": [1.9527299404144287, 0.09531423449516296, 0.0], "k_pid_alt": [0.09602659940719604, 0.0, 0.9691476821899414], "k_pid_att": [0.0, 10.0, 0.9931502342224121], "k_pid_yaw": [0.5, 1e-06, 0.1], "k_pid_hsp": [9.999999747378752e-05, 1.0, 0.9631755352020264], "k_pid_vsp": [0.0, 388.45843505859375, 400.0]}, "datetime": {"datetime": "2025-08-21 16:53:26", "elapsed": 29323.264209985733, "delta": 23.70468831062317}, "costs": {"total_cost": 4638.540218716321, "time_cost": 150, "final_distance_cost": 654.2722642381868, "oscillation_cost": 1170.4375472266809, "completition_cost": 1000.0, "overshoot_cost": 1538.9810609985768, "power_cost": 30.740303735351564, "noise_cost": 94.10904251752478, "n_waypoints_completed": 0, "tot_waypoints": 9}}
{"target": -2799.137445570752, "params": {"k_pid_pos": [1.7991020679473877, 0.0, 0.07342681288719177], "k_pid_alt": [0.17566734552383423, 0.051106780767440796, 0.9801855087280273], "k_pid_att": [6.772735595703125, 10.0, 1.0], "k_pid_yaw": [0.5, 1e-06, 0.1], "k_pid_hsp": [0.21794714033603668, 0.9213316440582275, 0.9496848583221436], "k_pid_vsp": [0.0, 400.0, 381.0881042480469]}, "datetime": {"datetime": "2025-08-21 16:53:50", "elapsed": 29346.73001432419, "delta": 23.4658043384552}, "costs": {"total_cost": 2799.137445570752, "time_cost": 150, "final_distance_cost": 693.7812843425678, "oscillation_cost": 187.5568069232968, "completition_cost": 888.8888888888888, "overshoot_cost": 837.5575031992955, "power_cost": 21.47283592529297, "noise_cost": 19.880126291410207, "n_waypoints_completed": 1, "tot_waypoints": 9}}
{"target": -2064.6055778623736, "params": {"k_pid_pos": [2.0, 0.110831618309021, 0.0], "k_pid_alt": [0.06759291887283325, 0.007652968168258667, 0.8931233882904053], "k_pid_att": [2.1844089031219482, 9.648128509521484, 1.0], "k_pid_yaw": [0.5, 1e-06, 0.1], "k_pid_hsp": [9.999999747378752e-05, 0.9278234243392944, 0.9781080484390259], "k_pid_vsp": [11.083471298217773, 400.0, 400.0]}, "datetime": {"datetime": "2025-08-21 16:54:14", "elapsed": 29371.233192682266, "delta": 24.503178358078003}, "costs": {"total_cost": 2064.6055778623736, "time_cost": 150, "final_distance_cost": 102.8656810017968, "oscillation_cost": 404.6625293829923, "completition_cost": 1000.0, "overshoot_cost": 291.66480612985015, "power_cost": 29.220203149414065, "noise_cost": 86.19235819832005, "n_waypoints_completed": 0, "tot_waypoints": 9}}
{"target": -1700.1323133951976, "params": {"k_pid_pos": [2.0, 0.0, 0.0772596001625061], "k_pid_alt": [0.09254592657089233, 0.0, 0.9238237142562866], "k_pid_att": [4.427456855773926, 10.0, 0.9680479764938354], "k_pid_yaw": [0.5, 1e-06, 0.1], "k_pid_hsp": [0.15809126198291779, 1.0, 1.0], "k_pid_vsp": [5.6427836418151855, 398.1510314941406, 400.0]}, "datetime": {"datetime": "2025-08-21 16:54:37", "elapsed": 29393.836807727814, "delta": 22.603615045547485}, "costs": {"total_cost": 1700.1323133951976, "time_cost": 150, "final_distance_cost": 2.0325417290978587, "oscillation_cost": 265.7881184099678, "completition_cost": 1000.0, "overshoot_cost": 241.06490153030853, "power_cost": 21.738057373046875, "noise_cost": 19.508694352776466, "n_waypoints_completed": 0, "tot_waypoints": 9}}
{"target": -4919.578815820398, "params": {"k_pid_pos": [2.0, 0.01907309889793396, 0.059182554483413696], "k_pid_alt": [0.0, 0.0041367411613464355, 0.9604189991950989], "k_pid_att": [0.0, 9.575571060180664, 0.8542238473892212], "k_pid_yaw": [0.5, 1e-06, 0.1], "k_pid_hsp": [0.35775765776634216, 1.0, 0.9460868835449219], "k_pid_vsp": [0.0, 369.0250549316406, 400.0]}, "datetime": {"datetime": "2025-08-21 16:55:01", "elapsed": 29417.55898332596, "delta": 23.72217559814453}, "costs": {"total_cost": 4919.578815820398, "time_cost": 150, "final_distance_cost": 291.3877773532415, "oscillation_cost": 1780.6986332058189, "completition_cost": 1000.0, "overshoot_cost": 1560.4167300081644, "power_cost": 34.58779821777344, "noise_cost": 102.48787703539874, "n_waypoints_completed": 0, "tot_waypoints": 9}}
{"target": -1735.62847235891, "params": {"k_pid_pos": [2.0, 0.005586177110671997, 0.06243407726287842], "k_pid_alt": [0.14930641651153564, 0.02718120813369751, 1.0], "k_pid_att": [2.4331390857696533, 10.0, 1.0], "k_pid_yaw": [0.5, 1e-06, 0.1], "k_pid_hsp": [9.999999747378752e-05, 0.9850939512252808, 0.9364012479782104], "k_pid_vsp": [14.090156555175781, 380.4150695800781, 380.597412109375]}, "datetime": {"datetime": "2025-08-21 16:55:24", "elapsed": 29441.02345776558, "delta": 23.46447443962097}, "costs": {"total_cost": 1735.62847235891, "time_cost": 150, "final_distance_cost": 3.1960934102065313, "oscillation_cost": 398.48081102648473, "completition_cost": 1000.0, "overshoot_cost": 113.20565567207815, "power_cost": 27.213544580078125, "noise_cost": 43.53236767006218, "n_waypoints_completed": 0, "tot_waypoints": 9}}
{"target": -8482.809995660173, "params": {"k_pid_pos": [2.0, 0.04754561185836792, 0.035402923822402954], "k_pid_alt": [0.0, 0.0, 1.0], "k_pid_att": [0.0, 10.0, 0.9409178495407104], "k_pid_yaw": [0.5, 1e-06, 0.1], "k_pid_hsp": [9.999999747378752e-05, 1.0, 1.0], "k_pid_vsp": [0.0, 400.0, 365.1356506347656]}, "datetime": {"datetime": "2025-08-21 16:55:48", "elapsed": 29465.416930437088, "delta": 24.39347267150879}, "costs": {"total_cost": 8482.809995660173, "time_cost": 150, "final_distance_cost": 1993.3202942562255, "oscillation_cost": 1971.848846836997, "completition_cost": 1000.0, "overshoot_cost": 3246.4606023521555, "power_cost": 27.85668759765625, "noise_cost": 93.3235646171394, "n_waypoints_completed": 0, "tot_waypoints": 9}}
{"target": -13493.176676305244, "params": {"k_pid_pos": [2.0, 0.027897238731384277, 0.07307755947113037], "k_pid_alt": [0.02409595251083374, 0.0, 0.9851969480514526], "k_pid_att": [0.0, 9.477656364440918, 1.0], "k_pid_yaw": [0.5, 1e-06, 0.1], "k_pid_hsp": [9.999999747378752e-05, 0.9306427240371704, 1.0], "k_pid_vsp": [0.0, 390.308349609375, 336.353515625]}, "datetime": {"datetime": "2025-08-21 16:56:12", "elapsed": 29489.31644153595, "delta": 23.899511098861694}, "costs": {"total_cost": 13493.176676305244, "time_cost": 150, "final_distance_cost": 3668.929064037378, "oscillation_cost": 1608.677187199696, "completition_cost": 1000.0, "overshoot_cost": 6928.982263955517, "power_cost": 34.265341943359374, "noise_cost": 102.32281916929479, "n_waypoints_completed": 0, "tot_waypoints": 9}}
{"target": -6633.0938147633005, "params": {"k_pid_pos": [1.9500824213027954, 0.04899159073829651, 0.0], "k_pid_alt": [0.0, 0.0, 0.9910695552825928], "k_pid_att": [0.0, 9.009041786193848, 1.0], "k_pid_yaw": [0.5, 1e-06, 0.1], "k_pid_hsp": [0.2497253268957138, 0.9389034509658813, 0.8864145874977112], "k_pid_vsp": [0.0, 371.0848083496094, 400.0]}, "datetime": {"datetime": "2025-08-21 16:56:39", "elapsed": 29515.736040115356, "delta": 26.41959857940674}, "costs": {"total_cost": 6633.0938147633005, "time_cost": 150, "final_distance_cost": 1499.2011360706276, "oscillation_cost": 2078.4900939443605, "completition_cost": 1000.0, "overshoot_cost": 1790.2574669175817, "power_cost": 26.01920439453125, "noise_cost": 89.12591343619914, "n_waypoints_completed": 0, "tot_waypoints": 9}}
{"target": -1735.592107855079, "params": {"k_pid_pos": [2.0, 0.0, 0.1357617974281311], "k_pid_alt": [0.10192829370498657, 0.0, 1.0], "k_pid_att": [10.551107406616211, 9.518096923828125, 1.0], "k_pid_yaw": [0.5, 1e-06, 0.1], "k_pid_hsp": [9.999999747378752e-05, 0.9851880073547363, 1.0], "k_pid_vsp": [0.0, 382.56072998046875, 385.9262390136719]}, "datetime": {"datetime": "2025-08-21 16:57:04", "elapsed": 29541.361497163773, "delta": 25.625457048416138}, "costs": {"total_cost": 1735.592107855079, "time_cost": 150, "final_distance_cost": 2.9713202043741656, "oscillation_cost": 360.28384558015955, "completition_cost": 1000.0, "overshoot_cost": 136.19444213714553, "power_cost": 20.48158204345703, "noise_cost": 65.66091788994261, "n_waypoints_completed": 0, "tot_waypoints": 9}}
{"target": -1699.9523503149585, "params": {"k_pid_pos": [2.0, 0.01868647336959839, 0.01913052797317505], "k_pid_alt": [0.028834402561187744, 0.0, 1.0], "k_pid_att": [4.917564868927002, 9.938899993896484, 1.0], "k_pid_yaw": [0.5, 1e-06, 0.1], "k_pid_hsp": [0.27540600299835205, 1.0, 1.0], "k_pid_vsp": [0.0, 397.2940979003906, 371.1941833496094]}, "datetime": {"datetime": "2025-08-21 16:57:30", "elapsed": 29566.469616413116, "delta": 25.108119249343872}, "costs": {"total_cost": 1699.9523503149585, "time_cost": 150, "final_distance_cost": 19.039295354831147, "oscillation_cost": 284.6269305281331, "completition_cost": 1000.0, "overshoot_cost": 163.31417394920206, "power_cost": 19.550122521972657, "noise_cost": 63.421827960819485, "n_waypoints_completed": 0, "tot_waypoints": 9}}
{"target": -1924.4792770323177, "params": {"k_pid_pos": [2.0, 0.05294319987297058, 0.027933955192565918], "k_pid_alt": [0.0, 0.12417292594909668, 1.0], "k_pid_att": [1.7883121967315674, 10.0, 1.0], "k_pid_yaw": [0.5, 1e-06, 0.1], "k_pid_hsp": [9.999999747378752e-05, 1.0, 0.9406205415725708], "k_pid_vsp": [0.0, 400.0, 400.0]}, "datetime": {"datetime": "2025-08-21 16:57:53", "elapsed": 29589.90467262268, "delta": 23.43505620956421}, "costs": {"total_cost": 1924.4792770323177, "time_cost": 150, "final_distance_cost": 7.665194635271187, "oscillation_cost": 504.15363465503265, "completition_cost": 1000.0, "overshoot_cost": 139.50314741211997, "power_cost": 31.694336132812502, "noise_cost": 91.46296419708166, "n_waypoints_completed": 0, "tot_waypoints": 9}}
