{"target": -2101.2353895266006, "params": {"k_pid_pos": [2.0, 0.007629483938217163, 0.00980028510093689], "k_pid_alt": [0.11035358905792236, 0.07548639178276062, 1.0], "k_pid_att": [1.5676826238632202, 10.0, 1.0], "k_pid_yaw": [0.5, 1e-06, 0.1], "k_pid_hsp": [0.1701524406671524, 0.9922810792922974, 0.9405055046081543], "k_pid_vsp": [2.748692035675049, 400.0, 398.31951904296875]}, "datetime": {"datetime": "2025-08-21 11:46:06", "elapsed": 10883.180453538895, "delta": 22.974324703216553}, "costs": {"total_cost": 2101.2353895266006, "time_cost": 150, "final_distance_cost": 23.12873056247304, "oscillation_cost": 576.9772802427849, "completition_cost": 1000.0, "overshoot_cost": 223.00128355280125, "power_cost": 32.19567471923828, "noise_cost": 95.93242044930307, "n_waypoints_completed": 0, "tot_waypoints": 9}}
{"target": -4451.185005413776, "params": {"k_pid_pos": [1.9711956977844238, 0.0, 0.03478813171386719], "k_pid_alt": [0.0, 0.07734668254852295, 0.9980595111846924], "k_pid_att": [0.6464332342147827, 10.0, 0.9725122451782227], "k_pid_yaw": [0.5, 1e-06, 0.1], "k_pid_hsp": [9.999999747378752e-05, 1.0, 0.9150453805923462], "k_pid_vsp": [10.773944854736328, 398.6497802734375, 400.0]}, "datetime": {"datetime": "2025-08-21 11:46:29", "elapsed": 10906.310201406479, "delta": 23.12974786758423}, "costs": {"total_cost": 4451.185005413776, "time_cost": 150, "final_distance_cost": 779.4615824867562, "oscillation_cost": 1054.9803054366917, "completition_cost": 1000.0, "overshoot_cost": 1347.95991354388, "power_cost": 29.117908642578126, "noise_cost": 89.66529530386913, "n_waypoints_completed": 0, "tot_waypoints": 9}}
{"target": -1917.4857353564612, "params": {"k_pid_pos": [1.902955174446106, 0.0, 0.0], "k_pid_alt": [0.03593754768371582, 0.017174124717712402, 0.9494591951370239], "k_pid_att": [4.730191707611084, 9.939178466796875, 1.0], "k_pid_yaw": [0.5, 1e-06, 0.1], "k_pid_hsp": [0.4628026485443115, 1.0, 0.9989657998085022], "k_pid_vsp": [27.275287628173828, 400.0, 400.0]}, "datetime": {"datetime": "2025-08-21 11:46:52", "elapsed": 10929.174413919449, "delta": 22.86421251296997}, "costs": {"total_cost": 1917.4857353564612, "time_cost": 150, "final_distance_cost": 155.1896463882005, "oscillation_cost": 276.38769409923134, "completition_cost": 1000.0, "overshoot_cost": 287.8633684265784, "power_cost": 24.513393798828126, "noise_cost": 23.531632643623222, "n_waypoints_completed": 0, "tot_waypoints": 9}}
{"target": -12227.126881118584, "params": {"k_pid_pos": [1.9939374923706055, 0.09821286797523499, 0.02493610978126526], "k_pid_alt": [0.11138784885406494, 0.019689828157424927, 1.0], "k_pid_att": [0.0, 9.844057083129883, 0.9558327794075012], "k_pid_yaw": [0.5, 1e-06, 0.1], "k_pid_hsp": [9.999999747378752e-05, 0.9924619197845459, 1.0], "k_pid_vsp": [0.0, 400.0, 400.0]}, "datetime": {"datetime": "2025-08-21 11:47:15", "elapsed": 10952.241029024124, "delta": 23.066615104675293}, "costs": {"total_cost": 12227.126881118584, "time_cost": 150, "final_distance_cost": 2754.619280740857, "oscillation_cost": 1640.5702918787324, "completition_cost": 1000.0, "overshoot_cost": 6543.793089417288, "power_cost": 34.848900793457034, "noise_cost": 103.29531828824962, "n_waypoints_completed": 0, "tot_waypoints": 9}}
{"target": -8438.693132944096, "params": {"k_pid_pos": [2.0, 0.0, 0.006485939025878906], "k_pid_alt": [0.05082261562347412, 0.0, 0.9631956815719604], "k_pid_att": [0.0, 10.0, 0.9426573514938354], "k_pid_yaw": [0.5, 1e-06, 0.1], "k_pid_hsp": [9.999999747378752e-05, 1.0, 1.0], "k_pid_vsp": [0.0, 394.8413391113281, 400.0]}, "datetime": {"datetime": "2025-08-21 11:47:38", "elapsed": 10975.003205776215, "delta": 22.762176752090454}, "costs": {"total_cost": 8438.693132944096, "time_cost": 150, "final_distance_cost": 1863.5500083586553, "oscillation_cost": 1318.2608057728423, "completition_cost": 1000.0, "overshoot_cost": 3972.251594783925, "power_cost": 33.83482084960938, "noise_cost": 100.79590317906273, "n_waypoints_completed": 0, "tot_waypoints": 9}}
{"target": -1669.395754491136, "params": {"k_pid_pos": [2.0, 0.0, 0.09742385149002075], "k_pid_alt": [0.0, 0.0, 0.9463351964950562], "k_pid_att": [3.6120831966400146, 9.925880432128906, 0.888070821762085], "k_pid_yaw": [0.5, 1e-06, 0.1], "k_pid_hsp": [9.999999747378752e-05, 0.9641024470329285, 0.9573291540145874], "k_pid_vsp": [1.8608808517456055, 400.0, 400.0]}, "datetime": {"datetime": "2025-08-21 11:48:01", "elapsed": 10997.720225095749, "delta": 22.7170193195343}, "costs": {"total_cost": 1669.395754491136, "time_cost": 150, "final_distance_cost": 8.901167611196392, "oscillation_cost": 338.6180917157624, "completition_cost": 1000.0, "overshoot_cost": 118.2460955182993, "power_cost": 23.776805480957034, "noise_cost": 29.853594164920754, "n_waypoints_completed": 0, "tot_waypoints": 9}}
{"target": -2007.1308245633177, "params": {"k_pid_pos": [1.9511433839797974, 0.0, 0.0], "k_pid_alt": [0.12570053339004517, 0.07747712731361389, 1.0], "k_pid_att": [1.8359273672103882, 9.8445463180542, 0.9784418344497681], "k_pid_yaw": [0.5, 1e-06, 0.1], "k_pid_hsp": [1.1329959630966187, 1.0, 0.9770820736885071], "k_pid_vsp": [0.0, 400.0, 400.0]}, "datetime": {"datetime": "2025-08-21 11:48:24", "elapsed": 11021.164555072784, "delta": 23.444329977035522}, "costs": {"total_cost": 2007.1308245633177, "time_cost": 150, "final_distance_cost": 20.664438176257278, "oscillation_cost": 476.04496388900316, "completition_cost": 1000.0, "overshoot_cost": 247.05886255387293, "power_cost": 28.50044619140625, "noise_cost": 84.862113752778, "n_waypoints_completed": 0, "tot_waypoints": 9}}
{"target": -3873.219347117245, "params": {"k_pid_pos": [1.8868435621261597, 0.03121885657310486, 0.0], "k_pid_alt": [0.1957402229309082, 0.00016447901725769043, 1.0], "k_pid_att": [0.0, 9.900700569152832, 0.956130862236023], "k_pid_yaw": [0.5, 1e-06, 0.1], "k_pid_hsp": [0.00900573842227459, 0.9952950477600098, 1.0], "k_pid_vsp": [20.140445709228516, 400.0, 377.4457092285156]}, "datetime": {"datetime": "2025-08-21 11:48:47", "elapsed": 11044.227249145508, "delta": 23.06269407272339}, "costs": {"total_cost": 3873.219347117245, "time_cost": 150, "final_distance_cost": 296.69135172231034, "oscillation_cost": 1344.0791803837749, "completition_cost": 1000.0, "overshoot_cost": 956.1898157479085, "power_cost": 31.2279095703125, "noise_cost": 95.03108969293879, "n_waypoints_completed": 0, "tot_waypoints": 9}}
{"target": -8574.145066100935, "params": {"k_pid_pos": [2.0, 0.029041051864624023, 0.0], "k_pid_alt": [0.024611055850982666, 0.004064589738845825, 1.0], "k_pid_att": [0.0, 9.92545223236084, 1.0], "k_pid_yaw": [0.5, 1e-06, 0.1], "k_pid_hsp": [9.999999747378752e-05, 0.9312121868133545, 0.9316079616546631], "k_pid_vsp": [32.1232795715332, 373.2506408691406, 400.0]}, "datetime": {"datetime": "2025-08-21 11:49:10", "elapsed": 11066.997915744781, "delta": 22.77066659927368}, "costs": {"total_cost": 8574.145066100935, "time_cost": 150, "final_distance_cost": 2498.608286657244, "oscillation_cost": 1932.7263678729717, "completition_cost": 1000.0, "overshoot_cost": 2861.8406893918163, "power_cost": 32.72371356201172, "noise_cost": 98.2460086168907, "n_waypoints_completed": 0, "tot_waypoints": 9}}
{"target": -3552.116986850021, "params": {"k_pid_pos": [2.0, 0.0, 0.0], "k_pid_alt": [0.0, 0.08101806044578552, 1.0], "k_pid_att": [0.0, 10.0, 0.9673731327056885], "k_pid_yaw": [0.5, 1e-06, 0.1], "k_pid_hsp": [9.999999747378752e-05, 0.9964401721954346, 1.0], "k_pid_vsp": [26.88283920288086, 360.55682373046875, 400.0]}, "datetime": {"datetime": "2025-08-21 11:49:33", "elapsed": 11090.13685464859, "delta": 23.138938903808594}, "costs": {"total_cost": 3552.116986850021, "time_cost": 150, "final_distance_cost": 296.19937761429185, "oscillation_cost": 1329.1713101257615, "completition_cost": 1000.0, "overshoot_cost": 652.076591571664, "power_cost": 30.828872802734377, "noise_cost": 93.84083473556919, "n_waypoints_completed": 0, "tot_waypoints": 9}}
{"target": -2530.368899531747, "params": {"k_pid_pos": [2.0, 0.0, 0.0], "k_pid_alt": [0.07235395908355713, 0.0, 0.985603928565979], "k_pid_att": [3.0150234699249268, 9.747858047485352, 0.9844436049461365], "k_pid_yaw": [0.5, 1e-06, 0.1], "k_pid_hsp": [9.999999747378752e-05, 0.9705208539962769, 0.9719815850257874], "k_pid_vsp": [46.192813873291016, 391.3545837402344, 354.16473388671875]}, "datetime": {"datetime": "2025-08-21 11:49:56", "elapsed": 11113.449441194534, "delta": 23.312586545944214}, "costs": {"total_cost": 2530.368899531747, "time_cost": 150, "final_distance_cost": 455.6228892892682, "oscillation_cost": 272.21111965909256, "completition_cost": 1000.0, "overshoot_cost": 616.0432540463978, "power_cost": 18.17877888183594, "noise_cost": 18.312857655151983, "n_waypoints_completed": 0, "tot_waypoints": 9}}
{"target": -5172.512827184092, "params": {"k_pid_pos": [1.8776577711105347, 0.0, 0.03864753246307373], "k_pid_alt": [0.002070784568786621, 0.0, 1.0], "k_pid_att": [0.0, 10.0, 1.0], "k_pid_yaw": [0.5, 1e-06, 0.1], "k_pid_hsp": [0.11746931076049805, 0.9066081047058105, 0.9997823238372803], "k_pid_vsp": [24.78647232055664, 371.3788146972656, 400.0]}, "datetime": {"datetime": "2025-08-21 11:50:19", "elapsed": 11136.305536985397, "delta": 22.856095790863037}, "costs": {"total_cost": 5172.512827184092, "time_cost": 150, "final_distance_cost": 829.7875585614922, "oscillation_cost": 1807.8415717263197, "completition_cost": 1000.0, "overshoot_cost": 1256.4215465915736, "power_cost": 31.52020983886719, "noise_cost": 96.94194046583897, "n_waypoints_completed": 0, "tot_waypoints": 9}}
{"target": -5956.64138797564, "params": {"k_pid_pos": [2.0, 0.010593324899673462, 0.060751765966415405], "k_pid_alt": [0.0, 0.0, 0.9841548204421997], "k_pid_att": [0.0, 9.978957176208496, 0.967471718788147], "k_pid_yaw": [0.5, 1e-06, 0.1], "k_pid_hsp": [0.1417052149772644, 1.0, 1.0], "k_pid_vsp": [0.0, 400.0, 400.0]}, "datetime": {"datetime": "2025-08-21 11:50:42", "elapsed": 11159.26147031784, "delta": 22.955933332443237}, "costs": {"total_cost": 5956.64138797564, "time_cost": 150, "final_distance_cost": 724.8607324642751, "oscillation_cost": 2343.113688471025, "completition_cost": 1000.0, "overshoot_cost": 1614.2544146480338, "power_cost": 28.726454504394532, "noise_cost": 95.68609788791095, "n_waypoints_completed": 0, "tot_waypoints": 9}}
{"target": -5761.046699199299, "params": {"k_pid_pos": [2.0, 0.0716882050037384, 0.01271754503250122], "k_pid_alt": [0.0, 0.01966574788093567, 1.0], "k_pid_att": [0.0, 9.958857536315918, 0.9723957777023315], "k_pid_yaw": [0.5, 1e-06, 0.1], "k_pid_hsp": [0.6114566326141357, 0.9207018613815308, 1.0], "k_pid_vsp": [0.0, 400.0, 400.0]}, "datetime": {"datetime": "2025-08-21 11:51:05", "elapsed": 11182.195219039917, "delta": 22.933748722076416}, "costs": {"total_cost": 5761.046699199299, "time_cost": 150, "final_distance_cost": 631.7864502334094, "oscillation_cost": 1968.8240537403208, "completition_cost": 1000.0, "overshoot_cost": 1871.841571527304, "power_cost": 35.01993599853516, "noise_cost": 103.57468769972894, "n_waypoints_completed": 0, "tot_waypoints": 9}}
{"target": -3561.698649699196, "params": {"k_pid_pos": [1.991946816444397, 0.0059417784214019775, 0.0], "k_pid_alt": [0.0, 0.012802749872207642, 1.0], "k_pid_att": [6.514230251312256, 10.0, 1.0], "k_pid_yaw": [0.5, 1e-06, 0.1], "k_pid_hsp": [0.3229474127292633, 0.9861773252487183, 0.9976592063903809], "k_pid_vsp": [2.6722192764282227, 400.0, 384.5952453613281]}, "datetime": {"datetime": "2025-08-21 11:51:29", "elapsed": 11205.886619567871, "delta": 23.6914005279541}, "costs": {"total_cost": 3561.698649699196, "time_cost": 150, "final_distance_cost": 784.2724578490842, "oscillation_cost": 245.503861826127, "completition_cost": 1000.0, "overshoot_cost": 1341.5027402442302, "power_cost": 21.917787963867188, "noise_cost": 18.501801815887088, "n_waypoints_completed": 0, "tot_waypoints": 9}}
{"target": -20070.618978459872, "params": {"k_pid_pos": [2.0, 0.02423340082168579, 0.03831019997596741], "k_pid_alt": [0.0, 0.0, 0.9744710326194763], "k_pid_att": [0.0, 9.746689796447754, 1.0], "k_pid_yaw": [0.5, 1e-06, 0.1], "k_pid_hsp": [0.7102882266044617, 0.9622995257377625, 1.0], "k_pid_vsp": [31.836105346679688, 380.7416076660156, 399.111572265625]}, "datetime": {"datetime": "2025-08-21 11:51:52", "elapsed": 11228.589655637741, "delta": 22.703036069869995}, "costs": {"total_cost": 20070.618978459872, "time_cost": 150, "final_distance_cost": 6520.74325921676, "oscillation_cost": 2115.63891867685, "completition_cost": 1000.0, "overshoot_cost": 10162.193805158267, "power_cost": 28.655305664062503, "noise_cost": 93.38768974393062, "n_waypoints_completed": 0, "tot_waypoints": 9}}
{"target": -1869.0769038993567, "params": {"k_pid_pos": [1.8692656755447388, 0.0, 0.0], "k_pid_alt": [0.0, 0.10090863704681396, 0.9047657251358032], "k_pid_att": [3.13047456741333, 10.0, 1.0], "k_pid_yaw": [0.5, 1e-06, 0.1], "k_pid_hsp": [0.6274439692497253, 1.0, 0.915619432926178], "k_pid_vsp": [5.33907413482666, 400.0, 400.0]}, "datetime": {"datetime": "2025-08-21 11:52:14", "elapsed": 11251.40810585022, "delta": 22.818450212478638}, "costs": {"total_cost": 1869.0769038993567, "time_cost": 150, "final_distance_cost": 40.61512909275137, "oscillation_cost": 323.7351869823755, "completition_cost": 1000.0, "overshoot_cost": 261.7933236711125, "power_cost": 22.48932137451172, "noise_cost": 70.44394277860556, "n_waypoints_completed": 0, "tot_waypoints": 9}}
{"target": -2081.8208871502047, "params": {"k_pid_pos": [2.0, 0.04942113161087036, 0.14479348063468933], "k_pid_alt": [0.014744699001312256, 0.007811486721038818, 1.0], "k_pid_att": [1.5976667404174805, 10.0, 0.8517331480979919], "k_pid_yaw": [0.5, 1e-06, 0.1], "k_pid_hsp": [0.21381716430187225, 1.0, 0.9257910847663879], "k_pid_vsp": [0.0, 400.0, 400.0]}, "datetime": {"datetime": "2025-08-21 11:52:37", "elapsed": 11274.237557888031, "delta": 22.82945203781128}, "costs": {"total_cost": 2081.8208871502047, "time_cost": 150, "final_distance_cost": 26.70620699676547, "oscillation_cost": 579.8876377839568, "completition_cost": 1000.0, "overshoot_cost": 200.70922539834757, "power_cost": 31.19776072998047, "noise_cost": 93.32005624115443, "n_waypoints_completed": 0, "tot_waypoints": 9}}
{"target": -4629.731812877684, "params": {"k_pid_pos": [2.0, 0.0, 0.0], "k_pid_alt": [0.06223791837692261, 0.0, 0.9876759052276611], "k_pid_att": [0.0, 10.0, 1.0], "k_pid_yaw": [0.5, 1e-06, 0.1], "k_pid_hsp": [0.005182735156267881, 0.9967759847640991, 1.0], "k_pid_vsp": [0.0, 384.7937927246094, 400.0]}, "datetime": {"datetime": "2025-08-21 11:53:00", "elapsed": 11297.140658140182, "delta": 22.90310025215149}, "costs": {"total_cost": 4629.731812877684, "time_cost": 150, "final_distance_cost": 644.7529563782322, "oscillation_cost": 1336.0754152965117, "completition_cost": 1000.0, "overshoot_cost": 1374.493610927158, "power_cost": 30.797122595214844, "noise_cost": 93.61270768056767, "n_waypoints_completed": 0, "tot_waypoints": 9}}
{"target": -11998.955113196991, "params": {"k_pid_pos": [1.9686800241470337, 0.0, 0.0], "k_pid_alt": [0.029996514320373535, 0.09850430488586426, 1.0], "k_pid_att": [0.0, 9.68975830078125, 1.0], "k_pid_yaw": [0.5, 1e-06, 0.1], "k_pid_hsp": [0.27083706855773926, 0.9478428959846497, 1.0], "k_pid_vsp": [14.362883567810059, 398.1036071777344, 400.0]}, "datetime": {"datetime": "2025-08-21 11:53:24", "elapsed": 11321.05067896843, "delta": 23.91002082824707}, "costs": {"total_cost": 11998.955113196991, "time_cost": 150, "final_distance_cost": 2192.0997210750647, "oscillation_cost": 1975.9157238442294, "completition_cost": 1000.0, "overshoot_cost": 6540.740469384224, "power_cost": 35.4270539428711, "noise_cost": 104.77214495060265, "n_waypoints_completed": 0, "tot_waypoints": 9}}
{"target": -11945.88516614697, "params": {"k_pid_pos": [1.9977225065231323, 0.016951441764831543, 0.0], "k_pid_alt": [0.0, 0.0, 0.9485981464385986], "k_pid_att": [0.0, 10.0, 0.9614898562431335], "k_pid_yaw": [0.5, 1e-06, 0.1], "k_pid_hsp": [0.2962692081928253, 0.9947264790534973, 0.9388716816902161], "k_pid_vsp": [0.0, 356.6026306152344, 394.2310791015625]}, "datetime": {"datetime": "2025-08-21 11:53:47", "elapsed": 11344.194986820221, "delta": 23.144307851791382}, "costs": {"total_cost": 11945.88516614697, "time_cost": 150, "final_distance_cost": 3632.084592679035, "oscillation_cost": 1807.509145937554, "completition_cost": 1000.0, "overshoot_cost": 5238.757618323068, "power_cost": 26.915331872558596, "noise_cost": 90.61847733475646, "n_waypoints_completed": 0, "tot_waypoints": 9}}
{"target": -8268.869843579156, "params": {"k_pid_pos": [2.0, 0.11916252970695496, 0.0], "k_pid_alt": [0.08238214254379272, 0.0, 0.9907440543174744], "k_pid_att": [0.0, 9.625223159790039, 0.9955568313598633], "k_pid_yaw": [0.5, 1e-06, 0.1], "k_pid_hsp": [0.061898671090602875, 1.0, 1.0], "k_pid_vsp": [22.946929931640625, 383.2813720703125, 400.0]}, "datetime": {"datetime": "2025-08-21 11:54:10", "elapsed": 11367.07677412033, "delta": 22.881787300109863}, "costs": {"total_cost": 8268.869843579156, "time_cost": 150, "final_distance_cost": 2191.6144760335283, "oscillation_cost": 2130.191976672042, "completition_cost": 1000.0, "overshoot_cost": 2658.9789965270343, "power_cost": 34.856776403808595, "noise_cost": 103.22761794274223, "n_waypoints_completed": 0, "tot_waypoints": 9}}
{"target": -5137.278059211407, "params": {"k_pid_pos": [1.8658108711242676, 0.03555715084075928, 0.0007604658603668213], "k_pid_alt": [0.013633549213409424, 0.01021549105644226, 1.0], "k_pid_att": [0.0, 10.0, 0.9650473594665527], "k_pid_yaw": [0.5, 1e-06, 0.1], "k_pid_hsp": [9.999999747378752e-05, 0.9141318202018738, 1.0], "k_pid_vsp": [0.0, 400.0, 388.13671875]}, "datetime": {"datetime": "2025-08-21 11:54:37", "elapsed": 11393.643166780472, "delta": 26.56639266014099}, "costs": {"total_cost": 5137.278059211407, "time_cost": 150, "final_distance_cost": 804.0363071000203, "oscillation_cost": 1057.9918421916364, "completition_cost": 1000.0, "overshoot_cost": 1998.8496980162454, "power_cost": 31.30393115234375, "noise_cost": 95.0962807511612, "n_waypoints_completed": 0, "tot_waypoints": 9}}
{"target": -3481.5995006299736, "params": {"k_pid_pos": [2.0, 0.03138205409049988, 0.0], "k_pid_alt": [0.0, 0.007631659507751465, 1.0], "k_pid_att": [0.0, 10.0, 1.0], "k_pid_yaw": [0.5, 1e-06, 0.1], "k_pid_hsp": [0.19399972259998322, 0.9377484321594238, 0.9426127672195435], "k_pid_vsp": [0.0, 400.0, 390.2814025878906]}, "datetime": {"datetime": "2025-08-21 11:55:01", "elapsed": 11418.274613142014, "delta": 24.631446361541748}, "costs": {"total_cost": 3481.5995006299736, "time_cost": 150, "final_distance_cost": 240.15900668651423, "oscillation_cost": 1298.4535348682648, "completition_cost": 1000.0, "overshoot_cost": 665.679115753098, "power_cost": 31.4255138671875, "noise_cost": 95.8823294549092, "n_waypoints_completed": 0, "tot_waypoints": 9}}
{"target": -13437.11539790542, "params": {"k_pid_pos": [1.9575576782226562, 0.028915822505950928, 0.0], "k_pid_alt": [0.1217808723449707, 0.02490749955177307, 1.0], "k_pid_att": [0.0, 10.0, 1.0], "k_pid_yaw": [0.5, 1e-06, 0.1], "k_pid_hsp": [9.999999747378752e-05, 1.0, 0.9995435476303101], "k_pid_vsp": [6.8472981452941895, 400.0, 400.0]}, "datetime": {"datetime": "2025-08-21 11:55:24", "elapsed": 11441.278671264648, "delta": 23.004058122634888}, "costs": {"total_cost": 13437.11539790542, "time_cost": 150, "final_distance_cost": 3563.509549961057, "oscillation_cost": 2103.1490874970104, "completition_cost": 1000.0, "overshoot_cost": 6485.439309633898, "power_cost": 34.01210617675781, "noise_cost": 101.00534463669393, "n_waypoints_completed": 0, "tot_waypoints": 9}}
{"target": -18651.17581543944, "params": {"k_pid_pos": [1.9075037240982056, 0.0, 0.0517900288105011], "k_pid_alt": [0.015520930290222168, 0.0, 0.9941178560256958], "k_pid_att": [0.0, 10.0, 1.0], "k_pid_yaw": [0.5, 1e-06, 0.1], "k_pid_hsp": [9.999999747378752e-05, 0.9371538162231445, 1.0], "k_pid_vsp": [16.74356460571289, 397.57757568359375, 381.46551513671875]}, "datetime": {"datetime": "2025-08-21 11:55:47", "elapsed": 11464.006323337555, "delta": 22.727652072906494}, "costs": {"total_cost": 18651.17581543944, "time_cost": 150, "final_distance_cost": 5842.710262194334, "oscillation_cost": 2309.742521189198, "completition_cost": 1000.0, "overshoot_cost": 9212.518242782271, "power_cost": 34.296244006347656, "noise_cost": 101.90854526728832, "n_waypoints_completed": 0, "tot_waypoints": 9}}
{"target": -4686.3044954295465, "params": {"k_pid_pos": [2.0, 0.012832552194595337, 0.022024601697921753], "k_pid_alt": [0.03387552499771118, 0.0, 0.9165195226669312], "k_pid_att": [0.0, 10.0, 1.0], "k_pid_yaw": [0.5, 1e-06, 0.1], "k_pid_hsp": [9.999999747378752e-05, 0.9800788164138794, 0.9964084625244141], "k_pid_vsp": [0.0, 394.5289611816406, 400.0]}, "datetime": {"datetime": "2025-08-21 11:56:10", "elapsed": 11487.103046655655, "delta": 23.096723318099976}, "costs": {"total_cost": 4686.3044954295465, "time_cost": 150, "final_distance_cost": 717.5376606709953, "oscillation_cost": 1017.2947111314836, "completition_cost": 1000.0, "overshoot_cost": 1672.7671951693148, "power_cost": 32.13776345214844, "noise_cost": 96.56716500560421, "n_waypoints_completed": 0, "tot_waypoints": 9}}
