{"target": -6726.072860985171, "params": {"k_pid_pos": [2.0, 0.0, 0.0], "k_pid_alt": [0.0, 0.0, 1.0], "k_pid_att": [0.0, 10.0, 1.0], "k_pid_yaw": [0.5, 1e-06, 0.1], "k_pid_hsp": [9.999999747378752e-05, 1.0, 0.9764992594718933], "k_pid_vsp": [10.920465469360352, 400.0, 389.46832275390625]}, "datetime": {"datetime": "2025-08-21 19:54:29", "elapsed": 40186.40298700333, "delta": 24.102900981903076}, "costs": {"total_cost": 6726.072860985171, "time_cost": 150, "final_distance_cost": 1496.4462137070682, "oscillation_cost": 832.2107744332395, "completition_cost": 1000.0, "overshoot_cost": 3156.757619537437, "power_cost": 18.466586987304687, "noise_cost": 72.19166632012144, "n_waypoints_completed": 0, "tot_waypoints": 9}}
{"target": -10649.388400426202, "params": {"k_pid_pos": [1.8707776069641113, 0.015404820442199707, 0.06491446495056152], "k_pid_alt": [0.10456496477127075, 0.0, 0.8812617659568787], "k_pid_att": [0.0, 9.543570518493652, 0.8800082802772522], "k_pid_yaw": [0.5, 1e-06, 0.1], "k_pid_hsp": [1.1799967288970947, 0.9594091176986694, 1.0], "k_pid_vsp": [0.0, 385.3339538574219, 400.0]}, "datetime": {"datetime": "2025-08-21 19:54:52", "elapsed": 40209.00710225105, "delta": 22.60411524772644}, "costs": {"total_cost": 10649.388400426202, "time_cost": 150, "final_distance_cost": 2136.1509139366576, "oscillation_cost": 2191.16885090531, "completition_cost": 1000.0, "overshoot_cost": 5033.532817564228, "power_cost": 34.97827906494141, "noise_cost": 103.55753895506516, "n_waypoints_completed": 0, "tot_waypoints": 9}}
{"target": -1736.2542543863672, "params": {"k_pid_pos": [2.0, 0.015038162469863892, 0.0], "k_pid_alt": [0.0490342378616333, 0.011982858180999756, 1.0], "k_pid_att": [3.444105386734009, 9.834755897521973, 0.9850283265113831], "k_pid_yaw": [0.5, 1e-06, 0.1], "k_pid_hsp": [0.6720629334449768, 1.0, 0.9535440802574158], "k_pid_vsp": [0.0, 387.84991455078125, 391.180419921875]}, "datetime": {"datetime": "2025-08-21 19:55:16", "elapsed": 40233.07001399994, "delta": 24.06291174888611}, "costs": {"total_cost": 1736.2542543863672, "time_cost": 150, "final_distance_cost": 5.344651394048301, "oscillation_cost": 336.5492528401049, "completition_cost": 1000.0, "overshoot_cost": 136.19065139256273, "power_cost": 27.24394860839844, "noise_cost": 80.92575015125297, "n_waypoints_completed": 0, "tot_waypoints": 9}}
{"target": -22796.555696126707, "params": {"k_pid_pos": [1.9808224439620972, 0.0, 0.06094461679458618], "k_pid_alt": [0.018387258052825928, 0.05084392428398132, 0.9761114120483398], "k_pid_att": [0.0, 10.0, 1.0], "k_pid_yaw": [0.5, 1e-06, 0.1], "k_pid_hsp": [9.999999747378752e-05, 0.99900221824646, 0.9749826192855835], "k_pid_vsp": [0.0, 388.3011474609375, 400.0]}, "datetime": {"datetime": "2025-08-21 19:55:40", "elapsed": 40256.55982232094, "delta": 23.489808320999146}, "costs": {"total_cost": 22796.555696126707, "time_cost": 150, "final_distance_cost": 6845.678524012466, "oscillation_cost": 2302.0902797890953, "completition_cost": 1000.0, "overshoot_cost": 12363.089089787165, "power_cost": 34.08649561767578, "noise_cost": 101.61130692030046, "n_waypoints_completed": 0, "tot_waypoints": 9}}
{"target": -2545.2191147690783, "params": {"k_pid_pos": [1.9075068235397339, 0.0, 0.0], "k_pid_alt": [0.03353226184844971, 0.12631726264953613, 1.0], "k_pid_att": [0.6256967782974243, 9.84191608428955, 0.965298056602478], "k_pid_yaw": [0.5, 1e-06, 0.1], "k_pid_hsp": [9.999999747378752e-05, 1.0, 1.0], "k_pid_vsp": [17.13266372680664, 400.0, 400.0]}, "datetime": {"datetime": "2025-08-21 19:56:03", "elapsed": 40279.6549885273, "delta": 23.095166206359863}, "costs": {"total_cost": 2545.2191147690783, "time_cost": 150, "final_distance_cost": 71.36077465860673, "oscillation_cost": 915.835469835128, "completition_cost": 1000.0, "overshoot_cost": 281.3901001615045, "power_cost": 31.684314794921878, "noise_cost": 94.94845531891686, "n_waypoints_completed": 0, "tot_waypoints": 9}}
{"target": -3448.177819310357, "params": {"k_pid_pos": [1.9021966457366943, 0.024282008409500122, 0.0], "k_pid_alt": [0.0, 0.0, 0.9764692783355713], "k_pid_att": [0.4424452781677246, 10.0, 0.9398864507675171], "k_pid_yaw": [0.5, 1e-06, 0.1], "k_pid_hsp": [9.999999747378752e-05, 1.0, 0.9293733835220337], "k_pid_vsp": [22.01681137084961, 399.7704162597656, 400.0]}, "datetime": {"datetime": "2025-08-21 19:56:27", "elapsed": 40304.233115911484, "delta": 24.57812738418579}, "costs": {"total_cost": 3448.177819310357, "time_cost": 150, "final_distance_cost": 531.1014378892747, "oscillation_cost": 960.8490628251419, "completition_cost": 1000.0, "overshoot_cost": 708.4590633379925, "power_cost": 21.046632495117187, "noise_cost": 76.72162276283048, "n_waypoints_completed": 0, "tot_waypoints": 9}}
{"target": -5958.266860810617, "params": {"k_pid_pos": [2.0, 0.045747339725494385, 0.06988826394081116], "k_pid_alt": [0.0, 0.00580984354019165, 1.0], "k_pid_att": [0.0, 10.0, 0.9965773224830627], "k_pid_yaw": [0.5, 1e-06, 0.1], "k_pid_hsp": [9.999999747378752e-05, 1.0, 0.9777753353118896], "k_pid_vsp": [0.0, 400.0, 387.2542724609375]}, "datetime": {"datetime": "2025-08-21 19:56:50", "elapsed": 40327.129058122635, "delta": 22.895942211151123}, "costs": {"total_cost": 5958.266860810617, "time_cost": 150, "final_distance_cost": 1081.532741618431, "oscillation_cost": 1189.1693786476005, "completition_cost": 1000.0, "overshoot_cost": 2411.0806911009477, "power_cost": 31.37470594482422, "noise_cost": 95.10934349881347, "n_waypoints_completed": 0, "tot_waypoints": 9}}
{"target": -1703.5828168402231, "params": {"k_pid_pos": [2.0, 0.05681172013282776, 0.0], "k_pid_alt": [0.07406145334243774, 0.04368400573730469, 0.9604458808898926], "k_pid_att": [4.678773880004883, 9.621855735778809, 0.9849263429641724], "k_pid_yaw": [0.5, 1e-06, 0.1], "k_pid_hsp": [9.999999747378752e-05, 0.9312137961387634, 0.9329559206962585], "k_pid_vsp": [0.0, 400.0, 399.29083251953125]}, "datetime": {"datetime": "2025-08-21 19:57:15", "elapsed": 40352.40528678894, "delta": 25.276228666305542}, "costs": {"total_cost": 1703.5828168402231, "time_cost": 150, "final_distance_cost": 2.2097958275716842, "oscillation_cost": 311.67824748858334, "completition_cost": 1000.0, "overshoot_cost": 135.54374382226874, "power_cost": 26.26261707763672, "noise_cost": 77.88841262416288, "n_waypoints_completed": 0, "tot_waypoints": 9}}
{"target": -1650.0674238858874, "params": {"k_pid_pos": [2.0, 0.0, 0.07368439435958862], "k_pid_alt": [0.0, 0.04650387167930603, 0.9700611233711243], "k_pid_att": [5.119437217712402, 9.116727828979492, 1.0], "k_pid_yaw": [0.5, 1e-06, 0.1], "k_pid_hsp": [9.999999747378752e-05, 0.9868478775024414, 1.0], "k_pid_vsp": [27.275287628173828, 400.0, 386.72918701171875]}, "datetime": {"datetime": "2025-08-21 19:57:39", "elapsed": 40375.48871231079, "delta": 23.083425521850586}, "costs": {"total_cost": 1650.0674238858874, "time_cost": 150, "final_distance_cost": 4.470529071875684, "oscillation_cost": 264.67847140974465, "completition_cost": 1000.0, "overshoot_cost": 164.81691085102437, "power_cost": 18.70744803466797, "noise_cost": 47.39406451857458, "n_waypoints_completed": 0, "tot_waypoints": 9}}
{"target": -5523.2380587200005, "params": {"k_pid_pos": [2.0, 0.05210447311401367, 0.0], "k_pid_alt": [0.0, 0.05235627293586731, 1.0], "k_pid_att": [0.0, 9.980353355407715, 0.9045373797416687], "k_pid_yaw": [0.5, 1e-06, 0.1], "k_pid_hsp": [9.999999747378752e-05, 1.0, 1.0], "k_pid_vsp": [1.4259099960327148, 391.1620178222656, 400.0]}, "datetime": {"datetime": "2025-08-21 19:58:03", "elapsed": 40399.53726577759, "delta": 24.048553466796875}, "costs": {"total_cost": 5523.2380587200005, "time_cost": 150, "final_distance_cost": 595.8437404133944, "oscillation_cost": 2040.6008138692277, "completition_cost": 1000.0, "overshoot_cost": 1616.6534486366677, "power_cost": 29.123756005859377, "noise_cost": 91.01629979485195, "n_waypoints_completed": 0, "tot_waypoints": 9}}
{"target": -1747.5601076040073, "params": {"k_pid_pos": [2.0, 0.0, 0.0], "k_pid_alt": [0.0, 0.0, 0.9865612983703613], "k_pid_att": [9.46231460571289, 9.50789737701416, 1.0], "k_pid_yaw": [0.5, 1e-06, 0.1], "k_pid_hsp": [9.999999747378752e-05, 0.9560487270355225, 0.8995674848556519], "k_pid_vsp": [43.06970977783203, 395.5018310546875, 400.0]}, "datetime": {"datetime": "2025-08-21 19:58:27", "elapsed": 40424.26944684982, "delta": 24.732181072235107}, "costs": {"total_cost": 1747.5601076040073, "time_cost": 150, "final_distance_cost": 220.11940996342918, "oscillation_cost": 116.02424831587655, "completition_cost": 1000.0, "overshoot_cost": 228.8132752695427, "power_cost": 17.65779150390625, "noise_cost": 14.945382551252651, "n_waypoints_completed": 0, "tot_waypoints": 9}}
{"target": -1704.440362330811, "params": {"k_pid_pos": [1.9688477516174316, 0.04180988669395447, 0.009986460208892822], "k_pid_alt": [0.13632512092590332, 0.06341150403022766, 1.0], "k_pid_att": [4.388225078582764, 9.878320693969727, 1.0], "k_pid_yaw": [0.5, 1e-06, 0.1], "k_pid_hsp": [0.5605637431144714, 1.0, 1.0], "k_pid_vsp": [2.393782138824463, 397.1741027832031, 400.0]}, "datetime": {"datetime": "2025-08-21 19:58:53", "elapsed": 40449.52515101433, "delta": 25.255704164505005}, "costs": {"total_cost": 1704.440362330811, "time_cost": 150, "final_distance_cost": 11.178455809240745, "oscillation_cost": 310.7836217159056, "completition_cost": 1000.0, "overshoot_cost": 140.68202090762793, "power_cost": 22.037626208496096, "noise_cost": 69.75863768954049, "n_waypoints_completed": 0, "tot_waypoints": 9}}
{"target": -2419.041557503934, "params": {"k_pid_pos": [1.8415296077728271, 0.02104496955871582, 0.08572214841842651], "k_pid_alt": [0.0, 0.0, 0.9784048795700073], "k_pid_att": [3.8805365562438965, 10.0, 0.9775788187980652], "k_pid_yaw": [0.5, 1e-06, 0.1], "k_pid_hsp": [9.999999747378752e-05, 0.9804862141609192, 1.0], "k_pid_vsp": [13.96632194519043, 400.0, 398.3231506347656]}, "datetime": {"datetime": "2025-08-21 19:59:15", "elapsed": 40472.336908102036, "delta": 22.81175708770752}, "costs": {"total_cost": 2419.041557503934, "time_cost": 150, "final_distance_cost": 461.06971494147126, "oscillation_cost": 216.00090106200759, "completition_cost": 1000.0, "overshoot_cost": 546.7591616930864, "power_cost": 16.42054490966797, "noise_cost": 28.79123489770113, "n_waypoints_completed": 0, "tot_waypoints": 9}}
{"target": -7143.345669379331, "params": {"k_pid_pos": [1.9011527299880981, 0.0, 0.0], "k_pid_alt": [0.17554932832717896, 0.0, 0.9011631011962891], "k_pid_att": [0.0, 9.835079193115234, 1.0], "k_pid_yaw": [0.5, 1e-06, 0.1], "k_pid_hsp": [0.5087684392929077, 1.0, 1.0], "k_pid_vsp": [8.912361145019531, 374.8961486816406, 400.0]}, "datetime": {"datetime": "2025-08-21 19:59:41", "elapsed": 40498.07725977898, "delta": 25.740351676940918}, "costs": {"total_cost": 7143.345669379331, "time_cost": 150, "final_distance_cost": 1715.3611421905691, "oscillation_cost": 2119.99128564559, "completition_cost": 1000.0, "overshoot_cost": 2020.815075868042, "power_cost": 34.536267260742186, "noise_cost": 102.64189841438757, "n_waypoints_completed": 0, "tot_waypoints": 9}}
{"target": -9983.484650565086, "params": {"k_pid_pos": [2.0, 0.07697704434394836, 0.011369794607162476], "k_pid_alt": [0.0, 0.0403781533241272, 1.0], "k_pid_att": [0.0, 10.0, 1.0], "k_pid_yaw": [0.5, 1e-06, 0.1], "k_pid_hsp": [9.999999747378752e-05, 1.0, 0.9808360934257507], "k_pid_vsp": [17.87985610961914, 400.0, 391.8699645996094]}, "datetime": {"datetime": "2025-08-21 20:00:05", "elapsed": 40521.51282095909, "delta": 23.435561180114746}, "costs": {"total_cost": 9983.484650565086, "time_cost": 150, "final_distance_cost": 3124.285213645544, "oscillation_cost": 2111.449195482008, "completition_cost": 1000.0, "overshoot_cost": 3461.5654778253565, "power_cost": 34.37008172607422, "noise_cost": 101.81468188610425, "n_waypoints_completed": 0, "tot_waypoints": 9}}
{"target": -2081.152090734396, "params": {"k_pid_pos": [2.0, 0.0, 0.015463769435882568], "k_pid_alt": [0.0, 0.0, 0.9711284041404724], "k_pid_att": [2.934929847717285, 10.0, 1.0], "k_pid_yaw": [0.5, 1e-06, 0.1], "k_pid_hsp": [9.999999747378752e-05, 1.0, 0.9722037315368652], "k_pid_vsp": [0.0, 400.0, 393.4171142578125]}, "datetime": {"datetime": "2025-08-21 20:00:29", "elapsed": 40546.158378362656, "delta": 24.645557403564453}, "costs": {"total_cost": 2081.152090734396, "time_cost": 150, "final_distance_cost": 132.44769055217964, "oscillation_cost": 319.28753212587986, "completition_cost": 1000.0, "overshoot_cost": 402.3582404109501, "power_cost": 14.231581970214844, "noise_cost": 62.8270456751715, "n_waypoints_completed": 0, "tot_waypoints": 9}}
{"target": -6887.675176892027, "params": {"k_pid_pos": [1.8845064640045166, 0.031130492687225342, 0.0], "k_pid_alt": [0.0, 0.05147084593772888, 1.0], "k_pid_att": [0.0, 9.735309600830078, 0.8641910552978516], "k_pid_yaw": [0.5, 1e-06, 0.1], "k_pid_hsp": [9.999999747378752e-05, 1.0, 0.9921981692314148], "k_pid_vsp": [0.0, 398.3005676269531, 400.0]}, "datetime": {"datetime": "2025-08-21 20:00:53", "elapsed": 40570.15471100807, "delta": 23.99633264541626}, "costs": {"total_cost": 6887.675176892027, "time_cost": 150, "final_distance_cost": 1180.4989016413367, "oscillation_cost": 1683.251006741371, "completition_cost": 1000.0, "overshoot_cost": 2736.6505988073477, "power_cost": 34.720620251464844, "noise_cost": 102.55404945050638, "n_waypoints_completed": 0, "tot_waypoints": 9}}
{"target": -8499.138259585667, "params": {"k_pid_pos": [1.9365971088409424, 6.973743438720703e-06, 0.026290565729141235], "k_pid_alt": [0.1884734034538269, 0.0, 1.0], "k_pid_att": [0.0, 9.748910903930664, 1.0], "k_pid_yaw": [0.5, 1e-06, 0.1], "k_pid_hsp": [0.42063605785369873, 1.0, 1.0], "k_pid_vsp": [56.48341369628906, 367.4751281738281, 400.0]}, "datetime": {"datetime": "2025-08-21 20:01:17", "elapsed": 40593.80005478859, "delta": 23.645343780517578}, "costs": {"total_cost": 8499.138259585667, "time_cost": 150, "final_distance_cost": 1897.7324250685633, "oscillation_cost": 2306.8471372628005, "completition_cost": 1000.0, "overshoot_cost": 3015.744307994325, "power_cost": 31.726453332519533, "noise_cost": 97.08793592745678, "n_waypoints_completed": 0, "tot_waypoints": 9}}
{"target": -1692.1185796256307, "params": {"k_pid_pos": [1.9865145683288574, 0.03712591528892517, 0.0], "k_pid_alt": [0.0, 0.0, 1.0], "k_pid_att": [7.296976566314697, 9.656145095825195, 1.0], "k_pid_yaw": [0.5, 1e-06, 0.1], "k_pid_hsp": [0.1785166710615158, 0.9838942289352417, 0.9414001703262329], "k_pid_vsp": [0.0, 381.55010986328125, 368.1673889160156]}, "datetime": {"datetime": "2025-08-21 20:01:41", "elapsed": 40618.01828813553, "delta": 24.218233346939087}, "costs": {"total_cost": 1692.1185796256307, "time_cost": 150, "final_distance_cost": 10.019639946807773, "oscillation_cost": 308.8119852649213, "completition_cost": 1000.0, "overshoot_cost": 155.01779588701618, "power_cost": 11.678160278320313, "noise_cost": 56.59099824856519, "n_waypoints_completed": 0, "tot_waypoints": 9}}
{"target": -4354.549054434593, "params": {"k_pid_pos": [2.0, 0.05641204118728638, 0.0], "k_pid_alt": [0.0, 0.01666480302810669, 0.9754948019981384], "k_pid_att": [0.0, 9.778385162353516, 1.0], "k_pid_yaw": [0.5, 1e-06, 0.1], "k_pid_hsp": [0.21980170905590057, 1.0, 1.0], "k_pid_vsp": [0.0, 383.17132568359375, 367.0406494140625]}, "datetime": {"datetime": "2025-08-21 20:02:05", "elapsed": 40642.13385415077, "delta": 24.11556601524353}, "costs": {"total_cost": 4354.549054434593, "time_cost": 150, "final_distance_cost": 505.61433461840477, "oscillation_cost": 1171.1181809447778, "completition_cost": 1000.0, "overshoot_cost": 1400.661674214342, "power_cost": 31.633262658691407, "noise_cost": 95.52160199837746, "n_waypoints_completed": 0, "tot_waypoints": 9}}
{"target": -1760.4671308672828, "params": {"k_pid_pos": [2.0, 0.09131115674972534, 0.0], "k_pid_alt": [0.043504953384399414, 0.025064945220947266, 1.0], "k_pid_att": [3.984588384628296, 9.260390281677246, 0.9256671667098999], "k_pid_yaw": [0.5, 1e-06, 0.1], "k_pid_hsp": [9.999999747378752e-05, 0.9635809659957886, 1.0], "k_pid_vsp": [37.2664680480957, 400.0, 400.0]}, "datetime": {"datetime": "2025-08-21 20:02:28", "elapsed": 40665.04058384895, "delta": 22.906729698181152}, "costs": {"total_cost": 1760.4671308672828, "time_cost": 150, "final_distance_cost": 118.45829601957443, "oscillation_cost": 190.84585466882822, "completition_cost": 1000.0, "overshoot_cost": 259.6033823644815, "power_cost": 21.312425268554687, "noise_cost": 20.24717254584397, "n_waypoints_completed": 0, "tot_waypoints": 9}}
{"target": -4890.8261194029255, "params": {"k_pid_pos": [1.998811960220337, 0.08562454581260681, 0.034517377614974976], "k_pid_alt": [0.0, 0.031015127897262573, 1.0], "k_pid_att": [0.0, 9.591670989990234, 1.0], "k_pid_yaw": [0.5, 1e-06, 0.1], "k_pid_hsp": [9.999999747378752e-05, 1.0, 1.0], "k_pid_vsp": [23.904300689697266, 389.7933654785156, 385.4316711425781]}, "datetime": {"datetime": "2025-08-21 20:02:53", "elapsed": 40689.50678682327, "delta": 24.466202974319458}, "costs": {"total_cost": 4890.8261194029255, "time_cost": 150, "final_distance_cost": 614.0166529406913, "oscillation_cost": 1320.8721114205875, "completition_cost": 1000.0, "overshoot_cost": 1681.709600680119, "power_cost": 30.64080847167969, "noise_cost": 93.58694588984784, "n_waypoints_completed": 0, "tot_waypoints": 9}}
{"target": -2018.8239759251062, "params": {"k_pid_pos": [1.839714527130127, 0.031113743782043457, 0.012791574001312256], "k_pid_alt": [0.0, 0.0, 1.0], "k_pid_att": [1.4663785696029663, 9.632063865661621, 1.0], "k_pid_yaw": [0.5, 1e-06, 0.1], "k_pid_hsp": [0.1214127168059349, 1.0, 1.0], "k_pid_vsp": [0.0, 400.0, 400.0]}, "datetime": {"datetime": "2025-08-21 20:03:16", "elapsed": 40713.258357048035, "delta": 23.751570224761963}, "costs": {"total_cost": 2018.8239759251062, "time_cost": 150, "final_distance_cost": 35.98027699957017, "oscillation_cost": 579.448437271238, "completition_cost": 1000.0, "overshoot_cost": 168.30044775639254, "power_cost": 16.647385229492187, "noise_cost": 68.44742866841355, "n_waypoints_completed": 0, "tot_waypoints": 9}}
{"target": -4586.143476363873, "params": {"k_pid_pos": [1.937958002090454, 0.0, 0.0], "k_pid_alt": [0.0, 0.07176369428634644, 0.9928785562515259], "k_pid_att": [0.0, 9.903887748718262, 0.968596339225769], "k_pid_yaw": [0.5, 1e-06, 0.1], "k_pid_hsp": [0.5701796412467957, 0.9625692367553711, 0.9438612461090088], "k_pid_vsp": [0.0, 400.0, 400.0]}, "datetime": {"datetime": "2025-08-21 20:03:40", "elapsed": 40737.30196785927, "delta": 24.04361081123352}, "costs": {"total_cost": 4586.143476363873, "time_cost": 150, "final_distance_cost": 448.926525552113, "oscillation_cost": 1982.2472596645391, "completition_cost": 1000.0, "overshoot_cost": 872.7184876297059, "power_cost": 33.134376037597654, "noise_cost": 99.11682747991705, "n_waypoints_completed": 0, "tot_waypoints": 9}}
{"target": -4182.666196629646, "params": {"k_pid_pos": [1.9614076614379883, 0.0, 0.0], "k_pid_alt": [0.08919280767440796, 0.0, 0.9925696849822998], "k_pid_att": [0.0, 10.0, 1.0], "k_pid_yaw": [0.5, 1e-06, 0.1], "k_pid_hsp": [0.5643578171730042, 1.0, 1.0], "k_pid_vsp": [14.7303466796875, 390.0343322753906, 400.0]}, "datetime": {"datetime": "2025-08-21 20:04:05", "elapsed": 40761.720422029495, "delta": 24.41845417022705}, "costs": {"total_cost": 4182.666196629646, "time_cost": 150, "final_distance_cost": 304.79350385328877, "oscillation_cost": 1874.8618337779008, "completition_cost": 1000.0, "overshoot_cost": 719.1819108503604, "power_cost": 33.453394934082034, "noise_cost": 100.37555321401368, "n_waypoints_completed": 0, "tot_waypoints": 9}}
{"target": -1961.2073285928307, "params": {"k_pid_pos": [2.0, 0.004821747541427612, 0.0], "k_pid_alt": [0.0, 0.0, 1.0], "k_pid_att": [3.1182467937469482, 10.0, 1.0], "k_pid_yaw": [0.5, 1e-06, 0.1], "k_pid_hsp": [9.999999747378752e-05, 1.0, 0.969883918762207], "k_pid_vsp": [0.0, 396.5767822265625, 400.0]}, "datetime": {"datetime": "2025-08-21 20:04:28", "elapsed": 40784.61434173584, "delta": 22.893919706344604}, "costs": {"total_cost": 1961.2073285928307, "time_cost": 150, "final_distance_cost": 95.70016926016562, "oscillation_cost": 311.84057336694025, "completition_cost": 1000.0, "overshoot_cost": 330.15397863378973, "power_cost": 13.286433837890625, "noise_cost": 60.226173494044296, "n_waypoints_completed": 0, "tot_waypoints": 9}}
{"target": -9567.408394965714, "params": {"k_pid_pos": [1.9383044242858887, 0.0, 0.0], "k_pid_alt": [0.13086462020874023, 0.0, 1.0], "k_pid_att": [0.0, 9.708569526672363, 0.8713337779045105], "k_pid_yaw": [0.5, 1e-06, 0.1], "k_pid_hsp": [0.7111185193061829, 1.0, 0.9997788667678833], "k_pid_vsp": [0.0, 400.0, 375.0188903808594]}, "datetime": {"datetime": "2025-08-21 20:04:53", "elapsed": 40809.856922626495, "delta": 25.242580890655518}, "costs": {"total_cost": 9567.408394965714, "time_cost": 150, "final_distance_cost": 2163.68278464421, "oscillation_cost": 1933.2344339922265, "completition_cost": 1000.0, "overshoot_cost": 4188.16285064818, "power_cost": 32.82954997558594, "noise_cost": 99.49877570551172, "n_waypoints_completed": 0, "tot_waypoints": 9}}
{"target": -3659.424539573639, "params": {"k_pid_pos": [2.0, 0.052655041217803955, 0.04508441686630249], "k_pid_alt": [0.18162894248962402, 0.0, 0.9772864580154419], "k_pid_att": [0.0, 9.813267707824707, 0.9813410043716431], "k_pid_yaw": [0.5, 1e-06, 0.1], "k_pid_hsp": [0.17835186421871185, 0.9965732097625732, 1.0], "k_pid_vsp": [0.0, 360.12701416015625, 400.0]}, "datetime": {"datetime": "2025-08-21 20:05:16", "elapsed": 40833.387607336044, "delta": 23.53068470954895}, "costs": {"total_cost": 3659.424539573639, "time_cost": 150, "final_distance_cost": 374.1957012388216, "oscillation_cost": 1281.5114370895542, "completition_cost": 1000.0, "overshoot_cost": 728.6895017291604, "power_cost": 30.88126485595703, "noise_cost": 94.14663466014586, "n_waypoints_completed": 0, "tot_waypoints": 9}}
