{"target": -3606.171114503105, "params": {"k_pid_pos": [2.0, 0.0340709388256073, 0.0], "k_pid_alt": [0.0, 0.0, 0.9094629287719727], "k_pid_att": [0.0, 10.0, 0.9657773971557617], "k_pid_yaw": [0.5, 1e-06, 0.1], "k_pid_hsp": [9.999999747378752e-05, 0.9611110091209412, 1.0], "k_pid_vsp": [11.29462718963623, 400.0, 390.1816711425781]}, "datetime": {"datetime": "2025-08-21 22:20:36", "elapsed": 48952.94583916664, "delta": 24.57455277442932}, "costs": {"total_cost": 3606.171114503105, "time_cost": 150, "final_distance_cost": 382.33895954936077, "oscillation_cost": 1175.007085707653, "completition_cost": 1000.0, "overshoot_cost": 798.5463327344207, "power_cost": 21.633274133300784, "noise_cost": 78.6454623783691, "n_waypoints_completed": 0, "tot_waypoints": 9}}
{"target": -9753.13745100577, "params": {"k_pid_pos": [1.866581678390503, 0.0, 0.0], "k_pid_alt": [0.0, 0.0, 0.9474848508834839], "k_pid_att": [0.0, 9.820080757141113, 1.0], "k_pid_yaw": [0.5, 1e-06, 0.1], "k_pid_hsp": [9.999999747378752e-05, 0.9520271420478821, 0.9980274438858032], "k_pid_vsp": [10.798967361450195, 391.3343811035156, 398.7962951660156]}, "datetime": {"datetime": "2025-08-21 22:21:00", "elapsed": 48976.669095277786, "delta": 23.72325611114502}, "costs": {"total_cost": 9753.13745100577, "time_cost": 150, "final_distance_cost": 2855.438802489865, "oscillation_cost": 572.6205635257287, "completition_cost": 1000.0, "overshoot_cost": 5096.263628106038, "power_cost": 14.822825842285157, "noise_cost": 63.991631041853836, "n_waypoints_completed": 0, "tot_waypoints": 9}}
{"target": -16246.886802117866, "params": {"k_pid_pos": [2.0, 0.0, 0.0], "k_pid_alt": [0.032446205615997314, 0.07316076755523682, 0.8974049687385559], "k_pid_att": [0.0, 10.0, 1.0], "k_pid_yaw": [0.5, 1e-06, 0.1], "k_pid_hsp": [0.8501860499382019, 0.9754761457443237, 0.9462587833404541], "k_pid_vsp": [8.288442611694336, 400.0, 400.0]}, "datetime": {"datetime": "2025-08-21 22:21:24", "elapsed": 49000.64998579025, "delta": 23.98089051246643}, "costs": {"total_cost": 16246.886802117866, "time_cost": 150, "final_distance_cost": 5082.838583908122, "oscillation_cost": 2137.9688545876006, "completition_cost": 1000.0, "overshoot_cost": 7736.981383751579, "power_cost": 35.24192705078125, "noise_cost": 103.85605281978229, "n_waypoints_completed": 0, "tot_waypoints": 9}}
{"target": -2140.526251655644, "params": {"k_pid_pos": [2.0, 0.05904334783554077, 0.0], "k_pid_alt": [0.0, 0.0, 0.985296368598938], "k_pid_att": [5.885067462921143, 8.919330596923828, 0.9719019532203674], "k_pid_yaw": [0.5, 1e-06, 0.1], "k_pid_hsp": [9.999999747378752e-05, 1.0, 0.9027244448661804], "k_pid_vsp": [10.516870498657227, 400.0, 377.4209899902344]}, "datetime": {"datetime": "2025-08-21 22:21:48", "elapsed": 49025.19056582451, "delta": 24.54058003425598}, "costs": {"total_cost": 2140.526251655644, "time_cost": 150, "final_distance_cost": 207.09059294246615, "oscillation_cost": 253.18726726307742, "completition_cost": 1000.0, "overshoot_cost": 485.13205840396495, "power_cost": 19.778317504882814, "noise_cost": 25.33801554125235, "n_waypoints_completed": 0, "tot_waypoints": 9}}
{"target": -12456.787821645039, "params": {"k_pid_pos": [1.9949395656585693, 0.0, 0.0], "k_pid_alt": [0.08207595348358154, 0.027493923902511597, 1.0], "k_pid_att": [0.14752447605133057, 10.0, 0.9608202576637268], "k_pid_yaw": [0.5, 1e-06, 0.1], "k_pid_hsp": [0.07368000596761703, 0.966083824634552, 0.9593260884284973], "k_pid_vsp": [0.0, 400.0, 400.0]}, "datetime": {"datetime": "2025-08-21 22:22:12", "elapsed": 49048.54315710068, "delta": 23.352591276168823}, "costs": {"total_cost": 12456.787821645039, "time_cost": 150, "final_distance_cost": 3918.040930666745, "oscillation_cost": 2107.1352463503413, "completition_cost": 1000.0, "overshoot_cost": 5144.517798095236, "power_cost": 34.4781183959961, "noise_cost": 102.61572813672026, "n_waypoints_completed": 0, "tot_waypoints": 9}}
{"target": -1697.2219085687095, "params": {"k_pid_pos": [2.0, 0.036514848470687866, 0.0], "k_pid_alt": [0.08788639307022095, 0.0, 1.0], "k_pid_att": [6.45877742767334, 9.865839958190918, 0.9777202606201172], "k_pid_yaw": [0.5, 1e-06, 0.1], "k_pid_hsp": [9.999999747378752e-05, 1.0, 0.9929139614105225], "k_pid_vsp": [0.0, 394.1869812011719, 365.1246643066406]}, "datetime": {"datetime": "2025-08-21 22:22:37", "elapsed": 49073.54708838463, "delta": 25.003931283950806}, "costs": {"total_cost": 1697.2219085687095, "time_cost": 150, "final_distance_cost": 21.74911684569691, "oscillation_cost": 283.38428819967424, "completition_cost": 1000.0, "overshoot_cost": 156.37975279834802, "power_cost": 21.20902810058594, "noise_cost": 64.49972262440454, "n_waypoints_completed": 0, "tot_waypoints": 9}}
{"target": -1919.3149386438402, "params": {"k_pid_pos": [2.0, 0.0, 0.0], "k_pid_alt": [0.0, 0.0, 1.0], "k_pid_att": [4.0749101638793945, 9.987915992736816, 1.0], "k_pid_yaw": [0.5, 1e-06, 0.1], "k_pid_hsp": [0.6592265963554382, 1.0, 0.9961525797843933], "k_pid_vsp": [33.629249572753906, 371.2041320800781, 396.2759094238281]}, "datetime": {"datetime": "2025-08-21 22:22:59", "elapsed": 49096.26555943489, "delta": 22.71847105026245}, "costs": {"total_cost": 1919.3149386438402, "time_cost": 150, "final_distance_cost": 222.45044424790328, "oscillation_cost": 269.49844913891354, "completition_cost": 1000.0, "overshoot_cost": 222.17660489663777, "power_cost": 15.456579321289063, "noise_cost": 39.73286103909625, "n_waypoints_completed": 0, "tot_waypoints": 9}}
{"target": -6581.167940737872, "params": {"k_pid_pos": [1.83353853225708, 0.040327876806259155, 0.0], "k_pid_alt": [0.0, 0.0, 1.0], "k_pid_att": [0.0, 9.96211051940918, 0.9449179768562317], "k_pid_yaw": [0.5, 1e-06, 0.1], "k_pid_hsp": [0.3567714989185333, 1.0, 0.8841311931610107], "k_pid_vsp": [12.619483947753906, 400.0, 400.0]}, "datetime": {"datetime": "2025-08-21 22:23:25", "elapsed": 49122.2700445652, "delta": 26.00448513031006}, "costs": {"total_cost": 6581.167940737872, "time_cost": 150, "final_distance_cost": 1756.2749887844104, "oscillation_cost": 2039.4850794066647, "completition_cost": 1000.0, "overshoot_cost": 1513.8134428510455, "power_cost": 28.092776098632815, "noise_cost": 93.50165359711946, "n_waypoints_completed": 0, "tot_waypoints": 9}}
{"target": -2652.2151454326804, "params": {"k_pid_pos": [2.0, 0.03433096408843994, 0.02355259656906128], "k_pid_alt": [0.034338533878326416, 0.0, 0.9384527206420898], "k_pid_att": [4.281756401062012, 8.969076156616211, 0.9953332543373108], "k_pid_yaw": [0.5, 1e-06, 0.1], "k_pid_hsp": [0.04248414188623428, 1.0, 0.9309072494506836], "k_pid_vsp": [0.0, 391.83154296875, 367.69049072265625]}, "datetime": {"datetime": "2025-08-21 22:23:49", "elapsed": 49145.690254211426, "delta": 23.420209646224976}, "costs": {"total_cost": 2652.2151454326804, "time_cost": 150, "final_distance_cost": 215.7594966112031, "oscillation_cost": 229.0743526716363, "completition_cost": 1000.0, "overshoot_cost": 1019.2351281202449, "power_cost": 21.47531148681641, "noise_cost": 16.670856542779916, "n_waypoints_completed": 0, "tot_waypoints": 9}}
{"target": -8985.500817399252, "params": {"k_pid_pos": [1.8671523332595825, 0.0, 0.0], "k_pid_alt": [0.0, 0.0, 1.0], "k_pid_att": [0.0, 10.0, 1.0], "k_pid_yaw": [0.5, 1e-06, 0.1], "k_pid_hsp": [0.8991662859916687, 1.0, 1.0], "k_pid_vsp": [0.0, 398.3400573730469, 400.0]}, "datetime": {"datetime": "2025-08-21 22:24:15", "elapsed": 49171.76383256912, "delta": 26.073578357696533}, "costs": {"total_cost": 8985.500817399252, "time_cost": 150, "final_distance_cost": 2252.1176682984137, "oscillation_cost": 2194.2179254332295, "completition_cost": 1000.0, "overshoot_cost": 3267.0051550941344, "power_cost": 28.19490046386719, "noise_cost": 93.96516810960918, "n_waypoints_completed": 0, "tot_waypoints": 9}}
{"target": -6188.92691033492, "params": {"k_pid_pos": [2.0, 0.03143337368965149, 0.05592280626296997], "k_pid_alt": [0.0, 0.034164488315582275, 0.9939883947372437], "k_pid_att": [0.0, 9.408422470092773, 0.9534790515899658], "k_pid_yaw": [0.5, 1e-06, 0.1], "k_pid_hsp": [9.999999747378752e-05, 0.9098279476165771, 1.0], "k_pid_vsp": [55.819820404052734, 400.0, 400.0]}, "datetime": {"datetime": "2025-08-21 22:24:42", "elapsed": 49198.78157091141, "delta": 27.017738342285156}, "costs": {"total_cost": 6188.92691033492, "time_cost": 150, "final_distance_cost": 1156.6052573944924, "oscillation_cost": 1122.3262084548871, "completition_cost": 1000.0, "overshoot_cost": 2632.452376327099, "power_cost": 31.730127783203127, "noise_cost": 95.81294037523827, "n_waypoints_completed": 0, "tot_waypoints": 9}}
{"target": -1974.1726821342972, "params": {"k_pid_pos": [1.9040963649749756, 0.0086728036403656, 0.0], "k_pid_alt": [0.10193926095962524, 0.0, 1.0], "k_pid_att": [3.0679166316986084, 9.705467224121094, 0.9192172288894653], "k_pid_yaw": [0.5, 1e-06, 0.1], "k_pid_hsp": [0.007814551703631878, 1.0, 1.0], "k_pid_vsp": [0.0, 394.1056213378906, 390.8262634277344]}, "datetime": {"datetime": "2025-08-21 22:25:08", "elapsed": 49224.51280736923, "delta": 25.731236457824707}, "costs": {"total_cost": 1974.1726821342972, "time_cost": 150, "final_distance_cost": 98.55661038640375, "oscillation_cost": 326.5497318383194, "completition_cost": 1000.0, "overshoot_cost": 303.3647125674712, "power_cost": 23.0893619140625, "noise_cost": 72.61226542804026, "n_waypoints_completed": 0, "tot_waypoints": 9}}
{"target": -1768.4039124865128, "params": {"k_pid_pos": [1.9353013038635254, 0.052612483501434326, 0.0], "k_pid_alt": [0.011187314987182617, 0.05490037798881531, 1.0], "k_pid_att": [2.865612506866455, 10.0, 0.9908555746078491], "k_pid_yaw": [0.5, 1e-06, 0.1], "k_pid_hsp": [9.999999747378752e-05, 1.0, 0.9654994010925293], "k_pid_vsp": [0.0, 400.0, 400.0]}, "datetime": {"datetime": "2025-08-21 22:25:32", "elapsed": 49248.53318142891, "delta": 24.020374059677124}, "costs": {"total_cost": 1768.4039124865128, "time_cost": 150, "final_distance_cost": 9.045981359192686, "oscillation_cost": 377.93654133668025, "completition_cost": 1000.0, "overshoot_cost": 135.08167301614955, "power_cost": 26.526082055664062, "noise_cost": 69.81363471882621, "n_waypoints_completed": 0, "tot_waypoints": 9}}
{"target": -5263.011389453289, "params": {"k_pid_pos": [1.8992388248443604, 0.02246832847595215, 0.012141555547714233], "k_pid_alt": [0.1780252456665039, 0.11414730548858643, 0.9274823069572449], "k_pid_att": [0.0, 9.42527961730957, 1.0], "k_pid_yaw": [0.5, 1e-06, 0.1], "k_pid_hsp": [9.999999747378752e-05, 1.0, 1.0], "k_pid_vsp": [0.0, 400.0, 397.9377136230469]}, "datetime": {"datetime": "2025-08-21 22:25:54", "elapsed": 49271.140340805054, "delta": 22.60715937614441}, "costs": {"total_cost": 5263.011389453289, "time_cost": 150, "final_distance_cost": 598.9967363387441, "oscillation_cost": 1505.5603057934954, "completition_cost": 1000.0, "overshoot_cost": 1876.3303172131077, "power_cost": 33.2862992553711, "noise_cost": 98.83773085257047, "n_waypoints_completed": 0, "tot_waypoints": 9}}
{"target": -1883.8470783194948, "params": {"k_pid_pos": [1.9785116910934448, 0.026885032653808594, 0.07423204183578491], "k_pid_alt": [0.0, 0.11141213774681091, 0.9508934020996094], "k_pid_att": [3.1038670539855957, 8.759063720703125, 0.9927201271057129], "k_pid_yaw": [0.5, 1e-06, 0.1], "k_pid_hsp": [9.999999747378752e-05, 1.0, 0.931439995765686], "k_pid_vsp": [4.970979690551758, 400.0, 400.0]}, "datetime": {"datetime": "2025-08-21 22:26:21", "elapsed": 49298.32452774048, "delta": 27.184186935424805}, "costs": {"total_cost": 1883.8470783194948, "time_cost": 150, "final_distance_cost": 166.1103483300979, "oscillation_cost": 274.72402978638536, "completition_cost": 1000.0, "overshoot_cost": 235.678131495177, "power_cost": 20.96061326904297, "noise_cost": 36.37395543879131, "n_waypoints_completed": 0, "tot_waypoints": 9}}
{"target": -3318.1396727160895, "params": {"k_pid_pos": [2.0, 0.006714284420013428, 0.0], "k_pid_alt": [0.026253581047058105, 0.0, 0.9456253051757812], "k_pid_att": [0.9713351726531982, 10.0, 1.0], "k_pid_yaw": [0.5, 1e-06, 0.1], "k_pid_hsp": [9.999999747378752e-05, 1.0, 0.9690909385681152], "k_pid_vsp": [0.0, 400.0, 400.0]}, "datetime": {"datetime": "2025-08-21 22:26:45", "elapsed": 49322.23507618904, "delta": 23.910548448562622}, "costs": {"total_cost": 3318.1396727160895, "time_cost": 150, "final_distance_cost": 618.4879966669101, "oscillation_cost": 648.7663665111583, "completition_cost": 1000.0, "overshoot_cost": 786.5219457110406, "power_cost": 28.361499633789062, "noise_cost": 86.00186419319138, "n_waypoints_completed": 0, "tot_waypoints": 9}}
{"target": -1655.0554546820715, "params": {"k_pid_pos": [1.860582947731018, 0.07679510116577148, 0.0799492597579956], "k_pid_alt": [0.04738563299179077, 0.0, 0.9859529733657837], "k_pid_att": [8.25185775756836, 10.0, 1.0], "k_pid_yaw": [0.5, 1e-06, 0.1], "k_pid_hsp": [0.22529125213623047, 0.9784908294677734, 1.0], "k_pid_vsp": [0.0, 400.0, 400.0]}, "datetime": {"datetime": "2025-08-21 22:27:10", "elapsed": 49346.61548447609, "delta": 24.38040828704834}, "costs": {"total_cost": 1655.0554546820715, "time_cost": 150, "final_distance_cost": 1.1354063474784786, "oscillation_cost": 301.44371681368165, "completition_cost": 1000.0, "overshoot_cost": 130.57077705567127, "power_cost": 19.929628552246093, "noise_cost": 51.97592591299386, "n_waypoints_completed": 0, "tot_waypoints": 9}}
{"target": -9639.668471651963, "params": {"k_pid_pos": [1.9971027374267578, 0.0, 0.0], "k_pid_alt": [0.0, 0.0, 1.0], "k_pid_att": [0.0, 10.0, 0.9840447902679443], "k_pid_yaw": [0.5, 1e-06, 0.1], "k_pid_hsp": [9.999999747378752e-05, 0.9993671774864197, 0.9653545022010803], "k_pid_vsp": [0.0, 400.0, 370.6021423339844]}, "datetime": {"datetime": "2025-08-21 22:27:33", "elapsed": 49369.542566776276, "delta": 22.927082300186157}, "costs": {"total_cost": 9639.668471651963, "time_cost": 150, "final_distance_cost": 2877.733614806241, "oscillation_cost": 588.8560684730677, "completition_cost": 1000.0, "overshoot_cost": 4947.905157681742, "power_cost": 13.672945043945314, "noise_cost": 61.50068564696656, "n_waypoints_completed": 0, "tot_waypoints": 9}}
{"target": -1736.3076041782845, "params": {"k_pid_pos": [2.0, 0.0, 0.017514944076538086], "k_pid_alt": [0.0, 0.0, 1.0], "k_pid_att": [2.356466770172119, 9.26126766204834, 1.0], "k_pid_yaw": [0.5, 1e-06, 0.1], "k_pid_hsp": [0.47451990842819214, 1.0, 0.9617029428482056], "k_pid_vsp": [33.62255096435547, 372.5502014160156, 385.139892578125]}, "datetime": {"datetime": "2025-08-21 22:27:57", "elapsed": 49393.578157663345, "delta": 24.035590887069702}, "costs": {"total_cost": 1736.3076041782845, "time_cost": 150, "final_distance_cost": 2.4268707009630566, "oscillation_cost": 363.7421880990633, "completition_cost": 1000.0, "overshoot_cost": 136.0011125745324, "power_cost": 16.466549365234375, "noise_cost": 67.6708834384911, "n_waypoints_completed": 0, "tot_waypoints": 9}}
{"target": -1996.2929189288166, "params": {"k_pid_pos": [2.0, 0.0, 0.0], "k_pid_alt": [0.0, 0.0, 1.0], "k_pid_att": [7.659745216369629, 10.0, 0.9473042488098145], "k_pid_yaw": [0.5, 1e-06, 0.1], "k_pid_hsp": [0.8268075585365295, 1.0, 1.0], "k_pid_vsp": [9.903359413146973, 397.82171630859375, 352.2194519042969]}, "datetime": {"datetime": "2025-08-21 22:28:20", "elapsed": 49416.81811833382, "delta": 23.23996067047119}, "costs": {"total_cost": 1996.2929189288166, "time_cost": 150, "final_distance_cost": 389.76775616014726, "oscillation_cost": 225.19164847285802, "completition_cost": 888.8888888888888, "overshoot_cost": 287.2125500003034, "power_cost": 19.577273071289063, "noise_cost": 35.65480233532992, "n_waypoints_completed": 1, "tot_waypoints": 9}}
{"target": -11410.712132718392, "params": {"k_pid_pos": [1.8488842248916626, 0.04730769991874695, 0.05410432815551758], "k_pid_alt": [0.10311269760131836, 0.05830475687980652, 1.0], "k_pid_att": [0.0, 10.0, 0.9682193994522095], "k_pid_yaw": [0.5, 1e-06, 0.1], "k_pid_hsp": [0.5330740213394165, 1.0, 0.9389747381210327], "k_pid_vsp": [0.0, 400.0, 400.0]}, "datetime": {"datetime": "2025-08-21 22:28:45", "elapsed": 49441.727682352066, "delta": 24.90956401824951}, "costs": {"total_cost": 11410.712132718392, "time_cost": 150, "final_distance_cost": 2321.3480894119207, "oscillation_cost": 1783.7470232613516, "completition_cost": 1000.0, "overshoot_cost": 6017.275662220229, "power_cost": 34.85672674560547, "noise_cost": 103.48463107928558, "n_waypoints_completed": 0, "tot_waypoints": 9}}
{"target": -1763.0117389570532, "params": {"k_pid_pos": [1.926077127456665, 0.018852561712265015, 0.0], "k_pid_alt": [0.0, 0.0, 0.8876582384109497], "k_pid_att": [2.3623526096343994, 10.0, 1.0], "k_pid_yaw": [0.5, 1e-06, 0.1], "k_pid_hsp": [0.29315343499183655, 0.9815467596054077, 0.9980146884918213], "k_pid_vsp": [34.656761169433594, 400.0, 381.38629150390625]}, "datetime": {"datetime": "2025-08-21 22:29:09", "elapsed": 49465.47852277756, "delta": 23.750840425491333}, "costs": {"total_cost": 1763.0117389570532, "time_cost": 150, "final_distance_cost": 1.4457735011695474, "oscillation_cost": 390.3485344458527, "completition_cost": 1000.0, "overshoot_cost": 136.36842124656593, "power_cost": 16.631643188476563, "noise_cost": 68.21736657498843, "n_waypoints_completed": 0, "tot_waypoints": 9}}
{"target": -5124.205931260289, "params": {"k_pid_pos": [2.0, 0.06918776035308838, 0.03298261761665344], "k_pid_alt": [0.0, 0.04041242599487305, 0.9776325225830078], "k_pid_att": [0.0, 10.0, 1.0], "k_pid_yaw": [0.5, 1e-06, 0.1], "k_pid_hsp": [9.999999747378752e-05, 1.0, 0.9676027894020081], "k_pid_vsp": [0.0, 386.4723815917969, 384.283203125]}, "datetime": {"datetime": "2025-08-21 22:29:32", "elapsed": 49489.3633646965, "delta": 23.884841918945312}, "costs": {"total_cost": 5124.205931260289, "time_cost": 150, "final_distance_cost": 802.3218671249928, "oscillation_cost": 1268.6441845975153, "completition_cost": 1000.0, "overshoot_cost": 1781.1779322474144, "power_cost": 29.9139412109375, "noise_cost": 92.1480060794289, "n_waypoints_completed": 0, "tot_waypoints": 9}}
{"target": -2816.068365250242, "params": {"k_pid_pos": [2.0, 0.0, 0.0], "k_pid_alt": [0.0, 0.0018873512744903564, 0.9633139371871948], "k_pid_att": [0.0, 10.0, 0.9734052419662476], "k_pid_yaw": [0.5, 1e-06, 0.1], "k_pid_hsp": [0.46708816289901733, 1.0, 1.0], "k_pid_vsp": [34.00249481201172, 400.0, 394.8210144042969]}, "datetime": {"datetime": "2025-08-21 22:29:57", "elapsed": 49514.02917075157, "delta": 24.66580605506897}, "costs": {"total_cost": 2816.068365250242, "time_cost": 150, "final_distance_cost": 46.574938115351095, "oscillation_cost": 1292.4308456823624, "completition_cost": 1000.0, "overshoot_cost": 200.3096932780642, "power_cost": 31.483024450683594, "noise_cost": 95.26986372378077, "n_waypoints_completed": 0, "tot_waypoints": 9}}
{"target": -1971.9875172407908, "params": {"k_pid_pos": [2.0, 0.0, 0.0], "k_pid_alt": [0.07775628566741943, 0.0, 0.9266835451126099], "k_pid_att": [2.5544285774230957, 9.591238021850586, 1.0], "k_pid_yaw": [0.5, 1e-06, 0.1], "k_pid_hsp": [0.11651445925235748, 0.9743369817733765, 1.0], "k_pid_vsp": [4.889309406280518, 400.0, 400.0]}, "datetime": {"datetime": "2025-08-21 22:30:20", "elapsed": 49537.42797374725, "delta": 23.398802995681763}, "costs": {"total_cost": 1971.9875172407908, "time_cost": 150, "final_distance_cost": 111.78278004735415, "oscillation_cost": 344.1938817004095, "completition_cost": 1000.0, "overshoot_cost": 313.10837740794005, "power_cost": 22.020560266113282, "noise_cost": 30.881917818973736, "n_waypoints_completed": 0, "tot_waypoints": 9}}
{"target": -4550.925453640208, "params": {"k_pid_pos": [1.8113516569137573, 0.02496364712715149, 0.15972694754600525], "k_pid_alt": [0.0, 0.0, 0.961593508720398], "k_pid_att": [0.0, 9.870901107788086, 0.9663363695144653], "k_pid_yaw": [0.5, 1e-06, 0.1], "k_pid_hsp": [0.20430108904838562, 0.9379650950431824, 0.9461606740951538], "k_pid_vsp": [7.42567777633667, 378.35601806640625, 396.1525573730469]}, "datetime": {"datetime": "2025-08-21 22:30:45", "elapsed": 49561.98430681229, "delta": 24.55633306503296}, "costs": {"total_cost": 4550.925453640208, "time_cost": 150, "final_distance_cost": 493.36504018163674, "oscillation_cost": 1466.9765792043772, "completition_cost": 1000.0, "overshoot_cost": 1323.0883714595761, "power_cost": 26.677961450195316, "noise_cost": 90.81750134442147, "n_waypoints_completed": 0, "tot_waypoints": 9}}
{"target": -5138.845482612406, "params": {"k_pid_pos": [1.983314871788025, 0.0, 0.0], "k_pid_alt": [0.0, 0.022132545709609985, 1.0], "k_pid_att": [0.0, 9.68327808380127, 1.0], "k_pid_yaw": [0.5, 1e-06, 0.1], "k_pid_hsp": [0.33339717984199524, 1.0, 0.9535528421401978], "k_pid_vsp": [2.187955379486084, 389.8683776855469, 400.0]}, "datetime": {"datetime": "2025-08-21 22:31:09", "elapsed": 49585.84555697441, "delta": 23.861250162124634}, "costs": {"total_cost": 5138.845482612406, "time_cost": 150, "final_distance_cost": 579.8779598152321, "oscillation_cost": 1861.2483503818435, "completition_cost": 1000.0, "overshoot_cost": 1420.8826908003957, "power_cost": 31.089443859863284, "noise_cost": 95.74703775507142, "n_waypoints_completed": 0, "tot_waypoints": 9}}
{"target": -2079.584877723291, "params": {"k_pid_pos": [2.0, 0.0, 0.0], "k_pid_alt": [0.11156517267227173, 0.0, 0.9389267563819885], "k_pid_att": [2.151015281677246, 10.0, 0.9054464101791382], "k_pid_yaw": [0.5, 1e-06, 0.1], "k_pid_hsp": [0.5285426378250122, 0.9819302558898926, 0.9769891500473022], "k_pid_vsp": [0.0, 400.0, 400.0]}, "datetime": {"datetime": "2025-08-21 22:31:33", "elapsed": 49610.32171487808, "delta": 24.476157903671265}, "costs": {"total_cost": 2079.584877723291, "time_cost": 150, "final_distance_cost": 93.4400551481795, "oscillation_cost": 418.70726695163813, "completition_cost": 1000.0, "overshoot_cost": 329.06377258000083, "power_cost": 26.319630786132812, "noise_cost": 62.054152257339275, "n_waypoints_completed": 0, "tot_waypoints": 9}}
