{"target": -5874.207809139861, "params": {"k_pid_pos": [2.0, 0.013035088777542114, 0.030008822679519653], "k_pid_alt": [0.061685383319854736, 0.0, 0.9802266359329224], "k_pid_att": [0.0, 10.0, 0.8942817449569702], "k_pid_yaw": [0.5, 1e-06, 0.1], "k_pid_hsp": [0.2945377230644226, 0.9969519376754761, 1.0], "k_pid_vsp": [0.0, 400.0, 400.0]}, "datetime": {"datetime": "2025-08-21 12:39:06", "elapsed": 14063.460728168488, "delta": 22.85154676437378}, "costs": {"total_cost": 5874.207809139861, "time_cost": 150, "final_distance_cost": 692.6058147307648, "oscillation_cost": 2109.689624561237, "completition_cost": 1000.0, "overshoot_cost": 1793.4982004262022, "power_cost": 31.558013964843752, "noise_cost": 96.85615545681314, "n_waypoints_completed": 0, "tot_waypoints": 9}}
{"target": -2117.1213115459973, "params": {"k_pid_pos": [1.949180245399475, 0.0, 0.0], "k_pid_alt": [0.06385678052902222, 0.0, 1.0], "k_pid_att": [1.4756053686141968, 10.0, 1.0], "k_pid_yaw": [0.5, 1e-06, 0.1], "k_pid_hsp": [9.999999747378752e-05, 0.9649810791015625, 1.0], "k_pid_vsp": [0.0, 368.69354248046875, 400.0]}, "datetime": {"datetime": "2025-08-21 12:39:29", "elapsed": 14086.42451620102, "delta": 22.96378803253174}, "costs": {"total_cost": 2117.1213115459973, "time_cost": 150, "final_distance_cost": 15.145833056423209, "oscillation_cost": 596.5119844988286, "completition_cost": 1000.0, "overshoot_cost": 237.55109165657151, "power_cost": 29.6756470703125, "noise_cost": 88.23675526386155, "n_waypoints_completed": 0, "tot_waypoints": 9}}
{"target": -2791.8787514441146, "params": {"k_pid_pos": [2.0, 0.0, 0.05003559589385986], "k_pid_alt": [0.0, 0.012184560298919678, 1.0], "k_pid_att": [3.2474489212036133, 9.518545150756836, 0.9860358834266663], "k_pid_yaw": [0.5, 1e-06, 0.1], "k_pid_hsp": [0.5837136507034302, 1.0, 0.943297266960144], "k_pid_vsp": [0.0, 400.0, 400.0]}, "datetime": {"datetime": "2025-08-21 12:39:53", "elapsed": 14109.650241851807, "delta": 23.225725650787354}, "costs": {"total_cost": 2791.8787514441146, "time_cost": 150, "final_distance_cost": 531.0126349503138, "oscillation_cost": 281.7353096203002, "completition_cost": 1000.0, "overshoot_cost": 773.4074317144149, "power_cost": 22.951474707031252, "noise_cost": 32.771900452054496, "n_waypoints_completed": 0, "tot_waypoints": 9}}
{"target": -7961.979046728895, "params": {"k_pid_pos": [2.0, 0.0007204413414001465, 0.0], "k_pid_alt": [0.0, 0.03394448757171631, 1.0], "k_pid_att": [0.0, 10.0, 0.9545468091964722], "k_pid_yaw": [0.5, 1e-06, 0.1], "k_pid_hsp": [9.999999747378752e-05, 0.9662443995475769, 1.0], "k_pid_vsp": [0.0, 398.0294189453125, 388.50299072265625]}, "datetime": {"datetime": "2025-08-21 12:40:16", "elapsed": 14132.474178791046, "delta": 22.823936939239502}, "costs": {"total_cost": 7961.979046728895, "time_cost": 150, "final_distance_cost": 1511.6551047822068, "oscillation_cost": 1636.7002596840703, "completition_cost": 1000.0, "overshoot_cost": 3530.553795167513, "power_cost": 33.27321296386719, "noise_cost": 99.79667413123889, "n_waypoints_completed": 0, "tot_waypoints": 9}}
{"target": -5049.867701326763, "params": {"k_pid_pos": [2.0, 0.03384506702423096, 0.0], "k_pid_alt": [0.0, 0.11382129788398743, 0.9301019310951233], "k_pid_att": [0.007733702659606934, 10.0, 1.0], "k_pid_yaw": [0.5, 1e-06, 0.1], "k_pid_hsp": [1.0125846862792969, 1.0, 1.0], "k_pid_vsp": [17.90066909790039, 388.95953369140625, 370.18731689453125]}, "datetime": {"datetime": "2025-08-21 12:40:38", "elapsed": 14155.329332828522, "delta": 22.855154037475586}, "costs": {"total_cost": 5049.867701326763, "time_cost": 150, "final_distance_cost": 820.222241120496, "oscillation_cost": 1189.5052644843747, "completition_cost": 1000.0, "overshoot_cost": 1761.5926307212317, "power_cost": 32.07450281982422, "noise_cost": 96.47306218083676, "n_waypoints_completed": 0, "tot_waypoints": 9}}
{"target": -7723.566753085173, "params": {"k_pid_pos": [1.930920958518982, 0.0, 0.0], "k_pid_alt": [0.0, 0.0, 0.9470871090888977], "k_pid_att": [0.0, 9.985486030578613, 0.9964708089828491], "k_pid_yaw": [0.5, 1e-06, 0.1], "k_pid_hsp": [9.999999747378752e-05, 1.0, 1.0], "k_pid_vsp": [0.0, 393.5567932128906, 400.0]}, "datetime": {"datetime": "2025-08-21 12:41:01", "elapsed": 14178.441027641296, "delta": 23.111694812774658}, "costs": {"total_cost": 7723.566753085173, "time_cost": 150, "final_distance_cost": 1780.1847003041316, "oscillation_cost": 755.9858983607653, "completition_cost": 1000.0, "overshoot_cost": 3950.3624352541406, "power_cost": 17.61391961669922, "noise_cost": 69.41979954943665, "n_waypoints_completed": 0, "tot_waypoints": 9}}
{"target": -7840.192366995012, "params": {"k_pid_pos": [2.0, 0.0, 0.0], "k_pid_alt": [0.0, 0.0, 0.9289745092391968], "k_pid_att": [0.0, 9.695523262023926, 0.9829061031341553], "k_pid_yaw": [0.5, 1e-06, 0.1], "k_pid_hsp": [0.2733842432498932, 1.0, 0.9859154224395752], "k_pid_vsp": [0.0, 378.5736999511719, 400.0]}, "datetime": {"datetime": "2025-08-21 12:41:24", "elapsed": 14201.234812498093, "delta": 22.793784856796265}, "costs": {"total_cost": 7840.192366995012, "time_cost": 150, "final_distance_cost": 1671.3142262886604, "oscillation_cost": 1831.0680277509462, "completition_cost": 1000.0, "overshoot_cost": 3070.175125258678, "power_cost": 26.71185308837891, "noise_cost": 90.92313460834751, "n_waypoints_completed": 0, "tot_waypoints": 9}}
{"target": -5307.62930325188, "params": {"k_pid_pos": [1.9244592189788818, 0.0034751594066619873, 0.03396248817443848], "k_pid_alt": [0.0, 0.006523191928863525, 1.0], "k_pid_att": [0.7540017366409302, 9.925470352172852, 0.9748237133026123], "k_pid_yaw": [0.5, 1e-06, 0.1], "k_pid_hsp": [9.999999747378752e-05, 0.9212278127670288, 1.0], "k_pid_vsp": [9.862768173217773, 400.0, 400.0]}, "datetime": {"datetime": "2025-08-21 12:41:47", "elapsed": 14224.446460485458, "delta": 23.211647987365723}, "costs": {"total_cost": 5307.62930325188, "time_cost": 150, "final_distance_cost": 1446.323156194992, "oscillation_cost": 611.7040078831386, "completition_cost": 1000.0, "overshoot_cost": 1981.4715508207676, "power_cost": 29.4529611328125, "noise_cost": 88.67762722016904, "n_waypoints_completed": 0, "tot_waypoints": 9}}
{"target": -1645.1439945837137, "params": {"k_pid_pos": [2.0, 0.03644967079162598, 0.1269105076789856], "k_pid_alt": [0.1330832839012146, 0.0169508159160614, 0.9099433422088623], "k_pid_att": [3.352221965789795, 9.510165214538574, 1.0], "k_pid_yaw": [0.5, 1e-06, 0.1], "k_pid_hsp": [9.999999747378752e-05, 1.0, 0.9362006187438965], "k_pid_vsp": [13.343954086303711, 400.0, 400.0]}, "datetime": {"datetime": "2025-08-21 12:42:10", "elapsed": 14247.379692316055, "delta": 22.933231830596924}, "costs": {"total_cost": 1645.1439945837137, "time_cost": 150, "final_distance_cost": 6.210462344753414, "oscillation_cost": 263.1114605712263, "completition_cost": 1000.0, "overshoot_cost": 171.33372801269084, "power_cost": 21.495351513671878, "noise_cost": 32.9929921413712, "n_waypoints_completed": 0, "tot_waypoints": 9}}
{"target": -2098.171639338726, "params": {"k_pid_pos": [1.8604711294174194, 0.010812222957611084, 0.0], "k_pid_alt": [0.08544552326202393, 0.0, 1.0], "k_pid_att": [1.0575294494628906, 9.92055892944336, 0.997445821762085], "k_pid_yaw": [0.5, 1e-06, 0.1], "k_pid_hsp": [9.999999747378752e-05, 0.997418224811554, 0.9361352920532227], "k_pid_vsp": [0.0, 400.0, 399.03753662109375]}, "datetime": {"datetime": "2025-08-21 12:42:33", "elapsed": 14270.125699281693, "delta": 22.746006965637207}, "costs": {"total_cost": 2098.171639338726, "time_cost": 150, "final_distance_cost": 25.022994660048504, "oscillation_cost": 628.7151672966618, "completition_cost": 1000.0, "overshoot_cost": 171.58845376303077, "power_cost": 31.066873571777347, "noise_cost": 91.77815004720742, "n_waypoints_completed": 0, "tot_waypoints": 9}}
{"target": -1652.822135867709, "params": {"k_pid_pos": [1.9052634239196777, 0.06989142298698425, 0.04829147458076477], "k_pid_alt": [0.0359039306640625, 0.08016887307167053, 1.0], "k_pid_att": [4.823392868041992, 9.663902282714844, 1.0], "k_pid_yaw": [0.5, 1e-06, 0.1], "k_pid_hsp": [0.2678541839122772, 0.9858887195587158, 0.9443063139915466], "k_pid_vsp": [9.549379348754883, 400.0, 380.0719299316406]}, "datetime": {"datetime": "2025-08-21 12:42:56", "elapsed": 14293.022544384003, "delta": 22.89684510231018}, "costs": {"total_cost": 1652.822135867709, "time_cost": 150, "final_distance_cost": 8.815505889936373, "oscillation_cost": 283.7983885421052, "completition_cost": 1000.0, "overshoot_cost": 160.72963606951066, "power_cost": 25.495795678710937, "noise_cost": 23.98280968744591, "n_waypoints_completed": 0, "tot_waypoints": 9}}
{"target": -1978.913777087734, "params": {"k_pid_pos": [1.932065486907959, 0.04212409257888794, 0.0], "k_pid_alt": [0.06348317861557007, 0.0, 1.0], "k_pid_att": [1.652216911315918, 9.942337989807129, 1.0], "k_pid_yaw": [0.5, 1e-06, 0.1], "k_pid_hsp": [9.999999747378752e-05, 1.0, 1.0], "k_pid_vsp": [0.0, 393.97509765625, 400.0]}, "datetime": {"datetime": "2025-08-21 12:43:19", "elapsed": 14316.101817846298, "delta": 23.079273462295532}, "costs": {"total_cost": 1978.913777087734, "time_cost": 150, "final_distance_cost": 7.807340861166235, "oscillation_cost": 534.6609707352188, "completition_cost": 1000.0, "overshoot_cost": 162.71990934385212, "power_cost": 31.15181823730469, "noise_cost": 92.57373791019192, "n_waypoints_completed": 0, "tot_waypoints": 9}}
{"target": -21184.19568974027, "params": {"k_pid_pos": [2.0, 0.0, 0.0], "k_pid_alt": [0.20138287544250488, 0.07124218344688416, 1.0], "k_pid_att": [0.0, 10.0, 1.0], "k_pid_yaw": [0.5, 1e-06, 0.1], "k_pid_hsp": [0.18902039527893066, 0.9410409927368164, 0.9170050621032715], "k_pid_vsp": [0.0, 392.0848083496094, 382.4918212890625]}, "datetime": {"datetime": "2025-08-21 12:43:42", "elapsed": 14338.702678203583, "delta": 22.600860357284546}, "costs": {"total_cost": 21184.19568974027, "time_cost": 150, "final_distance_cost": 6861.937342948019, "oscillation_cost": 1833.7488832531055, "completition_cost": 1000.0, "overshoot_cost": 11200.79339316499, "power_cost": 34.64867177734375, "noise_cost": 103.06739859680941, "n_waypoints_completed": 0, "tot_waypoints": 9}}
{"target": -15110.380025116281, "params": {"k_pid_pos": [2.0, 0.010856062173843384, 0.01699531078338623], "k_pid_alt": [0.04013115167617798, 0.0, 1.0], "k_pid_att": [0.0, 9.755768775939941, 0.8701108694076538], "k_pid_yaw": [0.5, 1e-06, 0.1], "k_pid_hsp": [0.4505563974380493, 1.0, 0.964064359664917], "k_pid_vsp": [3.080284595489502, 397.456787109375, 400.0]}, "datetime": {"datetime": "2025-08-21 12:44:05", "elapsed": 14361.66164445877, "delta": 22.95896625518799}, "costs": {"total_cost": 15110.380025116281, "time_cost": 150, "final_distance_cost": 4036.6641266171428, "oscillation_cost": 1846.4751517740824, "completition_cost": 1000.0, "overshoot_cost": 7942.814819163052, "power_cost": 33.49812351074219, "noise_cost": 100.92780405126216, "n_waypoints_completed": 0, "tot_waypoints": 9}}
{"target": -6432.048116120821, "params": {"k_pid_pos": [1.8271511793136597, 0.0, 0.0], "k_pid_alt": [0.0, 0.0, 1.0], "k_pid_att": [0.0, 9.764801979064941, 0.9086472988128662], "k_pid_yaw": [0.5, 1e-06, 0.1], "k_pid_hsp": [0.06346119195222855, 0.9656045436859131, 1.0], "k_pid_vsp": [2.2120237350463867, 366.9928283691406, 400.0]}, "datetime": {"datetime": "2025-08-21 12:44:28", "elapsed": 14384.615645885468, "delta": 22.954001426696777}, "costs": {"total_cost": 6432.048116120821, "time_cost": 150, "final_distance_cost": 1423.2194231644335, "oscillation_cost": 2145.139381176334, "completition_cost": 1000.0, "overshoot_cost": 1596.7264415853435, "power_cost": 26.630879711914062, "noise_cost": 90.33199048279701, "n_waypoints_completed": 0, "tot_waypoints": 9}}
{"target": -1744.0832244884255, "params": {"k_pid_pos": [2.0, 0.0, 0.008850008249282837], "k_pid_alt": [0.0, 0.0, 0.9931637048721313], "k_pid_att": [3.9620041847229004, 10.0, 1.0], "k_pid_yaw": [0.5, 1e-06, 0.1], "k_pid_hsp": [9.999999747378752e-05, 1.0, 0.9773156046867371], "k_pid_vsp": [21.007465362548828, 400.0, 394.45477294921875]}, "datetime": {"datetime": "2025-08-21 12:44:51", "elapsed": 14408.033970117569, "delta": 23.41832423210144}, "costs": {"total_cost": 1744.0832244884255, "time_cost": 150, "final_distance_cost": 98.96663683257346, "oscillation_cost": 288.36222445561685, "completition_cost": 1000.0, "overshoot_cost": 145.52053069482878, "power_cost": 15.095459033203126, "noise_cost": 46.13837347220345, "n_waypoints_completed": 0, "tot_waypoints": 9}}
{"target": -10243.197420069033, "params": {"k_pid_pos": [1.7657963037490845, 0.0, 0.0], "k_pid_alt": [0.12833309173583984, 0.0, 0.9673677086830139], "k_pid_att": [0.0, 10.0, 1.0], "k_pid_yaw": [0.5, 1e-06, 0.1], "k_pid_hsp": [0.35254380106925964, 1.0, 0.9948367476463318], "k_pid_vsp": [0.0, 400.0, 400.0]}, "datetime": {"datetime": "2025-08-21 12:45:14", "elapsed": 14430.752650976181, "delta": 22.71868085861206}, "costs": {"total_cost": 10243.197420069033, "time_cost": 150, "final_distance_cost": 1015.1129294889022, "oscillation_cost": 2272.2042110083767, "completition_cost": 1000.0, "overshoot_cost": 5665.432161836582, "power_cost": 35.563646520996095, "noise_cost": 104.88447121417664, "n_waypoints_completed": 0, "tot_waypoints": 9}}
{"target": -1925.3967369359218, "params": {"k_pid_pos": [2.0, 0.0, 0.030059635639190674], "k_pid_alt": [0.008313477039337158, 0.0, 1.0], "k_pid_att": [2.1048455238342285, 10.0, 0.9643494486808777], "k_pid_yaw": [0.5, 1e-06, 0.1], "k_pid_hsp": [0.6371927857398987, 1.0, 1.0], "k_pid_vsp": [9.892379760742188, 400.0, 400.0]}, "datetime": {"datetime": "2025-08-21 12:45:37", "elapsed": 14453.939867258072, "delta": 23.18721628189087}, "costs": {"total_cost": 1925.3967369359218, "time_cost": 150, "final_distance_cost": 25.614245682911324, "oscillation_cost": 433.8949048237462, "completition_cost": 1000.0, "overshoot_cost": 207.3061433195606, "power_cost": 27.28072468261719, "noise_cost": 81.30071842708666, "n_waypoints_completed": 0, "tot_waypoints": 9}}
{"target": -1686.4950352879605, "params": {"k_pid_pos": [2.0, 0.03208184242248535, 0.053546786308288574], "k_pid_alt": [0.0, 0.0, 0.9696148633956909], "k_pid_att": [3.7554054260253906, 9.783086776733398, 1.0], "k_pid_yaw": [0.5, 1e-06, 0.1], "k_pid_hsp": [9.999999747378752e-05, 1.0, 0.9341839551925659], "k_pid_vsp": [0.0, 400.0, 368.7782897949219]}, "datetime": {"datetime": "2025-08-21 12:46:00", "elapsed": 14477.189016103745, "delta": 23.249148845672607}, "costs": {"total_cost": 1686.4950352879605, "time_cost": 150, "final_distance_cost": 21.64544631001671, "oscillation_cost": 297.4723412824088, "completition_cost": 1000.0, "overshoot_cost": 143.6563094183337, "power_cost": 22.31582568359375, "noise_cost": 51.4051125936075, "n_waypoints_completed": 0, "tot_waypoints": 9}}
{"target": -4194.067139748256, "params": {"k_pid_pos": [1.9504952430725098, 0.0, 0.06046867370605469], "k_pid_alt": [0.14551591873168945, 0.0, 0.9663670063018799], "k_pid_att": [0.0, 9.855777740478516, 1.0], "k_pid_yaw": [0.5, 1e-06, 0.1], "k_pid_hsp": [9.999999747378752e-05, 1.0, 1.0], "k_pid_vsp": [14.812588691711426, 400.0, 400.0]}, "datetime": {"datetime": "2025-08-21 12:46:24", "elapsed": 14500.877898216248, "delta": 23.68888211250305}, "costs": {"total_cost": 4194.067139748256, "time_cost": 150, "final_distance_cost": 438.8908995730697, "oscillation_cost": 1454.968340864247, "completition_cost": 1000.0, "overshoot_cost": 1022.1627981722683, "power_cost": 31.782045642089845, "noise_cost": 96.26305549658049, "n_waypoints_completed": 0, "tot_waypoints": 9}}
{"target": -1620.7913929131007, "params": {"k_pid_pos": [2.0, 0.0, 0.0], "k_pid_alt": [0.09531581401824951, 0.06170254945755005, 1.0], "k_pid_att": [5.178186416625977, 10.0, 0.9971261024475098], "k_pid_yaw": [0.5, 1e-06, 0.1], "k_pid_hsp": [9.999999747378752e-05, 1.0, 0.9680707454681396], "k_pid_vsp": [6.8421125411987305, 391.48651123046875, 392.23480224609375]}, "datetime": {"datetime": "2025-08-21 12:46:47", "elapsed": 14523.683547258377, "delta": 22.805649042129517}, "costs": {"total_cost": 1620.7913929131007, "time_cost": 150, "final_distance_cost": 31.20066141525366, "oscillation_cost": 238.38801269278017, "completition_cost": 1000.0, "overshoot_cost": 150.79232283139245, "power_cost": 21.751752429199218, "noise_cost": 28.658643544474828, "n_waypoints_completed": 0, "tot_waypoints": 9}}
{"target": -1891.7426382625451, "params": {"k_pid_pos": [2.0, 0.05807963013648987, 0.0], "k_pid_alt": [0.009411513805389404, 0.0263766348361969, 1.0], "k_pid_att": [3.603991985321045, 9.343932151794434, 0.9287949800491333], "k_pid_yaw": [0.5, 1e-06, 0.1], "k_pid_hsp": [9.999999747378752e-05, 1.0, 0.8998512029647827], "k_pid_vsp": [27.30953598022461, 400.0, 400.0]}, "datetime": {"datetime": "2025-08-21 12:47:10", "elapsed": 14546.582309007645, "delta": 22.898761749267578}, "costs": {"total_cost": 1891.7426382625451, "time_cost": 150, "final_distance_cost": 142.07398820916868, "oscillation_cost": 247.26395350120615, "completition_cost": 1000.0, "overshoot_cost": 285.3080247573903, "power_cost": 21.36077564697266, "noise_cost": 45.735896147807686, "n_waypoints_completed": 0, "tot_waypoints": 9}}
{"target": -2328.8208491584255, "params": {"k_pid_pos": [1.921312928199768, 0.0, 0.0], "k_pid_alt": [0.0, 0.0, 1.0], "k_pid_att": [3.781461715698242, 10.0, 0.9754072427749634], "k_pid_yaw": [0.5, 1e-06, 0.1], "k_pid_hsp": [9.999999747378752e-05, 1.0, 1.0], "k_pid_vsp": [0.0, 400.0, 400.0]}, "datetime": {"datetime": "2025-08-21 12:47:32", "elapsed": 14569.41443657875, "delta": 22.832127571105957}, "costs": {"total_cost": 2328.8208491584255, "time_cost": 150, "final_distance_cost": 469.8621766668136, "oscillation_cost": 213.67297727000667, "completition_cost": 1000.0, "overshoot_cost": 441.6761031486395, "power_cost": 15.413216015625, "noise_cost": 38.19637605734089, "n_waypoints_completed": 0, "tot_waypoints": 9}}
{"target": -6718.820160591009, "params": {"k_pid_pos": [1.9265228509902954, 0.0, 0.0], "k_pid_alt": [0.11173081398010254, 0.019067883491516113, 0.9516381025314331], "k_pid_att": [0.0, 10.0, 1.0], "k_pid_yaw": [0.5, 1e-06, 0.1], "k_pid_hsp": [9.999999747378752e-05, 1.0, 0.9674476981163025], "k_pid_vsp": [0.0, 383.1490173339844, 400.0]}, "datetime": {"datetime": "2025-08-21 12:47:56", "elapsed": 14592.579897165298, "delta": 23.16546058654785}, "costs": {"total_cost": 6718.820160591009, "time_cost": 150, "final_distance_cost": 1015.6745061711258, "oscillation_cost": 1744.0659974778657, "completition_cost": 1000.0, "overshoot_cost": 2677.4281560033514, "power_cost": 32.80617882080078, "noise_cost": 98.84532211786536, "n_waypoints_completed": 0, "tot_waypoints": 9}}
{"target": -2075.6061905735373, "params": {"k_pid_pos": [1.926613211631775, 0.11832568049430847, 0.035765647888183594], "k_pid_alt": [0.0, 0.0474415123462677, 1.0], "k_pid_att": [1.3486385345458984, 10.0, 1.0], "k_pid_yaw": [0.5, 1e-06, 0.1], "k_pid_hsp": [9.999999747378752e-05, 0.9890440702438354, 0.9468817114830017], "k_pid_vsp": [0.0, 337.2881774902344, 394.10498046875]}, "datetime": {"datetime": "2025-08-21 12:48:19", "elapsed": 14615.957110404968, "delta": 23.3772132396698}, "costs": {"total_cost": 2075.6061905735373, "time_cost": 150, "final_distance_cost": 13.751747648874266, "oscillation_cost": 630.8178433079629, "completition_cost": 1000.0, "overshoot_cost": 158.35264381409985, "power_cost": 30.724738598632815, "noise_cost": 91.95921720396785, "n_waypoints_completed": 0, "tot_waypoints": 9}}
{"target": -6376.558357794342, "params": {"k_pid_pos": [1.8738058805465698, 0.0, 0.0067827701568603516], "k_pid_alt": [0.0031551122665405273, 0.0, 0.998993992805481], "k_pid_att": [0.0, 10.0, 1.0], "k_pid_yaw": [0.5, 1e-06, 0.1], "k_pid_hsp": [0.029428767040371895, 0.9946173429489136, 1.0], "k_pid_vsp": [0.0, 392.82952880859375, 389.7011413574219]}, "datetime": {"datetime": "2025-08-21 12:48:42", "elapsed": 14639.06570315361, "delta": 23.108592748641968}, "costs": {"total_cost": 6376.558357794342, "time_cost": 150, "final_distance_cost": 1322.4254013189316, "oscillation_cost": 2096.1609016299954, "completition_cost": 1000.0, "overshoot_cost": 1675.3609173642317, "power_cost": 32.950860070800786, "noise_cost": 99.66027741038339, "n_waypoints_completed": 0, "tot_waypoints": 9}}
{"target": -15162.553270053579, "params": {"k_pid_pos": [2.0, 0.0012493133544921875, 0.0], "k_pid_alt": [0.2178792953491211, 0.1095636785030365, 0.9986220598220825], "k_pid_att": [0.0, 10.0, 0.9763695001602173], "k_pid_yaw": [0.5, 1e-06, 0.1], "k_pid_hsp": [0.3432762622833252, 0.948933482170105, 1.0], "k_pid_vsp": [6.692624092102051, 400.0, 378.6965026855469]}, "datetime": {"datetime": "2025-08-21 12:49:05", "elapsed": 14662.258548021317, "delta": 23.1928448677063}, "costs": {"total_cost": 15162.553270053579, "time_cost": 150, "final_distance_cost": 5064.091970729754, "oscillation_cost": 2091.392187862091, "completition_cost": 1000.0, "overshoot_cost": 6718.695859478804, "power_cost": 34.87606849365235, "noise_cost": 103.497183489278, "n_waypoints_completed": 0, "tot_waypoints": 9}}
{"target": -14342.264639669374, "params": {"k_pid_pos": [1.8547399044036865, 0.0, 0.01064339280128479], "k_pid_alt": [0.0, 0.13340049982070923, 0.9609593152999878], "k_pid_att": [0.0, 10.0, 0.9388126134872437], "k_pid_yaw": [0.5, 1e-06, 0.1], "k_pid_hsp": [0.2306937575340271, 0.935592770576477, 1.0], "k_pid_vsp": [5.908596515655518, 400.0, 382.21209716796875]}, "datetime": {"datetime": "2025-08-21 12:49:28", "elapsed": 14685.300467252731, "delta": 23.041919231414795}, "costs": {"total_cost": 14342.264639669374, "time_cost": 150, "final_distance_cost": 5233.8726289409815, "oscillation_cost": 1175.6096468522417, "completition_cost": 1000.0, "overshoot_cost": 6649.693477464015, "power_cost": 33.304209228515624, "noise_cost": 99.78467718362045, "n_waypoints_completed": 0, "tot_waypoints": 9}}
