{"target": -3893.294463569829, "params": {"k_pid_pos": [1.9473042488098145, 0.02150610089302063, 0.07535454630851746], "k_pid_alt": [0.0, 0.07356590032577515, 0.9637771248817444], "k_pid_att": [7.133942604064941, 10.0, 0.922150194644928], "k_pid_yaw": [0.5, 1e-06, 0.1], "k_pid_hsp": [0.5399991273880005, 1.0, 1.0], "k_pid_vsp": [21.74820899963379, 400.0, 392.36602783203125]}, "datetime": {"datetime": "2025-08-21 10:52:56", "elapsed": 7692.685036420822, "delta": 22.98496103286743}, "costs": {"total_cost": 3893.294463569829, "time_cost": 150, "final_distance_cost": 1063.488184008819, "oscillation_cost": 219.2525063364135, "completition_cost": 1000.0, "overshoot_cost": 1426.2338908019208, "power_cost": 18.89244742431641, "noise_cost": 15.4274349983599, "n_waypoints_completed": 0, "tot_waypoints": 9}}
{"target": -4011.0560854680457, "params": {"k_pid_pos": [1.9088279008865356, 0.0, 0.0], "k_pid_alt": [0.07307851314544678, 0.08377009630203247, 0.998870849609375], "k_pid_att": [6.563317775726318, 9.944466590881348, 1.0], "k_pid_yaw": [0.5, 1e-06, 0.1], "k_pid_hsp": [0.41630253195762634, 0.9981222152709961, 1.0], "k_pid_vsp": [0.0, 400.0, 389.40435791015625]}, "datetime": {"datetime": "2025-08-21 10:53:20", "elapsed": 7716.619293212891, "delta": 23.93425679206848}, "costs": {"total_cost": 4011.0560854680457, "time_cost": 150, "final_distance_cost": 1097.0197441371809, "oscillation_cost": 281.2728904272797, "completition_cost": 1000.0, "overshoot_cost": 1443.2714768696512, "power_cost": 20.113143395996094, "noise_cost": 19.378830637937927, "n_waypoints_completed": 0, "tot_waypoints": 9}}
{"target": -2372.041260586023, "params": {"k_pid_pos": [2.0, 0.0, 0.0], "k_pid_alt": [0.14962005615234375, 0.03949090838432312, 0.9356626868247986], "k_pid_att": [5.543083190917969, 9.896117210388184, 1.0], "k_pid_yaw": [0.5, 1e-06, 0.1], "k_pid_hsp": [9.999999747378752e-05, 1.0, 0.9566843509674072], "k_pid_vsp": [25.76825714111328, 391.77484130859375, 393.7103271484375]}, "datetime": {"datetime": "2025-08-21 10:53:43", "elapsed": 7739.770408153534, "delta": 23.15111494064331}, "costs": {"total_cost": 2372.041260586023, "time_cost": 150, "final_distance_cost": 432.83863286881484, "oscillation_cost": 184.9640819234097, "completition_cost": 1000.0, "overshoot_cost": 567.9611578038785, "power_cost": 19.487215539550782, "noise_cost": 16.790172450369305, "n_waypoints_completed": 0, "tot_waypoints": 9}}
{"target": -5415.114958737129, "params": {"k_pid_pos": [2.0, 0.0, 0.03122594952583313], "k_pid_alt": [0.2345321774482727, 0.043792665004730225, 0.9923828840255737], "k_pid_att": [5.695408821105957, 10.0, 1.0], "k_pid_yaw": [0.5, 1e-06, 0.1], "k_pid_hsp": [0.36643660068511963, 0.8635253310203552, 1.0], "k_pid_vsp": [0.0, 400.0, 374.521484375]}, "datetime": {"datetime": "2025-08-21 10:54:06", "elapsed": 7763.154874563217, "delta": 23.384466409683228}, "costs": {"total_cost": 5415.114958737129, "time_cost": 150, "final_distance_cost": 1528.0377670517407, "oscillation_cost": 239.232602719051, "completition_cost": 1000.0, "overshoot_cost": 2457.3473952251493, "power_cost": 22.685839367675783, "noise_cost": 17.81135437351252, "n_waypoints_completed": 0, "tot_waypoints": 9}}
{"target": -8155.563392106143, "params": {"k_pid_pos": [2.0, 0.04353472590446472, 0.03338634967803955], "k_pid_alt": [0.04614293575286865, 0.0, 1.0], "k_pid_att": [0.0, 9.941564559936523, 1.0], "k_pid_yaw": [0.5, 1e-06, 0.1], "k_pid_hsp": [9.999999747378752e-05, 1.0, 0.9364980459213257], "k_pid_vsp": [23.64748764038086, 395.95489501953125, 368.89886474609375]}, "datetime": {"datetime": "2025-08-21 10:54:30", "elapsed": 7787.102286577225, "delta": 23.94741201400757}, "costs": {"total_cost": 8155.563392106143, "time_cost": 150, "final_distance_cost": 1958.9353123042124, "oscillation_cost": 951.2110314718242, "completition_cost": 1000.0, "overshoot_cost": 3962.8418675073044, "power_cost": 33.46016513671875, "noise_cost": 99.1150156860834, "n_waypoints_completed": 0, "tot_waypoints": 9}}
{"target": -5538.167116005283, "params": {"k_pid_pos": [1.9881902933120728, 0.024916380643844604, 0.051069945096969604], "k_pid_alt": [0.0, 0.0, 0.9273316264152527], "k_pid_att": [0.0, 10.0, 0.9012372493743896], "k_pid_yaw": [0.5, 1e-06, 0.1], "k_pid_hsp": [9.999999747378752e-05, 1.0, 0.9639755487442017], "k_pid_vsp": [6.38662576675415, 373.5343017578125, 379.4816589355469]}, "datetime": {"datetime": "2025-08-21 10:54:53", "elapsed": 7809.757336616516, "delta": 22.655050039291382}, "costs": {"total_cost": 5538.167116005283, "time_cost": 150, "final_distance_cost": 1225.8484041036415, "oscillation_cost": 2022.5713079716643, "completition_cost": 1000.0, "overshoot_cost": 1021.5616812833014, "power_cost": 27.119692553710937, "noise_cost": 91.0660300929649, "n_waypoints_completed": 0, "tot_waypoints": 9}}
{"target": -11435.051482008645, "params": {"k_pid_pos": [2.0, 0.016750097274780273, 0.009140491485595703], "k_pid_alt": [0.17069947719573975, 0.09989506006240845, 1.0], "k_pid_att": [0.0, 9.145647048950195, 1.0], "k_pid_yaw": [0.5, 1e-06, 0.1], "k_pid_hsp": [0.2926521599292755, 1.0, 1.0], "k_pid_vsp": [9.797775268554688, 392.2762451171875, 400.0]}, "datetime": {"datetime": "2025-08-21 10:55:17", "elapsed": 7834.17898774147, "delta": 24.421651124954224}, "costs": {"total_cost": 11435.051482008645, "time_cost": 150, "final_distance_cost": 2806.5493328355806, "oscillation_cost": 2151.553496479985, "completition_cost": 1000.0, "overshoot_cost": 5191.610993435324, "power_cost": 34.06431516113281, "noise_cost": 101.27334409662305, "n_waypoints_completed": 0, "tot_waypoints": 9}}
{"target": -16534.76185417375, "params": {"k_pid_pos": [1.7878528833389282, 0.008581280708312988, 0.0], "k_pid_alt": [0.06867921352386475, 0.0032292306423187256, 1.0], "k_pid_att": [0.0, 9.13952350616455, 0.9606277942657471], "k_pid_yaw": [0.5, 1e-06, 0.1], "k_pid_hsp": [0.1899716705083847, 0.8736258745193481, 0.9263603687286377], "k_pid_vsp": [9.535765647888184, 400.0, 400.0]}, "datetime": {"datetime": "2025-08-21 10:55:40", "elapsed": 7856.922117948532, "delta": 22.743130207061768}, "costs": {"total_cost": 16534.76185417375, "time_cost": 150, "final_distance_cost": 5252.230499121766, "oscillation_cost": 2220.423008512851, "completition_cost": 1000.0, "overshoot_cost": 7778.511144041361, "power_cost": 33.44344996337891, "noise_cost": 100.15375253439235, "n_waypoints_completed": 0, "tot_waypoints": 9}}
{"target": -2153.0264626610647, "params": {"k_pid_pos": [1.9215320348739624, 0.03926774859428406, 0.055016785860061646], "k_pid_alt": [0.08964067697525024, 0.0, 0.8812460899353027], "k_pid_att": [1.2621760368347168, 10.0, 0.9327607154846191], "k_pid_yaw": [0.5, 1e-06, 0.1], "k_pid_hsp": [0.30860039591789246, 1.0, 0.9913786053657532], "k_pid_vsp": [27.036392211914062, 400.0, 400.0]}, "datetime": {"datetime": "2025-08-21 10:56:03", "elapsed": 7880.089406967163, "delta": 23.16728901863098}, "costs": {"total_cost": 2153.0264626610647, "time_cost": 150, "final_distance_cost": 29.1716876426272, "oscillation_cost": 665.3160883065497, "completition_cost": 1000.0, "overshoot_cost": 184.77615356013922, "power_cost": 30.99913369140625, "noise_cost": 92.76339946034236, "n_waypoints_completed": 0, "tot_waypoints": 9}}
{"target": -8058.5515455127515, "params": {"k_pid_pos": [1.9872347116470337, 0.0, 0.0], "k_pid_alt": [0.0, 0.007321447134017944, 1.0], "k_pid_att": [0.0, 10.0, 0.9909282922744751], "k_pid_yaw": [0.5, 1e-06, 0.1], "k_pid_hsp": [0.3099540174007416, 0.9339391589164734, 0.9011629819869995], "k_pid_vsp": [0.0, 390.9247741699219, 400.0]}, "datetime": {"datetime": "2025-08-21 10:56:26", "elapsed": 7903.155229568481, "delta": 23.06582260131836}, "costs": {"total_cost": 8058.5515455127515, "time_cost": 150, "final_distance_cost": 1592.4675577572607, "oscillation_cost": 2114.6389380311307, "completition_cost": 1000.0, "overshoot_cost": 3063.3326382477803, "power_cost": 34.83744130859375, "noise_cost": 103.27497016798534, "n_waypoints_completed": 0, "tot_waypoints": 9}}
{"target": -2248.2497067567265, "params": {"k_pid_pos": [1.888717770576477, 0.021353304386138916, 0.0], "k_pid_alt": [0.014571428298950195, 0.0, 1.0], "k_pid_att": [1.6092360019683838, 10.0, 1.0], "k_pid_yaw": [0.5, 1e-06, 0.1], "k_pid_hsp": [9.999999747378752e-05, 0.9481625556945801, 0.9035230875015259], "k_pid_vsp": [0.0, 400.0, 368.9761047363281]}, "datetime": {"datetime": "2025-08-21 10:56:49", "elapsed": 7926.112758398056, "delta": 22.957528829574585}, "costs": {"total_cost": 2248.2497067567265, "time_cost": 150, "final_distance_cost": 87.2999566336925, "oscillation_cost": 560.5838206036678, "completition_cost": 1000.0, "overshoot_cost": 329.1322962848904, "power_cost": 30.28632303466797, "noise_cost": 90.94731019980782, "n_waypoints_completed": 0, "tot_waypoints": 9}}
{"target": -3311.336800898567, "params": {"k_pid_pos": [2.0, 0.0, 0.0], "k_pid_alt": [0.04570662975311279, 0.04243886470794678, 0.943549394607544], "k_pid_att": [4.371082782745361, 9.47972583770752, 0.9639960527420044], "k_pid_yaw": [0.5, 1e-06, 0.1], "k_pid_hsp": [9.999999747378752e-05, 1.0, 1.0], "k_pid_vsp": [0.0, 400.0, 385.5166015625]}, "datetime": {"datetime": "2025-08-21 10:57:12", "elapsed": 7948.991909980774, "delta": 22.879151582717896}, "costs": {"total_cost": 3311.336800898567, "time_cost": 150, "final_distance_cost": 820.9779347352066, "oscillation_cost": 208.93035035546833, "completition_cost": 1000.0, "overshoot_cost": 1088.682838290124, "power_cost": 21.232500415039063, "noise_cost": 21.51317710272887, "n_waypoints_completed": 0, "tot_waypoints": 9}}
{"target": -8268.535829054861, "params": {"k_pid_pos": [2.0, 0.03380167484283447, 0.029027938842773438], "k_pid_alt": [0.06892848014831543, 0.0, 0.9830660820007324], "k_pid_att": [0.0, 10.0, 0.9742341637611389], "k_pid_yaw": [0.5, 1e-06, 0.1], "k_pid_hsp": [9.999999747378752e-05, 1.0, 0.9386163949966431], "k_pid_vsp": [0.0, 384.4054260253906, 380.4704284667969]}, "datetime": {"datetime": "2025-08-21 10:57:35", "elapsed": 7971.952823162079, "delta": 22.96091318130493}, "costs": {"total_cost": 8268.535829054861, "time_cost": 150, "final_distance_cost": 1840.8911379474353, "oscillation_cost": 972.645141220099, "completition_cost": 1000.0, "overshoot_cost": 4175.75768300004, "power_cost": 32.350606188964846, "noise_cost": 96.89126069832129, "n_waypoints_completed": 0, "tot_waypoints": 9}}
{"target": -20411.94062743404, "params": {"k_pid_pos": [1.9781819581985474, 0.0, 0.007404953241348267], "k_pid_alt": [0.0365673303604126, 0.007209271192550659, 1.0], "k_pid_att": [0.0, 9.239716529846191, 1.0], "k_pid_yaw": [0.5, 1e-06, 0.1], "k_pid_hsp": [9.999999747378752e-05, 1.0, 1.0], "k_pid_vsp": [0.0, 359.69732666015625, 400.0]}, "datetime": {"datetime": "2025-08-21 10:57:58", "elapsed": 7994.815360546112, "delta": 22.862537384033203}, "costs": {"total_cost": 20411.94062743404, "time_cost": 150, "final_distance_cost": 6564.82948558649, "oscillation_cost": 1866.2156725441225, "completition_cost": 1000.0, "overshoot_cost": 10697.776590459116, "power_cost": 33.35147099609375, "noise_cost": 99.767407848221, "n_waypoints_completed": 0, "tot_waypoints": 9}}
{"target": -2445.8983142625893, "params": {"k_pid_pos": [1.9987186193466187, 0.0, 0.0], "k_pid_alt": [0.06737643480300903, 0.022075414657592773, 0.9601245522499084], "k_pid_att": [0.5010902881622314, 9.99475383758545, 1.0], "k_pid_yaw": [0.5, 1e-06, 0.1], "k_pid_hsp": [9.999999747378752e-05, 1.0, 0.9804312586784363], "k_pid_vsp": [14.414751052856445, 379.9440612792969, 400.0]}, "datetime": {"datetime": "2025-08-21 10:58:21", "elapsed": 8018.068340778351, "delta": 23.25298023223877}, "costs": {"total_cost": 2445.8983142625893, "time_cost": 150, "final_distance_cost": 59.07058261284648, "oscillation_cost": 921.9255099411885, "completition_cost": 1000.0, "overshoot_cost": 191.74752575684877, "power_cost": 30.68245975341797, "noise_cost": 92.4722361982876, "n_waypoints_completed": 0, "tot_waypoints": 9}}
{"target": -1721.1746008393043, "params": {"k_pid_pos": [2.0, 0.0, 0.023964673280715942], "k_pid_alt": [0.04681450128555298, 0.0918322503566742, 0.9851855039596558], "k_pid_att": [10.449743270874023, 10.0, 0.9689644575119019], "k_pid_yaw": [0.5, 1e-06, 0.1], "k_pid_hsp": [0.00501286331564188, 0.9388235807418823, 1.0], "k_pid_vsp": [0.0, 400.0, 395.94964599609375]}, "datetime": {"datetime": "2025-08-21 10:58:44", "elapsed": 8040.864859342575, "delta": 22.796518564224243}, "costs": {"total_cost": 1721.1746008393043, "time_cost": 150, "final_distance_cost": 6.222688987926289, "oscillation_cost": 342.6534111684947, "completition_cost": 1000.0, "overshoot_cost": 139.5297295292994, "power_cost": 20.0855607421875, "noise_cost": 62.68321041139641, "n_waypoints_completed": 0, "tot_waypoints": 9}}
{"target": -1747.1824950214725, "params": {"k_pid_pos": [1.996903896331787, 0.04521071910858154, 0.033438414335250854], "k_pid_alt": [0.0, 0.0, 1.0], "k_pid_att": [3.523090362548828, 9.39913272857666, 1.0], "k_pid_yaw": [0.5, 1e-06, 0.1], "k_pid_hsp": [9.999999747378752e-05, 1.0, 1.0], "k_pid_vsp": [0.0, 400.0, 400.0]}, "datetime": {"datetime": "2025-08-21 10:59:07", "elapsed": 8064.064588546753, "delta": 23.199729204177856}, "costs": {"total_cost": 1747.1824950214725, "time_cost": 150, "final_distance_cost": 19.695533172177694, "oscillation_cost": 277.83379752675074, "completition_cost": 1000.0, "overshoot_cost": 235.84168776421095, "power_cost": 19.26738698730469, "noise_cost": 44.544089571028465, "n_waypoints_completed": 0, "tot_waypoints": 9}}
{"target": -4400.093936247256, "params": {"k_pid_pos": [2.0, 0.03555780649185181, 0.10231590270996094], "k_pid_alt": [0.001671433448791504, 0.07161009311676025, 0.9652049541473389], "k_pid_att": [0.0, 9.7061128616333, 1.0], "k_pid_yaw": [0.5, 1e-06, 0.1], "k_pid_hsp": [0.12975460290908813, 0.9621873497962952, 0.9131125211715698], "k_pid_vsp": [0.0, 382.967041015625, 371.5471496582031]}, "datetime": {"datetime": "2025-08-21 10:59:31", "elapsed": 8087.610987186432, "delta": 23.546398639678955}, "costs": {"total_cost": 4400.093936247256, "time_cost": 150, "final_distance_cost": 474.4730438456356, "oscillation_cost": 2021.1069917425764, "completition_cost": 1000.0, "overshoot_cost": 625.6693700930869, "power_cost": 31.80900203857422, "noise_cost": 97.03552852738231, "n_waypoints_completed": 0, "tot_waypoints": 9}}
{"target": -4786.845899327356, "params": {"k_pid_pos": [2.0, 0.0, 0.03984329104423523], "k_pid_alt": [0.12393081188201904, 0.0, 0.879057765007019], "k_pid_att": [0.0, 9.504304885864258, 1.0], "k_pid_yaw": [0.5, 1e-06, 0.1], "k_pid_hsp": [9.999999747378752e-05, 1.0, 0.9996241927146912], "k_pid_vsp": [4.866278171539307, 396.6781005859375, 390.40435791015625]}, "datetime": {"datetime": "2025-08-21 10:59:54", "elapsed": 8111.085133314133, "delta": 23.474146127700806}, "costs": {"total_cost": 4786.845899327356, "time_cost": 150, "final_distance_cost": 713.6171870950401, "oscillation_cost": 911.0842512634465, "completition_cost": 1000.0, "overshoot_cost": 1884.271215849856, "power_cost": 31.94690555419922, "noise_cost": 95.92633956481394, "n_waypoints_completed": 0, "tot_waypoints": 9}}
{"target": -6809.23644914537, "params": {"k_pid_pos": [1.8622651100158691, 0.06487506628036499, 0.0], "k_pid_alt": [0.0, 0.0, 1.0], "k_pid_att": [0.0, 9.452183723449707, 1.0], "k_pid_yaw": [0.5, 1e-06, 0.1], "k_pid_hsp": [1.3926607370376587, 1.0, 0.9452789425849915], "k_pid_vsp": [0.0, 400.0, 400.0]}, "datetime": {"datetime": "2025-08-21 11:00:17", "elapsed": 8133.868500709534, "delta": 22.783367395401}, "costs": {"total_cost": 6809.23644914537, "time_cost": 150, "final_distance_cost": 1944.8603262181857, "oscillation_cost": 1702.7093290359333, "completition_cost": 1000.0, "overshoot_cost": 1896.434344615966, "power_cost": 26.582275463867187, "noise_cost": 88.65017381141753, "n_waypoints_completed": 0, "tot_waypoints": 9}}
{"target": -1648.6643451784885, "params": {"k_pid_pos": [1.9120171070098877, 0.07652446627616882, 0.0], "k_pid_alt": [0.0, 0.03108111023902893, 0.9955069422721863], "k_pid_att": [6.180176258087158, 9.651957511901855, 0.9759129285812378], "k_pid_yaw": [0.5, 1e-06, 0.1], "k_pid_hsp": [0.28686997294425964, 0.9493198394775391, 0.9060915112495422], "k_pid_vsp": [18.725181579589844, 399.4825744628906, 400.0]}, "datetime": {"datetime": "2025-08-21 11:00:40", "elapsed": 8156.65701174736, "delta": 22.788511037826538}, "costs": {"total_cost": 1648.6643451784885, "time_cost": 150, "final_distance_cost": 12.19451477175628, "oscillation_cost": 261.0540711636053, "completition_cost": 1000.0, "overshoot_cost": 164.1519072698274, "power_cost": 23.52273173828125, "noise_cost": 37.741120235018315, "n_waypoints_completed": 0, "tot_waypoints": 9}}
{"target": -1714.7006403194807, "params": {"k_pid_pos": [1.9690474271774292, 0.0, 0.0], "k_pid_alt": [0.0, 0.0, 0.9845541715621948], "k_pid_att": [5.312582969665527, 9.950050354003906, 1.0], "k_pid_yaw": [0.5, 1e-06, 0.1], "k_pid_hsp": [0.28316497802734375, 1.0, 0.9370955228805542], "k_pid_vsp": [0.0, 381.8224792480469, 400.0]}, "datetime": {"datetime": "2025-08-21 11:01:03", "elapsed": 8179.734751939774, "delta": 23.07774019241333}, "costs": {"total_cost": 1714.7006403194807, "time_cost": 150, "final_distance_cost": 14.24596201929424, "oscillation_cost": 267.28096890110675, "completition_cost": 1000.0, "overshoot_cost": 238.18960418448705, "power_cost": 20.60355743408203, "noise_cost": 24.38054778051081, "n_waypoints_completed": 0, "tot_waypoints": 9}}
{"target": -10406.737395474496, "params": {"k_pid_pos": [1.990236759185791, 0.0, 0.08942165970802307], "k_pid_alt": [0.20814728736877441, 0.0, 1.0], "k_pid_att": [0.0, 10.0, 0.9286967515945435], "k_pid_yaw": [0.5, 1e-06, 0.1], "k_pid_hsp": [0.5135537385940552, 0.926302433013916, 1.0], "k_pid_vsp": [0.0, 385.3606262207031, 368.1292419433594]}, "datetime": {"datetime": "2025-08-21 11:01:26", "elapsed": 8202.521445035934, "delta": 22.78669309616089}, "costs": {"total_cost": 10406.737395474496, "time_cost": 150, "final_distance_cost": 3328.375767591537, "oscillation_cost": 2129.706069159748, "completition_cost": 1000.0, "overshoot_cost": 3660.629016545431, "power_cost": 34.880831286621095, "noise_cost": 103.14571089115807, "n_waypoints_completed": 0, "tot_waypoints": 9}}
{"target": -5099.532616452946, "params": {"k_pid_pos": [2.0, 0.0, 0.0], "k_pid_alt": [0.0, 0.0, 1.0], "k_pid_att": [0.0, 10.0, 0.9281229972839355], "k_pid_yaw": [0.5, 1e-06, 0.1], "k_pid_hsp": [0.3581349551677704, 0.9745017290115356, 1.0], "k_pid_vsp": [0.0, 400.0, 396.3421936035156]}, "datetime": {"datetime": "2025-08-21 11:01:48", "elapsed": 8225.302313566208, "delta": 22.780868530273438}, "costs": {"total_cost": 5099.532616452946, "time_cost": 150, "final_distance_cost": 611.9346475324363, "oscillation_cost": 2023.9786342923278, "completition_cost": 1000.0, "overshoot_cost": 1194.9048606365143, "power_cost": 27.154280859375, "noise_cost": 91.5601931322928, "n_waypoints_completed": 0, "tot_waypoints": 9}}
{"target": -2648.2574969491966, "params": {"k_pid_pos": [1.9783684015274048, 0.0, 0.0], "k_pid_alt": [0.0, 0.017652779817581177, 0.9491671323776245], "k_pid_att": [4.937300205230713, 9.866273880004883, 0.9619746208190918], "k_pid_yaw": [0.5, 1e-06, 0.1], "k_pid_hsp": [0.18566647171974182, 0.9510043859481812, 1.0], "k_pid_vsp": [5.865788459777832, 400.0, 400.0]}, "datetime": {"datetime": "2025-08-21 11:02:11", "elapsed": 8248.274349927902, "delta": 22.972036361694336}, "costs": {"total_cost": 2648.2574969491966, "time_cost": 150, "final_distance_cost": 485.53105531549744, "oscillation_cost": 189.68767222464294, "completition_cost": 1000.0, "overshoot_cost": 784.2028250634487, "power_cost": 19.60959627685547, "noise_cost": 19.226348068752056, "n_waypoints_completed": 0, "tot_waypoints": 9}}
{"target": -4700.317065051036, "params": {"k_pid_pos": [1.7083665132522583, 0.005802541971206665, 0.0], "k_pid_alt": [0.0, 0.0, 1.0], "k_pid_att": [0.0, 10.0, 0.9770841598510742], "k_pid_yaw": [0.5, 1e-06, 0.1], "k_pid_hsp": [0.1845623105764389, 1.0, 1.0], "k_pid_vsp": [0.0, 396.1383361816406, 387.405029296875]}, "datetime": {"datetime": "2025-08-21 11:02:34", "elapsed": 8271.31463432312, "delta": 23.040284395217896}, "costs": {"total_cost": 4700.317065051036, "time_cost": 150, "final_distance_cost": 614.002141353402, "oscillation_cost": 1213.952939785196, "completition_cost": 1000.0, "overshoot_cost": 1618.8419990686164, "power_cost": 22.518073388671876, "noise_cost": 81.0019114551496, "n_waypoints_completed": 0, "tot_waypoints": 9}}
{"target": -10635.401824869781, "params": {"k_pid_pos": [1.9551841020584106, 0.059931933879852295, 0.0], "k_pid_alt": [0.055403709411621094, 0.008380204439163208, 1.0], "k_pid_att": [0.0, 10.0, 1.0], "k_pid_yaw": [0.5, 1e-06, 0.1], "k_pid_hsp": [0.1645025759935379, 0.9767097234725952, 0.9968346357345581], "k_pid_vsp": [7.79571533203125, 400.0, 383.3147888183594]}, "datetime": {"datetime": "2025-08-21 11:02:57", "elapsed": 8294.089981079102, "delta": 22.775346755981445}, "costs": {"total_cost": 10635.401824869781, "time_cost": 150, "final_distance_cost": 3516.3164645089128, "oscillation_cost": 2007.5060456599288, "completition_cost": 1000.0, "overshoot_cost": 3828.48854383847, "power_cost": 33.383878735351566, "noise_cost": 99.70689212711977, "n_waypoints_completed": 0, "tot_waypoints": 9}}
