{"target": -6029.531401313333, "params": {"k_pid_pos": [1.95684814453125, 0.0, 0.053569495677948], "k_pid_alt": [0.0, 0.014864504337310791, 1.0], "k_pid_att": [0.0, 9.894637107849121, 0.9328002333641052], "k_pid_yaw": [0.5, 1e-06, 0.1], "k_pid_hsp": [9.999999747378752e-05, 1.0, 1.0], "k_pid_vsp": [0.0, 400.0, 391.90972900390625]}, "datetime": {"datetime": "2025-08-21 11:35:22", "elapsed": 10239.177434682846, "delta": 23.0037579536438}, "costs": {"total_cost": 6029.531401313333, "time_cost": 150, "final_distance_cost": 1093.0661564635868, "oscillation_cost": 2174.404206479346, "completition_cost": 1000.0, "overshoot_cost": 1478.9944393294656, "power_cost": 33.277073400878905, "noise_cost": 99.78952564005542, "n_waypoints_completed": 0, "tot_waypoints": 9}}
{"target": -8429.371762908157, "params": {"k_pid_pos": [1.9088246822357178, 0.0, 0.002081364393234253], "k_pid_alt": [0.0, 0.0, 1.0], "k_pid_att": [0.0, 9.989421844482422, 1.0], "k_pid_yaw": [0.5, 1e-06, 0.1], "k_pid_hsp": [9.999999747378752e-05, 1.0, 0.9605620503425598], "k_pid_vsp": [12.45729923248291, 389.7876281738281, 380.1520080566406]}, "datetime": {"datetime": "2025-08-21 11:35:45", "elapsed": 10262.079834222794, "delta": 22.90239953994751}, "costs": {"total_cost": 8429.371762908157, "time_cost": 150, "final_distance_cost": 2117.643177359104, "oscillation_cost": 1795.6487215755385, "completition_cost": 1000.0, "overshoot_cost": 3248.103671401495, "power_cost": 27.76124178466797, "noise_cost": 90.21495078735099, "n_waypoints_completed": 0, "tot_waypoints": 9}}
{"target": -1584.637588345223, "params": {"k_pid_pos": [2.0, 0.0, 0.03319108486175537], "k_pid_alt": [0.10385257005691528, 0.0563235878944397, 0.9198621511459351], "k_pid_att": [7.25313138961792, 9.272953033447266, 0.9877148866653442], "k_pid_yaw": [0.5, 1e-06, 0.1], "k_pid_hsp": [9.999999747378752e-05, 1.0, 0.9906655550003052], "k_pid_vsp": [0.0, 377.9344482421875, 400.0]}, "datetime": {"datetime": "2025-08-21 11:36:08", "elapsed": 10285.303714990616, "delta": 23.223880767822266}, "costs": {"total_cost": 1584.637588345223, "time_cost": 150, "final_distance_cost": 76.61646747863911, "oscillation_cost": 254.8611728753266, "completition_cost": 888.8888888888888, "overshoot_cost": 147.0941885722239, "power_cost": 21.4792611328125, "noise_cost": 45.69760939733206, "n_waypoints_completed": 1, "tot_waypoints": 9}}
{"target": -1668.4330265139645, "params": {"k_pid_pos": [2.0, 0.01739475131034851, 0.030346333980560303], "k_pid_alt": [0.0, 0.0, 0.8810394406318665], "k_pid_att": [9.160110473632812, 10.0, 0.9461143016815186], "k_pid_yaw": [0.5, 1e-06, 0.1], "k_pid_hsp": [0.008990539237856865, 0.9326251745223999, 0.9836232662200928], "k_pid_vsp": [21.810949325561523, 390.1650085449219, 365.23236083984375]}, "datetime": {"datetime": "2025-08-21 11:36:31", "elapsed": 10308.255049705505, "delta": 22.951334714889526}, "costs": {"total_cost": 1668.4330265139645, "time_cost": 150, "final_distance_cost": 1.0319551242145892, "oscillation_cost": 338.5447002932212, "completition_cost": 1000.0, "overshoot_cost": 127.81734992266524, "power_cost": 22.357489404296874, "noise_cost": 28.68153176956651, "n_waypoints_completed": 0, "tot_waypoints": 9}}
{"target": -3709.286805442006, "params": {"k_pid_pos": [1.9332760572433472, 0.0, 0.0], "k_pid_alt": [0.0, 0.0, 0.9243143796920776], "k_pid_att": [5.412727355957031, 10.0, 1.0], "k_pid_yaw": [0.5, 1e-06, 0.1], "k_pid_hsp": [0.9609101414680481, 1.0, 0.9773032665252686], "k_pid_vsp": [0.0, 400.0, 391.7457580566406]}, "datetime": {"datetime": "2025-08-21 11:36:54", "elapsed": 10330.957835674286, "delta": 22.702785968780518}, "costs": {"total_cost": 3709.286805442006, "time_cost": 150, "final_distance_cost": 924.3621788535816, "oscillation_cost": 245.67399832325003, "completition_cost": 888.8888888888888, "overshoot_cost": 1461.7885919153223, "power_cost": 21.246873217773437, "noise_cost": 17.326274243189584, "n_waypoints_completed": 1, "tot_waypoints": 9}}
{"target": -3614.902412451927, "params": {"k_pid_pos": [2.0, 0.0, 0.0], "k_pid_alt": [0.1019827127456665, 0.0, 0.9562908411026001], "k_pid_att": [0.2256244421005249, 10.0, 0.9897058010101318], "k_pid_yaw": [0.5, 1e-06, 0.1], "k_pid_hsp": [0.4913190007209778, 1.0, 0.9758639335632324], "k_pid_vsp": [0.0, 400.0, 390.58038330078125]}, "datetime": {"datetime": "2025-08-21 11:37:17", "elapsed": 10353.715821504593, "delta": 22.757985830307007}, "costs": {"total_cost": 3614.902412451927, "time_cost": 150, "final_distance_cost": 273.2282709268516, "oscillation_cost": 1102.003901021474, "completition_cost": 1000.0, "overshoot_cost": 963.6514136217012, "power_cost": 31.213161486816407, "noise_cost": 94.80566539508423, "n_waypoints_completed": 0, "tot_waypoints": 9}}
{"target": -2096.3216779068566, "params": {"k_pid_pos": [1.899367332458496, 0.0, 0.0], "k_pid_alt": [0.1105164885520935, 0.0, 1.0], "k_pid_att": [5.764418601989746, 10.0, 1.0], "k_pid_yaw": [0.5, 1e-06, 0.1], "k_pid_hsp": [9.999999747378752e-05, 1.0, 1.0], "k_pid_vsp": [0.0, 391.3232421875, 367.00567626953125]}, "datetime": {"datetime": "2025-08-21 11:37:40", "elapsed": 10376.879069328308, "delta": 23.16324782371521}, "costs": {"total_cost": 2096.3216779068566, "time_cost": 150, "final_distance_cost": 1.8610602341707565, "oscillation_cost": 241.9419739945386, "completition_cost": 1000.0, "overshoot_cost": 668.3471618626345, "power_cost": 18.29464822998047, "noise_cost": 15.876833585532447, "n_waypoints_completed": 0, "tot_waypoints": 9}}
{"target": -4195.083404246043, "params": {"k_pid_pos": [2.0, 0.0, 0.0], "k_pid_alt": [0.0, 0.0, 0.9523627758026123], "k_pid_att": [10.365429878234863, 9.945780754089355, 1.0], "k_pid_yaw": [0.5, 1e-06, 0.1], "k_pid_hsp": [0.9158202409744263, 1.0, 1.0], "k_pid_vsp": [0.0, 400.0, 372.8433532714844]}, "datetime": {"datetime": "2025-08-21 11:38:03", "elapsed": 10399.798018932343, "delta": 22.918949604034424}, "costs": {"total_cost": 4195.083404246043, "time_cost": 150, "final_distance_cost": 1089.2774363297826, "oscillation_cost": 233.42854743798225, "completition_cost": 888.8888888888888, "overshoot_cost": 1801.5754543115825, "power_cost": 16.969753662109376, "noise_cost": 14.943323615697718, "n_waypoints_completed": 1, "tot_waypoints": 9}}
{"target": -8226.879827101679, "params": {"k_pid_pos": [1.995753526687622, 0.0, 0.008712470531463623], "k_pid_alt": [0.0, 0.020785808563232422, 1.0], "k_pid_att": [0.0, 9.174607276916504, 0.9874352812767029], "k_pid_yaw": [0.5, 1e-06, 0.1], "k_pid_hsp": [0.3541039228439331, 1.0, 1.0], "k_pid_vsp": [0.0, 397.7364501953125, 400.0]}, "datetime": {"datetime": "2025-08-21 11:38:26", "elapsed": 10422.9340133667, "delta": 23.13599443435669}, "costs": {"total_cost": 8226.879827101679, "time_cost": 150, "final_distance_cost": 1691.9364930195575, "oscillation_cost": 2305.1592817694705, "completition_cost": 1000.0, "overshoot_cost": 2940.3501287727, "power_cost": 35.195382080078126, "noise_cost": 104.23854145987285, "n_waypoints_completed": 0, "tot_waypoints": 9}}
{"target": -4697.049532786703, "params": {"k_pid_pos": [2.0, 0.08394625782966614, 0.0], "k_pid_alt": [0.03715735673904419, 0.0, 0.9709683656692505], "k_pid_att": [0.0, 9.356145858764648, 0.9691987037658691], "k_pid_yaw": [0.5, 1e-06, 0.1], "k_pid_hsp": [0.0866134911775589, 1.0, 1.0], "k_pid_vsp": [0.0, 383.79925537109375, 400.0]}, "datetime": {"datetime": "2025-08-21 11:38:49", "elapsed": 10445.978503227234, "delta": 23.044489860534668}, "costs": {"total_cost": 4697.049532786703, "time_cost": 150, "final_distance_cost": 719.8394817566368, "oscillation_cost": 1245.4545633789799, "completition_cost": 1000.0, "overshoot_cost": 1455.8641359811131, "power_cost": 31.220263220214846, "noise_cost": 94.67108844975756, "n_waypoints_completed": 0, "tot_waypoints": 9}}
{"target": -1698.4920396114894, "params": {"k_pid_pos": [1.9553022384643555, 0.0, 0.006504803895950317], "k_pid_alt": [0.0, 0.0, 1.0], "k_pid_att": [8.350062370300293, 10.0, 0.9931526780128479], "k_pid_yaw": [0.5, 1e-06, 0.1], "k_pid_hsp": [0.3297312259674072, 0.975131094455719, 1.0], "k_pid_vsp": [17.534446716308594, 400.0, 400.0]}, "datetime": {"datetime": "2025-08-21 11:39:12", "elapsed": 10469.147417068481, "delta": 23.16891384124756}, "costs": {"total_cost": 1698.4920396114894, "time_cost": 150, "final_distance_cost": 50.91720429962901, "oscillation_cost": 234.0103592122646, "completition_cost": 888.8888888888888, "overshoot_cost": 332.1800977357385, "power_cost": 19.154160778808595, "noise_cost": 23.34132869615992, "n_waypoints_completed": 1, "tot_waypoints": 9}}
{"target": -6346.043830476522, "params": {"k_pid_pos": [1.9592254161834717, 0.0, 0.0], "k_pid_alt": [0.054393768310546875, 0.0, 0.9665330052375793], "k_pid_att": [0.0, 9.713800430297852, 1.0], "k_pid_yaw": [0.5, 1e-06, 0.1], "k_pid_hsp": [0.3633270561695099, 0.974109411239624, 1.0], "k_pid_vsp": [0.4212498664855957, 400.0, 370.231201171875]}, "datetime": {"datetime": "2025-08-21 11:39:35", "elapsed": 10492.011658906937, "delta": 22.8642418384552}, "costs": {"total_cost": 6346.043830476522, "time_cost": 150, "final_distance_cost": 1024.7236887306572, "oscillation_cost": 2033.2374490726686, "completition_cost": 1000.0, "overshoot_cost": 2002.1681625211324, "power_cost": 34.15698317871094, "noise_cost": 101.75754697335272, "n_waypoints_completed": 0, "tot_waypoints": 9}}
{"target": -2153.9689710517227, "params": {"k_pid_pos": [1.9319006204605103, 0.05981329083442688, 0.0], "k_pid_alt": [0.21251744031906128, 0.0, 1.0], "k_pid_att": [4.44246244430542, 9.524694442749023, 1.0], "k_pid_yaw": [0.5, 1e-06, 0.1], "k_pid_hsp": [0.5858278274536133, 1.0, 0.9448325634002686], "k_pid_vsp": [13.69335651397705, 400.0, 400.0]}, "datetime": {"datetime": "2025-08-21 11:39:58", "elapsed": 10515.458062410355, "delta": 23.44640350341797}, "costs": {"total_cost": 2153.9689710517227, "time_cost": 150, "final_distance_cost": 270.5884023914586, "oscillation_cost": 211.07316767470252, "completition_cost": 1000.0, "overshoot_cost": 479.96308323494435, "power_cost": 20.018878662109376, "noise_cost": 22.325439088507906, "n_waypoints_completed": 0, "tot_waypoints": 9}}
{"target": -1616.6309741200014, "params": {"k_pid_pos": [1.9065595865249634, 0.0, 0.0], "k_pid_alt": [0.0, 0.0252038836479187, 1.0], "k_pid_att": [6.7953643798828125, 9.97109603881836, 1.0], "k_pid_yaw": [0.5, 1e-06, 0.1], "k_pid_hsp": [9.999999747378752e-05, 1.0, 1.0], "k_pid_vsp": [0.0, 371.0047302246094, 370.91973876953125]}, "datetime": {"datetime": "2025-08-21 11:40:21", "elapsed": 10538.17721915245, "delta": 22.719156742095947}, "costs": {"total_cost": 1616.6309741200014, "time_cost": 150, "final_distance_cost": 69.61000578781008, "oscillation_cost": 186.78312039777853, "completition_cost": 1000.0, "overshoot_cost": 156.57479751946138, "power_cost": 22.718516015625003, "noise_cost": 30.944534399326358, "n_waypoints_completed": 0, "tot_waypoints": 9}}
{"target": -1863.0630881793297, "params": {"k_pid_pos": [2.0, 0.01578819751739502, 0.0], "k_pid_alt": [0.07123422622680664, 0.012726247310638428, 1.0], "k_pid_att": [8.236127853393555, 10.0, 0.9193582534790039], "k_pid_yaw": [0.5, 1e-06, 0.1], "k_pid_hsp": [9.999999747378752e-05, 0.9658297300338745, 1.0], "k_pid_vsp": [6.651806831359863, 391.7426452636719, 389.12347412109375]}, "datetime": {"datetime": "2025-08-21 11:40:44", "elapsed": 10560.963258981705, "delta": 22.78603982925415}, "costs": {"total_cost": 1863.0630881793297, "time_cost": 150, "final_distance_cost": 8.489605268610182, "oscillation_cost": 268.1738029722994, "completition_cost": 1000.0, "overshoot_cost": 390.4153226626469, "power_cost": 22.049396069335938, "noise_cost": 23.9349612064375, "n_waypoints_completed": 0, "tot_waypoints": 9}}
{"target": -10791.69431048201, "params": {"k_pid_pos": [1.988966464996338, 0.032393813133239746, 0.09618660807609558], "k_pid_alt": [0.11195015907287598, 0.0, 1.0], "k_pid_att": [0.0, 9.960946083068848, 0.8834365010261536], "k_pid_yaw": [0.5, 1e-06, 0.1], "k_pid_hsp": [0.009788041934370995, 0.9659578204154968, 0.9860056638717651], "k_pid_vsp": [0.0, 400.0, 400.0]}, "datetime": {"datetime": "2025-08-21 11:41:07", "elapsed": 10583.968393325806, "delta": 23.005134344100952}, "costs": {"total_cost": 10791.69431048201, "time_cost": 150, "final_distance_cost": 2602.918944983964, "oscillation_cost": 1895.9832567209558, "completition_cost": 1000.0, "overshoot_cost": 5006.7336713161085, "power_cost": 34.251114611816405, "noise_cost": 101.80732284916498, "n_waypoints_completed": 0, "tot_waypoints": 9}}
{"target": -1706.2175437449355, "params": {"k_pid_pos": [2.0, 0.11423790454864502, 0.0988597571849823], "k_pid_alt": [0.03626680374145508, 0.0, 0.9369980096817017], "k_pid_att": [4.001036167144775, 10.0, 1.0], "k_pid_yaw": [0.5, 1e-06, 0.1], "k_pid_hsp": [9.999999747378752e-05, 1.0, 1.0], "k_pid_vsp": [0.0, 376.7919921875, 396.3027038574219]}, "datetime": {"datetime": "2025-08-21 11:41:30", "elapsed": 10607.090279579163, "delta": 23.121886253356934}, "costs": {"total_cost": 1706.2175437449355, "time_cost": 150, "final_distance_cost": 29.47222708959507, "oscillation_cost": 286.7482655641908, "completition_cost": 1000.0, "overshoot_cost": 176.29218993130283, "power_cost": 21.170427221679688, "noise_cost": 42.53443393816717, "n_waypoints_completed": 0, "tot_waypoints": 9}}
{"target": -3043.5862744910855, "params": {"k_pid_pos": [1.9991395473480225, 0.02225881814956665, 0.06399911642074585], "k_pid_alt": [0.04100966453552246, 0.09053823351860046, 1.0], "k_pid_att": [3.9282946586608887, 9.628495216369629, 1.0], "k_pid_yaw": [0.5, 1e-06, 0.1], "k_pid_hsp": [9.999999747378752e-05, 0.9805116653442383, 1.0], "k_pid_vsp": [0.0, 400.0, 393.0325927734375]}, "datetime": {"datetime": "2025-08-21 11:41:53", "elapsed": 10630.012322187424, "delta": 22.92204260826111}, "costs": {"total_cost": 3043.5862744910855, "time_cost": 150, "final_distance_cost": 763.060422018528, "oscillation_cost": 245.99025611058232, "completition_cost": 1000.0, "overshoot_cost": 833.6530020938854, "power_cost": 20.41551798095703, "noise_cost": 30.467076287132215, "n_waypoints_completed": 0, "tot_waypoints": 9}}
{"target": -9458.043306984648, "params": {"k_pid_pos": [2.0, 0.0, 0.05254277586936951], "k_pid_alt": [0.08302456140518188, 0.046963125467300415, 1.0], "k_pid_att": [0.0, 9.813298225402832, 0.9328904151916504], "k_pid_yaw": [0.5, 1e-06, 0.1], "k_pid_hsp": [9.999999747378752e-05, 1.0, 1.0], "k_pid_vsp": [0.0, 384.2659606933594, 384.3602600097656]}, "datetime": {"datetime": "2025-08-21 11:42:16", "elapsed": 10653.212252616882, "delta": 23.199930429458618}, "costs": {"total_cost": 9458.043306984648, "time_cost": 150, "final_distance_cost": 2458.2501867755227, "oscillation_cost": 2344.42703017065, "completition_cost": 1000.0, "overshoot_cost": 3377.5030061933703, "power_cost": 31.32841435546875, "noise_cost": 96.53466948963678, "n_waypoints_completed": 0, "tot_waypoints": 9}}
{"target": -15192.65138428389, "params": {"k_pid_pos": [1.9439473152160645, 0.063529372215271, 0.0], "k_pid_alt": [0.10380125045776367, 0.041621237993240356, 0.96770840883255], "k_pid_att": [0.0, 9.583251953125, 0.8897279500961304], "k_pid_yaw": [0.5, 1e-06, 0.1], "k_pid_hsp": [0.9519239068031311, 0.9517545700073242, 0.9177950620651245], "k_pid_vsp": [0.0, 400.0, 392.26727294921875]}, "datetime": {"datetime": "2025-08-21 11:42:39", "elapsed": 10675.737513303757, "delta": 22.52526068687439}, "costs": {"total_cost": 15192.65138428389, "time_cost": 150, "final_distance_cost": 4268.104428721701, "oscillation_cost": 2184.4069253978414, "completition_cost": 1000.0, "overshoot_cost": 7455.18934880452, "power_cost": 33.67347780761719, "noise_cost": 101.27720355220971, "n_waypoints_completed": 0, "tot_waypoints": 9}}
{"target": -3090.535192335082, "params": {"k_pid_pos": [2.0, 0.07397732138633728, 0.06300720572471619], "k_pid_alt": [0.0, 0.0, 1.0], "k_pid_att": [0.0, 10.0, 1.0], "k_pid_yaw": [0.5, 1e-06, 0.1], "k_pid_hsp": [9.999999747378752e-05, 0.9200409650802612, 0.9789203405380249], "k_pid_vsp": [17.014741897583008, 390.1594543457031, 400.0]}, "datetime": {"datetime": "2025-08-21 11:43:02", "elapsed": 10698.553463697433, "delta": 22.815950393676758}, "costs": {"total_cost": 3090.535192335082, "time_cost": 150, "final_distance_cost": 193.61944134712888, "oscillation_cost": 1137.854506076261, "completition_cost": 1000.0, "overshoot_cost": 512.4830416658457, "power_cost": 20.278674072265627, "noise_cost": 76.29952917358077, "n_waypoints_completed": 0, "tot_waypoints": 9}}
{"target": -1780.3719989279261, "params": {"k_pid_pos": [2.0, 0.0, 0.03404638171195984], "k_pid_alt": [0.0, 0.0, 1.0], "k_pid_att": [7.947304725646973, 9.832661628723145, 0.9883225560188293], "k_pid_yaw": [0.5, 1e-06, 0.1], "k_pid_hsp": [9.999999747378752e-05, 0.974969744682312, 1.0], "k_pid_vsp": [0.0, 387.7396545410156, 384.4047546386719]}, "datetime": {"datetime": "2025-08-21 11:43:25", "elapsed": 10721.847860336304, "delta": 23.29439663887024}, "costs": {"total_cost": 1780.3719989279261, "time_cost": 150, "final_distance_cost": 158.73732777964355, "oscillation_cost": 276.5453777339806, "completition_cost": 1000.0, "overshoot_cost": 150.63577099853416, "power_cost": 20.714633532714846, "noise_cost": 23.738888883052937, "n_waypoints_completed": 0, "tot_waypoints": 9}}
{"target": -4512.863591447711, "params": {"k_pid_pos": [1.9106215238571167, 0.03942209482192993, 0.017199307680130005], "k_pid_alt": [0.0, 0.028613775968551636, 1.0], "k_pid_att": [0.0, 10.0, 1.0], "k_pid_yaw": [0.5, 1e-06, 0.1], "k_pid_hsp": [0.042325593531131744, 1.0, 1.0], "k_pid_vsp": [0.0, 400.0, 396.7112121582031]}, "datetime": {"datetime": "2025-08-21 11:43:48", "elapsed": 10744.827498912811, "delta": 22.97963857650757}, "costs": {"total_cost": 4512.863591447711, "time_cost": 150, "final_distance_cost": 617.0593092482159, "oscillation_cost": 1354.560552750482, "completition_cost": 1000.0, "overshoot_cost": 1265.5540031670525, "power_cost": 31.068662268066408, "noise_cost": 94.62106401389428, "n_waypoints_completed": 0, "tot_waypoints": 9}}
{"target": -9259.46132780732, "params": {"k_pid_pos": [1.988970160484314, 0.0, 0.09134930372238159], "k_pid_alt": [0.0, 0.05019170045852661, 0.9494761824607849], "k_pid_att": [0.0, 10.0, 0.9816032648086548], "k_pid_yaw": [0.5, 1e-06, 0.1], "k_pid_hsp": [9.999999747378752e-05, 0.9975980520248413, 1.0], "k_pid_vsp": [0.0, 400.0, 400.0]}, "datetime": {"datetime": "2025-08-21 11:44:11", "elapsed": 10767.803771734238, "delta": 22.97627282142639}, "costs": {"total_cost": 9259.46132780732, "time_cost": 150, "final_distance_cost": 2589.106359229069, "oscillation_cost": 669.6179703890283, "completition_cost": 1000.0, "overshoot_cost": 4731.935997260431, "power_cost": 29.889566125488283, "noise_cost": 88.91143480330285, "n_waypoints_completed": 0, "tot_waypoints": 9}}
{"target": -5628.858524184304, "params": {"k_pid_pos": [2.0, 0.002781808376312256, 0.06317642331123352], "k_pid_alt": [0.018427014350891113, 0.0, 0.9866586923599243], "k_pid_att": [0.0, 9.478205680847168, 1.0], "k_pid_yaw": [0.5, 1e-06, 0.1], "k_pid_hsp": [0.4647880494594574, 0.9981656074523926, 1.0], "k_pid_vsp": [0.016951560974121094, 400.0, 400.0]}, "datetime": {"datetime": "2025-08-21 11:44:34", "elapsed": 10790.858482837677, "delta": 23.05471110343933}, "costs": {"total_cost": 5628.858524184304, "time_cost": 150, "final_distance_cost": 1099.5940851504304, "oscillation_cost": 2080.147249706293, "completition_cost": 1000.0, "overshoot_cost": 1160.6124240861814, "power_cost": 35.030150146484374, "noise_cost": 103.47461509491367, "n_waypoints_completed": 0, "tot_waypoints": 9}}
{"target": -13235.583302701796, "params": {"k_pid_pos": [2.0, 0.026725679636001587, 0.05756226181983948], "k_pid_alt": [0.00960761308670044, 0.0, 0.9809990525245667], "k_pid_att": [0.0, 10.0, 0.9712089896202087], "k_pid_yaw": [0.5, 1e-06, 0.1], "k_pid_hsp": [9.999999747378752e-05, 1.0, 1.0], "k_pid_vsp": [0.0, 380.868896484375, 394.28729248046875]}, "datetime": {"datetime": "2025-08-21 11:44:57", "elapsed": 10813.708869218826, "delta": 22.850386381149292}, "costs": {"total_cost": 13235.583302701796, "time_cost": 150, "final_distance_cost": 4274.28525695323, "oscillation_cost": 1685.5203877934184, "completition_cost": 1000.0, "overshoot_cost": 5989.616961265251, "power_cost": 34.33635703125, "noise_cost": 101.82433965864499, "n_waypoints_completed": 0, "tot_waypoints": 9}}
{"target": -6865.294618355666, "params": {"k_pid_pos": [1.9408296346664429, 0.0, 0.013526231050491333], "k_pid_alt": [0.0, 0.04457533359527588, 1.0], "k_pid_att": [0.0, 10.0, 1.0], "k_pid_yaw": [0.5, 1e-06, 0.1], "k_pid_hsp": [0.8275818228721619, 0.9852356910705566, 0.9959911108016968], "k_pid_vsp": [0.0, 400.0, 400.0]}, "datetime": {"datetime": "2025-08-21 11:45:20", "elapsed": 10836.864971399307, "delta": 23.156102180480957}, "costs": {"total_cost": 6865.294618355666, "time_cost": 150, "final_distance_cost": 1101.633643596809, "oscillation_cost": 1935.9145114029454, "completition_cost": 1000.0, "overshoot_cost": 2540.8571750661536, "power_cost": 34.399503125, "noise_cost": 102.48978516475772, "n_waypoints_completed": 0, "tot_waypoints": 9}}
{"target": -2330.174091615378, "params": {"k_pid_pos": [1.9932059049606323, 0.06196507811546326, 0.14828932285308838], "k_pid_alt": [0.07040667533874512, 0.0, 0.9706135988235474], "k_pid_att": [0.8385986089706421, 9.150005340576172, 1.0], "k_pid_yaw": [0.5, 1e-06, 0.1], "k_pid_hsp": [0.6434407830238342, 1.0, 0.9594413042068481], "k_pid_vsp": [0.0, 398.216064453125, 371.3752746582031]}, "datetime": {"datetime": "2025-08-21 11:45:43", "elapsed": 10860.206128835678, "delta": 23.34115743637085}, "costs": {"total_cost": 2330.174091615378, "time_cost": 150, "final_distance_cost": 143.61594805934632, "oscillation_cost": 606.5744400754335, "completition_cost": 1000.0, "overshoot_cost": 307.43423413285944, "power_cost": 30.638339916992187, "noise_cost": 91.91112943074695, "n_waypoints_completed": 0, "tot_waypoints": 9}}
