{"target": -7551.825537342085, "params": {"k_pid_pos": [2.0, 0.0, 0.0], "k_pid_alt": [0.0, 0.0, 0.9924558401107788], "k_pid_att": [0.0, 10.0, 1.0], "k_pid_yaw": [0.5, 1e-06, 0.1], "k_pid_hsp": [9.999999747378752e-05, 1.0, 0.9460839033126831], "k_pid_vsp": [0.0, 400.0, 400.0]}, "datetime": {"datetime": "2025-08-21 21:02:11", "elapsed": 44248.40796995163, "delta": 24.450886011123657}, "costs": {"total_cost": 7551.825537342085, "time_cost": 150, "final_distance_cost": 1879.3488764420672, "oscillation_cost": 708.7124213511901, "completition_cost": 1000.0, "overshoot_cost": 3730.428756861822, "power_cost": 16.15907091064453, "noise_cost": 67.17641177636014, "n_waypoints_completed": 0, "tot_waypoints": 9}}
{"target": -2761.944232397726, "params": {"k_pid_pos": [2.0, 0.0, 0.0062735676765441895], "k_pid_alt": [0.0, 0.004132300615310669, 0.9869859218597412], "k_pid_att": [6.020927429199219, 9.779033660888672, 1.0], "k_pid_yaw": [0.5, 1e-06, 0.1], "k_pid_hsp": [9.999999747378752e-05, 1.0, 0.9683736562728882], "k_pid_vsp": [0.0, 400.0, 400.0]}, "datetime": {"datetime": "2025-08-21 21:02:35", "elapsed": 44271.882650375366, "delta": 23.474680423736572}, "costs": {"total_cost": 2761.944232397726, "time_cost": 150, "final_distance_cost": 752.8233119576457, "oscillation_cost": 129.7795080781603, "completition_cost": 1000.0, "overshoot_cost": 689.2132041476061, "power_cost": 21.19431248779297, "noise_cost": 18.933895726520653, "n_waypoints_completed": 0, "tot_waypoints": 9}}
{"target": -3322.8491426477253, "params": {"k_pid_pos": [2.0, 0.0, 0.0], "k_pid_alt": [0.0, 0.0, 1.0], "k_pid_att": [0.7383733987808228, 10.0, 0.9720761775970459], "k_pid_yaw": [0.5, 1e-06, 0.1], "k_pid_hsp": [9.999999747378752e-05, 0.9901406764984131, 0.9988216161727905], "k_pid_vsp": [26.684261322021484, 386.7525939941406, 400.0]}, "datetime": {"datetime": "2025-08-21 21:03:01", "elapsed": 44298.35158586502, "delta": 26.46893548965454}, "costs": {"total_cost": 3322.8491426477253, "time_cost": 150, "final_distance_cost": 711.3039124355578, "oscillation_cost": 615.0560024368019, "completition_cost": 1000.0, "overshoot_cost": 763.0738361648758, "power_cost": 16.49156727294922, "noise_cost": 66.92382433754037, "n_waypoints_completed": 0, "tot_waypoints": 9}}
{"target": -2123.288709776852, "params": {"k_pid_pos": [1.9012607336044312, 0.08955338597297668, 0.0], "k_pid_alt": [0.0, 0.09342819452285767, 1.0], "k_pid_att": [2.255836009979248, 10.0, 0.9919085502624512], "k_pid_yaw": [0.5, 1e-06, 0.1], "k_pid_hsp": [9.999999747378752e-05, 1.0, 0.9847674369812012], "k_pid_vsp": [13.818990707397461, 400.0, 374.561767578125]}, "datetime": {"datetime": "2025-08-21 21:03:25", "elapsed": 44321.70254468918, "delta": 23.350958824157715}, "costs": {"total_cost": 2123.288709776852, "time_cost": 150, "final_distance_cost": 103.82722946694922, "oscillation_cost": 419.3855444957719, "completition_cost": 1000.0, "overshoot_cost": 322.601234200199, "power_cost": 32.4925174194336, "noise_cost": 94.98218419449793, "n_waypoints_completed": 0, "tot_waypoints": 9}}
{"target": -5895.699237398599, "params": {"k_pid_pos": [2.0, 0.0, 0.007693111896514893], "k_pid_alt": [0.0, 0.04282841086387634, 1.0], "k_pid_att": [0.0, 10.0, 0.9906183481216431], "k_pid_yaw": [0.5, 1e-06, 0.1], "k_pid_hsp": [0.27712857723236084, 0.919975996017456, 0.9224803447723389], "k_pid_vsp": [2.8142571449279785, 398.5857849121094, 394.1961364746094]}, "datetime": {"datetime": "2025-08-21 21:03:51", "elapsed": 44348.060732364655, "delta": 26.358187675476074}, "costs": {"total_cost": 5895.699237398599, "time_cost": 150, "final_distance_cost": 646.5001151581178, "oscillation_cost": 2115.6814625454554, "completition_cost": 1000.0, "overshoot_cost": 1849.5268634246852, "power_cost": 33.44496441650391, "noise_cost": 100.54583185383576, "n_waypoints_completed": 0, "tot_waypoints": 9}}
{"target": -14253.894623124708, "params": {"k_pid_pos": [2.0, 0.025578975677490234, 0.03856077790260315], "k_pid_alt": [0.0, 0.0, 0.9146942496299744], "k_pid_att": [0.0, 9.654760360717773, 0.9914112091064453], "k_pid_yaw": [0.5, 1e-06, 0.1], "k_pid_hsp": [0.439118355512619, 1.0, 0.9374343156814575], "k_pid_vsp": [10.231744766235352, 389.36236572265625, 396.6224670410156]}, "datetime": {"datetime": "2025-08-21 21:04:14", "elapsed": 44370.61345624924, "delta": 22.55272388458252}, "costs": {"total_cost": 14253.894623124708, "time_cost": 150, "final_distance_cost": 4170.267081109931, "oscillation_cost": 1684.8125021948247, "completition_cost": 1000.0, "overshoot_cost": 7124.855942108814, "power_cost": 28.946203576660157, "noise_cost": 95.0128941344779, "n_waypoints_completed": 0, "tot_waypoints": 9}}
{"target": -7671.530939499632, "params": {"k_pid_pos": [2.0, 0.0, 0.0], "k_pid_alt": [0.0, 0.0, 0.9163241386413574], "k_pid_att": [0.0, 9.883428573608398, 0.9919275641441345], "k_pid_yaw": [0.5, 1e-06, 0.1], "k_pid_hsp": [0.6803640127182007, 1.0, 1.0], "k_pid_vsp": [0.0, 374.3322448730469, 400.0]}, "datetime": {"datetime": "2025-08-21 21:04:38", "elapsed": 44395.38868331909, "delta": 24.775227069854736}, "costs": {"total_cost": 7671.530939499632, "time_cost": 150, "final_distance_cost": 2276.6091873606006, "oscillation_cost": 1557.951057411523, "completition_cost": 1000.0, "overshoot_cost": 2572.386883534611, "power_cost": 26.03153328857422, "noise_cost": 88.55227790432413, "n_waypoints_completed": 0, "tot_waypoints": 9}}
{"target": -1838.7451141907181, "params": {"k_pid_pos": [1.9912779331207275, 0.0, 0.0], "k_pid_alt": [0.029083192348480225, 0.0, 1.0], "k_pid_att": [2.843540906906128, 10.0, 1.0], "k_pid_yaw": [0.5, 1e-06, 0.1], "k_pid_hsp": [0.3421899676322937, 0.9246916174888611, 0.995606541633606], "k_pid_vsp": [3.4255385398864746, 400.0, 400.0]}, "datetime": {"datetime": "2025-08-21 21:05:03", "elapsed": 44419.57662320137, "delta": 24.187939882278442}, "costs": {"total_cost": 1838.7451141907181, "time_cost": 150, "final_distance_cost": 60.13817768313413, "oscillation_cost": 334.3310582795943, "completition_cost": 1000.0, "overshoot_cost": 229.9078223342024, "power_cost": 21.054083740234375, "noise_cost": 43.313972153553145, "n_waypoints_completed": 0, "tot_waypoints": 9}}
{"target": -2275.2546892504197, "params": {"k_pid_pos": [2.0, 0.0, 0.0], "k_pid_alt": [0.0, 0.1535290777683258, 1.0], "k_pid_att": [1.7882436513900757, 10.0, 1.0], "k_pid_yaw": [0.5, 1e-06, 0.1], "k_pid_hsp": [0.08953915536403656, 1.0, 0.9637379050254822], "k_pid_vsp": [0.0, 375.5487060546875, 400.0]}, "datetime": {"datetime": "2025-08-21 21:05:27", "elapsed": 44444.11120057106, "delta": 24.53457736968994}, "costs": {"total_cost": 2275.2546892504197, "time_cost": 150, "final_distance_cost": 125.43375147506426, "oscillation_cost": 494.83947607489307, "completition_cost": 1000.0, "overshoot_cost": 386.9762538172204, "power_cost": 29.925147607421877, "noise_cost": 88.08006027581987, "n_waypoints_completed": 0, "tot_waypoints": 9}}
{"target": -8549.170367899598, "params": {"k_pid_pos": [1.9572093486785889, 0.0, 0.0], "k_pid_alt": [0.1759861707687378, 0.07634556293487549, 1.0], "k_pid_att": [0.0, 10.0, 0.9983222484588623], "k_pid_yaw": [0.5, 1e-06, 0.1], "k_pid_hsp": [9.999999747378752e-05, 0.9169405698776245, 1.0], "k_pid_vsp": [0.0, 341.5692138671875, 400.0]}, "datetime": {"datetime": "2025-08-21 21:05:52", "elapsed": 44468.60747718811, "delta": 24.49627661705017}, "costs": {"total_cost": 8549.170367899598, "time_cost": 150, "final_distance_cost": 824.2413017009021, "oscillation_cost": 2045.571251634718, "completition_cost": 1000.0, "overshoot_cost": 4394.554648104294, "power_cost": 33.91868134765625, "noise_cost": 100.88448511202799, "n_waypoints_completed": 0, "tot_waypoints": 9}}
{"target": -1717.8397523460803, "params": {"k_pid_pos": [1.9537522792816162, 0.0266551673412323, 0.0], "k_pid_alt": [0.1537787914276123, 0.009899646043777466, 1.0], "k_pid_att": [6.688070297241211, 10.0, 1.0], "k_pid_yaw": [0.5, 1e-06, 0.1], "k_pid_hsp": [0.41137686371803284, 0.9389215707778931, 1.0], "k_pid_vsp": [0.0, 400.0, 400.0]}, "datetime": {"datetime": "2025-08-21 21:06:14", "elapsed": 44491.447618961334, "delta": 22.840141773223877}, "costs": {"total_cost": 1717.8397523460803, "time_cost": 150, "final_distance_cost": 9.226866962167458, "oscillation_cost": 316.12658313407167, "completition_cost": 1000.0, "overshoot_cost": 138.47869173006185, "power_cost": 25.95682858886719, "noise_cost": 78.05078193091212, "n_waypoints_completed": 0, "tot_waypoints": 9}}
{"target": -9036.589361855393, "params": {"k_pid_pos": [2.0, 0.03346005082130432, 0.0662887692451477], "k_pid_alt": [0.0, 0.0, 0.939806342124939], "k_pid_att": [0.0, 10.0, 0.9907159805297852], "k_pid_yaw": [0.5, 1e-06, 0.1], "k_pid_hsp": [9.999999747378752e-05, 1.0, 0.9580298662185669], "k_pid_vsp": [0.0, 373.74395751953125, 394.87213134765625]}, "datetime": {"datetime": "2025-08-21 21:06:40", "elapsed": 44516.76946210861, "delta": 25.321843147277832}, "costs": {"total_cost": 9036.589361855393, "time_cost": 150, "final_distance_cost": 2533.034888335397, "oscillation_cost": 603.5425550623252, "completition_cost": 1000.0, "overshoot_cost": 4675.125888458094, "power_cost": 13.257960009765625, "noise_cost": 61.62806998981021, "n_waypoints_completed": 0, "tot_waypoints": 9}}
{"target": -1750.553583223313, "params": {"k_pid_pos": [2.0, 0.030916571617126465, 0.01451873779296875], "k_pid_alt": [0.1444169282913208, 0.03599369525909424, 1.0], "k_pid_att": [3.929725170135498, 9.894041061401367, 0.965299129486084], "k_pid_yaw": [0.5, 1e-06, 0.1], "k_pid_hsp": [0.443142831325531, 0.9969037771224976, 1.0], "k_pid_vsp": [0.0, 373.790771484375, 400.0]}, "datetime": {"datetime": "2025-08-21 21:07:05", "elapsed": 44541.8269200325, "delta": 25.05745792388916}, "costs": {"total_cost": 1750.553583223313, "time_cost": 150, "final_distance_cost": 22.90846454132873, "oscillation_cost": 304.80848513624386, "completition_cost": 1000.0, "overshoot_cost": 172.57696559020408, "power_cost": 24.55047059326172, "noise_cost": 75.70919736227457, "n_waypoints_completed": 0, "tot_waypoints": 9}}
{"target": -1651.506071410053, "params": {"k_pid_pos": [1.9758777618408203, 0.0, 0.0], "k_pid_alt": [0.03334701061248779, 0.08919820189476013, 0.9055657982826233], "k_pid_att": [4.222315788269043, 9.911375999450684, 0.9860798120498657], "k_pid_yaw": [0.5, 1e-06, 0.1], "k_pid_hsp": [0.4637369215488434, 0.9915852546691895, 0.9689627289772034], "k_pid_vsp": [13.713920593261719, 400.0, 376.59759521484375]}, "datetime": {"datetime": "2025-08-21 21:07:29", "elapsed": 44565.755729436874, "delta": 23.92880940437317}, "costs": {"total_cost": 1651.506071410053, "time_cost": 150, "final_distance_cost": 215.0361030545396, "oscillation_cost": 225.87608319431249, "completition_cost": 888.8888888888888, "overshoot_cost": 138.06756706099856, "power_cost": 18.48460469970703, "noise_cost": 15.152824511606406, "n_waypoints_completed": 1, "tot_waypoints": 9}}
{"target": -1723.2302285504668, "params": {"k_pid_pos": [2.0, 0.0, 0.05862921476364136], "k_pid_alt": [0.0, 0.0, 0.9479901790618896], "k_pid_att": [2.637436866760254, 8.9700288772583, 1.0], "k_pid_yaw": [0.5, 1e-06, 0.1], "k_pid_hsp": [0.5364887714385986, 1.0, 1.0], "k_pid_vsp": [0.0, 400.0, 400.0]}, "datetime": {"datetime": "2025-08-21 21:07:54", "elapsed": 44590.84080195427, "delta": 25.08507251739502}, "costs": {"total_cost": 1723.2302285504668, "time_cost": 150, "final_distance_cost": 19.870086139817545, "oscillation_cost": 321.5297867017463, "completition_cost": 1000.0, "overshoot_cost": 190.80998034495764, "power_cost": 17.810693688964843, "noise_cost": 23.20968167498041, "n_waypoints_completed": 0, "tot_waypoints": 9}}
{"target": -1939.861520761084, "params": {"k_pid_pos": [1.965126395225525, 0.0, 0.0], "k_pid_alt": [0.0, 0.0, 1.0], "k_pid_att": [2.8475136756896973, 9.43177318572998, 1.0], "k_pid_yaw": [0.5, 1e-06, 0.1], "k_pid_hsp": [9.999999747378752e-05, 1.0, 0.9291931390762329], "k_pid_vsp": [28.52177619934082, 394.2889099121094, 400.0]}, "datetime": {"datetime": "2025-08-21 21:08:16", "elapsed": 44613.36979866028, "delta": 22.52899670600891}, "costs": {"total_cost": 1939.861520761084, "time_cost": 150, "final_distance_cost": 95.73046315258095, "oscillation_cost": 310.40412260744364, "completition_cost": 1000.0, "overshoot_cost": 327.38084015641664, "power_cost": 15.485318615722656, "noise_cost": 40.86077622892015, "n_waypoints_completed": 0, "tot_waypoints": 9}}
{"target": -18009.317613227093, "params": {"k_pid_pos": [1.9341763257980347, 0.005493104457855225, 0.0], "k_pid_alt": [0.05249583721160889, 0.038599759340286255, 0.9947143793106079], "k_pid_att": [0.0, 9.361845970153809, 0.9577121734619141], "k_pid_yaw": [0.5, 1e-06, 0.1], "k_pid_hsp": [9.999999747378752e-05, 0.9841690063476562, 1.0], "k_pid_vsp": [2.7092933654785156, 384.7510986328125, 386.9934997558594]}, "datetime": {"datetime": "2025-08-21 21:08:46", "elapsed": 44643.27219223976, "delta": 29.902393579483032}, "costs": {"total_cost": 18009.317613227093, "time_cost": 150, "final_distance_cost": 5919.936602707995, "oscillation_cost": 1891.9701916883055, "completition_cost": 1000.0, "overshoot_cost": 8914.075763584488, "power_cost": 33.428569140625, "noise_cost": 99.90648610567992, "n_waypoints_completed": 0, "tot_waypoints": 9}}
{"target": -14343.896151995566, "params": {"k_pid_pos": [2.0, 0.009232193231582642, 0.0], "k_pid_alt": [0.07698708772659302, 0.0, 1.0], "k_pid_att": [0.0, 9.766666412353516, 0.9984102249145508], "k_pid_yaw": [0.5, 1e-06, 0.1], "k_pid_hsp": [0.20673024654388428, 0.9831362366676331, 1.0], "k_pid_vsp": [0.0, 400.0, 400.0]}, "datetime": {"datetime": "2025-08-21 21:09:12", "elapsed": 44668.74207115173, "delta": 25.469878911972046}, "costs": {"total_cost": 14343.896151995566, "time_cost": 150, "final_distance_cost": 4695.2044219724785, "oscillation_cost": 2220.8174269816445, "completition_cost": 1000.0, "overshoot_cost": 6141.794656192566, "power_cost": 34.187531164550784, "noise_cost": 101.89211568432579, "n_waypoints_completed": 0, "tot_waypoints": 9}}
{"target": -13212.04786644832, "params": {"k_pid_pos": [1.9519978761672974, 0.06704005599021912, 0.0], "k_pid_alt": [0.0, 0.014742940664291382, 1.0], "k_pid_att": [0.0, 10.0, 1.0], "k_pid_yaw": [0.5, 1e-06, 0.1], "k_pid_hsp": [0.5189028978347778, 0.9942663908004761, 0.9494072198867798], "k_pid_vsp": [7.1182966232299805, 390.7033996582031, 400.0]}, "datetime": {"datetime": "2025-08-21 21:09:36", "elapsed": 44692.64721298218, "delta": 23.905141830444336}, "costs": {"total_cost": 13212.04786644832, "time_cost": 150, "final_distance_cost": 3880.953047211225, "oscillation_cost": 2164.395781808597, "completition_cost": 1000.0, "overshoot_cost": 5891.997451027997, "power_cost": 30.292762744140628, "noise_cost": 94.40882365636084, "n_waypoints_completed": 0, "tot_waypoints": 9}}
{"target": -20053.334984747817, "params": {"k_pid_pos": [1.8296633958816528, 0.0, 0.04609432816505432], "k_pid_alt": [0.0, 0.0, 1.0], "k_pid_att": [0.0, 10.0, 0.9561719298362732], "k_pid_yaw": [0.5, 1e-06, 0.1], "k_pid_hsp": [9.999999747378752e-05, 1.0, 0.9729245901107788], "k_pid_vsp": [0.0, 397.1053466796875, 378.7596740722656]}, "datetime": {"datetime": "2025-08-21 21:10:01", "elapsed": 44718.26068639755, "delta": 25.613473415374756}, "costs": {"total_cost": 20053.334984747817, "time_cost": 150, "final_distance_cost": 6342.890752883061, "oscillation_cost": 2257.5382216536377, "completition_cost": 1000.0, "overshoot_cost": 10178.523214717407, "power_cost": 29.371412915039063, "noise_cost": 95.01138257867065, "n_waypoints_completed": 0, "tot_waypoints": 9}}
{"target": -5669.811292698121, "params": {"k_pid_pos": [1.9650272130966187, 0.0, 0.08317959308624268], "k_pid_alt": [0.1547311544418335, 0.0, 1.0], "k_pid_att": [0.0, 9.881230354309082, 1.0], "k_pid_yaw": [0.5, 1e-06, 0.1], "k_pid_hsp": [1.0089805126190186, 1.0, 1.0], "k_pid_vsp": [0.0, 400.0, 381.2187194824219]}, "datetime": {"datetime": "2025-08-21 21:10:24", "elapsed": 44741.1376850605, "delta": 22.87699866294861}, "costs": {"total_cost": 5669.811292698121, "time_cost": 150, "final_distance_cost": 338.681831292453, "oscillation_cost": 1951.036782188435, "completition_cost": 1000.0, "overshoot_cost": 2090.5282697696275, "power_cost": 35.37138327636719, "noise_cost": 104.19302617123832, "n_waypoints_completed": 0, "tot_waypoints": 9}}
{"target": -1687.0040235527658, "params": {"k_pid_pos": [2.0, 0.005210965871810913, 0.0], "k_pid_alt": [0.0, 0.0, 1.0], "k_pid_att": [4.6648712158203125, 9.417847633361816, 0.9131015539169312], "k_pid_yaw": [0.5, 1e-06, 0.1], "k_pid_hsp": [9.999999747378752e-05, 0.969070315361023, 0.9750704169273376], "k_pid_vsp": [0.0, 365.6143798828125, 400.0]}, "datetime": {"datetime": "2025-08-21 21:10:48", "elapsed": 44765.328578948975, "delta": 24.19089388847351}, "costs": {"total_cost": 1687.0040235527658, "time_cost": 150, "final_distance_cost": 8.76402364071796, "oscillation_cost": 304.5615897207785, "completition_cost": 1000.0, "overshoot_cost": 136.94576169302286, "power_cost": 21.365405078125, "noise_cost": 65.36724342012177, "n_waypoints_completed": 0, "tot_waypoints": 9}}
{"target": -3807.384436835038, "params": {"k_pid_pos": [2.0, 0.037681132555007935, 0.048170894384384155], "k_pid_alt": [0.0623621940612793, 0.06652817130088806, 1.0], "k_pid_att": [10.407328605651855, 10.0, 0.9610413312911987], "k_pid_yaw": [0.5, 1e-06, 0.1], "k_pid_hsp": [9.999999747378752e-05, 0.9555216431617737, 0.9596036672592163], "k_pid_vsp": [0.0, 370.36376953125, 378.9028625488281]}, "datetime": {"datetime": "2025-08-21 21:11:13", "elapsed": 44789.83050465584, "delta": 24.501925706863403}, "costs": {"total_cost": 3807.384436835038, "time_cost": 150, "final_distance_cost": 1094.245914724793, "oscillation_cost": 159.67735039066054, "completition_cost": 1000.0, "overshoot_cost": 1365.0278791209541, "power_cost": 20.11348669433594, "noise_cost": 18.31980590429462, "n_waypoints_completed": 0, "tot_waypoints": 9}}
{"target": -4082.958444511454, "params": {"k_pid_pos": [1.858819842338562, 0.0, 0.0], "k_pid_alt": [0.13629060983657837, 0.003344506025314331, 0.979889988899231], "k_pid_att": [3.821617364883423, 9.966659545898438, 0.9994328022003174], "k_pid_yaw": [0.5, 1e-06, 0.1], "k_pid_hsp": [9.999999747378752e-05, 1.0, 1.0], "k_pid_vsp": [0.0, 385.08087158203125, 394.0]}, "datetime": {"datetime": "2025-08-21 21:11:36", "elapsed": 44812.782901763916, "delta": 22.952397108078003}, "costs": {"total_cost": 4082.958444511454, "time_cost": 150, "final_distance_cost": 1194.8417454174562, "oscillation_cost": 180.67589809639156, "completition_cost": 1000.0, "overshoot_cost": 1522.1766191473644, "power_cost": 20.178714355468752, "noise_cost": 15.085467494773049, "n_waypoints_completed": 0, "tot_waypoints": 9}}
{"target": -16086.640481936136, "params": {"k_pid_pos": [2.0, 0.024225890636444092, 0.0], "k_pid_alt": [0.0, 0.0, 1.0], "k_pid_att": [0.0, 9.221866607666016, 0.9734699726104736], "k_pid_yaw": [0.5, 1e-06, 0.1], "k_pid_hsp": [0.5459392666816711, 1.0, 0.9697633385658264], "k_pid_vsp": [0.0, 388.2672424316406, 383.6046142578125]}, "datetime": {"datetime": "2025-08-21 21:12:01", "elapsed": 44837.78874349594, "delta": 25.005841732025146}, "costs": {"total_cost": 16086.640481936136, "time_cost": 150, "final_distance_cost": 4939.755528112609, "oscillation_cost": 1651.717978796008, "completition_cost": 1000.0, "overshoot_cost": 8217.593150590432, "power_cost": 30.572963085937502, "noise_cost": 97.00086135115143, "n_waypoints_completed": 0, "tot_waypoints": 9}}
{"target": -1592.669921537338, "params": {"k_pid_pos": [1.824002742767334, 0.0, 0.030680447816848755], "k_pid_alt": [0.03815370798110962, 0.05623695254325867, 1.0], "k_pid_att": [4.741785049438477, 9.908602714538574, 0.9826834201812744], "k_pid_yaw": [0.5, 1e-06, 0.1], "k_pid_hsp": [0.25743451714515686, 0.9241044521331787, 1.0], "k_pid_vsp": [0.0, 400.0, 374.07574462890625]}, "datetime": {"datetime": "2025-08-21 21:12:25", "elapsed": 44861.92053771019, "delta": 24.131794214248657}, "costs": {"total_cost": 1592.669921537338, "time_cost": 150, "final_distance_cost": 7.573949042799198, "oscillation_cost": 245.3801806406619, "completition_cost": 1000.0, "overshoot_cost": 147.01875324359514, "power_cost": 19.21724586181641, "noise_cost": 23.479792748465627, "n_waypoints_completed": 0, "tot_waypoints": 9}}
{"target": -5651.253555121213, "params": {"k_pid_pos": [1.8830153942108154, 0.0, 0.01912263035774231], "k_pid_alt": [0.009780347347259521, 0.05703246593475342, 0.9952622652053833], "k_pid_att": [0.0, 9.449176788330078, 1.0], "k_pid_yaw": [0.5, 1e-06, 0.1], "k_pid_hsp": [9.999999747378752e-05, 0.955784797668457, 1.0], "k_pid_vsp": [38.22209930419922, 379.8591003417969, 400.0]}, "datetime": {"datetime": "2025-08-21 21:12:49", "elapsed": 44885.67477273941, "delta": 23.75423502922058}, "costs": {"total_cost": 5651.253555121213, "time_cost": 150, "final_distance_cost": 760.9916193026373, "oscillation_cost": 1323.8972782934886, "completition_cost": 1000.0, "overshoot_cost": 2279.6465432096065, "power_cost": 34.57646076660156, "noise_cost": 102.14165354887932, "n_waypoints_completed": 0, "tot_waypoints": 9}}
{"target": -5311.666085340403, "params": {"k_pid_pos": [1.9628037214279175, 0.0, 0.044605910778045654], "k_pid_alt": [0.0, 0.01784837245941162, 1.0], "k_pid_att": [0.0, 10.0, 0.9514515995979309], "k_pid_yaw": [0.5, 1e-06, 0.1], "k_pid_hsp": [0.4864574074745178, 1.0, 0.99267578125], "k_pid_vsp": [0.0, 395.62384033203125, 365.11993408203125]}, "datetime": {"datetime": "2025-08-21 21:13:14", "elapsed": 44910.64839076996, "delta": 24.973618030548096}, "costs": {"total_cost": 5311.666085340403, "time_cost": 150, "final_distance_cost": 1101.4470009378754, "oscillation_cost": 1992.0234313354997, "completition_cost": 1000.0, "overshoot_cost": 936.1930226516135, "power_cost": 32.84244291992188, "noise_cost": 99.16018749549227, "n_waypoints_completed": 0, "tot_waypoints": 9}}
