{"target": -5242.126000583918, "params": {"k_pid_pos": [1.9890424013137817, 0.05668821930885315, 0.036970704793930054], "k_pid_alt": [0.03335762023925781, 0.057688772678375244, 0.9409472942352295], "k_pid_att": [9.10474681854248, 8.837736129760742, 0.9994989633560181], "k_pid_yaw": [0.5, 1e-06, 0.1], "k_pid_hsp": [0.35184910893440247, 1.0, 1.0], "k_pid_vsp": [1.5456438064575195, 400.0, 374.9657287597656]}, "datetime": {"datetime": "2025-08-21 14:15:10", "elapsed": 19827.095292806625, "delta": 22.996328115463257}, "costs": {"total_cost": 5242.126000583918, "time_cost": 150, "final_distance_cost": 1694.6304273324788, "oscillation_cost": 208.817199766207, "completition_cost": 1000.0, "overshoot_cost": 2156.1570025759615, "power_cost": 16.858690966796875, "noise_cost": 15.662679942473481, "n_waypoints_completed": 0, "tot_waypoints": 9}}
{"target": -1718.7052694654456, "params": {"k_pid_pos": [2.0, 0.0, 0.0], "k_pid_alt": [0.0, 0.0, 1.0], "k_pid_att": [3.781768798828125, 10.0, 1.0], "k_pid_yaw": [0.5, 1e-06, 0.1], "k_pid_hsp": [9.999999747378752e-05, 0.9739875793457031, 1.0], "k_pid_vsp": [0.0, 400.0, 398.3376770019531]}, "datetime": {"datetime": "2025-08-21 14:15:33", "elapsed": 19850.32277083397, "delta": 23.22747802734375}, "costs": {"total_cost": 1718.7052694654456, "time_cost": 150, "final_distance_cost": 8.499817366957247, "oscillation_cost": 306.89788863124795, "completition_cost": 1000.0, "overshoot_cost": 177.95893786071386, "power_cost": 13.81097490234375, "noise_cost": 61.53765070418254, "n_waypoints_completed": 0, "tot_waypoints": 9}}
{"target": -7354.862149239329, "params": {"k_pid_pos": [1.9184662103652954, 0.0, 0.05369371175765991], "k_pid_alt": [0.029180526733398438, 0.0, 1.0], "k_pid_att": [0.0, 9.88202953338623, 1.0], "k_pid_yaw": [0.5, 1e-06, 0.1], "k_pid_hsp": [0.8479342460632324, 0.965519905090332, 1.0], "k_pid_vsp": [19.031261444091797, 399.009765625, 390.7900695800781]}, "datetime": {"datetime": "2025-08-21 14:15:57", "elapsed": 19873.661655426025, "delta": 23.338884592056274}, "costs": {"total_cost": 7354.862149239329, "time_cost": 150, "final_distance_cost": 1173.9146350156095, "oscillation_cost": 2326.685298103934, "completition_cost": 1000.0, "overshoot_cost": 2603.6933407193387, "power_cost": 28.682473193359375, "noise_cost": 71.88640220708659, "n_waypoints_completed": 0, "tot_waypoints": 9}}
{"target": -6302.196015833632, "params": {"k_pid_pos": [1.9758574962615967, 0.014214903116226196, 0.020389854907989502], "k_pid_alt": [0.0, 0.0, 1.0], "k_pid_att": [0.0502169132232666, 10.0, 0.9881604909896851], "k_pid_yaw": [0.5, 1e-06, 0.1], "k_pid_hsp": [9.999999747378752e-05, 1.0, 1.0], "k_pid_vsp": [0.0, 400.0, 400.0]}, "datetime": {"datetime": "2025-08-21 14:16:20", "elapsed": 19896.542593717575, "delta": 22.880938291549683}, "costs": {"total_cost": 6302.196015833632, "time_cost": 150, "final_distance_cost": 1310.988666647986, "oscillation_cost": 987.0960029129647, "completition_cost": 1000.0, "overshoot_cost": 2760.776015597469, "power_cost": 19.54061007080078, "noise_cost": 73.79472060441269, "n_waypoints_completed": 0, "tot_waypoints": 9}}
{"target": -2305.4523554416037, "params": {"k_pid_pos": [2.0, 0.0, 0.0], "k_pid_alt": [0.0, 0.09220683574676514, 0.8492261171340942], "k_pid_att": [1.1271357536315918, 9.853928565979004, 1.0], "k_pid_yaw": [0.5, 1e-06, 0.1], "k_pid_hsp": [0.2603491544723511, 1.0, 1.0], "k_pid_vsp": [0.0, 382.34405517578125, 400.0]}, "datetime": {"datetime": "2025-08-21 14:16:43", "elapsed": 19920.066873550415, "delta": 23.524279832839966}, "costs": {"total_cost": 2305.4523554416037, "time_cost": 150, "final_distance_cost": 6.972625602146909, "oscillation_cost": 702.5940215129066, "completition_cost": 1000.0, "overshoot_cost": 326.5535247451321, "power_cost": 29.86005183105469, "noise_cost": 89.47213175036356, "n_waypoints_completed": 0, "tot_waypoints": 9}}
{"target": -2013.1129924557652, "params": {"k_pid_pos": [1.892899751663208, 0.005428820848464966, 0.0536649227142334], "k_pid_alt": [0.0, 0.0, 0.9938926696777344], "k_pid_att": [2.330160140991211, 9.955251693725586, 0.9885842204093933], "k_pid_yaw": [0.5, 1e-06, 0.1], "k_pid_hsp": [9.999999747378752e-05, 1.0, 0.9995207190513611], "k_pid_vsp": [4.628109931945801, 400.0, 400.0]}, "datetime": {"datetime": "2025-08-21 14:17:06", "elapsed": 19943.357653856277, "delta": 23.290780305862427}, "costs": {"total_cost": 2013.1129924557652, "time_cost": 150, "final_distance_cost": 100.74359701186143, "oscillation_cost": 387.58814611143947, "completition_cost": 1000.0, "overshoot_cost": 293.67810425234444, "power_cost": 15.862591149902345, "noise_cost": 65.24055393021771, "n_waypoints_completed": 0, "tot_waypoints": 9}}
{"target": -3485.2692604429885, "params": {"k_pid_pos": [2.0, 0.012895941734313965, 0.0017651617527008057], "k_pid_alt": [0.0, 0.0, 1.0], "k_pid_att": [0.0, 9.588043212890625, 1.0], "k_pid_yaw": [0.5, 1e-06, 0.1], "k_pid_hsp": [0.08886145800352097, 1.0, 0.9758656024932861], "k_pid_vsp": [0.0, 389.17132568359375, 388.0419006347656]}, "datetime": {"datetime": "2025-08-21 14:17:30", "elapsed": 19967.278379678726, "delta": 23.92072582244873}, "costs": {"total_cost": 3485.2692604429885, "time_cost": 150, "final_distance_cost": 449.1792691256118, "oscillation_cost": 1134.2595787647726, "completition_cost": 1000.0, "overshoot_cost": 649.6856799166792, "power_cost": 22.105586791992188, "noise_cost": 80.03914584393281, "n_waypoints_completed": 0, "tot_waypoints": 9}}
{"target": -4157.600420063312, "params": {"k_pid_pos": [1.8903160095214844, 0.023053914308547974, 0.033764421939849854], "k_pid_alt": [0.006191432476043701, 0.0, 1.0], "k_pid_att": [0.0, 10.0, 1.0], "k_pid_yaw": [0.5, 1e-06, 0.1], "k_pid_hsp": [0.5660243630409241, 0.9749205112457275, 1.0], "k_pid_vsp": [4.222095012664795, 400.0, 390.843994140625]}, "datetime": {"datetime": "2025-08-21 14:17:54", "elapsed": 19990.73463344574, "delta": 23.45625376701355}, "costs": {"total_cost": 4157.600420063312, "time_cost": 150, "final_distance_cost": 568.7508550144074, "oscillation_cost": 1292.2643589133952, "completition_cost": 1000.0, "overshoot_cost": 1021.1728344420114, "power_cost": 31.02206014404297, "noise_cost": 94.39031154945572, "n_waypoints_completed": 0, "tot_waypoints": 9}}
{"target": -1635.2755240875495, "params": {"k_pid_pos": [1.8988816738128662, 0.021731406450271606, 0.0], "k_pid_alt": [0.02524954080581665, 0.0, 0.9831540584564209], "k_pid_att": [4.670685768127441, 9.632180213928223, 1.0], "k_pid_yaw": [0.5, 1e-06, 0.1], "k_pid_hsp": [0.3463691174983978, 0.9721866846084595, 1.0], "k_pid_vsp": [0.8537650108337402, 387.236083984375, 398.4397277832031]}, "datetime": {"datetime": "2025-08-21 14:18:18", "elapsed": 20015.130403995514, "delta": 24.39577054977417}, "costs": {"total_cost": 1635.2755240875495, "time_cost": 150, "final_distance_cost": 15.731155085290956, "oscillation_cost": 282.6647038307329, "completition_cost": 1000.0, "overshoot_cost": 122.9709439377761, "power_cost": 19.37883377685547, "noise_cost": 44.529887456893974, "n_waypoints_completed": 0, "tot_waypoints": 9}}
{"target": -9756.728879987648, "params": {"k_pid_pos": [2.0, 0.01346367597579956, 0.0], "k_pid_alt": [0.0, 0.00032970309257507324, 0.9822326898574829], "k_pid_att": [0.0, 9.559226036071777, 1.0], "k_pid_yaw": [0.5, 1e-06, 0.1], "k_pid_hsp": [9.999999747378752e-05, 0.9593319892883301, 0.9792094230651855], "k_pid_vsp": [0.0, 377.67095947265625, 400.0]}, "datetime": {"datetime": "2025-08-21 14:18:42", "elapsed": 20038.58562898636, "delta": 23.455224990844727}, "costs": {"total_cost": 9756.728879987648, "time_cost": 150, "final_distance_cost": 2895.225533967361, "oscillation_cost": 608.5220148214626, "completition_cost": 1000.0, "overshoot_cost": 4973.160747176008, "power_cost": 32.68541500244141, "noise_cost": 97.13516902037354, "n_waypoints_completed": 0, "tot_waypoints": 9}}
{"target": -19958.71037450504, "params": {"k_pid_pos": [1.8571479320526123, 0.03910920023918152, 0.009428650140762329], "k_pid_alt": [0.0, 0.0, 0.9433717727661133], "k_pid_att": [0.0, 9.684656143188477, 1.0], "k_pid_yaw": [0.5, 1e-06, 0.1], "k_pid_hsp": [0.5712820291519165, 0.9549692869186401, 1.0], "k_pid_vsp": [0.0, 383.8919677734375, 400.0]}, "datetime": {"datetime": "2025-08-21 14:19:05", "elapsed": 20062.07413315773, "delta": 23.48850417137146}, "costs": {"total_cost": 19958.71037450504, "time_cost": 150, "final_distance_cost": 6213.586024825666, "oscillation_cost": 2246.494300127769, "completition_cost": 1000.0, "overshoot_cost": 10227.864881322805, "power_cost": 28.279588623046877, "noise_cost": 92.48557960575457, "n_waypoints_completed": 0, "tot_waypoints": 9}}
{"target": -2113.032855804595, "params": {"k_pid_pos": [2.0, 0.0, 0.0], "k_pid_alt": [0.0, 0.0, 0.965872049331665], "k_pid_att": [1.7272740602493286, 10.0, 0.9741381406784058], "k_pid_yaw": [0.5, 1e-06, 0.1], "k_pid_hsp": [9.999999747378752e-05, 1.0, 1.0], "k_pid_vsp": [0.0, 400.0, 394.509033203125]}, "datetime": {"datetime": "2025-08-21 14:19:28", "elapsed": 20085.05712890625, "delta": 22.982995748519897}, "costs": {"total_cost": 2113.032855804595, "time_cost": 150, "final_distance_cost": 69.15942010062538, "oscillation_cost": 512.6902497716924, "completition_cost": 1000.0, "overshoot_cost": 299.18985644261096, "power_cost": 15.64413436279297, "noise_cost": 66.3491951268731, "n_waypoints_completed": 0, "tot_waypoints": 9}}
{"target": -2241.8616826118873, "params": {"k_pid_pos": [1.9949369430541992, 0.04743066430091858, 0.033743977546691895], "k_pid_alt": [0.0, 0.0, 1.0], "k_pid_att": [0.5050957202911377, 9.278782844543457, 1.0], "k_pid_yaw": [0.5, 1e-06, 0.1], "k_pid_hsp": [0.2798527777194977, 1.0, 0.9543079137802124], "k_pid_vsp": [0.0, 400.0, 400.0]}, "datetime": {"datetime": "2025-08-21 14:19:52", "elapsed": 20108.979986667633, "delta": 23.922857761383057}, "costs": {"total_cost": 2241.8616826118873, "time_cost": 150, "final_distance_cost": 77.88887991582473, "oscillation_cost": 667.1686138760183, "completition_cost": 1000.0, "overshoot_cost": 264.7743775589001, "power_cost": 15.677470434570314, "noise_cost": 66.35234082657371, "n_waypoints_completed": 0, "tot_waypoints": 9}}
{"target": -4213.609844837112, "params": {"k_pid_pos": [1.997780203819275, 0.06636258959770203, 0.0], "k_pid_alt": [0.15081918239593506, 0.050582051277160645, 0.900640606880188], "k_pid_att": [0.0, 10.0, 1.0], "k_pid_yaw": [0.5, 1e-06, 0.1], "k_pid_hsp": [0.9211708903312683, 0.9781001806259155, 0.9557336568832397], "k_pid_vsp": [0.0, 386.783935546875, 384.50970458984375]}, "datetime": {"datetime": "2025-08-21 14:20:15", "elapsed": 20132.430392742157, "delta": 23.450406074523926}, "costs": {"total_cost": 4213.609844837112, "time_cost": 150, "final_distance_cost": 479.23672536569813, "oscillation_cost": 1297.0959019197192, "completition_cost": 1000.0, "overshoot_cost": 1159.084151178955, "power_cost": 31.765918579101562, "noise_cost": 96.42714779363821, "n_waypoints_completed": 0, "tot_waypoints": 9}}
{"target": -1734.5787648673365, "params": {"k_pid_pos": [1.8818572759628296, 0.0300481915473938, 0.0], "k_pid_alt": [0.0, 0.0, 1.0], "k_pid_att": [10.346492767333984, 10.0, 0.9542458653450012], "k_pid_yaw": [0.5, 1e-06, 0.1], "k_pid_hsp": [0.20675557851791382, 1.0, 0.9498649835586548], "k_pid_vsp": [0.0, 356.18377685546875, 400.0]}, "datetime": {"datetime": "2025-08-21 14:20:38", "elapsed": 20155.181827545166, "delta": 22.751434803009033}, "costs": {"total_cost": 1734.5787648673365, "time_cost": 150, "final_distance_cost": 164.8029902324941, "oscillation_cost": 238.91400677996046, "completition_cost": 1000.0, "overshoot_cost": 126.97347495416521, "power_cost": 17.62082254638672, "noise_cost": 36.26747035433002, "n_waypoints_completed": 0, "tot_waypoints": 9}}
{"target": -8851.066545267955, "params": {"k_pid_pos": [2.0, 0.005602478981018066, 0.0], "k_pid_alt": [0.22929918766021729, 0.030791133642196655, 1.0], "k_pid_att": [0.0, 9.99543285369873, 0.8788514137268066], "k_pid_yaw": [0.5, 1e-06, 0.1], "k_pid_hsp": [9.999999747378752e-05, 0.9725081920623779, 1.0], "k_pid_vsp": [0.0, 384.66424560546875, 363.736328125]}, "datetime": {"datetime": "2025-08-21 14:21:02", "elapsed": 20178.8633787632, "delta": 23.681551218032837}, "costs": {"total_cost": 8851.066545267955, "time_cost": 150, "final_distance_cost": 2402.407997605972, "oscillation_cost": 669.6896968994691, "completition_cost": 1000.0, "overshoot_cost": 4495.519471015885, "power_cost": 33.8020322631836, "noise_cost": 99.6473474834453, "n_waypoints_completed": 0, "tot_waypoints": 9}}
{"target": -6743.771425879564, "params": {"k_pid_pos": [1.9567797183990479, 0.0, 0.0], "k_pid_alt": [0.03597080707550049, 0.07410785555839539, 0.951086163520813], "k_pid_att": [0.0, 9.836031913757324, 1.0], "k_pid_yaw": [0.5, 1e-06, 0.1], "k_pid_hsp": [0.5777404308319092, 0.9598910808563232, 1.0], "k_pid_vsp": [10.037755966186523, 396.4346618652344, 369.62713623046875]}, "datetime": {"datetime": "2025-08-21 14:21:25", "elapsed": 20202.03573536873, "delta": 23.172356605529785}, "costs": {"total_cost": 6743.771425879564, "time_cost": 150, "final_distance_cost": 1083.3649775695562, "oscillation_cost": 1739.569456922851, "completition_cost": 1000.0, "overshoot_cost": 2635.000059475748, "power_cost": 34.120881970214846, "noise_cost": 101.71604994119258, "n_waypoints_completed": 0, "tot_waypoints": 9}}
{"target": -6800.522811947777, "params": {"k_pid_pos": [1.7520122528076172, 0.0, 0.09481823444366455], "k_pid_alt": [0.0, 0.0, 1.0], "k_pid_att": [0.0, 9.409881591796875, 0.9969341158866882], "k_pid_yaw": [0.5, 1e-06, 0.1], "k_pid_hsp": [9.999999747378752e-05, 1.0, 0.9589780569076538], "k_pid_vsp": [1.6451239585876465, 397.67041015625, 400.0]}, "datetime": {"datetime": "2025-08-21 14:21:49", "elapsed": 20225.587112665176, "delta": 23.551377296447754}, "costs": {"total_cost": 6800.522811947777, "time_cost": 150, "final_distance_cost": 1528.6650671613522, "oscillation_cost": 760.7704323335064, "completition_cost": 1000.0, "overshoot_cost": 3271.812669462459, "power_cost": 18.058622619628906, "noise_cost": 71.21602037082963, "n_waypoints_completed": 0, "tot_waypoints": 9}}
{"target": -5668.359969348156, "params": {"k_pid_pos": [1.889358639717102, 0.08116686344146729, 0.0], "k_pid_alt": [0.04040008783340454, 0.05103433132171631, 1.0], "k_pid_att": [0.0, 10.0, 0.9450516700744629], "k_pid_yaw": [0.5, 1e-06, 0.1], "k_pid_hsp": [0.1441817581653595, 0.9974321722984314, 0.9635000228881836], "k_pid_vsp": [0.0, 387.5361328125, 400.0]}, "datetime": {"datetime": "2025-08-21 14:22:11", "elapsed": 20248.257929563522, "delta": 22.670816898345947}, "costs": {"total_cost": 5668.359969348156, "time_cost": 150, "final_distance_cost": 894.18663136201, "oscillation_cost": 1838.181739648084, "completition_cost": 1000.0, "overshoot_cost": 1647.32284946113, "power_cost": 34.97278186035157, "noise_cost": 103.69596701657959, "n_waypoints_completed": 0, "tot_waypoints": 9}}
{"target": -1911.9129358531666, "params": {"k_pid_pos": [2.0, 0.0, 0.03230324387550354], "k_pid_alt": [0.0, 0.0, 1.0], "k_pid_att": [4.984161376953125, 10.0, 0.9956346750259399], "k_pid_yaw": [0.5, 1e-06, 0.1], "k_pid_hsp": [0.8114264607429504, 1.0, 1.0], "k_pid_vsp": [34.94193649291992, 400.0, 377.1984558105469]}, "datetime": {"datetime": "2025-08-21 14:22:34", "elapsed": 20271.148293972015, "delta": 22.890364408493042}, "costs": {"total_cost": 1911.9129358531666, "time_cost": 150, "final_distance_cost": 237.95630328638396, "oscillation_cost": 219.730749851627, "completition_cost": 888.8888888888888, "overshoot_cost": 376.8985923898194, "power_cost": 20.21318670654297, "noise_cost": 18.2252147299045, "n_waypoints_completed": 1, "tot_waypoints": 9}}
{"target": -2835.5215374981417, "params": {"k_pid_pos": [1.9479072093963623, 0.0, 0.030991703271865845], "k_pid_alt": [0.02247244119644165, 0.008746743202209473, 1.0], "k_pid_att": [0.7220953702926636, 9.598283767700195, 0.9962400197982788], "k_pid_yaw": [0.5, 1e-06, 0.1], "k_pid_hsp": [9.999999747378752e-05, 1.0, 0.9763668179512024], "k_pid_vsp": [0.0, 400.0, 365.94659423828125]}, "datetime": {"datetime": "2025-08-21 14:22:57", "elapsed": 20293.846554517746, "delta": 22.69826054573059}, "costs": {"total_cost": 2835.5215374981417, "time_cost": 150, "final_distance_cost": 220.42309729454604, "oscillation_cost": 926.458372835679, "completition_cost": 1000.0, "overshoot_cost": 414.65019430207025, "power_cost": 30.668457946777345, "noise_cost": 93.32141511906849, "n_waypoints_completed": 0, "tot_waypoints": 9}}
{"target": -3979.359580624589, "params": {"k_pid_pos": [1.9720606803894043, 0.014474838972091675, 0.052935391664505005], "k_pid_alt": [0.0, 0.0, 0.9744993448257446], "k_pid_att": [0.0, 9.573155403137207, 0.9514412879943848], "k_pid_yaw": [0.5, 1e-06, 0.1], "k_pid_hsp": [9.999999747378752e-05, 1.0, 1.0], "k_pid_vsp": [26.94971466064453, 395.23504638671875, 397.3460388183594]}, "datetime": {"datetime": "2025-08-21 14:23:20", "elapsed": 20316.80854845047, "delta": 22.961993932724}, "costs": {"total_cost": 3979.359580624589, "time_cost": 150, "final_distance_cost": 769.4309220640097, "oscillation_cost": 645.7405723695532, "completition_cost": 1000.0, "overshoot_cost": 1338.2208139021805, "power_cost": 13.954643493652345, "noise_cost": 62.01262879519353, "n_waypoints_completed": 0, "tot_waypoints": 9}}
{"target": -2942.1391135297054, "params": {"k_pid_pos": [1.9317961931228638, 0.0, 0.04868695139884949], "k_pid_alt": [0.0, 0.01873639225959778, 0.9446874856948853], "k_pid_att": [0.0, 10.0, 0.9404970407485962], "k_pid_yaw": [0.5, 1e-06, 0.1], "k_pid_hsp": [0.0386665016412735, 1.0, 1.0], "k_pid_vsp": [8.217763900756836, 400.0, 395.7106018066406]}, "datetime": {"datetime": "2025-08-21 14:23:44", "elapsed": 20340.469517707825, "delta": 23.660969257354736}, "costs": {"total_cost": 2942.1391135297054, "time_cost": 150, "final_distance_cost": 49.60104525589339, "oscillation_cost": 1434.4731574225832, "completition_cost": 1000.0, "overshoot_cost": 182.32989641410066, "power_cost": 30.95699619140625, "noise_cost": 94.77801824572185, "n_waypoints_completed": 0, "tot_waypoints": 9}}
{"target": -2952.9701718727906, "params": {"k_pid_pos": [1.8588693141937256, 0.0, 0.0], "k_pid_alt": [0.010623455047607422, 0.0, 0.9367564916610718], "k_pid_att": [7.660067081451416, 10.0, 0.9376833438873291], "k_pid_yaw": [0.5, 1e-06, 0.1], "k_pid_hsp": [9.999999747378752e-05, 0.9648040533065796, 0.9577588438987732], "k_pid_vsp": [1.2948393821716309, 400.0, 391.32708740234375]}, "datetime": {"datetime": "2025-08-21 14:24:10", "elapsed": 20367.002272844315, "delta": 26.532755136489868}, "costs": {"total_cost": 2952.9701718727906, "time_cost": 150, "final_distance_cost": 523.3864215887301, "oscillation_cost": 238.74799352537704, "completition_cost": 1000.0, "overshoot_cost": 995.7527391157835, "power_cost": 21.663194982910156, "noise_cost": 23.41982265999023, "n_waypoints_completed": 0, "tot_waypoints": 9}}
{"target": -5876.498920049627, "params": {"k_pid_pos": [2.0, 0.0, 0.027332931756973267], "k_pid_alt": [0.03912729024887085, 0.08798965811729431, 0.9806126356124878], "k_pid_att": [0.0, 10.0, 1.0], "k_pid_yaw": [0.5, 1e-06, 0.1], "k_pid_hsp": [9.999999747378752e-05, 1.0, 1.0], "k_pid_vsp": [0.0, 383.9559631347656, 373.7265625]}, "datetime": {"datetime": "2025-08-21 14:24:33", "elapsed": 20389.920469284058, "delta": 22.918196439743042}, "costs": {"total_cost": 5876.498920049627, "time_cost": 150, "final_distance_cost": 1027.1850068796887, "oscillation_cost": 1843.9299863730744, "completition_cost": 1000.0, "overshoot_cost": 1721.707420939784, "power_cost": 33.32495933837891, "noise_cost": 100.35154651869988, "n_waypoints_completed": 0, "tot_waypoints": 9}}
{"target": -12884.19171236758, "params": {"k_pid_pos": [2.0, 0.0323411226272583, 0.02421709895133972], "k_pid_alt": [0.04016393423080444, 0.0, 1.0], "k_pid_att": [0.0, 10.0, 0.9934210777282715], "k_pid_yaw": [0.5, 1e-06, 0.1], "k_pid_hsp": [0.36158037185668945, 1.0, 0.9915224313735962], "k_pid_vsp": [20.48305320739746, 400.0, 379.7392272949219]}, "datetime": {"datetime": "2025-08-21 14:24:57", "elapsed": 20414.036175727844, "delta": 24.11570644378662}, "costs": {"total_cost": 12884.19171236758, "time_cost": 150, "final_distance_cost": 4163.149987972562, "oscillation_cost": 2224.0173592926217, "completition_cost": 1000.0, "overshoot_cost": 5211.746818390254, "power_cost": 34.02705828857422, "noise_cost": 101.25048842356604, "n_waypoints_completed": 0, "tot_waypoints": 9}}
{"target": -5138.87632113255, "params": {"k_pid_pos": [1.877614974975586, 0.005013227462768555, 0.0], "k_pid_alt": [0.0, 0.07111531496047974, 0.992163896560669], "k_pid_att": [6.5260114669799805, 8.910969734191895, 1.0], "k_pid_yaw": [0.5, 1e-06, 0.1], "k_pid_hsp": [9.999999747378752e-05, 0.9828678369522095, 0.9862134456634521], "k_pid_vsp": [0.0, 400.0, 396.42230224609375]}, "datetime": {"datetime": "2025-08-21 14:25:20", "elapsed": 20437.39491891861, "delta": 23.35874319076538}, "costs": {"total_cost": 5138.87632113255, "time_cost": 150, "final_distance_cost": 1439.6341101314383, "oscillation_cost": 261.2701614326838, "completition_cost": 1000.0, "overshoot_cost": 2252.96369920122, "power_cost": 19.925749645996095, "noise_cost": 15.082600721211884, "n_waypoints_completed": 0, "tot_waypoints": 9}}
{"target": -2876.796250275506, "params": {"k_pid_pos": [2.0, 0.07163545489311218, 0.0], "k_pid_alt": [0.0, 0.0, 1.0], "k_pid_att": [3.2879443168640137, 10.0, 1.0], "k_pid_yaw": [0.5, 1e-06, 0.1], "k_pid_hsp": [9.999999747378752e-05, 1.0, 0.9853068590164185], "k_pid_vsp": [23.482990264892578, 391.1232604980469, 400.0]}, "datetime": {"datetime": "2025-08-21 14:25:44", "elapsed": 20460.483033418655, "delta": 23.088114500045776}, "costs": {"total_cost": 2876.796250275506, "time_cost": 150, "final_distance_cost": 639.4181672951826, "oscillation_cost": 245.26921807412094, "completition_cost": 1000.0, "overshoot_cost": 795.3410591558016, "power_cost": 18.17742120361328, "noise_cost": 28.590384546787423, "n_waypoints_completed": 0, "tot_waypoints": 9}}
