{"target": -6091.88581862844, "params": {"k_pid_pos": [2.0, 0.08093380928039551, 0.0058068931102752686], "k_pid_alt": [0.0, 0.016704201698303223, 1.0], "k_pid_att": [0.0, 9.614072799682617, 0.9738048315048218], "k_pid_yaw": [0.5, 1e-06, 0.1], "k_pid_hsp": [0.2669425308704376, 1.0, 1.0], "k_pid_vsp": [0.0, 400.0, 384.5451354980469]}, "datetime": {"datetime": "2025-08-21 09:49:45", "elapsed": 3901.923921585083, "delta": 32.41590714454651}, "costs": {"total_cost": 6091.88581862844, "time_cost": 150, "final_distance_cost": 1237.7955327320242, "oscillation_cost": 2044.1661530260262, "completition_cost": 1000.0, "overshoot_cost": 1522.3045503684998, "power_cost": 34.65027150878906, "noise_cost": 102.96931099310046, "n_waypoints_completed": 0, "tot_waypoints": 9}}
{"target": -9560.989729104635, "params": {"k_pid_pos": [2.0, 0.049012184143066406, 0.006427496671676636], "k_pid_alt": [0.08821004629135132, 0.025794416666030884, 1.0], "k_pid_att": [0.2413630485534668, 9.725059509277344, 0.9635980725288391], "k_pid_yaw": [0.5, 1e-06, 0.1], "k_pid_hsp": [9.999999747378752e-05, 0.9986552000045776, 0.9471417665481567], "k_pid_vsp": [12.843918800354004, 400.0, 400.0]}, "datetime": {"datetime": "2025-08-21 09:50:15", "elapsed": 3931.664290189743, "delta": 29.740368604660034}, "costs": {"total_cost": 9560.989729104635, "time_cost": 150, "final_distance_cost": 3090.561735714941, "oscillation_cost": 1899.9709994283817, "completition_cost": 1000.0, "overshoot_cost": 3284.481733653503, "power_cost": 34.25483395996094, "noise_cost": 101.72042634784698, "n_waypoints_completed": 0, "tot_waypoints": 9}}
{"target": -6867.227952024373, "params": {"k_pid_pos": [2.0, 0.0, 0.0], "k_pid_alt": [0.0, 0.038952410221099854, 1.0], "k_pid_att": [0.0, 10.0, 1.0], "k_pid_yaw": [0.5, 1e-06, 0.1], "k_pid_hsp": [0.2712733745574951, 0.9570642709732056, 0.9370681047439575], "k_pid_vsp": [0.0, 400.0, 391.7512512207031]}, "datetime": {"datetime": "2025-08-21 09:50:46", "elapsed": 3962.6224930286407, "delta": 30.958202838897705}, "costs": {"total_cost": 6867.227952024373, "time_cost": 150, "final_distance_cost": 1523.054251237816, "oscillation_cost": 1840.7708805804732, "completition_cost": 1000.0, "overshoot_cost": 2218.434411645095, "power_cost": 33.74902828369141, "noise_cost": 101.21938027729728, "n_waypoints_completed": 0, "tot_waypoints": 9}}
{"target": -1688.2732624089726, "params": {"k_pid_pos": [1.7653099298477173, 0.057414889335632324, 0.0646904706954956], "k_pid_alt": [0.0, 0.08505678176879883, 0.9796324372291565], "k_pid_att": [7.966533184051514, 9.837115287780762, 0.956623911857605], "k_pid_yaw": [0.5, 1e-06, 0.1], "k_pid_hsp": [0.5206615328788757, 1.0, 1.0], "k_pid_vsp": [0.0, 400.0, 400.0]}, "datetime": {"datetime": "2025-08-21 09:51:12", "elapsed": 3988.8218836784363, "delta": 26.199390649795532}, "costs": {"total_cost": 1688.2732624089726, "time_cost": 150, "final_distance_cost": 12.305618069266988, "oscillation_cost": 320.6729610685196, "completition_cost": 1000.0, "overshoot_cost": 129.3413493766899, "power_cost": 22.248871435546874, "noise_cost": 53.704462458949294, "n_waypoints_completed": 0, "tot_waypoints": 9}}
{"target": -1710.206353253977, "params": {"k_pid_pos": [2.0, 0.0, 0.0202501118183136], "k_pid_alt": [0.0, 0.037136614322662354, 0.9284993410110474], "k_pid_att": [3.694826364517212, 9.820220947265625, 1.0], "k_pid_yaw": [0.5, 1e-06, 0.1], "k_pid_hsp": [0.023098817095160484, 0.9722899794578552, 0.9750442504882812], "k_pid_vsp": [0.0, 400.0, 400.0]}, "datetime": {"datetime": "2025-08-21 09:51:42", "elapsed": 4019.1713263988495, "delta": 30.349442720413208}, "costs": {"total_cost": 1710.206353253977, "time_cost": 150, "final_distance_cost": 3.2744768382194223, "oscillation_cost": 308.9616263436055, "completition_cost": 1000.0, "overshoot_cost": 136.08664723686672, "power_cost": 27.791529565429688, "noise_cost": 84.09207326985582, "n_waypoints_completed": 0, "tot_waypoints": 9}}
{"target": -2536.905715003838, "params": {"k_pid_pos": [1.9655494689941406, 0.0, 0.0], "k_pid_alt": [0.0, 0.0, 1.0], "k_pid_att": [7.918625831604004, 10.0, 0.9292402267456055], "k_pid_yaw": [0.5, 1e-06, 0.1], "k_pid_hsp": [0.3439929783344269, 1.0, 0.9361106157302856], "k_pid_vsp": [18.627309799194336, 400.0, 400.0]}, "datetime": {"datetime": "2025-08-21 09:52:16", "elapsed": 4052.7719326019287, "delta": 33.600606203079224}, "costs": {"total_cost": 2536.905715003838, "time_cost": 150, "final_distance_cost": 594.0889771098662, "oscillation_cost": 181.07701422619888, "completition_cost": 888.8888888888888, "overshoot_cost": 691.315873266148, "power_cost": 16.408891186523437, "noise_cost": 15.126070326212655, "n_waypoints_completed": 1, "tot_waypoints": 9}}
{"target": -6339.637364880527, "params": {"k_pid_pos": [1.984153389930725, 0.06318026781082153, 0.0], "k_pid_alt": [0.13962411880493164, 0.06106308102607727, 0.9809672832489014], "k_pid_att": [0.0, 9.715746879577637, 1.0], "k_pid_yaw": [0.5, 1e-06, 0.1], "k_pid_hsp": [0.44065943360328674, 0.9936707019805908, 1.0], "k_pid_vsp": [0.0, 400.0, 400.0]}, "datetime": {"datetime": "2025-08-21 09:52:44", "elapsed": 4081.366845369339, "delta": 28.59491276741028}, "costs": {"total_cost": 6339.637364880527, "time_cost": 150, "final_distance_cost": 842.4131181980715, "oscillation_cost": 2009.1169919469085, "completition_cost": 1000.0, "overshoot_cost": 2204.033877155379, "power_cost": 33.704350292968755, "noise_cost": 100.36902728719943, "n_waypoints_completed": 0, "tot_waypoints": 9}}
{"target": -1715.178996448743, "params": {"k_pid_pos": [1.892193078994751, 0.024881988763809204, 0.022066771984100342], "k_pid_alt": [0.018006861209869385, 0.01846405863761902, 0.9645939469337463], "k_pid_att": [12.044772148132324, 10.0, 0.9587259292602539], "k_pid_yaw": [0.5, 1e-06, 0.1], "k_pid_hsp": [0.8719689846038818, 0.9834222793579102, 0.9475460648536682], "k_pid_vsp": [18.205081939697266, 400.0, 400.0]}, "datetime": {"datetime": "2025-08-21 09:53:15", "elapsed": 4111.9596910476685, "delta": 30.592845678329468}, "costs": {"total_cost": 1715.178996448743, "time_cost": 150, "final_distance_cost": 1.1034547321510633, "oscillation_cost": 343.2277595221295, "completition_cost": 1000.0, "overshoot_cost": 135.92675564047434, "power_cost": 19.74455115966797, "noise_cost": 65.17647539432039, "n_waypoints_completed": 0, "tot_waypoints": 9}}
{"target": -2380.386481062776, "params": {"k_pid_pos": [2.0, 0.0, 0.0021667182445526123], "k_pid_alt": [0.0, 0.06700211763381958, 0.9995250701904297], "k_pid_att": [0.6228774785995483, 9.96064567565918, 1.0], "k_pid_yaw": [0.5, 1e-06, 0.1], "k_pid_hsp": [9.999999747378752e-05, 1.0, 0.9925865530967712], "k_pid_vsp": [5.624425411224365, 400.0, 399.44036865234375]}, "datetime": {"datetime": "2025-08-21 09:53:41", "elapsed": 4138.108609199524, "delta": 26.14891815185547}, "costs": {"total_cost": 2380.386481062776, "time_cost": 150, "final_distance_cost": 76.16976452204213, "oscillation_cost": 582.8835593975348, "completition_cost": 1000.0, "overshoot_cost": 449.31360089514425, "power_cost": 30.629506567382816, "noise_cost": 91.39004968067198, "n_waypoints_completed": 0, "tot_waypoints": 9}}
{"target": -12155.572676172505, "params": {"k_pid_pos": [2.0, 0.0783412754535675, 0.0], "k_pid_alt": [0.0, 0.0, 0.973505973815918], "k_pid_att": [0.0, 10.0, 0.9862080216407776], "k_pid_yaw": [0.5, 1e-06, 0.1], "k_pid_hsp": [9.999999747378752e-05, 1.0, 1.0], "k_pid_vsp": [0.0, 400.0, 400.0]}, "datetime": {"datetime": "2025-08-21 09:54:12", "elapsed": 4168.950450181961, "delta": 30.841840982437134}, "costs": {"total_cost": 12155.572676172505, "time_cost": 150, "final_distance_cost": 3473.928621633577, "oscillation_cost": 2137.7429773621075, "completition_cost": 1000.0, "overshoot_cost": 5275.283723306819, "power_cost": 27.24294483642578, "noise_cost": 91.37440903357657, "n_waypoints_completed": 0, "tot_waypoints": 9}}
{"target": -5915.044508615712, "params": {"k_pid_pos": [1.9654091596603394, 0.013679027557373047, 0.004594653844833374], "k_pid_alt": [0.0474814772605896, 0.017590880393981934, 1.0], "k_pid_att": [0.0, 10.0, 0.9820241332054138], "k_pid_yaw": [0.5, 1e-06, 0.1], "k_pid_hsp": [0.5184209942817688, 0.9897165894508362, 0.9716847538948059], "k_pid_vsp": [7.193493843078613, 388.6933898925781, 391.98724365234375]}, "datetime": {"datetime": "2025-08-21 09:54:38", "elapsed": 4195.369057178497, "delta": 26.418606996536255}, "costs": {"total_cost": 5915.044508615712, "time_cost": 150, "final_distance_cost": 718.3511504953283, "oscillation_cost": 2087.3771657728553, "completition_cost": 1000.0, "overshoot_cost": 1829.8227864056182, "power_cost": 31.89346589355469, "noise_cost": 97.59994004835576, "n_waypoints_completed": 0, "tot_waypoints": 9}}
{"target": -1949.0303092519157, "params": {"k_pid_pos": [1.8801422119140625, 0.006534934043884277, 0.060034215450286865], "k_pid_alt": [0.10109764337539673, 0.0, 0.9877649545669556], "k_pid_att": [2.625739574432373, 9.567939758300781, 0.9803314208984375], "k_pid_yaw": [0.5, 1e-06, 0.1], "k_pid_hsp": [9.999999747378752e-05, 1.0, 1.0], "k_pid_vsp": [0.0, 400.0, 400.0]}, "datetime": {"datetime": "2025-08-21 09:55:08", "elapsed": 4224.881863594055, "delta": 29.51280641555786}, "costs": {"total_cost": 1949.0303092519157, "time_cost": 150, "final_distance_cost": 81.9973340554215, "oscillation_cost": 349.2431910510508, "completition_cost": 1000.0, "overshoot_cost": 263.6835168918691, "power_cost": 25.54414724121094, "noise_cost": 78.56212001236304, "n_waypoints_completed": 0, "tot_waypoints": 9}}
{"target": -4570.885759882039, "params": {"k_pid_pos": [2.0, 0.05114245414733887, 0.09098321199417114], "k_pid_alt": [0.0, 0.0, 1.0], "k_pid_att": [0.0, 9.661919593811035, 1.0], "k_pid_yaw": [0.5, 1e-06, 0.1], "k_pid_hsp": [9.999999747378752e-05, 0.9423626661300659, 1.0], "k_pid_vsp": [10.758125305175781, 400.0, 400.0]}, "datetime": {"datetime": "2025-08-21 09:55:34", "elapsed": 4251.382462978363, "delta": 26.50059938430786}, "costs": {"total_cost": 4570.885759882039, "time_cost": 150, "final_distance_cost": 447.33308369747505, "oscillation_cost": 1636.535956349147, "completition_cost": 1000.0, "overshoot_cost": 1232.0806143333841, "power_cost": 23.10654149169922, "noise_cost": 81.82956401033341, "n_waypoints_completed": 0, "tot_waypoints": 9}}
{"target": -2213.316121703112, "params": {"k_pid_pos": [1.9165418148040771, 0.0, 0.04732576012611389], "k_pid_alt": [0.0, 0.07042908668518066, 1.0], "k_pid_att": [6.433963775634766, 9.746600151062012, 0.951095461845398], "k_pid_yaw": [0.5, 1e-06, 0.1], "k_pid_hsp": [9.999999747378752e-05, 0.8995435237884521, 0.8981798887252808], "k_pid_vsp": [15.208244323730469, 400.0, 400.0]}, "datetime": {"datetime": "2025-08-21 09:56:02", "elapsed": 4279.276877164841, "delta": 27.89441418647766}, "costs": {"total_cost": 2213.316121703112, "time_cost": 150, "final_distance_cost": 228.01221096141444, "oscillation_cost": 198.82403419777563, "completition_cost": 1000.0, "overshoot_cost": 601.9646986473186, "power_cost": 18.30079267578125, "noise_cost": 16.21438522082192, "n_waypoints_completed": 0, "tot_waypoints": 9}}
{"target": -6197.44523318135, "params": {"k_pid_pos": [2.0, 0.0, 0.0], "k_pid_alt": [0.011721909046173096, 0.027712702751159668, 1.0], "k_pid_att": [0.08674263954162598, 10.0, 0.951230525970459], "k_pid_yaw": [0.5, 1e-06, 0.1], "k_pid_hsp": [9.999999747378752e-05, 0.9521245956420898, 1.0], "k_pid_vsp": [10.264265060424805, 400.0, 400.0]}, "datetime": {"datetime": "2025-08-21 09:56:30", "elapsed": 4307.089509010315, "delta": 27.812631845474243}, "costs": {"total_cost": 6197.44523318135, "time_cost": 150, "final_distance_cost": 1210.1298288613573, "oscillation_cost": 1683.2415187626038, "completition_cost": 1000.0, "overshoot_cost": 2027.447181228235, "power_cost": 31.438034399414065, "noise_cost": 95.18866992973892, "n_waypoints_completed": 0, "tot_waypoints": 9}}
{"target": -6930.703843856177, "params": {"k_pid_pos": [1.9932655096054077, 0.008223474025726318, 0.0], "k_pid_alt": [0.0, 0.022895097732543945, 1.0], "k_pid_att": [0.0, 10.0, 0.9908977746963501], "k_pid_yaw": [0.5, 1e-06, 0.1], "k_pid_hsp": [9.999999747378752e-05, 0.9744017720222473, 0.9767201542854309], "k_pid_vsp": [0.0, 380.01043701171875, 400.0]}, "datetime": {"datetime": "2025-08-21 09:56:59", "elapsed": 4336.281342506409, "delta": 29.19183349609375}, "costs": {"total_cost": 6930.703843856177, "time_cost": 150, "final_distance_cost": 1458.3476635744103, "oscillation_cost": 2020.8722274272989, "completition_cost": 1000.0, "overshoot_cost": 2169.9245570985217, "power_cost": 32.81335314941406, "noise_cost": 98.7460426065314, "n_waypoints_completed": 0, "tot_waypoints": 9}}
{"target": -5820.697694250828, "params": {"k_pid_pos": [2.0, 0.05754867196083069, 0.0332646369934082], "k_pid_alt": [0.0, 0.05347391963005066, 1.0], "k_pid_att": [0.0, 9.731571197509766, 1.0], "k_pid_yaw": [0.5, 1e-06, 0.1], "k_pid_hsp": [0.20870821177959442, 1.0, 1.0], "k_pid_vsp": [0.0, 400.0, 400.0]}, "datetime": {"datetime": "2025-08-21 09:57:24", "elapsed": 4361.3546595573425, "delta": 25.073317050933838}, "costs": {"total_cost": 5820.697694250828, "time_cost": 150, "final_distance_cost": 1332.2831742231494, "oscillation_cost": 1654.2069484628742, "completition_cost": 1000.0, "overshoot_cost": 1544.8553246012586, "power_cost": 35.28872950439453, "noise_cost": 104.06351745915106, "n_waypoints_completed": 0, "tot_waypoints": 9}}
{"target": -2823.9303417912834, "params": {"k_pid_pos": [2.0, 0.0, 0.0], "k_pid_alt": [0.0, 0.06575256586074829, 1.0], "k_pid_att": [0.41955113410949707, 9.519174575805664, 1.0], "k_pid_yaw": [0.5, 1e-06, 0.1], "k_pid_hsp": [0.0050098830834031105, 1.0, 0.9724323749542236], "k_pid_vsp": [17.395580291748047, 400.0, 400.0]}, "datetime": {"datetime": "2025-08-21 09:57:55", "elapsed": 4391.871036529541, "delta": 30.516376972198486}, "costs": {"total_cost": 2823.9303417912834, "time_cost": 150, "final_distance_cost": 275.6513175616208, "oscillation_cost": 877.7562625032482, "completition_cost": 1000.0, "overshoot_cost": 395.44124969012245, "power_cost": 31.239231005859377, "noise_cost": 93.8422810304327, "n_waypoints_completed": 0, "tot_waypoints": 9}}
{"target": -1886.2317650042153, "params": {"k_pid_pos": [1.989066481590271, 0.08013421297073364, 0.0], "k_pid_alt": [0.0, 0.0, 0.9420918226242065], "k_pid_att": [2.191758155822754, 10.0, 1.0], "k_pid_yaw": [0.5, 1e-06, 0.1], "k_pid_hsp": [9.999999747378752e-05, 1.0, 0.9491223096847534], "k_pid_vsp": [13.599014282226562, 380.3810729980469, 359.76568603515625]}, "datetime": {"datetime": "2025-08-21 09:58:23", "elapsed": 4419.756355047226, "delta": 27.885318517684937}, "costs": {"total_cost": 1886.2317650042153, "time_cost": 150, "final_distance_cost": 32.125011258509716, "oscillation_cost": 430.0140905055403, "completition_cost": 1000.0, "overshoot_cost": 167.18941388731852, "power_cost": 26.785955078125003, "noise_cost": 80.11729427472197, "n_waypoints_completed": 0, "tot_waypoints": 9}}
{"target": -5210.402780019815, "params": {"k_pid_pos": [2.0, 0.08462142944335938, 0.0], "k_pid_alt": [0.0, 0.0, 0.9010412693023682], "k_pid_att": [0.0, 9.570036888122559, 0.9314886927604675], "k_pid_yaw": [0.5, 1e-06, 0.1], "k_pid_hsp": [9.999999747378752e-05, 0.9409016370773315, 0.9544681310653687], "k_pid_vsp": [20.57764434814453, 400.0, 396.2556457519531]}, "datetime": {"datetime": "2025-08-21 09:58:51", "elapsed": 4447.502707242966, "delta": 27.746352195739746}, "costs": {"total_cost": 5210.402780019815, "time_cost": 150, "final_distance_cost": 667.2832542560832, "oscillation_cost": 1221.765620669144, "completition_cost": 1000.0, "overshoot_cost": 2074.1748463427793, "power_cost": 20.765871337890626, "noise_cost": 76.41318741391763, "n_waypoints_completed": 0, "tot_waypoints": 9}}
{"target": -8921.340952981389, "params": {"k_pid_pos": [1.830631136894226, 0.029467672109603882, 0.03516337275505066], "k_pid_alt": [0.12714874744415283, 0.0, 1.0], "k_pid_att": [0.0, 9.738463401794434, 0.9980571269989014], "k_pid_yaw": [0.5, 1e-06, 0.1], "k_pid_hsp": [9.999999747378752e-05, 0.98690265417099, 0.9823044538497925], "k_pid_vsp": [0.0, 384.776611328125, 400.0]}, "datetime": {"datetime": "2025-08-21 09:59:24", "elapsed": 4480.791641712189, "delta": 33.28893446922302}, "costs": {"total_cost": 8921.340952981389, "time_cost": 150, "final_distance_cost": 2189.3646894055114, "oscillation_cost": 863.2650214211782, "completition_cost": 1000.0, "overshoot_cost": 4587.957579501162, "power_cost": 32.79354777832032, "noise_cost": 97.96011487521677, "n_waypoints_completed": 0, "tot_waypoints": 9}}
{"target": -10848.176868321783, "params": {"k_pid_pos": [2.0, 0.0, 0.0], "k_pid_alt": [0.0, 0.0, 1.0], "k_pid_att": [0.0, 9.825769424438477, 1.0], "k_pid_yaw": [0.5, 1e-06, 0.1], "k_pid_hsp": [0.7880023717880249, 1.0, 1.0], "k_pid_vsp": [30.64737319946289, 400.0, 374.8060607910156]}, "datetime": {"datetime": "2025-08-21 09:59:54", "elapsed": 4511.197613239288, "delta": 30.40597152709961}, "costs": {"total_cost": 10848.176868321783, "time_cost": 150, "final_distance_cost": 3808.1687123385414, "oscillation_cost": 1705.0351501234543, "completition_cost": 1000.0, "overshoot_cost": 4065.8610402524414, "power_cost": 27.571868713378908, "noise_cost": 91.5400968939662, "n_waypoints_completed": 0, "tot_waypoints": 9}}
{"target": -1648.2108120835858, "params": {"k_pid_pos": [1.9860637187957764, 0.0, 0.0023435354232788086], "k_pid_alt": [0.006180763244628906, 0.0013536512851715088, 1.0], "k_pid_att": [7.233029365539551, 9.975573539733887, 1.0], "k_pid_yaw": [0.5, 1e-06, 0.1], "k_pid_hsp": [9.999999747378752e-05, 0.9521738290786743, 1.0], "k_pid_vsp": [8.528125762939453, 380.52001953125, 400.0]}, "datetime": {"datetime": "2025-08-21 10:00:28", "elapsed": 4544.8110435009, "delta": 33.61343026161194}, "costs": {"total_cost": 1648.2108120835858, "time_cost": 150, "final_distance_cost": 17.590342594029885, "oscillation_cost": 278.82775139177284, "completition_cost": 1000.0, "overshoot_cost": 133.1012159052008, "power_cost": 20.66495985107422, "noise_cost": 48.026542341507984, "n_waypoints_completed": 0, "tot_waypoints": 9}}
{"target": -4149.658681977289, "params": {"k_pid_pos": [2.0, 0.0, 0.0], "k_pid_alt": [0.0, 0.07462164759635925, 1.0], "k_pid_att": [0.0, 9.354792594909668, 1.0], "k_pid_yaw": [0.5, 1e-06, 0.1], "k_pid_hsp": [9.999999747378752e-05, 0.9873411655426025, 1.0], "k_pid_vsp": [0.0, 388.119873046875, 400.0]}, "datetime": {"datetime": "2025-08-21 10:00:55", "elapsed": 4572.381839752197, "delta": 27.570796251296997}, "costs": {"total_cost": 4149.658681977289, "time_cost": 150, "final_distance_cost": 441.0941959129924, "oscillation_cost": 1156.9757824595354, "completition_cost": 1000.0, "overshoot_cost": 1275.5837800171066, "power_cost": 31.292274218750002, "noise_cost": 94.71264936890432, "n_waypoints_completed": 0, "tot_waypoints": 9}}
{"target": -3713.2670201425863, "params": {"k_pid_pos": [1.9233191013336182, 0.10802680253982544, 0.0641220211982727], "k_pid_alt": [0.06552964448928833, 0.04159092903137207, 1.0], "k_pid_att": [5.609780311584473, 9.354238510131836, 1.0], "k_pid_yaw": [0.5, 1e-06, 0.1], "k_pid_hsp": [0.36270567774772644, 1.0, 0.9504886865615845], "k_pid_vsp": [3.677058219909668, 378.21673583984375, 384.67498779296875]}, "datetime": {"datetime": "2025-08-21 10:01:28", "elapsed": 4604.5765171051025, "delta": 32.19467735290527}, "costs": {"total_cost": 3713.2670201425863, "time_cost": 150, "final_distance_cost": 965.223790106537, "oscillation_cost": 309.64111291430817, "completition_cost": 1000.0, "overshoot_cost": 1245.56646325627, "power_cost": 22.998665490722658, "noise_cost": 19.836988374748078, "n_waypoints_completed": 0, "tot_waypoints": 9}}
{"target": -1705.1253842335298, "params": {"k_pid_pos": [2.0, 0.0, 0.0], "k_pid_alt": [0.0, 0.018288612365722656, 0.953399658203125], "k_pid_att": [8.284258842468262, 9.71204948425293, 1.0], "k_pid_yaw": [0.5, 1e-06, 0.1], "k_pid_hsp": [0.4961564540863037, 1.0, 1.0], "k_pid_vsp": [23.124683380126953, 359.9698181152344, 400.0]}, "datetime": {"datetime": "2025-08-21 10:01:53", "elapsed": 4630.0179851055145, "delta": 25.441468000411987}, "costs": {"total_cost": 1705.1253842335298, "time_cost": 150, "final_distance_cost": 3.498936040493421, "oscillation_cost": 311.34411087361696, "completition_cost": 1000.0, "overshoot_cost": 139.78122317815343, "power_cost": 24.559534204101563, "noise_cost": 75.94157993716445, "n_waypoints_completed": 0, "tot_waypoints": 9}}
{"target": -5029.145400540331, "params": {"k_pid_pos": [1.9576420783996582, 0.0, 0.00479280948638916], "k_pid_alt": [0.04971247911453247, 0.0, 1.0], "k_pid_att": [0.3576308488845825, 9.994690895080566, 1.0], "k_pid_yaw": [0.5, 1e-06, 0.1], "k_pid_hsp": [9.999999747378752e-05, 1.0, 1.0], "k_pid_vsp": [0.0, 400.0, 378.6122741699219]}, "datetime": {"datetime": "2025-08-21 10:02:23", "elapsed": 4659.686008453369, "delta": 29.668023347854614}, "costs": {"total_cost": 5029.145400540331, "time_cost": 150, "final_distance_cost": 1001.2230116554357, "oscillation_cost": 996.2052304396439, "completition_cost": 1000.0, "overshoot_cost": 1759.6378197756596, "power_cost": 30.059998168945313, "noise_cost": 92.01934050064659, "n_waypoints_completed": 0, "tot_waypoints": 9}}
{"target": -1909.27425821408, "params": {"k_pid_pos": [1.8754966259002686, 0.004382461309432983, 0.028646647930145264], "k_pid_alt": [0.12722456455230713, 0.0, 0.9299712777137756], "k_pid_att": [5.200204372406006, 10.0, 0.9737277030944824], "k_pid_yaw": [0.5, 1e-06, 0.1], "k_pid_hsp": [9.999999747378752e-05, 1.0, 1.0], "k_pid_vsp": [0.0, 400.0, 375.2417907714844]}, "datetime": {"datetime": "2025-08-21 10:02:49", "elapsed": 4685.922820806503, "delta": 26.236812353134155}, "costs": {"total_cost": 1909.27425821408, "time_cost": 150, "final_distance_cost": 280.2503770898228, "oscillation_cost": 206.1019077921315, "completition_cost": 1000.0, "overshoot_cost": 221.08557194971777, "power_cost": 20.61716182861328, "noise_cost": 31.21923955379447, "n_waypoints_completed": 0, "tot_waypoints": 9}}
