{"target": -16662.186684297307, "params": {"k_pid_pos": [1.935578465461731, 0.014268428087234497, 0.0], "k_pid_alt": [0.0929451584815979, 0.0, 1.0], "k_pid_att": [0.0, 10.0, 0.9519191384315491], "k_pid_yaw": [0.5, 1e-06, 0.1], "k_pid_hsp": [9.999999747378752e-05, 1.0, 0.968168318271637], "k_pid_vsp": [0.0, 374.6513977050781, 400.0]}, "datetime": {"datetime": "2025-08-21 11:03:20", "elapsed": 8317.35923743248, "delta": 23.269256353378296}, "costs": {"total_cost": 16662.186684297307, "time_cost": 150, "final_distance_cost": 5227.652960679016, "oscillation_cost": 2212.1802898098977, "completition_cost": 1000.0, "overshoot_cost": 7938.156344126173, "power_cost": 33.65568454589844, "noise_cost": 100.54140513632086, "n_waypoints_completed": 0, "tot_waypoints": 9}}
{"target": -2166.6614646200974, "params": {"k_pid_pos": [1.9590638875961304, 0.0, 0.0], "k_pid_alt": [0.0, 0.0, 1.0], "k_pid_att": [1.6813874244689941, 9.725090980529785, 0.9214122295379639], "k_pid_yaw": [0.5, 1e-06, 0.1], "k_pid_hsp": [0.10822830349206924, 1.0, 0.9723329544067383], "k_pid_vsp": [0.0, 400.0, 367.2327575683594]}, "datetime": {"datetime": "2025-08-21 11:03:43", "elapsed": 8340.179938077927, "delta": 22.820700645446777}, "costs": {"total_cost": 2166.6614646200974, "time_cost": 150, "final_distance_cost": 84.47026359721984, "oscillation_cost": 516.4778579488849, "completition_cost": 1000.0, "overshoot_cost": 333.0770891242893, "power_cost": 15.853538574218751, "noise_cost": 66.78271537548474, "n_waypoints_completed": 0, "tot_waypoints": 9}}
{"target": -4101.922923183017, "params": {"k_pid_pos": [2.0, 0.10821634531021118, 0.09652656316757202], "k_pid_alt": [0.21013593673706055, 0.0, 1.0], "k_pid_att": [0.0, 9.963759422302246, 1.0], "k_pid_yaw": [0.5, 1e-06, 0.1], "k_pid_hsp": [9.999999747378752e-05, 0.9773524403572083, 0.9849123954772949], "k_pid_vsp": [14.915645599365234, 374.0130310058594, 400.0]}, "datetime": {"datetime": "2025-08-21 11:04:06", "elapsed": 8363.395699739456, "delta": 23.21576166152954}, "costs": {"total_cost": 4101.922923183017, "time_cost": 150, "final_distance_cost": 156.56946735339423, "oscillation_cost": 1786.656452129994, "completition_cost": 1000.0, "overshoot_cost": 876.437043438807, "power_cost": 33.22500006103516, "noise_cost": 99.03496019978647, "n_waypoints_completed": 0, "tot_waypoints": 9}}
{"target": -1706.5602085895641, "params": {"k_pid_pos": [2.0, 0.04651340842247009, 0.0], "k_pid_alt": [0.0, 0.0, 0.9983511567115784], "k_pid_att": [3.8524389266967773, 10.0, 1.0], "k_pid_yaw": [0.5, 1e-06, 0.1], "k_pid_hsp": [1.147165298461914, 0.9297599792480469, 1.0], "k_pid_vsp": [19.185388565063477, 377.632080078125, 400.0]}, "datetime": {"datetime": "2025-08-21 11:04:29", "elapsed": 8385.997715711594, "delta": 22.60201597213745}, "costs": {"total_cost": 1706.5602085895641, "time_cost": 150, "final_distance_cost": 2.900796733371971, "oscillation_cost": 310.4219807249771, "completition_cost": 1000.0, "overshoot_cost": 157.59441176227412, "power_cost": 20.753134130859376, "noise_cost": 64.88988523808176, "n_waypoints_completed": 0, "tot_waypoints": 9}}
{"target": -1700.0910045248852, "params": {"k_pid_pos": [2.0, 0.0, 0.06343817710876465], "k_pid_alt": [0.0, 0.024767786264419556, 1.0], "k_pid_att": [3.63682222366333, 10.0, 1.0], "k_pid_yaw": [0.5, 1e-06, 0.1], "k_pid_hsp": [0.20203404128551483, 0.8885327577590942, 1.0], "k_pid_vsp": [22.214567184448242, 375.7256164550781, 385.44720458984375]}, "datetime": {"datetime": "2025-08-21 11:04:52", "elapsed": 8409.339594364166, "delta": 23.341878652572632}, "costs": {"total_cost": 1700.0910045248852, "time_cost": 150, "final_distance_cost": 22.670207524507372, "oscillation_cost": 267.0394627002108, "completition_cost": 1000.0, "overshoot_cost": 203.7038264058443, "power_cost": 19.3986791015625, "noise_cost": 37.27882879276027, "n_waypoints_completed": 0, "tot_waypoints": 9}}
{"target": -1961.5042364294582, "params": {"k_pid_pos": [2.0, 0.00864332914352417, 0.0], "k_pid_alt": [0.018136024475097656, 0.0, 1.0], "k_pid_att": [2.9308347702026367, 10.0, 1.0], "k_pid_yaw": [0.5, 1e-06, 0.1], "k_pid_hsp": [9.999999747378752e-05, 1.0, 0.9222830533981323], "k_pid_vsp": [36.785316467285156, 400.0, 396.7323303222656]}, "datetime": {"datetime": "2025-08-21 11:05:15", "elapsed": 8432.049476146698, "delta": 22.70988178253174}, "costs": {"total_cost": 1961.5042364294582, "time_cost": 150, "final_distance_cost": 93.0385618176161, "oscillation_cost": 337.83363393019835, "completition_cost": 1000.0, "overshoot_cost": 291.74919148773097, "power_cost": 22.67866735839844, "noise_cost": 66.2041818355144, "n_waypoints_completed": 0, "tot_waypoints": 9}}
{"target": -1844.0560728684636, "params": {"k_pid_pos": [2.0, 0.0, 0.014903038740158081], "k_pid_alt": [0.0, 0.03493541479110718, 0.9750338792800903], "k_pid_att": [2.9755771160125732, 10.0, 1.0], "k_pid_yaw": [0.5, 1e-06, 0.1], "k_pid_hsp": [9.999999747378752e-05, 1.0, 0.9712626338005066], "k_pid_vsp": [27.89907455444336, 400.0, 400.0]}, "datetime": {"datetime": "2025-08-21 11:05:38", "elapsed": 8455.118213891983, "delta": 23.068737745285034}, "costs": {"total_cost": 1844.0560728684636, "time_cost": 150, "final_distance_cost": 55.566399439452475, "oscillation_cost": 325.9203478267177, "completition_cost": 1000.0, "overshoot_cost": 234.03087661790624, "power_cost": 23.616016137695315, "noise_cost": 54.922432846691954, "n_waypoints_completed": 0, "tot_waypoints": 9}}
{"target": -6914.998257422262, "params": {"k_pid_pos": [2.0, 0.0, 0.14984238147735596], "k_pid_alt": [0.004030048847198486, 0.0, 0.9617305994033813], "k_pid_att": [0.10459423065185547, 9.892291069030762, 1.0], "k_pid_yaw": [0.5, 1e-06, 0.1], "k_pid_hsp": [9.999999747378752e-05, 1.0, 1.0], "k_pid_vsp": [0.0, 400.0, 392.01904296875]}, "datetime": {"datetime": "2025-08-21 11:06:01", "elapsed": 8478.000529050827, "delta": 22.882315158843994}, "costs": {"total_cost": 6914.998257422262, "time_cost": 150, "final_distance_cost": 2239.889082399839, "oscillation_cost": 1490.6955633594143, "completition_cost": 1000.0, "overshoot_cost": 1907.4493087468556, "power_cost": 31.682042724609378, "noise_cost": 95.28226019154377, "n_waypoints_completed": 0, "tot_waypoints": 9}}
{"target": -24999.141275803966, "params": {"k_pid_pos": [2.0, 0.0008727014064788818, 0.12224841117858887], "k_pid_alt": [0.038051724433898926, 0.0783868134021759, 0.9672596454620361], "k_pid_att": [0.0, 9.821990013122559, 0.9515717625617981], "k_pid_yaw": [0.5, 1e-06, 0.1], "k_pid_hsp": [9.999999747378752e-05, 1.0, 1.0], "k_pid_vsp": [0.0, 400.0, 390.9295654296875]}, "datetime": {"datetime": "2025-08-21 11:06:24", "elapsed": 8500.838148832321, "delta": 22.83761978149414}, "costs": {"total_cost": 24999.141275803966, "time_cost": 150, "final_distance_cost": 7716.891988246645, "oscillation_cost": 2019.7292732745136, "completition_cost": 1000.0, "overshoot_cost": 13976.183647588243, "power_cost": 34.197973376464844, "noise_cost": 102.13839331810229, "n_waypoints_completed": 0, "tot_waypoints": 9}}
{"target": -1759.8290079749174, "params": {"k_pid_pos": [2.0, 0.0, 0.0], "k_pid_alt": [0.0, 0.0, 0.9959073066711426], "k_pid_att": [12.241700172424316, 9.863332748413086, 1.0], "k_pid_yaw": [0.5, 1e-06, 0.1], "k_pid_hsp": [9.999999747378752e-05, 1.0, 1.0], "k_pid_vsp": [0.0, 384.1363220214844, 380.03131103515625]}, "datetime": {"datetime": "2025-08-21 11:06:47", "elapsed": 8523.758293390274, "delta": 22.92014455795288}, "costs": {"total_cost": 1759.8290079749174, "time_cost": 150, "final_distance_cost": 16.03621447776744, "oscillation_cost": 362.0441582827634, "completition_cost": 1000.0, "overshoot_cost": 159.79540774470462, "power_cost": 12.759051025390626, "noise_cost": 59.19417644429155, "n_waypoints_completed": 0, "tot_waypoints": 9}}
{"target": -6347.724557241177, "params": {"k_pid_pos": [1.9502536058425903, 0.018495231866836548, 0.08507856726646423], "k_pid_alt": [0.06593364477157593, 0.0, 1.0], "k_pid_att": [0.0, 10.0, 0.9685704708099365], "k_pid_yaw": [0.5, 1e-06, 0.1], "k_pid_hsp": [0.3652862310409546, 1.0, 0.9471434354782104], "k_pid_vsp": [5.354511737823486, 400.0, 380.7238464355469]}, "datetime": {"datetime": "2025-08-21 11:07:10", "elapsed": 8546.623001813889, "delta": 22.864708423614502}, "costs": {"total_cost": 6347.724557241177, "time_cost": 150, "final_distance_cost": 1316.8767610968748, "oscillation_cost": 1764.0834501087731, "completition_cost": 1000.0, "overshoot_cost": 1980.4166392727293, "power_cost": 34.305373339843754, "noise_cost": 102.04233342295512, "n_waypoints_completed": 0, "tot_waypoints": 9}}
{"target": -3257.5616221124287, "params": {"k_pid_pos": [1.8472330570220947, 0.0, 0.0], "k_pid_alt": [0.0011690258979797363, 0.03973579406738281, 1.0], "k_pid_att": [5.187577247619629, 10.0, 1.0], "k_pid_yaw": [0.5, 1e-06, 0.1], "k_pid_hsp": [0.07538677006959915, 0.9263474345207214, 0.976534366607666], "k_pid_vsp": [13.001298904418945, 399.5877380371094, 393.5983581542969]}, "datetime": {"datetime": "2025-08-21 11:07:32", "elapsed": 8569.43583035469, "delta": 22.812828540802002}, "costs": {"total_cost": 3257.5616221124287, "time_cost": 150, "final_distance_cost": 809.9706552455224, "oscillation_cost": 212.66841422791194, "completition_cost": 1000.0, "overshoot_cost": 1049.038857122253, "power_cost": 19.97696451416016, "noise_cost": 15.90673100258139, "n_waypoints_completed": 0, "tot_waypoints": 9}}
{"target": -1694.795454140169, "params": {"k_pid_pos": [2.0, 0.0, 0.11212024092674255], "k_pid_alt": [0.034748196601867676, 0.0, 0.980594277381897], "k_pid_att": [4.390403747558594, 9.95413589477539, 1.0], "k_pid_yaw": [0.5, 1e-06, 0.1], "k_pid_hsp": [9.999999747378752e-05, 1.0, 1.0], "k_pid_vsp": [0.0, 400.0, 400.0]}, "datetime": {"datetime": "2025-08-21 11:07:55", "elapsed": 8592.3669860363, "delta": 22.931155681610107}, "costs": {"total_cost": 1694.795454140169, "time_cost": 150, "final_distance_cost": 30.117739755299727, "oscillation_cost": 288.8432873521122, "completition_cost": 1000.0, "overshoot_cost": 150.8775702981945, "power_cost": 21.330350402832032, "noise_cost": 53.626506331730596, "n_waypoints_completed": 0, "tot_waypoints": 9}}
{"target": -7071.4986676624185, "params": {"k_pid_pos": [2.0, 0.0, 0.0], "k_pid_alt": [0.0, 0.012366056442260742, 1.0], "k_pid_att": [0.0, 10.0, 1.0], "k_pid_yaw": [0.5, 1e-06, 0.1], "k_pid_hsp": [0.5637578964233398, 1.0, 0.9001917839050293], "k_pid_vsp": [12.692999839782715, 400.0, 395.77093505859375]}, "datetime": {"datetime": "2025-08-21 11:08:19", "elapsed": 8615.584739685059, "delta": 23.217753648757935}, "costs": {"total_cost": 7071.4986676624185, "time_cost": 150, "final_distance_cost": 1335.9609223531174, "oscillation_cost": 1221.5063273688809, "completition_cost": 1000.0, "overshoot_cost": 3239.1221438524967, "power_cost": 30.849578906250002, "noise_cost": 94.05969518167358, "n_waypoints_completed": 0, "tot_waypoints": 9}}
{"target": -1877.373698644153, "params": {"k_pid_pos": [1.9026923179626465, 0.0, 0.0], "k_pid_alt": [0.0, 0.041862696409225464, 0.9089823365211487], "k_pid_att": [2.7128190994262695, 9.470132827758789, 0.977482795715332], "k_pid_yaw": [0.5, 1e-06, 0.1], "k_pid_hsp": [9.999999747378752e-05, 0.9003432989120483, 1.0], "k_pid_vsp": [0.0, 365.11578369140625, 392.3932800292969]}, "datetime": {"datetime": "2025-08-21 11:08:42", "elapsed": 8638.491191625595, "delta": 22.9064519405365}, "costs": {"total_cost": 1877.373698644153, "time_cost": 150, "final_distance_cost": 87.07092769090265, "oscillation_cost": 333.3403301164032, "completition_cost": 1000.0, "overshoot_cost": 255.85357426634567, "power_cost": 19.709850817871093, "noise_cost": 31.39901575263021, "n_waypoints_completed": 0, "tot_waypoints": 9}}
{"target": -17770.918258432015, "params": {"k_pid_pos": [1.8597906827926636, 0.021561741828918457, 0.065854012966156], "k_pid_alt": [0.0, 0.03806397318840027, 0.9782884120941162], "k_pid_att": [0.0, 10.0, 0.9882467985153198], "k_pid_yaw": [0.5, 1e-06, 0.1], "k_pid_hsp": [1.1395902633666992, 1.0, 0.9565141201019287], "k_pid_vsp": [4.123091697692871, 398.0193176269531, 400.0]}, "datetime": {"datetime": "2025-08-21 11:09:04", "elapsed": 8661.28526711464, "delta": 22.79407548904419}, "costs": {"total_cost": 17770.918258432015, "time_cost": 150, "final_distance_cost": 5814.322400944001, "oscillation_cost": 2125.8876543699153, "completition_cost": 1000.0, "overshoot_cost": 8545.513160474211, "power_cost": 33.91666940917969, "noise_cost": 101.27837323470555, "n_waypoints_completed": 0, "tot_waypoints": 9}}
{"target": -10453.534856744518, "params": {"k_pid_pos": [1.9948434829711914, 0.0109730064868927, 0.038460761308670044], "k_pid_alt": [0.018489599227905273, 0.0, 0.9588543176651001], "k_pid_att": [0.0, 9.402161598205566, 0.9653548002243042], "k_pid_yaw": [0.5, 1e-06, 0.1], "k_pid_hsp": [0.36622828245162964, 1.0, 1.0], "k_pid_vsp": [29.477930068969727, 400.0, 400.0]}, "datetime": {"datetime": "2025-08-21 11:09:27", "elapsed": 8683.929961919785, "delta": 22.644694805145264}, "costs": {"total_cost": 10453.534856744518, "time_cost": 150, "final_distance_cost": 1588.8635665021184, "oscillation_cost": 2074.6037789963684, "completition_cost": 1000.0, "overshoot_cost": 5504.671111755469, "power_cost": 33.883570605468755, "noise_cost": 101.51282888509328, "n_waypoints_completed": 0, "tot_waypoints": 9}}
{"target": -12623.379321589078, "params": {"k_pid_pos": [1.774440884590149, 0.0, 0.0132274329662323], "k_pid_alt": [0.038982510566711426, 0.06863915920257568, 0.9692326784133911], "k_pid_att": [0.0, 9.455534934997559, 1.0], "k_pid_yaw": [0.5, 1e-06, 0.1], "k_pid_hsp": [9.999999747378752e-05, 0.9302750825881958, 1.0], "k_pid_vsp": [0.0, 370.2837829589844, 359.7594299316406]}, "datetime": {"datetime": "2025-08-21 11:09:50", "elapsed": 8707.354465961456, "delta": 23.424504041671753}, "costs": {"total_cost": 12623.379321589078, "time_cost": 150, "final_distance_cost": 3949.1051594378628, "oscillation_cost": 1682.4601405084236, "completition_cost": 1000.0, "overshoot_cost": 5704.406536542029, "power_cost": 34.773786560058596, "noise_cost": 102.63369854070406, "n_waypoints_completed": 0, "tot_waypoints": 9}}
{"target": -17123.650157548793, "params": {"k_pid_pos": [1.992982029914856, 0.0, 0.007809251546859741], "k_pid_alt": [0.0, 0.03494724631309509, 1.0], "k_pid_att": [0.0, 10.0, 1.0], "k_pid_yaw": [0.5, 1e-06, 0.1], "k_pid_hsp": [9.999999747378752e-05, 1.0, 1.0], "k_pid_vsp": [21.84552001953125, 400.0, 384.462158203125]}, "datetime": {"datetime": "2025-08-21 11:10:13", "elapsed": 8730.16816496849, "delta": 22.8136990070343}, "costs": {"total_cost": 17123.650157548793, "time_cost": 150, "final_distance_cost": 5512.526006941653, "oscillation_cost": 2273.866139172482, "completition_cost": 1000.0, "overshoot_cost": 8051.726363129526, "power_cost": 34.12056297607422, "noise_cost": 101.41108532905703, "n_waypoints_completed": 0, "tot_waypoints": 9}}
{"target": -6238.252198975307, "params": {"k_pid_pos": [1.9496124982833862, 0.0, 0.0], "k_pid_alt": [0.0, 0.02502918243408203, 0.9942013025283813], "k_pid_att": [0.0, 9.536754608154297, 1.0], "k_pid_yaw": [0.5, 1e-06, 0.1], "k_pid_hsp": [1.3825938701629639, 1.0, 1.0], "k_pid_vsp": [8.977996826171875, 372.2337341308594, 379.9894714355469]}, "datetime": {"datetime": "2025-08-21 11:10:36", "elapsed": 8753.011157274246, "delta": 22.842992305755615}, "costs": {"total_cost": 6238.252198975307, "time_cost": 150, "final_distance_cost": 898.8727213674911, "oscillation_cost": 2084.1831725547536, "completition_cost": 1000.0, "overshoot_cost": 1973.2571452468687, "power_cost": 32.92005010986328, "noise_cost": 99.01910969632972, "n_waypoints_completed": 0, "tot_waypoints": 9}}
{"target": -14520.955054776634, "params": {"k_pid_pos": [1.9659788608551025, 0.019249558448791504, 0.05804064869880676], "k_pid_alt": [0.05158090591430664, 0.0, 1.0], "k_pid_att": [0.0, 8.923135757446289, 1.0], "k_pid_yaw": [0.5, 1e-06, 0.1], "k_pid_hsp": [0.3970221281051636, 0.994729220867157, 1.0], "k_pid_vsp": [4.154562950134277, 400.0, 400.0]}, "datetime": {"datetime": "2025-08-21 11:10:59", "elapsed": 8775.900074481964, "delta": 22.888917207717896}, "costs": {"total_cost": 14520.955054776634, "time_cost": 150, "final_distance_cost": 4645.369461360065, "oscillation_cost": 2163.536744396687, "completition_cost": 1000.0, "overshoot_cost": 6424.045693204971, "power_cost": 34.8390083984375, "noise_cost": 103.16414741647355, "n_waypoints_completed": 0, "tot_waypoints": 9}}
{"target": -2125.9347735590886, "params": {"k_pid_pos": [2.0, 0.0, 0.0], "k_pid_alt": [0.0, 0.0, 1.0], "k_pid_att": [1.6262203454971313, 9.967317581176758, 1.0], "k_pid_yaw": [0.5, 1e-06, 0.1], "k_pid_hsp": [0.2304520606994629, 1.0, 0.8527448177337646], "k_pid_vsp": [8.835517883300781, 400.0, 386.49737548828125]}, "datetime": {"datetime": "2025-08-21 11:11:22", "elapsed": 8799.010545492172, "delta": 23.11047101020813}, "costs": {"total_cost": 2125.9347735590886, "time_cost": 150, "final_distance_cost": 57.969202496596935, "oscillation_cost": 540.9013033779112, "completition_cost": 1000.0, "overshoot_cost": 293.68701289739795, "power_cost": 16.02035604248047, "noise_cost": 67.35689874470197, "n_waypoints_completed": 0, "tot_waypoints": 9}}
{"target": -9891.963814281531, "params": {"k_pid_pos": [1.9361708164215088, 0.0, 0.018496274948120117], "k_pid_alt": [0.0735735297203064, 0.0, 0.9102990031242371], "k_pid_att": [0.0, 10.0, 1.0], "k_pid_yaw": [0.5, 1e-06, 0.1], "k_pid_hsp": [9.999999747378752e-05, 1.0, 1.0], "k_pid_vsp": [16.19218635559082, 387.0792236328125, 393.2605285644531]}, "datetime": {"datetime": "2025-08-21 11:11:45", "elapsed": 8821.670894622803, "delta": 22.660349130630493}, "costs": {"total_cost": 9891.963814281531, "time_cost": 150, "final_distance_cost": 2952.679799423238, "oscillation_cost": 641.2937288840196, "completition_cost": 1000.0, "overshoot_cost": 5029.638566839355, "power_cost": 29.519391088867188, "noise_cost": 88.83232804605211, "n_waypoints_completed": 0, "tot_waypoints": 9}}
{"target": -12944.421636498397, "params": {"k_pid_pos": [1.867190957069397, 0.004513263702392578, 0.0], "k_pid_alt": [0.11360657215118408, 0.043071746826171875, 0.9851177334785461], "k_pid_att": [0.0, 10.0, 0.9365185499191284], "k_pid_yaw": [0.5, 1e-06, 0.1], "k_pid_hsp": [0.46538111567497253, 0.9993152618408203, 1.0], "k_pid_vsp": [0.0, 382.835205078125, 365.1247863769531]}, "datetime": {"datetime": "2025-08-21 11:12:09", "elapsed": 8845.730535268784, "delta": 24.059640645980835}, "costs": {"total_cost": 12944.421636498397, "time_cost": 150, "final_distance_cost": 4430.235783635255, "oscillation_cost": 1795.2348805485983, "completition_cost": 1000.0, "overshoot_cost": 5431.1263774653125, "power_cost": 34.71078358154297, "noise_cost": 103.11381126768822, "n_waypoints_completed": 0, "tot_waypoints": 9}}
{"target": -19949.01294631469, "params": {"k_pid_pos": [1.9196562767028809, 0.0, 0.017072975635528564], "k_pid_alt": [0.0, 0.002505481243133545, 0.9151468276977539], "k_pid_att": [0.0, 9.774943351745605, 1.0], "k_pid_yaw": [0.5, 1e-06, 0.1], "k_pid_hsp": [0.4710884988307953, 1.0, 1.0], "k_pid_vsp": [0.0, 400.0, 368.8255920410156]}, "datetime": {"datetime": "2025-08-21 11:12:35", "elapsed": 8872.174281358719, "delta": 26.443746089935303}, "costs": {"total_cost": 19949.01294631469, "time_cost": 150, "final_distance_cost": 6295.111887804155, "oscillation_cost": 2205.602890060577, "completition_cost": 1000.0, "overshoot_cost": 10163.789987660173, "power_cost": 33.57378074951172, "noise_cost": 100.9344000402712, "n_waypoints_completed": 0, "tot_waypoints": 9}}
{"target": -5830.429713596103, "params": {"k_pid_pos": [1.99349045753479, 0.020047664642333984, 0.00101509690284729], "k_pid_alt": [0.0, 0.009601801633834839, 0.9762937426567078], "k_pid_att": [0.0, 10.0, 1.0], "k_pid_yaw": [0.5, 1e-06, 0.1], "k_pid_hsp": [9.999999747378752e-05, 0.9996656179428101, 1.0], "k_pid_vsp": [0.0, 341.619140625, 400.0]}, "datetime": {"datetime": "2025-08-21 11:13:00", "elapsed": 8896.512008190155, "delta": 24.337726831436157}, "costs": {"total_cost": 5830.429713596103, "time_cost": 150, "final_distance_cost": 985.1066813201317, "oscillation_cost": 1963.58519866164, "completition_cost": 1000.0, "overshoot_cost": 1600.4082179277796, "power_cost": 32.79200615234375, "noise_cost": 98.53760953420837, "n_waypoints_completed": 0, "tot_waypoints": 9}}
{"target": -7102.744721450325, "params": {"k_pid_pos": [1.8901115655899048, 0.0, 0.0], "k_pid_alt": [0.07293808460235596, 0.0, 1.0], "k_pid_att": [0.0, 10.0, 1.0], "k_pid_yaw": [0.5, 1e-06, 0.1], "k_pid_hsp": [0.3913916349411011, 0.9476680159568787, 1.0], "k_pid_vsp": [0.0, 400.0, 352.62249755859375]}, "datetime": {"datetime": "2025-08-21 11:13:22", "elapsed": 8919.360172271729, "delta": 22.848164081573486}, "costs": {"total_cost": 7102.744721450325, "time_cost": 150, "final_distance_cost": 1568.8922771019122, "oscillation_cost": 1911.7352766404774, "completition_cost": 1000.0, "overshoot_cost": 2337.2457212445674, "power_cost": 33.92360720214844, "noise_cost": 100.9478392612189, "n_waypoints_completed": 0, "tot_waypoints": 9}}
{"target": -3601.7772369089366, "params": {"k_pid_pos": [1.9162062406539917, 0.029247581958770752, 0.0], "k_pid_alt": [0.0, 0.0, 1.0], "k_pid_att": [0.0, 9.84605598449707, 0.9752535820007324], "k_pid_yaw": [0.5, 1e-06, 0.1], "k_pid_hsp": [9.999999747378752e-05, 0.948627233505249, 1.0], "k_pid_vsp": [0.0, 382.6493835449219, 400.0]}, "datetime": {"datetime": "2025-08-21 11:13:45", "elapsed": 8942.137667417526, "delta": 22.77749514579773}, "costs": {"total_cost": 3601.7772369089366, "time_cost": 150, "final_distance_cost": 454.8524401485196, "oscillation_cost": 1212.1380810126761, "completition_cost": 1000.0, "overshoot_cost": 676.9873145622647, "power_cost": 24.576135937500002, "noise_cost": 83.22326524797593, "n_waypoints_completed": 0, "tot_waypoints": 9}}
