{"target": -6629.804404027078, "params": {"k_pid_pos": [1.9818334579467773, 0.04123029112815857, 0.033566445112228394], "k_pid_alt": [0.0008358955383300781, 0.0, 1.0], "k_pid_att": [0.0, 9.423383712768555, 0.967424213886261], "k_pid_yaw": [0.5, 1e-06, 0.1], "k_pid_hsp": [9.999999747378752e-05, 0.9899114966392517, 0.9968395829200745], "k_pid_vsp": [0.0, 400.0, 400.0]}, "datetime": {"datetime": "2025-08-21 14:58:06", "elapsed": 22403.292306900024, "delta": 24.05003786087036}, "costs": {"total_cost": 6629.804404027078, "time_cost": 150, "final_distance_cost": 1348.7877643759577, "oscillation_cost": 1026.1962671162428, "completition_cost": 1000.0, "overshoot_cost": 2983.355902002719, "power_cost": 30.13180202636719, "noise_cost": 91.33266850579223, "n_waypoints_completed": 0, "tot_waypoints": 9}}
{"target": -2130.472099073315, "params": {"k_pid_pos": [2.0, 0.07132226228713989, 0.007823675870895386], "k_pid_alt": [0.08561253547668457, 0.0, 0.947438657283783], "k_pid_att": [1.9447892904281616, 9.98180866241455, 0.997519850730896], "k_pid_yaw": [0.5, 1e-06, 0.1], "k_pid_hsp": [9.999999747378752e-05, 0.9727299213409424, 1.0], "k_pid_vsp": [6.502223014831543, 400.0, 400.0]}, "datetime": {"datetime": "2025-08-21 14:58:30", "elapsed": 22426.922221660614, "delta": 23.6299147605896}, "costs": {"total_cost": 2130.472099073315, "time_cost": 150, "final_distance_cost": 97.32136902935478, "oscillation_cost": 467.701327858452, "completition_cost": 1000.0, "overshoot_cost": 292.6662927380143, "power_cost": 30.66941287841797, "noise_cost": 92.11369656907578, "n_waypoints_completed": 0, "tot_waypoints": 9}}
{"target": -15578.702235082099, "params": {"k_pid_pos": [1.8233439922332764, 0.012022435665130615, 0.013131171464920044], "k_pid_alt": [0.17021965980529785, 0.0, 0.9710385799407959], "k_pid_att": [0.0, 10.0, 0.9233220815658569], "k_pid_yaw": [0.5, 1e-06, 0.1], "k_pid_hsp": [0.5179769396781921, 1.0, 1.0], "k_pid_vsp": [11.849081039428711, 400.0, 400.0]}, "datetime": {"datetime": "2025-08-21 14:58:54", "elapsed": 22450.967658281326, "delta": 24.04543662071228}, "costs": {"total_cost": 15578.702235082099, "time_cost": 150, "final_distance_cost": 5034.075444290686, "oscillation_cost": 2288.7523567256476, "completition_cost": 1000.0, "overshoot_cost": 6968.0296088616315, "power_cost": 34.72414411621094, "noise_cost": 103.12068108792228, "n_waypoints_completed": 0, "tot_waypoints": 9}}
{"target": -10337.75757825917, "params": {"k_pid_pos": [1.959483027458191, 0.0, 0.0], "k_pid_alt": [0.0, 0.015133142471313477, 1.0], "k_pid_att": [0.0, 10.0, 0.9663377404212952], "k_pid_yaw": [0.5, 1e-06, 0.1], "k_pid_hsp": [9.999999747378752e-05, 0.9740941524505615, 0.9351442456245422], "k_pid_vsp": [0.0, 375.9700622558594, 399.00274658203125]}, "datetime": {"datetime": "2025-08-21 14:59:18", "elapsed": 22475.258852481842, "delta": 24.291194200515747}, "costs": {"total_cost": 10337.75757825917, "time_cost": 150, "final_distance_cost": 3243.8776460496374, "oscillation_cost": 2169.403845488198, "completition_cost": 1000.0, "overshoot_cost": 3639.2353068726034, "power_cost": 33.94029050292969, "noise_cost": 101.30048934580361, "n_waypoints_completed": 0, "tot_waypoints": 9}}
{"target": -3673.695877663859, "params": {"k_pid_pos": [2.0, 0.0699036717414856, 0.0], "k_pid_alt": [0.24850618839263916, 0.019202470779418945, 0.9462883472442627], "k_pid_att": [0.0, 10.0, 1.0], "k_pid_yaw": [0.5, 1e-06, 0.1], "k_pid_hsp": [9.999999747378752e-05, 0.9304789304733276, 0.9458439946174622], "k_pid_vsp": [0.0, 400.0, 387.614501953125]}, "datetime": {"datetime": "2025-08-21 14:59:42", "elapsed": 22498.470157384872, "delta": 23.211304903030396}, "costs": {"total_cost": 3673.695877663859, "time_cost": 150, "final_distance_cost": 348.1816342610819, "oscillation_cost": 1195.169415531964, "completition_cost": 1000.0, "overshoot_cost": 853.9245098717773, "power_cost": 31.231894396972656, "noise_cost": 95.1884236020631, "n_waypoints_completed": 0, "tot_waypoints": 9}}
{"target": -11339.044906319541, "params": {"k_pid_pos": [2.0, 0.0, 0.0], "k_pid_alt": [0.1981258988380432, 0.0, 0.9134589433670044], "k_pid_att": [0.0, 10.0, 1.0], "k_pid_yaw": [0.5, 1e-06, 0.1], "k_pid_hsp": [0.6672788262367249, 0.9898988008499146, 1.0], "k_pid_vsp": [4.06109094619751, 400.0, 398.8343811035156]}, "datetime": {"datetime": "2025-08-21 15:00:05", "elapsed": 22522.128661870956, "delta": 23.658504486083984}, "costs": {"total_cost": 11339.044906319541, "time_cost": 150, "final_distance_cost": 3627.619190154053, "oscillation_cost": 2114.8592659203846, "completition_cost": 1000.0, "overshoot_cost": 4310.832682422844, "power_cost": 34.036183825683594, "noise_cost": 101.69758399657586, "n_waypoints_completed": 0, "tot_waypoints": 9}}
{"target": -3411.6059878745227, "params": {"k_pid_pos": [2.0, 0.0, 0.0], "k_pid_alt": [0.0, 0.0, 1.0], "k_pid_att": [0.0, 10.0, 1.0], "k_pid_yaw": [0.5, 1e-06, 0.1], "k_pid_hsp": [9.999999747378752e-05, 0.9222524762153625, 1.0], "k_pid_vsp": [27.483367919921875, 400.0, 388.6488342285156]}, "datetime": {"datetime": "2025-08-21 15:00:29", "elapsed": 22545.641440868378, "delta": 23.512778997421265}, "costs": {"total_cost": 3411.6059878745227, "time_cost": 150, "final_distance_cost": 408.3842518623975, "oscillation_cost": 1225.9798039341927, "completition_cost": 1000.0, "overshoot_cost": 526.7494280563328, "power_cost": 22.07584227294922, "noise_cost": 78.41666174865085, "n_waypoints_completed": 0, "tot_waypoints": 9}}
{"target": -10172.098102821237, "params": {"k_pid_pos": [1.95718252658844, 0.0009547173976898193, 0.013153225183486938], "k_pid_alt": [0.0, 0.019286394119262695, 0.9982736706733704], "k_pid_att": [0.0, 10.0, 0.9333022832870483], "k_pid_yaw": [0.5, 1e-06, 0.1], "k_pid_hsp": [9.999999747378752e-05, 1.0, 1.0], "k_pid_vsp": [17.896068572998047, 378.39617919921875, 386.8308410644531]}, "datetime": {"datetime": "2025-08-21 15:00:52", "elapsed": 22569.448227643967, "delta": 23.80678677558899}, "costs": {"total_cost": 10172.098102821237, "time_cost": 150, "final_distance_cost": 2875.786265428182, "oscillation_cost": 645.7259161168948, "completition_cost": 1000.0, "overshoot_cost": 5365.201619809798, "power_cost": 34.397586291503906, "noise_cost": 100.98671517485785, "n_waypoints_completed": 0, "tot_waypoints": 9}}
{"target": -1694.1683993789509, "params": {"k_pid_pos": [1.9408153295516968, 0.0, 0.05456581711769104], "k_pid_alt": [0.03334379196166992, 0.0391828715801239, 0.9683970212936401], "k_pid_att": [10.313614845275879, 9.214045524597168, 1.0], "k_pid_yaw": [0.5, 1e-06, 0.1], "k_pid_hsp": [1.1825224161148071, 1.0, 1.0], "k_pid_vsp": [0.0, 400.0, 400.0]}, "datetime": {"datetime": "2025-08-21 15:01:16", "elapsed": 22592.886426448822, "delta": 23.438198804855347}, "costs": {"total_cost": 1694.1683993789509, "time_cost": 150, "final_distance_cost": 9.526846700292298, "oscillation_cost": 328.5140986961558, "completition_cost": 1000.0, "overshoot_cost": 133.22739554507356, "power_cost": 18.50014375, "noise_cost": 54.39991468742942, "n_waypoints_completed": 0, "tot_waypoints": 9}}
{"target": -3209.4865971245194, "params": {"k_pid_pos": [2.0, 0.0, 0.06684881448745728], "k_pid_alt": [0.14008522033691406, 0.05183786153793335, 1.0], "k_pid_att": [0.6101369857788086, 9.453083038330078, 1.0], "k_pid_yaw": [0.5, 1e-06, 0.1], "k_pid_hsp": [9.999999747378752e-05, 0.8765058517456055, 0.9358508586883545], "k_pid_vsp": [0.0, 396.5303039550781, 400.0]}, "datetime": {"datetime": "2025-08-21 15:01:39", "elapsed": 22615.90240597725, "delta": 23.015979528427124}, "costs": {"total_cost": 3209.4865971245194, "time_cost": 150, "final_distance_cost": 732.4897656821333, "oscillation_cost": 576.5485620765895, "completition_cost": 1000.0, "overshoot_cost": 634.6329482530728, "power_cost": 28.851920129394532, "noise_cost": 86.96340098332924, "n_waypoints_completed": 0, "tot_waypoints": 9}}
{"target": -7890.7897316031285, "params": {"k_pid_pos": [2.0, 0.0, 0.0], "k_pid_alt": [0.0, 0.0, 1.0], "k_pid_att": [0.0, 9.89214038848877, 1.0], "k_pid_yaw": [0.5, 1e-06, 0.1], "k_pid_hsp": [9.999999747378752e-05, 0.9935821294784546, 1.0], "k_pid_vsp": [18.447376251220703, 400.0, 378.712158203125]}, "datetime": {"datetime": "2025-08-21 15:02:02", "elapsed": 22639.23678302765, "delta": 23.33437705039978}, "costs": {"total_cost": 7890.7897316031285, "time_cost": 150, "final_distance_cost": 1914.7137681363345, "oscillation_cost": 724.8762771841197, "completition_cost": 1000.0, "overshoot_cost": 4013.098806165077, "power_cost": 17.70101834716797, "noise_cost": 70.39986177042991, "n_waypoints_completed": 0, "tot_waypoints": 9}}
{"target": -20623.604173137323, "params": {"k_pid_pos": [1.9374895095825195, 0.0, 0.0], "k_pid_alt": [0.0, 0.01563379168510437, 1.0], "k_pid_att": [0.0, 9.615262985229492, 0.891909122467041], "k_pid_yaw": [0.5, 1e-06, 0.1], "k_pid_hsp": [9.999999747378752e-05, 1.0, 0.9825596213340759], "k_pid_vsp": [0.0, 385.744384765625, 400.0]}, "datetime": {"datetime": "2025-08-21 15:02:25", "elapsed": 22662.337763547897, "delta": 23.100980520248413}, "costs": {"total_cost": 20623.604173137323, "time_cost": 150, "final_distance_cost": 6194.96707291225, "oscillation_cost": 2243.6215580083867, "completition_cost": 1000.0, "overshoot_cost": 10900.55184140285, "power_cost": 33.66577774658203, "noise_cost": 100.79792306725442, "n_waypoints_completed": 0, "tot_waypoints": 9}}
{"target": -13190.753871201136, "params": {"k_pid_pos": [1.901471734046936, 0.054154813289642334, 0.031006425619125366], "k_pid_alt": [0.0, 0.0, 1.0], "k_pid_att": [0.0, 10.0, 1.0], "k_pid_yaw": [0.5, 1e-06, 0.1], "k_pid_hsp": [9.999999747378752e-05, 0.9115188121795654, 0.9383038282394409], "k_pid_vsp": [9.687793731689453, 400.0, 391.0912170410156]}, "datetime": {"datetime": "2025-08-21 15:02:48", "elapsed": 22684.66187286377, "delta": 22.324109315872192}, "costs": {"total_cost": 13190.753871201136, "time_cost": 150, "final_distance_cost": 4202.953828495712, "oscillation_cost": 1718.539836973054, "completition_cost": 1000.0, "overshoot_cost": 5999.072663991158, "power_cost": 28.189624377441408, "noise_cost": 91.99791736377145, "n_waypoints_completed": 0, "tot_waypoints": 9}}
{"target": -1677.8332267315755, "params": {"k_pid_pos": [1.9289889335632324, 0.0, 0.0655030608177185], "k_pid_alt": [0.0, 0.0, 1.0], "k_pid_att": [7.084303855895996, 9.638493537902832, 1.0], "k_pid_yaw": [0.5, 1e-06, 0.1], "k_pid_hsp": [1.2431591749191284, 0.9160000681877136, 1.0], "k_pid_vsp": [5.939829349517822, 400.0, 400.0]}, "datetime": {"datetime": "2025-08-21 15:03:11", "elapsed": 22708.30715727806, "delta": 23.645284414291382}, "costs": {"total_cost": 1677.8332267315755, "time_cost": 150, "final_distance_cost": 0.41192820436671485, "oscillation_cost": 324.51029531604775, "completition_cost": 1000.0, "overshoot_cost": 129.96421172301828, "power_cost": 19.198478393554687, "noise_cost": 53.74831309458798, "n_waypoints_completed": 0, "tot_waypoints": 9}}
{"target": -4057.7840553118704, "params": {"k_pid_pos": [2.0, 0.001735001802444458, 0.005147874355316162], "k_pid_alt": [0.0, 0.036652058362960815, 1.0], "k_pid_att": [0.0, 10.0, 0.9956198334693909], "k_pid_yaw": [0.5, 1e-06, 0.1], "k_pid_hsp": [0.6301183700561523, 0.9543378353118896, 1.0], "k_pid_vsp": [0.0, 378.7069091796875, 366.5965270996094]}, "datetime": {"datetime": "2025-08-21 15:03:35", "elapsed": 22731.751669883728, "delta": 23.444512605667114}, "costs": {"total_cost": 4057.7840553118704, "time_cost": 150, "final_distance_cost": 529.7175932932211, "oscillation_cost": 1271.2164343565655, "completition_cost": 1000.0, "overshoot_cost": 979.4279267005357, "power_cost": 31.525022009277347, "noise_cost": 95.89707895227042, "n_waypoints_completed": 0, "tot_waypoints": 9}}
{"target": -2070.4872282860642, "params": {"k_pid_pos": [1.887109398841858, 0.0, 0.0], "k_pid_alt": [0.01718616485595703, 0.0, 1.0], "k_pid_att": [2.004739761352539, 10.0, 0.9592435359954834], "k_pid_yaw": [0.5, 1e-06, 0.1], "k_pid_hsp": [0.13352693617343903, 1.0, 0.9632666707038879], "k_pid_vsp": [0.0, 400.0, 392.7086486816406]}, "datetime": {"datetime": "2025-08-21 15:03:58", "elapsed": 22755.397377967834, "delta": 23.645708084106445}, "costs": {"total_cost": 2070.4872282860642, "time_cost": 150, "final_distance_cost": 74.1967323911631, "oscillation_cost": 461.42873868995343, "completition_cost": 1000.0, "overshoot_cost": 270.1002457982475, "power_cost": 28.75531070556641, "noise_cost": 86.0062007011336, "n_waypoints_completed": 0, "tot_waypoints": 9}}
{"target": -19399.612531181963, "params": {"k_pid_pos": [2.0, 0.0, 0.002080380916595459], "k_pid_alt": [0.0, 0.04842895269393921, 0.9555843472480774], "k_pid_att": [0.0, 9.435190200805664, 1.0], "k_pid_yaw": [0.5, 1e-06, 0.1], "k_pid_hsp": [0.5467996597290039, 0.9495707750320435, 1.0], "k_pid_vsp": [0.0, 400.0, 400.0]}, "datetime": {"datetime": "2025-08-21 15:04:21", "elapsed": 22778.404628276825, "delta": 23.00725030899048}, "costs": {"total_cost": 19399.612531181963, "time_cost": 150, "final_distance_cost": 5957.308012082024, "oscillation_cost": 2166.0220861629923, "completition_cost": 1000.0, "overshoot_cost": 9989.357725182299, "power_cost": 34.4505924194336, "noise_cost": 102.47411533521186, "n_waypoints_completed": 0, "tot_waypoints": 9}}
{"target": -13632.481806523725, "params": {"k_pid_pos": [2.0, 0.0, 0.0], "k_pid_alt": [0.0, 0.0, 0.9846150279045105], "k_pid_att": [0.0, 9.681818962097168, 0.9708439111709595], "k_pid_yaw": [0.5, 1e-06, 0.1], "k_pid_hsp": [0.0300125889480114, 0.9944770336151123, 0.929559051990509], "k_pid_vsp": [18.828237533569336, 381.8045959472656, 360.8655090332031]}, "datetime": {"datetime": "2025-08-21 15:04:44", "elapsed": 22801.415020942688, "delta": 23.010392665863037}, "costs": {"total_cost": 13632.481806523725, "time_cost": 150, "final_distance_cost": 4562.519276012149, "oscillation_cost": 2098.108397984587, "completition_cost": 1000.0, "overshoot_cost": 5702.496203314477, "power_cost": 27.572957031250002, "noise_cost": 91.78497218126252, "n_waypoints_completed": 0, "tot_waypoints": 9}}
{"target": -3901.4321286923578, "params": {"k_pid_pos": [2.0, 0.002429664134979248, 0.03132730722427368], "k_pid_alt": [0.0, 0.0, 1.0], "k_pid_att": [0.0, 10.0, 0.9413169026374817], "k_pid_yaw": [0.5, 1e-06, 0.1], "k_pid_hsp": [9.999999747378752e-05, 0.9599770903587341, 0.9567594528198242], "k_pid_vsp": [0.0, 400.0, 400.0]}, "datetime": {"datetime": "2025-08-21 15:05:07", "elapsed": 22824.228828191757, "delta": 22.813807249069214}, "costs": {"total_cost": 3901.4321286923578, "time_cost": 150, "final_distance_cost": 583.6643057370262, "oscillation_cost": 1195.2986269827743, "completition_cost": 1000.0, "overshoot_cost": 866.5902753304555, "power_cost": 23.626113232421876, "noise_cost": 82.2528074096798, "n_waypoints_completed": 0, "tot_waypoints": 9}}
{"target": -1676.9788291393413, "params": {"k_pid_pos": [1.995457649230957, 0.0, 0.0024815797805786133], "k_pid_alt": [0.16783440113067627, 0.08723866939544678, 0.9917711019515991], "k_pid_att": [7.488799095153809, 9.252699851989746, 1.0], "k_pid_yaw": [0.5, 1e-06, 0.1], "k_pid_hsp": [9.999999747378752e-05, 0.9210490584373474, 0.9411578178405762], "k_pid_vsp": [23.456287384033203, 399.185791015625, 400.0]}, "datetime": {"datetime": "2025-08-21 15:05:30", "elapsed": 22847.39558005333, "delta": 23.166751861572266}, "costs": {"total_cost": 1676.9788291393413, "time_cost": 150, "final_distance_cost": 3.280058997811186, "oscillation_cost": 289.9492989715819, "completition_cost": 1000.0, "overshoot_cost": 151.0683436621758, "power_cost": 19.487637207031252, "noise_cost": 63.19349030074135, "n_waypoints_completed": 0, "tot_waypoints": 9}}
{"target": -1896.603753895806, "params": {"k_pid_pos": [2.0, 0.04377219080924988, 0.0], "k_pid_alt": [0.0, 0.0, 1.0], "k_pid_att": [1.8620491027832031, 9.181124687194824, 0.9613674879074097], "k_pid_yaw": [0.5, 1e-06, 0.1], "k_pid_hsp": [0.7558963298797607, 1.0, 1.0], "k_pid_vsp": [0.0, 387.8038024902344, 365.91937255859375]}, "datetime": {"datetime": "2025-08-21 15:05:53", "elapsed": 22869.866317510605, "delta": 22.47073745727539}, "costs": {"total_cost": 1896.603753895806, "time_cost": 150, "final_distance_cost": 6.981162384550239, "oscillation_cost": 451.21309102437414, "completition_cost": 1000.0, "overshoot_cost": 203.6601647960091, "power_cost": 16.592455932617188, "noise_cost": 68.15687975825523, "n_waypoints_completed": 0, "tot_waypoints": 9}}
{"target": -1715.8830780038836, "params": {"k_pid_pos": [1.9719488620758057, 0.02180895209312439, 0.0], "k_pid_alt": [0.1105453372001648, 0.0, 1.0], "k_pid_att": [3.9239227771759033, 9.461129188537598, 0.9782042503356934], "k_pid_yaw": [0.5, 1e-06, 0.1], "k_pid_hsp": [0.24185670912265778, 1.0, 0.8954102993011475], "k_pid_vsp": [13.99885368347168, 396.5135498046875, 398.7505798339844]}, "datetime": {"datetime": "2025-08-21 15:06:16", "elapsed": 22893.116372346878, "delta": 23.250054836273193}, "costs": {"total_cost": 1715.8830780038836, "time_cost": 150, "final_distance_cost": 24.72572698267161, "oscillation_cost": 293.58185490719313, "completition_cost": 1000.0, "overshoot_cost": 164.55640310688128, "power_cost": 22.002246215820314, "noise_cost": 61.01684679131716, "n_waypoints_completed": 0, "tot_waypoints": 9}}
{"target": -3415.3282119515084, "params": {"k_pid_pos": [2.0, 0.0, 0.006280779838562012], "k_pid_alt": [0.0, 0.0, 1.0], "k_pid_att": [0.5916953086853027, 10.0, 1.0], "k_pid_yaw": [0.5, 1e-06, 0.1], "k_pid_hsp": [9.999999747378752e-05, 0.9170050024986267, 0.9667870998382568], "k_pid_vsp": [0.0, 400.0, 374.1341247558594]}, "datetime": {"datetime": "2025-08-21 15:06:40", "elapsed": 22916.5272397995, "delta": 23.41086745262146}, "costs": {"total_cost": 3415.3282119515084, "time_cost": 150, "final_distance_cost": 96.24982334813716, "oscillation_cost": 1860.1729172143514, "completition_cost": 1000.0, "overshoot_cost": 201.94089676570434, "power_cost": 24.28525938720703, "noise_cost": 82.67931523610783, "n_waypoints_completed": 0, "tot_waypoints": 9}}
{"target": -4123.868515834231, "params": {"k_pid_pos": [1.986781358718872, 0.019968777894973755, 0.07682755589485168], "k_pid_alt": [0.0, 0.0, 1.0], "k_pid_att": [0.0, 9.780216217041016, 1.0], "k_pid_yaw": [0.5, 1e-06, 0.1], "k_pid_hsp": [0.8106265664100647, 1.0, 0.9643539190292358], "k_pid_vsp": [0.0, 400.0, 400.0]}, "datetime": {"datetime": "2025-08-21 15:07:03", "elapsed": 22940.448117256165, "delta": 23.92087745666504}, "costs": {"total_cost": 4123.868515834231, "time_cost": 150, "final_distance_cost": 177.52715299242098, "oscillation_cost": 2247.3554893910296, "completition_cost": 1000.0, "overshoot_cost": 426.1665232180644, "power_cost": 28.299379699707032, "noise_cost": 94.51997053300923, "n_waypoints_completed": 0, "tot_waypoints": 9}}
{"target": -7723.213632259066, "params": {"k_pid_pos": [1.8833311796188354, 0.031397461891174316, 0.16301488876342773], "k_pid_alt": [0.02160698175430298, 0.0, 1.0], "k_pid_att": [0.0, 9.52584457397461, 0.9821189641952515], "k_pid_yaw": [0.5, 1e-06, 0.1], "k_pid_hsp": [9.999999747378752e-05, 0.9952857494354248, 1.0], "k_pid_vsp": [21.630847930908203, 378.738525390625, 394.19384765625]}, "datetime": {"datetime": "2025-08-21 15:07:27", "elapsed": 22963.743900299072, "delta": 23.295783042907715}, "costs": {"total_cost": 7723.213632259066, "time_cost": 150, "final_distance_cost": 1009.7913206159925, "oscillation_cost": 1934.9665923370317, "completition_cost": 1000.0, "overshoot_cost": 3498.388019646401, "power_cost": 32.39944665527344, "noise_cost": 97.66825300436712, "n_waypoints_completed": 0, "tot_waypoints": 9}}
{"target": -1787.3233613658922, "params": {"k_pid_pos": [2.0, 0.07210662961006165, 0.0], "k_pid_alt": [0.0, 0.00016170740127563477, 1.0], "k_pid_att": [12.202178955078125, 10.0, 1.0], "k_pid_yaw": [0.5, 1e-06, 0.1], "k_pid_hsp": [9.999999747378752e-05, 1.0, 0.9677415490150452], "k_pid_vsp": [0.0, 361.9093322753906, 400.0]}, "datetime": {"datetime": "2025-08-21 15:07:50", "elapsed": 22986.767331838608, "delta": 23.023431539535522}, "costs": {"total_cost": 1787.3233613658922, "time_cost": 150, "final_distance_cost": 277.7769825994754, "oscillation_cost": 276.5698949325039, "completition_cost": 888.8888888888888, "overshoot_cost": 153.91159545012846, "power_cost": 18.277047998046875, "noise_cost": 21.898951496848916, "n_waypoints_completed": 1, "tot_waypoints": 9}}
{"target": -7752.616130406686, "params": {"k_pid_pos": [2.0, 0.027366966009140015, 0.04188394546508789], "k_pid_alt": [0.11125433444976807, 0.0, 0.9968580007553101], "k_pid_att": [0.0, 9.748539924621582, 0.9726971387863159], "k_pid_yaw": [0.5, 1e-06, 0.1], "k_pid_hsp": [9.999999747378752e-05, 1.0, 1.0], "k_pid_vsp": [0.0, 371.8919677734375, 386.3188171386719]}, "datetime": {"datetime": "2025-08-21 15:08:14", "elapsed": 23010.509398937225, "delta": 23.742067098617554}, "costs": {"total_cost": 7752.616130406686, "time_cost": 150, "final_distance_cost": 2151.273599661896, "oscillation_cost": 666.9859925613151, "completition_cost": 1000.0, "overshoot_cost": 3665.889429624244, "power_cost": 29.94617059326172, "noise_cost": 88.5209379659704, "n_waypoints_completed": 0, "tot_waypoints": 9}}
{"target": -6874.750157400365, "params": {"k_pid_pos": [2.0, 0.0, 0.01276707649230957], "k_pid_alt": [0.07220911979675293, 0.0, 1.0], "k_pid_att": [0.0, 9.598092079162598, 0.9623385667800903], "k_pid_yaw": [0.5, 1e-06, 0.1], "k_pid_hsp": [9.999999747378752e-05, 1.0, 1.0], "k_pid_vsp": [0.0, 392.5450439453125, 400.0]}, "datetime": {"datetime": "2025-08-21 15:08:37", "elapsed": 23033.880718946457, "delta": 23.371320009231567}, "costs": {"total_cost": 6874.750157400365, "time_cost": 150, "final_distance_cost": 1353.4443291353682, "oscillation_cost": 1134.4835613126093, "completition_cost": 1000.0, "overshoot_cost": 3109.3258730149805, "power_cost": 31.721460705566408, "noise_cost": 95.77493323184065, "n_waypoints_completed": 0, "tot_waypoints": 9}}
