{"target": -1990.4484509921394, "params": {"k_pid_pos": [1.9140293598175049, 0.022968322038650513, 0.01578393578529358], "k_pid_alt": [0.09448379278182983, 0.0072174072265625, 1.0], "k_pid_att": [0.9094476699829102, 9.305463790893555, 0.912986159324646], "k_pid_yaw": [0.5, 1e-06, 0.1], "k_pid_hsp": [0.009736483916640282, 1.0, 0.9668984413146973], "k_pid_vsp": [0.0, 394.35601806640625, 400.0]}, "datetime": {"datetime": "2025-08-21 13:32:30", "elapsed": 17266.50153875351, "delta": 23.23284649848938}, "costs": {"total_cost": 1990.4484509921394, "time_cost": 150, "final_distance_cost": 40.22862131684256, "oscillation_cost": 524.6444369777847, "completition_cost": 1000.0, "overshoot_cost": 156.52430060815766, "power_cost": 29.81233199462891, "noise_cost": 89.2387600947255, "n_waypoints_completed": 0, "tot_waypoints": 9}}
{"target": -1798.5567684947578, "params": {"k_pid_pos": [1.9264308214187622, 0.006454139947891235, 0.0], "k_pid_alt": [0.0, 0.09026068449020386, 1.0], "k_pid_att": [6.724542617797852, 9.526206016540527, 1.0], "k_pid_yaw": [0.5, 1e-06, 0.1], "k_pid_hsp": [9.999999747378752e-05, 0.9275689721107483, 0.9524602890014648], "k_pid_vsp": [0.0, 378.29010009765625, 400.0]}, "datetime": {"datetime": "2025-08-21 13:32:52", "elapsed": 17288.978331565857, "delta": 22.476792812347412}, "costs": {"total_cost": 1798.5567684947578, "time_cost": 150, "final_distance_cost": 23.380155251870086, "oscillation_cost": 262.59012180601223, "completition_cost": 1000.0, "overshoot_cost": 328.8182483998965, "power_cost": 18.973315234375, "noise_cost": 14.794927802603913, "n_waypoints_completed": 0, "tot_waypoints": 9}}
{"target": -1868.760538787086, "params": {"k_pid_pos": [1.796301007270813, 0.0618213415145874, 0.0], "k_pid_alt": [0.026490747928619385, 0.0625467300415039, 0.9181749820709229], "k_pid_att": [5.211654186248779, 10.0, 0.9717370271682739], "k_pid_yaw": [0.5, 1e-06, 0.1], "k_pid_hsp": [9.999999747378752e-05, 0.9857626557350159, 0.9751332998275757], "k_pid_vsp": [7.037711143493652, 400.0, 392.00225830078125]}, "datetime": {"datetime": "2025-08-21 13:33:15", "elapsed": 17311.990163564682, "delta": 23.011831998825073}, "costs": {"total_cost": 1868.760538787086, "time_cost": 150, "final_distance_cost": 69.63875005138809, "oscillation_cost": 241.89447978070953, "completition_cost": 1000.0, "overshoot_cost": 350.16741717651473, "power_cost": 19.108431115722656, "noise_cost": 37.95146066275083, "n_waypoints_completed": 0, "tot_waypoints": 9}}
{"target": -1688.223909122622, "params": {"k_pid_pos": [2.0, 0.023670166730880737, 0.0], "k_pid_alt": [0.010365426540374756, 0.013567566871643066, 1.0], "k_pid_att": [8.86961841583252, 10.0, 0.981541633605957], "k_pid_yaw": [0.5, 1e-06, 0.1], "k_pid_hsp": [0.11289827525615692, 1.0, 1.0], "k_pid_vsp": [9.014928817749023, 400.0, 360.7552795410156]}, "datetime": {"datetime": "2025-08-21 13:33:38", "elapsed": 17334.71273636818, "delta": 22.722572803497314}, "costs": {"total_cost": 1688.223909122622, "time_cost": 150, "final_distance_cost": 46.71099410664641, "oscillation_cost": 302.0794871409456, "completition_cost": 1000.0, "overshoot_cost": 122.91573811618342, "power_cost": 20.383531701660157, "noise_cost": 46.13415805718666, "n_waypoints_completed": 0, "tot_waypoints": 9}}
{"target": -23517.79600331834, "params": {"k_pid_pos": [1.9964619874954224, 0.0, 0.0], "k_pid_alt": [0.24566149711608887, 0.12383222579956055, 1.0], "k_pid_att": [0.0, 9.5663480758667, 0.9437761306762695], "k_pid_yaw": [0.5, 1e-06, 0.1], "k_pid_hsp": [9.999999747378752e-05, 0.9806215763092041, 1.0], "k_pid_vsp": [29.105436325073242, 396.1662292480469, 400.0]}, "datetime": {"datetime": "2025-08-21 13:34:01", "elapsed": 17357.857850074768, "delta": 23.145113706588745}, "costs": {"total_cost": 23517.79600331834, "time_cost": 150, "final_distance_cost": 7028.7876997124595, "oscillation_cost": 2322.8970515039555, "completition_cost": 1000.0, "overshoot_cost": 12877.352947356725, "power_cost": 35.11334697265625, "noise_cost": 103.64495777254358, "n_waypoints_completed": 0, "tot_waypoints": 9}}
{"target": -4160.420302999688, "params": {"k_pid_pos": [2.0, 0.00984308123588562, 0.0], "k_pid_alt": [0.13137054443359375, 0.0, 1.0], "k_pid_att": [0.0, 10.0, 0.9790585041046143], "k_pid_yaw": [0.5, 1e-06, 0.1], "k_pid_hsp": [9.999999747378752e-05, 1.0, 0.9730294942855835], "k_pid_vsp": [3.383791446685791, 376.474365234375, 378.75360107421875]}, "datetime": {"datetime": "2025-08-21 13:34:24", "elapsed": 17380.872592926025, "delta": 23.014742851257324}, "costs": {"total_cost": 4160.420302999688, "time_cost": 150, "final_distance_cost": 562.6254664957072, "oscillation_cost": 1053.5120178623658, "completition_cost": 1000.0, "overshoot_cost": 1267.4653188405555, "power_cost": 31.49671619873047, "noise_cost": 95.32078360232899, "n_waypoints_completed": 0, "tot_waypoints": 9}}
{"target": -2024.767160449097, "params": {"k_pid_pos": [2.0, 0.0, 0.0838971734046936], "k_pid_alt": [0.0, 0.0, 0.9331231117248535], "k_pid_att": [2.6830763816833496, 10.0, 1.0], "k_pid_yaw": [0.5, 1e-06, 0.1], "k_pid_hsp": [9.999999747378752e-05, 0.9878838062286377, 0.8665141463279724], "k_pid_vsp": [0.0, 400.0, 384.18426513671875]}, "datetime": {"datetime": "2025-08-21 13:34:47", "elapsed": 17404.018977880478, "delta": 23.146384954452515}, "costs": {"total_cost": 2024.767160449097, "time_cost": 150, "final_distance_cost": 108.13936894318252, "oscillation_cost": 340.8740114508257, "completition_cost": 1000.0, "overshoot_cost": 347.28816179825054, "power_cost": 14.69966435546875, "noise_cost": 63.76595390136955, "n_waypoints_completed": 0, "tot_waypoints": 9}}
{"target": -3767.9986997399355, "params": {"k_pid_pos": [2.0, 0.0, 0.02535572648048401], "k_pid_alt": [0.0, 0.0, 1.0], "k_pid_att": [4.035833358764648, 10.0, 0.9575676918029785], "k_pid_yaw": [0.5, 1e-06, 0.1], "k_pid_hsp": [1.5805436372756958, 1.0, 0.990242600440979], "k_pid_vsp": [0.0, 400.0, 400.0]}, "datetime": {"datetime": "2025-08-21 13:35:09", "elapsed": 17426.45419692993, "delta": 22.435219049453735}, "costs": {"total_cost": 3767.9986997399355, "time_cost": 150, "final_distance_cost": 738.6771899810193, "oscillation_cost": 253.14664923684666, "completition_cost": 888.8888888888888, "overshoot_cost": 1693.2536492805807, "power_cost": 24.680465051269532, "noise_cost": 19.35185730133053, "n_waypoints_completed": 1, "tot_waypoints": 9}}
{"target": -2162.0955143615665, "params": {"k_pid_pos": [2.0, 0.0, 0.0], "k_pid_alt": [0.05360400676727295, 0.040181100368499756, 0.9927069544792175], "k_pid_att": [1.8579661846160889, 10.0, 1.0], "k_pid_yaw": [0.5, 1e-06, 0.1], "k_pid_hsp": [9.999999747378752e-05, 1.0, 1.0], "k_pid_vsp": [0.0, 398.73846435546875, 400.0]}, "datetime": {"datetime": "2025-08-21 13:35:33", "elapsed": 17449.555142641068, "delta": 23.100945711135864}, "costs": {"total_cost": 2162.0955143615665, "time_cost": 150, "final_distance_cost": 103.69204363957436, "oscillation_cost": 482.47753300877764, "completition_cost": 1000.0, "overshoot_cost": 306.56825575185417, "power_cost": 29.812042028808595, "noise_cost": 89.54563993255158, "n_waypoints_completed": 0, "tot_waypoints": 9}}
{"target": -2164.241761344537, "params": {"k_pid_pos": [1.927851676940918, 0.0, 0.0], "k_pid_alt": [0.21606504917144775, 0.009712845087051392, 1.0], "k_pid_att": [1.2067288160324097, 9.928512573242188, 1.0], "k_pid_yaw": [0.5, 1e-06, 0.1], "k_pid_hsp": [9.999999747378752e-05, 1.0, 0.9989892244338989], "k_pid_vsp": [19.015037536621094, 400.0, 379.587158203125]}, "datetime": {"datetime": "2025-08-21 13:35:56", "elapsed": 17472.853739738464, "delta": 23.29859709739685}, "costs": {"total_cost": 2164.241761344537, "time_cost": 150, "final_distance_cost": 24.3480765178425, "oscillation_cost": 674.154773828383, "completition_cost": 1000.0, "overshoot_cost": 194.45424319378384, "power_cost": 30.334737377929688, "noise_cost": 90.9499304265977, "n_waypoints_completed": 0, "tot_waypoints": 9}}
{"target": -3907.609826868923, "params": {"k_pid_pos": [2.0, 0.0, 0.032240450382232666], "k_pid_alt": [0.05423182249069214, 0.0, 1.0], "k_pid_att": [0.0, 10.0, 1.0], "k_pid_yaw": [0.5, 1e-06, 0.1], "k_pid_hsp": [9.999999747378752e-05, 0.939467191696167, 1.0], "k_pid_vsp": [19.29374885559082, 400.0, 400.0]}, "datetime": {"datetime": "2025-08-21 13:36:19", "elapsed": 17496.070697784424, "delta": 23.216958045959473}, "costs": {"total_cost": 3907.609826868923, "time_cost": 150, "final_distance_cost": 381.96469721751714, "oscillation_cost": 1208.3201481776073, "completition_cost": 1000.0, "overshoot_cost": 1042.9285187234657, "power_cost": 30.660033435058594, "noise_cost": 93.73642931527404, "n_waypoints_completed": 0, "tot_waypoints": 9}}
{"target": -9098.043855096854, "params": {"k_pid_pos": [1.8116850852966309, 0.05374956130981445, 0.0], "k_pid_alt": [0.0, 0.0, 1.0], "k_pid_att": [0.0, 10.0, 1.0], "k_pid_yaw": [0.5, 1e-06, 0.1], "k_pid_hsp": [0.4903712868690491, 1.0, 1.0], "k_pid_vsp": [0.0, 368.9140930175781, 368.1109313964844]}, "datetime": {"datetime": "2025-08-21 13:36:42", "elapsed": 17519.42867732048, "delta": 23.35797953605652}, "costs": {"total_cost": 9098.043855096854, "time_cost": 150, "final_distance_cost": 2769.7258192334057, "oscillation_cost": 1704.969761718063, "completition_cost": 1000.0, "overshoot_cost": 3356.4387863811985, "power_cost": 27.144602844238282, "noise_cost": 89.76488491994925, "n_waypoints_completed": 0, "tot_waypoints": 9}}
{"target": -5316.79523623152, "params": {"k_pid_pos": [2.0, 0.004936635494232178, 0.0], "k_pid_alt": [0.0, 0.0, 0.9457556009292603], "k_pid_att": [10.170539855957031, 10.0, 1.0], "k_pid_yaw": [0.5, 1e-06, 0.1], "k_pid_hsp": [0.3868810832500458, 0.9922499656677246, 1.0], "k_pid_vsp": [0.0, 400.0, 379.45166015625]}, "datetime": {"datetime": "2025-08-21 13:37:05", "elapsed": 17542.25587439537, "delta": 22.827197074890137}, "costs": {"total_cost": 5316.79523623152, "time_cost": 150, "final_distance_cost": 1713.0586387327946, "oscillation_cost": 212.50644011307864, "completition_cost": 1000.0, "overshoot_cost": 2204.1810724168063, "power_cost": 19.228320825195315, "noise_cost": 17.820764143645135, "n_waypoints_completed": 0, "tot_waypoints": 9}}
{"target": -9920.005279029321, "params": {"k_pid_pos": [2.0, 0.0, 0.0], "k_pid_alt": [0.0, 0.0, 0.9444201588630676], "k_pid_att": [0.0, 10.0, 0.9837098121643066], "k_pid_yaw": [0.5, 1e-06, 0.1], "k_pid_hsp": [0.2740795314311981, 1.0, 0.9972018003463745], "k_pid_vsp": [1.4850497245788574, 400.0, 377.1713562011719]}, "datetime": {"datetime": "2025-08-21 13:37:29", "elapsed": 17565.541224956512, "delta": 23.285350561141968}, "costs": {"total_cost": 9920.005279029321, "time_cost": 150, "final_distance_cost": 3261.9913310146485, "oscillation_cost": 1568.3105632234096, "completition_cost": 1000.0, "overshoot_cost": 3820.3869245040314, "power_cost": 27.670313439941406, "noise_cost": 91.64614684728967, "n_waypoints_completed": 0, "tot_waypoints": 9}}
{"target": -3280.4110989180826, "params": {"k_pid_pos": [1.948779821395874, 0.0, 0.0], "k_pid_alt": [0.0, 0.0, 1.0], "k_pid_att": [7.223832607269287, 9.310340881347656, 1.0], "k_pid_yaw": [0.5, 1e-06, 0.1], "k_pid_hsp": [9.999999747378752e-05, 1.0, 1.0], "k_pid_vsp": [0.0, 400.0, 400.0]}, "datetime": {"datetime": "2025-08-21 13:37:52", "elapsed": 17588.69305419922, "delta": 23.1518292427063}, "costs": {"total_cost": 3280.4110989180826, "time_cost": 150, "final_distance_cost": 1041.8211297892854, "oscillation_cost": 191.02495899132776, "completition_cost": 888.8888888888888, "overshoot_cost": 974.7895360269966, "power_cost": 18.916092541503907, "noise_cost": 14.970492680080092, "n_waypoints_completed": 1, "tot_waypoints": 9}}
{"target": -8387.881170563045, "params": {"k_pid_pos": [2.0, 0.0, 0.03698623180389404], "k_pid_alt": [0.028093457221984863, 0.06824803352355957, 0.9931446313858032], "k_pid_att": [0.0, 10.0, 1.0], "k_pid_yaw": [0.5, 1e-06, 0.1], "k_pid_hsp": [0.26896432042121887, 1.0, 1.0], "k_pid_vsp": [0.0, 393.86224365234375, 390.609130859375]}, "datetime": {"datetime": "2025-08-21 13:38:15", "elapsed": 17611.787387132645, "delta": 23.094332933425903}, "costs": {"total_cost": 8387.881170563045, "time_cost": 150, "final_distance_cost": 2175.883686848822, "oscillation_cost": 2208.3195717532717, "completition_cost": 1000.0, "overshoot_cost": 2727.2145485696064, "power_cost": 30.80176688232422, "noise_cost": 95.66159650902073, "n_waypoints_completed": 0, "tot_waypoints": 9}}
{"target": -2302.2873931545773, "params": {"k_pid_pos": [2.0, 0.0, 0.0], "k_pid_alt": [0.009030401706695557, 0.0, 0.9691178798675537], "k_pid_att": [1.7772823572158813, 10.0, 0.9517868161201477], "k_pid_yaw": [0.5, 1e-06, 0.1], "k_pid_hsp": [9.999999747378752e-05, 1.0, 0.9610764980316162], "k_pid_vsp": [2.3784995079040527, 368.2435302734375, 386.5041809082031]}, "datetime": {"datetime": "2025-08-21 13:38:38", "elapsed": 17634.9257979393, "delta": 23.138410806655884}, "costs": {"total_cost": 2302.2873931545773, "time_cost": 150, "final_distance_cost": 135.34229050803876, "oscillation_cost": 504.90890096592864, "completition_cost": 1000.0, "overshoot_cost": 393.1904511658825, "power_cost": 29.630175244140627, "noise_cost": 89.21557527058687, "n_waypoints_completed": 0, "tot_waypoints": 9}}
{"target": -6074.811890694687, "params": {"k_pid_pos": [2.0, 0.0, 0.1060800850391388], "k_pid_alt": [0.09691643714904785, 0.045035332441329956, 0.9696836471557617], "k_pid_att": [0.34517645835876465, 9.556205749511719, 1.0], "k_pid_yaw": [0.5, 1e-06, 0.1], "k_pid_hsp": [0.16435982286930084, 0.9040379524230957, 0.9472779631614685], "k_pid_vsp": [0.0, 384.6530456542969, 388.19281005859375]}, "datetime": {"datetime": "2025-08-21 13:39:01", "elapsed": 17658.067725419998, "delta": 23.141927480697632}, "costs": {"total_cost": 6074.811890694687, "time_cost": 150, "final_distance_cost": 1143.1141102792212, "oscillation_cost": 1003.7663982151566, "completition_cost": 1000.0, "overshoot_cost": 2653.8070392275654, "power_cost": 30.880469873046877, "noise_cost": 93.24387309969514, "n_waypoints_completed": 0, "tot_waypoints": 9}}
{"target": -13474.496499814106, "params": {"k_pid_pos": [1.991072654724121, 0.0, 0.0], "k_pid_alt": [0.0, 0.0, 1.0], "k_pid_att": [0.0, 10.0, 1.0], "k_pid_yaw": [0.5, 1e-06, 0.1], "k_pid_hsp": [9.999999747378752e-05, 0.981651782989502, 1.0], "k_pid_vsp": [0.0, 398.90142822265625, 400.0]}, "datetime": {"datetime": "2025-08-21 13:39:24", "elapsed": 17681.21724963188, "delta": 23.149524211883545}, "costs": {"total_cost": 13474.496499814106, "time_cost": 150, "final_distance_cost": 4378.659682979525, "oscillation_cost": 1975.6952831782103, "completition_cost": 1000.0, "overshoot_cost": 5853.444532153417, "power_cost": 27.01611812744141, "noise_cost": 89.68088337551094, "n_waypoints_completed": 0, "tot_waypoints": 9}}
{"target": -5166.559270159192, "params": {"k_pid_pos": [2.0, 0.010272473096847534, 0.0], "k_pid_alt": [0.0, 0.0, 0.9964478611946106], "k_pid_att": [0.0, 9.800751686096191, 1.0], "k_pid_yaw": [0.5, 1e-06, 0.1], "k_pid_hsp": [0.4115354120731354, 1.0, 0.9627422094345093], "k_pid_vsp": [0.0, 362.4414978027344, 362.7531433105469]}, "datetime": {"datetime": "2025-08-21 13:39:47", "elapsed": 17704.314294576645, "delta": 23.097044944763184}, "costs": {"total_cost": 5166.559270159192, "time_cost": 150, "final_distance_cost": 829.4431040092638, "oscillation_cost": 1969.165121191954, "completition_cost": 1000.0, "overshoot_cost": 1105.864360358647, "power_cost": 25.143539208984375, "noise_cost": 86.9431453903434, "n_waypoints_completed": 0, "tot_waypoints": 9}}
{"target": -1832.6886860593772, "params": {"k_pid_pos": [2.0, 0.0, 0.02910560369491577], "k_pid_alt": [0.06760197877883911, 0.07039329409599304, 1.0], "k_pid_att": [2.8764545917510986, 10.0, 0.9416351318359375], "k_pid_yaw": [0.5, 1e-06, 0.1], "k_pid_hsp": [0.45410817861557007, 0.9817708730697632, 0.9802911281585693], "k_pid_vsp": [0.0, 400.0, 400.0]}, "datetime": {"datetime": "2025-08-21 13:40:11", "elapsed": 17727.67628097534, "delta": 23.3619863986969}, "costs": {"total_cost": 1832.6886860593772, "time_cost": 150, "final_distance_cost": 37.75952059350413, "oscillation_cost": 344.11663461505424, "completition_cost": 1000.0, "overshoot_cost": 214.16828082777414, "power_cost": 23.79450047607422, "noise_cost": 62.84974954697043, "n_waypoints_completed": 0, "tot_waypoints": 9}}
{"target": -2916.8689083340073, "params": {"k_pid_pos": [1.9791569709777832, 0.0, 0.05007311701774597], "k_pid_alt": [0.0, 0.12302708625793457, 1.0], "k_pid_att": [4.233872890472412, 9.708610534667969, 1.0], "k_pid_yaw": [0.5, 1e-06, 0.1], "k_pid_hsp": [9.999999747378752e-05, 0.9944026470184326, 0.9727376699447632], "k_pid_vsp": [0.0, 400.0, 384.2584228515625]}, "datetime": {"datetime": "2025-08-21 13:40:34", "elapsed": 17751.08746933937, "delta": 23.41118836402893}, "costs": {"total_cost": 2916.8689083340073, "time_cost": 150, "final_distance_cost": 601.234283727344, "oscillation_cost": 248.6820006485496, "completition_cost": 1000.0, "overshoot_cost": 882.68373758854, "power_cost": 17.634418029785156, "noise_cost": 16.63446833978814, "n_waypoints_completed": 0, "tot_waypoints": 9}}
{"target": -3029.23538901689, "params": {"k_pid_pos": [1.880961298942566, 0.052544206380844116, 0.0], "k_pid_alt": [0.0, 0.0, 1.0], "k_pid_att": [0.0, 9.597679138183594, 0.9745597839355469], "k_pid_yaw": [0.5, 1e-06, 0.1], "k_pid_hsp": [0.7145755290985107, 1.0, 1.0], "k_pid_vsp": [37.54404830932617, 391.9631042480469, 400.0]}, "datetime": {"datetime": "2025-08-21 13:40:58", "elapsed": 17774.68483567238, "delta": 23.597366333007812}, "costs": {"total_cost": 3029.23538901689, "time_cost": 150, "final_distance_cost": 169.68237637248106, "oscillation_cost": 1203.5553919029458, "completition_cost": 1000.0, "overshoot_cost": 402.7615367696404, "power_cost": 22.294907775878908, "noise_cost": 80.94117619594428, "n_waypoints_completed": 0, "tot_waypoints": 9}}
{"target": -2461.8157136500777, "params": {"k_pid_pos": [2.0, 0.0, 0.0], "k_pid_alt": [0.0, 0.0, 0.9526267051696777], "k_pid_att": [0.8486390113830566, 9.025921821594238, 1.0], "k_pid_yaw": [0.5, 1e-06, 0.1], "k_pid_hsp": [9.999999747378752e-05, 1.0, 0.9884616136550903], "k_pid_vsp": [0.0, 367.1461486816406, 400.0]}, "datetime": {"datetime": "2025-08-21 13:41:21", "elapsed": 17798.021924972534, "delta": 23.33708930015564}, "costs": {"total_cost": 2461.8157136500777, "time_cost": 150, "final_distance_cost": 265.8697510186371, "oscillation_cost": 614.5399939976639, "completition_cost": 1000.0, "overshoot_cost": 351.7791209865769, "power_cost": 15.027382104492188, "noise_cost": 64.59946554270776, "n_waypoints_completed": 0, "tot_waypoints": 9}}
{"target": -7833.248693587407, "params": {"k_pid_pos": [1.9790195226669312, 0.04570254683494568, 0.0], "k_pid_alt": [0.059602975845336914, 0.08883774280548096, 1.0], "k_pid_att": [0.0, 9.586580276489258, 1.0], "k_pid_yaw": [0.5, 1e-06, 0.1], "k_pid_hsp": [9.999999747378752e-05, 1.0, 0.9658654928207397], "k_pid_vsp": [4.496324062347412, 393.2964782714844, 384.89385986328125]}, "datetime": {"datetime": "2025-08-21 13:41:44", "elapsed": 17821.061093330383, "delta": 23.03916835784912}, "costs": {"total_cost": 7833.248693587407, "time_cost": 150, "final_distance_cost": 1611.9133449343678, "oscillation_cost": 1801.8151859717043, "completition_cost": 1000.0, "overshoot_cost": 3132.0321534032864, "power_cost": 34.78920207519531, "noise_cost": 102.69880720285384, "n_waypoints_completed": 0, "tot_waypoints": 9}}
{"target": -1642.9939037488639, "params": {"k_pid_pos": [1.9870859384536743, 0.026311606168746948, 0.0], "k_pid_alt": [0.0, 0.0, 0.9512089490890503], "k_pid_att": [5.530491352081299, 9.666049003601074, 1.0], "k_pid_yaw": [0.5, 1e-06, 0.1], "k_pid_hsp": [0.399241179227829, 1.0, 1.0], "k_pid_vsp": [0.0, 361.8642883300781, 400.0]}, "datetime": {"datetime": "2025-08-21 13:42:07", "elapsed": 17844.11865735054, "delta": 23.05756402015686}, "costs": {"total_cost": 1642.9939037488639, "time_cost": 150, "final_distance_cost": 7.688685164771002, "oscillation_cost": 271.0036876819459, "completition_cost": 1000.0, "overshoot_cost": 137.94988836235655, "power_cost": 20.142581457519533, "noise_cost": 56.20906108227098, "n_waypoints_completed": 0, "tot_waypoints": 9}}
{"target": -6476.621679264141, "params": {"k_pid_pos": [1.85676908493042, 0.04243361949920654, 0.01429256796836853], "k_pid_alt": [0.050079286098480225, 0.11636361479759216, 1.0], "k_pid_att": [0.0, 10.0, 1.0], "k_pid_yaw": [0.5, 1e-06, 0.1], "k_pid_hsp": [9.999999747378752e-05, 1.0, 0.9605380892753601], "k_pid_vsp": [12.270248413085938, 390.59906005859375, 400.0]}, "datetime": {"datetime": "2025-08-21 13:42:30", "elapsed": 17867.433458805084, "delta": 23.314801454544067}, "costs": {"total_cost": 6476.621679264141, "time_cost": 150, "final_distance_cost": 1100.9511872579312, "oscillation_cost": 1780.245869890649, "completition_cost": 1000.0, "overshoot_cost": 2309.3241559224384, "power_cost": 34.401902001953125, "noise_cost": 101.69856419116911, "n_waypoints_completed": 0, "tot_waypoints": 9}}
{"target": -8951.015947543918, "params": {"k_pid_pos": [1.9991650581359863, 0.003981441259384155, 0.06167876720428467], "k_pid_alt": [0.12250882387161255, 0.0011256933212280273, 0.9879881143569946], "k_pid_att": [0.0, 8.985481262207031, 1.0], "k_pid_yaw": [0.5, 1e-06, 0.1], "k_pid_hsp": [1.4134043455123901, 1.0, 0.8671735525131226], "k_pid_vsp": [0.0, 395.2190856933594, 400.0]}, "datetime": {"datetime": "2025-08-21 13:42:54", "elapsed": 17890.869136810303, "delta": 23.435678005218506}, "costs": {"total_cost": 8951.015947543918, "time_cost": 150, "final_distance_cost": 2458.570090241537, "oscillation_cost": 2039.8548372919463, "completition_cost": 1000.0, "overshoot_cost": 3171.629925093466, "power_cost": 32.47327150878906, "noise_cost": 98.48782340817982, "n_waypoints_completed": 0, "tot_waypoints": 9}}
