{"target": -2186.962282117969, "params": {"k_pid_pos": [1.9769561290740967, 0.01753363013267517, 0.0], "k_pid_alt": [0.0, 0.0, 1.0], "k_pid_att": [1.5514135360717773, 9.940544128417969, 1.0], "k_pid_yaw": [0.5, 1e-06, 0.1], "k_pid_hsp": [9.999999747378752e-05, 0.9389999508857727, 0.9930989742279053], "k_pid_vsp": [6.667542457580566, 373.1917724609375, 385.4212646484375]}, "datetime": {"datetime": "2025-08-22 01:20:23", "elapsed": 59739.94832777977, "delta": 21.983741283416748}, "costs": {"total_cost": 2186.962282117969, "time_cost": 150, "final_distance_cost": 93.272813805907, "oscillation_cost": 559.9142222076803, "completition_cost": 1000.0, "overshoot_cost": 298.8993706157722, "power_cost": 16.68385769042969, "noise_cost": 68.19201779818, "n_waypoints_completed": 0, "tot_waypoints": 9}}
{"target": -15367.952955662577, "params": {"k_pid_pos": [2.0, 0.0, 0.05567353963851929], "k_pid_alt": [0.0, 0.007190346717834473, 1.0], "k_pid_att": [0.0, 9.567670822143555, 1.0], "k_pid_yaw": [0.5, 1e-06, 0.1], "k_pid_hsp": [9.999999747378752e-05, 1.0, 0.8924692869186401], "k_pid_vsp": [7.37452507019043, 396.25811767578125, 375.06634521484375]}, "datetime": {"datetime": "2025-08-22 01:20:43", "elapsed": 59760.46690392494, "delta": 20.51857614517212}, "costs": {"total_cost": 15367.952955662577, "time_cost": 150, "final_distance_cost": 4414.165329394442, "oscillation_cost": 1982.6231753429302, "completition_cost": 1000.0, "overshoot_cost": 7688.149621415086, "power_cost": 33.13106380615235, "noise_cost": 99.88376570396508, "n_waypoints_completed": 0, "tot_waypoints": 9}}
{"target": -2098.2920550588774, "params": {"k_pid_pos": [1.9422374963760376, 0.030212759971618652, 0.04665490984916687], "k_pid_alt": [0.05847311019897461, 0.0, 1.0], "k_pid_att": [1.7279773950576782, 10.0, 0.9473726749420166], "k_pid_yaw": [0.5, 1e-06, 0.1], "k_pid_hsp": [9.999999747378752e-05, 0.9032362699508667, 1.0], "k_pid_vsp": [16.691802978515625, 400.0, 400.0]}, "datetime": {"datetime": "2025-08-22 01:21:06", "elapsed": 59782.58779120445, "delta": 22.120887279510498}, "costs": {"total_cost": 2098.2920550588774, "time_cost": 150, "final_distance_cost": 61.702060926305364, "oscillation_cost": 525.8313169734216, "completition_cost": 1000.0, "overshoot_cost": 244.01080132350165, "power_cost": 29.820542541503908, "noise_cost": 86.92733329414492, "n_waypoints_completed": 0, "tot_waypoints": 9}}
{"target": -3548.4409769401727, "params": {"k_pid_pos": [1.9196609258651733, 0.0, 0.0], "k_pid_alt": [0.13634949922561646, 0.0, 0.9004143476486206], "k_pid_att": [0.7056325674057007, 10.0, 1.0], "k_pid_yaw": [0.5, 1e-06, 0.1], "k_pid_hsp": [9.999999747378752e-05, 1.0, 1.0], "k_pid_vsp": [0.0, 400.0, 400.0]}, "datetime": {"datetime": "2025-08-22 01:21:27", "elapsed": 59804.129707574844, "delta": 21.541916370391846}, "costs": {"total_cost": 3548.4409769401727, "time_cost": 150, "final_distance_cost": 844.6150080265181, "oscillation_cost": 579.9696044640314, "completition_cost": 1000.0, "overshoot_cost": 853.6050711390153, "power_cost": 30.032057568359377, "noise_cost": 90.21923574224866, "n_waypoints_completed": 0, "tot_waypoints": 9}}
{"target": -3138.388738634342, "params": {"k_pid_pos": [2.0, 0.0, 0.07768458127975464], "k_pid_alt": [0.03874307870864868, 0.019561707973480225, 1.0], "k_pid_att": [0.0, 9.139130592346191, 1.0], "k_pid_yaw": [0.5, 1e-06, 0.1], "k_pid_hsp": [0.18302005529403687, 0.9492684602737427, 1.0], "k_pid_vsp": [27.10886001586914, 394.0690002441406, 355.9310302734375]}, "datetime": {"datetime": "2025-08-22 01:21:48", "elapsed": 59825.19593119621, "delta": 21.066223621368408}, "costs": {"total_cost": 3138.388738634342, "time_cost": 150, "final_distance_cost": 324.4079783997687, "oscillation_cost": 1149.5456603808386, "completition_cost": 1000.0, "overshoot_cost": 392.09057407199, "power_cost": 30.09705837402344, "noise_cost": 92.24746740772112, "n_waypoints_completed": 0, "tot_waypoints": 9}}
{"target": -2071.7567753249937, "params": {"k_pid_pos": [1.9482027292251587, 0.11703258752822876, 0.0], "k_pid_alt": [0.0, 0.1061626672744751, 1.0], "k_pid_att": [2.476665496826172, 9.947134017944336, 0.9565312266349792], "k_pid_yaw": [0.5, 1e-06, 0.1], "k_pid_hsp": [0.7510478496551514, 1.0, 0.8944242596626282], "k_pid_vsp": [0.0, 398.18865966796875, 400.0]}, "datetime": {"datetime": "2025-08-22 01:22:10", "elapsed": 59847.088104486465, "delta": 21.892173290252686}, "costs": {"total_cost": 2071.7567753249937, "time_cost": 150, "final_distance_cost": 89.12670670683738, "oscillation_cost": 371.81123828437086, "completition_cost": 1000.0, "overshoot_cost": 366.98995019147833, "power_cost": 23.58852839355469, "noise_cost": 70.24035174875247, "n_waypoints_completed": 0, "tot_waypoints": 9}}
{"target": -16588.056753365996, "params": {"k_pid_pos": [2.0, 0.0, 0.0], "k_pid_alt": [0.0, 0.0, 1.0], "k_pid_att": [0.0, 10.0, 0.952438473701477], "k_pid_yaw": [0.5, 1e-06, 0.1], "k_pid_hsp": [9.999999747378752e-05, 1.0, 1.0], "k_pid_vsp": [0.0, 376.5898132324219, 400.0]}, "datetime": {"datetime": "2025-08-22 01:22:31", "elapsed": 59867.77746582031, "delta": 20.689361333847046}, "costs": {"total_cost": 16588.056753365996, "time_cost": 150, "final_distance_cost": 5433.195842008492, "oscillation_cost": 2142.8291406122785, "completition_cost": 1000.0, "overshoot_cost": 7746.743895874229, "power_cost": 26.604684033203128, "noise_cost": 88.68319083779261, "n_waypoints_completed": 0, "tot_waypoints": 9}}
{"target": -2574.2307422468075, "params": {"k_pid_pos": [2.0, 0.02975541353225708, 0.0], "k_pid_alt": [0.0, 0.1259065866470337, 0.9551974534988403], "k_pid_att": [0.9585171937942505, 9.79830551147461, 0.9388998746871948], "k_pid_yaw": [0.5, 1e-06, 0.1], "k_pid_hsp": [9.999999747378752e-05, 0.9823073148727417, 0.9313164949417114], "k_pid_vsp": [4.626119136810303, 379.1202087402344, 400.0]}, "datetime": {"datetime": "2025-08-22 01:22:53", "elapsed": 59889.66616940498, "delta": 21.88870358467102}, "costs": {"total_cost": 2574.2307422468075, "time_cost": 150, "final_distance_cost": 193.52912547406586, "oscillation_cost": 640.3188314269644, "completition_cost": 1000.0, "overshoot_cost": 468.5893001157019, "power_cost": 30.68405994873047, "noise_cost": 91.10942528134505, "n_waypoints_completed": 0, "tot_waypoints": 9}}
{"target": -2208.799757793349, "params": {"k_pid_pos": [1.9117401838302612, 0.0, 0.0800924003124237], "k_pid_alt": [0.11059838533401489, 0.08801242709159851, 1.0], "k_pid_att": [1.1160790920257568, 9.716827392578125, 1.0], "k_pid_yaw": [0.5, 1e-06, 0.1], "k_pid_hsp": [9.999999747378752e-05, 0.9551243782043457, 1.0], "k_pid_vsp": [0.0, 384.1965637207031, 388.57269287109375]}, "datetime": {"datetime": "2025-08-22 01:23:14", "elapsed": 59911.230468034744, "delta": 21.564298629760742}, "costs": {"total_cost": 2208.799757793349, "time_cost": 150, "final_distance_cost": 26.401640400117525, "oscillation_cost": 690.6810486972486, "completition_cost": 1000.0, "overshoot_cost": 223.82614222079283, "power_cost": 29.61604910888672, "noise_cost": 88.2748773663033, "n_waypoints_completed": 0, "tot_waypoints": 9}}
{"target": -13271.830463686803, "params": {"k_pid_pos": [2.0, 0.03448563814163208, 0.020793944597244263], "k_pid_alt": [0.0, 0.05276834964752197, 0.9720059037208557], "k_pid_att": [0.0, 9.949267387390137, 0.9903208017349243], "k_pid_yaw": [0.5, 1e-06, 0.1], "k_pid_hsp": [0.8605923056602478, 1.0, 1.0], "k_pid_vsp": [0.0, 400.0, 400.0]}, "datetime": {"datetime": "2025-08-22 01:23:36", "elapsed": 59933.13693070412, "delta": 21.90646266937256}, "costs": {"total_cost": 13271.830463686803, "time_cost": 150, "final_distance_cost": 3198.079290845041, "oscillation_cost": 2284.318956247867, "completition_cost": 1000.0, "overshoot_cost": 6503.30502948822, "power_cost": 34.227290576171875, "noise_cost": 101.89989652950588, "n_waypoints_completed": 0, "tot_waypoints": 9}}
{"target": -3310.7339972075742, "params": {"k_pid_pos": [2.0, 0.05499297380447388, 0.0], "k_pid_alt": [0.0, 0.0, 0.9288522005081177], "k_pid_att": [0.0, 10.0, 0.9905678033828735], "k_pid_yaw": [0.5, 1e-06, 0.1], "k_pid_hsp": [9.999999747378752e-05, 0.9015042781829834, 1.0], "k_pid_vsp": [0.0, 400.0, 374.9881286621094]}, "datetime": {"datetime": "2025-08-22 01:23:58", "elapsed": 59954.61565446854, "delta": 21.478723764419556}, "costs": {"total_cost": 3310.7339972075742, "time_cost": 150, "final_distance_cost": 316.58171872934616, "oscillation_cost": 1271.6317651949728, "completition_cost": 1000.0, "overshoot_cost": 468.4584869732806, "power_cost": 22.676245922851564, "noise_cost": 81.38578038712271, "n_waypoints_completed": 0, "tot_waypoints": 9}}
{"target": -1622.6572492988396, "params": {"k_pid_pos": [2.0, 0.0, 0.0], "k_pid_alt": [0.0029755234718322754, 0.0, 0.9767003655433655], "k_pid_att": [6.441068649291992, 9.958155632019043, 0.988571047782898], "k_pid_yaw": [0.5, 1e-06, 0.1], "k_pid_hsp": [0.5946366786956787, 1.0, 0.9557584524154663], "k_pid_vsp": [14.153194427490234, 387.0953063964844, 400.0]}, "datetime": {"datetime": "2025-08-22 01:24:20", "elapsed": 59976.7218170166, "delta": 22.106162548065186}, "costs": {"total_cost": 1622.6572492988396, "time_cost": 150, "final_distance_cost": 8.249937115628054, "oscillation_cost": 277.755189735107, "completition_cost": 1000.0, "overshoot_cost": 123.68727875191894, "power_cost": 18.419953234863282, "noise_cost": 44.544890461322524, "n_waypoints_completed": 0, "tot_waypoints": 9}}
{"target": -9627.240070456675, "params": {"k_pid_pos": [1.955885887145996, 0.05659797787666321, 0.0], "k_pid_alt": [0.11636978387832642, 0.0, 0.9586380124092102], "k_pid_att": [0.0, 10.0, 1.0], "k_pid_yaw": [0.5, 1e-06, 0.1], "k_pid_hsp": [9.999999747378752e-05, 1.0, 1.0], "k_pid_vsp": [0.0, 398.4324645996094, 400.0]}, "datetime": {"datetime": "2025-08-22 01:24:41", "elapsed": 59997.66976213455, "delta": 20.94794511795044}, "costs": {"total_cost": 9627.240070456675, "time_cost": 150, "final_distance_cost": 2353.4552618673674, "oscillation_cost": 911.535551340501, "completition_cost": 1000.0, "overshoot_cost": 5080.635197902201, "power_cost": 33.112602685546875, "noise_cost": 98.50145666105648, "n_waypoints_completed": 0, "tot_waypoints": 9}}
{"target": -5494.794998841501, "params": {"k_pid_pos": [2.0, 0.0, 0.09841006994247437], "k_pid_alt": [0.0, 0.0, 1.0], "k_pid_att": [0.0, 10.0, 0.9248448014259338], "k_pid_yaw": [0.5, 1e-06, 0.1], "k_pid_hsp": [9.999999747378752e-05, 0.9729995727539062, 0.9656997919082642], "k_pid_vsp": [0.0, 379.84698486328125, 400.0]}, "datetime": {"datetime": "2025-08-22 01:25:03", "elapsed": 60019.55821681023, "delta": 21.88845467567444}, "costs": {"total_cost": 5494.794998841501, "time_cost": 150, "final_distance_cost": 1021.4797695070292, "oscillation_cost": 1298.814422773512, "completition_cost": 1000.0, "overshoot_cost": 1926.414972276781, "power_cost": 20.990244738769533, "noise_cost": 77.09558954541018, "n_waypoints_completed": 0, "tot_waypoints": 9}}
{"target": -1725.8991484577605, "params": {"k_pid_pos": [1.9624974727630615, 0.0, 0.03004974126815796], "k_pid_alt": [0.00118333101272583, 0.0, 1.0], "k_pid_att": [7.996228218078613, 10.0, 1.0], "k_pid_yaw": [0.5, 1e-06, 0.1], "k_pid_hsp": [9.999999747378752e-05, 1.0, 0.9821171760559082], "k_pid_vsp": [0.0, 381.1566467285156, 396.8149719238281]}, "datetime": {"datetime": "2025-08-22 01:25:24", "elapsed": 60041.01023721695, "delta": 21.452020406723022}, "costs": {"total_cost": 1725.8991484577605, "time_cost": 150, "final_distance_cost": 5.910128159617828, "oscillation_cost": 344.87636648960404, "completition_cost": 1000.0, "overshoot_cost": 136.85209451464337, "power_cost": 21.162843017578126, "noise_cost": 67.09771627631733, "n_waypoints_completed": 0, "tot_waypoints": 9}}
{"target": -10450.005560572616, "params": {"k_pid_pos": [1.9308968782424927, 0.04361522197723389, 0.0], "k_pid_alt": [0.0, 0.028726041316986084, 1.0], "k_pid_att": [0.0, 9.697317123413086, 1.0], "k_pid_yaw": [0.5, 1e-06, 0.1], "k_pid_hsp": [0.28719601035118103, 1.0, 0.9697986245155334], "k_pid_vsp": [7.926762104034424, 400.0, 382.0736389160156]}, "datetime": {"datetime": "2025-08-22 01:25:46", "elapsed": 60063.360798835754, "delta": 22.35056161880493}, "costs": {"total_cost": 10450.005560572616, "time_cost": 150, "final_distance_cost": 3310.220699453963, "oscillation_cost": 2288.17039643552, "completition_cost": 1000.0, "overshoot_cost": 3562.5400555173633, "power_cost": 35.11760843505859, "noise_cost": 103.95680073070974, "n_waypoints_completed": 0, "tot_waypoints": 9}}
{"target": -9781.626957618424, "params": {"k_pid_pos": [1.9482908248901367, 0.03457832336425781, 0.025245189666748047], "k_pid_alt": [0.0219728946685791, 0.0, 1.0], "k_pid_att": [0.0, 9.82192325592041, 0.9819077253341675], "k_pid_yaw": [0.5, 1e-06, 0.1], "k_pid_hsp": [9.999999747378752e-05, 0.9984622001647949, 0.9854201078414917], "k_pid_vsp": [0.0, 400.0, 400.0]}, "datetime": {"datetime": "2025-08-22 01:26:09", "elapsed": 60085.48568367958, "delta": 22.124884843826294}, "costs": {"total_cost": 9781.626957618424, "time_cost": 150, "final_distance_cost": 2020.5497417215347, "oscillation_cost": 1733.7940099169248, "completition_cost": 1000.0, "overshoot_cost": 4743.41716071485, "power_cost": 33.538092822265625, "noise_cost": 100.32795244284851, "n_waypoints_completed": 0, "tot_waypoints": 9}}
{"target": -3964.1011382523825, "params": {"k_pid_pos": [1.9219728708267212, 0.0, 0.00726047158241272], "k_pid_alt": [0.015273869037628174, 0.060483068227767944, 1.0], "k_pid_att": [5.659601211547852, 9.997310638427734, 1.0], "k_pid_yaw": [0.5, 1e-06, 0.1], "k_pid_hsp": [0.6597269773483276, 0.9725626111030579, 1.0], "k_pid_vsp": [5.145895481109619, 400.0, 398.9632263183594]}, "datetime": {"datetime": "2025-08-22 01:26:30", "elapsed": 60107.14299058914, "delta": 21.657306909561157}, "costs": {"total_cost": 3964.1011382523825, "time_cost": 150, "final_distance_cost": 1014.7626668236255, "oscillation_cost": 310.8293849550901, "completition_cost": 1000.0, "overshoot_cost": 1452.043700634579, "power_cost": 19.876520434570313, "noise_cost": 16.588865404517303, "n_waypoints_completed": 0, "tot_waypoints": 9}}
{"target": -12117.596925169219, "params": {"k_pid_pos": [1.8887346982955933, 0.0034924447536468506, 0.0066155195236206055], "k_pid_alt": [0.0, 0.0, 0.9948592185974121], "k_pid_att": [0.0, 9.941230773925781, 1.0], "k_pid_yaw": [0.5, 1e-06, 0.1], "k_pid_hsp": [9.999999747378752e-05, 0.9182232618331909, 0.9693412780761719], "k_pid_vsp": [12.855470657348633, 394.7305603027344, 400.0]}, "datetime": {"datetime": "2025-08-22 01:26:51", "elapsed": 60128.22632145882, "delta": 21.083330869674683}, "costs": {"total_cost": 12117.596925169219, "time_cost": 150, "final_distance_cost": 3636.5411940127246, "oscillation_cost": 2062.6112351777065, "completition_cost": 1000.0, "overshoot_cost": 5147.03393595475, "power_cost": 28.102813024902346, "noise_cost": 93.30774699913579, "n_waypoints_completed": 0, "tot_waypoints": 9}}
{"target": -16266.999325383327, "params": {"k_pid_pos": [2.0, 0.0606323778629303, 0.0], "k_pid_alt": [0.0, 0.022922396659851074, 0.9696564674377441], "k_pid_att": [0.0, 10.0, 1.0], "k_pid_yaw": [0.5, 1e-06, 0.1], "k_pid_hsp": [9.999999747378752e-05, 1.0, 0.9519411325454712], "k_pid_vsp": [12.295877456665039, 388.7598571777344, 400.0]}, "datetime": {"datetime": "2025-08-22 01:27:12", "elapsed": 60148.8148458004, "delta": 20.588524341583252}, "costs": {"total_cost": 16266.999325383327, "time_cost": 150, "final_distance_cost": 4986.043613252311, "oscillation_cost": 1902.49546775694, "completition_cost": 1000.0, "overshoot_cost": 8090.886770349521, "power_cost": 34.696576428222656, "noise_cost": 102.87689759633454, "n_waypoints_completed": 0, "tot_waypoints": 9}}
{"target": -10419.513497770346, "params": {"k_pid_pos": [2.0, 0.0, 0.07690149545669556], "k_pid_alt": [0.0, 0.0915551483631134, 0.948520302772522], "k_pid_att": [0.0, 10.0, 1.0], "k_pid_yaw": [0.5, 1e-06, 0.1], "k_pid_hsp": [9.999999747378752e-05, 1.0, 0.9293790459632874], "k_pid_vsp": [0.0, 400.0, 382.81463623046875]}, "datetime": {"datetime": "2025-08-22 01:27:34", "elapsed": 60170.72078585625, "delta": 21.905940055847168}, "costs": {"total_cost": 10419.513497770346, "time_cost": 150, "final_distance_cost": 2479.5130452848284, "oscillation_cost": 1083.845015949692, "completition_cost": 1000.0, "overshoot_cost": 5575.858268884917, "power_cost": 32.675826538085936, "noise_cost": 97.62134111282097, "n_waypoints_completed": 0, "tot_waypoints": 9}}
{"target": -3364.058667005272, "params": {"k_pid_pos": [1.9354784488677979, 0.02499029040336609, 0.0], "k_pid_alt": [0.0, 0.0, 0.9629077911376953], "k_pid_att": [0.0, 9.60673713684082, 0.9420636296272278], "k_pid_yaw": [0.5, 1e-06, 0.1], "k_pid_hsp": [9.999999747378752e-05, 0.9582977294921875, 1.0], "k_pid_vsp": [0.0, 400.0, 400.0]}, "datetime": {"datetime": "2025-08-22 01:27:54", "elapsed": 60191.370505809784, "delta": 20.649719953536987}, "costs": {"total_cost": 3364.058667005272, "time_cost": 150, "final_distance_cost": 186.62484204348314, "oscillation_cost": 1238.5624760505984, "completition_cost": 1000.0, "overshoot_cost": 682.0605567173722, "power_cost": 23.657298254394533, "noise_cost": 83.15349393942418, "n_waypoints_completed": 0, "tot_waypoints": 9}}
{"target": -3582.9098375058798, "params": {"k_pid_pos": [2.0, 0.0, 0.0], "k_pid_alt": [0.21752804517745972, 0.011815100908279419, 1.0], "k_pid_att": [0.0, 10.0, 1.0], "k_pid_yaw": [0.5, 1e-06, 0.1], "k_pid_hsp": [0.4300704896450043, 1.0, 0.987653374671936], "k_pid_vsp": [14.647054672241211, 400.0, 356.31365966796875]}, "datetime": {"datetime": "2025-08-22 01:28:16", "elapsed": 60213.336324214935, "delta": 21.965818405151367}, "costs": {"total_cost": 3582.9098375058798, "time_cost": 150, "final_distance_cost": 396.31896241273665, "oscillation_cost": 1119.6355062728744, "completition_cost": 1000.0, "overshoot_cost": 791.4770412071675, "power_cost": 31.004775427246095, "noise_cost": 94.47355218585535, "n_waypoints_completed": 0, "tot_waypoints": 9}}
{"target": -1728.192234741271, "params": {"k_pid_pos": [1.9485551118850708, 0.03706002235412598, 0.0], "k_pid_alt": [0.016249001026153564, 0.04218611121177673, 0.9601084589958191], "k_pid_att": [3.2479615211486816, 9.522061347961426, 1.0], "k_pid_yaw": [0.5, 1e-06, 0.1], "k_pid_hsp": [0.10410995781421661, 1.0, 0.9648574590682983], "k_pid_vsp": [10.617780685424805, 400.0, 369.0223083496094]}, "datetime": {"datetime": "2025-08-22 01:28:38", "elapsed": 60234.907698869705, "delta": 21.571374654769897}, "costs": {"total_cost": 1728.192234741271, "time_cost": 150, "final_distance_cost": 4.202661878101723, "oscillation_cost": 330.02337021101516, "completition_cost": 1000.0, "overshoot_cost": 136.27317461510603, "power_cost": 26.94607868652344, "noise_cost": 80.74694935052474, "n_waypoints_completed": 0, "tot_waypoints": 9}}
{"target": -1957.678816417881, "params": {"k_pid_pos": [2.0, 0.0, 0.0], "k_pid_alt": [0.03881227970123291, 0.024867206811904907, 1.0], "k_pid_att": [3.440800189971924, 10.0, 1.0], "k_pid_yaw": [0.5, 1e-06, 0.1], "k_pid_hsp": [9.999999747378752e-05, 0.9684375524520874, 0.9225722551345825], "k_pid_vsp": [22.85107421875, 386.50140380859375, 383.0834045410156]}, "datetime": {"datetime": "2025-08-22 01:28:59", "elapsed": 60256.254616975784, "delta": 21.3469181060791}, "costs": {"total_cost": 1957.678816417881, "time_cost": 150, "final_distance_cost": 232.43472005520763, "oscillation_cost": 291.8841829061619, "completition_cost": 1000.0, "overshoot_cost": 216.433278786081, "power_cost": 20.634315368652345, "noise_cost": 46.29231930177823, "n_waypoints_completed": 0, "tot_waypoints": 9}}
{"target": -1678.179717021329, "params": {"k_pid_pos": [1.9825910329818726, 0.0, 0.045684605836868286], "k_pid_alt": [0.0, 0.0, 1.0], "k_pid_att": [5.350697040557861, 10.0, 0.9440263509750366], "k_pid_yaw": [0.5, 1e-06, 0.1], "k_pid_hsp": [0.8853458762168884, 0.8322901129722595, 1.0], "k_pid_vsp": [0.0, 354.341796875, 400.0]}, "datetime": {"datetime": "2025-08-22 01:29:22", "elapsed": 60278.47557234764, "delta": 22.22095537185669}, "costs": {"total_cost": 1678.179717021329, "time_cost": 150, "final_distance_cost": 1.988289420206897, "oscillation_cost": 312.89529186285995, "completition_cost": 1000.0, "overshoot_cost": 127.9373338466411, "power_cost": 23.18250537109375, "noise_cost": 62.176296520527146, "n_waypoints_completed": 0, "tot_waypoints": 9}}
{"target": -1779.261552083095, "params": {"k_pid_pos": [1.9904110431671143, 0.0, 0.0], "k_pid_alt": [0.07745486497879028, 0.0, 1.0], "k_pid_att": [5.670550346374512, 10.0, 0.9349257946014404], "k_pid_yaw": [0.5, 1e-06, 0.1], "k_pid_hsp": [9.999999747378752e-05, 1.0, 0.9265298247337341], "k_pid_vsp": [25.281452178955078, 400.0, 389.6399230957031]}, "datetime": {"datetime": "2025-08-22 01:29:42", "elapsed": 60299.286871910095, "delta": 20.811299562454224}, "costs": {"total_cost": 1779.261552083095, "time_cost": 150, "final_distance_cost": 46.15269437270774, "oscillation_cost": 296.74148797816383, "completition_cost": 1000.0, "overshoot_cost": 188.42940723467584, "power_cost": 23.75284274902344, "noise_cost": 74.18511974852412, "n_waypoints_completed": 0, "tot_waypoints": 9}}
{"target": -1640.577327149788, "params": {"k_pid_pos": [1.9875727891921997, 0.0, 0.0], "k_pid_alt": [0.002690553665161133, 0.007099330425262451, 0.9803992509841919], "k_pid_att": [4.710379123687744, 10.0, 0.9218078851699829], "k_pid_yaw": [0.5, 1e-06, 0.1], "k_pid_hsp": [0.49496766924858093, 1.0, 0.9744403958320618], "k_pid_vsp": [15.323305130004883, 400.0, 362.66326904296875]}, "datetime": {"datetime": "2025-08-22 01:30:06", "elapsed": 60322.760827064514, "delta": 23.473955154418945}, "costs": {"total_cost": 1640.577327149788, "time_cost": 150, "final_distance_cost": 10.483078647285897, "oscillation_cost": 302.6899184018838, "completition_cost": 1000.0, "overshoot_cost": 126.61586321445203, "power_cost": 19.12680115966797, "noise_cost": 31.6616657264983, "n_waypoints_completed": 0, "tot_waypoints": 9}}
