{"target": -7934.419194112416, "params": {"k_pid_pos": [1.9220941066741943, 0.021616041660308838, 0.0885080099105835], "k_pid_alt": [0.015234947204589844, 0.0, 0.9651355743408203], "k_pid_att": [0.0, 9.506171226501465, 0.9829775094985962], "k_pid_yaw": [0.5, 1e-06, 0.1], "k_pid_hsp": [9.999999747378752e-05, 1.0, 1.0], "k_pid_vsp": [0.0, 394.98870849609375, 400.0]}, "datetime": {"datetime": "2025-08-21 13:00:20", "elapsed": 15336.607526540756, "delta": 22.919753074645996}, "costs": {"total_cost": 7934.419194112416, "time_cost": 150, "final_distance_cost": 1670.1404519974608, "oscillation_cost": 979.2554427054563, "completition_cost": 1000.0, "overshoot_cost": 4006.348046579069, "power_cost": 32.15415207519531, "noise_cost": 96.52110075523517, "n_waypoints_completed": 0, "tot_waypoints": 9}}
{"target": -2423.0404525214008, "params": {"k_pid_pos": [1.9881675243377686, 0.04647687077522278, 0.12575775384902954], "k_pid_alt": [0.02551555633544922, 0.0, 1.0], "k_pid_att": [0.7597625255584717, 10.0, 1.0], "k_pid_yaw": [0.5, 1e-06, 0.1], "k_pid_hsp": [0.8375812768936157, 0.9508588910102844, 1.0], "k_pid_vsp": [14.120984077453613, 400.0, 392.5605773925781]}, "datetime": {"datetime": "2025-08-21 13:00:42", "elapsed": 15359.3371925354, "delta": 22.729665994644165}, "costs": {"total_cost": 2423.0404525214008, "time_cost": 150, "final_distance_cost": 192.9679015771106, "oscillation_cost": 663.3879692694308, "completition_cost": 1000.0, "overshoot_cost": 291.8164128811211, "power_cost": 31.133846362304688, "noise_cost": 93.73432243143372, "n_waypoints_completed": 0, "tot_waypoints": 9}}
{"target": -13352.042071691989, "params": {"k_pid_pos": [1.9509156942367554, 0.013412147760391235, 0.0], "k_pid_alt": [0.019972026348114014, 0.019875943660736084, 1.0], "k_pid_att": [0.0, 10.0, 1.0], "k_pid_yaw": [0.5, 1e-06, 0.1], "k_pid_hsp": [9.999999747378752e-05, 0.9326343536376953, 1.0], "k_pid_vsp": [0.0, 400.0, 384.3441467285156]}, "datetime": {"datetime": "2025-08-21 13:01:06", "elapsed": 15382.774627923965, "delta": 23.437435388565063}, "costs": {"total_cost": 13352.042071691989, "time_cost": 150, "final_distance_cost": 4393.71440407688, "oscillation_cost": 2174.3525772976263, "completition_cost": 1000.0, "overshoot_cost": 5500.078316455032, "power_cost": 33.56537290039063, "noise_cost": 100.33140096206073, "n_waypoints_completed": 0, "tot_waypoints": 9}}
{"target": -1707.5751490969901, "params": {"k_pid_pos": [2.0, 0.0, 0.0], "k_pid_alt": [0.0425187349319458, 0.0, 0.984413743019104], "k_pid_att": [3.105172634124756, 9.345709800720215, 0.9854945540428162], "k_pid_yaw": [0.5, 1e-06, 0.1], "k_pid_hsp": [0.39067548513412476, 0.9829058647155762, 0.9084728956222534], "k_pid_vsp": [9.42070484161377, 400.0, 385.4293212890625]}, "datetime": {"datetime": "2025-08-21 13:01:29", "elapsed": 15405.974295139313, "delta": 23.19966721534729}, "costs": {"total_cost": 1707.5751490969901, "time_cost": 150, "final_distance_cost": 2.2109736120772143, "oscillation_cost": 314.16150793042755, "completition_cost": 1000.0, "overshoot_cost": 134.83962262518358, "power_cost": 27.199346411132815, "noise_cost": 79.16369851816877, "n_waypoints_completed": 0, "tot_waypoints": 9}}
{"target": -1629.5541646735314, "params": {"k_pid_pos": [2.0, 0.0, 0.005604207515716553], "k_pid_alt": [0.0, 0.0, 0.9834312200546265], "k_pid_att": [4.636645317077637, 10.0, 1.0], "k_pid_yaw": [0.5, 1e-06, 0.1], "k_pid_hsp": [0.4298827350139618, 1.0, 1.0], "k_pid_vsp": [0.0, 400.0, 400.0]}, "datetime": {"datetime": "2025-08-21 13:01:52", "elapsed": 15428.942547559738, "delta": 22.968252420425415}, "costs": {"total_cost": 1629.5541646735314, "time_cost": 150, "final_distance_cost": 41.088256875519164, "oscillation_cost": 275.897943516034, "completition_cost": 1000.0, "overshoot_cost": 115.83047175872031, "power_cost": 22.49506953125, "noise_cost": 24.24242299200806, "n_waypoints_completed": 0, "tot_waypoints": 9}}
{"target": -11510.89677218581, "params": {"k_pid_pos": [1.8242629766464233, 0.10159218311309814, 0.04023638367652893], "k_pid_alt": [0.1681424379348755, 0.0, 1.0], "k_pid_att": [0.0, 9.969141960144043, 1.0], "k_pid_yaw": [0.5, 1e-06, 0.1], "k_pid_hsp": [0.32702431082725525, 0.9811142683029175, 1.0], "k_pid_vsp": [0.0, 400.0, 400.0]}, "datetime": {"datetime": "2025-08-21 13:02:15", "elapsed": 15451.771495103836, "delta": 22.8289475440979}, "costs": {"total_cost": 11510.89677218581, "time_cost": 150, "final_distance_cost": 3735.9206616957385, "oscillation_cost": 2148.097910304258, "completition_cost": 1000.0, "overshoot_cost": 4339.162371715937, "power_cost": 34.672567285156255, "noise_cost": 103.04326118471688, "n_waypoints_completed": 0, "tot_waypoints": 9}}
{"target": -1708.0562891615555, "params": {"k_pid_pos": [2.0, 0.0, 0.06362941861152649], "k_pid_alt": [0.0, 0.028353720903396606, 1.0], "k_pid_att": [5.889883518218994, 9.966476440429688, 1.0], "k_pid_yaw": [0.5, 1e-06, 0.1], "k_pid_hsp": [9.999999747378752e-05, 1.0, 1.0], "k_pid_vsp": [62.38157653808594, 388.0566711425781, 400.0]}, "datetime": {"datetime": "2025-08-21 13:02:37", "elapsed": 15474.374460458755, "delta": 22.602965354919434}, "costs": {"total_cost": 1708.0562891615555, "time_cost": 150, "final_distance_cost": 135.69846013752783, "oscillation_cost": 217.34228283054378, "completition_cost": 1000.0, "overshoot_cost": 147.52772406910663, "power_cost": 17.485878674316407, "noise_cost": 40.00194345006066, "n_waypoints_completed": 0, "tot_waypoints": 9}}
{"target": -8711.88449219504, "params": {"k_pid_pos": [2.0, 0.009567052125930786, 0.005283176898956299], "k_pid_alt": [0.014225900173187256, 0.0, 1.0], "k_pid_att": [0.7642567157745361, 9.284854888916016, 1.0], "k_pid_yaw": [0.5, 1e-06, 0.1], "k_pid_hsp": [0.2582641839981079, 1.0, 1.0], "k_pid_vsp": [16.590261459350586, 400.0, 387.2881774902344]}, "datetime": {"datetime": "2025-08-21 13:03:00", "elapsed": 15497.177530527115, "delta": 22.803070068359375}, "costs": {"total_cost": 8711.88449219504, "time_cost": 150, "final_distance_cost": 2481.7216802023536, "oscillation_cost": 594.4855915308312, "completition_cost": 1000.0, "overshoot_cost": 4364.602419690011, "power_cost": 30.383745385742188, "noise_cost": 90.69105538610368, "n_waypoints_completed": 0, "tot_waypoints": 9}}
{"target": -7103.290522094744, "params": {"k_pid_pos": [1.8693718910217285, 0.0024437308311462402, 0.0], "k_pid_alt": [0.0, 0.05112099647521973, 0.8894616365432739], "k_pid_att": [0.0, 9.22333812713623, 0.981135368347168], "k_pid_yaw": [0.5, 1e-06, 0.1], "k_pid_hsp": [0.3341124355792999, 0.990997314453125, 1.0], "k_pid_vsp": [7.3143720626831055, 400.0, 400.0]}, "datetime": {"datetime": "2025-08-21 13:03:24", "elapsed": 15520.721878051758, "delta": 23.544347524642944}, "costs": {"total_cost": 7103.290522094744, "time_cost": 150, "final_distance_cost": 1796.056803866882, "oscillation_cost": 2077.4211653005163, "completition_cost": 1000.0, "overshoot_cost": 1950.2151669140305, "power_cost": 31.967892187500002, "noise_cost": 97.62949382581549, "n_waypoints_completed": 0, "tot_waypoints": 9}}
{"target": -10420.574269149402, "params": {"k_pid_pos": [2.0, 0.01070493459701538, 0.026145368814468384], "k_pid_alt": [0.02489572763442993, 0.0, 1.0], "k_pid_att": [0.0, 10.0, 0.9324440360069275], "k_pid_yaw": [0.5, 1e-06, 0.1], "k_pid_hsp": [0.5544182658195496, 0.9901810884475708, 1.0], "k_pid_vsp": [0.0, 390.2078857421875, 399.44036865234375]}, "datetime": {"datetime": "2025-08-21 13:03:47", "elapsed": 15543.609136343002, "delta": 22.887258291244507}, "costs": {"total_cost": 10420.574269149402, "time_cost": 150, "final_distance_cost": 3373.151372653857, "oscillation_cost": 2187.745917542489, "completition_cost": 1000.0, "overshoot_cost": 3573.9126897739516, "power_cost": 34.08056563720703, "noise_cost": 101.68372354189688, "n_waypoints_completed": 0, "tot_waypoints": 9}}
{"target": -1856.243135161567, "params": {"k_pid_pos": [2.0, 0.031802475452423096, 0.0], "k_pid_alt": [0.06855285167694092, 0.0, 0.8805562257766724], "k_pid_att": [3.3245534896850586, 9.930146217346191, 0.917014479637146], "k_pid_yaw": [0.5, 1e-06, 0.1], "k_pid_hsp": [0.5004733204841614, 1.0, 1.0], "k_pid_vsp": [4.849493503570557, 400.0, 394.81988525390625]}, "datetime": {"datetime": "2025-08-21 13:04:10", "elapsed": 15566.536613225937, "delta": 22.92747688293457}, "costs": {"total_cost": 1856.243135161567, "time_cost": 150, "final_distance_cost": 40.025056367936784, "oscillation_cost": 328.67873618357555, "completition_cost": 1000.0, "overshoot_cost": 250.04144621643508, "power_cost": 20.728921716308594, "noise_cost": 66.7689746773107, "n_waypoints_completed": 0, "tot_waypoints": 9}}
{"target": -7895.248713654174, "params": {"k_pid_pos": [2.0, 0.0, 0.0], "k_pid_alt": [0.036588966846466064, 0.0, 0.9785994291305542], "k_pid_att": [0.0, 10.0, 1.0], "k_pid_yaw": [0.5, 1e-06, 0.1], "k_pid_hsp": [9.999999747378752e-05, 1.0, 1.0], "k_pid_vsp": [7.729172706604004, 400.0, 400.0]}, "datetime": {"datetime": "2025-08-21 13:04:33", "elapsed": 15589.675405740738, "delta": 23.138792514801025}, "costs": {"total_cost": 7895.248713654174, "time_cost": 150, "final_distance_cost": 1813.262612839745, "oscillation_cost": 1860.2953855535193, "completition_cost": 1000.0, "overshoot_cost": 2942.7041222089156, "power_cost": 31.8965125, "noise_cost": 97.09008055199415, "n_waypoints_completed": 0, "tot_waypoints": 9}}
{"target": -1893.268682408577, "params": {"k_pid_pos": [2.0, 0.0, 0.0677688717842102], "k_pid_alt": [0.10315954685211182, 0.052152276039123535, 1.0], "k_pid_att": [3.639131784439087, 8.6897554397583, 1.0], "k_pid_yaw": [0.5, 1e-06, 0.1], "k_pid_hsp": [0.4039752185344696, 0.9833138585090637, 0.9482607841491699], "k_pid_vsp": [0.0, 400.0, 385.6082458496094]}, "datetime": {"datetime": "2025-08-21 13:04:56", "elapsed": 15612.661221265793, "delta": 22.98581552505493}, "costs": {"total_cost": 1893.268682408577, "time_cost": 150, "final_distance_cost": 232.45173079531475, "oscillation_cost": 269.2755255429755, "completition_cost": 1000.0, "overshoot_cost": 181.93540239829701, "power_cost": 16.78983465576172, "noise_cost": 42.816189016228044, "n_waypoints_completed": 0, "tot_waypoints": 9}}
{"target": -2830.1489123086258, "params": {"k_pid_pos": [1.975456953048706, 0.0, 0.031023472547531128], "k_pid_alt": [0.04150909185409546, 0.0, 0.979544997215271], "k_pid_att": [4.073905944824219, 10.0, 1.0], "k_pid_yaw": [0.5, 1e-06, 0.1], "k_pid_hsp": [0.46538469195365906, 1.0, 1.0], "k_pid_vsp": [0.0, 400.0, 400.0]}, "datetime": {"datetime": "2025-08-21 13:05:18", "elapsed": 15635.332800865173, "delta": 22.671579599380493}, "costs": {"total_cost": 2830.1489123086258, "time_cost": 150, "final_distance_cost": 661.0817430889693, "oscillation_cost": 210.23651187621508, "completition_cost": 1000.0, "overshoot_cost": 758.2004544040819, "power_cost": 22.987085961914065, "noise_cost": 27.643116977445185, "n_waypoints_completed": 0, "tot_waypoints": 9}}
{"target": -10840.707848287822, "params": {"k_pid_pos": [2.0, 0.0, 0.0], "k_pid_alt": [0.0, 0.011961132287979126, 0.983939528465271], "k_pid_att": [0.0, 10.0, 0.9619708061218262], "k_pid_yaw": [0.5, 1e-06, 0.1], "k_pid_hsp": [0.3496139645576477, 1.0, 1.0], "k_pid_vsp": [60.939453125, 364.22833251953125, 365.3284606933594]}, "datetime": {"datetime": "2025-08-21 13:05:41", "elapsed": 15658.412505626678, "delta": 23.079704761505127}, "costs": {"total_cost": 10840.707848287822, "time_cost": 150, "final_distance_cost": 2716.4443662289486, "oscillation_cost": 1990.8441583670988, "completition_cost": 1000.0, "overshoot_cost": 4854.368611802045, "power_cost": 31.77082811279297, "noise_cost": 97.27988377693644, "n_waypoints_completed": 0, "tot_waypoints": 9}}
{"target": -6600.836195981346, "params": {"k_pid_pos": [2.0, 0.0, 0.04245913028717041], "k_pid_alt": [0.058746933937072754, 0.0, 0.9808034896850586], "k_pid_att": [0.0, 10.0, 0.9864822030067444], "k_pid_yaw": [0.5, 1e-06, 0.1], "k_pid_hsp": [9.999999747378752e-05, 0.9838277101516724, 1.0], "k_pid_vsp": [0.0, 400.0, 388.3531494140625]}, "datetime": {"datetime": "2025-08-21 13:06:05", "elapsed": 15681.819935560226, "delta": 23.407429933547974}, "costs": {"total_cost": 6600.836195981346, "time_cost": 150, "final_distance_cost": 1089.450391755642, "oscillation_cost": 1644.3572968182268, "completition_cost": 1000.0, "overshoot_cost": 2585.4330077032682, "power_cost": 32.80739147949219, "noise_cost": 98.78810822471675, "n_waypoints_completed": 0, "tot_waypoints": 9}}
{"target": -1683.8022895669212, "params": {"k_pid_pos": [2.0, 0.0, 0.0], "k_pid_alt": [0.0, 0.0, 1.0], "k_pid_att": [5.216887474060059, 10.0, 0.88141268491745], "k_pid_yaw": [0.5, 1e-06, 0.1], "k_pid_hsp": [9.999999747378752e-05, 0.9828143119812012, 1.0], "k_pid_vsp": [0.0, 378.9002990722656, 387.48260498046875]}, "datetime": {"datetime": "2025-08-21 13:06:30", "elapsed": 15706.767833471298, "delta": 24.947897911071777}, "costs": {"total_cost": 1683.8022895669212, "time_cost": 150, "final_distance_cost": 10.077607923466624, "oscillation_cost": 308.4048267209852, "completition_cost": 1000.0, "overshoot_cost": 144.37068552957365, "power_cost": 12.811209277343751, "noise_cost": 58.137960115551905, "n_waypoints_completed": 0, "tot_waypoints": 9}}
{"target": -1964.8286142449547, "params": {"k_pid_pos": [2.0, 0.015530616044998169, 0.008517622947692871], "k_pid_alt": [0.11878609657287598, 0.02758386731147766, 0.9775832891464233], "k_pid_att": [3.2869935035705566, 10.0, 1.0], "k_pid_yaw": [0.5, 1e-06, 0.1], "k_pid_hsp": [0.2439538687467575, 1.0, 0.9995046257972717], "k_pid_vsp": [16.44582748413086, 400.0, 372.69073486328125]}, "datetime": {"datetime": "2025-08-21 13:06:54", "elapsed": 15731.35983300209, "delta": 24.591999530792236}, "costs": {"total_cost": 1964.8286142449547, "time_cost": 150, "final_distance_cost": 87.20099592158782, "oscillation_cost": 316.9020120322463, "completition_cost": 1000.0, "overshoot_cost": 315.7437994189467, "power_cost": 22.897698034667968, "noise_cost": 72.08410883750585, "n_waypoints_completed": 0, "tot_waypoints": 9}}
{"target": -1633.1652410759157, "params": {"k_pid_pos": [2.0, 0.008167445659637451, 0.02267560362815857], "k_pid_alt": [0.0, 0.048527687788009644, 0.9282517433166504], "k_pid_att": [6.866028785705566, 10.0, 0.8961892127990723], "k_pid_yaw": [0.5, 1e-06, 0.1], "k_pid_hsp": [0.2940683364868164, 0.9524956345558167, 0.9592152833938599], "k_pid_vsp": [0.0, 373.34857177734375, 400.0]}, "datetime": {"datetime": "2025-08-21 13:07:18", "elapsed": 15755.010221481323, "delta": 23.650388479232788}, "costs": {"total_cost": 1633.1652410759157, "time_cost": 150, "final_distance_cost": 9.322365199910898, "oscillation_cost": 291.0243396350176, "completition_cost": 1000.0, "overshoot_cost": 115.98713430218164, "power_cost": 19.63276617431641, "noise_cost": 47.198635764489126, "n_waypoints_completed": 0, "tot_waypoints": 9}}
{"target": -3650.4639789075977, "params": {"k_pid_pos": [1.8965767621994019, 0.05356159806251526, 0.007984697818756104], "k_pid_alt": [0.0, 0.0, 1.0], "k_pid_att": [0.0, 10.0, 1.0], "k_pid_yaw": [0.5, 1e-06, 0.1], "k_pid_hsp": [0.7952841520309448, 1.0, 1.0], "k_pid_vsp": [23.337661743164062, 400.0, 391.7210693359375]}, "datetime": {"datetime": "2025-08-21 13:07:41", "elapsed": 15778.042215824127, "delta": 23.031994342803955}, "costs": {"total_cost": 3650.4639789075977, "time_cost": 150, "final_distance_cost": 192.0884136238885, "oscillation_cost": 1331.2010817089733, "completition_cost": 1000.0, "overshoot_cost": 875.1353233306418, "power_cost": 22.010565270996096, "noise_cost": 80.02859497309794, "n_waypoints_completed": 0, "tot_waypoints": 9}}
{"target": -4382.525044246893, "params": {"k_pid_pos": [2.0, 0.0, 0.0], "k_pid_alt": [0.16869157552719116, 0.05034506320953369, 0.9710228443145752], "k_pid_att": [0.0, 10.0, 1.0], "k_pid_yaw": [0.5, 1e-06, 0.1], "k_pid_hsp": [1.1602481603622437, 1.0, 1.0], "k_pid_vsp": [0.0, 392.8677062988281, 400.0]}, "datetime": {"datetime": "2025-08-21 13:08:04", "elapsed": 15801.44773554802, "delta": 23.405519723892212}, "costs": {"total_cost": 4382.525044246893, "time_cost": 150, "final_distance_cost": 526.3966877941278, "oscillation_cost": 1432.6282544193186, "completition_cost": 1000.0, "overshoot_cost": 1144.7477268987523, "power_cost": 31.946773583984378, "noise_cost": 96.80560155070953, "n_waypoints_completed": 0, "tot_waypoints": 9}}
{"target": -2086.8336663181503, "params": {"k_pid_pos": [2.0, 0.07908099889755249, 0.0807507336139679], "k_pid_alt": [0.026920437812805176, 0.0, 1.0], "k_pid_att": [2.7147233486175537, 10.0, 1.0], "k_pid_yaw": [0.5, 1e-06, 0.1], "k_pid_hsp": [9.999999747378752e-05, 1.0, 1.0], "k_pid_vsp": [29.700077056884766, 400.0, 372.50982666015625]}, "datetime": {"datetime": "2025-08-21 13:08:28", "elapsed": 15824.555531263351, "delta": 23.10779571533203}, "costs": {"total_cost": 2086.8336663181503, "time_cost": 150, "final_distance_cost": 121.24193841685357, "oscillation_cost": 365.87394089472775, "completition_cost": 1000.0, "overshoot_cost": 342.81733565009455, "power_cost": 26.202097009277345, "noise_cost": 80.69835434719705, "n_waypoints_completed": 0, "tot_waypoints": 9}}
{"target": -2103.3871387901304, "params": {"k_pid_pos": [2.0, 0.0, 0.0], "k_pid_alt": [0.15364277362823486, 0.020079314708709717, 1.0], "k_pid_att": [1.247870922088623, 9.719433784484863, 1.0], "k_pid_yaw": [0.5, 1e-06, 0.1], "k_pid_hsp": [9.999999747378752e-05, 1.0, 0.8715865015983582], "k_pid_vsp": [30.82900047302246, 400.0, 400.0]}, "datetime": {"datetime": "2025-08-21 13:08:51", "elapsed": 15847.515689134598, "delta": 22.960157871246338}, "costs": {"total_cost": 2103.3871387901304, "time_cost": 150, "final_distance_cost": 8.085548877290666, "oscillation_cost": 647.4998169199761, "completition_cost": 1000.0, "overshoot_cost": 171.35369082459772, "power_cost": 31.870282495117188, "noise_cost": 94.57779967314899, "n_waypoints_completed": 0, "tot_waypoints": 9}}
{"target": -4566.992709002302, "params": {"k_pid_pos": [1.9599963426589966, 0.0, 0.0707666277885437], "k_pid_alt": [0.0, 0.0773211121559143, 1.0], "k_pid_att": [0.0, 8.893167495727539, 0.9540730714797974], "k_pid_yaw": [0.5, 1e-06, 0.1], "k_pid_hsp": [9.999999747378752e-05, 1.0, 0.9156163930892944], "k_pid_vsp": [0.0, 400.0, 400.0]}, "datetime": {"datetime": "2025-08-21 13:09:13", "elapsed": 15870.457478046417, "delta": 22.941788911819458}, "costs": {"total_cost": 4566.992709002302, "time_cost": 150, "final_distance_cost": 571.1368660141854, "oscillation_cost": 1237.8302733384196, "completition_cost": 1000.0, "overshoot_cost": 1482.9133070200792, "power_cost": 31.032056799316408, "noise_cost": 94.08020583030087, "n_waypoints_completed": 0, "tot_waypoints": 9}}
{"target": -23572.414714410956, "params": {"k_pid_pos": [2.0, 0.0, 0.0], "k_pid_alt": [0.0, 0.02786850929260254, 1.0], "k_pid_att": [0.0, 10.0, 0.9595438241958618], "k_pid_yaw": [0.5, 1e-06, 0.1], "k_pid_hsp": [9.999999747378752e-05, 1.0, 0.9496724009513855], "k_pid_vsp": [0.34683942794799805, 398.508056640625, 400.0]}, "datetime": {"datetime": "2025-08-21 13:09:36", "elapsed": 15892.967975854874, "delta": 22.51049780845642}, "costs": {"total_cost": 23572.414714410956, "time_cost": 150, "final_distance_cost": 7236.229993312378, "oscillation_cost": 2303.6349463150195, "completition_cost": 1000.0, "overshoot_cost": 12745.762656719804, "power_cost": 34.44432969970703, "noise_cost": 102.34278836404629, "n_waypoints_completed": 0, "tot_waypoints": 9}}
{"target": -1716.3558522390383, "params": {"k_pid_pos": [1.9165879487991333, 0.07578533887863159, 0.10018709301948547], "k_pid_alt": [0.10167670249938965, 0.05672767758369446, 0.9665968418121338], "k_pid_att": [6.403639793395996, 10.0, 0.9536794424057007], "k_pid_yaw": [0.5, 1e-06, 0.1], "k_pid_hsp": [9.999999747378752e-05, 1.0, 0.9574183821678162], "k_pid_vsp": [0.0, 380.18212890625, 388.6794128417969]}, "datetime": {"datetime": "2025-08-21 13:09:59", "elapsed": 15916.11756324768, "delta": 23.149587392807007}, "costs": {"total_cost": 1716.3558522390383, "time_cost": 150, "final_distance_cost": 7.28660126380442, "oscillation_cost": 297.78908098721223, "completition_cost": 1000.0, "overshoot_cost": 162.4983899533888, "power_cost": 24.824593310546877, "noise_cost": 73.95718672408609, "n_waypoints_completed": 0, "tot_waypoints": 9}}
{"target": -5501.926343022928, "params": {"k_pid_pos": [2.0, 0.04260265827178955, 0.03864175081253052], "k_pid_alt": [0.05225706100463867, 0.0, 0.9573040008544922], "k_pid_att": [0.0, 10.0, 1.0], "k_pid_yaw": [0.5, 1e-06, 0.1], "k_pid_hsp": [0.4808960258960724, 0.9594225883483887, 1.0], "k_pid_vsp": [14.421224594116211, 381.121337890625, 400.0]}, "datetime": {"datetime": "2025-08-21 13:10:22", "elapsed": 15939.043485403061, "delta": 22.92592215538025}, "costs": {"total_cost": 5501.926343022928, "time_cost": 150, "final_distance_cost": 817.7857661721036, "oscillation_cost": 1882.8812578434213, "completition_cost": 1000.0, "overshoot_cost": 1516.5143262224135, "power_cost": 33.8010767944336, "noise_cost": 100.9439159905572, "n_waypoints_completed": 0, "tot_waypoints": 9}}
{"target": -5427.669494443697, "params": {"k_pid_pos": [1.7936909198760986, 0.0034712553024291992, 0.0], "k_pid_alt": [0.04144394397735596, 0.0, 0.9949150085449219], "k_pid_att": [9.051606178283691, 9.21809196472168, 0.9992341995239258], "k_pid_yaw": [0.5, 1e-06, 0.1], "k_pid_hsp": [9.999999747378752e-05, 0.9676778316497803, 1.0], "k_pid_vsp": [0.0, 400.0, 394.0124206542969]}, "datetime": {"datetime": "2025-08-21 13:10:45", "elapsed": 15961.621405363083, "delta": 22.577919960021973}, "costs": {"total_cost": 5427.669494443697, "time_cost": 150, "final_distance_cost": 1548.3479102347706, "oscillation_cost": 273.73083835733996, "completition_cost": 1000.0, "overshoot_cost": 2419.95074100894, "power_cost": 20.57162706298828, "noise_cost": 15.06837777965766, "n_waypoints_completed": 0, "tot_waypoints": 9}}
