{"target": -5392.8530895507565, "params": {"k_pid_pos": [1.9628030061721802, 0.06754839420318604, 0.0362187922000885], "k_pid_alt": [0.0, 0.0, 0.9866769313812256], "k_pid_att": [0.0, 9.665905952453613, 1.0], "k_pid_yaw": [0.5, 1e-06, 0.1], "k_pid_hsp": [0.3174918293952942, 1.0, 0.900837779045105], "k_pid_vsp": [10.428583145141602, 400.0, 400.0]}, "datetime": {"datetime": "2025-08-21 19:21:22", "elapsed": 38198.50092077255, "delta": 24.79905366897583}, "costs": {"total_cost": 5392.8530895507565, "time_cost": 150, "final_distance_cost": 745.3847489644307, "oscillation_cost": 1945.7145033972326, "completition_cost": 1000.0, "overshoot_cost": 1437.2013517956448, "power_cost": 25.87267879638672, "noise_cost": 88.67980659706151, "n_waypoints_completed": 0, "tot_waypoints": 9}}
{"target": -20491.96215720657, "params": {"k_pid_pos": [1.9630327224731445, 0.0, 0.036704301834106445], "k_pid_alt": [0.11219316720962524, 0.06688052415847778, 0.9698790311813354], "k_pid_att": [0.0, 10.0, 1.0], "k_pid_yaw": [0.5, 1e-06, 0.1], "k_pid_hsp": [9.999999747378752e-05, 0.9892265796661377, 0.9987415075302124], "k_pid_vsp": [0.0, 400.0, 400.0]}, "datetime": {"datetime": "2025-08-21 19:21:46", "elapsed": 38223.365307331085, "delta": 24.864386558532715}, "costs": {"total_cost": 20491.96215720657, "time_cost": 150, "final_distance_cost": 6295.301538276338, "oscillation_cost": 2139.6320748517096, "completition_cost": 1000.0, "overshoot_cost": 10771.992099099076, "power_cost": 33.872550939941405, "noise_cost": 101.16389403950582, "n_waypoints_completed": 0, "tot_waypoints": 9}}
{"target": -4927.89576754659, "params": {"k_pid_pos": [1.8734945058822632, 0.008297771215438843, 0.02136331796646118], "k_pid_alt": [0.11069244146347046, 0.0, 1.0], "k_pid_att": [0.0, 10.0, 0.9433594346046448], "k_pid_yaw": [0.5, 1e-06, 0.1], "k_pid_hsp": [9.999999747378752e-05, 0.9522888660430908, 1.0], "k_pid_vsp": [0.0, 369.6533203125, 400.0]}, "datetime": {"datetime": "2025-08-21 19:22:09", "elapsed": 38246.22626233101, "delta": 22.860954999923706}, "costs": {"total_cost": 4927.89576754659, "time_cost": 150, "final_distance_cost": 741.9707859022099, "oscillation_cost": 1235.8949142456092, "completition_cost": 1000.0, "overshoot_cost": 1672.1499422628565, "power_cost": 31.750553027343752, "noise_cost": 96.12957210857074, "n_waypoints_completed": 0, "tot_waypoints": 9}}
{"target": -1677.5612371548027, "params": {"k_pid_pos": [2.0, 0.0, 0.0], "k_pid_alt": [0.11419707536697388, 0.03139984607696533, 0.8898088335990906], "k_pid_att": [8.089509963989258, 10.0, 1.0], "k_pid_yaw": [0.5, 1e-06, 0.1], "k_pid_hsp": [0.34422603249549866, 1.0, 0.966079831123352], "k_pid_vsp": [0.0, 396.2783508300781, 400.0]}, "datetime": {"datetime": "2025-08-21 19:22:34", "elapsed": 38270.48996043205, "delta": 24.2636981010437}, "costs": {"total_cost": 1677.5612371548027, "time_cost": 150, "final_distance_cost": 3.8426209272954663, "oscillation_cost": 310.47474539088876, "completition_cost": 1000.0, "overshoot_cost": 145.32627907024835, "power_cost": 24.19947197265625, "noise_cost": 43.71811979371396, "n_waypoints_completed": 0, "tot_waypoints": 9}}
{"target": -3747.371984862586, "params": {"k_pid_pos": [1.9325876235961914, 0.0, 0.0], "k_pid_alt": [0.09540408849716187, 0.0, 0.9445274472236633], "k_pid_att": [3.7884652614593506, 9.582098960876465, 0.9460043907165527], "k_pid_yaw": [0.5, 1e-06, 0.1], "k_pid_hsp": [9.999999747378752e-05, 1.0, 1.0], "k_pid_vsp": [0.0, 379.0282287597656, 385.85308837890625]}, "datetime": {"datetime": "2025-08-21 19:22:57", "elapsed": 38293.958535671234, "delta": 23.46857523918152}, "costs": {"total_cost": 3747.371984862586, "time_cost": 150, "final_distance_cost": 950.8444224517999, "oscillation_cost": 232.69230841375906, "completition_cost": 1000.0, "overshoot_cost": 1374.479474534507, "power_cost": 19.501867407226563, "noise_cost": 19.8539120552936, "n_waypoints_completed": 0, "tot_waypoints": 9}}
{"target": -1935.8706892569253, "params": {"k_pid_pos": [1.9593380689620972, 0.0004843473434448242, 0.06190007925033569], "k_pid_alt": [0.0, 0.06603625416755676, 0.9558265209197998], "k_pid_att": [7.152670860290527, 9.512625694274902, 0.943193793296814], "k_pid_yaw": [0.5, 1e-06, 0.1], "k_pid_hsp": [9.999999747378752e-05, 0.9926296472549438, 0.9825606942176819], "k_pid_vsp": [35.61226272583008, 400.0, 400.0]}, "datetime": {"datetime": "2025-08-21 19:23:20", "elapsed": 38317.15751743317, "delta": 23.198981761932373}, "costs": {"total_cost": 1935.8706892569253, "time_cost": 150, "final_distance_cost": 262.74931063797584, "oscillation_cost": 119.23671104846035, "completition_cost": 1000.0, "overshoot_cost": 364.26005341711556, "power_cost": 20.304168005371096, "noise_cost": 19.320446148002258, "n_waypoints_completed": 0, "tot_waypoints": 9}}
{"target": -10752.491160233682, "params": {"k_pid_pos": [2.0, 0.0, 0.05878695845603943], "k_pid_alt": [0.18364417552947998, 0.0, 1.0], "k_pid_att": [0.0, 10.0, 0.9397866725921631], "k_pid_yaw": [0.5, 1e-06, 0.1], "k_pid_hsp": [0.1805107295513153, 1.0, 1.0], "k_pid_vsp": [0.0, 388.0001525878906, 400.0]}, "datetime": {"datetime": "2025-08-21 19:23:45", "elapsed": 38342.465614795685, "delta": 25.30809736251831}, "costs": {"total_cost": 10752.491160233682, "time_cost": 150, "final_distance_cost": 2417.8847217020225, "oscillation_cost": 2393.5168156935433, "completition_cost": 1000.0, "overshoot_cost": 4672.411672063074, "power_cost": 29.794079394531252, "noise_cost": 88.88387138051039, "n_waypoints_completed": 0, "tot_waypoints": 9}}
{"target": -2970.103586520341, "params": {"k_pid_pos": [1.9997460842132568, 0.003989487886428833, 0.04323101043701172], "k_pid_alt": [0.0, 0.03481629490852356, 1.0], "k_pid_att": [6.072690963745117, 10.0, 0.9754611253738403], "k_pid_yaw": [0.5, 1e-06, 0.1], "k_pid_hsp": [9.999999747378752e-05, 1.0, 1.0], "k_pid_vsp": [24.529516220092773, 400.0, 400.0]}, "datetime": {"datetime": "2025-08-21 19:24:09", "elapsed": 38365.660660266876, "delta": 23.195045471191406}, "costs": {"total_cost": 2970.103586520341, "time_cost": 150, "final_distance_cost": 683.6065368935914, "oscillation_cost": 212.37980546925675, "completition_cost": 1000.0, "overshoot_cost": 887.0688550054037, "power_cost": 17.328331640625002, "noise_cost": 19.720057511464354, "n_waypoints_completed": 0, "tot_waypoints": 9}}
{"target": -2023.3508899142862, "params": {"k_pid_pos": [2.0, 0.0, 0.0], "k_pid_alt": [0.028920650482177734, 0.0, 0.88694167137146], "k_pid_att": [1.3471901416778564, 9.802088737487793, 0.8558022975921631], "k_pid_yaw": [0.5, 1e-06, 0.1], "k_pid_hsp": [9.999999747378752e-05, 1.0, 1.0], "k_pid_vsp": [0.0, 394.7535400390625, 400.0]}, "datetime": {"datetime": "2025-08-21 19:24:33", "elapsed": 38389.799364089966, "delta": 24.1387038230896}, "costs": {"total_cost": 2023.3508899142862, "time_cost": 150, "final_distance_cost": 16.372561049586395, "oscillation_cost": 591.3718547106588, "completition_cost": 1000.0, "overshoot_cost": 141.35131664826125, "power_cost": 31.208532592773437, "noise_cost": 93.04662491300634, "n_waypoints_completed": 0, "tot_waypoints": 9}}
{"target": -1985.3780218678455, "params": {"k_pid_pos": [1.9966483116149902, 0.0, 0.0], "k_pid_alt": [0.18581771850585938, 0.0, 1.0], "k_pid_att": [2.5389909744262695, 9.751890182495117, 1.0], "k_pid_yaw": [0.5, 1e-06, 0.1], "k_pid_hsp": [9.999999747378752e-05, 0.969926118850708, 1.0], "k_pid_vsp": [0.0, 400.0, 377.6451110839844]}, "datetime": {"datetime": "2025-08-21 19:24:57", "elapsed": 38414.43721270561, "delta": 24.637848615646362}, "costs": {"total_cost": 1985.3780218678455, "time_cost": 150, "final_distance_cost": 98.04034123843991, "oscillation_cost": 362.070501199861, "completition_cost": 1000.0, "overshoot_cost": 288.1385791384372, "power_cost": 23.950658203125002, "noise_cost": 63.17794208798224, "n_waypoints_completed": 0, "tot_waypoints": 9}}
{"target": -11174.664999734721, "params": {"k_pid_pos": [2.0, 0.0, 0.0], "k_pid_alt": [0.0, 0.01047477126121521, 1.0], "k_pid_att": [0.0, 10.0, 1.0], "k_pid_yaw": [0.5, 1e-06, 0.1], "k_pid_hsp": [0.44157883524894714, 1.0, 1.0], "k_pid_vsp": [12.407720565795898, 400.0, 400.0]}, "datetime": {"datetime": "2025-08-21 19:25:21", "elapsed": 38437.63200330734, "delta": 23.194790601730347}, "costs": {"total_cost": 11174.664999734721, "time_cost": 150, "final_distance_cost": 3356.5450884530896, "oscillation_cost": 2205.653903522302, "completition_cost": 1000.0, "overshoot_cost": 4324.223873666171, "power_cost": 34.84233894042969, "noise_cost": 103.39979515273033, "n_waypoints_completed": 0, "tot_waypoints": 9}}
{"target": -4214.027836599874, "params": {"k_pid_pos": [2.0, 0.06606948375701904, 0.0038533806800842285], "k_pid_alt": [0.0, 0.0, 1.0], "k_pid_att": [0.20226836204528809, 9.868581771850586, 0.9934874773025513], "k_pid_yaw": [0.5, 1e-06, 0.1], "k_pid_hsp": [0.4011499881744385, 1.0, 1.0], "k_pid_vsp": [0.0, 400.0, 374.62298583984375]}, "datetime": {"datetime": "2025-08-21 19:25:44", "elapsed": 38460.99892568588, "delta": 23.36692237854004}, "costs": {"total_cost": 4214.027836599874, "time_cost": 150, "final_distance_cost": 883.2258514858179, "oscillation_cost": 1189.34196495988, "completition_cost": 1000.0, "overshoot_cost": 893.9680793646149, "power_cost": 21.033433666992188, "noise_cost": 76.45850712256922, "n_waypoints_completed": 0, "tot_waypoints": 9}}
{"target": -4564.432989060444, "params": {"k_pid_pos": [1.9297754764556885, 0.04117342829704285, 0.0057680606842041016], "k_pid_alt": [0.14584118127822876, 0.0, 0.951717734336853], "k_pid_att": [7.102248191833496, 9.761711120605469, 0.9309583902359009], "k_pid_yaw": [0.5, 1e-06, 0.1], "k_pid_hsp": [9.999999747378752e-05, 0.9154982566833496, 0.9854327440261841], "k_pid_vsp": [0.0, 400.0, 400.0]}, "datetime": {"datetime": "2025-08-21 19:26:08", "elapsed": 38485.44868540764, "delta": 24.44975972175598}, "costs": {"total_cost": 4564.432989060444, "time_cost": 150, "final_distance_cost": 1276.763541862378, "oscillation_cost": 182.11603634592967, "completition_cost": 1000.0, "overshoot_cost": 1925.2826766960145, "power_cost": 16.886625170898437, "noise_cost": 13.384108985223294, "n_waypoints_completed": 0, "tot_waypoints": 9}}
{"target": -21149.525858141373, "params": {"k_pid_pos": [2.0, 0.06945556402206421, 0.02572840452194214], "k_pid_alt": [0.0, 0.01510012149810791, 1.0], "k_pid_att": [0.0, 9.768697738647461, 0.9773534536361694], "k_pid_yaw": [0.5, 1e-06, 0.1], "k_pid_hsp": [9.999999747378752e-05, 1.0, 1.0], "k_pid_vsp": [0.0, 400.0, 400.0]}, "datetime": {"datetime": "2025-08-21 19:26:32", "elapsed": 38508.81430745125, "delta": 23.36562204360962}, "costs": {"total_cost": 21149.525858141373, "time_cost": 150, "final_distance_cost": 6264.4604313433265, "oscillation_cost": 2093.1947220574475, "completition_cost": 1000.0, "overshoot_cost": 11504.328365298974, "power_cost": 34.68904213867188, "noise_cost": 102.85329730295332, "n_waypoints_completed": 0, "tot_waypoints": 9}}
{"target": -15968.52074045166, "params": {"k_pid_pos": [2.0, 0.0, 0.0], "k_pid_alt": [0.06272417306900024, 0.0631292462348938, 0.9375890493392944], "k_pid_att": [0.0, 10.0, 0.9402298927307129], "k_pid_yaw": [0.5, 1e-06, 0.1], "k_pid_hsp": [0.1441906988620758, 0.9398396611213684, 1.0], "k_pid_vsp": [0.0, 400.0, 400.0]}, "datetime": {"datetime": "2025-08-21 19:26:56", "elapsed": 38532.75768375397, "delta": 23.943376302719116}, "costs": {"total_cost": 15968.52074045166, "time_cost": 150, "final_distance_cost": 5032.013000460428, "oscillation_cost": 2143.667526586052, "completition_cost": 1000.0, "overshoot_cost": 7505.319847707148, "power_cost": 34.72479216308594, "noise_cost": 102.79557353494589, "n_waypoints_completed": 0, "tot_waypoints": 9}}
{"target": -14814.61358007605, "params": {"k_pid_pos": [2.0, 0.014414310455322266, 0.0], "k_pid_alt": [0.01049792766571045, 0.0, 1.0], "k_pid_att": [0.0, 8.993896484375, 1.0], "k_pid_yaw": [0.5, 1e-06, 0.1], "k_pid_hsp": [9.999999747378752e-05, 1.0, 1.0], "k_pid_vsp": [0.0, 400.0, 400.0]}, "datetime": {"datetime": "2025-08-21 19:27:21", "elapsed": 38557.63478899002, "delta": 24.877105236053467}, "costs": {"total_cost": 14814.61358007605, "time_cost": 150, "final_distance_cost": 4750.0807469018155, "oscillation_cost": 2058.2065714533114, "completition_cost": 1000.0, "overshoot_cost": 6720.715556885663, "power_cost": 34.17153374023437, "noise_cost": 101.4391710950235, "n_waypoints_completed": 0, "tot_waypoints": 9}}
{"target": -2953.4722879918886, "params": {"k_pid_pos": [2.0, 0.0, 0.0], "k_pid_alt": [0.10439562797546387, 0.07576745748519897, 0.9990198612213135], "k_pid_att": [1.069331169128418, 10.0, 1.0], "k_pid_yaw": [0.5, 1e-06, 0.1], "k_pid_hsp": [0.14030034840106964, 0.9762077927589417, 0.9916279315948486], "k_pid_vsp": [0.0, 391.1942443847656, 400.0]}, "datetime": {"datetime": "2025-08-21 19:27:44", "elapsed": 38581.4561290741, "delta": 23.821340084075928}, "costs": {"total_cost": 2953.4722879918886, "time_cost": 150, "final_distance_cost": 337.397507005613, "oscillation_cost": 677.3567863248377, "completition_cost": 1000.0, "overshoot_cost": 662.860696514022, "power_cost": 31.60597292480469, "noise_cost": 94.25132522261143, "n_waypoints_completed": 0, "tot_waypoints": 9}}
{"target": -3803.5752695435713, "params": {"k_pid_pos": [1.9575510025024414, 0.0, 0.0], "k_pid_alt": [0.040061235427856445, 0.0, 1.0], "k_pid_att": [0.0, 9.050650596618652, 1.0], "k_pid_yaw": [0.5, 1e-06, 0.1], "k_pid_hsp": [0.9444656372070312, 1.0, 1.0], "k_pid_vsp": [15.524900436401367, 400.0, 373.5465393066406]}, "datetime": {"datetime": "2025-08-21 19:28:08", "elapsed": 38604.855086803436, "delta": 23.3989577293396}, "costs": {"total_cost": 3803.5752695435713, "time_cost": 150, "final_distance_cost": 456.57000983766295, "oscillation_cost": 974.2773108239617, "completition_cost": 1000.0, "overshoot_cost": 1090.160186502157, "power_cost": 33.41942811279297, "noise_cost": 99.1483342669965, "n_waypoints_completed": 0, "tot_waypoints": 9}}
{"target": -3269.9145239579075, "params": {"k_pid_pos": [1.88731849193573, 0.0, 0.0302506685256958], "k_pid_alt": [0.04759937524795532, 0.0, 0.8899269104003906], "k_pid_att": [0.0, 9.778800964355469, 1.0], "k_pid_yaw": [0.5, 1e-06, 0.1], "k_pid_hsp": [0.016590651124715805, 1.0, 0.975691556930542], "k_pid_vsp": [0.0, 398.578369140625, 396.164794921875]}, "datetime": {"datetime": "2025-08-21 19:28:33", "elapsed": 38629.73280072212, "delta": 24.877713918685913}, "costs": {"total_cost": 3269.9145239579075, "time_cost": 150, "final_distance_cost": 285.64561109794823, "oscillation_cost": 1103.4756211334138, "completition_cost": 1000.0, "overshoot_cost": 604.1533675521429, "power_cost": 31.30397076416016, "noise_cost": 95.3359534102423, "n_waypoints_completed": 0, "tot_waypoints": 9}}
{"target": -8250.579587552253, "params": {"k_pid_pos": [1.9901282787322998, 0.0021913647651672363, 0.020731121301651], "k_pid_alt": [0.0, 0.0, 1.0], "k_pid_att": [0.0, 10.0, 0.9955277442932129], "k_pid_yaw": [0.5, 1e-06, 0.1], "k_pid_hsp": [0.6260265707969666, 0.9701934456825256, 0.9874558448791504], "k_pid_vsp": [0.0, 379.5339660644531, 396.14276123046875]}, "datetime": {"datetime": "2025-08-21 19:28:56", "elapsed": 38652.63768482208, "delta": 22.904884099960327}, "costs": {"total_cost": 8250.579587552253, "time_cost": 150, "final_distance_cost": 2373.959696264802, "oscillation_cost": 606.5891781225666, "completition_cost": 1000.0, "overshoot_cost": 4037.8296008082148, "power_cost": 15.897259338378907, "noise_cost": 66.3038530182904, "n_waypoints_completed": 0, "tot_waypoints": 9}}
{"target": -2195.135338731343, "params": {"k_pid_pos": [1.9976025819778442, 0.0, 0.0], "k_pid_alt": [0.0, 0.0033360719680786133, 0.9755581617355347], "k_pid_att": [5.897733688354492, 8.654383659362793, 0.9961448311805725], "k_pid_yaw": [0.5, 1e-06, 0.1], "k_pid_hsp": [9.999999747378752e-05, 0.9742674827575684, 0.9156456589698792], "k_pid_vsp": [2.918374538421631, 400.0, 395.39288330078125]}, "datetime": {"datetime": "2025-08-21 19:29:20", "elapsed": 38677.35528087616, "delta": 24.71759605407715}, "costs": {"total_cost": 2195.135338731343, "time_cost": 150, "final_distance_cost": 196.34265089905224, "oscillation_cost": 227.6004219030035, "completition_cost": 1000.0, "overshoot_cost": 580.4822900430196, "power_cost": 20.071956079101565, "noise_cost": 20.638019807166152, "n_waypoints_completed": 0, "tot_waypoints": 9}}
{"target": -3184.5692530910505, "params": {"k_pid_pos": [1.9350839853286743, 0.02200987935066223, 0.0], "k_pid_alt": [0.0, 0.0, 1.0], "k_pid_att": [0.0, 9.535362243652344, 0.9012413620948792], "k_pid_yaw": [0.5, 1e-06, 0.1], "k_pid_hsp": [9.999999747378752e-05, 1.0, 1.0], "k_pid_vsp": [0.0, 379.4302978515625, 400.0]}, "datetime": {"datetime": "2025-08-21 19:29:45", "elapsed": 38702.00201368332, "delta": 24.646732807159424}, "costs": {"total_cost": 3184.5692530910505, "time_cost": 150, "final_distance_cost": 366.44340912558187, "oscillation_cost": 955.0301456305726, "completition_cost": 1000.0, "overshoot_cost": 609.2777595688397, "power_cost": 22.63425135498047, "noise_cost": 81.18368741107594, "n_waypoints_completed": 0, "tot_waypoints": 9}}
{"target": -1823.3200304630925, "params": {"k_pid_pos": [1.9571324586868286, 0.0, 0.0], "k_pid_alt": [0.08050704002380371, 0.0, 1.0], "k_pid_att": [2.3562817573547363, 9.898509979248047, 0.924148440361023], "k_pid_yaw": [0.5, 1e-06, 0.1], "k_pid_hsp": [9.999999747378752e-05, 1.0, 0.9211828708648682], "k_pid_vsp": [0.0, 360.9641418457031, 389.3978271484375]}, "datetime": {"datetime": "2025-08-21 19:30:10", "elapsed": 38726.481209754944, "delta": 24.479196071624756}, "costs": {"total_cost": 1823.3200304630925, "time_cost": 150, "final_distance_cost": 6.64296687052505, "oscillation_cost": 410.7093766826458, "completition_cost": 1000.0, "overshoot_cost": 141.10911640703785, "power_cost": 28.60966904296875, "noise_cost": 86.24890145991498, "n_waypoints_completed": 0, "tot_waypoints": 9}}
{"target": -2639.7719971531383, "params": {"k_pid_pos": [1.9773863554000854, 0.0, 0.014037787914276123], "k_pid_alt": [0.0, 0.03377765417098999, 0.9833704233169556], "k_pid_att": [5.058008193969727, 9.793901443481445, 1.0], "k_pid_yaw": [0.5, 1e-06, 0.1], "k_pid_hsp": [9.999999747378752e-05, 1.0, 0.9424886107444763], "k_pid_vsp": [3.7597298622131348, 378.6881408691406, 400.0]}, "datetime": {"datetime": "2025-08-21 19:30:34", "elapsed": 38750.970744371414, "delta": 24.489534616470337}, "costs": {"total_cost": 2639.7719971531383, "time_cost": 150, "final_distance_cost": 719.5440097137398, "oscillation_cost": 192.94221262294482, "completition_cost": 888.8888888888888, "overshoot_cost": 639.622714393785, "power_cost": 18.15471307373047, "noise_cost": 30.61945846004918, "n_waypoints_completed": 1, "tot_waypoints": 9}}
{"target": -1999.760233383429, "params": {"k_pid_pos": [1.9948303699493408, 0.0, 0.0], "k_pid_alt": [0.15569519996643066, 0.0, 1.0], "k_pid_att": [1.505821943283081, 10.0, 1.0], "k_pid_yaw": [0.5, 1e-06, 0.1], "k_pid_hsp": [1.4804065227508545, 1.0, 1.0], "k_pid_vsp": [0.0, 400.0, 387.0697937011719]}, "datetime": {"datetime": "2025-08-21 19:30:57", "elapsed": 38773.54606246948, "delta": 22.575318098068237}, "costs": {"total_cost": 1999.760233383429, "time_cost": 150, "final_distance_cost": 9.184132744750004, "oscillation_cost": 572.926813377451, "completition_cost": 1000.0, "overshoot_cost": 144.34487693966864, "power_cost": 30.786127734375, "noise_cost": 92.51828258718423, "n_waypoints_completed": 0, "tot_waypoints": 9}}
{"target": -5051.386272433679, "params": {"k_pid_pos": [2.0, 0.0, 0.0], "k_pid_alt": [0.0, 0.049785763025283813, 1.0], "k_pid_att": [0.0, 10.0, 1.0], "k_pid_yaw": [0.5, 1e-06, 0.1], "k_pid_hsp": [9.999999747378752e-05, 1.0, 0.9442464709281921], "k_pid_vsp": [2.019667625427246, 396.1529846191406, 400.0]}, "datetime": {"datetime": "2025-08-21 19:31:21", "elapsed": 38797.90460515022, "delta": 24.358542680740356}, "costs": {"total_cost": 5051.386272433679, "time_cost": 150, "final_distance_cost": 629.5274545990965, "oscillation_cost": 1810.8980541625115, "completition_cost": 1000.0, "overshoot_cost": 1333.2896760686128, "power_cost": 31.56503952636719, "noise_cost": 96.10604807709026, "n_waypoints_completed": 0, "tot_waypoints": 9}}
{"target": -1507.4026372246235, "params": {"k_pid_pos": [2.0, 0.0, 0.0], "k_pid_alt": [0.0, 0.0032833516597747803, 0.9197629690170288], "k_pid_att": [7.321739196777344, 9.817329406738281, 1.0], "k_pid_yaw": [0.5, 1e-06, 0.1], "k_pid_hsp": [0.02715517207980156, 0.997240424156189, 0.9745458364486694], "k_pid_vsp": [8.862519264221191, 363.78857421875, 400.0]}, "datetime": {"datetime": "2025-08-21 19:31:46", "elapsed": 38822.55496907234, "delta": 24.65036392211914}, "costs": {"total_cost": 1507.4026372246235, "time_cost": 150, "final_distance_cost": 37.206663188831165, "oscillation_cost": 187.52388829352964, "completition_cost": 1000.0, "overshoot_cost": 96.6201085708907, "power_cost": 19.946679321289064, "noise_cost": 16.105297850083, "n_waypoints_completed": 0, "tot_waypoints": 9}}
{"target": -6014.85169110294, "params": {"k_pid_pos": [1.880194902420044, 0.0, 0.0], "k_pid_alt": [0.0072171688079833984, 0.0, 0.988847017288208], "k_pid_att": [0.0, 9.496930122375488, 1.0], "k_pid_yaw": [0.5, 1e-06, 0.1], "k_pid_hsp": [9.999999747378752e-05, 0.964865505695343, 0.9592161774635315], "k_pid_vsp": [19.813024520874023, 400.0, 370.0493469238281]}, "datetime": {"datetime": "2025-08-21 19:32:09", "elapsed": 38846.40685772896, "delta": 23.85188865661621}, "costs": {"total_cost": 6014.85169110294, "time_cost": 150, "final_distance_cost": 862.635907415375, "oscillation_cost": 1777.3054811477223, "completition_cost": 1000.0, "overshoot_cost": 2093.861953480413, "power_cost": 32.60866970214844, "noise_cost": 98.43967935728173, "n_waypoints_completed": 0, "tot_waypoints": 9}}
