{"target": -4870.000229693652, "params": {"k_pid_pos": [2.0, 0.012002527713775635, 0.0], "k_pid_alt": [0.0, 0.11311805248260498, 0.9432522058486938], "k_pid_att": [0.0, 10.0, 0.9967895746231079], "k_pid_yaw": [0.5, 1e-06, 0.1], "k_pid_hsp": [9.999999747378752e-05, 0.9650553464889526, 1.0], "k_pid_vsp": [3.8616180419921875, 394.0673522949219, 398.4917297363281]}, "datetime": {"datetime": "2025-08-21 16:03:51", "elapsed": 26347.47428870201, "delta": 22.895471811294556}, "costs": {"total_cost": 4870.000229693652, "time_cost": 150, "final_distance_cost": 777.3017726081059, "oscillation_cost": 1107.905494008669, "completition_cost": 1000.0, "overshoot_cost": 1708.832978948883, "power_cost": 31.403882348632813, "noise_cost": 94.55610177936076, "n_waypoints_completed": 0, "tot_waypoints": 9}}
{"target": -2313.155404121573, "params": {"k_pid_pos": [2.0, 0.0, 0.0], "k_pid_alt": [0.0621185302734375, 0.05186474323272705, 0.8864320516586304], "k_pid_att": [1.1286288499832153, 10.0, 0.8801366686820984], "k_pid_yaw": [0.5, 1e-06, 0.1], "k_pid_hsp": [9.999999747378752e-05, 1.0, 0.9677175283432007], "k_pid_vsp": [0.0, 398.3627014160156, 399.92462158203125]}, "datetime": {"datetime": "2025-08-21 16:04:14", "elapsed": 26370.48965883255, "delta": 23.01537013053894}, "costs": {"total_cost": 2313.155404121573, "time_cost": 150, "final_distance_cost": 94.39612867367059, "oscillation_cost": 705.111181929247, "completition_cost": 1000.0, "overshoot_cost": 242.5797458226467, "power_cost": 30.29504979248047, "noise_cost": 90.7732979035285, "n_waypoints_completed": 0, "tot_waypoints": 9}}
{"target": -2786.3097345021706, "params": {"k_pid_pos": [1.9752411842346191, 0.0, 0.0], "k_pid_alt": [0.014024853706359863, 0.03054988384246826, 1.0], "k_pid_att": [0.6427079439163208, 9.6047945022583, 0.9880204796791077], "k_pid_yaw": [0.5, 1e-06, 0.1], "k_pid_hsp": [9.999999747378752e-05, 0.9917333126068115, 1.0], "k_pid_vsp": [21.081722259521484, 384.0043640136719, 400.0]}, "datetime": {"datetime": "2025-08-21 16:04:37", "elapsed": 26393.96817445755, "delta": 23.478515625}, "costs": {"total_cost": 2786.3097345021706, "time_cost": 150, "final_distance_cost": 292.36187229576694, "oscillation_cost": 1011.8164328565925, "completition_cost": 1000.0, "overshoot_cost": 240.9593627819801, "power_cost": 27.172334338378906, "noise_cost": 63.99973222945272, "n_waypoints_completed": 0, "tot_waypoints": 9}}
{"target": -12072.516194549951, "params": {"k_pid_pos": [2.0, 0.0, 0.011206388473510742], "k_pid_alt": [0.0, 0.011171907186508179, 1.0], "k_pid_att": [0.0, 9.559825897216797, 1.0], "k_pid_yaw": [0.5, 1e-06, 0.1], "k_pid_hsp": [9.999999747378752e-05, 0.9976601004600525, 1.0], "k_pid_vsp": [18.210674285888672, 384.4988098144531, 388.78594970703125]}, "datetime": {"datetime": "2025-08-21 16:05:01", "elapsed": 26417.772403240204, "delta": 23.80422878265381}, "costs": {"total_cost": 12072.516194549951, "time_cost": 150, "final_distance_cost": 2599.469682155894, "oscillation_cost": 2068.379875214218, "completition_cost": 1000.0, "overshoot_cost": 6118.638197854139, "power_cost": 34.22523160400391, "noise_cost": 101.8032077216983, "n_waypoints_completed": 0, "tot_waypoints": 9}}
{"target": -1863.788233515784, "params": {"k_pid_pos": [2.0, 0.05493625998497009, 0.0], "k_pid_alt": [0.0, 0.08820360898971558, 1.0], "k_pid_att": [2.7985305786132812, 10.0, 1.0], "k_pid_yaw": [0.5, 1e-06, 0.1], "k_pid_hsp": [0.33972862362861633, 0.9428552389144897, 1.0], "k_pid_vsp": [24.118221282958984, 377.536376953125, 385.746826171875]}, "datetime": {"datetime": "2025-08-21 16:05:24", "elapsed": 26441.426138162613, "delta": 23.653734922409058}, "costs": {"total_cost": 1863.788233515784, "time_cost": 150, "final_distance_cost": 69.5804572683022, "oscillation_cost": 333.7817528648455, "completition_cost": 1000.0, "overshoot_cost": 255.44720772903358, "power_cost": 20.96432264404297, "noise_cost": 34.014493009559494, "n_waypoints_completed": 0, "tot_waypoints": 9}}
{"target": -1745.6828083829957, "params": {"k_pid_pos": [1.999657392501831, 0.01875251531600952, 0.0], "k_pid_alt": [0.04330587387084961, 0.014500260353088379, 0.9720384478569031], "k_pid_att": [4.4649271965026855, 10.0, 1.0], "k_pid_yaw": [0.5, 1e-06, 0.1], "k_pid_hsp": [9.999999747378752e-05, 0.9729570150375366, 0.9778344631195068], "k_pid_vsp": [10.109353065490723, 400.0, 400.0]}, "datetime": {"datetime": "2025-08-21 16:05:49", "elapsed": 26465.752034902573, "delta": 24.325896739959717}, "costs": {"total_cost": 1745.6828083829957, "time_cost": 150, "final_distance_cost": 38.31931980933939, "oscillation_cost": 282.6679762893912, "completition_cost": 1000.0, "overshoot_cost": 189.47959868343082, "power_cost": 20.627271899414062, "noise_cost": 64.58864170142019, "n_waypoints_completed": 0, "tot_waypoints": 9}}
{"target": -2012.5700262506289, "params": {"k_pid_pos": [2.0, 0.0, 0.0], "k_pid_alt": [0.0, 0.0, 1.0], "k_pid_att": [1.76466703414917, 9.700483322143555, 0.9927202463150024], "k_pid_yaw": [0.5, 1e-06, 0.1], "k_pid_hsp": [0.25991612672805786, 0.9971891045570374, 0.9014838933944702], "k_pid_vsp": [0.0, 389.8597717285156, 388.5975341796875]}, "datetime": {"datetime": "2025-08-21 16:06:12", "elapsed": 26489.217041492462, "delta": 23.465006589889526}, "costs": {"total_cost": 2012.5700262506289, "time_cost": 150, "final_distance_cost": 35.08449834423559, "oscillation_cost": 487.2412755605171, "completition_cost": 1000.0, "overshoot_cost": 231.5225371250638, "power_cost": 27.008923681640628, "noise_cost": 81.71279153917169, "n_waypoints_completed": 0, "tot_waypoints": 9}}
{"target": -3327.9751116001285, "params": {"k_pid_pos": [1.9094237089157104, 0.0, 0.0], "k_pid_alt": [0.005128145217895508, 0.0, 1.0], "k_pid_att": [7.37760066986084, 9.811263084411621, 1.0], "k_pid_yaw": [0.5, 1e-06, 0.1], "k_pid_hsp": [0.3375915288925171, 0.9420962333679199, 1.0], "k_pid_vsp": [0.0, 393.772216796875, 391.0799560546875]}, "datetime": {"datetime": "2025-08-21 16:06:35", "elapsed": 26512.124979496002, "delta": 22.90793800354004}, "costs": {"total_cost": 3327.9751116001285, "time_cost": 150, "final_distance_cost": 632.3452312562614, "oscillation_cost": 287.7690230738561, "completition_cost": 1000.0, "overshoot_cost": 1224.5675940362935, "power_cost": 18.714451513671875, "noise_cost": 14.578811720045595, "n_waypoints_completed": 0, "tot_waypoints": 9}}
{"target": -5234.574440195527, "params": {"k_pid_pos": [1.9910404682159424, 0.028198927640914917, 0.0], "k_pid_alt": [0.07083618640899658, 0.0, 0.9432249665260315], "k_pid_att": [0.0, 10.0, 1.0], "k_pid_yaw": [0.5, 1e-06, 0.1], "k_pid_hsp": [9.999999747378752e-05, 0.9222115278244019, 1.0], "k_pid_vsp": [2.004122734069824, 399.94097900390625, 375.40325927734375]}, "datetime": {"datetime": "2025-08-21 16:06:59", "elapsed": 26536.036343336105, "delta": 23.91136384010315}, "costs": {"total_cost": 5234.574440195527, "time_cost": 150, "final_distance_cost": 827.9095614439124, "oscillation_cost": 956.8410194266779, "completition_cost": 1000.0, "overshoot_cost": 2175.728395650352, "power_cost": 30.58704567871094, "noise_cost": 93.50841799587363, "n_waypoints_completed": 0, "tot_waypoints": 9}}
{"target": -1697.780890410861, "params": {"k_pid_pos": [2.0, 0.07514044642448425, 0.0], "k_pid_alt": [0.015993177890777588, 0.0, 1.0], "k_pid_att": [10.131269454956055, 9.232202529907227, 0.9993524551391602], "k_pid_yaw": [0.5, 1e-06, 0.1], "k_pid_hsp": [0.6243579387664795, 0.9830732345581055, 1.0], "k_pid_vsp": [0.0, 388.5353698730469, 385.1692810058594]}, "datetime": {"datetime": "2025-08-21 16:07:23", "elapsed": 26559.62801361084, "delta": 23.591670274734497}, "costs": {"total_cost": 1697.780890410861, "time_cost": 150, "final_distance_cost": 1.1156563136190156, "oscillation_cost": 325.9015693625392, "completition_cost": 1000.0, "overshoot_cost": 136.78222985582067, "power_cost": 19.82004058837891, "noise_cost": 64.16139429050322, "n_waypoints_completed": 0, "tot_waypoints": 9}}
{"target": -2070.878813923518, "params": {"k_pid_pos": [1.9102544784545898, 0.0, 0.0], "k_pid_alt": [0.0, 0.0, 1.0], "k_pid_att": [2.415862560272217, 9.880409240722656, 1.0], "k_pid_yaw": [0.5, 1e-06, 0.1], "k_pid_hsp": [0.4135163426399231, 1.0, 1.0], "k_pid_vsp": [0.0, 363.2432556152344, 368.96929931640625]}, "datetime": {"datetime": "2025-08-21 16:07:46", "elapsed": 26583.018271446228, "delta": 23.390257835388184}, "costs": {"total_cost": 2070.878813923518, "time_cost": 150, "final_distance_cost": 107.5599295202583, "oscillation_cost": 374.6896950137879, "completition_cost": 1000.0, "overshoot_cost": 342.0696743773081, "power_cost": 24.101519067382814, "noise_cost": 72.45799594478086, "n_waypoints_completed": 0, "tot_waypoints": 9}}
{"target": -7130.645662783421, "params": {"k_pid_pos": [1.9442890882492065, 0.0, 0.02254459261894226], "k_pid_alt": [0.0, 0.0, 1.0], "k_pid_att": [0.0, 10.0, 0.9415823221206665], "k_pid_yaw": [0.5, 1e-06, 0.1], "k_pid_hsp": [9.999999747378752e-05, 0.9488271474838257, 1.0], "k_pid_vsp": [26.176071166992188, 377.9075622558594, 396.33575439453125]}, "datetime": {"datetime": "2025-08-21 16:08:10", "elapsed": 26607.172727108, "delta": 24.15445566177368}, "costs": {"total_cost": 7130.645662783421, "time_cost": 150, "final_distance_cost": 1591.6094866794797, "oscillation_cost": 884.2625099900482, "completition_cost": 1000.0, "overshoot_cost": 3413.587055842064, "power_cost": 18.7409578125, "noise_cost": 72.44565245932931, "n_waypoints_completed": 0, "tot_waypoints": 9}}
{"target": -7264.207565770026, "params": {"k_pid_pos": [1.8969863653182983, 0.0, 0.0], "k_pid_alt": [0.0, 0.02115491032600403, 1.0], "k_pid_att": [0.0, 10.0, 1.0], "k_pid_yaw": [0.5, 1e-06, 0.1], "k_pid_hsp": [0.5330683588981628, 0.9803591966629028, 1.0], "k_pid_vsp": [3.777790069580078, 400.0, 362.3043212890625]}, "datetime": {"datetime": "2025-08-21 16:08:34", "elapsed": 26630.945593118668, "delta": 23.772866010665894}, "costs": {"total_cost": 7264.207565770026, "time_cost": 150, "final_distance_cost": 1790.9112642529838, "oscillation_cost": 1800.1052348798657, "completition_cost": 1000.0, "overshoot_cost": 2389.451623038767, "power_cost": 33.433216052246095, "noise_cost": 100.30622754616381, "n_waypoints_completed": 0, "tot_waypoints": 9}}
{"target": -2522.74547928657, "params": {"k_pid_pos": [2.0, 0.0, 0.0], "k_pid_alt": [0.0, 0.04839697480201721, 0.992658793926239], "k_pid_att": [3.034499168395996, 9.572598457336426, 1.0], "k_pid_yaw": [0.5, 1e-06, 0.1], "k_pid_hsp": [9.999999747378752e-05, 0.873610258102417, 1.0], "k_pid_vsp": [9.02712345123291, 394.69775390625, 400.0]}, "datetime": {"datetime": "2025-08-21 16:08:57", "elapsed": 26653.820248365402, "delta": 22.87465524673462}, "costs": {"total_cost": 2522.74547928657, "time_cost": 150, "final_distance_cost": 453.6472478924119, "oscillation_cost": 296.6424636502326, "completition_cost": 1000.0, "overshoot_cost": 575.6336433032498, "power_cost": 17.98400283203125, "noise_cost": 28.838121608644496, "n_waypoints_completed": 0, "tot_waypoints": 9}}
{"target": -14795.541919319008, "params": {"k_pid_pos": [1.91502046585083, 0.043207138776779175, 0.0], "k_pid_alt": [0.0, 0.06818214058876038, 0.9852924346923828], "k_pid_att": [0.0, 10.0, 0.9828683733940125], "k_pid_yaw": [0.5, 1e-06, 0.1], "k_pid_hsp": [9.999999747378752e-05, 0.9872908592224121, 1.0], "k_pid_vsp": [0.0, 385.2137451171875, 400.0]}, "datetime": {"datetime": "2025-08-21 16:09:21", "elapsed": 26677.51720237732, "delta": 23.696954011917114}, "costs": {"total_cost": 14795.541919319008, "time_cost": 150, "final_distance_cost": 4707.539722810056, "oscillation_cost": 2087.661058022183, "completition_cost": 1000.0, "overshoot_cost": 6712.194434249931, "power_cost": 34.95657222900391, "noise_cost": 103.19013200783274, "n_waypoints_completed": 0, "tot_waypoints": 9}}
{"target": -2315.2101850353506, "params": {"k_pid_pos": [2.0, 0.03784513473510742, 0.0], "k_pid_alt": [0.09339570999145508, 0.011213362216949463, 1.0], "k_pid_att": [0.873720645904541, 10.0, 0.9645582437515259], "k_pid_yaw": [0.5, 1e-06, 0.1], "k_pid_hsp": [9.999999747378752e-05, 0.9821417331695557, 1.0], "k_pid_vsp": [0.0, 396.7447204589844, 400.0]}, "datetime": {"datetime": "2025-08-21 16:09:44", "elapsed": 26700.96692085266, "delta": 23.449718475341797}, "costs": {"total_cost": 2315.2101850353506, "time_cost": 150, "final_distance_cost": 148.35323437141227, "oscillation_cost": 612.2324163341573, "completition_cost": 1000.0, "overshoot_cost": 281.9103139574579, "power_cost": 30.732665246582034, "noise_cost": 91.98155512574084, "n_waypoints_completed": 0, "tot_waypoints": 9}}
{"target": -14974.06494041486, "params": {"k_pid_pos": [1.937172532081604, 0.012209653854370117, 0.0], "k_pid_alt": [0.04005229473114014, 0.016701817512512207, 1.0], "k_pid_att": [0.0, 9.367057800292969, 0.9545841217041016], "k_pid_yaw": [0.5, 1e-06, 0.1], "k_pid_hsp": [9.999999747378752e-05, 0.9877599477767944, 1.0], "k_pid_vsp": [0.0, 400.0, 400.0]}, "datetime": {"datetime": "2025-08-21 16:10:08", "elapsed": 26725.189421892166, "delta": 24.222501039505005}, "costs": {"total_cost": 14974.06494041486, "time_cost": 150, "final_distance_cost": 4777.236170600553, "oscillation_cost": 2066.0856310482736, "completition_cost": 1000.0, "overshoot_cost": 6844.269369288407, "power_cost": 34.331730017089846, "noise_cost": 102.14203946053694, "n_waypoints_completed": 0, "tot_waypoints": 9}}
{"target": -2008.698461631126, "params": {"k_pid_pos": [2.0, 0.02599155902862549, 0.0916319191455841], "k_pid_alt": [0.0, 0.03992539644241333, 0.9607934951782227], "k_pid_att": [2.6488037109375, 9.7512845993042, 0.8870287537574768], "k_pid_yaw": [0.5, 1e-06, 0.1], "k_pid_hsp": [9.999999747378752e-05, 0.9991358518600464, 1.0], "k_pid_vsp": [11.05802059173584, 400.0, 372.5788269042969]}, "datetime": {"datetime": "2025-08-21 16:10:32", "elapsed": 26748.659230947495, "delta": 23.46980905532837}, "costs": {"total_cost": 2008.698461631126, "time_cost": 150, "final_distance_cost": 119.23497614658179, "oscillation_cost": 346.86066802937376, "completition_cost": 1000.0, "overshoot_cost": 331.4488569615538, "power_cost": 20.975681408691408, "noise_cost": 40.178279084925116, "n_waypoints_completed": 0, "tot_waypoints": 9}}
{"target": -5011.14593046262, "params": {"k_pid_pos": [2.0, 0.018058717250823975, 0.0], "k_pid_alt": [0.03535956144332886, 0.0, 0.9375983476638794], "k_pid_att": [0.0, 9.33632755279541, 1.0], "k_pid_yaw": [0.5, 1e-06, 0.1], "k_pid_hsp": [9.999999747378752e-05, 1.0, 0.9658617377281189], "k_pid_vsp": [6.529533863067627, 384.2155456542969, 375.10894775390625]}, "datetime": {"datetime": "2025-08-21 16:10:55", "elapsed": 26772.13956308365, "delta": 23.480332136154175}, "costs": {"total_cost": 5011.14593046262, "time_cost": 150, "final_distance_cost": 707.9153268368739, "oscillation_cost": 1770.4930164612886, "completition_cost": 1000.0, "overshoot_cost": 1252.3234472409927, "power_cost": 32.29437489013672, "noise_cost": 98.11976503332687, "n_waypoints_completed": 0, "tot_waypoints": 9}}
{"target": -1899.4829912897906, "params": {"k_pid_pos": [1.8240089416503906, 0.0, 0.0], "k_pid_alt": [0.0, 0.0019647181034088135, 1.0], "k_pid_att": [1.7954140901565552, 9.527649879455566, 1.0], "k_pid_yaw": [0.5, 1e-06, 0.1], "k_pid_hsp": [9.999999747378752e-05, 1.0, 1.0], "k_pid_vsp": [12.013042449951172, 398.86346435546875, 400.0]}, "datetime": {"datetime": "2025-08-21 16:11:18", "elapsed": 26795.384183883667, "delta": 23.24462080001831}, "costs": {"total_cost": 1899.4829912897906, "time_cost": 150, "final_distance_cost": 7.004659494623563, "oscillation_cost": 483.1767526744014, "completition_cost": 1000.0, "overshoot_cost": 145.52710644144798, "power_cost": 29.328852075195314, "noise_cost": 84.44562060412233, "n_waypoints_completed": 0, "tot_waypoints": 9}}
{"target": -3119.8101636586593, "params": {"k_pid_pos": [2.0, 0.0, 0.03546243906021118], "k_pid_alt": [0.0, 0.0, 1.0], "k_pid_att": [13.123899459838867, 10.0, 0.9868977665901184], "k_pid_yaw": [0.5, 1e-06, 0.1], "k_pid_hsp": [9.999999747378752e-05, 1.0, 1.0], "k_pid_vsp": [49.10340118408203, 400.0, 400.0]}, "datetime": {"datetime": "2025-08-21 16:11:41", "elapsed": 26818.44052553177, "delta": 23.056341648101807}, "costs": {"total_cost": 3119.8101636586593, "time_cost": 150, "final_distance_cost": 623.8446825277617, "oscillation_cost": 211.58728171131324, "completition_cost": 1000.0, "overshoot_cost": 1097.0631848207163, "power_cost": 20.23582667236328, "noise_cost": 17.079187926504666, "n_waypoints_completed": 0, "tot_waypoints": 9}}
{"target": -1576.810527349281, "params": {"k_pid_pos": [2.0, 0.0, 0.013445168733596802], "k_pid_alt": [0.0972101092338562, 0.0, 0.9682778120040894], "k_pid_att": [7.219904899597168, 10.0, 0.9110184907913208], "k_pid_yaw": [0.5, 1e-06, 0.1], "k_pid_hsp": [0.15238834917545319, 1.0, 0.9966228604316711], "k_pid_vsp": [6.448960304260254, 389.4610290527344, 400.0]}, "datetime": {"datetime": "2025-08-21 16:12:05", "elapsed": 26841.671566724777, "delta": 23.231041193008423}, "costs": {"total_cost": 1576.810527349281, "time_cost": 150, "final_distance_cost": 50.126777566191834, "oscillation_cost": 251.92842989978288, "completition_cost": 1000.0, "overshoot_cost": 91.70788379513975, "power_cost": 17.851476782226563, "noise_cost": 15.195959305939956, "n_waypoints_completed": 0, "tot_waypoints": 9}}
{"target": -5716.417721506074, "params": {"k_pid_pos": [2.0, 0.022197097539901733, 0.0], "k_pid_alt": [0.012970209121704102, 0.0, 0.936676025390625], "k_pid_att": [0.0, 9.327630996704102, 1.0], "k_pid_yaw": [0.5, 1e-06, 0.1], "k_pid_hsp": [9.999999747378752e-05, 1.0, 1.0], "k_pid_vsp": [8.532821655273438, 370.8551330566406, 395.8858947753906]}, "datetime": {"datetime": "2025-08-21 16:12:29", "elapsed": 26865.622742176056, "delta": 23.951175451278687}, "costs": {"total_cost": 5716.417721506074, "time_cost": 150, "final_distance_cost": 1147.6462461027209, "oscillation_cost": 1771.8378461523434, "completition_cost": 1000.0, "overshoot_cost": 1523.428420313766, "power_cost": 30.308543847656253, "noise_cost": 93.19666508958677, "n_waypoints_completed": 0, "tot_waypoints": 9}}
{"target": -5412.632789752239, "params": {"k_pid_pos": [1.9146817922592163, 0.001351386308670044, 0.009761571884155273], "k_pid_alt": [0.11544209718704224, 0.006658017635345459, 1.0], "k_pid_att": [0.0, 9.968907356262207, 1.0], "k_pid_yaw": [0.5, 1e-06, 0.1], "k_pid_hsp": [9.999999747378752e-05, 0.9064533710479736, 1.0], "k_pid_vsp": [4.390478134155273, 390.36236572265625, 393.6947021484375]}, "datetime": {"datetime": "2025-08-21 16:12:52", "elapsed": 26889.090734004974, "delta": 23.467991828918457}, "costs": {"total_cost": 5412.632789752239, "time_cost": 150, "final_distance_cost": 699.5287514055857, "oscillation_cost": 1974.6356817142691, "completition_cost": 1000.0, "overshoot_cost": 1453.6272937556225, "power_cost": 33.948258239746096, "noise_cost": 100.8928046370159, "n_waypoints_completed": 0, "tot_waypoints": 9}}
{"target": -9865.801649212575, "params": {"k_pid_pos": [2.0, 0.0, 0.018398195505142212], "k_pid_alt": [0.0, 0.0042448341846466064, 0.980781614780426], "k_pid_att": [0.0, 9.4414701461792, 0.9859438538551331], "k_pid_yaw": [0.5, 1e-06, 0.1], "k_pid_hsp": [0.09856082499027252, 1.0, 1.0], "k_pid_vsp": [8.745967864990234, 400.0, 400.0]}, "datetime": {"datetime": "2025-08-21 16:13:16", "elapsed": 26912.98800778389, "delta": 23.897273778915405}, "costs": {"total_cost": 9865.801649212575, "time_cost": 150, "final_distance_cost": 3090.2903850440453, "oscillation_cost": 2000.422580910473, "completition_cost": 1000.0, "overshoot_cost": 3490.233991214562, "power_cost": 33.707667919921874, "noise_cost": 101.14702412357319, "n_waypoints_completed": 0, "tot_waypoints": 9}}
{"target": -7069.464017458515, "params": {"k_pid_pos": [2.0, 0.013773947954177856, 0.025057107210159302], "k_pid_alt": [0.0, 0.0, 1.0], "k_pid_att": [0.0, 9.416998863220215, 1.0], "k_pid_yaw": [0.5, 1e-06, 0.1], "k_pid_hsp": [0.014399606734514236, 1.0, 1.0], "k_pid_vsp": [6.308090686798096, 380.64306640625, 353.87384033203125]}, "datetime": {"datetime": "2025-08-21 16:13:40", "elapsed": 26936.63972735405, "delta": 23.651719570159912}, "costs": {"total_cost": 7069.464017458515, "time_cost": 150, "final_distance_cost": 1365.1468121765258, "oscillation_cost": 2200.4096953866915, "completition_cost": 1000.0, "overshoot_cost": 2236.5619981108775, "power_cost": 26.669104650878907, "noise_cost": 90.67640713354116, "n_waypoints_completed": 0, "tot_waypoints": 9}}
{"target": -1723.2446339870041, "params": {"k_pid_pos": [1.9107593297958374, 0.0, 0.07117384672164917], "k_pid_alt": [0.0, 0.03190222382545471, 1.0], "k_pid_att": [4.031965255737305, 10.0, 1.0], "k_pid_yaw": [0.5, 1e-06, 0.1], "k_pid_hsp": [9.999999747378752e-05, 0.936360239982605, 0.9535425901412964], "k_pid_vsp": [0.0, 398.19122314453125, 392.1988525390625]}, "datetime": {"datetime": "2025-08-21 16:14:03", "elapsed": 26959.670387268066, "delta": 23.030659914016724}, "costs": {"total_cost": 1723.2446339870041, "time_cost": 150, "final_distance_cost": 51.15821028925286, "oscillation_cost": 274.95701892862394, "completition_cost": 1000.0, "overshoot_cost": 181.95858983444143, "power_cost": 20.290745056152346, "noise_cost": 44.88006987853349, "n_waypoints_completed": 0, "tot_waypoints": 9}}
