{"target": -3756.495742506941, "params": {"k_pid_pos": [1.9805207252502441, 0.09549733996391296, 0.0], "k_pid_alt": [0.04854881763458252, 0.0, 1.0], "k_pid_att": [0.9391516447067261, 10.0, 0.9186331629753113], "k_pid_yaw": [0.5, 1e-06, 0.1], "k_pid_hsp": [0.16207250952720642, 1.0, 1.0], "k_pid_vsp": [0.0, 364.2029724121094, 400.0]}, "datetime": {"datetime": "2025-08-21 11:24:37", "elapsed": 9594.054855823517, "delta": 22.901366710662842}, "costs": {"total_cost": 3756.495742506941, "time_cost": 150, "final_distance_cost": 410.481417536676, "oscillation_cost": 655.0003659120803, "completition_cost": 1000.0, "overshoot_cost": 1414.3140681408297, "power_cost": 31.9054505859375, "noise_cost": 94.79444033141726, "n_waypoints_completed": 0, "tot_waypoints": 9}}
{"target": -8639.897820046308, "params": {"k_pid_pos": [1.902410626411438, 0.08329004049301147, 0.0], "k_pid_alt": [0.0801970362663269, 0.0, 0.953799307346344], "k_pid_att": [0.0, 10.0, 0.9207068085670471], "k_pid_yaw": [0.5, 1e-06, 0.1], "k_pid_hsp": [0.2965541183948517, 1.0, 1.0], "k_pid_vsp": [0.0, 400.0, 384.5414733886719]}, "datetime": {"datetime": "2025-08-21 11:25:00", "elapsed": 9617.188555002213, "delta": 23.13369917869568}, "costs": {"total_cost": 8639.897820046308, "time_cost": 150, "final_distance_cost": 1428.6926449457856, "oscillation_cost": 1991.1609890108919, "completition_cost": 1000.0, "overshoot_cost": 3929.657812179022, "power_cost": 35.53887058105469, "noise_cost": 104.84750332955483, "n_waypoints_completed": 0, "tot_waypoints": 9}}
{"target": -1753.5517513153713, "params": {"k_pid_pos": [2.0, 0.004623711109161377, 0.0], "k_pid_alt": [0.021625876426696777, 0.0, 1.0], "k_pid_att": [3.870823860168457, 10.0, 1.0], "k_pid_yaw": [0.5, 1e-06, 0.1], "k_pid_hsp": [0.3227480351924896, 0.9641469120979309, 1.0], "k_pid_vsp": [0.0, 400.0, 400.0]}, "datetime": {"datetime": "2025-08-21 11:25:23", "elapsed": 9640.050194740295, "delta": 22.861639738082886}, "costs": {"total_cost": 1753.5517513153713, "time_cost": 150, "final_distance_cost": 8.638624344792134, "oscillation_cost": 298.53976453003384, "completition_cost": 1000.0, "overshoot_cost": 215.16396855325638, "power_cost": 19.378344299316407, "noise_cost": 61.83104958797258, "n_waypoints_completed": 0, "tot_waypoints": 9}}
{"target": -10011.32856046404, "params": {"k_pid_pos": [2.0, 0.07749691605567932, 0.0], "k_pid_alt": [0.1294814944267273, 0.0, 1.0], "k_pid_att": [0.0, 9.601311683654785, 1.0], "k_pid_yaw": [0.5, 1e-06, 0.1], "k_pid_hsp": [9.999999747378752e-05, 1.0, 1.0], "k_pid_vsp": [27.1965389251709, 373.49530029296875, 394.20574951171875]}, "datetime": {"datetime": "2025-08-21 11:25:46", "elapsed": 9662.612205266953, "delta": 22.562010526657104}, "costs": {"total_cost": 10011.32856046404, "time_cost": 150, "final_distance_cost": 2948.8161080891336, "oscillation_cost": 643.372104331803, "completition_cost": 1000.0, "overshoot_cost": 5140.45140111116, "power_cost": 32.410819921875, "noise_cost": 96.27812701006746, "n_waypoints_completed": 0, "tot_waypoints": 9}}
{"target": -2196.2883755410985, "params": {"k_pid_pos": [1.9675536155700684, 0.04063054919242859, 0.04170539975166321], "k_pid_alt": [0.0, 0.040164053440093994, 1.0], "k_pid_att": [1.7804741859436035, 10.0, 0.9439889192581177], "k_pid_yaw": [0.5, 1e-06, 0.1], "k_pid_hsp": [9.999999747378752e-05, 1.0, 1.0], "k_pid_vsp": [10.356939315795898, 400.0, 400.0]}, "datetime": {"datetime": "2025-08-21 11:26:09", "elapsed": 9685.776073932648, "delta": 23.16386866569519}, "costs": {"total_cost": 2196.2883755410985, "time_cost": 150, "final_distance_cost": 105.91193405810527, "oscillation_cost": 507.15637847143785, "completition_cost": 1000.0, "overshoot_cost": 318.9383089922462, "power_cost": 28.283630505371097, "noise_cost": 85.99812351393797, "n_waypoints_completed": 0, "tot_waypoints": 9}}
{"target": -4493.621638670144, "params": {"k_pid_pos": [1.9112001657485962, 0.0, 0.04295751452445984], "k_pid_alt": [0.0, 0.0, 0.984528660774231], "k_pid_att": [0.21689832210540771, 9.572972297668457, 1.0], "k_pid_yaw": [0.5, 1e-06, 0.1], "k_pid_hsp": [0.48087218403816223, 1.0, 1.0], "k_pid_vsp": [0.0, 400.0, 387.15380859375]}, "datetime": {"datetime": "2025-08-21 11:26:32", "elapsed": 9708.773774147034, "delta": 22.997700214385986}, "costs": {"total_cost": 4493.621638670144, "time_cost": 150, "final_distance_cost": 982.8564857387973, "oscillation_cost": 1142.9479563138507, "completition_cost": 1000.0, "overshoot_cost": 1121.4926772996853, "power_cost": 20.78609774169922, "noise_cost": 75.53842157611099, "n_waypoints_completed": 0, "tot_waypoints": 9}}
{"target": -4031.8893091733617, "params": {"k_pid_pos": [1.9683557748794556, 0.0195046067237854, 0.019754499197006226], "k_pid_alt": [0.0, 0.021907031536102295, 0.965840220451355], "k_pid_att": [0.0, 10.0, 1.0], "k_pid_yaw": [0.5, 1e-06, 0.1], "k_pid_hsp": [9.999999747378752e-05, 0.9765568971633911, 1.0], "k_pid_vsp": [5.117630958557129, 397.4193420410156, 400.0]}, "datetime": {"datetime": "2025-08-21 11:26:55", "elapsed": 9731.484573602676, "delta": 22.7107994556427}, "costs": {"total_cost": 4031.8893091733617, "time_cost": 150, "final_distance_cost": 371.0068734576665, "oscillation_cost": 1308.0020455308681, "completition_cost": 1000.0, "overshoot_cost": 1079.011504340096, "power_cost": 30.5337701171875, "noise_cost": 93.33511572754341, "n_waypoints_completed": 0, "tot_waypoints": 9}}
{"target": -1631.7035957960982, "params": {"k_pid_pos": [2.0, 0.0, 0.0], "k_pid_alt": [0.16106462478637695, 0.0, 1.0], "k_pid_att": [5.341217041015625, 9.57199764251709, 0.921392023563385], "k_pid_yaw": [0.5, 1e-06, 0.1], "k_pid_hsp": [0.7221774458885193, 1.0, 0.958631157875061], "k_pid_vsp": [38.741493225097656, 393.11346435546875, 400.0]}, "datetime": {"datetime": "2025-08-21 11:27:17", "elapsed": 9754.246326446533, "delta": 22.76175284385681}, "costs": {"total_cost": 1631.7035957960982, "time_cost": 150, "final_distance_cost": 13.263791225761718, "oscillation_cost": 303.36378770027585, "completition_cost": 1000.0, "overshoot_cost": 108.32531565858034, "power_cost": 20.542405114746096, "noise_cost": 36.20829609673413, "n_waypoints_completed": 0, "tot_waypoints": 9}}
{"target": -17433.235908260398, "params": {"k_pid_pos": [2.0, 0.019522398710250854, 0.0], "k_pid_alt": [0.03615546226501465, 0.0, 0.9549388885498047], "k_pid_att": [0.0, 10.0, 0.9777559638023376], "k_pid_yaw": [0.5, 1e-06, 0.1], "k_pid_hsp": [9.999999747378752e-05, 1.0, 0.9869861602783203], "k_pid_vsp": [6.809067726135254, 400.0, 374.94989013671875]}, "datetime": {"datetime": "2025-08-21 11:27:40", "elapsed": 9776.934980154037, "delta": 22.688653707504272}, "costs": {"total_cost": 17433.235908260398, "time_cost": 150, "final_distance_cost": 4152.472455480099, "oscillation_cost": 2185.6419137004564, "completition_cost": 1000.0, "overshoot_cost": 9806.90583986696, "power_cost": 34.88826684570313, "noise_cost": 103.32743236717845, "n_waypoints_completed": 0, "tot_waypoints": 9}}
{"target": -1730.3137690218148, "params": {"k_pid_pos": [1.8176015615463257, 0.04858711361885071, 0.0], "k_pid_alt": [0.0, 0.054515689611434937, 1.0], "k_pid_att": [4.932928085327148, 10.0, 1.0], "k_pid_yaw": [0.5, 1e-06, 0.1], "k_pid_hsp": [0.05029763653874397, 1.0, 0.9718320965766907], "k_pid_vsp": [28.281259536743164, 383.8824157714844, 400.0]}, "datetime": {"datetime": "2025-08-21 11:28:03", "elapsed": 9799.530079126358, "delta": 22.595098972320557}, "costs": {"total_cost": 1730.3137690218148, "time_cost": 150, "final_distance_cost": 64.10693146401529, "oscillation_cost": 217.97503262193507, "completition_cost": 1000.0, "overshoot_cost": 258.7578287010182, "power_cost": 21.867055334472656, "noise_cost": 17.606920900373325, "n_waypoints_completed": 0, "tot_waypoints": 9}}
{"target": -3988.7910665339678, "params": {"k_pid_pos": [2.0, 0.0, 0.0], "k_pid_alt": [0.05858254432678223, 0.006087571382522583, 1.0], "k_pid_att": [0.0, 9.972644805908203, 1.0], "k_pid_yaw": [0.5, 1e-06, 0.1], "k_pid_hsp": [9.999999747378752e-05, 0.9847963452339172, 0.9606893062591553], "k_pid_vsp": [25.355148315429688, 399.61395263671875, 400.0]}, "datetime": {"datetime": "2025-08-21 11:28:26", "elapsed": 9822.719726800919, "delta": 23.189647674560547}, "costs": {"total_cost": 3988.7910665339678, "time_cost": 150, "final_distance_cost": 469.9243488470046, "oscillation_cost": 1003.2666315775101, "completition_cost": 1000.0, "overshoot_cost": 1237.9584160588515, "power_cost": 31.79537760009766, "noise_cost": 95.84629245050365, "n_waypoints_completed": 0, "tot_waypoints": 9}}
{"target": -4401.076503683549, "params": {"k_pid_pos": [2.0, 0.0, 0.0], "k_pid_alt": [0.0, 0.12984195351600647, 0.9901065826416016], "k_pid_att": [0.0, 10.0, 1.0], "k_pid_yaw": [0.5, 1e-06, 0.1], "k_pid_hsp": [9.999999747378752e-05, 1.0, 0.9885438680648804], "k_pid_vsp": [0.0, 400.0, 382.9593811035156]}, "datetime": {"datetime": "2025-08-21 11:28:49", "elapsed": 9845.647650003433, "delta": 22.92792320251465}, "costs": {"total_cost": 4401.076503683549, "time_cost": 150, "final_distance_cost": 615.8710566713648, "oscillation_cost": 1055.33836183742, "completition_cost": 1000.0, "overshoot_cost": 1455.9610723828498, "power_cost": 30.765857482910157, "noise_cost": 93.14015530900463, "n_waypoints_completed": 0, "tot_waypoints": 9}}
{"target": -9620.948200670045, "params": {"k_pid_pos": [1.8652620315551758, 0.0, 0.028451144695281982], "k_pid_alt": [0.21424639225006104, 0.03729206323623657, 0.9614303112030029], "k_pid_att": [0.0, 10.0, 1.0], "k_pid_yaw": [0.5, 1e-06, 0.1], "k_pid_hsp": [0.033908311277627945, 0.9731751680374146, 1.0], "k_pid_vsp": [0.0, 400.0, 400.0]}, "datetime": {"datetime": "2025-08-21 11:29:12", "elapsed": 9869.072407960892, "delta": 23.424757957458496}, "costs": {"total_cost": 9620.948200670045, "time_cost": 150, "final_distance_cost": 2675.778468061782, "oscillation_cost": 1917.58048750525, "completition_cost": 1000.0, "overshoot_cost": 3745.708357264743, "power_cost": 32.79332615966797, "noise_cost": 99.08756167860297, "n_waypoints_completed": 0, "tot_waypoints": 9}}
{"target": -2097.643390516816, "params": {"k_pid_pos": [2.0, 0.01902240514755249, 0.0], "k_pid_alt": [0.0632447600364685, 0.027057677507400513, 1.0], "k_pid_att": [4.3802289962768555, 10.0, 1.0], "k_pid_yaw": [0.5, 1e-06, 0.1], "k_pid_hsp": [9.999999747378752e-05, 0.9369131326675415, 0.9685019850730896], "k_pid_vsp": [0.0, 400.0, 381.5738525390625]}, "datetime": {"datetime": "2025-08-21 11:29:35", "elapsed": 9892.444591522217, "delta": 23.372183561325073}, "costs": {"total_cost": 2097.643390516816, "time_cost": 150, "final_distance_cost": 272.956031658611, "oscillation_cost": 218.4166560887128, "completition_cost": 1000.0, "overshoot_cost": 414.11863023394335, "power_cost": 17.24243280029297, "noise_cost": 24.909639735255915, "n_waypoints_completed": 0, "tot_waypoints": 9}}
{"target": -9095.548044533622, "params": {"k_pid_pos": [1.845147728919983, 0.0, 0.0], "k_pid_alt": [0.0, 0.00015091896057128906, 1.0], "k_pid_att": [0.0, 10.0, 1.0], "k_pid_yaw": [0.5, 1e-06, 0.1], "k_pid_hsp": [9.999999747378752e-05, 1.0, 0.9579925537109375], "k_pid_vsp": [0.0, 400.0, 400.0]}, "datetime": {"datetime": "2025-08-21 11:29:59", "elapsed": 9915.984504699707, "delta": 23.539913177490234}, "costs": {"total_cost": 9095.548044533622, "time_cost": 150, "final_distance_cost": 2565.348429726957, "oscillation_cost": 646.5039992203012, "completition_cost": 1000.0, "overshoot_cost": 4598.959647825071, "power_cost": 33.895979711914066, "noise_cost": 100.83998804937761, "n_waypoints_completed": 0, "tot_waypoints": 9}}
{"target": -11056.453496118329, "params": {"k_pid_pos": [1.8531813621520996, 0.039559125900268555, 0.016546666622161865], "k_pid_alt": [0.07411420345306396, 0.0, 0.9494664669036865], "k_pid_att": [0.0, 9.837148666381836, 0.9557872414588928], "k_pid_yaw": [0.5, 1e-06, 0.1], "k_pid_hsp": [0.1230020597577095, 0.9647969603538513, 1.0], "k_pid_vsp": [0.0, 397.3393859863281, 354.477294921875]}, "datetime": {"datetime": "2025-08-21 11:30:22", "elapsed": 9938.995747566223, "delta": 23.011242866516113}, "costs": {"total_cost": 11056.453496118329, "time_cost": 150, "final_distance_cost": 3760.5016525503274, "oscillation_cost": 2021.2392388343992, "completition_cost": 1000.0, "overshoot_cost": 3991.641533919127, "power_cost": 33.14572672119141, "noise_cost": 99.92534409328293, "n_waypoints_completed": 0, "tot_waypoints": 9}}
{"target": -1642.4811117744482, "params": {"k_pid_pos": [1.8560693264007568, 0.0, 0.0], "k_pid_alt": [0.0, 0.0, 0.977562427520752], "k_pid_att": [4.713940620422363, 10.0, 0.942842423915863], "k_pid_yaw": [0.5, 1e-06, 0.1], "k_pid_hsp": [0.682144045829773, 1.0, 1.0], "k_pid_vsp": [7.128381729125977, 400.0, 400.0]}, "datetime": {"datetime": "2025-08-21 11:30:45", "elapsed": 9962.041186094284, "delta": 23.045438528060913}, "costs": {"total_cost": 1642.4811117744482, "time_cost": 150, "final_distance_cost": 2.3357286708061205, "oscillation_cost": 297.6142930720553, "completition_cost": 1000.0, "overshoot_cost": 120.78771185347034, "power_cost": 23.22908845214844, "noise_cost": 48.514289725967664, "n_waypoints_completed": 0, "tot_waypoints": 9}}
{"target": -2799.019613010625, "params": {"k_pid_pos": [2.0, 0.10718485713005066, 0.053065747022628784], "k_pid_alt": [0.1637524962425232, 0.0006602108478546143, 1.0], "k_pid_att": [0.0, 10.0, 0.9749210476875305], "k_pid_yaw": [0.5, 1e-06, 0.1], "k_pid_hsp": [0.0075856721960008144, 1.0, 1.0], "k_pid_vsp": [0.0, 400.0, 400.0]}, "datetime": {"datetime": "2025-08-21 11:31:09", "elapsed": 9986.301290750504, "delta": 24.260104656219482}, "costs": {"total_cost": 2799.019613010625, "time_cost": 150, "final_distance_cost": 181.5342356707056, "oscillation_cost": 899.9297053405891, "completition_cost": 1000.0, "overshoot_cost": 440.0129255261982, "power_cost": 31.714169262695314, "noise_cost": 95.82857721043743, "n_waypoints_completed": 0, "tot_waypoints": 9}}
{"target": -5995.021710118346, "params": {"k_pid_pos": [2.0, 0.0, 0.0], "k_pid_alt": [0.0, 0.01617276668548584, 0.9651802778244019], "k_pid_att": [0.8443623781204224, 9.825200080871582, 1.0], "k_pid_yaw": [0.5, 1e-06, 0.1], "k_pid_hsp": [0.5464462041854858, 1.0, 0.9764280319213867], "k_pid_vsp": [0.0, 379.4476623535156, 400.0]}, "datetime": {"datetime": "2025-08-21 11:31:33", "elapsed": 10009.537479877472, "delta": 23.236189126968384}, "costs": {"total_cost": 5995.021710118346, "time_cost": 150, "final_distance_cost": 1631.9244742075043, "oscillation_cost": 633.2755688548455, "completition_cost": 1000.0, "overshoot_cost": 2459.724101514192, "power_cost": 30.149068579101563, "noise_cost": 89.94849696270315, "n_waypoints_completed": 0, "tot_waypoints": 9}}
{"target": -10191.590952050812, "params": {"k_pid_pos": [2.0, 0.0, 0.0654062032699585], "k_pid_alt": [0.03176140785217285, 0.1395115852355957, 0.9577093124389648], "k_pid_att": [0.0, 10.0, 0.9668700695037842], "k_pid_yaw": [0.5, 1e-06, 0.1], "k_pid_hsp": [0.9135550260543823, 0.9396601915359497, 0.9720813035964966], "k_pid_vsp": [0.0, 392.342529296875, 400.0]}, "datetime": {"datetime": "2025-08-21 11:31:55", "elapsed": 10032.125929117203, "delta": 22.588449239730835}, "costs": {"total_cost": 10191.590952050812, "time_cost": 150, "final_distance_cost": 2191.3745694218424, "oscillation_cost": 1534.268308930526, "completition_cost": 1000.0, "overshoot_cost": 5179.815942284389, "power_cost": 34.314923242187504, "noise_cost": 101.81720817186677, "n_waypoints_completed": 0, "tot_waypoints": 9}}
{"target": -18919.43179945098, "params": {"k_pid_pos": [1.9833589792251587, 0.0, 0.02035537362098694], "k_pid_alt": [0.1635221242904663, 0.0, 0.9985963106155396], "k_pid_att": [0.0, 10.0, 0.957984209060669], "k_pid_yaw": [0.5, 1e-06, 0.1], "k_pid_hsp": [9.999999747378752e-05, 1.0, 0.98099684715271], "k_pid_vsp": [4.208540916442871, 365.5461730957031, 400.0]}, "datetime": {"datetime": "2025-08-21 11:32:18", "elapsed": 10054.923875808716, "delta": 22.79794669151306}, "costs": {"total_cost": 18919.43179945098, "time_cost": 150, "final_distance_cost": 6051.290480690303, "oscillation_cost": 2209.174438468728, "completition_cost": 1000.0, "overshoot_cost": 9372.27997363381, "power_cost": 34.408361376953124, "noise_cost": 102.27854528118408, "n_waypoints_completed": 0, "tot_waypoints": 9}}
{"target": -1646.7820532691458, "params": {"k_pid_pos": [1.949279546737671, 0.0, 0.0], "k_pid_alt": [0.06617492437362671, 0.0, 1.0], "k_pid_att": [6.868666648864746, 9.30516529083252, 1.0], "k_pid_yaw": [0.5, 1e-06, 0.1], "k_pid_hsp": [9.999999747378752e-05, 1.0, 1.0], "k_pid_vsp": [4.862785339355469, 400.0, 400.0]}, "datetime": {"datetime": "2025-08-21 11:32:41", "elapsed": 10077.939384937286, "delta": 23.015509128570557}, "costs": {"total_cost": 1646.7820532691458, "time_cost": 150, "final_distance_cost": 94.27807087489523, "oscillation_cost": 206.89235141545066, "completition_cost": 1000.0, "overshoot_cost": 155.26000964480332, "power_cost": 19.409655041503907, "noise_cost": 20.94196629249262, "n_waypoints_completed": 0, "tot_waypoints": 9}}
{"target": -1694.4420772122646, "params": {"k_pid_pos": [2.0, 0.0, 0.0], "k_pid_alt": [0.04568314552307129, 0.027054518461227417, 0.9381378889083862], "k_pid_att": [4.183382034301758, 9.721419334411621, 0.9788826704025269], "k_pid_yaw": [0.5, 1e-06, 0.1], "k_pid_hsp": [0.6144917011260986, 1.0, 1.0], "k_pid_vsp": [0.0, 395.3526611328125, 400.0]}, "datetime": {"datetime": "2025-08-21 11:33:04", "elapsed": 10100.753416776657, "delta": 22.814031839370728}, "costs": {"total_cost": 1694.4420772122646, "time_cost": 150, "final_distance_cost": 24.058240648668246, "oscillation_cost": 292.0893389661988, "completition_cost": 1000.0, "overshoot_cost": 149.654357614429, "power_cost": 19.923819555664064, "noise_cost": 58.7163204273044, "n_waypoints_completed": 0, "tot_waypoints": 9}}
{"target": -13131.016296395625, "params": {"k_pid_pos": [1.9534878730773926, 0.04989543557167053, 0.0], "k_pid_alt": [0.06335479021072388, 0.0, 1.0], "k_pid_att": [0.0, 9.816802024841309, 1.0], "k_pid_yaw": [0.5, 1e-06, 0.1], "k_pid_hsp": [9.999999747378752e-05, 0.9463028907775879, 0.9848592281341553], "k_pid_vsp": [2.5980472564697266, 400.0, 388.2522888183594]}, "datetime": {"datetime": "2025-08-21 11:33:27", "elapsed": 10123.930189609528, "delta": 23.176772832870483}, "costs": {"total_cost": 13131.016296395625, "time_cost": 150, "final_distance_cost": 3752.4614936755083, "oscillation_cost": 1455.9709295538846, "completition_cost": 1000.0, "overshoot_cost": 6635.825702876208, "power_cost": 34.62645927734375, "noise_cost": 102.13171101268075, "n_waypoints_completed": 0, "tot_waypoints": 9}}
{"target": -1667.0797700348267, "params": {"k_pid_pos": [1.9867758750915527, 0.0, 0.0], "k_pid_alt": [0.0, 0.056430548429489136, 0.9635522961616516], "k_pid_att": [3.522026538848877, 9.745039939880371, 1.0], "k_pid_yaw": [0.5, 1e-06, 0.1], "k_pid_hsp": [0.3125467896461487, 1.0, 1.0], "k_pid_vsp": [44.77256393432617, 400.0, 389.63519287109375]}, "datetime": {"datetime": "2025-08-21 11:33:50", "elapsed": 10146.845575094223, "delta": 22.915385484695435}, "costs": {"total_cost": 1667.0797700348267, "time_cost": 150, "final_distance_cost": 38.714428934829016, "oscillation_cost": 341.63353132849846, "completition_cost": 1000.0, "overshoot_cost": 80.22757958154746, "power_cost": 21.998345153808597, "noise_cost": 34.50588503614336, "n_waypoints_completed": 0, "tot_waypoints": 9}}
{"target": -4998.169587438986, "params": {"k_pid_pos": [1.8819477558135986, 0.01871877908706665, 0.0], "k_pid_alt": [0.0, 0.009219199419021606, 1.0], "k_pid_att": [0.0, 9.258102416992188, 1.0], "k_pid_yaw": [0.5, 1e-06, 0.1], "k_pid_hsp": [0.15156491100788116, 0.9831299781799316, 0.9968602061271667], "k_pid_vsp": [0.0, 400.0, 375.232177734375]}, "datetime": {"datetime": "2025-08-21 11:34:13", "elapsed": 10170.317062854767, "delta": 23.471487760543823}, "costs": {"total_cost": 4998.169587438986, "time_cost": 150, "final_distance_cost": 635.1609313255178, "oscillation_cost": 1814.7442221328602, "completition_cost": 1000.0, "overshoot_cost": 1261.430423797881, "power_cost": 34.46435457763672, "noise_cost": 102.3696556050901, "n_waypoints_completed": 0, "tot_waypoints": 9}}
{"target": -15221.801481218821, "params": {"k_pid_pos": [2.0, 0.009426742792129517, 0.0], "k_pid_alt": [0.03011423349380493, 0.0, 0.9703348875045776], "k_pid_att": [0.0, 10.0, 0.9575589299201965], "k_pid_yaw": [0.5, 1e-06, 0.1], "k_pid_hsp": [1.0733343362808228, 1.0, 0.9845128059387207], "k_pid_vsp": [0.0, 400.0, 395.0097351074219]}, "datetime": {"datetime": "2025-08-21 11:34:36", "elapsed": 10193.11555981636, "delta": 22.798496961593628}, "costs": {"total_cost": 15221.801481218821, "time_cost": 150, "final_distance_cost": 4921.761676635628, "oscillation_cost": 2300.5828908123763, "completition_cost": 1000.0, "overshoot_cost": 6711.8522194986, "power_cost": 34.62848472900391, "noise_cost": 102.9762095432122, "n_waypoints_completed": 0, "tot_waypoints": 9}}
{"target": -1687.7662016234724, "params": {"k_pid_pos": [1.9354095458984375, 0.0, 0.0], "k_pid_alt": [0.0, 0.0, 0.9987066388130188], "k_pid_att": [5.076688766479492, 9.619889259338379, 1.0], "k_pid_yaw": [0.5, 1e-06, 0.1], "k_pid_hsp": [9.999999747378752e-05, 0.9427905082702637, 1.0], "k_pid_vsp": [0.0, 394.8803405761719, 400.0]}, "datetime": {"datetime": "2025-08-21 11:34:59", "elapsed": 10216.173676729202, "delta": 23.058116912841797}, "costs": {"total_cost": 1687.7662016234724, "time_cost": 150, "final_distance_cost": 16.877752092528283, "oscillation_cost": 285.8404994752701, "completition_cost": 1000.0, "overshoot_cost": 165.91286976801226, "power_cost": 12.46707470703125, "noise_cost": 56.66800558063026, "n_waypoints_completed": 0, "tot_waypoints": 9}}
