{"target": -8952.150121997203, "params": {"k_pid_pos": [1.994227409362793, 0.0, 0.0], "k_pid_alt": [0.044521212577819824, 0.020871132612228394, 1.0], "k_pid_att": [0.0, 9.651799201965332, 1.0], "k_pid_yaw": [0.5, 1e-06, 0.1], "k_pid_hsp": [0.08636464178562164, 1.0, 0.9663253426551819], "k_pid_vsp": [0.0, 400.0, 400.0]}, "datetime": {"datetime": "2025-08-22 01:30:27", "elapsed": 60344.01361036301, "delta": 21.25278329849243}, "costs": {"total_cost": 8952.150121997203, "time_cost": 150, "final_distance_cost": 2552.092017915592, "oscillation_cost": 2077.066260442857, "completition_cost": 1000.0, "overshoot_cost": 3034.449202447185, "power_cost": 34.95855246582031, "noise_cost": 103.5840887257483, "n_waypoints_completed": 0, "tot_waypoints": 9}}
{"target": -13403.097962469463, "params": {"k_pid_pos": [1.8119333982467651, 0.0, 0.0], "k_pid_alt": [0.0, 0.1002974808216095, 1.0], "k_pid_att": [0.0, 9.386488914489746, 0.9673300981521606], "k_pid_yaw": [0.5, 1e-06, 0.1], "k_pid_hsp": [9.999999747378752e-05, 1.0, 0.9258289933204651], "k_pid_vsp": [27.937889099121094, 394.01348876953125, 400.0]}, "datetime": {"datetime": "2025-08-22 01:30:49", "elapsed": 60366.21786594391, "delta": 22.2042555809021}, "costs": {"total_cost": 13403.097962469463, "time_cost": 150, "final_distance_cost": 4064.729417506577, "oscillation_cost": 1802.623738924677, "completition_cost": 1000.0, "overshoot_cost": 6251.225239540657, "power_cost": 33.903665100097655, "noise_cost": 100.61590139745431, "n_waypoints_completed": 0, "tot_waypoints": 9}}
{"target": -1971.014571318665, "params": {"k_pid_pos": [1.8151683807373047, 0.0286005437374115, 0.03550165891647339], "k_pid_alt": [0.04823875427246094, 0.0, 1.0], "k_pid_att": [7.199248790740967, 9.500141143798828, 0.967056155204773], "k_pid_yaw": [0.5, 1e-06, 0.1], "k_pid_hsp": [9.999999747378752e-05, 0.9151831269264221, 1.0], "k_pid_vsp": [25.825178146362305, 400.0, 374.0086975097656]}, "datetime": {"datetime": "2025-08-22 01:31:11", "elapsed": 60387.57241201401, "delta": 21.354546070098877}, "costs": {"total_cost": 1971.014571318665, "time_cost": 150, "final_distance_cost": 300.5325337334754, "oscillation_cost": 195.7652416391019, "completition_cost": 1000.0, "overshoot_cost": 280.52351928229234, "power_cost": 21.41004647216797, "noise_cost": 22.78323019162731, "n_waypoints_completed": 0, "tot_waypoints": 9}}
{"target": -2530.887532383724, "params": {"k_pid_pos": [2.0, 0.05818355083465576, 0.01870998740196228], "k_pid_alt": [0.0, 0.0, 0.9251441359519958], "k_pid_att": [3.785717487335205, 10.0, 1.0], "k_pid_yaw": [0.5, 1e-06, 0.1], "k_pid_hsp": [9.999999747378752e-05, 0.9030919671058655, 1.0], "k_pid_vsp": [10.195625305175781, 400.0, 400.0]}, "datetime": {"datetime": "2025-08-22 01:31:32", "elapsed": 60409.18382000923, "delta": 21.611407995224}, "costs": {"total_cost": 2530.887532383724, "time_cost": 150, "final_distance_cost": 280.8612345049371, "oscillation_cost": 296.34776317756535, "completition_cost": 1000.0, "overshoot_cost": 762.2674134752259, "power_cost": 20.83015428466797, "noise_cost": 20.580966941328082, "n_waypoints_completed": 0, "tot_waypoints": 9}}
{"target": -1681.0735318566467, "params": {"k_pid_pos": [2.0, 0.024915426969528198, 0.0881771445274353], "k_pid_alt": [0.11616742610931396, 0.0, 1.0], "k_pid_att": [3.8800835609436035, 10.0, 0.9986300468444824], "k_pid_yaw": [0.5, 1e-06, 0.1], "k_pid_hsp": [0.32438355684280396, 1.0, 0.9223413467407227], "k_pid_vsp": [16.804336547851562, 398.93316650390625, 400.0]}, "datetime": {"datetime": "2025-08-22 01:31:53", "elapsed": 60430.44231390953, "delta": 21.258493900299072}, "costs": {"total_cost": 1681.0735318566467, "time_cost": 150, "final_distance_cost": 4.103417798356277, "oscillation_cost": 322.69547637538597, "completition_cost": 1000.0, "overshoot_cost": 119.9728819269035, "power_cost": 26.547615795898437, "noise_cost": 57.754139960102556, "n_waypoints_completed": 0, "tot_waypoints": 9}}
{"target": -5760.464060314702, "params": {"k_pid_pos": [1.996062159538269, 0.005809366703033447, 0.020769715309143066], "k_pid_alt": [0.021572232246398926, 0.0, 1.0], "k_pid_att": [0.0, 9.536873817443848, 1.0], "k_pid_yaw": [0.5, 1e-06, 0.1], "k_pid_hsp": [0.4830680191516876, 0.9869016408920288, 0.9490649700164795], "k_pid_vsp": [4.160964488983154, 400.0, 384.9337158203125]}, "datetime": {"datetime": "2025-08-22 01:32:16", "elapsed": 60452.84821867943, "delta": 22.40590476989746}, "costs": {"total_cost": 5760.464060314702, "time_cost": 150, "final_distance_cost": 1167.5623345411893, "oscillation_cost": 1423.7144985396944, "completition_cost": 1000.0, "overshoot_cost": 1879.8765041972604, "power_cost": 35.28527305908203, "noise_cost": 104.02544997747565, "n_waypoints_completed": 0, "tot_waypoints": 9}}
{"target": -6021.919832101192, "params": {"k_pid_pos": [2.0, 0.0, 0.02437010407447815], "k_pid_alt": [0.0, 0.009934842586517334, 1.0], "k_pid_att": [0.0, 9.925737380981445, 0.9617339372634888], "k_pid_yaw": [0.5, 1e-06, 0.1], "k_pid_hsp": [0.4046243131160736, 0.9742687940597534, 0.9515496492385864], "k_pid_vsp": [3.506755828857422, 400.0, 400.0]}, "datetime": {"datetime": "2025-08-22 01:32:39", "elapsed": 60475.88982009888, "delta": 23.041601419448853}, "costs": {"total_cost": 6021.919832101192, "time_cost": 150, "final_distance_cost": 1052.6677746518196, "oscillation_cost": 2179.455006036411, "completition_cost": 1000.0, "overshoot_cost": 1517.2763837452005, "power_cost": 29.558485217285156, "noise_cost": 92.96218245047534, "n_waypoints_completed": 0, "tot_waypoints": 9}}
{"target": -7438.725304483595, "params": {"k_pid_pos": [1.9173916578292847, 0.0433468222618103, 0.032853931188583374], "k_pid_alt": [0.0, 0.0, 0.9010899662971497], "k_pid_att": [0.0, 9.869140625, 0.9793779253959656], "k_pid_yaw": [0.5, 1e-06, 0.1], "k_pid_hsp": [9.999999747378752e-05, 1.0, 1.0], "k_pid_vsp": [0.0, 400.0, 400.0]}, "datetime": {"datetime": "2025-08-22 01:33:00", "elapsed": 60497.3231818676, "delta": 21.433361768722534}, "costs": {"total_cost": 7438.725304483595, "time_cost": 150, "final_distance_cost": 1694.0715507792406, "oscillation_cost": 868.4532334516502, "completition_cost": 1000.0, "overshoot_cost": 3636.8963818728403, "power_cost": 18.20310009765625, "noise_cost": 71.10103828220778, "n_waypoints_completed": 0, "tot_waypoints": 9}}
{"target": -3934.481629217378, "params": {"k_pid_pos": [2.0, 0.0, 0.0], "k_pid_alt": [0.10741215944290161, 0.07280179858207703, 1.0], "k_pid_att": [0.0, 10.0, 1.0], "k_pid_yaw": [0.5, 1e-06, 0.1], "k_pid_hsp": [9.999999747378752e-05, 1.0, 0.9958000183105469], "k_pid_vsp": [0.0, 400.0, 400.0]}, "datetime": {"datetime": "2025-08-22 01:33:24", "elapsed": 60521.38559794426, "delta": 24.062416076660156}, "costs": {"total_cost": 3934.481629217378, "time_cost": 150, "final_distance_cost": 384.74382917107084, "oscillation_cost": 1219.0516395144323, "completition_cost": 1000.0, "overshoot_cost": 1052.2686407181156, "power_cost": 31.98191745605469, "noise_cost": 96.43560235770421, "n_waypoints_completed": 0, "tot_waypoints": 9}}
{"target": -2561.918675030629, "params": {"k_pid_pos": [1.951570987701416, 0.0, 0.07868564128875732], "k_pid_alt": [0.06995552778244019, 0.008412539958953857, 0.9434341192245483], "k_pid_att": [3.231558322906494, 9.479158401489258, 0.9715629816055298], "k_pid_yaw": [0.5, 1e-06, 0.1], "k_pid_hsp": [0.7824961543083191, 1.0, 1.0], "k_pid_vsp": [40.762855529785156, 400.0, 369.7566223144531]}, "datetime": {"datetime": "2025-08-22 01:33:45", "elapsed": 60541.522986888885, "delta": 20.137388944625854}, "costs": {"total_cost": 2561.918675030629, "time_cost": 150, "final_distance_cost": 512.0780618749012, "oscillation_cost": 159.67061643216542, "completition_cost": 1000.0, "overshoot_cost": 706.5789129850492, "power_cost": 16.208110278320312, "noise_cost": 17.382973460192492, "n_waypoints_completed": 0, "tot_waypoints": 9}}
{"target": -1718.5258346778567, "params": {"k_pid_pos": [2.0, 0.01853671669960022, 0.0], "k_pid_alt": [0.0, 0.0, 0.9936821460723877], "k_pid_att": [2.8137712478637695, 9.683863639831543, 1.0], "k_pid_yaw": [0.5, 1e-06, 0.1], "k_pid_hsp": [0.26416170597076416, 0.8629685640335083, 0.9992903470993042], "k_pid_vsp": [0.0, 347.6910095214844, 400.0]}, "datetime": {"datetime": "2025-08-22 01:34:08", "elapsed": 60564.81104063988, "delta": 23.28805375099182}, "costs": {"total_cost": 1718.5258346778567, "time_cost": 150, "final_distance_cost": 1.0556796716728574, "oscillation_cost": 347.75858328096064, "completition_cost": 1000.0, "overshoot_cost": 135.97489967326408, "power_cost": 16.725403967285157, "noise_cost": 67.0112680846742, "n_waypoints_completed": 0, "tot_waypoints": 9}}
{"target": -1797.6520360041825, "params": {"k_pid_pos": [1.9571129083633423, 0.0, 0.0], "k_pid_alt": [0.0, 0.012837380170822144, 0.9983246326446533], "k_pid_att": [3.2297849655151367, 10.0, 0.9350976347923279], "k_pid_yaw": [0.5, 1e-06, 0.1], "k_pid_hsp": [1.0808850526809692, 0.9871159791946411, 0.980188250541687], "k_pid_vsp": [13.025617599487305, 400.0, 389.886962890625]}, "datetime": {"datetime": "2025-08-22 01:34:29", "elapsed": 60585.534569978714, "delta": 20.72352933883667}, "costs": {"total_cost": 1797.6520360041825, "time_cost": 150, "final_distance_cost": 29.785348227154017, "oscillation_cost": 335.80145412080907, "completition_cost": 1000.0, "overshoot_cost": 187.67235503497312, "power_cost": 22.791159509277346, "noise_cost": 71.6017191119687, "n_waypoints_completed": 0, "tot_waypoints": 9}}
{"target": -2536.5177659184524, "params": {"k_pid_pos": [2.0, 0.010664701461791992, 0.0], "k_pid_alt": [0.0, 0.01496383547782898, 1.0], "k_pid_att": [0.7916569709777832, 9.873924255371094, 0.9852928519248962], "k_pid_yaw": [0.5, 1e-06, 0.1], "k_pid_hsp": [9.999999747378752e-05, 1.0, 1.0], "k_pid_vsp": [16.992591857910156, 396.7002258300781, 400.0]}, "datetime": {"datetime": "2025-08-22 01:34:52", "elapsed": 60608.472289562225, "delta": 22.937719583511353}, "costs": {"total_cost": 2536.5177659184524, "time_cost": 150, "final_distance_cost": 217.71082623774984, "oscillation_cost": 787.3665164190357, "completition_cost": 1000.0, "overshoot_cost": 259.2319169641336, "power_cost": 30.46291453857422, "noise_cost": 91.74559175895882, "n_waypoints_completed": 0, "tot_waypoints": 9}}
{"target": -8863.98961411013, "params": {"k_pid_pos": [2.0, 0.008229821920394897, 0.0], "k_pid_alt": [0.0, 0.011839419603347778, 0.8617730736732483], "k_pid_att": [0.0, 9.920830726623535, 1.0], "k_pid_yaw": [0.5, 1e-06, 0.1], "k_pid_hsp": [9.999999747378752e-05, 1.0, 1.0], "k_pid_vsp": [6.810653209686279, 400.0, 376.5479431152344]}, "datetime": {"datetime": "2025-08-22 01:35:12", "elapsed": 60628.56767129898, "delta": 20.09538173675537}, "costs": {"total_cost": 8863.98961411013, "time_cost": 150, "final_distance_cost": 2462.5363624862275, "oscillation_cost": 740.142506075635, "completition_cost": 1000.0, "overshoot_cost": 4379.320955003443, "power_cost": 33.443861096191405, "noise_cost": 98.54592944863438, "n_waypoints_completed": 0, "tot_waypoints": 9}}
{"target": -8358.72254959966, "params": {"k_pid_pos": [1.91176176071167, 0.04148218035697937, 0.0], "k_pid_alt": [0.01792508363723755, 0.026399314403533936, 1.0], "k_pid_att": [0.0, 9.910764694213867, 1.0], "k_pid_yaw": [0.5, 1e-06, 0.1], "k_pid_hsp": [0.12435000389814377, 0.9932742118835449, 0.998960018157959], "k_pid_vsp": [0.0, 393.4012756347656, 400.0]}, "datetime": {"datetime": "2025-08-22 01:35:34", "elapsed": 60650.82300591469, "delta": 22.255334615707397}, "costs": {"total_cost": 8358.72254959966, "time_cost": 150, "final_distance_cost": 1485.621301854207, "oscillation_cost": 2289.5376753612686, "completition_cost": 1000.0, "overshoot_cost": 3310.2961660183687, "power_cost": 29.786476623535158, "noise_cost": 93.48092974228109, "n_waypoints_completed": 0, "tot_waypoints": 9}}
{"target": -19864.477822047025, "params": {"k_pid_pos": [2.0, 0.0, 0.0], "k_pid_alt": [0.020372331142425537, 0.032354921102523804, 0.9764974117279053], "k_pid_att": [0.0, 10.0, 1.0], "k_pid_yaw": [0.5, 1e-06, 0.1], "k_pid_hsp": [9.999999747378752e-05, 1.0, 0.9953657388687134], "k_pid_vsp": [22.261953353881836, 398.30670166015625, 398.89031982421875]}, "datetime": {"datetime": "2025-08-22 01:35:54", "elapsed": 60670.95895051956, "delta": 20.135944604873657}, "costs": {"total_cost": 19864.477822047025, "time_cost": 150, "final_distance_cost": 5430.817546699586, "oscillation_cost": 2082.071649537763, "completition_cost": 1000.0, "overshoot_cost": 11064.559175502367, "power_cost": 34.55946229248047, "noise_cost": 102.46998801482916, "n_waypoints_completed": 0, "tot_waypoints": 9}}
{"target": -4135.1897714661445, "params": {"k_pid_pos": [2.0, 0.0, 0.0], "k_pid_alt": [0.0, 0.07210272550582886, 1.0], "k_pid_att": [0.0, 9.589696884155273, 0.9412410259246826], "k_pid_yaw": [0.5, 1e-06, 0.1], "k_pid_hsp": [9.999999747378752e-05, 0.8769634366035461, 0.9799473285675049], "k_pid_vsp": [1.6627788543701172, 379.8291015625, 400.0]}, "datetime": {"datetime": "2025-08-22 01:36:17", "elapsed": 60694.23667573929, "delta": 23.277725219726562}, "costs": {"total_cost": 4135.1897714661445, "time_cost": 150, "final_distance_cost": 530.9858770977821, "oscillation_cost": 1152.8274874692086, "completition_cost": 1000.0, "overshoot_cost": 1175.5443269999655, "power_cost": 31.14310622558594, "noise_cost": 94.6889736736023, "n_waypoints_completed": 0, "tot_waypoints": 9}}
{"target": -1707.4832801078642, "params": {"k_pid_pos": [2.0, 0.0, 0.037244975566864014], "k_pid_alt": [0.1147262454032898, 0.015616297721862793, 1.0], "k_pid_att": [6.165578842163086, 9.307565689086914, 0.9297366142272949], "k_pid_yaw": [0.5, 1e-06, 0.1], "k_pid_hsp": [9.999999747378752e-05, 0.9889439940452576, 0.9527997970581055], "k_pid_vsp": [0.0, 400.0, 392.8883361816406]}, "datetime": {"datetime": "2025-08-22 01:36:37", "elapsed": 60714.45780444145, "delta": 20.221128702163696}, "costs": {"total_cost": 1707.4832801078642, "time_cost": 150, "final_distance_cost": 22.667203399668942, "oscillation_cost": 291.8807879832016, "completition_cost": 1000.0, "overshoot_cost": 151.33571804854245, "power_cost": 22.042554528808594, "noise_cost": 69.55701614764264, "n_waypoints_completed": 0, "tot_waypoints": 9}}
{"target": -5735.553051432056, "params": {"k_pid_pos": [2.0, 0.0, 0.0], "k_pid_alt": [0.07010984420776367, 0.028911679983139038, 1.0], "k_pid_att": [0.0, 10.0, 1.0], "k_pid_yaw": [0.5, 1e-06, 0.1], "k_pid_hsp": [9.999999747378752e-05, 0.9668377637863159, 1.0], "k_pid_vsp": [0.0, 400.0, 400.0]}, "datetime": {"datetime": "2025-08-22 01:37:00", "elapsed": 60737.305834293365, "delta": 22.848029851913452}, "costs": {"total_cost": 5735.553051432056, "time_cost": 150, "final_distance_cost": 1021.5245503697925, "oscillation_cost": 1173.3215504201005, "completition_cost": 1000.0, "overshoot_cost": 2264.0516842603697, "power_cost": 31.396311682128907, "noise_cost": 95.25895469966413, "n_waypoints_completed": 0, "tot_waypoints": 9}}
{"target": -4107.874563106057, "params": {"k_pid_pos": [2.0, 0.034991949796676636, 0.047157108783721924], "k_pid_alt": [0.0, 0.0, 1.0], "k_pid_att": [0.0, 9.179794311523438, 0.886560320854187], "k_pid_yaw": [0.5, 1e-06, 0.1], "k_pid_hsp": [0.47702476382255554, 0.9417977333068848, 0.9890475273132324], "k_pid_vsp": [0.0, 358.9912414550781, 400.0]}, "datetime": {"datetime": "2025-08-22 01:37:21", "elapsed": 60757.57477593422, "delta": 20.268941640853882}, "costs": {"total_cost": 4107.874563106057, "time_cost": 150, "final_distance_cost": 268.0014626252723, "oscillation_cost": 1831.2654062699273, "completition_cost": 1000.0, "overshoot_cost": 747.1591458219835, "power_cost": 24.90639283447266, "noise_cost": 86.54215555440135, "n_waypoints_completed": 0, "tot_waypoints": 9}}
{"target": -8010.456478152239, "params": {"k_pid_pos": [2.0, 0.09400391578674316, 0.0], "k_pid_alt": [0.0, 0.05247873067855835, 0.9523684978485107], "k_pid_att": [0.0, 9.413837432861328, 0.9134849309921265], "k_pid_yaw": [0.5, 1e-06, 0.1], "k_pid_hsp": [0.6967357397079468, 0.9617261290550232, 1.0], "k_pid_vsp": [8.269000053405762, 400.0, 367.781005859375]}, "datetime": {"datetime": "2025-08-22 01:37:43", "elapsed": 60779.590342760086, "delta": 22.0155668258667}, "costs": {"total_cost": 8010.456478152239, "time_cost": 150, "final_distance_cost": 1329.345021839032, "oscillation_cost": 1598.984579509883, "completition_cost": 1000.0, "overshoot_cost": 3795.2923214505945, "power_cost": 34.291782165527344, "noise_cost": 102.54277318720135, "n_waypoints_completed": 0, "tot_waypoints": 9}}
{"target": -1754.1797183417139, "params": {"k_pid_pos": [2.0, 0.0, 0.0], "k_pid_alt": [0.12731397151947021, 0.0, 0.9874290227890015], "k_pid_att": [3.2990992069244385, 10.0, 1.0], "k_pid_yaw": [0.5, 1e-06, 0.1], "k_pid_hsp": [1.0947062969207764, 1.0, 0.9973757266998291], "k_pid_vsp": [0.0, 361.81268310546875, 380.2431945800781]}, "datetime": {"datetime": "2025-08-22 01:38:04", "elapsed": 60801.20007324219, "delta": 21.60973048210144}, "costs": {"total_cost": 1754.1797183417139, "time_cost": 150, "final_distance_cost": 8.806864695011747, "oscillation_cost": 347.49089880909736, "completition_cost": 1000.0, "overshoot_cost": 138.14965940629622, "power_cost": 27.065882556152346, "noise_cost": 82.66641287515641, "n_waypoints_completed": 0, "tot_waypoints": 9}}
{"target": -6975.799760923588, "params": {"k_pid_pos": [2.0, 0.017484068870544434, 0.0], "k_pid_alt": [0.12393951416015625, 0.0, 0.9841524362564087], "k_pid_att": [0.0, 9.993739128112793, 1.0], "k_pid_yaw": [0.5, 1e-06, 0.1], "k_pid_hsp": [0.1260475218296051, 0.9765087962150574, 1.0], "k_pid_vsp": [20.542001724243164, 396.1174621582031, 369.2702331542969]}, "datetime": {"datetime": "2025-08-22 01:38:25", "elapsed": 60821.9362449646, "delta": 20.73617172241211}, "costs": {"total_cost": 6975.799760923588, "time_cost": 150, "final_distance_cost": 447.55831179453736, "oscillation_cost": 2223.555226336508, "completition_cost": 1000.0, "overshoot_cost": 3019.8878822805796, "power_cost": 33.82360313720703, "noise_cost": 100.97473737475593, "n_waypoints_completed": 0, "tot_waypoints": 9}}
{"target": -1805.8517087013856, "params": {"k_pid_pos": [1.9696522951126099, 0.0, 0.0], "k_pid_alt": [0.0, 0.04100915789604187, 0.9466651678085327], "k_pid_att": [3.2810001373291016, 10.0, 1.0], "k_pid_yaw": [0.5, 1e-06, 0.1], "k_pid_hsp": [0.11322908103466034, 0.9867738485336304, 0.9598808884620667], "k_pid_vsp": [7.908916473388672, 375.0732116699219, 400.0]}, "datetime": {"datetime": "2025-08-22 01:38:48", "elapsed": 60845.01971244812, "delta": 23.083467483520508}, "costs": {"total_cost": 1805.8517087013856, "time_cost": 150, "final_distance_cost": 35.10172020945364, "oscillation_cost": 307.4569677372384, "completition_cost": 1000.0, "overshoot_cost": 233.32715585195365, "power_cost": 21.5608291015625, "noise_cost": 58.40503580117729, "n_waypoints_completed": 0, "tot_waypoints": 9}}
{"target": -2016.1075045205996, "params": {"k_pid_pos": [2.0, 0.06289350986480713, 0.023652106523513794], "k_pid_alt": [0.04567432403564453, 0.045274317264556885, 1.0], "k_pid_att": [4.002314567565918, 10.0, 0.9696507453918457], "k_pid_yaw": [0.5, 1e-06, 0.1], "k_pid_hsp": [0.19977445900440216, 1.0, 1.0], "k_pid_vsp": [0.0, 400.0, 400.0]}, "datetime": {"datetime": "2025-08-22 01:39:08", "elapsed": 60865.337435245514, "delta": 20.3177227973938}, "costs": {"total_cost": 2016.1075045205996, "time_cost": 150, "final_distance_cost": 128.78962859744126, "oscillation_cost": 288.02286174034776, "completition_cost": 1000.0, "overshoot_cost": 405.1582542895693, "power_cost": 23.4321970703125, "noise_cost": 20.704562822928942, "n_waypoints_completed": 0, "tot_waypoints": 9}}
{"target": -2087.457540848387, "params": {"k_pid_pos": [1.9829024076461792, 0.0, 0.041169434785842896], "k_pid_alt": [0.0, 0.0, 1.0], "k_pid_att": [4.137664794921875, 10.0, 0.964909553527832], "k_pid_yaw": [0.5, 1e-06, 0.1], "k_pid_hsp": [0.0859512910246849, 0.9153865575790405, 0.9828274250030518], "k_pid_vsp": [6.885969638824463, 400.0, 400.0]}, "datetime": {"datetime": "2025-08-22 01:39:31", "elapsed": 60887.68050479889, "delta": 22.343069553375244}, "costs": {"total_cost": 2087.457540848387, "time_cost": 150, "final_distance_cost": 419.8588826755737, "oscillation_cost": 236.34728223458612, "completition_cost": 888.8888888888888, "overshoot_cost": 343.7966470344599, "power_cost": 16.374415869140627, "noise_cost": 32.19142414573794, "n_waypoints_completed": 1, "tot_waypoints": 9}}
{"target": -5849.6463265124585, "params": {"k_pid_pos": [2.0, 0.0, 0.049791812896728516], "k_pid_alt": [0.0, 0.02650982141494751, 1.0], "k_pid_att": [0.0, 10.0, 0.9113920331001282], "k_pid_yaw": [0.5, 1e-06, 0.1], "k_pid_hsp": [9.999999747378752e-05, 0.8804922699928284, 0.9735630750656128], "k_pid_vsp": [0.0, 400.0, 400.0]}, "datetime": {"datetime": "2025-08-22 01:39:53", "elapsed": 60909.57243871689, "delta": 21.891933917999268}, "costs": {"total_cost": 5849.6463265124585, "time_cost": 150, "final_distance_cost": 1047.441401317291, "oscillation_cost": 1179.997396764644, "completition_cost": 1000.0, "overshoot_cost": 2346.83807135205, "power_cost": 31.055640832519533, "noise_cost": 94.31381624595487, "n_waypoints_completed": 0, "tot_waypoints": 9}}
{"target": -1739.050026640597, "params": {"k_pid_pos": [1.860111117362976, 0.0, 0.0], "k_pid_alt": [0.08472561836242676, 0.04506760835647583, 0.9182689785957336], "k_pid_att": [6.637558460235596, 9.895889282226562, 0.887243926525116], "k_pid_yaw": [0.5, 1e-06, 0.1], "k_pid_hsp": [9.999999747378752e-05, 0.9544903635978699, 0.9608915448188782], "k_pid_vsp": [0.0, 376.0211486816406, 384.7752990722656]}, "datetime": {"datetime": "2025-08-22 01:40:14", "elapsed": 60930.52125597, "delta": 20.948817253112793}, "costs": {"total_cost": 1739.050026640597, "time_cost": 150, "final_distance_cost": 11.427343016522425, "oscillation_cost": 346.1790094494229, "completition_cost": 1000.0, "overshoot_cost": 138.33162125041028, "power_cost": 22.40448028564453, "noise_cost": 70.70757263859697, "n_waypoints_completed": 0, "tot_waypoints": 9}}
