{"target": -1998.2083783543178, "params": {"k_pid_pos": [1.8087890148162842, 0.0, 0.05413970351219177], "k_pid_alt": [0.19194602966308594, 0.008151322603225708, 1.0], "k_pid_att": [2.3214519023895264, 9.331945419311523, 0.9511027336120605], "k_pid_yaw": [0.5, 1e-06, 0.1], "k_pid_hsp": [9.999999747378752e-05, 1.0, 0.9566972255706787], "k_pid_vsp": [8.853602409362793, 400.0, 394.4006042480469]}, "datetime": {"datetime": "2025-08-21 12:18:01", "elapsed": 12797.66586303711, "delta": 22.98193073272705}, "costs": {"total_cost": 1998.2083783543178, "time_cost": 150, "final_distance_cost": 83.01067937023163, "oscillation_cost": 392.26238225538225, "completition_cost": 1000.0, "overshoot_cost": 256.6067029676287, "power_cost": 28.89145446777344, "noise_cost": 87.43715929330159, "n_waypoints_completed": 0, "tot_waypoints": 9}}
{"target": -22641.124295369507, "params": {"k_pid_pos": [1.8969870805740356, 0.04348507523536682, 0.0], "k_pid_alt": [0.04964864253997803, 0.055263668298721313, 0.9505919814109802], "k_pid_att": [0.0, 9.715103149414062, 0.9636445045471191], "k_pid_yaw": [0.5, 1e-06, 0.1], "k_pid_hsp": [0.4478217661380768, 0.9993003606796265, 0.9202890396118164], "k_pid_vsp": [0.0, 389.7000427246094, 400.0]}, "datetime": {"datetime": "2025-08-21 12:18:24", "elapsed": 12821.058811426163, "delta": 23.392948389053345}, "costs": {"total_cost": 22641.124295369507, "time_cost": 150, "final_distance_cost": 6953.651852807395, "oscillation_cost": 2307.284565711588, "completition_cost": 1000.0, "overshoot_cost": 12092.807205555402, "power_cost": 34.59048565673828, "noise_cost": 102.79018563838491, "n_waypoints_completed": 0, "tot_waypoints": 9}}
{"target": -2296.455708489751, "params": {"k_pid_pos": [1.8468852043151855, 0.002808690071105957, 0.0], "k_pid_alt": [0.0, 0.0, 1.0], "k_pid_att": [3.739163398742676, 10.0, 0.9359924793243408], "k_pid_yaw": [0.5, 1e-06, 0.1], "k_pid_hsp": [9.999999747378752e-05, 0.9285655617713928, 1.0], "k_pid_vsp": [37.414527893066406, 400.0, 381.2230224609375]}, "datetime": {"datetime": "2025-08-21 12:18:47", "elapsed": 12844.188196659088, "delta": 23.129385232925415}, "costs": {"total_cost": 2296.455708489751, "time_cost": 150, "final_distance_cost": 369.7884918200915, "oscillation_cost": 148.61964207694882, "completition_cost": 1000.0, "overshoot_cost": 595.2998471212211, "power_cost": 17.483169775390625, "noise_cost": 15.264557696098914, "n_waypoints_completed": 0, "tot_waypoints": 9}}
{"target": -1726.183641644727, "params": {"k_pid_pos": [1.921737551689148, 0.0, 0.019826292991638184], "k_pid_alt": [0.07015788555145264, 0.0, 1.0], "k_pid_att": [3.4369916915893555, 10.0, 0.8691807985305786], "k_pid_yaw": [0.5, 1e-06, 0.1], "k_pid_hsp": [9.999999747378752e-05, 0.967492938041687, 0.8943604230880737], "k_pid_vsp": [0.0, 400.0, 400.0]}, "datetime": {"datetime": "2025-08-21 12:19:10", "elapsed": 12866.749951601028, "delta": 22.561754941940308}, "costs": {"total_cost": 1726.183641644727, "time_cost": 150, "final_distance_cost": 22.91644793542111, "oscillation_cost": 323.2886683901676, "completition_cost": 1000.0, "overshoot_cost": 154.14985457044196, "power_cost": 20.824361694335938, "noise_cost": 55.004309054360455, "n_waypoints_completed": 0, "tot_waypoints": 9}}
{"target": -3863.0863911536203, "params": {"k_pid_pos": [2.0, 0.0, 0.0], "k_pid_alt": [0.047386765480041504, 0.026203274726867676, 1.0], "k_pid_att": [0.0, 9.204641342163086, 1.0], "k_pid_yaw": [0.5, 1e-06, 0.1], "k_pid_hsp": [0.16053204238414764, 0.9504392147064209, 1.0], "k_pid_vsp": [0.0, 373.90789794921875, 400.0]}, "datetime": {"datetime": "2025-08-21 12:19:33", "elapsed": 12889.51578092575, "delta": 22.76582932472229}, "costs": {"total_cost": 3863.0863911536203, "time_cost": 150, "final_distance_cost": 214.3117279398946, "oscillation_cost": 1888.1119517604918, "completition_cost": 1000.0, "overshoot_cost": 485.6850863975311, "power_cost": 30.512488305664064, "noise_cost": 94.46513675003867, "n_waypoints_completed": 0, "tot_waypoints": 9}}
{"target": -9117.905286949723, "params": {"k_pid_pos": [2.0, 0.033998072147369385, 0.0], "k_pid_alt": [0.0, 0.006191343069076538, 0.9164997339248657], "k_pid_att": [0.0, 10.0, 1.0], "k_pid_yaw": [0.5, 1e-06, 0.1], "k_pid_hsp": [9.999999747378752e-05, 1.0, 0.958123505115509], "k_pid_vsp": [7.4501752853393555, 391.21697998046875, 383.0826416015625]}, "datetime": {"datetime": "2025-08-21 12:19:56", "elapsed": 12913.122819900513, "delta": 23.607038974761963}, "costs": {"total_cost": 9117.905286949723, "time_cost": 150, "final_distance_cost": 2472.248436057285, "oscillation_cost": 648.7347630743856, "completition_cost": 1000.0, "overshoot_cost": 4724.984471091567, "power_cost": 30.502819335937502, "noise_cost": 91.43479739054789, "n_waypoints_completed": 0, "tot_waypoints": 9}}
{"target": -2316.693445477356, "params": {"k_pid_pos": [1.9633673429489136, 0.0, 0.0], "k_pid_alt": [0.10628843307495117, 0.0, 1.0], "k_pid_att": [0.4771679639816284, 9.557042121887207, 1.0], "k_pid_yaw": [0.5, 1e-06, 0.1], "k_pid_hsp": [9.999999747378752e-05, 1.0, 0.9622005820274353], "k_pid_vsp": [0.0, 400.0, 400.0]}, "datetime": {"datetime": "2025-08-21 12:20:19", "elapsed": 12935.959901094437, "delta": 22.83708119392395}, "costs": {"total_cost": 2316.693445477356, "time_cost": 150, "final_distance_cost": 157.37601819256645, "oscillation_cost": 538.9688147439563, "completition_cost": 1000.0, "overshoot_cost": 348.7771446869745, "power_cost": 30.39989033203125, "noise_cost": 91.17157752182716, "n_waypoints_completed": 0, "tot_waypoints": 9}}
{"target": -1839.7627511744295, "params": {"k_pid_pos": [2.0, 0.0033376216888427734, 0.0], "k_pid_alt": [0.009326756000518799, 0.09386903047561646, 1.0], "k_pid_att": [2.353671073913574, 10.0, 0.9349719882011414], "k_pid_yaw": [0.5, 1e-06, 0.1], "k_pid_hsp": [1.0009732246398926, 0.9823592901229858, 0.9666187167167664], "k_pid_vsp": [0.0, 400.0, 400.0]}, "datetime": {"datetime": "2025-08-21 12:20:43", "elapsed": 12959.508626937866, "delta": 23.548725843429565}, "costs": {"total_cost": 1839.7627511744295, "time_cost": 150, "final_distance_cost": 3.360675688112619, "oscillation_cost": 423.5698772931492, "completition_cost": 1000.0, "overshoot_cost": 141.75703023512716, "power_cost": 30.285005310058594, "noise_cost": 90.79016264798194, "n_waypoints_completed": 0, "tot_waypoints": 9}}
{"target": -8076.373288927254, "params": {"k_pid_pos": [1.8990896940231323, 0.09325504302978516, 0.00794568657875061], "k_pid_alt": [0.0, 0.0, 1.0], "k_pid_att": [0.0, 10.0, 0.9216463565826416], "k_pid_yaw": [0.5, 1e-06, 0.1], "k_pid_hsp": [0.677432656288147, 1.0, 0.9595752358436584], "k_pid_vsp": [0.0, 392.8406982421875, 395.6571044921875]}, "datetime": {"datetime": "2025-08-21 12:21:06", "elapsed": 12982.511664628983, "delta": 23.003037691116333}, "costs": {"total_cost": 8076.373288927254, "time_cost": 150, "final_distance_cost": 1755.3471679089398, "oscillation_cost": 2220.7868849671263, "completition_cost": 1000.0, "overshoot_cost": 2831.472235513702, "power_cost": 27.155672802734376, "noise_cost": 91.61132773475114, "n_waypoints_completed": 0, "tot_waypoints": 9}}
{"target": -2093.3191922213177, "params": {"k_pid_pos": [2.0, 0.024141013622283936, 0.05723467469215393], "k_pid_alt": [0.0, 0.002450495958328247, 1.0], "k_pid_att": [1.3387024402618408, 10.0, 1.0], "k_pid_yaw": [0.5, 1e-06, 0.1], "k_pid_hsp": [0.36258557438850403, 1.0, 1.0], "k_pid_vsp": [3.599393367767334, 390.0867004394531, 400.0]}, "datetime": {"datetime": "2025-08-21 12:21:29", "elapsed": 13005.678740739822, "delta": 23.167076110839844}, "costs": {"total_cost": 2093.3191922213177, "time_cost": 150, "final_distance_cost": 2.362285462849847, "oscillation_cost": 644.2015634460216, "completition_cost": 1000.0, "overshoot_cost": 173.9729023442656, "power_cost": 30.606998278808597, "noise_cost": 92.17544268937198, "n_waypoints_completed": 0, "tot_waypoints": 9}}
{"target": -3640.5346368313294, "params": {"k_pid_pos": [1.8990607261657715, 0.0, 0.0], "k_pid_alt": [0.0, 0.0, 1.0], "k_pid_att": [0.37181973457336426, 8.937580108642578, 0.9666221737861633], "k_pid_yaw": [0.5, 1e-06, 0.1], "k_pid_hsp": [9.999999747378752e-05, 1.0, 0.9730994701385498], "k_pid_vsp": [2.7627110481262207, 400.0, 400.0]}, "datetime": {"datetime": "2025-08-21 12:21:52", "elapsed": 13029.113027334213, "delta": 23.43428659439087}, "costs": {"total_cost": 3640.5346368313294, "time_cost": 150, "final_distance_cost": 552.9630587697534, "oscillation_cost": 894.9618302840429, "completition_cost": 1000.0, "overshoot_cost": 943.2803300211061, "power_cost": 21.620748181152344, "noise_cost": 77.70866957527396, "n_waypoints_completed": 0, "tot_waypoints": 9}}
{"target": -5105.8867112995995, "params": {"k_pid_pos": [1.936657428741455, 0.0, 0.0], "k_pid_alt": [0.098599374294281, 0.008287310600280762, 1.0], "k_pid_att": [0.0, 10.0, 1.0], "k_pid_yaw": [0.5, 1e-06, 0.1], "k_pid_hsp": [9.999999747378752e-05, 1.0, 0.9840712547302246], "k_pid_vsp": [0.0, 362.1222839355469, 400.0]}, "datetime": {"datetime": "2025-08-21 12:22:15", "elapsed": 13052.333863973618, "delta": 23.220836639404297}, "costs": {"total_cost": 5105.8867112995995, "time_cost": 150, "final_distance_cost": 644.0846488066696, "oscillation_cost": 1936.8916175539457, "completition_cost": 1000.0, "overshoot_cost": 1242.265229829612, "power_cost": 33.09613592529297, "noise_cost": 99.54907918407913, "n_waypoints_completed": 0, "tot_waypoints": 9}}
{"target": -1767.5395019175744, "params": {"k_pid_pos": [2.0, 0.006666600704193115, 0.08673962950706482], "k_pid_alt": [0.0, 0.06506222486495972, 1.0], "k_pid_att": [4.691490650177002, 10.0, 0.9424365758895874], "k_pid_yaw": [0.5, 1e-06, 0.1], "k_pid_hsp": [9.999999747378752e-05, 1.0, 0.9648832082748413], "k_pid_vsp": [21.105670928955078, 398.8265380859375, 388.9738464355469]}, "datetime": {"datetime": "2025-08-21 12:22:38", "elapsed": 13075.188562870026, "delta": 22.85469889640808}, "costs": {"total_cost": 1767.5395019175744, "time_cost": 150, "final_distance_cost": 98.8884428981687, "oscillation_cost": 256.23611738775963, "completition_cost": 888.8888888888888, "overshoot_cost": 338.59405385777274, "power_cost": 20.093070800781252, "noise_cost": 14.838928084203294, "n_waypoints_completed": 1, "tot_waypoints": 9}}
{"target": -1987.7651245238003, "params": {"k_pid_pos": [1.9182162284851074, 0.02224448323249817, 0.05007180571556091], "k_pid_alt": [0.046383023262023926, 0.0, 1.0], "k_pid_att": [6.839352607727051, 10.0, 1.0], "k_pid_yaw": [0.5, 1e-06, 0.1], "k_pid_hsp": [0.25646474957466125, 1.0, 1.0], "k_pid_vsp": [6.333887577056885, 374.96624755859375, 400.0]}, "datetime": {"datetime": "2025-08-21 12:23:01", "elapsed": 13098.076109170914, "delta": 22.88754630088806}, "costs": {"total_cost": 1987.7651245238003, "time_cost": 150, "final_distance_cost": 371.0824711654718, "oscillation_cost": 205.56253897317436, "completition_cost": 888.8888888888888, "overshoot_cost": 324.5830618921977, "power_cost": 19.06468210449219, "noise_cost": 28.58348149957541, "n_waypoints_completed": 1, "tot_waypoints": 9}}
{"target": -1714.7626149342916, "params": {"k_pid_pos": [2.0, 0.0, 0.0], "k_pid_alt": [0.051762163639068604, 0.05791154503822327, 1.0], "k_pid_att": [4.001736640930176, 10.0, 1.0], "k_pid_yaw": [0.5, 1e-06, 0.1], "k_pid_hsp": [0.44160833954811096, 1.0, 0.9425702095031738], "k_pid_vsp": [5.946099758148193, 400.0, 391.22747802734375]}, "datetime": {"datetime": "2025-08-21 12:23:24", "elapsed": 13121.1707508564, "delta": 23.09464168548584}, "costs": {"total_cost": 1714.7626149342916, "time_cost": 150, "final_distance_cost": 2.0070467054166476, "oscillation_cost": 321.28876636735123, "completition_cost": 1000.0, "overshoot_cost": 140.77626393415406, "power_cost": 24.545623156738284, "noise_cost": 76.14491477063142, "n_waypoints_completed": 0, "tot_waypoints": 9}}
{"target": -1675.35837358859, "params": {"k_pid_pos": [1.797080397605896, 0.0, 0.052199989557266235], "k_pid_alt": [0.04208707809448242, 0.0, 1.0], "k_pid_att": [3.707244873046875, 10.0, 0.9840788245201111], "k_pid_yaw": [0.5, 1e-06, 0.1], "k_pid_hsp": [9.999999747378752e-05, 0.945833146572113, 0.946330189704895], "k_pid_vsp": [3.2666802406311035, 386.1433410644531, 400.0]}, "datetime": {"datetime": "2025-08-21 12:23:47", "elapsed": 13144.292141199112, "delta": 23.121390342712402}, "costs": {"total_cost": 1675.35837358859, "time_cost": 150, "final_distance_cost": 48.93901930418246, "oscillation_cost": 316.1418894721346, "completition_cost": 1000.0, "overshoot_cost": 105.66482628400095, "power_cost": 21.634374645996093, "noise_cost": 32.97826388227567, "n_waypoints_completed": 0, "tot_waypoints": 9}}
{"target": -15808.863289932631, "params": {"k_pid_pos": [1.892187237739563, 0.0, 0.0], "k_pid_alt": [0.14890003204345703, 0.00028654932975769043, 1.0], "k_pid_att": [0.0, 10.0, 1.0], "k_pid_yaw": [0.5, 1e-06, 0.1], "k_pid_hsp": [0.05429885536432266, 0.9168785810470581, 1.0], "k_pid_vsp": [14.915597915649414, 395.7083740234375, 400.0]}, "datetime": {"datetime": "2025-08-21 12:24:10", "elapsed": 13167.124676704407, "delta": 22.8325355052948}, "costs": {"total_cost": 15808.863289932631, "time_cost": 150, "final_distance_cost": 4260.1247544815715, "oscillation_cost": 1926.760802248025, "completition_cost": 1000.0, "overshoot_cost": 8335.194974734473, "power_cost": 34.24400065917969, "noise_cost": 102.53875780938142, "n_waypoints_completed": 0, "tot_waypoints": 9}}
{"target": -9429.528606144924, "params": {"k_pid_pos": [1.8946561813354492, 0.0, 0.0], "k_pid_alt": [0.0, 0.0473652184009552, 0.9510869979858398], "k_pid_att": [0.0, 10.0, 1.0], "k_pid_yaw": [0.5, 1e-06, 0.1], "k_pid_hsp": [9.999999747378752e-05, 1.0, 1.0], "k_pid_vsp": [27.47900390625, 374.3297119140625, 400.0]}, "datetime": {"datetime": "2025-08-21 12:24:33", "elapsed": 13189.889604568481, "delta": 22.764927864074707}, "costs": {"total_cost": 9429.528606144924, "time_cost": 150, "final_distance_cost": 2622.5979840893583, "oscillation_cost": 1952.6299343812905, "completition_cost": 1000.0, "overshoot_cost": 3580.0956213491922, "power_cost": 30.434652172851564, "noise_cost": 93.77041415223113, "n_waypoints_completed": 0, "tot_waypoints": 9}}
{"target": -1962.521466979284, "params": {"k_pid_pos": [1.9768644571304321, 0.006091177463531494, 0.08407080173492432], "k_pid_alt": [0.05439448356628418, 0.0, 1.0], "k_pid_att": [5.301084995269775, 10.0, 1.0], "k_pid_yaw": [0.5, 1e-06, 0.1], "k_pid_hsp": [9.999999747378752e-05, 0.9628633260726929, 1.0], "k_pid_vsp": [25.378631591796875, 390.7605285644531, 400.0]}, "datetime": {"datetime": "2025-08-21 12:24:56", "elapsed": 13213.118878602982, "delta": 23.229274034500122}, "costs": {"total_cost": 1962.521466979284, "time_cost": 150, "final_distance_cost": 312.0380714831411, "oscillation_cost": 166.3614856686687, "completition_cost": 1000.0, "overshoot_cost": 297.1846120542975, "power_cost": 17.405580993652343, "noise_cost": 19.53171677952412, "n_waypoints_completed": 0, "tot_waypoints": 9}}
{"target": -2134.7495254875976, "params": {"k_pid_pos": [2.0, 0.06378501653671265, 0.07890644669532776], "k_pid_alt": [0.0, 0.0, 1.0], "k_pid_att": [2.125197649002075, 9.275790214538574, 1.0], "k_pid_yaw": [0.5, 1e-06, 0.1], "k_pid_hsp": [0.3714790940284729, 1.0, 1.0], "k_pid_vsp": [0.0, 400.0, 400.0]}, "datetime": {"datetime": "2025-08-21 12:25:19", "elapsed": 13236.101383209229, "delta": 22.98250460624695}, "costs": {"total_cost": 2134.7495254875976, "time_cost": 150, "final_distance_cost": 124.44229932541967, "oscillation_cost": 379.0875421968999, "completition_cost": 1000.0, "overshoot_cost": 390.80471675832655, "power_cost": 20.99007681884766, "noise_cost": 69.4248903881037, "n_waypoints_completed": 0, "tot_waypoints": 9}}
{"target": -1856.1765203200077, "params": {"k_pid_pos": [2.0, 0.0, 0.008663266897201538], "k_pid_alt": [0.1599394679069519, 0.0, 1.0], "k_pid_att": [8.238926887512207, 9.668089866638184, 0.9716605544090271], "k_pid_yaw": [0.5, 1e-06, 0.1], "k_pid_hsp": [9.999999747378752e-05, 1.0, 0.9660181999206543], "k_pid_vsp": [2.413475513458252, 350.4134521484375, 381.7687072753906]}, "datetime": {"datetime": "2025-08-21 12:25:42", "elapsed": 13258.987294435501, "delta": 22.885911226272583}, "costs": {"total_cost": 1856.1765203200077, "time_cost": 150, "final_distance_cost": 203.87621054650558, "oscillation_cost": 263.9976154004682, "completition_cost": 1000.0, "overshoot_cost": 175.33861300899838, "power_cost": 18.796201794433596, "noise_cost": 44.16787956960203, "n_waypoints_completed": 0, "tot_waypoints": 9}}
{"target": -1721.7359170135453, "params": {"k_pid_pos": [1.95247483253479, 0.0, 0.007052779197692871], "k_pid_alt": [0.0, 0.0, 0.9822884798049927], "k_pid_att": [3.328317403793335, 10.0, 1.0], "k_pid_yaw": [0.5, 1e-06, 0.1], "k_pid_hsp": [9.999999747378752e-05, 1.0, 1.0], "k_pid_vsp": [0.0, 381.3148193359375, 400.0]}, "datetime": {"datetime": "2025-08-21 12:26:05", "elapsed": 13282.13644528389, "delta": 23.149150848388672}, "costs": {"total_cost": 1721.7359170135453, "time_cost": 150, "final_distance_cost": 14.454857106464637, "oscillation_cost": 336.6212878686317, "completition_cost": 1000.0, "overshoot_cost": 143.41740375409117, "power_cost": 15.493772814941407, "noise_cost": 61.74859546941659, "n_waypoints_completed": 0, "tot_waypoints": 9}}
{"target": -2068.7289144811484, "params": {"k_pid_pos": [2.0, 0.055816709995269775, 0.0], "k_pid_alt": [0.010252833366394043, 0.04783180356025696, 0.9705230593681335], "k_pid_att": [1.0027557611465454, 9.736620903015137, 0.9981356859207153], "k_pid_yaw": [0.5, 1e-06, 0.1], "k_pid_hsp": [9.999999747378752e-05, 0.986066460609436, 1.0], "k_pid_vsp": [0.0, 400.0, 377.0267333984375]}, "datetime": {"datetime": "2025-08-21 12:26:28", "elapsed": 13305.328255653381, "delta": 23.191810369491577}, "costs": {"total_cost": 2068.7289144811484, "time_cost": 150, "final_distance_cost": 5.462120297964395, "oscillation_cost": 630.251822693368, "completition_cost": 1000.0, "overshoot_cost": 159.8193891330553, "power_cost": 30.88792575683594, "noise_cost": 92.30765659992487, "n_waypoints_completed": 0, "tot_waypoints": 9}}
{"target": -14668.44202917356, "params": {"k_pid_pos": [1.9873511791229248, 0.042216330766677856, 0.0], "k_pid_alt": [0.2285938858985901, 0.0, 0.9895065426826477], "k_pid_att": [0.0, 10.0, 0.9778124690055847], "k_pid_yaw": [0.5, 1e-06, 0.1], "k_pid_hsp": [0.23238979279994965, 0.9755438566207886, 0.9974163770675659], "k_pid_vsp": [22.036766052246094, 398.62249755859375, 400.0]}, "datetime": {"datetime": "2025-08-21 12:26:52", "elapsed": 13328.472398996353, "delta": 23.1441433429718}, "costs": {"total_cost": 14668.44202917356, "time_cost": 150, "final_distance_cost": 4688.484760386984, "oscillation_cost": 2290.3097314979236, "completition_cost": 1000.0, "overshoot_cost": 6402.447657643537, "power_cost": 34.541242968750005, "noise_cost": 102.65863667636602, "n_waypoints_completed": 0, "tot_waypoints": 9}}
{"target": -1958.049461161191, "params": {"k_pid_pos": [1.9358924627304077, 0.09154263138771057, 0.0], "k_pid_alt": [0.08172839879989624, 0.07184988260269165, 0.9857994318008423], "k_pid_att": [3.0697555541992188, 10.0, 1.0], "k_pid_yaw": [0.5, 1e-06, 0.1], "k_pid_hsp": [9.999999747378752e-05, 0.9972400069236755, 1.0], "k_pid_vsp": [0.0, 391.5224609375, 391.8392333984375]}, "datetime": {"datetime": "2025-08-21 12:27:14", "elapsed": 13351.386184930801, "delta": 22.913785934448242}, "costs": {"total_cost": 1958.049461161191, "time_cost": 150, "final_distance_cost": 108.09812821998966, "oscillation_cost": 312.39086673469916, "completition_cost": 1000.0, "overshoot_cost": 327.3940577746915, "power_cost": 18.563282006835937, "noise_cost": 41.60312642497476, "n_waypoints_completed": 0, "tot_waypoints": 9}}
{"target": -2506.675486796876, "params": {"k_pid_pos": [2.0, 0.0927467942237854, 0.02065563201904297], "k_pid_alt": [0.0, 0.0, 0.9915896654129028], "k_pid_att": [7.630076885223389, 9.615931510925293, 0.9300795793533325], "k_pid_yaw": [0.5, 1e-06, 0.1], "k_pid_hsp": [9.999999747378752e-05, 1.0, 1.0], "k_pid_vsp": [52.98304748535156, 400.0, 400.0]}, "datetime": {"datetime": "2025-08-21 12:27:38", "elapsed": 13374.562269926071, "delta": 23.176084995269775}, "costs": {"total_cost": 2506.675486796876, "time_cost": 150, "final_distance_cost": 473.0471867017282, "oscillation_cost": 144.67764379769707, "completition_cost": 1000.0, "overshoot_cost": 708.9411619605188, "power_cost": 17.002048498535157, "noise_cost": 13.007445838396938, "n_waypoints_completed": 0, "tot_waypoints": 9}}
{"target": -7692.522847891685, "params": {"k_pid_pos": [2.0, 0.0, 0.0], "k_pid_alt": [0.08240771293640137, 0.05438965559005737, 0.9355011582374573], "k_pid_att": [0.0, 10.0, 0.9905896186828613], "k_pid_yaw": [0.5, 1e-06, 0.1], "k_pid_hsp": [9.999999747378752e-05, 1.0, 0.9720860123634338], "k_pid_vsp": [0.0, 378.0206298828125, 400.0]}, "datetime": {"datetime": "2025-08-21 12:28:01", "elapsed": 13397.609458208084, "delta": 23.04718828201294}, "costs": {"total_cost": 7692.522847891685, "time_cost": 150, "final_distance_cost": 1614.2418856289107, "oscillation_cost": 1772.5239276602201, "completition_cost": 1000.0, "overshoot_cost": 3022.678212803805, "power_cost": 33.17760728759766, "noise_cost": 99.9012145111518, "n_waypoints_completed": 0, "tot_waypoints": 9}}
