{"target": -1587.506670243426, "params": {"k_pid_pos": [1.8656657934188843, 0.0, 0.0208398699760437], "k_pid_alt": [0.038484394550323486, 0.0076403021812438965, 1.0], "k_pid_att": [7.861292362213135, 9.537606239318848, 1.0], "k_pid_yaw": [0.5, 1e-06, 0.1], "k_pid_hsp": [0.17833547294139862, 0.9171997308731079, 0.9636774659156799], "k_pid_vsp": [0.0, 395.9352111816406, 400.0]}, "datetime": {"datetime": "2025-08-22 01:00:35", "elapsed": 58552.00869512558, "delta": 20.813843488693237}, "costs": {"total_cost": 1587.506670243426, "time_cost": 150, "final_distance_cost": 55.376424109741336, "oscillation_cost": 233.0921318321513, "completition_cost": 888.8888888888888, "overshoot_cost": 215.6539131617046, "power_cost": 21.60471396484375, "noise_cost": 22.890598286096335, "n_waypoints_completed": 1, "tot_waypoints": 9}}
{"target": -2160.8570756089575, "params": {"k_pid_pos": [2.0, 0.019056230783462524, 0.012547135353088379], "k_pid_alt": [0.0, 0.016715168952941895, 1.0], "k_pid_att": [0.7684797048568726, 9.138688087463379, 0.9991756677627563], "k_pid_yaw": [0.5, 1e-06, 0.1], "k_pid_hsp": [9.999999747378752e-05, 1.0, 1.0], "k_pid_vsp": [0.0, 379.3398742675781, 370.686767578125]}, "datetime": {"datetime": "2025-08-22 01:00:57", "elapsed": 58573.81565833092, "delta": 21.806963205337524}, "costs": {"total_cost": 2160.8570756089575, "time_cost": 150, "final_distance_cost": 36.85333024700408, "oscillation_cost": 561.5099555797581, "completition_cost": 1000.0, "overshoot_cost": 294.6447344083707, "power_cost": 29.439810205078125, "noise_cost": 88.40924516874644, "n_waypoints_completed": 0, "tot_waypoints": 9}}
{"target": -3209.0068379562586, "params": {"k_pid_pos": [1.9017661809921265, 0.04855421185493469, 0.01120460033416748], "k_pid_alt": [0.0, 0.0, 0.9803922176361084], "k_pid_att": [0.0, 10.0, 1.0], "k_pid_yaw": [0.5, 1e-06, 0.1], "k_pid_hsp": [9.999999747378752e-05, 1.0, 0.9532381296157837], "k_pid_vsp": [3.667604923248291, 400.0, 400.0]}, "datetime": {"datetime": "2025-08-22 01:01:18", "elapsed": 58594.512742996216, "delta": 20.697084665298462}, "costs": {"total_cost": 3209.0068379562586, "time_cost": 150, "final_distance_cost": 450.4333599479251, "oscillation_cost": 770.2347178810427, "completition_cost": 1000.0, "overshoot_cost": 752.2036816879921, "power_cost": 17.02990787353516, "noise_cost": 69.10517056576336, "n_waypoints_completed": 0, "tot_waypoints": 9}}
{"target": -1637.2079880321387, "params": {"k_pid_pos": [1.84944748878479, 0.0, 0.0], "k_pid_alt": [0.0, 0.02569308876991272, 0.9772794842720032], "k_pid_att": [4.543769359588623, 10.0, 0.9949714541435242], "k_pid_yaw": [0.5, 1e-06, 0.1], "k_pid_hsp": [0.9298024773597717, 1.0, 1.0], "k_pid_vsp": [7.159161567687988, 376.9830017089844, 400.0]}, "datetime": {"datetime": "2025-08-22 01:01:41", "elapsed": 58617.94690108299, "delta": 23.434158086776733}, "costs": {"total_cost": 1637.2079880321387, "time_cost": 150, "final_distance_cost": 14.69394815497787, "oscillation_cost": 283.4945405129048, "completition_cost": 1000.0, "overshoot_cost": 130.23861716680466, "power_cost": 18.775342834472657, "noise_cost": 40.00553936297868, "n_waypoints_completed": 0, "tot_waypoints": 9}}
{"target": -1988.3714362480205, "params": {"k_pid_pos": [1.9293498992919922, 0.0, 0.0], "k_pid_alt": [0.18016618490219116, 0.0, 1.0], "k_pid_att": [2.400925636291504, 9.570460319519043, 0.9826569557189941], "k_pid_yaw": [0.5, 1e-06, 0.1], "k_pid_hsp": [0.20625489950180054, 0.9917793273925781, 0.9845356941223145], "k_pid_vsp": [11.676109313964844, 400.0, 400.0]}, "datetime": {"datetime": "2025-08-22 01:02:02", "elapsed": 58639.08331656456, "delta": 21.136415481567383}, "costs": {"total_cost": 1988.3714362480205, "time_cost": 150, "final_distance_cost": 100.05995840474286, "oscillation_cost": 366.9757822715116, "completition_cost": 1000.0, "overshoot_cost": 292.2115624511146, "power_cost": 24.131177307128908, "noise_cost": 54.99295581352238, "n_waypoints_completed": 0, "tot_waypoints": 9}}
{"target": -7634.872056152078, "params": {"k_pid_pos": [2.0, 0.05485546588897705, 0.0], "k_pid_alt": [0.0, 0.0, 1.0], "k_pid_att": [0.0, 10.0, 1.0], "k_pid_yaw": [0.5, 1e-06, 0.1], "k_pid_hsp": [0.17852561175823212, 0.921197235584259, 0.9810468554496765], "k_pid_vsp": [0.0, 368.4010925292969, 373.9989318847656]}, "datetime": {"datetime": "2025-08-22 01:02:24", "elapsed": 58660.89167094231, "delta": 21.808354377746582}, "costs": {"total_cost": 7634.872056152078, "time_cost": 150, "final_distance_cost": 1630.9280676933959, "oscillation_cost": 1527.7991770447236, "completition_cost": 1000.0, "overshoot_cost": 3198.4302022285906, "power_cost": 30.700611169433596, "noise_cost": 97.01399801593351, "n_waypoints_completed": 0, "tot_waypoints": 9}}
{"target": -1597.8720277102577, "params": {"k_pid_pos": [1.9842056035995483, 0.017142951488494873, 0.09085115790367126], "k_pid_alt": [0.0, 0.0, 1.0], "k_pid_att": [6.9805474281311035, 10.0, 0.9740017652511597], "k_pid_yaw": [0.5, 1e-06, 0.1], "k_pid_hsp": [9.999999747378752e-05, 1.0, 0.9634675979614258], "k_pid_vsp": [13.222241401672363, 393.6376953125, 400.0]}, "datetime": {"datetime": "2025-08-22 01:02:45", "elapsed": 58682.030710697174, "delta": 21.139039754867554}, "costs": {"total_cost": 1597.8720277102577, "time_cost": 150, "final_distance_cost": 72.68806593016659, "oscillation_cost": 270.8814996308741, "completition_cost": 888.8888888888888, "overshoot_cost": 151.42064197171362, "power_cost": 16.21507469482422, "noise_cost": 47.77785659379064, "n_waypoints_completed": 1, "tot_waypoints": 9}}
{"target": -21748.32139723521, "params": {"k_pid_pos": [1.959163784980774, 0.008622705936431885, 0.13353168964385986], "k_pid_alt": [0.0, 0.0, 1.0], "k_pid_att": [0.0, 10.0, 0.9456323981285095], "k_pid_yaw": [0.5, 1e-06, 0.1], "k_pid_hsp": [0.038668885827064514, 1.0, 1.0], "k_pid_vsp": [0.0, 400.0, 400.0]}, "datetime": {"datetime": "2025-08-22 01:03:07", "elapsed": 58704.25215244293, "delta": 22.221441745758057}, "costs": {"total_cost": 21748.32139723521, "time_cost": 150, "final_distance_cost": 6820.13381716471, "oscillation_cost": 2269.6191408696855, "completition_cost": 1000.0, "overshoot_cost": 11384.519902851305, "power_cost": 29.288659582519532, "noise_cost": 94.7598767669918, "n_waypoints_completed": 0, "tot_waypoints": 9}}
{"target": -2080.2353305989704, "params": {"k_pid_pos": [2.0, 0.0033114850521087646, 0.05727165937423706], "k_pid_alt": [0.0, 0.0, 1.0], "k_pid_att": [1.2115061283111572, 10.0, 0.9908638000488281], "k_pid_yaw": [0.5, 1e-06, 0.1], "k_pid_hsp": [9.999999747378752e-05, 0.949271559715271, 0.940395176410675], "k_pid_vsp": [0.0, 400.0, 388.4307861328125]}, "datetime": {"datetime": "2025-08-22 01:03:28", "elapsed": 58724.73176860809, "delta": 20.479616165161133}, "costs": {"total_cost": 2080.2353305989704, "time_cost": 150, "final_distance_cost": 17.80750637151896, "oscillation_cost": 672.8822443753978, "completition_cost": 1000.0, "overshoot_cost": 154.2232692011722, "power_cost": 16.808512622070314, "noise_cost": 68.51379802881132, "n_waypoints_completed": 0, "tot_waypoints": 9}}
{"target": -1614.5897861357282, "params": {"k_pid_pos": [2.0, 0.006311476230621338, 0.0], "k_pid_alt": [0.045750975608825684, 0.03153374791145325, 1.0], "k_pid_att": [4.955577850341797, 9.97862434387207, 0.9957233667373657], "k_pid_yaw": [0.5, 1e-06, 0.1], "k_pid_hsp": [0.48096755146980286, 1.0, 0.9814158082008362], "k_pid_vsp": [2.99147367477417, 399.24005126953125, 400.0]}, "datetime": {"datetime": "2025-08-22 01:03:51", "elapsed": 58748.27499914169, "delta": 23.543230533599854}, "costs": {"total_cost": 1614.5897861357282, "time_cost": 150, "final_distance_cost": 14.695678173788206, "oscillation_cost": 256.07623248700264, "completition_cost": 1000.0, "overshoot_cost": 129.77556400665196, "power_cost": 17.516762561035158, "noise_cost": 46.52554890725036, "n_waypoints_completed": 0, "tot_waypoints": 9}}
{"target": -2040.2770436962728, "params": {"k_pid_pos": [1.9835320711135864, 0.04717051982879639, 0.016102761030197144], "k_pid_alt": [0.005305767059326172, 0.01202055811882019, 0.9810153245925903], "k_pid_att": [1.2910187244415283, 9.708134651184082, 1.0], "k_pid_yaw": [0.5, 1e-06, 0.1], "k_pid_hsp": [0.9380120038986206, 1.0, 1.0], "k_pid_vsp": [0.0, 400.0, 382.8388366699219]}, "datetime": {"datetime": "2025-08-22 01:04:12", "elapsed": 58768.986338853836, "delta": 20.711339712142944}, "costs": {"total_cost": 2040.2770436962728, "time_cost": 150, "final_distance_cost": 9.934649841958738, "oscillation_cost": 609.5865208094534, "completition_cost": 1000.0, "overshoot_cost": 145.4943494205336, "power_cost": 31.42399324951172, "noise_cost": 93.83753037481534, "n_waypoints_completed": 0, "tot_waypoints": 9}}
{"target": -5689.108857686026, "params": {"k_pid_pos": [1.9569602012634277, 0.0, 0.0019894838333129883], "k_pid_alt": [0.03726351261138916, 0.047071993350982666, 0.9961130619049072], "k_pid_att": [0.0, 8.89551830291748, 0.9161596298217773], "k_pid_yaw": [0.5, 1e-06, 0.1], "k_pid_hsp": [0.19190433621406555, 1.0, 1.0], "k_pid_vsp": [8.601797103881836, 400.0, 400.0]}, "datetime": {"datetime": "2025-08-22 01:04:33", "elapsed": 58790.458814144135, "delta": 21.472475290298462}, "costs": {"total_cost": 5689.108857686026, "time_cost": 150, "final_distance_cost": 1005.9083399608232, "oscillation_cost": 1191.5599755466035, "completition_cost": 1000.0, "overshoot_cost": 2211.7545975521316, "power_cost": 32.40951364746094, "noise_cost": 97.47643097900612, "n_waypoints_completed": 0, "tot_waypoints": 9}}
{"target": -3903.6238326726493, "params": {"k_pid_pos": [1.8689347505569458, 0.011414766311645508, 0.0], "k_pid_alt": [0.013263106346130371, 0.05017545819282532, 0.9841227531433105], "k_pid_att": [0.0, 9.767648696899414, 1.0], "k_pid_yaw": [0.5, 1e-06, 0.1], "k_pid_hsp": [9.999999747378752e-05, 0.9361737966537476, 1.0], "k_pid_vsp": [26.061594009399414, 400.0, 394.10516357421875]}, "datetime": {"datetime": "2025-08-22 01:04:55", "elapsed": 58812.11638045311, "delta": 21.65756630897522}, "costs": {"total_cost": 3903.6238326726493, "time_cost": 150, "final_distance_cost": 580.7871621584848, "oscillation_cost": 997.9375270613897, "completition_cost": 1000.0, "overshoot_cost": 1048.8685588695666, "power_cost": 31.35738525390625, "noise_cost": 94.67319932930175, "n_waypoints_completed": 0, "tot_waypoints": 9}}
{"target": -1674.9363031736054, "params": {"k_pid_pos": [1.9420607089996338, 0.04878696799278259, 0.015001416206359863], "k_pid_alt": [0.1963634490966797, 0.015686094760894775, 1.0], "k_pid_att": [3.0962557792663574, 9.630383491516113, 0.9873889684677124], "k_pid_yaw": [0.5, 1e-06, 0.1], "k_pid_hsp": [9.999999747378752e-05, 1.0, 0.9252824783325195], "k_pid_vsp": [0.0, 386.2617492675781, 340.2083740234375]}, "datetime": {"datetime": "2025-08-22 01:05:15", "elapsed": 58832.397827625275, "delta": 20.281447172164917}, "costs": {"total_cost": 1674.9363031736054, "time_cost": 150, "final_distance_cost": 15.171095955467914, "oscillation_cost": 335.9075606764911, "completition_cost": 1000.0, "overshoot_cost": 109.31053399986078, "power_cost": 23.547160791015624, "noise_cost": 40.999951750770094, "n_waypoints_completed": 0, "tot_waypoints": 9}}
{"target": -2323.4586193224923, "params": {"k_pid_pos": [2.0, 0.08565282821655273, 0.0], "k_pid_alt": [0.0, 0.012033939361572266, 0.9776098728179932], "k_pid_att": [0.6733328104019165, 9.96104621887207, 1.0], "k_pid_yaw": [0.5, 1e-06, 0.1], "k_pid_hsp": [9.999999747378752e-05, 1.0, 0.98448646068573], "k_pid_vsp": [55.21161651611328, 400.0, 400.0]}, "datetime": {"datetime": "2025-08-22 01:05:37", "elapsed": 58854.38415670395, "delta": 21.986329078674316}, "costs": {"total_cost": 2323.4586193224923, "time_cost": 150, "final_distance_cost": 145.2646693007455, "oscillation_cost": 573.2893181825661, "completition_cost": 1000.0, "overshoot_cost": 336.4607808584279, "power_cost": 29.58565731201172, "noise_cost": 88.85819366874098, "n_waypoints_completed": 0, "tot_waypoints": 9}}
{"target": -8191.762291813717, "params": {"k_pid_pos": [1.9683996438980103, 0.0, 0.033211350440979004], "k_pid_alt": [0.0, 0.03806662559509277, 1.0], "k_pid_att": [0.0, 9.647356033325195, 0.9947779178619385], "k_pid_yaw": [0.5, 1e-06, 0.1], "k_pid_hsp": [9.999999747378752e-05, 1.0, 0.8870100378990173], "k_pid_vsp": [36.8657341003418, 400.0, 393.13916015625]}, "datetime": {"datetime": "2025-08-22 01:05:58", "elapsed": 58875.0758330822, "delta": 20.691676378250122}, "costs": {"total_cost": 8191.762291813717, "time_cost": 150, "final_distance_cost": 2185.599324903565, "oscillation_cost": 2231.6398466769692, "completition_cost": 1000.0, "overshoot_cost": 2490.19173604023, "power_cost": 33.77388751220703, "noise_cost": 100.55749668074495, "n_waypoints_completed": 0, "tot_waypoints": 9}}
{"target": -2408.762407849096, "params": {"k_pid_pos": [2.0, 0.0, 0.007897377014160156], "k_pid_alt": [0.0, 0.0, 1.0], "k_pid_att": [0.6512850522994995, 10.0, 1.0], "k_pid_yaw": [0.5, 1e-06, 0.1], "k_pid_hsp": [9.999999747378752e-05, 1.0, 1.0], "k_pid_vsp": [9.357177734375, 400.0, 400.0]}, "datetime": {"datetime": "2025-08-22 01:06:21", "elapsed": 58897.685665130615, "delta": 22.609832048416138}, "costs": {"total_cost": 2408.762407849096, "time_cost": 150, "final_distance_cost": 119.95554221934039, "oscillation_cost": 794.1659321185666, "completition_cost": 1000.0, "overshoot_cost": 259.9415553737286, "power_cost": 16.973150610351563, "noise_cost": 67.72622752710883, "n_waypoints_completed": 0, "tot_waypoints": 9}}
{"target": -20315.83584050801, "params": {"k_pid_pos": [2.0, 0.017118990421295166, 0.027222275733947754], "k_pid_alt": [0.0, 0.054647743701934814, 1.0], "k_pid_att": [0.0, 9.750702857971191, 0.9479842185974121], "k_pid_yaw": [0.5, 1e-06, 0.1], "k_pid_hsp": [9.999999747378752e-05, 1.0, 0.9928573966026306], "k_pid_vsp": [0.0, 381.4562683105469, 400.0]}, "datetime": {"datetime": "2025-08-22 01:06:42", "elapsed": 58918.75957107544, "delta": 21.07390594482422}, "costs": {"total_cost": 20315.83584050801, "time_cost": 150, "final_distance_cost": 6217.45252542115, "oscillation_cost": 2140.4794180337467, "completition_cost": 1000.0, "overshoot_cost": 10671.613538089317, "power_cost": 34.35596153564453, "noise_cost": 101.93439742815093, "n_waypoints_completed": 0, "tot_waypoints": 9}}
{"target": -1911.7955087500102, "params": {"k_pid_pos": [1.7794302701950073, 0.045865267515182495, 0.016375988721847534], "k_pid_alt": [0.0, 0.12104332447052002, 0.9357681274414062], "k_pid_att": [1.6208946704864502, 10.0, 1.0], "k_pid_yaw": [0.5, 1e-06, 0.1], "k_pid_hsp": [0.15767045319080353, 1.0, 1.0], "k_pid_vsp": [1.5909552574157715, 389.5753479003906, 400.0]}, "datetime": {"datetime": "2025-08-22 01:07:04", "elapsed": 58940.59146118164, "delta": 21.831890106201172}, "costs": {"total_cost": 1911.7955087500102, "time_cost": 150, "final_distance_cost": 4.838938499246193, "oscillation_cost": 495.3477319601007, "completition_cost": 1000.0, "overshoot_cost": 136.9099963261406, "power_cost": 31.382087243652347, "noise_cost": 93.3167547208702, "n_waypoints_completed": 0, "tot_waypoints": 9}}
{"target": -1936.8520443906912, "params": {"k_pid_pos": [2.0, 0.0, 0.05658227205276489], "k_pid_alt": [0.0, 0.03030604124069214, 1.0], "k_pid_att": [9.011512756347656, 10.0, 0.9460277557373047], "k_pid_yaw": [0.5, 1e-06, 0.1], "k_pid_hsp": [9.999999747378752e-05, 1.0, 0.9675160646438599], "k_pid_vsp": [0.5807757377624512, 373.65118408203125, 400.0]}, "datetime": {"datetime": "2025-08-22 01:07:25", "elapsed": 58962.01383590698, "delta": 21.422374725341797}, "costs": {"total_cost": 1936.8520443906912, "time_cost": 150, "final_distance_cost": 248.60933249942556, "oscillation_cost": 279.860344997102, "completition_cost": 1000.0, "overshoot_cost": 187.09725005241947, "power_cost": 21.521402258300782, "noise_cost": 49.76371458344357, "n_waypoints_completed": 0, "tot_waypoints": 9}}
{"target": -1696.2878135744218, "params": {"k_pid_pos": [2.0, 0.05524492263793945, 0.04816815257072449], "k_pid_alt": [0.06812828779220581, 0.05459246039390564, 1.0], "k_pid_att": [4.6064019203186035, 9.552512168884277, 1.0], "k_pid_yaw": [0.5, 1e-06, 0.1], "k_pid_hsp": [9.999999747378752e-05, 1.0, 1.0], "k_pid_vsp": [34.20630645751953, 400.0, 400.0]}, "datetime": {"datetime": "2025-08-22 01:07:46", "elapsed": 58983.115582466125, "delta": 21.101746559143066}, "costs": {"total_cost": 1696.2878135744218, "time_cost": 150, "final_distance_cost": 20.24520693855778, "oscillation_cost": 284.3041266038464, "completition_cost": 1000.0, "overshoot_cost": 163.3913051009411, "power_cost": 19.37028623046875, "noise_cost": 58.976888700607674, "n_waypoints_completed": 0, "tot_waypoints": 9}}
{"target": -18055.111070131516, "params": {"k_pid_pos": [1.819449543952942, 0.031410276889801025, 0.0], "k_pid_alt": [0.09772586822509766, 0.04332447052001953, 1.0], "k_pid_att": [0.0, 9.211996078491211, 0.978550910949707], "k_pid_yaw": [0.5, 1e-06, 0.1], "k_pid_hsp": [0.2362944483757019, 0.9838550090789795, 1.0], "k_pid_vsp": [0.0, 400.0, 400.0]}, "datetime": {"datetime": "2025-08-22 01:08:07", "elapsed": 59003.604540109634, "delta": 20.48895764350891}, "costs": {"total_cost": 18055.111070131516, "time_cost": 150, "final_distance_cost": 4954.469009702186, "oscillation_cost": 1862.2128168356794, "completition_cost": 1000.0, "overshoot_cost": 9950.749515212217, "power_cost": 34.687478869628904, "noise_cost": 102.99224951180445, "n_waypoints_completed": 0, "tot_waypoints": 9}}
{"target": -1983.991873226326, "params": {"k_pid_pos": [1.928070068359375, 0.09370243549346924, 0.028238236904144287], "k_pid_alt": [0.0, 0.0, 0.9638856649398804], "k_pid_att": [2.9928267002105713, 10.0, 1.0], "k_pid_yaw": [0.5, 1e-06, 0.1], "k_pid_hsp": [0.1510392129421234, 1.0, 1.0], "k_pid_vsp": [31.573915481567383, 381.57476806640625, 389.35540771484375]}, "datetime": {"datetime": "2025-08-22 01:08:29", "elapsed": 59025.85508561134, "delta": 22.250545501708984}, "costs": {"total_cost": 1983.991873226326, "time_cost": 150, "final_distance_cost": 95.70916359163837, "oscillation_cost": 311.18241507843254, "completition_cost": 1000.0, "overshoot_cost": 349.7117812078185, "power_cost": 14.485587854003906, "noise_cost": 62.902925494432886, "n_waypoints_completed": 0, "tot_waypoints": 9}}
{"target": -7317.820145328383, "params": {"k_pid_pos": [1.9581817388534546, 0.0, 0.06901282072067261], "k_pid_alt": [0.07238644361495972, 0.0, 0.9865132570266724], "k_pid_att": [0.0, 9.238924026489258, 0.9864063858985901], "k_pid_yaw": [0.5, 1e-06, 0.1], "k_pid_hsp": [0.2131919264793396, 0.9696657657623291, 0.9700515866279602], "k_pid_vsp": [0.0, 396.4909973144531, 370.40789794921875]}, "datetime": {"datetime": "2025-08-22 01:08:50", "elapsed": 59046.47454237938, "delta": 20.61945676803589}, "costs": {"total_cost": 7317.820145328383, "time_cost": 150, "final_distance_cost": 1577.7011436784785, "oscillation_cost": 2179.7375279801463, "completition_cost": 1000.0, "overshoot_cost": 2281.2557611798397, "power_cost": 31.68364235839844, "noise_cost": 97.44207013151899, "n_waypoints_completed": 0, "tot_waypoints": 9}}
{"target": -10257.127929815064, "params": {"k_pid_pos": [1.9552215337753296, 0.10318267345428467, 0.0], "k_pid_alt": [0.06100362539291382, 0.07692122459411621, 1.0], "k_pid_att": [0.009772181510925293, 9.303125381469727, 0.94666987657547], "k_pid_yaw": [0.5, 1e-06, 0.1], "k_pid_hsp": [0.32289227843284607, 0.9294910430908203, 0.9034846425056458], "k_pid_vsp": [1.2639403343200684, 400.0, 371.7037658691406]}, "datetime": {"datetime": "2025-08-22 01:09:12", "elapsed": 59068.78403568268, "delta": 22.30949330329895}, "costs": {"total_cost": 10257.127929815064, "time_cost": 150, "final_distance_cost": 1293.4054867849675, "oscillation_cost": 2261.895246593138, "completition_cost": 1000.0, "overshoot_cost": 5412.918865695458, "power_cost": 35.1088486328125, "noise_cost": 103.7994821086888, "n_waypoints_completed": 0, "tot_waypoints": 9}}
{"target": -1637.8117990738842, "params": {"k_pid_pos": [2.0, 0.0, 0.06468886137008667], "k_pid_alt": [0.1263258457183838, 0.0, 0.8502997159957886], "k_pid_att": [9.259361267089844, 10.0, 0.8646998405456543], "k_pid_yaw": [0.5, 1e-06, 0.1], "k_pid_hsp": [9.999999747378752e-05, 0.9939090013504028, 0.956257700920105], "k_pid_vsp": [44.18619918823242, 400.0, 385.01788330078125]}, "datetime": {"datetime": "2025-08-22 01:09:32", "elapsed": 59088.95363163948, "delta": 20.169595956802368}, "costs": {"total_cost": 1637.8117990738842, "time_cost": 150, "final_distance_cost": 52.506282412102095, "oscillation_cost": 229.21959334684303, "completition_cost": 1000.0, "overshoot_cost": 168.6958787258952, "power_cost": 20.70290386962891, "noise_cost": 16.68714071941478, "n_waypoints_completed": 0, "tot_waypoints": 9}}
{"target": -1562.9239116217357, "params": {"k_pid_pos": [2.0, 0.0, 0.0], "k_pid_alt": [0.0, 0.0, 1.0], "k_pid_att": [5.373701572418213, 10.0, 1.0], "k_pid_yaw": [0.5, 1e-06, 0.1], "k_pid_hsp": [0.22134247422218323, 0.9950613975524902, 1.0], "k_pid_vsp": [45.43268585205078, 400.0, 400.0]}, "datetime": {"datetime": "2025-08-22 01:09:54", "elapsed": 59110.9807536602, "delta": 22.027122020721436}, "costs": {"total_cost": 1562.9239116217357, "time_cost": 150, "final_distance_cost": 40.44687817141895, "oscillation_cost": 201.89200376100877, "completition_cost": 1000.0, "overshoot_cost": 119.78894949829527, "power_cost": 20.14542077636719, "noise_cost": 30.650659414645393, "n_waypoints_completed": 0, "tot_waypoints": 9}}
