{"target": -3754.0234186474986, "params": {"k_pid_pos": [1.9113926887512207, 0.0, 0.044256001710891724], "k_pid_alt": [0.005507946014404297, 0.0121232271194458, 0.9290356040000916], "k_pid_att": [6.362348556518555, 10.0, 0.9495998620986938], "k_pid_yaw": [0.5, 1e-06, 0.1], "k_pid_hsp": [9.999999747378752e-05, 1.0, 1.0], "k_pid_vsp": [0.0, 400.0, 400.0]}, "datetime": {"datetime": "2025-08-21 21:47:00", "elapsed": 46937.31808400154, "delta": 25.375075578689575}, "costs": {"total_cost": 3754.0234186474986, "time_cost": 150, "final_distance_cost": 1076.925563324869, "oscillation_cost": 195.9827599081439, "completition_cost": 1000.0, "overshoot_cost": 1303.5666240434653, "power_cost": 14.82777557373047, "noise_cost": 12.720695797289647, "n_waypoints_completed": 0, "tot_waypoints": 9}}
{"target": -12772.599709726128, "params": {"k_pid_pos": [2.0, 0.05606943368911743, 0.04729819297790527], "k_pid_alt": [0.0, 0.0760117769241333, 0.9954701066017151], "k_pid_att": [0.0, 10.0, 0.9905014038085938], "k_pid_yaw": [0.5, 1e-06, 0.1], "k_pid_hsp": [0.030626511201262474, 1.0, 1.0], "k_pid_vsp": [5.908524990081787, 400.0, 400.0]}, "datetime": {"datetime": "2025-08-21 21:47:25", "elapsed": 46961.67869782448, "delta": 24.36061382293701}, "costs": {"total_cost": 12772.599709726128, "time_cost": 150, "final_distance_cost": 3935.095252199966, "oscillation_cost": 2182.482703699228, "completition_cost": 1000.0, "overshoot_cost": 5376.693814895013, "power_cost": 31.53002225341797, "noise_cost": 96.79791667850193, "n_waypoints_completed": 0, "tot_waypoints": 9}}
{"target": -6053.659424790481, "params": {"k_pid_pos": [2.0, 0.02733403444290161, 0.0], "k_pid_alt": [0.03950023651123047, 0.05421432852745056, 0.9678844213485718], "k_pid_att": [0.0, 9.92598819732666, 0.9623558521270752], "k_pid_yaw": [0.5, 1e-06, 0.1], "k_pid_hsp": [0.03069058619439602, 1.0, 1.0], "k_pid_vsp": [0.0, 391.6915283203125, 400.0]}, "datetime": {"datetime": "2025-08-21 21:47:49", "elapsed": 46985.68119621277, "delta": 24.002498388290405}, "costs": {"total_cost": 6053.659424790481, "time_cost": 150, "final_distance_cost": 869.0045377422827, "oscillation_cost": 1915.760284670777, "completition_cost": 1000.0, "overshoot_cost": 1986.2688564921266, "power_cost": 33.119075366210936, "noise_cost": 99.50667051908356, "n_waypoints_completed": 0, "tot_waypoints": 9}}
{"target": -8457.637505495566, "params": {"k_pid_pos": [1.9800939559936523, 0.03081458806991577, 0.0], "k_pid_alt": [0.11207926273345947, 0.0, 1.0], "k_pid_att": [0.0, 9.417214393615723, 0.9387438297271729], "k_pid_yaw": [0.5, 1e-06, 0.1], "k_pid_hsp": [9.999999747378752e-05, 0.9615015983581543, 1.0], "k_pid_vsp": [0.0, 386.8577880859375, 400.0]}, "datetime": {"datetime": "2025-08-21 21:48:13", "elapsed": 47009.96302509308, "delta": 24.28182888031006}, "costs": {"total_cost": 8457.637505495566, "time_cost": 150, "final_distance_cost": 2539.2961199289457, "oscillation_cost": 646.0702103479795, "completition_cost": 1000.0, "overshoot_cost": 3984.264711615031, "power_cost": 35.19834694824219, "noise_cost": 102.80811665536744, "n_waypoints_completed": 0, "tot_waypoints": 9}}
{"target": -1769.8299433600723, "params": {"k_pid_pos": [2.0, 0.0, 0.0], "k_pid_alt": [0.11337578296661377, 0.0, 1.0], "k_pid_att": [7.610699653625488, 10.0, 1.0], "k_pid_yaw": [0.5, 1e-06, 0.1], "k_pid_hsp": [9.999999747378752e-05, 0.9471323490142822, 1.0], "k_pid_vsp": [30.92380714416504, 400.0, 382.3629455566406]}, "datetime": {"datetime": "2025-08-21 21:48:37", "elapsed": 47033.93463110924, "delta": 23.971606016159058}, "costs": {"total_cost": 1769.8299433600723, "time_cost": 150, "final_distance_cost": 145.60100890094492, "oscillation_cost": 187.28700978763138, "completition_cost": 888.8888888888888, "overshoot_cost": 359.7074790092013, "power_cost": 21.80084764404297, "noise_cost": 16.54470912936315, "n_waypoints_completed": 1, "tot_waypoints": 9}}
{"target": -1736.9107413270108, "params": {"k_pid_pos": [1.990496277809143, 0.0, 0.0], "k_pid_alt": [0.06908845901489258, 0.0, 1.0], "k_pid_att": [6.48018741607666, 9.695538520812988, 1.0], "k_pid_yaw": [0.5, 1e-06, 0.1], "k_pid_hsp": [0.20276211202144623, 0.9887736439704895, 1.0], "k_pid_vsp": [21.91817855834961, 395.5196533203125, 376.43780517578125]}, "datetime": {"datetime": "2025-08-21 21:49:01", "elapsed": 47058.24866962433, "delta": 24.314038515090942}, "costs": {"total_cost": 1736.9107413270108, "time_cost": 150, "final_distance_cost": 207.45953581698765, "oscillation_cost": 210.5566969927787, "completition_cost": 888.8888888888888, "overshoot_cost": 225.8356239444807, "power_cost": 20.931424169921875, "noise_cost": 33.238571513953076, "n_waypoints_completed": 1, "tot_waypoints": 9}}
{"target": -11240.776089646673, "params": {"k_pid_pos": [1.9481728076934814, 0.02621641755104065, 0.04660108685493469], "k_pid_alt": [0.0, 0.0, 1.0], "k_pid_att": [0.0, 9.327174186706543, 0.9965205192565918], "k_pid_yaw": [0.5, 1e-06, 0.1], "k_pid_hsp": [1.5358597040176392, 1.0, 1.0], "k_pid_vsp": [32.866764068603516, 400.0, 381.88067626953125]}, "datetime": {"datetime": "2025-08-21 21:49:25", "elapsed": 47081.5950191021, "delta": 23.346349477767944}, "costs": {"total_cost": 11240.776089646673, "time_cost": 150, "final_distance_cost": 3399.707995131808, "oscillation_cost": 1707.1622854039074, "completition_cost": 1000.0, "overshoot_cost": 4864.645580888997, "power_cost": 27.396235595703125, "noise_cost": 91.86399262625875, "n_waypoints_completed": 0, "tot_waypoints": 9}}
{"target": -4055.199561962987, "params": {"k_pid_pos": [2.0, 0.03192833065986633, 0.0], "k_pid_alt": [0.15458166599273682, 0.0, 0.8892228603363037], "k_pid_att": [0.0, 10.0, 0.9981153011322021], "k_pid_yaw": [0.5, 1e-06, 0.1], "k_pid_hsp": [0.20190469920635223, 1.0, 0.9337300062179565], "k_pid_vsp": [0.0, 392.1670837402344, 400.0]}, "datetime": {"datetime": "2025-08-21 21:49:50", "elapsed": 47106.74449658394, "delta": 25.14947748184204}, "costs": {"total_cost": 4055.199561962987, "time_cost": 150, "final_distance_cost": 331.756284037127, "oscillation_cost": 1650.716282142296, "completition_cost": 1000.0, "overshoot_cost": 788.2826421576817, "power_cost": 33.76613820800782, "noise_cost": 100.67821541787445, "n_waypoints_completed": 0, "tot_waypoints": 9}}
{"target": -8632.037304619369, "params": {"k_pid_pos": [2.0, 0.0, 0.0], "k_pid_alt": [0.02077174186706543, 0.0, 0.9812330007553101], "k_pid_att": [0.0, 9.96284294128418, 1.0], "k_pid_yaw": [0.5, 1e-06, 0.1], "k_pid_hsp": [0.286520391702652, 0.9617375731468201, 1.0], "k_pid_vsp": [0.0, 400.0, 400.0]}, "datetime": {"datetime": "2025-08-21 21:50:12", "elapsed": 47129.381558179855, "delta": 22.637061595916748}, "costs": {"total_cost": 8632.037304619369, "time_cost": 150, "final_distance_cost": 2324.0033781416096, "oscillation_cost": 1663.9866026664747, "completition_cost": 1000.0, "overshoot_cost": 3356.311088103503, "power_cost": 34.72796588134766, "noise_cost": 103.00826982643358, "n_waypoints_completed": 0, "tot_waypoints": 9}}
{"target": -8649.849183432276, "params": {"k_pid_pos": [2.0, 0.0, 0.0], "k_pid_alt": [0.0, 0.014169424772262573, 1.0], "k_pid_att": [0.0, 10.0, 0.9648141860961914], "k_pid_yaw": [0.5, 1e-06, 0.1], "k_pid_hsp": [9.999999747378752e-05, 1.0, 1.0], "k_pid_vsp": [0.0, 400.0, 400.0]}, "datetime": {"datetime": "2025-08-21 21:50:37", "elapsed": 47153.64229917526, "delta": 24.260740995407104}, "costs": {"total_cost": 8649.849183432276, "time_cost": 150, "final_distance_cost": 1867.9908753793786, "oscillation_cost": 1123.2292310537825, "completition_cost": 1000.0, "overshoot_cost": 4381.806278509, "power_cost": 31.485387548828125, "noise_cost": 95.33741094128752, "n_waypoints_completed": 0, "tot_waypoints": 9}}
{"target": -21231.073710600158, "params": {"k_pid_pos": [1.8980005979537964, 0.0, 0.0], "k_pid_alt": [0.015007317066192627, 0.0, 0.9933054447174072], "k_pid_att": [0.0, 10.0, 0.9932914972305298], "k_pid_yaw": [0.5, 1e-06, 0.1], "k_pid_hsp": [0.3566421568393707, 0.9838093519210815, 1.0], "k_pid_vsp": [0.0, 400.0, 400.0]}, "datetime": {"datetime": "2025-08-21 21:51:00", "elapsed": 47177.46692442894, "delta": 23.824625253677368}, "costs": {"total_cost": 21231.073710600158, "time_cost": 150, "final_distance_cost": 6351.901507676646, "oscillation_cost": 2254.303957604516, "completition_cost": 1000.0, "overshoot_cost": 11336.290516519655, "power_cost": 34.98296180419922, "noise_cost": 103.59476699514143, "n_waypoints_completed": 0, "tot_waypoints": 9}}
{"target": -4556.533088850231, "params": {"k_pid_pos": [1.9996517896652222, 0.0, 0.0684264600276947], "k_pid_alt": [0.0, 0.0, 1.0], "k_pid_att": [0.0, 10.0, 0.9585173726081848], "k_pid_yaw": [0.5, 1e-06, 0.1], "k_pid_hsp": [9.999999747378752e-05, 0.9554715156555176, 1.0], "k_pid_vsp": [0.0, 381.540771484375, 400.0]}, "datetime": {"datetime": "2025-08-21 21:51:24", "elapsed": 47200.859847307205, "delta": 23.39292287826538}, "costs": {"total_cost": 4556.533088850231, "time_cost": 150, "final_distance_cost": 655.3756721344572, "oscillation_cost": 1607.125675739955, "completition_cost": 1000.0, "overshoot_cost": 1035.9024421304046, "power_cost": 24.03326534423828, "noise_cost": 84.09603350117581, "n_waypoints_completed": 0, "tot_waypoints": 9}}
{"target": -1631.4299807772068, "params": {"k_pid_pos": [2.0, 0.022645562887191772, 0.0], "k_pid_alt": [0.0, 0.0, 0.9732359051704407], "k_pid_att": [6.282398223876953, 10.0, 0.9804760813713074], "k_pid_yaw": [0.5, 1e-06, 0.1], "k_pid_hsp": [9.999999747378752e-05, 0.9276581406593323, 0.937735915184021], "k_pid_vsp": [0.0, 393.3321533203125, 389.7679443359375]}, "datetime": {"datetime": "2025-08-21 21:51:49", "elapsed": 47225.54212784767, "delta": 24.68228054046631}, "costs": {"total_cost": 1631.4299807772068, "time_cost": 150, "final_distance_cost": 16.804183085510125, "oscillation_cost": 244.0669676323526, "completition_cost": 1000.0, "overshoot_cost": 157.23438176883724, "power_cost": 17.51707939453125, "noise_cost": 45.807368895975586, "n_waypoints_completed": 0, "tot_waypoints": 9}}
{"target": -3735.1356504823134, "params": {"k_pid_pos": [2.0, 0.08245640993118286, 0.0], "k_pid_alt": [0.0, 0.0, 0.9746835827827454], "k_pid_att": [0.0, 10.0, 0.9221023917198181], "k_pid_yaw": [0.5, 1e-06, 0.1], "k_pid_hsp": [0.02343885973095894, 0.955853283405304, 1.0], "k_pid_vsp": [7.638847827911377, 381.4848327636719, 400.0]}, "datetime": {"datetime": "2025-08-21 21:52:11", "elapsed": 47248.14218354225, "delta": 22.600055694580078}, "costs": {"total_cost": 3735.1356504823134, "time_cost": 150, "final_distance_cost": 335.5040581956974, "oscillation_cost": 1691.4280862560568, "completition_cost": 1000.0, "overshoot_cost": 454.98814850255275, "power_cost": 22.543557617187503, "noise_cost": 80.67179991081933, "n_waypoints_completed": 0, "tot_waypoints": 9}}
{"target": -2016.2838735731993, "params": {"k_pid_pos": [1.910469651222229, 0.0, 0.0], "k_pid_alt": [0.0, 0.003548741340637207, 1.0], "k_pid_att": [2.8162689208984375, 9.861220359802246, 1.0], "k_pid_yaw": [0.5, 1e-06, 0.1], "k_pid_hsp": [9.999999747378752e-05, 1.0, 0.9835014343261719], "k_pid_vsp": [0.0, 382.9495544433594, 400.0]}, "datetime": {"datetime": "2025-08-21 21:52:36", "elapsed": 47272.69960856438, "delta": 24.557425022125244}, "costs": {"total_cost": 2016.2838735731993, "time_cost": 150, "final_distance_cost": 107.79767891857882, "oscillation_cost": 337.7703980247015, "completition_cost": 1000.0, "overshoot_cost": 321.5990486170241, "power_cost": 24.113375634765625, "noise_cost": 75.00337237812961, "n_waypoints_completed": 0, "tot_waypoints": 9}}
{"target": -1925.9765375250392, "params": {"k_pid_pos": [2.0, 0.0, 0.10935398936271667], "k_pid_alt": [0.0, 0.024466723203659058, 1.0], "k_pid_att": [2.0118117332458496, 10.0, 0.9653197526931763], "k_pid_yaw": [0.5, 1e-06, 0.1], "k_pid_hsp": [1.3203332424163818, 0.9641966819763184, 1.0], "k_pid_vsp": [0.0, 400.0, 400.0]}, "datetime": {"datetime": "2025-08-21 21:53:00", "elapsed": 47296.72345018387, "delta": 24.023841619491577}, "costs": {"total_cost": 1925.9765375250392, "time_cost": 150, "final_distance_cost": 20.396513120260185, "oscillation_cost": 478.8123273992532, "completition_cost": 1000.0, "overshoot_cost": 161.62218748426633, "power_cost": 28.47791608886719, "noise_cost": 86.66759343239237, "n_waypoints_completed": 0, "tot_waypoints": 9}}
{"target": -1804.7875202065718, "params": {"k_pid_pos": [2.0, 0.0, 0.0], "k_pid_alt": [0.0, 0.038653403520584106, 1.0], "k_pid_att": [2.849721908569336, 10.0, 1.0], "k_pid_yaw": [0.5, 1e-06, 0.1], "k_pid_hsp": [9.999999747378752e-05, 0.9948905110359192, 0.9821845889091492], "k_pid_vsp": [12.341344833374023, 394.24493408203125, 391.6640625]}, "datetime": {"datetime": "2025-08-21 21:53:24", "elapsed": 47320.74284172058, "delta": 24.019391536712646}, "costs": {"total_cost": 1804.7875202065718, "time_cost": 150, "final_distance_cost": 67.7407209433376, "oscillation_cost": 338.8121168048141, "completition_cost": 1000.0, "overshoot_cost": 208.17442579067233, "power_cost": 18.011884716796875, "noise_cost": 22.04837195095082, "n_waypoints_completed": 0, "tot_waypoints": 9}}
{"target": -2992.5893967747434, "params": {"k_pid_pos": [2.0, 0.04691493511199951, 0.043953776359558105], "k_pid_alt": [0.0, 0.0, 0.9914201498031616], "k_pid_att": [0.4867464303970337, 10.0, 1.0], "k_pid_yaw": [0.5, 1e-06, 0.1], "k_pid_hsp": [9.999999747378752e-05, 1.0, 1.0], "k_pid_vsp": [0.0, 379.51837158203125, 380.8474426269531]}, "datetime": {"datetime": "2025-08-21 21:53:48", "elapsed": 47345.1527235508, "delta": 24.409881830215454}, "costs": {"total_cost": 2992.5893967747434, "time_cost": 150, "final_distance_cost": 421.1384470007924, "oscillation_cost": 905.8720341214506, "completition_cost": 1000.0, "overshoot_cost": 429.3008040558524, "power_cost": 17.475382653808595, "noise_cost": 68.80272894283905, "n_waypoints_completed": 0, "tot_waypoints": 9}}
{"target": -1761.139590893267, "params": {"k_pid_pos": [2.0, 0.020446330308914185, 0.0], "k_pid_alt": [0.10123628377914429, 0.0, 0.9126014709472656], "k_pid_att": [2.8010129928588867, 10.0, 1.0], "k_pid_yaw": [0.5, 1e-06, 0.1], "k_pid_hsp": [0.34581926465034485, 0.9749032258987427, 0.9944140911102295], "k_pid_vsp": [12.427818298339844, 394.2281188964844, 377.71112060546875]}, "datetime": {"datetime": "2025-08-21 21:54:11", "elapsed": 47368.29452228546, "delta": 23.141798734664917}, "costs": {"total_cost": 1761.139590893267, "time_cost": 150, "final_distance_cost": 39.104516327990936, "oscillation_cost": 343.1309731714961, "completition_cost": 1000.0, "overshoot_cost": 185.37669346979123, "power_cost": 20.588142236328125, "noise_cost": 22.939265687660555, "n_waypoints_completed": 0, "tot_waypoints": 9}}
{"target": -5090.370940366264, "params": {"k_pid_pos": [1.8547508716583252, 0.0, 0.0], "k_pid_alt": [0.032887399196624756, 0.07539379596710205, 1.0], "k_pid_att": [11.282503128051758, 9.385226249694824, 0.9374724626541138], "k_pid_yaw": [0.5, 1e-06, 0.1], "k_pid_hsp": [0.09097382426261902, 0.9195313453674316, 1.0], "k_pid_vsp": [0.0, 400.0, 400.0]}, "datetime": {"datetime": "2025-08-21 21:54:35", "elapsed": 47392.38157272339, "delta": 24.087050437927246}, "costs": {"total_cost": 5090.370940366264, "time_cost": 150, "final_distance_cost": 1457.8082267440032, "oscillation_cost": 259.4841842769538, "completition_cost": 1000.0, "overshoot_cost": 2192.3509119681626, "power_cost": 17.19877960205078, "noise_cost": 13.528837775093928, "n_waypoints_completed": 0, "tot_waypoints": 9}}
{"target": -1658.4904444634117, "params": {"k_pid_pos": [1.9355837106704712, 0.03925648331642151, 0.050487250089645386], "k_pid_alt": [0.0, 0.0, 1.0], "k_pid_att": [6.898924827575684, 9.4999361038208, 0.99190354347229], "k_pid_yaw": [0.5, 1e-06, 0.1], "k_pid_hsp": [9.999999747378752e-05, 0.9306610822677612, 1.0], "k_pid_vsp": [0.0, 383.5862731933594, 390.7183532714844]}, "datetime": {"datetime": "2025-08-21 21:55:01", "elapsed": 47418.3416056633, "delta": 25.96003293991089}, "costs": {"total_cost": 1658.4904444634117, "time_cost": 150, "final_distance_cost": 11.138733416018587, "oscillation_cost": 289.0992939932037, "completition_cost": 1000.0, "overshoot_cost": 133.5968694343329, "power_cost": 20.701983728027344, "noise_cost": 53.95356389182931, "n_waypoints_completed": 0, "tot_waypoints": 9}}
{"target": -12999.847585904998, "params": {"k_pid_pos": [1.911619782447815, 0.02584463357925415, 0.019449591636657715], "k_pid_alt": [0.0, 0.0, 1.0], "k_pid_att": [0.0, 10.0, 0.9888243675231934], "k_pid_yaw": [0.5, 1e-06, 0.1], "k_pid_hsp": [0.7359638214111328, 1.0, 1.0], "k_pid_vsp": [0.0, 385.97735595703125, 400.0]}, "datetime": {"datetime": "2025-08-21 21:55:25", "elapsed": 47441.607179403305, "delta": 23.265573740005493}, "costs": {"total_cost": 12999.847585904998, "time_cost": 150, "final_distance_cost": 4057.0172284482965, "oscillation_cost": 2000.6157398399666, "completition_cost": 1000.0, "overshoot_cost": 5671.090748652812, "power_cost": 28.487375073242188, "noise_cost": 92.63649389068051, "n_waypoints_completed": 0, "tot_waypoints": 9}}
{"target": -7832.717278147183, "params": {"k_pid_pos": [2.0, 0.0, 0.048123180866241455], "k_pid_alt": [0.0, 0.04380297660827637, 1.0], "k_pid_att": [0.0, 10.0, 0.9833697080612183], "k_pid_yaw": [0.5, 1e-06, 0.1], "k_pid_hsp": [9.999999747378752e-05, 0.9459725618362427, 1.0], "k_pid_vsp": [0.0, 366.92877197265625, 387.4881896972656]}, "datetime": {"datetime": "2025-08-21 21:55:49", "elapsed": 47465.66135978699, "delta": 24.05418038368225}, "costs": {"total_cost": 7832.717278147183, "time_cost": 150, "final_distance_cost": 1644.035103530213, "oscillation_cost": 1150.5939190658469, "completition_cost": 1000.0, "overshoot_cost": 3762.525312179319, "power_cost": 31.115656188964845, "noise_cost": 94.44728718283851, "n_waypoints_completed": 0, "tot_waypoints": 9}}
{"target": -1717.1197297108513, "params": {"k_pid_pos": [2.0, 0.019326090812683105, 0.018397986888885498], "k_pid_alt": [0.011289477348327637, 0.06884682178497314, 0.9773296117782593], "k_pid_att": [3.4472405910491943, 10.0, 1.0], "k_pid_yaw": [0.5, 1e-06, 0.1], "k_pid_hsp": [0.30702924728393555, 0.974004864692688, 1.0], "k_pid_vsp": [4.616129398345947, 369.020751953125, 382.17364501953125]}, "datetime": {"datetime": "2025-08-21 21:56:12", "elapsed": 47488.51705503464, "delta": 22.855695247650146}, "costs": {"total_cost": 1717.1197297108513, "time_cost": 150, "final_distance_cost": 62.316625616771844, "oscillation_cost": 292.9430062040553, "completition_cost": 1000.0, "overshoot_cost": 161.56837747533217, "power_cost": 17.82785231933594, "noise_cost": 32.46386809535602, "n_waypoints_completed": 0, "tot_waypoints": 9}}
{"target": -6744.109096177004, "params": {"k_pid_pos": [2.0, 0.04772642254829407, 0.0], "k_pid_alt": [0.0, 0.024590730667114258, 0.9558655619621277], "k_pid_att": [0.0, 10.0, 1.0], "k_pid_yaw": [0.5, 1e-06, 0.1], "k_pid_hsp": [9.999999747378752e-05, 1.0, 0.9674673080444336], "k_pid_vsp": [8.45177173614502, 400.0, 400.0]}, "datetime": {"datetime": "2025-08-21 21:56:36", "elapsed": 47512.84687948227, "delta": 24.329824447631836}, "costs": {"total_cost": 6744.109096177004, "time_cost": 150, "final_distance_cost": 1672.9897109240717, "oscillation_cost": 2024.9879497341067, "completition_cost": 1000.0, "overshoot_cost": 1759.7000236355566, "power_cost": 34.384345971679686, "noise_cost": 102.04706591159031, "n_waypoints_completed": 0, "tot_waypoints": 9}}
{"target": -12328.653698833488, "params": {"k_pid_pos": [2.0, 0.0, 0.022045940160751343], "k_pid_alt": [0.0, 0.0329204797744751, 1.0], "k_pid_att": [0.0, 10.0, 0.9238232970237732], "k_pid_yaw": [0.5, 1e-06, 0.1], "k_pid_hsp": [9.999999747378752e-05, 0.9913261532783508, 1.0], "k_pid_vsp": [0.0, 360.1470031738281, 398.62274169921875]}, "datetime": {"datetime": "2025-08-21 21:57:00", "elapsed": 47536.56692290306, "delta": 23.720043420791626}, "costs": {"total_cost": 12328.653698833488, "time_cost": 150, "final_distance_cost": 4121.038887763778, "oscillation_cost": 2069.6313775078024, "completition_cost": 1000.0, "overshoot_cost": 4854.184861020886, "power_cost": 33.580411047363285, "noise_cost": 100.21816149365893, "n_waypoints_completed": 0, "tot_waypoints": 9}}
{"target": -2184.2365150257665, "params": {"k_pid_pos": [1.8502334356307983, 0.05230957269668579, 0.0], "k_pid_alt": [0.1185983419418335, 0.0, 0.9965534806251526], "k_pid_att": [2.041778087615967, 10.0, 0.9984872341156006], "k_pid_yaw": [0.5, 1e-06, 0.1], "k_pid_hsp": [9.999999747378752e-05, 0.9638689756393433, 1.0], "k_pid_vsp": [8.864486694335938, 400.0, 400.0]}, "datetime": {"datetime": "2025-08-21 21:57:23", "elapsed": 47559.986594200134, "delta": 23.419671297073364}, "costs": {"total_cost": 2184.2365150257665, "time_cost": 150, "final_distance_cost": 122.8347866697234, "oscillation_cost": 442.0149067861623, "completition_cost": 1000.0, "overshoot_cost": 353.5041986201164, "power_cost": 28.765635485839844, "noise_cost": 87.11698746392442, "n_waypoints_completed": 0, "tot_waypoints": 9}}
{"target": -2002.2188528115719, "params": {"k_pid_pos": [2.0, 0.0, 0.0], "k_pid_alt": [0.18736612796783447, 0.0, 0.9778753519058228], "k_pid_att": [2.126014232635498, 10.0, 1.0], "k_pid_yaw": [0.5, 1e-06, 0.1], "k_pid_hsp": [9.999999747378752e-05, 1.0, 1.0], "k_pid_vsp": [0.0, 400.0, 385.8216857910156]}, "datetime": {"datetime": "2025-08-21 21:57:48", "elapsed": 47584.57114815712, "delta": 24.584553956985474}, "costs": {"total_cost": 2002.2188528115719, "time_cost": 150, "final_distance_cost": 70.98692602993712, "oscillation_cost": 427.4603374970394, "completition_cost": 1000.0, "overshoot_cost": 244.96694608660977, "power_cost": 27.125712622070314, "noise_cost": 81.67893057591517, "n_waypoints_completed": 0, "tot_waypoints": 9}}
