{"target": -1702.8295514837296, "params": {"k_pid_pos": [2.0, 0.055766135454177856, 0.1275569200515747], "k_pid_alt": [0.0, 0.0, 0.9407685995101929], "k_pid_att": [3.6645145416259766, 9.939835548400879, 0.959907054901123], "k_pid_yaw": [0.5, 1e-06, 0.1], "k_pid_hsp": [9.999999747378752e-05, 0.9467198848724365, 1.0], "k_pid_vsp": [1.9218921661376953, 400.0, 400.0]}, "datetime": {"datetime": "2025-08-21 17:30:49", "elapsed": 31565.80167078972, "delta": 24.87886929512024}, "costs": {"total_cost": 1702.8295514837296, "time_cost": 150, "final_distance_cost": 6.744026603530431, "oscillation_cost": 289.78090466458275, "completition_cost": 1000.0, "overshoot_cost": 190.04319916575668, "power_cost": 20.7227375, "noise_cost": 45.53868354985989, "n_waypoints_completed": 0, "tot_waypoints": 9}}
{"target": -3698.64911810189, "params": {"k_pid_pos": [1.8910036087036133, 0.005931973457336426, 0.0], "k_pid_alt": [0.07206660509109497, 0.0, 1.0], "k_pid_att": [0.039646029472351074, 9.917570114135742, 0.9634952545166016], "k_pid_yaw": [0.5, 1e-06, 0.1], "k_pid_hsp": [9.999999747378752e-05, 1.0, 1.0], "k_pid_vsp": [0.0, 400.0, 400.0]}, "datetime": {"datetime": "2025-08-21 17:31:13", "elapsed": 31589.95561337471, "delta": 24.153942584991455}, "costs": {"total_cost": 3698.64911810189, "time_cost": 150, "final_distance_cost": 380.1015570578684, "oscillation_cost": 1055.1260131607214, "completition_cost": 1000.0, "overshoot_cost": 995.3671068335752, "power_cost": 28.84218444824219, "noise_cost": 89.21225660148262, "n_waypoints_completed": 0, "tot_waypoints": 9}}
{"target": -12675.640087668544, "params": {"k_pid_pos": [1.919905185699463, 0.06053313612937927, 0.0], "k_pid_alt": [0.0, 0.051462262868881226, 1.0], "k_pid_att": [0.0, 10.0, 1.0], "k_pid_yaw": [0.5, 1e-06, 0.1], "k_pid_hsp": [0.2624051868915558, 0.98103928565979, 1.0], "k_pid_vsp": [14.768815040588379, 371.6389465332031, 400.0]}, "datetime": {"datetime": "2025-08-21 17:31:37", "elapsed": 31613.85124850273, "delta": 23.89563512802124}, "costs": {"total_cost": 12675.640087668544, "time_cost": 150, "final_distance_cost": 4419.481320623258, "oscillation_cost": 1923.53123992941, "completition_cost": 1000.0, "overshoot_cost": 5047.991642350405, "power_cost": 33.7533453491211, "noise_cost": 100.88253941634956, "n_waypoints_completed": 0, "tot_waypoints": 9}}
{"target": -1753.8703508276683, "params": {"k_pid_pos": [1.9088234901428223, 0.06977874040603638, 0.0], "k_pid_alt": [0.07883405685424805, 0.0, 0.9451847672462463], "k_pid_att": [5.237183094024658, 9.679978370666504, 1.0], "k_pid_yaw": [0.5, 1e-06, 0.1], "k_pid_hsp": [9.999999747378752e-05, 1.0, 0.9822630882263184], "k_pid_vsp": [0.0, 364.2182922363281, 390.8594665527344]}, "datetime": {"datetime": "2025-08-21 17:32:00", "elapsed": 31636.728649139404, "delta": 22.877400636672974}, "costs": {"total_cost": 1753.8703508276683, "time_cost": 150, "final_distance_cost": 134.35707263076662, "oscillation_cost": 248.79499420718358, "completition_cost": 1000.0, "overshoot_cost": 166.31970197836563, "power_cost": 21.857221801757813, "noise_cost": 32.54136020959455, "n_waypoints_completed": 0, "tot_waypoints": 9}}
{"target": -2111.081911323923, "params": {"k_pid_pos": [2.0, 0.03257766366004944, 0.0], "k_pid_alt": [0.05613362789154053, 0.005198359489440918, 1.0], "k_pid_att": [3.745490312576294, 10.0, 1.0], "k_pid_yaw": [0.5, 1e-06, 0.1], "k_pid_hsp": [9.999999747378752e-05, 1.0, 1.0], "k_pid_vsp": [0.0, 400.0, 378.58740234375]}, "datetime": {"datetime": "2025-08-21 17:32:23", "elapsed": 31659.790662527084, "delta": 23.062013387680054}, "costs": {"total_cost": 2111.081911323923, "time_cost": 150, "final_distance_cost": 149.40583178250705, "oscillation_cost": 266.79467696516025, "completition_cost": 1000.0, "overshoot_cost": 495.4164895869839, "power_cost": 19.965337219238283, "noise_cost": 29.499575770033463, "n_waypoints_completed": 0, "tot_waypoints": 9}}
{"target": -1821.493784924799, "params": {"k_pid_pos": [2.0, 0.0, 0.0], "k_pid_alt": [0.0, 0.0, 1.0], "k_pid_att": [1.7799556255340576, 10.0, 0.9997354745864868], "k_pid_yaw": [0.5, 1e-06, 0.1], "k_pid_hsp": [9.999999747378752e-05, 1.0, 0.9477860927581787], "k_pid_vsp": [0.0, 400.0, 391.2257385253906]}, "datetime": {"datetime": "2025-08-21 17:32:46", "elapsed": 31683.32439470291, "delta": 23.533732175827026}, "costs": {"total_cost": 1821.493784924799, "time_cost": 150, "final_distance_cost": 2.799404371363155, "oscillation_cost": 447.71695868728557, "completition_cost": 1000.0, "overshoot_cost": 135.8577188647898, "power_cost": 17.18816162109375, "noise_cost": 67.93154138026678, "n_waypoints_completed": 0, "tot_waypoints": 9}}
{"target": -3115.627601390419, "params": {"k_pid_pos": [1.9585403203964233, 0.046390265226364136, 0.0], "k_pid_alt": [0.0, 0.0, 0.9449464082717896], "k_pid_att": [0.0, 9.80562973022461, 0.938444197177887], "k_pid_yaw": [0.5, 1e-06, 0.1], "k_pid_hsp": [9.999999747378752e-05, 0.9958704710006714, 1.0], "k_pid_vsp": [0.0, 358.2326965332031, 400.0]}, "datetime": {"datetime": "2025-08-21 17:33:10", "elapsed": 31707.073226690292, "delta": 23.74883198738098}, "costs": {"total_cost": 3115.627601390419, "time_cost": 150, "final_distance_cost": 321.07720685778304, "oscillation_cost": 1147.0665539277227, "completition_cost": 1000.0, "overshoot_cost": 395.29716449475836, "power_cost": 22.31177470703125, "noise_cost": 79.87490140312323, "n_waypoints_completed": 0, "tot_waypoints": 9}}
{"target": -4899.338936670262, "params": {"k_pid_pos": [1.874698519706726, 0.059911370277404785, 0.08490166068077087], "k_pid_alt": [0.0039871931076049805, 0.03808325529098511, 0.956997275352478], "k_pid_att": [0.0, 9.75002384185791, 0.968499481678009], "k_pid_yaw": [0.5, 1e-06, 0.1], "k_pid_hsp": [9.999999747378752e-05, 0.9873805046081543, 0.9547252655029297], "k_pid_vsp": [0.0, 369.0420837402344, 392.291748046875]}, "datetime": {"datetime": "2025-08-21 17:33:34", "elapsed": 31731.293842554092, "delta": 24.22061586380005}, "costs": {"total_cost": 4899.338936670262, "time_cost": 150, "final_distance_cost": 734.1200359744087, "oscillation_cost": 1295.6791962532504, "completition_cost": 1000.0, "overshoot_cost": 1593.0790311980109, "power_cost": 31.338232812500003, "noise_cost": 95.12244043209327, "n_waypoints_completed": 0, "tot_waypoints": 9}}
{"target": -1681.9785088297103, "params": {"k_pid_pos": [2.0, 0.00548100471496582, 0.01965954899787903], "k_pid_alt": [0.0, 0.0, 1.0], "k_pid_att": [6.885761260986328, 10.0, 1.0], "k_pid_yaw": [0.5, 1e-06, 0.1], "k_pid_hsp": [0.1306525319814682, 1.0, 0.9620833396911621], "k_pid_vsp": [2.6384830474853516, 400.0, 400.0]}, "datetime": {"datetime": "2025-08-21 17:33:57", "elapsed": 31754.34863424301, "delta": 23.054791688919067}, "costs": {"total_cost": 1681.9785088297103, "time_cost": 150, "final_distance_cost": 24.305375089025, "oscillation_cost": 284.06824833696925, "completition_cost": 1000.0, "overshoot_cost": 147.7763776423532, "power_cost": 18.812424328613282, "noise_cost": 57.01608343274927, "n_waypoints_completed": 0, "tot_waypoints": 9}}
{"target": -1919.8516951397767, "params": {"k_pid_pos": [1.9833101034164429, 0.0, 0.08108991384506226], "k_pid_alt": [0.1271175742149353, 0.03263804316520691, 1.0], "k_pid_att": [1.7124176025390625, 9.714973449707031, 1.0], "k_pid_yaw": [0.5, 1e-06, 0.1], "k_pid_hsp": [9.999999747378752e-05, 1.0, 0.9793955087661743], "k_pid_vsp": [0.0, 400.0, 400.0]}, "datetime": {"datetime": "2025-08-21 17:34:20", "elapsed": 31777.200060129166, "delta": 22.851425886154175}, "costs": {"total_cost": 1919.8516951397767, "time_cost": 150, "final_distance_cost": 3.672970307381878, "oscillation_cost": 503.4650279728483, "completition_cost": 1000.0, "overshoot_cost": 139.75757556775685, "power_cost": 31.05152606201172, "noise_cost": 91.90459522977777, "n_waypoints_completed": 0, "tot_waypoints": 9}}
{"target": -5622.263302863677, "params": {"k_pid_pos": [2.0, 0.03159242868423462, 0.0], "k_pid_alt": [0.0, 0.12764394283294678, 1.0], "k_pid_att": [0.0, 10.0, 0.8922710418701172], "k_pid_yaw": [0.5, 1e-06, 0.1], "k_pid_hsp": [9.999999747378752e-05, 0.9523199796676636, 0.9727492332458496], "k_pid_vsp": [0.0, 400.0, 369.7958984375]}, "datetime": {"datetime": "2025-08-21 17:34:44", "elapsed": 31801.22550058365, "delta": 24.025440454483032}, "costs": {"total_cost": 5622.263302863677, "time_cost": 150, "final_distance_cost": 1180.2154740210362, "oscillation_cost": 1971.6957748247478, "completition_cost": 1000.0, "overshoot_cost": 1183.575960554573, "power_cost": 34.68049069824219, "noise_cost": 102.09560276507823, "n_waypoints_completed": 0, "tot_waypoints": 9}}
{"target": -1699.6528162305112, "params": {"k_pid_pos": [2.0, 0.0, 0.0], "k_pid_alt": [0.0, 0.07950600981712341, 1.0], "k_pid_att": [4.866489887237549, 9.713197708129883, 0.9044991731643677], "k_pid_yaw": [0.5, 1e-06, 0.1], "k_pid_hsp": [1.2366876602172852, 1.0, 0.943318247795105], "k_pid_vsp": [0.0, 400.0, 381.97064208984375]}, "datetime": {"datetime": "2025-08-21 17:35:09", "elapsed": 31825.84947872162, "delta": 24.62397813796997}, "costs": {"total_cost": 1699.6528162305112, "time_cost": 150, "final_distance_cost": 1.6809764548063209, "oscillation_cost": 311.0444491157486, "completition_cost": 1000.0, "overshoot_cost": 136.04388352400125, "power_cost": 24.944196997070314, "noise_cost": 75.93931013888488, "n_waypoints_completed": 0, "tot_waypoints": 9}}
{"target": -6523.871019980082, "params": {"k_pid_pos": [2.0, 0.029372960329055786, 0.0], "k_pid_alt": [0.0, 0.03417646884918213, 1.0], "k_pid_att": [0.8046239614486694, 9.441886901855469, 0.9402391910552979], "k_pid_yaw": [0.5, 1e-06, 0.1], "k_pid_hsp": [9.999999747378752e-05, 0.9679762125015259, 1.0], "k_pid_vsp": [0.0, 398.8780822753906, 400.0]}, "datetime": {"datetime": "2025-08-21 17:35:32", "elapsed": 31849.460874557495, "delta": 23.611395835876465}, "costs": {"total_cost": 6523.871019980082, "time_cost": 150, "final_distance_cost": 1786.5411963451331, "oscillation_cost": 616.0072085940695, "completition_cost": 1000.0, "overshoot_cost": 2846.7584472754857, "power_cost": 31.3660677734375, "noise_cost": 93.19809999195591, "n_waypoints_completed": 0, "tot_waypoints": 9}}
{"target": -1853.8610092077674, "params": {"k_pid_pos": [2.0, 0.0, 0.027286410331726074], "k_pid_alt": [0.0, 0.09348219633102417, 1.0], "k_pid_att": [2.2976160049438477, 10.0, 1.0], "k_pid_yaw": [0.5, 1e-06, 0.1], "k_pid_hsp": [0.21980856359004974, 0.9690051078796387, 1.0], "k_pid_vsp": [5.436491966247559, 400.0, 391.16827392578125]}, "datetime": {"datetime": "2025-08-21 17:35:55", "elapsed": 31871.827739953995, "delta": 22.366865396499634}, "costs": {"total_cost": 1853.8610092077674, "time_cost": 150, "final_distance_cost": 9.254208713542528, "oscillation_cost": 427.46838728644155, "completition_cost": 1000.0, "overshoot_cost": 147.88221682535058, "power_cost": 29.923325500488282, "noise_cost": 89.33287088194439, "n_waypoints_completed": 0, "tot_waypoints": 9}}
{"target": -4566.949711058097, "params": {"k_pid_pos": [2.0, 0.043700605630874634, 0.0], "k_pid_alt": [0.02654653787612915, 0.017911285161972046, 0.9880925416946411], "k_pid_att": [0.0, 10.0, 1.0], "k_pid_yaw": [0.5, 1e-06, 0.1], "k_pid_hsp": [1.0383715629577637, 0.924177885055542, 0.9985772371292114], "k_pid_vsp": [0.0, 397.46331787109375, 400.0]}, "datetime": {"datetime": "2025-08-21 17:36:18", "elapsed": 31895.449496746063, "delta": 23.62175679206848}, "costs": {"total_cost": 4566.949711058097, "time_cost": 150, "final_distance_cost": 640.4493000150196, "oscillation_cost": 1324.7342393732526, "completition_cost": 1000.0, "overshoot_cost": 1321.8289194858075, "power_cost": 32.34112816162109, "noise_cost": 97.59612402239564, "n_waypoints_completed": 0, "tot_waypoints": 9}}
{"target": -8048.826550456833, "params": {"k_pid_pos": [2.0, 0.0023515820503234863, 0.06954038143157959], "k_pid_alt": [0.0, 0.008655637502670288, 0.9673166275024414], "k_pid_att": [0.0, 9.713661193847656, 0.9618580341339111], "k_pid_yaw": [0.5, 1e-06, 0.1], "k_pid_hsp": [9.999999747378752e-05, 1.0, 1.0], "k_pid_vsp": [0.0, 363.90386962890625, 391.1272888183594]}, "datetime": {"datetime": "2025-08-21 17:36:43", "elapsed": 31919.506634950638, "delta": 24.057138204574585}, "costs": {"total_cost": 8048.826550456833, "time_cost": 150, "final_distance_cost": 1345.0766311115806, "oscillation_cost": 1614.2674899217802, "completition_cost": 1000.0, "overshoot_cost": 3804.6781265067298, "power_cost": 34.01405085449219, "noise_cost": 100.79025206225124, "n_waypoints_completed": 0, "tot_waypoints": 9}}
{"target": -1862.573760240106, "params": {"k_pid_pos": [1.9300353527069092, 0.14112675189971924, 0.0675080418586731], "k_pid_alt": [0.0, 0.04576632380485535, 0.9808256030082703], "k_pid_att": [2.769559621810913, 10.0, 1.0], "k_pid_yaw": [0.5, 1e-06, 0.1], "k_pid_hsp": [0.29473352432250977, 1.0, 1.0], "k_pid_vsp": [0.0, 370.6205749511719, 400.0]}, "datetime": {"datetime": "2025-08-21 17:37:06", "elapsed": 31943.071276426315, "delta": 23.56464147567749}, "costs": {"total_cost": 1862.573760240106, "time_cost": 150, "final_distance_cost": 39.72372817402738, "oscillation_cost": 363.55379536478114, "completition_cost": 1000.0, "overshoot_cost": 211.02311436223093, "power_cost": 23.819547509765627, "noise_cost": 74.45357482930076, "n_waypoints_completed": 0, "tot_waypoints": 9}}
{"target": -7209.579913386533, "params": {"k_pid_pos": [1.9197025299072266, 0.0, 0.0], "k_pid_alt": [0.0, 0.02901199460029602, 1.0], "k_pid_att": [0.0, 10.0, 0.9845476746559143], "k_pid_yaw": [0.5, 1e-06, 0.1], "k_pid_hsp": [9.999999747378752e-05, 1.0, 1.0], "k_pid_vsp": [0.0, 400.0, 400.0]}, "datetime": {"datetime": "2025-08-21 17:37:30", "elapsed": 31967.445627450943, "delta": 24.374351024627686}, "costs": {"total_cost": 7209.579913386533, "time_cost": 150, "final_distance_cost": 1610.1185412475509, "oscillation_cost": 1803.7145721242423, "completition_cost": 1000.0, "overshoot_cost": 2509.6113854361583, "power_cost": 34.35868665771485, "noise_cost": 101.77672792086673, "n_waypoints_completed": 0, "tot_waypoints": 9}}
{"target": -7951.6200542941215, "params": {"k_pid_pos": [2.0, 0.0, 0.0], "k_pid_alt": [0.04357635974884033, 0.0, 0.9367357492446899], "k_pid_att": [0.0, 9.411492347717285, 0.9709521532058716], "k_pid_yaw": [0.5, 1e-06, 0.1], "k_pid_hsp": [0.667465090751648, 0.9571917653083801, 0.9429203271865845], "k_pid_vsp": [8.075057983398438, 389.22247314453125, 376.7076721191406]}, "datetime": {"datetime": "2025-08-21 17:37:53", "elapsed": 31990.288440704346, "delta": 22.84281325340271}, "costs": {"total_cost": 7951.6200542941215, "time_cost": 150, "final_distance_cost": 1902.9259586695407, "oscillation_cost": 2061.2057582935854, "completition_cost": 1000.0, "overshoot_cost": 2701.0952604332083, "power_cost": 34.192786450195314, "noise_cost": 102.20029044759251, "n_waypoints_completed": 0, "tot_waypoints": 9}}
{"target": -1702.9636833972756, "params": {"k_pid_pos": [2.0, 0.017404168844223022, 0.01733461022377014], "k_pid_alt": [0.05089211463928223, 0.13682949542999268, 1.0], "k_pid_att": [11.520406723022461, 10.0, 1.0], "k_pid_yaw": [0.5, 1e-06, 0.1], "k_pid_hsp": [9.999999747378752e-05, 0.9930444955825806, 0.9079933166503906], "k_pid_vsp": [0.0, 400.0, 400.0]}, "datetime": {"datetime": "2025-08-21 17:38:17", "elapsed": 32014.429015874863, "delta": 24.140575170516968}, "costs": {"total_cost": 1702.9636833972756, "time_cost": 150, "final_distance_cost": 1.6385119720213028, "oscillation_cost": 323.50469674913865, "completition_cost": 1000.0, "overshoot_cost": 142.70466057265375, "power_cost": 20.275543408203127, "noise_cost": 64.84027069525905, "n_waypoints_completed": 0, "tot_waypoints": 9}}
{"target": -23559.12732906602, "params": {"k_pid_pos": [1.9998458623886108, 0.0, 0.0], "k_pid_alt": [0.0, 0.05161970853805542, 0.954679012298584], "k_pid_att": [0.0, 10.0, 1.0], "k_pid_yaw": [0.5, 1e-06, 0.1], "k_pid_hsp": [0.013200671412050724, 1.0, 0.9985932111740112], "k_pid_vsp": [0.0, 378.180908203125, 400.0]}, "datetime": {"datetime": "2025-08-21 17:38:43", "elapsed": 32039.751692295074, "delta": 25.322676420211792}, "costs": {"total_cost": 23559.12732906602, "time_cost": 150, "final_distance_cost": 7045.502103267802, "oscillation_cost": 2339.498245304752, "completition_cost": 1000.0, "overshoot_cost": 12889.55801768054, "power_cost": 33.681760009765625, "noise_cost": 100.88720280316494, "n_waypoints_completed": 0, "tot_waypoints": 9}}
{"target": -8335.711075931307, "params": {"k_pid_pos": [1.948143720626831, 0.027944713830947876, 0.004962265491485596], "k_pid_alt": [0.025202453136444092, 0.09880861639976501, 1.0], "k_pid_att": [0.0, 9.704389572143555, 0.958503246307373], "k_pid_yaw": [0.5, 1e-06, 0.1], "k_pid_hsp": [0.09079530835151672, 1.0, 0.9713033437728882], "k_pid_vsp": [0.0, 392.59405517578125, 394.2135314941406]}, "datetime": {"datetime": "2025-08-21 17:39:08", "elapsed": 32064.903203487396, "delta": 25.151511192321777}, "costs": {"total_cost": 8335.711075931307, "time_cost": 150, "final_distance_cost": 1764.038359029788, "oscillation_cost": 973.8032886322242, "completition_cost": 1000.0, "overshoot_cost": 4315.84271136376, "power_cost": 33.144768383789064, "noise_cost": 98.88194852174591, "n_waypoints_completed": 0, "tot_waypoints": 9}}
{"target": -6183.968200210252, "params": {"k_pid_pos": [2.0, 0.06311541795730591, 0.00013276934623718262], "k_pid_alt": [0.0, 0.0, 0.9853252172470093], "k_pid_att": [0.0, 10.0, 1.0], "k_pid_yaw": [0.5, 1e-06, 0.1], "k_pid_hsp": [9.999999747378752e-05, 1.0, 1.0], "k_pid_vsp": [13.404464721679688, 372.8729553222656, 393.37481689453125]}, "datetime": {"datetime": "2025-08-21 17:39:32", "elapsed": 32089.010405778885, "delta": 24.107202291488647}, "costs": {"total_cost": 6183.968200210252, "time_cost": 150, "final_distance_cost": 1239.6907083462331, "oscillation_cost": 1087.0303271632597, "completition_cost": 1000.0, "overshoot_cost": 2615.301216207897, "power_cost": 18.910768090820312, "noise_cost": 73.03518040204162, "n_waypoints_completed": 0, "tot_waypoints": 9}}
{"target": -5511.451784232869, "params": {"k_pid_pos": [1.9716424942016602, 0.0, 0.04601064324378967], "k_pid_alt": [0.0, 0.0, 1.0], "k_pid_att": [0.0, 10.0, 0.9442393779754639], "k_pid_yaw": [0.5, 1e-06, 0.1], "k_pid_hsp": [0.14043058454990387, 1.0, 0.9450631141662598], "k_pid_vsp": [36.207984924316406, 400.0, 400.0]}, "datetime": {"datetime": "2025-08-21 17:39:56", "elapsed": 32112.593604803085, "delta": 23.58319902420044}, "costs": {"total_cost": 5511.451784232869, "time_cost": 150, "final_distance_cost": 764.3266379157801, "oscillation_cost": 1988.2000409992265, "completition_cost": 1000.0, "overshoot_cost": 1484.8071368766807, "power_cost": 28.67562321777344, "noise_cost": 95.44234522340835, "n_waypoints_completed": 0, "tot_waypoints": 9}}
{"target": -3897.0870208725537, "params": {"k_pid_pos": [1.931298851966858, 0.0, 0.04394799470901489], "k_pid_alt": [0.0, 0.0, 1.0], "k_pid_att": [0.0, 9.611830711364746, 1.0], "k_pid_yaw": [0.5, 1e-06, 0.1], "k_pid_hsp": [0.5526164174079895, 1.0, 1.0], "k_pid_vsp": [16.230510711669922, 400.0, 389.890380859375]}, "datetime": {"datetime": "2025-08-21 17:40:21", "elapsed": 32137.881969451904, "delta": 25.28836464881897}, "costs": {"total_cost": 3897.0870208725537, "time_cost": 150, "final_distance_cost": 514.5248038714416, "oscillation_cost": 1555.73014059661, "completition_cost": 1000.0, "overshoot_cost": 575.2145254347857, "power_cost": 21.991990991210937, "noise_cost": 79.62555997850527, "n_waypoints_completed": 0, "tot_waypoints": 9}}
{"target": -3182.3570356813325, "params": {"k_pid_pos": [2.0, 0.046079546213150024, 0.0], "k_pid_alt": [0.024855196475982666, 0.042980700731277466, 0.9965959787368774], "k_pid_att": [5.093008041381836, 10.0, 0.9703776240348816], "k_pid_yaw": [0.5, 1e-06, 0.1], "k_pid_hsp": [9.999999747378752e-05, 1.0, 1.0], "k_pid_vsp": [0.0, 385.4027404785156, 400.0]}, "datetime": {"datetime": "2025-08-21 17:40:45", "elapsed": 32162.216450452805, "delta": 24.33448100090027}, "costs": {"total_cost": 3182.3570356813325, "time_cost": 150, "final_distance_cost": 932.8839563705355, "oscillation_cost": 171.39805611031503, "completition_cost": 888.8888888888888, "overshoot_cost": 1001.1774305967872, "power_cost": 18.943491931152344, "noise_cost": 19.06521178365336, "n_waypoints_completed": 1, "tot_waypoints": 9}}
{"target": -7361.31523419646, "params": {"k_pid_pos": [2.0, 0.009429991245269775, 0.0], "k_pid_alt": [0.0, 0.0, 0.999728262424469], "k_pid_att": [0.0, 9.643579483032227, 1.0], "k_pid_yaw": [0.5, 1e-06, 0.1], "k_pid_hsp": [9.999999747378752e-05, 0.999451220035553, 0.9365847110748291], "k_pid_vsp": [4.594063758850098, 400.0, 398.708251953125]}, "datetime": {"datetime": "2025-08-21 17:41:09", "elapsed": 32185.951419353485, "delta": 23.734968900680542}, "costs": {"total_cost": 7361.31523419646, "time_cost": 150, "final_distance_cost": 1899.010237976351, "oscillation_cost": 639.253555400613, "completition_cost": 1000.0, "overshoot_cost": 3594.976613177203, "power_cost": 14.100893200683595, "noise_cost": 63.97393444160963, "n_waypoints_completed": 0, "tot_waypoints": 9}}
{"target": -2279.0688065198515, "params": {"k_pid_pos": [1.8220463991165161, 0.0, 0.03525102138519287], "k_pid_alt": [0.130296528339386, 0.0, 1.0], "k_pid_att": [5.0570068359375, 10.0, 1.0], "k_pid_yaw": [0.5, 1e-06, 0.1], "k_pid_hsp": [0.3628353178501129, 1.0, 0.9219760894775391], "k_pid_vsp": [0.0, 383.2391357421875, 396.0721130371094]}, "datetime": {"datetime": "2025-08-21 17:41:32", "elapsed": 32208.893190145493, "delta": 22.941770792007446}, "costs": {"total_cost": 2279.0688065198515, "time_cost": 150, "final_distance_cost": 234.6112710712547, "oscillation_cost": 289.3457805467857, "completition_cost": 1000.0, "overshoot_cost": 564.4917122770968, "power_cost": 18.233800170898437, "noise_cost": 22.38624245381577, "n_waypoints_completed": 0, "tot_waypoints": 9}}
