{"target": -10157.915007274969, "params": {"k_pid_pos": [2.0, 0.0, 0.0], "k_pid_alt": [0.0, 0.0, 1.0], "k_pid_att": [0.0, 10.0, 1.0], "k_pid_yaw": [0.5, 1e-06, 0.1], "k_pid_hsp": [0.32454031705856323, 1.0, 1.0], "k_pid_vsp": [0.0, 395.5111999511719, 390.8450012207031]}, "datetime": {"datetime": "2025-08-21 14:26:07", "elapsed": 20484.042109012604, "delta": 23.559075593948364}, "costs": {"total_cost": 10157.915007274969, "time_cost": 150, "final_distance_cost": 3214.8181502376956, "oscillation_cost": 1540.5974499284164, "completition_cost": 1000.0, "overshoot_cost": 4135.486043369492, "power_cost": 26.753440466308597, "noise_cost": 90.25992327305451, "n_waypoints_completed": 0, "tot_waypoints": 9}}
{"target": -1570.6086043736905, "params": {"k_pid_pos": [2.0, 0.09427332878112793, 0.04202064871788025], "k_pid_alt": [0.0, 0.0, 1.0], "k_pid_att": [3.7906527519226074, 9.006335258483887, 1.0], "k_pid_yaw": [0.5, 1e-06, 0.1], "k_pid_hsp": [0.15234096348285675, 1.0, 0.8889870047569275], "k_pid_vsp": [16.33803939819336, 392.81744384765625, 400.0]}, "datetime": {"datetime": "2025-08-21 14:26:30", "elapsed": 20507.14147734642, "delta": 23.09936833381653}, "costs": {"total_cost": 1570.6086043736905, "time_cost": 150, "final_distance_cost": 74.91686941664196, "oscillation_cost": 239.15551493672726, "completition_cost": 1000.0, "overshoot_cost": 70.98346706235277, "power_cost": 15.967216406250001, "noise_cost": 19.585536551718658, "n_waypoints_completed": 0, "tot_waypoints": 9}}
{"target": -6214.634219774069, "params": {"k_pid_pos": [1.940131425857544, 0.0, 0.0], "k_pid_alt": [0.03483617305755615, 0.0, 0.9947728514671326], "k_pid_att": [0.0, 10.0, 1.0], "k_pid_yaw": [0.5, 1e-06, 0.1], "k_pid_hsp": [9.999999747378752e-05, 1.0, 0.9627882838249207], "k_pid_vsp": [15.416693687438965, 395.77264404296875, 400.0]}, "datetime": {"datetime": "2025-08-21 14:26:54", "elapsed": 20530.469531297684, "delta": 23.328053951263428}, "costs": {"total_cost": 6214.634219774069, "time_cost": 150, "final_distance_cost": 1168.5257289153337, "oscillation_cost": 905.3343266474358, "completition_cost": 1000.0, "overshoot_cost": 2868.6850912661316, "power_cost": 29.97144548339844, "noise_cost": 92.1176274617692, "n_waypoints_completed": 0, "tot_waypoints": 9}}
{"target": -1733.8558865805476, "params": {"k_pid_pos": [1.9073494672775269, 0.0, 0.0], "k_pid_alt": [0.0, 0.0, 1.0], "k_pid_att": [3.171294927597046, 10.0, 1.0], "k_pid_yaw": [0.5, 1e-06, 0.1], "k_pid_hsp": [9.999999747378752e-05, 1.0, 1.0], "k_pid_vsp": [12.760734558105469, 360.3756103515625, 400.0]}, "datetime": {"datetime": "2025-08-21 14:27:17", "elapsed": 20553.49138212204, "delta": 23.02185082435608}, "costs": {"total_cost": 1733.8558865805476, "time_cost": 150, "final_distance_cost": 12.733472805055902, "oscillation_cost": 351.06440321074655, "completition_cost": 1000.0, "overshoot_cost": 140.13156048077033, "power_cost": 15.1297607421875, "noise_cost": 64.7966893417873, "n_waypoints_completed": 0, "tot_waypoints": 9}}
{"target": -16830.29300301529, "params": {"k_pid_pos": [2.0, 0.0033265650272369385, 0.018482446670532227], "k_pid_alt": [0.0, 0.0049644410610198975, 0.9685800075531006], "k_pid_att": [0.0, 10.0, 1.0], "k_pid_yaw": [0.5, 1e-06, 0.1], "k_pid_hsp": [1.08567476272583, 1.0, 0.9760714769363403], "k_pid_vsp": [0.0, 377.55560302734375, 365.7502746582031]}, "datetime": {"datetime": "2025-08-21 14:27:40", "elapsed": 20576.52302980423, "delta": 23.03164768218994}, "costs": {"total_cost": 16830.29300301529, "time_cost": 150, "final_distance_cost": 5343.360527287813, "oscillation_cost": 2166.819478059427, "completition_cost": 1000.0, "overshoot_cost": 8033.212916390275, "power_cost": 34.429974389648436, "noise_cost": 102.47010688812578, "n_waypoints_completed": 0, "tot_waypoints": 9}}
{"target": -2038.3915915309763, "params": {"k_pid_pos": [2.0, 0.016158312559127808, 0.07091161608695984], "k_pid_alt": [0.0, 0.007106810808181763, 0.8890933990478516], "k_pid_att": [1.4730304479599, 9.426538467407227, 1.0], "k_pid_yaw": [0.5, 1e-06, 0.1], "k_pid_hsp": [9.999999747378752e-05, 0.9447500705718994, 0.9841775894165039], "k_pid_vsp": [26.460731506347656, 400.0, 400.0]}, "datetime": {"datetime": "2025-08-21 14:28:02", "elapsed": 20599.311953783035, "delta": 22.788923978805542}, "costs": {"total_cost": 2038.3915915309763, "time_cost": 150, "final_distance_cost": 15.601221290946512, "oscillation_cost": 565.7698609608958, "completition_cost": 1000.0, "overshoot_cost": 185.24190430364254, "power_cost": 30.489693054199222, "noise_cost": 91.28891192129208, "n_waypoints_completed": 0, "tot_waypoints": 9}}
{"target": -22276.024821387215, "params": {"k_pid_pos": [2.0, 0.01335299015045166, 0.047129809856414795], "k_pid_alt": [0.21666550636291504, 0.0, 0.9796068668365479], "k_pid_att": [0.0, 9.992477416992188, 0.9647777080535889], "k_pid_yaw": [0.5, 1e-06, 0.1], "k_pid_hsp": [9.999999747378752e-05, 0.9687252044677734, 1.0], "k_pid_vsp": [10.027610778808594, 400.0, 398.00982666015625]}, "datetime": {"datetime": "2025-08-21 14:28:26", "elapsed": 20622.69595694542, "delta": 23.384003162384033}, "costs": {"total_cost": 22276.024821387215, "time_cost": 150, "final_distance_cost": 6988.626725646285, "oscillation_cost": 2129.267727256603, "completition_cost": 1000.0, "overshoot_cost": 11869.58664563458, "power_cost": 34.98032899169922, "noise_cost": 103.5633938580466, "n_waypoints_completed": 0, "tot_waypoints": 9}}
{"target": -8489.086478882273, "params": {"k_pid_pos": [2.0, 0.0, 0.0], "k_pid_alt": [0.0, 0.0, 0.9875365495681763], "k_pid_att": [0.0, 10.0, 1.0], "k_pid_yaw": [0.5, 1e-06, 0.1], "k_pid_hsp": [0.13427378237247467, 0.965825617313385, 1.0], "k_pid_vsp": [36.9786262512207, 400.0, 369.82940673828125]}, "datetime": {"datetime": "2025-08-21 14:28:49", "elapsed": 20645.900683879852, "delta": 23.204726934432983}, "costs": {"total_cost": 8489.086478882273, "time_cost": 150, "final_distance_cost": 2436.4591998340584, "oscillation_cost": 1780.7257073846179, "completition_cost": 1000.0, "overshoot_cost": 3010.556571786859, "power_cost": 24.839631201171876, "noise_cost": 86.50536867556622, "n_waypoints_completed": 0, "tot_waypoints": 9}}
{"target": -2127.12971365061, "params": {"k_pid_pos": [1.9352082014083862, 0.07214990258216858, 0.011171698570251465], "k_pid_alt": [0.11557948589324951, 0.0, 0.9543764591217041], "k_pid_att": [1.0822385549545288, 10.0, 0.9775731563568115], "k_pid_yaw": [0.5, 1e-06, 0.1], "k_pid_hsp": [0.8038325905799866, 0.9917306900024414, 1.0], "k_pid_vsp": [8.084297180175781, 368.5461120605469, 400.0]}, "datetime": {"datetime": "2025-08-21 14:29:12", "elapsed": 20669.093633413315, "delta": 23.192949533462524}, "costs": {"total_cost": 2127.12971365061, "time_cost": 150, "final_distance_cost": 4.882833583414502, "oscillation_cost": 676.2597834927692, "completition_cost": 1000.0, "overshoot_cost": 171.99830033904212, "power_cost": 31.139543261718753, "noise_cost": 92.84925297366566, "n_waypoints_completed": 0, "tot_waypoints": 9}}
{"target": -4722.615262147224, "params": {"k_pid_pos": [1.946504831314087, 0.10156488418579102, 0.0], "k_pid_alt": [0.1366339921951294, 0.0, 1.0], "k_pid_att": [0.0, 10.0, 0.9683558940887451], "k_pid_yaw": [0.5, 1e-06, 0.1], "k_pid_hsp": [0.4971959590911865, 1.0, 1.0], "k_pid_vsp": [19.58070945739746, 400.0, 400.0]}, "datetime": {"datetime": "2025-08-21 14:29:35", "elapsed": 20692.374663114548, "delta": 23.28102970123291}, "costs": {"total_cost": 4722.615262147224, "time_cost": 150, "final_distance_cost": 452.49950461268395, "oscillation_cost": 2136.3021601538726, "completition_cost": 1000.0, "overshoot_cost": 849.6865876829623, "power_cost": 33.53889560546875, "noise_cost": 100.58811409223682, "n_waypoints_completed": 0, "tot_waypoints": 9}}
{"target": -4737.752850106354, "params": {"k_pid_pos": [1.910894513130188, 0.0, 0.11904698610305786], "k_pid_alt": [0.0, 0.05128100514411926, 0.921514630317688], "k_pid_att": [0.0, 10.0, 0.9030088186264038], "k_pid_yaw": [0.5, 1e-06, 0.1], "k_pid_hsp": [9.999999747378752e-05, 1.0, 0.9861459732055664], "k_pid_vsp": [0.0, 400.0, 377.8496398925781]}, "datetime": {"datetime": "2025-08-21 14:29:59", "elapsed": 20716.32146215439, "delta": 23.9467990398407}, "costs": {"total_cost": 4737.752850106354, "time_cost": 150, "final_distance_cost": 648.656787559002, "oscillation_cost": 1732.1145946747074, "completition_cost": 1000.0, "overshoot_cost": 1074.6791754193657, "power_cost": 33.029850720214846, "noise_cost": 99.27244173306366, "n_waypoints_completed": 0, "tot_waypoints": 9}}
{"target": -1849.9108891257627, "params": {"k_pid_pos": [1.9959193468093872, 0.0, 0.03017115592956543], "k_pid_alt": [0.0, 0.1164756715297699, 1.0], "k_pid_att": [2.298882484436035, 9.997726440429688, 1.0], "k_pid_yaw": [0.5, 1e-06, 0.1], "k_pid_hsp": [9.999999747378752e-05, 1.0, 1.0], "k_pid_vsp": [0.0, 400.0, 400.0]}, "datetime": {"datetime": "2025-08-21 14:30:23", "elapsed": 20739.81774830818, "delta": 23.496286153793335}, "costs": {"total_cost": 1849.9108891257627, "time_cost": 150, "final_distance_cost": 6.793197783763146, "oscillation_cost": 430.7128701601933, "completition_cost": 1000.0, "overshoot_cost": 147.44296288230768, "power_cost": 29.210729980468752, "noise_cost": 85.75112831902966, "n_waypoints_completed": 0, "tot_waypoints": 9}}
{"target": -11541.623194735832, "params": {"k_pid_pos": [1.993955135345459, 0.04649263620376587, 0.0], "k_pid_alt": [0.07592934370040894, 0.0, 0.9848710894584656], "k_pid_att": [0.0, 9.655320167541504, 1.0], "k_pid_yaw": [0.5, 1e-06, 0.1], "k_pid_hsp": [9.999999747378752e-05, 0.8616345524787903, 1.0], "k_pid_vsp": [3.865063190460205, 384.2023010253906, 381.5360412597656]}, "datetime": {"datetime": "2025-08-21 14:30:47", "elapsed": 20763.538878917694, "delta": 23.72113060951233}, "costs": {"total_cost": 11541.623194735832, "time_cost": 150, "final_distance_cost": 3087.8850366800407, "oscillation_cost": 2137.067188993777, "completition_cost": 1000.0, "overshoot_cost": 5030.2800657229345, "power_cost": 34.29715770263672, "noise_cost": 102.09374563644246, "n_waypoints_completed": 0, "tot_waypoints": 9}}
{"target": -2101.615138650446, "params": {"k_pid_pos": [2.0, 0.03427731990814209, 0.0], "k_pid_alt": [0.07989501953125, 0.09054151177406311, 0.9504488706588745], "k_pid_att": [1.8921732902526855, 9.256622314453125, 0.9528185129165649], "k_pid_yaw": [0.5, 1e-06, 0.1], "k_pid_hsp": [0.8783522248268127, 0.9396210312843323, 0.9855741858482361], "k_pid_vsp": [13.325119018554688, 387.02001953125, 387.7760314941406]}, "datetime": {"datetime": "2025-08-21 14:31:10", "elapsed": 20786.85472369194, "delta": 23.315844774246216}, "costs": {"total_cost": 2101.615138650446, "time_cost": 150, "final_distance_cost": 67.03702105880393, "oscillation_cost": 441.0636719734021, "completition_cost": 1000.0, "overshoot_cost": 332.4247273633165, "power_cost": 27.54632645263672, "noise_cost": 83.54339180228685, "n_waypoints_completed": 0, "tot_waypoints": 9}}
{"target": -11962.624645748678, "params": {"k_pid_pos": [1.9477202892303467, 0.023928821086883545, 0.008337557315826416], "k_pid_alt": [0.0, 0.025199085474014282, 1.0], "k_pid_att": [0.046500563621520996, 10.0, 1.0], "k_pid_yaw": [0.5, 1e-06, 0.1], "k_pid_hsp": [9.999999747378752e-05, 1.0, 0.9735166430473328], "k_pid_vsp": [0.0, 400.0, 400.0]}, "datetime": {"datetime": "2025-08-21 14:31:33", "elapsed": 20809.806603193283, "delta": 22.951879501342773}, "costs": {"total_cost": 11962.624645748678, "time_cost": 150, "final_distance_cost": 3167.8688933554927, "oscillation_cost": 1863.6564537899167, "completition_cost": 1000.0, "overshoot_cost": 5652.363676770835, "power_cost": 31.816819274902347, "noise_cost": 96.91880255753273, "n_waypoints_completed": 0, "tot_waypoints": 9}}
{"target": -11794.752282927397, "params": {"k_pid_pos": [2.0, 0.0, 0.02103087306022644], "k_pid_alt": [0.0, 0.05875203013420105, 1.0], "k_pid_att": [0.0, 9.861759185791016, 1.0], "k_pid_yaw": [0.5, 1e-06, 0.1], "k_pid_hsp": [9.999999747378752e-05, 0.9527790546417236, 0.9735705852508545], "k_pid_vsp": [1.883697509765625, 400.0, 377.9151916503906]}, "datetime": {"datetime": "2025-08-21 14:31:56", "elapsed": 20833.215032577515, "delta": 23.408429384231567}, "costs": {"total_cost": 11794.752282927397, "time_cost": 150, "final_distance_cost": 3161.44707688096, "oscillation_cost": 1712.220086709557, "completition_cost": 1000.0, "overshoot_cost": 5638.979311042743, "power_cost": 32.837854211425785, "noise_cost": 99.26795408271006, "n_waypoints_completed": 0, "tot_waypoints": 9}}
{"target": -5163.508705019884, "params": {"k_pid_pos": [2.0, 0.012207478284835815, 0.0], "k_pid_alt": [0.1278895139694214, 0.08777445554733276, 0.9895586967468262], "k_pid_att": [0.0, 9.920985221862793, 0.9620980024337769], "k_pid_yaw": [0.5, 1e-06, 0.1], "k_pid_hsp": [0.40950289368629456, 1.0, 1.0], "k_pid_vsp": [11.736715316772461, 400.0, 376.2015686035156]}, "datetime": {"datetime": "2025-08-21 14:32:20", "elapsed": 20856.56637954712, "delta": 23.351346969604492}, "costs": {"total_cost": 5163.508705019884, "time_cost": 150, "final_distance_cost": 550.2167818678643, "oscillation_cost": 1983.742661207451, "completition_cost": 1000.0, "overshoot_cost": 1340.872554979765, "power_cost": 35.087338623046875, "noise_cost": 103.58936834175636, "n_waypoints_completed": 0, "tot_waypoints": 9}}
{"target": -1648.1617008586854, "params": {"k_pid_pos": [2.0, 0.005805999040603638, 0.04420602321624756], "k_pid_alt": [0.013810038566589355, 0.020859599113464355, 0.9665535688400269], "k_pid_att": [6.376636028289795, 9.576742172241211, 1.0], "k_pid_yaw": [0.5, 1e-06, 0.1], "k_pid_hsp": [0.0035278289578855038, 0.9780442714691162, 0.9204632043838501], "k_pid_vsp": [0.0, 400.0, 371.15362548828125]}, "datetime": {"datetime": "2025-08-21 14:32:43", "elapsed": 20879.576310157776, "delta": 23.00993061065674}, "costs": {"total_cost": 1648.1617008586854, "time_cost": 150, "final_distance_cost": 14.608759984339006, "oscillation_cost": 275.87947150479874, "completition_cost": 1000.0, "overshoot_cost": 140.6631012322885, "power_cost": 19.388208227539064, "noise_cost": 47.62215990972007, "n_waypoints_completed": 0, "tot_waypoints": 9}}
{"target": -12448.468703545783, "params": {"k_pid_pos": [2.0, 0.0, 0.07884272933006287], "k_pid_alt": [0.1845329999923706, 0.0, 0.9696710705757141], "k_pid_att": [0.0, 10.0, 1.0], "k_pid_yaw": [0.5, 1e-06, 0.1], "k_pid_hsp": [9.999999747378752e-05, 0.9291860461235046, 0.9670480489730835], "k_pid_vsp": [0.0, 400.0, 400.0]}, "datetime": {"datetime": "2025-08-21 14:33:07", "elapsed": 20903.630488157272, "delta": 24.05417799949646}, "costs": {"total_cost": 12448.468703545783, "time_cost": 150, "final_distance_cost": 3529.8929098512053, "oscillation_cost": 719.1221300306125, "completition_cost": 1000.0, "overshoot_cost": 6918.604859855494, "power_cost": 33.02189152832032, "noise_cost": 97.82691228015106, "n_waypoints_completed": 0, "tot_waypoints": 9}}
{"target": -9222.714235606503, "params": {"k_pid_pos": [2.0, 0.02292776107788086, 0.0], "k_pid_alt": [0.10425156354904175, 0.0, 0.9101182222366333], "k_pid_att": [0.0, 10.0, 0.9730958938598633], "k_pid_yaw": [0.5, 1e-06, 0.1], "k_pid_hsp": [9.999999747378752e-05, 1.0, 1.0], "k_pid_vsp": [0.0, 397.01318359375, 400.0]}, "datetime": {"datetime": "2025-08-21 14:33:31", "elapsed": 20927.89319753647, "delta": 24.262709379196167}, "costs": {"total_cost": 9222.714235606503, "time_cost": 150, "final_distance_cost": 1977.4632526151017, "oscillation_cost": 1177.686499631174, "completition_cost": 1000.0, "overshoot_cost": 4788.997213326915, "power_cost": 32.00615729980469, "noise_cost": 96.56111273350807, "n_waypoints_completed": 0, "tot_waypoints": 9}}
{"target": -1702.4662034605724, "params": {"k_pid_pos": [1.956032633781433, 0.044861048460006714, 0.0], "k_pid_alt": [0.06306296586990356, 0.0, 0.9834953546524048], "k_pid_att": [4.969477653503418, 10.0, 0.913941502571106], "k_pid_yaw": [0.5, 1e-06, 0.1], "k_pid_hsp": [0.04204128310084343, 0.9627646207809448, 0.9911860227584839], "k_pid_vsp": [0.0, 400.0, 391.0552978515625]}, "datetime": {"datetime": "2025-08-21 14:33:54", "elapsed": 20950.644609212875, "delta": 22.75141167640686}, "costs": {"total_cost": 1702.4662034605724, "time_cost": 150, "final_distance_cost": 29.451951841032304, "oscillation_cost": 284.12391106935036, "completition_cost": 1000.0, "overshoot_cost": 164.3327032079935, "power_cost": 18.747693957519534, "noise_cost": 55.80994338467685, "n_waypoints_completed": 0, "tot_waypoints": 9}}
{"target": -7524.945555191925, "params": {"k_pid_pos": [1.936688780784607, 0.038517385721206665, 0.0], "k_pid_alt": [0.20557630062103271, 0.0, 1.0], "k_pid_att": [0.0, 9.711057662963867, 0.9540322422981262], "k_pid_yaw": [0.5, 1e-06, 0.1], "k_pid_hsp": [9.999999747378752e-05, 0.9768732190132141, 0.96222323179245], "k_pid_vsp": [30.051063537597656, 392.4688720703125, 391.58319091796875]}, "datetime": {"datetime": "2025-08-21 14:34:18", "elapsed": 20974.51731133461, "delta": 23.87270212173462}, "costs": {"total_cost": 7524.945555191925, "time_cost": 150, "final_distance_cost": 1514.7388378708508, "oscillation_cost": 1020.2183242055133, "completition_cost": 1000.0, "overshoot_cost": 3708.947739068917, "power_cost": 32.831322094726566, "noise_cost": 98.20933195191813, "n_waypoints_completed": 0, "tot_waypoints": 9}}
{"target": -2016.4271271519835, "params": {"k_pid_pos": [1.9307941198349, 0.0, 0.07326650619506836], "k_pid_alt": [0.0, 0.0, 0.9555647373199463], "k_pid_att": [5.5871992111206055, 10.0, 1.0], "k_pid_yaw": [0.5, 1e-06, 0.1], "k_pid_hsp": [9.999999747378752e-05, 0.960728645324707, 0.9907745122909546], "k_pid_vsp": [0.0, 400.0, 393.08099365234375]}, "datetime": {"datetime": "2025-08-21 14:34:40", "elapsed": 20997.359300613403, "delta": 22.841989278793335}, "costs": {"total_cost": 2016.4271271519835, "time_cost": 150, "final_distance_cost": 344.8144848580664, "oscillation_cost": 169.6083543601499, "completition_cost": 1000.0, "overshoot_cost": 307.8303272541966, "power_cost": 22.45162596435547, "noise_cost": 21.722334715215087, "n_waypoints_completed": 0, "tot_waypoints": 9}}
{"target": -5225.990344351856, "params": {"k_pid_pos": [2.0, 0.014847159385681152, 0.0], "k_pid_alt": [0.0, 0.0, 1.0], "k_pid_att": [0.0, 10.0, 0.9814647436141968], "k_pid_yaw": [0.5, 1e-06, 0.1], "k_pid_hsp": [0.325785756111145, 0.9288479089736938, 1.0], "k_pid_vsp": [0.0, 400.0, 400.0]}, "datetime": {"datetime": "2025-08-21 14:35:03", "elapsed": 21020.426418542862, "delta": 23.067117929458618}, "costs": {"total_cost": 5225.990344351856, "time_cost": 150, "final_distance_cost": 848.1146846992607, "oscillation_cost": 1935.2257911101387, "completition_cost": 1000.0, "overshoot_cost": 1182.0451692147826, "power_cost": 24.78392684326172, "noise_cost": 85.82077248441195, "n_waypoints_completed": 0, "tot_waypoints": 9}}
{"target": -1686.8068335937771, "params": {"k_pid_pos": [1.9569571018218994, 0.018746167421340942, 0.08672261238098145], "k_pid_alt": [0.05940091609954834, 0.04195374250411987, 1.0], "k_pid_att": [5.366024494171143, 9.503316879272461, 0.9780822396278381], "k_pid_yaw": [0.5, 1e-06, 0.1], "k_pid_hsp": [9.999999747378752e-05, 0.9733624458312988, 1.0], "k_pid_vsp": [0.0, 364.9971008300781, 383.6678466796875]}, "datetime": {"datetime": "2025-08-21 14:35:27", "elapsed": 21043.633199214935, "delta": 23.206780672073364}, "costs": {"total_cost": 1686.8068335937771, "time_cost": 150, "final_distance_cost": 15.588135829643802, "oscillation_cost": 299.5932745086889, "completition_cost": 1000.0, "overshoot_cost": 138.55391316472225, "power_cost": 23.186460412597658, "noise_cost": 59.8850496781246, "n_waypoints_completed": 0, "tot_waypoints": 9}}
{"target": -2497.3992718170575, "params": {"k_pid_pos": [1.9955809116363525, 0.0, 0.04394814372062683], "k_pid_alt": [0.0022453665733337402, 0.0, 0.9844725131988525], "k_pid_att": [0.8775949478149414, 10.0, 1.0], "k_pid_yaw": [0.5, 1e-06, 0.1], "k_pid_hsp": [9.999999747378752e-05, 0.9840823411941528, 1.0], "k_pid_vsp": [0.0, 400.0, 400.0]}, "datetime": {"datetime": "2025-08-21 14:35:50", "elapsed": 21066.753348588943, "delta": 23.12014937400818}, "costs": {"total_cost": 2497.3992718170575, "time_cost": 150, "final_distance_cost": 252.55085863845432, "oscillation_cost": 613.7513839374305, "completition_cost": 1000.0, "overshoot_cost": 366.6877969309479, "power_cost": 28.525782434082032, "noise_cost": 85.88344987614238, "n_waypoints_completed": 0, "tot_waypoints": 9}}
{"target": -5832.872772011412, "params": {"k_pid_pos": [2.0, 0.009608477354049683, 0.03702309727668762], "k_pid_alt": [0.16457104682922363, 0.004335582256317139, 1.0], "k_pid_att": [0.0, 9.915346145629883, 1.0], "k_pid_yaw": [0.5, 1e-06, 0.1], "k_pid_hsp": [9.999999747378752e-05, 0.9472786784172058, 1.0], "k_pid_vsp": [15.35801887512207, 378.1824035644531, 400.0]}, "datetime": {"datetime": "2025-08-21 14:36:14", "elapsed": 21090.637146949768, "delta": 23.883798360824585}, "costs": {"total_cost": 5832.872772011412, "time_cost": 150, "final_distance_cost": 1179.9853124467077, "oscillation_cost": 1850.1633711763425, "completition_cost": 1000.0, "overshoot_cost": 1522.7594946185022, "power_cost": 32.23175552978516, "noise_cost": 97.73283824007481, "n_waypoints_completed": 0, "tot_waypoints": 9}}
{"target": -10162.251088491315, "params": {"k_pid_pos": [1.926967978477478, 0.0, 0.0], "k_pid_alt": [0.0, 0.0, 1.0], "k_pid_att": [0.0, 9.927501678466797, 1.0], "k_pid_yaw": [0.5, 1e-06, 0.1], "k_pid_hsp": [0.16159597039222717, 1.0, 0.9336919784545898], "k_pid_vsp": [0.0, 400.0, 400.0]}, "datetime": {"datetime": "2025-08-21 14:36:37", "elapsed": 21113.8567340374, "delta": 23.219587087631226}, "costs": {"total_cost": 10162.251088491315, "time_cost": 150, "final_distance_cost": 3273.854443772563, "oscillation_cost": 1920.5957861311583, "completition_cost": 1000.0, "overshoot_cost": 3697.01608633645, "power_cost": 28.117386694335938, "noise_cost": 92.66738555680917, "n_waypoints_completed": 0, "tot_waypoints": 9}}
