{"target": -1731.4779084209576, "params": {"k_pid_pos": [1.9242310523986816, 0.0, 0.0], "k_pid_alt": [0.0, 0.044577598571777344, 0.9523905515670776], "k_pid_att": [9.986845016479492, 9.805157661437988, 1.0], "k_pid_yaw": [0.5, 1e-06, 0.1], "k_pid_hsp": [9.999999747378752e-05, 1.0, 0.9049380421638489], "k_pid_vsp": [0.0, 400.0, 384.3409118652344]}, "datetime": {"datetime": "2025-08-21 20:05:41", "elapsed": 40857.7833442688, "delta": 24.395736932754517}, "costs": {"total_cost": 1731.4779084209576, "time_cost": 150, "final_distance_cost": 69.09066937415501, "oscillation_cost": 284.4696011065469, "completition_cost": 1000.0, "overshoot_cost": 180.991721766245, "power_cost": 19.91161063232422, "noise_cost": 27.014305541686362, "n_waypoints_completed": 0, "tot_waypoints": 9}}
{"target": -2007.060803999892, "params": {"k_pid_pos": [1.8812761306762695, 0.0, 0.0], "k_pid_alt": [0.0, 0.0, 1.0], "k_pid_att": [2.062687397003174, 9.940126419067383, 1.0], "k_pid_yaw": [0.5, 1e-06, 0.1], "k_pid_hsp": [9.999999747378752e-05, 0.9698150753974915, 0.9695608615875244], "k_pid_vsp": [0.0, 373.1358947753906, 400.0]}, "datetime": {"datetime": "2025-08-21 20:06:05", "elapsed": 40881.979387521744, "delta": 24.196043252944946}, "costs": {"total_cost": 2007.060803999892, "time_cost": 150, "final_distance_cost": 69.92807510667242, "oscillation_cost": 443.08796664095183, "completition_cost": 1000.0, "overshoot_cost": 264.11154350745664, "power_cost": 15.136948168945313, "noise_cost": 64.79627057586568, "n_waypoints_completed": 0, "tot_waypoints": 9}}
{"target": -9103.498486514127, "params": {"k_pid_pos": [2.0, 0.013034164905548096, 0.022627711296081543], "k_pid_alt": [0.11252135038375854, 0.0, 0.9500678777694702], "k_pid_att": [0.0, 9.898438453674316, 1.0], "k_pid_yaw": [0.5, 1e-06, 0.1], "k_pid_hsp": [9.999999747378752e-05, 0.9802284240722656, 0.9451010227203369], "k_pid_vsp": [0.0, 400.0, 400.0]}, "datetime": {"datetime": "2025-08-21 20:06:28", "elapsed": 40905.257058143616, "delta": 23.27767062187195}, "costs": {"total_cost": 9103.498486514127, "time_cost": 150, "final_distance_cost": 2662.7798296887163, "oscillation_cost": 665.6756742296749, "completition_cost": 1000.0, "overshoot_cost": 4498.251294827593, "power_cost": 32.01036932373047, "noise_cost": 94.78131844441258, "n_waypoints_completed": 0, "tot_waypoints": 9}}
{"target": -7942.4408550144435, "params": {"k_pid_pos": [2.0, 0.05024218559265137, 0.0], "k_pid_alt": [0.13613533973693848, 0.0, 1.0], "k_pid_att": [0.0, 10.0, 0.9590045809745789], "k_pid_yaw": [0.5, 1e-06, 0.1], "k_pid_hsp": [0.27446457743644714, 1.0, 1.0], "k_pid_vsp": [0.0, 400.0, 400.0]}, "datetime": {"datetime": "2025-08-21 20:06:53", "elapsed": 40929.81361079216, "delta": 24.55655264854431}, "costs": {"total_cost": 7942.4408550144435, "time_cost": 150, "final_distance_cost": 1966.4468724686365, "oscillation_cost": 2115.4792543953995, "completition_cost": 1000.0, "overshoot_cost": 2575.0131021156717, "power_cost": 34.051163037109376, "noise_cost": 101.45046299762551, "n_waypoints_completed": 0, "tot_waypoints": 9}}
{"target": -11251.20817435036, "params": {"k_pid_pos": [1.9731037616729736, 0.10030078887939453, 0.013594657182693481], "k_pid_alt": [0.0, 0.044697314500808716, 0.9961475729942322], "k_pid_att": [0.0, 10.0, 1.0], "k_pid_yaw": [0.5, 1e-06, 0.1], "k_pid_hsp": [9.999999747378752e-05, 0.9449288845062256, 0.9672801494598389], "k_pid_vsp": [0.0, 400.0, 400.0]}, "datetime": {"datetime": "2025-08-21 20:07:17", "elapsed": 40953.473714113235, "delta": 23.66010332107544}, "costs": {"total_cost": 11251.20817435036, "time_cost": 150, "final_distance_cost": 3855.2286033081514, "oscillation_cost": 1741.181884066893, "completition_cost": 1000.0, "overshoot_cost": 4373.338218199933, "power_cost": 32.855485205078125, "noise_cost": 98.60398357030468, "n_waypoints_completed": 0, "tot_waypoints": 9}}
{"target": -4971.080400531263, "params": {"k_pid_pos": [2.0, 0.0, 0.030544251203536987], "k_pid_alt": [0.0, 0.0, 1.0], "k_pid_att": [0.0, 10.0, 0.9727180600166321], "k_pid_yaw": [0.5, 1e-06, 0.1], "k_pid_hsp": [9.999999747378752e-05, 1.0, 0.8795802593231201], "k_pid_vsp": [0.0, 400.0, 382.0841979980469]}, "datetime": {"datetime": "2025-08-21 20:07:40", "elapsed": 40976.513543367386, "delta": 23.03982925415039}, "costs": {"total_cost": 4971.080400531263, "time_cost": 150, "final_distance_cost": 811.5849170282447, "oscillation_cost": 943.9650038396883, "completition_cost": 1000.0, "overshoot_cost": 1976.395871248613, "power_cost": 18.08082071533203, "noise_cost": 71.05378769938486, "n_waypoints_completed": 0, "tot_waypoints": 9}}
{"target": -5516.850382428093, "params": {"k_pid_pos": [1.9079900979995728, 0.0, 0.0], "k_pid_alt": [0.0, 0.11518821120262146, 0.9066992998123169], "k_pid_att": [0.42738914489746094, 10.0, 0.9286001920700073], "k_pid_yaw": [0.5, 1e-06, 0.1], "k_pid_hsp": [9.999999747378752e-05, 1.0, 0.953555166721344], "k_pid_vsp": [20.03258514404297, 395.05548095703125, 383.2139587402344]}, "datetime": {"datetime": "2025-08-21 20:08:09", "elapsed": 41005.919187784195, "delta": 29.405644416809082}, "costs": {"total_cost": 5516.850382428093, "time_cost": 150, "final_distance_cost": 1426.9518537109511, "oscillation_cost": 1391.0693820154922, "completition_cost": 1000.0, "overshoot_cost": 1418.1557512450452, "power_cost": 32.98713699951172, "noise_cost": 97.68625845709302, "n_waypoints_completed": 0, "tot_waypoints": 9}}
{"target": -5845.5810391043815, "params": {"k_pid_pos": [2.0, 0.0, 0.05867674946784973], "k_pid_alt": [0.0, 0.0036791563034057617, 0.9937294721603394], "k_pid_att": [10.042154312133789, 10.0, 0.9494665265083313], "k_pid_yaw": [0.5, 1e-06, 0.1], "k_pid_hsp": [9.999999747378752e-05, 1.0, 1.0], "k_pid_vsp": [0.0, 400.0, 370.8367004394531]}, "datetime": {"datetime": "2025-08-21 20:08:37", "elapsed": 41033.89523220062, "delta": 27.976044416427612}, "costs": {"total_cost": 5845.5810391043815, "time_cost": 150, "final_distance_cost": 1831.9185145058732, "oscillation_cost": 207.4386665580257, "completition_cost": 1000.0, "overshoot_cost": 2621.3806348518506, "power_cost": 17.755166174316408, "noise_cost": 17.08805701431641, "n_waypoints_completed": 0, "tot_waypoints": 9}}
{"target": -17894.232641756327, "params": {"k_pid_pos": [1.8927545547485352, 0.0, 0.0], "k_pid_alt": [0.0, 0.019840240478515625, 0.9113343358039856], "k_pid_att": [0.0, 10.0, 1.0], "k_pid_yaw": [0.5, 1e-06, 0.1], "k_pid_hsp": [0.2582370638847351, 0.9887509346008301, 1.0], "k_pid_vsp": [7.954466342926025, 400.0, 400.0]}, "datetime": {"datetime": "2025-08-21 20:09:00", "elapsed": 41057.25824165344, "delta": 23.363009452819824}, "costs": {"total_cost": 17894.232641756327, "time_cost": 150, "final_distance_cost": 5129.052190503139, "oscillation_cost": 2098.7499156310387, "completition_cost": 1000.0, "overshoot_cost": 9378.439213717673, "power_cost": 34.785944299316405, "noise_cost": 103.20537760515884, "n_waypoints_completed": 0, "tot_waypoints": 9}}
{"target": -1678.0107434564384, "params": {"k_pid_pos": [2.0, 0.0, 0.0], "k_pid_alt": [0.08981597423553467, 0.01840457320213318, 1.0], "k_pid_att": [4.878127574920654, 9.580148696899414, 1.0], "k_pid_yaw": [0.5, 1e-06, 0.1], "k_pid_hsp": [9.999999747378752e-05, 1.0, 0.9909113645553589], "k_pid_vsp": [21.548534393310547, 390.3656921386719, 377.3811950683594]}, "datetime": {"datetime": "2025-08-21 20:09:25", "elapsed": 41081.59147000313, "delta": 24.33322834968567}, "costs": {"total_cost": 1678.0107434564384, "time_cost": 150, "final_distance_cost": 6.631032538197415, "oscillation_cost": 306.95416034661304, "completition_cost": 1000.0, "overshoot_cost": 133.1005202576805, "power_cost": 22.15865115966797, "noise_cost": 59.166379154279454, "n_waypoints_completed": 0, "tot_waypoints": 9}}
{"target": -1829.2674935189157, "params": {"k_pid_pos": [1.9239816665649414, 0.0, 0.0], "k_pid_alt": [0.16396081447601318, 0.080158531665802, 1.0], "k_pid_att": [5.696585655212402, 9.601764678955078, 0.9547437429428101], "k_pid_yaw": [0.5, 1e-06, 0.1], "k_pid_hsp": [9.999999747378752e-05, 0.9926568269729614, 0.9727876782417297], "k_pid_vsp": [13.771772384643555, 400.0, 396.14373779296875]}, "datetime": {"datetime": "2025-08-21 20:09:47", "elapsed": 41104.30329465866, "delta": 22.711824655532837}, "costs": {"total_cost": 1829.2674935189157, "time_cost": 150, "final_distance_cost": 154.83926674932704, "oscillation_cost": 232.9587865587236, "completition_cost": 1000.0, "overshoot_cost": 259.52228749135827, "power_cost": 13.686002307128907, "noise_cost": 18.26115041237797, "n_waypoints_completed": 0, "tot_waypoints": 9}}
{"target": -14033.265707410128, "params": {"k_pid_pos": [2.0, 0.0, 0.0], "k_pid_alt": [0.0093919038772583, 0.04990798234939575, 1.0], "k_pid_att": [0.0, 9.845271110534668, 1.0], "k_pid_yaw": [0.5, 1e-06, 0.1], "k_pid_hsp": [0.7470114827156067, 1.0, 0.9890191555023193], "k_pid_vsp": [0.0, 399.0182189941406, 398.4171142578125]}, "datetime": {"datetime": "2025-08-21 20:10:13", "elapsed": 41129.493310689926, "delta": 25.19001603126526}, "costs": {"total_cost": 14033.265707410128, "time_cost": 150, "final_distance_cost": 4544.586672392161, "oscillation_cost": 2302.7112234818396, "completition_cost": 1000.0, "overshoot_cost": 5898.966534226953, "power_cost": 34.39564141845703, "noise_cost": 102.60563589071715, "n_waypoints_completed": 0, "tot_waypoints": 9}}
{"target": -1714.3434733772299, "params": {"k_pid_pos": [1.9809823036193848, 0.01280173659324646, 0.0], "k_pid_alt": [0.0, 0.0, 0.9695219397544861], "k_pid_att": [3.384876251220703, 9.552966117858887, 0.9610240459442139], "k_pid_yaw": [0.5, 1e-06, 0.1], "k_pid_hsp": [9.999999747378752e-05, 0.9676020741462708, 0.9379383325576782], "k_pid_vsp": [39.47441482543945, 379.4296569824219, 400.0]}, "datetime": {"datetime": "2025-08-21 20:10:36", "elapsed": 41152.78764677048, "delta": 23.294336080551147}, "costs": {"total_cost": 1714.3434733772299, "time_cost": 150, "final_distance_cost": 2.885347934067406, "oscillation_cost": 316.0044873656231, "completition_cost": 1000.0, "overshoot_cost": 135.75635661472825, "power_cost": 27.44627272949219, "noise_cost": 82.25100873331886, "n_waypoints_completed": 0, "tot_waypoints": 9}}
{"target": -9229.027299676267, "params": {"k_pid_pos": [1.9223804473876953, 0.06598258018493652, 0.0], "k_pid_alt": [0.24341630935668945, 0.13720303773880005, 1.0], "k_pid_att": [0.0, 8.65400218963623, 1.0], "k_pid_yaw": [0.5, 1e-06, 0.1], "k_pid_hsp": [9.999999747378752e-05, 0.9986745119094849, 1.0], "k_pid_vsp": [12.529123306274414, 400.0, 400.0]}, "datetime": {"datetime": "2025-08-21 20:11:00", "elapsed": 41176.790558338165, "delta": 24.00291156768799}, "costs": {"total_cost": 9229.027299676267, "time_cost": 150, "final_distance_cost": 3242.7014501422877, "oscillation_cost": 1628.044977657183, "completition_cost": 1000.0, "overshoot_cost": 3072.054575710686, "power_cost": 34.18506402587891, "noise_cost": 102.0412321402325, "n_waypoints_completed": 0, "tot_waypoints": 9}}
{"target": -17921.269068655776, "params": {"k_pid_pos": [2.0, 0.0, 0.04215759038925171], "k_pid_alt": [0.0, 0.0025275051593780518, 0.9473624229431152], "k_pid_att": [0.0, 10.0, 1.0], "k_pid_yaw": [0.5, 1e-06, 0.1], "k_pid_hsp": [0.10437758266925812, 1.0, 1.0], "k_pid_vsp": [0.0, 400.0, 397.4658508300781]}, "datetime": {"datetime": "2025-08-21 20:11:24", "elapsed": 41201.20815992355, "delta": 24.417601585388184}, "costs": {"total_cost": 17921.269068655776, "time_cost": 150, "final_distance_cost": 5753.676664878562, "oscillation_cost": 2155.006492810932, "completition_cost": 1000.0, "overshoot_cost": 8724.432014332038, "power_cost": 34.82971215820313, "noise_cost": 103.32418447603939, "n_waypoints_completed": 0, "tot_waypoints": 9}}
{"target": -14141.218176391034, "params": {"k_pid_pos": [1.8639461994171143, 0.010284632444381714, 0.11496075987815857], "k_pid_alt": [0.10120177268981934, 0.03576606512069702, 0.9541803598403931], "k_pid_att": [0.0, 9.73064136505127, 1.0], "k_pid_yaw": [0.5, 1e-06, 0.1], "k_pid_hsp": [1.0853490829467773, 1.0, 0.9524663686752319], "k_pid_vsp": [1.6147494316101074, 400.0, 400.0]}, "datetime": {"datetime": "2025-08-21 20:11:48", "elapsed": 41224.715675354004, "delta": 23.50751543045044}, "costs": {"total_cost": 14141.218176391034, "time_cost": 150, "final_distance_cost": 3863.937788355458, "oscillation_cost": 2146.7011917567975, "completition_cost": 1000.0, "overshoot_cost": 6843.610322550043, "power_cost": 34.5092673828125, "noise_cost": 102.45960634592352, "n_waypoints_completed": 0, "tot_waypoints": 9}}
{"target": -15515.7813023508, "params": {"k_pid_pos": [1.9448320865631104, 0.0, 0.0], "k_pid_alt": [0.03566330671310425, 0.04670512676239014, 0.9992966055870056], "k_pid_att": [0.0, 10.0, 0.9568629264831543], "k_pid_yaw": [0.5, 1e-06, 0.1], "k_pid_hsp": [0.25338292121887207, 1.0, 0.9792751669883728], "k_pid_vsp": [0.0, 400.0, 400.0]}, "datetime": {"datetime": "2025-08-21 20:12:13", "elapsed": 41250.09534049034, "delta": 25.37966513633728}, "costs": {"total_cost": 15515.7813023508, "time_cost": 150, "final_distance_cost": 4426.104688279059, "oscillation_cost": 1763.4290294167151, "completition_cost": 1000.0, "overshoot_cost": 8038.907209940835, "power_cost": 34.5371501953125, "noise_cost": 102.8032245188792, "n_waypoints_completed": 0, "tot_waypoints": 9}}
{"target": -16024.200775102805, "params": {"k_pid_pos": [2.0, 0.027182817459106445, 0.020778745412826538], "k_pid_alt": [0.0, 0.02346596121788025, 1.0], "k_pid_att": [0.0, 10.0, 1.0], "k_pid_yaw": [0.5, 1e-06, 0.1], "k_pid_hsp": [0.09775765985250473, 0.9383294582366943, 0.9455333948135376], "k_pid_vsp": [0.0, 400.0, 400.0]}, "datetime": {"datetime": "2025-08-21 20:12:38", "elapsed": 41274.50060200691, "delta": 24.405261516571045}, "costs": {"total_cost": 16024.200775102805, "time_cost": 150, "final_distance_cost": 5597.907185615238, "oscillation_cost": 1661.7140582266823, "completition_cost": 1000.0, "overshoot_cost": 7480.556267434665, "power_cost": 33.521052673339845, "noise_cost": 100.50221115287978, "n_waypoints_completed": 0, "tot_waypoints": 9}}
{"target": -10286.739332822848, "params": {"k_pid_pos": [1.9472448825836182, 0.012717574834823608, 0.016615569591522217], "k_pid_alt": [0.0, 0.038111865520477295, 0.9428872466087341], "k_pid_att": [0.0, 10.0, 0.9870160818099976], "k_pid_yaw": [0.5, 1e-06, 0.1], "k_pid_hsp": [0.12349587678909302, 0.9298548698425293, 1.0], "k_pid_vsp": [0.0, 400.0, 375.9600524902344]}, "datetime": {"datetime": "2025-08-21 20:13:01", "elapsed": 41297.68664455414, "delta": 23.186042547225952}, "costs": {"total_cost": 10286.739332822848, "time_cost": 150, "final_distance_cost": 2989.9391716541413, "oscillation_cost": 2194.559079917626, "completition_cost": 1000.0, "overshoot_cost": 3821.7272376330566, "power_cost": 32.340379406738286, "noise_cost": 98.17346421128534, "n_waypoints_completed": 0, "tot_waypoints": 9}}
{"target": -1957.283041469577, "params": {"k_pid_pos": [2.0, 0.0, 0.04275310039520264], "k_pid_alt": [0.04580730199813843, 0.051606595516204834, 1.0], "k_pid_att": [2.6825249195098877, 9.929295539855957, 0.9283038377761841], "k_pid_yaw": [0.5, 1e-06, 0.1], "k_pid_hsp": [9.999999747378752e-05, 1.0, 1.0], "k_pid_vsp": [0.0, 396.209228515625, 384.3508605957031]}, "datetime": {"datetime": "2025-08-21 20:13:25", "elapsed": 41322.39225053787, "delta": 24.70560598373413}, "costs": {"total_cost": 1957.283041469577, "time_cost": 150, "final_distance_cost": 118.29085574300059, "oscillation_cost": 338.34828936727047, "completition_cost": 1000.0, "overshoot_cost": 319.80005016682503, "power_cost": 17.388541992187502, "noise_cost": 13.455304200293387, "n_waypoints_completed": 0, "tot_waypoints": 9}}
{"target": -3920.6629351257643, "params": {"k_pid_pos": [2.0, 0.043196141719818115, 0.0], "k_pid_alt": [0.03422880172729492, 0.0, 0.9889169931411743], "k_pid_att": [0.0, 10.0, 0.9845635890960693], "k_pid_yaw": [0.5, 1e-06, 0.1], "k_pid_hsp": [0.37783974409103394, 0.9971209764480591, 1.0], "k_pid_vsp": [0.0, 363.7224426269531, 383.01910400390625]}, "datetime": {"datetime": "2025-08-21 20:13:49", "elapsed": 41345.929668188095, "delta": 23.53741765022278}, "costs": {"total_cost": 3920.6629351257643, "time_cost": 150, "final_distance_cost": 347.34914275381254, "oscillation_cost": 1469.7864960426991, "completition_cost": 1000.0, "overshoot_cost": 827.7667285868533, "power_cost": 31.04111823730469, "noise_cost": 94.71944950509486, "n_waypoints_completed": 0, "tot_waypoints": 9}}
{"target": -1761.014553956195, "params": {"k_pid_pos": [1.972186803817749, 0.0, 0.0], "k_pid_alt": [0.0, 0.0, 1.0], "k_pid_att": [2.7265219688415527, 10.0, 0.941230833530426], "k_pid_yaw": [0.5, 1e-06, 0.1], "k_pid_hsp": [0.803519070148468, 0.9100767374038696, 1.0], "k_pid_vsp": [11.443960189819336, 394.3299865722656, 388.6438293457031]}, "datetime": {"datetime": "2025-08-21 20:14:13", "elapsed": 41369.924616098404, "delta": 23.994947910308838}, "costs": {"total_cost": 1761.014553956195, "time_cost": 150, "final_distance_cost": 2.3999911686856614, "oscillation_cost": 361.8795472959714, "completition_cost": 1000.0, "overshoot_cost": 135.8298281865321, "power_cost": 27.8183984375, "noise_cost": 83.086788867506, "n_waypoints_completed": 0, "tot_waypoints": 9}}
{"target": -2117.0844246920756, "params": {"k_pid_pos": [1.917311191558838, 0.0, 0.0018605589866638184], "k_pid_alt": [0.05039173364639282, 0.0, 1.0], "k_pid_att": [8.226776123046875, 9.974252700805664, 0.9257959723472595], "k_pid_yaw": [0.5, 1e-06, 0.1], "k_pid_hsp": [9.999999747378752e-05, 1.0, 0.9575125575065613], "k_pid_vsp": [32.53657913208008, 395.1054992675781, 382.7468566894531]}, "datetime": {"datetime": "2025-08-21 20:14:37", "elapsed": 41394.354734659195, "delta": 24.430118560791016}, "costs": {"total_cost": 2117.0844246920756, "time_cost": 150, "final_distance_cost": 355.55277808917424, "oscillation_cost": 218.61860029963304, "completition_cost": 1000.0, "overshoot_cost": 344.70672035801084, "power_cost": 20.373816821289065, "noise_cost": 27.8325091239686, "n_waypoints_completed": 0, "tot_waypoints": 9}}
{"target": -2045.93917209671, "params": {"k_pid_pos": [2.0, 0.027138590812683105, 0.04183757305145264], "k_pid_alt": [0.21918249130249023, 0.04262998700141907, 1.0], "k_pid_att": [2.02549409866333, 10.0, 0.9696471691131592], "k_pid_yaw": [0.5, 1e-06, 0.1], "k_pid_hsp": [0.2963586151599884, 0.927215576171875, 1.0], "k_pid_vsp": [8.129035949707031, 380.30096435546875, 400.0]}, "datetime": {"datetime": "2025-08-21 20:15:02", "elapsed": 41418.5107319355, "delta": 24.155997276306152}, "costs": {"total_cost": 2045.93917209671, "time_cost": 150, "final_distance_cost": 64.62308773769442, "oscillation_cost": 456.6990828463076, "completition_cost": 1000.0, "overshoot_cost": 256.58877715203795, "power_cost": 29.278237280273437, "noise_cost": 88.74998708039686, "n_waypoints_completed": 0, "tot_waypoints": 9}}
{"target": -2136.429134069437, "params": {"k_pid_pos": [2.0, 0.0, 0.05126470327377319], "k_pid_alt": [0.10391759872436523, 0.023050129413604736, 1.0], "k_pid_att": [7.888942718505859, 10.0, 1.0], "k_pid_yaw": [0.5, 1e-06, 0.1], "k_pid_hsp": [9.999999747378752e-05, 0.9370543360710144, 0.9363303184509277], "k_pid_vsp": [0.0, 363.93731689453125, 400.0]}, "datetime": {"datetime": "2025-08-21 20:15:26", "elapsed": 41442.91975212097, "delta": 24.40902018547058}, "costs": {"total_cost": 2136.429134069437, "time_cost": 150, "final_distance_cost": 484.095326387709, "oscillation_cost": 158.93102113443032, "completition_cost": 888.8888888888888, "overshoot_cost": 415.07434688174, "power_cost": 20.977446313476563, "noise_cost": 18.46210446319225, "n_waypoints_completed": 1, "tot_waypoints": 9}}
{"target": -4277.91519885291, "params": {"k_pid_pos": [1.946181058883667, 0.0, 0.0], "k_pid_alt": [0.0, 0.10310310125350952, 1.0], "k_pid_att": [0.27306079864501953, 10.0, 1.0], "k_pid_yaw": [0.5, 1e-06, 0.1], "k_pid_hsp": [1.0339707136154175, 1.0, 0.957737922668457], "k_pid_vsp": [19.150733947753906, 400.0, 400.0]}, "datetime": {"datetime": "2025-08-21 20:15:50", "elapsed": 41466.68091535568, "delta": 23.761163234710693}, "costs": {"total_cost": 4277.91519885291, "time_cost": 150, "final_distance_cost": 681.074939004421, "oscillation_cost": 1159.2728669234878, "completition_cost": 1000.0, "overshoot_cost": 1161.5947792928819, "power_cost": 31.34187995605469, "noise_cost": 94.63073367606424, "n_waypoints_completed": 0, "tot_waypoints": 9}}
{"target": -1693.2809675896326, "params": {"k_pid_pos": [1.915456771850586, 0.0, 0.05455970764160156], "k_pid_alt": [0.16270756721496582, 0.05216953158378601, 0.9817068576812744], "k_pid_att": [6.54783821105957, 10.0, 1.0], "k_pid_yaw": [0.5, 1e-06, 0.1], "k_pid_hsp": [0.4879862368106842, 1.0, 1.0], "k_pid_vsp": [0.0, 400.0, 400.0]}, "datetime": {"datetime": "2025-08-21 20:16:15", "elapsed": 41492.10098052025, "delta": 25.42006516456604}, "costs": {"total_cost": 1693.2809675896326, "time_cost": 150, "final_distance_cost": 7.891602496415444, "oscillation_cost": 324.09862384334303, "completition_cost": 1000.0, "overshoot_cost": 136.6264305334462, "power_cost": 17.760093505859377, "noise_cost": 56.904217210568454, "n_waypoints_completed": 0, "tot_waypoints": 9}}
{"target": -1982.0931235726612, "params": {"k_pid_pos": [1.8458247184753418, 0.04302355647087097, 0.02927941083908081], "k_pid_alt": [0.20233237743377686, 0.08780312538146973, 1.0], "k_pid_att": [2.6948511600494385, 10.0, 1.0], "k_pid_yaw": [0.5, 1e-06, 0.1], "k_pid_hsp": [0.5005037188529968, 0.9050825834274292, 1.0], "k_pid_vsp": [4.742300510406494, 394.386962890625, 400.0]}, "datetime": {"datetime": "2025-08-21 20:16:39", "elapsed": 41516.262350320816, "delta": 24.161369800567627}, "costs": {"total_cost": 1982.0931235726612, "time_cost": 150, "final_distance_cost": 105.00633772960546, "oscillation_cost": 345.36645047134215, "completition_cost": 1000.0, "overshoot_cost": 326.77476985671797, "power_cost": 20.91932869873047, "noise_cost": 34.02623681626524, "n_waypoints_completed": 0, "tot_waypoints": 9}}
