{"target": -14132.657971019738, "params": {"k_pid_pos": [2.0, 0.0, 0.0], "k_pid_alt": [0.0, 0.11699137091636658, 1.0], "k_pid_att": [0.0, 10.0, 1.0], "k_pid_yaw": [0.5, 1e-06, 0.1], "k_pid_hsp": [1.631712555885315, 0.9817146062850952, 1.0], "k_pid_vsp": [0.0, 388.3744201660156, 383.76824951171875]}, "datetime": {"datetime": "2025-08-21 21:24:55", "elapsed": 45612.444857120514, "delta": 24.00768256187439}, "costs": {"total_cost": 14132.657971019738, "time_cost": 150, "final_distance_cost": 4549.230665971355, "oscillation_cost": 2074.2019703530173, "completition_cost": 1000.0, "overshoot_cost": 6221.560057788289, "power_cost": 34.69814548339844, "noise_cost": 102.96713142367928, "n_waypoints_completed": 0, "tot_waypoints": 9}}
{"target": -1826.320143897306, "params": {"k_pid_pos": [2.0, 0.05037352442741394, 0.04106631875038147], "k_pid_alt": [0.07841992378234863, 0.08039718866348267, 1.0], "k_pid_att": [4.808488368988037, 10.0, 0.9867440462112427], "k_pid_yaw": [0.5, 1e-06, 0.1], "k_pid_hsp": [0.5460355281829834, 0.9320163726806641, 1.0], "k_pid_vsp": [6.854677200317383, 400.0, 362.1910705566406]}, "datetime": {"datetime": "2025-08-21 21:25:21", "elapsed": 45637.58004832268, "delta": 25.135191202163696}, "costs": {"total_cost": 1826.320143897306, "time_cost": 150, "final_distance_cost": 206.93317939370132, "oscillation_cost": 310.3373261395619, "completition_cost": 1000.0, "overshoot_cost": 125.20232762126831, "power_cost": 18.64483612060547, "noise_cost": 15.202474622169001, "n_waypoints_completed": 0, "tot_waypoints": 9}}
{"target": -3357.3549406139714, "params": {"k_pid_pos": [2.0, 0.021441638469696045, 0.09183603525161743], "k_pid_alt": [0.18024230003356934, 0.09399008750915527, 1.0], "k_pid_att": [0.0, 10.0, 0.9775662422180176], "k_pid_yaw": [0.5, 1e-06, 0.1], "k_pid_hsp": [9.999999747378752e-05, 0.9878890514373779, 1.0], "k_pid_vsp": [11.261236190795898, 397.6802978515625, 388.2490539550781]}, "datetime": {"datetime": "2025-08-21 21:25:44", "elapsed": 45660.52624416351, "delta": 22.94619584083557}, "costs": {"total_cost": 3357.3549406139714, "time_cost": 150, "final_distance_cost": 240.01833829424768, "oscillation_cost": 1301.5020360366432, "completition_cost": 1000.0, "overshoot_cost": 537.8057391267854, "power_cost": 31.853128332519532, "noise_cost": 96.17569882377589, "n_waypoints_completed": 0, "tot_waypoints": 9}}
{"target": -2665.1300885561873, "params": {"k_pid_pos": [2.0, 0.01497948169708252, 0.0], "k_pid_alt": [0.08888214826583862, 0.0, 1.0], "k_pid_att": [7.129642486572266, 10.0, 1.0], "k_pid_yaw": [0.5, 1e-06, 0.1], "k_pid_hsp": [9.999999747378752e-05, 0.9770104289054871, 1.0], "k_pid_vsp": [0.0, 400.0, 360.78509521484375]}, "datetime": {"datetime": "2025-08-21 21:26:08", "elapsed": 45685.15001249313, "delta": 24.62376832962036}, "costs": {"total_cost": 2665.1300885561873, "time_cost": 150, "final_distance_cost": 340.0119762967864, "oscillation_cost": 263.11551874789666, "completition_cost": 1000.0, "overshoot_cost": 877.8574938533134, "power_cost": 18.30302731933594, "noise_cost": 15.842072338855207, "n_waypoints_completed": 0, "tot_waypoints": 9}}
{"target": -1998.4131373706623, "params": {"k_pid_pos": [2.0, 0.0, 0.014652073383331299], "k_pid_alt": [0.0, 0.0, 0.9892993569374084], "k_pid_att": [2.354288101196289, 9.789848327636719, 1.0], "k_pid_yaw": [0.5, 1e-06, 0.1], "k_pid_hsp": [9.999999747378752e-05, 1.0, 1.0], "k_pid_vsp": [0.0, 358.9859619140625, 400.0]}, "datetime": {"datetime": "2025-08-21 21:26:31", "elapsed": 45707.54700064659, "delta": 22.39698815345764}, "costs": {"total_cost": 1998.4131373706623, "time_cost": 150, "final_distance_cost": 98.62723603006404, "oscillation_cost": 374.3874782914353, "completition_cost": 1000.0, "overshoot_cost": 295.27071330892437, "power_cost": 17.942652758789063, "noise_cost": 62.1850569814493, "n_waypoints_completed": 0, "tot_waypoints": 9}}
{"target": -1991.3771729665714, "params": {"k_pid_pos": [2.0, 0.004441320896148682, 0.06777340173721313], "k_pid_alt": [0.12363183498382568, 0.0, 1.0], "k_pid_att": [1.674574613571167, 10.0, 0.9694381356239319], "k_pid_yaw": [0.5, 1e-06, 0.1], "k_pid_hsp": [9.999999747378752e-05, 0.985402524471283, 1.0], "k_pid_vsp": [32.33246612548828, 400.0, 400.0]}, "datetime": {"datetime": "2025-08-21 21:26:55", "elapsed": 45732.07198238373, "delta": 24.52498173713684}, "costs": {"total_cost": 1991.3771729665714, "time_cost": 150, "final_distance_cost": 8.420489343914383, "oscillation_cost": 544.9950855719069, "completition_cost": 1000.0, "overshoot_cost": 162.57194677775954, "power_cost": 31.52509561767578, "noise_cost": 93.86455565531483, "n_waypoints_completed": 0, "tot_waypoints": 9}}
{"target": -7903.606659524735, "params": {"k_pid_pos": [2.0, 0.01740586757659912, 0.013651937246322632], "k_pid_alt": [0.04330754280090332, 0.01483774185180664, 1.0], "k_pid_att": [0.0, 9.658292770385742, 0.9776977300643921], "k_pid_yaw": [0.5, 1e-06, 0.1], "k_pid_hsp": [9.999999747378752e-05, 1.0, 1.0], "k_pid_vsp": [0.0, 390.61993408203125, 400.0]}, "datetime": {"datetime": "2025-08-21 21:27:19", "elapsed": 45755.66074466705, "delta": 23.588762283325195}, "costs": {"total_cost": 7903.606659524735, "time_cost": 150, "final_distance_cost": 537.6675517230217, "oscillation_cost": 1855.74025971263, "completition_cost": 1000.0, "overshoot_cost": 4227.042766320727, "power_cost": 33.37690179443359, "noise_cost": 99.7791799739227, "n_waypoints_completed": 0, "tot_waypoints": 9}}
{"target": -8903.91735004163, "params": {"k_pid_pos": [1.6739442348480225, 0.0, 0.009092360734939575], "k_pid_alt": [0.0, 0.0, 1.0], "k_pid_att": [0.0, 10.0, 1.0], "k_pid_yaw": [0.5, 1e-06, 0.1], "k_pid_hsp": [9.999999747378752e-05, 1.0, 1.0], "k_pid_vsp": [13.502836227416992, 400.0, 400.0]}, "datetime": {"datetime": "2025-08-21 21:27:41", "elapsed": 45778.43088054657, "delta": 22.7701358795166}, "costs": {"total_cost": 8903.91735004163, "time_cost": 150, "final_distance_cost": 2793.847721776437, "oscillation_cost": 1415.7139194630242, "completition_cost": 1000.0, "overshoot_cost": 3436.918755845693, "power_cost": 24.005238793945313, "noise_cost": 83.43171416253081, "n_waypoints_completed": 0, "tot_waypoints": 9}}
{"target": -5530.746937228104, "params": {"k_pid_pos": [1.9353857040405273, 0.0, 0.0], "k_pid_alt": [0.0, 0.0, 0.9717028141021729], "k_pid_att": [5.4900407791137695, 9.509100914001465, 0.9436737298965454], "k_pid_yaw": [0.5, 1e-06, 0.1], "k_pid_hsp": [9.999999747378752e-05, 0.9645512700080872, 0.9900339841842651], "k_pid_vsp": [0.0, 400.0, 396.7225646972656]}, "datetime": {"datetime": "2025-08-21 21:28:06", "elapsed": 45802.5437438488, "delta": 24.112863302230835}, "costs": {"total_cost": 5530.746937228104, "time_cost": 150, "final_distance_cost": 1498.7690034121356, "oscillation_cost": 216.0407873783438, "completition_cost": 1000.0, "overshoot_cost": 2633.5612288726925, "power_cost": 18.079581555175782, "noise_cost": 14.29633600975664, "n_waypoints_completed": 0, "tot_waypoints": 9}}
{"target": -5126.085830417942, "params": {"k_pid_pos": [1.9647043943405151, 0.0, 0.04229319095611572], "k_pid_alt": [0.0, 0.0, 1.0], "k_pid_att": [0.1201242208480835, 9.813695907592773, 1.0], "k_pid_yaw": [0.5, 1e-06, 0.1], "k_pid_hsp": [0.26574331521987915, 0.9325557351112366, 1.0], "k_pid_vsp": [0.0, 400.0, 393.74853515625]}, "datetime": {"datetime": "2025-08-21 21:28:28", "elapsed": 45825.04771614075, "delta": 22.50397229194641}, "costs": {"total_cost": 5126.085830417942, "time_cost": 150, "final_distance_cost": 1153.2808536922964, "oscillation_cost": 1320.5616302262838, "completition_cost": 1000.0, "overshoot_cost": 1403.874461766008, "power_cost": 20.968366711425784, "noise_cost": 77.40051802192804, "n_waypoints_completed": 0, "tot_waypoints": 9}}
{"target": -2086.3020160014157, "params": {"k_pid_pos": [1.8766276836395264, 0.09674647450447083, 0.0], "k_pid_alt": [0.0, 0.0, 0.8620902299880981], "k_pid_att": [1.3777822256088257, 10.0, 1.0], "k_pid_yaw": [0.5, 1e-06, 0.1], "k_pid_hsp": [9.999999747378752e-05, 1.0, 1.0], "k_pid_vsp": [0.0, 372.3988037109375, 400.0]}, "datetime": {"datetime": "2025-08-21 21:28:54", "elapsed": 45850.60584068298, "delta": 25.558124542236328}, "costs": {"total_cost": 2086.3020160014157, "time_cost": 150, "final_distance_cost": 29.856689970519678, "oscillation_cost": 633.1819339831346, "completition_cost": 1000.0, "overshoot_cost": 190.26247277698988, "power_cost": 16.01398824462891, "noise_cost": 66.98693102614251, "n_waypoints_completed": 0, "tot_waypoints": 9}}
{"target": -8728.495808309235, "params": {"k_pid_pos": [1.932295322418213, 0.0347389280796051, 0.09820729494094849], "k_pid_alt": [0.0719747543334961, 0.033642739057540894, 0.9782350063323975], "k_pid_att": [11.665597915649414, 10.0, 0.9130523204803467], "k_pid_yaw": [0.5, 1e-06, 0.1], "k_pid_hsp": [0.1320156753063202, 1.0, 0.965084433555603], "k_pid_vsp": [0.0, 400.0, 400.0]}, "datetime": {"datetime": "2025-08-21 21:29:18", "elapsed": 45874.57861375809, "delta": 23.97277307510376}, "costs": {"total_cost": 8728.495808309235, "time_cost": 150, "final_distance_cost": 2800.858572159854, "oscillation_cost": 201.67472614885173, "completition_cost": 1000.0, "overshoot_cost": 4544.14900270779, "power_cost": 18.123300109863283, "noise_cost": 13.69020718287674, "n_waypoints_completed": 0, "tot_waypoints": 9}}
{"target": -1671.1071797671732, "params": {"k_pid_pos": [2.0, 0.03652554750442505, 0.0], "k_pid_alt": [0.0013870000839233398, 0.09803953766822815, 1.0], "k_pid_att": [5.963712692260742, 9.634289741516113, 0.9786473512649536], "k_pid_yaw": [0.5, 1e-06, 0.1], "k_pid_hsp": [9.999999747378752e-05, 0.9655004739761353, 1.0], "k_pid_vsp": [13.982295989990234, 363.89703369140625, 400.0]}, "datetime": {"datetime": "2025-08-21 21:29:42", "elapsed": 45898.843952178955, "delta": 24.26533842086792}, "costs": {"total_cost": 1671.1071797671732, "time_cost": 150, "final_distance_cost": 22.755988617422275, "oscillation_cost": 286.37727249446215, "completition_cost": 1000.0, "overshoot_cost": 137.71526013025274, "power_cost": 21.683853430175784, "noise_cost": 52.57480509486031, "n_waypoints_completed": 0, "tot_waypoints": 9}}
{"target": -21271.10742985705, "params": {"k_pid_pos": [2.0, 0.00290071964263916, 0.056296736001968384], "k_pid_alt": [0.02622687816619873, 0.0, 1.0], "k_pid_att": [0.0, 9.367766380310059, 1.0], "k_pid_yaw": [0.5, 1e-06, 0.1], "k_pid_hsp": [0.6025303602218628, 1.0, 0.9945584535598755], "k_pid_vsp": [0.0, 400.0, 400.0]}, "datetime": {"datetime": "2025-08-21 21:30:07", "elapsed": 45923.75653266907, "delta": 24.912580490112305}, "costs": {"total_cost": 21271.10742985705, "time_cost": 150, "final_distance_cost": 6549.983079249491, "oscillation_cost": 2247.9892434693948, "completition_cost": 1000.0, "overshoot_cost": 11186.229699805714, "power_cost": 34.39848170166016, "noise_cost": 102.50692563078643, "n_waypoints_completed": 0, "tot_waypoints": 9}}
{"target": -2055.89010613517, "params": {"k_pid_pos": [2.0, 0.0, 0.0], "k_pid_alt": [0.09177649021148682, 0.0, 0.9333357810974121], "k_pid_att": [1.238730549812317, 10.0, 0.9822672605514526], "k_pid_yaw": [0.5, 1e-06, 0.1], "k_pid_hsp": [9.999999747378752e-05, 1.0, 0.8728351593017578], "k_pid_vsp": [22.16057777404785, 400.0, 400.0]}, "datetime": {"datetime": "2025-08-21 21:30:31", "elapsed": 45948.184014081955, "delta": 24.427481412887573}, "costs": {"total_cost": 2055.89010613517, "time_cost": 150, "final_distance_cost": 12.405357112072215, "oscillation_cost": 621.4146651128666, "completition_cost": 1000.0, "overshoot_cost": 145.05798231154355, "power_cost": 32.06100875244141, "noise_cost": 94.95109284624593, "n_waypoints_completed": 0, "tot_waypoints": 9}}
{"target": -2009.040843761038, "params": {"k_pid_pos": [1.9843794107437134, 0.0, 0.049265384674072266], "k_pid_alt": [0.021047472953796387, 0.0, 1.0], "k_pid_att": [1.4662712812423706, 9.653063774108887, 0.9953267574310303], "k_pid_yaw": [0.5, 1e-06, 0.1], "k_pid_hsp": [0.5203810930252075, 1.0, 1.0], "k_pid_vsp": [19.820749282836914, 400.0, 400.0]}, "datetime": {"datetime": "2025-08-21 21:30:55", "elapsed": 45972.395330905914, "delta": 24.21131682395935}, "costs": {"total_cost": 2009.040843761038, "time_cost": 150, "final_distance_cost": 4.869160801284664, "oscillation_cost": 575.0590149076094, "completition_cost": 1000.0, "overshoot_cost": 153.73746597041415, "power_cost": 31.46787712402344, "noise_cost": 93.90732495770635, "n_waypoints_completed": 0, "tot_waypoints": 9}}
{"target": -1650.8978590830286, "params": {"k_pid_pos": [1.7998974323272705, 0.06394875049591064, 0.0], "k_pid_alt": [0.0, 0.0, 0.9991182088851929], "k_pid_att": [6.7534027099609375, 9.402812004089355, 1.0], "k_pid_yaw": [0.5, 1e-06, 0.1], "k_pid_hsp": [0.545857310295105, 0.9652224183082581, 1.0], "k_pid_vsp": [0.0, 400.0, 400.0]}, "datetime": {"datetime": "2025-08-21 21:31:19", "elapsed": 45995.50392460823, "delta": 23.108593702316284}, "costs": {"total_cost": 1650.8978590830286, "time_cost": 150, "final_distance_cost": 2.692279629138523, "oscillation_cost": 270.6194789403711, "completition_cost": 1000.0, "overshoot_cost": 148.94222902807556, "power_cost": 18.890945532226564, "noise_cost": 59.75292595321678, "n_waypoints_completed": 0, "tot_waypoints": 9}}
{"target": -2965.023675471762, "params": {"k_pid_pos": [1.91563081741333, 0.05279538035392761, 0.0], "k_pid_alt": [0.08543848991394043, 0.0, 1.0], "k_pid_att": [0.0, 9.548819541931152, 0.9612095355987549], "k_pid_yaw": [0.5, 1e-06, 0.1], "k_pid_hsp": [9.999999747378752e-05, 1.0, 0.9469178915023804], "k_pid_vsp": [0.0, 400.0, 400.0]}, "datetime": {"datetime": "2025-08-21 21:31:44", "elapsed": 46020.77499079704, "delta": 25.271066188812256}, "costs": {"total_cost": 2965.023675471762, "time_cost": 150, "final_distance_cost": 126.8379963413636, "oscillation_cost": 1237.6976858356495, "completition_cost": 1000.0, "overshoot_cost": 320.60497245919026, "power_cost": 32.402805004882815, "noise_cost": 97.48021583067627, "n_waypoints_completed": 0, "tot_waypoints": 9}}
{"target": -9524.93750617502, "params": {"k_pid_pos": [1.992363452911377, 0.0, 0.0], "k_pid_alt": [0.1594918966293335, 0.0, 1.0], "k_pid_att": [0.0, 9.337723731994629, 1.0], "k_pid_yaw": [0.5, 1e-06, 0.1], "k_pid_hsp": [9.999999747378752e-05, 0.9788836240768433, 0.9902908802032471], "k_pid_vsp": [18.077028274536133, 400.0, 370.8592529296875]}, "datetime": {"datetime": "2025-08-21 21:32:07", "elapsed": 46043.89336824417, "delta": 23.118377447128296}, "costs": {"total_cost": 9524.93750617502, "time_cost": 150, "final_distance_cost": 2023.6520978544947, "oscillation_cost": 1464.4706077310432, "completition_cost": 1000.0, "overshoot_cost": 4748.692216911327, "power_cost": 35.07120805664063, "noise_cost": 103.05137562151327, "n_waypoints_completed": 0, "tot_waypoints": 9}}
{"target": -4828.204116300787, "params": {"k_pid_pos": [2.0, 0.07859170436859131, 0.0], "k_pid_alt": [0.0, 0.08289951086044312, 1.0], "k_pid_att": [0.0, 9.671518325805664, 0.979873538017273], "k_pid_yaw": [0.5, 1e-06, 0.1], "k_pid_hsp": [9.999999747378752e-05, 0.9664644598960876, 1.0], "k_pid_vsp": [9.159016609191895, 382.8074951171875, 381.4328308105469]}, "datetime": {"datetime": "2025-08-21 21:32:32", "elapsed": 46069.3276348114, "delta": 25.434266567230225}, "costs": {"total_cost": 4828.204116300787, "time_cost": 150, "final_distance_cost": 530.5736531683768, "oscillation_cost": 1984.745963666769, "completition_cost": 1000.0, "overshoot_cost": 1029.7499570086927, "power_cost": 33.342154541015624, "noise_cost": 99.79238791593261, "n_waypoints_completed": 0, "tot_waypoints": 9}}
{"target": -16037.690910323729, "params": {"k_pid_pos": [1.9915552139282227, 0.0, 0.047410279512405396], "k_pid_alt": [0.01576673984527588, 0.008808523416519165, 1.0], "k_pid_att": [0.0, 9.468818664550781, 0.9825018048286438], "k_pid_yaw": [0.5, 1e-06, 0.1], "k_pid_hsp": [9.999999747378752e-05, 0.927944004535675, 1.0], "k_pid_vsp": [16.28354835510254, 400.0, 370.13092041015625]}, "datetime": {"datetime": "2025-08-21 21:32:55", "elapsed": 46092.46030187607, "delta": 23.132667064666748}, "costs": {"total_cost": 16037.690910323729, "time_cost": 150, "final_distance_cost": 4628.963833892612, "oscillation_cost": 2189.3305429426855, "completition_cost": 1000.0, "overshoot_cost": 7934.206367076046, "power_cost": 33.94851751708985, "noise_cost": 101.24164889529511, "n_waypoints_completed": 0, "tot_waypoints": 9}}
{"target": -4689.443805310204, "params": {"k_pid_pos": [2.0, 0.045380353927612305, 0.0], "k_pid_alt": [0.0, 0.021103262901306152, 0.9891958236694336], "k_pid_att": [0.0, 9.770450592041016, 1.0], "k_pid_yaw": [0.5, 1e-06, 0.1], "k_pid_hsp": [0.2532768249511719, 1.0, 0.9628876447677612], "k_pid_vsp": [23.892641067504883, 400.0, 380.66033935546875]}, "datetime": {"datetime": "2025-08-21 21:33:20", "elapsed": 46116.67281770706, "delta": 24.212515830993652}, "costs": {"total_cost": 4689.443805310204, "time_cost": 150, "final_distance_cost": 556.4536067216362, "oscillation_cost": 1973.2399644780824, "completition_cost": 1000.0, "overshoot_cost": 880.7638228971616, "power_cost": 31.721767810058594, "noise_cost": 97.26464340326513, "n_waypoints_completed": 0, "tot_waypoints": 9}}
{"target": -20895.330317858745, "params": {"k_pid_pos": [1.9141086339950562, 0.0, 0.02081337571144104], "k_pid_alt": [0.0, 0.03621375560760498, 1.0], "k_pid_att": [0.0, 10.0, 1.0], "k_pid_yaw": [0.5, 1e-06, 0.1], "k_pid_hsp": [0.4313230514526367, 1.0, 1.0], "k_pid_vsp": [0.0, 399.1404113769531, 400.0]}, "datetime": {"datetime": "2025-08-21 21:33:44", "elapsed": 46140.99936747551, "delta": 24.326549768447876}, "costs": {"total_cost": 20895.330317858745, "time_cost": 150, "final_distance_cost": 6396.1880710218675, "oscillation_cost": 2325.803020800914, "completition_cost": 1000.0, "overshoot_cost": 10885.859739837711, "power_cost": 34.65742224121094, "noise_cost": 102.8220639570435, "n_waypoints_completed": 0, "tot_waypoints": 9}}
{"target": -13250.503657453188, "params": {"k_pid_pos": [2.0, 0.04373332858085632, 0.0048364996910095215], "k_pid_alt": [0.0, 0.05187314748764038, 0.9873824119567871], "k_pid_att": [0.0, 10.0, 1.0], "k_pid_yaw": [0.5, 1e-06, 0.1], "k_pid_hsp": [0.553627610206604, 0.8771717548370361, 0.9737039804458618], "k_pid_vsp": [0.0, 400.0, 397.7552490234375]}, "datetime": {"datetime": "2025-08-21 21:34:07", "elapsed": 46163.748339653015, "delta": 22.748972177505493}, "costs": {"total_cost": 13250.503657453188, "time_cost": 150, "final_distance_cost": 3984.0256322011273, "oscillation_cost": 625.0763447252333, "completition_cost": 1000.0, "overshoot_cost": 7353.7958240681655, "power_cost": 35.01033791503907, "noise_cost": 102.59551854362314, "n_waypoints_completed": 0, "tot_waypoints": 9}}
{"target": -2009.6796208602466, "params": {"k_pid_pos": [1.925771713256836, 0.0, 0.022493839263916016], "k_pid_alt": [0.0, 0.0, 0.9332512617111206], "k_pid_att": [1.091533899307251, 10.0, 1.0], "k_pid_yaw": [0.5, 1e-06, 0.1], "k_pid_hsp": [0.5423058271408081, 0.9795678853988647, 0.9352402687072754], "k_pid_vsp": [8.022701263427734, 400.0, 400.0]}, "datetime": {"datetime": "2025-08-21 21:34:32", "elapsed": 46188.50210237503, "delta": 24.75376272201538}, "costs": {"total_cost": 2009.6796208602466, "time_cost": 150, "final_distance_cost": 13.663568060498047, "oscillation_cost": 622.2726054746059, "completition_cost": 1000.0, "overshoot_cost": 139.8445123758813, "power_cost": 16.592543200683593, "noise_cost": 67.30639174857762, "n_waypoints_completed": 0, "tot_waypoints": 9}}
{"target": -1689.1863464512357, "params": {"k_pid_pos": [2.0, 0.02456393837928772, 0.024153172969818115], "k_pid_alt": [0.0, 0.0, 0.9632514715194702], "k_pid_att": [8.941117286682129, 9.35529613494873, 0.9941442012786865], "k_pid_yaw": [0.5, 1e-06, 0.1], "k_pid_hsp": [0.9484922289848328, 0.9960958957672119, 0.9835706949234009], "k_pid_vsp": [0.0, 397.79949951171875, 400.0]}, "datetime": {"datetime": "2025-08-21 21:34:56", "elapsed": 46213.460961818695, "delta": 24.95885944366455}, "costs": {"total_cost": 1689.1863464512357, "time_cost": 150, "final_distance_cost": 1.066342211131029, "oscillation_cost": 329.83695231865426, "completition_cost": 1000.0, "overshoot_cost": 136.55345822643523, "power_cost": 12.783262145996094, "noise_cost": 58.94633154901897, "n_waypoints_completed": 0, "tot_waypoints": 9}}
{"target": -2002.1513213307112, "params": {"k_pid_pos": [2.0, 0.0, 0.0], "k_pid_alt": [0.15744298696517944, 0.0, 1.0], "k_pid_att": [1.5033900737762451, 9.610583305358887, 0.9868080019950867], "k_pid_yaw": [0.5, 1e-06, 0.1], "k_pid_hsp": [1.3289412260055542, 0.9977108240127563, 0.92942214012146], "k_pid_vsp": [0.0, 387.07672119140625, 389.14117431640625]}, "datetime": {"datetime": "2025-08-21 21:35:20", "elapsed": 46236.53776431084, "delta": 23.076802492141724}, "costs": {"total_cost": 2002.1513213307112, "time_cost": 150, "final_distance_cost": 12.05192115542161, "oscillation_cost": 559.7802116505609, "completition_cost": 1000.0, "overshoot_cost": 158.04999968805583, "power_cost": 30.4651560546875, "noise_cost": 91.8040327819857, "n_waypoints_completed": 0, "tot_waypoints": 9}}
{"target": -5511.027714781066, "params": {"k_pid_pos": [1.946083903312683, 0.0, 0.03187185525894165], "k_pid_alt": [0.0, 0.032308727502822876, 1.0], "k_pid_att": [0.92276930809021, 10.0, 0.9501432180404663], "k_pid_yaw": [0.5, 1e-06, 0.1], "k_pid_hsp": [0.3694060742855072, 0.9701550602912903, 1.0], "k_pid_vsp": [35.48219299316406, 399.74627685546875, 400.0]}, "datetime": {"datetime": "2025-08-21 21:35:44", "elapsed": 46260.79086923599, "delta": 24.25310492515564}, "costs": {"total_cost": 5511.027714781066, "time_cost": 150, "final_distance_cost": 1316.8150625766905, "oscillation_cost": 658.1499684455262, "completition_cost": 1000.0, "overshoot_cost": 2264.493713024684, "power_cost": 30.48739919433594, "noise_cost": 91.0815715398291, "n_waypoints_completed": 0, "tot_waypoints": 9}}
