{"target": -2982.6100776049548, "params": {"k_pid_pos": [1.8536009788513184, 0.0, 0.09039223194122314], "k_pid_alt": [0.0, 0.07025521993637085, 1.0], "k_pid_att": [12.055060386657715, 10.0, 0.933972179889679], "k_pid_yaw": [0.5, 1e-06, 0.1], "k_pid_hsp": [9.999999747378752e-05, 0.9502013325691223, 1.0], "k_pid_vsp": [0.0, 396.23260498046875, 400.0]}, "datetime": {"datetime": "2025-08-21 17:53:03", "elapsed": 32900.026696681976, "delta": 23.122058391571045}, "costs": {"total_cost": 2982.6100776049548, "time_cost": 150, "final_distance_cost": 784.933959121996, "oscillation_cost": 250.1272253868916, "completition_cost": 1000.0, "overshoot_cost": 756.9602537243079, "power_cost": 23.16759166259766, "noise_cost": 17.421047709160927, "n_waypoints_completed": 0, "tot_waypoints": 9}}
{"target": -9471.349135293549, "params": {"k_pid_pos": [2.0, 0.0, 0.06263911724090576], "k_pid_alt": [0.10918647050857544, 0.03461650013923645, 1.0], "k_pid_att": [0.0, 9.098670959472656, 0.8827771544456482], "k_pid_yaw": [0.5, 1e-06, 0.1], "k_pid_hsp": [9.999999747378752e-05, 1.0, 0.9087695479393005], "k_pid_vsp": [4.250502586364746, 400.0, 400.0]}, "datetime": {"datetime": "2025-08-21 17:53:27", "elapsed": 32923.65036582947, "delta": 23.623669147491455}, "costs": {"total_cost": 9471.349135293549, "time_cost": 150, "final_distance_cost": 2162.0230983856663, "oscillation_cost": 2333.0274345735374, "completition_cost": 1000.0, "overshoot_cost": 3697.227001336098, "power_cost": 31.756934423828127, "noise_cost": 97.31466657442111, "n_waypoints_completed": 0, "tot_waypoints": 9}}
{"target": -2083.092054367476, "params": {"k_pid_pos": [2.0, 0.004626274108886719, 0.0], "k_pid_alt": [0.08246403932571411, 0.08089911937713623, 0.9582601189613342], "k_pid_att": [2.3454041481018066, 10.0, 0.9796130657196045], "k_pid_yaw": [0.5, 1e-06, 0.1], "k_pid_hsp": [0.0460052527487278, 1.0, 0.9195331335067749], "k_pid_vsp": [24.345529556274414, 369.8686828613281, 396.6026611328125]}, "datetime": {"datetime": "2025-08-21 17:53:51", "elapsed": 32948.35504221916, "delta": 24.704676389694214}, "costs": {"total_cost": 2083.092054367476, "time_cost": 150, "final_distance_cost": 125.0456439178986, "oscillation_cost": 387.829859516932, "completition_cost": 1000.0, "overshoot_cost": 349.0931694138872, "power_cost": 25.45026148681641, "noise_cost": 45.67312003194188, "n_waypoints_completed": 0, "tot_waypoints": 9}}
{"target": -2006.9976070354553, "params": {"k_pid_pos": [2.0, 0.0, 0.0], "k_pid_alt": [0.05013096332550049, 0.0, 0.8954039216041565], "k_pid_att": [2.4648547172546387, 10.0, 0.9416728019714355], "k_pid_yaw": [0.5, 1e-06, 0.1], "k_pid_hsp": [0.2688322961330414, 1.0, 0.9807069897651672], "k_pid_vsp": [11.197304725646973, 355.2510070800781, 400.0]}, "datetime": {"datetime": "2025-08-21 17:54:15", "elapsed": 32972.073023080826, "delta": 23.71798086166382}, "costs": {"total_cost": 2006.9976070354553, "time_cost": 150, "final_distance_cost": 82.26035852167689, "oscillation_cost": 387.8639588346418, "completition_cost": 1000.0, "overshoot_cost": 278.11440730888927, "power_cost": 26.789070141601563, "noise_cost": 81.96981222864596, "n_waypoints_completed": 0, "tot_waypoints": 9}}
{"target": -2315.6034707707227, "params": {"k_pid_pos": [2.0, 0.04002177715301514, 0.009799063205718994], "k_pid_alt": [0.044704318046569824, 0.033763736486434937, 1.0], "k_pid_att": [7.0950775146484375, 10.0, 1.0], "k_pid_yaw": [0.5, 1e-06, 0.1], "k_pid_hsp": [9.999999747378752e-05, 1.0, 0.9630404710769653], "k_pid_vsp": [0.0, 400.0, 374.9122619628906]}, "datetime": {"datetime": "2025-08-21 17:54:38", "elapsed": 32995.40718007088, "delta": 23.33415699005127}, "costs": {"total_cost": 2315.6034707707227, "time_cost": 150, "final_distance_cost": 342.63009699937663, "oscillation_cost": 242.184024396016, "completition_cost": 1000.0, "overshoot_cost": 541.5019872063295, "power_cost": 20.97399440917969, "noise_cost": 18.313367759820743, "n_waypoints_completed": 0, "tot_waypoints": 9}}
{"target": -3684.4618556105193, "params": {"k_pid_pos": [2.0, 0.0, 0.0], "k_pid_alt": [0.03326314687728882, 0.0, 0.9947582483291626], "k_pid_att": [6.404829025268555, 8.873008728027344, 0.9731665849685669], "k_pid_yaw": [0.5, 1e-06, 0.1], "k_pid_hsp": [9.999999747378752e-05, 1.0, 1.0], "k_pid_vsp": [0.0, 400.0, 393.2091369628906]}, "datetime": {"datetime": "2025-08-21 17:55:02", "elapsed": 33019.290932655334, "delta": 23.883752584457397}, "costs": {"total_cost": 3684.4618556105193, "time_cost": 150, "final_distance_cost": 1005.5394137958606, "oscillation_cost": 182.9996013721479, "completition_cost": 1000.0, "overshoot_cost": 1310.5801959894525, "power_cost": 19.781046716308595, "noise_cost": 15.561597736749839, "n_waypoints_completed": 0, "tot_waypoints": 9}}
{"target": -1641.138571739715, "params": {"k_pid_pos": [2.0, 0.025314748287200928, 0.07333728671073914], "k_pid_alt": [0.0, 0.04500472545623779, 1.0], "k_pid_att": [4.240852355957031, 10.0, 0.9811131358146667], "k_pid_yaw": [0.5, 1e-06, 0.1], "k_pid_hsp": [9.999999747378752e-05, 1.0, 0.9539989233016968], "k_pid_vsp": [16.29602813720703, 400.0, 400.0]}, "datetime": {"datetime": "2025-08-21 17:55:26", "elapsed": 33043.02136492729, "delta": 23.730432271957397}, "costs": {"total_cost": 1641.138571739715, "time_cost": 150, "final_distance_cost": 1.6053902828848348, "oscillation_cost": 288.9929884749162, "completition_cost": 1000.0, "overshoot_cost": 133.17202895461352, "power_cost": 23.098801281738282, "noise_cost": 44.269362745561814, "n_waypoints_completed": 0, "tot_waypoints": 9}}
{"target": -1876.1173266686274, "params": {"k_pid_pos": [2.0, 0.056898415088653564, 0.0], "k_pid_alt": [0.0, 0.0, 0.9943797588348389], "k_pid_att": [2.7209877967834473, 10.0, 0.9768764972686768], "k_pid_yaw": [0.5, 1e-06, 0.1], "k_pid_hsp": [0.051300473511219025, 1.0, 1.0], "k_pid_vsp": [0.0, 400.0, 400.0]}, "datetime": {"datetime": "2025-08-21 17:55:48", "elapsed": 33065.39074397087, "delta": 22.3693790435791}, "costs": {"total_cost": 1876.1173266686274, "time_cost": 150, "final_distance_cost": 60.63151410415601, "oscillation_cost": 337.42527405422015, "completition_cost": 1000.0, "overshoot_cost": 253.3801874298202, "power_cost": 16.723191918945314, "noise_cost": 57.957159161485876, "n_waypoints_completed": 0, "tot_waypoints": 9}}
{"target": -1698.3706457703775, "params": {"k_pid_pos": [2.0, 0.0577203631401062, 0.006310075521469116], "k_pid_alt": [0.0949358344078064, 0.14298439025878906, 1.0], "k_pid_att": [4.848748207092285, 10.0, 1.0], "k_pid_yaw": [0.5, 1e-06, 0.1], "k_pid_hsp": [0.47117045521736145, 1.0, 0.9858578443527222], "k_pid_vsp": [17.560148239135742, 385.4283447265625, 400.0]}, "datetime": {"datetime": "2025-08-21 17:56:13", "elapsed": 33090.07910776138, "delta": 24.688363790512085}, "costs": {"total_cost": 1698.3706457703775, "time_cost": 150, "final_distance_cost": 10.09285144937466, "oscillation_cost": 303.0421507678549, "completition_cost": 1000.0, "overshoot_cost": 142.3175742064151, "power_cost": 22.37516169433594, "noise_cost": 70.54290765239685, "n_waypoints_completed": 0, "tot_waypoints": 9}}
{"target": -2418.398117798922, "params": {"k_pid_pos": [1.8899140357971191, 0.03844746947288513, 0.009801089763641357], "k_pid_alt": [0.1091422438621521, 0.008787423372268677, 1.0], "k_pid_att": [0.5053848028182983, 8.905267715454102, 1.0], "k_pid_yaw": [0.5, 1e-06, 0.1], "k_pid_hsp": [9.999999747378752e-05, 1.0, 0.9675291776657104], "k_pid_vsp": [27.023029327392578, 375.6664123535156, 400.0]}, "datetime": {"datetime": "2025-08-21 17:56:37", "elapsed": 33114.00412249565, "delta": 23.92501473426819}, "costs": {"total_cost": 2418.398117798922, "time_cost": 150, "final_distance_cost": 49.27335493277387, "oscillation_cost": 887.8998859415886, "completition_cost": 1000.0, "overshoot_cost": 209.79919524766717, "power_cost": 30.288447497558597, "noise_cost": 91.13723417933355, "n_waypoints_completed": 0, "tot_waypoints": 9}}
{"target": -2091.357018439858, "params": {"k_pid_pos": [2.0, 0.0, 0.08371669054031372], "k_pid_alt": [0.19293630123138428, 0.02053213119506836, 1.0], "k_pid_att": [1.4576494693756104, 9.388915061950684, 0.997474193572998], "k_pid_yaw": [0.5, 1e-06, 0.1], "k_pid_hsp": [9.999999747378752e-05, 0.9650822877883911, 1.0], "k_pid_vsp": [49.53138732910156, 379.3710632324219, 400.0]}, "datetime": {"datetime": "2025-08-21 17:57:00", "elapsed": 33137.27066040039, "delta": 23.26653790473938}, "costs": {"total_cost": 2091.357018439858, "time_cost": 150, "final_distance_cost": 34.6489110571361, "oscillation_cost": 581.552915194533, "completition_cost": 1000.0, "overshoot_cost": 198.3374135485774, "power_cost": 31.843699560546877, "noise_cost": 94.97407907906451, "n_waypoints_completed": 0, "tot_waypoints": 9}}
{"target": -1539.2431864113346, "params": {"k_pid_pos": [1.666731595993042, 0.0, 0.0], "k_pid_alt": [0.0, 0.03887435793876648, 0.9825989603996277], "k_pid_att": [6.947973251342773, 9.847681999206543, 1.0], "k_pid_yaw": [0.5, 1e-06, 0.1], "k_pid_hsp": [0.3707236051559448, 1.0, 1.0], "k_pid_vsp": [19.792640686035156, 400.0, 400.0]}, "datetime": {"datetime": "2025-08-21 17:57:24", "elapsed": 33160.59664797783, "delta": 23.325987577438354}, "costs": {"total_cost": 1539.2431864113346, "time_cost": 150, "final_distance_cost": 50.86472035539147, "oscillation_cost": 261.1770621166353, "completition_cost": 888.8888888888888, "overshoot_cost": 120.25626513965744, "power_cost": 20.42771854248047, "noise_cost": 47.62853136828101, "n_waypoints_completed": 1, "tot_waypoints": 9}}
{"target": -1806.9582892992698, "params": {"k_pid_pos": [2.0, 0.0, 0.0], "k_pid_alt": [0.0005114078521728516, 0.0, 0.996741533279419], "k_pid_att": [3.683283805847168, 10.0, 0.980160117149353], "k_pid_yaw": [0.5, 1e-06, 0.1], "k_pid_hsp": [9.999999747378752e-05, 0.9163568019866943, 0.9518465995788574], "k_pid_vsp": [15.544486045837402, 396.89434814453125, 382.74603271484375]}, "datetime": {"datetime": "2025-08-21 17:57:48", "elapsed": 33184.64005994797, "delta": 24.04341197013855}, "costs": {"total_cost": 1806.9582892992698, "time_cost": 150, "final_distance_cost": 40.01520667114429, "oscillation_cost": 302.65873009771497, "completition_cost": 1000.0, "overshoot_cost": 229.30091797592578, "power_cost": 20.06616658935547, "noise_cost": 64.91726796512944, "n_waypoints_completed": 0, "tot_waypoints": 9}}
{"target": -21610.06885820724, "params": {"k_pid_pos": [1.9108761548995972, 0.088369220495224, 0.013518065214157104], "k_pid_alt": [0.0, 0.0, 1.0], "k_pid_att": [0.0, 9.11893081665039, 1.0], "k_pid_yaw": [0.5, 1e-06, 0.1], "k_pid_hsp": [0.9620389938354492, 1.0, 0.9237352609634399], "k_pid_vsp": [5.98369836807251, 383.79913330078125, 400.0]}, "datetime": {"datetime": "2025-08-21 17:58:11", "elapsed": 33208.24923968315, "delta": 23.609179735183716}, "costs": {"total_cost": 21610.06885820724, "time_cost": 150, "final_distance_cost": 6713.054921063997, "oscillation_cost": 2340.938189113054, "completition_cost": 1000.0, "overshoot_cost": 11278.874069008485, "power_cost": 30.260129504394534, "noise_cost": 96.94154951731022, "n_waypoints_completed": 0, "tot_waypoints": 9}}
{"target": -6897.433588581521, "params": {"k_pid_pos": [1.9247575998306274, 0.028139173984527588, 0.045832663774490356], "k_pid_alt": [0.025862038135528564, 0.0393432080745697, 0.9972982406616211], "k_pid_att": [0.0, 10.0, 1.0], "k_pid_yaw": [0.5, 1e-06, 0.1], "k_pid_hsp": [9.999999747378752e-05, 1.0, 0.8874004483222961], "k_pid_vsp": [0.0, 400.0, 355.5972595214844]}, "datetime": {"datetime": "2025-08-21 17:58:34", "elapsed": 33231.19603729248, "delta": 22.946797609329224}, "costs": {"total_cost": 6897.433588581521, "time_cost": 150, "final_distance_cost": 1078.6688845682838, "oscillation_cost": 1879.610309694707, "completition_cost": 1000.0, "overshoot_cost": 2659.9466338975267, "power_cost": 32.02524931640625, "noise_cost": 97.18251110459695, "n_waypoints_completed": 0, "tot_waypoints": 9}}
{"target": -4114.24041993121, "params": {"k_pid_pos": [2.0, 0.00028398633003234863, 0.03396293520927429], "k_pid_alt": [0.0, 0.0, 0.9838111400604248], "k_pid_att": [0.0, 9.633431434631348, 0.9954720735549927], "k_pid_yaw": [0.5, 1e-06, 0.1], "k_pid_hsp": [0.15717335045337677, 0.9352338910102844, 0.9791016578674316], "k_pid_vsp": [59.431671142578125, 400.0, 400.0]}, "datetime": {"datetime": "2025-08-21 17:58:58", "elapsed": 33255.44295191765, "delta": 24.246914625167847}, "costs": {"total_cost": 4114.24041993121, "time_cost": 150, "final_distance_cost": 641.6464225561108, "oscillation_cost": 1700.4559656153128, "completition_cost": 1000.0, "overshoot_cost": 511.4188896258196, "power_cost": 24.749722778320315, "noise_cost": 85.96941935564674, "n_waypoints_completed": 0, "tot_waypoints": 9}}
{"target": -4261.261226604657, "params": {"k_pid_pos": [2.0, 0.0, 0.004530161619186401], "k_pid_alt": [0.02876269817352295, 0.0, 0.9586427807807922], "k_pid_att": [0.0, 9.88188648223877, 1.0], "k_pid_yaw": [0.5, 1e-06, 0.1], "k_pid_hsp": [0.08260571211576462, 0.9372791051864624, 1.0], "k_pid_vsp": [0.0, 400.0, 390.08685302734375]}, "datetime": {"datetime": "2025-08-21 17:59:23", "elapsed": 33279.66752767563, "delta": 24.224575757980347}, "costs": {"total_cost": 4261.261226604657, "time_cost": 150, "final_distance_cost": 649.0107349507274, "oscillation_cost": 1499.5607851674426, "completition_cost": 1000.0, "overshoot_cost": 826.522838672362, "power_cost": 34.180049609375004, "noise_cost": 101.98681820475062, "n_waypoints_completed": 0, "tot_waypoints": 9}}
{"target": -19012.585533719717, "params": {"k_pid_pos": [2.0, 0.0, 0.0], "k_pid_alt": [0.0693131685256958, 0.0011810660362243652, 1.0], "k_pid_att": [0.0, 10.0, 1.0], "k_pid_yaw": [0.5, 1e-06, 0.1], "k_pid_hsp": [9.999999747378752e-05, 0.9681353569030762, 1.0], "k_pid_vsp": [0.0, 400.0, 374.1383361816406]}, "datetime": {"datetime": "2025-08-21 17:59:45", "elapsed": 33302.24977040291, "delta": 22.582242727279663}, "costs": {"total_cost": 19012.585533719717, "time_cost": 150, "final_distance_cost": 5940.557942377978, "oscillation_cost": 2104.5802305323687, "completition_cost": 1000.0, "overshoot_cost": 9681.201488365661, "power_cost": 34.32123671875, "noise_cost": 101.92463572495765, "n_waypoints_completed": 0, "tot_waypoints": 9}}
{"target": -3072.59922161659, "params": {"k_pid_pos": [2.0, 0.0, 0.03725108504295349], "k_pid_alt": [0.0, 0.0, 1.0], "k_pid_att": [3.4308135509490967, 10.0, 1.0], "k_pid_yaw": [0.5, 1e-06, 0.1], "k_pid_hsp": [9.999999747378752e-05, 0.8911036252975464, 0.8744522929191589], "k_pid_vsp": [4.722404479980469, 389.93048095703125, 397.4627990722656]}, "datetime": {"datetime": "2025-08-21 18:00:11", "elapsed": 33327.80324578285, "delta": 25.553475379943848}, "costs": {"total_cost": 3072.59922161659, "time_cost": 150, "final_distance_cost": 664.5035303434763, "oscillation_cost": 253.5715082804847, "completition_cost": 1000.0, "overshoot_cost": 955.8483739362283, "power_cost": 20.66575799560547, "noise_cost": 28.0100510607954, "n_waypoints_completed": 0, "tot_waypoints": 9}}
{"target": -1664.6517297732862, "params": {"k_pid_pos": [1.8497997522354126, 0.05280300974845886, 0.0], "k_pid_alt": [0.14472639560699463, 0.014503449201583862, 1.0], "k_pid_att": [4.177620887756348, 10.0, 1.0], "k_pid_yaw": [0.5, 1e-06, 0.1], "k_pid_hsp": [9.999999747378752e-05, 0.9242805242538452, 1.0], "k_pid_vsp": [23.176538467407227, 400.0, 373.8416748046875]}, "datetime": {"datetime": "2025-08-21 18:00:34", "elapsed": 33351.21165060997, "delta": 23.40840482711792}, "costs": {"total_cost": 1664.6517297732862, "time_cost": 150, "final_distance_cost": 6.94861565161307, "oscillation_cost": 247.01409154439375, "completition_cost": 1000.0, "overshoot_cost": 213.52884740959843, "power_cost": 20.51935174560547, "noise_cost": 26.640823422075563, "n_waypoints_completed": 0, "tot_waypoints": 9}}
{"target": -1990.6123582924824, "params": {"k_pid_pos": [2.0, 0.05845627188682556, 0.0], "k_pid_alt": [0.0, 0.0, 1.0], "k_pid_att": [2.723261833190918, 9.420656204223633, 0.9773894548416138], "k_pid_yaw": [0.5, 1e-06, 0.1], "k_pid_hsp": [9.999999747378752e-05, 0.9682108163833618, 0.9471371173858643], "k_pid_vsp": [0.0, 400.0, 400.0]}, "datetime": {"datetime": "2025-08-21 18:00:57", "elapsed": 33374.4435813427, "delta": 23.23193073272705}, "costs": {"total_cost": 1990.6123582924824, "time_cost": 150, "final_distance_cost": 102.94437023660642, "oscillation_cost": 323.88033813504325, "completition_cost": 1000.0, "overshoot_cost": 326.9760613355981, "power_cost": 21.252834509277346, "noise_cost": 65.55875407595727, "n_waypoints_completed": 0, "tot_waypoints": 9}}
{"target": -3515.660038957002, "params": {"k_pid_pos": [1.904872179031372, 0.0, 0.030926436185836792], "k_pid_alt": [0.012913107872009277, 0.012522608041763306, 0.9982038736343384], "k_pid_att": [5.608791351318359, 10.0, 0.9697644710540771], "k_pid_yaw": [0.5, 1e-06, 0.1], "k_pid_hsp": [0.8080534338951111, 0.9673066139221191, 0.9231489896774292], "k_pid_vsp": [7.65380859375, 400.0, 400.0]}, "datetime": {"datetime": "2025-08-21 18:01:22", "elapsed": 33398.54794502258, "delta": 24.104363679885864}, "costs": {"total_cost": 3515.660038957002, "time_cost": 150, "final_distance_cost": 1024.4406577035356, "oscillation_cost": 219.80791787563388, "completition_cost": 1000.0, "overshoot_cost": 1072.6551210724042, "power_cost": 21.50926922607422, "noise_cost": 27.247073079354124, "n_waypoints_completed": 0, "tot_waypoints": 9}}
{"target": -4945.548485791227, "params": {"k_pid_pos": [1.9596494436264038, 0.06483966112136841, 0.061969608068466187], "k_pid_alt": [0.011632382869720459, 0.0, 1.0], "k_pid_att": [0.0, 10.0, 0.974571704864502], "k_pid_yaw": [0.5, 1e-06, 0.1], "k_pid_hsp": [0.15981769561767578, 1.0, 0.9835870265960693], "k_pid_vsp": [0.0, 386.0997009277344, 400.0]}, "datetime": {"datetime": "2025-08-21 18:01:45", "elapsed": 33422.16429376602, "delta": 23.61634874343872}, "costs": {"total_cost": 4945.548485791227, "time_cost": 150, "final_distance_cost": 443.1509709668349, "oscillation_cost": 1795.5172987266626, "completition_cost": 1000.0, "overshoot_cost": 1427.0485309090723, "power_cost": 32.11042147216797, "noise_cost": 97.72126371648956, "n_waypoints_completed": 0, "tot_waypoints": 9}}
{"target": -3758.4266372012607, "params": {"k_pid_pos": [1.9715845584869385, 0.0, 0.0], "k_pid_alt": [0.0, 0.07251212000846863, 1.0], "k_pid_att": [0.0, 10.0, 0.9840000867843628], "k_pid_yaw": [0.5, 1e-06, 0.1], "k_pid_hsp": [9.999999747378752e-05, 1.0, 0.9923244714736938], "k_pid_vsp": [35.24701690673828, 400.0, 360.2646484375]}, "datetime": {"datetime": "2025-08-21 18:02:09", "elapsed": 33445.96456575394, "delta": 23.80027198791504}, "costs": {"total_cost": 3758.4266372012607, "time_cost": 150, "final_distance_cost": 354.2770813839564, "oscillation_cost": 1369.6078588165553, "completition_cost": 1000.0, "overshoot_cost": 760.4615903981775, "power_cost": 30.614579797363284, "noise_cost": 93.46552680520813, "n_waypoints_completed": 0, "tot_waypoints": 9}}
{"target": -1854.4065558040534, "params": {"k_pid_pos": [2.0, 0.013344734907150269, 0.07070547342300415], "k_pid_alt": [0.0, 0.0, 1.0], "k_pid_att": [2.3061633110046387, 10.0, 1.0], "k_pid_yaw": [0.5, 1e-06, 0.1], "k_pid_hsp": [0.24243515729904175, 0.9794641137123108, 0.9915043711662292], "k_pid_vsp": [0.0, 400.0, 390.3481140136719]}, "datetime": {"datetime": "2025-08-21 18:02:33", "elapsed": 33470.20029640198, "delta": 24.23573064804077}, "costs": {"total_cost": 1854.4065558040534, "time_cost": 150, "final_distance_cost": 25.474012060930928, "oscillation_cost": 401.89940925593686, "completition_cost": 1000.0, "overshoot_cost": 196.76544042111107, "power_cost": 15.369913232421876, "noise_cost": 64.89778083365262, "n_waypoints_completed": 0, "tot_waypoints": 9}}
{"target": -1833.2453967919305, "params": {"k_pid_pos": [1.9096043109893799, 0.004548817873001099, 0.07328870892524719], "k_pid_alt": [0.08586651086807251, 0.06619980931282043, 1.0], "k_pid_att": [4.026791572570801, 9.654139518737793, 0.9867649078369141], "k_pid_yaw": [0.5, 1e-06, 0.1], "k_pid_hsp": [9.999999747378752e-05, 0.9895309209823608, 0.9484225511550903], "k_pid_vsp": [4.455673694610596, 400.0, 400.0]}, "datetime": {"datetime": "2025-08-21 18:02:57", "elapsed": 33493.75539946556, "delta": 23.555103063583374}, "costs": {"total_cost": 1833.2453967919305, "time_cost": 150, "final_distance_cost": 3.3528448729521734, "oscillation_cost": 241.8872610118812, "completition_cost": 1000.0, "overshoot_cost": 385.7610917229766, "power_cost": 24.49507098388672, "noise_cost": 27.74912820023381, "n_waypoints_completed": 0, "tot_waypoints": 9}}
{"target": -5436.292446505659, "params": {"k_pid_pos": [2.0, 0.045118093490600586, 0.0], "k_pid_alt": [0.03526139259338379, 0.0, 0.9756176471710205], "k_pid_att": [0.0, 10.0, 0.996503472328186], "k_pid_yaw": [0.5, 1e-06, 0.1], "k_pid_hsp": [0.31129777431488037, 1.0, 1.0], "k_pid_vsp": [12.61237907409668, 376.3777160644531, 400.0]}, "datetime": {"datetime": "2025-08-21 18:03:20", "elapsed": 33517.14786410332, "delta": 23.392464637756348}, "costs": {"total_cost": 5436.292446505659, "time_cost": 150, "final_distance_cost": 187.93057051013153, "oscillation_cost": 1791.6759060685972, "completition_cost": 1000.0, "overshoot_cost": 2169.4086036909985, "power_cost": 34.62158409423828, "noise_cost": 102.65578214169322, "n_waypoints_completed": 0, "tot_waypoints": 9}}
