{"target": -1717.4303278277916, "params": {"k_pid_pos": [0.8211924962935018, 0.5747943519394632, 0.8802266652377634], "k_pid_alt": [0.05346937188779122, 0.7982652375683709, 0.14619331060975238], "k_pid_att": [66.99810089341707, 7.541313340242366, 0.0943374454131719], "k_pid_yaw": [0.5, 1e-06, 0.1], "k_pid_hsp": [0.7359104425848515, 0.5453357043357466, 0.9869681696000592], "k_pid_vsp": [379.88066890108354, 346.5150497318371, 370.4945761036417]}, "datetime": {"datetime": "2025-08-20 22:27:28", "elapsed": 38103.200033187866, "delta": 30.532028913497925}, "costs": {"total_cost": 1717.4303278277916, "time_cost": 150, "final_distance_cost": 60.589169517025304, "oscillation_cost": 416.1501307867976, "completition_cost": 1000.0, "overshoot_cost": 53.59266323560346, "power_cost": 20.849947595214843, "noise_cost": 16.24841669315066, "n_waypoints_completed": 0, "tot_waypoints": 9}}
{"target": -1174.1158316044036, "params": {"k_pid_pos": [0.34380491374086647, 0.024341293402359576, 0.5727110567738332], "k_pid_alt": [0.29750845325990105, 0.27011084031883537, 0.2008494527866883], "k_pid_att": [29.63551032433308, 8.702462240357832, 0.5513587130615998], "k_pid_yaw": [0.5, 1e-06, 0.1], "k_pid_hsp": [2.661429929635241, 0.7297254676502123, 0.6278868612104772], "k_pid_vsp": [165.88331024576823, 301.0669196895214, 205.8688847724151]}, "datetime": {"datetime": "2025-08-20 22:28:00", "elapsed": 38134.745928525925, "delta": 31.54589533805847}, "costs": {"total_cost": 1174.1158316044036, "time_cost": 150, "final_distance_cost": 49.77273774160523, "oscillation_cost": 326.8022793281368, "completition_cost": 555.5555555555555, "overshoot_cost": 53.44384014480683, "power_cost": 21.272693493652344, "noise_cost": 17.268725340646867, "n_waypoints_completed": 4, "tot_waypoints": 9}}
{"target": -925.9184201601814, "params": {"k_pid_pos": [1.8448379401079968, 0.06327531779388906, 0.19141693894805556], "k_pid_alt": [1.802823453158426, 0.18351246769491003, 0.5239497213471344], "k_pid_att": [55.18980498916003, 4.4766670809701665, 0.17017433431896678], "k_pid_yaw": [0.5, 1e-06, 0.1], "k_pid_hsp": [2.6871978605923195, 0.9348823501835276, 0.925244518713373], "k_pid_vsp": [380.35330138953003, 96.08957499702417, 128.11369617651482]}, "datetime": {"datetime": "2025-08-20 22:28:37", "elapsed": 38172.34117102623, "delta": 37.595242500305176}, "costs": {"total_cost": 925.9184201601814, "time_cost": 150, "final_distance_cost": 47.20795064041247, "oscillation_cost": 200.57632562380465, "completition_cost": 444.4444444444444, "overshoot_cost": 43.041438132398675, "power_cost": 23.930902185058596, "noise_cost": 16.717359134062715, "n_waypoints_completed": 5, "tot_waypoints": 9}}
{"target": -963.707600183294, "params": {"k_pid_pos": [0.7263729403180038, 0.5009248933675605, 0.6113907388896774], "k_pid_alt": [1.6121044742397748, 0.48816639637181414, 0.13262204486693963], "k_pid_att": [85.68616000625062, 9.871107781946604, 0.41826372035163906], "k_pid_yaw": [0.5, 1e-06, 0.1], "k_pid_hsp": [9.251585429285106, 0.759927263147453, 0.5787724842755985], "k_pid_vsp": [301.4004231601051, 54.762841313197896, 367.50305810011025]}, "datetime": {"datetime": "2025-08-20 22:29:08", "elapsed": 38203.1920478344, "delta": 30.850876808166504}, "costs": {"total_cost": 963.707600183294, "time_cost": 150, "final_distance_cost": 67.94005766384878, "oscillation_cost": 321.5952041676637, "completition_cost": 333.33333333333337, "overshoot_cost": 49.43068208955327, "power_cost": 23.601377258300783, "noise_cost": 17.806945670593983, "n_waypoints_completed": 6, "tot_waypoints": 9}}
{"target": -1051.1918218790408, "params": {"k_pid_pos": [1.6703011564424597, 0.174371514906701, 0.004226828132822047], "k_pid_alt": [0.38151252429457805, 0.7385929248103079, 0.3304815955467332], "k_pid_att": [50.37145804977167, 2.1453914211678127, 0.5773312126529031], "k_pid_yaw": [0.5, 1e-06, 0.1], "k_pid_hsp": [4.242099308672355, 0.2353800505543745, 0.19505250493047965], "k_pid_vsp": [131.27270747839498, 83.90930925182442, 228.12958992596552]}, "datetime": {"datetime": "2025-08-20 22:29:40", "elapsed": 38234.577013731, "delta": 31.384965896606445}, "costs": {"total_cost": 1051.1918218790408, "time_cost": 150, "final_distance_cost": 43.83067779426764, "oscillation_cost": 190.08241558179833, "completition_cost": 555.5555555555555, "overshoot_cost": 71.95269175252965, "power_cost": 19.325847375488284, "noise_cost": 20.444633819401293, "n_waypoints_completed": 4, "tot_waypoints": 9}}
{"target": -1531.2097317419361, "params": {"k_pid_pos": [1.3942531911109806, 0.24055870201722718, 0.9413451093342364], "k_pid_alt": [0.19330347079969679, 0.12311764310809925, 0.3926075722428888], "k_pid_att": [99.55579293310286, 7.768043817621768, 0.8326131507554567], "k_pid_yaw": [0.5, 1e-06, 0.1], "k_pid_hsp": [1.5933939792842255, 0.9766686957863038, 0.8619215088225455], "k_pid_vsp": [169.12304077334235, 218.86109950647705, 345.7148180404906]}, "datetime": {"datetime": "2025-08-20 22:30:12", "elapsed": 38267.29547381401, "delta": 32.71846008300781}, "costs": {"total_cost": 1531.2097317419361, "time_cost": 150, "final_distance_cost": 67.72818153539887, "oscillation_cost": 347.1254410380191, "completition_cost": 888.8888888888888, "overshoot_cost": 38.153052788818066, "power_cost": 21.65732596435547, "noise_cost": 17.656841526455818, "n_waypoints_completed": 1, "tot_waypoints": 9}}
{"target": -863.8230230323604, "params": {"k_pid_pos": [1.3074717980184043, 0.8049197252818802, 0.2507993713378488], "k_pid_alt": [0.7204836461557238, 0.4247292458519667, 0.6128618277746776], "k_pid_att": [82.29271745315876, 2.048592291462793, 0.9090094840730177], "k_pid_yaw": [0.5, 1e-06, 0.1], "k_pid_hsp": [9.253354746038656, 0.8694701893928454, 0.3024016991412958], "k_pid_vsp": [375.20732450073376, 50.84641418357989, 365.9593030276546]}, "datetime": {"datetime": "2025-08-20 22:30:43", "elapsed": 38298.024029016495, "delta": 30.72855520248413}, "costs": {"total_cost": 863.8230230323604, "time_cost": 150, "final_distance_cost": 63.19682902013776, "oscillation_cost": 209.38180703762234, "completition_cost": 333.33333333333337, "overshoot_cost": 66.85472127071658, "power_cost": 22.643882275390627, "noise_cost": 18.412450095159766, "n_waypoints_completed": 6, "tot_waypoints": 9}}
{"target": -1158.2402686870566, "params": {"k_pid_pos": [0.08941892869884845, 0.9719680447553071, 0.48490487279785455], "k_pid_alt": [0.999221448487198, 0.796777860361918, 0.913228374891559], "k_pid_att": [25.06100055127748, 3.3851356838083806, 0.5488084435234816], "k_pid_yaw": [0.5, 1e-06, 0.1], "k_pid_hsp": [8.634351767260782, 0.5271233222507776, 0.7205675587018344], "k_pid_vsp": [355.1355592977697, 99.40762388382677, 141.95731581786077]}, "datetime": {"datetime": "2025-08-20 22:31:14", "elapsed": 38329.45837378502, "delta": 31.43434476852417}, "costs": {"total_cost": 1158.2402686870566, "time_cost": 150, "final_distance_cost": 60.92472838385967, "oscillation_cost": 179.89934093154667, "completition_cost": 666.6666666666667, "overshoot_cost": 60.98924438188675, "power_cost": 22.546272473144533, "noise_cost": 17.214015849952446, "n_waypoints_completed": 3, "tot_waypoints": 9}}
{"target": -1161.0252817510357, "params": {"k_pid_pos": [0.19131686280042784, 0.867521279732157, 0.5629947270496067], "k_pid_alt": [0.7247757367518037, 0.7047911531801434, 0.597710041790439], "k_pid_att": [24.181193125317513, 7.84681916610007, 0.10283150190231938], "k_pid_yaw": [0.5, 1e-06, 0.1], "k_pid_hsp": [7.478850060836373, 0.6232277489123418, 0.41350643423010214], "k_pid_vsp": [208.89634474032567, 370.9921851876914, 193.49476958620687]}, "datetime": {"datetime": "2025-08-20 22:31:45", "elapsed": 38360.16015505791, "delta": 30.701781272888184}, "costs": {"total_cost": 1161.0252817510357, "time_cost": 150, "final_distance_cost": 56.06821586466759, "oscillation_cost": 195.421716669418, "completition_cost": 666.6666666666667, "overshoot_cost": 54.100748462491055, "power_cost": 22.69709342041016, "noise_cost": 16.0708406673824, "n_waypoints_completed": 3, "tot_waypoints": 9}}
{"target": -747.579549680269, "params": {"k_pid_pos": [1.3155864677487243, 0.5538129827161374, 0.37271756101544173], "k_pid_alt": [1.495531628773982, 0.31892606645648125, 0.25519895084175404], "k_pid_att": [35.609209364998186, 2.573931249274528, 0.4499711051759857], "k_pid_yaw": [0.5, 1e-06, 0.1], "k_pid_hsp": [3.988957563118268, 0.03893469609573019, 0.6130502473058931], "k_pid_vsp": [46.05302527343542, 357.64480880193054, 46.723385769167805]}, "datetime": {"datetime": "2025-08-20 22:32:17", "elapsed": 38391.867391347885, "delta": 31.707236289978027}, "costs": {"total_cost": 747.579549680269, "time_cost": 150, "final_distance_cost": 75.30846192686433, "oscillation_cost": 213.06645835426178, "completition_cost": 222.2222222222222, "overshoot_cost": 47.41097675968853, "power_cost": 23.0451291015625, "noise_cost": 16.526301315669688, "n_waypoints_completed": 7, "tot_waypoints": 9}}
{"target": -1045.3566056527736, "params": {"k_pid_pos": [0.7499350637455187, 0.19939298785973503, 0.8054508745093446], "k_pid_alt": [0.04357638909647865, 0.1318544486136024, 0.9917141471568114], "k_pid_att": [39.85388880846433, 2.0344559392178847, 0.830181639600726], "k_pid_yaw": [0.5, 1e-06, 0.1], "k_pid_hsp": [3.2474888495260776, 0.6750919186876047, 0.33035270064159394], "k_pid_vsp": [337.5806461603662, 20.66473406276646, 171.90221224597013]}, "datetime": {"datetime": "2025-08-20 22:32:48", "elapsed": 38422.59151530266, "delta": 30.72412395477295}, "costs": {"total_cost": 1045.3566056527736, "time_cost": 150, "final_distance_cost": 49.184807094878394, "oscillation_cost": 313.6632177233788, "completition_cost": 444.4444444444444, "overshoot_cost": 51.11924729773331, "power_cost": 21.132676611328126, "noise_cost": 15.812212481010597, "n_waypoints_completed": 5, "tot_waypoints": 9}}
{"target": -1386.1754252327933, "params": {"k_pid_pos": [1.7427335856657156, 0.6562668744674516, 0.8278681912823798], "k_pid_alt": [1.9395137871479593, 0.8565927158107608, 0.06042662438076085], "k_pid_att": [77.47930334366893, 9.049581043989054, 0.3335848718261195], "k_pid_yaw": [0.5, 1e-06, 0.1], "k_pid_hsp": [9.031664468175192, 0.03180770563763469, 0.46830238742915975], "k_pid_vsp": [18.09734701759713, 133.5468257087452, 389.5445970340486]}, "datetime": {"datetime": "2025-08-20 22:33:27", "elapsed": 38462.27359485626, "delta": 39.682079553604126}, "costs": {"total_cost": 1386.1754252327933, "time_cost": 150, "final_distance_cost": 62.43035153186722, "oscillation_cost": 361.6301397983228, "completition_cost": 666.6666666666667, "overshoot_cost": 106.15779939454193, "power_cost": 21.889665197753907, "noise_cost": 17.40080264364098, "n_waypoints_completed": 3, "tot_waypoints": 9}}
{"target": -897.1951060768383, "params": {"k_pid_pos": [0.28207764394971907, 0.7434369978573082, 0.8171688380023959], "k_pid_alt": [1.4160065583634376, 0.4023594942063007, 0.15210628512685453], "k_pid_att": [83.88984776514536, 7.38288412608773, 0.12138158524457998], "k_pid_yaw": [0.5, 1e-06, 0.1], "k_pid_hsp": [0.3330663391039876, 0.7890747841002382, 0.32909229961825004], "k_pid_vsp": [392.60580910031865, 372.6394025086983, 41.78495938623601]}, "datetime": {"datetime": "2025-08-20 22:33:58", "elapsed": 38493.24085235596, "delta": 30.967257499694824}, "costs": {"total_cost": 897.1951060768383, "time_cost": 150, "final_distance_cost": 68.96314842250582, "oscillation_cost": 240.17517639124472, "completition_cost": 333.33333333333337, "overshoot_cost": 64.04873040779754, "power_cost": 23.44419180908203, "noise_cost": 17.23052571287492, "n_waypoints_completed": 6, "tot_waypoints": 9}}
{"target": -1136.7900255988854, "params": {"k_pid_pos": [0.47079399674754024, 0.00869011613716586, 0.7844192346410879], "k_pid_alt": [0.5751894595635909, 0.7164122631145549, 0.40783185080902773], "k_pid_att": [93.93280216028369, 5.643957535570324, 0.7487565966661335], "k_pid_yaw": [0.5, 1e-06, 0.1], "k_pid_hsp": [5.154558992501646, 0.9216495653741393, 0.3501530337691614], "k_pid_vsp": [213.24216445345726, 313.51425868344614, 375.34576079316184]}, "datetime": {"datetime": "2025-08-20 22:34:30", "elapsed": 38524.589334487915, "delta": 31.348482131958008}, "costs": {"total_cost": 1136.7900255988854, "time_cost": 150, "final_distance_cost": 45.921665441930124, "oscillation_cost": 399.9235513595954, "completition_cost": 444.4444444444444, "overshoot_cost": 58.06051472168169, "power_cost": 21.776077795410156, "noise_cost": 16.66377183582354, "n_waypoints_completed": 5, "tot_waypoints": 9}}
{"target": -554.9547162859491, "params": {"k_pid_pos": [0.9852920050755856, 0.866606034136028, 0.2258429449195164], "k_pid_alt": [1.541100241486297, 0.9099000931915774, 0.5310300338412057], "k_pid_att": [89.77610640359978, 4.7635666095401845, 0.925646098512723], "k_pid_yaw": [0.5, 1e-06, 0.1], "k_pid_hsp": [6.207821753913538, 0.3173316075908651, 0.7214489674422401], "k_pid_vsp": [59.40175183115435, 384.8830525169254, 12.597999342864203]}, "datetime": {"datetime": "2025-08-20 22:35:01", "elapsed": 38556.111220121384, "delta": 31.521885633468628}, "costs": {"total_cost": 554.9547162859491, "time_cost": 150, "final_distance_cost": 32.99093774123643, "oscillation_cost": 157.7317194110492, "completition_cost": 111.11111111111116, "overshoot_cost": 65.09320047947145, "power_cost": 21.964383044433596, "noise_cost": 16.063364498647303, "n_waypoints_completed": 8, "tot_waypoints": 9}}
{"target": -1786.9335692425602, "params": {"k_pid_pos": [1.6373845890656595, 0.17070723459238013, 0.5589067692108964], "k_pid_alt": [1.1752016220599686, 0.626366854442871, 0.16436789473693103], "k_pid_att": [15.626765925304575, 5.458839943809396, 0.3696580909074072], "k_pid_yaw": [0.5, 1e-06, 0.1], "k_pid_hsp": [4.314504646999146, 0.20180213178918338, 0.8366552973642831], "k_pid_vsp": [44.445695373191676, 65.9595918485755, 139.62602732555024]}, "datetime": {"datetime": "2025-08-20 22:35:39", "elapsed": 38594.2392308712, "delta": 38.128010749816895}, "costs": {"total_cost": 1786.9335692425602, "time_cost": 150, "final_distance_cost": 0.9931646595483454, "oscillation_cost": 426.5360927481009, "completition_cost": 1000.0, "overshoot_cost": 135.53916363998235, "power_cost": 17.06119844970703, "noise_cost": 56.803949745221544, "n_waypoints_completed": 0, "tot_waypoints": 9}}
{"target": -1084.6931606957073, "params": {"k_pid_pos": [0.18818783194402658, 0.19759901150628367, 0.4064975821332537], "k_pid_alt": [0.1206967574586073, 0.39693445623788737, 0.7449313298289914], "k_pid_att": [47.09861068850738, 6.262765467048182, 0.6379892180965046], "k_pid_yaw": [0.5, 1e-06, 0.1], "k_pid_hsp": [0.6100588071845339, 0.643029982389172, 0.11367912693405813], "k_pid_vsp": [386.7971531883027, 29.532077710102822, 15.834786732696445]}, "datetime": {"datetime": "2025-08-20 22:36:19", "elapsed": 38633.62462043762, "delta": 39.38538956642151}, "costs": {"total_cost": 1084.6931606957073, "time_cost": 150, "final_distance_cost": 47.05952225222014, "oscillation_cost": 243.151820269847, "completition_cost": 555.5555555555555, "overshoot_cost": 54.19705877772512, "power_cost": 18.81368140869141, "noise_cost": 15.915522431668203, "n_waypoints_completed": 4, "tot_waypoints": 9}}
{"target": -1358.4872629511603, "params": {"k_pid_pos": [1.484781847155449, 0.3647820975001611, 0.6376286413191872], "k_pid_alt": [1.6490939235328343, 0.5524035129270046, 0.749539197662862], "k_pid_att": [84.15917377203851, 5.679948809323909, 0.7405474544251164], "k_pid_yaw": [0.5, 1e-06, 0.1], "k_pid_hsp": [7.838355016477006, 0.8134144131505838, 0.5088190023134241], "k_pid_vsp": [28.20718896627259, 61.19620104898075, 261.233188218297]}, "datetime": {"datetime": "2025-08-20 22:36:49", "elapsed": 38664.19798183441, "delta": 30.57336139678955}, "costs": {"total_cost": 1358.4872629511603, "time_cost": 150, "final_distance_cost": 68.94555737473571, "oscillation_cost": 322.2105131455028, "completition_cost": 666.6666666666667, "overshoot_cost": 113.59954790664266, "power_cost": 19.62178682861328, "noise_cost": 17.443191028999372, "n_waypoints_completed": 3, "tot_waypoints": 9}}
{"target": -404.3386689927917, "params": {"k_pid_pos": [1.9811077258612881, 0.18625265788879009, 0.4437728200140002], "k_pid_alt": [0.47791904430250076, 0.0395383700957983, 0.6535170749127626], "k_pid_att": [67.70650893520799, 4.281155688549676, 0.4720841310465931], "k_pid_yaw": [0.5, 1e-06, 0.1], "k_pid_hsp": [7.3260343124228156, 0.8386396445854571, 0.7718423332049409], "k_pid_vsp": [329.1313220282075, 398.7741412324107, 313.248361732385]}, "datetime": {"datetime": "2025-08-20 22:37:33", "elapsed": 38707.999210357666, "delta": 43.801228523254395}, "costs": {"total_cost": 404.3386689927917, "time_cost": 91.768, "final_distance_cost": 1.8242555574603736, "oscillation_cost": 217.45405940232868, "completition_cost": 0.0, "overshoot_cost": 57.5471478142021, "power_cost": 19.93404951171875, "noise_cost": 15.811156707081802, "n_waypoints_completed": 9, "tot_waypoints": 9}}
{"target": -1283.082522129405, "params": {"k_pid_pos": [0.8429319812665331, 0.2767341048683426, 0.3822578954065058], "k_pid_alt": [0.4308210814641613, 0.32499750626946267, 0.30894181326638204], "k_pid_att": [43.08229035006005, 2.293860930212571, 0.023280598416692166], "k_pid_yaw": [0.5, 1e-06, 0.1], "k_pid_hsp": [1.7030222078386115, 0.41336650242546213, 0.2988044055000846], "k_pid_vsp": [172.36291933966848, 178.87517284441327, 211.7605104848525]}, "datetime": {"datetime": "2025-08-20 22:38:11", "elapsed": 38745.980583667755, "delta": 37.98137331008911}, "costs": {"total_cost": 1283.082522129405, "time_cost": 150, "final_distance_cost": 53.18505489213493, "oscillation_cost": 327.29598993117025, "completition_cost": 666.6666666666667, "overshoot_cost": 47.41785803169044, "power_cost": 21.292001013183594, "noise_cost": 17.224951594559148, "n_waypoints_completed": 3, "tot_waypoints": 9}}
{"target": -427.9972519033691, "params": {"k_pid_pos": [1.7579689144809973, 0.09932657057120454, 0.2982211031497225], "k_pid_alt": [1.361129731940804, 0.46681182718811887, 0.6193476412477033], "k_pid_att": [54.73569624576615, 2.657180912381774, 0.265196021460368], "k_pid_yaw": [0.5, 1e-06, 0.1], "k_pid_hsp": [7.225148697444264, 0.6300920521656578, 0.5817914975616006], "k_pid_vsp": [355.70767271764436, 214.4107933743802, 27.744553162914038]}, "datetime": {"datetime": "2025-08-20 22:38:51", "elapsed": 38786.41821241379, "delta": 40.437628746032715}, "costs": {"total_cost": 427.9972519033691, "time_cost": 93.936, "final_distance_cost": 1.7690976144633053, "oscillation_cost": 241.8878880358897, "completition_cost": 0.0, "overshoot_cost": 53.69113562675349, "power_cost": 21.010142407226564, "noise_cost": 15.702988219036033, "n_waypoints_completed": 9, "tot_waypoints": 9}}
{"target": -1431.4314882124445, "params": {"k_pid_pos": [0.4017105462716351, 0.9231319242369324, 0.31542707718045093], "k_pid_alt": [0.6284772971363011, 0.7055796978817918, 0.20911662014875176], "k_pid_att": [92.00277228172537, 6.849727932605327, 0.5838177482064825], "k_pid_yaw": [0.5, 1e-06, 0.1], "k_pid_hsp": [1.781638035283966, 0.515236994018485, 0.0015060123726514663], "k_pid_vsp": [78.06133087624723, 346.0567927927144, 357.5451347177977]}, "datetime": {"datetime": "2025-08-20 22:39:30", "elapsed": 38825.08635663986, "delta": 38.66814422607422}, "costs": {"total_cost": 1431.4314882124445, "time_cost": 150, "final_distance_cost": 5.135250137068523, "oscillation_cost": 56.82846186127753, "completition_cost": 1000.0, "overshoot_cost": 136.78094143981184, "power_cost": 19.368702734375002, "noise_cost": 63.31813203991172, "n_waypoints_completed": 0, "tot_waypoints": 9}}
{"target": -581.2248939609036, "params": {"k_pid_pos": [1.5109070004879936, 0.10460181413333791, 0.16272977795783394], "k_pid_alt": [0.21672799133416487, 0.4641623073000578, 0.7808407442676665], "k_pid_att": [95.67692801486513, 7.165625705220412, 0.025409961489037847], "k_pid_yaw": [0.5, 1e-06, 0.1], "k_pid_hsp": [5.705134888370501, 0.24700615718248264, 0.0577594818939654], "k_pid_vsp": [286.3933589708173, 24.090316817555244, 17.948359689376463]}, "datetime": {"datetime": "2025-08-20 22:40:02", "elapsed": 38856.95739817619, "delta": 31.871041536331177}, "costs": {"total_cost": 581.2248939609036, "time_cost": 150, "final_distance_cost": 2.7014379208005, "oscillation_cost": 218.58276157117237, "completition_cost": 111.11111111111116, "overshoot_cost": 62.47113561792694, "power_cost": 20.302557946777345, "noise_cost": 16.05588979311533, "n_waypoints_completed": 8, "tot_waypoints": 9}}
{"target": -2386.37838826719, "params": {"k_pid_pos": [0.12603016752452623, 0.23489624841751267, 0.4723883739125657], "k_pid_alt": [1.151625061296608, 0.021063127341040877, 0.20868463241510993], "k_pid_att": [59.36255248762866, 1.4447896014546109, 0.5182480883034348], "k_pid_yaw": [0.5, 1e-06, 0.1], "k_pid_hsp": [5.890182483233454, 0.9454816829809324, 0.4951206557595338], "k_pid_vsp": [15.56383227561442, 82.14005707507881, 380.27705740202776]}, "datetime": {"datetime": "2025-08-20 22:40:34", "elapsed": 38888.62692141533, "delta": 31.669523239135742}, "costs": {"total_cost": 2386.37838826719, "time_cost": 150, "final_distance_cost": 399.19226336121, "oscillation_cost": 389.26138577858995, "completition_cost": 888.8888888888888, "overshoot_cost": 521.827489555017, "power_cost": 20.530690576171875, "noise_cost": 16.677670107312025, "n_waypoints_completed": 1, "tot_waypoints": 9}}
