{"target": -345.23627164737917, "params": {"k_pid_pos": [1.107064498856954, 0.6603911080326631, 0.3642075462607626], "k_pid_alt": [0.7866129893939234, 0.46963462363710007, 0.8134266042274629], "k_pid_att": [97.7306980990009, 3.6839898012651435, 0.8577561043748272], "k_pid_yaw": [0.5, 1e-06, 0.1], "k_pid_hsp": [2.9356855351497413, 0.521267274702669, 0.07216358424333526], "k_pid_vsp": [168.48772105235508, 219.8034394279225, 45.6826078361912]}, "datetime": {"datetime": "2025-08-21 02:12:28", "elapsed": 51602.62653183937, "delta": 49.33544993400574}, "costs": {"total_cost": 345.23627164737917, "time_cost": 90.872, "final_distance_cost": 1.724554287212037, "oscillation_cost": 168.28316853249913, "completition_cost": 0.0, "overshoot_cost": 51.95697157914686, "power_cost": 18.137239111328125, "noise_cost": 14.262338137193, "n_waypoints_completed": 9, "tot_waypoints": 9}}
{"target": -764.8941731121279, "params": {"k_pid_pos": [2.0, 0.22408704073103777, 0.5286675019488392], "k_pid_alt": [1.5132475170767703, 0.2278951950345845, 0.5360472841964843], "k_pid_att": [76.430693895227, 2.0258375219739504, 0.20692178477653325], "k_pid_yaw": [0.5, 1e-06, 0.1], "k_pid_hsp": [6.234952308850389, 0.7023219656771431, 0.787210905037484], "k_pid_vsp": [359.9005346299251, 151.95869724512053, 44.54076640409744]}, "datetime": {"datetime": "2025-08-21 02:13:12", "elapsed": 51647.12500691414, "delta": 44.498475074768066}, "costs": {"total_cost": 764.8941731121279, "time_cost": 150, "final_distance_cost": 71.01645978862831, "oscillation_cost": 238.72666875128962, "completition_cost": 222.2222222222222, "overshoot_cost": 43.55999132031557, "power_cost": 22.693891259765625, "noise_cost": 16.6749397699065, "n_waypoints_completed": 7, "tot_waypoints": 9}}
{"target": -369.94741347774806, "params": {"k_pid_pos": [1.170305203855086, 0.12435957232320931, 0.7333559455195596], "k_pid_alt": [1.578866875227219, 0.6686728168234474, 0.7289179334981227], "k_pid_att": [32.8513808380051, 4.817443139646456, 0.7234380552741136], "k_pid_yaw": [0.5, 1e-06, 0.1], "k_pid_hsp": [3.989881608059226, 0.21746332138833468, 0.6930842976408009], "k_pid_vsp": [331.70861489160455, 201.82507059422954, 32.56353766548532]}, "datetime": {"datetime": "2025-08-21 02:13:55", "elapsed": 51689.70402145386, "delta": 42.57901453971863}, "costs": {"total_cost": 369.94741347774806, "time_cost": 83.264, "final_distance_cost": 1.7875752850491433, "oscillation_cost": 198.955191808865, "completition_cost": 0.0, "overshoot_cost": 52.38102611712194, "power_cost": 19.450464196777343, "noise_cost": 14.1091560699346, "n_waypoints_completed": 9, "tot_waypoints": 9}}
{"target": -1085.2165043430903, "params": {"k_pid_pos": [0.6161507470433989, 0.16298500850874376, 0.8645187311228812], "k_pid_alt": [1.7779618940914212, 0.5232574810088781, 0.811200473181785], "k_pid_att": [61.256009010051415, 0.9360189586149914, 0.05705690254857321], "k_pid_yaw": [0.5, 1e-06, 0.1], "k_pid_hsp": [3.9027920387402104, 0.10598465916039712, 0.960241297057132], "k_pid_vsp": [325.3243564124771, 391.5618655077016, 311.43483381585975]}, "datetime": {"datetime": "2025-08-21 02:14:35", "elapsed": 51729.76010298729, "delta": 40.05608153343201}, "costs": {"total_cost": 1085.2165043430903, "time_cost": 150, "final_distance_cost": 45.923420061255555, "oscillation_cost": 361.5067320984379, "completition_cost": 444.4444444444444, "overshoot_cost": 45.05443702464156, "power_cost": 21.787521630859377, "noise_cost": 16.499949083451344, "n_waypoints_completed": 5, "tot_waypoints": 9}}
{"target": -669.3116074273689, "params": {"k_pid_pos": [1.1901306958311182, 0.6477245982094075, 0.7661207480108738], "k_pid_alt": [0.7700432535989976, 0.49218800245052197, 0.30101579655182054], "k_pid_att": [52.40904041318307, 2.2997780037650606, 0.033044881575357385], "k_pid_yaw": [0.5, 1e-06, 0.1], "k_pid_hsp": [2.5529618537840055, 0.9106672010238873, 0.16710949784192028], "k_pid_vsp": [150.29318344720252, 279.5630717525986, 167.87501709465522]}, "datetime": {"datetime": "2025-08-21 02:15:24", "elapsed": 51779.3183028698, "delta": 49.558199882507324}, "costs": {"total_cost": 669.3116074273689, "time_cost": 150, "final_distance_cost": 67.44839075565937, "oscillation_cost": 250.7950630547254, "completition_cost": 111.11111111111116, "overshoot_cost": 52.06210144285305, "power_cost": 21.15184395751953, "noise_cost": 16.743097105500407, "n_waypoints_completed": 8, "tot_waypoints": 9}}
{"target": -442.9857304338625, "params": {"k_pid_pos": [1.380651068737979, 0.19974243374125394, 0.023802018748064823], "k_pid_alt": [1.5906643139645786, 0.5293026127828094, 0.7098335445025208], "k_pid_att": [18.79313854725819, 5.0154013700489655, 0.34915261165544337], "k_pid_yaw": [0.5, 1e-06, 0.1], "k_pid_hsp": [6.65795506462807, 0.8543566928556935, 0.7062511122358015], "k_pid_vsp": [359.81073057476175, 50.77676231421907, 71.3312048259747]}, "datetime": {"datetime": "2025-08-21 02:16:10", "elapsed": 51824.713728904724, "delta": 45.39542603492737}, "costs": {"total_cost": 442.9857304338625, "time_cost": 94.256, "final_distance_cost": 1.7551550213017761, "oscillation_cost": 254.5581130745158, "completition_cost": 0.0, "overshoot_cost": 55.79370032814719, "power_cost": 21.215809338378907, "noise_cost": 15.406952671518871, "n_waypoints_completed": 9, "tot_waypoints": 9}}
{"target": -659.1622805486836, "params": {"k_pid_pos": [2.0, 0.0, 0.0], "k_pid_alt": [0.7063418385742891, 0.114094891468201, 0.6391755469378604], "k_pid_att": [74.17008017957586, 9.183899440862268, 0.8804481230732134], "k_pid_yaw": [0.5, 1e-06, 0.1], "k_pid_hsp": [9.332416820543212, 1.0, 0.8378349831436873], "k_pid_vsp": [388.5709044560334, 327.97003709162794, 326.20223836407257]}, "datetime": {"datetime": "2025-08-21 02:17:01", "elapsed": 51875.85900974274, "delta": 51.145280838012695}, "costs": {"total_cost": 659.1622805486836, "time_cost": 150, "final_distance_cost": 63.22098466366702, "oscillation_cost": 237.08228433169353, "completition_cost": 111.11111111111116, "overshoot_cost": 57.715928480757356, "power_cost": 23.309068176269534, "noise_cost": 16.722903785184947, "n_waypoints_completed": 8, "tot_waypoints": 9}}
{"target": -872.3468828010521, "params": {"k_pid_pos": [1.4535319519922751, 0.9846280047541418, 0.5682130459426612], "k_pid_alt": [0.3961098725427359, 0.5479770742471688, 0.35228505726941683], "k_pid_att": [21.779315296004352, 1.6699637728136052, 0.28710700766793096], "k_pid_yaw": [0.5, 1e-06, 0.1], "k_pid_hsp": [8.868433773852036, 0.8696924154664898, 0.24983692269081226], "k_pid_vsp": [16.884422827986036, 211.8368352556484, 37.58605371516672]}, "datetime": {"datetime": "2025-08-21 02:17:52", "elapsed": 51927.31644797325, "delta": 51.457438230514526}, "costs": {"total_cost": 872.3468828010521, "time_cost": 150, "final_distance_cost": 74.94472229875691, "oscillation_cost": 228.57958160357998, "completition_cost": 333.33333333333337, "overshoot_cost": 50.31863724977051, "power_cost": 19.061113012695312, "noise_cost": 16.109495302915963, "n_waypoints_completed": 6, "tot_waypoints": 9}}
{"target": -365.5978060194084, "params": {"k_pid_pos": [1.1948339816435425, 0.8345569962338383, 0.8374621550017568], "k_pid_alt": [1.7622206829400957, 0.5828837799019466, 0.7295572725650465], "k_pid_att": [5.072834037722697, 6.6332828872486, 0.3089191617725187], "k_pid_yaw": [0.5, 1e-06, 0.1], "k_pid_hsp": [4.477975471942362, 0.29528771833717593, 0.27497685036500724], "k_pid_vsp": [204.67621845813622, 224.20624304769052, 79.68342261585236]}, "datetime": {"datetime": "2025-08-21 02:18:39", "elapsed": 51973.96764063835, "delta": 46.6511926651001}, "costs": {"total_cost": 365.5978060194084, "time_cost": 94.568, "final_distance_cost": 1.7631657659042796, "oscillation_cost": 181.35071278212814, "completition_cost": 0.0, "overshoot_cost": 54.646837147206696, "power_cost": 19.339431408691407, "noise_cost": 13.929658915477894, "n_waypoints_completed": 9, "tot_waypoints": 9}}
{"target": -464.84822516811425, "params": {"k_pid_pos": [1.6401778816904358, 0.27245251413180993, 0.7707284075035773], "k_pid_alt": [0.6219636288544844, 0.31790633735580476, 1.0], "k_pid_att": [5.118593443259395, 7.624876617794148, 0.02762498254972123], "k_pid_yaw": [0.5, 1e-06, 0.1], "k_pid_hsp": [10.0, 0.560045946220012, 0.32357346663359343], "k_pid_vsp": [268.3451543649777, 365.1233422551382, 26.338753775517834]}, "datetime": {"datetime": "2025-08-21 02:19:24", "elapsed": 52018.8442773819, "delta": 44.87663674354553}, "costs": {"total_cost": 464.84822516811425, "time_cost": 98.416, "final_distance_cost": 1.7789669787740627, "oscillation_cost": 270.6424403233709, "completition_cost": 0.0, "overshoot_cost": 53.74980353736419, "power_cost": 23.622607153320313, "noise_cost": 16.63840717528481, "n_waypoints_completed": 9, "tot_waypoints": 9}}
{"target": -658.0119290403093, "params": {"k_pid_pos": [0.8097355600669964, 0.6378154287285139, 0.9603055770634548], "k_pid_alt": [1.222510735076811, 0.6671374046668561, 0.4832764997540574], "k_pid_att": [42.60837704020409, 5.4707663813327265, 0.5674082797083109], "k_pid_yaw": [0.5, 1e-06, 0.1], "k_pid_hsp": [6.454933437827779, 0.7312827101163071, 0.5405842472578779], "k_pid_vsp": [291.31433333437946, 68.60320804477861, 52.82218277086808]}, "datetime": {"datetime": "2025-08-21 02:20:09", "elapsed": 52063.609624385834, "delta": 44.76534700393677}, "costs": {"total_cost": 658.0119290403093, "time_cost": 150, "final_distance_cost": 57.52428314340023, "oscillation_cost": 249.09994447531017, "completition_cost": 111.11111111111116, "overshoot_cost": 53.07125554458174, "power_cost": 20.957790173339845, "noise_cost": 16.247544592566154, "n_waypoints_completed": 8, "tot_waypoints": 9}}
{"target": -423.9758088322651, "params": {"k_pid_pos": [1.2033149761624005, 0.5393722910159022, 0.4137378027127145], "k_pid_alt": [1.3412514744057673, 0.35320757384958795, 0.40399396740787574], "k_pid_att": [19.02529931983045, 4.533809343170112, 0.615568091433328], "k_pid_yaw": [0.5, 1e-06, 0.1], "k_pid_hsp": [6.867997047352064, 0.11534203117262816, 0.7052926181560685], "k_pid_vsp": [363.57990718026883, 125.76996680313599, 40.26449317382551]}, "datetime": {"datetime": "2025-08-21 02:20:59", "elapsed": 52113.72490119934, "delta": 50.11527681350708}, "costs": {"total_cost": 423.9758088322651, "time_cost": 94.08, "final_distance_cost": 1.7623878011124332, "oscillation_cost": 240.21803802134974, "completition_cost": 0.0, "overshoot_cost": 53.62551511220527, "power_cost": 19.505292492675782, "noise_cost": 14.784575404921862, "n_waypoints_completed": 9, "tot_waypoints": 9}}
{"target": -283.0031859133196, "params": {"k_pid_pos": [1.1571284958956367, 0.0, 0.8292402322898157], "k_pid_alt": [2.0, 0.45071200616300466, 1.0], "k_pid_att": [4.332355903469436, 0.7565118382667564, 0.15736523624925672], "k_pid_yaw": [0.5, 1e-06, 0.1], "k_pid_hsp": [5.948420458662586, 0.0, 0.42822183781358414], "k_pid_vsp": [99.96552946912139, 93.27550939294663, 27.105920193561527]}, "datetime": {"datetime": "2025-08-21 02:21:36", "elapsed": 52150.76883602142, "delta": 37.04393482208252}, "costs": {"total_cost": 283.0031859133196, "time_cost": 80.048, "final_distance_cost": 1.76794506906103, "oscillation_cost": 118.8016684280622, "completition_cost": 0.0, "overshoot_cost": 52.92408840476874, "power_cost": 16.863345190429687, "noise_cost": 12.598138820997988, "n_waypoints_completed": 9, "tot_waypoints": 9}}
{"target": -200.25907085343815, "params": {"k_pid_pos": [0.7821285972532216, 0.0, 0.0], "k_pid_alt": [1.5773247475338183, 0.0, 0.0], "k_pid_att": [18.475269616311714, 0.9180249088152309, 0.0], "k_pid_yaw": [0.5, 1e-06, 0.1], "k_pid_hsp": [2.8847410585704636, 0.0, 0.0], "k_pid_vsp": [154.99810728855488, 9.951162472219323, 4.192570191820137]}, "datetime": {"datetime": "2025-08-21 02:22:21", "elapsed": 52195.73351478577, "delta": 44.96467876434326}, "costs": {"total_cost": 200.25907085343815, "time_cost": 73.104, "final_distance_cost": 1.8522979062539722, "oscillation_cost": 48.68867141000477, "completition_cost": 0.0, "overshoot_cost": 50.99944127968972, "power_cost": 13.105397338867188, "noise_cost": 12.509262918622523, "n_waypoints_completed": 9, "tot_waypoints": 9}}
{"target": -437.15572958945893, "params": {"k_pid_pos": [0.7846554328706156, 0.4983009624369224, 0.547665988438863], "k_pid_alt": [1.1183361921583852, 0.5765712526618518, 0.7020747023217315], "k_pid_att": [100.0, 1.4154478869580358, 0.9748910244654475], "k_pid_yaw": [0.5, 1e-06, 0.1], "k_pid_hsp": [4.725741148248481, 0.8598276095729787, 0.30677377467473416], "k_pid_vsp": [167.04164196768437, 219.3955180678356, 41.845931751894724]}, "datetime": {"datetime": "2025-08-21 02:23:15", "elapsed": 52249.85682463646, "delta": 54.12330985069275}, "costs": {"total_cost": 437.15572958945893, "time_cost": 93.904, "final_distance_cost": 1.747195075250745, "oscillation_cost": 252.4790696869388, "completition_cost": 0.0, "overshoot_cost": 53.03691840810357, "power_cost": 19.695261791992188, "noise_cost": 16.29328462717357, "n_waypoints_completed": 9, "tot_waypoints": 9}}
{"target": -764.9101142177652, "params": {"k_pid_pos": [1.4046268647431353, 0.9026386068649858, 0.915351820629023], "k_pid_alt": [1.4567658071833278, 0.11212078006846726, 0.8315088765400331], "k_pid_att": [34.60447520863929, 1.4553783631514352, 0.20982280846386347], "k_pid_yaw": [0.5, 1e-06, 0.1], "k_pid_hsp": [4.807993244083498, 0.5540606299066294, 0.3623611861761489], "k_pid_vsp": [389.6811126584299, 50.09252863047233, 181.81191943554674]}, "datetime": {"datetime": "2025-08-21 02:23:59", "elapsed": 52293.980186223984, "delta": 44.123361587524414}, "costs": {"total_cost": 764.9101142177652, "time_cost": 150, "final_distance_cost": 74.06495144266388, "oscillation_cost": 233.9480300662221, "completition_cost": 222.2222222222222, "overshoot_cost": 48.219121212985044, "power_cost": 20.95303338623047, "noise_cost": 15.502755887441465, "n_waypoints_completed": 7, "tot_waypoints": 9}}
{"target": -586.3960795256688, "params": {"k_pid_pos": [2.0, 0.0, 0.11731595352285772], "k_pid_alt": [1.277584490389011, 0.7084054819989193, 0.3282372726379012], "k_pid_att": [72.8974173485337, 7.019987747875365, 1.0], "k_pid_yaw": [0.5, 1e-06, 0.1], "k_pid_hsp": [4.175560389670875, 1.0, 1.0], "k_pid_vsp": [384.218464745031, 327.3641565579788, 323.26396800111934]}, "datetime": {"datetime": "2025-08-21 02:24:54", "elapsed": 52348.91571354866, "delta": 54.935527324676514}, "costs": {"total_cost": 586.3960795256688, "time_cost": 150, "final_distance_cost": 42.990576567204634, "oscillation_cost": 188.04612271661887, "completition_cost": 111.11111111111116, "overshoot_cost": 58.039500890679804, "power_cost": 20.835102270507814, "noise_cost": 15.37366596954653, "n_waypoints_completed": 8, "tot_waypoints": 9}}
{"target": -652.4560688981123, "params": {"k_pid_pos": [1.2190672912038771, 0.3498866534003656, 0.6140957815160771], "k_pid_alt": [0.8619847435586881, 0.34190482729784794, 0.563352974925179], "k_pid_att": [23.293554516703004, 8.177657897435045, 0.1892152597818147], "k_pid_yaw": [0.5, 1e-06, 0.1], "k_pid_hsp": [8.917671524511592, 0.8115636853087057, 0.11443781855969867], "k_pid_vsp": [86.82354418947347, 208.76325203563138, 31.695420676438733]}, "datetime": {"datetime": "2025-08-21 02:25:45", "elapsed": 52399.93504858017, "delta": 51.0193350315094}, "costs": {"total_cost": 652.4560688981123, "time_cost": 150, "final_distance_cost": 3.1771487468289794, "oscillation_cost": 299.2773019088511, "completition_cost": 111.11111111111116, "overshoot_cost": 54.6617688795532, "power_cost": 19.337761083984375, "noise_cost": 14.890977167783596, "n_waypoints_completed": 8, "tot_waypoints": 9}}
{"target": -236.51623454787196, "params": {"k_pid_pos": [1.2267110207318317, 0.15900806546835, 0.0], "k_pid_alt": [0.5948528401144286, 0.0443627070596918, 0.4047706136266619], "k_pid_att": [10.970884933746271, 2.8225751740029756, 0.6502978644559667], "k_pid_yaw": [0.5, 1e-06, 0.1], "k_pid_hsp": [7.503415855402853, 0.2712168950302282, 0.0], "k_pid_vsp": [52.28128686736247, 227.4658914968112, 82.4935659660051]}, "datetime": {"datetime": "2025-08-21 02:26:27", "elapsed": 52442.32693052292, "delta": 42.39188194274902}, "costs": {"total_cost": 236.51623454787196, "time_cost": 91.952, "final_distance_cost": 1.7319488354770285, "oscillation_cost": 57.24308202009585, "completition_cost": 0.0, "overshoot_cost": 52.30899259206848, "power_cost": 19.137540942382813, "noise_cost": 14.142670157847782, "n_waypoints_completed": 9, "tot_waypoints": 9}}
{"target": -409.0909093357669, "params": {"k_pid_pos": [1.1204773837059179, 0.42350679045304507, 0.6814698136512577], "k_pid_alt": [0.6351802802856747, 0.12834172135311306, 0.22224747089309427], "k_pid_att": [15.589773678911524, 4.5748882456562, 0.5736566671849903], "k_pid_yaw": [0.5, 1e-06, 0.1], "k_pid_hsp": [5.586587231013501, 0.9657827380440314, 0.23373644463551635], "k_pid_vsp": [162.200927964058, 7.2505908475473655, 2.6296476989602886]}, "datetime": {"datetime": "2025-08-21 02:27:20", "elapsed": 52495.10265517235, "delta": 52.77572464942932}, "costs": {"total_cost": 409.0909093357669, "time_cost": 98.872, "final_distance_cost": 1.7365750297293052, "oscillation_cost": 221.93103265660585, "completition_cost": 0.0, "overshoot_cost": 54.19826998093367, "power_cost": 17.34064501953125, "noise_cost": 15.012386648966896, "n_waypoints_completed": 9, "tot_waypoints": 9}}
{"target": -359.56464757782936, "params": {"k_pid_pos": [1.02745105888745, 0.6872216959949276, 0.5019357739085418], "k_pid_alt": [0.9428471875388247, 0.5170122311564512, 0.0482474038515014], "k_pid_att": [33.330985795283276, 4.631111384197614, 0.6341495529758598], "k_pid_yaw": [0.5, 1e-06, 0.1], "k_pid_hsp": [5.296346442384402, 0.867991815912364, 0.44708532887148195], "k_pid_vsp": [64.61832164557426, 342.3518565896474, 62.81627596216455]}, "datetime": {"datetime": "2025-08-21 02:28:03", "elapsed": 52537.63136434555, "delta": 42.528709173202515}, "costs": {"total_cost": 359.56464757782936, "time_cost": 85.21600000000001, "final_distance_cost": 1.725168037396014, "oscillation_cost": 185.85073243042856, "completition_cost": 0.0, "overshoot_cost": 52.57799020029482, "power_cost": 19.674221154785158, "noise_cost": 14.52053575492476, "n_waypoints_completed": 9, "tot_waypoints": 9}}
{"target": -545.531742381695, "params": {"k_pid_pos": [0.6232087475676372, 0.8356930190242324, 0.2578826621614695], "k_pid_alt": [0.9073142860086456, 0.01579090743560252, 0.8517899229349026], "k_pid_att": [47.00243561478793, 2.881685318584748, 0.4805147675096759], "k_pid_yaw": [0.5, 1e-06, 0.1], "k_pid_hsp": [5.618314750085261, 0.3336010481277809, 0.7907172465474523], "k_pid_vsp": [283.6515316130709, 71.05951762011351, 50.83334872848218]}, "datetime": {"datetime": "2025-08-21 02:28:54", "elapsed": 52588.76174116135, "delta": 51.1303768157959}, "costs": {"total_cost": 545.531742381695, "time_cost": 150, "final_distance_cost": 14.829625290465811, "oscillation_cost": 162.6983284403892, "completition_cost": 111.11111111111116, "overshoot_cost": 68.52483430193041, "power_cost": 21.85559782714844, "noise_cost": 16.51224541065008, "n_waypoints_completed": 8, "tot_waypoints": 9}}
{"target": -847.2454706936123, "params": {"k_pid_pos": [0.9467830343730917, 0.9395100275544307, 0.4475927488240462], "k_pid_alt": [1.345618653418198, 0.186790105613442, 0.7896947667618556], "k_pid_att": [12.571116520017911, 2.074712611233422, 0.30623833305263126], "k_pid_yaw": [0.5, 1e-06, 0.1], "k_pid_hsp": [8.03103995004447, 0.1933927557000218, 0.3666309278732621], "k_pid_vsp": [369.96127417465226, 121.84279735074759, 37.95313236313847]}, "datetime": {"datetime": "2025-08-21 02:29:42", "elapsed": 52636.51936221123, "delta": 47.75762104988098}, "costs": {"total_cost": 847.2454706936123, "time_cost": 150, "final_distance_cost": 73.16310407247899, "oscillation_cost": 209.98846282019355, "completition_cost": 333.33333333333337, "overshoot_cost": 42.67355461656569, "power_cost": 22.230569775390627, "noise_cost": 15.856446075650112, "n_waypoints_completed": 6, "tot_waypoints": 9}}
{"target": -389.96845054514785, "params": {"k_pid_pos": [2.0, 0.0, 1.0], "k_pid_alt": [1.9639814005470826, 0.0, 0.6063287772556686], "k_pid_att": [65.5557952215286, 1.0592419368830592, 0.8379864348846894], "k_pid_yaw": [0.5, 1e-06, 0.1], "k_pid_hsp": [9.538762205301541, 0.7150255483038682, 1.0], "k_pid_vsp": [252.3357190655025, 263.7280756673914, 269.88360276489243]}, "datetime": {"datetime": "2025-08-21 02:30:21", "elapsed": 52676.24154376984, "delta": 39.72218155860901}, "costs": {"total_cost": 389.96845054514785, "time_cost": 82.76, "final_distance_cost": 1.7885864619604113, "oscillation_cost": 214.14448693925561, "completition_cost": 0.0, "overshoot_cost": 58.024095901578356, "power_cost": 18.884925292968752, "noise_cost": 14.366355949384717, "n_waypoints_completed": 9, "tot_waypoints": 9}}
{"target": -922.7173737128909, "params": {"k_pid_pos": [1.0021039425957425, 0.09148554395155706, 0.3057455677470624], "k_pid_alt": [0.19975149447210927, 0.7146593249581777, 0.41749880969334396], "k_pid_att": [40.10967837180046, 1.957578388318543, 0.5053321712799523], "k_pid_yaw": [0.5, 1e-06, 0.1], "k_pid_hsp": [5.808238430642639, 0.4283889697007872, 0.6356335654353789], "k_pid_vsp": [295.45741533018077, 77.9375908606672, 52.913563276106785]}, "datetime": {"datetime": "2025-08-21 02:31:09", "elapsed": 52724.39698266983, "delta": 48.1554388999939}, "costs": {"total_cost": 922.7173737128909, "time_cost": 150, "final_distance_cost": 72.56219279454776, "oscillation_cost": 281.90722330297405, "completition_cost": 333.33333333333337, "overshoot_cost": 52.137400189215555, "power_cost": 18.600821337890626, "noise_cost": 14.176402754929649, "n_waypoints_completed": 6, "tot_waypoints": 9}}
