{"target": -865.7485547074398, "params": {"k_pid_pos": [0.9731243809703621, 0.7540838967936835, 0.8652954172336945], "k_pid_alt": [1.44812501339504, 0.6952880754761316, 0.7394020125785702], "k_pid_att": [33.45047700755681, 8.97925094717284, 0.023606050969773196], "k_pid_yaw": [0.5, 1e-06, 0.1], "k_pid_hsp": [5.0589953897406135, 0.4533851082148713, 0.9394999213776826], "k_pid_vsp": [369.6461179247494, 123.7978402902544, 58.17713622774716]}, "datetime": {"datetime": "2025-08-20 23:57:30", "elapsed": 43504.85483336449, "delta": 33.127583265304565}, "costs": {"total_cost": 865.7485547074398, "time_cost": 150, "final_distance_cost": 69.68597679472389, "oscillation_cost": 225.30084331122396, "completition_cost": 333.33333333333337, "overshoot_cost": 50.15306423109396, "power_cost": 21.06557215576172, "noise_cost": 16.20976488130283, "n_waypoints_completed": 6, "tot_waypoints": 9}}
{"target": -400.34889323688805, "params": {"k_pid_pos": [1.569697161928674, 0.034249828679337346, 0.16203866578418702], "k_pid_alt": [0.47440894294623526, 0.06423489089104917, 0.485467829074253], "k_pid_att": [70.00446033318345, 1.6108306507195465, 0.43643956702149356], "k_pid_yaw": [0.5, 1e-06, 0.1], "k_pid_hsp": [4.419673957660566, 0.35997856528440475, 0.45176000870339017], "k_pid_vsp": [83.15328998097749, 221.06644755749187, 107.12543776637933]}, "datetime": {"datetime": "2025-08-20 23:58:02", "elapsed": 43536.87159895897, "delta": 32.01676559448242}, "costs": {"total_cost": 400.34889323688805, "time_cost": 89.688, "final_distance_cost": 1.780557617196937, "oscillation_cost": 216.5843709509946, "completition_cost": 0.0, "overshoot_cost": 56.36302192090489, "power_cost": 20.38604656982422, "noise_cost": 15.546896177967403, "n_waypoints_completed": 9, "tot_waypoints": 9}}
{"target": -598.350431986511, "params": {"k_pid_pos": [0.6643314576671702, 0.5369913961759265, 0.2001512405209277], "k_pid_alt": [0.46335053825775807, 0.6688045499088595, 0.4246028248966838], "k_pid_att": [35.04700291066397, 7.973357582607777, 0.43362495873314666], "k_pid_yaw": [0.5, 1e-06, 0.1], "k_pid_hsp": [5.911829314271183, 0.8160440875427466, 0.002403029114733557], "k_pid_vsp": [313.13431110977945, 45.973266643641665, 55.724828929733675]}, "datetime": {"datetime": "2025-08-20 23:58:50", "elapsed": 43584.935680150986, "delta": 48.0640811920166}, "costs": {"total_cost": 598.350431986511, "time_cost": 150, "final_distance_cost": 74.26190147962778, "oscillation_cost": 60.47434070981257, "completition_cost": 222.2222222222222, "overshoot_cost": 53.86775736888474, "power_cost": 22.02222939453125, "noise_cost": 15.501980811432464, "n_waypoints_completed": 7, "tot_waypoints": 9}}
{"target": -313.48526527385656, "params": {"k_pid_pos": [0.8428693078094667, 0.5252171981845819, 0.31774781543876185], "k_pid_alt": [1.6737890218436238, 0.8400587055460742, 0.09596825423988453], "k_pid_att": [12.777522575187417, 0.7751486498497664, 0.500793571127903], "k_pid_yaw": [0.5, 1e-06, 0.1], "k_pid_hsp": [8.23916899544014, 0.8276606283826337, 0.7699235055032299], "k_pid_vsp": [208.27352002915552, 293.20417284642775, 70.79362937891057]}, "datetime": {"datetime": "2025-08-20 23:59:32", "elapsed": 43627.49566531181, "delta": 42.55998516082764}, "costs": {"total_cost": 313.48526527385656, "time_cost": 84.264, "final_distance_cost": 1.733167865434462, "oscillation_cost": 146.67906112323604, "completition_cost": 0.0, "overshoot_cost": 52.217240086529, "power_cost": 16.42220242919922, "noise_cost": 12.169593769457828, "n_waypoints_completed": 9, "tot_waypoints": 9}}
{"target": -1331.6098855409105, "params": {"k_pid_pos": [0.7703571077699106, 0.9590688086990456, 0.004872070673726303], "k_pid_alt": [1.7876364125458712, 0.21039717844884542, 0.1560017593723887], "k_pid_att": [58.99140020258069, 7.552082256480054, 0.6325805472260915], "k_pid_yaw": [0.5, 1e-06, 0.1], "k_pid_hsp": [7.929216487017995, 0.5273827177172735, 0.02969617552626236], "k_pid_vsp": [365.6490633443747, 216.8175762691038, 26.921864245736458]}, "datetime": {"datetime": "2025-08-21 00:00:23", "elapsed": 43678.012081861496, "delta": 50.51641654968262}, "costs": {"total_cost": 1331.6098855409105, "time_cost": 150, "final_distance_cost": 45.764017124188, "oscillation_cost": 72.34569089297493, "completition_cost": 1000.0, "overshoot_cost": 25.76372602660144, "power_cost": 21.68625233154297, "noise_cost": 16.050199165602944, "n_waypoints_completed": 0, "tot_waypoints": 9}}
{"target": -1008.1900706580086, "params": {"k_pid_pos": [0.13443287253438735, 0.5656667847447475, 0.22717120046785677], "k_pid_alt": [0.31004443575866314, 0.17087820569218948, 0.2518243578044629], "k_pid_att": [81.58612787719619, 0.2466305929062129, 0.5091285219712234], "k_pid_yaw": [0.5, 1e-06, 0.1], "k_pid_hsp": [3.5242305191994894, 0.9296531528043505, 0.42692814118629474], "k_pid_vsp": [220.05229584416236, 279.38338960810773, 198.78853558526373]}, "datetime": {"datetime": "2025-08-21 00:00:57", "elapsed": 43712.48563885689, "delta": 34.473556995391846}, "costs": {"total_cost": 1008.1900706580086, "time_cost": 150, "final_distance_cost": 40.016785238858496, "oscillation_cost": 176.6146792233955, "completition_cost": 555.5555555555555, "overshoot_cost": 47.265809026454555, "power_cost": 22.243649645996094, "noise_cost": 16.493591967748312, "n_waypoints_completed": 4, "tot_waypoints": 9}}
{"target": -423.9719030685162, "params": {"k_pid_pos": [1.5382583098027645, 0.037509022341378984, 0.4843724723308813], "k_pid_alt": [1.229761555002511, 0.08944122388513565, 0.1627554328655486], "k_pid_att": [17.098510391897616, 2.5119564573767366, 0.5459810840778737], "k_pid_yaw": [0.5, 1e-06, 0.1], "k_pid_hsp": [5.933854787335171, 0.16175560649038712, 0.9319685632671573], "k_pid_vsp": [149.84917562357194, 1.8151951536713802, 3.447037793549078]}, "datetime": {"datetime": "2025-08-21 00:01:43", "elapsed": 43758.02313685417, "delta": 45.537497997283936}, "costs": {"total_cost": 423.9719030685162, "time_cost": 87.312, "final_distance_cost": 1.7638139110902826, "oscillation_cost": 251.38594944913612, "completition_cost": 0.0, "overshoot_cost": 53.18184311194047, "power_cost": 16.316002673339845, "noise_cost": 14.012293923009487, "n_waypoints_completed": 9, "tot_waypoints": 9}}
{"target": -236.43879254566485, "params": {"k_pid_pos": [2.0, 0.504988151178789, 0.25235965966735485], "k_pid_alt": [1.7718553052115884, 0.0, 0.6681952629597796], "k_pid_att": [38.44251711837097, 10.0, 0.4580647817771866], "k_pid_yaw": [0.5, 1e-06, 0.1], "k_pid_hsp": [6.0077516935101, 0.8564462539256311, 0.023882788407338162], "k_pid_vsp": [119.48257854204596, 144.00611223851, 21.59065763215164]}, "datetime": {"datetime": "2025-08-21 00:02:32", "elapsed": 43807.046135663986, "delta": 49.02299880981445}, "costs": {"total_cost": 236.43879254566485, "time_cost": 79.06400000000001, "final_distance_cost": 1.7291447179856942, "oscillation_cost": 69.8062709831163, "completition_cost": 0.0, "overshoot_cost": 51.02307885260877, "power_cost": 19.99146337890625, "noise_cost": 14.824834613047853, "n_waypoints_completed": 9, "tot_waypoints": 9}}
{"target": -803.8914105530408, "params": {"k_pid_pos": [1.5789301636743407, 0.9743306547294902, 0.3825462032374878], "k_pid_alt": [0.6622531659522011, 0.030066417911548515, 0.20299772796128734], "k_pid_att": [32.4620904274097, 1.6280631605495095, 0.19059496517298113], "k_pid_yaw": [0.5, 1e-06, 0.1], "k_pid_hsp": [8.664784225380398, 0.8361460274708186, 0.3402895993241398], "k_pid_vsp": [326.42793508816055, 389.2445114912595, 393.9431165221027]}, "datetime": {"datetime": "2025-08-21 00:03:07", "elapsed": 43842.3031642437, "delta": 35.257028579711914}, "costs": {"total_cost": 803.8914105530408, "time_cost": 150, "final_distance_cost": 60.32518105244358, "oscillation_cost": 164.76272934682538, "completition_cost": 333.33333333333337, "overshoot_cost": 54.26536582242271, "power_cost": 24.219019567871094, "noise_cost": 16.98578143014465, "n_waypoints_completed": 6, "tot_waypoints": 9}}
{"target": -390.63765766865316, "params": {"k_pid_pos": [1.1023292479337898, 0.6502632980590047, 0.3677817097037104], "k_pid_alt": [0.938882955350411, 0.4357650577434935, 0.7800262726006459], "k_pid_att": [95.18225453313705, 3.098438260707428, 0.8612937283610317], "k_pid_yaw": [0.5, 1e-06, 0.1], "k_pid_hsp": [3.2611205239950305, 0.6414614061592894, 0.17153712092398085], "k_pid_vsp": [165.8048511108271, 216.59374063747546, 42.33188561891234]}, "datetime": {"datetime": "2025-08-21 00:04:01", "elapsed": 43896.39491724968, "delta": 54.091753005981445}, "costs": {"total_cost": 390.63765766865316, "time_cost": 95.792, "final_distance_cost": 1.731948712398731, "oscillation_cost": 201.48092102784673, "completition_cost": 0.0, "overshoot_cost": 53.93917044409881, "power_cost": 20.96631717529297, "noise_cost": 16.727300309015924, "n_waypoints_completed": 9, "tot_waypoints": 9}}
{"target": -378.0134646417668, "params": {"k_pid_pos": [1.690945345981282, 0.0006209090551647645, 0.6926657388098766], "k_pid_alt": [0.23412713401036478, 0.03773068068524521, 0.045411228457193586], "k_pid_att": [12.715018677635182, 5.15944403007149, 0.3219621326021742], "k_pid_yaw": [0.5, 1e-06, 0.1], "k_pid_hsp": [6.844905051765857, 0.5957401942724446, 0.08816820754205268], "k_pid_vsp": [207.9932420760184, 299.98131688642303, 67.21212059317914]}, "datetime": {"datetime": "2025-08-21 00:04:46", "elapsed": 43940.65744447708, "delta": 44.26252722740173}, "costs": {"total_cost": 378.0134646417668, "time_cost": 95.792, "final_distance_cost": 1.8055568024496709, "oscillation_cost": 190.09895513384936, "completition_cost": 0.0, "overshoot_cost": 51.14688472175654, "power_cost": 22.690375292968753, "noise_cost": 16.4796926907425, "n_waypoints_completed": 9, "tot_waypoints": 9}}
{"target": -422.6275802832861, "params": {"k_pid_pos": [1.3807682455855832, 0.1824799799057542, 0.27474575487004915], "k_pid_alt": [1.8145116265547252, 0.1857636513033006, 0.5484083412409586], "k_pid_att": [59.50900509498426, 1.764768468292214, 0.7575671108173909], "k_pid_yaw": [0.5, 1e-06, 0.1], "k_pid_hsp": [2.0393129149632196, 0.9199933593188228, 0.19278697628516192], "k_pid_vsp": [114.86745818898605, 296.4515114401862, 106.83638504406768]}, "datetime": {"datetime": "2025-08-21 00:05:44", "elapsed": 43999.26123428345, "delta": 58.60378980636597}, "costs": {"total_cost": 422.6275802832861, "time_cost": 96.184, "final_distance_cost": 1.7207939461014834, "oscillation_cost": 237.63967181621413, "completition_cost": 0.0, "overshoot_cost": 52.54561443370993, "power_cost": 19.64004044189453, "noise_cost": 14.897459645365956, "n_waypoints_completed": 9, "tot_waypoints": 9}}
{"target": -1271.7200367781568, "params": {"k_pid_pos": [0.5533576129201692, 0.5275701458689211, 0.6171386493214935], "k_pid_alt": [0.16033475628475413, 0.5988126547868882, 0.44618707004931557], "k_pid_att": [50.82630027183978, 8.20075224039214, 0.8381682084895564], "k_pid_yaw": [0.5, 1e-06, 0.1], "k_pid_hsp": [8.43452485857029, 0.02814127113962739, 0.4292232431513273], "k_pid_vsp": [117.88368407952672, 92.81889690920279, 294.4044281923344]}, "datetime": {"datetime": "2025-08-21 00:06:16", "elapsed": 44030.84102702141, "delta": 31.579792737960815}, "costs": {"total_cost": 1271.7200367781568, "time_cost": 150, "final_distance_cost": 52.87348091480587, "oscillation_cost": 312.26202931695997, "completition_cost": 666.6666666666667, "overshoot_cost": 54.37998026749821, "power_cost": 19.65108963623047, "noise_cost": 15.886789975995551, "n_waypoints_completed": 3, "tot_waypoints": 9}}
{"target": -1007.9284832155323, "params": {"k_pid_pos": [0.18687429784704498, 0.6435319718728488, 0.25299658753142795], "k_pid_alt": [1.8957694284807078, 0.326287023185843, 0.41821082506775087], "k_pid_att": [57.448706521609104, 1.1805584769011543, 0.98013955386216], "k_pid_yaw": [0.5, 1e-06, 0.1], "k_pid_hsp": [3.339761248286294, 0.6591510899383853, 0.9275133321834382], "k_pid_vsp": [103.64848322690894, 229.31973947964647, 12.231807838326363]}, "datetime": {"datetime": "2025-08-21 00:06:47", "elapsed": 44062.13828468323, "delta": 31.297257661819458}, "costs": {"total_cost": 1007.9284832155323, "time_cost": 150, "final_distance_cost": 42.680036176029425, "oscillation_cost": 176.24824723012568, "completition_cost": 555.5555555555555, "overshoot_cost": 47.31239416780383, "power_cost": 20.29638565673828, "noise_cost": 15.835864429279459, "n_waypoints_completed": 4, "tot_waypoints": 9}}
{"target": -1342.531568182804, "params": {"k_pid_pos": [0.32782118349258105, 0.6864309905886302, 0.8956949042178297], "k_pid_alt": [0.0012870986419606378, 0.04449008267518473, 0.4037272009455859], "k_pid_att": [37.02171838473467, 0.8992761560556543, 0.6184824657697344], "k_pid_yaw": [0.5, 1e-06, 0.1], "k_pid_hsp": [3.2705975790828496, 0.39334562716024235, 0.382129349601815], "k_pid_vsp": [285.50275548260186, 62.79466498157523, 39.98613173480376]}, "datetime": {"datetime": "2025-08-21 00:07:38", "elapsed": 44112.62552046776, "delta": 50.48723578453064}, "costs": {"total_cost": 1342.531568182804, "time_cost": 150, "final_distance_cost": 86.45095650244255, "oscillation_cost": 250.083472370652, "completition_cost": 777.7777777777778, "overshoot_cost": 43.27711640108942, "power_cost": 19.602353198242188, "noise_cost": 15.339891932599972, "n_waypoints_completed": 2, "tot_waypoints": 9}}
{"target": -608.9933738404345, "params": {"k_pid_pos": [0.8444640530957247, 0.8477523443076016, 0.19061266266409835], "k_pid_alt": [0.8101495725609604, 0.350716619835559, 0.5431927286103324], "k_pid_att": [99.66589605669388, 0.6735765166714038, 0.9991845159908941], "k_pid_yaw": [0.5, 1e-06, 0.1], "k_pid_hsp": [6.920801369079776, 0.8560648030688767, 0.26516080122677066], "k_pid_vsp": [164.9590531525616, 216.8936919920507, 48.348799139796334]}, "datetime": {"datetime": "2025-08-21 00:08:28", "elapsed": 44162.995903491974, "delta": 50.3703830242157}, "costs": {"total_cost": 608.9933738404345, "time_cost": 150, "final_distance_cost": 64.17372578515588, "oscillation_cost": 196.2240311975756, "completition_cost": 111.11111111111116, "overshoot_cost": 50.97839946743358, "power_cost": 20.615121032714846, "noise_cost": 15.890985246443412, "n_waypoints_completed": 8, "tot_waypoints": 9}}
{"target": -341.339354860179, "params": {"k_pid_pos": [1.6880724199248143, 0.26690305569273376, 0.27802965570626015], "k_pid_alt": [1.01665762808689, 0.29012341227265637, 0.5977153643055357], "k_pid_att": [93.18864210147527, 7.140047759279796, 0.1893948236203743], "k_pid_yaw": [0.5, 1e-06, 0.1], "k_pid_hsp": [7.293372253650661, 0.5286527972047131, 0.5663215768258717], "k_pid_vsp": [154.055709743677, 142.56596664933937, 9.876474447240206]}, "datetime": {"datetime": "2025-08-21 00:09:09", "elapsed": 44203.53100347519, "delta": 40.53509998321533}, "costs": {"total_cost": 341.339354860179, "time_cost": 80.536, "final_distance_cost": 1.7846253006477069, "oscillation_cost": 176.2085132288602, "completition_cost": 0.0, "overshoot_cost": 52.16304334861112, "power_cost": 16.740689208984374, "noise_cost": 13.906483773075651, "n_waypoints_completed": 9, "tot_waypoints": 9}}
{"target": -343.7278093702322, "params": {"k_pid_pos": [1.6276007347940034, 0.0, 0.545469168270112], "k_pid_alt": [1.2325380945219544, 0.0, 0.23432121151861937], "k_pid_att": [20.229126226421528, 1.0359774670273267, 0.027245975993500947], "k_pid_yaw": [0.5, 1e-06, 0.1], "k_pid_hsp": [7.97175977125296, 0.12816775337477815, 0.0], "k_pid_vsp": [137.8771059176915, 9.372661871046823, 15.882339774422647]}, "datetime": {"datetime": "2025-08-21 00:09:50", "elapsed": 44245.23418593407, "delta": 41.70318245887756}, "costs": {"total_cost": 343.7278093702322, "time_cost": 71.12, "final_distance_cost": 1.850197280958465, "oscillation_cost": 197.57786166193225, "completition_cost": 0.0, "overshoot_cost": 50.8841521433514, "power_cost": 11.898144860839844, "noise_cost": 10.397453423150157, "n_waypoints_completed": 9, "tot_waypoints": 9}}
{"target": -1467.3271710610531, "params": {"k_pid_pos": [0.7177961120136899, 0.8723111922686925, 0.3720802490830647], "k_pid_alt": [1.7190863604701436, 0.5489248483191171, 0.6275879395115386], "k_pid_att": [4.725737353899007, 5.236856829000271, 0.8927437242431875], "k_pid_yaw": [0.5, 1e-06, 0.1], "k_pid_hsp": [2.002789707707524, 0.5666350478997229, 0.9993641147353015], "k_pid_vsp": [45.76368313052601, 165.09679451049192, 205.88495645094991]}, "datetime": {"datetime": "2025-08-21 00:10:24", "elapsed": 44278.64767026901, "delta": 33.41348433494568}, "costs": {"total_cost": 1467.3271710610531, "time_cost": 150, "final_distance_cost": 6.044811141954064, "oscillation_cost": 94.96839524426089, "completition_cost": 1000.0, "overshoot_cost": 136.97883301523743, "power_cost": 19.68501657714844, "noise_cost": 59.6501150824525, "n_waypoints_completed": 0, "tot_waypoints": 9}}
{"target": -975.7933874977889, "params": {"k_pid_pos": [0.6790503201779166, 0.2403058280157071, 0.43001728668662853], "k_pid_alt": [0.3760828684008619, 0.4796414814631835, 0.3460315861860579], "k_pid_att": [23.13804788202356, 0.11069184028040883, 0.4985710363682089], "k_pid_yaw": [0.5, 1e-06, 0.1], "k_pid_hsp": [5.8840532732980995, 0.38707326548973264, 0.1690549570265084], "k_pid_vsp": [145.08039564066033, 6.291206779161873, 16.502004483946294]}, "datetime": {"datetime": "2025-08-21 00:11:07", "elapsed": 44322.31488442421, "delta": 43.667214155197144}, "costs": {"total_cost": 975.7933874977889, "time_cost": 150, "final_distance_cost": 73.63575189888869, "oscillation_cost": 330.45353596825123, "completition_cost": 333.33333333333337, "overshoot_cost": 49.49125578787127, "power_cost": 21.84123681640625, "noise_cost": 17.038273693038, "n_waypoints_completed": 6, "tot_waypoints": 9}}
{"target": -1088.6709942148614, "params": {"k_pid_pos": [0.7374343476143344, 0.19252016394611093, 0.9555393266597689], "k_pid_alt": [0.49848912467872886, 0.8690269760412064, 0.778427099945011], "k_pid_att": [56.420217760917545, 7.790096752580044, 0.8339998310966397], "k_pid_yaw": [0.5, 1e-06, 0.1], "k_pid_hsp": [8.205023102108623, 0.47688644405731206, 0.5535865956676175], "k_pid_vsp": [106.58785119680903, 258.6621811046277, 331.1595903233554]}, "datetime": {"datetime": "2025-08-21 00:11:39", "elapsed": 44353.672907590866, "delta": 31.358023166656494}, "costs": {"total_cost": 1088.6709942148614, "time_cost": 150, "final_distance_cost": 61.337094582102566, "oscillation_cost": 338.12553020411093, "completition_cost": 444.4444444444444, "overshoot_cost": 55.22723648847603, "power_cost": 21.764217102050782, "noise_cost": 17.772471393676646, "n_waypoints_completed": 5, "tot_waypoints": 9}}
{"target": -1457.4811298535542, "params": {"k_pid_pos": [0.2790064539127441, 0.3944087762964561, 0.9565098150484802], "k_pid_alt": [0.47184272445634945, 0.9598597027427753, 0.5054942407837], "k_pid_att": [84.95014176436369, 7.956067999438832, 0.4250960686196832], "k_pid_yaw": [0.5, 1e-06, 0.1], "k_pid_hsp": [4.509975334311741, 0.7271913113094668, 0.7251038974711511], "k_pid_vsp": [69.91827582033582, 390.7516128608704, 142.62186356536324]}, "datetime": {"datetime": "2025-08-21 00:12:13", "elapsed": 44387.76761889458, "delta": 34.09471130371094}, "costs": {"total_cost": 1457.4811298535542, "time_cost": 150, "final_distance_cost": 87.48628072146819, "oscillation_cost": 358.31503876754766, "completition_cost": 777.7777777777778, "overshoot_cost": 45.717865244701414, "power_cost": 21.61802360839844, "noise_cost": 16.566143733660567, "n_waypoints_completed": 2, "tot_waypoints": 9}}
{"target": -657.7667041147439, "params": {"k_pid_pos": [1.4886924516389983, 0.4420218387196678, 0.8094011488911627], "k_pid_alt": [0.9093523868672189, 0.605977505680682, 0.47861301992238525], "k_pid_att": [38.91742083619517, 7.992583273674999, 0.34086973673683185], "k_pid_yaw": [0.5, 1e-06, 0.1], "k_pid_hsp": [5.8637390775754366, 0.47964976214202026, 0.45955399837451616], "k_pid_vsp": [396.118578779563, 42.18718280239936, 190.8712866851847]}, "datetime": {"datetime": "2025-08-21 00:13:01", "elapsed": 44436.15073609352, "delta": 48.38311719894409}, "costs": {"total_cost": 657.7667041147439, "time_cost": 150, "final_distance_cost": 23.811878450516765, "oscillation_cost": 278.6264107385362, "completition_cost": 111.11111111111116, "overshoot_cost": 57.49241593729824, "power_cost": 21.19147012939453, "noise_cost": 15.533417747887082, "n_waypoints_completed": 8, "tot_waypoints": 9}}
{"target": -949.5349987103376, "params": {"k_pid_pos": [0.5780876748481673, 0.31936718710997525, 0.9470906568523775], "k_pid_alt": [1.8297820319835014, 0.2301406857561541, 0.6868407184566737], "k_pid_att": [81.94927800379809, 1.2773931714805227, 0.7722028625577348], "k_pid_yaw": [0.5, 1e-06, 0.1], "k_pid_hsp": [0.8034901711409925, 0.40107527706378254, 0.15583443676799136], "k_pid_vsp": [288.3603774041138, 357.30201817279976, 394.6870421440127]}, "datetime": {"datetime": "2025-08-21 00:13:33", "elapsed": 44468.13677191734, "delta": 31.98603582382202}, "costs": {"total_cost": 949.5349987103376, "time_cost": 150, "final_distance_cost": 69.90469424441089, "oscillation_cost": 313.0815048961596, "completition_cost": 333.33333333333337, "overshoot_cost": 48.640057205237106, "power_cost": 19.337096057128907, "noise_cost": 15.23831297406778, "n_waypoints_completed": 6, "tot_waypoints": 9}}
