{"target": -966.0693757425462, "params": {"k_pid_pos": [0.9738154836262369, 0.6914665103856729, 0.15960075297726817], "k_pid_alt": [0.17171642347656535, 0.3404479577148113, 0.7080362589217424], "k_pid_att": [51.135443438130636, 9.273151383678313, 0.5334816558465268], "k_pid_yaw": [0.5, 1e-06, 0.1], "k_pid_hsp": [5.395703551297012, 0.8774728755671674, 0.05296410479633351], "k_pid_vsp": [119.28007286127884, 337.7794154475503, 354.4662912854325]}, "datetime": {"datetime": "2025-08-20 17:23:04", "elapsed": 19839.308329343796, "delta": 26.99827742576599}, "costs": {"total_cost": 966.0693757425462, "time_cost": 150, "final_distance_cost": 49.67088384569411, "oscillation_cost": 99.897015134009, "completition_cost": 555.5555555555555, "overshoot_cost": 74.26249930303787, "power_cost": 18.11100788574219, "noise_cost": 18.57241401850756, "n_waypoints_completed": 4, "tot_waypoints": 9}}
{"target": -1092.1510626660606, "params": {"k_pid_pos": [1.766473950046582, 0.9195377014162467, 0.5672221762550518], "k_pid_alt": [0.39833945268509674, 0.9385547278363368, 0.17536097356135616], "k_pid_att": [67.28356269578713, 5.59411389270466, 0.16310716970689954], "k_pid_yaw": [0.5, 1e-06, 0.1], "k_pid_hsp": [1.2911024050856537, 0.42808062912592426, 0.25697626208024127], "k_pid_vsp": [321.1460536834999, 72.08682568382419, 102.27900717750384]}, "datetime": {"datetime": "2025-08-20 17:23:33", "elapsed": 19868.24179673195, "delta": 28.933467388153076}, "costs": {"total_cost": 1092.1510626660606, "time_cost": 150, "final_distance_cost": 51.783259388980376, "oscillation_cost": 128.34721178691407, "completition_cost": 666.6666666666667, "overshoot_cost": 53.22964173582901, "power_cost": 23.84369501953125, "noise_cost": 18.280588068139195, "n_waypoints_completed": 3, "tot_waypoints": 9}}
{"target": -387.06545939610515, "params": {"k_pid_pos": [1.6480342431319537, 0.054471804067690255, 0.8716683365520649], "k_pid_alt": [1.4325410881716212, 0.02401679955675473, 0.6021350639207517], "k_pid_att": [69.4933119431277, 1.4416250565363944, 0.6648574824610081], "k_pid_yaw": [0.5, 1e-06, 0.1], "k_pid_hsp": [9.350091298289914, 0.7786470864331497, 0.9411751632275128], "k_pid_vsp": [252.9838113976009, 264.54173693167496, 265.69019023104187]}, "datetime": {"datetime": "2025-08-20 17:23:54", "elapsed": 19889.066081285477, "delta": 20.824284553527832}, "costs": {"total_cost": 387.06545939610515, "time_cost": 80.928, "final_distance_cost": 1.803146655441583, "oscillation_cost": 215.1590041575781, "completition_cost": 0.0, "overshoot_cost": 56.73926155308261, "power_cost": 18.27559725341797, "noise_cost": 14.160449776584947, "n_waypoints_completed": 9, "tot_waypoints": 9}}
{"target": -878.4231211012302, "params": {"k_pid_pos": [0.749003027692099, 0.027979207378557414, 0.7342632834592998], "k_pid_alt": [1.898828709417072, 0.7141810597268405, 0.3761800244115927], "k_pid_att": [86.03776463008992, 5.689955333224989, 0.500873105438057], "k_pid_yaw": [0.5, 1e-06, 0.1], "k_pid_hsp": [8.514981660603318, 0.7092852765447789, 0.5242175813190417], "k_pid_vsp": [110.7553785392426, 124.05507148865371, 197.95504828844102]}, "datetime": {"datetime": "2025-08-20 17:24:18", "elapsed": 19913.141842842102, "delta": 24.075761556625366}, "costs": {"total_cost": 878.4231211012302, "time_cost": 150, "final_distance_cost": 79.12191083617897, "oscillation_cost": 331.92750704071864, "completition_cost": 222.2222222222222, "overshoot_cost": 55.633512120296054, "power_cost": 22.29961422119141, "noise_cost": 17.218354660622904, "n_waypoints_completed": 7, "tot_waypoints": 9}}
{"target": -1123.5982496394172, "params": {"k_pid_pos": [1.6813766178050826, 0.9440445950153054, 0.5163331431965247], "k_pid_alt": [0.6281259911499211, 0.6943300890702733, 0.825101598234124], "k_pid_att": [60.34441810917696, 8.498476211642382, 0.09867555594030197], "k_pid_yaw": [0.5, 1e-06, 0.1], "k_pid_hsp": [7.911169953088728, 0.24985076441922582, 0.43130345652072544], "k_pid_vsp": [7.2952160824100165, 179.2031950897644, 113.14500648285949]}, "datetime": {"datetime": "2025-08-20 17:24:44", "elapsed": 19938.928852319717, "delta": 25.787009477615356}, "costs": {"total_cost": 1123.5982496394172, "time_cost": 150, "final_distance_cost": 38.414039652388404, "oscillation_cost": 254.07881879969275, "completition_cost": 555.5555555555555, "overshoot_cost": 76.55444108370259, "power_cost": 23.582450683593752, "noise_cost": 25.41294386448411, "n_waypoints_completed": 4, "tot_waypoints": 9}}
{"target": -1062.9357479076061, "params": {"k_pid_pos": [0.37527249179819266, 0.11332839004938378, 0.23002955735549957], "k_pid_alt": [0.34788378870025705, 0.47822694930680354, 0.8385951289484087], "k_pid_att": [89.30354327265123, 5.080176614963233, 0.7963580467518405], "k_pid_yaw": [0.5, 1e-06, 0.1], "k_pid_hsp": [9.734889998159426, 0.07005006580620698, 0.7855457628770479], "k_pid_vsp": [316.47317726273985, 214.25584718336987, 166.9235636430796]}, "datetime": {"datetime": "2025-08-20 17:25:08", "elapsed": 19963.456915140152, "delta": 24.52806282043457}, "costs": {"total_cost": 1062.9357479076061, "time_cost": 150, "final_distance_cost": 53.94806261145498, "oscillation_cost": 321.75554012819634, "completition_cost": 444.4444444444444, "overshoot_cost": 52.734973451775026, "power_cost": 21.977616223144533, "noise_cost": 18.075111048590998, "n_waypoints_completed": 5, "tot_waypoints": 9}}
{"target": -983.0306125065575, "params": {"k_pid_pos": [1.965948146267589, 0.9926535519463108, 0.08676236513707192], "k_pid_alt": [1.9113943075171738, 0.20549939788211802, 0.9112692502076055], "k_pid_att": [61.04315662767892, 3.6056901721883814, 0.5503947702329756], "k_pid_yaw": [0.5, 1e-06, 0.1], "k_pid_hsp": [2.7332463660350426, 0.9796747895905841, 0.7592867964181632], "k_pid_vsp": [57.64454307085059, 180.8750400297448, 132.1025275270191]}, "datetime": {"datetime": "2025-08-20 17:25:34", "elapsed": 19988.938933372498, "delta": 25.48201823234558}, "costs": {"total_cost": 983.0306125065575, "time_cost": 150, "final_distance_cost": 56.635379952622884, "oscillation_cost": 116.84271843713873, "completition_cost": 555.5555555555555, "overshoot_cost": 64.63229699804873, "power_cost": 22.759401440429688, "noise_cost": 16.605260122761948, "n_waypoints_completed": 4, "tot_waypoints": 9}}
{"target": -999.0962845546824, "params": {"k_pid_pos": [0.5100451059393354, 0.9903463338822627, 0.19313691674803457], "k_pid_alt": [1.0638020117540292, 0.993667127924342, 0.3658862945928575], "k_pid_att": [23.989122556557973, 1.3145989033738346, 0.2746774109571791], "k_pid_yaw": [0.5, 1e-06, 0.1], "k_pid_hsp": [4.314578543320029, 0.6670180564704137, 0.3724260716036618], "k_pid_vsp": [284.15358888051446, 150.2959519503662, 69.61176524232623]}, "datetime": {"datetime": "2025-08-20 17:26:02", "elapsed": 20016.635016679764, "delta": 27.696083307266235}, "costs": {"total_cost": 999.0962845546824, "time_cost": 150, "final_distance_cost": 46.96975771044404, "oscillation_cost": 136.51596053103736, "completition_cost": 555.5555555555555, "overshoot_cost": 68.88885740937803, "power_cost": 23.38895828857422, "noise_cost": 17.77719505969306, "n_waypoints_completed": 4, "tot_waypoints": 9}}
{"target": -865.1130460433554, "params": {"k_pid_pos": [1.855924331650646, 0.4975580188466887, 0.4219133215874301], "k_pid_alt": [0.12925177744781036, 0.4621794391094156, 0.3006282227032183], "k_pid_att": [92.48848891318305, 7.9759519191091615, 0.33007222572236605], "k_pid_yaw": [0.5, 1e-06, 0.1], "k_pid_hsp": [5.26591925247398, 0.41310613138057706, 0.3900658601482655], "k_pid_vsp": [129.38729622322103, 301.96263989123065, 133.87294107751327]}, "datetime": {"datetime": "2025-08-20 17:26:26", "elapsed": 20040.993046283722, "delta": 24.35802960395813}, "costs": {"total_cost": 865.1130460433554, "time_cost": 150, "final_distance_cost": 53.66000522605043, "oscillation_cost": 229.75399314381258, "completition_cost": 333.33333333333337, "overshoot_cost": 57.38307400776395, "power_cost": 22.874197778320312, "noise_cost": 18.108442554074834, "n_waypoints_completed": 6, "tot_waypoints": 9}}
{"target": -1167.7722134189833, "params": {"k_pid_pos": [0.12385224952428991, 0.8911807366983983, 0.785560303873758], "k_pid_alt": [0.8583103826805771, 0.02848151156683365, 0.9363705663786012], "k_pid_att": [74.97011183548538, 6.1702432248215615, 0.7525828254017873], "k_pid_yaw": [0.5, 1e-06, 0.1], "k_pid_hsp": [7.406070108965569, 0.3314482780089708, 0.7015142681513358], "k_pid_vsp": [133.32831080938013, 305.74498539753364, 88.28029021888149]}, "datetime": {"datetime": "2025-08-20 17:26:56", "elapsed": 20071.241146802902, "delta": 30.248100519180298}, "costs": {"total_cost": 1167.7722134189833, "time_cost": 150, "final_distance_cost": 56.63804027590343, "oscillation_cost": 201.55580012999445, "completition_cost": 666.6666666666667, "overshoot_cost": 54.54335688273523, "power_cost": 22.04268875732422, "noise_cost": 16.325660706359255, "n_waypoints_completed": 3, "tot_waypoints": 9}}
{"target": -1000.5180301990147, "params": {"k_pid_pos": [1.727648102799263, 0.988109462114765, 0.11668022367702158], "k_pid_alt": [1.6664895450757555, 0.21785489882624876, 0.7662254197776797], "k_pid_att": [57.09153696243382, 0.45111247325950443, 0.16681619867545694], "k_pid_yaw": [0.5, 1e-06, 0.1], "k_pid_hsp": [6.8763834250960025, 0.6351853926009676, 0.5712243689113112], "k_pid_vsp": [312.89564568260374, 371.4549233320713, 160.36189552840509]}, "datetime": {"datetime": "2025-08-20 17:27:21", "elapsed": 20095.627601861954, "delta": 24.386455059051514}, "costs": {"total_cost": 1000.5180301990147, "time_cost": 150, "final_distance_cost": 36.32351732908765, "oscillation_cost": 160.2725002593652, "completition_cost": 555.5555555555555, "overshoot_cost": 59.33038164453344, "power_cost": 22.859908447265624, "noise_cost": 16.17616696320723, "n_waypoints_completed": 4, "tot_waypoints": 9}}
{"target": -1495.5564365660405, "params": {"k_pid_pos": [1.5395353064014714, 0.7465601433712722, 0.8276649024919804], "k_pid_alt": [1.9461185666396947, 0.24067452451043547, 0.7312222537490322], "k_pid_att": [8.8663427960051, 8.039265218648795, 0.5003219756509608], "k_pid_yaw": [0.5, 1e-06, 0.1], "k_pid_hsp": [3.1551487906719116, 0.7384216761518891, 0.5624810477706486], "k_pid_vsp": [50.18699033397183, 89.579301380867, 126.39877330570805]}, "datetime": {"datetime": "2025-08-20 17:27:45", "elapsed": 20120.372750282288, "delta": 24.745148420333862}, "costs": {"total_cost": 1495.5564365660405, "time_cost": 150, "final_distance_cost": 58.0852946283106, "oscillation_cost": 289.3215528919927, "completition_cost": 888.8888888888888, "overshoot_cost": 71.4561997189574, "power_cost": 18.835950927734377, "noise_cost": 18.968549510156706, "n_waypoints_completed": 1, "tot_waypoints": 9}}
{"target": -1203.0243618114425, "params": {"k_pid_pos": [1.6273159909578405, 0.25961134055182344, 0.5920855830055225], "k_pid_alt": [1.3334527791200117, 0.7994214717755586, 0.628285885327392], "k_pid_att": [88.81398798242977, 2.487206446158217, 0.9511076584677456], "k_pid_yaw": [0.5, 1e-06, 0.1], "k_pid_hsp": [7.0328184856181055, 0.24663020240666078, 0.40710455806452794], "k_pid_vsp": [21.46386258569466, 314.64835449767963, 277.5411905323976]}, "datetime": {"datetime": "2025-08-20 17:28:12", "elapsed": 20147.141130447388, "delta": 26.768380165100098}, "costs": {"total_cost": 1203.0243618114425, "time_cost": 150, "final_distance_cost": 42.219303603143196, "oscillation_cost": 315.5124736743752, "completition_cost": 555.5555555555555, "overshoot_cost": 96.54274013104005, "power_cost": 20.54978415527344, "noise_cost": 22.644504692054998, "n_waypoints_completed": 4, "tot_waypoints": 9}}
{"target": -1288.3362174194083, "params": {"k_pid_pos": [1.8289800867448416, 0.657583480991478, 0.26960996696668194], "k_pid_alt": [1.3387383507075101, 0.5429980113297177, 0.6714803135343479], "k_pid_att": [66.1873702197294, 1.2656554853008841, 0.28458436776291063], "k_pid_yaw": [0.5, 1e-06, 0.1], "k_pid_hsp": [8.53285943471806, 0.37023841814145164, 0.2145102056990884], "k_pid_vsp": [93.60851146070304, 176.59037127831866, 386.9862073553487]}, "datetime": {"datetime": "2025-08-20 17:28:37", "elapsed": 20171.841915607452, "delta": 24.700785160064697}, "costs": {"total_cost": 1288.3362174194083, "time_cost": 150, "final_distance_cost": 72.49541530766294, "oscillation_cost": 265.39012143384053, "completition_cost": 666.6666666666667, "overshoot_cost": 82.10688084655042, "power_cost": 26.712585083007813, "noise_cost": 24.964548081679926, "n_waypoints_completed": 3, "tot_waypoints": 9}}
{"target": -1568.204336835877, "params": {"k_pid_pos": [1.8746870497610786, 0.14410651504739946, 0.2725543885974391], "k_pid_alt": [1.4780807315563278, 0.04879484521355115, 0.5773527178721481], "k_pid_att": [27.439516255004737, 7.476981160644563, 0.27874218282850005], "k_pid_yaw": [0.5, 1e-06, 0.1], "k_pid_hsp": [0.5030609903725853, 0.0839246806883912, 0.216853737062775], "k_pid_vsp": [142.0796183534799, 270.1540789615422, 392.9393261610339]}, "datetime": {"datetime": "2025-08-20 17:29:02", "elapsed": 20196.729958295822, "delta": 24.88804268836975}, "costs": {"total_cost": 1568.204336835877, "time_cost": 150, "final_distance_cost": 65.70411406255825, "oscillation_cost": 376.2057739712821, "completition_cost": 888.8888888888888, "overshoot_cost": 50.405249110952155, "power_cost": 19.54339285888672, "noise_cost": 17.456917943308703, "n_waypoints_completed": 1, "tot_waypoints": 9}}
{"target": -1925.728479355957, "params": {"k_pid_pos": [1.037171198424499, 0.2672360525430705, 0.7214999520255836], "k_pid_alt": [1.7611623376748815, 0.10084811118734138, 0.9843315651780601], "k_pid_att": [98.12378449849997, 9.467545996510212, 0.1925605952483619], "k_pid_yaw": [0.5, 1e-06, 0.1], "k_pid_hsp": [6.032445895132975, 0.5561544717938377, 0.10010443603426389], "k_pid_vsp": [50.05585633598031, 188.4407246261261, 399.77201582315485]}, "datetime": {"datetime": "2025-08-20 17:29:29", "elapsed": 20223.812754154205, "delta": 27.08279585838318}, "costs": {"total_cost": 1925.728479355957, "time_cost": 150, "final_distance_cost": 198.20752901892334, "oscillation_cost": 397.87925085785935, "completition_cost": 888.8888888888888, "overshoot_cost": 251.56088357812692, "power_cost": 21.973984313964845, "noise_cost": 17.217942698193863, "n_waypoints_completed": 1, "tot_waypoints": 9}}
{"target": -1509.4000449924781, "params": {"k_pid_pos": [1.7709673249917004, 0.838624971108616, 0.9381779268615699], "k_pid_alt": [0.6404847231740862, 0.9843213107289945, 0.7650823746184097], "k_pid_att": [31.216473161267732, 3.32476835946282, 0.4143953730822568], "k_pid_yaw": [0.5, 1e-06, 0.1], "k_pid_hsp": [0.9783071762844034, 0.9950824479598093, 0.6897106063708962], "k_pid_vsp": [25.81019700888585, 64.0728367267987, 162.79639222403776]}, "datetime": {"datetime": "2025-08-20 17:29:54", "elapsed": 20248.562157154083, "delta": 24.74940299987793}, "costs": {"total_cost": 1509.4000449924781, "time_cost": 150, "final_distance_cost": 12.630855783390924, "oscillation_cost": 130.4293613375105, "completition_cost": 1000.0, "overshoot_cost": 137.33453912525107, "power_cost": 20.474098376464845, "noise_cost": 58.531190369861, "n_waypoints_completed": 0, "tot_waypoints": 9}}
{"target": -1366.8645775941334, "params": {"k_pid_pos": [0.9313503049834162, 0.17474032589468325, 0.04578769828195495], "k_pid_alt": [1.9045397469094028, 0.3920188442985255, 0.7605266021959707], "k_pid_att": [75.25638484501785, 1.9105702091796934, 0.2570606533386316], "k_pid_yaw": [0.5, 1e-06, 0.1], "k_pid_hsp": [2.444336881272827, 0.30375409971886747, 0.7403766989175598], "k_pid_vsp": [122.71111845687793, 287.2750941620194, 398.0322485054985]}, "datetime": {"datetime": "2025-08-20 17:30:18", "elapsed": 20273.262615680695, "delta": 24.700458526611328}, "costs": {"total_cost": 1366.8645775941334, "time_cost": 150, "final_distance_cost": 86.44042191864939, "oscillation_cost": 278.2311536270325, "completition_cost": 777.7777777777778, "overshoot_cost": 35.17735741651703, "power_cost": 22.110589086914064, "noise_cost": 17.127277767242482, "n_waypoints_completed": 2, "tot_waypoints": 9}}
{"target": -661.3603667915452, "params": {"k_pid_pos": [1.468552598355877, 0.3000294026101078, 0.8194472991237423], "k_pid_alt": [0.6042678463757916, 0.09022564333295646, 0.5151650337613158], "k_pid_att": [98.43483552561626, 6.755596599955099, 0.9440307967006494], "k_pid_yaw": [0.5, 1e-06, 0.1], "k_pid_hsp": [5.6681614670742855, 0.5681689699101966, 0.4320879150399912], "k_pid_vsp": [252.46826504243512, 318.12184675286574, 8.636398171032909]}, "datetime": {"datetime": "2025-08-20 17:30:43", "elapsed": 20298.350343942642, "delta": 25.087728261947632}, "costs": {"total_cost": 661.3603667915452, "time_cost": 150, "final_distance_cost": 31.61869907000368, "oscillation_cost": 282.14090480497157, "completition_cost": 111.11111111111116, "overshoot_cost": 49.613862022922795, "power_cost": 20.51991220703125, "noise_cost": 16.355877575504675, "n_waypoints_completed": 8, "tot_waypoints": 9}}
{"target": -893.6435231398948, "params": {"k_pid_pos": [0.5768009184227952, 0.795094784933533, 0.31560417357818626], "k_pid_alt": [1.1703767161258614, 0.12240589860619278, 0.006988089526916208], "k_pid_att": [23.0244129460915, 6.705380700561346, 0.08222139568667264], "k_pid_yaw": [0.5, 1e-06, 0.1], "k_pid_hsp": [9.417192834410345, 0.15212232264129155, 0.793041267104386], "k_pid_vsp": [344.3240737762087, 225.66254365944604, 75.16668348436397]}, "datetime": {"datetime": "2025-08-20 17:31:09", "elapsed": 20323.807627677917, "delta": 25.45728373527527}, "costs": {"total_cost": 893.6435231398948, "time_cost": 150, "final_distance_cost": 71.72136491341483, "oscillation_cost": 253.82033607095414, "completition_cost": 333.33333333333337, "overshoot_cost": 45.91332027985981, "power_cost": 22.572578833007814, "noise_cost": 16.282589709324785, "n_waypoints_completed": 6, "tot_waypoints": 9}}
{"target": -1113.7349582155368, "params": {"k_pid_pos": [1.0274915577925257, 0.9341849057690327, 0.3865744074442651], "k_pid_alt": [0.6697584088991937, 0.77482964439451, 0.8634703980445075], "k_pid_att": [51.9426174451055, 2.2672305955370344, 0.6648890298236598], "k_pid_yaw": [0.5, 1e-06, 0.1], "k_pid_hsp": [3.263019568367595, 0.21015688245143138, 0.921832443351856], "k_pid_vsp": [306.60908883943387, 298.2712629998347, 317.0150977390442]}, "datetime": {"datetime": "2025-08-20 17:31:35", "elapsed": 20349.61437702179, "delta": 25.80674934387207}, "costs": {"total_cost": 1113.7349582155368, "time_cost": 150, "final_distance_cost": 74.69396711649547, "oscillation_cost": 124.27448377850199, "completition_cost": 666.6666666666667, "overshoot_cost": 57.78956244772998, "power_cost": 23.494217492675784, "noise_cost": 16.816060713466822, "n_waypoints_completed": 3, "tot_waypoints": 9}}
{"target": -1246.8480281285379, "params": {"k_pid_pos": [1.3701235429597025, 0.8612692782663807, 0.33317071371809437], "k_pid_alt": [0.20526844510827513, 0.45396337006669796, 0.6795679269600898], "k_pid_att": [44.48345902352984, 5.525371140220419, 0.6538323896117416], "k_pid_yaw": [0.5, 1e-06, 0.1], "k_pid_hsp": [2.3392250800006416, 0.5368676768830576, 0.4992879573770673], "k_pid_vsp": [29.685142647334175, 304.86874296595823, 126.39000202317632]}, "datetime": {"datetime": "2025-08-20 17:32:00", "elapsed": 20374.87539458275, "delta": 25.261017560958862}, "costs": {"total_cost": 1246.8480281285379, "time_cost": 150, "final_distance_cost": 91.0273791034124, "oscillation_cost": 146.85397764449013, "completition_cost": 777.7777777777778, "overshoot_cost": 42.16606086769387, "power_cost": 22.600054260253906, "noise_cost": 16.422778474909812, "n_waypoints_completed": 2, "tot_waypoints": 9}}
{"target": -822.9618645919431, "params": {"k_pid_pos": [1.1024569628796634, 0.27880961028789164, 0.7550744789182186], "k_pid_alt": [0.6142106155129221, 0.2650457966470695, 0.6367072983011713], "k_pid_att": [45.39110956140856, 0.5237667143341742, 0.5261302636490105], "k_pid_yaw": [0.5, 1e-06, 0.1], "k_pid_hsp": [4.081278891504301, 0.802435142607165, 0.3996798647540253], "k_pid_vsp": [290.19861005606305, 87.71539584560128, 172.71812289553156]}, "datetime": {"datetime": "2025-08-20 17:32:25", "elapsed": 20399.95894908905, "delta": 25.08355450630188}, "costs": {"total_cost": 822.9618645919431, "time_cost": 150, "final_distance_cost": 70.52178022159956, "oscillation_cost": 299.2205837225401, "completition_cost": 222.2222222222222, "overshoot_cost": 48.25892235007317, "power_cost": 18.36197109375, "noise_cost": 14.376384981758129, "n_waypoints_completed": 7, "tot_waypoints": 9}}
{"target": -681.3148211610978, "params": {"k_pid_pos": [1.231836203619716, 0.06962512851068481, 0.8872565269785186], "k_pid_alt": [1.9168756869360883, 0.09798040349681825, 0.12300544726217821], "k_pid_att": [74.30905294435544, 8.691128013165137, 0.33843210337683294], "k_pid_yaw": [0.5, 1e-06, 0.1], "k_pid_hsp": [2.8254611156269207, 0.6385153567554813, 0.7302154082734759], "k_pid_vsp": [362.5819284106219, 390.96614681333864, 58.116849021107534]}, "datetime": {"datetime": "2025-08-20 17:32:51", "elapsed": 20425.52636051178, "delta": 25.567411422729492}, "costs": {"total_cost": 681.3148211610978, "time_cost": 150, "final_distance_cost": 39.459689990939445, "oscillation_cost": 291.4450317697241, "completition_cost": 111.11111111111116, "overshoot_cost": 51.922258828574435, "power_cost": 21.388030639648438, "noise_cost": 15.988698821100277, "n_waypoints_completed": 8, "tot_waypoints": 9}}
