{"target": -1847.2845296116748, "params": {"k_pid_pos": [1.355860745966515, 0.1684167346534552, 0.5058418551350717], "k_pid_alt": [1.679825721618984, 0.31894296156345314, 0.8703344414330199], "k_pid_att": [18.272312489647323, 2.667689831402597, 0.16063557767141856], "k_pid_yaw": [0.5, 1e-06, 0.1], "k_pid_hsp": [3.4190741362321484, 0.1805739976056483, 0.10439505194986964], "k_pid_vsp": [150.8627197851593, 48.9035694174944, 398.3659201565797]}, "datetime": {"datetime": "2025-08-20 14:44:53", "elapsed": 10348.408574104309, "delta": 22.87747812271118}, "costs": {"total_cost": 1847.2845296116748, "time_cost": 150, "final_distance_cost": 0.9264736649409091, "oscillation_cost": 469.9805705085547, "completition_cost": 1000.0, "overshoot_cost": 135.45057340820907, "power_cost": 22.07536114501953, "noise_cost": 68.85155088495048, "n_waypoints_completed": 0, "tot_waypoints": 9}}
{"target": -1092.8745604798444, "params": {"k_pid_pos": [0.8911822317635232, 0.7531111449973161, 0.8254343937421263], "k_pid_alt": [1.9665036893889258, 0.5448049060936813, 0.05990561796908167], "k_pid_att": [50.86207142647158, 9.250255973415198, 0.5018151615090929], "k_pid_yaw": [0.5, 1e-06, 0.1], "k_pid_hsp": [7.505589949647136, 0.26845746513929836, 0.9632581347925674], "k_pid_vsp": [147.23711605515345, 129.35320129119435, 247.87930122636354]}, "datetime": {"datetime": "2025-08-20 14:45:16", "elapsed": 10371.085482358932, "delta": 22.676908254623413}, "costs": {"total_cost": 1092.8745604798444, "time_cost": 150, "final_distance_cost": 39.97603433478571, "oscillation_cost": 260.57361241524814, "completition_cost": 555.5555555555555, "overshoot_cost": 50.401464888925425, "power_cost": 20.109336694335937, "noise_cost": 16.258556590993482, "n_waypoints_completed": 4, "tot_waypoints": 9}}
{"target": -1220.4778796512696, "params": {"k_pid_pos": [0.07964733344149702, 0.08417583654977079, 0.2225541998875621], "k_pid_alt": [1.9836212110303326, 0.27662862828995327, 0.3441182218099066], "k_pid_att": [36.02296094532505, 8.540870418225763, 0.5128956874681655], "k_pid_yaw": [0.5, 1e-06, 0.1], "k_pid_hsp": [5.514545902030647, 0.12119268129260008, 0.35526873376130086], "k_pid_vsp": [161.8673153019783, 192.22975846806145, 122.82815145472546]}, "datetime": {"datetime": "2025-08-20 14:45:39", "elapsed": 10393.576395988464, "delta": 22.49091362953186}, "costs": {"total_cost": 1220.4778796512696, "time_cost": 150, "final_distance_cost": 54.124315074516716, "oscillation_cost": 256.5131256059591, "completition_cost": 666.6666666666667, "overshoot_cost": 59.60418461551937, "power_cost": 18.829543237304687, "noise_cost": 14.740044451302854, "n_waypoints_completed": 3, "tot_waypoints": 9}}
{"target": -1607.8207587557824, "params": {"k_pid_pos": [0.29551710301388306, 0.8802215429925048, 0.8907019825174987], "k_pid_alt": [1.8241955227125104, 0.23308266723664706, 0.9642675451893042], "k_pid_att": [31.47788842872956, 6.825992584566147, 0.5738605814447314], "k_pid_yaw": [0.5, 1e-06, 0.1], "k_pid_hsp": [3.1390205159120925, 0.4931186192090887, 0.9909393579424045], "k_pid_vsp": [17.682153778836927, 79.02026472010138, 324.1475241912658]}, "datetime": {"datetime": "2025-08-20 14:46:02", "elapsed": 10416.61107468605, "delta": 23.03467869758606}, "costs": {"total_cost": 1607.8207587557824, "time_cost": 150, "final_distance_cost": 4.715580293248194, "oscillation_cost": 232.3022746768246, "completition_cost": 1000.0, "overshoot_cost": 136.00962079648428, "power_cost": 24.37759736328125, "noise_cost": 60.415685625944235, "n_waypoints_completed": 0, "tot_waypoints": 9}}
{"target": -785.977095089046, "params": {"k_pid_pos": [1.8792824894990703, 0.8005486016408273, 0.581048463721759], "k_pid_alt": [1.6541208105754879, 0.28513696769014707, 0.17390765881998926], "k_pid_att": [41.908054437920285, 4.046750595724089, 0.3599178362099753], "k_pid_yaw": [0.5, 1e-06, 0.1], "k_pid_hsp": [1.8955809821488103, 0.5500868140061093, 0.4681276213627724], "k_pid_vsp": [136.75197069992245, 99.68551208216304, 12.453634361626026]}, "datetime": {"datetime": "2025-08-20 14:46:24", "elapsed": 10439.345588207245, "delta": 22.734513521194458}, "costs": {"total_cost": 785.977095089046, "time_cost": 150, "final_distance_cost": 73.87822378682117, "oscillation_cost": 138.94873254301592, "completition_cost": 333.33333333333337, "overshoot_cost": 50.633802859694825, "power_cost": 22.358135681152344, "noise_cost": 16.824866885028307, "n_waypoints_completed": 6, "tot_waypoints": 9}}
{"target": -992.0238159065677, "params": {"k_pid_pos": [0.9243385016348606, 0.8355589559603306, 0.07674139804835711], "k_pid_alt": [1.4539180930244007, 0.23617688346707055, 0.8046004759548998], "k_pid_att": [93.86230053895542, 6.5102086296804975, 0.5273366591898513], "k_pid_yaw": [0.5, 1e-06, 0.1], "k_pid_hsp": [3.0091539046772726, 0.44625266921339946, 0.5695382895751087], "k_pid_vsp": [303.8510780429157, 157.42692213397143, 324.8267269767724]}, "datetime": {"datetime": "2025-08-20 14:46:49", "elapsed": 10464.288154125214, "delta": 24.94256591796875}, "costs": {"total_cost": 992.0238159065677, "time_cost": 150, "final_distance_cost": 39.29649117073957, "oscillation_cost": 139.221408549697, "completition_cost": 555.5555555555555, "overshoot_cost": 64.9253295860482, "power_cost": 25.209040576171876, "noise_cost": 17.815990468355615, "n_waypoints_completed": 4, "tot_waypoints": 9}}
{"target": -895.1428124706183, "params": {"k_pid_pos": [1.970793195203704, 0.8827024149228921, 0.6668674926910235], "k_pid_alt": [0.5795009690809962, 0.9973685437027661, 0.38189704815375003], "k_pid_att": [65.22414363244721, 4.089218282782565, 0.6834321255151897], "k_pid_yaw": [0.5, 1e-06, 0.1], "k_pid_hsp": [6.274310991642582, 0.5617909487155164, 0.737695936475415], "k_pid_vsp": [144.1392294247683, 261.3943937225164, 46.79932703772028]}, "datetime": {"datetime": "2025-08-20 14:47:14", "elapsed": 10488.850983858109, "delta": 24.562829732894897}, "costs": {"total_cost": 895.1428124706183, "time_cost": 150, "final_distance_cost": 44.31649826109024, "oscillation_cost": 162.91886465915815, "completition_cost": 444.4444444444444, "overshoot_cost": 53.57026977676843, "power_cost": 22.609293627929688, "noise_cost": 17.28344170122734, "n_waypoints_completed": 5, "tot_waypoints": 9}}
{"target": -921.9639559949595, "params": {"k_pid_pos": [1.5362354206419873, 0.7445892538336745, 0.25542985091123716], "k_pid_alt": [1.5342194233770463, 0.09432700803194694, 0.9006335081990715], "k_pid_att": [39.59444232875827, 2.1996239146210113, 0.1877114771507843], "k_pid_yaw": [0.5, 1e-06, 0.1], "k_pid_hsp": [0.7613985082646677, 0.07970871019835868, 0.3842062431868499], "k_pid_vsp": [209.7511166679154, 202.19462870989304, 269.8168974576729]}, "datetime": {"datetime": "2025-08-20 14:47:37", "elapsed": 10512.34230542183, "delta": 23.491321563720703}, "costs": {"total_cost": 921.9639559949595, "time_cost": 150, "final_distance_cost": 48.5429139488763, "oscillation_cost": 169.5369311426984, "completition_cost": 444.4444444444444, "overshoot_cost": 72.70266362795843, "power_cost": 20.921056567382813, "noise_cost": 15.815946263599255, "n_waypoints_completed": 5, "tot_waypoints": 9}}
{"target": -1502.6379715289777, "params": {"k_pid_pos": [0.11508823127467081, 0.9766164646716099, 0.2894462184491724], "k_pid_alt": [1.8907068850007094, 0.8765251500809331, 0.7895830296775248], "k_pid_att": [72.25164300141861, 6.87275328647556, 0.3660251403272805], "k_pid_yaw": [0.5, 1e-06, 0.1], "k_pid_hsp": [8.386712772161133, 0.8124491504352755, 0.3282050732021611], "k_pid_vsp": [83.40286256844145, 129.30849053965292, 322.24271451015204]}, "datetime": {"datetime": "2025-08-20 14:48:02", "elapsed": 10537.462100744247, "delta": 25.119795322418213}, "costs": {"total_cost": 1502.6379715289777, "time_cost": 150, "final_distance_cost": 14.040222266217619, "oscillation_cost": 115.09788232880892, "completition_cost": 1000.0, "overshoot_cost": 136.91875055044585, "power_cost": 22.779669641113284, "noise_cost": 63.801446742391974, "n_waypoints_completed": 0, "tot_waypoints": 9}}
{"target": -467.15933843370357, "params": {"k_pid_pos": [1.3503460733788815, 0.0321817514441739, 0.10226866378540733], "k_pid_alt": [1.2843153885249212, 0.05745274559846414, 0.27064041727799637], "k_pid_att": [60.77420554150172, 1.8946864575318803, 0.5763553071030023], "k_pid_yaw": [0.5, 1e-06, 0.1], "k_pid_hsp": [3.216728231436875, 0.030053000845780553, 0.4647241157370131], "k_pid_vsp": [135.05138881090946, 280.55406447693025, 264.08214524816344]}, "datetime": {"datetime": "2025-08-20 14:48:27", "elapsed": 10561.640704154968, "delta": 24.178603410720825}, "costs": {"total_cost": 467.15933843370357, "time_cost": 98.152, "final_distance_cost": 1.7267692132391437, "oscillation_cost": 264.854398694515, "completition_cost": 0.0, "overshoot_cost": 66.29892185937754, "power_cost": 19.738101611328126, "noise_cost": 16.389147055243793, "n_waypoints_completed": 9, "tot_waypoints": 9}}
{"target": -1008.9109959668742, "params": {"k_pid_pos": [0.7578828385805627, 0.030810875142509353, 0.15371397615399818], "k_pid_alt": [0.21793500947945676, 0.3181720417963222, 0.7267713704417118], "k_pid_att": [16.553706057912766, 1.357883965523607, 0.5668205297321527], "k_pid_yaw": [0.5, 1e-06, 0.1], "k_pid_hsp": [8.80265859916154, 0.4328223499168449, 0.9041254459663868], "k_pid_vsp": [281.9947078213348, 52.42925960793628, 269.79715943723966]}, "datetime": {"datetime": "2025-08-20 14:48:50", "elapsed": 10585.107088804245, "delta": 23.466384649276733}, "costs": {"total_cost": 1008.9109959668742, "time_cost": 150, "final_distance_cost": 54.7793075372413, "oscillation_cost": 267.7376276744279, "completition_cost": 444.4444444444444, "overshoot_cost": 58.65997447256221, "power_cost": 18.98110203857422, "noise_cost": 14.308539799624135, "n_waypoints_completed": 5, "tot_waypoints": 9}}
{"target": -1134.9412265609164, "params": {"k_pid_pos": [0.5295851959514334, 0.6521211755482171, 0.21894739495441984], "k_pid_alt": [1.9905556129251984, 0.5001385603901962, 0.4305656430287683], "k_pid_att": [94.60450424218924, 7.653258213526341, 0.8785272431239598], "k_pid_yaw": [0.5, 1e-06, 0.1], "k_pid_hsp": [5.447764872989766, 0.2839479551123745, 0.9871011943994289], "k_pid_vsp": [180.28459619178938, 270.90293717771084, 336.9194013825523]}, "datetime": {"datetime": "2025-08-20 14:49:14", "elapsed": 10608.711319208145, "delta": 23.604230403900146}, "costs": {"total_cost": 1134.9412265609164, "time_cost": 150, "final_distance_cost": 47.97268070950679, "oscillation_cost": 160.50185951668914, "completition_cost": 666.6666666666667, "overshoot_cost": 68.68754208727037, "power_cost": 23.229923181152344, "noise_cost": 17.882554399631196, "n_waypoints_completed": 3, "tot_waypoints": 9}}
{"target": -1699.7993102747039, "params": {"k_pid_pos": [1.3157621655996126, 0.025582574890420262, 0.5621733707824179], "k_pid_alt": [1.511940904156844, 0.7502869670002779, 0.8551361298584453], "k_pid_att": [50.98729820394331, 0.8598486805563816, 0.32416937401214396], "k_pid_yaw": [0.5, 1e-06, 0.1], "k_pid_hsp": [0.4139067920211747, 0.31121975720708317, 0.8891813356202805], "k_pid_vsp": [124.87534075919977, 197.08997688927474, 274.3398115151026]}, "datetime": {"datetime": "2025-08-20 14:49:37", "elapsed": 10632.260413646698, "delta": 23.549094438552856}, "costs": {"total_cost": 1699.7993102747039, "time_cost": 150, "final_distance_cost": 51.51022367839717, "oscillation_cost": 422.2897458324526, "completition_cost": 1000.0, "overshoot_cost": 36.451905523387616, "power_cost": 22.152835412597657, "noise_cost": 17.394599827868873, "n_waypoints_completed": 0, "tot_waypoints": 9}}
{"target": -1173.4477408053788, "params": {"k_pid_pos": [1.9594178273879412, 0.13808111246546018, 0.6716958053316069], "k_pid_alt": [0.30583394218530313, 0.13727173551614136, 0.6530232153317743], "k_pid_att": [6.213665745309738, 7.379120164954272, 0.8947086409207697], "k_pid_yaw": [0.5, 1e-06, 0.1], "k_pid_hsp": [0.6750679642738947, 0.8792648046048894, 0.5555583889444308], "k_pid_vsp": [146.4107221682086, 318.11745141664375, 167.65066243186996]}, "datetime": {"datetime": "2025-08-20 14:50:01", "elapsed": 10655.734617948532, "delta": 23.474204301834106}, "costs": {"total_cost": 1173.4477408053788, "time_cost": 150, "final_distance_cost": 55.55320529653347, "oscillation_cost": 220.03950509645853, "completition_cost": 666.6666666666667, "overshoot_cost": 48.29856702307146, "power_cost": 18.746560327148437, "noise_cost": 14.143236395500331, "n_waypoints_completed": 3, "tot_waypoints": 9}}
{"target": -1412.797567490319, "params": {"k_pid_pos": [1.8636953505595575, 0.8979450886410233, 0.8503652107936835], "k_pid_alt": [0.8751440077344863, 0.663911190094463, 0.7577560948640608], "k_pid_att": [2.2997123253607255, 1.894975925774055, 0.006142700810007007], "k_pid_yaw": [0.5, 1e-06, 0.1], "k_pid_hsp": [0.12035921976060039, 0.20616649962279188, 0.5318459762230204], "k_pid_vsp": [111.63136106450638, 139.60875420643876, 63.96421936565207]}, "datetime": {"datetime": "2025-08-20 14:50:25", "elapsed": 10679.790850639343, "delta": 24.056232690811157}, "costs": {"total_cost": 1412.797567490319, "time_cost": 150, "final_distance_cost": 86.92223313704746, "oscillation_cost": 289.8000422935017, "completition_cost": 777.7777777777778, "overshoot_cost": 73.51670534049518, "power_cost": 20.218804370117187, "noise_cost": 14.562004571379376, "n_waypoints_completed": 2, "tot_waypoints": 9}}
{"target": -1047.145854619765, "params": {"k_pid_pos": [1.0295216150139694, 0.47681597930608455, 0.24263897031466353], "k_pid_alt": [1.8738152350879895, 0.1678902205532965, 0.8070293366896638], "k_pid_att": [4.6674689450014295, 8.094586725580063, 0.6931897040304249], "k_pid_yaw": [0.5, 1e-06, 0.1], "k_pid_hsp": [2.841235831105332, 0.48390290471676334, 0.8713160076831762], "k_pid_vsp": [28.011305019131385, 361.419550919775, 37.07759051598229]}, "datetime": {"datetime": "2025-08-20 14:50:49", "elapsed": 10703.997834205627, "delta": 24.20698356628418}, "costs": {"total_cost": 1047.145854619765, "time_cost": 150, "final_distance_cost": 42.275342667097625, "oscillation_cost": 202.61497086865788, "completition_cost": 555.5555555555555, "overshoot_cost": 58.292917754714665, "power_cost": 22.539374426269532, "noise_cost": 15.867693347469785, "n_waypoints_completed": 4, "tot_waypoints": 9}}
{"target": -404.96227924649133, "params": {"k_pid_pos": [0.8280141357350868, 0.16028052915232682, 0.07504021632023694], "k_pid_alt": [1.6795355167834503, 0.7756008400403668, 0.9662965027917803], "k_pid_att": [87.8681462075266, 7.976709966892287, 0.7668812843471442], "k_pid_yaw": [0.5, 1e-06, 0.1], "k_pid_hsp": [8.181571762885357, 0.2328048571411392, 0.9956512910650336], "k_pid_vsp": [285.35062531908125, 74.72067754470109, 73.30755736620256]}, "datetime": {"datetime": "2025-08-20 14:51:09", "elapsed": 10724.277767419815, "delta": 20.279933214187622}, "costs": {"total_cost": 404.96227924649133, "time_cost": 82.392, "final_distance_cost": 1.7327152873219391, "oscillation_cost": 234.86678560124295, "completition_cost": 0.0, "overshoot_cost": 54.83949595224642, "power_cost": 17.6057375, "noise_cost": 13.525544905680102, "n_waypoints_completed": 9, "tot_waypoints": 9}}
{"target": -1043.2469015987574, "params": {"k_pid_pos": [0.1607260710405031, 0.23803103079495824, 0.42709657747675445], "k_pid_alt": [1.1158014551949909, 0.3535877917857133, 0.6078255239207725], "k_pid_att": [18.356551478632877, 7.202034862587261, 0.1363082084854006], "k_pid_yaw": [0.5, 1e-06, 0.1], "k_pid_hsp": [4.183317647171248, 0.8573335037956838, 0.6106735732786589], "k_pid_vsp": [255.56472242164682, 394.8395805073912, 194.71658000485968]}, "datetime": {"datetime": "2025-08-20 14:51:34", "elapsed": 10748.658640146255, "delta": 24.38087272644043}, "costs": {"total_cost": 1043.2469015987574, "time_cost": 150, "final_distance_cost": 76.66240581955415, "oscillation_cost": 390.2081627825961, "completition_cost": 333.33333333333337, "overshoot_cost": 57.07846761219958, "power_cost": 20.649131457519534, "noise_cost": 15.315400593554589, "n_waypoints_completed": 6, "tot_waypoints": 9}}
{"target": -418.69871213597395, "params": {"k_pid_pos": [0.391621535043177, 0.037679441652417434, 0.31704150696370703], "k_pid_alt": [1.8000889374190807, 0.3273923047123213, 0.43842121137594503], "k_pid_att": [74.47384209563093, 1.6286527667131505, 0.9365227989271104], "k_pid_yaw": [0.5, 1e-06, 0.1], "k_pid_hsp": [5.375217904040749, 0.8911500471629727, 0.01754709606266014], "k_pid_vsp": [91.19504191040333, 205.97250726386937, 0.6732193951497627]}, "datetime": {"datetime": "2025-08-20 14:52:01", "elapsed": 10775.649502515793, "delta": 26.990862369537354}, "costs": {"total_cost": 418.69871213597395, "time_cost": 150, "final_distance_cost": 21.18154816336099, "oscillation_cost": 52.56605898136683, "completition_cost": 111.11111111111116, "overshoot_cost": 53.59094284800316, "power_cost": 16.129940942382813, "noise_cost": 14.119110089748972, "n_waypoints_completed": 8, "tot_waypoints": 9}}
{"target": -1571.0109681365168, "params": {"k_pid_pos": [0.21170393356694778, 0.192187523329984, 0.3362025912791864], "k_pid_alt": [0.15550952756885672, 0.3649311963729647, 0.1369413092299666], "k_pid_att": [90.04454984918422, 7.856657361604324, 0.9282986064499329], "k_pid_yaw": [0.5, 1e-06, 0.1], "k_pid_hsp": [0.3100517237622046, 0.2644289643873383, 0.7090711285467552], "k_pid_vsp": [262.42212502308735, 284.2538004085958, 41.01570141725898]}, "datetime": {"datetime": "2025-08-20 14:52:26", "elapsed": 10801.000981092453, "delta": 25.351478576660156}, "costs": {"total_cost": 1571.0109681365168, "time_cost": 150, "final_distance_cost": 72.90653219285916, "oscillation_cost": 387.9249576440357, "completition_cost": 888.8888888888888, "overshoot_cost": 33.80850877024003, "power_cost": 21.233250024414062, "noise_cost": 16.248830616079207, "n_waypoints_completed": 1, "tot_waypoints": 9}}
{"target": -1090.5647735638968, "params": {"k_pid_pos": [0.49579448877750604, 0.16027940367898863, 0.8000184843454575], "k_pid_alt": [0.46279230624939216, 0.9210247097265786, 0.6199379682557177], "k_pid_att": [26.755994183050767, 0.029175782750082428, 0.24548370967700484], "k_pid_yaw": [0.5, 1e-06, 0.1], "k_pid_hsp": [7.668564216847826, 0.23573735768596005, 0.875865300190539], "k_pid_vsp": [155.4454390255466, 176.09524816876046, 46.660397258335095]}, "datetime": {"datetime": "2025-08-20 14:52:51", "elapsed": 10825.823324918747, "delta": 24.822343826293945}, "costs": {"total_cost": 1090.5647735638968, "time_cost": 150, "final_distance_cost": 55.53802661813082, "oscillation_cost": 353.171863385667, "completition_cost": 444.4444444444444, "overshoot_cost": 49.43094589388562, "power_cost": 21.609527282714843, "noise_cost": 16.369965939054033, "n_waypoints_completed": 5, "tot_waypoints": 9}}
{"target": -877.6021629916617, "params": {"k_pid_pos": [1.2068119152276269, 0.1262352350123006, 0.2538432118669437], "k_pid_alt": [0.39674267332660107, 0.08063037760668612, 0.7515112593545539], "k_pid_att": [22.858601602615714, 4.087370322197957, 0.9130435956494993], "k_pid_yaw": [0.5, 1e-06, 0.1], "k_pid_hsp": [2.6447017873504937, 0.29356487591239655, 0.8533433862079158], "k_pid_vsp": [352.82545868508606, 259.60272443061643, 9.249734472616185]}, "datetime": {"datetime": "2025-08-20 14:53:21", "elapsed": 10855.543521165848, "delta": 29.72019624710083}, "costs": {"total_cost": 877.6021629916617, "time_cost": 150, "final_distance_cost": 55.037567920757375, "oscillation_cost": 263.49336035154084, "completition_cost": 333.33333333333337, "overshoot_cost": 41.442916264610695, "power_cost": 19.24342956542969, "noise_cost": 15.051555555989683, "n_waypoints_completed": 6, "tot_waypoints": 9}}
{"target": -975.4851728414463, "params": {"k_pid_pos": [1.3290768530638672, 0.38703329439571654, 0.9840452109863588], "k_pid_alt": [1.3810891902233842, 0.8991282704654672, 0.0389926218223563], "k_pid_att": [32.80552704256222, 2.386072113241694, 0.030160847524646428], "k_pid_yaw": [0.5, 1e-06, 0.1], "k_pid_hsp": [9.969809646292095, 0.3890585816727611, 0.45705930726971467], "k_pid_vsp": [215.10759452370402, 342.1543141658159, 215.7813241788815]}, "datetime": {"datetime": "2025-08-20 14:53:48", "elapsed": 10883.51813673973, "delta": 27.974615573883057}, "costs": {"total_cost": 975.4851728414463, "time_cost": 150, "final_distance_cost": 69.58733925444982, "oscillation_cost": 331.6462598452255, "completition_cost": 333.33333333333337, "overshoot_cost": 53.15106140887003, "power_cost": 21.81053446044922, "noise_cost": 15.956644539118386, "n_waypoints_completed": 6, "tot_waypoints": 9}}
{"target": -1092.7983523363912, "params": {"k_pid_pos": [0.5600482218751144, 0.981358338692081, 0.32213372352910286], "k_pid_alt": [0.44397498538524816, 0.3179035001425048, 0.39020379764368873], "k_pid_att": [62.733440771469375, 5.759656874810867, 0.1626706475661055], "k_pid_yaw": [0.5, 1e-06, 0.1], "k_pid_hsp": [6.688690592644891, 0.17629794039261648, 0.6853614945387021], "k_pid_vsp": [305.94894390473587, 107.52016218314209, 120.04123133596056]}, "datetime": {"datetime": "2025-08-20 14:54:16", "elapsed": 10911.360150814056, "delta": 27.84201407432556}, "costs": {"total_cost": 1092.7983523363912, "time_cost": 150, "final_distance_cost": 51.220066783779345, "oscillation_cost": 132.19587119689425, "completition_cost": 666.6666666666667, "overshoot_cost": 53.167107419537814, "power_cost": 22.04230799560547, "noise_cost": 17.50633227390767, "n_waypoints_completed": 3, "tot_waypoints": 9}}
