{"target": -800.0114031040591, "params": {"k_pid_pos": [0.5085305644609934, 0.6438140485035968, 0.886930068792743], "k_pid_alt": [1.7505443757780068, 0.6992722867924807, 0.1708802147706182], "k_pid_att": [4.548653431681437, 2.0965462709215763, 0.5502791342232309], "k_pid_yaw": [0.5, 1e-06, 0.1], "k_pid_hsp": [6.931664045258678, 0.9527744535069451, 0.5158210795853931], "k_pid_vsp": [375.38104919090773, 384.1455339234752, 399.7883062744382]}, "datetime": {"datetime": "2025-08-20 12:37:04", "elapsed": 2679.123933315277, "delta": 22.807684898376465}, "costs": {"total_cost": 800.0114031040591, "time_cost": 150, "final_distance_cost": 64.95430227070624, "oscillation_cost": 160.88450587226407, "completition_cost": 333.33333333333337, "overshoot_cost": 57.96302068641762, "power_cost": 18.911962597656252, "noise_cost": 13.964278343681473, "n_waypoints_completed": 6, "tot_waypoints": 9}}
{"target": -787.8137189682834, "params": {"k_pid_pos": [1.3921633615326332, 0.11133158662423015, 0.09739369785091201], "k_pid_alt": [0.3322454413627032, 0.7840632439627631, 0.3702314453135912], "k_pid_att": [76.04347412650203, 8.185118229387195, 0.9616067096017539], "k_pid_yaw": [0.5, 1e-06, 0.1], "k_pid_hsp": [6.195372089939199, 0.4731772272436041, 0.5740484847093255], "k_pid_vsp": [376.32681366854234, 292.2311355720203, 299.07834230891956]}, "datetime": {"datetime": "2025-08-20 12:37:25", "elapsed": 2700.4716176986694, "delta": 21.347684383392334}, "costs": {"total_cost": 787.8137189682834, "time_cost": 150, "final_distance_cost": 75.7732243486176, "oscillation_cost": 241.21990445099186, "completition_cost": 222.2222222222222, "overshoot_cost": 59.39812983285638, "power_cost": 22.630269165039063, "noise_cost": 16.56996894855626, "n_waypoints_completed": 7, "tot_waypoints": 9}}
{"target": -1480.6184702582952, "params": {"k_pid_pos": [0.07841265547257761, 0.9445385369050652, 0.9272630557210697], "k_pid_alt": [1.0875434064620086, 0.9779342137123549, 0.36003545231653933], "k_pid_att": [82.33609662059425, 3.2453277592784597, 0.15840849688560843], "k_pid_yaw": [0.5, 1e-06, 0.1], "k_pid_hsp": [7.509536245262153, 0.17584592406579358, 0.35227753331197853], "k_pid_vsp": [213.84713014170714, 200.73627808803352, 194.2118675193383]}, "datetime": {"datetime": "2025-08-20 12:37:47", "elapsed": 2722.1731295585632, "delta": 21.7015118598938}, "costs": {"total_cost": 1480.6184702582952, "time_cost": 150, "final_distance_cost": 43.15885889735627, "oscillation_cost": 211.3879875427333, "completition_cost": 1000.0, "overshoot_cost": 35.890889125902255, "power_cost": 23.222260864257812, "noise_cost": 16.958473828045534, "n_waypoints_completed": 0, "tot_waypoints": 9}}
{"target": -1064.5954172889483, "params": {"k_pid_pos": [1.2027677837522692, 0.22550160162382127, 0.25253299598420154], "k_pid_alt": [1.8088737524081637, 0.8145019926195847, 0.3135869365719782], "k_pid_att": [32.90246804741942, 2.0307895903044395, 0.789935558057797], "k_pid_yaw": [0.5, 1e-06, 0.1], "k_pid_hsp": [9.599454445318393, 0.8657834570799241, 0.9624945597446077], "k_pid_vsp": [149.7090093000707, 165.6561161272351, 244.6768724344415]}, "datetime": {"datetime": "2025-08-20 12:38:09", "elapsed": 2744.1323132514954, "delta": 21.95918369293213}, "costs": {"total_cost": 1064.5954172889483, "time_cost": 150, "final_distance_cost": 48.823773567056904, "oscillation_cost": 313.7615407638074, "completition_cost": 444.4444444444444, "overshoot_cost": 62.340761655827144, "power_cost": 24.256240771484375, "noise_cost": 20.968656086328192, "n_waypoints_completed": 5, "tot_waypoints": 9}}
{"target": -1183.8317433996867, "params": {"k_pid_pos": [1.2083704813606038, 0.1719904781713969, 0.03974783959056338], "k_pid_alt": [0.12552255032719573, 0.06341215136744549, 0.7067013239831712], "k_pid_att": [26.773125588607904, 7.257116816019505, 0.5811594187427412], "k_pid_yaw": [0.5, 1e-06, 0.1], "k_pid_hsp": [8.654556767744989, 0.104044564419706, 0.25858718835476413], "k_pid_vsp": [238.5442400324681, 42.297444890923806, 289.7617479609752]}, "datetime": {"datetime": "2025-08-20 12:38:31", "elapsed": 2765.602922439575, "delta": 21.470609188079834}, "costs": {"total_cost": 1183.8317433996867, "time_cost": 150, "final_distance_cost": 42.86614015178788, "oscillation_cost": 331.3384684168049, "completition_cost": 555.5555555555555, "overshoot_cost": 66.14491939939597, "power_cost": 21.382766870117187, "noise_cost": 16.5438930060253, "n_waypoints_completed": 4, "tot_waypoints": 9}}
{"target": -768.5459473842637, "params": {"k_pid_pos": [1.9603297150108114, 0.8209135537888655, 0.9918168329767347], "k_pid_alt": [1.6290025171490237, 0.9119035855980384, 0.04717994052359331], "k_pid_att": [78.07842171931846, 7.4693375022755175, 0.5115871041233491], "k_pid_yaw": [0.5, 1e-06, 0.1], "k_pid_hsp": [5.6988989654141005, 0.7970414794870938, 0.7316749798193928], "k_pid_vsp": [390.6866065983447, 275.3460610282985, 204.15924231403235]}, "datetime": {"datetime": "2025-08-20 12:38:52", "elapsed": 2787.262907266617, "delta": 21.659984827041626}, "costs": {"total_cost": 768.5459473842637, "time_cost": 150, "final_distance_cost": 73.4457085573807, "oscillation_cost": 234.30392246121147, "completition_cost": 222.2222222222222, "overshoot_cost": 50.153524490269454, "power_cost": 21.497409228515625, "noise_cost": 16.923160424664374, "n_waypoints_completed": 7, "tot_waypoints": 9}}
{"target": -1066.3028224641673, "params": {"k_pid_pos": [0.3988172327673342, 0.8471947902568973, 0.8614676442621878], "k_pid_alt": [0.7669491070342269, 0.9893326442139317, 0.27349265068607287], "k_pid_att": [65.95469750616093, 1.66398920052955, 0.8729647584856886], "k_pid_yaw": [0.5, 1e-06, 0.1], "k_pid_hsp": [2.7614881593013183, 0.13726416833050992, 0.04929440838577104], "k_pid_vsp": [235.46320156630972, 30.1396498851528, 268.8286997978308]}, "datetime": {"datetime": "2025-08-20 12:39:14", "elapsed": 2808.9311487674713, "delta": 21.668241500854492}, "costs": {"total_cost": 1066.3028224641673, "time_cost": 150, "final_distance_cost": 47.13293132244013, "oscillation_cost": 216.50578133245386, "completition_cost": 555.5555555555555, "overshoot_cost": 60.462854760528224, "power_cost": 20.353356091308594, "noise_cost": 16.292343401880967, "n_waypoints_completed": 4, "tot_waypoints": 9}}
{"target": -485.9658856888914, "params": {"k_pid_pos": [1.7530863961769305, 0.48405073681092825, 0.45222539362699843], "k_pid_alt": [1.0591424194443806, 0.8561245691422663, 0.6738630249787013], "k_pid_att": [6.992914693311336, 3.3576636195402703, 0.930815141893905], "k_pid_yaw": [0.5, 1e-06, 0.1], "k_pid_hsp": [2.0498940075326253, 0.7825404812080108, 0.181712966240136], "k_pid_vsp": [153.52745500743575, 206.18446543612887, 55.14909873334654]}, "datetime": {"datetime": "2025-08-20 12:39:35", "elapsed": 2830.307748556137, "delta": 21.37659978866577}, "costs": {"total_cost": 485.9658856888914, "time_cost": 150, "final_distance_cost": 7.429458579179995, "oscillation_cost": 118.85386832237354, "completition_cost": 111.11111111111116, "overshoot_cost": 60.430611258048806, "power_cost": 21.28542353515625, "noise_cost": 16.855412883021586, "n_waypoints_completed": 8, "tot_waypoints": 9}}
{"target": -1131.486732023275, "params": {"k_pid_pos": [0.6903181258249319, 0.9744744345087456, 0.016621697532815505], "k_pid_alt": [0.36658353417305234, 0.20622331457751397, 0.2827398464068549], "k_pid_att": [74.20790597236847, 0.35742312982669344, 0.266455915868963], "k_pid_yaw": [0.5, 1e-06, 0.1], "k_pid_hsp": [0.6812056276602334, 0.7791434651652817, 0.5649606787615946], "k_pid_vsp": [183.38962488249928, 285.1306724649588, 201.21179690448176]}, "datetime": {"datetime": "2025-08-20 12:39:57", "elapsed": 2852.1939885616302, "delta": 21.886240005493164}, "costs": {"total_cost": 1131.486732023275, "time_cost": 150, "final_distance_cost": 43.92478667646297, "oscillation_cost": 153.49871582322683, "completition_cost": 666.6666666666667, "overshoot_cost": 80.43979225071865, "power_cost": 21.225374047851563, "noise_cost": 15.73139655834828, "n_waypoints_completed": 3, "tot_waypoints": 9}}
{"target": -2159.3555262224404, "params": {"k_pid_pos": [0.41868949351775125, 0.2608985599735114, 0.8025909651891316], "k_pid_alt": [0.19314776902464414, 0.29528059644906457, 0.4625899522629131], "k_pid_att": [92.47861250621382, 5.793104562303414, 0.556578528669605], "k_pid_yaw": [0.5, 1e-06, 0.1], "k_pid_hsp": [3.176796003964515, 0.9277700762009651, 0.6809745965085989], "k_pid_vsp": [34.55435669863651, 6.952096905956393, 394.720751310789]}, "datetime": {"datetime": "2025-08-20 12:40:18", "elapsed": 2873.4403216838837, "delta": 21.246333122253418}, "costs": {"total_cost": 2159.3555262224404, "time_cost": 150, "final_distance_cost": 316.2703114056431, "oscillation_cost": 395.7787243776489, "completition_cost": 888.8888888888888, "overshoot_cost": 368.99872834414987, "power_cost": 21.90571630859375, "noise_cost": 17.513156897516215, "n_waypoints_completed": 1, "tot_waypoints": 9}}
{"target": -1143.2990813700696, "params": {"k_pid_pos": [0.8069710244878084, 0.51766170976546, 0.143271727309363], "k_pid_alt": [0.3748479533337823, 0.703727945503063, 0.8447128445203984], "k_pid_att": [37.5380885612432, 8.938458517265177, 0.4041842623789452], "k_pid_yaw": [0.5, 1e-06, 0.1], "k_pid_hsp": [1.9205515014520793, 0.3276332778155764, 0.6032251697365311], "k_pid_vsp": [200.11263187070506, 387.7018812006674, 157.94907614374372]}, "datetime": {"datetime": "2025-08-20 12:40:40", "elapsed": 2895.1288068294525, "delta": 21.688485145568848}, "costs": {"total_cost": 1143.2990813700696, "time_cost": 150, "final_distance_cost": 71.40473505874486, "oscillation_cost": 179.00675531144293, "completition_cost": 666.6666666666667, "overshoot_cost": 38.80824967972689, "power_cost": 21.679298645019532, "noise_cost": 15.73337600846861, "n_waypoints_completed": 3, "tot_waypoints": 9}}
{"target": -1217.5934274053902, "params": {"k_pid_pos": [0.16804772131754264, 0.04179007794928791, 0.558571482761792], "k_pid_alt": [1.7090514287481615, 0.4808988173987223, 0.9869566390308514], "k_pid_att": [40.0951704984678, 0.17204016855672985, 0.3365808229396101], "k_pid_yaw": [0.5, 1e-06, 0.1], "k_pid_hsp": [2.816214480292807, 0.5925888552786168, 0.1872760265623553], "k_pid_vsp": [172.48889947459807, 386.4507861331604, 95.18371279540744]}, "datetime": {"datetime": "2025-08-20 12:41:02", "elapsed": 2916.778136730194, "delta": 21.649329900741577}, "costs": {"total_cost": 1217.5934274053902, "time_cost": 150, "final_distance_cost": 49.41554936304255, "oscillation_cost": 370.58052321410577, "completition_cost": 555.5555555555555, "overshoot_cost": 55.924048593414895, "power_cost": 20.584301794433596, "noise_cost": 15.533448884838057, "n_waypoints_completed": 4, "tot_waypoints": 9}}
{"target": -899.4349526281756, "params": {"k_pid_pos": [0.7445399972973811, 0.8420379944560904, 0.6787000372362827], "k_pid_alt": [1.1316842375081857, 0.697198977359148, 0.4904356309283531], "k_pid_att": [28.258415771677903, 0.9557197294694751, 0.07418519265081958], "k_pid_yaw": [0.5, 1e-06, 0.1], "k_pid_hsp": [7.749741441043276, 0.4011134313191188, 0.4708302983585593], "k_pid_vsp": [131.71058939667483, 179.37717274719566, 81.33822723776123]}, "datetime": {"datetime": "2025-08-20 12:41:24", "elapsed": 2938.9543874263763, "delta": 22.17625069618225}, "costs": {"total_cost": 899.4349526281756, "time_cost": 150, "final_distance_cost": 74.01313929745854, "oscillation_cost": 258.8778562100094, "completition_cost": 333.33333333333337, "overshoot_cost": 45.048281629610294, "power_cost": 21.504276513671876, "noise_cost": 16.6580656440921, "n_waypoints_completed": 6, "tot_waypoints": 9}}
{"target": -944.271630216792, "params": {"k_pid_pos": [1.1398316444575023, 0.04060899530844153, 0.788783918979598], "k_pid_alt": [1.2455279061090585, 0.7300729449584588, 0.1380340874235232], "k_pid_att": [46.42056677909612, 7.689752663614163, 0.43322244901666374], "k_pid_yaw": [0.5, 1e-06, 0.1], "k_pid_hsp": [1.01468264158569, 0.16269890073875182, 0.48888661189682037], "k_pid_vsp": [390.52703775894736, 104.64041285108665, 73.72771502641355]}, "datetime": {"datetime": "2025-08-20 12:41:46", "elapsed": 2960.6509671211243, "delta": 21.696579694747925}, "costs": {"total_cost": 944.271630216792, "time_cost": 150, "final_distance_cost": 67.95416181188797, "oscillation_cost": 308.5499080067911, "completition_cost": 333.33333333333337, "overshoot_cost": 47.790034338214085, "power_cost": 20.154705224609376, "noise_cost": 16.48948750195613, "n_waypoints_completed": 6, "tot_waypoints": 9}}
{"target": -1069.2644683594126, "params": {"k_pid_pos": [1.77319188118268, 0.7603144746780669, 0.5260312267183836], "k_pid_alt": [0.5254580659147483, 0.7335865150259226, 0.484562886162599], "k_pid_att": [74.05744259211595, 2.041353923798047, 0.5622846299021961], "k_pid_yaw": [0.5, 1e-06, 0.1], "k_pid_hsp": [8.726932986303686, 0.2128237962440943, 0.8114552141249538], "k_pid_vsp": [279.7157380924831, 166.49201547367687, 257.61383152742803]}, "datetime": {"datetime": "2025-08-20 12:42:08", "elapsed": 2983.14129781723, "delta": 22.490330696105957}, "costs": {"total_cost": 1069.2644683594126, "time_cost": 150, "final_distance_cost": 44.719358497187606, "oscillation_cost": 223.1026130729465, "completition_cost": 555.5555555555555, "overshoot_cost": 58.84413208478041, "power_cost": 20.632814648437503, "noise_cost": 16.409994500505046, "n_waypoints_completed": 4, "tot_waypoints": 9}}
{"target": -943.1964015621594, "params": {"k_pid_pos": [1.9787251371531855, 0.2919694784173733, 0.6646354386326284], "k_pid_alt": [1.869163097911302, 0.4818181612330631, 0.1838832972033282], "k_pid_att": [87.70713955661817, 9.163910110176898, 0.9426686685813704], "k_pid_yaw": [0.5, 1e-06, 0.1], "k_pid_hsp": [1.3229238493268403, 0.8159327240374756, 0.9276742804491197], "k_pid_vsp": [199.51002374080375, 132.90994722517198, 245.51293196881193]}, "datetime": {"datetime": "2025-08-20 12:42:30", "elapsed": 3004.596206188202, "delta": 21.45490837097168}, "costs": {"total_cost": 943.1964015621594, "time_cost": 150, "final_distance_cost": 71.78877311416629, "oscillation_cost": 288.72478775017925, "completition_cost": 333.33333333333337, "overshoot_cost": 56.06448981222898, "power_cost": 24.93770447998047, "noise_cost": 18.347313072271014, "n_waypoints_completed": 6, "tot_waypoints": 9}}
{"target": -1244.9345076039122, "params": {"k_pid_pos": [1.4009409732684917, 0.8725816661346185, 0.48722486507193075], "k_pid_alt": [0.45684617083664447, 0.9976415634184252, 0.014915912883051385], "k_pid_att": [5.990525623135145, 0.4582008946427686, 0.776982748317394], "k_pid_yaw": [0.5, 1e-06, 0.1], "k_pid_hsp": [4.118411783604151, 0.4054443591239353, 0.16839154470251327], "k_pid_vsp": [49.88880217708393, 392.42180522720815, 314.5515838047559]}, "datetime": {"datetime": "2025-08-20 12:42:51", "elapsed": 3026.425535440445, "delta": 21.829329252243042}, "costs": {"total_cost": 1244.9345076039122, "time_cost": 150, "final_distance_cost": 68.3896512957308, "oscillation_cost": 72.99458241789975, "completition_cost": 777.7777777777778, "overshoot_cost": 113.95923426821719, "power_cost": 18.45095456542969, "noise_cost": 43.36230727885675, "n_waypoints_completed": 2, "tot_waypoints": 9}}
{"target": -887.2083245312147, "params": {"k_pid_pos": [1.3169224689357941, 0.20779131876955548, 0.9237124361393152], "k_pid_alt": [1.0969122743636903, 0.6928249908836078, 0.3593088458151803], "k_pid_att": [42.3623611833579, 0.4543142236501621, 0.832169160178313], "k_pid_yaw": [0.5, 1e-06, 0.1], "k_pid_hsp": [2.0008259368834755, 0.9588157967602833, 0.6351567193382525], "k_pid_vsp": [91.8629363528165, 354.9319294358435, 257.9739473877232]}, "datetime": {"datetime": "2025-08-20 12:43:13", "elapsed": 3048.4096534252167, "delta": 21.98411798477173}, "costs": {"total_cost": 887.2083245312147, "time_cost": 150, "final_distance_cost": 79.00054074181477, "oscillation_cost": 215.2619625876745, "completition_cost": 333.33333333333337, "overshoot_cost": 68.58394853073361, "power_cost": 23.534847546386718, "noise_cost": 17.493691791271726, "n_waypoints_completed": 6, "tot_waypoints": 9}}
{"target": -970.74834282302, "params": {"k_pid_pos": [1.836846456390153, 0.29606576680774077, 0.9054234379668524], "k_pid_alt": [1.1568890799281435, 0.8041387439681175, 0.20913470498351894], "k_pid_att": [35.41179031958552, 0.1935777052693195, 0.038258423020390286], "k_pid_yaw": [0.5, 1e-06, 0.1], "k_pid_hsp": [9.738589833484815, 0.9127355837102288, 0.5673267324181819], "k_pid_vsp": [50.53118053073526, 373.20801575163796, 284.87128966162885]}, "datetime": {"datetime": "2025-08-20 12:43:35", "elapsed": 3069.9559166431427, "delta": 21.546263217926025}, "costs": {"total_cost": 970.74834282302, "time_cost": 150, "final_distance_cost": 52.03679081131657, "oscillation_cost": 318.95652460712694, "completition_cost": 333.33333333333337, "overshoot_cost": 74.08531294453792, "power_cost": 21.503774121093752, "noise_cost": 20.832607005611507, "n_waypoints_completed": 6, "tot_waypoints": 9}}
{"target": -1044.2657846287575, "params": {"k_pid_pos": [1.988271446802214, 0.4669866105353456, 0.6310161591691532], "k_pid_alt": [1.5145038583388597, 0.8561987615383784, 0.3238423013890356], "k_pid_att": [23.57480840725176, 0.060518663994151324, 0.4323106208607457], "k_pid_yaw": [0.5, 1e-06, 0.1], "k_pid_hsp": [8.803323706127117, 0.3567860020653614, 0.5302431901650382], "k_pid_vsp": [343.2360035086826, 284.64615382939775, 382.2365059901905]}, "datetime": {"datetime": "2025-08-20 12:43:57", "elapsed": 3091.712839603424, "delta": 21.756922960281372}, "costs": {"total_cost": 1044.2657846287575, "time_cost": 150, "final_distance_cost": 53.61660937530457, "oscillation_cost": 307.99880490429894, "completition_cost": 444.4444444444444, "overshoot_cost": 51.200592841278734, "power_cost": 20.669452392578126, "noise_cost": 16.33588067085276, "n_waypoints_completed": 5, "tot_waypoints": 9}}
{"target": -984.1270096188647, "params": {"k_pid_pos": [1.698028819466519, 0.9648946896405752, 0.20284282909030904], "k_pid_alt": [0.5742021480725841, 0.11541066503317532, 0.2912888108456696], "k_pid_att": [63.52732357879034, 7.001467210846662, 0.5952516836512487], "k_pid_yaw": [0.5, 1e-06, 0.1], "k_pid_hsp": [0.23028527856242922, 0.42698346235271434, 0.2750341629495291], "k_pid_vsp": [397.73696341866406, 22.76821887492917, 163.8567964375817]}, "datetime": {"datetime": "2025-08-20 12:44:18", "elapsed": 3113.1514983177185, "delta": 21.438658714294434}, "costs": {"total_cost": 984.1270096188647, "time_cost": 150, "final_distance_cost": 38.55003550562186, "oscillation_cost": 122.9227863801067, "completition_cost": 555.5555555555555, "overshoot_cost": 78.92292981815287, "power_cost": 22.02567919921875, "noise_cost": 16.150023160209035, "n_waypoints_completed": 4, "tot_waypoints": 9}}
{"target": -820.5903827394606, "params": {"k_pid_pos": [1.6177588424687093, 0.07007401030511806, 0.11467916800826672], "k_pid_alt": [1.298220077828341, 0.6793276068116175, 0.06295479767696999], "k_pid_att": [80.39443457387353, 9.919907485432619, 0.11254374424508518], "k_pid_yaw": [0.5, 1e-06, 0.1], "k_pid_hsp": [8.307357925049642, 0.35637800539937636, 0.7429657267976969], "k_pid_vsp": [93.60638388216654, 181.2052387685604, 209.3188144354808]}, "datetime": {"datetime": "2025-08-20 12:44:40", "elapsed": 3134.82767534256, "delta": 21.67617702484131}, "costs": {"total_cost": 820.5903827394606, "time_cost": 150, "final_distance_cost": 68.13988320012076, "oscillation_cost": 276.13653915501834, "completition_cost": 222.2222222222222, "overshoot_cost": 61.11557637407525, "power_cost": 23.01912576904297, "noise_cost": 19.957036018981054, "n_waypoints_completed": 7, "tot_waypoints": 9}}
{"target": -1876.9481254767168, "params": {"k_pid_pos": [0.9323065980552837, 0.1795321427726615, 0.2145921572328494], "k_pid_alt": [1.726586569607659, 0.8656367081688411, 0.5185656591119184], "k_pid_att": [0.8678580743848419, 4.064624858155411, 0.316324637892917], "k_pid_yaw": [0.5, 1e-06, 0.1], "k_pid_hsp": [5.438359220452621, 0.6592688483381085, 0.08522476944571766], "k_pid_vsp": [321.9141054931673, 110.0552863744937, 381.13732550878836]}, "datetime": {"datetime": "2025-08-20 12:45:01", "elapsed": 3156.493567466736, "delta": 21.665892124176025}, "costs": {"total_cost": 1876.9481254767168, "time_cost": 150, "final_distance_cost": 9.009751614839752, "oscillation_cost": 454.9740548069048, "completition_cost": 1000.0, "overshoot_cost": 136.2412101768456, "power_cost": 32.445772924804686, "noise_cost": 94.2773359533216, "n_waypoints_completed": 0, "tot_waypoints": 9}}
{"target": -1133.116143841979, "params": {"k_pid_pos": [1.7792385608236934, 0.21519469294756932, 0.13769148268682752], "k_pid_alt": [1.9431674964548484, 0.11446227274331844, 0.7320209749865736], "k_pid_att": [66.664799479516, 4.5186728895903325, 0.4283442396852676], "k_pid_yaw": [0.5, 1e-06, 0.1], "k_pid_hsp": [3.772821489917049, 0.2358713845267323, 0.5445946882858516], "k_pid_vsp": [64.22321347275526, 19.863125947156163, 342.95240184510163]}, "datetime": {"datetime": "2025-08-20 12:45:23", "elapsed": 3177.9501173496246, "delta": 21.456549882888794}, "costs": {"total_cost": 1133.116143841979, "time_cost": 150, "final_distance_cost": 37.16317835719768, "oscillation_cost": 279.61423306304266, "completition_cost": 555.5555555555555, "overshoot_cost": 64.44839378570913, "power_cost": 22.959633886718752, "noise_cost": 23.37514919375504, "n_waypoints_completed": 4, "tot_waypoints": 9}}
