{"target": -1044.8489500694184, "params": {"k_pid_pos": [0.5115509667145216, 0.7091839510769606, 0.0199463746861841], "k_pid_alt": [1.5102165774251062, 0.6650303937321443, 0.21112262759749967], "k_pid_att": [56.74693779622796, 6.249238689012419, 0.4179896268383497], "k_pid_yaw": [0.5, 1e-06, 0.1], "k_pid_hsp": [1.1604927032038537, 0.4255676996610621, 0.93590558668604], "k_pid_vsp": [276.01061143457457, 292.00152638942495, 225.9671200574672]}, "datetime": {"datetime": "2025-08-21 08:05:56", "elapsed": 72811.15984582901, "delta": 47.18408465385437}, "costs": {"total_cost": 1044.8489500694184, "time_cost": 150, "final_distance_cost": 41.63145541116767, "oscillation_cost": 191.45943650692266, "completition_cost": 555.5555555555555, "overshoot_cost": 66.69066484303102, "power_cost": 22.170470947265628, "noise_cost": 17.341366805475992, "n_waypoints_completed": 4, "tot_waypoints": 9}}
{"target": -685.766798743959, "params": {"k_pid_pos": [0.3568524398837827, 1.0, 1.0], "k_pid_alt": [2.0, 0.0, 0.0], "k_pid_att": [39.96620964963162, 0.0001, 1.0], "k_pid_yaw": [0.5, 1e-06, 0.1], "k_pid_hsp": [5.964754067430881, 1.0, 0.0], "k_pid_vsp": [331.08177031105936, 392.8313823126576, 313.8657625160226]}, "datetime": {"datetime": "2025-08-21 08:06:50", "elapsed": 72864.69778561592, "delta": 53.53793978691101}, "costs": {"total_cost": 685.766798743959, "time_cost": 150, "final_distance_cost": 68.41716063584903, "oscillation_cost": 54.91695924131618, "completition_cost": 333.33333333333337, "overshoot_cost": 49.17271796718347, "power_cost": 16.818140368652344, "noise_cost": 13.108487197624546, "n_waypoints_completed": 6, "tot_waypoints": 9}}
{"target": -354.83960397538846, "params": {"k_pid_pos": [2.0, 0.0, 1.0], "k_pid_alt": [0.6625726723845644, 0.5284656995827135, 0.0], "k_pid_att": [14.192474481354928, 6.7206709181387865, 1.0], "k_pid_yaw": [0.5, 1e-06, 0.1], "k_pid_hsp": [6.508881085060611, 0.4702640116572884, 0.4185224880095629], "k_pid_vsp": [15.176178915351462, 310.3814973855747, 27.445251780017436]}, "datetime": {"datetime": "2025-08-21 08:07:35", "elapsed": 72910.0684876442, "delta": 45.370702028274536}, "costs": {"total_cost": 354.83960397538846, "time_cost": 90.44800000000001, "final_distance_cost": 1.7819422304451136, "oscillation_cost": 173.5833370719959, "completition_cost": 0.0, "overshoot_cost": 57.829488485776324, "power_cost": 17.899529553222656, "noise_cost": 13.297306633948416, "n_waypoints_completed": 9, "tot_waypoints": 9}}
{"target": -1144.0221162587286, "params": {"k_pid_pos": [0.11216404486829334, 0.4459045332455157, 0.35742588161686695], "k_pid_alt": [1.7152666285027967, 0.923006912720002, 0.9645395112881444], "k_pid_att": [66.92092947193967, 5.487457141005279, 0.3233484440950687], "k_pid_yaw": [0.5, 1e-06, 0.1], "k_pid_hsp": [4.639761586965806, 0.43059736627391143, 0.6597313119764688], "k_pid_vsp": [85.50872864346783, 221.59875330103992, 106.78340162921023]}, "datetime": {"datetime": "2025-08-21 08:08:25", "elapsed": 72960.2473127842, "delta": 50.17882513999939}, "costs": {"total_cost": 1144.0221162587286, "time_cost": 150, "final_distance_cost": 50.108441946481115, "oscillation_cost": 299.2751294476236, "completition_cost": 555.5555555555555, "overshoot_cost": 50.97193077917274, "power_cost": 20.832482031250002, "noise_cost": 17.278576498645588, "n_waypoints_completed": 4, "tot_waypoints": 9}}
{"target": -263.57923994967143, "params": {"k_pid_pos": [1.1713214610743108, 0.1499228978978826, 0.0], "k_pid_alt": [0.8832419910253019, 0.39052749999365877, 0.0], "k_pid_att": [51.53651423183696, 3.869146609926877, 0.16611326003081084], "k_pid_yaw": [0.5, 1e-06, 0.1], "k_pid_hsp": [5.856164769946642, 0.6151910793062192, 5.942831157721156e-05], "k_pid_vsp": [392.09322365067317, 160.01995588960372, 186.67645094081453]}, "datetime": {"datetime": "2025-08-21 08:09:17", "elapsed": 73011.92615962029, "delta": 51.67884683609009}, "costs": {"total_cost": 263.57923994967143, "time_cost": 91.656, "final_distance_cost": 1.7474085267694854, "oscillation_cost": 75.46137388950628, "completition_cost": 0.0, "overshoot_cost": 56.65636521400656, "power_cost": 22.29743211669922, "noise_cost": 15.760660202689893, "n_waypoints_completed": 9, "tot_waypoints": 9}}
{"target": -604.7855368000113, "params": {"k_pid_pos": [0.598996954283892, 0.5204800184974632, 0.6871055919775403], "k_pid_alt": [1.241334461888062, 0.4267764784415181, 0.29927144556419033], "k_pid_att": [19.688277090482494, 7.760351131598242, 0.8181426431774029], "k_pid_yaw": [0.5, 1e-06, 0.1], "k_pid_hsp": [3.134306557081565, 0.036218734544246414, 0.1838968860301391], "k_pid_vsp": [361.6226211697783, 337.53012397078794, 32.74340145977007]}, "datetime": {"datetime": "2025-08-21 08:10:04", "elapsed": 73059.27111005783, "delta": 47.344950437545776}, "costs": {"total_cost": 604.7855368000113, "time_cost": 150, "final_distance_cost": 52.96565305921601, "oscillation_cost": 204.5824074899396, "completition_cost": 111.11111111111116, "overshoot_cost": 51.13258892384813, "power_cost": 20.10369580078125, "noise_cost": 14.89008041511506, "n_waypoints_completed": 8, "tot_waypoints": 9}}
{"target": -226.80558077376517, "params": {"k_pid_pos": [2.0, 0.0, 1.0], "k_pid_alt": [2.0, 1.0, 1.0], "k_pid_att": [72.69474740610019, 0.0001, 1.0], "k_pid_yaw": [0.5, 1e-06, 0.1], "k_pid_hsp": [6.450560003013928, 1.0, 0.0], "k_pid_vsp": [177.64143914207156, 145.4256150924074, 70.88283312885824]}, "datetime": {"datetime": "2025-08-21 08:10:40", "elapsed": 73095.45681381226, "delta": 36.18570375442505}, "costs": {"total_cost": 226.80558077376517, "time_cost": 81.512, "final_distance_cost": 1.7728794122748621, "oscillation_cost": 64.71298923400413, "completition_cost": 0.0, "overshoot_cost": 53.14799290929482, "power_cost": 14.058926245117188, "noise_cost": 11.600792973074176, "n_waypoints_completed": 9, "tot_waypoints": 9}}
{"target": -1387.9021445529897, "params": {"k_pid_pos": [0.03600152152192165, 0.6383625792966231, 0.6907264206786669], "k_pid_alt": [0.12085973309059317, 0.07613254844322914, 0.9007883899832214], "k_pid_att": [63.956892986557826, 0.4878098629608827, 0.2564915778942737], "k_pid_yaw": [0.5, 1e-06, 0.1], "k_pid_hsp": [7.573942662299359, 0.35887680361253027, 0.6850576528675225], "k_pid_vsp": [111.88055078959862, 296.9074059585341, 106.8658893123984]}, "datetime": {"datetime": "2025-08-21 08:11:30", "elapsed": 73145.18330001831, "delta": 49.72648620605469}, "costs": {"total_cost": 1387.9021445529897, "time_cost": 150, "final_distance_cost": 83.34512592440787, "oscillation_cost": 292.33765168786545, "completition_cost": 777.7777777777778, "overshoot_cost": 47.81640521332537, "power_cost": 20.86728963623047, "noise_cost": 15.757894313382753, "n_waypoints_completed": 2, "tot_waypoints": 9}}
{"target": -709.9511210310532, "params": {"k_pid_pos": [0.4707372629949036, 0.05958977202193305, 0.367016230792621], "k_pid_alt": [0.8704117049720494, 0.2313898836823256, 0.6544623905363168], "k_pid_att": [45.7381998450723, 7.019717070668614, 0.15803467863686682], "k_pid_yaw": [0.5, 1e-06, 0.1], "k_pid_hsp": [5.062292719089338, 0.2965840533340435, 0.2241066943487069], "k_pid_vsp": [395.58289959057714, 34.49297505774106, 186.85271919373525]}, "datetime": {"datetime": "2025-08-21 08:12:18", "elapsed": 73192.8874206543, "delta": 47.70412063598633}, "costs": {"total_cost": 709.9511210310532, "time_cost": 150, "final_distance_cost": 13.313586321971911, "oscillation_cost": 341.91502193936003, "completition_cost": 111.11111111111116, "overshoot_cost": 57.55653268336286, "power_cost": 20.612537158203125, "noise_cost": 15.442331817044021, "n_waypoints_completed": 8, "tot_waypoints": 9}}
{"target": -622.1860283357495, "params": {"k_pid_pos": [2.0, 0.0, 0.020746093132801006], "k_pid_alt": [0.8726076221469714, 0.7101656843952376, 0.0], "k_pid_att": [40.081581165115594, 6.125523101596101, 0.20369826522244988], "k_pid_yaw": [0.5, 1e-06, 0.1], "k_pid_hsp": [10.0, 0.0, 0.9326882205464393], "k_pid_vsp": [291.52554526048897, 72.09617034255153, 42.59116357098878]}, "datetime": {"datetime": "2025-08-21 08:13:02", "elapsed": 73236.8076646328, "delta": 43.920243978500366}, "costs": {"total_cost": 622.1860283357495, "time_cost": 150, "final_distance_cost": 21.918523607278004, "oscillation_cost": 235.2907339919644, "completition_cost": 111.11111111111116, "overshoot_cost": 61.05359957478069, "power_cost": 24.404415551757815, "noise_cost": 18.407644498857344, "n_waypoints_completed": 8, "tot_waypoints": 9}}
{"target": -628.9351695180528, "params": {"k_pid_pos": [1.181509717210041, 0.528632629243098, 0.428928313843869], "k_pid_alt": [0.945748831417949, 0.4403207611465063, 0.2728524416559297], "k_pid_att": [24.876383226461265, 8.873261692319184, 0.7923574450368754], "k_pid_yaw": [0.5, 1e-06, 0.1], "k_pid_hsp": [5.797310059038897, 0.767628364217358, 0.7957225981049105], "k_pid_vsp": [386.94200838040433, 250.08132566430973, 120.76970461072857]}, "datetime": {"datetime": "2025-08-21 08:13:48", "elapsed": 73283.22803092003, "delta": 46.420366287231445}, "costs": {"total_cost": 628.9351695180528, "time_cost": 150, "final_distance_cost": 7.371259376696924, "oscillation_cost": 262.97190952583844, "completition_cost": 111.11111111111116, "overshoot_cost": 57.06084236403108, "power_cost": 23.762589916992187, "noise_cost": 16.657457223383044, "n_waypoints_completed": 8, "tot_waypoints": 9}}
{"target": -1149.7654855031474, "params": {"k_pid_pos": [0.33914017810130703, 0.6152530325832254, 0.39246593266499363], "k_pid_alt": [0.6617408000858955, 0.5099776856574033, 0.8480906365155385], "k_pid_att": [11.019327664682644, 1.6189575007672017, 0.37731204680788144], "k_pid_yaw": [0.5, 1e-06, 0.1], "k_pid_hsp": [5.7839482910519955, 0.3723612932900139, 0.4317939889570338], "k_pid_vsp": [87.13844798681687, 76.83159222238767, 32.54775055140387]}, "datetime": {"datetime": "2025-08-21 08:14:40", "elapsed": 73335.07387685776, "delta": 51.84584593772888}, "costs": {"total_cost": 1149.7654855031474, "time_cost": 150, "final_distance_cost": 53.3303619052981, "oscillation_cost": 203.99468598973309, "completition_cost": 666.6666666666667, "overshoot_cost": 40.29929977081101, "power_cost": 19.621771228027345, "noise_cost": 15.85269994261101, "n_waypoints_completed": 3, "tot_waypoints": 9}}
{"target": -439.4483076904194, "params": {"k_pid_pos": [0.885391208677133, 0.11068057341314386, 0.42218047632527844], "k_pid_alt": [1.2829042931448382, 0.7357555203110042, 0.6996786453593911], "k_pid_att": [89.60064511245575, 3.383688230468436, 0.5034186429351206], "k_pid_yaw": [0.5, 1e-06, 0.1], "k_pid_hsp": [8.210419933203964, 0.46214396304370786, 0.20279733625216878], "k_pid_vsp": [248.40256262087053, 385.5131656697591, 153.5060612465323]}, "datetime": {"datetime": "2025-08-21 08:15:23", "elapsed": 73377.6590719223, "delta": 42.58519506454468}, "costs": {"total_cost": 439.4483076904194, "time_cost": 88.128, "final_distance_cost": 1.7866144394046755, "oscillation_cost": 262.36528535358195, "completition_cost": 0.0, "overshoot_cost": 55.8673901381216, "power_cost": 17.567882482910157, "noise_cost": 13.733135276401061, "n_waypoints_completed": 9, "tot_waypoints": 9}}
{"target": -1648.5757446089326, "params": {"k_pid_pos": [2.0, 0.0, 1.0], "k_pid_alt": [0.0, 0.0, 0.0], "k_pid_att": [10.892527633197494, 9.279003737969738, 1.0], "k_pid_yaw": [0.5, 1e-06, 0.1], "k_pid_hsp": [8.125518626767423, 0.0, 1.0], "k_pid_vsp": [21.41946774338593, 313.0885531231819, 32.770064631449394]}, "datetime": {"datetime": "2025-08-21 08:16:00", "elapsed": 73415.30365896225, "delta": 37.64458703994751}, "costs": {"total_cost": 1648.5757446089326, "time_cost": 150, "final_distance_cost": 0.7938787796791615, "oscillation_cost": 285.0421972931902, "completition_cost": 1000.0, "overshoot_cost": 135.44305268936108, "power_cost": 18.219164855957033, "noise_cost": 59.077450990745135, "n_waypoints_completed": 0, "tot_waypoints": 9}}
{"target": -399.02141158537455, "params": {"k_pid_pos": [1.3104236296950396, 0.4601773479086767, 0.9316452538869023], "k_pid_alt": [0.9872572824559225, 0.14318579810804477, 0.027268085781260165], "k_pid_att": [11.78114974224027, 0.9504347984618318, 0.4809163453627531], "k_pid_yaw": [0.5, 1e-06, 0.1], "k_pid_hsp": [6.43943854010978, 0.8506142042937669, 0.9978854234949108], "k_pid_vsp": [170.64399270149607, 347.2483557777042, 105.7196948291289]}, "datetime": {"datetime": "2025-08-21 08:16:51", "elapsed": 73465.7051217556, "delta": 50.40146279335022}, "costs": {"total_cost": 399.02141158537455, "time_cost": 97.952, "final_distance_cost": 1.746766737020694, "oscillation_cost": 213.352586912716, "completition_cost": 0.0, "overshoot_cost": 54.293663650127804, "power_cost": 18.28251697998047, "noise_cost": 13.393877305529516, "n_waypoints_completed": 9, "tot_waypoints": 9}}
{"target": -629.246815724206, "params": {"k_pid_pos": [1.7179497378439899, 0.4062467646729325, 0.3529889462777147], "k_pid_alt": [0.5931593288403845, 0.36573569346690205, 0.9930140341229967], "k_pid_att": [53.033307707705724, 2.9038654031835582, 0.7007690277971264], "k_pid_yaw": [0.5, 1e-06, 0.1], "k_pid_hsp": [9.537942129286558, 0.7710802158621045, 0.6382716239018752], "k_pid_vsp": [361.6479355311111, 218.3672686232855, 34.00586939902665]}, "datetime": {"datetime": "2025-08-21 08:17:40", "elapsed": 73514.64208602905, "delta": 48.93696427345276}, "costs": {"total_cost": 629.246815724206, "time_cost": 150, "final_distance_cost": 23.849777078851595, "oscillation_cost": 250.66836555154387, "completition_cost": 111.11111111111116, "overshoot_cost": 54.47160510379314, "power_cost": 22.057709094238284, "noise_cost": 17.088247784667946, "n_waypoints_completed": 8, "tot_waypoints": 9}}
{"target": -1080.0466909820623, "params": {"k_pid_pos": [0.7095913099306607, 0.30284516344305046, 0.7795915434015087], "k_pid_alt": [1.526872135315951, 0.1533083877710535, 0.03308793880892491], "k_pid_att": [56.52106233186205, 2.6194687786905138, 0.03428597845483472], "k_pid_yaw": [0.5, 1e-06, 0.1], "k_pid_hsp": [4.447931206843117, 0.9516315750637977, 0.6221025824782589], "k_pid_vsp": [68.56939338222699, 184.00561909188906, 95.18340839340132]}, "datetime": {"datetime": "2025-08-21 08:18:19", "elapsed": 73553.52674508095, "delta": 38.88465905189514}, "costs": {"total_cost": 1080.0466909820623, "time_cost": 150, "final_distance_cost": 49.089500648276285, "oscillation_cost": 358.7394763123212, "completition_cost": 444.4444444444444, "overshoot_cost": 40.518798539102086, "power_cost": 21.300479785156252, "noise_cost": 15.953991252762098, "n_waypoints_completed": 5, "tot_waypoints": 9}}
{"target": -805.1723244342814, "params": {"k_pid_pos": [1.0400196913825004, 0.5129993309203849, 0.31668882855521563], "k_pid_alt": [0.7823364785998947, 0.5669577471206079, 0.938326084342182], "k_pid_att": [40.41149032351085, 3.4204101183583595, 0.352048025530979], "k_pid_yaw": [0.5, 1e-06, 0.1], "k_pid_hsp": [1.9651680359412018, 0.7920678595855563, 0.4713367918415433], "k_pid_vsp": [315.92729235213574, 40.99203702625974, 57.48220747953379]}, "datetime": {"datetime": "2025-08-21 08:19:25", "elapsed": 73620.50848340988, "delta": 66.98173832893372}, "costs": {"total_cost": 805.1723244342814, "time_cost": 150, "final_distance_cost": 76.37800734781486, "oscillation_cost": 162.5448972613379, "completition_cost": 333.33333333333337, "overshoot_cost": 45.94411595626964, "power_cost": 21.19988603515625, "noise_cost": 15.772084500369328, "n_waypoints_completed": 6, "tot_waypoints": 9}}
{"target": -443.0647941442194, "params": {"k_pid_pos": [1.525885016179897, 0.766419811327331, 0.5416992487476268], "k_pid_alt": [0.7088219996560446, 0.36889307104399943, 0.6508419178013977], "k_pid_att": [57.343555265685495, 9.51418616764342, 0.3166546339762015], "k_pid_yaw": [0.5, 1e-06, 0.1], "k_pid_hsp": [8.202037483836676, 0.5386495510780028, 0.2856737384747572], "k_pid_vsp": [393.04761296451755, 119.25582688104092, 94.6536604268453]}, "datetime": {"datetime": "2025-08-21 08:20:12", "elapsed": 73666.60830140114, "delta": 46.099817991256714}, "costs": {"total_cost": 443.0647941442194, "time_cost": 97.776, "final_distance_cost": 1.7528486490581145, "oscillation_cost": 251.59726964005523, "completition_cost": 0.0, "overshoot_cost": 55.136151848744476, "power_cost": 20.63379559326172, "noise_cost": 16.168728413099874, "n_waypoints_completed": 9, "tot_waypoints": 9}}
{"target": -358.4282161150497, "params": {"k_pid_pos": [2.0, 1.0, 1.0], "k_pid_alt": [2.0, 1.0, 1.0], "k_pid_att": [38.58462049128962, 10.0, 0.0], "k_pid_yaw": [0.5, 1e-06, 0.1], "k_pid_hsp": [8.550487949098923, 0.0, 0.0], "k_pid_vsp": [117.3632830989164, 140.1356094714919, 22.96328571904049]}, "datetime": {"datetime": "2025-08-21 08:20:47", "elapsed": 73701.92057180405, "delta": 35.312270402908325}, "costs": {"total_cost": 358.4282161150497, "time_cost": 85.08, "final_distance_cost": 1.786951472292317, "oscillation_cost": 193.8025948266541, "completition_cost": 0.0, "overshoot_cost": 53.332454972186035, "power_cost": 12.495808923339844, "noise_cost": 11.930405920577396, "n_waypoints_completed": 9, "tot_waypoints": 9}}
{"target": -584.3302736342214, "params": {"k_pid_pos": [0.58587819992266, 0.19767931616715817, 0.4121646779349811], "k_pid_alt": [1.8458250727311534, 0.9190058597788394, 0.5225923735050299], "k_pid_att": [16.973729111828327, 0.6560524860623077, 0.6186762667134905], "k_pid_yaw": [0.5, 1e-06, 0.1], "k_pid_hsp": [0.38632686808551303, 0.8250152071569801, 0.3923354594547638], "k_pid_vsp": [138.7932309322017, 7.329455183979208, 11.873614764111643]}, "datetime": {"datetime": "2025-08-21 08:21:26", "elapsed": 73741.34947276115, "delta": 39.428900957107544}, "costs": {"total_cost": 584.3302736342214, "time_cost": 150, "final_distance_cost": 63.19251993882451, "oscillation_cost": 173.80401488041466, "completition_cost": 111.11111111111116, "overshoot_cost": 51.63720375633932, "power_cost": 19.175357482910158, "noise_cost": 15.410066464621666, "n_waypoints_completed": 8, "tot_waypoints": 9}}
{"target": -1303.0486368998002, "params": {"k_pid_pos": [0.0001, 0.0, 0.20842598185035402], "k_pid_alt": [0.6357042706006355, 0.9923278005943637, 1.0], "k_pid_att": [10.02920425130223, 6.7791707626892395, 0.6909489431345957], "k_pid_yaw": [0.5, 1e-06, 0.1], "k_pid_hsp": [6.995955417906836, 0.9194270987589974, 0.0], "k_pid_vsp": [52.795032769483534, 226.94520766147718, 80.63052355389061]}, "datetime": {"datetime": "2025-08-21 08:22:18", "elapsed": 73793.04495429993, "delta": 51.69548153877258}, "costs": {"total_cost": 1303.0486368998002, "time_cost": 150, "final_distance_cost": 47.054067573593166, "oscillation_cost": 22.273733715656878, "completition_cost": 1000.0, "overshoot_cost": 43.037210061143504, "power_cost": 23.43191099853516, "noise_cost": 17.25171455087143, "n_waypoints_completed": 0, "tot_waypoints": 9}}
{"target": -466.88403741252637, "params": {"k_pid_pos": [1.0136473169111988, 0.21180274443579153, 0.0], "k_pid_alt": [0.9828178606284227, 1.0, 0.0], "k_pid_att": [15.618584779755354, 3.9392394679600624, 0.7786478113521662], "k_pid_yaw": [0.5, 1e-06, 0.1], "k_pid_hsp": [6.642839193223254, 0.28547091119182644, 0.0], "k_pid_vsp": [4.079321635155645, 219.500328959858, 28.115661546848045]}, "datetime": {"datetime": "2025-08-21 08:23:21", "elapsed": 73855.60188364983, "delta": 62.55692934989929}, "costs": {"total_cost": 466.88403741252637, "time_cost": 150, "final_distance_cost": 35.39596162758364, "oscillation_cost": 74.12514836667538, "completition_cost": 111.11111111111116, "overshoot_cost": 61.116217815825124, "power_cost": 20.501133898925783, "noise_cost": 14.634464592405308, "n_waypoints_completed": 8, "tot_waypoints": 9}}
{"target": -641.9256064967111, "params": {"k_pid_pos": [0.6431506551649777, 0.10953628914312974, 0.5423745759169784], "k_pid_alt": [0.6544897463953809, 0.1069884915878595, 0.7220963258915245], "k_pid_att": [14.245358656742624, 9.71048553213066, 0.44056768174934824], "k_pid_yaw": [0.5, 1e-06, 0.1], "k_pid_hsp": [9.486939632697446, 0.13108395206064383, 0.042536605953099604], "k_pid_vsp": [188.5203547304046, 2.0122470714634026, 29.760143913091365]}, "datetime": {"datetime": "2025-08-21 08:24:13", "elapsed": 73908.30964660645, "delta": 52.70776295661926}, "costs": {"total_cost": 641.9256064967111, "time_cost": 150, "final_distance_cost": 67.30000300818439, "oscillation_cost": 121.34287523171763, "completition_cost": 222.2222222222222, "overshoot_cost": 45.44927322099456, "power_cost": 20.48719842529297, "noise_cost": 15.124034388299332, "n_waypoints_completed": 7, "tot_waypoints": 9}}
{"target": -691.7094760152762, "params": {"k_pid_pos": [0.29202056518250863, 0.8028999056008083, 0.906714594736377], "k_pid_alt": [1.9998565777298907, 0.4076528817898062, 0.6288679135091655], "k_pid_att": [36.37713854866178, 6.301090755845232, 0.8684054963109181], "k_pid_yaw": [0.5, 1e-06, 0.1], "k_pid_hsp": [2.254196087007096, 0.5940947712874571, 0.03366322999511917], "k_pid_vsp": [186.41807493300942, 197.72079348105026, 99.28185743442286]}, "datetime": {"datetime": "2025-08-21 08:25:02", "elapsed": 73956.65865397453, "delta": 48.34900736808777}, "costs": {"total_cost": 691.7094760152762, "time_cost": 150, "final_distance_cost": 72.50305093928321, "oscillation_cost": 61.79293771305112, "completition_cost": 333.33333333333337, "overshoot_cost": 42.701543651138564, "power_cost": 17.697311254882813, "noise_cost": 13.68129912358707, "n_waypoints_completed": 6, "tot_waypoints": 9}}
