{"target": -1592.6606630366373, "params": {"k_pid_pos": [0.07077126635376557, 0.8164907870058119, 0.40564048198171243], "k_pid_alt": [1.3827396610554716, 0.09160993049315636, 0.5877281729034338], "k_pid_att": [28.008507916832805, 2.443473286539504, 0.3607956416775868], "k_pid_yaw": [0.5, 1e-06, 0.1], "k_pid_hsp": [4.007378507408897, 0.24625052666622393, 0.46624270058150097], "k_pid_vsp": [25.43672668175949, 204.1848761613047, 289.231144145566]}, "datetime": {"datetime": "2025-08-20 12:28:27", "elapsed": 2162.179990530014, "delta": 21.667888641357422}, "costs": {"total_cost": 1592.6606630366373, "time_cost": 150, "final_distance_cost": 13.480092837705175, "oscillation_cost": 210.0854220638451, "completition_cost": 1000.0, "overshoot_cost": 135.67987691192818, "power_cost": 23.39387829589844, "noise_cost": 60.0213929272604, "n_waypoints_completed": 0, "tot_waypoints": 9}}
{"target": -838.2029324463839, "params": {"k_pid_pos": [1.9914288243363134, 0.009932845333732399, 0.11411937966280361], "k_pid_alt": [0.7408794622497075, 0.9178992729470287, 0.49944000771430497], "k_pid_att": [82.84151307332502, 8.409160594298571, 0.9536846414063753], "k_pid_yaw": [0.5, 1e-06, 0.1], "k_pid_hsp": [5.549557704000395, 0.7731154145639277, 0.7640437220076021], "k_pid_vsp": [140.52746330135966, 166.27115554468756, 74.75684731380436]}, "datetime": {"datetime": "2025-08-20 12:28:50", "elapsed": 2184.5570497512817, "delta": 22.3770592212677}, "costs": {"total_cost": 838.2029324463839, "time_cost": 150, "final_distance_cost": 69.00259394117961, "oscillation_cost": 192.66267182652862, "completition_cost": 333.33333333333337, "overshoot_cost": 54.7983851444512, "power_cost": 21.487228137207033, "noise_cost": 16.918720063684024, "n_waypoints_completed": 6, "tot_waypoints": 9}}
{"target": -811.0790304706728, "params": {"k_pid_pos": [1.3422156110364956, 0.868303237789123, 0.4165048838590679], "k_pid_alt": [1.0226180361938686, 0.40601331926937645, 0.36008753750358413], "k_pid_att": [49.27183505703518, 7.194031829079306, 0.24167285904774083], "k_pid_yaw": [0.5, 1e-06, 0.1], "k_pid_hsp": [4.961408141745343, 0.5600159484809506, 0.9107450552614192], "k_pid_vsp": [251.757627308081, 372.3753639952041, 264.76769317981785]}, "datetime": {"datetime": "2025-08-20 12:29:11", "elapsed": 2206.401230096817, "delta": 21.84418034553528}, "costs": {"total_cost": 811.0790304706728, "time_cost": 150, "final_distance_cost": 80.62084798801173, "oscillation_cost": 160.97589376913376, "completition_cost": 333.33333333333337, "overshoot_cost": 49.66226238168639, "power_cost": 20.464403247070315, "noise_cost": 16.022289751437192, "n_waypoints_completed": 6, "tot_waypoints": 9}}
{"target": -1250.4554698373368, "params": {"k_pid_pos": [0.2902542057984896, 0.07520552999334107, 0.8465164410665158], "k_pid_alt": [1.7024162030890053, 0.5850037031506765, 0.1675032614171449], "k_pid_att": [85.02342847588822, 9.527545008247419, 0.010689327413141214], "k_pid_yaw": [0.5, 1e-06, 0.1], "k_pid_hsp": [8.466335871207171, 0.5590883770327453, 0.5103924829782993], "k_pid_vsp": [285.31077893415755, 143.36947900972837, 301.34343467599444]}, "datetime": {"datetime": "2025-08-20 12:29:33", "elapsed": 2228.14612698555, "delta": 21.74489688873291}, "costs": {"total_cost": 1250.4554698373368, "time_cost": 150, "final_distance_cost": 49.691503255074345, "oscillation_cost": 404.2652607193977, "completition_cost": 555.5555555555555, "overshoot_cost": 53.08134505036625, "power_cost": 21.317965759277346, "noise_cost": 16.543839497665658, "n_waypoints_completed": 4, "tot_waypoints": 9}}
{"target": -1101.6896944414389, "params": {"k_pid_pos": [0.19115619338960002, 0.4253875443632945, 0.3119550401342921], "k_pid_alt": [0.8210548157868756, 0.5443826813387251, 0.0650491005923477], "k_pid_att": [11.922988371816313, 1.0502068241741649, 0.936644451081082], "k_pid_yaw": [0.5, 1e-06, 0.1], "k_pid_hsp": [1.5906505393538164, 0.8058643907486825, 0.5452481933409445], "k_pid_vsp": [257.44380853866005, 374.290222441064, 252.57075907338884]}, "datetime": {"datetime": "2025-08-20 12:29:55", "elapsed": 2250.289432287216, "delta": 22.14330530166626}, "costs": {"total_cost": 1101.6896944414389, "time_cost": 150, "final_distance_cost": 53.12894077992686, "oscillation_cost": 139.80980123257214, "completition_cost": 666.6666666666667, "overshoot_cost": 52.489244098643105, "power_cost": 22.647223376464844, "noise_cost": 16.947818287165102, "n_waypoints_completed": 3, "tot_waypoints": 9}}
{"target": -1161.1851007497864, "params": {"k_pid_pos": [1.0068611270187797, 0.3981956478581805, 0.31075002307173616], "k_pid_alt": [0.4510391741630575, 0.09726287543718326, 0.7424703494408217], "k_pid_att": [91.1068992216767, 0.8353906001031159, 0.4147002464088557], "k_pid_yaw": [0.5, 1e-06, 0.1], "k_pid_hsp": [8.450275622187949, 0.668419574852108, 0.13730094485935418], "k_pid_vsp": [170.8575546660673, 272.21111057152484, 347.9259984279726]}, "datetime": {"datetime": "2025-08-20 12:30:17", "elapsed": 2271.8999633789062, "delta": 21.610531091690063}, "costs": {"total_cost": 1161.1851007497864, "time_cost": 150, "final_distance_cost": 51.69232018559904, "oscillation_cost": 313.08591799236007, "completition_cost": 555.5555555555555, "overshoot_cost": 50.71433272127808, "power_cost": 21.94646599121094, "noise_cost": 18.190508303782927, "n_waypoints_completed": 4, "tot_waypoints": 9}}
{"target": -1643.2093204262005, "params": {"k_pid_pos": [1.8486837905566986, 0.22424666648443847, 0.3406411946705733], "k_pid_alt": [1.901487631684562, 0.33307976673614004, 0.4909034490757611], "k_pid_att": [45.56006879689348, 4.532256926751437, 0.24057936660717116], "k_pid_yaw": [0.5, 1e-06, 0.1], "k_pid_hsp": [0.41287611259974344, 0.5195491835058272, 0.9596961643235697], "k_pid_vsp": [31.862967457109328, 2.4911351461706643, 150.56218692249976]}, "datetime": {"datetime": "2025-08-20 12:30:39", "elapsed": 2293.6389498710632, "delta": 21.738986492156982}, "costs": {"total_cost": 1643.2093204262005, "time_cost": 150, "final_distance_cost": 87.09656444306931, "oscillation_cost": 424.4414383033649, "completition_cost": 888.8888888888888, "overshoot_cost": 53.39238636412743, "power_cost": 21.997053442382814, "noise_cost": 17.392988984367246, "n_waypoints_completed": 1, "tot_waypoints": 9}}
{"target": -1570.859816771661, "params": {"k_pid_pos": [0.17716434533741385, 0.24673619302442662, 0.6539337736395477], "k_pid_alt": [1.0808345136285904, 0.8683366232186229, 0.6360511128152819], "k_pid_att": [20.201152951351364, 3.50519282982703, 0.02418214517742856], "k_pid_yaw": [0.5, 1e-06, 0.1], "k_pid_hsp": [6.946962884165806, 0.6124297595835376, 0.8743756526017485], "k_pid_vsp": [140.65280321812844, 127.78770632003526, 321.44904961078424]}, "datetime": {"datetime": "2025-08-20 12:31:01", "elapsed": 2315.6452460289, "delta": 22.006296157836914}, "costs": {"total_cost": 1570.859816771661, "time_cost": 150, "final_distance_cost": 89.33109267896555, "oscillation_cost": 458.72900618386086, "completition_cost": 777.7777777777778, "overshoot_cost": 58.49950220273311, "power_cost": 19.63040290527344, "noise_cost": 16.892035023050152, "n_waypoints_completed": 2, "tot_waypoints": 9}}
{"target": -1155.5153398542973, "params": {"k_pid_pos": [0.9761897267088055, 0.9520225952426071, 0.7369425457641309], "k_pid_alt": [1.8659142406374698, 0.5852241269279052, 0.7452913843195283], "k_pid_att": [19.673978414033765, 2.4166195020942656, 0.375006474178771], "k_pid_yaw": [0.5, 1e-06, 0.1], "k_pid_hsp": [9.91761639228058, 0.9936609777934549, 0.6715830792738785], "k_pid_vsp": [246.58894442580942, 263.55232194079247, 299.29923857007833]}, "datetime": {"datetime": "2025-08-20 12:31:22", "elapsed": 2337.5179629325867, "delta": 21.872716903686523}, "costs": {"total_cost": 1155.5153398542973, "time_cost": 150, "final_distance_cost": 47.1047472926656, "oscillation_cost": 315.13410149602487, "completition_cost": 555.5555555555555, "overshoot_cost": 52.28398331350486, "power_cost": 19.598823400878906, "noise_cost": 15.838128795667336, "n_waypoints_completed": 4, "tot_waypoints": 9}}
{"target": -1240.9365134624497, "params": {"k_pid_pos": [0.3967070768286485, 0.2861715107400957, 0.2789707500623906], "k_pid_alt": [0.19885691441278586, 0.434683659398334, 0.2957156180890367], "k_pid_att": [7.112418401840303, 5.679253705580197, 0.9221191158701908], "k_pid_yaw": [0.5, 1e-06, 0.1], "k_pid_hsp": [4.514179709679764, 0.5635436857435677, 0.8369086890803971], "k_pid_vsp": [128.86045314261705, 296.5240281963193, 329.31213454948505]}, "datetime": {"datetime": "2025-08-20 12:31:44", "elapsed": 2359.226780653, "delta": 21.708817720413208}, "costs": {"total_cost": 1240.9365134624497, "time_cost": 150, "final_distance_cost": 66.85316857672242, "oscillation_cost": 173.4627762016908, "completition_cost": 777.7777777777778, "overshoot_cost": 41.968537241703565, "power_cost": 16.953169763183595, "noise_cost": 13.921083901371567, "n_waypoints_completed": 2, "tot_waypoints": 9}}
{"target": -438.6873614668658, "params": {"k_pid_pos": [0.9372732671188412, 0.03498448880050431, 0.0710732722076155], "k_pid_alt": [1.3178938347620397, 0.27236618148363934, 0.6356465015385939], "k_pid_att": [50.09666434956955, 2.7752265392229303, 0.47194103250490826], "k_pid_yaw": [0.5, 1e-06, 0.1], "k_pid_hsp": [9.159553601738887, 0.5601513132331906, 0.8293240194169217], "k_pid_vsp": [125.194274863845, 100.04027316588673, 56.49253395138079]}, "datetime": {"datetime": "2025-08-20 12:32:05", "elapsed": 2379.5583136081696, "delta": 20.331532955169678}, "costs": {"total_cost": 438.6873614668658, "time_cost": 92.624, "final_distance_cost": 1.7564918412045265, "oscillation_cost": 256.2852446906098, "completition_cost": 0.0, "overshoot_cost": 53.5401012531783, "power_cost": 19.533886645507813, "noise_cost": 14.947637036365384, "n_waypoints_completed": 9, "tot_waypoints": 9}}
{"target": -931.5660877466096, "params": {"k_pid_pos": [1.65272717211006, 0.3407629839058446, 0.9087905215941516], "k_pid_alt": [0.8882883806796915, 0.4208792485746957, 0.3787020352051663], "k_pid_att": [38.78704579447966, 3.4284786883947866, 0.6911078477595881], "k_pid_yaw": [0.5, 1e-06, 0.1], "k_pid_hsp": [7.168918988656523, 0.20921457847436953, 0.5087275757129521], "k_pid_vsp": [164.63516115294877, 141.13365272734313, 259.57200499044006]}, "datetime": {"datetime": "2025-08-20 12:32:26", "elapsed": 2401.287363052368, "delta": 21.72904944419861}, "costs": {"total_cost": 931.5660877466096, "time_cost": 150, "final_distance_cost": 62.91692906386492, "oscillation_cost": 281.4949282110804, "completition_cost": 333.33333333333337, "overshoot_cost": 64.93010406090379, "power_cost": 21.815535656738284, "noise_cost": 17.07525742068886, "n_waypoints_completed": 6, "tot_waypoints": 9}}
{"target": -388.44657655341257, "params": {"k_pid_pos": [0.675742095706731, 0.2771558773897953, 0.12176518357404076], "k_pid_alt": [1.0456820315778574, 0.3998868641995008, 0.03237082632487043], "k_pid_att": [57.14687879734057, 0.21584133647758222, 0.863209474370071], "k_pid_yaw": [0.5, 1e-06, 0.1], "k_pid_hsp": [1.621687689751504, 0.8568813625067543, 0.17123005534820257], "k_pid_vsp": [273.1964655059836, 286.24511086761856, 224.54772139587158]}, "datetime": {"datetime": "2025-08-20 12:32:47", "elapsed": 2422.5006079673767, "delta": 21.213244915008545}, "costs": {"total_cost": 388.44657655341257, "time_cost": 97.384, "final_distance_cost": 1.7347072111227073, "oscillation_cost": 195.61131807207806, "completition_cost": 0.0, "overshoot_cost": 57.111115696634414, "power_cost": 20.801747375488283, "noise_cost": 15.803688198089034, "n_waypoints_completed": 9, "tot_waypoints": 9}}
{"target": -559.277292665605, "params": {"k_pid_pos": [1.7053964132145558, 0.9443683747802565, 0.6107780759755732], "k_pid_alt": [1.8723856084317472, 0.7073979139622091, 0.10799889841811727], "k_pid_att": [65.25715431276879, 1.3508168430351026, 0.11965029270807404], "k_pid_yaw": [0.5, 1e-06, 0.1], "k_pid_hsp": [2.417737555832032, 0.7129030260735225, 0.07299557218433617], "k_pid_vsp": [313.9657233761282, 253.31302413018213, 69.91659825965291]}, "datetime": {"datetime": "2025-08-20 12:33:09", "elapsed": 2444.502166032791, "delta": 22.00155806541443}, "costs": {"total_cost": 559.277292665605, "time_cost": 150, "final_distance_cost": 10.254728817219888, "oscillation_cost": 191.7433692053234, "completition_cost": 111.11111111111116, "overshoot_cost": 59.42413195604149, "power_cost": 20.287032666015627, "noise_cost": 16.456918909893393, "n_waypoints_completed": 8, "tot_waypoints": 9}}
{"target": -846.7842806319262, "params": {"k_pid_pos": [1.2166633659946344, 0.033451936886767064, 0.2267883602891182], "k_pid_alt": [1.5347482281277878, 0.40785753553709847, 0.7265428101419001], "k_pid_att": [95.08135838539822, 2.122092029315493, 0.004290388610064366], "k_pid_yaw": [0.5, 1e-06, 0.1], "k_pid_hsp": [1.900800280070438, 0.36188708367123745, 0.07075092800593286], "k_pid_vsp": [134.1394180996383, 336.24916890419894, 301.63364723249384]}, "datetime": {"datetime": "2025-08-20 12:33:31", "elapsed": 2466.242875814438, "delta": 21.74070978164673}, "costs": {"total_cost": 846.7842806319262, "time_cost": 150, "final_distance_cost": 75.77737266185328, "oscillation_cost": 300.1491162872345, "completition_cost": 222.2222222222222, "overshoot_cost": 57.20253022443608, "power_cost": 23.379348254394532, "noise_cost": 18.05369098178566, "n_waypoints_completed": 7, "tot_waypoints": 9}}
{"target": -441.7852746560394, "params": {"k_pid_pos": [1.8340281731220462, 0.7163178733814385, 0.2282519425596674], "k_pid_alt": [0.9302737120402531, 0.38480252211450394, 0.13199336722967148], "k_pid_att": [20.789989252038986, 3.8486047302903414, 0.5293113559594259], "k_pid_yaw": [0.5, 1e-06, 0.1], "k_pid_hsp": [3.454809236738203, 0.40413145628831326, 0.027456488404735135], "k_pid_vsp": [137.95455648551896, 300.6055989556985, 111.70805889053577]}, "datetime": {"datetime": "2025-08-20 12:33:53", "elapsed": 2487.9597635269165, "delta": 21.716887712478638}, "costs": {"total_cost": 441.7852746560394, "time_cost": 150, "final_distance_cost": 3.2308729326001253, "oscillation_cost": 80.5228358662919, "completition_cost": 111.11111111111116, "overshoot_cost": 58.80676235507207, "power_cost": 21.52071844482422, "noise_cost": 16.592973946139928, "n_waypoints_completed": 8, "tot_waypoints": 9}}
{"target": -853.8267865669998, "params": {"k_pid_pos": [1.5155279952305736, 0.37679875454456824, 0.5585103404981838], "k_pid_alt": [0.9938940314126425, 0.25847731000696317, 0.32172740554096624], "k_pid_att": [69.53317142985664, 5.906475591494649, 0.3207518158563045], "k_pid_yaw": [0.5, 1e-06, 0.1], "k_pid_hsp": [2.099954810593218, 0.560526949171944, 0.6422535593591514], "k_pid_vsp": [269.6238006608454, 167.4567022329885, 74.51509401135287]}, "datetime": {"datetime": "2025-08-20 12:34:15", "elapsed": 2510.0393102169037, "delta": 22.079546689987183}, "costs": {"total_cost": 853.8267865669998, "time_cost": 150, "final_distance_cost": 80.13210639281753, "oscillation_cost": 201.2164149887902, "completition_cost": 333.33333333333337, "overshoot_cost": 52.08559212692978, "power_cost": 21.27780603027344, "noise_cost": 15.781533694855398, "n_waypoints_completed": 6, "tot_waypoints": 9}}
{"target": -1374.945100045831, "params": {"k_pid_pos": [1.3657093058659853, 0.45048059619155745, 0.07868341815457125], "k_pid_alt": [1.5275249166863476, 0.7563677266240175, 0.45791123964156555], "k_pid_att": [18.266282609442285, 8.009483921851272, 0.8756505009428083], "k_pid_yaw": [0.5, 1e-06, 0.1], "k_pid_hsp": [5.382287648440028, 0.4292276881148376, 0.06385933955559431], "k_pid_vsp": [26.349459442227953, 351.89871245266295, 262.8894063292211]}, "datetime": {"datetime": "2025-08-20 12:34:36", "elapsed": 2531.4469799995422, "delta": 21.40766978263855}, "costs": {"total_cost": 1374.945100045831, "time_cost": 150, "final_distance_cost": 226.44931961677108, "oscillation_cost": 50.045927878528424, "completition_cost": 777.7777777777778, "overshoot_cost": 127.15935139656312, "power_cost": 21.469112683105468, "noise_cost": 22.043610693085018, "n_waypoints_completed": 2, "tot_waypoints": 9}}
{"target": -461.2359635613057, "params": {"k_pid_pos": [1.6156813757981157, 0.18713337742520186, 0.8903681324491495], "k_pid_alt": [1.6213378667581009, 0.6925811615520647, 0.44237353293301596], "k_pid_att": [89.85022272186247, 5.470535640882552, 0.1758637507257007], "k_pid_yaw": [0.5, 1e-06, 0.1], "k_pid_hsp": [5.335245433930641, 0.3724593556350274, 0.4809675286688432], "k_pid_vsp": [349.1205128335043, 388.33701474851637, 257.67313161149906]}, "datetime": {"datetime": "2025-08-20 12:34:55", "elapsed": 2550.431646823883, "delta": 18.98466682434082}, "costs": {"total_cost": 461.2359635613057, "time_cost": 85.752, "final_distance_cost": 1.7684731216652532, "oscillation_cost": 283.25165812694917, "completition_cost": 0.0, "overshoot_cost": 54.71822712834906, "power_cost": 20.598176574707033, "noise_cost": 15.147428609635217, "n_waypoints_completed": 9, "tot_waypoints": 9}}
{"target": -1181.2025933744274, "params": {"k_pid_pos": [0.322021840894262, 0.16393979005740333, 0.7058114892098378], "k_pid_alt": [0.42575574763192403, 0.7014929868736888, 0.9882310039844039], "k_pid_att": [88.6135430412575, 5.427490292055152, 0.871414020513698], "k_pid_yaw": [0.5, 1e-06, 0.1], "k_pid_hsp": [5.868214312314731, 0.4367745281965344, 0.44220990973045826], "k_pid_vsp": [243.7536615488728, 155.46890754923578, 124.60089038248088]}, "datetime": {"datetime": "2025-08-20 12:35:17", "elapsed": 2571.9910686016083, "delta": 21.55942177772522}, "costs": {"total_cost": 1181.2025933744274, "time_cost": 150, "final_distance_cost": 46.72151595395428, "oscillation_cost": 335.2373017214619, "completition_cost": 555.5555555555555, "overshoot_cost": 54.50688759525169, "power_cost": 21.459008056640627, "noise_cost": 17.722324491563352, "n_waypoints_completed": 4, "tot_waypoints": 9}}
{"target": -1233.3834584857052, "params": {"k_pid_pos": [0.9509358104292813, 0.48576271300644547, 0.8080977193472193], "k_pid_alt": [0.7348715774450623, 0.5294180306185197, 0.06422819359586618], "k_pid_att": [45.70066601036895, 1.5134185456851474, 0.9590044966494079], "k_pid_yaw": [0.5, 1e-06, 0.1], "k_pid_hsp": [4.745996010188478, 0.11175481944172849, 0.8665202793407224], "k_pid_vsp": [264.4452369164493, 298.13800933516023, 226.19631967374212]}, "datetime": {"datetime": "2025-08-20 12:35:38", "elapsed": 2593.3650271892548, "delta": 21.373958587646484}, "costs": {"total_cost": 1233.3834584857052, "time_cost": 150, "final_distance_cost": 53.38987307723198, "oscillation_cost": 286.79577552408176, "completition_cost": 666.6666666666667, "overshoot_cost": 39.477632810924895, "power_cost": 20.323474633789065, "noise_cost": 16.73003577301078, "n_waypoints_completed": 3, "tot_waypoints": 9}}
{"target": -415.34077523667895, "params": {"k_pid_pos": [0.7581121578845026, 0.3233874490240155, 0.35422152025184805], "k_pid_alt": [1.3611404611716906, 0.44870253520144865, 0.2723306820507829], "k_pid_att": [49.52192872111466, 6.3892511032193715, 0.024574868252056348], "k_pid_yaw": [0.5, 1e-06, 0.1], "k_pid_hsp": [5.169437306966556, 0.9868491777401968, 0.29474990927171874], "k_pid_vsp": [222.8842357559315, 17.930559921516284, 88.00790677553817]}, "datetime": {"datetime": "2025-08-20 12:35:58", "elapsed": 2612.9117612838745, "delta": 19.54673409461975}, "costs": {"total_cost": 415.34077523667895, "time_cost": 88.432, "final_distance_cost": 1.7895503751482986, "oscillation_cost": 237.1865535340863, "completition_cost": 0.0, "overshoot_cost": 53.29435609757653, "power_cost": 19.601455407714845, "noise_cost": 15.036859822152973, "n_waypoints_completed": 9, "tot_waypoints": 9}}
{"target": -1114.3362802157415, "params": {"k_pid_pos": [1.2969813500715994, 0.6034488479836125, 0.9362372673264435], "k_pid_alt": [0.7958391443677832, 0.8532246171752926, 0.18297728508355138], "k_pid_att": [57.94819813937646, 7.8076007618861425, 0.2373372731431348], "k_pid_yaw": [0.5, 1e-06, 0.1], "k_pid_hsp": [8.080159646731484, 0.5642911972031456, 0.2085163188799466], "k_pid_vsp": [156.33649917932843, 65.10452371543761, 348.672707536908]}, "datetime": {"datetime": "2025-08-20 12:36:20", "elapsed": 2634.534249305725, "delta": 21.622488021850586}, "costs": {"total_cost": 1114.3362802157415, "time_cost": 150, "final_distance_cost": 60.395562232394575, "oscillation_cost": 355.20258766895734, "completition_cost": 444.4444444444444, "overshoot_cost": 59.663783255144246, "power_cost": 23.78459296875, "noise_cost": 20.845309646051007, "n_waypoints_completed": 5, "tot_waypoints": 9}}
{"target": -961.8153075068119, "params": {"k_pid_pos": [1.3555462183751976, 0.7193967475970318, 0.022640273019696955], "k_pid_alt": [0.10587699547607965, 0.25326832858975223, 0.16359454399291107], "k_pid_att": [4.74549950106089, 1.6543121735494393, 0.604582129588417], "k_pid_yaw": [0.5, 1e-06, 0.1], "k_pid_hsp": [4.563425777678724, 0.4845637961209627, 0.9368017524599983], "k_pid_vsp": [243.7179208325267, 278.13404736338873, 226.67469155481737]}, "datetime": {"datetime": "2025-08-20 12:36:41", "elapsed": 2656.3162484169006, "delta": 21.781999111175537}, "costs": {"total_cost": 961.8153075068119, "time_cost": 150, "final_distance_cost": 38.86809331269921, "oscillation_cost": 107.45726299095332, "completition_cost": 555.5555555555555, "overshoot_cost": 66.13655770299268, "power_cost": 24.607966064453127, "noise_cost": 19.189871880158115, "n_waypoints_completed": 4, "tot_waypoints": 9}}
