{"target": -1286.568853468921, "params": {"k_pid_pos": [0.8793433860419768, 0.9747456393727184, 0.9596987648520041], "k_pid_alt": [0.4368555139599304, 0.2774531536869794, 0.40844510318710214], "k_pid_att": [79.79242881581922, 1.073014198901269, 0.3645802002957118], "k_pid_yaw": [0.5, 1e-06, 0.1], "k_pid_hsp": [4.722472028933349, 0.6773357003219403, 0.8788766351982408], "k_pid_vsp": [75.54545342857008, 130.9368928459441, 153.30516607987283]}, "datetime": {"datetime": "2025-08-20 13:43:14", "elapsed": 6649.020969867706, "delta": 27.92933416366577}, "costs": {"total_cost": 1286.568853468921, "time_cost": 150, "final_distance_cost": 91.54660114069792, "oscillation_cost": 164.22445886194072, "completition_cost": 777.7777777777778, "overshoot_cost": 63.83213343076519, "power_cost": 21.5481439453125, "noise_cost": 17.639738312426687, "n_waypoints_completed": 2, "tot_waypoints": 9}}
{"target": -303.5430581653871, "params": {"k_pid_pos": [0.6123139280875498, 0.06112800899236681, 0.011151888309791413], "k_pid_alt": [0.9812364515008745, 0.6237700859461365, 0.4640729989935849], "k_pid_att": [11.427102095910014, 9.697225748083273, 0.5828186102387763], "k_pid_yaw": [0.5, 1e-06, 0.1], "k_pid_hsp": [3.4025201357988357, 0.5918305551821994, 0.17672643378530484], "k_pid_vsp": [340.9152435687853, 347.5643597302417, 356.382763013971]}, "datetime": {"datetime": "2025-08-20 13:43:40", "elapsed": 6675.161236286163, "delta": 26.14026641845703}, "costs": {"total_cost": 303.5430581653871, "time_cost": 98.784, "final_distance_cost": 1.8473268651103312, "oscillation_cost": 108.44241431268412, "completition_cost": 0.0, "overshoot_cost": 59.72699901147756, "power_cost": 19.608524255371094, "noise_cost": 15.133793720743974, "n_waypoints_completed": 9, "tot_waypoints": 9}}
{"target": -1392.0639298230344, "params": {"k_pid_pos": [0.9559447153699314, 0.5328541899775646, 0.601644825454767], "k_pid_alt": [1.6783137776163004, 0.4479214515900286, 0.5829293177127733], "k_pid_att": [9.103600860443283, 6.764450790254455, 0.7242274273952619], "k_pid_yaw": [0.5, 1e-06, 0.1], "k_pid_hsp": [7.437043757334421, 0.14518847461857276, 0.46964929293091107], "k_pid_vsp": [52.201820359448625, 53.46825336896952, 335.22463546722054]}, "datetime": {"datetime": "2025-08-20 13:44:06", "elapsed": 6700.962816476822, "delta": 25.80158019065857}, "costs": {"total_cost": 1392.0639298230344, "time_cost": 150, "final_distance_cost": 79.1596887755702, "oscillation_cost": 246.21190968667253, "completition_cost": 777.7777777777778, "overshoot_cost": 79.70834780418674, "power_cost": 32.900349414062504, "noise_cost": 26.305856364764637, "n_waypoints_completed": 2, "tot_waypoints": 9}}
{"target": -1793.8055537494718, "params": {"k_pid_pos": [0.48786949847259464, 0.9356960139695758, 0.07533453498632248], "k_pid_alt": [1.864604930811307, 0.16146265240669877, 0.9144465921009578], "k_pid_att": [1.5147464697540691, 9.32926295235184, 0.011218176873769692], "k_pid_yaw": [0.5, 1e-06, 0.1], "k_pid_hsp": [3.7804418091835092, 0.05098269915280296, 0.10612438779992761], "k_pid_vsp": [373.88702548092635, 10.040951397896242, 189.71662126632154]}, "datetime": {"datetime": "2025-08-20 13:44:32", "elapsed": 6726.9635717868805, "delta": 26.000755310058594}, "costs": {"total_cost": 1793.8055537494718, "time_cost": 150, "final_distance_cost": 47.253042156353594, "oscillation_cost": 585.7415688293408, "completition_cost": 888.8888888888888, "overshoot_cost": 64.81107202778274, "power_cost": 34.48735456542969, "noise_cost": 22.623627281675958, "n_waypoints_completed": 1, "tot_waypoints": 9}}
{"target": -801.5096956647561, "params": {"k_pid_pos": [1.82094972620301, 0.43884971521990346, 0.5654468916599463], "k_pid_alt": [1.5071729245221128, 0.6792615109467403, 0.3305491030568969], "k_pid_att": [15.632936325626412, 4.286171215484193, 0.38575558193343273], "k_pid_yaw": [0.5, 1e-06, 0.1], "k_pid_hsp": [1.269152238785982, 0.9672945419992153, 0.004115624786654615], "k_pid_vsp": [396.1981623119161, 209.28768375699937, 356.55743624396047]}, "datetime": {"datetime": "2025-08-20 13:44:57", "elapsed": 6752.194843053818, "delta": 25.231271266937256}, "costs": {"total_cost": 801.5096956647561, "time_cost": 150, "final_distance_cost": 53.7222331495321, "oscillation_cost": 54.01924313916621, "completition_cost": 444.4444444444444, "overshoot_cost": 57.43836226245622, "power_cost": 24.69738028564453, "noise_cost": 17.188032383512823, "n_waypoints_completed": 5, "tot_waypoints": 9}}
{"target": -1104.597663680323, "params": {"k_pid_pos": [1.7900204576951886, 0.4783132757105033, 0.7726832708894108], "k_pid_alt": [1.8215183174276741, 0.8138151354723637, 0.33728433854743956], "k_pid_att": [3.1319904716550107, 7.335533652706718, 0.9561447013531551], "k_pid_yaw": [0.5, 1e-06, 0.1], "k_pid_hsp": [2.3625368903624553, 0.9340898646134529, 0.6537508521723746], "k_pid_vsp": [175.17654789938405, 111.63021112034706, 138.16584811547685]}, "datetime": {"datetime": "2025-08-20 13:45:21", "elapsed": 6775.949780464172, "delta": 23.754937410354614}, "costs": {"total_cost": 1104.597663680323, "time_cost": 150, "final_distance_cost": 28.788710209563575, "oscillation_cost": 261.1586327759111, "completition_cost": 555.5555555555555, "overshoot_cost": 67.44538365246146, "power_cost": 24.617112524414065, "noise_cost": 17.032268962417238, "n_waypoints_completed": 4, "tot_waypoints": 9}}
{"target": -1711.42044653455, "params": {"k_pid_pos": [0.7814879019071151, 0.8758821087590771, 0.18548646582449846], "k_pid_alt": [0.859002610902118, 0.9208837685460449, 0.4171423838006001], "k_pid_att": [37.77703269583742, 0.6230177788416659, 0.9413772847110612], "k_pid_yaw": [0.5, 1e-06, 0.1], "k_pid_hsp": [0.10846890421893907, 0.6112861203811275, 0.7012666008792462], "k_pid_vsp": [79.85235659012359, 171.68748206234486, 309.01383271937937]}, "datetime": {"datetime": "2025-08-20 13:45:46", "elapsed": 6801.485296010971, "delta": 25.535515546798706}, "costs": {"total_cost": 1711.42044653455, "time_cost": 150, "final_distance_cost": 88.46141165702657, "oscillation_cost": 264.7154638164291, "completition_cost": 1000.0, "overshoot_cost": 170.4472662309594, "power_cost": 19.345781872558593, "noise_cost": 18.450522957576123, "n_waypoints_completed": 0, "tot_waypoints": 9}}
{"target": -1341.7456765093707, "params": {"k_pid_pos": [0.9045761989144777, 0.8946282388424521, 0.14104832658023858], "k_pid_alt": [0.435685462782168, 0.36383486052983705, 0.2754164109079681], "k_pid_att": [37.1588634520462, 7.854977856385896, 0.9738347786688114], "k_pid_yaw": [0.5, 1e-06, 0.1], "k_pid_hsp": [1.883334322997508, 0.953764354620585, 0.03773989719413784], "k_pid_vsp": [333.7527560731777, 343.0554060996061, 382.4271861583772]}, "datetime": {"datetime": "2025-08-20 13:46:13", "elapsed": 6827.772830486298, "delta": 26.287534475326538}, "costs": {"total_cost": 1341.7456765093707, "time_cost": 150, "final_distance_cost": 46.11571680552483, "oscillation_cost": 67.9573367265783, "completition_cost": 1000.0, "overshoot_cost": 37.66287482156322, "power_cost": 23.345103076171878, "noise_cost": 16.664645079532413, "n_waypoints_completed": 0, "tot_waypoints": 9}}
{"target": -1318.8685819549212, "params": {"k_pid_pos": [0.25760970591986393, 0.31501675698401566, 0.32384357961806975], "k_pid_alt": [0.31819924490570006, 0.7556415998271605, 0.1490646984836429], "k_pid_att": [54.95011296840454, 3.3089818000037265, 0.3325707866387404], "k_pid_yaw": [0.5, 1e-06, 0.1], "k_pid_hsp": [1.142983759822844, 0.7505274459728938, 0.4320746229471081], "k_pid_vsp": [240.24365266700843, 126.16328573091987, 56.732921061742154]}, "datetime": {"datetime": "2025-08-20 13:46:39", "elapsed": 6854.0536205768585, "delta": 26.280790090560913}, "costs": {"total_cost": 1318.8685819549212, "time_cost": 150, "final_distance_cost": 85.81707356381654, "oscillation_cost": 226.54990667461354, "completition_cost": 777.7777777777778, "overshoot_cost": 44.02275967585518, "power_cost": 19.720971325683596, "noise_cost": 14.980092937174287, "n_waypoints_completed": 2, "tot_waypoints": 9}}
{"target": -1038.913906734599, "params": {"k_pid_pos": [1.5274592594915968, 0.5775316337740818, 0.24351792400235062], "k_pid_alt": [0.2856472401735086, 0.42618642594708256, 0.8075896520996917], "k_pid_att": [10.184348312982872, 3.71519069253698, 0.5848775387097945], "k_pid_yaw": [0.5, 1e-06, 0.1], "k_pid_hsp": [9.782072862525439, 0.61947872979218, 0.2945483237535357], "k_pid_vsp": [392.80372232734317, 160.97285970292543, 319.11577232394774]}, "datetime": {"datetime": "2025-08-20 13:47:06", "elapsed": 6881.399801492691, "delta": 27.34618091583252}, "costs": {"total_cost": 1038.913906734599, "time_cost": 150, "final_distance_cost": 49.31911352786926, "oscillation_cost": 191.86144070405078, "completition_cost": 555.5555555555555, "overshoot_cost": 55.07374473369586, "power_cost": 20.432418408203127, "noise_cost": 16.67163380522457, "n_waypoints_completed": 4, "tot_waypoints": 9}}
{"target": -920.3572785629103, "params": {"k_pid_pos": [0.2622336705514536, 0.19749456259431108, 0.5987719813251646], "k_pid_alt": [1.5745229401053402, 0.5347972416573767, 0.46745027594319255], "k_pid_att": [92.59079289868289, 0.9884112601913554, 0.8424802271627602], "k_pid_yaw": [0.5, 1e-06, 0.1], "k_pid_hsp": [8.574866303530094, 0.20478426505664926, 0.25904591530787013], "k_pid_vsp": [329.9713944653187, 91.05870826423453, 150.39685755662398]}, "datetime": {"datetime": "2025-08-20 13:47:31", "elapsed": 6906.440013885498, "delta": 25.040212392807007}, "costs": {"total_cost": 920.3572785629103, "time_cost": 150, "final_distance_cost": 65.99102684721588, "oscillation_cost": 391.2347556377067, "completition_cost": 222.2222222222222, "overshoot_cost": 52.95995270795391, "power_cost": 21.71013104248047, "noise_cost": 16.239190105331257, "n_waypoints_completed": 7, "tot_waypoints": 9}}
{"target": -1208.9200610567855, "params": {"k_pid_pos": [1.8797837657223233, 0.8088374408077236, 0.18826226876289365], "k_pid_alt": [1.1161935194897739, 0.38738787698595945, 0.4656483939589653], "k_pid_att": [36.18962814867014, 8.459012278148712, 0.33654461320048257], "k_pid_yaw": [0.5, 1e-06, 0.1], "k_pid_hsp": [8.79459350990339, 0.4945125509371998, 0.600269352166496], "k_pid_vsp": [186.45035585632823, 244.61379768328342, 360.38703242276006]}, "datetime": {"datetime": "2025-08-20 13:47:57", "elapsed": 6931.824340343475, "delta": 25.384326457977295}, "costs": {"total_cost": 1208.9200610567855, "time_cost": 150, "final_distance_cost": 52.32202357963118, "oscillation_cost": 227.2302206857323, "completition_cost": 666.6666666666667, "overshoot_cost": 65.82561425516556, "power_cost": 20.66579147949219, "noise_cost": 26.20974439009749, "n_waypoints_completed": 3, "tot_waypoints": 9}}
{"target": -999.5736142116837, "params": {"k_pid_pos": [0.39680755638465676, 0.8805454554566079, 0.9662617635713271], "k_pid_alt": [1.419194572603336, 0.2758364473549443, 0.32398629351693653], "k_pid_att": [19.262102586344277, 8.389702705395797, 0.9686667367998899], "k_pid_yaw": [0.5, 1e-06, 0.1], "k_pid_hsp": [0.8875862602311659, 0.8602750491508087, 0.39141336446604924], "k_pid_vsp": [379.32065079639614, 384.9464686299404, 98.98952361717643]}, "datetime": {"datetime": "2025-08-20 13:48:21", "elapsed": 6955.868386030197, "delta": 24.0440456867218}, "costs": {"total_cost": 999.5736142116837, "time_cost": 150, "final_distance_cost": 45.35091631603277, "oscillation_cost": 162.31600717995198, "completition_cost": 555.5555555555555, "overshoot_cost": 55.06413863745959, "power_cost": 18.044117724609375, "noise_cost": 13.242878798074507, "n_waypoints_completed": 4, "tot_waypoints": 9}}
{"target": -1075.6592286591838, "params": {"k_pid_pos": [0.6524880563368913, 0.8815382299844604, 0.28894721959351866], "k_pid_alt": [0.0882177432967457, 0.25873525615832027, 0.24150633644091923], "k_pid_att": [32.823444121426746, 0.8967291276375824, 0.6816337148044083], "k_pid_yaw": [0.5, 1e-06, 0.1], "k_pid_hsp": [4.08831686311192, 0.32504409051830374, 0.2513278275064088], "k_pid_vsp": [224.87754480549458, 342.4330013668552, 284.05842717746714]}, "datetime": {"datetime": "2025-08-20 13:48:45", "elapsed": 6980.226798295975, "delta": 24.358412265777588}, "costs": {"total_cost": 1075.6592286591838, "time_cost": 150, "final_distance_cost": 50.7417062896876, "oscillation_cost": 229.90887091142577, "completition_cost": 555.5555555555555, "overshoot_cost": 53.39692456159716, "power_cost": 18.71867292480469, "noise_cost": 17.337498416113025, "n_waypoints_completed": 4, "tot_waypoints": 9}}
{"target": -1092.2470113084548, "params": {"k_pid_pos": [1.4760218058063923, 0.5768056998695239, 0.4352994337353897], "k_pid_alt": [0.8236192517373357, 0.8997108296668498, 0.2536937588406184], "k_pid_att": [99.64142115710867, 5.206175745639007, 0.8640878568598087], "k_pid_yaw": [0.5, 1e-06, 0.1], "k_pid_hsp": [6.635444086453486, 0.9534537250464681, 0.7518264243523677], "k_pid_vsp": [34.64755808078963, 289.7404723745857, 340.6262551134252]}, "datetime": {"datetime": "2025-08-20 13:49:11", "elapsed": 7006.128523111343, "delta": 25.901724815368652}, "costs": {"total_cost": 1092.2470113084548, "time_cost": 150, "final_distance_cost": 39.30639679366049, "oscillation_cost": 239.57432491385387, "completition_cost": 555.5555555555555, "overshoot_cost": 69.54614582050874, "power_cost": 17.580735668945312, "noise_cost": 20.683852555930844, "n_waypoints_completed": 4, "tot_waypoints": 9}}
{"target": -1482.3062615783178, "params": {"k_pid_pos": [1.820212300137365, 0.16135331056861435, 0.6965648376176817], "k_pid_alt": [0.06931000918711194, 0.6520516392189185, 0.25248819443833304], "k_pid_att": [6.137123862692295, 6.17666214928632, 0.6111951906760246], "k_pid_yaw": [0.5, 1e-06, 0.1], "k_pid_hsp": [5.3072579539693345, 0.24943644603294957, 0.2762525486287094], "k_pid_vsp": [253.9168997712648, 105.32242169446197, 320.9746586830133]}, "datetime": {"datetime": "2025-08-20 13:49:34", "elapsed": 7029.212786197662, "delta": 23.08426308631897}, "costs": {"total_cost": 1482.3062615783178, "time_cost": 150, "final_distance_cost": 57.49945205693718, "oscillation_cost": 281.79545353285545, "completition_cost": 888.8888888888888, "overshoot_cost": 68.24957417702304, "power_cost": 20.450172131347657, "noise_cost": 15.422720791265716, "n_waypoints_completed": 1, "tot_waypoints": 9}}
{"target": -906.384576609285, "params": {"k_pid_pos": [0.6679627650368443, 0.2203269760840636, 0.37243632074356914], "k_pid_alt": [1.4145589929160727, 0.49763911000125816, 0.0578308976296944], "k_pid_att": [11.096890503401358, 6.685140860655187, 0.21046989327152943], "k_pid_yaw": [0.5, 1e-06, 0.1], "k_pid_hsp": [5.2727252615984685, 0.27914972189901177, 0.0630466480887748], "k_pid_vsp": [306.78900907079225, 60.35171697167654, 271.40988721601383]}, "datetime": {"datetime": "2025-08-20 13:49:58", "elapsed": 7052.647264003754, "delta": 23.43447780609131}, "costs": {"total_cost": 906.384576609285, "time_cost": 150, "final_distance_cost": 53.79961408791767, "oscillation_cost": 170.0801308898382, "completition_cost": 444.4444444444444, "overshoot_cost": 58.104407155733526, "power_cost": 16.755045153808595, "noise_cost": 13.200934877542526, "n_waypoints_completed": 5, "tot_waypoints": 9}}
{"target": -1092.9916668919243, "params": {"k_pid_pos": [0.20258861989124663, 0.7805712598195232, 0.10081243725176514], "k_pid_alt": [0.04628402593068426, 0.051889149529720235, 0.9518684541582472], "k_pid_att": [37.06334983730159, 7.409782929904714, 0.28159241637371424], "k_pid_yaw": [0.5, 1e-06, 0.1], "k_pid_hsp": [8.684209098586779, 0.47077812222757465, 0.7982675042935757], "k_pid_vsp": [322.0922937492908, 148.1571526252575, 215.79417940103517]}, "datetime": {"datetime": "2025-08-20 13:50:21", "elapsed": 7075.66948223114, "delta": 23.022218227386475}, "costs": {"total_cost": 1092.9916668919243, "time_cost": 150, "final_distance_cost": 59.35528014709168, "oscillation_cost": 121.79872300019811, "completition_cost": 666.6666666666667, "overshoot_cost": 54.98957495187554, "power_cost": 23.435050024414064, "noise_cost": 16.74637210167808, "n_waypoints_completed": 3, "tot_waypoints": 9}}
{"target": -854.3697980968172, "params": {"k_pid_pos": [0.4316366649748807, 0.7199977802082469, 0.1960999277133577], "k_pid_alt": [1.1222353592488927, 0.9232591645957807, 0.8481172594918002], "k_pid_att": [23.604501508555188, 6.494657777557574, 0.031383435565838336], "k_pid_yaw": [0.5, 1e-06, 0.1], "k_pid_hsp": [7.249673818093676, 0.024855886915745584, 0.6877411409937222], "k_pid_vsp": [97.42907619479935, 286.65599411225816, 51.32213683288226]}, "datetime": {"datetime": "2025-08-20 13:50:44", "elapsed": 7098.945447921753, "delta": 23.275965690612793}, "costs": {"total_cost": 854.3697980968172, "time_cost": 150, "final_distance_cost": 84.49691738166912, "oscillation_cost": 202.06622491228953, "completition_cost": 333.33333333333337, "overshoot_cost": 49.3697116306704, "power_cost": 19.29147384033203, "noise_cost": 15.812136998522803, "n_waypoints_completed": 6, "tot_waypoints": 9}}
{"target": -1531.7460468911809, "params": {"k_pid_pos": [0.01819560619846979, 0.4469162654013864, 0.9711556488323099], "k_pid_alt": [0.15321849938693766, 0.16070400748364133, 0.7894323569092608], "k_pid_att": [88.51053327978988, 7.0197727586663206, 0.018229677148869028], "k_pid_yaw": [0.5, 1e-06, 0.1], "k_pid_hsp": [9.069466922741, 0.8846547734280666, 0.2963454795117294], "k_pid_vsp": [242.53884632984924, 181.30113312732843, 346.5218972253588]}, "datetime": {"datetime": "2025-08-20 13:51:08", "elapsed": 7122.5843250751495, "delta": 23.638877153396606}, "costs": {"total_cost": 1531.7460468911809, "time_cost": 150, "final_distance_cost": 82.96502723977281, "oscillation_cost": 428.55900564451895, "completition_cost": 777.7777777777778, "overshoot_cost": 55.604813222357116, "power_cost": 20.409848864746095, "noise_cost": 16.429574142008274, "n_waypoints_completed": 2, "tot_waypoints": 9}}
{"target": -2085.1469363791684, "params": {"k_pid_pos": [0.1986204436244108, 0.09373215967662707, 0.2221804680499142], "k_pid_alt": [1.4496829341422202, 0.006839546241108274, 0.31475873900446094], "k_pid_att": [1.3002537072987375, 9.49909494091699, 0.7158280934631732], "k_pid_yaw": [0.5, 1e-06, 0.1], "k_pid_hsp": [6.686367952398956, 0.6727665721136218, 0.7338694732929532], "k_pid_vsp": [292.22146337442035, 125.38794195476724, 114.99249791926238]}, "datetime": {"datetime": "2025-08-20 13:51:31", "elapsed": 7146.302228212357, "delta": 23.71790313720703}, "costs": {"total_cost": 2085.1469363791684, "time_cost": 150, "final_distance_cost": 3.2385756180825327, "oscillation_cost": 674.8258375954082, "completition_cost": 1000.0, "overshoot_cost": 132.36438880354996, "power_cost": 35.13668685302734, "noise_cost": 89.58144750910026, "n_waypoints_completed": 0, "tot_waypoints": 9}}
{"target": -795.7536800736194, "params": {"k_pid_pos": [1.4639414917212796, 0.7889425191748618, 0.7174469780289091], "k_pid_alt": [1.0566467724258077, 0.9318382321896395, 0.9354931045907615], "k_pid_att": [77.61789187699868, 4.956970514596103, 0.04706390785731129], "k_pid_yaw": [0.5, 1e-06, 0.1], "k_pid_hsp": [0.854444624041504, 0.6142704763578536, 0.27403843821236773], "k_pid_vsp": [110.4627224132957, 347.9140562151087, 116.2059715189664]}, "datetime": {"datetime": "2025-08-20 13:51:55", "elapsed": 7170.303744316101, "delta": 24.001516103744507}, "costs": {"total_cost": 795.7536800736194, "time_cost": 150, "final_distance_cost": 68.23440323055412, "oscillation_cost": 139.67076030110033, "completition_cost": 333.33333333333337, "overshoot_cost": 58.72574194841556, "power_cost": 26.282557092285156, "noise_cost": 19.506884167930814, "n_waypoints_completed": 6, "tot_waypoints": 9}}
{"target": -806.5181393793966, "params": {"k_pid_pos": [1.1713477547785707, 0.3749338597260168, 0.7419603732027168], "k_pid_alt": [1.4498557363202271, 0.29986441419412757, 0.13483532682571042], "k_pid_att": [56.99489081430716, 8.317327649051533, 0.38149491556508464], "k_pid_yaw": [0.5, 1e-06, 0.1], "k_pid_hsp": [3.804601702824646, 0.2118567572694089, 0.7480747380000793], "k_pid_vsp": [259.189070246844, 244.98748476810536, 63.34914462088734]}, "datetime": {"datetime": "2025-08-20 13:52:19", "elapsed": 7193.971134185791, "delta": 23.66738986968994}, "costs": {"total_cost": 806.5181393793966, "time_cost": 150, "final_distance_cost": 72.25527392147019, "oscillation_cost": 280.9487653901149, "completition_cost": 222.2222222222222, "overshoot_cost": 44.944793051545396, "power_cost": 20.598614099121093, "noise_cost": 15.548470694922926, "n_waypoints_completed": 7, "tot_waypoints": 9}}
{"target": -1470.79140741975, "params": {"k_pid_pos": [1.057098377763818, 0.2440794548247266, 0.20260274626420682], "k_pid_alt": [0.5627945006433439, 0.010553793347253149, 0.7672262346224628], "k_pid_att": [73.85733321346414, 3.4242731730369127, 0.7867840349884382], "k_pid_yaw": [0.5, 1e-06, 0.1], "k_pid_hsp": [0.7493973169789925, 0.8254089895007715, 0.45469265212478893], "k_pid_vsp": [66.10452613198797, 116.97689657527218, 366.4622860411382]}, "datetime": {"datetime": "2025-08-20 13:52:48", "elapsed": 7223.383412599564, "delta": 29.412278413772583}, "costs": {"total_cost": 1470.79140741975, "time_cost": 150, "final_distance_cost": 8.62829800848383, "oscillation_cost": 108.84980380746434, "completition_cost": 1000.0, "overshoot_cost": 133.36115399047316, "power_cost": 19.039375231933594, "noise_cost": 50.91277638139523, "n_waypoints_completed": 0, "tot_waypoints": 9}}
