{"target": -1070.9241496793218, "params": {"k_pid_pos": [0.36365931841626487, 0.5067410665696248, 0.9387066847415988], "k_pid_alt": [0.40023368148942384, 0.03110045219130908, 0.16486664541095475], "k_pid_att": [34.13437767227394, 0.7849553100919727, 0.6489684864139883], "k_pid_yaw": [0.5, 1e-06, 0.1], "k_pid_hsp": [2.0272200024147837, 0.3642618894452837, 0.7408229570273377], "k_pid_vsp": [198.65789631468735, 246.0345917815528, 121.76044278141889]}, "datetime": {"datetime": "2025-08-21 06:26:36", "elapsed": 66851.4070777893, "delta": 51.40562391281128}, "costs": {"total_cost": 1070.9241496793218, "time_cost": 150, "final_distance_cost": 49.333362974972474, "oscillation_cost": 241.570666652006, "completition_cost": 555.5555555555555, "overshoot_cost": 44.146394465361865, "power_cost": 16.921145581054688, "noise_cost": 13.39702445037124, "n_waypoints_completed": 4, "tot_waypoints": 9}}
{"target": -243.77318190072222, "params": {"k_pid_pos": [0.5991560086587928, 0.665276525331162, 0.2926844358940023], "k_pid_alt": [1.9367809201493469, 0.33664881804446234, 0.04393055646492394], "k_pid_att": [42.651280540670996, 1.3601251387641398, 0.8589737288392816], "k_pid_yaw": [0.5, 1e-06, 0.1], "k_pid_hsp": [6.706243806047249, 0.33605321512024566, 0.05545544755711129], "k_pid_vsp": [286.3876229542497, 74.57805086848084, 43.74775623472679]}, "datetime": {"datetime": "2025-08-21 06:27:16", "elapsed": 66891.49330544472, "delta": 40.08622765541077}, "costs": {"total_cost": 243.77318190072222, "time_cost": 86.504, "final_distance_cost": 1.7686193073962395, "oscillation_cost": 72.29351972088227, "completition_cost": 0.0, "overshoot_cost": 51.32261467394926, "power_cost": 17.88530567626953, "noise_cost": 13.999122522224914, "n_waypoints_completed": 9, "tot_waypoints": 9}}
{"target": -336.38567659499944, "params": {"k_pid_pos": [2.0, 0.23270488586300667, 1.0], "k_pid_alt": [0.7495121891005727, 0.0, 0.0], "k_pid_att": [39.40710121881888, 6.586215603803909, 0.0], "k_pid_yaw": [0.5, 1e-06, 0.1], "k_pid_hsp": [7.389419354697357, 0.0, 0.0], "k_pid_vsp": [313.1281055768905, 42.871617427718135, 63.697483496476245]}, "datetime": {"datetime": "2025-08-21 06:27:56", "elapsed": 66930.88445329666, "delta": 39.39114785194397}, "costs": {"total_cost": 336.38567659499944, "time_cost": 71.944, "final_distance_cost": 1.8334113528897669, "oscillation_cost": 177.80299016817116, "completition_cost": 0.0, "overshoot_cost": 51.10797583271038, "power_cost": 19.347144567871094, "noise_cost": 14.350154673357011, "n_waypoints_completed": 9, "tot_waypoints": 9}}
{"target": -789.4947424602752, "params": {"k_pid_pos": [0.9075142701670529, 0.7208778101145513, 0.11531784869477157], "k_pid_alt": [0.4156436047726648, 0.24889207148264314, 0.9966687791354503], "k_pid_att": [36.22440046254874, 5.357676832752576, 0.6189217671398359], "k_pid_yaw": [0.5, 1e-06, 0.1], "k_pid_hsp": [5.592249875663932, 0.24854732392472334, 0.9180736807352052], "k_pid_vsp": [102.19072697782514, 60.62071102044702, 28.72945437094353]}, "datetime": {"datetime": "2025-08-21 06:28:45", "elapsed": 66980.49271798134, "delta": 49.608264684677124}, "costs": {"total_cost": 789.4947424602752, "time_cost": 150, "final_distance_cost": 81.50446746747234, "oscillation_cost": 133.06901285516952, "completition_cost": 333.33333333333337, "overshoot_cost": 52.063049713770646, "power_cost": 22.554524462890626, "noise_cost": 16.970354627638685, "n_waypoints_completed": 6, "tot_waypoints": 9}}
{"target": -1754.4071854399328, "params": {"k_pid_pos": [0.0001, 0.0, 1.0], "k_pid_alt": [0.0, 0.0, 0.0], "k_pid_att": [16.02180353862002, 6.371742068226797, 0.0], "k_pid_yaw": [0.5, 1e-06, 0.1], "k_pid_hsp": [6.622861212697382, 1.0, 0.0], "k_pid_vsp": [359.66952520855983, 125.68543536088802, 40.113356734007965]}, "datetime": {"datetime": "2025-08-21 06:29:31", "elapsed": 67025.90223836899, "delta": 45.409520387649536}, "costs": {"total_cost": 1754.4071854399328, "time_cost": 150, "final_distance_cost": 10.78393836561863, "oscillation_cost": 394.1865845605841, "completition_cost": 1000.0, "overshoot_cost": 138.57141654439005, "power_cost": 9.548732690429688, "noise_cost": 51.316513278910335, "n_waypoints_completed": 0, "tot_waypoints": 9}}
{"target": -207.7815453857553, "params": {"k_pid_pos": [2.0, 0.000345428267747644, 0.26835936965626894], "k_pid_alt": [1.279385317708529, 0.0, 1.0], "k_pid_att": [33.57920071801476, 3.4325396680559344, 1.0], "k_pid_yaw": [0.5, 1e-06, 0.1], "k_pid_hsp": [3.9561894220972103, 1.0, 0.0], "k_pid_vsp": [288.9166466598103, 271.49200792877286, 133.83242167996448]}, "datetime": {"datetime": "2025-08-21 06:30:11", "elapsed": 67065.81723713875, "delta": 39.91499876976013}, "costs": {"total_cost": 207.7815453857553, "time_cost": 71.88, "final_distance_cost": 1.8499664681630437, "oscillation_cost": 52.54430594445805, "completition_cost": 0.0, "overshoot_cost": 50.195293101420525, "power_cost": 18.11508723144531, "noise_cost": 13.196892640268375, "n_waypoints_completed": 9, "tot_waypoints": 9}}
{"target": -315.82496561253936, "params": {"k_pid_pos": [2.0, 1.0, 0.0], "k_pid_alt": [2.0, 0.0, 0.0], "k_pid_att": [15.934732581264303, 7.531032534508217, 1.0], "k_pid_yaw": [0.5, 1e-06, 0.1], "k_pid_hsp": [4.372644033214298, 0.0, 1.0], "k_pid_vsp": [365.2144329262375, 123.34565645834472, 39.3737547684071]}, "datetime": {"datetime": "2025-08-21 06:31:03", "elapsed": 67117.95841526985, "delta": 52.141178131103516}, "costs": {"total_cost": 315.82496561253936, "time_cost": 96.184, "final_distance_cost": 1.7094562734778465, "oscillation_cost": 108.21720748370583, "completition_cost": 0.0, "overshoot_cost": 73.60394981862451, "power_cost": 19.81853768310547, "noise_cost": 16.2918143536257, "n_waypoints_completed": 9, "tot_waypoints": 9}}
{"target": -637.8265660728304, "params": {"k_pid_pos": [1.5165430972173732, 0.6810677717304936, 0.5074864534667284], "k_pid_alt": [0.6303220886809044, 0.12983221046646387, 0.11764154214308042], "k_pid_att": [71.05562250981652, 4.4798949574117595, 0.03081770133381745], "k_pid_yaw": [0.5, 1e-06, 0.1], "k_pid_hsp": [5.752124167174756, 0.12069710461294447, 0.3072276904429516], "k_pid_vsp": [280.6524661242799, 19.957668509448617, 4.705958467621864]}, "datetime": {"datetime": "2025-08-21 06:31:46", "elapsed": 67160.84340834618, "delta": 42.88499307632446}, "costs": {"total_cost": 637.8265660728304, "time_cost": 150, "final_distance_cost": 32.76798324347528, "oscillation_cost": 253.97142628191634, "completition_cost": 111.11111111111116, "overshoot_cost": 52.775634882700416, "power_cost": 20.718860974121096, "noise_cost": 16.481549579506122, "n_waypoints_completed": 8, "tot_waypoints": 9}}
{"target": -843.3457417528067, "params": {"k_pid_pos": [0.46008459385902767, 0.7738483185710576, 0.3392882035158795], "k_pid_alt": [0.5717482583287437, 0.3304986145562733, 0.33200384402966787], "k_pid_att": [24.915384138533536, 3.818690660455314, 0.5240945501637152], "k_pid_yaw": [0.5, 1e-06, 0.1], "k_pid_hsp": [5.377439012378476, 0.3975807568663141, 0.9809819369715242], "k_pid_vsp": [124.91056476152775, 147.18667080302384, 3.005550157014792]}, "datetime": {"datetime": "2025-08-21 06:32:38", "elapsed": 67213.05306792259, "delta": 52.209659576416016}, "costs": {"total_cost": 843.3457417528067, "time_cost": 150, "final_distance_cost": 72.05488589932246, "oscillation_cost": 196.05335349160583, "completition_cost": 333.33333333333337, "overshoot_cost": 54.50064933810476, "power_cost": 20.272601989746093, "noise_cost": 17.13091770069407, "n_waypoints_completed": 6, "tot_waypoints": 9}}
{"target": -938.8675879605065, "params": {"k_pid_pos": [2.0, 7.152459354734571e-06, 0.10339158576071711], "k_pid_alt": [1.346613154032261, 0.0, 1.0], "k_pid_att": [33.78730442273395, 5.596828149062009, 1.0], "k_pid_yaw": [0.5, 1e-06, 0.1], "k_pid_hsp": [0.1981021993641763, 1.0, 0.0], "k_pid_vsp": [289.8404904938386, 270.55843258797915, 134.4809555243582]}, "datetime": {"datetime": "2025-08-21 06:33:23", "elapsed": 67258.50112485886, "delta": 45.44805693626404}, "costs": {"total_cost": 938.8675879605065, "time_cost": 150, "final_distance_cost": 46.359735810585626, "oscillation_cost": 95.85003733964199, "completition_cost": 555.5555555555555, "overshoot_cost": 53.05251101755267, "power_cost": 22.77920654296875, "noise_cost": 15.270541694202034, "n_waypoints_completed": 4, "tot_waypoints": 9}}
{"target": -247.4866402952464, "params": {"k_pid_pos": [1.2582379828855423, 0.834223885611918, 0.0], "k_pid_alt": [2.0, 0.0, 0.0], "k_pid_att": [33.234297721574, 1.3907571067856657, 0.0], "k_pid_yaw": [0.5, 1e-06, 0.1], "k_pid_hsp": [6.2422923272418, 0.0, 0.0], "k_pid_vsp": [331.1439443499793, 204.64544546925652, 33.38966710120108]}, "datetime": {"datetime": "2025-08-21 06:34:21", "elapsed": 67316.37615203857, "delta": 57.87502717971802}, "costs": {"total_cost": 247.4866402952464, "time_cost": 79.328, "final_distance_cost": 1.7206894203820609, "oscillation_cost": 80.69566742730234, "completition_cost": 0.0, "overshoot_cost": 58.432695575258066, "power_cost": 15.13988856201172, "noise_cost": 12.1696993102922, "n_waypoints_completed": 9, "tot_waypoints": 9}}
{"target": -214.49385958703496, "params": {"k_pid_pos": [2.0, 0.34718408122573785, 0.45313711341100665], "k_pid_alt": [0.8740762905827631, 0.0, 1.0], "k_pid_att": [35.63250886031759, 0.12156980844025439, 0.9339697377175348], "k_pid_yaw": [0.5, 1e-06, 0.1], "k_pid_hsp": [3.592841339801969, 0.9753080672902716, 0.0], "k_pid_vsp": [287.21221252661724, 272.5817688874464, 135.09261033881054]}, "datetime": {"datetime": "2025-08-21 06:34:56", "elapsed": 67350.91650676727, "delta": 34.54035472869873}, "costs": {"total_cost": 214.49385958703496, "time_cost": 78.848, "final_distance_cost": 1.8603514508386256, "oscillation_cost": 55.269891417439545, "completition_cost": 0.0, "overshoot_cost": 50.06957128999199, "power_cost": 15.981809863281251, "noise_cost": 12.46423556548356, "n_waypoints_completed": 9, "tot_waypoints": 9}}
{"target": -579.6425215471436, "params": {"k_pid_pos": [1.017064715759504, 0.076992973053714, 0.3617430750748758], "k_pid_alt": [1.2458426223444747, 0.14942638413341192, 0.46584688963158705], "k_pid_att": [10.031004764974982, 6.521213761881184, 0.6399025562491125], "k_pid_yaw": [0.5, 1e-06, 0.1], "k_pid_hsp": [3.0069120025180354, 0.5750406824399288, 0.9706403811117177], "k_pid_vsp": [22.531146305389704, 312.33527640476365, 30.785103639107934]}, "datetime": {"datetime": "2025-08-21 06:35:40", "elapsed": 67394.9239897728, "delta": 44.00748300552368}, "costs": {"total_cost": 579.6425215471436, "time_cost": 150, "final_distance_cost": 7.091491944376468, "oscillation_cost": 218.41153216425997, "completition_cost": 111.11111111111116, "overshoot_cost": 58.424130021524455, "power_cost": 19.89448365478516, "noise_cost": 14.709772651086343, "n_waypoints_completed": 8, "tot_waypoints": 9}}
{"target": -651.7777900718575, "params": {"k_pid_pos": [0.8829261792994899, 0.5181003609273134, 0.5770585123779933], "k_pid_alt": [0.5173952183730477, 0.6205099966266123, 0.16543850657588488], "k_pid_att": [36.453914125397915, 5.023601349171601, 0.27672765155705625], "k_pid_yaw": [0.5, 1e-06, 0.1], "k_pid_hsp": [5.943592376570139, 0.6516419163765901, 0.4762067940114446], "k_pid_vsp": [67.87432051122022, 340.35251519774965, 57.48077218237239]}, "datetime": {"datetime": "2025-08-21 06:36:20", "elapsed": 67435.18968939781, "delta": 40.26569962501526}, "costs": {"total_cost": 651.7777900718575, "time_cost": 150, "final_distance_cost": 46.57441624790502, "oscillation_cost": 254.59438890657594, "completition_cost": 111.11111111111116, "overshoot_cost": 54.82108067484344, "power_cost": 19.8066544921875, "noise_cost": 14.870138639234419, "n_waypoints_completed": 8, "tot_waypoints": 9}}
{"target": -930.8927450652166, "params": {"k_pid_pos": [0.6202269538649209, 0.3817654418673554, 0.4371270612154411], "k_pid_alt": [1.8768708803724263, 0.5542521436890283, 0.2300918212894405], "k_pid_att": [17.793459521016874, 7.420082661530648, 0.5352941332725117], "k_pid_yaw": [0.5, 1e-06, 0.1], "k_pid_hsp": [0.9503764475477973, 0.5472647379540144, 0.7022059833995495], "k_pid_vsp": [22.65385257410881, 340.752832566059, 16.14584304663107]}, "datetime": {"datetime": "2025-08-21 06:37:09", "elapsed": 67484.154971838, "delta": 48.96528244018555}, "costs": {"total_cost": 930.8927450652166, "time_cost": 150, "final_distance_cost": 52.81272511255707, "oscillation_cost": 311.1335438995404, "completition_cost": 333.33333333333337, "overshoot_cost": 48.06226858496298, "power_cost": 20.56792088623047, "noise_cost": 14.982953248592198, "n_waypoints_completed": 6, "tot_waypoints": 9}}
{"target": -872.4323930772694, "params": {"k_pid_pos": [1.1934802641362514, 0.0, 1.0], "k_pid_alt": [1.0904162249372669, 0.15993446260947217, 0.8998860521674893], "k_pid_att": [4.631931653160541, 8.146044044867645, 0.8925875067838415], "k_pid_yaw": [0.5, 1e-06, 0.1], "k_pid_hsp": [10.0, 0.0, 0.8138602417237184], "k_pid_vsp": [304.3181254812656, 195.78157233764054, 106.7242371620069]}, "datetime": {"datetime": "2025-08-21 06:37:56", "elapsed": 67531.25496077538, "delta": 47.09998893737793}, "costs": {"total_cost": 872.4323930772694, "time_cost": 150, "final_distance_cost": 74.09637712500077, "oscillation_cost": 231.80222782824293, "completition_cost": 333.33333333333337, "overshoot_cost": 47.43859169778442, "power_cost": 21.05707996826172, "noise_cost": 14.704783124646086, "n_waypoints_completed": 6, "tot_waypoints": 9}}
{"target": -434.3409544732508, "params": {"k_pid_pos": [0.6753614319044474, 0.054834298906426104, 0.06834385018142997], "k_pid_alt": [1.3844315410344235, 0.748282065040524, 0.7440561843852491], "k_pid_att": [41.68234316208527, 2.015129632341767, 0.2834548172555701], "k_pid_yaw": [0.5, 1e-06, 0.1], "k_pid_hsp": [7.228635099587206, 0.12552809774464568, 0.7605919510717377], "k_pid_vsp": [295.1970847381703, 71.29590798091111, 43.38438735592699]}, "datetime": {"datetime": "2025-08-21 06:38:54", "elapsed": 67588.81200933456, "delta": 57.55704855918884}, "costs": {"total_cost": 434.3409544732508, "time_cost": 88.24, "final_distance_cost": 1.7396987137441058, "oscillation_cost": 257.78518595471854, "completition_cost": 0.0, "overshoot_cost": 53.8525884877105, "power_cost": 18.540537890625, "noise_cost": 14.182943426452722, "n_waypoints_completed": 9, "tot_waypoints": 9}}
{"target": -342.5572702720153, "params": {"k_pid_pos": [1.3592377275825753, 0.16736460051313196, 0.08483361849874817], "k_pid_alt": [1.0218072377680798, 9.658662456665531e-05, 0.8449045335346966], "k_pid_att": [45.932094277059534, 5.688342723995334, 0.6856850852617822], "k_pid_yaw": [0.5, 1e-06, 0.1], "k_pid_hsp": [6.278099509994138, 0.7342560452537417, 0.4488112630476271], "k_pid_vsp": [148.61254777909957, 46.8427214543465, 35.824534453726514]}, "datetime": {"datetime": "2025-08-21 06:39:28", "elapsed": 67622.81345272064, "delta": 34.00144338607788}, "costs": {"total_cost": 342.5572702720153, "time_cost": 76.384, "final_distance_cost": 1.8495888566512586, "oscillation_cost": 184.13097377904364, "completition_cost": 0.0, "overshoot_cost": 51.47771661414145, "power_cost": 15.576273974609375, "noise_cost": 13.138717047569571, "n_waypoints_completed": 9, "tot_waypoints": 9}}
{"target": -384.9603442264967, "params": {"k_pid_pos": [1.401175901635327, 0.3755326469535121, 1.0], "k_pid_alt": [1.1052617291043842, 0.3733490020123652, 0.9714258462900252], "k_pid_att": [6.219182768468666, 7.119955227530629, 0.40231276182439374], "k_pid_yaw": [0.5, 1e-06, 0.1], "k_pid_hsp": [10.0, 0.48402667439957536, 0.5794132833370278], "k_pid_vsp": [272.7571579695407, 361.6976983083931, 24.10914693884037]}, "datetime": {"datetime": "2025-08-21 06:40:27", "elapsed": 67682.44014835358, "delta": 59.62669563293457}, "costs": {"total_cost": 384.9603442264967, "time_cost": 95.056, "final_distance_cost": 1.7643180058797803, "oscillation_cost": 202.69907093168803, "completition_cost": 0.0, "overshoot_cost": 54.30290647429556, "power_cost": 17.801004309082032, "noise_cost": 13.337044505551333, "n_waypoints_completed": 9, "tot_waypoints": 9}}
{"target": -968.356642147558, "params": {"k_pid_pos": [0.5991152001395815, 0.9147839271609935, 0.6253522570929424], "k_pid_alt": [0.9259779778045294, 0.3952945908511709, 0.08563854558444883], "k_pid_att": [62.89631401181286, 8.851288886794915, 0.21610206263435305], "k_pid_yaw": [0.5, 1e-06, 0.1], "k_pid_hsp": [7.471164345035371, 0.08929826449831368, 0.586621992527225], "k_pid_vsp": [44.296690514426594, 349.9981571485537, 140.14590628040176]}, "datetime": {"datetime": "2025-08-21 06:41:11", "elapsed": 67726.16092395782, "delta": 43.72077560424805}, "costs": {"total_cost": 968.356642147558, "time_cost": 150, "final_distance_cost": 48.790239116557984, "oscillation_cost": 238.08128530897494, "completition_cost": 444.4444444444444, "overshoot_cost": 46.4226364772185, "power_cost": 22.995284399414064, "noise_cost": 17.622752400948173, "n_waypoints_completed": 5, "tot_waypoints": 9}}
{"target": -631.0593136488287, "params": {"k_pid_pos": [1.2634549273012277, 0.1394822455054299, 0.058197890005835425], "k_pid_alt": [1.4200795722950112, 0.8382449048392828, 0.12845242948679192], "k_pid_att": [60.04188457697925, 0.0001, 0.9849134309864144], "k_pid_yaw": [0.5, 1e-06, 0.1], "k_pid_hsp": [3.9115170731590774, 1.0, 0.5686535112939988], "k_pid_vsp": [272.26679620385, 285.41264205689816, 220.7612406188355]}, "datetime": {"datetime": "2025-08-21 06:41:54", "elapsed": 67769.1920158863, "delta": 43.031091928482056}, "costs": {"total_cost": 631.0593136488287, "time_cost": 150, "final_distance_cost": 46.43795638669729, "oscillation_cost": 230.671875127469, "completition_cost": 111.11111111111116, "overshoot_cost": 56.7595071643895, "power_cost": 20.044787170410157, "noise_cost": 16.034076688751636, "n_waypoints_completed": 8, "tot_waypoints": 9}}
{"target": -1369.8144657809453, "params": {"k_pid_pos": [0.0220848739573398, 0.09806074415145727, 0.05636612324402912], "k_pid_alt": [1.1078915889399505, 0.7029538913740394, 0.9974054381976508], "k_pid_att": [38.44605202543314, 4.503033004419842, 0.8179609739979934], "k_pid_yaw": [0.5, 1e-06, 0.1], "k_pid_hsp": [4.123657900976449, 0.19769283814999639, 0.3648787397415547], "k_pid_vsp": [294.28863221550694, 68.98257753306419, 46.5971026801437]}, "datetime": {"datetime": "2025-08-21 06:42:43", "elapsed": 67817.82824206352, "delta": 48.636226177215576}, "costs": {"total_cost": 1369.8144657809453, "time_cost": 150, "final_distance_cost": 81.27811281184844, "oscillation_cost": 264.04204119759174, "completition_cost": 777.7777777777778, "overshoot_cost": 64.01928022253898, "power_cost": 18.47203973388672, "noise_cost": 14.225214037301717, "n_waypoints_completed": 2, "tot_waypoints": 9}}
{"target": -1652.7231977894612, "params": {"k_pid_pos": [0.0001, 0.0, 1.0], "k_pid_alt": [0.0, 1.0, 0.0], "k_pid_att": [56.6321270006676, 9.222567185093107, 0.0], "k_pid_yaw": [0.5, 1e-06, 0.1], "k_pid_hsp": [6.4959758854035154, 0.0, 0.0], "k_pid_vsp": [62.109435355784264, 189.32708237289594, 95.0595332621525]}, "datetime": {"datetime": "2025-08-21 06:43:35", "elapsed": 67870.27487754822, "delta": 52.446635484695435}, "costs": {"total_cost": 1652.7231977894612, "time_cost": 150, "final_distance_cost": 32.38479757209024, "oscillation_cost": 388.5940139138985, "completition_cost": 1000.0, "overshoot_cost": 45.512246982164996, "power_cost": 20.27990147705078, "noise_cost": 15.952237844256823, "n_waypoints_completed": 0, "tot_waypoints": 9}}
{"target": -874.3997631812948, "params": {"k_pid_pos": [2.0, 0.0, 1.0], "k_pid_alt": [2.0, 1.0, 1.0], "k_pid_att": [69.16252979790785, 2.781884140164739, 1.0], "k_pid_yaw": [0.5, 1e-06, 0.1], "k_pid_hsp": [4.789021185255481, 1.0, 1.0], "k_pid_vsp": [247.09628203845227, 267.18051067034, 269.2567977310587]}, "datetime": {"datetime": "2025-08-21 06:44:25", "elapsed": 67919.56228160858, "delta": 49.28740406036377}, "costs": {"total_cost": 874.3997631812948, "time_cost": 150, "final_distance_cost": 62.69545141203867, "oscillation_cost": 234.7676008125764, "completition_cost": 333.33333333333337, "overshoot_cost": 53.85946474951008, "power_cost": 23.066456994628908, "noise_cost": 16.67745587920738, "n_waypoints_completed": 6, "tot_waypoints": 9}}
{"target": -234.6558019056921, "params": {"k_pid_pos": [0.9410635136483472, 0.13433076156993862, 0.9588918135319301], "k_pid_alt": [1.8215019462749527, 0.3506036729745775, 0.4353639570270086], "k_pid_att": [15.805888353237851, 5.034063426217148, 0.9874175362388997], "k_pid_yaw": [0.5, 1e-06, 0.1], "k_pid_hsp": [4.9912865864166625, 0.7398882344528034, 0.04777176619206447], "k_pid_vsp": [362.42171969855724, 47.56964477694768, 68.6078912891791]}, "datetime": {"datetime": "2025-08-21 06:45:14", "elapsed": 67968.63263869286, "delta": 49.07035708427429}, "costs": {"total_cost": 234.6558019056921, "time_cost": 84.824, "final_distance_cost": 1.7879516094926537, "oscillation_cost": 68.36931397524275, "completition_cost": 0.0, "overshoot_cost": 52.24095750230101, "power_cost": 15.181828881835939, "noise_cost": 12.251749936819758, "n_waypoints_completed": 9, "tot_waypoints": 9}}
{"target": -337.43275068311027, "params": {"k_pid_pos": [1.0180853058195867, 0.0, 0.6927932829932572], "k_pid_alt": [1.2834876963071529, 0.0, 0.0], "k_pid_att": [38.574476319922994, 10.0, 1.0], "k_pid_yaw": [0.5, 1e-06, 0.1], "k_pid_hsp": [9.384393546919883, 1.0, 1.0], "k_pid_vsp": [177.92793389247788, 51.23488331594453, 17.685670527224136]}, "datetime": {"datetime": "2025-08-21 06:45:45", "elapsed": 68000.48056149483, "delta": 31.847922801971436}, "costs": {"total_cost": 337.43275068311027, "time_cost": 78.912, "final_distance_cost": 1.843935467770473, "oscillation_cost": 178.30236374074187, "completition_cost": 0.0, "overshoot_cost": 51.272378697043166, "power_cost": 13.98195614013672, "noise_cost": 13.120116637417995, "n_waypoints_completed": 9, "tot_waypoints": 9}}
