{"target": -1301.8823828967043, "params": {"k_pid_pos": [0.08760320577030162, 0.6779427720382942, 0.4256333594470152], "k_pid_alt": [0.14724453253138292, 0.5909988831232079, 0.7273257299679105], "k_pid_att": [66.79049928535355, 3.938748270822485, 0.8637674137413424], "k_pid_yaw": [0.5, 1e-06, 0.1], "k_pid_hsp": [5.217831265061548, 0.4493456714261056, 0.07617558987740203], "k_pid_vsp": [266.08622571613796, 245.14697196430689, 36.57662597840897]}, "datetime": {"datetime": "2025-08-20 19:21:29", "elapsed": 26943.651923894882, "delta": 26.923574686050415}, "costs": {"total_cost": 1301.8823828967043, "time_cost": 150, "final_distance_cost": 65.46493436925535, "oscillation_cost": 127.24216711265176, "completition_cost": 888.8888888888888, "overshoot_cost": 32.268037042889354, "power_cost": 21.542573950195315, "noise_cost": 16.475781532823824, "n_waypoints_completed": 1, "tot_waypoints": 9}}
{"target": -1591.5122381854726, "params": {"k_pid_pos": [0.4181130717974583, 0.4119021687585084, 0.10572376785936899], "k_pid_alt": [1.498243638014711, 0.2585587322122186, 0.38911694714176537], "k_pid_att": [61.840908839011355, 8.551868645235814, 0.01340334891638073], "k_pid_yaw": [0.5, 1e-06, 0.1], "k_pid_hsp": [0.01311157657512617, 0.6429398972567362, 0.43214016520500265], "k_pid_vsp": [135.94334746227184, 262.2349985207174, 278.74667362495603]}, "datetime": {"datetime": "2025-08-20 19:21:55", "elapsed": 26970.42417860031, "delta": 26.772254705429077}, "costs": {"total_cost": 1591.5122381854726, "time_cost": 150, "final_distance_cost": 90.83708330692431, "oscillation_cost": 450.8546683197467, "completition_cost": 777.7777777777778, "overshoot_cost": 83.43254225705198, "power_cost": 21.6618943359375, "noise_cost": 16.94827218803426, "n_waypoints_completed": 2, "tot_waypoints": 9}}
{"target": -1477.222084876527, "params": {"k_pid_pos": [1.7897925030248452, 0.9642356268109454, 0.12754202016310856], "k_pid_alt": [0.3120176506506862, 0.22490815394586572, 0.2699329604914348], "k_pid_att": [99.33451611928064, 2.1970562004338348, 0.9130766638717793], "k_pid_yaw": [0.5, 1e-06, 0.1], "k_pid_hsp": [8.634183851598486, 0.727797359440214, 0.3183587346360458], "k_pid_vsp": [17.89034582883522, 209.52286764986508, 375.50768241071586]}, "datetime": {"datetime": "2025-08-20 19:22:22", "elapsed": 26997.288312911987, "delta": 26.864134311676025}, "costs": {"total_cost": 1477.222084876527, "time_cost": 150, "final_distance_cost": 13.26412932221348, "oscillation_cost": 86.57216169096434, "completition_cost": 1000.0, "overshoot_cost": 137.99364853362198, "power_cost": 21.449241345214844, "noise_cost": 67.9429039845125, "n_waypoints_completed": 0, "tot_waypoints": 9}}
{"target": -1467.4873062161212, "params": {"k_pid_pos": [1.7214107885883958, 0.499154433196912, 0.056765190928837805], "k_pid_alt": [1.148892529512817, 0.7647451512302427, 0.4192674612199362], "k_pid_att": [37.61176166614537, 1.7168849120106617, 0.9155050294184132], "k_pid_yaw": [0.5, 1e-06, 0.1], "k_pid_hsp": [0.945736584537595, 0.881056096178298, 0.3665870393331896], "k_pid_vsp": [120.26019833112235, 29.25191496633234, 264.6476684942993]}, "datetime": {"datetime": "2025-08-20 19:22:49", "elapsed": 27024.065946817398, "delta": 26.777633905410767}, "costs": {"total_cost": 1467.4873062161212, "time_cost": 150, "final_distance_cost": 2.3603600457145366, "oscillation_cost": 92.11791534670715, "completition_cost": 1000.0, "overshoot_cost": 136.31228989409766, "power_cost": 19.901300720214845, "noise_cost": 66.79544020938722, "n_waypoints_completed": 0, "tot_waypoints": 9}}
{"target": -1035.8794720132275, "params": {"k_pid_pos": [0.5824707507610599, 0.6028614050109073, 0.19378972732856092], "k_pid_alt": [0.3100743708125009, 0.32651164594468196, 0.7480246493339571], "k_pid_att": [99.27691351394166, 7.545231133123509, 0.41525966526372804], "k_pid_yaw": [0.5, 1e-06, 0.1], "k_pid_hsp": [3.979197737845206, 0.21216871826006345, 0.19033696763094754], "k_pid_vsp": [251.14025462654922, 201.14914049359518, 217.10789619832096]}, "datetime": {"datetime": "2025-08-20 19:23:16", "elapsed": 27051.43301463127, "delta": 27.36706781387329}, "costs": {"total_cost": 1035.8794720132275, "time_cost": 150, "final_distance_cost": 59.646284025886196, "oscillation_cost": 290.06771328873447, "completition_cost": 444.4444444444444, "overshoot_cost": 50.29330697132883, "power_cost": 22.86866921386719, "noise_cost": 18.559054068966535, "n_waypoints_completed": 5, "tot_waypoints": 9}}
{"target": -963.2480442818406, "params": {"k_pid_pos": [0.3048847108177038, 0.5139379920649166, 0.25941502970679475], "k_pid_alt": [1.2332054720030134, 0.26945477456264433, 0.11898917700566136], "k_pid_att": [35.350479534955625, 9.460033373327079, 0.933546004704328], "k_pid_yaw": [0.5, 1e-06, 0.1], "k_pid_hsp": [9.877483167882144, 0.5531396176061221, 0.9060672900674198], "k_pid_vsp": [356.19619894171063, 166.95060354346282, 338.05159101646433]}, "datetime": {"datetime": "2025-08-20 19:23:44", "elapsed": 27078.67437505722, "delta": 27.241360425949097}, "costs": {"total_cost": 963.2480442818406, "time_cost": 150, "final_distance_cost": 50.60614876943067, "oscillation_cost": 229.68876859612664, "completition_cost": 444.4444444444444, "overshoot_cost": 48.92918841505759, "power_cost": 22.68091268310547, "noise_cost": 16.89858137367578, "n_waypoints_completed": 5, "tot_waypoints": 9}}
{"target": -1791.9566123403474, "params": {"k_pid_pos": [1.4191405335835623, 0.9582131519443104, 0.3971484018893503], "k_pid_alt": [1.8991421086249616, 0.3496990899675104, 0.23951941865032422], "k_pid_att": [10.678824493280459, 7.580902107467646, 0.06144014912385909], "k_pid_yaw": [0.5, 1e-06, 0.1], "k_pid_hsp": [8.805998458690157, 0.3773398848112566, 0.7132593995291421], "k_pid_vsp": [161.89447080294804, 292.11351274395827, 363.46677669805854]}, "datetime": {"datetime": "2025-08-20 19:24:19", "elapsed": 27114.096859931946, "delta": 35.42248487472534}, "costs": {"total_cost": 1791.9566123403474, "time_cost": 150, "final_distance_cost": 1.0236956357133713, "oscillation_cost": 413.8925872916776, "completition_cost": 1000.0, "overshoot_cost": 135.81044676151902, "power_cost": 21.48498175048828, "noise_cost": 69.74490090094929, "n_waypoints_completed": 0, "tot_waypoints": 9}}
{"target": -1703.4905658179155, "params": {"k_pid_pos": [0.6850184178305229, 0.8814512907839338, 0.0589732106783839], "k_pid_alt": [0.9180523517547798, 0.280346526333623, 0.9564413513817401], "k_pid_att": [84.08383257654708, 5.4882366749408975, 0.030379987560646415], "k_pid_yaw": [0.5, 1e-06, 0.1], "k_pid_hsp": [0.07028269005231161, 0.27330287544463927, 0.7710060118976757], "k_pid_vsp": [8.415034405160382, 283.02430500680083, 119.58083956357439]}, "datetime": {"datetime": "2025-08-20 19:24:52", "elapsed": 27146.955063819885, "delta": 32.85820388793945}, "costs": {"total_cost": 1703.4905658179155, "time_cost": 150, "final_distance_cost": 42.81969553475857, "oscillation_cost": 443.97786448693836, "completition_cost": 1000.0, "overshoot_cost": 30.056096986984148, "power_cost": 20.4456423828125, "noise_cost": 16.1912664264219, "n_waypoints_completed": 0, "tot_waypoints": 9}}
{"target": -1169.7927364672464, "params": {"k_pid_pos": [0.9325779768926561, 0.12366102797873157, 0.9082057477749068], "k_pid_alt": [0.1037740583953668, 0.5818042619397776, 0.5346288378068196], "k_pid_att": [44.21312163354403, 6.651295777449859, 0.7316147239772036], "k_pid_yaw": [0.5, 1e-06, 0.1], "k_pid_hsp": [3.5258421859450744, 0.9796916478282652, 0.5579852607327558], "k_pid_vsp": [7.895661635019335, 149.80547674642492, 307.13992703181003]}, "datetime": {"datetime": "2025-08-20 19:25:24", "elapsed": 27178.682532072067, "delta": 31.727468252182007}, "costs": {"total_cost": 1169.7927364672464, "time_cost": 150, "final_distance_cost": 37.613463777678206, "oscillation_cost": 330.88779732746264, "completition_cost": 555.5555555555555, "overshoot_cost": 60.58473137747792, "power_cost": 19.414190698242187, "noise_cost": 15.7369977308298, "n_waypoints_completed": 4, "tot_waypoints": 9}}
{"target": -893.0537449422458, "params": {"k_pid_pos": [0.5478897576635336, 0.7561857302247594, 0.24580174266002497], "k_pid_alt": [1.8069671217314476, 0.41715032596955204, 0.7491051597895373], "k_pid_att": [87.15334701132446, 6.067715662593421, 0.10197896236044246], "k_pid_yaw": [0.5, 1e-06, 0.1], "k_pid_hsp": [8.858561772258225, 0.9499847340512252, 0.5170886473055285], "k_pid_vsp": [217.65476361432712, 386.38887052326186, 362.02623750737956]}, "datetime": {"datetime": "2025-08-20 19:25:55", "elapsed": 27210.055454969406, "delta": 31.372922897338867}, "costs": {"total_cost": 893.0537449422458, "time_cost": 150, "final_distance_cost": 64.74614051088872, "oscillation_cost": 252.57097109116813, "completition_cost": 333.33333333333337, "overshoot_cost": 51.320334931645974, "power_cost": 23.375210668945314, "noise_cost": 17.707754406264236, "n_waypoints_completed": 6, "tot_waypoints": 9}}
{"target": -431.45836286835726, "params": {"k_pid_pos": [0.8871506870520992, 0.03779190006910005, 0.15646068164409022], "k_pid_alt": [0.9756889781922273, 0.3434136521305696, 0.9234116271589459], "k_pid_att": [56.54810021062527, 4.018666394545531, 0.9537932274336207], "k_pid_yaw": [0.5, 1e-06, 0.1], "k_pid_hsp": [7.408320205395707, 0.7895716530332079, 0.313753707991532], "k_pid_vsp": [131.0247180313203, 162.71464354133602, 167.51728396075546]}, "datetime": {"datetime": "2025-08-20 19:26:21", "elapsed": 27236.19583940506, "delta": 26.140384435653687}, "costs": {"total_cost": 431.45836286835726, "time_cost": 94.736, "final_distance_cost": 1.7675566734726704, "oscillation_cost": 237.79813795578858, "completition_cost": 0.0, "overshoot_cost": 59.28413570948618, "power_cost": 21.373576562500002, "noise_cost": 16.498955967109858, "n_waypoints_completed": 9, "tot_waypoints": 9}}
{"target": -383.2767000352672, "params": {"k_pid_pos": [0.9207369384474519, 0.20276550593919795, 0.08604798154318305], "k_pid_alt": [1.4649979915947469, 0.8656615078922171, 0.8333601224405467], "k_pid_att": [45.55626322507009, 6.884020637042715, 0.5207718247197574], "k_pid_yaw": [0.5, 1e-06, 0.1], "k_pid_hsp": [1.4040199370967201, 0.16836187068807518, 0.5101869835880998], "k_pid_vsp": [329.7341071829504, 182.9915720238897, 32.88886758301641]}, "datetime": {"datetime": "2025-08-20 19:26:48", "elapsed": 27262.658805131912, "delta": 26.462965726852417}, "costs": {"total_cost": 383.2767000352672, "time_cost": 97.36, "final_distance_cost": 1.7892115128996666, "oscillation_cost": 188.48550444345818, "completition_cost": 0.0, "overshoot_cost": 57.713776752319156, "power_cost": 21.621537170410157, "noise_cost": 16.306670156180026, "n_waypoints_completed": 9, "tot_waypoints": 9}}
{"target": -581.6198664805419, "params": {"k_pid_pos": [1.559067470079412, 0.7053798976690718, 0.4955444146929975], "k_pid_alt": [0.41224625421709127, 0.36416432790302256, 0.40772717122813273], "k_pid_att": [52.884567899116874, 1.093677539130872, 0.8429440313177167], "k_pid_yaw": [0.5, 1e-06, 0.1], "k_pid_hsp": [7.489485178705962, 0.4997169242330265, 0.8963153554427564], "k_pid_vsp": [240.01497181721496, 352.2591962872797, 149.37340692000473]}, "datetime": {"datetime": "2025-08-20 19:27:19", "elapsed": 27294.123830795288, "delta": 31.465025663375854}, "costs": {"total_cost": 581.6198664805419, "time_cost": 150, "final_distance_cost": 44.418736516272716, "oscillation_cost": 178.7919203736749, "completition_cost": 111.11111111111116, "overshoot_cost": 57.90224804482357, "power_cost": 22.273462646484376, "noise_cost": 17.122387788175168, "n_waypoints_completed": 8, "tot_waypoints": 9}}
{"target": -1703.075133804069, "params": {"k_pid_pos": [1.8792509041663428, 0.6471176356785078, 0.505725444238142], "k_pid_alt": [1.48927477082393, 0.09711400827489691, 0.7802572843819603], "k_pid_att": [27.18346772001653, 5.832470909318305, 0.8504295954809608], "k_pid_yaw": [0.5, 1e-06, 0.1], "k_pid_hsp": [2.5354774729283895, 0.40734417751035024, 0.24445719547681888], "k_pid_vsp": [53.02684894358851, 116.77985387361213, 132.41754499742666]}, "datetime": {"datetime": "2025-08-20 19:27:50", "elapsed": 27325.109325170517, "delta": 30.985494375228882}, "costs": {"total_cost": 1703.075133804069, "time_cost": 150, "final_distance_cost": 15.841928086515646, "oscillation_cost": 396.71681093916663, "completition_cost": 1000.0, "overshoot_cost": 103.66095267557317, "power_cost": 19.316361376953125, "noise_cost": 17.53908072586045, "n_waypoints_completed": 0, "tot_waypoints": 9}}
{"target": -346.7144058777742, "params": {"k_pid_pos": [1.6041287063441834, 0.21192556387619477, 0.06986826189343498], "k_pid_alt": [1.748522333146915, 0.7397437891106985, 0.571743207520989], "k_pid_att": [95.87385542829749, 1.6128263092116524, 0.593322932415871], "k_pid_yaw": [0.5, 1e-06, 0.1], "k_pid_hsp": [5.7135692065789465, 0.679042166487235, 0.3227623227824402], "k_pid_vsp": [196.05400512929526, 378.21009805902264, 147.0010565958186]}, "datetime": {"datetime": "2025-08-20 19:28:18", "elapsed": 27353.01254272461, "delta": 27.903217554092407}, "costs": {"total_cost": 346.7144058777742, "time_cost": 83.016, "final_distance_cost": 1.7394572393634045, "oscillation_cost": 175.34553859614084, "completition_cost": 0.0, "overshoot_cost": 54.981091050485645, "power_cost": 18.007961865234375, "noise_cost": 13.624357126549922, "n_waypoints_completed": 9, "tot_waypoints": 9}}
{"target": -1240.005152418254, "params": {"k_pid_pos": [0.38397829698808406, 0.603732977946115, 0.4794423655755372], "k_pid_alt": [0.26116346754260733, 0.9318644678337641, 0.48277551677574637], "k_pid_att": [16.70492669056628, 6.985148307792762, 0.6115948688912075], "k_pid_yaw": [0.5, 1e-06, 0.1], "k_pid_hsp": [0.2676212440531022, 0.5567291858262894, 0.17098847122215333], "k_pid_vsp": [102.07349436784239, 95.18091999225503, 46.86538683909542]}, "datetime": {"datetime": "2025-08-20 19:28:45", "elapsed": 27380.059695482254, "delta": 27.047152757644653}, "costs": {"total_cost": 1240.005152418254, "time_cost": 150, "final_distance_cost": 92.79426216035995, "oscillation_cost": 141.1764571108814, "completition_cost": 777.7777777777778, "overshoot_cost": 43.03754760725899, "power_cost": 20.303724768066406, "noise_cost": 14.91538299390952, "n_waypoints_completed": 2, "tot_waypoints": 9}}
{"target": -704.6914270936537, "params": {"k_pid_pos": [0.7486425328635984, 0.1714189187705799, 0.30793008296116076], "k_pid_alt": [0.4865564045859796, 0.13650998473710585, 0.2723193170961836], "k_pid_att": [55.67872256270542, 3.907920386454948, 0.232668517665082], "k_pid_yaw": [0.5, 1e-06, 0.1], "k_pid_hsp": [5.317459117813586, 0.2090001034737149, 0.05568078049664427], "k_pid_vsp": [175.8231925412786, 103.82739953849992, 216.3433141244446]}, "datetime": {"datetime": "2025-08-20 19:29:12", "elapsed": 27406.845335006714, "delta": 26.78563952445984}, "costs": {"total_cost": 704.6914270936537, "time_cost": 150, "final_distance_cost": 42.56306573389495, "oscillation_cost": 305.21472275279297, "completition_cost": 111.11111111111116, "overshoot_cost": 61.24086247699601, "power_cost": 19.304351416015624, "noise_cost": 15.257313602843094, "n_waypoints_completed": 8, "tot_waypoints": 9}}
{"target": -1192.0596977450925, "params": {"k_pid_pos": [0.14849063742581184, 0.23831688919219396, 0.6901156399432447], "k_pid_alt": [1.9808672489613175, 0.6219170543588114, 0.9660806513513295], "k_pid_att": [56.99109812234361, 6.647650662600787, 0.7306345545510088], "k_pid_yaw": [0.5, 1e-06, 0.1], "k_pid_hsp": [9.273683469256607, 0.835605061265314, 0.20471977546351094], "k_pid_vsp": [345.13546491196695, 196.12607391611172, 383.06748200024674]}, "datetime": {"datetime": "2025-08-20 19:29:39", "elapsed": 27433.778434991837, "delta": 26.93309998512268}, "costs": {"total_cost": 1192.0596977450925, "time_cost": 150, "final_distance_cost": 47.78896804892615, "oscillation_cost": 341.5939969546278, "completition_cost": 555.5555555555555, "overshoot_cost": 58.04170551515358, "power_cost": 22.098261157226563, "noise_cost": 16.98121051360303, "n_waypoints_completed": 4, "tot_waypoints": 9}}
{"target": -1696.5179678443994, "params": {"k_pid_pos": [1.8385086855643946, 0.7358103267986013, 0.6147056372853795], "k_pid_alt": [0.28750430729892185, 0.6923367206582904, 0.17141719311238945], "k_pid_att": [80.85702335639077, 7.4785866796289655, 0.7057409562119457], "k_pid_yaw": [0.5, 1e-06, 0.1], "k_pid_hsp": [0.45551362801268497, 0.0874492999726102, 0.5717901983054144], "k_pid_vsp": [282.1960010311292, 208.30164524310368, 213.23500381634773]}, "datetime": {"datetime": "2025-08-20 19:30:06", "elapsed": 27460.839568138123, "delta": 27.06113314628601}, "costs": {"total_cost": 1696.5179678443994, "time_cost": 150, "final_distance_cost": 43.48239505903041, "oscillation_cost": 403.5546481176551, "completition_cost": 1000.0, "overshoot_cost": 61.21659925677419, "power_cost": 21.77584697265625, "noise_cost": 16.488478438283714, "n_waypoints_completed": 0, "tot_waypoints": 9}}
{"target": -1419.4072754527772, "params": {"k_pid_pos": [1.4259788168456506, 0.2613088284780164, 0.24428456460248305], "k_pid_alt": [0.23196476006017086, 0.6843555323213111, 0.4863907737023614], "k_pid_att": [91.3331118239011, 6.913922944383501, 0.405932349831317], "k_pid_yaw": [0.5, 1e-06, 0.1], "k_pid_hsp": [3.837184070917929, 0.3073978291258491, 0.7676130023884337], "k_pid_vsp": [279.6267992428482, 272.670386949838, 302.09118138265364]}, "datetime": {"datetime": "2025-08-20 19:30:33", "elapsed": 27487.752912044525, "delta": 26.913343906402588}, "costs": {"total_cost": 1419.4072754527772, "time_cost": 150, "final_distance_cost": 78.9180599204565, "oscillation_cost": 330.8271237456542, "completition_cost": 777.7777777777778, "overshoot_cost": 44.68798174993748, "power_cost": 21.064470178222656, "noise_cost": 16.13186208072859, "n_waypoints_completed": 2, "tot_waypoints": 9}}
{"target": -1377.7240740817522, "params": {"k_pid_pos": [1.8384376894550314, 0.28200018315226316, 0.7123811300680789], "k_pid_alt": [1.5865744108329434, 0.8484736760830879, 0.6461291818240137], "k_pid_att": [8.647466524540015, 6.763130648597137, 0.7797541108731668], "k_pid_yaw": [0.5, 1e-06, 0.1], "k_pid_hsp": [0.9892554830566552, 0.49392532277825896, 0.467012301023636], "k_pid_vsp": [171.23187996807897, 93.64656401491158, 270.47411309757223]}, "datetime": {"datetime": "2025-08-20 19:31:00", "elapsed": 27515.314682006836, "delta": 27.56176996231079}, "costs": {"total_cost": 1377.7240740817522, "time_cost": 150, "final_distance_cost": 81.42497183580498, "oscillation_cost": 251.60442437906414, "completition_cost": 777.7777777777778, "overshoot_cost": 73.71530222399075, "power_cost": 20.889033630371095, "noise_cost": 22.312564234743377, "n_waypoints_completed": 2, "tot_waypoints": 9}}
{"target": -685.0681625849322, "params": {"k_pid_pos": [0.9332934285647728, 0.4280647213296257, 0.457708141686304], "k_pid_alt": [0.7439097704627131, 0.12878359966356367, 0.0544865786287414], "k_pid_att": [51.26566535222252, 1.3323335965445031, 0.6376507985476471], "k_pid_yaw": [0.5, 1e-06, 0.1], "k_pid_hsp": [9.570025099930739, 0.5531273665986269, 0.6190215124083699], "k_pid_vsp": [110.76149457706079, 325.9676947498304, 180.23031413179214]}, "datetime": {"datetime": "2025-08-20 19:31:32", "elapsed": 27547.138335227966, "delta": 31.82365322113037}, "costs": {"total_cost": 685.0681625849322, "time_cost": 150, "final_distance_cost": 30.204210147086812, "oscillation_cost": 300.48325433614485, "completition_cost": 111.11111111111116, "overshoot_cost": 54.96619515077057, "power_cost": 22.179424584960937, "noise_cost": 16.12396725485793, "n_waypoints_completed": 8, "tot_waypoints": 9}}
{"target": -1187.5306624681139, "params": {"k_pid_pos": [1.3382570308007997, 0.19168320425348617, 0.7581336346528298], "k_pid_alt": [0.6059336679447915, 0.8160031628602213, 0.25277479134215786], "k_pid_att": [2.971631626359783, 0.9972217734797393, 0.7340191728402446], "k_pid_yaw": [0.5, 1e-06, 0.1], "k_pid_hsp": [5.4835988063722505, 0.9329136596082205, 0.6227450600504039], "k_pid_vsp": [55.54597112066877, 129.13447055774577, 358.5374651658168]}, "datetime": {"datetime": "2025-08-20 19:32:04", "elapsed": 27578.96844267845, "delta": 31.83010745048523}, "costs": {"total_cost": 1187.5306624681139, "time_cost": 150, "final_distance_cost": 87.59193734222757, "oscillation_cost": 150.162483544435, "completition_cost": 666.6666666666667, "overshoot_cost": 98.54790322073353, "power_cost": 17.81842473144531, "noise_cost": 16.743246962605813, "n_waypoints_completed": 3, "tot_waypoints": 9}}
{"target": -1185.980376284826, "params": {"k_pid_pos": [1.7322789843609019, 0.07242748047575276, 0.5854247741724586], "k_pid_alt": [0.2666057633569199, 0.9070675749301773, 0.9414389270638484], "k_pid_att": [28.922429977361464, 8.164540325413016, 0.9396439700991439], "k_pid_yaw": [0.5, 1e-06, 0.1], "k_pid_hsp": [7.866704000662591, 0.34656546743213335, 0.4562663465957777], "k_pid_vsp": [342.9877381069182, 145.8280422085224, 371.177851645042]}, "datetime": {"datetime": "2025-08-20 19:32:31", "elapsed": 27605.551906824112, "delta": 26.5834641456604}, "costs": {"total_cost": 1185.980376284826, "time_cost": 150, "final_distance_cost": 42.843110499301076, "oscillation_cost": 328.87826371823115, "completition_cost": 555.5555555555555, "overshoot_cost": 66.28456701135093, "power_cost": 23.397030017089843, "noise_cost": 19.02184948329721, "n_waypoints_completed": 4, "tot_waypoints": 9}}
