{"target": -419.1258129422549, "params": {"k_pid_pos": [1.1578284979414817, 0.6140830102074131, 0.7771054897410179], "k_pid_alt": [1.3007209530337778, 0.14853295239939196, 0.2007487400474132], "k_pid_att": [37.89580160075983, 2.5571510793876695, 0.45830257590974], "k_pid_yaw": [0.5, 1e-06, 0.1], "k_pid_hsp": [5.25805353107695, 0.42193545259063026, 0.4901361821582497], "k_pid_vsp": [200.29765880082977, 244.5659057682167, 121.92180952274542]}, "datetime": {"datetime": "2025-08-21 01:21:18", "elapsed": 48533.09631609917, "delta": 48.10856747627258}, "costs": {"total_cost": 419.1258129422549, "time_cost": 88.256, "final_distance_cost": 1.7971536195953293, "oscillation_cost": 246.44173866573465, "completition_cost": 0.0, "overshoot_cost": 52.20726500212251, "power_cost": 17.166975354003906, "noise_cost": 13.256680300798566, "n_waypoints_completed": 9, "tot_waypoints": 9}}
{"target": -1088.108484344099, "params": {"k_pid_pos": [1.692873803048419, 0.4629421282270185, 0.8431917113521684], "k_pid_alt": [0.13453649591167216, 0.628424535317306, 0.7912144385017698], "k_pid_att": [91.70549123456803, 3.9975806215588237, 0.734505855211618], "k_pid_yaw": [0.5, 1e-06, 0.1], "k_pid_hsp": [2.092639691853056, 0.06835492168681379, 0.6636744823608255], "k_pid_vsp": [341.43249222652224, 329.9801998416096, 236.54368475330173]}, "datetime": {"datetime": "2025-08-21 01:21:48", "elapsed": 48563.05778121948, "delta": 29.96146512031555}, "costs": {"total_cost": 1088.108484344099, "time_cost": 150, "final_distance_cost": 52.97197044791245, "oscillation_cost": 232.52061926957265, "completition_cost": 555.5555555555555, "overshoot_cost": 59.26494665877469, "power_cost": 20.80553809814453, "noise_cost": 16.98985431413928, "n_waypoints_completed": 4, "tot_waypoints": 9}}
{"target": -904.7530595359196, "params": {"k_pid_pos": [0.1515462254567406, 0.7200138250164935, 0.5182584151229156], "k_pid_alt": [1.7590451973464307, 0.6062109677452472, 0.715385888460085], "k_pid_att": [46.27329154367001, 0.5543928264997932, 0.465081008736128], "k_pid_yaw": [0.5, 1e-06, 0.1], "k_pid_hsp": [1.2171217626692732, 0.9238306188429717, 0.11613883706336836], "k_pid_vsp": [93.78439970430836, 345.38810391717885, 43.72487205028433]}, "datetime": {"datetime": "2025-08-21 01:22:18", "elapsed": 48593.47899508476, "delta": 30.42121386528015}, "costs": {"total_cost": 904.7530595359196, "time_cost": 150, "final_distance_cost": 50.64578893382999, "oscillation_cost": 177.5285475050979, "completition_cost": 444.4444444444444, "overshoot_cost": 45.396654333816926, "power_cost": 20.86791357421875, "noise_cost": 15.8697107445117, "n_waypoints_completed": 5, "tot_waypoints": 9}}
{"target": -1378.4242453937281, "params": {"k_pid_pos": [1.300412016915289, 0.2839945292993691, 0.6133385796210743], "k_pid_alt": [0.11312948445241289, 0.25317361243076175, 0.9873575547594783], "k_pid_att": [88.75503961858993, 9.900742518700257, 0.2153385375932667], "k_pid_yaw": [0.5, 1e-06, 0.1], "k_pid_hsp": [0.891021189379186, 0.47153200571698684, 0.9868819291789427], "k_pid_vsp": [229.74724370815142, 392.7841230283471, 5.647949927967039]}, "datetime": {"datetime": "2025-08-21 01:22:48", "elapsed": 48622.95661664009, "delta": 29.47762155532837}, "costs": {"total_cost": 1378.4242453937281, "time_cost": 150, "final_distance_cost": 71.54738591986272, "oscillation_cost": 290.3284907861288, "completition_cost": 777.7777777777778, "overshoot_cost": 51.76153741968528, "power_cost": 20.485897314453126, "noise_cost": 16.523156175820485, "n_waypoints_completed": 2, "tot_waypoints": 9}}
{"target": -1048.516143514813, "params": {"k_pid_pos": [1.6481414671172931, 0.07308388920412301, 0.647059471956023], "k_pid_alt": [1.1164930762384666, 0.6507402330197167, 0.804683372147467], "k_pid_att": [93.2216576513151, 8.113906893083389, 0.7864675200380878], "k_pid_yaw": [0.5, 1e-06, 0.1], "k_pid_hsp": [2.959167503326671, 0.16516273661671732, 0.5796862293432816], "k_pid_vsp": [19.132097139711313, 296.51263962282957, 273.3675676568094]}, "datetime": {"datetime": "2025-08-21 01:23:21", "elapsed": 48655.839649915695, "delta": 32.88303327560425}, "costs": {"total_cost": 1048.516143514813, "time_cost": 150, "final_distance_cost": 50.40082395205221, "oscillation_cost": 293.5835805548024, "completition_cost": 444.4444444444444, "overshoot_cost": 66.74865303273907, "power_cost": 22.34521170654297, "noise_cost": 20.993429824231935, "n_waypoints_completed": 5, "tot_waypoints": 9}}
{"target": -1235.7747180988406, "params": {"k_pid_pos": [1.8666425969277871, 0.9402483036388086, 0.5663919874173139], "k_pid_alt": [0.008089039549012966, 0.6815904153802602, 0.511510256012088], "k_pid_att": [92.02421836258598, 0.12951909548552393, 0.029688934710491388], "k_pid_yaw": [0.5, 1e-06, 0.1], "k_pid_hsp": [1.409562773505434, 0.6582324922634889, 0.5084919284566182], "k_pid_vsp": [250.90506603661794, 48.91732849497915, 241.28832017335992]}, "datetime": {"datetime": "2025-08-21 01:23:50", "elapsed": 48685.08162045479, "delta": 29.241970539093018}, "costs": {"total_cost": 1235.7747180988406, "time_cost": 150, "final_distance_cost": 72.98348182039491, "oscillation_cost": 134.42477551665942, "completition_cost": 777.7777777777778, "overshoot_cost": 60.714343392937074, "power_cost": 23.135723046875, "noise_cost": 16.73861654419655, "n_waypoints_completed": 2, "tot_waypoints": 9}}
{"target": -481.956339864747, "params": {"k_pid_pos": [0.8851394061846662, 0.11610823118714253, 0.503072627649655], "k_pid_alt": [0.21832164553201494, 0.47272754261962746, 0.8639294379004135], "k_pid_att": [9.490422429283674, 3.0828386637740617, 0.19337540239931172], "k_pid_yaw": [0.5, 1e-06, 0.1], "k_pid_hsp": [7.794234139534835, 0.5657659344579151, 0.017139477355738175], "k_pid_vsp": [51.61673159589317, 220.67120749801393, 78.42779026347273]}, "datetime": {"datetime": "2025-08-21 01:24:45", "elapsed": 48740.49632334709, "delta": 55.41470289230347}, "costs": {"total_cost": 481.956339864747, "time_cost": 150, "final_distance_cost": 36.94189096774936, "oscillation_cost": 81.25468961916975, "completition_cost": 111.11111111111116, "overshoot_cost": 61.337106687747436, "power_cost": 24.39516109619141, "noise_cost": 16.91638038277786, "n_waypoints_completed": 8, "tot_waypoints": 9}}
{"target": -304.12038240928763, "params": {"k_pid_pos": [2.0, 0.0, 0.9998639249229716], "k_pid_alt": [2.0, 0.9999973746235506, 1.0], "k_pid_att": [16.27038605843647, 0.0001, 1.0], "k_pid_yaw": [0.5, 1e-06, 0.1], "k_pid_hsp": [10.0, 0.9874185330210492, 1.0], "k_pid_vsp": [13.247500360466017, 220.27982406758903, 34.99093407126643]}, "datetime": {"datetime": "2025-08-21 01:25:39", "elapsed": 48793.6998591423, "delta": 53.20353579521179}, "costs": {"total_cost": 304.12038240928763, "time_cost": 80.912, "final_distance_cost": 1.7793300585499279, "oscillation_cost": 139.36071985146373, "completition_cost": 0.0, "overshoot_cost": 52.85289862582069, "power_cost": 16.810522521972658, "noise_cost": 12.404911351480644, "n_waypoints_completed": 9, "tot_waypoints": 9}}
{"target": -897.0932750042839, "params": {"k_pid_pos": [1.1672769954697448, 0.5000908070469413, 0.6896211921210071], "k_pid_alt": [1.6130004881863735, 0.6280272573697104, 0.32985136087058586], "k_pid_att": [61.45600198548642, 0.3781093382494452, 0.25403050345057376], "k_pid_yaw": [0.5, 1e-06, 0.1], "k_pid_hsp": [3.3222507548218325, 0.3624292262886807, 0.9983095619525851], "k_pid_vsp": [393.7237932302605, 73.18189865412401, 253.88396853858788]}, "datetime": {"datetime": "2025-08-21 01:26:09", "elapsed": 48823.92377257347, "delta": 30.223913431167603}, "costs": {"total_cost": 897.0932750042839, "time_cost": 150, "final_distance_cost": 79.85825707475553, "oscillation_cost": 239.24606380224802, "completition_cost": 333.33333333333337, "overshoot_cost": 55.821360805695505, "power_cost": 22.393855517578125, "noise_cost": 16.4404044706735, "n_waypoints_completed": 6, "tot_waypoints": 9}}
{"target": -1075.7855605397926, "params": {"k_pid_pos": [0.45027562374045843, 0.11511090161927628, 0.4769013102689784], "k_pid_alt": [1.6669802066876203, 0.8285493352387813, 0.2192154151311575], "k_pid_att": [87.62896837537045, 3.7808069844448995, 0.8743676199156428], "k_pid_yaw": [0.5, 1e-06, 0.1], "k_pid_hsp": [2.031140407010736, 0.009284567285248513, 0.5976279516271984], "k_pid_vsp": [309.2972651638176, 35.5512004502643, 175.73443835118647]}, "datetime": {"datetime": "2025-08-21 01:26:39", "elapsed": 48853.5980181694, "delta": 29.674245595932007}, "costs": {"total_cost": 1075.7855605397926, "time_cost": 150, "final_distance_cost": 47.24793489059052, "oscillation_cost": 348.94331132158004, "completition_cost": 444.4444444444444, "overshoot_cost": 49.258135178209095, "power_cost": 20.306341467285158, "noise_cost": 15.58539323768322, "n_waypoints_completed": 5, "tot_waypoints": 9}}
{"target": -1142.869165831897, "params": {"k_pid_pos": [0.14962831538847352, 0.2258656361408351, 0.034984826403202995], "k_pid_alt": [1.226770799874384, 0.11240902532503749, 0.9683994519855629], "k_pid_att": [18.67091743732666, 1.6562274798733787, 0.49211508743161925], "k_pid_yaw": [0.5, 1e-06, 0.1], "k_pid_hsp": [9.997785408884958, 0.4786434239235281, 0.41281621924197687], "k_pid_vsp": [365.12163895060013, 112.75790246361821, 189.95701534969794]}, "datetime": {"datetime": "2025-08-21 01:27:09", "elapsed": 48884.153777599335, "delta": 30.55575942993164}, "costs": {"total_cost": 1142.869165831897, "time_cost": 150, "final_distance_cost": 45.858185418482904, "oscillation_cost": 312.3710246125212, "completition_cost": 555.5555555555555, "overshoot_cost": 48.17951306110453, "power_cost": 17.75105886230469, "noise_cost": 13.153828321928039, "n_waypoints_completed": 4, "tot_waypoints": 9}}
{"target": -1060.9428440383833, "params": {"k_pid_pos": [1.7865501156978343, 0.9191383277262812, 0.4493622310840766], "k_pid_alt": [1.3457859895345754, 0.923270410150145, 0.08099996509610519], "k_pid_att": [92.80106702717306, 8.80954820960964, 0.5196092341091435], "k_pid_yaw": [0.5, 1e-06, 0.1], "k_pid_hsp": [7.497273700043457, 0.09489798253445592, 0.7493278850973086], "k_pid_vsp": [251.17297352165892, 1.0120142861147419, 193.9348069166374]}, "datetime": {"datetime": "2025-08-21 01:27:39", "elapsed": 48914.131189107895, "delta": 29.97741150856018}, "costs": {"total_cost": 1060.9428440383833, "time_cost": 150, "final_distance_cost": 51.84185981067206, "oscillation_cost": 204.2032063583495, "completition_cost": 555.5555555555555, "overshoot_cost": 60.78865584878129, "power_cost": 21.281664196777346, "noise_cost": 17.271902268247437, "n_waypoints_completed": 4, "tot_waypoints": 9}}
{"target": -1285.6355709454124, "params": {"k_pid_pos": [1.234966021990603, 0.8553747267891082, 0.21217989330176323], "k_pid_alt": [0.04787376552512668, 0.797138528097808, 0.44828724864922564], "k_pid_att": [61.195824457132694, 2.2043373276053235, 0.5154702288403247], "k_pid_yaw": [0.5, 1e-06, 0.1], "k_pid_hsp": [2.358014373093143, 0.0954270374115076, 0.5189421505690275], "k_pid_vsp": [357.092238905111, 66.03525454266381, 377.84745724089]}, "datetime": {"datetime": "2025-08-21 01:28:10", "elapsed": 48944.95728993416, "delta": 30.826100826263428}, "costs": {"total_cost": 1285.6355709454124, "time_cost": 150, "final_distance_cost": 60.66146807761346, "oscillation_cost": 95.89244954033084, "completition_cost": 888.8888888888888, "overshoot_cost": 50.5814895893286, "power_cost": 22.933658837890626, "noise_cost": 16.677616011359927, "n_waypoints_completed": 1, "tot_waypoints": 9}}
{"target": -751.0986409039992, "params": {"k_pid_pos": [1.7492759359891168, 0.8133250743624328, 0.6278525301758109], "k_pid_alt": [1.9211080276427337, 0.09173212358778093, 0.6190553371702874], "k_pid_att": [10.033105166876421, 4.730913819024847, 0.8283439063366296], "k_pid_yaw": [0.5, 1e-06, 0.1], "k_pid_hsp": [0.3807752534168407, 0.8329565536880006, 0.11946988165325623], "k_pid_vsp": [94.18990023370756, 197.72541240177515, 169.25558417504843]}, "datetime": {"datetime": "2025-08-21 01:28:40", "elapsed": 48975.037037849426, "delta": 30.079747915267944}, "costs": {"total_cost": 751.0986409039992, "time_cost": 150, "final_distance_cost": 65.83547069105853, "oscillation_cost": 94.90320047052508, "completition_cost": 333.33333333333337, "overshoot_cost": 65.96950758148363, "power_cost": 23.63038292236328, "noise_cost": 17.426745905235343, "n_waypoints_completed": 6, "tot_waypoints": 9}}
{"target": -1657.380714780619, "params": {"k_pid_pos": [0.9529016414576753, 0.45714262379093706, 0.10713678554992823], "k_pid_alt": [1.3216052064126507, 0.48583175435299986, 0.8202017745435506], "k_pid_att": [34.043430266245835, 1.7365895245952434, 0.1126869528925597], "k_pid_yaw": [0.5, 1e-06, 0.1], "k_pid_hsp": [5.5432944954174035, 0.1672404763636135, 0.0781244787381904], "k_pid_vsp": [79.06426318230211, 13.319817273049278, 331.9448458150289]}, "datetime": {"datetime": "2025-08-21 01:29:09", "elapsed": 49004.360667705536, "delta": 29.32362985610962}, "costs": {"total_cost": 1657.380714780619, "time_cost": 150, "final_distance_cost": 95.7112587473704, "oscillation_cost": 391.2476135636159, "completition_cost": 888.8888888888888, "overshoot_cost": 89.21314463145089, "power_cost": 22.277479711914065, "noise_cost": 20.04232923737885, "n_waypoints_completed": 1, "tot_waypoints": 9}}
{"target": -436.52861912017045, "params": {"k_pid_pos": [1.3894093563678234, 0.03685212737092958, 0.43823605756335116], "k_pid_alt": [0.8327847396742245, 0.4292627309314301, 0.6892012196374521], "k_pid_att": [59.255418628514, 6.962279251133612, 0.4109094115606914], "k_pid_yaw": [0.5, 1e-06, 0.1], "k_pid_hsp": [1.981559291006059, 0.10586314811091013, 0.09922276458404178], "k_pid_vsp": [332.3308867418446, 389.5783035355386, 312.6843884263331]}, "datetime": {"datetime": "2025-08-21 01:29:53", "elapsed": 49047.57121896744, "delta": 43.210551261901855}, "costs": {"total_cost": 436.52861912017045, "time_cost": 92.96000000000001, "final_distance_cost": 1.7909329207890303, "oscillation_cost": 249.29943041306646, "completition_cost": 0.0, "overshoot_cost": 57.44592721493297, "power_cost": 19.89277000732422, "noise_cost": 15.139558564057769, "n_waypoints_completed": 9, "tot_waypoints": 9}}
{"target": -1793.5755189725294, "params": {"k_pid_pos": [0.38686286939485304, 0.14304385381695228, 0.8673970815768011], "k_pid_alt": [0.44484306451172917, 0.3804395318481718, 0.6561661133315414], "k_pid_att": [12.451399789786798, 9.84724778082106, 0.018439881814874992], "k_pid_yaw": [0.5, 1e-06, 0.1], "k_pid_hsp": [4.281873371718948, 0.8979022465527361, 0.26861786196205517], "k_pid_vsp": [248.58642262996983, 29.345631753763037, 309.45385215917696]}, "datetime": {"datetime": "2025-08-21 01:30:22", "elapsed": 49077.18409585953, "delta": 29.612876892089844}, "costs": {"total_cost": 1793.5755189725294, "time_cost": 150, "final_distance_cost": 13.833271068136169, "oscillation_cost": 465.24512503522567, "completition_cost": 1000.0, "overshoot_cost": 117.71728783034105, "power_cost": 20.52315915527344, "noise_cost": 26.25667588355337, "n_waypoints_completed": 0, "tot_waypoints": 9}}
{"target": -1060.3319916771045, "params": {"k_pid_pos": [0.9727727752185884, 0.17841692218609095, 0.8453683576483784], "k_pid_alt": [0.3161274892418535, 0.8546895938893163, 0.9886628905572477], "k_pid_att": [21.335839818260894, 6.912447351252699, 0.8306444802825357], "k_pid_yaw": [0.5, 1e-06, 0.1], "k_pid_hsp": [2.2579549903572023, 0.08641729176679513, 0.42487435944061935], "k_pid_vsp": [163.1704435460951, 14.47921867170619, 4.919493605126638]}, "datetime": {"datetime": "2025-08-21 01:31:17", "elapsed": 49132.38471865654, "delta": 55.20062279701233}, "costs": {"total_cost": 1060.3319916771045, "time_cost": 150, "final_distance_cost": 44.25073478731799, "oscillation_cost": 339.2145806364588, "completition_cost": 444.4444444444444, "overshoot_cost": 47.91889641931382, "power_cost": 18.372085717773437, "noise_cost": 16.13124967179632, "n_waypoints_completed": 5, "tot_waypoints": 9}}
{"target": -1240.5632837562043, "params": {"k_pid_pos": [1.995353698699074, 0.11839044309574431, 0.07037316219701129], "k_pid_alt": [1.8110899991428129, 0.9353258882763208, 0.7204191319507945], "k_pid_att": [88.41885415293966, 9.780943793853236, 0.10955279346616376], "k_pid_yaw": [0.5, 1e-06, 0.1], "k_pid_hsp": [0.26628012071961726, 0.01602087254934148, 0.45540430641442287], "k_pid_vsp": [110.26111768426796, 269.37898784900744, 17.547270099142796]}, "datetime": {"datetime": "2025-08-21 01:31:48", "elapsed": 49162.74837183952, "delta": 30.3636531829834}, "costs": {"total_cost": 1240.5632837562043, "time_cost": 150, "final_distance_cost": 46.91921270293689, "oscillation_cost": 397.5955919575938, "completition_cost": 555.5555555555555, "overshoot_cost": 51.80670009061513, "power_cost": 21.237414782714843, "noise_cost": 17.44880866678816, "n_waypoints_completed": 4, "tot_waypoints": 9}}
{"target": -1131.0991034853519, "params": {"k_pid_pos": [1.6974842249141378, 0.9939587997314427, 0.906765856487081], "k_pid_alt": [0.027534797816414214, 0.4251516184029759, 0.7314793453274585], "k_pid_att": [74.42559079822433, 3.685384123490437, 0.05912401139075296], "k_pid_yaw": [0.5, 1e-06, 0.1], "k_pid_hsp": [8.543213608466674, 0.6944052747592938, 0.07021925468680645], "k_pid_vsp": [165.16955075812638, 339.5998406093865, 251.12851789205004]}, "datetime": {"datetime": "2025-08-21 01:32:18", "elapsed": 49192.85238838196, "delta": 30.104016542434692}, "costs": {"total_cost": 1131.0991034853519, "time_cost": 150, "final_distance_cost": 46.14546276025326, "oscillation_cost": 279.83211759429264, "completition_cost": 555.5555555555555, "overshoot_cost": 58.48851915952622, "power_cost": 22.423819885253906, "noise_cost": 18.653628530470268, "n_waypoints_completed": 4, "tot_waypoints": 9}}
{"target": -996.8077494368742, "params": {"k_pid_pos": [0.6022499913951468, 0.3495391907666753, 0.14205756525511015], "k_pid_alt": [1.4825145983544143, 0.20542767617622282, 0.94429726840689], "k_pid_att": [33.82947251450331, 5.605130759749711, 0.2305481675972202], "k_pid_yaw": [0.5, 1e-06, 0.1], "k_pid_hsp": [0.5170528353077165, 0.6583133808082112, 0.48502166166334504], "k_pid_vsp": [282.7595685475065, 124.0523958237719, 15.601974820520685]}, "datetime": {"datetime": "2025-08-21 01:32:54", "elapsed": 49228.95406103134, "delta": 36.101672649383545}, "costs": {"total_cost": 996.8077494368742, "time_cost": 150, "final_distance_cost": 55.41452776036847, "oscillation_cost": 151.1368196240368, "completition_cost": 555.5555555555555, "overshoot_cost": 49.765888386787935, "power_cost": 19.782891113281252, "noise_cost": 15.152066996844315, "n_waypoints_completed": 4, "tot_waypoints": 9}}
{"target": -1555.0444558063916, "params": {"k_pid_pos": [0.5355581654744012, 0.9344940684175407, 0.5500190625181965], "k_pid_alt": [1.0335721546795922, 0.19650856048124365, 0.15888728214761372], "k_pid_att": [9.264846990221965, 9.099304188451399, 0.4128377779016814], "k_pid_yaw": [0.5, 1e-06, 0.1], "k_pid_hsp": [9.391190491282098, 0.8734250156996974, 0.9392223272858455], "k_pid_vsp": [34.654503040914086, 97.5663169222559, 335.07825685995977]}, "datetime": {"datetime": "2025-08-21 01:33:33", "elapsed": 49267.70152449608, "delta": 38.74746346473694}, "costs": {"total_cost": 1555.0444558063916, "time_cost": 150, "final_distance_cost": 2.552657334524678, "oscillation_cost": 178.1294722928589, "completition_cost": 1000.0, "overshoot_cost": 135.70604513066593, "power_cost": 22.45881611328125, "noise_cost": 66.19746493506096, "n_waypoints_completed": 0, "tot_waypoints": 9}}
{"target": -242.39769657531875, "params": {"k_pid_pos": [1.4415668456178035, 0.17412845009896638, 0.21552977340769708], "k_pid_alt": [1.6716512152314502, 0.23063777604534963, 0.7097319917411249], "k_pid_att": [40.95364964648909, 9.431466184547192, 0.9549482043874501], "k_pid_yaw": [0.5, 1e-06, 0.1], "k_pid_hsp": [6.983896495359683, 0.19641676565651, 0.07414314516477216], "k_pid_vsp": [114.10398472258376, 138.2255930868653, 25.665388030140747]}, "datetime": {"datetime": "2025-08-21 01:34:35", "elapsed": 49330.084411382675, "delta": 62.38288688659668}, "costs": {"total_cost": 242.39769657531875, "time_cost": 82.616, "final_distance_cost": 1.7691792178157877, "oscillation_cost": 77.42733991282972, "completition_cost": 0.0, "overshoot_cost": 51.19673539638281, "power_cost": 16.30115927734375, "noise_cost": 13.087282770946667, "n_waypoints_completed": 9, "tot_waypoints": 9}}
{"target": -1275.5736918017851, "params": {"k_pid_pos": [0.25255817028099076, 0.5396714901401628, 0.20496210709675067], "k_pid_alt": [1.7726866969553459, 0.04430329631936414, 0.8851472707130482], "k_pid_att": [81.34202612344247, 6.035050483191489, 0.26879643629243877], "k_pid_yaw": [0.5, 1e-06, 0.1], "k_pid_hsp": [3.288235672276839, 0.21099750543748907, 0.11752531073630579], "k_pid_vsp": [175.86346677686936, 77.6621970419781, 296.03635834631126]}, "datetime": {"datetime": "2025-08-21 01:35:15", "elapsed": 49370.51154255867, "delta": 40.42713117599487}, "costs": {"total_cost": 1275.5736918017851, "time_cost": 150, "final_distance_cost": 68.13140235110444, "oscillation_cost": 287.28828491390783, "completition_cost": 666.6666666666667, "overshoot_cost": 61.624155524385195, "power_cost": 23.060090771484376, "noise_cost": 18.80309157423658, "n_waypoints_completed": 3, "tot_waypoints": 9}}
