{"target": -258.2419737783633, "params": {"k_pid_pos": [2.0, 0.0, 0.7652061388249707], "k_pid_alt": [1.3266702516379225, 0.3761025556269101, 0.6755630329893054], "k_pid_att": [54.35900112762352, 10.0, 1.0], "k_pid_yaw": [0.5, 1e-06, 0.1], "k_pid_hsp": [10.0, 1.0, 0.0], "k_pid_vsp": [237.07936696756406, 73.60487677786936, 155.920632900526]}, "datetime": {"datetime": "2025-08-21 04:07:40", "elapsed": 58514.78143310547, "delta": 39.826979637145996}, "costs": {"total_cost": 258.2419737783633, "time_cost": 83.85600000000001, "final_distance_cost": 1.7208063457335407, "oscillation_cost": 85.24461185062569, "completition_cost": 0.0, "overshoot_cost": 58.346438655442846, "power_cost": 16.373685412597656, "noise_cost": 12.700431513963546, "n_waypoints_completed": 9, "tot_waypoints": 9}}
{"target": -692.1206279863175, "params": {"k_pid_pos": [1.3667247643162879, 0.24714635746199273, 0.5911603014545858], "k_pid_alt": [1.0418863312038056, 0.06027110623529012, 0.3292500673621776], "k_pid_att": [38.5439229405002, 5.010422876349854, 0.6145881322406821], "k_pid_yaw": [0.5, 1e-06, 0.1], "k_pid_hsp": [8.03046764041951, 0.8397719768844766, 0.8147062548593635], "k_pid_vsp": [177.5450623720185, 47.15584059109237, 15.05505278338908]}, "datetime": {"datetime": "2025-08-21 04:08:34", "elapsed": 58568.648585796356, "delta": 53.86715269088745}, "costs": {"total_cost": 692.1206279863175, "time_cost": 150, "final_distance_cost": 63.69283465126283, "oscillation_cost": 283.9878099727914, "completition_cost": 111.11111111111116, "overshoot_cost": 45.531919131798105, "power_cost": 21.807501367187502, "noise_cost": 15.98945175216647, "n_waypoints_completed": 8, "tot_waypoints": 9}}
{"target": -436.2070310251702, "params": {"k_pid_pos": [1.4264711671574541, 0.4669581598706854, 0.37798944089604825], "k_pid_alt": [2.0, 0.6458383768113989, 0.8090692075549393], "k_pid_att": [69.09627043192883, 1.5325495861221823, 1.0], "k_pid_yaw": [0.5, 1e-06, 0.1], "k_pid_hsp": [8.843168287434736, 0.5828232266235708, 0.2864778977224551], "k_pid_vsp": [177.0917778188193, 146.56248431053265, 67.9392689016195]}, "datetime": {"datetime": "2025-08-21 04:09:23", "elapsed": 58617.97922825813, "delta": 49.33064246177673}, "costs": {"total_cost": 436.2070310251702, "time_cost": 92.224, "final_distance_cost": 1.7383342067850316, "oscillation_cost": 253.1439909931693, "completition_cost": 0.0, "overshoot_cost": 54.04120387844134, "power_cost": 19.90532706298828, "noise_cost": 15.154174883786188, "n_waypoints_completed": 9, "tot_waypoints": 9}}
{"target": -378.0952985599377, "params": {"k_pid_pos": [0.8972945111538916, 0.4429998860739752, 0.06662864905948938], "k_pid_alt": [1.73614664947779, 0.6807178816578965, 0.6009780108810514], "k_pid_att": [72.71357987022266, 0.0001, 0.401950451787375], "k_pid_yaw": [0.5, 1e-06, 0.1], "k_pid_hsp": [4.479265914887929, 0.6050258578186604, 0.19513579772199752], "k_pid_vsp": [177.22267321510637, 147.18202243767936, 66.47746771952424]}, "datetime": {"datetime": "2025-08-21 04:10:00", "elapsed": 58655.020278930664, "delta": 37.04105067253113}, "costs": {"total_cost": 378.0952985599377, "time_cost": 81.296, "final_distance_cost": 1.7420255516604695, "oscillation_cost": 211.3782103071854, "completition_cost": 0.0, "overshoot_cost": 51.310365795143696, "power_cost": 18.39748365478516, "noise_cost": 13.971213251162965, "n_waypoints_completed": 9, "tot_waypoints": 9}}
{"target": -339.7595742141843, "params": {"k_pid_pos": [1.4390377605806035, 0.11751161370009884, 0.6799035898197398], "k_pid_alt": [0.6160737897795664, 0.8358983762379394, 0.6741503996484913], "k_pid_att": [11.39523147796643, 2.033255715326074, 0.5956716570990008], "k_pid_yaw": [0.5, 1e-06, 0.1], "k_pid_hsp": [5.460352802518366, 0.2451205781939583, 0.6527991547222644], "k_pid_vsp": [330.50913724931155, 329.2786138571004, 16.250219290110465]}, "datetime": {"datetime": "2025-08-21 04:10:42", "elapsed": 58696.72381567955, "delta": 41.70353674888611}, "costs": {"total_cost": 339.7595742141843, "time_cost": 87.256, "final_distance_cost": 1.726164423296991, "oscillation_cost": 164.57623632941565, "completition_cost": 0.0, "overshoot_cost": 57.49832512841953, "power_cost": 16.399123352050783, "noise_cost": 12.303724981001306, "n_waypoints_completed": 9, "tot_waypoints": 9}}
{"target": -729.3819251066276, "params": {"k_pid_pos": [0.559035639838101, 0.5119628896701275, 0.48937906139529064], "k_pid_alt": [1.3323904384916267, 0.8576790586637999, 0.246062519307103], "k_pid_att": [29.160870980592456, 0.7664746079433374, 0.839905640980389], "k_pid_yaw": [0.5, 1e-06, 0.1], "k_pid_hsp": [2.041652646332213, 0.5067083231253494, 0.17393239560980311], "k_pid_vsp": [333.1306929802518, 205.02567446229227, 30.07735210274162]}, "datetime": {"datetime": "2025-08-21 04:11:41", "elapsed": 58756.260269880295, "delta": 59.53645420074463}, "costs": {"total_cost": 729.3819251066276, "time_cost": 150, "final_distance_cost": 68.51216065286866, "oscillation_cost": 207.06705429825152, "completition_cost": 222.2222222222222, "overshoot_cost": 49.24343491890047, "power_cost": 17.676518298339843, "noise_cost": 14.660534716044895, "n_waypoints_completed": 7, "tot_waypoints": 9}}
{"target": -254.39895080638965, "params": {"k_pid_pos": [1.0085230602457589, 0.714805080946419, 0.5013746909036277], "k_pid_alt": [1.9987111299764502, 0.46505543573313113, 0.12796119171725223], "k_pid_att": [39.393480790499936, 6.881783547544904, 0.21212638592538735], "k_pid_yaw": [0.5, 1e-06, 0.1], "k_pid_hsp": [4.91563790377447, 0.2198402121799555, 0.0], "k_pid_vsp": [313.1987331837987, 47.099201614227454, 63.438985496419626]}, "datetime": {"datetime": "2025-08-21 04:12:20", "elapsed": 58795.306312799454, "delta": 39.046042919158936}, "costs": {"total_cost": 254.39895080638965, "time_cost": 98.184, "final_distance_cost": 1.7562272237894847, "oscillation_cost": 71.67585733706007, "completition_cost": 0.0, "overshoot_cost": 54.50442388157152, "power_cost": 15.857392236328126, "noise_cost": 12.421050127640457, "n_waypoints_completed": 9, "tot_waypoints": 9}}
{"target": -1131.1084189537878, "params": {"k_pid_pos": [0.5694255013372436, 0.0, 0.00704545110178202], "k_pid_alt": [0.968802584481187, 0.3702214030995581, 0.35387796504127406], "k_pid_att": [14.639241928950302, 9.894320835884017, 0.803915390180584], "k_pid_yaw": [0.5, 1e-06, 0.1], "k_pid_hsp": [3.01393244336159, 0.7320704771360022, 0.028658131536129307], "k_pid_vsp": [338.88425490572195, 349.0246322320874, 359.49114530573956]}, "datetime": {"datetime": "2025-08-21 04:13:00", "elapsed": 58834.76249241829, "delta": 39.45617961883545}, "costs": {"total_cost": 1131.1084189537878, "time_cost": 150, "final_distance_cost": 97.21336500576949, "oscillation_cost": 36.66060009681119, "completition_cost": 777.7777777777778, "overshoot_cost": 49.362957514612866, "power_cost": 10.586527868652345, "noise_cost": 9.507190690163899, "n_waypoints_completed": 2, "tot_waypoints": 9}}
{"target": -968.2902372578326, "params": {"k_pid_pos": [0.6756542102779295, 0.0, 0.001278433395386817], "k_pid_alt": [0.8469967247361916, 1.0, 0.5586748533634254], "k_pid_att": [12.591718229350993, 9.503847614004803, 0.038579630554928815], "k_pid_yaw": [0.5, 1e-06, 0.1], "k_pid_hsp": [3.597243288933321, 0.44371069643114097, 0.41429395974272026], "k_pid_vsp": [342.7318587599731, 343.2616138326866, 357.7023836686677]}, "datetime": {"datetime": "2025-08-21 04:13:45", "elapsed": 58880.39151787758, "delta": 45.62902545928955}, "costs": {"total_cost": 968.2902372578326, "time_cost": 150, "final_distance_cost": 63.46469714803409, "oscillation_cost": 328.9380761155234, "completition_cost": 333.33333333333337, "overshoot_cost": 56.679337372292025, "power_cost": 20.527052416992188, "noise_cost": 15.347740871657525, "n_waypoints_completed": 6, "tot_waypoints": 9}}
{"target": -499.11480887436625, "params": {"k_pid_pos": [2.0, 0.2660969870323154, 0.4103431044840388], "k_pid_alt": [1.5541381014285207, 0.0, 1.0], "k_pid_att": [36.11403026382006, 1.1393978677188688, 1.0], "k_pid_yaw": [0.5, 1e-06, 0.1], "k_pid_hsp": [0.4033371111922479, 1.0, 0.0], "k_pid_vsp": [289.6222895559404, 270.16692934276193, 132.7198089355769]}, "datetime": {"datetime": "2025-08-21 04:14:29", "elapsed": 58924.22901511192, "delta": 43.83749723434448}, "costs": {"total_cost": 499.11480887436625, "time_cost": 150, "final_distance_cost": 41.861471921482476, "oscillation_cost": 98.40998811422317, "completition_cost": 111.11111111111116, "overshoot_cost": 55.308943583953194, "power_cost": 25.328840063476562, "noise_cost": 17.094454080119764, "n_waypoints_completed": 8, "tot_waypoints": 9}}
{"target": -220.0170481662024, "params": {"k_pid_pos": [0.6417016515212549, 0.0, 0.2648999550384161], "k_pid_alt": [1.5210499328063378, 0.0, 0.0], "k_pid_att": [84.50443362035043, 7.094705896203608, 1.0], "k_pid_yaw": [0.5, 1e-06, 0.1], "k_pid_hsp": [7.148050924703013, 1.0, 0.0], "k_pid_vsp": [115.80173197935589, 277.39629424452943, 96.11777262941337]}, "datetime": {"datetime": "2025-08-21 04:15:15", "elapsed": 58970.413096666336, "delta": 46.18408155441284}, "costs": {"total_cost": 220.0170481662024, "time_cost": 83.224, "final_distance_cost": 1.8598003927989653, "oscillation_cost": 50.7947097630459, "completition_cost": 0.0, "overshoot_cost": 51.05016115553741, "power_cost": 17.916388354492188, "noise_cost": 15.171988500327904, "n_waypoints_completed": 9, "tot_waypoints": 9}}
{"target": -565.5798970848545, "params": {"k_pid_pos": [0.32891271223450175, 0.45231466176175117, 0.19432355771218568], "k_pid_alt": [1.9563014693009828, 0.4181269203496294, 0.39962880358955444], "k_pid_att": [11.55423056894972, 0.41978920021864247, 0.9839541876758751], "k_pid_yaw": [0.5, 1e-06, 0.1], "k_pid_hsp": [6.21788545920289, 0.6297100181602905, 0.040989487103781364], "k_pid_vsp": [330.30406480605234, 324.0442020296396, 20.699132545048634]}, "datetime": {"datetime": "2025-08-21 04:15:58", "elapsed": 59012.68265533447, "delta": 42.2695586681366}, "costs": {"total_cost": 565.5798970848545, "time_cost": 150, "final_distance_cost": 66.11707202210512, "oscillation_cost": 51.36500792022733, "completition_cost": 222.2222222222222, "overshoot_cost": 44.46122674023016, "power_cost": 17.577347753906253, "noise_cost": 13.837020426163509, "n_waypoints_completed": 7, "tot_waypoints": 9}}
{"target": -678.453261490084, "params": {"k_pid_pos": [1.5532164724997621, 0.09874637355150051, 0.06253817114462468], "k_pid_alt": [0.48307178979350507, 0.32024789246632357, 0.425997990885849], "k_pid_att": [81.21865231027833, 7.060881131224934, 0.7166259250410643], "k_pid_yaw": [0.5, 1e-06, 0.1], "k_pid_hsp": [7.668704412351808, 0.7436676068243776, 0.3261059536178863], "k_pid_vsp": [372.2205209754932, 264.44611238809324, 248.97415430622456]}, "datetime": {"datetime": "2025-08-21 04:16:49", "elapsed": 59064.45586705208, "delta": 51.77321171760559}, "costs": {"total_cost": 678.453261490084, "time_cost": 150, "final_distance_cost": 64.04151823206982, "oscillation_cost": 256.46783430412626, "completition_cost": 111.11111111111116, "overshoot_cost": 56.11034997229749, "power_cost": 23.771788476562502, "noise_cost": 16.950659393916705, "n_waypoints_completed": 8, "tot_waypoints": 9}}
{"target": -235.9604791523083, "params": {"k_pid_pos": [2.0, 1.0, 1.0], "k_pid_alt": [2.0, 0.0, 0.0], "k_pid_att": [54.2857984981267, 0.0001, 0.0], "k_pid_yaw": [0.5, 1e-06, 0.1], "k_pid_hsp": [2.146539377417564, 1.0, 0.0], "k_pid_vsp": [146.89874041193266, 281.82842192720693, 162.2622858853473]}, "datetime": {"datetime": "2025-08-21 04:17:35", "elapsed": 59109.66912031174, "delta": 45.21325325965881}, "costs": {"total_cost": 235.9604791523083, "time_cost": 84.136, "final_distance_cost": 1.8528976619336055, "oscillation_cost": 61.74375888550426, "completition_cost": 0.0, "overshoot_cost": 54.40295507025503, "power_cost": 18.639227770996094, "noise_cost": 15.185639763619282, "n_waypoints_completed": 9, "tot_waypoints": 9}}
{"target": -402.23190117031714, "params": {"k_pid_pos": [1.813951212020127, 0.5902452140961075, 0.6034705969397272], "k_pid_alt": [1.2316551947449936, 0.5075439442588514, 0.2957451642759004], "k_pid_att": [47.58139452993119, 3.1712830695079437, 0.2716100722112862], "k_pid_yaw": [0.5, 1e-06, 0.1], "k_pid_hsp": [8.152842759854195, 0.8349011007055023, 0.3225017453664429], "k_pid_vsp": [151.8082315691859, 49.27252315547087, 34.39502371496811]}, "datetime": {"datetime": "2025-08-21 04:18:18", "elapsed": 59152.64332008362, "delta": 42.9741997718811}, "costs": {"total_cost": 402.23190117031714, "time_cost": 88.152, "final_distance_cost": 1.7124488229625865, "oscillation_cost": 227.6701676948217, "completition_cost": 0.0, "overshoot_cost": 53.834699504682305, "power_cost": 17.019999353027345, "noise_cost": 13.8425857948232, "n_waypoints_completed": 9, "tot_waypoints": 9}}
{"target": -982.3614666526267, "params": {"k_pid_pos": [0.5426766093402362, 0.9553234070999915, 0.8253862944737019], "k_pid_alt": [0.294891744390398, 0.035103177610652736, 0.8043711503459028], "k_pid_att": [39.34579818474039, 0.21222272439487802, 0.37219944839197616], "k_pid_yaw": [0.5, 1e-06, 0.1], "k_pid_hsp": [9.14566795208384, 0.49016725549541573, 0.693242252743305], "k_pid_vsp": [291.03115863622907, 74.62984743551596, 35.96217389964712]}, "datetime": {"datetime": "2025-08-21 04:19:08", "elapsed": 59203.49415373802, "delta": 50.85083365440369}, "costs": {"total_cost": 982.3614666526267, "time_cost": 150, "final_distance_cost": 52.13688921797094, "oscillation_cost": 258.9556356801626, "completition_cost": 444.4444444444444, "overshoot_cost": 39.24597338955766, "power_cost": 21.638544543457034, "noise_cost": 15.939979377034119, "n_waypoints_completed": 5, "tot_waypoints": 9}}
{"target": -1802.6492558990014, "params": {"k_pid_pos": [2.0, 0.0, 1.0], "k_pid_alt": [0.0, 0.0, 1.0], "k_pid_att": [95.77027210894641, 0.0001, 1.0], "k_pid_yaw": [0.5, 1e-06, 0.1], "k_pid_hsp": [4.759077918065562, 1.0, 1.0], "k_pid_vsp": [168.77185855598307, 217.46993234969133, 45.19311871035254]}, "datetime": {"datetime": "2025-08-21 04:20:06", "elapsed": 59261.173641204834, "delta": 57.679487466812134}, "costs": {"total_cost": 1802.6492558990014, "time_cost": 150, "final_distance_cost": 0.9826093502116138, "oscillation_cost": 426.1864422983579, "completition_cost": 1000.0, "overshoot_cost": 135.43967252296915, "power_cost": 20.96913210449219, "noise_cost": 69.07139962297032, "n_waypoints_completed": 0, "tot_waypoints": 9}}
{"target": -217.70288713317572, "params": {"k_pid_pos": [1.9973190323601113, 0.9983824534815996, 0.9987593552356223], "k_pid_alt": [1.418723109608681, 0.012678592223621115, 0.9981119235559337], "k_pid_att": [11.856771849668522, 9.161619775301347, 0.9916882740076565], "k_pid_yaw": [0.5, 1e-06, 0.1], "k_pid_hsp": [9.974312466612613, 0.9847920248213682, 0.0068506894460894615], "k_pid_vsp": [165.47958951739355, 119.8935747455105, 17.893402057768963]}, "datetime": {"datetime": "2025-08-21 04:20:44", "elapsed": 59299.43118071556, "delta": 38.25753951072693}, "costs": {"total_cost": 217.70288713317572, "time_cost": 77.712, "final_distance_cost": 1.7504744633684346, "oscillation_cost": 59.58270676471679, "completition_cost": 0.0, "overshoot_cost": 50.098314052929084, "power_cost": 16.27628955078125, "noise_cost": 12.283102301380158, "n_waypoints_completed": 9, "tot_waypoints": 9}}
{"target": -573.0242202825498, "params": {"k_pid_pos": [1.588106080153925, 0.07818615974767984, 0.5222020226365153], "k_pid_alt": [0.28749645743938923, 0.045622368037362096, 0.28753172874586436], "k_pid_att": [50.97243487975045, 8.787344904822342, 0.9403544252612344], "k_pid_yaw": [0.5, 1e-06, 0.1], "k_pid_hsp": [9.245383933554841, 0.8657332733988348, 0.15472588963498443], "k_pid_vsp": [2.972276417648482, 364.3696778396019, 5.825799118129629]}, "datetime": {"datetime": "2025-08-21 04:21:36", "elapsed": 59350.9199552536, "delta": 51.48877453804016}, "costs": {"total_cost": 573.0242202825498, "time_cost": 150, "final_distance_cost": 64.48007348998564, "oscillation_cost": 164.0717987835329, "completition_cost": 111.11111111111116, "overshoot_cost": 47.85275175646947, "power_cost": 21.019390649414063, "noise_cost": 14.48909449203655, "n_waypoints_completed": 8, "tot_waypoints": 9}}
{"target": -1857.4022988952534, "params": {"k_pid_pos": [2.0, 0.0, 1.0], "k_pid_alt": [0.0, 0.0, 1.0], "k_pid_att": [16.810170459769772, 2.2910712017568757, 0.0], "k_pid_yaw": [0.5, 1e-06, 0.1], "k_pid_hsp": [7.262000234515208, 1.0, 1.0], "k_pid_vsp": [10.453274457368638, 220.97071968697682, 34.61930847432691]}, "datetime": {"datetime": "2025-08-21 04:22:31", "elapsed": 59405.72603392601, "delta": 54.80607867240906}, "costs": {"total_cost": 1857.4022988952534, "time_cost": 150, "final_distance_cost": 1.0075436308360881, "oscillation_cost": 500.37246710221274, "completition_cost": 1000.0, "overshoot_cost": 135.8205087787253, "power_cost": 12.10807313232422, "noise_cost": 58.09370625115474, "n_waypoints_completed": 0, "tot_waypoints": 9}}
{"target": -433.993794292499, "params": {"k_pid_pos": [1.0002642132711992, 0.08944822526154705, 0.47373792532178105], "k_pid_alt": [1.1950913203733475, 0.8486074264726705, 0.7524198061468621], "k_pid_att": [46.14615774963598, 1.1035529343415422, 0.6808214209436066], "k_pid_yaw": [0.5, 1e-06, 0.1], "k_pid_hsp": [5.25043524479098, 0.6108951130639276, 0.6881084890493825], "k_pid_vsp": [283.9301067241529, 78.52222839840296, 51.185556468659385]}, "datetime": {"datetime": "2025-08-21 04:23:17", "elapsed": 59452.050422906876, "delta": 46.32438898086548}, "costs": {"total_cost": 433.993794292499, "time_cost": 96.776, "final_distance_cost": 1.7719350084213377, "oscillation_cost": 244.48024763676145, "completition_cost": 0.0, "overshoot_cost": 55.221929210343646, "power_cost": 20.314275292968752, "noise_cost": 15.42940714400379, "n_waypoints_completed": 9, "tot_waypoints": 9}}
{"target": -318.3801713552533, "params": {"k_pid_pos": [1.896520556010853, 0.5317165885461036, 0.4658393300602627], "k_pid_alt": [1.7284835535464727, 0.03605653244842377, 0.8603577731738394], "k_pid_att": [16.120531650225633, 9.385106521404465, 0.8986634430390235], "k_pid_yaw": [0.5, 1e-06, 0.1], "k_pid_hsp": [9.864654374884857, 0.7518163555012116, 0.8176752525057147], "k_pid_vsp": [185.7079289230982, 1.7734291394351234, 24.244908069158786]}, "datetime": {"datetime": "2025-08-21 04:24:05", "elapsed": 59499.96426200867, "delta": 47.91383910179138}, "costs": {"total_cost": 318.3801713552533, "time_cost": 82.528, "final_distance_cost": 1.7631403330179356, "oscillation_cost": 148.04847083705232, "completition_cost": 0.0, "overshoot_cost": 54.52476459298174, "power_cost": 17.94679794921875, "noise_cost": 13.568997642982561, "n_waypoints_completed": 9, "tot_waypoints": 9}}
{"target": -674.541458750708, "params": {"k_pid_pos": [0.9898592847295784, 0.20208093944789537, 0.20551922391335034], "k_pid_alt": [1.5822594643689678, 0.7416330657771572, 0.863623175063987], "k_pid_att": [85.2320763678424, 7.4962675442142395, 0.7624329365347466], "k_pid_yaw": [0.5, 1e-06, 0.1], "k_pid_hsp": [8.21758457780458, 0.24240054501428987, 0.9383326633530532], "k_pid_vsp": [282.86885524611984, 77.47930166431748, 76.11406018373667]}, "datetime": {"datetime": "2025-08-21 04:24:44", "elapsed": 59539.14978337288, "delta": 39.185521364212036}, "costs": {"total_cost": 674.541458750708, "time_cost": 150, "final_distance_cost": 33.48524861496085, "oscillation_cost": 287.2221301056117, "completition_cost": 111.11111111111116, "overshoot_cost": 54.31043758291008, "power_cost": 21.647368896484377, "noise_cost": 16.76516243962981, "n_waypoints_completed": 8, "tot_waypoints": 9}}
{"target": -220.55056631007506, "params": {"k_pid_pos": [2.0, 0.0, 0.5958928790633119], "k_pid_alt": [2.0, 0.2719808470334139, 0.6202376309932056], "k_pid_att": [43.90621156197611, 2.0758788297764648, 1.0], "k_pid_yaw": [0.5, 1e-06, 0.1], "k_pid_hsp": [4.558136498616028, 0.11235333280745737, 0.0], "k_pid_vsp": [287.16868531485153, 74.47216691248562, 49.06179930969738]}, "datetime": {"datetime": "2025-08-21 04:25:49", "elapsed": 59603.80048584938, "delta": 64.65070247650146}, "costs": {"total_cost": 220.55056631007506, "time_cost": 82.912, "final_distance_cost": 1.7924396658336499, "oscillation_cost": 53.944854999963134, "completition_cost": 0.0, "overshoot_cost": 51.41671512913216, "power_cost": 17.549881286621094, "noise_cost": 12.934675228525002, "n_waypoints_completed": 9, "tot_waypoints": 9}}
{"target": -553.3775437786355, "params": {"k_pid_pos": [1.7102059002208818, 0.6646489996466218, 0.8470162955893422], "k_pid_alt": [1.3710141510713956, 0.13240355018576377, 0.43462070873432734], "k_pid_att": [17.41144938848115, 6.191691246232723, 0.5253733525714622], "k_pid_yaw": [0.5, 1e-06, 0.1], "k_pid_hsp": [4.1948125178991305, 0.038038845307905134, 0.17997411436859045], "k_pid_vsp": [11.279919223281087, 341.9811050581213, 13.574757272044437]}, "datetime": {"datetime": "2025-08-21 04:26:34", "elapsed": 59649.48547124863, "delta": 45.684985399246216}, "costs": {"total_cost": 553.3775437786355, "time_cost": 150, "final_distance_cost": 2.638286997599349, "oscillation_cost": 199.94232157097727, "completition_cost": 111.11111111111116, "overshoot_cost": 54.07604039270664, "power_cost": 20.709146850585938, "noise_cost": 14.900636855655215, "n_waypoints_completed": 8, "tot_waypoints": 9}}
