{"target": -218.09531696141852, "params": {"k_pid_pos": [0.7, 0.01, 0.09], "k_pid_alt": [0.7, 0.0, 0.1], "k_pid_att": [20.0, 1.0, 0.01], "k_pid_yaw": [0.5, 1e-06, 0.1], "k_pid_hsp": [1.0, 0.01, 0.01], "k_pid_vsp": [150.0, 10.0, 1.0]}, "datetime": {"datetime": "2025-08-20 11:52:44", "elapsed": 18.837814807891846, "delta": 18.837814807891846}, "costs": {"total_cost": 218.09531696141852, "time_cost": 80.52, "final_distance_cost": 1.846802047158783, "oscillation_cost": 57.276179474947774, "completition_cost": 0.0, "overshoot_cost": 51.66750285084266, "power_cost": 13.680444506835938, "noise_cost": 13.10438808163336, "n_waypoints_completed": 9, "tot_waypoints": 9}}
{"target": -949.4337917879056, "params": {"k_pid_pos": [0.9592078511211617, 0.30947606938052086, 0.022010012653043254], "k_pid_alt": [0.011903017108408687, 0.6543344691895749, 0.0037200501776830652], "k_pid_att": [36.775820816653024, 4.4545654502190715, 0.2607068752846412], "k_pid_yaw": [0.5, 1e-06, 0.1], "k_pid_hsp": [9.023965393735624, 0.14135625151309694, 0.7623107354766075], "k_pid_vsp": [240.24551479244187, 79.63106242365723, 288.41790454790697]}, "datetime": {"datetime": "2025-08-20 11:53:13", "elapsed": 47.55240225791931, "delta": 28.714587450027466}, "costs": {"total_cost": 949.4337917879056, "time_cost": 150, "final_distance_cost": 56.14072159970491, "oscillation_cost": 312.0323897118776, "completition_cost": 333.33333333333337, "overshoot_cost": 60.165480393811116, "power_cost": 19.925192712402346, "noise_cost": 17.836674036776333, "n_waypoints_completed": 6, "tot_waypoints": 9}}
{"target": -856.5183084637986, "params": {"k_pid_pos": [1.5604797474545922, 0.984566233820094, 0.5821027498787066], "k_pid_alt": [0.6751636723661119, 0.48378005308488914, 0.6677709202752172], "k_pid_att": [20.543719891315504, 3.391806958812471, 0.7884141498248943], "k_pid_yaw": [0.5, 1e-06, 0.1], "k_pid_hsp": [3.775798369584109, 0.9146278013571025, 0.4673302940299957], "k_pid_vsp": [153.32972956363764, 22.071089115246306, 2.555761570490294]}, "datetime": {"datetime": "2025-08-20 11:53:39", "elapsed": 74.14746022224426, "delta": 26.59505796432495}, "costs": {"total_cost": 856.5183084637986, "time_cost": 150, "final_distance_cost": 72.78586987051649, "oscillation_cost": 206.9848582284008, "completition_cost": 333.33333333333337, "overshoot_cost": 56.098736632900774, "power_cost": 19.841863781738283, "noise_cost": 17.473646616908812, "n_waypoints_completed": 6, "tot_waypoints": 9}}
{"target": -1361.4424706969235, "params": {"k_pid_pos": [0.4032424062673845, 0.18759307943056203, 0.7654065183290074], "k_pid_alt": [1.5872146631027435, 0.35955036306423527, 0.973788611998483], "k_pid_att": [90.01164694488348, 9.574433210317242, 0.5204878233030136], "k_pid_yaw": [0.5, 1e-06, 0.1], "k_pid_hsp": [4.779126015922827, 0.2573115766957942, 0.15265207928737645], "k_pid_vsp": [145.05725475242502, 124.85338162400657, 280.0788153732858]}, "datetime": {"datetime": "2025-08-20 11:54:05", "elapsed": 100.05171513557434, "delta": 25.904254913330078}, "costs": {"total_cost": 1361.4424706969235, "time_cost": 150, "final_distance_cost": 54.978407586462, "oscillation_cost": 395.92566730300143, "completition_cost": 666.6666666666667, "overshoot_cost": 52.61380208426113, "power_cost": 23.137075537109375, "noise_cost": 18.120851519422704, "n_waypoints_completed": 3, "tot_waypoints": 9}}
{"target": -1489.1616943774013, "params": {"k_pid_pos": [1.614059542148337, 0.8017951781501076, 0.6266638454060524], "k_pid_alt": [1.9801690442368671, 0.004518785524302293, 0.7796683521422544], "k_pid_att": [3.6159092500664847, 1.8012729384066664, 0.04739265928548819], "k_pid_yaw": [0.5, 1e-06, 0.1], "k_pid_hsp": [0.5113863824148254, 0.10219256465487148, 0.5458568215137766], "k_pid_vsp": [292.085957204352, 359.6719077283765, 354.7341787409241]}, "datetime": {"datetime": "2025-08-20 11:54:29", "elapsed": 123.71317863464355, "delta": 23.661463499069214}, "costs": {"total_cost": 1489.1616943774013, "time_cost": 150, "final_distance_cost": 58.29570494911296, "oscillation_cost": 288.73713906741546, "completition_cost": 888.8888888888888, "overshoot_cost": 70.98663295206933, "power_cost": 18.029463427734377, "noise_cost": 14.223865092180457, "n_waypoints_completed": 1, "tot_waypoints": 9}}
{"target": -719.9894213699453, "params": {"k_pid_pos": [0.6578046739103885, 0.9972880350108371, 0.19548630984871052], "k_pid_alt": [1.0858664087346468, 0.8796145899961921, 0.9600643217473245], "k_pid_att": [27.73094083020302, 9.92311242642357, 0.8494407179594156], "k_pid_yaw": [0.5, 1e-06, 0.1], "k_pid_hsp": [1.6730197956844182, 0.5279587253149591, 0.12986227987489352], "k_pid_vsp": [168.83100360183448, 8.412400971292616, 2.055301782272067]}, "datetime": {"datetime": "2025-08-20 11:54:52", "elapsed": 146.8765926361084, "delta": 23.163414001464844}, "costs": {"total_cost": 719.9894213699453, "time_cost": 150, "final_distance_cost": 62.41162124576154, "oscillation_cost": 74.16834454986267, "completition_cost": 333.33333333333337, "overshoot_cost": 61.689665290467964, "power_cost": 20.69266923828125, "noise_cost": 17.69378771223853, "n_waypoints_completed": 6, "tot_waypoints": 9}}
{"target": -1188.9794893611104, "params": {"k_pid_pos": [0.0024711326762461624, 0.8460337231415925, 0.5015603699778469], "k_pid_alt": [0.6389194638299103, 0.031013422832864346, 0.8323705765223487], "k_pid_att": [0.7895624252395872, 0.889332192795686, 0.6297069712786869], "k_pid_yaw": [0.5, 1e-06, 0.1], "k_pid_hsp": [2.3387682886660937, 0.549619052336076, 0.37803974570897525], "k_pid_vsp": [158.43004966726934, 19.78533013965694, 0.5189169993801707]}, "datetime": {"datetime": "2025-08-20 11:55:15", "elapsed": 169.8716914653778, "delta": 22.99509882926941}, "costs": {"total_cost": 1188.9794893611104, "time_cost": 150, "final_distance_cost": 101.47408188538571, "oscillation_cost": 99.53771187830824, "completition_cost": 666.6666666666667, "overshoot_cost": 138.06145230873184, "power_cost": 18.0385583984375, "noise_cost": 15.201018223580443, "n_waypoints_completed": 3, "tot_waypoints": 9}}
{"target": -836.1170889596747, "params": {"k_pid_pos": [1.723943521599625, 0.17060314631215256, 0.1764460667022011], "k_pid_alt": [0.23417451303565984, 0.6567492230349595, 0.10277196684334844], "k_pid_att": [32.39841023075832, 7.31185165170323, 0.15495455170711792], "k_pid_yaw": [0.5, 1e-06, 0.1], "k_pid_hsp": [0.07935495617743923, 0.23504525202235327, 0.015453685110517368], "k_pid_vsp": [173.35726546284715, 4.248577585942816, 15.183443755528549]}, "datetime": {"datetime": "2025-08-20 11:55:38", "elapsed": 192.63952469825745, "delta": 22.76783323287964}, "costs": {"total_cost": 836.1170889596747, "time_cost": 150, "final_distance_cost": 47.4454615179153, "oscillation_cost": 91.93919762747174, "completition_cost": 444.4444444444444, "overshoot_cost": 58.124212971865575, "power_cost": 25.805499230957032, "noise_cost": 18.358273167020645, "n_waypoints_completed": 5, "tot_waypoints": 9}}
{"target": -248.69925407950413, "params": {"k_pid_pos": [1.0271931596324522, 0.44064794947279406, 0.4155020287584349], "k_pid_alt": [1.0215339999997057, 0.4665221110214901, 0.3767439121912425], "k_pid_att": [21.267802830466266, 0.36703070033771185, 0.4202255955374571], "k_pid_yaw": [0.5, 1e-06, 0.1], "k_pid_hsp": [1.698149208299998, 0.38745761858663696, 0.00959293256792515], "k_pid_vsp": [141.2540561987397, 10.945955930594515, 14.048405762041904]}, "datetime": {"datetime": "2025-08-20 11:56:00", "elapsed": 214.65749096870422, "delta": 22.017966270446777}, "costs": {"total_cost": 248.69925407950413, "time_cost": 96.464, "final_distance_cost": 1.7088948128875119, "oscillation_cost": 47.26361159806553, "completition_cost": 0.0, "overshoot_cost": 54.80518827722487, "power_cost": 28.567425830078125, "noise_cost": 19.890133561248085, "n_waypoints_completed": 9, "tot_waypoints": 9}}
{"target": -367.256463583751, "params": {"k_pid_pos": [1.33556512002462, 0.08123778700877982, 0.9819528909096343], "k_pid_alt": [1.3630901032432614, 0.3149393946763487, 0.05823471910132627], "k_pid_att": [54.52607273070475, 0.7230625714618302, 0.6240326437695111], "k_pid_yaw": [0.5, 1e-06, 0.1], "k_pid_hsp": [8.83751559302968, 0.32577520279256456, 0.04022532976229398], "k_pid_vsp": [154.30540492357196, 3.8944211547999332, 16.338797637154585]}, "datetime": {"datetime": "2025-08-20 11:56:18", "elapsed": 233.07566833496094, "delta": 18.418177366256714}, "costs": {"total_cost": 367.256463583751, "time_cost": 80.688, "final_distance_cost": 1.784344014620806, "oscillation_cost": 201.62294049227512, "completition_cost": 0.0, "overshoot_cost": 51.89239332442952, "power_cost": 17.75799011230469, "noise_cost": 13.510795640120813, "n_waypoints_completed": 9, "tot_waypoints": 9}}
{"target": -1506.2971172974735, "params": {"k_pid_pos": [0.009160254537273016, 0.22510502084077022, 0.2596746162931758], "k_pid_alt": [0.055180782298061226, 0.7121532245376846, 0.9177907399420355], "k_pid_att": [40.75585153265004, 2.9474791945608705, 0.622283987500532], "k_pid_yaw": [0.5, 1e-06, 0.1], "k_pid_hsp": [9.847643461427124, 0.5627970318368876, 0.47617639982447035], "k_pid_vsp": [19.306287316669078, 212.4417528632926, 209.55410671048355]}, "datetime": {"datetime": "2025-08-20 11:56:41", "elapsed": 255.59047865867615, "delta": 22.51481032371521}, "costs": {"total_cost": 1506.2971172974735, "time_cost": 150, "final_distance_cost": 79.41183482513486, "oscillation_cost": 294.8982619142714, "completition_cost": 888.8888888888888, "overshoot_cost": 51.55815630350562, "power_cost": 23.46628173828125, "noise_cost": 18.073693627391652, "n_waypoints_completed": 1, "tot_waypoints": 9}}
{"target": -910.2985021405249, "params": {"k_pid_pos": [1.7424757134132187, 0.42529341255345554, 0.38053673839806457], "k_pid_alt": [0.617223521220378, 0.058413172348841136, 0.4717329474404507], "k_pid_att": [30.07234070279233, 7.292764297488666, 0.2943597043838625], "k_pid_yaw": [0.5, 1e-06, 0.1], "k_pid_hsp": [9.474428041991274, 0.8029637316700132, 0.6488915315336653], "k_pid_vsp": [167.47271908931728, 12.975065582509112, 3.9515489905699646]}, "datetime": {"datetime": "2025-08-20 11:57:05", "elapsed": 279.5572392940521, "delta": 23.966760635375977}, "costs": {"total_cost": 910.2985021405249, "time_cost": 150, "final_distance_cost": 66.56256567338346, "oscillation_cost": 282.94867897971636, "completition_cost": 333.33333333333337, "overshoot_cost": 41.175328780229904, "power_cost": 20.074891442871095, "noise_cost": 16.20370393099066, "n_waypoints_completed": 6, "tot_waypoints": 9}}
{"target": -1265.074507893657, "params": {"k_pid_pos": [0.0001, 0.0, 0.0], "k_pid_alt": [1.5099465262938991, 0.1282502644489101, 0.0], "k_pid_att": [34.13684678735883, 0.0001, 0.0], "k_pid_yaw": [0.5, 1e-06, 0.1], "k_pid_hsp": [0.0001, 0.0, 0.0], "k_pid_vsp": [139.2175794729349, 1e-06, 0.28227555920330266]}, "datetime": {"datetime": "2025-08-20 11:57:29", "elapsed": 304.33786058425903, "delta": 24.78062129020691}, "costs": {"total_cost": 1265.074507893657, "time_cost": 150, "final_distance_cost": 46.02630521150243, "oscillation_cost": 12.0133177530983, "completition_cost": 1000.0, "overshoot_cost": 31.25722225033223, "power_cost": 12.815471142578126, "noise_cost": 12.962191536145866, "n_waypoints_completed": 0, "tot_waypoints": 9}}
{"target": -486.18523519392505, "params": {"k_pid_pos": [1.0270710775239333, 0.04132780600705499, 0.8827361310148646], "k_pid_alt": [0.3274926999547987, 0.23162437251826784, 0.5775322319386987], "k_pid_att": [21.203028925771903, 9.940182794899838, 0.46367906360872846], "k_pid_yaw": [0.5, 1e-06, 0.1], "k_pid_hsp": [9.21745638810988, 0.7656074567931642, 0.5684263867270618], "k_pid_vsp": [141.73925465590455, 13.519494271825364, 11.737166980244247]}, "datetime": {"datetime": "2025-08-20 11:57:51", "elapsed": 325.74745082855225, "delta": 21.409590244293213}, "costs": {"total_cost": 486.18523519392505, "time_cost": 93.47200000000001, "final_distance_cost": 1.7459629881464442, "oscillation_cost": 304.6689055089094, "completition_cost": 0.0, "overshoot_cost": 54.30423790702446, "power_cost": 17.908090014648437, "noise_cost": 14.086038775196322, "n_waypoints_completed": 9, "tot_waypoints": 9}}
{"target": -249.39216785857766, "params": {"k_pid_pos": [0.9187694895270274, 0.12506086580863252, 0.25465833760796097], "k_pid_alt": [0.25651609830927735, 0.18014521546991014, 0.5999944396284104], "k_pid_att": [3.7365213403351527, 2.051564100539974, 0.33716349957288916], "k_pid_yaw": [0.5, 1e-06, 0.1], "k_pid_hsp": [8.241696567112411, 0.405875459838398, 0.07947547794480125], "k_pid_vsp": [261.62800795162934, 271.94065802648515, 39.42295921510891]}, "datetime": {"datetime": "2025-08-20 11:58:11", "elapsed": 346.2820301055908, "delta": 20.534579277038574}, "costs": {"total_cost": 249.39216785857766, "time_cost": 88.19200000000001, "final_distance_cost": 1.7403892375590964, "oscillation_cost": 80.52075990841763, "completition_cost": 0.0, "overshoot_cost": 53.14438067434935, "power_cost": 14.165482238769531, "noise_cost": 11.629155799482039, "n_waypoints_completed": 9, "tot_waypoints": 9}}
{"target": -1073.913402288026, "params": {"k_pid_pos": [0.6197266692744366, 0.02193440914944067, 0.44563442782357787], "k_pid_alt": [0.05842350304153898, 0.34271899273842077, 0.9911851979851526], "k_pid_att": [1.2706548423407016, 0.5129212895357296, 0.49207202535592776], "k_pid_yaw": [0.5, 1e-06, 0.1], "k_pid_hsp": [1.5469984801982237, 0.983358410323474, 0.3082034604425795], "k_pid_vsp": [100.45102739656926, 349.6188876510427, 165.64232407944826]}, "datetime": {"datetime": "2025-08-20 11:58:34", "elapsed": 369.3497712612152, "delta": 23.06774115562439}, "costs": {"total_cost": 1073.913402288026, "time_cost": 150, "final_distance_cost": 54.77819849447354, "oscillation_cost": 114.19579828079377, "completition_cost": 666.6666666666667, "overshoot_cost": 55.99227878917113, "power_cost": 18.63938953857422, "noise_cost": 13.641070518346385, "n_waypoints_completed": 3, "tot_waypoints": 9}}
{"target": -1104.5306347059936, "params": {"k_pid_pos": [0.8701325164051292, 0.811431853254621, 0.21660606242292724], "k_pid_alt": [1.2910475119271547, 0.5582427816465426, 0.6079980304256681], "k_pid_att": [44.52820208261754, 3.6284501688365878, 0.7166470052988253], "k_pid_yaw": [0.5, 1e-06, 0.1], "k_pid_hsp": [3.7740445451021083, 0.7109937819401078, 0.9795185652707281], "k_pid_vsp": [50.80153488691788, 121.31651321518737, 101.71794157212592]}, "datetime": {"datetime": "2025-08-20 11:58:56", "elapsed": 391.38987970352173, "delta": 22.04010844230652}, "costs": {"total_cost": 1104.5306347059936, "time_cost": 150, "final_distance_cost": 49.75343661984848, "oscillation_cost": 129.9524308371653, "completition_cost": 666.6666666666667, "overshoot_cost": 68.50697496056037, "power_cost": 22.27984556884766, "noise_cost": 17.371280052905217, "n_waypoints_completed": 3, "tot_waypoints": 9}}
{"target": -826.921144915066, "params": {"k_pid_pos": [0.5683616532567024, 0.9852278021892706, 0.351257162819126], "k_pid_alt": [0.6196276523260813, 0.22644493487646455, 0.7528194021266114], "k_pid_att": [54.86128205657004, 5.617548416988487, 0.3594242343957035], "k_pid_yaw": [0.5, 1e-06, 0.1], "k_pid_hsp": [8.871129217022473, 0.433065711469207, 0.12748618870063755], "k_pid_vsp": [350.0214279941717, 243.20786920494928, 332.3066740225852]}, "datetime": {"datetime": "2025-08-20 11:59:18", "elapsed": 413.36915707588196, "delta": 21.97927737236023}, "costs": {"total_cost": 826.921144915066, "time_cost": 150, "final_distance_cost": 53.841041182339, "oscillation_cost": 202.99492854750537, "completition_cost": 333.33333333333337, "overshoot_cost": 48.244784977788676, "power_cost": 22.260083618164064, "noise_cost": 16.246973255935522, "n_waypoints_completed": 6, "tot_waypoints": 9}}
{"target": -291.2570362228261, "params": {"k_pid_pos": [1.1023148877972344, 0.01869393101847864, 0.22187325059111881], "k_pid_alt": [0.12002243864864902, 0.16662185743260882, 0.7100255092369636], "k_pid_att": [1.3794896149780604, 1.6109799713628452, 0.3210104704761309], "k_pid_yaw": [0.5, 1e-06, 0.1], "k_pid_hsp": [8.10464520085828, 0.29798223949366814, 0.015013175865716951], "k_pid_vsp": [260.81352617770847, 280.72198787694225, 44.71382598364617]}, "datetime": {"datetime": "2025-08-20 11:59:37", "elapsed": 432.1136848926544, "delta": 18.74452781677246}, "costs": {"total_cost": 291.2570362228261, "time_cost": 84.128, "final_distance_cost": 1.8015298788647454, "oscillation_cost": 117.8516832211333, "completition_cost": 0.0, "overshoot_cost": 57.1815407398159, "power_cost": 17.318743298339843, "noise_cost": 12.975539084672324, "n_waypoints_completed": 9, "tot_waypoints": 9}}
{"target": -305.17474889797217, "params": {"k_pid_pos": [1.1062794001651748, 0.7220765695649407, 0.3409460686318747], "k_pid_alt": [0.9506795375222836, 0.12988659058173602, 0.5067909462884342], "k_pid_att": [1.709288298797984, 1.8390041058189617, 0.11491387454471058], "k_pid_yaw": [0.5, 1e-06, 0.1], "k_pid_hsp": [4.962964016937103, 0.9583624194350413, 0.809793910106421], "k_pid_vsp": [262.7735835578375, 282.90806014664815, 31.04632870370178]}, "datetime": {"datetime": "2025-08-20 11:59:56", "elapsed": 451.2714087963104, "delta": 19.157723903656006}, "costs": {"total_cost": 305.17474889797217, "time_cost": 87.08, "final_distance_cost": 1.7245374601969992, "oscillation_cost": 125.66769994645753, "completition_cost": 0.0, "overshoot_cost": 59.77146297175234, "power_cost": 17.719905969238283, "noise_cost": 13.211142550327006, "n_waypoints_completed": 9, "tot_waypoints": 9}}
{"target": -661.5546762884481, "params": {"k_pid_pos": [1.2739526164530008, 0.8966481824608059, 0.004549398337899024], "k_pid_alt": [1.3868770219563504, 0.41632263888105625, 0.5404595098887749], "k_pid_att": [13.325456768663003, 0.5302148513995075, 0.4797130512964597], "k_pid_yaw": [0.5, 1e-06, 0.1], "k_pid_hsp": [5.745236353291963, 0.6553332873008334, 0.9813488048545306], "k_pid_vsp": [269.88613939556967, 283.4226718966807, 32.32511741429764]}, "datetime": {"datetime": "2025-08-20 12:00:21", "elapsed": 475.6396405696869, "delta": 24.368231773376465}, "costs": {"total_cost": 661.5546762884481, "time_cost": 150, "final_distance_cost": 80.93597460350473, "oscillation_cost": 107.9991247928326, "completition_cost": 222.2222222222222, "overshoot_cost": 63.94018494448258, "power_cost": 21.043273168945312, "noise_cost": 15.413896556460749, "n_waypoints_completed": 7, "tot_waypoints": 9}}
{"target": -977.1912229840157, "params": {"k_pid_pos": [0.42062410765612895, 0.183392316578308, 0.7546283207573753], "k_pid_alt": [1.5968823961961658, 0.8340685001035022, 0.9678285134964127], "k_pid_att": [17.834635395446508, 8.263067780943333, 0.8835458203375272], "k_pid_yaw": [0.5, 1e-06, 0.1], "k_pid_hsp": [0.14831654658152305, 0.9149712571318477, 0.5147490139608188], "k_pid_vsp": [137.95809132739953, 21.450933817780182, 9.717463410735654]}, "datetime": {"datetime": "2025-08-20 12:00:45", "elapsed": 499.7233362197876, "delta": 24.083695650100708}, "costs": {"total_cost": 977.1912229840157, "time_cost": 150, "final_distance_cost": 50.0578897063535, "oscillation_cost": 248.20600671695905, "completition_cost": 444.4444444444444, "overshoot_cost": 50.96069971591161, "power_cost": 18.26957589111328, "noise_cost": 15.252606509233827, "n_waypoints_completed": 5, "tot_waypoints": 9}}
{"target": -4795.650161726932, "params": {"k_pid_pos": [0.7017003905300618, 0.6394559245719394, 0.5916666396596846], "k_pid_alt": [1.3692035415296953, 0.6089845186006196, 0.12020435279382469], "k_pid_att": [0.004525760311191451, 8.386144507463193, 0.681512231417418], "k_pid_yaw": [0.5, 1e-06, 0.1], "k_pid_hsp": [8.247020465313598, 0.48439234246007623, 0.4965797448701422], "k_pid_vsp": [257.898084143214, 263.302295477593, 38.22959136987325]}, "datetime": {"datetime": "2025-08-20 12:01:10", "elapsed": 524.6257615089417, "delta": 24.902425289154053}, "costs": {"total_cost": 4795.650161726932, "time_cost": 150, "final_distance_cost": 475.6675537470846, "oscillation_cost": 2162.0202983918266, "completition_cost": 1000.0, "overshoot_cost": 869.6241240195844, "power_cost": 35.89400987548828, "noise_cost": 102.44417569294836, "n_waypoints_completed": 0, "tot_waypoints": 9}}
{"target": -670.6241420904707, "params": {"k_pid_pos": [0.6681578433675305, 0.8750180072267563, 0.20146640469052557], "k_pid_alt": [1.88127775807793, 0.4343863138223052, 0.04461506716954755], "k_pid_att": [8.191010345453108, 4.73972643482088, 0.40597434063955307], "k_pid_yaw": [0.5, 1e-06, 0.1], "k_pid_hsp": [7.470904263123755, 0.9240224493673345, 0.3668676915267106], "k_pid_vsp": [145.82701509538768, 14.026940652917279, 12.477154914147661]}, "datetime": {"datetime": "2025-08-20 12:01:34", "elapsed": 549.2437887191772, "delta": 24.618027210235596}, "costs": {"total_cost": 670.6241420904707, "time_cost": 150, "final_distance_cost": 77.80999178933705, "oscillation_cost": 135.37097557839627, "completition_cost": 222.2222222222222, "overshoot_cost": 49.64228603944187, "power_cost": 20.221004736328126, "noise_cost": 15.357661724745219, "n_waypoints_completed": 7, "tot_waypoints": 9}}
{"target": -767.7268528180538, "params": {"k_pid_pos": [1.5556115125846115, 0.06332087798030595, 0.032561277754036055], "k_pid_alt": [0.21561815121666283, 0.7433867027751928, 0.49695427233914125], "k_pid_att": [29.434971566339595, 8.440764712214602, 0.6769283595583162], "k_pid_yaw": [0.5, 1e-06, 0.1], "k_pid_hsp": [3.6551092519752846, 0.5976998567782229, 0.7525045713646153], "k_pid_vsp": [146.27203668098718, 10.294766365937285, 9.836406959068963]}, "datetime": {"datetime": "2025-08-20 12:01:59", "elapsed": 573.8286311626434, "delta": 24.584842443466187}, "costs": {"total_cost": 767.7268528180538, "time_cost": 150, "final_distance_cost": 76.23998844032347, "oscillation_cost": 223.8691968229627, "completition_cost": 222.2222222222222, "overshoot_cost": 58.69086279445651, "power_cost": 20.502174255371095, "noise_cost": 16.20240828271781, "n_waypoints_completed": 7, "tot_waypoints": 9}}
