{"target": -390.03114770579776, "params": {"k_pid_pos": [2.0, 0.0, 1.0], "k_pid_alt": [2.0, 0.0, 1.0], "k_pid_att": [37.56186537306011, 0.0001, 1.0], "k_pid_yaw": [0.5, 1e-06, 0.1], "k_pid_hsp": [10.0, 1.0, 1.0], "k_pid_vsp": [283.2271565926251, 83.14414952725933, 179.72889319141288]}, "datetime": {"datetime": "2025-08-21 08:25:42", "elapsed": 73997.21175312996, "delta": 40.553099155426025}, "costs": {"total_cost": 390.03114770579776, "time_cost": 88.56, "final_distance_cost": 1.8179013406172473, "oscillation_cost": 210.77527447959326, "completition_cost": 0.0, "overshoot_cost": 58.983407606726445, "power_cost": 16.633952539062502, "noise_cost": 13.260611739798266, "n_waypoints_completed": 9, "tot_waypoints": 9}}
{"target": -1621.5343923786913, "params": {"k_pid_pos": [0.0001, 0.0, 0.7417389728781202], "k_pid_alt": [1.4821312204238415, 0.0, 0.0], "k_pid_att": [36.7219460732482, 10.0, 1.0], "k_pid_yaw": [0.5, 1e-06, 0.1], "k_pid_hsp": [6.142928009307069, 1.0, 1.0], "k_pid_vsp": [178.17952196169588, 48.25913597425257, 18.597126959061058]}, "datetime": {"datetime": "2025-08-21 08:26:26", "elapsed": 74040.85684967041, "delta": 43.64509654045105}, "costs": {"total_cost": 1621.5343923786913, "time_cost": 150, "final_distance_cost": 45.999425870106144, "oscillation_cost": 382.2231140210118, "completition_cost": 1000.0, "overshoot_cost": 30.456863832572118, "power_cost": 5.840967639160157, "noise_cost": 7.01402101584123, "n_waypoints_completed": 0, "tot_waypoints": 9}}
{"target": -588.2878738749118, "params": {"k_pid_pos": [1.7435770904481447, 0.5269847755863752, 1.0], "k_pid_alt": [2.0, 0.29708316561089915, 0.013476188323364158], "k_pid_att": [60.836704839817, 6.91746449481129, 0.537424518374667], "k_pid_yaw": [0.5, 1e-06, 0.1], "k_pid_hsp": [4.425498646942848, 0.1490085574618402, 0.0], "k_pid_vsp": [334.2367918606478, 398.6242553401726, 308.87148092630423]}, "datetime": {"datetime": "2025-08-21 08:27:12", "elapsed": 74086.5493118763, "delta": 45.69246220588684}, "costs": {"total_cost": 588.2878738749118, "time_cost": 150, "final_distance_cost": 73.40362408595345, "oscillation_cost": 60.42274233152483, "completition_cost": 222.2222222222222, "overshoot_cost": 51.894649583461124, "power_cost": 17.333204113769533, "noise_cost": 13.01143153798069, "n_waypoints_completed": 7, "tot_waypoints": 9}}
{"target": -849.028664327209, "params": {"k_pid_pos": [0.5768110601988229, 0.7872294298356088, 0.4128579001876139], "k_pid_alt": [1.923756413722512, 0.26240925803603277, 0.18978052020554514], "k_pid_att": [35.25505012024156, 5.0978300261955605, 0.9531028793234185], "k_pid_yaw": [0.5, 1e-06, 0.1], "k_pid_hsp": [4.293800219268008, 0.6709447990006026, 0.30379809728509943], "k_pid_vsp": [337.3684342927549, 197.5745641426841, 32.289710324533694]}, "datetime": {"datetime": "2025-08-21 08:28:05", "elapsed": 74140.33290290833, "delta": 53.7835910320282}, "costs": {"total_cost": 849.028664327209, "time_cost": 150, "final_distance_cost": 72.81922205103996, "oscillation_cost": 216.91748196574466, "completition_cost": 333.33333333333337, "overshoot_cost": 42.04491522443773, "power_cost": 19.346179736328125, "noise_cost": 14.567532016324998, "n_waypoints_completed": 6, "tot_waypoints": 9}}
{"target": -391.84304102946965, "params": {"k_pid_pos": [2.0, 0.0, 1.0], "k_pid_alt": [2.0, 0.0, 0.0], "k_pid_att": [65.29534819731919, 1.025226627739641, 0.0], "k_pid_yaw": [0.5, 1e-06, 0.1], "k_pid_hsp": [6.7398348912647545, 1.0, 1.0], "k_pid_vsp": [254.62260268405458, 265.28706527385793, 265.75466322669087]}, "datetime": {"datetime": "2025-08-21 08:28:52", "elapsed": 74186.90874767303, "delta": 46.57584476470947}, "costs": {"total_cost": 391.84304102946965, "time_cost": 84.648, "final_distance_cost": 1.8020931648176506, "oscillation_cost": 213.9776707235048, "completition_cost": 0.0, "overshoot_cost": 56.32149363351393, "power_cost": 19.382117419433595, "noise_cost": 15.711666088199724, "n_waypoints_completed": 9, "tot_waypoints": 9}}
{"target": -608.8958408619885, "params": {"k_pid_pos": [1.4146582468696067, 0.34751574133108065, 0.24236465895593726], "k_pid_alt": [2.0, 0.03549694272086776, 0.0], "k_pid_att": [37.53042825660624, 1.171985798676053, 0.3044077150120922], "k_pid_yaw": [0.5, 1e-06, 0.1], "k_pid_hsp": [0.3033912315496584, 0.6487387337264067, 0.0], "k_pid_vsp": [391.60234913268005, 41.64306524379454, 178.74372913334403]}, "datetime": {"datetime": "2025-08-21 08:29:33", "elapsed": 74228.309943676, "delta": 41.401196002960205}, "costs": {"total_cost": 608.8958408619885, "time_cost": 150, "final_distance_cost": 77.37536895312995, "oscillation_cost": 76.96463971963679, "completition_cost": 222.2222222222222, "overshoot_cost": 49.68435268640841, "power_cost": 18.510576525878907, "noise_cost": 14.138680754712238, "n_waypoints_completed": 7, "tot_waypoints": 9}}
{"target": -404.66231755438815, "params": {"k_pid_pos": [1.9629554830906595, 0.7929728899048314, 0.8657935787867795], "k_pid_alt": [1.8204252433980241, 0.7745917750168804, 0.23736953634388402], "k_pid_att": [71.13451866327664, 3.888760408966986, 0.631952624343869], "k_pid_yaw": [0.5, 1e-06, 0.1], "k_pid_hsp": [8.37936147723233, 0.04393825969603393, 0.3604759929371426], "k_pid_vsp": [356.49184596835113, 150.45179623071468, 44.19728444830137]}, "datetime": {"datetime": "2025-08-21 08:30:12", "elapsed": 74267.51031541824, "delta": 39.200371742248535}, "costs": {"total_cost": 404.66231755438815, "time_cost": 90.416, "final_distance_cost": 1.7427929865355953, "oscillation_cost": 224.39370121942076, "completition_cost": 0.0, "overshoot_cost": 53.70300172473879, "power_cost": 18.876097692871095, "noise_cost": 15.530723930821907, "n_waypoints_completed": 9, "tot_waypoints": 9}}
{"target": -542.2930053277762, "params": {"k_pid_pos": [2.0, 0.0, 1.0], "k_pid_alt": [0.13985288175656901, 0.9735417936451506, 1.0], "k_pid_att": [74.60941863964347, 2.6031427060434327, 1.0], "k_pid_yaw": [0.5, 1e-06, 0.1], "k_pid_hsp": [10.0, 1.0, 0.0], "k_pid_vsp": [192.194519656703, 155.8737637129432, 73.42911122687266]}, "datetime": {"datetime": "2025-08-21 08:30:54", "elapsed": 74308.51841330528, "delta": 41.008097887039185}, "costs": {"total_cost": 542.2930053277762, "time_cost": 150, "final_distance_cost": 60.13575954520917, "oscillation_cost": 127.28525636312705, "completition_cost": 111.11111111111116, "overshoot_cost": 59.92924059699213, "power_cost": 19.114937145996095, "noise_cost": 14.71670056534061, "n_waypoints_completed": 8, "tot_waypoints": 9}}
{"target": -1526.878386557702, "params": {"k_pid_pos": [0.3873037356405718, 0.818367968955383, 0.40567528026748656], "k_pid_alt": [1.3793718657638019, 0.38276688117826474, 0.46727572223669445], "k_pid_att": [78.78572973007498, 8.608411884937862, 0.7182931535805666], "k_pid_yaw": [0.5, 1e-06, 0.1], "k_pid_hsp": [0.005335115365125601, 0.46578167561073736, 0.9978622672216048], "k_pid_vsp": [322.30709968728155, 391.32269522963105, 47.14751017249231]}, "datetime": {"datetime": "2025-08-21 08:31:48", "elapsed": 74363.15293073654, "delta": 54.634517431259155}, "costs": {"total_cost": 1526.878386557702, "time_cost": 150, "final_distance_cost": 73.22836182499825, "oscillation_cost": 416.85074097151346, "completition_cost": 777.7777777777778, "overshoot_cost": 72.97481951212838, "power_cost": 20.347582580566407, "noise_cost": 15.699103890717687, "n_waypoints_completed": 2, "tot_waypoints": 9}}
