{"target": -1169.3206533947823, "params": {"k_pid_pos": [1.0837281805339551, 0.32438877901512164, 0.10538407585237097], "k_pid_alt": [0.7040433442478062, 0.8647759644693229, 2.342958198808809e-05], "k_pid_att": [34.63671203007044, 5.584292663699746, 0.42876492194909166], "k_pid_yaw": [0.5, 1e-06, 0.1], "k_pid_hsp": [3.005685087365273, 0.43887797633658154, 0.4888323019808598], "k_pid_vsp": [16.645242960904085, 252.3365316091775, 326.58821165498995]}, "datetime": {"datetime": "2025-08-20 15:44:07", "elapsed": 13901.592740058899, "delta": 23.996882438659668}, "costs": {"total_cost": 1169.3206533947823, "time_cost": 150, "final_distance_cost": 37.90898021296253, "oscillation_cost": 311.28803610840765, "completition_cost": 555.5555555555555, "overshoot_cost": 82.52936311342975, "power_cost": 17.266492309570314, "noise_cost": 14.772226094856528, "n_waypoints_completed": 4, "tot_waypoints": 9}}
{"target": -733.8695238254483, "params": {"k_pid_pos": [1.4304615319513543, 0.8349483532485498, 0.3868278954722334], "k_pid_alt": [1.3197870697334206, 0.040441726036331005, 0.6127084531989033], "k_pid_att": [90.47083076740344, 9.528984719655295, 0.7009416092033927], "k_pid_yaw": [0.5, 1e-06, 0.1], "k_pid_hsp": [2.4870011882303733, 0.8059114282758542, 0.18549662077957763], "k_pid_vsp": [50.90957707704615, 49.31135540095973, 80.00014226545125]}, "datetime": {"datetime": "2025-08-20 15:44:30", "elapsed": 13925.07726097107, "delta": 23.48452091217041}, "costs": {"total_cost": 733.8695238254483, "time_cost": 150, "final_distance_cost": 69.74587534055014, "oscillation_cost": 181.18893148865297, "completition_cost": 222.2222222222222, "overshoot_cost": 68.47482947198576, "power_cost": 23.369083837890628, "noise_cost": 18.868581464146594, "n_waypoints_completed": 7, "tot_waypoints": 9}}
{"target": -1257.7334812878694, "params": {"k_pid_pos": [0.007151138052252002, 0.7520814721577195, 0.6366669712263924], "k_pid_alt": [1.3677344972184131, 0.5965407083834635, 0.615178329988828], "k_pid_att": [80.16968662864983, 7.256793209071473, 0.8022359898350128], "k_pid_yaw": [0.5, 1e-06, 0.1], "k_pid_hsp": [2.5281053473868997, 0.6229510576429999, 0.6982968750567288], "k_pid_vsp": [308.26631509924727, 348.465598978961, 204.15675579564788]}, "datetime": {"datetime": "2025-08-20 15:44:54", "elapsed": 13949.278466939926, "delta": 24.20120596885681}, "costs": {"total_cost": 1257.7334812878694, "time_cost": 150, "final_distance_cost": 56.277685422497356, "oscillation_cost": 269.8275060885834, "completition_cost": 666.6666666666667, "overshoot_cost": 73.97566200933281, "power_cost": 23.43788884277344, "noise_cost": 17.54807225801548, "n_waypoints_completed": 3, "tot_waypoints": 9}}
{"target": -1302.3177748493454, "params": {"k_pid_pos": [0.007254060239372707, 0.5488080481207422, 0.31046937743669345], "k_pid_alt": [1.9835527918706537, 0.6299571710234758, 0.30218696640641307], "k_pid_att": [49.72875538900381, 6.638685756957903, 0.3685510121417198], "k_pid_yaw": [0.5, 1e-06, 0.1], "k_pid_hsp": [6.722261790155935, 0.5679494235318127, 0.47123585671133206], "k_pid_vsp": [228.4526640309907, 265.59189270067304, 71.14076613129106]}, "datetime": {"datetime": "2025-08-20 15:45:18", "elapsed": 13973.500095844269, "delta": 24.22162890434265}, "costs": {"total_cost": 1302.3177748493454, "time_cost": 150, "final_distance_cost": 78.80776528220309, "oscillation_cost": 219.7931704470427, "completition_cost": 777.7777777777778, "overshoot_cost": 39.56072019345684, "power_cost": 20.674261096191408, "noise_cost": 15.70408005267366, "n_waypoints_completed": 2, "tot_waypoints": 9}}
{"target": -1058.1111736305618, "params": {"k_pid_pos": [0.6470830170988265, 0.6608977988928174, 0.6336458994650929], "k_pid_alt": [1.9300123297697034, 0.4344335937301457, 0.0702891434036722], "k_pid_att": [62.5645667532038, 2.1807853179348387, 0.7868185383896926], "k_pid_yaw": [0.5, 1e-06, 0.1], "k_pid_hsp": [1.14133667315933, 0.14833308217970298, 0.4416387850999204], "k_pid_vsp": [384.84518368432794, 81.70101414587174, 54.68982899178811]}, "datetime": {"datetime": "2025-08-20 15:45:42", "elapsed": 13997.080843687057, "delta": 23.580747842788696}, "costs": {"total_cost": 1058.1111736305618, "time_cost": 150, "final_distance_cost": 47.5774194811743, "oscillation_cost": 216.31816905072412, "completition_cost": 555.5555555555555, "overshoot_cost": 55.198537631209085, "power_cost": 18.875203210449218, "noise_cost": 14.586288701449533, "n_waypoints_completed": 4, "tot_waypoints": 9}}
{"target": -678.2850399126279, "params": {"k_pid_pos": [0.8018134085718673, 0.9743715061649295, 0.10458879654602282], "k_pid_alt": [1.9603749691751933, 0.9564375985124163, 0.7235028728361558], "k_pid_att": [26.271494797609463, 3.6084525195036505, 0.39330841139167905], "k_pid_yaw": [0.5, 1e-06, 0.1], "k_pid_hsp": [9.320368381867686, 0.8593519209613804, 0.5434435206057515], "k_pid_vsp": [157.64085636421746, 94.50494119744764, 50.39383677393989]}, "datetime": {"datetime": "2025-08-20 15:46:07", "elapsed": 14022.414563417435, "delta": 25.333719730377197}, "costs": {"total_cost": 678.2850399126279, "time_cost": 150, "final_distance_cost": 68.16581205429792, "oscillation_cost": 135.92997335619646, "completition_cost": 222.2222222222222, "overshoot_cost": 61.22574248247988, "power_cost": 22.951503344726564, "noise_cost": 17.78978645270488, "n_waypoints_completed": 7, "tot_waypoints": 9}}
{"target": -924.6003538504602, "params": {"k_pid_pos": [1.7817318349870688, 0.9880226502315581, 0.7568035084581414], "k_pid_alt": [1.200782421769915, 0.622647895916194, 0.42876230648704716], "k_pid_att": [13.354242452123488, 1.5234265119341117, 0.4273361912843334], "k_pid_yaw": [0.5, 1e-06, 0.1], "k_pid_hsp": [5.674306907699074, 0.9705292071786207, 0.9542730215961477], "k_pid_vsp": [325.93461516612854, 146.06910151645837, 301.9566878225117]}, "datetime": {"datetime": "2025-08-20 15:46:31", "elapsed": 14045.88328909874, "delta": 23.46872568130493}, "costs": {"total_cost": 924.6003538504602, "time_cost": 150, "final_distance_cost": 45.66977006475442, "oscillation_cost": 196.9420675824547, "completition_cost": 444.4444444444444, "overshoot_cost": 51.42742463287711, "power_cost": 19.80443524169922, "noise_cost": 16.312211884230468, "n_waypoints_completed": 5, "tot_waypoints": 9}}
{"target": -746.5988556050423, "params": {"k_pid_pos": [1.091985369008531, 0.9892453896255, 0.5194253876834573], "k_pid_alt": [0.11690521044834656, 0.8246820362443663, 0.7705755539732406], "k_pid_att": [4.850950220408656, 1.8248599766025038, 0.41187048643431934], "k_pid_yaw": [0.5, 1e-06, 0.1], "k_pid_hsp": [9.964003517643006, 0.10442612831442555, 0.181054586400478], "k_pid_vsp": [252.92536903510313, 374.92185121136197, 13.261268278311674]}, "datetime": {"datetime": "2025-08-20 15:46:55", "elapsed": 14069.767721176147, "delta": 23.884432077407837}, "costs": {"total_cost": 746.5988556050423, "time_cost": 150, "final_distance_cost": 67.97372696110611, "oscillation_cost": 103.89109031530974, "completition_cost": 333.33333333333337, "overshoot_cost": 53.44909765584742, "power_cost": 21.21842741699219, "noise_cost": 16.73317992245346, "n_waypoints_completed": 6, "tot_waypoints": 9}}
{"target": -1026.8738485710292, "params": {"k_pid_pos": [1.968525264234561, 0.43891827040008113, 0.0867134140346455], "k_pid_alt": [1.778372517325144, 0.3330132477644622, 0.7978353809935674], "k_pid_att": [6.137031610866773, 0.9479226476468892, 0.4418876174526867], "k_pid_yaw": [0.5, 1e-06, 0.1], "k_pid_hsp": [2.123875856528088, 0.21446816157888005, 0.8164484142895828], "k_pid_vsp": [272.848366304038, 248.49769816959616, 320.41486355540763]}, "datetime": {"datetime": "2025-08-20 15:47:18", "elapsed": 14092.852053642273, "delta": 23.08433246612549}, "costs": {"total_cost": 1026.8738485710292, "time_cost": 150, "final_distance_cost": 50.06157080495149, "oscillation_cost": 172.39407188309568, "completition_cost": 555.5555555555555, "overshoot_cost": 63.839320459535124, "power_cost": 20.138537268066408, "noise_cost": 14.884792599824912, "n_waypoints_completed": 4, "tot_waypoints": 9}}
{"target": -1490.704297898735, "params": {"k_pid_pos": [0.2681242432263261, 0.5545091984453085, 0.4890100848260235], "k_pid_alt": [1.4994244631207727, 0.9938225111685968, 0.7495354986806049], "k_pid_att": [76.17553979045265, 1.5493037448100992, 0.9277704900177787], "k_pid_yaw": [0.5, 1e-06, 0.1], "k_pid_hsp": [5.254799555831817, 0.9981893587013049, 0.3782329507221347], "k_pid_vsp": [25.345706615345833, 129.95023016519391, 77.08740211257191]}, "datetime": {"datetime": "2025-08-20 15:47:41", "elapsed": 14116.25337433815, "delta": 23.401320695877075}, "costs": {"total_cost": 1490.704297898735, "time_cost": 150, "final_distance_cost": 63.80724841426855, "oscillation_cost": 309.36287063545285, "completition_cost": 888.8888888888888, "overshoot_cost": 37.98382848375879, "power_cost": 23.14259376220703, "noise_cost": 17.518867714158915, "n_waypoints_completed": 1, "tot_waypoints": 9}}
{"target": -1376.7066672512842, "params": {"k_pid_pos": [0.14785404629933727, 0.0506544982470164, 0.4589423705128812], "k_pid_alt": [1.651653092182923, 0.3888953263384385, 0.6509690304654056], "k_pid_att": [64.12426629736461, 1.8872945555940197, 0.011765713107098064], "k_pid_yaw": [0.5, 1e-06, 0.1], "k_pid_hsp": [3.407121664016271, 0.3256633957320204, 0.04347787622164545], "k_pid_vsp": [303.9743260654137, 102.84264432383776, 368.81290582886515]}, "datetime": {"datetime": "2025-08-20 15:48:05", "elapsed": 14139.987840414047, "delta": 23.734466075897217}, "costs": {"total_cost": 1376.7066672512842, "time_cost": 150, "final_distance_cost": 52.42669808424733, "oscillation_cost": 407.83498548879595, "completition_cost": 666.6666666666667, "overshoot_cost": 61.71130598586458, "power_cost": 21.340171875, "noise_cost": 16.72683915070977, "n_waypoints_completed": 3, "tot_waypoints": 9}}
{"target": -1310.1067891852701, "params": {"k_pid_pos": [1.6880798312354464, 0.46338526684627224, 0.996334613918436], "k_pid_alt": [0.6423990337549463, 0.2357475216079098, 0.9636906011168825], "k_pid_att": [52.054877489776054, 8.56896518895012, 0.34672257566321596], "k_pid_yaw": [0.5, 1e-06, 0.1], "k_pid_hsp": [1.3009705544134453, 0.431029696828922, 0.28683524377258474], "k_pid_vsp": [154.6553087412475, 80.32993898625065, 390.9493284098163]}, "datetime": {"datetime": "2025-08-20 15:48:30", "elapsed": 14165.130336761475, "delta": 25.142496347427368}, "costs": {"total_cost": 1310.1067891852701, "time_cost": 150, "final_distance_cost": 61.27964833370291, "oscillation_cost": 320.59975936295655, "completition_cost": 666.6666666666667, "overshoot_cost": 72.31353264038432, "power_cost": 20.673037170410158, "noise_cost": 18.574145011149202, "n_waypoints_completed": 3, "tot_waypoints": 9}}
{"target": -1202.206766969689, "params": {"k_pid_pos": [0.9459243233351182, 0.6431307495714681, 0.28533315686555794], "k_pid_alt": [0.34654692960659794, 0.7726332015757719, 0.7276330044005509], "k_pid_att": [57.3377591473579, 4.75638905722408, 0.40662190388780894], "k_pid_yaw": [0.5, 1e-06, 0.1], "k_pid_hsp": [0.9852264589406172, 0.9192302345175721, 0.39080468582529115], "k_pid_vsp": [41.19845927000752, 248.72719750646175, 85.42809443263195]}, "datetime": {"datetime": "2025-08-20 15:48:58", "elapsed": 14192.820405960083, "delta": 27.6900691986084}, "costs": {"total_cost": 1202.206766969689, "time_cost": 150, "final_distance_cost": 90.05648176232788, "oscillation_cost": 100.0197481988028, "completition_cost": 777.7777777777778, "overshoot_cost": 46.15137442569751, "power_cost": 22.115886840820313, "noise_cost": 16.0854979642627, "n_waypoints_completed": 2, "tot_waypoints": 9}}
{"target": -1147.020939190235, "params": {"k_pid_pos": [0.8816617079035552, 0.43412446877883826, 0.7919398450812173], "k_pid_alt": [0.3496517341270693, 0.5585777576996757, 0.2979651800386338], "k_pid_att": [91.26856042016564, 2.15650046459655, 0.9389410535847896], "k_pid_yaw": [0.5, 1e-06, 0.1], "k_pid_hsp": [3.1799238444390143, 0.8973498714200386, 0.7418133361412096], "k_pid_vsp": [227.76421449998395, 128.0422901951077, 302.7435473563562]}, "datetime": {"datetime": "2025-08-20 15:49:22", "elapsed": 14217.292940378189, "delta": 24.47253441810608}, "costs": {"total_cost": 1147.020939190235, "time_cost": 150, "final_distance_cost": 49.51768510966159, "oscillation_cost": 293.67374596480977, "completition_cost": 555.5555555555555, "overshoot_cost": 56.444671454834975, "power_cost": 23.6196076171875, "noise_cost": 18.20967348818542, "n_waypoints_completed": 4, "tot_waypoints": 9}}
{"target": -875.1025479978016, "params": {"k_pid_pos": [0.5297805599709734, 0.7547604190790143, 0.24904152615158592], "k_pid_alt": [1.7963389197983808, 0.9275059576274906, 0.23902591683073904], "k_pid_att": [93.22872614691514, 4.163473510711125, 0.19064654772221168], "k_pid_yaw": [0.5, 1e-06, 0.1], "k_pid_hsp": [7.673710597206906, 0.3567730422707581, 0.3184130308503391], "k_pid_vsp": [154.0450810076595, 371.3384534880785, 231.31185118356925]}, "datetime": {"datetime": "2025-08-20 15:49:46", "elapsed": 14240.827435731888, "delta": 23.53449535369873}, "costs": {"total_cost": 875.1025479978016, "time_cost": 150, "final_distance_cost": 65.07732711473601, "oscillation_cost": 228.0687249811195, "completition_cost": 333.33333333333337, "overshoot_cost": 57.205962504443754, "power_cost": 23.061270764160156, "noise_cost": 18.355929300008928, "n_waypoints_completed": 6, "tot_waypoints": 9}}
{"target": -1155.0928736258497, "params": {"k_pid_pos": [0.8798619975104136, 0.060411098649482464, 0.7013852171217723], "k_pid_alt": [1.9054013026866696, 0.9168738814028339, 0.35361626367903876], "k_pid_att": [39.77825385644981, 5.734427722803493, 0.25846657133777673], "k_pid_yaw": [0.5, 1e-06, 0.1], "k_pid_hsp": [0.6531299847851022, 0.6572862946402426, 0.47694302237090014], "k_pid_vsp": [139.78395458227428, 161.32342450542836, 199.07917866583506]}, "datetime": {"datetime": "2025-08-20 15:50:10", "elapsed": 14265.462080717087, "delta": 24.634644985198975}, "costs": {"total_cost": 1155.0928736258497, "time_cost": 150, "final_distance_cost": 38.65952337469843, "oscillation_cost": 317.3024366061527, "completition_cost": 555.5555555555555, "overshoot_cost": 51.68052997597383, "power_cost": 22.726829455566406, "noise_cost": 19.167998657902913, "n_waypoints_completed": 4, "tot_waypoints": 9}}
{"target": -1410.3276771074086, "params": {"k_pid_pos": [1.3947381550253413, 0.8310827033021724, 0.7329021766922326], "k_pid_alt": [0.20934939120806684, 0.5013430817792975, 0.6725239342842269], "k_pid_att": [2.8903381670222106, 4.711816753015286, 0.4237821551537171], "k_pid_yaw": [0.5, 1e-06, 0.1], "k_pid_hsp": [1.8929635924923962, 0.09033146065817499, 0.6281179278221323], "k_pid_vsp": [380.89334404613766, 57.18446029776466, 351.3412158202258]}, "datetime": {"datetime": "2025-08-20 15:50:34", "elapsed": 14289.079870939255, "delta": 23.61779022216797}, "costs": {"total_cost": 1410.3276771074086, "time_cost": 150, "final_distance_cost": 61.2895285251311, "oscillation_cost": 228.44374765840715, "completition_cost": 888.8888888888888, "overshoot_cost": 43.44694042545967, "power_cost": 22.1767025390625, "noise_cost": 16.081869070459664, "n_waypoints_completed": 1, "tot_waypoints": 9}}
{"target": -1046.6361889782681, "params": {"k_pid_pos": [1.4694050479103107, 0.7568820106604475, 0.8629020511829711], "k_pid_alt": [0.9549502986922438, 0.6791074078314707, 0.1563303613768472], "k_pid_att": [95.21501819382495, 4.394034368898833, 0.1656214536827102], "k_pid_yaw": [0.5, 1e-06, 0.1], "k_pid_hsp": [2.311983234789489, 0.7971043471478179, 0.7819740336100583], "k_pid_vsp": [376.1879173276617, 243.8468325439737, 136.8041412078169]}, "datetime": {"datetime": "2025-08-20 15:50:58", "elapsed": 14313.147593975067, "delta": 24.067723035812378}, "costs": {"total_cost": 1046.6361889782681, "time_cost": 150, "final_distance_cost": 42.02125678092586, "oscillation_cost": 195.7291098843237, "completition_cost": 555.5555555555555, "overshoot_cost": 61.87838080950332, "power_cost": 23.503969873046877, "noise_cost": 17.947916074912815, "n_waypoints_completed": 4, "tot_waypoints": 9}}
{"target": -903.3407971268919, "params": {"k_pid_pos": [0.5827703711875332, 0.6755236337182653, 0.5329973657038559], "k_pid_alt": [1.9895168607224452, 0.2084629202363718, 0.7119152597372763], "k_pid_att": [9.236528960350531, 1.6580995948603765, 0.6387715500820168], "k_pid_yaw": [0.5, 1e-06, 0.1], "k_pid_hsp": [8.348945673335601, 0.7943323713845585, 0.58811458024762], "k_pid_vsp": [200.00898268429955, 227.37896594542383, 73.9321739942758]}, "datetime": {"datetime": "2025-08-20 15:51:26", "elapsed": 14341.065610647202, "delta": 27.9180166721344}, "costs": {"total_cost": 903.3407971268919, "time_cost": 150, "final_distance_cost": 50.87097619987507, "oscillation_cost": 183.73879367806416, "completition_cost": 444.4444444444444, "overshoot_cost": 38.38380823497607, "power_cost": 21.057054711914063, "noise_cost": 14.845719857618166, "n_waypoints_completed": 5, "tot_waypoints": 9}}
{"target": -867.6077579499977, "params": {"k_pid_pos": [0.9646487378101886, 0.7679631433734829, 0.9122404485805149], "k_pid_alt": [0.8018413138188489, 0.9292810556814166, 0.49801664413805946], "k_pid_att": [18.94275025841671, 3.336566261576736, 0.6656757836060762], "k_pid_yaw": [0.5, 1e-06, 0.1], "k_pid_hsp": [6.458483797720165, 0.23718467056688897, 0.9997126025458003], "k_pid_vsp": [290.68263389128936, 291.29836836536936, 21.430898470814782]}, "datetime": {"datetime": "2025-08-20 15:51:50", "elapsed": 14364.847341060638, "delta": 23.78173041343689}, "costs": {"total_cost": 867.6077579499977, "time_cost": 150, "final_distance_cost": 71.99198700799695, "oscillation_cost": 228.61981450337203, "completition_cost": 333.33333333333337, "overshoot_cost": 49.4343933240781, "power_cost": 19.172242419433594, "noise_cost": 15.055987361783691, "n_waypoints_completed": 6, "tot_waypoints": 9}}
{"target": -675.6170074718596, "params": {"k_pid_pos": [1.893685170443556, 0.06455900318048757, 0.035791689189029086], "k_pid_alt": [0.6193816961472585, 0.12221852640114061, 0.8308278938296809], "k_pid_att": [26.331460444882982, 3.372359464711243, 0.1897981514539091], "k_pid_yaw": [0.5, 1e-06, 0.1], "k_pid_hsp": [8.768648452993528, 0.10202100620022947, 0.5624403068356214], "k_pid_vsp": [284.3416662375525, 24.34162689255619, 59.078317096148794]}, "datetime": {"datetime": "2025-08-20 15:52:14", "elapsed": 14389.291671037674, "delta": 24.444329977035522}, "costs": {"total_cost": 675.6170074718596, "time_cost": 150, "final_distance_cost": 59.22747551543608, "oscillation_cost": 267.7471304407311, "completition_cost": 111.11111111111116, "overshoot_cost": 52.72472247566583, "power_cost": 19.917311059570313, "noise_cost": 14.889256869345141, "n_waypoints_completed": 8, "tot_waypoints": 9}}
{"target": -366.0327720130047, "params": {"k_pid_pos": [1.0340902506105314, 0.7371901411880658, 0.3440537719119041], "k_pid_alt": [0.9167840808630359, 0.4122244296273384, 0.7523255138987172], "k_pid_att": [99.61835654187635, 1.677233197865521, 0.980824367184753], "k_pid_yaw": [0.5, 1e-06, 0.1], "k_pid_hsp": [4.220751415484201, 0.6572833116416221, 0.15838668632141717], "k_pid_vsp": [172.20004068020324, 216.59691159597517, 44.92635789499913]}, "datetime": {"datetime": "2025-08-20 15:52:36", "elapsed": 14410.702435731888, "delta": 21.410764694213867}, "costs": {"total_cost": 366.0327720130047, "time_cost": 86.888, "final_distance_cost": 1.771161976695868, "oscillation_cost": 193.13623558922401, "completition_cost": 0.0, "overshoot_cost": 51.85798133262696, "power_cost": 18.138883862304688, "noise_cost": 14.240509252153151, "n_waypoints_completed": 9, "tot_waypoints": 9}}
{"target": -1635.520142995114, "params": {"k_pid_pos": [1.7589816484685998, 0.7496559157359464, 0.160966522803216], "k_pid_alt": [0.5292894424728534, 0.29082774200480865, 0.5273892158317239], "k_pid_att": [14.989647350711587, 8.670415134222834, 0.3710763926745224], "k_pid_yaw": [0.5, 1e-06, 0.1], "k_pid_hsp": [0.5044837903166376, 0.12583684034649, 0.629971278915409], "k_pid_vsp": [125.08785054233624, 75.90925032307419, 327.2561773780253]}, "datetime": {"datetime": "2025-08-20 15:53:02", "elapsed": 14437.28691458702, "delta": 26.584478855133057}, "costs": {"total_cost": 1635.520142995114, "time_cost": 150, "final_distance_cost": 38.99456038814846, "oscillation_cost": 357.9453878588087, "completition_cost": 1000.0, "overshoot_cost": 43.49582868766888, "power_cost": 24.570792309570315, "noise_cost": 20.513573750917626, "n_waypoints_completed": 0, "tot_waypoints": 9}}
{"target": -768.5365576007796, "params": {"k_pid_pos": [1.6254668044952547, 0.24558612714138295, 0.6014059718538043], "k_pid_alt": [0.7027088009486147, 0.9487529220105883, 0.0340522174848259], "k_pid_att": [37.64655020529564, 5.09356339720576, 0.3440899208844368], "k_pid_yaw": [0.5, 1e-06, 0.1], "k_pid_hsp": [7.143934659988581, 0.9941689778773689, 0.9667011689658745], "k_pid_vsp": [284.3808574204101, 273.31296753672893, 299.1541292539521]}, "datetime": {"datetime": "2025-08-20 15:53:26", "elapsed": 14460.88820886612, "delta": 23.60129427909851}, "costs": {"total_cost": 768.5365576007796, "time_cost": 150, "final_distance_cost": 74.57407221474706, "oscillation_cost": 220.49369557218427, "completition_cost": 222.2222222222222, "overshoot_cost": 61.4445286761507, "power_cost": 22.880879028320315, "noise_cost": 16.921159887154953, "n_waypoints_completed": 7, "tot_waypoints": 9}}
