{"target": -762.6617932003185, "params": {"k_pid_pos": [1.4609810115067823, 0.3179749216894291, 0.09880821761988767], "k_pid_alt": [0.44741076012138614, 0.9062890013474075, 0.6702584142757683], "k_pid_att": [85.99680845130835, 5.242314804180729, 0.080324224024097], "k_pid_yaw": [0.5, 1e-06, 0.1], "k_pid_hsp": [7.327385335251476, 0.6941758904906453, 0.6987890055934117], "k_pid_vsp": [144.17241633055565, 115.09603980279226, 36.26594939873072]}, "datetime": {"datetime": "2025-08-20 20:56:44", "elapsed": 32658.96963119507, "delta": 29.72340965270996}, "costs": {"total_cost": 762.6617932003185, "time_cost": 150, "final_distance_cost": 67.79253263046007, "oscillation_cost": 224.16205704483906, "completition_cost": 222.2222222222222, "overshoot_cost": 59.18034892271793, "power_cost": 22.73809831542969, "noise_cost": 16.56653406464946, "n_waypoints_completed": 7, "tot_waypoints": 9}}
{"target": -716.505778603217, "params": {"k_pid_pos": [1.5540454356433357, 0.46238958786069206, 0.1652102386456622], "k_pid_alt": [1.4974606023374186, 0.7246156303942821, 0.15330583640945528], "k_pid_att": [20.381425860636803, 8.679942450144944, 0.9344583701325019], "k_pid_yaw": [0.5, 1e-06, 0.1], "k_pid_hsp": [9.9391538737378, 0.9168878914902697, 0.04940090376642292], "k_pid_vsp": [322.08388924965334, 70.25190357278748, 343.34407242587537]}, "datetime": {"datetime": "2025-08-20 20:57:23", "elapsed": 32697.5821788311, "delta": 38.612547636032104}, "costs": {"total_cost": 716.505778603217, "time_cost": 150, "final_distance_cost": 54.009988803423994, "oscillation_cost": 85.60603391747546, "completition_cost": 333.33333333333337, "overshoot_cost": 57.2362573841293, "power_cost": 20.05326766357422, "noise_cost": 16.26689750128065, "n_waypoints_completed": 6, "tot_waypoints": 9}}
{"target": -1268.7241869547145, "params": {"k_pid_pos": [0.3033957173323183, 0.007538334150946735, 0.7575828239637336], "k_pid_alt": [1.5909028517617454, 0.05771593464120317, 0.347234996833502], "k_pid_att": [52.446085367667806, 9.732169943351131, 0.28168173396506024], "k_pid_yaw": [0.5, 1e-06, 0.1], "k_pid_hsp": [6.985964064231256, 0.26999061085582154, 0.859736254206991], "k_pid_vsp": [56.100298933524684, 396.1707828824627, 320.44537617583524]}, "datetime": {"datetime": "2025-08-20 20:57:52", "elapsed": 32726.681796312332, "delta": 29.09961748123169}, "costs": {"total_cost": 1268.7241869547145, "time_cost": 150, "final_distance_cost": 49.38724793633877, "oscillation_cost": 416.6763218767099, "completition_cost": 555.5555555555555, "overshoot_cost": 57.075551848497014, "power_cost": 22.68223306884766, "noise_cost": 17.34727666876555, "n_waypoints_completed": 4, "tot_waypoints": 9}}
{"target": -1157.3046420200783, "params": {"k_pid_pos": [1.4107030760710684, 0.46195842646453444, 0.16948300676318395], "k_pid_alt": [0.12459846605304015, 0.34578419089720736, 0.013216053914797632], "k_pid_att": [13.679660134157857, 5.62262998258294, 0.03086771215730777], "k_pid_yaw": [0.5, 1e-06, 0.1], "k_pid_hsp": [2.0622829617224703, 0.7185872947490418, 0.6646634834514037], "k_pid_vsp": [218.62789296214635, 272.81764228487935, 26.29148591079567]}, "datetime": {"datetime": "2025-08-20 20:58:26", "elapsed": 32760.661512613297, "delta": 33.979716300964355}, "costs": {"total_cost": 1157.3046420200783, "time_cost": 150, "final_distance_cost": 61.82321721811136, "oscillation_cost": 193.3891044633769, "completition_cost": 666.6666666666667, "overshoot_cost": 46.015692347936245, "power_cost": 22.78958135986328, "noise_cost": 16.620379964124005, "n_waypoints_completed": 3, "tot_waypoints": 9}}
{"target": -906.8685859442783, "params": {"k_pid_pos": [0.39830465206681603, 0.4010328120636171, 0.24356182730733866], "k_pid_alt": [1.4849903927212011, 0.7420432052769951, 0.09301186412342588], "k_pid_att": [27.46214093788425, 7.62923974558987, 0.756711311445404], "k_pid_yaw": [0.5, 1e-06, 0.1], "k_pid_hsp": [5.211231098756078, 0.11836850747881189, 0.2522374649675544], "k_pid_vsp": [21.09992711863571, 253.72096260435305, 100.171238251137]}, "datetime": {"datetime": "2025-08-20 20:58:54", "elapsed": 32789.05801177025, "delta": 28.396499156951904}, "costs": {"total_cost": 906.8685859442783, "time_cost": 150, "final_distance_cost": 70.52278383934414, "oscillation_cost": 268.45928000839695, "completition_cost": 333.33333333333337, "overshoot_cost": 48.3035269056972, "power_cost": 19.979380737304687, "noise_cost": 16.27028112020196, "n_waypoints_completed": 6, "tot_waypoints": 9}}
{"target": -1427.6474412633763, "params": {"k_pid_pos": [1.4099695195343724, 0.7260285027054472, 0.7395184130188381], "k_pid_alt": [0.8434594376587892, 0.5380870601059741, 0.5421721771207146], "k_pid_att": [17.300335290890402, 4.1606455881465285, 0.0755800336431951], "k_pid_yaw": [0.5, 1e-06, 0.1], "k_pid_hsp": [0.1851610654041547, 0.560379863824977, 0.749894131892421], "k_pid_vsp": [157.93398909362065, 19.574548570303566, 49.71962386357225]}, "datetime": {"datetime": "2025-08-20 20:59:27", "elapsed": 32822.35216021538, "delta": 33.294148445129395}, "costs": {"total_cost": 1427.6474412633763, "time_cost": 150, "final_distance_cost": 48.93357690874744, "oscillation_cost": 466.8113950799981, "completition_cost": 666.6666666666667, "overshoot_cost": 58.78308675177692, "power_cost": 21.184724780273438, "noise_cost": 15.267991075913697, "n_waypoints_completed": 3, "tot_waypoints": 9}}
{"target": -1481.1667255108364, "params": {"k_pid_pos": [0.0877540286113746, 0.3504844965661704, 0.5768797561976193], "k_pid_alt": [0.4794717595585798, 0.19885850605941136, 0.881198596774795], "k_pid_att": [30.289574629371884, 8.682456037224426, 0.11166756850789206], "k_pid_yaw": [0.5, 1e-06, 0.1], "k_pid_hsp": [5.386287245756349, 0.25716541799090087, 0.5102745326621357], "k_pid_vsp": [304.7053761137616, 74.10398401729668, 391.715947518887]}, "datetime": {"datetime": "2025-08-20 21:00:00", "elapsed": 32855.23054742813, "delta": 32.878387212753296}, "costs": {"total_cost": 1481.1667255108364, "time_cost": 150, "final_distance_cost": 81.92564988954014, "oscillation_cost": 384.8225607888125, "completition_cost": 777.7777777777778, "overshoot_cost": 47.78647510417044, "power_cost": 21.847916357421877, "noise_cost": 17.006345593113647, "n_waypoints_completed": 2, "tot_waypoints": 9}}
{"target": -866.6847105570937, "params": {"k_pid_pos": [1.4214044918356055, 0.7522117490549258, 0.9784023639438083], "k_pid_alt": [1.1404739239172224, 0.2526311979547109, 0.8226819688976126], "k_pid_att": [18.3739668540862, 6.844971107004901, 0.5305534792613237], "k_pid_yaw": [0.5, 1e-06, 0.1], "k_pid_hsp": [1.0944218239181356, 0.3067676839802368, 0.6603567792622437], "k_pid_vsp": [132.1283680477849, 47.68468154504052, 15.092318714386861]}, "datetime": {"datetime": "2025-08-20 21:00:34", "elapsed": 32888.88693141937, "delta": 33.656383991241455}, "costs": {"total_cost": 866.6847105570937, "time_cost": 150, "final_distance_cost": 55.417554957466244, "oscillation_cost": 240.83247512173796, "completition_cost": 333.33333333333337, "overshoot_cost": 52.028690106386364, "power_cost": 20.134720251464845, "noise_cost": 14.937936786705016, "n_waypoints_completed": 6, "tot_waypoints": 9}}
{"target": -1584.3039234446019, "params": {"k_pid_pos": [1.3674786604652562, 0.6538114353148808, 0.3582362665491482], "k_pid_alt": [1.4484393320177507, 0.9899276091298136, 0.6153016867756684], "k_pid_att": [8.627459736498643, 6.433381551418992, 0.43967871667283676], "k_pid_yaw": [0.5, 1e-06, 0.1], "k_pid_hsp": [1.9201505810704, 0.8459170904009591, 0.34925341888090566], "k_pid_vsp": [12.96265266976051, 159.4588983558563, 248.62007902622028]}, "datetime": {"datetime": "2025-08-20 21:01:05", "elapsed": 32919.774513721466, "delta": 30.887582302093506}, "costs": {"total_cost": 1584.3039234446019, "time_cost": 150, "final_distance_cost": 2.9350120909756274, "oscillation_cost": 249.48845513637687, "completition_cost": 1000.0, "overshoot_cost": 130.46046297399488, "power_cost": 15.057776147460938, "noise_cost": 36.36221709579347, "n_waypoints_completed": 0, "tot_waypoints": 9}}
{"target": -1181.3856048564307, "params": {"k_pid_pos": [0.6191225993237264, 0.7668034642332008, 0.8559775960981253], "k_pid_alt": [1.3586000903281483, 0.2607491763551798, 0.36457237329263603], "k_pid_att": [86.05505836063932, 8.935476242012248, 0.43423297345335643], "k_pid_yaw": [0.5, 1e-06, 0.1], "k_pid_hsp": [1.1710171087345405, 0.8522093805973158, 0.5062213233549646], "k_pid_vsp": [182.31838014883866, 279.36670277168804, 397.59984924346617]}, "datetime": {"datetime": "2025-08-20 21:01:34", "elapsed": 32948.72881650925, "delta": 28.95430278778076}, "costs": {"total_cost": 1181.3856048564307, "time_cost": 150, "final_distance_cost": 57.101958641700705, "oscillation_cost": 188.80020661767574, "completition_cost": 666.6666666666667, "overshoot_cost": 73.51980221379252, "power_cost": 25.784019970703127, "noise_cost": 19.51295074589185, "n_waypoints_completed": 3, "tot_waypoints": 9}}
{"target": -278.99756556370403, "params": {"k_pid_pos": [1.6537898139185938, 0.09561925001562177, 0.48623053512298153], "k_pid_alt": [1.8402313177433418, 0.34057731762828625, 0.918999066884941], "k_pid_att": [1.63219585864538, 0.5673219621224741, 0.5070709908633033], "k_pid_yaw": [0.5, 1e-06, 0.1], "k_pid_hsp": [7.354629288830152, 0.16313937149921032, 0.6213987653105151], "k_pid_vsp": [99.73189414597283, 95.85534498469164, 30.320955394475178]}, "datetime": {"datetime": "2025-08-20 21:01:59", "elapsed": 32974.24935746193, "delta": 25.520540952682495}, "costs": {"total_cost": 278.99756556370403, "time_cost": 85.736, "final_distance_cost": 1.7705039794091557, "oscillation_cost": 101.59090539137125, "completition_cost": 0.0, "overshoot_cost": 61.40707649483526, "power_cost": 16.104639611816406, "noise_cost": 12.388440086271961, "n_waypoints_completed": 9, "tot_waypoints": 9}}
{"target": -1382.2671304643761, "params": {"k_pid_pos": [1.1935645967200783, 0.15622540585318456, 0.9037451425456483], "k_pid_alt": [0.047014093532998125, 0.4895076367858535, 0.8965812740375049], "k_pid_att": [2.3735969534435575, 5.4988524037197735, 0.5382764357593189], "k_pid_yaw": [0.5, 1e-06, 0.1], "k_pid_hsp": [5.51679327271929, 0.2536196053533689, 0.4572122714176615], "k_pid_vsp": [84.95941515394634, 379.5389007721045, 107.41607016548026]}, "datetime": {"datetime": "2025-08-20 21:02:40", "elapsed": 33015.32811713219, "delta": 41.07875967025757}, "costs": {"total_cost": 1382.2671304643761, "time_cost": 150, "final_distance_cost": 93.37170407039899, "oscillation_cost": 269.0835849082037, "completition_cost": 777.7777777777778, "overshoot_cost": 53.0628590965199, "power_cost": 23.078979724121094, "noise_cost": 15.892224887354677, "n_waypoints_completed": 2, "tot_waypoints": 9}}
{"target": -1226.2308242864149, "params": {"k_pid_pos": [0.2726735671934279, 0.020483276896282154, 0.6709750905840708], "k_pid_alt": [0.9985145915124662, 0.23819631506245165, 0.10315756607883009], "k_pid_att": [44.123649803717825, 4.38819673837776, 0.10909360551812386], "k_pid_yaw": [0.5, 1e-06, 0.1], "k_pid_hsp": [2.6484483256111284, 0.43774760336195007, 0.665044028518469], "k_pid_vsp": [287.1829307552881, 201.6009980689998, 170.79210990280455]}, "datetime": {"datetime": "2025-08-20 21:03:17", "elapsed": 33052.3874270916, "delta": 37.05930995941162}, "costs": {"total_cost": 1226.2308242864149, "time_cost": 150, "final_distance_cost": 46.1868308933023, "oscillation_cost": 388.02710092697026, "completition_cost": 555.5555555555555, "overshoot_cost": 49.03126100900486, "power_cost": 21.278030908203124, "noise_cost": 16.152044993378627, "n_waypoints_completed": 4, "tot_waypoints": 9}}
{"target": -452.35336490380007, "params": {"k_pid_pos": [1.73734772557099, 0.1737004769077951, 0.8740850049303307], "k_pid_alt": [1.8817666152849355, 0.9827757950714967, 0.2533577117482527], "k_pid_att": [13.602760218089305, 4.895585296753189, 0.14556198222155803], "k_pid_yaw": [0.5, 1e-06, 0.1], "k_pid_hsp": [8.192521137879897, 0.4213227376030516, 0.9057950796349752], "k_pid_vsp": [237.0934168751836, 139.5914335690216, 6.059001585669621]}, "datetime": {"datetime": "2025-08-20 21:03:49", "elapsed": 33083.52809405327, "delta": 31.140666961669922}, "costs": {"total_cost": 452.35336490380007, "time_cost": 88.57600000000001, "final_distance_cost": 1.7409267771059458, "oscillation_cost": 275.44725176380996, "completition_cost": 0.0, "overshoot_cost": 55.937631183851785, "power_cost": 16.786602783203126, "noise_cost": 13.864952395829205, "n_waypoints_completed": 9, "tot_waypoints": 9}}
{"target": -839.756833028603, "params": {"k_pid_pos": [1.5520127827030774, 0.12634405518053404, 0.6135417293933149], "k_pid_alt": [0.19338152059333713, 0.9947568041409393, 0.1283393856124122], "k_pid_att": [79.35417574758378, 0.19543456923214536, 0.21381984654676345], "k_pid_yaw": [0.5, 1e-06, 0.1], "k_pid_hsp": [5.55508780163097, 0.33729227974833065, 0.7061177988848883], "k_pid_vsp": [141.2308614248462, 391.7878156348227, 118.85830750038757]}, "datetime": {"datetime": "2025-08-20 21:04:17", "elapsed": 33112.150191783905, "delta": 28.622097730636597}, "costs": {"total_cost": 839.756833028603, "time_cost": 150, "final_distance_cost": 78.80802664838964, "oscillation_cost": 294.8117151122916, "completition_cost": 222.2222222222222, "overshoot_cost": 54.452597473644566, "power_cost": 21.96241112060547, "noise_cost": 17.499860451449482, "n_waypoints_completed": 7, "tot_waypoints": 9}}
{"target": -1583.845912534837, "params": {"k_pid_pos": [1.079134534107344, 0.6113870774668082, 0.6558020378606119], "k_pid_alt": [1.0159243288705917, 0.6835550240174232, 0.8005075459098515], "k_pid_att": [16.233998023634587, 3.0226474789029165, 0.4560796717046599], "k_pid_yaw": [0.5, 1e-06, 0.1], "k_pid_hsp": [9.806634698142389, 0.8394497355051602, 0.6037173445139142], "k_pid_vsp": [3.2408909541150166, 212.29374937911956, 363.67197019946826]}, "datetime": {"datetime": "2025-08-20 21:04:55", "elapsed": 33149.66834592819, "delta": 37.51815414428711}, "costs": {"total_cost": 1583.845912534837, "time_cost": 150, "final_distance_cost": 57.58742926716263, "oscillation_cost": 346.01940657340924, "completition_cost": 888.8888888888888, "overshoot_cost": 89.60486053814489, "power_cost": 24.367149731445313, "noise_cost": 27.378177535786122, "n_waypoints_completed": 1, "tot_waypoints": 9}}
{"target": -1383.4963790882987, "params": {"k_pid_pos": [1.2682906387006425, 0.47137359564320225, 0.9227000375497058], "k_pid_alt": [1.3216050937158703, 0.15105058112738012, 0.13944455719069238], "k_pid_att": [45.59468718570995, 8.06739217451532, 0.9166733732753195], "k_pid_yaw": [0.5, 1e-06, 0.1], "k_pid_hsp": [8.318470585430681, 0.3295119186603842, 0.26674038049447124], "k_pid_vsp": [78.19710213834182, 137.9364339666942, 308.28305773788406]}, "datetime": {"datetime": "2025-08-20 21:05:23", "elapsed": 33178.0662214756, "delta": 28.397875547409058}, "costs": {"total_cost": 1383.4963790882987, "time_cost": 150, "final_distance_cost": 61.79512762863924, "oscillation_cost": 363.34116328765015, "completition_cost": 666.6666666666667, "overshoot_cost": 102.27041764910057, "power_cost": 21.495925073242187, "noise_cost": 17.927078782999715, "n_waypoints_completed": 3, "tot_waypoints": 9}}
{"target": -1810.6024967160972, "params": {"k_pid_pos": [1.2871319247407553, 0.20017501331840926, 0.550971482064103], "k_pid_alt": [0.3393232640924988, 0.3523012817200063, 0.8763552088436145], "k_pid_att": [23.07081717932844, 6.30326075512114, 0.5892603403404015], "k_pid_yaw": [0.5, 1e-06, 0.1], "k_pid_hsp": [3.8338345198905572, 0.29541976830269434, 0.8232325291022549], "k_pid_vsp": [72.889183991958, 67.81454735319478, 196.0764448998034]}, "datetime": {"datetime": "2025-08-20 21:05:56", "elapsed": 33211.10203909874, "delta": 33.03581762313843}, "costs": {"total_cost": 1810.6024967160972, "time_cost": 150, "final_distance_cost": 1.2015568586550966, "oscillation_cost": 436.0851191144946, "completition_cost": 1000.0, "overshoot_cost": 135.67425536609105, "power_cost": 20.95994422607422, "noise_cost": 66.68162115078236, "n_waypoints_completed": 0, "tot_waypoints": 9}}
{"target": -682.1184169898681, "params": {"k_pid_pos": [1.1062462947730438, 0.4969558229514358, 0.9149371361651049], "k_pid_alt": [1.2745160013103607, 0.7695744635498335, 0.40105196852701075], "k_pid_att": [38.352605470203486, 1.1936861275755872, 0.6807268582285902], "k_pid_yaw": [0.5, 1e-06, 0.1], "k_pid_hsp": [4.524323911470473, 0.43109125215561794, 0.5443874528791438], "k_pid_vsp": [258.4293683683622, 239.26327207981038, 216.53399356622444]}, "datetime": {"datetime": "2025-08-20 21:06:29", "elapsed": 33243.543120384216, "delta": 32.441081285476685}, "costs": {"total_cost": 682.1184169898681, "time_cost": 150, "final_distance_cost": 64.13910585956236, "oscillation_cost": 267.2498950024769, "completition_cost": 111.11111111111116, "overshoot_cost": 52.01919344885621, "power_cost": 21.38943591308594, "noise_cost": 16.209675654775676, "n_waypoints_completed": 8, "tot_waypoints": 9}}
{"target": -409.5912069030534, "params": {"k_pid_pos": [1.8573655053914466, 0.0939059259656968, 0.7372149874171755], "k_pid_alt": [0.941962038710165, 0.4669978959232557, 0.176790062648019], "k_pid_att": [7.711674635285126, 9.75079889819835, 0.25930907550270155], "k_pid_yaw": [0.5, 1e-06, 0.1], "k_pid_hsp": [9.015601586847241, 0.7794836802185462, 0.9385922756735986], "k_pid_vsp": [99.41800075095028, 282.7511217000443, 94.35016436031121]}, "datetime": {"datetime": "2025-08-20 21:07:06", "elapsed": 33280.7466571331, "delta": 37.20353674888611}, "costs": {"total_cost": 409.5912069030534, "time_cost": 89.44, "final_distance_cost": 1.7372378830636628, "oscillation_cost": 229.37337776716996, "completition_cost": 0.0, "overshoot_cost": 56.929625662332235, "power_cost": 18.223534777832032, "noise_cost": 13.8874308126555, "n_waypoints_completed": 9, "tot_waypoints": 9}}
{"target": -598.458264001466, "params": {"k_pid_pos": [1.668808522747225, 0.7511624645218432, 0.5795988532407994], "k_pid_alt": [1.8254803914742148, 0.2139357262987951, 0.2883662344454513], "k_pid_att": [22.57284088315794, 5.087081210622993, 0.4944010215536008], "k_pid_yaw": [0.5, 1e-06, 0.1], "k_pid_hsp": [6.221005377289224, 0.1670841399946008, 0.10468473068921103], "k_pid_vsp": [285.14270208727226, 188.7145815491557, 48.471086420609204]}, "datetime": {"datetime": "2025-08-20 21:07:40", "elapsed": 33314.748153448105, "delta": 34.00149631500244}, "costs": {"total_cost": 598.458264001466, "time_cost": 150, "final_distance_cost": 20.974698628960127, "oscillation_cost": 232.38832673558315, "completition_cost": 111.11111111111116, "overshoot_cost": 51.03149165296333, "power_cost": 18.71395380859375, "noise_cost": 14.238682064254398, "n_waypoints_completed": 8, "tot_waypoints": 9}}
{"target": -401.15882943722147, "params": {"k_pid_pos": [1.0457820609644373, 0.4858645255970959, 0.5312595515626518], "k_pid_alt": [1.3270257433134554, 0.684851197601817, 0.28298294930431056], "k_pid_att": [17.137812726468283, 6.964563675467188, 0.2058667285868453], "k_pid_yaw": [0.5, 1e-06, 0.1], "k_pid_hsp": [4.499911538720202, 0.5365236961086612, 0.055162187374900196], "k_pid_vsp": [322.07358151854294, 344.2092623488903, 8.415215765448753]}, "datetime": {"datetime": "2025-08-20 21:08:08", "elapsed": 33342.7684879303, "delta": 28.020334482192993}, "costs": {"total_cost": 401.15882943722147, "time_cost": 91.24, "final_distance_cost": 1.7491140542152241, "oscillation_cost": 220.80540800200555, "completition_cost": 0.0, "overshoot_cost": 54.71012154674411, "power_cost": 17.962205493164063, "noise_cost": 14.691980341092544, "n_waypoints_completed": 9, "tot_waypoints": 9}}
{"target": -1412.9397242995587, "params": {"k_pid_pos": [0.7820119531934708, 0.36594556261203104, 0.9674359767296633], "k_pid_alt": [0.4734249504415242, 0.48071384399543415, 0.10715292820435807], "k_pid_att": [26.89333993541043, 6.0788054303987, 0.6308647499213305], "k_pid_yaw": [0.5, 1e-06, 0.1], "k_pid_hsp": [1.4580369288335848, 0.19761525136979707, 0.45924191289747374], "k_pid_vsp": [355.2094837530992, 164.50612266270517, 240.2184532877113]}, "datetime": {"datetime": "2025-08-20 21:08:37", "elapsed": 33371.90380549431, "delta": 29.13531756401062}, "costs": {"total_cost": 1412.9397242995587, "time_cost": 150, "final_distance_cost": 84.82068191236885, "oscillation_cost": 321.800837287362, "completition_cost": 777.7777777777778, "overshoot_cost": 38.454196817469075, "power_cost": 23.363167236328128, "noise_cost": 16.72306326825316, "n_waypoints_completed": 2, "tot_waypoints": 9}}
{"target": -1232.32648325246, "params": {"k_pid_pos": [0.19327403332383924, 0.7048292397066539, 0.8535057968569693], "k_pid_alt": [1.276621235634891, 0.19328833067893136, 0.8721828776311139], "k_pid_att": [80.47910184152923, 6.168390725577549, 0.19027707571866925], "k_pid_yaw": [0.5, 1e-06, 0.1], "k_pid_hsp": [0.7266189551951874, 0.2511136396981164, 0.37979160771522813], "k_pid_vsp": [291.46097858588155, 270.1191956215638, 139.8954360567673]}, "datetime": {"datetime": "2025-08-20 21:09:11", "elapsed": 33406.22364068031, "delta": 34.31983518600464}, "costs": {"total_cost": 1232.32648325246, "time_cost": 150, "final_distance_cost": 58.37406530062948, "oscillation_cost": 382.0914349884168, "completition_cost": 555.5555555555555, "overshoot_cost": 49.59059258345198, "power_cost": 20.779421008300783, "noise_cost": 15.935413816105363, "n_waypoints_completed": 4, "tot_waypoints": 9}}
