{"target": -466.37269272859237, "params": {"k_pid_pos": [1.3194148869680464, 0.38461447358421963, 0.052734194064043116], "k_pid_alt": [1.8480780127796879, 0.28047132557995513, 0.14037607818863307], "k_pid_att": [41.91172969311208, 0.4858515703379329, 0.8317327713283192], "k_pid_yaw": [0.5, 1e-06, 0.1], "k_pid_hsp": [8.215694229360619, 0.6141994940248513, 0.07380723849937387], "k_pid_vsp": [273.6037089554661, 303.1158729505825, 77.14032991352708]}, "datetime": {"datetime": "2025-08-20 13:23:01", "elapsed": 5436.479634284973, "delta": 24.251172065734863}, "costs": {"total_cost": 466.37269272859237, "time_cost": 150, "final_distance_cost": 22.622067408130903, "oscillation_cost": 93.71988515833723, "completition_cost": 111.11111111111116, "overshoot_cost": 52.30894170948902, "power_cost": 21.061386560058594, "noise_cost": 15.549300781465519, "n_waypoints_completed": 8, "tot_waypoints": 9}}
{"target": -929.2495945506728, "params": {"k_pid_pos": [0.8588098029618081, 0.6161198079725401, 0.7576515089128115], "k_pid_alt": [0.22848228557117722, 0.18634946662366603, 0.21217055445006527], "k_pid_att": [72.66558057070488, 4.044238333318695, 0.9083101433527109], "k_pid_yaw": [0.5, 1e-06, 0.1], "k_pid_hsp": [8.912194774456268, 0.7949705084645771, 0.19778140809524258], "k_pid_vsp": [162.52549463488043, 253.79776340498182, 194.87842366337037]}, "datetime": {"datetime": "2025-08-20 13:23:25", "elapsed": 5460.214267015457, "delta": 23.73463273048401}, "costs": {"total_cost": 929.2495945506728, "time_cost": 150, "final_distance_cost": 73.53309260866962, "oscillation_cost": 281.4309969276987, "completition_cost": 333.33333333333337, "overshoot_cost": 51.19054718256786, "power_cost": 21.779541821289065, "noise_cost": 17.982082677114104, "n_waypoints_completed": 6, "tot_waypoints": 9}}
{"target": -1742.5960230295898, "params": {"k_pid_pos": [1.464362450620422, 0.23313238659112645, 0.9162387054237104], "k_pid_alt": [1.2111866041171595, 0.01709113791005723, 0.1616215832435436], "k_pid_att": [28.498833128810197, 8.692668788855581, 0.8278363299595289], "k_pid_yaw": [0.5, 1e-06, 0.1], "k_pid_hsp": [5.7722979288708824, 0.24326257009597374, 0.3721417359234076], "k_pid_vsp": [107.54660026273326, 357.2006720958227, 344.80073827319563]}, "datetime": {"datetime": "2025-08-20 13:23:50", "elapsed": 5484.836229085922, "delta": 24.621962070465088}, "costs": {"total_cost": 1742.5960230295898, "time_cost": 150, "final_distance_cost": 24.089174130064972, "oscillation_cost": 436.81786349897993, "completition_cost": 1000.0, "overshoot_cost": 96.34361579287997, "power_cost": 18.772540307617188, "noise_cost": 16.572829300047726, "n_waypoints_completed": 0, "tot_waypoints": 9}}
{"target": -703.0168987073388, "params": {"k_pid_pos": [1.8427481898074, 0.34632326265336943, 0.929791013828497], "k_pid_alt": [0.9760731707762218, 0.6798782736068371, 0.1155645533378249], "k_pid_att": [6.4143664529524695, 4.295859491078063, 0.8079283431652747], "k_pid_yaw": [0.5, 1e-06, 0.1], "k_pid_hsp": [3.1989873135337357, 0.23381811439840117, 0.5410216009112596], "k_pid_vsp": [288.61253183188114, 336.5838771713277, 135.4502571091141]}, "datetime": {"datetime": "2025-08-20 13:24:18", "elapsed": 5512.54278254509, "delta": 27.70655345916748}, "costs": {"total_cost": 703.0168987073388, "time_cost": 150, "final_distance_cost": 63.294877688537134, "oscillation_cost": 178.5295618995708, "completition_cost": 222.2222222222222, "overshoot_cost": 51.91784468017107, "power_cost": 21.80916580810547, "noise_cost": 15.243226408732069, "n_waypoints_completed": 7, "tot_waypoints": 9}}
{"target": -1307.9127074027513, "params": {"k_pid_pos": [0.8428989062431638, 0.8550830955844173, 0.6895900333777139], "k_pid_alt": [0.9543761633845016, 0.4227858934096598, 0.790227457652764], "k_pid_att": [64.94201698577075, 4.885818372305853, 0.08042600159376945], "k_pid_yaw": [0.5, 1e-06, 0.1], "k_pid_hsp": [0.6278294323718188, 0.021187409099914456, 0.3990803914757829], "k_pid_vsp": [385.63255067010573, 390.99081535941787, 372.1157357229737]}, "datetime": {"datetime": "2025-08-20 13:24:45", "elapsed": 5540.041864156723, "delta": 27.4990816116333}, "costs": {"total_cost": 1307.9127074027513, "time_cost": 150, "final_distance_cost": 58.30679334695108, "oscillation_cost": 337.9490597521026, "completition_cost": 666.6666666666667, "overshoot_cost": 56.90461359990084, "power_cost": 21.635509301757814, "noise_cost": 16.45006473537232, "n_waypoints_completed": 3, "tot_waypoints": 9}}
{"target": -1358.4713659690976, "params": {"k_pid_pos": [0.1859047139323788, 0.8611403661916234, 0.12709843755251427], "k_pid_alt": [0.7115470491569704, 0.7753577488204332, 0.8026565364531476], "k_pid_att": [94.03002902784249, 8.903964184178307, 0.7998723738414228], "k_pid_yaw": [0.5, 1e-06, 0.1], "k_pid_hsp": [0.12983056269671617, 0.8722156736889912, 0.7411434945579604], "k_pid_vsp": [320.0004286921355, 305.5371392132703, 66.86498765178568]}, "datetime": {"datetime": "2025-08-20 13:25:11", "elapsed": 5565.555145740509, "delta": 25.51328158378601}, "costs": {"total_cost": 1358.4713659690976, "time_cost": 150, "final_distance_cost": 93.48477940098995, "oscillation_cost": 346.0925844430904, "completition_cost": 666.6666666666667, "overshoot_cost": 64.1795268465954, "power_cost": 21.65245205078125, "noise_cost": 16.395356560974086, "n_waypoints_completed": 3, "tot_waypoints": 9}}
{"target": -1182.1869557712973, "params": {"k_pid_pos": [0.2846751472743268, 0.29538019092712764, 0.35084823497434137], "k_pid_alt": [1.8043883576344972, 0.538412427733463, 0.5609158042869817], "k_pid_att": [75.06980262493474, 5.50281038524744, 0.09559910011612183], "k_pid_yaw": [0.5, 1e-06, 0.1], "k_pid_hsp": [2.1695032523330955, 0.06022789217743785, 0.6500498622404136], "k_pid_vsp": [238.77562508218926, 32.880239544073895, 301.8168421431692]}, "datetime": {"datetime": "2025-08-20 13:25:36", "elapsed": 5590.887783527374, "delta": 25.332637786865234}, "costs": {"total_cost": 1182.1869557712973, "time_cost": 150, "final_distance_cost": 44.36738730613537, "oscillation_cost": 338.738410910346, "completition_cost": 555.5555555555555, "overshoot_cost": 56.87543668692407, "power_cost": 20.573229895019534, "noise_cost": 16.076935417316815, "n_waypoints_completed": 4, "tot_waypoints": 9}}
{"target": -1145.87620837515, "params": {"k_pid_pos": [0.43552733648448894, 0.6632750787035384, 0.8882284635667381], "k_pid_alt": [0.24001949678619106, 0.6097297479694485, 0.7004643803458813], "k_pid_att": [82.09643741659214, 4.588650040275784, 0.8933544510138851], "k_pid_yaw": [0.5, 1e-06, 0.1], "k_pid_hsp": [9.934070903290074, 0.012752462877257176, 0.2076956715505659], "k_pid_vsp": [148.93388424651013, 70.54968336069783, 303.6401686725028]}, "datetime": {"datetime": "2025-08-20 13:26:02", "elapsed": 5616.823844432831, "delta": 25.936060905456543}, "costs": {"total_cost": 1145.87620837515, "time_cost": 150, "final_distance_cost": 38.08512718391541, "oscillation_cost": 304.8326922131532, "completition_cost": 555.5555555555555, "overshoot_cost": 59.352603239495764, "power_cost": 20.7332783203125, "noise_cost": 17.316951862717694, "n_waypoints_completed": 4, "tot_waypoints": 9}}
{"target": -780.4148087458843, "params": {"k_pid_pos": [1.6784287123940647, 0.2092503489320272, 0.4901115842448548], "k_pid_alt": [1.4792804268901292, 0.4158471341332345, 0.07725799160152358], "k_pid_att": [45.13514690841579, 9.75145906545343, 0.970167145431292], "k_pid_yaw": [0.5, 1e-06, 0.1], "k_pid_hsp": [0.8226629056530244, 0.9588757969415348, 0.2915754364907097], "k_pid_vsp": [33.435240192463226, 107.85218486855644, 79.58600787391453]}, "datetime": {"datetime": "2025-08-20 13:26:26", "elapsed": 5641.372952699661, "delta": 24.549108266830444}, "costs": {"total_cost": 780.4148087458843, "time_cost": 150, "final_distance_cost": 67.862764705145, "oscillation_cost": 120.98085223188298, "completition_cost": 333.33333333333337, "overshoot_cost": 63.16731249803203, "power_cost": 24.708439587402346, "noise_cost": 20.362106390088616, "n_waypoints_completed": 6, "tot_waypoints": 9}}
{"target": -854.7681733705193, "params": {"k_pid_pos": [0.3551236360793121, 0.754413380944191, 0.6810606426516032], "k_pid_alt": [1.2948948406031024, 0.4584162774343188, 0.7482435161078962], "k_pid_att": [56.93835468677714, 0.8380989556499958, 0.7092036221136518], "k_pid_yaw": [0.5, 1e-06, 0.1], "k_pid_hsp": [1.3005804233565004, 0.693975853544158, 0.08275817607185898], "k_pid_vsp": [355.0777010614067, 79.95616210931759, 259.6356668062947]}, "datetime": {"datetime": "2025-08-20 13:26:51", "elapsed": 5666.084235429764, "delta": 24.71128273010254}, "costs": {"total_cost": 854.7681733705193, "time_cost": 150, "final_distance_cost": 75.42414000460852, "oscillation_cost": 210.80315448786038, "completition_cost": 333.33333333333337, "overshoot_cost": 47.9744856126264, "power_cost": 21.223145263671874, "noise_cost": 16.009914668418762, "n_waypoints_completed": 6, "tot_waypoints": 9}}
{"target": -1903.922085965578, "params": {"k_pid_pos": [1.1213471860653923, 0.5972508577575146, 0.8032635739338893], "k_pid_alt": [1.4728793932879698, 0.8313247905547768, 0.970449730894334], "k_pid_att": [86.83898687797648, 8.542634383451896, 0.7315476681826637], "k_pid_yaw": [0.5, 1e-06, 0.1], "k_pid_hsp": [5.892841209622943, 0.536404321135055, 0.9539727377626831], "k_pid_vsp": [18.917036679661603, 243.23571431450247, 393.06174102187987]}, "datetime": {"datetime": "2025-08-20 13:27:17", "elapsed": 5691.759517669678, "delta": 25.67528223991394}, "costs": {"total_cost": 1903.922085965578, "time_cost": 150, "final_distance_cost": 166.24410256519633, "oscillation_cost": 366.7756441938572, "completition_cost": 1000.0, "overshoot_cost": 180.6603341610399, "power_cost": 21.848629357910156, "noise_cost": 18.393375687574363, "n_waypoints_completed": 0, "tot_waypoints": 9}}
{"target": -815.2399610942385, "params": {"k_pid_pos": [1.5693341191272023, 0.7390543612684878, 0.9283197494405285], "k_pid_alt": [1.994440584993705, 0.23554488829224185, 0.38659338079294014], "k_pid_att": [47.53194040302935, 4.971041099047237, 0.7238144957182645], "k_pid_yaw": [0.5, 1e-06, 0.1], "k_pid_hsp": [9.366195692150576, 0.2811284059901922, 0.3738988563263267], "k_pid_vsp": [116.57572114337755, 54.108430194314806, 133.31302232888575]}, "datetime": {"datetime": "2025-08-20 13:27:42", "elapsed": 5716.894538402557, "delta": 25.13502073287964}, "costs": {"total_cost": 815.2399610942385, "time_cost": 150, "final_distance_cost": 75.98602408437071, "oscillation_cost": 278.2135802054098, "completition_cost": 222.2222222222222, "overshoot_cost": 52.87595771021705, "power_cost": 20.20051138916016, "noise_cost": 15.741665482858743, "n_waypoints_completed": 7, "tot_waypoints": 9}}
{"target": -455.4871063343722, "params": {"k_pid_pos": [1.9299862946160522, 0.26504009393539485, 0.6453921220218938], "k_pid_alt": [0.504770103106277, 0.26009288682328113, 0.9442217772372781], "k_pid_att": [95.21862447347274, 6.128851926988828, 0.679438545802241], "k_pid_yaw": [0.5, 1e-06, 0.1], "k_pid_hsp": [9.966120118793219, 0.4440064142695791, 0.33833568294228233], "k_pid_vsp": [165.86658503262623, 116.3025285824339, 13.452725436690653]}, "datetime": {"datetime": "2025-08-20 13:28:06", "elapsed": 5740.612080335617, "delta": 23.717541933059692}, "costs": {"total_cost": 455.4871063343722, "time_cost": 94.496, "final_distance_cost": 1.7207941603243624, "oscillation_cost": 271.9674896380136, "completition_cost": 0.0, "overshoot_cost": 53.00074759256926, "power_cost": 18.972262451171876, "noise_cost": 15.329812492293081, "n_waypoints_completed": 9, "tot_waypoints": 9}}
{"target": -1689.2217821453537, "params": {"k_pid_pos": [0.22292647339824262, 0.3018482791167094, 0.43248751692895604], "k_pid_alt": [0.43367175295709837, 0.33492729540042654, 0.006855444603320104], "k_pid_att": [1.8038561445796963, 5.361101363026342, 0.052889593552409075], "k_pid_yaw": [0.5, 1e-06, 0.1], "k_pid_hsp": [7.215039515601262, 0.1451362587716264, 0.8848670825048286], "k_pid_vsp": [15.228196442470043, 152.44014127665363, 259.1438074108233]}, "datetime": {"datetime": "2025-08-20 13:28:32", "elapsed": 5767.397096395493, "delta": 26.78501605987549}, "costs": {"total_cost": 1689.2217821453537, "time_cost": 150, "final_distance_cost": 4.39012841290431, "oscillation_cost": 314.4366299118112, "completition_cost": 1000.0, "overshoot_cost": 136.6576602853607, "power_cost": 19.81241433105469, "noise_cost": 63.92494920422266, "n_waypoints_completed": 0, "tot_waypoints": 9}}
{"target": -474.05684560024423, "params": {"k_pid_pos": [1.8964288014874264, 0.2282685541333057, 0.8442178398110004], "k_pid_alt": [0.4571237843307574, 0.5190797765263084, 0.8112757316409914], "k_pid_att": [81.6260229038344, 9.560479163424844, 0.7931544364994513], "k_pid_yaw": [0.5, 1e-06, 0.1], "k_pid_hsp": [9.051111412266557, 0.29826479882845836, 0.08973808468177258], "k_pid_vsp": [369.5330467306392, 263.2544729679131, 254.12320904371538]}, "datetime": {"datetime": "2025-08-20 13:28:56", "elapsed": 5791.365016222, "delta": 23.96791982650757}, "costs": {"total_cost": 474.05684560024423, "time_cost": 99.312, "final_distance_cost": 1.7740964158905543, "oscillation_cost": 273.3809831267956, "completition_cost": 0.0, "overshoot_cost": 62.222380912926766, "power_cost": 21.113589575195313, "noise_cost": 16.253795569435972, "n_waypoints_completed": 9, "tot_waypoints": 9}}
{"target": -525.4349962378632, "params": {"k_pid_pos": [1.956625102009062, 0.6467027490582621, 0.09504599605538089], "k_pid_alt": [0.8649464556379611, 0.01788542383930425, 0.4180170102536753], "k_pid_att": [47.7112410356842, 5.0787720504667835, 0.8860313621114911], "k_pid_yaw": [0.5, 1e-06, 0.1], "k_pid_hsp": [2.4882341574530593, 0.18405185795145818, 0.22355056735949308], "k_pid_vsp": [65.7917804484458, 329.18220809146845, 205.08096924772676]}, "datetime": {"datetime": "2025-08-20 13:29:22", "elapsed": 5816.534348487854, "delta": 25.169332265853882}, "costs": {"total_cost": 525.4349962378632, "time_cost": 150, "final_distance_cost": 7.792190436473125, "oscillation_cost": 149.79840917309969, "completition_cost": 111.11111111111116, "overshoot_cost": 65.56023645786365, "power_cost": 23.671979724121094, "noise_cost": 17.501069335194522, "n_waypoints_completed": 8, "tot_waypoints": 9}}
{"target": -952.0528720196389, "params": {"k_pid_pos": [1.5689019976487453, 0.3946202386655886, 0.1906046075937632], "k_pid_alt": [0.010759889441990689, 0.6854909118718957, 0.0690260666585879], "k_pid_att": [78.13667526769625, 5.19888315642003, 0.28640058988067296], "k_pid_yaw": [0.5, 1e-06, 0.1], "k_pid_hsp": [4.486362217298064, 0.34585103523764327, 0.9401165315620543], "k_pid_vsp": [237.91573420305147, 177.62219908457394, 118.09875118477365]}, "datetime": {"datetime": "2025-08-20 13:29:46", "elapsed": 5840.951020240784, "delta": 24.416671752929688}, "costs": {"total_cost": 952.0528720196389, "time_cost": 150, "final_distance_cost": 42.74098312308101, "oscillation_cost": 214.39647086624257, "completition_cost": 444.4444444444444, "overshoot_cost": 60.040160885605445, "power_cost": 22.518707763671877, "noise_cost": 17.912104936593668, "n_waypoints_completed": 5, "tot_waypoints": 9}}
{"target": -1721.5717830807723, "params": {"k_pid_pos": [0.1940910420785222, 0.49297411629449084, 0.800128915228279], "k_pid_alt": [0.8194115401667561, 0.6180458210209856, 0.2958273324403109], "k_pid_att": [98.8850349138572, 0.06384047037218497, 0.1009143285676376], "k_pid_yaw": [0.5, 1e-06, 0.1], "k_pid_hsp": [2.219238476680904, 0.7671138498320801, 0.373290282974576], "k_pid_vsp": [108.3043842749858, 34.039415804778734, 326.2582137777655]}, "datetime": {"datetime": "2025-08-20 13:30:11", "elapsed": 5865.783074140549, "delta": 24.832053899765015}, "costs": {"total_cost": 1721.5717830807723, "time_cost": 150, "final_distance_cost": 98.24760801890703, "oscillation_cost": 305.12219164425176, "completition_cost": 1000.0, "overshoot_cost": 130.74484353303808, "power_cost": 20.460049536132814, "noise_cost": 16.99709034844251, "n_waypoints_completed": 0, "tot_waypoints": 9}}
{"target": -1030.1156624339694, "params": {"k_pid_pos": [0.7171959946341397, 0.025074730402270262, 0.7158481557808891], "k_pid_alt": [0.4113496317131806, 0.3148947470179595, 0.6336754415825779], "k_pid_att": [22.471071651376217, 0.4209095043044412, 0.005885497174560328], "k_pid_yaw": [0.5, 1e-06, 0.1], "k_pid_hsp": [6.748069239498017, 0.041895642138371936, 0.601195156462058], "k_pid_vsp": [218.3979524974256, 118.03737755778963, 275.1994779465043]}, "datetime": {"datetime": "2025-08-20 13:30:37", "elapsed": 5891.825616598129, "delta": 26.042542457580566}, "costs": {"total_cost": 1030.1156624339694, "time_cost": 150, "final_distance_cost": 53.910359068242464, "oscillation_cost": 406.0255520417608, "completition_cost": 333.33333333333337, "overshoot_cost": 55.355965575928415, "power_cost": 17.446635998535157, "noise_cost": 14.043816416169165, "n_waypoints_completed": 6, "tot_waypoints": 9}}
{"target": -1007.2146545991819, "params": {"k_pid_pos": [0.7769997415256216, 0.5743364138567539, 0.8506063149099446], "k_pid_alt": [1.2848375577424824, 0.982853892128824, 0.6523093813626146], "k_pid_att": [53.863448026438164, 8.298231226093407, 0.6804863146485088], "k_pid_yaw": [0.5, 1e-06, 0.1], "k_pid_hsp": [3.8666189530816615, 0.43870134651828907, 0.9453979436598924], "k_pid_vsp": [225.84255602655455, 340.73702078487827, 153.37441630582265]}, "datetime": {"datetime": "2025-08-20 13:31:02", "elapsed": 5916.873744726181, "delta": 25.048128128051758}, "costs": {"total_cost": 1007.2146545991819, "time_cost": 150, "final_distance_cost": 45.294290886151664, "oscillation_cost": 286.6490442281547, "completition_cost": 444.4444444444444, "overshoot_cost": 43.2235884709433, "power_cost": 20.97872956542969, "noise_cost": 16.624557004058293, "n_waypoints_completed": 5, "tot_waypoints": 9}}
{"target": -767.6340981663196, "params": {"k_pid_pos": [1.5858932308132623, 0.7531160578886302, 0.9343067193307857], "k_pid_alt": [1.438957493254565, 0.0735711825705071, 0.858968515882454], "k_pid_att": [38.868072122543694, 6.153887945481592, 0.6740538328841226], "k_pid_yaw": [0.5, 1e-06, 0.1], "k_pid_hsp": [3.9615301851170073, 0.9557843334132299, 0.4916649002756187], "k_pid_vsp": [172.9692646595498, 96.18598490723198, 248.06940902569144]}, "datetime": {"datetime": "2025-08-20 13:31:28", "elapsed": 5942.572820186615, "delta": 25.69907546043396}, "costs": {"total_cost": 767.6340981663196, "time_cost": 150, "final_distance_cost": 79.34909378718442, "oscillation_cost": 207.88529518969395, "completition_cost": 222.2222222222222, "overshoot_cost": 69.5315836458686, "power_cost": 21.518402441406252, "noise_cost": 17.127500879944275, "n_waypoints_completed": 7, "tot_waypoints": 9}}
{"target": -760.3868239894728, "params": {"k_pid_pos": [0.8973746762009609, 0.5937695435206213, 0.2659934186766374], "k_pid_alt": [1.0336723620603248, 0.8166245544893554, 0.7214614059334783], "k_pid_att": [79.19364339369741, 2.571551435271943, 0.8969960348251589], "k_pid_yaw": [0.5, 1e-06, 0.1], "k_pid_hsp": [5.902414812551222, 0.9496710213698002, 0.21704668232906632], "k_pid_vsp": [245.83508130801158, 267.5656286277902, 278.15000469468487]}, "datetime": {"datetime": "2025-08-20 13:31:52", "elapsed": 5967.257611751556, "delta": 24.684791564941406}, "costs": {"total_cost": 760.3868239894728, "time_cost": 150, "final_distance_cost": 74.3105681945038, "oscillation_cost": 216.93536904905088, "completition_cost": 222.2222222222222, "overshoot_cost": 59.97455276062116, "power_cost": 21.17467274169922, "noise_cost": 15.769439021375637, "n_waypoints_completed": 7, "tot_waypoints": 9}}
{"target": -1331.154338798813, "params": {"k_pid_pos": [0.67618498324277, 0.4590162684499881, 0.9619910949840708], "k_pid_alt": [1.0286284532418848, 0.9388821941946797, 0.12144966867672258], "k_pid_att": [79.1769430068889, 2.1598260724812373, 0.674987971562708], "k_pid_yaw": [0.5, 1e-06, 0.1], "k_pid_hsp": [9.139250394454756, 0.49855393182500907, 0.7714644458519402], "k_pid_vsp": [128.60000403771318, 271.40224789338504, 346.27096047421946]}, "datetime": {"datetime": "2025-08-20 13:32:16", "elapsed": 5991.2254984378815, "delta": 23.967886686325073}, "costs": {"total_cost": 1331.154338798813, "time_cost": 150, "final_distance_cost": 59.58850541138426, "oscillation_cost": 347.27357519444826, "completition_cost": 666.6666666666667, "overshoot_cost": 69.34371444587038, "power_cost": 21.41943662109375, "noise_cost": 16.86244045934941, "n_waypoints_completed": 3, "tot_waypoints": 9}}
{"target": -608.2845684370614, "params": {"k_pid_pos": [0.9023237546169778, 0.623902060897915, 0.5825057669074969], "k_pid_alt": [1.4076796500869473, 0.865733576536207, 0.9825997272392335], "k_pid_att": [77.06452410962494, 6.274785301534217, 0.9753551580736967], "k_pid_yaw": [0.5, 1e-06, 0.1], "k_pid_hsp": [7.877430377770366, 0.5003653714783138, 0.19247746863414983], "k_pid_vsp": [336.24461637144026, 47.35093865808905, 50.22868132629353]}, "datetime": {"datetime": "2025-08-20 13:32:40", "elapsed": 6014.874272584915, "delta": 23.64877414703369}, "costs": {"total_cost": 608.2845684370614, "time_cost": 150, "final_distance_cost": 21.836202688829612, "oscillation_cost": 232.1096654875462, "completition_cost": 111.11111111111116, "overshoot_cost": 55.49312008952396, "power_cost": 20.95611610107422, "noise_cost": 16.778352958976118, "n_waypoints_completed": 8, "tot_waypoints": 9}}
