{"target": -1420.6503296570486, "params": {"k_pid_pos": [0.6498975854737016, 0.22529629289153918, 0.18262744130561248], "k_pid_alt": [0.354742483344358, 0.5237362618690118, 0.3212334050247936], "k_pid_att": [21.18539295917461, 3.236138548472544, 0.6669232346570385], "k_pid_yaw": [0.5, 1e-06, 0.1], "k_pid_hsp": [0.0704169656515265, 0.4493925619373852, 0.8863301033908549], "k_pid_vsp": [146.881200798683, 11.934456744275668, 3.1123571247259316]}, "datetime": {"datetime": "2025-08-20 12:02:24", "elapsed": 598.6800887584686, "delta": 24.851457595825195}, "costs": {"total_cost": 1420.6503296570486, "time_cost": 150, "final_distance_cost": 89.0222434325902, "oscillation_cost": 395.33962009411465, "completition_cost": 666.6666666666667, "overshoot_cost": 85.62537035136653, "power_cost": 18.14381259765625, "noise_cost": 15.852616514654208, "n_waypoints_completed": 3, "tot_waypoints": 9}}
{"target": -785.8789498186816, "params": {"k_pid_pos": [0.48322555816834417, 0.2775020692359613, 0.6995616318895638], "k_pid_alt": [1.333892141861858, 0.4679266863642818, 0.016660485079392884], "k_pid_att": [98.4300350946484, 3.528953219650594, 0.5121725927180987], "k_pid_yaw": [0.5, 1e-06, 0.1], "k_pid_hsp": [9.842799042595056, 0.9352833120922897, 0.17207286502570285], "k_pid_vsp": [358.713531399098, 6.497174870579048, 185.8045405240458]}, "datetime": {"datetime": "2025-08-20 12:02:46", "elapsed": 620.786128282547, "delta": 22.10603952407837}, "costs": {"total_cost": 785.8789498186816, "time_cost": 150, "final_distance_cost": 64.75699799067256, "oscillation_cost": 371.0606526656682, "completition_cost": 111.11111111111116, "overshoot_cost": 52.585836249869594, "power_cost": 20.58083253173828, "noise_cost": 15.78351926962183, "n_waypoints_completed": 8, "tot_waypoints": 9}}
{"target": -933.7741443373333, "params": {"k_pid_pos": [1.0047006880385387, 0.42211369285500455, 0.5022111369079307], "k_pid_alt": [0.5797132356728725, 0.5906281645840393, 0.2341567038482042], "k_pid_att": [65.7872945500398, 2.06157409663279, 0.278077402252226], "k_pid_yaw": [0.5, 1e-06, 0.1], "k_pid_hsp": [8.628996516163987, 0.5887065826826, 0.8629898595922987], "k_pid_vsp": [317.3686673780748, 303.57771222512855, 230.1755811032546]}, "datetime": {"datetime": "2025-08-20 12:03:08", "elapsed": 642.8104960918427, "delta": 22.024367809295654}, "costs": {"total_cost": 933.7741443373333, "time_cost": 150, "final_distance_cost": 73.41332145949416, "oscillation_cost": 288.0709353589105, "completition_cost": 333.33333333333337, "overshoot_cost": 53.41067259483025, "power_cost": 20.25365750732422, "noise_cost": 15.292224083440809, "n_waypoints_completed": 6, "tot_waypoints": 9}}
{"target": -838.2948974381308, "params": {"k_pid_pos": [1.241578671156076, 0.22076047094343787, 0.8936860682813551], "k_pid_alt": [1.4644545137594944, 0.7944102584061472, 0.8924148797591047], "k_pid_att": [36.9722557438395, 4.034638435629066, 0.7728299666420391], "k_pid_yaw": [0.5, 1e-06, 0.1], "k_pid_hsp": [1.6293076534220166, 0.12309606263548589, 0.8109506366054361], "k_pid_vsp": [121.07194872863457, 372.92226313146443, 109.20947487692982]}, "datetime": {"datetime": "2025-08-20 12:03:30", "elapsed": 664.9002718925476, "delta": 22.089775800704956}, "costs": {"total_cost": 838.2948974381308, "time_cost": 150, "final_distance_cost": 69.31536834750429, "oscillation_cost": 312.7555584733878, "completition_cost": 222.2222222222222, "overshoot_cost": 50.72474273068701, "power_cost": 18.40002919921875, "noise_cost": 14.876976465110708, "n_waypoints_completed": 7, "tot_waypoints": 9}}
{"target": -822.6288659850794, "params": {"k_pid_pos": [0.35801317006604483, 0.4051195498491458, 0.28381797764912686], "k_pid_alt": [1.6342739534841422, 0.3122114346790107, 0.04838430900044943], "k_pid_att": [90.26802084951383, 6.709550859260244, 0.8393198560394265], "k_pid_yaw": [0.5, 1e-06, 0.1], "k_pid_hsp": [5.349488453047717, 0.9369412835784493, 0.20692310968512995], "k_pid_vsp": [304.0223248721861, 142.85965113537782, 365.15036476384597]}, "datetime": {"datetime": "2025-08-20 12:03:52", "elapsed": 687.1017413139343, "delta": 22.20146942138672}, "costs": {"total_cost": 822.6288659850794, "time_cost": 150, "final_distance_cost": 73.64915055040458, "oscillation_cost": 286.02863546443035, "completition_cost": 222.2222222222222, "overshoot_cost": 52.31966274028493, "power_cost": 21.40603065185547, "noise_cost": 17.003164355881992, "n_waypoints_completed": 7, "tot_waypoints": 9}}
{"target": -1256.4381293901163, "params": {"k_pid_pos": [1.2322642937500798, 0.07692797961779574, 0.421917111843375], "k_pid_alt": [0.32964461041157533, 0.35222762747403846, 0.4075454617995269], "k_pid_att": [7.868293915138935, 9.081696811617142, 0.550409950962275], "k_pid_yaw": [0.5, 1e-06, 0.1], "k_pid_hsp": [2.2110571245060044, 0.9978878865456405, 0.8267594503103717], "k_pid_vsp": [174.52729274775112, 336.81393990404734, 377.0234628045059]}, "datetime": {"datetime": "2025-08-20 12:04:14", "elapsed": 708.8352582454681, "delta": 21.733516931533813}, "costs": {"total_cost": 1256.4381293901163, "time_cost": 150, "final_distance_cost": 59.43268146940241, "oscillation_cost": 275.1644900905749, "completition_cost": 666.6666666666667, "overshoot_cost": 66.42036506016255, "power_cost": 22.105440637207032, "noise_cost": 16.648485466102574, "n_waypoints_completed": 3, "tot_waypoints": 9}}
{"target": -945.813480030931, "params": {"k_pid_pos": [1.604973292022178, 0.1587024206947295, 0.491789530161426], "k_pid_alt": [1.6515920062869984, 0.2136729854156718, 0.5378357502934726], "k_pid_att": [31.271134778259004, 3.5766332153370652, 0.0877158637214388], "k_pid_yaw": [0.5, 1e-06, 0.1], "k_pid_hsp": [5.558713211318473, 0.09970368445334443, 0.6855490589919243], "k_pid_vsp": [232.7775036924394, 322.14082647451266, 11.94868206072109]}, "datetime": {"datetime": "2025-08-20 12:04:36", "elapsed": 730.6039423942566, "delta": 21.768684148788452}, "costs": {"total_cost": 945.813480030931, "time_cost": 150, "final_distance_cost": 73.61574602724242, "oscillation_cost": 310.32562900589534, "completition_cost": 333.33333333333337, "overshoot_cost": 41.69570369096476, "power_cost": 20.661224182128908, "noise_cost": 16.181843791366344, "n_waypoints_completed": 6, "tot_waypoints": 9}}
{"target": -1044.8487617515943, "params": {"k_pid_pos": [0.816189796448773, 0.5941401472702038, 0.3326163103064276], "k_pid_alt": [0.36887325539935345, 0.7894291402537397, 0.7970174175054798], "k_pid_att": [83.33557058317717, 7.317646492198658, 0.019024794611595897], "k_pid_yaw": [0.5, 1e-06, 0.1], "k_pid_hsp": [6.360570607130569, 0.1353167863056739, 0.17611994503785822], "k_pid_vsp": [300.85680608085454, 190.74280544956682, 62.13949576624482]}, "datetime": {"datetime": "2025-08-20 12:04:58", "elapsed": 752.6720290184021, "delta": 22.068086624145508}, "costs": {"total_cost": 1044.8487617515943, "time_cost": 150, "final_distance_cost": 58.11934849355434, "oscillation_cost": 303.1993260339921, "completition_cost": 444.4444444444444, "overshoot_cost": 50.51329331164148, "power_cost": 21.325513684082033, "noise_cost": 17.246835783879828, "n_waypoints_completed": 5, "tot_waypoints": 9}}
{"target": -1415.8754290795328, "params": {"k_pid_pos": [0.826695583258659, 0.28872883887110956, 0.9568654456369372], "k_pid_alt": [1.7178917784451426, 0.07082052141984563, 0.46520456457113635], "k_pid_att": [14.943937128695117, 9.91481611390317, 0.760718565138359], "k_pid_yaw": [0.5, 1e-06, 0.1], "k_pid_hsp": [9.903075037920601, 0.5340938807613123, 0.7074980784583185], "k_pid_vsp": [85.82360305882722, 321.20622670685543, 375.537039918334]}, "datetime": {"datetime": "2025-08-20 12:05:19", "elapsed": 774.4562156200409, "delta": 21.784186601638794}, "costs": {"total_cost": 1415.8754290795328, "time_cost": 150, "final_distance_cost": 71.7061701673313, "oscillation_cost": 289.2516050123164, "completition_cost": 777.7777777777778, "overshoot_cost": 86.32745681544719, "power_cost": 22.341814819335937, "noise_cost": 18.470604487324003, "n_waypoints_completed": 2, "tot_waypoints": 9}}
{"target": -905.8664219282946, "params": {"k_pid_pos": [0.7659371036670571, 0.2040411349741441, 0.9731242220782204], "k_pid_alt": [1.9177716199544252, 0.36819493850744356, 0.12522884223985487], "k_pid_att": [58.207330030892734, 0.03946170355120582, 0.051802230558471996], "k_pid_yaw": [0.5, 1e-06, 0.1], "k_pid_hsp": [1.6190640577926205, 0.97955328357404, 0.27237885502046155], "k_pid_vsp": [213.65471093798112, 108.75847655724652, 34.85708660373497]}, "datetime": {"datetime": "2025-08-20 12:05:42", "elapsed": 796.6245872974396, "delta": 22.16837167739868}, "costs": {"total_cost": 905.8664219282946, "time_cost": 150, "final_distance_cost": 75.98146294192344, "oscillation_cost": 270.11963619750355, "completition_cost": 333.33333333333337, "overshoot_cost": 39.624222800595085, "power_cost": 20.91886611328125, "noise_cost": 15.888900541657742, "n_waypoints_completed": 6, "tot_waypoints": 9}}
{"target": -344.65206185490047, "params": {"k_pid_pos": [1.6406288858919442, 0.8964871817750768, 0.9313219533722084], "k_pid_alt": [1.515678196090376, 0.02725509575698004, 0.642243497395385], "k_pid_att": [54.0030181562857, 3.112659078928482, 0.10327816368234466], "k_pid_yaw": [0.5, 1e-06, 0.1], "k_pid_hsp": [1.5250365136534445, 0.8196052532458962, 0.3292835439058497], "k_pid_vsp": [208.55181421547817, 232.78901454985686, 125.93199230766926]}, "datetime": {"datetime": "2025-08-20 12:06:02", "elapsed": 817.2091994285583, "delta": 20.584612131118774}, "costs": {"total_cost": 344.65206185490047, "time_cost": 93.98400000000001, "final_distance_cost": 1.7805378773005167, "oscillation_cost": 145.04614083650657, "completition_cost": 0.0, "overshoot_cost": 67.39260022738503, "power_cost": 19.92902458496094, "noise_cost": 16.5197583287474, "n_waypoints_completed": 9, "tot_waypoints": 9}}
{"target": -1058.0099985081868, "params": {"k_pid_pos": [0.32082547639114145, 0.30008962530735517, 0.10486749238519832], "k_pid_alt": [0.45036291516964266, 0.5742076259930884, 0.04388314224381473], "k_pid_att": [20.745720130165147, 6.295855521344044, 0.669845009198831], "k_pid_yaw": [0.5, 1e-06, 0.1], "k_pid_hsp": [5.723059108416584, 0.3066200670514987, 0.48116893921183845], "k_pid_vsp": [169.11200712562953, 14.979629483441137, 83.51064040210878]}, "datetime": {"datetime": "2025-08-20 12:06:24", "elapsed": 838.8602044582367, "delta": 21.651005029678345}, "costs": {"total_cost": 1058.0099985081868, "time_cost": 150, "final_distance_cost": 49.375506712414655, "oscillation_cost": 325.7324936986863, "completition_cost": 444.4444444444444, "overshoot_cost": 47.484642439273614, "power_cost": 23.656482580566408, "noise_cost": 17.31642863280135, "n_waypoints_completed": 5, "tot_waypoints": 9}}
{"target": -809.9941929411976, "params": {"k_pid_pos": [1.6901388963945887, 0.20194723938888381, 0.1705681396968386], "k_pid_alt": [1.161483727221264, 0.2053839947993934, 0.012819876753629944], "k_pid_att": [59.69935024729756, 0.07527938934831399, 0.2257379250706475], "k_pid_yaw": [0.5, 1e-06, 0.1], "k_pid_hsp": [2.6769332607960217, 0.8862941507309737, 0.48766474608467236], "k_pid_vsp": [349.3550872008701, 295.569432634847, 190.8778619584526]}, "datetime": {"datetime": "2025-08-20 12:06:46", "elapsed": 860.9450507164001, "delta": 22.084846258163452}, "costs": {"total_cost": 809.9941929411976, "time_cost": 150, "final_distance_cost": 74.57733953763335, "oscillation_cost": 163.6792785512975, "completition_cost": 333.33333333333337, "overshoot_cost": 49.7282413779119, "power_cost": 22.491615722656253, "noise_cost": 16.18438441836532, "n_waypoints_completed": 6, "tot_waypoints": 9}}
{"target": -1607.196595803326, "params": {"k_pid_pos": [1.1531394342682457, 0.17113287740374705, 0.8352434480968594], "k_pid_alt": [1.7717847525389614, 0.06232661173850962, 0.24403282764468814], "k_pid_att": [3.7614904235532487, 4.74275934905991, 0.05181267262255562], "k_pid_yaw": [0.5, 1e-06, 0.1], "k_pid_hsp": [1.3892057530010031, 0.5822132016528759, 0.04864475094652976], "k_pid_vsp": [244.2300865468455, 278.6612892162585, 364.75543520932064]}, "datetime": {"datetime": "2025-08-20 12:07:08", "elapsed": 883.285237789154, "delta": 22.340187072753906}, "costs": {"total_cost": 1607.196595803326, "time_cost": 150, "final_distance_cost": 1.0038733912956768, "oscillation_cost": 286.3013116209878, "completition_cost": 1000.0, "overshoot_cost": 132.37774489290277, "power_cost": 7.698507019042969, "noise_cost": 29.81515887909693, "n_waypoints_completed": 0, "tot_waypoints": 9}}
{"target": -1102.6037490055533, "params": {"k_pid_pos": [1.5362107240242362, 0.41893712707607333, 0.5135658365175393], "k_pid_alt": [1.9214896814116003, 0.2906944580185282, 0.22492462813101022], "k_pid_att": [78.06630706966045, 6.789654133886119, 0.25854946576930704], "k_pid_yaw": [0.5, 1e-06, 0.1], "k_pid_hsp": [3.537303531674727, 0.5647404762026599, 0.8058489696049531], "k_pid_vsp": [96.56092470954532, 82.21054138497226, 256.6192143906954]}, "datetime": {"datetime": "2025-08-20 12:07:30", "elapsed": 905.0806901454926, "delta": 21.7954523563385}, "costs": {"total_cost": 1102.6037490055533, "time_cost": 150, "final_distance_cost": 45.825057258349496, "oscillation_cost": 215.022397498133, "completition_cost": 555.5555555555555, "overshoot_cost": 93.47584281451307, "power_cost": 22.22957496337891, "noise_cost": 20.495320915623235, "n_waypoints_completed": 4, "tot_waypoints": 9}}
{"target": -665.5806034367592, "params": {"k_pid_pos": [1.444453430417684, 0.4040739167480971, 0.22078453231298245], "k_pid_alt": [0.45691446419487236, 0.1544982747488407, 0.74063756368209], "k_pid_att": [44.37242016904138, 9.915415820916198, 0.08356811272624054], "k_pid_yaw": [0.5, 1e-06, 0.1], "k_pid_hsp": [8.692975238009826, 0.11879120281572264, 0.27195723217987433], "k_pid_vsp": [180.06344756209822, 334.5508298722207, 63.94525287756718]}, "datetime": {"datetime": "2025-08-20 12:07:52", "elapsed": 927.4155085086823, "delta": 22.334818363189697}, "costs": {"total_cost": 665.5806034367592, "time_cost": 150, "final_distance_cost": 3.610249406550633, "oscillation_cost": 307.20991179155516, "completition_cost": 111.11111111111116, "overshoot_cost": 55.5422891749791, "power_cost": 21.715500415039063, "noise_cost": 16.391541537524045, "n_waypoints_completed": 8, "tot_waypoints": 9}}
{"target": -1124.057997840193, "params": {"k_pid_pos": [0.3039323555985094, 0.3318635518248432, 0.43822990222757363], "k_pid_alt": [0.2839271485938799, 0.934113516068448, 0.5090594350611518], "k_pid_att": [19.855369255873857, 8.377591701285297, 0.24256283697136438], "k_pid_yaw": [0.5, 1e-06, 0.1], "k_pid_hsp": [1.2150470889450977, 0.879690427921033, 0.4124204154233333], "k_pid_vsp": [296.25395261602216, 356.8858922616147, 70.20327309244996]}, "datetime": {"datetime": "2025-08-20 12:08:14", "elapsed": 949.3831453323364, "delta": 21.967636823654175}, "costs": {"total_cost": 1124.057997840193, "time_cost": 150, "final_distance_cost": 43.04370678576766, "oscillation_cost": 282.9195612591823, "completition_cost": 555.5555555555555, "overshoot_cost": 54.46863514257656, "power_cost": 21.76525936279297, "noise_cost": 16.305279734317747, "n_waypoints_completed": 4, "tot_waypoints": 9}}
{"target": -489.3300214955138, "params": {"k_pid_pos": [0.9128938256703664, 0.5931385722507181, 0.21228126573641992], "k_pid_alt": [1.0700160997834849, 0.33192014707851225, 0.2815275703167932], "k_pid_att": [15.20145435542437, 6.463261949838636, 0.24584398915367545], "k_pid_yaw": [0.5, 1e-06, 0.1], "k_pid_hsp": [5.936800200647801, 0.318717245943145, 0.046392657679773186], "k_pid_vsp": [49.22449384012238, 344.90040249128486, 142.499455892652]}, "datetime": {"datetime": "2025-08-20 12:08:36", "elapsed": 971.4178595542908, "delta": 22.034714221954346}, "costs": {"total_cost": 489.3300214955138, "time_cost": 150, "final_distance_cost": 58.719475142539146, "oscillation_cost": 89.89020035410446, "completition_cost": 111.11111111111116, "overshoot_cost": 53.46498299708268, "power_cost": 14.23497197265625, "noise_cost": 11.909279918020088, "n_waypoints_completed": 8, "tot_waypoints": 9}}
{"target": -326.12692744718566, "params": {"k_pid_pos": [0.4557717556865444, 0.794303663669213, 0.7173350972570918], "k_pid_alt": [1.0943410725357074, 0.1329752123602398, 0.5969879828723383], "k_pid_att": [17.832420511039516, 1.5411604687982734, 0.5888570409377979], "k_pid_yaw": [0.5, 1e-06, 0.1], "k_pid_hsp": [6.377788703800928, 0.5429025522836833, 0.0889499990221636], "k_pid_vsp": [272.4687870607721, 17.081418677958418, 80.04440989379933]}, "datetime": {"datetime": "2025-08-20 12:08:57", "elapsed": 992.1689457893372, "delta": 20.751086235046387}, "costs": {"total_cost": 326.12692744718566, "time_cost": 94.04, "final_distance_cost": 1.7715138185315453, "oscillation_cost": 145.11697493412936, "completition_cost": 0.0, "overshoot_cost": 52.91802643706274, "power_cost": 18.386579174804687, "noise_cost": 13.893833082657302, "n_waypoints_completed": 9, "tot_waypoints": 9}}
{"target": -1506.2314106439858, "params": {"k_pid_pos": [0.019136790374504616, 0.9949606355993229, 0.02109307638467328], "k_pid_alt": [1.3406413685425203, 0.9889778714571527, 0.2247009024385852], "k_pid_att": [2.546027706377463, 7.203517048853197, 0.1051948174988786], "k_pid_yaw": [0.5, 1e-06, 0.1], "k_pid_hsp": [6.2063268175166675, 0.865018279594767, 0.944663572696739], "k_pid_vsp": [116.35037807809647, 80.96837490977701, 304.89081644604215]}, "datetime": {"datetime": "2025-08-20 12:09:21", "elapsed": 1015.6933343410492, "delta": 23.524388551712036}, "costs": {"total_cost": 1506.2314106439858, "time_cost": 150, "final_distance_cost": 18.003544768022337, "oscillation_cost": 113.21145065061158, "completition_cost": 1000.0, "overshoot_cost": 140.12747345663806, "power_cost": 20.230170825195312, "noise_cost": 64.65877094351866, "n_waypoints_completed": 0, "tot_waypoints": 9}}
{"target": -1489.4554885652856, "params": {"k_pid_pos": [0.21174569158121775, 0.09656961111855722, 0.632645535726618], "k_pid_alt": [0.13710202786055503, 0.05287274424913857, 0.8785673045465381], "k_pid_att": [81.52654256946438, 8.141272826076388, 0.1618853468046938], "k_pid_yaw": [0.5, 1e-06, 0.1], "k_pid_hsp": [8.267502476479951, 0.12358105593004987, 0.814137247003005], "k_pid_vsp": [240.99964203274965, 234.04961005173746, 379.6514679575723]}, "datetime": {"datetime": "2025-08-20 12:09:44", "elapsed": 1038.5402545928955, "delta": 22.846920251846313}, "costs": {"total_cost": 1489.4554885652856, "time_cost": 150, "final_distance_cost": 65.59118159775906, "oscillation_cost": 428.98478434309345, "completition_cost": 777.7777777777778, "overshoot_cost": 30.63304199149251, "power_cost": 20.365650390625, "noise_cost": 16.103052464537694, "n_waypoints_completed": 2, "tot_waypoints": 9}}
{"target": -808.6111038124634, "params": {"k_pid_pos": [1.9422022393608367, 0.2352438380670191, 0.16513283665848522], "k_pid_alt": [0.6814787300497471, 0.23934145219155278, 0.0010828349803592152], "k_pid_att": [72.00450840982879, 1.7555785277090408, 0.684559055030288], "k_pid_yaw": [0.5, 1e-06, 0.1], "k_pid_hsp": [1.5993199876075876, 0.46090847084268605, 0.5287605541044104], "k_pid_vsp": [390.6437810094194, 281.8303387862463, 292.6277698540921]}, "datetime": {"datetime": "2025-08-20 12:10:05", "elapsed": 1060.1586863994598, "delta": 21.61843180656433}, "costs": {"total_cost": 808.6111038124634, "time_cost": 150, "final_distance_cost": 50.893116154585435, "oscillation_cost": 170.96857230232249, "completition_cost": 333.33333333333337, "overshoot_cost": 61.896582406563866, "power_cost": 24.100530712890627, "noise_cost": 17.41896890276756, "n_waypoints_completed": 6, "tot_waypoints": 9}}
{"target": -709.329282182088, "params": {"k_pid_pos": [1.4801845347109426, 0.20353341765640898, 0.37547333869623434], "k_pid_alt": [0.05270748221092081, 0.15912752737987745, 0.3999707727124737], "k_pid_att": [87.71448416998281, 0.217768521105132, 0.5313700304793268], "k_pid_yaw": [0.5, 1e-06, 0.1], "k_pid_hsp": [9.40528210232813, 0.15816731338649337, 0.573118484901624], "k_pid_vsp": [127.93947796983707, 119.16157324702459, 107.64542161779572]}, "datetime": {"datetime": "2025-08-20 12:10:27", "elapsed": 1081.9872798919678, "delta": 21.828593492507935}, "costs": {"total_cost": 709.329282182088, "time_cost": 150, "final_distance_cost": 49.108200808480426, "oscillation_cost": 297.97816634588116, "completition_cost": 111.11111111111116, "overshoot_cost": 61.9747408175952, "power_cost": 22.593759729003907, "noise_cost": 16.56330337001628, "n_waypoints_completed": 8, "tot_waypoints": 9}}
{"target": -4556.831327200326, "params": {"k_pid_pos": [1.4026808683611502, 0.38510873135502977, 0.6055900732318763], "k_pid_alt": [1.807916518459132, 0.9333010550500814, 0.9786565106661159], "k_pid_att": [0.14874224819868553, 5.761522719348506, 0.7761304763930778], "k_pid_yaw": [0.5, 1e-06, 0.1], "k_pid_hsp": [9.943792918261442, 0.7375091826443879, 0.2092815133700039], "k_pid_vsp": [101.66158546648774, 251.19653255675146, 387.88069239287904]}, "datetime": {"datetime": "2025-08-20 12:10:49", "elapsed": 1104.4066307544708, "delta": 22.41935086250305}, "costs": {"total_cost": 4556.831327200326, "time_cost": 150, "final_distance_cost": 293.78168556097796, "oscillation_cost": 2074.173614521488, "completition_cost": 1000.0, "overshoot_cost": 906.751921909411, "power_cost": 32.876143981933595, "noise_cost": 99.24796122651551, "n_waypoints_completed": 0, "tot_waypoints": 9}}
