{"target": -1365.4758995316274, "params": {"k_pid_pos": [0.36336736083653015, 0.03421960305165117, 0.8074870407289887], "k_pid_alt": [0.4682986776184348, 0.4356902988837841, 0.5940497967574007], "k_pid_att": [38.34026903876501, 1.6119642889802686, 0.011477330711537337], "k_pid_yaw": [0.5, 1e-06, 0.1], "k_pid_hsp": [1.6520333938404055, 0.09717235067783891, 0.7266115296330682], "k_pid_vsp": [271.6795225560132, 247.851141996498, 129.33751432156592]}, "datetime": {"datetime": "2025-08-20 21:48:24", "elapsed": 35758.75399303436, "delta": 36.644285678863525}, "costs": {"total_cost": 1365.4758995316274, "time_cost": 150, "final_distance_cost": 51.37292237879658, "oscillation_cost": 407.4858935091204, "completition_cost": 666.6666666666667, "overshoot_cost": 51.76074969923985, "power_cost": 21.01738358154297, "noise_cost": 17.17228369626071, "n_waypoints_completed": 3, "tot_waypoints": 9}}
{"target": -1080.066262376734, "params": {"k_pid_pos": [0.8681504605835673, 0.30367354963154025, 0.23596949259040456], "k_pid_alt": [1.8799667522928105, 0.003185181257127301, 0.6887903020900535], "k_pid_att": [97.56737740511493, 9.604651950422978, 0.4967749043015427], "k_pid_yaw": [0.5, 1e-06, 0.1], "k_pid_hsp": [6.889345270655428, 0.2587842887571665, 0.2347190267371606], "k_pid_vsp": [138.41876265454925, 174.17145265975117, 326.23387300807985]}, "datetime": {"datetime": "2025-08-20 21:48:54", "elapsed": 35789.45624136925, "delta": 30.702248334884644}, "costs": {"total_cost": 1080.066262376734, "time_cost": 150, "final_distance_cost": 52.450114735623444, "oscillation_cost": 333.5946980458527, "completition_cost": 444.4444444444444, "overshoot_cost": 62.987673212165376, "power_cost": 20.271336157226564, "noise_cost": 16.317995781421246, "n_waypoints_completed": 5, "tot_waypoints": 9}}
{"target": -1179.5826997927365, "params": {"k_pid_pos": [0.8544219606913371, 0.7741996662026475, 0.8179703772461814], "k_pid_alt": [1.2936813072715938, 0.2962552573868067, 0.6192480127991469], "k_pid_att": [22.618300667829715, 0.8236740653388666, 0.0460549577417505], "k_pid_yaw": [0.5, 1e-06, 0.1], "k_pid_hsp": [9.921392022853919, 0.8347287633342183, 0.8573282330684703], "k_pid_vsp": [180.83942047470697, 285.55973558822217, 273.0879106957598]}, "datetime": {"datetime": "2025-08-20 21:49:25", "elapsed": 35819.66934299469, "delta": 30.213101625442505}, "costs": {"total_cost": 1179.5826997927365, "time_cost": 150, "final_distance_cost": 46.86688612004125, "oscillation_cost": 346.3067934579382, "completition_cost": 555.5555555555555, "overshoot_cost": 48.21578370614035, "power_cost": 18.338859252929687, "noise_cost": 14.298821700131391, "n_waypoints_completed": 4, "tot_waypoints": 9}}
{"target": -1096.1505305922287, "params": {"k_pid_pos": [1.678378309213006, 0.011436817874936112, 0.46808543051934925], "k_pid_alt": [0.9479241507436917, 0.603552150381562, 0.7595296985792459], "k_pid_att": [23.060776332471754, 6.351893229107881, 0.13540776321893166], "k_pid_yaw": [0.5, 1e-06, 0.1], "k_pid_hsp": [0.992859307965187, 0.37186002982486854, 0.4558171755863376], "k_pid_vsp": [397.243862051991, 81.51457303853647, 201.50271475785533]}, "datetime": {"datetime": "2025-08-20 21:49:55", "elapsed": 35849.699395895004, "delta": 30.03005290031433}, "costs": {"total_cost": 1096.1505305922287, "time_cost": 150, "final_distance_cost": 40.41999340657699, "oscillation_cost": 260.3689061288851, "completition_cost": 555.5555555555555, "overshoot_cost": 51.92509829690496, "power_cost": 21.276860583496095, "noise_cost": 16.604116620810117, "n_waypoints_completed": 4, "tot_waypoints": 9}}
{"target": -1314.2444007313782, "params": {"k_pid_pos": [1.039714660862614, 0.7173953544071798, 0.7941635903360588], "k_pid_alt": [1.3609724385122823, 0.9841484587060756, 0.2584270386607431], "k_pid_att": [90.45758055124715, 5.276937382112317, 0.2903294834980171], "k_pid_yaw": [0.5, 1e-06, 0.1], "k_pid_hsp": [1.1089810153278727, 0.12604412905355633, 0.5216437269775499], "k_pid_vsp": [275.9943516305034, 244.34581291839734, 382.3815411517741]}, "datetime": {"datetime": "2025-08-20 21:50:25", "elapsed": 35880.430896282196, "delta": 30.731500387191772}, "costs": {"total_cost": 1314.2444007313782, "time_cost": 150, "final_distance_cost": 84.18467233887519, "oscillation_cost": 214.08766797633052, "completition_cost": 777.7777777777778, "overshoot_cost": 48.83320692237254, "power_cost": 22.450101135253906, "noise_cost": 16.910974580768187, "n_waypoints_completed": 2, "tot_waypoints": 9}}
{"target": -868.5303978649338, "params": {"k_pid_pos": [0.9480825939864078, 0.05779906109848554, 0.5507243038676879], "k_pid_alt": [1.974443964685269, 0.9222212089172802, 0.4017291351296308], "k_pid_att": [54.86886975516866, 4.785519830511917, 0.03512593393280372], "k_pid_yaw": [0.5, 1e-06, 0.1], "k_pid_hsp": [3.6099551235681435, 0.8243803911331271, 0.24396654999936795], "k_pid_vsp": [198.11549232276798, 388.652381177674, 329.8810727020682]}, "datetime": {"datetime": "2025-08-20 21:50:55", "elapsed": 35910.210904598236, "delta": 29.78000831604004}, "costs": {"total_cost": 868.5303978649338, "time_cost": 150, "final_distance_cost": 72.0908746658291, "oscillation_cost": 330.5955646667517, "completition_cost": 222.2222222222222, "overshoot_cost": 56.585019571834465, "power_cost": 20.862508813476563, "noise_cost": 16.17420792481977, "n_waypoints_completed": 7, "tot_waypoints": 9}}
{"target": -1170.0773725226195, "params": {"k_pid_pos": [0.15215974067435067, 0.796457635522196, 0.6126148506673544], "k_pid_alt": [0.08690706116276448, 0.705746599987181, 0.1751228610965454], "k_pid_att": [12.726632835440842, 2.7691210071788404, 0.024267453814226236], "k_pid_yaw": [0.5, 1e-06, 0.1], "k_pid_hsp": [9.73689641052987, 0.9538754812820232, 0.9918664524675851], "k_pid_vsp": [55.57435040306111, 360.01503422598057, 70.49056900928323]}, "datetime": {"datetime": "2025-08-20 21:51:25", "elapsed": 35940.31204366684, "delta": 30.101139068603516}, "costs": {"total_cost": 1170.0773725226195, "time_cost": 150, "final_distance_cost": 58.30260587737535, "oscillation_cost": 206.35038920980818, "completition_cost": 666.6666666666667, "overshoot_cost": 53.713896254008546, "power_cost": 19.41283189697266, "noise_cost": 15.630982617788241, "n_waypoints_completed": 3, "tot_waypoints": 9}}
{"target": -1133.5622405641002, "params": {"k_pid_pos": [1.8973031909169942, 0.8588916354408647, 0.8089499476268937], "k_pid_alt": [1.3963282117819695, 0.780682461180781, 0.9933680779945191], "k_pid_att": [72.8548983207183, 4.374003109366889, 0.3795721823752296], "k_pid_yaw": [0.5, 1e-06, 0.1], "k_pid_hsp": [0.5659484413126602, 0.41011563509251336, 0.7085810572671278], "k_pid_vsp": [261.9998536105655, 363.15124826039, 138.6899660362052]}, "datetime": {"datetime": "2025-08-20 21:51:55", "elapsed": 35970.394587278366, "delta": 30.08254361152649}, "costs": {"total_cost": 1133.5622405641002, "time_cost": 150, "final_distance_cost": 45.80046240308347, "oscillation_cost": 370.9356952323079, "completition_cost": 444.4444444444444, "overshoot_cost": 82.54660409420617, "power_cost": 22.305880444335937, "noise_cost": 17.52915394572211, "n_waypoints_completed": 5, "tot_waypoints": 9}}
{"target": -846.3414293478139, "params": {"k_pid_pos": [0.76314710067215, 0.14086359343037147, 0.8814660648769774], "k_pid_alt": [0.9652941568061737, 0.04913462305277183, 0.033099840217006515], "k_pid_att": [78.10373686822022, 6.842726640365646, 0.0021374349273113324], "k_pid_yaw": [0.5, 1e-06, 0.1], "k_pid_hsp": [5.095661200862345, 0.7334807479603836, 0.01846785920912397], "k_pid_vsp": [320.85114883916316, 323.8760126140867, 313.3338520494713]}, "datetime": {"datetime": "2025-08-20 21:52:31", "elapsed": 36006.37188410759, "delta": 35.97729682922363}, "costs": {"total_cost": 846.3414293478139, "time_cost": 150, "final_distance_cost": 74.755622743241, "oscillation_cost": 315.91644091743984, "completition_cost": 222.2222222222222, "overshoot_cost": 46.20034340390567, "power_cost": 20.896511169433595, "noise_cost": 16.350288891571694, "n_waypoints_completed": 7, "tot_waypoints": 9}}
{"target": -981.6695128931378, "params": {"k_pid_pos": [1.7614738585697078, 0.5914795335878046, 0.7158619854232217], "k_pid_alt": [1.7806043934344338, 0.25251349381399346, 0.15384689133217866], "k_pid_att": [69.56973256281691, 2.5073566266383205, 0.44881895593225174], "k_pid_yaw": [0.5, 1e-06, 0.1], "k_pid_hsp": [2.57975531171958, 0.6254131729381341, 0.42509806147364115], "k_pid_vsp": [82.25531676355887, 270.4529029704359, 256.4480137148054]}, "datetime": {"datetime": "2025-08-20 21:53:08", "elapsed": 36043.13857150078, "delta": 36.76668739318848}, "costs": {"total_cost": 981.6695128931378, "time_cost": 150, "final_distance_cost": 51.44876240439157, "oscillation_cost": 234.14796494521696, "completition_cost": 444.4444444444444, "overshoot_cost": 60.64658322499095, "power_cost": 22.103464660644534, "noise_cost": 18.878293213449524, "n_waypoints_completed": 5, "tot_waypoints": 9}}
{"target": -1044.7999996789197, "params": {"k_pid_pos": [1.837552756860326, 0.7959413235971611, 0.3272508317080248], "k_pid_alt": [0.9443495356937497, 0.4813333437688926, 0.8359888818957488], "k_pid_att": [29.80526530955101, 1.0327116753406391, 0.1698007477938197], "k_pid_yaw": [0.5, 1e-06, 0.1], "k_pid_hsp": [0.4208972388808891, 0.6636958880596568, 0.10514698986776227], "k_pid_vsp": [265.3498539527514, 151.97998332648572, 200.445928557499]}, "datetime": {"datetime": "2025-08-20 21:53:37", "elapsed": 36072.47516775131, "delta": 29.336596250534058}, "costs": {"total_cost": 1044.7999996789197, "time_cost": 150, "final_distance_cost": 48.37825627229843, "oscillation_cost": 79.60147604262744, "completition_cost": 666.6666666666667, "overshoot_cost": 59.103760420397215, "power_cost": 23.22884326171875, "noise_cost": 17.820997015211198, "n_waypoints_completed": 3, "tot_waypoints": 9}}
{"target": -624.2017317352255, "params": {"k_pid_pos": [1.47000549989708, 0.4382569560755133, 0.44273426850918973], "k_pid_alt": [1.8667067754848539, 0.9103897196163933, 0.7204295929111818], "k_pid_att": [45.742622968805826, 5.981611992338616, 0.15655741947225854], "k_pid_yaw": [0.5, 1e-06, 0.1], "k_pid_hsp": [2.1496205720001447, 0.4691162523690834, 0.20845718904928745], "k_pid_vsp": [165.97002782655156, 181.94300658774011, 136.08053848354217]}, "datetime": {"datetime": "2025-08-20 21:54:08", "elapsed": 36103.07274222374, "delta": 30.597574472427368}, "costs": {"total_cost": 624.2017317352255, "time_cost": 150, "final_distance_cost": 2.851234006386066, "oscillation_cost": 262.82402592367254, "completition_cost": 111.11111111111116, "overshoot_cost": 56.53390433850869, "power_cost": 23.470580224609375, "noise_cost": 17.41087613093763, "n_waypoints_completed": 8, "tot_waypoints": 9}}
{"target": -1310.8453691359844, "params": {"k_pid_pos": [0.1828158202553989, 0.1419759966330021, 0.24474806815565797], "k_pid_alt": [0.6681427678297478, 0.8066484100648883, 0.9669648769464724], "k_pid_att": [64.51712930305588, 4.661875255710422, 0.38635188603155446], "k_pid_yaw": [0.5, 1e-06, 0.1], "k_pid_hsp": [6.5892662070625, 0.9367597413216626, 0.4056451095866088], "k_pid_vsp": [387.4537176542975, 304.2149459745477, 277.8772206663607]}, "datetime": {"datetime": "2025-08-20 21:54:39", "elapsed": 36133.73975968361, "delta": 30.667017459869385}, "costs": {"total_cost": 1310.8453691359844, "time_cost": 150, "final_distance_cost": 54.218018250134136, "oscillation_cost": 349.35864377724613, "completition_cost": 666.6666666666667, "overshoot_cost": 50.011733239092244, "power_cost": 22.58622320556641, "noise_cost": 18.00408399727859, "n_waypoints_completed": 3, "tot_waypoints": 9}}
{"target": -1132.6591416822791, "params": {"k_pid_pos": [0.2290671085256619, 0.33116621690381265, 0.27037175157794846], "k_pid_alt": [1.4391032596999267, 0.6992440869512611, 0.9542790814947911], "k_pid_att": [48.78462700914103, 1.223000702793489, 0.7508820964794074], "k_pid_yaw": [0.5, 1e-06, 0.1], "k_pid_hsp": [4.801224561235129, 0.04206390072825417, 0.5489213409903775], "k_pid_vsp": [354.1954656024375, 232.48419341097508, 240.71156297325638]}, "datetime": {"datetime": "2025-08-20 21:55:09", "elapsed": 36163.89025044441, "delta": 30.150490760803223}, "costs": {"total_cost": 1132.6591416822791, "time_cost": 150, "final_distance_cost": 42.17870208497636, "oscillation_cost": 302.93632545823914, "completition_cost": 555.5555555555555, "overshoot_cost": 44.96188164011318, "power_cost": 20.726291796875, "noise_cost": 16.30038514651983, "n_waypoints_completed": 4, "tot_waypoints": 9}}
{"target": -471.56085641291116, "params": {"k_pid_pos": [0.850700844032281, 0.0664714045074355, 0.2143462114066741], "k_pid_alt": [1.1458864551895789, 0.9044804914041609, 0.7228154972676757], "k_pid_att": [11.491014002841249, 7.762020551497972, 0.19620928122075254], "k_pid_yaw": [0.5, 1e-06, 0.1], "k_pid_hsp": [7.690840041585908, 0.5472367738463514, 0.8400084143269028], "k_pid_vsp": [388.6202293396123, 57.544399406116995, 117.86005568741]}, "datetime": {"datetime": "2025-08-20 21:55:40", "elapsed": 36194.885877132416, "delta": 30.99562668800354}, "costs": {"total_cost": 471.56085641291116, "time_cost": 97.76, "final_distance_cost": 1.7275048581862698, "oscillation_cost": 275.7501047509286, "completition_cost": 0.0, "overshoot_cost": 60.02465335943511, "power_cost": 20.6702529296875, "noise_cost": 15.628340514673697, "n_waypoints_completed": 9, "tot_waypoints": 9}}
{"target": -1372.1975402748012, "params": {"k_pid_pos": [0.5018272169706193, 0.022958182468624688, 0.8295149933193867], "k_pid_alt": [0.22182662397716002, 0.35353168109179445, 0.9539877455184859], "k_pid_att": [39.22926425769534, 3.0529860998956444, 0.1734175546742286], "k_pid_yaw": [0.5, 1e-06, 0.1], "k_pid_hsp": [5.499302756852828, 0.006100437261666869, 0.7575345648596911], "k_pid_vsp": [167.12237106895512, 116.2134266558628, 166.79094188453107]}, "datetime": {"datetime": "2025-08-20 21:56:16", "elapsed": 36230.541539907455, "delta": 35.65566277503967}, "costs": {"total_cost": 1372.1975402748012, "time_cost": 150, "final_distance_cost": 52.09512518422101, "oscillation_cost": 409.76415297489035, "completition_cost": 666.6666666666667, "overshoot_cost": 56.29155812029786, "power_cost": 21.30163651123047, "noise_cost": 16.07840081749488, "n_waypoints_completed": 3, "tot_waypoints": 9}}
{"target": -711.8473540502017, "params": {"k_pid_pos": [0.774729826985337, 0.14853242103199737, 0.9252418054789963], "k_pid_alt": [1.4785999624314052, 0.765792259264322, 0.8497002263873212], "k_pid_att": [77.34637636671398, 7.559220536662633, 0.23639677977802165], "k_pid_yaw": [0.5, 1e-06, 0.1], "k_pid_hsp": [4.803572069002247, 0.8460053756085042, 0.30440275412615214], "k_pid_vsp": [282.38147665052736, 362.26536279077663, 150.84516574791544]}, "datetime": {"datetime": "2025-08-20 21:56:51", "elapsed": 36266.039189100266, "delta": 35.49764919281006}, "costs": {"total_cost": 711.8473540502017, "time_cost": 150, "final_distance_cost": 25.797850887556834, "oscillation_cost": 330.0265886456703, "completition_cost": 111.11111111111116, "overshoot_cost": 56.73688696566167, "power_cost": 21.957849548339844, "noise_cost": 16.217066891861958, "n_waypoints_completed": 8, "tot_waypoints": 9}}
{"target": -660.9011439727742, "params": {"k_pid_pos": [1.6519439832179004, 0.05064602829772702, 0.5872100349048401], "k_pid_alt": [0.8989483976683634, 0.5546544418788455, 0.057764898163066625], "k_pid_att": [85.43722470652563, 4.961933068516636, 0.12613190630069848], "k_pid_yaw": [0.5, 1e-06, 0.1], "k_pid_hsp": [3.7918562971849425, 0.32597930988683077, 0.6552980881094845], "k_pid_vsp": [323.6355549536797, 115.64795896992902, 189.33196120383295]}, "datetime": {"datetime": "2025-08-20 21:57:21", "elapsed": 36295.726435661316, "delta": 29.687246561050415}, "costs": {"total_cost": 660.9011439727742, "time_cost": 150, "final_distance_cost": 40.81825832816463, "oscillation_cost": 261.8647542614943, "completition_cost": 111.11111111111116, "overshoot_cost": 57.61592129565821, "power_cost": 22.863844555664063, "noise_cost": 16.62725442068188, "n_waypoints_completed": 8, "tot_waypoints": 9}}
{"target": -978.3829780002999, "params": {"k_pid_pos": [1.3682685155737297, 0.854064827876887, 0.32155681286854376], "k_pid_alt": [1.1644626263348954, 0.34192664465446476, 0.6607431784912624], "k_pid_att": [54.84335291204923, 4.310822321363887, 0.43989829006105563], "k_pid_yaw": [0.5, 1e-06, 0.1], "k_pid_hsp": [5.045095619836709, 0.9192454823320634, 0.9550555375365868], "k_pid_vsp": [189.25369220358235, 29.160358049823863, 167.3696321194891]}, "datetime": {"datetime": "2025-08-20 21:57:58", "elapsed": 36332.738126039505, "delta": 37.01169037818909}, "costs": {"total_cost": 978.3829780002999, "time_cost": 150, "final_distance_cost": 48.09469133117671, "oscillation_cost": 132.27345479512232, "completition_cost": 555.5555555555555, "overshoot_cost": 56.83353064735051, "power_cost": 20.24932052001953, "noise_cost": 15.376425151075328, "n_waypoints_completed": 4, "tot_waypoints": 9}}
{"target": -1190.8723882656698, "params": {"k_pid_pos": [1.9327789479903665, 0.6805747513807608, 0.34569583760483635], "k_pid_alt": [0.48916551196739233, 0.9847084327287169, 0.8082280880085987], "k_pid_att": [8.364444017858341, 4.385322878740945, 0.7561755788664477], "k_pid_yaw": [0.5, 1e-06, 0.1], "k_pid_hsp": [6.422257012962999, 0.9719179306267374, 0.19969749651058466], "k_pid_vsp": [234.9862810026433, 73.073369220808, 397.16818345573074]}, "datetime": {"datetime": "2025-08-20 21:58:28", "elapsed": 36363.464475631714, "delta": 30.726349592208862}, "costs": {"total_cost": 1190.8723882656698, "time_cost": 150, "final_distance_cost": 76.19723281044958, "oscillation_cost": 178.24744033156605, "completition_cost": 666.6666666666667, "overshoot_cost": 73.56184265290526, "power_cost": 23.72709930419922, "noise_cost": 22.472106499883097, "n_waypoints_completed": 3, "tot_waypoints": 9}}
{"target": -385.22326390845296, "params": {"k_pid_pos": [1.597885959358054, 0.22488315198165099, 0.03214735333582275], "k_pid_alt": [1.8640220422872884, 0.4007200450763696, 0.7825393681733794], "k_pid_att": [14.435776274411893, 4.096293544961712, 0.3610014938121101], "k_pid_yaw": [0.5, 1e-06, 0.1], "k_pid_hsp": [6.202432918197189, 0.8831669892908703, 0.733224372739095], "k_pid_vsp": [359.8687790258693, 53.74362114854178, 71.92135966903048]}, "datetime": {"datetime": "2025-08-20 21:58:58", "elapsed": 36392.822167634964, "delta": 29.357692003250122}, "costs": {"total_cost": 385.22326390845296, "time_cost": 95.168, "final_distance_cost": 1.7333960070938195, "oscillation_cost": 194.3279048239504, "completition_cost": 0.0, "overshoot_cost": 57.72582152209926, "power_cost": 21.052951208496093, "noise_cost": 15.215190346813428, "n_waypoints_completed": 9, "tot_waypoints": 9}}
{"target": -1598.1979070879415, "params": {"k_pid_pos": [1.1160400680087084, 0.24580595611176936, 0.8108275238389403], "k_pid_alt": [0.1041661357569823, 0.4886653763415061, 0.8718691303916399], "k_pid_att": [26.075258476621, 0.48168967074960184, 0.6773711375128032], "k_pid_yaw": [0.5, 1e-06, 0.1], "k_pid_hsp": [3.2170004006949964, 0.5073864870225937, 0.8016681088820875], "k_pid_vsp": [59.09394696638594, 178.22583288729632, 167.5822617084383]}, "datetime": {"datetime": "2025-08-20 21:59:35", "elapsed": 36429.621985673904, "delta": 36.79981803894043}, "costs": {"total_cost": 1598.1979070879415, "time_cost": 150, "final_distance_cost": 59.76440859785685, "oscillation_cost": 402.7139908848829, "completition_cost": 888.8888888888888, "overshoot_cost": 61.43093029727418, "power_cost": 19.647310400390626, "noise_cost": 15.752378018648272, "n_waypoints_completed": 1, "tot_waypoints": 9}}
{"target": -1863.940681871267, "params": {"k_pid_pos": [0.5034784822064855, 0.38714308879228876, 0.6937951206167292], "k_pid_alt": [1.2681625976699604, 0.21020074803211042, 0.6655779792767641], "k_pid_att": [90.20037055048678, 7.275097374969304, 0.8185589600869345], "k_pid_yaw": [0.5, 1e-06, 0.1], "k_pid_hsp": [8.666668883820273, 0.6234471213163094, 0.7889329115361559], "k_pid_vsp": [104.94931383526006, 16.74110930880335, 309.9295210753139]}, "datetime": {"datetime": "2025-08-20 22:00:05", "elapsed": 36459.97692799568, "delta": 30.354942321777344}, "costs": {"total_cost": 1863.940681871267, "time_cost": 150, "final_distance_cost": 122.5498075983183, "oscillation_cost": 389.3959469375507, "completition_cost": 1000.0, "overshoot_cost": 162.4164807243117, "power_cost": 21.571982336425783, "noise_cost": 18.00646427466044, "n_waypoints_completed": 0, "tot_waypoints": 9}}
{"target": -827.6575392806983, "params": {"k_pid_pos": [0.9128808115625432, 0.2711324627115915, 0.8927660986581235], "k_pid_alt": [0.3854864383434229, 0.17414505026040095, 0.8588897000023689], "k_pid_att": [14.181419083519364, 2.7550962463643494, 0.8715295801951368], "k_pid_yaw": [0.5, 1e-06, 0.1], "k_pid_hsp": [7.122423427966026, 0.4688032882519073, 0.06028203456703163], "k_pid_vsp": [144.5863278580819, 300.5611936252794, 176.3329999979196]}, "datetime": {"datetime": "2025-08-20 22:00:36", "elapsed": 36491.03993487358, "delta": 31.06300687789917}, "costs": {"total_cost": 827.6575392806983, "time_cost": 150, "final_distance_cost": 53.35082847311704, "oscillation_cost": 96.27025953718217, "completition_cost": 444.4444444444444, "overshoot_cost": 46.0898598864116, "power_cost": 21.447505615234377, "noise_cost": 16.054641324308722, "n_waypoints_completed": 5, "tot_waypoints": 9}}
