{"target": -1039.2276787938606, "params": {"k_pid_pos": [0.5160721147722835, 0.753910770491618, 0.6930390956243], "k_pid_alt": [1.4281062543905045, 0.38133410767048825, 0.04109537088236104], "k_pid_att": [11.659513604497251, 8.128363181380726, 0.33638919305806436], "k_pid_yaw": [0.5, 1e-06, 0.1], "k_pid_hsp": [1.1242615713261288, 0.27397355521947586, 0.3410052880295781], "k_pid_vsp": [199.18064772626542, 360.77180445376445, 254.06051363888844]}, "datetime": {"datetime": "2025-08-20 12:54:29", "elapsed": 3724.4848256111145, "delta": 21.579866647720337}, "costs": {"total_cost": 1039.2276787938606, "time_cost": 150, "final_distance_cost": 43.72508800449711, "oscillation_cost": 207.53123076717688, "completition_cost": 555.5555555555555, "overshoot_cost": 51.868406851264574, "power_cost": 17.214064599609376, "noise_cost": 13.33333301575705, "n_waypoints_completed": 4, "tot_waypoints": 9}}
{"target": -943.6332638967674, "params": {"k_pid_pos": [0.19570932305133215, 0.1642821588290071, 0.6309813777068561], "k_pid_alt": [1.4162623421090985, 0.2918085381449802, 0.401995086351443], "k_pid_att": [3.440508071142223, 4.75768967260688, 0.5310445174806033], "k_pid_yaw": [0.5, 1e-06, 0.1], "k_pid_hsp": [2.8222727007060855, 0.09132458659566112, 0.13372745900865124], "k_pid_vsp": [7.672016836465234, 337.8292040747598, 104.27506045084915]}, "datetime": {"datetime": "2025-08-20 12:54:51", "elapsed": 3746.304182291031, "delta": 21.819356679916382}, "costs": {"total_cost": 943.6332638967674, "time_cost": 150, "final_distance_cost": 46.3450992606035, "oscillation_cost": 102.04565608347457, "completition_cost": 555.5555555555555, "overshoot_cost": 55.180610653699844, "power_cost": 19.681314392089845, "noise_cost": 14.82502795134419, "n_waypoints_completed": 4, "tot_waypoints": 9}}
{"target": -1452.1395346424913, "params": {"k_pid_pos": [0.6504885983298552, 0.6425518517358202, 0.008826785234317458], "k_pid_alt": [0.425008468851505, 0.3896888931952581, 0.03676147864230317], "k_pid_att": [75.76044948648293, 3.2489439074413595, 0.956172689149148], "k_pid_yaw": [0.5, 1e-06, 0.1], "k_pid_hsp": [1.3678707211727081, 0.657873974527, 0.1980521511304637], "k_pid_vsp": [3.624955745732139, 120.44993898914333, 109.30805801872509]}, "datetime": {"datetime": "2025-08-20 12:55:14", "elapsed": 3768.7348251342773, "delta": 22.43064284324646}, "costs": {"total_cost": 1452.1395346424913, "time_cost": 150, "final_distance_cost": 9.819210137910087, "oscillation_cost": 68.78897441371419, "completition_cost": 1000.0, "overshoot_cost": 137.5638038247855, "power_cost": 19.662915966796877, "noise_cost": 66.30463029928474, "n_waypoints_completed": 0, "tot_waypoints": 9}}
{"target": -1155.8803506716472, "params": {"k_pid_pos": [0.6938323542361242, 0.42746283253978556, 0.9558051784589363], "k_pid_alt": [0.7401268493357371, 0.9706651932718151, 0.3823989116401003], "k_pid_att": [59.047724739883, 4.705560889902669, 0.9140114885437028], "k_pid_yaw": [0.5, 1e-06, 0.1], "k_pid_hsp": [9.442448493970296, 0.31668387438955714, 0.7807667335982933], "k_pid_vsp": [87.61479742095189, 363.13349697972535, 336.2900215359478]}, "datetime": {"datetime": "2025-08-20 12:55:35", "elapsed": 3790.4524314403534, "delta": 21.71760630607605}, "costs": {"total_cost": 1155.8803506716472, "time_cost": 150, "final_distance_cost": 45.47335165719594, "oscillation_cost": 307.8065557495897, "completition_cost": 555.5555555555555, "overshoot_cost": 58.758869693487526, "power_cost": 20.174392504882814, "noise_cost": 18.111625510935717, "n_waypoints_completed": 4, "tot_waypoints": 9}}
{"target": -1006.7797904340076, "params": {"k_pid_pos": [1.818190839355943, 0.7891548026424294, 0.11525976656256798], "k_pid_alt": [0.7092266123754754, 0.591490472744931, 0.46191151244079376], "k_pid_att": [78.36080758866761, 3.2726110829124875, 0.6834858793842283], "k_pid_yaw": [0.5, 1e-06, 0.1], "k_pid_hsp": [4.025151072383139, 0.24440891848533386, 0.1404910859101407], "k_pid_vsp": [226.37522030234533, 106.82083569807682, 250.66609536535466]}, "datetime": {"datetime": "2025-08-20 12:55:58", "elapsed": 3812.8052611351013, "delta": 22.352829694747925}, "costs": {"total_cost": 1006.7797904340076, "time_cost": 150, "final_distance_cost": 38.15470495324092, "oscillation_cost": 158.50137747619223, "completition_cost": 555.5555555555555, "overshoot_cost": 65.66768374979632, "power_cost": 21.073882348632814, "noise_cost": 17.8265863505899, "n_waypoints_completed": 4, "tot_waypoints": 9}}
{"target": -1524.3789743708494, "params": {"k_pid_pos": [1.7244413354696513, 0.7989227055933985, 0.0930173562397193], "k_pid_alt": [0.6438668098006608, 0.6796976377168304, 0.6712197626307043], "k_pid_att": [2.8500239719759124, 1.994768133326249, 0.462226914817113], "k_pid_yaw": [0.5, 1e-06, 0.1], "k_pid_hsp": [8.063746426326937, 0.2104717201192291, 0.6607850016026986], "k_pid_vsp": [37.50555829051905, 224.31535494182555, 218.9631401181995]}, "datetime": {"datetime": "2025-08-20 12:56:20", "elapsed": 3834.8640916347504, "delta": 22.058830499649048}, "costs": {"total_cost": 1524.3789743708494, "time_cost": 150, "final_distance_cost": 8.822300980005807, "oscillation_cost": 136.6503028331348, "completition_cost": 1000.0, "overshoot_cost": 136.42110981328977, "power_cost": 22.47304305419922, "noise_cost": 70.0122176902195, "n_waypoints_completed": 0, "tot_waypoints": 9}}
{"target": -247.09863531760422, "params": {"k_pid_pos": [1.4458973677573144, 0.24482371267852454, 0.12082354318525146], "k_pid_alt": [1.4827713215679397, 0.4516588309141989, 0.40824267980387674], "k_pid_att": [39.536353750863285, 7.911625164470138, 0.8138607936274992], "k_pid_yaw": [0.5, 1e-06, 0.1], "k_pid_hsp": [1.1146350845902018, 0.41443633917555245, 0.018663052347440034], "k_pid_vsp": [117.2722916954959, 140.74642623867734, 17.913172849566116]}, "datetime": {"datetime": "2025-08-20 12:56:39", "elapsed": 3854.4038939476013, "delta": 19.539802312850952}, "costs": {"total_cost": 247.09863531760422, "time_cost": 90.384, "final_distance_cost": 1.7556661238043358, "oscillation_cost": 69.73011274325522, "completition_cost": 0.0, "overshoot_cost": 52.644664633579254, "power_cost": 18.583067980957033, "noise_cost": 14.001123836008395, "n_waypoints_completed": 9, "tot_waypoints": 9}}
{"target": -1771.8852221893212, "params": {"k_pid_pos": [0.30305178097234514, 0.26928810909941214, 0.4799509531432159], "k_pid_alt": [0.16523967985771026, 0.3003818367656139, 0.980576786601594], "k_pid_att": [0.6857240920350893, 2.4341965533037486, 0.22683532659846628], "k_pid_yaw": [0.5, 1e-06, 0.1], "k_pid_hsp": [8.15180770048977, 0.14771123255514773, 0.8827576906896556], "k_pid_vsp": [244.56014995196037, 73.63312948449591, 236.16583305598303]}, "datetime": {"datetime": "2025-08-20 12:57:02", "elapsed": 3876.7973709106445, "delta": 22.393476963043213}, "costs": {"total_cost": 1771.8852221893212, "time_cost": 150, "final_distance_cost": 3.197007364337139, "oscillation_cost": 370.07798102609473, "completition_cost": 1000.0, "overshoot_cost": 135.9236525630504, "power_cost": 30.625369287109375, "noise_cost": 82.06121194872958, "n_waypoints_completed": 0, "tot_waypoints": 9}}
{"target": -1068.233314687452, "params": {"k_pid_pos": [0.6908535645434467, 0.02940886789895958, 0.23909449571667818], "k_pid_alt": [0.9059497308673055, 0.027353412157598345, 0.6855580634471847], "k_pid_att": [59.77446635342195, 1.8015736945216818, 0.09251904709217162], "k_pid_yaw": [0.5, 1e-06, 0.1], "k_pid_hsp": [3.9935881289079513, 0.4895991048133529, 0.9388417770590949], "k_pid_vsp": [106.10425809422703, 285.2782502750951, 298.8180444912042]}, "datetime": {"datetime": "2025-08-20 12:57:23", "elapsed": 3898.3162112236023, "delta": 21.518840312957764}, "costs": {"total_cost": 1068.233314687452, "time_cost": 150, "final_distance_cost": 43.93159524088239, "oscillation_cost": 342.8650045246093, "completition_cost": 444.4444444444444, "overshoot_cost": 49.7495598359804, "power_cost": 20.744372094726565, "noise_cost": 16.498338546809347, "n_waypoints_completed": 5, "tot_waypoints": 9}}
{"target": -1826.688374512458, "params": {"k_pid_pos": [0.7022799051723289, 0.9768966971444516, 0.7798517653524955], "k_pid_alt": [1.0202770388457225, 0.5327224340546547, 0.7483983170219406], "k_pid_att": [96.9040360843144, 7.440999606128056, 0.5037359309335844], "k_pid_yaw": [0.5, 1e-06, 0.1], "k_pid_hsp": [6.627219739652921, 0.12656039200638725, 0.08293207915055412], "k_pid_vsp": [30.305614699323293, 151.81460307647353, 230.70046288318372]}, "datetime": {"datetime": "2025-08-20 12:57:45", "elapsed": 3920.214748620987, "delta": 21.898537397384644}, "costs": {"total_cost": 1826.688374512458, "time_cost": 150, "final_distance_cost": 166.8669425684023, "oscillation_cost": 351.39106895170283, "completition_cost": 888.8888888888888, "overshoot_cost": 227.2921191056223, "power_cost": 22.470650817871096, "noise_cost": 19.77870417997069, "n_waypoints_completed": 1, "tot_waypoints": 9}}
{"target": -1127.1017953674118, "params": {"k_pid_pos": [0.48648327478586717, 0.598527515066939, 0.190130756317325], "k_pid_alt": [0.053116794781591814, 0.37368397056093183, 0.5102147108188242], "k_pid_att": [78.357873860731, 2.386027939141664, 0.7544294119074366], "k_pid_yaw": [0.5, 1e-06, 0.1], "k_pid_hsp": [8.160561880037772, 0.25683933080063837, 0.31827262056844674], "k_pid_vsp": [278.61761435355857, 345.34306787973594, 288.8409939372214]}, "datetime": {"datetime": "2025-08-20 12:58:07", "elapsed": 3942.4053139686584, "delta": 22.19056534767151}, "costs": {"total_cost": 1127.1017953674118, "time_cost": 150, "final_distance_cost": 40.61644851865858, "oscillation_cost": 286.88319240474453, "completition_cost": 555.5555555555555, "overshoot_cost": 56.24538643232347, "power_cost": 21.67507860107422, "noise_cost": 16.12613385505552, "n_waypoints_completed": 4, "tot_waypoints": 9}}
{"target": -1053.5528330368252, "params": {"k_pid_pos": [0.7475735290681133, 0.03911968288438439, 0.11599040612493605], "k_pid_alt": [1.353625928732771, 0.9320891454663774, 0.03717689468210428], "k_pid_att": [98.90611621551596, 9.47703000448482, 0.44006472048929024], "k_pid_yaw": [0.5, 1e-06, 0.1], "k_pid_hsp": [2.9110999448566885, 0.7838523022350875, 0.5190760965654472], "k_pid_vsp": [312.1606588383434, 329.5846227407632, 255.04821550029925]}, "datetime": {"datetime": "2025-08-20 12:58:29", "elapsed": 3964.4627463817596, "delta": 22.057432413101196}, "costs": {"total_cost": 1053.5528330368252, "time_cost": 150, "final_distance_cost": 57.02366077741114, "oscillation_cost": 317.1293220192927, "completition_cost": 444.4444444444444, "overshoot_cost": 46.35884710763705, "power_cost": 21.243930078125, "noise_cost": 17.35262860991498, "n_waypoints_completed": 5, "tot_waypoints": 9}}
{"target": -950.5142082543957, "params": {"k_pid_pos": [1.5201276869892812, 0.3310957932915437, 0.3334877774857903], "k_pid_alt": [0.5942551516141703, 0.9519368180905049, 0.20960635950614614], "k_pid_att": [41.093734046187194, 7.228846799936688, 0.779862486210683], "k_pid_yaw": [0.5, 1e-06, 0.1], "k_pid_hsp": [0.4156973850058075, 0.232380500541861, 0.033421626494638534], "k_pid_vsp": [169.3382521482437, 345.09039750550096, 324.3273913013057]}, "datetime": {"datetime": "2025-08-20 12:58:51", "elapsed": 3986.2289464473724, "delta": 21.766200065612793}, "costs": {"total_cost": 950.5142082543957, "time_cost": 150, "final_distance_cost": 78.1754047635554, "oscillation_cost": 68.5441198586238, "completition_cost": 555.5555555555555, "overshoot_cost": 67.42994882594111, "power_cost": 16.02659680175781, "noise_cost": 14.782582448962156, "n_waypoints_completed": 4, "tot_waypoints": 9}}
{"target": -1713.6608806132813, "params": {"k_pid_pos": [1.481594852298333, 0.05788905608115902, 0.34394611865344715], "k_pid_alt": [0.2551356972533898, 0.25142642445393837, 0.9822184161217536], "k_pid_att": [4.946304736539142, 0.8299760863297354, 0.6079263455555475], "k_pid_yaw": [0.5, 1e-06, 0.1], "k_pid_hsp": [0.3983585075702107, 0.43592647698388076, 0.45550762561416314], "k_pid_vsp": [78.03096496780482, 295.528649878371, 346.6733080477]}, "datetime": {"datetime": "2025-08-20 12:59:14", "elapsed": 4009.4091861248016, "delta": 23.1802396774292}, "costs": {"total_cost": 1713.6608806132813, "time_cost": 150, "final_distance_cost": 162.13382693420718, "oscillation_cost": 189.78876843610212, "completition_cost": 1000.0, "overshoot_cost": 179.11082517397995, "power_cost": 16.79861296386719, "noise_cost": 15.828847105124606, "n_waypoints_completed": 0, "tot_waypoints": 9}}
{"target": -1166.3176461331702, "params": {"k_pid_pos": [0.34565025784020587, 0.48817295505794156, 0.8082570050266508], "k_pid_alt": [0.23356816707397177, 0.031977606607344056, 0.4835921276320163], "k_pid_att": [58.818742072762895, 9.212069875010096, 0.8637248813398687], "k_pid_yaw": [0.5, 1e-06, 0.1], "k_pid_hsp": [8.67083713745804, 0.04783737089546225, 0.4354665353264313], "k_pid_vsp": [227.2624204164814, 38.321166030370094, 359.47628228379256]}, "datetime": {"datetime": "2025-08-20 12:59:36", "elapsed": 4030.982073545456, "delta": 21.572887420654297}, "costs": {"total_cost": 1166.3176461331702, "time_cost": 150, "final_distance_cost": 43.86235030147521, "oscillation_cost": 313.83838879472256, "completition_cost": 555.5555555555555, "overshoot_cost": 68.00486441518414, "power_cost": 19.584347558593752, "noise_cost": 15.472139507639271, "n_waypoints_completed": 4, "tot_waypoints": 9}}
{"target": -868.5417026540119, "params": {"k_pid_pos": [0.9657505609148017, 0.10713442086740377, 0.3396323063136998], "k_pid_alt": [1.1964411089794347, 0.6423408103948446, 0.9314310513551809], "k_pid_att": [17.461713542937552, 1.7180273569112379, 0.9152718241323229], "k_pid_yaw": [0.5, 1e-06, 0.1], "k_pid_hsp": [6.0046411721636135, 0.18811348850181264, 0.45793254670942907], "k_pid_vsp": [282.7379968301067, 332.2594957389514, 325.7488140537308]}, "datetime": {"datetime": "2025-08-20 12:59:58", "elapsed": 4052.928277492523, "delta": 21.94620394706726}, "costs": {"total_cost": 868.5417026540119, "time_cost": 150, "final_distance_cost": 68.17763702692447, "oscillation_cost": 228.77724024258399, "completition_cost": 333.33333333333337, "overshoot_cost": 53.6222002086044, "power_cost": 19.97226600341797, "noise_cost": 14.659025839147867, "n_waypoints_completed": 6, "tot_waypoints": 9}}
{"target": -1563.3640813809234, "params": {"k_pid_pos": [0.2742799215943139, 0.8871728213567138, 0.6575409117629071], "k_pid_alt": [1.3879073330979552, 0.8798430646818879, 0.5060975501397244], "k_pid_att": [31.384954748791515, 2.3872727805428764, 0.974576281792974], "k_pid_yaw": [0.5, 1e-06, 0.1], "k_pid_hsp": [2.0582462225582536, 0.583619644788436, 0.876305195318519], "k_pid_vsp": [85.88904503817996, 139.87885818596328, 306.282458737617]}, "datetime": {"datetime": "2025-08-20 13:00:20", "elapsed": 4074.85667014122, "delta": 21.9283926486969}, "costs": {"total_cost": 1563.3640813809234, "time_cost": 150, "final_distance_cost": 12.58944572729298, "oscillation_cost": 171.08342659344544, "completition_cost": 1000.0, "overshoot_cost": 138.84548776384594, "power_cost": 24.7619341796875, "noise_cost": 66.08378711665137, "n_waypoints_completed": 0, "tot_waypoints": 9}}
{"target": -617.8237460194065, "params": {"k_pid_pos": [1.691928716837493, 0.3438278138134616, 0.4459386937773858], "k_pid_alt": [0.2920882237877491, 0.15946448373656907, 0.9965002753651703], "k_pid_att": [42.961294322173316, 7.39212300208296, 0.5854556927031048], "k_pid_yaw": [0.5, 1e-06, 0.1], "k_pid_hsp": [5.479052171962979, 0.9384314765210859, 0.4206237183352155], "k_pid_vsp": [391.54539503747293, 323.88445031584297, 331.4233688127797]}, "datetime": {"datetime": "2025-08-20 13:00:41", "elapsed": 4096.35086607933, "delta": 21.49419593811035}, "costs": {"total_cost": 617.8237460194065, "time_cost": 150, "final_distance_cost": 14.968024452406803, "oscillation_cost": 240.63223655679664, "completition_cost": 111.11111111111116, "overshoot_cost": 61.871152590541136, "power_cost": 22.869169885253907, "noise_cost": 16.37205142329683, "n_waypoints_completed": 8, "tot_waypoints": 9}}
{"target": -665.2207809508991, "params": {"k_pid_pos": [0.7427406850686185, 0.7719037891124172, 0.6224180488655694], "k_pid_alt": [1.9501837234884785, 0.836779385999988, 0.7708848440441054], "k_pid_att": [64.61144365804238, 3.4089637602239087, 0.10402292848699313], "k_pid_yaw": [0.5, 1e-06, 0.1], "k_pid_hsp": [6.472430149247731, 0.06892593225400934, 0.3988720862545836], "k_pid_vsp": [264.9725729457459, 143.5749790023866, 18.39673311181814]}, "datetime": {"datetime": "2025-08-20 13:01:03", "elapsed": 4118.300004243851, "delta": 21.949138164520264}, "costs": {"total_cost": 665.2207809508991, "time_cost": 150, "final_distance_cost": 64.64690532824436, "oscillation_cost": 255.8218891194582, "completition_cost": 111.11111111111116, "overshoot_cost": 47.72273835097515, "power_cost": 19.688194567871093, "noise_cost": 16.229942473239166, "n_waypoints_completed": 8, "tot_waypoints": 9}}
{"target": -1250.1429770230698, "params": {"k_pid_pos": [0.08529633678833169, 0.30237375002319755, 0.3093774721400583], "k_pid_alt": [1.608539294292906, 0.6881892745740842, 0.5593344659195003], "k_pid_att": [58.1673350984553, 4.890148380095527, 0.9544144242448381], "k_pid_yaw": [0.5, 1e-06, 0.1], "k_pid_hsp": [4.702779884877765, 0.2303855907149045, 0.19359632272008975], "k_pid_vsp": [69.50773118985354, 313.192776839747, 37.892507984232516]}, "datetime": {"datetime": "2025-08-20 13:01:25", "elapsed": 4140.117142677307, "delta": 21.81713843345642}, "costs": {"total_cost": 1250.1429770230698, "time_cost": 150, "final_distance_cost": 69.93934776921888, "oscillation_cost": 283.25602988159574, "completition_cost": 666.6666666666667, "overshoot_cost": 43.64146712306489, "power_cost": 20.784532275390625, "noise_cost": 15.854933307133082, "n_waypoints_completed": 3, "tot_waypoints": 9}}
{"target": -1410.5770850778035, "params": {"k_pid_pos": [0.35796083747151647, 0.8701648809542771, 0.6815402370774973], "k_pid_alt": [1.88200581373651, 0.7124777455209842, 0.6304117791867891], "k_pid_att": [13.644788943748443, 4.581370423318048, 0.14675721736155323], "k_pid_yaw": [0.5, 1e-06, 0.1], "k_pid_hsp": [5.977776081366529, 0.24458251060953773, 0.28014720267182236], "k_pid_vsp": [263.83034794373503, 95.96691795089906, 342.60730290974084]}, "datetime": {"datetime": "2025-08-20 13:01:47", "elapsed": 4162.075921297073, "delta": 21.958778619766235}, "costs": {"total_cost": 1410.5770850778035, "time_cost": 150, "final_distance_cost": 86.70734757936947, "oscillation_cost": 299.3040242866304, "completition_cost": 777.7777777777778, "overshoot_cost": 59.74313060091324, "power_cost": 20.00979832763672, "noise_cost": 17.035006505475895, "n_waypoints_completed": 2, "tot_waypoints": 9}}
{"target": -1349.4296982517558, "params": {"k_pid_pos": [0.09833369330805093, 0.555288390764236, 0.8055583351772376], "k_pid_alt": [0.09656509475505759, 0.6754805910723183, 0.4429197726915416], "k_pid_att": [30.656302921699808, 1.1926674024738977, 0.28674828168415767], "k_pid_yaw": [0.5, 1e-06, 0.1], "k_pid_hsp": [0.7752319288218983, 0.1874586260877401, 0.15378700168924575], "k_pid_vsp": [112.48771910054765, 185.9328242985151, 260.79441035793553]}, "datetime": {"datetime": "2025-08-20 13:02:09", "elapsed": 4184.166970729828, "delta": 22.091049432754517}, "costs": {"total_cost": 1349.4296982517558, "time_cost": 150, "final_distance_cost": 61.49699736740262, "oscillation_cost": 272.4489299019406, "completition_cost": 777.7777777777778, "overshoot_cost": 48.62363348544282, "power_cost": 22.37877938232422, "noise_cost": 16.703580336867752, "n_waypoints_completed": 2, "tot_waypoints": 9}}
{"target": -958.403744829704, "params": {"k_pid_pos": [1.4873329831272968, 0.39141381084078875, 0.6745514194630483], "k_pid_alt": [0.16482156315773433, 0.19803496206308535, 0.022227697540327274], "k_pid_att": [65.3985993574828, 1.932508656742371, 0.5489355797694527], "k_pid_yaw": [0.5, 1e-06, 0.1], "k_pid_hsp": [9.241186726577553, 0.7958652665393722, 0.6250437739998477], "k_pid_vsp": [158.3221703770608, 343.73142984442944, 289.0606330119938]}, "datetime": {"datetime": "2025-08-20 13:02:31", "elapsed": 4206.220710277557, "delta": 22.053739547729492}, "costs": {"total_cost": 958.403744829704, "time_cost": 150, "final_distance_cost": 69.02816116478003, "oscillation_cost": 312.77955690848387, "completition_cost": 333.33333333333337, "overshoot_cost": 56.18252832187338, "power_cost": 20.93436796875, "noise_cost": 16.145797132483253, "n_waypoints_completed": 6, "tot_waypoints": 9}}
{"target": -1344.6480438782812, "params": {"k_pid_pos": [0.31288254492423917, 0.3230880710140651, 0.921447589530982], "k_pid_alt": [0.19099663657486166, 0.03473831005437289, 0.8484877340727077], "k_pid_att": [52.32667101094315, 6.266542985876888, 0.03416244921673062], "k_pid_yaw": [0.5, 1e-06, 0.1], "k_pid_hsp": [5.273392678572731, 0.6485292496119469, 0.7549635781279513], "k_pid_vsp": [334.97139144586026, 178.737409736983, 102.39582273170433]}, "datetime": {"datetime": "2025-08-20 13:02:53", "elapsed": 4227.877954483032, "delta": 21.657244205474854}, "costs": {"total_cost": 1344.6480438782812, "time_cost": 150, "final_distance_cost": 55.38229426519469, "oscillation_cost": 392.75068458048634, "completition_cost": 666.6666666666667, "overshoot_cost": 42.24614788523096, "power_cost": 21.384143701171876, "noise_cost": 16.218106779530537, "n_waypoints_completed": 3, "tot_waypoints": 9}}
