{"target": -278.5322391325622, "params": {"k_pid_pos": [1.1923452431812298, 0.40997507476466444, 0.587627015244735], "k_pid_alt": [1.9353830441348563, 0.8751927370495396, 0.9293647205045482], "k_pid_att": [74.13032544974547, 1.439976384699961, 0.9928284842652738], "k_pid_yaw": [0.5, 1e-06, 0.1], "k_pid_hsp": [7.886064056360666, 0.6957896008979357, 0.052917283502475314], "k_pid_vsp": [177.97391278652427, 143.46012022420024, 67.69112314305781]}, "datetime": {"datetime": "2025-08-21 05:45:59", "elapsed": 64413.66260051727, "delta": 44.73010540008545}, "costs": {"total_cost": 278.5322391325622, "time_cost": 84.32000000000001, "final_distance_cost": 1.71608559848609, "oscillation_cost": 111.34227435539283, "completition_cost": 0.0, "overshoot_cost": 52.366024984655134, "power_cost": 16.054433312988284, "noise_cost": 12.733420881039896, "n_waypoints_completed": 9, "tot_waypoints": 9}}
{"target": -199.33125654262258, "params": {"k_pid_pos": [2.0, 0.0, 0.0], "k_pid_alt": [2.0, 0.0, 0.0], "k_pid_att": [53.563198424567126, 0.0001, 0.8210196243940343], "k_pid_yaw": [0.5, 1e-06, 0.1], "k_pid_hsp": [8.90749972779687, 0.0, 0.0], "k_pid_vsp": [358.25363080642575, 216.74172527742996, 31.88354649416012]}, "datetime": {"datetime": "2025-08-21 05:46:44", "elapsed": 64458.89322400093, "delta": 45.23062348365784}, "costs": {"total_cost": 199.33125654262258, "time_cost": 68.96000000000001, "final_distance_cost": 1.7713784020772108, "oscillation_cost": 59.0035857819388, "completition_cost": 0.0, "overshoot_cost": 50.48516875153021, "power_cost": 10.122522143554688, "noise_cost": 8.988601463521684, "n_waypoints_completed": 9, "tot_waypoints": 9}}
{"target": -368.39527662452736, "params": {"k_pid_pos": [2.0, 0.0, 0.27870533295901034], "k_pid_alt": [0.8961324023919279, 0.27310785525440756, 0.6085285336698129], "k_pid_att": [95.23609689627878, 8.389728993985669, 0.11931348093179871], "k_pid_yaw": [0.5, 1e-06, 0.1], "k_pid_hsp": [8.2178597732804, 0.5469295182121271, 0.35477438957441515], "k_pid_vsp": [156.58240227024535, 139.5854128418876, 13.246899399309264]}, "datetime": {"datetime": "2025-08-21 05:47:24", "elapsed": 64499.033489227295, "delta": 40.140265226364136}, "costs": {"total_cost": 368.39527662452736, "time_cost": 80.28, "final_distance_cost": 1.7864185056431048, "oscillation_cost": 200.66910522743012, "completition_cost": 0.0, "overshoot_cost": 53.157155476953164, "power_cost": 18.200740295410156, "noise_cost": 14.301857119090727, "n_waypoints_completed": 9, "tot_waypoints": 9}}
{"target": -695.5498210845769, "params": {"k_pid_pos": [1.6905942221376835, 0.5131466416942465, 0.8300892972773278], "k_pid_alt": [1.248997870909531, 0.09384467580843303, 0.4839111168014487], "k_pid_att": [32.054278869758114, 2.5155634948981667, 0.5769166475227987], "k_pid_yaw": [0.5, 1e-06, 0.1], "k_pid_hsp": [1.7370079827758755, 0.26245809381171714, 0.6750458275802839], "k_pid_vsp": [337.79744165037914, 204.21411757840505, 35.53248963384376]}, "datetime": {"datetime": "2025-08-21 05:48:06", "elapsed": 64540.95642590523, "delta": 41.92293667793274}, "costs": {"total_cost": 695.5498210845769, "time_cost": 150, "final_distance_cost": 63.12267999821122, "oscillation_cost": 169.31604132790468, "completition_cost": 222.2222222222222, "overshoot_cost": 53.64717483527086, "power_cost": 21.47496776123047, "noise_cost": 15.766734939737535, "n_waypoints_completed": 7, "tot_waypoints": 9}}
{"target": -831.9492836061441, "params": {"k_pid_pos": [0.5398563466187092, 0.27729594058432083, 0.7874909414091915], "k_pid_alt": [0.7663026384417468, 0.44951405217839036, 0.5519399748764664], "k_pid_att": [31.692659141715584, 8.398129986036876, 0.8506914572813974], "k_pid_yaw": [0.5, 1e-06, 0.1], "k_pid_hsp": [6.428079271034799, 0.428407329074055, 0.38824019866902104], "k_pid_vsp": [116.32598142600385, 141.05328655829607, 17.374731894355957]}, "datetime": {"datetime": "2025-08-21 05:48:56", "elapsed": 64591.27787280083, "delta": 50.321446895599365}, "costs": {"total_cost": 831.9492836061441, "time_cost": 150, "final_distance_cost": 69.71837473759435, "oscillation_cost": 309.1272724575039, "completition_cost": 222.2222222222222, "overshoot_cost": 46.18419479871415, "power_cost": 19.35068399658203, "noise_cost": 15.346535393527422, "n_waypoints_completed": 7, "tot_waypoints": 9}}
{"target": -656.147707167596, "params": {"k_pid_pos": [1.9498817074697719, 0.27465495322262656, 0.565074229250651], "k_pid_alt": [0.32165254881613947, 0.7561490066817871, 0.2451384599023314], "k_pid_att": [7.434332351622386, 5.9706272656773285, 0.15375869378250118], "k_pid_yaw": [0.5, 1e-06, 0.1], "k_pid_hsp": [9.55399675406098, 0.48025502266825915, 0.33145605981661064], "k_pid_vsp": [50.58661125149548, 231.35736886744547, 78.93192701570773]}, "datetime": {"datetime": "2025-08-21 05:50:10", "elapsed": 64664.546471595764, "delta": 73.26859879493713}, "costs": {"total_cost": 656.147707167596, "time_cost": 150, "final_distance_cost": 48.50660076042163, "oscillation_cost": 251.4881973235217, "completition_cost": 111.11111111111116, "overshoot_cost": 61.52532467563281, "power_cost": 19.1322171875, "noise_cost": 14.384256109408655, "n_waypoints_completed": 8, "tot_waypoints": 9}}
{"target": -234.8679909193867, "params": {"k_pid_pos": [2.0, 0.0, 0.7725121230201796], "k_pid_alt": [1.9086041138240115, 0.15592099355402442, 0.08290400669814578], "k_pid_att": [57.92810254963144, 8.044406315019764, 0.7160590140755272], "k_pid_yaw": [0.5, 1e-06, 0.1], "k_pid_hsp": [4.803571401406427, 0.9604698223624198, 0.0], "k_pid_vsp": [62.589996191622014, 186.5511844697806, 95.00015294235669]}, "datetime": {"datetime": "2025-08-21 05:50:51", "elapsed": 64705.82883143425, "delta": 41.28235983848572}, "costs": {"total_cost": 234.8679909193867, "time_cost": 81.70400000000001, "final_distance_cost": 1.7722849417501045, "oscillation_cost": 58.99580953047176, "completition_cost": 0.0, "overshoot_cost": 57.85104316360063, "power_cost": 19.811529748535158, "noise_cost": 14.733323535029069, "n_waypoints_completed": 9, "tot_waypoints": 9}}
{"target": -765.7549954523072, "params": {"k_pid_pos": [1.337256570333241, 0.7103722261507177, 0.8908245028234997], "k_pid_alt": [1.2999327523028608, 0.30847346795018704, 0.2994029088118813], "k_pid_att": [78.81203900179747, 2.189414874315098, 0.5268075121325019], "k_pid_yaw": [0.5, 1e-06, 0.1], "k_pid_hsp": [3.3617397835655645, 0.6381947968714313, 0.5168033030307586], "k_pid_vsp": [73.99805517595905, 362.9469233593935, 14.96367966510702]}, "datetime": {"datetime": "2025-08-21 05:51:38", "elapsed": 64752.71986627579, "delta": 46.891034841537476}, "costs": {"total_cost": 765.7549954523072, "time_cost": 150, "final_distance_cost": 65.62554651447142, "oscillation_cost": 246.21298109832478, "completition_cost": 222.2222222222222, "overshoot_cost": 44.61878505376898, "power_cost": 21.053122302246095, "noise_cost": 16.022338261273745, "n_waypoints_completed": 7, "tot_waypoints": 9}}
{"target": -383.13590363100036, "params": {"k_pid_pos": [0.5188817480299132, 0.04655116742335809, 0.0], "k_pid_alt": [1.1724030496875912, 0.664308668839017, 0.0], "k_pid_att": [33.98302858567779, 0.0001, 0.801472433490244], "k_pid_yaw": [0.5, 1e-06, 0.1], "k_pid_hsp": [2.100978310945833, 0.880858934998872, 0.25223125275412706], "k_pid_vsp": [391.16481195904464, 42.43751568439284, 180.16984865067087]}, "datetime": {"datetime": "2025-08-21 05:52:36", "elapsed": 64811.30877327919, "delta": 58.58890700340271}, "costs": {"total_cost": 383.13590363100036, "time_cost": 97.21600000000001, "final_distance_cost": 1.8300996890230878, "oscillation_cost": 193.13510050461588, "completition_cost": 0.0, "overshoot_cost": 57.2621258240426, "power_cost": 19.071822326660158, "noise_cost": 14.620755286658671, "n_waypoints_completed": 9, "tot_waypoints": 9}}
{"target": -350.61854481068275, "params": {"k_pid_pos": [1.3256114362101454, 0.1543557874781728, 0.7441301456137842], "k_pid_alt": [0.8276477152701781, 0.824299998876662, 0.6581410539542135], "k_pid_att": [8.939733265648654, 4.216363262820018, 0.3212927068539086], "k_pid_yaw": [0.5, 1e-06, 0.1], "k_pid_hsp": [5.71954233781511, 0.3564536871619551, 0.5813543191321161], "k_pid_vsp": [329.4709695103656, 325.11191983124047, 15.927396166116166]}, "datetime": {"datetime": "2025-08-21 05:53:24", "elapsed": 64858.544035196304, "delta": 47.23526191711426}, "costs": {"total_cost": 350.61854481068275, "time_cost": 83.888, "final_distance_cost": 1.7769166593052683, "oscillation_cost": 181.72717122909702, "completition_cost": 0.0, "overshoot_cost": 55.790465099171286, "power_cost": 15.404624645996094, "noise_cost": 12.03136717711304, "n_waypoints_completed": 9, "tot_waypoints": 9}}
{"target": -855.0130840037828, "params": {"k_pid_pos": [0.5246853532875608, 0.7702628283070496, 0.4747846822313436], "k_pid_alt": [0.874554460143337, 0.6801185668974168, 0.7487524980027923], "k_pid_att": [33.33963277458996, 6.662272011337722, 0.3824082326825098], "k_pid_yaw": [0.5, 1e-06, 0.1], "k_pid_hsp": [7.560286592418008, 0.8055382970824803, 0.9612372192621846], "k_pid_vsp": [310.5704189366125, 50.29170789596174, 60.30131249639634]}, "datetime": {"datetime": "2025-08-21 05:54:08", "elapsed": 64902.988070726395, "delta": 44.44403553009033}, "costs": {"total_cost": 855.0130840037828, "time_cost": 150, "final_distance_cost": 51.7375733090773, "oscillation_cost": 231.13244370911096, "completition_cost": 333.33333333333337, "overshoot_cost": 48.43340486206527, "power_cost": 22.70574461669922, "noise_cost": 17.670584173496657, "n_waypoints_completed": 6, "tot_waypoints": 9}}
{"target": -324.2432033275383, "params": {"k_pid_pos": [1.8073066553827513, 0.5172690523607468, 0.1489393649968258], "k_pid_alt": [1.78644423712751, 0.3480075590280287, 0.22184347906398338], "k_pid_att": [37.42202262786063, 0.06718934690734327, 0.8948879806298776], "k_pid_yaw": [0.5, 1e-06, 0.1], "k_pid_hsp": [9.284500575182223, 0.8482439993746296, 0.15192673541312277], "k_pid_vsp": [272.2449838730154, 301.12165428936856, 79.95873188085571]}, "datetime": {"datetime": "2025-08-21 05:54:51", "elapsed": 64945.544625759125, "delta": 42.5565550327301}, "costs": {"total_cost": 324.2432033275383, "time_cost": 99.70400000000001, "final_distance_cost": 1.7062465655654113, "oscillation_cost": 132.0799241036471, "completition_cost": 0.0, "overshoot_cost": 54.669319382978294, "power_cost": 20.583058325195314, "noise_cost": 15.500654950152185, "n_waypoints_completed": 9, "tot_waypoints": 9}}
{"target": -395.97255313105825, "params": {"k_pid_pos": [2.0, 0.0, 1.0], "k_pid_alt": [2.0, 0.0, 0.09192319455868647], "k_pid_att": [65.49789111556343, 1.6050290838805406, 0.0], "k_pid_yaw": [0.5, 1e-06, 0.1], "k_pid_hsp": [5.924771169227169, 1.0, 1.0], "k_pid_vsp": [247.6142419095848, 265.67055175838345, 272.00922650861105]}, "datetime": {"datetime": "2025-08-21 05:55:45", "elapsed": 65000.45594739914, "delta": 54.91132164001465}, "costs": {"total_cost": 395.97255313105825, "time_cost": 83.816, "final_distance_cost": 1.7496283917630768, "oscillation_cost": 218.40203619937154, "completition_cost": 0.0, "overshoot_cost": 58.9137506863384, "power_cost": 18.71996083984375, "noise_cost": 14.371177013741459, "n_waypoints_completed": 9, "tot_waypoints": 9}}
{"target": -632.8061646947785, "params": {"k_pid_pos": [1.5307211592721348, 0.10676962106408017, 0.664956674297871], "k_pid_alt": [0.47566308099396637, 0.10011665161500993, 0.2142801080041582], "k_pid_att": [34.13174815999335, 1.5100519024102872, 0.29051567667262745], "k_pid_yaw": [0.5, 1e-06, 0.1], "k_pid_hsp": [6.6150162580036085, 0.023979131803726905, 0.5257644867363123], "k_pid_vsp": [126.40487574563623, 147.46343874476537, 4.874431671210781]}, "datetime": {"datetime": "2025-08-21 05:56:30", "elapsed": 65045.044315338135, "delta": 44.58836793899536}, "costs": {"total_cost": 632.8061646947785, "time_cost": 150, "final_distance_cost": 7.781618356323474, "oscillation_cost": 274.61100432180046, "completition_cost": 111.11111111111116, "overshoot_cost": 54.009394518812954, "power_cost": 19.33634569091797, "noise_cost": 15.956690695812554, "n_waypoints_completed": 8, "tot_waypoints": 9}}
{"target": -350.83108737837466, "params": {"k_pid_pos": [1.959496620569753, 0.013874914347324538, 0.5655449745074749], "k_pid_alt": [0.8944020486984489, 0.3607780461401703, 0.11108513153537158], "k_pid_att": [8.754426838303955, 10.0, 0.22331239310717643], "k_pid_yaw": [0.5, 1e-06, 0.1], "k_pid_hsp": [8.376022267471296, 0.7170791963806981, 0.8378521332370338], "k_pid_vsp": [95.34302448132033, 286.68208507927665, 94.59381736882492]}, "datetime": {"datetime": "2025-08-21 05:57:06", "elapsed": 65080.65158891678, "delta": 35.6072735786438}, "costs": {"total_cost": 350.83108737837466, "time_cost": 75.72, "final_distance_cost": 1.802336494526101, "oscillation_cost": 195.03434799630034, "completition_cost": 0.0, "overshoot_cost": 52.54564212621912, "power_cost": 14.624006066894532, "noise_cost": 11.104754694434536, "n_waypoints_completed": 9, "tot_waypoints": 9}}
{"target": -244.3163717002254, "params": {"k_pid_pos": [2.0, 0.0, 1.0], "k_pid_alt": [0.8247374467481161, 0.9309347305181815, 0.0], "k_pid_att": [13.536713824498419, 10.0, 0.5350902204037282], "k_pid_yaw": [0.5, 1e-06, 0.1], "k_pid_hsp": [6.158069563640958, 1.0, 0.0], "k_pid_vsp": [18.54425650483432, 309.55357410442844, 28.441130839348233]}, "datetime": {"datetime": "2025-08-21 05:57:47", "elapsed": 65122.07664012909, "delta": 41.42505121231079}, "costs": {"total_cost": 244.3163717002254, "time_cost": 80.808, "final_distance_cost": 1.7981858947742164, "oscillation_cost": 77.76118489251648, "completition_cost": 0.0, "overshoot_cost": 56.085646564668735, "power_cost": 16.02943171386719, "noise_cost": 11.833922634398755, "n_waypoints_completed": 9, "tot_waypoints": 9}}
{"target": -866.3645188824971, "params": {"k_pid_pos": [1.247590402211253, 0.651929228392789, 0.4792692212432273], "k_pid_alt": [1.8782243956203233, 0.0903840249368549, 0.536535036795191], "k_pid_att": [60.67939177075901, 1.3454666059446236, 0.49372669484713705], "k_pid_yaw": [0.5, 1e-06, 0.1], "k_pid_hsp": [4.595138400023297, 0.1779849287515222, 0.93555212421182], "k_pid_vsp": [200.18755430528228, 181.9282764861813, 28.24605723705938]}, "datetime": {"datetime": "2025-08-21 05:58:34", "elapsed": 65169.356119155884, "delta": 47.279479026794434}, "costs": {"total_cost": 866.3645188824971, "time_cost": 150, "final_distance_cost": 71.56427958387735, "oscillation_cost": 226.6739838523649, "completition_cost": 333.33333333333337, "overshoot_cost": 47.38076299622305, "power_cost": 21.396907080078126, "noise_cost": 16.0152520366203, "n_waypoints_completed": 6, "tot_waypoints": 9}}
{"target": -764.5324871333122, "params": {"k_pid_pos": [0.6688569771836399, 0.16351979616831547, 0.48109724689130773], "k_pid_alt": [1.1123421507639197, 0.9286287561450733, 0.48943994972708305], "k_pid_att": [7.111232278701207, 5.840099541632821, 0.4351284495130673], "k_pid_yaw": [0.5, 1e-06, 0.1], "k_pid_hsp": [9.025387690456839, 0.36169322355197686, 0.974136532921578], "k_pid_vsp": [206.74828200802784, 216.36331175103638, 83.30177392106509]}, "datetime": {"datetime": "2025-08-21 05:59:20", "elapsed": 65214.66173815727, "delta": 45.30561900138855}, "costs": {"total_cost": 764.5324871333122, "time_cost": 150, "final_distance_cost": 71.10436095112256, "oscillation_cost": 239.44344078696395, "completition_cost": 222.2222222222222, "overshoot_cost": 48.79190016940179, "power_cost": 18.437244409179687, "noise_cost": 14.533318594422084, "n_waypoints_completed": 7, "tot_waypoints": 9}}
{"target": -722.0907230605576, "params": {"k_pid_pos": [1.9873134024948231, 0.05627518670323869, 0.009822537525979783], "k_pid_alt": [1.0777510151692549, 0.16700023917151297, 0.06243839844284156], "k_pid_att": [64.59083998863831, 2.6053508202148636, 0.4665658057693822], "k_pid_yaw": [0.5, 1e-06, 0.1], "k_pid_hsp": [0.9648911944827095, 0.6247792946143166, 0.115250218700126], "k_pid_vsp": [275.73507553083033, 192.63644105425843, 161.8214523586319]}, "datetime": {"datetime": "2025-08-21 06:00:15", "elapsed": 65269.80717420578, "delta": 55.14543604850769}, "costs": {"total_cost": 722.0907230605576, "time_cost": 150, "final_distance_cost": 65.97279613685079, "oscillation_cost": 191.39344681059558, "completition_cost": 222.2222222222222, "overshoot_cost": 52.51169137744361, "power_cost": 23.19773345947266, "noise_cost": 16.792833053972835, "n_waypoints_completed": 7, "tot_waypoints": 9}}
{"target": -244.289364648992, "params": {"k_pid_pos": [2.0, 0.3526620719528735, 0.0], "k_pid_alt": [1.806633160559194, 1.0, 1.0], "k_pid_att": [85.15778388339594, 9.698966985478304, 0.775299573952718], "k_pid_yaw": [0.5, 1e-06, 0.1], "k_pid_hsp": [5.701147082624953, 0.5261268625853223, 0.0], "k_pid_vsp": [328.12082095135577, 385.07376441922816, 49.79995516832423]}, "datetime": {"datetime": "2025-08-21 06:00:58", "elapsed": 65313.038603782654, "delta": 43.23142957687378}, "costs": {"total_cost": 244.289364648992, "time_cost": 88.52, "final_distance_cost": 1.7421546898153677, "oscillation_cost": 64.28444012472693, "completition_cost": 0.0, "overshoot_cost": 54.72125968716088, "power_cost": 19.583482165527343, "noise_cost": 15.438027981761499, "n_waypoints_completed": 9, "tot_waypoints": 9}}
{"target": -407.1154057113197, "params": {"k_pid_pos": [1.5281610924175315, 0.24718537897466633, 1.0], "k_pid_alt": [1.4288586434591763, 0.41215391162067877, 0.98877810347966], "k_pid_att": [8.16744885414966, 8.81140449378603, 0.056617581314320015], "k_pid_yaw": [0.5, 1e-06, 0.1], "k_pid_hsp": [10.0, 0.9226995845679137, 0.5094401785737944], "k_pid_vsp": [273.1283634096265, 362.5166152646707, 28.695646488291857]}, "datetime": {"datetime": "2025-08-21 06:01:48", "elapsed": 65362.53282237053, "delta": 49.494218587875366}, "costs": {"total_cost": 407.1154057113197, "time_cost": 87.224, "final_distance_cost": 1.7220035823869124, "oscillation_cost": 232.16556214953906, "completition_cost": 0.0, "overshoot_cost": 52.71250319703144, "power_cost": 19.003240649414064, "noise_cost": 14.288096132948231, "n_waypoints_completed": 9, "tot_waypoints": 9}}
{"target": -341.6125054875056, "params": {"k_pid_pos": [2.0, 0.0, 1.0], "k_pid_alt": [0.5813657140649723, 0.0, 0.0], "k_pid_att": [34.53629506123221, 10.0, 1.0], "k_pid_yaw": [0.5, 1e-06, 0.1], "k_pid_hsp": [10.0, 1.0, 1.0], "k_pid_vsp": [177.65541997912484, 48.4859290148519, 18.312635059080844]}, "datetime": {"datetime": "2025-08-21 06:02:36", "elapsed": 65410.79510116577, "delta": 48.26227879524231}, "costs": {"total_cost": 341.6125054875056, "time_cost": 77.512, "final_distance_cost": 1.7835808578529242, "oscillation_cost": 187.61272656371125, "completition_cost": 0.0, "overshoot_cost": 51.107160679771646, "power_cost": 12.787547082519533, "noise_cost": 10.809490303650172, "n_waypoints_completed": 9, "tot_waypoints": 9}}
{"target": -297.889398254653, "params": {"k_pid_pos": [0.9849836235791398, 0.1263211792573934, 0.44745759576313854], "k_pid_alt": [2.0, 1.0, 0.2270793797711869], "k_pid_att": [12.387551545575258, 0.03505224562364835, 1.0], "k_pid_yaw": [0.5, 1e-06, 0.1], "k_pid_hsp": [10.0, 0.1383297504254429, 0.35269112411188236], "k_pid_vsp": [15.859855170888983, 222.25095567406927, 35.54826163452123]}, "datetime": {"datetime": "2025-08-21 06:03:19", "elapsed": 65453.64425086975, "delta": 42.84914970397949}, "costs": {"total_cost": 297.889398254653, "time_cost": 82.848, "final_distance_cost": 1.7879486126018593, "oscillation_cost": 129.87548107192094, "completition_cost": 0.0, "overshoot_cost": 53.74163261653988, "power_cost": 16.982367736816407, "noise_cost": 12.653968216773858, "n_waypoints_completed": 9, "tot_waypoints": 9}}
{"target": -624.5500269033696, "params": {"k_pid_pos": [2.0, 0.0, 0.12083509817295317], "k_pid_alt": [0.24674621754388731, 0.8012250883190276, 0.0314912583981992], "k_pid_att": [57.98086727605135, 4.984482887968276, 0.9063509642710099], "k_pid_yaw": [0.5, 1e-06, 0.1], "k_pid_hsp": [7.138921403821187, 0.23644496512814636, 0.0], "k_pid_vsp": [63.048126953970865, 184.01549565385858, 94.19800035030367]}, "datetime": {"datetime": "2025-08-21 06:04:10", "elapsed": 65504.64742588997, "delta": 51.003175020217896}, "costs": {"total_cost": 624.5500269033696, "time_cost": 150, "final_distance_cost": 71.0980698331648, "oscillation_cost": 77.37738699385142, "completition_cost": 222.2222222222222, "overshoot_cost": 67.51945751342355, "power_cost": 20.90456364746094, "noise_cost": 15.428326693246689, "n_waypoints_completed": 7, "tot_waypoints": 9}}
{"target": -1044.1009659148942, "params": {"k_pid_pos": [0.1590644128696899, 0.42954658528719214, 0.9388593959970551], "k_pid_alt": [1.8685781826760028, 0.6135200017224745, 0.7945101661210233], "k_pid_att": [2.837541496855933, 0.7001870927743451, 0.18940100472564114], "k_pid_yaw": [0.5, 1e-06, 0.1], "k_pid_hsp": [4.198895853839052, 0.348877405980519, 0.1230145553833406], "k_pid_vsp": [97.42455168663686, 101.31407369812918, 23.374418433109163]}, "datetime": {"datetime": "2025-08-21 06:04:58", "elapsed": 65553.4827504158, "delta": 48.83532452583313}, "costs": {"total_cost": 1044.1009659148942, "time_cost": 150, "final_distance_cost": 53.05270365890672, "oscillation_cost": 75.78814868018166, "completition_cost": 666.6666666666667, "overshoot_cost": 46.864232300097974, "power_cost": 30.84520845947266, "noise_cost": 20.88400614956835, "n_waypoints_completed": 3, "tot_waypoints": 9}}
