{"target": -1370.9942287550275, "params": {"k_pid_pos": [0.15553135792687842, 0.04872898246880486, 0.8672994493989012], "k_pid_alt": [0.2950942147787392, 0.39543860981509005, 0.9005906429448168], "k_pid_att": [66.652191388344, 4.045530758937914, 0.5031216465580874], "k_pid_yaw": [0.5, 1e-06, 0.1], "k_pid_hsp": [7.873980838528658, 0.4444794217247755, 0.2743555690594668], "k_pid_vsp": [89.66009218359186, 189.08375221871884, 140.54540351105385]}, "datetime": {"datetime": "2025-08-20 14:54:44", "elapsed": 10938.923247098923, "delta": 27.563096284866333}, "costs": {"total_cost": 1370.9942287550275, "time_cost": 150, "final_distance_cost": 71.20606228919286, "oscillation_cost": 382.8816218616259, "completition_cost": 666.6666666666667, "overshoot_cost": 63.0195086169713, "power_cost": 20.81182069091797, "noise_cost": 16.408548629652874, "n_waypoints_completed": 3, "tot_waypoints": 9}}
{"target": -1144.3668207480587, "params": {"k_pid_pos": [0.6185098430814668, 0.41480345819600895, 0.8695690048298703], "k_pid_alt": [0.3587843647862232, 0.9297778448806385, 0.9798583159737225], "k_pid_att": [90.81571362847227, 7.2141373247126594, 0.7971437623111199], "k_pid_yaw": [0.5, 1e-06, 0.1], "k_pid_hsp": [6.146768346412181, 0.18773294855349354, 0.20641108562140398], "k_pid_vsp": [394.5713088565247, 44.426531693434725, 69.68725638477024]}, "datetime": {"datetime": "2025-08-20 14:55:11", "elapsed": 10965.799065589905, "delta": 26.875818490982056}, "costs": {"total_cost": 1144.3668207480587, "time_cost": 150, "final_distance_cost": 45.58879742985661, "oscillation_cost": 302.50817874407636, "completition_cost": 555.5555555555555, "overshoot_cost": 52.4499813861964, "power_cost": 21.054550976562503, "noise_cost": 17.209756655811052, "n_waypoints_completed": 4, "tot_waypoints": 9}}
{"target": -1160.8858483535296, "params": {"k_pid_pos": [0.7928872344344859, 0.5471673172444524, 0.855995444003544], "k_pid_alt": [0.9908509151119496, 0.9697163648614016, 0.7095845540682432], "k_pid_att": [98.50492326048895, 4.155151121652347, 0.9407100915429873], "k_pid_yaw": [0.5, 1e-06, 0.1], "k_pid_hsp": [5.135256096103066, 0.948520260391278, 0.6042176203703162], "k_pid_vsp": [214.1019259261574, 149.8894701027007, 207.9778289862761]}, "datetime": {"datetime": "2025-08-20 14:55:34", "elapsed": 10989.129876375198, "delta": 23.33081078529358}, "costs": {"total_cost": 1160.8858483535296, "time_cost": 150, "final_distance_cost": 40.32750810323248, "oscillation_cost": 323.12954605425017, "completition_cost": 555.5555555555555, "overshoot_cost": 50.52195345693562, "power_cost": 22.943921008300784, "noise_cost": 18.407364175254976, "n_waypoints_completed": 4, "tot_waypoints": 9}}
{"target": -1030.5419223053218, "params": {"k_pid_pos": [1.0838474693111508, 0.25055507310118297, 0.18556045950134148], "k_pid_alt": [0.17091321564003636, 0.3998669297550115, 0.03183222075180059], "k_pid_att": [38.78019938629986, 4.222254410125402, 0.7540096739083791], "k_pid_yaw": [0.5, 1e-06, 0.1], "k_pid_hsp": [6.749861843902602, 0.714511386778378, 0.7735496858714034], "k_pid_vsp": [129.76754857372006, 52.12061509922698, 182.17458962220087]}, "datetime": {"datetime": "2025-08-20 14:55:57", "elapsed": 11012.315750837326, "delta": 23.185874462127686}, "costs": {"total_cost": 1030.5419223053218, "time_cost": 150, "final_distance_cost": 55.29117289199917, "oscillation_cost": 275.6942801947313, "completition_cost": 444.4444444444444, "overshoot_cost": 60.37590269653697, "power_cost": 24.114308642578127, "noise_cost": 20.62181343503175, "n_waypoints_completed": 5, "tot_waypoints": 9}}
{"target": -1329.0077034135215, "params": {"k_pid_pos": [1.6767429981289983, 0.10827272475440453, 0.8827169407626676], "k_pid_alt": [0.3946501861087306, 0.9414937214451798, 0.8048394166610267], "k_pid_att": [85.70695915384655, 7.3855177690350855, 0.7741567675429987], "k_pid_yaw": [0.5, 1e-06, 0.1], "k_pid_hsp": [6.323255309759923, 0.46851085249630897, 0.9703396109802521], "k_pid_vsp": [102.75367880786872, 47.37569347738003, 233.68384769942062]}, "datetime": {"datetime": "2025-08-20 14:56:21", "elapsed": 11035.617093086243, "delta": 23.301342248916626}, "costs": {"total_cost": 1329.0077034135215, "time_cost": 150, "final_distance_cost": 52.1879729735415, "oscillation_cost": 332.88437357118056, "completition_cost": 666.6666666666667, "overshoot_cost": 85.48573818378692, "power_cost": 22.188333361816408, "noise_cost": 19.59461865652949, "n_waypoints_completed": 3, "tot_waypoints": 9}}
{"target": -938.0901509546444, "params": {"k_pid_pos": [0.7108793889187627, 0.5680212333152441, 0.3165031901165063], "k_pid_alt": [1.1121564264894093, 0.29063363589327296, 0.4190766865636142], "k_pid_att": [61.721164355350865, 7.6533886090789744, 0.11507615495108026], "k_pid_yaw": [0.5, 1e-06, 0.1], "k_pid_hsp": [4.0439062411257325, 0.26217822342023445, 0.9055471161554093], "k_pid_vsp": [28.344856648743022, 73.46951348257963, 50.90970573695748]}, "datetime": {"datetime": "2025-08-20 14:56:43", "elapsed": 11058.48480463028, "delta": 22.867711544036865}, "costs": {"total_cost": 938.0901509546444, "time_cost": 150, "final_distance_cost": 45.827047454864015, "oscillation_cost": 208.6974416683463, "completition_cost": 444.4444444444444, "overshoot_cost": 51.949563770012276, "power_cost": 20.93348917236328, "noise_cost": 16.238164444614267, "n_waypoints_completed": 5, "tot_waypoints": 9}}
{"target": -1268.7485806239058, "params": {"k_pid_pos": [0.5510278393071661, 0.5509161909678573, 0.6864952504055174], "k_pid_alt": [1.321922635836326, 0.6014152368309232, 0.2777459428301018], "k_pid_att": [75.04490620392713, 7.63646617671068, 0.20980903219779556], "k_pid_yaw": [0.5, 1e-06, 0.1], "k_pid_hsp": [2.731333289687498, 0.39400851002317094, 0.9776849079537402], "k_pid_vsp": [188.54712862669817, 382.50182654908747, 267.68172267053586]}, "datetime": {"datetime": "2025-08-20 14:57:09", "elapsed": 11083.520090579987, "delta": 25.03528594970703}, "costs": {"total_cost": 1268.7485806239058, "time_cost": 150, "final_distance_cost": 58.65818571300125, "oscillation_cost": 298.1086334261743, "completition_cost": 666.6666666666667, "overshoot_cost": 54.195969231477996, "power_cost": 23.125474560546877, "noise_cost": 17.99365102603844, "n_waypoints_completed": 3, "tot_waypoints": 9}}
{"target": -1167.161593900977, "params": {"k_pid_pos": [0.4647067428949429, 0.7933029234078712, 0.8224673884570588], "k_pid_alt": [1.9192128962723645, 0.5687385598299165, 0.3011653849632172], "k_pid_att": [58.31404979133937, 6.230184639120929, 0.8463857821099361], "k_pid_yaw": [0.5, 1e-06, 0.1], "k_pid_hsp": [1.45502809645739, 0.11161074765554369, 0.9817069456975076], "k_pid_vsp": [211.73771476446447, 267.90490650633603, 318.528321713113]}, "datetime": {"datetime": "2025-08-20 14:57:33", "elapsed": 11108.503284454346, "delta": 24.98319387435913}, "costs": {"total_cost": 1167.161593900977, "time_cost": 150, "final_distance_cost": 48.19788155469056, "oscillation_cost": 313.72375684918734, "completition_cost": 555.5555555555555, "overshoot_cost": 62.686713309983915, "power_cost": 20.815286840820313, "noise_cost": 16.18239979073943, "n_waypoints_completed": 4, "tot_waypoints": 9}}
{"target": -653.8039543288899, "params": {"k_pid_pos": [1.332128490651708, 0.16031576829306993, 0.9911592754967915], "k_pid_alt": [0.5217719276872459, 0.915316780594271, 0.31611959842242643], "k_pid_att": [38.657856878829, 9.430632885538657, 0.5467929168615896], "k_pid_yaw": [0.5, 1e-06, 0.1], "k_pid_hsp": [9.076936746557006, 0.7858946356456066, 0.1672298649730687], "k_pid_vsp": [238.28083011743385, 43.23947046976399, 131.40142532738753]}, "datetime": {"datetime": "2025-08-20 14:57:58", "elapsed": 11133.138716697693, "delta": 24.635432243347168}, "costs": {"total_cost": 653.8039543288899, "time_cost": 150, "final_distance_cost": 33.34751327001393, "oscillation_cost": 251.1840049179736, "completition_cost": 111.11111111111116, "overshoot_cost": 68.66511910888632, "power_cost": 22.85368641357422, "noise_cost": 16.642519507330597, "n_waypoints_completed": 8, "tot_waypoints": 9}}
{"target": -1021.21398958064, "params": {"k_pid_pos": [1.6161505641961096, 0.33723283694354533, 0.7645615555784269], "k_pid_alt": [0.14781612115296094, 0.7193979629503422, 0.3783476226863022], "k_pid_att": [40.959211688957396, 2.1755006016362657, 0.6773644084930704], "k_pid_yaw": [0.5, 1e-06, 0.1], "k_pid_hsp": [7.958150230298322, 0.38924807602610334, 0.9571552069573804], "k_pid_vsp": [275.40879213762344, 245.59662491575534, 301.8284774974794]}, "datetime": {"datetime": "2025-08-20 14:58:22", "elapsed": 11157.073152542114, "delta": 23.934435844421387}, "costs": {"total_cost": 1021.21398958064, "time_cost": 150, "final_distance_cost": 56.92621607664523, "oscillation_cost": 269.3803650117538, "completition_cost": 444.4444444444444, "overshoot_cost": 59.98152578348, "power_cost": 22.52298992919922, "noise_cost": 17.95844833511742, "n_waypoints_completed": 5, "tot_waypoints": 9}}
{"target": -1774.2523432577068, "params": {"k_pid_pos": [1.0447800062279753, 0.64558702436096, 0.7821456583283081], "k_pid_alt": [1.120598975622121, 0.5444683087430828, 0.27977639451347736], "k_pid_att": [12.387375211795405, 7.209015834897391, 0.1501922127197316], "k_pid_yaw": [0.5, 1e-06, 0.1], "k_pid_hsp": [4.234469587894447, 0.7758101482747733, 0.4700819094284757], "k_pid_vsp": [10.136324272290498, 116.20338194941034, 70.06580165074082]}, "datetime": {"datetime": "2025-08-20 14:58:48", "elapsed": 11183.192601919174, "delta": 26.119449377059937}, "costs": {"total_cost": 1774.2523432577068, "time_cost": 150, "final_distance_cost": 0.7990508793352681, "oscillation_cost": 412.9340600932384, "completition_cost": 1000.0, "overshoot_cost": 133.96447509459142, "power_cost": 19.5816708984375, "noise_cost": 56.97308629210419, "n_waypoints_completed": 0, "tot_waypoints": 9}}
{"target": -1309.4885691436245, "params": {"k_pid_pos": [0.9386452795001246, 0.9399170119387291, 0.09780781119490489], "k_pid_alt": [1.5665626980325007, 0.6862103604137979, 0.8147053971214635], "k_pid_att": [65.9489601221087, 2.056664328599808, 0.19657716001348413], "k_pid_yaw": [0.5, 1e-06, 0.1], "k_pid_hsp": [5.203854638681729, 0.39699040621570914, 0.19330482746109634], "k_pid_vsp": [32.324255618889495, 313.9781155938323, 190.49502652723754]}, "datetime": {"datetime": "2025-08-20 14:59:15", "elapsed": 11209.858899116516, "delta": 26.66629719734192}, "costs": {"total_cost": 1309.4885691436245, "time_cost": 150, "final_distance_cost": 49.612411085511695, "oscillation_cost": 98.195064079839, "completition_cost": 888.8888888888888, "overshoot_cost": 76.62553848155329, "power_cost": 24.431802600097658, "noise_cost": 21.734864007734167, "n_waypoints_completed": 1, "tot_waypoints": 9}}
{"target": -369.8638842615582, "params": {"k_pid_pos": [1.5444971397863032, 0.07341817820880014, 0.7919427993622553], "k_pid_alt": [1.1820952357621997, 0.4524134812333186, 0.8673164970804781], "k_pid_att": [10.134520480586174, 6.358099183541916, 0.6036124275442384], "k_pid_yaw": [0.5, 1e-06, 0.1], "k_pid_hsp": [2.443232149704166, 0.36428860937033647, 0.23513883760466703], "k_pid_vsp": [308.88026075200537, 391.5358796025925, 263.9797763872968]}, "datetime": {"datetime": "2025-08-20 14:59:41", "elapsed": 11236.479880332947, "delta": 26.620981216430664}, "costs": {"total_cost": 369.8638842615582, "time_cost": 93.808, "final_distance_cost": 1.7858532962944007, "oscillation_cost": 184.6813112686095, "completition_cost": 0.0, "overshoot_cost": 57.72746620562446, "power_cost": 18.343395568847658, "noise_cost": 13.517857922182204, "n_waypoints_completed": 9, "tot_waypoints": 9}}
{"target": -759.9096954761841, "params": {"k_pid_pos": [1.2615358470353644, 0.678403126493193, 0.9157899139966081], "k_pid_alt": [1.4137921463383765, 0.7260415687185825, 0.9600664350097515], "k_pid_att": [24.89556403139289, 3.779420408286485, 0.3203018806939032], "k_pid_yaw": [0.5, 1e-06, 0.1], "k_pid_hsp": [1.0295856705223987, 0.9168757292888235, 0.8215502732383247], "k_pid_vsp": [29.12110458533754, 369.0587832010764, 92.70457491106556]}, "datetime": {"datetime": "2025-08-20 15:00:09", "elapsed": 11263.67944073677, "delta": 27.199560403823853}, "costs": {"total_cost": 759.9096954761841, "time_cost": 150, "final_distance_cost": 73.1304247220779, "oscillation_cost": 215.1473440057303, "completition_cost": 222.2222222222222, "overshoot_cost": 64.28226223248623, "power_cost": 19.494265966796878, "noise_cost": 15.633176326870487, "n_waypoints_completed": 7, "tot_waypoints": 9}}
{"target": -791.4816569191636, "params": {"k_pid_pos": [1.7811208321122551, 0.11007742292096045, 0.584904613437985], "k_pid_alt": [1.4803742643423565, 0.10889499099098088, 0.4679465382335293], "k_pid_att": [68.03433521230971, 7.65079245508514, 0.027129701640766557], "k_pid_yaw": [0.5, 1e-06, 0.1], "k_pid_hsp": [3.272536600040698, 0.1585392424854163, 0.5678260787390341], "k_pid_vsp": [372.86622709584725, 395.6565050739876, 270.5645465794528]}, "datetime": {"datetime": "2025-08-20 15:00:35", "elapsed": 11290.26438331604, "delta": 26.58494257926941}, "costs": {"total_cost": 791.4816569191636, "time_cost": 150, "final_distance_cost": 65.31071787448523, "oscillation_cost": 270.877419188903, "completition_cost": 222.2222222222222, "overshoot_cost": 44.41176913864924, "power_cost": 22.431206469726565, "noise_cost": 16.228322025177324, "n_waypoints_completed": 7, "tot_waypoints": 9}}
{"target": -795.2680321500909, "params": {"k_pid_pos": [0.606169945452697, 0.4149467179163351, 0.6894346489386773], "k_pid_alt": [1.1272403519024705, 0.059578418456230464, 0.8646738701105753], "k_pid_att": [51.98363025000946, 6.7987026715155485, 0.2851932671683498], "k_pid_yaw": [0.5, 1e-06, 0.1], "k_pid_hsp": [9.814850242104438, 0.1295493934461006, 0.39050449662500186], "k_pid_vsp": [134.38499764291683, 142.29109163788175, 7.463582581481758]}, "datetime": {"datetime": "2025-08-20 15:01:01", "elapsed": 11316.014345884323, "delta": 25.74996256828308}, "costs": {"total_cost": 795.2680321500909, "time_cost": 150, "final_distance_cost": 70.99399462533448, "oscillation_cost": 274.31107423412095, "completition_cost": 222.2222222222222, "overshoot_cost": 42.03091860377993, "power_cost": 19.79750009765625, "noise_cost": 15.912322366977158, "n_waypoints_completed": 7, "tot_waypoints": 9}}
{"target": -973.3363760046635, "params": {"k_pid_pos": [0.5547791933901092, 0.8742296897481211, 0.7574127052575227], "k_pid_alt": [1.383717588887397, 0.15007394628851412, 0.2583336065613002], "k_pid_att": [68.03705855196888, 7.409887896397157, 0.7985028988048866], "k_pid_yaw": [0.5, 1e-06, 0.1], "k_pid_hsp": [3.157893657073885, 0.17438752110403888, 0.07843586211923481], "k_pid_vsp": [263.4525290721009, 40.395893492328284, 358.00276118158433]}, "datetime": {"datetime": "2025-08-20 15:01:25", "elapsed": 11340.467863559723, "delta": 24.45351767539978}, "costs": {"total_cost": 973.3363760046635, "time_cost": 150, "final_distance_cost": 55.562520204052475, "oscillation_cost": 232.2329380148675, "completition_cost": 444.4444444444444, "overshoot_cost": 52.39516528780794, "power_cost": 20.91386217041016, "noise_cost": 17.787445883081137, "n_waypoints_completed": 5, "tot_waypoints": 9}}
{"target": -1423.6322668146513, "params": {"k_pid_pos": [0.6442883199844788, 0.6848546193652308, 0.39318042783488594], "k_pid_alt": [0.3269936699613105, 0.8649794516957368, 0.6361520682050461], "k_pid_att": [87.15264298957565, 1.664471885057367, 0.0927267191114356], "k_pid_yaw": [0.5, 1e-06, 0.1], "k_pid_hsp": [6.0638543633084, 0.011766593003292525, 0.7682569919431479], "k_pid_vsp": [118.58426057497411, 97.33395577910116, 243.3617691730505]}, "datetime": {"datetime": "2025-08-20 15:01:49", "elapsed": 11364.0875248909, "delta": 23.619661331176758}, "costs": {"total_cost": 1423.6322668146513, "time_cost": 150, "final_distance_cost": 57.73937371328976, "oscillation_cost": 211.31349669774582, "completition_cost": 888.8888888888888, "overshoot_cost": 72.57967078825757, "power_cost": 20.385865014648438, "noise_cost": 22.724971711820803, "n_waypoints_completed": 1, "tot_waypoints": 9}}
{"target": -883.8262800203717, "params": {"k_pid_pos": [0.26819031657100045, 0.2730242265031564, 0.04169997214787857], "k_pid_alt": [0.10133245671704105, 0.9390661811415232, 0.7781479273131147], "k_pid_att": [69.2493085208682, 5.954458078034227, 0.8471846531632453], "k_pid_yaw": [0.5, 1e-06, 0.1], "k_pid_hsp": [6.610743403667338, 0.8480079626091417, 0.08663585329816303], "k_pid_vsp": [163.93747790646466, 388.587281052828, 83.86279132182491]}, "datetime": {"datetime": "2025-08-20 15:02:14", "elapsed": 11388.730162382126, "delta": 24.642637491226196}, "costs": {"total_cost": 883.8262800203717, "time_cost": 150, "final_distance_cost": 50.84361644085401, "oscillation_cost": 148.13531383413107, "completition_cost": 444.4444444444444, "overshoot_cost": 54.45644667258583, "power_cost": 19.32369215087891, "noise_cost": 16.622766477477477, "n_waypoints_completed": 5, "tot_waypoints": 9}}
{"target": -1203.7275154896602, "params": {"k_pid_pos": [0.8637007334589457, 0.1775337926623779, 0.6279980179396988], "k_pid_alt": [0.8695562060161921, 0.8437705952424318, 0.6300917689331711], "k_pid_att": [83.34893854149384, 0.9486514089657901, 0.5365449462686857], "k_pid_yaw": [0.5, 1e-06, 0.1], "k_pid_hsp": [4.220921894483367, 0.6804041146107689, 0.604206930174524], "k_pid_vsp": [45.47807044149881, 245.73866171820936, 186.69307243207328]}, "datetime": {"datetime": "2025-08-20 15:02:39", "elapsed": 11413.781058311462, "delta": 25.050895929336548}, "costs": {"total_cost": 1203.7275154896602, "time_cost": 150, "final_distance_cost": 55.719007930792046, "oscillation_cost": 343.1945658766492, "completition_cost": 555.5555555555555, "overshoot_cost": 59.12999578302846, "power_cost": 22.33345294189453, "noise_cost": 17.794937401740274, "n_waypoints_completed": 4, "tot_waypoints": 9}}
{"target": -1082.423424184725, "params": {"k_pid_pos": [0.7524830306523488, 0.3291886703573029, 0.8243663823472815], "k_pid_alt": [0.4779556199623387, 0.3815989846269544, 0.4813998077924255], "k_pid_att": [36.257509780501074, 1.1868330331364312, 0.3986472022312608], "k_pid_yaw": [0.5, 1e-06, 0.1], "k_pid_hsp": [7.808974674535713, 0.8387259863962779, 0.8486822786743687], "k_pid_vsp": [320.9748720073895, 301.5668239099565, 257.9022817555237]}, "datetime": {"datetime": "2025-08-20 15:03:04", "elapsed": 11438.578825712204, "delta": 24.797767400741577}, "costs": {"total_cost": 1082.423424184725, "time_cost": 150, "final_distance_cost": 51.49826336290082, "oscillation_cost": 348.3384613719122, "completition_cost": 444.4444444444444, "overshoot_cost": 49.79448597386207, "power_cost": 21.30557608642578, "noise_cost": 17.042192945179742, "n_waypoints_completed": 5, "tot_waypoints": 9}}
{"target": -930.7155030723014, "params": {"k_pid_pos": [0.7393217348304059, 0.036665098049771916, 0.40441677406494103], "k_pid_alt": [0.6829869339290244, 0.13026715482407403, 0.29570607870446675], "k_pid_att": [34.851363580210226, 4.349911102702562, 0.24392285258524538], "k_pid_yaw": [0.5, 1e-06, 0.1], "k_pid_hsp": [4.759364886974959, 0.24463920482765267, 0.9207868409399078], "k_pid_vsp": [285.1929149189985, 370.2618639459526, 158.1424404564039]}, "datetime": {"datetime": "2025-08-20 15:03:30", "elapsed": 11464.721894025803, "delta": 26.143068313598633}, "costs": {"total_cost": 930.7155030723014, "time_cost": 150, "final_distance_cost": 71.35238580818948, "oscillation_cost": 299.53242741591475, "completition_cost": 333.33333333333337, "overshoot_cost": 42.42300848158587, "power_cost": 19.30326541748047, "noise_cost": 14.771082615797617, "n_waypoints_completed": 6, "tot_waypoints": 9}}
{"target": -1725.3483498442833, "params": {"k_pid_pos": [0.05795476479951403, 0.38964138916350644, 0.8974811683618106], "k_pid_alt": [0.4791671590552573, 0.6845633210687645, 0.202137232960108], "k_pid_att": [29.299405943833325, 9.497419715303272, 0.00028440767016180146], "k_pid_yaw": [0.5, 1e-06, 0.1], "k_pid_hsp": [0.17288373456387793, 0.7682326550132103, 0.8380842367281633], "k_pid_vsp": [93.38382057496588, 19.118838648401507, 161.73126668437848]}, "datetime": {"datetime": "2025-08-20 15:03:55", "elapsed": 11489.823152780533, "delta": 25.101258754730225}, "costs": {"total_cost": 1725.3483498442833, "time_cost": 150, "final_distance_cost": 47.76526214771672, "oscillation_cost": 446.41019128108667, "completition_cost": 1000.0, "overshoot_cost": 44.26946559165763, "power_cost": 20.5507740234375, "noise_cost": 16.352656800384896, "n_waypoints_completed": 0, "tot_waypoints": 9}}
{"target": -898.4946292415644, "params": {"k_pid_pos": [0.9003609627831838, 0.6219251720297847, 0.7837419555684483], "k_pid_alt": [0.6728365402938801, 0.6303954996758557, 0.8697249057540731], "k_pid_att": [60.87129127256659, 0.6547258231118572, 0.7515476702872701], "k_pid_yaw": [0.5, 1e-06, 0.1], "k_pid_hsp": [4.1607371335121055, 0.23253204085323675, 0.11476997705866765], "k_pid_vsp": [251.8770168443407, 311.4361326986641, 356.5519701429197]}, "datetime": {"datetime": "2025-08-20 15:04:19", "elapsed": 11514.007745981216, "delta": 24.184593200683594}, "costs": {"total_cost": 898.4946292415644, "time_cost": 150, "final_distance_cost": 81.08846474555072, "oscillation_cost": 239.45525504404057, "completition_cost": 333.33333333333337, "overshoot_cost": 54.17115853129684, "power_cost": 23.081888537597656, "noise_cost": 17.36452904974532, "n_waypoints_completed": 6, "tot_waypoints": 9}}
