{"target": -3831.723820568237, "params": {"k_pid_pos": [1.1845928918583422, 0.0, 0.41974419840532007], "k_pid_alt": [0.0, 0.13509687074442422, 0.4414129049017368], "k_pid_att": [0.0, 0.5014079090827971, 0.6147909189060878], "k_pid_yaw": [0.5, 1e-06, 0.1], "k_pid_hsp": [8.992632720728627, 0.5101433964487682, 0.005943827860249204], "k_pid_vsp": [263.8873766160619, 274.86866779150733, 41.61920319446134]}, "datetime": {"datetime": "2025-08-21 01:36:07", "elapsed": 49421.807547330856, "delta": 51.29600477218628}, "costs": {"total_cost": 3831.723820568237, "time_cost": 150, "final_distance_cost": 562.294635036068, "oscillation_cost": 701.2606092418704, "completition_cost": 1000.0, "overshoot_cost": 1285.4795676268973, "power_cost": 35.73855814208984, "noise_cost": 96.95045052131108, "n_waypoints_completed": 0, "tot_waypoints": 9}}
{"target": -1271.8978946078778, "params": {"k_pid_pos": [1.0746552914247052, 0.452771501000818, 0.2961570018633164], "k_pid_alt": [0.579392141676871, 0.9788275913656097, 0.34453691991395374], "k_pid_att": [81.06811815545029, 1.0880356038819665, 0.9371617917459388], "k_pid_yaw": [0.5, 1e-06, 0.1], "k_pid_hsp": [3.1488046681861928, 0.075437952749843, 0.4752453807065148], "k_pid_vsp": [218.16746801565628, 279.50192668383517, 197.4989152902231]}, "datetime": {"datetime": "2025-08-21 01:36:37", "elapsed": 49451.73363661766, "delta": 29.9260892868042}, "costs": {"total_cost": 1271.8978946078778, "time_cost": 150, "final_distance_cost": 54.30622692813655, "oscillation_cost": 305.80286687298485, "completition_cost": 666.6666666666667, "overshoot_cost": 55.11908154986165, "power_cost": 22.372764392089845, "noise_cost": 17.630288198138096, "n_waypoints_completed": 3, "tot_waypoints": 9}}
{"target": -408.09962595918205, "params": {"k_pid_pos": [1.342825379109921, 0.4507297252637907, 0.1835164107518851], "k_pid_alt": [1.4768883313131709, 0.6099513440238974, 0.7246788878424216], "k_pid_att": [73.97777847249188, 3.0251399092726508, 0.9597909747585902], "k_pid_yaw": [0.5, 1e-06, 0.1], "k_pid_hsp": [7.9123146540663845, 0.8764288338368084, 0.403752533134599], "k_pid_vsp": [177.57502019564245, 148.72538519338988, 69.60726972082088]}, "datetime": {"datetime": "2025-08-21 01:37:18", "elapsed": 49492.882603406906, "delta": 41.148966789245605}, "costs": {"total_cost": 408.09962595918205, "time_cost": 90.104, "final_distance_cost": 1.6624213838719435, "oscillation_cost": 227.42989572282053, "completition_cost": 0.0, "overshoot_cost": 54.15608464992198, "power_cost": 19.773225842285157, "noise_cost": 14.973998360282398, "n_waypoints_completed": 9, "tot_waypoints": 9}}
{"target": -1433.6555965681066, "params": {"k_pid_pos": [0.07980127845920616, 0.5794474871150684, 0.8301298850444877], "k_pid_alt": [0.8748067870255849, 0.14445590154742138, 0.9999393988252947], "k_pid_att": [14.172553457546444, 8.863259704423323, 0.03416604753061703], "k_pid_yaw": [0.5, 1e-06, 0.1], "k_pid_hsp": [5.878026086130523, 0.15671148533691226, 0.09970785636388746], "k_pid_vsp": [390.2662029355764, 386.21964898123633, 331.0242770936947]}, "datetime": {"datetime": "2025-08-21 01:37:55", "elapsed": 49529.758788108826, "delta": 36.876184701919556}, "costs": {"total_cost": 1433.6555965681066, "time_cost": 150, "final_distance_cost": 87.5139433150757, "oscillation_cost": 334.53529047958364, "completition_cost": 777.7777777777778, "overshoot_cost": 42.75824914401845, "power_cost": 24.07458878173828, "noise_cost": 16.99574706991249, "n_waypoints_completed": 2, "tot_waypoints": 9}}
{"target": -425.97253857728674, "params": {"k_pid_pos": [1.6847094420677147, 0.0400224760327246, 0.7967466739996467], "k_pid_alt": [0.5052667299574227, 0.6655290332300811, 0.37568325226367977], "k_pid_att": [23.88638444849355, 1.4494087194293948, 0.6042851572908149], "k_pid_yaw": [0.5, 1e-06, 0.1], "k_pid_hsp": [9.042336146304127, 0.43356729632310065, 0.8754938177402574], "k_pid_vsp": [11.34250009102525, 209.07304999977487, 43.14397815082837]}, "datetime": {"datetime": "2025-08-21 01:38:42", "elapsed": 49577.15157365799, "delta": 47.39278554916382}, "costs": {"total_cost": 425.97253857728674, "time_cost": 86.88, "final_distance_cost": 1.7487704741950083, "oscillation_cost": 250.5305012027036, "completition_cost": 0.0, "overshoot_cost": 57.78653401308486, "power_cost": 16.44630135498047, "noise_cost": 12.58043153232287, "n_waypoints_completed": 9, "tot_waypoints": 9}}
{"target": -397.0975939834791, "params": {"k_pid_pos": [1.5644581118781045, 0.5816355380994117, 0.27171314143467906], "k_pid_alt": [1.3170228406547353, 0.6371764971461865, 0.2787615466403417], "k_pid_att": [41.0484678365115, 6.113349030468643, 0.45768254137321085], "k_pid_yaw": [0.5, 1e-06, 0.1], "k_pid_hsp": [6.384926833540838, 0.23214581797136627, 0.4706236373548808], "k_pid_vsp": [288.2811872926079, 73.36676960176297, 45.88308653339977]}, "datetime": {"datetime": "2025-08-21 01:39:33", "elapsed": 49628.45644521713, "delta": 51.304871559143066}, "costs": {"total_cost": 397.0975939834791, "time_cost": 98.152, "final_distance_cost": 1.7689628828287272, "oscillation_cost": 200.67423390629764, "completition_cost": 0.0, "overshoot_cost": 55.811486205572855, "power_cost": 22.936510424804688, "noise_cost": 17.754400563975185, "n_waypoints_completed": 9, "tot_waypoints": 9}}
{"target": -1719.6761462525858, "params": {"k_pid_pos": [1.0737037518585646, 0.1447139437004088, 0.21017067013680613], "k_pid_alt": [1.0723739878262302, 0.7201215345049106, 0.26107044022141024], "k_pid_att": [86.43176990223391, 9.420717220595192, 0.0875000835745865], "k_pid_yaw": [0.5, 1e-06, 0.1], "k_pid_hsp": [0.7261122919599864, 0.5955427274615228, 0.9244057764568394], "k_pid_vsp": [49.23171660414462, 149.62872342918854, 178.23879735623905]}, "datetime": {"datetime": "2025-08-21 01:40:08", "elapsed": 49663.24018263817, "delta": 34.78373742103577}, "costs": {"total_cost": 1719.6761462525858, "time_cost": 150, "final_distance_cost": 43.34318920593057, "oscillation_cost": 447.92683936423145, "completition_cost": 1000.0, "overshoot_cost": 39.712520699174824, "power_cost": 21.325504028320314, "noise_cost": 17.368092954928585, "n_waypoints_completed": 0, "tot_waypoints": 9}}
{"target": -1139.9211999299794, "params": {"k_pid_pos": [1.5504515721759653, 0.9608891777193929, 0.9140249946883291], "k_pid_alt": [0.7033175533424372, 0.362918523506374, 0.3311772392741821], "k_pid_att": [57.153686219123955, 2.6873750671005894, 0.016520973143218765], "k_pid_yaw": [0.5, 1e-06, 0.1], "k_pid_hsp": [0.8625535862768232, 0.5153000572727038, 0.43852762544545], "k_pid_vsp": [168.55759353429426, 84.22184412925618, 213.20950618322988]}, "datetime": {"datetime": "2025-08-21 01:40:43", "elapsed": 49698.478125572205, "delta": 35.237942934036255}, "costs": {"total_cost": 1139.9211999299794, "time_cost": 150, "final_distance_cost": 55.56246164353269, "oscillation_cost": 154.45909376898308, "completition_cost": 666.6666666666667, "overshoot_cost": 70.01032416579308, "power_cost": 24.793398999023438, "noise_cost": 18.429254685980407, "n_waypoints_completed": 3, "tot_waypoints": 9}}
{"target": -1557.3924748183788, "params": {"k_pid_pos": [1.010403502093377, 0.6111704177191588, 0.7494651377163559], "k_pid_alt": [0.3911255970782017, 0.6168491944133507, 0.4973586187005328], "k_pid_att": [14.31262042047694, 7.984522313405156, 0.7764987666176695], "k_pid_yaw": [0.5, 1e-06, 0.1], "k_pid_hsp": [0.2377522613236397, 0.7192302243555418, 0.8068250257659272], "k_pid_vsp": [117.61476356139897, 366.79362457078554, 234.26295235676983]}, "datetime": {"datetime": "2025-08-21 01:41:19", "elapsed": 49733.861795425415, "delta": 35.38366985321045}, "costs": {"total_cost": 1557.3924748183788, "time_cost": 150, "final_distance_cost": 50.28809848757194, "oscillation_cost": 281.2928671598896, "completition_cost": 1000.0, "overshoot_cost": 39.39535618467347, "power_cost": 20.680179028320314, "noise_cost": 15.735973957923365, "n_waypoints_completed": 0, "tot_waypoints": 9}}
{"target": -1220.5204668576646, "params": {"k_pid_pos": [0.2352819582391851, 0.298038030298451, 0.8808976895495066], "k_pid_alt": [1.1762379558165548, 0.06763802009529951, 0.6512095686838898], "k_pid_att": [46.70387199285535, 6.640951392566424, 0.3335890847723154], "k_pid_yaw": [0.5, 1e-06, 0.1], "k_pid_hsp": [5.841849369481945, 0.9847124531877236, 0.8999371522634497], "k_pid_vsp": [392.19873009454744, 151.21679671403112, 375.70868415737704]}, "datetime": {"datetime": "2025-08-21 01:41:55", "elapsed": 49769.96772694588, "delta": 36.105931520462036}, "costs": {"total_cost": 1220.5204668576646, "time_cost": 150, "final_distance_cost": 45.16385321996827, "oscillation_cost": 380.82287349453605, "completition_cost": 555.5555555555555, "overshoot_cost": 51.83619427095357, "power_cost": 20.957695422363283, "noise_cost": 16.18429489428805, "n_waypoints_completed": 4, "tot_waypoints": 9}}
{"target": -419.11775171000465, "params": {"k_pid_pos": [0.976866320414738, 0.06432259912131022, 0.5979658276556118], "k_pid_alt": [1.6222866103911129, 0.3275012044478133, 0.22225718411550777], "k_pid_att": [38.21846445131713, 0.8800486109196286, 0.693307159229319], "k_pid_yaw": [0.5, 1e-06, 0.1], "k_pid_hsp": [7.829884214901137, 0.6263742000773256, 0.6575270397941482], "k_pid_vsp": [268.4366654820533, 111.76733370109372, 177.20362139322546]}, "datetime": {"datetime": "2025-08-21 01:42:30", "elapsed": 49804.64917087555, "delta": 34.68144392967224}, "costs": {"total_cost": 419.11775171000465, "time_cost": 91.048, "final_distance_cost": 1.7962684664824686, "oscillation_cost": 230.14139967303416, "completition_cost": 0.0, "overshoot_cost": 57.10637757719228, "power_cost": 22.651478857421875, "noise_cost": 16.374227135873838, "n_waypoints_completed": 9, "tot_waypoints": 9}}
{"target": -1395.5409204879272, "params": {"k_pid_pos": [0.6144165722472402, 0.7190244353047359, 0.3293624182076278], "k_pid_alt": [1.3795875703042515, 0.4064504627921611, 0.007406484093288701], "k_pid_att": [12.855891413762311, 4.86796855619072, 0.40656373622870745], "k_pid_yaw": [0.5, 1e-06, 0.1], "k_pid_hsp": [9.089622380058024, 0.5535311897005829, 0.29738466035730904], "k_pid_vsp": [10.100582797405266, 75.7432112038517, 181.61708584083237]}, "datetime": {"datetime": "2025-08-21 01:43:11", "elapsed": 49846.04565358162, "delta": 41.396482706069946}, "costs": {"total_cost": 1395.5409204879272, "time_cost": 150, "final_distance_cost": 65.8033649115629, "oscillation_cost": 284.047761115793, "completition_cost": 777.7777777777778, "overshoot_cost": 90.36888320329085, "power_cost": 11.764310156250001, "noise_cost": 15.778823323252727, "n_waypoints_completed": 2, "tot_waypoints": 9}}
{"target": -905.076817438282, "params": {"k_pid_pos": [1.0473759926733799, 0.7328638217945216, 0.07950390265283769], "k_pid_alt": [0.3870553367071359, 0.8596223165086612, 0.22167959852314867], "k_pid_att": [15.929041954586188, 2.2489651963741166, 0.1679666348503962], "k_pid_yaw": [0.5, 1e-06, 0.1], "k_pid_hsp": [2.8706521379728254, 0.21837476532963707, 0.0616255557046389], "k_pid_vsp": [8.684710101296211, 223.84853772376454, 40.41288799142565]}, "datetime": {"datetime": "2025-08-21 01:44:04", "elapsed": 49899.15974211693, "delta": 53.11408853530884}, "costs": {"total_cost": 905.076817438282, "time_cost": 150, "final_distance_cost": 53.61913941268748, "oscillation_cost": 168.88381770352794, "completition_cost": 444.4444444444444, "overshoot_cost": 51.60932451972692, "power_cost": 20.037841650390625, "noise_cost": 16.482249707504725, "n_waypoints_completed": 5, "tot_waypoints": 9}}
{"target": -1794.3071707719073, "params": {"k_pid_pos": [1.33146512362899, 0.7595088883478228, 0.6253835532518924], "k_pid_alt": [0.4777032247109907, 0.10245853609838163, 0.11554530381851824], "k_pid_att": [32.6604182622766, 0.13166140539864937, 0.5662249670461152], "k_pid_yaw": [0.5, 1e-06, 0.1], "k_pid_hsp": [4.272641848333739, 0.5932399077300207, 0.4592351293760648], "k_pid_vsp": [45.75551171354731, 67.6518452831658, 166.79122039701323]}, "datetime": {"datetime": "2025-08-21 01:44:47", "elapsed": 49941.617505311966, "delta": 42.45776319503784}, "costs": {"total_cost": 1794.3071707719073, "time_cost": 150, "final_distance_cost": 149.2874057408148, "oscillation_cost": 305.206281156432, "completition_cost": 1000.0, "overshoot_cost": 145.15559259965636, "power_cost": 23.57144228515625, "noise_cost": 21.086448989847856, "n_waypoints_completed": 0, "tot_waypoints": 9}}
{"target": -648.7205039597272, "params": {"k_pid_pos": [1.226412811834608, 0.20927886650151284, 0.16290190580715458], "k_pid_alt": [0.722550458572389, 0.22196268668438368, 0.27258544225370007], "k_pid_att": [49.590913737663925, 5.421876538713043, 0.45527832324883233], "k_pid_yaw": [0.5, 1e-06, 0.1], "k_pid_hsp": [5.150179168745913, 0.8942437545061718, 0.7248508944933296], "k_pid_vsp": [228.5710818248561, 16.809762923530677, 88.74496746107437]}, "datetime": {"datetime": "2025-08-21 01:45:36", "elapsed": 49991.12138867378, "delta": 49.503883361816406}, "costs": {"total_cost": 648.7205039597272, "time_cost": 150, "final_distance_cost": 66.59960558854246, "oscillation_cost": 231.6874650947086, "completition_cost": 111.11111111111116, "overshoot_cost": 51.85435899853122, "power_cost": 21.521239514160158, "noise_cost": 15.946723652673633, "n_waypoints_completed": 8, "tot_waypoints": 9}}
{"target": -1466.8866421818707, "params": {"k_pid_pos": [1.3393753499111651, 0.9238400370175589, 0.6783046473299347], "k_pid_alt": [0.40701087659628077, 0.6251335947454232, 0.018379975667207615], "k_pid_att": [79.49389693275077, 6.984606429432141, 0.4124780039382737], "k_pid_yaw": [0.5, 1e-06, 0.1], "k_pid_hsp": [0.7348801804894639, 0.5090434244064532, 0.867106912344925], "k_pid_vsp": [127.6137700344079, 180.91068886311902, 70.39407581443182]}, "datetime": {"datetime": "2025-08-21 01:46:13", "elapsed": 50028.033396959305, "delta": 36.91200828552246}, "costs": {"total_cost": 1466.8866421818707, "time_cost": 150, "final_distance_cost": 94.43022142372833, "oscillation_cost": 355.8684848613974, "completition_cost": 777.7777777777778, "overshoot_cost": 51.82412090950504, "power_cost": 21.149962121582032, "noise_cost": 15.836075087879976, "n_waypoints_completed": 2, "tot_waypoints": 9}}
{"target": -1753.6663748050357, "params": {"k_pid_pos": [1.9713446705880349, 0.04128683904462882, 0.4105680849472272], "k_pid_alt": [0.5687931020348289, 0.04093450542792132, 0.4870136458734089], "k_pid_att": [1.0864372478957107, 3.252589172346319, 0.7044990642443114], "k_pid_yaw": [0.5, 1e-06, 0.1], "k_pid_hsp": [2.3625392273156702, 0.0694671228455237, 0.8718071829239645], "k_pid_vsp": [210.70474665562773, 154.67129159685408, 379.09530710252164]}, "datetime": {"datetime": "2025-08-21 01:46:51", "elapsed": 50065.83398985863, "delta": 37.80059289932251}, "costs": {"total_cost": 1753.6663748050357, "time_cost": 150, "final_distance_cost": 22.910677743608066, "oscillation_cost": 290.5787625217147, "completition_cost": 1000.0, "overshoot_cost": 173.39708443892053, "power_cost": 29.285616540527347, "noise_cost": 87.49423356026524, "n_waypoints_completed": 0, "tot_waypoints": 9}}
{"target": -1130.9577272616432, "params": {"k_pid_pos": [1.599089360909062, 0.10971889733947493, 0.04069743933363135], "k_pid_alt": [0.1204815758579223, 0.26855263269026186, 0.30348176355273626], "k_pid_att": [38.01559259870469, 4.139747258766408, 0.8410813871397406], "k_pid_yaw": [0.5, 1e-06, 0.1], "k_pid_hsp": [4.792124461748355, 0.14059836751353505, 0.757442797803571], "k_pid_vsp": [329.4594436149609, 392.16386473387445, 321.5135132665676]}, "datetime": {"datetime": "2025-08-21 01:47:38", "elapsed": 50113.25040268898, "delta": 47.41641283035278}, "costs": {"total_cost": 1130.9577272616432, "time_cost": 150, "final_distance_cost": 51.489372678273696, "oscillation_cost": 280.7728995379376, "completition_cost": 555.5555555555555, "overshoot_cost": 53.021887801897414, "power_cost": 22.31538737792969, "noise_cost": 17.802624310049108, "n_waypoints_completed": 4, "tot_waypoints": 9}}
{"target": -1435.9528545125322, "params": {"k_pid_pos": [1.4668264849788282, 0.8704144128186361, 0.03036604085958594], "k_pid_alt": [1.566375488328104, 0.537068983990259, 0.13761706822547748], "k_pid_att": [63.364558988425536, 1.1314276837245327, 0.6080467517637457], "k_pid_yaw": [0.5, 1e-06, 0.1], "k_pid_hsp": [8.435846963798603, 0.604528391699187, 0.015215226930970882], "k_pid_vsp": [158.2556272140562, 238.197349965153, 278.61905333447385]}, "datetime": {"datetime": "2025-08-21 01:48:15", "elapsed": 50150.232580423355, "delta": 36.982177734375}, "costs": {"total_cost": 1435.9528545125322, "time_cost": 150, "final_distance_cost": 9.840180417041383, "oscillation_cost": 55.74526417917191, "completition_cost": 1000.0, "overshoot_cost": 136.30538807963097, "power_cost": 20.51143259277344, "noise_cost": 63.55058924391461, "n_waypoints_completed": 0, "tot_waypoints": 9}}
{"target": -1468.9281342724714, "params": {"k_pid_pos": [0.19763620648792873, 0.06418578690280052, 0.8610872054629586], "k_pid_alt": [0.14688092456499757, 0.8972482439572891, 0.3825881522304685], "k_pid_att": [30.346411329072755, 3.8919366612222897, 0.3947590141798606], "k_pid_yaw": [0.5, 1e-06, 0.1], "k_pid_hsp": [0.6332817767024864, 0.5408386490156495, 0.5347577229525323], "k_pid_vsp": [356.83180584431415, 277.4081048560706, 365.510311949382]}, "datetime": {"datetime": "2025-08-21 01:48:52", "elapsed": 50186.98593735695, "delta": 36.75335693359375}, "costs": {"total_cost": 1468.9281342724714, "time_cost": 150, "final_distance_cost": 74.1840034180971, "oscillation_cost": 379.60709287991557, "completition_cost": 777.7777777777778, "overshoot_cost": 51.24247877019072, "power_cost": 20.514908276367187, "noise_cost": 15.601873150122973, "n_waypoints_completed": 2, "tot_waypoints": 9}}
{"target": -1142.1326306554317, "params": {"k_pid_pos": [0.1497428762882989, 0.2783065650575204, 0.6406088675674149], "k_pid_alt": [1.1785810355192698, 0.6990761110869333, 0.8943580702959953], "k_pid_att": [9.06893504820464, 1.6926997157421795, 0.613474172349701], "k_pid_yaw": [0.5, 1e-06, 0.1], "k_pid_hsp": [6.127182077229338, 0.4411243130451671, 0.33560028348481885], "k_pid_vsp": [333.8327633121587, 238.73315895443582, 204.16217244704356]}, "datetime": {"datetime": "2025-08-21 01:49:30", "elapsed": 50225.04592871666, "delta": 38.05999135971069}, "costs": {"total_cost": 1142.1326306554317, "time_cost": 150, "final_distance_cost": 58.93877463825645, "oscillation_cost": 181.34621137592492, "completition_cost": 666.6666666666667, "overshoot_cost": 50.78643424698936, "power_cost": 20.016187219238283, "noise_cost": 14.378356508356042, "n_waypoints_completed": 3, "tot_waypoints": 9}}
{"target": -1732.7297687767386, "params": {"k_pid_pos": [0.06886333889311706, 0.4462794277424026, 0.24750402484262168], "k_pid_alt": [0.9566862986127123, 0.7332619646007333, 0.348371679388494], "k_pid_att": [98.0577193736426, 5.384516617453378, 0.23426720702501647], "k_pid_yaw": [0.5, 1e-06, 0.1], "k_pid_hsp": [4.42233137049363, 0.6904813811936888, 0.17580248095043116], "k_pid_vsp": [116.00386127548386, 12.131474011952111, 279.15118181990965]}, "datetime": {"datetime": "2025-08-21 01:50:08", "elapsed": 50262.90471768379, "delta": 37.85878896713257}, "costs": {"total_cost": 1732.7297687767386, "time_cost": 150, "final_distance_cost": 117.54254029835407, "oscillation_cost": 278.77958887592376, "completition_cost": 1000.0, "overshoot_cost": 147.62701725711415, "power_cost": 21.63347067871094, "noise_cost": 17.147151666635732, "n_waypoints_completed": 0, "tot_waypoints": 9}}
{"target": -681.3860780402903, "params": {"k_pid_pos": [1.3811150036864002, 0.03612093800225291, 0.2161119857509124], "k_pid_alt": [0.17283433480275434, 0.9165223574281524, 0.1162404823154114], "k_pid_att": [8.497925633097958, 4.665309383420297, 0.18975469127653422], "k_pid_yaw": [0.5, 1e-06, 0.1], "k_pid_hsp": [8.280462891616745, 0.09917676825927779, 0.36648318321015094], "k_pid_vsp": [174.51628194086598, 14.22753033507462, 1.464364645061424]}, "datetime": {"datetime": "2025-08-21 01:50:58", "elapsed": 50313.228986501694, "delta": 50.32426881790161}, "costs": {"total_cost": 681.3860780402903, "time_cost": 150, "final_distance_cost": 56.48852437692917, "oscillation_cost": 269.66225099015435, "completition_cost": 111.11111111111116, "overshoot_cost": 60.52064461811011, "power_cost": 18.35292802734375, "noise_cost": 15.250618916641688, "n_waypoints_completed": 8, "tot_waypoints": 9}}
{"target": -1810.089478849847, "params": {"k_pid_pos": [1.7584801820852538, 0.6646602826512847, 0.8247715871807078], "k_pid_alt": [0.6454337461778676, 0.2496647528456224, 0.26941342645616095], "k_pid_att": [26.002671093037012, 2.6390924260644475, 0.725004910676102], "k_pid_yaw": [0.5, 1e-06, 0.1], "k_pid_hsp": [6.554435154450037, 0.6811063530264175, 0.5357614890331602], "k_pid_vsp": [10.044873783346109, 33.309907039611986, 301.26714981729975]}, "datetime": {"datetime": "2025-08-21 01:51:41", "elapsed": 50356.06605577469, "delta": 42.837069272994995}, "costs": {"total_cost": 1810.089478849847, "time_cost": 150, "final_distance_cost": 1.7264755060623587, "oscillation_cost": 424.6119022061663, "completition_cost": 1000.0, "overshoot_cost": 134.8857042797531, "power_cost": 25.899837060546876, "noise_cost": 72.96555979731858, "n_waypoints_completed": 0, "tot_waypoints": 9}}
