{"target": -853.2300948159298, "params": {"k_pid_pos": [0.2938306613823356, 0.37360347039233976, 0.3028166831826332], "k_pid_alt": [0.8610780307059092, 0.44639270637693684, 0.16782265176404154], "k_pid_att": [71.66026539189733, 2.184563717066407, 0.586956197708744], "k_pid_yaw": [0.5, 1e-06, 0.1], "k_pid_hsp": [8.330419080158777, 0.37360344886374564, 0.25013429912717366], "k_pid_vsp": [178.91498990912135, 141.93252861475236, 64.46281646484198]}, "datetime": {"datetime": "2025-08-21 06:46:23", "elapsed": 68038.16337180138, "delta": 37.68281030654907}, "costs": {"total_cost": 853.2300948159298, "time_cost": 150, "final_distance_cost": 72.6793468209017, "oscillation_cost": 322.31480995600424, "completition_cost": 222.2222222222222, "overshoot_cost": 48.11538528174243, "power_cost": 21.179504528808593, "noise_cost": 16.7188260062506, "n_waypoints_completed": 7, "tot_waypoints": 9}}
{"target": -379.45501913397067, "params": {"k_pid_pos": [2.0, 0.0, 1.0], "k_pid_alt": [2.0, 0.0, 0.0], "k_pid_att": [62.43032925285318, 0.7001097518798921, 0.0], "k_pid_yaw": [0.5, 1e-06, 0.1], "k_pid_hsp": [6.5020097561239, 1.0, 1.0], "k_pid_vsp": [250.15028265989113, 265.56384693666797, 268.08021145088816]}, "datetime": {"datetime": "2025-08-21 06:47:09", "elapsed": 68083.8702788353, "delta": 45.70690703392029}, "costs": {"total_cost": 379.45501913397067, "time_cost": 83.024, "final_distance_cost": 1.789317258224959, "oscillation_cost": 204.46345536831498, "completition_cost": 0.0, "overshoot_cost": 58.15486829530765, "power_cost": 18.146252954101563, "noise_cost": 13.877125258021549, "n_waypoints_completed": 9, "tot_waypoints": 9}}
{"target": -219.18879930120946, "params": {"k_pid_pos": [0.4018261008314051, 0.0, 0.0], "k_pid_alt": [0.5045334239766961, 0.5672713177621374, 0.48773322725033114], "k_pid_att": [13.79338810894755, 9.289271643667767, 0.4562381812484565], "k_pid_yaw": [0.5, 1e-06, 0.1], "k_pid_hsp": [6.270546116735463, 1.0, 0.0], "k_pid_vsp": [130.32552093129542, 151.69886649859706, 4.564264340310018]}, "datetime": {"datetime": "2025-08-21 06:47:47", "elapsed": 68122.4518866539, "delta": 38.581607818603516}, "costs": {"total_cost": 219.18879930120946, "time_cost": 94.824, "final_distance_cost": 1.8103402753569193, "oscillation_cost": 37.19343412854603, "completition_cost": 0.0, "overshoot_cost": 56.32283248535797, "power_cost": 15.354441528320313, "noise_cost": 13.683750883628244, "n_waypoints_completed": 9, "tot_waypoints": 9}}
{"target": -243.30613775802448, "params": {"k_pid_pos": [1.6068484969203456, 0.11408215032120823, 0.42014028611906945], "k_pid_alt": [1.073238113551687, 0.3595768975143398, 0.4999065961099165], "k_pid_att": [59.297704295035544, 5.9885322765229025, 0.2878255055122407], "k_pid_yaw": [0.5, 1e-06, 0.1], "k_pid_hsp": [4.176803455173758, 0.2063689756132382, 0.0], "k_pid_vsp": [333.5246623931174, 395.95729828060126, 312.652944196825]}, "datetime": {"datetime": "2025-08-21 06:48:26", "elapsed": 68160.5549621582, "delta": 38.10307550430298}, "costs": {"total_cost": 243.30613775802448, "time_cost": 92.808, "final_distance_cost": 1.8028779924397635, "oscillation_cost": 55.99708235312402, "completition_cost": 0.0, "overshoot_cost": 59.03798291833007, "power_cost": 19.549683789062502, "noise_cost": 14.110510705068108, "n_waypoints_completed": 9, "tot_waypoints": 9}}
{"target": -463.12403085545526, "params": {"k_pid_pos": [1.2701930589370953, 0.4825568948268059, 0.4405130661169704], "k_pid_alt": [1.0088316166762892, 0.42146552860544567, 0.7359505078658406], "k_pid_att": [92.39207057128706, 6.263028807148604, 0.39552688353595755], "k_pid_yaw": [0.5, 1e-06, 0.1], "k_pid_hsp": [7.6922219951712725, 0.17409056400239314, 0.22228191073426548], "k_pid_vsp": [246.88233508510277, 377.9553354638278, 150.0791950630626]}, "datetime": {"datetime": "2025-08-21 06:49:03", "elapsed": 68197.67303347588, "delta": 37.11807131767273}, "costs": {"total_cost": 463.12403085545526, "time_cost": 95.624, "final_distance_cost": 1.7854591140042535, "oscillation_cost": 273.8052053263408, "completition_cost": 0.0, "overshoot_cost": 53.57590785381693, "power_cost": 21.386133251953126, "noise_cost": 16.947325309340133, "n_waypoints_completed": 9, "tot_waypoints": 9}}
{"target": -1034.2858677831248, "params": {"k_pid_pos": [0.40012620732332116, 0.9021811622721079, 0.8655345277205406], "k_pid_alt": [1.7425223743612623, 0.34613029387296335, 0.0653749356981922], "k_pid_att": [46.16761971184388, 3.0769503800984768, 0.728208247537398], "k_pid_yaw": [0.5, 1e-06, 0.1], "k_pid_hsp": [7.603085371721313, 0.8009544032999684, 0.7981147007949705], "k_pid_vsp": [287.93692521603265, 69.5889978991461, 40.1532117170366]}, "datetime": {"datetime": "2025-08-21 06:49:51", "elapsed": 68246.37585020065, "delta": 48.70281672477722}, "costs": {"total_cost": 1034.2858677831248, "time_cost": 150, "final_distance_cost": 46.85166421110492, "oscillation_cost": 206.70329329272428, "completition_cost": 555.5555555555555, "overshoot_cost": 40.49231171954548, "power_cost": 19.720743310546876, "noise_cost": 14.962299693647722, "n_waypoints_completed": 4, "tot_waypoints": 9}}
{"target": -692.2733394887148, "params": {"k_pid_pos": [0.29559514731776637, 0.725414212716467, 0.008901403303246513], "k_pid_alt": [1.2789794544226514, 0.8419926401373145, 0.8655599268840716], "k_pid_att": [21.928586876257437, 5.172995933077975, 0.826299743657804], "k_pid_yaw": [0.5, 1e-06, 0.1], "k_pid_hsp": [7.5818386067131875, 0.5131008802490606, 0.0022003672090826765], "k_pid_vsp": [15.70142134504251, 211.530442255411, 46.49402636066956]}, "datetime": {"datetime": "2025-08-21 06:50:39", "elapsed": 68293.72023892403, "delta": 47.34438872337341}, "costs": {"total_cost": 692.2733394887148, "time_cost": 150, "final_distance_cost": 68.16379107132498, "oscillation_cost": 62.78167014157511, "completition_cost": 333.33333333333337, "overshoot_cost": 45.95113457060612, "power_cost": 18.098297961425782, "noise_cost": 13.945112410449404, "n_waypoints_completed": 6, "tot_waypoints": 9}}
{"target": -891.784372954463, "params": {"k_pid_pos": [1.9783942721292274, 0.3650491347463608, 0.45147426876797725], "k_pid_alt": [0.7695335467626978, 0.6666805175656185, 0.8456016336844506], "k_pid_att": [86.1432277472414, 0.3453433550919934, 0.8058774197410824], "k_pid_yaw": [0.5, 1e-06, 0.1], "k_pid_hsp": [2.7667393741590978, 0.155842066398015, 0.14947691760252635], "k_pid_vsp": [76.9197906020604, 345.011344333324, 194.9816174977883]}, "datetime": {"datetime": "2025-08-21 06:51:37", "elapsed": 68351.5829603672, "delta": 57.86272144317627}, "costs": {"total_cost": 891.784372954463, "time_cost": 150, "final_distance_cost": 66.85647287470663, "oscillation_cost": 248.64608164437527, "completition_cost": 333.33333333333337, "overshoot_cost": 54.38281029948533, "power_cost": 22.08109442138672, "noise_cost": 16.484580381175803, "n_waypoints_completed": 6, "tot_waypoints": 9}}
{"target": -682.0085814770629, "params": {"k_pid_pos": [2.0, 0.23140036556957988, 0.4879467089674299], "k_pid_alt": [0.49335857839692615, 0.0, 0.5902944719615955], "k_pid_att": [61.67499987547099, 3.104481263612587, 0.693435668109286], "k_pid_yaw": [0.5, 1e-06, 0.1], "k_pid_hsp": [6.189161145831207, 0.943119320396213, 0.7014566065185964], "k_pid_vsp": [332.8377250323978, 398.78095680633766, 313.0789339306814]}, "datetime": {"datetime": "2025-08-21 06:52:23", "elapsed": 68397.90845704079, "delta": 46.325496673583984}, "costs": {"total_cost": 682.0085814770629, "time_cost": 150, "final_distance_cost": 66.11509371006484, "oscillation_cost": 266.89418399319385, "completition_cost": 111.11111111111116, "overshoot_cost": 49.22496560232524, "power_cost": 22.483687634277345, "noise_cost": 16.179539426090418, "n_waypoints_completed": 8, "tot_waypoints": 9}}
{"target": -545.0954603243063, "params": {"k_pid_pos": [2.0, 1.0, 0.0], "k_pid_alt": [2.0, 0.0, 1.0], "k_pid_att": [55.64406810205816, 5.006334783718223, 1.0], "k_pid_yaw": [0.5, 1e-06, 0.1], "k_pid_hsp": [10.0, 1.0, 1.0], "k_pid_vsp": [62.63673632178846, 187.11186652109464, 93.89341237753467]}, "datetime": {"datetime": "2025-08-21 06:53:02", "elapsed": 68437.06862735748, "delta": 39.16017031669617}, "costs": {"total_cost": 545.0954603243063, "time_cost": 150, "final_distance_cost": 10.035510678717674, "oscillation_cost": 158.47371048500355, "completition_cost": 111.11111111111116, "overshoot_cost": 72.5268947226267, "power_cost": 24.726443481445315, "noise_cost": 18.221789845401815, "n_waypoints_completed": 8, "tot_waypoints": 9}}
{"target": -1107.527651908102, "params": {"k_pid_pos": [0.5055324535630162, 0.6321520946700876, 0.4703932418204174], "k_pid_alt": [0.6383512707040631, 0.7009374188507675, 0.6703876736733535], "k_pid_att": [93.41416622857722, 4.929659026599783, 0.07051544725598646], "k_pid_yaw": [0.5, 1e-06, 0.1], "k_pid_hsp": [5.898696949578818, 0.1534482179492329, 0.6677908699025477], "k_pid_vsp": [334.4568439226168, 153.63245578382976, 88.49236082353649]}, "datetime": {"datetime": "2025-08-21 06:53:58", "elapsed": 68492.80968117714, "delta": 55.74105381965637}, "costs": {"total_cost": 1107.527651908102, "time_cost": 150, "final_distance_cost": 52.678052993009345, "oscillation_cost": 258.5519792949349, "completition_cost": 555.5555555555555, "overshoot_cost": 48.78750236287543, "power_cost": 23.532196740722657, "noise_cost": 18.422364961004273, "n_waypoints_completed": 4, "tot_waypoints": 9}}
{"target": -332.72570513424057, "params": {"k_pid_pos": [2.0, 0.0, 1.0], "k_pid_alt": [2.0, 1.0, 1.0], "k_pid_att": [52.490531715882284, 1.7118749621739635, 0.0], "k_pid_yaw": [0.5, 1e-06, 0.1], "k_pid_hsp": [5.762480296668982, 1.0, 0.0], "k_pid_vsp": [358.50565536330373, 217.99172143144352, 32.51208935371321]}, "datetime": {"datetime": "2025-08-21 06:55:09", "elapsed": 68564.48720097542, "delta": 71.67751979827881}, "costs": {"total_cost": 332.72570513424057, "time_cost": 77.408, "final_distance_cost": 1.821498108563372, "oscillation_cost": 169.3735340148549, "completition_cost": 0.0, "overshoot_cost": 51.44513749116069, "power_cost": 18.747328649902343, "noise_cost": 13.930206869759271, "n_waypoints_completed": 9, "tot_waypoints": 9}}
{"target": -309.6297807893035, "params": {"k_pid_pos": [2.0, 0.0, 0.0], "k_pid_alt": [2.0, 0.0, 0.0], "k_pid_att": [37.95013538854659, 9.223331236318753, 0.0], "k_pid_yaw": [0.5, 1e-06, 0.1], "k_pid_hsp": [8.768454216231921, 0.0, 0.0], "k_pid_vsp": [312.61138813697124, 47.26501260748706, 65.24871317269636]}, "datetime": {"datetime": "2025-08-21 06:55:54", "elapsed": 68609.07906270027, "delta": 44.591861724853516}, "costs": {"total_cost": 309.6297807893035, "time_cost": 70.168, "final_distance_cost": 1.7760032178459755, "oscillation_cost": 158.22085626626426, "completition_cost": 0.0, "overshoot_cost": 52.10800858926057, "power_cost": 15.464192700195314, "noise_cost": 11.89272001573733, "n_waypoints_completed": 9, "tot_waypoints": 9}}
{"target": -1254.4336572721986, "params": {"k_pid_pos": [0.0001, 1.0, 1.0], "k_pid_alt": [2.0, 1.0, 1.0], "k_pid_att": [34.09224510778074, 1.6990865466514822, 0.0], "k_pid_yaw": [0.5, 1e-06, 0.1], "k_pid_hsp": [2.12685591101451, 0.0, 0.0], "k_pid_vsp": [286.7545131221145, 272.19010740381214, 133.7863874446557]}, "datetime": {"datetime": "2025-08-21 06:56:54", "elapsed": 68669.26316285133, "delta": 60.18410015106201}, "costs": {"total_cost": 1254.4336572721986, "time_cost": 150, "final_distance_cost": 62.93779281926386, "oscillation_cost": 79.52697012522, "completition_cost": 888.8888888888888, "overshoot_cost": 33.12199750730355, "power_cost": 23.557212451171875, "noise_cost": 16.400795480350553, "n_waypoints_completed": 1, "tot_waypoints": 9}}
{"target": -417.00666011031535, "params": {"k_pid_pos": [0.595503677905457, 0.0194376335599627, 0.09034929011861742], "k_pid_alt": [1.6683351470046484, 0.4958645131436975, 0.20740099632944517], "k_pid_att": [53.90576946359817, 6.221145905760207, 0.056444035824558786], "k_pid_yaw": [0.5, 1e-06, 0.1], "k_pid_hsp": [8.731045263682999, 0.49685008600453245, 0.3007147734425831], "k_pid_vsp": [389.2927231850428, 160.15981796293448, 185.0116561023971]}, "datetime": {"datetime": "2025-08-21 06:57:36", "elapsed": 68711.22387170792, "delta": 41.96070885658264}, "costs": {"total_cost": 417.00666011031535, "time_cost": 84.264, "final_distance_cost": 1.758244220446247, "oscillation_cost": 245.83994818569693, "completition_cost": 0.0, "overshoot_cost": 53.77432764623154, "power_cost": 17.567449670410156, "noise_cost": 13.80269038753049, "n_waypoints_completed": 9, "tot_waypoints": 9}}
{"target": -663.1651164436554, "params": {"k_pid_pos": [1.5185716539713652, 0.1901220802345376, 0.45002370879101117], "k_pid_alt": [2.0, 0.0014689207316428159, 0.2440294010899237], "k_pid_att": [75.17063753521609, 7.818174256564946, 0.9086334995275397], "k_pid_yaw": [0.5, 1e-06, 0.1], "k_pid_hsp": [9.2120371167955, 0.7196132500341256, 0.7934885246392421], "k_pid_vsp": [255.92162538790905, 201.70370752399154, 371.337788734827]}, "datetime": {"datetime": "2025-08-21 06:58:20", "elapsed": 68755.40711736679, "delta": 44.18324565887451}, "costs": {"total_cost": 663.1651164436554, "time_cost": 150, "final_distance_cost": 11.205818466790026, "oscillation_cost": 279.96519508510494, "completition_cost": 111.11111111111116, "overshoot_cost": 70.42527494322361, "power_cost": 22.976251000976564, "noise_cost": 17.481465836449015, "n_waypoints_completed": 8, "tot_waypoints": 9}}
{"target": -1229.4469338361127, "params": {"k_pid_pos": [0.024983006334329726, 0.3791681466400471, 0.18882903401784024], "k_pid_alt": [0.7104530741600478, 0.03665540688836748, 0.0580150682690579], "k_pid_att": [55.62499724431251, 0.0001, 0.7774709478888432], "k_pid_yaw": [0.5, 1e-06, 0.1], "k_pid_hsp": [0.024066881678660227, 0.9893694785851896, 0.0034308779895894713], "k_pid_vsp": [276.02665748527494, 284.94490325456263, 220.76577941429738]}, "datetime": {"datetime": "2025-08-21 06:59:25", "elapsed": 68820.0164194107, "delta": 64.6093020439148}, "costs": {"total_cost": 1229.4469338361127, "time_cost": 150, "final_distance_cost": 89.05403838259718, "oscillation_cost": 109.93342426537312, "completition_cost": 777.7777777777778, "overshoot_cost": 47.10456077000025, "power_cost": 33.06745478515625, "noise_cost": 22.50967785520802, "n_waypoints_completed": 2, "tot_waypoints": 9}}
{"target": -709.8785761374955, "params": {"k_pid_pos": [1.7079898429243856, 0.5105507096425318, 0.6146993926670775], "k_pid_alt": [1.386261379598883, 0.446115887604404, 0.27558557715726695], "k_pid_att": [15.05904444334536, 6.096422932403185, 0.7190468113027579], "k_pid_yaw": [0.5, 1e-06, 0.1], "k_pid_hsp": [2.152882544736567, 0.5131109451898433, 0.7687810682155733], "k_pid_vsp": [209.27451293547415, 291.3769356280933, 72.85290490112614]}, "datetime": {"datetime": "2025-08-21 07:00:26", "elapsed": 68881.42052459717, "delta": 61.4041051864624}, "costs": {"total_cost": 709.8785761374955, "time_cost": 150, "final_distance_cost": 66.56269228979812, "oscillation_cost": 181.1639221864102, "completition_cost": 222.2222222222222, "overshoot_cost": 51.04496959471173, "power_cost": 22.70765418701172, "noise_cost": 16.17711565734174, "n_waypoints_completed": 7, "tot_waypoints": 9}}
{"target": -1121.3473696656147, "params": {"k_pid_pos": [1.2086829545268096, 0.6185189827807092, 0.15599986002924215], "k_pid_alt": [0.028277684753566845, 0.46541197625757047, 0.8109217778097274], "k_pid_att": [32.53285579285856, 6.104451559065071, 0.5624288697998545], "k_pid_yaw": [0.5, 1e-06, 0.1], "k_pid_hsp": [9.150153587248342, 0.3113713146714454, 0.8973114509951108], "k_pid_vsp": [120.22792798697459, 141.84030260715824, 11.325814527409484]}, "datetime": {"datetime": "2025-08-21 07:01:07", "elapsed": 68921.57573390007, "delta": 40.15520930290222}, "costs": {"total_cost": 1121.3473696656147, "time_cost": 150, "final_distance_cost": 50.61321619387689, "oscillation_cost": 274.262750059892, "completition_cost": 555.5555555555555, "overshoot_cost": 53.56368517537867, "power_cost": 20.203702636718752, "noise_cost": 17.148460044192646, "n_waypoints_completed": 4, "tot_waypoints": 9}}
{"target": -413.75895020990197, "params": {"k_pid_pos": [2.0, 0.0, 1.0], "k_pid_alt": [2.0, 0.8287653473940444, 1.0], "k_pid_att": [10.665928439406462, 4.244824208210848, 0.1646736531157943], "k_pid_yaw": [0.5, 1e-06, 0.1], "k_pid_hsp": [10.0, 1.0, 0.4129977586869113], "k_pid_vsp": [376.87578181030347, 63.60250752858412, 143.29306273164187]}, "datetime": {"datetime": "2025-08-21 07:01:54", "elapsed": 68968.53099870682, "delta": 46.95526480674744}, "costs": {"total_cost": 413.75895020990197, "time_cost": 90.056, "final_distance_cost": 1.7191489951716714, "oscillation_cost": 236.46623948140214, "completition_cost": 0.0, "overshoot_cost": 56.788038923466104, "power_cost": 16.423769946289063, "noise_cost": 12.305752863573053, "n_waypoints_completed": 9, "tot_waypoints": 9}}
{"target": -1013.4194364433496, "params": {"k_pid_pos": [0.18173911638481471, 0.6951679973261076, 0.7165315555000032], "k_pid_alt": [0.6254756835493513, 0.08104521414555033, 0.663995285530606], "k_pid_att": [43.08899917373971, 5.761401457759342, 0.7678959711154791], "k_pid_yaw": [0.5, 1e-06, 0.1], "k_pid_hsp": [6.753990278576153, 0.4296565260707028, 0.13109129181487078], "k_pid_vsp": [309.82184912323953, 49.25459198694236, 60.84259751422418]}, "datetime": {"datetime": "2025-08-21 07:02:33", "elapsed": 69008.47039866447, "delta": 39.93939995765686}, "costs": {"total_cost": 1013.4194364433496, "time_cost": 150, "final_distance_cost": 45.80997240533417, "oscillation_cost": 182.66577815686483, "completition_cost": 555.5555555555555, "overshoot_cost": 42.98490356634666, "power_cost": 20.66619080810547, "noise_cost": 15.73703595114284, "n_waypoints_completed": 4, "tot_waypoints": 9}}
{"target": -378.04741496805303, "params": {"k_pid_pos": [1.921535235665166, 0.9887093143858539, 1.0], "k_pid_alt": [1.8670871997482275, 0.978319816929411, 0.9999992071511519], "k_pid_att": [6.677516275465012, 5.245491462480208, 0.5930130182259377], "k_pid_yaw": [0.5, 1e-06, 0.1], "k_pid_hsp": [10.0, 0.7934883632037603, 0.9526421480586891], "k_pid_vsp": [273.32551145024894, 365.46709491532397, 26.99564120319774]}, "datetime": {"datetime": "2025-08-21 07:03:21", "elapsed": 69056.17420196533, "delta": 47.703803300857544}, "costs": {"total_cost": 378.04741496805303, "time_cost": 98.0, "final_distance_cost": 1.7334289031599577, "oscillation_cost": 184.56859003115883, "completition_cost": 0.0, "overshoot_cost": 56.853325810687195, "power_cost": 20.949520239257815, "noise_cost": 15.94254998378924, "n_waypoints_completed": 9, "tot_waypoints": 9}}
{"target": -1745.464292991272, "params": {"k_pid_pos": [1.9831125711769861, 0.3706105337637009, 0.9714723729514443], "k_pid_alt": [0.41291864504740494, 0.7228446962386034, 0.01491008253956061], "k_pid_att": [1.773866956082537, 7.765101643921482, 0.4440456225938507], "k_pid_yaw": [0.5, 1e-06, 0.1], "k_pid_hsp": [2.6019913928166467, 0.966312872605191, 0.39669642712970776], "k_pid_vsp": [109.49304244334397, 149.9425889898784, 31.772028883951897]}, "datetime": {"datetime": "2025-08-21 07:04:14", "elapsed": 69108.75929093361, "delta": 52.58508896827698}, "costs": {"total_cost": 1745.464292991272, "time_cost": 150, "final_distance_cost": 5.898636374794517, "oscillation_cost": 458.1056208312055, "completition_cost": 1000.0, "overshoot_cost": 71.93399889678314, "power_cost": 33.16528508300782, "noise_cost": 26.360751805480916, "n_waypoints_completed": 0, "tot_waypoints": 9}}
{"target": -963.9981176695782, "params": {"k_pid_pos": [2.0, 0.0, 0.7875372748017959], "k_pid_alt": [1.9672583373720787, 0.013810003793924948, 0.2340262271222954], "k_pid_att": [60.320093028940406, 4.088813901555681, 1.0], "k_pid_yaw": [0.5, 1e-06, 0.1], "k_pid_hsp": [0.2312831285260016, 1.0, 0.0], "k_pid_vsp": [274.0784469513964, 198.5318044101811, 162.76636374867965]}, "datetime": {"datetime": "2025-08-21 07:05:09", "elapsed": 69163.80474758148, "delta": 55.045456647872925}, "costs": {"total_cost": 963.9981176695782, "time_cost": 150, "final_distance_cost": 48.816591509338096, "oscillation_cost": 112.113432928359, "completition_cost": 555.5555555555555, "overshoot_cost": 61.30457323199861, "power_cost": 21.159292700195312, "noise_cost": 15.048671744131687, "n_waypoints_completed": 4, "tot_waypoints": 9}}
{"target": -662.0007576776632, "params": {"k_pid_pos": [1.736203052003102, 0.14598961895046803, 0.8216066040535865], "k_pid_alt": [1.2738518667637742, 0.0980702439137221, 0.8570513271855175], "k_pid_att": [31.89337814825922, 9.449348784347151, 0.47934860200802076], "k_pid_yaw": [0.5, 1e-06, 0.1], "k_pid_hsp": [3.515398836948176, 0.9027178020813234, 0.35309957506908307], "k_pid_vsp": [110.77962170197372, 65.32738947671444, 29.606517079261984]}, "datetime": {"datetime": "2025-08-21 07:05:52", "elapsed": 69206.93199205399, "delta": 43.12724447250366}, "costs": {"total_cost": 662.0007576776632, "time_cost": 150, "final_distance_cost": 22.493102486079945, "oscillation_cost": 295.417477712308, "completition_cost": 111.11111111111116, "overshoot_cost": 50.4814072538212, "power_cost": 18.42625001220703, "noise_cost": 14.071409102135842, "n_waypoints_completed": 8, "tot_waypoints": 9}}
