{"target": -846.2296292072705, "params": {"k_pid_pos": [0.7685095391573381, 0.2789477270705607, 0.9009611225000755], "k_pid_alt": [1.9377349590926984, 0.7073691601440747, 0.22344303553503264], "k_pid_att": [91.92917855317093, 0.8947309492340019, 0.5154034651780179], "k_pid_yaw": [0.5, 1e-06, 0.1], "k_pid_hsp": [9.235397052861588, 0.4692115432162979, 0.6820342849887434], "k_pid_vsp": [363.0763506474461, 357.1035587822963, 95.79079184988952]}, "datetime": {"datetime": "2025-08-20 15:24:24", "elapsed": 12719.434391975403, "delta": 24.88448667526245}, "costs": {"total_cost": 846.2296292072705, "time_cost": 150, "final_distance_cost": 68.3860912564186, "oscillation_cost": 320.97261150024656, "completition_cost": 222.2222222222222, "overshoot_cost": 45.12161619315309, "power_cost": 22.432717700195315, "noise_cost": 17.09437033503476, "n_waypoints_completed": 7, "tot_waypoints": 9}}
{"target": -1705.8953899875344, "params": {"k_pid_pos": [0.051638718809041355, 0.6725534112773278, 0.4334051197324331], "k_pid_alt": [1.2197677119273027, 0.6707546638113019, 0.8548575148790424], "k_pid_att": [27.852148980029234, 2.334714654273257, 0.4718530871780303], "k_pid_yaw": [0.5, 1e-06, 0.1], "k_pid_hsp": [5.381753694056838, 0.8425416401895004, 0.04881080419561579], "k_pid_vsp": [139.82164810904524, 151.91265410068303, 328.9230581969808]}, "datetime": {"datetime": "2025-08-20 15:24:51", "elapsed": 12746.219294786453, "delta": 26.784902811050415}, "costs": {"total_cost": 1705.8953899875344, "time_cost": 150, "final_distance_cost": 212.92250517221473, "oscillation_cost": 47.49060076579805, "completition_cost": 1000.0, "overshoot_cost": 267.01377822590837, "power_cost": 15.379710266113282, "noise_cost": 13.08879555749974, "n_waypoints_completed": 0, "tot_waypoints": 9}}
{"target": -1448.6118837839192, "params": {"k_pid_pos": [1.888349891739164, 0.9381084858431057, 0.5712559664357636], "k_pid_alt": [1.406471061128741, 0.4974308820856088, 0.11678770927428883], "k_pid_att": [75.8373356275953, 7.671039818504134, 0.9381579376580366], "k_pid_yaw": [0.5, 1e-06, 0.1], "k_pid_hsp": [1.076693608370712, 0.27668424399046243, 0.6072923373327779], "k_pid_vsp": [202.41397517460123, 74.6900873472268, 311.85187952971336]}, "datetime": {"datetime": "2025-08-20 15:25:18", "elapsed": 12773.220710039139, "delta": 27.001415252685547}, "costs": {"total_cost": 1448.6118837839192, "time_cost": 150, "final_distance_cost": 24.624200019294673, "oscillation_cost": 120.76789234026549, "completition_cost": 1000.0, "overshoot_cost": 108.58465340432511, "power_cost": 23.005444824218753, "noise_cost": 21.629693195815122, "n_waypoints_completed": 0, "tot_waypoints": 9}}
{"target": -1797.212692144511, "params": {"k_pid_pos": [1.8558851122305702, 0.34073695046825914, 0.30341718532344253], "k_pid_alt": [0.9739131384363333, 0.033432616720539876, 0.25898363785520073], "k_pid_att": [11.56962271581059, 4.808091959044888, 0.03858267915754543], "k_pid_yaw": [0.5, 1e-06, 0.1], "k_pid_hsp": [0.697644245775214, 0.1611045923982133, 0.9087291972533075], "k_pid_vsp": [148.9466432169945, 6.725410369990581, 352.65954895973516]}, "datetime": {"datetime": "2025-08-20 15:25:43", "elapsed": 12797.557209014893, "delta": 24.336498975753784}, "costs": {"total_cost": 1797.212692144511, "time_cost": 150, "final_distance_cost": 1.0084995684763849, "oscillation_cost": 416.0292088577318, "completition_cost": 1000.0, "overshoot_cost": 136.13678921940726, "power_cost": 22.292558813476564, "noise_cost": 71.74563568541899, "n_waypoints_completed": 0, "tot_waypoints": 9}}
{"target": -1388.08120016395, "params": {"k_pid_pos": [0.5665913372962701, 0.49327185616441194, 0.09461159245578588], "k_pid_alt": [0.8531182204963577, 0.8483023282809694, 0.23367767870230305], "k_pid_att": [45.31228395223681, 1.8350787197334093, 0.13354913851743744], "k_pid_yaw": [0.5, 1e-06, 0.1], "k_pid_hsp": [1.707260572723517, 0.4742013662901965, 0.6083448932267691], "k_pid_vsp": [315.21031677070147, 272.137215951652, 284.5107618575179]}, "datetime": {"datetime": "2025-08-20 15:26:07", "elapsed": 12822.422825813293, "delta": 24.86561679840088}, "costs": {"total_cost": 1388.08120016395, "time_cost": 150, "final_distance_cost": 38.84684141787394, "oscillation_cost": 125.61662899338407, "completition_cost": 1000.0, "overshoot_cost": 37.8936765627737, "power_cost": 20.491982055664064, "noise_cost": 15.232071134254383, "n_waypoints_completed": 0, "tot_waypoints": 9}}
{"target": -907.3440997783466, "params": {"k_pid_pos": [1.1767221994367918, 0.001983457634863073, 0.7581000450518167], "k_pid_alt": [1.658469789188275, 0.8380739430789282, 0.23807064285187918], "k_pid_att": [94.9139129261707, 5.149084149747284, 0.22666870983880916], "k_pid_yaw": [0.5, 1e-06, 0.1], "k_pid_hsp": [1.4240735247957867, 0.20982685118122069, 0.9260268391698886], "k_pid_vsp": [192.67039339980187, 172.6552942445531, 7.930102427627267]}, "datetime": {"datetime": "2025-08-20 15:26:33", "elapsed": 12848.240795612335, "delta": 25.817969799041748}, "costs": {"total_cost": 907.3440997783466, "time_cost": 150, "final_distance_cost": 71.98144854010988, "oscillation_cost": 256.3749580407487, "completition_cost": 333.33333333333337, "overshoot_cost": 57.05252054426344, "power_cost": 20.790759814453125, "noise_cost": 17.811079505438105, "n_waypoints_completed": 6, "tot_waypoints": 9}}
{"target": -431.54308017024283, "params": {"k_pid_pos": [1.0564334380173104, 0.7105240047450148, 0.6964975868626792], "k_pid_alt": [1.4685858421640972, 0.5168570733790178, 0.13819541429611504], "k_pid_att": [31.111391869309223, 3.1997408595752863, 0.6239948201299881], "k_pid_yaw": [0.5, 1e-06, 0.1], "k_pid_hsp": [8.017709283906651, 0.6175937526664693, 0.46413866843116436], "k_pid_vsp": [305.5124295227544, 14.253296851306446, 107.94523155204855]}, "datetime": {"datetime": "2025-08-20 15:27:00", "elapsed": 12875.314004182816, "delta": 27.073208570480347}, "costs": {"total_cost": 431.54308017024283, "time_cost": 94.632, "final_distance_cost": 1.8400888385772873, "oscillation_cost": 246.2700510897423, "completition_cost": 0.0, "overshoot_cost": 55.46765448296861, "power_cost": 19.104363134765627, "noise_cost": 14.22892262418902, "n_waypoints_completed": 9, "tot_waypoints": 9}}
{"target": -1485.9584307270807, "params": {"k_pid_pos": [0.4868600391482884, 0.43290144813742204, 0.957820202325542], "k_pid_alt": [0.9361480989163369, 0.5394638983604858, 0.3475117657769906], "k_pid_att": [37.49786587521006, 8.147889935158357, 0.3854373543610333], "k_pid_yaw": [0.5, 1e-06, 0.1], "k_pid_hsp": [8.467824656563362, 0.5539958212705155, 0.8296032456167235], "k_pid_vsp": [9.255489923245097, 237.0313610860923, 181.80642917007557]}, "datetime": {"datetime": "2025-08-20 15:27:26", "elapsed": 12901.243447303772, "delta": 25.92944312095642}, "costs": {"total_cost": 1485.9584307270807, "time_cost": 150, "final_distance_cost": 94.92403470742784, "oscillation_cost": 379.1093978227412, "completition_cost": 777.7777777777778, "overshoot_cost": 41.36901538030111, "power_cost": 24.126152062988282, "noise_cost": 18.652052975844594, "n_waypoints_completed": 2, "tot_waypoints": 9}}
{"target": -1645.6992361161297, "params": {"k_pid_pos": [1.6586775119131405, 0.4916549334431839, 0.1331293923198692], "k_pid_alt": [0.43588217190731404, 0.2986389444566917, 0.5880173170599869], "k_pid_att": [21.182610841966387, 7.770251176743513, 0.3712635273211239], "k_pid_yaw": [0.5, 1e-06, 0.1], "k_pid_hsp": [0.9691549071747775, 0.548840267212276, 0.3259480320018179], "k_pid_vsp": [105.58286503315787, 91.67397046314305, 391.2828137220781]}, "datetime": {"datetime": "2025-08-20 15:27:53", "elapsed": 12927.762687683105, "delta": 26.519240379333496}, "costs": {"total_cost": 1645.6992361161297, "time_cost": 150, "final_distance_cost": 2.294027420482353, "oscillation_cost": 278.43411154667274, "completition_cost": 1000.0, "overshoot_cost": 134.10937024960674, "power_cost": 21.074839074707032, "noise_cost": 59.7868878246604, "n_waypoints_completed": 0, "tot_waypoints": 9}}
{"target": -564.547748330714, "params": {"k_pid_pos": [1.7786348064628097, 0.4368795182791725, 0.08753283028540404], "k_pid_alt": [0.5337042117321624, 0.014192223840651441, 0.7166693216097485], "k_pid_att": [40.502874488612484, 2.7725432596535686, 0.6738192928011685], "k_pid_yaw": [0.5, 1e-06, 0.1], "k_pid_hsp": [9.729414953716178, 0.18905085037781721, 0.17765138412786985], "k_pid_vsp": [357.49702094464595, 177.78582601443443, 297.9614866031437]}, "datetime": {"datetime": "2025-08-20 15:28:18", "elapsed": 12953.0461602211, "delta": 25.283472537994385}, "costs": {"total_cost": 564.547748330714, "time_cost": 150, "final_distance_cost": 11.261668755066594, "oscillation_cost": 193.0585477477987, "completition_cost": 111.11111111111116, "overshoot_cost": 64.53707507163408, "power_cost": 19.847568981933595, "noise_cost": 14.731776663169859, "n_waypoints_completed": 8, "tot_waypoints": 9}}
{"target": -1023.9524528852446, "params": {"k_pid_pos": [0.7187648898422885, 0.7266278954882973, 0.08343547088248493], "k_pid_alt": [0.9190159181526782, 0.6594528075873396, 0.4036432601327009], "k_pid_att": [73.23863620356168, 7.229900684836873, 0.608712860017731], "k_pid_yaw": [0.5, 1e-06, 0.1], "k_pid_hsp": [4.084319926916293, 0.8664023256538225, 0.9743085393067743], "k_pid_vsp": [172.00738005533088, 144.3040614327899, 85.83502057170938]}, "datetime": {"datetime": "2025-08-20 15:28:44", "elapsed": 12979.014134168625, "delta": 25.967973947525024}, "costs": {"total_cost": 1023.9524528852446, "time_cost": 150, "final_distance_cost": 52.64137128632241, "oscillation_cost": 153.2820869168866, "completition_cost": 555.5555555555555, "overshoot_cost": 72.78476936238164, "power_cost": 22.436486840820315, "noise_cost": 17.252182923278113, "n_waypoints_completed": 4, "tot_waypoints": 9}}
{"target": -1343.654668843019, "params": {"k_pid_pos": [0.822128835533482, 0.8879453613096392, 0.0002981719108497982], "k_pid_alt": [0.4138594123941506, 0.03445221217083316, 0.4980049794341572], "k_pid_att": [44.395902669792434, 4.330033941538576, 0.7400049410723584], "k_pid_yaw": [0.5, 1e-06, 0.1], "k_pid_hsp": [6.341012601253013, 0.6465953854710379, 0.08226889214287947], "k_pid_vsp": [244.5891532199592, 370.6665684843073, 288.1292671249172]}, "datetime": {"datetime": "2025-08-20 15:29:09", "elapsed": 13004.429864406586, "delta": 25.415730237960815}, "costs": {"total_cost": 1343.654668843019, "time_cost": 150, "final_distance_cost": 45.75861068951387, "oscillation_cost": 75.8947916437126, "completition_cost": 1000.0, "overshoot_cost": 29.664650558424665, "power_cost": 25.019260290527345, "noise_cost": 17.317355660840303, "n_waypoints_completed": 0, "tot_waypoints": 9}}
{"target": -734.7170482367667, "params": {"k_pid_pos": [1.5800732965502267, 0.8184019504544942, 0.6943505433412606], "k_pid_alt": [0.013329381881699964, 0.7730892653522846, 0.3190892319109131], "k_pid_att": [49.8254256681248, 6.854254442874112, 0.6515330280513428], "k_pid_yaw": [0.5, 1e-06, 0.1], "k_pid_hsp": [8.625910046068796, 0.16930007828281246, 0.7093822000719793], "k_pid_vsp": [10.833574319841421, 267.57818278701257, 39.97522164103998]}, "datetime": {"datetime": "2025-08-20 15:29:39", "elapsed": 13033.783299446106, "delta": 29.353435039520264}, "costs": {"total_cost": 734.7170482367667, "time_cost": 150, "final_distance_cost": 76.06090015190664, "oscillation_cost": 194.3593101511459, "completition_cost": 222.2222222222222, "overshoot_cost": 53.16720176440276, "power_cost": 21.710290173339846, "noise_cost": 17.197123773749183, "n_waypoints_completed": 7, "tot_waypoints": 9}}
{"target": -1931.7051876337994, "params": {"k_pid_pos": [1.2535068911012677, 0.41885056712977276, 0.07040616548292677], "k_pid_alt": [0.007738338046722193, 0.4833356902866831, 0.07429498897853437], "k_pid_att": [0.9550152191094674, 7.827017099514469, 0.9202815391428665], "k_pid_yaw": [0.5, 1e-06, 0.1], "k_pid_hsp": [4.296217879152157, 0.6289043421287277, 0.09027258130058824], "k_pid_vsp": [30.31840672758417, 330.06505512496847, 178.22816947772534]}, "datetime": {"datetime": "2025-08-20 15:30:05", "elapsed": 13059.584708213806, "delta": 25.801408767700195}, "costs": {"total_cost": 1931.7051876337994, "time_cost": 150, "final_distance_cost": 9.166401287214178, "oscillation_cost": 498.8935549544807, "completition_cost": 1000.0, "overshoot_cost": 141.06411169961353, "power_cost": 34.06797005615235, "noise_cost": 98.51314963633867, "n_waypoints_completed": 0, "tot_waypoints": 9}}
{"target": -1546.6606225818568, "params": {"k_pid_pos": [1.0974330970761983, 0.4644098909379536, 0.3435802617639455], "k_pid_alt": [1.9433276751617456, 0.918365980595547, 0.4570882149538821], "k_pid_att": [1.6959851369057866, 5.606137338137596, 0.9162323463709641], "k_pid_yaw": [0.5, 1e-06, 0.1], "k_pid_hsp": [0.1158804847798073, 0.2338931366783984, 0.24147624452121286], "k_pid_vsp": [336.8411829130792, 309.47944726205543, 54.60977985200185]}, "datetime": {"datetime": "2025-08-20 15:30:29", "elapsed": 13084.423479318619, "delta": 24.838771104812622}, "costs": {"total_cost": 1546.6606225818568, "time_cost": 150, "final_distance_cost": 86.19148615341804, "oscillation_cost": 293.4454262223043, "completition_cost": 888.8888888888888, "overshoot_cost": 77.30875288117069, "power_cost": 30.530455468750002, "noise_cost": 20.29561296732474, "n_waypoints_completed": 1, "tot_waypoints": 9}}
{"target": -1462.917787207046, "params": {"k_pid_pos": [0.6231007889004314, 0.3065331665465828, 0.6066602220302021], "k_pid_alt": [0.29274992329703853, 0.6113168100163036, 0.6162883835447294], "k_pid_att": [2.075863419264745, 5.1876039781650345, 0.8857870458040125], "k_pid_yaw": [0.5, 1e-06, 0.1], "k_pid_hsp": [4.36371849763126, 0.9361612498963338, 0.4240454690262069], "k_pid_vsp": [94.26706572502148, 258.29052212595246, 148.61520348148304]}, "datetime": {"datetime": "2025-08-20 15:30:54", "elapsed": 13108.686900615692, "delta": 24.263421297073364}, "costs": {"total_cost": 1462.917787207046, "time_cost": 150, "final_distance_cost": 72.82947367542809, "oscillation_cost": 250.47019988850292, "completition_cost": 888.8888888888888, "overshoot_cost": 53.658490400437024, "power_cost": 28.06484265136719, "noise_cost": 19.005891702421952, "n_waypoints_completed": 1, "tot_waypoints": 9}}
{"target": -1293.030073148663, "params": {"k_pid_pos": [1.1946706224419974, 0.35692731627646745, 0.4411918246444717], "k_pid_alt": [0.7690278250516851, 0.2695767733868041, 0.8204461814189677], "k_pid_att": [30.814558731510743, 5.188682233092933, 0.47960952328029494], "k_pid_yaw": [0.5, 1e-06, 0.1], "k_pid_hsp": [4.276881349512911, 0.2871922132594664, 0.8728848331460717], "k_pid_vsp": [92.03628065670988, 92.55263247122843, 317.7974078489204]}, "datetime": {"datetime": "2025-08-20 15:31:18", "elapsed": 13133.45498585701, "delta": 24.76808524131775}, "costs": {"total_cost": 1293.030073148663, "time_cost": 150, "final_distance_cost": 61.54299215898296, "oscillation_cost": 290.39762611423447, "completition_cost": 666.6666666666667, "overshoot_cost": 90.4027244951211, "power_cost": 18.267175341796875, "noise_cost": 15.75288837186063, "n_waypoints_completed": 3, "tot_waypoints": 9}}
{"target": -1135.1832202797314, "params": {"k_pid_pos": [1.5779555985658635, 0.8585729978279428, 0.7082325312519615], "k_pid_alt": [1.8201923151573558, 0.8330976801897249, 0.24912229744967196], "k_pid_att": [94.5754024563658, 6.209936363951022, 0.3316628044057276], "k_pid_yaw": [0.5, 1e-06, 0.1], "k_pid_hsp": [2.7226360122935978, 0.5736167987956351, 0.9059471190762567], "k_pid_vsp": [196.77889937604346, 262.5434791662741, 314.9653684276236]}, "datetime": {"datetime": "2025-08-20 15:31:47", "elapsed": 13161.556463956833, "delta": 28.101478099822998}, "costs": {"total_cost": 1135.1832202797314, "time_cost": 150, "final_distance_cost": 81.66208862189414, "oscillation_cost": 146.20985895721043, "completition_cost": 666.6666666666667, "overshoot_cost": 52.90688656804692, "power_cost": 21.586237280273437, "noise_cost": 16.151482185639505, "n_waypoints_completed": 3, "tot_waypoints": 9}}
{"target": -1185.7576257938172, "params": {"k_pid_pos": [0.6970115345650537, 0.5087270233412652, 0.735593747407505], "k_pid_alt": [0.49262477906927726, 0.1948314232358459, 0.4105777898274908], "k_pid_att": [44.87210513903628, 8.555765267832973, 0.3901858786682344], "k_pid_yaw": [0.5, 1e-06, 0.1], "k_pid_hsp": [8.732178218761057, 0.09909156648941575, 0.6870904828957816], "k_pid_vsp": [367.585935186101, 44.99157614537246, 357.2126621628361]}, "datetime": {"datetime": "2025-08-20 15:32:11", "elapsed": 13186.25671672821, "delta": 24.700252771377563}, "costs": {"total_cost": 1185.7576257938172, "time_cost": 150, "final_distance_cost": 45.78910055201663, "oscillation_cost": 353.8285263768717, "completition_cost": 555.5555555555555, "overshoot_cost": 42.85543987028885, "power_cost": 21.308219189453126, "noise_cost": 16.420784249631367, "n_waypoints_completed": 4, "tot_waypoints": 9}}
{"target": -1330.655514307639, "params": {"k_pid_pos": [0.6531525372175999, 0.1247791863137504, 0.6274192086396334], "k_pid_alt": [0.3583306906879762, 0.10853892406791688, 0.2500139104515523], "k_pid_att": [23.35487875775565, 5.530275098686271, 0.2622736087626817], "k_pid_yaw": [0.5, 1e-06, 0.1], "k_pid_hsp": [8.715500432250522, 0.725030446915185, 0.8852192312388082], "k_pid_vsp": [352.8748428480642, 21.91025585931896, 110.73996265847407]}, "datetime": {"datetime": "2025-08-20 15:32:36", "elapsed": 13211.275717258453, "delta": 25.01900053024292}, "costs": {"total_cost": 1330.655514307639, "time_cost": 150, "final_distance_cost": 52.36848569050309, "oscillation_cost": 391.86170903096684, "completition_cost": 666.6666666666667, "overshoot_cost": 39.11980648745964, "power_cost": 17.248247009277346, "noise_cost": 13.390599422765344, "n_waypoints_completed": 3, "tot_waypoints": 9}}
{"target": -641.974640262128, "params": {"k_pid_pos": [1.4597129700936993, 0.20710141133842275, 0.4081626938346976], "k_pid_alt": [1.7384903985009579, 0.7434512319927525, 0.456626983522731], "k_pid_att": [44.09615568654959, 3.000209228821442, 0.06945373099844587], "k_pid_yaw": [0.5, 1e-06, 0.1], "k_pid_hsp": [4.368934504065997, 0.7831538842078318, 0.4190282922409284], "k_pid_vsp": [333.3844501478021, 221.02577012147574, 336.3750534041723]}, "datetime": {"datetime": "2025-08-20 15:33:01", "elapsed": 13235.986991167068, "delta": 24.711273908615112}, "costs": {"total_cost": 641.974640262128, "time_cost": 150, "final_distance_cost": 9.161327277116618, "oscillation_cost": 267.58677188141405, "completition_cost": 111.11111111111116, "overshoot_cost": 63.44808300233589, "power_cost": 22.512490185546877, "noise_cost": 18.154856804603327, "n_waypoints_completed": 8, "tot_waypoints": 9}}
{"target": -858.2507906007874, "params": {"k_pid_pos": [0.6784427781724451, 0.8517071190563442, 0.43249206205080803], "k_pid_alt": [1.2304057628739944, 0.5598413766696763, 0.09254106360708358], "k_pid_att": [32.12861340684581, 9.520591004368317, 0.06501247213789785], "k_pid_yaw": [0.5, 1e-06, 0.1], "k_pid_hsp": [7.8649838446036595, 0.6521624818523537, 0.563727518199207], "k_pid_vsp": [46.958691677804374, 333.1507956501269, 73.33383266041615]}, "datetime": {"datetime": "2025-08-20 15:33:26", "elapsed": 13261.244761228561, "delta": 25.25777006149292}, "costs": {"total_cost": 858.2507906007874, "time_cost": 150, "final_distance_cost": 77.47897291726214, "oscillation_cost": 213.1998204690647, "completition_cost": 333.33333333333337, "overshoot_cost": 44.57776542843193, "power_cost": 22.522402941894534, "noise_cost": 17.1384955108008, "n_waypoints_completed": 6, "tot_waypoints": 9}}
{"target": -1160.844825617535, "params": {"k_pid_pos": [1.7691371013726742, 0.921535215226957, 0.3646716501507121], "k_pid_alt": [1.7544397376685408, 0.8918664795466786, 0.6916880772748868], "k_pid_att": [70.33827553224641, 6.1000655595202335, 0.05654647816840397], "k_pid_yaw": [0.5, 1e-06, 0.1], "k_pid_hsp": [1.8966803692062104, 0.6746635204047275, 0.8034053733826969], "k_pid_vsp": [227.95745986592073, 279.9445360473058, 344.3936353840121]}, "datetime": {"datetime": "2025-08-20 15:33:50", "elapsed": 13285.062230348587, "delta": 23.817469120025635}, "costs": {"total_cost": 1160.844825617535, "time_cost": 150, "final_distance_cost": 78.35827555703531, "oscillation_cost": 152.18891484568536, "completition_cost": 666.6666666666667, "overshoot_cost": 72.91013171959105, "power_cost": 23.38844171142578, "noise_cost": 17.33239511713108, "n_waypoints_completed": 3, "tot_waypoints": 9}}
{"target": -810.3184651565996, "params": {"k_pid_pos": [1.8406066463257027, 0.9916404179660994, 0.4289993158666089], "k_pid_alt": [1.7002360480228524, 0.2103889100418861, 0.040569451763439845], "k_pid_att": [31.014796129523624, 7.594737413952405, 0.22415941527271566], "k_pid_yaw": [0.5, 1e-06, 0.1], "k_pid_hsp": [6.815790867082162, 0.5519636337749873, 0.8726042381251465], "k_pid_vsp": [197.54771668256345, 234.77331710627476, 92.56369527656678]}, "datetime": {"datetime": "2025-08-20 15:34:14", "elapsed": 13308.546814918518, "delta": 23.48458456993103}, "costs": {"total_cost": 810.3184651565996, "time_cost": 150, "final_distance_cost": 66.94748215797443, "oscillation_cost": 171.40746175651873, "completition_cost": 333.33333333333337, "overshoot_cost": 51.32110854721106, "power_cost": 21.724321484375, "noise_cost": 15.584757877186918, "n_waypoints_completed": 6, "tot_waypoints": 9}}
