{"target": -1273.0295435303, "params": {"k_pid_pos": [0.6462457479587196, 0.227010417300204, 0.19772239896161847], "k_pid_alt": [0.2224993994191229, 0.5960916885400718, 0.9589126078433166], "k_pid_att": [73.75900804402264, 9.688639164038564, 0.9763973391567127], "k_pid_yaw": [0.5, 1e-06, 0.1], "k_pid_hsp": [1.8700462770456783, 0.17963487041035398, 0.41074072292537767], "k_pid_vsp": [51.83497637765511, 248.47643419181364, 211.8820207115115]}, "datetime": {"datetime": "2025-08-20 13:33:04", "elapsed": 6039.2111303806305, "delta": 24.336857795715332}, "costs": {"total_cost": 1273.0295435303, "time_cost": 150, "final_distance_cost": 51.044283265814734, "oscillation_cost": 301.9583419046126, "completition_cost": 666.6666666666667, "overshoot_cost": 64.4672671863626, "power_cost": 21.725127929687503, "noise_cost": 17.167856577156062, "n_waypoints_completed": 3, "tot_waypoints": 9}}
{"target": -1638.0647569388796, "params": {"k_pid_pos": [1.2919731768064664, 0.09675905484879177, 0.23953107964211762], "k_pid_alt": [0.6783284970977521, 0.9432878498816354, 0.7426245341675709], "k_pid_att": [55.2784229499823, 6.363277151047468, 0.06470720806125652], "k_pid_yaw": [0.5, 1e-06, 0.1], "k_pid_hsp": [0.16831338583330016, 0.3409183209009484, 0.7125507953776069], "k_pid_vsp": [369.4580769523982, 384.77838995682987, 337.8813528204013]}, "datetime": {"datetime": "2025-08-20 13:33:28", "elapsed": 6063.14594745636, "delta": 23.93481707572937}, "costs": {"total_cost": 1638.0647569388796, "time_cost": 150, "final_distance_cost": 77.13010203522211, "oscillation_cost": 411.106377024481, "completition_cost": 888.8888888888888, "overshoot_cost": 74.18972422888056, "power_cost": 20.80197336425781, "noise_cost": 15.947691397149333, "n_waypoints_completed": 1, "tot_waypoints": 9}}
{"target": -1466.1676480854467, "params": {"k_pid_pos": [1.09335686722123, 0.88614464997705, 0.6367838673223134], "k_pid_alt": [0.8855884808093304, 0.3550311530532618, 0.5644993154033359], "k_pid_att": [55.02933913357126, 0.7958733610707092, 0.31074156752582527], "k_pid_yaw": [0.5, 1e-06, 0.1], "k_pid_hsp": [2.128472949857232, 0.8628906858809715, 0.4452518924732968], "k_pid_vsp": [123.1992532139814, 140.33316431860703, 255.53657584960882]}, "datetime": {"datetime": "2025-08-20 13:33:52", "elapsed": 6087.34058713913, "delta": 24.194639682769775}, "costs": {"total_cost": 1466.1676480854467, "time_cost": 150, "final_distance_cost": 11.061542730582602, "oscillation_cost": 83.38837966017243, "completition_cost": 1000.0, "overshoot_cost": 136.39132536380276, "power_cost": 21.907391271972656, "noise_cost": 63.41900905891607, "n_waypoints_completed": 0, "tot_waypoints": 9}}
{"target": -800.9265198324935, "params": {"k_pid_pos": [1.8675811717173652, 0.9092484869870026, 0.3864095216258926], "k_pid_alt": [1.953754692609572, 0.09600341705917093, 0.19641198707790164], "k_pid_att": [34.78614824489971, 5.328445437045621, 0.16742237667869586], "k_pid_yaw": [0.5, 1e-06, 0.1], "k_pid_hsp": [4.304542806787177, 0.20110430716110694, 0.6561410914730057], "k_pid_vsp": [191.54084740835842, 316.3920137620775, 237.96383578080773]}, "datetime": {"datetime": "2025-08-20 13:34:19", "elapsed": 6113.777513504028, "delta": 26.43692636489868}, "costs": {"total_cost": 800.9265198324935, "time_cost": 150, "final_distance_cost": 73.25967462664376, "oscillation_cost": 147.32654574690523, "completition_cost": 333.33333333333337, "overshoot_cost": 58.75209908613038, "power_cost": 22.243830712890627, "noise_cost": 16.011036326590194, "n_waypoints_completed": 6, "tot_waypoints": 9}}
{"target": -1026.0633938051874, "params": {"k_pid_pos": [1.045844329272052, 0.7747421569257332, 0.24563866367676745], "k_pid_alt": [0.34474199624191426, 0.44999394598456155, 0.1950097492617221], "k_pid_att": [56.90404688113472, 8.880396969309007, 0.8369170934696776], "k_pid_yaw": [0.5, 1e-06, 0.1], "k_pid_hsp": [6.150399701597611, 0.5149854576432283, 0.10195091153958102], "k_pid_vsp": [267.5532673947822, 60.83858888999463, 390.7308053613006]}, "datetime": {"datetime": "2025-08-20 13:34:43", "elapsed": 6138.066730976105, "delta": 24.289217472076416}, "costs": {"total_cost": 1026.0633938051874, "time_cost": 150, "final_distance_cost": 43.13375649536382, "oscillation_cost": 166.73269655874296, "completition_cost": 555.5555555555555, "overshoot_cost": 72.70653133493845, "power_cost": 20.542587927246096, "noise_cost": 17.392265933340582, "n_waypoints_completed": 4, "tot_waypoints": 9}}
{"target": -1288.0312367806855, "params": {"k_pid_pos": [1.225789804574372, 0.029644348943361765, 0.8965049370203725], "k_pid_alt": [0.44868228104671104, 0.4091983412985385, 0.06679711007564793], "k_pid_att": [34.81218038693037, 7.201754780011463, 0.287468359567726], "k_pid_yaw": [0.5, 1e-06, 0.1], "k_pid_hsp": [6.897280460130888, 0.4699516331852063, 0.050550130724892894], "k_pid_vsp": [134.65432120449057, 139.8944045911557, 360.007415675073]}, "datetime": {"datetime": "2025-08-20 13:35:09", "elapsed": 6163.533578157425, "delta": 25.46684718132019}, "costs": {"total_cost": 1288.0312367806855, "time_cost": 150, "final_distance_cost": 58.19850683131784, "oscillation_cost": 319.46820947736825, "completition_cost": 666.6666666666667, "overshoot_cost": 59.32857706794808, "power_cost": 18.584900317382814, "noise_cost": 15.784376420001749, "n_waypoints_completed": 3, "tot_waypoints": 9}}
{"target": -656.6426873308783, "params": {"k_pid_pos": [1.7292293202968676, 0.2673667919124486, 0.19756455011932283], "k_pid_alt": [1.2294876582617424, 0.7640415374622639, 0.3753218914831965], "k_pid_att": [23.93094015080073, 3.2737691741399124, 0.22892167403675867], "k_pid_yaw": [0.5, 1e-06, 0.1], "k_pid_hsp": [9.636054560530052, 0.41820493163138317, 0.11868790633216308], "k_pid_vsp": [197.62106347261786, 41.66228050130424, 106.93472573996414]}, "datetime": {"datetime": "2025-08-20 13:35:33", "elapsed": 6188.135735750198, "delta": 24.602157592773438}, "costs": {"total_cost": 656.6426873308783, "time_cost": 150, "final_distance_cost": 51.74891123675094, "oscillation_cost": 249.5745753782146, "completition_cost": 111.11111111111116, "overshoot_cost": 57.92802629809346, "power_cost": 20.330115307617188, "noise_cost": 15.949947999090965, "n_waypoints_completed": 8, "tot_waypoints": 9}}
{"target": -1736.6778710268065, "params": {"k_pid_pos": [0.14967674939253814, 0.186445494085287, 0.9933919696418768], "k_pid_alt": [1.7412125795172184, 0.572027393050132, 0.2416781051388992], "k_pid_att": [77.43305025735907, 3.5420466082001307, 0.018686673632705597], "k_pid_yaw": [0.5, 1e-06, 0.1], "k_pid_hsp": [1.33786913785388, 0.673691307244682, 0.4110269270497645], "k_pid_vsp": [61.38913629845257, 250.305894539579, 368.7620085818514]}, "datetime": {"datetime": "2025-08-20 13:35:57", "elapsed": 6211.803343296051, "delta": 23.66760754585266}, "costs": {"total_cost": 1736.6778710268065, "time_cost": 150, "final_distance_cost": 54.01989726709985, "oscillation_cost": 458.65253622909984, "completition_cost": 1000.0, "overshoot_cost": 38.65949313628474, "power_cost": 19.717593505859377, "noise_cost": 15.62835088846279, "n_waypoints_completed": 0, "tot_waypoints": 9}}
{"target": -1425.3646207625818, "params": {"k_pid_pos": [0.18747619028553747, 0.5960142862339658, 0.8556457164615517], "k_pid_alt": [0.9779008735057122, 0.5811136071453299, 0.27247273670988537], "k_pid_att": [74.30745055957215, 5.335849892543032, 0.47571391062656654], "k_pid_yaw": [0.5, 1e-06, 0.1], "k_pid_hsp": [8.108274645140948, 0.7135021757917943, 0.17550855021932388], "k_pid_vsp": [245.96267642226329, 144.9895000190257, 301.71941943120186]}, "datetime": {"datetime": "2025-08-20 13:36:21", "elapsed": 6236.076047420502, "delta": 24.272704124450684}, "costs": {"total_cost": 1425.3646207625818, "time_cost": 150, "final_distance_cost": 85.90176601763844, "oscillation_cost": 335.403390950837, "completition_cost": 777.7777777777778, "overshoot_cost": 37.39988956497876, "power_cost": 22.00172059326172, "noise_cost": 16.88007585808812, "n_waypoints_completed": 2, "tot_waypoints": 9}}
{"target": -409.59500565366744, "params": {"k_pid_pos": [1.9923636498716137, 0.14914088444468554, 0.6580172903535777], "k_pid_alt": [0.972859085958961, 0.3565143771927217, 0.7275512106204003], "k_pid_att": [49.527123886555614, 9.893563772644308, 0.9871693447955155], "k_pid_yaw": [0.5, 1e-06, 0.1], "k_pid_hsp": [9.662940511313833, 0.9023968059831953, 0.17589940936234516], "k_pid_vsp": [239.01257358439287, 74.95562764191475, 155.05905512678598]}, "datetime": {"datetime": "2025-08-20 13:36:45", "elapsed": 6260.039752244949, "delta": 23.963704824447632}, "costs": {"total_cost": 409.59500565366744, "time_cost": 99.288, "final_distance_cost": 1.762143243194175, "oscillation_cost": 210.28639125349335, "completition_cost": 0.0, "overshoot_cost": 59.03434745118396, "power_cost": 22.202753430175783, "noise_cost": 17.02137027562014, "n_waypoints_completed": 9, "tot_waypoints": 9}}
{"target": -1750.8910661272012, "params": {"k_pid_pos": [1.7772777311966848, 0.04397528695678632, 0.21264169535309108], "k_pid_alt": [1.5025873929212337, 0.38194762733599774, 0.06858606397783362], "k_pid_att": [19.752099074849415, 2.129374117719161, 0.8945594293339266], "k_pid_yaw": [0.5, 1e-06, 0.1], "k_pid_hsp": [7.3174385439510585, 0.114435277179883, 0.7261736890661804], "k_pid_vsp": [12.469867721090733, 112.91318020627146, 184.5841411582846]}, "datetime": {"datetime": "2025-08-20 13:37:11", "elapsed": 6286.007535457611, "delta": 25.967783212661743}, "costs": {"total_cost": 1750.8910661272012, "time_cost": 150, "final_distance_cost": 1.0476091312386384, "oscillation_cost": 372.5251778253626, "completition_cost": 1000.0, "overshoot_cost": 135.6919161764277, "power_cost": 22.122840283203125, "noise_cost": 69.50352271096907, "n_waypoints_completed": 0, "tot_waypoints": 9}}
{"target": -1191.0189216765525, "params": {"k_pid_pos": [0.9234794649453959, 0.7194625278488989, 0.953139873078815], "k_pid_alt": [0.27320223959382006, 0.9908887965131191, 0.1878544899656137], "k_pid_att": [98.66662270405529, 9.252961995550315, 0.2474749803902726], "k_pid_yaw": [0.5, 1e-06, 0.1], "k_pid_hsp": [8.139423511545386, 0.5153387726298089, 0.3874744466820166], "k_pid_vsp": [188.4449330860856, 222.9566999349286, 232.1965103071561]}, "datetime": {"datetime": "2025-08-20 13:37:35", "elapsed": 6309.85156917572, "delta": 23.84403371810913}, "costs": {"total_cost": 1191.0189216765525, "time_cost": 150, "final_distance_cost": 39.230732387654626, "oscillation_cost": 344.92267714089644, "completition_cost": 555.5555555555555, "overshoot_cost": 62.37215042584697, "power_cost": 21.713994262695312, "noise_cost": 17.223811903903677, "n_waypoints_completed": 4, "tot_waypoints": 9}}
{"target": -904.371412400654, "params": {"k_pid_pos": [0.8741884840572116, 0.6853740035803426, 0.784663424655777], "k_pid_alt": [1.4475230632759628, 0.14095952323864225, 0.5119625524506307], "k_pid_att": [31.98534165094187, 1.2711493772135298, 0.9376855259127458], "k_pid_yaw": [0.5, 1e-06, 0.1], "k_pid_hsp": [6.964491157256685, 0.26611828653137404, 0.8832158172673218], "k_pid_vsp": [336.30482559402657, 286.3439656644695, 248.39459858261327]}, "datetime": {"datetime": "2025-08-20 13:37:59", "elapsed": 6333.934917211533, "delta": 24.083348035812378}, "costs": {"total_cost": 904.371412400654, "time_cost": 150, "final_distance_cost": 67.82686652420301, "oscillation_cost": 268.74250151317693, "completition_cost": 333.33333333333337, "overshoot_cost": 46.82045665552995, "power_cost": 21.831234729003906, "noise_cost": 15.817019645406837, "n_waypoints_completed": 6, "tot_waypoints": 9}}
{"target": -1285.2532246132012, "params": {"k_pid_pos": [0.13425189058068843, 0.16528415808395358, 0.44688947177561267], "k_pid_alt": [0.2139131873855702, 0.8158075488164584, 0.5348865755368081], "k_pid_att": [62.1497734892517, 0.8249740083862678, 0.7495773364051201], "k_pid_yaw": [0.5, 1e-06, 0.1], "k_pid_hsp": [3.8238733123795785, 0.18437466410248993, 0.29521389069372983], "k_pid_vsp": [327.8360349198321, 127.25364286192269, 20.986047307709068]}, "datetime": {"datetime": "2025-08-20 13:38:25", "elapsed": 6360.080684900284, "delta": 26.14576768875122}, "costs": {"total_cost": 1285.2532246132012, "time_cost": 150, "final_distance_cost": 52.11499566163905, "oscillation_cost": 321.13394154386543, "completition_cost": 666.6666666666667, "overshoot_cost": 59.7960341935979, "power_cost": 19.51397138671875, "noise_cost": 16.027615160713072, "n_waypoints_completed": 3, "tot_waypoints": 9}}
{"target": -1374.2691825711308, "params": {"k_pid_pos": [0.204917166120793, 0.5765091211483672, 0.5849659951601978], "k_pid_alt": [0.6051877989101098, 0.2604332322725217, 0.539625530707717], "k_pid_att": [91.39483021417053, 0.6236328032467012, 0.6320889379334614], "k_pid_yaw": [0.5, 1e-06, 0.1], "k_pid_hsp": [4.078068039475735, 0.6716633304039316, 0.5663082364669115], "k_pid_vsp": [153.20191488308424, 173.25537116183204, 210.96741073172515]}, "datetime": {"datetime": "2025-08-20 13:38:53", "elapsed": 6387.8390028476715, "delta": 27.758317947387695}, "costs": {"total_cost": 1374.2691825711308, "time_cost": 150, "final_distance_cost": 93.38015651027487, "oscillation_cost": 277.4950174416978, "completition_cost": 777.7777777777778, "overshoot_cost": 35.770240639215274, "power_cost": 22.834081762695313, "noise_cost": 17.011908439469842, "n_waypoints_completed": 2, "tot_waypoints": 9}}
{"target": -952.2942977510581, "params": {"k_pid_pos": [1.3549684277766338, 0.4088959801779969, 0.9674985463611063], "k_pid_alt": [0.44363476375112376, 0.5293611471750839, 0.5565883193661342], "k_pid_att": [72.09684004482811, 7.825437953977798, 0.9604638608652885], "k_pid_yaw": [0.5, 1e-06, 0.1], "k_pid_hsp": [7.802734317876029, 0.8808889136620511, 0.3291213999193283], "k_pid_vsp": [233.935265602322, 331.9675837403755, 263.73446229091576]}, "datetime": {"datetime": "2025-08-20 13:39:20", "elapsed": 6415.047596693039, "delta": 27.20859384536743}, "costs": {"total_cost": 952.2942977510581, "time_cost": 150, "final_distance_cost": 73.60934263848168, "oscillation_cost": 304.0930453466941, "completition_cost": 333.33333333333337, "overshoot_cost": 52.48630574247766, "power_cost": 22.314324426269533, "noise_cost": 16.4579462638018, "n_waypoints_completed": 6, "tot_waypoints": 9}}
{"target": -922.7045846787363, "params": {"k_pid_pos": [0.3453824023395928, 0.3144989342435638, 0.4281030334862074], "k_pid_alt": [1.4539370054816005, 0.5021721284296422, 0.057268594651030624], "k_pid_att": [86.99034773496369, 3.8617985824397687, 0.7603538507310538], "k_pid_yaw": [0.5, 1e-06, 0.1], "k_pid_hsp": [2.6001306290553208, 0.7653924855264269, 0.35683572591201074], "k_pid_vsp": [346.9665789096013, 259.5337687432624, 253.29172352419505]}, "datetime": {"datetime": "2025-08-20 13:39:44", "elapsed": 6438.879759550095, "delta": 23.832162857055664}, "costs": {"total_cost": 922.7045846787363, "time_cost": 150, "final_distance_cost": 62.323777339271764, "oscillation_cost": 296.62437723052926, "completition_cost": 333.33333333333337, "overshoot_cost": 44.60968545991084, "power_cost": 20.107550817871093, "noise_cost": 15.705860497820035, "n_waypoints_completed": 6, "tot_waypoints": 9}}
{"target": -1098.150320220212, "params": {"k_pid_pos": [1.5395296085895698, 0.14211457682271844, 0.6109671579552538], "k_pid_alt": [1.5262544263411948, 0.342872738738096, 0.37788341445936846], "k_pid_att": [69.5179730742241, 4.9522233246434935, 0.6558727285915531], "k_pid_yaw": [0.5, 1e-06, 0.1], "k_pid_hsp": [3.9621989666157207, 0.46732175153555333, 0.6877977674790433], "k_pid_vsp": [137.35813358746404, 4.549085883675082, 286.3089216818797]}, "datetime": {"datetime": "2025-08-20 13:40:09", "elapsed": 6463.644116640091, "delta": 24.764357089996338}, "costs": {"total_cost": 1098.150320220212, "time_cost": 150, "final_distance_cost": 56.55356803954359, "oscillation_cost": 322.44438655225844, "completition_cost": 444.4444444444444, "overshoot_cost": 79.37052278472355, "power_cost": 24.936395446777343, "noise_cost": 20.401002952464772, "n_waypoints_completed": 5, "tot_waypoints": 9}}
{"target": -1459.5409692420258, "params": {"k_pid_pos": [0.12293966536085808, 0.5308243556271203, 0.9797098779188945], "k_pid_alt": [0.8731474334192515, 0.3560264402303164, 0.49599966699500286], "k_pid_att": [36.48429845873938, 7.440756592269211, 0.05948581458039626], "k_pid_yaw": [0.5, 1e-06, 0.1], "k_pid_hsp": [7.772319019311798, 0.3208777917958928, 0.29544809136539185], "k_pid_vsp": [261.34111863016636, 54.82887519952814, 341.14431300475394]}, "datetime": {"datetime": "2025-08-20 13:40:34", "elapsed": 6489.435155391693, "delta": 25.791038751602173}, "costs": {"total_cost": 1459.5409692420258, "time_cost": 150, "final_distance_cost": 83.5812899735923, "oscillation_cost": 367.9607524845425, "completition_cost": 777.7777777777778, "overshoot_cost": 42.646495064943274, "power_cost": 21.174704113769533, "noise_cost": 16.399949827400068, "n_waypoints_completed": 2, "tot_waypoints": 9}}
{"target": -1383.7059260075214, "params": {"k_pid_pos": [1.9592828826951563, 0.5177230809756262, 0.07377459667907305], "k_pid_alt": [0.49621170993356056, 0.48332187834119356, 0.8307884533974778], "k_pid_att": [15.514090198308217, 5.064975512685111, 0.6482395038709691], "k_pid_yaw": [0.5, 1e-06, 0.1], "k_pid_hsp": [2.6134034393423207, 0.615740643702126, 0.19433706869208978], "k_pid_vsp": [42.24790063084703, 144.96199444455445, 167.14433267262388]}, "datetime": {"datetime": "2025-08-20 13:41:01", "elapsed": 6515.876896858215, "delta": 26.441741466522217}, "costs": {"total_cost": 1383.7059260075214, "time_cost": 150, "final_distance_cost": 75.00107986575544, "oscillation_cost": 269.1779624209421, "completition_cost": 777.7777777777778, "overshoot_cost": 76.37016589961914, "power_cost": 17.503406018066407, "noise_cost": 17.875534025360288, "n_waypoints_completed": 2, "tot_waypoints": 9}}
{"target": -1369.814058147733, "params": {"k_pid_pos": [1.481195295437418, 0.3120530825529172, 0.3594085598619374], "k_pid_alt": [1.0627583681847004, 0.20307838882454754, 0.45651246168433934], "k_pid_att": [34.55511233091051, 2.1408133623976697, 0.3123801060818142], "k_pid_yaw": [0.5, 1e-06, 0.1], "k_pid_hsp": [5.835247171018222, 0.33483269979500563, 0.9799522610722632], "k_pid_vsp": [8.47049738538903, 247.10036680505408, 148.0258221456884]}, "datetime": {"datetime": "2025-08-20 13:41:27", "elapsed": 6541.67182803154, "delta": 25.794931173324585}, "costs": {"total_cost": 1369.814058147733, "time_cost": 150, "final_distance_cost": 88.34560405098668, "oscillation_cost": 256.082231640657, "completition_cost": 777.7777777777778, "overshoot_cost": 56.09004544218209, "power_cost": 22.224202758789062, "noise_cost": 19.29419647734019, "n_waypoints_completed": 2, "tot_waypoints": 9}}
{"target": -1161.915752727208, "params": {"k_pid_pos": [1.6400771513996404, 0.6395876882149835, 0.20218060137280613], "k_pid_alt": [1.26574449040171, 0.5768336421164381, 0.18829955988043345], "k_pid_att": [83.79656544795562, 4.407920502048394, 0.7937912597755977], "k_pid_yaw": [0.5, 1e-06, 0.1], "k_pid_hsp": [0.6809759182283944, 0.01403186186513461, 0.34637854079442876], "k_pid_vsp": [80.13466771169058, 236.15394209251247, 201.41487569568247]}, "datetime": {"datetime": "2025-08-20 13:41:52", "elapsed": 6566.688002586365, "delta": 25.01617455482483}, "costs": {"total_cost": 1161.915752727208, "time_cost": 150, "final_distance_cost": 91.21167734699415, "oscillation_cost": 157.55654016506352, "completition_cost": 666.6666666666667, "overshoot_cost": 57.921492101020085, "power_cost": 21.36959283447266, "noise_cost": 17.18978361299085, "n_waypoints_completed": 3, "tot_waypoints": 9}}
{"target": -917.6301760316438, "params": {"k_pid_pos": [0.8181944174751669, 0.7859687563534143, 0.7883556880152436], "k_pid_alt": [1.298193312569227, 0.4880222423725755, 0.805027027004127], "k_pid_att": [37.39641787290613, 3.321733376368601, 0.916103754982266], "k_pid_yaw": [0.5, 1e-06, 0.1], "k_pid_hsp": [8.7188211200285, 0.9311504227038139, 0.3793464541291226], "k_pid_vsp": [181.17995639202542, 321.5528854602065, 359.7449225524524]}, "datetime": {"datetime": "2025-08-20 13:42:19", "elapsed": 6594.340492010117, "delta": 27.65248942375183}, "costs": {"total_cost": 917.6301760316438, "time_cost": 150, "final_distance_cost": 54.68012855357237, "oscillation_cost": 281.0937992298567, "completition_cost": 333.33333333333337, "overshoot_cost": 58.979384424606565, "power_cost": 22.032511816406252, "noise_cost": 17.51101867386868, "n_waypoints_completed": 6, "tot_waypoints": 9}}
{"target": -884.1385322998153, "params": {"k_pid_pos": [0.9201873812026361, 0.1832423850501792, 0.15602442685659323], "k_pid_alt": [1.841597599959544, 0.7046435417363163, 0.2778863691658481], "k_pid_att": [37.2741182724306, 0.003337398947056896, 0.8931081475873152], "k_pid_yaw": [0.5, 1e-06, 0.1], "k_pid_hsp": [4.196568672147708, 0.9689389878029222, 0.619609719272598], "k_pid_vsp": [317.2703799768996, 5.112196992260514, 298.64632022209344]}, "datetime": {"datetime": "2025-08-20 13:42:46", "elapsed": 6621.0916357040405, "delta": 26.75114369392395}, "costs": {"total_cost": 884.1385322998153, "time_cost": 150, "final_distance_cost": 61.99710317131198, "oscillation_cost": 252.79473677394589, "completition_cost": 333.33333333333337, "overshoot_cost": 57.541943561658435, "power_cost": 15.48218779296875, "noise_cost": 12.989227666597039, "n_waypoints_completed": 6, "tot_waypoints": 9}}
