{"target": -1048.6214238884957, "params": {"k_pid_pos": [1.4431296495229142, 0.6760581410034918, 0.36010010934165493], "k_pid_alt": [1.3727702148380914, 0.5285391879663077, 0.4007813893533333], "k_pid_att": [51.53802149037474, 3.5115525601437025, 0.011989664623708318], "k_pid_yaw": [0.5, 1e-06, 0.1], "k_pid_hsp": [5.24403188487967, 0.47114730172712904, 0.8006533919186929], "k_pid_vsp": [231.43023229507781, 149.5308913677545, 275.46936222054785]}, "datetime": {"datetime": "2025-08-20 16:22:40", "elapsed": 16214.912628889084, "delta": 25.251471281051636}, "costs": {"total_cost": 1048.6214238884957, "time_cost": 150, "final_distance_cost": 49.38562377302643, "oscillation_cost": 201.7386952530096, "completition_cost": 555.5555555555555, "overshoot_cost": 50.705306034050544, "power_cost": 22.728712573242188, "noise_cost": 18.50753069961131, "n_waypoints_completed": 4, "tot_waypoints": 9}}
{"target": -1215.7606664551831, "params": {"k_pid_pos": [0.3292122404631574, 0.22265227326035253, 0.6790503083408252], "k_pid_alt": [1.8781966036963107, 0.7088998780857495, 0.5323438361532432], "k_pid_att": [68.77413431337945, 7.773172563547441, 0.874873138129474], "k_pid_yaw": [0.5, 1e-06, 0.1], "k_pid_hsp": [9.53703185632728, 0.1629892258893445, 0.3883054409417507], "k_pid_vsp": [144.70163807264012, 53.54380982186927, 232.40300339192135]}, "datetime": {"datetime": "2025-08-20 16:23:04", "elapsed": 16239.180200099945, "delta": 24.267571210861206}, "costs": {"total_cost": 1215.7606664551831, "time_cost": 150, "final_distance_cost": 51.58407066657292, "oscillation_cost": 363.6867940321602, "completition_cost": 555.5555555555555, "overshoot_cost": 52.733093201669426, "power_cost": 23.679071606445312, "noise_cost": 18.52208139277968, "n_waypoints_completed": 4, "tot_waypoints": 9}}
{"target": -1480.0632294835425, "params": {"k_pid_pos": [0.010025566627988513, 0.40327992694779546, 0.31772923512371953], "k_pid_alt": [0.7018140701428488, 0.42491649356766137, 0.04512265909852109], "k_pid_att": [66.63849221753327, 6.876718905844934, 0.6896896692798736], "k_pid_yaw": [0.5, 1e-06, 0.1], "k_pid_hsp": [4.848322870511145, 0.28672845072013287, 0.9780675288816899], "k_pid_vsp": [37.678747523988676, 88.69503253397151, 220.13085766596274]}, "datetime": {"datetime": "2025-08-20 16:23:30", "elapsed": 16264.914756536484, "delta": 25.734556436538696}, "costs": {"total_cost": 1480.0632294835425, "time_cost": 150, "final_distance_cost": 58.81939990498624, "oscillation_cost": 289.6010821303762, "completition_cost": 888.8888888888888, "overshoot_cost": 56.33803847998205, "power_cost": 20.154424743652346, "noise_cost": 16.26139533565698, "n_waypoints_completed": 1, "tot_waypoints": 9}}
{"target": -630.4703980798525, "params": {"k_pid_pos": [0.6415367759533516, 0.3599168584588399, 0.12717092137320396], "k_pid_alt": [1.8680629281162644, 0.03680318234092517, 0.3942203230159771], "k_pid_att": [62.998327944160174, 7.7025506801703765, 0.0120701865259909], "k_pid_yaw": [0.5, 1e-06, 0.1], "k_pid_hsp": [0.2613731062995733, 0.9642764538000586, 0.5041762009733092], "k_pid_vsp": [217.96961834725246, 47.508794629543154, 34.504428285624364]}, "datetime": {"datetime": "2025-08-20 16:23:54", "elapsed": 16288.816387414932, "delta": 23.901630878448486}, "costs": {"total_cost": 630.4703980798525, "time_cost": 150, "final_distance_cost": 65.82880160154436, "oscillation_cost": 195.9067865678416, "completition_cost": 111.11111111111116, "overshoot_cost": 69.86720803709515, "power_cost": 21.674282446289062, "noise_cost": 16.082208315971247, "n_waypoints_completed": 8, "tot_waypoints": 9}}
{"target": -1347.9531036959827, "params": {"k_pid_pos": [0.7135564158025404, 0.12579004848919495, 0.7757668895382264], "k_pid_alt": [1.7330125263166016, 0.6627084682334492, 0.7551258125606262], "k_pid_att": [68.83188056280255, 1.3112902437306913, 0.09802839336780922], "k_pid_yaw": [0.5, 1e-06, 0.1], "k_pid_hsp": [4.968527544914667, 0.7183666069159712, 0.7608003286490261], "k_pid_vsp": [211.12897044675836, 251.20719514331734, 379.45563898919187]}, "datetime": {"datetime": "2025-08-20 16:24:18", "elapsed": 16312.584040641785, "delta": 23.767653226852417}, "costs": {"total_cost": 1347.9531036959827, "time_cost": 150, "final_distance_cost": 54.69373119411317, "oscillation_cost": 396.5096210442269, "completition_cost": 666.6666666666667, "overshoot_cost": 43.32323972798777, "power_cost": 20.449225439453127, "noise_cost": 16.310619623534787, "n_waypoints_completed": 3, "tot_waypoints": 9}}
{"target": -464.6021139074006, "params": {"k_pid_pos": [1.0086702802123952, 0.14745514314697583, 0.9599230286416714], "k_pid_alt": [0.5951225561781943, 0.03902443723274529, 0.68509808416715], "k_pid_att": [1.2121032023678868, 1.965115936335297, 0.15903636484662953], "k_pid_yaw": [0.5, 1e-06, 0.1], "k_pid_hsp": [0.8369441660805614, 0.386243148023677, 0.009336874971845321], "k_pid_vsp": [296.1774231328701, 240.70782014249465, 164.52695383337738]}, "datetime": {"datetime": "2025-08-20 16:24:42", "elapsed": 16337.101703166962, "delta": 24.517662525177002}, "costs": {"total_cost": 464.6021139074006, "time_cost": 150, "final_distance_cost": 24.62752786842803, "oscillation_cost": 98.87327045092688, "completition_cost": 111.11111111111116, "overshoot_cost": 52.62331395818292, "power_cost": 15.711470373535157, "noise_cost": 11.655420145216494, "n_waypoints_completed": 8, "tot_waypoints": 9}}
{"target": -338.2684699262053, "params": {"k_pid_pos": [1.5425506031302187, 0.02034572136167634, 0.7189588091616312], "k_pid_alt": [0.4290228420137707, 0.8755533657096336, 0.7769775920688439], "k_pid_att": [9.882922371929592, 0.7360882518406234, 0.6982767106965817], "k_pid_yaw": [0.5, 1e-06, 0.1], "k_pid_hsp": [5.712767586617376, 0.16859526559169147, 0.8097415200865269], "k_pid_vsp": [332.7227871428421, 325.35579131566317, 18.306900336922254]}, "datetime": {"datetime": "2025-08-20 16:25:08", "elapsed": 16363.23474407196, "delta": 26.13304090499878}, "costs": {"total_cost": 338.2684699262053, "time_cost": 91.424, "final_distance_cost": 1.738101273694516, "oscillation_cost": 151.91127184503534, "completition_cost": 0.0, "overshoot_cost": 59.71710504178998, "power_cost": 19.36718212890625, "noise_cost": 14.11080963677918, "n_waypoints_completed": 9, "tot_waypoints": 9}}
{"target": -902.8862646779827, "params": {"k_pid_pos": [0.304548292610324, 0.7289104399326416, 0.9703466245697546], "k_pid_alt": [1.3102622647133304, 0.4735698716805615, 0.6822063140754198], "k_pid_att": [31.03423792432274, 8.015598282034555, 0.3778948544328993], "k_pid_yaw": [0.5, 1e-06, 0.1], "k_pid_hsp": [1.4789084494819769, 0.8997791432723786, 0.10647211527193923], "k_pid_vsp": [187.09950362080724, 308.5808824134221, 167.7534457847026]}, "datetime": {"datetime": "2025-08-20 16:25:32", "elapsed": 16387.029461622238, "delta": 23.79471755027771}, "costs": {"total_cost": 902.8862646779827, "time_cost": 150, "final_distance_cost": 75.99729150024251, "oscillation_cost": 258.4177485745419, "completition_cost": 333.33333333333337, "overshoot_cost": 46.467310010164596, "power_cost": 22.14043165283203, "noise_cost": 16.530149606868243, "n_waypoints_completed": 6, "tot_waypoints": 9}}
{"target": -1378.1012766767944, "params": {"k_pid_pos": [0.23346965961197597, 0.2696832022582767, 0.9530717532646504], "k_pid_alt": [1.0980818383679218, 0.3692050489817187, 0.8357688803108575], "k_pid_att": [40.37109440336376, 6.8838986585598425, 0.39524813194563346], "k_pid_yaw": [0.5, 1e-06, 0.1], "k_pid_hsp": [5.219012987400484, 0.7505125319774459, 0.16539501220560437], "k_pid_vsp": [175.94952560297864, 93.50364965901122, 276.0293070572829]}, "datetime": {"datetime": "2025-08-20 16:25:56", "elapsed": 16411.325722932816, "delta": 24.296261310577393}, "costs": {"total_cost": 1378.1012766767944, "time_cost": 150, "final_distance_cost": 69.58080530283483, "oscillation_cost": 398.7916527631215, "completition_cost": 666.6666666666667, "overshoot_cost": 52.84275755875342, "power_cost": 22.593221899414065, "noise_cost": 17.62617248600364, "n_waypoints_completed": 3, "tot_waypoints": 9}}
{"target": -924.1749335348226, "params": {"k_pid_pos": [0.8671004499735666, 0.6931213143529414, 0.8019074229691211], "k_pid_alt": [1.3190186257611485, 0.3165709027417729, 0.16895982153798506], "k_pid_att": [73.95594889841487, 9.20694469404499, 0.9794901407071694], "k_pid_yaw": [0.5, 1e-06, 0.1], "k_pid_hsp": [5.850392623251019, 0.44827342502887046, 0.5865686828059969], "k_pid_vsp": [383.49320171784825, 255.0481025442132, 269.0902652157093]}, "datetime": {"datetime": "2025-08-20 16:26:20", "elapsed": 16434.874365091324, "delta": 23.5486421585083}, "costs": {"total_cost": 924.1749335348226, "time_cost": 150, "final_distance_cost": 75.15542202105667, "oscillation_cost": 280.8009260139132, "completition_cost": 333.33333333333337, "overshoot_cost": 45.71317166202185, "power_cost": 22.498814196777346, "noise_cost": 16.673266307720112, "n_waypoints_completed": 6, "tot_waypoints": 9}}
{"target": -1153.7776446375133, "params": {"k_pid_pos": [0.16220395226863824, 0.7562177368331188, 0.3390352027565602], "k_pid_alt": [1.8714775427712327, 0.5189346953530022, 0.017398175231215784], "k_pid_att": [51.55388428095758, 5.1367830471584375, 0.3173562134758433], "k_pid_yaw": [0.5, 1e-06, 0.1], "k_pid_hsp": [3.3052035229438266, 0.254038939128851, 0.6151811752774374], "k_pid_vsp": [33.13779741824155, 373.78490500050486, 208.6037962627575]}, "datetime": {"datetime": "2025-08-20 16:26:45", "elapsed": 16460.118170261383, "delta": 25.243805170059204}, "costs": {"total_cost": 1153.7776446375133, "time_cost": 150, "final_distance_cost": 53.46589077196336, "oscillation_cost": 175.26955589938854, "completition_cost": 666.6666666666667, "overshoot_cost": 67.82211910821638, "power_cost": 22.964410498046878, "noise_cost": 17.58900169323155, "n_waypoints_completed": 3, "tot_waypoints": 9}}
{"target": -862.0353743063786, "params": {"k_pid_pos": [1.38581615128588, 0.3109037088429114, 0.24059503003771066], "k_pid_alt": [0.5646838241483156, 0.6215461151969001, 0.036167997582966405], "k_pid_att": [48.79478775207061, 4.904376706288953, 0.48720467245633037], "k_pid_yaw": [0.5, 1e-06, 0.1], "k_pid_hsp": [1.3994498295816469, 0.2047091672136867, 0.11054635218575115], "k_pid_vsp": [206.12724805348796, 6.104016394393535, 399.0338514037286]}, "datetime": {"datetime": "2025-08-20 16:27:10", "elapsed": 16484.519629478455, "delta": 24.401459217071533}, "costs": {"total_cost": 862.0353743063786, "time_cost": 150, "final_distance_cost": 63.360037645118545, "oscillation_cost": 207.69016632939596, "completition_cost": 333.33333333333337, "overshoot_cost": 64.09319702502285, "power_cost": 22.383804260253907, "noise_cost": 21.174835713253966, "n_waypoints_completed": 6, "tot_waypoints": 9}}
{"target": -1149.0061972022481, "params": {"k_pid_pos": [1.5600419212661452, 0.38492950828856465, 0.3081837660166048], "k_pid_alt": [0.6598418974887665, 0.2063093840179716, 0.5318782713693312], "k_pid_att": [37.336401488120885, 7.4694213091043675, 0.34313052282532086], "k_pid_yaw": [0.5, 1e-06, 0.1], "k_pid_hsp": [8.77387368411895, 0.1112870358633995, 0.09719399458318556], "k_pid_vsp": [14.534954184144944, 265.954222174775, 225.99438500263932]}, "datetime": {"datetime": "2025-08-20 16:27:34", "elapsed": 16509.483601093292, "delta": 24.963971614837646}, "costs": {"total_cost": 1149.0061972022481, "time_cost": 150, "final_distance_cost": 38.4828756653073, "oscillation_cost": 279.5429198239518, "completition_cost": 555.5555555555555, "overshoot_cost": 86.57257865802183, "power_cost": 19.687377368164064, "noise_cost": 19.16489013124737, "n_waypoints_completed": 4, "tot_waypoints": 9}}
{"target": -2657.69988070123, "params": {"k_pid_pos": [1.0364645702664905, 0.5412348883247469, 0.8064461407555761], "k_pid_alt": [1.8449957755223392, 0.7686038007917042, 0.8156252279094097], "k_pid_att": [97.13456578562194, 3.9619558933518726, 0.8122492985630758], "k_pid_yaw": [0.5, 1e-06, 0.1], "k_pid_hsp": [9.84493800857523, 0.3736321146905187, 0.006459053062878528], "k_pid_vsp": [63.58163498692191, 15.802012777202366, 315.5563108733046]}, "datetime": {"datetime": "2025-08-20 16:27:58", "elapsed": 16533.472007513046, "delta": 23.98840641975403}, "costs": {"total_cost": 2657.69988070123, "time_cost": 150, "final_distance_cost": 511.8480258011714, "oscillation_cost": 200.64071080786053, "completition_cost": 888.8888888888888, "overshoot_cost": 868.3353191103361, "power_cost": 21.193110107421877, "noise_cost": 16.79382598555142, "n_waypoints_completed": 1, "tot_waypoints": 9}}
{"target": -885.4582057089009, "params": {"k_pid_pos": [0.8568804142195292, 0.46533946762137957, 0.5461784764220688], "k_pid_alt": [0.3090756426644128, 0.020551339342142705, 0.5930509815262838], "k_pid_att": [72.23327979243291, 2.052696439803205, 0.39934471954290873], "k_pid_yaw": [0.5, 1e-06, 0.1], "k_pid_hsp": [2.029451819618537, 0.5412255379265737, 0.45400988190264324], "k_pid_vsp": [225.1881455611504, 102.29379209130974, 53.01438236327892]}, "datetime": {"datetime": "2025-08-20 16:28:22", "elapsed": 16557.360404491425, "delta": 23.888396978378296}, "costs": {"total_cost": 885.4582057089009, "time_cost": 150, "final_distance_cost": 68.36484631580504, "oscillation_cost": 250.84292088767975, "completition_cost": 333.33333333333337, "overshoot_cost": 44.83876515820336, "power_cost": 21.78020982666016, "noise_cost": 16.298130187219172, "n_waypoints_completed": 6, "tot_waypoints": 9}}
{"target": -1227.444197846023, "params": {"k_pid_pos": [0.7795403661006762, 0.3086233843010754, 0.767856491626598], "k_pid_alt": [1.5880540199306064, 0.7597617058602397, 0.07423396926910908], "k_pid_att": [30.781752365414615, 3.4908315734267013, 0.21345340812009495], "k_pid_yaw": [0.5, 1e-06, 0.1], "k_pid_hsp": [8.186501493039577, 0.17485969604474128, 0.5813446846736071], "k_pid_vsp": [15.227087521207405, 63.58375737682333, 76.57747862724086]}, "datetime": {"datetime": "2025-08-20 16:28:47", "elapsed": 16581.53462076187, "delta": 24.174216270446777}, "costs": {"total_cost": 1227.444197846023, "time_cost": 150, "final_distance_cost": 38.360147164886826, "oscillation_cost": 361.2169073005444, "completition_cost": 555.5555555555555, "overshoot_cost": 76.86110541984031, "power_cost": 24.97549775390625, "noise_cost": 20.47498465128976, "n_waypoints_completed": 4, "tot_waypoints": 9}}
{"target": -311.6170896712363, "params": {"k_pid_pos": [1.6773961985029942, 0.22165927591282608, 0.16805428253378452], "k_pid_alt": [1.0108150539037157, 0.3964793740280568, 0.9635653291884779], "k_pid_att": [33.02120182583257, 1.2976421823101598, 0.8156347795285452], "k_pid_yaw": [0.5, 1e-06, 0.1], "k_pid_hsp": [0.9227798257113445, 0.6867465338737222, 0.1166777257553594], "k_pid_vsp": [288.94772890929687, 270.1711260907693, 137.10618747216608]}, "datetime": {"datetime": "2025-08-20 16:29:11", "elapsed": 16605.65984559059, "delta": 24.125224828720093}, "costs": {"total_cost": 311.6170896712363, "time_cost": 99.712, "final_distance_cost": 1.7390890462758863, "oscillation_cost": 111.88666271030776, "completition_cost": 0.0, "overshoot_cost": 59.240492495448116, "power_cost": 22.250020947265625, "noise_cost": 16.78882447193887, "n_waypoints_completed": 9, "tot_waypoints": 9}}
{"target": -749.1460914938909, "params": {"k_pid_pos": [1.234804815178762, 0.9721174606122451, 0.29524452787708555], "k_pid_alt": [1.2183058583837907, 0.3278213131284965, 0.38843488020777117], "k_pid_att": [24.740393737096657, 4.455907490017273, 0.7881423520052869], "k_pid_yaw": [0.5, 1e-06, 0.1], "k_pid_hsp": [0.9406445695650343, 0.9730695765870163, 0.17094399595405851], "k_pid_vsp": [224.53640370403681, 151.35166802777607, 40.73075196216268]}, "datetime": {"datetime": "2025-08-20 16:29:34", "elapsed": 16629.478321790695, "delta": 23.81847620010376}, "costs": {"total_cost": 749.1460914938909, "time_cost": 150, "final_distance_cost": 71.63769754704461, "oscillation_cost": 84.86337590286463, "completition_cost": 333.33333333333337, "overshoot_cost": 68.2558346302725, "power_cost": 23.789859521484377, "noise_cost": 17.26599055889142, "n_waypoints_completed": 6, "tot_waypoints": 9}}
{"target": -1272.4195752340156, "params": {"k_pid_pos": [0.8046721222392803, 0.8111341369100924, 0.7220048004071579], "k_pid_alt": [0.5322977679437595, 0.8810724428180209, 0.5444269090863084], "k_pid_att": [90.8709955806291, 8.089834196527956, 0.3488825503621278], "k_pid_yaw": [0.5, 1e-06, 0.1], "k_pid_hsp": [9.114629181121563, 0.16943326537649617, 0.806223146972164], "k_pid_vsp": [53.00187706644608, 355.6266810066503, 102.89235937517553]}, "datetime": {"datetime": "2025-08-20 16:29:59", "elapsed": 16653.560212135315, "delta": 24.08189034461975}, "costs": {"total_cost": 1272.4195752340156, "time_cost": 150, "final_distance_cost": 76.41167599903753, "oscillation_cost": 295.0855470506767, "completition_cost": 666.6666666666667, "overshoot_cost": 46.74316291534901, "power_cost": 21.431700134277346, "noise_cost": 16.080822468008027, "n_waypoints_completed": 3, "tot_waypoints": 9}}
{"target": -724.3812748079657, "params": {"k_pid_pos": [1.7821248078996466, 0.16357479789021612, 0.7970887774344213], "k_pid_alt": [0.5000132457172879, 0.8040772385711423, 0.49579877531421446], "k_pid_att": [93.94553686930969, 5.601592319455789, 0.39775324872776197], "k_pid_yaw": [0.5, 1e-06, 0.1], "k_pid_hsp": [9.501645942199191, 0.9501132037425437, 0.962482051363286], "k_pid_vsp": [157.58535821323122, 375.5616181144149, 292.3135716628246]}, "datetime": {"datetime": "2025-08-20 16:30:23", "elapsed": 16677.91643023491, "delta": 24.356218099594116}, "costs": {"total_cost": 724.3812748079657, "time_cost": 150, "final_distance_cost": 58.43321653249188, "oscillation_cost": 296.85681766819454, "completition_cost": 111.11111111111116, "overshoot_cost": 71.52053271977512, "power_cost": 20.664692749023438, "noise_cost": 15.794904027369652, "n_waypoints_completed": 8, "tot_waypoints": 9}}
{"target": -1216.8790617715983, "params": {"k_pid_pos": [0.7863996675017835, 0.7883552663388993, 0.3848027108957395], "k_pid_alt": [1.3081689271947772, 0.5491126605983117, 0.14185079063586903], "k_pid_att": [95.74354133581429, 4.028924332527088, 0.23890590779525545], "k_pid_yaw": [0.5, 1e-06, 0.1], "k_pid_hsp": [6.696276460598153, 0.30601903651886686, 0.6447613866286469], "k_pid_vsp": [185.60269505732973, 337.60122095831196, 338.59332215473194]}, "datetime": {"datetime": "2025-08-20 16:30:48", "elapsed": 16702.64687514305, "delta": 24.73044490814209}, "costs": {"total_cost": 1216.8790617715983, "time_cost": 150, "final_distance_cost": 56.8078275027566, "oscillation_cost": 250.27660969573242, "completition_cost": 666.6666666666667, "overshoot_cost": 52.36590602760618, "power_cost": 22.02738485107422, "noise_cost": 18.734667027762328, "n_waypoints_completed": 3, "tot_waypoints": 9}}
{"target": -1097.473953253397, "params": {"k_pid_pos": [1.8952799060675938, 0.3319256198084485, 0.4584747715856736], "k_pid_alt": [1.719864439543451, 0.4447668641803354, 0.3824440901943529], "k_pid_att": [83.87286875667938, 7.971283301992334, 0.7198422810049815], "k_pid_yaw": [0.5, 1e-06, 0.1], "k_pid_hsp": [3.5716228929034135, 0.9459472406499113, 0.6331081275364961], "k_pid_vsp": [44.77293895286807, 303.024437466977, 256.7949688296804]}, "datetime": {"datetime": "2025-08-20 16:31:12", "elapsed": 16727.24598312378, "delta": 24.59910798072815}, "costs": {"total_cost": 1097.473953253397, "time_cost": 150, "final_distance_cost": 42.1130021733411, "oscillation_cost": 208.786358224064, "completition_cost": 555.5555555555555, "overshoot_cost": 89.4050651961131, "power_cost": 26.40731512451172, "noise_cost": 25.20665697981137, "n_waypoints_completed": 4, "tot_waypoints": 9}}
{"target": -823.7839471288228, "params": {"k_pid_pos": [1.9791030340328888, 0.914992417702052, 0.1572139473330446], "k_pid_alt": [1.647682184650519, 0.5465234320183869, 0.3108750017511479], "k_pid_att": [56.95562896976591, 9.19982188833931, 0.07000247850595498], "k_pid_yaw": [0.5, 1e-06, 0.1], "k_pid_hsp": [3.0928622948189295, 0.08124792079850096, 0.7539493874145589], "k_pid_vsp": [287.56454965950843, 351.1123109100419, 242.79400038212336]}, "datetime": {"datetime": "2025-08-20 16:31:39", "elapsed": 16754.24070763588, "delta": 26.99472451210022}, "costs": {"total_cost": 823.7839471288228, "time_cost": 150, "final_distance_cost": 67.88853268245877, "oscillation_cost": 169.60776899243626, "completition_cost": 333.33333333333337, "overshoot_cost": 64.92359761009287, "power_cost": 21.619796447753906, "noise_cost": 16.410918062747584, "n_waypoints_completed": 6, "tot_waypoints": 9}}
{"target": -531.570507439792, "params": {"k_pid_pos": [1.5785895520637339, 0.6831988832451406, 0.3171132884045301], "k_pid_alt": [1.5424972157950085, 0.046810483639051714, 0.8935781159492113], "k_pid_att": [68.96649817725151, 7.121085607154787, 0.7741685145724998], "k_pid_yaw": [0.5, 1e-06, 0.1], "k_pid_hsp": [1.5519892767291037, 0.591130013938837, 0.5452148103869447], "k_pid_vsp": [15.414401444467174, 253.54903477523803, 49.43711241074485]}, "datetime": {"datetime": "2025-08-20 16:32:04", "elapsed": 16778.700167179108, "delta": 24.45945954322815}, "costs": {"total_cost": 531.570507439792, "time_cost": 150, "final_distance_cost": 11.17000246596364, "oscillation_cost": 146.7949951573924, "completition_cost": 111.11111111111116, "overshoot_cost": 71.14986586729678, "power_cost": 23.11142048339844, "noise_cost": 18.2331123546295, "n_waypoints_completed": 8, "tot_waypoints": 9}}
