{"target": -1438.2728723447844, "params": {"k_pid_pos": [0.02081380759253124, 0.4769199352210288, 0.46105406201810084], "k_pid_alt": [1.8931875380475818, 0.5769593939712264, 0.1852808448856561], "k_pid_att": [97.32097395937355, 4.116525945573542, 0.8509546876022139], "k_pid_yaw": [0.5, 1e-06, 0.1], "k_pid_hsp": [7.070412857485726, 0.5889698105909585, 0.7313974230398832], "k_pid_vsp": [221.9023929753044, 246.2002892970375, 2.6698674081083515]}, "datetime": {"datetime": "2025-08-20 16:42:20", "elapsed": 17395.315361738205, "delta": 24.317954778671265}, "costs": {"total_cost": 1438.2728723447844, "time_cost": 150, "final_distance_cost": 67.98917663496555, "oscillation_cost": 265.3331486240241, "completition_cost": 888.8888888888888, "overshoot_cost": 29.762523321706123, "power_cost": 20.054238342285156, "noise_cost": 16.244896532914936, "n_waypoints_completed": 1, "tot_waypoints": 9}}
{"target": -379.4237702544893, "params": {"k_pid_pos": [1.8938814742291403, 0.11105220385644332, 0.5245178057119287], "k_pid_alt": [1.5915057568011877, 0.9346302074626346, 0.02617067262655326], "k_pid_att": [16.24407364700825, 1.7120115099400723, 0.025269936232983348], "k_pid_yaw": [0.5, 1e-06, 0.1], "k_pid_hsp": [6.282546263878119, 0.5888961663993608, 0.7507975281023738], "k_pid_vsp": [245.87715952174435, 199.52738372502412, 42.3959526407102]}, "datetime": {"datetime": "2025-08-20 16:42:42", "elapsed": 17417.324442625046, "delta": 22.00908088684082}, "costs": {"total_cost": 379.4237702544893, "time_cost": 83.864, "final_distance_cost": 1.7440275540007322, "oscillation_cost": 204.38488132232246, "completition_cost": 0.0, "overshoot_cost": 53.20061192727859, "power_cost": 20.98736285400391, "noise_cost": 15.242886596883599, "n_waypoints_completed": 9, "tot_waypoints": 9}}
{"target": -528.3245534025008, "params": {"k_pid_pos": [0.6651960637592158, 0.006220870764685249, 0.9159580827416075], "k_pid_alt": [0.9614411408373575, 0.227626399748459, 0.42373596073092323], "k_pid_att": [51.896547603268495, 0.2342126149087783, 0.40976707725090344], "k_pid_yaw": [0.5, 1e-06, 0.1], "k_pid_hsp": [5.745469711989286, 0.6439178715301617, 0.9253707784267409], "k_pid_vsp": [350.33051871107887, 308.5613510489062, 22.18388547836947]}, "datetime": {"datetime": "2025-08-20 16:43:07", "elapsed": 17441.911791086197, "delta": 24.587348461151123}, "costs": {"total_cost": 528.3245534025008, "time_cost": 98.32000000000001, "final_distance_cost": 1.7946224511140876, "oscillation_cost": 338.67240249131885, "completition_cost": 0.0, "overshoot_cost": 55.268496045110396, "power_cost": 19.372325732421874, "noise_cost": 14.89670668253548, "n_waypoints_completed": 9, "tot_waypoints": 9}}
{"target": -249.1643147636351, "params": {"k_pid_pos": [0.6607876342634523, 0.06720882231649539, 0.10799719586400447], "k_pid_alt": [0.7204011243249653, 0.537496454472825, 0.4551554981332485], "k_pid_att": [17.348779142788995, 8.672003841543072, 0.501306794114116], "k_pid_yaw": [0.5, 1e-06, 0.1], "k_pid_hsp": [6.004243428401597, 0.9523726497746683, 0.13285995027446673], "k_pid_vsp": [128.3674505585025, 150.86057425105264, 5.829139699033794]}, "datetime": {"datetime": "2025-08-20 16:43:28", "elapsed": 17462.61857700348, "delta": 20.706785917282104}, "costs": {"total_cost": 249.1643147636351, "time_cost": 84.808, "final_distance_cost": 1.7936163535758352, "oscillation_cost": 82.47635000794398, "completition_cost": 0.0, "overshoot_cost": 52.89389931241231, "power_cost": 14.396568969726562, "noise_cost": 12.795880119976394, "n_waypoints_completed": 9, "tot_waypoints": 9}}
{"target": -1001.8204378827854, "params": {"k_pid_pos": [0.12110751855037732, 0.811249425075753, 0.07277603057848203], "k_pid_alt": [0.6857444272771667, 0.44043460291475467, 0.6377258371383624], "k_pid_att": [54.50972272559007, 6.323276692800534, 0.6863926572955604], "k_pid_yaw": [0.5, 1e-06, 0.1], "k_pid_hsp": [7.5895345622730215, 0.29182303252146735, 0.9910256724082297], "k_pid_vsp": [280.74738862069233, 204.146753905949, 169.39420044877693]}, "datetime": {"datetime": "2025-08-20 16:43:53", "elapsed": 17488.18630504608, "delta": 25.56772804260254}, "costs": {"total_cost": 1001.8204378827854, "time_cost": 150, "final_distance_cost": 55.90105482965346, "oscillation_cost": 142.04573731726433, "completition_cost": 555.5555555555555, "overshoot_cost": 60.85350459502335, "power_cost": 21.199267016601564, "noise_cost": 16.265318568687206, "n_waypoints_completed": 4, "tot_waypoints": 9}}
{"target": -865.3976165710958, "params": {"k_pid_pos": [1.0026870394735619, 0.09772945105100139, 0.9752234321353088], "k_pid_alt": [0.6971927517053111, 0.48038180754277204, 0.9418075056056274], "k_pid_att": [89.11316960283928, 0.8913570541739471, 0.3214288869778237], "k_pid_yaw": [0.5, 1e-06, 0.1], "k_pid_hsp": [8.152408727618052, 0.7055344066533551, 0.9690693983084346], "k_pid_vsp": [47.84716166600966, 384.4616280371887, 206.14445468993935]}, "datetime": {"datetime": "2025-08-20 16:44:21", "elapsed": 17515.566392421722, "delta": 27.38008737564087}, "costs": {"total_cost": 865.3976165710958, "time_cost": 150, "final_distance_cost": 69.68418761024873, "oscillation_cost": 325.5510118046518, "completition_cost": 222.2222222222222, "overshoot_cost": 59.439220580555855, "power_cost": 21.794822375488284, "noise_cost": 16.706151977928894, "n_waypoints_completed": 7, "tot_waypoints": 9}}
{"target": -1100.254592742664, "params": {"k_pid_pos": [1.6747837066686457, 0.9682027902138307, 0.10396899816871041], "k_pid_alt": [0.037038707523532555, 0.7340311426255284, 0.7496888232423731], "k_pid_att": [44.57512046102321, 4.1757140974191955, 0.6810347427127309], "k_pid_yaw": [0.5, 1e-06, 0.1], "k_pid_hsp": [2.560496391314015, 0.010856502079696462, 0.8201033197233759], "k_pid_vsp": [145.95618425482283, 210.29553963040087, 30.187987268727163]}, "datetime": {"datetime": "2025-08-20 16:44:48", "elapsed": 17542.83885526657, "delta": 27.272462844848633}, "costs": {"total_cost": 1100.254592742664, "time_cost": 150, "final_distance_cost": 67.41511201819284, "oscillation_cost": 118.32309969442645, "completition_cost": 666.6666666666667, "overshoot_cost": 59.03695812706118, "power_cost": 22.554885754394533, "noise_cost": 16.257870481922296, "n_waypoints_completed": 3, "tot_waypoints": 9}}
{"target": -797.123630189478, "params": {"k_pid_pos": [0.8856869053249365, 0.3074515914315985, 0.6789234550451605], "k_pid_alt": [0.5827990287759863, 0.8420471193786425, 0.6389987389300684], "k_pid_att": [55.85199358261773, 6.274656614406779, 0.7140696771251334], "k_pid_yaw": [0.5, 1e-06, 0.1], "k_pid_hsp": [9.282821053621637, 0.5596228637084313, 0.09561709255845396], "k_pid_vsp": [267.4155889732741, 90.23375836819541, 101.07462492643442]}, "datetime": {"datetime": "2025-08-20 16:45:13", "elapsed": 17567.990322113037, "delta": 25.151466846466064}, "costs": {"total_cost": 797.123630189478, "time_cost": 150, "final_distance_cost": 71.83152937096352, "oscillation_cost": 260.7340390540077, "completition_cost": 222.2222222222222, "overshoot_cost": 55.78496472385761, "power_cost": 20.83166920166016, "noise_cost": 15.719205616766935, "n_waypoints_completed": 7, "tot_waypoints": 9}}
{"target": -1183.551372118391, "params": {"k_pid_pos": [0.20904126649829693, 0.5244199652101944, 0.014423362417318564], "k_pid_alt": [0.4616760566482594, 0.10494098829160758, 0.9886937834673086], "k_pid_att": [94.01993318181573, 2.7683989567441625, 0.0464730525600795], "k_pid_yaw": [0.5, 1e-06, 0.1], "k_pid_hsp": [6.78707651799143, 0.46716609744131565, 0.9960369770032332], "k_pid_vsp": [296.2548765027752, 118.65747368982854, 291.2263113813325]}, "datetime": {"datetime": "2025-08-20 16:45:37", "elapsed": 17591.95765185356, "delta": 23.967329740524292}, "costs": {"total_cost": 1183.551372118391, "time_cost": 150, "final_distance_cost": 70.08632297699876, "oscillation_cost": 205.70164809048984, "completition_cost": 666.6666666666667, "overshoot_cost": 53.01557981581627, "power_cost": 21.839577685546875, "noise_cost": 16.241576882872806, "n_waypoints_completed": 3, "tot_waypoints": 9}}
{"target": -1578.4149727649612, "params": {"k_pid_pos": [0.08051786115927664, 0.4524735144769837, 0.08348000802732769], "k_pid_alt": [0.20176798088109504, 0.44470770163782314, 0.362164776662957], "k_pid_att": [70.79876009802433, 1.805127899242532, 0.9001627595193885], "k_pid_yaw": [0.5, 1e-06, 0.1], "k_pid_hsp": [6.198232363135671, 0.4571115154467439, 0.15022983943697965], "k_pid_vsp": [61.91868766640391, 183.79036502885484, 246.5007251212815]}, "datetime": {"datetime": "2025-08-20 16:46:02", "elapsed": 17616.675060510635, "delta": 24.717408657073975}, "costs": {"total_cost": 1578.4149727649612, "time_cost": 150, "final_distance_cost": 81.35238031140457, "oscillation_cost": 228.36409967588062, "completition_cost": 1000.0, "overshoot_cost": 79.863178745115, "power_cost": 21.26626657714844, "noise_cost": 17.569047455412612, "n_waypoints_completed": 0, "tot_waypoints": 9}}
{"target": -1220.051814762119, "params": {"k_pid_pos": [1.6973380192781475, 0.31533621599253214, 0.8946534896455323], "k_pid_alt": [1.6033040606747326, 0.7166746505784929, 0.557788511779446], "k_pid_att": [22.03166637131956, 3.7454397097248213, 0.3503396942288327], "k_pid_yaw": [0.5, 1e-06, 0.1], "k_pid_hsp": [8.086404042707999, 0.9909490995099467, 0.1946965462299468], "k_pid_vsp": [138.75560768164576, 54.11589105594589, 168.66596276845115]}, "datetime": {"datetime": "2025-08-20 16:46:26", "elapsed": 17641.277067899704, "delta": 24.602007389068604}, "costs": {"total_cost": 1220.051814762119, "time_cost": 150, "final_distance_cost": 39.279322015946015, "oscillation_cost": 374.26929166467033, "completition_cost": 555.5555555555555, "overshoot_cost": 68.57161768039215, "power_cost": 18.020404516601563, "noise_cost": 14.355623328953527, "n_waypoints_completed": 4, "tot_waypoints": 9}}
{"target": -356.90093799136685, "params": {"k_pid_pos": [0.5941751939253892, 0.09710899033081977, 0.6746793179480486], "k_pid_alt": [1.6638925008650176, 0.14324835310834116, 0.3093174288270194], "k_pid_att": [6.057204153101825, 1.051437129291658, 0.1504521132273151], "k_pid_yaw": [0.5, 1e-06, 0.1], "k_pid_hsp": [5.123053772575782, 0.9431862162831398, 0.6254300386717323], "k_pid_vsp": [203.08191683807814, 267.4940619306985, 110.83131873185555]}, "datetime": {"datetime": "2025-08-20 16:46:49", "elapsed": 17664.028346538544, "delta": 22.75127863883972}, "costs": {"total_cost": 356.90093799136685, "time_cost": 91.98400000000001, "final_distance_cost": 1.7939098909292035, "oscillation_cost": 177.34438864736856, "completition_cost": 0.0, "overshoot_cost": 54.903593069668, "power_cost": 17.71223698730469, "noise_cost": 13.162809396096486, "n_waypoints_completed": 9, "tot_waypoints": 9}}
{"target": -844.8624386231398, "params": {"k_pid_pos": [0.8857923191966849, 0.10992136246595663, 0.27381650069918373], "k_pid_alt": [0.6434061815292658, 0.07831714674624657, 0.7912217582063715], "k_pid_att": [57.21327152984868, 3.8749576016258387, 0.26539273232032057], "k_pid_yaw": [0.5, 1e-06, 0.1], "k_pid_hsp": [2.3196756303674375, 0.5160645963294502, 0.15776712608270616], "k_pid_vsp": [217.1237368388579, 385.4695135614303, 365.30612079174324]}, "datetime": {"datetime": "2025-08-20 16:47:16", "elapsed": 17690.52946829796, "delta": 26.501121759414673}, "costs": {"total_cost": 844.8624386231398, "time_cost": 150, "final_distance_cost": 68.03660884580171, "oscillation_cost": 318.3184655940437, "completition_cost": 222.2222222222222, "overshoot_cost": 51.06357394261044, "power_cost": 19.808701037597658, "noise_cost": 15.412866980864235, "n_waypoints_completed": 7, "tot_waypoints": 9}}
{"target": -485.7482727760951, "params": {"k_pid_pos": [0.9242813894309834, 0.14019142422253483, 0.7884002273427364], "k_pid_alt": [0.2762487013230439, 0.7208513776345489, 0.9402733993622173], "k_pid_att": [92.74122169930409, 6.787997495869545, 0.29334901637226973], "k_pid_yaw": [0.5, 1e-06, 0.1], "k_pid_hsp": [4.831432948408994, 0.5093625418840644, 0.16064790285369202], "k_pid_vsp": [46.74580649321945, 317.9363418931253, 68.67208508977389]}, "datetime": {"datetime": "2025-08-20 16:47:38", "elapsed": 17712.71515107155, "delta": 22.185682773590088}, "costs": {"total_cost": 485.7482727760951, "time_cost": 90.376, "final_distance_cost": 1.82198560989339, "oscillation_cost": 294.2124697070388, "completition_cost": 0.0, "overshoot_cost": 63.824358487691775, "power_cost": 20.021865576171876, "noise_cost": 15.491593395299299, "n_waypoints_completed": 9, "tot_waypoints": 9}}
{"target": -848.1166461999902, "params": {"k_pid_pos": [1.8112732764438209, 0.8518410924358999, 0.7658946633415616], "k_pid_alt": [1.7782693946028676, 0.4246701604137826, 0.4369722761566137], "k_pid_att": [91.03040681071928, 3.409170463184252, 0.5993965762790128], "k_pid_yaw": [0.5, 1e-06, 0.1], "k_pid_hsp": [2.003749516356049, 0.7428059312951647, 0.9942191067410018], "k_pid_vsp": [298.70776276520667, 139.8238331296136, 108.65869407057744]}, "datetime": {"datetime": "2025-08-20 16:48:02", "elapsed": 17737.265110492706, "delta": 24.549959421157837}, "costs": {"total_cost": 848.1166461999902, "time_cost": 150, "final_distance_cost": 67.35061888435125, "oscillation_cost": 191.7050495587132, "completition_cost": 333.33333333333337, "overshoot_cost": 64.16393119227646, "power_cost": 24.257067443847657, "noise_cost": 17.306645787468256, "n_waypoints_completed": 6, "tot_waypoints": 9}}
{"target": -1161.1780725330552, "params": {"k_pid_pos": [0.6955399557667927, 0.28393019250185736, 0.4806531416984241], "k_pid_alt": [0.37718578808969716, 0.7949035620520335, 0.7865817784035314], "k_pid_att": [52.42013738193649, 6.456522072849002, 0.28525760803436084], "k_pid_yaw": [0.5, 1e-06, 0.1], "k_pid_hsp": [4.621589399101792, 0.9640289576661555, 0.3589169000842518], "k_pid_vsp": [319.1073038909167, 71.05495920431684, 218.80366791052495]}, "datetime": {"datetime": "2025-08-20 16:48:26", "elapsed": 17761.48303127289, "delta": 24.217920780181885}, "costs": {"total_cost": 1161.1780725330552, "time_cost": 150, "final_distance_cost": 48.81245041198485, "oscillation_cost": 319.275095152288, "completition_cost": 555.5555555555555, "overshoot_cost": 48.321655645471445, "power_cost": 21.430866015625, "noise_cost": 17.782449752130393, "n_waypoints_completed": 4, "tot_waypoints": 9}}
{"target": -1016.0129796357729, "params": {"k_pid_pos": [1.7346908281518496, 0.4711716483206172, 0.5829849193416644], "k_pid_alt": [0.6929248856053549, 0.8450938748652648, 0.17499711794536843], "k_pid_att": [94.66023226237597, 6.484639738222402, 0.02863370853729863], "k_pid_yaw": [0.5, 1e-06, 0.1], "k_pid_hsp": [6.216150835577324, 0.3662846985773558, 0.5681948308977385], "k_pid_vsp": [32.89444541213227, 337.80582935777903, 105.20203042445885]}, "datetime": {"datetime": "2025-08-20 16:48:51", "elapsed": 17785.61741375923, "delta": 24.134382486343384}, "costs": {"total_cost": 1016.0129796357729, "time_cost": 150, "final_distance_cost": 43.5995997046286, "oscillation_cost": 286.9425201426136, "completition_cost": 444.4444444444444, "overshoot_cost": 51.606805761048264, "power_cost": 21.704003283691407, "noise_cost": 17.715606299346636, "n_waypoints_completed": 5, "tot_waypoints": 9}}
{"target": -820.5728052476628, "params": {"k_pid_pos": [1.5479588092846917, 0.8494866775634077, 0.7780657333189605], "k_pid_alt": [0.5030886698404036, 0.6620474517047816, 0.03836115870589352], "k_pid_att": [48.670560137125285, 4.4462889721347665, 0.7048120876068831], "k_pid_yaw": [0.5, 1e-06, 0.1], "k_pid_hsp": [5.52606742715548, 0.7524052692815877, 0.7504621273446922], "k_pid_vsp": [366.00793041221453, 295.24971136522635, 54.71589864928074]}, "datetime": {"datetime": "2025-08-20 16:49:15", "elapsed": 17810.368574142456, "delta": 24.751160383224487}, "costs": {"total_cost": 820.5728052476628, "time_cost": 150, "final_distance_cost": 51.587227347932625, "oscillation_cost": 199.91944596373907, "completition_cost": 333.33333333333337, "overshoot_cost": 49.050906004557575, "power_cost": 20.519573376464844, "noise_cost": 16.162319221635375, "n_waypoints_completed": 6, "tot_waypoints": 9}}
{"target": -833.0926533952198, "params": {"k_pid_pos": [0.47970307196646383, 0.8371881303191282, 0.5863643727885302], "k_pid_alt": [1.3980176338010974, 0.9991699247236848, 0.9619789739771455], "k_pid_att": [70.7628784559699, 9.97204266731815, 0.09407432114502134], "k_pid_yaw": [0.5, 1e-06, 0.1], "k_pid_hsp": [6.674038788341075, 0.3263954594585148, 0.8071452347080937], "k_pid_vsp": [389.55176379149754, 122.37624407277683, 98.97054364498489]}, "datetime": {"datetime": "2025-08-20 16:49:40", "elapsed": 17834.72230696678, "delta": 24.35373282432556}, "costs": {"total_cost": 833.0926533952198, "time_cost": 150, "final_distance_cost": 53.81533305374123, "oscillation_cost": 208.21595447637154, "completition_cost": 333.33333333333337, "overshoot_cost": 49.566608288814116, "power_cost": 21.238985156250003, "noise_cost": 16.922439086709538, "n_waypoints_completed": 6, "tot_waypoints": 9}}
{"target": -891.5209872450927, "params": {"k_pid_pos": [1.6745420902708004, 0.8470597768684853, 0.5349632877810934], "k_pid_alt": [0.000820335630854041, 0.4953064916260742, 0.17302034109630493], "k_pid_att": [39.89672140093479, 0.4614667120022367, 0.7861553347219885], "k_pid_yaw": [0.5, 1e-06, 0.1], "k_pid_hsp": [9.422643427509163, 0.42461336492796165, 0.1310498070438545], "k_pid_vsp": [260.347347149762, 315.99411458066015, 45.858764661407]}, "datetime": {"datetime": "2025-08-20 16:50:06", "elapsed": 17861.170857667923, "delta": 26.448550701141357}, "costs": {"total_cost": 891.5209872450927, "time_cost": 150, "final_distance_cost": 48.903635337328524, "oscillation_cost": 154.84367093393334, "completition_cost": 444.4444444444444, "overshoot_cost": 54.2730352667153, "power_cost": 21.84479743652344, "noise_cost": 17.211403826147652, "n_waypoints_completed": 5, "tot_waypoints": 9}}
{"target": -1049.6584978597543, "params": {"k_pid_pos": [1.0606379789014428, 0.5298060167810104, 0.4839083987293037], "k_pid_alt": [0.16363459732881047, 0.5031841550615012, 0.9880594173463904], "k_pid_att": [46.908407987732595, 2.8406466948582128, 0.70170605324155], "k_pid_yaw": [0.5, 1e-06, 0.1], "k_pid_hsp": [4.559748495937179, 0.37908444772841265, 0.039033179552878106], "k_pid_vsp": [257.0270093916734, 56.35656932176404, 302.19047737228425]}, "datetime": {"datetime": "2025-08-20 16:50:30", "elapsed": 17885.200660705566, "delta": 24.029803037643433}, "costs": {"total_cost": 1049.6584978597543, "time_cost": 150, "final_distance_cost": 64.28363073617473, "oscillation_cost": 80.68601817484814, "completition_cost": 666.6666666666667, "overshoot_cost": 54.300544847665755, "power_cost": 18.33073377685547, "noise_cost": 15.390903657543397, "n_waypoints_completed": 3, "tot_waypoints": 9}}
{"target": -1073.6312137619148, "params": {"k_pid_pos": [0.48456785398792335, 0.7960314597301783, 0.001232188967853487], "k_pid_alt": [0.9312416138955772, 0.598778836450801, 0.11659560402797686], "k_pid_att": [28.368903367782906, 1.306406982069194, 0.3115963830703926], "k_pid_yaw": [0.5, 1e-06, 0.1], "k_pid_hsp": [0.5677856617918547, 0.5627989453133057, 0.24865992669047698], "k_pid_vsp": [46.72183944425123, 323.6130394668423, 190.13578088694953]}, "datetime": {"datetime": "2025-08-20 16:50:57", "elapsed": 17911.72350716591, "delta": 26.522846460342407}, "costs": {"total_cost": 1073.6312137619148, "time_cost": 150, "final_distance_cost": 64.67259650444579, "oscillation_cost": 81.40328930788978, "completition_cost": 666.6666666666667, "overshoot_cost": 71.16738402215574, "power_cost": 22.651306567382814, "noise_cost": 17.069970693373804, "n_waypoints_completed": 3, "tot_waypoints": 9}}
{"target": -1369.0454412198574, "params": {"k_pid_pos": [1.499603835189636, 0.2077966720084412, 0.4354812246814196], "k_pid_alt": [0.6890101656984051, 0.5073514030997845, 0.7708351850787909], "k_pid_att": [45.158962695560966, 1.6034655274461982, 0.4709173545519494], "k_pid_yaw": [0.5, 1e-06, 0.1], "k_pid_hsp": [0.8600079523691976, 0.29593214924154065, 0.7285139866736905], "k_pid_vsp": [186.32043693191517, 126.998669753865, 142.75011801920877]}, "datetime": {"datetime": "2025-08-20 16:51:23", "elapsed": 17937.674804210663, "delta": 25.95129704475403}, "costs": {"total_cost": 1369.0454412198574, "time_cost": 150, "final_distance_cost": 99.26624402841587, "oscillation_cost": 257.13989850704604, "completition_cost": 777.7777777777778, "overshoot_cost": 49.9566067208796, "power_cost": 19.896015454101562, "noise_cost": 15.008898731636487, "n_waypoints_completed": 2, "tot_waypoints": 9}}
{"target": -1110.4685034552438, "params": {"k_pid_pos": [1.865172635144714, 0.2519986093395532, 0.03344277394053419], "k_pid_alt": [0.4496958309258683, 0.969492400516764, 0.010412348780285519], "k_pid_att": [41.703323056566624, 5.570316052437795, 0.5548173130455324], "k_pid_yaw": [0.5, 1e-06, 0.1], "k_pid_hsp": [1.0155512890587357, 0.4497222861289095, 0.8298893764662018], "k_pid_vsp": [273.9746295735617, 93.76292051276045, 18.610317929653974]}, "datetime": {"datetime": "2025-08-20 16:51:49", "elapsed": 17963.70951485634, "delta": 26.03471064567566}, "costs": {"total_cost": 1110.4685034552438, "time_cost": 150, "final_distance_cost": 91.01028184255654, "oscillation_cost": 124.56462608279053, "completition_cost": 666.6666666666667, "overshoot_cost": 42.70706404450658, "power_cost": 20.285749633789063, "noise_cost": 15.234115184934318, "n_waypoints_completed": 3, "tot_waypoints": 9}}
