{"target": -1789.0530943061888, "params": {"k_pid_pos": [1.9140580890248915, 0.19607365389949594, 0.5142737905331302], "k_pid_alt": [1.8276407039838258, 0.18040839602136916, 0.04126903848563135], "k_pid_att": [2.7879626114138745, 9.862913900124797, 0.3336008385138647], "k_pid_yaw": [0.5, 1e-06, 0.1], "k_pid_hsp": [6.303024352723706, 0.9115815688201432, 0.6268758116964593], "k_pid_vsp": [246.89365272476334, 316.29191250912214, 367.77854477458436]}, "datetime": {"datetime": "2025-08-20 14:14:22", "elapsed": 8516.759988307953, "delta": 27.054920196533203}, "costs": {"total_cost": 1789.0530943061888, "time_cost": 150, "final_distance_cost": 3.1841325446837065, "oscillation_cost": 462.7359654212418, "completition_cost": 1000.0, "overshoot_cost": 101.3605841330603, "power_cost": 28.696959375000002, "noise_cost": 43.07545283220321, "n_waypoints_completed": 0, "tot_waypoints": 9}}
{"target": -1459.6522024316907, "params": {"k_pid_pos": [0.5297266983503698, 0.979476362900274, 0.042550365647999855], "k_pid_alt": [0.0028854157782876033, 0.38317422266249146, 0.9493517232812985], "k_pid_att": [39.09252083148862, 8.007593865262335, 0.527305810968933], "k_pid_yaw": [0.5, 1e-06, 0.1], "k_pid_hsp": [6.228813796958517, 0.28662313216869095, 0.2133976294063341], "k_pid_vsp": [31.225128392030133, 338.1565693863616, 299.97691548297627]}, "datetime": {"datetime": "2025-08-20 14:14:48", "elapsed": 8543.362099647522, "delta": 26.602111339569092}, "costs": {"total_cost": 1459.6522024316907, "time_cost": 150, "final_distance_cost": 8.06529883577327, "oscillation_cost": 89.32301942602808, "completition_cost": 1000.0, "overshoot_cost": 138.21286694082465, "power_cost": 16.94816481933594, "noise_cost": 57.10285240972894, "n_waypoints_completed": 0, "tot_waypoints": 9}}
{"target": -1088.4386128700398, "params": {"k_pid_pos": [1.5256824589778202, 0.5988554736273164, 0.2755644571499887], "k_pid_alt": [0.29331456476515805, 0.853279160783229, 0.06854096544450616], "k_pid_att": [65.50257497527264, 9.915228003401042, 0.7270235527865793], "k_pid_yaw": [0.5, 1e-06, 0.1], "k_pid_hsp": [3.95039488604067, 0.03882436656684185, 0.45632553205130444], "k_pid_vsp": [30.911604648006865, 18.18216493005648, 227.25873202332062]}, "datetime": {"datetime": "2025-08-20 14:15:17", "elapsed": 8571.592178583145, "delta": 28.23007893562317}, "costs": {"total_cost": 1088.4386128700398, "time_cost": 150, "final_distance_cost": 43.75813557448694, "oscillation_cost": 231.37319602467292, "completition_cost": 555.5555555555555, "overshoot_cost": 63.782163513258155, "power_cost": 23.042212707519532, "noise_cost": 20.92734949454672, "n_waypoints_completed": 4, "tot_waypoints": 9}}
{"target": -691.2479633753283, "params": {"k_pid_pos": [1.8394730173584393, 0.2429002634785311, 0.7184848588432975], "k_pid_alt": [0.16286068106349116, 0.46679041090902096, 0.3990851910298293], "k_pid_att": [47.8190618162997, 8.625922654177044, 0.1478962474786738], "k_pid_yaw": [0.5, 1e-06, 0.1], "k_pid_hsp": [5.174463306203849, 0.43289284217224033, 0.3871428480315714], "k_pid_vsp": [288.93027139631687, 371.9207189534071, 343.65949854228495]}, "datetime": {"datetime": "2025-08-20 14:15:43", "elapsed": 8598.393466711044, "delta": 26.80128812789917}, "costs": {"total_cost": 691.2479633753283, "time_cost": 150, "final_distance_cost": 34.20602412126845, "oscillation_cost": 291.06374626201193, "completition_cost": 111.11111111111116, "overshoot_cost": 70.77188625441067, "power_cost": 19.295516333007814, "noise_cost": 14.799679293518173, "n_waypoints_completed": 8, "tot_waypoints": 9}}
{"target": -1411.226771243295, "params": {"k_pid_pos": [0.06682711131742941, 0.04850728891634215, 0.6748987749507823], "k_pid_alt": [1.4774807640112217, 0.4090268100811022, 0.859886188589796], "k_pid_att": [5.178391214791301, 0.8305741339016184, 0.030035298096021568], "k_pid_yaw": [0.5, 1e-06, 0.1], "k_pid_hsp": [8.445211286292599, 0.9550054471803188, 0.8381329729114865], "k_pid_vsp": [143.176435690797, 10.792914439044804, 64.48637924472006]}, "datetime": {"datetime": "2025-08-20 14:16:09", "elapsed": 8623.561849594116, "delta": 25.1683828830719}, "costs": {"total_cost": 1411.226771243295, "time_cost": 150, "final_distance_cost": 81.30991260127274, "oscillation_cost": 297.91560578224073, "completition_cost": 777.7777777777778, "overshoot_cost": 61.10564714507141, "power_cost": 25.273487829589843, "noise_cost": 17.844340107342617, "n_waypoints_completed": 2, "tot_waypoints": 9}}
{"target": -615.8377035530898, "params": {"k_pid_pos": [1.3560501704862589, 0.8960102882420863, 0.7530973905214534], "k_pid_alt": [1.939548667330287, 0.9255840237374479, 0.37994696545350126], "k_pid_att": [36.18700644005681, 5.573741068626213, 0.06181748252140751], "k_pid_yaw": [0.5, 1e-06, 0.1], "k_pid_hsp": [9.060162089386722, 0.23975864019122495, 0.24367383594662861], "k_pid_vsp": [99.13694212632143, 79.62933051306692, 68.57345814417857]}, "datetime": {"datetime": "2025-08-20 14:16:36", "elapsed": 8651.136644363403, "delta": 27.57479476928711}, "costs": {"total_cost": 615.8377035530898, "time_cost": 150, "final_distance_cost": 7.45265572252873, "oscillation_cost": 252.9738620002513, "completition_cost": 111.11111111111116, "overshoot_cost": 58.71285825390814, "power_cost": 19.911641931152346, "noise_cost": 15.675574534138146, "n_waypoints_completed": 8, "tot_waypoints": 9}}
{"target": -956.9505193657625, "params": {"k_pid_pos": [0.8426062960313636, 0.3088445930696364, 0.4343192884990662], "k_pid_alt": [0.48666802656573704, 0.31642388807812094, 0.5768531405533437], "k_pid_att": [7.05226649059828, 9.626256193616516, 0.720994908315199], "k_pid_yaw": [0.5, 1e-06, 0.1], "k_pid_hsp": [6.145539473114517, 0.9141455744893563, 0.7975464919193415], "k_pid_vsp": [116.50857726772621, 229.30394930219055, 144.6833808839823]}, "datetime": {"datetime": "2025-08-20 14:17:05", "elapsed": 8679.820733070374, "delta": 28.684088706970215}, "costs": {"total_cost": 956.9505193657625, "time_cost": 150, "final_distance_cost": 51.36100923487057, "oscillation_cost": 224.1438820244345, "completition_cost": 444.4444444444444, "overshoot_cost": 51.15771427789781, "power_cost": 20.071285998535156, "noise_cost": 15.772183385580025, "n_waypoints_completed": 5, "tot_waypoints": 9}}
{"target": -1081.1928018213055, "params": {"k_pid_pos": [0.5181731210363301, 0.5852849996059831, 0.8057532104774252], "k_pid_alt": [0.435795646411693, 0.024556758730246542, 0.8470363283271704], "k_pid_att": [54.533265203101955, 5.174948224643014, 0.38107114567857125], "k_pid_yaw": [0.5, 1e-06, 0.1], "k_pid_hsp": [2.1846006252842747, 0.3848073045217557, 0.6457440758279702], "k_pid_vsp": [129.03555758183688, 224.93062846097212, 292.25442803149747]}, "datetime": {"datetime": "2025-08-20 14:17:31", "elapsed": 8705.532242059708, "delta": 25.711508989334106}, "costs": {"total_cost": 1081.1928018213055, "time_cost": 150, "final_distance_cost": 51.10104021920687, "oscillation_cost": 223.8716224974336, "completition_cost": 555.5555555555555, "overshoot_cost": 62.772048969273484, "power_cost": 21.132860876464846, "noise_cost": 16.759673703371124, "n_waypoints_completed": 4, "tot_waypoints": 9}}
{"target": -769.138483501394, "params": {"k_pid_pos": [0.9804055430751917, 0.9591690567401473, 0.9186592118488456], "k_pid_alt": [1.1990274207282046, 0.4982755895320702, 0.5482382756292281], "k_pid_att": [82.99963433487319, 8.179389525843462, 0.2533679542649614], "k_pid_yaw": [0.5, 1e-06, 0.1], "k_pid_hsp": [4.505960556013203, 0.3631659914367674, 0.5537964779405887], "k_pid_vsp": [273.9416374723172, 306.8022073648302, 44.51912099431119]}, "datetime": {"datetime": "2025-08-20 14:17:56", "elapsed": 8731.081409215927, "delta": 25.549167156219482}, "costs": {"total_cost": 769.138483501394, "time_cost": 150, "final_distance_cost": 70.21369439187289, "oscillation_cost": 236.49458048253268, "completition_cost": 222.2222222222222, "overshoot_cost": 50.67822193329103, "power_cost": 22.538162243652344, "noise_cost": 16.991602227822924, "n_waypoints_completed": 7, "tot_waypoints": 9}}
{"target": -1163.8100301105821, "params": {"k_pid_pos": [0.05706141439226762, 0.6336314228380571, 0.40601261026748847], "k_pid_alt": [0.5665803790710013, 0.13256185813662114, 0.8238100146019666], "k_pid_att": [65.8991828761234, 7.513552233831327, 0.9349793668399141], "k_pid_yaw": [0.5, 1e-06, 0.1], "k_pid_hsp": [4.8716454837479946, 0.49144372073746356, 0.7384079188117412], "k_pid_vsp": [118.77360071013597, 314.45293414873953, 194.39999132052031]}, "datetime": {"datetime": "2025-08-20 14:18:22", "elapsed": 8756.757640361786, "delta": 25.676231145858765}, "costs": {"total_cost": 1163.8100301105821, "time_cost": 150, "final_distance_cost": 56.192824224970174, "oscillation_cost": 200.88976077978265, "completition_cost": 666.6666666666667, "overshoot_cost": 53.68763146038657, "power_cost": 20.430293981933595, "noise_cost": 15.942852996842392, "n_waypoints_completed": 3, "tot_waypoints": 9}}
{"target": -366.890083771392, "params": {"k_pid_pos": [1.476079552430476, 0.0912648229053461, 0.10801126432590025], "k_pid_alt": [0.9529922166747016, 0.49258888751522945, 0.44030672772480484], "k_pid_att": [53.856933486878155, 7.040292399092051, 0.5821207666274865], "k_pid_yaw": [0.5, 1e-06, 0.1], "k_pid_hsp": [7.876712918133014, 0.34270798936847247, 0.06779208823362626], "k_pid_vsp": [63.55290080217348, 186.50616113854824, 96.6050382536718]}, "datetime": {"datetime": "2025-08-20 14:18:46", "elapsed": 8780.519582748413, "delta": 23.761942386627197}, "costs": {"total_cost": 366.890083771392, "time_cost": 93.04, "final_distance_cost": 1.7708827162773, "oscillation_cost": 174.61665506782245, "completition_cost": 0.0, "overshoot_cost": 58.22162687845815, "power_cost": 22.14441151123047, "noise_cost": 17.09650759760363, "n_waypoints_completed": 9, "tot_waypoints": 9}}
{"target": -1530.4391549739294, "params": {"k_pid_pos": [0.6104320526639584, 0.6792147442002493, 0.3885093327135096], "k_pid_alt": [0.8572541408331833, 0.3063868338739536, 0.2525505970387151], "k_pid_att": [44.18814554435914, 0.28410921596557837, 0.19021608056564643], "k_pid_yaw": [0.5, 1e-06, 0.1], "k_pid_hsp": [7.540598557899367, 0.6372906205906534, 0.42608910261101507], "k_pid_vsp": [25.650861719513742, 259.9906651197221, 350.05740655900865]}, "datetime": {"datetime": "2025-08-20 14:19:13", "elapsed": 8808.035207033157, "delta": 27.515624284744263}, "costs": {"total_cost": 1530.4391549739294, "time_cost": 150, "final_distance_cost": 64.4583322337665, "oscillation_cost": 329.3515450440727, "completition_cost": 888.8888888888888, "overshoot_cost": 61.69374062311743, "power_cost": 19.597905114746094, "noise_cost": 16.448743069337862, "n_waypoints_completed": 1, "tot_waypoints": 9}}
{"target": -1339.2607933580134, "params": {"k_pid_pos": [1.4337470970158492, 0.11705102888444496, 0.17006778943097067], "k_pid_alt": [1.968950107262033, 0.4987264874810491, 0.9741508668225292], "k_pid_att": [63.92213543513606, 7.29604903109035, 0.02863876852715108], "k_pid_yaw": [0.5, 1e-06, 0.1], "k_pid_hsp": [5.132474712987196, 0.6748953939488413, 0.15205185961059497], "k_pid_vsp": [6.316033853038983, 121.5321189826522, 387.68779366042645]}, "datetime": {"datetime": "2025-08-20 14:19:42", "elapsed": 8836.619480609894, "delta": 28.58427357673645}, "costs": {"total_cost": 1339.2607933580134, "time_cost": 150, "final_distance_cost": 59.13917358929586, "oscillation_cost": 326.3054502414117, "completition_cost": 666.6666666666667, "overshoot_cost": 95.0416768413855, "power_cost": 22.844120092773437, "noise_cost": 19.263705926480327, "n_waypoints_completed": 3, "tot_waypoints": 9}}
{"target": -1408.1814894518743, "params": {"k_pid_pos": [0.10989557359614005, 0.029810627912579823, 0.9767965803261208], "k_pid_alt": [0.2507811304080836, 0.13342602059210062, 0.026786782393564024], "k_pid_att": [14.066144280021241, 8.111068994696534, 0.5240043515294256], "k_pid_yaw": [0.5, 1e-06, 0.1], "k_pid_hsp": [3.3934088395906996, 0.2568593713903553, 0.43707987048628805], "k_pid_vsp": [271.9987050831636, 43.62932478590314, 303.4613758291001]}, "datetime": {"datetime": "2025-08-20 14:20:08", "elapsed": 8862.874076366425, "delta": 26.25459575653076}, "costs": {"total_cost": 1408.1814894518743, "time_cost": 150, "final_distance_cost": 78.38365637863049, "oscillation_cost": 297.2375559778048, "completition_cost": 777.7777777777778, "overshoot_cost": 68.70530753363322, "power_cost": 19.929533715820313, "noise_cost": 16.14765806820758, "n_waypoints_completed": 2, "tot_waypoints": 9}}
{"target": -1249.5098580694703, "params": {"k_pid_pos": [0.5902699144958075, 0.18344796106386552, 0.8967586487895672], "k_pid_alt": [0.4783314393053133, 0.26460928961808794, 0.4916290220323525], "k_pid_att": [7.3158032232361165, 0.06970379477076195, 0.6116632468487173], "k_pid_yaw": [0.5, 1e-06, 0.1], "k_pid_hsp": [5.488924145128407, 0.3647177596930685, 0.7463305603554873], "k_pid_vsp": [14.575421197600757, 251.97700049981805, 340.2081368173685]}, "datetime": {"datetime": "2025-08-20 14:20:33", "elapsed": 8887.813621044159, "delta": 24.939544677734375}, "costs": {"total_cost": 1249.5098580694703, "time_cost": 150, "final_distance_cost": 76.92022701395675, "oscillation_cost": 205.1253694354925, "completition_cost": 666.6666666666667, "overshoot_cost": 104.68527234441, "power_cost": 26.577149926757812, "noise_cost": 19.535172682186634, "n_waypoints_completed": 3, "tot_waypoints": 9}}
{"target": -825.5161012237124, "params": {"k_pid_pos": [0.2885570193890596, 0.6199012530508459, 0.45468898298095484], "k_pid_alt": [0.967697715391328, 0.6348512262800985, 0.3805973617426708], "k_pid_att": [87.48089102460162, 7.6448121214971545, 0.6630852838555975], "k_pid_yaw": [0.5, 1e-06, 0.1], "k_pid_hsp": [1.6163332973479752, 0.3526038145420255, 0.2999551059516642], "k_pid_vsp": [251.06515198010712, 248.71929687697164, 6.216994196735983]}, "datetime": {"datetime": "2025-08-20 14:20:57", "elapsed": 8912.509489774704, "delta": 24.695868730545044}, "costs": {"total_cost": 825.5161012237124, "time_cost": 150, "final_distance_cost": 66.05943058666445, "oscillation_cost": 190.03949421466714, "completition_cost": 333.33333333333337, "overshoot_cost": 47.10484725213843, "power_cost": 21.04169753417969, "noise_cost": 17.937298302729385, "n_waypoints_completed": 6, "tot_waypoints": 9}}
{"target": -1643.681323765538, "params": {"k_pid_pos": [1.965833396850845, 0.7166077253932874, 0.21456936351090594], "k_pid_alt": [0.9145774932570856, 0.7157161610460522, 0.8459291051207857], "k_pid_att": [21.77699992410762, 2.9624898372852546, 0.12786047991733762], "k_pid_yaw": [0.5, 1e-06, 0.1], "k_pid_hsp": [6.452525989637415, 0.5530312759153194, 0.5342501568637937], "k_pid_vsp": [139.64800972340524, 1.0018873404017614, 176.459495870597]}, "datetime": {"datetime": "2025-08-20 14:21:24", "elapsed": 8939.477948904037, "delta": 26.968459129333496}, "costs": {"total_cost": 1643.681323765538, "time_cost": 150, "final_distance_cost": 73.13421944086564, "oscillation_cost": 417.4487181917587, "completition_cost": 888.8888888888888, "overshoot_cost": 70.82190139555546, "power_cost": 21.839430505371094, "noise_cost": 21.54816534309816, "n_waypoints_completed": 1, "tot_waypoints": 9}}
{"target": -1014.776864850075, "params": {"k_pid_pos": [0.2984463127413967, 0.4292857691715928, 0.6514447793780171], "k_pid_alt": [1.5393190681703666, 0.7702711610114642, 0.9108125597435751], "k_pid_att": [22.34959912079524, 8.018154740341695, 0.8169251594988353], "k_pid_yaw": [0.5, 1e-06, 0.1], "k_pid_hsp": [7.402078730390665, 0.5483369246905001, 0.02271915207514863], "k_pid_vsp": [121.45135924477665, 207.12574949955186, 167.34837974452932]}, "datetime": {"datetime": "2025-08-20 14:21:48", "elapsed": 8962.862426042557, "delta": 23.384477138519287}, "costs": {"total_cost": 1014.776864850075, "time_cost": 150, "final_distance_cost": 56.898563879999124, "oscillation_cost": 48.09226656957141, "completition_cost": 666.6666666666667, "overshoot_cost": 58.76602352456561, "power_cost": 19.335557385253907, "noise_cost": 15.01778682401825, "n_waypoints_completed": 3, "tot_waypoints": 9}}
{"target": -848.8001339467967, "params": {"k_pid_pos": [1.6630287395135535, 0.8991611813304882, 0.49082055207017894], "k_pid_alt": [0.4581530010313368, 0.526653931095903, 0.46046560778757506], "k_pid_att": [38.5772636405822, 2.8090668551627767, 0.5445839555676623], "k_pid_yaw": [0.5, 1e-06, 0.1], "k_pid_hsp": [9.367017721966898, 0.4998437336104844, 0.8799997147579833], "k_pid_vsp": [392.18112791218755, 371.3649509046715, 265.49647779496877]}, "datetime": {"datetime": "2025-08-20 14:22:11", "elapsed": 8986.313353538513, "delta": 23.45092749595642}, "costs": {"total_cost": 848.8001339467967, "time_cost": 150, "final_distance_cost": 67.08936200254573, "oscillation_cost": 199.3562386437795, "completition_cost": 333.33333333333337, "overshoot_cost": 55.84212355631849, "power_cost": 24.672589892578127, "noise_cost": 18.506486518241495, "n_waypoints_completed": 6, "tot_waypoints": 9}}
{"target": -1338.9872815604665, "params": {"k_pid_pos": [0.6996460083140964, 0.2717338835670333, 0.8239098503864367], "k_pid_alt": [1.6185962656556634, 0.23386085549396185, 0.2510810136832703], "k_pid_att": [73.21095988868488, 8.765036756461768, 0.014767101000232263], "k_pid_yaw": [0.5, 1e-06, 0.1], "k_pid_hsp": [4.398824729561962, 0.9500782733236247, 0.8261605992464116], "k_pid_vsp": [43.02510972841147, 352.27389604555054, 246.73467007754132]}, "datetime": {"datetime": "2025-08-20 14:22:35", "elapsed": 9010.331094264984, "delta": 24.017740726470947}, "costs": {"total_cost": 1338.9872815604665, "time_cost": 150, "final_distance_cost": 54.7160821714344, "oscillation_cost": 382.6093798879115, "completition_cost": 666.6666666666667, "overshoot_cost": 45.75171293748023, "power_cost": 21.875751013183596, "noise_cost": 17.36768888378994, "n_waypoints_completed": 3, "tot_waypoints": 9}}
{"target": -592.8313849284791, "params": {"k_pid_pos": [0.44246752521457544, 0.43826538170341545, 0.23444766481466306], "k_pid_alt": [1.684176771463652, 0.6366370141470411, 0.5125728303413946], "k_pid_att": [23.256550353810113, 6.545987346894032, 0.9640292205099136], "k_pid_yaw": [0.5, 1e-06, 0.1], "k_pid_hsp": [8.999045296467523, 0.5114189413129776, 0.4136943570535283], "k_pid_vsp": [200.7117097797224, 352.3678438011465, 40.670586992213735]}, "datetime": {"datetime": "2025-08-20 14:23:01", "elapsed": 9035.699541330338, "delta": 25.368447065353394}, "costs": {"total_cost": 592.8313849284791, "time_cost": 150, "final_distance_cost": 27.47088344486243, "oscillation_cost": 215.06748648557928, "completition_cost": 111.11111111111116, "overshoot_cost": 54.84873469978332, "power_cost": 19.592421875, "noise_cost": 14.740747312142949, "n_waypoints_completed": 8, "tot_waypoints": 9}}
{"target": -834.0563011513752, "params": {"k_pid_pos": [1.5012898287785452, 0.3580313807259635, 0.8195753293977107], "k_pid_alt": [0.5554607052306368, 0.27131450571530746, 0.9161076603357489], "k_pid_att": [82.75889316106347, 8.463640140305353, 0.9440519932772385], "k_pid_yaw": [0.5, 1e-06, 0.1], "k_pid_hsp": [8.72544788157246, 0.5984810082889843, 0.8027215954005947], "k_pid_vsp": [203.01739752315285, 280.49952522948087, 138.08302175219458]}, "datetime": {"datetime": "2025-08-20 14:23:26", "elapsed": 9060.86710190773, "delta": 25.167560577392578}, "costs": {"total_cost": 834.0563011513752, "time_cost": 150, "final_distance_cost": 72.90446682882231, "oscillation_cost": 306.2258158037962, "completition_cost": 222.2222222222222, "overshoot_cost": 45.94309256544644, "power_cost": 21.114957153320315, "noise_cost": 15.64574657776779, "n_waypoints_completed": 7, "tot_waypoints": 9}}
{"target": -1005.1594228116994, "params": {"k_pid_pos": [1.2258434104201892, 0.2204899797039751, 0.528293544271655], "k_pid_alt": [0.6964372704029593, 0.4330441971782719, 0.13836206655044236], "k_pid_att": [43.83142877098163, 0.03705743499577485, 0.8069553005481258], "k_pid_yaw": [0.5, 1e-06, 0.1], "k_pid_hsp": [9.529749242773583, 0.3411155887934433, 0.5601190516120698], "k_pid_vsp": [67.30796311882953, 399.2067941343212, 399.6313770339863]}, "datetime": {"datetime": "2025-08-20 14:23:51", "elapsed": 9085.532693624496, "delta": 24.665591716766357}, "costs": {"total_cost": 1005.1594228116994, "time_cost": 150, "final_distance_cost": 58.60502676057643, "oscillation_cost": 254.26229928209182, "completition_cost": 444.4444444444444, "overshoot_cost": 61.541295261171165, "power_cost": 18.42939431152344, "noise_cost": 17.876962751892187, "n_waypoints_completed": 5, "tot_waypoints": 9}}
{"target": -1349.9698051630053, "params": {"k_pid_pos": [1.7917234081413769, 0.6742674083714616, 0.5348527086626339], "k_pid_alt": [0.20766307832152697, 0.8465888416328826, 0.3920800517548808], "k_pid_att": [65.70256756480431, 7.701956887722706, 0.2786392900771155], "k_pid_yaw": [0.5, 1e-06, 0.1], "k_pid_hsp": [3.8796681233213612, 0.4191239596352815, 0.6303664010031826], "k_pid_vsp": [282.2477350418265, 121.78749890595675, 189.44757656734996]}, "datetime": {"datetime": "2025-08-20 14:24:18", "elapsed": 9112.786441326141, "delta": 27.253747701644897}, "costs": {"total_cost": 1349.9698051630053, "time_cost": 150, "final_distance_cost": 90.27270249519121, "oscillation_cost": 246.67865758333005, "completition_cost": 777.7777777777778, "overshoot_cost": 46.57558842360598, "power_cost": 22.378130383300782, "noise_cost": 16.28694849979946, "n_waypoints_completed": 2, "tot_waypoints": 9}}
