{"target": -1484.2535897503426, "params": {"k_pid_pos": [1.108750471105898, 0.9592299502086825, 0.3816580698693317], "k_pid_alt": [1.7469175738907947, 0.8130127307854331, 0.3059216760421337], "k_pid_att": [74.0307946944836, 7.780471049810482, 0.6931376594149141], "k_pid_yaw": [0.5, 1e-06, 0.1], "k_pid_hsp": [6.552860284720438, 0.7201076183361208, 0.5818085086824072], "k_pid_vsp": [124.39611088565066, 24.035852215651545, 380.97617757088386]}, "datetime": {"datetime": "2025-08-20 18:04:33", "elapsed": 22327.990975379944, "delta": 25.662951707839966}, "costs": {"total_cost": 1484.2535897503426, "time_cost": 150, "final_distance_cost": 79.01176608143587, "oscillation_cost": 254.1856782181838, "completition_cost": 888.8888888888888, "overshoot_cost": 66.12574965941818, "power_cost": 23.712475061035157, "noise_cost": 22.329031841380925, "n_waypoints_completed": 1, "tot_waypoints": 9}}
{"target": -1138.670422644372, "params": {"k_pid_pos": [0.24935227542940291, 0.9682726515714579, 0.5299106921879835], "k_pid_alt": [1.9801582826311739, 0.20509316772027641, 0.9261048420161808], "k_pid_att": [32.294898094552806, 9.334226699437401, 0.5243088015949207], "k_pid_yaw": [0.5, 1e-06, 0.1], "k_pid_hsp": [1.74697605729189, 0.9037766792540202, 0.8608982302432545], "k_pid_vsp": [117.07914513938995, 143.91985123259354, 163.288862727865]}, "datetime": {"datetime": "2025-08-20 18:04:59", "elapsed": 22353.682711839676, "delta": 25.691736459732056}, "costs": {"total_cost": 1138.670422644372, "time_cost": 150, "final_distance_cost": 49.15196702020756, "oscillation_cost": 162.41676596670908, "completition_cost": 666.6666666666667, "overshoot_cost": 73.02884437839182, "power_cost": 21.41504276123047, "noise_cost": 15.991135851165991, "n_waypoints_completed": 3, "tot_waypoints": 9}}
{"target": -1318.7185550867287, "params": {"k_pid_pos": [0.1913957072593572, 0.691042511263154, 0.4136929142049307], "k_pid_alt": [1.9224810009988036, 0.10913851034637156, 0.4545737947601277], "k_pid_att": [90.44049043138547, 0.3718352667107104, 0.12955185963797577], "k_pid_yaw": [0.5, 1e-06, 0.1], "k_pid_hsp": [1.2730188232587778, 0.33080744191434386, 0.7526946525506272], "k_pid_vsp": [247.92693809450958, 61.4246918781337, 234.31642346629565]}, "datetime": {"datetime": "2025-08-20 18:05:24", "elapsed": 22378.583501815796, "delta": 24.900789976119995}, "costs": {"total_cost": 1318.7185550867287, "time_cost": 150, "final_distance_cost": 63.76329219988117, "oscillation_cost": 339.1725395216284, "completition_cost": 666.6666666666667, "overshoot_cost": 60.0736448425719, "power_cost": 22.039402587890628, "noise_cost": 17.003009268089993, "n_waypoints_completed": 3, "tot_waypoints": 9}}
{"target": -1099.811962190763, "params": {"k_pid_pos": [0.31912468753564754, 0.8649627407851319, 0.611861637846065], "k_pid_alt": [1.259793774684674, 0.8298039407577603, 0.6760189273668582], "k_pid_att": [40.86240724685104, 7.173788859366244, 0.1764362345365128], "k_pid_yaw": [0.5, 1e-06, 0.1], "k_pid_hsp": [5.166425351095331, 0.9179510880486765, 0.14129902304280195], "k_pid_vsp": [322.02810388371745, 124.3408235479567, 309.87774454825893]}, "datetime": {"datetime": "2025-08-20 18:05:49", "elapsed": 22403.805352449417, "delta": 25.221850633621216}, "costs": {"total_cost": 1099.811962190763, "time_cost": 150, "final_distance_cost": 52.71537691795179, "oscillation_cost": 245.265176592116, "completition_cost": 555.5555555555555, "overshoot_cost": 56.43773392092083, "power_cost": 22.37307712402344, "noise_cost": 17.465042080195335, "n_waypoints_completed": 4, "tot_waypoints": 9}}
{"target": -1031.9555471864178, "params": {"k_pid_pos": [1.4934806100852989, 0.843056873300369, 0.6543525930862393], "k_pid_alt": [0.12175879397613665, 0.31088851277099094, 0.08249546625882354], "k_pid_att": [71.30280817222506, 8.888811269694484, 0.6023421550499622], "k_pid_yaw": [0.5, 1e-06, 0.1], "k_pid_hsp": [3.5457608419001465, 0.3750908416665606, 0.5896714898856029], "k_pid_vsp": [59.453501218546556, 355.18477571297524, 61.95849278513008]}, "datetime": {"datetime": "2025-08-20 18:06:14", "elapsed": 22429.36323451996, "delta": 25.557882070541382}, "costs": {"total_cost": 1031.9555471864178, "time_cost": 150, "final_distance_cost": 50.19001256355273, "oscillation_cost": 179.03846278199256, "completition_cost": 555.5555555555555, "overshoot_cost": 55.478267988150876, "power_cost": 23.22323046875, "noise_cost": 18.470017828416154, "n_waypoints_completed": 4, "tot_waypoints": 9}}
{"target": -1368.3898749529308, "params": {"k_pid_pos": [0.04935009266719357, 0.5745490797664052, 0.03205717859262025], "k_pid_alt": [1.957281648724361, 0.8148425043618119, 0.7938149368952752], "k_pid_att": [5.2180066918155905, 7.581473621540559, 0.9966770451405421], "k_pid_yaw": [0.5, 1e-06, 0.1], "k_pid_hsp": [2.8169248472205783, 0.3100089350101921, 0.4483663263297686], "k_pid_vsp": [25.451424703698812, 265.4550039610881, 269.7435833461663]}, "datetime": {"datetime": "2025-08-20 18:06:42", "elapsed": 22457.36774778366, "delta": 28.004513263702393}, "costs": {"total_cost": 1368.3898749529308, "time_cost": 150, "final_distance_cost": 47.43955450503612, "oscillation_cost": 95.88798147621398, "completition_cost": 1000.0, "overshoot_cost": 35.59996157290042, "power_cost": 22.485282299804688, "noise_cost": 16.977095098975518, "n_waypoints_completed": 0, "tot_waypoints": 9}}
{"target": -1489.7910236244, "params": {"k_pid_pos": [0.4271312242519568, 0.9372078693061905, 0.8309656527400024], "k_pid_alt": [1.3893206189327427, 0.6571331131935878, 0.8636349835154782], "k_pid_att": [11.183520255032741, 2.526607530925923, 0.9186851739388298], "k_pid_yaw": [0.5, 1e-06, 0.1], "k_pid_hsp": [3.659155045639093, 0.0478012458627366, 0.4946492612833633], "k_pid_vsp": [122.96865648024541, 59.732925131602926, 338.8157492371232]}, "datetime": {"datetime": "2025-08-20 18:07:08", "elapsed": 22483.178679943085, "delta": 25.810932159423828}, "costs": {"total_cost": 1489.7910236244, "time_cost": 150, "final_distance_cost": 6.9933904263761555, "oscillation_cost": 122.69763662483125, "completition_cost": 1000.0, "overshoot_cost": 135.61881735763276, "power_cost": 18.690220275878907, "noise_cost": 55.79095893968107, "n_waypoints_completed": 0, "tot_waypoints": 9}}
{"target": -605.8615169960397, "params": {"k_pid_pos": [1.871027111772831, 0.11508789608530534, 0.22665800188856566], "k_pid_alt": [0.8648699860842393, 0.5314487320631498, 0.5250812951415379], "k_pid_att": [2.804173774163299, 4.808725677769828, 0.47200329389984885], "k_pid_yaw": [0.5, 1e-06, 0.1], "k_pid_hsp": [1.4997022505332986, 0.7480916169744817, 0.3135539847496175], "k_pid_vsp": [104.24429717480463, 310.0585878069528, 101.11567672914362]}, "datetime": {"datetime": "2025-08-20 18:07:34", "elapsed": 22508.712007045746, "delta": 25.533327102661133}, "costs": {"total_cost": 605.8615169960397, "time_cost": 150, "final_distance_cost": 45.630835502636614, "oscillation_cost": 183.78933304785076, "completition_cost": 111.11111111111116, "overshoot_cost": 78.09018388888606, "power_cost": 20.86128074951172, "noise_cost": 16.378772696043328, "n_waypoints_completed": 8, "tot_waypoints": 9}}
{"target": -1529.5563732100015, "params": {"k_pid_pos": [1.0161221774283635, 0.7163736549854252, 0.3203900219732121], "k_pid_alt": [1.5640003023192732, 0.2138570644093063, 0.37073865939435513], "k_pid_att": [41.41780287955319, 7.051474085702179, 0.7242518660535211], "k_pid_yaw": [0.5, 1e-06, 0.1], "k_pid_hsp": [0.021012581165620617, 0.27847347068094197, 0.7481981134707606], "k_pid_vsp": [61.967787425894905, 345.08759306629634, 136.6408801212821]}, "datetime": {"datetime": "2025-08-20 18:07:59", "elapsed": 22534.396647691727, "delta": 25.684640645980835}, "costs": {"total_cost": 1529.5563732100015, "time_cost": 150, "final_distance_cost": 104.01585884747823, "oscillation_cost": 396.2642890758819, "completition_cost": 777.7777777777778, "overshoot_cost": 64.4202151500003, "power_cost": 21.057955639648437, "noise_cost": 16.02027671921471, "n_waypoints_completed": 2, "tot_waypoints": 9}}
{"target": -1108.4312175887665, "params": {"k_pid_pos": [1.9493798438225878, 0.9396751248664755, 0.5617514992617011], "k_pid_alt": [1.5602972581821302, 0.32868123379854197, 0.5036333153191085], "k_pid_att": [84.88556717075394, 9.661164977866287, 0.3347330111798329], "k_pid_yaw": [0.5, 1e-06, 0.1], "k_pid_hsp": [3.246044859582656, 0.9957310396771011, 0.09769872229225363], "k_pid_vsp": [160.84474014755435, 82.13164450416677, 362.09634343764594]}, "datetime": {"datetime": "2025-08-20 18:08:24", "elapsed": 22559.35120010376, "delta": 24.95455241203308}, "costs": {"total_cost": 1108.4312175887665, "time_cost": 150, "final_distance_cost": 52.750252034038056, "oscillation_cost": 227.78418206402537, "completition_cost": 555.5555555555555, "overshoot_cost": 73.30677652787016, "power_cost": 22.494908703613284, "noise_cost": 26.539542703664257, "n_waypoints_completed": 4, "tot_waypoints": 9}}
{"target": -1781.8516343226986, "params": {"k_pid_pos": [1.2651494234441887, 0.03754213616635271, 0.053288625389203315], "k_pid_alt": [0.2779705543817821, 0.38072445278863276, 0.1789672061125266], "k_pid_att": [23.07155957013125, 2.329743624408434, 0.8648147328348454], "k_pid_yaw": [0.5, 1e-06, 0.1], "k_pid_hsp": [0.7366423040634736, 0.3838354505518683, 0.8623813942779616], "k_pid_vsp": [67.97423328392642, 21.3359772730888, 286.45476314213516]}, "datetime": {"datetime": "2025-08-20 18:08:50", "elapsed": 22584.709750652313, "delta": 25.358550548553467}, "costs": {"total_cost": 1781.8516343226986, "time_cost": 150, "final_distance_cost": 2.463263456450623, "oscillation_cost": 397.4131326275032, "completition_cost": 1000.0, "overshoot_cost": 136.29098570671292, "power_cost": 23.74385391845703, "noise_cost": 71.94039861357491, "n_waypoints_completed": 0, "tot_waypoints": 9}}
{"target": -1334.1316166122435, "params": {"k_pid_pos": [1.6477381267523827, 0.9550402402220218, 0.6267712905625136], "k_pid_alt": [0.7712946692509361, 0.5639408422185255, 0.8876233349083559], "k_pid_att": [48.10500597510694, 7.594803067369925, 0.07930227448830884], "k_pid_yaw": [0.5, 1e-06, 0.1], "k_pid_hsp": [1.2740673544117522, 0.1832146589867658, 0.6464625983596223], "k_pid_vsp": [268.1594375007288, 124.27223089833703, 320.47854572171434]}, "datetime": {"datetime": "2025-08-20 18:09:18", "elapsed": 22613.40180182457, "delta": 28.69205117225647}, "costs": {"total_cost": 1334.1316166122435, "time_cost": 150, "final_distance_cost": 91.71419761879247, "oscillation_cost": 218.86012176259334, "completition_cost": 777.7777777777778, "overshoot_cost": 54.2153576300639, "power_cost": 24.07092979736328, "noise_cost": 17.493232025652755, "n_waypoints_completed": 2, "tot_waypoints": 9}}
{"target": -1051.293523446112, "params": {"k_pid_pos": [0.33616953457169324, 0.10299478253938887, 0.5301649221219346], "k_pid_alt": [1.0993487779883135, 0.11126334825953654, 0.7389793142696537], "k_pid_att": [54.63017642233942, 1.9965704113707707, 0.9650825573156432], "k_pid_yaw": [0.5, 1e-06, 0.1], "k_pid_hsp": [1.1565990757696862, 0.31298232124657854, 0.34839458387319655], "k_pid_vsp": [4.810571588241075, 356.3721408239813, 150.590270912475]}, "datetime": {"datetime": "2025-08-20 18:09:44", "elapsed": 22638.729743480682, "delta": 25.32794165611267}, "costs": {"total_cost": 1051.293523446112, "time_cost": 150, "final_distance_cost": 47.45365038838456, "oscillation_cost": 323.9383603225023, "completition_cost": 444.4444444444444, "overshoot_cost": 46.51295468989431, "power_cost": 22.208902661132814, "noise_cost": 16.735210939753376, "n_waypoints_completed": 5, "tot_waypoints": 9}}
{"target": -393.6014323319366, "params": {"k_pid_pos": [1.713256571414392, 0.6172725105757054, 0.4293434720164938], "k_pid_alt": [1.9643060777985002, 0.6351251351389463, 0.10468164286465875], "k_pid_att": [49.96138990058009, 9.978654795219807, 0.0783322429989931], "k_pid_yaw": [0.5, 1e-06, 0.1], "k_pid_hsp": [3.546126001384314, 0.614366143138969, 0.1732977673715963], "k_pid_vsp": [193.1774652273754, 303.36677222165196, 96.73702808746224]}, "datetime": {"datetime": "2025-08-20 18:10:08", "elapsed": 22662.589690685272, "delta": 23.859947204589844}, "costs": {"total_cost": 393.6014323319366, "time_cost": 94.176, "final_distance_cost": 1.7349906522304739, "oscillation_cost": 207.2724468743344, "completition_cost": 0.0, "overshoot_cost": 55.18298640990756, "power_cost": 20.035070568847658, "noise_cost": 15.199937826616543, "n_waypoints_completed": 9, "tot_waypoints": 9}}
{"target": -836.68203675658, "params": {"k_pid_pos": [1.0907249672082986, 0.3678236227099162, 0.5542877773097679], "k_pid_alt": [0.7422958302540403, 0.5936670117949557, 0.5825450502731795], "k_pid_att": [21.282828479569705, 0.5062341289518317, 0.9475020885360911], "k_pid_yaw": [0.5, 1e-06, 0.1], "k_pid_hsp": [8.967311560726234, 0.05450588553342994, 0.662404379994292], "k_pid_vsp": [190.48490804295852, 10.355373617107654, 90.6203478306744]}, "datetime": {"datetime": "2025-08-20 18:10:33", "elapsed": 22688.267810583115, "delta": 25.678119897842407}, "costs": {"total_cost": 836.68203675658, "time_cost": 150, "final_distance_cost": 72.17865907056755, "oscillation_cost": 306.55611658242066, "completition_cost": 222.2222222222222, "overshoot_cost": 53.19676646973981, "power_cost": 18.07707999267578, "noise_cost": 14.451192418954081, "n_waypoints_completed": 7, "tot_waypoints": 9}}
{"target": -1153.0139381596016, "params": {"k_pid_pos": [1.473737845402632, 0.6862736586630623, 0.1759808074971988], "k_pid_alt": [0.4012181167442357, 0.5445534516105116, 0.7397404810567728], "k_pid_att": [1.4249571124439253, 0.17405353641085794, 0.579367749170211], "k_pid_yaw": [0.5, 1e-06, 0.1], "k_pid_hsp": [4.037264686539726, 0.05937119409604408, 0.05340984491132095], "k_pid_vsp": [308.32005643214234, 154.69671578385916, 147.15074860614388]}, "datetime": {"datetime": "2025-08-20 18:10:59", "elapsed": 22714.140553712845, "delta": 25.872743129730225}, "costs": {"total_cost": 1153.0139381596016, "time_cost": 150, "final_distance_cost": 86.94818633690576, "oscillation_cost": 61.75996778203533, "completition_cost": 777.7777777777778, "overshoot_cost": 48.43157481581102, "power_cost": 15.754593408203126, "noise_cost": 12.341838038868426, "n_waypoints_completed": 2, "tot_waypoints": 9}}
{"target": -1703.8990008404057, "params": {"k_pid_pos": [1.8301099548674857, 0.27783830516239305, 0.1350639883013155], "k_pid_alt": [0.5893803050393822, 0.2843547832157902, 0.5738024391385809], "k_pid_att": [17.988279032015587, 4.0171674070522725, 0.8810580095219525], "k_pid_yaw": [0.5, 1e-06, 0.1], "k_pid_hsp": [7.173569598541797, 0.06415876120776054, 0.6960570252972065], "k_pid_vsp": [139.64745565074415, 243.72273117254545, 286.78574103763475]}, "datetime": {"datetime": "2025-08-20 18:11:28", "elapsed": 22742.67771100998, "delta": 28.5371572971344}, "costs": {"total_cost": 1703.8990008404057, "time_cost": 150, "final_distance_cost": 35.171239773189754, "oscillation_cost": 382.1209232770926, "completition_cost": 1000.0, "overshoot_cost": 93.74456451837098, "power_cost": 20.844814270019533, "noise_cost": 22.017459001733044, "n_waypoints_completed": 0, "tot_waypoints": 9}}
{"target": -1541.4447288184376, "params": {"k_pid_pos": [1.9374659566607937, 0.553804647737126, 0.4901774722430692], "k_pid_alt": [0.5445012644757135, 0.4448483839602424, 0.05884773016274958], "k_pid_att": [37.77409308501745, 2.020498780395547, 0.21112954350367186], "k_pid_yaw": [0.5, 1e-06, 0.1], "k_pid_hsp": [6.812859872052961, 0.4737965804553992, 0.06714278521967099], "k_pid_vsp": [14.823951345113207, 19.560421094903298, 205.70425364529925]}, "datetime": {"datetime": "2025-08-20 18:11:53", "elapsed": 22768.15574669838, "delta": 25.47803568840027}, "costs": {"total_cost": 1541.4447288184376, "time_cost": 150, "final_distance_cost": 145.7003032536414, "oscillation_cost": 332.2066477182208, "completition_cost": 777.7777777777778, "overshoot_cost": 93.15641962567271, "power_cost": 21.71629724121094, "noise_cost": 20.887283201913906, "n_waypoints_completed": 2, "tot_waypoints": 9}}
{"target": -898.5667041369443, "params": {"k_pid_pos": [1.4272679329043603, 0.3551428747457951, 0.8042599026787113], "k_pid_alt": [0.7462784774691005, 0.5119278962632362, 0.4272941668633733], "k_pid_att": [39.0338239426047, 3.429159490473919, 0.7568235197699883], "k_pid_yaw": [0.5, 1e-06, 0.1], "k_pid_hsp": [6.523191698521067, 0.41806047792993983, 0.07576458881505688], "k_pid_vsp": [81.36543909603127, 334.91280126405906, 294.52480286230565]}, "datetime": {"datetime": "2025-08-20 18:12:19", "elapsed": 22793.603754520416, "delta": 25.448007822036743}, "costs": {"total_cost": 898.5667041369443, "time_cost": 150, "final_distance_cost": 54.49787216823645, "oscillation_cost": 260.6892737397886, "completition_cost": 333.33333333333337, "overshoot_cost": 56.546318283201764, "power_cost": 23.868200231933596, "noise_cost": 19.63170638045047, "n_waypoints_completed": 6, "tot_waypoints": 9}}
{"target": -1336.2708676219017, "params": {"k_pid_pos": [1.1554516726723438, 0.9119184169009917, 0.9686789204780785], "k_pid_alt": [0.19160187720867716, 0.4714279893354525, 0.8345160344021634], "k_pid_att": [6.77526512825346, 5.543284549560955, 0.4680157688100036], "k_pid_yaw": [0.5, 1e-06, 0.1], "k_pid_hsp": [1.8241117556773512, 0.18183359164940982, 0.5409304879716863], "k_pid_vsp": [201.85243664739568, 319.3227539237576, 295.2529727558458]}, "datetime": {"datetime": "2025-08-20 18:12:44", "elapsed": 22818.712157964706, "delta": 25.10840344429016}, "costs": {"total_cost": 1336.2708676219017, "time_cost": 150, "final_distance_cost": 72.25908438944546, "oscillation_cost": 143.76547164776508, "completition_cost": 888.8888888888888, "overshoot_cost": 43.26720404644341, "power_cost": 22.116950378417968, "noise_cost": 15.973268270941265, "n_waypoints_completed": 1, "tot_waypoints": 9}}
{"target": -382.7618263392828, "params": {"k_pid_pos": [0.5653466331753417, 0.1363771719682395, 0.09676380082262148], "k_pid_alt": [1.3453562912572927, 0.4814265795461713, 0.25459994447178413], "k_pid_att": [37.940510635743784, 1.384787995178373, 0.6022568704547998], "k_pid_yaw": [0.5, 1e-06, 0.1], "k_pid_hsp": [2.2757835650103124, 0.9029075644861841, 0.40811706965374295], "k_pid_vsp": [394.12408325791887, 43.634087966690295, 181.3880143413016]}, "datetime": {"datetime": "2025-08-20 18:13:15", "elapsed": 22849.55814599991, "delta": 30.845988035202026}, "costs": {"total_cost": 382.7618263392828, "time_cost": 95.208, "final_distance_cost": 1.8237730800476015, "oscillation_cost": 197.6714292827787, "completition_cost": 0.0, "overshoot_cost": 57.3527287280281, "power_cost": 16.877399963378906, "noise_cost": 13.82849528504945, "n_waypoints_completed": 9, "tot_waypoints": 9}}
{"target": -1393.3073139235682, "params": {"k_pid_pos": [1.825414772887173, 0.010046269212229397, 0.3391842261493203], "k_pid_alt": [1.711804508402886, 0.19478424309234277, 0.358879193828724], "k_pid_att": [64.05624659219058, 9.375580352229097, 0.17698802832894434], "k_pid_yaw": [0.5, 1e-06, 0.1], "k_pid_hsp": [0.6591624343303419, 0.659730812701636, 0.7965220253783551], "k_pid_vsp": [79.90342202404376, 339.7533028255426, 272.64320319797037]}, "datetime": {"datetime": "2025-08-20 18:13:40", "elapsed": 22875.192509651184, "delta": 25.634363651275635}, "costs": {"total_cost": 1393.3073139235682, "time_cost": 150, "final_distance_cost": 51.15966221200659, "oscillation_cost": 422.5311662962813, "completition_cost": 666.6666666666667, "overshoot_cost": 62.22442405436809, "power_cost": 22.55785330810547, "noise_cost": 18.167541386140062, "n_waypoints_completed": 3, "tot_waypoints": 9}}
{"target": -944.1995364964839, "params": {"k_pid_pos": [1.809013400329472, 0.6739390494221157, 0.3461561634812622], "k_pid_alt": [0.3662028346630146, 0.59819809042651, 0.11886957885653893], "k_pid_att": [38.630858376823, 1.4514112545663616, 0.15821942429214986], "k_pid_yaw": [0.5, 1e-06, 0.1], "k_pid_hsp": [6.245918994376997, 0.9924359578782251, 0.09781069966641176], "k_pid_vsp": [235.65504818903727, 325.0662634069677, 280.87073285091356]}, "datetime": {"datetime": "2025-08-20 18:14:06", "elapsed": 22901.084398031235, "delta": 25.89188838005066}, "costs": {"total_cost": 944.1995364964839, "time_cost": 150, "final_distance_cost": 50.533688160223846, "oscillation_cost": 202.61946894855592, "completition_cost": 444.4444444444444, "overshoot_cost": 58.74377084670905, "power_cost": 21.23135933837891, "noise_cost": 16.626804758171815, "n_waypoints_completed": 5, "tot_waypoints": 9}}
{"target": -1496.0457926554543, "params": {"k_pid_pos": [0.07028553499736026, 0.3254166577350157, 0.33621751518600307], "k_pid_alt": [1.7748996451225219, 0.7227697957726751, 0.08304044785309506], "k_pid_att": [86.23722035981652, 4.341584369604279, 0.7894769991461302], "k_pid_yaw": [0.5, 1e-06, 0.1], "k_pid_hsp": [6.205862562490164, 0.2589904069308242, 0.7006691005028041], "k_pid_vsp": [195.53159916440913, 37.45788520164338, 394.0041968062509]}, "datetime": {"datetime": "2025-08-20 18:14:35", "elapsed": 22930.145516872406, "delta": 29.061118841171265}, "costs": {"total_cost": 1496.0457926554543, "time_cost": 150, "final_distance_cost": 70.67635505737736, "oscillation_cost": 306.64111296385386, "completition_cost": 888.8888888888888, "overshoot_cost": 40.597485697613465, "power_cost": 21.797778198242188, "noise_cost": 17.44417184947868, "n_waypoints_completed": 1, "tot_waypoints": 9}}
