{"target": -1101.4924297503742, "params": {"k_pid_pos": [0.5572477645776208, 0.8328021290760469, 0.49865272840510366], "k_pid_alt": [1.856531755262939, 0.16756431889573953, 0.5049989317659835], "k_pid_att": [55.725558413044375, 0.22275231198229375, 0.3958265553892486], "k_pid_yaw": [0.5, 1e-06, 0.1], "k_pid_hsp": [7.089150320464777, 0.5387395834412119, 0.34488210772362504], "k_pid_vsp": [209.5907210084436, 282.651401374353, 314.07653709485504]}, "datetime": {"datetime": "2025-08-20 17:02:29", "elapsed": 18604.270856142044, "delta": 24.710448503494263}, "costs": {"total_cost": 1101.4924297503742, "time_cost": 150, "final_distance_cost": 45.42031897404493, "oscillation_cost": 268.88469131892515, "completition_cost": 555.5555555555555, "overshoot_cost": 45.025585842279405, "power_cost": 20.63122938232422, "noise_cost": 15.975048677245066, "n_waypoints_completed": 4, "tot_waypoints": 9}}
{"target": -1559.4636538662949, "params": {"k_pid_pos": [0.6282848594072318, 0.5743620479666404, 0.5973948408629303], "k_pid_alt": [0.3465038140384582, 0.4213001908366577, 0.6463253707556246], "k_pid_att": [28.453827450335133, 9.166673874095936, 0.3282936421691396], "k_pid_yaw": [0.5, 1e-06, 0.1], "k_pid_hsp": [0.30813710207051526, 0.311870929364909, 0.2840438239684262], "k_pid_vsp": [30.415156703861655, 348.11622424069077, 213.33839907600228]}, "datetime": {"datetime": "2025-08-20 17:02:54", "elapsed": 18629.249403238297, "delta": 24.97854709625244}, "costs": {"total_cost": 1559.4636538662949, "time_cost": 150, "final_distance_cost": 11.085906004114472, "oscillation_cost": 218.17593180337917, "completition_cost": 1000.0, "overshoot_cost": 130.21529880401144, "power_cost": 21.254389794921877, "noise_cost": 28.732127459867954, "n_waypoints_completed": 0, "tot_waypoints": 9}}
{"target": -767.0844036398514, "params": {"k_pid_pos": [0.511569333501426, 0.30516439616063995, 0.03881284826710063], "k_pid_alt": [0.21144491081815953, 0.481867006940526, 0.8744318348717706], "k_pid_att": [92.57059133718825, 6.0098309196368005, 0.9992795341530966], "k_pid_yaw": [0.5, 1e-06, 0.1], "k_pid_hsp": [8.260487291261295, 0.7456394778171853, 0.45973874247680335], "k_pid_vsp": [15.204197424119048, 364.2555130332971, 49.78095223014288]}, "datetime": {"datetime": "2025-08-20 17:03:20", "elapsed": 18654.706676483154, "delta": 25.457273244857788}, "costs": {"total_cost": 767.0844036398514, "time_cost": 150, "final_distance_cost": 64.22170057535064, "oscillation_cost": 238.5891838436144, "completition_cost": 222.2222222222222, "overshoot_cost": 54.06671895645105, "power_cost": 21.717358032226564, "noise_cost": 16.267220009986566, "n_waypoints_completed": 7, "tot_waypoints": 9}}
{"target": -965.2531880098635, "params": {"k_pid_pos": [1.4031488145149154, 0.3786622870579377, 0.1284832126264892], "k_pid_alt": [0.21029255585557172, 0.17470613764136944, 0.3003564803482339], "k_pid_att": [55.100466124288204, 8.755088147106004, 0.49527473745321715], "k_pid_yaw": [0.5, 1e-06, 0.1], "k_pid_hsp": [1.193079809948572, 0.9914172810734156, 0.2924384184453641], "k_pid_vsp": [390.97174473408415, 212.0149581112395, 99.6741982604225]}, "datetime": {"datetime": "2025-08-20 17:03:46", "elapsed": 18680.77462363243, "delta": 26.067947149276733}, "costs": {"total_cost": 965.2531880098635, "time_cost": 150, "final_distance_cost": 43.67269650509146, "oscillation_cost": 127.38500351416855, "completition_cost": 555.5555555555555, "overshoot_cost": 46.92537798847291, "power_cost": 23.77497459716797, "noise_cost": 17.93957984940709, "n_waypoints_completed": 4, "tot_waypoints": 9}}
{"target": -931.0374549151232, "params": {"k_pid_pos": [0.9680745596546518, 0.18072748567289243, 0.3947134232768351], "k_pid_alt": [1.3179626653084278, 0.06651257472249139, 0.9763729729854848], "k_pid_att": [50.69354662136883, 7.117696646731902, 0.9581180007633778], "k_pid_yaw": [0.5, 1e-06, 0.1], "k_pid_hsp": [0.4427389015610532, 0.7216155913488685, 0.11798549299565941], "k_pid_vsp": [63.576951655391014, 263.2246513395452, 334.0892094988827]}, "datetime": {"datetime": "2025-08-20 17:04:10", "elapsed": 18705.50950860977, "delta": 24.7348849773407}, "costs": {"total_cost": 931.0374549151232, "time_cost": 150, "final_distance_cost": 55.28176329407601, "oscillation_cost": 141.65148232617767, "completition_cost": 444.4444444444444, "overshoot_cost": 100.17781086602085, "power_cost": 15.929106750488282, "noise_cost": 23.552847233916104, "n_waypoints_completed": 5, "tot_waypoints": 9}}
{"target": -1153.029198953487, "params": {"k_pid_pos": [0.1533563773669518, 0.16984279650971446, 0.5202947453275242], "k_pid_alt": [1.5684960435906599, 0.7364896255423637, 0.48362396853415], "k_pid_att": [32.32321221527704, 8.469302294008509, 0.1505409024460287], "k_pid_yaw": [0.5, 1e-06, 0.1], "k_pid_hsp": [3.579166986458989, 0.3881782920246364, 0.7450084753607412], "k_pid_vsp": [32.155089777795, 383.94347333895894, 138.6015860047523]}, "datetime": {"datetime": "2025-08-20 17:04:38", "elapsed": 18732.744034290314, "delta": 27.234525680541992}, "costs": {"total_cost": 1153.029198953487, "time_cost": 150, "final_distance_cost": 44.95475480285423, "oscillation_cost": 421.4339029038137, "completition_cost": 444.4444444444444, "overshoot_cost": 57.78384968243901, "power_cost": 18.996200537109377, "noise_cost": 15.416046582825997, "n_waypoints_completed": 5, "tot_waypoints": 9}}
{"target": -1050.5968704346642, "params": {"k_pid_pos": [0.502389336057071, 0.4292661786308172, 0.15782915149114007], "k_pid_alt": [0.4965996694616699, 0.49658990465363995, 0.7757959208447185], "k_pid_att": [7.919170274674192, 2.5193182963481395, 0.18673738699357156], "k_pid_yaw": [0.5, 1e-06, 0.1], "k_pid_hsp": [9.472701119160106, 0.982508432968067, 0.9982794032309097], "k_pid_vsp": [389.9357165614321, 355.00030106945275, 172.33387931253034]}, "datetime": {"datetime": "2025-08-20 17:05:02", "elapsed": 18757.228425979614, "delta": 24.484391689300537}, "costs": {"total_cost": 1050.5968704346642, "time_cost": 150, "final_distance_cost": 42.550408289778964, "oscillation_cost": 221.6997364926488, "completition_cost": 555.5555555555555, "overshoot_cost": 45.234013519419186, "power_cost": 19.990361364746096, "noise_cost": 15.56679521251573, "n_waypoints_completed": 4, "tot_waypoints": 9}}
{"target": -1151.1730668282987, "params": {"k_pid_pos": [0.058195009659521395, 0.4783775279153114, 0.009426188345188602], "k_pid_alt": [0.7838477055652997, 0.526261337238513, 0.8536909622514752], "k_pid_att": [57.42557224782565, 2.4740418280023846, 0.20723844592377705], "k_pid_yaw": [0.5, 1e-06, 0.1], "k_pid_hsp": [0.8113230726870851, 0.6112230489544964, 0.42120587864623527], "k_pid_vsp": [364.94514561400746, 53.30966032911709, 219.8738416134627]}, "datetime": {"datetime": "2025-08-20 17:05:27", "elapsed": 18781.6660490036, "delta": 24.437623023986816}, "costs": {"total_cost": 1151.1730668282987, "time_cost": 150, "final_distance_cost": 52.67482488286925, "oscillation_cost": 180.062526154818, "completition_cost": 666.6666666666667, "overshoot_cost": 62.95481021305061, "power_cost": 22.452262609863283, "noise_cost": 16.36197630103085, "n_waypoints_completed": 3, "tot_waypoints": 9}}
{"target": -985.4972894755108, "params": {"k_pid_pos": [0.2885398185257201, 0.3675302257008932, 0.7553607434717418], "k_pid_alt": [0.7974274725915849, 0.23378143698958542, 0.6395427451784034], "k_pid_att": [36.492572441379636, 1.2669184589881564, 0.12386947343849941], "k_pid_yaw": [0.5, 1e-06, 0.1], "k_pid_hsp": [5.184252528797979, 0.2947379069231374, 0.5796537728458523], "k_pid_vsp": [362.4539121480764, 131.25273520203527, 39.84000377185645]}, "datetime": {"datetime": "2025-08-20 17:05:51", "elapsed": 18805.964118003845, "delta": 24.29806900024414}, "costs": {"total_cost": 985.4972894755108, "time_cost": 150, "final_distance_cost": 74.5722155083856, "oscillation_cost": 343.31107553159154, "completition_cost": 333.33333333333337, "overshoot_cost": 46.100857336434736, "power_cost": 21.94941170654297, "noise_cost": 16.230396059222606, "n_waypoints_completed": 6, "tot_waypoints": 9}}
{"target": -1070.8656654316458, "params": {"k_pid_pos": [1.7016356266620556, 0.30665365060912897, 0.6549826957529471], "k_pid_alt": [0.07655664402624285, 0.6300372509038299, 0.5520480563773927], "k_pid_att": [98.72858667748594, 5.547076308977932, 0.6689326158663512], "k_pid_yaw": [0.5, 1e-06, 0.1], "k_pid_hsp": [9.701078758208658, 0.9008468568463643, 0.9648784685761915], "k_pid_vsp": [48.83394880601153, 322.751489238038, 283.1810969722804]}, "datetime": {"datetime": "2025-08-20 17:06:16", "elapsed": 18830.615265130997, "delta": 24.65114712715149}, "costs": {"total_cost": 1070.8656654316458, "time_cost": 150, "final_distance_cost": 58.38331613543009, "oscillation_cost": 297.71602542385745, "completition_cost": 444.4444444444444, "overshoot_cost": 76.02891145011306, "power_cost": 21.678074450683596, "noise_cost": 22.61489352711709, "n_waypoints_completed": 5, "tot_waypoints": 9}}
{"target": -267.86366931409447, "params": {"k_pid_pos": [0.5031371113552432, 0.7148403548916522, 0.46343780025069947], "k_pid_alt": [1.997550319874231, 0.5182528334550038, 0.24895269471388393], "k_pid_att": [40.374216888696836, 9.984221635749487, 0.6138549628961518], "k_pid_yaw": [0.5, 1e-06, 0.1], "k_pid_hsp": [8.901054142082566, 0.49243391916873536, 0.03110086253989619], "k_pid_vsp": [315.6700068631345, 44.99316954762511, 63.918181285572004]}, "datetime": {"datetime": "2025-08-20 17:06:40", "elapsed": 18854.732946395874, "delta": 24.11768126487732}, "costs": {"total_cost": 267.86366931409447, "time_cost": 97.208, "final_distance_cost": 1.786283934786813, "oscillation_cost": 84.15159954682494, "completition_cost": 0.0, "overshoot_cost": 52.21485541709227, "power_cost": 18.24813922119141, "noise_cost": 14.254791194199017, "n_waypoints_completed": 9, "tot_waypoints": 9}}
{"target": -1071.4857990930448, "params": {"k_pid_pos": [1.5041059641923882, 0.18561769408079276, 0.7754579295798196], "k_pid_alt": [1.2069699888138308, 0.32746851317733916, 0.008637305020180674], "k_pid_att": [92.07157442290573, 4.773046608204444, 0.3350414387419176], "k_pid_yaw": [0.5, 1e-06, 0.1], "k_pid_hsp": [6.742193428631265, 0.01543754500786787, 0.7672729322890505], "k_pid_vsp": [62.94961222090283, 196.1747897918958, 227.6779396141634]}, "datetime": {"datetime": "2025-08-20 17:07:04", "elapsed": 18878.935767889023, "delta": 24.202821493148804}, "costs": {"total_cost": 1071.4857990930448, "time_cost": 150, "final_distance_cost": 53.58676661177341, "oscillation_cost": 322.9197998393603, "completition_cost": 444.4444444444444, "overshoot_cost": 61.6638732608629, "power_cost": 21.586256811523437, "noise_cost": 17.2846581250804, "n_waypoints_completed": 5, "tot_waypoints": 9}}
{"target": -778.5610693260178, "params": {"k_pid_pos": [1.7895949354187963, 0.8082369523982685, 0.738123190499893], "k_pid_alt": [1.201812529424503, 0.5877701283356005, 0.596468654602856], "k_pid_att": [78.78972628998999, 3.818126001469823, 0.810022924746482], "k_pid_yaw": [0.5, 1e-06, 0.1], "k_pid_hsp": [7.359971951129717, 0.2525852280188088, 0.15676942839574715], "k_pid_vsp": [218.2063090554585, 267.769839957712, 217.08824813928038]}, "datetime": {"datetime": "2025-08-20 17:07:29", "elapsed": 18904.01888370514, "delta": 25.083115816116333}, "costs": {"total_cost": 778.5610693260178, "time_cost": 150, "final_distance_cost": 66.74650936544008, "oscillation_cost": 247.84737255434055, "completition_cost": 222.2222222222222, "overshoot_cost": 51.87653357144829, "power_cost": 22.531818286132815, "noise_cost": 17.33661332643391, "n_waypoints_completed": 7, "tot_waypoints": 9}}
{"target": -1123.5851704787015, "params": {"k_pid_pos": [0.858533025186862, 0.060833853623530665, 0.20665224586986186], "k_pid_alt": [1.7086763399827827, 0.7335079935829887, 0.2718397709106768], "k_pid_att": [56.58288829782692, 0.42832092307101405, 0.7260041485250879], "k_pid_yaw": [0.5, 1e-06, 0.1], "k_pid_hsp": [3.73901788120476, 0.4071182132063875, 0.8779410183939294], "k_pid_vsp": [221.0787665120676, 50.33024957463681, 186.8137412029592]}, "datetime": {"datetime": "2025-08-20 17:07:54", "elapsed": 18928.636471509933, "delta": 24.61758780479431}, "costs": {"total_cost": 1123.5851704787015, "time_cost": 150, "final_distance_cost": 46.47359913740572, "oscillation_cost": 289.06233090529327, "completition_cost": 555.5555555555555, "overshoot_cost": 47.49801551418418, "power_cost": 19.79907705078125, "noise_cost": 15.196592315481386, "n_waypoints_completed": 4, "tot_waypoints": 9}}
{"target": -502.7273398423139, "params": {"k_pid_pos": [1.0167914352925733, 0.5345911602438552, 0.5677609421675863], "k_pid_alt": [1.3696407558376367, 0.5546740498171082, 0.43767409911328714], "k_pid_att": [17.686704964841603, 5.061792162512576, 0.019015022877914123], "k_pid_yaw": [0.5, 1e-06, 0.1], "k_pid_hsp": [7.4257769652135, 0.4799125727192496, 0.05166375561361425], "k_pid_vsp": [180.7492942961283, 4.149770146544358, 25.49640017476278]}, "datetime": {"datetime": "2025-08-20 17:08:23", "elapsed": 18958.021193504333, "delta": 29.384721994400024}, "costs": {"total_cost": 502.7273398423139, "time_cost": 97.544, "final_distance_cost": 1.7482624661906008, "oscillation_cost": 320.4345137561159, "completition_cost": 0.0, "overshoot_cost": 56.55474670028723, "power_cost": 14.343671765136719, "noise_cost": 12.102145154583438, "n_waypoints_completed": 9, "tot_waypoints": 9}}
{"target": -1248.5312250766763, "params": {"k_pid_pos": [0.06999245994628424, 0.9827880786995373, 0.3433650660946136], "k_pid_alt": [0.5636861494877328, 0.4305535603066203, 0.8875610686524389], "k_pid_att": [36.22724626049951, 5.250052034809568, 0.1174461417680227], "k_pid_yaw": [0.5, 1e-06, 0.1], "k_pid_hsp": [3.8228388693329993, 0.913624123182571, 0.48842353550463835], "k_pid_vsp": [264.59243901115985, 239.23904241084801, 316.63634194283185]}, "datetime": {"datetime": "2025-08-20 17:08:48", "elapsed": 18983.005999803543, "delta": 24.984806299209595}, "costs": {"total_cost": 1248.5312250766763, "time_cost": 150, "final_distance_cost": 82.88543760031942, "oscillation_cost": 140.00102387892846, "completition_cost": 777.7777777777778, "overshoot_cost": 56.01840150067511, "power_cost": 24.268065625000002, "noise_cost": 17.580518693975673, "n_waypoints_completed": 2, "tot_waypoints": 9}}
{"target": -787.976165562962, "params": {"k_pid_pos": [1.5837474763879604, 0.7746508273409178, 0.8189979784972149], "k_pid_alt": [0.8542965758872736, 0.6793826091612281, 0.9508498706032572], "k_pid_att": [57.558936612244715, 7.364317169979305, 0.5793547452205629], "k_pid_yaw": [0.5, 1e-06, 0.1], "k_pid_hsp": [4.695842960274842, 0.011115099113106486, 0.40519185869785734], "k_pid_vsp": [201.88855220528757, 382.41098998359405, 275.495064988726]}, "datetime": {"datetime": "2025-08-20 17:09:13", "elapsed": 19008.040248155594, "delta": 25.03424835205078}, "costs": {"total_cost": 787.976165562962, "time_cost": 150, "final_distance_cost": 77.38537889542131, "oscillation_cost": 250.44612121054297, "completition_cost": 222.2222222222222, "overshoot_cost": 52.123225737423695, "power_cost": 20.5146212890625, "noise_cost": 15.284596208289333, "n_waypoints_completed": 7, "tot_waypoints": 9}}
{"target": -994.1345883887144, "params": {"k_pid_pos": [0.5488734054522738, 0.9685740021460912, 0.28516884427668643], "k_pid_alt": [0.43720357802197607, 0.1321587382165954, 0.37102973567519915], "k_pid_att": [18.08217838778894, 8.578394852917596, 0.19492979532464694], "k_pid_yaw": [0.5, 1e-06, 0.1], "k_pid_hsp": [2.4176267436469625, 0.397981869981344, 0.20994459883610028], "k_pid_vsp": [120.01754404823197, 263.2437147674157, 110.85641497691932]}, "datetime": {"datetime": "2025-08-20 17:09:39", "elapsed": 19033.842042446136, "delta": 25.801794290542603}, "costs": {"total_cost": 994.1345883887144, "time_cost": 150, "final_distance_cost": 41.3552531826908, "oscillation_cost": 151.71561133095759, "completition_cost": 555.5555555555555, "overshoot_cost": 55.755608435771336, "power_cost": 23.188991174316406, "noise_cost": 16.563568709422675, "n_waypoints_completed": 4, "tot_waypoints": 9}}
{"target": -1653.7984965830658, "params": {"k_pid_pos": [1.5510329679472896, 0.2891642491422006, 0.7586636139159332], "k_pid_alt": [1.2342984954667928, 0.12840909112909127, 0.44718015519043397], "k_pid_att": [73.27227390626943, 5.225895262394707, 0.6069737692627066], "k_pid_yaw": [0.5, 1e-06, 0.1], "k_pid_hsp": [3.4084503438911598, 0.4260023580481628, 0.07292462600008587], "k_pid_vsp": [42.113310590356875, 230.14199646447858, 380.3130758080367]}, "datetime": {"datetime": "2025-08-20 17:10:04", "elapsed": 19058.626372098923, "delta": 24.784329652786255}, "costs": {"total_cost": 1653.7984965830658, "time_cost": 150, "final_distance_cost": 79.11567189591244, "oscillation_cost": 386.3623746667864, "completition_cost": 888.8888888888888, "overshoot_cost": 107.99022955882873, "power_cost": 22.178472961425783, "noise_cost": 19.262858611223574, "n_waypoints_completed": 1, "tot_waypoints": 9}}
{"target": -1354.4222916591893, "params": {"k_pid_pos": [0.21618102685473484, 0.21871891374953423, 0.8835452672697794], "k_pid_alt": [1.3478004644808488, 0.6137573492181024, 0.4268241616408309], "k_pid_att": [63.534280907777486, 3.8681414980081197, 0.43243135097241703], "k_pid_yaw": [0.5, 1e-06, 0.1], "k_pid_hsp": [8.061268715493101, 0.32781417851752237, 0.6306827202027573], "k_pid_vsp": [296.1397477529427, 39.81495772465406, 158.18037953669275]}, "datetime": {"datetime": "2025-08-20 17:10:28", "elapsed": 19083.172606945038, "delta": 24.546234846115112}, "costs": {"total_cost": 1354.4222916591893, "time_cost": 150, "final_distance_cost": 53.358615421096545, "oscillation_cost": 398.2580256335844, "completition_cost": 666.6666666666667, "overshoot_cost": 47.411971393029134, "power_cost": 21.85753260498047, "noise_cost": 16.869479939832317, "n_waypoints_completed": 3, "tot_waypoints": 9}}
{"target": -1074.3422719251946, "params": {"k_pid_pos": [0.48241511024041184, 0.4593158523784566, 0.6000051182766929], "k_pid_alt": [1.1833149863850099, 0.00024385928009551527, 0.14717984345320412], "k_pid_att": [30.746908616730096, 8.623202634908797, 0.5169059204631101], "k_pid_yaw": [0.5, 1e-06, 0.1], "k_pid_hsp": [4.255929684547553, 0.49890052830688203, 0.2912232652233564], "k_pid_vsp": [140.93633656015388, 99.6982323070837, 148.89741053693072]}, "datetime": {"datetime": "2025-08-20 17:10:55", "elapsed": 19109.96235227585, "delta": 26.789745330810547}, "costs": {"total_cost": 1074.3422719251946, "time_cost": 150, "final_distance_cost": 46.200080199114396, "oscillation_cost": 237.4621950004087, "completition_cost": 555.5555555555555, "overshoot_cost": 45.20502533373452, "power_cost": 23.05477459716797, "noise_cost": 16.864641239213427, "n_waypoints_completed": 4, "tot_waypoints": 9}}
{"target": -1489.9338865132545, "params": {"k_pid_pos": [0.8087607436497378, 0.3275782179611858, 0.38345506114150596], "k_pid_alt": [0.7580526483739751, 0.5236780595097811, 0.7557600390704011], "k_pid_att": [71.24872298260335, 4.862027481215132, 0.5403653967020873], "k_pid_yaw": [0.5, 1e-06, 0.1], "k_pid_hsp": [6.085455616955545, 0.2569984283863539, 0.8391320696657943], "k_pid_vsp": [106.89713126564855, 122.61610335777347, 397.59722795377945]}, "datetime": {"datetime": "2025-08-20 17:11:20", "elapsed": 19135.03005886078, "delta": 25.06770658493042}, "costs": {"total_cost": 1489.9338865132545, "time_cost": 150, "final_distance_cost": 98.52186138026264, "oscillation_cost": 358.86042967934975, "completition_cost": 777.7777777777778, "overshoot_cost": 63.719959690709004, "power_cost": 23.258949560546878, "noise_cost": 17.794908424608682, "n_waypoints_completed": 2, "tot_waypoints": 9}}
{"target": -980.6167836672646, "params": {"k_pid_pos": [0.670636367450298, 0.4106582169935674, 0.801783342189501], "k_pid_alt": [1.3044313527648352, 0.8760373946733022, 0.9141263514740782], "k_pid_att": [82.4182974358259, 7.000224256388147, 0.10944034822245419], "k_pid_yaw": [0.5, 1e-06, 0.1], "k_pid_hsp": [6.808823900339722, 0.0032852274507756407, 0.3825397681058531], "k_pid_vsp": [212.45199104810166, 320.98556302409924, 181.50669145032947]}, "datetime": {"datetime": "2025-08-20 17:11:48", "elapsed": 19163.06443476677, "delta": 28.0343759059906}, "costs": {"total_cost": 980.6167836672646, "time_cost": 150, "final_distance_cost": 74.47125940254948, "oscillation_cost": 337.56708581688065, "completition_cost": 333.33333333333337, "overshoot_cost": 46.87703905467158, "power_cost": 21.182413781738283, "noise_cost": 17.185652278091247, "n_waypoints_completed": 6, "tot_waypoints": 9}}
{"target": -1728.0453036387912, "params": {"k_pid_pos": [0.7249674435493147, 0.13000313966430566, 0.36442123942924143], "k_pid_alt": [0.299751539155678, 0.6849303996033697, 0.27203973463489706], "k_pid_att": [22.598840368848073, 9.253779176459272, 0.5260232257968678], "k_pid_yaw": [0.5, 1e-06, 0.1], "k_pid_hsp": [0.21051490929702657, 0.7393088713239986, 0.9744394154750349], "k_pid_vsp": [136.07868379455374, 283.7260346339483, 256.40689635094765]}, "datetime": {"datetime": "2025-08-20 17:12:14", "elapsed": 19189.46726346016, "delta": 26.402828693389893}, "costs": {"total_cost": 1728.0453036387912, "time_cost": 150, "final_distance_cost": 49.68057199464114, "oscillation_cost": 455.61839961583246, "completition_cost": 1000.0, "overshoot_cost": 36.31106344674995, "power_cost": 20.793194653320313, "noise_cost": 15.642073928247441, "n_waypoints_completed": 0, "tot_waypoints": 9}}
