{"target": -1489.649899224669, "params": {"k_pid_pos": [0.41827951098120153, 0.4603209474695581, 0.4117850025731655], "k_pid_alt": [1.9296080311491286, 0.6112380569391355, 0.9328030145632247], "k_pid_att": [72.84890033816797, 5.40562510511871, 0.8637712522603018], "k_pid_yaw": [0.5, 1e-06, 0.1], "k_pid_hsp": [0.39325775094568055, 0.13514284673200827, 0.5389252138374981], "k_pid_vsp": [168.16949818009212, 381.82709452561744, 348.10792315534184]}, "datetime": {"datetime": "2025-08-20 19:33:03", "elapsed": 27637.897307872772, "delta": 32.34540104866028}, "costs": {"total_cost": 1489.649899224669, "time_cost": 150, "final_distance_cost": 92.20468059876607, "oscillation_cost": 371.2302728501481, "completition_cost": 777.7777777777778, "overshoot_cost": 60.520660907687834, "power_cost": 21.204992260742188, "noise_cost": 16.711514829546708, "n_waypoints_completed": 2, "tot_waypoints": 9}}
{"target": -946.9288123176635, "params": {"k_pid_pos": [1.9921018232025032, 0.49353955530416693, 0.6950788767974394], "k_pid_alt": [0.7226510313542163, 0.9087759471519734, 0.21147464706921515], "k_pid_att": [42.81799992394647, 5.9689550936942375, 0.6865550311262181], "k_pid_yaw": [0.5, 1e-06, 0.1], "k_pid_hsp": [8.21343458844946, 0.5684707180292514, 0.5746924810073234], "k_pid_vsp": [139.24652161095517, 372.1455676543896, 330.4711489301904]}, "datetime": {"datetime": "2025-08-20 19:33:39", "elapsed": 27673.677466392517, "delta": 35.78015851974487}, "costs": {"total_cost": 946.9288123176635, "time_cost": 150, "final_distance_cost": 63.41954247756585, "oscillation_cost": 304.0565821767949, "completition_cost": 333.33333333333337, "overshoot_cost": 56.32102183644504, "power_cost": 21.880897607421876, "noise_cost": 17.917434886102452, "n_waypoints_completed": 6, "tot_waypoints": 9}}
{"target": -931.9154705954675, "params": {"k_pid_pos": [0.8072999646200325, 0.7399790801746409, 0.012010696742817295], "k_pid_alt": [0.8439965357012638, 0.8292694180101992, 0.13501500123122734], "k_pid_att": [2.366052837332522, 0.7437579694232932, 0.9032198749910064], "k_pid_yaw": [0.5, 1e-06, 0.1], "k_pid_hsp": [3.3641662723797063, 0.05825173321154753, 0.33297962545671433], "k_pid_vsp": [29.323846298511434, 369.68936869690043, 63.840906729536044]}, "datetime": {"datetime": "2025-08-20 19:34:06", "elapsed": 27701.267202615738, "delta": 27.589736223220825}, "costs": {"total_cost": 931.9154705954675, "time_cost": 150, "final_distance_cost": 47.01825530520792, "oscillation_cost": 86.55431613986794, "completition_cost": 555.5555555555555, "overshoot_cost": 52.948437754328644, "power_cost": 23.455379296875, "noise_cost": 16.383526543632485, "n_waypoints_completed": 4, "tot_waypoints": 9}}
{"target": -247.36550827646695, "params": {"k_pid_pos": [0.7352725959471865, 0.28409827883107786, 0.0787768174014194], "k_pid_alt": [1.2468823175624228, 0.9344584399994347, 0.7686009833075633], "k_pid_att": [93.67900548630061, 4.330227427273991, 0.7623462600568864], "k_pid_yaw": [0.5, 1e-06, 0.1], "k_pid_hsp": [9.896379815582632, 0.2351848549882748, 0.011459191253266221], "k_pid_vsp": [156.3570812353837, 138.9477956266782, 14.285867719994108]}, "datetime": {"datetime": "2025-08-20 19:34:33", "elapsed": 27727.61182141304, "delta": 26.344618797302246}, "costs": {"total_cost": 247.36550827646695, "time_cost": 96.28, "final_distance_cost": 1.7487086155577454, "oscillation_cost": 64.81076402837489, "completition_cost": 0.0, "overshoot_cost": 56.39589644212447, "power_cost": 15.37725546875, "noise_cost": 12.752883721659833, "n_waypoints_completed": 9, "tot_waypoints": 9}}
{"target": -1640.6779363944595, "params": {"k_pid_pos": [0.6703754205158432, 0.4254392553605918, 0.38670131121251705], "k_pid_alt": [0.8269960931316735, 0.8433806043722023, 0.1974694165488493], "k_pid_att": [16.757714228750775, 2.0465464090302476, 0.14327800414676928], "k_pid_yaw": [0.5, 1e-06, 0.1], "k_pid_hsp": [8.75979650974576, 0.753817507951006, 0.7038087600186136], "k_pid_vsp": [28.322478455141997, 213.01874758626326, 161.24396157004304]}, "datetime": {"datetime": "2025-08-20 19:35:02", "elapsed": 27757.220618724823, "delta": 29.608797311782837}, "costs": {"total_cost": 1640.6779363944595, "time_cost": 150, "final_distance_cost": 61.923967848697544, "oscillation_cost": 439.41456883846644, "completition_cost": 888.8888888888888, "overshoot_cost": 63.24606412173732, "power_cost": 18.766835913085938, "noise_cost": 18.43761078358348, "n_waypoints_completed": 1, "tot_waypoints": 9}}
{"target": -827.2628594572367, "params": {"k_pid_pos": [1.4477707447863875, 0.9714245943383703, 0.365937558300095], "k_pid_alt": [1.8468161851787293, 0.9724128790414925, 0.2285260262958454], "k_pid_att": [48.6876875564093, 3.858842641250039, 0.23138824841220407], "k_pid_yaw": [0.5, 1e-06, 0.1], "k_pid_hsp": [7.750954871450302, 0.7777317819752437, 0.9003324023978653], "k_pid_vsp": [238.28674360552546, 197.90999248569125, 107.82157146695678]}, "datetime": {"datetime": "2025-08-20 19:35:29", "elapsed": 27784.148991823196, "delta": 26.928373098373413}, "costs": {"total_cost": 827.2628594572367, "time_cost": 150, "final_distance_cost": 85.97611723817344, "oscillation_cost": 158.68986596578176, "completition_cost": 333.33333333333337, "overshoot_cost": 59.62969648968968, "power_cost": 22.315914599609375, "noise_cost": 17.317931830649044, "n_waypoints_completed": 6, "tot_waypoints": 9}}
{"target": -1033.1041319732717, "params": {"k_pid_pos": [0.2749157398782799, 0.3105584813910309, 0.9505644338147193], "k_pid_alt": [0.9512078883372925, 0.7352531099598075, 0.9268329000657267], "k_pid_att": [87.84743918829896, 7.611055589815589, 0.3835917557368541], "k_pid_yaw": [0.5, 1e-06, 0.1], "k_pid_hsp": [6.999910263820891, 0.01677793006949413, 0.384355231810696], "k_pid_vsp": [300.0375575142238, 231.48626020499853, 184.52005995511325]}, "datetime": {"datetime": "2025-08-20 19:36:01", "elapsed": 27816.39149427414, "delta": 32.24250245094299}, "costs": {"total_cost": 1033.1041319732717, "time_cost": 150, "final_distance_cost": 77.25903904472825, "oscillation_cost": 382.04177227159676, "completition_cost": 333.33333333333337, "overshoot_cost": 52.90979423162356, "power_cost": 21.399498803710937, "noise_cost": 16.160694288278854, "n_waypoints_completed": 6, "tot_waypoints": 9}}
{"target": -960.5268300114428, "params": {"k_pid_pos": [0.9094896992400922, 0.4290722371626441, 0.6627896943146335], "k_pid_alt": [0.6053966022980108, 0.5657065468309468, 0.6877107510575857], "k_pid_att": [12.080452561281508, 9.15799095737212, 0.3691138487468053], "k_pid_yaw": [0.5, 1e-06, 0.1], "k_pid_hsp": [1.527375670956419, 0.9730143384313075, 0.9700555113237207], "k_pid_vsp": [208.64694648833947, 255.4116124912096, 19.159657352786812]}, "datetime": {"datetime": "2025-08-20 19:36:33", "elapsed": 27848.328825473785, "delta": 31.937331199645996}, "costs": {"total_cost": 960.5268300114428, "time_cost": 150, "final_distance_cost": 45.68275031591943, "oscillation_cost": 235.00441215529494, "completition_cost": 444.4444444444444, "overshoot_cost": 49.60575557179679, "power_cost": 19.98288614501953, "noise_cost": 15.806581378967808, "n_waypoints_completed": 5, "tot_waypoints": 9}}
{"target": -1170.588325764529, "params": {"k_pid_pos": [0.8950145579607982, 0.12482071742981493, 0.20566408722627427], "k_pid_alt": [0.29854823453597445, 0.8973997692752175, 0.7157286631270705], "k_pid_att": [50.05419332215703, 0.22237945771647746, 0.4443521823108184], "k_pid_yaw": [0.5, 1e-06, 0.1], "k_pid_hsp": [3.9192935414065313, 0.5680054054784722, 0.7941171284207331], "k_pid_vsp": [139.02026829892057, 59.98923138517294, 313.5350664112976]}, "datetime": {"datetime": "2025-08-20 19:37:01", "elapsed": 27875.87442088127, "delta": 27.545595407485962}, "costs": {"total_cost": 1170.588325764529, "time_cost": 150, "final_distance_cost": 43.81827642578735, "oscillation_cost": 295.65273210979507, "completition_cost": 555.5555555555555, "overshoot_cost": 82.53767973244716, "power_cost": 22.682033435058596, "noise_cost": 20.34204850588508, "n_waypoints_completed": 4, "tot_waypoints": 9}}
{"target": -829.2435002483315, "params": {"k_pid_pos": [1.6942068544069158, 0.756105446060654, 0.6713867323807639], "k_pid_alt": [1.9123787610294298, 0.6676211632554183, 0.5599468789265265], "k_pid_att": [50.98078574281365, 1.462572540078603, 0.627516803395504], "k_pid_yaw": [0.5, 1e-06, 0.1], "k_pid_hsp": [3.314876869878438, 0.8464913444782391, 0.5907004425285276], "k_pid_vsp": [252.6492060589426, 66.95841647933014, 219.603157769599]}, "datetime": {"datetime": "2025-08-20 19:37:28", "elapsed": 27903.138518333435, "delta": 27.264097452163696}, "costs": {"total_cost": 829.2435002483315, "time_cost": 150, "final_distance_cost": 74.67403641852913, "oscillation_cost": 171.10269864745737, "completition_cost": 333.33333333333337, "overshoot_cost": 61.49744589052773, "power_cost": 21.141590869140625, "noise_cost": 17.4943950893434, "n_waypoints_completed": 6, "tot_waypoints": 9}}
{"target": -1355.098394480674, "params": {"k_pid_pos": [1.3342526562680266, 0.2571095297379048, 0.07472526987813533], "k_pid_alt": [1.0307539219355846, 0.4074618176932301, 0.8935843585581555], "k_pid_att": [53.13067208783689, 8.197960576821618, 0.6383305748499571], "k_pid_yaw": [0.5, 1e-06, 0.1], "k_pid_hsp": [4.199296709836041, 0.8677311488291657, 0.935391446337319], "k_pid_vsp": [12.859133913212917, 228.30381202755996, 388.4873645046784]}, "datetime": {"datetime": "2025-08-20 19:37:55", "elapsed": 27930.333946466446, "delta": 27.195428133010864}, "costs": {"total_cost": 1355.098394480674, "time_cost": 150, "final_distance_cost": 88.65073743001282, "oscillation_cost": 252.5471021291383, "completition_cost": 777.7777777777778, "overshoot_cost": 43.71517393354298, "power_cost": 23.01955015869141, "noise_cost": 19.388053051510667, "n_waypoints_completed": 2, "tot_waypoints": 9}}
{"target": -839.7129874527996, "params": {"k_pid_pos": [1.4105738691528784, 0.16273629772771514, 0.8206375705302287], "k_pid_alt": [0.09784049975127918, 0.7139875344692505, 0.45317362118787696], "k_pid_att": [90.08925413945799, 8.664814996192522, 0.20287225449937696], "k_pid_yaw": [0.5, 1e-06, 0.1], "k_pid_hsp": [2.605150476449938, 0.016833834402448122, 0.49863474057528023], "k_pid_vsp": [35.48494557119382, 241.9242630680675, 21.6525977189512]}, "datetime": {"datetime": "2025-08-20 19:38:23", "elapsed": 27957.604135751724, "delta": 27.27018928527832}, "costs": {"total_cost": 839.7129874527996, "time_cost": 150, "final_distance_cost": 71.29029029157076, "oscillation_cost": 302.4288291915837, "completition_cost": 222.2222222222222, "overshoot_cost": 55.2669444084595, "power_cost": 22.25109020996094, "noise_cost": 16.25361112900246, "n_waypoints_completed": 7, "tot_waypoints": 9}}
{"target": -705.7111617726883, "params": {"k_pid_pos": [1.9339255788362983, 0.03976172213448237, 0.13623042813376152], "k_pid_alt": [0.6907023470239821, 0.8222858961879129, 0.5761176872806483], "k_pid_att": [4.193194268814393, 4.566209054923575, 0.7653680782963462], "k_pid_yaw": [0.5, 1e-06, 0.1], "k_pid_hsp": [7.815699640910605, 0.7451678114939689, 0.2128990396774595], "k_pid_vsp": [46.52892679632616, 94.22502509171265, 41.03994079996264]}, "datetime": {"datetime": "2025-08-20 19:38:50", "elapsed": 27985.50560116768, "delta": 27.90146541595459}, "costs": {"total_cost": 705.7111617726883, "time_cost": 150, "final_distance_cost": 67.33055219753099, "oscillation_cost": 176.43594285136817, "completition_cost": 222.2222222222222, "overshoot_cost": 52.677127205849246, "power_cost": 20.538881066894533, "noise_cost": 16.506436228823237, "n_waypoints_completed": 7, "tot_waypoints": 9}}
{"target": -1038.5986973793822, "params": {"k_pid_pos": [1.8151238044501476, 0.1362399410110564, 0.2964693113883736], "k_pid_alt": [0.6673357030599427, 0.5342192344517257, 0.4432884130781397], "k_pid_att": [91.6890868656462, 5.6046026078805244, 0.322546433307924], "k_pid_yaw": [0.5, 1e-06, 0.1], "k_pid_hsp": [7.78602183715552, 0.23375605684566902, 0.3731383608076173], "k_pid_vsp": [52.877536564527894, 253.74608065069853, 274.6346963679172]}, "datetime": {"datetime": "2025-08-20 19:39:18", "elapsed": 28012.93311047554, "delta": 27.427509307861328}, "costs": {"total_cost": 1038.5986973793822, "time_cost": 150, "final_distance_cost": 60.597215435215354, "oscillation_cost": 285.86385048524835, "completition_cost": 444.4444444444444, "overshoot_cost": 55.78528201086749, "power_cost": 22.70124501953125, "noise_cost": 19.20665998407535, "n_waypoints_completed": 5, "tot_waypoints": 9}}
{"target": -961.4933113817274, "params": {"k_pid_pos": [1.0251865304044645, 0.4172623826717222, 0.34763523729873014], "k_pid_alt": [1.6931481316680463, 0.6536090425513071, 0.3847567184024908], "k_pid_att": [61.104044068419775, 9.169852510131578, 0.5686589730071313], "k_pid_yaw": [0.5, 1e-06, 0.1], "k_pid_hsp": [0.8628689377748211, 0.18897905229869583, 0.9855754163530408], "k_pid_vsp": [25.847730494549694, 179.26738313664094, 25.82039041552446]}, "datetime": {"datetime": "2025-08-20 19:39:45", "elapsed": 28039.94720697403, "delta": 27.01409649848938}, "costs": {"total_cost": 961.4933113817274, "time_cost": 150, "final_distance_cost": 51.33452789127475, "oscillation_cost": 342.455138271156, "completition_cost": 333.33333333333337, "overshoot_cost": 48.66842778722609, "power_cost": 20.00185731201172, "noise_cost": 15.700026786725529, "n_waypoints_completed": 6, "tot_waypoints": 9}}
{"target": -1333.7188030146538, "params": {"k_pid_pos": [1.504175020134267, 0.41222766466034866, 0.9881812968787601], "k_pid_alt": [0.35595990437179514, 0.9942923977345588, 0.8414122862412006], "k_pid_att": [91.49755971292251, 2.6409686016787504, 0.7526759676934001], "k_pid_yaw": [0.5, 1e-06, 0.1], "k_pid_hsp": [6.790786450013914, 0.45700979915087225, 0.9767506719845436], "k_pid_vsp": [136.05598345518874, 92.63854809495243, 344.2847103080995]}, "datetime": {"datetime": "2025-08-20 19:40:12", "elapsed": 28067.386867046356, "delta": 27.43966007232666}, "costs": {"total_cost": 1333.7188030146538, "time_cost": 150, "final_distance_cost": 65.36746052229994, "oscillation_cost": 352.11645755042787, "completition_cost": 666.6666666666667, "overshoot_cost": 59.732042328743276, "power_cost": 21.92870299072266, "noise_cost": 17.907472955792993, "n_waypoints_completed": 3, "tot_waypoints": 9}}
{"target": -1275.1639691676116, "params": {"k_pid_pos": [0.43294105160797075, 0.8114990971867211, 0.02894556323229014], "k_pid_alt": [0.0032294511799397796, 0.3421771688209685, 0.33865077003224486], "k_pid_att": [47.32410631914292, 1.0097626492978882, 0.2135959003586848], "k_pid_yaw": [0.5, 1e-06, 0.1], "k_pid_hsp": [5.182292115361963, 0.45386505230703345, 0.44885547698383466], "k_pid_vsp": [359.56977553723004, 147.6779626525658, 362.2298694665337]}, "datetime": {"datetime": "2025-08-20 19:40:39", "elapsed": 28094.40349292755, "delta": 27.01662588119507}, "costs": {"total_cost": 1275.1639691676116, "time_cost": 150, "final_distance_cost": 57.11701465789746, "oscillation_cost": 84.42578194581468, "completition_cost": 888.8888888888888, "overshoot_cost": 55.73826323504238, "power_cost": 22.50652811279297, "noise_cost": 16.487492327175467, "n_waypoints_completed": 1, "tot_waypoints": 9}}
{"target": -1503.931569260973, "params": {"k_pid_pos": [0.5107831038271078, 0.8130156735337214, 0.001710426540829535], "k_pid_alt": [1.7595334791304105, 0.9185712267786411, 0.3545497869560891], "k_pid_att": [32.554987999205146, 1.6342995856178706, 0.20346825920522826], "k_pid_yaw": [0.5, 1e-06, 0.1], "k_pid_hsp": [1.11336461439893, 0.14976819447472167, 0.5388906592778231], "k_pid_vsp": [43.48530893488412, 380.60655333817357, 268.45117600012424]}, "datetime": {"datetime": "2025-08-20 19:41:07", "elapsed": 28121.698485136032, "delta": 27.294992208480835}, "costs": {"total_cost": 1503.931569260973, "time_cost": 150, "final_distance_cost": 17.815940866309305, "oscillation_cost": 131.0363425392529, "completition_cost": 1000.0, "overshoot_cost": 138.11710844856336, "power_cost": 20.48144342041016, "noise_cost": 46.48073398643727, "n_waypoints_completed": 0, "tot_waypoints": 9}}
{"target": -791.0546306802484, "params": {"k_pid_pos": [0.4271338698968291, 0.531428311425425, 0.44909188865871164], "k_pid_alt": [1.7578761860518788, 0.9625596052575437, 0.34814288888515743], "k_pid_att": [42.73164223473381, 9.032979941274, 0.024055187028172664], "k_pid_yaw": [0.5, 1e-06, 0.1], "k_pid_hsp": [5.654998502844008, 0.7881336648983606, 0.8144554626709742], "k_pid_vsp": [387.5734222216799, 115.48809175197714, 60.27000126482685]}, "datetime": {"datetime": "2025-08-20 19:41:37", "elapsed": 28152.294967889786, "delta": 30.596482753753662}, "costs": {"total_cost": 791.0546306802484, "time_cost": 150, "final_distance_cost": 63.33257259805571, "oscillation_cost": 272.2237461044793, "completition_cost": 222.2222222222222, "overshoot_cost": 47.81227270854691, "power_cost": 19.45800791015625, "noise_cost": 16.00580913678807, "n_waypoints_completed": 7, "tot_waypoints": 9}}
{"target": -1146.587348145011, "params": {"k_pid_pos": [1.0638463189690932, 0.7114803401187355, 0.7421629154516813], "k_pid_alt": [1.638021044185379, 0.003569138102053726, 0.8840933869021725], "k_pid_att": [15.973154446336867, 4.552289983426527, 0.45586767283230234], "k_pid_yaw": [0.5, 1e-06, 0.1], "k_pid_hsp": [6.465664375690067, 0.32117220779662814, 0.7944478012387552], "k_pid_vsp": [223.60543306461466, 327.3476680060033, 344.82106366656905]}, "datetime": {"datetime": "2025-08-20 19:42:09", "elapsed": 28184.467390537262, "delta": 32.172422647476196}, "costs": {"total_cost": 1146.587348145011, "time_cost": 150, "final_distance_cost": 40.728205446488246, "oscillation_cost": 311.80801113555606, "completition_cost": 555.5555555555555, "overshoot_cost": 53.01041107612142, "power_cost": 20.229763439941408, "noise_cost": 15.255401491347966, "n_waypoints_completed": 4, "tot_waypoints": 9}}
{"target": -1295.2298584726686, "params": {"k_pid_pos": [0.09061113335254087, 0.16625548989167993, 0.10562830265837919], "k_pid_alt": [1.9113421622463105, 0.931128714814693, 0.15113237304439742], "k_pid_att": [67.8578548234916, 0.7557673551378465, 0.7440956565798515], "k_pid_yaw": [0.5, 1e-06, 0.1], "k_pid_hsp": [6.259318800022652, 0.6013130279707795, 0.522522900992671], "k_pid_vsp": [198.09045277070388, 237.72651485022746, 251.1478936060282]}, "datetime": {"datetime": "2025-08-20 19:42:37", "elapsed": 28211.73051595688, "delta": 27.2631254196167}, "costs": {"total_cost": 1295.2298584726686, "time_cost": 150, "final_distance_cost": 56.229664018434164, "oscillation_cost": 327.43952655548225, "completition_cost": 666.6666666666667, "overshoot_cost": 55.689956087943685, "power_cost": 22.128385888671875, "noise_cost": 17.07565925546984, "n_waypoints_completed": 3, "tot_waypoints": 9}}
{"target": -657.7626758305368, "params": {"k_pid_pos": [1.0032664263631625, 0.3475362511747676, 0.17456866529890092], "k_pid_alt": [0.07722424673067008, 0.21412217927595223, 0.16031870404662663], "k_pid_att": [76.20702671826085, 1.481344983126423, 0.5791059311200952], "k_pid_yaw": [0.5, 1e-06, 0.1], "k_pid_hsp": [5.3302054652021615, 0.7710807662947918, 0.6115672040212016], "k_pid_vsp": [167.09499822146233, 364.01236121133553, 164.03646748778237]}, "datetime": {"datetime": "2025-08-20 19:43:09", "elapsed": 28244.131379842758, "delta": 32.40086388587952}, "costs": {"total_cost": 657.7626758305368, "time_cost": 150, "final_distance_cost": 59.64375768954154, "oscillation_cost": 238.04195651952023, "completition_cost": 111.11111111111116, "overshoot_cost": 57.82157766561757, "power_cost": 24.047367541503906, "noise_cost": 17.09690530324221, "n_waypoints_completed": 8, "tot_waypoints": 9}}
{"target": -1428.7546616713687, "params": {"k_pid_pos": [1.9018136219232131, 0.4344422629558855, 0.6307579257295315], "k_pid_alt": [1.412670166985293, 0.45778637494791463, 0.9153919560714885], "k_pid_att": [90.69802855004416, 6.384177330259893, 0.4085840210580265], "k_pid_yaw": [0.5, 1e-06, 0.1], "k_pid_hsp": [0.8979033555574796, 0.11853587509964458, 0.32765656228217177], "k_pid_vsp": [3.2623922557462937, 146.35642274850528, 215.6693383049648]}, "datetime": {"datetime": "2025-08-20 19:43:36", "elapsed": 28271.383941173553, "delta": 27.252561330795288}, "costs": {"total_cost": 1428.7546616713687, "time_cost": 150, "final_distance_cost": 6.58320724723452, "oscillation_cost": 179.7557039701538, "completition_cost": 1000.0, "overshoot_cost": 59.555184720982744, "power_cost": 17.228871240234376, "noise_cost": 15.63169449276323, "n_waypoints_completed": 0, "tot_waypoints": 9}}
{"target": -1329.353521764101, "params": {"k_pid_pos": [0.8910375377495899, 0.32862406184597215, 0.20510782671276861], "k_pid_alt": [0.1617715460990914, 0.9075772520889154, 0.9355805593101719], "k_pid_att": [57.25833454263054, 1.5060377178723297, 0.801377393019821], "k_pid_yaw": [0.5, 1e-06, 0.1], "k_pid_hsp": [8.887156992958579, 0.9200113314559222, 0.7033726843433933], "k_pid_vsp": [70.80200552159752, 126.02906193664374, 346.6796533173894]}, "datetime": {"datetime": "2025-08-20 19:44:04", "elapsed": 28299.31783413887, "delta": 27.933892965316772}, "costs": {"total_cost": 1329.353521764101, "time_cost": 150, "final_distance_cost": 66.42944345097162, "oscillation_cost": 293.9140208873693, "completition_cost": 666.6666666666667, "overshoot_cost": 106.2075770623303, "power_cost": 25.89528709716797, "noise_cost": 20.24052659959518, "n_waypoints_completed": 3, "tot_waypoints": 9}}
