{"target": -422.96095471597926, "params": {"k_pid_pos": [1.6787063262749464, 0.06595209131319058, 0.6441927446218995], "k_pid_alt": [0.10850756929760852, 0.6499868089900425, 0.6334995894039852], "k_pid_att": [32.99146595181587, 6.221522010063289, 0.46787097882919604], "k_pid_yaw": [0.5, 1e-06, 0.1], "k_pid_hsp": [5.666584907350098, 0.4507358279620506, 0.7540858978117481], "k_pid_vsp": [57.08047894129544, 294.19529058847587, 46.745567227470396]}, "datetime": {"datetime": "2025-08-20 13:13:09", "elapsed": 4843.982679128647, "delta": 21.75227379798889}, "costs": {"total_cost": 422.96095471597926, "time_cost": 90.488, "final_distance_cost": 1.7747388130022532, "oscillation_cost": 234.91436239031302, "completition_cost": 0.0, "overshoot_cost": 62.71664022057061, "power_cost": 18.856414282226563, "noise_cost": 14.210799009866783, "n_waypoints_completed": 9, "tot_waypoints": 9}}
{"target": -936.8458649864094, "params": {"k_pid_pos": [0.9148345924349989, 0.28333013348339686, 0.7193684817135484], "k_pid_alt": [1.0700332378160162, 0.6433559290733153, 0.646041825773262], "k_pid_att": [47.91906990505043, 3.8212394642167973, 0.25816847757885564], "k_pid_yaw": [0.5, 1e-06, 0.1], "k_pid_hsp": [4.008006073704341, 0.5196138637923868, 0.9282243173719226], "k_pid_vsp": [397.323884096423, 219.58514321849893, 223.71963723656125]}, "datetime": {"datetime": "2025-08-20 13:13:33", "elapsed": 4867.714680194855, "delta": 23.732001066207886}, "costs": {"total_cost": 936.8458649864094, "time_cost": 150, "final_distance_cost": 63.74502854270386, "oscillation_cost": 300.8973387618665, "completition_cost": 333.33333333333337, "overshoot_cost": 48.28526604929151, "power_cost": 22.89519735107422, "noise_cost": 17.689700948139894, "n_waypoints_completed": 6, "tot_waypoints": 9}}
{"target": -879.2758121982675, "params": {"k_pid_pos": [0.5368151782301427, 0.30594154033448206, 0.14371226804872317], "k_pid_alt": [1.9882010985620635, 0.283574233112579, 0.16144044688141646], "k_pid_att": [88.36666296095301, 6.761196563634068, 0.28208850454914636], "k_pid_yaw": [0.5, 1e-06, 0.1], "k_pid_hsp": [7.995503219138173, 0.431672107864712, 0.6333254836697237], "k_pid_vsp": [300.1130180375637, 93.90993479287778, 348.9924435913068]}, "datetime": {"datetime": "2025-08-20 13:13:58", "elapsed": 4893.119227409363, "delta": 25.404547214508057}, "costs": {"total_cost": 879.2758121982675, "time_cost": 150, "final_distance_cost": 80.0332315588711, "oscillation_cost": 337.68415119972565, "completition_cost": 222.2222222222222, "overshoot_cost": 53.18344713162443, "power_cost": 20.255002575683594, "noise_cost": 15.897757510140561, "n_waypoints_completed": 7, "tot_waypoints": 9}}
{"target": -903.5906686108283, "params": {"k_pid_pos": [1.1377346375145032, 0.1128107361481363, 0.5014501717649297], "k_pid_alt": [0.7125990856090187, 0.6883349377901049, 0.8907303916364798], "k_pid_att": [5.948078564357262, 2.989601885595246, 0.939399824835946], "k_pid_yaw": [0.5, 1e-06, 0.1], "k_pid_hsp": [1.3849930230869474, 0.7284766538549253, 0.5904842704614821], "k_pid_vsp": [287.07932355259635, 290.5583437351081, 180.91865599202137]}, "datetime": {"datetime": "2025-08-20 13:14:25", "elapsed": 4919.554437875748, "delta": 26.435210466384888}, "costs": {"total_cost": 903.5906686108283, "time_cost": 150, "final_distance_cost": 48.33798281034095, "oscillation_cost": 173.31965983011767, "completition_cost": 444.4444444444444, "overshoot_cost": 48.97482276783384, "power_cost": 21.702570251464845, "noise_cost": 16.81118850662652, "n_waypoints_completed": 5, "tot_waypoints": 9}}
{"target": -1070.0891435886053, "params": {"k_pid_pos": [1.8052365361397371, 0.4717873304313044, 0.7349115265481234], "k_pid_alt": [0.1613069952838162, 0.731921657146725, 0.9018568262421188], "k_pid_att": [34.81785389089323, 0.5180848578586176, 0.7602752410046608], "k_pid_yaw": [0.5, 1e-06, 0.1], "k_pid_hsp": [4.9287450664379095, 0.41539624106981454, 0.9081291943241907], "k_pid_vsp": [264.569705197135, 37.29698374240463, 191.7702700226523]}, "datetime": {"datetime": "2025-08-20 13:14:48", "elapsed": 4942.820037603378, "delta": 23.265599727630615}, "costs": {"total_cost": 1070.0891435886053, "time_cost": 150, "final_distance_cost": 46.45548930509549, "oscillation_cost": 223.2288389303297, "completition_cost": 555.5555555555555, "overshoot_cost": 56.39930805261895, "power_cost": 21.45302518310547, "noise_cost": 16.996926561900178, "n_waypoints_completed": 4, "tot_waypoints": 9}}
{"target": -366.40639474812565, "params": {"k_pid_pos": [1.7138993544258239, 0.11270429338107368, 0.7242245743785628], "k_pid_alt": [0.914345085282525, 0.2194890326747495, 0.9621754292998045], "k_pid_att": [4.995502168532184, 9.396095496448671, 0.07097404281610631], "k_pid_yaw": [0.5, 1e-06, 0.1], "k_pid_hsp": [9.26791803951995, 0.6537829113445357, 0.3881640847926502], "k_pid_vsp": [273.6384452861879, 364.9742596439324, 26.452985002147123]}, "datetime": {"datetime": "2025-08-20 13:15:06", "elapsed": 4960.687654733658, "delta": 17.86761713027954}, "costs": {"total_cost": 366.40639474812565, "time_cost": 78.944, "final_distance_cost": 1.7896572384958704, "oscillation_cost": 191.6512687171829, "completition_cost": 0.0, "overshoot_cost": 50.735098667535695, "power_cost": 25.649676794433596, "noise_cost": 17.636693330477556, "n_waypoints_completed": 9, "tot_waypoints": 9}}
{"target": -1825.721094141603, "params": {"k_pid_pos": [0.27184211180493245, 0.6264044018795131, 0.7280921226800122], "k_pid_alt": [1.2628123481977795, 0.96546370612058, 0.2395028074004799], "k_pid_att": [1.7501642532962047, 8.080744541559433, 0.9654683754872656], "k_pid_yaw": [0.5, 1e-06, 0.1], "k_pid_hsp": [7.615640378516886, 0.10057326410200895, 0.37067069300490685], "k_pid_vsp": [250.70720426904847, 50.022290163751684, 278.8716724360427]}, "datetime": {"datetime": "2025-08-20 13:15:30", "elapsed": 4984.8886387348175, "delta": 24.200984001159668}, "costs": {"total_cost": 1825.721094141603, "time_cost": 150, "final_distance_cost": 9.753841989911095, "oscillation_cost": 412.328532517476, "completition_cost": 1000.0, "overshoot_cost": 137.77381809079196, "power_cost": 30.372126757812502, "noise_cost": 85.49277478561136, "n_waypoints_completed": 0, "tot_waypoints": 9}}
{"target": -1344.416296458982, "params": {"k_pid_pos": [0.5806898342729107, 0.5026851069432293, 0.8399624429573601], "k_pid_alt": [0.34638564038966146, 0.3051987247446323, 0.5893295500836582], "k_pid_att": [55.73358268726052, 5.654858177143858, 0.8399771519998369], "k_pid_yaw": [0.5, 1e-06, 0.1], "k_pid_hsp": [0.39331899958862326, 0.11591536297176652, 0.1196540806997094], "k_pid_vsp": [266.2958602792846, 278.2072894092832, 323.67170858543454]}, "datetime": {"datetime": "2025-08-20 13:15:55", "elapsed": 5010.480050325394, "delta": 25.591411590576172}, "costs": {"total_cost": 1344.416296458982, "time_cost": 150, "final_distance_cost": 89.97227588857497, "oscillation_cost": 247.97856626226505, "completition_cost": 777.7777777777778, "overshoot_cost": 41.89191610616921, "power_cost": 20.653043920898437, "noise_cost": 16.142716503296686, "n_waypoints_completed": 2, "tot_waypoints": 9}}
{"target": -1255.714921631654, "params": {"k_pid_pos": [1.8465063090824583, 0.7676345534291532, 0.5924330136356798], "k_pid_alt": [1.3780546828935323, 0.30282254274698006, 0.2651189690613738], "k_pid_att": [72.65200875945006, 1.0143034861645488, 0.9602433278700239], "k_pid_yaw": [0.5, 1e-06, 0.1], "k_pid_hsp": [3.7713730939933505, 0.10455335138590693, 0.15276127474695622], "k_pid_vsp": [15.341904616896063, 37.964180587944874, 249.16929752051698]}, "datetime": {"datetime": "2025-08-20 13:16:22", "elapsed": 5037.408410549164, "delta": 26.92836022377014}, "costs": {"total_cost": 1255.714921631654, "time_cost": 150, "final_distance_cost": 58.423515349768124, "oscillation_cost": 263.0376093083071, "completition_cost": 666.6666666666667, "overshoot_cost": 76.49130324832645, "power_cost": 20.93678125, "noise_cost": 20.159045808585624, "n_waypoints_completed": 3, "tot_waypoints": 9}}
{"target": -1201.0033844235668, "params": {"k_pid_pos": [0.642629307389882, 0.05174858838251084, 0.2084413508125118], "k_pid_alt": [1.6279372974658837, 0.35327595082182195, 0.051743753224062994], "k_pid_att": [16.336962572833556, 5.844806076930181, 0.23223006923898548], "k_pid_yaw": [0.5, 1e-06, 0.1], "k_pid_hsp": [4.251549855603064, 0.5396713504907926, 0.975869645411863], "k_pid_vsp": [127.50852172841402, 64.5903223260088, 166.02477223985656]}, "datetime": {"datetime": "2025-08-20 13:16:49", "elapsed": 5064.162043094635, "delta": 26.75363254547119}, "costs": {"total_cost": 1201.0033844235668, "time_cost": 150, "final_distance_cost": 41.897629976381474, "oscillation_cost": 346.1159332785587, "completition_cost": 555.5555555555555, "overshoot_cost": 69.23276026446985, "power_cost": 21.675008325195314, "noise_cost": 16.52649702340609, "n_waypoints_completed": 4, "tot_waypoints": 9}}
{"target": -1004.614558381624, "params": {"k_pid_pos": [0.3703046743924437, 0.2408519188095496, 0.6337786303306041], "k_pid_alt": [1.4185933660564376, 0.35323896045558156, 0.0958816271858417], "k_pid_att": [68.02746076633484, 3.0976803789316487, 0.15051092465253513], "k_pid_yaw": [0.5, 1e-06, 0.1], "k_pid_hsp": [8.428928324683529, 0.8766325867306015, 0.4531075085305819], "k_pid_vsp": [220.11938836030546, 88.6951941463123, 224.38447319646298]}, "datetime": {"datetime": "2025-08-20 13:17:15", "elapsed": 5089.861710309982, "delta": 25.69966721534729}, "costs": {"total_cost": 1004.614558381624, "time_cost": 150, "final_distance_cost": 74.99287034801641, "oscillation_cost": 358.4756266961505, "completition_cost": 333.33333333333337, "overshoot_cost": 50.718700749684324, "power_cost": 20.85704919433594, "noise_cost": 16.236978060103368, "n_waypoints_completed": 6, "tot_waypoints": 9}}
{"target": -1304.0163175554292, "params": {"k_pid_pos": [1.3347305306247774, 0.7583518955814496, 0.8639124916710537], "k_pid_alt": [1.9630356041615167, 0.24794010617135243, 0.3210967735226069], "k_pid_att": [17.285803373572207, 6.766916272900778, 0.7674948475065129], "k_pid_yaw": [0.5, 1e-06, 0.1], "k_pid_hsp": [8.067157741269083, 0.24093262884405087, 0.26017928016957603], "k_pid_vsp": [77.93592394424289, 170.82311179522088, 200.96628624242499]}, "datetime": {"datetime": "2025-08-20 13:17:41", "elapsed": 5115.662754058838, "delta": 25.80104374885559}, "costs": {"total_cost": 1304.0163175554292, "time_cost": 150, "final_distance_cost": 82.08862344183564, "oscillation_cost": 301.53581719188026, "completition_cost": 666.6666666666667, "overshoot_cost": 65.75113910945933, "power_cost": 21.133873376464845, "noise_cost": 16.840197769122376, "n_waypoints_completed": 3, "tot_waypoints": 9}}
{"target": -1306.8188883458397, "params": {"k_pid_pos": [0.8091023227101621, 0.25750965661076497, 0.10065352091145408], "k_pid_alt": [0.7916714771895088, 0.649689504297973, 0.8885100391787134], "k_pid_att": [65.1816216989377, 4.890333160824039, 0.5376094147116662], "k_pid_yaw": [0.5, 1e-06, 0.1], "k_pid_hsp": [1.6840696893938678, 0.6791572889265837, 0.9277863380037302], "k_pid_vsp": [162.8914506442909, 219.99766639787308, 253.9129736505185]}, "datetime": {"datetime": "2025-08-20 13:18:06", "elapsed": 5140.830371856689, "delta": 25.167617797851562}, "costs": {"total_cost": 1306.8188883458397, "time_cost": 150, "final_distance_cost": 85.65451640655739, "oscillation_cost": 215.02040005466407, "completition_cost": 777.7777777777778, "overshoot_cost": 42.90941463336399, "power_cost": 19.753036437988282, "noise_cost": 15.70374303548815, "n_waypoints_completed": 2, "tot_waypoints": 9}}
{"target": -1098.5935340170433, "params": {"k_pid_pos": [1.2079920855067832, 0.14560808968438055, 0.7492642969955985], "k_pid_alt": [1.1401116887421394, 0.8575628898126331, 0.1441657954374358], "k_pid_att": [90.86462281085309, 7.912427133458982, 0.7777484852154346], "k_pid_yaw": [0.5, 1e-06, 0.1], "k_pid_hsp": [6.167843535226511, 0.4764807266469936, 0.8591885662143521], "k_pid_vsp": [177.47999945593432, 123.74615625128435, 373.7454947186281]}, "datetime": {"datetime": "2025-08-20 13:18:30", "elapsed": 5165.481701135635, "delta": 24.651329278945923}, "costs": {"total_cost": 1098.5935340170433, "time_cost": 150, "final_distance_cost": 47.25052636728234, "oscillation_cost": 357.6873788256561, "completition_cost": 444.4444444444444, "overshoot_cost": 63.55847283189482, "power_cost": 19.73324158935547, "noise_cost": 15.919469958410499, "n_waypoints_completed": 5, "tot_waypoints": 9}}
{"target": -1161.2096011077545, "params": {"k_pid_pos": [0.42141955163852624, 0.6899869569154375, 0.3904337062149744], "k_pid_alt": [0.016566993307863376, 0.14306690377134357, 0.3299779143489575], "k_pid_att": [9.430208570607967, 8.338987252951094, 0.7783305583825733], "k_pid_yaw": [0.5, 1e-06, 0.1], "k_pid_hsp": [2.6674667080900116, 0.6408200022873123, 0.060890687653811226], "k_pid_vsp": [202.67142359996043, 332.95674285121476, 238.7274193313534]}, "datetime": {"datetime": "2025-08-20 13:18:55", "elapsed": 5190.316504478455, "delta": 24.834803342819214}, "costs": {"total_cost": 1161.2096011077545, "time_cost": 150, "final_distance_cost": 89.28545851608038, "oscillation_cost": 61.75330342002728, "completition_cost": 777.7777777777778, "overshoot_cost": 42.40636293665241, "power_cost": 23.21558350830078, "noise_cost": 16.771114948915827, "n_waypoints_completed": 2, "tot_waypoints": 9}}
{"target": -844.9373618514167, "params": {"k_pid_pos": [1.3137400953303688, 0.7207750640702597, 0.26697288249650963], "k_pid_alt": [0.5443163034813407, 0.6756046580364459, 0.1871831182994722], "k_pid_att": [41.77113956971563, 8.202261277020941, 0.10012944242100374], "k_pid_yaw": [0.5, 1e-06, 0.1], "k_pid_hsp": [7.256301451659583, 0.26976679117094426, 0.6766999711544801], "k_pid_vsp": [160.6396613029446, 386.70887469579486, 130.66878735769978]}, "datetime": {"datetime": "2025-08-20 13:19:20", "elapsed": 5214.901122808456, "delta": 24.58461833000183}, "costs": {"total_cost": 844.9373618514167, "time_cost": 150, "final_distance_cost": 55.079951170644215, "oscillation_cost": 213.81350842940708, "completition_cost": 333.33333333333337, "overshoot_cost": 52.241062889951394, "power_cost": 23.70921885986328, "noise_cost": 16.76028716821725, "n_waypoints_completed": 6, "tot_waypoints": 9}}
{"target": -762.3552230578955, "params": {"k_pid_pos": [1.7934156944536528, 0.7759997542385686, 0.32126978247294447], "k_pid_alt": [0.2740021285991525, 0.18115735398322497, 0.8503768389815785], "k_pid_att": [24.687067563361676, 1.8029767117732425, 0.17137525865307435], "k_pid_yaw": [0.5, 1e-06, 0.1], "k_pid_hsp": [5.972458225618977, 0.4240182930179247, 0.2420152739131235], "k_pid_vsp": [9.607606909759436, 136.63808085024112, 51.85930276069394]}, "datetime": {"datetime": "2025-08-20 13:19:45", "elapsed": 5239.552503108978, "delta": 24.65138030052185}, "costs": {"total_cost": 762.3552230578955, "time_cost": 150, "final_distance_cost": 77.75314216308911, "oscillation_cost": 216.24817571733465, "completition_cost": 222.2222222222222, "overshoot_cost": 54.7044018940439, "power_cost": 23.660872509765625, "noise_cost": 17.766408551440065, "n_waypoints_completed": 7, "tot_waypoints": 9}}
{"target": -1233.2356313909368, "params": {"k_pid_pos": [0.3190533310714718, 0.9159204137037953, 0.29409924986047786], "k_pid_alt": [1.5401981281389563, 0.8554882995273915, 0.4664659073130917], "k_pid_att": [31.21099696438906, 7.266679303191451, 0.8411327859022323], "k_pid_yaw": [0.5, 1e-06, 0.1], "k_pid_hsp": [4.320865014499797, 0.5052618609501468, 0.6730817700481496], "k_pid_vsp": [92.02585648045786, 391.3911587468754, 281.06882920052414]}, "datetime": {"datetime": "2025-08-20 13:20:09", "elapsed": 5264.236282587051, "delta": 24.68377947807312}, "costs": {"total_cost": 1233.2356313909368, "time_cost": 150, "final_distance_cost": 87.22637936705091, "oscillation_cost": 105.65164892162392, "completition_cost": 777.7777777777778, "overshoot_cost": 69.98477281587597, "power_cost": 24.15786901855469, "noise_cost": 18.437183490053386, "n_waypoints_completed": 2, "tot_waypoints": 9}}
{"target": -1028.7457969607271, "params": {"k_pid_pos": [1.0604924405936424, 0.5803369472142093, 0.4992494834890926], "k_pid_alt": [0.733314737844077, 0.8674731889574009, 0.25627046957326827], "k_pid_att": [96.06337696732822, 1.7824507730658548, 0.8705026058005819], "k_pid_yaw": [0.5, 1e-06, 0.1], "k_pid_hsp": [3.4094087348271827, 0.021077448361174422, 0.3459583010938573], "k_pid_vsp": [156.36371018153494, 322.2206556708923, 207.40026035714695]}, "datetime": {"datetime": "2025-08-20 13:20:33", "elapsed": 5288.087340116501, "delta": 23.851057529449463}, "costs": {"total_cost": 1028.7457969607271, "time_cost": 150, "final_distance_cost": 50.51492426232916, "oscillation_cost": 284.5185849595552, "completition_cost": 444.4444444444444, "overshoot_cost": 57.516339954505376, "power_cost": 24.193159887695312, "noise_cost": 17.55834345219763, "n_waypoints_completed": 5, "tot_waypoints": 9}}
{"target": -930.4161570751966, "params": {"k_pid_pos": [1.5227778292564829, 0.6771870056373579, 0.18791168714269457], "k_pid_alt": [1.7704703484536506, 0.28327092799570164, 0.6769849760604288], "k_pid_att": [20.19880346287348, 8.101519960605103, 0.16654582466691858], "k_pid_yaw": [0.5, 1e-06, 0.1], "k_pid_hsp": [8.64194476733788, 0.6570602250814951, 0.32908205688337033], "k_pid_vsp": [394.4585004132172, 248.6070360954424, 385.19767140285006]}, "datetime": {"datetime": "2025-08-20 13:20:59", "elapsed": 5314.119636297226, "delta": 26.032296180725098}, "costs": {"total_cost": 930.4161570751966, "time_cost": 150, "final_distance_cost": 60.42331953236714, "oscillation_cost": 296.5509161223326, "completition_cost": 333.33333333333337, "overshoot_cost": 55.725414726782056, "power_cost": 19.629781262207032, "noise_cost": 14.753392098174267, "n_waypoints_completed": 6, "tot_waypoints": 9}}
{"target": -1215.0664666097189, "params": {"k_pid_pos": [1.6322251666135486, 0.43358764812779327, 0.5005272176774485], "k_pid_alt": [1.3359967893942424, 0.8144079860041697, 0.9669440793073172], "k_pid_att": [66.84141996074275, 0.4262021829098448, 0.42402427113832364], "k_pid_yaw": [0.5, 1e-06, 0.1], "k_pid_hsp": [4.773074729478748, 0.296297080580336, 0.8643274360332631], "k_pid_vsp": [106.93444583411735, 271.3880877585611, 312.6789307214769]}, "datetime": {"datetime": "2025-08-20 13:21:25", "elapsed": 5339.5744524002075, "delta": 25.454816102981567}, "costs": {"total_cost": 1215.0664666097189, "time_cost": 150, "final_distance_cost": 53.020895564096925, "oscillation_cost": 235.91166163874144, "completition_cost": 666.6666666666667, "overshoot_cost": 67.77269621315811, "power_cost": 22.222881445312503, "noise_cost": 19.471665081743453, "n_waypoints_completed": 3, "tot_waypoints": 9}}
{"target": -424.0428578304337, "params": {"k_pid_pos": [0.8320330547150115, 0.5435839025892264, 0.5538147045772743], "k_pid_alt": [0.9721703213987656, 0.0046608621393902094, 0.5891487323351483], "k_pid_att": [59.758572109884945, 8.66537390821245, 0.8603631947224892], "k_pid_yaw": [0.5, 1e-06, 0.1], "k_pid_hsp": [6.780974328905306, 0.45412554945780825, 0.7982578477794925], "k_pid_vsp": [43.33454926008598, 352.3463605767696, 135.54923612678633]}, "datetime": {"datetime": "2025-08-20 13:21:48", "elapsed": 5363.109300136566, "delta": 23.534847736358643}, "costs": {"total_cost": 424.0428578304337, "time_cost": 93.72, "final_distance_cost": 1.7659322998015456, "oscillation_cost": 238.26286614945772, "completition_cost": 0.0, "overshoot_cost": 53.686408282382345, "power_cost": 20.712889013671877, "noise_cost": 15.894762085120233, "n_waypoints_completed": 9, "tot_waypoints": 9}}
{"target": -1068.0152033507673, "params": {"k_pid_pos": [1.6724689627381675, 0.774223632422827, 0.5706319921155794], "k_pid_alt": [0.3962799188504782, 0.43058899142820706, 0.4723126682975457], "k_pid_att": [81.43911701100724, 1.403348459660758, 0.9936926863594606], "k_pid_yaw": [0.5, 1e-06, 0.1], "k_pid_hsp": [1.1672745803155111, 0.6958523299840903, 0.15143009244925698], "k_pid_vsp": [157.32019870156128, 45.015314589985834, 225.1612413143954]}, "datetime": {"datetime": "2025-08-20 13:22:13", "elapsed": 5388.084902763367, "delta": 24.975602626800537}, "costs": {"total_cost": 1068.0152033507673, "time_cost": 150, "final_distance_cost": 51.46852374973672, "oscillation_cost": 208.1102386275745, "completition_cost": 555.5555555555555, "overshoot_cost": 63.725144445305844, "power_cost": 19.788487231445313, "noise_cost": 19.367253741149458, "n_waypoints_completed": 4, "tot_waypoints": 9}}
{"target": -982.8432571007193, "params": {"k_pid_pos": [1.0246511641518112, 0.024203628180976766, 0.4340918918410489], "k_pid_alt": [0.9000141537622623, 0.9525053368978549, 0.04618347066051798], "k_pid_att": [65.12024983380033, 3.4737493958906542, 0.3778987175480377], "k_pid_yaw": [0.5, 1e-06, 0.1], "k_pid_hsp": [7.01158074042889, 0.3229523878687901, 0.9330611199533927], "k_pid_vsp": [152.46563124367435, 100.59632282158935, 245.31577482338344]}, "datetime": {"datetime": "2025-08-20 13:22:37", "elapsed": 5412.228462219238, "delta": 24.143559455871582}, "costs": {"total_cost": 982.8432571007193, "time_cost": 150, "final_distance_cost": 64.85603727537922, "oscillation_cost": 323.5133448525127, "completition_cost": 333.33333333333337, "overshoot_cost": 71.04665494060157, "power_cost": 22.40855489501953, "noise_cost": 17.685331803872916, "n_waypoints_completed": 6, "tot_waypoints": 9}}
