{"target": -686.0776732377701, "params": {"k_pid_pos": [1.0376129325216563, 0.693856526795929, 0.06617571135161915], "k_pid_alt": [1.3314085663267, 0.6961546235070827, 0.1469194191055163], "k_pid_att": [3.9773415995428607, 6.693270909154358, 0.9650543515886753], "k_pid_yaw": [0.5, 1e-06, 0.1], "k_pid_hsp": [0.7806167729230369, 0.26716788445490425, 0.42866862538174166], "k_pid_vsp": [269.5527353909295, 381.67161647119207, 3.440783154425967]}, "datetime": {"datetime": "2025-08-20 21:09:41", "elapsed": 33435.86367583275, "delta": 29.640035152435303}, "costs": {"total_cost": 686.0776732377701, "time_cost": 150, "final_distance_cost": 60.36460431255475, "oscillation_cost": 159.53579568331418, "completition_cost": 222.2222222222222, "overshoot_cost": 58.03476952709333, "power_cost": 19.159829199218752, "noise_cost": 16.76045229336695, "n_waypoints_completed": 7, "tot_waypoints": 9}}
{"target": -1176.8804123065142, "params": {"k_pid_pos": [0.20026957960357838, 0.2931341754078526, 0.34739759899462563], "k_pid_alt": [1.5874620690761305, 0.6602339217124642, 0.1639766368634118], "k_pid_att": [77.96674089020928, 9.677588041162155, 0.2633532157306836], "k_pid_yaw": [0.5, 1e-06, 0.1], "k_pid_hsp": [5.421266044164254, 0.7951184008859883, 0.9630904272622054], "k_pid_vsp": [397.41340279169776, 10.467551187815902, 71.45186015642051]}, "datetime": {"datetime": "2025-08-20 21:10:10", "elapsed": 33465.18952083588, "delta": 29.32584500312805}, "costs": {"total_cost": 1176.8804123065142, "time_cost": 150, "final_distance_cost": 46.131962327822336, "oscillation_cost": 339.90221634242045, "completition_cost": 555.5555555555555, "overshoot_cost": 45.78544359509957, "power_cost": 22.33376989746094, "noise_cost": 17.1714645881553, "n_waypoints_completed": 4, "tot_waypoints": 9}}
{"target": -1007.2889137643693, "params": {"k_pid_pos": [1.4274118038102794, 0.7102844143580611, 0.4547328997643666], "k_pid_alt": [1.5344632441551207, 0.7191920602177216, 0.8668456199265998], "k_pid_att": [64.61334144777283, 5.392275986647575, 0.3169778824483076], "k_pid_yaw": [0.5, 1e-06, 0.1], "k_pid_hsp": [5.096253396031864, 0.22698907349420394, 0.17204147053926233], "k_pid_vsp": [238.09466039780466, 122.91816894750254, 303.1265830282227]}, "datetime": {"datetime": "2025-08-20 21:10:45", "elapsed": 33499.524507284164, "delta": 34.334986448287964}, "costs": {"total_cost": 1007.2889137643693, "time_cost": 150, "final_distance_cost": 52.84779894380252, "oscillation_cost": 264.0468488800025, "completition_cost": 444.4444444444444, "overshoot_cost": 55.704181891271126, "power_cost": 22.72191007080078, "noise_cost": 17.52372953404805, "n_waypoints_completed": 5, "tot_waypoints": 9}}
{"target": -1208.3953707754292, "params": {"k_pid_pos": [1.3772029112341158, 0.177823417210495, 0.7780635081381667], "k_pid_alt": [0.6809975060824696, 0.7877230734443394, 0.6095541262740498], "k_pid_att": [18.941567345019195, 7.217529721567382, 0.7071014071001852], "k_pid_yaw": [0.5, 1e-06, 0.1], "k_pid_hsp": [5.491777237830395, 0.4941125760838615, 0.644500311445912], "k_pid_vsp": [24.832303563599023, 166.68313095929014, 95.74668070280589]}, "datetime": {"datetime": "2025-08-20 21:11:18", "elapsed": 33532.6966445446, "delta": 33.17213726043701}, "costs": {"total_cost": 1208.3953707754292, "time_cost": 150, "final_distance_cost": 38.52696538386925, "oscillation_cost": 353.1050221284555, "completition_cost": 555.5555555555555, "overshoot_cost": 72.38238748808003, "power_cost": 20.441101147460937, "noise_cost": 18.384339072008004, "n_waypoints_completed": 4, "tot_waypoints": 9}}
{"target": -444.3051159006209, "params": {"k_pid_pos": [0.5291781710779694, 0.07701759495143279, 0.1987389252963182], "k_pid_alt": [1.7237603760567617, 0.04077054914542333, 0.5875811797663699], "k_pid_att": [71.55014746450632, 1.6777740189693893, 0.1488905627397903], "k_pid_yaw": [0.5, 1e-06, 0.1], "k_pid_hsp": [9.974958008559307, 0.8372700192811777, 0.5409510801117656], "k_pid_vsp": [283.44402338980814, 305.6165835695965, 38.91546674610909]}, "datetime": {"datetime": "2025-08-20 21:11:48", "elapsed": 33563.45920395851, "delta": 30.762559413909912}, "costs": {"total_cost": 444.3051159006209, "time_cost": 86.544, "final_distance_cost": 1.826438761313024, "oscillation_cost": 271.512878805556, "completition_cost": 0.0, "overshoot_cost": 52.165615044286994, "power_cost": 17.434027795410156, "noise_cost": 14.82215549405469, "n_waypoints_completed": 9, "tot_waypoints": 9}}
{"target": -594.2704564941259, "params": {"k_pid_pos": [1.641522131036226, 0.9241260360320217, 0.5304987255719329], "k_pid_alt": [1.7896726364181514, 0.7728107755829771, 0.9427165501160544], "k_pid_att": [79.15616560605628, 4.219596257078952, 0.5662641882243941], "k_pid_yaw": [0.5, 1e-06, 0.1], "k_pid_hsp": [5.471380324376395, 0.7913995402799118, 0.542634486346742], "k_pid_vsp": [283.8862000904787, 386.52693673045206, 246.15644380425346]}, "datetime": {"datetime": "2025-08-20 21:12:17", "elapsed": 33592.35469651222, "delta": 28.895492553710938}, "costs": {"total_cost": 594.2704564941259, "time_cost": 150, "final_distance_cost": 67.13077097474478, "oscillation_cost": 171.6097898031605, "completition_cost": 111.11111111111116, "overshoot_cost": 53.24240142655479, "power_cost": 23.361170947265627, "noise_cost": 17.81521223128919, "n_waypoints_completed": 8, "tot_waypoints": 9}}
{"target": -357.6025938029516, "params": {"k_pid_pos": [1.3456390962641285, 0.505863585390897, 0.6889033074224788], "k_pid_alt": [0.4701634318771344, 0.38349280084910753, 0.1343021122341126], "k_pid_att": [10.265170273283008, 9.027205720031771, 0.6809017325618832], "k_pid_yaw": [0.5, 1e-06, 0.1], "k_pid_hsp": [7.624025544584297, 0.6583594524156725, 0.2218888220385502], "k_pid_vsp": [22.320917682171128, 309.1564115729718, 30.216316075756204]}, "datetime": {"datetime": "2025-08-20 21:12:54", "elapsed": 33629.51857686043, "delta": 37.163880348205566}, "costs": {"total_cost": 357.6025938029516, "time_cost": 91.792, "final_distance_cost": 1.7191865697960327, "oscillation_cost": 179.18337229785072, "completition_cost": 0.0, "overshoot_cost": 53.043785755147326, "power_cost": 18.148507055664062, "noise_cost": 13.715742124493449, "n_waypoints_completed": 9, "tot_waypoints": 9}}
{"target": -807.229573708231, "params": {"k_pid_pos": [1.2706159597461057, 0.5151086749839735, 0.3796643511256239], "k_pid_alt": [1.0695759506468299, 0.09469455677207672, 0.7240502261187522], "k_pid_att": [46.02385177830672, 3.65774279502379, 0.5213796730009602], "k_pid_yaw": [0.5, 1e-06, 0.1], "k_pid_hsp": [8.510631443954725, 0.2972251933748462, 0.49741573263662986], "k_pid_vsp": [337.7376205856237, 266.8267135398862, 392.4090057946721]}, "datetime": {"datetime": "2025-08-20 21:13:29", "elapsed": 33664.03793716431, "delta": 34.519360303878784}, "costs": {"total_cost": 807.229573708231, "time_cost": 150, "final_distance_cost": 75.51475951419482, "oscillation_cost": 267.8622218375571, "completition_cost": 222.2222222222222, "overshoot_cost": 55.806047326716275, "power_cost": 20.505044934082033, "noise_cost": 15.319277873458688, "n_waypoints_completed": 7, "tot_waypoints": 9}}
{"target": -660.1529285595107, "params": {"k_pid_pos": [1.2416969079741147, 0.9428642376434169, 0.09337407089730432], "k_pid_alt": [0.9278922831847911, 0.06455952797588504, 0.7396301989192957], "k_pid_att": [41.17055047448589, 4.235089534904689, 0.4064554575589211], "k_pid_yaw": [0.5, 1e-06, 0.1], "k_pid_hsp": [8.687189337162154, 0.21695326732732156, 0.5222874675350155], "k_pid_vsp": [289.88368262026944, 197.89661237262385, 192.09995192590156]}, "datetime": {"datetime": "2025-08-20 21:13:58", "elapsed": 33692.57380318642, "delta": 28.535866022109985}, "costs": {"total_cost": 660.1529285595107, "time_cost": 150, "final_distance_cost": 57.49701364812545, "oscillation_cost": 133.5050211262939, "completition_cost": 222.2222222222222, "overshoot_cost": 58.51174856607944, "power_cost": 22.351642199707033, "noise_cost": 16.065280797082707, "n_waypoints_completed": 7, "tot_waypoints": 9}}
{"target": -1121.455408149081, "params": {"k_pid_pos": [1.966590255463689, 0.7170747257166125, 0.20694193909244363], "k_pid_alt": [0.6091322166767061, 0.6271065613825363, 0.20296347228519884], "k_pid_att": [34.385564417894656, 3.578568870715281, 0.9717570703282338], "k_pid_yaw": [0.5, 1e-06, 0.1], "k_pid_hsp": [1.0026102937511245, 0.20081987746131025, 0.9665737920689214], "k_pid_vsp": [371.3363606747645, 342.4111923208848, 99.20034080030516]}, "datetime": {"datetime": "2025-08-20 21:14:29", "elapsed": 33723.63144850731, "delta": 31.057645320892334}, "costs": {"total_cost": 1121.455408149081, "time_cost": 150, "final_distance_cost": 48.67607189116387, "oscillation_cost": 154.24713123144446, "completition_cost": 666.6666666666667, "overshoot_cost": 63.28798267983239, "power_cost": 21.821360217285157, "noise_cost": 16.75619546268842, "n_waypoints_completed": 3, "tot_waypoints": 9}}
{"target": -366.8941904673643, "params": {"k_pid_pos": [1.3270760395796883, 0.14456169687797205, 0.2501786196139669], "k_pid_alt": [1.7584361161302116, 0.0815459542334579, 0.6064799556593528], "k_pid_att": [56.60755680143532, 1.9150989220181756, 0.8154214576325466], "k_pid_yaw": [0.5, 1e-06, 0.1], "k_pid_hsp": [2.2687444112400956, 0.9652654531928198, 0.27183988328241315], "k_pid_vsp": [108.61448719816758, 301.27736506479977, 106.04754331938278]}, "datetime": {"datetime": "2025-08-20 21:15:00", "elapsed": 33755.05348157883, "delta": 31.422033071517944}, "costs": {"total_cost": 366.8941904673643, "time_cost": 83.488, "final_distance_cost": 1.770111712754944, "oscillation_cost": 197.43013497434086, "completition_cost": 0.0, "overshoot_cost": 51.245041833297336, "power_cost": 18.81663536376953, "noise_cost": 14.144266583201597, "n_waypoints_completed": 9, "tot_waypoints": 9}}
{"target": -1109.574100909548, "params": {"k_pid_pos": [1.6722954865746977, 0.3203051642697923, 0.5784772437878953], "k_pid_alt": [0.9597455381525783, 0.03855360816401243, 0.688381096754217], "k_pid_att": [66.54179495786083, 0.17065776797324372, 0.22484873505827618], "k_pid_yaw": [0.5, 1e-06, 0.1], "k_pid_hsp": [5.262891623980277, 0.8271243970762026, 0.8703121474502197], "k_pid_vsp": [150.61917022152323, 321.0797290044936, 395.7656328020254]}, "datetime": {"datetime": "2025-08-20 21:15:34", "elapsed": 33789.34331846237, "delta": 34.28983688354492}, "costs": {"total_cost": 1109.574100909548, "time_cost": 150, "final_distance_cost": 44.861585986386345, "oscillation_cost": 269.4017122757322, "completition_cost": 555.5555555555555, "overshoot_cost": 50.45765054981623, "power_cost": 21.27120662841797, "noise_cost": 18.026389913639715, "n_waypoints_completed": 4, "tot_waypoints": 9}}
{"target": -1388.6461364927482, "params": {"k_pid_pos": [1.8469393973763686, 0.7551532416034727, 0.08835008765435204], "k_pid_alt": [0.2454362339294991, 0.9071876928670204, 0.5773316935012262], "k_pid_att": [58.04640716571703, 1.9534613809864148, 0.6131526009176697], "k_pid_yaw": [0.5, 1e-06, 0.1], "k_pid_hsp": [1.6905730252732156, 0.42863734805954545, 0.09475947988321731], "k_pid_vsp": [253.3653749933967, 0.12379609580897422, 261.9684638266993]}, "datetime": {"datetime": "2025-08-20 21:16:10", "elapsed": 33824.60447907448, "delta": 35.26116061210632}, "costs": {"total_cost": 1388.6461364927482, "time_cost": 150, "final_distance_cost": 37.873174917203315, "oscillation_cost": 76.78872215847898, "completition_cost": 1000.0, "overshoot_cost": 83.15572463731542, "power_cost": 22.060334191894533, "noise_cost": 18.768180587855987, "n_waypoints_completed": 0, "tot_waypoints": 9}}
{"target": -721.1251035839013, "params": {"k_pid_pos": [1.8589671765941178, 0.4239616845933638, 0.5890437397654487], "k_pid_alt": [1.8680964072225474, 0.95692722582627, 0.4072749883706741], "k_pid_att": [62.10980896423668, 1.6682466470654327, 0.73563862434804], "k_pid_yaw": [0.5, 1e-06, 0.1], "k_pid_hsp": [3.061613674009494, 0.6312492421741387, 0.38549536821422514], "k_pid_vsp": [328.4731963722426, 64.42120107180158, 100.73077763043614]}, "datetime": {"datetime": "2025-08-20 21:16:42", "elapsed": 33857.28704357147, "delta": 32.68256449699402}, "costs": {"total_cost": 721.1251035839013, "time_cost": 150, "final_distance_cost": 67.67901836233509, "oscillation_cost": 190.9179479063691, "completition_cost": 222.2222222222222, "overshoot_cost": 54.38096014405144, "power_cost": 20.701037622070313, "noise_cost": 15.223917326853067, "n_waypoints_completed": 7, "tot_waypoints": 9}}
{"target": -1491.8795397425843, "params": {"k_pid_pos": [0.2009411587100214, 0.922655537041793, 0.9453132058335229], "k_pid_alt": [0.011422939111304764, 0.7178296713044511, 0.16951880861147794], "k_pid_att": [28.84776125099735, 9.134813289592755, 0.09120496357836383], "k_pid_yaw": [0.5, 1e-06, 0.1], "k_pid_hsp": [6.0077314296454105, 0.653352569629377, 0.9994890336037044], "k_pid_vsp": [192.42341871651885, 236.8258117960049, 284.2167584408477]}, "datetime": {"datetime": "2025-08-20 21:17:11", "elapsed": 33886.30410408974, "delta": 29.01706051826477}, "costs": {"total_cost": 1491.8795397425843, "time_cost": 150, "final_distance_cost": 65.45694035389933, "oscillation_cost": 293.8347095964035, "completition_cost": 888.8888888888888, "overshoot_cost": 51.50130456915955, "power_cost": 24.63077208251953, "noise_cost": 17.566924251713314, "n_waypoints_completed": 1, "tot_waypoints": 9}}
{"target": -1162.752641482789, "params": {"k_pid_pos": [0.3043134733751715, 0.12382650023278863, 0.8933642821665568], "k_pid_alt": [0.42749268586673317, 0.47252917383115556, 0.176649550174512], "k_pid_att": [22.030095815083417, 0.4018179646588389, 0.6141746410960814], "k_pid_yaw": [0.5, 1e-06, 0.1], "k_pid_hsp": [7.129493980429825, 0.4196769959415477, 0.5866432682876276], "k_pid_vsp": [144.68282502133826, 326.8102462588778, 82.22850306992338]}, "datetime": {"datetime": "2025-08-20 21:17:45", "elapsed": 33920.35345673561, "delta": 34.04935264587402}, "costs": {"total_cost": 1162.752641482789, "time_cost": 150, "final_distance_cost": 46.284654123202735, "oscillation_cost": 325.1282019245369, "completition_cost": 555.5555555555555, "overshoot_cost": 50.88067981810215, "power_cost": 19.328847875976564, "noise_cost": 15.57470218541504, "n_waypoints_completed": 4, "tot_waypoints": 9}}
{"target": -1450.2830750781836, "params": {"k_pid_pos": [0.044418676407430906, 0.31759215662852847, 0.3377700967825167], "k_pid_alt": [0.43416116177205866, 0.25158568067651277, 0.9998396174906217], "k_pid_att": [60.346782791268204, 4.7363871589966715, 0.5098859941347691], "k_pid_yaw": [0.5, 1e-06, 0.1], "k_pid_hsp": [4.5214969530666504, 0.5885392550993918, 0.8952869506216043], "k_pid_vsp": [203.6078015047642, 296.7230401562772, 246.22554904257177]}, "datetime": {"datetime": "2025-08-20 21:18:15", "elapsed": 33949.95648574829, "delta": 29.603029012680054}, "costs": {"total_cost": 1450.2830750781836, "time_cost": 150, "final_distance_cost": 86.65068061793549, "oscillation_cost": 348.85537111809896, "completition_cost": 777.7777777777778, "overshoot_cost": 51.97865166492332, "power_cost": 19.564255786132815, "noise_cost": 15.45633811331518, "n_waypoints_completed": 2, "tot_waypoints": 9}}
{"target": -1344.9754247127282, "params": {"k_pid_pos": [0.8303776608950928, 0.6399737254065215, 0.7894246775922225], "k_pid_alt": [1.3020538787935305, 0.43814022773935046, 0.08871160336209905], "k_pid_att": [74.11300392630913, 3.8527015262590454, 0.3360942112976618], "k_pid_yaw": [0.5, 1e-06, 0.1], "k_pid_hsp": [1.183230185982721, 0.33130478184503787, 0.9446094817364837], "k_pid_vsp": [17.44645261171258, 95.26443290150432, 81.53368768681777]}, "datetime": {"datetime": "2025-08-20 21:18:53", "elapsed": 33987.73671221733, "delta": 37.78022646903992}, "costs": {"total_cost": 1344.9754247127282, "time_cost": 150, "final_distance_cost": 69.97050190645456, "oscillation_cost": 353.8740006348798, "completition_cost": 666.6666666666667, "overshoot_cost": 66.84357306303488, "power_cost": 21.08432716064453, "noise_cost": 16.536355281047626, "n_waypoints_completed": 3, "tot_waypoints": 9}}
{"target": -354.64749476936873, "params": {"k_pid_pos": [0.8531926410821438, 0.055642697587574785, 0.026104881346326714], "k_pid_alt": [0.8694899252830981, 0.1552550404618337, 0.1514661112355996], "k_pid_att": [13.869751865404911, 3.372091727007862, 0.43987071489604734], "k_pid_yaw": [0.5, 1e-06, 0.1], "k_pid_hsp": [5.462336522921247, 0.5659894314834286, 0.3174534134800424], "k_pid_vsp": [245.15605990924297, 381.9676160629493, 166.89268685354054]}, "datetime": {"datetime": "2025-08-20 21:19:19", "elapsed": 34014.421763420105, "delta": 26.685051202774048}, "costs": {"total_cost": 354.64749476936873, "time_cost": 87.768, "final_distance_cost": 1.7169925809858004, "oscillation_cost": 181.48330700135864, "completition_cost": 0.0, "overshoot_cost": 51.37785679425112, "power_cost": 18.661448376464843, "noise_cost": 13.63989001630835, "n_waypoints_completed": 9, "tot_waypoints": 9}}
{"target": -806.4510561164209, "params": {"k_pid_pos": [0.6509761694752715, 0.7748296911179713, 0.5857097781264825], "k_pid_alt": [1.6034882429307191, 0.6988473416874069, 0.8671323728076656], "k_pid_att": [3.688388844751378, 4.994187642520381, 0.41121275451236006], "k_pid_yaw": [0.5, 1e-06, 0.1], "k_pid_hsp": [5.1291250786426135, 0.8735930722436305, 0.6213927691900402], "k_pid_vsp": [12.7979465915121, 273.62796720545197, 60.919777199557885]}, "datetime": {"datetime": "2025-08-20 21:19:49", "elapsed": 34044.295318603516, "delta": 29.873555183410645}, "costs": {"total_cost": 806.4510561164209, "time_cost": 150, "final_distance_cost": 73.01682326129641, "oscillation_cost": 153.98370401993034, "completition_cost": 333.33333333333337, "overshoot_cost": 56.60730259660355, "power_cost": 22.88091463623047, "noise_cost": 16.62897826902684, "n_waypoints_completed": 6, "tot_waypoints": 9}}
{"target": -1067.6710808869984, "params": {"k_pid_pos": [1.3911871157765139, 0.2990049413563415, 0.7630864122838273], "k_pid_alt": [0.48475572482674933, 0.08651582021485893, 0.5465059522597232], "k_pid_att": [80.74089909980934, 1.5288409113173254, 0.9970082285393546], "k_pid_yaw": [0.5, 1e-06, 0.1], "k_pid_hsp": [1.719622397873634, 0.868443281960569, 0.9700272210196711], "k_pid_vsp": [240.2053171698244, 226.08528671829998, 113.78740057406667]}, "datetime": {"datetime": "2025-08-20 21:20:29", "elapsed": 34084.49742603302, "delta": 40.202107429504395}, "costs": {"total_cost": 1067.6710808869984, "time_cost": 150, "final_distance_cost": 55.85017005029342, "oscillation_cost": 217.64053375247394, "completition_cost": 555.5555555555555, "overshoot_cost": 50.64107442308096, "power_cost": 21.980967358398438, "noise_cost": 16.0027797471963, "n_waypoints_completed": 4, "tot_waypoints": 9}}
{"target": -872.1965301646476, "params": {"k_pid_pos": [0.48229446442198465, 0.20018534515144149, 0.6145881875380842], "k_pid_alt": [0.7452723121893967, 0.6163028057853194, 0.6341068340257052], "k_pid_att": [30.04278843575787, 1.402626233714471, 0.025779184769604502], "k_pid_yaw": [0.5, 1e-06, 0.1], "k_pid_hsp": [3.6158121983336287, 0.7475027337118331, 0.07642432385334141], "k_pid_vsp": [349.3894671750287, 307.1302807590472, 34.47896454675363]}, "datetime": {"datetime": "2025-08-20 21:20:59", "elapsed": 34114.318534612656, "delta": 29.82110857963562}, "costs": {"total_cost": 872.1965301646476, "time_cost": 150, "final_distance_cost": 64.42119503714302, "oscillation_cost": 356.32636638487895, "completition_cost": 222.2222222222222, "overshoot_cost": 47.079628016519365, "power_cost": 18.172077575683595, "noise_cost": 13.975040928200455, "n_waypoints_completed": 7, "tot_waypoints": 9}}
{"target": -708.2522711283036, "params": {"k_pid_pos": [1.7148253354213827, 0.11020584846989812, 0.04008228432106553], "k_pid_alt": [1.6767193439791148, 0.09011471602382681, 0.39441205684464387], "k_pid_att": [27.37613199765302, 3.1197492902453647, 0.026819952121115986], "k_pid_yaw": [0.5, 1e-06, 0.1], "k_pid_hsp": [1.4072018647498343, 0.17689207465682688, 0.38405783045305153], "k_pid_vsp": [210.15295948108462, 395.9058582371474, 138.62769009689964]}, "datetime": {"datetime": "2025-08-20 21:21:34", "elapsed": 34149.20368862152, "delta": 34.885154008865356}, "costs": {"total_cost": 708.2522711283036, "time_cost": 150, "final_distance_cost": 70.25973692225054, "oscillation_cost": 185.20891645969758, "completition_cost": 222.2222222222222, "overshoot_cost": 44.395002371916554, "power_cost": 20.91593913574219, "noise_cost": 15.250454016474624, "n_waypoints_completed": 7, "tot_waypoints": 9}}
{"target": -907.3317677773142, "params": {"k_pid_pos": [1.8294339449930286, 0.4794508960472753, 0.8696793083043315], "k_pid_alt": [1.0853847450697658, 0.8108362631541869, 0.29227748656315666], "k_pid_att": [50.318762346939074, 1.5986161682379565, 0.4902739834124308], "k_pid_yaw": [0.5, 1e-06, 0.1], "k_pid_hsp": [8.431578749712786, 0.5074281306715203, 0.2013125663018066], "k_pid_vsp": [55.58967112329447, 56.574789810070655, 155.45996183669467]}, "datetime": {"datetime": "2025-08-20 21:22:03", "elapsed": 34178.18050765991, "delta": 28.976819038391113}, "costs": {"total_cost": 907.3317677773142, "time_cost": 150, "final_distance_cost": 59.019422587724726, "oscillation_cost": 265.42684552768446, "completition_cost": 333.33333333333337, "overshoot_cost": 60.96892217203597, "power_cost": 18.246651623535158, "noise_cost": 20.336592533000548, "n_waypoints_completed": 6, "tot_waypoints": 9}}
