{"target": -371.96569260218695, "params": {"k_pid_pos": [1.8484859350365046, 0.8133590845575045, 0.9142942349166466], "k_pid_alt": [0.555813005844028, 0.40537468696907397, 0.7773141176217488], "k_pid_att": [13.364654675811549, 6.693087735157967, 0.5515170931364356], "k_pid_yaw": [0.5, 1e-06, 0.1], "k_pid_hsp": [9.697755416250452, 0.21145373641806742, 0.3756267594881526], "k_pid_vsp": [165.39512833068568, 115.8457252920164, 16.33622937894913]}, "datetime": {"datetime": "2025-08-20 19:56:15", "elapsed": 29029.967459201813, "delta": 26.211074113845825}, "costs": {"total_cost": 371.96569260218695, "time_cost": 92.456, "final_distance_cost": 1.7440713898214575, "oscillation_cost": 189.96634361826358, "completition_cost": 0.0, "overshoot_cost": 52.88961789056927, "power_cost": 20.166893896484375, "noise_cost": 14.742765807048272, "n_waypoints_completed": 9, "tot_waypoints": 9}}
{"target": -1078.5664542538275, "params": {"k_pid_pos": [0.5700055094553246, 0.736360375634012, 0.8443691473016322], "k_pid_alt": [0.7860125597675045, 0.22483270731833438, 0.5475392252130205], "k_pid_att": [15.986871938901004, 2.3655593128015666, 0.7993616527348334], "k_pid_yaw": [0.5, 1e-06, 0.1], "k_pid_hsp": [0.6026670287869316, 0.2949877453386519, 0.627741362424712], "k_pid_vsp": [386.25001617190316, 34.10817276909314, 111.98043691049442]}, "datetime": {"datetime": "2025-08-20 19:56:57", "elapsed": 29072.446792125702, "delta": 42.47933292388916}, "costs": {"total_cost": 1078.5664542538275, "time_cost": 150, "final_distance_cost": 51.609118401000785, "oscillation_cost": 221.3578398272838, "completition_cost": 555.5555555555555, "overshoot_cost": 66.60117368524466, "power_cost": 19.266542163085937, "noise_cost": 14.176224621656774, "n_waypoints_completed": 4, "tot_waypoints": 9}}
{"target": -269.3111662262952, "params": {"k_pid_pos": [0.9813647326172145, 0.37423662612860775, 0.046607652705405456], "k_pid_alt": [0.6762821576322546, 0.013414517532455261, 0.2848449829579258], "k_pid_att": [9.32045355935196, 3.0000167570304894, 0.7612507826093864], "k_pid_yaw": [0.5, 1e-06, 0.1], "k_pid_hsp": [4.187169848672755, 0.29643709793662887, 0.24669690879852846], "k_pid_vsp": [48.24702074408109, 229.78876225282292, 83.20024780872346]}, "datetime": {"datetime": "2025-08-20 19:57:27", "elapsed": 29102.45601415634, "delta": 30.00922203063965}, "costs": {"total_cost": 269.3111662262952, "time_cost": 87.752, "final_distance_cost": 1.7856629972326004, "oscillation_cost": 94.62401373292808, "completition_cost": 0.0, "overshoot_cost": 53.3266796687992, "power_cost": 17.880412915039063, "noise_cost": 13.94239691229625, "n_waypoints_completed": 9, "tot_waypoints": 9}}
{"target": -411.2185397670812, "params": {"k_pid_pos": [1.8893526006476644, 0.04656707608466382, 0.32009556709137477], "k_pid_alt": [0.7453395086110655, 0.32354734094018656, 0.9197574847812798], "k_pid_att": [97.74197156054436, 0.418384559965122, 0.5651618063070065], "k_pid_yaw": [0.5, 1e-06, 0.1], "k_pid_hsp": [3.637543270859102, 0.16607868520136093, 0.39728236840539444], "k_pid_vsp": [52.57507351491269, 363.6133712979635, 4.411870874247856]}, "datetime": {"datetime": "2025-08-20 19:57:58", "elapsed": 29133.411992311478, "delta": 30.95597815513611}, "costs": {"total_cost": 411.2185397670812, "time_cost": 89.248, "final_distance_cost": 1.747863244507298, "oscillation_cost": 234.9529179197161, "completition_cost": 0.0, "overshoot_cost": 52.658903577372506, "power_cost": 18.124509582519533, "noise_cost": 14.486345442965806, "n_waypoints_completed": 9, "tot_waypoints": 9}}
{"target": -844.7868900716011, "params": {"k_pid_pos": [0.8369343393066364, 0.81583318499827, 0.8895818596070767], "k_pid_alt": [1.8186723018136077, 0.4933278336061352, 0.7886988173385178], "k_pid_att": [67.27302526226919, 7.047396674733779, 0.4528151547424416], "k_pid_yaw": [0.5, 1e-06, 0.1], "k_pid_hsp": [7.524245568583303, 0.7692610882724275, 0.5138121758266329], "k_pid_vsp": [248.1321374431945, 214.99095370122873, 20.674422088034593]}, "datetime": {"datetime": "2025-08-20 19:58:26", "elapsed": 29160.709069490433, "delta": 27.297077178955078}, "costs": {"total_cost": 844.7868900716011, "time_cost": 150, "final_distance_cost": 74.644728352371, "oscillation_cost": 315.43366308906724, "completition_cost": 222.2222222222222, "overshoot_cost": 44.4055943805623, "power_cost": 21.698662854003906, "noise_cost": 16.38201917337436, "n_waypoints_completed": 7, "tot_waypoints": 9}}
{"target": -1183.2995705151905, "params": {"k_pid_pos": [0.43824451150504024, 0.7313182270001016, 0.18939755475448594], "k_pid_alt": [0.6343437211405987, 0.37660674277654393, 0.06577176825203601], "k_pid_att": [37.94719360175647, 5.121627999166714, 0.17185937035268262], "k_pid_yaw": [0.5, 1e-06, 0.1], "k_pid_hsp": [3.349636095713178, 0.18463705374815675, 0.25846474530967656], "k_pid_vsp": [392.39809544750506, 15.263352086193775, 340.6495592303581]}, "datetime": {"datetime": "2025-08-20 19:58:54", "elapsed": 29188.556933641434, "delta": 27.847864151000977}, "costs": {"total_cost": 1183.2995705151905, "time_cost": 150, "final_distance_cost": 53.15116261789165, "oscillation_cost": 225.0614298908298, "completition_cost": 666.6666666666667, "overshoot_cost": 56.45868395247437, "power_cost": 17.796908227539063, "noise_cost": 14.164719159788993, "n_waypoints_completed": 3, "tot_waypoints": 9}}
{"target": -772.6532245366009, "params": {"k_pid_pos": [1.0951385810451844, 0.8702105594044246, 0.9805324432104867], "k_pid_alt": [1.148186312285369, 0.18560531356312027, 0.34817834827453864], "k_pid_att": [27.757934807619865, 2.453428583278701, 0.8051694206911296], "k_pid_yaw": [0.5, 1e-06, 0.1], "k_pid_hsp": [4.0743018952617565, 0.24962199496043314, 0.07565830066581425], "k_pid_vsp": [128.32408139921353, 102.14130012161574, 171.4966397222022]}, "datetime": {"datetime": "2025-08-20 19:59:27", "elapsed": 29221.921246528625, "delta": 33.36431288719177}, "costs": {"total_cost": 772.6532245366009, "time_cost": 150, "final_distance_cost": 74.71002556515928, "oscillation_cost": 237.59136373493527, "completition_cost": 222.2222222222222, "overshoot_cost": 53.10160481122303, "power_cost": 19.370526208496095, "noise_cost": 15.65748199456497, "n_waypoints_completed": 7, "tot_waypoints": 9}}
{"target": -495.9554799841225, "params": {"k_pid_pos": [0.8321238085108721, 0.20280599794371457, 0.05500224120455777], "k_pid_alt": [1.6875880815795876, 0.15438118487110364, 0.7620795340039819], "k_pid_att": [32.842075544584674, 0.9549953038317684, 0.032761109516130316], "k_pid_yaw": [0.5, 1e-06, 0.1], "k_pid_hsp": [9.804122774608109, 0.8421482197339515, 0.23981271178649155], "k_pid_vsp": [283.8787299592684, 81.34173104412382, 178.6259489558834]}, "datetime": {"datetime": "2025-08-20 19:59:54", "elapsed": 29249.350857019424, "delta": 27.42961049079895}, "costs": {"total_cost": 495.9554799841225, "time_cost": 99.11200000000001, "final_distance_cost": 1.79814722157715, "oscillation_cost": 301.2024638203823, "completition_cost": 0.0, "overshoot_cost": 56.58178719956854, "power_cost": 21.330216662597657, "noise_cost": 15.930865079996838, "n_waypoints_completed": 9, "tot_waypoints": 9}}
{"target": -1334.5420262051357, "params": {"k_pid_pos": [0.19727436199358328, 0.4239724855633352, 0.9485499217929908], "k_pid_alt": [1.7783725113726323, 0.8093557435600138, 0.6542299487378227], "k_pid_att": [26.70861246856098, 1.3745953049478845, 0.19003587336200767], "k_pid_yaw": [0.5, 1e-06, 0.1], "k_pid_hsp": [3.1268020477981984, 0.4269237914192998, 0.282356619466398], "k_pid_vsp": [182.35210536872697, 353.4766541528779, 330.89832326954536]}, "datetime": {"datetime": "2025-08-20 20:00:22", "elapsed": 29277.04582977295, "delta": 27.69497275352478}, "costs": {"total_cost": 1334.5420262051357, "time_cost": 150, "final_distance_cost": 51.925025103691, "oscillation_cost": 373.5370868339815, "completition_cost": 666.6666666666667, "overshoot_cost": 54.98531728304834, "power_cost": 21.039764331054688, "noise_cost": 16.388165986693608, "n_waypoints_completed": 3, "tot_waypoints": 9}}
{"target": -928.4903590298758, "params": {"k_pid_pos": [0.9111089550632318, 0.2729310676361072, 0.7741873332238879], "k_pid_alt": [1.1644341989998128, 0.66511084040694, 0.6719552534165499], "k_pid_att": [2.9261739697056255, 7.290390519283713, 0.4104102285431763], "k_pid_yaw": [0.5, 1e-06, 0.1], "k_pid_hsp": [5.111393341994291, 0.6617235857036496, 0.8473231682904249], "k_pid_vsp": [286.0315290474027, 204.20641883122673, 30.721417006621596]}, "datetime": {"datetime": "2025-08-20 20:00:54", "elapsed": 29309.147359609604, "delta": 32.10152983665466}, "costs": {"total_cost": 928.4903590298758, "time_cost": 150, "final_distance_cost": 53.8674538673065, "oscillation_cost": 302.4513977766584, "completition_cost": 333.33333333333337, "overshoot_cost": 51.5288363030473, "power_cost": 21.23699334716797, "noise_cost": 16.072344402362233, "n_waypoints_completed": 6, "tot_waypoints": 9}}
{"target": -840.7660322953055, "params": {"k_pid_pos": [1.2212009792402143, 0.5913444180492538, 0.06598243322311681], "k_pid_alt": [0.5317552948545983, 0.923313556664682, 0.19244526078594737], "k_pid_att": [77.73377254698963, 3.594128513563818, 0.43491905744641235], "k_pid_yaw": [0.5, 1e-06, 0.1], "k_pid_hsp": [8.80957090007213, 0.5200929053506668, 0.34005506966158305], "k_pid_vsp": [335.61056812350057, 53.35748677899897, 0.6631621851296502]}, "datetime": {"datetime": "2025-08-20 20:01:22", "elapsed": 29337.211649656296, "delta": 28.064290046691895}, "costs": {"total_cost": 840.7660322953055, "time_cost": 150, "final_distance_cost": 68.60381404678276, "oscillation_cost": 196.49263824929398, "completition_cost": 333.33333333333337, "overshoot_cost": 54.043785084617625, "power_cost": 20.72306746826172, "noise_cost": 17.569394113016013, "n_waypoints_completed": 6, "tot_waypoints": 9}}
{"target": -1077.623394908967, "params": {"k_pid_pos": [1.17237913170689, 0.6065642406297342, 0.8460959908823755], "k_pid_alt": [1.9483909733196283, 0.08441279259939227, 0.80713717880168], "k_pid_att": [95.10877505050662, 4.031370777988342, 0.17673277199686932], "k_pid_yaw": [0.5, 1e-06, 0.1], "k_pid_hsp": [7.990823413025186, 0.37578086651089515, 0.5354571179973572], "k_pid_vsp": [147.28893533998263, 55.11222265202193, 259.0671619114563]}, "datetime": {"datetime": "2025-08-20 20:01:50", "elapsed": 29365.487833976746, "delta": 28.27618432044983}, "costs": {"total_cost": 1077.623394908967, "time_cost": 150, "final_distance_cost": 53.36881597444878, "oscillation_cost": 344.3128568861632, "completition_cost": 444.4444444444444, "overshoot_cost": 48.0018367931573, "power_cost": 20.708158032226564, "noise_cost": 16.78728277852674, "n_waypoints_completed": 5, "tot_waypoints": 9}}
{"target": -1348.8157175335132, "params": {"k_pid_pos": [1.7922843793881087, 0.3066005620476182, 0.10091639493455196], "k_pid_alt": [1.0939527935267297, 0.3898161503906654, 0.24408628177238578], "k_pid_att": [63.08746258025938, 2.340936954543387, 0.03414138600681549], "k_pid_yaw": [0.5, 1e-06, 0.1], "k_pid_hsp": [4.419708614505532, 0.7685675272817977, 0.24742298220645886], "k_pid_vsp": [5.003589176315648, 24.550927590796906, 137.84532046018037]}, "datetime": {"datetime": "2025-08-20 20:02:18", "elapsed": 29393.170414447784, "delta": 27.68258047103882}, "costs": {"total_cost": 1348.8157175335132, "time_cost": 150, "final_distance_cost": 82.21381040956264, "oscillation_cost": 306.03785640601234, "completition_cost": 666.6666666666667, "overshoot_cost": 102.52429693166188, "power_cost": 20.347057946777344, "noise_cost": 21.026029172832192, "n_waypoints_completed": 3, "tot_waypoints": 9}}
{"target": -1226.8850770975782, "params": {"k_pid_pos": [1.5819485248792748, 0.6180622603254009, 0.7310420889393824], "k_pid_alt": [0.2500408246793897, 0.5964381887373158, 0.35881646615873564], "k_pid_att": [38.62485612286304, 1.1210617134423142, 0.7525569358976594], "k_pid_yaw": [0.5, 1e-06, 0.1], "k_pid_hsp": [0.37799680111702955, 0.22836469990156072, 0.47976877069605695], "k_pid_vsp": [334.04149323038604, 270.3406928464945, 176.4609819895053]}, "datetime": {"datetime": "2025-08-20 20:02:46", "elapsed": 29420.530684947968, "delta": 27.360270500183105}, "costs": {"total_cost": 1226.8850770975782, "time_cost": 150, "final_distance_cost": 93.04764253451036, "oscillation_cost": 207.95115309640056, "completition_cost": 666.6666666666667, "overshoot_cost": 72.56216778008577, "power_cost": 21.169041833496095, "noise_cost": 15.488405186418765, "n_waypoints_completed": 3, "tot_waypoints": 9}}
{"target": -1128.3329163363035, "params": {"k_pid_pos": [0.5584575231318567, 0.5080984924874011, 0.1822563997110842], "k_pid_alt": [0.10685305707577397, 0.3144610810895331, 0.17124873453841516], "k_pid_att": [94.40089615544231, 4.179939238108577, 0.15577573670237133], "k_pid_yaw": [0.5, 1e-06, 0.1], "k_pid_hsp": [6.084481504364247, 0.9735397567781938, 0.9267297521394373], "k_pid_vsp": [241.64553798197707, 216.14426473530747, 111.63947823549712]}, "datetime": {"datetime": "2025-08-20 20:03:14", "elapsed": 29449.170605659485, "delta": 28.639920711517334}, "costs": {"total_cost": 1128.3329163363035, "time_cost": 150, "final_distance_cost": 55.42102746056667, "oscillation_cost": 273.3454282316306, "completition_cost": 555.5555555555555, "overshoot_cost": 54.56878953755757, "power_cost": 22.704125329589846, "noise_cost": 16.73799022140282, "n_waypoints_completed": 4, "tot_waypoints": 9}}
{"target": -1666.1948883612056, "params": {"k_pid_pos": [1.4118362496841281, 0.2714482121197419, 0.7658590079755], "k_pid_alt": [0.0776669658641298, 0.9804028017135191, 0.26446543370502185], "k_pid_att": [64.53117111723023, 6.6572731030917875, 0.749813119253032], "k_pid_yaw": [0.5, 1e-06, 0.1], "k_pid_hsp": [1.06921921385632, 0.5051712661707186, 0.8959005212115047], "k_pid_vsp": [389.28701505726514, 76.13487460424201, 380.4529092858227]}, "datetime": {"datetime": "2025-08-20 20:03:41", "elapsed": 29476.5099337101, "delta": 27.339328050613403}, "costs": {"total_cost": 1666.1948883612056, "time_cost": 150, "final_distance_cost": 37.332872065969234, "oscillation_cost": 401.41547905119086, "completition_cost": 1000.0, "overshoot_cost": 39.807299099962954, "power_cost": 21.5230853515625, "noise_cost": 16.116152792520186, "n_waypoints_completed": 0, "tot_waypoints": 9}}
{"target": -1815.6822588140753, "params": {"k_pid_pos": [1.4718985670712417, 0.4254416550067682, 0.8439740676403457], "k_pid_alt": [1.3435792235435795, 0.1527629322956765, 0.6616713441734934], "k_pid_att": [20.0066049857492, 6.550099621826379, 0.8579550946005737], "k_pid_yaw": [0.5, 1e-06, 0.1], "k_pid_hsp": [1.9818749028005107, 0.6599137346746564, 0.931674023013681], "k_pid_vsp": [96.24397135247915, 258.68273176095465, 300.6565620740851]}, "datetime": {"datetime": "2025-08-20 20:04:10", "elapsed": 29505.13635993004, "delta": 28.626426219940186}, "costs": {"total_cost": 1815.6822588140753, "time_cost": 150, "final_distance_cost": 1.1927534416268821, "oscillation_cost": 445.53022953671706, "completition_cost": 1000.0, "overshoot_cost": 135.70147324404695, "power_cost": 20.082710681152346, "noise_cost": 63.17509191053235, "n_waypoints_completed": 0, "tot_waypoints": 9}}
{"target": -1346.8159445552305, "params": {"k_pid_pos": [0.6271535317995107, 0.23326575410374717, 0.6865342959538274], "k_pid_alt": [1.7891636079592634, 0.16436904464948265, 0.6692846942297769], "k_pid_att": [92.50542856406045, 8.510012115733687, 0.9547381307674324], "k_pid_yaw": [0.5, 1e-06, 0.1], "k_pid_hsp": [6.530831757804837, 0.2588862123217197, 0.8082251271555013], "k_pid_vsp": [148.65403528501085, 107.76802020655451, 356.44411822623834]}, "datetime": {"datetime": "2025-08-20 20:04:41", "elapsed": 29535.74465560913, "delta": 30.608295679092407}, "costs": {"total_cost": 1346.8159445552305, "time_cost": 150, "final_distance_cost": 58.057729663939796, "oscillation_cost": 381.23213365853593, "completition_cost": 666.6666666666667, "overshoot_cost": 53.46676241044157, "power_cost": 20.926409594726564, "noise_cost": 16.466242560920065, "n_waypoints_completed": 3, "tot_waypoints": 9}}
{"target": -986.4574929167736, "params": {"k_pid_pos": [0.8972524149575978, 0.7052407308441627, 0.4195023071794288], "k_pid_alt": [0.36679973740900196, 0.5632199585214971, 0.06507465016504799], "k_pid_att": [59.48221121391216, 5.460793844471847, 0.3770002394674029], "k_pid_yaw": [0.5, 1e-06, 0.1], "k_pid_hsp": [9.9487352421771, 0.4575280549927824, 0.3247272386532599], "k_pid_vsp": [90.05203682842864, 111.42932124070862, 93.33149203652701]}, "datetime": {"datetime": "2025-08-20 20:05:10", "elapsed": 29565.237535238266, "delta": 29.492879629135132}, "costs": {"total_cost": 986.4574929167736, "time_cost": 150, "final_distance_cost": 47.33987968311404, "oscillation_cost": 249.82096978092744, "completition_cost": 444.4444444444444, "overshoot_cost": 55.748249483652465, "power_cost": 21.72138985595703, "noise_cost": 17.382559668678283, "n_waypoints_completed": 5, "tot_waypoints": 9}}
{"target": -1303.5470551478, "params": {"k_pid_pos": [1.2284491475500956, 0.5728614769363959, 0.28240748236083335], "k_pid_alt": [1.3793641801564072, 0.014108018475377126, 0.828338828215826], "k_pid_att": [8.370347237845198, 1.2686431438640433, 0.44477553092034583], "k_pid_yaw": [0.5, 1e-06, 0.1], "k_pid_hsp": [0.23186091731939892, 0.17925437464673444, 0.7337716414770178], "k_pid_vsp": [125.0150079592586, 169.98590133222513, 176.63772755558801]}, "datetime": {"datetime": "2025-08-20 20:05:38", "elapsed": 29592.63289642334, "delta": 27.395361185073853}, "costs": {"total_cost": 1303.5470551478, "time_cost": 150, "final_distance_cost": 63.61791329015471, "oscillation_cost": 230.05979915979816, "completition_cost": 777.7777777777778, "overshoot_cost": 46.42236677939036, "power_cost": 20.06353221435547, "noise_cost": 15.605665926323269, "n_waypoints_completed": 2, "tot_waypoints": 9}}
{"target": -1726.4690482352341, "params": {"k_pid_pos": [1.8528539227670862, 0.7230548471632419, 0.43880940282966285], "k_pid_alt": [1.7835489434712566, 0.4015347528258373, 0.366746439431095], "k_pid_att": [2.476654588541427, 7.465312958864041, 0.9073897423449722], "k_pid_yaw": [0.5, 1e-06, 0.1], "k_pid_hsp": [4.1188677840990815, 0.7749813364917523, 0.09706796634468307], "k_pid_vsp": [118.71770335778203, 144.8250665294421, 295.3608855898523]}, "datetime": {"datetime": "2025-08-20 20:06:11", "elapsed": 29626.35233449936, "delta": 33.71943807601929}, "costs": {"total_cost": 1726.4690482352341, "time_cost": 150, "final_distance_cost": 8.653690048480515, "oscillation_cost": 319.68239735446065, "completition_cost": 1000.0, "overshoot_cost": 137.3013951551273, "power_cost": 27.451782812500003, "noise_cost": 83.37978286466571, "n_waypoints_completed": 0, "tot_waypoints": 9}}
{"target": -1035.469663286102, "params": {"k_pid_pos": [0.32464971369498047, 0.015096636282254106, 0.09466921746316437], "k_pid_alt": [0.7589825210558312, 0.3292608780259949, 0.6110940490695586], "k_pid_att": [52.07693932761435, 0.8912235543008975, 0.9144904140661858], "k_pid_yaw": [0.5, 1e-06, 0.1], "k_pid_hsp": [2.5999178832060648, 0.02787533886778415, 0.37467244974309044], "k_pid_vsp": [159.43585349435153, 346.21117896312, 322.8261245178283]}, "datetime": {"datetime": "2025-08-20 20:06:39", "elapsed": 29654.059813022614, "delta": 27.707478523254395}, "costs": {"total_cost": 1035.469663286102, "time_cost": 150, "final_distance_cost": 46.05579704351259, "oscillation_cost": 307.894484249515, "completition_cost": 444.4444444444444, "overshoot_cost": 53.03808700022773, "power_cost": 18.61518631591797, "noise_cost": 15.421664232484387, "n_waypoints_completed": 5, "tot_waypoints": 9}}
{"target": -838.7657765006036, "params": {"k_pid_pos": [1.0987292169109382, 0.5916318261289781, 0.171688613683188], "k_pid_alt": [0.1798150475176672, 0.8788678709652141, 0.5148149020513143], "k_pid_att": [50.290386077824344, 4.851097548951762, 0.5534552647838141], "k_pid_yaw": [0.5, 1e-06, 0.1], "k_pid_hsp": [7.224157893755275, 0.2972670991462839, 0.16714977600133218], "k_pid_vsp": [391.55845576889755, 174.9636394770873, 125.01222266834765]}, "datetime": {"datetime": "2025-08-20 20:07:07", "elapsed": 29681.816561460495, "delta": 27.75674843788147}, "costs": {"total_cost": 838.7657765006036, "time_cost": 150, "final_distance_cost": 57.424467444574574, "oscillation_cost": 207.92992641619443, "completition_cost": 333.33333333333337, "overshoot_cost": 55.077642031727365, "power_cost": 19.085586401367188, "noise_cost": 15.914820873406638, "n_waypoints_completed": 6, "tot_waypoints": 9}}
{"target": -4216.641457674169, "params": {"k_pid_pos": [0.13708179994197559, 0.542466231748824, 0.3274335791303675], "k_pid_alt": [0.40892568671570895, 0.32598543154208703, 0.7194351591672006], "k_pid_att": [0.19179374359306056, 1.079922580140001, 0.6360281859948023], "k_pid_yaw": [0.5, 1e-06, 0.1], "k_pid_hsp": [0.06240107674700927, 0.4244772364938305, 0.8940769083785051], "k_pid_vsp": [280.8887546988388, 37.932377121515565, 379.79687939480306]}, "datetime": {"datetime": "2025-08-20 20:07:34", "elapsed": 29709.118510484695, "delta": 27.30194902420044}, "costs": {"total_cost": 4216.641457674169, "time_cost": 150, "final_distance_cost": 1114.654666426527, "oscillation_cost": 286.15016551066134, "completition_cost": 1000.0, "overshoot_cost": 1541.6431207756034, "power_cost": 32.37464323730469, "noise_cost": 91.81886172407324, "n_waypoints_completed": 0, "tot_waypoints": 9}}
