{"target": -218.4193667959158, "params": {"k_pid_pos": [2.0, 0.0, 0.0], "k_pid_alt": [2.0, 0.0, 0.0], "k_pid_att": [37.33516744356421, 10.0, 0.8286768764760037], "k_pid_yaw": [0.5, 1e-06, 0.1], "k_pid_hsp": [1.7264258108541648, 1.0, 0.0], "k_pid_vsp": [115.88908670179569, 143.75158463812048, 20.023332405011956]}, "datetime": {"datetime": "2025-08-21 04:46:08", "elapsed": 60823.27017879486, "delta": 39.12433052062988}, "costs": {"total_cost": 218.4193667959158, "time_cost": 71.592, "final_distance_cost": 1.7698853537247856, "oscillation_cost": 62.27849443493501, "completition_cost": 0.0, "overshoot_cost": 52.53567567055634, "power_cost": 16.82876846923828, "noise_cost": 13.414542867461385, "n_waypoints_completed": 9, "tot_waypoints": 9}}
{"target": -1076.2989071648185, "params": {"k_pid_pos": [1.9264172043368715, 0.9309997220470234, 0.31217341992710146], "k_pid_alt": [1.2156476972336951, 0.6302923759846041, 0.7073614610722264], "k_pid_att": [6.743898725054132, 2.042889025607307, 0.6479080702392801], "k_pid_yaw": [0.5, 1e-06, 0.1], "k_pid_hsp": [0.4309256312719243, 0.24650954707703332, 0.9475023535857872], "k_pid_vsp": [177.52621339752963, 20.06604101144347, 3.0300781048965035]}, "datetime": {"datetime": "2025-08-21 04:46:51", "elapsed": 60865.71134400368, "delta": 42.44116520881653}, "costs": {"total_cost": 1076.2989071648185, "time_cost": 150, "final_distance_cost": 49.607197513708016, "oscillation_cost": 232.5512318433601, "completition_cost": 555.5555555555555, "overshoot_cost": 56.76592952883466, "power_cost": 16.710099157714843, "noise_cost": 15.108893565645207, "n_waypoints_completed": 4, "tot_waypoints": 9}}
{"target": -495.7613566768325, "params": {"k_pid_pos": [0.5874225256487692, 0.11936008004550952, 0.13025458595631814], "k_pid_alt": [1.9914163361733859, 0.5275580604965536, 0.26920878625425626], "k_pid_att": [72.19285359365585, 4.986536050306867, 0.9258472011062077], "k_pid_yaw": [0.5, 1e-06, 0.1], "k_pid_hsp": [6.447192438535512, 0.4718568505358006, 0.05551249887665906], "k_pid_vsp": [176.0438319823661, 147.03728652252195, 65.23557765196503]}, "datetime": {"datetime": "2025-08-21 04:47:33", "elapsed": 60908.413937568665, "delta": 42.70259356498718}, "costs": {"total_cost": 495.7613566768325, "time_cost": 150, "final_distance_cost": 55.957030275775686, "oscillation_cost": 96.87638565384047, "completition_cost": 111.11111111111116, "overshoot_cost": 48.67158354700216, "power_cost": 18.746120385742188, "noise_cost": 14.399125703360852, "n_waypoints_completed": 8, "tot_waypoints": 9}}
{"target": -417.5504044709744, "params": {"k_pid_pos": [0.44998052512442627, 0.0, 0.5701033991790372], "k_pid_alt": [1.5757726186233336, 0.0, 0.0], "k_pid_att": [90.12173368696456, 7.022929913073756, 1.0], "k_pid_yaw": [0.5, 1e-06, 0.1], "k_pid_hsp": [7.021317221105208, 1.0, 0.0], "k_pid_vsp": [114.63207242624968, 278.8875317549824, 95.29260884270501]}, "datetime": {"datetime": "2025-08-21 04:48:26", "elapsed": 60960.885996341705, "delta": 52.47205877304077}, "costs": {"total_cost": 417.5504044709744, "time_cost": 150, "final_distance_cost": 7.251323622345785, "oscillation_cost": 60.13889345000478, "completition_cost": 111.11111111111116, "overshoot_cost": 55.50800360402475, "power_cost": 18.47922252197266, "noise_cost": 15.061850161515283, "n_waypoints_completed": 8, "tot_waypoints": 9}}
{"target": -769.3579375990544, "params": {"k_pid_pos": [2.0, 0.0, 0.0], "k_pid_alt": [0.24525552260299993, 0.608312870538083, 0.7393428657230756], "k_pid_att": [45.12323642954218, 10.0, 0.0], "k_pid_yaw": [0.5, 1e-06, 0.1], "k_pid_hsp": [10.0, 0.9233373463673789, 1.0], "k_pid_vsp": [195.67893736731355, 292.5792169796711, 142.61757453178637]}, "datetime": {"datetime": "2025-08-21 04:49:17", "elapsed": 61012.04490327835, "delta": 51.15890693664551}, "costs": {"total_cost": 769.3579375990544, "time_cost": 150, "final_distance_cost": 75.84243110734442, "oscillation_cost": 228.4330413648823, "completition_cost": 222.2222222222222, "overshoot_cost": 54.39517826030337, "power_cost": 21.474938684082034, "noise_cost": 16.99012596022003, "n_waypoints_completed": 7, "tot_waypoints": 9}}
{"target": -901.7020261613304, "params": {"k_pid_pos": [0.7735023561049714, 0.5045318355241071, 0.1527866025775556], "k_pid_alt": [0.4092814947915482, 0.61479113350769, 0.770346862838358], "k_pid_att": [57.34215285475823, 0.8004515586548031, 0.7036711517036828], "k_pid_yaw": [0.5, 1e-06, 0.1], "k_pid_hsp": [9.300876013253413, 0.7032424601447572, 0.936098490300472], "k_pid_vsp": [156.86792259942362, 11.266717146233614, 14.547506820057137]}, "datetime": {"datetime": "2025-08-21 04:50:09", "elapsed": 61064.46676659584, "delta": 52.421863317489624}, "costs": {"total_cost": 901.7020261613304, "time_cost": 150, "final_distance_cost": 67.20601466540141, "oscillation_cost": 270.0539392750692, "completition_cost": 333.33333333333337, "overshoot_cost": 46.54315751959809, "power_cost": 19.479436755371093, "noise_cost": 15.086144612557133, "n_waypoints_completed": 6, "tot_waypoints": 9}}
{"target": -236.74419375083258, "params": {"k_pid_pos": [2.0, 0.5755396849059266, 0.7527458187271722], "k_pid_alt": [2.0, 0.9117089977280572, 0.9997985665902007], "k_pid_att": [99.99617649886244, 0.0001, 0.0], "k_pid_yaw": [0.5, 1e-06, 0.1], "k_pid_hsp": [1.5379310636598473, 0.0, 0.0], "k_pid_vsp": [336.3266376052074, 298.4735075019378, 38.4612513752745]}, "datetime": {"datetime": "2025-08-21 04:50:59", "elapsed": 61113.67750573158, "delta": 49.21073913574219}, "costs": {"total_cost": 236.74419375083258, "time_cost": 87.98400000000001, "final_distance_cost": 1.712040273038978, "oscillation_cost": 56.15181009068249, "completition_cost": 0.0, "overshoot_cost": 52.70332438669442, "power_cost": 22.05401895751953, "noise_cost": 16.139000042897152, "n_waypoints_completed": 9, "tot_waypoints": 9}}
{"target": -428.1369121898801, "params": {"k_pid_pos": [1.4734219674488545, 0.1492675608758316, 0.6700118506702711], "k_pid_alt": [0.33447715494735986, 0.6237326406942569, 0.5877416653035712], "k_pid_att": [32.471216334226796, 6.681778274663459, 0.5423372240079688], "k_pid_yaw": [0.5, 1e-06, 0.1], "k_pid_hsp": [6.135186567384832, 0.4252648262226568, 0.7148436102684212], "k_pid_vsp": [53.2339128620302, 291.8708102581977, 43.42293709965564]}, "datetime": {"datetime": "2025-08-21 04:51:45", "elapsed": 61159.73811125755, "delta": 46.06060552597046}, "costs": {"total_cost": 428.1369121898801, "time_cost": 90.776, "final_distance_cost": 1.7437220282421975, "oscillation_cost": 246.09004756044268, "completition_cost": 0.0, "overshoot_cost": 59.40379270849308, "power_cost": 16.803091345214845, "noise_cost": 13.320258547487224, "n_waypoints_completed": 9, "tot_waypoints": 9}}
{"target": -807.2001502929947, "params": {"k_pid_pos": [0.9474419351288366, 0.7222231310547655, 0.9270448596377392], "k_pid_alt": [0.6141001387104517, 0.03159825201055555, 0.4883427629263031], "k_pid_att": [55.19436166747687, 5.8456952624956715, 0.39132687310065717], "k_pid_yaw": [0.5, 1e-06, 0.1], "k_pid_hsp": [9.493294319952279, 0.5189678785501884, 0.819694357582408], "k_pid_vsp": [328.8691632950309, 398.3683782658152, 309.0339769029454]}, "datetime": {"datetime": "2025-08-21 04:52:29", "elapsed": 61203.625425338745, "delta": 43.88731408119202}, "costs": {"total_cost": 807.2001502929947, "time_cost": 150, "final_distance_cost": 65.74602066956622, "oscillation_cost": 284.8011547387282, "completition_cost": 222.2222222222222, "overshoot_cost": 47.30802268694798, "power_cost": 21.14879952392578, "noise_cost": 15.973930451604307, "n_waypoints_completed": 7, "tot_waypoints": 9}}
{"target": -846.3593664519387, "params": {"k_pid_pos": [0.45645020438072537, 0.22576340750737234, 0.4536590453798933], "k_pid_alt": [1.9044695556621494, 0.6099440731075242, 0.7578520098689546], "k_pid_att": [47.22629290985242, 3.2511414172422577, 0.5641502384945469], "k_pid_yaw": [0.5, 1e-06, 0.1], "k_pid_hsp": [7.909136263140711, 0.39732114960800013, 0.5175892081609511], "k_pid_vsp": [345.38541755783376, 211.0702193047837, 27.54196147854871]}, "datetime": {"datetime": "2025-08-21 04:53:07", "elapsed": 61242.366505384445, "delta": 38.74108004570007}, "costs": {"total_cost": 846.3593664519387, "time_cost": 150, "final_distance_cost": 68.79417260582363, "oscillation_cost": 323.69859423393143, "completition_cost": 222.2222222222222, "overshoot_cost": 45.15156551271894, "power_cost": 20.780187011718752, "noise_cost": 15.712624865523843, "n_waypoints_completed": 7, "tot_waypoints": 9}}
{"target": -1190.7633129723326, "params": {"k_pid_pos": [0.5191107554395352, 0.772292245847376, 0.852059127514075], "k_pid_alt": [0.39148564267926833, 0.29619328621643515, 0.08348613433612007], "k_pid_att": [49.883731928247286, 4.423387301606155, 0.17011395780778416], "k_pid_yaw": [0.5, 1e-06, 0.1], "k_pid_hsp": [5.3508579993982055, 0.35491682479289965, 0.9818149237219842], "k_pid_vsp": [361.50933159996754, 215.52057065814844, 26.288065479616606]}, "datetime": {"datetime": "2025-08-21 04:53:59", "elapsed": 61294.27252697945, "delta": 51.90602159500122}, "costs": {"total_cost": 1190.7633129723326, "time_cost": 150, "final_distance_cost": 59.94718479887778, "oscillation_cost": 222.60482430932962, "completition_cost": 666.6666666666667, "overshoot_cost": 53.1010406988803, "power_cost": 21.14368807373047, "noise_cost": 17.29990842484774, "n_waypoints_completed": 3, "tot_waypoints": 9}}
{"target": -377.5808343657944, "params": {"k_pid_pos": [1.9941953006944984, 0.0, 0.11434785365585556], "k_pid_alt": [2.0, 1.0, 0.0], "k_pid_att": [97.12138796622045, 0.0001, 1.0], "k_pid_yaw": [0.5, 1e-06, 0.1], "k_pid_hsp": [4.698884671924281, 1.0, 0.3544783771905653], "k_pid_vsp": [195.6922305013011, 380.38380654031573, 150.92388206378072]}, "datetime": {"datetime": "2025-08-21 04:54:35", "elapsed": 61330.16878890991, "delta": 35.8962619304657}, "costs": {"total_cost": 377.5808343657944, "time_cost": 95.184, "final_distance_cost": 1.7351915745453743, "oscillation_cost": 185.07456821842797, "completition_cost": 0.0, "overshoot_cost": 61.246270289905794, "power_cost": 19.48906043701172, "noise_cost": 14.851743845903538, "n_waypoints_completed": 9, "tot_waypoints": 9}}
{"target": -332.77801400062253, "params": {"k_pid_pos": [1.0219131150681537, 0.8482508824465963, 0.37137405060519096], "k_pid_alt": [1.3923165549403178, 0.0, 0.0], "k_pid_att": [14.500859158348602, 4.218149821498297, 0.6261289059117879], "k_pid_yaw": [0.5, 1e-06, 0.1], "k_pid_hsp": [4.11715722708777, 0.0, 1.0], "k_pid_vsp": [361.7365409761461, 123.4018071542839, 40.28834759405409]}, "datetime": {"datetime": "2025-08-21 04:55:24", "elapsed": 61379.39082145691, "delta": 49.22203254699707}, "costs": {"total_cost": 332.77801400062253, "time_cost": 93.72800000000001, "final_distance_cost": 1.7152489550624486, "oscillation_cost": 138.34698769101684, "completition_cost": 0.0, "overshoot_cost": 63.91429356400726, "power_cost": 19.581030444335937, "noise_cost": 15.49245334620003, "n_waypoints_completed": 9, "tot_waypoints": 9}}
{"target": -539.0765848052735, "params": {"k_pid_pos": [1.1052705482681493, 0.9699309528692556, 0.5344218190967404], "k_pid_alt": [1.4004409972698648, 0.5770412672035918, 0.477488218265137], "k_pid_att": [8.81980230356919, 5.663675207255309, 0.5741081808338516], "k_pid_yaw": [0.5, 1e-06, 0.1], "k_pid_hsp": [2.3974102259692724, 0.6596391552505848, 0.34069530956372385], "k_pid_vsp": [200.72290818286777, 223.35421784084903, 87.43211720745123]}, "datetime": {"datetime": "2025-08-21 04:56:02", "elapsed": 61417.109907627106, "delta": 37.71908617019653}, "costs": {"total_cost": 539.0765848052735, "time_cost": 150, "final_distance_cost": 19.60907164866417, "oscillation_cost": 167.0764358515086, "completition_cost": 111.11111111111116, "overshoot_cost": 56.172390205879594, "power_cost": 20.312326232910156, "noise_cost": 14.795249755199684, "n_waypoints_completed": 8, "tot_waypoints": 9}}
{"target": -238.83774731987293, "params": {"k_pid_pos": [2.0, 0.25066910815777493, 0.30794287748048593], "k_pid_alt": [0.7656579609498836, 0.0, 1.0], "k_pid_att": [35.97101445918573, 4.061090033941619, 1.0], "k_pid_yaw": [0.5, 1e-06, 0.1], "k_pid_hsp": [1.4216222823337772, 1.0, 0.0], "k_pid_vsp": [286.34764770968565, 271.29908996622083, 135.29330156428028]}, "datetime": {"datetime": "2025-08-21 04:56:47", "elapsed": 61461.741166591644, "delta": 44.631258964538574}, "costs": {"total_cost": 238.83774731987293, "time_cost": 85.04, "final_distance_cost": 1.8325637417106444, "oscillation_cost": 67.8425592773475, "completition_cost": 0.0, "overshoot_cost": 51.02587904252033, "power_cost": 18.865989575195314, "noise_cost": 14.230755683099154, "n_waypoints_completed": 9, "tot_waypoints": 9}}
{"target": -691.6256858908584, "params": {"k_pid_pos": [0.6394566383024923, 0.5336208460986456, 0.6713204101678523], "k_pid_alt": [1.819772986868783, 0.23155712439138065, 0.845277798514878], "k_pid_att": [9.908175249333627, 1.130537274308533, 0.9084397956932978], "k_pid_yaw": [0.5, 1e-06, 0.1], "k_pid_hsp": [8.551831311836535, 0.4684882901377837, 0.8344667226184216], "k_pid_vsp": [205.89886455763425, 298.37850251868247, 70.81604176473968]}, "datetime": {"datetime": "2025-08-21 04:57:38", "elapsed": 61512.99438667297, "delta": 51.253220081329346}, "costs": {"total_cost": 691.6256858908584, "time_cost": 150, "final_distance_cost": 72.55209073529718, "oscillation_cost": 170.59644352427242, "completition_cost": 222.2222222222222, "overshoot_cost": 44.12774597606115, "power_cost": 18.637414599609375, "noise_cost": 13.489768833396022, "n_waypoints_completed": 7, "tot_waypoints": 9}}
{"target": -240.89253271984114, "params": {"k_pid_pos": [0.7167859158607883, 0.39631454036117064, 0.012981829427699987], "k_pid_alt": [1.4252756442641235, 0.9454637572069553, 0.5356217840435099], "k_pid_att": [84.43377859397845, 7.043561764636554, 0.3672638515221007], "k_pid_yaw": [0.5, 1e-06, 0.1], "k_pid_hsp": [5.246300187803732, 0.4442130246952022, 0.008142375516622224], "k_pid_vsp": [320.00544390358095, 392.26862837573054, 48.61434531435859]}, "datetime": {"datetime": "2025-08-21 04:58:22", "elapsed": 61556.523997306824, "delta": 43.5296106338501}, "costs": {"total_cost": 240.89253271984114, "time_cost": 93.408, "final_distance_cost": 1.726819055217881, "oscillation_cost": 62.759626768865665, "completition_cost": 0.0, "overshoot_cost": 53.570950680041435, "power_cost": 16.567718725585937, "noise_cost": 12.859417490130193, "n_waypoints_completed": 9, "tot_waypoints": 9}}
{"target": -646.8308868213712, "params": {"k_pid_pos": [2.0, 1.0, 0.0], "k_pid_alt": [2.0, 1.0, 1.0], "k_pid_att": [14.42501372121097, 4.138687952999271, 1.0], "k_pid_yaw": [0.5, 1e-06, 0.1], "k_pid_hsp": [8.079311791508404, 0.0, 1.0], "k_pid_vsp": [364.63279396419983, 123.33330400547361, 41.86556282992572]}, "datetime": {"datetime": "2025-08-21 04:59:07", "elapsed": 61601.667363643646, "delta": 45.14336633682251}, "costs": {"total_cost": 646.8308868213712, "time_cost": 150, "final_distance_cost": 60.16434128521647, "oscillation_cost": 111.81768437650261, "completition_cost": 222.2222222222222, "overshoot_cost": 64.52477094293559, "power_cost": 22.34551667480469, "noise_cost": 15.756351319689697, "n_waypoints_completed": 7, "tot_waypoints": 9}}
{"target": -1292.2119474093809, "params": {"k_pid_pos": [0.0001, 0.30342877140839125, 0.27899767693439603], "k_pid_alt": [1.7677384401958967, 1.0, 0.2125297269828175], "k_pid_att": [85.30694911939297, 7.943876630113062, 0.6400060442435033], "k_pid_yaw": [0.5, 1e-06, 0.1], "k_pid_hsp": [6.507463423898667, 0.11140342004287615, 0.05904164927066174], "k_pid_vsp": [320.1585726355167, 387.06338847920506, 50.70120210027022]}, "datetime": {"datetime": "2025-08-21 04:59:52", "elapsed": 61646.71134209633, "delta": 45.043978452682495}, "costs": {"total_cost": 1292.2119474093809, "time_cost": 150, "final_distance_cost": 63.89356702217627, "oscillation_cost": 118.32296971116324, "completition_cost": 888.8888888888888, "overshoot_cost": 36.82984291344122, "power_cost": 18.896974658203124, "noise_cost": 15.379704215508227, "n_waypoints_completed": 1, "tot_waypoints": 9}}
{"target": -863.4270766082168, "params": {"k_pid_pos": [1.65088983166741, 0.8447935480382757, 0.7893998420420538], "k_pid_alt": [1.2500857457882253, 0.26160872301200366, 0.36295455774304763], "k_pid_att": [70.77895027854416, 0.6237302385225972, 0.585558348089561], "k_pid_yaw": [0.5, 1e-06, 0.1], "k_pid_hsp": [2.721305297749982, 0.46769504773460335, 0.41903976508785173], "k_pid_vsp": [78.201504166199, 358.04783137646024, 13.219757572859768]}, "datetime": {"datetime": "2025-08-21 05:00:35", "elapsed": 61690.29793381691, "delta": 43.586591720581055}, "costs": {"total_cost": 863.4270766082168, "time_cost": 150, "final_distance_cost": 72.1723409599245, "oscillation_cost": 227.17027639326471, "completition_cost": 333.33333333333337, "overshoot_cost": 43.24159922836051, "power_cost": 21.20665086669922, "noise_cost": 16.30287582663449, "n_waypoints_completed": 6, "tot_waypoints": 9}}
{"target": -293.98927236980563, "params": {"k_pid_pos": [0.6220925588540565, 0.20123468006245002, 0.0], "k_pid_alt": [0.9848498623505128, 0.20642634828271864, 0.0], "k_pid_att": [59.67338641486925, 0.0001, 0.8627048190924411], "k_pid_yaw": [0.5, 1e-06, 0.1], "k_pid_hsp": [0.2946391233771416, 1.0, 0.01558634571390614], "k_pid_vsp": [274.8124240412398, 287.2280448576294, 220.2688501454396]}, "datetime": {"datetime": "2025-08-21 05:01:22", "elapsed": 61737.253459692, "delta": 46.95552587509155}, "costs": {"total_cost": 293.98927236980563, "time_cost": 95.608, "final_distance_cost": 1.7678841612782972, "oscillation_cost": 109.69299934170056, "completition_cost": 0.0, "overshoot_cost": 54.35716117606264, "power_cost": 18.575720007324218, "noise_cost": 13.987507683439935, "n_waypoints_completed": 9, "tot_waypoints": 9}}
{"target": -891.2714435531759, "params": {"k_pid_pos": [1.3916516081011294, 0.10981583772323544, 0.3554736930658349], "k_pid_alt": [1.984903861659763, 0.13503443869393705, 0.24366399985644316], "k_pid_att": [95.79606352115171, 2.591072383027576, 0.4139385717555524], "k_pid_yaw": [0.5, 1e-06, 0.1], "k_pid_hsp": [2.1741176316097324, 0.19058756592534076, 0.3733407697520009], "k_pid_vsp": [336.2475207828166, 301.09332986407145, 41.05504206918952]}, "datetime": {"datetime": "2025-08-21 05:02:10", "elapsed": 61785.35741400719, "delta": 48.10395431518555}, "costs": {"total_cost": 891.2714435531759, "time_cost": 150, "final_distance_cost": 72.31892920001921, "oscillation_cost": 255.70002607763598, "completition_cost": 333.33333333333337, "overshoot_cost": 41.44428611715615, "power_cost": 22.093958886718752, "noise_cost": 16.380909938312435, "n_waypoints_completed": 6, "tot_waypoints": 9}}
{"target": -349.96778256561464, "params": {"k_pid_pos": [2.0, 0.9554883426985885, 1.0], "k_pid_alt": [1.5812387355238358, 0.0, 0.08107335243603735], "k_pid_att": [33.01000756920372, 3.68726832994418, 0.0], "k_pid_yaw": [0.5, 1e-06, 0.1], "k_pid_hsp": [5.77319935622278, 0.746675709248405, 0.4017737273858696], "k_pid_vsp": [197.6561372355095, 243.54947912472036, 122.29442218082485]}, "datetime": {"datetime": "2025-08-21 05:02:57", "elapsed": 61831.83271384239, "delta": 46.47529983520508}, "costs": {"total_cost": 349.96778256561464, "time_cost": 80.136, "final_distance_cost": 1.6928751871692085, "oscillation_cost": 181.73376284221612, "completition_cost": 0.0, "overshoot_cost": 54.31210953539554, "power_cost": 18.451577075195313, "noise_cost": 13.64145792563844, "n_waypoints_completed": 9, "tot_waypoints": 9}}
{"target": -411.27949964799956, "params": {"k_pid_pos": [1.5541524622953906, 0.29237966955730377, 0.7598502017251925], "k_pid_alt": [1.4761543923517932, 0.6550231945801407, 0.6349383826177455], "k_pid_att": [94.53375515315341, 4.829236636302191, 0.31223076971483943], "k_pid_yaw": [0.5, 1e-06, 0.1], "k_pid_hsp": [6.140852208511502, 0.16415553785139844, 0.09323798244975727], "k_pid_vsp": [248.53961546969032, 382.18235575888673, 149.97950032353452]}, "datetime": {"datetime": "2025-08-21 05:03:46", "elapsed": 61881.28289818764, "delta": 49.45018434524536}, "costs": {"total_cost": 411.27949964799956, "time_cost": 82.57600000000001, "final_distance_cost": 1.7769230266222327, "oscillation_cost": 241.7997444380457, "completition_cost": 0.0, "overshoot_cost": 52.20680093723302, "power_cost": 18.74251092529297, "noise_cost": 14.177520320805652, "n_waypoints_completed": 9, "tot_waypoints": 9}}
{"target": -983.3416630787432, "params": {"k_pid_pos": [0.2942141552871997, 0.9510753497008587, 0.36205687529822084], "k_pid_alt": [1.4530997560481973, 0.3046838797859167, 0.1487817239886916], "k_pid_att": [20.458264501860047, 3.2509257330768992, 0.5607686172360301], "k_pid_yaw": [0.5, 1e-06, 0.1], "k_pid_hsp": [4.401049761246887, 0.6227719915912089, 0.42294694518671627], "k_pid_vsp": [155.68755739342586, 14.96097282436143, 5.899099016544238]}, "datetime": {"datetime": "2025-08-21 05:04:24", "elapsed": 61918.83723974228, "delta": 37.554341554641724}, "costs": {"total_cost": 983.3416630787432, "time_cost": 150, "final_distance_cost": 41.993000947372444, "oscillation_cost": 149.16232811596967, "completition_cost": 555.5555555555555, "overshoot_cost": 50.55256468396272, "power_cost": 19.828069152832033, "noise_cost": 16.25014462305074, "n_waypoints_completed": 4, "tot_waypoints": 9}}
