{"target": -983.0998477619306, "params": {"k_pid_pos": [1.2780749665597315, 0.4351761649514474, 0.875103424998498], "k_pid_alt": [1.8810532548507621, 0.6002623957428134, 0.3534714667173533], "k_pid_att": [40.1596111706884, 8.723433842814515, 0.5631145936888436], "k_pid_yaw": [0.5, 1e-06, 0.1], "k_pid_hsp": [6.1644366735581135, 0.5215873083786724, 0.8134822432207581], "k_pid_vsp": [232.1194010623987, 161.27066697309075, 319.28044650657324]}, "datetime": {"datetime": "2025-08-20 22:41:05", "elapsed": 38920.233672618866, "delta": 31.606751203536987}, "costs": {"total_cost": 983.0998477619306, "time_cost": 150, "final_distance_cost": 77.30939721419202, "oscillation_cost": 335.23113362436993, "completition_cost": 333.33333333333337, "overshoot_cost": 52.90820709973472, "power_cost": 18.970022924804688, "noise_cost": 15.347753565495996, "n_waypoints_completed": 6, "tot_waypoints": 9}}
{"target": -840.705097235735, "params": {"k_pid_pos": [1.4684875480236408, 0.5036110756009746, 0.9872484479449041], "k_pid_alt": [1.2559149061405974, 0.5329117356088328, 0.37437604459184204], "k_pid_att": [48.296297368826245, 0.0020307297174906656, 0.5353716364611215], "k_pid_yaw": [0.5, 1e-06, 0.1], "k_pid_hsp": [6.402954597293626, 0.9001076380013439, 0.42706655823339923], "k_pid_vsp": [78.400129757597, 264.73956699476116, 184.35985569130344]}, "datetime": {"datetime": "2025-08-20 22:41:36", "elapsed": 38951.34196090698, "delta": 31.108288288116455}, "costs": {"total_cost": 840.705097235735, "time_cost": 150, "final_distance_cost": 68.97257321254162, "oscillation_cost": 307.9581433206172, "completition_cost": 222.2222222222222, "overshoot_cost": 54.6406794447616, "power_cost": 20.91940361328125, "noise_cost": 15.992075422311105, "n_waypoints_completed": 7, "tot_waypoints": 9}}
{"target": -626.441148424537, "params": {"k_pid_pos": [1.3177078741151291, 0.4479356913634059, 0.47587481666597214], "k_pid_alt": [1.2853384307519864, 0.2165702118948348, 0.6379721703529825], "k_pid_att": [37.797588710288096, 1.673965161304397, 0.571028940866036], "k_pid_yaw": [0.5, 1e-06, 0.1], "k_pid_hsp": [3.8978273646719814, 0.4753658032785112, 0.24109593327558057], "k_pid_vsp": [389.59189154266596, 40.22301320119466, 186.57512005439327]}, "datetime": {"datetime": "2025-08-20 22:42:24", "elapsed": 38998.99459147453, "delta": 47.65263056755066}, "costs": {"total_cost": 626.441148424537, "time_cost": 150, "final_distance_cost": 46.64987309177509, "oscillation_cost": 231.46996553776782, "completition_cost": 111.11111111111116, "overshoot_cost": 54.71970975125974, "power_cost": 18.468411938476564, "noise_cost": 14.022076994146547, "n_waypoints_completed": 8, "tot_waypoints": 9}}
{"target": -371.02622995505936, "params": {"k_pid_pos": [1.5342536813292478, 0.1394321512653226, 0.35586973086642115], "k_pid_alt": [0.4813025349491904, 0.22579869923510387, 0.052129224171543975], "k_pid_att": [91.45486644077336, 3.3377503328851286, 0.9257543325426751], "k_pid_yaw": [0.5, 1e-06, 0.1], "k_pid_hsp": [9.17175949755818, 0.780148532724275, 0.3283299039220988], "k_pid_vsp": [116.42273416922681, 281.6738244318136, 95.42182107444629]}, "datetime": {"datetime": "2025-08-20 22:42:56", "elapsed": 39031.15188121796, "delta": 32.15728974342346}, "costs": {"total_cost": 371.02622995505936, "time_cost": 84.70400000000001, "final_distance_cost": 1.7138539601084803, "oscillation_cost": 198.84141880510646, "completition_cost": 0.0, "overshoot_cost": 52.059939677553416, "power_cost": 19.28746173095703, "noise_cost": 14.419555781333944, "n_waypoints_completed": 9, "tot_waypoints": 9}}
{"target": -459.24740721388235, "params": {"k_pid_pos": [1.8198030358303772, 0.14950975439557995, 0.7566729711441736], "k_pid_alt": [1.562227673740901, 0.225850207555394, 0.6469864562048802], "k_pid_att": [70.70942758130673, 1.6441623536324697, 0.8305742912983491], "k_pid_yaw": [0.5, 1e-06, 0.1], "k_pid_hsp": [8.255437174357377, 0.8096317744907978, 0.8239469090814906], "k_pid_vsp": [249.81069475731, 265.2585479660498, 272.15998804165633]}, "datetime": {"datetime": "2025-08-20 22:43:44", "elapsed": 39079.40608930588, "delta": 48.25420808792114}, "costs": {"total_cost": 459.24740721388235, "time_cost": 98.57600000000001, "final_distance_cost": 1.73892230493246, "oscillation_cost": 262.52661670814814, "completition_cost": 0.0, "overshoot_cost": 60.02229974988826, "power_cost": 20.684913305664065, "noise_cost": 15.698655145249475, "n_waypoints_completed": 9, "tot_waypoints": 9}}
{"target": -1003.3682782509782, "params": {"k_pid_pos": [0.8235297573236389, 0.8680041201884369, 0.9883840297005713], "k_pid_alt": [0.22031247780288088, 0.09155873694545524, 0.5996827966962206], "k_pid_att": [8.902156665829208, 4.272292014504705, 0.5439693901489113], "k_pid_yaw": [0.5, 1e-06, 0.1], "k_pid_hsp": [1.4285676931288962, 0.6250541057187063, 0.4875664041722546], "k_pid_vsp": [41.528282613800194, 233.24500748542013, 79.17507715411885]}, "datetime": {"datetime": "2025-08-20 22:44:30", "elapsed": 39125.05053281784, "delta": 45.64444351196289}, "costs": {"total_cost": 1003.3682782509782, "time_cost": 150, "final_distance_cost": 45.62343587532151, "oscillation_cost": 170.80443664241986, "completition_cost": 555.5555555555555, "overshoot_cost": 44.87830982073671, "power_cost": 21.151656384277345, "noise_cost": 15.354883972667247, "n_waypoints_completed": 4, "tot_waypoints": 9}}
{"target": -238.81622279834528, "params": {"k_pid_pos": [1.4426550221896135, 0.9942171743161013, 0.8843488527421374], "k_pid_alt": [0.775213123590027, 0.2538343235063176, 0.5509773011020904], "k_pid_att": [14.250088302799268, 4.1698779263190175, 0.8585364525954132], "k_pid_yaw": [0.5, 1e-06, 0.1], "k_pid_hsp": [5.711647378854809, 0.4350934048908699, 0.014003844568823531], "k_pid_vsp": [205.6295884213492, 298.9243481552659, 71.5943734528676]}, "datetime": {"datetime": "2025-08-20 22:45:00", "elapsed": 39155.29815387726, "delta": 30.247621059417725}, "costs": {"total_cost": 238.81622279834528, "time_cost": 92.904, "final_distance_cost": 1.7816621677043625, "oscillation_cost": 57.44469807686525, "completition_cost": 0.0, "overshoot_cost": 52.430518009115566, "power_cost": 19.643149157714845, "noise_cost": 14.612195386945285, "n_waypoints_completed": 9, "tot_waypoints": 9}}
{"target": -1954.1203596662347, "params": {"k_pid_pos": [1.2682547010209948, 0.006565317967556772, 0.372158077130751], "k_pid_alt": [1.376215904307682, 0.6071254977629326, 0.9219329587703797], "k_pid_att": [39.511381634977994, 6.559747899129214, 0.7471852357815506], "k_pid_yaw": [0.5, 1e-06, 0.1], "k_pid_hsp": [2.9353072816816637, 0.3592378198022417, 0.028848269980348507], "k_pid_vsp": [58.34917725780375, 80.49830234023479, 173.29340268457665]}, "datetime": {"datetime": "2025-08-20 22:45:32", "elapsed": 39187.3999876976, "delta": 32.10183382034302}, "costs": {"total_cost": 1954.1203596662347, "time_cost": 150, "final_distance_cost": 392.52967135763, "oscillation_cost": 40.50830677533319, "completition_cost": 888.8888888888888, "overshoot_cost": 419.98466771399217, "power_cost": 35.7575787475586, "noise_cost": 26.45124618283201, "n_waypoints_completed": 1, "tot_waypoints": 9}}
{"target": -831.1440659263591, "params": {"k_pid_pos": [1.298658447990196, 0.8662754623068437, 0.40110405226397217], "k_pid_alt": [1.5307076368017734, 0.2463108472927793, 0.20960557609163277], "k_pid_att": [70.35262823001538, 1.3901862467977657, 0.5280819835508291], "k_pid_yaw": [0.5, 1e-06, 0.1], "k_pid_hsp": [9.830481187517387, 0.3821503484507879, 0.9798606105279938], "k_pid_vsp": [204.8344570094891, 396.33259440624664, 5.6092507206710644]}, "datetime": {"datetime": "2025-08-20 22:46:07", "elapsed": 39221.63265299797, "delta": 34.23266530036926}, "costs": {"total_cost": 831.1440659263591, "time_cost": 150, "final_distance_cost": 72.42033891678491, "oscillation_cost": 192.51750498119026, "completition_cost": 333.33333333333337, "overshoot_cost": 45.96728993327526, "power_cost": 20.498465209960937, "noise_cost": 16.407133551814244, "n_waypoints_completed": 6, "tot_waypoints": 9}}
{"target": -606.5754941850307, "params": {"k_pid_pos": [1.9170253198491631, 0.16163515369661796, 0.3693963798071317], "k_pid_alt": [0.9713430138556574, 0.8509816690388202, 0.3404780796418717], "k_pid_att": [51.03079409990088, 5.066355484407186, 0.8886839209554216], "k_pid_yaw": [0.5, 1e-06, 0.1], "k_pid_hsp": [6.89888199065157, 0.7207381563431822, 0.9436668804291677], "k_pid_vsp": [295.2730914471201, 208.03045208666066, 77.35339188365505]}, "datetime": {"datetime": "2025-08-20 22:46:38", "elapsed": 39253.348135232925, "delta": 31.715482234954834}, "costs": {"total_cost": 606.5754941850307, "time_cost": 150, "final_distance_cost": 55.097301396599455, "oscillation_cost": 194.80638426294297, "completition_cost": 111.11111111111116, "overshoot_cost": 57.34955059189029, "power_cost": 22.186154711914064, "noise_cost": 16.024992110572864, "n_waypoints_completed": 8, "tot_waypoints": 9}}
{"target": -1195.3125050748445, "params": {"k_pid_pos": [0.22990468688951576, 0.7764713450299079, 0.8048841037730451], "k_pid_alt": [0.8266744572836191, 0.17763428039266616, 0.5258574546777289], "k_pid_att": [4.063099643399493, 3.13465401638472, 0.028247113313717542], "k_pid_yaw": [0.5, 1e-06, 0.1], "k_pid_hsp": [8.227680709280282, 0.15529945477513596, 0.36901067556435696], "k_pid_vsp": [334.52843016070176, 137.25933210122048, 138.9208975290201]}, "datetime": {"datetime": "2025-08-20 22:47:09", "elapsed": 39284.02429127693, "delta": 30.676156044006348}, "costs": {"total_cost": 1195.3125050748445, "time_cost": 150, "final_distance_cost": 51.23295871922532, "oscillation_cost": 250.20254036900104, "completition_cost": 666.6666666666667, "overshoot_cost": 44.24362537685871, "power_cost": 19.212804968261718, "noise_cost": 13.753908974830956, "n_waypoints_completed": 3, "tot_waypoints": 9}}
{"target": -307.675130847146, "params": {"k_pid_pos": [1.2514585457690734, 0.7837006096094993, 0.5655682117656035], "k_pid_alt": [1.733920718621968, 0.8423641459727745, 0.43720099461245954], "k_pid_att": [7.684768311841328, 8.030037337669823, 0.8578224723967405], "k_pid_yaw": [0.5, 1e-06, 0.1], "k_pid_hsp": [3.5123768767715844, 0.930795802027945, 0.2385081536955247], "k_pid_vsp": [176.66642003159006, 23.537550310119567, 3.201667669520939]}, "datetime": {"datetime": "2025-08-20 22:47:49", "elapsed": 39324.5044836998, "delta": 40.48019242286682}, "costs": {"total_cost": 307.675130847146, "time_cost": 86.2, "final_distance_cost": 1.7391926211832491, "oscillation_cost": 138.12203410197006, "completition_cost": 0.0, "overshoot_cost": 51.93371360678231, "power_cost": 16.108035546875, "noise_cost": 13.572154970335436, "n_waypoints_completed": 9, "tot_waypoints": 9}}
{"target": -360.97664173369094, "params": {"k_pid_pos": [1.494235483404121, 0.47815848726351096, 0.2831757360209509], "k_pid_alt": [1.3281280430487246, 0.4398567364070411, 0.3349794741961901], "k_pid_att": [40.939295725020536, 6.259427978676485, 0.6133381515265879], "k_pid_yaw": [0.5, 1e-06, 0.1], "k_pid_hsp": [3.1679113159170793, 0.5271419712634583, 0.350857700467385], "k_pid_vsp": [112.4258316896818, 144.50976103206148, 21.428025158908063]}, "datetime": {"datetime": "2025-08-20 22:48:37", "elapsed": 39372.34422802925, "delta": 47.839744329452515}, "costs": {"total_cost": 360.97664173369094, "time_cost": 89.616, "final_distance_cost": 1.735083022808256, "oscillation_cost": 183.5734541445662, "completition_cost": 0.0, "overshoot_cost": 53.748468103643226, "power_cost": 17.99640372314453, "noise_cost": 14.30723273952873, "n_waypoints_completed": 9, "tot_waypoints": 9}}
{"target": -1152.975304264698, "params": {"k_pid_pos": [1.508167232821845, 0.8294384060748846, 0.44828126666721835], "k_pid_alt": [0.2446700156678412, 0.6942440702807142, 0.013833394404621058], "k_pid_att": [56.64176549219292, 2.548140663047753, 0.5569454978961411], "k_pid_yaw": [0.5, 1e-06, 0.1], "k_pid_hsp": [6.430463973467053, 0.40444966384998804, 0.7103556191940718], "k_pid_vsp": [337.06225190675667, 359.604980322785, 25.896958670684892]}, "datetime": {"datetime": "2025-08-20 22:49:08", "elapsed": 39403.12237715721, "delta": 30.778149127960205}, "costs": {"total_cost": 1152.975304264698, "time_cost": 150, "final_distance_cost": 51.748682438603424, "oscillation_cost": 194.90100063291874, "completition_cost": 666.6666666666667, "overshoot_cost": 49.210759637165175, "power_cost": 22.051059399414065, "noise_cost": 18.397135489929877, "n_waypoints_completed": 3, "tot_waypoints": 9}}
{"target": -641.8838178818935, "params": {"k_pid_pos": [1.1622661460625934, 0.2780982612401657, 0.279813036844869], "k_pid_alt": [0.9789180908001471, 0.6955064981762129, 0.8292500491551403], "k_pid_att": [94.1638044275008, 4.965589197929335, 0.7288267824295265], "k_pid_yaw": [0.5, 1e-06, 0.1], "k_pid_hsp": [9.904297524023576, 0.31259894134095295, 0.13221152938238212], "k_pid_vsp": [159.64644332511196, 130.7577479337008, 14.098331345749383]}, "datetime": {"datetime": "2025-08-20 22:49:59", "elapsed": 39453.70461535454, "delta": 50.58223819732666}, "costs": {"total_cost": 641.8838178818935, "time_cost": 150, "final_distance_cost": 65.03807547002272, "oscillation_cost": 226.13648940275644, "completition_cost": 111.11111111111116, "overshoot_cost": 51.087512537429696, "power_cost": 21.990829028320313, "noise_cost": 16.519800332253237, "n_waypoints_completed": 8, "tot_waypoints": 9}}
{"target": -826.9284013503575, "params": {"k_pid_pos": [1.0944140138390164, 0.368695707616023, 0.9332679350295963], "k_pid_alt": [1.1387898187999028, 0.8497700374371138, 0.3002493378026476], "k_pid_att": [26.58952058403302, 3.8578737643658263, 0.4459164522200427], "k_pid_yaw": [0.5, 1e-06, 0.1], "k_pid_hsp": [3.3586226555237353, 0.7381829919049071, 0.4681636314347184], "k_pid_vsp": [34.29284688111247, 314.979543698395, 126.75093550922675]}, "datetime": {"datetime": "2025-08-20 22:50:30", "elapsed": 39485.00823235512, "delta": 31.303617000579834}, "costs": {"total_cost": 826.9284013503575, "time_cost": 150, "final_distance_cost": 72.89808417348115, "oscillation_cost": 294.599965704599, "completition_cost": 222.2222222222222, "overshoot_cost": 52.893586985951416, "power_cost": 18.69478425292969, "noise_cost": 15.619758011174143, "n_waypoints_completed": 7, "tot_waypoints": 9}}
{"target": -360.7654744099723, "params": {"k_pid_pos": [1.2754567358786164, 0.564152010432273, 0.3822576602274464], "k_pid_alt": [1.4129191609043998, 0.3691016888531519, 0.33127293395394014], "k_pid_att": [14.191457943944297, 4.399881478188146, 0.6821158814071481], "k_pid_yaw": [0.5, 1e-06, 0.1], "k_pid_hsp": [7.21188087333932, 0.061024034618266956, 0.7255142538440341], "k_pid_vsp": [364.2238179522371, 126.49819675002028, 37.31999497898905]}, "datetime": {"datetime": "2025-08-20 22:51:14", "elapsed": 39528.678909778595, "delta": 43.67067742347717}, "costs": {"total_cost": 360.7654744099723, "time_cost": 93.56, "final_distance_cost": 1.729412739996514, "oscillation_cost": 179.36882383343013, "completition_cost": 0.0, "overshoot_cost": 54.283659238481825, "power_cost": 18.03122911376953, "noise_cost": 13.792349484294274, "n_waypoints_completed": 9, "tot_waypoints": 9}}
{"target": -483.3867119197675, "params": {"k_pid_pos": [1.8364665142605365, 0.09597543321260227, 0.5793446887303866], "k_pid_alt": [1.8355117356166877, 0.018830656834552095, 0.5124772852637007], "k_pid_att": [90.94669907711801, 0.1264526228004709, 0.8424076768368459], "k_pid_yaw": [0.5, 1e-06, 0.1], "k_pid_hsp": [3.0443635246593588, 0.21059048301387628, 0.8388888756812884], "k_pid_vsp": [74.76192781933423, 340.8047071364906, 196.15392656370204]}, "datetime": {"datetime": "2025-08-20 22:51:45", "elapsed": 39559.54743862152, "delta": 30.868528842926025}, "costs": {"total_cost": 483.3867119197675, "time_cost": 99.696, "final_distance_cost": 1.7500483750826306, "oscillation_cost": 278.05806776941563, "completition_cost": 0.0, "overshoot_cost": 62.34798315926673, "power_cost": 23.496916174316407, "noise_cost": 18.037696441686073, "n_waypoints_completed": 9, "tot_waypoints": 9}}
{"target": -752.8257357672233, "params": {"k_pid_pos": [1.9261199049237185, 0.604700148075351, 0.31411014954817684], "k_pid_alt": [1.7304516042007934, 0.5807839459268127, 0.9245964185480825], "k_pid_att": [20.24825679178609, 3.6271450796020868, 0.5844457493669836], "k_pid_yaw": [0.5, 1e-06, 0.1], "k_pid_hsp": [8.896345940328626, 0.39378448340044514, 0.06522030136298773], "k_pid_vsp": [364.29745228950344, 144.2770918795424, 397.1686516680037]}, "datetime": {"datetime": "2025-08-20 22:52:16", "elapsed": 39591.37082672119, "delta": 31.82338809967041}, "costs": {"total_cost": 752.8257357672233, "time_cost": 150, "final_distance_cost": 60.89264643934695, "oscillation_cost": 109.04458104393696, "completition_cost": 333.33333333333337, "overshoot_cost": 64.18729047081476, "power_cost": 18.235229309082033, "noise_cost": 17.132655170709192, "n_waypoints_completed": 6, "tot_waypoints": 9}}
{"target": -239.89256314621534, "params": {"k_pid_pos": [0.9422282846962783, 0.12168151710926148, 0.10217238751531556], "k_pid_alt": [0.9829202407962903, 0.5059671106967094, 0.4343802765642023], "k_pid_att": [24.162785694056062, 8.170055674495055, 0.5881296852791136], "k_pid_yaw": [0.5, 1e-06, 0.1], "k_pid_hsp": [5.038745753854259, 0.8369405846498684, 0.09398978179312949], "k_pid_vsp": [124.04529004347961, 149.16087730901074, 9.021613752559642]}, "datetime": {"datetime": "2025-08-20 22:52:53", "elapsed": 39628.4085624218, "delta": 37.0377357006073}, "costs": {"total_cost": 239.89256314621534, "time_cost": 78.83200000000001, "final_distance_cost": 1.7487068909487824, "oscillation_cost": 82.42547979575883, "completition_cost": 0.0, "overshoot_cost": 51.034412016233574, "power_cost": 13.775270629882813, "noise_cost": 12.076693813391318, "n_waypoints_completed": 9, "tot_waypoints": 9}}
{"target": -1023.7349901630004, "params": {"k_pid_pos": [0.3446982101086132, 0.8221213442682763, 0.015343099572929786], "k_pid_alt": [1.9667362919439169, 0.28835541418287736, 0.587025399198447], "k_pid_att": [68.47751440165533, 4.2903263089175905, 0.6673077589275841], "k_pid_yaw": [0.5, 1e-06, 0.1], "k_pid_hsp": [2.6249823247463153, 0.0770630740315077, 0.5999081041282261], "k_pid_vsp": [328.29848760791225, 202.35896984807758, 85.29755114506132]}, "datetime": {"datetime": "2025-08-20 22:53:26", "elapsed": 39660.66008520126, "delta": 32.25152277946472}, "costs": {"total_cost": 1023.7349901630004, "time_cost": 150, "final_distance_cost": 54.49824112151304, "oscillation_cost": 159.07010848411508, "completition_cost": 555.5555555555555, "overshoot_cost": 66.1284204734327, "power_cost": 22.204344360351563, "noise_cost": 16.278320168032483, "n_waypoints_completed": 4, "tot_waypoints": 9}}
{"target": -227.575769283667, "params": {"k_pid_pos": [1.4555694828986974, 0.006649417452998407, 0.35412596518975137], "k_pid_alt": [1.7057420584182383, 0.5688846149679871, 0.14584252594109837], "k_pid_att": [19.729214208371005, 3.1274489174225817, 0.5933889857331932], "k_pid_yaw": [0.5, 1e-06, 0.1], "k_pid_hsp": [2.533665886100942, 0.08518254903630429, 0.04483476173307055], "k_pid_vsp": [16.85617041397731, 341.3583148622643, 19.410754783612642]}, "datetime": {"datetime": "2025-08-20 22:53:53", "elapsed": 39688.204092264175, "delta": 27.544007062911987}, "costs": {"total_cost": 227.575769283667, "time_cost": 74.76, "final_distance_cost": 1.7705107220865135, "oscillation_cost": 72.12285748901925, "completition_cost": 0.0, "overshoot_cost": 50.39182459188858, "power_cost": 16.513057470703124, "noise_cost": 12.017519009969533, "n_waypoints_completed": 9, "tot_waypoints": 9}}
{"target": -440.29917298500646, "params": {"k_pid_pos": [0.7544633559743702, 0.4182425158060953, 0.7435036340218761], "k_pid_alt": [1.1515499242474558, 0.016668018037525156, 0.7791620942239647], "k_pid_att": [52.04024194376887, 2.7528497988577523, 0.9608272334435833], "k_pid_yaw": [0.5, 1e-06, 0.1], "k_pid_hsp": [7.955548867433065, 0.2566910790046182, 0.7359591255216131], "k_pid_vsp": [300.7869797567831, 325.74067098287577, 172.56646569531404]}, "datetime": {"datetime": "2025-08-20 22:54:24", "elapsed": 39718.96785402298, "delta": 30.76376175880432}, "costs": {"total_cost": 440.29917298500646, "time_cost": 94.08800000000001, "final_distance_cost": 1.8059453787326591, "oscillation_cost": 256.94187711501934, "completition_cost": 0.0, "overshoot_cost": 52.16599861585362, "power_cost": 19.777684045410158, "noise_cost": 15.519667829990683, "n_waypoints_completed": 9, "tot_waypoints": 9}}
{"target": -1166.7610858733476, "params": {"k_pid_pos": [1.5350162031511745, 0.24773777095824256, 0.32844914993611896], "k_pid_alt": [0.26167512482072186, 0.6850998952656093, 0.00603168728238479], "k_pid_att": [40.25995275480493, 9.057487755484598, 0.6534250911507935], "k_pid_yaw": [0.5, 1e-06, 0.1], "k_pid_hsp": [3.7411941203125156, 0.23598579550499688, 0.08167279034655361], "k_pid_vsp": [50.43742465142329, 172.3753458536758, 184.13385561774788]}, "datetime": {"datetime": "2025-08-20 22:54:57", "elapsed": 39751.6850001812, "delta": 32.717146158218384}, "costs": {"total_cost": 1166.7610858733476, "time_cost": 150, "final_distance_cost": 64.18960817275695, "oscillation_cost": 127.04634095935288, "completition_cost": 666.6666666666667, "overshoot_cost": 120.36898947231225, "power_cost": 20.446264709472658, "noise_cost": 18.043215892786108, "n_waypoints_completed": 3, "tot_waypoints": 9}}
