{"target": -1629.318261908414, "params": {"k_pid_pos": [0.4864808221832328, 0.8474249192114665, 0.6545060958746607], "k_pid_alt": [1.185879681747333, 0.5119129532762012, 0.14049954101175333], "k_pid_att": [7.0103547284970364, 1.8457395008304855, 0.05193600373549856], "k_pid_yaw": [0.5, 1e-06, 0.1], "k_pid_hsp": [2.3773949163200463, 0.6122145937595854, 0.08511996561339519], "k_pid_vsp": [52.492405250163365, 14.965490823817127, 375.66317684062193]}, "datetime": {"datetime": "2025-08-20 20:08:03", "elapsed": 29737.918159484863, "delta": 28.799649000167847}, "costs": {"total_cost": 1629.318261908414, "time_cost": 150, "final_distance_cost": 1.0074710444884194, "oscillation_cost": 269.5012444818009, "completition_cost": 1000.0, "overshoot_cost": 135.85159000487468, "power_cost": 16.35467526855469, "noise_cost": 56.603281108695235, "n_waypoints_completed": 0, "tot_waypoints": 9}}
{"target": -1011.1041855461339, "params": {"k_pid_pos": [0.36866741726679986, 0.167966323663285, 0.031620941549819315], "k_pid_alt": [0.326518491471782, 0.9175850392412497, 0.3968572644005548], "k_pid_att": [38.957888929496534, 9.406175560283314, 0.28518972604487425], "k_pid_yaw": [0.5, 1e-06, 0.1], "k_pid_hsp": [8.74629866150912, 0.706771961043542, 0.5074363094034263], "k_pid_vsp": [359.49661897775974, 36.89637566748573, 68.60613271303998]}, "datetime": {"datetime": "2025-08-20 20:08:31", "elapsed": 29765.81601881981, "delta": 27.89785933494568}, "costs": {"total_cost": 1011.1041855461339, "time_cost": 150, "final_distance_cost": 50.828790180192705, "oscillation_cost": 275.59078556759636, "completition_cost": 444.4444444444444, "overshoot_cost": 53.10895544465973, "power_cost": 20.611584887695315, "noise_cost": 16.51962502154528, "n_waypoints_completed": 5, "tot_waypoints": 9}}
{"target": -752.7070869108969, "params": {"k_pid_pos": [1.4762035619632738, 0.5236608079122745, 0.3689427364340703], "k_pid_alt": [1.5608910667852676, 0.45368613015620807, 0.6313596113872915], "k_pid_att": [61.98314243649781, 6.69732395096165, 0.1908771514329327], "k_pid_yaw": [0.5, 1e-06, 0.1], "k_pid_hsp": [4.454050317100712, 0.07791320069661178, 0.7969678326359659], "k_pid_vsp": [355.7778148866646, 245.39879123619835, 331.2468064923037]}, "datetime": {"datetime": "2025-08-20 20:09:10", "elapsed": 29804.83664035797, "delta": 39.02062153816223}, "costs": {"total_cost": 752.7070869108969, "time_cost": 150, "final_distance_cost": 65.86229078375509, "oscillation_cost": 222.06190301801965, "completition_cost": 222.2222222222222, "overshoot_cost": 54.659050248534285, "power_cost": 21.663625036621095, "noise_cost": 16.237995601744633, "n_waypoints_completed": 7, "tot_waypoints": 9}}
{"target": -1478.0720723284771, "params": {"k_pid_pos": [0.7955320595136259, 0.8711841037355404, 0.39968191859892976], "k_pid_alt": [1.4610246276712322, 0.7095427692708757, 0.926275979179821], "k_pid_att": [31.405254091209077, 2.539513140215627, 0.1663620034697153], "k_pid_yaw": [0.5, 1e-06, 0.1], "k_pid_hsp": [2.6000918836098337, 0.37036343347967815, 0.5729311212973512], "k_pid_vsp": [97.89091747846838, 170.46421084096824, 330.87110451861196]}, "datetime": {"datetime": "2025-08-20 20:09:42", "elapsed": 29836.622968673706, "delta": 31.786328315734863}, "costs": {"total_cost": 1478.0720723284771, "time_cost": 150, "final_distance_cost": 11.907639901148018, "oscillation_cost": 93.63624137513617, "completition_cost": 1000.0, "overshoot_cost": 136.90706788447392, "power_cost": 21.81881707763672, "noise_cost": 63.80230609008239, "n_waypoints_completed": 0, "tot_waypoints": 9}}
{"target": -1215.7534816437246, "params": {"k_pid_pos": [0.9819433829908568, 0.882433115790784, 0.001961879709609149], "k_pid_alt": [1.7352071547343584, 0.716447660713867, 0.8916550103405921], "k_pid_att": [77.39557409043509, 6.166167655117064, 0.6741971581280352], "k_pid_yaw": [0.5, 1e-06, 0.1], "k_pid_hsp": [8.8792719290688, 0.4788820566854467, 0.20467248811653427], "k_pid_vsp": [319.67180027079627, 105.90719673495181, 365.66570273250176]}, "datetime": {"datetime": "2025-08-20 20:10:10", "elapsed": 29864.796751260757, "delta": 28.17378258705139}, "costs": {"total_cost": 1215.7534816437246, "time_cost": 150, "final_distance_cost": 80.54762607744449, "oscillation_cost": 101.45327282172708, "completition_cost": 777.7777777777778, "overshoot_cost": 64.98444499488325, "power_cost": 23.47058094482422, "noise_cost": 17.51977902706797, "n_waypoints_completed": 2, "tot_waypoints": 9}}
{"target": -403.42824448307573, "params": {"k_pid_pos": [1.6802666882536799, 0.3552417427598258, 0.9208962514061506], "k_pid_alt": [1.3493223302194355, 0.5551156549300297, 0.8155133619897906], "k_pid_att": [94.9072850200127, 4.636745759705828, 0.32455735140051556], "k_pid_yaw": [0.5, 1e-06, 0.1], "k_pid_hsp": [5.6895834657233175, 0.17173565595398277, 0.04995989447157945], "k_pid_vsp": [250.52288558243592, 377.22763469277356, 148.56306804987767]}, "datetime": {"datetime": "2025-08-20 20:10:40", "elapsed": 29895.266832113266, "delta": 30.470080852508545}, "costs": {"total_cost": 403.42824448307573, "time_cost": 86.632, "final_distance_cost": 1.7483620475383919, "oscillation_cost": 230.55237057926, "completition_cost": 0.0, "overshoot_cost": 53.2772536468018, "power_cost": 17.40640341796875, "noise_cost": 13.811854791506807, "n_waypoints_completed": 9, "tot_waypoints": 9}}
{"target": -1353.332843227704, "params": {"k_pid_pos": [1.1755540080331084, 0.6708446604393506, 0.7258233323179583], "k_pid_alt": [0.34678371282981657, 0.3772479938130615, 0.4815649107501859], "k_pid_att": [8.99351589268097, 4.225554650944466, 0.816684823850753], "k_pid_yaw": [0.5, 1e-06, 0.1], "k_pid_hsp": [3.248757992678881, 0.46996091713015886, 0.6631140160131866], "k_pid_vsp": [107.01870852945024, 208.8629761741398, 333.6656951975112]}, "datetime": {"datetime": "2025-08-20 20:11:08", "elapsed": 29923.46878671646, "delta": 28.20195460319519}, "costs": {"total_cost": 1353.332843227704, "time_cost": 150, "final_distance_cost": 76.41391446943699, "oscillation_cost": 207.38945982897343, "completition_cost": 777.7777777777778, "overshoot_cost": 104.52467302726771, "power_cost": 19.933387817382812, "noise_cost": 17.293630306865552, "n_waypoints_completed": 2, "tot_waypoints": 9}}
{"target": -1353.5661399136252, "params": {"k_pid_pos": [0.019552247876851673, 0.9462681347458671, 0.2544904215808229], "k_pid_alt": [1.636768449190113, 0.20768348228341016, 0.3063982448343632], "k_pid_att": [28.868360929909763, 0.5671738409732103, 0.9779066264894704], "k_pid_yaw": [0.5, 1e-06, 0.1], "k_pid_hsp": [3.6333391897098894, 0.34909703370331546, 0.04779723524289847], "k_pid_vsp": [384.1543071821629, 377.9265327619457, 13.91015146596636]}, "datetime": {"datetime": "2025-08-20 20:11:42", "elapsed": 29956.679557800293, "delta": 33.21077108383179}, "costs": {"total_cost": 1353.5661399136252, "time_cost": 150, "final_distance_cost": 45.82777434180073, "oscillation_cost": 95.79526501440115, "completition_cost": 1000.0, "overshoot_cost": 26.24154765222417, "power_cost": 20.123641381835938, "noise_cost": 15.577911523363213, "n_waypoints_completed": 0, "tot_waypoints": 9}}
{"target": -1591.6753724709245, "params": {"k_pid_pos": [1.8501984444845492, 0.3805782774871973, 0.7772181533800852], "k_pid_alt": [0.22475024320352688, 0.752533740392248, 0.7375608898570415], "k_pid_att": [36.16720231352214, 9.900573933722765, 0.9092364091622378], "k_pid_yaw": [0.5, 1e-06, 0.1], "k_pid_hsp": [9.762427100018405, 0.9190633490658078, 0.5368131210529873], "k_pid_vsp": [61.85768822144841, 283.15659589688005, 293.47095922334836]}, "datetime": {"datetime": "2025-08-20 20:12:10", "elapsed": 29985.067621707916, "delta": 28.38806390762329}, "costs": {"total_cost": 1591.6753724709245, "time_cost": 150, "final_distance_cost": 61.76169227817722, "oscillation_cost": 379.38487683725396, "completition_cost": 888.8888888888888, "overshoot_cost": 76.74492464358973, "power_cost": 19.292441723632813, "noise_cost": 15.60254809938199, "n_waypoints_completed": 1, "tot_waypoints": 9}}
{"target": -1647.4375857670304, "params": {"k_pid_pos": [0.002568262996484922, 0.9892903127069397, 0.677178143767503], "k_pid_alt": [0.5758359189578746, 0.8012373345679606, 0.9438562439556516], "k_pid_att": [87.48604771400045, 4.710622469145303, 0.9719066681583193], "k_pid_yaw": [0.5, 1e-06, 0.1], "k_pid_hsp": [0.049425223196862746, 0.05228042542413747, 0.7772953946794743], "k_pid_vsp": [392.18492127336424, 311.05806780175476, 358.07517747444115]}, "datetime": {"datetime": "2025-08-20 20:12:38", "elapsed": 30012.797337293625, "delta": 27.729715585708618}, "costs": {"total_cost": 1647.4375857670304, "time_cost": 150, "final_distance_cost": 34.69935004723289, "oscillation_cost": 377.2919868126508, "completition_cost": 1000.0, "overshoot_cost": 48.34451734393629, "power_cost": 21.10557829589844, "noise_cost": 15.99615326731214, "n_waypoints_completed": 0, "tot_waypoints": 9}}
{"target": -1408.598216544767, "params": {"k_pid_pos": [0.08912584635351269, 0.3435249331291612, 0.12272578186626304], "k_pid_alt": [0.1460312266350947, 0.4570088189192639, 0.776429117175457], "k_pid_att": [60.94112655907081, 5.329574701547961, 0.9899299760846305], "k_pid_yaw": [0.5, 1e-06, 0.1], "k_pid_hsp": [4.446809467545035, 0.7499331716583064, 0.12601722931971704], "k_pid_vsp": [248.02978321485693, 388.99543356254316, 343.1365676512578]}, "datetime": {"datetime": "2025-08-20 20:13:07", "elapsed": 30041.930896043777, "delta": 29.133558750152588}, "costs": {"total_cost": 1408.598216544767, "time_cost": 150, "final_distance_cost": 68.16142039792463, "oscillation_cost": 228.20349243179945, "completition_cost": 888.8888888888888, "overshoot_cost": 39.28894961703696, "power_cost": 18.880259436035157, "noise_cost": 15.175205773081949, "n_waypoints_completed": 1, "tot_waypoints": 9}}
{"target": -1148.4318202476577, "params": {"k_pid_pos": [1.4904469667860327, 0.5462487398050717, 0.2088297883287692], "k_pid_alt": [0.4672366410027835, 0.5429140609592535, 0.5916903532272284], "k_pid_att": [68.03416311006191, 9.5343090752427, 0.18737199025265483], "k_pid_yaw": [0.5, 1e-06, 0.1], "k_pid_hsp": [2.99963012917212, 0.9889686319403255, 0.8683456772868993], "k_pid_vsp": [105.25629607149622, 105.43832554016791, 126.9332422333373]}, "datetime": {"datetime": "2025-08-20 20:13:35", "elapsed": 30069.897341012955, "delta": 27.966444969177246}, "costs": {"total_cost": 1148.4318202476577, "time_cost": 150, "final_distance_cost": 90.1950632654839, "oscillation_cost": 156.0801516783467, "completition_cost": 666.6666666666667, "overshoot_cost": 44.13151687297599, "power_cost": 24.075350024414064, "noise_cost": 17.283071739770385, "n_waypoints_completed": 3, "tot_waypoints": 9}}
{"target": -1230.0877415843552, "params": {"k_pid_pos": [0.3161357849908498, 0.5258979904423046, 0.15635772283636618], "k_pid_alt": [0.33436348427247653, 0.9568507532561734, 0.9906873867826393], "k_pid_att": [20.831825817644013, 7.094251145080667, 0.005539507020241752], "k_pid_yaw": [0.5, 1e-06, 0.1], "k_pid_hsp": [7.130855033673938, 0.8427567996227493, 0.8967131274451805], "k_pid_vsp": [136.90810054088521, 5.872787052336989, 85.24923605772015]}, "datetime": {"datetime": "2025-08-20 20:14:09", "elapsed": 30104.18281531334, "delta": 34.28547430038452}, "costs": {"total_cost": 1230.0877415843552, "time_cost": 150, "final_distance_cost": 49.88243966629487, "oscillation_cost": 276.15984325140306, "completition_cost": 666.6666666666667, "overshoot_cost": 56.77731580759449, "power_cost": 16.50466513671875, "noise_cost": 14.096811055677003, "n_waypoints_completed": 3, "tot_waypoints": 9}}
{"target": -549.3275816947971, "params": {"k_pid_pos": [1.9323688358007989, 0.06722368886486907, 0.19176292633622172], "k_pid_alt": [0.6570262372309563, 0.1615768682683273, 0.5251720409937551], "k_pid_att": [14.921884756016201, 6.337331550925218, 0.8484477463371378], "k_pid_yaw": [0.5, 1e-06, 0.1], "k_pid_hsp": [6.515730073841237, 0.8477008633433217, 0.9224569755769728], "k_pid_vsp": [227.64955303823498, 395.87567779517735, 187.73923394440462]}, "datetime": {"datetime": "2025-08-20 20:14:38", "elapsed": 30132.78395485878, "delta": 28.601139545440674}, "costs": {"total_cost": 549.3275816947971, "time_cost": 150, "final_distance_cost": 20.66585624124482, "oscillation_cost": 173.3320952403101, "completition_cost": 111.11111111111116, "overshoot_cost": 58.940587527411424, "power_cost": 20.382999816894532, "noise_cost": 14.89493175782506, "n_waypoints_completed": 8, "tot_waypoints": 9}}
{"target": -1166.8791127990396, "params": {"k_pid_pos": [0.7464534889873782, 0.6904216335329724, 0.25577422360718594], "k_pid_alt": [1.3302644691260743, 0.8322326114909487, 0.6103148417181092], "k_pid_att": [56.83315089068822, 1.1936855844397598, 0.9567640855052644], "k_pid_yaw": [0.5, 1e-06, 0.1], "k_pid_hsp": [7.05939706526194, 0.3614549758236273, 0.7600147200349173], "k_pid_vsp": [92.83712594350123, 339.945349536981, 210.9506791175673]}, "datetime": {"datetime": "2025-08-20 20:15:06", "elapsed": 30161.397238969803, "delta": 28.61328411102295}, "costs": {"total_cost": 1166.8791127990396, "time_cost": 150, "final_distance_cost": 54.37480517353426, "oscillation_cost": 211.9800882195238, "completition_cost": 666.6666666666667, "overshoot_cost": 44.570905042673765, "power_cost": 22.004729223632815, "noise_cost": 17.281918473008044, "n_waypoints_completed": 3, "tot_waypoints": 9}}
{"target": -610.3054444761488, "params": {"k_pid_pos": [1.8495539699712822, 0.26068454620607096, 0.37657909209501605], "k_pid_alt": [0.9354275623520576, 0.5965091322379137, 0.5087875823180777], "k_pid_att": [73.65202488922924, 7.966508813335042, 0.49397880482146883], "k_pid_yaw": [0.5, 1e-06, 0.1], "k_pid_hsp": [6.9132106331731515, 0.6285670168111704, 0.7094023860341866], "k_pid_vsp": [271.1719136112941, 167.69622465571098, 208.29787172451367]}, "datetime": {"datetime": "2025-08-20 20:15:34", "elapsed": 30189.43824315071, "delta": 28.041004180908203}, "costs": {"total_cost": 610.3054444761488, "time_cost": 150, "final_distance_cost": 10.78860528709383, "oscillation_cost": 240.31235328697892, "completition_cost": 111.11111111111116, "overshoot_cost": 60.24213427257408, "power_cost": 20.77910466308594, "noise_cost": 17.07213585530485, "n_waypoints_completed": 8, "tot_waypoints": 9}}
{"target": -850.4938192654128, "params": {"k_pid_pos": [1.6106893925483678, 0.6640603375082919, 0.2533997806885314], "k_pid_alt": [1.467860510768904, 0.815015466907173, 0.2647705586220306], "k_pid_att": [15.800348402750952, 8.991295195512315, 0.8193898455910438], "k_pid_yaw": [0.5, 1e-06, 0.1], "k_pid_hsp": [5.109264007792597, 0.9661721068142499, 0.550250101448748], "k_pid_vsp": [202.62455644636142, 163.0570504499764, 253.11662650113962]}, "datetime": {"datetime": "2025-08-20 20:16:04", "elapsed": 30218.842633247375, "delta": 29.40439009666443}, "costs": {"total_cost": 850.4938192654128, "time_cost": 150, "final_distance_cost": 61.76867902021466, "oscillation_cost": 205.3516130730064, "completition_cost": 333.33333333333337, "overshoot_cost": 61.09841510741187, "power_cost": 21.671864660644534, "noise_cost": 17.26991407080188, "n_waypoints_completed": 6, "tot_waypoints": 9}}
{"target": -882.114368974656, "params": {"k_pid_pos": [0.7868693455230032, 0.8404992897822022, 0.8366353077071873], "k_pid_alt": [0.46408403436404466, 0.15617493264114946, 0.30574736319719564], "k_pid_att": [29.56651538904813, 1.9184239918360322, 0.14978782787385625], "k_pid_yaw": [0.5, 1e-06, 0.1], "k_pid_hsp": [2.098556922681056, 0.10973218505679982, 0.599903379074698], "k_pid_vsp": [263.04050900527267, 328.19634553265365, 119.28275581306491]}, "datetime": {"datetime": "2025-08-20 20:16:32", "elapsed": 30247.32398581505, "delta": 28.48135256767273}, "costs": {"total_cost": 882.114368974656, "time_cost": 150, "final_distance_cost": 60.934903853072214, "oscillation_cost": 253.94521545081997, "completition_cost": 333.33333333333337, "overshoot_cost": 46.230569492040594, "power_cost": 21.742400634765627, "noise_cost": 15.927946210624198, "n_waypoints_completed": 6, "tot_waypoints": 9}}
{"target": -944.173989884904, "params": {"k_pid_pos": [1.0570874346904087, 0.19343391806303922, 0.4101632961353102], "k_pid_alt": [0.17284258521170526, 0.42331261314647106, 0.3768142512188033], "k_pid_att": [15.836627036326922, 5.9064840637332905, 0.3496595694958706], "k_pid_yaw": [0.5, 1e-06, 0.1], "k_pid_hsp": [2.989707623590918, 0.04659616032175029, 0.9822111307506903], "k_pid_vsp": [248.7901722419385, 340.86023274497944, 92.33502336529537]}, "datetime": {"datetime": "2025-08-20 20:17:01", "elapsed": 30275.82190132141, "delta": 28.497915506362915}, "costs": {"total_cost": 944.173989884904, "time_cost": 150, "final_distance_cost": 52.79408180834811, "oscillation_cost": 322.84390706339235, "completition_cost": 333.33333333333337, "overshoot_cost": 50.482245663511705, "power_cost": 19.43185771484375, "noise_cost": 15.288564301474828, "n_waypoints_completed": 6, "tot_waypoints": 9}}
{"target": -1286.2809546429978, "params": {"k_pid_pos": [1.1267235431418303, 0.8180548226260973, 0.3015502490281199], "k_pid_alt": [0.6140702231156647, 0.6138457306265744, 0.33476522163673605], "k_pid_att": [98.96809770554682, 9.913654188502951, 0.22068563613013759], "k_pid_yaw": [0.5, 1e-06, 0.1], "k_pid_hsp": [3.825426558970454, 0.5957458762445885, 0.10674578044145178], "k_pid_vsp": [8.721225020359125, 362.64696469045015, 281.1232756522818]}, "datetime": {"datetime": "2025-08-20 20:17:29", "elapsed": 30303.530768871307, "delta": 27.70886754989624}, "costs": {"total_cost": 1286.2809546429978, "time_cost": 150, "final_distance_cost": 80.21965122637603, "oscillation_cost": 263.8959646787374, "completition_cost": 666.6666666666667, "overshoot_cost": 82.42922000707053, "power_cost": 20.932693701171875, "noise_cost": 22.13675836297519, "n_waypoints_completed": 3, "tot_waypoints": 9}}
{"target": -1128.1599006054366, "params": {"k_pid_pos": [0.9537273062861062, 0.7026254264982817, 0.6574353108165802], "k_pid_alt": [1.0218151347480717, 0.4001150616448651, 0.9439035153797046], "k_pid_att": [37.296959136998275, 1.1739577783109674, 0.48982561384806744], "k_pid_yaw": [0.5, 1e-06, 0.1], "k_pid_hsp": [7.600862359972294, 0.9760035572317064, 0.9043186832342116], "k_pid_vsp": [252.1073768534479, 88.21864060017384, 399.9522998091626]}, "datetime": {"datetime": "2025-08-20 20:18:08", "elapsed": 30342.555461883545, "delta": 39.02469301223755}, "costs": {"total_cost": 1128.1599006054366, "time_cost": 150, "final_distance_cost": 40.689382083194666, "oscillation_cost": 274.270073386502, "completition_cost": 555.5555555555555, "overshoot_cost": 63.13331888493974, "power_cost": 24.417530895996094, "noise_cost": 20.094039799248435, "n_waypoints_completed": 4, "tot_waypoints": 9}}
{"target": -1138.894028431621, "params": {"k_pid_pos": [1.3790002028134185, 0.1654378943972904, 0.5185561556740019], "k_pid_alt": [0.9028318182076023, 0.9064437682849662, 0.5117624839052403], "k_pid_att": [19.371840805582817, 3.1643705314763078, 0.7203772366616779], "k_pid_yaw": [0.5, 1e-06, 0.1], "k_pid_hsp": [9.110133106275411, 0.8728225641353549, 0.8599045139833718], "k_pid_vsp": [286.02705880879944, 171.33390918732977, 322.21525985474034]}, "datetime": {"datetime": "2025-08-20 20:18:36", "elapsed": 30371.19460248947, "delta": 28.639140605926514}, "costs": {"total_cost": 1138.894028431621, "time_cost": 150, "final_distance_cost": 39.056314078015, "oscillation_cost": 288.74413089308257, "completition_cost": 555.5555555555555, "overshoot_cost": 69.0713852261026, "power_cost": 20.62151336669922, "noise_cost": 15.845129312166025, "n_waypoints_completed": 4, "tot_waypoints": 9}}
{"target": -1220.248989726637, "params": {"k_pid_pos": [0.10019119338118172, 0.4933259362575365, 0.25568335709851453], "k_pid_alt": [0.7987059938675165, 0.04865464077212467, 0.149900596178837], "k_pid_att": [6.508261750961319, 6.648792125647603, 0.9706347775839423], "k_pid_yaw": [0.5, 1e-06, 0.1], "k_pid_hsp": [8.47930587009301, 0.17137277136962326, 0.6195191788420693], "k_pid_vsp": [86.95596382194717, 189.69409976088525, 76.83467130410467]}, "datetime": {"datetime": "2025-08-20 20:19:05", "elapsed": 30399.785947561264, "delta": 28.591345071792603}, "costs": {"total_cost": 1220.248989726637, "time_cost": 150, "final_distance_cost": 88.12897692295108, "oscillation_cost": 132.8205459382116, "completition_cost": 777.7777777777778, "overshoot_cost": 34.58147707588744, "power_cost": 21.442211596679687, "noise_cost": 15.498000415129434, "n_waypoints_completed": 2, "tot_waypoints": 9}}
{"target": -1328.849601947571, "params": {"k_pid_pos": [0.06523274414386473, 0.6786960032542477, 0.826595558990818], "k_pid_alt": [0.4061889163592629, 0.14709818484606874, 0.6554090292100274], "k_pid_att": [55.9303035632102, 2.788272708398218, 0.7744964103405111], "k_pid_yaw": [0.5, 1e-06, 0.1], "k_pid_hsp": [4.193837909920217, 0.552149166082428, 0.27143062705256493], "k_pid_vsp": [272.81820143911364, 325.4533500612054, 64.00305637777828]}, "datetime": {"datetime": "2025-08-20 20:19:33", "elapsed": 30427.542644023895, "delta": 27.756696462631226}, "costs": {"total_cost": 1328.849601947571, "time_cost": 150, "final_distance_cost": 90.49839670421822, "oscillation_cost": 240.96845891277684, "completition_cost": 777.7777777777778, "overshoot_cost": 33.944782323169356, "power_cost": 20.05006473388672, "noise_cost": 15.610121495742113, "n_waypoints_completed": 2, "tot_waypoints": 9}}
