{"target": -593.8642417747578, "params": {"k_pid_pos": [0.5064996696964652, 0.22179117300966478, 0.18274388125221747], "k_pid_alt": [0.6952855134658511, 0.39701110912724896, 0.6124908562099146], "k_pid_att": [26.823860134181352, 6.646168851737764, 0.5653024540656589], "k_pid_yaw": [0.5, 1e-06, 0.1], "k_pid_hsp": [6.7063015785751645, 0.8445349751670069, 0.057506070850411845], "k_pid_vsp": [130.707249711772, 147.6545261901116, 3.855948413326507]}, "datetime": {"datetime": "2025-08-20 23:10:28", "elapsed": 40683.46316099167, "delta": 42.01485586166382}, "costs": {"total_cost": 593.8642417747578, "time_cost": 150, "final_distance_cost": 73.04906158911726, "oscillation_cost": 72.10518842357514, "completition_cost": 222.2222222222222, "overshoot_cost": 44.69401953667309, "power_cost": 16.575437829589845, "noise_cost": 15.218312173580346, "n_waypoints_completed": 7, "tot_waypoints": 9}}
{"target": -1103.7726596737702, "params": {"k_pid_pos": [0.27713939953421246, 0.5418597758848251, 0.2717729353627778], "k_pid_alt": [1.3784804681353224, 0.1859403672310036, 0.9208000177932805], "k_pid_att": [73.78118818004214, 8.013965358541368, 0.19294669008330534], "k_pid_yaw": [0.5, 1e-06, 0.1], "k_pid_hsp": [3.464518909530812, 0.25362022329843514, 0.9121493343689424], "k_pid_vsp": [299.60028974817175, 197.72127888493938, 254.16759168007007]}, "datetime": {"datetime": "2025-08-20 23:11:00", "elapsed": 40715.029963970184, "delta": 31.566802978515625}, "costs": {"total_cost": 1103.7726596737702, "time_cost": 150, "final_distance_cost": 45.492828940099656, "oscillation_cost": 267.14170208494045, "completition_cost": 555.5555555555555, "overshoot_cost": 45.99115121202856, "power_cost": 22.791253430175782, "noise_cost": 16.80016845097026, "n_waypoints_completed": 4, "tot_waypoints": 9}}
{"target": -1089.3066488943123, "params": {"k_pid_pos": [1.6175677188390876, 0.9633237960297171, 0.5616908786034795], "k_pid_alt": [0.48761392284054095, 0.6517251809544667, 0.6565220774076588], "k_pid_att": [41.52059692292656, 6.666392276118394, 0.6780111879757461], "k_pid_yaw": [0.5, 1e-06, 0.1], "k_pid_hsp": [4.2890820250715365, 0.31291529242171956, 0.06592827409510926], "k_pid_vsp": [180.24742376969084, 104.50015048576547, 390.6940832502522]}, "datetime": {"datetime": "2025-08-20 23:11:32", "elapsed": 40747.07707738876, "delta": 32.0471134185791}, "costs": {"total_cost": 1089.3066488943123, "time_cost": 150, "final_distance_cost": 53.02405556843728, "oscillation_cost": 95.15057793230531, "completition_cost": 666.6666666666667, "overshoot_cost": 84.72507079574892, "power_cost": 20.03399362792969, "noise_cost": 19.706284303224262, "n_waypoints_completed": 3, "tot_waypoints": 9}}
{"target": -781.3063683031164, "params": {"k_pid_pos": [1.075796470521058, 0.1523003227290622, 0.4349995697019441], "k_pid_alt": [1.5302720565496526, 0.7507453210835603, 0.779846955715249], "k_pid_att": [38.732398971743756, 5.701957368463205, 0.6265963831142756], "k_pid_yaw": [0.5, 1e-06, 0.1], "k_pid_hsp": [2.9011192913670176, 0.20412945214446424, 0.6213460402795608], "k_pid_vsp": [331.11670771895143, 193.89176415277507, 32.55469574134683]}, "datetime": {"datetime": "2025-08-20 23:12:16", "elapsed": 40791.251417160034, "delta": 44.17433977127075}, "costs": {"total_cost": 781.3063683031164, "time_cost": 150, "final_distance_cost": 64.53885875710952, "oscillation_cost": 256.4544484393036, "completition_cost": 222.2222222222222, "overshoot_cost": 46.52746791437861, "power_cost": 23.7960224609375, "noise_cost": 17.76734850916515, "n_waypoints_completed": 7, "tot_waypoints": 9}}
{"target": -372.7838031833437, "params": {"k_pid_pos": [1.4412348031983606, 0.13836263530787143, 0.25748096862569025], "k_pid_alt": [1.4823238954302906, 0.1195335858536519, 0.5026480790824646], "k_pid_att": [64.11009921832155, 2.213173670036755, 0.8373790094207991], "k_pid_yaw": [0.5, 1e-06, 0.1], "k_pid_hsp": [3.783565656705406, 0.9041429255440075, 0.28101068237590276], "k_pid_vsp": [108.61883489178413, 296.23235996223536, 103.94825832291755]}, "datetime": {"datetime": "2025-08-20 23:12:53", "elapsed": 40828.04052209854, "delta": 36.78910493850708}, "costs": {"total_cost": 372.7838031833437, "time_cost": 87.392, "final_distance_cost": 1.7251307022631328, "oscillation_cost": 195.2791579978697, "completition_cost": 0.0, "overshoot_cost": 53.360176557338804, "power_cost": 20.11319676513672, "noise_cost": 14.914141160735364, "n_waypoints_completed": 9, "tot_waypoints": 9}}
{"target": -1133.8228354217722, "params": {"k_pid_pos": [1.5129637478571718, 0.6340799355384221, 0.20260574262903763], "k_pid_alt": [1.460978945822924, 0.9950104825724946, 0.964157904764621], "k_pid_att": [0.9609146908738819, 0.9436792338232023, 0.25509338112374225], "k_pid_yaw": [0.5, 1e-06, 0.1], "k_pid_hsp": [8.86231962745349, 0.6626344571559477, 0.4692803153184847], "k_pid_vsp": [286.7679527000955, 5.167860498684519, 239.79976538034094]}, "datetime": {"datetime": "2025-08-20 23:13:25", "elapsed": 40860.12517237663, "delta": 32.08465027809143}, "costs": {"total_cost": 1133.8228354217722, "time_cost": 150, "final_distance_cost": 49.80553117378774, "oscillation_cost": 157.91546819714762, "completition_cost": 666.6666666666667, "overshoot_cost": 69.32883732299867, "power_cost": 23.345675036621095, "noise_cost": 16.76065702455034, "n_waypoints_completed": 3, "tot_waypoints": 9}}
{"target": -959.164023166959, "params": {"k_pid_pos": [0.4385719260665463, 0.9047423709973433, 0.14871991081415015], "k_pid_alt": [0.3301512976383807, 0.5846163919699089, 0.6707179930097514], "k_pid_att": [66.44227437466125, 9.737865511749689, 0.4195567732720725], "k_pid_yaw": [0.5, 1e-06, 0.1], "k_pid_hsp": [6.619414173167613, 0.3148767999457869, 0.07634766158356021], "k_pid_vsp": [170.32220975088043, 184.22230652508856, 180.9445957903649]}, "datetime": {"datetime": "2025-08-20 23:14:06", "elapsed": 40901.14221215248, "delta": 41.01703977584839}, "costs": {"total_cost": 959.164023166959, "time_cost": 150, "final_distance_cost": 52.07301944577685, "oscillation_cost": 212.43547924201283, "completition_cost": 444.4444444444444, "overshoot_cost": 59.371038707209536, "power_cost": 23.4913294921875, "noise_cost": 17.348711835327887, "n_waypoints_completed": 5, "tot_waypoints": 9}}
{"target": -415.45996432601135, "params": {"k_pid_pos": [1.4610652359644538, 0.05866606543251133, 0.7555918789068811], "k_pid_alt": [0.359908147854651, 0.6059799012422598, 0.528337227935375], "k_pid_att": [18.602679528158212, 2.7559737532629227, 0.5717838898955422], "k_pid_yaw": [0.5, 1e-06, 0.1], "k_pid_hsp": [8.301659454864545, 0.5339366399196, 0.8377294826673986], "k_pid_vsp": [11.977641289467478, 215.1031910656484, 39.70448172739276]}, "datetime": {"datetime": "2025-08-20 23:14:47", "elapsed": 40942.43016266823, "delta": 41.28795051574707}, "costs": {"total_cost": 415.45996432601135, "time_cost": 89.848, "final_distance_cost": 1.7294294024626533, "oscillation_cost": 232.02328272658843, "completition_cost": 0.0, "overshoot_cost": 58.19418025310484, "power_cost": 19.360717712402344, "noise_cost": 14.304354231453098, "n_waypoints_completed": 9, "tot_waypoints": 9}}
{"target": -1655.8289513454945, "params": {"k_pid_pos": [0.3881439881437481, 0.09440658755081544, 0.39995876123558083], "k_pid_alt": [1.514187072642773, 0.04126720694930164, 0.3344418478565119], "k_pid_att": [63.96369373772228, 7.502686234682486, 0.19509085532247195], "k_pid_yaw": [0.5, 1e-06, 0.1], "k_pid_hsp": [0.004819385870869411, 0.2134970904309791, 0.6161216015900312], "k_pid_vsp": [51.31640611539825, 276.6772179204699, 335.5224866835947]}, "datetime": {"datetime": "2025-08-20 23:15:23", "elapsed": 40978.12521767616, "delta": 35.69505500793457}, "costs": {"total_cost": 1655.8289513454945, "time_cost": 150, "final_distance_cost": 58.92163487554946, "oscillation_cost": 458.81643295522605, "completition_cost": 888.8888888888888, "overshoot_cost": 60.66093142756946, "power_cost": 21.574913732910158, "noise_cost": 16.966149465350743, "n_waypoints_completed": 1, "tot_waypoints": 9}}
{"target": -1069.3888704360884, "params": {"k_pid_pos": [1.1089489674387658, 0.40696537342797523, 0.5195995303619758], "k_pid_alt": [0.08628552288043623, 0.06242515803084159, 0.10288759736642061], "k_pid_att": [32.53869633811707, 9.06184540998516, 0.040844909295554954], "k_pid_yaw": [0.5, 1e-06, 0.1], "k_pid_hsp": [4.88054114701656, 0.3931266090629043, 0.24066695884742917], "k_pid_vsp": [356.18589103332556, 340.90750201205293, 247.39313562474743]}, "datetime": {"datetime": "2025-08-20 23:15:55", "elapsed": 41010.45933675766, "delta": 32.33411908149719}, "costs": {"total_cost": 1069.3888704360884, "time_cost": 150, "final_distance_cost": 51.958250580703364, "oscillation_cost": 343.04265347661254, "completition_cost": 444.4444444444444, "overshoot_cost": 44.61781305860683, "power_cost": 20.095226489257815, "noise_cost": 15.230482386463565, "n_waypoints_completed": 5, "tot_waypoints": 9}}
{"target": -1039.5030491845303, "params": {"k_pid_pos": [1.1078135423824973, 0.2917019728775164, 0.5400488996750799], "k_pid_alt": [0.45079572544548263, 0.24253556381348895, 0.45860979633583776], "k_pid_att": [50.296445125536025, 6.4306994264293, 0.998759636104506], "k_pid_yaw": [0.5, 1e-06, 0.1], "k_pid_hsp": [8.820658714298238, 0.009413517961279205, 0.3115638786640901], "k_pid_vsp": [110.65764704702215, 99.77968163994439, 308.5472743419122]}, "datetime": {"datetime": "2025-08-20 23:16:28", "elapsed": 41042.80328321457, "delta": 32.34394645690918}, "costs": {"total_cost": 1039.5030491845303, "time_cost": 150, "final_distance_cost": 57.398434540003784, "oscillation_cost": 297.23944505822305, "completition_cost": 444.4444444444444, "overshoot_cost": 55.301445776320044, "power_cost": 19.65595927734375, "noise_cost": 15.463320088195411, "n_waypoints_completed": 5, "tot_waypoints": 9}}
{"target": -1366.3974018561862, "params": {"k_pid_pos": [0.3233239093052241, 0.7380418528995143, 0.6812486587837593], "k_pid_alt": [0.12479939784135174, 0.6039316228293176, 0.6140648724933045], "k_pid_att": [39.77481564206293, 7.449568082126454, 0.5343362117528307], "k_pid_yaw": [0.5, 1e-06, 0.1], "k_pid_hsp": [6.0956720234799535, 0.12366548435099589, 0.23273549687633632], "k_pid_vsp": [0.008925094012068868, 350.4912945557265, 85.54858270818984]}, "datetime": {"datetime": "2025-08-20 23:17:00", "elapsed": 41074.546874046326, "delta": 31.743590831756592}, "costs": {"total_cost": 1366.3974018561862, "time_cost": 150, "final_distance_cost": 91.51557897118325, "oscillation_cost": 276.58201556138414, "completition_cost": 777.7777777777778, "overshoot_cost": 34.23966534986836, "power_cost": 20.650128186035158, "noise_cost": 15.63223600993744, "n_waypoints_completed": 2, "tot_waypoints": 9}}
{"target": -748.5128860178054, "params": {"k_pid_pos": [1.7882207826647059, 0.034899884081541654, 0.522293136676821], "k_pid_alt": [0.12241716000012648, 0.25677405564900846, 0.23574778693474818], "k_pid_att": [17.126193458009098, 1.0889812214090608, 0.19621314385100797], "k_pid_yaw": [0.5, 1e-06, 0.1], "k_pid_hsp": [4.201194238270692, 0.5689493650425284, 0.8099018723276634], "k_pid_vsp": [10.618579565923003, 334.4533142529851, 16.024038375731656]}, "datetime": {"datetime": "2025-08-20 23:17:48", "elapsed": 41122.54581904411, "delta": 47.998944997787476}, "costs": {"total_cost": 748.5128860178054, "time_cost": 150, "final_distance_cost": 67.7289282607695, "oscillation_cost": 224.1367470494856, "completition_cost": 222.2222222222222, "overshoot_cost": 50.606546275373894, "power_cost": 19.32726091308594, "noise_cost": 14.491181296868195, "n_waypoints_completed": 7, "tot_waypoints": 9}}
{"target": -1633.593632510796, "params": {"k_pid_pos": [0.6326889516040201, 0.6955158707252052, 0.8666029969434682], "k_pid_alt": [1.8496257456914522, 0.6725367943331416, 0.640756682219757], "k_pid_att": [27.0544802672832, 7.002504117871029, 0.4304753220544456], "k_pid_yaw": [0.5, 1e-06, 0.1], "k_pid_hsp": [6.590166004675038, 0.23785987559856658, 0.7506379248041462], "k_pid_vsp": [67.65325602895018, 65.29455094679413, 280.7808773673175]}, "datetime": {"datetime": "2025-08-20 23:18:21", "elapsed": 41156.45336818695, "delta": 33.907549142837524}, "costs": {"total_cost": 1633.593632510796, "time_cost": 150, "final_distance_cost": 41.92003775641048, "oscillation_cost": 320.81597850157664, "completition_cost": 1000.0, "overshoot_cost": 71.61805315876096, "power_cost": 27.82305333251953, "noise_cost": 21.416509761528527, "n_waypoints_completed": 0, "tot_waypoints": 9}}
{"target": -845.376471139679, "params": {"k_pid_pos": [1.788188100595852, 0.2593430754091087, 0.016201381069816057], "k_pid_alt": [1.9779594313689768, 0.09883294010558874, 0.6251799083769911], "k_pid_att": [52.06014379524635, 7.3246396348745915, 0.18424834451751548], "k_pid_yaw": [0.5, 1e-06, 0.1], "k_pid_hsp": [1.901857897280091, 0.2758401602266811, 0.872228828283107], "k_pid_vsp": [376.3879913330542, 135.45012675208122, 70.71433416748559]}, "datetime": {"datetime": "2025-08-20 23:18:54", "elapsed": 41188.714455127716, "delta": 32.26108694076538}, "costs": {"total_cost": 845.376471139679, "time_cost": 150, "final_distance_cost": 77.89269817825428, "oscillation_cost": 186.84535552514686, "completition_cost": 333.33333333333337, "overshoot_cost": 58.84657351588381, "power_cost": 22.35401407470703, "noise_cost": 16.104496512353595, "n_waypoints_completed": 6, "tot_waypoints": 9}}
{"target": -418.4835784296425, "params": {"k_pid_pos": [1.476360517456181, 0.8444776671526745, 0.8887625724989572], "k_pid_alt": [0.7188830141603273, 0.022148590602103835, 0.4114857918675555], "k_pid_att": [28.089654320748124, 3.4980722953475736, 0.13352901106748383], "k_pid_yaw": [0.5, 1e-06, 0.1], "k_pid_hsp": [5.941995923235378, 0.02667388239065671, 0.5779156357813315], "k_pid_vsp": [325.1725754465066, 49.11262870254669, 38.500309111888484]}, "datetime": {"datetime": "2025-08-20 23:19:25", "elapsed": 41219.725028038025, "delta": 31.010572910308838}, "costs": {"total_cost": 418.4835784296425, "time_cost": 95.368, "final_distance_cost": 1.7254432151026236, "oscillation_cost": 229.48908795189425, "completition_cost": 0.0, "overshoot_cost": 53.81000767407197, "power_cost": 21.591474230957033, "noise_cost": 16.499565357616564, "n_waypoints_completed": 9, "tot_waypoints": 9}}
{"target": -981.4928437261937, "params": {"k_pid_pos": [0.38212837611834166, 0.11938989113656218, 0.9259927524965684], "k_pid_alt": [0.6755217730536227, 0.9867865384040644, 0.2505128739916488], "k_pid_att": [4.9401124916350625, 2.9368247802252405, 0.0677778567757702], "k_pid_yaw": [0.5, 1e-06, 0.1], "k_pid_hsp": [2.888516137061588, 0.6645745038918012, 0.44447475325194175], "k_pid_vsp": [239.7327192146149, 209.32666274162625, 96.24676642367221]}, "datetime": {"datetime": "2025-08-20 23:19:57", "elapsed": 41251.658239364624, "delta": 31.93321132659912}, "costs": {"total_cost": 981.4928437261937, "time_cost": 150, "final_distance_cost": 49.399242393557955, "oscillation_cost": 250.13984671070398, "completition_cost": 444.4444444444444, "overshoot_cost": 54.54410151618529, "power_cost": 18.88563603515625, "noise_cost": 14.079572626145653, "n_waypoints_completed": 5, "tot_waypoints": 9}}
{"target": -1128.1729686856067, "params": {"k_pid_pos": [0.23003899291213242, 0.7665293819786153, 0.6651688181878797], "k_pid_alt": [1.3806354117924027, 0.7428754652554, 0.7132447168129695], "k_pid_att": [4.448171300961379, 7.711071451984071, 0.9263023979549054], "k_pid_yaw": [0.5, 1e-06, 0.1], "k_pid_hsp": [9.193030522786945, 0.9851223201951511, 0.9924266534644742], "k_pid_vsp": [310.8245405481921, 49.76273251431268, 33.319564873418734]}, "datetime": {"datetime": "2025-08-20 23:20:29", "elapsed": 41283.78658747673, "delta": 32.12834811210632}, "costs": {"total_cost": 1128.1729686856067, "time_cost": 150, "final_distance_cost": 56.23308927555301, "oscillation_cost": 165.5349513397789, "completition_cost": 666.6666666666667, "overshoot_cost": 53.73267925790303, "power_cost": 21.047962268066406, "noise_cost": 14.957619877638646, "n_waypoints_completed": 3, "tot_waypoints": 9}}
{"target": -825.7054051018428, "params": {"k_pid_pos": [0.8175815001975302, 0.41570212142144025, 0.7785920799496467], "k_pid_alt": [1.9676462260558214, 0.5857159596707868, 0.9512042353306207], "k_pid_att": [50.49718517736296, 9.215006161887867, 0.40313829747099206], "k_pid_yaw": [0.5, 1e-06, 0.1], "k_pid_hsp": [9.381860099359459, 0.7020321564504809, 0.6533325253776217], "k_pid_vsp": [286.8976280328037, 138.11086230072087, 164.79164676895905]}, "datetime": {"datetime": "2025-08-20 23:21:01", "elapsed": 41315.82860326767, "delta": 32.04201579093933}, "costs": {"total_cost": 825.7054051018428, "time_cost": 150, "final_distance_cost": 65.89128562811226, "oscillation_cost": 303.6073086267847, "completition_cost": 222.2222222222222, "overshoot_cost": 46.654338199454486, "power_cost": 21.321003991699218, "noise_cost": 16.00924643357001, "n_waypoints_completed": 7, "tot_waypoints": 9}}
{"target": -258.8448839344538, "params": {"k_pid_pos": [1.225640971437229, 0.5871764934658967, 0.5807622364375582], "k_pid_alt": [1.8379067531301596, 0.5265074085783322, 0.6353007173277242], "k_pid_att": [21.64051093156796, 2.787829638504456, 0.7692341759317074], "k_pid_yaw": [0.5, 1e-06, 0.1], "k_pid_hsp": [2.46255507346782, 0.7205370892103755, 0.10698660855482911], "k_pid_vsp": [160.02556295028518, 11.094410434590047, 5.612801879307152]}, "datetime": {"datetime": "2025-08-20 23:21:39", "elapsed": 41354.3241481781, "delta": 38.49554491043091}, "costs": {"total_cost": 258.8448839344538, "time_cost": 85.072, "final_distance_cost": 1.740979879845107, "oscillation_cost": 91.18416666096319, "completition_cost": 0.0, "overshoot_cost": 52.2054407111597, "power_cost": 15.330457092285156, "noise_cost": 13.31183959020065, "n_waypoints_completed": 9, "tot_waypoints": 9}}
{"target": -1628.331780998178, "params": {"k_pid_pos": [0.01603302040676688, 0.12106371303158692, 0.5319236835893287], "k_pid_alt": [0.14610427339941756, 0.462950526177369, 0.8479919310963235], "k_pid_att": [22.65833675372463, 5.131555760783094, 0.49692727946820847], "k_pid_yaw": [0.5, 1e-06, 0.1], "k_pid_hsp": [9.078216728329947, 0.6300316314400949, 0.8852317039469021], "k_pid_vsp": [103.75016903032082, 24.73622064212052, 106.91857655880673]}, "datetime": {"datetime": "2025-08-20 23:22:18", "elapsed": 41392.67829298973, "delta": 38.35414481163025}, "costs": {"total_cost": 1628.331780998178, "time_cost": 150, "final_distance_cost": 61.75264587115719, "oscillation_cost": 429.0484364450762, "completition_cost": 888.8888888888888, "overshoot_cost": 64.89301996659401, "power_cost": 19.244662011718752, "noise_cost": 14.504127814743052, "n_waypoints_completed": 1, "tot_waypoints": 9}}
{"target": -1458.0312386956007, "params": {"k_pid_pos": [0.9950307349115729, 0.8016082985419386, 0.01584910505472581], "k_pid_alt": [0.43029155614196446, 0.324379906543651, 0.25344328416149997], "k_pid_att": [52.11990737067249, 2.1475654284387176, 0.6601311785534829], "k_pid_yaw": [0.5, 1e-06, 0.1], "k_pid_hsp": [7.77700693172945, 0.8008388231836011, 0.41837927167005207], "k_pid_vsp": [56.36647052814641, 178.9279467283145, 284.39860516302105]}, "datetime": {"datetime": "2025-08-20 23:22:56", "elapsed": 41431.32153463364, "delta": 38.64324164390564}, "costs": {"total_cost": 1458.0312386956007, "time_cost": 150, "final_distance_cost": 4.153736375316848, "oscillation_cost": 78.83926207382628, "completition_cost": 1000.0, "overshoot_cost": 137.89883498867985, "power_cost": 20.453655920410156, "noise_cost": 66.68574933736737, "n_waypoints_completed": 0, "tot_waypoints": 9}}
{"target": -1451.0079595013158, "params": {"k_pid_pos": [1.9266700789450522, 0.8001675944488296, 0.2903133619246724], "k_pid_alt": [0.955488418237856, 0.2769506861454406, 0.5249402168890082], "k_pid_att": [2.4227812361293677, 0.3533517221752239, 0.6208452172536556], "k_pid_yaw": [0.5, 1e-06, 0.1], "k_pid_hsp": [3.6102451758937923, 0.6723858621220308, 0.6962252999322275], "k_pid_vsp": [127.3950816950308, 189.41973486635374, 381.31248744377814]}, "datetime": {"datetime": "2025-08-20 23:23:29", "elapsed": 41464.07414317131, "delta": 32.75260853767395}, "costs": {"total_cost": 1451.0079595013158, "time_cost": 150, "final_distance_cost": 4.163504788535825, "oscillation_cost": 54.69871615921942, "completition_cost": 1000.0, "overshoot_cost": 139.53887784705964, "power_cost": 25.21504794921875, "noise_cost": 77.39181275728188, "n_waypoints_completed": 0, "tot_waypoints": 9}}
{"target": -874.2969121376533, "params": {"k_pid_pos": [1.0540760915790988, 0.03827494709561974, 0.9522261348263108], "k_pid_alt": [0.268657494324968, 0.35671858001427603, 0.5192597826639977], "k_pid_att": [75.38740424803079, 3.8889662858419647, 0.5653517226387068], "k_pid_yaw": [0.5, 1e-06, 0.1], "k_pid_hsp": [6.9345124929369, 0.2697423107569289, 0.6146095168036019], "k_pid_vsp": [163.03962213366896, 339.966943564566, 250.76364300226902]}, "datetime": {"datetime": "2025-08-20 23:24:06", "elapsed": 41500.94894528389, "delta": 36.874802112579346}, "costs": {"total_cost": 874.2969121376533, "time_cost": 150, "final_distance_cost": 70.6189789527489, "oscillation_cost": 329.0338699049881, "completition_cost": 222.2222222222222, "overshoot_cost": 60.622519436050254, "power_cost": 22.785036206054688, "noise_cost": 19.014285415589196, "n_waypoints_completed": 7, "tot_waypoints": 9}}
