{"target": -698.5809598096872, "params": {"k_pid_pos": [0.60566991382554, 0.14265640554748715, 0.5377719784659037], "k_pid_alt": [1.3382237963649883, 0.5029721618981167, 0.14032987033700284], "k_pid_att": [99.85983199930472, 8.977125628626435, 0.6030069140391997], "k_pid_yaw": [0.5, 1e-06, 0.1], "k_pid_hsp": [9.32959224672006, 0.38330170349727755, 0.8095182213252057], "k_pid_vsp": [343.5846959681358, 31.763261142177893, 56.965662143332075]}, "datetime": {"datetime": "2025-08-21 00:45:01", "elapsed": 46356.166014909744, "delta": 34.13910889625549}, "costs": {"total_cost": 698.5809598096872, "time_cost": 150, "final_distance_cost": 42.81846245007162, "oscillation_cost": 304.7173500673196, "completition_cost": 111.11111111111116, "overshoot_cost": 51.98527337909452, "power_cost": 21.615328137207033, "noise_cost": 16.333434664883107, "n_waypoints_completed": 8, "tot_waypoints": 9}}
{"target": -438.34943901394206, "params": {"k_pid_pos": [1.6319711315804644, 0.1904197454149904, 0.4179301447783509], "k_pid_alt": [0.17573943525591185, 0.578724612123015, 0.7443386901600514], "k_pid_att": [76.78115100579865, 6.824835702180304, 0.9525197869304209], "k_pid_yaw": [0.5, 1e-06, 0.1], "k_pid_hsp": [9.412520213822372, 0.9334895165562968, 0.3904108081656572], "k_pid_vsp": [191.04939004710727, 156.32386140521004, 72.08699860105763]}, "datetime": {"datetime": "2025-08-21 00:45:34", "elapsed": 46389.42050695419, "delta": 33.25449204444885}, "costs": {"total_cost": 438.34943901394206, "time_cost": 99.52, "final_distance_cost": 1.7749317356270944, "oscillation_cost": 236.43461770380995, "completition_cost": 0.0, "overshoot_cost": 63.28128070502105, "power_cost": 21.16091287841797, "noise_cost": 16.17769599106601, "n_waypoints_completed": 9, "tot_waypoints": 9}}
{"target": -829.3100965672922, "params": {"k_pid_pos": [1.441842707255028, 0.6567942373131094, 0.7124249969255225], "k_pid_alt": [1.8321739180850352, 0.7992321817181041, 0.3420822567188233], "k_pid_att": [93.01750600257101, 6.834947932652759, 0.24686615900544795], "k_pid_yaw": [0.5, 1e-06, 0.1], "k_pid_hsp": [3.9280759429202248, 0.2795731092784036, 0.9778243258975239], "k_pid_vsp": [376.5286189317286, 357.1843952880092, 121.79579438902041]}, "datetime": {"datetime": "2025-08-21 00:46:11", "elapsed": 46426.013969898224, "delta": 36.59346294403076}, "costs": {"total_cost": 829.3100965672922, "time_cost": 150, "final_distance_cost": 73.34935029346038, "oscillation_cost": 182.58331140342486, "completition_cost": 333.33333333333337, "overshoot_cost": 52.325343167320916, "power_cost": 21.096859509277344, "noise_cost": 16.621898860475333, "n_waypoints_completed": 6, "tot_waypoints": 9}}
{"target": -269.5780970060653, "params": {"k_pid_pos": [1.6345149504889134, 0.0, 0.2068143214423669], "k_pid_alt": [0.6536939951961327, 0.12713827215080972, 0.25166087711411284], "k_pid_att": [85.40727177492033, 3.39052802400751, 1.0], "k_pid_yaw": [0.5, 1e-06, 0.1], "k_pid_hsp": [8.19995333263618, 0.6579600298330013, 0.061685412307974315], "k_pid_vsp": [118.8447214563578, 278.5884017449396, 96.52372873389619]}, "datetime": {"datetime": "2025-08-21 00:46:56", "elapsed": 46471.058641433716, "delta": 45.04467153549194}, "costs": {"total_cost": 269.5780970060653, "time_cost": 85.104, "final_distance_cost": 1.749948800124899, "oscillation_cost": 97.67285381399437, "completition_cost": 0.0, "overshoot_cost": 51.20383711102518, "power_cost": 19.16803944091797, "noise_cost": 14.679417840002912, "n_waypoints_completed": 9, "tot_waypoints": 9}}
{"target": -1071.4135468270463, "params": {"k_pid_pos": [1.488293532973312, 0.20907100064643358, 0.6485902399300405], "k_pid_alt": [0.9429798865993022, 0.6230253125116795, 0.8303371232341382], "k_pid_att": [84.81107360486459, 0.13555481263141012, 0.7571776195800816], "k_pid_yaw": [0.5, 1e-06, 0.1], "k_pid_hsp": [4.804667404763651, 0.04435399533008755, 0.2441234643708784], "k_pid_vsp": [146.39523620988365, 195.0705933688731, 333.63508783800245]}, "datetime": {"datetime": "2025-08-21 00:47:31", "elapsed": 46506.251655340195, "delta": 35.19301390647888}, "costs": {"total_cost": 1071.4135468270463, "time_cost": 150, "final_distance_cost": 57.758528101800756, "oscillation_cost": 321.9276107537935, "completition_cost": 444.4444444444444, "overshoot_cost": 56.781253081549046, "power_cost": 22.146163720703125, "noise_cost": 18.35554672475553, "n_waypoints_completed": 5, "tot_waypoints": 9}}
{"target": -419.87712045577774, "params": {"k_pid_pos": [1.7445672080866366, 0.061606485410500594, 0.24187044516069647], "k_pid_alt": [0.6471900129354977, 0.1671919973646951, 0.41851859499323446], "k_pid_att": [86.92658802967354, 3.7314774791914154, 1.0], "k_pid_yaw": [0.5, 1e-06, 0.1], "k_pid_hsp": [8.60638534011969, 0.4946994803701297, 0.16347319463902493], "k_pid_vsp": [112.57914774755747, 276.9844321947243, 95.16229748674493]}, "datetime": {"datetime": "2025-08-21 00:48:22", "elapsed": 46557.00868058205, "delta": 50.75702524185181}, "costs": {"total_cost": 419.87712045577774, "time_cost": 96.16, "final_distance_cost": 1.7742207472948484, "oscillation_cost": 229.32779969434722, "completition_cost": 0.0, "overshoot_cost": 54.75282384248889, "power_cost": 21.578896423339845, "noise_cost": 16.283379748306913, "n_waypoints_completed": 9, "tot_waypoints": 9}}
{"target": -899.7430637102044, "params": {"k_pid_pos": [0.5584335525909201, 0.9053848534194765, 0.05142310960860219], "k_pid_alt": [0.4620210600245658, 0.35181352796044174, 0.16502286564354096], "k_pid_att": [71.47441899548035, 5.01633591569735, 0.8857713986823115], "k_pid_yaw": [0.5, 1e-06, 0.1], "k_pid_hsp": [1.7490673255670424, 0.4210276799082139, 0.20713034688122733], "k_pid_vsp": [143.46829904959145, 229.92294427102888, 49.744816970472876]}, "datetime": {"datetime": "2025-08-21 00:48:57", "elapsed": 46592.22968006134, "delta": 35.22099947929382}, "costs": {"total_cost": 899.7430637102044, "time_cost": 150, "final_distance_cost": 51.15148778075893, "oscillation_cost": 136.28736420720847, "completition_cost": 444.4444444444444, "overshoot_cost": 74.9026289728494, "power_cost": 24.203189599609377, "noise_cost": 18.753948705333933, "n_waypoints_completed": 5, "tot_waypoints": 9}}
{"target": -848.8548424965602, "params": {"k_pid_pos": [0.17900442398421212, 0.3298761764401451, 0.009527195807682576], "k_pid_alt": [0.9208765240259325, 0.31079719369958814, 0.3994411027693494], "k_pid_att": [28.413241477853667, 6.140064753694173, 0.49310304647325853], "k_pid_yaw": [0.5, 1e-06, 0.1], "k_pid_hsp": [5.840781401882742, 0.20160655450386522, 0.160570642003369], "k_pid_vsp": [132.86413642164342, 14.007417280207143, 15.137891536670118]}, "datetime": {"datetime": "2025-08-21 00:49:51", "elapsed": 46646.32912445068, "delta": 54.09944438934326}, "costs": {"total_cost": 848.8548424965602, "time_cost": 150, "final_distance_cost": 73.33472213067124, "oscillation_cost": 209.44188895959545, "completition_cost": 333.33333333333337, "overshoot_cost": 44.82399859034104, "power_cost": 21.664833544921876, "noise_cost": 16.25606593769723, "n_waypoints_completed": 6, "tot_waypoints": 9}}
{"target": -1213.0604123736598, "params": {"k_pid_pos": [0.6440520731865994, 0.33888666480025254, 0.6642834122054045], "k_pid_alt": [1.2400990963220482, 0.565639668067182, 0.3305560917242848], "k_pid_att": [19.649673194376827, 6.774221341381531, 0.023394508468177477], "k_pid_yaw": [0.5, 1e-06, 0.1], "k_pid_hsp": [7.967224143951673, 0.4038752649665691, 0.7255860683341171], "k_pid_vsp": [333.8799266374964, 268.0459737233602, 393.9114583280098]}, "datetime": {"datetime": "2025-08-21 00:50:36", "elapsed": 46690.894174575806, "delta": 44.56505012512207}, "costs": {"total_cost": 1213.0604123736598, "time_cost": 150, "final_distance_cost": 45.91275176932384, "oscillation_cost": 374.50221244626795, "completition_cost": 555.5555555555555, "overshoot_cost": 50.01952402688928, "power_cost": 20.18974063720703, "noise_cost": 16.88062793841614, "n_waypoints_completed": 4, "tot_waypoints": 9}}
{"target": -384.98909477520476, "params": {"k_pid_pos": [1.5362707823441306, 0.3291584140914398, 0.6262960274631985], "k_pid_alt": [0.803090756888109, 0.37579460937281534, 0.8525155786405253], "k_pid_att": [4.875923501581432, 7.735577371090165, 0.21569526057536992], "k_pid_yaw": [0.5, 1e-06, 0.1], "k_pid_hsp": [8.629213720425543, 0.5160618472794861, 0.35310407898713436], "k_pid_vsp": [269.39418038495336, 368.34659235620217, 21.903811983465616]}, "datetime": {"datetime": "2025-08-21 00:51:31", "elapsed": 46745.939658880234, "delta": 55.0454843044281}, "costs": {"total_cost": 384.98909477520476, "time_cost": 95.312, "final_distance_cost": 1.7669428592035645, "oscillation_cost": 206.10090835083645, "completition_cost": 0.0, "overshoot_cost": 53.702919430862046, "power_cost": 15.528800915527345, "noise_cost": 12.577523218775356, "n_waypoints_completed": 9, "tot_waypoints": 9}}
{"target": -1367.8103794911592, "params": {"k_pid_pos": [1.0679469288612722, 0.27461446392457567, 0.2403462601714026], "k_pid_alt": [0.434627971165384, 0.5940986954746053, 0.03841170853430265], "k_pid_att": [81.80152899032646, 7.553200742717618, 0.23055527057465397], "k_pid_yaw": [0.5, 1e-06, 0.1], "k_pid_hsp": [0.42446424799974886, 0.5367246977959458, 0.4487267669902981], "k_pid_vsp": [147.92501211245303, 347.1513259651736, 154.1987735916857]}, "datetime": {"datetime": "2025-08-21 00:52:10", "elapsed": 46784.88866901398, "delta": 38.949010133743286}, "costs": {"total_cost": 1367.8103794911592, "time_cost": 150, "final_distance_cost": 94.24139009668916, "oscillation_cost": 252.35321174620498, "completition_cost": 777.7777777777778, "overshoot_cost": 53.16674585002412, "power_cost": 23.269240686035157, "noise_cost": 17.002013334428167, "n_waypoints_completed": 2, "tot_waypoints": 9}}
{"target": -699.5079302675254, "params": {"k_pid_pos": [1.2523293260606294, 0.28901250440015647, 0.2661162687345513], "k_pid_alt": [0.3256694472851245, 0.7961385834435704, 0.7327631675013578], "k_pid_att": [38.53569647619018, 1.855721920731984, 0.20576187492290854], "k_pid_yaw": [0.5, 1e-06, 0.1], "k_pid_hsp": [6.168114811911842, 0.74843803940329, 0.05774020564092541], "k_pid_vsp": [32.830247674636624, 348.9096085141716, 8.645516800571322]}, "datetime": {"datetime": "2025-08-21 00:52:50", "elapsed": 46825.096307992935, "delta": 40.20763897895813}, "costs": {"total_cost": 699.5079302675254, "time_cost": 150, "final_distance_cost": 68.88217178911817, "oscillation_cost": 170.67837274883354, "completition_cost": 222.2222222222222, "overshoot_cost": 53.33419737424787, "power_cost": 19.435442810058596, "noise_cost": 14.955523323044964, "n_waypoints_completed": 7, "tot_waypoints": 9}}
{"target": -340.8503442303894, "params": {"k_pid_pos": [0.9877020687006538, 0.5711418934877897, 0.20018545629379747], "k_pid_alt": [1.4407833135454398, 0.41078117451357676, 0.03789994443911693], "k_pid_att": [57.06686462695786, 1.576219581174355, 0.14499473937108298], "k_pid_yaw": [0.5, 1e-06, 0.1], "k_pid_hsp": [9.579418064500251, 0.2570524159641827, 0.6994032356796733], "k_pid_vsp": [159.71244004741223, 4.880209039366339, 12.692718484272032]}, "datetime": {"datetime": "2025-08-21 00:53:45", "elapsed": 46880.15608072281, "delta": 55.05977272987366}, "costs": {"total_cost": 340.8503442303894, "time_cost": 85.112, "final_distance_cost": 1.7387305400386863, "oscillation_cost": 169.36209116344284, "completition_cost": 0.0, "overshoot_cost": 51.579429631272696, "power_cost": 18.411833044433596, "noise_cost": 14.646259851201593, "n_waypoints_completed": 9, "tot_waypoints": 9}}
{"target": -968.5833557409586, "params": {"k_pid_pos": [1.8586907303998266, 0.4979518856731935, 0.9710388258838014], "k_pid_alt": [0.4514745285113544, 0.6091124777674456, 0.399861736135496], "k_pid_att": [23.62291456168223, 0.945930476864502, 0.7167481621694114], "k_pid_yaw": [0.5, 1e-06, 0.1], "k_pid_hsp": [3.5979483603623406, 0.028701486831222534, 0.9116276702900943], "k_pid_vsp": [156.9717586843763, 4.201917672221723, 0.7290146209992496]}, "datetime": {"datetime": "2025-08-21 00:54:38", "elapsed": 46932.57187247276, "delta": 52.415791749954224}, "costs": {"total_cost": 968.5833557409586, "time_cost": 150, "final_distance_cost": 53.536925417013684, "oscillation_cost": 229.9460170017251, "completition_cost": 444.4444444444444, "overshoot_cost": 55.14925164046561, "power_cost": 19.651847009277343, "noise_cost": 15.854870228032363, "n_waypoints_completed": 5, "tot_waypoints": 9}}
{"target": -865.4498583756293, "params": {"k_pid_pos": [1.362990756520913, 0.6702593403246698, 0.7009239393149153], "k_pid_alt": [1.8004675720713608, 0.4817261077885937, 0.17725223524453415], "k_pid_att": [53.088668524247765, 0.935505878183712, 0.5598728020469016], "k_pid_yaw": [0.5, 1e-06, 0.1], "k_pid_hsp": [1.4849613605267507, 0.14629877221848842, 0.36807090153841515], "k_pid_vsp": [338.9964498098067, 399.707423728872, 312.78611429143]}, "datetime": {"datetime": "2025-08-21 00:55:34", "elapsed": 46988.625380039215, "delta": 56.053507566452026}, "costs": {"total_cost": 865.4498583756293, "time_cost": 150, "final_distance_cost": 75.89449454490432, "oscillation_cost": 213.19145751048362, "completition_cost": 333.33333333333337, "overshoot_cost": 54.01652421553472, "power_cost": 22.721119812011718, "noise_cost": 16.292928959361664, "n_waypoints_completed": 6, "tot_waypoints": 9}}
{"target": -957.3534594066022, "params": {"k_pid_pos": [1.4483353547511304, 0.6469607651362427, 0.5227108409083556], "k_pid_alt": [1.6077217962423076, 0.3819782686660752, 0.3451465118558016], "k_pid_att": [87.22194552714497, 7.169796723589573, 0.86316733419059], "k_pid_yaw": [0.5, 1e-06, 0.1], "k_pid_hsp": [6.612543214940251, 0.8564028539736714, 0.9889979187306684], "k_pid_vsp": [360.5785883745626, 123.41283760771682, 389.3533902646757]}, "datetime": {"datetime": "2025-08-21 00:56:10", "elapsed": 47025.37450838089, "delta": 36.749128341674805}, "costs": {"total_cost": 957.3534594066022, "time_cost": 150, "final_distance_cost": 46.17421804805207, "oscillation_cost": 232.46941615797968, "completition_cost": 444.4444444444444, "overshoot_cost": 48.50189504461191, "power_cost": 19.89862020263672, "noise_cost": 15.864865508877458, "n_waypoints_completed": 5, "tot_waypoints": 9}}
{"target": -1041.9797626151192, "params": {"k_pid_pos": [0.3586795431259813, 0.4109949508444315, 0.5789131633377201], "k_pid_alt": [1.696156589372992, 0.20919833859928672, 0.6497099625963462], "k_pid_att": [9.052664378119267, 8.348306941538905, 0.5191296891661219], "k_pid_yaw": [0.5, 1e-06, 0.1], "k_pid_hsp": [1.3223958206727304, 0.5412417290945829, 0.3822181923679926], "k_pid_vsp": [291.45387855674636, 364.5016340805838, 197.6683790218196]}, "datetime": {"datetime": "2025-08-21 00:56:52", "elapsed": 47066.71869826317, "delta": 41.34418988227844}, "costs": {"total_cost": 1041.9797626151192, "time_cost": 150, "final_distance_cost": 48.18062908844171, "oscillation_cost": 208.50242397334367, "completition_cost": 555.5555555555555, "overshoot_cost": 45.86585563309387, "power_cost": 19.717828869628907, "noise_cost": 14.157469495055471, "n_waypoints_completed": 4, "tot_waypoints": 9}}
{"target": -457.1032160893366, "params": {"k_pid_pos": [1.599413060872046, 0.3569469606024895, 0.44130687770664073], "k_pid_alt": [0.9960514936254948, 0.0, 0.6123124889066004], "k_pid_att": [62.79196071784557, 5.729961266831685, 0.3654681481619199], "k_pid_yaw": [0.5, 1e-06, 0.1], "k_pid_hsp": [7.9359610803724685, 0.598774538432659, 0.4263994218706854], "k_pid_vsp": [332.94176100652237, 395.54338327554535, 309.3627223558528]}, "datetime": {"datetime": "2025-08-21 00:57:41", "elapsed": 47115.7743537426, "delta": 49.05565547943115}, "costs": {"total_cost": 457.1032160893366, "time_cost": 94.104, "final_distance_cost": 1.8455897014950446, "oscillation_cost": 266.6639288843284, "completition_cost": 0.0, "overshoot_cost": 55.73453575138732, "power_cost": 21.805580908203126, "noise_cost": 16.949580843922725, "n_waypoints_completed": 9, "tot_waypoints": 9}}
{"target": -842.300640241032, "params": {"k_pid_pos": [0.6360185918946183, 0.5129504588736318, 0.7300813847716389], "k_pid_alt": [0.8797441277897948, 0.9884209206418646, 0.1539335030221266], "k_pid_att": [25.165788345841268, 4.740448666866497, 0.21178300999541744], "k_pid_yaw": [0.5, 1e-06, 0.1], "k_pid_hsp": [9.29076692737988, 0.6127835301841145, 0.37074421097414867], "k_pid_vsp": [394.1867980631845, 243.69286998489667, 30.853707996156913]}, "datetime": {"datetime": "2025-08-21 00:58:18", "elapsed": 47152.53946733475, "delta": 36.76511359214783}, "costs": {"total_cost": 842.300640241032, "time_cost": 150, "final_distance_cost": 74.29136692648432, "oscillation_cost": 305.6283526516977, "completition_cost": 222.2222222222222, "overshoot_cost": 50.0269138585195, "power_cost": 23.01520255126953, "noise_cost": 17.116582030838813, "n_waypoints_completed": 7, "tot_waypoints": 9}}
{"target": -1115.4890328403842, "params": {"k_pid_pos": [1.388748458576599, 0.17954331089858788, 0.08700627698505925], "k_pid_alt": [0.09278738252094709, 0.9400008784079477, 0.4979207705710318], "k_pid_att": [48.17061464898781, 5.222484137407993, 0.38040049947302923], "k_pid_yaw": [0.5, 1e-06, 0.1], "k_pid_hsp": [4.526325385496056, 0.5049826472131468, 0.6645728835307316], "k_pid_vsp": [173.6128618798784, 339.4063539049799, 372.59528354924595]}, "datetime": {"datetime": "2025-08-21 00:58:55", "elapsed": 47190.157883644104, "delta": 37.61841630935669}, "costs": {"total_cost": 1115.4890328403842, "time_cost": 150, "final_distance_cost": 38.59601765370556, "oscillation_cost": 253.06961702671566, "completition_cost": 555.5555555555555, "overshoot_cost": 73.98045277468718, "power_cost": 22.847766955566406, "noise_cost": 21.439622874153873, "n_waypoints_completed": 4, "tot_waypoints": 9}}
{"target": -1497.0245693589334, "params": {"k_pid_pos": [0.13301071936617181, 0.007606225424046875, 0.5258460480823142], "k_pid_alt": [1.7156513180706914, 0.5364405223194743, 0.24084769428407726], "k_pid_att": [83.53094188694095, 7.684365787847989, 0.883389493747938], "k_pid_yaw": [0.5, 1e-06, 0.1], "k_pid_hsp": [9.99701611826565, 0.14188664283334562, 0.31890930085116853], "k_pid_vsp": [324.5184198301911, 378.1514480905093, 49.259714945160425]}, "datetime": {"datetime": "2025-08-21 00:59:49", "elapsed": 47243.94310593605, "delta": 53.78522229194641}, "costs": {"total_cost": 1497.0245693589334, "time_cost": 150, "final_distance_cost": 86.79073997589637, "oscillation_cost": 403.82354553778146, "completition_cost": 777.7777777777778, "overshoot_cost": 42.0227292399686, "power_cost": 20.693734875488282, "noise_cost": 15.916041952020972, "n_waypoints_completed": 2, "tot_waypoints": 9}}
{"target": -1027.2571367636385, "params": {"k_pid_pos": [0.7131721724448621, 0.7381019568634465, 0.5743534623008241], "k_pid_alt": [1.0384522456062468, 0.661846007390502, 0.5053396868020628], "k_pid_att": [91.61334030616175, 6.587338405543491, 0.28607455574958995], "k_pid_yaw": [0.5, 1e-06, 0.1], "k_pid_hsp": [1.3287533464686159, 0.2114906889909951, 0.3852878723421984], "k_pid_vsp": [367.4960528035404, 170.09824890409115, 205.51674984314099]}, "datetime": {"datetime": "2025-08-21 01:00:26", "elapsed": 47280.78540587425, "delta": 36.842299938201904}, "costs": {"total_cost": 1027.2571367636385, "time_cost": 150, "final_distance_cost": 48.581850859456424, "oscillation_cost": 180.9580055810938, "completition_cost": 555.5555555555555, "overshoot_cost": 56.97449202206232, "power_cost": 19.04418436279297, "noise_cost": 16.143048382677332, "n_waypoints_completed": 4, "tot_waypoints": 9}}
{"target": -701.1783794197086, "params": {"k_pid_pos": [1.7713154798063284, 0.3536092976592595, 0.5096353652397362], "k_pid_alt": [0.5814301355335689, 0.8304645304387308, 0.5389727242468928], "k_pid_att": [49.16737229660644, 8.176873117588407, 0.11771421065553844], "k_pid_yaw": [0.5, 1e-06, 0.1], "k_pid_hsp": [6.605021254230977, 0.2553241206808906, 0.2548651597378012], "k_pid_vsp": [274.73486616373856, 159.75005193279392, 149.50303547082356]}, "datetime": {"datetime": "2025-08-21 01:01:02", "elapsed": 47316.81099152565, "delta": 36.025585651397705}, "costs": {"total_cost": 701.1783794197086, "time_cost": 150, "final_distance_cost": 66.82780226468893, "oscillation_cost": 273.92373824728355, "completition_cost": 111.11111111111116, "overshoot_cost": 59.300924302202496, "power_cost": 23.250025830078126, "noise_cost": 16.764777664344304, "n_waypoints_completed": 8, "tot_waypoints": 9}}
{"target": -296.7638140929973, "params": {"k_pid_pos": [0.49012371141809796, 0.23300846962969024, 0.0], "k_pid_alt": [1.706731670225777, 0.0, 0.13518635690694017], "k_pid_att": [46.3916796490759, 0.0001, 0.9060631241566197], "k_pid_yaw": [0.5, 1e-06, 0.1], "k_pid_hsp": [1.2618094750993842, 1.0, 0.21749029393109834], "k_pid_vsp": [393.83605889970465, 33.833259356856516, 184.48760559450596]}, "datetime": {"datetime": "2025-08-21 01:01:50", "elapsed": 47364.73342704773, "delta": 47.92243552207947}, "costs": {"total_cost": 296.7638140929973, "time_cost": 82.328, "final_distance_cost": 1.8426337609474683, "oscillation_cost": 128.37932807040139, "completition_cost": 0.0, "overshoot_cost": 52.88444243197838, "power_cost": 17.521452209472656, "noise_cost": 13.807957620197412, "n_waypoints_completed": 9, "tot_waypoints": 9}}
