{"target": -1343.1889991093888, "params": {"k_pid_pos": [0.8978735200015578, 0.6913528712197462, 0.2962315081884477], "k_pid_alt": [0.09071650359245598, 0.84492440332308, 0.6811710564285615], "k_pid_att": [84.78262268188527, 9.911665317176768, 0.20742229992051542], "k_pid_yaw": [0.5, 1e-06, 0.1], "k_pid_hsp": [2.4945326037544504, 0.6620281114640904, 0.9222831027889064], "k_pid_vsp": [47.26105631249404, 253.02101662460075, 136.38707838971072]}, "datetime": {"datetime": "2025-08-20 16:03:24", "elapsed": 15058.55524134636, "delta": 23.68746066093445}, "costs": {"total_cost": 1343.1889991093888, "time_cost": 150, "final_distance_cost": 70.32491481589639, "oscillation_cost": 140.14966098499397, "completition_cost": 888.8888888888888, "overshoot_cost": 54.39029859362355, "power_cost": 22.703935473632814, "noise_cost": 16.731300352353102, "n_waypoints_completed": 1, "tot_waypoints": 9}}
{"target": -986.5813436605139, "params": {"k_pid_pos": [0.9788707537936429, 0.5188036416462356, 0.5010062791351911], "k_pid_alt": [1.7795028109850735, 0.6148424502769392, 0.6666601595125939], "k_pid_att": [23.044652645135788, 5.626217306351326, 0.3319275919472253], "k_pid_yaw": [0.5, 1e-06, 0.1], "k_pid_hsp": [3.1219828934742044, 0.4969936686804808, 0.11873624089193213], "k_pid_vsp": [135.61682980302913, 370.86789532844284, 355.55758735466003]}, "datetime": {"datetime": "2025-08-20 16:03:47", "elapsed": 15081.990090847015, "delta": 23.434849500656128}, "costs": {"total_cost": 986.5813436605139, "time_cost": 150, "final_distance_cost": 61.22566971211371, "oscillation_cost": 336.40409807577873, "completition_cost": 333.33333333333337, "overshoot_cost": 65.66144450521753, "power_cost": 21.564102978515628, "noise_cost": 18.392695055554896, "n_waypoints_completed": 6, "tot_waypoints": 9}}
{"target": -846.045382216914, "params": {"k_pid_pos": [0.2751326904933183, 0.6830795808049455, 0.221904735688075], "k_pid_alt": [1.9800085267657943, 0.05286658445706427, 0.9384260080596083], "k_pid_att": [31.029083722938577, 4.348369384591895, 0.2413444367706138], "k_pid_yaw": [0.5, 1e-06, 0.1], "k_pid_hsp": [7.136755588798186, 0.06791986928175331, 0.423152587531773], "k_pid_vsp": [320.15961918411, 364.4382537527233, 292.5139363907268]}, "datetime": {"datetime": "2025-08-20 16:04:11", "elapsed": 15105.550826311111, "delta": 23.56073546409607}, "costs": {"total_cost": 846.045382216914, "time_cost": 150, "final_distance_cost": 61.52376113167399, "oscillation_cost": 215.70011465784742, "completition_cost": 333.33333333333337, "overshoot_cost": 47.43985310359292, "power_cost": 22.037989306640625, "noise_cost": 16.010330683825714, "n_waypoints_completed": 6, "tot_waypoints": 9}}
{"target": -836.0344346504528, "params": {"k_pid_pos": [1.5170801043430235, 0.1517420650701179, 0.7213081937579857], "k_pid_alt": [0.008343292753683729, 0.5842340154826035, 0.5537145632008064], "k_pid_att": [64.46791318059566, 9.438621611159862, 0.6225867286632846], "k_pid_yaw": [0.5, 1e-06, 0.1], "k_pid_hsp": [5.309554168807671, 0.7249348957122801, 0.24915068108855565], "k_pid_vsp": [59.82939107372953, 293.4556103980851, 170.89269038306006]}, "datetime": {"datetime": "2025-08-20 16:04:34", "elapsed": 15129.136701583862, "delta": 23.585875272750854}, "costs": {"total_cost": 836.0344346504528, "time_cost": 150, "final_distance_cost": 75.83426239311878, "oscillation_cost": 276.4628364933171, "completition_cost": 222.2222222222222, "overshoot_cost": 69.64975218569728, "power_cost": 23.052541540527343, "noise_cost": 18.812819815570034, "n_waypoints_completed": 7, "tot_waypoints": 9}}
{"target": -1181.0531863988836, "params": {"k_pid_pos": [1.5767973772669444, 0.6200342557269098, 0.9472806053061373], "k_pid_alt": [1.7084511851856925, 0.5403553694865696, 0.4629034063330084], "k_pid_att": [87.25840675652648, 6.156487912753353, 0.7211174314528622], "k_pid_yaw": [0.5, 1e-06, 0.1], "k_pid_hsp": [8.680702011157628, 0.07181675582781621, 0.2791464407198223], "k_pid_vsp": [29.300033740521858, 386.3937981198856, 266.58732520566514]}, "datetime": {"datetime": "2025-08-20 16:04:58", "elapsed": 15153.074045181274, "delta": 23.93734359741211}, "costs": {"total_cost": 1181.0531863988836, "time_cost": 150, "final_distance_cost": 51.68815951517632, "oscillation_cost": 331.24909678134986, "completition_cost": 555.5555555555555, "overshoot_cost": 52.07353688162508, "power_cost": 22.67792706298828, "noise_cost": 17.808910602188455, "n_waypoints_completed": 4, "tot_waypoints": 9}}
{"target": -715.1234409975842, "params": {"k_pid_pos": [0.3457795944814837, 0.0643929352867636, 0.6571298210659656], "k_pid_alt": [0.7610817492249584, 0.4162029426692717, 0.2313343053344019], "k_pid_att": [89.08918344953773, 1.563094867388908, 0.15687678430372198], "k_pid_yaw": [0.5, 1e-06, 0.1], "k_pid_hsp": [8.591437058867019, 0.24748181678521586, 0.84534789567742], "k_pid_vsp": [362.965442238673, 11.629657617679074, 16.723919583150483]}, "datetime": {"datetime": "2025-08-20 16:05:21", "elapsed": 15176.375824451447, "delta": 23.30177927017212}, "costs": {"total_cost": 715.1234409975842, "time_cost": 150, "final_distance_cost": 56.938598184240206, "oscillation_cost": 305.2521762782282, "completition_cost": 111.11111111111116, "overshoot_cost": 54.863427632725255, "power_cost": 20.147944384765626, "noise_cost": 16.81018340651376, "n_waypoints_completed": 8, "tot_waypoints": 9}}
{"target": -690.8781824105295, "params": {"k_pid_pos": [1.9906823631834318, 0.41296229960042785, 0.2985715512784869], "k_pid_alt": [0.5971238768594462, 0.13784858048634185, 0.9224531938633197], "k_pid_att": [85.28094126018739, 4.744779090619291, 0.9058562167181439], "k_pid_yaw": [0.5, 1e-06, 0.1], "k_pid_hsp": [9.764654876212038, 0.10481609690004878, 0.5382164735415241], "k_pid_vsp": [87.02926477351416, 279.56665813333643, 91.31802157197642]}, "datetime": {"datetime": "2025-08-20 16:05:46", "elapsed": 15201.510100603104, "delta": 25.134276151657104}, "costs": {"total_cost": 690.8781824105295, "time_cost": 150, "final_distance_cost": 61.83771681035048, "oscillation_cost": 280.52871799629924, "completition_cost": 111.11111111111116, "overshoot_cost": 51.81940530822353, "power_cost": 20.410411486816407, "noise_cost": 15.170819697728579, "n_waypoints_completed": 8, "tot_waypoints": 9}}
{"target": -1182.2833022363332, "params": {"k_pid_pos": [1.8705787247729861, 0.44673600769093547, 0.8543694598318973], "k_pid_alt": [1.0422301845379802, 0.8500025207450342, 0.9713555214849663], "k_pid_att": [2.8747891541193504, 9.81895184516545, 0.9182084057611503], "k_pid_yaw": [0.5, 1e-06, 0.1], "k_pid_hsp": [7.575124098621637, 0.43515082350920653, 0.4613631931509822], "k_pid_vsp": [360.186673846347, 37.490133169917485, 35.14742055262686]}, "datetime": {"datetime": "2025-08-20 16:06:11", "elapsed": 15226.375581026077, "delta": 24.865480422973633}, "costs": {"total_cost": 1182.2833022363332, "time_cost": 150, "final_distance_cost": 48.17878357395428, "oscillation_cost": 328.78803786512316, "completition_cost": 555.5555555555555, "overshoot_cost": 54.997617350805534, "power_cost": 25.865988879394532, "noise_cost": 18.897319011500283, "n_waypoints_completed": 4, "tot_waypoints": 9}}
{"target": -1221.4963307651565, "params": {"k_pid_pos": [1.5684425430392903, 0.2172062953545013, 0.2737991653624128], "k_pid_alt": [1.3585212821492159, 0.6746632482897451, 0.032490692537120114], "k_pid_att": [99.29195933850889, 3.3181937256247913, 0.9165414640741747], "k_pid_yaw": [0.5, 1e-06, 0.1], "k_pid_hsp": [7.700828727833401, 0.313065584577343, 0.51421590812823], "k_pid_vsp": [86.95111178726056, 222.0948314677306, 340.9504706758086]}, "datetime": {"datetime": "2025-08-20 16:06:36", "elapsed": 15250.962793111801, "delta": 24.587212085723877}, "costs": {"total_cost": 1221.4963307651565, "time_cost": 150, "final_distance_cost": 38.62446795842252, "oscillation_cost": 341.27903100138434, "completition_cost": 555.5555555555555, "overshoot_cost": 99.2824771211302, "power_cost": 19.705695336914065, "noise_cost": 17.049103791749893, "n_waypoints_completed": 4, "tot_waypoints": 9}}
{"target": -234.49956405550992, "params": {"k_pid_pos": [1.5695206902218983, 0.5252538324252042, 0.6426508358658509], "k_pid_alt": [1.7519030852452613, 0.821698361708427, 0.8312292459673598], "k_pid_att": [96.50995132652974, 1.449091572389269, 0.18399547952044404], "k_pid_yaw": [0.5, 1e-06, 0.1], "k_pid_hsp": [1.685381903286668, 0.062286307794452433, 0.009986765554463761], "k_pid_vsp": [336.6145887848519, 296.84824892483164, 35.912224351293695]}, "datetime": {"datetime": "2025-08-20 16:06:56", "elapsed": 15271.277688264847, "delta": 20.314895153045654}, "costs": {"total_cost": 234.49956405550992, "time_cost": 82.24, "final_distance_cost": 1.7232109450243362, "oscillation_cost": 71.19676411820964, "completition_cost": 0.0, "overshoot_cost": 51.040867429274066, "power_cost": 16.133925903320314, "noise_cost": 12.16479565968157, "n_waypoints_completed": 9, "tot_waypoints": 9}}
{"target": -1541.9463644318553, "params": {"k_pid_pos": [0.047994924561497405, 0.18288453653967573, 0.5406623410305377], "k_pid_alt": [0.8322700230903861, 0.09966406379934989, 0.3095545104592988], "k_pid_att": [89.23273181742722, 2.8271249534672007, 0.4786123154663988], "k_pid_yaw": [0.5, 1e-06, 0.1], "k_pid_hsp": [9.012138186912082, 0.3469071807579154, 0.13246805032454123], "k_pid_vsp": [371.0929264054746, 335.44801877333725, 289.0898185755048]}, "datetime": {"datetime": "2025-08-20 16:07:20", "elapsed": 15294.712150812149, "delta": 23.434462547302246}, "costs": {"total_cost": 1541.9463644318553, "time_cost": 150, "final_distance_cost": 89.20006616823372, "oscillation_cost": 436.6252241046539, "completition_cost": 777.7777777777778, "overshoot_cost": 51.16350991352474, "power_cost": 20.857932568359377, "noise_cost": 16.321853899305843, "n_waypoints_completed": 2, "tot_waypoints": 9}}
{"target": -1514.566136006377, "params": {"k_pid_pos": [0.16462662411784396, 0.37743677067632375, 0.3103598435647136], "k_pid_alt": [0.2665336814075896, 0.8109587954857279, 0.43263687343863855], "k_pid_att": [20.06185026896127, 7.964361427486221, 0.6877135636541907], "k_pid_yaw": [0.5, 1e-06, 0.1], "k_pid_hsp": [0.20157168795025238, 0.9980650599085595, 0.8116820580051614], "k_pid_vsp": [94.40652710204431, 206.83026870313515, 197.97808143476755]}, "datetime": {"datetime": "2025-08-20 16:07:43", "elapsed": 15318.313517570496, "delta": 23.601366758346558}, "costs": {"total_cost": 1514.566136006377, "time_cost": 150, "final_distance_cost": 65.76495319387018, "oscillation_cost": 321.13616675204685, "completition_cost": 888.8888888888888, "overshoot_cost": 55.40489130101607, "power_cost": 18.26053104248047, "noise_cost": 15.11070482807459, "n_waypoints_completed": 1, "tot_waypoints": 9}}
{"target": -1089.4360575776084, "params": {"k_pid_pos": [0.8650044558603541, 0.993719424771693, 0.869991216711587], "k_pid_alt": [0.5222848970780289, 0.6355036196608305, 0.5078257861440821], "k_pid_att": [54.33683691204057, 3.549101397616398, 0.36608456492056773], "k_pid_yaw": [0.5, 1e-06, 0.1], "k_pid_hsp": [9.627822424494392, 0.6531775522695198, 0.9194730744733608], "k_pid_vsp": [349.43451003434694, 319.8619239398719, 152.78352236760685]}, "datetime": {"datetime": "2025-08-20 16:08:09", "elapsed": 15343.648057937622, "delta": 25.334540367126465}, "costs": {"total_cost": 1089.4360575776084, "time_cost": 150, "final_distance_cost": 45.71763517510171, "oscillation_cost": 253.60456939440246, "completition_cost": 555.5555555555555, "overshoot_cost": 47.5251178419241, "power_cost": 21.322293798828127, "noise_cost": 15.710885811796494, "n_waypoints_completed": 4, "tot_waypoints": 9}}
{"target": -1106.8728886915721, "params": {"k_pid_pos": [1.628020434201847, 0.4421196159097531, 0.2830510143515742], "k_pid_alt": [0.06479604716330734, 0.3971344812450984, 0.5388086477541761], "k_pid_att": [26.71276480424607, 0.2633404278188004, 0.43811747369743115], "k_pid_yaw": [0.5, 1e-06, 0.1], "k_pid_hsp": [3.5396076321176437, 0.7866128540893378, 0.30163921207903044], "k_pid_vsp": [337.4588046865993, 43.67761559012231, 329.04727699620315]}, "datetime": {"datetime": "2025-08-20 16:08:32", "elapsed": 15367.249203443527, "delta": 23.60114550590515}, "costs": {"total_cost": 1106.8728886915721, "time_cost": 150, "final_distance_cost": 42.591862472687964, "oscillation_cost": 256.6943805336914, "completition_cost": 555.5555555555555, "overshoot_cost": 59.93817974296635, "power_cost": 22.947105505371095, "noise_cost": 19.145804881299668, "n_waypoints_completed": 4, "tot_waypoints": 9}}
{"target": -962.122485733361, "params": {"k_pid_pos": [1.609423054681423, 0.9510526647904124, 0.6023588802434744], "k_pid_alt": [0.4877166517707334, 0.557405492781186, 0.644770246408339], "k_pid_att": [29.95554785065445, 5.993149637506249, 0.6848175910272205], "k_pid_yaw": [0.5, 1e-06, 0.1], "k_pid_hsp": [1.4403438551028738, 0.7012561828950826, 0.5742769140555364], "k_pid_vsp": [137.02436225847333, 365.0107536398065, 34.58347097101816]}, "datetime": {"datetime": "2025-08-20 16:08:56", "elapsed": 15390.883974075317, "delta": 23.63477063179016}, "costs": {"total_cost": 962.122485733361, "time_cost": 150, "final_distance_cost": 46.55130435901404, "oscillation_cost": 112.22730813820546, "completition_cost": 555.5555555555555, "overshoot_cost": 58.3663117419505, "power_cost": 22.23037471923828, "noise_cost": 17.191631219397046, "n_waypoints_completed": 4, "tot_waypoints": 9}}
{"target": -1834.7542091262114, "params": {"k_pid_pos": [1.1665990322931223, 0.32356792373471777, 0.42797986389880527], "k_pid_alt": [1.0070320342789807, 0.8866156578059726, 0.018893589406699496], "k_pid_att": [18.79451604665704, 3.3855935975164497, 0.4268168556453774], "k_pid_yaw": [0.5, 1e-06, 0.1], "k_pid_hsp": [7.242457081263327, 0.05254171935279328, 0.6737012620304265], "k_pid_vsp": [77.86171582558161, 285.02036396702096, 350.76274443048516]}, "datetime": {"datetime": "2025-08-20 16:09:19", "elapsed": 15414.484642028809, "delta": 23.60066795349121}, "costs": {"total_cost": 1834.7542091262114, "time_cost": 150, "final_distance_cost": 0.9479573667292074, "oscillation_cost": 461.3333086780884, "completition_cost": 1000.0, "overshoot_cost": 135.30306571639653, "power_cost": 21.146533496093753, "noise_cost": 66.0233438689036, "n_waypoints_completed": 0, "tot_waypoints": 9}}
{"target": -1036.399568095267, "params": {"k_pid_pos": [1.1269334239521556, 0.19576768429536173, 0.8712572383505999], "k_pid_alt": [0.3819107985979209, 0.6586626557651911, 0.5031017986636804], "k_pid_att": [34.771521968463624, 8.654231712262183, 0.8779547065837255], "k_pid_yaw": [0.5, 1e-06, 0.1], "k_pid_hsp": [3.0906452868402834, 0.1395605878120183, 0.785702327992876], "k_pid_vsp": [313.15577802335383, 3.6106841645977883, 297.2161386442053]}, "datetime": {"datetime": "2025-08-20 16:09:43", "elapsed": 15437.902577877045, "delta": 23.417935848236084}, "costs": {"total_cost": 1036.399568095267, "time_cost": 150, "final_distance_cost": 49.80905853418929, "oscillation_cost": 293.0163499970559, "completition_cost": 444.4444444444444, "overshoot_cost": 62.19505270350562, "power_cost": 21.19059615478516, "noise_cost": 15.744066261286623, "n_waypoints_completed": 5, "tot_waypoints": 9}}
{"target": -943.6268242999336, "params": {"k_pid_pos": [1.008717409229, 0.19934295626326315, 0.5582475124688091], "k_pid_alt": [0.7930189036643494, 0.5262047205375646, 0.05677844896629969], "k_pid_att": [83.6119206205156, 6.9785626216442855, 0.33924749254020437], "k_pid_yaw": [0.5, 1e-06, 0.1], "k_pid_hsp": [9.233280733988323, 0.2887478203170897, 0.7953822294220054], "k_pid_vsp": [88.34822118441825, 313.647470387057, 180.2915484878555]}, "datetime": {"datetime": "2025-08-20 16:10:11", "elapsed": 15465.590893268585, "delta": 27.688315391540527}, "costs": {"total_cost": 943.6268242999336, "time_cost": 150, "final_distance_cost": 73.93334381983833, "oscillation_cost": 298.2250451115583, "completition_cost": 333.33333333333337, "overshoot_cost": 51.51927658098485, "power_cost": 20.992307788085938, "noise_cost": 15.62351766613282, "n_waypoints_completed": 6, "tot_waypoints": 9}}
{"target": -991.3618819344416, "params": {"k_pid_pos": [0.23152791517114793, 0.8978108812828317, 0.5473108195522725], "k_pid_alt": [1.1216349644474395, 0.6201913012238016, 0.37228930588534503], "k_pid_att": [78.16097642129355, 7.326460324726261, 0.09406028378102016], "k_pid_yaw": [0.5, 1e-06, 0.1], "k_pid_hsp": [3.717499691549187, 0.9285008399190172, 0.28239591136453646], "k_pid_vsp": [89.15727060053418, 351.44472798852104, 158.68659613415124]}, "datetime": {"datetime": "2025-08-20 16:10:35", "elapsed": 15490.310498714447, "delta": 24.719605445861816}, "costs": {"total_cost": 991.3618819344416, "time_cost": 150, "final_distance_cost": 41.10452454901447, "oscillation_cost": 154.46040969605858, "completition_cost": 555.5555555555555, "overshoot_cost": 52.01823718809292, "power_cost": 21.532012890625, "noise_cost": 16.69114205509515, "n_waypoints_completed": 4, "tot_waypoints": 9}}
{"target": -628.2917410858804, "params": {"k_pid_pos": [1.9972375042218886, 0.20980571733460407, 0.6543647996726166], "k_pid_alt": [1.7764313188344294, 0.6698019769669895, 0.7892967106176454], "k_pid_att": [98.09150896178892, 6.625847519783676, 0.8026698712477047], "k_pid_yaw": [0.5, 1e-06, 0.1], "k_pid_hsp": [2.213042570474968, 0.8795172653623496, 0.43329096332342965], "k_pid_vsp": [339.4836912677098, 322.59862774186917, 96.18912144631024]}, "datetime": {"datetime": "2025-08-20 16:10:59", "elapsed": 15514.145099639893, "delta": 23.834600925445557}, "costs": {"total_cost": 628.2917410858804, "time_cost": 150, "final_distance_cost": 65.29989163471258, "oscillation_cost": 212.36930823047948, "completition_cost": 111.11111111111116, "overshoot_cost": 50.009151960314746, "power_cost": 22.628368395996095, "noise_cost": 16.873909753266346, "n_waypoints_completed": 8, "tot_waypoints": 9}}
{"target": -891.9985725971496, "params": {"k_pid_pos": [0.6465840707905757, 0.8631937211669692, 0.3811945017905449], "k_pid_alt": [1.1205208270031322, 0.19302083531476322, 0.588340986373761], "k_pid_att": [45.793477919162974, 5.277314640061225, 0.26591763166353644], "k_pid_yaw": [0.5, 1e-06, 0.1], "k_pid_hsp": [5.309197811020617, 0.6823098050539582, 0.2300792609748088], "k_pid_vsp": [23.216050525176392, 136.4515501293682, 55.16568255747859]}, "datetime": {"datetime": "2025-08-20 16:11:23", "elapsed": 15537.829645633698, "delta": 23.68454599380493}, "costs": {"total_cost": 891.9985725971496, "time_cost": 150, "final_distance_cost": 73.53850757956815, "oscillation_cost": 252.82974004608084, "completition_cost": 333.33333333333337, "overshoot_cost": 45.19227050484626, "power_cost": 21.14123565673828, "noise_cost": 15.96348547658258, "n_waypoints_completed": 6, "tot_waypoints": 9}}
{"target": -768.7248250758613, "params": {"k_pid_pos": [0.7152599397798145, 0.42949626370932104, 0.06033562856015384], "k_pid_alt": [1.2947783967706967, 0.6803516403189173, 0.540679839465008], "k_pid_att": [19.79336913714137, 1.6110466557286218, 0.7843254637066601], "k_pid_yaw": [0.5, 1e-06, 0.1], "k_pid_hsp": [5.623333324077427, 0.578079411162717, 0.9319936933363787], "k_pid_vsp": [248.55009036104346, 318.81992128194, 156.13871991658547]}, "datetime": {"datetime": "2025-08-20 16:11:46", "elapsed": 15561.347213745117, "delta": 23.517568111419678}, "costs": {"total_cost": 768.7248250758613, "time_cost": 150, "final_distance_cost": 73.54030016399625, "oscillation_cost": 244.47126530653145, "completition_cost": 222.2222222222222, "overshoot_cost": 45.426386562825876, "power_cost": 18.962301086425782, "noise_cost": 14.102349733859834, "n_waypoints_completed": 7, "tot_waypoints": 9}}
{"target": -387.62680489295695, "params": {"k_pid_pos": [1.2198751419867297, 0.07711933337928978, 0.719060850386912], "k_pid_alt": [0.23906768021377278, 0.5374147445255382, 0.7615946634086997], "k_pid_att": [11.532508605303315, 4.258882029294849, 0.5671213645225475], "k_pid_yaw": [0.5, 1e-06, 0.1], "k_pid_hsp": [7.466160205993232, 0.6836382534106168, 0.7956899074888002], "k_pid_vsp": [12.722348360260538, 223.67388693257516, 34.77511399003493]}, "datetime": {"datetime": "2025-08-20 16:12:09", "elapsed": 15583.68147277832, "delta": 22.334259033203125}, "costs": {"total_cost": 387.62680489295695, "time_cost": 92.904, "final_distance_cost": 1.7788014045213445, "oscillation_cost": 198.37050024818845, "completition_cost": 0.0, "overshoot_cost": 59.318860184346924, "power_cost": 20.09941208496094, "noise_cost": 15.155230970939266, "n_waypoints_completed": 9, "tot_waypoints": 9}}
{"target": -1699.0326915754538, "params": {"k_pid_pos": [0.0367159435649422, 0.3581608592146247, 0.9106891278929385], "k_pid_alt": [0.4044657530180813, 0.9248672384772779, 0.5962872617982732], "k_pid_att": [7.731972297975187, 8.196117191678184, 0.8122748640196165], "k_pid_yaw": [0.5, 1e-06, 0.1], "k_pid_hsp": [9.715442523517684, 0.18426844368110584, 0.7195543132020401], "k_pid_vsp": [61.550024000214606, 349.39807751251993, 399.5737798479387]}, "datetime": {"datetime": "2025-08-20 16:12:32", "elapsed": 15607.044972658157, "delta": 23.363499879837036}, "costs": {"total_cost": 1699.0326915754538, "time_cost": 150, "final_distance_cost": 166.6289817366661, "oscillation_cost": 210.33601878397917, "completition_cost": 1000.0, "overshoot_cost": 137.99632452882108, "power_cost": 18.808196899414064, "noise_cost": 15.263169626573154, "n_waypoints_completed": 0, "tot_waypoints": 9}}
