{"target": -852.0549589337974, "params": {"k_pid_pos": [1.5735645108438956, 0.5657026601140834, 0.2537764612891146], "k_pid_alt": [1.5215933426955488, 0.7696474864440018, 0.5270693783739998], "k_pid_att": [16.247955291827143, 0.14419411608260926, 0.573582349829367], "k_pid_yaw": [0.5, 1e-06, 0.1], "k_pid_hsp": [8.071179146297416, 0.04986178357773241, 0.29680905978288885], "k_pid_vsp": [265.8565327666686, 161.55870709571485, 211.80572135434352]}, "datetime": {"datetime": "2025-08-20 14:03:48", "elapsed": 7882.586225986481, "delta": 25.129734754562378}, "costs": {"total_cost": 852.0549589337974, "time_cost": 150, "final_distance_cost": 65.155781096369, "oscillation_cost": 209.84125866342302, "completition_cost": 333.33333333333337, "overshoot_cost": 54.29729220931927, "power_cost": 22.47041667480469, "noise_cost": 16.95687695654798, "n_waypoints_completed": 6, "tot_waypoints": 9}}
{"target": -819.7305371789669, "params": {"k_pid_pos": [0.8900943585608737, 0.2552719648131052, 0.5811249471623204], "k_pid_alt": [1.9146530693478494, 0.15785565751382247, 0.8722355514030705], "k_pid_att": [79.29274120666186, 5.265619559764772, 0.8764291351024386], "k_pid_yaw": [0.5, 1e-06, 0.1], "k_pid_hsp": [1.6934673065491306, 0.5267101532380207, 0.31335127033260046], "k_pid_vsp": [379.5091108550154, 109.69349267083903, 136.04798570119684]}, "datetime": {"datetime": "2025-08-20 14:04:13", "elapsed": 7908.158254146576, "delta": 25.572028160095215}, "costs": {"total_cost": 819.7305371789669, "time_cost": 150, "final_distance_cost": 64.58571873964624, "oscillation_cost": 302.80172451655665, "completition_cost": 222.2222222222222, "overshoot_cost": 43.937972389340764, "power_cost": 20.614689880371095, "noise_cost": 15.568209430829958, "n_waypoints_completed": 7, "tot_waypoints": 9}}
{"target": -1146.3415490804427, "params": {"k_pid_pos": [0.21895634550623108, 0.03977092058034992, 0.20140129136413343], "k_pid_alt": [1.1080784802908823, 0.5048557311598489, 0.6490615424569969], "k_pid_att": [18.451694581211896, 1.2633990784522513, 0.514745702993722], "k_pid_yaw": [0.5, 1e-06, 0.1], "k_pid_hsp": [1.691599215937044, 0.8275009292957459, 0.681154910081619], "k_pid_vsp": [239.8932511328306, 33.06404656717689, 112.14734664507449]}, "datetime": {"datetime": "2025-08-20 14:04:39", "elapsed": 7934.3636865615845, "delta": 26.205432415008545}, "costs": {"total_cost": 1146.3415490804427, "time_cost": 150, "final_distance_cost": 49.42880837881159, "oscillation_cost": 302.9386449583473, "completition_cost": 555.5555555555555, "overshoot_cost": 51.74795689818755, "power_cost": 21.162290466308594, "noise_cost": 15.508292823231967, "n_waypoints_completed": 4, "tot_waypoints": 9}}
{"target": -1361.4629585457624, "params": {"k_pid_pos": [1.9808056375505012, 0.5165199425200582, 0.12822216358106076], "k_pid_alt": [0.5705344848716616, 0.7591762770287718, 0.8758547708764813], "k_pid_att": [5.97442216173627, 5.098319819190023, 0.564821153793645], "k_pid_yaw": [0.5, 1e-06, 0.1], "k_pid_hsp": [2.836056402422758, 0.4647958199928125, 0.8632556580571135], "k_pid_vsp": [302.5876658675152, 217.9251899926761, 327.1216664962792]}, "datetime": {"datetime": "2025-08-20 14:05:07", "elapsed": 7962.300537824631, "delta": 27.936851263046265}, "costs": {"total_cost": 1361.4629585457624, "time_cost": 150, "final_distance_cost": 85.99070674670729, "oscillation_cost": 262.8078183492043, "completition_cost": 777.7777777777778, "overshoot_cost": 46.92582681193559, "power_cost": 21.974687133789065, "noise_cost": 15.986141726348148, "n_waypoints_completed": 2, "tot_waypoints": 9}}
{"target": -1106.313873151085, "params": {"k_pid_pos": [1.5215372293141316, 0.9608142146245977, 0.6882251545304673], "k_pid_alt": [1.201875190847039, 0.38383648546741156, 0.844400143379161], "k_pid_att": [77.92113630230556, 8.941787656699429, 0.2566849030077303], "k_pid_yaw": [0.5, 1e-06, 0.1], "k_pid_hsp": [0.3626333063086602, 0.8825025840144569, 0.2360845985536535], "k_pid_vsp": [198.22399435188512, 351.04423430855695, 361.2797838744991]}, "datetime": {"datetime": "2025-08-20 14:05:36", "elapsed": 7991.395686864853, "delta": 29.095149040222168}, "costs": {"total_cost": 1106.313873151085, "time_cost": 150, "final_distance_cost": 84.73491918170437, "oscillation_cost": 95.53139551715091, "completition_cost": 666.6666666666667, "overshoot_cost": 70.14493082404833, "power_cost": 22.34230743408203, "noise_cost": 16.893653527432974, "n_waypoints_completed": 3, "tot_waypoints": 9}}
{"target": -663.0386731399044, "params": {"k_pid_pos": [1.8498383624555215, 0.4409472811115208, 0.7996154897480023], "k_pid_alt": [1.4401928552603733, 0.2187016732901298, 0.4207317633556654], "k_pid_att": [70.06229161304738, 1.9926960263721303, 0.9068195090642294], "k_pid_yaw": [0.5, 1e-06, 0.1], "k_pid_hsp": [6.401020917713694, 0.9500386724985211, 0.33632965808064863], "k_pid_vsp": [76.90905058430357, 387.37676982519696, 183.20629527114016]}, "datetime": {"datetime": "2025-08-20 14:06:02", "elapsed": 8016.618072509766, "delta": 25.22238564491272}, "costs": {"total_cost": 663.0386731399044, "time_cost": 150, "final_distance_cost": 42.85754563676284, "oscillation_cost": 270.41753819201966, "completition_cost": 111.11111111111116, "overshoot_cost": 53.622708402627666, "power_cost": 19.99598026123047, "noise_cost": 15.033789536152693, "n_waypoints_completed": 8, "tot_waypoints": 9}}
{"target": -889.0758497389887, "params": {"k_pid_pos": [1.4069258409900163, 0.4441645815972859, 0.20542040772510795], "k_pid_alt": [0.8516884889588703, 0.45247531209444847, 0.1047942020633783], "k_pid_att": [73.52874272947537, 6.998778817236635, 0.859665802574185], "k_pid_yaw": [0.5, 1e-06, 0.1], "k_pid_hsp": [3.4108870783968652, 0.27310502810954995, 0.33237899437109764], "k_pid_vsp": [103.38319782410595, 166.95083902002034, 169.8486525976815]}, "datetime": {"datetime": "2025-08-20 14:06:25", "elapsed": 8039.809041976929, "delta": 23.190969467163086}, "costs": {"total_cost": 889.0758497389887, "time_cost": 150, "final_distance_cost": 67.43142337892705, "oscillation_cost": 238.10964205761024, "completition_cost": 333.33333333333337, "overshoot_cost": 58.19480823718193, "power_cost": 23.60479313964844, "noise_cost": 18.401849592287693, "n_waypoints_completed": 6, "tot_waypoints": 9}}
{"target": -820.4245463465737, "params": {"k_pid_pos": [1.1709840080989897, 0.45360742626498873, 0.5772265472152717], "k_pid_alt": [1.668154192053393, 0.35573942171514517, 0.6090388507192844], "k_pid_att": [66.29534499502147, 2.189176278536162, 0.7600166757741706], "k_pid_yaw": [0.5, 1e-06, 0.1], "k_pid_hsp": [8.468580753782023, 0.8454957621977442, 0.18896140190170974], "k_pid_vsp": [288.4182964667949, 189.259491897218, 370.0468943634347]}, "datetime": {"datetime": "2025-08-20 14:06:50", "elapsed": 8064.660044193268, "delta": 24.85100221633911}, "costs": {"total_cost": 820.4245463465737, "time_cost": 150, "final_distance_cost": 74.25490168625525, "oscillation_cost": 281.435433197024, "completition_cost": 222.2222222222222, "overshoot_cost": 56.56782527892651, "power_cost": 19.809102661132812, "noise_cost": 16.135061301012918, "n_waypoints_completed": 7, "tot_waypoints": 9}}
{"target": -1454.4493320591719, "params": {"k_pid_pos": [0.9291470282536741, 0.5817940660185132, 0.24998350356697208], "k_pid_alt": [0.4596233915605086, 0.5697176602700152, 0.7402178582629703], "k_pid_att": [99.18607561835503, 7.249642647878744, 0.8079700852558737], "k_pid_yaw": [0.5, 1e-06, 0.1], "k_pid_hsp": [9.700734578325084, 0.7752861048430634, 0.6854364525432114], "k_pid_vsp": [30.50358552681338, 231.48686379627748, 223.9189394671084]}, "datetime": {"datetime": "2025-08-20 14:07:17", "elapsed": 8092.183582782745, "delta": 27.52353858947754}, "costs": {"total_cost": 1454.4493320591719, "time_cost": 150, "final_distance_cost": 102.00142536872401, "oscillation_cost": 338.5763577848839, "completition_cost": 777.7777777777778, "overshoot_cost": 50.59450407770243, "power_cost": 18.845733935546875, "noise_cost": 16.65353311453701, "n_waypoints_completed": 2, "tot_waypoints": 9}}
{"target": -1350.9748740697867, "params": {"k_pid_pos": [1.9543201879960623, 0.690700163749789, 0.1580810720656296], "k_pid_alt": [0.27933991585888185, 0.1536635252382953, 0.3788536641987488], "k_pid_att": [4.931684073073017, 4.19077050483806, 0.341711317885082], "k_pid_yaw": [0.5, 1e-06, 0.1], "k_pid_hsp": [2.9755189279262804, 0.5209251365995196, 0.7223041357798505], "k_pid_vsp": [154.74917473791393, 281.3823725971477, 256.01533622551614]}, "datetime": {"datetime": "2025-08-20 14:07:43", "elapsed": 8118.0856602191925, "delta": 25.902077436447144}, "costs": {"total_cost": 1350.9748740697867, "time_cost": 150, "final_distance_cost": 89.47564167358543, "oscillation_cost": 247.62274010675276, "completition_cost": 777.7777777777778, "overshoot_cost": 47.39234379666589, "power_cost": 22.392141625976564, "noise_cost": 16.314229089028313, "n_waypoints_completed": 2, "tot_waypoints": 9}}
{"target": -1368.1233990500416, "params": {"k_pid_pos": [0.12498288657415633, 0.5827925000107642, 0.635599716768986], "k_pid_alt": [0.18813383675215434, 0.7955063946196818, 0.44271591092666795], "k_pid_att": [92.01597873318556, 1.3595780334399816, 0.6363829617724821], "k_pid_yaw": [0.5, 1e-06, 0.1], "k_pid_hsp": [7.712171835835343, 0.6529857503943465, 0.68964504982527], "k_pid_vsp": [102.79354753754203, 367.58144444652083, 103.9817724693623]}, "datetime": {"datetime": "2025-08-20 14:08:07", "elapsed": 8142.070406913757, "delta": 23.98474669456482}, "costs": {"total_cost": 1368.1233990500416, "time_cost": 150, "final_distance_cost": 90.11295421474445, "oscillation_cost": 264.5746890044167, "completition_cost": 777.7777777777778, "overshoot_cost": 48.69439720368997, "power_cost": 21.046547363281253, "noise_cost": 15.917033486131418, "n_waypoints_completed": 2, "tot_waypoints": 9}}
{"target": -1693.760766977456, "params": {"k_pid_pos": [0.5812678623787366, 0.3437545684405039, 0.040614858557610156], "k_pid_alt": [0.38346000490632015, 0.35527579550665067, 0.9627232166750398], "k_pid_att": [58.56224530658505, 7.8473267491083085, 0.030503286794267503], "k_pid_yaw": [0.5, 1e-06, 0.1], "k_pid_hsp": [0.8042583680570482, 0.7272790108640856, 0.9921102870368697], "k_pid_vsp": [152.27388041717643, 344.84679184596393, 248.33526357470805]}, "datetime": {"datetime": "2025-08-20 14:08:36", "elapsed": 8170.872518539429, "delta": 28.802111625671387}, "costs": {"total_cost": 1693.760766977456, "time_cost": 150, "final_distance_cost": 52.13036725627124, "oscillation_cost": 409.86388806303376, "completition_cost": 1000.0, "overshoot_cost": 45.38066887963174, "power_cost": 20.364961083984376, "noise_cost": 16.020881694534914, "n_waypoints_completed": 0, "tot_waypoints": 9}}
{"target": -924.8293375806543, "params": {"k_pid_pos": [0.5127613474546221, 0.24618861706431738, 0.14248744897817645], "k_pid_alt": [1.2085115362537524, 0.5210080471854706, 0.4766690054509818], "k_pid_att": [32.929380699246714, 3.58751647611227, 0.6649266797995714], "k_pid_yaw": [0.5, 1e-06, 0.1], "k_pid_hsp": [5.033111344415495, 0.4750562477145075, 0.6096854141686906], "k_pid_vsp": [337.46441009993606, 349.7147949095419, 232.38027597175838]}, "datetime": {"datetime": "2025-08-20 14:09:05", "elapsed": 8200.072962999344, "delta": 29.20044445991516}, "costs": {"total_cost": 924.8293375806543, "time_cost": 150, "final_distance_cost": 73.98141547825213, "oscillation_cost": 283.5734171690458, "completition_cost": 333.33333333333337, "overshoot_cost": 47.11590500968247, "power_cost": 20.90285428466797, "noise_cost": 15.92241230567239, "n_waypoints_completed": 6, "tot_waypoints": 9}}
{"target": -606.1593582364833, "params": {"k_pid_pos": [1.6678901558243815, 0.6517389743933462, 0.31162386353779425], "k_pid_alt": [1.0576015522448643, 0.8946030950228563, 0.4568959566331421], "k_pid_att": [36.654179283121756, 0.8265432873403938, 0.43935362144642764], "k_pid_yaw": [0.5, 1e-06, 0.1], "k_pid_hsp": [8.47608926115428, 0.807265250255005, 0.14232344291096444], "k_pid_vsp": [144.90820395458778, 387.48330577202375, 131.70736399211228]}, "datetime": {"datetime": "2025-08-20 14:09:30", "elapsed": 8224.84094786644, "delta": 24.767984867095947}, "costs": {"total_cost": 606.1593582364833, "time_cost": 150, "final_distance_cost": 58.80709777325449, "oscillation_cost": 191.15704654923715, "completition_cost": 111.11111111111116, "overshoot_cost": 54.984138794500126, "power_cost": 22.682000207519533, "noise_cost": 17.417963800860903, "n_waypoints_completed": 8, "tot_waypoints": 9}}
{"target": -1721.1855458963369, "params": {"k_pid_pos": [0.12722850186819215, 0.0617402541205091, 0.7989813043512619], "k_pid_alt": [1.1808924971843122, 0.6081637135279727, 0.8661614368941314], "k_pid_att": [98.78155808153466, 0.7836220534281353, 0.2465703396303377], "k_pid_yaw": [0.5, 1e-06, 0.1], "k_pid_hsp": [2.686841943437848, 0.04741832588411721, 0.8772596885938118], "k_pid_vsp": [116.74486263519759, 161.61277402595275, 312.76066900057657]}, "datetime": {"datetime": "2025-08-20 14:09:55", "elapsed": 8250.307190418243, "delta": 25.46624255180359}, "costs": {"total_cost": 1721.1855458963369, "time_cost": 150, "final_distance_cost": 42.10056406416235, "oscillation_cost": 446.9103580191957, "completition_cost": 1000.0, "overshoot_cost": 42.576212735201736, "power_cost": 22.102255603027345, "noise_cost": 17.496155474749614, "n_waypoints_completed": 0, "tot_waypoints": 9}}
{"target": -1577.9445339146987, "params": {"k_pid_pos": [0.28180066426937495, 0.02691400040223102, 0.18885644548129787], "k_pid_alt": [1.4729742755219994, 0.644686655931438, 0.6850961824108406], "k_pid_att": [2.147113086037522, 9.48152662198426, 0.5520616793637945], "k_pid_yaw": [0.5, 1e-06, 0.1], "k_pid_hsp": [4.522472662658805, 0.40286816860834895, 0.9027426898869811], "k_pid_vsp": [254.9623657227766, 138.79241863062373, 3.0053686585130626]}, "datetime": {"datetime": "2025-08-20 14:10:20", "elapsed": 8275.36090874672, "delta": 25.053718328475952}, "costs": {"total_cost": 1577.9445339146987, "time_cost": 150, "final_distance_cost": 93.55100876931212, "oscillation_cost": 450.79880492401725, "completition_cost": 777.7777777777778, "overshoot_cost": 55.64602399789434, "power_cost": 29.766640930175782, "noise_cost": 20.404277515521226, "n_waypoints_completed": 2, "tot_waypoints": 9}}
{"target": -1001.1143220379945, "params": {"k_pid_pos": [0.6427713931119906, 0.01154660272886654, 0.650627473050172], "k_pid_alt": [1.5240114641401172, 0.3408410956791774, 0.5054970922017046], "k_pid_att": [75.26952050548613, 0.25744057357516, 0.48519465065052747], "k_pid_yaw": [0.5, 1e-06, 0.1], "k_pid_hsp": [5.685526830229203, 0.9932074636976578, 0.9905594469611992], "k_pid_vsp": [235.40476538277173, 109.06182446697704, 299.74487372066113]}, "datetime": {"datetime": "2025-08-20 14:10:51", "elapsed": 8305.559596061707, "delta": 30.198687314987183}, "costs": {"total_cost": 1001.1143220379945, "time_cost": 150, "final_distance_cost": 60.281151448901404, "oscillation_cost": 372.33541308042624, "completition_cost": 333.33333333333337, "overshoot_cost": 47.86652226378723, "power_cost": 21.04151317138672, "noise_cost": 16.256388740159498, "n_waypoints_completed": 6, "tot_waypoints": 9}}
{"target": -973.6074435805261, "params": {"k_pid_pos": [0.7255243960987785, 0.04461980470421001, 0.15348953564971157], "k_pid_alt": [0.6886799408421536, 0.9096475302179635, 0.18134016120016372], "k_pid_att": [74.32317871524735, 1.9710612279922273, 0.011672522372465077], "k_pid_yaw": [0.5, 1e-06, 0.1], "k_pid_hsp": [3.6072898933802593, 0.6553421351440736, 0.365798849539528], "k_pid_vsp": [45.284313634556916, 109.12047019715202, 78.3532259125514]}, "datetime": {"datetime": "2025-08-20 14:11:17", "elapsed": 8331.653000354767, "delta": 26.093404293060303}, "costs": {"total_cost": 973.6074435805261, "time_cost": 150, "final_distance_cost": 79.20941282538627, "oscillation_cost": 314.22550219681096, "completition_cost": 333.33333333333337, "overshoot_cost": 58.12760836707645, "power_cost": 21.36607041015625, "noise_cost": 17.34551644776286, "n_waypoints_completed": 6, "tot_waypoints": 9}}
{"target": -1188.291556872416, "params": {"k_pid_pos": [1.6742754086629703, 0.16375498702954705, 0.6283042147327532], "k_pid_alt": [0.4537168554125013, 0.8168019889787766, 0.4094656439528376], "k_pid_att": [38.87915293336249, 5.9291214620414125, 0.7131221801373523], "k_pid_yaw": [0.5, 1e-06, 0.1], "k_pid_hsp": [4.101258653535006, 0.6559527193591658, 0.41560611284353977], "k_pid_vsp": [69.69507110960582, 126.07699881645051, 364.5112556903641]}, "datetime": {"datetime": "2025-08-20 14:11:42", "elapsed": 8356.664945602417, "delta": 25.011945247650146}, "costs": {"total_cost": 1188.291556872416, "time_cost": 150, "final_distance_cost": 38.25635987926541, "oscillation_cost": 297.2065227960175, "completition_cost": 555.5555555555555, "overshoot_cost": 102.20654641094536, "power_cost": 22.78120671386719, "noise_cost": 22.285365516764955, "n_waypoints_completed": 4, "tot_waypoints": 9}}
{"target": -901.2168165918237, "params": {"k_pid_pos": [1.1437437540242146, 0.2339485607739744, 0.14324120431573506], "k_pid_alt": [1.0541225055592387, 0.6191423742912934, 0.6744767261514353], "k_pid_att": [90.66811417140046, 4.8554544617175415, 0.08968672143517331], "k_pid_yaw": [0.5, 1e-06, 0.1], "k_pid_hsp": [5.769495490861675, 0.5984978826045115, 0.6992038510853156], "k_pid_vsp": [357.7112388398828, 165.48189472498606, 251.20410012949932]}, "datetime": {"datetime": "2025-08-20 14:12:07", "elapsed": 8382.432825565338, "delta": 25.767879962921143}, "costs": {"total_cost": 901.2168165918237, "time_cost": 150, "final_distance_cost": 72.43167672472032, "oscillation_cost": 255.85920657904896, "completition_cost": 333.33333333333337, "overshoot_cost": 50.00502794635342, "power_cost": 22.962822106933594, "noise_cost": 16.624749901433994, "n_waypoints_completed": 6, "tot_waypoints": 9}}
{"target": -3352.4199796025514, "params": {"k_pid_pos": [0.04003438179879315, 0.2850683217488015, 0.09410222836245397], "k_pid_alt": [1.9070109995063829, 0.9754124948297954, 0.6920843787076338], "k_pid_att": [90.7397054865039, 9.582784258214353, 0.22378483168431584], "k_pid_yaw": [0.5, 1e-06, 0.1], "k_pid_hsp": [0.7087514288217585, 0.781994869684878, 0.4458823857211599], "k_pid_vsp": [7.886813783139779, 55.124703192786136, 274.43129189548966]}, "datetime": {"datetime": "2025-08-20 14:12:33", "elapsed": 8408.218444824219, "delta": 25.785619258880615}, "costs": {"total_cost": 3352.4199796025514, "time_cost": 150, "final_distance_cost": 695.5181212147673, "oscillation_cost": 371.21809206034595, "completition_cost": 1000.0, "overshoot_cost": 1095.8738001691115, "power_cost": 22.283483325195313, "noise_cost": 17.5264828331309, "n_waypoints_completed": 0, "tot_waypoints": 9}}
{"target": -985.1828413268045, "params": {"k_pid_pos": [1.3280584860490685, 0.06866540843341318, 0.5508052021546662], "k_pid_alt": [1.6452557899117162, 0.4168539563265179, 0.7378248561179357], "k_pid_att": [69.37845883744293, 1.0646307016665295, 0.8761524097023224], "k_pid_yaw": [0.5, 1e-06, 0.1], "k_pid_hsp": [9.216042309561017, 0.6137210787440376, 0.3440691094183139], "k_pid_vsp": [151.27437209010347, 269.41969086172884, 376.4730452860746]}, "datetime": {"datetime": "2025-08-20 14:13:01", "elapsed": 8436.219756126404, "delta": 28.00131130218506}, "costs": {"total_cost": 985.1828413268045, "time_cost": 150, "final_distance_cost": 60.85682425153618, "oscillation_cost": 331.6688209773821, "completition_cost": 333.33333333333337, "overshoot_cost": 67.41341498480826, "power_cost": 23.15570378417969, "noise_cost": 18.75474399556498, "n_waypoints_completed": 6, "tot_waypoints": 9}}
{"target": -1364.9449865604715, "params": {"k_pid_pos": [1.714135698950203, 0.6677722875491091, 0.20255846344670947], "k_pid_alt": [0.5579943956268418, 0.05191180894053726, 0.07449544362470839], "k_pid_att": [40.80342008363317, 3.5877731829692645, 0.6213102912134879], "k_pid_yaw": [0.5, 1e-06, 0.1], "k_pid_hsp": [3.0236825513736836, 0.5139460309865705, 0.4377177429925737], "k_pid_vsp": [38.07813152189055, 96.32399062654058, 119.54408137064257]}, "datetime": {"datetime": "2025-08-20 14:13:28", "elapsed": 8463.254553079605, "delta": 27.034796953201294}, "costs": {"total_cost": 1364.9449865604715, "time_cost": 150, "final_distance_cost": 77.80316551959923, "oscillation_cost": 244.81692745554363, "completition_cost": 777.7777777777778, "overshoot_cost": 71.48384793388179, "power_cost": 23.03099971923828, "noise_cost": 20.03226815443083, "n_waypoints_completed": 2, "tot_waypoints": 9}}
{"target": -1465.4349829625696, "params": {"k_pid_pos": [1.275691449948183, 0.3058623675398435, 0.3070101155521143], "k_pid_alt": [0.8014603297509124, 0.503777508107582, 0.5986500577128129], "k_pid_att": [81.07256702594054, 7.368634176366755, 0.8129370456661248], "k_pid_yaw": [0.5, 1e-06, 0.1], "k_pid_hsp": [7.934273240489674, 0.5709078165498024, 0.6128223564877492], "k_pid_vsp": [37.60847702350829, 117.00536373918673, 205.3314963187975]}, "datetime": {"datetime": "2025-08-20 14:13:55", "elapsed": 8489.70506811142, "delta": 26.450515031814575}, "costs": {"total_cost": 1465.4349829625696, "time_cost": 150, "final_distance_cost": 97.78493746591322, "oscillation_cost": 338.00771569941486, "completition_cost": 777.7777777777778, "overshoot_cost": 58.92129809602007, "power_cost": 23.100564782714844, "noise_cost": 19.84268914072862, "n_waypoints_completed": 2, "tot_waypoints": 9}}
