{"target": -791.6128903213528, "params": {"k_pid_pos": [1.0158458003423054, 0.855521369495544, 0.6053180413006044], "k_pid_alt": [0.4627999268587455, 0.30280271963857697, 0.8087963998102724], "k_pid_att": [86.03221427464214, 6.763146599500816, 0.6235086696217949], "k_pid_yaw": [0.5, 1e-06, 0.1], "k_pid_hsp": [1.0388830966808038, 0.19273615574536562, 0.21773348455279196], "k_pid_vsp": [339.59143607721654, 397.2420531808007, 236.4204284310031]}, "datetime": {"datetime": "2025-08-20 15:53:49", "elapsed": 14484.45600605011, "delta": 23.56779718399048}, "costs": {"total_cost": 791.6128903213528, "time_cost": 150, "final_distance_cost": 67.97644998456933, "oscillation_cost": 144.50630538763147, "completition_cost": 333.33333333333337, "overshoot_cost": 55.282312486649005, "power_cost": 23.001380627441407, "noise_cost": 17.51310850172806, "n_waypoints_completed": 6, "tot_waypoints": 9}}
{"target": -455.7834274796446, "params": {"k_pid_pos": [0.8378529706072372, 0.1380486259660304, 0.7053061310643084], "k_pid_alt": [0.42029470414517656, 0.4084667652765206, 0.1525477296678064], "k_pid_att": [45.561578843119435, 7.865457527950871, 0.27249192244662623], "k_pid_yaw": [0.5, 1e-06, 0.1], "k_pid_hsp": [9.908336044091813, 0.5463569640352295, 0.3763190411573839], "k_pid_vsp": [198.68829464605633, 389.040574310318, 224.69996232974063]}, "datetime": {"datetime": "2025-08-20 15:54:12", "elapsed": 14506.840236663818, "delta": 22.384230613708496}, "costs": {"total_cost": 455.7834274796446, "time_cost": 94.83200000000001, "final_distance_cost": 1.7978580424292387, "oscillation_cost": 267.9619997472808, "completition_cost": 0.0, "overshoot_cost": 57.74993478973821, "power_cost": 18.764214025878907, "noise_cost": 14.677420874317392, "n_waypoints_completed": 9, "tot_waypoints": 9}}
{"target": -585.4597164152701, "params": {"k_pid_pos": [1.5408171631599525, 0.703175257408521, 0.14976748434119924], "k_pid_alt": [0.4782991567528905, 0.5277726245452099, 0.923413118062655], "k_pid_att": [18.980999602193815, 6.988359706086264, 0.6274916101119938], "k_pid_yaw": [0.5, 1e-06, 0.1], "k_pid_hsp": [9.611165085908448, 0.12869553316609572, 0.487426417591882], "k_pid_vsp": [73.88061765554102, 94.08516658606696, 34.320425262658055]}, "datetime": {"datetime": "2025-08-20 15:54:36", "elapsed": 14530.547733068466, "delta": 23.707496404647827}, "costs": {"total_cost": 585.4597164152701, "time_cost": 150, "final_distance_cost": 9.29112632172753, "oscillation_cost": 218.22768658339427, "completition_cost": 111.11111111111116, "overshoot_cost": 60.68810619644376, "power_cost": 20.946823547363284, "noise_cost": 15.194862655230182, "n_waypoints_completed": 8, "tot_waypoints": 9}}
{"target": -1059.6616748170657, "params": {"k_pid_pos": [1.4394924707918275, 0.36785372317606724, 0.433551788943922], "k_pid_alt": [1.8601964565382696, 0.00793136256196969, 0.9331242325347242], "k_pid_att": [79.8386174299053, 3.0459508780595224, 0.9968624674981857], "k_pid_yaw": [0.5, 1e-06, 0.1], "k_pid_hsp": [8.789866180489973, 0.6492676135879076, 0.8951681972294256], "k_pid_vsp": [20.56084766787416, 177.92701603486466, 176.45554019860305]}, "datetime": {"datetime": "2025-08-20 15:54:59", "elapsed": 14554.45927810669, "delta": 23.911545038223267}, "costs": {"total_cost": 1059.6616748170657, "time_cost": 150, "final_distance_cost": 54.96688409378893, "oscillation_cost": 279.3243292182259, "completition_cost": 444.4444444444444, "overshoot_cost": 81.48898730594541, "power_cost": 26.23926993408203, "noise_cost": 23.19775982057897, "n_waypoints_completed": 5, "tot_waypoints": 9}}
{"target": -1032.3316982781623, "params": {"k_pid_pos": [1.0992537681591552, 0.7540378102400427, 0.5980965423761265], "k_pid_alt": [0.677118118608004, 0.32228912897974615, 0.9925913582333562], "k_pid_att": [76.24150373601738, 6.714910349824289, 0.06369591397565122], "k_pid_yaw": [0.5, 1e-06, 0.1], "k_pid_hsp": [4.491230078095607, 0.8248811874010015, 0.2523328224889948], "k_pid_vsp": [122.35354608303356, 190.11586833608183, 299.5140718657754]}, "datetime": {"datetime": "2025-08-20 15:55:23", "elapsed": 14577.943684577942, "delta": 23.48440647125244}, "costs": {"total_cost": 1032.3316982781623, "time_cost": 150, "final_distance_cost": 44.07376155198987, "oscillation_cost": 293.69071225215987, "completition_cost": 444.4444444444444, "overshoot_cost": 56.68399177115659, "power_cost": 23.486679077148438, "noise_cost": 19.95210918126331, "n_waypoints_completed": 5, "tot_waypoints": 9}}
{"target": -1129.9596313649745, "params": {"k_pid_pos": [1.0014838819931913, 0.8653146013235571, 0.2674809125793668], "k_pid_alt": [0.04898866051844175, 0.8136165884670808, 0.42395478863808356], "k_pid_att": [69.09065802800586, 3.7217706993167896, 0.21077739078878654], "k_pid_yaw": [0.5, 1e-06, 0.1], "k_pid_hsp": [2.7596172366063496, 0.7974516375224867, 0.2887230948038948], "k_pid_vsp": [186.32141358437195, 268.61685312833396, 103.20382457363937]}, "datetime": {"datetime": "2025-08-20 15:55:47", "elapsed": 14602.495081663132, "delta": 24.55139708518982}, "costs": {"total_cost": 1129.9596313649745, "time_cost": 150, "final_distance_cost": 58.102792409491734, "oscillation_cost": 150.54011462944447, "completition_cost": 666.6666666666667, "overshoot_cost": 63.797806576058015, "power_cost": 22.974324438476565, "noise_cost": 17.877926644837174, "n_waypoints_completed": 3, "tot_waypoints": 9}}
{"target": -871.2243214426851, "params": {"k_pid_pos": [0.3980601678581228, 0.5499778092253808, 0.30122596815103175], "k_pid_alt": [0.9016998163298391, 0.08060302580310374, 0.1770576804237135], "k_pid_att": [61.62735958265691, 7.510301848934225, 0.3036378126500323], "k_pid_yaw": [0.5, 1e-06, 0.1], "k_pid_hsp": [4.415325002228543, 0.8406145070043353, 0.42240156115501515], "k_pid_vsp": [183.28407678505621, 376.6635887683984, 284.4262532824586]}, "datetime": {"datetime": "2025-08-20 15:56:11", "elapsed": 14626.129735708237, "delta": 23.63465404510498}, "costs": {"total_cost": 871.2243214426851, "time_cost": 150, "final_distance_cost": 70.58792604234111, "oscillation_cost": 232.43124366190602, "completition_cost": 333.33333333333337, "overshoot_cost": 47.32817965785667, "power_cost": 21.277385095214846, "noise_cost": 16.266253652032983, "n_waypoints_completed": 6, "tot_waypoints": 9}}
{"target": -534.2408859649613, "params": {"k_pid_pos": [1.3353816471317312, 0.6724161681878628, 0.2655182572687861], "k_pid_alt": [1.3619570492657496, 0.01743120140243648, 0.9105986521284333], "k_pid_att": [15.571479963541268, 0.5498569178403385, 0.589292252182008], "k_pid_yaw": [0.5, 1e-06, 0.1], "k_pid_hsp": [5.918101934697143, 0.6591077338846817, 0.820422542873747], "k_pid_vsp": [220.6970872896818, 88.77099428183041, 128.74844886540018]}, "datetime": {"datetime": "2025-08-20 15:56:34", "elapsed": 14649.414122581482, "delta": 23.28438687324524}, "costs": {"total_cost": 534.2408859649613, "time_cost": 150, "final_distance_cost": 8.953695075763939, "oscillation_cost": 160.7044273826228, "completition_cost": 111.11111111111116, "overshoot_cost": 67.65891580821308, "power_cost": 20.46970635986328, "noise_cost": 15.343030227387043, "n_waypoints_completed": 8, "tot_waypoints": 9}}
{"target": -1723.972350631891, "params": {"k_pid_pos": [1.396864257859792, 0.9180241916464793, 0.6640837669309262], "k_pid_alt": [0.6890781461605302, 0.12159966200691819, 0.9402264097202863], "k_pid_att": [4.441636755193501, 9.387691492509505, 0.21850276224575227], "k_pid_yaw": [0.5, 1e-06, 0.1], "k_pid_hsp": [7.541800521845376, 0.49896353501826596, 0.4031239342808334], "k_pid_vsp": [36.216650657083434, 141.70368114511513, 148.63689544798507]}, "datetime": {"datetime": "2025-08-20 15:57:00", "elapsed": 14674.781909942627, "delta": 25.36778736114502}, "costs": {"total_cost": 1723.972350631891, "time_cost": 150, "final_distance_cost": 1.0654302332182013, "oscillation_cost": 355.74777806375687, "completition_cost": 1000.0, "overshoot_cost": 135.62219611957053, "power_cost": 19.282520202636718, "noise_cost": 62.25442601270851, "n_waypoints_completed": 0, "tot_waypoints": 9}}
{"target": -1057.8223259369327, "params": {"k_pid_pos": [0.6529877915560387, 0.43799388465401856, 0.9802182645942301], "k_pid_alt": [0.6099863637578167, 0.26634049979306695, 0.0915882585719715], "k_pid_att": [54.66083864677338, 2.5898402133497984, 0.6517129214617003], "k_pid_yaw": [0.5, 1e-06, 0.1], "k_pid_hsp": [6.967107850830937, 0.5519630966076025, 0.5787375422262261], "k_pid_vsp": [285.6532442872474, 339.8782526760146, 273.99385881791164]}, "datetime": {"datetime": "2025-08-20 15:57:23", "elapsed": 14698.066507339478, "delta": 23.284597396850586}, "costs": {"total_cost": 1057.8223259369327, "time_cost": 150, "final_distance_cost": 54.94719808320107, "oscillation_cost": 326.6368345696731, "completition_cost": 444.4444444444444, "overshoot_cost": 46.090399882767144, "power_cost": 19.673453723144533, "noise_cost": 16.02999523370244, "n_waypoints_completed": 5, "tot_waypoints": 9}}
{"target": -415.5577759267249, "params": {"k_pid_pos": [1.6642480150896388, 0.2766854315544037, 0.2930129098325581], "k_pid_alt": [0.7773764094553255, 0.5120735505694974, 0.6740753142879683], "k_pid_att": [43.04988644924994, 8.755075055621028, 0.21874638628213083], "k_pid_yaw": [0.5, 1e-06, 0.1], "k_pid_hsp": [8.344368740954055, 0.7069163356123588, 0.8179786971732058], "k_pid_vsp": [194.55117820802877, 292.2556976865042, 137.69361358433233]}, "datetime": {"datetime": "2025-08-20 15:57:45", "elapsed": 14720.050664901733, "delta": 21.98415756225586}, "costs": {"total_cost": 415.5577759267249, "time_cost": 93.24, "final_distance_cost": 1.7864290902871462, "oscillation_cost": 224.59474510621163, "completition_cost": 0.0, "overshoot_cost": 58.17527480091546, "power_cost": 21.87474246826172, "noise_cost": 15.886584461048942, "n_waypoints_completed": 9, "tot_waypoints": 9}}
{"target": -865.614566698622, "params": {"k_pid_pos": [0.698938007475961, 0.28893234151822156, 0.4284424813242351], "k_pid_alt": [0.9187208860140921, 0.3108709953736407, 0.9661005761699045], "k_pid_att": [63.29431174847782, 0.37721497433873513, 0.5579842109219889], "k_pid_yaw": [0.5, 1e-06, 0.1], "k_pid_hsp": [9.603462253302219, 0.29052318212859873, 0.840750017221544], "k_pid_vsp": [223.1371686105899, 123.70695159349151, 19.702934881238203]}, "datetime": {"datetime": "2025-08-20 15:58:10", "elapsed": 14744.968689918518, "delta": 24.918025016784668}, "costs": {"total_cost": 865.614566698622, "time_cost": 150, "final_distance_cost": 67.46738366897019, "oscillation_cost": 342.64365690052585, "completition_cost": 222.2222222222222, "overshoot_cost": 45.51763215689812, "power_cost": 21.454376025390626, "noise_cost": 16.309295724615026, "n_waypoints_completed": 7, "tot_waypoints": 9}}
{"target": -834.6540735473027, "params": {"k_pid_pos": [1.821442542350835, 0.7911476917448087, 0.6603006914134251], "k_pid_alt": [0.4195635544851646, 0.6456092220962468, 0.5565483308892871], "k_pid_att": [60.60570158748001, 7.341537421369491, 0.1063053139211304], "k_pid_yaw": [0.5, 1e-06, 0.1], "k_pid_hsp": [2.429324790070978, 0.0471437699574061, 0.010018534259154999], "k_pid_vsp": [72.41067896958167, 302.4045554738782, 241.9019154039738]}, "datetime": {"datetime": "2025-08-20 15:58:40", "elapsed": 14775.220264911652, "delta": 30.251574993133545}, "costs": {"total_cost": 834.6540735473027, "time_cost": 150, "final_distance_cost": 54.937969253084525, "oscillation_cost": 81.05778255813692, "completition_cost": 444.4444444444444, "overshoot_cost": 66.47321711964565, "power_cost": 19.159647631835938, "noise_cost": 18.581012540155413, "n_waypoints_completed": 5, "tot_waypoints": 9}}
{"target": -349.45970682853346, "params": {"k_pid_pos": [1.5078118235873514, 0.13914857325397223, 0.5863775514697833], "k_pid_alt": [1.5599571884659886, 0.7421995509214127, 0.4929448223311499], "k_pid_att": [54.525675641370896, 1.633199240379812, 0.36501646903851415], "k_pid_yaw": [0.5, 1e-06, 0.1], "k_pid_hsp": [7.707726205590615, 0.6753902195172985, 0.14304979245435934], "k_pid_vsp": [363.67831224388834, 215.57981024136157, 32.31177882817787]}, "datetime": {"datetime": "2025-08-20 15:59:01", "elapsed": 14795.55434012413, "delta": 20.334075212478638}, "costs": {"total_cost": 349.45970682853346, "time_cost": 78.128, "final_distance_cost": 1.7565519100353308, "oscillation_cost": 189.8026110604219, "completition_cost": 0.0, "overshoot_cost": 51.75019433551932, "power_cost": 15.680002172851562, "noise_cost": 12.342347349705342, "n_waypoints_completed": 9, "tot_waypoints": 9}}
{"target": -859.674961007509, "params": {"k_pid_pos": [1.1122259940319257, 0.8329051947743499, 0.773713311204403], "k_pid_alt": [0.8407274826500188, 0.8597366721044536, 0.3739819216688903], "k_pid_att": [47.477690230818595, 5.395291484274641, 0.28758255739818683], "k_pid_yaw": [0.5, 1e-06, 0.1], "k_pid_hsp": [1.5580752305536079, 0.41918412074008116, 0.8939599978026043], "k_pid_vsp": [89.00178863215338, 389.99282475785037, 46.93810206923245]}, "datetime": {"datetime": "2025-08-20 15:59:25", "elapsed": 14820.238164424896, "delta": 24.68382430076599}, "costs": {"total_cost": 859.674961007509, "time_cost": 150, "final_distance_cost": 68.89168029490561, "oscillation_cost": 206.6968811258314, "completition_cost": 333.33333333333337, "overshoot_cost": 62.61164228796009, "power_cost": 21.23417607421875, "noise_cost": 16.90724789125976, "n_waypoints_completed": 6, "tot_waypoints": 9}}
{"target": -1038.7218540979882, "params": {"k_pid_pos": [0.9011987594626841, 0.8239520355801079, 0.9706079930103549], "k_pid_alt": [1.023448131253754, 0.7972628389476074, 0.556926474742936], "k_pid_att": [88.42045763843458, 3.3524780519872133, 0.54644442045401], "k_pid_yaw": [0.5, 1e-06, 0.1], "k_pid_hsp": [7.742268191850527, 0.8987488596421992, 0.4581450651262515], "k_pid_vsp": [162.2725096445229, 16.19573440395465, 159.44444634209333]}, "datetime": {"datetime": "2025-08-20 15:59:50", "elapsed": 14845.008797645569, "delta": 24.770633220672607}, "costs": {"total_cost": 1038.7218540979882, "time_cost": 150, "final_distance_cost": 52.7013599852151, "oscillation_cost": 299.91466880349384, "completition_cost": 444.4444444444444, "overshoot_cost": 50.237233672310786, "power_cost": 23.209496447753907, "noise_cost": 18.214650744770022, "n_waypoints_completed": 5, "tot_waypoints": 9}}
{"target": -852.4887673247937, "params": {"k_pid_pos": [1.8419371502702766, 0.9237366732901293, 0.8255795338087168], "k_pid_alt": [0.6396633885723191, 0.09851445956039528, 0.22483472057358067], "k_pid_att": [90.48651808719434, 8.895175215268896, 0.06531443039164697], "k_pid_yaw": [0.5, 1e-06, 0.1], "k_pid_hsp": [3.579715574765392, 0.7528865022626149, 0.3631215359879022], "k_pid_vsp": [112.5019147788664, 134.33613362658522, 241.44521132364383]}, "datetime": {"datetime": "2025-08-20 16:00:14", "elapsed": 14868.791505813599, "delta": 23.782708168029785}, "costs": {"total_cost": 852.4887673247937, "time_cost": 150, "final_distance_cost": 57.55695140505384, "oscillation_cost": 207.18882720098165, "completition_cost": 333.33333333333337, "overshoot_cost": 65.2273606630031, "power_cost": 20.362440039062502, "noise_cost": 18.81985468335929, "n_waypoints_completed": 6, "tot_waypoints": 9}}
{"target": -1085.3193429197408, "params": {"k_pid_pos": [0.14047468912246713, 0.15217836960713427, 0.48132625922266226], "k_pid_alt": [0.6724515387606835, 0.4821057028898619, 0.1898087262947732], "k_pid_att": [60.36121148035522, 5.11951660160646, 0.5835523324089672], "k_pid_yaw": [0.5, 1e-06, 0.1], "k_pid_hsp": [0.8941730096799607, 0.8095045136949375, 0.3077715936305163], "k_pid_vsp": [67.69664734096645, 341.0082619714434, 19.074976087502662]}, "datetime": {"datetime": "2025-08-20 16:00:39", "elapsed": 14893.55913901329, "delta": 24.767633199691772}, "costs": {"total_cost": 1085.3193429197408, "time_cost": 150, "final_distance_cost": 43.65555198458119, "oscillation_cost": 239.063076402738, "completition_cost": 555.5555555555555, "overshoot_cost": 58.13380435953705, "power_cost": 21.5590158203125, "noise_cost": 17.352338797016753, "n_waypoints_completed": 4, "tot_waypoints": 9}}
{"target": -653.5080622077871, "params": {"k_pid_pos": [1.464053337771338, 0.733395750000857, 0.7902363945363787], "k_pid_alt": [1.68755778522769, 0.946011402851092, 0.5447160380047344], "k_pid_att": [69.88990119368744, 2.1958004186774516, 0.3042495978293387], "k_pid_yaw": [0.5, 1e-06, 0.1], "k_pid_hsp": [4.774244290777404, 0.4883938979554172, 0.4607785205557392], "k_pid_vsp": [248.28195342275617, 46.64615071060655, 118.72817600695886]}, "datetime": {"datetime": "2025-08-20 16:01:02", "elapsed": 14917.34368944168, "delta": 23.784550428390503}, "costs": {"total_cost": 653.5080622077871, "time_cost": 150, "final_distance_cost": 36.84078811333758, "oscillation_cost": 259.960452672775, "completition_cost": 111.11111111111116, "overshoot_cost": 55.854584439639474, "power_cost": 22.26584890136719, "noise_cost": 17.475276969556763, "n_waypoints_completed": 8, "tot_waypoints": 9}}
{"target": -764.5819733023145, "params": {"k_pid_pos": [1.5650867627094025, 0.7043376119381152, 0.23631575570262453], "k_pid_alt": [1.3081734570695278, 0.1930413691619005, 0.8367484617265172], "k_pid_att": [74.40656914212333, 4.273738918732783, 0.6565632896338692], "k_pid_yaw": [0.5, 1e-06, 0.1], "k_pid_hsp": [1.2358683782308608, 0.7335359766096202, 0.3392901573673164], "k_pid_vsp": [152.83506954392837, 202.2576568007203, 28.440581418174595]}, "datetime": {"datetime": "2025-08-20 16:01:27", "elapsed": 14942.038548231125, "delta": 24.69485878944397}, "costs": {"total_cost": 764.5819733023145, "time_cost": 150, "final_distance_cost": 70.0973451396099, "oscillation_cost": 113.64558215836429, "completition_cost": 333.33333333333337, "overshoot_cost": 59.15375021045396, "power_cost": 22.016702612304687, "noise_cost": 16.335259848248285, "n_waypoints_completed": 6, "tot_waypoints": 9}}
{"target": -1618.1602273009323, "params": {"k_pid_pos": [0.15726685981152386, 0.32212045848666604, 0.5574845469951043], "k_pid_alt": [0.8573173171686097, 0.7750080729204244, 0.42625518984231237], "k_pid_att": [62.43468113235048, 4.745113211597347, 0.583531033307168], "k_pid_yaw": [0.5, 1e-06, 0.1], "k_pid_hsp": [8.797373153341443, 0.2090041341597696, 0.6921605672140791], "k_pid_vsp": [309.9779712861548, 65.68510314603134, 322.1610133892027]}, "datetime": {"datetime": "2025-08-20 16:01:51", "elapsed": 14966.462936639786, "delta": 24.42438840866089}, "costs": {"total_cost": 1618.1602273009323, "time_cost": 150, "final_distance_cost": 48.946932029078305, "oscillation_cost": 357.46515087856034, "completition_cost": 1000.0, "overshoot_cost": 25.538342343163837, "power_cost": 20.092962170410157, "noise_cost": 16.116839879719745, "n_waypoints_completed": 0, "tot_waypoints": 9}}
{"target": -1171.9498608866563, "params": {"k_pid_pos": [0.40414589192610434, 0.9041470677834188, 0.989268301659406], "k_pid_alt": [1.9589888745967878, 0.15698038300625472, 0.3459058279555306], "k_pid_att": [31.85536011623078, 1.070852258128996, 0.2948879269551886], "k_pid_yaw": [0.5, 1e-06, 0.1], "k_pid_hsp": [2.8702362636167362, 0.6432108358015591, 0.8659617323348269], "k_pid_vsp": [234.77816088561258, 235.49685552372188, 318.054532435639]}, "datetime": {"datetime": "2025-08-20 16:02:15", "elapsed": 14990.114223957062, "delta": 23.651287317276}, "costs": {"total_cost": 1171.9498608866563, "time_cost": 150, "final_distance_cost": 59.04292613747241, "oscillation_cost": 192.6937537931078, "completition_cost": 666.6666666666667, "overshoot_cost": 67.5460060502843, "power_cost": 20.623709985351564, "noise_cost": 15.37679825377342, "n_waypoints_completed": 3, "tot_waypoints": 9}}
{"target": -1391.334198480107, "params": {"k_pid_pos": [0.1032951821170436, 0.20924786255021666, 0.7368500692676773], "k_pid_alt": [1.6660670923741752, 0.40737904843236417, 0.19590052701804073], "k_pid_att": [62.572561965004006, 9.965365822839184, 0.3599752680783007], "k_pid_yaw": [0.5, 1e-06, 0.1], "k_pid_hsp": [4.229754174561981, 0.8455932151553536, 0.3504015686270786], "k_pid_vsp": [222.42553574746643, 25.245527014774954, 142.84483602589688]}, "datetime": {"datetime": "2025-08-20 16:02:39", "elapsed": 15014.365504741669, "delta": 24.251280784606934}, "costs": {"total_cost": 1391.334198480107, "time_cost": 150, "final_distance_cost": 52.436428662639536, "oscillation_cost": 427.0762915266352, "completition_cost": 666.6666666666667, "overshoot_cost": 59.703397450860464, "power_cost": 19.866308886718752, "noise_cost": 15.58510528658618, "n_waypoints_completed": 3, "tot_waypoints": 9}}
{"target": -258.9043527121968, "params": {"k_pid_pos": [0.7470463457901284, 0.6523842261207154, 0.32610993063293325], "k_pid_alt": [1.7386445325772137, 0.3667329343762922, 0.48269357011521863], "k_pid_att": [10.224095570750713, 3.6033757820660655, 0.9946121887660945], "k_pid_yaw": [0.5, 1e-06, 0.1], "k_pid_hsp": [8.173122292075, 0.10821959457774477, 0.16756451609474843], "k_pid_vsp": [176.9102501096369, 348.1684227785698, 108.04770142796298]}, "datetime": {"datetime": "2025-08-20 16:03:00", "elapsed": 15034.867780685425, "delta": 20.502275943756104}, "costs": {"total_cost": 258.9043527121968, "time_cost": 84.21600000000001, "final_distance_cost": 1.7385723769139203, "oscillation_cost": 91.91374095356349, "completition_cost": 0.0, "overshoot_cost": 51.38869185240039, "power_cost": 16.69775069580078, "noise_cost": 12.94959683351819, "n_waypoints_completed": 9, "tot_waypoints": 9}}
