{"target": -2152.845650929669, "params": {"k_pid_pos": [0.7858910091077491, 0.6132161554643217, 0.021272690175127118], "k_pid_alt": [1.3134462157556028, 0.029914525565291283, 0.8978186288428434], "k_pid_att": [0.5896504384917622, 8.011038119222514, 0.5318493390707095], "k_pid_yaw": [0.5, 1e-06, 0.1], "k_pid_hsp": [5.121762570800269, 0.028912559299457796, 0.674249547512154], "k_pid_vsp": [363.2614132298677, 282.8880870862662, 110.73818683280028]}, "datetime": {"datetime": "2025-08-20 17:33:16", "elapsed": 20450.58022093773, "delta": 25.053860425949097}, "costs": {"total_cost": 2152.845650929669, "time_cost": 150, "final_distance_cost": 53.56681782936534, "oscillation_cost": 619.046298449841, "completition_cost": 1000.0, "overshoot_cost": 204.26352145806246, "power_cost": 35.248081481933596, "noise_cost": 90.72093171046653, "n_waypoints_completed": 0, "tot_waypoints": 9}}
{"target": -905.9639094265966, "params": {"k_pid_pos": [0.9726023846452176, 0.9138053005343749, 0.2519825894189205], "k_pid_alt": [1.3111085207706128, 0.9753625706719634, 0.43975714862712223], "k_pid_att": [8.968921869080615, 4.280619084564354, 0.6837764073369595], "k_pid_yaw": [0.5, 1e-06, 0.1], "k_pid_hsp": [8.158189483027234, 0.5394696036286791, 0.98076968131227], "k_pid_vsp": [162.56958548901466, 392.4125104070812, 153.95448763443068]}, "datetime": {"datetime": "2025-08-20 17:33:40", "elapsed": 20475.465131282806, "delta": 24.884910345077515}, "costs": {"total_cost": 905.9639094265966, "time_cost": 150, "final_distance_cost": 52.532592416491134, "oscillation_cost": 160.0692900257278, "completition_cost": 444.4444444444444, "overshoot_cost": 58.17808206032672, "power_cost": 23.120594470214844, "noise_cost": 17.61890600939173, "n_waypoints_completed": 5, "tot_waypoints": 9}}
{"target": -863.3727083700253, "params": {"k_pid_pos": [1.9793484373077088, 0.5118538760087208, 0.4130432362527783], "k_pid_alt": [0.521332596077777, 0.537179924254112, 0.8849772828811768], "k_pid_att": [58.09895814669811, 0.043922048246642836, 0.4538662104848925], "k_pid_yaw": [0.5, 1e-06, 0.1], "k_pid_hsp": [5.567199538530875, 0.21767216702236014, 0.8536895787248093], "k_pid_vsp": [290.69080742300855, 154.6401085877113, 250.53674154331478]}, "datetime": {"datetime": "2025-08-20 17:34:06", "elapsed": 20500.65293288231, "delta": 25.187801599502563}, "costs": {"total_cost": 863.3727083700253, "time_cost": 150, "final_distance_cost": 70.3970104152606, "oscillation_cost": 208.5304581211885, "completition_cost": 333.33333333333337, "overshoot_cost": 59.09622427540256, "power_cost": 23.837339111328127, "noise_cost": 18.178343113512188, "n_waypoints_completed": 6, "tot_waypoints": 9}}
{"target": -970.0097106470832, "params": {"k_pid_pos": [1.3947620686635587, 0.32283359931686084, 0.38913796785765775], "k_pid_alt": [0.04611774490886833, 0.5396340913480439, 0.0689442888173003], "k_pid_att": [42.845454695482466, 1.6284857823243848, 0.13502714668252402], "k_pid_yaw": [0.5, 1e-06, 0.1], "k_pid_hsp": [4.079428685480877, 0.7112793186287306, 0.6699287612683033], "k_pid_vsp": [60.78257416361574, 285.84887875976307, 124.24037241702517]}, "datetime": {"datetime": "2025-08-20 17:34:31", "elapsed": 20525.924275398254, "delta": 25.271342515945435}, "costs": {"total_cost": 970.0097106470832, "time_cost": 150, "final_distance_cost": 46.98777454966383, "oscillation_cost": 241.2463378543347, "completition_cost": 444.4444444444444, "overshoot_cost": 52.46403730153012, "power_cost": 19.850011535644533, "noise_cost": 15.017104961465765, "n_waypoints_completed": 5, "tot_waypoints": 9}}
{"target": -1266.3079990864553, "params": {"k_pid_pos": [0.22070019818139586, 0.5050378634873093, 0.9819850966748862], "k_pid_alt": [1.3409308934162045, 0.5016591354940128, 0.5870682599498045], "k_pid_att": [46.892866924795996, 3.182138475245471, 0.6774326853574503], "k_pid_yaw": [0.5, 1e-06, 0.1], "k_pid_hsp": [9.121679070315041, 0.7155134070508554, 0.6747320899312612], "k_pid_vsp": [252.24611579464923, 370.72452954901894, 263.987903239058]}, "datetime": {"datetime": "2025-08-20 17:34:59", "elapsed": 20553.588407039642, "delta": 27.66413164138794}, "costs": {"total_cost": 1266.3079990864553, "time_cost": 150, "final_distance_cost": 52.68825370425942, "oscillation_cost": 314.088119312894, "completition_cost": 666.6666666666667, "overshoot_cost": 45.10352735246779, "power_cost": 21.17831697998047, "noise_cost": 16.58311507018678, "n_waypoints_completed": 3, "tot_waypoints": 9}}
{"target": -1671.5899953145079, "params": {"k_pid_pos": [1.671129151361655, 0.7791631010030762, 0.6901228350234295], "k_pid_alt": [1.0006272261615847, 0.9978527374883275, 0.31861583356050016], "k_pid_att": [22.94795282822185, 3.240999980989965, 0.6231878430369192], "k_pid_yaw": [0.5, 1e-06, 0.1], "k_pid_hsp": [3.347380467091686, 0.7300431614546087, 0.6024817211018415], "k_pid_vsp": [213.65134318406206, 146.9494255202755, 391.77816079595755]}, "datetime": {"datetime": "2025-08-20 17:35:23", "elapsed": 20578.1524374485, "delta": 24.564030408859253}, "costs": {"total_cost": 1671.5899953145079, "time_cost": 150, "final_distance_cost": 1.2044189002486243, "oscillation_cost": 320.5921320553943, "completition_cost": 1000.0, "overshoot_cost": 132.02306783243483, "power_cost": 20.030650598144533, "noise_cost": 47.739725928285466, "n_waypoints_completed": 0, "tot_waypoints": 9}}
{"target": -895.6791679980657, "params": {"k_pid_pos": [0.4352355489129565, 0.2634395630227523, 0.4436884114544887], "k_pid_alt": [1.9697360507378407, 0.40367152441735543, 0.4156121796886103], "k_pid_att": [31.672465443372012, 0.06877822466896756, 0.28191956745111346], "k_pid_yaw": [0.5, 1e-06, 0.1], "k_pid_hsp": [9.538137535652012, 0.13401466803285356, 0.4216394983683369], "k_pid_vsp": [166.00704583651722, 134.7731024573316, 213.1188211390386]}, "datetime": {"datetime": "2025-08-20 17:35:48", "elapsed": 20603.367247104645, "delta": 25.21480965614319}, "costs": {"total_cost": 895.6791679980657, "time_cost": 150, "final_distance_cost": 76.24012589150792, "oscillation_cost": 355.3856505586956, "completition_cost": 222.2222222222222, "overshoot_cost": 54.015158535092944, "power_cost": 21.517674682617187, "noise_cost": 16.298336107929938, "n_waypoints_completed": 7, "tot_waypoints": 9}}
{"target": -1076.949293321675, "params": {"k_pid_pos": [0.45887891989179636, 0.08243180212885937, 0.7735888171193278], "k_pid_alt": [1.421726842416513, 0.10999973628068382, 0.21230964065813696], "k_pid_att": [54.12927665912791, 5.799005861478317, 0.40096978017881624], "k_pid_yaw": [0.5, 1e-06, 0.1], "k_pid_hsp": [8.151079535194722, 0.85005271630639, 0.5912098565096267], "k_pid_vsp": [82.4899117152262, 364.3004210569966, 375.81676564355695]}, "datetime": {"datetime": "2025-08-20 17:36:15", "elapsed": 20630.46472787857, "delta": 27.09748077392578}, "costs": {"total_cost": 1076.949293321675, "time_cost": 150, "final_distance_cost": 55.677368657296554, "oscillation_cost": 339.2748966896762, "completition_cost": 444.4444444444444, "overshoot_cost": 51.72648577463838, "power_cost": 19.647500988769533, "noise_cost": 16.178596766850053, "n_waypoints_completed": 5, "tot_waypoints": 9}}
{"target": -999.4207568088386, "params": {"k_pid_pos": [1.1993809012716083, 0.7614092242178953, 0.46849376627885475], "k_pid_alt": [1.4340604195698081, 0.9728615552903063, 0.8773236021006703], "k_pid_att": [72.18185523970857, 5.7288656952564745, 0.5655105004970727], "k_pid_yaw": [0.5, 1e-06, 0.1], "k_pid_hsp": [1.7529644306348398, 0.7771458351254895, 0.7980916170348343], "k_pid_vsp": [2.405839327574766, 361.7951743959052, 110.61503418479198]}, "datetime": {"datetime": "2025-08-20 17:36:40", "elapsed": 20655.134868860245, "delta": 24.670140981674194}, "costs": {"total_cost": 999.4207568088386, "time_cost": 150, "final_distance_cost": 46.742055113932494, "oscillation_cost": 152.96251502624847, "completition_cost": 555.5555555555555, "overshoot_cost": 55.49778197290521, "power_cost": 21.456316735839845, "noise_cost": 17.206532404357034, "n_waypoints_completed": 4, "tot_waypoints": 9}}
{"target": -448.62894597264494, "params": {"k_pid_pos": [0.6012030737618691, 0.7376262678195549, 0.1761885699679091], "k_pid_alt": [0.9747655519595959, 0.01802415628317977, 0.8951720016426805], "k_pid_att": [21.646029298974224, 5.123266958185403, 0.13191002844505295], "k_pid_yaw": [0.5, 1e-06, 0.1], "k_pid_hsp": [7.599160219736646, 0.694570691888065, 0.4686964021737311], "k_pid_vsp": [384.0163351342981, 252.19747496342256, 122.30589374802464]}, "datetime": {"datetime": "2025-08-20 17:37:05", "elapsed": 20679.910744190216, "delta": 24.775875329971313}, "costs": {"total_cost": 448.62894597264494, "time_cost": 98.016, "final_distance_cost": 1.7313772402291823, "oscillation_cost": 257.8822649805182, "completition_cost": 0.0, "overshoot_cost": 54.58316217501511, "power_cost": 20.901499450683595, "noise_cost": 15.51464212619887, "n_waypoints_completed": 9, "tot_waypoints": 9}}
{"target": -1566.1584558256034, "params": {"k_pid_pos": [1.1735376489467346, 0.2722417142691401, 0.7470821725175444], "k_pid_alt": [0.8340745116905721, 0.385557272024209, 0.4782518126497447], "k_pid_att": [1.1386464907070626, 2.9790476736285316, 0.4422265972595275], "k_pid_yaw": [0.5, 1e-06, 0.1], "k_pid_hsp": [2.7608774417064033, 0.4258121229200108, 0.4192255542854303], "k_pid_vsp": [292.93824074838477, 376.1010850699902, 287.89860458517774]}, "datetime": {"datetime": "2025-08-20 17:37:30", "elapsed": 20704.602174282074, "delta": 24.69143009185791}, "costs": {"total_cost": 1566.1584558256034, "time_cost": 150, "final_distance_cost": 40.00395723655188, "oscillation_cost": 296.70663908058754, "completition_cost": 1000.0, "overshoot_cost": 26.955072539444227, "power_cost": 31.433090173339846, "noise_cost": 21.05969679567988, "n_waypoints_completed": 0, "tot_waypoints": 9}}
{"target": -1474.31201037689, "params": {"k_pid_pos": [0.08179416018394191, 0.33085444988801793, 0.484211631364037], "k_pid_alt": [1.1535467480123467, 0.12286712107990816, 0.4053594709428219], "k_pid_att": [36.43884695841102, 0.13940743563150135, 0.3695096955262277], "k_pid_yaw": [0.5, 1e-06, 0.1], "k_pid_hsp": [1.8159242519862535, 0.19223576955336663, 0.031487269366842985], "k_pid_vsp": [190.03874566985587, 17.223642395778885, 266.7298375179323]}, "datetime": {"datetime": "2025-08-20 17:37:55", "elapsed": 20729.789739131927, "delta": 25.187564849853516}, "costs": {"total_cost": 1474.31201037689, "time_cost": 150, "final_distance_cost": 144.86731126106335, "oscillation_cost": 82.60743823063106, "completition_cost": 888.8888888888888, "overshoot_cost": 172.75027878304655, "power_cost": 18.88498596191406, "noise_cost": 16.313107251346167, "n_waypoints_completed": 1, "tot_waypoints": 9}}
{"target": -677.925460077764, "params": {"k_pid_pos": [0.3887959263608978, 0.918144817119867, 0.4590990852108561], "k_pid_alt": [1.017981440233644, 0.7518001058727501, 0.6186824055254421], "k_pid_att": [18.503410965976876, 6.555158363475699, 0.3902704188328727], "k_pid_yaw": [0.5, 1e-06, 0.1], "k_pid_hsp": [9.08158400119155, 0.7311904603782574, 0.07507854464779418], "k_pid_vsp": [222.128167760938, 259.6729117579748, 37.31290200781927]}, "datetime": {"datetime": "2025-08-20 17:38:22", "elapsed": 20756.704928398132, "delta": 26.915189266204834}, "costs": {"total_cost": 677.925460077764, "time_cost": 150, "final_distance_cost": 74.76246411775288, "oscillation_cost": 147.95203103090006, "completition_cost": 222.2222222222222, "overshoot_cost": 45.74048348876892, "power_cost": 21.598206005859375, "noise_cost": 15.65005321226047, "n_waypoints_completed": 7, "tot_waypoints": 9}}
{"target": -503.2579297159262, "params": {"k_pid_pos": [1.5047584552970166, 0.310983471064323, 0.859480491776939], "k_pid_alt": [0.1896842664759737, 0.5821037940979098, 0.6747644961549032], "k_pid_att": [60.85987758102158, 9.834512856798414, 0.4403506513001342], "k_pid_yaw": [0.5, 1e-06, 0.1], "k_pid_hsp": [9.071588073072471, 0.5479112542265091, 0.6276595374760657], "k_pid_vsp": [47.35575129755891, 121.79424174378867, 5.677114917451666]}, "datetime": {"datetime": "2025-08-20 17:38:50", "elapsed": 20784.72851037979, "delta": 28.023581981658936}, "costs": {"total_cost": 503.2579297159262, "time_cost": 99.872, "final_distance_cost": 1.7800858220554954, "oscillation_cost": 305.4108012364714, "completition_cost": 0.0, "overshoot_cost": 60.60174332139815, "power_cost": 19.576914025878907, "noise_cost": 16.016385310122228, "n_waypoints_completed": 9, "tot_waypoints": 9}}
{"target": -1503.8697349977645, "params": {"k_pid_pos": [0.18451365437898046, 0.5320476209971142, 0.18988161640430534], "k_pid_alt": [1.1297393776346476, 0.18300419929057654, 0.24283287254220254], "k_pid_att": [30.31526668049097, 7.122315374113303, 0.689234040120426], "k_pid_yaw": [0.5, 1e-06, 0.1], "k_pid_hsp": [4.47411266823463, 0.12473707929629907, 0.4804356457934085], "k_pid_vsp": [216.27462345965264, 75.71141482037824, 375.6094289860454]}, "datetime": {"datetime": "2025-08-20 17:39:15", "elapsed": 20809.818966388702, "delta": 25.090456008911133}, "costs": {"total_cost": 1503.8697349977645, "time_cost": 150, "final_distance_cost": 49.825968308023356, "oscillation_cost": 219.20104842668616, "completition_cost": 1000.0, "overshoot_cost": 45.5152865795977, "power_cost": 21.638157543945315, "noise_cost": 17.689274139512253, "n_waypoints_completed": 0, "tot_waypoints": 9}}
{"target": -1053.800177069857, "params": {"k_pid_pos": [0.8440643205827016, 0.7503547267837426, 0.2029203818717683], "k_pid_alt": [1.0116447790117402, 0.06181400603022913, 0.01648799831488723], "k_pid_att": [5.660240814437312, 9.004999171007876, 0.5593576572646372], "k_pid_yaw": [0.5, 1e-06, 0.1], "k_pid_hsp": [1.7066834791569252, 0.2327372639785421, 0.9334640947311065], "k_pid_vsp": [390.34659051917686, 105.86044891002858, 157.52440385304067]}, "datetime": {"datetime": "2025-08-20 17:39:40", "elapsed": 20834.783070087433, "delta": 24.96410369873047}, "costs": {"total_cost": 1053.800177069857, "time_cost": 150, "final_distance_cost": 54.38416733983342, "oscillation_cost": 181.75971114604008, "completition_cost": 555.5555555555555, "overshoot_cost": 75.09535071521522, "power_cost": 21.632165551757815, "noise_cost": 15.373226761454834, "n_waypoints_completed": 4, "tot_waypoints": 9}}
{"target": -1361.1550540269375, "params": {"k_pid_pos": [0.09910578707515179, 0.22033598233853657, 0.30834368978123183], "k_pid_alt": [1.8433563692899564, 0.12413924866072712, 0.4352022602830802], "k_pid_att": [24.733209355630905, 9.479888636281162, 0.5194480729402569], "k_pid_yaw": [0.5, 1e-06, 0.1], "k_pid_hsp": [7.61341333557409, 0.9846944617343962, 0.9822473213799697], "k_pid_vsp": [215.86125026882303, 87.76124812253765, 205.0969761157869]}, "datetime": {"datetime": "2025-08-20 17:40:05", "elapsed": 20860.254732608795, "delta": 25.471662521362305}, "costs": {"total_cost": 1361.1550540269375, "time_cost": 150, "final_distance_cost": 49.86638545452202, "oscillation_cost": 395.45750333482533, "completition_cost": 666.6666666666667, "overshoot_cost": 64.30276277066012, "power_cost": 19.681350427246095, "noise_cost": 15.180385373017064, "n_waypoints_completed": 3, "tot_waypoints": 9}}
{"target": -412.0093966490843, "params": {"k_pid_pos": [1.2141557417036395, 0.09281016030222633, 0.8917573323260042], "k_pid_alt": [1.6312717284712566, 0.6391306962557175, 0.7179854809960099], "k_pid_att": [29.29750312108681, 4.3753695593372885, 0.7855071966319592], "k_pid_yaw": [0.5, 1e-06, 0.1], "k_pid_hsp": [4.518106898007337, 0.22387112276246535, 0.7421298383717849], "k_pid_vsp": [331.78820463611265, 206.19619780910142, 32.56133482245444]}, "datetime": {"datetime": "2025-08-20 17:40:27", "elapsed": 20882.330370664597, "delta": 22.07563805580139}, "costs": {"total_cost": 412.0093966490843, "time_cost": 85.976, "final_distance_cost": 1.7846725996964756, "oscillation_cost": 239.3430029579087, "completition_cost": 0.0, "overshoot_cost": 52.92263707436896, "power_cost": 18.304071411132814, "noise_cost": 13.67901260597735, "n_waypoints_completed": 9, "tot_waypoints": 9}}
{"target": -569.5706282628258, "params": {"k_pid_pos": [1.863599338240039, 0.10750601313685226, 0.20804889207169386], "k_pid_alt": [0.2827186259294632, 0.37191305181458456, 0.1136829368471729], "k_pid_att": [48.28030742143288, 7.589357918443316, 0.9969681419539321], "k_pid_yaw": [0.5, 1e-06, 0.1], "k_pid_hsp": [8.3675686563484, 0.7251687323567256, 0.8448426926385436], "k_pid_vsp": [170.83831865471012, 245.71325800717895, 20.800737300403675]}, "datetime": {"datetime": "2025-08-20 17:40:55", "elapsed": 20909.65215086937, "delta": 27.32178020477295}, "costs": {"total_cost": 569.5706282628258, "time_cost": 150, "final_distance_cost": 18.101976015375598, "oscillation_cost": 194.24561838848769, "completition_cost": 111.11111111111116, "overshoot_cost": 58.43906121287766, "power_cost": 20.775490197753907, "noise_cost": 16.897371337219823, "n_waypoints_completed": 8, "tot_waypoints": 9}}
{"target": -815.014353896742, "params": {"k_pid_pos": [1.632196213699123, 0.06454102239714232, 0.18569685932579405], "k_pid_alt": [1.5957014561113083, 0.5124221914863514, 0.619454403901136], "k_pid_att": [2.864743447510809, 3.5380911030688895, 0.9942042021512919], "k_pid_yaw": [0.5, 1e-06, 0.1], "k_pid_hsp": [9.039181591532937, 0.30860679326200724, 0.045411683336721076], "k_pid_vsp": [72.65831792056035, 149.67649084122357, 128.98581919146932]}, "datetime": {"datetime": "2025-08-20 17:41:22", "elapsed": 20936.91973924637, "delta": 27.2675883769989}, "costs": {"total_cost": 815.014353896742, "time_cost": 150, "final_distance_cost": 63.082798410348744, "oscillation_cost": 175.20165586829623, "completition_cost": 333.33333333333337, "overshoot_cost": 56.43641164619945, "power_cost": 20.591890380859375, "noise_cost": 16.368264257704944, "n_waypoints_completed": 6, "tot_waypoints": 9}}
{"target": -1307.287427135364, "params": {"k_pid_pos": [1.6098376710937916, 0.18559896650477925, 0.41751487732014125], "k_pid_alt": [0.015476012829881869, 0.03313232261511845, 0.4833827648311444], "k_pid_att": [64.19014816677871, 1.0994146167579069, 0.34462728981453017], "k_pid_yaw": [0.5, 1e-06, 0.1], "k_pid_hsp": [7.373969496660688, 0.042220416003871386, 0.9842880271329949], "k_pid_vsp": [120.32440753192866, 259.8457246733112, 36.3367724332367]}, "datetime": {"datetime": "2025-08-20 17:41:47", "elapsed": 20962.180700540543, "delta": 25.260961294174194}, "costs": {"total_cost": 1307.287427135364, "time_cost": 150, "final_distance_cost": 57.029064291363156, "oscillation_cost": 330.1098165840944, "completition_cost": 666.6666666666667, "overshoot_cost": 65.14800671759346, "power_cost": 21.502611560058593, "noise_cost": 16.831261315587653, "n_waypoints_completed": 3, "tot_waypoints": 9}}
{"target": -1546.8270364185512, "params": {"k_pid_pos": [0.995935309377133, 0.4710520313724864, 0.8661062476528563], "k_pid_alt": [1.4575509545777356, 0.2740206382874395, 0.9537315001001444], "k_pid_att": [42.661351802241875, 9.271625461352386, 0.4409280163454512], "k_pid_yaw": [0.5, 1e-06, 0.1], "k_pid_hsp": [0.23493186683259448, 0.5974319030504313, 0.6786935505119375], "k_pid_vsp": [381.70304358320635, 127.97731691242846, 350.4594684295598]}, "datetime": {"datetime": "2025-08-20 17:42:12", "elapsed": 20987.410782575607, "delta": 25.230082035064697}, "costs": {"total_cost": 1546.8270364185512, "time_cost": 150, "final_distance_cost": 88.45665994239342, "oscillation_cost": 430.9928726395909, "completition_cost": 777.7777777777778, "overshoot_cost": 60.71578467519594, "power_cost": 22.091074951171876, "noise_cost": 16.79286643242123, "n_waypoints_completed": 2, "tot_waypoints": 9}}
{"target": -839.9455734458514, "params": {"k_pid_pos": [1.3146977442195216, 0.7978323185475841, 0.5416726408556229], "k_pid_alt": [1.2716126202107192, 0.17748920411701408, 0.31737769133040994], "k_pid_att": [49.701298298652866, 0.8755470986297842, 0.16024399287885427], "k_pid_yaw": [0.5, 1e-06, 0.1], "k_pid_hsp": [7.387175021124257, 0.5934412033123879, 0.9610894493288583], "k_pid_vsp": [156.35458128032263, 344.5875281841015, 14.272040190354607]}, "datetime": {"datetime": "2025-08-20 17:42:40", "elapsed": 21015.446187973022, "delta": 28.03540539741516}, "costs": {"total_cost": 839.9455734458514, "time_cost": 150, "final_distance_cost": 73.93865360299822, "oscillation_cost": 199.77226825931115, "completition_cost": 333.33333333333337, "overshoot_cost": 45.381090201961925, "power_cost": 21.32029100341797, "noise_cost": 16.199937044828733, "n_waypoints_completed": 6, "tot_waypoints": 9}}
{"target": -1643.2254906219187, "params": {"k_pid_pos": [0.0022431988617068344, 0.8026552483239505, 0.718144334430947], "k_pid_alt": [1.5609292874735579, 0.9636497459863289, 0.18224897010229746], "k_pid_att": [28.474124724730977, 1.933372083068048, 0.24644678299116352], "k_pid_yaw": [0.5, 1e-06, 0.1], "k_pid_hsp": [2.4612247281257207, 0.8625969531239313, 0.4989280427815965], "k_pid_vsp": [38.258549872650825, 234.31938442775774, 378.3549082671245]}, "datetime": {"datetime": "2025-08-20 17:43:06", "elapsed": 21040.54887652397, "delta": 25.102688550949097}, "costs": {"total_cost": 1643.2254906219187, "time_cost": 150, "final_distance_cost": 2.1955454183742757, "oscillation_cost": 280.59049634585085, "completition_cost": 1000.0, "overshoot_cost": 134.12195970887086, "power_cost": 22.83662469482422, "noise_cost": 53.48086445399845, "n_waypoints_completed": 0, "tot_waypoints": 9}}
