{"target": -872.7313226658271, "params": {"k_pid_pos": [0.6055528436204853, 0.7582062525081007, 0.25895954048048797], "k_pid_alt": [0.9818134393178182, 0.20622227014213512, 0.8713445593422449], "k_pid_att": [27.00146416899588, 2.2529059011687678, 0.5172719097552322], "k_pid_yaw": [0.5, 1e-06, 0.1], "k_pid_hsp": [8.271571451071937, 0.9886351953207875, 0.8380456902513941], "k_pid_vsp": [144.7582924882682, 19.175723129414735, 20.074994368833753]}, "datetime": {"datetime": "2025-08-20 23:41:11", "elapsed": 42525.521770238876, "delta": 46.83319330215454}, "costs": {"total_cost": 872.7313226658271, "time_cost": 150, "final_distance_cost": 65.50462854108278, "oscillation_cost": 245.6769523617534, "completition_cost": 333.33333333333337, "overshoot_cost": 41.94477625266798, "power_cost": 20.897869958496095, "noise_cost": 15.373762218493438, "n_waypoints_completed": 6, "tot_waypoints": 9}}
{"target": -374.53276138056185, "params": {"k_pid_pos": [1.6948275759087825, 0.6687854208400872, 0.14022766447995139], "k_pid_alt": [1.2929827811391963, 0.5817339416038231, 0.31324982842997334], "k_pid_att": [43.961885674487526, 4.572303833370599, 0.3929936207940857], "k_pid_yaw": [0.5, 1e-06, 0.1], "k_pid_hsp": [4.797863104657441, 0.2103424965417472, 0.578750384722204], "k_pid_vsp": [283.2327176801805, 71.94308711879958, 45.08085081144382]}, "datetime": {"datetime": "2025-08-20 23:41:51", "elapsed": 42566.307242155075, "delta": 40.78547191619873}, "costs": {"total_cost": 374.53276138056185, "time_cost": 92.264, "final_distance_cost": 1.729094586643501, "oscillation_cost": 186.752802581496, "completition_cost": 0.0, "overshoot_cost": 60.11960621416287, "power_cost": 18.432243286132813, "noise_cost": 15.235014712126686, "n_waypoints_completed": 9, "tot_waypoints": 9}}
{"target": -1062.8386211449522, "params": {"k_pid_pos": [0.31420503811495976, 0.4408781132580688, 0.24031073070956932], "k_pid_alt": [1.895985438120615, 0.0907739172815617, 0.09005323173112034], "k_pid_att": [48.20171085584922, 8.513083196061862, 0.30591003088258684], "k_pid_yaw": [0.5, 1e-06, 0.1], "k_pid_hsp": [5.669594680821796, 0.5732130813455831, 0.8993943261060833], "k_pid_vsp": [309.7434643052302, 169.94381447792586, 145.45891493974824]}, "datetime": {"datetime": "2025-08-20 23:42:25", "elapsed": 42599.857068777084, "delta": 33.54982662200928}, "costs": {"total_cost": 1062.8386211449522, "time_cost": 150, "final_distance_cost": 45.981394529029096, "oscillation_cost": 232.5620688041075, "completition_cost": 555.5555555555555, "overshoot_cost": 43.353449719142745, "power_cost": 20.06036737060547, "noise_cost": 15.325785166511855, "n_waypoints_completed": 4, "tot_waypoints": 9}}
{"target": -429.429938339264, "params": {"k_pid_pos": [1.7392998329400033, 0.13177689205130305, 0.8574891228681718], "k_pid_alt": [0.8042510109608312, 0.40632865558675846, 0.3680862128882715], "k_pid_att": [43.71508499426324, 4.964942090715689, 0.5468956953959618], "k_pid_yaw": [0.5, 1e-06, 0.1], "k_pid_hsp": [5.717344771494814, 0.9145496310221882, 0.9336471957866803], "k_pid_vsp": [398.35688580353127, 48.22023456678611, 183.85113267214257]}, "datetime": {"datetime": "2025-08-20 23:43:09", "elapsed": 42643.72708296776, "delta": 43.87001419067383}, "costs": {"total_cost": 429.429938339264, "time_cost": 97.432, "final_distance_cost": 1.7489196406695902, "oscillation_cost": 236.8222904170399, "completition_cost": 0.0, "overshoot_cost": 59.07516951180701, "power_cost": 19.304421496582034, "noise_cost": 15.047137273165422, "n_waypoints_completed": 9, "tot_waypoints": 9}}
{"target": -398.4310528390721, "params": {"k_pid_pos": [1.6153459540609436, 0.3818301023750971, 0.5995154747209445], "k_pid_alt": [1.1172146744580598, 0.037650168487277404, 0.462407833181895], "k_pid_att": [55.124413783889494, 3.3433126136418276, 0.41597244346052686], "k_pid_yaw": [0.5, 1e-06, 0.1], "k_pid_hsp": [7.267475045773467, 0.659042819136294, 0.37255815074255993], "k_pid_vsp": [331.9736436621103, 396.2704563399737, 312.14614867906073]}, "datetime": {"datetime": "2025-08-20 23:43:57", "elapsed": 42692.04831981659, "delta": 48.32123684883118}, "costs": {"total_cost": 398.4310528390721, "time_cost": 88.88, "final_distance_cost": 1.7254816889624804, "oscillation_cost": 219.05932924517285, "completition_cost": 0.0, "overshoot_cost": 56.12792479985859, "power_cost": 18.424833947753907, "noise_cost": 14.21348315732436, "n_waypoints_completed": 9, "tot_waypoints": 9}}
{"target": -831.5519466376072, "params": {"k_pid_pos": [0.22533207725511295, 0.24555405939625397, 0.5960059308028083], "k_pid_alt": [0.9618057645997942, 0.6375360605972659, 0.9692666146801064], "k_pid_att": [6.364969543681875, 6.4170518159107734, 0.5212479036757279], "k_pid_yaw": [0.5, 1e-06, 0.1], "k_pid_hsp": [0.29699230553488365, 0.5266619379546088, 0.07093081417411295], "k_pid_vsp": [268.2684086057229, 101.68377964442486, 44.20273986243935]}, "datetime": {"datetime": "2025-08-20 23:44:31", "elapsed": 42725.92317485809, "delta": 33.874855041503906}, "costs": {"total_cost": 831.5519466376072, "time_cost": 150, "final_distance_cost": 63.07001804480101, "oscillation_cost": 197.208205463193, "completition_cost": 333.33333333333337, "overshoot_cost": 49.83675976842421, "power_cost": 21.472881555175782, "noise_cost": 16.630748472679752, "n_waypoints_completed": 6, "tot_waypoints": 9}}
{"target": -1457.0909955750324, "params": {"k_pid_pos": [1.9919559330570178, 0.5425199679198773, 0.001905013481296125], "k_pid_alt": [1.725115832122694, 0.18760951996840192, 0.01537698835856871], "k_pid_att": [3.6380073685508663, 0.872703512929809, 0.9373935484590561], "k_pid_yaw": [0.5, 1e-06, 0.1], "k_pid_hsp": [0.30975585062898636, 0.9702073148751515, 0.49559280841560704], "k_pid_vsp": [31.358355716116073, 108.14322572909057, 228.26556423906368]}, "datetime": {"datetime": "2025-08-20 23:45:06", "elapsed": 42761.50170183182, "delta": 35.578526973724365}, "costs": {"total_cost": 1457.0909955750324, "time_cost": 150, "final_distance_cost": 16.910570979646593, "oscillation_cost": 50.61123619091741, "completition_cost": 1000.0, "overshoot_cost": 144.39125302034253, "power_cost": 22.893235095214845, "noise_cost": 72.28470028891117, "n_waypoints_completed": 0, "tot_waypoints": 9}}
{"target": -1517.0329848348913, "params": {"k_pid_pos": [1.6387306220526343, 0.6770257790907754, 0.4262290801265708], "k_pid_alt": [0.09680850539196317, 0.29163303157411513, 0.9479984111060311], "k_pid_att": [9.146188212339956, 4.050668605503365, 0.035679215778640194], "k_pid_yaw": [0.5, 1e-06, 0.1], "k_pid_hsp": [0.8545318797636887, 0.6687251238257481, 0.7281465213351984], "k_pid_vsp": [204.88828189303186, 299.77225109606854, 78.6290718095429]}, "datetime": {"datetime": "2025-08-20 23:46:00", "elapsed": 42814.88199496269, "delta": 53.380293130874634}, "costs": {"total_cost": 1517.0329848348913, "time_cost": 150, "final_distance_cost": 70.35638447181496, "oscillation_cost": 333.3758229320832, "completition_cost": 888.8888888888888, "overshoot_cost": 36.15156312300107, "power_cost": 22.41691912841797, "noise_cost": 15.843406290685202, "n_waypoints_completed": 1, "tot_waypoints": 9}}
{"target": -796.6664642308087, "params": {"k_pid_pos": [1.622773976437942, 0.9786415656450814, 0.7705980360414859], "k_pid_alt": [1.5289884569345489, 0.8719123828554988, 0.2283537369591755], "k_pid_att": [93.65274294057846, 1.8699032642732054, 0.19989540224753943], "k_pid_yaw": [0.5, 1e-06, 0.1], "k_pid_hsp": [4.764780938362471, 0.8073967141742581, 0.7846052442771905], "k_pid_vsp": [116.17742757881024, 281.3289910057806, 102.609472564368]}, "datetime": {"datetime": "2025-08-20 23:46:44", "elapsed": 42858.79760694504, "delta": 43.91561198234558}, "costs": {"total_cost": 796.6664642308087, "time_cost": 150, "final_distance_cost": 83.82024444045786, "oscillation_cost": 141.99756569118497, "completition_cost": 333.33333333333337, "overshoot_cost": 50.11087740767161, "power_cost": 21.67607930908203, "noise_cost": 15.728364049078834, "n_waypoints_completed": 6, "tot_waypoints": 9}}
{"target": -1211.0403579683934, "params": {"k_pid_pos": [1.9115417144201352, 0.5877154031574758, 0.7793516798599942], "k_pid_alt": [0.2351971472170804, 0.8378655242677127, 0.33574267951623216], "k_pid_att": [79.3203717033005, 8.844559248877992, 0.09628115872619691], "k_pid_yaw": [0.5, 1e-06, 0.1], "k_pid_hsp": [1.3649427165888999, 0.02136690729833668, 0.5720182689011251], "k_pid_vsp": [399.34900218233565, 138.68552955104016, 107.43393800778942]}, "datetime": {"datetime": "2025-08-20 23:47:17", "elapsed": 42892.286568403244, "delta": 33.48896145820618}, "costs": {"total_cost": 1211.0403579683934, "time_cost": 150, "final_distance_cost": 60.38508081602721, "oscillation_cost": 233.0379859365125, "completition_cost": 666.6666666666667, "overshoot_cost": 61.05545126457329, "power_cost": 22.394916235351563, "noise_cost": 17.500257049262288, "n_waypoints_completed": 3, "tot_waypoints": 9}}
{"target": -891.0984156523981, "params": {"k_pid_pos": [1.2995859275176227, 0.9727224449470169, 0.8977822731654744], "k_pid_alt": [0.9922339470500949, 0.9307722312259125, 0.22754409916539586], "k_pid_att": [28.21225358552758, 3.35339497819628, 0.8364873857260718], "k_pid_yaw": [0.5, 1e-06, 0.1], "k_pid_hsp": [6.347453547336644, 0.9290534096832701, 0.21911631081721605], "k_pid_vsp": [77.75588921592664, 261.15182897355254, 114.54379681255621]}, "datetime": {"datetime": "2025-08-20 23:47:50", "elapsed": 42925.011962890625, "delta": 32.72539448738098}, "costs": {"total_cost": 891.0984156523981, "time_cost": 150, "final_distance_cost": 67.57691825772343, "oscillation_cost": 255.96320028552367, "completition_cost": 333.33333333333337, "overshoot_cost": 50.601880880992105, "power_cost": 18.66283895263672, "noise_cost": 14.960243942188828, "n_waypoints_completed": 6, "tot_waypoints": 9}}
{"target": -210.15626887881595, "params": {"k_pid_pos": [1.133836922012041, 0.0, 0.0], "k_pid_alt": [1.1163404559550336, 0.0, 0.0], "k_pid_att": [9.764098787783487, 1.7796385815876061, 0.9703339555054031], "k_pid_yaw": [0.5, 1e-06, 0.1], "k_pid_hsp": [6.843399476008737, 0.0, 0.014609322530884357], "k_pid_vsp": [54.67395675445625, 226.5246905218528, 87.11676630451748]}, "datetime": {"datetime": "2025-08-20 23:48:27", "elapsed": 42962.3290348053, "delta": 37.31707191467285}, "costs": {"total_cost": 210.15626887881595, "time_cost": 71.57600000000001, "final_distance_cost": 1.8152736944083026, "oscillation_cost": 50.42910173883581, "completition_cost": 0.0, "overshoot_cost": 51.56466212473381, "power_cost": 20.234506481933593, "noise_cost": 14.536724838904403, "n_waypoints_completed": 9, "tot_waypoints": 9}}
{"target": -959.5287008378257, "params": {"k_pid_pos": [0.7874163776751452, 0.14517302964728274, 0.8873378532549921], "k_pid_alt": [1.0812431290935793, 0.20460630959275727, 0.30587096683413517], "k_pid_att": [39.59664513426722, 5.107522096040901, 0.4768765551027566], "k_pid_yaw": [0.5, 1e-06, 0.1], "k_pid_hsp": [1.2368374755567855, 0.06154406974651838, 0.13085329846991844], "k_pid_vsp": [280.0986250788002, 17.871526443827154, 298.467555889486]}, "datetime": {"datetime": "2025-08-20 23:49:00", "elapsed": 42995.38303017616, "delta": 33.05399537086487}, "costs": {"total_cost": 959.5287008378257, "time_cost": 150, "final_distance_cost": 76.88205011190593, "oscillation_cost": 311.92059784493506, "completition_cost": 333.33333333333337, "overshoot_cost": 54.73049208003535, "power_cost": 18.24083612060547, "noise_cost": 14.421391347010662, "n_waypoints_completed": 6, "tot_waypoints": 9}}
{"target": -682.6155852326, "params": {"k_pid_pos": [1.9771636263379593, 0.8174318697912564, 0.11605896792450399], "k_pid_alt": [1.5433418057307537, 0.3135324418436374, 0.9718676366800034], "k_pid_att": [86.71251292542472, 8.06927333228196, 0.008693723729327973], "k_pid_yaw": [0.5, 1e-06, 0.1], "k_pid_hsp": [7.955531864091285, 0.8613033175622978, 0.6364610379537762], "k_pid_vsp": [295.777680356541, 171.31284316155975, 35.080497905220106]}, "datetime": {"datetime": "2025-08-20 23:49:33", "elapsed": 43027.83165740967, "delta": 32.44862723350525}, "costs": {"total_cost": 682.6155852326, "time_cost": 150, "final_distance_cost": 64.59415782826616, "oscillation_cost": 149.67948974248702, "completition_cost": 222.2222222222222, "overshoot_cost": 60.13191521018715, "power_cost": 20.572027282714846, "noise_cost": 15.415772946722608, "n_waypoints_completed": 7, "tot_waypoints": 9}}
{"target": -590.0273696508707, "params": {"k_pid_pos": [2.0, 0.0, 0.8552118694880817], "k_pid_alt": [0.23702256554604537, 0.5694722450848415, 1.0], "k_pid_att": [15.137600026088377, 0.0001, 1.0], "k_pid_yaw": [0.5, 1e-06, 0.1], "k_pid_hsp": [10.0, 0.5865068559509129, 1.0], "k_pid_vsp": [4.606704983838732, 220.28226374540583, 34.24722971530279]}, "datetime": {"datetime": "2025-08-20 23:50:17", "elapsed": 43072.235857248306, "delta": 44.404199838638306}, "costs": {"total_cost": 590.0273696508707, "time_cost": 150, "final_distance_cost": 42.06697748799984, "oscillation_cost": 191.84323018661263, "completition_cost": 111.11111111111116, "overshoot_cost": 61.55523257660977, "power_cost": 19.27600623779297, "noise_cost": 14.174812050744299, "n_waypoints_completed": 8, "tot_waypoints": 9}}
{"target": -981.1722726316559, "params": {"k_pid_pos": [1.827699796819668, 0.7926717424965272, 0.29389079400825846], "k_pid_alt": [0.13238620219537123, 0.7057041572626395, 0.7966148715835237], "k_pid_att": [5.840507154778374, 8.330500167026393, 0.4825251897799846], "k_pid_yaw": [0.5, 1e-06, 0.1], "k_pid_hsp": [5.8424329832942075, 0.450195841632574, 0.7345602538862892], "k_pid_vsp": [172.22543628255434, 343.59357862663086, 111.33233647843838]}, "datetime": {"datetime": "2025-08-20 23:51:02", "elapsed": 43117.120346069336, "delta": 44.88448882102966}, "costs": {"total_cost": 981.1722726316559, "time_cost": 150, "final_distance_cost": 51.16677098332214, "oscillation_cost": 245.80268996788212, "completition_cost": 444.4444444444444, "overshoot_cost": 51.3288144626401, "power_cost": 21.505522082519533, "noise_cost": 16.924030690847548, "n_waypoints_completed": 5, "tot_waypoints": 9}}
{"target": -755.2265891926887, "params": {"k_pid_pos": [1.2217461558510059, 0.656055361009968, 0.4321446864551776], "k_pid_alt": [1.1348496213684043, 0.4394764437159996, 0.10948359666802426], "k_pid_att": [33.81504568609836, 3.6526878422894007, 0.6065117924028921], "k_pid_yaw": [0.5, 1e-06, 0.1], "k_pid_hsp": [4.761293291273764, 0.6016442666804225, 0.4805184291308235], "k_pid_vsp": [60.23260316583817, 346.5144168864087, 56.15197418572372]}, "datetime": {"datetime": "2025-08-20 23:51:51", "elapsed": 43166.08074450493, "delta": 48.96039843559265}, "costs": {"total_cost": 755.2265891926887, "time_cost": 150, "final_distance_cost": 65.82700675108113, "oscillation_cost": 230.9110588425014, "completition_cost": 222.2222222222222, "overshoot_cost": 48.25142103864599, "power_cost": 21.78559274902344, "noise_cost": 16.229287589214614, "n_waypoints_completed": 7, "tot_waypoints": 9}}
{"target": -1441.0376283428848, "params": {"k_pid_pos": [1.3124985298994944, 0.3428077422927196, 0.7545897430832589], "k_pid_alt": [0.9864698608757261, 0.6543227907182206, 0.006608449526326665], "k_pid_att": [40.8458955408733, 6.179173381479722, 0.292290126251194], "k_pid_yaw": [0.5, 1e-06, 0.1], "k_pid_hsp": [0.7059874044113025, 0.8873724504006195, 0.22165204039761355], "k_pid_vsp": [155.43927013091005, 173.83909638127656, 301.7875308939574]}, "datetime": {"datetime": "2025-08-20 23:52:23", "elapsed": 43198.37509727478, "delta": 32.294352769851685}, "costs": {"total_cost": 1441.0376283428848, "time_cost": 150, "final_distance_cost": 17.54571060485385, "oscillation_cost": 134.02748061000435, "completition_cost": 1000.0, "overshoot_cost": 100.57140524166832, "power_cost": 20.629914685058594, "noise_cost": 18.263117201299703, "n_waypoints_completed": 0, "tot_waypoints": 9}}
{"target": -335.9381859862147, "params": {"k_pid_pos": [1.5778104938168132, 0.5546627600491494, 0.5164562183434683], "k_pid_alt": [1.5613961635589635, 0.8033691875537781, 0.3627907957200862], "k_pid_att": [70.7399854205487, 4.790524820597865, 0.2236342967858207], "k_pid_yaw": [0.5, 1e-06, 0.1], "k_pid_hsp": [3.04370561523033, 0.4510625290388828, 0.07751597752680006], "k_pid_vsp": [280.800355347834, 17.666260255959507, 6.821826358635731]}, "datetime": {"datetime": "2025-08-20 23:52:55", "elapsed": 43229.84082484245, "delta": 31.46572756767273}, "costs": {"total_cost": 335.9381859862147, "time_cost": 92.456, "final_distance_cost": 1.7789910407631246, "oscillation_cost": 154.08330902821262, "completition_cost": 0.0, "overshoot_cost": 53.346393004400284, "power_cost": 18.1448853515625, "noise_cost": 16.128607561276194, "n_waypoints_completed": 9, "tot_waypoints": 9}}
{"target": -1373.8075733753305, "params": {"k_pid_pos": [0.9206906316608106, 0.0, 0.0], "k_pid_alt": [0.0, 0.0, 0.8840859860465735], "k_pid_att": [7.865868806403132, 0.0001, 0.0], "k_pid_yaw": [0.5, 1e-06, 0.1], "k_pid_hsp": [7.403918217774445, 0.34891764379904444, 0.0], "k_pid_vsp": [261.77066919957826, 277.00704343420455, 38.95870962358325]}, "datetime": {"datetime": "2025-08-20 23:53:48", "elapsed": 43282.93182182312, "delta": 53.090996980667114}, "costs": {"total_cost": 1373.8075733753305, "time_cost": 150, "final_distance_cost": 1.0000010889875703, "oscillation_cost": 29.22522607029188, "completition_cost": 1000.0, "overshoot_cost": 135.81840602713757, "power_cost": 8.434727087402344, "noise_cost": 49.32921310151108, "n_waypoints_completed": 0, "tot_waypoints": 9}}
{"target": -876.5818469198988, "params": {"k_pid_pos": [0.42188051192245374, 0.9003270866157653, 0.1216176332453015], "k_pid_alt": [1.8325455364112886, 0.9182130879460104, 0.8201164481198532], "k_pid_att": [55.48623990752927, 8.29118261610146, 0.5487303094016539], "k_pid_yaw": [0.5, 1e-06, 0.1], "k_pid_hsp": [7.390651251110976, 0.004170522956548739, 0.7997595112829027], "k_pid_vsp": [375.30145961241914, 368.32842254055055, 220.82641534521784]}, "datetime": {"datetime": "2025-08-20 23:54:22", "elapsed": 43317.04956769943, "delta": 34.117745876312256}, "costs": {"total_cost": 876.5818469198988, "time_cost": 150, "final_distance_cost": 41.19261265435668, "oscillation_cost": 145.37810661661186, "completition_cost": 444.4444444444444, "overshoot_cost": 56.388383772412766, "power_cost": 23.01909442138672, "noise_cost": 16.159205010686403, "n_waypoints_completed": 5, "tot_waypoints": 9}}
{"target": -409.8266701478408, "params": {"k_pid_pos": [1.4729009351002074, 0.4469166220903941, 0.7547460369379244], "k_pid_alt": [1.3939655071674044, 0.024351307522129117, 0.32065488063510156], "k_pid_att": [44.64428957492658, 2.019668219518083, 0.39524284495268736], "k_pid_yaw": [0.5, 1e-06, 0.1], "k_pid_hsp": [7.872265661287822, 0.700673735285405, 0.1470614910734439], "k_pid_vsp": [331.84390642279493, 393.9360480819788, 313.8399418438862]}, "datetime": {"datetime": "2025-08-20 23:55:05", "elapsed": 43360.41840028763, "delta": 43.3688325881958}, "costs": {"total_cost": 409.8266701478408, "time_cost": 85.304, "final_distance_cost": 1.8032078277991876, "oscillation_cost": 237.5254647197005, "completition_cost": 0.0, "overshoot_cost": 55.254187516532625, "power_cost": 16.483121838378906, "noise_cost": 13.456688245429593, "n_waypoints_completed": 9, "tot_waypoints": 9}}
{"target": -1205.820323101486, "params": {"k_pid_pos": [0.0001, 0.5442386409973744, 0.36117975291191307], "k_pid_alt": [2.0, 0.07559072718890635, 0.2274203988309103], "k_pid_att": [13.540126897050541, 0.0001, 1.0], "k_pid_yaw": [0.5, 1e-06, 0.1], "k_pid_hsp": [10.0, 0.0, 0.0], "k_pid_vsp": [180.30300362667842, 350.9674768624951, 105.6528170038152]}, "datetime": {"datetime": "2025-08-20 23:55:50", "elapsed": 43404.782796382904, "delta": 44.36439609527588}, "costs": {"total_cost": 1205.820323101486, "time_cost": 150, "final_distance_cost": 68.628849096209, "oscillation_cost": 37.95424860050094, "completition_cost": 888.8888888888888, "overshoot_cost": 29.406639409595865, "power_cost": 17.1778595703125, "noise_cost": 13.763837535979311, "n_waypoints_completed": 1, "tot_waypoints": 9}}
{"target": -604.2025119031496, "params": {"k_pid_pos": [1.39866913923224, 0.41031513464399494, 0.021689018529352788], "k_pid_alt": [1.7096298326334465, 0.7077739216221958, 0.4459562554462757], "k_pid_att": [29.547051565854687, 7.484423369362747, 0.5262693323588349], "k_pid_yaw": [0.5, 1e-06, 0.1], "k_pid_hsp": [4.4146584589658255, 0.7923358233540189, 0.8765640577498622], "k_pid_vsp": [310.06245889947854, 279.93746478305434, 224.22832330786554]}, "datetime": {"datetime": "2025-08-20 23:56:23", "elapsed": 43437.94095277786, "delta": 33.158156394958496}, "costs": {"total_cost": 604.2025119031496, "time_cost": 150, "final_distance_cost": 21.010351593165993, "oscillation_cost": 221.24973426078816, "completition_cost": 111.11111111111116, "overshoot_cost": 60.9633264510487, "power_cost": 22.49093796386719, "noise_cost": 17.377050523168418, "n_waypoints_completed": 8, "tot_waypoints": 9}}
{"target": -1403.4252239707612, "params": {"k_pid_pos": [1.1872668284091543, 0.18179768364348126, 0.7121249473771839], "k_pid_alt": [1.563538740255088, 0.05214296598699586, 0.7410082665154037], "k_pid_att": [93.923317074846, 9.076797086678875, 0.9327181792257926], "k_pid_yaw": [0.5, 1e-06, 0.1], "k_pid_hsp": [0.8453134715736802, 0.5324178765641275, 0.8803280107481118], "k_pid_vsp": [161.36486894869648, 197.21282051188092, 264.6506938430589]}, "datetime": {"datetime": "2025-08-20 23:56:57", "elapsed": 43471.72725009918, "delta": 33.78629732131958}, "costs": {"total_cost": 1403.4252239707612, "time_cost": 150, "final_distance_cost": 62.71170932935234, "oscillation_cost": 426.5749431199322, "completition_cost": 666.6666666666667, "overshoot_cost": 59.76186264580971, "power_cost": 21.099752062988284, "noise_cost": 16.61029014601195, "n_waypoints_completed": 3, "tot_waypoints": 9}}
