{"target": -1170.9897438843818, "params": {"k_pid_pos": [1.3144042706548094, 0.5280685343700467, 0.420066242680292], "k_pid_alt": [1.3762703266005119, 0.8030410085737276, 0.02284722866104061], "k_pid_att": [2.8692100687202515, 9.89803448946075, 0.8039494000483152], "k_pid_yaw": [0.5, 1e-06, 0.1], "k_pid_hsp": [7.673591553582393, 0.3840138601571962, 0.5905259252436803], "k_pid_vsp": [279.6694612782162, 67.46053760163522, 28.17658864316465]}, "datetime": {"datetime": "2025-08-20 16:32:27", "elapsed": 16802.447688102722, "delta": 23.747520923614502}, "costs": {"total_cost": 1170.9897438843818, "time_cost": 150, "final_distance_cost": 39.47266625980819, "oscillation_cost": 327.7558869790081, "completition_cost": 555.5555555555555, "overshoot_cost": 55.36849016202325, "power_cost": 24.66495859375, "noise_cost": 18.17218633423664, "n_waypoints_completed": 4, "tot_waypoints": 9}}
{"target": -1299.3719403013774, "params": {"k_pid_pos": [1.583093743530768, 0.5993940471026752, 0.988326686606865], "k_pid_alt": [0.6516025387358484, 0.039058612183273334, 0.06436277274427626], "k_pid_att": [71.48447167752295, 7.902339572338578, 0.3904942177469044], "k_pid_yaw": [0.5, 1e-06, 0.1], "k_pid_hsp": [5.27113233761791, 0.9090675940374618, 0.6236119732075404], "k_pid_vsp": [78.98816285435228, 33.912164480068704, 368.7542373509811]}, "datetime": {"datetime": "2025-08-20 16:32:51", "elapsed": 16825.91009926796, "delta": 23.462411165237427}, "costs": {"total_cost": 1299.3719403013774, "time_cost": 150, "final_distance_cost": 62.11740903761853, "oscillation_cost": 296.4548180041917, "completition_cost": 666.6666666666667, "overshoot_cost": 85.20957534961994, "power_cost": 21.62087900390625, "noise_cost": 17.30259223937428, "n_waypoints_completed": 3, "tot_waypoints": 9}}
{"target": -1155.6488661482624, "params": {"k_pid_pos": [1.1855433052887414, 0.9125501440706878, 0.29630311684998445], "k_pid_alt": [0.07024328626471066, 0.012224946841744244, 0.10619435212008133], "k_pid_att": [73.25508164643655, 7.165356090076918, 0.4626179373241973], "k_pid_yaw": [0.5, 1e-06, 0.1], "k_pid_hsp": [6.171863794037719, 0.21356601234677408, 0.11808902479918448], "k_pid_vsp": [272.29193622978784, 73.72740235851977, 12.788217815656134]}, "datetime": {"datetime": "2025-08-20 16:33:15", "elapsed": 16849.899718523026, "delta": 23.989619255065918}, "costs": {"total_cost": 1155.6488661482624, "time_cost": 150, "final_distance_cost": 53.54501041003658, "oscillation_cost": 199.53840829578294, "completition_cost": 666.6666666666667, "overshoot_cost": 46.91605981026938, "power_cost": 22.049533886718752, "noise_cost": 16.93318707878782, "n_waypoints_completed": 3, "tot_waypoints": 9}}
{"target": -389.0068457404614, "params": {"k_pid_pos": [1.0986920451946671, 0.4175064121947506, 0.3779230681184357], "k_pid_alt": [1.7475977717008233, 0.6339398099166577, 0.2733932862736398], "k_pid_att": [22.474338463462416, 2.386957470161626, 0.1244344487165091], "k_pid_yaw": [0.5, 1e-06, 0.1], "k_pid_hsp": [1.9488815968010227, 0.18243702388862182, 0.04968720080116229], "k_pid_vsp": [309.28761522090065, 117.8535920260121, 16.822648994006794]}, "datetime": {"datetime": "2025-08-20 16:33:38", "elapsed": 16872.733049869537, "delta": 22.83333134651184}, "costs": {"total_cost": 389.0068457404614, "time_cost": 88.88, "final_distance_cost": 1.7480203136644608, "oscillation_cost": 214.8244650018525, "completition_cost": 0.0, "overshoot_cost": 52.943140994085496, "power_cost": 17.30893631591797, "noise_cost": 13.30228311494103, "n_waypoints_completed": 9, "tot_waypoints": 9}}
{"target": -991.7925798588075, "params": {"k_pid_pos": [0.03579398252203107, 0.8936639492295915, 0.1254308240623685], "k_pid_alt": [1.7945442404793948, 0.5771637253687673, 0.6724397162888845], "k_pid_att": [22.86243191284214, 4.473564114603448, 0.5399535784559049], "k_pid_yaw": [0.5, 1e-06, 0.1], "k_pid_hsp": [2.215455484923155, 0.8586792597050052, 0.7673750534194503], "k_pid_vsp": [20.662506101617684, 48.72277245195975, 23.990186263090585]}, "datetime": {"datetime": "2025-08-20 16:34:03", "elapsed": 16897.614646434784, "delta": 24.881596565246582}, "costs": {"total_cost": 991.7925798588075, "time_cost": 150, "final_distance_cost": 33.723106828241804, "oscillation_cost": 150.6667073489457, "completition_cost": 555.5555555555555, "overshoot_cost": 68.46993290030203, "power_cost": 18.57906726074219, "noise_cost": 14.79820996502018, "n_waypoints_completed": 4, "tot_waypoints": 9}}
{"target": -1078.425480269476, "params": {"k_pid_pos": [1.3229700642095714, 0.6177373557929986, 0.5093732104212718], "k_pid_alt": [0.010066961312586775, 0.800901850170102, 0.22343616725518034], "k_pid_att": [78.5257454023803, 7.581359002832418, 0.3856269438078711], "k_pid_yaw": [0.5, 1e-06, 0.1], "k_pid_hsp": [5.486048603917251, 0.33551997558490176, 0.338934985964609], "k_pid_vsp": [107.48561462884068, 247.1429355731461, 313.7239777146668]}, "datetime": {"datetime": "2025-08-20 16:34:28", "elapsed": 16922.857424497604, "delta": 25.242778062820435}, "costs": {"total_cost": 1078.425480269476, "time_cost": 150, "final_distance_cost": 56.35019619445677, "oscillation_cost": 306.7800340951381, "completition_cost": 444.4444444444444, "overshoot_cost": 76.87502134148788, "power_cost": 22.52687869873047, "noise_cost": 21.44890549521857, "n_waypoints_completed": 5, "tot_waypoints": 9}}
{"target": -817.7634547206508, "params": {"k_pid_pos": [1.0648149103606657, 0.42003844896677056, 0.39585669679849633], "k_pid_alt": [1.0465454471042337, 0.3897803944772821, 0.712762379832818], "k_pid_att": [9.622588635302897, 1.0612149217327111, 0.8694813406610457], "k_pid_yaw": [0.5, 1e-06, 0.1], "k_pid_hsp": [7.519570162158273, 0.22230183435639694, 0.9775637732701337], "k_pid_vsp": [274.004552731049, 241.57822829960566, 323.69577115531655]}, "datetime": {"datetime": "2025-08-20 16:35:02", "elapsed": 16957.401319742203, "delta": 34.54389524459839}, "costs": {"total_cost": 817.7634547206508, "time_cost": 150, "final_distance_cost": 61.31156965110253, "oscillation_cost": 179.41572317239905, "completition_cost": 333.33333333333337, "overshoot_cost": 53.85070852130658, "power_cost": 23.289727258300783, "noise_cost": 16.562392784208384, "n_waypoints_completed": 6, "tot_waypoints": 9}}
{"target": -1285.964687707102, "params": {"k_pid_pos": [1.3627954795219752, 0.5290677629661849, 0.039046668600132395], "k_pid_alt": [0.7733785749917994, 0.5758709867964982, 0.16438398816398325], "k_pid_att": [41.84012654572508, 7.190848003535949, 0.005404671224306101], "k_pid_yaw": [0.5, 1e-06, 0.1], "k_pid_hsp": [7.302453695593026, 0.3545978608587075, 0.22332073472849112], "k_pid_vsp": [45.52802675486394, 340.8717626111371, 331.0807154284514]}, "datetime": {"datetime": "2025-08-20 16:35:27", "elapsed": 16981.695117473602, "delta": 24.293797731399536}, "costs": {"total_cost": 1285.964687707102, "time_cost": 150, "final_distance_cost": 58.30305303070181, "oscillation_cost": 294.64208519270915, "completition_cost": 666.6666666666667, "overshoot_cost": 75.35467534587586, "power_cost": 21.04409166259766, "noise_cost": 19.95411580855108, "n_waypoints_completed": 3, "tot_waypoints": 9}}
{"target": -418.90634822186314, "params": {"k_pid_pos": [1.3625271086659971, 0.42271738486462374, 0.8325650707192974], "k_pid_alt": [1.8595681321000992, 0.7801197665464565, 0.07085003264701417], "k_pid_att": [15.230291464453149, 1.9446131367938135, 0.39052727545983223], "k_pid_yaw": [0.5, 1e-06, 0.1], "k_pid_hsp": [6.96316989379112, 0.012205909015016836, 0.23410092090067636], "k_pid_vsp": [357.2328708932885, 370.9696191242431, 200.30252296747608]}, "datetime": {"datetime": "2025-08-20 16:35:49", "elapsed": 17003.931297779083, "delta": 22.236180305480957}, "costs": {"total_cost": 418.90634822186314, "time_cost": 92.84, "final_distance_cost": 1.7608984032309114, "oscillation_cost": 233.8108284008373, "completition_cost": 0.0, "overshoot_cost": 56.6777164450877, "power_cost": 19.50322039794922, "noise_cost": 14.313684574758001, "n_waypoints_completed": 9, "tot_waypoints": 9}}
{"target": -912.1777206863088, "params": {"k_pid_pos": [0.3108275672674478, 0.5644268393994697, 0.46585701259705503], "k_pid_alt": [1.3099939301832457, 0.1061083629924976, 0.8674755033895023], "k_pid_att": [8.892637605013821, 6.352194361672279, 0.22486967945959624], "k_pid_yaw": [0.5, 1e-06, 0.1], "k_pid_hsp": [2.5915797281824764, 0.46809079385771246, 0.20634746523577652], "k_pid_vsp": [92.2719273926468, 234.28251038019835, 13.767269768592163]}, "datetime": {"datetime": "2025-08-20 16:36:13", "elapsed": 17028.51407957077, "delta": 24.58278179168701}, "costs": {"total_cost": 912.1777206863088, "time_cost": 150, "final_distance_cost": 52.18836553677702, "oscillation_cost": 191.9682863250738, "completition_cost": 444.4444444444444, "overshoot_cost": 39.95929318851747, "power_cost": 19.29555518798828, "noise_cost": 14.321776003507871, "n_waypoints_completed": 5, "tot_waypoints": 9}}
{"target": -1237.7281775142949, "params": {"k_pid_pos": [1.3149692497853218, 0.4469264264761821, 0.06714740090593563], "k_pid_alt": [1.713090293781214, 0.8272570454797525, 0.1562547965825546], "k_pid_att": [22.18252122001897, 0.0008734115889546633, 0.42333444490537586], "k_pid_yaw": [0.5, 1e-06, 0.1], "k_pid_hsp": [3.7982262531925586, 0.17897429037889856, 0.9022705850138799], "k_pid_vsp": [35.54439021866314, 82.95284121899093, 80.87140053910566]}, "datetime": {"datetime": "2025-08-20 16:36:39", "elapsed": 17054.132177114487, "delta": 25.61809754371643}, "costs": {"total_cost": 1237.7281775142949, "time_cost": 150, "final_distance_cost": 60.48519128232951, "oscillation_cost": 250.38948799389442, "completition_cost": 666.6666666666667, "overshoot_cost": 76.23965854770154, "power_cost": 18.321180310058594, "noise_cost": 15.625992713644074, "n_waypoints_completed": 3, "tot_waypoints": 9}}
{"target": -537.1399444143714, "params": {"k_pid_pos": [1.4523027714300583, 0.6559664410592249, 0.017679179687995372], "k_pid_alt": [1.159620955849123, 0.45287087061968156, 0.9356644546184417], "k_pid_att": [60.77934673550111, 7.454277740491489, 0.7085240853033795], "k_pid_yaw": [0.5, 1e-06, 0.1], "k_pid_hsp": [8.873717576446648, 0.44621196770326843, 0.10078221371709217], "k_pid_vsp": [256.5681354439616, 234.4477686686339, 166.08558428145844]}, "datetime": {"datetime": "2025-08-20 16:37:04", "elapsed": 17079.053099155426, "delta": 24.92092204093933}, "costs": {"total_cost": 537.1399444143714, "time_cost": 150, "final_distance_cost": 37.538991783896286, "oscillation_cost": 143.66795656730486, "completition_cost": 111.11111111111116, "overshoot_cost": 57.900566137558585, "power_cost": 21.12227711181641, "noise_cost": 15.79904170268398, "n_waypoints_completed": 8, "tot_waypoints": 9}}
{"target": -1345.2791175913735, "params": {"k_pid_pos": [1.0061198878928754, 0.27798796500416967, 0.9727409420947117], "k_pid_alt": [0.23713124421191645, 0.6996283708107663, 0.31211650699910165], "k_pid_att": [85.27826998588272, 9.4715871351404, 0.6238858385813728], "k_pid_yaw": [0.5, 1e-06, 0.1], "k_pid_hsp": [4.118269218430883, 0.10058793519298681, 0.6396154527953405], "k_pid_vsp": [293.6840972411182, 369.2227133176627, 112.72564447416194]}, "datetime": {"datetime": "2025-08-20 16:37:28", "elapsed": 17102.80089211464, "delta": 23.747792959213257}, "costs": {"total_cost": 1345.2791175913735, "time_cost": 150, "final_distance_cost": 83.92046431524363, "oscillation_cost": 367.5944509684505, "completition_cost": 666.6666666666667, "overshoot_cost": 39.31433520189662, "power_cost": 21.715816992187502, "noise_cost": 16.067383446928428, "n_waypoints_completed": 3, "tot_waypoints": 9}}
{"target": -1402.2089009768745, "params": {"k_pid_pos": [1.102490820422617, 0.5993167711789293, 0.5350884747165416], "k_pid_alt": [1.9995946940229128, 0.7331195009603032, 0.5486851309975693], "k_pid_att": [9.70673868195261, 5.390664849459747, 0.4057595059995308], "k_pid_yaw": [0.5, 1e-06, 0.1], "k_pid_hsp": [4.898558060710657, 0.7817024171059376, 0.7842868842786278], "k_pid_vsp": [107.04083084647942, 264.6899077245016, 277.5490783241067]}, "datetime": {"datetime": "2025-08-20 16:37:52", "elapsed": 17126.81865310669, "delta": 24.01776099205017}, "costs": {"total_cost": 1402.2089009768745, "time_cost": 150, "final_distance_cost": 86.04503126245257, "oscillation_cost": 288.0099993410618, "completition_cost": 777.7777777777778, "overshoot_cost": 61.97019278036422, "power_cost": 20.119903063964845, "noise_cost": 18.28599675125349, "n_waypoints_completed": 2, "tot_waypoints": 9}}
{"target": -1369.6993818136912, "params": {"k_pid_pos": [1.842798200463138, 0.9778178492439655, 0.4818743852827412], "k_pid_alt": [0.13843185317379048, 0.32929874616218824, 0.4112143519659125], "k_pid_att": [60.99036930570324, 2.3112189212131793, 0.2037052216859463], "k_pid_yaw": [0.5, 1e-06, 0.1], "k_pid_hsp": [6.50863169774657, 0.2977723371301739, 0.6955166750738885], "k_pid_vsp": [159.96504967688372, 175.98764621923178, 362.9873308602862]}, "datetime": {"datetime": "2025-08-20 16:38:16", "elapsed": 17151.219864845276, "delta": 24.401211738586426}, "costs": {"total_cost": 1369.6993818136912, "time_cost": 150, "final_distance_cost": 87.98438793419588, "oscillation_cost": 245.06516390947436, "completition_cost": 777.7777777777778, "overshoot_cost": 60.49680482775777, "power_cost": 24.31978280029297, "noise_cost": 24.055464564192224, "n_waypoints_completed": 2, "tot_waypoints": 9}}
{"target": -402.7528612141066, "params": {"k_pid_pos": [1.1668416268125523, 0.6018233175450274, 0.2986709464782801], "k_pid_alt": [1.530868389339778, 0.7256631916025846, 0.2784969326371265], "k_pid_att": [38.23391096571594, 8.169662443503427, 0.2819664759799514], "k_pid_yaw": [0.5, 1e-06, 0.1], "k_pid_hsp": [7.167071890932973, 0.17972776590656658, 0.5447108438647235], "k_pid_vsp": [288.32080618446787, 72.36479701256006, 38.72247992668895]}, "datetime": {"datetime": "2025-08-20 16:38:38", "elapsed": 17173.27087330818, "delta": 22.051008462905884}, "costs": {"total_cost": 402.7528612141066, "time_cost": 90.848, "final_distance_cost": 1.7197334650047977, "oscillation_cost": 221.86860040625206, "completition_cost": 0.0, "overshoot_cost": 54.16017977990685, "power_cost": 18.838761157226564, "noise_cost": 15.317586405716337, "n_waypoints_completed": 9, "tot_waypoints": 9}}
{"target": -1166.939353945147, "params": {"k_pid_pos": [0.32891444938468145, 0.6026095945823546, 0.9445293155662521], "k_pid_alt": [0.5446111162540976, 0.7453594413451706, 0.7102887432854114], "k_pid_att": [35.733912242935, 8.8328771196781, 0.15864722717867408], "k_pid_yaw": [0.5, 1e-06, 0.1], "k_pid_hsp": [6.0065456678589095, 0.28721522274413114, 0.09537294574541966], "k_pid_vsp": [215.05695956500674, 342.7519346884806, 270.0306872637664]}, "datetime": {"datetime": "2025-08-20 16:39:04", "elapsed": 17199.05548262596, "delta": 25.78460931777954}, "costs": {"total_cost": 1166.939353945147, "time_cost": 150, "final_distance_cost": 54.13664489659197, "oscillation_cost": 316.52433868272647, "completition_cost": 555.5555555555555, "overshoot_cost": 56.45971372507023, "power_cost": 19.34351953125, "noise_cost": 14.919581553952925, "n_waypoints_completed": 4, "tot_waypoints": 9}}
{"target": -1267.044384278226, "params": {"k_pid_pos": [0.0042272358077443985, 0.4838145925694536, 0.36915595309237126], "k_pid_alt": [1.579324742402943, 0.24232872516229398, 0.2272463626667538], "k_pid_att": [49.35270043333164, 8.160402370431356, 0.22434113759151975], "k_pid_yaw": [0.5, 1e-06, 0.1], "k_pid_hsp": [4.563551027453721, 0.7527999635728642, 0.02362845104194422], "k_pid_vsp": [192.27925767739458, 374.2669841653019, 265.8312100404915]}, "datetime": {"datetime": "2025-08-20 16:39:28", "elapsed": 17222.906856775284, "delta": 23.85137414932251}, "costs": {"total_cost": 1267.044384278226, "time_cost": 150, "final_distance_cost": 64.33296097151481, "oscillation_cost": 99.57750587840734, "completition_cost": 888.8888888888888, "overshoot_cost": 32.439693742137806, "power_cost": 17.608559301757815, "noise_cost": 14.19677549551972, "n_waypoints_completed": 1, "tot_waypoints": 9}}
{"target": -1134.1953287828119, "params": {"k_pid_pos": [1.6752767955560484, 0.8372873889996266, 0.6382938442639331], "k_pid_alt": [0.17813640237211192, 0.5642449628961518, 0.31751376014027866], "k_pid_att": [74.12039114100352, 5.955588875198777, 0.6449468455215249], "k_pid_yaw": [0.5, 1e-06, 0.1], "k_pid_hsp": [2.3000144791947195, 0.18763578646899237, 0.5013482082767301], "k_pid_vsp": [341.0002466260517, 262.30605457035665, 133.2484580577087]}, "datetime": {"datetime": "2025-08-20 16:39:53", "elapsed": 17248.091376304626, "delta": 25.18451952934265}, "costs": {"total_cost": 1134.1953287828119, "time_cost": 150, "final_distance_cost": 58.48244533845564, "oscillation_cost": 161.73810390327608, "completition_cost": 666.6666666666667, "overshoot_cost": 61.95702197992825, "power_cost": 20.325319958496095, "noise_cost": 15.025770935989168, "n_waypoints_completed": 3, "tot_waypoints": 9}}
{"target": -767.9439308786823, "params": {"k_pid_pos": [0.7506899400439245, 0.10603742550876283, 0.3674049928243186], "k_pid_alt": [1.883554923440858, 0.6810827641838431, 0.42934118287930445], "k_pid_att": [96.28192536767351, 6.581420212535987, 0.08285340741925384], "k_pid_yaw": [0.5, 1e-06, 0.1], "k_pid_hsp": [9.362133396180193, 0.11091411038808197, 0.4811199269998525], "k_pid_vsp": [383.8548157806015, 294.6217149584985, 297.1613022233532]}, "datetime": {"datetime": "2025-08-20 16:40:19", "elapsed": 17274.076018095016, "delta": 25.984641790390015}, "costs": {"total_cost": 767.9439308786823, "time_cost": 150, "final_distance_cost": 59.00381715450017, "oscillation_cost": 359.86737809450136, "completition_cost": 111.11111111111116, "overshoot_cost": 52.335494531594286, "power_cost": 20.29591636962891, "noise_cost": 15.330213617346384, "n_waypoints_completed": 8, "tot_waypoints": 9}}
{"target": -777.9305345122782, "params": {"k_pid_pos": [0.8868435714029513, 0.7087006512630499, 0.7247218291716047], "k_pid_alt": [1.8969633920982354, 0.0708453828340675, 0.6830971076004352], "k_pid_att": [71.79820428337429, 9.05026309337989, 0.007850968173351736], "k_pid_yaw": [0.5, 1e-06, 0.1], "k_pid_hsp": [3.8614569543785295, 0.10774787326759183, 0.7849246227393051], "k_pid_vsp": [272.1103627908896, 327.41749494748177, 128.49529191545753]}, "datetime": {"datetime": "2025-08-20 16:40:43", "elapsed": 17298.36036014557, "delta": 24.284342050552368}, "costs": {"total_cost": 777.9305345122782, "time_cost": 150, "final_distance_cost": 60.44510635412358, "oscillation_cost": 244.72238125582763, "completition_cost": 222.2222222222222, "overshoot_cost": 60.14579360912269, "power_cost": 23.494695043945313, "noise_cost": 16.90033602703687, "n_waypoints_completed": 7, "tot_waypoints": 9}}
{"target": -807.6761996711767, "params": {"k_pid_pos": [0.37593342404735985, 0.18012964916173047, 0.08490996332651246], "k_pid_alt": [0.12720688068852337, 0.657016071874071, 0.4873990446337839], "k_pid_att": [27.02336819828095, 4.751975537064882, 0.9696635909321355], "k_pid_yaw": [0.5, 1e-06, 0.1], "k_pid_hsp": [4.920673424126235, 0.3925216148367996, 0.0840137087002728], "k_pid_vsp": [207.91440060955324, 101.03620822676224, 7.856230642966398]}, "datetime": {"datetime": "2025-08-20 16:41:08", "elapsed": 17322.811763048172, "delta": 24.45140290260315}, "costs": {"total_cost": 807.6761996711767, "time_cost": 150, "final_distance_cost": 57.555417634287636, "oscillation_cost": 72.48599402214172, "completition_cost": 444.4444444444444, "overshoot_cost": 51.192329887139465, "power_cost": 16.735459814453126, "noise_cost": 15.262553868710421, "n_waypoints_completed": 5, "tot_waypoints": 9}}
{"target": -607.9283288830023, "params": {"k_pid_pos": [0.5460546786190894, 0.0005689015402728925, 0.7125950370290203], "k_pid_alt": [1.3203104833907777, 0.018553734425539647, 0.9003569499672416], "k_pid_att": [68.58351475874971, 2.1773382054994777, 0.27154015524789554], "k_pid_yaw": [0.5, 1e-06, 0.1], "k_pid_hsp": [0.2471554600300518, 0.9232537701971054, 0.2689869532788758], "k_pid_vsp": [58.81230407452009, 151.47015746799926, 29.526025299995496]}, "datetime": {"datetime": "2025-08-20 16:41:32", "elapsed": 17346.546101093292, "delta": 23.73433804512024}, "costs": {"total_cost": 607.9283288830023, "time_cost": 150, "final_distance_cost": 10.954738344167067, "oscillation_cost": 240.07653413880655, "completition_cost": 111.11111111111116, "overshoot_cost": 59.69839770403719, "power_cost": 20.498971215820312, "noise_cost": 15.588576369059972, "n_waypoints_completed": 8, "tot_waypoints": 9}}
{"target": -1361.4837095575524, "params": {"k_pid_pos": [0.17213382022683058, 0.04916993315882923, 0.5198861214479011], "k_pid_alt": [0.8903376502426985, 0.9205476197263296, 0.9744318891282315], "k_pid_att": [53.041080595562406, 4.5876439605977914, 0.2081218437932041], "k_pid_yaw": [0.5, 1e-06, 0.1], "k_pid_hsp": [4.27789993480767, 0.19880379696433526, 0.5141806157247593], "k_pid_vsp": [227.24952528131982, 161.92260804962334, 304.8449585705377]}, "datetime": {"datetime": "2025-08-20 16:41:56", "elapsed": 17370.997406959534, "delta": 24.451305866241455}, "costs": {"total_cost": 1361.4837095575524, "time_cost": 150, "final_distance_cost": 52.27859723751583, "oscillation_cost": 388.70273589148826, "completition_cost": 666.6666666666667, "overshoot_cost": 65.52622002484591, "power_cost": 21.576854003906252, "noise_cost": 16.732635733129424, "n_waypoints_completed": 3, "tot_waypoints": 9}}
