{"target": -717.6288109493613, "params": {"k_pid_pos": [1.8813147062389421, 0.5591938713853554, 0.0], "k_pid_alt": [1.4379528478832362, 0.20398546006739557, 0.6222294444380166], "k_pid_att": [43.443082203039104, 10.0, 0.4824832155743569], "k_pid_yaw": [0.5, 1e-06, 0.1], "k_pid_hsp": [10.0, 0.23726862876452626, 0.8288851529747437], "k_pid_vsp": [189.58973225130177, 294.5084911081682, 137.19008157955147]}, "datetime": {"datetime": "2025-08-21 05:25:25", "elapsed": 63180.265993118286, "delta": 60.76785230636597}, "costs": {"total_cost": 717.6288109493613, "time_cost": 150, "final_distance_cost": 65.59442457522438, "oscillation_cost": 186.12252983171877, "completition_cost": 222.2222222222222, "overshoot_cost": 51.18818437034691, "power_cost": 25.088462500000002, "noise_cost": 17.412987449849094, "n_waypoints_completed": 7, "tot_waypoints": 9}}
{"target": -390.36131747821497, "params": {"k_pid_pos": [1.1989912776392702, 0.5275539613172807, 0.6881567275812547], "k_pid_alt": [1.8540877541318865, 0.6892985359408861, 0.1925631336742408], "k_pid_att": [17.27118289385997, 7.4871525610581555, 0.6952747992822944], "k_pid_yaw": [0.5, 1e-06, 0.1], "k_pid_hsp": [3.5946788700877366, 0.08645721591064376, 0.4964304145473562], "k_pid_vsp": [362.2546865073894, 333.7009992596393, 30.356118557163093]}, "datetime": {"datetime": "2025-08-21 05:26:10", "elapsed": 63225.36057782173, "delta": 45.094584703445435}, "costs": {"total_cost": 390.36131747821497, "time_cost": 92.928, "final_distance_cost": 1.7358951680630612, "oscillation_cost": 209.23037529222768, "completition_cost": 0.0, "overshoot_cost": 54.857127985417726, "power_cost": 18.07074990234375, "noise_cost": 13.539169130162735, "n_waypoints_completed": 9, "tot_waypoints": 9}}
{"target": -1367.8383483131531, "params": {"k_pid_pos": [0.03507207054223088, 0.8750494783539575, 0.007124001513517775], "k_pid_alt": [1.2431967232146586, 0.9204595307870106, 0.1443067670375392], "k_pid_att": [13.20708260156338, 1.7120084467011383, 0.4387295672025485], "k_pid_yaw": [0.5, 1e-06, 0.1], "k_pid_hsp": [4.051373197843921, 0.32694238346441984, 0.11969993551216063], "k_pid_vsp": [208.12497174676503, 224.11847104311806, 83.4789059370064]}, "datetime": {"datetime": "2025-08-21 05:26:57", "elapsed": 63271.876930475235, "delta": 46.51635265350342}, "costs": {"total_cost": 1367.8383483131531, "time_cost": 150, "final_distance_cost": 45.5137769659814, "oscillation_cost": 100.24397039854796, "completition_cost": 1000.0, "overshoot_cost": 32.726851771476625, "power_cost": 22.83132009277344, "noise_cost": 16.522429084373783, "n_waypoints_completed": 0, "tot_waypoints": 9}}
{"target": -943.0082948685969, "params": {"k_pid_pos": [1.6750015754312126, 0.43834882833023336, 0.7673976682303322], "k_pid_alt": [0.0794472290075785, 0.5940944625080793, 0.25606769169948973], "k_pid_att": [15.810253177341826, 5.804179002701951, 0.24382082668994065], "k_pid_yaw": [0.5, 1e-06, 0.1], "k_pid_hsp": [2.4671587338701246, 0.3368152271620456, 0.29611026572040355], "k_pid_vsp": [51.43852023877224, 225.18883518720472, 78.52734084048518]}, "datetime": {"datetime": "2025-08-21 05:27:46", "elapsed": 63320.95807361603, "delta": 49.08114314079285}, "costs": {"total_cost": 943.0082948685969, "time_cost": 150, "final_distance_cost": 60.08183124353273, "oscillation_cost": 308.9091921869914, "completition_cost": 333.33333333333337, "overshoot_cost": 55.75912084851648, "power_cost": 19.834632141113282, "noise_cost": 15.090185115109634, "n_waypoints_completed": 6, "tot_waypoints": 9}}
{"target": -418.232639285772, "params": {"k_pid_pos": [2.0, 0.10731639962622894, 0.8823847262069937], "k_pid_alt": [1.7361241189087433, 0.4890013204493366, 0.45630605793091505], "k_pid_att": [52.784212614579005, 10.0, 1.0], "k_pid_yaw": [0.5, 1e-06, 0.1], "k_pid_hsp": [9.495886181193502, 0.9183338693388359, 0.16634884054761634], "k_pid_vsp": [236.77642407789793, 77.80080252228856, 158.03165487648238]}, "datetime": {"datetime": "2025-08-21 05:28:37", "elapsed": 63371.85549545288, "delta": 50.89742183685303}, "costs": {"total_cost": 418.232639285772, "time_cost": 89.136, "final_distance_cost": 1.7811490884227639, "oscillation_cost": 233.93000104257956, "completition_cost": 0.0, "overshoot_cost": 57.65977562492041, "power_cost": 20.273848193359377, "noise_cost": 15.451865336489913, "n_waypoints_completed": 9, "tot_waypoints": 9}}
{"target": -1254.9029288260333, "params": {"k_pid_pos": [0.0001, 1.0, 0.0], "k_pid_alt": [2.0, 0.0, 1.0], "k_pid_att": [67.8632863333839, 0.0001, 1.0], "k_pid_yaw": [0.5, 1e-06, 0.1], "k_pid_hsp": [9.440202685433443, 0.0, 0.0], "k_pid_vsp": [251.46424704813535, 267.31029968124847, 268.8410195620893]}, "datetime": {"datetime": "2025-08-21 05:29:27", "elapsed": 63422.23327088356, "delta": 50.37777543067932}, "costs": {"total_cost": 1254.9029288260333, "time_cost": 150, "final_distance_cost": 60.39279380734598, "oscillation_cost": 74.03218320495671, "completition_cost": 888.8888888888888, "overshoot_cost": 44.363642317774314, "power_cost": 21.86596807861328, "noise_cost": 15.359452528454145, "n_waypoints_completed": 1, "tot_waypoints": 9}}
{"target": -765.507460234127, "params": {"k_pid_pos": [1.3742248927622, 0.9695714132906932, 0.011931340426207138], "k_pid_alt": [0.9930842765690493, 0.6700707475742184, 0.4040367520379635], "k_pid_att": [37.24339227490502, 0.9346507562321834, 0.9969144059271071], "k_pid_yaw": [0.5, 1e-06, 0.1], "k_pid_hsp": [6.292802933546671, 0.23838646767142346, 0.8799263110031298], "k_pid_vsp": [288.56097568629116, 66.27192679824817, 48.17054729584711]}, "datetime": {"datetime": "2025-08-21 05:30:13", "elapsed": 63468.41650938988, "delta": 46.18323850631714}, "costs": {"total_cost": 765.507460234127, "time_cost": 150, "final_distance_cost": 58.60921472627967, "oscillation_cost": 120.37097984494073, "completition_cost": 333.33333333333337, "overshoot_cost": 64.60090330010425, "power_cost": 21.61182977294922, "noise_cost": 16.981199256519737, "n_waypoints_completed": 6, "tot_waypoints": 9}}
{"target": -388.44064892497056, "params": {"k_pid_pos": [0.9497115126297513, 0.49854647347285314, 0.5820895971061887], "k_pid_alt": [1.485525148032185, 0.6752939087580669, 0.2935728148450348], "k_pid_att": [14.628192025155347, 8.338544490831566, 0.01989939846611752], "k_pid_yaw": [0.5, 1e-06, 0.1], "k_pid_hsp": [4.818241859240603, 0.6171614452468638, 0.026769269480567914], "k_pid_vsp": [321.8939345552425, 339.34955736090353, 8.925019891312655]}, "datetime": {"datetime": "2025-08-21 05:31:02", "elapsed": 63516.52849817276, "delta": 48.11198878288269}, "costs": {"total_cost": 388.44064892497056, "time_cost": 91.06400000000001, "final_distance_cost": 1.7808377401008129, "oscillation_cost": 211.76152150616088, "completition_cost": 0.0, "overshoot_cost": 53.69473635756583, "power_cost": 16.33146583251953, "noise_cost": 13.808087488623487, "n_waypoints_completed": 9, "tot_waypoints": 9}}
{"target": -587.7985534799024, "params": {"k_pid_pos": [0.32411344152378846, 0.32552915110431685, 0.0], "k_pid_alt": [2.0, 0.0, 0.9082839775618412], "k_pid_att": [42.511087563682835, 0.0001, 0.4501198086524436], "k_pid_yaw": [0.5, 1e-06, 0.1], "k_pid_hsp": [2.19602311211502, 1.0, 0.0], "k_pid_vsp": [393.32066967018966, 37.02087400993806, 184.56984178069033]}, "datetime": {"datetime": "2025-08-21 05:31:58", "elapsed": 63573.466822862625, "delta": 56.93832468986511}, "costs": {"total_cost": 587.7985534799024, "time_cost": 150, "final_distance_cost": 72.9920975876323, "oscillation_cost": 38.58413223750238, "completition_cost": 222.2222222222222, "overshoot_cost": 52.169694006519364, "power_cost": 31.17470927734375, "noise_cost": 20.65569814868224, "n_waypoints_completed": 7, "tot_waypoints": 9}}
{"target": -383.80053298719173, "params": {"k_pid_pos": [2.0, 0.0, 0.6347063213297585], "k_pid_alt": [2.0, 1.0, 0.0], "k_pid_att": [98.26522458332543, 0.0001, 1.0], "k_pid_yaw": [0.5, 1e-06, 0.1], "k_pid_hsp": [4.856287267696439, 1.0, 0.3725163898811506], "k_pid_vsp": [195.96221305970496, 382.1452172942404, 146.04100730979056]}, "datetime": {"datetime": "2025-08-21 05:32:48", "elapsed": 63623.361008644104, "delta": 49.89418578147888}, "costs": {"total_cost": 383.80053298719173, "time_cost": 91.768, "final_distance_cost": 1.7306091990509942, "oscillation_cost": 198.59918030221849, "completition_cost": 0.0, "overshoot_cost": 58.45947199845096, "power_cost": 18.808390844726564, "noise_cost": 14.434880642744776, "n_waypoints_completed": 9, "tot_waypoints": 9}}
{"target": -644.1281475253683, "params": {"k_pid_pos": [1.1916668606445604, 0.8486497802173495, 0.6324899897828887], "k_pid_alt": [0.06240771641326526, 0.4220041588512684, 0.08014283826971247], "k_pid_att": [20.052098928269892, 7.075751178172789, 0.8046270320020269], "k_pid_yaw": [0.5, 1e-06, 0.1], "k_pid_hsp": [3.71201594619933, 0.16628824711364987, 0.06078695781797738], "k_pid_vsp": [139.91644094048064, 11.185182884412075, 13.251521901311483]}, "datetime": {"datetime": "2025-08-21 05:33:58", "elapsed": 63693.261085271835, "delta": 69.90007662773132}, "costs": {"total_cost": 644.1281475253683, "time_cost": 150, "final_distance_cost": 80.16804883764381, "oscillation_cost": 98.49431038238292, "completition_cost": 222.2222222222222, "overshoot_cost": 52.67505546772345, "power_cost": 22.78539052734375, "noise_cost": 17.78312008805201, "n_waypoints_completed": 7, "tot_waypoints": 9}}
{"target": -503.11494548464964, "params": {"k_pid_pos": [1.6909015768652933, 0.8638902548843458, 0.7121339037136489], "k_pid_alt": [0.8835680213511283, 0.20342912113741682, 0.568417877922769], "k_pid_att": [3.4697732516490576, 6.55171742999948, 0.8093889148309495], "k_pid_yaw": [0.5, 1e-06, 0.1], "k_pid_hsp": [4.535056595385298, 0.49044289556461534, 0.09522519252869546], "k_pid_vsp": [170.07068308886085, 49.276191688776784, 78.82418528126026]}, "datetime": {"datetime": "2025-08-21 05:34:53", "elapsed": 63748.27371788025, "delta": 55.012632608413696}, "costs": {"total_cost": 503.11494548464964, "time_cost": 150, "final_distance_cost": 3.4187733398241877, "oscillation_cost": 138.678614576414, "completition_cost": 111.11111111111116, "overshoot_cost": 58.8711730117007, "power_cost": 24.07588104248047, "noise_cost": 16.959392403119118, "n_waypoints_completed": 8, "tot_waypoints": 9}}
{"target": -367.62881246151784, "params": {"k_pid_pos": [1.6727299484268268, 0.27489157178133117, 0.5179860088980568], "k_pid_alt": [1.305530836161941, 0.5769564498949715, 0.12582936491996732], "k_pid_att": [14.312700026651942, 1.5092703645434198, 0.10430346687886424], "k_pid_yaw": [0.5, 1e-06, 0.1], "k_pid_hsp": [6.303905092341303, 0.40494743116804804, 0.8268739922689797], "k_pid_vsp": [246.42608052816638, 194.99340638014164, 44.526454450680276]}, "datetime": {"datetime": "2025-08-21 05:35:29", "elapsed": 63784.2839410305, "delta": 36.010223150253296}, "costs": {"total_cost": 367.62881246151784, "time_cost": 81.24, "final_distance_cost": 1.7846581646337085, "oscillation_cost": 206.52545690564048, "completition_cost": 0.0, "overshoot_cost": 52.71339588416332, "power_cost": 14.212356762695313, "noise_cost": 11.152944744385008, "n_waypoints_completed": 9, "tot_waypoints": 9}}
{"target": -700.0710347955065, "params": {"k_pid_pos": [0.3916262163901445, 1.0, 0.6004857944968817], "k_pid_alt": [2.0, 0.3860036624655166, 0.8044690296822586], "k_pid_att": [35.41790555170063, 5.020567291850349, 0.40152099123587287], "k_pid_yaw": [0.5, 1e-06, 0.1], "k_pid_hsp": [7.55851603656537, 1.0, 0.0], "k_pid_vsp": [290.6999135312099, 72.3495300339038, 44.521985281882706]}, "datetime": {"datetime": "2025-08-21 05:36:22", "elapsed": 63836.70165848732, "delta": 52.41771745681763}, "costs": {"total_cost": 700.0710347955065, "time_cost": 150, "final_distance_cost": 68.27843979237576, "oscillation_cost": 73.30685269532938, "completition_cost": 333.33333333333337, "overshoot_cost": 42.32683211360505, "power_cost": 18.756690686035157, "noise_cost": 14.068886174827796, "n_waypoints_completed": 6, "tot_waypoints": 9}}
{"target": -1540.865966671337, "params": {"k_pid_pos": [0.08516955894156944, 0.17775662762507927, 0.7295527686532033], "k_pid_alt": [0.2490922152879087, 0.18557034186423016, 0.4592597064727608], "k_pid_att": [60.980183104987454, 6.254922080192563, 0.3351929963101744], "k_pid_yaw": [0.5, 1e-06, 0.1], "k_pid_hsp": [7.284905748735171, 0.528603359028749, 0.8553324469827758], "k_pid_vsp": [132.13649152174884, 168.18271077562576, 165.98592067137287]}, "datetime": {"datetime": "2025-08-21 05:37:04", "elapsed": 63878.69389629364, "delta": 41.99223780632019}, "costs": {"total_cost": 1540.865966671337, "time_cost": 150, "final_distance_cost": 81.91746329019914, "oscillation_cost": 438.15890296703896, "completition_cost": 777.7777777777778, "overshoot_cost": 56.74185788787665, "power_cost": 20.360557666015627, "noise_cost": 15.909407082428721, "n_waypoints_completed": 2, "tot_waypoints": 9}}
{"target": -927.065331167174, "params": {"k_pid_pos": [2.0, 0.0, 1.0], "k_pid_alt": [0.1626635587774487, 0.0, 0.06438108950790432], "k_pid_att": [67.23901616967436, 4.282289508950988, 0.6540596649542644], "k_pid_yaw": [0.5, 1e-06, 0.1], "k_pid_hsp": [7.5417940140052835, 1.0, 1.0], "k_pid_vsp": [250.5860079833822, 262.5929183260661, 267.07540801636]}, "datetime": {"datetime": "2025-08-21 05:37:55", "elapsed": 63930.34690093994, "delta": 51.65300464630127}, "costs": {"total_cost": 927.065331167174, "time_cost": 150, "final_distance_cost": 60.065631712045366, "oscillation_cost": 299.8432691519133, "completition_cost": 333.33333333333337, "overshoot_cost": 46.459946503181925, "power_cost": 21.33426160888672, "noise_cost": 16.02888885781339, "n_waypoints_completed": 6, "tot_waypoints": 9}}
{"target": -384.47773534293344, "params": {"k_pid_pos": [0.8726684480485852, 0.14311961256322797, 0.10021389675434528], "k_pid_alt": [0.9739767066723053, 0.2322246646814918, 0.28773484286788814], "k_pid_att": [16.153088275653705, 3.5245732699471493, 0.37859874469188776], "k_pid_yaw": [0.5, 1e-06, 0.1], "k_pid_hsp": [5.004877985557221, 0.6328238039225714, 0.4259124720962927], "k_pid_vsp": [245.47515860053002, 377.942203275882, 164.45904442092908]}, "datetime": {"datetime": "2025-08-21 05:38:42", "elapsed": 63976.63085627556, "delta": 46.283955335617065}, "costs": {"total_cost": 384.47773534293344, "time_cost": 85.928, "final_distance_cost": 1.7412434169238902, "oscillation_cost": 217.54108185488627, "completition_cost": 0.0, "overshoot_cost": 52.00476722938303, "power_cost": 15.539611926269531, "noise_cost": 11.723030915470675, "n_waypoints_completed": 9, "tot_waypoints": 9}}
{"target": -696.1839621440688, "params": {"k_pid_pos": [0.7989508423459327, 0.9740479514638345, 0.4913119142346791], "k_pid_alt": [0.7162785989928813, 0.17839565318093642, 0.2482992056438621], "k_pid_att": [36.50536768572707, 3.0723507505021583, 0.6470290137984838], "k_pid_yaw": [0.5, 1e-06, 0.1], "k_pid_hsp": [2.820768047235085, 0.5437857847749836, 0.18251380490975933], "k_pid_vsp": [287.0233413822224, 266.0679205214256, 137.72201359407802]}, "datetime": {"datetime": "2025-08-21 05:39:42", "elapsed": 64036.734696149826, "delta": 60.10383987426758}, "costs": {"total_cost": 696.1839621440688, "time_cost": 150, "final_distance_cost": 65.66861613097124, "oscillation_cost": 176.12548780695653, "completition_cost": 222.2222222222222, "overshoot_cost": 45.677421987716805, "power_cost": 21.047899157714845, "noise_cost": 15.442314838487166, "n_waypoints_completed": 7, "tot_waypoints": 9}}
{"target": -1231.5026328975152, "params": {"k_pid_pos": [0.07534153969756764, 0.09729324633469227, 0.6797354537174443], "k_pid_alt": [0.7030858335716785, 0.8245826843413396, 0.7540269056114779], "k_pid_att": [6.587719707789386, 6.025759132663527, 0.07243426871222591], "k_pid_yaw": [0.5, 1e-06, 0.1], "k_pid_hsp": [0.5986623643168492, 0.674875146311383, 0.14684516355284727], "k_pid_vsp": [201.72122702939618, 223.63398617237297, 76.75447538776267]}, "datetime": {"datetime": "2025-08-21 05:40:37", "elapsed": 64092.36199307442, "delta": 55.627296924591064}, "costs": {"total_cost": 1231.5026328975152, "time_cost": 150, "final_distance_cost": 64.51813948902249, "oscillation_cost": 256.1955209143731, "completition_cost": 666.6666666666667, "overshoot_cost": 66.83632169117139, "power_cost": 15.524667993164064, "noise_cost": 11.761316143117432, "n_waypoints_completed": 3, "tot_waypoints": 9}}
{"target": -681.3105208443287, "params": {"k_pid_pos": [1.733353853993606, 0.9468793664043045, 0.44397222496737054], "k_pid_alt": [1.514298139474352, 0.7923532447405484, 0.10265373849335468], "k_pid_att": [31.245087873212498, 8.899245674772708, 0.994799166268049], "k_pid_yaw": [0.5, 1e-06, 0.1], "k_pid_hsp": [5.462528364853643, 0.7456702769658392, 0.5510176227567282], "k_pid_vsp": [123.60322868970255, 150.4664996618053, 5.592618886307476]}, "datetime": {"datetime": "2025-08-21 05:41:25", "elapsed": 64139.77333188057, "delta": 47.411338806152344}, "costs": {"total_cost": 681.3105208443287, "time_cost": 150, "final_distance_cost": 64.97597417291911, "oscillation_cost": 152.68187562564336, "completition_cost": 222.2222222222222, "overshoot_cost": 52.31030333230773, "power_cost": 21.248102307128907, "noise_cost": 17.872043184107522, "n_waypoints_completed": 7, "tot_waypoints": 9}}
{"target": -225.46379589400047, "params": {"k_pid_pos": [2.0, 0.0, 1.0], "k_pid_alt": [0.37789079449813856, 0.002242067132239701, 0.0], "k_pid_att": [14.111729061221874, 10.0, 0.47720645760534885], "k_pid_yaw": [0.5, 1e-06, 0.1], "k_pid_hsp": [5.819438906413602, 1.0, 0.0], "k_pid_vsp": [21.447622221585554, 311.8389876942186, 31.49225441951233]}, "datetime": {"datetime": "2025-08-21 05:42:11", "elapsed": 64186.40290045738, "delta": 46.629568576812744}, "costs": {"total_cost": 225.46379589400047, "time_cost": 82.4, "final_distance_cost": 1.8568820963369719, "oscillation_cost": 67.82205944136159, "completition_cost": 0.0, "overshoot_cost": 50.294539093200555, "power_cost": 12.26022860107422, "noise_cost": 10.830086662027139, "n_waypoints_completed": 9, "tot_waypoints": 9}}
{"target": -351.7467436615146, "params": {"k_pid_pos": [1.5657932592585624, 0.47378644146079296, 0.45278112072291904], "k_pid_alt": [1.3195217947031912, 0.7425482433966506, 0.43879439136786125], "k_pid_att": [75.23340471885045, 5.218559850325323, 0.188133488541294], "k_pid_yaw": [0.5, 1e-06, 0.1], "k_pid_hsp": [3.523788488145751, 0.414967023154297, 0.07392245024173172], "k_pid_vsp": [281.8096203468101, 18.82529306527624, 8.827849075683305]}, "datetime": {"datetime": "2025-08-21 05:43:01", "elapsed": 64236.19693899155, "delta": 49.79403853416443}, "costs": {"total_cost": 351.7467436615146, "time_cost": 95.584, "final_distance_cost": 1.7729160576708292, "oscillation_cost": 163.15827488882252, "completition_cost": 0.0, "overshoot_cost": 54.86323828492807, "power_cost": 19.381335998535157, "noise_cost": 16.986978431557972, "n_waypoints_completed": 9, "tot_waypoints": 9}}
{"target": -367.6958178671389, "params": {"k_pid_pos": [1.71559001893322, 0.4138485075884826, 0.7987034089355987], "k_pid_alt": [1.6352027962831446, 0.018050952923778008, 0.15329840511449544], "k_pid_att": [37.55666526682548, 9.506599907682745, 0.339851062255228], "k_pid_yaw": [0.5, 1e-06, 0.1], "k_pid_hsp": [8.983103043128208, 0.0413850949732989, 0.2681214389307254], "k_pid_vsp": [310.34329677641523, 42.56598700190426, 67.3089680379663]}, "datetime": {"datetime": "2025-08-21 05:43:43", "elapsed": 64277.82019996643, "delta": 41.62326097488403}, "costs": {"total_cost": 367.6958178671389, "time_cost": 77.34400000000001, "final_distance_cost": 1.7845196583621532, "oscillation_cost": 204.71535618079832, "completition_cost": 0.0, "overshoot_cost": 52.72365574191452, "power_cost": 17.373220349121095, "noise_cost": 13.75506593694278, "n_waypoints_completed": 9, "tot_waypoints": 9}}
{"target": -696.653844539486, "params": {"k_pid_pos": [1.9284442318420938, 0.9195523870171458, 0.8478829506905444], "k_pid_alt": [1.8355427062659069, 0.4853637471830283, 0.30793187751208917], "k_pid_att": [57.591455725317346, 3.503417895972406, 0.31889532702393786], "k_pid_yaw": [0.5, 1e-06, 0.1], "k_pid_hsp": [3.8929711113838765, 0.052701080744354534, 0.8482483809287668], "k_pid_vsp": [276.4105186285341, 193.95311860954112, 160.17696577049992]}, "datetime": {"datetime": "2025-08-21 05:44:26", "elapsed": 64321.04672122002, "delta": 43.226521253585815}, "costs": {"total_cost": 696.653844539486, "time_cost": 150, "final_distance_cost": 65.61332499379353, "oscillation_cost": 163.35689789851554, "completition_cost": 222.2222222222222, "overshoot_cost": 58.46125535395054, "power_cost": 21.46892341308594, "noise_cost": 15.531220657918428, "n_waypoints_completed": 7, "tot_waypoints": 9}}
{"target": -1252.9502076661531, "params": {"k_pid_pos": [0.7037743209707235, 0.0, 0.7231173045277933], "k_pid_alt": [0.5740666971650125, 0.9643520281214215, 0.7794532502269917], "k_pid_att": [96.84343522003445, 10.0, 0.41004153282189165], "k_pid_yaw": [0.5, 1e-06, 0.1], "k_pid_hsp": [0.0001, 0.4397560487642094, 0.0], "k_pid_vsp": [142.42499887596, 239.00290307527894, 48.35878821902885]}, "datetime": {"datetime": "2025-08-21 05:45:14", "elapsed": 64368.93249511719, "delta": 47.88577389717102}, "costs": {"total_cost": 1252.9502076661531, "time_cost": 150, "final_distance_cost": 86.23356645077456, "oscillation_cost": 125.53177707511463, "completition_cost": 777.7777777777778, "overshoot_cost": 74.00296544381867, "power_cost": 22.883986596679687, "noise_cost": 16.5201343219876, "n_waypoints_completed": 2, "tot_waypoints": 9}}
