{"target": -550.4001076438457, "params": {"k_pid_pos": [1.8463920662061042, 0.3712651038168011, 0.4901104121375732], "k_pid_alt": [1.7717020199128284, 0.22379555390707906, 0.7393544860400298], "k_pid_att": [11.071422295656285, 3.9274016080271283, 0.7059620084370704], "k_pid_yaw": [0.5, 1e-06, 0.1], "k_pid_hsp": [4.394838418121639, 0.8461201899014359, 0.33640345039006836], "k_pid_vsp": [204.86754269183365, 295.9540289224902, 69.3336100918168]}, "datetime": {"datetime": "2025-08-21 01:52:36", "elapsed": 50410.56979703903, "delta": 54.50374126434326}, "costs": {"total_cost": 550.4001076438457, "time_cost": 150, "final_distance_cost": 35.80883272411705, "oscillation_cost": 169.13919533714105, "completition_cost": 111.11111111111116, "overshoot_cost": 51.364288838293724, "power_cost": 19.179287512207033, "noise_cost": 13.797392120975676, "n_waypoints_completed": 8, "tot_waypoints": 9}}
{"target": -1261.497075945314, "params": {"k_pid_pos": [0.9545656187684279, 0.2922913538953249, 0.9074861075187298], "k_pid_alt": [0.5234081910028718, 0.6003228591314749, 0.8238928679847598], "k_pid_att": [56.61378002039456, 8.831837184310448, 0.8306428646965943], "k_pid_yaw": [0.5, 1e-06, 0.1], "k_pid_hsp": [2.5425070693630896, 0.5345117201491375, 0.9415854846599013], "k_pid_vsp": [110.63156070589505, 297.84195729418315, 106.71898491364489]}, "datetime": {"datetime": "2025-08-21 01:53:35", "elapsed": 50469.65714883804, "delta": 59.08735179901123}, "costs": {"total_cost": 1261.497075945314, "time_cost": 150, "final_distance_cost": 53.4377976714222, "oscillation_cost": 313.4713260512683, "completition_cost": 666.6666666666667, "overshoot_cost": 41.724854554960466, "power_cost": 20.55515936279297, "noise_cost": 15.64127163820336, "n_waypoints_completed": 3, "tot_waypoints": 9}}
{"target": -786.848964270967, "params": {"k_pid_pos": [0.3131460980537781, 0.7928607520366108, 0.3248201524135409], "k_pid_alt": [1.3294182962839016, 0.8261121943960987, 0.6007871271706139], "k_pid_att": [17.65802145877734, 7.747938885755686, 0.7451992494029533], "k_pid_yaw": [0.5, 1e-06, 0.1], "k_pid_hsp": [9.591260213846358, 0.039661223159167425, 0.13190627734126859], "k_pid_vsp": [13.277557592146394, 218.1629028993568, 36.14397129250173]}, "datetime": {"datetime": "2025-08-21 01:54:38", "elapsed": 50533.34632515907, "delta": 63.68917632102966}, "costs": {"total_cost": 786.848964270967, "time_cost": 150, "final_distance_cost": 74.21455831306531, "oscillation_cost": 145.84426562043024, "completition_cost": 333.33333333333337, "overshoot_cost": 46.35982955579505, "power_cost": 20.813665661621094, "noise_cost": 16.283311786721935, "n_waypoints_completed": 6, "tot_waypoints": 9}}
{"target": -757.6211706729704, "params": {"k_pid_pos": [1.970542685937768, 0.870886735525205, 0.31344484110357806], "k_pid_alt": [1.9930788508470987, 0.23076745291786238, 0.16219846912109015], "k_pid_att": [52.0924658846309, 2.003116746667001, 0.2777363438317989], "k_pid_yaw": [0.5, 1e-06, 0.1], "k_pid_hsp": [2.042212397070694, 0.8169337654111404, 0.48187875504398947], "k_pid_vsp": [347.32972790594266, 306.14324358432077, 24.84456375326148]}, "datetime": {"datetime": "2025-08-21 01:55:43", "elapsed": 50598.30548167229, "delta": 64.95915651321411}, "costs": {"total_cost": 757.6211706729704, "time_cost": 150, "final_distance_cost": 64.66339955894352, "oscillation_cost": 114.6550653160772, "completition_cost": 333.33333333333337, "overshoot_cost": 56.043412435890644, "power_cost": 22.53544617919922, "noise_cost": 16.390513849526393, "n_waypoints_completed": 6, "tot_waypoints": 9}}
{"target": -1237.846287794064, "params": {"k_pid_pos": [0.5889071762101937, 0.9698995888497566, 0.24635341320730397], "k_pid_alt": [0.09440827872518054, 0.5637125064719886, 0.7148812360521535], "k_pid_att": [56.59183218716789, 2.78504505240348, 0.3666755908606929], "k_pid_yaw": [0.5, 1e-06, 0.1], "k_pid_hsp": [1.538048843542556, 0.01675902295082865, 0.21451562321154294], "k_pid_vsp": [207.62221172645147, 232.8201152645903, 129.50641046476179]}, "datetime": {"datetime": "2025-08-21 01:56:40", "elapsed": 50654.73238706589, "delta": 56.426905393600464}, "costs": {"total_cost": 1237.846287794064, "time_cost": 150, "final_distance_cost": 95.44853611625841, "oscillation_cost": 125.64189715314522, "completition_cost": 777.7777777777778, "overshoot_cost": 55.15882451322218, "power_cost": 19.364348144531252, "noise_cost": 14.45490408912909, "n_waypoints_completed": 2, "tot_waypoints": 9}}
{"target": -1059.0638172281688, "params": {"k_pid_pos": [0.6086735295268358, 0.39771345994773655, 0.4133694371315284], "k_pid_alt": [0.39884238255093973, 0.3287748364198023, 0.589871647094658], "k_pid_att": [47.76419452157763, 0.4237321983259619, 0.1028669883143537], "k_pid_yaw": [0.5, 1e-06, 0.1], "k_pid_hsp": [7.948948311282717, 0.6998488280946047, 0.20604357132307227], "k_pid_vsp": [179.0931549414348, 263.31343798426565, 305.9070149983363]}, "datetime": {"datetime": "2025-08-21 01:57:16", "elapsed": 50690.91148304939, "delta": 36.17909598350525}, "costs": {"total_cost": 1059.0638172281688, "time_cost": 150, "final_distance_cost": 49.74263550840587, "oscillation_cost": 330.1544408584111, "completition_cost": 444.4444444444444, "overshoot_cost": 51.7290539307489, "power_cost": 18.324153479003908, "noise_cost": 14.669089007154822, "n_waypoints_completed": 5, "tot_waypoints": 9}}
{"target": -400.24489818743314, "params": {"k_pid_pos": [1.645515966972272, 0.24717174778210205, 0.31698020740663413], "k_pid_alt": [1.241278048034569, 0.21152526603558552, 0.02489462279645016], "k_pid_att": [37.83429084434946, 2.3755724357575714, 0.907879011229513], "k_pid_yaw": [0.5, 1e-06, 0.1], "k_pid_hsp": [8.455624237494135, 0.21264760362646495, 0.277574690187394], "k_pid_vsp": [288.2627906832609, 73.21539501549256, 51.7775053936086]}, "datetime": {"datetime": "2025-08-21 01:58:14", "elapsed": 50748.97796988487, "delta": 58.066486835479736}, "costs": {"total_cost": 400.24489818743314, "time_cost": 99.52, "final_distance_cost": 1.7509164688174133, "oscillation_cost": 210.18803505884765, "completition_cost": 0.0, "overshoot_cost": 53.80008687474866, "power_cost": 19.99044273681641, "noise_cost": 14.995417048202997, "n_waypoints_completed": 9, "tot_waypoints": 9}}
{"target": -1822.8186725821135, "params": {"k_pid_pos": [1.7072872777121575, 0.10084761571065382, 0.9692340711743416], "k_pid_alt": [0.9329383360199639, 0.9335036705686646, 0.445335313507323], "k_pid_att": [19.74638407280421, 8.603717017216345, 0.47397321572605644], "k_pid_yaw": [0.5, 1e-06, 0.1], "k_pid_hsp": [0.7320106881030416, 0.534760212893421, 0.5542953276251884], "k_pid_vsp": [34.726912784544254, 128.21361507594125, 377.09086246098536]}, "datetime": {"datetime": "2025-08-21 01:58:43", "elapsed": 50778.31130838394, "delta": 29.333338499069214}, "costs": {"total_cost": 1822.8186725821135, "time_cost": 150, "final_distance_cost": 1.9646945096745132, "oscillation_cost": 458.3114019112697, "completition_cost": 1000.0, "overshoot_cost": 135.00500896418183, "power_cost": 18.168220715332033, "noise_cost": 59.369346481655654, "n_waypoints_completed": 0, "tot_waypoints": 9}}
{"target": -1183.6390396854467, "params": {"k_pid_pos": [1.6014904768866576, 0.6872760508013965, 0.9157923823070284], "k_pid_alt": [1.8864424357997223, 0.3843149803125564, 0.6633235786594233], "k_pid_att": [16.008222339864254, 1.006131416836469, 0.12905279530390779], "k_pid_yaw": [0.5, 1e-06, 0.1], "k_pid_hsp": [8.690712010583201, 0.02910772133330697, 0.2514233483909065], "k_pid_vsp": [75.80220618530275, 322.5361284536864, 229.90129624887845]}, "datetime": {"datetime": "2025-08-21 01:59:14", "elapsed": 50808.7299683094, "delta": 30.418659925460815}, "costs": {"total_cost": 1183.6390396854467, "time_cost": 150, "final_distance_cost": 43.83519229168759, "oscillation_cost": 332.69928341425293, "completition_cost": 555.5555555555555, "overshoot_cost": 66.03626080050442, "power_cost": 19.944140783691406, "noise_cost": 15.568606839755, "n_waypoints_completed": 4, "tot_waypoints": 9}}
{"target": -668.1464781352308, "params": {"k_pid_pos": [1.0357766124858567, 0.81743157796197, 0.2515322167350207], "k_pid_alt": [1.1753231838689324, 0.66083939953927, 0.6392680750005373], "k_pid_att": [43.05668839323068, 1.4703896782995558, 0.9300158671260661], "k_pid_yaw": [0.5, 1e-06, 0.1], "k_pid_hsp": [5.618229597723206, 0.7169106398032544, 0.8678435298271509], "k_pid_vsp": [356.9903973867112, 62.81716506450917, 23.17244940449902]}, "datetime": {"datetime": "2025-08-21 01:59:44", "elapsed": 50839.16685795784, "delta": 30.4368896484375}, "costs": {"total_cost": 668.1464781352308, "time_cost": 150, "final_distance_cost": 71.23285610709856, "oscillation_cost": 134.82795602199286, "completition_cost": 222.2222222222222, "overshoot_cost": 53.53169025678582, "power_cost": 19.810526525878906, "noise_cost": 16.521227001252388, "n_waypoints_completed": 7, "tot_waypoints": 9}}
{"target": -415.51915885974086, "params": {"k_pid_pos": [1.264281718743314, 0.549218156215418, 0.7209951166818415], "k_pid_alt": [0.8265117939197903, 0.7486306516272743, 0.059362754019893105], "k_pid_att": [46.62593042551355, 4.630572055510216, 0.9804859651839386], "k_pid_yaw": [0.5, 1e-06, 0.1], "k_pid_hsp": [7.731738043484174, 0.47996435220602784, 0.6855586603329049], "k_pid_vsp": [388.5111788616059, 33.4975174322359, 59.617537656269946]}, "datetime": {"datetime": "2025-08-21 02:00:13", "elapsed": 50868.355266571045, "delta": 29.188408613204956}, "costs": {"total_cost": 415.51915885974086, "time_cost": 96.944, "final_distance_cost": 1.743577461056094, "oscillation_cost": 221.46156645957268, "completition_cost": 0.0, "overshoot_cost": 57.56563892354518, "power_cost": 21.767398657226565, "noise_cost": 16.036977358340334, "n_waypoints_completed": 9, "tot_waypoints": 9}}
{"target": -362.48028269799624, "params": {"k_pid_pos": [1.7429877377670324, 0.0009174592014307884, 0.24552732378061104], "k_pid_alt": [0.6983563470922828, 0.13558753363501946, 0.421914604946498], "k_pid_att": [87.30571044964717, 4.612015197618057, 0.9030207963354492], "k_pid_yaw": [0.5, 1e-06, 0.1], "k_pid_hsp": [9.151751487344411, 0.57786830504861, 0.17725218334289392], "k_pid_vsp": [115.51512693596939, 280.58764164342256, 98.86891685285303]}, "datetime": {"datetime": "2025-08-21 02:01:06", "elapsed": 50920.600150585175, "delta": 52.24488401412964}, "costs": {"total_cost": 362.48028269799624, "time_cost": 83.272, "final_distance_cost": 1.717909294906036, "oscillation_cost": 190.0575542182237, "completition_cost": 0.0, "overshoot_cost": 53.39162135146557, "power_cost": 19.606617504882813, "noise_cost": 14.434580328518136, "n_waypoints_completed": 9, "tot_waypoints": 9}}
{"target": -612.1380831849156, "params": {"k_pid_pos": [1.0576525495028832, 0.40646704552301277, 0.6350512646416834], "k_pid_alt": [1.1910156778354617, 0.28024457968327987, 0.12688381464328533], "k_pid_att": [37.52291715317142, 2.034063895700548, 0.5297299963825183], "k_pid_yaw": [0.5, 1e-06, 0.1], "k_pid_hsp": [6.0241920389112185, 0.31403796877711065, 0.5505639225687904], "k_pid_vsp": [198.6467776840855, 245.43806653772077, 127.13306541978618]}, "datetime": {"datetime": "2025-08-21 02:02:04", "elapsed": 50979.21540379524, "delta": 58.61525321006775}, "costs": {"total_cost": 612.1380831849156, "time_cost": 150, "final_distance_cost": 6.4612477671384285, "oscillation_cost": 254.27808943291132, "completition_cost": 111.11111111111116, "overshoot_cost": 55.131864990206175, "power_cost": 19.959901684570312, "noise_cost": 15.195868198978127, "n_waypoints_completed": 8, "tot_waypoints": 9}}
{"target": -351.0562847285836, "params": {"k_pid_pos": [0.9716277394684812, 0.7666485399458876, 0.6778061901136245], "k_pid_alt": [1.7963350346439182, 0.15613160853932195, 0.7873214442273029], "k_pid_att": [34.81485965203825, 0.5395127160124628, 0.8748127541993314], "k_pid_yaw": [0.5, 1e-06, 0.1], "k_pid_hsp": [9.972281653230164, 0.8470453168917701, 0.23183458818233504], "k_pid_vsp": [289.1199284604404, 70.54188706727533, 42.72201370905371]}, "datetime": {"datetime": "2025-08-21 02:02:50", "elapsed": 51025.37762594223, "delta": 46.162222146987915}, "costs": {"total_cost": 351.0562847285836, "time_cost": 89.24, "final_distance_cost": 1.7431189898162538, "oscillation_cost": 179.63314260278497, "completition_cost": 0.0, "overshoot_cost": 51.13361741228482, "power_cost": 16.35374951171875, "noise_cost": 12.952656211978757, "n_waypoints_completed": 9, "tot_waypoints": 9}}
{"target": -581.5420279051694, "params": {"k_pid_pos": [0.6169450988211661, 0.2346863202480937, 0.0], "k_pid_alt": [1.153807421847604, 0.38913913369546355, 0.0559345722534379], "k_pid_att": [59.91176822789631, 0.22338915304302026, 0.8350872920263338], "k_pid_yaw": [0.5, 1e-06, 0.1], "k_pid_hsp": [1.0302867508707574, 1.0, 0.0005982381983509875], "k_pid_vsp": [275.3955193141162, 282.4390834622283, 225.15173438794554]}, "datetime": {"datetime": "2025-08-21 02:03:50", "elapsed": 51085.40168952942, "delta": 60.02406358718872}, "costs": {"total_cost": 581.5420279051694, "time_cost": 150, "final_distance_cost": 68.63652157673641, "oscillation_cost": 56.48208961367434, "completition_cost": 222.2222222222222, "overshoot_cost": 50.36362287745532, "power_cost": 19.454479650878906, "noise_cost": 14.383091964202366, "n_waypoints_completed": 7, "tot_waypoints": 9}}
{"target": -698.5030012564234, "params": {"k_pid_pos": [0.8823423233181015, 0.8508111855978274, 0.9860910331872481], "k_pid_alt": [0.007884804358348374, 0.18746801595708484, 0.09052995491324056], "k_pid_att": [43.402140551900516, 3.4367040554259276, 0.5614766843045933], "k_pid_yaw": [0.5, 1e-06, 0.1], "k_pid_hsp": [5.166946662232883, 0.0727314030999715, 0.013954873215418773], "k_pid_vsp": [333.07361709678685, 182.2323329315134, 35.7254102237323]}, "datetime": {"datetime": "2025-08-21 02:04:44", "elapsed": 51139.14393019676, "delta": 53.74224066734314}, "costs": {"total_cost": 698.5030012564234, "time_cost": 150, "final_distance_cost": 65.37402275770114, "oscillation_cost": 65.07690504930697, "completition_cost": 333.33333333333337, "overshoot_cost": 52.76917333260014, "power_cost": 17.997671166992188, "noise_cost": 13.951895616489612, "n_waypoints_completed": 6, "tot_waypoints": 9}}
{"target": -616.9455353314988, "params": {"k_pid_pos": [1.7435183325439434, 0.08669082399540702, 0.14201014531628509], "k_pid_alt": [0.854831338512758, 0.27828436472993007, 0.4668033121664294], "k_pid_att": [74.0423530306531, 5.878146516496046, 0.7872783362286387], "k_pid_yaw": [0.5, 1e-06, 0.1], "k_pid_hsp": [7.443390984699242, 0.6516668739443737, 0.8606846294373754], "k_pid_vsp": [384.5812756482952, 332.5655536201803, 327.0559473706437]}, "datetime": {"datetime": "2025-08-21 02:05:44", "elapsed": 51199.38574743271, "delta": 60.241817235946655}, "costs": {"total_cost": 616.9455353314988, "time_cost": 150, "final_distance_cost": 25.559722628051116, "oscillation_cost": 233.6914152863312, "completition_cost": 111.11111111111116, "overshoot_cost": 56.87745643948369, "power_cost": 23.008690148925783, "noise_cost": 16.697139717595853, "n_waypoints_completed": 8, "tot_waypoints": 9}}
{"target": -206.4336854581088, "params": {"k_pid_pos": [1.537609547337497, 0.0, 0.059482912659235984], "k_pid_alt": [2.0, 0.0, 0.15218668235790936], "k_pid_att": [60.44310647814736, 0.0001, 1.0], "k_pid_yaw": [0.5, 1e-06, 0.1], "k_pid_hsp": [1.4877116820917013, 1.0, 0.0], "k_pid_vsp": [109.10336946698335, 297.5146871186713, 106.94889218865322]}, "datetime": {"datetime": "2025-08-21 02:06:25", "elapsed": 51240.26327943802, "delta": 40.87753200531006}, "costs": {"total_cost": 206.4336854581088, "time_cost": 70.048, "final_distance_cost": 1.7804848943054168, "oscillation_cost": 56.7561890776887, "completition_cost": 0.0, "overshoot_cost": 50.51691960764534, "power_cost": 15.627698510742189, "noise_cost": 11.70439336772715, "n_waypoints_completed": 9, "tot_waypoints": 9}}
{"target": -760.7996073343942, "params": {"k_pid_pos": [0.6672317021284712, 0.8155821391430573, 0.05760616969944676], "k_pid_alt": [1.9058340443129829, 0.2094292734463996, 0.030404576976153064], "k_pid_att": [40.45162563400465, 3.067886938185742, 0.9347738781687678], "k_pid_yaw": [0.5, 1e-06, 0.1], "k_pid_hsp": [3.0649842225608817, 0.15651679856963896, 0.2788257142163607], "k_pid_vsp": [194.58151095646073, 245.49769368555155, 123.1475666513872]}, "datetime": {"datetime": "2025-08-21 02:07:16", "elapsed": 51291.18018603325, "delta": 50.9169065952301}, "costs": {"total_cost": 760.7996073343942, "time_cost": 150, "final_distance_cost": 70.69632395087314, "oscillation_cost": 122.26381798164469, "completition_cost": 333.33333333333337, "overshoot_cost": 46.83119711988677, "power_cost": 21.839305383300783, "noise_cost": 15.835629565355484, "n_waypoints_completed": 6, "tot_waypoints": 9}}
{"target": -1278.6107250072885, "params": {"k_pid_pos": [1.0329576146233466, 0.39001024381619576, 0.3144429723190191], "k_pid_alt": [0.714734429587442, 0.808265881648387, 0.771465794805711], "k_pid_att": [70.85325482783767, 2.557550199731615, 0.8317182505917794], "k_pid_yaw": [0.5, 1e-06, 0.1], "k_pid_hsp": [2.280620690939682, 0.9578396364123516, 0.7501005657433538], "k_pid_vsp": [82.07340704866057, 218.68836823528233, 113.37779509551454]}, "datetime": {"datetime": "2025-08-21 02:08:09", "elapsed": 51343.81884884834, "delta": 52.638662815093994}, "costs": {"total_cost": 1278.6107250072885, "time_cost": 150, "final_distance_cost": 89.98947960408982, "oscillation_cost": 179.02604667918897, "completition_cost": 777.7777777777778, "overshoot_cost": 43.89659677168522, "power_cost": 21.70019443359375, "noise_cost": 16.220629740953175, "n_waypoints_completed": 2, "tot_waypoints": 9}}
{"target": -231.33795757915058, "params": {"k_pid_pos": [0.9450415252732665, 0.29125191153913343, 0.1206914034307055], "k_pid_alt": [1.5858548981908556, 0.8471470327318639, 0.49829188450446726], "k_pid_att": [18.423059861330938, 5.145101130872691, 0.7715793156610896], "k_pid_yaw": [0.5, 1e-06, 0.1], "k_pid_hsp": [4.3771387052323245, 0.25852084213465065, 0.01688746548372566], "k_pid_vsp": [159.56162441852354, 12.107991690708257, 7.703162442152931]}, "datetime": {"datetime": "2025-08-21 02:08:56", "elapsed": 51390.93556666374, "delta": 47.11671781539917}, "costs": {"total_cost": 231.33795757915058, "time_cost": 92.44, "final_distance_cost": 1.7126689116950475, "oscillation_cost": 52.14968317255144, "completition_cost": 0.0, "overshoot_cost": 55.55656374400749, "power_cost": 15.750431103515625, "noise_cost": 13.728610647380986, "n_waypoints_completed": 9, "tot_waypoints": 9}}
{"target": -794.6762841076832, "params": {"k_pid_pos": [1.5011992857629801, 0.4537766049378362, 0.7712357800901951], "k_pid_alt": [0.960913896244556, 0.11627139007096776, 0.05667942144071614], "k_pid_att": [32.8143885862891, 2.7759343736443727, 0.9497149520231777], "k_pid_yaw": [0.5, 1e-06, 0.1], "k_pid_hsp": [9.167766961197087, 0.5066538778903591, 0.3815045900601456], "k_pid_vsp": [183.92612144524261, 199.62203685116978, 101.75537235885929]}, "datetime": {"datetime": "2025-08-21 02:09:42", "elapsed": 51437.06251454353, "delta": 46.12694787979126}, "costs": {"total_cost": 794.6762841076832, "time_cost": 150, "final_distance_cost": 73.41186235625048, "oscillation_cost": 266.91854455098445, "completition_cost": 222.2222222222222, "overshoot_cost": 43.694310862043125, "power_cost": 22.566806860351562, "noise_cost": 15.862537255831333, "n_waypoints_completed": 7, "tot_waypoints": 9}}
{"target": -1164.0226981496278, "params": {"k_pid_pos": [0.39663228230560554, 0.11292067795133587, 0.8675722099318063], "k_pid_alt": [0.9897244098468014, 0.46732335929847324, 0.2383034986015461], "k_pid_att": [5.53347804492409, 1.8121378955048673, 0.6847757091516204], "k_pid_yaw": [0.5, 1e-06, 0.1], "k_pid_hsp": [3.1633565527845633, 0.2621410200681318, 0.9055298922447078], "k_pid_vsp": [50.43928727889626, 220.37977719833546, 85.0858104799685]}, "datetime": {"datetime": "2025-08-21 02:10:48", "elapsed": 51502.78720641136, "delta": 65.72469186782837}, "costs": {"total_cost": 1164.0226981496278, "time_cost": 150, "final_distance_cost": 54.00596194726445, "oscillation_cost": 210.11170865351815, "completition_cost": 666.6666666666667, "overshoot_cost": 47.199944416289085, "power_cost": 20.112392016601564, "noise_cost": 15.926024449288079, "n_waypoints_completed": 3, "tot_waypoints": 9}}
{"target": -450.0631943408134, "params": {"k_pid_pos": [1.353411798310787, 0.5302335650974483, 0.9206624069430305], "k_pid_alt": [0.6720868160257698, 0.4058846151453146, 0.09797662281422648], "k_pid_att": [22.66588954790898, 1.9307560953241039, 0.7397665300189527], "k_pid_yaw": [0.5, 1e-06, 0.1], "k_pid_hsp": [8.574179702962995, 0.2900168365123401, 0.4712129966472012], "k_pid_vsp": [153.3350250865878, 10.855940209041174, 9.503637649137927]}, "datetime": {"datetime": "2025-08-21 02:11:38", "elapsed": 51553.291081905365, "delta": 50.503875494003296}, "costs": {"total_cost": 450.0631943408134, "time_cost": 92.464, "final_distance_cost": 1.7801391657365715, "oscillation_cost": 270.1379088090028, "completition_cost": 0.0, "overshoot_cost": 53.92469815970037, "power_cost": 17.28138054199219, "noise_cost": 14.475067664381555, "n_waypoints_completed": 9, "tot_waypoints": 9}}
