{"target": -394.2854666367417, "params": {"k_pid_pos": [0.8329089220973107, 0.03656561513210288, 0.2687443068918167], "k_pid_alt": [1.7548834682903824, 0.4752014095335779, 0.05576473931329984], "k_pid_att": [52.81533792352274, 6.950284377242152, 0.31345155373550226], "k_pid_yaw": [0.5, 1e-06, 0.1], "k_pid_hsp": [6.619504411408119, 0.500230017440939, 0.2596216462191233], "k_pid_vsp": [390.51726805383464, 163.68395809321657, 187.67275580998552]}, "datetime": {"datetime": "2025-08-20 18:36:33", "elapsed": 24247.9871301651, "delta": 22.61823558807373}, "costs": {"total_cost": 394.2854666367417, "time_cost": 85.272, "final_distance_cost": 1.7701869449128995, "oscillation_cost": 222.71704214748584, "completition_cost": 0.0, "overshoot_cost": 52.87123659044615, "power_cost": 17.730780078125, "noise_cost": 13.924220875771814, "n_waypoints_completed": 9, "tot_waypoints": 9}}
{"target": -422.42331383547236, "params": {"k_pid_pos": [1.9400260068282593, 0.03678211719909885, 0.1475021374883264], "k_pid_alt": [0.8037208951322472, 0.21403469238483863, 0.5413039076027298], "k_pid_att": [75.02254526569175, 7.3430394815155395, 0.8198509418518709], "k_pid_yaw": [0.5, 1e-06, 0.1], "k_pid_hsp": [7.659933881381418, 0.844402664838632, 0.8837312552257123], "k_pid_vsp": [386.50465740172973, 330.7659479242904, 322.48599107535824]}, "datetime": {"datetime": "2025-08-20 18:36:59", "elapsed": 24273.58523416519, "delta": 25.598104000091553}, "costs": {"total_cost": 422.42331383547236, "time_cost": 98.08800000000001, "final_distance_cost": 1.7304747981825466, "oscillation_cost": 224.0454266419115, "completition_cost": 0.0, "overshoot_cost": 58.910875745889264, "power_cost": 22.749586181640627, "noise_cost": 16.898950467848465, "n_waypoints_completed": 9, "tot_waypoints": 9}}
{"target": -611.6620097574533, "params": {"k_pid_pos": [1.9804440659043412, 0.7833543444970484, 0.3763378761662558], "k_pid_alt": [1.122501731530647, 0.40493248599911114, 0.3571602116671807], "k_pid_att": [56.79720430191043, 2.710464119326665, 0.49496354127159214], "k_pid_yaw": [0.5, 1e-06, 0.1], "k_pid_hsp": [9.008132145691652, 0.7378516997411055, 0.2293891113568013], "k_pid_vsp": [171.68664624800002, 57.2614619996979, 96.15604628549498]}, "datetime": {"datetime": "2025-08-20 18:37:25", "elapsed": 24299.7468957901, "delta": 26.161661624908447}, "costs": {"total_cost": 611.6620097574533, "time_cost": 150, "final_distance_cost": 61.499204120695396, "oscillation_cost": 194.50075309912899, "completition_cost": 111.11111111111116, "overshoot_cost": 55.83915231917127, "power_cost": 22.052380822753907, "noise_cost": 16.659408284592537, "n_waypoints_completed": 8, "tot_waypoints": 9}}
{"target": -1145.1299860438592, "params": {"k_pid_pos": [0.3391298731216133, 0.04090321980863121, 0.9850926132244081], "k_pid_alt": [1.3193469935253799, 0.005408377248914853, 0.0603873893158563], "k_pid_att": [47.54271649237979, 2.251794478524971, 0.7780524821444361], "k_pid_yaw": [0.5, 1e-06, 0.1], "k_pid_hsp": [0.48775369591383355, 0.09996165024758419, 0.22028524876015754], "k_pid_vsp": [33.8323847817974, 144.95249911346457, 1.6395862463534834]}, "datetime": {"datetime": "2025-08-20 18:37:52", "elapsed": 24326.93655538559, "delta": 27.189659595489502}, "costs": {"total_cost": 1145.1299860438592, "time_cost": 150, "final_distance_cost": 48.61488238138374, "oscillation_cost": 307.4188743066119, "completition_cost": 555.5555555555555, "overshoot_cost": 47.5701361707825, "power_cost": 20.062763513183594, "noise_cost": 15.907774116341809, "n_waypoints_completed": 4, "tot_waypoints": 9}}
{"target": -1581.1845739738665, "params": {"k_pid_pos": [0.20065403146933675, 0.32830878670081265, 0.20437197940584273], "k_pid_alt": [0.0049049301081571794, 0.8162052540204279, 0.2350767532104303], "k_pid_att": [58.78039223822461, 6.999887899720358, 0.6534292009952074], "k_pid_yaw": [0.5, 1e-06, 0.1], "k_pid_hsp": [0.5977137303703548, 0.2053366106897241, 0.6430889686823864], "k_pid_vsp": [24.563297085809932, 213.12367860376844, 168.10948131732297]}, "datetime": {"datetime": "2025-08-20 18:38:25", "elapsed": 24360.127430677414, "delta": 33.19087529182434}, "costs": {"total_cost": 1581.1845739738665, "time_cost": 150, "final_distance_cost": 69.01566319037741, "oscillation_cost": 372.27764908726857, "completition_cost": 888.8888888888888, "overshoot_cost": 66.13912584306611, "power_cost": 19.612075219726563, "noise_cost": 15.251171744538798, "n_waypoints_completed": 1, "tot_waypoints": 9}}
{"target": -1307.6480729192563, "params": {"k_pid_pos": [1.9492110758782943, 0.5779432308365441, 0.13672633617739915], "k_pid_alt": [0.8012738576020246, 0.1320099124040186, 0.8047205913475989], "k_pid_att": [51.703057915758976, 9.311555801080665, 0.020640016965314145], "k_pid_yaw": [0.5, 1e-06, 0.1], "k_pid_hsp": [7.228811860926303, 0.9751370324599912, 0.457999519101044], "k_pid_vsp": [74.272073447472, 293.2709636813483, 326.44901192222056]}, "datetime": {"datetime": "2025-08-20 18:38:51", "elapsed": 24386.239876270294, "delta": 26.11244559288025}, "costs": {"total_cost": 1307.6480729192563, "time_cost": 150, "final_distance_cost": 79.42279092676489, "oscillation_cost": 294.01756129780523, "completition_cost": 666.6666666666667, "overshoot_cost": 74.58006011508677, "power_cost": 21.655680895996095, "noise_cost": 21.305313016936793, "n_waypoints_completed": 3, "tot_waypoints": 9}}
{"target": -1528.9505498245435, "params": {"k_pid_pos": [0.03617048909985347, 0.20570422101309904, 0.398854324978669], "k_pid_alt": [0.8433049676026547, 0.46062450033403357, 0.8423130735684036], "k_pid_att": [63.51943032509034, 3.46212753291784, 0.8919596876038103], "k_pid_yaw": [0.5, 1e-06, 0.1], "k_pid_hsp": [8.781166409389174, 0.13054440620058683, 0.23131855938050827], "k_pid_vsp": [149.89414693661897, 262.95392124655206, 306.3943168250895]}, "datetime": {"datetime": "2025-08-20 18:39:21", "elapsed": 24416.14015173912, "delta": 29.900275468826294}, "costs": {"total_cost": 1528.9505498245435, "time_cost": 150, "final_distance_cost": 68.1819960103093, "oscillation_cost": 338.2519447150723, "completition_cost": 888.8888888888888, "overshoot_cost": 43.8492717637827, "power_cost": 22.27323952636719, "noise_cost": 17.505208920123064, "n_waypoints_completed": 1, "tot_waypoints": 9}}
{"target": -1161.338691727721, "params": {"k_pid_pos": [0.08466348907385027, 0.4512756721214176, 0.10490327959997836], "k_pid_alt": [1.1775749569994727, 0.9811378228083644, 0.9586270853239287], "k_pid_att": [67.85010347590544, 1.7700765980425235, 0.7153226902226554], "k_pid_yaw": [0.5, 1e-06, 0.1], "k_pid_hsp": [2.5744651093064133, 0.893703468272726, 0.25428000803381823], "k_pid_vsp": [349.3612410598383, 62.72830255686229, 47.187209365059445]}, "datetime": {"datetime": "2025-08-20 18:39:47", "elapsed": 24442.16782927513, "delta": 26.027677536010742}, "costs": {"total_cost": 1161.338691727721, "time_cost": 150, "final_distance_cost": 52.13023121209766, "oscillation_cost": 203.40206464065716, "completition_cost": 666.6666666666667, "overshoot_cost": 54.475740785649215, "power_cost": 19.515669335937503, "noise_cost": 15.148319086712986, "n_waypoints_completed": 3, "tot_waypoints": 9}}
{"target": -1465.9125136044504, "params": {"k_pid_pos": [1.4966017414123716, 0.9461651811668693, 0.8968778852085704], "k_pid_alt": [1.4883037532816743, 0.30842296365316024, 0.5969277526165366], "k_pid_att": [54.63851107932919, 7.711714070640421, 0.43082607499737946], "k_pid_yaw": [0.5, 1e-06, 0.1], "k_pid_hsp": [2.794759170602162, 0.054355188214713746, 0.6558750244107883], "k_pid_vsp": [68.2237474191537, 285.8980751487948, 393.73004439776173]}, "datetime": {"datetime": "2025-08-20 18:40:17", "elapsed": 24472.395715236664, "delta": 30.227885961532593}, "costs": {"total_cost": 1465.9125136044504, "time_cost": 150, "final_distance_cost": 37.00516094761661, "oscillation_cost": 171.55724284908825, "completition_cost": 1000.0, "overshoot_cost": 63.54092569255196, "power_cost": 20.20642568359375, "noise_cost": 23.602758431599575, "n_waypoints_completed": 0, "tot_waypoints": 9}}
{"target": -1296.6997577452253, "params": {"k_pid_pos": [0.5885942636042573, 0.3759813037978885, 0.2064357163456454], "k_pid_alt": [1.4501233194271146, 0.3071047471286784, 0.5802054281582487], "k_pid_att": [15.527929974172539, 7.907648068879376, 0.6488585083734343], "k_pid_yaw": [0.5, 1e-06, 0.1], "k_pid_hsp": [0.2112396456718516, 0.9950460767944572, 0.6897946716455853], "k_pid_vsp": [122.28631259848193, 160.83716383431565, 219.58398908284596]}, "datetime": {"datetime": "2025-08-20 18:40:50", "elapsed": 24504.527983427048, "delta": 32.13226819038391}, "costs": {"total_cost": 1296.6997577452253, "time_cost": 150, "final_distance_cost": 52.975662184912906, "oscillation_cost": 220.26727685890572, "completition_cost": 777.7777777777778, "overshoot_cost": 59.879467224585916, "power_cost": 19.79105213623047, "noise_cost": 16.008521562812305, "n_waypoints_completed": 2, "tot_waypoints": 9}}
{"target": -248.82120282382573, "params": {"k_pid_pos": [0.8417556886719283, 0.05684805558478967, 0.7055769278610307], "k_pid_alt": [0.5307889751473738, 0.9376964452356347, 0.8623921789578816], "k_pid_att": [98.96123450593213, 9.894971085585068, 0.4453323908345197], "k_pid_yaw": [0.5, 1e-06, 0.1], "k_pid_hsp": [0.48886407778178753, 0.41028403161269944, 0.00846102441354113], "k_pid_vsp": [146.29924211787548, 237.79170439292716, 47.14685871400798]}, "datetime": {"datetime": "2025-08-20 18:41:14", "elapsed": 24529.325225114822, "delta": 24.797241687774658}, "costs": {"total_cost": 248.82120282382573, "time_cost": 92.304, "final_distance_cost": 1.8007511540614103, "oscillation_cost": 64.98152089582359, "completition_cost": 0.0, "overshoot_cost": 58.06691544507983, "power_cost": 17.894709350585938, "noise_cost": 13.773305978274967, "n_waypoints_completed": 9, "tot_waypoints": 9}}
{"target": -672.8699528221667, "params": {"k_pid_pos": [1.4079412842064538, 0.08557445267807728, 0.5655521222063148], "k_pid_alt": [1.9584957379988595, 0.47004648889752787, 0.4291336980840247], "k_pid_att": [7.973725497048556, 7.427578177314706, 0.3492986465351757], "k_pid_yaw": [0.5, 1e-06, 0.1], "k_pid_hsp": [8.835121135440627, 0.004776472889977068, 0.5176551339865259], "k_pid_vsp": [285.673458723236, 135.73763263768524, 203.88709393299328]}, "datetime": {"datetime": "2025-08-20 18:41:40", "elapsed": 24555.218044281006, "delta": 25.89281916618347}, "costs": {"total_cost": 672.8699528221667, "time_cost": 150, "final_distance_cost": 64.95051662535928, "oscillation_cost": 258.5842840843636, "completition_cost": 111.11111111111116, "overshoot_cost": 54.49284439492566, "power_cost": 19.484786755371093, "noise_cost": 14.246409851035873, "n_waypoints_completed": 8, "tot_waypoints": 9}}
{"target": -865.5056142140395, "params": {"k_pid_pos": [0.8866852528303989, 0.2913524824586192, 0.9154085152240233], "k_pid_alt": [1.833902783263958, 0.8062047075251058, 0.6776895560009877], "k_pid_att": [57.941900673243026, 2.4323950561261487, 0.4210658054495121], "k_pid_yaw": [0.5, 1e-06, 0.1], "k_pid_hsp": [9.968553352098992, 0.47149385494444496, 0.4141244862626897], "k_pid_vsp": [227.6754463212871, 340.29526603890355, 254.78354127442188]}, "datetime": {"datetime": "2025-08-20 18:42:10", "elapsed": 24585.439594984055, "delta": 30.221550703048706}, "costs": {"total_cost": 865.5056142140395, "time_cost": 150, "final_distance_cost": 72.9423189974077, "oscillation_cost": 335.18283388700314, "completition_cost": 222.2222222222222, "overshoot_cost": 48.562882321994906, "power_cost": 20.218853955078124, "noise_cost": 16.37650283033339, "n_waypoints_completed": 7, "tot_waypoints": 9}}
{"target": -700.5140331889164, "params": {"k_pid_pos": [0.4877561841132223, 0.525675280408014, 0.004557313817883268], "k_pid_alt": [0.11322676991823655, 0.40615082908680145, 0.409746374547717], "k_pid_att": [38.182223929901696, 8.389298059152827, 0.28400635971702703], "k_pid_yaw": [0.5, 1e-06, 0.1], "k_pid_hsp": [5.12927902084596, 0.030000181254565383, 0.01705892445068402], "k_pid_vsp": [209.6840143320517, 68.80656309377491, 140.00592343130987]}, "datetime": {"datetime": "2025-08-20 18:42:37", "elapsed": 24611.695640325546, "delta": 26.2560453414917}, "costs": {"total_cost": 700.5140331889164, "time_cost": 150, "final_distance_cost": 59.31260106438259, "oscillation_cost": 73.64419771929634, "completition_cost": 333.33333333333337, "overshoot_cost": 61.19316211815077, "power_cost": 12.553353332519531, "noise_cost": 10.47738562123379, "n_waypoints_completed": 6, "tot_waypoints": 9}}
{"target": -1451.308269867423, "params": {"k_pid_pos": [1.2458698528033914, 0.7043796148791494, 0.14755220720822704], "k_pid_alt": [1.3933528693398332, 0.6049683430974501, 0.41529095958414575], "k_pid_att": [7.395718445008281, 0.474352021812888, 0.6868080712325393], "k_pid_yaw": [0.5, 1e-06, 0.1], "k_pid_hsp": [3.8747588502911117, 0.6655054072374996, 0.24675575970560415], "k_pid_vsp": [46.57233453884828, 74.5289285446599, 391.8855541747684]}, "datetime": {"datetime": "2025-08-20 18:43:03", "elapsed": 24637.734073400497, "delta": 26.038433074951172}, "costs": {"total_cost": 1451.308269867423, "time_cost": 150, "final_distance_cost": 10.236674682081771, "oscillation_cost": 64.22238621551593, "completition_cost": 1000.0, "overshoot_cost": 137.33214445835503, "power_cost": 21.04580291748047, "noise_cost": 68.47126159398965, "n_waypoints_completed": 0, "tot_waypoints": 9}}
{"target": -1147.0364930243234, "params": {"k_pid_pos": [1.0478864702626152, 0.6674428378847592, 0.12218009136372376], "k_pid_alt": [0.014167805536684952, 0.6511833947064294, 0.34004751562130775], "k_pid_att": [27.752327263025023, 2.190707797182615, 0.2113647073474968], "k_pid_yaw": [0.5, 1e-06, 0.1], "k_pid_hsp": [4.469901779983158, 0.028126492672261305, 0.834472264507963], "k_pid_vsp": [339.94654711638026, 329.9721970006345, 56.184517589780825]}, "datetime": {"datetime": "2025-08-20 18:43:32", "elapsed": 24666.97533273697, "delta": 29.241259336471558}, "costs": {"total_cost": 1147.0364930243234, "time_cost": 150, "final_distance_cost": 73.61052569597659, "oscillation_cost": 166.6305796918031, "completition_cost": 666.6666666666667, "overshoot_cost": 51.78655412059333, "power_cost": 22.345328674316406, "noise_cost": 15.996838174967332, "n_waypoints_completed": 3, "tot_waypoints": 9}}
{"target": -584.3637665445852, "params": {"k_pid_pos": [1.9665939725246566, 0.8919649416613513, 0.6699135071909997], "k_pid_alt": [1.20604612754292, 0.8648990503534769, 0.8801719692530102], "k_pid_att": [99.49120560692843, 4.2165681174620175, 0.3850779268562158], "k_pid_yaw": [0.5, 1e-06, 0.1], "k_pid_hsp": [8.251507147848086, 0.3914548372873753, 0.01744921776531927], "k_pid_vsp": [265.25215821441634, 291.11070039083904, 114.79850256136355]}, "datetime": {"datetime": "2025-08-20 18:43:58", "elapsed": 24693.265852212906, "delta": 26.29051947593689}, "costs": {"total_cost": 584.3637665445852, "time_cost": 150, "final_distance_cost": 39.018326078843515, "oscillation_cost": 189.53331131276337, "completition_cost": 111.11111111111116, "overshoot_cost": 55.54697604788629, "power_cost": 21.819191699218752, "noise_cost": 17.33485029476218, "n_waypoints_completed": 8, "tot_waypoints": 9}}
{"target": -634.7163385226954, "params": {"k_pid_pos": [1.5311383451288698, 0.9715770257502133, 0.6511492633473572], "k_pid_alt": [1.5877953833003646, 0.7442064103559015, 0.5354624129945901], "k_pid_att": [35.06440019100111, 8.257850907421512, 0.8538172802770374], "k_pid_yaw": [0.5, 1e-06, 0.1], "k_pid_hsp": [9.419948780742304, 0.32072032235892545, 0.8561105158094281], "k_pid_vsp": [226.51130023232605, 113.01592386951299, 138.94731332770758]}, "datetime": {"datetime": "2025-08-20 18:44:26", "elapsed": 24720.61931824684, "delta": 27.353466033935547}, "costs": {"total_cost": 634.7163385226954, "time_cost": 150, "final_distance_cost": 49.89089840508531, "oscillation_cost": 225.37775835170476, "completition_cost": 111.11111111111116, "overshoot_cost": 57.30812824009195, "power_cost": 23.27569060058594, "noise_cost": 17.75275181411631, "n_waypoints_completed": 8, "tot_waypoints": 9}}
{"target": -1620.7939466686487, "params": {"k_pid_pos": [0.009032256889184045, 0.4192738836295774, 0.44965047624244936], "k_pid_alt": [0.3419104968646576, 0.07355497114330134, 0.349950711952667], "k_pid_att": [19.111934631565575, 3.4119450417938246, 0.48753425603766476], "k_pid_yaw": [0.5, 1e-06, 0.1], "k_pid_hsp": [9.723187673310479, 0.8173241174603214, 0.8217472554120199], "k_pid_vsp": [77.20577034469058, 150.291600676749, 380.921208510143]}, "datetime": {"datetime": "2025-08-20 18:44:53", "elapsed": 24747.632799386978, "delta": 27.01348114013672}, "costs": {"total_cost": 1620.7939466686487, "time_cost": 150, "final_distance_cost": 55.60444996237927, "oscillation_cost": 320.14978695657976, "completition_cost": 1000.0, "overshoot_cost": 61.56512371265284, "power_cost": 17.301141735839845, "noise_cost": 16.17344430119683, "n_waypoints_completed": 0, "tot_waypoints": 9}}
{"target": -1368.7274130181424, "params": {"k_pid_pos": [0.40285287079730797, 0.9395928017432842, 0.6534984525726475], "k_pid_alt": [0.5578096976458358, 0.2579595423585619, 0.7099661450256602], "k_pid_att": [30.349362384524458, 9.870560802502817, 0.2760677428762326], "k_pid_yaw": [0.5, 1e-06, 0.1], "k_pid_hsp": [0.564653485950169, 0.33232539995424215, 0.7902764910002769], "k_pid_vsp": [160.77565318476158, 175.49966213354142, 314.01546756311944]}, "datetime": {"datetime": "2025-08-20 18:45:22", "elapsed": 24777.035137414932, "delta": 29.4023380279541}, "costs": {"total_cost": 1368.7274130181424, "time_cost": 150, "final_distance_cost": 65.92420467720872, "oscillation_cost": 275.6690645861638, "completition_cost": 777.7777777777778, "overshoot_cost": 59.75117889769318, "power_cost": 22.067411437988284, "noise_cost": 17.537775641310557, "n_waypoints_completed": 2, "tot_waypoints": 9}}
{"target": -1346.9311751224802, "params": {"k_pid_pos": [0.945981302559436, 0.3735064221554629, 0.7501099350264747], "k_pid_alt": [0.1935301759111001, 0.3114439252982554, 0.9468670314069765], "k_pid_att": [2.832993261481609, 6.21476581840866, 0.49479002112492343], "k_pid_yaw": [0.5, 1e-06, 0.1], "k_pid_hsp": [2.939841783325506, 0.36731512904858443, 0.690213431644143], "k_pid_vsp": [360.5067761286657, 235.48491446413541, 50.63367344200865]}, "datetime": {"datetime": "2025-08-20 18:45:52", "elapsed": 24806.690794467926, "delta": 29.655657052993774}, "costs": {"total_cost": 1346.9311751224802, "time_cost": 150, "final_distance_cost": 81.48839137972908, "oscillation_cost": 257.1372694265358, "completition_cost": 777.7777777777778, "overshoot_cost": 47.437924562365204, "power_cost": 19.176593200683595, "noise_cost": 13.913218775388751, "n_waypoints_completed": 2, "tot_waypoints": 9}}
{"target": -777.3631659205674, "params": {"k_pid_pos": [0.5284246983274602, 0.11138435902455956, 0.10552995328821102], "k_pid_alt": [0.2633686425573598, 0.968717157091965, 0.14527194557471124], "k_pid_att": [37.3611479082176, 3.590849187973809, 0.8222651530981941], "k_pid_yaw": [0.5, 1e-06, 0.1], "k_pid_hsp": [5.018056663760657, 0.5487739799647255, 0.6295719221606599], "k_pid_vsp": [306.7843033118183, 188.69219700243102, 98.17245488786651]}, "datetime": {"datetime": "2025-08-20 18:46:21", "elapsed": 24836.186205863953, "delta": 29.49541139602661}, "costs": {"total_cost": 777.3631659205674, "time_cost": 150, "final_distance_cost": 71.99364061461294, "oscillation_cost": 239.5273507665953, "completition_cost": 222.2222222222222, "overshoot_cost": 56.31460617792409, "power_cost": 20.722564367675783, "noise_cost": 16.582781771537096, "n_waypoints_completed": 7, "tot_waypoints": 9}}
{"target": -919.1269942453896, "params": {"k_pid_pos": [1.0211125081621575, 0.4153777836860475, 0.9799896868374788], "k_pid_alt": [1.7012735398068835, 0.6576100409610697, 0.9985832285741605], "k_pid_att": [69.01853398480733, 0.3060504741921915, 0.20050762426721225], "k_pid_yaw": [0.5, 1e-06, 0.1], "k_pid_hsp": [2.758333235210079, 0.027969684937149686, 0.7598148501370691], "k_pid_vsp": [237.3381996430482, 398.3102463056292, 291.36556261840093]}, "datetime": {"datetime": "2025-08-20 18:46:47", "elapsed": 24862.477234363556, "delta": 26.29102849960327}, "costs": {"total_cost": 919.1269942453896, "time_cost": 150, "final_distance_cost": 72.35066343860069, "oscillation_cost": 272.44413333318283, "completition_cost": 333.33333333333337, "overshoot_cost": 53.65192000727257, "power_cost": 21.140796032714846, "noise_cost": 16.206148100285134, "n_waypoints_completed": 6, "tot_waypoints": 9}}
{"target": -1193.923533684995, "params": {"k_pid_pos": [1.9394026439272412, 0.8377826024076591, 0.5279629345838255], "k_pid_alt": [0.8066195946464345, 0.8238479176528268, 0.165407882326696], "k_pid_att": [45.90629516346587, 2.6680701659806085, 0.14111364342477806], "k_pid_yaw": [0.5, 1e-06, 0.1], "k_pid_hsp": [2.978541390630186, 0.6159587731277326, 0.23909329695755654], "k_pid_vsp": [172.89453912024842, 9.365816965261622, 300.58365273519644]}, "datetime": {"datetime": "2025-08-20 18:47:18", "elapsed": 24892.633100032806, "delta": 30.15586566925049}, "costs": {"total_cost": 1193.923533684995, "time_cost": 150, "final_distance_cost": 57.81737098832012, "oscillation_cost": 209.9156708945747, "completition_cost": 666.6666666666667, "overshoot_cost": 70.74434165628227, "power_cost": 17.662970239257813, "noise_cost": 21.116513239892967, "n_waypoints_completed": 3, "tot_waypoints": 9}}
