{"target": -1210.1451266684285, "params": {"k_pid_pos": [0.2682509586822172, 0.6545076679941417, 0.47180608486644204], "k_pid_alt": [1.4400747345622154, 0.12043255424119448, 0.8427935170981404], "k_pid_att": [42.02275539361023, 1.660948957061011, 0.4936732664366479], "k_pid_yaw": [0.5, 1e-06, 0.1], "k_pid_hsp": [9.512961339397341, 0.8022148803273857, 0.5973373212906177], "k_pid_vsp": [88.21164811263333, 275.95708423190507, 255.7944056251485]}, "datetime": {"datetime": "2025-08-20 18:47:44", "elapsed": 24919.02240896225, "delta": 26.38930892944336}, "costs": {"total_cost": 1210.1451266684285, "time_cost": 150, "final_distance_cost": 52.24463511943262, "oscillation_cost": 253.70661532077287, "completition_cost": 666.6666666666667, "overshoot_cost": 50.34524715706273, "power_cost": 20.137815368652344, "noise_cost": 17.044147035841313, "n_waypoints_completed": 3, "tot_waypoints": 9}}
{"target": -1054.6218516236147, "params": {"k_pid_pos": [0.6810215321125634, 0.2344478855325972, 0.7355822545304198], "k_pid_alt": [0.6198570970443948, 0.4702434285886977, 0.8347256799120876], "k_pid_att": [76.22377080263189, 0.7003348708178522, 0.77107411400507], "k_pid_yaw": [0.5, 1e-06, 0.1], "k_pid_hsp": [2.387450881305533, 0.6571971070710665, 0.23279227720809836], "k_pid_vsp": [117.41752494425386, 191.49271955133173, 212.5132616972722]}, "datetime": {"datetime": "2025-08-20 18:48:10", "elapsed": 24945.28792476654, "delta": 26.26551580429077}, "costs": {"total_cost": 1054.6218516236147, "time_cost": 150, "final_distance_cost": 49.77453075052952, "oscillation_cost": 312.5119418817121, "completition_cost": 444.4444444444444, "overshoot_cost": 54.34534270629456, "power_cost": 24.945236669921876, "noise_cost": 18.600355170712348, "n_waypoints_completed": 5, "tot_waypoints": 9}}
{"target": -1338.926973974057, "params": {"k_pid_pos": [0.060422501671492906, 0.7725078809267572, 0.758321712016761], "k_pid_alt": [0.2871231366132183, 0.09775903703447675, 0.6565996555555714], "k_pid_att": [54.2159625936896, 4.071945952831568, 0.5870661543300904], "k_pid_yaw": [0.5, 1e-06, 0.1], "k_pid_hsp": [2.2179992447242145, 0.19876141142309167, 0.5212316488040378], "k_pid_vsp": [98.69204399883111, 275.6116416674738, 283.9797807765643]}, "datetime": {"datetime": "2025-08-20 18:48:37", "elapsed": 24971.69854402542, "delta": 26.410619258880615}, "costs": {"total_cost": 1338.926973974057, "time_cost": 150, "final_distance_cost": 89.11495841817134, "oscillation_cost": 234.82553970935925, "completition_cost": 777.7777777777778, "overshoot_cost": 49.78818934084205, "power_cost": 20.824384094238283, "noise_cost": 16.596124633668357, "n_waypoints_completed": 2, "tot_waypoints": 9}}
{"target": -1281.7045256821477, "params": {"k_pid_pos": [0.11575653493369567, 0.5325819959017173, 0.5241876836557908], "k_pid_alt": [0.9039097418542761, 0.3852442596355311, 0.8347231683861038], "k_pid_att": [83.32418780508141, 8.254717202636646, 0.2416108363589603], "k_pid_yaw": [0.5, 1e-06, 0.1], "k_pid_hsp": [7.816664643671742, 0.9354474121575047, 0.6326178978702132], "k_pid_vsp": [270.005846415065, 92.75271661799806, 318.9944891319456]}, "datetime": {"datetime": "2025-08-20 18:49:03", "elapsed": 24997.769586086273, "delta": 26.07104206085205}, "costs": {"total_cost": 1281.7045256821477, "time_cost": 150, "final_distance_cost": 89.80397842938706, "oscillation_cost": 293.1732855197831, "completition_cost": 666.6666666666667, "overshoot_cost": 43.06080031286903, "power_cost": 22.006706262207032, "noise_cost": 16.993088491234815, "n_waypoints_completed": 3, "tot_waypoints": 9}}
{"target": -984.4113957069691, "params": {"k_pid_pos": [0.3221240524937038, 0.8066510753699739, 0.8694114920013298], "k_pid_alt": [1.5520292620236043, 0.1564707034029128, 0.22258647827766453], "k_pid_att": [55.1168628497279, 0.3714188179851907, 0.9233350612577218], "k_pid_yaw": [0.5, 1e-06, 0.1], "k_pid_hsp": [9.810478272946412, 0.2488901887781828, 0.3694218701958121], "k_pid_vsp": [200.80798687642542, 249.20722646250059, 151.58371599705285]}, "datetime": {"datetime": "2025-08-20 18:49:29", "elapsed": 25024.17607998848, "delta": 26.40649390220642}, "costs": {"total_cost": 984.4113957069691, "time_cost": 150, "final_distance_cost": 48.38932181552126, "oscillation_cost": 265.36640401668984, "completition_cost": 444.4444444444444, "overshoot_cost": 40.93570049530471, "power_cost": 20.04023132324219, "noise_cost": 15.235293611766666, "n_waypoints_completed": 5, "tot_waypoints": 9}}
{"target": -1002.2086717729818, "params": {"k_pid_pos": [1.2122406397515015, 0.37022300550130793, 0.638390824355233], "k_pid_alt": [0.3770155459338358, 0.5420343738067389, 0.03238296328733681], "k_pid_att": [19.356643099570913, 6.344757536492145, 0.006004126258691622], "k_pid_yaw": [0.5, 1e-06, 0.1], "k_pid_hsp": [6.764238156504048, 0.7386898956949551, 0.04835494614614266], "k_pid_vsp": [270.36393807312237, 317.4237875314134, 303.7224269624245]}, "datetime": {"datetime": "2025-08-20 18:49:55", "elapsed": 25050.413769721985, "delta": 26.23768973350525}, "costs": {"total_cost": 1002.2086717729818, "time_cost": 150, "final_distance_cost": 65.73520011741319, "oscillation_cost": 363.7610696890804, "completition_cost": 333.33333333333337, "overshoot_cost": 56.101627185022345, "power_cost": 18.72746042480469, "noise_cost": 14.549981023327904, "n_waypoints_completed": 6, "tot_waypoints": 9}}
{"target": -1055.5741894866744, "params": {"k_pid_pos": [0.46461708816807357, 0.7442190747541906, 0.635060915426914], "k_pid_alt": [0.9086184016279366, 0.24520136292485084, 0.529468310604022], "k_pid_att": [44.29842706088618, 0.8706817042456693, 0.43606362252248165], "k_pid_yaw": [0.5, 1e-06, 0.1], "k_pid_hsp": [3.495978983177038, 0.8564232549563555, 0.9772312663136086], "k_pid_vsp": [95.63332873599526, 343.70720867189937, 56.18893167702408]}, "datetime": {"datetime": "2025-08-20 18:50:22", "elapsed": 25077.033888101578, "delta": 26.620118379592896}, "costs": {"total_cost": 1055.5741894866744, "time_cost": 150, "final_distance_cost": 50.070282897014735, "oscillation_cost": 207.18384215388411, "completition_cost": 555.5555555555555, "overshoot_cost": 57.111303265685386, "power_cost": 20.447976000976563, "noise_cost": 15.205229613558076, "n_waypoints_completed": 4, "tot_waypoints": 9}}
{"target": -993.6643580143856, "params": {"k_pid_pos": [0.3969076234643861, 0.2576639119286207, 0.8636704056588759], "k_pid_alt": [0.11819331719034132, 0.9334627468820154, 0.062224372345620726], "k_pid_att": [5.045502702699556, 3.3802066879691117, 0.45298069991662293], "k_pid_yaw": [0.5, 1e-06, 0.1], "k_pid_hsp": [8.97758838109886, 0.25055494620634045, 0.17650819735502976], "k_pid_vsp": [340.1994091437092, 263.7797793163762, 143.76622723446616]}, "datetime": {"datetime": "2025-08-20 18:50:53", "elapsed": 25107.878852128983, "delta": 30.844964027404785}, "costs": {"total_cost": 993.6643580143856, "time_cost": 150, "final_distance_cost": 45.11815378205773, "oscillation_cost": 150.81472409836937, "completition_cost": 555.5555555555555, "overshoot_cost": 56.36979978801821, "power_cost": 20.01972906494141, "noise_cost": 15.786395725443315, "n_waypoints_completed": 4, "tot_waypoints": 9}}
{"target": -652.9851488878005, "params": {"k_pid_pos": [0.415514183033313, 0.5806110360624043, 0.7430344189937091], "k_pid_alt": [1.3623679672756532, 0.6391772718136589, 0.2546633079039953], "k_pid_att": [99.81708816128297, 4.803856470780449, 0.2419251640136002], "k_pid_yaw": [0.5, 1e-06, 0.1], "k_pid_hsp": [9.023653721227996, 0.9192406629403198, 0.4147920924293753], "k_pid_vsp": [326.2931904607614, 274.1677417825333, 14.309941197631343]}, "datetime": {"datetime": "2025-08-20 18:51:19", "elapsed": 25134.465800523758, "delta": 26.58694839477539}, "costs": {"total_cost": 652.9851488878005, "time_cost": 150, "final_distance_cost": 41.12148598504761, "oscillation_cost": 255.03388136358416, "completition_cost": 111.11111111111116, "overshoot_cost": 56.5866627034895, "power_cost": 21.629159594726563, "noise_cost": 17.50284812984141, "n_waypoints_completed": 8, "tot_waypoints": 9}}
{"target": -844.4926245544789, "params": {"k_pid_pos": [0.9901865463234014, 0.14523600734354059, 0.73513326130706], "k_pid_alt": [1.3746674523364915, 0.6928836201683973, 0.15628436503629883], "k_pid_att": [43.036953494199615, 1.475264747864458, 0.38649205027356814], "k_pid_yaw": [0.5, 1e-06, 0.1], "k_pid_hsp": [9.504371445319672, 0.4242636804251372, 0.2594867037285591], "k_pid_vsp": [198.95879891908152, 396.89855768401304, 389.87660996953144]}, "datetime": {"datetime": "2025-08-20 18:51:46", "elapsed": 25160.97570848465, "delta": 26.509907960891724}, "costs": {"total_cost": 844.4926245544789, "time_cost": 150, "final_distance_cost": 73.00808316567876, "oscillation_cost": 304.6114891453112, "completition_cost": 222.2222222222222, "overshoot_cost": 59.08100248010954, "power_cost": 20.17242830810547, "noise_cost": 15.397399233051752, "n_waypoints_completed": 7, "tot_waypoints": 9}}
{"target": -1399.188179485715, "params": {"k_pid_pos": [0.8499841842468412, 0.12936910980668614, 0.11457653193211681], "k_pid_alt": [1.2032635198802608, 0.01246542285100427, 0.7299664359597228], "k_pid_att": [2.984340519850859, 8.459849774165033, 0.6781623080376232], "k_pid_yaw": [0.5, 1e-06, 0.1], "k_pid_hsp": [5.796520588652314, 0.1832714248397066, 0.8209463758798814], "k_pid_vsp": [341.71194150193094, 73.71500911218804, 276.8323151571605]}, "datetime": {"datetime": "2025-08-20 18:52:12", "elapsed": 25187.23202085495, "delta": 26.256312370300293}, "costs": {"total_cost": 1399.188179485715, "time_cost": 150, "final_distance_cost": 66.12299744225612, "oscillation_cost": 322.1306249061596, "completition_cost": 777.7777777777778, "overshoot_cost": 41.56149319350684, "power_cost": 24.668325793457033, "noise_cost": 16.92696037255746, "n_waypoints_completed": 2, "tot_waypoints": 9}}
{"target": -1187.095213959257, "params": {"k_pid_pos": [1.0874616397857138, 0.7557455464439218, 0.6921058447530347], "k_pid_alt": [0.27485769732366516, 0.0975660748611189, 0.14492186696948628], "k_pid_att": [63.00388094356292, 7.2359722738239975, 0.5373858608462875], "k_pid_yaw": [0.5, 1e-06, 0.1], "k_pid_hsp": [8.940187960322215, 0.6635572921293239, 0.20642298566881312], "k_pid_vsp": [276.24427327287333, 190.9023590477619, 377.4937827353797]}, "datetime": {"datetime": "2025-08-20 18:52:39", "elapsed": 25213.71777677536, "delta": 26.485755920410156}, "costs": {"total_cost": 1187.095213959257, "time_cost": 150, "final_distance_cost": 46.849328827057334, "oscillation_cost": 343.9202744510062, "completition_cost": 555.5555555555555, "overshoot_cost": 49.98707376015833, "power_cost": 22.73399539794922, "noise_cost": 18.048985967530424, "n_waypoints_completed": 4, "tot_waypoints": 9}}
{"target": -960.1078781118154, "params": {"k_pid_pos": [0.8096940657587992, 0.6830177953241555, 0.6875036522093745], "k_pid_alt": [0.5067700792470871, 0.959145101951648, 0.23687745258314852], "k_pid_att": [13.71993000170917, 6.350776039273614, 0.9530299390554604], "k_pid_yaw": [0.5, 1e-06, 0.1], "k_pid_hsp": [6.341795273528602, 0.5723957636225275, 0.45552142215572444], "k_pid_vsp": [9.574340395649061, 278.44939251656035, 179.61319032710705]}, "datetime": {"datetime": "2025-08-20 18:53:05", "elapsed": 25240.322124004364, "delta": 26.604347229003906}, "costs": {"total_cost": 960.1078781118154, "time_cost": 150, "final_distance_cost": 50.843613522895915, "oscillation_cost": 211.7022723297756, "completition_cost": 444.4444444444444, "overshoot_cost": 61.898686964368274, "power_cost": 21.073023791503907, "noise_cost": 20.14583705882724, "n_waypoints_completed": 5, "tot_waypoints": 9}}
{"target": -1350.1731908954694, "params": {"k_pid_pos": [1.35844543504051, 0.1375866228656667, 0.8251830669305467], "k_pid_alt": [1.936961900305162, 0.33087495099483466, 0.8839586662963811], "k_pid_att": [6.316911186069019, 5.309637288550698, 0.8564357532030766], "k_pid_yaw": [0.5, 1e-06, 0.1], "k_pid_hsp": [7.733209766706961, 0.056867990887110476, 0.43227676871708065], "k_pid_vsp": [4.670357691540428, 72.06138217343052, 185.70716971229749]}, "datetime": {"datetime": "2025-08-20 18:53:35", "elapsed": 25270.437727689743, "delta": 30.11560368537903}, "costs": {"total_cost": 1350.1731908954694, "time_cost": 150, "final_distance_cost": 71.41138417031632, "oscillation_cost": 222.03337997592087, "completition_cost": 777.7777777777778, "overshoot_cost": 73.63147692905419, "power_cost": 32.13852824707031, "noise_cost": 23.18064379533014, "n_waypoints_completed": 2, "tot_waypoints": 9}}
{"target": -809.7999705291918, "params": {"k_pid_pos": [1.1045971853811012, 0.10570440183662078, 0.2393481869367743], "k_pid_alt": [0.3182194512902672, 0.9651187676979538, 0.7270852594618026], "k_pid_att": [36.40900348420016, 9.548175711530527, 0.2618996722874214], "k_pid_yaw": [0.5, 1e-06, 0.1], "k_pid_hsp": [2.896591104363457, 0.7303945052302556, 0.06994935770981658], "k_pid_vsp": [288.33710716503873, 323.35088039129795, 318.6479808637408]}, "datetime": {"datetime": "2025-08-20 18:54:06", "elapsed": 25301.015782117844, "delta": 30.578054428100586}, "costs": {"total_cost": 809.7999705291918, "time_cost": 150, "final_distance_cost": 69.15664926091222, "oscillation_cost": 262.5590407007386, "completition_cost": 222.2222222222222, "overshoot_cost": 69.57257290686832, "power_cost": 20.18221483154297, "noise_cost": 16.107270606907544, "n_waypoints_completed": 7, "tot_waypoints": 9}}
{"target": -1497.662857549738, "params": {"k_pid_pos": [0.8272551121395597, 0.9377346169696831, 0.7112240156018349], "k_pid_alt": [1.6146544480392258, 0.3308248266252486, 0.1678404303504233], "k_pid_att": [20.34248249819669, 8.154243517552585, 0.6638064276849092], "k_pid_yaw": [0.5, 1e-06, 0.1], "k_pid_hsp": [9.37109261187376, 0.539103672124611, 0.5462618992999535], "k_pid_vsp": [295.36160494478366, 202.49800330887723, 389.47146235284555]}, "datetime": {"datetime": "2025-08-20 18:54:38", "elapsed": 25332.8679125309, "delta": 31.85213041305542}, "costs": {"total_cost": 1497.662857549738, "time_cost": 150, "final_distance_cost": 86.34269538062992, "oscillation_cost": 379.6606397995834, "completition_cost": 777.7777777777778, "overshoot_cost": 64.69927336776867, "power_cost": 22.092794018554688, "noise_cost": 17.08967720542336, "n_waypoints_completed": 2, "tot_waypoints": 9}}
{"target": -896.0751392032317, "params": {"k_pid_pos": [1.6687958013026203, 0.3322551953593168, 0.9288045669033559], "k_pid_alt": [1.4939339673102294, 0.8095779016452822, 0.5514757620467002], "k_pid_att": [65.96478905777698, 6.950937853091728, 0.5463693128342763], "k_pid_yaw": [0.5, 1e-06, 0.1], "k_pid_hsp": [2.8239489551024026, 0.837188717723078, 0.7540589680018938], "k_pid_vsp": [288.9736272866881, 131.05721684194242, 276.71547891353583]}, "datetime": {"datetime": "2025-08-20 18:55:05", "elapsed": 25359.57723045349, "delta": 26.709317922592163}, "costs": {"total_cost": 896.0751392032317, "time_cost": 150, "final_distance_cost": 78.68336902158974, "oscillation_cost": 234.99087557037817, "completition_cost": 333.33333333333337, "overshoot_cost": 57.412069190847504, "power_cost": 23.109328356933595, "noise_cost": 18.54616373014936, "n_waypoints_completed": 6, "tot_waypoints": 9}}
{"target": -676.2353646733367, "params": {"k_pid_pos": [1.7840258573970234, 0.3591161960700766, 0.38926920361021955], "k_pid_alt": [1.8684350677333792, 0.16105993471689495, 0.8181531007103825], "k_pid_att": [86.74293371272422, 1.986115289068739, 0.8844748961926497], "k_pid_yaw": [0.5, 1e-06, 0.1], "k_pid_hsp": [5.558860376713798, 0.11401978709777727, 0.4762574467459445], "k_pid_vsp": [363.63955257098115, 230.19056576227104, 143.73479836313845]}, "datetime": {"datetime": "2025-08-20 18:55:31", "elapsed": 25385.79038310051, "delta": 26.213152647018433}, "costs": {"total_cost": 676.2353646733367, "time_cost": 150, "final_distance_cost": 65.89228576678278, "oscillation_cost": 264.56290110648877, "completition_cost": 111.11111111111116, "overshoot_cost": 46.176093636363014, "power_cost": 22.259433459472657, "noise_cost": 16.233539593118298, "n_waypoints_completed": 8, "tot_waypoints": 9}}
{"target": -1262.781539443263, "params": {"k_pid_pos": [0.7291034180543506, 0.7918770026551261, 0.111365062306917], "k_pid_alt": [1.4169057616058114, 0.4695158876866036, 0.03603257253536041], "k_pid_att": [30.31582535366909, 6.410809191857125, 0.4930615664800426], "k_pid_yaw": [0.5, 1e-06, 0.1], "k_pid_hsp": [2.9011506497760444, 0.4274639401909742, 0.0547547953494717], "k_pid_vsp": [82.8282241208171, 278.03868153303, 200.15401076096276]}, "datetime": {"datetime": "2025-08-20 18:55:58", "elapsed": 25412.54384493828, "delta": 26.753461837768555}, "costs": {"total_cost": 1262.781539443263, "time_cost": 150, "final_distance_cost": 92.63254146182389, "oscillation_cost": 35.085805199368444, "completition_cost": 888.8888888888888, "overshoot_cost": 61.37212273254763, "power_cost": 19.383246923828125, "noise_cost": 15.418934236805885, "n_waypoints_completed": 1, "tot_waypoints": 9}}
{"target": -941.6306150754781, "params": {"k_pid_pos": [1.753241018415881, 0.024215608211365147, 0.5440606077252426], "k_pid_alt": [0.2676853277205704, 0.43028311831215704, 0.3633543644488286], "k_pid_att": [19.197369847326307, 8.9037762537879, 0.797426066886348], "k_pid_yaw": [0.5, 1e-06, 0.1], "k_pid_hsp": [2.965114292784424, 0.4946787860645536, 0.30829011890767033], "k_pid_vsp": [236.97850289829506, 362.4195560900315, 260.8581964205843]}, "datetime": {"datetime": "2025-08-20 18:56:24", "elapsed": 25438.9699280262, "delta": 26.426083087921143}, "costs": {"total_cost": 941.6306150754781, "time_cost": 150, "final_distance_cost": 66.07791139341545, "oscillation_cost": 300.34431778952523, "completition_cost": 333.33333333333337, "overshoot_cost": 55.502312559088715, "power_cost": 20.08718697509766, "noise_cost": 16.285553025017634, "n_waypoints_completed": 6, "tot_waypoints": 9}}
{"target": -944.424312395596, "params": {"k_pid_pos": [0.9043476523065556, 0.6215220431494864, 0.6236970640591781], "k_pid_alt": [0.9831253304150103, 0.20990957906194763, 0.419652558459647], "k_pid_att": [52.21564219012743, 8.309714537007615, 0.7884275323513269], "k_pid_yaw": [0.5, 1e-06, 0.1], "k_pid_hsp": [8.677471439121208, 0.14223963574864495, 0.8530364706915629], "k_pid_vsp": [253.51001504354164, 91.5219693122583, 218.19158597548028]}, "datetime": {"datetime": "2025-08-20 18:56:50", "elapsed": 25465.363611459732, "delta": 26.393683433532715}, "costs": {"total_cost": 944.424312395596, "time_cost": 150, "final_distance_cost": 74.62389034796382, "oscillation_cost": 298.7292569078155, "completition_cost": 333.33333333333337, "overshoot_cost": 48.79509231920341, "power_cost": 22.43233780517578, "noise_cost": 16.51040168210422, "n_waypoints_completed": 6, "tot_waypoints": 9}}
{"target": -1239.6242347739815, "params": {"k_pid_pos": [0.9934651475581393, 0.6185663338998068, 0.34927709218452374], "k_pid_alt": [0.7496851415611343, 0.8888568170983501, 0.8511614340965671], "k_pid_att": [38.686146827349255, 8.550126330501493, 0.5277673367038384], "k_pid_yaw": [0.5, 1e-06, 0.1], "k_pid_hsp": [0.22994140222122442, 0.46245629503108443, 0.3197928962660529], "k_pid_vsp": [340.92857443494864, 387.7021861898399, 218.54010168121835]}, "datetime": {"datetime": "2025-08-20 18:57:17", "elapsed": 25492.257606983185, "delta": 26.89399552345276}, "costs": {"total_cost": 1239.6242347739815, "time_cost": 150, "final_distance_cost": 86.58083676788877, "oscillation_cost": 125.4962368014401, "completition_cost": 777.7777777777778, "overshoot_cost": 64.46884796038756, "power_cost": 20.243481201171875, "noise_cost": 15.05705426531533, "n_waypoints_completed": 2, "tot_waypoints": 9}}
{"target": -311.2473243895136, "params": {"k_pid_pos": [1.5398184088331637, 0.10402084046421878, 0.5207597723994741], "k_pid_alt": [0.39732934803562614, 0.0678018805537497, 0.26039120875280186], "k_pid_att": [53.88919981240697, 8.924990821627173, 0.9333374195215327], "k_pid_yaw": [0.5, 1e-06, 0.1], "k_pid_hsp": [8.633743055338602, 0.8115397425727753, 0.18063877566440867], "k_pid_vsp": [0.30000711419697623, 361.10445002052666, 4.7391718125876965]}, "datetime": {"datetime": "2025-08-20 18:57:45", "elapsed": 25519.89009809494, "delta": 27.63249111175537}, "costs": {"total_cost": 311.2473243895136, "time_cost": 84.312, "final_distance_cost": 1.7695067536228295, "oscillation_cost": 140.56725355677514, "completition_cost": 0.0, "overshoot_cost": 53.654645791230934, "power_cost": 18.023716369628907, "noise_cost": 12.9202019182558, "n_waypoints_completed": 9, "tot_waypoints": 9}}
{"target": -1312.0371128333222, "params": {"k_pid_pos": [0.29381080171745466, 0.6798383489020446, 0.46863303153330993], "k_pid_alt": [0.267425607978411, 0.4521257266831844, 0.2552478233194352], "k_pid_att": [53.861121146662484, 8.088209674576172, 0.8375034585385919], "k_pid_yaw": [0.5, 1e-06, 0.1], "k_pid_hsp": [7.097646030656469, 0.1334833265308366, 0.5282874273887159], "k_pid_vsp": [228.40873100929832, 203.5946858160557, 225.21774206419823]}, "datetime": {"datetime": "2025-08-20 18:58:12", "elapsed": 25546.702080249786, "delta": 26.81198215484619}, "costs": {"total_cost": 1312.0371128333222, "time_cost": 150, "final_distance_cost": 80.90255366244986, "oscillation_cost": 219.7277315177147, "completition_cost": 777.7777777777778, "overshoot_cost": 41.055874870605344, "power_cost": 24.73401640625, "noise_cost": 17.839158598524563, "n_waypoints_completed": 2, "tot_waypoints": 9}}
