{"target": -1043.0756995415368, "params": {"k_pid_pos": [1.398416651908743, 0.3747507788336242, 0.5790189902436479], "k_pid_alt": [1.6140016917637783, 0.4651047623259955, 0.36520638462736466], "k_pid_att": [35.59716005941205, 4.099034518366582, 0.9453790883884075], "k_pid_yaw": [0.5, 1e-06, 0.1], "k_pid_hsp": [7.761743809542543, 0.2668944115330629, 0.039821910815382], "k_pid_vsp": [222.98597715876411, 75.24131054904863, 289.3250478055976]}, "datetime": {"datetime": "2025-08-20 17:54:12", "elapsed": 21706.869524478912, "delta": 25.031355381011963}, "costs": {"total_cost": 1043.0756995415368, "time_cost": 150, "final_distance_cost": 56.200947028738355, "oscillation_cost": 70.33183426834675, "completition_cost": 666.6666666666667, "overshoot_cost": 55.98175845294123, "power_cost": 24.25972526855469, "noise_cost": 19.634767856288942, "n_waypoints_completed": 3, "tot_waypoints": 9}}
{"target": -1485.0447214137519, "params": {"k_pid_pos": [0.9162330238807881, 0.8228963969926965, 0.05339176475445062], "k_pid_alt": [1.0384229045132582, 0.729481572235452, 0.7995796345688234], "k_pid_att": [88.42262480753885, 1.8584127010761593, 0.2412475875615553], "k_pid_yaw": [0.5, 1e-06, 0.1], "k_pid_hsp": [7.453085093346373, 0.5176085246608458, 0.9779166362459359], "k_pid_vsp": [52.93647804200532, 189.1622380720662, 326.81671485947766]}, "datetime": {"datetime": "2025-08-20 17:54:38", "elapsed": 21732.743212223053, "delta": 25.873687744140625}, "costs": {"total_cost": 1485.0447214137519, "time_cost": 150, "final_distance_cost": 14.87134858368693, "oscillation_cost": 92.67234036064139, "completition_cost": 1000.0, "overshoot_cost": 137.71332587513226, "power_cost": 23.048141943359376, "noise_cost": 66.73956465093202, "n_waypoints_completed": 0, "tot_waypoints": 9}}
{"target": -1370.5101089938967, "params": {"k_pid_pos": [1.8121298581481318, 0.5749921543581938, 0.1439500695755095], "k_pid_alt": [0.9997125989129163, 0.00795713025222744, 0.8182431948013311], "k_pid_att": [45.96105979658604, 3.466481569294563, 0.15634905009140299], "k_pid_yaw": [0.5, 1e-06, 0.1], "k_pid_hsp": [1.313954241825881, 0.4194914889895218, 0.25207251903042704], "k_pid_vsp": [125.1361003681506, 361.1731379040656, 380.0592472626127]}, "datetime": {"datetime": "2025-08-20 17:55:03", "elapsed": 21758.278769493103, "delta": 25.53555727005005}, "costs": {"total_cost": 1370.5101089938967, "time_cost": 150, "final_distance_cost": 64.06639824016739, "oscillation_cost": 164.6298477389486, "completition_cost": 888.8888888888888, "overshoot_cost": 60.21821304945781, "power_cost": 21.371861145019533, "noise_cost": 21.334899931414576, "n_waypoints_completed": 1, "tot_waypoints": 9}}
{"target": -801.70561737209, "params": {"k_pid_pos": [1.7334794958852249, 0.5740579000838255, 0.7749840840763442], "k_pid_alt": [0.4504932648951947, 0.42852112746951665, 0.6804196303865919], "k_pid_att": [39.610820657969825, 3.399860750654746, 0.8875425814008525], "k_pid_yaw": [0.5, 1e-06, 0.1], "k_pid_hsp": [3.89032952459054, 0.07269887017205134, 0.3967400043298558], "k_pid_vsp": [365.09055607324643, 1.4929591376968283, 129.5883581263049]}, "datetime": {"datetime": "2025-08-20 17:55:29", "elapsed": 21783.732065200806, "delta": 25.453295707702637}, "costs": {"total_cost": 801.70561737209, "time_cost": 150, "final_distance_cost": 69.84493754319377, "oscillation_cost": 263.3683313427071, "completition_cost": 222.2222222222222, "overshoot_cost": 55.17810641292739, "power_cost": 23.322620458984375, "noise_cost": 17.769399392055266, "n_waypoints_completed": 7, "tot_waypoints": 9}}
{"target": -331.7281584524576, "params": {"k_pid_pos": [1.9956445006577672, 0.06153017682982542, 0.024535040882618486], "k_pid_alt": [1.172329561262285, 0.20539573145244083, 0.7392072307177097], "k_pid_att": [54.94917052894063, 3.6274867063227565, 0.17019396062727443], "k_pid_yaw": [0.5, 1e-06, 0.1], "k_pid_hsp": [6.769193116527258, 0.5873510327555997, 0.9979902383678075], "k_pid_vsp": [348.1601864405097, 213.30784691636387, 23.408094186205894]}, "datetime": {"datetime": "2025-08-20 17:55:53", "elapsed": 21808.422009944916, "delta": 24.689944744110107}, "costs": {"total_cost": 331.7281584524576, "time_cost": 83.85600000000001, "final_distance_cost": 1.7141898624497638, "oscillation_cost": 158.08156220183562, "completition_cost": 0.0, "overshoot_cost": 56.962048288747866, "power_cost": 17.669255419921875, "noise_cost": 13.445102679502456, "n_waypoints_completed": 9, "tot_waypoints": 9}}
{"target": -1340.712051363733, "params": {"k_pid_pos": [0.9035234575877085, 0.9254032542867531, 0.40092059626866927], "k_pid_alt": [0.08466686358402264, 0.7546681867995726, 0.3916783173976012], "k_pid_att": [10.43160785404117, 6.285120475776584, 0.7502756283247629], "k_pid_yaw": [0.5, 1e-06, 0.1], "k_pid_hsp": [7.208235993224947, 0.8048417037390145, 0.485228811299824], "k_pid_vsp": [36.60192871092547, 290.65193916550396, 302.54017244790094]}, "datetime": {"datetime": "2025-08-20 17:56:19", "elapsed": 21834.1926984787, "delta": 25.77068853378296}, "costs": {"total_cost": 1340.712051363733, "time_cost": 150, "final_distance_cost": 68.19694442278279, "oscillation_cost": 213.636164815282, "completition_cost": 777.7777777777778, "overshoot_cost": 87.51453526426927, "power_cost": 19.845211657714845, "noise_cost": 23.741417425906423, "n_waypoints_completed": 2, "tot_waypoints": 9}}
{"target": -1311.316403906255, "params": {"k_pid_pos": [0.617968803721442, 0.8401223881723008, 0.1756488436296645], "k_pid_alt": [0.05456447646698259, 0.8853651144006983, 0.010983657814794046], "k_pid_att": [72.82511669995384, 0.8385749462220091, 0.029700251944462797], "k_pid_yaw": [0.5, 1e-06, 0.1], "k_pid_hsp": [6.688938657790567, 0.5230300209470408, 0.37063888863355343], "k_pid_vsp": [103.90906688088619, 271.91897761786146, 180.62371991860473]}, "datetime": {"datetime": "2025-08-20 17:56:44", "elapsed": 21859.2664642334, "delta": 25.073765754699707}, "costs": {"total_cost": 1311.316403906255, "time_cost": 150, "final_distance_cost": 96.14446133674794, "oscillation_cost": 195.5222213251473, "completition_cost": 777.7777777777778, "overshoot_cost": 52.20315880819611, "power_cost": 22.825554333496093, "noise_cost": 16.843230324889632, "n_waypoints_completed": 2, "tot_waypoints": 9}}
{"target": -1155.9456577717292, "params": {"k_pid_pos": [0.8627394688192442, 0.24275293214866556, 0.8700862558406794], "k_pid_alt": [1.6329730294877862, 0.8103120235958237, 0.3918611749123506], "k_pid_att": [58.81101390653299, 0.14848219613308042, 0.34601778332023536], "k_pid_yaw": [0.5, 1e-06, 0.1], "k_pid_hsp": [2.9063683947398062, 0.7585178865220848, 0.6784730586796], "k_pid_vsp": [89.6460891894332, 196.22799349232514, 98.4489304928835]}, "datetime": {"datetime": "2025-08-20 17:57:10", "elapsed": 21884.602038621902, "delta": 25.33557438850403}, "costs": {"total_cost": 1155.9456577717292, "time_cost": 150, "final_distance_cost": 47.07152914673918, "oscillation_cost": 325.3833683317993, "completition_cost": 555.5555555555555, "overshoot_cost": 41.63050130962557, "power_cost": 20.079361267089844, "noise_cost": 16.22534216091978, "n_waypoints_completed": 4, "tot_waypoints": 9}}
{"target": -1464.7814014167063, "params": {"k_pid_pos": [0.8143793982039781, 0.8833091892938649, 0.04058240184871542], "k_pid_alt": [0.0759839425802793, 0.4736105743758706, 0.47344864370741735], "k_pid_att": [51.850237085356476, 7.027566352878362, 0.633375208703269], "k_pid_yaw": [0.5, 1e-06, 0.1], "k_pid_hsp": [5.309438395771593, 0.29421913671339006, 0.734709530931782], "k_pid_vsp": [14.452405302111604, 313.58180293011105, 386.48667838231114]}, "datetime": {"datetime": "2025-08-20 17:57:35", "elapsed": 21909.884600162506, "delta": 25.282561540603638}, "costs": {"total_cost": 1464.7814014167063, "time_cost": 150, "final_distance_cost": 7.7873906834926405, "oscillation_cost": 73.98724685557588, "completition_cost": 1000.0, "overshoot_cost": 137.69070451872042, "power_cost": 24.851508349609375, "noise_cost": 70.46455100930818, "n_waypoints_completed": 0, "tot_waypoints": 9}}
{"target": -646.3529049200837, "params": {"k_pid_pos": [1.5097976929845884, 0.8546715732923281, 0.2614963788892295], "k_pid_alt": [0.8425169449703229, 0.3727588600631241, 0.907329983576805], "k_pid_att": [12.12770685468727, 9.972132046231573, 0.6880854517146834], "k_pid_yaw": [0.5, 1e-06, 0.1], "k_pid_hsp": [2.9162588681881503, 0.06112841912749667, 0.10305487985993855], "k_pid_vsp": [346.3732388364299, 191.748026369493, 345.8485622845613]}, "datetime": {"datetime": "2025-08-20 17:58:00", "elapsed": 21935.43272614479, "delta": 25.548125982284546}, "costs": {"total_cost": 646.3529049200837, "time_cost": 150, "final_distance_cost": 82.6336055577687, "oscillation_cost": 89.93748542144995, "completition_cost": 222.2222222222222, "overshoot_cost": 59.83852047095054, "power_cost": 23.22345006103516, "noise_cost": 18.497621186657163, "n_waypoints_completed": 7, "tot_waypoints": 9}}
{"target": -1515.3957810376278, "params": {"k_pid_pos": [1.2030705825497725, 0.9409235812538704, 0.42606882997712525], "k_pid_alt": [1.8820300933443457, 0.13948475960490547, 0.8363581415669259], "k_pid_att": [39.026142843164614, 8.606925571935689, 0.41583838901879244], "k_pid_yaw": [0.5, 1e-06, 0.1], "k_pid_hsp": [1.6295453540309626, 0.12094553662957741, 0.7840505257919756], "k_pid_vsp": [118.88385431087274, 155.55857829088666, 274.23069300553317]}, "datetime": {"datetime": "2025-08-20 17:58:29", "elapsed": 21963.55390238762, "delta": 28.12117624282837}, "costs": {"total_cost": 1515.3957810376278, "time_cost": 150, "final_distance_cost": 8.920100980877203, "oscillation_cost": 146.7689807840451, "completition_cost": 1000.0, "overshoot_cost": 136.96623168986153, "power_cost": 20.155096496582033, "noise_cost": 52.58537108626176, "n_waypoints_completed": 0, "tot_waypoints": 9}}
{"target": -674.6855278413393, "params": {"k_pid_pos": [1.6554257602450573, 0.8875557134945399, 0.5435044793462723], "k_pid_alt": [1.1085299561050304, 0.43478170564298435, 0.18325424995241857], "k_pid_att": [44.141494995008124, 3.3947997580667812, 0.3028355972197414], "k_pid_yaw": [0.5, 1e-06, 0.1], "k_pid_hsp": [6.059386728265586, 0.7059684135475286, 0.9140517091517142], "k_pid_vsp": [102.54396701132995, 150.328781779836, 28.4122465026952]}, "datetime": {"datetime": "2025-08-20 17:58:54", "elapsed": 21988.94929265976, "delta": 25.395390272140503}, "costs": {"total_cost": 674.6855278413393, "time_cost": 150, "final_distance_cost": 63.57011275773146, "oscillation_cost": 148.5263483285047, "completition_cost": 222.2222222222222, "overshoot_cost": 52.599407442089344, "power_cost": 21.439599963378907, "noise_cost": 16.327837127412582, "n_waypoints_completed": 7, "tot_waypoints": 9}}
{"target": -817.7733515266239, "params": {"k_pid_pos": [0.6195849575248416, 0.3633593011128471, 0.8044932471408477], "k_pid_alt": [1.1125489881234658, 0.4281017292358067, 0.7172571112350066], "k_pid_att": [60.369948058926546, 9.897879253233608, 0.8808090490663648], "k_pid_yaw": [0.5, 1e-06, 0.1], "k_pid_hsp": [8.56554101111344, 0.8903432652648112, 0.3843139336704242], "k_pid_vsp": [334.61848758247964, 205.75250475152868, 91.02875182036594]}, "datetime": {"datetime": "2025-08-20 17:59:19", "elapsed": 22014.299448013306, "delta": 25.350155353546143}, "costs": {"total_cost": 817.7733515266239, "time_cost": 150, "final_distance_cost": 64.30222160511073, "oscillation_cost": 296.5851654449743, "completition_cost": 222.2222222222222, "overshoot_cost": 46.75808847048, "power_cost": 21.659567358398437, "noise_cost": 16.246086425438182, "n_waypoints_completed": 7, "tot_waypoints": 9}}
{"target": -1210.063177036045, "params": {"k_pid_pos": [1.7132978122697957, 0.20817575953710943, 0.7602349525454271], "k_pid_alt": [1.670942775530376, 0.9961301538324283, 0.9527804140671421], "k_pid_att": [51.58797816859638, 1.7740306521445963, 0.6902666379881839], "k_pid_yaw": [0.5, 1e-06, 0.1], "k_pid_hsp": [9.789766083920872, 0.39478820753282706, 0.7414969093982876], "k_pid_vsp": [49.30319067650295, 154.09089742644835, 394.7527632481554]}, "datetime": {"datetime": "2025-08-20 17:59:48", "elapsed": 22042.708944559097, "delta": 28.409496545791626}, "costs": {"total_cost": 1210.063177036045, "time_cost": 150, "final_distance_cost": 38.492359455761125, "oscillation_cost": 329.18026809995825, "completition_cost": 555.5555555555555, "overshoot_cost": 94.472131751909, "power_cost": 23.31566007080078, "noise_cost": 19.047202102060307, "n_waypoints_completed": 4, "tot_waypoints": 9}}
{"target": -350.28373433821304, "params": {"k_pid_pos": [1.7904708989387288, 0.7306578671515696, 0.10021125773604944], "k_pid_alt": [1.3638204600630788, 0.5586331272580254, 0.3167510699368963], "k_pid_att": [42.33324119824914, 5.1856026061496125, 0.45416871010563187], "k_pid_yaw": [0.5, 1e-06, 0.1], "k_pid_hsp": [5.654966736577169, 0.25884195377590746, 0.4561097776607884], "k_pid_vsp": [289.2602709128151, 73.69537895878851, 53.01712043603744]}, "datetime": {"datetime": "2025-08-20 18:00:12", "elapsed": 22067.141849517822, "delta": 24.432904958724976}, "costs": {"total_cost": 350.28373433821304, "time_cost": 94.408, "final_distance_cost": 1.7262281323429813, "oscillation_cost": 157.37400336730707, "completition_cost": 0.0, "overshoot_cost": 59.967687784261074, "power_cost": 20.521193322753906, "noise_cost": 16.286621731547996, "n_waypoints_completed": 9, "tot_waypoints": 9}}
{"target": -1489.5645164351174, "params": {"k_pid_pos": [1.465898382661267, 0.8525366844721204, 0.7571882642658435], "k_pid_alt": [1.907597799022118, 0.666651296918298, 0.22764704916421064], "k_pid_att": [45.63810412048487, 2.440852017649586, 0.917846319736503], "k_pid_yaw": [0.5, 1e-06, 0.1], "k_pid_hsp": [2.5093923336322543, 0.6953998267957623, 0.9543413932121084], "k_pid_vsp": [85.89728840747344, 171.51771739322817, 378.74629318510534]}, "datetime": {"datetime": "2025-08-20 18:00:37", "elapsed": 22092.3807182312, "delta": 25.238868713378906}, "costs": {"total_cost": 1489.5645164351174, "time_cost": 150, "final_distance_cost": 5.891982923574159, "oscillation_cost": 123.62508856491112, "completition_cost": 1000.0, "overshoot_cost": 131.54387343127618, "power_cost": 23.78009979248047, "noise_cost": 54.72347172287543, "n_waypoints_completed": 0, "tot_waypoints": 9}}
{"target": -692.6150676384054, "params": {"k_pid_pos": [1.1258069381796862, 0.4351807555610121, 0.6555063985160018], "k_pid_alt": [1.3650900888539876, 0.560409614959173, 0.04160586068470329], "k_pid_att": [55.90887808103779, 8.936212941819425, 0.2443336562582743], "k_pid_yaw": [0.5, 1e-06, 0.1], "k_pid_hsp": [9.845971928991602, 0.07656007322309355, 0.6577227407911489], "k_pid_vsp": [267.2654671713718, 373.38141832915835, 386.3342262303585]}, "datetime": {"datetime": "2025-08-20 18:01:03", "elapsed": 22118.119245052338, "delta": 25.738526821136475}, "costs": {"total_cost": 692.6150676384054, "time_cost": 150, "final_distance_cost": 52.33347439331095, "oscillation_cost": 280.3938749312754, "completition_cost": 111.11111111111116, "overshoot_cost": 57.65336064584406, "power_cost": 23.29579781494141, "noise_cost": 17.827448741922545, "n_waypoints_completed": 8, "tot_waypoints": 9}}
{"target": -962.2373963950113, "params": {"k_pid_pos": [0.1055125223429989, 0.945648323004534, 0.0012852314000864062], "k_pid_alt": [1.1401735033696099, 0.5513766209295323, 0.23650578576965242], "k_pid_att": [71.52274328267733, 7.571328537645481, 0.9261655745759354], "k_pid_yaw": [0.5, 1e-06, 0.1], "k_pid_hsp": [5.366427379201991, 0.7971984600096537, 0.4788356274414849], "k_pid_vsp": [63.490110068164455, 264.21807553134005, 42.05276541635458]}, "datetime": {"datetime": "2025-08-20 18:01:28", "elapsed": 22143.154284715652, "delta": 25.03503966331482}, "costs": {"total_cost": 962.2373963950113, "time_cost": 150, "final_distance_cost": 39.92919326908512, "oscillation_cost": 118.97320822302581, "completition_cost": 555.5555555555555, "overshoot_cost": 59.742667967529925, "power_cost": 21.33404228515625, "noise_cost": 16.702729094658668, "n_waypoints_completed": 4, "tot_waypoints": 9}}
{"target": -1146.6281990388181, "params": {"k_pid_pos": [1.7640132139754834, 0.09783476305357797, 0.7917688164749371], "k_pid_alt": [1.790509885199831, 0.2189070413334454, 0.5570706983142998], "k_pid_att": [93.94758224278978, 5.4565455255403785, 0.589319346894877], "k_pid_yaw": [0.5, 1e-06, 0.1], "k_pid_hsp": [0.2966749495743051, 0.650219708062093, 0.25209384741805796], "k_pid_vsp": [87.19711928014759, 107.25039893021525, 265.9872129638684]}, "datetime": {"datetime": "2025-08-20 18:01:56", "elapsed": 22171.15473175049, "delta": 28.000447034835815}, "costs": {"total_cost": 1146.6281990388181, "time_cost": 150, "final_distance_cost": 67.88438512182054, "oscillation_cost": 156.47301601249217, "completition_cost": 666.6666666666667, "overshoot_cost": 67.6301093850223, "power_cost": 20.695988452148438, "noise_cost": 17.27803340066793, "n_waypoints_completed": 3, "tot_waypoints": 9}}
{"target": -714.6219018691432, "params": {"k_pid_pos": [1.2087443772781092, 0.13841990942482052, 0.854958573438857], "k_pid_alt": [0.3996969098118024, 0.010210301083762974, 0.9002933424738755], "k_pid_att": [31.94115170901417, 7.4865922159630625, 0.42589066522612173], "k_pid_yaw": [0.5, 1e-06, 0.1], "k_pid_hsp": [7.491649121201716, 0.7284949600495193, 0.694757573554508], "k_pid_vsp": [366.3720298146696, 291.96886575711335, 228.95311832371553]}, "datetime": {"datetime": "2025-08-20 18:02:22", "elapsed": 22196.799416065216, "delta": 25.644684314727783}, "costs": {"total_cost": 714.6219018691432, "time_cost": 150, "final_distance_cost": 31.556172382029192, "oscillation_cost": 329.7879083094286, "completition_cost": 111.11111111111116, "overshoot_cost": 54.335121982525145, "power_cost": 21.932254504394532, "noise_cost": 15.899333579654591, "n_waypoints_completed": 8, "tot_waypoints": 9}}
{"target": -1733.5237127881162, "params": {"k_pid_pos": [1.3123289144482502, 0.7920350027445543, 0.2648363234572392], "k_pid_alt": [1.71150511013716, 0.6279085783766402, 0.8331081400024906], "k_pid_att": [9.102311563421573, 1.9169835594370446, 0.014446611118966501], "k_pid_yaw": [0.5, 1e-06, 0.1], "k_pid_hsp": [6.044711763594039, 0.17233716303093538, 0.6878220073153968], "k_pid_vsp": [116.96654737261456, 14.104778900916713, 155.64418970557654]}, "datetime": {"datetime": "2025-08-20 18:02:51", "elapsed": 22226.28322649002, "delta": 29.483810424804688}, "costs": {"total_cost": 1733.5237127881162, "time_cost": 150, "final_distance_cost": 1.4307061236084448, "oscillation_cost": 371.3134046941003, "completition_cost": 1000.0, "overshoot_cost": 135.84422304376557, "power_cost": 16.64253034667969, "noise_cost": 58.29284857996206, "n_waypoints_completed": 0, "tot_waypoints": 9}}
{"target": -945.9538672417598, "params": {"k_pid_pos": [0.5319761848621983, 0.14747233865882792, 0.2852651677608865], "k_pid_alt": [0.6235925986085591, 0.3064697757225573, 0.0020986316690692064], "k_pid_att": [65.8154677318544, 1.9956607059079372, 0.742440118941027], "k_pid_yaw": [0.5, 1e-06, 0.1], "k_pid_hsp": [1.429980332507171, 0.23723322002545988, 0.38189916257866796], "k_pid_vsp": [234.42461379966798, 274.8763385696786, 54.089886701836285]}, "datetime": {"datetime": "2025-08-20 18:03:16", "elapsed": 22251.4912443161, "delta": 25.208017826080322}, "costs": {"total_cost": 945.9538672417598, "time_cost": 150, "final_distance_cost": 51.51738997735114, "oscillation_cost": 332.14587195230877, "completition_cost": 333.33333333333337, "overshoot_cost": 41.34216000579526, "power_cost": 21.107585864257814, "noise_cost": 16.507526108713424, "n_waypoints_completed": 6, "tot_waypoints": 9}}
{"target": -1114.4399730105645, "params": {"k_pid_pos": [1.4786253698331404, 0.8956529642958472, 0.26630542252315137], "k_pid_alt": [0.5838004072978868, 0.790829100028369, 0.7653892129530915], "k_pid_att": [92.14086706391477, 1.225730103187536, 0.2123596494846972], "k_pid_yaw": [0.5, 1e-06, 0.1], "k_pid_hsp": [3.4638988715413985, 0.2304248363565089, 0.6609952680864902], "k_pid_vsp": [352.8988368009017, 112.05829987596461, 149.77953986022865]}, "datetime": {"datetime": "2025-08-20 18:03:42", "elapsed": 22276.964893579483, "delta": 25.473649263381958}, "costs": {"total_cost": 1114.4399730105645, "time_cost": 150, "final_distance_cost": 52.42066995105595, "oscillation_cost": 143.49775251276026, "completition_cost": 666.6666666666667, "overshoot_cost": 63.019294302702804, "power_cost": 22.64550544433594, "noise_cost": 16.190084133042784, "n_waypoints_completed": 3, "tot_waypoints": 9}}
{"target": -1571.0010024396597, "params": {"k_pid_pos": [1.006547010490932, 0.41759152475859607, 0.6874364611635552], "k_pid_alt": [0.5493720102240363, 0.8826421004526144, 0.005122941232007072], "k_pid_att": [18.952398109661416, 9.50661391639683, 0.04322769000011362], "k_pid_yaw": [0.5, 1e-06, 0.1], "k_pid_hsp": [8.67344218576689, 0.9118893104398598, 0.13089579136241325], "k_pid_vsp": [226.0872313666246, 162.41676319294993, 386.83846946899456]}, "datetime": {"datetime": "2025-08-20 18:04:07", "elapsed": 22302.328023672104, "delta": 25.36313009262085}, "costs": {"total_cost": 1571.0010024396597, "time_cost": 150, "final_distance_cost": 82.9789471153602, "oscillation_cost": 460.97544502356607, "completition_cost": 777.7777777777778, "overshoot_cost": 62.483714442736655, "power_cost": 20.24242537841797, "noise_cost": 16.54269270180083, "n_waypoints_completed": 2, "tot_waypoints": 9}}
