{"target": -1068.5721341441683, "params": {"k_pid_pos": [2.0, 0.0, 0.0], "k_pid_alt": [0.0, 0.0, 1.0], "k_pid_att": [55.93129762699697, 5.282742427619956, 0.0], "k_pid_yaw": [0.5, 1e-06, 0.1], "k_pid_hsp": [4.0417236214592505, 0.0, 0.0], "k_pid_vsp": [333.98835044786955, 393.2454064438665, 311.1615791914074]}, "datetime": {"datetime": "2025-08-21 07:46:13", "elapsed": 71628.17875289917, "delta": 53.14984607696533}, "costs": {"total_cost": 1068.5721341441683, "time_cost": 150, "final_distance_cost": 69.97896251710513, "oscillation_cost": 64.34862504213369, "completition_cost": 666.6666666666667, "overshoot_cost": 82.4020473474784, "power_cost": 18.771734729003906, "noise_cost": 16.404097841780743, "n_waypoints_completed": 3, "tot_waypoints": 9}}
{"target": -1130.3531989191767, "params": {"k_pid_pos": [0.2393069325041109, 0.678316055323846, 0.4113481570500469], "k_pid_alt": [0.19172549281483287, 0.47573946475347173, 0.29016881729615274], "k_pid_att": [15.719673425197222, 4.987328304318535, 0.7263866045766274], "k_pid_yaw": [0.5, 1e-06, 0.1], "k_pid_hsp": [7.06906329011952, 0.7722466560925474, 0.2838717075044117], "k_pid_vsp": [210.91470788619517, 302.8537970279594, 71.56401067946263]}, "datetime": {"datetime": "2025-08-21 07:47:04", "elapsed": 71678.55153989792, "delta": 50.37278699874878}, "costs": {"total_cost": 1130.3531989191767, "time_cost": 150, "final_distance_cost": 59.67987477712213, "oscillation_cost": 178.24833675421308, "completition_cost": 666.6666666666667, "overshoot_cost": 41.632585674308125, "power_cost": 19.75571778564453, "noise_cost": 14.370017261222273, "n_waypoints_completed": 3, "tot_waypoints": 9}}
{"target": -205.32073188845297, "params": {"k_pid_pos": [0.5239230459163576, 0.0, 0.0], "k_pid_alt": [2.0, 0.3987487175771605, 0.9162640714370096], "k_pid_att": [27.876544399100464, 6.231633466627669, 0.46097503917159655], "k_pid_yaw": [0.5, 1e-06, 0.1], "k_pid_hsp": [6.386911434052515, 1.0, 0.0], "k_pid_vsp": [124.3831306625089, 148.06747954976646, 9.67225136203394]}, "datetime": {"datetime": "2025-08-21 07:47:37", "elapsed": 71711.755048275, "delta": 33.203508377075195}, "costs": {"total_cost": 205.32073188845297, "time_cost": 82.21600000000001, "final_distance_cost": 1.8309059732375812, "oscillation_cost": 42.762379931258565, "completition_cost": 0.0, "overshoot_cost": 50.620209904202895, "power_cost": 15.193580895996094, "noise_cost": 12.697655183757838, "n_waypoints_completed": 9, "tot_waypoints": 9}}
{"target": -1319.0073856927024, "params": {"k_pid_pos": [0.0001, 0.0, 0.0], "k_pid_alt": [2.0, 0.0, 0.0], "k_pid_att": [87.21025252121487, 5.365278681886591, 1.0], "k_pid_yaw": [0.5, 1e-06, 0.1], "k_pid_hsp": [5.869176179152716, 1.0, 0.0], "k_pid_vsp": [118.04394637547254, 278.39497604567913, 97.54185830780939]}, "datetime": {"datetime": "2025-08-21 07:48:24", "elapsed": 71759.43504929543, "delta": 47.68000102043152}, "costs": {"total_cost": 1319.0073856927024, "time_cost": 150, "final_distance_cost": 45.719227099042925, "oscillation_cost": 29.718070593273, "completition_cost": 1000.0, "overshoot_cost": 32.47066863642553, "power_cost": 36.91733330078125, "noise_cost": 24.18208606317957, "n_waypoints_completed": 0, "tot_waypoints": 9}}
{"target": -413.42347846720116, "params": {"k_pid_pos": [1.0268697147222126, 0.23489923613933986, 0.4950382770560201], "k_pid_alt": [1.0072980020828401, 0.0, 1.0], "k_pid_att": [57.23338966293104, 8.506257848460734, 1.0], "k_pid_yaw": [0.5, 1e-06, 0.1], "k_pid_hsp": [6.2299080136289735, 0.757340857552203, 0.9726667031524369], "k_pid_vsp": [42.445279877387115, 354.3555393072556, 131.71225372243697]}, "datetime": {"datetime": "2025-08-21 07:49:11", "elapsed": 71806.18778562546, "delta": 46.75273633003235}, "costs": {"total_cost": 413.42347846720116, "time_cost": 89.88, "final_distance_cost": 1.8323769964859338, "oscillation_cost": 231.8151127159386, "completition_cost": 0.0, "overshoot_cost": 53.26714057915088, "power_cost": 20.79655614013672, "noise_cost": 15.832292035489038, "n_waypoints_completed": 9, "tot_waypoints": 9}}
{"target": -346.9622534259234, "params": {"k_pid_pos": [1.4314895772034268, 0.8339669456690693, 0.9680229859988403], "k_pid_alt": [1.3458440957623181, 0.8003402329827188, 0.8846839221525429], "k_pid_att": [6.928631669688883, 4.800240954722813, 0.533628409021466], "k_pid_yaw": [0.5, 1e-06, 0.1], "k_pid_hsp": [10.0, 0.5675351590338716, 0.6691797705156745], "k_pid_vsp": [267.92887052281947, 366.60112061340556, 21.845693207471694]}, "datetime": {"datetime": "2025-08-21 07:49:53", "elapsed": 71847.79887700081, "delta": 41.61109137535095}, "costs": {"total_cost": 346.9622534259234, "time_cost": 93.976, "final_distance_cost": 1.7413706178700177, "oscillation_cost": 163.8596470187943, "completition_cost": 0.0, "overshoot_cost": 54.85586947564657, "power_cost": 17.96729343261719, "noise_cost": 14.562072880995332, "n_waypoints_completed": 9, "tot_waypoints": 9}}
{"target": -643.8481857561932, "params": {"k_pid_pos": [1.4199681191716722, 0.6595064224151865, 0.43068654167724263], "k_pid_alt": [1.767449991706797, 0.3694085948032213, 0.42555652288196244], "k_pid_att": [11.515653157061267, 7.043761916153405, 0.05681614230820087], "k_pid_yaw": [0.5, 1e-06, 0.1], "k_pid_hsp": [4.310634559908818, 0.4759359145973845, 0.21004310685280525], "k_pid_vsp": [55.842663339929686, 222.4401635080263, 80.04442835689625]}, "datetime": {"datetime": "2025-08-21 07:50:48", "elapsed": 71902.63617300987, "delta": 54.83729600906372}, "costs": {"total_cost": 643.8481857561932, "time_cost": 150, "final_distance_cost": 24.908366190821138, "oscillation_cost": 269.9223796501342, "completition_cost": 111.11111111111116, "overshoot_cost": 51.91275712973983, "power_cost": 20.811862426757813, "noise_cost": 15.181709247629097, "n_waypoints_completed": 8, "tot_waypoints": 9}}
{"target": -204.17929435303057, "params": {"k_pid_pos": [2.0, 0.0, 1.0], "k_pid_alt": [2.0, 0.0, 0.33148145330035667], "k_pid_att": [63.22321299826795, 1.2179160499465571, 0.0], "k_pid_yaw": [0.5, 1e-06, 0.1], "k_pid_hsp": [3.2426326416467774, 1.0, 0.0], "k_pid_vsp": [110.46563977187903, 296.2488937685301, 108.79244774483213]}, "datetime": {"datetime": "2025-08-21 07:51:42", "elapsed": 71957.16674852371, "delta": 54.53057551383972}, "costs": {"total_cost": 204.17929435303057, "time_cost": 69.328, "final_distance_cost": 1.8537617306482415, "oscillation_cost": 59.71711113727837, "completition_cost": 0.0, "overshoot_cost": 48.955323323735364, "power_cost": 13.118334350585938, "noise_cost": 11.206763810782636, "n_waypoints_completed": 9, "tot_waypoints": 9}}
{"target": -466.8140645889657, "params": {"k_pid_pos": [1.2172816574127017, 0.4171139646526212, 0.2805702242836131], "k_pid_alt": [0.4697028769833993, 0.3523180967896823, 0.8641505738007], "k_pid_att": [8.416851306864858, 6.27437651228471, 0.48765000675891945], "k_pid_yaw": [0.5, 1e-06, 0.1], "k_pid_hsp": [5.109315173607609, 0.1273496402774884, 0.032035663862396646], "k_pid_vsp": [240.19273726514055, 382.4175741070962, 169.80916511532493]}, "datetime": {"datetime": "2025-08-21 07:52:19", "elapsed": 71994.13142895699, "delta": 36.964680433273315}, "costs": {"total_cost": 466.8140645889657, "time_cost": 150, "final_distance_cost": 40.506684725856594, "oscillation_cost": 71.86691730657297, "completition_cost": 111.11111111111116, "overshoot_cost": 54.71400288028039, "power_cost": 22.40496649169922, "noise_cost": 16.210382073445345, "n_waypoints_completed": 8, "tot_waypoints": 9}}
{"target": -346.6437976330357, "params": {"k_pid_pos": [1.6401210193035367, 0.7521441501335664, 0.6181862635050382], "k_pid_alt": [1.2527407348879833, 0.3820177037135307, 0.7521211337970166], "k_pid_att": [13.135835809688622, 8.638901710635558, 0.7519812686485549], "k_pid_yaw": [0.5, 1e-06, 0.1], "k_pid_hsp": [6.4636536465553505, 0.7584925493781421, 0.38199210079540885], "k_pid_vsp": [167.00082914785324, 118.43235652054082, 18.089214922865658]}, "datetime": {"datetime": "2025-08-21 07:53:04", "elapsed": 72038.87928676605, "delta": 44.74785780906677}, "costs": {"total_cost": 346.6437976330357, "time_cost": 93.912, "final_distance_cost": 1.7757618837068556, "oscillation_cost": 161.0901175177583, "completition_cost": 0.0, "overshoot_cost": 54.453963507561255, "power_cost": 20.38450349121094, "noise_cost": 15.027451232798423, "n_waypoints_completed": 9, "tot_waypoints": 9}}
{"target": -957.9506644571973, "params": {"k_pid_pos": [0.3149370873026734, 0.35620268006798617, 0.02465928286185559], "k_pid_alt": [1.8237856640764305, 0.14437092089019676, 0.8191476961250982], "k_pid_att": [30.91349516004159, 4.494843147844445, 0.1561405916453087], "k_pid_yaw": [0.5, 1e-06, 0.1], "k_pid_hsp": [8.910113494059251, 0.4985242933498656, 0.5126734693836258], "k_pid_vsp": [66.065155964005, 339.5581425390535, 62.569044578801105]}, "datetime": {"datetime": "2025-08-21 07:53:49", "elapsed": 72083.75076460838, "delta": 44.87147784233093}, "costs": {"total_cost": 957.9506644571973, "time_cost": 150, "final_distance_cost": 71.84185025538054, "oscillation_cost": 326.498691483357, "completition_cost": 333.33333333333337, "overshoot_cost": 41.143607845296565, "power_cost": 20.021698266601565, "noise_cost": 15.111483273228224, "n_waypoints_completed": 6, "tot_waypoints": 9}}
{"target": -822.0979864786442, "params": {"k_pid_pos": [0.23961778583891902, 0.3414705225967678, 0.3684473066213996], "k_pid_alt": [1.1671399916237317, 0.8348347812393196, 0.17884631208968593], "k_pid_att": [18.752948793561043, 0.46976853444354383, 0.9668124724291528], "k_pid_yaw": [0.5, 1e-06, 0.1], "k_pid_hsp": [9.99948711900994, 0.7064635864055497, 0.6882034810051572], "k_pid_vsp": [364.6804002690944, 117.6225150803707, 41.19432857161674]}, "datetime": {"datetime": "2025-08-21 07:54:35", "elapsed": 72129.78674697876, "delta": 46.03598237037659}, "costs": {"total_cost": 822.0979864786442, "time_cost": 150, "final_distance_cost": 51.41914539818562, "oscillation_cost": 205.39757218198525, "completition_cost": 333.33333333333337, "overshoot_cost": 45.57176448621227, "power_cost": 20.783728747558595, "noise_cost": 15.592442331369122, "n_waypoints_completed": 6, "tot_waypoints": 9}}
{"target": -479.0507666223981, "params": {"k_pid_pos": [2.0, 0.0, 1.0], "k_pid_alt": [2.0, 0.0, 0.0], "k_pid_att": [64.79346600539506, 1.5734718040540148, 0.0], "k_pid_yaw": [0.5, 1e-06, 0.1], "k_pid_hsp": [4.851090811271798, 1.0, 1.0], "k_pid_vsp": [252.99670908574336, 265.53569561304437, 271.7422420456476]}, "datetime": {"datetime": "2025-08-21 07:55:18", "elapsed": 72172.79443120956, "delta": 43.00768423080444}, "costs": {"total_cost": 479.0507666223981, "time_cost": 89.98400000000001, "final_distance_cost": 1.7707115063467251, "oscillation_cost": 287.51644788515, "completition_cost": 0.0, "overshoot_cost": 62.2892339789924, "power_cost": 21.429102380371095, "noise_cost": 16.061270871537864, "n_waypoints_completed": 9, "tot_waypoints": 9}}
{"target": -405.59427340180633, "params": {"k_pid_pos": [1.4531049719713254, 0.44890094133306424, 0.9819574734740669], "k_pid_alt": [1.9731145784414426, 0.0297093965689067, 0.3185748535944224], "k_pid_att": [54.09777738705046, 4.671418601492298, 0.7533964112802922], "k_pid_yaw": [0.5, 1e-06, 0.1], "k_pid_hsp": [6.405429547536068, 0.4319767586321356, 0.2604570497006963], "k_pid_vsp": [144.17355879284796, 277.84549229162917, 159.40916988361596]}, "datetime": {"datetime": "2025-08-21 07:55:57", "elapsed": 72212.18903160095, "delta": 39.39460039138794}, "costs": {"total_cost": 405.59427340180633, "time_cost": 83.504, "final_distance_cost": 1.809134419364723, "oscillation_cost": 229.6857861058405, "completition_cost": 0.0, "overshoot_cost": 54.40164161561093, "power_cost": 20.743420751953128, "noise_cost": 15.450290509037059, "n_waypoints_completed": 9, "tot_waypoints": 9}}
{"target": -763.7153478362052, "params": {"k_pid_pos": [1.3933717436351163, 0.6791878677534086, 0.38263817685799273], "k_pid_alt": [1.628528539054704, 0.4156131104623112, 0.6016629470785573], "k_pid_att": [37.887732263221515, 8.879902037801694, 0.6427860187403162], "k_pid_yaw": [0.5, 1e-06, 0.1], "k_pid_hsp": [1.31074528159031, 0.7135641110484506, 0.44555543180778157], "k_pid_vsp": [119.68798347370999, 139.15047774680505, 13.375587808047863]}, "datetime": {"datetime": "2025-08-21 07:56:39", "elapsed": 72253.7918138504, "delta": 41.602782249450684}, "costs": {"total_cost": 763.7153478362052, "time_cost": 150, "final_distance_cost": 73.63963329009492, "oscillation_cost": 115.80591608667423, "completition_cost": 333.33333333333337, "overshoot_cost": 49.85162376998839, "power_cost": 23.63625474853516, "noise_cost": 17.448586607579063, "n_waypoints_completed": 6, "tot_waypoints": 9}}
{"target": -355.11976334067543, "params": {"k_pid_pos": [2.0, 0.0, 1.0], "k_pid_alt": [2.0, 0.0, 0.0], "k_pid_att": [84.26007249692049, 0.0001, 1.0], "k_pid_yaw": [0.5, 1e-06, 0.1], "k_pid_hsp": [9.450995665026017, 0.44509638208379665, 1.0], "k_pid_vsp": [365.6701820856782, 374.9881779061171, 220.14888066113386]}, "datetime": {"datetime": "2025-08-21 07:57:19", "elapsed": 72293.95924592018, "delta": 40.16743206977844}, "costs": {"total_cost": 355.11976334067543, "time_cost": 76.104, "final_distance_cost": 1.7891588430111958, "oscillation_cost": 192.75760627036166, "completition_cost": 0.0, "overshoot_cost": 52.86040299369139, "power_cost": 18.11377371826172, "noise_cost": 13.494821515349487, "n_waypoints_completed": 9, "tot_waypoints": 9}}
{"target": -1045.784449015761, "params": {"k_pid_pos": [0.5621451193318627, 0.0, 0.02079084779910451], "k_pid_alt": [1.105842823482241, 0.3303493842380353, 0.3973192797375155], "k_pid_att": [9.790960888661179, 9.838261588331614, 1.0], "k_pid_yaw": [0.5, 1e-06, 0.1], "k_pid_hsp": [3.293704746143061, 0.7018762962366859, 0.0], "k_pid_vsp": [339.6194914487051, 351.2322786816681, 354.62369100186635]}, "datetime": {"datetime": "2025-08-21 07:58:06", "elapsed": 72340.84401082993, "delta": 46.88476490974426}, "costs": {"total_cost": 1045.784449015761, "time_cost": 150, "final_distance_cost": 66.21357640675247, "oscillation_cost": 26.99196180922118, "completition_cost": 666.6666666666667, "overshoot_cost": 87.01095540513413, "power_cost": 29.25008856201172, "noise_cost": 19.65120016597486, "n_waypoints_completed": 3, "tot_waypoints": 9}}
{"target": -236.33043120288562, "params": {"k_pid_pos": [0.7385790886752672, 0.2800164288108826, 1.0], "k_pid_alt": [2.0, 0.0, 0.0], "k_pid_att": [15.910887074456308, 5.766675870121988, 1.0], "k_pid_yaw": [0.5, 1e-06, 0.1], "k_pid_hsp": [7.765468064963766, 1.0, 0.0], "k_pid_vsp": [362.50765578782745, 51.449208196238345, 68.16093912283893]}, "datetime": {"datetime": "2025-08-21 07:58:56", "elapsed": 72390.96701312065, "delta": 50.12300229072571}, "costs": {"total_cost": 236.33043120288562, "time_cost": 86.47200000000001, "final_distance_cost": 1.8436515521521928, "oscillation_cost": 60.0617334605696, "completition_cost": 0.0, "overshoot_cost": 52.697482242404966, "power_cost": 19.916648962402345, "noise_cost": 15.33891498535653, "n_waypoints_completed": 9, "tot_waypoints": 9}}
{"target": -214.4966868082821, "params": {"k_pid_pos": [2.0, 0.0, 0.0], "k_pid_alt": [2.0, 0.0, 1.0], "k_pid_att": [54.35502409483339, 7.118943982773115, 1.0], "k_pid_yaw": [0.5, 1e-06, 0.1], "k_pid_hsp": [4.784208307274459, 1.0, 0.0], "k_pid_vsp": [61.963923951891864, 184.4293869939158, 94.32066785569982]}, "datetime": {"datetime": "2025-08-21 07:59:49", "elapsed": 72444.47881484032, "delta": 53.51180171966553}, "costs": {"total_cost": 214.4966868082821, "time_cost": 74.968, "final_distance_cost": 1.7528831836840169, "oscillation_cost": 58.63278351774809, "completition_cost": 0.0, "overshoot_cost": 53.59243765837553, "power_cost": 14.353563439941407, "noise_cost": 11.197019008533074, "n_waypoints_completed": 9, "tot_waypoints": 9}}
{"target": -1251.3041201819826, "params": {"k_pid_pos": [0.008939823361779637, 1.0, 0.0], "k_pid_alt": [2.0, 0.8997634616112858, 0.47667258402667223], "k_pid_att": [100.0, 5.636752135252782, 0.8276066555548296], "k_pid_yaw": [0.5, 1e-06, 0.1], "k_pid_hsp": [4.63629610705457, 0.15499274617863026, 0.0], "k_pid_vsp": [167.34989377072642, 217.86284245881782, 44.37895714908501]}, "datetime": {"datetime": "2025-08-21 08:00:36", "elapsed": 72490.693141222, "delta": 46.21432638168335}, "costs": {"total_cost": 1251.3041201819826, "time_cost": 150, "final_distance_cost": 64.06508506746117, "oscillation_cost": 66.57898969201905, "completition_cost": 888.8888888888888, "overshoot_cost": 40.974473644616936, "power_cost": 23.67319061279297, "noise_cost": 17.123492276203837, "n_waypoints_completed": 1, "tot_waypoints": 9}}
{"target": -348.6131016392834, "params": {"k_pid_pos": [2.0, 0.0, 0.18895459892724173], "k_pid_alt": [2.0, 1.0, 0.0], "k_pid_att": [14.826719151774167, 4.582757879108362, 0.6225663552526878], "k_pid_yaw": [0.5, 1e-06, 0.1], "k_pid_hsp": [8.12272780519068, 1.0, 1.0], "k_pid_vsp": [206.04760844589168, 296.90303846517355, 69.57654011916898]}, "datetime": {"datetime": "2025-08-21 08:01:14", "elapsed": 72528.70732975006, "delta": 38.01418852806091}, "costs": {"total_cost": 348.6131016392834, "time_cost": 88.0, "final_distance_cost": 1.719461427195555, "oscillation_cost": 175.13950805463244, "completition_cost": 0.0, "overshoot_cost": 53.61105128318418, "power_cost": 16.552199133300782, "noise_cost": 13.590881740970426, "n_waypoints_completed": 9, "tot_waypoints": 9}}
{"target": -295.2300121986913, "params": {"k_pid_pos": [2.0, 0.0, 1.0], "k_pid_alt": [0.808734086492282, 0.0, 0.0], "k_pid_att": [14.161000265246052, 8.188306024335462, 1.0], "k_pid_yaw": [0.5, 1e-06, 0.1], "k_pid_hsp": [9.388807617021035, 0.46027518088024705, 0.5203900419388209], "k_pid_vsp": [19.89227364787188, 310.65354295803, 30.405498504020223]}, "datetime": {"datetime": "2025-08-21 08:01:55", "elapsed": 72569.89485502243, "delta": 41.187525272369385}, "costs": {"total_cost": 295.2300121986913, "time_cost": 73.296, "final_distance_cost": 1.8053333396385203, "oscillation_cost": 142.74857614782707, "completition_cost": 0.0, "overshoot_cost": 51.41307456568529, "power_cost": 14.64138974609375, "noise_cost": 11.325638399446689, "n_waypoints_completed": 9, "tot_waypoints": 9}}
{"target": -690.4308655501424, "params": {"k_pid_pos": [0.6615433707521305, 0.011860876626260564, 0.8537253932345945], "k_pid_alt": [0.8067265779141719, 0.6057239938848351, 0.18948793699399213], "k_pid_att": [95.09710006447163, 9.89051056172089, 0.4477047362088945], "k_pid_yaw": [0.5, 1e-06, 0.1], "k_pid_hsp": [9.880905363005565, 0.8209764171798165, 0.8848471524620697], "k_pid_vsp": [113.21306457480551, 276.3709079175732, 99.36576707674986]}, "datetime": {"datetime": "2025-08-21 08:02:31", "elapsed": 72605.9819893837, "delta": 36.08713436126709}, "costs": {"total_cost": 690.4308655501424, "time_cost": 150, "final_distance_cost": 4.206853773662538, "oscillation_cost": 327.1295604242167, "completition_cost": 111.11111111111116, "overshoot_cost": 59.66579047496292, "power_cost": 21.85663983154297, "noise_cost": 16.460909934646, "n_waypoints_completed": 8, "tot_waypoints": 9}}
{"target": -717.0459548346175, "params": {"k_pid_pos": [1.955510390303067, 1.0, 0.5973997581577464], "k_pid_alt": [1.6337311962345318, 0.3535553575825096, 0.3813922789558049], "k_pid_att": [7.810085576304579, 6.285483278667809, 0.6903325006724672], "k_pid_yaw": [0.5, 1e-06, 0.1], "k_pid_hsp": [8.18553092520804, 0.6290522021492168, 0.6702413356090776], "k_pid_vsp": [204.2415291393686, 222.62469733226638, 79.79985195802008]}, "datetime": {"datetime": "2025-08-21 08:03:25", "elapsed": 72659.88693118095, "delta": 53.90494179725647}, "costs": {"total_cost": 717.0459548346175, "time_cost": 150, "final_distance_cost": 68.01650463858894, "oscillation_cost": 192.6013769217057, "completition_cost": 222.2222222222222, "overshoot_cost": 49.25196745565032, "power_cost": 20.260076843261718, "noise_cost": 14.693806753188689, "n_waypoints_completed": 7, "tot_waypoints": 9}}
{"target": -395.15451031346345, "params": {"k_pid_pos": [1.1087498173191088, 0.373825473817801, 0.26219384039625543], "k_pid_alt": [0.6944686594592939, 0.35495979936179894, 0.7344230884094523], "k_pid_att": [12.253793154927239, 5.373464821754138, 0.41800985629293663], "k_pid_yaw": [0.5, 1e-06, 0.1], "k_pid_hsp": [4.828142534022129, 0.33646204771889376, 0.22220847371046049], "k_pid_vsp": [242.2203545720575, 378.75370826658, 166.6025694431321]}, "datetime": {"datetime": "2025-08-21 08:04:10", "elapsed": 72705.35506510735, "delta": 45.4681339263916}, "costs": {"total_cost": 395.15451031346345, "time_cost": 99.352, "final_distance_cost": 1.8010281688788865, "oscillation_cost": 200.14448158994827, "completition_cost": 0.0, "overshoot_cost": 54.81500928945296, "power_cost": 22.379654882812503, "noise_cost": 16.66233638237074, "n_waypoints_completed": 9, "tot_waypoints": 9}}
{"target": -1415.7208309300045, "params": {"k_pid_pos": [0.048095138790521116, 0.33999586665711545, 0.7642384940345852], "k_pid_alt": [0.9864105265809842, 0.749671871371464, 0.8965255976991964], "k_pid_att": [11.076005806444888, 7.380084358751821, 0.2325905464630853], "k_pid_yaw": [0.5, 1e-06, 0.1], "k_pid_hsp": [3.260067991203518, 0.45237438873233893, 0.6055458209566268], "k_pid_vsp": [236.8534859012911, 379.89547672950175, 163.4751448761869]}, "datetime": {"datetime": "2025-08-21 08:05:09", "elapsed": 72763.97576117516, "delta": 58.62069606781006}, "costs": {"total_cost": 1415.7208309300045, "time_cost": 150, "final_distance_cost": 87.82837761436642, "oscillation_cost": 314.86228818285804, "completition_cost": 777.7777777777778, "overshoot_cost": 51.70946287628074, "power_cost": 19.329619873046877, "noise_cost": 14.213304605674624, "n_waypoints_completed": 2, "tot_waypoints": 9}}
