{"target": -1081.8367301177748, "params": {"k_pid_pos": [0.42317815142626464, 0.39838609701159655, 0.8844468685076317], "k_pid_alt": [0.22239486290407062, 0.34308464130434513, 0.9589701760173008], "k_pid_att": [11.185165863198765, 2.7211922819551413, 0.5301917836687617], "k_pid_yaw": [0.5, 1e-06, 0.1], "k_pid_hsp": [1.877330315800965, 0.9227659523101835, 0.24020113585967795], "k_pid_vsp": [166.84435817041745, 144.0080138162985, 385.5821557299689]}, "datetime": {"datetime": "2025-08-20 20:44:31", "elapsed": 31925.58525466919, "delta": 34.40938401222229}, "costs": {"total_cost": 1081.8367301177748, "time_cost": 150, "final_distance_cost": 40.54436193594393, "oscillation_cost": 231.72937164941263, "completition_cost": 555.5555555555555, "overshoot_cost": 65.27236451875575, "power_cost": 20.186936486816407, "noise_cost": 18.548139971290603, "n_waypoints_completed": 4, "tot_waypoints": 9}}
{"target": -1651.0834189018333, "params": {"k_pid_pos": [1.4780803809428231, 0.5634906063954626, 0.8067398951214731], "k_pid_alt": [1.6801115960596955, 0.9351681184173922, 0.7588192527525222], "k_pid_att": [76.36317612222761, 1.7892061884551826, 0.4922956935847571], "k_pid_yaw": [0.5, 1e-06, 0.1], "k_pid_hsp": [0.452534687416164, 0.5335666426732629, 0.5356385415828018], "k_pid_vsp": [22.01362296847971, 213.78304796261182, 133.86803342764853]}, "datetime": {"datetime": "2025-08-20 20:45:04", "elapsed": 31959.105602264404, "delta": 33.520347595214844}, "costs": {"total_cost": 1651.0834189018333, "time_cost": 150, "final_distance_cost": 49.86129896086542, "oscillation_cost": 372.80861507350494, "completition_cost": 1000.0, "overshoot_cost": 38.480103084024464, "power_cost": 22.358456274414063, "noise_cost": 17.57494550902457, "n_waypoints_completed": 0, "tot_waypoints": 9}}
{"target": -647.6738760613398, "params": {"k_pid_pos": [1.5797652611452988, 0.20135114844301827, 0.46444092156543837], "k_pid_alt": [0.3320250524932542, 0.12518257729023474, 0.8862432666154175], "k_pid_att": [42.02885361848999, 6.406727519440241, 0.02083354009929106], "k_pid_yaw": [0.5, 1e-06, 0.1], "k_pid_hsp": [9.201191849283514, 0.8671313080300285, 0.9427723052028549], "k_pid_vsp": [221.3106397976935, 388.47412966520426, 77.16430536984413]}, "datetime": {"datetime": "2025-08-20 20:45:32", "elapsed": 31987.108278274536, "delta": 28.002676010131836}, "costs": {"total_cost": 647.6738760613398, "time_cost": 150, "final_distance_cost": 3.4054091445662125, "oscillation_cost": 292.70657637301673, "completition_cost": 111.11111111111116, "overshoot_cost": 53.1633925946544, "power_cost": 21.15468485107422, "noise_cost": 16.132701986917073, "n_waypoints_completed": 8, "tot_waypoints": 9}}
{"target": -363.3088310446944, "params": {"k_pid_pos": [0.7331131704309706, 0.33199927661627227, 0.23599633656467933], "k_pid_alt": [1.5198793402082258, 0.372830848856749, 0.1556691490557791], "k_pid_att": [6.781658561408355, 1.2738756806305667, 0.14040807963705848], "k_pid_yaw": [0.5, 1e-06, 0.1], "k_pid_hsp": [8.361350979315237, 0.2590243590558273, 0.4908060842619971], "k_pid_vsp": [85.8148138731536, 82.45449310225828, 32.588960681884984]}, "datetime": {"datetime": "2025-08-20 20:46:03", "elapsed": 32017.774149656296, "delta": 30.665871381759644}, "costs": {"total_cost": 363.3088310446944, "time_cost": 94.456, "final_distance_cost": 1.7688358423914816, "oscillation_cost": 179.64133738086403, "completition_cost": 0.0, "overshoot_cost": 53.962272004668094, "power_cost": 19.1356064453125, "noise_cost": 14.344779371458339, "n_waypoints_completed": 9, "tot_waypoints": 9}}
{"target": -1194.3230305228356, "params": {"k_pid_pos": [1.081535945997293, 0.14132290647793455, 0.08194680641645113], "k_pid_alt": [1.3257135671349054, 0.030366571125154174, 0.45508994512158407], "k_pid_att": [95.04404006008699, 2.0207867570571096, 0.15464092901908189], "k_pid_yaw": [0.5, 1e-06, 0.1], "k_pid_hsp": [7.568928968402299, 0.25736291946424494, 0.13932498905556345], "k_pid_vsp": [135.43788576533942, 114.59281472572603, 239.61979417145014]}, "datetime": {"datetime": "2025-08-20 20:46:34", "elapsed": 32049.27000594139, "delta": 31.495856285095215}, "costs": {"total_cost": 1194.3230305228356, "time_cost": 150, "final_distance_cost": 43.10546872627311, "oscillation_cost": 357.5359623865063, "completition_cost": 555.5555555555555, "overshoot_cost": 47.34562559915643, "power_cost": 22.626391552734376, "noise_cost": 18.154026702609965, "n_waypoints_completed": 4, "tot_waypoints": 9}}
{"target": -1356.5432278772496, "params": {"k_pid_pos": [1.3586650988081943, 0.6451233294181986, 0.6111846788299153], "k_pid_alt": [0.6417357762676359, 0.508036847268511, 0.8204535945656036], "k_pid_att": [72.6767581689501, 5.232661891035444, 0.03971081350171213], "k_pid_yaw": [0.5, 1e-06, 0.1], "k_pid_hsp": [0.46166709412906287, 0.2969434410504468, 0.6749369974364341], "k_pid_vsp": [340.4149898266779, 379.3978067980782, 31.754593181515236]}, "datetime": {"datetime": "2025-08-20 20:47:02", "elapsed": 32077.42954301834, "delta": 28.159537076950073}, "costs": {"total_cost": 1356.5432278772496, "time_cost": 150, "final_distance_cost": 45.59932988945301, "oscillation_cost": 403.036826705074, "completition_cost": 666.6666666666667, "overshoot_cost": 53.106441350464955, "power_cost": 20.77468260498047, "noise_cost": 17.35928066061039, "n_waypoints_completed": 3, "tot_waypoints": 9}}
{"target": -1669.5020376399693, "params": {"k_pid_pos": [0.3272841160143387, 0.41924564447314017, 0.9148134428773064], "k_pid_alt": [0.48678937095003216, 0.027768481053170757, 0.8192054146572687], "k_pid_att": [70.81449581613228, 8.860456409622422, 0.7502409510951675], "k_pid_yaw": [0.5, 1e-06, 0.1], "k_pid_hsp": [5.199593376584583, 0.5029602630615748, 0.22642874556373727], "k_pid_vsp": [89.0460854445788, 91.97149383881349, 176.81174231136887]}, "datetime": {"datetime": "2025-08-20 20:47:37", "elapsed": 32111.806270837784, "delta": 34.37672781944275}, "costs": {"total_cost": 1669.5020376399693, "time_cost": 150, "final_distance_cost": 46.74812418169422, "oscillation_cost": 420.5052614792612, "completition_cost": 1000.0, "overshoot_cost": 16.98966750198626, "power_cost": 19.41965330810547, "noise_cost": 15.839331168921953, "n_waypoints_completed": 0, "tot_waypoints": 9}}
{"target": -1645.5216012659694, "params": {"k_pid_pos": [1.5051212956221902, 0.7517991238937292, 0.7437852793411028], "k_pid_alt": [0.7647462298596821, 0.6197370299399236, 0.24441558787179551], "k_pid_att": [14.063721606616664, 4.260591294133818, 0.3237401601900337], "k_pid_yaw": [0.5, 1e-06, 0.1], "k_pid_hsp": [0.7910415239827547, 0.030416759391603376, 0.7163798967731536], "k_pid_vsp": [268.83563643612194, 209.2356170432943, 384.2192765148153]}, "datetime": {"datetime": "2025-08-20 20:48:08", "elapsed": 32143.432719945908, "delta": 31.62644910812378}, "costs": {"total_cost": 1645.5216012659694, "time_cost": 150, "final_distance_cost": 43.95948877934243, "oscillation_cost": 372.12220990321134, "completition_cost": 1000.0, "overshoot_cost": 40.41173498585779, "power_cost": 21.38193204345703, "noise_cost": 17.646235554100613, "n_waypoints_completed": 0, "tot_waypoints": 9}}
{"target": -1305.681814435527, "params": {"k_pid_pos": [0.5784213977206544, 0.38993377635235904, 0.721335772607267], "k_pid_alt": [0.6548518378385639, 0.02690270446889298, 0.11187474940687814], "k_pid_att": [96.7745162519824, 9.14573433510333, 0.8906115869287736], "k_pid_yaw": [0.5, 1e-06, 0.1], "k_pid_hsp": [7.743769634810143, 0.6678916777187784, 0.81524395525952], "k_pid_vsp": [322.0679023345457, 3.8179610579281364, 298.7833352837426]}, "datetime": {"datetime": "2025-08-20 20:48:37", "elapsed": 32171.90829181671, "delta": 28.475571870803833}, "costs": {"total_cost": 1305.681814435527, "time_cost": 150, "final_distance_cost": 53.36452423205283, "oscillation_cost": 354.70320311879584, "completition_cost": 666.6666666666667, "overshoot_cost": 40.82708751670901, "power_cost": 22.6605384765625, "noise_cost": 17.459794424740153, "n_waypoints_completed": 3, "tot_waypoints": 9}}
{"target": -479.1032290726077, "params": {"k_pid_pos": [0.534723422846595, 0.10850603032708239, 0.4918285342192089], "k_pid_alt": [0.3995558424827963, 0.33644269915572866, 0.27798989228082327], "k_pid_att": [31.452737416766908, 7.542730923200966, 0.3408741632656963], "k_pid_yaw": [0.5, 1e-06, 0.1], "k_pid_hsp": [0.25772997401417586, 0.7227936342845198, 0.0375689524344629], "k_pid_vsp": [189.80944168808662, 32.16748558885703, 61.41675307370035]}, "datetime": {"datetime": "2025-08-20 20:49:06", "elapsed": 32200.928372383118, "delta": 29.02008056640625}, "costs": {"total_cost": 479.1032290726077, "time_cost": 150, "final_distance_cost": 19.559719570186726, "oscillation_cost": 101.9002435574659, "completition_cost": 111.11111111111116, "overshoot_cost": 57.86624258077757, "power_cost": 22.074956567382813, "noise_cost": 16.590955685683603, "n_waypoints_completed": 8, "tot_waypoints": 9}}
{"target": -972.3344577444627, "params": {"k_pid_pos": [0.8245572468778192, 0.4338667517318643, 0.9884666952473905], "k_pid_alt": [1.9517203220684276, 0.3088628127402422, 0.218802442245856], "k_pid_att": [62.02847772392824, 6.190418160298042, 0.7627642690834783], "k_pid_yaw": [0.5, 1e-06, 0.1], "k_pid_hsp": [5.170677805970154, 0.31992064757376015, 0.37251196643283], "k_pid_vsp": [251.91090191370952, 239.37278450600783, 218.02335774952866]}, "datetime": {"datetime": "2025-08-20 20:49:43", "elapsed": 32237.679041862488, "delta": 36.75066947937012}, "costs": {"total_cost": 972.3344577444627, "time_cost": 150, "final_distance_cost": 74.7573332347597, "oscillation_cost": 330.14318753126025, "completition_cost": 333.33333333333337, "overshoot_cost": 43.895447546624276, "power_cost": 23.296618981933594, "noise_cost": 16.908537116551486, "n_waypoints_completed": 6, "tot_waypoints": 9}}
{"target": -771.3586909799104, "params": {"k_pid_pos": [1.5174471472382363, 0.1294909770046756, 0.12381972987179268], "k_pid_alt": [1.1920462331906734, 0.3252037836903451, 0.18614630861591974], "k_pid_att": [74.7960695719931, 3.472792280746151, 0.640716289516958], "k_pid_yaw": [0.5, 1e-06, 0.1], "k_pid_hsp": [3.5181441200312604, 0.14363583624225906, 0.8599915075093937], "k_pid_vsp": [215.83066321343628, 262.5974320515826, 296.8482265270587]}, "datetime": {"datetime": "2025-08-20 20:50:14", "elapsed": 32268.939131736755, "delta": 31.260089874267578}, "costs": {"total_cost": 771.3586909799104, "time_cost": 150, "final_distance_cost": 68.89275549067273, "oscillation_cost": 236.05669974406504, "completition_cost": 222.2222222222222, "overshoot_cost": 58.162047075952216, "power_cost": 19.48836990966797, "noise_cost": 16.536596537330336, "n_waypoints_completed": 7, "tot_waypoints": 9}}
{"target": -1455.175238852228, "params": {"k_pid_pos": [0.11678189463316746, 0.4062808273045171, 0.9873620739863818], "k_pid_alt": [0.4400392012407257, 0.3509796350461546, 0.059847872266856394], "k_pid_att": [43.226122932370394, 3.785015921866239, 0.6418886504112854], "k_pid_yaw": [0.5, 1e-06, 0.1], "k_pid_hsp": [7.323286245140905, 0.049280688265674666, 0.5847115472117469], "k_pid_vsp": [244.79223946474372, 363.7732697215784, 68.40000221378381]}, "datetime": {"datetime": "2025-08-20 20:50:43", "elapsed": 32297.675828933716, "delta": 28.73669719696045}, "costs": {"total_cost": 1455.175238852228, "time_cost": 150, "final_distance_cost": 84.67224812370668, "oscillation_cost": 370.0826673420415, "completition_cost": 777.7777777777778, "overshoot_cost": 37.88718085401728, "power_cost": 19.84973377685547, "noise_cost": 14.905630977829345, "n_waypoints_completed": 2, "tot_waypoints": 9}}
{"target": -1490.5204156735053, "params": {"k_pid_pos": [1.261278413493049, 0.4706421883998497, 0.19041634301087618], "k_pid_alt": [1.180463876788838, 0.2823718698567712, 0.9965216595055416], "k_pid_att": [94.76410221274908, 5.0965491428770155, 0.7314256805678546], "k_pid_yaw": [0.5, 1e-06, 0.1], "k_pid_hsp": [2.1291415449246487, 0.40578429826485696, 0.6431492590789579], "k_pid_vsp": [84.69014884644137, 118.5926750278099, 373.5531974991161]}, "datetime": {"datetime": "2025-08-20 20:51:11", "elapsed": 32325.817470788956, "delta": 28.141641855239868}, "costs": {"total_cost": 1490.5204156735053, "time_cost": 150, "final_distance_cost": 42.58920522992909, "oscillation_cost": 158.26250621401365, "completition_cost": 1000.0, "overshoot_cost": 90.24605707079492, "power_cost": 22.09440985107422, "noise_cost": 27.328237307693275, "n_waypoints_completed": 0, "tot_waypoints": 9}}
{"target": -1168.5332674723354, "params": {"k_pid_pos": [0.11294504199729301, 0.9232903798179842, 0.1516507903240213], "k_pid_alt": [1.327160014409832, 0.8997363363526774, 0.39052986282736246], "k_pid_att": [30.892481157670705, 4.289891735037724, 0.026695885323940627], "k_pid_yaw": [0.5, 1e-06, 0.1], "k_pid_hsp": [6.21265693572146, 0.11655439252099387, 0.7649687253745027], "k_pid_vsp": [211.506034414912, 134.2809714457459, 174.85420379915092]}, "datetime": {"datetime": "2025-08-20 20:51:43", "elapsed": 32357.94168305397, "delta": 32.12421226501465}, "costs": {"total_cost": 1168.5332674723354, "time_cost": 150, "final_distance_cost": 62.14849342704143, "oscillation_cost": 172.00023457758488, "completition_cost": 666.6666666666667, "overshoot_cost": 78.12553745616603, "power_cost": 23.0628712890625, "noise_cost": 16.52946405581382, "n_waypoints_completed": 3, "tot_waypoints": 9}}
{"target": -947.2988921262363, "params": {"k_pid_pos": [0.8298492497825817, 0.6730216282302421, 0.7934249820773114], "k_pid_alt": [1.09923402121235, 0.41209457428101326, 0.3090090105130173], "k_pid_att": [69.1712750453457, 7.901387708995072, 0.5799703582317217], "k_pid_yaw": [0.5, 1e-06, 0.1], "k_pid_hsp": [8.572935015036638, 0.2841001319124501, 0.82699287712385], "k_pid_vsp": [345.93971909487215, 144.49445522010646, 227.64277167029155]}, "datetime": {"datetime": "2025-08-20 20:52:12", "elapsed": 32386.607841730118, "delta": 28.66615867614746}, "costs": {"total_cost": 947.2988921262363, "time_cost": 150, "final_distance_cost": 77.22154040691137, "oscillation_cost": 302.00389572500876, "completition_cost": 333.33333333333337, "overshoot_cost": 46.46276534902693, "power_cost": 21.745089672851563, "noise_cost": 16.532267639104344, "n_waypoints_completed": 6, "tot_waypoints": 9}}
{"target": -1066.0038868897507, "params": {"k_pid_pos": [0.4769616010837254, 0.8593257972689762, 0.9655235156465461], "k_pid_alt": [1.6044612128463092, 0.2177526151253757, 0.930101830209646], "k_pid_att": [35.54591282840456, 8.719259477134077, 0.3783552058445684], "k_pid_yaw": [0.5, 1e-06, 0.1], "k_pid_hsp": [1.7402590071352941, 0.20354289569752138, 0.3799647947659057], "k_pid_vsp": [235.3490010886563, 358.06513901878856, 227.92819685205126]}, "datetime": {"datetime": "2025-08-20 20:52:40", "elapsed": 32414.98025202751, "delta": 28.3724102973938}, "costs": {"total_cost": 1066.0038868897507, "time_cost": 150, "final_distance_cost": 45.588782407559606, "oscillation_cost": 235.81531096230898, "completition_cost": 555.5555555555555, "overshoot_cost": 45.03899664797486, "power_cost": 19.220270019531252, "noise_cost": 14.784971296820505, "n_waypoints_completed": 4, "tot_waypoints": 9}}
{"target": -1688.1825820683082, "params": {"k_pid_pos": [0.531501599092806, 0.49298404756965297, 0.24086820450202384], "k_pid_alt": [1.2459383357984073, 0.44682161246928653, 0.8257240118029701], "k_pid_att": [19.47331643696366, 9.823196831554716, 0.11877580000566268], "k_pid_yaw": [0.5, 1e-06, 0.1], "k_pid_hsp": [7.554876868815732, 0.9794246227349993, 0.9214887290273867], "k_pid_vsp": [14.464936298320774, 209.03014064578696, 313.70518987037326]}, "datetime": {"datetime": "2025-08-20 20:53:18", "elapsed": 32452.539783477783, "delta": 37.559531450271606}, "costs": {"total_cost": 1688.1825820683082, "time_cost": 150, "final_distance_cost": 20.514766266383187, "oscillation_cost": 357.60733690393414, "completition_cost": 1000.0, "overshoot_cost": 114.91815589039598, "power_cost": 17.56870242919922, "noise_cost": 27.57362057839545, "n_waypoints_completed": 0, "tot_waypoints": 9}}
{"target": -1160.427640164286, "params": {"k_pid_pos": [1.6713052086032787, 0.9237648822924053, 0.9034248438010408], "k_pid_alt": [0.1280672948273669, 0.4173352856846805, 0.6502339379481893], "k_pid_att": [66.79086117615655, 1.9867027592409756, 0.12140635145684342], "k_pid_yaw": [0.5, 1e-06, 0.1], "k_pid_hsp": [9.651294180813313, 0.8014815425502863, 0.7642953398591578], "k_pid_vsp": [35.55451349854417, 197.20874161996466, 346.7171181481463]}, "datetime": {"datetime": "2025-08-20 20:53:46", "elapsed": 32481.15646338463, "delta": 28.616679906845093}, "costs": {"total_cost": 1160.427640164286, "time_cost": 150, "final_distance_cost": 46.63049903030308, "oscillation_cost": 283.5071003464965, "completition_cost": 555.5555555555555, "overshoot_cost": 83.41710716860004, "power_cost": 22.959843041992187, "noise_cost": 18.35753502133867, "n_waypoints_completed": 4, "tot_waypoints": 9}}
{"target": -1512.077365708322, "params": {"k_pid_pos": [0.7319890299833774, 0.22477825964857012, 0.9255496392096998], "k_pid_alt": [1.763204451793314, 0.5528146287154454, 0.6119476673855354], "k_pid_att": [9.967756175960506, 7.464178874052135, 0.3408457477878083], "k_pid_yaw": [0.5, 1e-06, 0.1], "k_pid_hsp": [0.06259506823822951, 0.4610933000492561, 0.7769470410158443], "k_pid_vsp": [226.05207657195297, 297.2283557846592, 274.8418922667558]}, "datetime": {"datetime": "2025-08-20 20:54:15", "elapsed": 32509.598421812057, "delta": 28.4419584274292}, "costs": {"total_cost": 1512.077365708322, "time_cost": 150, "final_distance_cost": 62.80987915884565, "oscillation_cost": 310.19909687919807, "completition_cost": 888.8888888888888, "overshoot_cost": 63.155481560134376, "power_cost": 21.008790075683596, "noise_cost": 16.0152291455716, "n_waypoints_completed": 1, "tot_waypoints": 9}}
{"target": -362.53210777319646, "params": {"k_pid_pos": [1.9522329849307303, 0.6652752779955929, 0.5579020622512474], "k_pid_alt": [1.2409147065252764, 0.030278552418938065, 0.7964461607002772], "k_pid_att": [42.42615832540092, 0.8701086766625812, 0.6213842457022524], "k_pid_yaw": [0.5, 1e-06, 0.1], "k_pid_hsp": [5.060591572903055, 0.32946426498161085, 0.17479259603537212], "k_pid_vsp": [391.8089294643113, 35.30298097630702, 189.41065539745372]}, "datetime": {"datetime": "2025-08-20 20:54:43", "elapsed": 32537.81658101082, "delta": 28.218159198760986}, "costs": {"total_cost": 362.53210777319646, "time_cost": 93.752, "final_distance_cost": 1.8464572155568169, "oscillation_cost": 169.69921461154615, "completition_cost": 0.0, "overshoot_cost": 58.87646539235455, "power_cost": 21.846535693359375, "noise_cost": 16.5114348603796, "n_waypoints_completed": 9, "tot_waypoints": 9}}
{"target": -355.7881319009766, "params": {"k_pid_pos": [1.5644904604002443, 0.5381880707917733, 0.2158215070175744], "k_pid_alt": [1.4444258587975718, 0.3119094561917476, 0.372225023126352], "k_pid_att": [17.605735510536235, 5.604733588714388, 0.8430822202509366], "k_pid_yaw": [0.5, 1e-06, 0.1], "k_pid_hsp": [7.3546172058246, 0.07246073971577205, 0.6851761610231004], "k_pid_vsp": [361.55409554555973, 121.77054111392508, 43.24542218642244]}, "datetime": {"datetime": "2025-08-20 20:55:11", "elapsed": 32565.943371534348, "delta": 28.126790523529053}, "costs": {"total_cost": 355.7881319009766, "time_cost": 95.04, "final_distance_cost": 1.7586035198453471, "oscillation_cost": 166.67164577941634, "completition_cost": 0.0, "overshoot_cost": 56.29051469144744, "power_cost": 20.857924548339845, "noise_cost": 15.169443361927605, "n_waypoints_completed": 9, "tot_waypoints": 9}}
{"target": -1087.0524250007866, "params": {"k_pid_pos": [1.6890150951970644, 0.48962644811794376, 0.14816942555206236], "k_pid_alt": [1.1232486040331902, 0.46158818541976465, 0.05271085208020254], "k_pid_att": [19.43769273116718, 0.3591563764099361, 0.9539838108699924], "k_pid_yaw": [0.5, 1e-06, 0.1], "k_pid_hsp": [9.56667438053263, 0.2655812077553378, 0.41819561713510733], "k_pid_vsp": [251.2690812339274, 224.43764637138497, 347.5422932299819]}, "datetime": {"datetime": "2025-08-20 20:55:44", "elapsed": 32599.277694940567, "delta": 33.33432340621948}, "costs": {"total_cost": 1087.0524250007866, "time_cost": 150, "final_distance_cost": 41.215434126016646, "oscillation_cost": 230.28212465762104, "completition_cost": 555.5555555555555, "overshoot_cost": 69.48975151939432, "power_cost": 21.73604206542969, "noise_cost": 18.773517076769057, "n_waypoints_completed": 4, "tot_waypoints": 9}}
{"target": -1213.436483127437, "params": {"k_pid_pos": [0.15037874885474342, 0.13344068801579945, 0.4567017914393835], "k_pid_alt": [1.890482688336969, 0.8330273720423144, 0.5576760166616288], "k_pid_att": [37.10341098606378, 2.2066729794359667, 0.8631194573267637], "k_pid_yaw": [0.5, 1e-06, 0.1], "k_pid_hsp": [2.9554644254063893, 0.12486027555860013, 0.28502733967476435], "k_pid_vsp": [388.180731161924, 251.57703310328526, 45.48922913230201]}, "datetime": {"datetime": "2025-08-20 20:56:14", "elapsed": 32629.24622154236, "delta": 29.968526601791382}, "costs": {"total_cost": 1213.436483127437, "time_cost": 150, "final_distance_cost": 51.93590268793811, "oscillation_cost": 261.3870151556273, "completition_cost": 666.6666666666667, "overshoot_cost": 49.01822433777634, "power_cost": 19.266731567382813, "noise_cost": 15.161942712045862, "n_waypoints_completed": 3, "tot_waypoints": 9}}
