{"target": -316.4946026261837, "params": {"k_pid_pos": [1.7120556023486837, 0.4806845071469648, 0.3122286199947183], "k_pid_alt": [1.624643461301539, 0.5453451361068367, 0.12958762224045742], "k_pid_att": [13.687350536390067, 7.58892994743313, 0.8906772109839088], "k_pid_yaw": [0.5, 1e-06, 0.1], "k_pid_hsp": [6.985887905063178, 0.012386467240336084, 0.9748316207791008], "k_pid_vsp": [362.40746059577407, 125.70165743844062, 42.10028095473294]}, "datetime": {"datetime": "2025-08-21 02:51:19", "elapsed": 53934.244626283646, "delta": 36.40619444847107}, "costs": {"total_cost": 316.4946026261837, "time_cost": 82.056, "final_distance_cost": 1.749336062835256, "oscillation_cost": 147.3533453474808, "completition_cost": 0.0, "overshoot_cost": 53.713029439670734, "power_cost": 18.199152160644534, "noise_cost": 13.42373961555242, "n_waypoints_completed": 9, "tot_waypoints": 9}}
{"target": -300.27996035776175, "params": {"k_pid_pos": [2.0, 0.0, 0.0], "k_pid_alt": [2.0, 0.0, 0.504484716879359], "k_pid_att": [50.47400069443517, 3.6751989345006275, 0.20516624309361506], "k_pid_yaw": [0.5, 1e-06, 0.1], "k_pid_hsp": [5.949386279034739, 0.4212493993406118, 0.957651150123906], "k_pid_vsp": [343.9691096881799, 212.58653819856167, 25.34433933921622]}, "datetime": {"datetime": "2025-08-21 02:51:58", "elapsed": 53973.02685880661, "delta": 38.78223252296448}, "costs": {"total_cost": 300.27996035776175, "time_cost": 68.248, "final_distance_cost": 1.7701151319868806, "oscillation_cost": 156.5522072945806, "completition_cost": 0.0, "overshoot_cost": 48.936812494164805, "power_cost": 13.824828930664063, "noise_cost": 10.947996506365389, "n_waypoints_completed": 9, "tot_waypoints": 9}}
{"target": -280.8913619580471, "params": {"k_pid_pos": [0.9928602638206571, 0.444764369833617, 0.2668565351298855], "k_pid_alt": [1.0697093704039304, 0.5578161971698881, 0.8479586454331519], "k_pid_att": [11.907042740370988, 6.980229731760685, 0.8433709169428618], "k_pid_yaw": [0.5, 1e-06, 0.1], "k_pid_hsp": [5.917585820558744, 0.06718594095040276, 0.15157238516627325], "k_pid_vsp": [59.33191183068982, 226.7490069283237, 85.71594228962572]}, "datetime": {"datetime": "2025-08-21 02:52:43", "elapsed": 54017.81663060188, "delta": 44.78977179527283}, "costs": {"total_cost": 280.8913619580471, "time_cost": 92.11200000000001, "final_distance_cost": 1.77567203818094, "oscillation_cost": 98.02679215797578, "completition_cost": 0.0, "overshoot_cost": 54.874413818582155, "power_cost": 19.313358068847656, "noise_cost": 14.789125874460579, "n_waypoints_completed": 9, "tot_waypoints": 9}}
{"target": -355.27274806373174, "params": {"k_pid_pos": [1.5784925492839583, 0.0, 1.0], "k_pid_alt": [1.2163714376038128, 0.21218951097586278, 0.8589358145161925], "k_pid_att": [8.392498353677139, 9.033747747092201, 0.870119928664292], "k_pid_yaw": [0.5, 1e-06, 0.1], "k_pid_hsp": [10.0, 0.0, 0.7642547991332134], "k_pid_vsp": [301.81170254915105, 195.3742510537339, 104.40864910605269]}, "datetime": {"datetime": "2025-08-21 02:53:36", "elapsed": 54071.1636326313, "delta": 53.347002029418945}, "costs": {"total_cost": 355.27274806373174, "time_cost": 85.552, "final_distance_cost": 1.7480393141845034, "oscillation_cost": 184.02304455040152, "completition_cost": 0.0, "overshoot_cost": 53.98181399302988, "power_cost": 17.160655041503908, "noise_cost": 12.807195164611926, "n_waypoints_completed": 9, "tot_waypoints": 9}}
{"target": -382.93018819235635, "params": {"k_pid_pos": [0.9351783800255004, 0.6356177848865056, 0.42857485694862607], "k_pid_alt": [1.250088856360178, 0.36778419267945384, 0.29201941499917883], "k_pid_att": [38.376569034814935, 5.128282518206993, 0.2872082802158141], "k_pid_yaw": [0.5, 1e-06, 0.1], "k_pid_hsp": [2.0542811611618834, 0.45640268266990347, 0.12483541017114674], "k_pid_vsp": [314.8584987350365, 42.614906203722846, 60.66028435656835]}, "datetime": {"datetime": "2025-08-21 02:54:18", "elapsed": 54112.590901851654, "delta": 41.42726922035217}, "costs": {"total_cost": 382.93018819235635, "time_cost": 96.328, "final_distance_cost": 1.765968292443797, "oscillation_cost": 195.77518361257628, "completition_cost": 0.0, "overshoot_cost": 53.26875130753068, "power_cost": 20.178570349121095, "noise_cost": 15.613714630684466, "n_waypoints_completed": 9, "tot_waypoints": 9}}
{"target": -1258.2868033420855, "params": {"k_pid_pos": [0.0001, 0.0, 0.0], "k_pid_alt": [1.6182648718281696, 0.8945074504625452, 0.10045915024460918], "k_pid_att": [20.746033220833034, 5.953950727814743, 1.0], "k_pid_yaw": [0.5, 1e-06, 0.1], "k_pid_hsp": [2.7589323708459492, 0.7769269258523437, 0.0], "k_pid_vsp": [127.07859862440672, 148.46169895041137, 7.27024505021828]}, "datetime": {"datetime": "2025-08-21 02:55:06", "elapsed": 54161.061509370804, "delta": 48.47060751914978}, "costs": {"total_cost": 1258.2868033420855, "time_cost": 150, "final_distance_cost": 46.009703158381704, "oscillation_cost": 1.2813297089764322, "completition_cost": 1000.0, "overshoot_cost": 31.006117336666357, "power_cost": 15.993157690429689, "noise_cost": 13.99649544763127, "n_waypoints_completed": 0, "tot_waypoints": 9}}
{"target": -916.6124404525649, "params": {"k_pid_pos": [0.2307479604417506, 0.26292136615203854, 0.06184129729023169], "k_pid_alt": [0.9505255179970229, 0.5115246437136585, 0.7462213168101879], "k_pid_att": [28.43937029626854, 8.906469308541451, 0.31179688680919293], "k_pid_yaw": [0.5, 1e-06, 0.1], "k_pid_hsp": [2.5217650743054065, 0.6405802727467633, 0.44716259100271416], "k_pid_vsp": [357.26016608757584, 302.0785007406163, 138.37697199220176]}, "datetime": {"datetime": "2025-08-21 02:55:47", "elapsed": 54201.998715400696, "delta": 40.93720602989197}, "costs": {"total_cost": 916.6124404525649, "time_cost": 150, "final_distance_cost": 72.18741463437289, "oscillation_cost": 281.6496545658815, "completition_cost": 333.33333333333337, "overshoot_cost": 46.01923276778012, "power_cost": 18.454272399902344, "noise_cost": 14.968532751294683, "n_waypoints_completed": 6, "tot_waypoints": 9}}
{"target": -863.1191559979893, "params": {"k_pid_pos": [0.7677859610778011, 0.3009114580967833, 0.8074512844563558], "k_pid_alt": [1.1500447801202114, 0.5660607918884168, 0.8545588105540006], "k_pid_att": [45.8206514825897, 7.685222874767779, 0.6534481539158489], "k_pid_yaw": [0.5, 1e-06, 0.1], "k_pid_hsp": [9.616230779072334, 0.7267718663058105, 0.6152203664001468], "k_pid_vsp": [399.4025546357457, 49.96037399982268, 184.66009609760337]}, "datetime": {"datetime": "2025-08-21 02:56:25", "elapsed": 54239.897040605545, "delta": 37.89832520484924}, "costs": {"total_cost": 863.1191559979893, "time_cost": 150, "final_distance_cost": 74.3546995555545, "oscillation_cost": 333.12510481512174, "completition_cost": 222.2222222222222, "overshoot_cost": 48.899212276757936, "power_cost": 19.282110107421875, "noise_cost": 15.23580702091116, "n_waypoints_completed": 7, "tot_waypoints": 9}}
{"target": -309.59993361111015, "params": {"k_pid_pos": [1.6066861477295562, 0.08119732657725243, 0.4112474790337991], "k_pid_alt": [1.9005705670009858, 0.6434411728229342, 0.6289257423211054], "k_pid_att": [14.98309673210495, 3.8302825756123666, 0.5559531886024716], "k_pid_yaw": [0.5, 1e-06, 0.1], "k_pid_hsp": [6.276559931786376, 0.47345662474162076, 0.8544301256128919], "k_pid_vsp": [13.617757590095714, 347.41939483502284, 20.41977448864452]}, "datetime": {"datetime": "2025-08-21 02:57:08", "elapsed": 54282.5875043869, "delta": 42.69046378135681}, "costs": {"total_cost": 309.59993361111015, "time_cost": 81.032, "final_distance_cost": 1.7137457218326166, "oscillation_cost": 143.20206119229627, "completition_cost": 0.0, "overshoot_cost": 54.59664422061718, "power_cost": 16.79200938720703, "noise_cost": 12.263473089157056, "n_waypoints_completed": 9, "tot_waypoints": 9}}
{"target": -786.8584878920564, "params": {"k_pid_pos": [1.510575540612264, 0.2976789094551815, 0.3081484033920537], "k_pid_alt": [0.7147427219201452, 0.5882374587088519, 0.7395084543418247], "k_pid_att": [75.52572051937685, 5.16044094096134, 0.9696241456343899], "k_pid_yaw": [0.5, 1e-06, 0.1], "k_pid_hsp": [8.920245388384966, 0.9221233312368549, 0.39167669227739643], "k_pid_vsp": [185.1454313201614, 153.11557818822345, 71.09941215009496]}, "datetime": {"datetime": "2025-08-21 02:57:52", "elapsed": 54327.246109724045, "delta": 44.658605337142944}, "costs": {"total_cost": 786.8584878920564, "time_cost": 150, "final_distance_cost": 69.03292049859279, "oscillation_cost": 257.50657063906607, "completition_cost": 222.2222222222222, "overshoot_cost": 49.09597570301979, "power_cost": 21.9381916015625, "noise_cost": 17.062607227593027, "n_waypoints_completed": 7, "tot_waypoints": 9}}
{"target": -702.9283216288152, "params": {"k_pid_pos": [0.9931091664554176, 0.9796316660683745, 0.5026213906397868], "k_pid_alt": [1.1520819228069048, 0.5770334204503134, 0.9421995716105216], "k_pid_att": [12.13696252609553, 4.032332176304035, 0.5446437840530316], "k_pid_yaw": [0.5, 1e-06, 0.1], "k_pid_hsp": [6.0535202675937505, 0.5083000014674306, 0.6265290219656126], "k_pid_vsp": [375.87964768073033, 67.5563191655964, 146.51005037214898]}, "datetime": {"datetime": "2025-08-21 02:58:52", "elapsed": 54387.46499013901, "delta": 60.21888041496277}, "costs": {"total_cost": 702.9283216288152, "time_cost": 150, "final_distance_cost": 64.9513139502898, "oscillation_cost": 175.05420097118397, "completition_cost": 222.2222222222222, "overshoot_cost": 51.87724935264356, "power_cost": 22.367625402832033, "noise_cost": 16.455709729643626, "n_waypoints_completed": 7, "tot_waypoints": 9}}
{"target": -793.9545815382626, "params": {"k_pid_pos": [1.3694741490634674, 1.0, 0.4231207096974542], "k_pid_alt": [1.7078741393076726, 0.4826331751192068, 0.7936940343036991], "k_pid_att": [4.440850437808813, 2.5951073511078118, 0.33835227075993185], "k_pid_yaw": [0.5, 1e-06, 0.1], "k_pid_hsp": [6.199832914886463, 0.9323181821207515, 1.0], "k_pid_vsp": [266.8821426165071, 285.2612154325771, 29.884445787223846]}, "datetime": {"datetime": "2025-08-21 02:59:38", "elapsed": 54433.02762436867, "delta": 45.562634229660034}, "costs": {"total_cost": 793.9545815382626, "time_cost": 150, "final_distance_cost": 78.29489561839938, "oscillation_cost": 143.3256667263948, "completition_cost": 333.33333333333337, "overshoot_cost": 51.30278630220358, "power_cost": 21.899969299316407, "noise_cost": 15.797930258615155, "n_waypoints_completed": 6, "tot_waypoints": 9}}
{"target": -965.1322090354047, "params": {"k_pid_pos": [0.16263956312791314, 0.04063021402697731, 0.07456875828719933], "k_pid_alt": [0.6788454488846525, 0.7784429187107941, 0.12327806739746228], "k_pid_att": [7.929220140021142, 2.6434381060975447, 0.16032998194741588], "k_pid_yaw": [0.5, 1e-06, 0.1], "k_pid_hsp": [3.421039973116016, 0.42777111117395283, 0.2599592040937674], "k_pid_vsp": [178.08547176634067, 28.747337218147575, 8.08314399589632]}, "datetime": {"datetime": "2025-08-21 03:00:27", "elapsed": 54481.73523592949, "delta": 48.70761156082153}, "costs": {"total_cost": 965.1322090354047, "time_cost": 150, "final_distance_cost": 50.21352259848984, "oscillation_cost": 236.17379008642527, "completition_cost": 444.4444444444444, "overshoot_cost": 52.30531503558722, "power_cost": 16.806227490234377, "noise_cost": 15.188909380223565, "n_waypoints_completed": 5, "tot_waypoints": 9}}
{"target": -352.42023387980004, "params": {"k_pid_pos": [1.9223187150618732, 0.3793241310698423, 0.5141798024657505], "k_pid_alt": [1.7576700924645052, 0.5412186116345482, 0.827131827621316], "k_pid_att": [20.75849228880048, 1.4806241063317063, 0.7067636962029609], "k_pid_yaw": [0.5, 1e-06, 0.1], "k_pid_hsp": [9.185350684264597, 0.8471092416939545, 0.11925456155017011], "k_pid_vsp": [138.78738556803802, 17.012412205481976, 10.556924010472732]}, "datetime": {"datetime": "2025-08-21 03:01:16", "elapsed": 54531.43689370155, "delta": 49.70165777206421}, "costs": {"total_cost": 352.42023387980004, "time_cost": 93.70400000000001, "final_distance_cost": 1.711099914771887, "oscillation_cost": 169.72511491718768, "completition_cost": 0.0, "overshoot_cost": 53.498580384193595, "power_cost": 18.684159716796877, "noise_cost": 15.097278946849922, "n_waypoints_completed": 9, "tot_waypoints": 9}}
{"target": -826.6618660570662, "params": {"k_pid_pos": [0.49801312861858443, 0.7352954371692136, 0.5450854216709174], "k_pid_alt": [0.917974718860729, 0.13339856255223093, 0.5488323352301447], "k_pid_att": [40.66667224704078, 7.666347075891746, 0.9827197816045773], "k_pid_yaw": [0.5, 1e-06, 0.1], "k_pid_hsp": [7.058878589108503, 0.6715294286773685, 0.7529156262692382], "k_pid_vsp": [316.26491769441054, 42.678480960414255, 56.339727065402265]}, "datetime": {"datetime": "2025-08-21 03:01:55", "elapsed": 54569.78181171417, "delta": 38.34491801261902}, "costs": {"total_cost": 826.6618660570662, "time_cost": 150, "final_distance_cost": 60.880921855267054, "oscillation_cost": 204.9413746565222, "completition_cost": 333.33333333333337, "overshoot_cost": 41.31698245367198, "power_cost": 20.815436157226564, "noise_cost": 15.373817601045074, "n_waypoints_completed": 6, "tot_waypoints": 9}}
{"target": -943.372067916397, "params": {"k_pid_pos": [1.1268982814453434, 0.9090883187836742, 0.8139834633848514], "k_pid_alt": [0.3467092363511983, 0.43892800596816106, 0.4323624157770668], "k_pid_att": [20.46350651633937, 3.8632290187548297, 0.39541745233579173], "k_pid_yaw": [0.5, 1e-06, 0.1], "k_pid_hsp": [8.587702801993375, 0.3715593565974805, 0.5269752165011761], "k_pid_vsp": [209.12228052062383, 294.15494669526106, 67.03446339378202]}, "datetime": {"datetime": "2025-08-21 03:02:43", "elapsed": 54618.34082508087, "delta": 48.55901336669922}, "costs": {"total_cost": 943.372067916397, "time_cost": 150, "final_distance_cost": 73.54863817211596, "oscillation_cost": 299.62319768855974, "completition_cost": 333.33333333333337, "overshoot_cost": 47.597445070011354, "power_cost": 22.204597961425783, "noise_cost": 17.06485569095098, "n_waypoints_completed": 6, "tot_waypoints": 9}}
{"target": -282.52090864100205, "params": {"k_pid_pos": [1.6124808367428785, 0.0, 0.8645806703269786], "k_pid_alt": [2.0, 0.5220069882228549, 1.0], "k_pid_att": [5.318692497045461, 2.083096336262633, 0.7689635982614837], "k_pid_yaw": [0.5, 1e-06, 0.1], "k_pid_hsp": [5.416794403176313, 0.0, 0.47757177681252444], "k_pid_vsp": [101.07936168410843, 98.21765496266025, 28.849788461827483]}, "datetime": {"datetime": "2025-08-21 03:03:26", "elapsed": 54661.109872341156, "delta": 42.769047260284424}, "costs": {"total_cost": 282.52090864100205, "time_cost": 79.824, "final_distance_cost": 1.736906417158983, "oscillation_cost": 122.80081699934466, "completition_cost": 0.0, "overshoot_cost": 53.11623060192141, "power_cost": 14.137859448242189, "noise_cost": 10.905095174334821, "n_waypoints_completed": 9, "tot_waypoints": 9}}
{"target": -445.3947232106119, "params": {"k_pid_pos": [1.3903020318201897, 0.20413560988808133, 0.7127480443676509], "k_pid_alt": [0.9896269603267879, 0.11653923170022919, 0.07644525148547224], "k_pid_att": [37.11513462504843, 5.991458555136377, 0.6296329543845922], "k_pid_yaw": [0.5, 1e-06, 0.1], "k_pid_hsp": [7.744783758671093, 0.9425443235694242, 0.7914810796333266], "k_pid_vsp": [175.4333884238885, 49.75493996828175, 19.863933819212125]}, "datetime": {"datetime": "2025-08-21 03:04:09", "elapsed": 54703.623107910156, "delta": 42.513235569000244}, "costs": {"total_cost": 445.3947232106119, "time_cost": 95.64, "final_distance_cost": 1.7598746894749842, "oscillation_cost": 265.08283358223787, "completition_cost": 0.0, "overshoot_cost": 52.44218922937443, "power_cost": 16.848776513671876, "noise_cost": 13.621049195852748, "n_waypoints_completed": 9, "tot_waypoints": 9}}
{"target": -374.13017873328477, "params": {"k_pid_pos": [0.7961635347072329, 0.20802966861079383, 0.5863558849518835], "k_pid_alt": [0.5276764917793102, 0.8280583915335653, 0.7393616382454641], "k_pid_att": [94.2024649383374, 8.921020863506467, 0.5259637768837129], "k_pid_yaw": [0.5, 1e-06, 0.1], "k_pid_hsp": [0.8299570985937209, 0.4233818691397567, 0.04817228212587271], "k_pid_vsp": [146.16464155937052, 235.89660390510173, 47.53908852022444]}, "datetime": {"datetime": "2025-08-21 03:04:58", "elapsed": 54752.995608091354, "delta": 49.37250018119812}, "costs": {"total_cost": 374.13017873328477, "time_cost": 99.136, "final_distance_cost": 1.7750856580321284, "oscillation_cost": 176.17217869359317, "completition_cost": 0.0, "overshoot_cost": 61.74313546540838, "power_cost": 19.684772778320312, "noise_cost": 15.619006137930718, "n_waypoints_completed": 9, "tot_waypoints": 9}}
{"target": -1079.3740933742795, "params": {"k_pid_pos": [0.553332246038132, 0.2832369925717303, 0.39782773527557214], "k_pid_alt": [0.09472592846016092, 0.9016666844972344, 0.4008608146693886], "k_pid_att": [49.411196784778234, 6.754454230939695, 0.6947438147159036], "k_pid_yaw": [0.5, 1e-06, 0.1], "k_pid_hsp": [1.703250860141143, 0.6879094124623409, 0.28887387544482035], "k_pid_vsp": [150.5202352660669, 283.0838725372064, 163.41780195361267]}, "datetime": {"datetime": "2025-08-21 03:05:52", "elapsed": 54806.603159189224, "delta": 53.60755109786987}, "costs": {"total_cost": 1079.3740933742795, "time_cost": 150, "final_distance_cost": 51.731530339755025, "oscillation_cost": 232.92598227622221, "completition_cost": 555.5555555555555, "overshoot_cost": 52.83250552315768, "power_cost": 19.961932727050783, "noise_cost": 16.366586952538547, "n_waypoints_completed": 4, "tot_waypoints": 9}}
{"target": -986.0714339405542, "params": {"k_pid_pos": [0.3794434963340671, 0.0, 0.16282802659471965], "k_pid_alt": [1.1057325783290477, 0.18839609417554923, 0.0], "k_pid_att": [42.228850319927325, 4.17108864091482, 0.7803502631031831], "k_pid_yaw": [0.5, 1e-06, 0.1], "k_pid_hsp": [2.427835034817039, 1.0, 0.9217939983397072], "k_pid_vsp": [392.6314940741508, 47.308235472314614, 182.06309715632932]}, "datetime": {"datetime": "2025-08-21 03:06:43", "elapsed": 54858.37109732628, "delta": 51.76793813705444}, "costs": {"total_cost": 986.0714339405542, "time_cost": 150, "final_distance_cost": 47.9145860204217, "oscillation_cost": 260.7244002513492, "completition_cost": 444.4444444444444, "overshoot_cost": 44.83536441976586, "power_cost": 22.04513388671875, "noise_cost": 16.10750491785429, "n_waypoints_completed": 5, "tot_waypoints": 9}}
{"target": -760.3164322976471, "params": {"k_pid_pos": [1.6607225669886092, 0.4219873205667389, 0.463469135916179], "k_pid_alt": [1.61181527083415, 0.17492532602381303, 0.6666069628433713], "k_pid_att": [40.64566800977556, 7.006090385644769, 0.7900479330459524], "k_pid_yaw": [0.5, 1e-06, 0.1], "k_pid_hsp": [3.870436125326562, 0.4895204763298212, 0.23541230425406737], "k_pid_vsp": [117.66820931748445, 140.53195715570672, 23.317146722467307]}, "datetime": {"datetime": "2025-08-21 03:07:36", "elapsed": 54910.77603173256, "delta": 52.40493440628052}, "costs": {"total_cost": 760.3164322976471, "time_cost": 150, "final_distance_cost": 65.87782290771274, "oscillation_cost": 245.0070162170368, "completition_cost": 222.2222222222222, "overshoot_cost": 44.09181678442813, "power_cost": 18.743038317871093, "noise_cost": 14.374515848376165, "n_waypoints_completed": 7, "tot_waypoints": 9}}
{"target": -759.3290146437319, "params": {"k_pid_pos": [1.3993917601080408, 0.8034736867606781, 0.19517119239782765], "k_pid_alt": [0.8415947199077074, 0.9146577655537513, 0.8106294631894475], "k_pid_att": [17.26449778680297, 8.267351031049566, 0.99599119892966], "k_pid_yaw": [0.5, 1e-06, 0.1], "k_pid_hsp": [7.701074654412252, 0.8523104692160623, 0.5680356206549985], "k_pid_vsp": [10.281009270043961, 344.6848626052787, 13.432996471157375]}, "datetime": {"datetime": "2025-08-21 03:08:26", "elapsed": 54961.40452814102, "delta": 50.628496408462524}, "costs": {"total_cost": 759.3290146437319, "time_cost": 150, "final_distance_cost": 65.53172410087274, "oscillation_cost": 122.33326101444668, "completition_cost": 333.33333333333337, "overshoot_cost": 49.700622265235104, "power_cost": 21.906596704101563, "noise_cost": 16.523477225742337, "n_waypoints_completed": 6, "tot_waypoints": 9}}
{"target": -1168.8422780146684, "params": {"k_pid_pos": [1.8808459845909182, 0.8652409280421361, 0.5660003793446774], "k_pid_alt": [1.7532204192830352, 0.8580689027048607, 0.27625542279911297], "k_pid_att": [15.569830468165957, 1.7018728636908889, 0.4312374581643704], "k_pid_yaw": [0.5, 1e-06, 0.1], "k_pid_hsp": [2.4484910288887223, 0.8058298556976596, 0.029957151618874134], "k_pid_vsp": [15.030579635281738, 348.89882168778934, 21.977419536867494]}, "datetime": {"datetime": "2025-08-21 03:09:12", "elapsed": 55007.05444216728, "delta": 45.649914026260376}, "costs": {"total_cost": 1168.8422780146684, "time_cost": 150, "final_distance_cost": 84.69719108121733, "oscillation_cost": 76.47618766278819, "completition_cost": 777.7777777777778, "overshoot_cost": 41.70949849797499, "power_cost": 22.80668367919922, "noise_cost": 15.374939315710984, "n_waypoints_completed": 2, "tot_waypoints": 9}}
{"target": -315.06952040060287, "params": {"k_pid_pos": [2.0, 0.0, 0.0], "k_pid_alt": [2.0, 0.0, 0.0], "k_pid_att": [51.18327352101278, 2.223852173269259, 0.0], "k_pid_yaw": [0.5, 1e-06, 0.1], "k_pid_hsp": [4.959777806630129, 0.0, 0.7772098500424208], "k_pid_vsp": [346.71966122630033, 217.18783110254085, 25.124609117999345]}, "datetime": {"datetime": "2025-08-21 03:09:51", "elapsed": 55045.915481090546, "delta": 38.86103892326355}, "costs": {"total_cost": 315.06952040060287, "time_cost": 74.144, "final_distance_cost": 1.7591905239895467, "oscillation_cost": 156.126455954178, "completition_cost": 0.0, "overshoot_cost": 54.60454132542288, "power_cost": 15.739530920410157, "noise_cost": 12.695801676602308, "n_waypoints_completed": 9, "tot_waypoints": 9}}
