{"target": -1671.674286953329, "params": {"k_pid_pos": [1.9211214897592275, 0.1379794160863118, 0.36815431277927635], "k_pid_alt": [1.3388144340239572, 0.6557404857380453, 0.8787714805875877], "k_pid_att": [14.979689956770859, 8.72338651208221, 0.7312059456773348], "k_pid_yaw": [0.5, 1e-06, 0.1], "k_pid_hsp": [4.609253454402178, 0.36577618152195224, 0.2930565678195022], "k_pid_vsp": [136.96694296666334, 168.32762556307222, 318.61181852065823]}, "datetime": {"datetime": "2025-08-20 12:19:47", "elapsed": 1642.1327061653137, "delta": 21.73846197128296}, "costs": {"total_cost": 1671.674286953329, "time_cost": 150, "final_distance_cost": 18.69770733459756, "oscillation_cost": 366.82328802046567, "completition_cost": 1000.0, "overshoot_cost": 97.02360600037518, "power_cost": 20.015903979492187, "noise_cost": 19.113781618398757, "n_waypoints_completed": 0, "tot_waypoints": 9}}
{"target": -959.9150344319416, "params": {"k_pid_pos": [0.5849449530050801, 0.15214471584788847, 0.7870183463970067], "k_pid_alt": [0.5455093900948855, 0.7816694532705631, 0.9483404886889779], "k_pid_att": [34.19394983109322, 0.10713766948263917, 0.26638993148234347], "k_pid_yaw": [0.5, 1e-06, 0.1], "k_pid_hsp": [7.882564329812007, 0.17038252858370773, 0.835235121612646], "k_pid_vsp": [223.436954190966, 338.1792753750831, 138.6551828240374]}, "datetime": {"datetime": "2025-08-20 12:20:09", "elapsed": 1663.729261636734, "delta": 21.596555471420288}, "costs": {"total_cost": 959.9150344319416, "time_cost": 150, "final_distance_cost": 76.78627589183598, "oscillation_cost": 310.1413521652428, "completition_cost": 333.33333333333337, "overshoot_cost": 51.16775818163673, "power_cost": 21.646597778320313, "noise_cost": 16.839717081572402, "n_waypoints_completed": 6, "tot_waypoints": 9}}
{"target": -718.0471262251848, "params": {"k_pid_pos": [0.592676005439004, 0.220855643117303, 0.46730236682346316], "k_pid_alt": [1.3702850225917935, 0.7052137427054871, 0.1709371554347484], "k_pid_att": [30.81199740011632, 6.314929818962468, 0.2093396327535425], "k_pid_yaw": [0.5, 1e-06, 0.1], "k_pid_hsp": [7.2122893606715275, 0.580963818549753, 0.13575860458246602], "k_pid_vsp": [82.81159855974343, 213.037300290927, 36.58770561171291]}, "datetime": {"datetime": "2025-08-20 12:20:31", "elapsed": 1685.5834600925446, "delta": 21.854198455810547}, "costs": {"total_cost": 718.0471262251848, "time_cost": 150, "final_distance_cost": 66.11072070863987, "oscillation_cost": 307.5751557836086, "completition_cost": 111.11111111111116, "overshoot_cost": 47.727829446083945, "power_cost": 19.724101953125, "noise_cost": 15.798207222616258, "n_waypoints_completed": 8, "tot_waypoints": 9}}
{"target": -1137.858997357015, "params": {"k_pid_pos": [1.4343760025054753, 0.2810119136071607, 0.5297780281723122], "k_pid_alt": [0.7109151801478968, 0.07697424860562452, 0.09013571088536454], "k_pid_att": [97.86245045158536, 9.273311462508714, 0.2989551762345103], "k_pid_yaw": [0.5, 1e-06, 0.1], "k_pid_hsp": [1.4349931899578696, 0.21639319136951252, 0.28150638993875476], "k_pid_vsp": [206.97066151449425, 145.1880387578119, 392.88321928351223]}, "datetime": {"datetime": "2025-08-20 12:20:52", "elapsed": 1707.2410700321198, "delta": 21.657609939575195}, "costs": {"total_cost": 1137.858997357015, "time_cost": 150, "final_distance_cost": 39.44379940390943, "oscillation_cost": 298.98838008905966, "completition_cost": 555.5555555555555, "overshoot_cost": 55.429520661241945, "power_cost": 21.040086657714845, "noise_cost": 17.40165498953338, "n_waypoints_completed": 4, "tot_waypoints": 9}}
{"target": -1119.7494355091433, "params": {"k_pid_pos": [1.537024027147137, 0.42437576870250515, 0.9593886868902648], "k_pid_alt": [1.3577746288001875, 0.8032429089675357, 0.5674293924814084], "k_pid_att": [79.92389258608902, 8.370544590263636, 0.17623733653252538], "k_pid_yaw": [0.5, 1e-06, 0.1], "k_pid_hsp": [0.9851959482240761, 0.17286692852809926, 0.5963366404414541], "k_pid_vsp": [198.66996475628804, 153.52642799101417, 66.14508302302954]}, "datetime": {"datetime": "2025-08-20 12:21:14", "elapsed": 1728.8769159317017, "delta": 21.63584589958191}, "costs": {"total_cost": 1119.7494355091433, "time_cost": 150, "final_distance_cost": 45.30552377454502, "oscillation_cost": 267.3110618560602, "completition_cost": 555.5555555555555, "overshoot_cost": 62.76459964533355, "power_cost": 21.672112597656252, "noise_cost": 17.140582079992846, "n_waypoints_completed": 4, "tot_waypoints": 9}}
{"target": -693.9960671180254, "params": {"k_pid_pos": [1.2401437459277633, 0.25207529114472604, 0.36629468500172513], "k_pid_alt": [1.4822046677656482, 0.402691159457631, 0.9699424537589136], "k_pid_att": [92.71701829709114, 9.675707029463112, 0.847950543694092], "k_pid_yaw": [0.5, 1e-06, 0.1], "k_pid_hsp": [5.6036263698533295, 0.7039428481505751, 0.9287835918024978], "k_pid_vsp": [383.6949601509231, 377.69102570669673, 384.6659976444051]}, "datetime": {"datetime": "2025-08-20 12:21:35", "elapsed": 1750.4565877914429, "delta": 21.57967185974121}, "costs": {"total_cost": 693.9960671180254, "time_cost": 150, "final_distance_cost": 51.31933139131533, "oscillation_cost": 286.2627683432718, "completition_cost": 111.11111111111116, "overshoot_cost": 56.00440919864319, "power_cost": 22.77390485839844, "noise_cost": 16.52454221528546, "n_waypoints_completed": 8, "tot_waypoints": 9}}
{"target": -1809.6596970814167, "params": {"k_pid_pos": [1.8908071371044766, 0.24650546124116268, 0.43944425237851736], "k_pid_alt": [0.08129262801295378, 0.9169688285369915, 0.668835323236981], "k_pid_att": [21.69348259222723, 2.3792635609355366, 0.359220396145822], "k_pid_yaw": [0.5, 1e-06, 0.1], "k_pid_hsp": [6.176993193603033, 0.3744789826208984, 0.34632397087055433], "k_pid_vsp": [168.34917253358887, 166.7193988972946, 311.9040016802398]}, "datetime": {"datetime": "2025-08-20 12:21:57", "elapsed": 1772.3779497146606, "delta": 21.921361923217773}, "costs": {"total_cost": 1809.6596970814167, "time_cost": 150, "final_distance_cost": 0.9422025971850052, "oscillation_cost": 462.75026210612697, "completition_cost": 1000.0, "overshoot_cost": 130.74917559672315, "power_cost": 20.381299255371093, "noise_cost": 44.83675752601066, "n_waypoints_completed": 0, "tot_waypoints": 9}}
{"target": -1180.698908690504, "params": {"k_pid_pos": [1.0257957909649296, 0.2851169175061201, 0.5247610830000164], "k_pid_alt": [0.2254829476630238, 0.09764272066076451, 0.2508795693775091], "k_pid_att": [22.10178179826292, 4.840991769163348, 0.15325909841774954], "k_pid_yaw": [0.5, 1e-06, 0.1], "k_pid_hsp": [2.296100946119912, 0.06120173150278618, 0.5178944054806554], "k_pid_vsp": [180.5859307155676, 174.9677072107991, 25.189372149904337]}, "datetime": {"datetime": "2025-08-20 12:22:19", "elapsed": 1793.9290447235107, "delta": 21.551095008850098}, "costs": {"total_cost": 1180.698908690504, "time_cost": 150, "final_distance_cost": 48.440309154204954, "oscillation_cost": 340.3943313346049, "completition_cost": 555.5555555555555, "overshoot_cost": 43.96925752111445, "power_cost": 24.79252352294922, "noise_cost": 17.546931602074725, "n_waypoints_completed": 4, "tot_waypoints": 9}}
{"target": -838.8407471684424, "params": {"k_pid_pos": [0.9533578043126425, 0.09217772201046781, 0.1217664582730299], "k_pid_alt": [1.6371201171152603, 0.12321856532235276, 0.5200484368450775], "k_pid_att": [46.069184645021224, 4.668171397431053, 0.8185397292527533], "k_pid_yaw": [0.5, 1e-06, 0.1], "k_pid_hsp": [8.754122001286193, 0.1538824556833721, 0.9151542460321559], "k_pid_vsp": [75.53627737884412, 301.8900842864339, 215.71281661554104]}, "datetime": {"datetime": "2025-08-20 12:22:40", "elapsed": 1815.2405416965485, "delta": 21.31149697303772}, "costs": {"total_cost": 838.8407471684424, "time_cost": 150, "final_distance_cost": 78.7282356013182, "oscillation_cost": 295.2766730409486, "completition_cost": 222.2222222222222, "overshoot_cost": 54.387594108210905, "power_cost": 21.76469405517578, "noise_cost": 16.461328140566557, "n_waypoints_completed": 7, "tot_waypoints": 9}}
{"target": -1344.9203781701337, "params": {"k_pid_pos": [0.1463430837134259, 0.16421810701609274, 0.7479993021816264], "k_pid_alt": [0.783308963794503, 0.4726996831298853, 0.02095621647240553], "k_pid_att": [95.43364340282477, 1.0566321546246236, 0.34713018415987906], "k_pid_yaw": [0.5, 1e-06, 0.1], "k_pid_hsp": [5.4691967955061385, 0.7389683233510101, 0.5702384367745329], "k_pid_vsp": [160.4743004880058, 151.25882202875954, 127.15993670402388]}, "datetime": {"datetime": "2025-08-20 12:23:02", "elapsed": 1837.0427057743073, "delta": 21.80216407775879}, "costs": {"total_cost": 1344.9203781701337, "time_cost": 150, "final_distance_cost": 60.68825540131503, "oscillation_cost": 379.043954212661, "completition_cost": 666.6666666666667, "overshoot_cost": 50.57057856281654, "power_cost": 21.49297236328125, "noise_cost": 16.457950963393188, "n_waypoints_completed": 3, "tot_waypoints": 9}}
{"target": -976.1957695486435, "params": {"k_pid_pos": [0.5397095114143581, 0.9383202338646344, 0.07541970488620198], "k_pid_alt": [1.0736505968780405, 0.34231082512155475, 0.3616912632609566], "k_pid_att": [53.05950015517187, 3.0511466094136703, 0.1861245897974324], "k_pid_yaw": [0.5, 1e-06, 0.1], "k_pid_hsp": [5.2404771847348295, 0.01954609358454862, 0.1973577271311705], "k_pid_vsp": [329.3852151166179, 377.7981432161857, 44.737506761607925]}, "datetime": {"datetime": "2025-08-20 12:23:24", "elapsed": 1858.671025276184, "delta": 21.62831950187683}, "costs": {"total_cost": 976.1957695486435, "time_cost": 150, "final_distance_cost": 44.60954127383902, "oscillation_cost": 134.3777954353166, "completition_cost": 555.5555555555555, "overshoot_cost": 50.12032936856943, "power_cost": 24.063218103027346, "noise_cost": 17.46932981233553, "n_waypoints_completed": 4, "tot_waypoints": 9}}
{"target": -2160.4061143399995, "params": {"k_pid_pos": [0.7309335864280567, 0.1638685063300297, 0.34308864227227165], "k_pid_alt": [1.6474615780744273, 0.9859755676850478, 0.6525482624409108], "k_pid_att": [20.820941345410315, 4.583484591328946, 0.8232479985259283], "k_pid_yaw": [0.5, 1e-06, 0.1], "k_pid_hsp": [2.7441820440141944, 0.024974181649065064, 0.0868849538502412], "k_pid_vsp": [45.3583856298839, 36.52651418374805, 180.16740729785198]}, "datetime": {"datetime": "2025-08-20 12:23:45", "elapsed": 1880.4131228923798, "delta": 21.74209761619568}, "costs": {"total_cost": 2160.4061143399995, "time_cost": 150, "final_distance_cost": 417.713057871062, "oscillation_cost": 53.29401049922725, "completition_cost": 888.8888888888888, "overshoot_cost": 615.2580930235176, "power_cost": 19.507585717773438, "noise_cost": 15.744478339530577, "n_waypoints_completed": 1, "tot_waypoints": 9}}
{"target": -1092.5397868929806, "params": {"k_pid_pos": [1.6810545592809214, 0.7989914360341402, 0.5494984145844971], "k_pid_alt": [1.9163435297319265, 0.8541975819782529, 0.25711639102022055], "k_pid_att": [31.924345947319633, 9.71834529348061, 0.7877754752684527], "k_pid_yaw": [0.5, 1e-06, 0.1], "k_pid_hsp": [1.7936100308263223, 0.9053286427302074, 0.04271859462799232], "k_pid_vsp": [110.97927986223435, 143.35865129107336, 331.5343403948062]}, "datetime": {"datetime": "2025-08-20 12:24:07", "elapsed": 1902.3576090335846, "delta": 21.944486141204834}, "costs": {"total_cost": 1092.5397868929806, "time_cost": 150, "final_distance_cost": 51.832558553948104, "oscillation_cost": 76.7875473012143, "completition_cost": 666.6666666666667, "overshoot_cost": 91.0509523273253, "power_cost": 22.58236549072266, "noise_cost": 33.6196965531035, "n_waypoints_completed": 3, "tot_waypoints": 9}}
{"target": -1424.1964312624277, "params": {"k_pid_pos": [0.05428757546153393, 0.7070742603184224, 0.17739900627470306], "k_pid_alt": [1.0927778800029033, 0.711376716109968, 0.3384957989088778], "k_pid_att": [72.08577894022329, 3.822947596332601, 0.4154163204406901], "k_pid_yaw": [0.5, 1e-06, 0.1], "k_pid_hsp": [1.1964922116301346, 0.4601910794424747, 0.9822966207176682], "k_pid_vsp": [359.33033289608784, 261.32233127433904, 311.34835234151285]}, "datetime": {"datetime": "2025-08-20 12:24:29", "elapsed": 1923.7945375442505, "delta": 21.436928510665894}, "costs": {"total_cost": 1424.1964312624277, "time_cost": 150, "final_distance_cost": 89.953906326815, "oscillation_cost": 316.49882610672694, "completition_cost": 777.7777777777778, "overshoot_cost": 50.13703253659321, "power_cost": 22.7398689453125, "noise_cost": 17.089019569202335, "n_waypoints_completed": 2, "tot_waypoints": 9}}
{"target": -491.5960117478304, "params": {"k_pid_pos": [1.64478805205347, 0.541089521724089, 0.4570821064884878], "k_pid_alt": [1.976658648360521, 0.3021229317861307, 0.7449695284810256], "k_pid_att": [95.89654234119273, 4.342346945240515, 0.7637062275159098], "k_pid_yaw": [0.5, 1e-06, 0.1], "k_pid_hsp": [1.3374681626568716, 0.9714026787814092, 0.27254350500652536], "k_pid_vsp": [169.1747823885678, 253.96259419301663, 1.560413080641909]}, "datetime": {"datetime": "2025-08-20 12:24:51", "elapsed": 1945.6485631465912, "delta": 21.8540256023407}, "costs": {"total_cost": 491.5960117478304, "time_cost": 150, "final_distance_cost": 2.405352763443267, "oscillation_cost": 134.84799674177196, "completition_cost": 111.11111111111116, "overshoot_cost": 55.01857616576302, "power_cost": 21.16702286376953, "noise_cost": 17.04595210197147, "n_waypoints_completed": 8, "tot_waypoints": 9}}
{"target": -1684.7338830642645, "params": {"k_pid_pos": [0.8989560830924949, 0.28309393780277814, 0.9143770053581605], "k_pid_alt": [0.02786363500143474, 0.5188014899919534, 0.9277597204526182], "k_pid_att": [62.41966155534091, 8.111532472260661, 0.04934047644215167], "k_pid_yaw": [0.5, 1e-06, 0.1], "k_pid_hsp": [8.632823335803785, 0.8625949161130468, 0.5121655273246417], "k_pid_vsp": [35.12663261171802, 152.86891699969783, 362.0812222492973]}, "datetime": {"datetime": "2025-08-20 12:25:12", "elapsed": 1967.1188311576843, "delta": 21.47026801109314}, "costs": {"total_cost": 1684.7338830642645, "time_cost": 150, "final_distance_cost": 99.77383775309063, "oscillation_cost": 402.6994879358198, "completition_cost": 888.8888888888888, "overshoot_cost": 102.15954444889037, "power_cost": 22.716897998046875, "noise_cost": 18.49522603952832, "n_waypoints_completed": 1, "tot_waypoints": 9}}
{"target": -695.8110798500921, "params": {"k_pid_pos": [0.5774749520453094, 0.0027829514828896507, 0.5087104450103038], "k_pid_alt": [1.3066662469363521, 0.8262981684856479, 0.0277820305565305], "k_pid_att": [98.53152372896801, 9.506154479290203, 0.43961892965854676], "k_pid_yaw": [0.5, 1e-06, 0.1], "k_pid_hsp": [8.620793032209017, 0.29359097517243515, 0.3247765417906744], "k_pid_vsp": [192.3115881579733, 334.19683521533744, 168.06958214388044]}, "datetime": {"datetime": "2025-08-20 12:25:34", "elapsed": 1988.8018536567688, "delta": 21.683022499084473}, "costs": {"total_cost": 695.8110798500921, "time_cost": 150, "final_distance_cost": 4.121243653827352, "oscillation_cost": 334.8254292200966, "completition_cost": 111.11111111111116, "overshoot_cost": 58.96195718998212, "power_cost": 19.969161975097656, "noise_cost": 16.82217669997713, "n_waypoints_completed": 8, "tot_waypoints": 9}}
{"target": -1378.039974716567, "params": {"k_pid_pos": [0.05865400847192177, 0.9864818319685426, 0.12882979753391555], "k_pid_alt": [1.0390747199560022, 0.4002595918737114, 0.8422111797855807], "k_pid_att": [12.754192529938402, 2.858638610819225, 0.09145866467165897], "k_pid_yaw": [0.5, 1e-06, 0.1], "k_pid_hsp": [3.6994952051685464, 0.9560397551094246, 0.10987542798426209], "k_pid_vsp": [227.21281969143007, 373.62690123775246, 304.1721100630073]}, "datetime": {"datetime": "2025-08-20 12:25:56", "elapsed": 2010.7719552516937, "delta": 21.970101594924927}, "costs": {"total_cost": 1378.039974716567, "time_cost": 150, "final_distance_cost": 45.12958357518266, "oscillation_cost": 105.26967887430268, "completition_cost": 1000.0, "overshoot_cost": 35.93217399748666, "power_cost": 24.78031778564453, "noise_cost": 16.92822048395064, "n_waypoints_completed": 0, "tot_waypoints": 9}}
{"target": -1125.991091962986, "params": {"k_pid_pos": [0.20508569368743423, 0.7236337052507151, 0.9523564471358371], "k_pid_alt": [1.8546756736881458, 0.06590725957436228, 0.04174561577951996], "k_pid_att": [24.41445904913303, 1.6113161210942488, 0.7028841571199106], "k_pid_yaw": [0.5, 1e-06, 0.1], "k_pid_hsp": [2.4412644018466088, 0.6715327935534463, 0.9278707183523083], "k_pid_vsp": [203.0293563536515, 209.11327222648669, 98.90212655580252]}, "datetime": {"datetime": "2025-08-20 12:26:17", "elapsed": 2032.3152797222137, "delta": 21.54332447052002}, "costs": {"total_cost": 1125.991091962986, "time_cost": 150, "final_distance_cost": 45.32811500108485, "oscillation_cost": 295.17843655552406, "completition_cost": 555.5555555555555, "overshoot_cost": 46.732338329727966, "power_cost": 19.080351440429688, "noise_cost": 14.116295080663784, "n_waypoints_completed": 4, "tot_waypoints": 9}}
{"target": -1199.627217179355, "params": {"k_pid_pos": [1.8189924464913345, 0.9283131145353071, 0.6940522604947467], "k_pid_alt": [1.2965743271976184, 0.6372136311919004, 0.25998089448814543], "k_pid_att": [89.9975663129058, 1.1089935046474015, 0.5526036966112543], "k_pid_yaw": [0.5, 1e-06, 0.1], "k_pid_hsp": [0.7544098730208175, 0.8518690427678528, 0.771417098928527], "k_pid_vsp": [40.97705214100111, 236.16934662807654, 153.1017093091966]}, "datetime": {"datetime": "2025-08-20 12:26:39", "elapsed": 2053.6873619556427, "delta": 21.372082233428955}, "costs": {"total_cost": 1199.627217179355, "time_cost": 150, "final_distance_cost": 109.0941804265957, "oscillation_cost": 152.5353279393236, "completition_cost": 666.6666666666667, "overshoot_cost": 81.9564129527178, "power_cost": 22.44831658935547, "noise_cost": 16.926312604695706, "n_waypoints_completed": 3, "tot_waypoints": 9}}
{"target": -978.3448765313038, "params": {"k_pid_pos": [0.3617526481673666, 0.13577261350624892, 0.7333425622705663], "k_pid_alt": [1.8409731052363252, 0.9577375545597154, 0.3232239547153182], "k_pid_att": [91.26534466153078, 1.270407187983862, 0.9884169100199951], "k_pid_yaw": [0.5, 1e-06, 0.1], "k_pid_hsp": [3.4839948938953706, 0.11299564206498647, 0.4088115477997537], "k_pid_vsp": [369.71183437933075, 29.83790472243337, 76.773079264852]}, "datetime": {"datetime": "2025-08-20 12:27:01", "elapsed": 2075.882730484009, "delta": 22.19536852836609}, "costs": {"total_cost": 978.3448765313038, "time_cost": 150, "final_distance_cost": 60.78074481441756, "oscillation_cost": 349.5829714841952, "completition_cost": 333.33333333333337, "overshoot_cost": 46.36199181739231, "power_cost": 21.248106701660156, "noise_cost": 17.037728380305232, "n_waypoints_completed": 6, "tot_waypoints": 9}}
{"target": -1387.1271224000823, "params": {"k_pid_pos": [1.843779252294319, 0.22597574093710882, 0.5006112125958748], "k_pid_alt": [0.025408275633278965, 0.9837009424117802, 0.22076000297428422], "k_pid_att": [99.89366151197603, 2.5554015079757084, 0.536719976954275], "k_pid_yaw": [0.5, 1e-06, 0.1], "k_pid_hsp": [1.4917125847982464, 0.7927790098281324, 0.31127384855461815], "k_pid_vsp": [47.925484233996805, 206.54475804389713, 170.47706039716454]}, "datetime": {"datetime": "2025-08-20 12:27:22", "elapsed": 2097.2494609355927, "delta": 21.366730451583862}, "costs": {"total_cost": 1387.1271224000823, "time_cost": 150, "final_distance_cost": 54.727016043722564, "oscillation_cost": 185.57836037091772, "completition_cost": 888.8888888888888, "overshoot_cost": 62.53188187597086, "power_cost": 24.18832994384766, "noise_cost": 21.21264527673475, "n_waypoints_completed": 1, "tot_waypoints": 9}}
{"target": -1116.021741370796, "params": {"k_pid_pos": [0.009923857918035574, 0.8492787714311743, 0.6528281195229965], "k_pid_alt": [1.8982599022679498, 0.11032366088404255, 0.3071934822096999], "k_pid_att": [23.1111349235984, 9.653246572289227, 0.9114157580396197], "k_pid_yaw": [0.5, 1e-06, 0.1], "k_pid_hsp": [2.011593556017972, 0.6065055728444927, 0.7883744823951012], "k_pid_vsp": [282.5622853844616, 9.901801002338143, 78.95924608916303]}, "datetime": {"datetime": "2025-08-20 12:27:44", "elapsed": 2118.931773662567, "delta": 21.682312726974487}, "costs": {"total_cost": 1116.021741370796, "time_cost": 150, "final_distance_cost": 54.52691397664687, "oscillation_cost": 249.32677597379205, "completition_cost": 555.5555555555555, "overshoot_cost": 74.31912952984973, "power_cost": 18.716287841796877, "noise_cost": 13.577078493154778, "n_waypoints_completed": 4, "tot_waypoints": 9}}
{"target": -1577.5767846860356, "params": {"k_pid_pos": [0.1472982521188534, 0.644920090444022, 0.26930609771884495], "k_pid_alt": [1.772564396522365, 0.18501732063593934, 0.9784165186823542], "k_pid_att": [23.9181598809552, 7.040305824858284, 0.4999533970626918], "k_pid_yaw": [0.5, 1e-06, 0.1], "k_pid_hsp": [6.695052058480165, 0.6848798302456074, 0.9517930409166443], "k_pid_vsp": [63.12956336088904, 85.42697232368376, 392.5139168871688]}, "datetime": {"datetime": "2025-08-20 12:28:05", "elapsed": 2140.5121018886566, "delta": 21.580328226089478}, "costs": {"total_cost": 1577.5767846860356, "time_cost": 150, "final_distance_cost": 12.080144614059433, "oscillation_cost": 213.70519234471908, "completition_cost": 1000.0, "overshoot_cost": 135.66208414900186, "power_cost": 17.070864868164062, "noise_cost": 49.058498710090944, "n_waypoints_completed": 0, "tot_waypoints": 9}}
