{"target": -1848.251128572698, "params": {"k_pid_pos": [1.105641598439133, 0.4584304120185194, 0.15941314091342906], "k_pid_alt": [1.3047561371900018, 0.9067833469992923, 0.1562272041586804], "k_pid_att": [17.89836793023305, 3.4943000322863296, 0.10825838617137629], "k_pid_yaw": [0.5, 1e-06, 0.1], "k_pid_hsp": [8.927571209808026, 0.9634100190011329, 0.25988423422812656], "k_pid_vsp": [101.49267073041473, 340.2005138424441, 363.1451065404189]}, "datetime": {"datetime": "2025-08-20 18:58:39", "elapsed": 25573.995880126953, "delta": 27.293799877166748}, "costs": {"total_cost": 1848.251128572698, "time_cost": 150, "final_distance_cost": 0.9644779027815871, "oscillation_cost": 485.4210110428352, "completition_cost": 1000.0, "overshoot_cost": 133.95447307253966, "power_cost": 19.75473671875, "noise_cost": 58.15642983579131, "n_waypoints_completed": 0, "tot_waypoints": 9}}
{"target": -939.2366988010311, "params": {"k_pid_pos": [1.222307148544542, 0.015341674500337299, 0.26633183542168926], "k_pid_alt": [1.706407370517223, 0.5399497219929634, 0.7400161244541115], "k_pid_att": [73.67739066839802, 4.861641960044649, 0.8526869043202246], "k_pid_yaw": [0.5, 1e-06, 0.1], "k_pid_hsp": [9.061435768168908, 0.2414701005149016, 0.1962338916738201], "k_pid_vsp": [133.63927536156473, 250.0026886069377, 299.91226573268926]}, "datetime": {"datetime": "2025-08-20 18:59:06", "elapsed": 25600.670658826828, "delta": 26.674778699874878}, "costs": {"total_cost": 939.2366988010311, "time_cost": 150, "final_distance_cost": 60.4643384099455, "oscillation_cost": 303.8740449403548, "completition_cost": 333.33333333333337, "overshoot_cost": 54.497002707595215, "power_cost": 20.191262573242188, "noise_cost": 16.876716836560057, "n_waypoints_completed": 6, "tot_waypoints": 9}}
{"target": -1343.5921004980803, "params": {"k_pid_pos": [0.27854913845819695, 0.13861232803202828, 0.7413068615187682], "k_pid_alt": [1.5774226320813831, 0.25120524238577946, 0.4076392183274756], "k_pid_att": [86.4316313511304, 1.2049941109628501, 0.06850666358518853], "k_pid_yaw": [0.5, 1e-06, 0.1], "k_pid_hsp": [2.9108576439467018, 0.3140562335243624, 0.6650464934263972], "k_pid_vsp": [264.78671606165074, 265.8417574264669, 49.49565270854952]}, "datetime": {"datetime": "2025-08-20 18:59:33", "elapsed": 25627.781131505966, "delta": 27.110472679138184}, "costs": {"total_cost": 1343.5921004980803, "time_cost": 150, "final_distance_cost": 55.297992430817075, "oscillation_cost": 393.1012598580408, "completition_cost": 666.6666666666667, "overshoot_cost": 40.75022844495968, "power_cost": 21.392331896972657, "noise_cost": 16.38362120062345, "n_waypoints_completed": 3, "tot_waypoints": 9}}
{"target": -1004.2676459283424, "params": {"k_pid_pos": [0.7699911417818327, 0.013413594010916352, 0.7790975228294348], "k_pid_alt": [1.2084076026357777, 0.3084611163228155, 0.4804975707312138], "k_pid_att": [63.84501087026929, 8.455182687605049, 0.5562568069821511], "k_pid_yaw": [0.5, 1e-06, 0.1], "k_pid_hsp": [1.0627020589328544, 0.8173289378043078, 0.6738329680917726], "k_pid_vsp": [347.34137869328214, 153.58533870303597, 107.35711631839958]}, "datetime": {"datetime": "2025-08-20 19:00:03", "elapsed": 25657.75901246071, "delta": 29.97788095474243}, "costs": {"total_cost": 1004.2676459283424, "time_cost": 150, "final_distance_cost": 73.77267092917937, "oscillation_cost": 365.2386328595355, "completition_cost": 333.33333333333337, "overshoot_cost": 45.41681392758717, "power_cost": 20.90276463623047, "noise_cost": 15.603430242476403, "n_waypoints_completed": 6, "tot_waypoints": 9}}
{"target": -848.5532740173737, "params": {"k_pid_pos": [0.9198953675145844, 0.9661888432751822, 0.7150325499985325], "k_pid_alt": [1.8111142304279448, 0.29728402147788047, 0.32195014046324677], "k_pid_att": [20.426851379806475, 0.0065042692002612494, 0.21372462943931314], "k_pid_yaw": [0.5, 1e-06, 0.1], "k_pid_hsp": [3.9171981079274043, 0.11374257305698476, 0.6123900427256865], "k_pid_vsp": [166.25876776314087, 338.1350187212842, 137.1562984771092]}, "datetime": {"datetime": "2025-08-20 19:00:30", "elapsed": 25684.741165161133, "delta": 26.982152700424194}, "costs": {"total_cost": 848.5532740173737, "time_cost": 150, "final_distance_cost": 76.5957503531975, "oscillation_cost": 188.2305018232288, "completition_cost": 333.33333333333337, "overshoot_cost": 64.0833229611594, "power_cost": 21.06290382080078, "noise_cost": 15.247461725653952, "n_waypoints_completed": 6, "tot_waypoints": 9}}
{"target": -1004.4129617161982, "params": {"k_pid_pos": [0.18012783356470818, 0.6583555645729202, 0.06000690858065849], "k_pid_alt": [1.287795253328374, 0.8995417108913356, 0.6006765659572846], "k_pid_att": [95.13034323027267, 2.3373368838716506, 0.12884571886738472], "k_pid_yaw": [0.5, 1e-06, 0.1], "k_pid_hsp": [9.008425016094247, 0.05539388304030324, 0.7988647498936293], "k_pid_vsp": [338.6113289918104, 386.0448840555403, 21.74561319881505]}, "datetime": {"datetime": "2025-08-20 19:00:58", "elapsed": 25712.82085967064, "delta": 28.079694509506226}, "costs": {"total_cost": 1004.4129617161982, "time_cost": 150, "final_distance_cost": 44.86051206880055, "oscillation_cost": 170.35085393422202, "completition_cost": 555.5555555555555, "overshoot_cost": 44.32244253396759, "power_cost": 21.69043359375, "noise_cost": 17.633164029902563, "n_waypoints_completed": 4, "tot_waypoints": 9}}
{"target": -638.5108622213971, "params": {"k_pid_pos": [1.9247291598636467, 0.5080676422708214, 0.7496471620913754], "k_pid_alt": [1.4679264711269249, 0.6777851835292271, 0.3671423720938324], "k_pid_att": [7.96605688525851, 3.2927027221529483, 0.08821240964859889], "k_pid_yaw": [0.5, 1e-06, 0.1], "k_pid_hsp": [8.3889986390456, 0.9796595265981956, 0.16109392692842894], "k_pid_vsp": [377.08004698347236, 266.6179513028166, 244.4463167172513]}, "datetime": {"datetime": "2025-08-20 19:01:25", "elapsed": 25739.6513402462, "delta": 26.830480575561523}, "costs": {"total_cost": 638.5108622213971, "time_cost": 150, "final_distance_cost": 52.069441950096035, "oscillation_cost": 230.47795762054227, "completition_cost": 111.11111111111116, "overshoot_cost": 54.93449973995251, "power_cost": 22.721546057128908, "noise_cost": 17.19630574256631, "n_waypoints_completed": 8, "tot_waypoints": 9}}
{"target": -798.365268168458, "params": {"k_pid_pos": [1.256274939290756, 0.31812473110381045, 0.22259711665888615], "k_pid_alt": [1.800299117823901, 0.46268555465916816, 0.977095434799591], "k_pid_att": [33.583429767289275, 7.081125450527096, 0.1377810318688154], "k_pid_yaw": [0.5, 1e-06, 0.1], "k_pid_hsp": [2.425185261728865, 0.7000196455484239, 0.6936936581982698], "k_pid_vsp": [96.72076216628982, 245.90670245982352, 30.973206253759088]}, "datetime": {"datetime": "2025-08-20 19:01:53", "elapsed": 25767.74289250374, "delta": 28.091552257537842}, "costs": {"total_cost": 798.365268168458, "time_cost": 150, "final_distance_cost": 71.89588782474043, "oscillation_cost": 157.29219431062486, "completition_cost": 333.33333333333337, "overshoot_cost": 49.6630997510142, "power_cost": 20.766767846679688, "noise_cost": 15.413985102065302, "n_waypoints_completed": 6, "tot_waypoints": 9}}
{"target": -1492.486752063611, "params": {"k_pid_pos": [0.079348761773564, 0.677703265661567, 0.03980809608087854], "k_pid_alt": [0.29304878181842553, 0.7150175655967368, 0.6012994014543528], "k_pid_att": [23.777311502103093, 5.539143438239834, 0.7052548537212073], "k_pid_yaw": [0.5, 1e-06, 0.1], "k_pid_hsp": [4.020493966601215, 0.8623413935969189, 0.411923387268918], "k_pid_vsp": [58.113252631972045, 291.10328691059186, 256.9608923295682]}, "datetime": {"datetime": "2025-08-20 19:02:22", "elapsed": 25796.99928998947, "delta": 29.256397485733032}, "costs": {"total_cost": 1492.486752063611, "time_cost": 150, "final_distance_cost": 3.8334156516377575, "oscillation_cost": 115.60466218712112, "completition_cost": 1000.0, "overshoot_cost": 136.9606944516707, "power_cost": 22.23384958496094, "noise_cost": 63.85413018822031, "n_waypoints_completed": 0, "tot_waypoints": 9}}
{"target": -1389.540631660978, "params": {"k_pid_pos": [1.0191190938832382, 0.38129895676556624, 0.5096208162159109], "k_pid_alt": [1.3744465081062747, 0.21441791085541162, 0.6680056470789273], "k_pid_att": [99.14835633030344, 7.338886336996904, 0.10457660808611624], "k_pid_yaw": [0.5, 1e-06, 0.1], "k_pid_hsp": [5.707218667480248, 0.9248339692376121, 0.3788487235047612], "k_pid_vsp": [4.994894697921959, 214.81823869398025, 188.07914251545472]}, "datetime": {"datetime": "2025-08-20 19:02:48", "elapsed": 25823.37176847458, "delta": 26.372478485107422}, "costs": {"total_cost": 1389.540631660978, "time_cost": 150, "final_distance_cost": 61.07502873419191, "oscillation_cost": 360.7921555986829, "completition_cost": 666.6666666666667, "overshoot_cost": 112.99102694277389, "power_cost": 20.634715966796875, "noise_cost": 17.381037751865794, "n_waypoints_completed": 3, "tot_waypoints": 9}}
{"target": -1059.782766034107, "params": {"k_pid_pos": [0.31281868315535255, 0.8129131006222168, 0.4297903679768278], "k_pid_alt": [0.931285469330827, 0.4291867637192518, 0.8512965500654963], "k_pid_att": [13.232652667726496, 2.988808147899132, 0.40054330851846853], "k_pid_yaw": [0.5, 1e-06, 0.1], "k_pid_hsp": [0.5804326558221474, 0.9645355522770085, 0.7160711973825336], "k_pid_vsp": [262.92410607094024, 128.29884321921645, 53.870385544088116]}, "datetime": {"datetime": "2025-08-20 19:03:15", "elapsed": 25850.378774881363, "delta": 27.007006406784058}, "costs": {"total_cost": 1059.782766034107, "time_cost": 150, "final_distance_cost": 60.20474650372237, "oscillation_cost": 193.3964857313533, "completition_cost": 555.5555555555555, "overshoot_cost": 66.21028421761561, "power_cost": 19.72283995361328, "noise_cost": 14.6928540722469, "n_waypoints_completed": 4, "tot_waypoints": 9}}
{"target": -1044.5069177332116, "params": {"k_pid_pos": [0.41475566274965925, 0.6582685866876166, 0.7884450642371186], "k_pid_alt": [0.6755674130096367, 0.08553253461868282, 0.7226682668643876], "k_pid_att": [96.333833535418, 0.46678051324394515, 0.5737120925799375], "k_pid_yaw": [0.5, 1e-06, 0.1], "k_pid_hsp": [6.949319474307528, 0.947359677642508, 0.35977758424288653], "k_pid_vsp": [23.31298003041691, 60.90105934389266, 49.59137850163862]}, "datetime": {"datetime": "2025-08-20 19:03:46", "elapsed": 25881.130895376205, "delta": 30.75212049484253}, "costs": {"total_cost": 1044.5069177332116, "time_cost": 150, "final_distance_cost": 53.48988964097995, "oscillation_cost": 313.55359841740125, "completition_cost": 444.4444444444444, "overshoot_cost": 44.472452071334175, "power_cost": 21.44452149658203, "noise_cost": 17.10201166246987, "n_waypoints_completed": 5, "tot_waypoints": 9}}
{"target": -1451.2124346765222, "params": {"k_pid_pos": [0.3698109138490155, 0.39054161941605725, 0.9624447730179048], "k_pid_alt": [1.5973707335135834, 0.3769077297707685, 0.696795244699883], "k_pid_att": [3.2211125952432473, 0.8769893865091225, 0.20628993316691902], "k_pid_yaw": [0.5, 1e-06, 0.1], "k_pid_hsp": [6.304906968151956, 0.795221943137524, 0.43004711826699793], "k_pid_vsp": [183.1407650647211, 135.91603463289974, 336.8210246133301]}, "datetime": {"datetime": "2025-08-20 19:04:19", "elapsed": 25913.891177415848, "delta": 32.760282039642334}, "costs": {"total_cost": 1451.2124346765222, "time_cost": 150, "final_distance_cost": 64.6498310873509, "oscillation_cost": 155.91463101771424, "completition_cost": 1000.0, "overshoot_cost": 48.7517336591806, "power_cost": 17.390131176757812, "noise_cost": 14.506107735518519, "n_waypoints_completed": 0, "tot_waypoints": 9}}
{"target": -769.0709466715169, "params": {"k_pid_pos": [1.5657820814790728, 0.6926888748080388, 0.2523277032006307], "k_pid_alt": [1.3075233511799254, 0.41400569054252423, 0.9797289772710346], "k_pid_att": [32.56705399482461, 7.555511223540102, 0.9219945345430799], "k_pid_yaw": [0.5, 1e-06, 0.1], "k_pid_hsp": [0.44866290986891494, 0.991511723493667, 0.4136528420500878], "k_pid_vsp": [122.6788587162392, 152.9807834041966, 81.70382876340436]}, "datetime": {"datetime": "2025-08-20 19:04:49", "elapsed": 25944.21760702133, "delta": 30.32642960548401}, "costs": {"total_cost": 769.0709466715169, "time_cost": 150, "final_distance_cost": 75.2136569034288, "oscillation_cost": 101.56204418232763, "completition_cost": 333.33333333333337, "overshoot_cost": 70.0222394783866, "power_cost": 22.718307641601562, "noise_cost": 16.221365132438976, "n_waypoints_completed": 6, "tot_waypoints": 9}}
{"target": -1128.195283265634, "params": {"k_pid_pos": [1.306830221822174, 0.633821710542762, 0.3629868417810299], "k_pid_alt": [0.4627163896876374, 0.2848746936701009, 0.18357920339287803], "k_pid_att": [71.03378139631893, 5.26886827005329, 0.16882002814990704], "k_pid_yaw": [0.5, 1e-06, 0.1], "k_pid_hsp": [2.3457527595261225, 0.7788466100634779, 0.6408439736503878], "k_pid_vsp": [325.3554768036166, 36.85997369400878, 224.1428626582921]}, "datetime": {"datetime": "2025-08-20 19:05:16", "elapsed": 25971.438582897186, "delta": 27.220975875854492}, "costs": {"total_cost": 1128.195283265634, "time_cost": 150, "final_distance_cost": 55.025227908117415, "oscillation_cost": 164.09660322976225, "completition_cost": 666.6666666666667, "overshoot_cost": 49.708715784105756, "power_cost": 25.077869372558595, "noise_cost": 17.6202003044233, "n_waypoints_completed": 3, "tot_waypoints": 9}}
{"target": -1479.5526250309474, "params": {"k_pid_pos": [0.7799729496331345, 0.02031564276164266, 0.958063425887085], "k_pid_alt": [0.7389232881173331, 0.8152351400518394, 0.6937729970587448], "k_pid_att": [54.97108023274628, 6.396712844532216, 0.0162418072284769], "k_pid_yaw": [0.5, 1e-06, 0.1], "k_pid_hsp": [0.1454108553452958, 0.6681961103826045, 0.342683967113923], "k_pid_vsp": [383.32611106562774, 198.6376683376247, 322.9441964496832]}, "datetime": {"datetime": "2025-08-20 19:05:51", "elapsed": 26006.249015569687, "delta": 34.81043267250061}, "costs": {"total_cost": 1479.5526250309474, "time_cost": 150, "final_distance_cost": 74.69084632844665, "oscillation_cost": 389.6524997888044, "completition_cost": 777.7777777777778, "overshoot_cost": 51.98680172854549, "power_cost": 19.88534462890625, "noise_cost": 15.559354778466744, "n_waypoints_completed": 2, "tot_waypoints": 9}}
{"target": -1320.1484147256594, "params": {"k_pid_pos": [0.518875916506808, 0.9369773498877398, 0.008887540408483052], "k_pid_alt": [0.19772727383775868, 0.8000357280995154, 0.9362840611404083], "k_pid_att": [47.9473489023979, 9.072988697433193, 0.1761721064451509], "k_pid_yaw": [0.5, 1e-06, 0.1], "k_pid_hsp": [5.8436131421749025, 0.10326854410046638, 0.18194338636547325], "k_pid_vsp": [313.8501929711948, 89.63401149334062, 239.87116604352843]}, "datetime": {"datetime": "2025-08-20 19:06:18", "elapsed": 26033.230767965317, "delta": 26.981752395629883}, "costs": {"total_cost": 1320.1484147256594, "time_cost": 150, "final_distance_cost": 75.2982634816896, "oscillation_cost": 113.46655136959328, "completition_cost": 888.8888888888888, "overshoot_cost": 48.56818094480517, "power_cost": 25.963021911621095, "noise_cost": 17.963508129061385, "n_waypoints_completed": 1, "tot_waypoints": 9}}
{"target": -1040.4685917091374, "params": {"k_pid_pos": [0.2757487139510323, 0.7927152982123018, 0.3287171494564681], "k_pid_alt": [0.8459282853230938, 0.6643400785263611, 0.2311008969131889], "k_pid_att": [20.59649225734389, 1.7451405969975373, 0.12248163310076843], "k_pid_yaw": [0.5, 1e-06, 0.1], "k_pid_hsp": [5.3398653250831805, 0.5240023757095684, 0.5287046130304276], "k_pid_vsp": [397.3813871486404, 264.31746168561915, 149.76444026220798]}, "datetime": {"datetime": "2025-08-20 19:06:45", "elapsed": 26059.948335170746, "delta": 26.717567205429077}, "costs": {"total_cost": 1040.4685917091374, "time_cost": 150, "final_distance_cost": 52.336558589807254, "oscillation_cost": 187.1782956262223, "completition_cost": 555.5555555555555, "overshoot_cost": 53.02789767935347, "power_cost": 24.14059725341797, "noise_cost": 18.229687004780775, "n_waypoints_completed": 4, "tot_waypoints": 9}}
{"target": -703.2474805090458, "params": {"k_pid_pos": [1.8138370924449296, 0.6885202657626184, 0.8933224815353314], "k_pid_alt": [0.39328058480392536, 0.2020919184934683, 0.9904114943215292], "k_pid_att": [68.30479965255829, 6.282934116527237, 0.795678365166199], "k_pid_yaw": [0.5, 1e-06, 0.1], "k_pid_hsp": [9.393728008022187, 0.3045406494817555, 0.554790876487256], "k_pid_vsp": [120.12435448013679, 353.34891278634205, 53.943231906373875]}, "datetime": {"datetime": "2025-08-20 19:07:18", "elapsed": 26093.442856550217, "delta": 33.494521379470825}, "costs": {"total_cost": 703.2474805090458, "time_cost": 150, "final_distance_cost": 57.00610712221294, "oscillation_cost": 296.6990116958334, "completition_cost": 111.11111111111116, "overshoot_cost": 50.995259398727995, "power_cost": 21.46874471435547, "noise_cost": 15.96724646680484, "n_waypoints_completed": 8, "tot_waypoints": 9}}
{"target": -1187.3602809140816, "params": {"k_pid_pos": [1.7761479537108469, 0.6075801368595889, 0.3758121484395074], "k_pid_alt": [0.08056783771763798, 0.3341853852037898, 0.6307493355756207], "k_pid_att": [74.30076051404758, 9.835974609619065, 0.52968249453569], "k_pid_yaw": [0.5, 1e-06, 0.1], "k_pid_hsp": [6.1237062996125955, 0.4657146219993199, 0.9074337418889605], "k_pid_vsp": [345.39469002120796, 188.53011261623405, 139.38278926513428]}, "datetime": {"datetime": "2025-08-20 19:07:45", "elapsed": 26120.34099006653, "delta": 26.898133516311646}, "costs": {"total_cost": 1187.3602809140816, "time_cost": 150, "final_distance_cost": 51.12305605262379, "oscillation_cost": 228.61169632933397, "completition_cost": 666.6666666666667, "overshoot_cost": 52.38865316002369, "power_cost": 22.278413623046877, "noise_cost": 16.291795082386532, "n_waypoints_completed": 3, "tot_waypoints": 9}}
{"target": -822.3114197314375, "params": {"k_pid_pos": [0.41571177302861223, 0.4981313522869978, 0.4094946623964827], "k_pid_alt": [1.4989248081358981, 0.41759229396990705, 0.8884287149761949], "k_pid_att": [99.5419004281405, 6.702185524856335, 0.6520206076959456], "k_pid_yaw": [0.5, 1e-06, 0.1], "k_pid_hsp": [6.754982778217782, 0.8554625975329244, 0.43169674944084246], "k_pid_vsp": [327.38870218465803, 9.68566265023058, 281.3495793775132]}, "datetime": {"datetime": "2025-08-20 19:08:12", "elapsed": 26147.01851463318, "delta": 26.67752456665039}, "costs": {"total_cost": 822.3114197314375, "time_cost": 150, "final_distance_cost": 80.35662366469835, "oscillation_cost": 275.647294887727, "completition_cost": 222.2222222222222, "overshoot_cost": 55.64423410194505, "power_cost": 21.704892321777344, "noise_cost": 16.736152533067504, "n_waypoints_completed": 7, "tot_waypoints": 9}}
{"target": -1125.2483483595374, "params": {"k_pid_pos": [1.3978852712974612, 0.16799970635182704, 0.15727369568505256], "k_pid_alt": [1.250242834333468, 0.901208956491711, 0.46833048569443336], "k_pid_att": [51.12930469737781, 2.5014296078506946, 0.810158240455896], "k_pid_yaw": [0.5, 1e-06, 0.1], "k_pid_hsp": [4.15135782003063, 0.21569651210986085, 0.4668656774540667], "k_pid_vsp": [78.14807078064368, 289.47206626898236, 385.64249450192904]}, "datetime": {"datetime": "2025-08-20 19:08:43", "elapsed": 26177.550950288773, "delta": 30.532435655593872}, "costs": {"total_cost": 1125.2483483595374, "time_cost": 150, "final_distance_cost": 38.16712076185539, "oscillation_cost": 274.27276367016566, "completition_cost": 555.5555555555555, "overshoot_cost": 68.63468694970277, "power_cost": 18.825342431640625, "noise_cost": 19.792878990617403, "n_waypoints_completed": 4, "tot_waypoints": 9}}
{"target": -1421.2982108073722, "params": {"k_pid_pos": [1.0876459661354547, 0.059628321999368405, 0.5366670093529148], "k_pid_alt": [0.9522476973087517, 0.5880959088354923, 0.6150931590084167], "k_pid_att": [96.42962532277217, 8.683227635857884, 0.3586461973729489], "k_pid_yaw": [0.5, 1e-06, 0.1], "k_pid_hsp": [0.955408254513117, 0.5152677926118747, 0.2886640392383828], "k_pid_vsp": [290.96595153683006, 113.26047860399866, 360.0128007698735]}, "datetime": {"datetime": "2025-08-20 19:09:09", "elapsed": 26204.488554239273, "delta": 26.93760395050049}, "costs": {"total_cost": 1421.2982108073722, "time_cost": 150, "final_distance_cost": 71.53705087100863, "oscillation_cost": 342.3836262685354, "completition_cost": 777.7777777777778, "overshoot_cost": 39.95664952704744, "power_cost": 22.44333758544922, "noise_cost": 17.199768777553757, "n_waypoints_completed": 2, "tot_waypoints": 9}}
{"target": -363.61411352631114, "params": {"k_pid_pos": [1.9597165270492893, 0.15107894400628108, 0.7991252572182692], "k_pid_alt": [1.6130972629411198, 0.3442051498337949, 0.19908135726005483], "k_pid_att": [85.46416744683984, 1.25580898934757, 0.8754054047059777], "k_pid_yaw": [0.5, 1e-06, 0.1], "k_pid_hsp": [7.338142953768615, 0.18816942478935228, 0.9811910513663621], "k_pid_vsp": [363.2008592901886, 374.61805761407635, 216.8177566566884]}, "datetime": {"datetime": "2025-08-20 19:09:35", "elapsed": 26229.84797310829, "delta": 25.359418869018555}, "costs": {"total_cost": 363.61411352631114, "time_cost": 83.312, "final_distance_cost": 1.7576523145235212, "oscillation_cost": 194.0464812308945, "completition_cost": 0.0, "overshoot_cost": 54.511179560524496, "power_cost": 16.90998962402344, "noise_cost": 13.076810796345166, "n_waypoints_completed": 9, "tot_waypoints": 9}}
