{"target": -709.5524597674757, "params": {"k_pid_pos": [1.784167318087686, 0.6480578428448052, 0.27487274887852464], "k_pid_alt": [0.15202152839454497, 0.022823783445524937, 0.4029520115061711], "k_pid_att": [15.066953405259154, 1.056466974451285, 0.7732977248795764], "k_pid_yaw": [0.5, 1e-06, 0.1], "k_pid_hsp": [6.660261504414397, 0.5817928629684418, 0.694584833920474], "k_pid_vsp": [152.25273624263264, 14.03379235059989, 8.164634820101883]}, "datetime": {"datetime": "2025-08-21 01:02:43", "elapsed": 47417.70633292198, "delta": 52.97290587425232}, "costs": {"total_cost": 709.5524597674757, "time_cost": 150, "final_distance_cost": 71.19364071433482, "oscillation_cost": 185.60687886549832, "completition_cost": 222.2222222222222, "overshoot_cost": 45.99565065248976, "power_cost": 18.939814562988282, "noise_cost": 15.594252749942383, "n_waypoints_completed": 7, "tot_waypoints": 9}}
{"target": -1228.764984612453, "params": {"k_pid_pos": [0.440998243839991, 0.9038607882841769, 0.8754667373308224], "k_pid_alt": [0.49845689047084596, 0.8019177207195395, 0.9102700084316014], "k_pid_att": [2.6421366979157646, 7.47313336495705, 0.37855703435901533], "k_pid_yaw": [0.5, 1e-06, 0.1], "k_pid_hsp": [0.6311015304104559, 0.04049578525515618, 0.0638264288312933], "k_pid_vsp": [104.36037392556985, 55.333583521459865, 69.77951600565942]}, "datetime": {"datetime": "2025-08-21 01:03:20", "elapsed": 47454.73621082306, "delta": 37.02987790107727}, "costs": {"total_cost": 1228.764984612453, "time_cost": 150, "final_distance_cost": 84.23480348303175, "oscillation_cost": 139.20686188653485, "completition_cost": 777.7777777777778, "overshoot_cost": 43.67286856094513, "power_cost": 19.28959479980469, "noise_cost": 14.583078104358611, "n_waypoints_completed": 2, "tot_waypoints": 9}}
{"target": -332.2592093572617, "params": {"k_pid_pos": [1.2692188953186159, 0.6014471468137367, 0.43566501722255035], "k_pid_alt": [1.863720066423482, 0.054481201509749444, 0.4601766220376492], "k_pid_att": [60.13921965382746, 0.8397794694921281, 0.46537896423996183], "k_pid_yaw": [0.5, 1e-06, 0.1], "k_pid_hsp": [4.35402910177788, 0.10677423263720942, 0.978252075852118], "k_pid_vsp": [195.92396446871692, 178.98434762722306, 28.862840428015467]}, "datetime": {"datetime": "2025-08-21 01:03:53", "elapsed": 47488.14485621452, "delta": 33.40864539146423}, "costs": {"total_cost": 332.2592093572617, "time_cost": 84.944, "final_distance_cost": 1.7529491044991712, "oscillation_cost": 155.9094219963044, "completition_cost": 0.0, "overshoot_cost": 58.671873580362835, "power_cost": 17.156845275878908, "noise_cost": 13.8241194002164, "n_waypoints_completed": 9, "tot_waypoints": 9}}
{"target": -691.4211814832131, "params": {"k_pid_pos": [2.0, 0.24529721641573657, 0.0016841283534327486], "k_pid_alt": [2.0, 0.18257501736393855, 0.34541348392850774], "k_pid_att": [42.81091527728818, 9.909035563213427, 0.5634269443939797], "k_pid_yaw": [0.5, 1e-06, 0.1], "k_pid_hsp": [6.030996979794951, 0.5314914319595273, 0.0], "k_pid_vsp": [116.72106706580905, 143.66060920963983, 16.95293904579051]}, "datetime": {"datetime": "2025-08-21 01:04:42", "elapsed": 47537.404290914536, "delta": 49.25943470001221}, "costs": {"total_cost": 691.4211814832131, "time_cost": 150, "final_distance_cost": 72.94978852197804, "oscillation_cost": 61.977124136686946, "completition_cost": 333.33333333333337, "overshoot_cost": 42.395403824743305, "power_cost": 17.35338914794922, "noise_cost": 13.412142518522256, "n_waypoints_completed": 6, "tot_waypoints": 9}}
{"target": -989.8246411308706, "params": {"k_pid_pos": [1.5150003196036874, 0.483818216825213, 0.004513525221709114], "k_pid_alt": [0.1151259965015301, 0.7441969342432698, 0.9926375940235972], "k_pid_att": [62.47569940289516, 2.7714522640471144, 0.4056431041081603], "k_pid_yaw": [0.5, 1e-06, 0.1], "k_pid_hsp": [4.8130507052219595, 0.2158870963118581, 0.8958938395343173], "k_pid_vsp": [114.16564868519772, 298.79334622896533, 102.4725340197022]}, "datetime": {"datetime": "2025-08-21 01:05:41", "elapsed": 47596.41098880768, "delta": 59.0066978931427}, "costs": {"total_cost": 989.8246411308706, "time_cost": 150, "final_distance_cost": 42.93145527944416, "oscillation_cost": 143.05148440248755, "completition_cost": 555.5555555555555, "overshoot_cost": 56.677343420375095, "power_cost": 23.120888732910156, "noise_cost": 18.487913740098097, "n_waypoints_completed": 4, "tot_waypoints": 9}}
{"target": -965.9430440642308, "params": {"k_pid_pos": [0.7159755293216248, 0.3887896445242223, 0.5049071301394749], "k_pid_alt": [0.8762341266803184, 0.41651271100933807, 0.6416439696692581], "k_pid_att": [76.00974395255552, 2.143255540680955, 0.613095155510352], "k_pid_yaw": [0.5, 1e-06, 0.1], "k_pid_hsp": [7.974963549952934, 0.8894193978677327, 0.4659858763630579], "k_pid_vsp": [250.91822209391148, 266.2629627065641, 266.8564423012461]}, "datetime": {"datetime": "2025-08-21 01:06:39", "elapsed": 47654.225717782974, "delta": 57.81472897529602}, "costs": {"total_cost": 965.9430440642308, "time_cost": 150, "final_distance_cost": 69.58174698490014, "oscillation_cost": 326.89647357023694, "completition_cost": 333.33333333333337, "overshoot_cost": 47.611434304408185, "power_cost": 21.61647987060547, "noise_cost": 16.903576000746728, "n_waypoints_completed": 6, "tot_waypoints": 9}}
{"target": -1325.9332479819338, "params": {"k_pid_pos": [0.024026726169652846, 0.6051804553759402, 0.49869055165129106], "k_pid_alt": [1.4399672183628307, 0.740075317217088, 0.6578484166436318], "k_pid_att": [71.26666267816482, 8.004019090542677, 0.26744625738673244], "k_pid_yaw": [0.5, 1e-06, 0.1], "k_pid_hsp": [7.3195451845623705, 0.9366289267188606, 0.12886412466205532], "k_pid_vsp": [161.95207586901114, 33.48768464633958, 154.40449486582966]}, "datetime": {"datetime": "2025-08-21 01:07:16", "elapsed": 47691.13595700264, "delta": 36.91023921966553}, "costs": {"total_cost": 1325.9332479819338, "time_cost": 150, "final_distance_cost": 89.5589409104854, "oscillation_cost": 227.67825946791586, "completition_cost": 777.7777777777778, "overshoot_cost": 41.78456748094248, "power_cost": 21.928151171875, "noise_cost": 17.205551172937312, "n_waypoints_completed": 2, "tot_waypoints": 9}}
{"target": -825.3243270594689, "params": {"k_pid_pos": [0.894560961158969, 0.2678346058351786, 0.6381942158367244], "k_pid_alt": [1.6583635522395415, 0.4071455031268679, 0.23292558687606169], "k_pid_att": [51.58639827536477, 6.658941410986295, 0.7006959021335876], "k_pid_yaw": [0.5, 1e-06, 0.1], "k_pid_hsp": [9.330542366766174, 0.27333614333369305, 0.24435280952253824], "k_pid_vsp": [167.53569070176928, 151.9712577794726, 91.18903535727489]}, "datetime": {"datetime": "2025-08-21 01:07:58", "elapsed": 47733.28002166748, "delta": 42.1440646648407}, "costs": {"total_cost": 825.3243270594689, "time_cost": 150, "final_distance_cost": 73.45978252978061, "oscillation_cost": 297.65070794336185, "completition_cost": 222.2222222222222, "overshoot_cost": 43.11219255137997, "power_cost": 22.361155895996095, "noise_cost": 16.518265916728218, "n_waypoints_completed": 7, "tot_waypoints": 9}}
{"target": -1024.2046826355584, "params": {"k_pid_pos": [2.0, 0.9207138340591187, 0.914357142055835], "k_pid_alt": [0.5020430574618515, 0.7205785379099903, 1.0], "k_pid_att": [56.693163973506444, 4.0378372699000655, 0.0], "k_pid_yaw": [0.5, 1e-06, 0.1], "k_pid_hsp": [7.166170489609756, 1.0, 1.0], "k_pid_vsp": [348.18680725349134, 215.75325679429176, 30.26416646690881]}, "datetime": {"datetime": "2025-08-21 01:08:54", "elapsed": 47789.3272485733, "delta": 56.047226905822754}, "costs": {"total_cost": 1024.2046826355584, "time_cost": 150, "final_distance_cost": 44.05885583651125, "oscillation_cost": 183.09733348734062, "completition_cost": 555.5555555555555, "overshoot_cost": 51.309622355099854, "power_cost": 23.37386015625, "noise_cost": 16.809455244801143, "n_waypoints_completed": 4, "tot_waypoints": 9}}
{"target": -818.8292303102788, "params": {"k_pid_pos": [0.9045221536293735, 0.4354868310402875, 0.8567644411908424], "k_pid_alt": [0.7392648974323544, 0.7602821913908191, 0.8856429482033816], "k_pid_att": [29.82784464766448, 4.958438790004317, 0.7700132048293079], "k_pid_yaw": [0.5, 1e-06, 0.1], "k_pid_hsp": [9.511562637238129, 0.5243686890189867, 0.7936106794799523], "k_pid_vsp": [59.89836895741658, 372.92645639205773, 105.92102935812197]}, "datetime": {"datetime": "2025-08-21 01:09:31", "elapsed": 47826.05116844177, "delta": 36.72391986846924}, "costs": {"total_cost": 818.8292303102788, "time_cost": 150, "final_distance_cost": 73.20247782371389, "oscillation_cost": 290.2251699581935, "completition_cost": 222.2222222222222, "overshoot_cost": 51.54620011488681, "power_cost": 17.23785557861328, "noise_cost": 14.395304612649166, "n_waypoints_completed": 7, "tot_waypoints": 9}}
{"target": -1486.8459887916842, "params": {"k_pid_pos": [0.9755160976539917, 0.6671801496902777, 0.9852030812077754], "k_pid_alt": [1.019804957794551, 0.6349211474326136, 0.6554112440424972], "k_pid_att": [54.69182511754743, 4.70139914024183, 0.6710878506283466], "k_pid_yaw": [0.5, 1e-06, 0.1], "k_pid_hsp": [0.6833193161926145, 0.46760411524821044, 0.8090069357738862], "k_pid_vsp": [139.840522112438, 185.33840152368865, 192.35232496456845]}, "datetime": {"datetime": "2025-08-21 01:10:18", "elapsed": 47873.22271132469, "delta": 47.17154288291931}, "costs": {"total_cost": 1486.8459887916842, "time_cost": 150, "final_distance_cost": 97.11310955218991, "oscillation_cost": 372.18940895632943, "completition_cost": 777.7777777777778, "overshoot_cost": 52.58674679550034, "power_cost": 21.02825115966797, "noise_cost": 16.15069455021885, "n_waypoints_completed": 2, "tot_waypoints": 9}}
{"target": -1805.1152208519707, "params": {"k_pid_pos": [0.7539642015111888, 0.10753981686281022, 0.39186865225129885], "k_pid_alt": [0.6286556744906102, 0.11645963855368635, 0.38922142915109814], "k_pid_att": [33.32374995986168, 1.2707359691421862, 0.4523182580059858], "k_pid_yaw": [0.5, 1e-06, 0.1], "k_pid_hsp": [0.4865098561424356, 0.15363252702230434, 0.24675036019894026], "k_pid_vsp": [8.521516735603996, 310.9593729946868, 256.4624654173204]}, "datetime": {"datetime": "2025-08-21 01:10:59", "elapsed": 47913.75479221344, "delta": 40.53208088874817}, "costs": {"total_cost": 1805.1152208519707, "time_cost": 150, "final_distance_cost": 223.09318910538943, "oscillation_cost": 211.57198116631787, "completition_cost": 1000.0, "overshoot_cost": 177.34125183901196, "power_cost": 23.88513277587891, "noise_cost": 19.22366596537268, "n_waypoints_completed": 0, "tot_waypoints": 9}}
{"target": -1185.4624285652037, "params": {"k_pid_pos": [0.6484633093572318, 0.21729681410299528, 0.8083558627584972], "k_pid_alt": [1.4450089525058494, 0.30355424822325083, 0.8882784367000868], "k_pid_att": [67.36934999261031, 6.429211023329963, 0.15252169720687192], "k_pid_yaw": [0.5, 1e-06, 0.1], "k_pid_hsp": [4.100386622810413, 0.27923578437679397, 0.714921897634527], "k_pid_vsp": [239.57218307327054, 135.68821238158537, 186.0876368016197]}, "datetime": {"datetime": "2025-08-21 01:11:36", "elapsed": 47951.01393866539, "delta": 37.25914645195007}, "costs": {"total_cost": 1185.4624285652037, "time_cost": 150, "final_distance_cost": 45.40068055718782, "oscillation_cost": 351.89392297909535, "completition_cost": 555.5555555555555, "overshoot_cost": 44.1769804079156, "power_cost": 21.91651151123047, "noise_cost": 16.518777554219014, "n_waypoints_completed": 4, "tot_waypoints": 9}}
{"target": -403.7523467446044, "params": {"k_pid_pos": [0.8674785450339416, 0.8357778331478807, 0.723598762737075], "k_pid_alt": [1.8879180410043912, 0.014734345284635908, 0.6870856149698262], "k_pid_att": [19.715347449283627, 3.955391290297355, 0.8448796631981625], "k_pid_yaw": [0.5, 1e-06, 0.1], "k_pid_hsp": [5.349085102547314, 0.8624285175371048, 0.4941016151391484], "k_pid_vsp": [152.99948233828354, 7.155208213287602, 1.354853798305409]}, "datetime": {"datetime": "2025-08-21 01:12:32", "elapsed": 48007.32289671898, "delta": 56.30895805358887}, "costs": {"total_cost": 403.7523467446044, "time_cost": 93.656, "final_distance_cost": 1.7397775234295885, "oscillation_cost": 221.36453972776107, "completition_cost": 0.0, "overshoot_cost": 54.26341726426896, "power_cost": 17.334455322265626, "noise_cost": 15.394156906879125, "n_waypoints_completed": 9, "tot_waypoints": 9}}
{"target": -914.0472650415006, "params": {"k_pid_pos": [1.570485540468908, 0.5716974133887984, 0.8012843940538381], "k_pid_alt": [0.5966456790937811, 0.9339735243250483, 0.2087838549813461], "k_pid_att": [30.000353967530845, 5.265120919108745, 0.15679797851031851], "k_pid_yaw": [0.5, 1e-06, 0.1], "k_pid_hsp": [8.201089707422739, 0.3518004552518549, 0.17184498868741882], "k_pid_vsp": [345.3752527194523, 85.48642297038495, 381.56506309163916]}, "datetime": {"datetime": "2025-08-21 01:13:11", "elapsed": 48046.44219946861, "delta": 39.11930274963379}, "costs": {"total_cost": 914.0472650415006, "time_cost": 150, "final_distance_cost": 56.859953980906496, "oscillation_cost": 278.79348273121707, "completition_cost": 333.33333333333337, "overshoot_cost": 57.16340759533727, "power_cost": 20.224453625488284, "noise_cost": 17.672633775218113, "n_waypoints_completed": 6, "tot_waypoints": 9}}
{"target": -370.48205708633986, "params": {"k_pid_pos": [0.9624292738212341, 0.0858093701278254, 0.7875074026604868], "k_pid_alt": [1.57983124637113, 0.40651427126192885, 0.586812199238576], "k_pid_att": [11.82116036366735, 2.9490424479009687, 0.6151008695966128], "k_pid_yaw": [0.5, 1e-06, 0.1], "k_pid_hsp": [9.499405255119665, 0.6426963967468908, 0.31287589295549395], "k_pid_vsp": [379.79284290902484, 65.25420786704122, 139.81403186853274]}, "datetime": {"datetime": "2025-08-21 01:14:12", "elapsed": 48107.335649728775, "delta": 60.89345026016235}, "costs": {"total_cost": 370.48205708633986, "time_cost": 90.544, "final_distance_cost": 1.764347707965897, "oscillation_cost": 188.20136803175865, "completition_cost": 0.0, "overshoot_cost": 55.28228637013138, "power_cost": 20.38904890136719, "noise_cost": 14.301006075116797, "n_waypoints_completed": 9, "tot_waypoints": 9}}
{"target": -398.9376170183391, "params": {"k_pid_pos": [1.839155021823516, 0.12337048627625435, 0.9627778621124151], "k_pid_alt": [0.49291076113416077, 0.5125489235473203, 0.10784720067756204], "k_pid_att": [38.014866988424686, 3.3658929253648786, 0.944247412902093], "k_pid_yaw": [0.5, 1e-06, 0.1], "k_pid_hsp": [7.636225652523172, 0.33071745992882084, 0.27016936030207206], "k_pid_vsp": [289.0438393967152, 75.7555529756256, 41.14048966945052]}, "datetime": {"datetime": "2025-08-21 01:15:13", "elapsed": 48168.08052754402, "delta": 60.74487781524658}, "costs": {"total_cost": 398.9376170183391, "time_cost": 95.648, "final_distance_cost": 1.774902482645414, "oscillation_cost": 213.8900170757569, "completition_cost": 0.0, "overshoot_cost": 58.95507438760698, "power_cost": 15.941435815429688, "noise_cost": 12.728187256900094, "n_waypoints_completed": 9, "tot_waypoints": 9}}
{"target": -262.6763780565576, "params": {"k_pid_pos": [1.3583861539786055, 0.0, 0.8941106190836512], "k_pid_alt": [2.0, 0.42720943371025333, 1.0], "k_pid_att": [2.647553129229418, 0.3224290597053966, 0.17705108604945488], "k_pid_yaw": [0.5, 1e-06, 0.1], "k_pid_hsp": [5.807747097962356, 0.0, 0.4612113425937265], "k_pid_vsp": [103.58635625974519, 96.2436393375441, 26.088307102157234]}, "datetime": {"datetime": "2025-08-21 01:16:07", "elapsed": 48221.67394423485, "delta": 53.593416690826416}, "costs": {"total_cost": 262.6763780565576, "time_cost": 80.92, "final_distance_cost": 1.7583779377688065, "oscillation_cost": 98.2222715685628, "completition_cost": 0.0, "overshoot_cost": 52.14232977969648, "power_cost": 16.850468041992187, "noise_cost": 12.782930728537309, "n_waypoints_completed": 9, "tot_waypoints": 9}}
{"target": -1234.7174977314003, "params": {"k_pid_pos": [0.17175197242689877, 0.4330455452389287, 0.27328612033839383], "k_pid_alt": [0.5369965035564952, 0.37413535823642674, 0.6486977916135951], "k_pid_att": [9.273049049528847, 4.437599216290381, 0.8332919214115615], "k_pid_yaw": [0.5, 1e-06, 0.1], "k_pid_hsp": [3.1828983777411977, 0.9858620408390683, 0.7952022429262144], "k_pid_vsp": [310.3318989949388, 194.16617598649185, 107.41398248312322]}, "datetime": {"datetime": "2025-08-21 01:16:53", "elapsed": 48268.30684566498, "delta": 46.632901430130005}, "costs": {"total_cost": 1234.7174977314003, "time_cost": 150, "final_distance_cost": 83.24788614921516, "oscillation_cost": 151.63766708956047, "completition_cost": 777.7777777777778, "overshoot_cost": 36.364237077888355, "power_cost": 20.80767916259766, "noise_cost": 14.882250474360632, "n_waypoints_completed": 2, "tot_waypoints": 9}}
{"target": -1299.9193717104904, "params": {"k_pid_pos": [1.7194453426882248, 0.3488688502419778, 0.05393004413353131], "k_pid_alt": [1.5002957826812695, 0.5713142940862823, 0.4995248041919981], "k_pid_att": [52.45046630385657, 2.595194120090332, 0.8708162982943835], "k_pid_yaw": [0.5, 1e-06, 0.1], "k_pid_hsp": [2.424686015424494, 0.3660915253580046, 0.40944817203615236], "k_pid_vsp": [23.597634665382028, 122.5119936976474, 332.6896960635187]}, "datetime": {"datetime": "2025-08-21 01:17:22", "elapsed": 48297.237646341324, "delta": 28.930800676345825}, "costs": {"total_cost": 1299.9193717104904, "time_cost": 150, "final_distance_cost": 75.37703992422202, "oscillation_cost": 270.91941901840767, "completition_cost": 666.6666666666667, "overshoot_cost": 94.42197061694269, "power_cost": 21.192347680664064, "noise_cost": 21.34192780358727, "n_waypoints_completed": 3, "tot_waypoints": 9}}
{"target": -787.6174600132179, "params": {"k_pid_pos": [0.8678668512583158, 0.38203374134736634, 0.13027000456155122], "k_pid_alt": [1.133753216013547, 0.861895872153702, 0.5346365603958274], "k_pid_att": [90.98947325714289, 4.060298983762393, 0.5349827375432537], "k_pid_yaw": [0.5, 1e-06, 0.1], "k_pid_hsp": [8.664386605348204, 0.34495300947521634, 0.32687253624458285], "k_pid_vsp": [152.9914958958216, 136.748811359508, 10.157962845159323]}, "datetime": {"datetime": "2025-08-21 01:18:14", "elapsed": 48348.72164559364, "delta": 51.483999252319336}, "costs": {"total_cost": 787.6174600132179, "time_cost": 150, "final_distance_cost": 64.15752549313044, "oscillation_cost": 262.52730548700157, "completition_cost": 222.2222222222222, "overshoot_cost": 51.49940041067067, "power_cost": 20.892287854003907, "noise_cost": 16.318718546189125, "n_waypoints_completed": 7, "tot_waypoints": 9}}
{"target": -1104.026792793431, "params": {"k_pid_pos": [0.3118667052169633, 0.6823701116376173, 0.39534173707765274], "k_pid_alt": [1.6030352055253272, 0.09580644854078868, 0.699238200807762], "k_pid_att": [52.98618894078327, 1.799383882033641, 0.12330679553593948], "k_pid_yaw": [0.5, 1e-06, 0.1], "k_pid_hsp": [1.4502474877914697, 0.36426037787544574, 0.05279184109269486], "k_pid_vsp": [201.38477245537842, 136.57469269584374, 288.54722582717994]}, "datetime": {"datetime": "2025-08-21 01:18:43", "elapsed": 48378.13645911217, "delta": 29.41481351852417}, "costs": {"total_cost": 1104.026792793431, "time_cost": 150, "final_distance_cost": 48.31864309252164, "oscillation_cost": 267.7642721276445, "completition_cost": 555.5555555555555, "overshoot_cost": 47.166469247259975, "power_cost": 19.413823889160156, "noise_cost": 15.808028881289038, "n_waypoints_completed": 4, "tot_waypoints": 9}}
{"target": -676.6114832349007, "params": {"k_pid_pos": [0.5301221575213653, 0.0, 0.7576359065360093], "k_pid_alt": [2.0, 0.5091362355205238, 0.6673603930625419], "k_pid_att": [8.940385676201634, 1.6107020373160026, 0.0], "k_pid_yaw": [0.5, 1e-06, 0.1], "k_pid_hsp": [6.402090803887704, 0.0, 0.3047320690345025], "k_pid_vsp": [89.8360661608165, 84.50303140884787, 27.71510539416059]}, "datetime": {"datetime": "2025-08-21 01:19:33", "elapsed": 48428.38226723671, "delta": 50.245808124542236}, "costs": {"total_cost": 676.6114832349007, "time_cost": 150, "final_distance_cost": 21.318065994621456, "oscillation_cost": 302.29406715389234, "completition_cost": 111.11111111111116, "overshoot_cost": 54.01383456352293, "power_cost": 22.034978930664064, "noise_cost": 15.839425481088787, "n_waypoints_completed": 8, "tot_waypoints": 9}}
{"target": -1477.9227467445005, "params": {"k_pid_pos": [0.943529130690918, 0.21231359422911567, 0.7104069496915641], "k_pid_alt": [0.7204082183120579, 0.13217336328353213, 0.09029935509300269], "k_pid_att": [95.0319408332257, 9.381202722026403, 0.07216801245223037], "k_pid_yaw": [0.5, 1e-06, 0.1], "k_pid_hsp": [7.590124605361574, 0.7116503924032787, 0.5593063327093791], "k_pid_vsp": [72.9848287650905, 211.02785630067896, 341.160129708777]}, "datetime": {"datetime": "2025-08-21 01:20:03", "elapsed": 48458.012298345566, "delta": 29.6300311088562}, "costs": {"total_cost": 1477.9227467445005, "time_cost": 150, "final_distance_cost": 87.58876795718665, "oscillation_cost": 401.8134783632483, "completition_cost": 666.6666666666667, "overshoot_cost": 135.24179080150083, "power_cost": 20.39328095703125, "noise_cost": 16.21876199886682, "n_waypoints_completed": 3, "tot_waypoints": 9}}
{"target": -399.8570584678105, "params": {"k_pid_pos": [0.9190900462358808, 0.1020891223106607, 0.9581495905433829], "k_pid_alt": [1.4158825193777804, 0.7878865063426228, 0.3641852602683695], "k_pid_att": [61.85756997456397, 1.8485322602003842, 0.7576603573927121], "k_pid_yaw": [0.5, 1e-06, 0.1], "k_pid_hsp": [2.990963790641602, 0.7929516582337751, 0.15325480510288558], "k_pid_vsp": [287.95050143234573, 229.27694373774392, 91.07860733232565]}, "datetime": {"datetime": "2025-08-21 01:20:30", "elapsed": 48484.987748622894, "delta": 26.97545027732849}, "costs": {"total_cost": 399.8570584678105, "time_cost": 85.536, "final_distance_cost": 1.792225060045447, "oscillation_cost": 228.13010947110573, "completition_cost": 0.0, "overshoot_cost": 52.74865874710959, "power_cost": 17.82909996337891, "noise_cost": 13.820965226170784, "n_waypoints_completed": 9, "tot_waypoints": 9}}
