{"target": -720.4896027808476, "params": {"k_pid_pos": [1.490122057667698, 0.7054880587201758, 0.2514524744498674], "k_pid_alt": [0.7093270169811596, 0.7875528562819326, 0.4642376720427941], "k_pid_att": [33.876705650291505, 5.934788494014666, 0.4630556760169223], "k_pid_yaw": [0.5, 1e-06, 0.1], "k_pid_hsp": [7.4553484749865815, 0.5778100517558399, 0.24872206472741387], "k_pid_vsp": [118.91996814288723, 159.67523596294606, 54.31194912161269]}, "datetime": {"datetime": "2025-08-20 15:04:43", "elapsed": 11537.8935277462, "delta": 23.88578176498413}, "costs": {"total_cost": 720.4896027808476, "time_cost": 150, "final_distance_cost": 77.35604449804597, "oscillation_cost": 177.5870589991893, "completition_cost": 222.2222222222222, "overshoot_cost": 55.23197449350095, "power_cost": 21.559504345703125, "noise_cost": 16.532798222186102, "n_waypoints_completed": 7, "tot_waypoints": 9}}
{"target": -1223.3565283406576, "params": {"k_pid_pos": [0.8617876752343611, 0.4993611745231955, 0.4968656405323685], "k_pid_alt": [1.417768488594902, 0.9572897886110601, 0.9764361204054769], "k_pid_att": [26.406236313343523, 7.9554181031270765, 0.5669440517300107], "k_pid_yaw": [0.5, 1e-06, 0.1], "k_pid_hsp": [1.8267227429725441, 0.6053133120676664, 0.7067414101943665], "k_pid_vsp": [323.58269962115554, 18.063860427468025, 256.59978969634864]}, "datetime": {"datetime": "2025-08-20 15:05:08", "elapsed": 11563.494747638702, "delta": 25.60121989250183}, "costs": {"total_cost": 1223.3565283406576, "time_cost": 150, "final_distance_cost": 57.66076912810992, "oscillation_cost": 248.6112074741346, "completition_cost": 666.6666666666667, "overshoot_cost": 59.34137660372856, "power_cost": 24.044170031738282, "noise_cost": 17.032338436279694, "n_waypoints_completed": 3, "tot_waypoints": 9}}
{"target": -1550.0319555006142, "params": {"k_pid_pos": [0.40111003897027037, 0.05150363201708219, 0.025778123648391382], "k_pid_alt": [1.1332844693065482, 0.7326922192233192, 0.9684215517863389], "k_pid_att": [17.55015791806649, 2.3869501836073126, 0.3274358785798227], "k_pid_yaw": [0.5, 1e-06, 0.1], "k_pid_hsp": [4.555679331127875, 0.04482482053967096, 0.14593434648617643], "k_pid_vsp": [230.9027252011168, 87.15818118897064, 337.3280802627783]}, "datetime": {"datetime": "2025-08-20 15:05:32", "elapsed": 11587.477828025818, "delta": 23.98308038711548}, "costs": {"total_cost": 1550.0319555006142, "time_cost": 150, "final_distance_cost": 85.00669750043441, "oscillation_cost": 336.22206269476976, "completition_cost": 888.8888888888888, "overshoot_cost": 53.12199193427276, "power_cost": 20.437071240234378, "noise_cost": 16.35524324201399, "n_waypoints_completed": 1, "tot_waypoints": 9}}
{"target": -1471.6244742687106, "params": {"k_pid_pos": [0.5176005541199212, 0.22580986974158335, 0.34096776022598796], "k_pid_alt": [0.471336381263171, 0.9507400298139859, 0.4471737903215799], "k_pid_att": [96.98524977875178, 2.4799956077198986, 0.7772380321815014], "k_pid_yaw": [0.5, 1e-06, 0.1], "k_pid_hsp": [5.607465947449799, 0.6208824783352125, 0.6731982706417293], "k_pid_vsp": [36.521174128579844, 394.0001519762211, 135.65823827985272]}, "datetime": {"datetime": "2025-08-20 15:05:57", "elapsed": 11612.36410021782, "delta": 24.886272192001343}, "costs": {"total_cost": 1471.6244742687106, "time_cost": 150, "final_distance_cost": 98.20461948157097, "oscillation_cost": 364.5515508765797, "completition_cost": 777.7777777777778, "overshoot_cost": 42.388394809086456, "power_cost": 21.92731286621094, "noise_cost": 16.77481845748458, "n_waypoints_completed": 2, "tot_waypoints": 9}}
{"target": -1186.9688028645558, "params": {"k_pid_pos": [0.8926423974732833, 0.04691659888086208, 0.8452712359183222], "k_pid_alt": [1.5345820753272486, 0.9766427591301943, 0.802118240324448], "k_pid_att": [47.956408483237055, 7.175250865853635, 0.3190792445314562], "k_pid_yaw": [0.5, 1e-06, 0.1], "k_pid_hsp": [7.593217253041688, 0.13997407818377405, 0.8978007590373956], "k_pid_vsp": [311.70315266950405, 154.49137707719802, 366.7868660324635]}, "datetime": {"datetime": "2025-08-20 15:06:24", "elapsed": 11639.015372753143, "delta": 26.651272535324097}, "costs": {"total_cost": 1186.9688028645558, "time_cost": 150, "final_distance_cost": 48.27584928307717, "oscillation_cost": 348.5070016827195, "completition_cost": 555.5555555555555, "overshoot_cost": 48.75275115182924, "power_cost": 19.780255590820314, "noise_cost": 16.097389600554024, "n_waypoints_completed": 4, "tot_waypoints": 9}}
{"target": -2008.4257042753622, "params": {"k_pid_pos": [1.5024474733122413, 0.7147570895584944, 0.876603637870777], "k_pid_alt": [1.0382381248578798, 0.04595064466120147, 0.03744364779602105], "k_pid_att": [1.5643020693719034, 9.850896369656038, 0.8401865384197907], "k_pid_yaw": [0.5, 1e-06, 0.1], "k_pid_hsp": [2.4513187637898004, 0.7862254214776659, 0.7923149040097596], "k_pid_vsp": [393.77399045695, 251.2833172356912, 186.53155951030817]}, "datetime": {"datetime": "2025-08-20 15:06:47", "elapsed": 11662.499561309814, "delta": 23.484188556671143}, "costs": {"total_cost": 2008.4257042753622, "time_cost": 150, "final_distance_cost": 3.219380543100449, "oscillation_cost": 585.4020360274743, "completition_cost": 1000.0, "overshoot_cost": 144.84102247992624, "power_cost": 35.47862088623047, "noise_cost": 89.48464433863096, "n_waypoints_completed": 0, "tot_waypoints": 9}}
{"target": -1305.8292088331925, "params": {"k_pid_pos": [0.5709588905434652, 0.6738733568235197, 0.27647458937171554], "k_pid_alt": [0.351445874654867, 0.17228583289874522, 0.9652022610665905], "k_pid_att": [25.145631808690393, 2.681417243412906, 0.00042980638587486464], "k_pid_yaw": [0.5, 1e-06, 0.1], "k_pid_hsp": [2.3925183880246603, 0.34169937744319856, 0.7314100339223112], "k_pid_vsp": [247.69143262385035, 326.9268060388095, 364.4573783123388]}, "datetime": {"datetime": "2025-08-20 15:07:13", "elapsed": 11688.01550936699, "delta": 25.515948057174683}, "costs": {"total_cost": 1305.8292088331925, "time_cost": 150, "final_distance_cost": 80.81219308806466, "oscillation_cost": 196.7779426386643, "completition_cost": 777.7777777777778, "overshoot_cost": 64.25149209964188, "power_cost": 20.778615161132812, "noise_cost": 15.431188067911135, "n_waypoints_completed": 2, "tot_waypoints": 9}}
{"target": -1256.8397086399737, "params": {"k_pid_pos": [0.05731395031571028, 0.7313901579885173, 0.9057518363411381], "k_pid_alt": [0.36759217214217155, 0.08019443838171358, 0.5396247128968957], "k_pid_att": [68.19567421578829, 4.8778552644457465, 0.9587056797545993], "k_pid_yaw": [0.5, 1e-06, 0.1], "k_pid_hsp": [4.003863917450829, 0.33554716915680816, 0.8473863129085847], "k_pid_vsp": [372.5583259131073, 212.8813712563123, 190.88535062307167]}, "datetime": {"datetime": "2025-08-20 15:07:37", "elapsed": 11711.785686016083, "delta": 23.770176649093628}, "costs": {"total_cost": 1256.8397086399737, "time_cost": 150, "final_distance_cost": 90.39522992123536, "oscillation_cost": 270.47817181041825, "completition_cost": 666.6666666666667, "overshoot_cost": 41.48516246334774, "power_cost": 21.557199255371096, "noise_cost": 16.257278522934563, "n_waypoints_completed": 3, "tot_waypoints": 9}}
{"target": -797.0408716778685, "params": {"k_pid_pos": [1.1402104034171596, 0.5939870334687742, 0.5816033205105423], "k_pid_alt": [1.4608993098552165, 0.6376530704379072, 0.429513203595583], "k_pid_att": [41.775401764261375, 0.9606757981776427, 0.34141318612094185], "k_pid_yaw": [0.5, 1e-06, 0.1], "k_pid_hsp": [8.834558963470817, 0.8499155954169084, 0.39097104648350256], "k_pid_vsp": [255.29886199032137, 117.25932835841103, 289.87543323211156]}, "datetime": {"datetime": "2025-08-20 15:08:02", "elapsed": 11736.602269172668, "delta": 24.816583156585693}, "costs": {"total_cost": 797.0408716778685, "time_cost": 150, "final_distance_cost": 70.16652949460679, "oscillation_cost": 263.8050749601472, "completition_cost": 222.2222222222222, "overshoot_cost": 56.36048240339518, "power_cost": 19.308811535644534, "noise_cost": 15.177751061852641, "n_waypoints_completed": 7, "tot_waypoints": 9}}
{"target": -997.9637152807028, "params": {"k_pid_pos": [0.20189815088841256, 0.7665301109058494, 0.3661826923250089], "k_pid_alt": [1.998677650533373, 0.6929486287646844, 0.21703377443640826], "k_pid_att": [41.41385268048335, 7.470244725982399, 0.7605255308005092], "k_pid_yaw": [0.5, 1e-06, 0.1], "k_pid_hsp": [6.2354030247685195, 0.3858006636957687, 0.2457640772578823], "k_pid_vsp": [388.2392186623345, 82.43782585228608, 347.2074321952792]}, "datetime": {"datetime": "2025-08-20 15:08:28", "elapsed": 11763.321271419525, "delta": 26.71900224685669}, "costs": {"total_cost": 997.9637152807028, "time_cost": 150, "final_distance_cost": 41.23202563113074, "oscillation_cost": 163.7485601236029, "completition_cost": 555.5555555555555, "overshoot_cost": 49.801000622643045, "power_cost": 21.764876818847657, "noise_cost": 15.86169652892285, "n_waypoints_completed": 4, "tot_waypoints": 9}}
{"target": -1119.4123008502324, "params": {"k_pid_pos": [0.22110594333732322, 0.02853924381400952, 0.26306625341263123], "k_pid_alt": [1.1788826105193124, 0.193791184983639, 0.9697321401415545], "k_pid_att": [32.041516547436984, 6.210867784239572, 0.0847199741097523], "k_pid_yaw": [0.5, 1e-06, 0.1], "k_pid_hsp": [8.864519434473523, 0.8845686595052477, 0.4759564198907148], "k_pid_vsp": [189.30495307374972, 126.95635795232134, 300.4064481833287]}, "datetime": {"datetime": "2025-08-20 15:08:54", "elapsed": 11788.579113483429, "delta": 25.25784206390381}, "costs": {"total_cost": 1119.4123008502324, "time_cost": 150, "final_distance_cost": 50.64322367698059, "oscillation_cost": 383.6655661250049, "completition_cost": 444.4444444444444, "overshoot_cost": 56.38937563225796, "power_cost": 19.007044470214844, "noise_cost": 15.262646501329822, "n_waypoints_completed": 5, "tot_waypoints": 9}}
{"target": -1263.6420523269794, "params": {"k_pid_pos": [0.08612328340904135, 0.939591183660591, 0.8595590233683799], "k_pid_alt": [0.483735703690783, 0.38692060224964475, 0.1845066774922406], "k_pid_att": [65.540171916486, 6.6619981304033296, 0.7178625701348564], "k_pid_yaw": [0.5, 1e-06, 0.1], "k_pid_hsp": [6.976782708983293, 0.3179157377743621, 0.35228372174456113], "k_pid_vsp": [309.30939011687235, 85.02530060574959, 198.83703430636854]}, "datetime": {"datetime": "2025-08-20 15:09:19", "elapsed": 11813.685597419739, "delta": 25.106483936309814}, "costs": {"total_cost": 1263.6420523269794, "time_cost": 150, "final_distance_cost": 78.84804165867969, "oscillation_cost": 181.28718372121517, "completition_cost": 777.7777777777778, "overshoot_cost": 37.674860727139965, "power_cost": 21.786251000976563, "noise_cost": 16.2679374411903, "n_waypoints_completed": 2, "tot_waypoints": 9}}
{"target": -1463.7379462567535, "params": {"k_pid_pos": [0.793779950961042, 0.6275604283760176, 0.38864604251446366], "k_pid_alt": [1.717154475510554, 0.7794874107386117, 0.7281356396515397], "k_pid_att": [56.78202095500564, 3.123985943321472, 0.9142978939626716], "k_pid_yaw": [0.5, 1e-06, 0.1], "k_pid_hsp": [0.36462236258173825, 0.5326480253622431, 0.14817647721221738], "k_pid_vsp": [198.04583528418584, 185.45632742677628, 345.0277013637632]}, "datetime": {"datetime": "2025-08-20 15:09:46", "elapsed": 11840.815925836563, "delta": 27.13032841682434}, "costs": {"total_cost": 1463.7379462567535, "time_cost": 150, "final_distance_cost": 44.238080898325215, "oscillation_cost": 111.66402314227578, "completition_cost": 1000.0, "overshoot_cost": 103.37498164797515, "power_cost": 21.22626397705078, "noise_cost": 33.234596591126504, "n_waypoints_completed": 0, "tot_waypoints": 9}}
{"target": -1462.683289709721, "params": {"k_pid_pos": [1.7552126634557403, 0.938544917375914, 0.28697757611690655], "k_pid_alt": [1.480208458249449, 0.4958595404963727, 0.2607861949106397], "k_pid_att": [94.48334087090514, 4.770168053868803, 0.023395020028739943], "k_pid_yaw": [0.5, 1e-06, 0.1], "k_pid_hsp": [7.480392751060695, 0.8671862011813913, 0.9233902900355241], "k_pid_vsp": [147.71727312498905, 51.71153388945576, 320.76841340376706]}, "datetime": {"datetime": "2025-08-20 15:10:10", "elapsed": 11865.360373973846, "delta": 24.544448137283325}, "costs": {"total_cost": 1462.683289709721, "time_cost": 150, "final_distance_cost": 2.6018215788460624, "oscillation_cost": 84.10169893701212, "completition_cost": 1000.0, "overshoot_cost": 137.5683470370603, "power_cost": 21.17659704589844, "noise_cost": 67.23482511090413, "n_waypoints_completed": 0, "tot_waypoints": 9}}
{"target": -951.012676295857, "params": {"k_pid_pos": [0.9701359345409001, 0.06065166180549719, 0.92908453433481], "k_pid_alt": [1.4768020861260742, 0.4502369806543647, 0.22074170774143864], "k_pid_att": [4.457550890872097, 4.496109567797237, 0.564900104577336], "k_pid_yaw": [0.5, 1e-06, 0.1], "k_pid_hsp": [2.572483856352356, 0.8160204133444473, 0.5863903812972384], "k_pid_vsp": [232.02851234736116, 61.09656840905582, 272.57288987244243]}, "datetime": {"datetime": "2025-08-20 15:10:35", "elapsed": 11890.01085615158, "delta": 24.650482177734375}, "costs": {"total_cost": 951.012676295857, "time_cost": 150, "final_distance_cost": 53.671586429042385, "oscillation_cost": 201.70308113613083, "completition_cost": 444.4444444444444, "overshoot_cost": 62.93429475736647, "power_cost": 21.280925988769532, "noise_cost": 16.978343540103335, "n_waypoints_completed": 5, "tot_waypoints": 9}}
{"target": -1593.5693110664176, "params": {"k_pid_pos": [0.8333630600557803, 0.802835820582218, 0.702080251461668], "k_pid_alt": [0.003953106785288263, 0.5703125919149616, 0.7231499427349417], "k_pid_att": [74.34293245829481, 8.023096275400983, 0.6972615767493642], "k_pid_yaw": [0.5, 1e-06, 0.1], "k_pid_hsp": [0.051391622612187396, 0.3182265803240557, 0.6957971789818472], "k_pid_vsp": [198.91945242055922, 304.8962880833026, 38.860504624124125]}, "datetime": {"datetime": "2025-08-20 15:10:59", "elapsed": 11914.432921886444, "delta": 24.42206573486328}, "costs": {"total_cost": 1593.5693110664176, "time_cost": 150, "final_distance_cost": 69.91955844860531, "oscillation_cost": 393.73219682283, "completition_cost": 888.8888888888888, "overshoot_cost": 54.710398764363575, "power_cost": 20.63587578125, "noise_cost": 15.682392360479898, "n_waypoints_completed": 1, "tot_waypoints": 9}}
{"target": -1616.238050326678, "params": {"k_pid_pos": [1.9853790678977583, 0.864981591640718, 0.5113560698783948], "k_pid_alt": [0.07114807738823226, 0.22329030489830415, 0.21618074231085038], "k_pid_att": [22.0377000463434, 5.9979806739832675, 0.045115259705861055], "k_pid_yaw": [0.5, 1e-06, 0.1], "k_pid_hsp": [8.330537240255694, 0.4121336177417595, 0.6441221468791817], "k_pid_vsp": [6.625473666315118, 227.76719526959792, 184.5169824349929]}, "datetime": {"datetime": "2025-08-20 15:11:23", "elapsed": 11938.445538759232, "delta": 24.012616872787476}, "costs": {"total_cost": 1616.238050326678, "time_cost": 150, "final_distance_cost": 56.77692348917176, "oscillation_cost": 395.1236059832742, "completition_cost": 888.8888888888888, "overshoot_cost": 82.75589348906364, "power_cost": 18.503062341308596, "noise_cost": 24.189676134970735, "n_waypoints_completed": 1, "tot_waypoints": 9}}
{"target": -976.8008422518709, "params": {"k_pid_pos": [1.345863805231774, 0.9024456443063801, 0.2733990921597428], "k_pid_alt": [0.03842270927607272, 0.857797349182748, 0.3713493863230146], "k_pid_att": [45.29583401804975, 9.557205098549701, 0.9174808641357519], "k_pid_yaw": [0.5, 1e-06, 0.1], "k_pid_hsp": [5.83779520425134, 0.6776421682218029, 0.32675259953657976], "k_pid_vsp": [303.5131937625192, 92.04365014390504, 6.21253052620733]}, "datetime": {"datetime": "2025-08-20 15:11:47", "elapsed": 11962.163192272186, "delta": 23.717653512954712}, "costs": {"total_cost": 976.8008422518709, "time_cost": 150, "final_distance_cost": 45.534401574074224, "oscillation_cost": 128.23645522355423, "completition_cost": 555.5555555555555, "overshoot_cost": 58.963745550074464, "power_cost": 20.70048572998047, "noise_cost": 17.810198618631908, "n_waypoints_completed": 4, "tot_waypoints": 9}}
{"target": -1484.1256916917816, "params": {"k_pid_pos": [0.1386224656215411, 0.9397163410845095, 0.9463029429952157], "k_pid_alt": [1.5714539048728573, 0.9456103238313697, 0.4981569215769386], "k_pid_att": [97.08723337671442, 4.843431470026661, 0.89412450324457], "k_pid_yaw": [0.5, 1e-06, 0.1], "k_pid_hsp": [6.943295983256889, 0.9039552334945475, 0.3574779262795599], "k_pid_vsp": [2.32127391913437, 21.6161428963378, 152.19678372941448]}, "datetime": {"datetime": "2025-08-20 15:12:13", "elapsed": 11988.315403938293, "delta": 26.152211666107178}, "costs": {"total_cost": 1484.1256916917816, "time_cost": 150, "final_distance_cost": 47.7258665344753, "oscillation_cost": 199.33999985112038, "completition_cost": 1000.0, "overshoot_cost": 44.364753940226585, "power_cost": 23.845356982421876, "noise_cost": 18.84971438353741, "n_waypoints_completed": 0, "tot_waypoints": 9}}
{"target": -1247.588257641762, "params": {"k_pid_pos": [0.24322184991478987, 0.13103869737943052, 0.7850985561548842], "k_pid_alt": [0.907594208393637, 0.5903999455837464, 0.330280424635257], "k_pid_att": [97.87518119418735, 9.839843917904739, 0.4628059853094789], "k_pid_yaw": [0.5, 1e-06, 0.1], "k_pid_hsp": [6.724106702660297, 0.941165374403259, 0.5998249750182714], "k_pid_vsp": [91.28614987750284, 230.58315592150663, 192.06395779485476]}, "datetime": {"datetime": "2025-08-20 15:12:37", "elapsed": 12011.599130630493, "delta": 23.283726692199707}, "costs": {"total_cost": 1247.588257641762, "time_cost": 150, "final_distance_cost": 55.05473952869308, "oscillation_cost": 378.9024088651038, "completition_cost": 555.5555555555555, "overshoot_cost": 71.49152478652239, "power_cost": 20.376996533203126, "noise_cost": 16.207032372684285, "n_waypoints_completed": 4, "tot_waypoints": 9}}
{"target": -1335.365914069339, "params": {"k_pid_pos": [1.1430533785038242, 0.2209983645143987, 0.4809736413471324], "k_pid_alt": [0.6746762343278718, 0.029650245574821654, 0.3411567070345106], "k_pid_att": [49.48070608881922, 2.139530407047594, 0.8519691201997297], "k_pid_yaw": [0.5, 1e-06, 0.1], "k_pid_hsp": [7.976113923117661, 0.4183611507473046, 0.9547474005256043], "k_pid_vsp": [68.77862178366163, 79.47927909074977, 370.5021541469592]}, "datetime": {"datetime": "2025-08-20 15:13:00", "elapsed": 12034.983774900436, "delta": 23.384644269943237}, "costs": {"total_cost": 1335.365914069339, "time_cost": 150, "final_distance_cost": 55.023683355732835, "oscillation_cost": 339.561749076931, "completition_cost": 666.6666666666667, "overshoot_cost": 84.58071975798018, "power_cost": 22.3862173828125, "noise_cost": 17.14687782921584, "n_waypoints_completed": 3, "tot_waypoints": 9}}
{"target": -762.5707947575597, "params": {"k_pid_pos": [1.9190530986764922, 0.7350412151191714, 0.48813628118635166], "k_pid_alt": [0.9250102520002164, 0.30009336087595084, 0.5354466246764435], "k_pid_att": [4.780995031831637, 3.891002379844075, 0.04521615549084412], "k_pid_yaw": [0.5, 1e-06, 0.1], "k_pid_hsp": [4.464378756101179, 0.05656884926885186, 0.9866384168288678], "k_pid_vsp": [294.2005246304045, 46.80541937671335, 55.40501789949323]}, "datetime": {"datetime": "2025-08-20 15:13:24", "elapsed": 12059.029813528061, "delta": 24.04603862762451}, "costs": {"total_cost": 762.5707947575597, "time_cost": 150, "final_distance_cost": 64.49047959851642, "oscillation_cost": 223.22930522375881, "completition_cost": 222.2222222222222, "overshoot_cost": 52.51702236115185, "power_cost": 29.86599061279297, "noise_cost": 20.245774739117532, "n_waypoints_completed": 7, "tot_waypoints": 9}}
{"target": -465.65929269056505, "params": {"k_pid_pos": [1.7752065385085314, 0.034810126828404675, 0.8035899283368678], "k_pid_alt": [0.517211415470558, 0.6952707659544634, 0.22442203470217348], "k_pid_att": [27.81338900002247, 0.7971458611775799, 0.5777826284651522], "k_pid_yaw": [0.5, 1e-06, 0.1], "k_pid_hsp": [9.388631836008246, 0.3389557661650582, 0.8925479678643773], "k_pid_vsp": [11.008312270788911, 203.93296193193876, 46.13253117399905]}, "datetime": {"datetime": "2025-08-20 15:13:47", "elapsed": 12081.986084222794, "delta": 22.956270694732666}, "costs": {"total_cost": 465.65929269056505, "time_cost": 97.376, "final_distance_cost": 1.7914250895321135, "oscillation_cost": 268.5167142213592, "completition_cost": 0.0, "overshoot_cost": 59.11530760596962, "power_cost": 22.356728662109376, "noise_cost": 16.50311711159471, "n_waypoints_completed": 9, "tot_waypoints": 9}}
{"target": -1021.7015550528613, "params": {"k_pid_pos": [1.5493810486944999, 0.7570918836621608, 0.5849482521330016], "k_pid_alt": [0.02468834481065918, 0.18091702704336976, 0.6733910605606721], "k_pid_att": [49.92659564344575, 9.334660528605374, 0.13311816012371314], "k_pid_yaw": [0.5, 1e-06, 0.1], "k_pid_hsp": [9.171765612399668, 0.7112168004343578, 0.06659411485744193], "k_pid_vsp": [191.20167286433397, 297.08425701101964, 42.68507576920717]}, "datetime": {"datetime": "2025-08-20 15:14:11", "elapsed": 12105.80405664444, "delta": 23.817972421646118}, "costs": {"total_cost": 1021.7015550528613, "time_cost": 150, "final_distance_cost": 48.98105275074528, "oscillation_cost": 287.0206659085025, "completition_cost": 444.4444444444444, "overshoot_cost": 51.921984150134776, "power_cost": 21.499032202148438, "noise_cost": 17.83437559688587, "n_waypoints_completed": 5, "tot_waypoints": 9}}
