{"target": -1535.1828971653754, "params": {"k_pid_pos": [1.8114927100352922, 0.5079168975747341, 0.16838926642887408], "k_pid_alt": [0.2019529248468548, 0.45702972314190204, 0.265545537246747], "k_pid_att": [15.775797022662296, 4.861537847528942, 0.7634340784832125], "k_pid_yaw": [0.5, 1e-06, 0.1], "k_pid_hsp": [8.366535023464005, 0.4549158693142792, 0.3570054031970661], "k_pid_vsp": [16.867764912638393, 15.486598512554703, 191.04754281355977]}, "datetime": {"datetime": "2025-08-20 21:22:39", "elapsed": 34214.209599494934, "delta": 36.02909183502197}, "costs": {"total_cost": 1535.1828971653754, "time_cost": 150, "final_distance_cost": 51.4801506999401, "oscillation_cost": 289.77118427768085, "completition_cost": 888.8888888888888, "overshoot_cost": 86.67064618867728, "power_cost": 34.68864045410157, "noise_cost": 33.683386656086995, "n_waypoints_completed": 1, "tot_waypoints": 9}}
{"target": -952.9511934201327, "params": {"k_pid_pos": [0.9822852063302119, 0.5768998738998818, 0.09236868397300968], "k_pid_alt": [0.36739964107729217, 0.9766800255921894, 0.7858368897882763], "k_pid_att": [97.07697344815502, 0.7392971988402911, 0.18893559111580538], "k_pid_yaw": [0.5, 1e-06, 0.1], "k_pid_hsp": [4.762666933642419, 0.09048948560406511, 0.03522603371303101], "k_pid_vsp": [310.33114638085505, 384.64194757669844, 234.18330120848523]}, "datetime": {"datetime": "2025-08-20 21:23:08", "elapsed": 34243.30188846588, "delta": 29.092288970947266}, "costs": {"total_cost": 952.9511934201327, "time_cost": 150, "final_distance_cost": 48.75729013107884, "oscillation_cost": 217.2351720898499, "completition_cost": 444.4444444444444, "overshoot_cost": 55.75155933771326, "power_cost": 20.23668671875, "noise_cost": 16.526040698296317, "n_waypoints_completed": 5, "tot_waypoints": 9}}
{"target": -1136.8998565876666, "params": {"k_pid_pos": [1.0630147068356492, 0.6802043671568264, 0.8968722770491572], "k_pid_alt": [0.22140026269865198, 0.5969281418507304, 0.04605222481104698], "k_pid_att": [72.26743233310002, 9.680575825595442, 0.8755978555328231], "k_pid_yaw": [0.5, 1e-06, 0.1], "k_pid_hsp": [6.693332793835589, 0.2509964166545815, 0.7255027411451127], "k_pid_vsp": [25.302206266848472, 247.90369642600763, 94.58978483889594]}, "datetime": {"datetime": "2025-08-20 21:23:40", "elapsed": 34275.48553919792, "delta": 32.183650732040405}, "costs": {"total_cost": 1136.8998565876666, "time_cost": 150, "final_distance_cost": 46.741101975902694, "oscillation_cost": 288.66445914276295, "completition_cost": 555.5555555555555, "overshoot_cost": 56.78430224595733, "power_cost": 21.24765712890625, "noise_cost": 17.90678053858189, "n_waypoints_completed": 4, "tot_waypoints": 9}}
{"target": -1396.870997339562, "params": {"k_pid_pos": [0.6628752505558327, 0.4142511597821953, 0.6329720718920511], "k_pid_alt": [0.5206086829282708, 0.43475157821351607, 0.6412048083816145], "k_pid_att": [21.519738014434985, 2.713793035241071, 0.3649031293959474], "k_pid_yaw": [0.5, 1e-06, 0.1], "k_pid_hsp": [3.8444557581854104, 0.7755112089565199, 0.2925784058503029], "k_pid_vsp": [156.21941924161285, 136.8092415628054, 280.0626893646521]}, "datetime": {"datetime": "2025-08-20 21:24:09", "elapsed": 34304.45393490791, "delta": 28.968395709991455}, "costs": {"total_cost": 1396.870997339562, "time_cost": 150, "final_distance_cost": 87.39421403904304, "oscillation_cost": 393.2012684597808, "completition_cost": 666.6666666666667, "overshoot_cost": 58.631404095686285, "power_cost": 22.346705346679688, "noise_cost": 18.63073873170528, "n_waypoints_completed": 3, "tot_waypoints": 9}}
{"target": -628.8403230862397, "params": {"k_pid_pos": [1.0556899438542315, 0.4063091723916774, 0.536834366280403], "k_pid_alt": [1.1370963382295058, 0.9601384710084983, 0.48855773586033935], "k_pid_att": [69.15445052343149, 5.123024156753797, 0.7364560570983646], "k_pid_yaw": [0.5, 1e-06, 0.1], "k_pid_hsp": [9.343018085246127, 0.33690509243927536, 0.05889418383394207], "k_pid_vsp": [18.878266520753726, 307.52425187508777, 65.7236505843992]}, "datetime": {"datetime": "2025-08-20 21:24:43", "elapsed": 34337.575556993484, "delta": 33.12162208557129}, "costs": {"total_cost": 628.8403230862397, "time_cost": 150, "final_distance_cost": 61.840655628840956, "oscillation_cost": 214.87083877902938, "completition_cost": 111.11111111111116, "overshoot_cost": 55.27217835208926, "power_cost": 20.466626904296877, "noise_cost": 15.278912310872109, "n_waypoints_completed": 8, "tot_waypoints": 9}}
{"target": -964.73445451866, "params": {"k_pid_pos": [1.003629827473444, 0.40908763438452544, 0.26774427708756177], "k_pid_alt": [1.6064671230235141, 0.3471637934738122, 0.31831765569605075], "k_pid_att": [21.13342461361709, 1.841647048505102, 0.27575523031608384], "k_pid_yaw": [0.5, 1e-06, 0.1], "k_pid_hsp": [6.610819169396815, 0.480562375005142, 0.18219173332363447], "k_pid_vsp": [195.57114531162762, 231.02653143443933, 257.4993023821273]}, "datetime": {"datetime": "2025-08-20 21:25:12", "elapsed": 34366.85481977463, "delta": 29.27926278114319}, "costs": {"total_cost": 964.73445451866, "time_cost": 150, "final_distance_cost": 70.79802981436104, "oscillation_cost": 313.85887948600435, "completition_cost": 333.33333333333337, "overshoot_cost": 54.98928243472028, "power_cost": 24.281668127441407, "noise_cost": 17.473261322799427, "n_waypoints_completed": 6, "tot_waypoints": 9}}
{"target": -1085.4889339496362, "params": {"k_pid_pos": [0.6235247338040668, 0.9804302871182708, 0.8869086060535106], "k_pid_alt": [1.3604098161850113, 0.1758735315350315, 0.9455543117167009], "k_pid_att": [61.809487968852984, 3.633773889542852, 0.3258622483352088], "k_pid_yaw": [0.5, 1e-06, 0.1], "k_pid_hsp": [6.056807160166513, 0.07702636487407877, 0.5278750816021863], "k_pid_vsp": [256.16829826451885, 151.28537215408042, 289.1457057860142]}, "datetime": {"datetime": "2025-08-20 21:25:46", "elapsed": 34401.44109916687, "delta": 34.58627939224243}, "costs": {"total_cost": 1085.4889339496362, "time_cost": 150, "final_distance_cost": 47.52559977556513, "oscillation_cost": 243.66418488547183, "completition_cost": 555.5555555555555, "overshoot_cost": 49.77097542383776, "power_cost": 22.28585908203125, "noise_cost": 16.686759227174758, "n_waypoints_completed": 4, "tot_waypoints": 9}}
{"target": -1458.673329496188, "params": {"k_pid_pos": [0.5348906335440189, 0.9958468921667892, 0.2734954460015985], "k_pid_alt": [1.4622704226848644, 0.6174394903946323, 0.9392581309974621], "k_pid_att": [78.05894258503643, 1.1252833875583679, 0.96267626600835], "k_pid_yaw": [0.5, 1e-06, 0.1], "k_pid_hsp": [8.232231212599842, 0.9195024900214182, 0.04636199659374085], "k_pid_vsp": [178.60411657112056, 19.89823985847558, 372.9154531763291]}, "datetime": {"datetime": "2025-08-20 21:26:16", "elapsed": 34430.8651034832, "delta": 29.424004316329956}, "costs": {"total_cost": 1458.673329496188, "time_cost": 150, "final_distance_cost": 7.2386925180396355, "oscillation_cost": 85.19447328141112, "completition_cost": 1000.0, "overshoot_cost": 137.16367868548178, "power_cost": 17.91542272949219, "noise_cost": 61.161062281763414, "n_waypoints_completed": 0, "tot_waypoints": 9}}
{"target": -1002.174688293273, "params": {"k_pid_pos": [0.2795282657809736, 0.707275511272436, 0.039558327882767697], "k_pid_alt": [1.6088649584847416, 0.27750650569326396, 0.40888522953878803], "k_pid_att": [3.475416626210426, 5.796679176195447, 0.9430011535165265], "k_pid_yaw": [0.5, 1e-06, 0.1], "k_pid_hsp": [2.416477476174573, 0.36479113815320474, 0.5100841499398374], "k_pid_vsp": [267.4208130243801, 310.40098350023635, 108.19948007229868]}, "datetime": {"datetime": "2025-08-20 21:26:46", "elapsed": 34460.647580862045, "delta": 29.782477378845215}, "costs": {"total_cost": 1002.174688293273, "time_cost": 150, "final_distance_cost": 51.12816021013891, "oscillation_cost": 140.68935875907715, "completition_cost": 555.5555555555555, "overshoot_cost": 67.6500007168922, "power_cost": 21.774512011718752, "noise_cost": 15.377101039890324, "n_waypoints_completed": 4, "tot_waypoints": 9}}
{"target": -356.799167556121, "params": {"k_pid_pos": [0.9923231314155353, 0.09118655480831694, 0.9419080697465563], "k_pid_alt": [1.6967072152289984, 0.2722021468989423, 0.5500990702580766], "k_pid_att": [11.913035405937912, 1.6515276587894556, 0.7279644030442552], "k_pid_yaw": [0.5, 1e-06, 0.1], "k_pid_hsp": [9.98694331824361, 0.6683691390311667, 0.17079061058456146], "k_pid_vsp": [377.4084637014316, 67.34127231051595, 145.72666741481936]}, "datetime": {"datetime": "2025-08-20 21:27:14", "elapsed": 34489.310532569885, "delta": 28.662951707839966}, "costs": {"total_cost": 356.799167556121, "time_cost": 95.76, "final_distance_cost": 1.8061685277490553, "oscillation_cost": 168.91099203868006, "completition_cost": 0.0, "overshoot_cost": 56.54230944858007, "power_cost": 19.239930664062502, "noise_cost": 14.539766877049301, "n_waypoints_completed": 9, "tot_waypoints": 9}}
{"target": -937.7871420205709, "params": {"k_pid_pos": [1.415105133417722, 0.7916572840558952, 0.9648397845437008], "k_pid_alt": [1.031852303601193, 0.21976630681131226, 0.4231191487391841], "k_pid_att": [34.873110515796455, 3.3678773420659933, 0.48679592093030233], "k_pid_yaw": [0.5, 1e-06, 0.1], "k_pid_hsp": [1.0170128675214336, 0.3001339361401939, 0.21245344636692365], "k_pid_vsp": [278.79917963215803, 233.08568444837425, 318.3848011971505]}, "datetime": {"datetime": "2025-08-20 21:27:47", "elapsed": 34522.30616259575, "delta": 32.99563002586365}, "costs": {"total_cost": 937.7871420205709, "time_cost": 150, "final_distance_cost": 46.61881484444567, "oscillation_cost": 210.92534437722352, "completition_cost": 444.4444444444444, "overshoot_cost": 48.08097056383683, "power_cost": 21.63171153564453, "noise_cost": 16.08585625497595, "n_waypoints_completed": 5, "tot_waypoints": 9}}
{"target": -893.3755335437046, "params": {"k_pid_pos": [0.3526676384156023, 0.8396493007745807, 0.21897408905970261], "k_pid_alt": [0.8079775200201358, 0.8416490747807795, 0.49667929262203103], "k_pid_att": [33.003503264849385, 6.573758531450948, 0.8167533427681702], "k_pid_yaw": [0.5, 1e-06, 0.1], "k_pid_hsp": [8.69293707539475, 0.46769476356981454, 0.1565831814652896], "k_pid_vsp": [392.7729720139126, 94.99212327941189, 226.52442634809205]}, "datetime": {"datetime": "2025-08-20 21:28:17", "elapsed": 34551.6234266758, "delta": 29.317264080047607}, "costs": {"total_cost": 893.3755335437046, "time_cost": 150, "final_distance_cost": 45.80577426220108, "oscillation_cost": 160.24409320846007, "completition_cost": 444.4444444444444, "overshoot_cost": 52.56356873890803, "power_cost": 22.809782275390628, "noise_cost": 17.507870614300398, "n_waypoints_completed": 5, "tot_waypoints": 9}}
{"target": -1315.2555931609115, "params": {"k_pid_pos": [0.7439525239159117, 0.8607000293053276, 0.1657906813919343], "k_pid_alt": [0.7840348761831364, 0.5330955236874823, 0.23645621521415072], "k_pid_att": [70.41737731383729, 4.803792353293449, 0.8384764724725059], "k_pid_yaw": [0.5, 1e-06, 0.1], "k_pid_hsp": [1.4717562179216446, 0.0334779617889297, 0.8920419075168707], "k_pid_vsp": [83.74137175944112, 144.5527420697657, 181.56252895649735]}, "datetime": {"datetime": "2025-08-20 21:28:47", "elapsed": 34582.10231280327, "delta": 30.478886127471924}, "costs": {"total_cost": 1315.2555931609115, "time_cost": 150, "final_distance_cost": 97.98278445818775, "oscillation_cost": 183.73085069924417, "completition_cost": 777.7777777777778, "overshoot_cost": 63.56356166887706, "power_cost": 23.840316723632814, "noise_cost": 18.360301833191812, "n_waypoints_completed": 2, "tot_waypoints": 9}}
{"target": -906.7910676652485, "params": {"k_pid_pos": [0.6582760908903368, 0.6851918767465454, 0.7766080097467775], "k_pid_alt": [0.9295059748734755, 0.7505431584778899, 0.5152755517853078], "k_pid_att": [48.84884379016502, 7.571936602150989, 0.7454270881327025], "k_pid_yaw": [0.5, 1e-06, 0.1], "k_pid_hsp": [9.742221001821772, 0.3245389289266547, 0.9086402322033653], "k_pid_vsp": [190.47208687002643, 177.8397586878382, 129.49545381909977]}, "datetime": {"datetime": "2025-08-20 21:29:17", "elapsed": 34612.220311164856, "delta": 30.117998361587524}, "costs": {"total_cost": 906.7910676652485, "time_cost": 150, "final_distance_cost": 68.88160446166728, "oscillation_cost": 268.02208500971267, "completition_cost": 333.33333333333337, "overshoot_cost": 47.11713599691423, "power_cost": 22.03852412109375, "noise_cost": 17.398384742527238, "n_waypoints_completed": 6, "tot_waypoints": 9}}
{"target": -1314.3416148909319, "params": {"k_pid_pos": [0.6857726981882404, 0.774660438506005, 0.43580591317001205], "k_pid_alt": [0.275465226866735, 0.5845545546841544, 0.8361773537296205], "k_pid_att": [5.299445765864352, 1.390277272599109, 0.6901715925462892], "k_pid_yaw": [0.5, 1e-06, 0.1], "k_pid_hsp": [0.9130703368458181, 0.7580515302278907, 0.8139667108297591], "k_pid_vsp": [277.7377373408416, 84.47640833296838, 352.74487842054515]}, "datetime": {"datetime": "2025-08-20 21:29:52", "elapsed": 34647.49481320381, "delta": 35.27450203895569}, "costs": {"total_cost": 1314.3416148909319, "time_cost": 150, "final_distance_cost": 67.75369071241772, "oscillation_cost": 92.53074490573886, "completition_cost": 888.8888888888888, "overshoot_cost": 79.86426680170138, "power_cost": 18.913204553222656, "noise_cost": 16.390819028962298, "n_waypoints_completed": 1, "tot_waypoints": 9}}
{"target": -587.0146943464713, "params": {"k_pid_pos": [0.4766062652913236, 0.2813117425727031, 0.09974790283075463], "k_pid_alt": [1.8217738579787444, 0.8927450627525487, 0.6603718341148779], "k_pid_att": [99.91204261370783, 1.6693761864722225, 0.5695717665889005], "k_pid_yaw": [0.5, 1e-06, 0.1], "k_pid_hsp": [5.349024706992972, 0.8195012806768022, 0.08135151182429257], "k_pid_vsp": [368.1097665722326, 306.61114919131245, 34.8177058604586]}, "datetime": {"datetime": "2025-08-20 21:30:23", "elapsed": 34678.0899708271, "delta": 30.595157623291016}, "costs": {"total_cost": 587.0146943464713, "time_cost": 150, "final_distance_cost": 22.30136488888985, "oscillation_cost": 208.221022077301, "completition_cost": 111.11111111111116, "overshoot_cost": 57.147858321884236, "power_cost": 21.15285202636719, "noise_cost": 17.080485920917766, "n_waypoints_completed": 8, "tot_waypoints": 9}}
{"target": -1514.5461909252929, "params": {"k_pid_pos": [0.13517321739203703, 0.830086448189624, 0.8491312789156217], "k_pid_alt": [0.542515568895507, 0.6926788925118771, 0.7955421288928408], "k_pid_att": [97.28703486875446, 7.1779130150537975, 0.35188097354505055], "k_pid_yaw": [0.5, 1e-06, 0.1], "k_pid_hsp": [9.739099610400336, 0.43636544531305566, 0.925017409394002], "k_pid_vsp": [28.863689585185924, 8.251431704691953, 264.1679763301204]}, "datetime": {"datetime": "2025-08-20 21:30:54", "elapsed": 34708.927859544754, "delta": 30.837888717651367}, "costs": {"total_cost": 1514.5461909252929, "time_cost": 150, "final_distance_cost": 54.263299009615054, "oscillation_cost": 230.35910065262553, "completition_cost": 1000.0, "overshoot_cost": 40.290455483395306, "power_cost": 22.262916076660158, "noise_cost": 17.37041970299665, "n_waypoints_completed": 0, "tot_waypoints": 9}}
{"target": -353.3137495223343, "params": {"k_pid_pos": [0.8126513493761625, 0.01462222490189391, 0.770669003692237], "k_pid_alt": [0.8466934168639573, 0.3000560078072415, 0.7447199014619595], "k_pid_att": [8.8591591324509, 6.532591690441448, 0.8500890982246867], "k_pid_yaw": [0.5, 1e-06, 0.1], "k_pid_hsp": [9.82878278792096, 0.4565498519634533, 0.7812037291017552], "k_pid_vsp": [306.4506028193525, 194.71887778249712, 106.0493903415746]}, "datetime": {"datetime": "2025-08-20 21:31:21", "elapsed": 34736.24057531357, "delta": 27.312715768814087}, "costs": {"total_cost": 353.3137495223343, "time_cost": 89.032, "final_distance_cost": 1.776350609036561, "oscillation_cost": 177.984987884613, "completition_cost": 0.0, "overshoot_cost": 54.64514668287951, "power_cost": 17.03036115722656, "noise_cost": 12.844903188578694, "n_waypoints_completed": 9, "tot_waypoints": 9}}
{"target": -851.3536478062586, "params": {"k_pid_pos": [1.613524461125644, 0.2080363947674465, 0.45970620708594523], "k_pid_alt": [1.7652011143250854, 0.6057800933218445, 0.5211168368642466], "k_pid_att": [95.40283588995099, 7.028862896454526, 0.510581516685287], "k_pid_yaw": [0.5, 1e-06, 0.1], "k_pid_hsp": [3.3452027919535365, 0.15721035061494382, 0.16779714421191627], "k_pid_vsp": [257.8527195675617, 112.44591837117646, 309.19609800723515]}, "datetime": {"datetime": "2025-08-20 21:31:51", "elapsed": 34765.779686927795, "delta": 29.539111614227295}, "costs": {"total_cost": 851.3536478062586, "time_cost": 150, "final_distance_cost": 74.85029127147008, "oscillation_cost": 308.1610759284819, "completition_cost": 222.2222222222222, "overshoot_cost": 57.43247748517033, "power_cost": 21.791929345703124, "noise_cost": 16.895651553210914, "n_waypoints_completed": 7, "tot_waypoints": 9}}
{"target": -1256.0434184402086, "params": {"k_pid_pos": [0.558057918343358, 0.7373051163022596, 0.6328095921631897], "k_pid_alt": [0.819139986910465, 0.9275554388260432, 0.2377055857563828], "k_pid_att": [93.68558637334942, 4.881226181854684, 0.5761813911498346], "k_pid_yaw": [0.5, 1e-06, 0.1], "k_pid_hsp": [7.990448248314388, 0.546087576346462, 0.6287324272947757], "k_pid_vsp": [342.784055842188, 189.61115737607477, 177.72183003379754]}, "datetime": {"datetime": "2025-08-20 21:32:26", "elapsed": 34800.593161821365, "delta": 34.813474893569946}, "costs": {"total_cost": 1256.0434184402086, "time_cost": 150, "final_distance_cost": 62.91941410103869, "oscillation_cost": 288.6204146714643, "completition_cost": 666.6666666666667, "overshoot_cost": 49.340759238771, "power_cost": 22.14839765625, "noise_cost": 16.34776610601799, "n_waypoints_completed": 3, "tot_waypoints": 9}}
{"target": -1807.638623012703, "params": {"k_pid_pos": [1.9237402160426675, 0.11334915197797713, 0.3304683712312846], "k_pid_alt": [0.3310763135933723, 0.5100530933936158, 0.7468025353715314], "k_pid_att": [23.400100828915484, 7.57447121498732, 0.1307051030324642], "k_pid_yaw": [0.5, 1e-06, 0.1], "k_pid_hsp": [9.460537655204622, 0.5620905881507551, 0.36720962484713426], "k_pid_vsp": [130.10343115589404, 73.2132325868269, 269.2019224780943]}, "datetime": {"datetime": "2025-08-20 21:32:56", "elapsed": 34830.84555912018, "delta": 30.252397298812866}, "costs": {"total_cost": 1807.638623012703, "time_cost": 150, "final_distance_cost": 9.137416149010551, "oscillation_cost": 496.16758992539053, "completition_cost": 1000.0, "overshoot_cost": 112.44687595924532, "power_cost": 20.389129809570314, "noise_cost": 19.4976111694865, "n_waypoints_completed": 0, "tot_waypoints": 9}}
{"target": -1571.1244719680903, "params": {"k_pid_pos": [1.8240418671075496, 0.8860162607843343, 0.8256066625348479], "k_pid_alt": [1.3610340826306038, 0.8303921501587351, 0.21487337330320488], "k_pid_att": [94.18359188762963, 1.6996913775341818, 0.3928798733661052], "k_pid_yaw": [0.5, 1e-06, 0.1], "k_pid_hsp": [2.0448614328243377, 0.5630204163888851, 0.29468132771518163], "k_pid_vsp": [17.33456071502686, 169.4121711720126, 293.94938725554266]}, "datetime": {"datetime": "2025-08-20 21:33:25", "elapsed": 34860.271866321564, "delta": 29.426307201385498}, "costs": {"total_cost": 1571.1244719680903, "time_cost": 150, "final_distance_cost": 134.05728758052695, "oscillation_cost": 230.2661334750856, "completition_cost": 888.8888888888888, "overshoot_cost": 127.53645907011698, "power_cost": 19.21289732666016, "noise_cost": 21.162805626812155, "n_waypoints_completed": 1, "tot_waypoints": 9}}
{"target": -1150.505482837239, "params": {"k_pid_pos": [0.1170680709117589, 0.6516454867654355, 0.4744398922595042], "k_pid_alt": [0.41921943649811344, 0.12117966538767799, 0.27159464050572035], "k_pid_att": [90.47719732266984, 3.92649417329693, 0.10650694694852114], "k_pid_yaw": [0.5, 1e-06, 0.1], "k_pid_hsp": [1.0694824726067484, 0.8740781857472522, 0.22345222515210728], "k_pid_vsp": [247.96801632131937, 119.4977030690903, 96.8933354262513]}, "datetime": {"datetime": "2025-08-20 21:33:55", "elapsed": 34889.8325817585, "delta": 29.560715436935425}, "costs": {"total_cost": 1150.505482837239, "time_cost": 150, "final_distance_cost": 56.69577081323483, "oscillation_cost": 187.1894579336633, "completition_cost": 666.6666666666667, "overshoot_cost": 51.637191140879494, "power_cost": 21.937077990722656, "noise_cost": 16.37931829207188, "n_waypoints_completed": 3, "tot_waypoints": 9}}
{"target": -1317.8231744957616, "params": {"k_pid_pos": [1.5281435423990006, 0.7822537535747385, 0.23573230231714437], "k_pid_alt": [0.5346307709469196, 0.7816911867696656, 0.8338056097409738], "k_pid_att": [75.04134039969892, 4.3545436825442225, 0.8854686436071104], "k_pid_yaw": [0.5, 1e-06, 0.1], "k_pid_hsp": [0.5887215245408743, 0.8931728759613313, 0.8269989451358034], "k_pid_vsp": [74.23774271524954, 310.4851072507603, 232.22183767363387]}, "datetime": {"datetime": "2025-08-20 21:34:25", "elapsed": 34920.262181043625, "delta": 30.429599285125732}, "costs": {"total_cost": 1317.8231744957616, "time_cost": 150, "final_distance_cost": 56.54940737017664, "oscillation_cost": 112.22403437211739, "completition_cost": 888.8888888888888, "overshoot_cost": 69.42406494208078, "power_cost": 23.251084326171878, "noise_cost": 17.485694596326013, "n_waypoints_completed": 1, "tot_waypoints": 9}}
