{"target": -1324.2688885905156, "params": {"k_pid_pos": [0.2793574555551045, 0.23158214370870456, 0.9633706641645111], "k_pid_alt": [0.1225717789445755, 0.2286658115600101, 0.5084861122202213], "k_pid_att": [31.759356381780222, 2.415685253846552, 0.5445658667126854], "k_pid_yaw": [0.5, 1e-06, 0.1], "k_pid_hsp": [6.131356757413426, 0.8255749452121804, 0.3491770168259054], "k_pid_vsp": [59.703464849186446, 228.90650105615373, 161.7925658452606]}, "datetime": {"datetime": "2025-08-20 22:55:28", "elapsed": 39782.89016079903, "delta": 31.20516061782837}, "costs": {"total_cost": 1324.2688885905156, "time_cost": 150, "final_distance_cost": 51.54626001298515, "oscillation_cost": 359.81528888313363, "completition_cost": 666.6666666666667, "overshoot_cost": 57.80735967685727, "power_cost": 20.62170632324219, "noise_cost": 17.811607027630597, "n_waypoints_completed": 3, "tot_waypoints": 9}}
{"target": -632.3308836055016, "params": {"k_pid_pos": [1.0710357963552015, 0.06333667658773368, 0.3078521671161438], "k_pid_alt": [0.25116706899193275, 0.47799601523657353, 0.7020199764533449], "k_pid_att": [16.64155144309675, 2.7951322614192695, 0.6195129450984669], "k_pid_yaw": [0.5, 1e-06, 0.1], "k_pid_hsp": [7.380863080320728, 0.8178170948621072, 0.4163099897248682], "k_pid_vsp": [125.37598474684009, 336.314457357949, 156.61398679722802]}, "datetime": {"datetime": "2025-08-20 22:55:59", "elapsed": 39814.46812105179, "delta": 31.57796025276184}, "costs": {"total_cost": 632.3308836055016, "time_cost": 150, "final_distance_cost": 18.622723920379826, "oscillation_cost": 255.00008440597242, "completition_cost": 111.11111111111116, "overshoot_cost": 62.88703219402879, "power_cost": 19.81209617919922, "noise_cost": 14.89783579481013, "n_waypoints_completed": 8, "tot_waypoints": 9}}
{"target": -771.5641254241068, "params": {"k_pid_pos": [1.5839673937926975, 0.22579959739043942, 0.7022695892494702], "k_pid_alt": [0.2877624477333256, 0.7513386295842833, 0.7922506911571013], "k_pid_att": [12.592684745087634, 5.686598685335989, 0.5195795738606094], "k_pid_yaw": [0.5, 1e-06, 0.1], "k_pid_hsp": [5.700621461841439, 0.8738527852002536, 0.4815531364216947], "k_pid_vsp": [80.87358808417923, 85.56220244722559, 35.489681925608245]}, "datetime": {"datetime": "2025-08-20 22:56:45", "elapsed": 39860.046518325806, "delta": 45.578397274017334}, "costs": {"total_cost": 771.5641254241068, "time_cost": 150, "final_distance_cost": 70.53775653721941, "oscillation_cost": 241.49381761311025, "completition_cost": 222.2222222222222, "overshoot_cost": 52.648228982956205, "power_cost": 19.209398217773437, "noise_cost": 15.4527018508253, "n_waypoints_completed": 7, "tot_waypoints": 9}}
{"target": -811.1261117938153, "params": {"k_pid_pos": [1.1010181092324087, 0.6968801965183032, 0.8789249161633758], "k_pid_alt": [0.5267812372812499, 0.6572232775224116, 0.7405476108976616], "k_pid_att": [37.04142657709993, 4.850043346151343, 0.8640950921582382], "k_pid_yaw": [0.5, 1e-06, 0.1], "k_pid_hsp": [8.009464678187594, 0.11557885883449381, 0.4633743273701033], "k_pid_vsp": [391.69136469699123, 278.12079780538687, 287.09826199888516]}, "datetime": {"datetime": "2025-08-20 22:57:16", "elapsed": 39891.188286304474, "delta": 31.141767978668213}, "costs": {"total_cost": 811.1261117938153, "time_cost": 150, "final_distance_cost": 71.43757870268725, "oscillation_cost": 274.9007197214669, "completition_cost": 222.2222222222222, "overshoot_cost": 54.73373021763171, "power_cost": 20.834596240234376, "noise_cost": 16.997264689572987, "n_waypoints_completed": 7, "tot_waypoints": 9}}
{"target": -834.9674237992832, "params": {"k_pid_pos": [0.34642206773498524, 0.1508798188838656, 0.09718865585860625], "k_pid_alt": [0.5466863364483188, 0.09769377955741465, 0.10974546625304016], "k_pid_att": [1.7873469057929747, 2.017504489495182, 0.11299087397977459], "k_pid_yaw": [0.5, 1e-06, 0.1], "k_pid_hsp": [5.335320976411499, 0.5872952955227487, 0.6802237083516137], "k_pid_vsp": [71.12972823685597, 102.09206775662659, 60.05845479965458]}, "datetime": {"datetime": "2025-08-20 22:57:48", "elapsed": 39922.60204720497, "delta": 31.413760900497437}, "costs": {"total_cost": 834.9674237992832, "time_cost": 150, "final_distance_cost": 54.32504604736535, "oscillation_cost": 106.25221573612659, "completition_cost": 444.4444444444444, "overshoot_cost": 46.963028304777346, "power_cost": 19.155595178222658, "noise_cost": 13.827094088346776, "n_waypoints_completed": 5, "tot_waypoints": 9}}
{"target": -974.1529720142462, "params": {"k_pid_pos": [1.7619288474390153, 0.197713765724447, 0.04433698697543487], "k_pid_alt": [0.6303271489368285, 0.735044056977244, 0.32653404231507865], "k_pid_att": [93.18488588429292, 1.7945777211716094, 0.989871764618894], "k_pid_yaw": [0.5, 1e-06, 0.1], "k_pid_hsp": [1.464458737779166, 0.40944413290749926, 0.5044958563755955], "k_pid_vsp": [341.7563733037166, 292.72830285130505, 39.15707631455943]}, "datetime": {"datetime": "2025-08-20 22:58:37", "elapsed": 39972.45439076424, "delta": 49.85234355926514}, "costs": {"total_cost": 974.1529720142462, "time_cost": 150, "final_distance_cost": 42.21948307481247, "oscillation_cost": 134.0181473637864, "completition_cost": 555.5555555555555, "overshoot_cost": 52.2887205973051, "power_cost": 22.51602888183594, "noise_cost": 17.55503654095075, "n_waypoints_completed": 4, "tot_waypoints": 9}}
{"target": -1577.8289327754462, "params": {"k_pid_pos": [0.37351325667365315, 0.20909245249442998, 0.13994303726264323], "k_pid_alt": [0.10860571416464704, 0.04293317610768044, 0.1485657490614728], "k_pid_att": [2.177898767440656, 7.272911972883805, 0.371289742458917], "k_pid_yaw": [0.5, 1e-06, 0.1], "k_pid_hsp": [0.5546002740167822, 0.45808537586740716, 0.7932085224777973], "k_pid_vsp": [144.26358731247936, 62.27630851458568, 112.10578847221836]}, "datetime": {"datetime": "2025-08-20 22:59:09", "elapsed": 40004.36270618439, "delta": 31.908315420150757}, "costs": {"total_cost": 1577.8289327754462, "time_cost": 150, "final_distance_cost": 56.482803777923515, "oscillation_cost": 347.38125155664534, "completition_cost": 888.8888888888888, "overshoot_cost": 89.84159977627667, "power_cost": 26.48345655517578, "noise_cost": 18.75093222053594, "n_waypoints_completed": 1, "tot_waypoints": 9}}
{"target": -411.3832611908141, "params": {"k_pid_pos": [1.3089249261619027, 0.6572292921009125, 0.25514875036102286], "k_pid_alt": [1.5074794587511184, 0.6301989911809679, 0.2973542958646103], "k_pid_att": [39.66354661410079, 7.172656831723186, 0.3779168574486254], "k_pid_yaw": [0.5, 1e-06, 0.1], "k_pid_hsp": [6.719922363462621, 0.24431561267474866, 0.4633969337784125], "k_pid_vsp": [291.89468671753383, 68.27304678862727, 46.83611250567668]}, "datetime": {"datetime": "2025-08-20 22:59:51", "elapsed": 40046.336378097534, "delta": 41.97367191314697}, "costs": {"total_cost": 411.3832611908141, "time_cost": 97.04, "final_distance_cost": 1.764048246199693, "oscillation_cost": 219.98119166504813, "completition_cost": 0.0, "overshoot_cost": 55.93313041419986, "power_cost": 20.542655639648437, "noise_cost": 16.12223522571797, "n_waypoints_completed": 9, "tot_waypoints": 9}}
{"target": -771.0953646473505, "params": {"k_pid_pos": [1.1602269267779362, 0.7371735118743346, 0.2954144006149223], "k_pid_alt": [1.511540272763908, 0.07598751744183196, 0.294242139031722], "k_pid_att": [70.0216062720769, 7.572917185352622, 0.25640843943960967], "k_pid_yaw": [0.5, 1e-06, 0.1], "k_pid_hsp": [7.719983286039318, 0.11088837494860748, 0.457433128710684], "k_pid_vsp": [299.72361557131086, 167.3852501222211, 121.2759026462768]}, "datetime": {"datetime": "2025-08-20 23:00:24", "elapsed": 40078.60376429558, "delta": 32.26738619804382}, "costs": {"total_cost": 771.0953646473505, "time_cost": 150, "final_distance_cost": 66.73778729239707, "oscillation_cost": 246.3334134863458, "completition_cost": 222.2222222222222, "overshoot_cost": 46.87088128962174, "power_cost": 22.582206103515627, "noise_cost": 16.34885425324805, "n_waypoints_completed": 7, "tot_waypoints": 9}}
{"target": -621.7556679888596, "params": {"k_pid_pos": [0.4124225011917364, 0.9371164872986468, 0.26211555283102916], "k_pid_alt": [0.8614897378821971, 0.4872266467337434, 0.34436095549028833], "k_pid_att": [8.257268117467964, 0.6955480676694876, 0.8378007747223927], "k_pid_yaw": [0.5, 1e-06, 0.1], "k_pid_hsp": [6.65705000461446, 0.5439017391169012, 0.8950893113543262], "k_pid_vsp": [181.4229470209653, 21.831178767010776, 7.110173608388992]}, "datetime": {"datetime": "2025-08-20 23:01:05", "elapsed": 40119.56422543526, "delta": 40.960461139678955}, "costs": {"total_cost": 621.7556679888596, "time_cost": 150, "final_distance_cost": 61.45623437698235, "oscillation_cost": 100.43581776334783, "completition_cost": 222.2222222222222, "overshoot_cost": 51.54799427148201, "power_cost": 19.19824803466797, "noise_cost": 16.895151320157343, "n_waypoints_completed": 7, "tot_waypoints": 9}}
{"target": -256.2205661123904, "params": {"k_pid_pos": [0.3742742843763529, 0.6029085268433431, 0.34648582708268805], "k_pid_alt": [0.9570428540573468, 0.37327105542055417, 0.9085546541358607], "k_pid_att": [30.14611123483977, 1.1993934301234594, 0.7391801751912211], "k_pid_yaw": [0.5, 1e-06, 0.1], "k_pid_hsp": [7.6634333582568965, 0.5260222973542086, 0.05546129325520299], "k_pid_vsp": [123.13848857302449, 146.35657728979476, 1.2928411124514796]}, "datetime": {"datetime": "2025-08-20 23:01:46", "elapsed": 40161.35272240639, "delta": 41.78849697113037}, "costs": {"total_cost": 256.2205661123904, "time_cost": 95.912, "final_distance_cost": 1.7827644946776455, "oscillation_cost": 77.30966036902701, "completition_cost": 0.0, "overshoot_cost": 50.98262892061896, "power_cost": 15.967481726074219, "noise_cost": 14.266030601992489, "n_waypoints_completed": 9, "tot_waypoints": 9}}
{"target": -631.2262882710495, "params": {"k_pid_pos": [1.820884098371936, 0.8725363336518311, 0.6961675543487115], "k_pid_alt": [1.315257727223356, 0.07976556472785512, 0.885590831507381], "k_pid_att": [36.588954965302754, 5.295877597883001, 0.12796495506339522], "k_pid_yaw": [0.5, 1e-06, 0.1], "k_pid_hsp": [9.80261831260621, 0.6633455808363038, 0.6192670774311042], "k_pid_vsp": [119.96595371593854, 145.70844498916475, 10.415918195504986]}, "datetime": {"datetime": "2025-08-20 23:02:28", "elapsed": 40202.54876232147, "delta": 41.19603991508484}, "costs": {"total_cost": 631.2262882710495, "time_cost": 150, "final_distance_cost": 64.21974341068231, "oscillation_cost": 223.99881574672654, "completition_cost": 111.11111111111116, "overshoot_cost": 45.542711851430276, "power_cost": 20.21496922607422, "noise_cost": 16.138936925024957, "n_waypoints_completed": 8, "tot_waypoints": 9}}
{"target": -1451.6975361518164, "params": {"k_pid_pos": [1.2862277166284464, 0.7338666188281409, 0.14735613928448432], "k_pid_alt": [1.1324448145171038, 0.343237772639184, 0.08142080190882994], "k_pid_att": [54.91469554349424, 7.180658368060295, 0.8128883531672582], "k_pid_yaw": [0.5, 1e-06, 0.1], "k_pid_hsp": [2.57347343943708, 0.8174336991106785, 0.7749853210588703], "k_pid_vsp": [105.7997886186397, 161.4797004521448, 268.7878379723579]}, "datetime": {"datetime": "2025-08-20 23:03:00", "elapsed": 40234.98572921753, "delta": 32.43696689605713}, "costs": {"total_cost": 1451.6975361518164, "time_cost": 150, "final_distance_cost": 9.063741738014661, "oscillation_cost": 73.02829761914008, "completition_cost": 1000.0, "overshoot_cost": 137.00555415923952, "power_cost": 20.192101892089845, "noise_cost": 62.40784074333236, "n_waypoints_completed": 0, "tot_waypoints": 9}}
{"target": -1139.5909507957012, "params": {"k_pid_pos": [0.045361523118342545, 0.7188264073931417, 0.6700290893346101], "k_pid_alt": [0.3369236906258699, 0.37216393046134844, 0.8929910876352289], "k_pid_att": [5.8098490425891764, 1.3424193398012028, 0.8667400411546726], "k_pid_yaw": [0.5, 1e-06, 0.1], "k_pid_hsp": [3.5079050797006115, 0.16622996310370408, 0.003210704487446092], "k_pid_vsp": [397.83667917569716, 160.29891941216303, 231.87468183959768]}, "datetime": {"datetime": "2025-08-20 23:03:32", "elapsed": 40266.89683151245, "delta": 31.911102294921875}, "costs": {"total_cost": 1139.5909507957012, "time_cost": 150, "final_distance_cost": 94.17162563874913, "oscillation_cost": 28.921948848573752, "completition_cost": 777.7777777777778, "overshoot_cost": 43.954969900414035, "power_cost": 26.51326688232422, "noise_cost": 18.251361747862298, "n_waypoints_completed": 2, "tot_waypoints": 9}}
{"target": -1558.777756184722, "params": {"k_pid_pos": [1.897944376362133, 0.3110911449786461, 0.6377982548130865], "k_pid_alt": [1.52310526299994, 0.6875463261714309, 0.9444095139456679], "k_pid_att": [83.10745684866576, 9.502524571103104, 0.4170694693679362], "k_pid_yaw": [0.5, 1e-06, 0.1], "k_pid_hsp": [0.21264740132707052, 0.5158032561531575, 0.8397123550102489], "k_pid_vsp": [344.31537225387734, 368.2941203351126, 303.8476903836178]}, "datetime": {"datetime": "2025-08-20 23:04:04", "elapsed": 40299.21402692795, "delta": 32.317195415496826}, "costs": {"total_cost": 1558.777756184722, "time_cost": 150, "final_distance_cost": 101.68560984828218, "oscillation_cost": 415.16345150065075, "completition_cost": 777.7777777777778, "overshoot_cost": 77.40598711617187, "power_cost": 20.78733034667969, "noise_cost": 15.957599595159628, "n_waypoints_completed": 2, "tot_waypoints": 9}}
{"target": -333.8917582103657, "params": {"k_pid_pos": [0.7826486827266222, 0.6954839892565187, 0.39427600567787524], "k_pid_alt": [1.8276172323046427, 0.5264102016993117, 0.2818801686251484], "k_pid_att": [39.82608172644895, 8.910136808934462, 0.5539526536066802], "k_pid_yaw": [0.5, 1e-06, 0.1], "k_pid_hsp": [8.242063296027576, 0.4250923044041599, 0.15219005530921892], "k_pid_vsp": [309.3405357460673, 50.31708664391581, 60.555782592725286]}, "datetime": {"datetime": "2025-08-20 23:04:47", "elapsed": 40341.82371163368, "delta": 42.60968470573425}, "costs": {"total_cost": 333.8917582103657, "time_cost": 84.24, "final_distance_cost": 1.7826128023591459, "oscillation_cost": 162.74918110587876, "completition_cost": 0.0, "overshoot_cost": 52.19063959595409, "power_cost": 18.815623742675783, "noise_cost": 14.113700963497916, "n_waypoints_completed": 9, "tot_waypoints": 9}}
{"target": -1072.1921720133846, "params": {"k_pid_pos": [0.5907486842318665, 0.10282517481569164, 0.7563167123643609], "k_pid_alt": [0.06493783837928158, 0.04307114877792706, 0.5657530668908648], "k_pid_att": [92.7081986103286, 2.6011961504168544, 0.7151440103927209], "k_pid_yaw": [0.5, 1e-06, 0.1], "k_pid_hsp": [5.662574778690044, 0.3716157974868911, 0.366117933569272], "k_pid_vsp": [167.90071087428137, 245.68519535636355, 105.9160759455478]}, "datetime": {"datetime": "2025-08-20 23:05:19", "elapsed": 40374.14209508896, "delta": 32.31838345527649}, "costs": {"total_cost": 1072.1921720133846, "time_cost": 150, "final_distance_cost": 54.86467163781213, "oscillation_cost": 333.6966182145071, "completition_cost": 444.4444444444444, "overshoot_cost": 51.876914391403844, "power_cost": 21.07044959716797, "noise_cost": 16.23907372804905, "n_waypoints_completed": 5, "tot_waypoints": 9}}
{"target": -2070.6489643516193, "params": {"k_pid_pos": [0.22887867859240094, 0.12208434229385179, 0.571482919612168], "k_pid_alt": [0.03217099820149616, 0.6130660650341866, 0.7705326961993951], "k_pid_att": [29.373169450737624, 6.664494874045359, 0.26645245137538864], "k_pid_yaw": [0.5, 1e-06, 0.1], "k_pid_hsp": [8.707700961679773, 0.9231736772236184, 0.026323553114877107], "k_pid_vsp": [56.31430602019378, 72.19440892475075, 226.93066824353502]}, "datetime": {"datetime": "2025-08-20 23:05:51", "elapsed": 40406.28723216057, "delta": 32.1451370716095}, "costs": {"total_cost": 2070.6489643516193, "time_cost": 150, "final_distance_cost": 305.69776474018755, "oscillation_cost": 271.77184869266506, "completition_cost": 888.8888888888888, "overshoot_cost": 411.3346749113071, "power_cost": 24.044240270996095, "noise_cost": 18.911546847574535, "n_waypoints_completed": 1, "tot_waypoints": 9}}
{"target": -553.8652250753239, "params": {"k_pid_pos": [0.28491554838827976, 0.3359791514728211, 0.17455461367161304], "k_pid_alt": [0.9309282355649107, 0.5723970159530939, 0.7179912553426113], "k_pid_att": [20.61772073947154, 3.021622659806447, 0.7971432919848137], "k_pid_yaw": [0.5, 1e-06, 0.1], "k_pid_hsp": [6.365276168965321, 0.6157271538382917, 0.0], "k_pid_vsp": [121.87439862017618, 149.73420544625574, 1.8744154806330626]}, "datetime": {"datetime": "2025-08-20 23:06:38", "elapsed": 40452.90836238861, "delta": 46.6211302280426}, "costs": {"total_cost": 553.8652250753239, "time_cost": 150, "final_distance_cost": 74.34693597856435, "oscillation_cost": 30.334630828567562, "completition_cost": 222.2222222222222, "overshoot_cost": 46.57222706080094, "power_cost": 15.557194543457031, "noise_cost": 14.832014441711697, "n_waypoints_completed": 7, "tot_waypoints": 9}}
{"target": -990.9265895417958, "params": {"k_pid_pos": [0.3563515261826352, 0.7516058508785812, 0.9688995829604858], "k_pid_alt": [1.3066776006351601, 0.19340008172968048, 0.8964005143448207], "k_pid_att": [3.0910721121491513, 2.2831534127105155, 0.7296956936684695], "k_pid_yaw": [0.5, 1e-06, 0.1], "k_pid_hsp": [1.4694919918386775, 0.5386744212316645, 0.931826605351747], "k_pid_vsp": [273.98141575729016, 283.447373038772, 40.57630431103389]}, "datetime": {"datetime": "2025-08-20 23:07:24", "elapsed": 40498.610749959946, "delta": 45.70238757133484}, "costs": {"total_cost": 990.9265895417958, "time_cost": 150, "final_distance_cost": 55.46348271790139, "oscillation_cost": 137.29452139576426, "completition_cost": 555.5555555555555, "overshoot_cost": 57.965186076801345, "power_cost": 20.29348660888672, "noise_cost": 14.354357186886562, "n_waypoints_completed": 4, "tot_waypoints": 9}}
{"target": -1447.8737266150551, "params": {"k_pid_pos": [1.720486673659699, 0.8132481572875399, 0.050920125736487964], "k_pid_alt": [1.458479744932538, 0.745194164348118, 0.48214681048145824], "k_pid_att": [31.2372590659296, 6.476006363950318, 0.41750562514788614], "k_pid_yaw": [0.5, 1e-06, 0.1], "k_pid_hsp": [5.261786400170672, 0.15210385946246774, 0.4585465811609245], "k_pid_vsp": [9.959678731176336, 324.6669711783989, 265.2916459089621]}, "datetime": {"datetime": "2025-08-20 23:07:56", "elapsed": 40531.127094984055, "delta": 32.51634502410889}, "costs": {"total_cost": 1447.8737266150551, "time_cost": 150, "final_distance_cost": 4.523218587555404, "oscillation_cost": 72.5994901597091, "completition_cost": 1000.0, "overshoot_cost": 137.5904798964015, "power_cost": 19.331348803710938, "noise_cost": 63.82918916767832, "n_waypoints_completed": 0, "tot_waypoints": 9}}
{"target": -1511.745111972888, "params": {"k_pid_pos": [0.44491944747827766, 0.7826624579528172, 0.9658259077697723], "k_pid_alt": [1.2936804649293487, 0.9371122493533134, 0.8743711904973701], "k_pid_att": [8.344583115741832, 0.475993367415134, 0.8573959472026835], "k_pid_yaw": [0.5, 1e-06, 0.1], "k_pid_hsp": [5.051667739372366, 0.9935486571910873, 0.9373343428600005], "k_pid_vsp": [123.351144292862, 51.385948881291085, 381.4925322729811]}, "datetime": {"datetime": "2025-08-20 23:08:28", "elapsed": 40562.65922117233, "delta": 31.5321261882782}, "costs": {"total_cost": 1511.745111972888, "time_cost": 150, "final_distance_cost": 5.711379061900941, "oscillation_cost": 145.75327446075147, "completition_cost": 1000.0, "overshoot_cost": 133.86900249025422, "power_cost": 21.262987121582032, "noise_cost": 55.14846883839942, "n_waypoints_completed": 0, "tot_waypoints": 9}}
{"target": -1370.4799919236896, "params": {"k_pid_pos": [0.13574905073117555, 0.05688796275598762, 0.5837754859635633], "k_pid_alt": [1.8130078638454183, 0.8286839346426617, 0.7847490505260782], "k_pid_att": [99.14303974764036, 7.469195052161918, 0.8557172740989996], "k_pid_yaw": [0.5, 1e-06, 0.1], "k_pid_hsp": [4.876514428283668, 0.8576910039888999, 0.7550618273642554], "k_pid_vsp": [335.7341004187825, 290.8374041665336, 31.660576286050155]}, "datetime": {"datetime": "2025-08-20 23:09:09", "elapsed": 40604.39095330238, "delta": 41.73173213005066}, "costs": {"total_cost": 1370.4799919236896, "time_cost": 150, "final_distance_cost": 52.678080343469674, "oscillation_cost": 407.070089091706, "completition_cost": 666.6666666666667, "overshoot_cost": 56.873791052993624, "power_cost": 20.516485205078126, "noise_cost": 16.6748795637754, "n_waypoints_completed": 3, "tot_waypoints": 9}}
{"target": -1457.330680671463, "params": {"k_pid_pos": [1.083500554647926, 0.9867198666948133, 0.3108929688293641], "k_pid_alt": [0.8201624575540181, 0.42845689129193365, 0.321868143898119], "k_pid_att": [91.80178786886295, 2.737109713804342, 0.7840113804368332], "k_pid_yaw": [0.5, 1e-06, 0.1], "k_pid_hsp": [6.826950910633167, 0.8829510292923074, 0.4238721296791491], "k_pid_vsp": [46.545593047343914, 15.602020260270267, 212.02285981414423]}, "datetime": {"datetime": "2025-08-20 23:09:46", "elapsed": 40641.448305130005, "delta": 37.05735182762146}, "costs": {"total_cost": 1457.330680671463, "time_cost": 150, "final_distance_cost": 7.728989094527757, "oscillation_cost": 78.03117048960452, "completition_cost": 1000.0, "overshoot_cost": 137.5303094653235, "power_cost": 19.650432629394533, "noise_cost": 64.38977899261272, "n_waypoints_completed": 0, "tot_waypoints": 9}}
