{"target": -928.9867576732674, "params": {"k_pid_pos": [0.9762806344900863, 0.07126830700691655, 0.17866943119811063], "k_pid_alt": [0.7474625421209586, 0.6122423052348841, 0.05342534081044514], "k_pid_att": [4.982792743550513, 4.135692720147066, 0.9222536248733793], "k_pid_yaw": [0.5, 1e-06, 0.1], "k_pid_hsp": [6.785038765473008, 0.19404813610562832, 0.5125958405871249], "k_pid_vsp": [128.0064128495269, 129.63789274479572, 220.03492832723546]}, "datetime": {"datetime": "2025-08-20 13:03:15", "elapsed": 4249.9980528354645, "delta": 22.12009835243225}, "costs": {"total_cost": 928.9867576732674, "time_cost": 150, "final_distance_cost": 59.94266502080213, "oscillation_cost": 167.5520754346878, "completition_cost": 444.4444444444444, "overshoot_cost": 66.67922036807958, "power_cost": 20.337046215820312, "noise_cost": 20.031306189433145, "n_waypoints_completed": 5, "tot_waypoints": 9}}
{"target": -1502.8858235271575, "params": {"k_pid_pos": [0.28012841620087525, 0.6358071648394241, 0.9826363824548963], "k_pid_alt": [0.5857996969555319, 0.30187387695595813, 0.8274565216857961], "k_pid_att": [79.8320153049662, 3.5858691977553794, 0.4380014913667316], "k_pid_yaw": [0.5, 1e-06, 0.1], "k_pid_hsp": [6.298380037850892, 0.812024410123698, 0.995079470551296], "k_pid_vsp": [104.48253842850494, 172.24498915407997, 329.50456477381726]}, "datetime": {"datetime": "2025-08-20 13:03:36", "elapsed": 4271.469641923904, "delta": 21.47158908843994}, "costs": {"total_cost": 1502.8858235271575, "time_cost": 150, "final_distance_cost": 76.07629351756769, "oscillation_cost": 302.3480781903577, "completition_cost": 888.8888888888888, "overshoot_cost": 46.86364507480841, "power_cost": 21.578004187011718, "noise_cost": 17.130913668523267, "n_waypoints_completed": 1, "tot_waypoints": 9}}
{"target": -1507.695019483819, "params": {"k_pid_pos": [0.12977317069958166, 0.19750131251400427, 0.28090955643175186], "k_pid_alt": [1.0595384975285935, 0.34616162476968904, 0.2853587082707181], "k_pid_att": [81.13744856197647, 4.300839214383454, 0.46463831353010443], "k_pid_yaw": [0.5, 1e-06, 0.1], "k_pid_hsp": [6.910687161964472, 0.7057717644672136, 0.8690690245430653], "k_pid_vsp": [20.41062185771736, 213.1269087440104, 174.3920064102137]}, "datetime": {"datetime": "2025-08-20 13:03:58", "elapsed": 4293.183454751968, "delta": 21.713812828063965}, "costs": {"total_cost": 1507.695019483819, "time_cost": 150, "final_distance_cost": 96.41132051222259, "oscillation_cost": 398.17898357038507, "completition_cost": 777.7777777777778, "overshoot_cost": 47.99208281027332, "power_cost": 21.012588354492188, "noise_cost": 16.322266458667862, "n_waypoints_completed": 2, "tot_waypoints": 9}}
{"target": -1723.8697238109692, "params": {"k_pid_pos": [0.3701007101637357, 0.1252084094247533, 0.9234104917456092], "k_pid_alt": [0.18124111746114924, 0.019000189243649546, 0.5085036732590761], "k_pid_att": [93.54671183037976, 4.40602119723128, 0.17671393609659836], "k_pid_yaw": [0.5, 1e-06, 0.1], "k_pid_hsp": [9.412538607454929, 0.23012874848450715, 0.017286627174220914], "k_pid_vsp": [373.8967535288742, 100.90396361752738, 351.4857945482375]}, "datetime": {"datetime": "2025-08-20 13:04:20", "elapsed": 4315.433614492416, "delta": 22.250159740447998}, "costs": {"total_cost": 1723.8697238109692, "time_cost": 150, "final_distance_cost": 51.84353382545626, "oscillation_cost": 457.12291647130576, "completition_cost": 1000.0, "overshoot_cost": 26.533916131186942, "power_cost": 21.495151440429687, "noise_cost": 16.87420594259044, "n_waypoints_completed": 0, "tot_waypoints": 9}}
{"target": -477.4564467333306, "params": {"k_pid_pos": [0.9216162828960126, 0.42032180971619937, 0.5396783623349571], "k_pid_alt": [1.9484567687065595, 0.5434190423831567, 0.47531729892564223], "k_pid_att": [74.44116170185586, 1.0979825451731853, 0.26488701862821185], "k_pid_yaw": [0.5, 1e-06, 0.1], "k_pid_hsp": [5.986010202945398, 0.3614753799197006, 0.45304690330797504], "k_pid_vsp": [370.64161035684214, 374.29690651393923, 367.30632311515734]}, "datetime": {"datetime": "2025-08-20 13:04:41", "elapsed": 4335.844813585281, "delta": 20.41119909286499}, "costs": {"total_cost": 477.4564467333306, "time_cost": 93.34400000000001, "final_distance_cost": 1.7722809483245248, "oscillation_cost": 288.23763033832245, "completition_cost": 0.0, "overshoot_cost": 57.34617652864614, "power_cost": 20.786467028808595, "noise_cost": 15.969891889228894, "n_waypoints_completed": 9, "tot_waypoints": 9}}
{"target": -995.4770515577354, "params": {"k_pid_pos": [0.8805922607835336, 0.5917019121216565, 0.33408295431485113], "k_pid_alt": [0.7093035960150469, 0.8274103419918611, 0.23144109695271764], "k_pid_att": [86.77910746280759, 0.9258834542094658, 0.5724096647819279], "k_pid_yaw": [0.5, 1e-06, 0.1], "k_pid_hsp": [8.742446427727796, 0.7724266269497196, 0.6942597190128524], "k_pid_vsp": [153.8015977284299, 111.89731880217795, 3.491776764360017]}, "datetime": {"datetime": "2025-08-20 13:05:02", "elapsed": 4357.359541893005, "delta": 21.514728307724}, "costs": {"total_cost": 995.4770515577354, "time_cost": 150, "final_distance_cost": 57.54335660916337, "oscillation_cost": 256.20141937635276, "completition_cost": 444.4444444444444, "overshoot_cost": 48.93906437248529, "power_cost": 20.65761290283203, "noise_cost": 17.691153852457525, "n_waypoints_completed": 5, "tot_waypoints": 9}}
{"target": -1499.8250036982636, "params": {"k_pid_pos": [0.06775562622886114, 0.4714163723835242, 0.8171061046529339], "k_pid_alt": [1.4664876769679358, 0.8090464952357005, 0.21372454382704376], "k_pid_att": [31.1545213583723, 7.530280101799931, 0.874048330180556], "k_pid_yaw": [0.5, 1e-06, 0.1], "k_pid_hsp": [8.271614483334684, 0.491090856740521, 0.881936051315444], "k_pid_vsp": [62.46925124341098, 76.4814669369657, 115.18459893470497]}, "datetime": {"datetime": "2025-08-20 13:05:24", "elapsed": 4379.219434738159, "delta": 21.85989284515381}, "costs": {"total_cost": 1499.8250036982636, "time_cost": 150, "final_distance_cost": 68.80463081296298, "oscillation_cost": 307.6239291991998, "completition_cost": 888.8888888888888, "overshoot_cost": 41.98252151387136, "power_cost": 23.9485662109375, "noise_cost": 18.576467072402835, "n_waypoints_completed": 1, "tot_waypoints": 9}}
{"target": -771.6277697676944, "params": {"k_pid_pos": [1.4433728754760782, 0.5135846848349274, 0.6545197018850681], "k_pid_alt": [1.1000406075496993, 0.8225793355251304, 0.7852034981882365], "k_pid_att": [32.21608515555589, 6.498024743064572, 0.6691597690884709], "k_pid_yaw": [0.5, 1e-06, 0.1], "k_pid_hsp": [3.385394406129048, 0.7659644493594118, 0.3562010868028781], "k_pid_vsp": [370.48654412855575, 248.22191142340583, 221.4159864552741]}, "datetime": {"datetime": "2025-08-20 13:05:56", "elapsed": 4410.525416135788, "delta": 31.305981397628784}, "costs": {"total_cost": 771.6277697676944, "time_cost": 150, "final_distance_cost": 75.15263948776195, "oscillation_cost": 237.45930617552668, "completition_cost": 222.2222222222222, "overshoot_cost": 50.89770371960895, "power_cost": 20.862146337890625, "noise_cost": 15.033751824684042, "n_waypoints_completed": 7, "tot_waypoints": 9}}
{"target": -1193.4392068865168, "params": {"k_pid_pos": [0.6671152452456875, 0.21709452373066151, 0.22347373631672907], "k_pid_alt": [1.5772583040420707, 0.45242998791235955, 0.8853265438995216], "k_pid_att": [18.58554005754093, 8.624840651218346, 0.26017747131896085], "k_pid_yaw": [0.5, 1e-06, 0.1], "k_pid_hsp": [2.645068260752152, 0.9307506192290921, 0.8703490363094576], "k_pid_vsp": [362.8929408268567, 3.5371282156532216, 245.99124629387336]}, "datetime": {"datetime": "2025-08-20 13:06:21", "elapsed": 4436.034862995148, "delta": 25.50944685935974}, "costs": {"total_cost": 1193.4392068865168, "time_cost": 150, "final_distance_cost": 47.974643737137924, "oscillation_cost": 356.68861985672686, "completition_cost": 555.5555555555555, "overshoot_cost": 52.55169304359638, "power_cost": 17.263316076660157, "noise_cost": 13.40537861684008, "n_waypoints_completed": 4, "tot_waypoints": 9}}
{"target": -1254.9250180046793, "params": {"k_pid_pos": [1.6637267659011576, 0.7250687907690229, 0.06528448842644852], "k_pid_alt": [1.6015786493754354, 0.015315742273560806, 0.16251630396565697], "k_pid_att": [18.32024224539707, 7.162123432160043, 0.5544167744519433], "k_pid_yaw": [0.5, 1e-06, 0.1], "k_pid_hsp": [3.3809475395767654, 0.381575956380625, 0.036072780291071194], "k_pid_vsp": [237.34308730010142, 42.28446680645123, 216.6404054357669]}, "datetime": {"datetime": "2025-08-20 13:06:45", "elapsed": 4460.494641304016, "delta": 24.459778308868408}, "costs": {"total_cost": 1254.9250180046793, "time_cost": 150, "final_distance_cost": 63.46258116200303, "oscillation_cost": 60.54858829231494, "completition_cost": 888.8888888888888, "overshoot_cost": 49.53467257738825, "power_cost": 24.27526209716797, "noise_cost": 18.215024986916507, "n_waypoints_completed": 1, "tot_waypoints": 9}}
{"target": -1521.5885830826428, "params": {"k_pid_pos": [1.3886076646965744, 0.7811495278737028, 0.6251272190854732], "k_pid_alt": [0.5562019497415942, 0.4211437636550345, 0.08802943411468389], "k_pid_att": [2.4388970495311635, 8.226264687857624, 0.354165747068536], "k_pid_yaw": [0.5, 1e-06, 0.1], "k_pid_hsp": [1.8978117196391933, 0.7200320429724056, 0.5760061121224156], "k_pid_vsp": [345.2598151077209, 65.5731608596507, 274.14287135772685]}, "datetime": {"datetime": "2025-08-20 13:07:10", "elapsed": 4485.112311840057, "delta": 24.61767053604126}, "costs": {"total_cost": 1521.5885830826428, "time_cost": 150, "final_distance_cost": 98.44572427462468, "oscillation_cost": 356.5578367478489, "completition_cost": 777.7777777777778, "overshoot_cost": 96.85046578971279, "power_cost": 24.758993200683594, "noise_cost": 17.197785291994858, "n_waypoints_completed": 2, "tot_waypoints": 9}}
{"target": -710.2099713396995, "params": {"k_pid_pos": [1.5734775251868949, 0.19745262636885463, 0.17037313779005647], "k_pid_alt": [0.2233395275570016, 0.5029151992830012, 0.9055851836581011], "k_pid_att": [8.565649124596408, 3.7467372412697006, 0.5311502722364126], "k_pid_yaw": [0.5, 1e-06, 0.1], "k_pid_hsp": [9.800850605992824, 0.808742972219043, 0.9059423974262494], "k_pid_vsp": [188.5794084916629, 322.0994546834272, 12.964144067332251]}, "datetime": {"datetime": "2025-08-20 13:07:35", "elapsed": 4510.374406814575, "delta": 25.262094974517822}, "costs": {"total_cost": 710.2099713396995, "time_cost": 150, "final_distance_cost": 70.56369663297154, "oscillation_cost": 174.50452400838014, "completition_cost": 222.2222222222222, "overshoot_cost": 54.36151032986061, "power_cost": 22.360986950683596, "noise_cost": 16.197031195581413, "n_waypoints_completed": 7, "tot_waypoints": 9}}
{"target": -948.4677665563182, "params": {"k_pid_pos": [0.2724351531384512, 0.306063441760104, 0.053686902999653396], "k_pid_alt": [0.3715069830544304, 0.43539438914045325, 0.4899786691488801], "k_pid_att": [57.6842615879834, 3.9531185875866144, 0.19505109029385725], "k_pid_yaw": [0.5, 1e-06, 0.1], "k_pid_hsp": [6.660953920295176, 0.9455629398872847, 0.0028005117365000887], "k_pid_vsp": [148.69417888467794, 265.0405193075053, 188.58573921562285]}, "datetime": {"datetime": "2025-08-20 13:08:01", "elapsed": 4536.23827290535, "delta": 25.863866090774536}, "costs": {"total_cost": 948.4677665563182, "time_cost": 150, "final_distance_cost": 44.67370276563499, "oscillation_cost": 85.96886714923616, "completition_cost": 555.5555555555555, "overshoot_cost": 64.7300566581832, "power_cost": 28.411120178222657, "noise_cost": 19.12846424948567, "n_waypoints_completed": 4, "tot_waypoints": 9}}
{"target": -1461.0529221309519, "params": {"k_pid_pos": [0.3214474745667998, 0.6490356752693706, 0.6690853562760082], "k_pid_alt": [0.07899962209749045, 0.7721256105202109, 0.395941290995667], "k_pid_att": [97.17146116831812, 1.673731143131691, 0.624622984599346], "k_pid_yaw": [0.5, 1e-06, 0.1], "k_pid_hsp": [4.3962001812407605, 0.6177894122530254, 0.5657659784419737], "k_pid_vsp": [185.09994106951538, 345.27546199186156, 296.08146259579604]}, "datetime": {"datetime": "2025-08-20 13:08:25", "elapsed": 4560.516266822815, "delta": 24.27799391746521}, "costs": {"total_cost": 1461.0529221309519, "time_cost": 150, "final_distance_cost": 64.18919831267985, "oscillation_cost": 274.6748582112945, "completition_cost": 888.8888888888888, "overshoot_cost": 44.04853827263161, "power_cost": 22.421486840820315, "noise_cost": 16.829951604637046, "n_waypoints_completed": 1, "tot_waypoints": 9}}
{"target": -1216.2203543985647, "params": {"k_pid_pos": [1.3094299804144418, 0.7440674789474843, 0.29864615122504357], "k_pid_alt": [1.2206058326635896, 0.5201789010197808, 0.9504084782494854], "k_pid_att": [61.77567233569397, 6.088557240336609, 0.6977922584513138], "k_pid_yaw": [0.5, 1e-06, 0.1], "k_pid_hsp": [0.4441714200992169, 0.2590151678060113, 0.8888501313925314], "k_pid_vsp": [97.58867036981096, 371.5575927506283, 46.238141317369994]}, "datetime": {"datetime": "2025-08-20 13:08:50", "elapsed": 4585.396865367889, "delta": 24.880598545074463}, "costs": {"total_cost": 1216.2203543985647, "time_cost": 150, "final_distance_cost": 45.65220834808926, "oscillation_cost": 373.88649223956696, "completition_cost": 555.5555555555555, "overshoot_cost": 53.816924845759225, "power_cost": 21.059150939941407, "noise_cost": 16.25002246965243, "n_waypoints_completed": 4, "tot_waypoints": 9}}
{"target": -740.802464778976, "params": {"k_pid_pos": [1.2633180526661985, 0.11448339423331366, 0.024661498738091314], "k_pid_alt": [1.4640921883312024, 0.7389231278265934, 0.22666691057378385], "k_pid_att": [95.60337957294492, 0.8607110726113529, 0.5393007316422243], "k_pid_yaw": [0.5, 1e-06, 0.1], "k_pid_hsp": [1.3649114176802122, 0.3573106482704822, 0.5686222074122783], "k_pid_vsp": [227.9422897639698, 231.8310218085483, 115.20585331302874]}, "datetime": {"datetime": "2025-08-20 13:09:17", "elapsed": 4611.548475265503, "delta": 26.151609897613525}, "costs": {"total_cost": 740.802464778976, "time_cost": 150, "final_distance_cost": 69.31255708322759, "oscillation_cost": 205.95691159029653, "completition_cost": 222.2222222222222, "overshoot_cost": 54.1125273908631, "power_cost": 22.025741406250003, "noise_cost": 17.17250508611664, "n_waypoints_completed": 7, "tot_waypoints": 9}}
{"target": -1781.968100802173, "params": {"k_pid_pos": [0.726319899884624, 0.2436951795062361, 0.7158106486438021], "k_pid_alt": [1.583802102555064, 0.4295130391595363, 0.9694726859873583], "k_pid_att": [0.12349090066134938, 0.26512334965748724, 0.6020114368603433], "k_pid_yaw": [0.5, 1e-06, 0.1], "k_pid_hsp": [2.239524247164255, 0.5183058141773774, 0.5699911224579052], "k_pid_vsp": [111.06220101680351, 334.0019830435411, 349.62308753198323]}, "datetime": {"datetime": "2025-08-20 13:09:42", "elapsed": 4637.353676319122, "delta": 25.805201053619385}, "costs": {"total_cost": 1781.968100802173, "time_cost": 150, "final_distance_cost": 81.76320926980678, "oscillation_cost": 154.2643166957089, "completition_cost": 1000.0, "overshoot_cost": 281.29585697726253, "power_cost": 29.555337036132816, "noise_cost": 85.08938082326203, "n_waypoints_completed": 0, "tot_waypoints": 9}}
{"target": -979.9856526867795, "params": {"k_pid_pos": [0.7031846545999064, 0.8526442992879697, 0.09734623078290383], "k_pid_alt": [1.2824744510524964, 0.35860538175605927, 0.6338824143193078], "k_pid_att": [55.01398429397187, 5.842871132454318, 0.7288105009274548], "k_pid_yaw": [0.5, 1e-06, 0.1], "k_pid_hsp": [7.913740800579529, 0.2792740723443754, 0.7794446454298235], "k_pid_vsp": [353.9367433677252, 94.8756400212179, 319.4003220693677]}, "datetime": {"datetime": "2025-08-20 13:10:08", "elapsed": 4662.881025791168, "delta": 25.5273494720459}, "costs": {"total_cost": 979.9856526867795, "time_cost": 150, "final_distance_cost": 48.91786141623392, "oscillation_cost": 124.96332805059697, "completition_cost": 555.5555555555555, "overshoot_cost": 61.627309328575805, "power_cost": 22.52198992919922, "noise_cost": 16.39960840661811, "n_waypoints_completed": 4, "tot_waypoints": 9}}
{"target": -707.3443710728851, "params": {"k_pid_pos": [1.151379579074437, 0.43518128961412983, 0.81116208501283], "k_pid_alt": [1.7161916269338133, 0.3217694752053716, 0.6082013964904672], "k_pid_att": [75.39194746157611, 7.411228675592643, 0.03492800608820201], "k_pid_yaw": [0.5, 1e-06, 0.1], "k_pid_hsp": [7.182987115991314, 0.7570199127751939, 0.8258359572192103], "k_pid_vsp": [39.10314832575281, 190.7654867687546, 69.74051287666452]}, "datetime": {"datetime": "2025-08-20 13:10:35", "elapsed": 4689.741006135941, "delta": 26.85998034477234}, "costs": {"total_cost": 707.3443710728851, "time_cost": 150, "final_distance_cost": 45.76257608623252, "oscillation_cost": 309.4900242000003, "completition_cost": 111.11111111111116, "overshoot_cost": 52.09870657067032, "power_cost": 22.32457977294922, "noise_cost": 16.557373331921617, "n_waypoints_completed": 8, "tot_waypoints": 9}}
{"target": -738.2999403502128, "params": {"k_pid_pos": [1.5153382030743408, 0.6739423348601327, 0.22718406396466384], "k_pid_alt": [1.049047611028482, 0.1603748454961056, 0.8044475161673693], "k_pid_att": [26.605972735266104, 6.041430610487085, 0.8124835544738619], "k_pid_yaw": [0.5, 1e-06, 0.1], "k_pid_hsp": [5.563734271835692, 0.9685812440551961, 0.23637937754115668], "k_pid_vsp": [214.2155172976639, 67.9187903446802, 105.79656193824155]}, "datetime": {"datetime": "2025-08-20 13:11:01", "elapsed": 4716.124679327011, "delta": 26.383673191070557}, "costs": {"total_cost": 738.2999403502128, "time_cost": 150, "final_distance_cost": 64.18175018263496, "oscillation_cost": 210.19651164905346, "completition_cost": 222.2222222222222, "overshoot_cost": 55.58379547026911, "power_cost": 21.04532569580078, "noise_cost": 15.07033513023229, "n_waypoints_completed": 7, "tot_waypoints": 9}}
{"target": -1353.1540205837948, "params": {"k_pid_pos": [1.8077692523623423, 0.9136513497292595, 0.3533937963065791], "k_pid_alt": [1.9020529001662758, 0.8806905328285043, 0.1515473917103497], "k_pid_att": [70.2624344519247, 1.1658868852762099, 0.28167354072637385], "k_pid_yaw": [0.5, 1e-06, 0.1], "k_pid_hsp": [9.54848478876378, 0.03752823296911101, 0.3701775173480465], "k_pid_vsp": [61.35189950528357, 214.711469082221, 374.9917071040655]}, "datetime": {"datetime": "2025-08-20 13:11:26", "elapsed": 4741.375972509384, "delta": 25.251293182373047}, "costs": {"total_cost": 1353.1540205837948, "time_cost": 150, "final_distance_cost": 73.86770180001793, "oscillation_cost": 214.4076382298178, "completition_cost": 777.7777777777778, "overshoot_cost": 88.0427997388046, "power_cost": 19.115259497070312, "noise_cost": 29.94284354030633, "n_waypoints_completed": 2, "tot_waypoints": 9}}
{"target": -1261.7196123196813, "params": {"k_pid_pos": [1.6804661676135118, 0.64468244211914, 0.025343692024165088], "k_pid_alt": [0.2768255838885245, 0.028595068215436226, 0.3758870006689695], "k_pid_att": [51.971353285318635, 7.5486327567246665, 0.10839437657519169], "k_pid_yaw": [0.5, 1e-06, 0.1], "k_pid_hsp": [5.502771781892073, 0.44224057009734696, 0.8480655490624945], "k_pid_vsp": [212.79087749764258, 146.34603666657438, 282.69037003715135]}, "datetime": {"datetime": "2025-08-20 13:11:53", "elapsed": 4768.428340911865, "delta": 27.05236840248108}, "costs": {"total_cost": 1261.7196123196813, "time_cost": 150, "final_distance_cost": 84.2728137355696, "oscillation_cost": 162.28492932026396, "completition_cost": 777.7777777777778, "overshoot_cost": 47.07014675464072, "power_cost": 22.907762060546876, "noise_cost": 17.406182670882423, "n_waypoints_completed": 2, "tot_waypoints": 9}}
{"target": -928.101484232091, "params": {"k_pid_pos": [0.22287038356503372, 0.7471736813317154, 0.9085376925627884], "k_pid_alt": [1.762833079180434, 0.7045690147900001, 0.8542843184516928], "k_pid_att": [95.21256672687336, 4.367384936204107, 0.4138740819992758], "k_pid_yaw": [0.5, 1e-06, 0.1], "k_pid_hsp": [7.085687716463461, 0.19935360283286907, 0.12308972959208886], "k_pid_vsp": [326.3282694010427, 137.70914771032434, 83.83825736351679]}, "datetime": {"datetime": "2025-08-20 13:12:22", "elapsed": 4796.562225341797, "delta": 28.13388442993164}, "costs": {"total_cost": 928.101484232091, "time_cost": 150, "final_distance_cost": 73.73943133872659, "oscillation_cost": 285.76381539652306, "completition_cost": 333.33333333333337, "overshoot_cost": 48.00583097609484, "power_cost": 20.744294494628907, "noise_cost": 16.514778692784212, "n_waypoints_completed": 6, "tot_waypoints": 9}}
{"target": -862.6746315095904, "params": {"k_pid_pos": [0.6304195403758455, 0.5788978393757229, 0.1050555851839472], "k_pid_alt": [1.2029215472577912, 0.7795622046396354, 0.31954398749040624], "k_pid_att": [56.92644291235304, 6.561921788460534, 0.6126946486848597], "k_pid_yaw": [0.5, 1e-06, 0.1], "k_pid_hsp": [8.058003883008347, 0.576553512206858, 0.830582565336426], "k_pid_vsp": [300.3778784488139, 352.92373948761264, 49.956939761958026]}, "datetime": {"datetime": "2025-08-20 13:12:47", "elapsed": 4822.230405330658, "delta": 25.668179988861084}, "costs": {"total_cost": 862.6746315095904, "time_cost": 150, "final_distance_cost": 72.59779611267264, "oscillation_cost": 227.37879720906895, "completition_cost": 333.33333333333337, "overshoot_cost": 43.78991961844496, "power_cost": 20.298197082519533, "noise_cost": 15.276588153550966, "n_waypoints_completed": 6, "tot_waypoints": 9}}
