{"target": -880.6035485888104, "params": {"k_pid_pos": [1.7316377632905777, 0.3537689179066128, 0.9313699138087612], "k_pid_alt": [1.942694296208825, 0.9704099523546401, 0.945241540041304], "k_pid_att": [50.66409022122019, 2.4805847412799453, 0.10506367934402983], "k_pid_yaw": [0.5, 1e-06, 0.1], "k_pid_hsp": [1.303419978729708, 0.9503936173078034, 0.9761922236595028], "k_pid_vsp": [284.9308396294505, 213.7549360537542, 81.0868874635709]}, "datetime": {"datetime": "2025-08-20 16:12:56", "elapsed": 15631.28404545784, "delta": 24.239072799682617}, "costs": {"total_cost": 880.6035485888104, "time_cost": 150, "final_distance_cost": 78.68183429176871, "oscillation_cost": 218.98821512449658, "completition_cost": 333.33333333333337, "overshoot_cost": 61.58547549318186, "power_cost": 21.127858923339843, "noise_cost": 16.886831422690015, "n_waypoints_completed": 6, "tot_waypoints": 9}}
{"target": -923.1229430055268, "params": {"k_pid_pos": [1.3285236714355113, 0.04132317184992751, 0.25024238827919953], "k_pid_alt": [0.7413336595844051, 0.32098287990529295, 0.18599361478811904], "k_pid_att": [81.03726502787008, 7.717568217815281, 0.7330812217815117], "k_pid_yaw": [0.5, 1e-06, 0.1], "k_pid_hsp": [2.6912180193934745, 0.21965120272240612, 0.962865574348058], "k_pid_vsp": [382.201077835227, 10.576790507712532, 354.23001671676263]}, "datetime": {"datetime": "2025-08-20 16:13:22", "elapsed": 15657.04556632042, "delta": 25.761520862579346}, "costs": {"total_cost": 923.1229430055268, "time_cost": 150, "final_distance_cost": 63.40241728060538, "oscillation_cost": 284.84713008694007, "completition_cost": 333.33333333333337, "overshoot_cost": 55.36554606659461, "power_cost": 20.333189465332033, "noise_cost": 15.841326772721425, "n_waypoints_completed": 6, "tot_waypoints": 9}}
{"target": -1626.7494625119232, "params": {"k_pid_pos": [1.8208935558915615, 0.6779484053860667, 0.9597467773305663], "k_pid_alt": [1.4513103729828476, 0.9760636168228576, 0.6725144123060266], "k_pid_att": [80.11882230341897, 1.834066889125818, 0.07155354770624656], "k_pid_yaw": [0.5, 1e-06, 0.1], "k_pid_hsp": [0.2851607624865046, 0.7460192627484822, 0.7822006419012458], "k_pid_vsp": [278.9784195469873, 318.91937722548045, 282.02744959339407]}, "datetime": {"datetime": "2025-08-20 16:13:46", "elapsed": 15680.521481752396, "delta": 23.47591543197632}, "costs": {"total_cost": 1626.7494625119232, "time_cost": 150, "final_distance_cost": 82.21089007394474, "oscillation_cost": 407.4353163651358, "completition_cost": 888.8888888888888, "overshoot_cost": 60.19101241618608, "power_cost": 21.533742614746096, "noise_cost": 16.489612153021476, "n_waypoints_completed": 1, "tot_waypoints": 9}}
{"target": -901.8297498639877, "params": {"k_pid_pos": [1.1407789992756379, 0.3892787712855743, 0.24544130288695387], "k_pid_alt": [1.01290062320783, 0.12242397611576883, 0.6105793538169136], "k_pid_att": [76.08642886913081, 0.33106429508844953, 0.47886285771092296], "k_pid_yaw": [0.5, 1e-06, 0.1], "k_pid_hsp": [8.377326797728022, 0.7220731035237624, 0.9603360678869322], "k_pid_vsp": [31.62109345433204, 131.22245361823894, 99.62549435663345]}, "datetime": {"datetime": "2025-08-20 16:14:10", "elapsed": 15704.52306318283, "delta": 24.00158143043518}, "costs": {"total_cost": 901.8297498639877, "time_cost": 150, "final_distance_cost": 52.63646447557466, "oscillation_cost": 277.62568180946715, "completition_cost": 333.33333333333337, "overshoot_cost": 49.98535542518655, "power_cost": 21.152853747558595, "noise_cost": 17.096061072867368, "n_waypoints_completed": 6, "tot_waypoints": 9}}
{"target": -1159.3405330597652, "params": {"k_pid_pos": [1.457537583594613, 0.24600908366253116, 0.6646706584290522], "k_pid_alt": [1.1336550503234806, 0.7157701237755327, 0.9582801498143377], "k_pid_att": [92.04714773604523, 8.878850676705056, 0.22889864901227652], "k_pid_yaw": [0.5, 1e-06, 0.1], "k_pid_hsp": [2.9014905456457813, 0.15624346333831485, 0.6291996373941554], "k_pid_vsp": [32.20306891279119, 324.1403990292679, 230.2364550418877]}, "datetime": {"datetime": "2025-08-20 16:14:33", "elapsed": 15728.272307157516, "delta": 23.74924397468567}, "costs": {"total_cost": 1159.3405330597652, "time_cost": 150, "final_distance_cost": 51.87631915331707, "oscillation_cost": 307.71551970726676, "completition_cost": 555.5555555555555, "overshoot_cost": 52.99601812235363, "power_cost": 21.732093579101562, "noise_cost": 19.465026942170606, "n_waypoints_completed": 4, "tot_waypoints": 9}}
{"target": -972.48590905344, "params": {"k_pid_pos": [0.20373403418667996, 0.21086246865567992, 0.15099972656468919], "k_pid_alt": [1.3104923844306726, 0.9275215319933402, 0.4788411445700804], "k_pid_att": [48.56030704176704, 0.6778802500286782, 0.32818867318269873], "k_pid_yaw": [0.5, 1e-06, 0.1], "k_pid_hsp": [9.858000265849723, 0.5326916242311847, 0.20944814907050457], "k_pid_vsp": [347.4674942255067, 368.05382638515636, 231.8101891148083]}, "datetime": {"datetime": "2025-08-20 16:14:58", "elapsed": 15753.390109300613, "delta": 25.117802143096924}, "costs": {"total_cost": 972.48590905344, "time_cost": 150, "final_distance_cost": 57.095654730176996, "oscillation_cost": 344.24100015641216, "completition_cost": 333.33333333333337, "overshoot_cost": 52.08595979912001, "power_cost": 20.475295239257814, "noise_cost": 15.254665795139614, "n_waypoints_completed": 6, "tot_waypoints": 9}}
{"target": -1522.169084917987, "params": {"k_pid_pos": [0.49555049581521654, 0.5008349358489687, 0.2686866946917075], "k_pid_alt": [1.1461625575035936, 0.9267999448624813, 0.8748661106321056], "k_pid_att": [27.005078385366065, 2.0088361879338135, 0.8981505717844978], "k_pid_yaw": [0.5, 1e-06, 0.1], "k_pid_hsp": [9.757453778668228, 0.7069108601847585, 0.9774993048434945], "k_pid_vsp": [60.529132974186204, 349.6538622598633, 393.3016850626253]}, "datetime": {"datetime": "2025-08-20 16:15:23", "elapsed": 15778.274553537369, "delta": 24.88444423675537}, "costs": {"total_cost": 1522.169084917987, "time_cost": 150, "final_distance_cost": 60.584552157883245, "oscillation_cost": 304.3893775501019, "completition_cost": 888.8888888888888, "overshoot_cost": 72.01806674472054, "power_cost": 21.986855615234376, "noise_cost": 24.30134396115789, "n_waypoints_completed": 1, "tot_waypoints": 9}}
{"target": -1664.28257512379, "params": {"k_pid_pos": [0.0060461290354114254, 0.11489555963475506, 0.17655163637049964], "k_pid_alt": [0.2911061823890071, 0.8053669780211663, 0.16760113852411418], "k_pid_att": [99.55277444114613, 1.8080955181539875, 0.9791143732099727], "k_pid_yaw": [0.5, 1e-06, 0.1], "k_pid_hsp": [5.5731681678507385, 0.6704693967003652, 0.6230060374157798], "k_pid_vsp": [37.364989252923486, 282.498483417069, 203.86433247037277]}, "datetime": {"datetime": "2025-08-20 16:15:47", "elapsed": 15802.075554847717, "delta": 23.80100131034851}, "costs": {"total_cost": 1664.28257512379, "time_cost": 150, "final_distance_cost": 75.63016299927627, "oscillation_cost": 437.99430252690655, "completition_cost": 888.8888888888888, "overshoot_cost": 73.56739418382837, "power_cost": 21.555953808593753, "noise_cost": 16.64587271629605, "n_waypoints_completed": 1, "tot_waypoints": 9}}
{"target": -1431.0723287659107, "params": {"k_pid_pos": [0.16355776073559009, 0.6842934041667288, 0.6882225256823586], "k_pid_alt": [1.0186712416654418, 0.845152627034099, 0.2569504934545658], "k_pid_att": [92.17024041826811, 1.4131802332693546, 0.5502866094232945], "k_pid_yaw": [0.5, 1e-06, 0.1], "k_pid_hsp": [5.444926699828079, 0.8345020851495303, 0.9439304215999336], "k_pid_vsp": [147.52012530268112, 127.3763388866369, 155.18061372573118]}, "datetime": {"datetime": "2025-08-20 16:16:11", "elapsed": 15826.210197210312, "delta": 24.134642362594604}, "costs": {"total_cost": 1431.0723287659107, "time_cost": 150, "final_distance_cost": 66.80219611386265, "oscillation_cost": 245.904539606336, "completition_cost": 888.8888888888888, "overshoot_cost": 39.55299990294102, "power_cost": 23.09592645263672, "noise_cost": 16.827777801245432, "n_waypoints_completed": 1, "tot_waypoints": 9}}
{"target": -1002.0718400400773, "params": {"k_pid_pos": [1.670817763051298, 0.83662874675936, 0.10663051982186289], "k_pid_alt": [0.3853686583156555, 0.708365097870523, 0.3980183036147197], "k_pid_att": [66.28795093864969, 7.0713141589054525, 0.09257581891985389], "k_pid_yaw": [0.5, 1e-06, 0.1], "k_pid_hsp": [9.630374620406712, 0.9373977045637714, 0.19639527075464414], "k_pid_vsp": [5.654402007991166, 390.62364728337093, 65.6939874892022]}, "datetime": {"datetime": "2025-08-20 16:16:35", "elapsed": 15849.993908643723, "delta": 23.783711433410645}, "costs": {"total_cost": 1002.0718400400773, "time_cost": 150, "final_distance_cost": 47.337002481419056, "oscillation_cost": 152.8810847083807, "completition_cost": 555.5555555555555, "overshoot_cost": 53.80821224987156, "power_cost": 23.761516259765624, "noise_cost": 18.728468785084786, "n_waypoints_completed": 4, "tot_waypoints": 9}}
{"target": -774.8808103716542, "params": {"k_pid_pos": [1.1025772854437967, 0.6051008784191632, 0.5344958720482114], "k_pid_alt": [0.4417571390721704, 0.43554185719775296, 0.3962546262796939], "k_pid_att": [81.03391315115952, 3.1886194156443817, 0.34185246389564883], "k_pid_yaw": [0.5, 1e-06, 0.1], "k_pid_hsp": [1.2059144334923861, 0.7604799147476836, 0.06104993565041972], "k_pid_vsp": [122.7035670397342, 253.65507787860864, 233.24559113715586]}, "datetime": {"datetime": "2025-08-20 16:17:00", "elapsed": 15875.052409887314, "delta": 25.05850124359131}, "costs": {"total_cost": 774.8808103716542, "time_cost": 150, "final_distance_cost": 73.76946929222352, "oscillation_cost": 226.85802862152747, "completition_cost": 222.2222222222222, "overshoot_cost": 59.82324223344074, "power_cost": 23.955756738281252, "noise_cost": 18.25209126395903, "n_waypoints_completed": 7, "tot_waypoints": 9}}
{"target": -1353.784307117277, "params": {"k_pid_pos": [0.19743599275476448, 0.9136545140463914, 0.15333780859790946], "k_pid_alt": [1.7751394263161895, 0.17515058038627773, 0.4020253245016354], "k_pid_att": [21.910645624427595, 4.549805529682737, 0.018424473130430163], "k_pid_yaw": [0.5, 1e-06, 0.1], "k_pid_hsp": [0.8090703025497669, 0.35850110946328684, 0.016421215158806013], "k_pid_vsp": [233.38857858037093, 397.36437988099107, 43.65923721719598]}, "datetime": {"datetime": "2025-08-20 16:17:24", "elapsed": 15899.045649051666, "delta": 23.993239164352417}, "costs": {"total_cost": 1353.784307117277, "time_cost": 150, "final_distance_cost": 45.26693339641601, "oscillation_cost": 94.48054078093914, "completition_cost": 1000.0, "overshoot_cost": 27.3475019807849, "power_cost": 20.690001513671877, "noise_cost": 15.999329445464983, "n_waypoints_completed": 0, "tot_waypoints": 9}}
{"target": -1027.188453683501, "params": {"k_pid_pos": [0.31875822549492083, 0.4886844639172657, 0.10648267431742464], "k_pid_alt": [1.647280261884674, 0.6516190423825813, 0.7597747765770365], "k_pid_att": [60.001493245978075, 8.752669745672204, 0.08111262725961166], "k_pid_yaw": [0.5, 1e-06, 0.1], "k_pid_hsp": [3.4300355776796514, 0.2367202184615509, 0.01121025009754939], "k_pid_vsp": [249.78387746767825, 287.5252883340667, 305.7392601796613]}, "datetime": {"datetime": "2025-08-20 16:17:48", "elapsed": 15922.581466913223, "delta": 23.535817861557007}, "costs": {"total_cost": 1027.188453683501, "time_cost": 150, "final_distance_cost": 56.88978645486362, "oscillation_cost": 56.597169074591584, "completition_cost": 666.6666666666667, "overshoot_cost": 54.986527959791076, "power_cost": 24.837714501953126, "noise_cost": 17.210589025634917, "n_waypoints_completed": 3, "tot_waypoints": 9}}
{"target": -1461.6748370577582, "params": {"k_pid_pos": [1.225784691922992, 0.6849823030506323, 0.016009740295350405], "k_pid_alt": [1.5413860085753048, 0.8538058169284707, 0.80760643266517], "k_pid_att": [59.77274037880305, 9.75283133548395, 0.03566414427665343], "k_pid_yaw": [0.5, 1e-06, 0.1], "k_pid_hsp": [3.7586469130004603, 0.9997620795116003, 0.511924436424313], "k_pid_vsp": [51.982407822213084, 26.343647780638054, 287.8165781607227]}, "datetime": {"datetime": "2025-08-20 16:18:12", "elapsed": 15946.53709769249, "delta": 23.955630779266357}, "costs": {"total_cost": 1461.6748370577582, "time_cost": 150, "final_distance_cost": 11.41528159701493, "oscillation_cost": 80.97206213005053, "completition_cost": 1000.0, "overshoot_cost": 137.3604947412256, "power_cost": 19.23011953125, "noise_cost": 62.696879058217064, "n_waypoints_completed": 0, "tot_waypoints": 9}}
{"target": -1347.8963012705958, "params": {"k_pid_pos": [0.03414026524143993, 0.8093658821712465, 0.8291492533083551], "k_pid_alt": [0.9092852679010666, 0.3470305992832221, 0.7653858091102895], "k_pid_att": [48.50604082929683, 4.090805500062157, 0.9999869270519728], "k_pid_yaw": [0.5, 1e-06, 0.1], "k_pid_hsp": [9.68069475318955, 0.21539341767909237, 0.24846693669634667], "k_pid_vsp": [263.0241423377768, 394.0970282856447, 203.4042049712253]}, "datetime": {"datetime": "2025-08-20 16:18:37", "elapsed": 15971.561136245728, "delta": 25.024038553237915}, "costs": {"total_cost": 1347.8963012705958, "time_cost": 150, "final_distance_cost": 66.39437320171693, "oscillation_cost": 178.91113092306554, "completition_cost": 888.8888888888888, "overshoot_cost": 27.34772499269202, "power_cost": 20.768286547851563, "noise_cost": 15.585896716380898, "n_waypoints_completed": 1, "tot_waypoints": 9}}
{"target": -1176.9964942999236, "params": {"k_pid_pos": [1.9312129340662432, 0.4930162883722341, 0.7610582646834644], "k_pid_alt": [1.1455693552049553, 0.06406482681997083, 0.639983135853805], "k_pid_att": [94.55705991509527, 2.043256875465625, 0.560214091317088], "k_pid_yaw": [0.5, 1e-06, 0.1], "k_pid_hsp": [6.999567218953741, 0.8945207269251244, 0.6142254797964461], "k_pid_vsp": [62.98833687648093, 127.33331376164516, 379.91941520414804]}, "datetime": {"datetime": "2025-08-20 16:19:01", "elapsed": 15995.835015296936, "delta": 24.273879051208496}, "costs": {"total_cost": 1176.9964942999236, "time_cost": 150, "final_distance_cost": 42.659820136912735, "oscillation_cost": 292.89043208921146, "completition_cost": 555.5555555555555, "overshoot_cost": 95.5695927577827, "power_cost": 19.827066564941408, "noise_cost": 20.49402719551984, "n_waypoints_completed": 4, "tot_waypoints": 9}}
{"target": -1546.6235623255204, "params": {"k_pid_pos": [1.2250366712099579, 0.6827068895587945, 0.8901970821701555], "k_pid_alt": [1.4017837113895113, 0.5651449343962907, 0.21509031647822519], "k_pid_att": [16.125365769017264, 3.218406298438525, 0.3207093969477399], "k_pid_yaw": [0.5, 1e-06, 0.1], "k_pid_hsp": [1.7630579410981357, 0.8511090888221646, 0.270664343889217], "k_pid_vsp": [43.114438548305145, 193.70330823315643, 230.89630596943005]}, "datetime": {"datetime": "2025-08-20 16:19:25", "elapsed": 16019.842597007751, "delta": 24.00758171081543}, "costs": {"total_cost": 1546.6235623255204, "time_cost": 150, "final_distance_cost": 51.24217926685258, "oscillation_cost": 329.38164255548327, "completition_cost": 888.8888888888888, "overshoot_cost": 86.82805613700879, "power_cost": 19.175571252441408, "noise_cost": 21.10722422484547, "n_waypoints_completed": 1, "tot_waypoints": 9}}
{"target": -1108.0294850833077, "params": {"k_pid_pos": [0.8327226550238352, 0.7555040660775554, 0.993013720261828], "k_pid_alt": [0.692473151434108, 0.999831212275065, 0.6624480013636365], "k_pid_att": [45.23491265481461, 9.209373271111053, 0.36672668228909067], "k_pid_yaw": [0.5, 1e-06, 0.1], "k_pid_hsp": [0.569024649276406, 0.8105964930533686, 0.3125706490304896], "k_pid_vsp": [161.96423644611198, 138.6430601696704, 24.048707599435797]}, "datetime": {"datetime": "2025-08-20 16:19:49", "elapsed": 16043.837635040283, "delta": 23.99503803253174}, "costs": {"total_cost": 1108.0294850833077, "time_cost": 150, "final_distance_cost": 59.42967626594138, "oscillation_cost": 140.534664100205, "completition_cost": 666.6666666666667, "overshoot_cost": 53.219688155715815, "power_cost": 21.205988305664064, "noise_cost": 16.972801589114624, "n_waypoints_completed": 3, "tot_waypoints": 9}}
{"target": -1171.9467002862596, "params": {"k_pid_pos": [0.13635810379386457, 0.06564878330156665, 0.20863775701600218], "k_pid_alt": [1.2398752380243432, 0.1654328995611528, 0.5591847798397774], "k_pid_att": [12.074377804636827, 8.767761144741943, 0.8364988589414623], "k_pid_yaw": [0.5, 1e-06, 0.1], "k_pid_hsp": [8.178309277762883, 0.16865533102244012, 0.7770954493460197], "k_pid_vsp": [268.58389831245563, 62.14052154798385, 283.2341993205287]}, "datetime": {"datetime": "2025-08-20 16:20:13", "elapsed": 16067.98861002922, "delta": 24.150974988937378}, "costs": {"total_cost": 1171.9467002862596, "time_cost": 150, "final_distance_cost": 81.71629199079831, "oscillation_cost": 187.07305535018327, "completition_cost": 666.6666666666667, "overshoot_cost": 52.54263517006868, "power_cost": 19.120855480957033, "noise_cost": 14.827195627585468, "n_waypoints_completed": 3, "tot_waypoints": 9}}
{"target": -853.7877623678704, "params": {"k_pid_pos": [0.4179469460417415, 0.38579832456205676, 0.04768235554012945], "k_pid_alt": [1.1098634185921425, 0.36359133968224067, 0.7335783851025595], "k_pid_att": [62.57145414631516, 7.3153671260764215, 0.8469640083872878], "k_pid_yaw": [0.5, 1e-06, 0.1], "k_pid_hsp": [1.1010026928013215, 0.5325753002184261, 0.7470160619165999], "k_pid_vsp": [346.87138896972596, 122.62430681922233, 136.50732551900114]}, "datetime": {"datetime": "2025-08-20 16:20:37", "elapsed": 16091.655731678009, "delta": 23.667121648788452}, "costs": {"total_cost": 853.7877623678704, "time_cost": 150, "final_distance_cost": 69.12586345484114, "oscillation_cost": 209.8293622913049, "completition_cost": 333.33333333333337, "overshoot_cost": 53.72260292856315, "power_cost": 21.657065722656252, "noise_cost": 16.119534637171586, "n_waypoints_completed": 6, "tot_waypoints": 9}}
{"target": -844.86930131991, "params": {"k_pid_pos": [0.37257615238281216, 0.6178121341786877, 0.05789858059238673], "k_pid_alt": [0.8652972512873414, 0.1269206799751199, 0.3481707133302555], "k_pid_att": [53.576127578121536, 3.5041315209160016, 0.4939044686559584], "k_pid_yaw": [0.5, 1e-06, 0.1], "k_pid_hsp": [3.295518280894325, 0.22275118600206556, 0.25955702061910546], "k_pid_vsp": [104.62845083842014, 233.88383078545368, 29.39701221861275]}, "datetime": {"datetime": "2025-08-20 16:21:02", "elapsed": 16116.574509382248, "delta": 24.91877770423889}, "costs": {"total_cost": 844.86930131991, "time_cost": 150, "final_distance_cost": 73.96651873381155, "oscillation_cost": 207.61278812406135, "completition_cost": 333.33333333333337, "overshoot_cost": 44.52928037362287, "power_cost": 20.034190856933595, "noise_cost": 15.393189898147245, "n_waypoints_completed": 6, "tot_waypoints": 9}}
{"target": -605.2778399979735, "params": {"k_pid_pos": [0.32717800807113556, 0.1397722998098645, 0.1775612776452451], "k_pid_alt": [0.5355198044375353, 0.07771806447336471, 0.9270857994110908], "k_pid_att": [81.93379415780413, 0.9283502308173786, 0.9680262952963811], "k_pid_yaw": [0.5, 1e-06, 0.1], "k_pid_hsp": [9.595006833295322, 0.002234355287978107, 0.037568112041082236], "k_pid_vsp": [352.61642000880045, 301.410102244322, 162.64216226053244]}, "datetime": {"datetime": "2025-08-20 16:21:26", "elapsed": 16141.274812221527, "delta": 24.700302839279175}, "costs": {"total_cost": 605.2778399979735, "time_cost": 150, "final_distance_cost": 72.31635747734647, "oscillation_cost": 83.91786253138919, "completition_cost": 222.2222222222222, "overshoot_cost": 44.362991256172556, "power_cost": 18.052757446289064, "noise_cost": 14.405649064554051, "n_waypoints_completed": 7, "tot_waypoints": 9}}
{"target": -719.1946463988397, "params": {"k_pid_pos": [1.879523256348646, 0.7740759635277272, 0.6437785491369256], "k_pid_alt": [1.3165933681520987, 0.9906846274637303, 0.3563885448996974], "k_pid_att": [17.05805102419791, 6.933229874741426, 0.8843538100012716], "k_pid_yaw": [0.5, 1e-06, 0.1], "k_pid_hsp": [4.170110828244177, 0.6450255037553306, 0.021257904260398308], "k_pid_vsp": [166.30274713313815, 174.16485314545056, 115.35423734294764]}, "datetime": {"datetime": "2025-08-20 16:21:50", "elapsed": 16165.460164546967, "delta": 24.185352325439453}, "costs": {"total_cost": 719.1946463988397, "time_cost": 150, "final_distance_cost": 70.16548714069656, "oscillation_cost": 80.69686424918731, "completition_cost": 333.33333333333337, "overshoot_cost": 50.705051413369745, "power_cost": 19.292029528808595, "noise_cost": 15.001880733444024, "n_waypoints_completed": 6, "tot_waypoints": 9}}
{"target": -810.7267158682847, "params": {"k_pid_pos": [1.8699921403218982, 0.4339131836129684, 0.049107841632415994], "k_pid_alt": [0.713024540412811, 0.18796989804313236, 0.08124467989774053], "k_pid_att": [66.78655449971758, 7.155488743677099, 0.2549080248873543], "k_pid_yaw": [0.5, 1e-06, 0.1], "k_pid_hsp": [0.9809575742801421, 0.2526411728260849, 0.11803875656599039], "k_pid_vsp": [134.2938530214457, 380.6386662286283, 315.0108144080909]}, "datetime": {"datetime": "2025-08-20 16:22:15", "elapsed": 16189.661157608032, "delta": 24.200993061065674}, "costs": {"total_cost": 810.7267158682847, "time_cost": 150, "final_distance_cost": 58.616715592468616, "oscillation_cost": 169.9901657721259, "completition_cost": 333.33333333333337, "overshoot_cost": 56.49767385550639, "power_cost": 23.190665539550782, "noise_cost": 19.098161775299673, "n_waypoints_completed": 6, "tot_waypoints": 9}}
