{"target": -575.9493546582481, "params": {"k_pid_pos": [1.1813103243157375, 0.6773714759846353, 0.25027895718667625], "k_pid_alt": [0.9660799518705155, 0.39013067561122045, 0.9783736427774768], "k_pid_att": [100.0, 2.495217794009252, 0.9114032118502667], "k_pid_yaw": [0.5, 1e-06, 0.1], "k_pid_hsp": [0.4400404653725898, 0.4931589265943233, 0.0], "k_pid_vsp": [166.502828750988, 215.92663666393565, 44.86346065067284]}, "datetime": {"datetime": "2025-08-21 02:32:06", "elapsed": 52780.68340563774, "delta": 56.28642296791077}, "costs": {"total_cost": 575.9493546582481, "time_cost": 150, "final_distance_cost": 58.67586391390113, "oscillation_cost": 67.66961448523354, "completition_cost": 222.2222222222222, "overshoot_cost": 47.35163543273265, "power_cost": 16.853875158691405, "noise_cost": 13.176143445467188, "n_waypoints_completed": 7, "tot_waypoints": 9}}
{"target": -1231.8418436937582, "params": {"k_pid_pos": [0.0826578622062189, 0.41800874086372863, 0.3996959885470457], "k_pid_alt": [1.1025807321933767, 0.6108378376855528, 0.5247370294102575], "k_pid_att": [6.481081711546299, 2.8274755439452033, 0.7874190084294631], "k_pid_yaw": [0.5, 1e-06, 0.1], "k_pid_hsp": [8.444479533715237, 0.8513453235342711, 0.4981996625813271], "k_pid_vsp": [47.964590850189516, 234.04563514303206, 87.81958719613087]}, "datetime": {"datetime": "2025-08-21 02:33:02", "elapsed": 52836.582763671875, "delta": 55.89935803413391}, "costs": {"total_cost": 1231.8418436937582, "time_cost": 150, "final_distance_cost": 91.90340906444992, "oscillation_cost": 142.24798930646608, "completition_cost": 777.7777777777778, "overshoot_cost": 36.82617653664673, "power_cost": 18.948233703613283, "noise_cost": 14.138257304804197, "n_waypoints_completed": 2, "tot_waypoints": 9}}
{"target": -224.00252485, "params": {"k_pid_pos": [0.4292484146060783, 0.5283015107501053, 0.13499230588798877], "k_pid_alt": [1.551146848829392, 0.7643564032370948, 0.36592303318852537], "k_pid_att": [38.43481629416228, 9.650225174821388, 0.5672135267588909], "k_pid_yaw": [0.5, 1e-06, 0.1], "k_pid_hsp": [7.198385432105304, 0.8162150214429686, 0.0], "k_pid_vsp": [310.8350126478843, 45.07786242777902, 62.561868669885705]}, "datetime": {"datetime": "2025-08-21 02:33:41", "elapsed": 52876.516087293625, "delta": 39.93332362174988}, "costs": {"total_cost": 224.00252485, "time_cost": 81.544, "final_distance_cost": 1.7894211854521374, "oscillation_cost": 54.284313025646874, "completition_cost": 0.0, "overshoot_cost": 52.900322434719314, "power_cost": 19.457930224609377, "noise_cost": 14.026537979572284, "n_waypoints_completed": 9, "tot_waypoints": 9}}
{"target": -271.0811996336865, "params": {"k_pid_pos": [1.4853995761228662, 0.30344433211935956, 0.2792300361449741], "k_pid_alt": [1.1540610187315243, 0.3731428732736512, 0.8268051348488997], "k_pid_att": [35.56743317151562, 2.654486850637603, 0.8113176470420183], "k_pid_yaw": [0.5, 1e-06, 0.1], "k_pid_hsp": [0.823418972912343, 0.7315788459584227, 0.09068724454536081], "k_pid_vsp": [290.13010423820924, 273.9610675747663, 134.9361894333888]}, "datetime": {"datetime": "2025-08-21 02:34:34", "elapsed": 52928.826852321625, "delta": 52.31076502799988}, "costs": {"total_cost": 271.0811996336865, "time_cost": 82.176, "final_distance_cost": 1.7371678230240737, "oscillation_cost": 98.71970626810615, "completition_cost": 0.0, "overshoot_cost": 55.620254337150804, "power_cost": 18.897474475097656, "noise_cost": 13.930596730307755, "n_waypoints_completed": 9, "tot_waypoints": 9}}
{"target": -452.89094155827746, "params": {"k_pid_pos": [1.456961212096939, 0.46477693115766616, 0.8362605183574127], "k_pid_alt": [1.4006780169290434, 0.8643851254260054, 0.8162866239102571], "k_pid_att": [32.29792333220427, 4.117620479390187, 0.3455442886918312], "k_pid_yaw": [0.5, 1e-06, 0.1], "k_pid_hsp": [8.71951852612147, 0.9113049282520662, 0.39269312904067566], "k_pid_vsp": [119.20974219024849, 140.4835753288848, 3.7113787517565178]}, "datetime": {"datetime": "2025-08-21 02:35:17", "elapsed": 52972.36456036568, "delta": 43.537708044052124}, "costs": {"total_cost": 452.89094155827746, "time_cost": 97.296, "final_distance_cost": 1.74883900195426, "oscillation_cost": 261.64301036182235, "completition_cost": 0.0, "overshoot_cost": 56.496648571416635, "power_cost": 18.993835791015627, "noise_cost": 16.71260783206858, "n_waypoints_completed": 9, "tot_waypoints": 9}}
{"target": -198.6730042687267, "params": {"k_pid_pos": [1.7958719499129525, 0.13001680957208234, 0.0], "k_pid_alt": [0.8787422037481664, 0.0, 0.0], "k_pid_att": [11.986954628059705, 2.183671847472165, 1.0], "k_pid_yaw": [0.5, 1e-06, 0.1], "k_pid_hsp": [2.8748952176239837, 0.0, 0.0], "k_pid_vsp": [52.75176739578816, 228.16706374833302, 84.80162588894389]}, "datetime": {"datetime": "2025-08-21 02:36:08", "elapsed": 53022.591559648514, "delta": 50.226999282836914}, "costs": {"total_cost": 198.6730042687267, "time_cost": 75.672, "final_distance_cost": 1.749945619173211, "oscillation_cost": 45.76038914305449, "completition_cost": 0.0, "overshoot_cost": 52.573873289516094, "power_cost": 12.773113818359375, "noise_cost": 10.143682398623532, "n_waypoints_completed": 9, "tot_waypoints": 9}}
{"target": -682.3825249887077, "params": {"k_pid_pos": [1.556037939229571, 0.6634904114217284, 0.914081913867243], "k_pid_alt": [0.6118522745964743, 0.3599303611387009, 0.18221691799837017], "k_pid_att": [47.63764340374715, 1.2686037521051772, 0.05062060681015916], "k_pid_yaw": [0.5, 1e-06, 0.1], "k_pid_hsp": [0.5522098360017493, 0.9861995093013028, 0.049183932128428955], "k_pid_vsp": [149.111871284455, 278.94557219388076, 161.69288340973864]}, "datetime": {"datetime": "2025-08-21 02:36:49", "elapsed": 53064.464646816254, "delta": 41.87308716773987}, "costs": {"total_cost": 682.3825249887077, "time_cost": 150, "final_distance_cost": 62.756716545081524, "oscillation_cost": 156.3297449345954, "completition_cost": 222.2222222222222, "overshoot_cost": 51.253810570579674, "power_cost": 22.249343811035157, "noise_cost": 17.570686905193845, "n_waypoints_completed": 7, "tot_waypoints": 9}}
{"target": -1209.1606260668748, "params": {"k_pid_pos": [0.46368944378581334, 0.3065433915320548, 0.5735714310699028], "k_pid_alt": [0.43736144556189593, 0.572295003361482, 0.491523758428396], "k_pid_att": [19.060508801654507, 6.992782870485862, 0.19997427175336124], "k_pid_yaw": [0.5, 1e-06, 0.1], "k_pid_hsp": [6.053515643699088, 0.8992016046363124, 0.9444303068193262], "k_pid_vsp": [150.7683278985728, 11.994447286850766, 12.177807880091219]}, "datetime": {"datetime": "2025-08-21 02:37:39", "elapsed": 53113.91540002823, "delta": 49.4507532119751}, "costs": {"total_cost": 1209.1606260668748, "time_cost": 150, "final_distance_cost": 39.57618314355128, "oscillation_cost": 376.97890269437454, "completition_cost": 555.5555555555555, "overshoot_cost": 47.48250961486242, "power_cost": 21.98983953857422, "noise_cost": 17.577635519956935, "n_waypoints_completed": 4, "tot_waypoints": 9}}
{"target": -588.80161949854, "params": {"k_pid_pos": [0.38003719286745685, 0.08478616770251736, 0.2752698917382688], "k_pid_alt": [1.0907231743890975, 0.09513695032506196, 0.1370718612073979], "k_pid_att": [8.118545950349791, 2.213540328723555, 0.9067990941726081], "k_pid_yaw": [0.5, 1e-06, 0.1], "k_pid_hsp": [9.506665892949542, 0.24019096526557307, 0.08660284074583131], "k_pid_vsp": [377.0418738068971, 67.92157309674381, 141.63116895579648]}, "datetime": {"datetime": "2025-08-21 02:38:30", "elapsed": 53164.52927851677, "delta": 50.61387848854065}, "costs": {"total_cost": 588.80161949854, "time_cost": 150, "final_distance_cost": 72.96889834289055, "oscillation_cost": 64.77876914339868, "completition_cost": 222.2222222222222, "overshoot_cost": 47.03968383111974, "power_cost": 17.934818164062502, "noise_cost": 13.85722779484641, "n_waypoints_completed": 7, "tot_waypoints": 9}}
{"target": -416.22298070385216, "params": {"k_pid_pos": [0.9954396487639398, 0.048165615618214086, 0.3509026202954615], "k_pid_alt": [1.8630448617029505, 0.3328108237848433, 0.9357292122243317], "k_pid_att": [45.385284379354694, 3.156662819929936, 0.7273527410863289], "k_pid_yaw": [0.5, 1e-06, 0.1], "k_pid_hsp": [1.3224540530615314, 0.292789642193229, 0.26674125702594254], "k_pid_vsp": [285.27092627584136, 77.77869982036758, 53.41771115292652]}, "datetime": {"datetime": "2025-08-21 02:39:18", "elapsed": 53212.786277770996, "delta": 48.256999254226685}, "costs": {"total_cost": 416.22298070385216, "time_cost": 98.416, "final_distance_cost": 1.7942483794688389, "oscillation_cost": 227.76712426409134, "completition_cost": 0.0, "overshoot_cost": 53.87181383640621, "power_cost": 19.45444599609375, "noise_cost": 14.919348227792062, "n_waypoints_completed": 9, "tot_waypoints": 9}}
{"target": -305.8226089065574, "params": {"k_pid_pos": [1.8611263765951116, 0.05607177745819588, 0.0], "k_pid_alt": [2.0, 0.0, 0.0], "k_pid_att": [49.947376261500764, 5.891900245289644, 0.3292612081025139], "k_pid_yaw": [0.5, 1e-06, 0.1], "k_pid_hsp": [5.661438213581671, 0.07378706983832688, 0.570123194793144], "k_pid_vsp": [349.2534063382553, 214.15475475564767, 25.34738488325632]}, "datetime": {"datetime": "2025-08-21 02:40:03", "elapsed": 53257.62989974022, "delta": 44.84362196922302}, "costs": {"total_cost": 305.8226089065574, "time_cost": 69.48, "final_distance_cost": 1.7420977554268855, "oscillation_cost": 157.44306503071206, "completition_cost": 0.0, "overshoot_cost": 50.87750128303683, "power_cost": 14.565714916992189, "noise_cost": 11.714229920389434, "n_waypoints_completed": 9, "tot_waypoints": 9}}
{"target": -664.5181343786473, "params": {"k_pid_pos": [1.393833442382905, 0.6502580499126842, 0.6869995651114534], "k_pid_alt": [0.33858300452587775, 0.780738697592698, 0.8072581962236826], "k_pid_att": [48.49991447133976, 8.380147426143642, 0.10479960766735441], "k_pid_yaw": [0.5, 1e-06, 0.1], "k_pid_hsp": [1.8674876266784848, 0.0030605093378074377, 0.011734866836600077], "k_pid_vsp": [192.2180430724311, 299.6253963940663, 97.99644988712794]}, "datetime": {"datetime": "2025-08-21 02:40:46", "elapsed": 53300.96891736984, "delta": 43.33901762962341}, "costs": {"total_cost": 664.5181343786473, "time_cost": 150, "final_distance_cost": 69.52110932258913, "oscillation_cost": 131.6634738896913, "completition_cost": 222.2222222222222, "overshoot_cost": 54.77047300375814, "power_cost": 21.178261450195315, "noise_cost": 15.162594490191172, "n_waypoints_completed": 7, "tot_waypoints": 9}}
{"target": -578.5778482974953, "params": {"k_pid_pos": [0.49970727807730175, 0.0, 1.0], "k_pid_alt": [2.0, 0.0, 1.0], "k_pid_att": [58.13823549757445, 0.0001, 1.0], "k_pid_yaw": [0.5, 1e-06, 0.1], "k_pid_hsp": [4.552545659646024, 1.0, 0.0], "k_pid_vsp": [108.7385863460904, 295.7877713923264, 104.81755577133625]}, "datetime": {"datetime": "2025-08-21 02:41:37", "elapsed": 53352.062138557434, "delta": 51.09322118759155}, "costs": {"total_cost": 578.5778482974953, "time_cost": 150, "final_distance_cost": 66.0222377740665, "oscillation_cost": 52.1745837375209, "completition_cost": 222.2222222222222, "overshoot_cost": 49.39409386132418, "power_cost": 22.51769147949219, "noise_cost": 16.247019222869245, "n_waypoints_completed": 7, "tot_waypoints": 9}}
{"target": -332.54063877815855, "params": {"k_pid_pos": [2.0, 0.7929915458887447, 1.0], "k_pid_alt": [2.0, 0.0, 0.5312388121005674], "k_pid_att": [50.107484224318846, 3.358923774257103, 0.0], "k_pid_yaw": [0.5, 1e-06, 0.1], "k_pid_hsp": [1.8715635374797412, 1.0, 0.4558212626529233], "k_pid_vsp": [208.64609679850963, 233.81242359364302, 122.37458566251644]}, "datetime": {"datetime": "2025-08-21 02:42:23", "elapsed": 53397.54190683365, "delta": 45.4797682762146}, "costs": {"total_cost": 332.54063877815855, "time_cost": 82.968, "final_distance_cost": 1.734398944209589, "oscillation_cost": 159.7325526866557, "completition_cost": 0.0, "overshoot_cost": 55.917691719001525, "power_cost": 17.86178366699219, "noise_cost": 14.326211761299506, "n_waypoints_completed": 9, "tot_waypoints": 9}}
{"target": -411.70510838232235, "params": {"k_pid_pos": [1.6207758692050855, 0.1671926683217891, 0.04765929455698775], "k_pid_alt": [1.8161834006421353, 0.3513077284938205, 0.8087446017891834], "k_pid_att": [13.562499109169103, 4.316763379955392, 0.33314682823003855], "k_pid_yaw": [0.5, 1e-06, 0.1], "k_pid_hsp": [6.174790511344816, 0.8898501783549683, 0.6826711919101358], "k_pid_vsp": [359.4647153915411, 49.255421758514636, 68.05743457746357]}, "datetime": {"datetime": "2025-08-21 02:43:10", "elapsed": 53445.38884973526, "delta": 47.84694290161133}, "costs": {"total_cost": 411.70510838232235, "time_cost": 96.536, "final_distance_cost": 1.692391879867444, "oscillation_cost": 218.3950861877808, "completition_cost": 0.0, "overshoot_cost": 56.29674153232882, "power_cost": 22.458281481933597, "noise_cost": 16.326607300411656, "n_waypoints_completed": 9, "tot_waypoints": 9}}
{"target": -375.3287735648851, "params": {"k_pid_pos": [0.9198726147666545, 0.5675490349305407, 0.6213924268461644], "k_pid_alt": [0.9063033285007646, 0.5265557768237659, 0.04612060277133671], "k_pid_att": [36.87388797826481, 4.127369283061274, 0.8025070435254454], "k_pid_yaw": [0.5, 1e-06, 0.1], "k_pid_hsp": [4.1053479131982415, 0.9286348081225275, 0.4091451656001415], "k_pid_vsp": [66.16824150926547, 346.69483956196535, 62.983043414154835]}, "datetime": {"datetime": "2025-08-21 02:43:55", "elapsed": 53490.15812444687, "delta": 44.76927471160889}, "costs": {"total_cost": 375.3287735648851, "time_cost": 91.432, "final_distance_cost": 1.7414709071621621, "oscillation_cost": 196.75403061217804, "completition_cost": 0.0, "overshoot_cost": 52.4739651430781, "power_cost": 18.569509399414063, "noise_cost": 14.3577975030527, "n_waypoints_completed": 9, "tot_waypoints": 9}}
{"target": -680.7069600084058, "params": {"k_pid_pos": [1.3035209439473578, 0.44806940495510017, 0.8337497725084648], "k_pid_alt": [1.574790884640845, 0.9527480473193969, 0.6155385350719288], "k_pid_att": [38.18283389294154, 3.4502509213751806, 0.13079186850524882], "k_pid_yaw": [0.5, 1e-06, 0.1], "k_pid_hsp": [9.572163603541341, 0.5564958485683205, 0.13729520323576927], "k_pid_vsp": [332.1735717257743, 395.9943366874064, 314.969599030713]}, "datetime": {"datetime": "2025-08-21 02:44:37", "elapsed": 53532.41119527817, "delta": 42.25307083129883}, "costs": {"total_cost": 680.7069600084058, "time_cost": 150, "final_distance_cost": 43.05852932833921, "oscillation_cost": 282.4278933270692, "completition_cost": 111.11111111111116, "overshoot_cost": 56.36553611451449, "power_cost": 21.835669384765627, "noise_cost": 15.908220742605927, "n_waypoints_completed": 8, "tot_waypoints": 9}}
{"target": -815.9576026995403, "params": {"k_pid_pos": [1.8072858435828152, 0.432432933517537, 0.8843368514238145], "k_pid_alt": [0.3003128866412834, 0.38394280664594493, 0.4756978191502468], "k_pid_att": [43.5200278527042, 4.800197280875938, 0.48581723095974505], "k_pid_yaw": [0.5, 1e-06, 0.1], "k_pid_hsp": [6.793123447684978, 0.6464423999493766, 0.43787578519694603], "k_pid_vsp": [281.00779162078396, 77.84400065601208, 53.41226787941048]}, "datetime": {"datetime": "2025-08-21 02:45:25", "elapsed": 53580.07141804695, "delta": 47.66022276878357}, "costs": {"total_cost": 815.9576026995403, "time_cost": 150, "final_distance_cost": 71.09285375934174, "oscillation_cost": 283.7190246354963, "completition_cost": 222.2222222222222, "overshoot_cost": 50.02369713205515, "power_cost": 21.58953854980469, "noise_cost": 17.31026640062024, "n_waypoints_completed": 7, "tot_waypoints": 9}}
{"target": -1017.4069880997793, "params": {"k_pid_pos": [0.589961109503062, 0.9378337137839922, 0.9217988710953249], "k_pid_alt": [0.1814513605717385, 0.7883912034523622, 0.4576376425542382], "k_pid_att": [16.13649317295304, 5.803970958758937, 0.8238528410287848], "k_pid_yaw": [0.5, 1e-06, 0.1], "k_pid_hsp": [8.10700442341079, 0.5547638911400772, 0.10470892640644924], "k_pid_vsp": [273.0043102450313, 15.777726837127886, 79.41631082067168]}, "datetime": {"datetime": "2025-08-21 02:46:10", "elapsed": 53624.60935330391, "delta": 44.53793525695801}, "costs": {"total_cost": 1017.4069880997793, "time_cost": 150, "final_distance_cost": 50.553050106411504, "oscillation_cost": 174.57420916368406, "completition_cost": 555.5555555555555, "overshoot_cost": 51.01987449215865, "power_cost": 20.035986645507812, "noise_cost": 15.668312136461589, "n_waypoints_completed": 4, "tot_waypoints": 9}}
{"target": -362.84314296468517, "params": {"k_pid_pos": [1.3514347817026597, 0.14005640497873367, 0.7051553754978842], "k_pid_alt": [1.6387492849494305, 0.5739219899358877, 0.6620003899874082], "k_pid_att": [34.874451322667184, 4.628064354750761, 0.6442484412391642], "k_pid_yaw": [0.5, 1e-06, 0.1], "k_pid_hsp": [4.60849996072452, 0.2618329770528859, 0.7363148714534553], "k_pid_vsp": [334.81845423111946, 206.47357951779884, 31.609038470423425]}, "datetime": {"datetime": "2025-08-21 02:46:57", "elapsed": 53672.37972021103, "delta": 47.77036690711975}, "costs": {"total_cost": 362.84314296468517, "time_cost": 85.512, "final_distance_cost": 1.7887416120678707, "oscillation_cost": 190.91169726064606, "completition_cost": 0.0, "overshoot_cost": 54.5260661738658, "power_cost": 16.83770867919922, "noise_cost": 13.266929238906169, "n_waypoints_completed": 9, "tot_waypoints": 9}}
{"target": -234.97861656534454, "params": {"k_pid_pos": [2.0, 0.0, 1.0], "k_pid_alt": [2.0, 0.0, 1.0], "k_pid_att": [61.68758677909416, 0.12305208350419167, 0.0], "k_pid_yaw": [0.5, 1e-06, 0.1], "k_pid_hsp": [3.985501325171133, 1.0, 0.0], "k_pid_vsp": [109.90778667998477, 300.66857255740626, 109.10648579391494]}, "datetime": {"datetime": "2025-08-21 02:47:44", "elapsed": 53718.57577729225, "delta": 46.196057081222534}, "costs": {"total_cost": 234.97861656534454, "time_cost": 70.504, "final_distance_cost": 1.8562997198570046, "oscillation_cost": 86.08616346814458, "completition_cost": 0.0, "overshoot_cost": 48.32839243642642, "power_cost": 15.727289306640627, "noise_cost": 12.476471634275915, "n_waypoints_completed": 9, "tot_waypoints": 9}}
{"target": -219.20133105515902, "params": {"k_pid_pos": [1.9314069929377629, 0.0, 0.4997035068986688], "k_pid_alt": [2.0, 0.566275960255983, 0.0], "k_pid_att": [18.398107030621503, 4.141230071745889, 0.5095119859888109], "k_pid_yaw": [0.5, 1e-06, 0.1], "k_pid_hsp": [2.6903716635404136, 0.0, 0.0], "k_pid_vsp": [15.551610350489561, 341.7313781952851, 14.816925721687852]}, "datetime": {"datetime": "2025-08-21 02:48:20", "elapsed": 53754.664012908936, "delta": 36.08823561668396}, "costs": {"total_cost": 219.20133105515902, "time_cost": 78.64, "final_distance_cost": 1.7786349044663976, "oscillation_cost": 53.16238322830449, "completition_cost": 0.0, "overshoot_cost": 52.11808205655828, "power_cost": 19.541297509765627, "noise_cost": 13.960933356064196, "n_waypoints_completed": 9, "tot_waypoints": 9}}
{"target": -1462.3425829567493, "params": {"k_pid_pos": [0.0137394224380866, 0.14949711132606658, 0.5001100342583337], "k_pid_alt": [1.6378403592624895, 0.5449473881377278, 0.5711828287954831], "k_pid_att": [52.38255885163301, 1.626008329288277, 0.9909795593279456], "k_pid_yaw": [0.5, 1e-06, 0.1], "k_pid_hsp": [2.7017194226627423, 0.6488699356460621, 0.7471423499097357], "k_pid_vsp": [211.56156117538364, 235.92755352374118, 124.49162357671061]}, "datetime": {"datetime": "2025-08-21 02:49:09", "elapsed": 53803.83295726776, "delta": 49.168944358825684}, "costs": {"total_cost": 1462.3425829567493, "time_cost": 150, "final_distance_cost": 76.08976832815928, "oscillation_cost": 358.7531832225331, "completition_cost": 777.7777777777778, "overshoot_cost": 64.60775396455702, "power_cost": 20.11190294189453, "noise_cost": 15.00219672182752, "n_waypoints_completed": 2, "tot_waypoints": 9}}
{"target": -406.3128479380259, "params": {"k_pid_pos": [1.5915406590495729, 0.14049429352651016, 0.12111553447458301], "k_pid_alt": [1.0434568734263605, 0.5282739483254608, 0.5538709120119488], "k_pid_att": [55.849020923749606, 7.795601761441228, 0.6911299640864632], "k_pid_yaw": [0.5, 1e-06, 0.1], "k_pid_hsp": [8.572156250451348, 0.42461743372584737, 0.14998467892587286], "k_pid_vsp": [58.81173045773204, 186.15444237793787, 94.15902980894658]}, "datetime": {"datetime": "2025-08-21 02:49:59", "elapsed": 53853.54158616066, "delta": 49.70862889289856}, "costs": {"total_cost": 406.3128479380259, "time_cost": 93.584, "final_distance_cost": 1.7612925282285232, "oscillation_cost": 216.62908541904682, "completition_cost": 0.0, "overshoot_cost": 56.46461865510959, "power_cost": 21.312465185546877, "noise_cost": 16.5613861500941, "n_waypoints_completed": 9, "tot_waypoints": 9}}
{"target": -1276.5496809938256, "params": {"k_pid_pos": [0.8685101926920835, 0.9336292180369452, 0.027569058789704615], "k_pid_alt": [0.21249310624464912, 0.8606167066908649, 0.4147239190636982], "k_pid_att": [45.00320728811473, 8.623279123750505, 0.2876205779318082], "k_pid_yaw": [0.5, 1e-06, 0.1], "k_pid_hsp": [1.0621998066195397, 0.46043783994040843, 0.22181353275174587], "k_pid_vsp": [106.56046078517743, 143.8103878454049, 22.059003141313205]}, "datetime": {"datetime": "2025-08-21 02:50:43", "elapsed": 53897.838431835175, "delta": 44.29684567451477}, "costs": {"total_cost": 1276.5496809938256, "time_cost": 150, "final_distance_cost": 74.43063893169318, "oscillation_cost": 78.37148046123704, "completition_cost": 888.8888888888888, "overshoot_cost": 47.49947332104515, "power_cost": 21.45485574951172, "noise_cost": 15.904343641449708, "n_waypoints_completed": 1, "tot_waypoints": 9}}
