{"target": -1067.4939763799996, "params": {"k_pid_pos": [0.3772808333989334, 0.9760245783993194, 0.29367831933031074], "k_pid_alt": [1.2872859189813592, 0.3759683152735769, 0.4993481822760364], "k_pid_att": [73.2697314351946, 4.013244523315093, 0.800704292344519], "k_pid_yaw": [0.5, 1e-06, 0.1], "k_pid_hsp": [1.36412197942071, 0.865960783282007, 0.11932877189230984], "k_pid_vsp": [195.03301370098845, 330.22159680917986, 297.4172596133827]}, "datetime": {"datetime": "2025-08-20 12:45:45", "elapsed": 3199.675112724304, "delta": 21.724995374679565}, "costs": {"total_cost": 1067.4939763799996, "time_cost": 150, "final_distance_cost": 49.66347075450383, "oscillation_cost": 98.01715400554421, "completition_cost": 666.6666666666667, "overshoot_cost": 63.235644217530115, "power_cost": 22.80029102783203, "noise_cost": 17.110749707922565, "n_waypoints_completed": 3, "tot_waypoints": 9}}
{"target": -1142.620117137612, "params": {"k_pid_pos": [0.8570454537931514, 0.9157645764927754, 0.2694966038610416], "k_pid_alt": [0.9300318307789459, 0.04647556843697498, 0.6715747509206395], "k_pid_att": [10.671783733155193, 5.527890446018916, 0.9481728913558541], "k_pid_yaw": [0.5, 1e-06, 0.1], "k_pid_hsp": [0.5362610505986526, 0.39524174251255706, 0.6511474845784503], "k_pid_vsp": [240.86499130903695, 224.34677748278267, 371.99789144954406]}, "datetime": {"datetime": "2025-08-20 12:46:06", "elapsed": 3221.473672389984, "delta": 21.79855966567993}, "costs": {"total_cost": 1142.620117137612, "time_cost": 150, "final_distance_cost": 65.30487842642383, "oscillation_cost": 132.78775898029946, "completition_cost": 666.6666666666667, "overshoot_cost": 87.75005638279151, "power_cost": 21.951553552246097, "noise_cost": 18.15920312918422, "n_waypoints_completed": 3, "tot_waypoints": 9}}
{"target": -1386.545433628125, "params": {"k_pid_pos": [0.04444774764619777, 0.45239133642904483, 0.32238629445137923], "k_pid_alt": [1.1599399780017878, 0.007619852201596111, 0.6195935312006053], "k_pid_att": [83.42664063560467, 6.146632986957176, 0.44465214674518416], "k_pid_yaw": [0.5, 1e-06, 0.1], "k_pid_hsp": [6.841476851795385, 0.7898332570563248, 0.5909448533300896], "k_pid_vsp": [126.96966790397721, 95.66314475027866, 293.2696720984107]}, "datetime": {"datetime": "2025-08-20 12:46:28", "elapsed": 3243.0259680747986, "delta": 21.552295684814453}, "costs": {"total_cost": 1386.545433628125, "time_cost": 150, "final_distance_cost": 92.65440113671204, "oscillation_cost": 280.4963331218602, "completition_cost": 777.7777777777778, "overshoot_cost": 45.62385477183994, "power_cost": 22.40650155029297, "noise_cost": 17.58656526964214, "n_waypoints_completed": 2, "tot_waypoints": 9}}
{"target": -1373.6689536456013, "params": {"k_pid_pos": [0.10784076981390098, 0.6113590703820851, 0.4080017654040441], "k_pid_alt": [0.9451902483717871, 0.8152908801269546, 0.915850348505812], "k_pid_att": [89.32442418595349, 1.1606510845522848, 0.5987771281579198], "k_pid_yaw": [0.5, 1e-06, 0.1], "k_pid_hsp": [2.614842432520191, 0.9276087214159892, 0.2207682546990296], "k_pid_vsp": [246.22674226580835, 344.8678253535379, 286.31255700787455]}, "datetime": {"datetime": "2025-08-20 12:46:50", "elapsed": 3264.6345648765564, "delta": 21.608596801757812}, "costs": {"total_cost": 1373.6689536456013, "time_cost": 150, "final_distance_cost": 63.72755929541793, "oscillation_cost": 201.78526428491276, "completition_cost": 888.8888888888888, "overshoot_cost": 32.7553232467228, "power_cost": 20.801351208496094, "noise_cost": 15.71056672116292, "n_waypoints_completed": 1, "tot_waypoints": 9}}
{"target": -817.7911892882346, "params": {"k_pid_pos": [1.1183201399085116, 0.312893725425093, 0.2615522010878236], "k_pid_alt": [1.4916786333260728, 0.8732979804306099, 0.5682153292414148], "k_pid_att": [52.5053457147143, 7.8731740824452725, 0.4472466364484122], "k_pid_yaw": [0.5, 1e-06, 0.1], "k_pid_hsp": [5.996542603858085, 0.16469676909737796, 0.25200112410576914], "k_pid_vsp": [202.44859118825417, 247.65459376878889, 228.245806270667]}, "datetime": {"datetime": "2025-08-20 12:47:12", "elapsed": 3286.9300532341003, "delta": 22.295488357543945}, "costs": {"total_cost": 817.7911892882346, "time_cost": 150, "final_distance_cost": 68.25439015269438, "oscillation_cost": 288.5663953504666, "completition_cost": 222.2222222222222, "overshoot_cost": 54.545439776653986, "power_cost": 19.52641112060547, "noise_cost": 14.676330665592019, "n_waypoints_completed": 7, "tot_waypoints": 9}}
{"target": -1103.296771629162, "params": {"k_pid_pos": [0.3620007147634651, 0.8296599256546581, 0.9285016013971727], "k_pid_alt": [0.8204613458599939, 0.03974704920848893, 0.9683128906384901], "k_pid_att": [87.47601110919122, 3.1925621887313165, 0.44627971070551786], "k_pid_yaw": [0.5, 1e-06, 0.1], "k_pid_hsp": [6.105566622746803, 0.5386167741263473, 0.6964714930876582], "k_pid_vsp": [166.56659202612101, 34.35343582271962, 30.731857725700724]}, "datetime": {"datetime": "2025-08-20 12:47:33", "elapsed": 3308.360538482666, "delta": 21.430485248565674}, "costs": {"total_cost": 1103.296771629162, "time_cost": 150, "final_distance_cost": 45.182370087347266, "oscillation_cost": 268.99832457976703, "completition_cost": 555.5555555555555, "overshoot_cost": 46.8857590650113, "power_cost": 20.696736926269534, "noise_cost": 15.9780254152115, "n_waypoints_completed": 4, "tot_waypoints": 9}}
{"target": -1447.0597550758482, "params": {"k_pid_pos": [0.5490600291439798, 0.3219027540975483, 0.6988990223125265], "k_pid_alt": [1.0003855456801771, 0.8377580326116508, 0.40826610561022014], "k_pid_att": [51.78469100983028, 9.067443694515685, 0.4577576825909986], "k_pid_yaw": [0.5, 1e-06, 0.1], "k_pid_hsp": [4.485188890533393, 0.9185728655719323, 0.6141266864811621], "k_pid_vsp": [70.92708421767031, 135.41531822502864, 301.6760679312657]}, "datetime": {"datetime": "2025-08-20 12:47:55", "elapsed": 3330.3933131694794, "delta": 22.032774686813354}, "costs": {"total_cost": 1447.0597550758482, "time_cost": 150, "final_distance_cost": 87.20851570351401, "oscillation_cost": 342.2939436731147, "completition_cost": 777.7777777777778, "overshoot_cost": 48.93846742712292, "power_cost": 22.709600219726564, "noise_cost": 18.131450274591916, "n_waypoints_completed": 2, "tot_waypoints": 9}}
{"target": -833.8185931657106, "params": {"k_pid_pos": [0.5020565709380127, 0.8860734643435931, 0.21434964095774034], "k_pid_alt": [1.0274238652232528, 0.25515909223801136, 0.7025537832208437], "k_pid_att": [44.83043637025021, 6.127527889081302, 0.625950170844038], "k_pid_yaw": [0.5, 1e-06, 0.1], "k_pid_hsp": [7.192278868449331, 0.3112013791845494, 0.23981131230000485], "k_pid_vsp": [187.02801306707437, 299.4310432103104, 148.47281923932238]}, "datetime": {"datetime": "2025-08-20 12:48:20", "elapsed": 3354.7932076454163, "delta": 24.39989447593689}, "costs": {"total_cost": 833.8185931657106, "time_cost": 150, "final_distance_cost": 73.78711957149419, "oscillation_cost": 196.16125325600132, "completition_cost": 333.33333333333337, "overshoot_cost": 45.41951862490798, "power_cost": 19.91339229736328, "noise_cost": 15.203976082610437, "n_waypoints_completed": 6, "tot_waypoints": 9}}
{"target": -1124.2942319471435, "params": {"k_pid_pos": [0.3688165040244374, 0.0004086230162310134, 0.866137577522523], "k_pid_alt": [1.368856103618637, 0.5279603293467823, 0.5231212895764422], "k_pid_att": [89.92836975299228, 1.577414302133447, 0.403067838234748], "k_pid_yaw": [0.5, 1e-06, 0.1], "k_pid_hsp": [4.44158120871246, 0.22524578059009126, 0.18170151219121766], "k_pid_vsp": [351.80773108607656, 39.5059497876629, 108.74646415917286]}, "datetime": {"datetime": "2025-08-20 12:48:44", "elapsed": 3379.5096786022186, "delta": 24.716470956802368}, "costs": {"total_cost": 1124.2942319471435, "time_cost": 150, "final_distance_cost": 50.21714402611254, "oscillation_cost": 396.07749484496634, "completition_cost": 444.4444444444444, "overshoot_cost": 47.22007696077614, "power_cost": 20.39495040283203, "noise_cost": 15.940121268011932, "n_waypoints_completed": 5, "tot_waypoints": 9}}
{"target": -934.8463288518403, "params": {"k_pid_pos": [1.4079214988965043, 0.4584854998102941, 0.498512253480734], "k_pid_alt": [1.4057190638535226, 0.1449452055224576, 0.48355670098541215], "k_pid_att": [32.69861700539789, 1.0911038083263105, 0.09670850966167432], "k_pid_yaw": [0.5, 1e-06, 0.1], "k_pid_hsp": [6.410311621244207, 0.5770188015459085, 0.8428729146391251], "k_pid_vsp": [174.00853652394423, 264.7089495718397, 348.7513338806712]}, "datetime": {"datetime": "2025-08-20 12:49:07", "elapsed": 3402.1268236637115, "delta": 22.61714506149292}, "costs": {"total_cost": 934.8463288518403, "time_cost": 150, "final_distance_cost": 64.3750984097687, "oscillation_cost": 279.451030802755, "completition_cost": 333.33333333333337, "overshoot_cost": 69.34257618291386, "power_cost": 20.435774768066405, "noise_cost": 17.90851535500305, "n_waypoints_completed": 6, "tot_waypoints": 9}}
{"target": -386.1175768571257, "params": {"k_pid_pos": [1.0398253742576091, 0.22836591415525243, 0.48172012097284767], "k_pid_alt": [1.8783471003336738, 0.022558513079758202, 0.9605900263989863], "k_pid_att": [35.16901391014363, 6.17999901927379, 0.06248410873088328], "k_pid_yaw": [0.5, 1e-06, 0.1], "k_pid_hsp": [6.390045858564142, 0.68190180486214, 0.7055545649211322], "k_pid_vsp": [185.78158598363305, 200.5847005335516, 100.81807445072194]}, "datetime": {"datetime": "2025-08-20 12:49:24", "elapsed": 3418.811174631119, "delta": 16.684350967407227}, "costs": {"total_cost": 386.1175768571257, "time_cost": 77.536, "final_distance_cost": 1.7686287741145972, "oscillation_cost": 225.72343985515562, "completition_cost": 0.0, "overshoot_cost": 51.353570433951546, "power_cost": 16.417598962402344, "noise_cost": 13.318338831501599, "n_waypoints_completed": 9, "tot_waypoints": 9}}
{"target": -1392.2272114098982, "params": {"k_pid_pos": [1.127939138926489, 0.8983781761705029, 0.6037676240397566], "k_pid_alt": [1.955102306337898, 0.36902707906359644, 0.3758666427886904], "k_pid_att": [91.11349676196626, 4.535234055422521, 0.6640281108325998], "k_pid_yaw": [0.5, 1e-06, 0.1], "k_pid_hsp": [9.944557341504973, 0.40363060941477424, 0.7267960244130832], "k_pid_vsp": [3.1669614015232828, 114.37464033101296, 137.56961615852538]}, "datetime": {"datetime": "2025-08-20 12:49:45", "elapsed": 3440.3964700698853, "delta": 21.58529543876648}, "costs": {"total_cost": 1392.2272114098982, "time_cost": 150, "final_distance_cost": 113.83807034552026, "oscillation_cost": 277.21278496050365, "completition_cost": 666.6666666666667, "overshoot_cost": 143.50782979724067, "power_cost": 22.418601708984376, "noise_cost": 18.583257930982676, "n_waypoints_completed": 3, "tot_waypoints": 9}}
{"target": -1310.3412773648806, "params": {"k_pid_pos": [0.35592510395049676, 0.2445195997026276, 0.6173670781321376], "k_pid_alt": [0.5744471114028722, 0.646801689630484, 0.42122489179725153], "k_pid_att": [85.07393332219173, 6.705185144468686, 0.37103876845822503], "k_pid_yaw": [0.5, 1e-06, 0.1], "k_pid_hsp": [6.045354635843208, 0.6113555020282664, 0.7947810446696325], "k_pid_vsp": [323.6354752655594, 151.96078557055793, 75.92443801129598]}, "datetime": {"datetime": "2025-08-20 12:50:07", "elapsed": 3462.330322742462, "delta": 21.933852672576904}, "costs": {"total_cost": 1310.3412773648806, "time_cost": 150, "final_distance_cost": 51.24081429692714, "oscillation_cost": 362.7772586437218, "completition_cost": 666.6666666666667, "overshoot_cost": 40.061516964013244, "power_cost": 21.761831481933594, "noise_cost": 17.833189311618096, "n_waypoints_completed": 3, "tot_waypoints": 9}}
{"target": -684.5672555760083, "params": {"k_pid_pos": [1.262917483872848, 0.33561234698603426, 0.007847260065625083], "k_pid_alt": [0.781676064936228, 0.7952005863278725, 0.3622130403252164], "k_pid_att": [4.243126351926085, 3.899925987237706, 0.864394155790567], "k_pid_yaw": [0.5, 1e-06, 0.1], "k_pid_hsp": [5.198567698613898, 0.6250677873738734, 0.5361511311652313], "k_pid_vsp": [310.59191792241666, 389.7706254742667, 244.376411189876]}, "datetime": {"datetime": "2025-08-20 12:50:29", "elapsed": 3484.080944776535, "delta": 21.750622034072876}, "costs": {"total_cost": 684.5672555760083, "time_cost": 150, "final_distance_cost": 74.39780297120815, "oscillation_cost": 142.11661759686632, "completition_cost": 222.2222222222222, "overshoot_cost": 57.77964071116918, "power_cost": 22.196782287597657, "noise_cost": 15.854189786944852, "n_waypoints_completed": 7, "tot_waypoints": 9}}
{"target": -1656.474913925265, "params": {"k_pid_pos": [1.9484323356815698, 0.36414122748223277, 0.4984382805753096], "k_pid_alt": [0.11980096068967905, 0.2751318915851403, 0.5852014062950679], "k_pid_att": [6.389226762013756, 5.721708856945849, 0.5305863655791528], "k_pid_yaw": [0.5, 1e-06, 0.1], "k_pid_hsp": [5.434648764929079, 0.260460925784775, 0.2631806327756414], "k_pid_vsp": [133.33732481641434, 97.64314345186186, 232.62178279072646]}, "datetime": {"datetime": "2025-08-20 12:50:51", "elapsed": 3505.8971033096313, "delta": 21.816158533096313}, "costs": {"total_cost": 1656.474913925265, "time_cost": 150, "final_distance_cost": 3.525981792782602, "oscillation_cost": 321.1134451852647, "completition_cost": 1000.0, "overshoot_cost": 123.84539178105882, "power_cost": 20.649430505371093, "noise_cost": 37.340664660787624, "n_waypoints_completed": 0, "tot_waypoints": 9}}
{"target": -622.1623954356123, "params": {"k_pid_pos": [1.1047406769379617, 0.5643234191735822, 0.48349532914658977], "k_pid_alt": [1.7972569744989426, 0.13501148690583975, 0.23117602246459668], "k_pid_att": [30.0081459599739, 9.662534648748728, 0.08725633926590082], "k_pid_yaw": [0.5, 1e-06, 0.1], "k_pid_hsp": [6.869641399700831, 0.7205495706012303, 0.4984154137998442], "k_pid_vsp": [278.4793417330293, 252.6096085682666, 7.747890891504726]}, "datetime": {"datetime": "2025-08-20 12:51:13", "elapsed": 3527.9987604618073, "delta": 22.101657152175903}, "costs": {"total_cost": 622.1623954356123, "time_cost": 150, "final_distance_cost": 21.998775715352707, "oscillation_cost": 250.194870757085, "completition_cost": 111.11111111111116, "overshoot_cost": 52.74397063670175, "power_cost": 20.012821130371094, "noise_cost": 16.10084608499063, "n_waypoints_completed": 8, "tot_waypoints": 9}}
{"target": -993.2055809377769, "params": {"k_pid_pos": [0.5796649947240051, 0.9692717419279558, 0.9215763863076563], "k_pid_alt": [1.4189836134933909, 0.83306839896004, 0.71074879325016], "k_pid_att": [24.731607965585123, 8.025159076607704, 0.07150183321818449], "k_pid_yaw": [0.5, 1e-06, 0.1], "k_pid_hsp": [8.324675244873877, 0.7066991210353638, 0.7519690677421564], "k_pid_vsp": [332.99529329010267, 306.9154498578315, 35.915165922812164]}, "datetime": {"datetime": "2025-08-20 12:51:35", "elapsed": 3549.682914495468, "delta": 21.68415403366089}, "costs": {"total_cost": 993.2055809377769, "time_cost": 150, "final_distance_cost": 50.30675269011595, "oscillation_cost": 270.4339231176352, "completition_cost": 444.4444444444444, "overshoot_cost": 41.35781861582441, "power_cost": 20.45480174560547, "noise_cost": 16.207840324151523, "n_waypoints_completed": 5, "tot_waypoints": 9}}
{"target": -787.6014295674339, "params": {"k_pid_pos": [0.5850231957954937, 0.8830625472490613, 0.18322350237342055], "k_pid_alt": [0.17633663913577324, 0.0856858912489501, 0.8473135213048564], "k_pid_att": [68.81407630799225, 1.9913836503649542, 0.976326967354872], "k_pid_yaw": [0.5, 1e-06, 0.1], "k_pid_hsp": [3.4080006080244756, 0.13992789081992874, 0.03669876303563824], "k_pid_vsp": [165.6412707785458, 340.6185737210869, 182.89386333768567]}, "datetime": {"datetime": "2025-08-20 12:51:57", "elapsed": 3571.5622115135193, "delta": 21.879297018051147}, "costs": {"total_cost": 787.6014295674339, "time_cost": 150, "final_distance_cost": 51.54793210950784, "oscillation_cost": 59.55490035235766, "completition_cost": 444.4444444444444, "overshoot_cost": 45.220631557372236, "power_cost": 21.19643863525391, "noise_cost": 15.637082468497837, "n_waypoints_completed": 5, "tot_waypoints": 9}}
{"target": -1444.3569173945784, "params": {"k_pid_pos": [0.9434713258787859, 0.842796624200084, 0.153701700305788], "k_pid_alt": [0.8092924660877399, 0.4220880309439201, 0.44218325133391245], "k_pid_att": [61.65384718385292, 8.020410624840906, 0.8092862330820939], "k_pid_yaw": [0.5, 1e-06, 0.1], "k_pid_hsp": [1.5911802694699426, 0.9498328078772432, 0.46890841317598075], "k_pid_vsp": [109.19429216492182, 5.913580305752851, 213.24566465156695]}, "datetime": {"datetime": "2025-08-20 12:52:18", "elapsed": 3593.4576761722565, "delta": 21.895464658737183}, "costs": {"total_cost": 1444.3569173945784, "time_cost": 150, "final_distance_cost": 1.134925137099247, "oscillation_cost": 63.7943311079708, "completition_cost": 1000.0, "overshoot_cost": 138.47768037632105, "power_cost": 21.741779003906252, "noise_cost": 69.20820176928093, "n_waypoints_completed": 0, "tot_waypoints": 9}}
{"target": -1456.899142785779, "params": {"k_pid_pos": [0.7976548034411928, 0.17520400610284925, 0.5042878339893114], "k_pid_alt": [0.10556760242472452, 0.24836452757175098, 0.704717540959592], "k_pid_att": [39.86729506158518, 6.251572810761316, 0.35291990820238983], "k_pid_yaw": [0.5, 1e-06, 0.1], "k_pid_hsp": [3.506510561422514, 0.6189426506120389, 0.9348872907827093], "k_pid_vsp": [130.75190199004047, 254.72360563848784, 273.46559068878673]}, "datetime": {"datetime": "2025-08-20 12:52:41", "elapsed": 3615.680983543396, "delta": 22.223307371139526}, "costs": {"total_cost": 1456.899142785779, "time_cost": 150, "final_distance_cost": 66.98605169277243, "oscillation_cost": 378.7472480247543, "completition_cost": 777.7777777777778, "overshoot_cost": 45.222813018125755, "power_cost": 21.154959814453125, "noise_cost": 17.01029245789558, "n_waypoints_completed": 2, "tot_waypoints": 9}}
{"target": -1284.053406145256, "params": {"k_pid_pos": [1.3381122191247354, 0.48862643442677134, 0.04329378546227003], "k_pid_alt": [0.4347544915347197, 0.09398818020603517, 0.8151520620355596], "k_pid_att": [23.6170543506678, 0.1604758433913032, 0.3012956845464858], "k_pid_yaw": [0.5, 1e-06, 0.1], "k_pid_hsp": [3.1963679417217206, 0.5231865209287276, 0.7920934757050078], "k_pid_vsp": [299.21381991678044, 56.32583835195236, 366.8739023710964]}, "datetime": {"datetime": "2025-08-20 12:53:03", "elapsed": 3637.5795912742615, "delta": 21.89860773086548}, "costs": {"total_cost": 1284.053406145256, "time_cost": 150, "final_distance_cost": 78.65566567191621, "oscillation_cost": 268.7492263960135, "completition_cost": 666.6666666666667, "overshoot_cost": 78.34611564865253, "power_cost": 22.016883068847658, "noise_cost": 19.618848693159443, "n_waypoints_completed": 3, "tot_waypoints": 9}}
{"target": -1013.7961039827713, "params": {"k_pid_pos": [0.5003711934265079, 0.1705764943032032, 0.2909314766094069], "k_pid_alt": [1.1184575723721892, 0.6450608433737974, 0.5013153936150361], "k_pid_att": [89.41633008665617, 6.367140015900886, 0.06277373178973522], "k_pid_yaw": [0.5, 1e-06, 0.1], "k_pid_hsp": [9.9671420904179, 0.8831447011970354, 0.26273285846435945], "k_pid_vsp": [7.172328854353616, 307.78420503628894, 132.65972695742335]}, "datetime": {"datetime": "2025-08-20 12:53:24", "elapsed": 3659.2259595394135, "delta": 21.646368265151978}, "costs": {"total_cost": 1013.7961039827713, "time_cost": 150, "final_distance_cost": 78.28618907948733, "oscillation_cost": 360.06063651131245, "completition_cost": 333.33333333333337, "overshoot_cost": 50.80435991523408, "power_cost": 22.730753869628906, "noise_cost": 18.580831273775342, "n_waypoints_completed": 6, "tot_waypoints": 9}}
{"target": -1534.4127687864834, "params": {"k_pid_pos": [0.1238187611104043, 0.7726235944289649, 0.3391854346596995], "k_pid_alt": [0.3625600858532301, 0.9353451469180631, 0.7507371270055111], "k_pid_att": [16.860489426961443, 6.0656084451433685, 0.40212109984710487], "k_pid_yaw": [0.5, 1e-06, 0.1], "k_pid_hsp": [1.0528101229304843, 0.18698123335941896, 0.42952733062288273], "k_pid_vsp": [271.32520571125485, 112.44908721345232, 386.67912300669866]}, "datetime": {"datetime": "2025-08-20 12:53:46", "elapsed": 3680.9895634651184, "delta": 21.763603925704956}, "costs": {"total_cost": 1534.4127687864834, "time_cost": 150, "final_distance_cost": 25.63055233595786, "oscillation_cost": 204.37030220600357, "completition_cost": 1000.0, "overshoot_cost": 110.5111829728055, "power_cost": 22.663984716796875, "noise_cost": 21.236746554919545, "n_waypoints_completed": 0, "tot_waypoints": 9}}
{"target": -1134.4626495877064, "params": {"k_pid_pos": [1.2417374024912147, 0.4360032216391002, 0.37170010603821546], "k_pid_alt": [0.026431889744081172, 0.1989101724743706, 0.9201836762682553], "k_pid_att": [37.725195862641655, 3.007317523713207, 0.18082369621274785], "k_pid_yaw": [0.5, 1e-06, 0.1], "k_pid_hsp": [5.30578010692037, 0.6217594400772145, 0.5630087797488342], "k_pid_vsp": [26.205487667003347, 389.9422041992123, 227.72625952993855]}, "datetime": {"datetime": "2025-08-20 12:54:08", "elapsed": 3702.904958963394, "delta": 21.915395498275757}, "costs": {"total_cost": 1134.4626495877064, "time_cost": 150, "final_distance_cost": 42.172537314544364, "oscillation_cost": 290.85547772699897, "completition_cost": 555.5555555555555, "overshoot_cost": 55.05582434911381, "power_cost": 21.74894578857422, "noise_cost": 19.074308852919266, "n_waypoints_completed": 4, "tot_waypoints": 9}}
