{"target": -381.67735760425876, "params": {"k_pid_pos": [1.3684419402835717, 0.7050960073312901, 0.8976586164268369], "k_pid_alt": [0.8343173326296236, 0.48695276526671993, 0.2524335448455316], "k_pid_att": [51.40013280847333, 1.9364132984686224, 0.062003810365053535], "k_pid_yaw": [0.5, 1e-06, 0.1], "k_pid_hsp": [1.6836332582794882, 0.8982632950502495, 0.18606512845433876], "k_pid_vsp": [150.61290088069788, 282.40738744903234, 163.53142706499568]}, "datetime": {"datetime": "2025-08-20 18:25:40", "elapsed": 23595.36686205864, "delta": 24.2090802192688}, "costs": {"total_cost": 381.67735760425876, "time_cost": 93.736, "final_distance_cost": 1.6947728705201335, "oscillation_cost": 193.4006904698853, "completition_cost": 0.0, "overshoot_cost": 55.68583790798169, "power_cost": 21.37518953857422, "noise_cost": 15.784866817297406, "n_waypoints_completed": 9, "tot_waypoints": 9}}
{"target": -714.4478549943077, "params": {"k_pid_pos": [1.235002722132017, 0.31174717088375226, 0.01030851038488012], "k_pid_alt": [1.2420656527882559, 0.6471337032144655, 0.05805101843105753], "k_pid_att": [27.00866571396069, 6.433851513638379, 0.6972864416523971], "k_pid_yaw": [0.5, 1e-06, 0.1], "k_pid_hsp": [9.601871465316455, 0.7040520077674952, 0.15195534451111914], "k_pid_vsp": [100.45021961721376, 51.26000083769913, 88.04555517047197]}, "datetime": {"datetime": "2025-08-20 18:26:12", "elapsed": 23626.89138841629, "delta": 31.524526357650757}, "costs": {"total_cost": 714.4478549943077, "time_cost": 150, "final_distance_cost": 75.92642834908783, "oscillation_cost": 177.24799459975804, "completition_cost": 222.2222222222222, "overshoot_cost": 55.16652814761124, "power_cost": 18.58820147705078, "noise_cost": 15.296480198577694, "n_waypoints_completed": 7, "tot_waypoints": 9}}
{"target": -1472.9627088190848, "params": {"k_pid_pos": [0.6955478351053084, 0.8342941589170614, 0.381776668143905], "k_pid_alt": [1.3341676251564152, 0.8180412538239965, 0.9523092321214397], "k_pid_att": [76.83028600006242, 0.3280539015280828, 0.8816067552775299], "k_pid_yaw": [0.5, 1e-06, 0.1], "k_pid_hsp": [4.833570268039774, 0.3092895274802683, 0.8701178630861823], "k_pid_vsp": [20.10779666389233, 232.95084248793032, 261.72379617874685]}, "datetime": {"datetime": "2025-08-20 18:26:38", "elapsed": 23652.789211511612, "delta": 25.897823095321655}, "costs": {"total_cost": 1472.9627088190848, "time_cost": 150, "final_distance_cost": 9.283529096358492, "oscillation_cost": 94.44067978470537, "completition_cost": 1000.0, "overshoot_cost": 135.11446992957656, "power_cost": 23.629971520996094, "noise_cost": 60.49405848744828, "n_waypoints_completed": 0, "tot_waypoints": 9}}
{"target": -447.0641634779181, "params": {"k_pid_pos": [1.5433307328628318, 0.03542981708398596, 0.6667961675708091], "k_pid_alt": [0.639480937195267, 0.5805807995492954, 0.6820331314051027], "k_pid_att": [61.117990703239165, 2.826145204847725, 0.1451208829601226], "k_pid_yaw": [0.5, 1e-06, 0.1], "k_pid_hsp": [0.9545008421079737, 0.05367563110838247, 0.0863898563177582], "k_pid_vsp": [325.1615986629441, 394.0716256344521, 261.2620028163892]}, "datetime": {"datetime": "2025-08-20 18:27:03", "elapsed": 23678.156347751617, "delta": 25.367136240005493}, "costs": {"total_cost": 447.0641634779181, "time_cost": 97.52, "final_distance_cost": 1.7501471951506389, "oscillation_cost": 250.01083316379933, "completition_cost": 0.0, "overshoot_cost": 61.443875920041684, "power_cost": 20.675352868652343, "noise_cost": 15.663954330274152, "n_waypoints_completed": 9, "tot_waypoints": 9}}
{"target": -372.84183099532174, "params": {"k_pid_pos": [1.1088839598650786, 0.6578640546374184, 0.5145163106180678], "k_pid_alt": [0.8546913207553477, 0.5114188025283157, 0.033355100553315364], "k_pid_att": [33.1600664171953, 3.4610996861479446, 0.7666246345142985], "k_pid_yaw": [0.5, 1e-06, 0.1], "k_pid_hsp": [4.797617610167654, 0.9385445092797164, 0.42143450349500855], "k_pid_vsp": [69.30334316708269, 344.1868441681523, 60.56572385163381]}, "datetime": {"datetime": "2025-08-20 18:27:32", "elapsed": 23706.61301779747, "delta": 28.45667004585266}, "costs": {"total_cost": 372.84183099532174, "time_cost": 98.56, "final_distance_cost": 1.7258660722673371, "oscillation_cost": 182.47028656032094, "completition_cost": 0.0, "overshoot_cost": 52.999404769916794, "power_cost": 21.304513146972656, "noise_cost": 15.781760445844014, "n_waypoints_completed": 9, "tot_waypoints": 9}}
{"target": -1237.949658628643, "params": {"k_pid_pos": [1.5659124964913085, 0.1580598108732283, 0.6436574084805782], "k_pid_alt": [0.30198481775934116, 0.9451751249653366, 0.5535131775194534], "k_pid_att": [9.81122247593098, 7.52073685752174, 0.5038797144423229], "k_pid_yaw": [0.5, 1e-06, 0.1], "k_pid_hsp": [0.22376125363501256, 0.1779900864962335, 0.46993097766470393], "k_pid_vsp": [245.66723819805523, 95.72729273689612, 229.28464326999617]}, "datetime": {"datetime": "2025-08-20 18:27:57", "elapsed": 23732.472420215607, "delta": 25.859402418136597}, "costs": {"total_cost": 1237.949658628643, "time_cost": 150, "final_distance_cost": 66.4520521401263, "oscillation_cost": 245.87022987084342, "completition_cost": 666.6666666666667, "overshoot_cost": 77.2996697429814, "power_cost": 17.881814416503907, "noise_cost": 13.779225791521148, "n_waypoints_completed": 3, "tot_waypoints": 9}}
{"target": -382.68955932540456, "params": {"k_pid_pos": [1.9342105219818981, 0.29910835577300054, 0.6967579362081098], "k_pid_alt": [1.4783859045466012, 0.06168154219489119, 0.24599190327857967], "k_pid_att": [72.28074333063381, 0.612536051357502, 0.18684484185997163], "k_pid_yaw": [0.5, 1e-06, 0.1], "k_pid_hsp": [4.843674149231442, 0.9718128355952592, 0.8367407870995136], "k_pid_vsp": [358.2832620387362, 151.9614087057824, 46.74227718036987]}, "datetime": {"datetime": "2025-08-20 18:28:27", "elapsed": 23761.66553068161, "delta": 29.193110466003418}, "costs": {"total_cost": 382.68955932540456, "time_cost": 99.568, "final_distance_cost": 1.771482617834008, "oscillation_cost": 191.04604977345633, "completition_cost": 0.0, "overshoot_cost": 52.96730604372623, "power_cost": 20.96916975097656, "noise_cost": 16.367551139411457, "n_waypoints_completed": 9, "tot_waypoints": 9}}
{"target": -1554.8720935031658, "params": {"k_pid_pos": [1.3993073969630296, 0.7774984837426243, 0.8134147781869587], "k_pid_alt": [0.8620844073753695, 0.5596396095792493, 0.06038469961967674], "k_pid_att": [2.5665866787903835, 9.96742658638999, 0.39207651704336255], "k_pid_yaw": [0.5, 1e-06, 0.1], "k_pid_hsp": [2.3209623535345143, 0.07439913202095116, 0.6654274943902759], "k_pid_vsp": [358.2364532562436, 242.57057168997878, 105.57674040872693]}, "datetime": {"datetime": "2025-08-20 18:28:52", "elapsed": 23787.32318687439, "delta": 25.65765619277954}, "costs": {"total_cost": 1554.8720935031658, "time_cost": 150, "final_distance_cost": 92.20415813856484, "oscillation_cost": 382.2822825385788, "completition_cost": 777.7777777777778, "overshoot_cost": 110.39927130161256, "power_cost": 25.058169848632815, "noise_cost": 17.150433897999132, "n_waypoints_completed": 2, "tot_waypoints": 9}}
{"target": -1442.8974056356565, "params": {"k_pid_pos": [1.3483308500944056, 0.8833374302267398, 0.32779642841790735], "k_pid_alt": [1.3296727510469235, 0.01490803769634197, 0.2542878857496652], "k_pid_att": [6.806561295543134, 1.1333577819404335, 0.36028795009305825], "k_pid_yaw": [0.5, 1e-06, 0.1], "k_pid_hsp": [3.1678080879864865, 0.8675121533087499, 0.09725028264682034], "k_pid_vsp": [62.07722252659678, 90.78832697117812, 145.51454780727786]}, "datetime": {"datetime": "2025-08-20 18:29:18", "elapsed": 23813.3379175663, "delta": 26.01473069190979}, "costs": {"total_cost": 1442.8974056356565, "time_cost": 150, "final_distance_cost": 12.147459378366177, "oscillation_cost": 61.63686370677117, "completition_cost": 1000.0, "overshoot_cost": 137.7769910668795, "power_cost": 18.87810886230469, "noise_cost": 62.45798262133477, "n_waypoints_completed": 0, "tot_waypoints": 9}}
{"target": -571.8678712651176, "params": {"k_pid_pos": [1.7728695037610747, 0.8101612643613918, 0.20678432025475468], "k_pid_alt": [1.3729109798124917, 0.37171277338664765, 0.4723309996930778], "k_pid_att": [50.74473309155797, 7.954005942291958, 0.44679807654351567], "k_pid_yaw": [0.5, 1e-06, 0.1], "k_pid_hsp": [2.8690816263408663, 0.45568490997813826, 0.12477301143816111], "k_pid_vsp": [204.72457689002584, 322.90099302942883, 123.8542512513072]}, "datetime": {"datetime": "2025-08-20 18:29:44", "elapsed": 23839.07309818268, "delta": 25.735180616378784}, "costs": {"total_cost": 571.8678712651176, "time_cost": 150, "final_distance_cost": 65.03517894828325, "oscillation_cost": 156.25184510895014, "completition_cost": 111.11111111111116, "overshoot_cost": 51.58707007819071, "power_cost": 21.912354223632814, "noise_cost": 15.97031179494951, "n_waypoints_completed": 8, "tot_waypoints": 9}}
{"target": -1532.237024704147, "params": {"k_pid_pos": [0.018147912084164244, 0.44620582613836357, 0.6032452173479155], "k_pid_alt": [0.061915363349681174, 0.04634621939120376, 0.2388662361003302], "k_pid_att": [78.54802236216935, 2.517842331248948, 0.37919109009891394], "k_pid_yaw": [0.5, 1e-06, 0.1], "k_pid_hsp": [6.679822457163559, 0.733659516992658, 0.2524782312393796], "k_pid_vsp": [200.53908102747312, 356.3047248748477, 233.9005544541671]}, "datetime": {"datetime": "2025-08-20 18:30:10", "elapsed": 23864.991920232773, "delta": 25.918822050094604}, "costs": {"total_cost": 1532.237024704147, "time_cost": 150, "final_distance_cost": 64.45126117191516, "oscillation_cost": 356.38593883035537, "completition_cost": 888.8888888888888, "overshoot_cost": 36.60064272166866, "power_cost": 20.096345068359376, "noise_cost": 15.81394802295961, "n_waypoints_completed": 1, "tot_waypoints": 9}}
{"target": -813.540764188339, "params": {"k_pid_pos": [1.3971386485452346, 0.9490311124024523, 0.5596400903965728], "k_pid_alt": [1.55355103657159, 0.8905959734221036, 0.27498110933058717], "k_pid_att": [81.99550959717958, 2.6454853639847555, 0.9335249731631856], "k_pid_yaw": [0.5, 1e-06, 0.1], "k_pid_hsp": [0.5573560502748731, 0.5072576999134424, 0.4784198159072681], "k_pid_vsp": [326.5625423210602, 90.74458461688253, 40.79535655156826]}, "datetime": {"datetime": "2025-08-20 18:30:36", "elapsed": 23890.933560848236, "delta": 25.941640615463257}, "costs": {"total_cost": 813.540764188339, "time_cost": 150, "final_distance_cost": 83.0216687504272, "oscillation_cost": 146.12225926796143, "completition_cost": 333.33333333333337, "overshoot_cost": 60.873815843230844, "power_cost": 22.568192041015624, "noise_cost": 17.621494952370544, "n_waypoints_completed": 6, "tot_waypoints": 9}}
{"target": -633.9879964116041, "params": {"k_pid_pos": [0.9664078960778646, 0.4601107232523589, 0.9687319470002945], "k_pid_alt": [1.339090212470365, 0.19840732482842205, 0.9536552874889028], "k_pid_att": [26.29046760192533, 4.348276731682465, 0.34473750310680473], "k_pid_yaw": [0.5, 1e-06, 0.1], "k_pid_hsp": [3.590261420408624, 0.029835620647594152, 0.07913760040581141], "k_pid_vsp": [373.70459449106187, 46.99931950518786, 188.92989371878303]}, "datetime": {"datetime": "2025-08-20 18:31:02", "elapsed": 23917.220652103424, "delta": 26.28709125518799}, "costs": {"total_cost": 633.9879964116041, "time_cost": 150, "final_distance_cost": 9.691954327527924, "oscillation_cost": 264.61681657817877, "completition_cost": 111.11111111111116, "overshoot_cost": 57.77642640253279, "power_cost": 23.824131311035156, "noise_cost": 16.96755668121829, "n_waypoints_completed": 8, "tot_waypoints": 9}}
{"target": -985.364208017835, "params": {"k_pid_pos": [0.9189550730718464, 0.1403308271562712, 0.7080798266671816], "k_pid_alt": [0.0957141375032935, 0.2706275600594973, 0.39159754461634555], "k_pid_att": [44.82720203907042, 1.3498056702783978, 0.9501551580262498], "k_pid_yaw": [0.5, 1e-06, 0.1], "k_pid_hsp": [8.405261637797068, 0.21080700392662055, 0.8277727979486625], "k_pid_vsp": [62.43826272034192, 54.08921977100055, 113.17184018107578]}, "datetime": {"datetime": "2025-08-20 18:31:28", "elapsed": 23943.368961811066, "delta": 26.1483097076416}, "costs": {"total_cost": 985.364208017835, "time_cost": 150, "final_distance_cost": 63.38579072015406, "oscillation_cost": 340.45377821704227, "completition_cost": 333.33333333333337, "overshoot_cost": 63.65661613567737, "power_cost": 18.663252990722658, "noise_cost": 15.871436620905325, "n_waypoints_completed": 6, "tot_waypoints": 9}}
{"target": -2096.023092105997, "params": {"k_pid_pos": [0.7690700806328137, 0.010270386275738064, 0.4679353689739537], "k_pid_alt": [0.1862607327517911, 0.9705116024700514, 0.9738988313763424], "k_pid_att": [1.4671156863513168, 9.166917659000685, 0.15198928836536474], "k_pid_yaw": [0.5, 1e-06, 0.1], "k_pid_hsp": [8.041907677948894, 0.8589221117988467, 0.18201480258556113], "k_pid_vsp": [63.73444460413653, 136.1554461658176, 31.441833155931427]}, "datetime": {"datetime": "2025-08-20 18:31:54", "elapsed": 23969.16097164154, "delta": 25.792009830474854}, "costs": {"total_cost": 2096.023092105997, "time_cost": 150, "final_distance_cost": 1.3607699222580476, "oscillation_cost": 688.8701836380053, "completition_cost": 1000.0, "overshoot_cost": 131.39604417051214, "power_cost": 35.4492955078125, "noise_cost": 88.94679886740899, "n_waypoints_completed": 0, "tot_waypoints": 9}}
{"target": -749.7087455903213, "params": {"k_pid_pos": [1.5863444114747944, 0.771580057988589, 0.25161803442589614], "k_pid_alt": [0.16913709607114025, 0.5105101516764707, 0.2823482178671636], "k_pid_att": [57.3609022855336, 5.99687228857386, 0.28801385680966785], "k_pid_yaw": [0.5, 1e-06, 0.1], "k_pid_hsp": [2.9211878547197743, 0.22350109193220713, 0.08572915357795685], "k_pid_vsp": [369.8592670434676, 164.50223814360137, 271.91390626686723]}, "datetime": {"datetime": "2025-08-20 18:32:24", "elapsed": 23998.604293107986, "delta": 29.443321466445923}, "costs": {"total_cost": 749.7087455903213, "time_cost": 150, "final_distance_cost": 80.74993470130467, "oscillation_cost": 200.27520305027673, "completition_cost": 222.2222222222222, "overshoot_cost": 61.79799780192368, "power_cost": 19.15717624511719, "noise_cost": 15.506211569476937, "n_waypoints_completed": 7, "tot_waypoints": 9}}
{"target": -1075.8523395240252, "params": {"k_pid_pos": [0.5141284331849919, 0.4547372523181973, 0.04213080883386544], "k_pid_alt": [0.37778626059871145, 0.12975452170405577, 0.8883510248224975], "k_pid_att": [53.1055188000157, 0.9389614982673155, 0.8030739642947224], "k_pid_yaw": [0.5, 1e-06, 0.1], "k_pid_hsp": [5.256481002705075, 0.11624001108472637, 0.36717457651865404], "k_pid_vsp": [231.28741755434362, 123.64268580318013, 280.6730934574937]}, "datetime": {"datetime": "2025-08-20 18:32:57", "elapsed": 24031.689252853394, "delta": 33.084959745407104}, "costs": {"total_cost": 1075.8523395240252, "time_cost": 150, "final_distance_cost": 42.390777359401646, "oscillation_cost": 243.84761272394584, "completition_cost": 555.5555555555555, "overshoot_cost": 46.95811093036024, "power_cost": 20.890205773925782, "noise_cost": 16.21007718083618, "n_waypoints_completed": 4, "tot_waypoints": 9}}
{"target": -832.4225144951705, "params": {"k_pid_pos": [1.6930573953553258, 0.32999354380956414, 0.8396637640165237], "k_pid_alt": [1.7315024481690644, 0.532710999322175, 0.6858180009793963], "k_pid_att": [28.605919191345098, 8.40807788823802, 0.9965525237783861], "k_pid_yaw": [0.5, 1e-06, 0.1], "k_pid_hsp": [6.642400087349458, 0.5671241127374214, 0.7136270651501828], "k_pid_vsp": [363.1997025728718, 141.67349654284502, 274.9431677677136]}, "datetime": {"datetime": "2025-08-20 18:33:24", "elapsed": 24058.70234632492, "delta": 27.0130934715271}, "costs": {"total_cost": 832.4225144951705, "time_cost": 150, "final_distance_cost": 75.33330716886462, "oscillation_cost": 292.65057831049626, "completition_cost": 222.2222222222222, "overshoot_cost": 54.214348011185976, "power_cost": 21.946722570800784, "noise_cost": 16.05533621160069, "n_waypoints_completed": 7, "tot_waypoints": 9}}
{"target": -1408.711295329397, "params": {"k_pid_pos": [0.8299575408931866, 0.3660384191816122, 0.15897898806831978], "k_pid_alt": [0.03362508715386148, 0.8325912999158653, 0.7508481248652763], "k_pid_att": [84.76490564218072, 5.992607916628217, 0.6472856433621303], "k_pid_yaw": [0.5, 1e-06, 0.1], "k_pid_hsp": [3.0729504681499713, 0.1267439716960913, 0.8267766423635864], "k_pid_vsp": [236.66018299448376, 50.66843674193827, 192.2893890168903]}, "datetime": {"datetime": "2025-08-20 18:33:53", "elapsed": 24088.15186190605, "delta": 29.44951558113098}, "costs": {"total_cost": 1408.711295329397, "time_cost": 150, "final_distance_cost": 67.32770886973567, "oscillation_cost": 218.6826834259303, "completition_cost": 888.8888888888888, "overshoot_cost": 44.25860168818882, "power_cost": 22.756586181640625, "noise_cost": 16.796826275013103, "n_waypoints_completed": 1, "tot_waypoints": 9}}
{"target": -1444.3991395045944, "params": {"k_pid_pos": [1.6221098016292743, 0.3725917184553652, 0.8476932005871118], "k_pid_alt": [1.3393384064287779, 0.04715640832490808, 0.877688446848442], "k_pid_att": [3.068648766388171, 4.273480437918497, 0.14405874617243408], "k_pid_yaw": [0.5, 1e-06, 0.1], "k_pid_hsp": [6.132682886107711, 0.9763166221967128, 0.7084288108205977], "k_pid_vsp": [35.490588241636004, 201.62184143208904, 206.52340893913416]}, "datetime": {"datetime": "2025-08-20 18:34:19", "elapsed": 24114.115235328674, "delta": 25.96337342262268}, "costs": {"total_cost": 1444.3991395045944, "time_cost": 150, "final_distance_cost": 62.42598753820134, "oscillation_cost": 218.35872786341142, "completition_cost": 888.8888888888888, "overshoot_cost": 82.35961464358549, "power_cost": 23.91574110107422, "noise_cost": 18.450179469433124, "n_waypoints_completed": 1, "tot_waypoints": 9}}
{"target": -1205.2515056121265, "params": {"k_pid_pos": [0.034134740905509456, 0.8369305925007093, 0.7173754657257391], "k_pid_alt": [1.6830829340077667, 0.6403680523760351, 0.7215263379965341], "k_pid_att": [31.2778273052426, 7.384663605728677, 0.22591545294002702], "k_pid_yaw": [0.5, 1e-06, 0.1], "k_pid_hsp": [7.079219456503192, 0.9761430890514525, 0.8071634331251517], "k_pid_vsp": [307.0599879219588, 195.4274355431597, 195.56278986039047]}, "datetime": {"datetime": "2025-08-20 18:34:46", "elapsed": 24140.637921094894, "delta": 26.522685766220093}, "costs": {"total_cost": 1205.2515056121265, "time_cost": 150, "final_distance_cost": 69.31177324078836, "oscillation_cost": 226.1763189452604, "completition_cost": 666.6666666666667, "overshoot_cost": 57.18925183529212, "power_cost": 20.603081958007813, "noise_cost": 15.304412966111025, "n_waypoints_completed": 3, "tot_waypoints": 9}}
{"target": -845.7024027297712, "params": {"k_pid_pos": [1.9639914667019576, 0.911072685671116, 0.41702988540865416], "k_pid_alt": [1.2446968185509004, 0.0025253478251225925, 0.42605188628188706], "k_pid_att": [6.56756964984444, 7.500075450201733, 0.8687162029371251], "k_pid_yaw": [0.5, 1e-06, 0.1], "k_pid_hsp": [6.731164392021992, 0.2767734262672976, 0.7505041968513062], "k_pid_vsp": [367.52991048981914, 43.26619482106393, 227.93627328668416]}, "datetime": {"datetime": "2025-08-20 18:35:15", "elapsed": 24170.26389193535, "delta": 29.6259708404541}, "costs": {"total_cost": 845.7024027297712, "time_cost": 150, "final_distance_cost": 73.15677378232644, "oscillation_cost": 189.94008648446678, "completition_cost": 333.33333333333337, "overshoot_cost": 58.412811077109964, "power_cost": 24.037949707031252, "noise_cost": 16.821448345503438, "n_waypoints_completed": 6, "tot_waypoints": 9}}
{"target": -1158.0178575481063, "params": {"k_pid_pos": [0.11419067563702429, 0.37222442948212053, 0.650757401685347], "k_pid_alt": [0.48842961966925746, 0.12114274287701454, 0.9843814197790385], "k_pid_att": [44.038681018758396, 8.660372819125584, 0.5177450856381294], "k_pid_yaw": [0.5, 1e-06, 0.1], "k_pid_hsp": [0.78927565875848, 0.7943454694563571, 0.5860087789388143], "k_pid_vsp": [262.426655525785, 240.7454170937968, 220.45029048636087]}, "datetime": {"datetime": "2025-08-20 18:35:41", "elapsed": 24195.981318712234, "delta": 25.717426776885986}, "costs": {"total_cost": 1158.0178575481063, "time_cost": 150, "final_distance_cost": 41.57739135189292, "oscillation_cost": 313.9463933060574, "completition_cost": 555.5555555555555, "overshoot_cost": 59.50849535361654, "power_cost": 21.208875708007813, "noise_cost": 16.221146272976114, "n_waypoints_completed": 4, "tot_waypoints": 9}}
{"target": -973.1839515683087, "params": {"k_pid_pos": [0.849046333454972, 0.19766949177843685, 0.3574509573474359], "k_pid_alt": [1.2760769403487353, 0.18697451033062285, 0.7452423262359], "k_pid_att": [73.20630180316137, 3.0567246354091986, 0.8894434795148759], "k_pid_yaw": [0.5, 1e-06, 0.1], "k_pid_hsp": [7.677935760592766, 0.18838649918388373, 0.5166249087075396], "k_pid_vsp": [54.8004757975078, 83.06767204052821, 134.03517361825448]}, "datetime": {"datetime": "2025-08-20 18:36:10", "elapsed": 24225.368894577026, "delta": 29.38757586479187}, "costs": {"total_cost": 973.1839515683087, "time_cost": 150, "final_distance_cost": 61.494768429446665, "oscillation_cost": 319.1814795330512, "completition_cost": 333.33333333333337, "overshoot_cost": 70.90374353838277, "power_cost": 21.425485461425783, "noise_cost": 16.845141272668872, "n_waypoints_completed": 6, "tot_waypoints": 9}}
