{"target": -1299.9538917898126, "params": {"k_pid_pos": [0.6408022102512424, 0.31466382216944144, 0.10390537254935062], "k_pid_alt": [0.6864058409086331, 0.9974092303400646, 0.24799685204154087], "k_pid_att": [34.1253198925449, 3.7776780820890514, 0.5893559842724853], "k_pid_yaw": [0.5, 1e-06, 0.1], "k_pid_hsp": [1.297012965473336, 0.35487006421119416, 0.6243252776836251], "k_pid_vsp": [290.2613721220146, 276.6441365519737, 137.99857391381897]}, "datetime": {"datetime": "2025-08-21 03:10:36", "elapsed": 55090.82302379608, "delta": 44.90754270553589}, "costs": {"total_cost": 1299.9538917898126, "time_cost": 150, "final_distance_cost": 94.51480188454306, "oscillation_cost": 193.72202453806122, "completition_cost": 777.7777777777778, "overshoot_cost": 45.12313405149533, "power_cost": 22.569464257812502, "noise_cost": 16.246689280122645, "n_waypoints_completed": 2, "tot_waypoints": 9}}
{"target": -344.8130212459596, "params": {"k_pid_pos": [1.5010226587461653, 0.15326638504602927, 0.4780670472914907], "k_pid_alt": [0.41674087819865385, 0.15430656904223372, 0.3023630229231242], "k_pid_att": [51.35449639836985, 7.968880351966454, 0.8363893528360499], "k_pid_yaw": [0.5, 1e-06, 0.1], "k_pid_hsp": [8.290208635748668, 0.7801114322613619, 0.16661419748244408], "k_pid_vsp": [4.482174021469897, 359.2884649631345, 5.335217812735063]}, "datetime": {"datetime": "2025-08-21 03:11:37", "elapsed": 55152.10808491707, "delta": 61.28506112098694}, "costs": {"total_cost": 344.8130212459596, "time_cost": 98.536, "final_distance_cost": 1.720657593950707, "oscillation_cost": 150.87349430681408, "completition_cost": 0.0, "overshoot_cost": 58.23161889087622, "power_cost": 20.633664013671876, "noise_cost": 14.817586440646718, "n_waypoints_completed": 9, "tot_waypoints": 9}}
{"target": -2213.000500918906, "params": {"k_pid_pos": [1.9532003409821668, 0.00037961524299537705, 0.3470794837283227], "k_pid_alt": [0.03626969302151667, 0.0003637256351802141, 1.0], "k_pid_att": [1.0519835836789353, 9.206958274109345, 0.0], "k_pid_yaw": [0.5, 1e-06, 0.1], "k_pid_hsp": [6.814403424448728, 0.274690640319229, 0.18812685966844245], "k_pid_vsp": [271.21933810054225, 367.0669143118992, 25.08971747413085]}, "datetime": {"datetime": "2025-08-21 03:12:23", "elapsed": 55198.45648932457, "delta": 46.34840440750122}, "costs": {"total_cost": 2213.000500918906, "time_cost": 150, "final_distance_cost": 6.652705321987501, "oscillation_cost": 782.1186467908077, "completition_cost": 1000.0, "overshoot_cost": 136.64150002467503, "power_cost": 35.64590787353516, "noise_cost": 101.9417409078999, "n_waypoints_completed": 0, "tot_waypoints": 9}}
{"target": -626.6509848233809, "params": {"k_pid_pos": [1.9561719587643154, 0.5135538455758196, 0.9274996198865192], "k_pid_alt": [0.7845655866776997, 0.7788833037002636, 0.13229616421853052], "k_pid_att": [59.652631226708685, 8.834604261837944, 0.7064513811265312], "k_pid_yaw": [0.5, 1e-06, 0.1], "k_pid_hsp": [9.032966071863905, 0.8134971498079511, 0.7379597589467872], "k_pid_vsp": [339.7206384293354, 399.87575744412, 303.11927261560766]}, "datetime": {"datetime": "2025-08-21 03:13:09", "elapsed": 55243.818235874176, "delta": 45.36174654960632}, "costs": {"total_cost": 626.6509848233809, "time_cost": 150, "final_distance_cost": 7.806088052949413, "oscillation_cost": 255.68123917596571, "completition_cost": 111.11111111111116, "overshoot_cost": 65.01142752905584, "power_cost": 21.246026684570314, "noise_cost": 15.79509226972847, "n_waypoints_completed": 8, "tot_waypoints": 9}}
{"target": -1097.0680886650991, "params": {"k_pid_pos": [0.16405527036020306, 0.9605977939138124, 0.25707173468510347], "k_pid_alt": [1.3526497358384366, 0.575117035451144, 0.9934458121791823], "k_pid_att": [88.6838757830247, 2.816400987860295, 0.854802243287823], "k_pid_yaw": [0.5, 1e-06, 0.1], "k_pid_hsp": [7.07888356774126, 0.30175671737928533, 0.6697235640433863], "k_pid_vsp": [151.12672058966314, 143.77906092580838, 13.047524863048869]}, "datetime": {"datetime": "2025-08-21 03:14:03", "elapsed": 55297.86866593361, "delta": 54.05043005943298}, "costs": {"total_cost": 1097.0680886650991, "time_cost": 150, "final_distance_cost": 54.92644407071244, "oscillation_cost": 126.53690224955564, "completition_cost": 666.6666666666667, "overshoot_cost": 60.113674100291796, "power_cost": 21.567631457519532, "noise_cost": 17.2567701203529, "n_waypoints_completed": 3, "tot_waypoints": 9}}
{"target": -377.1222372853625, "params": {"k_pid_pos": [1.435930409996376, 0.40221456886788065, 0.6522947008545216], "k_pid_alt": [0.6225180457998432, 0.38457307571019406, 0.12693088772331002], "k_pid_att": [11.230201496474956, 8.08707972289431, 0.6401815256214811], "k_pid_yaw": [0.5, 1e-06, 0.1], "k_pid_hsp": [7.106350808821085, 0.6124623011257787, 0.2473962921355057], "k_pid_vsp": [20.93645739443255, 313.63504451871785, 27.935447816967088]}, "datetime": {"datetime": "2025-08-21 03:14:47", "elapsed": 55341.683074474335, "delta": 43.81440854072571}, "costs": {"total_cost": 377.1222372853625, "time_cost": 93.84, "final_distance_cost": 1.7490787589927108, "oscillation_cost": 193.25897593986923, "completition_cost": 0.0, "overshoot_cost": 55.89190094343799, "power_cost": 18.61275769042969, "noise_cost": 13.7695239526329, "n_waypoints_completed": 9, "tot_waypoints": 9}}
{"target": -956.2040454261265, "params": {"k_pid_pos": [0.25795329025575225, 0.9212004036778237, 0.2543081489150717], "k_pid_alt": [1.310845768319616, 0.7678731853576818, 0.11566315228327728], "k_pid_att": [52.5042175997965, 4.314020822692533, 0.17443467889011388], "k_pid_yaw": [0.5, 1e-06, 0.1], "k_pid_hsp": [6.793237267148168, 0.8719437383045047, 0.5660632684324092], "k_pid_vsp": [56.166959533186976, 186.00178935247587, 100.05000497228698]}, "datetime": {"datetime": "2025-08-21 03:15:36", "elapsed": 55391.18170881271, "delta": 49.498634338378906}, "costs": {"total_cost": 956.2040454261265, "time_cost": 150, "final_distance_cost": 43.647427915165146, "oscillation_cost": 116.43201333811672, "completition_cost": 555.5555555555555, "overshoot_cost": 50.55839051229802, "power_cost": 22.435443469238283, "noise_cost": 17.575214635752758, "n_waypoints_completed": 4, "tot_waypoints": 9}}
{"target": -954.4310835279257, "params": {"k_pid_pos": [0.8008344580446483, 0.3869585552298553, 0.6827279588409874], "k_pid_alt": [0.6710264396769045, 0.38956308044698695, 0.4439856093999711], "k_pid_att": [36.38793145681034, 6.63591078985423, 0.3601801636001347], "k_pid_yaw": [0.5, 1e-06, 0.1], "k_pid_hsp": [1.1764842852497577, 0.7457560929789935, 0.370185479365924], "k_pid_vsp": [190.9000735931873, 34.51174353065143, 59.36898994536274]}, "datetime": {"datetime": "2025-08-21 03:16:27", "elapsed": 55442.13320493698, "delta": 50.95149612426758}, "costs": {"total_cost": 954.4310835279257, "time_cost": 150, "final_distance_cost": 50.624754825078185, "oscillation_cost": 224.89480424819791, "completition_cost": 444.4444444444444, "overshoot_cost": 46.128825204929235, "power_cost": 21.66666911621094, "noise_cost": 16.671585689064788, "n_waypoints_completed": 5, "tot_waypoints": 9}}
{"target": -1055.548691162198, "params": {"k_pid_pos": [0.8630681773084673, 0.2528206251715779, 0.5729348309094326], "k_pid_alt": [1.2936461168706226, 0.2587801309014781, 0.0599831896951968], "k_pid_att": [33.68658444324295, 5.931665198049449, 0.05921601175722688], "k_pid_yaw": [0.5, 1e-06, 0.1], "k_pid_hsp": [0.8128880415199873, 0.8557542234920072, 0.6887406372299356], "k_pid_vsp": [66.10586671768564, 344.49291313687314, 60.99904735192425]}, "datetime": {"datetime": "2025-08-21 03:17:22", "elapsed": 55497.12399506569, "delta": 54.990790128707886}, "costs": {"total_cost": 1055.548691162198, "time_cost": 150, "final_distance_cost": 47.313788065656205, "oscillation_cost": 324.1530308966927, "completition_cost": 444.4444444444444, "overshoot_cost": 49.76025459984166, "power_cost": 23.130295764160156, "noise_cost": 16.746877391402833, "n_waypoints_completed": 5, "tot_waypoints": 9}}
{"target": -713.4011628690737, "params": {"k_pid_pos": [1.2412985885059813, 0.6335539650057922, 0.0], "k_pid_alt": [0.7521346677351909, 0.3241344128641315, 0.5065078568062867], "k_pid_att": [65.34080788407466, 4.946042742442954, 0.8576291716277522], "k_pid_yaw": [0.5, 1e-06, 0.1], "k_pid_hsp": [5.420578970643082, 0.49933745202023594, 0.559355176203675], "k_pid_vsp": [274.9320457938691, 198.52325489286125, 164.42375711717813]}, "datetime": {"datetime": "2025-08-21 03:18:05", "elapsed": 55540.23036026955, "delta": 43.10636520385742}, "costs": {"total_cost": 713.4011628690737, "time_cost": 150, "final_distance_cost": 74.15902395360875, "oscillation_cost": 174.38913115049613, "completition_cost": 222.2222222222222, "overshoot_cost": 50.83424261548225, "power_cost": 24.062823852539065, "noise_cost": 17.73371907472534, "n_waypoints_completed": 7, "tot_waypoints": 9}}
{"target": -244.97432589658152, "params": {"k_pid_pos": [0.9151429331025993, 0.19721783015120609, 0.10023484438149322], "k_pid_alt": [1.3873182549421677, 0.1812149111886906, 0.8727704932472744], "k_pid_att": [13.070672276855323, 6.087642308722939, 0.7172881392958853], "k_pid_yaw": [0.5, 1e-06, 0.1], "k_pid_hsp": [6.639805376841738, 0.22377295526627083, 0.01774388680503991], "k_pid_vsp": [51.515218255573814, 228.6767410855242, 83.24091985750307]}, "datetime": {"datetime": "2025-08-21 03:18:55", "elapsed": 55590.229665994644, "delta": 49.999305725097656}, "costs": {"total_cost": 244.97432589658152, "time_cost": 96.184, "final_distance_cost": 1.719461942266261, "oscillation_cost": 60.77707633916914, "completition_cost": 0.0, "overshoot_cost": 53.17508910621892, "power_cost": 18.64271414794922, "noise_cost": 14.475984360977934, "n_waypoints_completed": 9, "tot_waypoints": 9}}
{"target": -338.718816758082, "params": {"k_pid_pos": [0.6472682645210724, 0.8601893221129816, 0.8495641636210223], "k_pid_alt": [1.2954754133538051, 0.4333442649568534, 0.9024594977160303], "k_pid_att": [10.626009169870088, 3.361057173347832, 0.3530581625432354], "k_pid_yaw": [0.5, 1e-06, 0.1], "k_pid_hsp": [7.0328685501435935, 0.15256051574056007, 0.09114576759788362], "k_pid_vsp": [86.94472860192066, 83.419198782618, 33.0905752599577]}, "datetime": {"datetime": "2025-08-21 03:19:57", "elapsed": 55652.076065540314, "delta": 61.846399545669556}, "costs": {"total_cost": 338.718816758082, "time_cost": 97.712, "final_distance_cost": 1.7819368729832237, "oscillation_cost": 149.22457594837894, "completition_cost": 0.0, "overshoot_cost": 55.069898172719405, "power_cost": 19.912209423828127, "noise_cost": 15.018196340172338, "n_waypoints_completed": 9, "tot_waypoints": 9}}
{"target": -467.13766878567867, "params": {"k_pid_pos": [1.7557855346380922, 0.04835394287387196, 0.3360931860673543], "k_pid_alt": [0.4305685575612914, 0.6885719348688386, 0.754273830362944], "k_pid_att": [90.02804215873057, 2.708412912157414, 0.9706858781793051], "k_pid_yaw": [0.5, 1e-06, 0.1], "k_pid_hsp": [9.257720195289712, 0.07575390492282275, 0.6620000355748316], "k_pid_vsp": [122.64875138863655, 276.9791908745991, 96.4591639652542]}, "datetime": {"datetime": "2025-08-21 03:20:43", "elapsed": 55698.31469535828, "delta": 46.23862981796265}, "costs": {"total_cost": 467.13766878567867, "time_cost": 98.83200000000001, "final_distance_cost": 1.7466478858046524, "oscillation_cost": 265.48766294113295, "completition_cost": 0.0, "overshoot_cost": 62.834500754236124, "power_cost": 21.845149536132812, "noise_cost": 16.39170766837215, "n_waypoints_completed": 9, "tot_waypoints": 9}}
{"target": -683.1795378893781, "params": {"k_pid_pos": [1.6098334227534747, 0.2531442495812364, 0.9621664471876196], "k_pid_alt": [0.41604256089567815, 0.026886257523922152, 0.2931038616009348], "k_pid_att": [7.299583388657815, 6.4066608914452825, 0.13999024115109737], "k_pid_yaw": [0.5, 1e-06, 0.1], "k_pid_hsp": [8.241364084053297, 0.8708345234516405, 0.9617638460068493], "k_pid_vsp": [175.00396112840323, 19.40864055874551, 7.125033849116955]}, "datetime": {"datetime": "2025-08-21 03:21:26", "elapsed": 55741.461319446564, "delta": 43.14662408828735}, "costs": {"total_cost": 683.1795378893781, "time_cost": 150, "final_distance_cost": 49.05301442296479, "oscillation_cost": 291.177904713696, "completition_cost": 111.11111111111116, "overshoot_cost": 49.16350877191053, "power_cost": 17.6596865234375, "noise_cost": 15.014312346258206, "n_waypoints_completed": 8, "tot_waypoints": 9}}
{"target": -296.11147400669086, "params": {"k_pid_pos": [1.6427240932901033, 0.37213853643508843, 0.037671911235391216], "k_pid_alt": [1.1207230141750668, 0.2419483239970527, 0.6089219705341077], "k_pid_att": [14.382542190287332, 3.239110961236471, 0.996394997671718], "k_pid_yaw": [0.5, 1e-06, 0.1], "k_pid_hsp": [8.875817028071157, 0.11526891553078297, 0.21852631979239429], "k_pid_vsp": [360.3660547564373, 124.5813769571736, 40.70348326497455]}, "datetime": {"datetime": "2025-08-21 03:22:07", "elapsed": 55782.08877038956, "delta": 40.627450942993164}, "costs": {"total_cost": 296.11147400669086, "time_cost": 97.944, "final_distance_cost": 1.7241347305268533, "oscillation_cost": 104.69963607936221, "completition_cost": 0.0, "overshoot_cost": 55.8886856002046, "power_cost": 20.543298547363282, "noise_cost": 15.311719049233899, "n_waypoints_completed": 9, "tot_waypoints": 9}}
{"target": -1095.5193571962589, "params": {"k_pid_pos": [0.05815308228881024, 0.9295592481393649, 0.01810858292146189], "k_pid_alt": [0.6923622218575087, 0.6121165632058012, 0.8149607953560043], "k_pid_att": [5.460323768616194, 6.563050244468316, 0.9494710069363762], "k_pid_yaw": [0.5, 1e-06, 0.1], "k_pid_hsp": [8.933482869799898, 0.5118825047752935, 0.7856155509607496], "k_pid_vsp": [26.25569053436263, 310.55299007411065, 23.60157317753421]}, "datetime": {"datetime": "2025-08-21 03:22:56", "elapsed": 55830.8041639328, "delta": 48.71539354324341}, "costs": {"total_cost": 1095.5193571962589, "time_cost": 150, "final_distance_cost": 46.189626651261655, "oscillation_cost": 125.65128922470086, "completition_cost": 666.6666666666667, "overshoot_cost": 62.293681138664546, "power_cost": 25.42379422607422, "noise_cost": 19.29429928889074, "n_waypoints_completed": 3, "tot_waypoints": 9}}
{"target": -856.9468678695325, "params": {"k_pid_pos": [1.9741527601916764, 0.0, 0.04681574954491977], "k_pid_alt": [0.2932328577823393, 0.0, 0.2705202927569294], "k_pid_att": [69.37697375794858, 0.8931933965849981, 0.13971071492363465], "k_pid_yaw": [0.5, 1e-06, 0.1], "k_pid_hsp": [6.026251424746573, 0.0, 0.22741286695580243], "k_pid_vsp": [83.95019442675866, 222.86010304756994, 102.41453730835154]}, "datetime": {"datetime": "2025-08-21 03:23:41", "elapsed": 55875.964634656906, "delta": 45.160470724105835}, "costs": {"total_cost": 856.9468678695325, "time_cost": 150, "final_distance_cost": 67.39560577241149, "oscillation_cost": 324.50364653529215, "completition_cost": 222.2222222222222, "overshoot_cost": 49.41456556391909, "power_cost": 25.38729010009766, "noise_cost": 18.023537675590084, "n_waypoints_completed": 7, "tot_waypoints": 9}}
{"target": -820.681778975297, "params": {"k_pid_pos": [0.979718976192358, 1.0, 0.34381302737109054], "k_pid_alt": [1.3383249946963478, 0.3509169717487242, 0.8310118243433894], "k_pid_att": [3.4769111266003057, 3.9841841732740693, 0.03292817279945873], "k_pid_yaw": [0.5, 1e-06, 0.1], "k_pid_hsp": [5.9973577672012715, 0.7982284930599776, 0.8174578930791485], "k_pid_vsp": [261.81321874197744, 278.35772001664134, 30.133884681647178]}, "datetime": {"datetime": "2025-08-21 03:24:42", "elapsed": 55937.062663793564, "delta": 61.098029136657715}, "costs": {"total_cost": 820.681778975297, "time_cost": 150, "final_distance_cost": 80.62396032341076, "oscillation_cost": 175.14836523083264, "completition_cost": 333.33333333333337, "overshoot_cost": 51.476411844944124, "power_cost": 16.748753784179687, "noise_cost": 13.3509544585964, "n_waypoints_completed": 6, "tot_waypoints": 9}}
{"target": -448.745756244218, "params": {"k_pid_pos": [2.0, 0.6446680869223393, 0.0], "k_pid_alt": [1.8451454899087112, 1.0, 1.0], "k_pid_att": [88.32313310805421, 9.196997203113776, 0.7367923943431186], "k_pid_yaw": [0.5, 1e-06, 0.1], "k_pid_hsp": [4.724566490658343, 0.16074750435262836, 0.0], "k_pid_vsp": [324.42854255697455, 386.3211061724663, 51.331567519495216]}, "datetime": {"datetime": "2025-08-21 03:25:20", "elapsed": 55974.52971315384, "delta": 37.46704936027527}, "costs": {"total_cost": 448.745756244218, "time_cost": 150, "final_distance_cost": 30.162497721412027, "oscillation_cost": 64.18650845585772, "completition_cost": 111.11111111111116, "overshoot_cost": 58.54047757363236, "power_cost": 20.101233801269533, "noise_cost": 14.64392758093522, "n_waypoints_completed": 8, "tot_waypoints": 9}}
{"target": -460.5078210875677, "params": {"k_pid_pos": [1.2049856054052481, 0.37056265547445244, 0.47453673141612984], "k_pid_alt": [1.290208231898537, 0.40150051009768484, 0.09473418501686878], "k_pid_att": [51.917124165118665, 2.1771092670231864, 0.3649518150452745], "k_pid_yaw": [0.5, 1e-06, 0.1], "k_pid_hsp": [8.486764608807738, 0.3216207525128534, 0.4109912292416421], "k_pid_vsp": [158.22637420200797, 5.276442299565067, 13.716240733572953]}, "datetime": {"datetime": "2025-08-21 03:26:04", "elapsed": 56018.94574737549, "delta": 44.41603422164917}, "costs": {"total_cost": 460.5078210875677, "time_cost": 95.568, "final_distance_cost": 1.74769405091894, "oscillation_cost": 270.2205757535979, "completition_cost": 0.0, "overshoot_cost": 55.09782369575517, "power_cost": 21.395624829101564, "noise_cost": 16.478102758194144, "n_waypoints_completed": 9, "tot_waypoints": 9}}
{"target": -672.8832242623836, "params": {"k_pid_pos": [1.8430208005406044, 0.23643224680086283, 0.7805417141777699], "k_pid_alt": [1.4740860827464788, 0.34510092552266936, 0.27675018903730025], "k_pid_att": [85.60648074369128, 2.0098837184455216, 0.8329333570866653], "k_pid_yaw": [0.5, 1e-06, 0.1], "k_pid_hsp": [6.541032007394208, 0.19159747780548095, 0.8798179591812015], "k_pid_vsp": [360.08057476598606, 377.6496117571616, 220.00636733792382]}, "datetime": {"datetime": "2025-08-21 03:26:41", "elapsed": 56055.563596487045, "delta": 36.61784911155701}, "costs": {"total_cost": 672.8832242623836, "time_cost": 150, "final_distance_cost": 30.416328138776752, "oscillation_cost": 290.79544159387405, "completition_cost": 111.11111111111116, "overshoot_cost": 53.0835478691786, "power_cost": 21.56450251464844, "noise_cost": 15.912293034794644, "n_waypoints_completed": 8, "tot_waypoints": 9}}
{"target": -1258.22802473995, "params": {"k_pid_pos": [1.8385612079809253, 0.07374060816985462, 0.7649194415469971], "k_pid_alt": [1.6014589274855995, 0.17562419433659449, 0.1291833909843908], "k_pid_att": [20.242044950291373, 1.1629656279013942, 0.5224694463527092], "k_pid_yaw": [0.5, 1e-06, 0.1], "k_pid_hsp": [0.4670156559906783, 0.04659710549047835, 0.8274911082123593], "k_pid_vsp": [130.60324580641964, 13.87140974952562, 12.544933364283848]}, "datetime": {"datetime": "2025-08-21 03:27:26", "elapsed": 56101.06507015228, "delta": 45.50147366523743}, "costs": {"total_cost": 1258.22802473995, "time_cost": 150, "final_distance_cost": 44.76224761701593, "oscillation_cost": 425.2071509519214, "completition_cost": 555.5555555555555, "overshoot_cost": 48.86878572643873, "power_cost": 19.31081241455078, "noise_cost": 14.52347247446737, "n_waypoints_completed": 4, "tot_waypoints": 9}}
{"target": -361.5990693077939, "params": {"k_pid_pos": [1.08178538884317, 0.0, 0.9999990910838198], "k_pid_alt": [1.7235846861180213, 0.43298031655728575, 0.6203202556822864], "k_pid_att": [10.535327810822118, 1.5041611058615265, 0.5902844144687359], "k_pid_yaw": [0.5, 1e-06, 0.1], "k_pid_hsp": [9.963553156167952, 0.841604853578131, 0.1607800939118705], "k_pid_vsp": [380.6708152283423, 63.007344782839766, 144.6781973034646]}, "datetime": {"datetime": "2025-08-21 03:28:04", "elapsed": 56139.11267209053, "delta": 38.04760193824768}, "costs": {"total_cost": 361.5990693077939, "time_cost": 93.328, "final_distance_cost": 1.8096830637079324, "oscillation_cost": 179.32396137765824, "completition_cost": 0.0, "overshoot_cost": 56.396799096294984, "power_cost": 17.711781396484376, "noise_cost": 13.028844373648354, "n_waypoints_completed": 9, "tot_waypoints": 9}}
{"target": -922.3229178935419, "params": {"k_pid_pos": [0.6555576217037208, 0.4512871149576984, 0.015320892294066447], "k_pid_alt": [0.9939686821354305, 0.8791250944115245, 0.5752691656937424], "k_pid_att": [8.180833818114573, 9.49838550179907, 0.36009750318804934], "k_pid_yaw": [0.5, 1e-06, 0.1], "k_pid_hsp": [3.794811093891429, 0.4503545544586836, 0.32600361253907173], "k_pid_vsp": [342.9645672923193, 346.0947094466376, 353.2411068448663]}, "datetime": {"datetime": "2025-08-21 03:29:10", "elapsed": 56204.583916425705, "delta": 65.47124433517456}, "costs": {"total_cost": 922.3229178935419, "time_cost": 150, "final_distance_cost": 49.14520326195933, "oscillation_cost": 193.4280895035342, "completition_cost": 444.4444444444444, "overshoot_cost": 47.397001847889854, "power_cost": 21.268405615234375, "noise_cost": 16.639773220479675, "n_waypoints_completed": 5, "tot_waypoints": 9}}
