{"target": -302.1803947386808, "params": {"k_pid_pos": [1.9829029000929177, 0.9913295576576103, 1.0], "k_pid_alt": [1.5613392587459707, 0.021211307104408154, 0.060076677976014285], "k_pid_att": [55.1610712196631, 0.0001, 0.0], "k_pid_yaw": [0.5, 1e-06, 0.1], "k_pid_hsp": [0.9023164880182996, 0.9969231244067881, 0.020222212172036985], "k_pid_vsp": [151.1383994137754, 279.2081750197135, 162.8404093152466]}, "datetime": {"datetime": "2025-08-21 03:49:15", "elapsed": 57409.99868416786, "delta": 42.697986125946045}, "costs": {"total_cost": 302.1803947386808, "time_cost": 91.024, "final_distance_cost": 1.726296082128139, "oscillation_cost": 114.24804670079939, "completition_cost": 0.0, "overshoot_cost": 59.59341965297501, "power_cost": 20.241881213378907, "noise_cost": 15.346751089399358, "n_waypoints_completed": 9, "tot_waypoints": 9}}
{"target": -461.7569483496092, "params": {"k_pid_pos": [1.2688612364195, 0.5150445090952089, 0.30421593210660713], "k_pid_alt": [0.8765255449616063, 0.4384589663784249, 0.6852502030873594], "k_pid_att": [43.54376690497774, 7.823884288963267, 0.3760349049214159], "k_pid_yaw": [0.5, 1e-06, 0.1], "k_pid_hsp": [7.5926329752735615, 0.5748997166775219, 0.5785824545625268], "k_pid_vsp": [192.45219191266972, 295.9175132899296, 141.32604813187345]}, "datetime": {"datetime": "2025-08-21 03:50:01", "elapsed": 57456.47684884071, "delta": 46.47816467285156}, "costs": {"total_cost": 461.7569483496092, "time_cost": 98.768, "final_distance_cost": 1.7862335209415898, "oscillation_cost": 266.2826485437496, "completition_cost": 0.0, "overshoot_cost": 55.17728578568624, "power_cost": 22.348102465820315, "noise_cost": 17.394678033411477, "n_waypoints_completed": 9, "tot_waypoints": 9}}
{"target": -393.2437808782018, "params": {"k_pid_pos": [2.0, 0.0, 1.0], "k_pid_alt": [1.5069671320047737, 0.0, 0.6190117493020012], "k_pid_att": [67.20178464153996, 1.3136803640037835, 0.6512199480314559], "k_pid_yaw": [0.5, 1e-06, 0.1], "k_pid_hsp": [9.449355536536274, 0.8258359540184212, 1.0], "k_pid_vsp": [247.86251376425244, 265.26883011335065, 267.24723135195455]}, "datetime": {"datetime": "2025-08-21 03:50:43", "elapsed": 57498.51486706734, "delta": 42.038018226623535}, "costs": {"total_cost": 393.2437808782018, "time_cost": 82.85600000000001, "final_distance_cost": 1.7794757959548222, "oscillation_cost": 219.05087359861736, "completition_cost": 0.0, "overshoot_cost": 57.57598918189051, "power_cost": 18.081284204101564, "noise_cost": 13.900158097637526, "n_waypoints_completed": 9, "tot_waypoints": 9}}
{"target": -859.6086957411611, "params": {"k_pid_pos": [1.442567926663763, 0.8229145930323907, 0.9541169086008155], "k_pid_alt": [0.9353830960774094, 0.3207994890662992, 0.2785638890427039], "k_pid_att": [59.68759828607868, 6.004983786619639, 0.8300197702924281], "k_pid_yaw": [0.5, 1e-06, 0.1], "k_pid_hsp": [0.9231027208371174, 0.3967742639341125, 0.22581420084905013], "k_pid_vsp": [333.75584738523537, 392.2599221695016, 304.846918537624]}, "datetime": {"datetime": "2025-08-21 03:51:25", "elapsed": 57539.661492824554, "delta": 41.14662575721741}, "costs": {"total_cost": 859.6086957411611, "time_cost": 150, "final_distance_cost": 76.90403179234984, "oscillation_cost": 214.68771543609608, "completition_cost": 333.33333333333337, "overshoot_cost": 45.34297957160683, "power_cost": 22.41855035400391, "noise_cost": 16.922085253771062, "n_waypoints_completed": 6, "tot_waypoints": 9}}
{"target": -446.7281176506666, "params": {"k_pid_pos": [0.930807861935533, 0.23047326558335787, 0.31060392146553106], "k_pid_alt": [1.296102722465839, 0.1948269338785947, 0.7161092505067926], "k_pid_att": [37.42212995531177, 0.7978123975591039, 0.2130202671991599], "k_pid_yaw": [0.5, 1e-06, 0.1], "k_pid_hsp": [7.715867820071237, 0.8275532264587755, 0.2983381020515687], "k_pid_vsp": [286.176075801953, 83.68060059106818, 176.47040087168878]}, "datetime": {"datetime": "2025-08-21 03:52:07", "elapsed": 57582.26694083214, "delta": 42.60544800758362}, "costs": {"total_cost": 446.7281176506666, "time_cost": 96.208, "final_distance_cost": 1.7448931913164099, "oscillation_cost": 259.5123822358575, "completition_cost": 0.0, "overshoot_cost": 55.12849602802433, "power_cost": 19.21610498046875, "noise_cost": 14.91824121499968, "n_waypoints_completed": 9, "tot_waypoints": 9}}
{"target": -862.9910546719246, "params": {"k_pid_pos": [0.5633275708674752, 0.7889619852432775, 0.6383288465984187], "k_pid_alt": [1.8817019839076643, 0.9183696172073883, 0.13081860815328772], "k_pid_att": [96.75989999452388, 3.9004977832175016, 0.8980188419355337], "k_pid_yaw": [0.5, 1e-06, 0.1], "k_pid_hsp": [4.602638053134969, 0.6640441688091411, 0.6320501790803784], "k_pid_vsp": [171.193156668188, 218.99832780492187, 38.76739642434711]}, "datetime": {"datetime": "2025-08-21 03:52:55", "elapsed": 57630.304455041885, "delta": 48.037514209747314}, "costs": {"total_cost": 862.9910546719246, "time_cost": 150, "final_distance_cost": 69.02066032048556, "oscillation_cost": 223.06115541894115, "completition_cost": 333.33333333333337, "overshoot_cost": 47.84544500852037, "power_cost": 22.211578063964843, "noise_cost": 17.518882526679334, "n_waypoints_completed": 6, "tot_waypoints": 9}}
{"target": -1604.8537536474962, "params": {"k_pid_pos": [0.0007389340175560396, 0.1856050062164326, 0.6728761714677459], "k_pid_alt": [0.02552044421174604, 0.040533009503607054, 0.8596020491770417], "k_pid_att": [50.876348858276444, 5.607903723126048, 0.8286076399363729], "k_pid_yaw": [0.5, 1e-06, 0.1], "k_pid_hsp": [2.249860896027507, 0.4519133124202659, 0.36802500500622704], "k_pid_vsp": [340.0662912303997, 210.4541804701759, 21.914596216127574]}, "datetime": {"datetime": "2025-08-21 03:53:37", "elapsed": 57672.16284632683, "delta": 41.85839128494263}, "costs": {"total_cost": 1604.8537536474962, "time_cost": 150, "final_distance_cost": 45.878874045842885, "oscillation_cost": 343.45656230851404, "completition_cost": 1000.0, "overshoot_cost": 29.93317046110967, "power_cost": 19.950267126464844, "noise_cost": 15.634879705564598, "n_waypoints_completed": 0, "tot_waypoints": 9}}
{"target": -246.10558190311204, "params": {"k_pid_pos": [2.0, 0.33763261072037776, 0.0], "k_pid_alt": [1.463448503202398, 1.0, 1.0], "k_pid_att": [84.17826604076397, 7.177586581025891, 0.6068011793945626], "k_pid_yaw": [0.5, 1e-06, 0.1], "k_pid_hsp": [7.109373709091317, 0.44139482510465605, 0.0], "k_pid_vsp": [324.5712287616643, 386.7372974911989, 49.83352013772479]}, "datetime": {"datetime": "2025-08-21 03:54:19", "elapsed": 57714.45885896683, "delta": 42.29601263999939}, "costs": {"total_cost": 246.10558190311204, "time_cost": 85.648, "final_distance_cost": 1.7250239755189185, "oscillation_cost": 73.95616527750417, "completition_cost": 0.0, "overshoot_cost": 54.10410612711669, "power_cost": 17.29781676025391, "noise_cost": 13.37446976271834, "n_waypoints_completed": 9, "tot_waypoints": 9}}
{"target": -748.9677773496309, "params": {"k_pid_pos": [1.9612436112057459, 0.500781822043221, 0.3400494023281674], "k_pid_alt": [1.6248772096678181, 0.23029854334816302, 0.029621923321551002], "k_pid_att": [22.07994307301139, 1.665082031831549, 0.6242107626704584], "k_pid_yaw": [0.5, 1e-06, 0.1], "k_pid_hsp": [9.824488925611387, 0.07803991115452202, 0.4627595309090813], "k_pid_vsp": [13.47869702213762, 204.04997269794353, 45.914018291555244]}, "datetime": {"datetime": "2025-08-21 03:55:04", "elapsed": 57759.494374513626, "delta": 45.035515546798706}, "costs": {"total_cost": 748.9677773496309, "time_cost": 150, "final_distance_cost": 70.79913406473226, "oscillation_cost": 222.58807661116205, "completition_cost": 222.2222222222222, "overshoot_cost": 44.46935555266955, "power_cost": 22.689655517578124, "noise_cost": 16.19933338126677, "n_waypoints_completed": 7, "tot_waypoints": 9}}
{"target": -202.66698110122718, "params": {"k_pid_pos": [1.308182200152041, 0.0, 0.0], "k_pid_alt": [0.6144240228529191, 0.0, 0.0], "k_pid_att": [88.28607694098804, 7.243897580754592, 1.0], "k_pid_yaw": [0.5, 1e-06, 0.1], "k_pid_hsp": [9.560675226434359, 1.0, 0.0], "k_pid_vsp": [117.96988769660275, 278.3670268400661, 94.75266933554184]}, "datetime": {"datetime": "2025-08-21 03:55:49", "elapsed": 57803.73769378662, "delta": 44.243319272994995}, "costs": {"total_cost": 202.66698110122718, "time_cost": 73.888, "final_distance_cost": 1.8261681993742356, "oscillation_cost": 49.692833728432085, "completition_cost": 0.0, "overshoot_cost": 49.11270810692557, "power_cost": 15.908481555175783, "noise_cost": 12.238789511319515, "n_waypoints_completed": 9, "tot_waypoints": 9}}
{"target": -685.8424996109007, "params": {"k_pid_pos": [0.7083283665405197, 0.4625190023823056, 0.4000109398267456], "k_pid_alt": [1.2129092452179333, 0.47905263346832616, 0.8504430149988936], "k_pid_att": [37.201774935607055, 0.7928826045411412, 0.05056471536607432], "k_pid_yaw": [0.5, 1e-06, 0.1], "k_pid_hsp": [4.837518110092287, 0.11192230652235047, 0.37314044420250103], "k_pid_vsp": [181.54297285858263, 51.57557966603435, 15.326415097408118]}, "datetime": {"datetime": "2025-08-21 03:56:35", "elapsed": 57849.529534101486, "delta": 45.79184031486511}, "costs": {"total_cost": 685.8424996109007, "time_cost": 150, "final_distance_cost": 63.14648657640142, "oscillation_cost": 276.4328769389313, "completition_cost": 111.11111111111116, "overshoot_cost": 49.12746362897274, "power_cost": 20.12895653076172, "noise_cost": 15.895604824722446, "n_waypoints_completed": 8, "tot_waypoints": 9}}
{"target": -854.5584703374886, "params": {"k_pid_pos": [1.054938769151746, 0.17711327114464148, 0.6911203984520844], "k_pid_alt": [0.9876720676463937, 0.26980160142179205, 0.13776179397817268], "k_pid_att": [34.801953073067615, 5.178471361082122, 0.47243512977726154], "k_pid_yaw": [0.5, 1e-06, 0.1], "k_pid_hsp": [5.974895686971637, 0.7183631510399464, 0.6688917565958173], "k_pid_vsp": [179.01508586635512, 53.656992091597004, 20.72087045264637]}, "datetime": {"datetime": "2025-08-21 03:57:20", "elapsed": 57895.10592341423, "delta": 45.57638931274414}, "costs": {"total_cost": 854.5584703374886, "time_cost": 150, "final_distance_cost": 65.6240803451226, "oscillation_cost": 334.9386805166063, "completition_cost": 222.2222222222222, "overshoot_cost": 44.54310574134318, "power_cost": 21.446812524414064, "noise_cost": 15.783568987780207, "n_waypoints_completed": 7, "tot_waypoints": 9}}
{"target": -660.3202961439451, "params": {"k_pid_pos": [1.9637278248183656, 0.42213428688484733, 0.6569856284264015], "k_pid_alt": [0.8275682140200389, 0.7962719028305008, 0.2940519700807236], "k_pid_att": [27.867085476300936, 3.3468692050452544, 0.6292053406739307], "k_pid_yaw": [0.5, 1e-06, 0.1], "k_pid_hsp": [7.077587776748568, 0.5618396141006005, 0.37440960420899827], "k_pid_vsp": [128.39772826745568, 143.32198543518138, 11.44691124033838]}, "datetime": {"datetime": "2025-08-21 03:57:58", "elapsed": 57933.41505980492, "delta": 38.309136390686035}, "costs": {"total_cost": 660.3202961439451, "time_cost": 150, "final_distance_cost": 37.578740456300224, "oscillation_cost": 267.68105499876236, "completition_cost": 111.11111111111116, "overshoot_cost": 55.535052294322014, "power_cost": 22.02536580810547, "noise_cost": 16.38897147534394, "n_waypoints_completed": 8, "tot_waypoints": 9}}
{"target": -687.3346090752626, "params": {"k_pid_pos": [0.43528330040642477, 0.4712440021189913, 0.42670359616318887], "k_pid_alt": [1.559801473174666, 0.7114198197127526, 0.3767953387115348], "k_pid_att": [33.343674280477984, 5.431389963410936, 0.018534829675735276], "k_pid_yaw": [0.5, 1e-06, 0.1], "k_pid_hsp": [5.709929474431889, 0.7912093757426464, 0.6647033989921038], "k_pid_vsp": [118.74646255300556, 142.1663332945597, 21.509921398300605]}, "datetime": {"datetime": "2025-08-21 03:58:35", "elapsed": 57970.06162214279, "delta": 36.646562337875366}, "costs": {"total_cost": 687.3346090752626, "time_cost": 150, "final_distance_cost": 49.91883651609727, "oscillation_cost": 284.6964480464023, "completition_cost": 111.11111111111116, "overshoot_cost": 55.04285258191015, "power_cost": 20.41930360107422, "noise_cost": 16.1460572186676, "n_waypoints_completed": 8, "tot_waypoints": 9}}
{"target": -765.5147347305572, "params": {"k_pid_pos": [0.8316172808748358, 0.5882173180873375, 0.7192720761824952], "k_pid_alt": [1.4198907430962504, 0.996991523331835, 0.720442049356092], "k_pid_att": [93.56427027903446, 1.3156684995956016, 0.46932983632847247], "k_pid_yaw": [0.5, 1e-06, 0.1], "k_pid_hsp": [2.7447407393375847, 0.7780158839296245, 0.3215581925330273], "k_pid_vsp": [55.79972789219099, 366.26147101430274, 5.15078647815995]}, "datetime": {"datetime": "2025-08-21 03:59:18", "elapsed": 58012.99540185928, "delta": 42.9337797164917}, "costs": {"total_cost": 765.5147347305572, "time_cost": 150, "final_distance_cost": 71.65861579948701, "oscillation_cost": 234.41411259254005, "completition_cost": 222.2222222222222, "overshoot_cost": 48.25255416428965, "power_cost": 21.517820825195315, "noise_cost": 17.449409126822925, "n_waypoints_completed": 7, "tot_waypoints": 9}}
{"target": -1253.0592142932958, "params": {"k_pid_pos": [1.200159832411122, 0.0, 0.5285463678175665], "k_pid_alt": [0.13709731445359266, 0.8320654143700502, 1.0], "k_pid_att": [96.10058638084367, 9.884937367016624, 0.5163767797425635], "k_pid_yaw": [0.5, 1e-06, 0.1], "k_pid_hsp": [0.0001, 0.1882929737242152, 0.0], "k_pid_vsp": [149.0701410898867, 239.1279502999882, 44.407072137818844]}, "datetime": {"datetime": "2025-08-21 04:00:00", "elapsed": 58054.81606674194, "delta": 41.82066488265991}, "costs": {"total_cost": 1253.0592142932958, "time_cost": 150, "final_distance_cost": 91.16050730271893, "oscillation_cost": 111.95735044410358, "completition_cost": 777.7777777777778, "overshoot_cost": 76.30774798497043, "power_cost": 27.148469885253906, "noise_cost": 18.707360898470977, "n_waypoints_completed": 2, "tot_waypoints": 9}}
{"target": -252.78270668686218, "params": {"k_pid_pos": [2.0, 0.0, 0.2663854822762199], "k_pid_alt": [0.7956393511361832, 0.5988040832104143, 0.13061457488032394], "k_pid_att": [58.04248165398898, 5.588667928287402, 0.5981685962891362], "k_pid_yaw": [0.5, 1e-06, 0.1], "k_pid_hsp": [8.08315755355911, 0.5147740671427624, 0.0], "k_pid_vsp": [62.810741115828286, 189.052450316652, 94.43079695144864]}, "datetime": {"datetime": "2025-08-21 04:00:43", "elapsed": 58098.068982839584, "delta": 43.25291609764099}, "costs": {"total_cost": 252.78270668686218, "time_cost": 90.368, "final_distance_cost": 1.7573544520157496, "oscillation_cost": 74.4020929239639, "completition_cost": 0.0, "overshoot_cost": 56.6222350613495, "power_cost": 16.687702673339846, "noise_cost": 12.945321576193178, "n_waypoints_completed": 9, "tot_waypoints": 9}}
{"target": -324.1839685407633, "params": {"k_pid_pos": [2.0, 0.0, 0.0], "k_pid_alt": [2.0, 0.0, 0.0], "k_pid_att": [50.83758310962048, 4.068602510467837, 0.0], "k_pid_yaw": [0.5, 1e-06, 0.1], "k_pid_hsp": [9.764763041018817, 0.21916784565932756, 1.0], "k_pid_vsp": [346.5189249554201, 214.91584938650007, 25.89328237531536]}, "datetime": {"datetime": "2025-08-21 04:01:37", "elapsed": 58151.96931052208, "delta": 53.90032768249512}, "costs": {"total_cost": 324.1839685407633, "time_cost": 71.48, "final_distance_cost": 1.7452449032792419, "oscillation_cost": 169.5640161523728, "completition_cost": 0.0, "overshoot_cost": 51.158715388813384, "power_cost": 17.093498571777346, "noise_cost": 13.142493524520543, "n_waypoints_completed": 9, "tot_waypoints": 9}}
{"target": -791.2194640362546, "params": {"k_pid_pos": [0.33805695556205223, 0.7111168413184343, 0.09095480692100133], "k_pid_alt": [1.4225414641644554, 0.9706001995942982, 0.4307841523932926], "k_pid_att": [98.02839069814308, 2.939469018755453, 0.7542984097786805], "k_pid_yaw": [0.5, 1e-06, 0.1], "k_pid_hsp": [5.199968687438214, 0.8895952818655996, 0.43115016261884287], "k_pid_vsp": [159.93978730010068, 219.13010731950163, 45.06536095766242]}, "datetime": {"datetime": "2025-08-21 04:02:24", "elapsed": 58198.95443677902, "delta": 46.98512625694275}, "costs": {"total_cost": 791.2194640362546, "time_cost": 150, "final_distance_cost": 71.44234593167215, "oscillation_cost": 147.41011118606536, "completition_cost": 333.33333333333337, "overshoot_cost": 51.63398744031974, "power_cost": 20.83740418701172, "noise_cost": 16.56228195785222, "n_waypoints_completed": 6, "tot_waypoints": 9}}
{"target": -805.0988696919201, "params": {"k_pid_pos": [1.50984659348129, 0.13630606603654635, 0.4120624786851995], "k_pid_alt": [0.6494584274499279, 0.7206793442917397, 0.08216206313743213], "k_pid_att": [82.25965796586901, 1.0951485909098329, 0.31806378700938237], "k_pid_yaw": [0.5, 1e-06, 0.1], "k_pid_hsp": [8.269956802781168, 0.07247249764071305, 0.9311503867326827], "k_pid_vsp": [359.8663221345881, 372.34171081412575, 215.58638793493418]}, "datetime": {"datetime": "2025-08-21 04:03:11", "elapsed": 58246.31124448776, "delta": 47.356807708740234}, "costs": {"total_cost": 805.0988696919201, "time_cost": 150, "final_distance_cost": 73.54436759607621, "oscillation_cost": 264.3840704029936, "completition_cost": 222.2222222222222, "overshoot_cost": 56.24018488359124, "power_cost": 22.40315408935547, "noise_cost": 16.304870497681296, "n_waypoints_completed": 7, "tot_waypoints": 9}}
{"target": -705.0729448230205, "params": {"k_pid_pos": [0.7247999129881854, 0.6557441574606765, 0.7980653005772497], "k_pid_alt": [1.5939355319036945, 0.41303639220363686, 0.6399043012662092], "k_pid_att": [85.00385756965912, 3.8340650102022846, 0.5028005931191063], "k_pid_yaw": [0.5, 1e-06, 0.1], "k_pid_hsp": [4.643114922136284, 0.08030648044021951, 0.2855900276989215], "k_pid_vsp": [366.629326489164, 376.2218067736943, 216.79598038377193]}, "datetime": {"datetime": "2025-08-21 04:04:01", "elapsed": 58296.17814898491, "delta": 49.866904497146606}, "costs": {"total_cost": 705.0729448230205, "time_cost": 150, "final_distance_cost": 59.85321112005331, "oscillation_cost": 298.8702566271211, "completition_cost": 111.11111111111116, "overshoot_cost": 47.568598472630065, "power_cost": 21.482294970703126, "noise_cost": 16.187472521401826, "n_waypoints_completed": 8, "tot_waypoints": 9}}
{"target": -1426.9292523610172, "params": {"k_pid_pos": [2.0, 0.0, 0.0], "k_pid_alt": [0.0, 0.0, 0.0], "k_pid_att": [87.32579534448307, 5.991960615164972, 1.0], "k_pid_yaw": [0.5, 1e-06, 0.1], "k_pid_hsp": [10.0, 1.0, 0.0], "k_pid_vsp": [120.50910169397694, 282.2411239520547, 96.10898978993096]}, "datetime": {"datetime": "2025-08-21 04:04:43", "elapsed": 58338.48580980301, "delta": 42.307660818099976}, "costs": {"total_cost": 1426.9292523610172, "time_cost": 150, "final_distance_cost": 1.2599947231433013, "oscillation_cost": 36.93745029959873, "completition_cost": 1000.0, "overshoot_cost": 131.69805676083072, "power_cost": 34.30148106689453, "noise_cost": 72.73226951055003, "n_waypoints_completed": 0, "tot_waypoints": 9}}
{"target": -299.40923516074673, "params": {"k_pid_pos": [2.0, 0.0, 0.0], "k_pid_alt": [2.0, 0.0, 0.2514818631090004], "k_pid_att": [50.68698718216397, 0.49268346918581485, 0.08038039626109], "k_pid_yaw": [0.5, 1e-06, 0.1], "k_pid_hsp": [6.711197580156126, 0.3462426814758447, 1.0], "k_pid_vsp": [350.1769121313358, 212.63245823229684, 25.17804312233982]}, "datetime": {"datetime": "2025-08-21 04:05:32", "elapsed": 58386.80813550949, "delta": 48.322325706481934}, "costs": {"total_cost": 299.40923516074673, "time_cost": 73.4, "final_distance_cost": 1.7075107319836655, "oscillation_cost": 145.4561046910155, "completition_cost": 0.0, "overshoot_cost": 50.239198282711826, "power_cost": 16.036942358398438, "noise_cost": 12.569479096637274, "n_waypoints_completed": 9, "tot_waypoints": 9}}
{"target": -223.04351898260876, "params": {"k_pid_pos": [0.4927756518708425, 0.0, 0.12039548543194602], "k_pid_alt": [1.6417147211774439, 0.0, 0.0], "k_pid_att": [88.68026300169669, 5.3235090033396, 1.0], "k_pid_yaw": [0.5, 1e-06, 0.1], "k_pid_hsp": [8.224688412805707, 1.0, 0.0], "k_pid_vsp": [117.43507381659077, 275.36628548538, 97.07923399805941]}, "datetime": {"datetime": "2025-08-21 04:06:14", "elapsed": 58429.42275309563, "delta": 42.614617586135864}, "costs": {"total_cost": 223.04351898260876, "time_cost": 85.04, "final_distance_cost": 1.8532665988928592, "oscillation_cost": 50.10057156418109, "completition_cost": 0.0, "overshoot_cost": 51.01335754811078, "power_cost": 18.78202156982422, "noise_cost": 16.25430170159982, "n_waypoints_completed": 9, "tot_waypoints": 9}}
{"target": -1071.9518371162658, "params": {"k_pid_pos": [0.39218989139563054, 0.2973913016212686, 0.5691053895241787], "k_pid_alt": [0.6793584209634843, 0.34027117283248315, 0.7707035074750556], "k_pid_att": [45.518488826057066, 7.998587864008282, 0.37010051955134904], "k_pid_yaw": [0.5, 1e-06, 0.1], "k_pid_hsp": [7.559007245467086, 0.37748779786757447, 0.3846030149528991], "k_pid_vsp": [240.6149567104263, 76.07575714910926, 154.34358242270645]}, "datetime": {"datetime": "2025-08-21 04:07:00", "elapsed": 58474.95445346832, "delta": 45.53170037269592}, "costs": {"total_cost": 1071.9518371162658, "time_cost": 150, "final_distance_cost": 45.31995650633636, "oscillation_cost": 348.32798081617705, "completition_cost": 444.4444444444444, "overshoot_cost": 46.47542865114711, "power_cost": 20.83313552246094, "noise_cost": 16.55089117570007, "n_waypoints_completed": 5, "tot_waypoints": 9}}
