{"target": -866.8096615211961, "params": {"k_pid_pos": [0.7001863295294758, 0.9534266136752617, 0.8261029375068998], "k_pid_alt": [0.8839921418673362, 0.5732835064221329, 0.052309270170134536], "k_pid_att": [32.43515171834418, 0.5232657340959735, 0.127062040943555], "k_pid_yaw": [0.5, 1e-06, 0.1], "k_pid_hsp": [9.752119467228558, 0.10800726870317845, 0.7821053957708649], "k_pid_vsp": [356.1751167280815, 177.8266228222548, 118.16690918088251]}, "datetime": {"datetime": "2025-08-20 14:24:42", "elapsed": 9136.537553787231, "delta": 23.751112461090088}, "costs": {"total_cost": 866.8096615211961, "time_cost": 150, "final_distance_cost": 70.27494457793514, "oscillation_cost": 226.59026391670236, "completition_cost": 333.33333333333337, "overshoot_cost": 47.16765232159754, "power_cost": 22.08381275634766, "noise_cost": 17.35965461528, "n_waypoints_completed": 6, "tot_waypoints": 9}}
{"target": -1063.9109056818318, "params": {"k_pid_pos": [1.062483838233365, 0.8298212831194255, 0.700954285660603], "k_pid_alt": [0.37798270162041026, 0.9292353956912097, 0.8921891737050216], "k_pid_att": [28.436619512519044, 0.1267832181332426, 0.033932891321943104], "k_pid_yaw": [0.5, 1e-06, 0.1], "k_pid_hsp": [7.346782571896661, 0.5269995136223941, 0.2866332629384658], "k_pid_vsp": [73.06639709581613, 99.92972251075591, 100.03197179230816]}, "datetime": {"datetime": "2025-08-20 14:25:06", "elapsed": 9160.689223527908, "delta": 24.15166974067688}, "costs": {"total_cost": 1063.9109056818318, "time_cost": 150, "final_distance_cost": 57.99209000632137, "oscillation_cost": 320.2696275422372, "completition_cost": 444.4444444444444, "overshoot_cost": 53.765744199129315, "power_cost": 20.836937365722658, "noise_cost": 16.602062123976893, "n_waypoints_completed": 5, "tot_waypoints": 9}}
{"target": -1125.0885856346965, "params": {"k_pid_pos": [0.08592666713702059, 0.5184801829178962, 0.9495837413231246], "k_pid_alt": [1.6820578698675828, 0.646829097855559, 0.7638556540524177], "k_pid_att": [26.626558231252805, 3.3490441676288305, 0.09840576255128286], "k_pid_yaw": [0.5, 1e-06, 0.1], "k_pid_hsp": [5.129210376674262, 0.7643541624399597, 0.5053219208940061], "k_pid_vsp": [220.78195922502601, 356.2032590927673, 119.5257846190504]}, "datetime": {"datetime": "2025-08-20 14:25:29", "elapsed": 9184.423793554306, "delta": 23.734570026397705}, "costs": {"total_cost": 1125.0885856346965, "time_cost": 150, "final_distance_cost": 49.37341791990164, "oscillation_cost": 386.13118525940797, "completition_cost": 444.4444444444444, "overshoot_cost": 61.631237017640025, "power_cost": 18.972300927734377, "noise_cost": 14.536000065568148, "n_waypoints_completed": 5, "tot_waypoints": 9}}
{"target": -1513.3139061561017, "params": {"k_pid_pos": [1.6255131424819715, 0.10227755637525893, 0.32223278224127594], "k_pid_alt": [0.9620258183992165, 0.03405538027568833, 0.709714598486682], "k_pid_att": [26.762462408835063, 9.320857576435682, 0.10171889148861146], "k_pid_yaw": [0.5, 1e-06, 0.1], "k_pid_hsp": [2.147357585407411, 0.7587080821531074, 0.2902439974755304], "k_pid_vsp": [50.64867905365142, 49.80730038282918, 275.313610524044]}, "datetime": {"datetime": "2025-08-20 14:25:54", "elapsed": 9208.991552829742, "delta": 24.5677592754364}, "costs": {"total_cost": 1513.3139061561017, "time_cost": 150, "final_distance_cost": 70.0345528857826, "oscillation_cost": 370.03215199588215, "completition_cost": 777.7777777777778, "overshoot_cost": 92.87428337668509, "power_cost": 25.777796606445314, "noise_cost": 26.81734351352887, "n_waypoints_completed": 2, "tot_waypoints": 9}}
{"target": -1361.9717099190852, "params": {"k_pid_pos": [0.1911228819542571, 0.5426763049290058, 0.6681672732306896], "k_pid_alt": [0.6806375911393499, 0.6491361482878714, 0.2587473169853065], "k_pid_att": [18.246976744286247, 2.504907558775938, 0.9600849230698018], "k_pid_yaw": [0.5, 1e-06, 0.1], "k_pid_hsp": [1.887746298315445, 0.07354523477727137, 0.7931351847188167], "k_pid_vsp": [361.0250967387073, 39.58395951785524, 297.11677989109666]}, "datetime": {"datetime": "2025-08-20 14:26:18", "elapsed": 9233.093524932861, "delta": 24.101972103118896}, "costs": {"total_cost": 1361.9717099190852, "time_cost": 150, "final_distance_cost": 92.77150232664951, "oscillation_cost": 257.9252276387461, "completition_cost": 777.7777777777778, "overshoot_cost": 49.403513670557295, "power_cost": 19.12353748779297, "noise_cost": 14.97015101756163, "n_waypoints_completed": 2, "tot_waypoints": 9}}
{"target": -5847.126409059969, "params": {"k_pid_pos": [1.8058561750615365, 0.14577257484845585, 0.6009179595981553], "k_pid_alt": [1.1090210831185816, 0.7755356059570307, 0.9781490987130962], "k_pid_att": [0.16663319905625418, 5.928837308527115, 0.17624827189086278], "k_pid_yaw": [0.5, 1e-06, 0.1], "k_pid_hsp": [4.356773700044695, 0.5376091985116712, 0.40653150277283945], "k_pid_vsp": [14.681095735551386, 202.4012499387797, 306.08889083050684]}, "datetime": {"datetime": "2025-08-20 14:26:45", "elapsed": 9260.28311252594, "delta": 27.189587593078613}, "costs": {"total_cost": 5847.126409059969, "time_cost": 150, "final_distance_cost": 1058.1545280322896, "oscillation_cost": 1396.1746182071427, "completition_cost": 1000.0, "overshoot_cost": 2115.869787357906, "power_cost": 31.46491695556641, "noise_cost": 95.46255850706564, "n_waypoints_completed": 0, "tot_waypoints": 9}}
{"target": -1232.162172866993, "params": {"k_pid_pos": [0.5670366509271111, 0.6331326883097236, 0.7491737541688251], "k_pid_alt": [1.8584623316083866, 0.371338515307462, 0.6508551523718211], "k_pid_att": [36.01819319230597, 2.990620357216506, 0.6406124296047365], "k_pid_yaw": [0.5, 1e-06, 0.1], "k_pid_hsp": [0.7624429827277969, 0.4292233572717724, 0.982853818802178], "k_pid_vsp": [242.18768785939545, 348.7878629377013, 141.9992627937624]}, "datetime": {"datetime": "2025-08-20 14:27:11", "elapsed": 9285.696687459946, "delta": 25.413574934005737}, "costs": {"total_cost": 1232.162172866993, "time_cost": 150, "final_distance_cost": 53.30253900789447, "oscillation_cost": 255.40282563035572, "completition_cost": 666.6666666666667, "overshoot_cost": 68.0399141949825, "power_cost": 22.499103479003907, "noise_cost": 16.251123888089488, "n_waypoints_completed": 3, "tot_waypoints": 9}}
{"target": -881.2148259475583, "params": {"k_pid_pos": [0.9626266767049843, 0.7621920625021703, 0.43244043342878236], "k_pid_alt": [1.1371882895253889, 0.953412363269422, 0.3392462266587666], "k_pid_att": [92.69093800027248, 0.13364961236032288, 0.939532903228745], "k_pid_yaw": [0.5, 1e-06, 0.1], "k_pid_hsp": [7.014705856477659, 0.5843137296776936, 0.655148769997272], "k_pid_vsp": [108.73620879094629, 248.56370453342382, 122.0153010800163]}, "datetime": {"datetime": "2025-08-20 14:27:35", "elapsed": 9310.063530683517, "delta": 24.366843223571777}, "costs": {"total_cost": 881.2148259475583, "time_cost": 150, "final_distance_cost": 70.0148643531147, "oscillation_cost": 233.0646095287176, "completition_cost": 333.33333333333337, "overshoot_cost": 58.48787794769441, "power_cost": 20.779479760742188, "noise_cost": 15.534661023956007, "n_waypoints_completed": 6, "tot_waypoints": 9}}
{"target": -1333.6555475035605, "params": {"k_pid_pos": [1.1496922281790374, 0.9157849252258611, 0.6671067179356686], "k_pid_alt": [0.02741420545811213, 0.1462103761923894, 0.6074051186239625], "k_pid_att": [86.28074490695197, 1.971530420884803, 0.33894834614900315], "k_pid_yaw": [0.5, 1e-06, 0.1], "k_pid_hsp": [2.004875255897205, 0.030924250895665528, 0.6907077256440812], "k_pid_vsp": [197.27762751264737, 53.834365957909455, 258.74859620353396]}, "datetime": {"datetime": "2025-08-20 14:28:00", "elapsed": 9334.731429815292, "delta": 24.667899131774902}, "costs": {"total_cost": 1333.6555475035605, "time_cost": 150, "final_distance_cost": 63.68180704648196, "oscillation_cost": 140.01452017357016, "completition_cost": 888.8888888888888, "overshoot_cost": 52.31646758952195, "power_cost": 22.491462512207033, "noise_cost": 16.262401292890345, "n_waypoints_completed": 1, "tot_waypoints": 9}}
{"target": -808.0311050166512, "params": {"k_pid_pos": [1.4104238065254109, 0.729798835472516, 0.024457839879111765], "k_pid_alt": [1.7972500246736176, 0.07822279504241858, 0.6528044122389633], "k_pid_att": [97.13018322609625, 9.348401653093587, 0.2393586935262909], "k_pid_yaw": [0.5, 1e-06, 0.1], "k_pid_hsp": [3.8364047057334405, 0.31600701736920433, 0.20576497745555344], "k_pid_vsp": [116.38665263764824, 190.6975601722765, 15.95630801468641]}, "datetime": {"datetime": "2025-08-20 14:28:24", "elapsed": 9358.94924235344, "delta": 24.217812538146973}, "costs": {"total_cost": 808.0311050166512, "time_cost": 150, "final_distance_cost": 73.43511256138538, "oscillation_cost": 151.01157492765455, "completition_cost": 333.33333333333337, "overshoot_cost": 60.41487591656309, "power_cost": 22.976764685058594, "noise_cost": 16.859443592656156, "n_waypoints_completed": 6, "tot_waypoints": 9}}
{"target": -1972.4547811487707, "params": {"k_pid_pos": [0.4906994000502414, 0.057934785330837624, 0.3658138452219106], "k_pid_alt": [1.5276509274031347, 0.8878356239041079, 0.2010319672245815], "k_pid_att": [0.2901844262544584, 1.7826823440111135, 0.6625334055634319], "k_pid_yaw": [0.5, 1e-06, 0.1], "k_pid_hsp": [5.081513924703426, 0.4516214007668321, 0.8124155723746862], "k_pid_vsp": [223.8140664607514, 85.96521176603034, 287.3090135954203]}, "datetime": {"datetime": "2025-08-20 14:28:48", "elapsed": 9383.467257976532, "delta": 24.51801562309265}, "costs": {"total_cost": 1972.4547811487707, "time_cost": 150, "final_distance_cost": 92.12551735246052, "oscillation_cost": 330.7134891295245, "completition_cost": 1000.0, "overshoot_cost": 271.2776927002352, "power_cost": 32.83868325195313, "noise_cost": 95.49939871459732, "n_waypoints_completed": 0, "tot_waypoints": 9}}
{"target": -917.2709147804359, "params": {"k_pid_pos": [0.702365715280189, 0.536254464045605, 0.11827887118324198], "k_pid_alt": [1.4878777539085117, 0.16484125287515006, 0.9263076329713866], "k_pid_att": [47.26043286696686, 7.760282785551432, 0.2574326982563394], "k_pid_yaw": [0.5, 1e-06, 0.1], "k_pid_hsp": [6.463792911796831, 0.4427560553568758, 0.21708264292047852], "k_pid_vsp": [199.3747042430946, 251.23383509563956, 236.03769342336471]}, "datetime": {"datetime": "2025-08-20 14:29:15", "elapsed": 9409.81838464737, "delta": 26.351126670837402}, "costs": {"total_cost": 917.2709147804359, "time_cost": 150, "final_distance_cost": 69.74315738829117, "oscillation_cost": 281.1950708993906, "completition_cost": 333.33333333333337, "overshoot_cost": 44.64186606443582, "power_cost": 21.934056481933595, "noise_cost": 16.423430613051284, "n_waypoints_completed": 6, "tot_waypoints": 9}}
{"target": -1251.9783897803932, "params": {"k_pid_pos": [0.03147855289866768, 0.6972638841379795, 0.07725284863975612], "k_pid_alt": [1.993196584805835, 0.9806650197350074, 0.06495771290795571], "k_pid_att": [92.01383078373223, 8.07510345301318, 0.09228819733467519], "k_pid_yaw": [0.5, 1e-06, 0.1], "k_pid_hsp": [3.8267815734638972, 0.923726584183775, 0.10410912799786476], "k_pid_vsp": [300.4513854696203, 113.84087709153914, 224.91204213750427]}, "datetime": {"datetime": "2025-08-20 14:29:39", "elapsed": 9434.403156995773, "delta": 24.58477234840393}, "costs": {"total_cost": 1251.9783897803932, "time_cost": 150, "final_distance_cost": 84.01334717706378, "oscillation_cost": 147.98819139636774, "completition_cost": 777.7777777777778, "overshoot_cost": 52.55089508772782, "power_cost": 22.935869287109377, "noise_cost": 16.71230905434657, "n_waypoints_completed": 2, "tot_waypoints": 9}}
{"target": -947.2493367545329, "params": {"k_pid_pos": [0.9488718416993223, 0.7779720046498274, 0.8317496825372975], "k_pid_alt": [1.4257984700842092, 0.4749149261285204, 0.5818278261555486], "k_pid_att": [91.62375694843476, 8.08198848143419, 0.2875888283451886], "k_pid_yaw": [0.5, 1e-06, 0.1], "k_pid_hsp": [3.9707140506471896, 0.9250767594707372, 0.2605673997845268], "k_pid_vsp": [283.7511579425986, 376.8211382007676, 294.62215278381416]}, "datetime": {"datetime": "2025-08-20 14:30:06", "elapsed": 9461.137474775314, "delta": 26.734317779541016}, "costs": {"total_cost": 947.2493367545329, "time_cost": 150, "final_distance_cost": 70.79554069347368, "oscillation_cost": 304.75560868497956, "completition_cost": 333.33333333333337, "overshoot_cost": 47.50529501321606, "power_cost": 23.40426483154297, "noise_cost": 17.45529419798731, "n_waypoints_completed": 6, "tot_waypoints": 9}}
{"target": -1345.1083977961875, "params": {"k_pid_pos": [0.00042142981309258135, 0.5396166826228939, 0.24264618379487246], "k_pid_alt": [0.5090262632368483, 0.1635127747013212, 0.6637910783368808], "k_pid_att": [54.90597432347953, 5.4000751860098495, 0.08430597644786564], "k_pid_yaw": [0.5, 1e-06, 0.1], "k_pid_hsp": [9.971771262610263, 0.8818050662243323, 0.039901794434451854], "k_pid_vsp": [239.37166070866667, 273.2125560206478, 247.06023437586185]}, "datetime": {"datetime": "2025-08-20 14:30:29", "elapsed": 9484.422368764877, "delta": 23.28489398956299}, "costs": {"total_cost": 1345.1083977961875, "time_cost": 150, "final_distance_cost": 64.18617198567577, "oscillation_cost": 175.43179931714997, "completition_cost": 888.8888888888888, "overshoot_cost": 29.07671131279845, "power_cost": 20.974318469238284, "noise_cost": 16.550507822436177, "n_waypoints_completed": 1, "tot_waypoints": 9}}
{"target": -838.9528435324873, "params": {"k_pid_pos": [0.7346266529452238, 0.07866564681587151, 0.7716161859602357], "k_pid_alt": [0.7908613484496314, 0.64118891581447, 0.8428369656051764], "k_pid_att": [52.88048041226179, 0.7785938966394008, 0.2962768497679399], "k_pid_yaw": [0.5, 1e-06, 0.1], "k_pid_hsp": [4.076736692669914, 0.3401653211733857, 0.8087005811835254], "k_pid_vsp": [53.03435773090976, 277.96798297130147, 3.1745898441735]}, "datetime": {"datetime": "2025-08-20 14:30:54", "elapsed": 9509.162905216217, "delta": 24.74053645133972}, "costs": {"total_cost": 838.9528435324873, "time_cost": 150, "final_distance_cost": 67.5980995256294, "oscillation_cost": 317.01410085629976, "completition_cost": 222.2222222222222, "overshoot_cost": 45.71961084075605, "power_cost": 19.417376684570314, "noise_cost": 16.981433403009618, "n_waypoints_completed": 7, "tot_waypoints": 9}}
{"target": -748.1421561590685, "params": {"k_pid_pos": [1.045134564225615, 0.37603282388131054, 0.7088861279832274], "k_pid_alt": [1.1641884160291478, 0.6411296390409189, 0.2173000093600913], "k_pid_att": [6.462720357611406, 7.873933757360127, 0.3390609911043989], "k_pid_yaw": [0.5, 1e-06, 0.1], "k_pid_hsp": [6.392804250347334, 0.4530480787696052, 0.16668499608813214], "k_pid_vsp": [325.7662239799488, 11.056322664587872, 169.80956235316327]}, "datetime": {"datetime": "2025-08-20 14:31:23", "elapsed": 9537.86512851715, "delta": 28.702223300933838}, "costs": {"total_cost": 748.1421561590685, "time_cost": 150, "final_distance_cost": 71.82954070002071, "oscillation_cost": 212.04882885925326, "completition_cost": 222.2222222222222, "overshoot_cost": 53.2990909800655, "power_cost": 21.85678946533203, "noise_cost": 16.88568393217469, "n_waypoints_completed": 7, "tot_waypoints": 9}}
{"target": -1125.2986294313223, "params": {"k_pid_pos": [1.3353481114063932, 0.48604424046164096, 0.5514742134937521], "k_pid_alt": [1.6256956340511337, 0.6782971402860245, 0.368779649760122], "k_pid_att": [36.83103794356949, 4.479633897289764, 0.471335591496706], "k_pid_yaw": [0.5, 1e-06, 0.1], "k_pid_hsp": [1.7497421933549495, 0.1846651540406442, 0.323001317104075], "k_pid_vsp": [37.88584157137862, 49.46218537399697, 71.12335721268855]}, "datetime": {"datetime": "2025-08-20 14:31:53", "elapsed": 9567.599749803543, "delta": 29.734621286392212}, "costs": {"total_cost": 1125.2986294313223, "time_cost": 150, "final_distance_cost": 41.42190130244343, "oscillation_cost": 271.9324090951897, "completition_cost": 555.5555555555555, "overshoot_cost": 64.69849584901037, "power_cost": 22.688039392089845, "noise_cost": 19.002228237033158, "n_waypoints_completed": 4, "tot_waypoints": 9}}
{"target": -2515.6199805641704, "params": {"k_pid_pos": [1.5597629885405593, 0.271866067807487, 0.10804367366360534], "k_pid_alt": [0.3881547711853808, 0.8932834562372856, 0.4191721255820652], "k_pid_att": [98.51284350588413, 9.270337649409276, 0.3841406399684134], "k_pid_yaw": [0.5, 1e-06, 0.1], "k_pid_hsp": [2.3448338068690977, 0.6595415245258702, 0.03285715965510749], "k_pid_vsp": [1.4336494982025272, 34.823750095546046, 104.44079108275953]}, "datetime": {"datetime": "2025-08-20 14:32:19", "elapsed": 9594.512533903122, "delta": 26.912784099578857}, "costs": {"total_cost": 2515.6199805641704, "time_cost": 150, "final_distance_cost": 695.931951778023, "oscillation_cost": 55.971712446058355, "completition_cost": 888.8888888888888, "overshoot_cost": 664.7189919737523, "power_cost": 33.67721246337891, "noise_cost": 26.43122301406902, "n_waypoints_completed": 1, "tot_waypoints": 9}}
{"target": -864.5604224342219, "params": {"k_pid_pos": [1.1396719321727873, 0.8821734864941517, 0.817970774670911], "k_pid_alt": [1.289432258882016, 0.16479715434996756, 0.7626037297795659], "k_pid_att": [38.8490007962522, 0.4086432816607484, 0.35198833108359395], "k_pid_yaw": [0.5, 1e-06, 0.1], "k_pid_hsp": [8.24372070397217, 0.8440437111094174, 0.9411431320752482], "k_pid_vsp": [336.52836724375777, 253.93575332231802, 258.0948368641016]}, "datetime": {"datetime": "2025-08-20 14:32:45", "elapsed": 9620.079048156738, "delta": 25.566514253616333}, "costs": {"total_cost": 864.5604224342219, "time_cost": 150, "final_distance_cost": 68.1801473184331, "oscillation_cost": 230.65929788772854, "completition_cost": 333.33333333333337, "overshoot_cost": 45.490755594325464, "power_cost": 21.453132165527343, "noise_cost": 15.443756134874011, "n_waypoints_completed": 6, "tot_waypoints": 9}}
{"target": -713.568964500405, "params": {"k_pid_pos": [1.8203297763893203, 0.6421160483193504, 0.03633806519627114], "k_pid_alt": [1.8710663333961741, 0.508910992851064, 0.9717062946921623], "k_pid_att": [42.06039551283681, 3.4895087115198837, 0.6553459980808398], "k_pid_yaw": [0.5, 1e-06, 0.1], "k_pid_hsp": [1.7100485822991986, 0.6698229341738958, 0.0317923000178969], "k_pid_vsp": [323.46920477991773, 237.5004532475797, 46.12935617390283]}, "datetime": {"datetime": "2025-08-20 14:33:11", "elapsed": 9646.1804459095, "delta": 26.10139775276184}, "costs": {"total_cost": 713.568964500405, "time_cost": 150, "final_distance_cost": 68.3370683231235, "oscillation_cost": 72.14649347728681, "completition_cost": 333.33333333333337, "overshoot_cost": 53.74499523187491, "power_cost": 20.778089208984376, "noise_cost": 15.228984925802035, "n_waypoints_completed": 6, "tot_waypoints": 9}}
{"target": -1594.342042086359, "params": {"k_pid_pos": [1.3220156374990832, 0.23452159861263677, 0.2711691838554571], "k_pid_alt": [0.24646723186098796, 0.4369003870174455, 0.07202271186255815], "k_pid_att": [0.8178233440362392, 1.690800420205554, 0.5714102865747859], "k_pid_yaw": [0.5, 1e-06, 0.1], "k_pid_hsp": [7.490279758498361, 0.053375577576420086, 0.24809748031168333], "k_pid_vsp": [224.187796171321, 172.5213109655398, 185.83677845559203]}, "datetime": {"datetime": "2025-08-20 14:33:36", "elapsed": 9671.098251104355, "delta": 24.917805194854736}, "costs": {"total_cost": 1594.342042086359, "time_cost": 150, "final_distance_cost": 9.424132258359874, "oscillation_cost": 204.0927865375079, "completition_cost": 1000.0, "overshoot_cost": 126.01191303782123, "power_cost": 33.03513551025391, "noise_cost": 71.77807474241625, "n_waypoints_completed": 0, "tot_waypoints": 9}}
{"target": -974.8001502296781, "params": {"k_pid_pos": [0.2828470818245866, 0.2884146276354662, 0.0233880558860996], "k_pid_alt": [1.0512915626682398, 0.9754366802752734, 0.5130599957218996], "k_pid_att": [72.48730955181489, 8.939552650881781, 0.16739637018635123], "k_pid_yaw": [0.5, 1e-06, 0.1], "k_pid_hsp": [2.0531383087710506, 0.31048449408567924, 0.07003713637235531], "k_pid_vsp": [289.68763676884765, 369.33466037835564, 208.93907166699674]}, "datetime": {"datetime": "2025-08-20 14:33:59", "elapsed": 9694.516047000885, "delta": 23.41779589653015}, "costs": {"total_cost": 974.8001502296781, "time_cost": 150, "final_distance_cost": 52.93065217074756, "oscillation_cost": 238.7388868948476, "completition_cost": 444.4444444444444, "overshoot_cost": 52.94668837381307, "power_cost": 19.531875524902343, "noise_cost": 16.207602820923107, "n_waypoints_completed": 5, "tot_waypoints": 9}}
{"target": -1483.552852854387, "params": {"k_pid_pos": [1.7143208625390078, 0.3727087055088695, 0.2278140629481209], "k_pid_alt": [1.573441328669426, 0.5297938607923863, 0.74280801566291], "k_pid_att": [2.134568799630232, 0.9574576770243186, 0.0899508363679904], "k_pid_yaw": [0.5, 1e-06, 0.1], "k_pid_hsp": [3.0008524182223297, 0.9099705685674625, 0.8261210313685753], "k_pid_vsp": [223.08874129141657, 101.59288448139266, 312.60665496559847]}, "datetime": {"datetime": "2025-08-20 14:34:24", "elapsed": 9718.815230846405, "delta": 24.29918384552002}, "costs": {"total_cost": 1483.552852854387, "time_cost": 150, "final_distance_cost": 1.7485976267707226, "oscillation_cost": 142.3840304877537, "completition_cost": 1000.0, "overshoot_cost": 126.29502504189077, "power_cost": 20.122449145507815, "noise_cost": 43.00275055246428, "n_waypoints_completed": 0, "tot_waypoints": 9}}
