{"target": -1482.8014495343791, "params": {"k_pid_pos": [0.3612450496953324, 0.9264585441749261, 0.3237708522026602], "k_pid_alt": [1.878771202381541, 0.37578630968215754, 0.24890985368718732], "k_pid_att": [72.25816478331963, 0.7510451061149265, 0.039454409176725824], "k_pid_yaw": [0.5, 1e-06, 0.1], "k_pid_hsp": [4.084082662270361, 0.07050403279441797, 0.6426476235410996], "k_pid_vsp": [29.736881883547994, 65.99916543471022, 144.36140524828025]}, "datetime": {"datetime": "2025-08-20 19:10:06", "elapsed": 26260.522081136703, "delta": 30.674108028411865}, "costs": {"total_cost": 1482.8014495343791, "time_cost": 150, "final_distance_cost": 13.258978615388042, "oscillation_cost": 120.93619528471794, "completition_cost": 1000.0, "overshoot_cost": 135.5964313874188, "power_cost": 16.784318359375, "noise_cost": 46.22552588747934, "n_waypoints_completed": 0, "tot_waypoints": 9}}
{"target": -1258.6288422513587, "params": {"k_pid_pos": [0.3278688603679197, 0.5860599971280095, 0.17072829204894957], "k_pid_alt": [1.537943399141541, 0.8859710570494579, 0.04841432980865856], "k_pid_att": [56.046169482778, 1.2826839089614954, 0.5950645680860797], "k_pid_yaw": [0.5, 1e-06, 0.1], "k_pid_hsp": [6.184057099069291, 0.8299330129614807, 0.993937820011599], "k_pid_vsp": [157.74410169917869, 291.7311094710017, 293.89780229139143]}, "datetime": {"datetime": "2025-08-20 19:10:41", "elapsed": 26295.703453063965, "delta": 35.18137192726135}, "costs": {"total_cost": 1258.6288422513587, "time_cost": 150, "final_distance_cost": 87.86038119040133, "oscillation_cost": 159.38801408970158, "completition_cost": 777.7777777777778, "overshoot_cost": 42.08901473402487, "power_cost": 23.578156542968753, "noise_cost": 17.935497916484316, "n_waypoints_completed": 2, "tot_waypoints": 9}}
{"target": -1262.4434227552233, "params": {"k_pid_pos": [0.938293963282093, 0.21160283653210243, 0.997184924805194], "k_pid_alt": [1.3268740347136003, 0.8969257786683218, 0.03940070202439794], "k_pid_att": [22.705247847189437, 9.117490048359134, 0.32195211162450654], "k_pid_yaw": [0.5, 1e-06, 0.1], "k_pid_hsp": [7.0344788549259984, 0.38830990282296796, 0.21995196896382485], "k_pid_vsp": [281.1480479529843, 105.47772492826861, 351.9073178955516]}, "datetime": {"datetime": "2025-08-20 19:11:07", "elapsed": 26322.29003095627, "delta": 26.586577892303467}, "costs": {"total_cost": 1262.4434227552233, "time_cost": 150, "final_distance_cost": 42.845135102658425, "oscillation_cost": 410.23796136940877, "completition_cost": 555.5555555555555, "overshoot_cost": 66.43079464091299, "power_cost": 20.908833264160158, "noise_cost": 16.465142822527252, "n_waypoints_completed": 4, "tot_waypoints": 9}}
{"target": -988.9751239707999, "params": {"k_pid_pos": [1.3056058267848978, 0.08525592257952552, 0.5001509556522344], "k_pid_alt": [1.8482333515641058, 0.46866872238326074, 0.5879173679216578], "k_pid_att": [30.265012855519657, 8.777858799238116, 0.607493843393612], "k_pid_yaw": [0.5, 1e-06, 0.1], "k_pid_hsp": [9.452065477839744, 0.2488655564001092, 0.28157286017945937], "k_pid_vsp": [226.87096732319793, 17.370871123879276, 266.0862671908302]}, "datetime": {"datetime": "2025-08-20 19:11:35", "elapsed": 26349.640867471695, "delta": 27.350836515426636}, "costs": {"total_cost": 988.9751239707999, "time_cost": 150, "final_distance_cost": 70.11266403118871, "oscillation_cost": 331.0544318880277, "completition_cost": 333.33333333333337, "overshoot_cost": 64.64624261055933, "power_cost": 22.55765352783203, "noise_cost": 17.270798579858784, "n_waypoints_completed": 6, "tot_waypoints": 9}}
{"target": -399.6207687039795, "params": {"k_pid_pos": [1.489941104323927, 0.9115779848984429, 0.9901930964744312], "k_pid_alt": [1.6507489695282873, 0.7697578322546919, 0.7420576487152858], "k_pid_att": [2.8740803139391646, 9.069666962059761, 0.14786869533697933], "k_pid_yaw": [0.5, 1e-06, 0.1], "k_pid_hsp": [2.545251431926798, 0.04769241511215705, 0.11816536051665782], "k_pid_vsp": [207.03837343677978, 222.5339391874667, 82.46198886217843]}, "datetime": {"datetime": "2025-08-20 19:12:02", "elapsed": 26376.550513505936, "delta": 26.909646034240723}, "costs": {"total_cost": 399.6207687039795, "time_cost": 99.608, "final_distance_cost": 1.7830188603440404, "oscillation_cost": 204.29243004861772, "completition_cost": 0.0, "overshoot_cost": 55.99526241068059, "power_cost": 21.560834960937502, "noise_cost": 16.381222423399667, "n_waypoints_completed": 9, "tot_waypoints": 9}}
{"target": -992.5339766448394, "params": {"k_pid_pos": [1.5799820926747679, 0.9034013811175421, 0.6519749685681434], "k_pid_alt": [0.05821562653356205, 0.1768553211156484, 0.7553461724715683], "k_pid_att": [50.52250586843544, 4.563692092982917, 0.44486770024704025], "k_pid_yaw": [0.5, 1e-06, 0.1], "k_pid_hsp": [5.3637019071751215, 0.5083982774106739, 0.4061743373774763], "k_pid_vsp": [244.55553439995506, 112.505673093536, 144.71561771513217]}, "datetime": {"datetime": "2025-08-20 19:12:33", "elapsed": 26407.803759098053, "delta": 31.25324559211731}, "costs": {"total_cost": 992.5339766448394, "time_cost": 150, "final_distance_cost": 48.60540511501632, "oscillation_cost": 253.7957708220396, "completition_cost": 444.4444444444444, "overshoot_cost": 56.75555724639979, "power_cost": 22.623358068847658, "noise_cost": 16.30944094809158, "n_waypoints_completed": 5, "tot_waypoints": 9}}
{"target": -724.4850701100971, "params": {"k_pid_pos": [0.8281823203220291, 0.5494267641284969, 0.19558844761822314], "k_pid_alt": [1.2428615818424404, 0.12738275364440887, 0.5919374271847628], "k_pid_att": [5.852210039361683, 5.091533945574213, 0.24650014805541054], "k_pid_yaw": [0.5, 1e-06, 0.1], "k_pid_hsp": [3.9474452859967633, 0.7308580244923969, 0.3868465488380106], "k_pid_vsp": [336.3368068664847, 128.7898764946841, 96.73468069762289]}, "datetime": {"datetime": "2025-08-20 19:13:00", "elapsed": 26435.142436027527, "delta": 27.338676929473877}, "costs": {"total_cost": 724.4850701100971, "time_cost": 150, "final_distance_cost": 71.08354996485048, "oscillation_cost": 194.79478847550604, "completition_cost": 222.2222222222222, "overshoot_cost": 46.54345369803737, "power_cost": 23.421962243652345, "noise_cost": 16.419093505828656, "n_waypoints_completed": 7, "tot_waypoints": 9}}
{"target": -599.5486564703702, "params": {"k_pid_pos": [1.199948318697428, 0.7111642856697585, 0.3067468998428321], "k_pid_alt": [1.8185480868994452, 0.2372786798801032, 0.271619847021043], "k_pid_att": [63.572197133472265, 1.241923829955599, 0.7093146080487357], "k_pid_yaw": [0.5, 1e-06, 0.1], "k_pid_hsp": [1.786806551203395, 0.9591954150994276, 0.0793639595193989], "k_pid_vsp": [224.95275598697341, 299.6180078813838, 1.20740769418238]}, "datetime": {"datetime": "2025-08-20 19:13:31", "elapsed": 26465.592334508896, "delta": 30.44989848136902}, "costs": {"total_cost": 599.5486564703702, "time_cost": 150, "final_distance_cost": 65.90720150728013, "oscillation_cost": 81.57402122534444, "completition_cost": 222.2222222222222, "overshoot_cost": 44.6758860401888, "power_cost": 19.43895574951172, "noise_cost": 15.730369725822973, "n_waypoints_completed": 7, "tot_waypoints": 9}}
{"target": -1193.7686540847046, "params": {"k_pid_pos": [0.10041217773855952, 0.8374738151153511, 0.6884711436260746], "k_pid_alt": [0.6880441818441538, 0.08049030090050435, 0.6150280216136216], "k_pid_att": [74.32862410030066, 7.673493732219623, 0.09947305325384626], "k_pid_yaw": [0.5, 1e-06, 0.1], "k_pid_hsp": [4.276857457133613, 0.8029935557934985, 0.6689902429508773], "k_pid_vsp": [389.07972197054306, 330.8685855367691, 299.6514843683513]}, "datetime": {"datetime": "2025-08-20 19:13:57", "elapsed": 26491.665923833847, "delta": 26.073589324951172}, "costs": {"total_cost": 1193.7686540847046, "time_cost": 150, "final_distance_cost": 55.953851738576624, "oscillation_cost": 223.14377554004452, "completition_cost": 666.6666666666667, "overshoot_cost": 59.801717536075174, "power_cost": 21.98301845703125, "noise_cost": 16.219624146310533, "n_waypoints_completed": 3, "tot_waypoints": 9}}
{"target": -1213.7528288877184, "params": {"k_pid_pos": [0.32588799065907886, 0.31350739711491127, 0.1759968553641239], "k_pid_alt": [1.852083841650455, 0.5189815473146396, 0.2902247234990748], "k_pid_att": [60.92229727285762, 2.5103198214340274, 0.5805966581426566], "k_pid_yaw": [0.5, 1e-06, 0.1], "k_pid_hsp": [3.2467341691270506, 0.7664200677790699, 0.7002106887766009], "k_pid_vsp": [232.18799167401625, 78.9505615778728, 338.0898450640319]}, "datetime": {"datetime": "2025-08-20 19:14:29", "elapsed": 26523.771787643433, "delta": 32.10586380958557}, "costs": {"total_cost": 1213.7528288877184, "time_cost": 150, "final_distance_cost": 50.42560620806989, "oscillation_cost": 259.0564226429587, "completition_cost": 666.6666666666667, "overshoot_cost": 47.947976007305705, "power_cost": 22.29385828857422, "noise_cost": 17.362299074143024, "n_waypoints_completed": 3, "tot_waypoints": 9}}
{"target": -1443.969455411974, "params": {"k_pid_pos": [0.019265852367954264, 0.5028431932362488, 0.5691327344354697], "k_pid_alt": [0.4891927358784929, 0.643113096635802, 0.5451449488507943], "k_pid_att": [90.90241180485125, 1.7799742162661323, 0.6390213883493931], "k_pid_yaw": [0.5, 1e-06, 0.1], "k_pid_hsp": [7.417131546361283, 0.7189091708079973, 0.6799761348215454], "k_pid_vsp": [275.1221041590561, 261.23667261391853, 263.20381606733775]}, "datetime": {"datetime": "2025-08-20 19:14:56", "elapsed": 26550.704183101654, "delta": 26.932395458221436}, "costs": {"total_cost": 1443.969455411974, "time_cost": 150, "final_distance_cost": 54.25194370510932, "oscillation_cost": 273.3614022747413, "completition_cost": 888.8888888888888, "overshoot_cost": 35.49005178567483, "power_cost": 24.275502685546876, "noise_cost": 17.70166607201313, "n_waypoints_completed": 1, "tot_waypoints": 9}}
{"target": -1342.272794522123, "params": {"k_pid_pos": [0.09502235304598318, 0.38854502275374236, 0.5732092677453743], "k_pid_alt": [0.02780904537190998, 0.8023283220441374, 0.4877383050549222], "k_pid_att": [50.90867647858003, 8.901245208119098, 0.5046051345078335], "k_pid_yaw": [0.5, 1e-06, 0.1], "k_pid_hsp": [4.029322144236063, 0.7884353122039419, 0.050734639614537835], "k_pid_vsp": [97.42750336439876, 351.03355329880964, 80.85220427091329]}, "datetime": {"datetime": "2025-08-20 19:15:22", "elapsed": 26576.98127222061, "delta": 26.27708911895752}, "costs": {"total_cost": 1342.272794522123, "time_cost": 150, "final_distance_cost": 96.59728796678213, "oscillation_cost": 234.91499188000716, "completition_cost": 777.7777777777778, "overshoot_cost": 47.85108738482787, "power_cost": 19.804726220703127, "noise_cost": 15.326923292025068, "n_waypoints_completed": 2, "tot_waypoints": 9}}
{"target": -812.1160682138247, "params": {"k_pid_pos": [1.6031033470709575, 0.5829338169017753, 0.4512617227117447], "k_pid_alt": [0.3096072506875598, 0.21939580565992423, 0.28569859302629363], "k_pid_att": [70.1843283471987, 2.832834926181884, 0.0028141579437321873], "k_pid_yaw": [0.5, 1e-06, 0.1], "k_pid_hsp": [6.190714895214403, 0.3225725733193501, 0.1510748845922264], "k_pid_vsp": [28.154008515691853, 371.56377397022726, 126.8234575191388]}, "datetime": {"datetime": "2025-08-20 19:15:52", "elapsed": 26607.37273812294, "delta": 30.39146590232849}, "costs": {"total_cost": 812.1160682138247, "time_cost": 150, "final_distance_cost": 69.94588274742127, "oscillation_cost": 279.08751451966316, "completition_cost": 222.2222222222222, "overshoot_cost": 51.37689732732951, "power_cost": 21.761710498046877, "noise_cost": 17.72184089914176, "n_waypoints_completed": 7, "tot_waypoints": 9}}
{"target": -1451.3286788413855, "params": {"k_pid_pos": [0.8058101947603339, 0.894575104002728, 0.7009845114182042], "k_pid_alt": [0.16467813619233507, 0.671998513891395, 0.5979258289720953], "k_pid_att": [1.081305299524593, 2.381126212588782, 0.3247030529843926], "k_pid_yaw": [0.5, 1e-06, 0.1], "k_pid_hsp": [2.6478500984815794, 0.2340116325863857, 0.7495493603087952], "k_pid_vsp": [306.33572300229457, 121.57202386277766, 140.82516494609584]}, "datetime": {"datetime": "2025-08-20 19:16:19", "elapsed": 26634.434133529663, "delta": 27.061395406723022}, "costs": {"total_cost": 1451.3286788413855, "time_cost": 150, "final_distance_cost": 69.1625956052113, "oscillation_cost": 236.09274184337153, "completition_cost": 888.8888888888888, "overshoot_cost": 68.76909012270917, "power_cost": 22.690768823242188, "noise_cost": 15.724593557962388, "n_waypoints_completed": 1, "tot_waypoints": 9}}
{"target": -1208.1281973701412, "params": {"k_pid_pos": [0.3933130916366852, 0.4380816789488452, 0.0896683248659087], "k_pid_alt": [0.33389098748543056, 0.4003382986397004, 0.27584313821535833], "k_pid_att": [23.86654160478968, 4.170073770385466, 0.41530764838915124], "k_pid_yaw": [0.5, 1e-06, 0.1], "k_pid_hsp": [1.5755080151391276, 0.4411144722519095, 0.23623771573945285], "k_pid_vsp": [326.20042545033357, 219.0938396638607, 194.6613141114353]}, "datetime": {"datetime": "2025-08-20 19:16:50", "elapsed": 26664.586332798004, "delta": 30.152199268341064}, "costs": {"total_cost": 1208.1281973701412, "time_cost": 150, "final_distance_cost": 53.4335309248596, "oscillation_cost": 257.3235536823892, "completition_cost": 666.6666666666667, "overshoot_cost": 44.14728904472383, "power_cost": 21.181338745117188, "noise_cost": 15.375818306384755, "n_waypoints_completed": 3, "tot_waypoints": 9}}
{"target": -970.6527686235345, "params": {"k_pid_pos": [0.6074215849541146, 0.359643341923195, 0.8069126823912791], "k_pid_alt": [1.8846780659848954, 0.8139730351816507, 0.8845369917930189], "k_pid_att": [68.87984253355816, 3.263959920710222, 0.22089339572762234], "k_pid_yaw": [0.5, 1e-06, 0.1], "k_pid_hsp": [5.975178385783564, 0.8891096998908312, 0.6817259313130509], "k_pid_vsp": [110.01626873205473, 335.02365166901757, 168.26665253421254]}, "datetime": {"datetime": "2025-08-20 19:17:17", "elapsed": 26691.680438280106, "delta": 27.09410548210144}, "costs": {"total_cost": 970.6527686235345, "time_cost": 150, "final_distance_cost": 71.37973151126258, "oscillation_cost": 330.8098936733765, "completition_cost": 333.33333333333337, "overshoot_cost": 44.94868350018425, "power_cost": 22.701719580078127, "noise_cost": 17.479407025299622, "n_waypoints_completed": 6, "tot_waypoints": 9}}
{"target": -1471.6069610581249, "params": {"k_pid_pos": [1.2071690392288372, 0.3489171165863939, 0.0662895028314403], "k_pid_alt": [0.20870048841719258, 0.14740847006248392, 0.3888621382275914], "k_pid_att": [95.79024093370664, 8.353797760624001, 0.2048652103764922], "k_pid_yaw": [0.5, 1e-06, 0.1], "k_pid_hsp": [0.21132760772777773, 0.9679210553305361, 0.027054408774857763], "k_pid_vsp": [169.50442422954035, 71.50060025246626, 314.9219037344744]}, "datetime": {"datetime": "2025-08-20 19:17:47", "elapsed": 26721.531170368195, "delta": 29.85073208808899}, "costs": {"total_cost": 1471.6069610581249, "time_cost": 150, "final_distance_cost": 9.50972707061794, "oscillation_cost": 75.77123457349823, "completition_cost": 1000.0, "overshoot_cost": 138.8367141898168, "power_cost": 23.522462329101565, "noise_cost": 73.96682289509035, "n_waypoints_completed": 0, "tot_waypoints": 9}}
{"target": -1043.5697731771413, "params": {"k_pid_pos": [0.3649320452599449, 0.8730479104123227, 0.3026910103260818], "k_pid_alt": [0.734745677515839, 0.335543676273957, 0.12009666011738396], "k_pid_att": [97.28824212548368, 8.737440708486503, 0.7187571250079419], "k_pid_yaw": [0.5, 1e-06, 0.1], "k_pid_hsp": [4.3014875047131484, 0.1579206504180306, 0.16427177229296563], "k_pid_vsp": [196.7240045950265, 29.08920604679375, 185.46532644871417]}, "datetime": {"datetime": "2025-08-20 19:18:14", "elapsed": 26748.76985692978, "delta": 27.238686561584473}, "costs": {"total_cost": 1043.5697731771413, "time_cost": 150, "final_distance_cost": 49.119357623107994, "oscillation_cost": 196.86582621372162, "completition_cost": 555.5555555555555, "overshoot_cost": 52.9968540884828, "power_cost": 22.28412614746094, "noise_cost": 16.748053548812344, "n_waypoints_completed": 4, "tot_waypoints": 9}}
{"target": -1269.6544793225883, "params": {"k_pid_pos": [0.1623821863669115, 0.39123762311496624, 0.4753178491399538], "k_pid_alt": [0.09345513809629336, 0.09790292582364846, 0.08487851807504065], "k_pid_att": [8.133844246293497, 9.946397499618271, 0.5760201293950339], "k_pid_yaw": [0.5, 1e-06, 0.1], "k_pid_hsp": [3.7012966372290275, 0.9140242089449745, 0.31793005673357067], "k_pid_vsp": [207.17398940898818, 371.62015167529233, 112.94333884489285]}, "datetime": {"datetime": "2025-08-20 19:18:43", "elapsed": 26778.329973220825, "delta": 29.560116291046143}, "costs": {"total_cost": 1269.6544793225883, "time_cost": 150, "final_distance_cost": 92.80239130417247, "oscillation_cost": 180.01578567492675, "completition_cost": 777.7777777777778, "overshoot_cost": 36.08028955657618, "power_cost": 19.123073071289063, "noise_cost": 13.8551619378458, "n_waypoints_completed": 2, "tot_waypoints": 9}}
{"target": -1537.068729543304, "params": {"k_pid_pos": [1.0877117994071281, 0.29807636103474466, 0.681921449344249], "k_pid_alt": [1.762927021196734, 0.6830773958832296, 0.3569430111366416], "k_pid_att": [23.72296479937703, 6.183907803110349, 0.06732721866373248], "k_pid_yaw": [0.5, 1e-06, 0.1], "k_pid_hsp": [4.189594375052986, 0.8853284418395623, 0.3732650735779053], "k_pid_vsp": [139.72332345261543, 119.55224486324427, 372.43601832894785]}, "datetime": {"datetime": "2025-08-20 19:19:10", "elapsed": 26804.765164613724, "delta": 26.43519139289856}, "costs": {"total_cost": 1537.068729543304, "time_cost": 150, "final_distance_cost": 77.1965034304926, "oscillation_cost": 428.37747261566585, "completition_cost": 777.7777777777778, "overshoot_cost": 61.701680516535745, "power_cost": 23.9208306640625, "noise_cost": 18.09446453876934, "n_waypoints_completed": 2, "tot_waypoints": 9}}
{"target": -738.8508437127692, "params": {"k_pid_pos": [1.870369102658551, 0.8723045927081072, 0.004870161514259119], "k_pid_alt": [0.9002738966200625, 0.28512503400108913, 0.4718884915394037], "k_pid_att": [8.724938840804885, 6.084416861906324, 0.3031541065945249], "k_pid_yaw": [0.5, 1e-06, 0.1], "k_pid_hsp": [2.319305190287784, 0.09541194938244235, 0.07683127971838177], "k_pid_vsp": [398.43067538256923, 199.85199672486436, 227.1232958931431]}, "datetime": {"datetime": "2025-08-20 19:19:41", "elapsed": 26836.06703734398, "delta": 31.301872730255127}, "costs": {"total_cost": 738.8508437127692, "time_cost": 150, "final_distance_cost": 77.49366865411743, "oscillation_cost": 82.06821862141875, "completition_cost": 333.33333333333337, "overshoot_cost": 53.53296155047776, "power_cost": 25.048633398437502, "noise_cost": 17.374028154984405, "n_waypoints_completed": 6, "tot_waypoints": 9}}
{"target": -1469.5064978729833, "params": {"k_pid_pos": [1.2699944079669667, 0.7755386844696125, 0.2697742672954587], "k_pid_alt": [0.7732517973221895, 0.8988126603246723, 0.7371188604977755], "k_pid_att": [51.46602760636236, 3.0641573799753394, 0.2830236468602143], "k_pid_yaw": [0.5, 1e-06, 0.1], "k_pid_hsp": [1.2193049026799645, 0.5453456752757794, 0.2773450428158629], "k_pid_vsp": [30.36423312739163, 163.81169334320472, 320.21279688179845]}, "datetime": {"datetime": "2025-08-20 19:20:08", "elapsed": 26862.52039885521, "delta": 26.45336151123047}, "costs": {"total_cost": 1469.5064978729833, "time_cost": 150, "final_distance_cost": 1.767822801510807, "oscillation_cost": 106.70838608879046, "completition_cost": 1000.0, "overshoot_cost": 134.46877004764764, "power_cost": 19.86566925048828, "noise_cost": 56.69584968454619, "n_waypoints_completed": 0, "tot_waypoints": 9}}
{"target": -1462.3333112834982, "params": {"k_pid_pos": [1.1980413045757305, 0.9020857107817528, 0.6437865877924951], "k_pid_alt": [0.8049832570238409, 0.8122396621273983, 0.8923206367886428], "k_pid_att": [37.86661350049414, 6.526097036377825, 0.9465819700810164], "k_pid_yaw": [0.5, 1e-06, 0.1], "k_pid_hsp": [2.141165083876795, 0.8634844088408885, 0.8222413458038268], "k_pid_vsp": [20.209232757297933, 184.07382297748427, 390.2341342960243]}, "datetime": {"datetime": "2025-08-20 19:20:35", "elapsed": 26889.5379486084, "delta": 27.017549753189087}, "costs": {"total_cost": 1462.3333112834982, "time_cost": 150, "final_distance_cost": 4.045463513187249, "oscillation_cost": 84.94688870899665, "completition_cost": 1000.0, "overshoot_cost": 137.08135759429786, "power_cost": 21.550680761718752, "noise_cost": 64.70892070529769, "n_waypoints_completed": 0, "tot_waypoints": 9}}
{"target": -6645.272510224966, "params": {"k_pid_pos": [0.5630669259021848, 0.6361989626066858, 0.20756458565066438], "k_pid_alt": [0.5431869596279653, 0.7780282724978113, 0.6916299815316994], "k_pid_att": [0.04895242865909921, 4.368034716848462, 0.8190942849854786], "k_pid_yaw": [0.5, 1e-06, 0.1], "k_pid_hsp": [1.0105926379249577, 0.5337856305357441, 0.6013614557380625], "k_pid_vsp": [51.31354898811611, 56.253838295941065, 307.37380517677525]}, "datetime": {"datetime": "2025-08-20 19:21:02", "elapsed": 26916.72834920883, "delta": 27.19040060043335}, "costs": {"total_cost": 6645.272510224966, "time_cost": 150, "final_distance_cost": 1522.3887325765777, "oscillation_cost": 1893.6162936643007, "completition_cost": 1000.0, "overshoot_cost": 1945.1872437524735, "power_cost": 33.67142244873047, "noise_cost": 100.40881778288352, "n_waypoints_completed": 0, "tot_waypoints": 9}}
