{"target": -944.1747626429674, "params": {"k_pid_pos": [1.9050869806563127, 0.3337891470085995, 0.3654662257358646], "k_pid_alt": [1.9778360289980368, 0.5353471970252447, 0.29959136600274106], "k_pid_att": [17.540002363887265, 2.669377127512957, 0.8665383795575681], "k_pid_yaw": [0.5, 1e-06, 0.1], "k_pid_hsp": [8.005096345119018, 0.8987449359321702, 0.07923101938738608], "k_pid_vsp": [189.6863532687556, 187.07377000422719, 361.8825229787171]}, "datetime": {"datetime": "2025-08-20 15:14:37", "elapsed": 12132.387740373611, "delta": 26.583683729171753}, "costs": {"total_cost": 944.1747626429674, "time_cost": 150, "final_distance_cost": 55.385894966852184, "oscillation_cost": 82.07005412287023, "completition_cost": 555.5555555555555, "overshoot_cost": 55.93483760388039, "power_cost": 22.95751728515625, "noise_cost": 22.270903108652888, "n_waypoints_completed": 4, "tot_waypoints": 9}}
{"target": -1332.1799998724528, "params": {"k_pid_pos": [1.081596789641571, 0.9963619285091027, 0.7736783906329697], "k_pid_alt": [1.7315583488603445, 0.7276415238120019, 0.44065315006545014], "k_pid_att": [96.78161332301123, 0.6129107720646102, 0.687811139077277], "k_pid_yaw": [0.5, 1e-06, 0.1], "k_pid_hsp": [5.025765156115492, 0.5054664741962294, 0.6002389387875351], "k_pid_vsp": [155.34531892529859, 113.17148996220727, 305.905968934885]}, "datetime": {"datetime": "2025-08-20 15:15:02", "elapsed": 12156.989883422852, "delta": 24.602143049240112}, "costs": {"total_cost": 1332.1799998724528, "time_cost": 150, "final_distance_cost": 100.40594945918853, "oscillation_cost": 214.26192355253278, "completition_cost": 777.7777777777778, "overshoot_cost": 48.71577924580889, "power_cost": 21.42191053466797, "noise_cost": 19.59665930247673, "n_waypoints_completed": 2, "tot_waypoints": 9}}
{"target": -1305.87397255333, "params": {"k_pid_pos": [0.07882023613761, 0.8291428385453807, 0.03772353471140988], "k_pid_alt": [1.5155110225837736, 0.2461347892817214, 0.23285040519205547], "k_pid_att": [28.220331346073756, 4.282706672869318, 0.13485752070579615], "k_pid_yaw": [0.5, 1e-06, 0.1], "k_pid_hsp": [1.2104932354121987, 0.03202127419494283, 0.5788437681400804], "k_pid_vsp": [41.520097044249304, 164.84599849022197, 77.0976135355297]}, "datetime": {"datetime": "2025-08-20 15:15:27", "elapsed": 12181.629553318024, "delta": 24.63966989517212}, "costs": {"total_cost": 1305.87397255333, "time_cost": 150, "final_distance_cost": 100.18585554340753, "oscillation_cost": 184.28313569087837, "completition_cost": 777.7777777777778, "overshoot_cost": 57.67341604732282, "power_cost": 20.572806176757812, "noise_cost": 15.38098131718528, "n_waypoints_completed": 2, "tot_waypoints": 9}}
{"target": -1444.7115474465768, "params": {"k_pid_pos": [1.1802933943201481, 0.841221910041708, 0.32245691306153845], "k_pid_alt": [0.5433906332435827, 0.3873318219330566, 0.8692127811761065], "k_pid_att": [19.617129406035396, 5.480287405347758, 0.5307786203397412], "k_pid_yaw": [0.5, 1e-06, 0.1], "k_pid_hsp": [1.300222428084236, 0.5294033112331652, 0.21298317080628526], "k_pid_vsp": [121.81516632684075, 49.54440144402807, 387.31541808722346]}, "datetime": {"datetime": "2025-08-20 15:15:52", "elapsed": 12206.925484657288, "delta": 25.295931339263916}, "costs": {"total_cost": 1444.7115474465768, "time_cost": 150, "final_distance_cost": 5.3927723773541185, "oscillation_cost": 69.81908261884534, "completition_cost": 1000.0, "overshoot_cost": 137.24653360459286, "power_cost": 18.97696983642578, "noise_cost": 63.27618900935881, "n_waypoints_completed": 0, "tot_waypoints": 9}}
{"target": -542.8624130170567, "params": {"k_pid_pos": [0.8827544884689049, 0.750386874730018, 0.3798139632910126], "k_pid_alt": [0.5422872771547731, 0.8708440841869554, 0.4899715134155568], "k_pid_att": [5.442185806530819, 6.610047544002662, 0.2558585677089493], "k_pid_yaw": [0.5, 1e-06, 0.1], "k_pid_hsp": [4.473465459001375, 0.22632377137581927, 0.09751218699892772], "k_pid_vsp": [280.0580557309956, 61.06228639424574, 139.1856026024823]}, "datetime": {"datetime": "2025-08-20 15:16:16", "elapsed": 12230.82694387436, "delta": 23.901459217071533}, "costs": {"total_cost": 542.8624130170567, "time_cost": 150, "final_distance_cost": 64.06905446485528, "oscillation_cost": 114.90499215926161, "completition_cost": 111.11111111111116, "overshoot_cost": 55.08130736053694, "power_cost": 27.6252873046875, "noise_cost": 20.07066061660429, "n_waypoints_completed": 8, "tot_waypoints": 9}}
{"target": -841.3711585175724, "params": {"k_pid_pos": [0.5241721977342415, 0.48993379845644003, 0.7637926956004883], "k_pid_alt": [1.637051982399296, 0.3741024039107227, 0.787275739108601], "k_pid_att": [33.25913439082032, 8.588427509505596, 0.2852985977774476], "k_pid_yaw": [0.5, 1e-06, 0.1], "k_pid_hsp": [8.184186422247262, 0.5307715177004261, 0.2377772790096805], "k_pid_vsp": [385.711913795492, 279.80619693270796, 46.9425061625357]}, "datetime": {"datetime": "2025-08-20 15:16:40", "elapsed": 12255.36144733429, "delta": 24.53450345993042}, "costs": {"total_cost": 841.3711585175724, "time_cost": 150, "final_distance_cost": 71.5226142663959, "oscillation_cost": 319.55181352124396, "completition_cost": 222.2222222222222, "overshoot_cost": 43.27437114366476, "power_cost": 19.728034594726562, "noise_cost": 15.072102769319084, "n_waypoints_completed": 7, "tot_waypoints": 9}}
{"target": -1394.5295358728672, "params": {"k_pid_pos": [0.2484044980918039, 0.27271748830320863, 0.8557141921788246], "k_pid_alt": [1.0586374928878106, 0.3760989679114676, 0.8293599718532956], "k_pid_att": [35.791020091602, 2.7805054868988166, 0.5696180829033256], "k_pid_yaw": [0.5, 1e-06, 0.1], "k_pid_hsp": [2.1882659908261517, 0.0660173561619104, 0.8500636729828508], "k_pid_vsp": [249.60115872896745, 43.79740344365371, 242.988251673017]}, "datetime": {"datetime": "2025-08-20 15:17:05", "elapsed": 12279.896048307419, "delta": 24.534600973129272}, "costs": {"total_cost": 1394.5295358728672, "time_cost": 150, "final_distance_cost": 86.86864835558444, "oscillation_cost": 416.0517263529491, "completition_cost": 666.6666666666667, "overshoot_cost": 42.171334696733766, "power_cost": 18.162740307617188, "noise_cost": 14.608419493315802, "n_waypoints_completed": 3, "tot_waypoints": 9}}
{"target": -2505.9785227168272, "params": {"k_pid_pos": [1.3147965708232805, 0.5017191081364758, 0.8559423428207207], "k_pid_alt": [0.1983868949869796, 0.8267190649112072, 0.5169243194072608], "k_pid_att": [92.37024732224678, 7.2751835018834035, 0.14406343711761593], "k_pid_yaw": [0.5, 1e-06, 0.1], "k_pid_hsp": [5.094681705020116, 0.2665745148073667, 0.9749264365864252], "k_pid_vsp": [8.961360976712651, 29.38738887001763, 304.94475485557786]}, "datetime": {"datetime": "2025-08-20 15:17:30", "elapsed": 12305.347088575363, "delta": 25.451040267944336}, "costs": {"total_cost": 2505.9785227168272, "time_cost": 150, "final_distance_cost": 426.7911362428397, "oscillation_cost": 309.1372257715522, "completition_cost": 1000.0, "overshoot_cost": 575.9498163562557, "power_cost": 23.477435705566407, "noise_cost": 20.622908640613336, "n_waypoints_completed": 0, "tot_waypoints": 9}}
{"target": -1454.1026879933916, "params": {"k_pid_pos": [0.2593387113296074, 0.5468970907526441, 0.14377877896620772], "k_pid_alt": [0.06617213880683082, 0.7539759591417066, 0.9108686742545514], "k_pid_att": [84.04749899596257, 4.388046524426093, 0.3063181234410265], "k_pid_yaw": [0.5, 1e-06, 0.1], "k_pid_hsp": [3.4438226116425503, 0.7632087537882815, 0.847080415793404], "k_pid_vsp": [391.0334866305768, 215.60680789173236, 226.2300509704976]}, "datetime": {"datetime": "2025-08-20 15:17:54", "elapsed": 12329.13734960556, "delta": 23.790261030197144}, "costs": {"total_cost": 1454.1026879933916, "time_cost": 150, "final_distance_cost": 55.74061817665224, "oscillation_cost": 165.3728824547331, "completition_cost": 1000.0, "overshoot_cost": 40.73616018739227, "power_cost": 24.830917578125, "noise_cost": 17.422109596488923, "n_waypoints_completed": 0, "tot_waypoints": 9}}
{"target": -714.9830124025734, "params": {"k_pid_pos": [0.7624424520145239, 0.6287436173797301, 0.6912633506014907], "k_pid_alt": [1.3884944721215065, 0.49072825883099236, 0.22951427181227713], "k_pid_att": [5.876191621223736, 2.1837233669254497, 0.3972178744894268], "k_pid_yaw": [0.5, 1e-06, 0.1], "k_pid_hsp": [7.06317652200531, 0.022286652063871926, 0.8152162243074138], "k_pid_vsp": [369.64323378882733, 135.6695660314957, 25.263101787794675]}, "datetime": {"datetime": "2025-08-20 15:18:19", "elapsed": 12353.566308498383, "delta": 24.428958892822266}, "costs": {"total_cost": 714.9830124025734, "time_cost": 150, "final_distance_cost": 66.35366816617308, "oscillation_cost": 191.2901913344029, "completition_cost": 222.2222222222222, "overshoot_cost": 47.486180790511966, "power_cost": 21.87295672607422, "noise_cost": 15.757793163189048, "n_waypoints_completed": 7, "tot_waypoints": 9}}
{"target": -747.1718777586163, "params": {"k_pid_pos": [0.6353344455292166, 0.4695958407350588, 0.17135091179011863], "k_pid_alt": [0.46684042169398055, 0.7223310462467204, 0.5418487831764625], "k_pid_att": [62.330908920101415, 4.129556923385127, 0.8495548167092879], "k_pid_yaw": [0.5, 1e-06, 0.1], "k_pid_hsp": [2.01139523584421, 0.25553064733420816, 0.17899106464282089], "k_pid_vsp": [237.81316187924944, 377.9846752797045, 100.87248374089128]}, "datetime": {"datetime": "2025-08-20 15:18:42", "elapsed": 12377.41740322113, "delta": 23.851094722747803}, "costs": {"total_cost": 747.1718777586163, "time_cost": 150, "final_distance_cost": 69.47200456252148, "oscillation_cost": 212.72968843613143, "completition_cost": 222.2222222222222, "overshoot_cost": 54.89020342530255, "power_cost": 21.771164477539063, "noise_cost": 16.086594634899722, "n_waypoints_completed": 7, "tot_waypoints": 9}}
{"target": -996.367726418341, "params": {"k_pid_pos": [1.993639559763463, 0.9703267742931087, 0.0712632485737612], "k_pid_alt": [0.4755089286547596, 0.08762946864167753, 0.11533417242973987], "k_pid_att": [42.884375017200085, 4.801095602336898, 0.3122077495386282], "k_pid_yaw": [0.5, 1e-06, 0.1], "k_pid_hsp": [3.1415107016897523, 0.6707200462314126, 0.6762210974266297], "k_pid_vsp": [150.54414001419852, 294.45985375967507, 32.576960622533385]}, "datetime": {"datetime": "2025-08-20 15:19:08", "elapsed": 12403.301938772202, "delta": 25.884535551071167}, "costs": {"total_cost": 996.367726418341, "time_cost": 150, "final_distance_cost": 50.32130433274997, "oscillation_cost": 133.5870299195394, "completition_cost": 555.5555555555555, "overshoot_cost": 69.63129942598351, "power_cost": 21.44266101074219, "noise_cost": 15.829876173770385, "n_waypoints_completed": 4, "tot_waypoints": 9}}
{"target": -1365.4284372196214, "params": {"k_pid_pos": [0.21622625036850993, 0.1956261396995037, 0.8285295230841865], "k_pid_alt": [0.9238230891084778, 0.28254633352921044, 0.21053702119071738], "k_pid_att": [73.7235087072697, 0.9443551604422376, 0.3280452468356758], "k_pid_yaw": [0.5, 1e-06, 0.1], "k_pid_hsp": [8.15406300718717, 0.6266229978550969, 0.6727739358072845], "k_pid_vsp": [289.80762277849465, 370.48036145784374, 361.6533026356507]}, "datetime": {"datetime": "2025-08-20 15:19:32", "elapsed": 12427.389271736145, "delta": 24.08733296394348}, "costs": {"total_cost": 1365.4284372196214, "time_cost": 150, "final_distance_cost": 54.32165151733595, "oscillation_cost": 404.99563155924346, "completition_cost": 666.6666666666667, "overshoot_cost": 50.74917630979774, "power_cost": 21.829679064941406, "noise_cost": 16.86563210163581, "n_waypoints_completed": 3, "tot_waypoints": 9}}
{"target": -425.89848763583075, "params": {"k_pid_pos": [1.3645686267293606, 0.7478776732528799, 0.9745922031654413], "k_pid_alt": [1.3343957134954418, 0.2163826621936994, 0.2363702693566334], "k_pid_att": [75.20686069252123, 1.6544694934707838, 0.485087628393556], "k_pid_yaw": [0.5, 1e-06, 0.1], "k_pid_hsp": [3.006917683224813, 0.692715049864967, 0.4907723944025769], "k_pid_vsp": [77.4857950094462, 360.2549908951315, 15.636573375944145]}, "datetime": {"datetime": "2025-08-20 15:19:56", "elapsed": 12451.187942504883, "delta": 23.798670768737793}, "costs": {"total_cost": 425.89848763583075, "time_cost": 98.21600000000001, "final_distance_cost": 1.7920906701561774, "oscillation_cost": 236.47859767414013, "completition_cost": 0.0, "overshoot_cost": 51.159575214357055, "power_cost": 21.845416186523437, "noise_cost": 16.406807890653923, "n_waypoints_completed": 9, "tot_waypoints": 9}}
{"target": -1442.3697958066132, "params": {"k_pid_pos": [1.89364800173349, 0.9324297056392714, 0.510954064167661], "k_pid_alt": [0.020916193866159727, 0.5971510044670006, 0.4713168789965573], "k_pid_att": [87.90334071188559, 3.985400656649148, 0.6768049313687466], "k_pid_yaw": [0.5, 1e-06, 0.1], "k_pid_hsp": [5.805963679501618, 0.2566041151508893, 0.9683709130163375], "k_pid_vsp": [111.05140192656418, 275.530573524428, 294.1244709803479]}, "datetime": {"datetime": "2025-08-20 15:20:21", "elapsed": 12475.588821649551, "delta": 24.40087914466858}, "costs": {"total_cost": 1442.3697958066132, "time_cost": 150, "final_distance_cost": 72.16683488970945, "oscillation_cost": 213.20303847386097, "completition_cost": 888.8888888888888, "overshoot_cost": 68.7703800995456, "power_cost": 23.555431494140628, "noise_cost": 25.785221960467926, "n_waypoints_completed": 1, "tot_waypoints": 9}}
{"target": -558.9920422893921, "params": {"k_pid_pos": [1.548964105198557, 0.8434030318240995, 0.5799290471246159], "k_pid_alt": [1.595814040065197, 0.05940190963154013, 0.3349787769119037], "k_pid_att": [93.37759254059009, 3.871624324070074, 0.692561669231927], "k_pid_yaw": [0.5, 1e-06, 0.1], "k_pid_hsp": [5.712794186555379, 0.8056402376321059, 0.8468293871459216], "k_pid_vsp": [330.2061813744408, 148.9509034243764, 87.5633842069471]}, "datetime": {"datetime": "2025-08-20 15:20:46", "elapsed": 12500.62346315384, "delta": 25.03464150428772}, "costs": {"total_cost": 558.9920422893921, "time_cost": 150, "final_distance_cost": 12.793161629477435, "oscillation_cost": 184.80548766869842, "completition_cost": 111.11111111111116, "overshoot_cost": 61.58950031045745, "power_cost": 22.120899951171875, "noise_cost": 16.571881618475757, "n_waypoints_completed": 8, "tot_waypoints": 9}}
{"target": -577.7119704557882, "params": {"k_pid_pos": [1.4971845491126412, 0.22912061461011013, 0.7997637693219456], "k_pid_alt": [0.7034728695025776, 0.6000538349129427, 0.5101096942729526], "k_pid_att": [9.068807530414668, 4.563676569747653, 0.8083023044613042], "k_pid_yaw": [0.5, 1e-06, 0.1], "k_pid_hsp": [6.1770643769580955, 0.6867201241856993, 0.5174692402006201], "k_pid_vsp": [395.2398686171123, 49.04863834479693, 184.03452565985484]}, "datetime": {"datetime": "2025-08-20 15:21:11", "elapsed": 12526.058281421661, "delta": 25.434818267822266}, "costs": {"total_cost": 577.7119704557882, "time_cost": 150, "final_distance_cost": 31.691032829104337, "oscillation_cost": 190.29952819868157, "completition_cost": 111.11111111111116, "overshoot_cost": 60.34477969920633, "power_cost": 19.923435388183595, "noise_cost": 14.342083229501176, "n_waypoints_completed": 8, "tot_waypoints": 9}}
{"target": -1484.0097409968673, "params": {"k_pid_pos": [0.20286461264117206, 0.9621128478858832, 0.29680189992538863], "k_pid_alt": [1.9184630378619638, 0.6534291950556114, 0.8914554771380385], "k_pid_att": [38.344799763718875, 3.3604806283414304, 0.6527833577476064], "k_pid_yaw": [0.5, 1e-06, 0.1], "k_pid_hsp": [7.012394228276606, 0.25763901459858995, 0.8737317757869972], "k_pid_vsp": [17.958360126281203, 103.31507728577806, 157.93770801618925]}, "datetime": {"datetime": "2025-08-20 15:21:36", "elapsed": 12551.292956352234, "delta": 25.23467493057251}, "costs": {"total_cost": 1484.0097409968673, "time_cost": 150, "final_distance_cost": 7.850148836963987, "oscillation_cost": 104.15069469077086, "completition_cost": 1000.0, "overshoot_cost": 137.26176791134696, "power_cost": 22.265822534179687, "noise_cost": 62.48130702360579, "n_waypoints_completed": 0, "tot_waypoints": 9}}
{"target": -923.5229881598432, "params": {"k_pid_pos": [0.3113055423700815, 0.5905146125794646, 0.72078525127986], "k_pid_alt": [1.2861944751676269, 0.18814277133666468, 0.49825989344587795], "k_pid_att": [29.133374230492983, 1.4682032158252085, 0.44920978264189226], "k_pid_yaw": [0.5, 1e-06, 0.1], "k_pid_hsp": [9.656051516610457, 0.4270360355959476, 0.32499439619692383], "k_pid_vsp": [265.85418698766773, 221.44472280122994, 3.7082220580880887]}, "datetime": {"datetime": "2025-08-20 15:22:01", "elapsed": 12575.726288795471, "delta": 24.433332443237305}, "costs": {"total_cost": 923.5229881598432, "time_cost": 150, "final_distance_cost": 69.9965884406127, "oscillation_cost": 293.40553458727965, "completition_cost": 333.33333333333337, "overshoot_cost": 42.0359068803371, "power_cost": 19.106358508300783, "noise_cost": 15.645266409979623, "n_waypoints_completed": 6, "tot_waypoints": 9}}
{"target": -1153.3155255790712, "params": {"k_pid_pos": [0.18278308508866623, 0.7581811925806216, 0.14371297531696792], "k_pid_alt": [1.8897413452794014, 0.3878130636262177, 0.26573088501414777], "k_pid_att": [58.365179140892806, 2.5425654242071376, 0.8822912026092096], "k_pid_yaw": [0.5, 1e-06, 0.1], "k_pid_hsp": [4.436538517867133, 0.7912159724036376, 0.7000677529802328], "k_pid_vsp": [205.47573299667965, 171.76979571895947, 284.3494914071944]}, "datetime": {"datetime": "2025-08-20 15:22:27", "elapsed": 12601.646804094315, "delta": 25.920515298843384}, "costs": {"total_cost": 1153.3155255790712, "time_cost": 150, "final_distance_cost": 68.30844549081188, "oscillation_cost": 142.2404455556492, "completition_cost": 666.6666666666667, "overshoot_cost": 84.60634137207325, "power_cost": 24.07441296386719, "noise_cost": 17.41921353000281, "n_waypoints_completed": 3, "tot_waypoints": 9}}
{"target": -346.5561066794128, "params": {"k_pid_pos": [1.275765855207504, 0.807606472537369, 0.402694357131712], "k_pid_alt": [1.4538546734608317, 0.00975821337144156, 0.8733649983258517], "k_pid_att": [35.68085000313518, 7.538022501237546, 0.4397948144499736], "k_pid_yaw": [0.5, 1e-06, 0.1], "k_pid_hsp": [5.000109622616501, 0.7129850941257457, 0.4415884323074194], "k_pid_vsp": [106.5060831919209, 63.639198087555506, 29.1644346701567]}, "datetime": {"datetime": "2025-08-20 15:22:48", "elapsed": 12623.124613523483, "delta": 21.4778094291687}, "costs": {"total_cost": 346.5561066794128, "time_cost": 82.85600000000001, "final_distance_cost": 1.791711647600981, "oscillation_cost": 180.22481905376404, "completition_cost": 0.0, "overshoot_cost": 51.920988101914176, "power_cost": 16.765326074218752, "noise_cost": 12.997261801914796, "n_waypoints_completed": 9, "tot_waypoints": 9}}
{"target": -396.41221357140506, "params": {"k_pid_pos": [1.365449364564175, 0.7551304360341703, 0.8365220559443866], "k_pid_alt": [1.7676652495621366, 0.4747645778052785, 0.9771779412332869], "k_pid_att": [98.11275919415809, 4.392967300359772, 0.6851420901862898], "k_pid_yaw": [0.5, 1e-06, 0.1], "k_pid_hsp": [8.538122987511764, 0.21424318487853822, 0.6474539520889484], "k_pid_vsp": [312.2299045659541, 136.80191168553165, 97.41681157957537]}, "datetime": {"datetime": "2025-08-20 15:23:10", "elapsed": 12644.776520252228, "delta": 21.651906728744507}, "costs": {"total_cost": 396.41221357140506, "time_cost": 86.456, "final_distance_cost": 1.7249223399662867, "oscillation_cost": 220.1473151067874, "completition_cost": 0.0, "overshoot_cost": 53.9500511435077, "power_cost": 19.35176307373047, "noise_cost": 14.782161907413188, "n_waypoints_completed": 9, "tot_waypoints": 9}}
{"target": -1586.2093949447276, "params": {"k_pid_pos": [0.7731698733507586, 0.06475112188460885, 0.3760809958640041], "k_pid_alt": [0.5364716676624339, 0.6562480979072748, 0.7850738471558079], "k_pid_att": [14.699632249280858, 3.3344797847110246, 0.21301547387645559], "k_pid_yaw": [0.5, 1e-06, 0.1], "k_pid_hsp": [6.2719751480941355, 0.7900570907350296, 0.8010024920083656], "k_pid_vsp": [55.28465941528964, 9.54904700930002, 153.55117912332142]}, "datetime": {"datetime": "2025-08-20 15:23:35", "elapsed": 12670.379426717758, "delta": 25.602906465530396}, "costs": {"total_cost": 1586.2093949447276, "time_cost": 150, "final_distance_cost": 53.59304492787598, "oscillation_cost": 370.02082121255967, "completition_cost": 888.8888888888888, "overshoot_cost": 94.42275206315045, "power_cost": 13.369878991699219, "noise_cost": 15.914008860553714, "n_waypoints_completed": 1, "tot_waypoints": 9}}
{"target": -1594.9722977077995, "params": {"k_pid_pos": [1.4549995715097437, 0.43581186354483004, 0.4396505362219162], "k_pid_alt": [1.4048982898638047, 0.4756112416644488, 0.9926808708629092], "k_pid_att": [43.30476899818858, 2.6106100054153782, 0.19942948704268804], "k_pid_yaw": [0.5, 1e-06, 0.1], "k_pid_hsp": [0.21613673869188177, 0.2722206687381403, 0.8727155729554971], "k_pid_vsp": [215.0078492565168, 25.330286689141072, 278.9888786820332]}, "datetime": {"datetime": "2025-08-20 15:24:00", "elapsed": 12694.54990530014, "delta": 24.170478582382202}, "costs": {"total_cost": 1594.9722977077995, "time_cost": 150, "final_distance_cost": 98.75392226593951, "oscillation_cost": 438.5110644299069, "completition_cost": 777.7777777777778, "overshoot_cost": 90.86510043289054, "power_cost": 21.90057518310547, "noise_cost": 17.163857618179218, "n_waypoints_completed": 2, "tot_waypoints": 9}}
