{"target": -1755.0309475567565, "params": {"k_pid_pos": [1.6108052212692168, 0.21678263048526802, 0.3776032946180212], "k_pid_alt": [1.5109492929207775, 0.731633264779524, 0.17229718360037716], "k_pid_att": [14.730811533296851, 0.9071278073642345, 0.21882281656124847], "k_pid_yaw": [0.5, 1e-06, 0.1], "k_pid_hsp": [2.8136733087996197, 0.24336127096738847, 0.16396387538731583], "k_pid_vsp": [79.02253880769238, 149.80001120738282, 383.50759806957393]}, "datetime": {"datetime": "2025-08-20 13:53:16", "elapsed": 7250.961954832077, "delta": 27.578542232513428}, "costs": {"total_cost": 1755.0309475567565, "time_cost": 150, "final_distance_cost": 16.477370622299855, "oscillation_cost": 424.38880816266806, "completition_cost": 1000.0, "overshoot_cost": 115.81977624865867, "power_cost": 22.80287078857422, "noise_cost": 25.542121734555806, "n_waypoints_completed": 0, "tot_waypoints": 9}}
{"target": -1053.4498863699002, "params": {"k_pid_pos": [1.083806370795578, 0.47297192919391384, 0.6917544346778928], "k_pid_alt": [1.3961732857695255, 0.5133590917600211, 0.2713058920458662], "k_pid_att": [75.48706945956329, 6.4747458019653035, 0.12638488732672248], "k_pid_yaw": [0.5, 1e-06, 0.1], "k_pid_hsp": [4.349972930588535, 0.27005148039078275, 0.7119308548122101], "k_pid_vsp": [190.16510324721358, 10.100369247262538, 271.448830429834]}, "datetime": {"datetime": "2025-08-20 13:53:44", "elapsed": 7279.390032291412, "delta": 28.428077459335327}, "costs": {"total_cost": 1053.4498863699002, "time_cost": 150, "final_distance_cost": 44.86811869900015, "oscillation_cost": 318.57666184544416, "completition_cost": 444.4444444444444, "overshoot_cost": 53.717131751636344, "power_cost": 23.46589822998047, "noise_cost": 18.377631399394925, "n_waypoints_completed": 5, "tot_waypoints": 9}}
{"target": -448.8696702452675, "params": {"k_pid_pos": [1.0392260148568542, 0.048044241928863474, 0.9120799940362071], "k_pid_alt": [1.8196911686421362, 0.810501640170257, 0.7440084120544826], "k_pid_att": [60.9342946032631, 6.4519651169400225, 0.031936854072457166], "k_pid_yaw": [0.5, 1e-06, 0.1], "k_pid_hsp": [7.934456977933888, 0.5205926825821923, 0.11116838391364603], "k_pid_vsp": [121.68021268097262, 142.02850107688883, 118.56691009039493]}, "datetime": {"datetime": "2025-08-20 13:54:10", "elapsed": 7304.850207328796, "delta": 25.460175037384033}, "costs": {"total_cost": 448.8696702452675, "time_cost": 88.296, "final_distance_cost": 1.7656062436817583, "oscillation_cost": 271.988074089319, "completition_cost": 0.0, "overshoot_cost": 56.040555421568506, "power_cost": 17.02621239013672, "noise_cost": 13.753222100561533, "n_waypoints_completed": 9, "tot_waypoints": 9}}
{"target": -868.9804111354803, "params": {"k_pid_pos": [1.9955055232436427, 0.8650620135528148, 0.7670303769071338], "k_pid_alt": [0.008488821581452477, 0.5373554620966277, 0.3308027562557452], "k_pid_att": [55.932826810354165, 0.8207280125042364, 0.17367294212885376], "k_pid_yaw": [0.5, 1e-06, 0.1], "k_pid_hsp": [0.9396608640451787, 0.7913352112679504, 0.024947234437283305], "k_pid_vsp": [303.56430336875366, 337.84212870947607, 26.172052972300836]}, "datetime": {"datetime": "2025-08-20 13:54:40", "elapsed": 7335.12872838974, "delta": 30.278521060943604}, "costs": {"total_cost": 868.9804111354803, "time_cost": 150, "final_distance_cost": 46.93452545858364, "oscillation_cost": 133.75493666601358, "completition_cost": 444.4444444444444, "overshoot_cost": 54.73883860591749, "power_cost": 21.653625500488282, "noise_cost": 17.454040460032942, "n_waypoints_completed": 5, "tot_waypoints": 9}}
{"target": -1109.6678498926537, "params": {"k_pid_pos": [0.008114074848256004, 0.7485939289194321, 0.12943436596701952], "k_pid_alt": [0.3602058837897055, 0.13325135528981813, 0.47456845642992296], "k_pid_att": [6.770211567859907, 8.9661729373369, 0.30301543995880986], "k_pid_yaw": [0.5, 1e-06, 0.1], "k_pid_hsp": [8.648196958755074, 0.1750178966340875, 0.30672927810572725], "k_pid_vsp": [309.84294749925687, 256.59808695235, 78.84682714357243]}, "datetime": {"datetime": "2025-08-20 13:55:06", "elapsed": 7361.16002368927, "delta": 26.03129529953003}, "costs": {"total_cost": 1109.6678498926537, "time_cost": 150, "final_distance_cost": 56.87302466568053, "oscillation_cost": 139.76595202813127, "completition_cost": 666.6666666666667, "overshoot_cost": 57.64333589175518, "power_cost": 22.5698810546875, "noise_cost": 16.148989585732384, "n_waypoints_completed": 3, "tot_waypoints": 9}}
{"target": -1351.5977146275163, "params": {"k_pid_pos": [0.6356571422818075, 0.18144694378180193, 0.532980780336667], "k_pid_alt": [0.6187433657585621, 0.6052734688823272, 0.9416167751103259], "k_pid_att": [48.0864610183093, 5.644805825130833, 0.4932530464578474], "k_pid_yaw": [0.5, 1e-06, 0.1], "k_pid_hsp": [6.663826608804816, 0.6298729878490683, 0.46845528216997745], "k_pid_vsp": [40.29276014827241, 231.3317132444239, 308.89182611058374]}, "datetime": {"datetime": "2025-08-20 13:55:33", "elapsed": 7387.817598581314, "delta": 26.657574892044067}, "costs": {"total_cost": 1351.5977146275163, "time_cost": 150, "final_distance_cost": 70.16802746874464, "oscillation_cost": 366.1769396358648, "completition_cost": 666.6666666666667, "overshoot_cost": 62.00603396838418, "power_cost": 20.517475012207033, "noise_cost": 16.06257187564899, "n_waypoints_completed": 3, "tot_waypoints": 9}}
{"target": -1356.8989054345054, "params": {"k_pid_pos": [1.0812564844519694, 0.1364994965248958, 0.5498226481709593], "k_pid_alt": [1.0624182073974455, 0.2877195343975153, 0.03921216600024091], "k_pid_att": [24.71670738414393, 0.3344089677697081, 0.22968175422391546], "k_pid_yaw": [0.5, 1e-06, 0.1], "k_pid_hsp": [0.29741852778469435, 0.21613857900628086, 0.6814055664282753], "k_pid_vsp": [302.33378281969954, 167.91183340032273, 354.9067045859466]}, "datetime": {"datetime": "2025-08-20 13:56:00", "elapsed": 7415.353798866272, "delta": 27.536200284957886}, "costs": {"total_cost": 1356.8989054345054, "time_cost": 150, "final_distance_cost": 54.06382985518812, "oscillation_cost": 335.8395084994056, "completition_cost": 666.6666666666667, "overshoot_cost": 114.06146844117829, "power_cost": 20.149113598632812, "noise_cost": 16.11831837343401, "n_waypoints_completed": 3, "tot_waypoints": 9}}
{"target": -426.4202350580665, "params": {"k_pid_pos": [1.8888146653773972, 0.7417048155746446, 0.5260975237913909], "k_pid_alt": [0.4696232016527391, 0.15017373472728057, 0.5428742509235159], "k_pid_att": [52.689970731571, 9.356281188933801, 0.39375373199517905], "k_pid_yaw": [0.5, 1e-06, 0.1], "k_pid_hsp": [8.732774047270954, 0.6121296510794747, 0.10487246243081305], "k_pid_vsp": [394.2634509370238, 118.17406121167586, 93.15587885814793]}, "datetime": {"datetime": "2025-08-20 13:56:28", "elapsed": 7442.952264070511, "delta": 27.59846520423889}, "costs": {"total_cost": 426.4202350580665, "time_cost": 99.84, "final_distance_cost": 1.6870170438716465, "oscillation_cost": 230.04795225716342, "completition_cost": 0.0, "overshoot_cost": 58.07165969983797, "power_cost": 20.908193029785156, "noise_cost": 15.86541302740829, "n_waypoints_completed": 9, "tot_waypoints": 9}}
{"target": -465.8433734935403, "params": {"k_pid_pos": [1.4066176217815245, 0.3052320728033807, 0.5008070232511865], "k_pid_alt": [1.8540754898429117, 0.01130261175143843, 0.21544132664101934], "k_pid_att": [72.60748654226968, 7.7036138049422815, 0.9467212871036975], "k_pid_yaw": [0.5, 1e-06, 0.1], "k_pid_hsp": [9.13566817489408, 0.6878064914419768, 0.6526233938182843], "k_pid_vsp": [260.1684107786153, 199.40880003106318, 372.61098554906215]}, "datetime": {"datetime": "2025-08-20 13:56:53", "elapsed": 7467.589800357819, "delta": 24.63753628730774}, "costs": {"total_cost": 465.8433734935403, "time_cost": 95.816, "final_distance_cost": 1.7592321780630156, "oscillation_cost": 261.0113387481433, "completition_cost": 0.0, "overshoot_cost": 65.81789419867913, "power_cost": 23.129767260742188, "noise_cost": 18.30914110791265, "n_waypoints_completed": 9, "tot_waypoints": 9}}
{"target": -1281.6718165746408, "params": {"k_pid_pos": [0.24927292710693105, 0.04806669998508062, 0.7428548212444918], "k_pid_alt": [0.79499070914928, 0.2680795399636937, 0.9570655059494031], "k_pid_att": [70.19271480621173, 8.74399965801344, 0.03357523203724755], "k_pid_yaw": [0.5, 1e-06, 0.1], "k_pid_hsp": [6.195312976060885, 0.08414985195576608, 0.567454523620859], "k_pid_vsp": [95.14512070831542, 261.9745978152576, 153.88080099337938]}, "datetime": {"datetime": "2025-08-20 13:57:19", "elapsed": 7493.88675737381, "delta": 26.29695701599121}, "costs": {"total_cost": 1281.6718165746408, "time_cost": 150, "final_distance_cost": 49.36879783494267, "oscillation_cost": 433.9147797550825, "completition_cost": 555.5555555555555, "overshoot_cost": 55.45588217489103, "power_cost": 20.998441577148437, "noise_cost": 16.378359677020693, "n_waypoints_completed": 4, "tot_waypoints": 9}}
{"target": -1108.7984639620245, "params": {"k_pid_pos": [0.31536179087207306, 0.779333357753917, 0.15610051055970275], "k_pid_alt": [1.2361857304141433, 0.025169010849337092, 0.6473044964969383], "k_pid_att": [26.64009925280826, 5.705376727220933, 0.2992600150201794], "k_pid_yaw": [0.5, 1e-06, 0.1], "k_pid_hsp": [0.3942732461292534, 0.4855646774173573, 0.1348137507483036], "k_pid_vsp": [203.09307246017136, 50.22606337425222, 134.7120444990174]}, "datetime": {"datetime": "2025-08-20 13:57:44", "elapsed": 7519.31020450592, "delta": 25.423447132110596}, "costs": {"total_cost": 1108.7984639620245, "time_cost": 150, "final_distance_cost": 56.544922254194944, "oscillation_cost": 117.51630950221056, "completition_cost": 666.6666666666667, "overshoot_cost": 77.35205547171167, "power_cost": 23.864830725097658, "noise_cost": 16.853679342142975, "n_waypoints_completed": 3, "tot_waypoints": 9}}
{"target": -848.0225507395947, "params": {"k_pid_pos": [1.3245168570412458, 0.4180545192841765, 0.9030906470833588], "k_pid_alt": [1.5512666731041058, 0.5967831324415577, 0.06710126895197399], "k_pid_att": [38.967802702741594, 1.198481943485134, 0.5045501677870893], "k_pid_yaw": [0.5, 1e-06, 0.1], "k_pid_hsp": [3.990090106192382, 0.08414410770986791, 0.3915748804690051], "k_pid_vsp": [192.2809335160863, 104.6560549310446, 284.6216894010453]}, "datetime": {"datetime": "2025-08-20 13:58:09", "elapsed": 7544.039730787277, "delta": 24.72952628135681}, "costs": {"total_cost": 848.0225507395947, "time_cost": 150, "final_distance_cost": 77.02463869284195, "oscillation_cost": 296.0309927709586, "completition_cost": 222.2222222222222, "overshoot_cost": 64.70009985913406, "power_cost": 20.808809313964844, "noise_cost": 17.235787880473065, "n_waypoints_completed": 7, "tot_waypoints": 9}}
{"target": -1454.1193761803963, "params": {"k_pid_pos": [1.9937673460249867, 0.8379733009610978, 0.5591489224463364], "k_pid_alt": [1.4208288382041927, 0.7303853085663331, 0.34879200541490296], "k_pid_att": [6.713768541553122, 1.229413917836456, 0.946426617396691], "k_pid_yaw": [0.5, 1e-06, 0.1], "k_pid_hsp": [0.33527272097884175, 0.5361113621615985, 0.12793842075497952], "k_pid_vsp": [277.33722691421144, 95.53960308235848, 386.8262546912442]}, "datetime": {"datetime": "2025-08-20 13:58:34", "elapsed": 7568.674325942993, "delta": 24.634595155715942}, "costs": {"total_cost": 1454.1193761803963, "time_cost": 150, "final_distance_cost": 12.060570750817103, "oscillation_cost": 59.62841645617815, "completition_cost": 1000.0, "overshoot_cost": 137.98290906797186, "power_cost": 22.382535559082033, "noise_cost": 72.06494434634718, "n_waypoints_completed": 0, "tot_waypoints": 9}}
{"target": -820.069413219425, "params": {"k_pid_pos": [1.230955487439375, 0.4585479018321398, 0.2874913875458013], "k_pid_alt": [1.0251664423846412, 0.665048580423373, 0.21541661649721477], "k_pid_att": [46.274378185872344, 3.0493254049774343, 0.27516911736562033], "k_pid_yaw": [0.5, 1e-06, 0.1], "k_pid_hsp": [1.4704142215836191, 0.1661350957788421, 0.897901226751686], "k_pid_vsp": [264.5570806429818, 61.06500534627881, 19.483120122323786]}, "datetime": {"datetime": "2025-08-20 13:58:58", "elapsed": 7592.958889245987, "delta": 24.284563302993774}, "costs": {"total_cost": 820.069413219425, "time_cost": 150, "final_distance_cost": 66.40081057569802, "oscillation_cost": 166.07703795299352, "completition_cost": 333.33333333333337, "overshoot_cost": 60.5569198211069, "power_cost": 24.789611865234377, "noise_cost": 18.911699671058734, "n_waypoints_completed": 6, "tot_waypoints": 9}}
{"target": -1461.2722899070525, "params": {"k_pid_pos": [1.7162595463466654, 0.6175635099330835, 0.2628296587627835], "k_pid_alt": [1.3893935869789527, 0.4186720827365089, 0.35208180461924077], "k_pid_att": [27.661342147123, 6.277589393706698, 0.8178097880026846], "k_pid_yaw": [0.5, 1e-06, 0.1], "k_pid_hsp": [1.47594638635739, 0.9045004479140711, 0.12880103533101306], "k_pid_vsp": [136.46444485376315, 152.41922243149304, 336.3381263062728]}, "datetime": {"datetime": "2025-08-20 13:59:25", "elapsed": 7619.819505214691, "delta": 26.860615968704224}, "costs": {"total_cost": 1461.2722899070525, "time_cost": 150, "final_distance_cost": 8.34902894289617, "oscillation_cost": 72.52739613104535, "completition_cost": 1000.0, "overshoot_cost": 137.0923515171999, "power_cost": 22.486404248046878, "noise_cost": 70.81710906786412, "n_waypoints_completed": 0, "tot_waypoints": 9}}
{"target": -1575.9356630188076, "params": {"k_pid_pos": [0.27606580858413377, 0.17064483491353388, 0.6927754991606379], "k_pid_alt": [0.39314655023462053, 0.1669775906650527, 0.641810931872655], "k_pid_att": [74.67611192165806, 6.449040569847582, 0.9575620188003829], "k_pid_yaw": [0.5, 1e-06, 0.1], "k_pid_hsp": [1.8206459181251107, 0.16659404765003172, 0.7288471551395623], "k_pid_vsp": [251.88711963931576, 291.01346217595636, 365.64373349216254]}, "datetime": {"datetime": "2025-08-20 13:59:49", "elapsed": 7644.389195203781, "delta": 24.569689989089966}, "costs": {"total_cost": 1575.9356630188076, "time_cost": 150, "final_distance_cost": 64.82003374858381, "oscillation_cost": 400.0046302804807, "completition_cost": 888.8888888888888, "overshoot_cost": 35.024348306199585, "power_cost": 20.812121105957033, "noise_cost": 16.385640688698004, "n_waypoints_completed": 1, "tot_waypoints": 9}}
{"target": -1220.1741220912097, "params": {"k_pid_pos": [1.9829005629286451, 0.6313061610003323, 0.31951052002507485], "k_pid_alt": [0.34637251789489043, 0.6452364914334741, 0.033910519175260445], "k_pid_att": [77.72739286847394, 3.785144204566896, 0.7344165224552262], "k_pid_yaw": [0.5, 1e-06, 0.1], "k_pid_hsp": [0.045366417177438244, 0.34143213333279643, 0.1800061602355253], "k_pid_vsp": [388.8839931459822, 324.4050234847715, 189.59759555955202]}, "datetime": {"datetime": "2025-08-20 14:00:14", "elapsed": 7668.812808036804, "delta": 24.42361283302307}, "costs": {"total_cost": 1220.1741220912097, "time_cost": 150, "final_distance_cost": 77.38531360193178, "oscillation_cost": 98.8494455735045, "completition_cost": 777.7777777777778, "overshoot_cost": 76.2369877740179, "power_cost": 23.302428808593753, "noise_cost": 16.622168555383862, "n_waypoints_completed": 2, "tot_waypoints": 9}}
{"target": -585.8701271876563, "params": {"k_pid_pos": [1.6542961214595402, 0.09439266376379696, 0.27913787214716146], "k_pid_alt": [0.6823227682646236, 0.036213757235970645, 0.21278747078339832], "k_pid_att": [51.210231504391714, 3.6975408857459557, 0.3760451264147443], "k_pid_yaw": [0.5, 1e-06, 0.1], "k_pid_hsp": [2.1543882081721484, 0.8675605826372457, 0.3002665315784274], "k_pid_vsp": [306.702045169556, 125.2837647967788, 318.24647497944113]}, "datetime": {"datetime": "2025-08-20 14:00:42", "elapsed": 7696.700267791748, "delta": 27.887459754943848}, "costs": {"total_cost": 585.8701271876563, "time_cost": 150, "final_distance_cost": 19.444923638920965, "oscillation_cost": 198.001794477626, "completition_cost": 111.11111111111116, "overshoot_cost": 67.29599266488886, "power_cost": 22.87315203857422, "noise_cost": 17.143153256535076, "n_waypoints_completed": 8, "tot_waypoints": 9}}
{"target": -1549.5180923987946, "params": {"k_pid_pos": [0.48197955043189006, 0.11670899147562774, 0.23025929027480718], "k_pid_alt": [1.6572261137815905, 0.6346415742119783, 0.5985021473324204], "k_pid_att": [58.37239426464507, 9.80208343874541, 0.8855974929868888], "k_pid_yaw": [0.5, 1e-06, 0.1], "k_pid_hsp": [0.7590858581218703, 0.45695193629853925, 0.8436248482771883], "k_pid_vsp": [40.49755826566699, 189.89323230218258, 235.63995656135316]}, "datetime": {"datetime": "2025-08-20 14:01:10", "elapsed": 7725.395860910416, "delta": 28.695593118667603}, "costs": {"total_cost": 1549.5180923987946, "time_cost": 150, "final_distance_cost": 65.34698360672913, "oscillation_cost": 362.2384537888887, "completition_cost": 888.8888888888888, "overshoot_cost": 42.99410072701205, "power_cost": 22.406135217285158, "noise_cost": 17.643530169990868, "n_waypoints_completed": 1, "tot_waypoints": 9}}
{"target": -1282.1960283837836, "params": {"k_pid_pos": [1.3133522538351488, 0.4591533085395102, 0.2257659293558626], "k_pid_alt": [0.03664299190928877, 0.5399406188050998, 0.027576210750023922], "k_pid_att": [32.46553996574224, 6.859202943753552, 0.5624535623811788], "k_pid_yaw": [0.5, 1e-06, 0.1], "k_pid_hsp": [4.307698008671117, 0.7164586127350789, 0.9549454077136603], "k_pid_vsp": [391.9962500982419, 354.39148549481155, 83.82602214827654]}, "datetime": {"datetime": "2025-08-20 14:01:39", "elapsed": 7753.766849756241, "delta": 28.370988845825195}, "costs": {"total_cost": 1282.1960283837836, "time_cost": 150, "final_distance_cost": 97.72745181008052, "oscillation_cost": 170.56125337552652, "completition_cost": 777.7777777777778, "overshoot_cost": 46.48758014627181, "power_cost": 23.23790357666016, "noise_cost": 16.404061697466826, "n_waypoints_completed": 2, "tot_waypoints": 9}}
{"target": -1585.7439997340155, "params": {"k_pid_pos": [1.5087197926904083, 0.4450771009663933, 0.014945612022857935], "k_pid_alt": [0.549884852822524, 0.5574690275538049, 0.7175487975661449], "k_pid_att": [4.901683784679212, 5.613917506527665, 0.6162465672847104], "k_pid_yaw": [0.5, 1e-06, 0.1], "k_pid_hsp": [5.950105305024511, 0.6410926237259511, 0.8573260233280933], "k_pid_vsp": [203.21019708333722, 140.95435181085955, 283.1954502657825]}, "datetime": {"datetime": "2025-08-20 14:02:04", "elapsed": 7778.788218975067, "delta": 25.021369218826294}, "costs": {"total_cost": 1585.7439997340155, "time_cost": 150, "final_distance_cost": 8.802165100251063, "oscillation_cost": 289.93145298268223, "completition_cost": 1000.0, "overshoot_cost": 101.32490144458258, "power_cost": 19.7876724609375, "noise_cost": 15.89780774556197, "n_waypoints_completed": 0, "tot_waypoints": 9}}
{"target": -1391.1672204840515, "params": {"k_pid_pos": [0.29631910976170295, 0.338159978519914, 0.6842233932126313], "k_pid_alt": [1.1967973681920285, 0.929632739897301, 0.07985055936884866], "k_pid_att": [3.3667897583418704, 7.764015914816587, 0.0562311916450714], "k_pid_yaw": [0.5, 1e-06, 0.1], "k_pid_hsp": [1.8561019492270803, 0.6858086908188423, 0.5927235787947468], "k_pid_vsp": [292.81777691934695, 223.55535350259086, 193.5565883527889]}, "datetime": {"datetime": "2025-08-20 14:02:29", "elapsed": 7803.848761081696, "delta": 25.060542106628418}, "costs": {"total_cost": 1391.1672204840515, "time_cost": 150, "final_distance_cost": 81.75889250968936, "oscillation_cost": 297.01516265243174, "completition_cost": 777.7777777777778, "overshoot_cost": 49.01219752466508, "power_cost": 20.954670629882813, "noise_cost": 14.648519389604607, "n_waypoints_completed": 2, "tot_waypoints": 9}}
{"target": -796.0662307248762, "params": {"k_pid_pos": [1.992178542252227, 0.9767634635693172, 0.5643081632230135], "k_pid_alt": [0.8101591144127123, 0.5682496929211648, 0.12291563410150574], "k_pid_att": [72.66257436672478, 1.1225187006253003, 0.8903558549381291], "k_pid_yaw": [0.5, 1e-06, 0.1], "k_pid_hsp": [7.134571764932508, 0.5095506914861829, 0.8573483496267783], "k_pid_vsp": [344.1514984135908, 396.8159905152376, 71.33199004897004]}, "datetime": {"datetime": "2025-08-20 14:02:57", "elapsed": 7832.1217176914215, "delta": 28.272956609725952}, "costs": {"total_cost": 796.0662307248762, "time_cost": 150, "final_distance_cost": 69.24739717764024, "oscillation_cost": 140.80851003255017, "completition_cost": 333.33333333333337, "overshoot_cost": 61.35427201661365, "power_cost": 23.466485095214846, "noise_cost": 17.856233069523856, "n_waypoints_completed": 6, "tot_waypoints": 9}}
{"target": -1286.8351658498996, "params": {"k_pid_pos": [1.6795930999242215, 0.8382040145061194, 0.4876091592914462], "k_pid_alt": [1.2701228419574535, 0.1036443318047221, 0.8242750493837733], "k_pid_att": [23.247728337456063, 6.710853783039611, 0.8014112801585699], "k_pid_yaw": [0.5, 1e-06, 0.1], "k_pid_hsp": [9.495229657770722, 0.46423967696834023, 0.32003771352120025], "k_pid_vsp": [86.63744508874602, 149.7314941907613, 147.6681536100905]}, "datetime": {"datetime": "2025-08-20 14:03:22", "elapsed": 7857.456491231918, "delta": 25.334773540496826}, "costs": {"total_cost": 1286.8351658498996, "time_cost": 150, "final_distance_cost": 52.19279188927237, "oscillation_cost": 315.3656004153606, "completition_cost": 666.6666666666667, "overshoot_cost": 63.098029631621365, "power_cost": 22.782497875976564, "noise_cost": 16.729579371001986, "n_waypoints_completed": 3, "tot_waypoints": 9}}
