{"target": -443.56536834096056, "params": {"k_pid_pos": [1.2578218008690492, 0.3997203470077495, 0.21333547543481735], "k_pid_alt": [1.0258364840149916, 0.6717356491171744, 0.8909017634985256], "k_pid_att": [21.67430246521347, 6.212322007098719, 0.7125436686754086], "k_pid_yaw": [0.5, 1e-06, 0.1], "k_pid_hsp": [5.8021885210908355, 0.8452431566065168, 0.3574906970227735], "k_pid_vsp": [300.8032114723532, 147.3082443216185, 45.25948526871331]}, "datetime": {"datetime": "2025-08-20 21:34:55", "elapsed": 34950.23671126366, "delta": 29.97453022003174}, "costs": {"total_cost": 443.56536834096056, "time_cost": 95.98400000000001, "final_distance_cost": 1.7557733929828103, "oscillation_cost": 254.37649888788675, "completition_cost": 0.0, "overshoot_cost": 53.37726937050451, "power_cost": 21.459398608398438, "noise_cost": 16.612428081188042, "n_waypoints_completed": 9, "tot_waypoints": 9}}
{"target": -964.0471356223351, "params": {"k_pid_pos": [0.937815725289775, 0.28728670405002266, 0.9233812925466928], "k_pid_alt": [1.3438626360704402, 0.6878709059018673, 0.03366173261933081], "k_pid_att": [40.563823837743065, 0.9665529459135047, 0.7109428730424523], "k_pid_yaw": [0.5, 1e-06, 0.1], "k_pid_hsp": [6.69072745899187, 0.3927673203316525, 0.6052374813239698], "k_pid_vsp": [346.0499037850914, 203.44880801440783, 327.83782956979996]}, "datetime": {"datetime": "2025-08-20 21:35:27", "elapsed": 34981.788373708725, "delta": 31.55166244506836}, "costs": {"total_cost": 964.0471356223351, "time_cost": 150, "final_distance_cost": 69.49839503837488, "oscillation_cost": 316.32279384166054, "completition_cost": 333.33333333333337, "overshoot_cost": 50.559042800833716, "power_cost": 25.549573461914065, "noise_cost": 18.783997146218532, "n_waypoints_completed": 6, "tot_waypoints": 9}}
{"target": -974.5305077128145, "params": {"k_pid_pos": [0.3841633627579505, 0.21720228792447904, 0.5157012168063146], "k_pid_alt": [1.1255516281483353, 0.34777744659436594, 0.07460280676389341], "k_pid_att": [82.93594380207989, 7.797242926756563, 0.11765398673605099], "k_pid_yaw": [0.5, 1e-06, 0.1], "k_pid_hsp": [7.947488736138097, 0.8369392052412296, 0.14216836481423845], "k_pid_vsp": [7.851919112934036, 297.26058762314216, 125.32210490711647]}, "datetime": {"datetime": "2025-08-20 21:36:00", "elapsed": 35015.236540317535, "delta": 33.448166608810425}, "costs": {"total_cost": 974.5305077128145, "time_cost": 150, "final_distance_cost": 71.50156073804237, "oscillation_cost": 333.80196775976856, "completition_cost": 333.33333333333337, "overshoot_cost": 47.616281225355124, "power_cost": 21.511870239257814, "noise_cost": 16.765494417057155, "n_waypoints_completed": 6, "tot_waypoints": 9}}
{"target": -1074.8097847267709, "params": {"k_pid_pos": [0.25144943233450123, 0.6081437381606078, 0.5084586690473456], "k_pid_alt": [1.375892569633873, 0.42539749347529243, 0.21224675620418043], "k_pid_att": [49.2171380103764, 9.14762649960153, 0.9195941914242496], "k_pid_yaw": [0.5, 1e-06, 0.1], "k_pid_hsp": [2.0607201858100317, 0.06826993999832043, 0.21285053724284875], "k_pid_vsp": [21.787312996038644, 245.2260332753521, 172.0759000071405]}, "datetime": {"datetime": "2025-08-20 21:36:30", "elapsed": 35044.656500816345, "delta": 29.419960498809814}, "costs": {"total_cost": 1074.8097847267709, "time_cost": 150, "final_distance_cost": 42.31772056420589, "oscillation_cost": 224.80979124418587, "completition_cost": 555.5555555555555, "overshoot_cost": 61.181024432108835, "power_cost": 23.386429394531252, "noise_cost": 17.559263536183675, "n_waypoints_completed": 4, "tot_waypoints": 9}}
{"target": -1694.4759546470682, "params": {"k_pid_pos": [1.9507219155911333, 0.4711574571878666, 0.1638708673294207], "k_pid_alt": [0.5579714866121355, 0.5722505472384315, 0.8405800485545619], "k_pid_att": [9.198836091587893, 6.054678437941492, 0.3467362492990058], "k_pid_yaw": [0.5, 1e-06, 0.1], "k_pid_hsp": [0.03249206301463849, 0.7096503283315645, 0.9258437571634046], "k_pid_vsp": [122.20084090864383, 352.78258031843865, 261.5912761335016]}, "datetime": {"datetime": "2025-08-20 21:37:01", "elapsed": 35076.49265789986, "delta": 31.836157083511353}, "costs": {"total_cost": 1694.4759546470682, "time_cost": 150, "final_distance_cost": 46.349965325386336, "oscillation_cost": 400.40327341927673, "completition_cost": 1000.0, "overshoot_cost": 58.74711750080125, "power_cost": 21.066233459472656, "noise_cost": 17.909364942131113, "n_waypoints_completed": 0, "tot_waypoints": 9}}
{"target": -1272.9116688065865, "params": {"k_pid_pos": [1.2299462372749201, 0.3470333254339023, 0.05748297245842382], "k_pid_alt": [0.5852356247050716, 0.46833190092787413, 0.5788534817666203], "k_pid_att": [35.09366668967775, 7.110047979605977, 0.7384180535252503], "k_pid_yaw": [0.5, 1e-06, 0.1], "k_pid_hsp": [0.9196503605460656, 0.6686533017543003, 0.8098309334723168], "k_pid_vsp": [173.4125972903637, 191.3910420675873, 135.88000837724226]}, "datetime": {"datetime": "2025-08-20 21:37:32", "elapsed": 35106.691601753235, "delta": 30.198943853378296}, "costs": {"total_cost": 1272.9116688065865, "time_cost": 150, "final_distance_cost": 95.7675292444794, "oscillation_cost": 165.95051255744306, "completition_cost": 777.7777777777778, "overshoot_cost": 43.14815860181488, "power_cost": 23.62703974609375, "noise_cost": 16.640650878977567, "n_waypoints_completed": 2, "tot_waypoints": 9}}
{"target": -1485.6994924200274, "params": {"k_pid_pos": [1.5869489950495985, 0.7368618292320921, 0.2572979763617226], "k_pid_alt": [0.04270829044794433, 0.41964822624808984, 0.252028313792078], "k_pid_att": [47.41207281455176, 7.122430790733204, 0.4666126891764165], "k_pid_yaw": [0.5, 1e-06, 0.1], "k_pid_hsp": [3.6168688377591285, 0.34748815711280445, 0.9738179722904349], "k_pid_vsp": [140.342920492157, 22.772026685811447, 269.82093835438667]}, "datetime": {"datetime": "2025-08-20 21:38:03", "elapsed": 35137.611577272415, "delta": 30.919975519180298}, "costs": {"total_cost": 1485.6994924200274, "time_cost": 150, "final_distance_cost": 4.305905396200864, "oscillation_cost": 130.65320635838665, "completition_cost": 1000.0, "overshoot_cost": 129.21992487567536, "power_cost": 22.07558114013672, "noise_cost": 49.444874649627835, "n_waypoints_completed": 0, "tot_waypoints": 9}}
{"target": -473.16314943972156, "params": {"k_pid_pos": [1.2254052132755844, 0.1838933745589696, 0.4118477248832998], "k_pid_alt": [0.2944168697077554, 0.831047561760811, 0.2759182505661737], "k_pid_att": [45.12310471919986, 0.2699725816619212, 0.21738908724910677], "k_pid_yaw": [0.5, 1e-06, 0.1], "k_pid_hsp": [9.718522359181419, 0.49519770601719126, 0.5177069810743226], "k_pid_vsp": [385.2640953005883, 362.6323106857561, 265.8513893203948]}, "datetime": {"datetime": "2025-08-20 21:38:47", "elapsed": 35181.64777588844, "delta": 44.03619861602783}, "costs": {"total_cost": 473.16314943972156, "time_cost": 97.248, "final_distance_cost": 1.7327996957388478, "oscillation_cost": 267.8758030264482, "completition_cost": 0.0, "overshoot_cost": 68.49400736352791, "power_cost": 21.4664583984375, "noise_cost": 16.34608095556913, "n_waypoints_completed": 9, "tot_waypoints": 9}}
{"target": -1476.0589698311703, "params": {"k_pid_pos": [0.9394452626375932, 0.9517124829775332, 0.06876527317948467], "k_pid_alt": [0.8309687081520614, 0.25624013665651657, 0.3668455491631911], "k_pid_att": [83.27503334423452, 0.3770236701608863, 0.2133612224787368], "k_pid_yaw": [0.5, 1e-06, 0.1], "k_pid_hsp": [9.147952990312245, 0.371592551307418, 0.5541688247627442], "k_pid_vsp": [4.093194142591772, 8.948404742528993, 328.1543205766522]}, "datetime": {"datetime": "2025-08-20 21:39:22", "elapsed": 35216.74793434143, "delta": 35.10015845298767}, "costs": {"total_cost": 1476.0589698311703, "time_cost": 150, "final_distance_cost": 14.870792743978692, "oscillation_cost": 82.90688461398587, "completition_cost": 1000.0, "overshoot_cost": 138.3218932479668, "power_cost": 21.341236169433596, "noise_cost": 68.61816305580565, "n_waypoints_completed": 0, "tot_waypoints": 9}}
{"target": -411.8997720626312, "params": {"k_pid_pos": [1.0670084879071104, 0.6273726178761956, 0.6531829409576535], "k_pid_alt": [1.8239096940168162, 0.6422453555850408, 0.1670901563750954], "k_pid_att": [22.16158246876372, 7.199930594845678, 0.7886078400831635], "k_pid_yaw": [0.5, 1e-06, 0.1], "k_pid_hsp": [4.111729856215624, 0.11452621071295155, 0.4623610639312654], "k_pid_vsp": [364.82714791347036, 334.39973007587304, 31.72374477913707]}, "datetime": {"datetime": "2025-08-20 21:39:53", "elapsed": 35247.71850466728, "delta": 30.97057032585144}, "costs": {"total_cost": 411.8997720626312, "time_cost": 89.98400000000001, "final_distance_cost": 1.7832893365889642, "oscillation_cost": 233.51011435608018, "completition_cost": 0.0, "overshoot_cost": 53.71628341859225, "power_cost": 18.874279174804688, "noise_cost": 14.031805776565069, "n_waypoints_completed": 9, "tot_waypoints": 9}}
{"target": -749.0716246444306, "params": {"k_pid_pos": [1.193141921200286, 0.4395867966654423, 0.33461745637287743], "k_pid_alt": [1.4772389097628214, 0.5234573377793207, 0.5631782642920938], "k_pid_att": [10.503898228182384, 6.5776720287063215, 0.9540132595134877], "k_pid_yaw": [0.5, 1e-06, 0.1], "k_pid_hsp": [9.282041394124025, 0.7351927476270205, 0.9845163692675748], "k_pid_vsp": [399.0603284672129, 256.89779875041984, 328.7028388628424]}, "datetime": {"datetime": "2025-08-20 21:40:32", "elapsed": 35287.3029859066, "delta": 39.58448123931885}, "costs": {"total_cost": 749.0716246444306, "time_cost": 150, "final_distance_cost": 73.81026662031724, "oscillation_cost": 210.04594060369547, "completition_cost": 222.2222222222222, "overshoot_cost": 55.133272342665435, "power_cost": 22.096545251464846, "noise_cost": 15.763377604065443, "n_waypoints_completed": 7, "tot_waypoints": 9}}
{"target": -1007.9818139621373, "params": {"k_pid_pos": [1.0773108152111586, 0.6363514504898952, 0.2461617808073766], "k_pid_alt": [0.5634483747390411, 0.12339094059455136, 0.277574722017081], "k_pid_att": [38.6782683896735, 1.4313237749020904, 0.8837647914843298], "k_pid_yaw": [0.5, 1e-06, 0.1], "k_pid_hsp": [9.953170227139815, 0.0027075127451817727, 0.958352584151718], "k_pid_vsp": [282.03031194525863, 191.94634910239873, 373.7796815169638]}, "datetime": {"datetime": "2025-08-20 21:41:05", "elapsed": 35320.46895766258, "delta": 33.165971755981445}, "costs": {"total_cost": 1007.9818139621373, "time_cost": 150, "final_distance_cost": 55.55431375879356, "oscillation_cost": 264.1003291944986, "completition_cost": 444.4444444444444, "overshoot_cost": 56.902779027917326, "power_cost": 20.262178845214844, "noise_cost": 16.71776869126846, "n_waypoints_completed": 5, "tot_waypoints": 9}}
{"target": -661.203231746128, "params": {"k_pid_pos": [1.2024731072120494, 0.22731179130058965, 0.9441961277790311], "k_pid_alt": [1.3430512327172601, 0.8402763001472451, 0.9605991441574604], "k_pid_att": [25.930731403367236, 6.95038205395025, 0.6300739033461216], "k_pid_yaw": [0.5, 1e-06, 0.1], "k_pid_hsp": [3.765734525842979, 0.08739911146813795, 0.483366145344021], "k_pid_vsp": [209.42295688893816, 251.15039512087742, 14.617050683262105]}, "datetime": {"datetime": "2025-08-20 21:41:41", "elapsed": 35356.07631468773, "delta": 35.607357025146484}, "costs": {"total_cost": 661.203231746128, "time_cost": 150, "final_distance_cost": 36.86291670530141, "oscillation_cost": 271.239155608925, "completition_cost": 111.11111111111116, "overshoot_cost": 54.89037093242196, "power_cost": 21.52776396484375, "noise_cost": 15.571913423524764, "n_waypoints_completed": 8, "tot_waypoints": 9}}
{"target": -912.4718100211707, "params": {"k_pid_pos": [0.5870212266774171, 0.5436454451381756, 0.37382126703534535], "k_pid_alt": [0.8600434513239124, 0.7723477883365848, 0.8339330471263031], "k_pid_att": [59.39141295061946, 1.5764729447579326, 0.1616637318484776], "k_pid_yaw": [0.5, 1e-06, 0.1], "k_pid_hsp": [5.590837479083838, 0.5042324731436922, 0.0048739152419177145], "k_pid_vsp": [186.66757798567536, 24.426139509877302, 154.97963283133885]}, "datetime": {"datetime": "2025-08-20 21:42:14", "elapsed": 35389.04537701607, "delta": 32.96906232833862}, "costs": {"total_cost": 912.4718100211707, "time_cost": 150, "final_distance_cost": 49.089836469079856, "oscillation_cost": 67.9844180551797, "completition_cost": 555.5555555555555, "overshoot_cost": 56.983870404364254, "power_cost": 18.600646655273437, "noise_cost": 14.257482881717944, "n_waypoints_completed": 4, "tot_waypoints": 9}}
{"target": -559.5916162505432, "params": {"k_pid_pos": [0.6088660063172122, 0.8269671637127607, 0.07257508704628046], "k_pid_alt": [0.6914030806117368, 0.3263241157787785, 0.5181279085308358], "k_pid_att": [33.6337661087603, 6.949078880987241, 0.8555161459446614], "k_pid_yaw": [0.5, 1e-06, 0.1], "k_pid_hsp": [8.206141442914772, 0.8317752215943566, 0.3840274754616343], "k_pid_vsp": [343.9618284082224, 63.55388309260704, 11.83816842338026]}, "datetime": {"datetime": "2025-08-20 21:42:45", "elapsed": 35419.56365561485, "delta": 30.5182785987854}, "costs": {"total_cost": 559.5916162505432, "time_cost": 150, "final_distance_cost": 61.48716098152399, "oscillation_cost": 150.47203048918394, "completition_cost": 111.11111111111116, "overshoot_cost": 51.76012277983383, "power_cost": 19.608350732421876, "noise_cost": 15.152840156468407, "n_waypoints_completed": 8, "tot_waypoints": 9}}
{"target": -909.6817763466084, "params": {"k_pid_pos": [1.319268812175011, 0.19634914126560254, 0.3759635497993077], "k_pid_alt": [0.43678174649583346, 0.6358204812611931, 0.453234362737732], "k_pid_att": [7.94705630581497, 8.339556688287729, 0.18677390787877068], "k_pid_yaw": [0.5, 1e-06, 0.1], "k_pid_hsp": [5.011363993558536, 0.8048864267105692, 0.6755571584371177], "k_pid_vsp": [280.87298065501767, 266.2198136852427, 221.58831076869566]}, "datetime": {"datetime": "2025-08-20 21:43:15", "elapsed": 35449.63454723358, "delta": 30.070891618728638}, "costs": {"total_cost": 909.6817763466084, "time_cost": 150, "final_distance_cost": 59.00265252068739, "oscillation_cost": 278.8214460717829, "completition_cost": 333.33333333333337, "overshoot_cost": 50.75317396256007, "power_cost": 21.021171215820313, "noise_cost": 16.749999242424412, "n_waypoints_completed": 6, "tot_waypoints": 9}}
{"target": -1487.4465977295965, "params": {"k_pid_pos": [0.002431286901970171, 0.4347646062947971, 0.8032938545786976], "k_pid_alt": [0.7604509094985812, 0.7307019927888277, 0.6257857206078521], "k_pid_att": [69.00231279647826, 8.374926042904432, 0.12759647384670258], "k_pid_yaw": [0.5, 1e-06, 0.1], "k_pid_hsp": [2.0093696362057125, 0.8401387024784908, 0.47040246647133566], "k_pid_vsp": [242.83127959133117, 121.00458487730775, 331.08366374206236]}, "datetime": {"datetime": "2025-08-20 21:43:45", "elapsed": 35479.838156700134, "delta": 30.203609466552734}, "costs": {"total_cost": 1487.4465977295965, "time_cost": 150, "final_distance_cost": 89.80263359288821, "oscillation_cost": 362.9273033123862, "completition_cost": 777.7777777777778, "overshoot_cost": 68.46303378545379, "power_cost": 21.619434387207033, "noise_cost": 16.85641487388346, "n_waypoints_completed": 2, "tot_waypoints": 9}}
{"target": -1214.0775241675867, "params": {"k_pid_pos": [1.0123664217994848, 0.310601092873361, 0.9568257166263542], "k_pid_alt": [1.4660169683640907, 0.631443398491203, 0.9660226906735878], "k_pid_att": [30.37407960137386, 1.8487942339517272, 0.8305797193725803], "k_pid_yaw": [0.5, 1e-06, 0.1], "k_pid_hsp": [0.13850226081980455, 0.4106912494185786, 0.592637959594221], "k_pid_vsp": [158.541587763157, 139.72208428628866, 104.01137305002754]}, "datetime": {"datetime": "2025-08-20 21:44:22", "elapsed": 35516.91153097153, "delta": 37.07337427139282}, "costs": {"total_cost": 1214.0775241675867, "time_cost": 150, "final_distance_cost": 67.23196797319123, "oscillation_cost": 301.6242704093281, "completition_cost": 555.5555555555555, "overshoot_cost": 105.56701539500324, "power_cost": 19.265739013671876, "noise_cost": 14.832975820836653, "n_waypoints_completed": 4, "tot_waypoints": 9}}
{"target": -1407.6646212222502, "params": {"k_pid_pos": [1.8823732562770368, 0.9870578568800452, 0.47764182027762625], "k_pid_alt": [0.9548260016209775, 0.44486979327211107, 0.17226624720556405], "k_pid_att": [10.401202427069611, 2.014537861824141, 0.6632698377473429], "k_pid_yaw": [0.5, 1e-06, 0.1], "k_pid_hsp": [1.6055396561044286, 0.4368027598319094, 0.889340291158636], "k_pid_vsp": [206.661641061589, 35.595247522533796, 269.40880109337564]}, "datetime": {"datetime": "2025-08-20 21:45:02", "elapsed": 35556.960359573364, "delta": 40.04882860183716}, "costs": {"total_cost": 1407.6646212222502, "time_cost": 150, "final_distance_cost": 15.14719227007274, "oscillation_cost": 74.50970156777403, "completition_cost": 1000.0, "overshoot_cost": 118.85009911646016, "power_cost": 23.33271864013672, "noise_cost": 25.824909627806456, "n_waypoints_completed": 0, "tot_waypoints": 9}}
{"target": -1111.4588969684335, "params": {"k_pid_pos": [0.25415049689147695, 0.47872053691202776, 0.904199274844329], "k_pid_alt": [1.2501639307459884, 0.6425747438110435, 0.06825510683539626], "k_pid_att": [16.794926731254932, 5.456551821262758, 0.810776256943778], "k_pid_yaw": [0.5, 1e-06, 0.1], "k_pid_hsp": [1.1405579740785952, 0.7015888764854814, 0.021994625606465812], "k_pid_vsp": [239.2617215846722, 198.468376292793, 229.92515068181999]}, "datetime": {"datetime": "2025-08-20 21:45:34", "elapsed": 35588.58159303665, "delta": 31.621233463287354}, "costs": {"total_cost": 1111.4588969684335, "time_cost": 150, "final_distance_cost": 89.47246336726313, "oscillation_cost": 36.40062099774587, "completition_cost": 777.7777777777778, "overshoot_cost": 40.08861562291271, "power_cost": 9.242565869140625, "noise_cost": 8.476853333593215, "n_waypoints_completed": 2, "tot_waypoints": 9}}
{"target": -1032.492274556446, "params": {"k_pid_pos": [0.5642421526468078, 0.3790439262609082, 0.0809100346806535], "k_pid_alt": [0.47140771791134894, 0.4872972489549562, 0.6673979272018685], "k_pid_att": [11.423588843419086, 7.939863514666888, 0.8885713813768319], "k_pid_yaw": [0.5, 1e-06, 0.1], "k_pid_hsp": [9.573310604648226, 0.31517072783647815, 0.8657919184105398], "k_pid_vsp": [319.0983289009858, 210.59419819351095, 315.2603221831677]}, "datetime": {"datetime": "2025-08-20 21:46:04", "elapsed": 35618.74926614761, "delta": 30.167673110961914}, "costs": {"total_cost": 1032.492274556446, "time_cost": 150, "final_distance_cost": 51.337576014783956, "oscillation_cost": 189.95193362388162, "completition_cost": 555.5555555555555, "overshoot_cost": 50.538587281645036, "power_cost": 19.392351306152346, "noise_cost": 15.716270774427667, "n_waypoints_completed": 4, "tot_waypoints": 9}}
{"target": -1221.5534212149016, "params": {"k_pid_pos": [1.495652170046654, 0.3073760039558604, 0.28035023310013174], "k_pid_alt": [1.6311233039354998, 0.42669534661675634, 0.4954757929995762], "k_pid_att": [69.79758790804672, 4.316373481816174, 0.8972173879696188], "k_pid_yaw": [0.5, 1e-06, 0.1], "k_pid_hsp": [0.4621102585615624, 0.011683994241007523, 0.5017528143679533], "k_pid_vsp": [125.56706675963838, 98.86394235078572, 137.42740260798755]}, "datetime": {"datetime": "2025-08-20 21:46:34", "elapsed": 35648.94841980934, "delta": 30.199153661727905}, "costs": {"total_cost": 1221.5534212149016, "time_cost": 150, "final_distance_cost": 41.046446963775175, "oscillation_cost": 380.22030474202325, "completition_cost": 555.5555555555555, "overshoot_cost": 56.940263129137655, "power_cost": 21.44688795166016, "noise_cost": 16.34396287274974, "n_waypoints_completed": 4, "tot_waypoints": 9}}
{"target": -929.0714770363486, "params": {"k_pid_pos": [0.5280305337490507, 0.27022039736089654, 0.45572605645291664], "k_pid_alt": [1.8561039455428856, 0.09205201606155766, 0.8751514331564569], "k_pid_att": [59.998648253655986, 1.1954197595265963, 0.02653104755810065], "k_pid_yaw": [0.5, 1e-06, 0.1], "k_pid_hsp": [1.3149379357957, 0.4313750189451099, 0.07416455404016942], "k_pid_vsp": [265.312008409376, 142.95306401610168, 340.86106561926056]}, "datetime": {"datetime": "2025-08-20 21:47:08", "elapsed": 35683.38894200325, "delta": 34.44052219390869}, "costs": {"total_cost": 929.0714770363486, "time_cost": 150, "final_distance_cost": 61.71425135540044, "oscillation_cost": 301.0194492618342, "completition_cost": 333.33333333333337, "overshoot_cost": 45.562778520518805, "power_cost": 21.088846423339845, "noise_cost": 16.352818141921787, "n_waypoints_completed": 6, "tot_waypoints": 9}}
{"target": -1536.5194451903349, "params": {"k_pid_pos": [0.724164225755468, 0.4380198117930233, 0.4260924269114521], "k_pid_alt": [1.5408722842054556, 0.11704314324436427, 0.5941707076087347], "k_pid_att": [26.29651305578613, 9.646668516823288, 0.7798055262759201], "k_pid_yaw": [0.5, 1e-06, 0.1], "k_pid_hsp": [2.7089009950217675, 0.03341820984810473, 0.43573031576046883], "k_pid_vsp": [196.41195168540176, 166.17226635985105, 392.0854013521577]}, "datetime": {"datetime": "2025-08-20 21:47:47", "elapsed": 35722.1097073555, "delta": 38.720765352249146}, "costs": {"total_cost": 1536.5194451903349, "time_cost": 150, "final_distance_cost": 65.50793737806015, "oscillation_cost": 358.3431124195937, "completition_cost": 888.8888888888888, "overshoot_cost": 39.5096648842781, "power_cost": 18.182561865234376, "noise_cost": 16.087279754279542, "n_waypoints_completed": 1, "tot_waypoints": 9}}
