{"target": -933.9522498737207, "params": {"k_pid_pos": [0.4119200523564412, 0.13749415178212143, 0.8235595960705843], "k_pid_alt": [0.8038503571990789, 0.5877155741101123, 0.5826373163965605], "k_pid_att": [65.09341366709974, 5.105053685261268, 0.8463693171375107], "k_pid_yaw": [0.5, 1e-06, 0.1], "k_pid_hsp": [1.525441839690239, 0.9182919108419004, 0.4011945908413864], "k_pid_vsp": [289.48721779926314, 232.6763477583327, 88.7270705294268]}, "datetime": {"datetime": "2025-08-21 07:06:38", "elapsed": 69252.87284469604, "delta": 45.940852642059326}, "costs": {"total_cost": 933.9522498737207, "time_cost": 150, "final_distance_cost": 74.73132288248557, "oscillation_cost": 289.8639265052985, "completition_cost": 333.33333333333337, "overshoot_cost": 47.89344604933739, "power_cost": 21.089125390625, "noise_cost": 17.041095712640832, "n_waypoints_completed": 6, "tot_waypoints": 9}}
{"target": -505.57678475989064, "params": {"k_pid_pos": [1.459307071185195, 1.0, 0.0], "k_pid_alt": [2.0, 0.0, 0.11832917930799436], "k_pid_att": [11.960401388755749, 8.32453602385737, 1.0], "k_pid_yaw": [0.5, 1e-06, 0.1], "k_pid_hsp": [5.387606639310987, 1.0, 0.0], "k_pid_vsp": [17.27462676550147, 311.6918606916865, 30.970554955361496]}, "datetime": {"datetime": "2025-08-21 07:07:29", "elapsed": 69303.59287142754, "delta": 50.72002673149109}, "costs": {"total_cost": 505.57678475989064, "time_cost": 150, "final_distance_cost": 69.30003742319019, "oscillation_cost": 75.67470669449996, "completition_cost": 111.11111111111116, "overshoot_cost": 62.824204771634996, "power_cost": 21.39233328857422, "noise_cost": 15.274391470880158, "n_waypoints_completed": 8, "tot_waypoints": 9}}
{"target": -456.8663332811655, "params": {"k_pid_pos": [1.336627044942816, 0.3252118417370035, 0.7050758155006531], "k_pid_alt": [1.8862737322906042, 0.25700132419194754, 0.0], "k_pid_att": [55.52092667403434, 1.8734463088051965, 0.1080793635886894], "k_pid_yaw": [0.5, 1e-06, 0.1], "k_pid_hsp": [9.266788554813816, 0.10852358855175025, 0.14507424105845382], "k_pid_vsp": [157.4249637613551, 0.8158911303594688, 13.895037964694815]}, "datetime": {"datetime": "2025-08-21 07:08:13", "elapsed": 69348.08835077286, "delta": 44.495479345321655}, "costs": {"total_cost": 456.8663332811655, "time_cost": 96.456, "final_distance_cost": 1.7428822156638044, "oscillation_cost": 270.6448921810177, "completition_cost": 0.0, "overshoot_cost": 53.646954249748134, "power_cost": 18.890721948242188, "noise_cost": 15.484882686493664, "n_waypoints_completed": 9, "tot_waypoints": 9}}
{"target": -704.999692535176, "params": {"k_pid_pos": [1.284727334253025, 0.08248784647927479, 0.29139765490218594], "k_pid_alt": [0.06255533395231137, 0.6874145799517524, 0.5425310306317338], "k_pid_att": [29.801551626825134, 5.505934927008114, 0.3267203614421697], "k_pid_yaw": [0.5, 1e-06, 0.1], "k_pid_hsp": [5.7231508630127, 0.3256347919800672, 0.6913818883755426], "k_pid_vsp": [52.8345210214957, 293.7739110470291, 47.61423793205749]}, "datetime": {"datetime": "2025-08-21 07:09:10", "elapsed": 69404.70485138893, "delta": 56.61650061607361}, "costs": {"total_cost": 704.999692535176, "time_cost": 150, "final_distance_cost": 65.45332058421799, "oscillation_cost": 286.2760204107547, "completition_cost": 111.11111111111116, "overshoot_cost": 58.62078708319056, "power_cost": 19.159818713378908, "noise_cost": 14.378634632522836, "n_waypoints_completed": 8, "tot_waypoints": 9}}
{"target": -788.7746833950644, "params": {"k_pid_pos": [1.3310317386855761, 0.3092086441068022, 0.5540520390819987], "k_pid_alt": [1.3596148587870773, 0.5959329493542723, 0.4544306191423558], "k_pid_att": [89.94847219376945, 7.551907944070597, 0.046114021087910816], "k_pid_yaw": [0.5, 1e-06, 0.1], "k_pid_hsp": [3.1655697620412897, 0.6898099942657154, 0.3701097508615644], "k_pid_vsp": [370.3052081153849, 161.96375902494958, 246.72744999466497]}, "datetime": {"datetime": "2025-08-21 07:09:57", "elapsed": 69451.72395658493, "delta": 47.019105195999146}, "costs": {"total_cost": 788.7746833950644, "time_cost": 150, "final_distance_cost": 65.26360201058144, "oscillation_cost": 264.7260755732811, "completition_cost": 222.2222222222222, "overshoot_cost": 49.7130377114749, "power_cost": 20.90268845214844, "noise_cost": 15.947057425356302, "n_waypoints_completed": 7, "tot_waypoints": 9}}
{"target": -358.80669392657944, "params": {"k_pid_pos": [0.9878389777223239, 0.0, 0.0], "k_pid_alt": [2.0, 0.5622675539550265, 1.0], "k_pid_att": [14.328494377475955, 5.86270085212663, 0.29805295959218614], "k_pid_yaw": [0.5, 1e-06, 0.1], "k_pid_hsp": [6.074977979208522, 0.7115447576463928, 0.6696842700673776], "k_pid_vsp": [363.32224652211204, 49.82363668934042, 71.82380166456319]}, "datetime": {"datetime": "2025-08-21 07:10:36", "elapsed": 69491.14377713203, "delta": 39.41982054710388}, "costs": {"total_cost": 358.80669392657944, "time_cost": 80.248, "final_distance_cost": 1.7912873764433137, "oscillation_cost": 189.28091207418302, "completition_cost": 0.0, "overshoot_cost": 52.94420494115104, "power_cost": 20.232363488769533, "noise_cost": 14.309926046032569, "n_waypoints_completed": 9, "tot_waypoints": 9}}
{"target": -1129.4400218231056, "params": {"k_pid_pos": [1.0755973523083817, 0.7599902464823793, 0.0], "k_pid_alt": [0.2341311128262407, 0.5457804796006608, 0.30439141022166033], "k_pid_att": [62.1870812974261, 3.5332725644766767, 0.11056668557029416], "k_pid_yaw": [0.5, 1e-06, 0.1], "k_pid_hsp": [6.238912056628273, 0.0, 0.8831916885728802], "k_pid_vsp": [279.6375742608816, 193.60406615395203, 164.2909708211705]}, "datetime": {"datetime": "2025-08-21 07:11:28", "elapsed": 69542.97209763527, "delta": 51.82832050323486}, "costs": {"total_cost": 1129.4400218231056, "time_cost": 150, "final_distance_cost": 58.05180807934671, "oscillation_cost": 148.24412681590857, "completition_cost": 666.6666666666667, "overshoot_cost": 67.76357697014775, "power_cost": 21.685447302246097, "noise_cost": 17.02839598878968, "n_waypoints_completed": 3, "tot_waypoints": 9}}
{"target": -1273.988360467057, "params": {"k_pid_pos": [0.3597043215391119, 0.2871123949388692, 0.5843108449440345], "k_pid_alt": [0.979280359105134, 0.86130463807851, 0.3060956709564022], "k_pid_att": [16.362057692686594, 2.5300818218419105, 0.3682923723153809], "k_pid_yaw": [0.5, 1e-06, 0.1], "k_pid_hsp": [0.3628320946556534, 0.21614941571866897, 0.32663590986161195], "k_pid_vsp": [365.44081718153836, 52.352073621326475, 73.58349195770936]}, "datetime": {"datetime": "2025-08-21 07:12:46", "elapsed": 69620.55593943596, "delta": 77.5838418006897}, "costs": {"total_cost": 1273.988360467057, "time_cost": 150, "final_distance_cost": 49.527355436907136, "oscillation_cost": 314.6250797436711, "completition_cost": 666.6666666666667, "overshoot_cost": 56.360141885153254, "power_cost": 20.69386123046875, "noise_cost": 16.115255504190216, "n_waypoints_completed": 3, "tot_waypoints": 9}}
{"target": -1342.3691184797365, "params": {"k_pid_pos": [0.21267037105126893, 0.26772142056592785, 0.38432865139022887], "k_pid_alt": [1.432339186905491, 0.8802351375930898, 0.1830991593057254], "k_pid_att": [63.806014367711505, 8.238037174975757, 0.25005619516324973], "k_pid_yaw": [0.5, 1e-06, 0.1], "k_pid_hsp": [8.896279762691414, 0.5688902263667831, 0.8271732263715232], "k_pid_vsp": [332.93897632268965, 392.86668017938365, 312.2279024820657]}, "datetime": {"datetime": "2025-08-21 07:13:25", "elapsed": 69659.70172786713, "delta": 39.1457884311676}, "costs": {"total_cost": 1342.3691184797365, "time_cost": 150, "final_distance_cost": 72.3893695149429, "oscillation_cost": 375.1192957145121, "completition_cost": 666.6666666666667, "overshoot_cost": 41.97057667581541, "power_cost": 20.473580480957033, "noise_cost": 15.749629426842047, "n_waypoints_completed": 3, "tot_waypoints": 9}}
{"target": -915.9042760176303, "params": {"k_pid_pos": [0.5899985879705695, 0.7788158786322031, 0.6664811957876959], "k_pid_alt": [1.6180222182222654, 0.7086886573685504, 0.9401561643145223], "k_pid_att": [57.17661170146424, 3.619068894989163, 0.6816615352726267], "k_pid_yaw": [0.5, 1e-06, 0.1], "k_pid_hsp": [5.664864070553517, 0.286084305757038, 0.30764133579309294], "k_pid_vsp": [109.68470455561912, 303.5574838274435, 109.66679014151877]}, "datetime": {"datetime": "2025-08-21 07:14:24", "elapsed": 69718.61283349991, "delta": 58.91110563278198}, "costs": {"total_cost": 915.9042760176303, "time_cost": 150, "final_distance_cost": 69.51790217496587, "oscillation_cost": 280.17488116564544, "completition_cost": 333.33333333333337, "overshoot_cost": 45.15470380960385, "power_cost": 21.212660363769533, "noise_cost": 16.510795170312306, "n_waypoints_completed": 6, "tot_waypoints": 9}}
{"target": -1035.2785589413065, "params": {"k_pid_pos": [0.275591481136356, 0.2569561173597129, 0.17937285761332256], "k_pid_alt": [1.6956177051545167, 0.9668046039943294, 0.8860263505531374], "k_pid_att": [57.57042853971256, 0.17877085721249916, 0.44811707680686896], "k_pid_yaw": [0.5, 1e-06, 0.1], "k_pid_hsp": [7.152397716304979, 0.054758951885543694, 0.8165790843304297], "k_pid_vsp": [109.03934196000318, 299.2053317324429, 109.18211900865373]}, "datetime": {"datetime": "2025-08-21 07:15:04", "elapsed": 69759.1522154808, "delta": 40.539381980895996}, "costs": {"total_cost": 1035.2785589413065, "time_cost": 150, "final_distance_cost": 44.737620340585416, "oscillation_cost": 314.5491212115871, "completition_cost": 444.4444444444444, "overshoot_cost": 43.66884031229279, "power_cost": 20.98537606201172, "noise_cost": 16.893156570385194, "n_waypoints_completed": 5, "tot_waypoints": 9}}
{"target": -388.72415166063985, "params": {"k_pid_pos": [1.9722758271360636, 1.0, 0.8820810809329622], "k_pid_alt": [1.8645072651218042, 0.49686037147694806, 0.731455989626547], "k_pid_att": [6.056191247542523, 7.858314924441671, 0.19596794334666623], "k_pid_yaw": [0.5, 1e-06, 0.1], "k_pid_hsp": [4.994388723714332, 0.05864777763088707, 0.248774840010425], "k_pid_vsp": [204.297444624267, 221.50759670032517, 83.14158913177813]}, "datetime": {"datetime": "2025-08-21 07:15:49", "elapsed": 69804.47682619095, "delta": 45.32461071014404}, "costs": {"total_cost": 388.72415166063985, "time_cost": 94.096, "final_distance_cost": 1.7477883359467203, "oscillation_cost": 199.68669263701065, "completition_cost": 0.0, "overshoot_cost": 54.92326391186705, "power_cost": 22.353992285156252, "noise_cost": 15.916414490659129, "n_waypoints_completed": 9, "tot_waypoints": 9}}
{"target": -422.7558167201306, "params": {"k_pid_pos": [1.4864970555564514, 0.0, 0.2938944721173508], "k_pid_alt": [0.6071282714792064, 0.0, 0.38980908822878285], "k_pid_att": [67.08125292225918, 2.3813504092545377, 0.24508737072604722], "k_pid_yaw": [0.5, 1e-06, 0.1], "k_pid_hsp": [5.152931424455928, 0.0, 0.3999769999525743], "k_pid_vsp": [86.73996338565621, 219.0239174253894, 106.9484041882518]}, "datetime": {"datetime": "2025-08-21 07:16:32", "elapsed": 69846.61524224281, "delta": 42.138416051864624}, "costs": {"total_cost": 422.7558167201306, "time_cost": 85.816, "final_distance_cost": 1.8484595382862183, "oscillation_cost": 247.09699149763472, "completition_cost": 0.0, "overshoot_cost": 53.51024717817749, "power_cost": 19.601097497558595, "noise_cost": 14.883021008473557, "n_waypoints_completed": 9, "tot_waypoints": 9}}
{"target": -1526.2794853937185, "params": {"k_pid_pos": [0.00428620972425896, 0.10758757698313359, 0.49799843855423687], "k_pid_alt": [1.780953598480746, 0.7307597589293766, 0.7421734918030426], "k_pid_att": [6.258789233628248, 6.635380972289351, 0.0061016038984247345], "k_pid_yaw": [0.5, 1e-06, 0.1], "k_pid_hsp": [5.526970562693132, 0.22096537831823293, 0.005406783412456262], "k_pid_vsp": [199.17729751188037, 227.45058811943673, 88.3119180920755]}, "datetime": {"datetime": "2025-08-21 07:17:13", "elapsed": 69888.46614527702, "delta": 41.850903034210205}, "costs": {"total_cost": 1526.2794853937185, "time_cost": 150, "final_distance_cost": 65.04989398550624, "oscillation_cost": 327.5426431043692, "completition_cost": 888.8888888888888, "overshoot_cost": 69.39818987384261, "power_cost": 14.206276098632813, "noise_cost": 11.193593442479223, "n_waypoints_completed": 1, "tot_waypoints": 9}}
{"target": -1087.5483597843986, "params": {"k_pid_pos": [0.12340960409160506, 0.7904704079795812, 0.14779758472790838], "k_pid_alt": [0.6222170742709285, 0.3417742806149441, 0.49925922755467855], "k_pid_att": [37.470616203560425, 4.137062014053272, 0.03730804821912337], "k_pid_yaw": [0.5, 1e-06, 0.1], "k_pid_hsp": [5.300922294496128, 0.3844480253562198, 0.05635775933144427], "k_pid_vsp": [283.2014008766817, 88.88571600001134, 176.3019814954739]}, "datetime": {"datetime": "2025-08-21 07:17:54", "elapsed": 69929.05716896057, "delta": 40.591023683547974}, "costs": {"total_cost": 1087.5483597843986, "time_cost": 150, "final_distance_cost": 50.07017199212245, "oscillation_cost": 130.3500334640209, "completition_cost": 666.6666666666667, "overshoot_cost": 50.321811100900845, "power_cost": 22.4296064453125, "noise_cost": 17.710070115375483, "n_waypoints_completed": 3, "tot_waypoints": 9}}
{"target": -449.83777469428446, "params": {"k_pid_pos": [2.0, 0.0, 0.3378886304240494], "k_pid_alt": [0.16110518501663654, 0.6244130814222184, 0.9517409046290181], "k_pid_att": [8.332944367083595, 3.874925713851049, 0.34734810545611383], "k_pid_yaw": [0.5, 1e-06, 0.1], "k_pid_hsp": [4.911286146384567, 0.4146567091646229, 0.0], "k_pid_vsp": [57.61477190204884, 225.17152236831825, 85.60379155167271]}, "datetime": {"datetime": "2025-08-21 07:18:43", "elapsed": 69977.80502033234, "delta": 48.74785137176514}, "costs": {"total_cost": 449.83777469428446, "time_cost": 150, "final_distance_cost": 37.21151508515413, "oscillation_cost": 58.25433829703014, "completition_cost": 111.11111111111116, "overshoot_cost": 63.34133400777598, "power_cost": 17.120038537597658, "noise_cost": 12.799437655615424, "n_waypoints_completed": 8, "tot_waypoints": 9}}
{"target": -1078.8903275984426, "params": {"k_pid_pos": [0.4844876620036602, 0.8374063322397042, 0.95398537392978], "k_pid_alt": [1.0065706933296088, 0.9104619291368412, 0.3752636695828724], "k_pid_att": [47.87484924373876, 8.108256772749911, 0.9525882594897614], "k_pid_yaw": [0.5, 1e-06, 0.1], "k_pid_hsp": [8.192642797270839, 0.28119711216536314, 0.44219206826646007], "k_pid_vsp": [291.89298798410937, 71.62663231687928, 51.20019298320233]}, "datetime": {"datetime": "2025-08-21 07:19:26", "elapsed": 70020.62202453613, "delta": 42.81700420379639}, "costs": {"total_cost": 1078.8903275984426, "time_cost": 150, "final_distance_cost": 44.78280496361491, "oscillation_cost": 249.72362448041326, "completition_cost": 555.5555555555555, "overshoot_cost": 42.63525220288154, "power_cost": 20.016043896484376, "noise_cost": 16.177046499493006, "n_waypoints_completed": 4, "tot_waypoints": 9}}
{"target": -379.8280852218076, "params": {"k_pid_pos": [1.8494376420094014, 0.28797820015099707, 0.6859156152690127], "k_pid_alt": [1.4445012257308056, 0.2009288063472646, 0.9976064723750806], "k_pid_att": [68.48159698045286, 1.3998065933553971, 0.2500955278982574], "k_pid_yaw": [0.5, 1e-06, 0.1], "k_pid_hsp": [5.263490436767895, 0.8941633396678175, 0.06555820247073604], "k_pid_vsp": [359.9143311602861, 149.9760086055985, 45.06734697422927]}, "datetime": {"datetime": "2025-08-21 07:20:04", "elapsed": 70058.80767536163, "delta": 38.18565082550049}, "costs": {"total_cost": 379.8280852218076, "time_cost": 84.85600000000001, "final_distance_cost": 1.726733495378728, "oscillation_cost": 208.8989651752253, "completition_cost": 0.0, "overshoot_cost": 50.59757122873699, "power_cost": 19.086263330078125, "noise_cost": 14.66255199238848, "n_waypoints_completed": 9, "tot_waypoints": 9}}
{"target": -239.62412260002623, "params": {"k_pid_pos": [1.175578955466107, 0.15350124187215605, 0.05021030293425108], "k_pid_alt": [1.2682425929701389, 0.913151004080536, 0.6630686256760063], "k_pid_att": [95.24250120979148, 5.014050540600073, 0.6616778673021106], "k_pid_yaw": [0.5, 1e-06, 0.1], "k_pid_hsp": [9.912226666178697, 0.24960055824199565, 0.0], "k_pid_vsp": [157.31802720592032, 141.60708111592362, 10.639941591171587]}, "datetime": {"datetime": "2025-08-21 07:20:53", "elapsed": 70108.25769042969, "delta": 49.4500150680542}, "costs": {"total_cost": 239.62412260002623, "time_cost": 89.848, "final_distance_cost": 1.7276519160425623, "oscillation_cost": 62.2834613889788, "completition_cost": 0.0, "overshoot_cost": 53.97372289020341, "power_cost": 17.738286328125, "noise_cost": 14.053000076676438, "n_waypoints_completed": 9, "tot_waypoints": 9}}
{"target": -210.59125630069894, "params": {"k_pid_pos": [2.0, 0.0, 0.0], "k_pid_alt": [2.0, 0.0, 1.0], "k_pid_att": [57.00847407870728, 4.035043064956291, 1.0], "k_pid_yaw": [0.5, 1e-06, 0.1], "k_pid_hsp": [4.786961067055215, 1.0, 0.0], "k_pid_vsp": [63.21168465531305, 187.8430778361655, 95.69221639518975]}, "datetime": {"datetime": "2025-08-21 07:21:28", "elapsed": 70142.81678462029, "delta": 34.559094190597534}, "costs": {"total_cost": 210.59125630069894, "time_cost": 75.336, "final_distance_cost": 1.7854995335242874, "oscillation_cost": 56.15981290427054, "completition_cost": 0.0, "overshoot_cost": 53.66875293708438, "power_cost": 13.172864099121094, "noise_cost": 10.46832682669864, "n_waypoints_completed": 9, "tot_waypoints": 9}}
{"target": -1274.3281210836788, "params": {"k_pid_pos": [0.1763648772249536, 0.28550795017943775, 0.41369263169811743], "k_pid_alt": [0.5276680085783005, 0.3754455778975745, 0.419774327375814], "k_pid_att": [26.42663371611239, 4.281822518525202, 0.8161427849183635], "k_pid_yaw": [0.5, 1e-06, 0.1], "k_pid_hsp": [9.397050282081276, 0.5850228803244923, 0.8980034220386094], "k_pid_vsp": [8.538214713821457, 217.4513438176047, 46.32153727790926]}, "datetime": {"datetime": "2025-08-21 07:22:14", "elapsed": 70189.04311490059, "delta": 46.226330280303955}, "costs": {"total_cost": 1274.3281210836788, "time_cost": 150, "final_distance_cost": 55.509912872834924, "oscillation_cost": 326.8965412380303, "completition_cost": 666.6666666666667, "overshoot_cost": 43.08389003048504, "power_cost": 18.178153674316405, "noise_cost": 13.99295660134526, "n_waypoints_completed": 3, "tot_waypoints": 9}}
{"target": -1199.5205525518263, "params": {"k_pid_pos": [2.0, 0.3845487390922668, 0.18324473148962842], "k_pid_alt": [1.3187158367921084, 0.0797709502797091, 0.506647773118538], "k_pid_att": [29.867885061750837, 5.675890766518499, 1.0], "k_pid_yaw": [0.5, 1e-06, 0.1], "k_pid_hsp": [0.07025768175581071, 0.48137754368909796, 0.0], "k_pid_vsp": [354.5130748263894, 292.9485011164697, 140.87655850322423]}, "datetime": {"datetime": "2025-08-21 07:22:58", "elapsed": 70232.86654758453, "delta": 43.8234326839447}, "costs": {"total_cost": 1199.5205525518263, "time_cost": 150, "final_distance_cost": 89.29051323034454, "oscillation_cost": 88.37965891049156, "completition_cost": 777.7777777777778, "overshoot_cost": 56.768811616053064, "power_cost": 22.304351379394532, "noise_cost": 14.999439637764796, "n_waypoints_completed": 2, "tot_waypoints": 9}}
{"target": -1008.5455896254716, "params": {"k_pid_pos": [0.3471960975208564, 0.08050171550427543, 0.8386074170216536], "k_pid_alt": [0.01762721245587673, 0.47717810818826967, 0.7022039295773049], "k_pid_att": [99.18535432687794, 2.7622336809065096, 0.8940687607865238], "k_pid_yaw": [0.5, 1e-06, 0.1], "k_pid_hsp": [1.1926597627341862, 0.7975811085940242, 0.06082373737645852], "k_pid_vsp": [174.3015172037965, 219.20452382826585, 44.55001226576722]}, "datetime": {"datetime": "2025-08-21 07:23:40", "elapsed": 70275.01401400566, "delta": 42.14746642112732}, "costs": {"total_cost": 1008.5455896254716, "time_cost": 150, "final_distance_cost": 48.91887894210344, "oscillation_cost": 269.4496323569207, "completition_cost": 444.4444444444444, "overshoot_cost": 57.89153113070036, "power_cost": 20.71637703857422, "noise_cost": 17.124725712728377, "n_waypoints_completed": 5, "tot_waypoints": 9}}
{"target": -256.54424464557354, "params": {"k_pid_pos": [0.474977350014067, 0.2794164354724743, 0.0], "k_pid_alt": [1.7239415764836408, 1.0, 0.0], "k_pid_att": [12.617601869902067, 4.609782349024348, 1.0], "k_pid_yaw": [0.5, 1e-06, 0.1], "k_pid_hsp": [7.43442649895793, 0.027807431167146013, 0.0], "k_pid_vsp": [6.793307051102775, 221.1576914359415, 28.53264231106384]}, "datetime": {"datetime": "2025-08-21 07:24:28", "elapsed": 70322.71370196342, "delta": 47.69968795776367}, "costs": {"total_cost": 256.54424464557354, "time_cost": 95.432, "final_distance_cost": 1.7484830133387186, "oscillation_cost": 69.20280425246509, "completition_cost": 0.0, "overshoot_cost": 58.402079770405855, "power_cost": 18.238001318359377, "noise_cost": 13.52087629100452, "n_waypoints_completed": 9, "tot_waypoints": 9}}
{"target": -232.42682093498294, "params": {"k_pid_pos": [1.0551012965798834, 0.08639921227607071, 3.905043463721156e-05], "k_pid_alt": [1.99888117096053, 0.5936517589278626, 3.216790797127018e-05], "k_pid_att": [51.67769559843959, 5.246438242438943, 0.2094611409402561], "k_pid_yaw": [0.5, 1e-06, 0.1], "k_pid_hsp": [6.246446435632516, 0.47125448824440674, 3.758641414155143e-05], "k_pid_vsp": [392.1931722414148, 162.49741707609695, 183.3138828818629]}, "datetime": {"datetime": "2025-08-21 07:25:06", "elapsed": 70360.68261575699, "delta": 37.96891379356384}, "costs": {"total_cost": 232.42682093498294, "time_cost": 84.744, "final_distance_cost": 1.7245333548824016, "oscillation_cost": 62.93083960548112, "completition_cost": 0.0, "overshoot_cost": 56.23509509751794, "power_cost": 15.166907775878906, "noise_cost": 11.625445101222567, "n_waypoints_completed": 9, "tot_waypoints": 9}}
