{"target": -591.2566828066402, "params": {"k_pid_pos": [0.7527335114874939, 0.10641285357488757, 0.046430262510860854], "k_pid_alt": [1.6434759980113995, 0.25690897618908876, 0.3603611166182079], "k_pid_att": [46.03769418017021, 0.0001, 0.5893683251078686], "k_pid_yaw": [0.5, 1e-06, 0.1], "k_pid_hsp": [2.805465144203198, 0.9387885120049221, 0.4230838404921877], "k_pid_vsp": [394.3056694485848, 43.08620397701249, 187.15481517359385]}, "datetime": {"datetime": "2025-08-21 00:14:20", "elapsed": 44515.45210933685, "delta": 47.31533741950989}, "costs": {"total_cost": 591.2566828066402, "time_cost": 150, "final_distance_cost": 9.01439674184727, "oscillation_cost": 227.5649726408288, "completition_cost": 111.11111111111116, "overshoot_cost": 56.1269476339096, "power_cost": 21.246686340332033, "noise_cost": 16.19256833861135, "n_waypoints_completed": 8, "tot_waypoints": 9}}
{"target": -839.6741854026621, "params": {"k_pid_pos": [0.6817677997029229, 0.46622782186064327, 0.4266604633442017], "k_pid_alt": [0.37416136086797813, 0.14268249846035597, 0.7997012995911537], "k_pid_att": [49.40126345188799, 9.137169610677178, 0.39356724674568055], "k_pid_yaw": [0.5, 1e-06, 0.1], "k_pid_hsp": [7.685723506533953, 0.5092326131108064, 0.349494092346719], "k_pid_vsp": [347.73880538014527, 257.82141874983506, 316.3755450504902]}, "datetime": {"datetime": "2025-08-21 00:14:53", "elapsed": 44547.770211696625, "delta": 32.31810235977173}, "costs": {"total_cost": 839.6741854026621, "time_cost": 150, "final_distance_cost": 73.23715655017142, "oscillation_cost": 308.1701821384742, "completition_cost": 222.2222222222222, "overshoot_cost": 47.65307495549106, "power_cost": 21.765036767578128, "noise_cost": 16.626512768725068, "n_waypoints_completed": 7, "tot_waypoints": 9}}
{"target": -360.7206364977425, "params": {"k_pid_pos": [1.9194960129432657, 0.9410362510777842, 0.808529001348993], "k_pid_alt": [1.3097343918985, 0.5652064858424409, 0.1870542531479139], "k_pid_att": [44.316249029675824, 2.7150868135228996, 0.027681684894775183], "k_pid_yaw": [0.5, 1e-06, 0.1], "k_pid_hsp": [9.707209899916126, 0.7193500253455806, 0.14908308505071055], "k_pid_vsp": [150.0815930163103, 46.10892538117845, 36.6421286601723]}, "datetime": {"datetime": "2025-08-21 00:15:21", "elapsed": 44575.58081293106, "delta": 27.810601234436035}, "costs": {"total_cost": 360.7206364977425, "time_cost": 83.304, "final_distance_cost": 1.7673070228545378, "oscillation_cost": 194.67067665257673, "completition_cost": 0.0, "overshoot_cost": 53.10410273317371, "power_cost": 15.457898254394532, "noise_cost": 12.416651834743007, "n_waypoints_completed": 9, "tot_waypoints": 9}}
{"target": -1765.4247421117411, "params": {"k_pid_pos": [2.0, 1.0, 1.0], "k_pid_alt": [0.0, 0.0, 1.0], "k_pid_att": [22.485488989669985, 10.0, 0.0], "k_pid_yaw": [0.5, 1e-06, 0.1], "k_pid_hsp": [10.0, 1.0, 1.0], "k_pid_vsp": [124.16365393352743, 151.81689292469235, 6.245435607920354]}, "datetime": {"datetime": "2025-08-21 00:16:11", "elapsed": 44626.03181266785, "delta": 50.45099973678589}, "costs": {"total_cost": 1765.4247421117411, "time_cost": 150, "final_distance_cost": 1.6782703267925327, "oscillation_cost": 402.63521960388704, "completition_cost": 1000.0, "overshoot_cost": 135.89303662465866, "power_cost": 13.576624926757813, "noise_cost": 61.64159062964504, "n_waypoints_completed": 0, "tot_waypoints": 9}}
{"target": -992.9780124401046, "params": {"k_pid_pos": [0.8892196774125679, 0.8787416273619423, 0.16205740164650717], "k_pid_alt": [0.40911557329908654, 0.06323154439841372, 0.9478661331328769], "k_pid_att": [15.902127295255575, 0.8414442632762541, 0.7608130514477827], "k_pid_yaw": [0.5, 1e-06, 0.1], "k_pid_hsp": [3.0691226565397023, 0.05434428673584191, 0.625489143238554], "k_pid_vsp": [313.2119609729554, 52.50255513597484, 153.91824466508186]}, "datetime": {"datetime": "2025-08-21 00:16:44", "elapsed": 44658.53447723389, "delta": 32.50266456604004}, "costs": {"total_cost": 992.9780124401046, "time_cost": 150, "final_distance_cost": 55.35366421404363, "oscillation_cost": 134.13405057033955, "completition_cost": 555.5555555555555, "overshoot_cost": 60.37194534427287, "power_cost": 21.963715686035158, "noise_cost": 15.599081069857924, "n_waypoints_completed": 4, "tot_waypoints": 9}}
{"target": -676.0877330011821, "params": {"k_pid_pos": [0.9234194757058857, 0.19296278279813017, 0.0711990377959616], "k_pid_alt": [1.4931858560019495, 0.6432165440684193, 0.8848416242253389], "k_pid_att": [53.94891800191047, 4.021194281166665, 0.053200031685557536], "k_pid_yaw": [0.5, 1e-06, 0.1], "k_pid_hsp": [9.48642601016788, 0.5707095963647291, 0.22231773772328733], "k_pid_vsp": [138.11473090779268, 288.7868945267259, 202.94183341495818]}, "datetime": {"datetime": "2025-08-21 00:17:15", "elapsed": 44690.2854847908, "delta": 31.751007556915283}, "costs": {"total_cost": 676.0877330011821, "time_cost": 150, "final_distance_cost": 30.30896933677694, "oscillation_cost": 290.9471427789885, "completition_cost": 111.11111111111116, "overshoot_cost": 57.46559170878664, "power_cost": 20.59618104248047, "noise_cost": 15.658737023038379, "n_waypoints_completed": 8, "tot_waypoints": 9}}
{"target": -777.2926321421925, "params": {"k_pid_pos": [0.6312322817251153, 0.13799797975677397, 0.4135456867152283], "k_pid_alt": [0.5255648123922692, 0.8466214438963146, 0.43515324381783016], "k_pid_att": [49.64245051257764, 7.44890451737521, 0.8114211754295154], "k_pid_yaw": [0.5, 1e-06, 0.1], "k_pid_hsp": [5.859575464664567, 0.2579176236625955, 0.19607713620700795], "k_pid_vsp": [286.1537080910365, 78.99309045197273, 48.013216851257845]}, "datetime": {"datetime": "2025-08-21 00:18:01", "elapsed": 44735.84178709984, "delta": 45.556302309036255}, "costs": {"total_cost": 777.2926321421925, "time_cost": 150, "final_distance_cost": 65.30650929844515, "oscillation_cost": 250.22391351717945, "completition_cost": 222.2222222222222, "overshoot_cost": 52.905048987758335, "power_cost": 20.96896335449219, "noise_cost": 15.665974762095066, "n_waypoints_completed": 7, "tot_waypoints": 9}}
{"target": -625.0361938647707, "params": {"k_pid_pos": [1.8689519895032518, 0.09121342762588715, 0.19672814217241577], "k_pid_alt": [0.7091654226715501, 0.20440784751751506, 0.6123570759596657], "k_pid_att": [68.02847947832761, 6.920712812471508, 0.778917102500543], "k_pid_yaw": [0.5, 1e-06, 0.1], "k_pid_hsp": [7.2636121093662895, 0.8647384932134603, 0.7915416649574268], "k_pid_vsp": [386.9343682287753, 329.91235499182966, 326.2305552694845]}, "datetime": {"datetime": "2025-08-21 00:18:54", "elapsed": 44788.78311395645, "delta": 52.94132685661316}, "costs": {"total_cost": 625.0361938647707, "time_cost": 150, "final_distance_cost": 47.6400897502476, "oscillation_cost": 220.3816456015286, "completition_cost": 111.11111111111116, "overshoot_cost": 56.87518655659082, "power_cost": 22.636197705078125, "noise_cost": 16.391963140214347, "n_waypoints_completed": 8, "tot_waypoints": 9}}
{"target": -1710.1727685461724, "params": {"k_pid_pos": [1.6863949826323543, 0.44877783706496366, 0.9786030109768342], "k_pid_alt": [1.0885656286768128, 0.14849292030228378, 0.8363228508015921], "k_pid_att": [7.412089855116721, 3.3100609548360653, 0.19216485036318698], "k_pid_yaw": [0.5, 1e-06, 0.1], "k_pid_hsp": [4.7585163590596125, 0.7970293147209317, 0.35396369160264085], "k_pid_vsp": [13.60115578035499, 142.610807720174, 342.541229510094]}, "datetime": {"datetime": "2025-08-21 00:19:26", "elapsed": 44821.40590620041, "delta": 32.62279224395752}, "costs": {"total_cost": 1710.1727685461724, "time_cost": 150, "final_distance_cost": 0.30566955639552595, "oscillation_cost": 345.87967358744396, "completition_cost": 1000.0, "overshoot_cost": 134.62285429191058, "power_cost": 20.907087280273437, "noise_cost": 58.45748383014896, "n_waypoints_completed": 0, "tot_waypoints": 9}}
{"target": -1599.4486041016876, "params": {"k_pid_pos": [0.12223207777982523, 0.3554830075765347, 0.1677551360981907], "k_pid_alt": [0.11952159070458634, 0.9790509429468408, 0.21779842805526384], "k_pid_att": [6.582785508703193, 2.296758270350605, 0.06725256815532932], "k_pid_yaw": [0.5, 1e-06, 0.1], "k_pid_hsp": [5.110668802417629, 0.10930335010422276, 0.1696034081030292], "k_pid_vsp": [143.43524702487366, 104.37721405643747, 389.90803186315594]}, "datetime": {"datetime": "2025-08-21 00:19:59", "elapsed": 44853.692660570145, "delta": 32.28675436973572}, "costs": {"total_cost": 1599.4486041016876, "time_cost": 150, "final_distance_cost": 0.9940598061345282, "oscillation_cost": 224.92533706313935, "completition_cost": 1000.0, "overshoot_cost": 135.93995749355113, "power_cost": 20.585013513183593, "noise_cost": 67.0042362256789, "n_waypoints_completed": 0, "tot_waypoints": 9}}
{"target": -1345.5558035178005, "params": {"k_pid_pos": [0.9069442063876534, 0.6765062823371027, 0.6542326363786188], "k_pid_alt": [0.16750271834937047, 0.15339899740679996, 0.7610277940057423], "k_pid_att": [56.224866717788366, 4.847927780347906, 0.8582303679727524], "k_pid_yaw": [0.5, 1e-06, 0.1], "k_pid_hsp": [3.74525969589326, 0.7320928435908776, 0.7080314923916459], "k_pid_vsp": [198.28818310094118, 158.80202540214205, 128.355123159371]}, "datetime": {"datetime": "2025-08-21 00:20:30", "elapsed": 44885.13716197014, "delta": 31.444501399993896}, "costs": {"total_cost": 1345.5558035178005, "time_cost": 150, "final_distance_cost": 88.43157441637489, "oscillation_cost": 259.71715378892543, "completition_cost": 777.7777777777778, "overshoot_cost": 31.19823003076957, "power_cost": 21.99865714111328, "noise_cost": 16.432410362839565, "n_waypoints_completed": 2, "tot_waypoints": 9}}
{"target": -614.6686662878419, "params": {"k_pid_pos": [1.743058925263189, 0.4723513783073733, 0.007882528961881685], "k_pid_alt": [0.14862110868982703, 0.14274127240016599, 0.09339482612174421], "k_pid_att": [91.98796452968408, 0.8582065243019888, 0.5644882542938318], "k_pid_yaw": [0.5, 1e-06, 0.1], "k_pid_hsp": [4.853476328072202, 0.35609522609299427, 0.3420600409241542], "k_pid_vsp": [49.136546400793705, 133.6123089248952, 32.05523701612106]}, "datetime": {"datetime": "2025-08-21 00:21:02", "elapsed": 44917.277114868164, "delta": 32.13995289802551}, "costs": {"total_cost": 614.6686662878419, "time_cost": 150, "final_distance_cost": 66.09053521630483, "oscillation_cost": 189.16268582897342, "completition_cost": 111.11111111111116, "overshoot_cost": 52.292637516967325, "power_cost": 26.33888203125, "noise_cost": 19.67281458323505, "n_waypoints_completed": 8, "tot_waypoints": 9}}
{"target": -379.7420645783709, "params": {"k_pid_pos": [2.0, 0.0, 0.9521197058122012], "k_pid_alt": [1.2803415554473283, 1.0, 0.8352807132866058], "k_pid_att": [50.67065908342579, 0.0001, 0.09778473971773236], "k_pid_yaw": [0.5, 1e-06, 0.1], "k_pid_hsp": [7.280165895456759, 0.777188539216033, 0.4363351386251614], "k_pid_vsp": [358.2515561410817, 213.93306665962197, 34.86411688383721]}, "datetime": {"datetime": "2025-08-21 00:21:44", "elapsed": 44958.65675711632, "delta": 41.37964224815369}, "costs": {"total_cost": 379.7420645783709, "time_cost": 87.208, "final_distance_cost": 1.7423471177528247, "oscillation_cost": 202.34794573149557, "completition_cost": 0.0, "overshoot_cost": 55.6072699390906, "power_cost": 18.717351513671876, "noise_cost": 14.119150276360042, "n_waypoints_completed": 9, "tot_waypoints": 9}}
{"target": -366.2908191301827, "params": {"k_pid_pos": [1.497038399682612, 0.4534232060086104, 0.1908448207416279], "k_pid_alt": [1.7580604934133095, 0.8960051169495651, 0.6694311455672974], "k_pid_att": [85.46954736742389, 7.821452926732746, 0.863236580200643], "k_pid_yaw": [0.5, 1e-06, 0.1], "k_pid_hsp": [7.392301192281138, 0.20800310856161894, 0.1416193272229061], "k_pid_vsp": [326.4091846854738, 385.302912069201, 55.06610890002388]}, "datetime": {"datetime": "2025-08-21 00:22:38", "elapsed": 45012.905442237854, "delta": 54.248685121536255}, "costs": {"total_cost": 366.2908191301827, "time_cost": 92.864, "final_distance_cost": 1.709878403417768, "oscillation_cost": 180.84995189512424, "completition_cost": 0.0, "overshoot_cost": 55.13057726045998, "power_cost": 19.48934859619141, "noise_cost": 16.24706297498931, "n_waypoints_completed": 9, "tot_waypoints": 9}}
{"target": -907.2312785111561, "params": {"k_pid_pos": [1.216216646902927, 0.7321796250399403, 0.4106367607472768], "k_pid_alt": [1.4739187548391763, 0.10996212412892331, 0.7392509098468245], "k_pid_att": [31.17092789099635, 6.6382843577562936, 0.3732193317332655], "k_pid_yaw": [0.5, 1e-06, 0.1], "k_pid_hsp": [5.512351183952931, 0.6125760654315421, 0.4404820561288855], "k_pid_vsp": [101.34040510494556, 66.51841976005873, 29.933165745583867]}, "datetime": {"datetime": "2025-08-21 00:23:29", "elapsed": 45063.58663702011, "delta": 50.68119478225708}, "costs": {"total_cost": 907.2312785111561, "time_cost": 150, "final_distance_cost": 73.20828646989433, "oscillation_cost": 267.94290147043256, "completition_cost": 333.33333333333337, "overshoot_cost": 42.3505508391576, "power_cost": 23.548255895996096, "noise_cost": 16.847950502342243, "n_waypoints_completed": 6, "tot_waypoints": 9}}
{"target": -968.9213307717637, "params": {"k_pid_pos": [0.3729619418631984, 0.4008729149864114, 0.2493626691391707], "k_pid_alt": [0.20789111782374436, 0.2875752409378247, 0.08506489649551097], "k_pid_att": [29.665892797951788, 7.368243971747435, 0.4531339596360261], "k_pid_yaw": [0.5, 1e-06, 0.1], "k_pid_hsp": [2.0243418216554265, 0.20744910461237775, 0.20533092129954], "k_pid_vsp": [359.75497929097304, 299.0214460550599, 147.80362315197144]}, "datetime": {"datetime": "2025-08-21 00:24:13", "elapsed": 45108.268953323364, "delta": 44.682316303253174}, "costs": {"total_cost": 968.9213307717637, "time_cost": 150, "final_distance_cost": 54.033868930722825, "oscillation_cost": 234.95252450539274, "completition_cost": 444.4444444444444, "overshoot_cost": 49.31494071951284, "power_cost": 19.95529002685547, "noise_cost": 16.22026214483551, "n_waypoints_completed": 5, "tot_waypoints": 9}}
{"target": -1420.3763276454931, "params": {"k_pid_pos": [0.5213273994696009, 0.8507572744835833, 0.3277242485092423], "k_pid_alt": [0.1313297196007226, 0.6895450997747118, 0.9562416540508832], "k_pid_att": [25.244840818933334, 1.8922849348703947, 0.6893423309712703], "k_pid_yaw": [0.5, 1e-06, 0.1], "k_pid_hsp": [0.8323653318156092, 0.11232069634947772, 0.43742473702126794], "k_pid_vsp": [17.955232256847253, 341.4401257630763, 27.179462195423888]}, "datetime": {"datetime": "2025-08-21 00:25:00", "elapsed": 45155.13274765015, "delta": 46.86379432678223}, "costs": {"total_cost": 1420.3763276454931, "time_cost": 150, "final_distance_cost": 47.46926959340247, "oscillation_cost": 143.73679444683933, "completition_cost": 1000.0, "overshoot_cost": 43.21430178343165, "power_cost": 20.636924536132813, "noise_cost": 15.319037285686719, "n_waypoints_completed": 0, "tot_waypoints": 9}}
{"target": -1200.6844420048135, "params": {"k_pid_pos": [0.03815470675459037, 0.6031669542610721, 0.5636298065240357], "k_pid_alt": [1.0007591422055633, 0.3348823547727737, 0.12862132051279895], "k_pid_att": [5.407638139290983, 7.89769952393678, 0.28787016348104943], "k_pid_yaw": [0.5, 1e-06, 0.1], "k_pid_hsp": [8.785531997956973, 0.026321387174470412, 0.7010419483249933], "k_pid_vsp": [268.5986712886923, 341.5174636121626, 250.66631676926198]}, "datetime": {"datetime": "2025-08-21 00:25:31", "elapsed": 45186.180946588516, "delta": 31.04819893836975}, "costs": {"total_cost": 1200.6844420048135, "time_cost": 150, "final_distance_cost": 59.5774496203076, "oscillation_cost": 226.94949714625685, "completition_cost": 666.6666666666667, "overshoot_cost": 61.293173845030125, "power_cost": 21.061956848144533, "noise_cost": 15.135697878407756, "n_waypoints_completed": 3, "tot_waypoints": 9}}
{"target": -703.0791907535984, "params": {"k_pid_pos": [0.692269719530222, 0.2779459693342369, 0.10730745812171616], "k_pid_alt": [1.5878888644617364, 0.2182340791200531, 0.2992816143517606], "k_pid_att": [19.759968396604897, 8.518229301498707, 0.7875562650623326], "k_pid_yaw": [0.5, 1e-06, 0.1], "k_pid_hsp": [0.7125084528243579, 0.81008725252154, 0.6316657178344649], "k_pid_vsp": [115.28754167744783, 232.7887659249181, 93.09265015429813]}, "datetime": {"datetime": "2025-08-21 00:26:02", "elapsed": 45217.04480576515, "delta": 30.863859176635742}, "costs": {"total_cost": 703.0791907535984, "time_cost": 150, "final_distance_cost": 76.59237847765164, "oscillation_cost": 154.72914590456253, "completition_cost": 222.2222222222222, "overshoot_cost": 60.343517446959844, "power_cost": 22.89245690917969, "noise_cost": 16.29946979302249, "n_waypoints_completed": 7, "tot_waypoints": 9}}
{"target": -1471.2883407622307, "params": {"k_pid_pos": [0.04153090960372852, 0.32529148633633975, 0.10135688884285243], "k_pid_alt": [0.6902113127271006, 0.6100948264193297, 0.007346986528482424], "k_pid_att": [97.03050537233744, 0.7059410486975976, 0.778766744212852], "k_pid_yaw": [0.5, 1e-06, 0.1], "k_pid_hsp": [9.982882743068398, 0.49645816991588865, 0.2620058098218976], "k_pid_vsp": [147.34577961128838, 268.1643356887973, 128.75942405711686]}, "datetime": {"datetime": "2025-08-21 00:26:33", "elapsed": 45248.21686387062, "delta": 31.17205810546875}, "costs": {"total_cost": 1471.2883407622307, "time_cost": 150, "final_distance_cost": 66.25621830411063, "oscillation_cost": 299.8318875777035, "completition_cost": 888.8888888888888, "overshoot_cost": 29.369838905517472, "power_cost": 20.8890224609375, "noise_cost": 16.052484625072772, "n_waypoints_completed": 1, "tot_waypoints": 9}}
{"target": -1055.5090007155152, "params": {"k_pid_pos": [0.431462423265339, 0.972933472976532, 0.17414483037288186], "k_pid_alt": [0.18998879276326974, 0.26257370218865894, 0.8557717787528366], "k_pid_att": [17.473026995361472, 4.28489616346216, 0.05866476071888682], "k_pid_yaw": [0.5, 1e-06, 0.1], "k_pid_hsp": [3.0998059794586044, 0.9491855217873556, 0.4453734907269963], "k_pid_vsp": [133.04295556491462, 6.3891041244208235, 13.059948064568404]}, "datetime": {"datetime": "2025-08-21 00:27:20", "elapsed": 45295.496200084686, "delta": 47.27933621406555}, "costs": {"total_cost": 1055.5090007155152, "time_cost": 150, "final_distance_cost": 60.4977520209779, "oscillation_cost": 91.90130670076631, "completition_cost": 666.6666666666667, "overshoot_cost": 47.55336488606729, "power_cost": 22.20893076171875, "noise_cost": 16.680979679318142, "n_waypoints_completed": 3, "tot_waypoints": 9}}
{"target": -356.50149212458007, "params": {"k_pid_pos": [1.4884531339536842, 0.38278782741931416, 0.2685022848898023], "k_pid_alt": [1.7447852831863484, 0.4795119458916197, 0.46505297182017913], "k_pid_att": [15.95822018011358, 7.387445241031482, 0.9658857023450308], "k_pid_yaw": [0.5, 1e-06, 0.1], "k_pid_hsp": [7.860428907712798, 0.6882199742179557, 0.24012987181794887], "k_pid_vsp": [163.8500894541894, 10.713114019947122, 4.03745791044814]}, "datetime": {"datetime": "2025-08-21 00:28:13", "elapsed": 45347.746965646744, "delta": 52.250765562057495}, "costs": {"total_cost": 356.50149212458007, "time_cost": 95.592, "final_distance_cost": 1.7157460585698125, "oscillation_cost": 171.10074091288712, "completition_cost": 0.0, "overshoot_cost": 54.44212832915917, "power_cost": 18.226101037597658, "noise_cost": 15.42477578636637, "n_waypoints_completed": 9, "tot_waypoints": 9}}
{"target": -1118.6528963870953, "params": {"k_pid_pos": [1.947644721637125, 0.9834660484130922, 0.07739172358854973], "k_pid_alt": [0.09245445686877019, 0.4882884703996879, 0.476700568342712], "k_pid_att": [85.28778887714064, 0.8253655182888809, 0.37776838900268206], "k_pid_yaw": [0.5, 1e-06, 0.1], "k_pid_hsp": [7.512415799640361, 0.46770623507806386, 0.9970319590378566], "k_pid_vsp": [3.7531440199280564, 167.171615031625, 40.90252975296653]}, "datetime": {"datetime": "2025-08-21 00:28:44", "elapsed": 45378.58857822418, "delta": 30.841612577438354}, "costs": {"total_cost": 1118.6528963870953, "time_cost": 150, "final_distance_cost": 57.741558224106754, "oscillation_cost": 142.32780627318616, "completition_cost": 666.6666666666667, "overshoot_cost": 59.098767702173994, "power_cost": 22.114955895996093, "noise_cost": 20.703141624965628, "n_waypoints_completed": 3, "tot_waypoints": 9}}
{"target": -353.2220899308034, "params": {"k_pid_pos": [1.955456631723287, 0.9593897819116526, 0.21890669663752327], "k_pid_alt": [1.7488088865677929, 0.0135871051053158, 0.21995864785272334], "k_pid_att": [52.83329821414027, 7.959942974968624, 0.13895559969873728], "k_pid_yaw": [0.5, 1e-06, 0.1], "k_pid_hsp": [5.732321252822499, 0.3975442030678532, 0.859415253180663], "k_pid_vsp": [344.125295958957, 216.10590752104667, 27.550969983774397]}, "datetime": {"datetime": "2025-08-21 00:29:26", "elapsed": 45421.482815265656, "delta": 42.89423704147339}, "costs": {"total_cost": 353.2220899308034, "time_cost": 93.432, "final_distance_cost": 1.715688427107403, "oscillation_cost": 156.46432291957439, "completition_cost": 0.0, "overshoot_cost": 65.53027605299991, "power_cost": 20.520439599609375, "noise_cost": 15.559362931512354, "n_waypoints_completed": 9, "tot_waypoints": 9}}
{"target": -328.2036963206069, "params": {"k_pid_pos": [2.0, 0.047775882028536505, 0.5190465094526081], "k_pid_alt": [1.4382978026770048, 0.5123254931323781, 0.6086257344199612], "k_pid_att": [50.348616862762285, 2.275431156952059, 0.15654098699902538], "k_pid_yaw": [0.5, 1e-06, 0.1], "k_pid_hsp": [6.296494738851423, 0.561752089738012, 0.7515113342563914], "k_pid_vsp": [348.27364240731464, 213.67024199755747, 30.00181063302366]}, "datetime": {"datetime": "2025-08-21 00:30:06", "elapsed": 45460.53075146675, "delta": 39.04793620109558}, "costs": {"total_cost": 328.2036963206069, "time_cost": 80.296, "final_distance_cost": 1.7246755281918742, "oscillation_cost": 162.2090803784401, "completition_cost": 0.0, "overshoot_cost": 53.03256636613005, "power_cost": 17.478496643066407, "noise_cost": 13.46287740477851, "n_waypoints_completed": 9, "tot_waypoints": 9}}
