{"target": -206.98992548224584, "params": {"k_pid_pos": [2.0, 0.0, 0.0], "k_pid_alt": [2.0, 0.0, 0.0], "k_pid_att": [54.28527851546421, 0.0001, 0.0], "k_pid_yaw": [0.5, 1e-06, 0.1], "k_pid_hsp": [4.424889575511937, 0.0, 0.0], "k_pid_vsp": [358.56163704950455, 214.8977768974636, 32.138926935091675]}, "datetime": {"datetime": "2025-08-21 06:05:40", "elapsed": 65594.70604157448, "delta": 41.22329115867615}, "costs": {"total_cost": 206.98992548224584, "time_cost": 69.096, "final_distance_cost": 1.7707462201303654, "oscillation_cost": 65.52246647329602, "completition_cost": 0.0, "overshoot_cost": 50.29104566514271, "power_cost": 10.902240649414063, "noise_cost": 9.40742647426267, "n_waypoints_completed": 9, "tot_waypoints": 9}}
{"target": -396.55950819099354, "params": {"k_pid_pos": [1.9388717211192463, 0.06314489966501395, 0.6195691906520188], "k_pid_alt": [1.6156813584636913, 0.7666371147770933, 0.05824124053726666], "k_pid_att": [11.743122808357914, 1.8652551872665672, 0.0], "k_pid_yaw": [0.5, 1e-06, 0.1], "k_pid_hsp": [6.948812574586699, 0.5185120430051134, 0.886882182661722], "k_pid_vsp": [249.05748465093401, 199.1054089245234, 43.711120763639855]}, "datetime": {"datetime": "2025-08-21 06:06:40", "elapsed": 65654.99264383316, "delta": 60.28660225868225}, "costs": {"total_cost": 396.55950819099354, "time_cost": 82.568, "final_distance_cost": 1.7798543175806805, "oscillation_cost": 222.93656701749643, "completition_cost": 0.0, "overshoot_cost": 52.39122965722937, "power_cost": 21.519080383300782, "noise_cost": 15.364776815386282, "n_waypoints_completed": 9, "tot_waypoints": 9}}
{"target": -220.3137837819508, "params": {"k_pid_pos": [0.6489748449279847, 0.09406215657706615, 0.19503074715174082], "k_pid_alt": [1.8113009285731294, 0.586511764766125, 0.5580650479892192], "k_pid_att": [77.57945514914499, 2.9422918423889315, 0.7563422498138161], "k_pid_yaw": [0.5, 1e-06, 0.1], "k_pid_hsp": [4.844092169883581, 0.814085845954188, 0.019462650180109037], "k_pid_vsp": [94.41563393716088, 203.49510447832228, 2.9640977693137733]}, "datetime": {"datetime": "2025-08-21 06:07:33", "elapsed": 65708.42934036255, "delta": 53.43669652938843}, "costs": {"total_cost": 220.3137837819508, "time_cost": 85.968, "final_distance_cost": 1.7243026941401813, "oscillation_cost": 52.70132057338481, "completition_cost": 0.0, "overshoot_cost": 53.02544748406381, "power_cost": 14.258382019042969, "noise_cost": 12.636331011319037, "n_waypoints_completed": 9, "tot_waypoints": 9}}
{"target": -1476.1146592004989, "params": {"k_pid_pos": [2.0, 0.0, 1.0], "k_pid_alt": [0.0, 0.0, 0.0], "k_pid_att": [85.6648549222165, 5.43312619269264, 1.0], "k_pid_yaw": [0.5, 1e-06, 0.1], "k_pid_hsp": [10.0, 0.0, 0.0], "k_pid_vsp": [117.83569000911871, 274.85570931284997, 94.6072214442617]}, "datetime": {"datetime": "2025-08-21 06:08:20", "elapsed": 65754.98845028877, "delta": 46.559109926223755}, "costs": {"total_cost": 1476.1146592004989, "time_cost": 150, "final_distance_cost": 0.2442820471366135, "oscillation_cost": 116.4252331166419, "completition_cost": 1000.0, "overshoot_cost": 133.71315717743346, "power_cost": 18.050661706542968, "noise_cost": 57.68132515274406, "n_waypoints_completed": 0, "tot_waypoints": 9}}
{"target": -776.4692998126678, "params": {"k_pid_pos": [1.182090173560989, 0.4667625953873568, 0.7529434114266769], "k_pid_alt": [0.7041790664229165, 0.6404420397431989, 0.3632721307381444], "k_pid_att": [10.707728963537244, 6.273276839042359, 0.236999633807702], "k_pid_yaw": [0.5, 1e-06, 0.1], "k_pid_hsp": [7.1771590694310206, 0.25976615623435995, 0.6468208677318301], "k_pid_vsp": [98.3074874819108, 285.59905559810676, 94.17727256351743]}, "datetime": {"datetime": "2025-08-21 06:08:59", "elapsed": 65794.02653551102, "delta": 39.03808522224426}, "costs": {"total_cost": 776.4692998126678, "time_cost": 150, "final_distance_cost": 62.70022079469513, "oscillation_cost": 254.90161203342618, "completition_cost": 222.2222222222222, "overshoot_cost": 49.783580770499604, "power_cost": 21.465921301269532, "noise_cost": 15.39574269055518, "n_waypoints_completed": 7, "tot_waypoints": 9}}
{"target": -922.7599373649812, "params": {"k_pid_pos": [1.2200397707039308, 0.8726496463992006, 0.8718447662312125], "k_pid_alt": [1.2410239776398255, 0.1506486969927494, 0.7745040256759211], "k_pid_att": [52.15612938381528, 3.2152421141814056, 0.7515317997800524], "k_pid_yaw": [0.5, 1e-06, 0.1], "k_pid_hsp": [9.164189770422666, 0.5072824721899843, 0.6804700344202645], "k_pid_vsp": [357.79438619297224, 210.17103230110857, 28.911998529853083]}, "datetime": {"datetime": "2025-08-21 06:09:42", "elapsed": 65837.38186621666, "delta": 43.3553307056427}, "costs": {"total_cost": 922.7599373649812, "time_cost": 150, "final_distance_cost": 70.546235007666, "oscillation_cost": 291.53540024519003, "completition_cost": 333.33333333333337, "overshoot_cost": 40.71724441277353, "power_cost": 20.910838671875002, "noise_cost": 15.71688569414319, "n_waypoints_completed": 6, "tot_waypoints": 9}}
{"target": -379.2874665843448, "params": {"k_pid_pos": [1.6414597074806365, 0.829085328534949, 0.5807067824420685], "k_pid_alt": [1.835957281147305, 0.8114606698876413, 0.4253479969106695], "k_pid_att": [31.821535005478484, 1.8737112812706753, 0.3177566571793794], "k_pid_yaw": [0.5, 1e-06, 0.1], "k_pid_hsp": [6.422070912935249, 0.1712871587674143, 0.17729726434232873], "k_pid_vsp": [331.0023359901433, 199.81868100088522, 30.688673588942425]}, "datetime": {"datetime": "2025-08-21 06:10:36", "elapsed": 65890.60745024681, "delta": 53.22558403015137}, "costs": {"total_cost": 379.2874665843448, "time_cost": 89.056, "final_distance_cost": 1.746833608886946, "oscillation_cost": 199.69752041192461, "completition_cost": 0.0, "overshoot_cost": 52.46668647946246, "power_cost": 20.51471961669922, "noise_cost": 15.805706467371637, "n_waypoints_completed": 9, "tot_waypoints": 9}}
{"target": -1102.159133403406, "params": {"k_pid_pos": [0.10618441010659402, 0.6884933778761085, 0.089653824468104], "k_pid_alt": [1.5540706341653345, 0.524854384121991, 0.975397538399269], "k_pid_att": [40.076315309063936, 1.2007913741904406, 0.1136729515983721], "k_pid_yaw": [0.5, 1e-06, 0.1], "k_pid_hsp": [4.8292624265891, 0.8204470197013088, 0.2915308657275968], "k_pid_vsp": [287.36604537601954, 74.72266242459021, 58.46617444113048]}, "datetime": {"datetime": "2025-08-21 06:11:14", "elapsed": 65929.22710180283, "delta": 38.619651556015015}, "costs": {"total_cost": 1102.159133403406, "time_cost": 150, "final_distance_cost": 55.27322505903292, "oscillation_cost": 134.48959224097683, "completition_cost": 666.6666666666667, "overshoot_cost": 56.73591726753655, "power_cost": 22.608271484375003, "noise_cost": 16.38546068481789, "n_waypoints_completed": 3, "tot_waypoints": 9}}
{"target": -321.33001160355116, "params": {"k_pid_pos": [1.5318865487905686, 0.6105161148361657, 1.0], "k_pid_alt": [2.0, 0.0, 0.0], "k_pid_att": [40.61591482924599, 0.0001, 0.3425465641071538], "k_pid_yaw": [0.5, 1e-06, 0.1], "k_pid_hsp": [9.729735900929388, 1.0, 0.0], "k_pid_vsp": [330.09210368899227, 390.6307668725549, 313.16505699853525]}, "datetime": {"datetime": "2025-08-21 06:12:08", "elapsed": 65983.13038372993, "delta": 53.903281927108765}, "costs": {"total_cost": 321.33001160355116, "time_cost": 78.83200000000001, "final_distance_cost": 1.797680810542887, "oscillation_cost": 155.74674063427307, "completition_cost": 0.0, "overshoot_cost": 55.526259490521824, "power_cost": 15.991648937988282, "noise_cost": 13.435681730225124, "n_waypoints_completed": 9, "tot_waypoints": 9}}
{"target": -235.1188196779644, "params": {"k_pid_pos": [2.0, 0.0, 0.0], "k_pid_alt": [2.0, 1.0, 1.0], "k_pid_att": [85.49341294496642, 6.038976642564139, 1.0], "k_pid_yaw": [0.5, 1e-06, 0.1], "k_pid_hsp": [3.801850050260981, 0.0, 0.0], "k_pid_vsp": [326.5430466395812, 384.1476849347538, 51.02451592657024]}, "datetime": {"datetime": "2025-08-21 06:13:00", "elapsed": 66035.12694835663, "delta": 51.996564626693726}, "costs": {"total_cost": 235.1188196779644, "time_cost": 87.752, "final_distance_cost": 1.7438796357332824, "oscillation_cost": 58.50746080010463, "completition_cost": 0.0, "overshoot_cost": 53.44561640458436, "power_cost": 19.201493554687502, "noise_cost": 14.46836928285463, "n_waypoints_completed": 9, "tot_waypoints": 9}}
{"target": -297.3659730021419, "params": {"k_pid_pos": [0.8992497202548314, 0.40271377191336977, 0.2888106738855861], "k_pid_alt": [1.8985291056840434, 0.6617257138196863, 0.3831430034784258], "k_pid_att": [13.396282138473092, 5.640840134646077, 0.8978744594382286], "k_pid_yaw": [0.5, 1e-06, 0.1], "k_pid_hsp": [2.8189462511004537, 0.9527780481869723, 0.19313727759891297], "k_pid_vsp": [13.404961777700963, 312.22672600103283, 29.89876260421289]}, "datetime": {"datetime": "2025-08-21 06:13:45", "elapsed": 66079.70577096939, "delta": 44.57882261276245}, "costs": {"total_cost": 297.3659730021419, "time_cost": 87.248, "final_distance_cost": 1.7940303632430774, "oscillation_cost": 125.3537440201147, "completition_cost": 0.0, "overshoot_cost": 51.5077395355617, "power_cost": 18.177349267578126, "noise_cost": 13.285109815644311, "n_waypoints_completed": 9, "tot_waypoints": 9}}
{"target": -845.0149966658705, "params": {"k_pid_pos": [0.8995425880170661, 0.15249080930718228, 0.999290497211102], "k_pid_alt": [1.3931545718786122, 0.27539110500154784, 0.981008508313115], "k_pid_att": [51.17357021092843, 8.769108190558432, 0.66726450989129], "k_pid_yaw": [0.5, 1e-06, 0.1], "k_pid_hsp": [4.913217908093854, 0.5407213871026456, 0.7728678239837838], "k_pid_vsp": [387.7618273924006, 166.37736612924678, 189.826549438675]}, "datetime": {"datetime": "2025-08-21 06:14:27", "elapsed": 66122.01139092445, "delta": 42.305619955062866}, "costs": {"total_cost": 845.0149966658705, "time_cost": 150, "final_distance_cost": 68.33893806855214, "oscillation_cost": 318.0574827099358, "completition_cost": 222.2222222222222, "overshoot_cost": 47.43929636484072, "power_cost": 22.480738806152345, "noise_cost": 16.476318494167288, "n_waypoints_completed": 7, "tot_waypoints": 9}}
{"target": -374.10647725785, "params": {"k_pid_pos": [1.988502070196746, 0.0, 0.0], "k_pid_alt": [2.0, 0.06301597819218076, 1.0], "k_pid_att": [15.603267243956806, 7.262758641734832, 0.16238441526204417], "k_pid_yaw": [0.5, 1e-06, 0.1], "k_pid_hsp": [3.5071112927554653, 0.92153565072342, 0.7425553075790817], "k_pid_vsp": [361.5208103096948, 52.39899257269781, 68.87588222676693]}, "datetime": {"datetime": "2025-08-21 06:15:20", "elapsed": 66174.86683917046, "delta": 52.8554482460022}, "costs": {"total_cost": 374.10647725785, "time_cost": 87.56, "final_distance_cost": 1.730827822137862, "oscillation_cost": 192.3474295700744, "completition_cost": 0.0, "overshoot_cost": 57.94228175169217, "power_cost": 19.99033056640625, "noise_cost": 14.535607547539257, "n_waypoints_completed": 9, "tot_waypoints": 9}}
{"target": -992.6255842945571, "params": {"k_pid_pos": [1.1319444087517727, 0.2697648136452143, 0.7439187750265215], "k_pid_alt": [1.5292353942026593, 0.2565512618903276, 0.4686016776809572], "k_pid_att": [48.299606082830756, 8.627696340835168, 0.34258075913968267], "k_pid_yaw": [0.5, 1e-06, 0.1], "k_pid_hsp": [0.4341183745488912, 0.8840666625279838, 0.7046337595372769], "k_pid_vsp": [292.0215129353634, 74.21668481075288, 48.83008316859393]}, "datetime": {"datetime": "2025-08-21 06:16:02", "elapsed": 66216.97272777557, "delta": 42.1058886051178}, "costs": {"total_cost": 992.6255842945571, "time_cost": 150, "final_distance_cost": 49.24524169333575, "oscillation_cost": 233.67425520861616, "completition_cost": 444.4444444444444, "overshoot_cost": 75.74748309950779, "power_cost": 22.918018286132813, "noise_cost": 16.59614156252015, "n_waypoints_completed": 5, "tot_waypoints": 9}}
{"target": -253.67197454879692, "params": {"k_pid_pos": [2.0, 0.0, 0.5535329660485235], "k_pid_alt": [1.0215903543603808, 0.18219914617596666, 0.9865434361725381], "k_pid_att": [53.41956204566123, 10.0, 1.0], "k_pid_yaw": [0.5, 1e-06, 0.1], "k_pid_hsp": [10.0, 1.0, 0.0], "k_pid_vsp": [236.14698018783412, 76.73983851507666, 152.2219486924442]}, "datetime": {"datetime": "2025-08-21 06:16:44", "elapsed": 66258.89317011833, "delta": 41.92044234275818}, "costs": {"total_cost": 253.67197454879692, "time_cost": 78.616, "final_distance_cost": 1.7741754405564922, "oscillation_cost": 82.0935883911118, "completition_cost": 0.0, "overshoot_cost": 56.82860301116307, "power_cost": 20.14081062011719, "noise_cost": 14.218797085848387, "n_waypoints_completed": 9, "tot_waypoints": 9}}
{"target": -1121.2851829445374, "params": {"k_pid_pos": [0.18688294192619526, 0.5854553604843316, 0.9337001789126647], "k_pid_alt": [0.4750728749317217, 0.6324498202215777, 0.7457630895669811], "k_pid_att": [34.6198386731119, 7.2421828684144005, 0.7179078909044221], "k_pid_yaw": [0.5, 1e-06, 0.1], "k_pid_hsp": [5.35476872535018, 0.7005333593771189, 0.4412650209867003], "k_pid_vsp": [111.680137736231, 137.44608001560792, 25.97517502845105]}, "datetime": {"datetime": "2025-08-21 06:17:37", "elapsed": 66312.48846364021, "delta": 53.5952935218811}, "costs": {"total_cost": 1121.2851829445374, "time_cost": 150, "final_distance_cost": 52.30042471931798, "oscillation_cost": 283.1323874361376, "completition_cost": 555.5555555555555, "overshoot_cost": 48.61017163775975, "power_cost": 17.796776879882813, "noise_cost": 13.889866715883764, "n_waypoints_completed": 4, "tot_waypoints": 9}}
{"target": -992.4616226257541, "params": {"k_pid_pos": [0.38469581144411136, 0.21543316905017196, 0.546288015978706], "k_pid_alt": [0.8606908145912788, 0.25167922215500427, 0.6603716940575726], "k_pid_att": [47.095270072054305, 10.0, 0.016680393774740104], "k_pid_yaw": [0.5, 1e-06, 0.1], "k_pid_hsp": [5.178262459065283, 0.47044870302622727, 0.4173452479464019], "k_pid_vsp": [192.09465966991297, 292.5125408957242, 138.96668986661518]}, "datetime": {"datetime": "2025-08-21 06:18:22", "elapsed": 66357.12118601799, "delta": 44.6327223777771}, "costs": {"total_cost": 992.4616226257541, "time_cost": 150, "final_distance_cost": 71.26270084306896, "oscillation_cost": 356.25809198142525, "completition_cost": 333.33333333333337, "overshoot_cost": 44.85103852654071, "power_cost": 20.87106901855469, "noise_cost": 15.88538892283116, "n_waypoints_completed": 6, "tot_waypoints": 9}}
{"target": -1799.4832405105556, "params": {"k_pid_pos": [2.0, 1.0, 1.0], "k_pid_alt": [2.0, 0.0, 0.0], "k_pid_att": [55.78190257946164, 0.0001, 0.0], "k_pid_yaw": [0.5, 1e-06, 0.1], "k_pid_hsp": [0.0001, 1.0, 1.0], "k_pid_vsp": [149.92916543555418, 284.1132920008306, 163.92597896308004]}, "datetime": {"datetime": "2025-08-21 06:19:16", "elapsed": 66411.2433655262, "delta": 54.12217950820923}, "costs": {"total_cost": 1799.4832405105556, "time_cost": 150, "final_distance_cost": 46.06840972787126, "oscillation_cost": 462.1963871360556, "completition_cost": 1000.0, "overshoot_cost": 104.7135514771128, "power_cost": 20.63259190673828, "noise_cost": 15.872300262777514, "n_waypoints_completed": 0, "tot_waypoints": 9}}
{"target": -477.2522809371571, "params": {"k_pid_pos": [1.8235125967727217, 0.19055589921406657, 0.5129043425472759], "k_pid_alt": [0.22023845173203105, 0.46904681298923223, 0.3532935832806986], "k_pid_att": [16.7124292184459, 6.962110487542811, 0.24989871946293196], "k_pid_yaw": [0.5, 1e-06, 0.1], "k_pid_hsp": [4.974522530510378, 0.323897052224121, 0.13434550955844393], "k_pid_vsp": [20.365788378799856, 308.30898737315346, 28.725952837146]}, "datetime": {"datetime": "2025-08-21 06:20:09", "elapsed": 66463.57539534569, "delta": 52.332029819488525}, "costs": {"total_cost": 477.2522809371571, "time_cost": 95.816, "final_distance_cost": 1.7778223536083102, "oscillation_cost": 283.13035733932605, "completition_cost": 0.0, "overshoot_cost": 58.806064868524594, "power_cost": 21.705740661621096, "noise_cost": 16.016295714077003, "n_waypoints_completed": 9, "tot_waypoints": 9}}
{"target": -711.9255406695111, "params": {"k_pid_pos": [0.254849946862689, 0.5608590139021988, 0.3894363628676506], "k_pid_alt": [2.0, 0.0, 0.8298391631927552], "k_pid_att": [20.418288234557675, 0.0001, 0.20097880430867607], "k_pid_yaw": [0.5, 1e-06, 0.1], "k_pid_hsp": [3.726705190249069, 0.5213564306460268, 0.0440140451260074], "k_pid_vsp": [271.3304727732989, 19.396677566814922, 81.05740093993039]}, "datetime": {"datetime": "2025-08-21 06:20:52", "elapsed": 66506.6388809681, "delta": 43.063485622406006}, "costs": {"total_cost": 711.9255406695111, "time_cost": 150, "final_distance_cost": 64.85161442333035, "oscillation_cost": 197.1826846611815, "completition_cost": 222.2222222222222, "overshoot_cost": 46.81492693608998, "power_cost": 17.30206337890625, "noise_cost": 13.552029047780797, "n_waypoints_completed": 7, "tot_waypoints": 9}}
{"target": -366.57919178111473, "params": {"k_pid_pos": [1.0917951386114697, 0.1741445828651079, 0.13502263431972328], "k_pid_alt": [0.9520000069608074, 0.2563488643776872, 0.3974384212862202], "k_pid_att": [17.051631446921515, 4.027802247100627, 0.45838354154307626], "k_pid_yaw": [0.5, 1e-06, 0.1], "k_pid_hsp": [5.219373341026792, 0.7129636612479641, 0.5773017849964946], "k_pid_vsp": [241.69414813085785, 379.67576016004506, 168.08037009545987]}, "datetime": {"datetime": "2025-08-21 06:21:42", "elapsed": 66557.30697011948, "delta": 50.668089151382446}, "costs": {"total_cost": 366.57919178111473, "time_cost": 83.72800000000001, "final_distance_cost": 1.7743877029091641, "oscillation_cost": 196.98738744038866, "completition_cost": 0.0, "overshoot_cost": 52.027118140588755, "power_cost": 18.53839481201172, "noise_cost": 13.523903685216395, "n_waypoints_completed": 9, "tot_waypoints": 9}}
{"target": -812.8484961923423, "params": {"k_pid_pos": [1.2983878330446594, 0.9048629467761297, 0.5308446144987871], "k_pid_alt": [0.8728193581764411, 0.8538779315370261, 0.13105264009235032], "k_pid_att": [35.85611046418793, 3.082286420733363, 1.0], "k_pid_yaw": [0.5, 1e-06, 0.1], "k_pid_hsp": [8.824741711965586, 0.893521554608114, 0.27193997982792917], "k_pid_vsp": [66.44351615203394, 344.346572668218, 61.23427077740848]}, "datetime": {"datetime": "2025-08-21 06:22:37", "elapsed": 66612.14780378342, "delta": 54.84083366394043}, "costs": {"total_cost": 812.8484961923423, "time_cost": 150, "final_distance_cost": 75.83095518785368, "oscillation_cost": 170.55141480281523, "completition_cost": 333.33333333333337, "overshoot_cost": 48.933591639188556, "power_cost": 18.621109619140626, "noise_cost": 15.57809161001077, "n_waypoints_completed": 6, "tot_waypoints": 9}}
{"target": -192.76125450457192, "params": {"k_pid_pos": [0.754294747992022, 0.0, 0.0], "k_pid_alt": [1.2636505792310642, 0.48093893098738355, 0.7746393262230444], "k_pid_att": [28.15250587500012, 4.536640960617634, 0.5265264071108541], "k_pid_yaw": [0.5, 1e-06, 0.1], "k_pid_hsp": [7.801698314245683, 0.8234263291332674, 0.0], "k_pid_vsp": [123.14238602311208, 145.63348688378255, 5.561763206489436]}, "datetime": {"datetime": "2025-08-21 06:23:27", "elapsed": 66662.27935242653, "delta": 50.13154864311218}, "costs": {"total_cost": 192.76125450457192, "time_cost": 75.432, "final_distance_cost": 1.7988232139018778, "oscillation_cost": 42.18505829408557, "completition_cost": 0.0, "overshoot_cost": 50.20519466992977, "power_cost": 11.92286590576172, "noise_cost": 11.217312420892998, "n_waypoints_completed": 9, "tot_waypoints": 9}}
{"target": -1393.9011169867235, "params": {"k_pid_pos": [2.0, 0.7507910667345318, 0.0], "k_pid_alt": [0.0, 0.0, 0.48662832298442654], "k_pid_att": [10.59135052111834, 4.581794495970351, 0.9075050468129618], "k_pid_yaw": [0.5, 1e-06, 0.1], "k_pid_hsp": [5.590149699403259, 0.0, 0.0], "k_pid_vsp": [50.62080893668308, 226.53328608868372, 86.16316456150945]}, "datetime": {"datetime": "2025-08-21 06:24:17", "elapsed": 66712.04355621338, "delta": 49.764203786849976}, "costs": {"total_cost": 1393.9011169867235, "time_cost": 150, "final_distance_cost": 7.899072506845932, "oscillation_cost": 29.243932615955636, "completition_cost": 1000.0, "overshoot_cost": 137.15673605421802, "power_cost": 12.1284865234375, "noise_cost": 57.472889286266586, "n_waypoints_completed": 0, "tot_waypoints": 9}}
{"target": -1248.77935772274, "params": {"k_pid_pos": [0.2389437778640871, 0.2657761635831801, 0.29800925320557214], "k_pid_alt": [0.24912925503633643, 0.8466320399329264, 0.5230729547095007], "k_pid_att": [16.95909191681174, 2.0758482169879833, 0.4316799446258113], "k_pid_yaw": [0.5, 1e-06, 0.1], "k_pid_hsp": [2.369198802612426, 0.2551262351120026, 0.5326223882153385], "k_pid_vsp": [16.790623453828335, 312.1347737310743, 32.968100372335975]}, "datetime": {"datetime": "2025-08-21 06:25:10", "elapsed": 66764.74720335007, "delta": 52.70364713668823}, "costs": {"total_cost": 1248.77935772274, "time_cost": 150, "final_distance_cost": 54.20561245779112, "oscillation_cost": 296.3325191050756, "completition_cost": 666.6666666666667, "overshoot_cost": 47.99736033468362, "power_cost": 19.19650732421875, "noise_cost": 14.380691834304022, "n_waypoints_completed": 3, "tot_waypoints": 9}}
{"target": -317.2533547779288, "params": {"k_pid_pos": [1.9960903017523643, 0.07604570837130961, 0.4398735587850199], "k_pid_alt": [1.7297013711438292, 0.9463398660134271, 0.0], "k_pid_att": [13.458535331544086, 0.499278456447652, 0.0016528368340853112], "k_pid_yaw": [0.5, 1e-06, 0.1], "k_pid_hsp": [7.585060896429212, 0.5492902619871338, 0.8232213521853806], "k_pid_vsp": [244.88484290918194, 199.31408540674224, 46.686825452435414]}, "datetime": {"datetime": "2025-08-21 06:25:45", "elapsed": 66800.0014538765, "delta": 35.25425052642822}, "costs": {"total_cost": 317.2533547779288, "time_cost": 81.928, "final_distance_cost": 1.7443423061912537, "oscillation_cost": 149.95845555934838, "completition_cost": 0.0, "overshoot_cost": 54.70130052211156, "power_cost": 16.35386279296875, "noise_cost": 12.567393597308822, "n_waypoints_completed": 9, "tot_waypoints": 9}}
