{"target": -1328.1859920478598, "params": {"k_pid_pos": [1.9593387690837867, 0.3290476462983687, 0.5813049269686498], "k_pid_alt": [1.744479067891587, 0.501748382542956, 0.7219684796415542], "k_pid_att": [38.746512014363255, 7.461777145964836, 0.3954071271395009], "k_pid_yaw": [0.5, 1e-06, 0.1], "k_pid_hsp": [3.4168009668025854, 0.10569643778077775, 0.5088723271076656], "k_pid_vsp": [222.3886671870805, 0.016971604536876263, 366.4398847582009]}, "datetime": {"datetime": "2025-08-20 16:52:13", "elapsed": 17988.260544538498, "delta": 24.551029682159424}, "costs": {"total_cost": 1328.1859920478598, "time_cost": 150, "final_distance_cost": 79.88008240819175, "oscillation_cost": 346.0750336936943, "completition_cost": 666.6666666666667, "overshoot_cost": 53.76692817468831, "power_cost": 17.020946984863283, "noise_cost": 14.77633411975549, "n_waypoints_completed": 3, "tot_waypoints": 9}}
{"target": -1052.66255779653, "params": {"k_pid_pos": [1.6283671627862797, 0.4308797694782661, 0.6087936238952086], "k_pid_alt": [0.9353913066530251, 0.3618519530432083, 0.9407561112652397], "k_pid_att": [19.89892829273584, 6.153416818054357, 0.702660741030576], "k_pid_yaw": [0.5, 1e-06, 0.1], "k_pid_hsp": [5.802706124049129, 0.40432251079403203, 0.3254892492970799], "k_pid_vsp": [300.5155265880142, 115.96935395065259, 237.712262052479]}, "datetime": {"datetime": "2025-08-20 16:52:37", "elapsed": 18012.34503054619, "delta": 24.08448600769043}, "costs": {"total_cost": 1052.66255779653, "time_cost": 150, "final_distance_cost": 52.25846837381077, "oscillation_cost": 319.29697239758576, "completition_cost": 444.4444444444444, "overshoot_cost": 48.899896035163046, "power_cost": 21.511308178710937, "noise_cost": 16.251468366815125, "n_waypoints_completed": 5, "tot_waypoints": 9}}
{"target": -874.0340290654678, "params": {"k_pid_pos": [1.0570187912770337, 0.7835499247960107, 0.9715405175161902], "k_pid_alt": [0.5983889509028828, 0.7454489944778618, 0.8651655348395791], "k_pid_att": [54.19926968588623, 4.968272202737447, 0.4087006092803569], "k_pid_yaw": [0.5, 1e-06, 0.1], "k_pid_hsp": [5.016960004537967, 0.5171907939432405, 0.1901816943294371], "k_pid_vsp": [305.7439585544584, 43.317458378303364, 7.35302878845132]}, "datetime": {"datetime": "2025-08-20 16:53:02", "elapsed": 18036.972875118256, "delta": 24.62784457206726}, "costs": {"total_cost": 874.0340290654678, "time_cost": 150, "final_distance_cost": 71.93725950424766, "oscillation_cost": 235.13130731659257, "completition_cost": 333.33333333333337, "overshoot_cost": 47.181769864856335, "power_cost": 19.544437365722658, "noise_cost": 16.905921680715203, "n_waypoints_completed": 6, "tot_waypoints": 9}}
{"target": -1782.5269913109053, "params": {"k_pid_pos": [1.6101233434701319, 0.2677919869585905, 0.04994538645921809], "k_pid_alt": [0.540392620513513, 0.22817715588920695, 0.8168027600961303], "k_pid_att": [7.176205539104763, 7.117036785772365, 0.029671251252350705], "k_pid_yaw": [0.5, 1e-06, 0.1], "k_pid_hsp": [6.417267999660994, 0.369690501913004, 0.5520406348829482], "k_pid_vsp": [82.59215490747192, 161.14051326168595, 367.73701146374304]}, "datetime": {"datetime": "2025-08-20 16:53:26", "elapsed": 18061.41815805435, "delta": 24.44528293609619}, "costs": {"total_cost": 1782.5269913109053, "time_cost": 150, "final_distance_cost": 1.012631634948155, "oscillation_cost": 409.30861670543953, "completition_cost": 1000.0, "overshoot_cost": 135.8185020256688, "power_cost": 20.203186474609375, "noise_cost": 66.18405447023945, "n_waypoints_completed": 0, "tot_waypoints": 9}}
{"target": -717.1979171597415, "params": {"k_pid_pos": [1.1366310685280503, 0.2756629337471477, 0.582789187337975], "k_pid_alt": [0.9369542992086415, 0.0716736702719688, 0.8170181024006723], "k_pid_att": [15.13654061279378, 8.460003581017357, 0.6067042552967281], "k_pid_yaw": [0.5, 1e-06, 0.1], "k_pid_hsp": [7.840922439586234, 0.13185984253074512, 0.10990467054005959], "k_pid_vsp": [208.81770226987751, 211.1297155619738, 36.221848298105655]}, "datetime": {"datetime": "2025-08-20 16:53:51", "elapsed": 18085.715116024017, "delta": 24.296957969665527}, "costs": {"total_cost": 717.1979171597415, "time_cost": 150, "final_distance_cost": 66.23989814926965, "oscillation_cost": 202.29895392034126, "completition_cost": 222.2222222222222, "overshoot_cost": 42.261442344305635, "power_cost": 19.69076812744141, "noise_cost": 14.484632396161263, "n_waypoints_completed": 7, "tot_waypoints": 9}}
{"target": -1195.2488684439213, "params": {"k_pid_pos": [0.47517348033021106, 0.7934666856927101, 0.5975244067544915], "k_pid_alt": [0.6375524944175934, 0.9552913153896818, 0.7400458860870781], "k_pid_att": [88.8476845129411, 0.42281509328266026, 0.03394446095774717], "k_pid_yaw": [0.5, 1e-06, 0.1], "k_pid_hsp": [0.420489612412901, 0.32683515557361, 0.25113088610876244], "k_pid_vsp": [181.83449720521955, 297.37643162047743, 109.3385410920489]}, "datetime": {"datetime": "2025-08-20 16:54:17", "elapsed": 18112.08319926262, "delta": 26.368083238601685}, "costs": {"total_cost": 1195.2488684439213, "time_cost": 150, "final_distance_cost": 62.41672296281436, "oscillation_cost": 216.87023444684658, "completition_cost": 666.6666666666667, "overshoot_cost": 58.24068494123227, "power_cost": 23.929690954589844, "noise_cost": 17.1248684717714, "n_waypoints_completed": 3, "tot_waypoints": 9}}
{"target": -1228.7362712013105, "params": {"k_pid_pos": [1.8145290812605945, 0.6679627037058203, 0.755786079641233], "k_pid_alt": [0.4718521548780379, 0.3076763624489375, 0.5401680405761438], "k_pid_att": [49.404547953095225, 4.9693012345161245, 0.8746631904417087], "k_pid_yaw": [0.5, 1e-06, 0.1], "k_pid_hsp": [2.209800774797776, 0.6223508815842612, 0.3756023475914769], "k_pid_vsp": [54.28686692308244, 43.5074637659483, 356.09348677708635]}, "datetime": {"datetime": "2025-08-20 16:54:43", "elapsed": 18138.367820501328, "delta": 26.284621238708496}, "costs": {"total_cost": 1228.7362712013105, "time_cost": 150, "final_distance_cost": 78.41297546313105, "oscillation_cost": 202.6672909189388, "completition_cost": 666.6666666666667, "overshoot_cost": 95.9402797107155, "power_cost": 17.240256604003907, "noise_cost": 17.808801837854663, "n_waypoints_completed": 3, "tot_waypoints": 9}}
{"target": -971.0703893708112, "params": {"k_pid_pos": [1.2312525838366404, 0.2825234155139238, 0.1526652779566583], "k_pid_alt": [1.765031072419455, 0.27966900563531893, 0.4313759355507475], "k_pid_att": [99.82400884808143, 1.0851233895835213, 0.20537979610343304], "k_pid_yaw": [0.5, 1e-06, 0.1], "k_pid_hsp": [0.398701590659981, 0.74336502420666, 0.2630986906317643], "k_pid_vsp": [291.20880556142754, 114.8521113346876, 230.87137188965505]}, "datetime": {"datetime": "2025-08-20 16:55:11", "elapsed": 18165.616705179214, "delta": 27.248884677886963}, "costs": {"total_cost": 971.0703893708112, "time_cost": 150, "final_distance_cost": 52.415232577656674, "oscillation_cost": 107.54691633427619, "completition_cost": 555.5555555555555, "overshoot_cost": 65.60789941287383, "power_cost": 23.17746844482422, "noise_cost": 16.767317045624846, "n_waypoints_completed": 4, "tot_waypoints": 9}}
{"target": -602.0897619553244, "params": {"k_pid_pos": [1.6312890577140382, 0.3025780700573788, 0.13569280515223592], "k_pid_alt": [1.3061229710765345, 0.5630760820079667, 0.8121474867396685], "k_pid_att": [61.85156736405373, 4.1135826951448164, 0.8584221207450536], "k_pid_yaw": [0.5, 1e-06, 0.1], "k_pid_hsp": [8.74137450323774, 0.8292745141769433, 0.2734531150376803], "k_pid_vsp": [348.1344731371386, 18.184336152746067, 241.31557678566188]}, "datetime": {"datetime": "2025-08-20 16:55:38", "elapsed": 18193.335861206055, "delta": 27.71915602684021}, "costs": {"total_cost": 602.0897619553244, "time_cost": 150, "final_distance_cost": 44.747017803687164, "oscillation_cost": 196.87715115002672, "completition_cost": 111.11111111111116, "overshoot_cost": 60.21738628998437, "power_cost": 21.834573095703124, "noise_cost": 17.30252250481189, "n_waypoints_completed": 8, "tot_waypoints": 9}}
{"target": -1606.980249907831, "params": {"k_pid_pos": [1.6613398022045744, 0.5026614146902146, 0.03029100990391642], "k_pid_alt": [0.7311668230139388, 0.6818751014250366, 0.8987053010309779], "k_pid_att": [3.2179561720714567, 4.663029634633014, 0.7192718517683101], "k_pid_yaw": [0.5, 1e-06, 0.1], "k_pid_hsp": [5.575237381568886, 0.09047895724031485, 0.8118352315878955], "k_pid_vsp": [106.92121959541758, 169.25015933434065, 337.70006423853494]}, "datetime": {"datetime": "2025-08-20 16:56:03", "elapsed": 18217.96916627884, "delta": 24.633305072784424}, "costs": {"total_cost": 1606.980249907831, "time_cost": 150, "final_distance_cost": 3.889809956092135, "oscillation_cost": 228.96423444288416, "completition_cost": 1000.0, "overshoot_cost": 137.32353382711113, "power_cost": 20.810587902832033, "noise_cost": 65.99208377891125, "n_waypoints_completed": 0, "tot_waypoints": 9}}
{"target": -1344.3329032139031, "params": {"k_pid_pos": [1.4463648505686195, 0.6258818355522998, 0.33751193796336554], "k_pid_alt": [1.4188783357562107, 0.8462923576005377, 0.5391319157996244], "k_pid_att": [54.990065585823054, 7.854188404904788, 0.059159143751773446], "k_pid_yaw": [0.5, 1e-06, 0.1], "k_pid_hsp": [4.555489494204258, 0.7823133253939284, 0.6419245438461617], "k_pid_vsp": [7.740288453276012, 147.7209372932239, 283.2898834350762]}, "datetime": {"datetime": "2025-08-20 16:56:31", "elapsed": 18245.78695678711, "delta": 27.817790508270264}, "costs": {"total_cost": 1344.3329032139031, "time_cost": 150, "final_distance_cost": 100.49097564707807, "oscillation_cost": 227.7450545391134, "completition_cost": 777.7777777777778, "overshoot_cost": 56.34232601832113, "power_cost": 16.373014465332034, "noise_cost": 15.603754766280879, "n_waypoints_completed": 2, "tot_waypoints": 9}}
{"target": -511.12123290130023, "params": {"k_pid_pos": [1.6065082096001428, 0.9809279985738858, 0.6560928770140514], "k_pid_alt": [1.7293543471527137, 0.5295181500341103, 0.16510798306486796], "k_pid_att": [25.344266071438692, 5.847138874854727, 0.7742652463145153], "k_pid_yaw": [0.5, 1e-06, 0.1], "k_pid_hsp": [7.160685611306874, 0.3272383660520851, 0.023576632584706658], "k_pid_vsp": [174.34499903159963, 177.97239826141782, 139.12918341952783]}, "datetime": {"datetime": "2025-08-20 16:56:57", "elapsed": 18272.03949189186, "delta": 26.252535104751587}, "costs": {"total_cost": 511.12123290130023, "time_cost": 150, "final_distance_cost": 66.34041806481686, "oscillation_cost": 92.36292817544636, "completition_cost": 111.11111111111116, "overshoot_cost": 53.99319559025105, "power_cost": 21.155805432128908, "noise_cost": 16.157774527545953, "n_waypoints_completed": 8, "tot_waypoints": 9}}
{"target": -611.8492276599171, "params": {"k_pid_pos": [1.0719479732316568, 0.7391272790919862, 0.9945722059448169], "k_pid_alt": [1.2744964008207385, 0.8272931452978074, 0.19381756670278394], "k_pid_att": [33.92563513203453, 9.699055560163078, 0.04361453576455199], "k_pid_yaw": [0.5, 1e-06, 0.1], "k_pid_hsp": [2.170401356548969, 0.4530467790469175, 0.1514506012220056], "k_pid_vsp": [65.8743688751814, 64.52518475604717, 30.87823257775658]}, "datetime": {"datetime": "2025-08-20 16:57:21", "elapsed": 18296.493601083755, "delta": 24.45410919189453}, "costs": {"total_cost": 611.8492276599171, "time_cost": 150, "final_distance_cost": 8.592267158088642, "oscillation_cost": 248.817932174563, "completition_cost": 111.11111111111116, "overshoot_cost": 56.37278962331784, "power_cost": 20.32146671142578, "noise_cost": 16.63366088141069, "n_waypoints_completed": 8, "tot_waypoints": 9}}
{"target": -1025.5141830811272, "params": {"k_pid_pos": [1.6483335332362463, 0.022261897019847265, 0.5362387791441563], "k_pid_alt": [1.5252924677562583, 0.2854813593988249, 0.4904956328539386], "k_pid_att": [70.17769742557334, 7.5393201280796385, 0.19658461110643233], "k_pid_yaw": [0.5, 1e-06, 0.1], "k_pid_hsp": [0.47411207579525655, 0.3866382252749645, 0.1842331196004302], "k_pid_vsp": [136.667273719968, 23.873111730507436, 193.08218057548865]}, "datetime": {"datetime": "2025-08-20 16:57:46", "elapsed": 18321.124071359634, "delta": 24.630470275878906}, "costs": {"total_cost": 1025.5141830811272, "time_cost": 150, "final_distance_cost": 38.89964704488645, "oscillation_cost": 172.11802942946323, "completition_cost": 555.5555555555555, "overshoot_cost": 68.82174170477623, "power_cost": 22.439170166015625, "noise_cost": 17.68003918042987, "n_waypoints_completed": 4, "tot_waypoints": 9}}
{"target": -738.4815267630166, "params": {"k_pid_pos": [1.1051882696970632, 0.7508435974083391, 0.6570063392878639], "k_pid_alt": [1.8439120365253228, 0.30254439509485176, 0.66027629291435], "k_pid_att": [4.719120134430432, 3.197198595768675, 0.20894175057724096], "k_pid_yaw": [0.5, 1e-06, 0.1], "k_pid_hsp": [6.4443586698619875, 0.5849350132284399, 0.8629228398956326], "k_pid_vsp": [52.02435421051788, 399.77354304437176, 93.17050372353526]}, "datetime": {"datetime": "2025-08-20 16:58:11", "elapsed": 18346.28168487549, "delta": 25.157613515853882}, "costs": {"total_cost": 738.4815267630166, "time_cost": 150, "final_distance_cost": 72.46435349490115, "oscillation_cost": 214.80773977981968, "completition_cost": 222.2222222222222, "overshoot_cost": 47.03366482813043, "power_cost": 18.364381262207033, "noise_cost": 13.58916517573607, "n_waypoints_completed": 7, "tot_waypoints": 9}}
{"target": -1712.270420554856, "params": {"k_pid_pos": [1.3971312325866778, 0.0847647082597992, 0.2746490000569556], "k_pid_alt": [1.3084087263510649, 0.6233227648567286, 0.23733125635414964], "k_pid_att": [99.02210720293218, 9.761041593456959, 0.6547448111909012], "k_pid_yaw": [0.5, 1e-06, 0.1], "k_pid_hsp": [1.04779103730046, 0.48431752501933767, 0.8327525375451025], "k_pid_vsp": [79.2760501145655, 67.81880560360393, 257.27313365629874]}, "datetime": {"datetime": "2025-08-20 16:58:39", "elapsed": 18374.49342107773, "delta": 28.21173620223999}, "costs": {"total_cost": 1712.270420554856, "time_cost": 150, "final_distance_cost": 54.88039455807484, "oscillation_cost": 424.93138915037497, "completition_cost": 1000.0, "overshoot_cost": 43.19277587362239, "power_cost": 21.397177270507814, "noise_cost": 17.86868370227575, "n_waypoints_completed": 0, "tot_waypoints": 9}}
{"target": -1025.347540755183, "params": {"k_pid_pos": [0.22533630012570696, 0.730977954928631, 0.10781793943708695], "k_pid_alt": [0.8140754027458126, 0.380544457873192, 0.7472279170182611], "k_pid_att": [48.970124491793264, 5.428750157299927, 0.7979882874120607], "k_pid_yaw": [0.5, 1e-06, 0.1], "k_pid_hsp": [2.889822636716719, 0.6846983049597472, 0.7184789123167294], "k_pid_vsp": [257.6741054920566, 119.59710168046324, 127.05020655365644]}, "datetime": {"datetime": "2025-08-20 16:59:06", "elapsed": 18400.860365629196, "delta": 26.366944551467896}, "costs": {"total_cost": 1025.347540755183, "time_cost": 150, "final_distance_cost": 44.707605605670025, "oscillation_cost": 168.03842071165914, "completition_cost": 555.5555555555555, "overshoot_cost": 66.34003186645988, "power_cost": 23.271752392578126, "noise_cost": 17.43417462326018, "n_waypoints_completed": 4, "tot_waypoints": 9}}
{"target": -895.1822593214798, "params": {"k_pid_pos": [1.5609621196641061, 0.9022581058284408, 0.5736934702152521], "k_pid_alt": [0.48895573883511156, 0.2378688946953652, 0.6914532979516339], "k_pid_att": [51.58093749547786, 9.282690346198981, 0.4657221958770844], "k_pid_yaw": [0.5, 1e-06, 0.1], "k_pid_hsp": [2.268503500323498, 0.0965639897461843, 0.9130928664003208], "k_pid_vsp": [342.1372586535587, 298.9402695708992, 255.25336569759074]}, "datetime": {"datetime": "2025-08-20 16:59:32", "elapsed": 18426.76556277275, "delta": 25.905197143554688}, "costs": {"total_cost": 895.1822593214798, "time_cost": 150, "final_distance_cost": 38.38681939392007, "oscillation_cost": 167.3878350901578, "completition_cost": 444.4444444444444, "overshoot_cost": 55.05574159222795, "power_cost": 22.94045574951172, "noise_cost": 16.96696305121797, "n_waypoints_completed": 5, "tot_waypoints": 9}}
{"target": -471.18092521464473, "params": {"k_pid_pos": [1.5809202859260827, 0.03387183801577509, 0.9896087486334826], "k_pid_alt": [0.6962561607473607, 0.6930136535782706, 0.07186598149748769], "k_pid_att": [35.842975281093224, 9.055470869444893, 0.1300708380338541], "k_pid_yaw": [0.5, 1e-06, 0.1], "k_pid_hsp": [5.003915975085854, 0.926936284096432, 0.5790730662695818], "k_pid_vsp": [131.93123967801967, 347.545801274584, 125.67138303179287]}, "datetime": {"datetime": "2025-08-20 16:59:56", "elapsed": 18450.780056476593, "delta": 24.014493703842163}, "costs": {"total_cost": 471.18092521464473, "time_cost": 94.184, "final_distance_cost": 1.7867972116538184, "oscillation_cost": 281.481822440905, "completition_cost": 0.0, "overshoot_cost": 59.3621563648986, "power_cost": 19.446952770996095, "noise_cost": 14.919196426191215, "n_waypoints_completed": 9, "tot_waypoints": 9}}
{"target": -1681.7125327214517, "params": {"k_pid_pos": [0.19927798477706382, 0.052639077045464444, 0.03596575562557558], "k_pid_alt": [1.4260845734470118, 0.5025000146932657, 0.8131754699241747], "k_pid_att": [21.68851714274913, 6.964661835983153, 0.4006897481536781], "k_pid_yaw": [0.5, 1e-06, 0.1], "k_pid_hsp": [4.993478929815342, 0.983213452133288, 0.011385468054594172], "k_pid_vsp": [163.71253957448698, 289.7398588763029, 367.00505479989044]}, "datetime": {"datetime": "2025-08-20 17:00:22", "elapsed": 18476.919290542603, "delta": 26.13923406600952}, "costs": {"total_cost": 1681.7125327214517, "time_cost": 150, "final_distance_cost": 277.87788233693783, "oscillation_cost": 23.067203104737853, "completition_cost": 888.8888888888888, "overshoot_cost": 277.88213937366834, "power_cost": 37.637277441406255, "noise_cost": 26.359141575812284, "n_waypoints_completed": 1, "tot_waypoints": 9}}
{"target": -677.9256475039797, "params": {"k_pid_pos": [1.7920427026645533, 0.18784491523106672, 0.7605658959072418], "k_pid_alt": [0.5719806390307052, 0.989919289008274, 0.6743974594310236], "k_pid_att": [57.88227062702499, 4.030410615388808, 0.695909078953502], "k_pid_yaw": [0.5, 1e-06, 0.1], "k_pid_hsp": [8.410382478265879, 0.3316224475543036, 0.6801276497400307], "k_pid_vsp": [345.48669802618247, 120.49300239411008, 266.8094126918444]}, "datetime": {"datetime": "2025-08-20 17:00:48", "elapsed": 18502.616089105606, "delta": 25.69679856300354}, "costs": {"total_cost": 677.9256475039797, "time_cost": 150, "final_distance_cost": 41.26097564353528, "oscillation_cost": 266.68940631472816, "completition_cost": 111.11111111111116, "overshoot_cost": 69.45394017074406, "power_cost": 22.719497912597657, "noise_cost": 16.69071635126342, "n_waypoints_completed": 8, "tot_waypoints": 9}}
{"target": -423.1376004912604, "params": {"k_pid_pos": [1.2424102797606031, 0.465571612819462, 0.15817496818838095], "k_pid_alt": [1.993033729708211, 0.8838221556039054, 0.44470506653247377], "k_pid_att": [94.21422459493753, 3.3915585564162747, 0.2647753772254893], "k_pid_yaw": [0.5, 1e-06, 0.1], "k_pid_hsp": [5.185813919625026, 0.9841408585113182, 0.319476462748441], "k_pid_vsp": [396.89465328982305, 277.7494814151828, 146.89231227528458]}, "datetime": {"datetime": "2025-08-20 17:01:11", "elapsed": 18526.233777046204, "delta": 23.617687940597534}, "costs": {"total_cost": 423.1376004912604, "time_cost": 95.168, "final_distance_cost": 1.7086648254909937, "oscillation_cost": 233.7422640100003, "completition_cost": 0.0, "overshoot_cost": 56.13486163450994, "power_cost": 20.053748352050782, "noise_cost": 16.330061669208376, "n_waypoints_completed": 9, "tot_waypoints": 9}}
{"target": -917.3381881499351, "params": {"k_pid_pos": [0.9287427004613871, 0.633549773570318, 0.14628157028603295], "k_pid_alt": [0.22410858885266727, 0.6052789707764823, 0.17737080254581106], "k_pid_att": [77.93205211109814, 8.624587431253936, 0.7051451150645641], "k_pid_yaw": [0.5, 1e-06, 0.1], "k_pid_hsp": [4.131003754875759, 0.24390672190573626, 0.6642242693187759], "k_pid_vsp": [177.05301928006344, 190.78054403347025, 156.89191123631863]}, "datetime": {"datetime": "2025-08-20 17:01:39", "elapsed": 18554.369354963303, "delta": 28.135577917099}, "costs": {"total_cost": 917.3381881499351, "time_cost": 150, "final_distance_cost": 57.58814540754471, "oscillation_cost": 170.55417954553974, "completition_cost": 444.4444444444444, "overshoot_cost": 54.81100749895955, "power_cost": 22.155287280273438, "noise_cost": 17.78512397317338, "n_waypoints_completed": 5, "tot_waypoints": 9}}
{"target": -1397.390901064237, "params": {"k_pid_pos": [0.1746018039804753, 0.9895305953747358, 0.8802835594626055], "k_pid_alt": [1.1880343128537552, 0.9268730446477839, 0.7730534891804169], "k_pid_att": [45.673547591704676, 1.4093896812067546, 0.32041792971100724], "k_pid_yaw": [0.5, 1e-06, 0.1], "k_pid_hsp": [2.436388982604844, 0.5919311874608623, 0.007412249403628168], "k_pid_vsp": [73.3303642673409, 314.3476414521316, 245.68700496180017]}, "datetime": {"datetime": "2025-08-20 17:02:05", "elapsed": 18579.56040763855, "delta": 25.191052675247192}, "costs": {"total_cost": 1397.390901064237, "time_cost": 150, "final_distance_cost": 135.82348304457304, "oscillation_cost": 66.29388335047766, "completition_cost": 888.8888888888888, "overshoot_cost": 110.14046906631665, "power_cost": 17.738051184082032, "noise_cost": 28.506125529898867, "n_waypoints_completed": 1, "tot_waypoints": 9}}
