{"target": -709.2690859763519, "params": {"k_pid_pos": [0.9734260617486896, 0.3187779054292952, 0.10350952977499184], "k_pid_alt": [0.1536014203631515, 0.5418295488838205, 0.9559632700221011], "k_pid_att": [12.656149457417264, 3.0737155384879107, 0.9607442412650821], "k_pid_yaw": [0.5, 1e-06, 0.1], "k_pid_hsp": [7.198602864312538, 0.017258095570260035, 0.43809701133342105], "k_pid_vsp": [12.226377914070241, 228.60534429943945, 37.14672143407632]}, "datetime": {"datetime": "2025-08-21 03:29:57", "elapsed": 56251.680450201035, "delta": 47.09653377532959}, "costs": {"total_cost": 709.2690859763519, "time_cost": 150, "final_distance_cost": 75.56155360796666, "oscillation_cost": 171.94637304175572, "completition_cost": 222.2222222222222, "overshoot_cost": 54.465077561348274, "power_cost": 20.228129040527346, "noise_cost": 14.845730502531678, "n_waypoints_completed": 7, "tot_waypoints": 9}}
{"target": -778.3759658150605, "params": {"k_pid_pos": [1.9977579020528342, 0.6159437168026252, 0.46825221422431285], "k_pid_alt": [1.0581729924410386, 0.7776015206160115, 0.60047507946292], "k_pid_att": [24.84406447048306, 3.5821451951233545, 0.06156484927147965], "k_pid_yaw": [0.5, 1e-06, 0.1], "k_pid_hsp": [8.82274863862313, 0.1145434569474355, 0.9521450791256799], "k_pid_vsp": [328.35277281403415, 201.12448465975953, 29.932943164523987]}, "datetime": {"datetime": "2025-08-21 03:30:42", "elapsed": 56297.0783302784, "delta": 45.39788007736206}, "costs": {"total_cost": 778.3759658150605, "time_cost": 150, "final_distance_cost": 71.72077683760385, "oscillation_cost": 239.59989455203205, "completition_cost": 222.2222222222222, "overshoot_cost": 52.484288466273654, "power_cost": 24.034211755371096, "noise_cost": 18.314571981557613, "n_waypoints_completed": 7, "tot_waypoints": 9}}
{"target": -474.86786728953035, "params": {"k_pid_pos": [1.677681923694967, 0.2895403845587538, 0.6702764446681045], "k_pid_alt": [1.6219167229546572, 0.43565131373006, 0.317056817446042], "k_pid_att": [80.49433641258571, 2.548357127150166, 0.8101545143467408], "k_pid_yaw": [0.5, 1e-06, 0.1], "k_pid_hsp": [7.214172354704413, 0.14557075948485568, 0.9234946645518873], "k_pid_vsp": [364.68313134386136, 374.0624356958467, 218.01980683516877]}, "datetime": {"datetime": "2025-08-21 03:31:36", "elapsed": 56350.83774018288, "delta": 53.75940990447998}, "costs": {"total_cost": 474.86786728953035, "time_cost": 98.608, "final_distance_cost": 1.7704239061550404, "oscillation_cost": 275.7821837036645, "completition_cost": 0.0, "overshoot_cost": 55.98622525005115, "power_cost": 24.865223986816407, "noise_cost": 17.855810442843282, "n_waypoints_completed": 9, "tot_waypoints": 9}}
{"target": -571.2827652336222, "params": {"k_pid_pos": [0.9321212542903555, 0.8605657692397016, 0.5506384976965093], "k_pid_alt": [1.6093824223607762, 0.583191658398226, 0.04217316575237795], "k_pid_att": [64.91237369298179, 5.689528516687107, 0.10491354467301695], "k_pid_yaw": [0.5, 1e-06, 0.1], "k_pid_hsp": [6.925845210125489, 0.19963355141298367, 0.011465176759261175], "k_pid_vsp": [328.2996847835925, 399.7457668894771, 310.1064729303677]}, "datetime": {"datetime": "2025-08-21 03:32:15", "elapsed": 56390.08173799515, "delta": 39.24399781227112}, "costs": {"total_cost": 571.2827652336222, "time_cost": 150, "final_distance_cost": 20.286812128121284, "oscillation_cost": 193.8852291724009, "completition_cost": 111.11111111111116, "overshoot_cost": 60.72897037792833, "power_cost": 20.02434580078125, "noise_cost": 15.24629664327923, "n_waypoints_completed": 8, "tot_waypoints": 9}}
{"target": -456.0641381600438, "params": {"k_pid_pos": [2.0, 0.0, 0.0], "k_pid_alt": [0.8236691272768999, 0.3283877698435642, 0.8055264550178719], "k_pid_att": [55.989159961447534, 9.760663087003856, 0.9504287792897378], "k_pid_yaw": [0.5, 1e-06, 0.1], "k_pid_hsp": [9.213395698145446, 0.0444246407356393, 0.0], "k_pid_vsp": [64.09291750076129, 186.13105932486977, 92.36924766209783]}, "datetime": {"datetime": "2025-08-21 03:32:57", "elapsed": 56431.76490330696, "delta": 41.683165311813354}, "costs": {"total_cost": 456.0641381600438, "time_cost": 150, "final_distance_cost": 14.680505023487608, "oscillation_cost": 81.41878727685263, "completition_cost": 111.11111111111116, "overshoot_cost": 56.67691344390132, "power_cost": 24.56872712402344, "noise_cost": 17.608094180667695, "n_waypoints_completed": 8, "tot_waypoints": 9}}
{"target": -239.9364780676681, "params": {"k_pid_pos": [1.5874037286465925, 0.0, 0.06465857657579654], "k_pid_alt": [2.0, 0.28731981065598916, 0.0], "k_pid_att": [50.60888614357593, 0.617653423746623, 0.4956784762431276], "k_pid_yaw": [0.5, 1e-06, 0.1], "k_pid_hsp": [6.361134871885269, 0.1446505342222318, 0.03715740907429796], "k_pid_vsp": [359.5392798753215, 215.605685621186, 29.732780576480003]}, "datetime": {"datetime": "2025-08-21 03:33:48", "elapsed": 56483.011810302734, "delta": 51.246906995773315}, "costs": {"total_cost": 239.9364780676681, "time_cost": 80.272, "final_distance_cost": 1.7663320052798004, "oscillation_cost": 77.16948908643845, "completition_cost": 0.0, "overshoot_cost": 51.39715059379023, "power_cost": 16.440454711914064, "noise_cost": 12.891051670245558, "n_waypoints_completed": 9, "tot_waypoints": 9}}
{"target": -928.877335956999, "params": {"k_pid_pos": [1.3241399558762261, 0.8610669892286236, 0.9722822765138892], "k_pid_alt": [0.0068331946810697985, 0.6531854812983983, 0.3254117978656452], "k_pid_att": [10.111263148828431, 0.3463799876826412, 0.5614201996568144], "k_pid_yaw": [0.5, 1e-06, 0.1], "k_pid_hsp": [8.779399493882242, 0.8634825267463266, 0.7044720122095527], "k_pid_vsp": [357.88833833371257, 53.9888503306349, 73.00003919555463]}, "datetime": {"datetime": "2025-08-21 03:34:47", "elapsed": 56542.445591926575, "delta": 59.43378162384033}, "costs": {"total_cost": 928.877335956999, "time_cost": 150, "final_distance_cost": 51.07812344699399, "oscillation_cost": 199.65217208453862, "completition_cost": 444.4444444444444, "overshoot_cost": 53.33406894657369, "power_cost": 16.704092517089844, "noise_cost": 13.664434517358464, "n_waypoints_completed": 5, "tot_waypoints": 9}}
{"target": -1855.1660662600675, "params": {"k_pid_pos": [0.5100406798678515, 0.5783065754487531, 0.5753143059062341], "k_pid_alt": [0.8050133008011857, 0.4984657269956968, 0.32916231942049623], "k_pid_att": [0.8661345696968636, 4.249047379509695, 0.48750569733353644], "k_pid_yaw": [0.5, 1e-06, 0.1], "k_pid_hsp": [0.33447232763514273, 0.47177048136189226, 0.8528494094988069], "k_pid_vsp": [117.91134149682523, 148.77788405682355, 39.10026164349834]}, "datetime": {"datetime": "2025-08-21 03:35:38", "elapsed": 56593.2710044384, "delta": 50.82541251182556}, "costs": {"total_cost": 1855.1660662600675, "time_cost": 150, "final_distance_cost": 8.614734343525852, "oscillation_cost": 461.19487392452123, "completition_cost": 1000.0, "overshoot_cost": 124.12464162940847, "power_cost": 33.68041246337891, "noise_cost": 77.5514038992331, "n_waypoints_completed": 0, "tot_waypoints": 9}}
{"target": -408.55367707731756, "params": {"k_pid_pos": [1.8593454830589606, 0.09829994914439473, 0.6395921866377774], "k_pid_alt": [0.9280755814820268, 0.4804089202510828, 0.24341850483611077], "k_pid_att": [6.780798862968995, 8.810982936985786, 0.3012986198361606], "k_pid_yaw": [0.5, 1e-06, 0.1], "k_pid_hsp": [7.586167166406188, 0.7738522748166615, 0.8193580535800995], "k_pid_vsp": [100.34069317217295, 287.94683169876936, 95.63952728689233]}, "datetime": {"datetime": "2025-08-21 03:36:24", "elapsed": 56638.58132195473, "delta": 45.310317516326904}, "costs": {"total_cost": 408.55367707731756, "time_cost": 90.112, "final_distance_cost": 1.7575108015317489, "oscillation_cost": 228.86105988059222, "completition_cost": 0.0, "overshoot_cost": 56.51816831780476, "power_cost": 17.774689526367187, "noise_cost": 13.53024855102165, "n_waypoints_completed": 9, "tot_waypoints": 9}}
{"target": -819.9435249478261, "params": {"k_pid_pos": [1.2953549469162011, 0.5776302386601951, 0.5433503238763058], "k_pid_alt": [0.621286094419194, 0.556548558751382, 0.7361517783797665], "k_pid_att": [59.92083986394443, 5.071813378580398, 0.0863044871333134], "k_pid_yaw": [0.5, 1e-06, 0.1], "k_pid_hsp": [9.637751932156648, 0.8927748022953663, 0.20409026854150336], "k_pid_vsp": [150.89259007054073, 4.593002273239184, 14.32451014781173]}, "datetime": {"datetime": "2025-08-21 03:37:03", "elapsed": 56677.86352968216, "delta": 39.28220772743225}, "costs": {"total_cost": 819.9435249478261, "time_cost": 150, "final_distance_cost": 72.00317790028323, "oscillation_cost": 290.07700469786585, "completition_cost": 222.2222222222222, "overshoot_cost": 47.52042385999821, "power_cost": 20.726951184082033, "noise_cost": 17.393745083374437, "n_waypoints_completed": 7, "tot_waypoints": 9}}
{"target": -390.6365916254732, "params": {"k_pid_pos": [1.6423421492907624, 0.5219359519392099, 0.24507157770647925], "k_pid_alt": [0.9245975502902983, 0.4248422168542426, 0.7121744020439501], "k_pid_att": [49.881624316320796, 5.7292072807184775, 0.9549339430158522], "k_pid_yaw": [0.5, 1e-06, 0.1], "k_pid_hsp": [4.781050103618836, 0.1961057910168731, 0.4111945080765863], "k_pid_vsp": [287.637649462905, 74.13685628743205, 50.66695222807779]}, "datetime": {"datetime": "2025-08-21 03:37:43", "elapsed": 56718.301250457764, "delta": 40.43772077560425}, "costs": {"total_cost": 390.6365916254732, "time_cost": 94.048, "final_distance_cost": 1.7502702806123356, "oscillation_cost": 205.1972262687116, "completition_cost": 0.0, "overshoot_cost": 54.33745643733661, "power_cost": 19.94778297119141, "noise_cost": 15.35585566762125, "n_waypoints_completed": 9, "tot_waypoints": 9}}
{"target": -863.6902202614184, "params": {"k_pid_pos": [0.5065666109199491, 0.5454478324676046, 0.7801771971029153], "k_pid_alt": [0.9059071085621136, 0.9436808530503498, 0.6630493101988367], "k_pid_att": [98.98577255203756, 8.915614811063183, 0.4548186989094906], "k_pid_yaw": [0.5, 1e-06, 0.1], "k_pid_hsp": [2.7800655875942564, 0.6314279309418347, 0.0549826711310328], "k_pid_vsp": [145.17409507782935, 234.3581269235107, 49.672345099377615]}, "datetime": {"datetime": "2025-08-21 03:38:37", "elapsed": 56771.66062092781, "delta": 53.359370470047}, "costs": {"total_cost": 863.6902202614184, "time_cost": 150, "final_distance_cost": 79.60208333303413, "oscillation_cost": 213.3370901882757, "completition_cost": 333.33333333333337, "overshoot_cost": 48.62328330953027, "power_cost": 21.12958367919922, "noise_cost": 17.66484641804572, "n_waypoints_completed": 6, "tot_waypoints": 9}}
{"target": -418.70353722297796, "params": {"k_pid_pos": [1.521624484700742, 0.4060488199637913, 0.5729980361108452], "k_pid_alt": [1.983093056914523, 0.9252851180888506, 0.39774166471317396], "k_pid_att": [36.00975031013752, 6.570481906180685, 0.0950022000803401], "k_pid_yaw": [0.5, 1e-06, 0.1], "k_pid_hsp": [7.355748744654563, 0.7526932665298495, 0.7024589319991845], "k_pid_vsp": [66.07520331898473, 342.5256077022777, 56.7759921614225]}, "datetime": {"datetime": "2025-08-21 03:39:18", "elapsed": 56813.2256526947, "delta": 41.56503176689148}, "costs": {"total_cost": 418.70353722297796, "time_cost": 89.368, "final_distance_cost": 1.7764700141968197, "oscillation_cost": 243.11125011439637, "completition_cost": 0.0, "overshoot_cost": 52.15275443167538, "power_cost": 18.40156462402344, "noise_cost": 13.893498038686003, "n_waypoints_completed": 9, "tot_waypoints": 9}}
{"target": -4679.405595763315, "params": {"k_pid_pos": [0.8211144445239701, 0.5859557207297453, 0.846350642672242], "k_pid_alt": [1.5837022082550403, 0.8299683943803062, 0.48939093963645375], "k_pid_att": [0.5734141791529201, 9.046713609142166, 0.424592421278148], "k_pid_yaw": [0.5, 1e-06, 0.1], "k_pid_hsp": [2.7039833821488917, 0.4557752770261042, 0.0318647953538701], "k_pid_vsp": [208.58712934960684, 229.1644995366732, 78.90789126640632]}, "datetime": {"datetime": "2025-08-21 03:40:18", "elapsed": 56872.788828372955, "delta": 59.563175678253174}, "costs": {"total_cost": 4679.405595763315, "time_cost": 150, "final_distance_cost": 422.6721816205592, "oscillation_cost": 1710.2019380627512, "completition_cost": 1000.0, "overshoot_cost": 1267.5516671262305, "power_cost": 32.79630438232422, "noise_cost": 96.18350457145094, "n_waypoints_completed": 0, "tot_waypoints": 9}}
{"target": -302.7580559303377, "params": {"k_pid_pos": [1.9726895445936008, 0.2552603176606655, 0.624278720886236], "k_pid_alt": [1.204860564592296, 0.4370170822362244, 0.03890877553170158], "k_pid_att": [15.576315609372715, 5.794830833366358, 0.930754210255803], "k_pid_yaw": [0.5, 1e-06, 0.1], "k_pid_hsp": [6.617192328359406, 0.8432213739104049, 0.5981539759169663], "k_pid_vsp": [205.1435081284398, 301.8476867393353, 69.88831326077384]}, "datetime": {"datetime": "2025-08-21 03:41:08", "elapsed": 56922.69669890404, "delta": 49.90787053108215}, "costs": {"total_cost": 302.7580559303377, "time_cost": 76.584, "final_distance_cost": 1.7295791417390243, "oscillation_cost": 144.77528356589704, "completition_cost": 0.0, "overshoot_cost": 52.21537413228331, "power_cost": 15.629157727050782, "noise_cost": 11.824661363367568, "n_waypoints_completed": 9, "tot_waypoints": 9}}
{"target": -1022.9592547941483, "params": {"k_pid_pos": [1.7928531470041464, 0.45709820624101855, 0.6213284527546461], "k_pid_alt": [0.6349011623967781, 1.0, 1.0], "k_pid_att": [87.51784943926079, 0.0882999702095717, 0.8161913955056356], "k_pid_yaw": [0.5, 1e-06, 0.1], "k_pid_hsp": [7.279321882035203, 0.0, 1.0], "k_pid_vsp": [116.25844932485452, 280.0505460886226, 96.24580301500382]}, "datetime": {"datetime": "2025-08-21 03:41:49", "elapsed": 56964.45364189148, "delta": 41.75694298744202}, "costs": {"total_cost": 1022.9592547941483, "time_cost": 150, "final_distance_cost": 45.5498848615729, "oscillation_cost": 292.4172057506857, "completition_cost": 444.4444444444444, "overshoot_cost": 48.968241904593114, "power_cost": 23.408712622070315, "noise_cost": 18.170765210781713, "n_waypoints_completed": 5, "tot_waypoints": 9}}
{"target": -388.45963225603174, "params": {"k_pid_pos": [1.305840013916288, 0.14061687409237977, 0.39208304417712003], "k_pid_alt": [0.5289918598899241, 0.6772706695599175, 0.24781550507598515], "k_pid_att": [15.979000547287935, 4.249039210689779, 0.08425055207082421], "k_pid_yaw": [0.5, 1e-06, 0.1], "k_pid_hsp": [5.872782342411971, 0.6694296023813743, 0.06851451142343223], "k_pid_vsp": [7.924553801065182, 220.32148281620692, 30.16025181597355]}, "datetime": {"datetime": "2025-08-21 03:42:34", "elapsed": 57008.768154621124, "delta": 44.314512729644775}, "costs": {"total_cost": 388.45963225603174, "time_cost": 86.048, "final_distance_cost": 1.779256827256175, "oscillation_cost": 214.3397890589863, "completition_cost": 0.0, "overshoot_cost": 56.677034592677735, "power_cost": 16.79214196777344, "noise_cost": 12.823409809338122, "n_waypoints_completed": 9, "tot_waypoints": 9}}
{"target": -617.2009819536136, "params": {"k_pid_pos": [1.8519337503985653, 0.4203178879520252, 0.6972120067284706], "k_pid_alt": [0.851438083232807, 0.9099922106690134, 0.6635936657041579], "k_pid_att": [43.40528079052153, 7.267719871341089, 0.8911713161945793], "k_pid_yaw": [0.5, 1e-06, 0.1], "k_pid_hsp": [8.744382972186756, 0.40168942575922595, 0.43550151018727423], "k_pid_vsp": [285.4547544530624, 77.77145358031794, 45.3791913843331]}, "datetime": {"datetime": "2025-08-21 03:43:21", "elapsed": 57055.950014829636, "delta": 47.18186020851135}, "costs": {"total_cost": 617.2009819536136, "time_cost": 150, "final_distance_cost": 14.950101101647773, "oscillation_cost": 246.36857435334713, "completition_cost": 111.11111111111116, "overshoot_cost": 57.590015470373956, "power_cost": 21.590729992675783, "noise_cost": 15.590449924457907, "n_waypoints_completed": 8, "tot_waypoints": 9}}
{"target": -374.3895573928767, "params": {"k_pid_pos": [1.5127371963671397, 0.3968964733893166, 0.10911396217215678], "k_pid_alt": [1.6772973214286795, 0.5991230443919964, 0.8432702343676539], "k_pid_att": [73.58659444146393, 0.7765673936414079, 1.0], "k_pid_yaw": [0.5, 1e-06, 0.1], "k_pid_hsp": [9.706076221716108, 0.9484409177958985, 0.21207313640013367], "k_pid_vsp": [176.30730285358766, 147.6258434116555, 64.95722234698196]}, "datetime": {"datetime": "2025-08-21 03:44:12", "elapsed": 57106.96780347824, "delta": 51.01778864860535}, "costs": {"total_cost": 374.3895573928767, "time_cost": 89.936, "final_distance_cost": 1.7534226974666882, "oscillation_cost": 192.57788304539, "completition_cost": 0.0, "overshoot_cost": 54.683217548176266, "power_cost": 20.036199426269533, "noise_cost": 15.402834675574178, "n_waypoints_completed": 9, "tot_waypoints": 9}}
{"target": -938.9169220227685, "params": {"k_pid_pos": [0.8961766397794098, 0.9087374842560694, 0.20658543406698338], "k_pid_alt": [0.29933470237539805, 0.38746365808047756, 0.591681827616907], "k_pid_att": [12.43474428654794, 6.050705628050523, 0.1716989073103593], "k_pid_yaw": [0.5, 1e-06, 0.1], "k_pid_hsp": [8.907635885775903, 0.31573362170594066, 0.6252453919241601], "k_pid_vsp": [178.58186457485527, 346.77110935945564, 111.45150741925463]}, "datetime": {"datetime": "2025-08-21 03:45:02", "elapsed": 57156.64880514145, "delta": 49.68100166320801}, "costs": {"total_cost": 938.9169220227685, "time_cost": 150, "final_distance_cost": 55.42787786947533, "oscillation_cost": 200.86038234780497, "completition_cost": 444.4444444444444, "overshoot_cost": 47.64879066366988, "power_cost": 22.632024145507813, "noise_cost": 17.903402551866186, "n_waypoints_completed": 5, "tot_waypoints": 9}}
{"target": -442.6761381126402, "params": {"k_pid_pos": [0.6851970602983863, 0.0, 0.9349429252009518], "k_pid_alt": [1.3610661950148484, 1.9442844577893083e-05, 0.03686494669022388], "k_pid_att": [13.182488765372486, 0.00021210749894320227, 0.6383485511203129], "k_pid_yaw": [0.5, 1e-06, 0.1], "k_pid_hsp": [10.0, 0.38825350697539684, 0.0], "k_pid_vsp": [376.5908456164102, 63.408060211329285, 142.50600522067603]}, "datetime": {"datetime": "2025-08-21 03:45:47", "elapsed": 57201.70613670349, "delta": 45.057331562042236}, "costs": {"total_cost": 442.6761381126402, "time_cost": 150, "final_distance_cost": 17.437206826790977, "oscillation_cost": 61.81843535402964, "completition_cost": 111.11111111111116, "overshoot_cost": 58.185752864918875, "power_cost": 26.141371032714844, "noise_cost": 17.982260923074726, "n_waypoints_completed": 8, "tot_waypoints": 9}}
{"target": -254.59542940845176, "params": {"k_pid_pos": [1.7857452104496014, 0.5142205813180007, 0.0], "k_pid_alt": [1.5742385253453568, 0.03591806045895745, 0.8147243670809502], "k_pid_att": [42.29691766334771, 10.0, 0.28876400887562087], "k_pid_yaw": [0.5, 1e-06, 0.1], "k_pid_hsp": [9.24162749956152, 0.742164768575339, 0.0], "k_pid_vsp": [116.38843094103301, 141.98576961022144, 23.720996724909863]}, "datetime": {"datetime": "2025-08-21 03:46:33", "elapsed": 57248.39152479172, "delta": 46.68538808822632}, "costs": {"total_cost": 254.59542940845176, "time_cost": 85.672, "final_distance_cost": 1.7316167310137849, "oscillation_cost": 75.3346660839408, "completition_cost": 0.0, "overshoot_cost": 55.24964503130394, "power_cost": 20.54071296386719, "noise_cost": 16.066788598326063, "n_waypoints_completed": 9, "tot_waypoints": 9}}
{"target": -378.39063115693745, "params": {"k_pid_pos": [1.9293002618309638, 0.390635988671624, 0.2992392552747291], "k_pid_alt": [1.4318175644484648, 0.6674844098045046, 0.6334248110294707], "k_pid_att": [32.32440203087284, 4.1547781594656525, 0.13724905891348066], "k_pid_yaw": [0.5, 1e-06, 0.1], "k_pid_hsp": [7.332416461582514, 0.1948385481034712, 0.9544528267835818], "k_pid_vsp": [332.6119942000636, 204.1928302882469, 28.935362669564356]}, "datetime": {"datetime": "2025-08-21 03:47:20", "elapsed": 57295.42238879204, "delta": 47.030864000320435}, "costs": {"total_cost": 378.39063115693745, "time_cost": 89.496, "final_distance_cost": 1.7711953380504126, "oscillation_cost": 199.4129139509906, "completition_cost": 0.0, "overshoot_cost": 56.66383340709132, "power_cost": 17.177204919433596, "noise_cost": 13.869483541371471, "n_waypoints_completed": 9, "tot_waypoints": 9}}
{"target": -362.3194564727154, "params": {"k_pid_pos": [1.9082152428071968, 0.7756138347523762, 0.6556510748400218], "k_pid_alt": [1.2971783047858558, 0.5973706503754522, 0.28792863222472437], "k_pid_att": [48.21449591381969, 2.5396005057366016, 0.13212152917040187], "k_pid_yaw": [0.5, 1e-06, 0.1], "k_pid_hsp": [8.69064016534637, 0.7744986333503024, 0.18265778067351193], "k_pid_vsp": [147.40422237120376, 48.22476967822704, 37.56823355541243]}, "datetime": {"datetime": "2025-08-21 03:47:54", "elapsed": 57329.32563829422, "delta": 33.90324950218201}, "costs": {"total_cost": 362.3194564727154, "time_cost": 88.84, "final_distance_cost": 1.6720361330579054, "oscillation_cost": 187.26729994166254, "completition_cost": 0.0, "overshoot_cost": 53.8345761885484, "power_cost": 16.925141650390625, "noise_cost": 13.780402559055897, "n_waypoints_completed": 9, "tot_waypoints": 9}}
{"target": -339.67474662099653, "params": {"k_pid_pos": [2.0, 0.0, 0.45600156848887174], "k_pid_alt": [2.0, 0.3539309554358445, 0.28300488924155154], "k_pid_att": [38.156922084362755, 4.503918184217855, 1.0], "k_pid_yaw": [0.5, 1e-06, 0.1], "k_pid_hsp": [10.0, 0.1345924046095922, 0.3242501926268627], "k_pid_vsp": [287.16624532126366, 70.80421588795133, 44.233940800956454]}, "datetime": {"datetime": "2025-08-21 03:48:32", "elapsed": 57367.300698041916, "delta": 37.97505974769592}, "costs": {"total_cost": 339.67474662099653, "time_cost": 82.024, "final_distance_cost": 1.7244181210346914, "oscillation_cost": 173.34680663468558, "completition_cost": 0.0, "overshoot_cost": 51.37959343429253, "power_cost": 17.876913146972658, "noise_cost": 13.323015284011083, "n_waypoints_completed": 9, "tot_waypoints": 9}}
