{"target": -1492.3357414391098, "params": {"k_pid_pos": [0.18974995248355658, 0.7989874839949576, 0.33982075276924584], "k_pid_alt": [0.27346640559355784, 0.03591491879599329, 0.8511401592666509], "k_pid_att": [32.74516666838655, 9.612522111335165, 0.7169332386537477], "k_pid_yaw": [0.5, 1e-06, 0.1], "k_pid_hsp": [1.6872256734014246, 0.8265811606730549, 0.7831224226023775], "k_pid_vsp": [87.377594478086, 10.388080586828796, 389.43465307406547]}, "datetime": {"datetime": "2025-08-20 18:15:04", "elapsed": 22959.361642599106, "delta": 29.21612572669983}, "costs": {"total_cost": 1492.3357414391098, "time_cost": 150, "final_distance_cost": 3.221538674575788, "oscillation_cost": 120.29407451295835, "completition_cost": 1000.0, "overshoot_cost": 138.4518120414577, "power_cost": 21.409205322265628, "noise_cost": 58.95911088785211, "n_waypoints_completed": 0, "tot_waypoints": 9}}
{"target": -1452.0228278939287, "params": {"k_pid_pos": [1.9939859870966454, 0.7824436194996639, 0.2525641795119232], "k_pid_alt": [1.207951458064307, 0.16036432726924, 0.9320792358757636], "k_pid_att": [7.534212794690354, 6.30757357580124, 0.8604527385222079], "k_pid_yaw": [0.5, 1e-06, 0.1], "k_pid_hsp": [5.637191305054929, 0.9484564535392831, 0.08225373537776293], "k_pid_vsp": [106.15791857093026, 181.2596811615957, 312.4495888373503]}, "datetime": {"datetime": "2025-08-20 18:15:30", "elapsed": 22984.638845205307, "delta": 25.277202606201172}, "costs": {"total_cost": 1452.0228278939287, "time_cost": 150, "final_distance_cost": 9.858538559017854, "oscillation_cost": 71.39784236572176, "completition_cost": 1000.0, "overshoot_cost": 136.96850241894285, "power_cost": 19.48770516357422, "noise_cost": 64.310239386672, "n_waypoints_completed": 0, "tot_waypoints": 9}}
{"target": -1533.2534261972803, "params": {"k_pid_pos": [0.5870959105523138, 0.6001726244817609, 0.6334968149427183], "k_pid_alt": [1.3601905650855104, 0.8590794670705513, 0.15143767067822123], "k_pid_att": [77.88418161349155, 1.3299290522719747, 0.03136985310730844], "k_pid_yaw": [0.5, 1e-06, 0.1], "k_pid_hsp": [4.7276178735157925, 0.1381682385724342, 0.3795011224115056], "k_pid_vsp": [45.17359666440947, 363.14294108987406, 372.3602319124953]}, "datetime": {"datetime": "2025-08-20 18:15:57", "elapsed": 23012.165636062622, "delta": 27.526790857315063}, "costs": {"total_cost": 1533.2534261972803, "time_cost": 150, "final_distance_cost": 71.58471232338947, "oscillation_cost": 343.5273224877944, "completition_cost": 888.8888888888888, "overshoot_cost": 39.0920972249441, "power_cost": 21.94525533447266, "noise_cost": 18.215149937790812, "n_waypoints_completed": 1, "tot_waypoints": 9}}
{"target": -701.2287467185416, "params": {"k_pid_pos": [1.7164083526833085, 0.5330325343539127, 0.37717610152058534], "k_pid_alt": [0.493055025897428, 0.056715653662265386, 0.3014866410454614], "k_pid_att": [89.8701569165842, 7.669448224918638, 0.21398029170913668], "k_pid_yaw": [0.5, 1e-06, 0.1], "k_pid_hsp": [2.3250462457227377, 0.9714978469734854, 0.6542529805730722], "k_pid_vsp": [328.6835385816075, 365.4471090316217, 21.396673586520468]}, "datetime": {"datetime": "2025-08-20 18:16:26", "elapsed": 23040.85453271866, "delta": 28.688896656036377}, "costs": {"total_cost": 701.2287467185416, "time_cost": 150, "final_distance_cost": 70.09262690207896, "oscillation_cost": 170.84691821094802, "completition_cost": 222.2222222222222, "overshoot_cost": 53.86174826961943, "power_cost": 19.21992106933594, "noise_cost": 14.985310044337261, "n_waypoints_completed": 7, "tot_waypoints": 9}}
{"target": -1722.1172195693075, "params": {"k_pid_pos": [1.7732988333794852, 0.43160820702482916, 0.07660209843973131], "k_pid_alt": [1.3947281925139985, 0.030244452766887142, 0.44175983911981687], "k_pid_att": [6.280459175310959, 9.840916851263561, 0.1184391009742437], "k_pid_yaw": [0.5, 1e-06, 0.1], "k_pid_hsp": [8.836839483223422, 0.2705423019639084, 0.0907555804000113], "k_pid_vsp": [11.171897871960956, 239.30690442320062, 201.5104750070141]}, "datetime": {"datetime": "2025-08-20 18:16:52", "elapsed": 23066.601027965546, "delta": 25.746495246887207}, "costs": {"total_cost": 1722.1172195693075, "time_cost": 150, "final_distance_cost": 0.9962607962424903, "oscillation_cost": 353.9949273917213, "completition_cost": 1000.0, "overshoot_cost": 135.81767847990656, "power_cost": 18.723453930664064, "noise_cost": 62.58489897077294, "n_waypoints_completed": 0, "tot_waypoints": 9}}
{"target": -1229.4204851978045, "params": {"k_pid_pos": [1.4245365915696055, 0.12428610991388311, 0.5601836991658109], "k_pid_alt": [0.38395232131837487, 0.7156624960657307, 0.9993452072523252], "k_pid_att": [41.44892170950325, 3.721297079860643, 0.8247907382479052], "k_pid_yaw": [0.5, 1e-06, 0.1], "k_pid_hsp": [0.34491145708747223, 0.9886331822244001, 0.8676730455264815], "k_pid_vsp": [384.5053998411422, 392.1057510744188, 56.62118309232964]}, "datetime": {"datetime": "2025-08-20 18:17:17", "elapsed": 23092.260188817978, "delta": 25.65916085243225}, "costs": {"total_cost": 1229.4204851978045, "time_cost": 150, "final_distance_cost": 53.4228994561817, "oscillation_cost": 249.94747725581297, "completition_cost": 666.6666666666667, "overshoot_cost": 66.8879852857277, "power_cost": 24.340060021972658, "noise_cost": 18.155396511442667, "n_waypoints_completed": 3, "tot_waypoints": 9}}
{"target": -1289.8470292827742, "params": {"k_pid_pos": [0.5639849352753018, 0.25110111509992206, 0.9177668438746435], "k_pid_alt": [1.6888781395680124, 0.5212058807537062, 0.5868352841032459], "k_pid_att": [45.0291743827347, 9.95672211310811, 0.7609656313273739], "k_pid_yaw": [0.5, 1e-06, 0.1], "k_pid_hsp": [5.782853598003104, 0.9330531076285343, 0.9867063409376335], "k_pid_vsp": [197.30393156759894, 316.5248650036329, 399.317018205256]}, "datetime": {"datetime": "2025-08-20 18:17:46", "elapsed": 23120.952547311783, "delta": 28.69235849380493}, "costs": {"total_cost": 1289.8470292827742, "time_cost": 150, "final_distance_cost": 54.61075445915569, "oscillation_cost": 329.8296288653219, "completition_cost": 666.6666666666667, "overshoot_cost": 45.770288809879055, "power_cost": 24.257589379882813, "noise_cost": 18.71210110186814, "n_waypoints_completed": 3, "tot_waypoints": 9}}
{"target": -1402.3524153020649, "params": {"k_pid_pos": [0.7509594623875745, 0.9416298280088381, 0.4972448062448952], "k_pid_alt": [0.23977003195044388, 0.6036934628153847, 0.20582348456686594], "k_pid_att": [97.16261869523038, 1.9337749843615777, 0.5849701650316961], "k_pid_yaw": [0.5, 1e-06, 0.1], "k_pid_hsp": [9.292814449941043, 0.422539464873378, 0.666517599688084], "k_pid_vsp": [300.91439805146166, 161.8735214045942, 395.37481256622345]}, "datetime": {"datetime": "2025-08-20 18:18:13", "elapsed": 23147.833866357803, "delta": 26.881319046020508}, "costs": {"total_cost": 1402.3524153020649, "time_cost": 150, "final_distance_cost": 89.20675658287465, "oscillation_cost": 291.05726301182483, "completition_cost": 777.7777777777778, "overshoot_cost": 53.8412968791917, "power_cost": 22.123154736328125, "noise_cost": 18.34616631406771, "n_waypoints_completed": 2, "tot_waypoints": 9}}
{"target": -1090.2014521293409, "params": {"k_pid_pos": [1.5949430660073634, 0.15001047167843873, 0.7006057598951656], "k_pid_alt": [0.7641162484457285, 0.19712498025923397, 0.2059802647270499], "k_pid_att": [50.71407987841703, 1.8732746456685443, 0.9138305553014601], "k_pid_yaw": [0.5, 1e-06, 0.1], "k_pid_hsp": [1.5292453156864327, 0.7660500088855904, 0.015228615858316807], "k_pid_vsp": [230.85514851160465, 70.99883872912955, 334.87714044777124]}, "datetime": {"datetime": "2025-08-20 18:18:39", "elapsed": 23173.607937335968, "delta": 25.774070978164673}, "costs": {"total_cost": 1090.2014521293409, "time_cost": 150, "final_distance_cost": 85.47331921973584, "oscillation_cost": 54.65940362229854, "completition_cost": 666.6666666666667, "overshoot_cost": 84.75568901520717, "power_cost": 27.335500439453128, "noise_cost": 21.310873165979324, "n_waypoints_completed": 3, "tot_waypoints": 9}}
{"target": -740.166422244064, "params": {"k_pid_pos": [0.8724857547729669, 0.4000042392486487, 0.10312466475566384], "k_pid_alt": [1.3330711016297947, 0.07698124021121888, 0.0004804903875810229], "k_pid_att": [36.00395265503893, 7.450629833160928, 0.7447989420046284], "k_pid_yaw": [0.5, 1e-06, 0.1], "k_pid_hsp": [3.6539598121135355, 0.029654426611964713, 0.6881785506371638], "k_pid_vsp": [353.19589258694305, 306.7081131936594, 1.054071889997764]}, "datetime": {"datetime": "2025-08-20 18:19:06", "elapsed": 23200.538156986237, "delta": 26.930219650268555}, "costs": {"total_cost": 740.166422244064, "time_cost": 150, "final_distance_cost": 72.72632146986696, "oscillation_cost": 215.72361115023386, "completition_cost": 222.2222222222222, "overshoot_cost": 43.68835938703563, "power_cost": 19.75560086669922, "noise_cost": 16.0503071480063, "n_waypoints_completed": 7, "tot_waypoints": 9}}
{"target": -2898.9887130563516, "params": {"k_pid_pos": [1.4547561262965614, 0.00682176927004341, 0.5858908707260683], "k_pid_alt": [0.04429044883866218, 0.24251262166494536, 0.0033158778747548467], "k_pid_att": [51.373350730608834, 8.968908573139748, 0.5713662102187935], "k_pid_yaw": [0.5, 1e-06, 0.1], "k_pid_hsp": [9.877569686681724, 0.40830313854295175, 0.009748512783633423], "k_pid_vsp": [71.42189512061412, 47.16621354252652, 341.69915533123776]}, "datetime": {"datetime": "2025-08-20 18:19:31", "elapsed": 23226.259553194046, "delta": 25.72139620780945}, "costs": {"total_cost": 2898.9887130563516, "time_cost": 150, "final_distance_cost": 699.7962954400571, "oscillation_cost": 70.86282574644909, "completition_cost": 888.8888888888888, "overshoot_cost": 1064.5166024232371, "power_cost": 12.999940185546876, "noise_cost": 11.924160372172336, "n_waypoints_completed": 1, "tot_waypoints": 9}}
{"target": -1277.6007176965109, "params": {"k_pid_pos": [0.4777546246614351, 0.8709694150155838, 0.7214029695186785], "k_pid_alt": [0.09535659531092922, 0.5124141985222567, 0.19459348554327782], "k_pid_att": [38.79185893414638, 1.2508875838000708, 0.7164548296934983], "k_pid_yaw": [0.5, 1e-06, 0.1], "k_pid_hsp": [5.444497844209489, 0.7353961891706716, 0.31701070780349405], "k_pid_vsp": [23.28403312364795, 186.4698292470913, 153.39372199981247]}, "datetime": {"datetime": "2025-08-20 18:20:00", "elapsed": 23254.923414707184, "delta": 28.663861513137817}, "costs": {"total_cost": 1277.6007176965109, "time_cost": 150, "final_distance_cost": 87.78243276211076, "oscillation_cost": 283.266713605218, "completition_cost": 666.6666666666667, "overshoot_cost": 49.73901507195097, "power_cost": 21.19346572265625, "noise_cost": 18.952423867907974, "n_waypoints_completed": 3, "tot_waypoints": 9}}
{"target": -659.7744876946072, "params": {"k_pid_pos": [1.516207647698073, 0.6967141901700125, 0.11708704054180519], "k_pid_alt": [0.6695483767709363, 0.5204554641233458, 0.642327837865123], "k_pid_att": [51.289077549152196, 0.4018475906646164, 0.8716132333080405], "k_pid_yaw": [0.5, 1e-06, 0.1], "k_pid_hsp": [0.7239960933962765, 0.08439108369256987, 0.17283496525034736], "k_pid_vsp": [74.404511905751, 341.12379958336476, 10.122323052978201]}, "datetime": {"datetime": "2025-08-20 18:20:26", "elapsed": 23281.053928613663, "delta": 26.130513906478882}, "costs": {"total_cost": 659.7744876946072, "time_cost": 150, "final_distance_cost": 74.59663434040019, "oscillation_cost": 122.22302022829068, "completition_cost": 222.2222222222222, "overshoot_cost": 52.92299257630994, "power_cost": 20.27187188720703, "noise_cost": 17.537746440177116, "n_waypoints_completed": 7, "tot_waypoints": 9}}
{"target": -488.86650786232394, "params": {"k_pid_pos": [1.6433450071143663, 0.0034816585651962217, 0.9692949885645641], "k_pid_alt": [1.6688055660599879, 0.6423683178591714, 0.8380070487638702], "k_pid_att": [29.89077546322495, 7.6649388762351, 0.4692267764423448], "k_pid_yaw": [0.5, 1e-06, 0.1], "k_pid_hsp": [6.292451725057836, 0.7172562028717779, 0.7270742291021194], "k_pid_vsp": [56.12520534467813, 288.7798235146706, 128.62216461126988]}, "datetime": {"datetime": "2025-08-20 18:20:51", "elapsed": 23305.888878583908, "delta": 24.83494997024536}, "costs": {"total_cost": 488.86650786232394, "time_cost": 97.608, "final_distance_cost": 1.8201825050240354, "oscillation_cost": 293.22748688079474, "completition_cost": 0.0, "overshoot_cost": 57.66242356450785, "power_cost": 22.492229846191407, "noise_cost": 16.056185065805924, "n_waypoints_completed": 9, "tot_waypoints": 9}}
{"target": -1292.1143804317458, "params": {"k_pid_pos": [0.07054594312034973, 0.7114168923064839, 0.9150548875166815], "k_pid_alt": [0.5593493381968382, 0.002291411633222884, 0.008336646743591691], "k_pid_att": [10.672966809897144, 0.17031235248561696, 0.6119379330977736], "k_pid_yaw": [0.5, 1e-06, 0.1], "k_pid_hsp": [6.46242357578413, 0.145975597728636, 0.062232835460618974], "k_pid_vsp": [328.3449172333247, 146.72675125572508, 257.32564596163246]}, "datetime": {"datetime": "2025-08-20 18:21:19", "elapsed": 23333.593508958817, "delta": 27.704630374908447}, "costs": {"total_cost": 1292.1143804317458, "time_cost": 150, "final_distance_cost": 47.75801164996383, "oscillation_cost": 48.13279799208001, "completition_cost": 1000.0, "overshoot_cost": 14.634384429057723, "power_cost": 17.27174822998047, "noise_cost": 14.317438130663795, "n_waypoints_completed": 0, "tot_waypoints": 9}}
{"target": -698.2007230345898, "params": {"k_pid_pos": [0.4699662927179703, 0.14297818804948903, 0.024229530231906993], "k_pid_alt": [1.7643168069014241, 0.23943137819346194, 0.908248776689962], "k_pid_att": [73.70019666570474, 4.8776187912049425, 0.8002678110390965], "k_pid_yaw": [0.5, 1e-06, 0.1], "k_pid_hsp": [5.8653239588543125, 0.6382653320217617, 0.2874254669259195], "k_pid_vsp": [213.25249503520763, 361.46614013980314, 290.08282270481504]}, "datetime": {"datetime": "2025-08-20 18:21:48", "elapsed": 23362.543744564056, "delta": 28.950235605239868}, "costs": {"total_cost": 698.2007230345898, "time_cost": 150, "final_distance_cost": 67.73446721962429, "oscillation_cost": 284.2155434368288, "completition_cost": 111.11111111111116, "overshoot_cost": 48.03947129339335, "power_cost": 20.852837426757812, "noise_cost": 16.24729254687442, "n_waypoints_completed": 8, "tot_waypoints": 9}}
{"target": -797.0030490795151, "params": {"k_pid_pos": [1.2418880742619078, 0.7054254086526692, 0.5825130336510898], "k_pid_alt": [1.5700908644301759, 0.9400518120450987, 0.5158625680603443], "k_pid_att": [90.55270100444463, 1.5699121300234766, 0.793762309437745], "k_pid_yaw": [0.5, 1e-06, 0.1], "k_pid_hsp": [4.652496563336162, 0.7607599270141445, 0.3547464648049625], "k_pid_vsp": [21.947864726216395, 90.11983331165847, 222.88414271263528]}, "datetime": {"datetime": "2025-08-20 18:22:13", "elapsed": 23388.30334496498, "delta": 25.759600400924683}, "costs": {"total_cost": 797.0030490795151, "time_cost": 150, "final_distance_cost": 86.84826738498664, "oscillation_cost": 234.28048341398522, "completition_cost": 222.2222222222222, "overshoot_cost": 62.11951295474267, "power_cost": 22.284304333496095, "noise_cost": 19.248258770082362, "n_waypoints_completed": 7, "tot_waypoints": 9}}
{"target": -793.2097189344402, "params": {"k_pid_pos": [0.7007884807914193, 0.3986939575089543, 0.2565863612238044], "k_pid_alt": [1.9132951060794858, 0.3658771987985513, 0.5768818505830751], "k_pid_att": [64.96851486518044, 1.246108316477065, 0.14562290185566618], "k_pid_yaw": [0.5, 1e-06, 0.1], "k_pid_hsp": [3.806985928615492, 0.30607217429410427, 0.27533343489567264], "k_pid_vsp": [194.5164507071036, 44.93652961128311, 43.574003895098144]}, "datetime": {"datetime": "2025-08-20 18:22:39", "elapsed": 23413.93526983261, "delta": 25.631924867630005}, "costs": {"total_cost": 793.2097189344402, "time_cost": 150, "final_distance_cost": 73.67378500767946, "oscillation_cost": 266.7913391198929, "completition_cost": 222.2222222222222, "overshoot_cost": 44.66821972382653, "power_cost": 20.242970361328126, "noise_cost": 15.611182499490974, "n_waypoints_completed": 7, "tot_waypoints": 9}}
{"target": -1103.5701470437994, "params": {"k_pid_pos": [0.5493303038412966, 0.6497784441061004, 0.5804411752139518], "k_pid_alt": [0.8796646771932111, 0.9475578763175782, 0.42447756343496246], "k_pid_att": [5.195884135187534, 2.638466044328668, 0.09245694581898056], "k_pid_yaw": [0.5, 1e-06, 0.1], "k_pid_hsp": [0.7701725416577725, 0.401045262775903, 0.2945151354946842], "k_pid_vsp": [386.5015591554886, 320.4958020867382, 116.27876828851959]}, "datetime": {"datetime": "2025-08-20 18:23:05", "elapsed": 23440.452945947647, "delta": 26.51767611503601}, "costs": {"total_cost": 1103.5701470437994, "time_cost": 150, "final_distance_cost": 54.34678491887565, "oscillation_cost": 152.51536225633913, "completition_cost": 666.6666666666667, "overshoot_cost": 48.42026836900675, "power_cost": 17.313829931640626, "noise_cost": 14.307234901270496, "n_waypoints_completed": 3, "tot_waypoints": 9}}
{"target": -1551.2349644226008, "params": {"k_pid_pos": [0.009565048125456601, 0.2157671426457446, 0.045052915607448396], "k_pid_alt": [1.7000354405719442, 0.2847379486920819, 0.4981258192853185], "k_pid_att": [90.01067356171313, 3.258171297124191, 0.4119309073949067], "k_pid_yaw": [0.5, 1e-06, 0.1], "k_pid_hsp": [9.237651781776963, 0.2500453478590856, 0.22593243440329525], "k_pid_vsp": [297.6082464306166, 396.45517217164274, 163.03806349341698]}, "datetime": {"datetime": "2025-08-20 18:23:31", "elapsed": 23466.310992479324, "delta": 25.858046531677246}, "costs": {"total_cost": 1551.2349644226008, "time_cost": 150, "final_distance_cost": 68.77543949292803, "oscillation_cost": 371.191991916905, "completition_cost": 888.8888888888888, "overshoot_cost": 35.09099352666921, "power_cost": 20.953048071289064, "noise_cost": 16.33460252592062, "n_waypoints_completed": 1, "tot_waypoints": 9}}
{"target": -672.7910723625489, "params": {"k_pid_pos": [0.8596381813222789, 0.2469889225152243, 0.19287342159928345], "k_pid_alt": [0.6667538747654773, 0.8698717064046884, 0.026666962707682096], "k_pid_att": [41.90124213586566, 1.6063224155990503, 0.6543033679211224], "k_pid_yaw": [0.5, 1e-06, 0.1], "k_pid_hsp": [9.057616035524898, 0.024354542338423824, 0.9251919486397454], "k_pid_vsp": [107.29850158990311, 267.2807193168986, 60.26736368193278]}, "datetime": {"datetime": "2025-08-20 18:23:57", "elapsed": 23492.497630119324, "delta": 26.18663763999939}, "costs": {"total_cost": 672.7910723625489, "time_cost": 150, "final_distance_cost": 46.53929263574342, "oscillation_cost": 267.52075734360477, "completition_cost": 111.11111111111116, "overshoot_cost": 57.34849244707999, "power_cost": 23.453530932617188, "noise_cost": 16.817887892392232, "n_waypoints_completed": 8, "tot_waypoints": 9}}
{"target": -1187.8770494284993, "params": {"k_pid_pos": [0.7901683260483147, 0.9310538134269212, 0.4786226087633515], "k_pid_alt": [1.4987661949384794, 0.11508274799519813, 0.6327915174382307], "k_pid_att": [1.445585487729839, 1.3083359575049296, 0.022086782309866604], "k_pid_yaw": [0.5, 1e-06, 0.1], "k_pid_hsp": [3.6022483969729304, 0.8101702803771637, 0.8833974774243942], "k_pid_vsp": [377.21517862468306, 92.90665457195396, 235.6280052394875]}, "datetime": {"datetime": "2025-08-20 18:24:24", "elapsed": 23518.864012241364, "delta": 26.366382122039795}, "costs": {"total_cost": 1187.8770494284993, "time_cost": 150, "final_distance_cost": 56.276758292260205, "oscillation_cost": 207.59053855114573, "completition_cost": 666.6666666666667, "overshoot_cost": 65.53452131150767, "power_cost": 24.686968664550783, "noise_cost": 17.12159594236813, "n_waypoints_completed": 3, "tot_waypoints": 9}}
{"target": -886.8170363663518, "params": {"k_pid_pos": [1.4588906682626468, 0.14335731922932526, 0.47185482040017435], "k_pid_alt": [0.00047634345240710196, 0.8334205981318566, 0.885723276694983], "k_pid_att": [1.7210596666295874, 0.8716756313677518, 0.35467275814124344], "k_pid_yaw": [0.5, 1e-06, 0.1], "k_pid_hsp": [2.789109756184921, 0.22795682570890163, 0.5511148875928444], "k_pid_vsp": [47.99708022407021, 386.8349517304803, 110.28723274924519]}, "datetime": {"datetime": "2025-08-20 18:24:51", "elapsed": 23545.520265817642, "delta": 26.656253576278687}, "costs": {"total_cost": 886.8170363663518, "time_cost": 150, "final_distance_cost": 45.637862086535044, "oscillation_cost": 147.9374557862859, "completition_cost": 444.4444444444444, "overshoot_cost": 63.38131191135318, "power_cost": 19.50482371826172, "noise_cost": 15.911138419471593, "n_waypoints_completed": 5, "tot_waypoints": 9}}
{"target": -706.4893410915481, "params": {"k_pid_pos": [1.6362842564702014, 0.19406950986390148, 0.20601137058799124], "k_pid_alt": [1.7033980833796636, 0.1611664626070204, 0.45677956550704424], "k_pid_att": [22.134981684715594, 7.65082482362176, 0.5584446478604698], "k_pid_yaw": [0.5, 1e-06, 0.1], "k_pid_hsp": [4.879711713947173, 0.5780503445628171, 0.3728791900485947], "k_pid_vsp": [381.7986675427738, 146.6184530300901, 261.3910482904577]}, "datetime": {"datetime": "2025-08-20 18:25:16", "elapsed": 23571.15778183937, "delta": 25.637516021728516}, "costs": {"total_cost": 706.4893410915481, "time_cost": 150, "final_distance_cost": 65.94861435616905, "oscillation_cost": 289.57081557643636, "completition_cost": 111.11111111111116, "overshoot_cost": 54.01380407252391, "power_cost": 20.908768103027345, "noise_cost": 14.936227872280236, "n_waypoints_completed": 8, "tot_waypoints": 9}}
