{"target": -494.7709196207561, "params": {"k_pid_pos": [0.8529503481962998, 0.8426395650024058, 0.49231023341236246], "k_pid_alt": [1.864551544548268, 0.7703391061421611, 0.0832978767999436], "k_pid_att": [7.686721569347366, 0.5389441324913276, 0.997361237568487], "k_pid_yaw": [0.5, 1e-06, 0.1], "k_pid_hsp": [4.2526601391165455, 0.3416315331628098, 0.13714298007460468], "k_pid_vsp": [105.63276137488869, 96.75165682814857, 27.060132180093543]}, "datetime": {"datetime": "2025-08-21 05:05:07", "elapsed": 61962.11018538475, "delta": 43.27294564247131}, "costs": {"total_cost": 494.7709196207561, "time_cost": 150, "final_distance_cost": 66.50955999323061, "oscillation_cost": 84.98718866839044, "completition_cost": 111.11111111111116, "overshoot_cost": 48.11229138462203, "power_cost": 19.03081474609375, "noise_cost": 15.019953717308093, "n_waypoints_completed": 8, "tot_waypoints": 9}}
{"target": -425.1583770797998, "params": {"k_pid_pos": [1.2957524248281622, 0.0, 0.058963596914904166], "k_pid_alt": [1.4826144125553027, 1.0, 1.0], "k_pid_att": [13.043201558514037, 4.374353130630141, 0.5456764721894388], "k_pid_yaw": [0.5, 1e-06, 0.1], "k_pid_hsp": [5.713696382898294, 0.7837992368649691, 0.0], "k_pid_vsp": [54.79137803380439, 224.82196688204576, 84.91867015891238]}, "datetime": {"datetime": "2025-08-21 05:05:55", "elapsed": 62009.67330145836, "delta": 47.5631160736084}, "costs": {"total_cost": 425.1583770797998, "time_cost": 150, "final_distance_cost": 14.49382055602987, "oscillation_cost": 55.459076365457925, "completition_cost": 111.11111111111116, "overshoot_cost": 59.33418467352924, "power_cost": 20.22201807861328, "noise_cost": 14.538166295058273, "n_waypoints_completed": 8, "tot_waypoints": 9}}
{"target": -400.9777999288593, "params": {"k_pid_pos": [2.0, 0.0, 1.0], "k_pid_alt": [1.3660414715509877, 0.0, 0.6787658344967058], "k_pid_att": [67.08926830422277, 3.6815840371550017, 0.8981640274220073], "k_pid_yaw": [0.5, 1e-06, 0.1], "k_pid_hsp": [7.488813210402805, 0.7760875182278456, 1.0], "k_pid_vsp": [251.88565721466082, 267.7398217023468, 268.58277559222137]}, "datetime": {"datetime": "2025-08-21 05:06:46", "elapsed": 62061.15027451515, "delta": 51.47697305679321}, "costs": {"total_cost": 400.9777999288593, "time_cost": 82.656, "final_distance_cost": 1.7681078317105534, "oscillation_cost": 226.26740757557008, "completition_cost": 0.0, "overshoot_cost": 58.32037355373138, "power_cost": 18.136926892089846, "noise_cost": 13.828984075757475, "n_waypoints_completed": 9, "tot_waypoints": 9}}
{"target": -627.1226428774279, "params": {"k_pid_pos": [1.2729183599441733, 0.6403306890524602, 0.8225600663930349], "k_pid_alt": [0.3590686040724369, 0.40172429433212586, 0.3530087713956921], "k_pid_att": [8.919419224033497, 2.7345883490594054, 0.28758074267827183], "k_pid_yaw": [0.5, 1e-06, 0.1], "k_pid_hsp": [4.681544810913394, 0.46888839143313144, 0.351880007613265], "k_pid_vsp": [54.06121410497917, 231.59704794871652, 88.30157629115287]}, "datetime": {"datetime": "2025-08-21 05:07:28", "elapsed": 62102.929242134094, "delta": 41.77896761894226}, "costs": {"total_cost": 627.1226428774279, "time_cost": 150, "final_distance_cost": 58.59222964088168, "oscillation_cost": 215.80824380539215, "completition_cost": 111.11111111111116, "overshoot_cost": 56.845871477240266, "power_cost": 20.07133210449219, "noise_cost": 14.69385473831035, "n_waypoints_completed": 8, "tot_waypoints": 9}}
{"target": -321.03751092248774, "params": {"k_pid_pos": [1.354769803204133, 0.040470116615747835, 0.49967481775065825], "k_pid_alt": [2.0, 1.0, 0.10288428039077414], "k_pid_att": [17.805401423938772, 0.0001, 1.0], "k_pid_yaw": [0.5, 1e-06, 0.1], "k_pid_hsp": [10.0, 0.0, 0.4192920090119053], "k_pid_vsp": [14.98758321960201, 221.55324843180867, 39.340391799714574]}, "datetime": {"datetime": "2025-08-21 05:08:13", "elapsed": 62148.38358640671, "delta": 45.454344272613525}, "costs": {"total_cost": 321.03751092248774, "time_cost": 85.88, "final_distance_cost": 1.7600891966375738, "oscillation_cost": 148.9347394791205, "completition_cost": 0.0, "overshoot_cost": 55.88524641326921, "power_cost": 16.110947326660156, "noise_cost": 12.466488506800296, "n_waypoints_completed": 9, "tot_waypoints": 9}}
{"target": -1387.8229583889204, "params": {"k_pid_pos": [0.0001, 0.0, 0.0], "k_pid_alt": [2.0, 0.0, 0.0], "k_pid_att": [12.028713678555675, 3.2543426797324106, 1.0], "k_pid_yaw": [0.5, 1e-06, 0.1], "k_pid_hsp": [6.037236001012731, 0.0, 1.0], "k_pid_vsp": [56.350634202980146, 229.49156038656284, 84.0754986171269]}, "datetime": {"datetime": "2025-08-21 05:08:52", "elapsed": 62187.046756505966, "delta": 38.66317009925842}, "costs": {"total_cost": 1387.8229583889204, "time_cost": 150, "final_distance_cost": 46.684250154152934, "oscillation_cost": 128.55159406466808, "completition_cost": 1000.0, "overshoot_cost": 31.294992289689926, "power_cost": 17.810442919921876, "noise_cost": 13.481678960487647, "n_waypoints_completed": 0, "tot_waypoints": 9}}
{"target": -628.1630003451126, "params": {"k_pid_pos": [1.3838082684011477, 0.3507713919665616, 0.7698729448594157], "k_pid_alt": [0.541287325110549, 0.34826799205228076, 0.16003979914165933], "k_pid_att": [76.88107177854467, 5.9934753658413555, 0.7122182599480387], "k_pid_yaw": [0.5, 1e-06, 0.1], "k_pid_hsp": [6.0293966037104845, 0.7224244361443287, 0.9746161401899861], "k_pid_vsp": [75.19158432179593, 358.3846036092745, 12.529479382598439]}, "datetime": {"datetime": "2025-08-21 05:09:49", "elapsed": 62243.587939977646, "delta": 56.54118347167969}, "costs": {"total_cost": 628.1630003451126, "time_cost": 150, "final_distance_cost": 21.113479832573464, "oscillation_cost": 253.3130739916169, "completition_cost": 111.11111111111116, "overshoot_cost": 54.80514584411412, "power_cost": 21.361056701660157, "noise_cost": 16.459132864036697, "n_waypoints_completed": 8, "tot_waypoints": 9}}
{"target": -388.36716803613785, "params": {"k_pid_pos": [1.2357917690185276, 0.5740587860603031, 0.7015787018016786], "k_pid_alt": [1.9248382904213626, 0.6569329728034274, 0.05855741833467123], "k_pid_att": [19.383258538767535, 7.898760918792734, 0.8005253573271219], "k_pid_yaw": [0.5, 1e-06, 0.1], "k_pid_hsp": [3.870827144050501, 0.06593370854471052, 0.48784385846503414], "k_pid_vsp": [362.1504346922465, 333.2856766796369, 35.512249935077165]}, "datetime": {"datetime": "2025-08-21 05:10:34", "elapsed": 62289.10419154167, "delta": 45.51625156402588}, "costs": {"total_cost": 388.36716803613785, "time_cost": 86.688, "final_distance_cost": 1.7458718654883796, "oscillation_cost": 215.71086291371694, "completition_cost": 0.0, "overshoot_cost": 53.75179068255579, "power_cost": 17.49635380859375, "noise_cost": 12.974288765782964, "n_waypoints_completed": 9, "tot_waypoints": 9}}
{"target": -1433.6881220743749, "params": {"k_pid_pos": [0.00016810433862357273, 0.000988091948043448, 0.1470172765641923], "k_pid_alt": [2.9995065038917536e-05, 2.0497089001050467e-05, 7.526415390772168e-05], "k_pid_att": [12.990221702361872, 0.00011652116217055627, 0.9999410839714817], "k_pid_yaw": [0.5, 1e-06, 0.1], "k_pid_hsp": [8.844141942145283, 3.587532155302217e-05, 8.14609423880824e-07], "k_pid_vsp": [381.24157073155965, 66.70881134718097, 143.35922671764317]}, "datetime": {"datetime": "2025-08-21 05:11:34", "elapsed": 62348.773423194885, "delta": 59.6692316532135}, "costs": {"total_cost": 1433.6881220743749, "time_cost": 150, "final_distance_cost": 127.4640536775546, "oscillation_cost": 24.38600900322478, "completition_cost": 1000.0, "overshoot_cost": 125.23854577240535, "power_cost": 2.0203402954101564, "noise_cost": 4.579173325780024, "n_waypoints_completed": 0, "tot_waypoints": 9}}
{"target": -296.3879319111964, "params": {"k_pid_pos": [2.0, 0.0, 0.4652663127922129], "k_pid_alt": [0.7241496161847109, 0.3615378899986084, 0.7640975698359448], "k_pid_att": [54.63073677291835, 10.0, 1.0], "k_pid_yaw": [0.5, 1e-06, 0.1], "k_pid_hsp": [10.0, 1.0, 0.0], "k_pid_vsp": [240.42675355011906, 76.93107818150386, 155.11901421926987]}, "datetime": {"datetime": "2025-08-21 05:12:14", "elapsed": 62388.60431265831, "delta": 39.83088946342468}, "costs": {"total_cost": 296.3879319111964, "time_cost": 91.352, "final_distance_cost": 1.727559146546721, "oscillation_cost": 112.98720186812086, "completition_cost": 0.0, "overshoot_cost": 58.92348837864763, "power_cost": 17.707972802734375, "noise_cost": 13.689709715146805, "n_waypoints_completed": 9, "tot_waypoints": 9}}
{"target": -764.2893695858212, "params": {"k_pid_pos": [0.7685737323199368, 0.9964895001035574, 0.8853837510096749], "k_pid_alt": [0.8549827351919912, 0.5362140633811572, 0.5746556014792552], "k_pid_att": [36.06484447407474, 3.056482964753097, 0.6705389755564501], "k_pid_yaw": [0.5, 1e-06, 0.1], "k_pid_hsp": [8.22670489399994, 0.41272666056026186, 0.5109727272634742], "k_pid_vsp": [334.77979970083845, 200.25205023589092, 37.998661846474164]}, "datetime": {"datetime": "2025-08-21 05:13:08", "elapsed": 62442.55546927452, "delta": 53.95115661621094}, "costs": {"total_cost": 764.2893695858212, "time_cost": 150, "final_distance_cost": 70.43615684360691, "oscillation_cost": 239.97642774458868, "completition_cost": 222.2222222222222, "overshoot_cost": 45.07983247784831, "power_cost": 20.45411999511719, "noise_cost": 16.120610302437925, "n_waypoints_completed": 7, "tot_waypoints": 9}}
{"target": -406.63423285624964, "params": {"k_pid_pos": [2.0, 0.0, 1.0], "k_pid_alt": [1.698662574317838, 0.0, 0.08177216606111833], "k_pid_att": [67.79065269405702, 0.01948441586563704, 0.9901007452822369], "k_pid_yaw": [0.5, 1e-06, 0.1], "k_pid_hsp": [5.141873578684378, 0.010900417234459524, 1.0], "k_pid_vsp": [250.97582108591365, 264.2233171734855, 268.1254537188923]}, "datetime": {"datetime": "2025-08-21 05:13:46", "elapsed": 62480.92562365532, "delta": 38.37015438079834}, "costs": {"total_cost": 406.63423285624964, "time_cost": 87.648, "final_distance_cost": 1.7544206852932607, "oscillation_cost": 223.68335162521043, "completition_cost": 0.0, "overshoot_cost": 59.79422453340504, "power_cost": 19.073821923828127, "noise_cost": 14.680414088512796, "n_waypoints_completed": 9, "tot_waypoints": 9}}
{"target": -307.4059293028596, "params": {"k_pid_pos": [1.706856120779977, 0.6044802074581341, 0.17601990701924697], "k_pid_alt": [1.2484915814247879, 0.5084706262671884, 0.07873586714598801], "k_pid_att": [11.033530963004413, 6.876108165134777, 0.3993731815738807], "k_pid_yaw": [0.5, 1e-06, 0.1], "k_pid_hsp": [8.896043508394005, 0.4737090992296782, 0.3308856206912726], "k_pid_vsp": [204.25805554782465, 223.16166424818948, 83.93012578047414]}, "datetime": {"datetime": "2025-08-21 05:14:21", "elapsed": 62516.412788152695, "delta": 35.48716449737549}, "costs": {"total_cost": 307.4059293028596, "time_cost": 80.408, "final_distance_cost": 1.7659602802740864, "oscillation_cost": 144.33371154899723, "completition_cost": 0.0, "overshoot_cost": 51.70473449797513, "power_cost": 16.72459645996094, "noise_cost": 12.468926515652162, "n_waypoints_completed": 9, "tot_waypoints": 9}}
{"target": -860.528579125329, "params": {"k_pid_pos": [1.9003332243370985, 0.21915024989282195, 0.04986738461358897], "k_pid_alt": [0.938516324104951, 0.6716116769431212, 0.6232683025210756], "k_pid_att": [45.59005538043828, 5.754107909529426, 0.8506192240870498], "k_pid_yaw": [0.5, 1e-06, 0.1], "k_pid_hsp": [0.9138077078971113, 0.18421605019870102, 0.7224189497015582], "k_pid_vsp": [288.5463385829659, 79.88340012783321, 52.45855777369005]}, "datetime": {"datetime": "2025-08-21 05:15:05", "elapsed": 62560.117215156555, "delta": 43.704427003860474}, "costs": {"total_cost": 860.528579125329, "time_cost": 150, "final_distance_cost": 58.180119753703806, "oscillation_cost": 223.56390408383444, "completition_cost": 333.33333333333337, "overshoot_cost": 58.97651467791712, "power_cost": 20.175614501953127, "noise_cost": 16.29909277458722, "n_waypoints_completed": 6, "tot_waypoints": 9}}
{"target": -793.0549615209394, "params": {"k_pid_pos": [0.667709067695434, 0.8090546146640643, 0.19571644396885746], "k_pid_alt": [0.27814093795379824, 0.37748947345061357, 0.700747554083617], "k_pid_att": [84.81054708597622, 3.7177839512546687, 0.25711789250894834], "k_pid_yaw": [0.5, 1e-06, 0.1], "k_pid_hsp": [7.718131358193909, 0.6373120159737059, 0.026287986673527275], "k_pid_vsp": [327.68820021932845, 383.7001485438893, 46.45755751630416]}, "datetime": {"datetime": "2025-08-21 05:15:59", "elapsed": 62614.02974700928, "delta": 53.91253185272217}, "costs": {"total_cost": 793.0549615209394, "time_cost": 150, "final_distance_cost": 68.04188239258839, "oscillation_cost": 154.50910631210743, "completition_cost": 333.33333333333337, "overshoot_cost": 49.02903565939985, "power_cost": 20.845158056640624, "noise_cost": 17.296445766869837, "n_waypoints_completed": 6, "tot_waypoints": 9}}
{"target": -1223.1788229952585, "params": {"k_pid_pos": [0.1573675109422434, 0.9089915136487646, 0.2522261144631395], "k_pid_alt": [0.35918180724435933, 0.5233286707303578, 0.1874625833128063], "k_pid_att": [15.91055286979951, 8.224236692657549, 0.4919475956693875], "k_pid_yaw": [0.5, 1e-06, 0.1], "k_pid_hsp": [4.275956958084208, 0.7727485488945597, 0.4658692670481509], "k_pid_vsp": [156.18843383471082, 8.586966959601657, 6.37090708618926]}, "datetime": {"datetime": "2025-08-21 05:16:39", "elapsed": 62653.81499361992, "delta": 39.78524661064148}, "costs": {"total_cost": 1223.1788229952585, "time_cost": 150, "final_distance_cost": 82.99958476157309, "oscillation_cost": 129.84412366267387, "completition_cost": 777.7777777777778, "overshoot_cost": 46.21945813596745, "power_cost": 20.047306750488282, "noise_cost": 16.29057190677796, "n_waypoints_completed": 2, "tot_waypoints": 9}}
{"target": -619.2806999081419, "params": {"k_pid_pos": [1.226787191004648, 0.1969666650372801, 0.5900901904251475], "k_pid_alt": [1.125931006059319, 0.08107922896293984, 0.42707621248039807], "k_pid_att": [12.701290533740517, 3.541308997526063, 0.31396254374655275], "k_pid_yaw": [0.5, 1e-06, 0.1], "k_pid_hsp": [2.8193441928811316, 0.045842114658920186, 0.28943072736670117], "k_pid_vsp": [214.33034933300337, 297.13653423388473, 69.27096472758684]}, "datetime": {"datetime": "2025-08-21 05:17:25", "elapsed": 62699.88510966301, "delta": 46.07011604309082}, "costs": {"total_cost": 619.2806999081419, "time_cost": 150, "final_distance_cost": 13.19182438820334, "oscillation_cost": 259.02011018570477, "completition_cost": 111.11111111111116, "overshoot_cost": 52.773638385227606, "power_cost": 18.827198181152344, "noise_cost": 14.356817656742574, "n_waypoints_completed": 8, "tot_waypoints": 9}}
{"target": -969.8666444241079, "params": {"k_pid_pos": [0.883890284480941, 0.5475260912100313, 0.9738595536110584], "k_pid_alt": [1.6938846060090633, 0.9623744772615066, 0.1498950166140388], "k_pid_att": [69.03570607419559, 6.205477618442311, 0.38548786824981884], "k_pid_yaw": [0.5, 1e-06, 0.1], "k_pid_hsp": [8.032564434674565, 0.9906345042331727, 0.20286121904278553], "k_pid_vsp": [252.4652100865784, 261.69721220922423, 274.3494776318006]}, "datetime": {"datetime": "2025-08-21 05:18:23", "elapsed": 62758.250452041626, "delta": 58.36534237861633}, "costs": {"total_cost": 969.8666444241079, "time_cost": 150, "final_distance_cost": 70.99606320291912, "oscillation_cost": 327.06751029848823, "completition_cost": 333.33333333333337, "overshoot_cost": 50.10475098524531, "power_cost": 21.203519580078126, "noise_cost": 17.16146702404376, "n_waypoints_completed": 6, "tot_waypoints": 9}}
{"target": -816.1036789913393, "params": {"k_pid_pos": [1.6584271190516988, 0.3288494628793497, 0.21395844454095825], "k_pid_alt": [0.37762547539923763, 0.165611018672579, 0.7713588938889204], "k_pid_att": [62.12547436097584, 6.547425385049344, 0.9309672697584377], "k_pid_yaw": [0.5, 1e-06, 0.1], "k_pid_hsp": [1.900623570654016, 0.49339305887218976, 0.9992532160434464], "k_pid_vsp": [336.79975949820886, 389.2218385639671, 310.9707090013039]}, "datetime": {"datetime": "2025-08-21 05:19:28", "elapsed": 62822.85589623451, "delta": 64.60544419288635}, "costs": {"total_cost": 816.1036789913393, "time_cost": 150, "final_distance_cost": 76.437952599796, "oscillation_cost": 160.39147488256484, "completition_cost": 333.33333333333337, "overshoot_cost": 55.06939410480046, "power_cost": 23.601209045410158, "noise_cost": 17.27031502543436, "n_waypoints_completed": 6, "tot_waypoints": 9}}
{"target": -627.7609818728037, "params": {"k_pid_pos": [1.7828232129127528, 0.9735151050321675, 0.6129856524749054], "k_pid_alt": [0.36835985953996664, 0.4663688194374941, 0.9902499785888305], "k_pid_att": [12.03006063155324, 9.565131969105927, 0.5762174034599572], "k_pid_yaw": [0.5, 1e-06, 0.1], "k_pid_hsp": [7.678594743056432, 0.13591957560553414, 0.272902643414616], "k_pid_vsp": [18.93846256857521, 306.78003248709246, 34.95380161957629]}, "datetime": {"datetime": "2025-08-21 05:20:26", "elapsed": 62880.658769369125, "delta": 57.80287313461304}, "costs": {"total_cost": 627.7609818728037, "time_cost": 150, "final_distance_cost": 65.8640651793754, "oscillation_cost": 210.1475527035759, "completition_cost": 111.11111111111116, "overshoot_cost": 53.76545500170897, "power_cost": 21.43065283203125, "noise_cost": 15.442145045000968, "n_waypoints_completed": 8, "tot_waypoints": 9}}
{"target": -246.86280345968925, "params": {"k_pid_pos": [0.6937297033188887, 0.6690522219642326, 0.0], "k_pid_alt": [2.0, 1.0, 0.3843923503602518], "k_pid_att": [6.522974334019479, 8.426630848221754, 1.0], "k_pid_yaw": [0.5, 1e-06, 0.1], "k_pid_hsp": [7.799223889293415, 0.9492173090318429, 0.0], "k_pid_vsp": [176.95508130339903, 21.646335680571347, 0.9705776941413438]}, "datetime": {"datetime": "2025-08-21 05:21:34", "elapsed": 62948.61520934105, "delta": 67.95643997192383}, "costs": {"total_cost": 246.86280345968925, "time_cost": 99.04, "final_distance_cost": 1.764856509117941, "oscillation_cost": 55.85359674652428, "completition_cost": 0.0, "overshoot_cost": 57.96702729750671, "power_cost": 16.837884985351565, "noise_cost": 15.399437921188731, "n_waypoints_completed": 9, "tot_waypoints": 9}}
{"target": -1315.4660865181825, "params": {"k_pid_pos": [0.16059732982249436, 0.40062561003249997, 0.9810396212143749], "k_pid_alt": [1.8587592731162472, 0.8897137360410613, 0.27631258833938344], "k_pid_att": [87.4218409323443, 4.1226449456189265, 0.7145320317839192], "k_pid_yaw": [0.5, 1e-06, 0.1], "k_pid_hsp": [8.843829529587206, 0.46844986705756875, 0.1808525967217205], "k_pid_vsp": [322.5486676178083, 395.29940155486355, 50.730613240513044]}, "datetime": {"datetime": "2025-08-21 05:22:11", "elapsed": 62985.550122499466, "delta": 36.93491315841675}, "costs": {"total_cost": 1315.4660865181825, "time_cost": 150, "final_distance_cost": 54.4365541512825, "oscillation_cost": 356.7530746135502, "completition_cost": 666.6666666666667, "overshoot_cost": 49.28683455490519, "power_cost": 21.12125640869141, "noise_cost": 17.201700123086646, "n_waypoints_completed": 3, "tot_waypoints": 9}}
{"target": -209.19871144486538, "params": {"k_pid_pos": [1.6334596531316423, 0.20828078156985014, 0.6091194223733274], "k_pid_alt": [1.4753206739370897, 0.3501250003799125, 0.5144932746183457], "k_pid_att": [19.616130748526317, 2.2958266676672077, 0.6983937484713121], "k_pid_yaw": [0.5, 1e-06, 0.1], "k_pid_hsp": [6.103070479890483, 0.6322614871485088, 0.0], "k_pid_vsp": [140.56544915632463, 13.708227093114846, 14.18904610147172]}, "datetime": {"datetime": "2025-08-21 05:22:57", "elapsed": 63032.514977931976, "delta": 46.964855432510376}, "costs": {"total_cost": 209.19871144486538, "time_cost": 80.224, "final_distance_cost": 1.7172786957559314, "oscillation_cost": 54.80762265865708, "completition_cost": 0.0, "overshoot_cost": 51.29655415354199, "power_cost": 11.488275146484376, "noise_cost": 9.664980790425991, "n_waypoints_completed": 9, "tot_waypoints": 9}}
{"target": -383.09440311073683, "params": {"k_pid_pos": [1.9940976856403403, 0.7945106999243089, 0.809061633770389], "k_pid_alt": [1.4348936413904947, 0.6123221272471097, 0.13407632236987888], "k_pid_att": [46.88807079797277, 3.430333174555223, 0.06575737480081303], "k_pid_yaw": [0.5, 1e-06, 0.1], "k_pid_hsp": [9.41742922904195, 0.7233324085917257, 0.16498066109768908], "k_pid_vsp": [147.33678029230143, 46.357193447279016, 32.61710458934305]}, "datetime": {"datetime": "2025-08-21 05:23:45", "elapsed": 63079.73877596855, "delta": 47.22379803657532}, "costs": {"total_cost": 383.09440311073683, "time_cost": 90.06400000000001, "final_distance_cost": 1.7532369336687887, "oscillation_cost": 203.34012851755492, "completition_cost": 0.0, "overshoot_cost": 53.79672694240643, "power_cost": 18.97213494873047, "noise_cost": 15.168175768376235, "n_waypoints_completed": 9, "tot_waypoints": 9}}
{"target": -328.4003363124165, "params": {"k_pid_pos": [2.0, 0.0, 0.0], "k_pid_alt": [2.0, 0.0, 0.0], "k_pid_att": [52.62763860132755, 3.2067167553674305, 0.0], "k_pid_yaw": [0.5, 1e-06, 0.1], "k_pid_hsp": [3.241381415575482, 0.0, 1.0], "k_pid_vsp": [348.0168568648108, 213.15790290278983, 26.792311621001843]}, "datetime": {"datetime": "2025-08-21 05:24:24", "elapsed": 63119.49814081192, "delta": 39.75936484336853}, "costs": {"total_cost": 328.4003363124165, "time_cost": 74.83200000000001, "final_distance_cost": 1.766246266474192, "oscillation_cost": 162.03132903340435, "completition_cost": 0.0, "overshoot_cost": 58.60686082685148, "power_cost": 17.04553884277344, "noise_cost": 14.118361342913047, "n_waypoints_completed": 9, "tot_waypoints": 9}}
