{"target": -1445.37133906668, "params": {"k_pid_pos": [1.5649231462012256, 0.7400012281396725, 0.027238145809116765], "k_pid_alt": [0.0010937369139270015, 0.12307378077233877, 0.30582469593493355], "k_pid_att": [32.89803942799908, 5.480839060539592, 0.44172389612595186], "k_pid_yaw": [0.5, 1e-06, 0.1], "k_pid_hsp": [1.154828192034294, 0.7827225045895312, 0.10457763189692215], "k_pid_vsp": [100.76392184098925, 214.95788387795497, 222.30093767533296]}, "datetime": {"datetime": "2025-08-20 20:32:24", "elapsed": 31198.989853858948, "delta": 33.42061471939087}, "costs": {"total_cost": 1445.37133906668, "time_cost": 150, "final_distance_cost": 10.23976531284219, "oscillation_cost": 69.9690193687274, "completition_cost": 1000.0, "overshoot_cost": 136.23232652799686, "power_cost": 20.01426148681641, "noise_cost": 58.91596637029734, "n_waypoints_completed": 0, "tot_waypoints": 9}}
{"target": -1180.4358735963722, "params": {"k_pid_pos": [0.04563724655808634, 0.8441481618817536, 0.3122916349401912], "k_pid_alt": [1.7328477407793432, 0.3155819255695359, 0.14026569780248677], "k_pid_att": [67.70205371897137, 9.415512844751177, 0.17171398508453561], "k_pid_yaw": [0.5, 1e-06, 0.1], "k_pid_hsp": [2.258909325779515, 0.9713619064433907, 0.6140171540308522], "k_pid_vsp": [329.9699669310719, 90.62889378642174, 384.23690369888016]}, "datetime": {"datetime": "2025-08-20 20:32:52", "elapsed": 31226.820991754532, "delta": 27.831137895584106}, "costs": {"total_cost": 1180.4358735963722, "time_cost": 150, "final_distance_cost": 64.94723192833436, "oscillation_cost": 181.84901220500197, "completition_cost": 666.6666666666667, "overshoot_cost": 76.48440571156758, "power_cost": 23.272092883300783, "noise_cost": 17.216464201500706, "n_waypoints_completed": 3, "tot_waypoints": 9}}
{"target": -1011.5485742932453, "params": {"k_pid_pos": [0.866315066416385, 0.41303773174049874, 0.48776261400545595], "k_pid_alt": [0.3718628275886793, 0.0735569967302021, 0.6695506307911033], "k_pid_att": [22.937957558496702, 2.0757798705584585, 0.9926406846583956], "k_pid_yaw": [0.5, 1e-06, 0.1], "k_pid_hsp": [5.334794513157826, 0.7570638546530001, 0.6297259120463526], "k_pid_vsp": [315.72393368273504, 163.6367139849716, 206.7662244075902]}, "datetime": {"datetime": "2025-08-20 20:33:29", "elapsed": 31264.243139505386, "delta": 37.42214775085449}, "costs": {"total_cost": 1011.5485742932453, "time_cost": 150, "final_distance_cost": 49.547196997951744, "oscillation_cost": 287.311046973837, "completition_cost": 444.4444444444444, "overshoot_cost": 46.86455336199296, "power_cost": 19.38333878173828, "noise_cost": 13.997993733280838, "n_waypoints_completed": 5, "tot_waypoints": 9}}
{"target": -1176.985708540202, "params": {"k_pid_pos": [1.3699665978357125, 0.3559179919003007, 0.5678862051422159], "k_pid_alt": [0.9376593262144322, 0.26718934567572084, 0.8149744901877624], "k_pid_att": [47.83647028059246, 0.8247463055167344, 0.8912730491273234], "k_pid_yaw": [0.5, 1e-06, 0.1], "k_pid_hsp": [2.326768460066068, 0.5944500582698181, 0.8222667001935435], "k_pid_vsp": [178.06100597739947, 343.24056651260094, 392.15167977038305]}, "datetime": {"datetime": "2025-08-20 20:33:57", "elapsed": 31291.966953754425, "delta": 27.723814249038696}, "costs": {"total_cost": 1176.985708540202, "time_cost": 150, "final_distance_cost": 48.649908639469, "oscillation_cost": 210.7097077917305, "completition_cost": 666.6666666666667, "overshoot_cost": 62.29294958496103, "power_cost": 21.101579052734376, "noise_cost": 17.5648968046403, "n_waypoints_completed": 3, "tot_waypoints": 9}}
{"target": -927.6152426544683, "params": {"k_pid_pos": [0.8008981938689966, 0.36549480913384447, 0.8795123341831574], "k_pid_alt": [0.09165089794340697, 0.758835432164002, 0.45230871133290174], "k_pid_att": [6.788519456184927, 2.537800887908636, 0.8793554032643536], "k_pid_yaw": [0.5, 1e-06, 0.1], "k_pid_hsp": [9.867762227254977, 0.8214946371525581, 0.9191397496960114], "k_pid_vsp": [180.15947941703723, 284.146525277874, 266.63433756400286]}, "datetime": {"datetime": "2025-08-20 20:34:33", "elapsed": 31328.347758293152, "delta": 36.38080453872681}, "costs": {"total_cost": 927.6152426544683, "time_cost": 150, "final_distance_cost": 53.21859674265911, "oscillation_cost": 192.89391353590517, "completition_cost": 444.4444444444444, "overshoot_cost": 52.89544211398791, "power_cost": 19.06800498046875, "noise_cost": 15.094840837002913, "n_waypoints_completed": 5, "tot_waypoints": 9}}
{"target": -1348.5163724076956, "params": {"k_pid_pos": [0.28570894652405354, 0.08157476493290605, 0.8889364688363333], "k_pid_alt": [1.4228539595630436, 0.20499827461490006, 0.45229907343312215], "k_pid_att": [62.485675797650174, 4.146477489235958, 0.40508596402558805], "k_pid_yaw": [0.5, 1e-06, 0.1], "k_pid_hsp": [0.15606332461032507, 0.11848836899451465, 0.924912513296002], "k_pid_vsp": [1.444237285800698, 242.038008606288, 12.68306414793146]}, "datetime": {"datetime": "2025-08-20 20:35:06", "elapsed": 31361.068162441254, "delta": 32.72040414810181}, "costs": {"total_cost": 1348.5163724076956, "time_cost": 150, "final_distance_cost": 92.42798271651984, "oscillation_cost": 237.57915905154633, "completition_cost": 777.7777777777778, "overshoot_cost": 54.93989808695479, "power_cost": 21.132285327148438, "noise_cost": 14.659269447748471, "n_waypoints_completed": 2, "tot_waypoints": 9}}
{"target": -1100.4281077503854, "params": {"k_pid_pos": [0.7188545410803827, 0.534518624763301, 0.9267494099265556], "k_pid_alt": [1.7803197022736943, 0.8255728535978465, 0.24028627198531272], "k_pid_att": [62.72412359672488, 7.728485465983603, 0.8497818191839723], "k_pid_yaw": [0.5, 1e-06, 0.1], "k_pid_hsp": [0.06902774110947367, 0.864436548410597, 0.05555071167197134], "k_pid_vsp": [168.2385654703571, 251.8698639175984, 271.07015306394027]}, "datetime": {"datetime": "2025-08-20 20:35:37", "elapsed": 31392.13684487343, "delta": 31.068682432174683}, "costs": {"total_cost": 1100.4281077503854, "time_cost": 150, "final_distance_cost": 51.79132973319415, "oscillation_cost": 125.77158986398129, "completition_cost": 666.6666666666667, "overshoot_cost": 64.77232650313366, "power_cost": 22.771088977050784, "noise_cost": 18.655106006358707, "n_waypoints_completed": 3, "tot_waypoints": 9}}
{"target": -1196.5011304560867, "params": {"k_pid_pos": [1.8757397952117887, 0.32706610974907957, 0.2126155426206171], "k_pid_alt": [0.18376337659880027, 0.8644710947392965, 0.017557168919254074], "k_pid_att": [88.33240490105608, 5.335361262697902, 0.6139214792865769], "k_pid_yaw": [0.5, 1e-06, 0.1], "k_pid_hsp": [5.20375292060201, 0.15653848784836932, 0.9910974376391972], "k_pid_vsp": [367.33077102122917, 185.66616847278877, 162.87455141624037]}, "datetime": {"datetime": "2025-08-20 20:36:05", "elapsed": 31420.486253023148, "delta": 28.34940814971924}, "costs": {"total_cost": 1196.5011304560867, "time_cost": 150, "final_distance_cost": 53.249198145430185, "oscillation_cost": 226.101546919315, "completition_cost": 666.6666666666667, "overshoot_cost": 56.247865011820984, "power_cost": 25.213303161621095, "noise_cost": 19.022550551232786, "n_waypoints_completed": 3, "tot_waypoints": 9}}
{"target": -1672.1981479160318, "params": {"k_pid_pos": [0.8030068148620787, 0.3872396136916523, 0.3723751225723838], "k_pid_alt": [1.0400750355545252, 0.5411695677503828, 0.25194725197346146], "k_pid_att": [89.39327933968217, 9.289932875241158, 0.8401467545460195], "k_pid_yaw": [0.5, 1e-06, 0.1], "k_pid_hsp": [2.580462670577663, 0.7074633124436804, 0.5683239034417653], "k_pid_vsp": [38.23024035234832, 109.89924888881382, 398.2219604482296]}, "datetime": {"datetime": "2025-08-20 20:36:34", "elapsed": 31448.734426498413, "delta": 28.248173475265503}, "costs": {"total_cost": 1672.1981479160318, "time_cost": 150, "final_distance_cost": 165.8519597525691, "oscillation_cost": 274.4000567541262, "completition_cost": 888.8888888888888, "overshoot_cost": 151.65882354789713, "power_cost": 21.997290869140627, "noise_cost": 19.40112810340988, "n_waypoints_completed": 1, "tot_waypoints": 9}}
{"target": -1203.058267848282, "params": {"k_pid_pos": [0.08089136508796423, 0.6288753201501761, 0.3364417458819501], "k_pid_alt": [1.988285167931171, 0.1878304868278704, 0.7563651456009887], "k_pid_att": [56.34683653604241, 6.616865593172413, 0.07738116114843208], "k_pid_yaw": [0.5, 1e-06, 0.1], "k_pid_hsp": [0.04940695405197415, 0.7877482487652037, 0.26806507025001913], "k_pid_vsp": [247.31200666943178, 248.84117255526823, 82.7487563678123]}, "datetime": {"datetime": "2025-08-20 20:37:02", "elapsed": 31476.646749019623, "delta": 27.912322521209717}, "costs": {"total_cost": 1203.058267848282, "time_cost": 150, "final_distance_cost": 54.22422795114314, "oscillation_cost": 207.04761047925322, "completition_cost": 666.6666666666667, "overshoot_cost": 87.44218003184596, "power_cost": 21.72942247314453, "noise_cost": 15.948160246228339, "n_waypoints_completed": 3, "tot_waypoints": 9}}
{"target": -1367.1587508598875, "params": {"k_pid_pos": [0.2967145724083525, 0.8706642779558215, 0.08164944032683619], "k_pid_alt": [1.103372678307565, 0.6443612102857551, 0.040881683722201134], "k_pid_att": [55.4078286384568, 3.476740763619133, 0.9745141318767687], "k_pid_yaw": [0.5, 1e-06, 0.1], "k_pid_hsp": [2.816165168104048, 0.5669663332584958, 0.026635878644612476], "k_pid_vsp": [166.82320035245698, 174.95382102071483, 233.07823704699987]}, "datetime": {"datetime": "2025-08-20 20:37:30", "elapsed": 31505.069192409515, "delta": 28.422443389892578}, "costs": {"total_cost": 1367.1587508598875, "time_cost": 150, "final_distance_cost": 45.887198524724674, "oscillation_cost": 86.73966854896386, "completition_cost": 1000.0, "overshoot_cost": 44.08866558624335, "power_cost": 23.142109912109376, "noise_cost": 17.301108287846155, "n_waypoints_completed": 0, "tot_waypoints": 9}}
{"target": -1413.6627187220438, "params": {"k_pid_pos": [0.023521815795238214, 0.2991075984343389, 0.14403749555829248], "k_pid_alt": [1.5173868148539045, 0.10240349685790351, 0.8163744344229982], "k_pid_att": [64.01235835346652, 3.7680390115641758, 0.2639754819456872], "k_pid_yaw": [0.5, 1e-06, 0.1], "k_pid_hsp": [5.72811349445021, 0.6016145312058021, 0.3078976924113952], "k_pid_vsp": [288.3998650678375, 282.7594881149111, 73.60700917161802]}, "datetime": {"datetime": "2025-08-20 20:38:03", "elapsed": 31537.960154771805, "delta": 32.89096236228943}, "costs": {"total_cost": 1413.6627187220438, "time_cost": 150, "final_distance_cost": 79.76680536422481, "oscillation_cost": 333.20276381177837, "completition_cost": 777.7777777777778, "overshoot_cost": 37.442007422675594, "power_cost": 19.862840954589846, "noise_cost": 15.610523390997379, "n_waypoints_completed": 2, "tot_waypoints": 9}}
{"target": -624.611089238712, "params": {"k_pid_pos": [1.3950256874246176, 0.4407365301687489, 0.3515269212569816], "k_pid_alt": [0.3455660889347816, 0.32214016878218066, 0.8706898113556003], "k_pid_att": [47.742568729096604, 2.100839164342178, 0.9131030351116134], "k_pid_yaw": [0.5, 1e-06, 0.1], "k_pid_hsp": [7.508486392862364, 0.8396297420911065, 0.4496987147676804], "k_pid_vsp": [161.6489468739836, 137.4075330505289, 37.713972301971545]}, "datetime": {"datetime": "2025-08-20 20:38:33", "elapsed": 31568.187873601913, "delta": 30.227718830108643}, "costs": {"total_cost": 624.611089238712, "time_cost": 150, "final_distance_cost": 31.655427615410282, "oscillation_cost": 238.0955261706102, "completition_cost": 111.11111111111116, "overshoot_cost": 55.851379758097366, "power_cost": 20.83058104248047, "noise_cost": 17.067063541002565, "n_waypoints_completed": 8, "tot_waypoints": 9}}
{"target": -670.9555372810263, "params": {"k_pid_pos": [1.5999991037749255, 0.2121170426120309, 0.9519304389263054], "k_pid_alt": [0.5465204227271228, 0.7787378398115558, 0.48295580267097005], "k_pid_att": [1.877037926118763, 0.6189363608304432, 0.4695229867475532], "k_pid_yaw": [0.5, 1e-06, 0.1], "k_pid_hsp": [1.7222785868697794, 0.9689003966442924, 0.22986881610256915], "k_pid_vsp": [84.67673810024752, 366.34216971611727, 64.1691533913662]}, "datetime": {"datetime": "2025-08-20 20:39:01", "elapsed": 31596.1482629776, "delta": 27.960389375686646}, "costs": {"total_cost": 670.9555372810263, "time_cost": 150, "final_distance_cost": 71.0828753122926, "oscillation_cost": 121.90562423039984, "completition_cost": 222.2222222222222, "overshoot_cost": 60.093666623783065, "power_cost": 26.444130834960937, "noise_cost": 19.207018057367744, "n_waypoints_completed": 7, "tot_waypoints": 9}}
{"target": -1437.98999703839, "params": {"k_pid_pos": [0.6448877143552446, 0.8165680649456957, 0.4220248380303506], "k_pid_alt": [1.9906531785853998, 0.9547805581903347, 0.9812427131345075], "k_pid_att": [18.071489542960805, 4.215941311393595, 0.156926850692227], "k_pid_yaw": [0.5, 1e-06, 0.1], "k_pid_hsp": [5.4918862826736365, 0.06165663541564714, 0.852380398180762], "k_pid_vsp": [279.9474679048015, 59.68179882310556, 331.37178528639987]}, "datetime": {"datetime": "2025-08-20 20:39:29", "elapsed": 31624.318126916885, "delta": 28.16986393928528}, "costs": {"total_cost": 1437.98999703839, "time_cost": 150, "final_distance_cost": 73.86645144189357, "oscillation_cost": 212.37816668581416, "completition_cost": 888.8888888888888, "overshoot_cost": 73.38316246496055, "power_cost": 21.639194299316408, "noise_cost": 17.834133257516484, "n_waypoints_completed": 1, "tot_waypoints": 9}}
{"target": -992.664605945125, "params": {"k_pid_pos": [1.7882924914479572, 0.9416386918729625, 0.8700521305093714], "k_pid_alt": [1.9926797346640182, 0.9120047802167395, 0.8739507748030272], "k_pid_att": [41.82071610390861, 1.2592068548198205, 0.866995580759982], "k_pid_yaw": [0.5, 1e-06, 0.1], "k_pid_hsp": [6.61595473128802, 0.7082261232865908, 0.29589297766005507], "k_pid_vsp": [216.07856756640334, 109.3488864629022, 274.66475860561474]}, "datetime": {"datetime": "2025-08-20 20:39:58", "elapsed": 31652.554493904114, "delta": 28.236366987228394}, "costs": {"total_cost": 992.664605945125, "time_cost": 150, "final_distance_cost": 45.58548884673294, "oscillation_cost": 257.46719394193974, "completition_cost": 444.4444444444444, "overshoot_cost": 53.520549098702745, "power_cost": 22.95386501464844, "noise_cost": 18.693064598656843, "n_waypoints_completed": 5, "tot_waypoints": 9}}
{"target": -1235.059235517922, "params": {"k_pid_pos": [0.5125919170802054, 0.16546813831784535, 0.3982863539462419], "k_pid_alt": [1.0557890518813275, 0.7109522128440234, 0.5844403916503341], "k_pid_att": [82.09512625267955, 9.684774774231075, 0.3611119412378714], "k_pid_yaw": [0.5, 1e-06, 0.1], "k_pid_hsp": [9.641808957851675, 0.1448104942062447, 0.3187829060135515], "k_pid_vsp": [61.80370153536341, 296.70562227011044, 287.64726070291846]}, "datetime": {"datetime": "2025-08-20 20:40:27", "elapsed": 31681.88650536537, "delta": 29.332011461257935}, "costs": {"total_cost": 1235.059235517922, "time_cost": 150, "final_distance_cost": 56.30935176126562, "oscillation_cost": 377.6693404530402, "completition_cost": 555.5555555555555, "overshoot_cost": 56.966541564652225, "power_cost": 21.593233825683594, "noise_cost": 16.96521235772453, "n_waypoints_completed": 4, "tot_waypoints": 9}}
{"target": -1173.6841361475315, "params": {"k_pid_pos": [1.1615414966658115, 0.19001991608978408, 0.980631184833085], "k_pid_alt": [0.7694312999845139, 0.44196652321572394, 0.291672213204175], "k_pid_att": [65.90980869303594, 6.833353251860897, 0.21041528778077379], "k_pid_yaw": [0.5, 1e-06, 0.1], "k_pid_hsp": [1.4711868802742532, 0.49784879956154104, 0.8733686465639309], "k_pid_vsp": [274.8324014994266, 216.52484759930704, 0.5084460881766272]}, "datetime": {"datetime": "2025-08-20 20:40:58", "elapsed": 31712.630398273468, "delta": 30.743892908096313}, "costs": {"total_cost": 1173.6841361475315, "time_cost": 150, "final_distance_cost": 46.913976014631864, "oscillation_cost": 335.92122874888923, "completition_cost": 555.5555555555555, "overshoot_cost": 47.34799967571153, "power_cost": 20.64559979248047, "noise_cost": 17.299776360263067, "n_waypoints_completed": 4, "tot_waypoints": 9}}
{"target": -941.765371673542, "params": {"k_pid_pos": [1.0638863996939842, 0.38740595192766325, 0.93515536909414], "k_pid_alt": [1.7170067093993586, 0.3874759646495948, 0.7248002770822761], "k_pid_att": [98.63649677763937, 9.940937320461801, 0.5578354494898825], "k_pid_yaw": [0.5, 1e-06, 0.1], "k_pid_hsp": [1.7118476439780086, 0.0005990902499537487, 0.298304812410664], "k_pid_vsp": [250.56763793406859, 223.02154360153793, 38.02640179748993]}, "datetime": {"datetime": "2025-08-20 20:41:29", "elapsed": 31743.893149614334, "delta": 31.26275134086609}, "costs": {"total_cost": 941.765371673542, "time_cost": 150, "final_distance_cost": 73.6093741646042, "oscillation_cost": 305.52399255765164, "completition_cost": 333.33333333333337, "overshoot_cost": 42.15927538629682, "power_cost": 21.046860363769532, "noise_cost": 16.09253586788631, "n_waypoints_completed": 6, "tot_waypoints": 9}}
{"target": -1083.1455932580097, "params": {"k_pid_pos": [1.4546450281255312, 0.06616565224615589, 0.9134136049908311], "k_pid_alt": [1.5182716365174682, 0.5024131727188426, 0.9195036464891754], "k_pid_att": [67.01699292017175, 6.513033518161695, 0.9289040054905187], "k_pid_yaw": [0.5, 1e-06, 0.1], "k_pid_hsp": [2.7942496777912584, 0.4491262446492379, 0.590555977355322], "k_pid_vsp": [74.23332449250388, 300.9234819769734, 316.052348567428]}, "datetime": {"datetime": "2025-08-20 20:41:57", "elapsed": 31771.78031182289, "delta": 27.88716220855713}, "costs": {"total_cost": 1083.1455932580097, "time_cost": 150, "final_distance_cost": 57.19559305987454, "oscillation_cost": 313.1843887384237, "completition_cost": 444.4444444444444, "overshoot_cost": 76.97444909976794, "power_cost": 22.36551474609375, "noise_cost": 18.98120316940515, "n_waypoints_completed": 5, "tot_waypoints": 9}}
{"target": -1315.0743523799756, "params": {"k_pid_pos": [1.7910647407526112, 0.12693410986191522, 0.08217315776655565], "k_pid_alt": [1.5635524995923522, 0.46006455934264934, 0.3041985840211575], "k_pid_att": [46.552214905883794, 1.1544020696391772, 0.027101564751450424], "k_pid_yaw": [0.5, 1e-06, 0.1], "k_pid_hsp": [8.562318667466126, 0.6681484948097488, 0.1853800357760299], "k_pid_vsp": [11.4845640661283, 141.87209492035927, 380.7069519291993]}, "datetime": {"datetime": "2025-08-20 20:42:25", "elapsed": 31800.515156507492, "delta": 28.73484468460083}, "costs": {"total_cost": 1315.0743523799756, "time_cost": 150, "final_distance_cost": 56.7060229952504, "oscillation_cost": 287.8678742246256, "completition_cost": 666.6666666666667, "overshoot_cost": 98.20091433574562, "power_cost": 29.514485595703125, "noise_cost": 26.11838856198415, "n_waypoints_completed": 3, "tot_waypoints": 9}}
{"target": -881.1438510320826, "params": {"k_pid_pos": [0.21762219798689805, 0.8008512728292936, 0.9189857699100699], "k_pid_alt": [0.8499815739656382, 0.7011197707818564, 0.36904488170326044], "k_pid_att": [26.433433520159944, 1.3299380887518466, 0.7612144254938263], "k_pid_yaw": [0.5, 1e-06, 0.1], "k_pid_hsp": [3.2784600119837033, 0.16536181159046537, 0.020580861086707758], "k_pid_vsp": [351.4944472455463, 105.33602337152837, 107.78806637171773]}, "datetime": {"datetime": "2025-08-20 20:42:59", "elapsed": 31833.789755821228, "delta": 33.27459931373596}, "costs": {"total_cost": 881.1438510320826, "time_cost": 150, "final_distance_cost": 50.31578915295352, "oscillation_cost": 44.947500759237734, "completition_cost": 555.5555555555555, "overshoot_cost": 41.819722873488054, "power_cost": 22.03130770263672, "noise_cost": 16.473974988211044, "n_waypoints_completed": 4, "tot_waypoints": 9}}
{"target": -1157.7352003552699, "params": {"k_pid_pos": [0.9974599405639009, 0.7874032679747779, 0.47133112775784936], "k_pid_alt": [0.1803540168963571, 0.7971259544917749, 0.11939229705132681], "k_pid_att": [58.81407442517648, 5.466441828715259, 0.09808615656116126], "k_pid_yaw": [0.5, 1e-06, 0.1], "k_pid_hsp": [8.341262505670832, 0.41858118059444593, 0.45319466036020095], "k_pid_vsp": [130.41655035638712, 284.83611742205625, 383.8221829046096]}, "datetime": {"datetime": "2025-08-20 20:43:27", "elapsed": 31862.49067759514, "delta": 28.700921773910522}, "costs": {"total_cost": 1157.7352003552699, "time_cost": 150, "final_distance_cost": 49.444957349805314, "oscillation_cost": 302.23718621398194, "completition_cost": 555.5555555555555, "overshoot_cost": 58.78239938172568, "power_cost": 22.44651593017578, "noise_cost": 19.268585924025516, "n_waypoints_completed": 4, "tot_waypoints": 9}}
{"target": -1073.4791807837055, "params": {"k_pid_pos": [0.406232635235644, 0.9124149301663563, 0.729380251761664], "k_pid_alt": [0.1374501920016875, 0.447535888034144, 0.739932131890569], "k_pid_att": [1.0642390589916673, 0.8627822043504974, 0.47108372899687434], "k_pid_yaw": [0.5, 1e-06, 0.1], "k_pid_hsp": [3.4208161517287077, 0.5060414002649501, 0.5950297425960495], "k_pid_vsp": [78.4220958773333, 211.92162773617477, 136.59831821846578]}, "datetime": {"datetime": "2025-08-20 20:43:56", "elapsed": 31891.175870656967, "delta": 28.685193061828613}, "costs": {"total_cost": 1073.4791807837055, "time_cost": 150, "final_distance_cost": 61.913399730963, "oscillation_cost": 88.7774161356484, "completition_cost": 666.6666666666667, "overshoot_cost": 67.50507111933706, "power_cost": 22.290729516601562, "noise_cost": 16.32589761448891, "n_waypoints_completed": 3, "tot_waypoints": 9}}
