{"target": -1501.826906721987, "params": {"k_pid_pos": [1.8862276349826077, 0.35113683860951905, 0.963082312056834], "k_pid_alt": [1.818558162281295, 0.9755570026187302, 0.8991202637112897], "k_pid_att": [91.35413973726443, 0.8579756153271201, 0.6624784330491627], "k_pid_yaw": [0.5, 1e-06, 0.1], "k_pid_hsp": [0.7359651764271371, 0.21327292834359246, 0.7640256486543445], "k_pid_vsp": [379.56139836767983, 291.3618512656554, 383.82272959473454]}, "datetime": {"datetime": "2025-08-20 17:12:40", "elapsed": 19214.650780916214, "delta": 25.183517456054688}, "costs": {"total_cost": 1501.826906721987, "time_cost": 150, "final_distance_cost": 97.98949605377986, "oscillation_cost": 372.4756083039823, "completition_cost": 777.7777777777778, "overshoot_cost": 67.47846688681379, "power_cost": 20.217314196777345, "noise_cost": 15.888243502855886, "n_waypoints_completed": 2, "tot_waypoints": 9}}
{"target": -1075.8269397640477, "params": {"k_pid_pos": [1.563789186048955, 0.7899439663819539, 0.19203704765651808], "k_pid_alt": [1.2093003354429608, 0.9518156277326861, 0.8005992416842974], "k_pid_att": [19.20006521268156, 1.0912712479307811, 0.7475377636589273], "k_pid_yaw": [0.5, 1e-06, 0.1], "k_pid_hsp": [3.3312795984899153, 0.6292550103036271, 0.2743165975771249], "k_pid_vsp": [215.068830181711, 135.19122927969428, 237.20533654865113]}, "datetime": {"datetime": "2025-08-20 17:13:04", "elapsed": 19239.251665115356, "delta": 24.600884199142456}, "costs": {"total_cost": 1075.8269397640477, "time_cost": 150, "final_distance_cost": 49.06830277954067, "oscillation_cost": 98.97951947594647, "completition_cost": 666.6666666666667, "overshoot_cost": 68.36041275547676, "power_cost": 24.007612011718752, "noise_cost": 18.744426074698328, "n_waypoints_completed": 3, "tot_waypoints": 9}}
{"target": -618.2286874303828, "params": {"k_pid_pos": [0.6187321847528227, 0.4587735103091326, 0.33138183321225256], "k_pid_alt": [0.9412956706529276, 0.9292879025684022, 0.15404655974821269], "k_pid_att": [80.6480138442356, 6.064685770877265, 0.2482847337544617], "k_pid_yaw": [0.5, 1e-06, 0.1], "k_pid_hsp": [5.425396206701956, 0.23603253209687858, 0.06093699732429314], "k_pid_vsp": [232.83650316495016, 101.26770810167058, 16.11764070234115]}, "datetime": {"datetime": "2025-08-20 17:13:30", "elapsed": 19264.586277723312, "delta": 25.334612607955933}, "costs": {"total_cost": 618.2286874303828, "time_cost": 150, "final_distance_cost": 59.63635397741107, "oscillation_cost": 209.0993050958889, "completition_cost": 111.11111111111116, "overshoot_cost": 52.913619358095964, "power_cost": 19.10067469482422, "noise_cost": 16.367623193051433, "n_waypoints_completed": 8, "tot_waypoints": 9}}
{"target": -1347.9974922327344, "params": {"k_pid_pos": [0.08504877183407605, 0.16517123714119342, 0.7883398800391772], "k_pid_alt": [0.6712295682104477, 0.8910199611977971, 0.4022375953753693], "k_pid_att": [89.42838267739882, 3.8238850810184193, 0.8644581119006725], "k_pid_yaw": [0.5, 1e-06, 0.1], "k_pid_hsp": [5.928863676087769, 0.7017312216843201, 0.12195479625142158], "k_pid_vsp": [185.20798771056937, 261.4834241577601, 60.075147360868364]}, "datetime": {"datetime": "2025-08-20 17:13:56", "elapsed": 19290.97096180916, "delta": 26.384684085845947}, "costs": {"total_cost": 1347.9974922327344, "time_cost": 150, "final_distance_cost": 57.51385480913224, "oscillation_cost": 374.56778248754136, "completition_cost": 666.6666666666667, "overshoot_cost": 64.40069679195, "power_cost": 19.64790671386719, "noise_cost": 15.200584763577103, "n_waypoints_completed": 3, "tot_waypoints": 9}}
{"target": -881.0766051557458, "params": {"k_pid_pos": [1.4911935363580429, 0.9470862076250756, 0.11461483146948459], "k_pid_alt": [1.6195488320955018, 0.17329321804587972, 0.6535181190701749], "k_pid_att": [50.76017287561777, 2.0932876360798196, 0.36549537345913674], "k_pid_yaw": [0.5, 1e-06, 0.1], "k_pid_hsp": [2.258878928638453, 0.8291534638511143, 0.8261945710688327], "k_pid_vsp": [213.10041222603638, 118.09091381192601, 174.50248356524824]}, "datetime": {"datetime": "2025-08-20 17:14:27", "elapsed": 19321.885748147964, "delta": 30.914786338806152}, "costs": {"total_cost": 881.0766051557458, "time_cost": 150, "final_distance_cost": 55.28702128075905, "oscillation_cost": 130.3832620475709, "completition_cost": 444.4444444444444, "overshoot_cost": 62.17372078499498, "power_cost": 22.508749658203126, "noise_cost": 16.279406939773384, "n_waypoints_completed": 5, "tot_waypoints": 9}}
{"target": -1053.1759345160035, "params": {"k_pid_pos": [1.494999521106686, 0.9475868299606078, 0.42875849963788226], "k_pid_alt": [0.7475542767096803, 0.2531771168581881, 0.8273376763605936], "k_pid_att": [49.086850719578244, 6.513439822825614, 0.5956908908791196], "k_pid_yaw": [0.5, 1e-06, 0.1], "k_pid_hsp": [9.699727105939598, 0.02720152436838552, 0.4172523878282697], "k_pid_vsp": [353.169177526291, 44.92876557225649, 290.84655308574014]}, "datetime": {"datetime": "2025-08-20 17:14:54", "elapsed": 19349.057654619217, "delta": 27.17190647125244}, "costs": {"total_cost": 1053.1759345160035, "time_cost": 150, "final_distance_cost": 46.247820823224096, "oscillation_cost": 212.0775578673939, "completition_cost": 555.5555555555555, "overshoot_cost": 51.504682672744224, "power_cost": 21.40583132324219, "noise_cost": 16.384486273843443, "n_waypoints_completed": 4, "tot_waypoints": 9}}
{"target": -1020.3613707559018, "params": {"k_pid_pos": [0.5293491720179726, 0.23761938022627793, 0.9146498817908613], "k_pid_alt": [1.194268597948826, 0.5069725170573625, 0.1480555382917239], "k_pid_att": [48.97004050526381, 5.641345307387089, 0.8786978921533574], "k_pid_yaw": [0.5, 1e-06, 0.1], "k_pid_hsp": [1.436971271159931, 0.6303451955959406, 0.42180358356313785], "k_pid_vsp": [51.60010457136224, 358.591499857243, 65.96266762734552]}, "datetime": {"datetime": "2025-08-20 17:15:23", "elapsed": 19378.00158381462, "delta": 28.943929195404053}, "costs": {"total_cost": 1020.3613707559018, "time_cost": 150, "final_distance_cost": 51.11484989826389, "oscillation_cost": 296.2010799513839, "completition_cost": 444.4444444444444, "overshoot_cost": 41.99035058722256, "power_cost": 20.722226123046877, "noise_cost": 15.888419751540287, "n_waypoints_completed": 5, "tot_waypoints": 9}}
{"target": -2089.574509816969, "params": {"k_pid_pos": [1.8434919723458456, 0.8441235831903997, 0.5903481941207469], "k_pid_alt": [1.3768106246139897, 0.6850866570342568, 0.4958526059611984], "k_pid_att": [89.72907555528565, 5.224837086922435, 0.09488139526078399], "k_pid_yaw": [0.5, 1e-06, 0.1], "k_pid_hsp": [0.3691899378463518, 0.6849446684159769, 0.659682895774176], "k_pid_vsp": [61.03217796581295, 73.94089407800521, 331.37906597381044]}, "datetime": {"datetime": "2025-08-20 17:15:48", "elapsed": 19402.779121875763, "delta": 24.777538061141968}, "costs": {"total_cost": 2089.574509816969, "time_cost": 150, "final_distance_cost": 195.57875575220243, "oscillation_cost": 413.55396709815096, "completition_cost": 1000.0, "overshoot_cost": 290.6342823967988, "power_cost": 21.456624047851562, "noise_cost": 18.350880521965546, "n_waypoints_completed": 0, "tot_waypoints": 9}}
{"target": -1129.003604001013, "params": {"k_pid_pos": [1.5815304066642566, 0.8244833812056375, 0.244172736819393], "k_pid_alt": [0.27506069346703055, 0.3863601657406671, 0.7641505409228329], "k_pid_att": [95.42049218898872, 4.271338510144411, 0.6207552003215697], "k_pid_yaw": [0.5, 1e-06, 0.1], "k_pid_hsp": [9.03057067999028, 0.9144885393741305, 0.04936303509104911], "k_pid_vsp": [164.66627225617242, 208.130590582781, 256.39773714717245]}, "datetime": {"datetime": "2025-08-20 17:16:13", "elapsed": 19428.27398085594, "delta": 25.494858980178833}, "costs": {"total_cost": 1129.003604001013, "time_cost": 150, "final_distance_cost": 55.21376233058342, "oscillation_cost": 154.2246054342885, "completition_cost": 666.6666666666667, "overshoot_cost": 64.87454392067522, "power_cost": 21.48871599121094, "noise_cost": 16.535309657588268, "n_waypoints_completed": 3, "tot_waypoints": 9}}
{"target": -1317.2053478723417, "params": {"k_pid_pos": [1.0092332717229606, 0.25322721536742465, 0.23964303001745912], "k_pid_alt": [0.7590481928498933, 0.7946507108791926, 0.8941134695768547], "k_pid_att": [54.57714958282415, 7.566980972523024, 0.5480328990140662], "k_pid_yaw": [0.5, 1e-06, 0.1], "k_pid_hsp": [1.0752669287841492, 0.28896449086125675, 0.5115358476533397], "k_pid_vsp": [81.75564259512278, 151.77197176940876, 222.2364715014042]}, "datetime": {"datetime": "2025-08-20 17:16:39", "elapsed": 19453.565037965775, "delta": 25.291057109832764}, "costs": {"total_cost": 1317.2053478723417, "time_cost": 150, "final_distance_cost": 90.35882313537073, "oscillation_cost": 201.02410517513073, "completition_cost": 777.7777777777778, "overshoot_cost": 58.37743190259467, "power_cost": 22.62042155761719, "noise_cost": 17.046788323850507, "n_waypoints_completed": 2, "tot_waypoints": 9}}
{"target": -850.1587862917082, "params": {"k_pid_pos": [1.0765778869060152, 0.7901592070017563, 0.7159109704493724], "k_pid_alt": [1.1359868261648531, 0.8807980766151495, 0.9135150026345923], "k_pid_att": [3.0634326037635384, 3.9777255187178113, 0.27847285061096816], "k_pid_yaw": [0.5, 1e-06, 0.1], "k_pid_hsp": [7.795505254977897, 0.19846203673410656, 0.6861977231552814], "k_pid_vsp": [107.3554045886001, 152.05472029753844, 5.782496001855303]}, "datetime": {"datetime": "2025-08-20 17:17:04", "elapsed": 19479.471055030823, "delta": 25.906017065048218}, "costs": {"total_cost": 850.1587862917082, "time_cost": 150, "final_distance_cost": 55.59545766722026, "oscillation_cost": 227.6407480288599, "completition_cost": 333.33333333333337, "overshoot_cost": 49.020329254577426, "power_cost": 18.265643786621094, "noise_cost": 16.30327422109608, "n_waypoints_completed": 6, "tot_waypoints": 9}}
{"target": -778.9718932369185, "params": {"k_pid_pos": [1.1517181979009747, 0.46364952328420017, 0.035477132226190866], "k_pid_alt": [0.0970168136259697, 0.08240622889677773, 0.8282732735656275], "k_pid_att": [74.68908537524428, 1.765029114684684, 0.9195632395269042], "k_pid_yaw": [0.5, 1e-06, 0.1], "k_pid_hsp": [7.218559202349089, 0.13157206402357347, 0.8534378249924252], "k_pid_vsp": [141.2336998142536, 347.92608769706356, 209.20801310383058]}, "datetime": {"datetime": "2025-08-20 17:17:29", "elapsed": 19503.939727067947, "delta": 24.468672037124634}, "costs": {"total_cost": 778.9718932369185, "time_cost": 150, "final_distance_cost": 74.14666703440783, "oscillation_cost": 238.843736453609, "completition_cost": 222.2222222222222, "overshoot_cost": 55.920207625644856, "power_cost": 21.71547833251953, "noise_cost": 16.123581568515245, "n_waypoints_completed": 7, "tot_waypoints": 9}}
{"target": -1445.6872440275101, "params": {"k_pid_pos": [1.6857586800065834, 0.8649724007428427, 0.32095252445691425], "k_pid_alt": [0.3803007654396646, 0.699842108353262, 0.6155678906155173], "k_pid_att": [8.707655584003849, 9.146884629650481, 0.71269098783234], "k_pid_yaw": [0.5, 1e-06, 0.1], "k_pid_hsp": [0.04259398465257687, 0.9295269863065928, 0.046199974022342105], "k_pid_vsp": [13.520744473236013, 167.61839639904437, 154.35141084449688]}, "datetime": {"datetime": "2025-08-20 17:17:54", "elapsed": 19528.78425836563, "delta": 24.844531297683716}, "costs": {"total_cost": 1445.6872440275101, "time_cost": 150, "final_distance_cost": 19.847043264208057, "oscillation_cost": 55.83546277742278, "completition_cost": 1000.0, "overshoot_cost": 141.84731945897988, "power_cost": 18.077254309082033, "noise_cost": 60.080164217817305, "n_waypoints_completed": 0, "tot_waypoints": 9}}
{"target": -1141.017683369769, "params": {"k_pid_pos": [1.0813467069425258, 0.9463803205048803, 0.39569154612492063], "k_pid_alt": [0.42732767049636733, 0.5845839441359023, 0.4610192831822345], "k_pid_att": [87.87799602017834, 0.5936778326575056, 0.8453460204538159], "k_pid_yaw": [0.5, 1e-06, 0.1], "k_pid_hsp": [6.169290091662989, 0.8853775355363652, 0.06663361162349435], "k_pid_vsp": [55.47694835264796, 108.01164829380089, 122.48535949612967]}, "datetime": {"datetime": "2025-08-20 17:18:18", "elapsed": 19553.39871931076, "delta": 24.614460945129395}, "costs": {"total_cost": 1141.017683369769, "time_cost": 150, "final_distance_cost": 50.04188273973257, "oscillation_cost": 159.28561603711063, "completition_cost": 666.6666666666667, "overshoot_cost": 75.48087553860135, "power_cost": 20.069749316406252, "noise_cost": 19.47289307125161, "n_waypoints_completed": 3, "tot_waypoints": 9}}
{"target": -1317.7965726470695, "params": {"k_pid_pos": [0.39240029050012154, 0.14276168952646573, 0.831070632469613], "k_pid_alt": [1.0008645925862425, 0.5253926927419772, 0.47992074843161436], "k_pid_att": [24.30255676733313, 8.28477611750328, 0.5826149665312321], "k_pid_yaw": [0.5, 1e-06, 0.1], "k_pid_hsp": [8.22079354029408, 0.2768187498229193, 0.7292476585671431], "k_pid_vsp": [189.78905893294385, 312.88396629701066, 265.1312464107721]}, "datetime": {"datetime": "2025-08-20 17:18:44", "elapsed": 19578.621010780334, "delta": 25.222291469573975}, "costs": {"total_cost": 1317.7965726470695, "time_cost": 150, "final_distance_cost": 61.379970125687386, "oscillation_cost": 351.36752184039034, "completition_cost": 666.6666666666667, "overshoot_cost": 52.31242731109415, "power_cost": 20.805965441894532, "noise_cost": 15.264021261336113, "n_waypoints_completed": 3, "tot_waypoints": 9}}
{"target": -1404.870819700617, "params": {"k_pid_pos": [0.7873886219729566, 0.5381927537421572, 0.9678280800678131], "k_pid_alt": [0.3531358183730502, 0.06464799164904145, 0.4263127012738075], "k_pid_att": [25.402175387908134, 6.027690347769546, 0.42478398757156954], "k_pid_yaw": [0.5, 1e-06, 0.1], "k_pid_hsp": [0.29394612739468656, 0.7411340931298018, 0.7681439580177765], "k_pid_vsp": [241.31536760791755, 227.42562547067388, 17.310206248388404]}, "datetime": {"datetime": "2025-08-20 17:19:08", "elapsed": 19603.27845478058, "delta": 24.65744400024414}, "costs": {"total_cost": 1404.870819700617, "time_cost": 150, "final_distance_cost": 79.06341288172314, "oscillation_cost": 420.1187231334702, "completition_cost": 666.6666666666667, "overshoot_cost": 55.28931074134788, "power_cost": 19.297074230957033, "noise_cost": 14.43563204645225, "n_waypoints_completed": 3, "tot_waypoints": 9}}
{"target": -971.2995370407816, "params": {"k_pid_pos": [0.6327161627036755, 0.7978594570355474, 0.1423602369721616], "k_pid_alt": [0.9249126532210801, 0.36603822630377636, 0.8450867692666], "k_pid_att": [13.599203599178079, 2.1677797482500343, 0.6054755034773692], "k_pid_yaw": [0.5, 1e-06, 0.1], "k_pid_hsp": [3.2735753311740177, 0.7824686552998226, 0.6452885962586625], "k_pid_vsp": [247.73153635150592, 138.7520777941578, 243.79142653323552]}, "datetime": {"datetime": "2025-08-20 17:19:33", "elapsed": 19628.120343208313, "delta": 24.841888427734375}, "costs": {"total_cost": 971.2995370407816, "time_cost": 150, "final_distance_cost": 52.62701546183857, "oscillation_cost": 107.22872457214199, "completition_cost": 555.5555555555555, "overshoot_cost": 62.068295145692176, "power_cost": 25.390034973144534, "noise_cost": 18.42991133240868, "n_waypoints_completed": 4, "tot_waypoints": 9}}
{"target": -1327.1703050655342, "params": {"k_pid_pos": [1.270774206188386, 0.4379987624708669, 0.7896238428683156], "k_pid_alt": [1.6225687224866245, 0.05192496729001561, 0.5981369239634119], "k_pid_att": [30.82521162907277, 9.089611841673019, 0.3220742266799651], "k_pid_yaw": [0.5, 1e-06, 0.1], "k_pid_hsp": [3.615789043495421, 0.013945519721154098, 0.8928946110952088], "k_pid_vsp": [83.1939547135427, 145.8435619719055, 183.5187677324865]}, "datetime": {"datetime": "2025-08-20 17:19:58", "elapsed": 19653.058350086212, "delta": 24.93800687789917}, "costs": {"total_cost": 1327.1703050655342, "time_cost": 150, "final_distance_cost": 87.18272436118433, "oscillation_cost": 329.6349622243436, "completition_cost": 666.6666666666667, "overshoot_cost": 57.675340486071576, "power_cost": 19.17216121826172, "noise_cost": 16.838450109006246, "n_waypoints_completed": 3, "tot_waypoints": 9}}
{"target": -1050.1137336950285, "params": {"k_pid_pos": [0.8986155094234977, 0.6543355599434186, 0.2334655843281197], "k_pid_alt": [0.38019384081731533, 0.7797956080960883, 0.5305756708307358], "k_pid_att": [10.080326147660623, 8.525432106932362, 0.33143131708609386], "k_pid_yaw": [0.5, 1e-06, 0.1], "k_pid_hsp": [7.369103414096647, 0.3223882548699186, 0.9625382819614449], "k_pid_vsp": [315.6201106332485, 82.61409699866546, 17.71749560378932]}, "datetime": {"datetime": "2025-08-20 17:20:25", "elapsed": 19680.156961917877, "delta": 27.09861183166504}, "costs": {"total_cost": 1050.1137336950285, "time_cost": 150, "final_distance_cost": 42.57762778367885, "oscillation_cost": 221.19360942670832, "completition_cost": 555.5555555555555, "overshoot_cost": 48.6864781450854, "power_cost": 17.99167021484375, "noise_cost": 14.108792569156478, "n_waypoints_completed": 4, "tot_waypoints": 9}}
{"target": -1076.474404533748, "params": {"k_pid_pos": [0.5947887740321327, 0.07639892459794584, 0.13735658962136132], "k_pid_alt": [1.1958151291869745, 0.1358756388618747, 0.9426451566485688], "k_pid_att": [44.24325724165787, 3.9648865068572414, 0.10896065417923262], "k_pid_yaw": [0.5, 1e-06, 0.1], "k_pid_hsp": [1.9036428331004975, 0.00666241394916145, 0.4014883632976939], "k_pid_vsp": [250.5570858559795, 178.167049867549, 134.71840623037008]}, "datetime": {"datetime": "2025-08-20 17:20:52", "elapsed": 19706.83270573616, "delta": 26.67574381828308}, "costs": {"total_cost": 1076.474404533748, "time_cost": 150, "final_distance_cost": 46.08707955758258, "oscillation_cost": 362.5663402775866, "completition_cost": 444.4444444444444, "overshoot_cost": 39.121754464589785, "power_cost": 19.47317203369141, "noise_cost": 14.78161375585345, "n_waypoints_completed": 5, "tot_waypoints": 9}}
{"target": -1091.2110851962104, "params": {"k_pid_pos": [0.07943233130885623, 0.8997051349934106, 0.18342653576616652], "k_pid_alt": [0.6434499328319918, 0.12506495019057717, 0.8343234296896918], "k_pid_att": [39.335117085191115, 9.434125316301893, 0.8174847496842292], "k_pid_yaw": [0.5, 1e-06, 0.1], "k_pid_hsp": [5.652261052432764, 0.051076031155558255, 0.4725712655126155], "k_pid_vsp": [210.01684771595131, 301.74198427477523, 13.31435160448681]}, "datetime": {"datetime": "2025-08-20 17:21:19", "elapsed": 19733.712740421295, "delta": 26.880034685134888}, "costs": {"total_cost": 1091.2110851962104, "time_cost": 150, "final_distance_cost": 49.13969600419352, "oscillation_cost": 126.85579858366935, "completition_cost": 666.6666666666667, "overshoot_cost": 57.38316060281613, "power_cost": 23.831663903808593, "noise_cost": 17.33409943505609, "n_waypoints_completed": 3, "tot_waypoints": 9}}
{"target": -1109.0417787667695, "params": {"k_pid_pos": [0.08071703964867548, 0.7556843694593904, 0.21093790329125073], "k_pid_alt": [0.3770123286999365, 0.08245083438094036, 0.12244161918828489], "k_pid_att": [37.06078094558788, 2.4931109914543077, 0.32035977133438065], "k_pid_yaw": [0.5, 1e-06, 0.1], "k_pid_hsp": [3.2412005721223176, 0.358584630956312, 0.16747576994931002], "k_pid_vsp": [254.11533913536002, 372.2220005724588, 372.8548581029215]}, "datetime": {"datetime": "2025-08-20 17:21:46", "elapsed": 19760.54252743721, "delta": 26.829787015914917}, "costs": {"total_cost": 1109.0417787667695, "time_cost": 150, "final_distance_cost": 58.09096951747801, "oscillation_cost": 139.81363566707236, "completition_cost": 666.6666666666667, "overshoot_cost": 54.365948525467374, "power_cost": 22.912144982910156, "noise_cost": 17.192413407174865, "n_waypoints_completed": 3, "tot_waypoints": 9}}
{"target": -943.0563699284987, "params": {"k_pid_pos": [1.0048532957704344, 0.8320739841698543, 0.8601628116250041], "k_pid_alt": [1.4284749916848354, 0.9335356506545799, 0.7974192872134362], "k_pid_att": [15.789360933110396, 4.18636751010787, 0.08994673978852541], "k_pid_yaw": [0.5, 1e-06, 0.1], "k_pid_hsp": [4.818403529823577, 0.014589359503456634, 0.6688826978778636], "k_pid_vsp": [327.9259286600274, 79.78856662612293, 149.9919726889021]}, "datetime": {"datetime": "2025-08-20 17:22:13", "elapsed": 19787.732052326202, "delta": 27.18952488899231}, "costs": {"total_cost": 943.0563699284987, "time_cost": 150, "final_distance_cost": 68.25750229812274, "oscillation_cost": 304.855657690668, "completition_cost": 333.33333333333337, "overshoot_cost": 48.0068263845081, "power_cost": 21.979509729003908, "noise_cost": 16.623540492862528, "n_waypoints_completed": 6, "tot_waypoints": 9}}
{"target": -710.0897532031433, "params": {"k_pid_pos": [0.9514072778207942, 0.7318630543476486, 0.01872417483302402], "k_pid_alt": [1.9187244233124556, 0.7861764324389097, 0.5943334034755937], "k_pid_att": [21.370859053663693, 7.019711072253585, 0.9230632315091365], "k_pid_yaw": [0.5, 1e-06, 0.1], "k_pid_hsp": [8.3869798877844, 0.29742210857007745, 0.48629682979204625], "k_pid_vsp": [322.8629070570239, 207.58193328520167, 164.38226117409764]}, "datetime": {"datetime": "2025-08-20 17:22:37", "elapsed": 19812.31005191803, "delta": 24.577999591827393}, "costs": {"total_cost": 710.0897532031433, "time_cost": 150, "final_distance_cost": 63.832582491821626, "oscillation_cost": 184.84277655678179, "completition_cost": 222.2222222222222, "overshoot_cost": 50.20004813837232, "power_cost": 22.19486365966797, "noise_cost": 16.797260134277458, "n_waypoints_completed": 7, "tot_waypoints": 9}}
