{"target": -278.3035921519992, "params": {"k_pid_pos": [1.971551837648861, 0.3779145197758773, 0.19440425937314365], "k_pid_alt": [0.8844000469761857, 0.1983568027863345, 0.3807155606417776], "k_pid_att": [29.649340217911323, 6.611261657195732, 0.8085251949124399], "k_pid_yaw": [0.5, 1e-06, 0.1], "k_pid_hsp": [1.0191287855412132, 0.39992249546699365, 0.06273613441374193], "k_pid_vsp": [356.6661283320231, 296.0525330016078, 143.09332834477038]}, "datetime": {"datetime": "2025-08-20 22:01:10", "elapsed": 36525.11201953888, "delta": 34.07208466529846}, "costs": {"total_cost": 278.3035921519992, "time_cost": 96.4, "final_distance_cost": 1.7536900981951826, "oscillation_cost": 85.26953067583413, "completition_cost": 0.0, "overshoot_cost": 57.96884092424638, "power_cost": 21.34026268310547, "noise_cost": 15.571267770618046, "n_waypoints_completed": 9, "tot_waypoints": 9}}
{"target": -454.21279302748735, "params": {"k_pid_pos": [1.3848109745405033, 0.43156649973831185, 0.6561311758856095], "k_pid_alt": [1.5535613863046442, 0.6519200455480938, 0.2752372279440748], "k_pid_att": [81.73069228078874, 8.592402326646408, 0.5207304054858797], "k_pid_yaw": [0.5, 1e-06, 0.1], "k_pid_hsp": [2.685391984962134, 0.015203651535503737, 0.4004920306545966], "k_pid_vsp": [358.7489140376514, 266.00834275201026, 226.40909067227898]}, "datetime": {"datetime": "2025-08-20 22:01:38", "elapsed": 36553.43076920509, "delta": 28.31874966621399}, "costs": {"total_cost": 454.21279302748735, "time_cost": 89.816, "final_distance_cost": 1.7355321887329467, "oscillation_cost": 268.60881515124765, "completition_cost": 0.0, "overshoot_cost": 57.30833758172269, "power_cost": 21.176426684570313, "noise_cost": 15.567681421213749, "n_waypoints_completed": 9, "tot_waypoints": 9}}
{"target": -284.62820705616235, "params": {"k_pid_pos": [1.4105169221070066, 0.38014528348950893, 0.16276233770003912], "k_pid_alt": [1.804229335439272, 0.9492724844727863, 0.8276857556589259], "k_pid_att": [86.71184607112238, 8.816110787692011, 0.7754530599825749], "k_pid_yaw": [0.5, 1e-06, 0.1], "k_pid_hsp": [6.621944546559783, 0.13869992414167398, 0.052085279718049105], "k_pid_vsp": [323.94249368610156, 382.542961402657, 49.29922707739888]}, "datetime": {"datetime": "2025-08-20 22:02:07", "elapsed": 36581.74043631554, "delta": 28.309667110443115}, "costs": {"total_cost": 284.62820705616235, "time_cost": 88.152, "final_distance_cost": 1.7180991374858088, "oscillation_cost": 110.20661924336297, "completition_cost": 0.0, "overshoot_cost": 52.808428060639265, "power_cost": 16.96044765625, "noise_cost": 14.782612958424279, "n_waypoints_completed": 9, "tot_waypoints": 9}}
{"target": -976.1040247501769, "params": {"k_pid_pos": [0.29010338326767204, 0.9929820517437834, 0.361355858060152], "k_pid_alt": [0.4807674876793264, 0.7331258737983919, 0.5675557757651838], "k_pid_att": [64.83463855195909, 3.361066523259404, 0.9768511241839367], "k_pid_yaw": [0.5, 1e-06, 0.1], "k_pid_hsp": [6.460065088045792, 0.6080800316897838, 0.07350110534576271], "k_pid_vsp": [173.53141107423565, 276.76709998458125, 78.29746563004585]}, "datetime": {"datetime": "2025-08-20 22:02:48", "elapsed": 36622.794719696045, "delta": 41.05428338050842}, "costs": {"total_cost": 976.1040247501769, "time_cost": 150, "final_distance_cost": 52.53734007094464, "oscillation_cost": 128.75171809232705, "completition_cost": 555.5555555555555, "overshoot_cost": 49.55921254252797, "power_cost": 22.067224182128907, "noise_cost": 17.632974306692592, "n_waypoints_completed": 4, "tot_waypoints": 9}}
{"target": -1519.8973630396536, "params": {"k_pid_pos": [0.21703474300883482, 0.15828894560317364, 0.6749274069305902], "k_pid_alt": [0.8269038987966371, 0.3232776898323264, 0.296158371188181], "k_pid_att": [53.82334283456453, 8.917902328189253, 0.3664960503800476], "k_pid_yaw": [0.5, 1e-06, 0.1], "k_pid_hsp": [9.398362725180133, 0.37661938959862573, 0.26214203725234664], "k_pid_vsp": [169.66141200293308, 93.92727243731657, 326.6099609584628]}, "datetime": {"datetime": "2025-08-20 22:03:25", "elapsed": 36660.51909184456, "delta": 37.724372148513794}, "costs": {"total_cost": 1519.8973630396536, "time_cost": 150, "final_distance_cost": 88.87244984624824, "oscillation_cost": 424.58667690281453, "completition_cost": 777.7777777777778, "overshoot_cost": 41.395070832619716, "power_cost": 21.066069763183595, "noise_cost": 16.19931791700964, "n_waypoints_completed": 2, "tot_waypoints": 9}}
{"target": -862.1856242086349, "params": {"k_pid_pos": [1.3055075256370687, 0.27488110873622307, 0.39346714997801524], "k_pid_alt": [1.0897614544856853, 0.08016239214257981, 0.4807589695133875], "k_pid_att": [27.75808317868631, 2.4065840400712495, 0.60046881029171], "k_pid_yaw": [0.5, 1e-06, 0.1], "k_pid_hsp": [3.2715045311256254, 0.9706356984376602, 0.6679804055576635], "k_pid_vsp": [166.35218592601606, 304.7501710839585, 168.7146593274893]}, "datetime": {"datetime": "2025-08-20 22:03:56", "elapsed": 36690.912491321564, "delta": 30.393399477005005}, "costs": {"total_cost": 862.1856242086349, "time_cost": 150, "final_distance_cost": 73.94214610155827, "oscillation_cost": 223.21916508182173, "completition_cost": 333.33333333333337, "overshoot_cost": 44.91063720477285, "power_cost": 21.28791064453125, "noise_cost": 15.492431842617448, "n_waypoints_completed": 6, "tot_waypoints": 9}}
{"target": -768.4165155256018, "params": {"k_pid_pos": [1.2640386998479154, 0.5801962427590704, 0.686863341817035], "k_pid_alt": [0.8030298224338304, 0.6501692803038356, 0.5617006991467067], "k_pid_att": [9.899949764848914, 2.0615688949510425, 0.2857899759219199], "k_pid_yaw": [0.5, 1e-06, 0.1], "k_pid_hsp": [3.5317490790878066, 0.7127986778204981, 0.35116038071743305], "k_pid_vsp": [287.0155952718325, 354.08865317365763, 267.74250128236105]}, "datetime": {"datetime": "2025-08-20 22:04:27", "elapsed": 36722.48339557648, "delta": 31.57090425491333}, "costs": {"total_cost": 768.4165155256018, "time_cost": 150, "final_distance_cost": 73.99622801730644, "oscillation_cost": 230.637342288719, "completition_cost": 222.2222222222222, "overshoot_cost": 52.25731216886681, "power_cost": 21.996572534179688, "noise_cost": 17.30683829430753, "n_waypoints_completed": 7, "tot_waypoints": 9}}
{"target": -1464.4190653402586, "params": {"k_pid_pos": [1.905330080190635, 0.8739755282392858, 0.16163477392394843], "k_pid_alt": [1.604440122901416, 0.5299522263272636, 0.9597185176280039], "k_pid_att": [67.58425402819813, 3.379145528858809, 0.5083868700536064], "k_pid_yaw": [0.5, 1e-06, 0.1], "k_pid_hsp": [3.974430273836051, 0.5915414780915568, 0.3518293001717161], "k_pid_vsp": [132.7141233947693, 359.0255875178494, 364.75605512146916]}, "datetime": {"datetime": "2025-08-20 22:05:08", "elapsed": 36762.554446697235, "delta": 40.07105112075806}, "costs": {"total_cost": 1464.4190653402586, "time_cost": 150, "final_distance_cost": 7.636490519842187, "oscillation_cost": 80.24841085894707, "completition_cost": 1000.0, "overshoot_cost": 137.1767656001227, "power_cost": 21.17396862792969, "noise_cost": 68.18342973341683, "n_waypoints_completed": 0, "tot_waypoints": 9}}
{"target": -1062.5587368909628, "params": {"k_pid_pos": [1.6181908572900132, 0.40148559130141015, 0.6509458149694801], "k_pid_alt": [0.7995630593434471, 0.6722593640197841, 0.020751782470777025], "k_pid_att": [41.581036034838036, 0.348408000994597, 0.2213872663673493], "k_pid_yaw": [0.5, 1e-06, 0.1], "k_pid_hsp": [7.1898478329830775, 0.5832690579845181, 0.5376102116526589], "k_pid_vsp": [62.52942181682117, 195.0552633073793, 269.41529861240684]}, "datetime": {"datetime": "2025-08-20 22:05:48", "elapsed": 36802.99268722534, "delta": 40.43824052810669}, "costs": {"total_cost": 1062.5587368909628, "time_cost": 150, "final_distance_cost": 54.19106769048809, "oscillation_cost": 298.9156996457581, "completition_cost": 444.4444444444444, "overshoot_cost": 66.01002218655555, "power_cost": 24.719241162109377, "noise_cost": 24.27826176160706, "n_waypoints_completed": 5, "tot_waypoints": 9}}
{"target": -1146.6732947968262, "params": {"k_pid_pos": [0.2953589719470851, 0.0271782824420731, 0.00249236908048156], "k_pid_alt": [1.8334258329239035, 0.2532032011644587, 0.628299541044469], "k_pid_att": [28.529574497287037, 2.8286152085273573, 0.8404541998469806], "k_pid_yaw": [0.5, 1e-06, 0.1], "k_pid_hsp": [7.693844564694545, 0.0031215091349972024, 0.4494916512642332], "k_pid_vsp": [257.25154616140344, 144.27468778250514, 355.90004002155297]}, "datetime": {"datetime": "2025-08-20 22:06:25", "elapsed": 36839.96339702606, "delta": 36.970709800720215}, "costs": {"total_cost": 1146.6732947968262, "time_cost": 150, "final_distance_cost": 41.95048365654202, "oscillation_cost": 299.4177152886269, "completition_cost": 555.5555555555555, "overshoot_cost": 59.79480496925771, "power_cost": 22.771947106933595, "noise_cost": 17.182788219910545, "n_waypoints_completed": 4, "tot_waypoints": 9}}
{"target": -915.3960749321845, "params": {"k_pid_pos": [1.1263396062872957, 0.3056172168688316, 0.43291035638955655], "k_pid_alt": [1.4030222597293422, 0.4476797825774812, 0.6732312921916569], "k_pid_att": [36.89075182741397, 7.460992687108437, 0.17509871070393634], "k_pid_yaw": [0.5, 1e-06, 0.1], "k_pid_hsp": [1.0816321800285686, 0.14689832589152396, 0.3028122603285238], "k_pid_vsp": [271.73038877030433, 217.2182203859254, 367.7331441772442]}, "datetime": {"datetime": "2025-08-20 22:06:54", "elapsed": 36869.40504002571, "delta": 29.441642999649048}, "costs": {"total_cost": 915.3960749321845, "time_cost": 150, "final_distance_cost": 68.52581409977353, "oscillation_cost": 274.7387871506932, "completition_cost": 333.33333333333337, "overshoot_cost": 54.074272315892394, "power_cost": 19.447140063476564, "noise_cost": 15.276727969015537, "n_waypoints_completed": 6, "tot_waypoints": 9}}
{"target": -485.4587727668371, "params": {"k_pid_pos": [1.5994175361343408, 0.4282504662961484, 0.7032551808118539], "k_pid_alt": [0.5533898200970535, 0.12136985833356162, 0.8015848362662465], "k_pid_att": [18.729569797530743, 9.30866029548196, 0.17701811691827685], "k_pid_yaw": [0.5, 1e-06, 0.1], "k_pid_hsp": [9.953427641035068, 0.9516007552143076, 0.10150458863501755], "k_pid_vsp": [89.25881894439752, 206.16671096577818, 28.726163820598803]}, "datetime": {"datetime": "2025-08-20 22:07:24", "elapsed": 36898.52351284027, "delta": 29.118472814559937}, "costs": {"total_cost": 485.4587727668371, "time_cost": 93.152, "final_distance_cost": 1.7588479510672181, "oscillation_cost": 304.7007238318366, "completition_cost": 0.0, "overshoot_cost": 51.71083216726376, "power_cost": 19.53317978515625, "noise_cost": 14.603189031513223, "n_waypoints_completed": 9, "tot_waypoints": 9}}
{"target": -1342.5927395160843, "params": {"k_pid_pos": [0.6735031004654995, 0.6958506270579411, 0.320397234286125], "k_pid_alt": [0.9942472396673461, 0.7141961735886657, 0.6420921380330991], "k_pid_att": [27.138888478199053, 3.862043715877007, 0.002399788890001475], "k_pid_yaw": [0.5, 1e-06, 0.1], "k_pid_hsp": [9.789384513340938, 0.021836831397293643, 0.6476962442540684], "k_pid_vsp": [121.90829677666315, 85.49201116802462, 361.2340492794584]}, "datetime": {"datetime": "2025-08-20 22:07:54", "elapsed": 36929.123222351074, "delta": 30.599709510803223}, "costs": {"total_cost": 1342.5927395160843, "time_cost": 150, "final_distance_cost": 73.50858406920914, "oscillation_cost": 321.4209774451363, "completition_cost": 666.6666666666667, "overshoot_cost": 90.87332405616905, "power_cost": 21.58143458251953, "noise_cost": 18.54175269638364, "n_waypoints_completed": 3, "tot_waypoints": 9}}
{"target": -361.9292388608117, "params": {"k_pid_pos": [1.4578392811109662, 0.44047154132995825, 0.8866618955139806], "k_pid_alt": [1.4535183294456466, 0.0023672737065298932, 0.22070761720706844], "k_pid_att": [36.61809986844406, 0.6720742951724569, 0.3949386113517459], "k_pid_yaw": [0.5, 1e-06, 0.1], "k_pid_hsp": [8.750397456003142, 0.8421155986491474, 0.03488188362475275], "k_pid_vsp": [330.151768390668, 392.236661929831, 316.53113996682754]}, "datetime": {"datetime": "2025-08-20 22:08:29", "elapsed": 36963.7948346138, "delta": 34.67161226272583}, "costs": {"total_cost": 361.9292388608117, "time_cost": 87.672, "final_distance_cost": 1.8187151971855047, "oscillation_cost": 180.30743795476613, "completition_cost": 0.0, "overshoot_cost": 56.97468216423105, "power_cost": 19.875477795410156, "noise_cost": 15.280925749218826, "n_waypoints_completed": 9, "tot_waypoints": 9}}
{"target": -609.370752287846, "params": {"k_pid_pos": [1.3821205801690277, 0.7886981013376106, 0.26184504400172026], "k_pid_alt": [1.6608100324207913, 0.7604192759993897, 0.8055115488844155], "k_pid_att": [48.58650852862303, 8.903118019034533, 0.8572632307394981], "k_pid_yaw": [0.5, 1e-06, 0.1], "k_pid_hsp": [8.04170217730013, 0.5199930492592979, 0.35112832549006157], "k_pid_vsp": [268.24229780716087, 272.8349368809258, 249.0732355675674]}, "datetime": {"datetime": "2025-08-20 22:09:00", "elapsed": 36995.26103448868, "delta": 31.46619987487793}, "costs": {"total_cost": 609.370752287846, "time_cost": 150, "final_distance_cost": 53.6803529950066, "oscillation_cost": 199.00231410550987, "completition_cost": 111.11111111111116, "overshoot_cost": 56.742530732880695, "power_cost": 22.70937410888672, "noise_cost": 16.125069234450887, "n_waypoints_completed": 8, "tot_waypoints": 9}}
{"target": -1033.938482551454, "params": {"k_pid_pos": [1.910183313964615, 0.0727321751354707, 0.36069446187994425], "k_pid_alt": [1.6994294502821348, 0.2104735955513305, 0.31906578312513745], "k_pid_att": [42.716062318791124, 8.952528833165701, 0.7466461359533706], "k_pid_yaw": [0.5, 1e-06, 0.1], "k_pid_hsp": [4.450891086864756, 0.8515478416091089, 0.0038475454622257654], "k_pid_vsp": [254.36034909765118, 300.72011826098617, 360.04391802611747]}, "datetime": {"datetime": "2025-08-20 22:09:33", "elapsed": 37027.5298871994, "delta": 32.26885271072388}, "costs": {"total_cost": 1033.938482551454, "time_cost": 150, "final_distance_cost": 68.40390706300721, "oscillation_cost": 51.15469271631812, "completition_cost": 666.6666666666667, "overshoot_cost": 72.67896888439938, "power_cost": 13.445657177734375, "noise_cost": 11.588590043328109, "n_waypoints_completed": 3, "tot_waypoints": 9}}
{"target": -1324.57329983802, "params": {"k_pid_pos": [1.9102862622346914, 0.9456359709862336, 0.31587813256465525], "k_pid_alt": [0.4953320879228065, 0.8664707199910291, 0.7967297453975001], "k_pid_att": [2.333023941692436, 6.803263936653358, 0.08695756837707624], "k_pid_yaw": [0.5, 1e-06, 0.1], "k_pid_hsp": [0.28438786599625626, 0.5043050315026263, 0.9225195609454679], "k_pid_vsp": [123.5236855374453, 366.9570079394325, 2.939850197110931]}, "datetime": {"datetime": "2025-08-20 22:10:03", "elapsed": 37058.20455241203, "delta": 30.674665212631226}, "costs": {"total_cost": 1324.57329983802, "time_cost": 150, "final_distance_cost": 69.99042232514971, "oscillation_cost": 175.94843594462264, "completition_cost": 777.7777777777778, "overshoot_cost": 118.25178340538366, "power_cost": 17.742436254882815, "noise_cost": 14.862444130203137, "n_waypoints_completed": 2, "tot_waypoints": 9}}
{"target": -616.3472466785711, "params": {"k_pid_pos": [0.563685856747526, 0.0969465743091078, 0.33360161029480295], "k_pid_alt": [1.0463454722435124, 0.47998690415311007, 0.658019301046841], "k_pid_att": [94.63491119695591, 8.849559744684552, 0.323974167284354], "k_pid_yaw": [0.5, 1e-06, 0.1], "k_pid_hsp": [7.600425409329431, 0.606182669839212, 0.028303037244779783], "k_pid_vsp": [207.42703537229823, 184.77898566897295, 125.76129829787608]}, "datetime": {"datetime": "2025-08-20 22:10:34", "elapsed": 37088.77221989632, "delta": 30.567667484283447}, "costs": {"total_cost": 616.3472466785711, "time_cost": 150, "final_distance_cost": 15.513968719588178, "oscillation_cost": 247.45361709291254, "completition_cost": 111.11111111111116, "overshoot_cost": 56.04304585220699, "power_cost": 20.370831933593752, "noise_cost": 15.85467196915846, "n_waypoints_completed": 8, "tot_waypoints": 9}}
{"target": -1198.7638607186445, "params": {"k_pid_pos": [1.3685695052937177, 0.32308144286968166, 0.5566856216152237], "k_pid_alt": [0.7556655986248995, 0.052063046520146594, 0.03457325033901326], "k_pid_att": [54.73557066085332, 9.457908213596214, 0.4411824462936379], "k_pid_yaw": [0.5, 1e-06, 0.1], "k_pid_hsp": [7.635692852245979, 0.5351973210943829, 0.761042121849086], "k_pid_vsp": [46.65760663404392, 169.31485840151078, 269.89018741136107]}, "datetime": {"datetime": "2025-08-20 22:11:05", "elapsed": 37119.63148212433, "delta": 30.859262228012085}, "costs": {"total_cost": 1198.7638607186445, "time_cost": 150, "final_distance_cost": 37.41553851428418, "oscillation_cost": 318.8951918402349, "completition_cost": 555.5555555555555, "overshoot_cost": 94.31171771171208, "power_cost": 21.267027319335938, "noise_cost": 21.318829777521753, "n_waypoints_completed": 4, "tot_waypoints": 9}}
{"target": -812.6528014368513, "params": {"k_pid_pos": [1.3208638585733945, 0.36545041892974084, 0.8634948378561014], "k_pid_alt": [1.3649601664589817, 0.5231567012762759, 0.198726129796843], "k_pid_att": [89.33712643945107, 6.506454378909421, 0.3329732602354426], "k_pid_yaw": [0.5, 1e-06, 0.1], "k_pid_hsp": [3.62771305475148, 0.9461541317111141, 0.7495367624912226], "k_pid_vsp": [30.268232934318327, 327.2443681233001, 142.12727602436146]}, "datetime": {"datetime": "2025-08-20 22:11:42", "elapsed": 37156.64756679535, "delta": 37.01608467102051}, "costs": {"total_cost": 812.6528014368513, "time_cost": 150, "final_distance_cost": 74.6645961533452, "oscillation_cost": 275.3493353635043, "completition_cost": 222.2222222222222, "overshoot_cost": 50.468801569628276, "power_cost": 22.542713037109376, "noise_cost": 17.405133091041968, "n_waypoints_completed": 7, "tot_waypoints": 9}}
{"target": -1183.618085888593, "params": {"k_pid_pos": [0.023002269989624614, 0.7894997984790793, 0.5166529520336013], "k_pid_alt": [0.9922965566426012, 0.4075412989906365, 0.48104244307397104], "k_pid_att": [79.47475348027298, 4.524774526913861, 0.577252301052119], "k_pid_yaw": [0.5, 1e-06, 0.1], "k_pid_hsp": [4.277875974223672, 0.32314078312627814, 0.5613213698568874], "k_pid_vsp": [364.95809322721055, 280.972248125263, 181.69833013209063]}, "datetime": {"datetime": "2025-08-20 22:12:12", "elapsed": 37186.98822307587, "delta": 30.340656280517578}, "costs": {"total_cost": 1183.618085888593, "time_cost": 150, "final_distance_cost": 55.76398358475439, "oscillation_cost": 215.4409397258484, "completition_cost": 666.6666666666667, "overshoot_cost": 57.998038913914954, "power_cost": 21.41460848388672, "noise_cost": 16.3338485135216, "n_waypoints_completed": 3, "tot_waypoints": 9}}
{"target": -1542.3347492818134, "params": {"k_pid_pos": [0.18631304183119726, 0.24974998414532545, 0.4260560396799855], "k_pid_alt": [0.3964661126961573, 0.2719262869777139, 0.4806849883460267], "k_pid_att": [50.556115000753636, 7.33756867484132, 0.45791117150665284], "k_pid_yaw": [0.5, 1e-06, 0.1], "k_pid_hsp": [2.4595756927087775, 0.9433224953123105, 0.8080922362384031], "k_pid_vsp": [370.08515974060344, 249.95424072173208, 350.00934214699237]}, "datetime": {"datetime": "2025-08-20 22:12:56", "elapsed": 37231.13224673271, "delta": 44.14402365684509}, "costs": {"total_cost": 1542.3347492818134, "time_cost": 150, "final_distance_cost": 66.16780942277285, "oscillation_cost": 369.2597177756161, "completition_cost": 888.8888888888888, "overshoot_cost": 31.264994450932104, "power_cost": 20.77604921875, "noise_cost": 15.977289524853708, "n_waypoints_completed": 1, "tot_waypoints": 9}}
{"target": -949.91869002407, "params": {"k_pid_pos": [1.1296873291254446, 0.47871317463758367, 0.9425499941203951], "k_pid_alt": [1.7501009375910503, 0.7259427686133876, 0.822747353142227], "k_pid_att": [69.86369305631331, 6.8742398624875936, 0.11599093508761316], "k_pid_yaw": [0.5, 1e-06, 0.1], "k_pid_hsp": [3.381365854774585, 0.12181313060356702, 0.8359451715956399], "k_pid_vsp": [274.085063953379, 81.38349125479988, 171.95018710817004]}, "datetime": {"datetime": "2025-08-20 22:13:30", "elapsed": 37265.373634815216, "delta": 34.24138808250427}, "costs": {"total_cost": 949.91869002407, "time_cost": 150, "final_distance_cost": 81.0838146406142, "oscillation_cost": 294.8458476977405, "completition_cost": 333.33333333333337, "overshoot_cost": 52.079270132091224, "power_cost": 21.959676892089846, "noise_cost": 16.61674732820072, "n_waypoints_completed": 6, "tot_waypoints": 9}}
{"target": -802.065986250146, "params": {"k_pid_pos": [1.8189888811008639, 0.5577189383058447, 0.17382864779061713], "k_pid_alt": [0.8773981938119115, 0.07541819985739273, 0.9740987260479917], "k_pid_att": [88.170577112704, 7.166578038455086, 0.027396663978644598], "k_pid_yaw": [0.5, 1e-06, 0.1], "k_pid_hsp": [5.663521632296815, 0.7777962236293902, 0.34833163362402875], "k_pid_vsp": [89.32328939202385, 372.4087329896859, 273.980730692464]}, "datetime": {"datetime": "2025-08-20 22:14:00", "elapsed": 37295.463648319244, "delta": 30.09001350402832}, "costs": {"total_cost": 802.065986250146, "time_cost": 150, "final_distance_cost": 83.25525295752226, "oscillation_cost": 238.675915919839, "completition_cost": 222.2222222222222, "overshoot_cost": 66.60148969392682, "power_cost": 22.995441650390624, "noise_cost": 18.315663806245094, "n_waypoints_completed": 7, "tot_waypoints": 9}}
