{"target": -430.58207662599267, "params": {"k_pid_pos": [0.7400504956952388, 0.003587237000016802, 0.04075855165790372], "k_pid_alt": [1.9318385191321763, 0.5473242827220584, 0.47936284310793326], "k_pid_att": [71.58535552380428, 8.581314410718019, 0.9696710384691024], "k_pid_yaw": [0.5, 1e-06, 0.1], "k_pid_hsp": [9.594683624410484, 0.9860941448641226, 0.9022208827972849], "k_pid_vsp": [383.5323049768385, 330.03406815312377, 322.6836654596195]}, "datetime": {"datetime": "2025-08-21 07:25:46", "elapsed": 70400.98748350143, "delta": 40.3048677444458}, "costs": {"total_cost": 430.58207662599267, "time_cost": 87.48, "final_distance_cost": 1.7995213081782373, "oscillation_cost": 252.3470688920953, "completition_cost": 0.0, "overshoot_cost": 55.6694181650406, "power_cost": 18.85810594482422, "noise_cost": 14.427962315854291, "n_waypoints_completed": 9, "tot_waypoints": 9}}
{"target": -316.7449060902502, "params": {"k_pid_pos": [2.0, 1.0, 1.0], "k_pid_alt": [2.0, 0.0, 1.0], "k_pid_att": [8.95502850016627, 0.9565010574074612, 1.0], "k_pid_yaw": [0.5, 1e-06, 0.1], "k_pid_hsp": [10.0, 1.0, 1.0], "k_pid_vsp": [378.55508522117805, 62.19320618594757, 140.516308729552]}, "datetime": {"datetime": "2025-08-21 07:26:26", "elapsed": 70440.92045474052, "delta": 39.932971239089966}, "costs": {"total_cost": 316.7449060902502, "time_cost": 94.06400000000001, "final_distance_cost": 1.755932855062859, "oscillation_cost": 124.58759152474833, "completition_cost": 0.0, "overshoot_cost": 62.086683990652, "power_cost": 20.01509256591797, "noise_cost": 14.235605153868992, "n_waypoints_completed": 9, "tot_waypoints": 9}}
{"target": -749.4492873229691, "params": {"k_pid_pos": [0.43937961048585367, 0.6753755938431835, 0.32975667140055787], "k_pid_alt": [1.4964570859530586, 0.7034692025841074, 0.3881233986999446], "k_pid_att": [19.595118428014246, 9.428015837294739, 0.6022219060548399], "k_pid_yaw": [0.5, 1e-06, 0.1], "k_pid_hsp": [4.9454258703552965, 0.09387228053413454, 0.30003732867826527], "k_pid_vsp": [357.9502632600265, 331.67977740038555, 29.02830523476125]}, "datetime": {"datetime": "2025-08-21 07:27:20", "elapsed": 70494.5227675438, "delta": 53.60231280326843}, "costs": {"total_cost": 749.4492873229691, "time_cost": 150, "final_distance_cost": 64.04780880512254, "oscillation_cost": 235.85997038707978, "completition_cost": 222.2222222222222, "overshoot_cost": 45.37032609351501, "power_cost": 18.199254748535157, "noise_cost": 13.749705066494395, "n_waypoints_completed": 7, "tot_waypoints": 9}}
{"target": -734.371654989399, "params": {"k_pid_pos": [1.388091772178913, 0.9069803717168298, 0.8266408169846949], "k_pid_alt": [0.2672501475678142, 0.7523125170502625, 0.11687604089931847], "k_pid_att": [12.034592604258021, 0.18611234372499447, 0.6239342197506191], "k_pid_yaw": [0.5, 1e-06, 0.1], "k_pid_hsp": [5.099947813715604, 0.7015944827179289, 0.3092755696051045], "k_pid_vsp": [241.7503431780915, 383.7670169550087, 162.86893552908595]}, "datetime": {"datetime": "2025-08-21 07:28:10", "elapsed": 70545.46234536171, "delta": 50.93957781791687}, "costs": {"total_cost": 734.371654989399, "time_cost": 150, "final_distance_cost": 77.47189327722536, "oscillation_cost": 188.13963365505992, "completition_cost": 222.2222222222222, "overshoot_cost": 53.233703849720335, "power_cost": 24.802549157714846, "noise_cost": 18.501652827456372, "n_waypoints_completed": 7, "tot_waypoints": 9}}
{"target": -270.8463683040358, "params": {"k_pid_pos": [1.0259181058817506, 0.36980658515665865, 0.11314662686460016], "k_pid_alt": [1.9997483599724601, 0.25929678250866967, 0.0], "k_pid_att": [51.88044288905465, 2.644928320268956, 0.09718189499308204], "k_pid_yaw": [0.5, 1e-06, 0.1], "k_pid_hsp": [8.889793408667678, 0.030108794747478147, 0.0003034381345573487], "k_pid_vsp": [391.55880753539765, 163.03898027794642, 185.79211596500215]}, "datetime": {"datetime": "2025-08-21 07:28:46", "elapsed": 70581.1781964302, "delta": 35.715851068496704}, "costs": {"total_cost": 270.8463683040358, "time_cost": 92.944, "final_distance_cost": 1.793610301721357, "oscillation_cost": 89.06147411175884, "completition_cost": 0.0, "overshoot_cost": 54.25820162228027, "power_cost": 18.625059252929688, "noise_cost": 14.164023015345672, "n_waypoints_completed": 9, "tot_waypoints": 9}}
{"target": -373.3274904400638, "params": {"k_pid_pos": [1.289875588604599, 0.17086702283289923, 0.27615881062226244], "k_pid_alt": [0.07122581189699595, 0.18498619637165137, 0.5566419477155357], "k_pid_att": [43.46370443503421, 9.671306785198231, 0.7087172655830274], "k_pid_yaw": [0.5, 1e-06, 0.1], "k_pid_hsp": [4.177405130349171, 0.09887854669196916, 0.11639073691630186], "k_pid_vsp": [147.46411555944533, 51.486211256169106, 31.847295007250583]}, "datetime": {"datetime": "2025-08-21 07:29:26", "elapsed": 70621.24310588837, "delta": 40.0649094581604}, "costs": {"total_cost": 373.3274904400638, "time_cost": 99.896, "final_distance_cost": 1.7601687784851592, "oscillation_cost": 174.7640601705498, "completition_cost": 0.0, "overshoot_cost": 61.08528527753689, "power_cost": 20.03510611572266, "noise_cost": 15.786870097769295, "n_waypoints_completed": 9, "tot_waypoints": 9}}
{"target": -246.2522459279811, "params": {"k_pid_pos": [2.0, 0.0, 1.0], "k_pid_alt": [2.0, 1.0, 1.0], "k_pid_att": [73.54948256933116, 0.0001, 1.0], "k_pid_yaw": [0.5, 1e-06, 0.1], "k_pid_hsp": [8.12604101256677, 1.0, 0.0], "k_pid_vsp": [180.52564138618862, 146.9542253051547, 67.809142437167]}, "datetime": {"datetime": "2025-08-21 07:30:06", "elapsed": 70661.48964953423, "delta": 40.246543645858765}, "costs": {"total_cost": 246.2522459279811, "time_cost": 83.28, "final_distance_cost": 1.7959098726244112, "oscillation_cost": 80.49258474678135, "completition_cost": 0.0, "overshoot_cost": 54.099218443340355, "power_cost": 14.892078955078127, "noise_cost": 11.692453910156864, "n_waypoints_completed": 9, "tot_waypoints": 9}}
{"target": -361.4569556066896, "params": {"k_pid_pos": [1.852272095368679, 1.0, 0.0], "k_pid_alt": [2.0, 0.0, 0.12907323145720304], "k_pid_att": [39.105971906742894, 10.0, 1.0], "k_pid_yaw": [0.5, 1e-06, 0.1], "k_pid_hsp": [4.738087900408734, 0.0, 1.0], "k_pid_vsp": [313.5889738334452, 43.959783299040446, 65.03115149298141]}, "datetime": {"datetime": "2025-08-21 07:31:04", "elapsed": 70718.98032236099, "delta": 57.49067282676697}, "costs": {"total_cost": 361.4569556066896, "time_cost": 98.72800000000001, "final_distance_cost": 1.7744364206099845, "oscillation_cost": 146.4038726171668, "completition_cost": 0.0, "overshoot_cost": 76.07303885745854, "power_cost": 20.582829516601564, "noise_cost": 17.894778194852694, "n_waypoints_completed": 9, "tot_waypoints": 9}}
{"target": -745.1634569010246, "params": {"k_pid_pos": [2.0, 1.0, 1.0], "k_pid_alt": [2.0, 1.0, 0.0], "k_pid_att": [53.54488720930719, 6.784736598932224, 1.0], "k_pid_yaw": [0.5, 1e-06, 0.1], "k_pid_hsp": [10.0, 1.0, 1.0], "k_pid_vsp": [237.84670184408145, 75.78145566162058, 154.21435862143298]}, "datetime": {"datetime": "2025-08-21 07:32:00", "elapsed": 70775.37471842766, "delta": 56.39439606666565}, "costs": {"total_cost": 745.1634569010246, "time_cost": 150, "final_distance_cost": 68.49389661303488, "oscillation_cost": 210.57280463806532, "completition_cost": 222.2222222222222, "overshoot_cost": 55.512397578874975, "power_cost": 21.629608154296875, "noise_cost": 16.732527694530358, "n_waypoints_completed": 7, "tot_waypoints": 9}}
{"target": -233.92351746640213, "params": {"k_pid_pos": [2.0, 0.12836818245793827, 0.2993096797204196], "k_pid_alt": [1.327522055889115, 0.0, 0.8659706656067002], "k_pid_att": [58.02283728598603, 5.343719059729979, 0.044174004604833006], "k_pid_yaw": [0.5, 1e-06, 0.1], "k_pid_hsp": [5.8442824415040695, 0.0, 0.0], "k_pid_vsp": [335.44799103184147, 396.7114866426408, 308.56476801128485]}, "datetime": {"datetime": "2025-08-21 07:32:43", "elapsed": 70817.8015100956, "delta": 42.42679166793823}, "costs": {"total_cost": 233.92351746640213, "time_cost": 76.272, "final_distance_cost": 1.8513555961453254, "oscillation_cost": 75.72479071733201, "completition_cost": 0.0, "overshoot_cost": 53.931398653035984, "power_cost": 14.348924169921876, "noise_cost": 11.795048329966932, "n_waypoints_completed": 9, "tot_waypoints": 9}}
{"target": -694.1695010705938, "params": {"k_pid_pos": [0.7595804769083566, 0.08414868442178358, 0.14625357589648658], "k_pid_alt": [0.5135157211597985, 0.5645064741759118, 0.995683939214513], "k_pid_att": [41.899396234038925, 7.688076517456774, 0.04224220410644619], "k_pid_yaw": [0.5, 1e-06, 0.1], "k_pid_hsp": [7.843732499032318, 0.5831892003987053, 0.7109552167649962], "k_pid_vsp": [316.8341022400015, 43.45008263890251, 69.35507731796544]}, "datetime": {"datetime": "2025-08-21 07:33:31", "elapsed": 70865.56213855743, "delta": 47.76062846183777}, "costs": {"total_cost": 694.1695010705938, "time_cost": 150, "final_distance_cost": 6.825964602970291, "oscillation_cost": 330.44039581350455, "completition_cost": 111.11111111111116, "overshoot_cost": 57.71271446039944, "power_cost": 21.630563037109376, "noise_cost": 16.44875204549901, "n_waypoints_completed": 8, "tot_waypoints": 9}}
{"target": -675.3153290967011, "params": {"k_pid_pos": [2.0, 0.0, 0.4720071844830474], "k_pid_alt": [1.213402795283687, 0.1129326037459867, 0.0], "k_pid_att": [4.228218344533649, 10.0, 0.2734184229359186], "k_pid_yaw": [0.5, 1e-06, 0.1], "k_pid_hsp": [10.0, 1.0, 1.0], "k_pid_vsp": [96.84079434763032, 285.83777068534494, 95.51979114330028]}, "datetime": {"datetime": "2025-08-21 07:34:17", "elapsed": 70911.76052069664, "delta": 46.19838213920593}, "costs": {"total_cost": 675.3153290967011, "time_cost": 150, "final_distance_cost": 35.37094016766367, "oscillation_cost": 288.7026535887867, "completition_cost": 111.11111111111116, "overshoot_cost": 52.87921806107651, "power_cost": 21.703690185546876, "noise_cost": 15.547715982516243, "n_waypoints_completed": 8, "tot_waypoints": 9}}
{"target": -661.5462061017482, "params": {"k_pid_pos": [0.3019935302367147, 0.36629315519333216, 0.15803777485125037], "k_pid_alt": [1.2738994598497109, 0.7038669337195618, 0.16480014406438703], "k_pid_att": [9.961391238123285, 1.160310611615318, 0.8310534471030582], "k_pid_yaw": [0.5, 1e-06, 0.1], "k_pid_hsp": [9.134243340522808, 0.8084807273346121, 0.9381209828543182], "k_pid_vsp": [103.06615681176044, 96.76881312296902, 29.428703494575604]}, "datetime": {"datetime": "2025-08-21 07:35:19", "elapsed": 70973.80007529259, "delta": 62.039554595947266}, "costs": {"total_cost": 661.5462061017482, "time_cost": 150, "final_distance_cost": 63.47846124776619, "oscillation_cost": 142.091750572157, "completition_cost": 222.2222222222222, "overshoot_cost": 48.30021244802587, "power_cost": 19.996061560058596, "noise_cost": 15.457498051518376, "n_waypoints_completed": 7, "tot_waypoints": 9}}
{"target": -302.1365218761295, "params": {"k_pid_pos": [1.7053442061493216, 0.054210267403237394, 0.7431680487189252], "k_pid_alt": [2.0, 1.0, 0.28085809455023303], "k_pid_att": [17.240483702636002, 0.0001, 1.0], "k_pid_yaw": [0.5, 1e-06, 0.1], "k_pid_hsp": [10.0, 0.0, 0.48710304215147254], "k_pid_vsp": [15.109174813681662, 225.09465171012064, 35.39058328769078]}, "datetime": {"datetime": "2025-08-21 07:35:59", "elapsed": 71013.84209918976, "delta": 40.04202389717102}, "costs": {"total_cost": 302.1365218761295, "time_cost": 80.592, "final_distance_cost": 1.7526365020754908, "oscillation_cost": 138.4518416649327, "completition_cost": 0.0, "overshoot_cost": 52.88047157573461, "power_cost": 16.10535408935547, "noise_cost": 12.354218044031288, "n_waypoints_completed": 9, "tot_waypoints": 9}}
{"target": -1341.1715333314535, "params": {"k_pid_pos": [0.0001, 1.0, 1.0], "k_pid_alt": [0.0, 1.0, 1.0], "k_pid_att": [13.212218934414413, 10.0, 0.0], "k_pid_yaw": [0.5, 1e-06, 0.1], "k_pid_hsp": [4.252092666125257, 1.0, 0.0], "k_pid_vsp": [21.74508081891058, 310.59468053133804, 28.338661157459416]}, "datetime": {"datetime": "2025-08-21 07:36:50", "elapsed": 71065.36548256874, "delta": 51.523383378982544}, "costs": {"total_cost": 1341.1715333314535, "time_cost": 150, "final_distance_cost": 63.24900818445694, "oscillation_cost": 167.1047050374436, "completition_cost": 888.8888888888888, "overshoot_cost": 41.46078191236645, "power_cost": 17.50634825439453, "noise_cost": 12.961801053903269, "n_waypoints_completed": 1, "tot_waypoints": 9}}
{"target": -232.29427306918, "params": {"k_pid_pos": [1.3926269370678248, 0.0, 0.05538336773601391], "k_pid_alt": [1.7218544367088102, 0.5444765001531449, 1.0], "k_pid_att": [9.912054886108915, 3.8841278195301907, 0.1890204487947951], "k_pid_yaw": [0.5, 1e-06, 0.1], "k_pid_hsp": [3.571908251845154, 0.8687862521584206, 0.0], "k_pid_vsp": [51.5652877968177, 228.791753549353, 80.80496902067739]}, "datetime": {"datetime": "2025-08-21 07:37:40", "elapsed": 71114.67095470428, "delta": 49.30547213554382}, "costs": {"total_cost": 232.29427306918, "time_cost": 79.21600000000001, "final_distance_cost": 1.7614633653812692, "oscillation_cost": 55.986378141271786, "completition_cost": 0.0, "overshoot_cost": 52.53068745615581, "power_cost": 25.37115859375, "noise_cost": 17.42858551262112, "n_waypoints_completed": 9, "tot_waypoints": 9}}
{"target": -814.801077931566, "params": {"k_pid_pos": [0.6020556722444446, 0.4137570988440138, 0.5191487803593725], "k_pid_alt": [1.0522980209230266, 0.18081308964915943, 0.8830263711829035], "k_pid_att": [19.950197376930422, 3.928035300019296, 0.5429245880836104], "k_pid_yaw": [0.5, 1e-06, 0.1], "k_pid_hsp": [3.011353279691703, 0.9053556796804579, 0.3297062603672577], "k_pid_vsp": [360.0258401786025, 119.752487534657, 39.727658971501064]}, "datetime": {"datetime": "2025-08-21 07:38:25", "elapsed": 71159.88090777397, "delta": 45.20995306968689}, "costs": {"total_cost": 814.801077931566, "time_cost": 150, "final_distance_cost": 72.13144142276035, "oscillation_cost": 291.628313994298, "completition_cost": 222.2222222222222, "overshoot_cost": 41.75334642480093, "power_cost": 21.67644362792969, "noise_cost": 15.389310239554929, "n_waypoints_completed": 7, "tot_waypoints": 9}}
{"target": -429.3013172656269, "params": {"k_pid_pos": [2.0, 0.3371158157225105, 0.25884187289478083], "k_pid_alt": [1.1409372405051093, 0.37853789830756934, 0.3282572367413352], "k_pid_att": [41.114813251280445, 1.2199109515535111, 0.23307314440076599], "k_pid_yaw": [0.5, 1e-06, 0.1], "k_pid_hsp": [9.370383745783215, 0.17888583125246904, 0.716721283654017], "k_pid_vsp": [289.2429252794991, 73.22745092963301, 46.676624495046504]}, "datetime": {"datetime": "2025-08-21 07:39:03", "elapsed": 71197.81546616554, "delta": 37.934558391571045}, "costs": {"total_cost": 429.3013172656269, "time_cost": 92.72, "final_distance_cost": 1.7181582362022074, "oscillation_cost": 242.7806297643611, "completition_cost": 0.0, "overshoot_cost": 55.665691234267534, "power_cost": 20.785003747558594, "noise_cost": 15.631834283237405, "n_waypoints_completed": 9, "tot_waypoints": 9}}
{"target": -837.8346374943951, "params": {"k_pid_pos": [2.0, 1.0, 1.0], "k_pid_alt": [0.0, 1.0, 0.0], "k_pid_att": [45.97815337194234, 7.332120482760689, 0.0], "k_pid_yaw": [0.5, 1e-06, 0.1], "k_pid_hsp": [9.481417918912577, 0.0, 0.0], "k_pid_vsp": [148.606429537804, 49.37098535062456, 34.69495307603117]}, "datetime": {"datetime": "2025-08-21 07:39:55", "elapsed": 71250.32963037491, "delta": 52.514164209365845}, "costs": {"total_cost": 837.8346374943951, "time_cost": 150, "final_distance_cost": 82.01527600521543, "oscillation_cost": 296.3745002249001, "completition_cost": 222.2222222222222, "overshoot_cost": 55.48055046436449, "power_cost": 16.830779650878906, "noise_cost": 14.91130892681403, "n_waypoints_completed": 7, "tot_waypoints": 9}}
{"target": -1081.7060156586142, "params": {"k_pid_pos": [1.1837162908998828, 0.8184245576026902, 0.3335673938495916], "k_pid_alt": [0.9728419711236984, 0.2251631143263016, 0.7578874111655337], "k_pid_att": [0.9542019780411618, 2.4704877399040335, 0.08723142853018867], "k_pid_yaw": [0.5, 1e-06, 0.1], "k_pid_hsp": [5.859496451109044, 0.776180741616298, 0.6819333973725844], "k_pid_vsp": [261.62874586002505, 285.7627161615059, 34.91051603809944]}, "datetime": {"datetime": "2025-08-21 07:40:47", "elapsed": 71302.17767906189, "delta": 51.8480486869812}, "costs": {"total_cost": 1081.7060156586142, "time_cost": 150, "final_distance_cost": 46.98623520501268, "oscillation_cost": 242.80674239434663, "completition_cost": 555.5555555555555, "overshoot_cost": 63.18195168091825, "power_cost": 12.629551098632813, "noise_cost": 10.54597972414812, "n_waypoints_completed": 4, "tot_waypoints": 9}}
{"target": -653.4230073074639, "params": {"k_pid_pos": [1.3624779056214078, 0.5814244141999397, 0.719865239016022], "k_pid_alt": [1.9420926516459442, 0.20925530650208624, 0.6247589848886117], "k_pid_att": [38.20008050269848, 6.6288766872774225, 0.7526503502186116], "k_pid_yaw": [0.5, 1e-06, 0.1], "k_pid_hsp": [4.919745137750672, 0.5130477740939063, 0.5718120504905119], "k_pid_vsp": [172.55399127621104, 48.26038762545281, 17.378560739549542]}, "datetime": {"datetime": "2025-08-21 07:41:33", "elapsed": 71348.20072865486, "delta": 46.0230495929718}, "costs": {"total_cost": 653.4230073074639, "time_cost": 150, "final_distance_cost": 42.53585603916285, "oscillation_cost": 264.4092176307099, "completition_cost": 111.11111111111116, "overshoot_cost": 50.96090611897947, "power_cost": 19.63565487060547, "noise_cost": 14.77026153689503, "n_waypoints_completed": 8, "tot_waypoints": 9}}
{"target": -1548.4557001167786, "params": {"k_pid_pos": [0.0001, 0.0, 0.0], "k_pid_alt": [0.0, 1.0, 1.0], "k_pid_att": [34.48286710818006, 0.0001, 1.0], "k_pid_yaw": [0.5, 1e-06, 0.1], "k_pid_hsp": [4.440604156430752, 1.0, 1.0], "k_pid_vsp": [393.17968907760394, 44.10237475594399, 183.52018548341672]}, "datetime": {"datetime": "2025-08-21 07:42:22", "elapsed": 71396.76912736893, "delta": 48.56839871406555}, "costs": {"total_cost": 1548.4557001167786, "time_cost": 150, "final_distance_cost": 45.216334379529066, "oscillation_cost": 278.6065298733264, "completition_cost": 1000.0, "overshoot_cost": 42.106185273255264, "power_cost": 18.418911645507812, "noise_cost": 14.107738945160133, "n_waypoints_completed": 0, "tot_waypoints": 9}}
{"target": -300.34052861493876, "params": {"k_pid_pos": [1.43745431033501, 0.3806323755324348, 0.19928346687325507], "k_pid_alt": [1.544400247886842, 0.4020839863398449, 0.25842154842141085], "k_pid_att": [36.559881852003926, 1.8325207943457604, 0.7405192897877592], "k_pid_yaw": [0.5, 1e-06, 0.1], "k_pid_hsp": [7.613653612624173, 0.5769171159267285, 0.08175596740262218], "k_pid_vsp": [275.1056605861586, 302.90709499555123, 77.55969784522978]}, "datetime": {"datetime": "2025-08-21 07:43:02", "elapsed": 71436.64288568497, "delta": 39.87375831604004}, "costs": {"total_cost": 300.34052861493876, "time_cost": 94.336, "final_distance_cost": 1.7247845432161855, "oscillation_cost": 117.03212058246368, "completition_cost": 0.0, "overshoot_cost": 52.99563080971475, "power_cost": 19.377092211914064, "noise_cost": 14.874900467630088, "n_waypoints_completed": 9, "tot_waypoints": 9}}
{"target": -201.6527439113295, "params": {"k_pid_pos": [2.0, 0.0, 0.0], "k_pid_alt": [2.0, 0.0, 0.0], "k_pid_att": [41.26806404359172, 10.0, 0.8626528470357373], "k_pid_yaw": [0.5, 1e-06, 0.1], "k_pid_hsp": [7.504207183668479, 1.0, 0.0], "k_pid_vsp": [116.71317754241211, 138.51349689822183, 21.04920879675005]}, "datetime": {"datetime": "2025-08-21 07:43:47", "elapsed": 71482.33415961266, "delta": 45.6912739276886}, "costs": {"total_cost": 201.6527439113295, "time_cost": 68.896, "final_distance_cost": 1.7848264655277535, "oscillation_cost": 60.96294738541656, "completition_cost": 0.0, "overshoot_cost": 50.28760592438258, "power_cost": 10.414868103027345, "noise_cost": 9.306496032975263, "n_waypoints_completed": 9, "tot_waypoints": 9}}
{"target": -1286.6727960143937, "params": {"k_pid_pos": [0.2298763582089117, 0.3661977659879946, 0.40317199621054534], "k_pid_alt": [1.8518736047005913, 0.5236601206875114, 0.9520178743783305], "k_pid_att": [13.373410528273965, 4.285544404153658, 0.11511976796550416], "k_pid_yaw": [0.5, 1e-06, 0.1], "k_pid_hsp": [3.499294408266604, 0.32688595941388454, 0.5670165357236415], "k_pid_vsp": [317.86021594416343, 338.9377908932741, 6.947272188931321]}, "datetime": {"datetime": "2025-08-21 07:44:33", "elapsed": 71527.58111643791, "delta": 45.24695682525635}, "costs": {"total_cost": 1286.6727960143937, "time_cost": 150, "final_distance_cost": 52.312243242258994, "oscillation_cost": 342.4513493719984, "completition_cost": 666.6666666666667, "overshoot_cost": 41.69746602328535, "power_cost": 18.189222436523437, "noise_cost": 15.355848273661072, "n_waypoints_completed": 3, "tot_waypoints": 9}}
{"target": -479.0475073713917, "params": {"k_pid_pos": [1.1299587923942933, 0.6145206188186639, 0.6592107712825495], "k_pid_alt": [0.656167648578121, 0.5299618493253437, 0.6711595362822679], "k_pid_att": [6.604897941774287, 5.540602955004712, 0.897270953957214], "k_pid_yaw": [0.5, 1e-06, 0.1], "k_pid_hsp": [6.842344168565328, 0.3605505562520795, 0.09729724573775723], "k_pid_vsp": [169.93228753743506, 50.99438317209369, 75.09193476760389]}, "datetime": {"datetime": "2025-08-21 07:45:20", "elapsed": 71575.0289068222, "delta": 47.4477903842926}, "costs": {"total_cost": 479.0475073713917, "time_cost": 150, "final_distance_cost": 25.331583593850365, "oscillation_cost": 98.06785112009976, "completition_cost": 111.11111111111116, "overshoot_cost": 57.38538600745096, "power_cost": 21.564953955078128, "noise_cost": 15.586621583801398, "n_waypoints_completed": 8, "tot_waypoints": 9}}
