{"target": -401.7253131888072, "params": {"k_pid_pos": [1.312580624623797, 0.5778330685106728, 0.4414132649676704], "k_pid_alt": [1.576628186120307, 0.09173809016020062, 0.5153917336242475], "k_pid_att": [62.05768766627564, 5.606902550290735, 0.3639932481069388], "k_pid_yaw": [0.5, 1e-06, 0.1], "k_pid_hsp": [5.140639331506817, 0.16609878653516108, 0.2609537526829947], "k_pid_vsp": [338.75355825981177, 397.7770783786236, 305.0670335082891]}, "datetime": {"datetime": "2025-08-20 14:34:43", "elapsed": 9738.384848117828, "delta": 19.56961727142334}, "costs": {"total_cost": 401.7253131888072, "time_cost": 84.06400000000001, "final_distance_cost": 1.748695122218688, "oscillation_cost": 222.09338420861152, "completition_cost": 0.0, "overshoot_cost": 56.53361871692335, "power_cost": 21.475876391601563, "noise_cost": 15.809738749452078, "n_waypoints_completed": 9, "tot_waypoints": 9}}
{"target": -1473.9040873834674, "params": {"k_pid_pos": [1.708777275171765, 0.9544906532952335, 0.05121911718211891], "k_pid_alt": [0.6562364050054361, 0.0927277704284517, 0.8580566909218108], "k_pid_att": [61.75466884184677, 7.95781428509143, 0.48498762529897976], "k_pid_yaw": [0.5, 1e-06, 0.1], "k_pid_hsp": [6.231438606722893, 0.6743042908753584, 0.09343738580148075], "k_pid_vsp": [39.782656708415985, 107.033858056206, 114.42375242008252]}, "datetime": {"datetime": "2025-08-20 14:35:06", "elapsed": 9761.25757074356, "delta": 22.872722625732422}, "costs": {"total_cost": 1473.9040873834674, "time_cost": 150, "final_distance_cost": 11.142711542153172, "oscillation_cost": 85.54416796485968, "completition_cost": 1000.0, "overshoot_cost": 137.94363998069494, "power_cost": 20.715309680175782, "noise_cost": 68.55825821558378, "n_waypoints_completed": 0, "tot_waypoints": 9}}
{"target": -839.4945164036169, "params": {"k_pid_pos": [0.28461932560069775, 0.1150068748011226, 0.935316708649317], "k_pid_alt": [1.1042320046334397, 0.22109399307922872, 0.6487367894283181], "k_pid_att": [1.576833691271795, 1.5898129606799378, 0.2121999880453591], "k_pid_yaw": [0.5, 1e-06, 0.1], "k_pid_hsp": [7.962758799052177, 0.5998257299764453, 0.35139072065490706], "k_pid_vsp": [229.88229799960735, 375.1974227358395, 45.3437464277001]}, "datetime": {"datetime": "2025-08-20 14:35:30", "elapsed": 9784.787297964096, "delta": 23.52972722053528}, "costs": {"total_cost": 839.4945164036169, "time_cost": 150, "final_distance_cost": 46.83661597735211, "oscillation_cost": 113.4464053255741, "completition_cost": 444.4444444444444, "overshoot_cost": 51.5468281175807, "power_cost": 19.228392724609375, "noise_cost": 13.991829814056162, "n_waypoints_completed": 5, "tot_waypoints": 9}}
{"target": -725.4406026302186, "params": {"k_pid_pos": [1.7621868671276144, 0.804921288801078, 0.7429406004825141], "k_pid_alt": [1.0745644044725435, 0.3216781072729551, 0.10774722245578572], "k_pid_att": [29.347980881861645, 2.370293880228412, 0.468920710848584], "k_pid_yaw": [0.5, 1e-06, 0.1], "k_pid_hsp": [2.3018852517883013, 0.5937855299562254, 0.505734124571443], "k_pid_vsp": [197.6589749680809, 141.41911960743823, 20.095742609093545]}, "datetime": {"datetime": "2025-08-20 14:35:58", "elapsed": 9812.72214269638, "delta": 27.934844732284546}, "costs": {"total_cost": 725.4406026302186, "time_cost": 150, "final_distance_cost": 73.95924034820717, "oscillation_cost": 192.17655860534674, "completition_cost": 222.2222222222222, "overshoot_cost": 50.471209152288395, "power_cost": 20.872159619140625, "noise_cost": 15.739212683013385, "n_waypoints_completed": 7, "tot_waypoints": 9}}
{"target": -1146.5483878934206, "params": {"k_pid_pos": [1.9413786955553123, 0.934805804049885, 0.1944530276440396], "k_pid_alt": [0.37653032679636267, 0.09373029916495568, 0.3414603326919716], "k_pid_att": [53.392315183764204, 0.1312906962480278, 0.3227623056415321], "k_pid_yaw": [0.5, 1e-06, 0.1], "k_pid_hsp": [1.36471686329858, 0.8910786094007266, 0.9857244665289748], "k_pid_vsp": [329.34058344642244, 242.81471330074135, 342.9077088884024]}, "datetime": {"datetime": "2025-08-20 14:36:21", "elapsed": 9836.506968021393, "delta": 23.784825325012207}, "costs": {"total_cost": 1146.5483878934206, "time_cost": 150, "final_distance_cost": 53.130486212194306, "oscillation_cost": 161.24444555389755, "completition_cost": 666.6666666666667, "overshoot_cost": 75.106364302997, "power_cost": 23.412140246582034, "noise_cost": 16.98828491108277, "n_waypoints_completed": 3, "tot_waypoints": 9}}
{"target": -910.6020340082069, "params": {"k_pid_pos": [1.0201908638797799, 0.6115952357614212, 0.7207825620729835], "k_pid_alt": [0.6704069051583996, 0.7663175262296642, 0.29401621074181294], "k_pid_att": [72.18229545688996, 1.5722872015258038, 0.7216135707851119], "k_pid_yaw": [0.5, 1e-06, 0.1], "k_pid_hsp": [5.408694867167015, 0.5098212911288488, 0.349012725394533], "k_pid_vsp": [337.5824402400256, 169.16575274083993, 143.15343794055914]}, "datetime": {"datetime": "2025-08-20 14:36:49", "elapsed": 9864.258268594742, "delta": 27.751300573349}, "costs": {"total_cost": 910.6020340082069, "time_cost": 150, "final_distance_cost": 69.1087915075206, "oscillation_cost": 262.97984036140343, "completition_cost": 333.33333333333337, "overshoot_cost": 52.02698326840448, "power_cost": 24.46572604980469, "noise_cost": 18.68735948774029, "n_waypoints_completed": 6, "tot_waypoints": 9}}
{"target": -1963.0880384019526, "params": {"k_pid_pos": [0.2864505681758836, 0.21333558277183529, 0.7311012764152041], "k_pid_alt": [0.7419096953472493, 0.6716324472799111, 0.06832574550441606], "k_pid_att": [97.15976542125244, 5.148946401266138, 0.45803785335121705], "k_pid_yaw": [0.5, 1e-06, 0.1], "k_pid_hsp": [9.555575819098946, 0.08403177775765991, 0.4508875816473843], "k_pid_vsp": [4.906792984565511, 280.63175940940073, 362.3888303817342]}, "datetime": {"datetime": "2025-08-20 14:37:15", "elapsed": 9889.784852027893, "delta": 25.526583433151245}, "costs": {"total_cost": 1963.0880384019526, "time_cost": 150, "final_distance_cost": 225.36800373638275, "oscillation_cost": 414.25403799497246, "completition_cost": 888.8888888888888, "overshoot_cost": 248.09862136761654, "power_cost": 20.303712927246096, "noise_cost": 16.174773486846217, "n_waypoints_completed": 1, "tot_waypoints": 9}}
{"target": -1255.9009413756248, "params": {"k_pid_pos": [0.05832018688680192, 0.346109693092297, 0.11529537860018113], "k_pid_alt": [0.8025422317639179, 0.0535229763470072, 0.7533951758462821], "k_pid_att": [16.58542997453234, 8.975806548208103, 0.3225889265470865], "k_pid_yaw": [0.5, 1e-06, 0.1], "k_pid_hsp": [7.786941268669837, 0.8762111323194502, 0.7257476287260529], "k_pid_vsp": [385.39067914543955, 387.1020273946673, 146.17288948656423]}, "datetime": {"datetime": "2025-08-20 14:37:39", "elapsed": 9913.960430145264, "delta": 24.175578117370605}, "costs": {"total_cost": 1255.9009413756248, "time_cost": 150, "final_distance_cost": 77.09653261416227, "oscillation_cost": 280.34052729006686, "completition_cost": 666.6666666666667, "overshoot_cost": 44.54837452812066, "power_cost": 21.74794493408203, "noise_cost": 15.50089534252624, "n_waypoints_completed": 3, "tot_waypoints": 9}}
{"target": -792.4588430524808, "params": {"k_pid_pos": [1.812080072950137, 0.6504471661532574, 0.7774733744467826], "k_pid_alt": [1.6571773087693702, 0.24396030578111927, 0.7563382370773369], "k_pid_att": [50.0268764808063, 4.8090516805195875, 0.7185071619017385], "k_pid_yaw": [0.5, 1e-06, 0.1], "k_pid_hsp": [5.659425352973484, 0.6029751294541744, 0.5091164324613223], "k_pid_vsp": [252.42615769627136, 391.984236271976, 371.08227449887744]}, "datetime": {"datetime": "2025-08-20 14:38:04", "elapsed": 9939.400491476059, "delta": 25.440061330795288}, "costs": {"total_cost": 792.4588430524808, "time_cost": 150, "final_distance_cost": 68.10851442630216, "oscillation_cost": 253.86485461924727, "completition_cost": 222.2222222222222, "overshoot_cost": 59.06010622385521, "power_cost": 22.462331396484377, "noise_cost": 16.740814164369556, "n_waypoints_completed": 7, "tot_waypoints": 9}}
{"target": -1240.6302910396907, "params": {"k_pid_pos": [0.10898080384501078, 0.4458492175151221, 0.7789877663799284], "k_pid_alt": [1.8244767596506382, 0.15314559203126843, 0.6288528673255538], "k_pid_att": [44.939923546351345, 4.218134878368482, 0.8105188453916827], "k_pid_yaw": [0.5, 1e-06, 0.1], "k_pid_hsp": [6.090333213427841, 0.10759178755730003, 0.14140161908156434], "k_pid_vsp": [83.975069667239, 345.2335775364854, 299.3347090393726]}, "datetime": {"datetime": "2025-08-20 14:38:29", "elapsed": 9964.129956245422, "delta": 24.729464769363403}, "costs": {"total_cost": 1240.6302910396907, "time_cost": 150, "final_distance_cost": 86.02738125182381, "oscillation_cost": 263.37820042380747, "completition_cost": 666.6666666666667, "overshoot_cost": 40.065685149672284, "power_cost": 19.34989686279297, "noise_cost": 15.142460684927276, "n_waypoints_completed": 3, "tot_waypoints": 9}}
{"target": -1102.7026592032496, "params": {"k_pid_pos": [0.5145495422194243, 0.10576714158146394, 0.1735096864089538], "k_pid_alt": [1.596510314660571, 0.8360000917628675, 0.5929096467539023], "k_pid_att": [94.55123934856651, 2.6465013045901187, 0.20094313997113156], "k_pid_yaw": [0.5, 1e-06, 0.1], "k_pid_hsp": [8.101343187494743, 0.642479191105608, 0.855750024408444], "k_pid_vsp": [227.1305786966878, 357.68284819498285, 340.34967071932846]}, "datetime": {"datetime": "2025-08-20 14:38:53", "elapsed": 9987.981238603592, "delta": 23.851282358169556}, "costs": {"total_cost": 1102.7026592032496, "time_cost": 150, "final_distance_cost": 58.57563198161796, "oscillation_cost": 365.99415768847547, "completition_cost": 444.4444444444444, "overshoot_cost": 47.209240470204065, "power_cost": 20.390680639648437, "noise_cost": 16.088503978858984, "n_waypoints_completed": 5, "tot_waypoints": 9}}
{"target": -1715.5291593167515, "params": {"k_pid_pos": [0.3816356737466157, 0.025319283529599113, 0.1535482865955996], "k_pid_alt": [1.746542331821145, 0.6941274430226425, 0.2485460929673058], "k_pid_att": [20.082495440081004, 0.9855664846542406, 0.5292982302166778], "k_pid_yaw": [0.5, 1e-06, 0.1], "k_pid_hsp": [6.7209026750134555, 0.32123885551909614, 0.9583406817390409], "k_pid_vsp": [4.353451565280331, 128.03082121856986, 155.87721105569625]}, "datetime": {"datetime": "2025-08-20 14:39:19", "elapsed": 10014.305080413818, "delta": 26.32384181022644}, "costs": {"total_cost": 1715.5291593167515, "time_cost": 150, "final_distance_cost": 0.7617509238268096, "oscillation_cost": 410.28690709945835, "completition_cost": 1000.0, "overshoot_cost": 119.90360141662697, "power_cost": 14.082276184082032, "noise_cost": 20.49462369275734, "n_waypoints_completed": 0, "tot_waypoints": 9}}
{"target": -1331.9249905801496, "params": {"k_pid_pos": [0.5449543585824098, 0.3076802584935985, 0.669448619421043], "k_pid_alt": [0.5445560406956573, 0.6558641045086184, 0.5052171944883557], "k_pid_att": [61.75373580572733, 9.964877651874438, 0.008398022814861461], "k_pid_yaw": [0.5, 1e-06, 0.1], "k_pid_hsp": [6.556050010388865, 0.4126298335971921, 0.49399907712345903], "k_pid_vsp": [98.63794779267283, 224.1874952244633, 125.76384899054548]}, "datetime": {"datetime": "2025-08-20 14:39:45", "elapsed": 10039.683621406555, "delta": 25.378540992736816}, "costs": {"total_cost": 1331.9249905801496, "time_cost": 150, "final_distance_cost": 52.63737713436933, "oscillation_cost": 379.93299095236705, "completition_cost": 666.6666666666667, "overshoot_cost": 44.447742120401635, "power_cost": 21.044429980468752, "noise_cost": 17.195783725875984, "n_waypoints_completed": 3, "tot_waypoints": 9}}
{"target": -1278.6522437520782, "params": {"k_pid_pos": [0.3724225127292533, 0.3471152831019687, 0.45678307909512617], "k_pid_alt": [1.1309075435656193, 0.9408710731549395, 0.09516474605711878], "k_pid_att": [48.476647219108756, 1.9055537455803035, 0.448597329569402], "k_pid_yaw": [0.5, 1e-06, 0.1], "k_pid_hsp": [6.578663131597956, 0.4749293197304728, 0.5370306699807318], "k_pid_vsp": [200.1134008569157, 390.100213028938, 232.43961057522012]}, "datetime": {"datetime": "2025-08-20 14:40:11", "elapsed": 10066.10719704628, "delta": 26.42357563972473}, "costs": {"total_cost": 1278.6522437520782, "time_cost": 150, "final_distance_cost": 50.844692328501004, "oscillation_cost": 323.1198174323432, "completition_cost": 666.6666666666667, "overshoot_cost": 49.46866141522778, "power_cost": 21.472058349609377, "noise_cost": 17.080347559730004, "n_waypoints_completed": 3, "tot_waypoints": 9}}
{"target": -1400.1017711098555, "params": {"k_pid_pos": [0.3450484176630032, 0.4183808420129793, 0.7038769547052596], "k_pid_alt": [1.0538288251010544, 0.6010621141386481, 0.6996667712001297], "k_pid_att": [35.745577460667675, 1.989454022765841, 0.8985065802574295], "k_pid_yaw": [0.5, 1e-06, 0.1], "k_pid_hsp": [0.22077548352683138, 0.9478792038674859, 0.8797525935551145], "k_pid_vsp": [294.359788833467, 110.18661071881436, 287.1081531829829]}, "datetime": {"datetime": "2025-08-20 14:40:36", "elapsed": 10090.82985496521, "delta": 24.722657918930054}, "costs": {"total_cost": 1400.1017711098555, "time_cost": 150, "final_distance_cost": 103.45709723870938, "oscillation_cost": 282.72207782956855, "completition_cost": 777.7777777777778, "overshoot_cost": 54.50770204024285, "power_cost": 17.16518154296875, "noise_cost": 14.471934680588484, "n_waypoints_completed": 2, "tot_waypoints": 9}}
{"target": -1745.0162997393072, "params": {"k_pid_pos": [1.508116921056809, 0.12736946942514404, 0.29957174405843456], "k_pid_alt": [0.20288008616789144, 0.8043518080323183, 0.2192201125801988], "k_pid_att": [3.3363084691763856, 6.214055133468442, 0.018609912638447246], "k_pid_yaw": [0.5, 1e-06, 0.1], "k_pid_hsp": [5.785278198431536, 0.20254034321457492, 0.8528410334775223], "k_pid_vsp": [52.78552114417927, 9.287499010842048, 200.9595778925918]}, "datetime": {"datetime": "2025-08-20 14:41:06", "elapsed": 10121.498202323914, "delta": 30.668347358703613}, "costs": {"total_cost": 1745.0162997393072, "time_cost": 150, "final_distance_cost": 1.0732860848816757, "oscillation_cost": 377.5221436388751, "completition_cost": 1000.0, "overshoot_cost": 135.8715272014115, "power_cost": 18.743053149414063, "noise_cost": 61.8062896647249, "n_waypoints_completed": 0, "tot_waypoints": 9}}
{"target": -1102.2708796742922, "params": {"k_pid_pos": [0.3253566978385078, 0.5007465626717231, 0.5029820345221082], "k_pid_alt": [0.4931533153578227, 0.45020221323544984, 0.9421884299457408], "k_pid_att": [10.64136012369219, 5.63431499767412, 0.09969750326152482], "k_pid_yaw": [0.5, 1e-06, 0.1], "k_pid_hsp": [7.380946366256712, 0.013514346704473601, 0.5154608613196697], "k_pid_vsp": [76.99063366819642, 336.0415686372543, 101.42278391335057]}, "datetime": {"datetime": "2025-08-20 14:41:35", "elapsed": 10150.500084877014, "delta": 29.001882553100586}, "costs": {"total_cost": 1102.2708796742922, "time_cost": 150, "final_distance_cost": 47.063277813574445, "oscillation_cost": 266.39238970141184, "completition_cost": 555.5555555555555, "overshoot_cost": 44.53439468446053, "power_cost": 21.63294169921875, "noise_cost": 17.09232022007115, "n_waypoints_completed": 4, "tot_waypoints": 9}}
{"target": -1101.0378767703185, "params": {"k_pid_pos": [0.18314013465595086, 0.7507774908114836, 0.04276597465986254], "k_pid_alt": [0.017145652097885877, 0.2121529114114159, 0.4839303555126919], "k_pid_att": [57.13768970286189, 1.4284701892698701, 0.5838553228633279], "k_pid_yaw": [0.5, 1e-06, 0.1], "k_pid_hsp": [3.485053456477525, 0.8729494397998406, 0.10110098280335533], "k_pid_vsp": [162.74104654761183, 355.4320388436062, 20.301829478436055]}, "datetime": {"datetime": "2025-08-20 14:42:05", "elapsed": 10180.441728830338, "delta": 29.941643953323364}, "costs": {"total_cost": 1101.0378767703185, "time_cost": 150, "final_distance_cost": 60.316987303743204, "oscillation_cost": 131.4714343257228, "completition_cost": 666.6666666666667, "overshoot_cost": 55.28939891126327, "power_cost": 21.161040454101563, "noise_cost": 16.132349108820893, "n_waypoints_completed": 3, "tot_waypoints": 9}}
{"target": -725.1127916649492, "params": {"k_pid_pos": [1.4143623305077728, 0.40524600217206896, 0.5042835136577256], "k_pid_alt": [0.4547180330500791, 0.6766573231067604, 0.9670630527504641], "k_pid_att": [36.79060228780232, 0.06321895948296717, 0.2833309300405956], "k_pid_yaw": [0.5, 1e-06, 0.1], "k_pid_hsp": [5.925226298289969, 0.7981088217301794, 0.24841262731358216], "k_pid_vsp": [32.503672038664575, 4.925575122208501, 23.593168975074125]}, "datetime": {"datetime": "2025-08-20 14:42:34", "elapsed": 10209.348592281342, "delta": 28.90686345100403}, "costs": {"total_cost": 725.1127916649492, "time_cost": 150, "final_distance_cost": 55.176502561072965, "oscillation_cost": 307.76209559455907, "completition_cost": 111.11111111111116, "overshoot_cost": 62.726539318741196, "power_cost": 21.881988928222658, "noise_cost": 16.454554151242185, "n_waypoints_completed": 8, "tot_waypoints": 9}}
{"target": -1455.570989489293, "params": {"k_pid_pos": [1.6195519239226497, 0.6631190846527268, 0.03073913519732474], "k_pid_alt": [1.4272097984355452, 0.6504536262549759, 0.9267544387274635], "k_pid_att": [10.454885732321195, 5.070064684154422, 0.4590495213247646], "k_pid_yaw": [0.5, 1e-06, 0.1], "k_pid_hsp": [3.667157296505651, 0.159800701571017, 0.2331172770437122], "k_pid_vsp": [23.056338874839668, 117.29490627832443, 158.57987387495285]}, "datetime": {"datetime": "2025-08-20 14:42:59", "elapsed": 10234.253658771515, "delta": 24.90506649017334}, "costs": {"total_cost": 1455.570989489293, "time_cost": 150, "final_distance_cost": 55.343073273591266, "oscillation_cost": 203.42209735060484, "completition_cost": 888.8888888888888, "overshoot_cost": 100.48428733532353, "power_cost": 20.47644754638672, "noise_cost": 36.956195094497694, "n_waypoints_completed": 1, "tot_waypoints": 9}}
{"target": -930.8286014100833, "params": {"k_pid_pos": [1.8878199051924918, 0.13027599411704083, 0.06530807202360567], "k_pid_alt": [0.2840317153888392, 0.004565784919170368, 0.9516597198477265], "k_pid_att": [48.898576292140994, 5.496722464109494, 0.17930929831510745], "k_pid_yaw": [0.5, 1e-06, 0.1], "k_pid_hsp": [7.023321470086188, 0.25652673674635607, 0.2803597388735267], "k_pid_vsp": [38.29036483351911, 43.69066666097209, 68.07585971448123]}, "datetime": {"datetime": "2025-08-20 14:43:22", "elapsed": 10257.324598789215, "delta": 23.070940017700195}, "costs": {"total_cost": 930.8286014100833, "time_cost": 150, "final_distance_cost": 53.00354899576468, "oscillation_cost": 304.22587713415055, "completition_cost": 333.33333333333337, "overshoot_cost": 51.74595933998403, "power_cost": 21.235403540039062, "noise_cost": 17.284479066811645, "n_waypoints_completed": 6, "tot_waypoints": 9}}
{"target": -1160.646907750384, "params": {"k_pid_pos": [1.300937103694137, 0.46087296722952575, 0.8127014606367947], "k_pid_alt": [0.024347759746568887, 0.42571102762004953, 0.6634949852761397], "k_pid_att": [14.909491448739887, 2.849743964556468, 0.35227118618809783], "k_pid_yaw": [0.5, 1e-06, 0.1], "k_pid_hsp": [6.279839055997999, 0.925024931233026, 0.9358793320930615], "k_pid_vsp": [294.3317784593848, 30.97895140520205, 275.1264961749879]}, "datetime": {"datetime": "2025-08-20 14:43:45", "elapsed": 10280.21705198288, "delta": 22.89245319366455}, "costs": {"total_cost": 1160.646907750384, "time_cost": 150, "final_distance_cost": 38.480553430754334, "oscillation_cost": 313.73639290610066, "completition_cost": 555.5555555555555, "overshoot_cost": 65.45558894328005, "power_cost": 20.32182811279297, "noise_cost": 17.096988801900263, "n_waypoints_completed": 4, "tot_waypoints": 9}}
{"target": -2201.4140590739935, "params": {"k_pid_pos": [0.16688181537543012, 0.8795596124414453, 0.6712968726716831], "k_pid_alt": [0.7585590633701389, 0.2824744638440866, 0.6635834834321517], "k_pid_att": [0.9646733753982839, 5.138027546326834, 0.7018691065898424], "k_pid_yaw": [0.5, 1e-06, 0.1], "k_pid_hsp": [0.004436967482772101, 0.29317258819739367, 0.27344988928626024], "k_pid_vsp": [283.2667762318395, 115.08135175993192, 60.82137736203394]}, "datetime": {"datetime": "2025-08-20 14:44:08", "elapsed": 10303.103184461594, "delta": 22.88613247871399}, "costs": {"total_cost": 2201.4140590739935, "time_cost": 150, "final_distance_cost": 121.0224261975428, "oscillation_cost": 450.3795820358227, "completition_cost": 1000.0, "overshoot_cost": 366.04291879185854, "power_cost": 34.56312711181641, "noise_cost": 79.40600493695308, "n_waypoints_completed": 0, "tot_waypoints": 9}}
{"target": -1669.4752392918224, "params": {"k_pid_pos": [0.7237244694507413, 0.5231425699667251, 0.8866435730620281], "k_pid_alt": [0.06451554401969806, 0.2797417002830228, 0.6874088385014381], "k_pid_att": [22.197875138486022, 4.483826855351118, 0.16200557919644054], "k_pid_yaw": [0.5, 1e-06, 0.1], "k_pid_hsp": [4.02475304287119, 0.04466190195644759, 0.6116026699347938], "k_pid_vsp": [25.5677001332292, 78.88902664608722, 107.56923367659897]}, "datetime": {"datetime": "2025-08-20 14:44:31", "elapsed": 10325.531095981598, "delta": 22.427911520004272}, "costs": {"total_cost": 1669.4752392918224, "time_cost": 150, "final_distance_cost": 12.714566455490635, "oscillation_cost": 314.2667042390536, "completition_cost": 1000.0, "overshoot_cost": 128.31100745777357, "power_cost": 22.051290344238282, "noise_cost": 42.13167079526627, "n_waypoints_completed": 0, "tot_waypoints": 9}}
