{"target": -1258.5675476873985, "params": {"k_pid_pos": [0.4784150697670733, 0.45331433937679744, 0.6983425221593751], "k_pid_alt": [1.2662452817902243, 0.3416251352409554, 0.3809202252426649], "k_pid_att": [66.29309518519388, 6.11325992410309, 0.5651594522654146], "k_pid_yaw": [0.5, 1e-06, 0.1], "k_pid_hsp": [4.321154280601171, 0.7471794274321406, 0.9646186665913231], "k_pid_vsp": [239.69241494237488, 17.992490289704357, 284.43801686059726]}, "datetime": {"datetime": "2025-08-20 17:43:34", "elapsed": 21068.883773565292, "delta": 28.3348970413208}, "costs": {"total_cost": 1258.5675476873985, "time_cost": 150, "final_distance_cost": 64.06202755571708, "oscillation_cost": 287.66205221992533, "completition_cost": 666.6666666666667, "overshoot_cost": 51.86348241547134, "power_cost": 21.445801977539062, "noise_cost": 16.86751685207904, "n_waypoints_completed": 3, "tot_waypoints": 9}}
{"target": -1030.5607110315082, "params": {"k_pid_pos": [0.5063894490145503, 0.3569772071719487, 0.2222291840072177], "k_pid_alt": [1.7972596246760861, 0.05827605021880866, 0.19386074577383072], "k_pid_att": [58.92832016104693, 2.3065333046784335, 0.7079972549459007], "k_pid_yaw": [0.5, 1e-06, 0.1], "k_pid_hsp": [0.9265503562676034, 0.7627806011690094, 0.696417384372327], "k_pid_vsp": [256.7448182728911, 7.394509508533368, 207.37372675974194]}, "datetime": {"datetime": "2025-08-20 17:43:59", "elapsed": 21093.770825624466, "delta": 24.887052059173584}, "costs": {"total_cost": 1030.5607110315082, "time_cost": 150, "final_distance_cost": 53.05667794077088, "oscillation_cost": 175.67373787140673, "completition_cost": 555.5555555555555, "overshoot_cost": 57.69668355091158, "power_cost": 22.258346716308594, "noise_cost": 16.319709396554984, "n_waypoints_completed": 4, "tot_waypoints": 9}}
{"target": -1301.769305210993, "params": {"k_pid_pos": [0.11404705909014039, 0.36426360928352275, 0.3199393454439502], "k_pid_alt": [1.3508422568728227, 0.0770987479962989, 0.7948983277461228], "k_pid_att": [75.22425763556721, 7.225362344375481, 0.2013852326820117], "k_pid_yaw": [0.5, 1e-06, 0.1], "k_pid_hsp": [2.369246081143386, 0.02556159382987322, 0.5521686360429111], "k_pid_vsp": [195.39053105099202, 327.95017434935954, 297.8369902045844]}, "datetime": {"datetime": "2025-08-20 17:44:29", "elapsed": 21123.75178384781, "delta": 29.980958223342896}, "costs": {"total_cost": 1301.769305210993, "time_cost": 150, "final_distance_cost": 52.920965193522626, "oscillation_cost": 339.4224942184025, "completition_cost": 666.6666666666667, "overshoot_cost": 55.06383119361621, "power_cost": 21.101761132812502, "noise_cost": 16.59358680597266, "n_waypoints_completed": 3, "tot_waypoints": 9}}
{"target": -1533.285147439462, "params": {"k_pid_pos": [1.3548835600644367, 0.2591057557250632, 0.9075242891008458], "k_pid_alt": [1.1279678065469814, 0.7288342914616238, 0.6203947133469219], "k_pid_att": [21.2607173095788, 9.625438821327156, 0.16253063438429116], "k_pid_yaw": [0.5, 1e-06, 0.1], "k_pid_hsp": [2.6801280237191625, 0.6091726754664037, 0.3204364411466215], "k_pid_vsp": [102.37922373165543, 390.01057355861485, 330.1074172034253]}, "datetime": {"datetime": "2025-08-20 17:44:56", "elapsed": 21151.43388915062, "delta": 27.68210530281067}, "costs": {"total_cost": 1533.285147439462, "time_cost": 150, "final_distance_cost": 83.66768614540784, "oscillation_cost": 430.50449442902294, "completition_cost": 777.7777777777778, "overshoot_cost": 52.096129820086865, "power_cost": 21.06858688964844, "noise_cost": 18.17047237751806, "n_waypoints_completed": 2, "tot_waypoints": 9}}
{"target": -1053.343987507653, "params": {"k_pid_pos": [1.8258225937528891, 0.6153277502332083, 0.2083603070863732], "k_pid_alt": [1.0018689553189626, 0.35485070503308935, 0.8274906068492777], "k_pid_att": [6.29566217303733, 7.4607069736853475, 0.34769834212338613], "k_pid_yaw": [0.5, 1e-06, 0.1], "k_pid_hsp": [1.806031164717552, 0.42055781832408823, 0.9037040780627751], "k_pid_vsp": [291.1243067760934, 311.5608124149177, 293.51935858991203]}, "datetime": {"datetime": "2025-08-20 17:45:23", "elapsed": 21177.634338140488, "delta": 26.200448989868164}, "costs": {"total_cost": 1053.343987507653, "time_cost": 150, "final_distance_cost": 39.11774968634451, "oscillation_cost": 206.79622455512785, "completition_cost": 555.5555555555555, "overshoot_cost": 60.95732619650932, "power_cost": 23.56842283935547, "noise_cost": 17.34870867476029, "n_waypoints_completed": 4, "tot_waypoints": 9}}
{"target": -752.3798630408979, "params": {"k_pid_pos": [1.6387750258146947, 0.4291128446886704, 0.2895507185342675], "k_pid_alt": [1.2556237691955685, 0.9763696274387959, 0.8902958124885105], "k_pid_att": [52.154065737908084, 7.238051908202532, 0.46838225317802507], "k_pid_yaw": [0.5, 1e-06, 0.1], "k_pid_hsp": [5.7573822486955235, 0.7501846497175416, 0.09171806939732197], "k_pid_vsp": [379.5109318694349, 182.7434634728592, 313.78812325002536]}, "datetime": {"datetime": "2025-08-20 17:45:48", "elapsed": 21202.87211751938, "delta": 25.23777937889099}, "costs": {"total_cost": 752.3798630408979, "time_cost": 150, "final_distance_cost": 75.36853628663445, "oscillation_cost": 205.0615023732754, "completition_cost": 222.2222222222222, "overshoot_cost": 58.78185121908505, "power_cost": 22.940320812988283, "noise_cost": 18.005430126692573, "n_waypoints_completed": 7, "tot_waypoints": 9}}
{"target": -942.4588870648522, "params": {"k_pid_pos": [0.5321404937306694, 0.8078215599489741, 0.5846155159823074], "k_pid_alt": [0.47943137988071305, 0.10298213656258448, 0.11906618721912055], "k_pid_att": [22.574863435287508, 3.9934027609673404, 0.6322237226225542], "k_pid_yaw": [0.5, 1e-06, 0.1], "k_pid_hsp": [3.5259950180723, 0.6849721054341686, 0.7873428477828783], "k_pid_vsp": [5.169880892419743, 132.5426753906115, 50.90316622946676]}, "datetime": {"datetime": "2025-08-20 17:46:13", "elapsed": 21228.377705335617, "delta": 25.505587816238403}, "costs": {"total_cost": 942.4588870648522, "time_cost": 150, "final_distance_cost": 43.27606997642176, "oscillation_cost": 202.21075084745408, "completition_cost": 444.4444444444444, "overshoot_cost": 63.01707709919959, "power_cost": 22.68485817871094, "noise_cost": 16.825686518621563, "n_waypoints_completed": 5, "tot_waypoints": 9}}
{"target": -1535.1215558812723, "params": {"k_pid_pos": [0.3417282147577087, 0.36790484534223344, 0.35372590984407626], "k_pid_alt": [1.6956989246203833, 0.07534349097676141, 0.1025598638677152], "k_pid_att": [16.994743148740575, 1.9210067692261474, 0.9871972698362709], "k_pid_yaw": [0.5, 1e-06, 0.1], "k_pid_hsp": [5.430100268796849, 0.11140343150652732, 0.6590335770731243], "k_pid_vsp": [78.37644705623612, 360.991321588595, 373.77359125392286]}, "datetime": {"datetime": "2025-08-20 17:46:41", "elapsed": 21255.838981628418, "delta": 27.461276292800903}, "costs": {"total_cost": 1535.1215558812723, "time_cost": 150, "final_distance_cost": 137.2344179640075, "oscillation_cost": 209.7189468536781, "completition_cost": 888.8888888888888, "overshoot_cost": 111.38480285944985, "power_cost": 21.253119946289065, "noise_cost": 16.64137936895926, "n_waypoints_completed": 1, "tot_waypoints": 9}}
{"target": -733.6091111066388, "params": {"k_pid_pos": [0.3838910968516147, 0.926078142512683, 0.4113270527581089], "k_pid_alt": [0.32299466171615765, 0.13151817960505852, 0.5658565447936522], "k_pid_att": [94.89176283078623, 5.901294224156053, 0.8806807273190842], "k_pid_yaw": [0.5, 1e-06, 0.1], "k_pid_hsp": [6.91178582348639, 0.8820740315985147, 0.042333896169142404], "k_pid_vsp": [244.6340378674481, 216.07453389023263, 114.18249557529627]}, "datetime": {"datetime": "2025-08-20 17:47:08", "elapsed": 21282.643277168274, "delta": 26.804295539855957}, "costs": {"total_cost": 733.6091111066388, "time_cost": 150, "final_distance_cost": 67.32666702813266, "oscillation_cost": 103.09298114959411, "completition_cost": 333.33333333333337, "overshoot_cost": 43.98338345195388, "power_cost": 20.082999645996093, "noise_cost": 15.789746497628698, "n_waypoints_completed": 6, "tot_waypoints": 9}}
{"target": -825.6614976999729, "params": {"k_pid_pos": [1.3363956770362053, 0.3752937263737779, 0.43544071195240663], "k_pid_alt": [1.9128416071949097, 0.725217400895083, 0.7702572465515626], "k_pid_att": [61.68977018142152, 2.50337965990048, 0.13140620235311118], "k_pid_yaw": [0.5, 1e-06, 0.1], "k_pid_hsp": [5.631525030804505, 0.9225486635072119, 0.42466014589835777], "k_pid_vsp": [330.9546788006525, 24.098762902798864, 256.8704615668777]}, "datetime": {"datetime": "2025-08-20 17:47:34", "elapsed": 21309.47086071968, "delta": 26.82758355140686}, "costs": {"total_cost": 825.6614976999729, "time_cost": 150, "final_distance_cost": 73.9423096800433, "oscillation_cost": 286.02466920586954, "completition_cost": 222.2222222222222, "overshoot_cost": 55.09918748694787, "power_cost": 21.936181469726563, "noise_cost": 16.436927635163354, "n_waypoints_completed": 7, "tot_waypoints": 9}}
{"target": -635.9384386215655, "params": {"k_pid_pos": [1.0151138422080412, 0.981538498192855, 0.8717314602985011], "k_pid_alt": [1.891987458182479, 0.1621002503368839, 0.8855836709644981], "k_pid_att": [97.72995912842396, 1.2690249089678922, 0.8858871085251675], "k_pid_yaw": [0.5, 1e-06, 0.1], "k_pid_hsp": [9.57628095016924, 0.4198937014082005, 0.3654445783088348], "k_pid_vsp": [371.2504965718381, 75.88363767625599, 29.78309793552886]}, "datetime": {"datetime": "2025-08-20 17:48:05", "elapsed": 21340.21594810486, "delta": 30.745087385177612}, "costs": {"total_cost": 635.9384386215655, "time_cost": 150, "final_distance_cost": 48.751639125001574, "oscillation_cost": 238.67464369000436, "completition_cost": 111.11111111111116, "overshoot_cost": 49.062420229245326, "power_cost": 21.883220556640627, "noise_cost": 16.455403909562516, "n_waypoints_completed": 8, "tot_waypoints": 9}}
{"target": -396.32961733447837, "params": {"k_pid_pos": [1.5771648140084642, 0.5898414223370029, 0.9877510324451032], "k_pid_alt": [1.453976614595213, 0.4238049401069852, 0.42744840842037624], "k_pid_att": [75.69548995586905, 5.117780462319496, 0.7752442731418989], "k_pid_yaw": [0.5, 1e-06, 0.1], "k_pid_hsp": [9.51640129756669, 0.35499583135090174, 0.7653246959125956], "k_pid_vsp": [369.38855563851644, 337.0988044697502, 70.86710492467505]}, "datetime": {"datetime": "2025-08-20 17:48:27", "elapsed": 21361.537295103073, "delta": 21.32134699821472}, "costs": {"total_cost": 396.32961733447837, "time_cost": 82.552, "final_distance_cost": 1.745746140487166, "oscillation_cost": 227.96526175440235, "completition_cost": 0.0, "overshoot_cost": 52.32526598827386, "power_cost": 18.034795996093752, "noise_cost": 13.706547455221186, "n_waypoints_completed": 9, "tot_waypoints": 9}}
{"target": -1240.6987949958434, "params": {"k_pid_pos": [0.08061734498269857, 0.649236673724798, 0.1748693194809079], "k_pid_alt": [0.8502904101339754, 0.9983252778179486, 0.3593790600778276], "k_pid_att": [76.54910256904564, 8.368166463376603, 0.944391182081406], "k_pid_yaw": [0.5, 1e-06, 0.1], "k_pid_hsp": [8.98636162209622, 0.6584361415519875, 0.09435488796785929], "k_pid_vsp": [274.4593495259935, 207.80355881794313, 120.0782257588004]}, "datetime": {"datetime": "2025-08-20 17:48:51", "elapsed": 21386.487010478973, "delta": 24.94971537590027}, "costs": {"total_cost": 1240.6987949958434, "time_cost": 150, "final_distance_cost": 92.5042819044026, "oscillation_cost": 146.90068965885686, "completition_cost": 777.7777777777778, "overshoot_cost": 36.80102398613842, "power_cost": 20.885948388671878, "noise_cost": 15.829073279995525, "n_waypoints_completed": 2, "tot_waypoints": 9}}
{"target": -1651.6510158919803, "params": {"k_pid_pos": [1.6937866619579733, 0.665594012098481, 0.6252196821001504], "k_pid_alt": [0.8921905214094332, 0.6112869058115339, 0.4409452247300668], "k_pid_att": [22.34614194754202, 6.72168140498243, 0.40320078990165675], "k_pid_yaw": [0.5, 1e-06, 0.1], "k_pid_hsp": [3.0771626212195535, 0.44402685159177135, 0.6942199779133056], "k_pid_vsp": [131.27152938431485, 194.27312097870555, 255.9182659193003]}, "datetime": {"datetime": "2025-08-20 17:49:23", "elapsed": 21417.783011198044, "delta": 31.296000719070435}, "costs": {"total_cost": 1651.6510158919803, "time_cost": 150, "final_distance_cost": 39.84012337033834, "oscillation_cost": 338.9830786891905, "completition_cost": 1000.0, "overshoot_cost": 80.23027612327047, "power_cost": 20.959906689453128, "noise_cost": 21.637631019727902, "n_waypoints_completed": 0, "tot_waypoints": 9}}
{"target": -415.35006416111446, "params": {"k_pid_pos": [1.4788785278055296, 0.1780450333690362, 0.017622151308115397], "k_pid_alt": [0.9374885841647755, 0.2099997245018359, 0.21654419391540136], "k_pid_att": [61.86283147967473, 3.6928315291116127, 0.5763468295459173], "k_pid_yaw": [0.5, 1e-06, 0.1], "k_pid_hsp": [2.642046175522605, 0.6045510237408759, 0.29636560834457126], "k_pid_vsp": [277.2051357344891, 196.20278198398572, 164.2956751854299]}, "datetime": {"datetime": "2025-08-20 17:49:52", "elapsed": 21446.893530130386, "delta": 29.11051893234253}, "costs": {"total_cost": 415.35006416111446, "time_cost": 94.048, "final_distance_cost": 1.6877517377815494, "oscillation_cost": 224.16453910956074, "completition_cost": 0.0, "overshoot_cost": 58.426841064246354, "power_cost": 21.430607031250002, "noise_cost": 15.592325218275825, "n_waypoints_completed": 9, "tot_waypoints": 9}}
{"target": -2337.734425039516, "params": {"k_pid_pos": [0.43564246035945103, 0.01926973932715148, 0.07088331915179724], "k_pid_alt": [0.02521415463449328, 0.10033317207675707, 0.05003166874012854], "k_pid_att": [30.601401366539925, 6.299595461283263, 0.9167788601435601], "k_pid_yaw": [0.5, 1e-06, 0.1], "k_pid_hsp": [5.96710148375552, 0.9068838515771193, 0.0259164491835151], "k_pid_vsp": [8.038622375209892, 233.93283873604344, 286.16117747087253]}, "datetime": {"datetime": "2025-08-20 17:50:19", "elapsed": 21474.33585834503, "delta": 27.442328214645386}, "costs": {"total_cost": 2337.734425039516, "time_cost": 150, "final_distance_cost": 506.8236153636067, "oscillation_cost": 38.92306394044018, "completition_cost": 888.8888888888888, "overshoot_cost": 692.1889625575753, "power_cost": 36.650179296875, "noise_cost": 24.25971499212954, "n_waypoints_completed": 1, "tot_waypoints": 9}}
{"target": -865.9456548776669, "params": {"k_pid_pos": [1.949330969761853, 0.6823560569392697, 0.9791300946280226], "k_pid_alt": [0.027682298856769316, 0.8361481791649326, 0.15555403903426213], "k_pid_att": [43.69550269311161, 6.906586386051613, 0.9902054194915489], "k_pid_yaw": [0.5, 1e-06, 0.1], "k_pid_hsp": [3.1135547475321235, 0.9356275856360775, 0.27244592050733873], "k_pid_vsp": [345.04478979856947, 263.1874393796703, 332.28433839361355]}, "datetime": {"datetime": "2025-08-20 17:50:45", "elapsed": 21500.296394348145, "delta": 25.960536003112793}, "costs": {"total_cost": 865.9456548776669, "time_cost": 150, "final_distance_cost": 60.809242082953055, "oscillation_cost": 222.58724991730725, "completition_cost": 333.33333333333337, "overshoot_cost": 57.64986298845106, "power_cost": 23.572126306152345, "noise_cost": 17.993840249469816, "n_waypoints_completed": 6, "tot_waypoints": 9}}
{"target": -1395.9738421710704, "params": {"k_pid_pos": [0.27366679873873195, 0.0797949975625809, 0.6820961514489927], "k_pid_alt": [1.8794012503047492, 0.2981254624690469, 0.6703631939872362], "k_pid_att": [43.19841686414036, 7.061950469759801, 0.11918825529075783], "k_pid_yaw": [0.5, 1e-06, 0.1], "k_pid_hsp": [8.553575113347796, 0.35471681006170763, 0.8295412053673421], "k_pid_vsp": [307.0976306875521, 399.52146312549854, 381.98985075854074]}, "datetime": {"datetime": "2025-08-20 17:51:11", "elapsed": 21525.55266070366, "delta": 25.256266355514526}, "costs": {"total_cost": 1395.9738421710704, "time_cost": 150, "final_distance_cost": 53.38640203746639, "oscillation_cost": 444.3981758674807, "completition_cost": 666.6666666666667, "overshoot_cost": 44.62149725144326, "power_cost": 20.901193579101562, "noise_cost": 15.999906768911712, "n_waypoints_completed": 3, "tot_waypoints": 9}}
{"target": -731.5141255068028, "params": {"k_pid_pos": [1.9033072102160322, 0.5568662108143656, 0.3990630116824072], "k_pid_alt": [0.5636440721845875, 0.670117711351859, 0.005383364580664907], "k_pid_att": [35.437269643411184, 9.607529876031231, 0.750098749888546], "k_pid_yaw": [0.5, 1e-06, 0.1], "k_pid_hsp": [4.143059985621528, 0.7460573141431777, 0.12618833723373057], "k_pid_vsp": [221.62896838493583, 250.90417514209142, 187.31708951353536]}, "datetime": {"datetime": "2025-08-20 17:51:36", "elapsed": 21550.804360628128, "delta": 25.251699924468994}, "costs": {"total_cost": 731.5141255068028, "time_cost": 150, "final_distance_cost": 78.8546770145101, "oscillation_cost": 182.25936839505667, "completition_cost": 222.2222222222222, "overshoot_cost": 56.03482486488535, "power_cost": 24.18161551513672, "noise_cost": 17.961417494991828, "n_waypoints_completed": 7, "tot_waypoints": 9}}
{"target": -1527.376140041668, "params": {"k_pid_pos": [1.8060567956178173, 0.08898538133706269, 0.935502864669207], "k_pid_alt": [1.466301692610944, 0.9156680931543926, 0.6322060276594111], "k_pid_att": [15.278661553727646, 3.501399474001031, 0.6868783991916584], "k_pid_yaw": [0.5, 1e-06, 0.1], "k_pid_hsp": [7.806314133357014, 0.06556959813000762, 0.5556839345269646], "k_pid_vsp": [13.146402750375374, 205.8149755520151, 308.76655849848765]}, "datetime": {"datetime": "2025-08-20 17:52:04", "elapsed": 21579.04159092903, "delta": 28.23723030090332}, "costs": {"total_cost": 1527.376140041668, "time_cost": 150, "final_distance_cost": 46.21622506602524, "oscillation_cost": 325.7768719055391, "completition_cost": 888.8888888888888, "overshoot_cost": 72.12070471711549, "power_cost": 21.99824969482422, "noise_cost": 22.37519976927496, "n_waypoints_completed": 1, "tot_waypoints": 9}}
{"target": -1622.04191323572, "params": {"k_pid_pos": [0.9403249754203891, 0.907050868878897, 0.4228035804795337], "k_pid_alt": [0.2647734452935544, 0.21640033923159085, 0.14005355048315982], "k_pid_att": [67.62112357391973, 7.341703971597509, 0.9751229867215292], "k_pid_yaw": [0.5, 1e-06, 0.1], "k_pid_hsp": [4.775282852316203, 0.4947779732249541, 0.4815711453731679], "k_pid_vsp": [83.03009031537711, 193.8777510772726, 385.9209471174374]}, "datetime": {"datetime": "2025-08-20 17:52:29", "elapsed": 21604.036653995514, "delta": 24.995063066482544}, "costs": {"total_cost": 1622.04191323572, "time_cost": 150, "final_distance_cost": 52.72035306497659, "oscillation_cost": 312.97673827294955, "completition_cost": 1000.0, "overshoot_cost": 65.00997818545831, "power_cost": 21.87049840087891, "noise_cost": 19.46434531145655, "n_waypoints_completed": 0, "tot_waypoints": 9}}
{"target": -851.0813223945321, "params": {"k_pid_pos": [1.1421852395478325, 0.8343300676610982, 0.8071659872759965], "k_pid_alt": [0.9475164709470241, 0.9197480451389288, 0.5527055350164599], "k_pid_att": [98.56004175184977, 9.248606760928238, 0.7182395014272113], "k_pid_yaw": [0.5, 1e-06, 0.1], "k_pid_hsp": [1.8638627133196646, 0.033499006652018104, 0.28251197397187433], "k_pid_vsp": [59.56676448537257, 371.9832359741384, 24.867305469404737]}, "datetime": {"datetime": "2025-08-20 17:52:57", "elapsed": 21631.75812482834, "delta": 27.721470832824707}, "costs": {"total_cost": 851.0813223945321, "time_cost": 150, "final_distance_cost": 74.98173409403651, "oscillation_cost": 205.0154760362628, "completition_cost": 333.33333333333337, "overshoot_cost": 49.701357766715255, "power_cost": 21.055658032226564, "noise_cost": 16.993763131957667, "n_waypoints_completed": 6, "tot_waypoints": 9}}
{"target": -1431.7504648259871, "params": {"k_pid_pos": [1.148129540692389, 0.1071768223287366, 0.37328244196948224], "k_pid_alt": [1.678302035235546, 0.21556486788182938, 0.5929013047472877], "k_pid_att": [4.406155620358421, 8.14037551689766, 0.508582265864986], "k_pid_yaw": [0.5, 1e-06, 0.1], "k_pid_hsp": [0.016213387441987494, 0.6774850026845443, 0.5476666900430578], "k_pid_vsp": [295.8114733032497, 396.1575871191196, 244.42018190847065]}, "datetime": {"datetime": "2025-08-20 17:53:22", "elapsed": 21656.842203855515, "delta": 25.084079027175903}, "costs": {"total_cost": 1431.7504648259871, "time_cost": 150, "final_distance_cost": 151.8299463743295, "oscillation_cost": 228.94859233846103, "completition_cost": 777.7777777777778, "overshoot_cost": 92.015874461062, "power_cost": 18.16228913574219, "noise_cost": 13.015984738614641, "n_waypoints_completed": 2, "tot_waypoints": 9}}
{"target": -1628.9616494702968, "params": {"k_pid_pos": [1.258782003879589, 0.7381538389405181, 0.1285263045563616], "k_pid_alt": [1.3182166991406656, 0.1818029195339922, 0.002513549153468686], "k_pid_att": [98.73582475511228, 2.872277711036666, 0.08302878997685048], "k_pid_yaw": [0.5, 1e-06, 0.1], "k_pid_hsp": [0.2530266702095986, 0.6848380968456071, 0.9311353763127757], "k_pid_vsp": [305.31500961189624, 103.5101801490549, 189.82238407562835]}, "datetime": {"datetime": "2025-08-20 17:53:47", "elapsed": 21681.8381690979, "delta": 24.995965242385864}, "costs": {"total_cost": 1628.9616494702968, "time_cost": 150, "final_distance_cost": 61.45162613157023, "oscillation_cost": 400.82540307107695, "completition_cost": 888.8888888888888, "overshoot_cost": 89.53291713807096, "power_cost": 21.5118482421875, "noise_cost": 16.75096599850226, "n_waypoints_completed": 1, "tot_waypoints": 9}}
