{"target": -812.2733736087325, "params": {"k_pid_pos": [0.6538138305041717, 0.5133857797740845, 0.2767985598411926], "k_pid_alt": [1.476621872765129, 0.8868361505660923, 0.4792194909954586], "k_pid_att": [22.477961110243537, 0.1251193824644847, 0.6232706873946968], "k_pid_yaw": [0.5, 1e-06, 0.1], "k_pid_hsp": [7.413827416130754, 0.12055752755218052, 0.6359962079942875], "k_pid_vsp": [164.01385045702398, 8.122394030124493, 3.2976473163144853]}, "datetime": {"datetime": "2025-08-20 23:24:52", "elapsed": 41547.4636361599, "delta": 46.51469087600708}, "costs": {"total_cost": 812.2733736087325, "time_cost": 150, "final_distance_cost": 68.08283023137368, "oscillation_cost": 290.9219629296829, "completition_cost": 222.2222222222222, "overshoot_cost": 46.8648480119112, "power_cost": 18.77535633544922, "noise_cost": 15.406153878093232, "n_waypoints_completed": 7, "tot_waypoints": 9}}
{"target": -865.3998562424042, "params": {"k_pid_pos": [1.6517781339377615, 0.9382807786776047, 0.36972550196802745], "k_pid_alt": [1.4973379340644373, 0.8415554631836659, 0.905339893208193], "k_pid_att": [17.64291520735949, 9.847013212991058, 0.07289794275817374], "k_pid_yaw": [0.5, 1e-06, 0.1], "k_pid_hsp": [1.650568392287769, 0.29974362384722464, 0.9939026727658419], "k_pid_vsp": [141.12722143425987, 3.9137864017762696, 20.01873554093694]}, "datetime": {"datetime": "2025-08-20 23:25:37", "elapsed": 41592.31881546974, "delta": 44.85517930984497}, "costs": {"total_cost": 865.3998562424042, "time_cost": 150, "final_distance_cost": 79.55350189387661, "oscillation_cost": 192.45321997759623, "completition_cost": 333.33333333333337, "overshoot_cost": 63.11386510900798, "power_cost": 26.747463012695313, "noise_cost": 20.198472915894584, "n_waypoints_completed": 6, "tot_waypoints": 9}}
{"target": -1340.4155550815146, "params": {"k_pid_pos": [0.9840172438866488, 0.2008637522731599, 0.051079853604563796], "k_pid_alt": [1.675851141658925, 0.5142024102634059, 0.7771310666796282], "k_pid_att": [88.54014495309826, 0.08402470367821896, 0.06226562588765583], "k_pid_yaw": [0.5, 1e-06, 0.1], "k_pid_hsp": [9.944260242276394, 0.8717935341540382, 0.268359000045855], "k_pid_vsp": [42.49353159310472, 142.23652481162483, 235.8394254051403]}, "datetime": {"datetime": "2025-08-20 23:26:16", "elapsed": 41631.16408586502, "delta": 38.84527039527893}, "costs": {"total_cost": 1340.4155550815146, "time_cost": 150, "final_distance_cost": 54.60548078685438, "oscillation_cost": 365.24389305448733, "completition_cost": 666.6666666666667, "overshoot_cost": 61.87874144746047, "power_cost": 23.67560098876953, "noise_cost": 18.345172137276254, "n_waypoints_completed": 3, "tot_waypoints": 9}}
{"target": -793.4317941178249, "params": {"k_pid_pos": [1.4137014212750534, 0.6538206662016357, 0.08104271735667035], "k_pid_alt": [1.848742563666672, 0.10210813820355213, 0.9855896586694153], "k_pid_att": [27.724058397971017, 4.733050691357982, 0.5994683410223276], "k_pid_yaw": [0.5, 1e-06, 0.1], "k_pid_hsp": [1.997905623449598, 0.43996769543856895, 0.9117810206579448], "k_pid_vsp": [322.37042013168235, 395.2352345737844, 92.5461976930942]}, "datetime": {"datetime": "2025-08-20 23:26:49", "elapsed": 41663.52363562584, "delta": 32.35954976081848}, "costs": {"total_cost": 793.4317941178249, "time_cost": 150, "final_distance_cost": 77.03077720296359, "oscillation_cost": 144.87128946092125, "completition_cost": 333.33333333333337, "overshoot_cost": 52.69782242448783, "power_cost": 20.591530334472658, "noise_cost": 14.907041361646215, "n_waypoints_completed": 6, "tot_waypoints": 9}}
{"target": -1259.4171442860618, "params": {"k_pid_pos": [0.0001, 0.0, 0.0], "k_pid_alt": [0.9625981330568829, 0.8930355566942348, 0.26344652840038424], "k_pid_att": [30.735035672246827, 3.1972900526284684, 1.0], "k_pid_yaw": [0.5, 1e-06, 0.1], "k_pid_hsp": [0.0001, 0.3423107546250427, 0.0], "k_pid_vsp": [119.4439135123492, 143.85885170936234, 9.08847389519721]}, "datetime": {"datetime": "2025-08-20 23:27:35", "elapsed": 41710.034405231476, "delta": 46.5107696056366}, "costs": {"total_cost": 1259.4171442860618, "time_cost": 150, "final_distance_cost": 46.00988352894896, "oscillation_cost": 0.44337504729210947, "completition_cost": 1000.0, "overshoot_cost": 31.37784299274283, "power_cost": 17.222044921875, "noise_cost": 14.363997795202756, "n_waypoints_completed": 0, "tot_waypoints": 9}}
{"target": -1174.5272337429553, "params": {"k_pid_pos": [1.7200257034725113, 0.1500772034024871, 0.8656909730789215], "k_pid_alt": [0.7760751318775707, 0.8573127015180766, 0.8048168849090993], "k_pid_att": [38.701157005382846, 6.226793816603487, 0.5771514116523092], "k_pid_yaw": [0.5, 1e-06, 0.1], "k_pid_hsp": [6.960689448021043, 0.6786798110130344, 0.6682329670984292], "k_pid_vsp": [97.06632014491161, 10.363048278397288, 187.58317961619636]}, "datetime": {"datetime": "2025-08-20 23:28:08", "elapsed": 41743.06729507446, "delta": 33.03288984298706}, "costs": {"total_cost": 1174.5272337429553, "time_cost": 150, "final_distance_cost": 37.49115666844775, "oscillation_cost": 316.95312698381116, "completition_cost": 555.5555555555555, "overshoot_cost": 73.12131737711637, "power_cost": 21.291597302246096, "noise_cost": 20.11447985577814, "n_waypoints_completed": 4, "tot_waypoints": 9}}
{"target": -993.224288919995, "params": {"k_pid_pos": [0.2902520489334353, 0.24695023649851444, 0.5704261218612692], "k_pid_alt": [0.571150531120564, 0.8833290205947256, 0.7679327972271124], "k_pid_att": [7.710421283382473, 5.833769494357505, 0.20386279082608516], "k_pid_yaw": [0.5, 1e-06, 0.1], "k_pid_hsp": [6.194617036120521, 0.9489892765575609, 0.9241021170255999], "k_pid_vsp": [14.336186618868396, 214.09938003210092, 36.9801637166248]}, "datetime": {"datetime": "2025-08-20 23:28:55", "elapsed": 41790.168412685394, "delta": 47.1011176109314}, "costs": {"total_cost": 993.224288919995, "time_cost": 150, "final_distance_cost": 53.29775034386136, "oscillation_cost": 263.1773415685951, "completition_cost": 444.4444444444444, "overshoot_cost": 48.931044964388455, "power_cost": 19.16632264404297, "noise_cost": 14.207384954662734, "n_waypoints_completed": 5, "tot_waypoints": 9}}
{"target": -502.3046312288452, "params": {"k_pid_pos": [1.8294793831965017, 0.9771230438162739, 0.7208271694058498], "k_pid_alt": [1.1051822232660407, 0.13138582872812943, 0.5413962510789353], "k_pid_att": [5.073389331858136, 6.409216464086486, 0.7411565061878701], "k_pid_yaw": [0.5, 1e-06, 0.1], "k_pid_hsp": [3.6018345211560945, 0.5824410594109871, 0.13321721399085606], "k_pid_vsp": [173.79908764935533, 53.58374346900734, 77.00083995115607]}, "datetime": {"datetime": "2025-08-20 23:29:31", "elapsed": 41826.09227633476, "delta": 35.923863649368286}, "costs": {"total_cost": 502.3046312288452, "time_cost": 150, "final_distance_cost": 40.38441273595369, "oscillation_cost": 109.43074677837183, "completition_cost": 111.11111111111116, "overshoot_cost": 57.68483210858397, "power_cost": 19.275164855957033, "noise_cost": 14.418363638867541, "n_waypoints_completed": 8, "tot_waypoints": 9}}
{"target": -464.2842049761763, "params": {"k_pid_pos": [1.6040309240442674, 0.21977486246054498, 0.3374500594276568], "k_pid_alt": [0.9244708098820671, 0.2582866351964568, 0.3123486753949197], "k_pid_att": [83.16542761696269, 2.987064216161563, 0.835065197232106], "k_pid_yaw": [0.5, 1e-06, 0.1], "k_pid_hsp": [7.041749468495218, 0.7187664025250813, 0.31130743576465775], "k_pid_vsp": [112.92400081756763, 283.58132619507273, 98.53418960778484]}, "datetime": {"datetime": "2025-08-20 23:30:13", "elapsed": 41868.373097896576, "delta": 42.280821561813354}, "costs": {"total_cost": 464.2842049761763, "time_cost": 96.664, "final_distance_cost": 1.7775248354194009, "oscillation_cost": 275.6834514579426, "completition_cost": 0.0, "overshoot_cost": 53.21535741247208, "power_cost": 20.977659130859376, "noise_cost": 15.966212139482804, "n_waypoints_completed": 9, "tot_waypoints": 9}}
{"target": -397.05637036764733, "params": {"k_pid_pos": [2.0, 0.0, 0.8744993353844113], "k_pid_alt": [0.05440782887642558, 0.2992487243610937, 0.5673796751195126], "k_pid_att": [20.52196181557775, 1.7070024697468553, 0.8799756988155403], "k_pid_yaw": [0.5, 1e-06, 0.1], "k_pid_hsp": [9.228218329955478, 0.33682053583078836, 0.7203526003133697], "k_pid_vsp": [10.750211035435198, 224.92252530395916, 36.91442908449475]}, "datetime": {"datetime": "2025-08-20 23:30:54", "elapsed": 41909.15433931351, "delta": 40.78124141693115}, "costs": {"total_cost": 397.05637036764733, "time_cost": 87.92, "final_distance_cost": 1.7846900413678148, "oscillation_cost": 210.3363656301951, "completition_cost": 0.0, "overshoot_cost": 63.1865877347893, "power_cost": 19.433928466796875, "noise_cost": 14.39479849449829, "n_waypoints_completed": 9, "tot_waypoints": 9}}
{"target": -341.4188394854043, "params": {"k_pid_pos": [1.4484367178541266, 0.10221453042564155, 0.1215046579954403], "k_pid_alt": [0.7851780691076296, 0.2242243036291104, 0.6946218176585565], "k_pid_att": [22.735270423595686, 0.5546108877366553, 0.5830635786129493], "k_pid_yaw": [0.5, 1e-06, 0.1], "k_pid_hsp": [1.856600180207962, 0.12294649690336523, 0.22837928693712406], "k_pid_vsp": [131.07435223733415, 8.11238335844176, 17.635253690523708]}, "datetime": {"datetime": "2025-08-20 23:31:36", "elapsed": 41951.32839870453, "delta": 42.17405939102173}, "costs": {"total_cost": 341.4188394854043, "time_cost": 83.952, "final_distance_cost": 1.722085540940138, "oscillation_cost": 171.6237599016362, "completition_cost": 0.0, "overshoot_cost": 53.77986589361071, "power_cost": 16.977268408203127, "noise_cost": 13.363859741014128, "n_waypoints_completed": 9, "tot_waypoints": 9}}
{"target": -405.14515459135555, "params": {"k_pid_pos": [0.9769606949089055, 0.5193065659476799, 0.45893540062081334], "k_pid_alt": [0.796106402900399, 0.5788616969163177, 0.7883094180644957], "k_pid_att": [99.24963197807595, 4.327035779607898, 0.8071531381826884], "k_pid_yaw": [0.5, 1e-06, 0.1], "k_pid_hsp": [3.0041521099197723, 0.5786944809988998, 0.11164070776450277], "k_pid_vsp": [163.76320975956475, 223.28488106125602, 45.50296508180712]}, "datetime": {"datetime": "2025-08-20 23:32:18", "elapsed": 41992.941546201706, "delta": 41.613147497177124}, "costs": {"total_cost": 405.14515459135555, "time_cost": 93.432, "final_distance_cost": 1.7271964418447505, "oscillation_cost": 220.50767252388914, "completition_cost": 0.0, "overshoot_cost": 54.68537100693201, "power_cost": 19.523394445800783, "noise_cost": 15.269520172888885, "n_waypoints_completed": 9, "tot_waypoints": 9}}
{"target": -1554.0209223044883, "params": {"k_pid_pos": [0.5228994573604715, 0.14859310893107713, 0.2926781865716268], "k_pid_alt": [1.6357394632892062, 0.7024824018953258, 0.8830783224172247], "k_pid_att": [15.962077104434137, 4.993255164993325, 0.19977393498228646], "k_pid_yaw": [0.5, 1e-06, 0.1], "k_pid_hsp": [9.0459986730264, 0.17438818952557633, 0.066459508590759], "k_pid_vsp": [225.95612001532254, 215.86116909486577, 394.3379124951188]}, "datetime": {"datetime": "2025-08-20 23:32:50", "elapsed": 42025.517417907715, "delta": 32.57587170600891}, "costs": {"total_cost": 1554.0209223044883, "time_cost": 150, "final_distance_cost": 73.91633477304256, "oscillation_cost": 360.07906723935764, "completition_cost": 888.8888888888888, "overshoot_cost": 44.75721120623274, "power_cost": 19.385515649414064, "noise_cost": 16.99390454755225, "n_waypoints_completed": 1, "tot_waypoints": 9}}
{"target": -1072.1035667511803, "params": {"k_pid_pos": [0.5977111842596768, 0.31925937151766615, 0.7438224180577339], "k_pid_alt": [0.08705108300968578, 0.27480294619167955, 0.20096206129046157], "k_pid_att": [19.021811792872867, 7.387257024773316, 0.07583047645456353], "k_pid_yaw": [0.5, 1e-06, 0.1], "k_pid_hsp": [6.306648714869339, 0.3843920151386291, 0.2871632697977926], "k_pid_vsp": [19.343504365427222, 225.9187936044506, 39.02379992813281]}, "datetime": {"datetime": "2025-08-20 23:33:38", "elapsed": 42072.709518909454, "delta": 47.1921010017395}, "costs": {"total_cost": 1072.1035667511803, "time_cost": 150, "final_distance_cost": 51.40423243831314, "oscillation_cost": 340.74738954736193, "completition_cost": 444.4444444444444, "overshoot_cost": 48.93106197946219, "power_cost": 20.106395349121094, "noise_cost": 16.470042992477513, "n_waypoints_completed": 5, "tot_waypoints": 9}}
{"target": -743.7013285800938, "params": {"k_pid_pos": [0.900719686767425, 0.24610119537753058, 0.6049075069954128], "k_pid_alt": [0.6403275090914265, 0.7913592198932108, 0.8322222250398879], "k_pid_att": [99.00394638749937, 7.633674548758665, 0.5919432211741802], "k_pid_yaw": [0.5, 1e-06, 0.1], "k_pid_hsp": [1.5079927952423764, 0.4792160229372783, 0.05169437283870685], "k_pid_vsp": [153.33396489686436, 231.89799617716687, 46.39897200183516]}, "datetime": {"datetime": "2025-08-20 23:34:17", "elapsed": 42112.417338609695, "delta": 39.70781970024109}, "costs": {"total_cost": 743.7013285800938, "time_cost": 150, "final_distance_cost": 73.15120558501319, "oscillation_cost": 212.78255106621125, "completition_cost": 222.2222222222222, "overshoot_cost": 50.71332326013579, "power_cost": 18.658617297363282, "noise_cost": 16.17340914914808, "n_waypoints_completed": 7, "tot_waypoints": 9}}
{"target": -640.0714944299142, "params": {"k_pid_pos": [1.589131982206396, 0.9513471418778919, 0.6161056548594452], "k_pid_alt": [1.1894941970477504, 0.48077395734203066, 0.9792868515954948], "k_pid_att": [1.8390500634206441, 1.0205871614017543, 0.5956562900546197], "k_pid_yaw": [0.5, 1e-06, 0.1], "k_pid_hsp": [9.409073150630658, 0.8188490021321665, 0.5329841953161164], "k_pid_vsp": [268.7071389876301, 281.7338776166629, 33.839860094657375]}, "datetime": {"datetime": "2025-08-20 23:35:00", "elapsed": 42154.8358502388, "delta": 42.418511629104614}, "costs": {"total_cost": 640.0714944299142, "time_cost": 150, "final_distance_cost": 70.12113103967624, "oscillation_cost": 96.31971579577042, "completition_cost": 222.2222222222222, "overshoot_cost": 67.08625350360913, "power_cost": 19.462167993164062, "noise_cost": 14.860003875472268, "n_waypoints_completed": 7, "tot_waypoints": 9}}
{"target": -1018.6968236747057, "params": {"k_pid_pos": [1.705898033197719, 0.01940307860608481, 0.5449344350237739], "k_pid_alt": [1.0655085507734152, 0.9544348918456086, 0.8250214320950484], "k_pid_att": [13.715758382493703, 2.674828801477402, 0.3569837735668532], "k_pid_yaw": [0.5, 1e-06, 0.1], "k_pid_hsp": [2.217091852929674, 0.626722460046206, 0.47391664695666], "k_pid_vsp": [94.37585947244082, 342.9124507944087, 207.37192521449194]}, "datetime": {"datetime": "2025-08-20 23:35:33", "elapsed": 42188.09102296829, "delta": 33.25517272949219}, "costs": {"total_cost": 1018.6968236747057, "time_cost": 150, "final_distance_cost": 56.895800327814904, "oscillation_cost": 280.6362560249826, "completition_cost": 444.4444444444444, "overshoot_cost": 54.282434225324, "power_cost": 17.936173022460938, "noise_cost": 14.50171562967886, "n_waypoints_completed": 5, "tot_waypoints": 9}}
{"target": -823.4911828725293, "params": {"k_pid_pos": [0.7942093696561886, 0.18294936486544122, 0.5813795810397943], "k_pid_alt": [1.7357844128386455, 0.14114270688703878, 0.692663715339551], "k_pid_att": [27.096038834718637, 0.7368650765276392, 0.8345696831953374], "k_pid_yaw": [0.5, 1e-06, 0.1], "k_pid_hsp": [8.786234377749043, 0.8250832592596887, 0.2742401908597989], "k_pid_vsp": [127.0635322645787, 160.5570175979842, 7.906896573101707]}, "datetime": {"datetime": "2025-08-20 23:36:28", "elapsed": 42243.3570625782, "delta": 55.26603960990906}, "costs": {"total_cost": 823.4911828725293, "time_cost": 150, "final_distance_cost": 66.08878941921394, "oscillation_cost": 307.2341453015164, "completition_cost": 222.2222222222222, "overshoot_cost": 43.643883308508116, "power_cost": 18.75187176513672, "noise_cost": 15.550270855932137, "n_waypoints_completed": 7, "tot_waypoints": 9}}
{"target": -365.8547433470889, "params": {"k_pid_pos": [1.2393997515905621, 0.34782695897410054, 0.08814851916915803], "k_pid_alt": [1.2811830726128184, 0.30758120842181713, 0.34641507864302706], "k_pid_att": [44.55596398682872, 0.23076503596301937, 0.6914326322476938], "k_pid_yaw": [0.5, 1e-06, 0.1], "k_pid_hsp": [3.4123662389910345, 0.8414740526346431, 0.3749982108492144], "k_pid_vsp": [399.1212071942724, 37.5977342783511, 183.3805330294602]}, "datetime": {"datetime": "2025-08-20 23:37:09", "elapsed": 42284.42030835152, "delta": 41.06324577331543}, "costs": {"total_cost": 365.8547433470889, "time_cost": 95.584, "final_distance_cost": 1.7670941850106368, "oscillation_cost": 169.51566945329375, "completition_cost": 0.0, "overshoot_cost": 62.62099132737515, "power_cost": 20.884782763671875, "noise_cost": 15.482205617737531, "n_waypoints_completed": 9, "tot_waypoints": 9}}
{"target": -442.07937230613544, "params": {"k_pid_pos": [0.6415630593011177, 0.03754331322250415, 0.33419752345290377], "k_pid_alt": [0.5618725538962457, 0.3054595789935042, 0.4469339283087139], "k_pid_att": [51.02285823909077, 0.2944667774122709, 0.7971323578278722], "k_pid_yaw": [0.5, 1e-06, 0.1], "k_pid_hsp": [4.760850383318836, 0.8203187724118264, 0.1715558622900577], "k_pid_vsp": [349.7914415594584, 291.6628333656507, 293.4156454650243]}, "datetime": {"datetime": "2025-08-20 23:37:41", "elapsed": 42316.4964325428, "delta": 32.07612419128418}, "costs": {"total_cost": 442.07937230613544, "time_cost": 94.792, "final_distance_cost": 1.8105437536596984, "oscillation_cost": 254.68841540133204, "completition_cost": 0.0, "overshoot_cost": 56.64355276531357, "power_cost": 19.265968884277346, "noise_cost": 14.878891501552731, "n_waypoints_completed": 9, "tot_waypoints": 9}}
{"target": -633.9623531862533, "params": {"k_pid_pos": [1.3545788743614804, 0.6683029178008081, 0.7870810291438731], "k_pid_alt": [1.3602310195196967, 0.14696369023853073, 0.3860713593708817], "k_pid_att": [45.57672558626954, 2.6521635799986187, 0.31194267014831656], "k_pid_yaw": [0.5, 1e-06, 0.1], "k_pid_hsp": [3.762080458329041, 0.5716794629925729, 0.43990188820208503], "k_pid_vsp": [203.64289271843705, 239.085475629768, 125.84839329858934]}, "datetime": {"datetime": "2025-08-20 23:38:24", "elapsed": 42359.37071323395, "delta": 42.87428069114685}, "costs": {"total_cost": 633.9623531862533, "time_cost": 150, "final_distance_cost": 63.713807986079075, "oscillation_cost": 228.60562895519695, "completition_cost": 111.11111111111116, "overshoot_cost": 46.5686950730857, "power_cost": 19.330229699707033, "noise_cost": 14.632880361073354, "n_waypoints_completed": 8, "tot_waypoints": 9}}
{"target": -232.17275068032802, "params": {"k_pid_pos": [2.0, 0.5280796450206907, 0.2837676244935819], "k_pid_alt": [1.8284045097610888, 0.0, 0.7249032649041288], "k_pid_att": [45.222028838568704, 10.0, 0.5672166817783665], "k_pid_yaw": [0.5, 1e-06, 0.1], "k_pid_hsp": [5.314155476645954, 0.5873477428519668, 0.0], "k_pid_vsp": [119.79494759334526, 140.5855538794942, 21.60431052012795]}, "datetime": {"datetime": "2025-08-20 23:39:04", "elapsed": 42398.751960754395, "delta": 39.38124752044678}, "costs": {"total_cost": 232.17275068032802, "time_cost": 80.912, "final_distance_cost": 1.7682661160711632, "oscillation_cost": 55.08874843096646, "completition_cost": 0.0, "overshoot_cost": 51.704809973268276, "power_cost": 25.192201562500003, "noise_cost": 17.506724597522137, "n_waypoints_completed": 9, "tot_waypoints": 9}}
{"target": -696.5941973444454, "params": {"k_pid_pos": [0.604297594168399, 0.29584995130868863, 0.0], "k_pid_alt": [1.2533906353208641, 1.0, 0.7091155631216131], "k_pid_att": [90.40216069311724, 4.120284353626806, 0.6221912800049589], "k_pid_yaw": [0.5, 1e-06, 0.1], "k_pid_hsp": [9.248153053061978, 0.2888805954051436, 0.08990307699437708], "k_pid_vsp": [150.70873837158246, 139.74989060383368, 20.290882334738832]}, "datetime": {"datetime": "2025-08-20 23:39:51", "elapsed": 42446.011746644974, "delta": 47.259785890579224}, "costs": {"total_cost": 696.5941973444454, "time_cost": 150, "final_distance_cost": 64.62435135153768, "oscillation_cost": 172.72861712052523, "completition_cost": 222.2222222222222, "overshoot_cost": 49.93956497066302, "power_cost": 20.11964962158203, "noise_cost": 16.959792057915212, "n_waypoints_completed": 7, "tot_waypoints": 9}}
{"target": -2236.978144536539, "params": {"k_pid_pos": [1.5584069739001425, 0.04441216187053176, 0.5227788708671132], "k_pid_alt": [1.591108603479639, 0.0041050007653530285, 0.15109143894994237], "k_pid_att": [1.0813391269240524, 9.59820486747154, 0.23598080395156218], "k_pid_yaw": [0.5, 1e-06, 0.1], "k_pid_hsp": [2.111740135977737, 0.574740067965755, 0.8413244723889062], "k_pid_vsp": [59.11088605038435, 370.3166570690154, 146.33240135019864]}, "datetime": {"datetime": "2025-08-20 23:40:24", "elapsed": 42478.68857693672, "delta": 32.67683029174805}, "costs": {"total_cost": 2236.978144536539, "time_cost": 150, "final_distance_cost": 11.922415758276244, "oscillation_cost": 798.1698826516591, "completition_cost": 1000.0, "overshoot_cost": 143.3551909676309, "power_cost": 34.97430623779297, "noise_cost": 98.55634892117955, "n_waypoints_completed": 0, "tot_waypoints": 9}}
