{"target": -1079.0917486137923, "params": {"k_pid_pos": [1.9064811882747825, 0.04640845041199004, 0.860321692205656], "k_pid_alt": [0.17180174937646697, 0.2823240678658502, 0.8151818283888737], "k_pid_att": [53.929989658671374, 4.681308779828752, 0.5914477862346296], "k_pid_yaw": [0.5, 1e-06, 0.1], "k_pid_hsp": [8.336960353185521, 0.05150534764178194, 0.8308326911222663], "k_pid_vsp": [3.135870476968927, 296.68219121178845, 338.1946053479779]}, "datetime": {"datetime": "2025-08-20 12:11:11", "elapsed": 1125.7937686443329, "delta": 21.38713788986206}, "costs": {"total_cost": 1079.0917486137923, "time_cost": 150, "final_distance_cost": 61.62067219065798, "oscillation_cost": 313.97900269401754, "completition_cost": 444.4444444444444, "overshoot_cost": 67.9008973139681, "power_cost": 20.95145654296875, "noise_cost": 20.19527542773573, "n_waypoints_completed": 5, "tot_waypoints": 9}}
{"target": -1169.4798364971377, "params": {"k_pid_pos": [0.2034833502278525, 0.7388396754581936, 0.4256800576910603], "k_pid_alt": [1.0807358724884746, 0.29565226896823116, 0.12525276883546366], "k_pid_att": [85.58623384164517, 8.921345114944765, 0.8569990318733677], "k_pid_yaw": [0.5, 1e-06, 0.1], "k_pid_hsp": [7.57730364516612, 0.49655708565332524, 0.712936042839345], "k_pid_vsp": [18.241953727620253, 281.54658400397335, 181.36240567289727]}, "datetime": {"datetime": "2025-08-20 12:11:32", "elapsed": 1147.4781754016876, "delta": 21.684406757354736}, "costs": {"total_cost": 1169.4798364971377, "time_cost": 150, "final_distance_cost": 82.88467551676152, "oscillation_cost": 178.13266623681392, "completition_cost": 666.6666666666667, "overshoot_cost": 55.15671636109626, "power_cost": 19.929629077148437, "noise_cost": 16.709482638650897, "n_waypoints_completed": 3, "tot_waypoints": 9}}
{"target": -860.4451551854968, "params": {"k_pid_pos": [1.1158323056812554, 0.6956512293411207, 0.5455276638515592], "k_pid_alt": [1.6940797547232833, 0.05834583853836306, 0.7687261296723984], "k_pid_att": [32.76237714842647, 8.914080586548044, 0.21058795993610024], "k_pid_yaw": [0.5, 1e-06, 0.1], "k_pid_hsp": [9.941794414446186, 0.1668923584292521, 0.49267640330415297], "k_pid_vsp": [124.68508397294275, 12.889833661238772, 158.28250190701436]}, "datetime": {"datetime": "2025-08-20 12:11:54", "elapsed": 1169.141185760498, "delta": 21.663010358810425}, "costs": {"total_cost": 860.4451551854968, "time_cost": 150, "final_distance_cost": 70.07133522511022, "oscillation_cost": 307.31316589829845, "completition_cost": 222.2222222222222, "overshoot_cost": 66.96688233485439, "power_cost": 24.207598486328127, "noise_cost": 19.66395101868337, "n_waypoints_completed": 7, "tot_waypoints": 9}}
{"target": -1297.0738718540092, "params": {"k_pid_pos": [0.1313738175643413, 0.376981417193316, 0.2400765080875874], "k_pid_alt": [0.020842853867409916, 0.677181480836373, 0.08171408581076112], "k_pid_att": [35.32922795941092, 3.219954977852648, 0.7312056440189152], "k_pid_yaw": [0.5, 1e-06, 0.1], "k_pid_hsp": [3.6043816035273206, 0.7392747711623482, 0.7504435532353702], "k_pid_vsp": [270.23336505362425, 211.4914888712878, 351.3535274384949]}, "datetime": {"datetime": "2025-08-20 12:12:16", "elapsed": 1190.675568819046, "delta": 21.534383058547974}, "costs": {"total_cost": 1297.0738718540092, "time_cost": 150, "final_distance_cost": 71.65573603109935, "oscillation_cost": 213.10661713809867, "completition_cost": 777.7777777777778, "overshoot_cost": 45.444799366674395, "power_cost": 22.061459997558593, "noise_cost": 17.027481542800427, "n_waypoints_completed": 2, "tot_waypoints": 9}}
{"target": -942.8730912424288, "params": {"k_pid_pos": [1.3907471751775318, 0.13565312642400784, 0.4860109415947873], "k_pid_alt": [0.33265350031884466, 0.5774855710818999, 0.8142988974344739], "k_pid_att": [25.368264851508126, 7.763343280316698, 0.705952096994428], "k_pid_yaw": [0.5, 1e-06, 0.1], "k_pid_hsp": [3.5897149226837857, 0.0027844875065919927, 0.6009998095379504], "k_pid_vsp": [364.89621882353237, 143.8874972430621, 254.8707206743729]}, "datetime": {"datetime": "2025-08-20 12:12:37", "elapsed": 1212.15927195549, "delta": 21.483703136444092}, "costs": {"total_cost": 942.8730912424288, "time_cost": 150, "final_distance_cost": 61.71274258936012, "oscillation_cost": 302.30747472752284, "completition_cost": 333.33333333333337, "overshoot_cost": 55.40279019879754, "power_cost": 23.471986584472656, "noise_cost": 16.644763808942276, "n_waypoints_completed": 6, "tot_waypoints": 9}}
{"target": -770.6563947273058, "params": {"k_pid_pos": [0.655001263709096, 0.19605787851750545, 0.6812264726475588], "k_pid_alt": [0.2073883457261141, 0.72585314975152, 0.6550096642872412], "k_pid_att": [9.187388387889472, 0.8031684654444052, 0.6675094988396935], "k_pid_yaw": [0.5, 1e-06, 0.1], "k_pid_hsp": [8.96167065073105, 0.2920174743199876, 0.09776673459203122], "k_pid_vsp": [210.48004638592096, 311.994839100617, 267.1077912485421]}, "datetime": {"datetime": "2025-08-20 12:12:59", "elapsed": 1233.7014605998993, "delta": 21.54218864440918}, "costs": {"total_cost": 770.6563947273058, "time_cost": 150, "final_distance_cost": 60.83282203604193, "oscillation_cost": 124.93655690356678, "completition_cost": 333.33333333333337, "overshoot_cost": 71.24946922608473, "power_cost": 16.847146643066406, "noise_cost": 13.457066585212761, "n_waypoints_completed": 6, "tot_waypoints": 9}}
{"target": -1411.0716709756034, "params": {"k_pid_pos": [0.08453649764226227, 0.14758107146485122, 0.5715199385832849], "k_pid_alt": [1.229637476999561, 0.47188577614586535, 0.7820503919977092], "k_pid_att": [14.171015282211963, 9.617533312401322, 0.39858409759818436], "k_pid_yaw": [0.5, 1e-06, 0.1], "k_pid_hsp": [6.445843536063418, 0.8439374371565331, 0.27378872664126386], "k_pid_vsp": [359.3340219979952, 62.02596438380307, 212.32320275827826]}, "datetime": {"datetime": "2025-08-20 12:13:20", "elapsed": 1255.476396560669, "delta": 21.774935960769653}, "costs": {"total_cost": 1411.0716709756034, "time_cost": 150, "final_distance_cost": 88.06423346532893, "oscillation_cost": 307.6261982856171, "completition_cost": 777.7777777777778, "overshoot_cost": 51.26523485135284, "power_cost": 21.028096423339846, "noise_cost": 15.310130172186755, "n_waypoints_completed": 2, "tot_waypoints": 9}}
{"target": -1215.8371331141093, "params": {"k_pid_pos": [0.31357835861231026, 0.8134438859216714, 0.624147579884267], "k_pid_alt": [0.7539393922391191, 0.9111863785465035, 0.5928082998504907], "k_pid_att": [11.710439992769949, 0.5948811736843134, 0.10915860255219978], "k_pid_yaw": [0.5, 1e-06, 0.1], "k_pid_hsp": [0.9187166908556473, 0.7272879335448645, 0.7162645345993423], "k_pid_vsp": [340.8376973860893, 22.06368751690069, 254.4306020149952]}, "datetime": {"datetime": "2025-08-20 12:13:42", "elapsed": 1277.457109928131, "delta": 21.980713367462158}, "costs": {"total_cost": 1215.8371331141093, "time_cost": 150, "final_distance_cost": 72.55834061195858, "oscillation_cost": 215.37315812140142, "completition_cost": 666.6666666666667, "overshoot_cost": 71.00161340738731, "power_cost": 22.754117321777343, "noise_cost": 17.483236984917653, "n_waypoints_completed": 3, "tot_waypoints": 9}}
{"target": -971.393150009008, "params": {"k_pid_pos": [1.607158410990068, 0.7628881943659821, 0.601955212297263], "k_pid_alt": [0.1598414059765214, 0.35267656251574075, 0.4013348462353167], "k_pid_att": [15.716302360690658, 7.691356402825558, 0.2925908442314131], "k_pid_yaw": [0.5, 1e-06, 0.1], "k_pid_hsp": [0.6109386217482946, 0.5639392914503939, 0.20995306572095285], "k_pid_vsp": [315.00982712259804, 144.177513563762, 33.86164499952042]}, "datetime": {"datetime": "2025-08-20 12:14:04", "elapsed": 1299.4281764030457, "delta": 21.97106647491455}, "costs": {"total_cost": 971.393150009008, "time_cost": 150, "final_distance_cost": 39.77567838727607, "oscillation_cost": 144.25128232245328, "completition_cost": 555.5555555555555, "overshoot_cost": 46.690833579822055, "power_cost": 19.43586773681641, "noise_cost": 15.683932427084665, "n_waypoints_completed": 4, "tot_waypoints": 9}}
{"target": -1543.121722421156, "params": {"k_pid_pos": [0.8088046653523615, 0.20928927154207166, 0.8659617605158152], "k_pid_alt": [0.9422704684237804, 0.5534580286112775, 0.8302923509005986], "k_pid_att": [12.158953505770498, 1.709439543564874, 0.2719122996728127], "k_pid_yaw": [0.5, 1e-06, 0.1], "k_pid_hsp": [6.2468478288728635, 0.7970530226580298, 0.49177765052469447], "k_pid_vsp": [76.78698941029185, 76.3463137449301, 246.75296701344877]}, "datetime": {"datetime": "2025-08-20 12:14:26", "elapsed": 1321.1014657020569, "delta": 21.67328929901123}, "costs": {"total_cost": 1543.121722421156, "time_cost": 150, "final_distance_cost": 53.185653660441304, "oscillation_cost": 320.394678381638, "completition_cost": 888.8888888888888, "overshoot_cost": 93.45161552700269, "power_cost": 16.80669002685547, "noise_cost": 20.394195936329467, "n_waypoints_completed": 1, "tot_waypoints": 9}}
{"target": -469.61736620366014, "params": {"k_pid_pos": [1.2978065263470762, 0.5064771461976102, 0.16271590621762044], "k_pid_alt": [1.499379714837298, 0.1364908508116428, 0.0686392204034243], "k_pid_att": [22.10742031397952, 7.739417400693269, 0.37970490862079953], "k_pid_yaw": [0.5, 1e-06, 0.1], "k_pid_hsp": [7.242093115630291, 0.42383974803654734, 0.27369616924766205], "k_pid_vsp": [132.69317296985008, 136.03602280334056, 106.50835145212115]}, "datetime": {"datetime": "2025-08-20 12:14:48", "elapsed": 1342.8910586833954, "delta": 21.7895929813385}, "costs": {"total_cost": 469.61736620366014, "time_cost": 98.656, "final_distance_cost": 1.7305723414797791, "oscillation_cost": 274.5001601070553, "completition_cost": 0.0, "overshoot_cost": 57.74631319008013, "power_cost": 21.44866298828125, "noise_cost": 15.535657576763697, "n_waypoints_completed": 9, "tot_waypoints": 9}}
{"target": -1463.8176812750075, "params": {"k_pid_pos": [0.9286192840495358, 0.1039551549572606, 0.6979312204797181], "k_pid_alt": [0.8348314662536314, 0.1885273075123488, 0.6498515682496747], "k_pid_att": [7.4449551784442125, 9.046590737251769, 0.9533232724241267], "k_pid_yaw": [0.5, 1e-06, 0.1], "k_pid_hsp": [2.754966552516529, 0.051962042636681915, 0.6015169825138376], "k_pid_vsp": [153.0791318955411, 135.7395372664609, 347.15798968374526]}, "datetime": {"datetime": "2025-08-20 12:15:10", "elapsed": 1364.575527191162, "delta": 21.684468507766724}, "costs": {"total_cost": 1463.8176812750075, "time_cost": 150, "final_distance_cost": 96.65093217036987, "oscillation_cost": 218.50685040645848, "completition_cost": 888.8888888888888, "overshoot_cost": 72.95867476136928, "power_cost": 20.169350134277344, "noise_cost": 16.642984913643545, "n_waypoints_completed": 1, "tot_waypoints": 9}}
{"target": -814.3948024152468, "params": {"k_pid_pos": [1.0785938315331698, 0.7954542235664496, 0.4880381570603267], "k_pid_alt": [0.3300253348601221, 0.9445423156188941, 0.8363656996594088], "k_pid_att": [93.54199587521094, 4.614617838591241, 0.01045165346304], "k_pid_yaw": [0.5, 1e-06, 0.1], "k_pid_hsp": [4.075383306695258, 0.7222730243488004, 0.07672166428283833], "k_pid_vsp": [382.02451279786465, 58.64249413502242, 358.4129282502891]}, "datetime": {"datetime": "2025-08-20 12:15:31", "elapsed": 1386.345132112503, "delta": 21.769604921340942}, "costs": {"total_cost": 814.3948024152468, "time_cost": 150, "final_distance_cost": 79.85043160806404, "oscillation_cost": 253.22154575868163, "completition_cost": 222.2222222222222, "overshoot_cost": 69.03425655881568, "power_cost": 22.943861950683594, "noise_cost": 17.122484316779598, "n_waypoints_completed": 7, "tot_waypoints": 9}}
{"target": -1761.2804784815762, "params": {"k_pid_pos": [1.457538919043611, 0.993683368708217, 0.5848674258735181], "k_pid_alt": [1.9874366058235025, 0.7159526362480964, 0.94027777692488], "k_pid_att": [14.843978073927989, 8.143287400002087, 0.33685158149942007], "k_pid_yaw": [0.5, 1e-06, 0.1], "k_pid_hsp": [7.700276057535015, 0.07636022643600382, 0.9212651426271917], "k_pid_vsp": [51.29582857649786, 107.56861345425317, 382.6898282422319]}, "datetime": {"datetime": "2025-08-20 12:15:53", "elapsed": 1408.2682933807373, "delta": 21.923161268234253}, "costs": {"total_cost": 1761.2804784815762, "time_cost": 150, "final_distance_cost": 1.0024647689288726, "oscillation_cost": 387.88335882889737, "completition_cost": 1000.0, "overshoot_cost": 135.49484501092417, "power_cost": 21.089174670410156, "noise_cost": 65.81063520241585, "n_waypoints_completed": 0, "tot_waypoints": 9}}
{"target": -1547.4624444214044, "params": {"k_pid_pos": [0.4691830726294659, 0.5336227717319694, 0.6802407239919952], "k_pid_alt": [0.545015069677637, 0.7833956713121384, 0.40917772493264126], "k_pid_att": [28.640529934052715, 5.416003936067492, 0.874490751331467], "k_pid_yaw": [0.5, 1e-06, 0.1], "k_pid_hsp": [8.138626319246654, 0.3450569416983321, 0.4692690247169353], "k_pid_vsp": [1.4888188909879752, 162.5405676238969, 368.2170411714259]}, "datetime": {"datetime": "2025-08-20 12:16:15", "elapsed": 1429.9315283298492, "delta": 21.66323494911194}, "costs": {"total_cost": 1547.4624444214044, "time_cost": 150, "final_distance_cost": 52.74469571798603, "oscillation_cost": 374.61055153144525, "completition_cost": 888.8888888888888, "overshoot_cost": 70.26175287760933, "power_cost": 4.017190454101563, "noise_cost": 6.939364951373418, "n_waypoints_completed": 1, "tot_waypoints": 9}}
{"target": -1260.7547802848817, "params": {"k_pid_pos": [0.7589836945552444, 0.4652949023051506, 0.8924094860429448], "k_pid_alt": [0.15969236667210462, 0.019627612892422097, 0.42311793264440567], "k_pid_att": [35.07102100256072, 4.142813295488058, 0.01079295972151384], "k_pid_yaw": [0.5, 1e-06, 0.1], "k_pid_hsp": [1.1383047341223886, 0.39862578197596743, 0.08106725292101491], "k_pid_vsp": [118.60634589042607, 35.37253714764767, 63.59806952079317]}, "datetime": {"datetime": "2025-08-20 12:16:36", "elapsed": 1451.342201948166, "delta": 21.41067361831665}, "costs": {"total_cost": 1260.7547802848817, "time_cost": 150, "final_distance_cost": 53.48304207337056, "oscillation_cost": 316.5860003856326, "completition_cost": 666.6666666666667, "overshoot_cost": 38.94371839584257, "power_cost": 19.76362041015625, "noise_cost": 15.311732353212877, "n_waypoints_completed": 3, "tot_waypoints": 9}}
{"target": -270.22189627425814, "params": {"k_pid_pos": [1.2494809502384265, 0.36899809365716263, 0.11869748587083395], "k_pid_alt": [1.9495669063975978, 0.04831569122271151, 0.07090661775641438], "k_pid_att": [2.768039408505374, 7.048301303713817, 0.7179125784970465], "k_pid_yaw": [0.5, 1e-06, 0.1], "k_pid_hsp": [0.40332496696563114, 0.9482666726301061, 0.029291268374925683], "k_pid_vsp": [114.95408472213163, 147.69939430645758, 34.44383708714647]}, "datetime": {"datetime": "2025-08-20 12:16:54", "elapsed": 1469.3327720165253, "delta": 17.990570068359375}, "costs": {"total_cost": 270.22189627425814, "time_cost": 78.928, "final_distance_cost": 1.781961387327092, "oscillation_cost": 111.14898717694797, "completition_cost": 0.0, "overshoot_cost": 47.64048466230555, "power_cost": 17.62649666748047, "noise_cost": 13.095966380197078, "n_waypoints_completed": 9, "tot_waypoints": 9}}
{"target": -1092.2040648933876, "params": {"k_pid_pos": [0.2248517175481273, 0.595943638600271, 0.8813237404686655], "k_pid_alt": [1.4281138417942902, 0.7322317616689475, 0.5051733774429963], "k_pid_att": [5.049986787988625, 6.900392957508155, 0.9570246628154461], "k_pid_yaw": [0.5, 1e-06, 0.1], "k_pid_hsp": [9.854227929934712, 0.7898759029801153, 0.4136584887712279], "k_pid_vsp": [141.2405326863598, 32.79425293724531, 25.76678487621665]}, "datetime": {"datetime": "2025-08-20 12:17:16", "elapsed": 1491.272901058197, "delta": 21.940129041671753}, "costs": {"total_cost": 1092.2040648933876, "time_cost": 150, "final_distance_cost": 54.69339864512606, "oscillation_cost": 151.3381309087649, "completition_cost": 666.6666666666667, "overshoot_cost": 41.5407829608009, "power_cost": 15.745643591308594, "noise_cost": 12.219442120720245, "n_waypoints_completed": 3, "tot_waypoints": 9}}
{"target": -1626.643577924555, "params": {"k_pid_pos": [0.6448419663633312, 0.39334097127023915, 0.7598728330155091], "k_pid_alt": [1.6268733243842994, 0.6940051160624333, 0.8040321380583579], "k_pid_att": [95.96833963708619, 9.258633166377024, 0.4371137571671261], "k_pid_yaw": [0.5, 1e-06, 0.1], "k_pid_hsp": [1.9421893103022818, 0.1752792199030071, 0.6211948191125755], "k_pid_vsp": [174.24288147613078, 231.28768475125864, 347.81793792976976]}, "datetime": {"datetime": "2025-08-20 12:17:38", "elapsed": 1512.9430797100067, "delta": 21.670178651809692}, "costs": {"total_cost": 1626.643577924555, "time_cost": 150, "final_distance_cost": 48.15600979335983, "oscillation_cost": 362.40907287443133, "completition_cost": 1000.0, "overshoot_cost": 27.944364377449673, "power_cost": 21.202463220214845, "noise_cost": 16.931667659099595, "n_waypoints_completed": 0, "tot_waypoints": 9}}
{"target": -866.584070636324, "params": {"k_pid_pos": [0.6087540034786146, 0.36045156058179884, 0.4783656515405097], "k_pid_alt": [1.8217459428563003, 0.11620098607854135, 0.3834988322713214], "k_pid_att": [56.87594539349015, 6.068302034152554, 0.39617622897405746], "k_pid_yaw": [0.5, 1e-06, 0.1], "k_pid_hsp": [7.637383695962622, 0.7221778784913564, 0.9356775772265862], "k_pid_vsp": [210.994642468923, 331.8777799716077, 268.6010326182743]}, "datetime": {"datetime": "2025-08-20 12:18:00", "elapsed": 1534.7856175899506, "delta": 21.842537879943848}, "costs": {"total_cost": 866.584070636324, "time_cost": 150, "final_distance_cost": 73.9937555432803, "oscillation_cost": 337.62964851310034, "completition_cost": 222.2222222222222, "overshoot_cost": 44.09030431236277, "power_cost": 22.140394494628907, "noise_cost": 16.507745550729528, "n_waypoints_completed": 7, "tot_waypoints": 9}}
{"target": -451.253495055425, "params": {"k_pid_pos": [0.9434962653189901, 0.3877352229699902, 0.6320430722955506], "k_pid_alt": [1.1527076119897453, 0.277803791158594, 0.02595533397989047], "k_pid_att": [33.18545372132851, 2.007784944479057, 0.6109766251550021], "k_pid_yaw": [0.5, 1e-06, 0.1], "k_pid_hsp": [6.833657397961544, 0.22882268666888528, 0.575043961431783], "k_pid_vsp": [196.82614692100668, 248.50894435116615, 124.62553345861564]}, "datetime": {"datetime": "2025-08-20 12:18:20", "elapsed": 1555.4191801548004, "delta": 20.633562564849854}, "costs": {"total_cost": 451.253495055425, "time_cost": 95.488, "final_distance_cost": 1.7820679160852761, "oscillation_cost": 265.19629135085563, "completition_cost": 0.0, "overshoot_cost": 54.913114589733524, "power_cost": 19.384146789550783, "noise_cost": 14.489874409199716, "n_waypoints_completed": 9, "tot_waypoints": 9}}
{"target": -1035.4413978445205, "params": {"k_pid_pos": [1.0579568095988798, 0.3473508748284452, 0.22958549312114607], "k_pid_alt": [1.1263836165320338, 0.9123162295344082, 0.3036260003596134], "k_pid_att": [82.25645917439982, 4.3366889768236465, 0.9543129703131729], "k_pid_yaw": [0.5, 1e-06, 0.1], "k_pid_hsp": [7.646183385169545, 0.2819876459208429, 0.7352287951418955], "k_pid_vsp": [4.4858033372809025, 273.6608462737277, 145.63835348802175]}, "datetime": {"datetime": "2025-08-20 12:18:42", "elapsed": 1576.9819240570068, "delta": 21.56274390220642}, "costs": {"total_cost": 1035.4413978445205, "time_cost": 150, "final_distance_cost": 47.33186110892187, "oscillation_cost": 280.29001629656943, "completition_cost": 444.4444444444444, "overshoot_cost": 73.20564712945594, "power_cost": 21.864971228027343, "noise_cost": 18.304457637101482, "n_waypoints_completed": 5, "tot_waypoints": 9}}
{"target": -1259.8846612763123, "params": {"k_pid_pos": [0.17664554068928115, 0.5587499083502991, 0.6532394715492996], "k_pid_alt": [0.4211200143428553, 0.5315959273096851, 0.5946619270129655], "k_pid_att": [11.878199581282855, 9.15472435020087, 0.31514084420556054], "k_pid_yaw": [0.5, 1e-06, 0.1], "k_pid_hsp": [1.572425425923113, 0.1592325503997104, 0.6952177257683532], "k_pid_vsp": [131.99144435817027, 135.43390122351587, 19.865290126713113]}, "datetime": {"datetime": "2025-08-20 12:19:04", "elapsed": 1598.9038016796112, "delta": 21.92187762260437}, "costs": {"total_cost": 1259.8846612763123, "time_cost": 150, "final_distance_cost": 87.97259494015292, "oscillation_cost": 276.714152372444, "completition_cost": 666.6666666666667, "overshoot_cost": 40.08072272539936, "power_cost": 22.499553637695314, "noise_cost": 15.950970933954128, "n_waypoints_completed": 3, "tot_waypoints": 9}}
{"target": -816.590376647604, "params": {"k_pid_pos": [0.7664531222536425, 0.8145778026016434, 0.38725184050497763], "k_pid_alt": [1.722487398263223, 0.31836332773048204, 0.895520222950177], "k_pid_att": [9.662877065897025, 6.890270832281561, 0.32383209240296573], "k_pid_yaw": [0.5, 1e-06, 0.1], "k_pid_hsp": [6.79368566994932, 0.48223127194240145, 0.9597494146188879], "k_pid_vsp": [294.41460605251336, 309.02525855925126, 170.45008846717624]}, "datetime": {"datetime": "2025-08-20 12:19:25", "elapsed": 1620.3942441940308, "delta": 21.490442514419556}, "costs": {"total_cost": 816.590376647604, "time_cost": 150, "final_distance_cost": 54.56630993421283, "oscillation_cost": 203.73726362764984, "completition_cost": 333.33333333333337, "overshoot_cost": 42.10657242675243, "power_cost": 18.97396190185547, "noise_cost": 13.872935423800064, "n_waypoints_completed": 6, "tot_waypoints": 9}}
