{"target": -989.1532590525017, "params": {"k_pid_pos": [0.17057491337235667, 0.5878836554183349, 0.4517290941012354], "k_pid_alt": [0.7144232014829281, 0.16089007583235493, 0.38866654708306225], "k_pid_att": [58.288575759854936, 0.44807300760447916, 0.369951068636718], "k_pid_yaw": [0.5, 1e-06, 0.1], "k_pid_hsp": [5.1009995825165335, 0.8180596013905802, 0.624582966902512], "k_pid_vsp": [380.0546867080215, 337.17424793230924, 342.36327356343475]}, "datetime": {"datetime": "2025-08-20 15:34:37", "elapsed": 13331.947714328766, "delta": 23.400899410247803}, "costs": {"total_cost": 989.1532590525017, "time_cost": 150, "final_distance_cost": 48.46143785451921, "oscillation_cost": 259.02335595651226, "completition_cost": 444.4444444444444, "overshoot_cost": 49.20469649922143, "power_cost": 21.673410668945312, "noise_cost": 16.345913628859073, "n_waypoints_completed": 5, "tot_waypoints": 9}}
{"target": -662.0006465064455, "params": {"k_pid_pos": [1.9012364121139256, 0.07847015357637255, 0.1850437098924942], "k_pid_alt": [1.8791225933896534, 0.30978191588302784, 0.15330566218104136], "k_pid_att": [71.13064369534189, 3.516398170265903, 0.7047912975607359], "k_pid_yaw": [0.5, 1e-06, 0.1], "k_pid_hsp": [1.2141299809067452, 0.7519390984603566, 0.3530506857514649], "k_pid_vsp": [352.1360499022627, 168.90521351235543, 157.81689151093218]}, "datetime": {"datetime": "2025-08-20 15:35:01", "elapsed": 13356.315880775452, "delta": 24.36816644668579}, "costs": {"total_cost": 662.0006465064455, "time_cost": 150, "final_distance_cost": 64.89251618457135, "oscillation_cost": 133.2291511570016, "completition_cost": 222.2222222222222, "overshoot_cost": 52.3517976396472, "power_cost": 22.92734166259766, "noise_cost": 16.377617640405486, "n_waypoints_completed": 7, "tot_waypoints": 9}}
{"target": -934.6699184231489, "params": {"k_pid_pos": [0.952374780591592, 0.4813904672853814, 0.9549332931142057], "k_pid_alt": [0.9916781215357959, 0.7523417002944779, 0.8875702803464004], "k_pid_att": [31.93703568434678, 4.881699171821888, 0.30947255709438926], "k_pid_yaw": [0.5, 1e-06, 0.1], "k_pid_hsp": [0.8438944632327894, 0.550018395698832, 0.05024790582643568], "k_pid_vsp": [359.51609477762065, 89.63167792827271, 388.41671295953813]}, "datetime": {"datetime": "2025-08-20 15:35:25", "elapsed": 13379.633839130402, "delta": 23.31795835494995}, "costs": {"total_cost": 934.6699184231489, "time_cost": 150, "final_distance_cost": 50.13806908481152, "oscillation_cost": 211.58860045328063, "completition_cost": 444.4444444444444, "overshoot_cost": 49.910223506044844, "power_cost": 15.664266821289063, "noise_cost": 12.924314113278431, "n_waypoints_completed": 5, "tot_waypoints": 9}}
{"target": -418.93940555131786, "params": {"k_pid_pos": [1.400722272847813, 0.33710406068058607, 0.707038651287106], "k_pid_alt": [1.4734084479143694, 0.5873030591725615, 0.37224488867656447], "k_pid_att": [89.67813515525226, 8.5553038977427, 0.029432657077071767], "k_pid_yaw": [0.5, 1e-06, 0.1], "k_pid_hsp": [2.1957456165706004, 0.7241866602534759, 0.2477276582569009], "k_pid_vsp": [374.99519944193264, 160.65203345340717, 245.0599829085167]}, "datetime": {"datetime": "2025-08-20 15:35:49", "elapsed": 13404.184798240662, "delta": 24.55095911026001}, "costs": {"total_cost": 418.93940555131786, "time_cost": 99.368, "final_distance_cost": 1.7558985885873035, "oscillation_cost": 220.79537379511112, "completition_cost": 0.0, "overshoot_cost": 57.76553420204976, "power_cost": 22.150800317382814, "noise_cost": 17.103798648186913, "n_waypoints_completed": 9, "tot_waypoints": 9}}
{"target": -1194.281109247477, "params": {"k_pid_pos": [0.6407660813517254, 0.4538807234284842, 0.6971075958360274], "k_pid_alt": [1.776340296033339, 0.33872196861063697, 0.13654817055475432], "k_pid_att": [1.015818280064651, 2.0777921418267247, 0.3507086925614098], "k_pid_yaw": [0.5, 1e-06, 0.1], "k_pid_hsp": [1.8041857376282164, 0.9513575530580463, 0.40296274764650375], "k_pid_vsp": [245.43417988200687, 317.5959488692081, 31.319425655461966]}, "datetime": {"datetime": "2025-08-20 15:36:13", "elapsed": 13427.919321537018, "delta": 23.7345232963562}, "costs": {"total_cost": 1194.281109247477, "time_cost": 150, "final_distance_cost": 67.29766440184474, "oscillation_cost": 213.07797390647443, "completition_cost": 666.6666666666667, "overshoot_cost": 60.536163469673994, "power_cost": 21.417793005371095, "noise_cost": 15.284847797446067, "n_waypoints_completed": 3, "tot_waypoints": 9}}
{"target": -971.8677035590568, "params": {"k_pid_pos": [0.9131100939405942, 0.19328844741446394, 0.48031616759043005], "k_pid_alt": [0.015743612423805287, 0.6927891105329747, 0.2499499340103778], "k_pid_att": [77.26116022196418, 9.884118233716647, 0.7649176153654793], "k_pid_yaw": [0.5, 1e-06, 0.1], "k_pid_hsp": [6.87205029424313, 0.17282893229505192, 0.15378961498516897], "k_pid_vsp": [379.39245912079144, 225.2618540324213, 174.15534614566448]}, "datetime": {"datetime": "2025-08-20 15:36:36", "elapsed": 13451.22055888176, "delta": 23.30123734474182}, "costs": {"total_cost": 971.8677035590568, "time_cost": 150, "final_distance_cost": 83.03126355906691, "oscillation_cost": 310.0264516819758, "completition_cost": 333.33333333333337, "overshoot_cost": 55.35402822441055, "power_cost": 22.658904138183594, "noise_cost": 17.463722622086596, "n_waypoints_completed": 6, "tot_waypoints": 9}}
{"target": -837.1319381802823, "params": {"k_pid_pos": [1.7149752444322377, 0.054399312942168265, 0.1370917307472317], "k_pid_alt": [1.1197061726767945, 0.6939239399633216, 0.5529779493761575], "k_pid_att": [59.50020521953263, 2.144799869024518, 0.06051778478214365], "k_pid_yaw": [0.5, 1e-06, 0.1], "k_pid_hsp": [2.1993602601035023, 0.6261979067808906, 0.6524418439241678], "k_pid_vsp": [206.18963280077435, 225.86639974739737, 145.574732236978]}, "datetime": {"datetime": "2025-08-20 15:37:01", "elapsed": 13476.121950864792, "delta": 24.901391983032227}, "costs": {"total_cost": 837.1319381802823, "time_cost": 150, "final_distance_cost": 72.46462155133516, "oscillation_cost": 191.25409406013694, "completition_cost": 333.33333333333337, "overshoot_cost": 47.79141463523936, "power_cost": 23.893186071777343, "noise_cost": 18.395288528460235, "n_waypoints_completed": 6, "tot_waypoints": 9}}
{"target": -1210.1454911340327, "params": {"k_pid_pos": [0.16688225532140222, 0.41421508281139985, 0.25039620473865254], "k_pid_alt": [0.5553958399649672, 0.896227579394402, 0.47407322441867716], "k_pid_att": [34.66495175283413, 0.8993118070471845, 0.2507007058561339], "k_pid_yaw": [0.5, 1e-06, 0.1], "k_pid_hsp": [2.6532699676710587, 0.4280506320767191, 0.49355565835623705], "k_pid_vsp": [226.2421446225464, 229.92473608845714, 79.66077030493659]}, "datetime": {"datetime": "2025-08-20 15:37:25", "elapsed": 13499.522901535034, "delta": 23.40095067024231}, "costs": {"total_cost": 1210.1454911340327, "time_cost": 150, "final_distance_cost": 55.7091432767915, "oscillation_cost": 250.88503624318815, "completition_cost": 666.6666666666667, "overshoot_cost": 49.25020916428497, "power_cost": 21.10589276123047, "noise_cost": 16.528543021870792, "n_waypoints_completed": 3, "tot_waypoints": 9}}
{"target": -867.6255145642236, "params": {"k_pid_pos": [1.8394607445246214, 0.848067872923292, 0.8745972314439199], "k_pid_alt": [0.16035967482484836, 0.1425124961924762, 0.09441360525736753], "k_pid_att": [9.994257265908256, 9.505098260088674, 0.4324657900715513], "k_pid_yaw": [0.5, 1e-06, 0.1], "k_pid_hsp": [7.153726875153603, 0.19708054871204306, 0.22516461511577834], "k_pid_vsp": [21.19253484677648, 28.880215858278007, 24.57347750435834]}, "datetime": {"datetime": "2025-08-20 15:37:48", "elapsed": 13523.241405248642, "delta": 23.718503713607788}, "costs": {"total_cost": 867.6255145642236, "time_cost": 150, "final_distance_cost": 62.776240508845206, "oscillation_cost": 227.3699244058541, "completition_cost": 333.33333333333337, "overshoot_cost": 55.80326984718535, "power_cost": 22.08378876953125, "noise_cost": 16.258957699474458, "n_waypoints_completed": 6, "tot_waypoints": 9}}
{"target": -991.8169626043068, "params": {"k_pid_pos": [0.41372722371808895, 0.5131348339124489, 0.9807707192753142], "k_pid_alt": [1.1004020386604902, 0.3018034253651152, 0.1202021231970215], "k_pid_att": [82.80560809716661, 2.5058785709627887, 0.30303083147835486], "k_pid_yaw": [0.5, 1e-06, 0.1], "k_pid_hsp": [5.179228656843557, 0.5569240892458664, 0.09318437503423882], "k_pid_vsp": [152.25178285290514, 331.44023434335145, 141.96841978862057]}, "datetime": {"datetime": "2025-08-20 15:38:11", "elapsed": 13546.491813659668, "delta": 23.250408411026}, "costs": {"total_cost": 991.8169626043068, "time_cost": 150, "final_distance_cost": 72.91792719684635, "oscillation_cost": 353.37514066118644, "completition_cost": 333.33333333333337, "overshoot_cost": 45.03536857922791, "power_cost": 20.990120922851563, "noise_cost": 16.165071910861062, "n_waypoints_completed": 6, "tot_waypoints": 9}}
{"target": -1658.0955707004518, "params": {"k_pid_pos": [1.5501629613530246, 0.6252972596806948, 0.9897940743266657], "k_pid_alt": [1.6498436463595318, 0.732415955235166, 0.2567583396417674], "k_pid_att": [4.117084053390752, 8.632566710421656, 0.96228481175488], "k_pid_yaw": [0.5, 1e-06, 0.1], "k_pid_hsp": [7.441551708609929, 0.9633337433728839, 0.6376122765368276], "k_pid_vsp": [60.87935578020964, 45.36808687016349, 200.48419187960425]}, "datetime": {"datetime": "2025-08-20 15:38:35", "elapsed": 13570.260001182556, "delta": 23.768187522888184}, "costs": {"total_cost": 1658.0955707004518, "time_cost": 150, "final_distance_cost": 8.839574155233354, "oscillation_cost": 263.60591735784243, "completition_cost": 1000.0, "overshoot_cost": 136.62654341117604, "power_cost": 24.21558739013672, "noise_cost": 74.80794838606312, "n_waypoints_completed": 0, "tot_waypoints": 9}}
{"target": -796.0075914031358, "params": {"k_pid_pos": [1.9696971376628265, 0.6851948235398841, 0.2925675161095852], "k_pid_alt": [0.7194934476282282, 0.08089267293040614, 0.6521697175668395], "k_pid_att": [76.55360958332656, 2.9105202955163665, 0.2612249897490059], "k_pid_yaw": [0.5, 1e-06, 0.1], "k_pid_hsp": [4.707561202468788, 0.2609103785100344, 0.9355633667349474], "k_pid_vsp": [166.71265616513097, 194.56098850351628, 195.8944808445156]}, "datetime": {"datetime": "2025-08-20 15:38:59", "elapsed": 13593.677335739136, "delta": 23.41733455657959}, "costs": {"total_cost": 796.0075914031358, "time_cost": 150, "final_distance_cost": 68.76543917347406, "oscillation_cost": 151.16065375540816, "completition_cost": 333.33333333333337, "overshoot_cost": 51.8127643980236, "power_cost": 23.860360192871095, "noise_cost": 17.075040550025612, "n_waypoints_completed": 6, "tot_waypoints": 9}}
{"target": -842.8348721843142, "params": {"k_pid_pos": [1.8704830254292832, 0.2655018760730631, 0.6063797222085043], "k_pid_alt": [1.4309422930764846, 0.8659458287227014, 0.9077668313341353], "k_pid_att": [69.7987141644982, 9.098080967523037, 0.3714663096216121], "k_pid_yaw": [0.5, 1e-06, 0.1], "k_pid_hsp": [8.375080586895919, 0.13058075692321114, 0.9132925919160789], "k_pid_vsp": [147.2128741633719, 367.858190080224, 282.7652961913079]}, "datetime": {"datetime": "2025-08-20 15:39:23", "elapsed": 13617.712005138397, "delta": 24.034669399261475}, "costs": {"total_cost": 842.8348721843142, "time_cost": 150, "final_distance_cost": 75.7592736247788, "oscillation_cost": 295.9064554959253, "completition_cost": 222.2222222222222, "overshoot_cost": 57.444144737462885, "power_cost": 23.94704617919922, "noise_cost": 17.55572992472583, "n_waypoints_completed": 7, "tot_waypoints": 9}}
{"target": -379.9164718013426, "params": {"k_pid_pos": [1.25460918324864, 0.5323193345131957, 0.11028002403733939], "k_pid_alt": [1.898324078821215, 0.6197956929566172, 0.7203421865192939], "k_pid_att": [73.09349319976478, 1.7851349050976353, 0.9631274912518982], "k_pid_yaw": [0.5, 1e-06, 0.1], "k_pid_hsp": [7.444629585329526, 0.8569907236686509, 0.4043627947313444], "k_pid_vsp": [173.32140383424098, 146.33297668644892, 68.68657168840801]}, "datetime": {"datetime": "2025-08-20 15:39:44", "elapsed": 13639.471217870712, "delta": 21.759212732315063}, "costs": {"total_cost": 379.9164718013426, "time_cost": 91.304, "final_distance_cost": 1.7702270888358458, "oscillation_cost": 195.49447805786974, "completition_cost": 0.0, "overshoot_cost": 54.786027657365025, "power_cost": 20.809437438964846, "noise_cost": 15.752301558307103, "n_waypoints_completed": 9, "tot_waypoints": 9}}
{"target": -987.7190029288722, "params": {"k_pid_pos": [1.4103671509351914, 0.8466694315715456, 0.10778289465358126], "k_pid_alt": [0.6165743943248512, 0.5914234757001537, 0.29341701813575594], "k_pid_att": [26.635888128266238, 4.0256224734526285, 0.41870982864288686], "k_pid_yaw": [0.5, 1e-06, 0.1], "k_pid_hsp": [2.680865364399484, 0.11845731797765569, 0.5365985169064432], "k_pid_vsp": [112.2556458005588, 32.73801571388744, 43.510438582497244]}, "datetime": {"datetime": "2025-08-20 15:40:09", "elapsed": 13663.56202340126, "delta": 24.090805530548096}, "costs": {"total_cost": 987.7190029288722, "time_cost": 150, "final_distance_cost": 38.438269483391544, "oscillation_cost": 145.23715017681883, "completition_cost": 555.5555555555555, "overshoot_cost": 59.984619378654244, "power_cost": 21.37964473876953, "noise_cost": 17.123763595682487, "n_waypoints_completed": 4, "tot_waypoints": 9}}
{"target": -1107.9790179141785, "params": {"k_pid_pos": [1.9324453819580263, 0.5362322242147921, 0.22845918196166892], "k_pid_alt": [1.300774965430362, 0.9569057523808745, 0.8205219664595378], "k_pid_att": [62.018627542500006, 8.415572229084187, 0.44706958415122133], "k_pid_yaw": [0.5, 1e-06, 0.1], "k_pid_hsp": [9.25250444300337, 0.607663724756791, 0.3978811064142952], "k_pid_vsp": [98.62419308295722, 211.98370520966435, 332.6149912192336]}, "datetime": {"datetime": "2025-08-20 15:40:32", "elapsed": 13686.898843288422, "delta": 23.336819887161255}, "costs": {"total_cost": 1107.9790179141785, "time_cost": 150, "final_distance_cost": 45.29571113968562, "oscillation_cost": 242.1717296978711, "completition_cost": 555.5555555555555, "overshoot_cost": 72.00563424286973, "power_cost": 21.856863012695314, "noise_cost": 21.093524265501255, "n_waypoints_completed": 4, "tot_waypoints": 9}}
{"target": -1172.3460871810487, "params": {"k_pid_pos": [0.7080521094729396, 0.5181615081471842, 0.7076137967687709], "k_pid_alt": [1.166548194002435, 0.5528362379534054, 0.9515881300710567], "k_pid_att": [28.760503922040993, 9.139490158068467, 0.9785533992507338], "k_pid_yaw": [0.5, 1e-06, 0.1], "k_pid_hsp": [0.3808108182248743, 0.4237018699058216, 0.7518978673877719], "k_pid_vsp": [105.43672444778505, 277.4798994543159, 7.031810427302319]}, "datetime": {"datetime": "2025-08-20 15:40:56", "elapsed": 13710.71676826477, "delta": 23.817924976348877}, "costs": {"total_cost": 1172.3460871810487, "time_cost": 150, "final_distance_cost": 49.22515257210593, "oscillation_cost": 322.1145531457626, "completition_cost": 555.5555555555555, "overshoot_cost": 60.957534799007064, "power_cost": 18.610556298828126, "noise_cost": 15.882734809789122, "n_waypoints_completed": 4, "tot_waypoints": 9}}
{"target": -972.7345842558282, "params": {"k_pid_pos": [1.3079456571567574, 0.3795084724740688, 0.7399103394220908], "k_pid_alt": [0.6270121135181208, 0.9281739763323814, 0.8537561691412996], "k_pid_att": [52.94944388166722, 2.501272300649588, 0.4261022104269834], "k_pid_yaw": [0.5, 1e-06, 0.1], "k_pid_hsp": [7.302564783661259, 0.2894647160447932, 0.5604525129591778], "k_pid_vsp": [50.93745797967366, 327.12372748847184, 298.76074306137565]}, "datetime": {"datetime": "2025-08-20 15:41:20", "elapsed": 13734.967888355255, "delta": 24.25112009048462}, "costs": {"total_cost": 972.7345842558282, "time_cost": 150, "final_distance_cost": 57.93187557822772, "oscillation_cost": 314.4571270665324, "completition_cost": 333.33333333333337, "overshoot_cost": 71.3717655732453, "power_cost": 23.340383508300782, "noise_cost": 22.300099196188654, "n_waypoints_completed": 6, "tot_waypoints": 9}}
{"target": -1287.595917696653, "params": {"k_pid_pos": [1.9978807954258995, 0.7525554783728451, 0.9719899186376286], "k_pid_alt": [1.1364909377952828, 0.9372316876835742, 0.7699103704095409], "k_pid_att": [47.71571267302496, 8.55656763352918, 0.027013244829697802], "k_pid_yaw": [0.5, 1e-06, 0.1], "k_pid_hsp": [5.528172521647983, 0.7202113269797156, 0.54222040903078], "k_pid_vsp": [7.096926683103488, 101.9328158097, 127.44405866063089]}, "datetime": {"datetime": "2025-08-20 15:41:44", "elapsed": 13759.502135038376, "delta": 24.534246683120728}, "costs": {"total_cost": 1287.595917696653, "time_cost": 150, "final_distance_cost": 56.77172590102605, "oscillation_cost": 313.3988006122052, "completition_cost": 666.6666666666667, "overshoot_cost": 62.42280985500171, "power_cost": 20.527294580078127, "noise_cost": 17.808620081675134, "n_waypoints_completed": 3, "tot_waypoints": 9}}
{"target": -1095.5728404927734, "params": {"k_pid_pos": [1.419234605655579, 0.27317457573905024, 0.8986269758054382], "k_pid_alt": [0.2628008000353068, 0.6073952875963411, 0.3376342375240413], "k_pid_att": [97.861232681913, 8.828504652386822, 0.4071423490042725], "k_pid_yaw": [0.5, 1e-06, 0.1], "k_pid_hsp": [7.890803404993542, 0.00809420394540672, 0.9741312488453909], "k_pid_vsp": [272.7631015558589, 322.2783862439381, 313.645191038587]}, "datetime": {"datetime": "2025-08-20 15:42:08", "elapsed": 13783.120110750198, "delta": 23.61797571182251}, "costs": {"total_cost": 1095.5728404927734, "time_cost": 150, "final_distance_cost": 47.57914059412989, "oscillation_cost": 358.9635733320238, "completition_cost": 444.4444444444444, "overshoot_cost": 56.44752518774538, "power_cost": 21.578235449218752, "noise_cost": 16.55992148521115, "n_waypoints_completed": 5, "tot_waypoints": 9}}
{"target": -949.8342951507302, "params": {"k_pid_pos": [0.6622956985561858, 0.8491517494976117, 0.49646750542417273], "k_pid_alt": [0.3990655147136437, 0.2854029681153326, 0.8328715480818697], "k_pid_att": [79.30983410067766, 7.515595653817653, 0.2691328403845836], "k_pid_yaw": [0.5, 1e-06, 0.1], "k_pid_hsp": [9.95380292752337, 0.004053556023293936, 0.09639648581737414], "k_pid_vsp": [396.6315518501073, 261.4586218540621, 346.91415644357255]}, "datetime": {"datetime": "2025-08-20 15:42:32", "elapsed": 13806.738108873367, "delta": 23.617998123168945}, "costs": {"total_cost": 949.8342951507302, "time_cost": 150, "final_distance_cost": 61.28760271095986, "oscillation_cost": 316.0697911023489, "completition_cost": 333.33333333333337, "overshoot_cost": 49.83312572989068, "power_cost": 21.95447575683594, "noise_cost": 17.355966517361498, "n_waypoints_completed": 6, "tot_waypoints": 9}}
{"target": -1484.9366729242383, "params": {"k_pid_pos": [1.1604048172277373, 0.8090011709732878, 0.827924989250104], "k_pid_alt": [1.5788314595272182, 0.38044845753745804, 0.7639474862330548], "k_pid_att": [2.9410938332015135, 1.6052324452047566, 0.6755085696664902], "k_pid_yaw": [0.5, 1e-06, 0.1], "k_pid_hsp": [0.4153372250994651, 0.8392277038453814, 0.32213152278855517], "k_pid_vsp": [83.1042826855489, 298.61971210921575, 393.2568814798002]}, "datetime": {"datetime": "2025-08-20 15:42:55", "elapsed": 13830.322647094727, "delta": 23.584538221359253}, "costs": {"total_cost": 1484.9366729242383, "time_cost": 150, "final_distance_cost": 3.825890965190751, "oscillation_cost": 109.50341666766242, "completition_cost": 1000.0, "overshoot_cost": 136.07114671214492, "power_cost": 20.22281953125, "noise_cost": 65.31339904799006, "n_waypoints_completed": 0, "tot_waypoints": 9}}
{"target": -1185.2661678523955, "params": {"k_pid_pos": [0.24613659762060058, 0.4991289644747242, 0.5394945317553207], "k_pid_alt": [1.8336341680398742, 0.6246952070188468, 0.9316404416702422], "k_pid_att": [31.876430656857934, 1.1560876303004721, 0.3840333062947626], "k_pid_yaw": [0.5, 1e-06, 0.1], "k_pid_hsp": [9.309515754970231, 0.8118520367226446, 0.5200199724728204], "k_pid_vsp": [184.72232331547715, 72.57382972535592, 242.61637309926016]}, "datetime": {"datetime": "2025-08-20 15:43:19", "elapsed": 13853.990221261978, "delta": 23.667574167251587}, "costs": {"total_cost": 1185.2661678523955, "time_cost": 150, "final_distance_cost": 53.265034804794766, "oscillation_cost": 323.3910354803222, "completition_cost": 555.5555555555555, "overshoot_cost": 62.41581668816401, "power_cost": 22.75236788330078, "noise_cost": 17.886357440257804, "n_waypoints_completed": 4, "tot_waypoints": 9}}
{"target": -1046.0269588278377, "params": {"k_pid_pos": [1.368305176800165, 0.6175498182897897, 0.4760365823298528], "k_pid_alt": [0.49646112552835087, 0.8122041849126127, 0.39305623451717875], "k_pid_att": [77.37900494187974, 9.759883694999761, 0.4318168522438639], "k_pid_yaw": [0.5, 1e-06, 0.1], "k_pid_hsp": [8.02417439973739, 0.08286724707215254, 0.5281478562386103], "k_pid_vsp": [234.36850067733764, 120.4203797867555, 308.0300717162903]}, "datetime": {"datetime": "2025-08-20 15:43:43", "elapsed": 13877.59585762024, "delta": 23.60563635826111}, "costs": {"total_cost": 1046.0269588278377, "time_cost": 150, "final_distance_cost": 45.445335349837436, "oscillation_cost": 311.2678446665425, "completition_cost": 444.4444444444444, "overshoot_cost": 55.462419304144454, "power_cost": 21.066852575683594, "noise_cost": 18.34006248718532, "n_waypoints_completed": 5, "tot_waypoints": 9}}
