{"target": -239.4880859897811, "params": {"k_pid_pos": [1.3467328875892688, 0.24949168297768978, 0.0], "k_pid_alt": [1.3484677048373261, 0.3896620614437468, 0.5652885104874558], "k_pid_att": [38.16493528264512, 10.0, 0.5521089431566774], "k_pid_yaw": [0.5, 1e-06, 0.1], "k_pid_hsp": [6.199595461038139, 0.5334528218320604, 0.0], "k_pid_vsp": [114.01303455835139, 141.6236644751159, 21.227507886259925]}, "datetime": {"datetime": "2025-08-21 04:27:13", "elapsed": 59687.66226673126, "delta": 38.1767954826355}, "costs": {"total_cost": 239.4880859897811, "time_cost": 92.504, "final_distance_cost": 1.7161509304171845, "oscillation_cost": 58.32507910671923, "completition_cost": 0.0, "overshoot_cost": 52.13053938415152, "power_cost": 19.74926162109375, "noise_cost": 15.063054947399387, "n_waypoints_completed": 9, "tot_waypoints": 9}}
{"target": -461.0276950004262, "params": {"k_pid_pos": [1.300611826717375, 0.3667077807114533, 0.14518710802274154], "k_pid_alt": [0.8099395263083093, 0.38690007813331506, 0.6781497930495182], "k_pid_att": [43.96979271417613, 8.05387596930708, 0.2851926466263613], "k_pid_yaw": [0.5, 1e-06, 0.1], "k_pid_hsp": [9.151451436476707, 0.5747075167516563, 0.7755262702484499], "k_pid_vsp": [190.70482464319173, 290.53930892857596, 141.17818118986494]}, "datetime": {"datetime": "2025-08-21 04:27:56", "elapsed": 59730.67256188393, "delta": 43.010295152664185}, "costs": {"total_cost": 461.0276950004262, "time_cost": 96.328, "final_distance_cost": 1.786489693397195, "oscillation_cost": 272.51970653718234, "completition_cost": 0.0, "overshoot_cost": 54.86529055164815, "power_cost": 19.74458924560547, "noise_cost": 15.783618972592967, "n_waypoints_completed": 9, "tot_waypoints": 9}}
{"target": -890.0952246055402, "params": {"k_pid_pos": [1.3723311223878967, 0.48908994791434934, 0.04342581331398576], "k_pid_alt": [0.3830632902394737, 0.11129341170684615, 0.9367054250791486], "k_pid_att": [95.13258128367067, 3.3987916694125473, 0.14465479018523109], "k_pid_yaw": [0.5, 1e-06, 0.1], "k_pid_hsp": [6.316457805886703, 0.2040550043153463, 0.3039134210839237], "k_pid_vsp": [196.26890827616833, 376.9184910028942, 144.67008194981855]}, "datetime": {"datetime": "2025-08-21 04:28:36", "elapsed": 59770.659972429276, "delta": 39.98741054534912}, "costs": {"total_cost": 890.0952246055402, "time_cost": 150, "final_distance_cost": 66.33958940610154, "oscillation_cost": 255.32959170700698, "completition_cost": 333.33333333333337, "overshoot_cost": 44.74351592204203, "power_cost": 23.497627734375, "noise_cost": 16.851566502681376, "n_waypoints_completed": 6, "tot_waypoints": 9}}
{"target": -411.67630333994276, "params": {"k_pid_pos": [1.9985038435709335, 0.997918667044905, 0.8259231645654852], "k_pid_alt": [1.3840173733531782, 0.5615663586791135, 0.15756976377773446], "k_pid_att": [43.94335509967497, 2.862934200738787, 0.07007197372328829], "k_pid_yaw": [0.5, 1e-06, 0.1], "k_pid_hsp": [8.120493641817216, 0.7555216204737685, 0.21322940006254354], "k_pid_vsp": [147.7394701583438, 50.50214946278267, 35.21174450596706]}, "datetime": {"datetime": "2025-08-21 04:29:21", "elapsed": 59815.56238603592, "delta": 44.90241360664368}, "costs": {"total_cost": 411.67630333994276, "time_cost": 89.70400000000001, "final_distance_cost": 1.7159728433224275, "oscillation_cost": 232.76359823331273, "completition_cost": 0.0, "overshoot_cost": 54.70195767170124, "power_cost": 18.38639051513672, "noise_cost": 14.404384076469599, "n_waypoints_completed": 9, "tot_waypoints": 9}}
{"target": -351.9113145798466, "params": {"k_pid_pos": [1.358701853508891, 0.4104679596157408, 0.0], "k_pid_alt": [1.491143414029225, 0.0, 0.5199694394363179], "k_pid_att": [46.11986527386883, 0.0001, 0.6432985741812323], "k_pid_yaw": [0.5, 1e-06, 0.1], "k_pid_hsp": [3.7883680657664365, 0.8913904413567655, 0.2104981346114057], "k_pid_vsp": [395.96806932170136, 35.90024202445004, 187.82630085745544]}, "datetime": {"datetime": "2025-08-21 04:30:09", "elapsed": 59863.86258339882, "delta": 48.30019736289978}, "costs": {"total_cost": 351.9113145798466, "time_cost": 90.008, "final_distance_cost": 1.8017980389570092, "oscillation_cost": 161.38626757589608, "completition_cost": 0.0, "overshoot_cost": 61.623542848795026, "power_cost": 20.7719248046875, "noise_cost": 16.319781311511033, "n_waypoints_completed": 9, "tot_waypoints": 9}}
{"target": -379.33606755296336, "params": {"k_pid_pos": [1.3153611166946544, 0.4333305349830012, 1.0], "k_pid_alt": [1.6319681063011213, 0.5830762593838879, 0.8344908034517398], "k_pid_att": [8.746783535218428, 7.885129193827246, 0.2608799024111282], "k_pid_yaw": [0.5, 1e-06, 0.1], "k_pid_hsp": [10.0, 0.8894982923055863, 0.5434149923460764], "k_pid_vsp": [271.5565724383446, 365.9100045607868, 23.781480023369976]}, "datetime": {"datetime": "2025-08-21 04:30:50", "elapsed": 59905.213901758194, "delta": 41.351318359375}, "costs": {"total_cost": 379.33606755296336, "time_cost": 87.968, "final_distance_cost": 1.7163312796743775, "oscillation_cost": 201.93952777320317, "completition_cost": 0.0, "overshoot_cost": 53.12989565022439, "power_cost": 19.99148876953125, "noise_cost": 14.590824080330174, "n_waypoints_completed": 9, "tot_waypoints": 9}}
{"target": -1364.4078624851654, "params": {"k_pid_pos": [0.24755069837815705, 0.6713246580942298, 0.24424450321594038], "k_pid_alt": [0.2396993655236499, 0.9398683698472435, 0.930681543856794], "k_pid_att": [40.387307228776905, 9.66675338102219, 0.18530070594270498], "k_pid_yaw": [0.5, 1e-06, 0.1], "k_pid_hsp": [6.871799266768948, 0.41617933573199184, 0.772458284408018], "k_pid_vsp": [110.47289972979448, 146.4987340431313, 21.19166431770039]}, "datetime": {"datetime": "2025-08-21 04:31:36", "elapsed": 59951.33276629448, "delta": 46.1188645362854}, "costs": {"total_cost": 1364.4078624851654, "time_cost": 150, "final_distance_cost": 67.76779064257703, "oscillation_cost": 179.2539694101803, "completition_cost": 888.8888888888888, "overshoot_cost": 40.85582355643551, "power_cost": 21.66423298339844, "noise_cost": 15.977157003685083, "n_waypoints_completed": 1, "tot_waypoints": 9}}
{"target": -404.94788560848156, "params": {"k_pid_pos": [1.731261474506839, 0.6505857278082304, 0.9906318294429634], "k_pid_alt": [0.9855493304689282, 0.5737429904641341, 0.4289497468237013], "k_pid_att": [31.895132704760638, 4.208080920275396, 0.37944308737899435], "k_pid_yaw": [0.5, 1e-06, 0.1], "k_pid_hsp": [7.607181063173595, 0.1934872645152466, 0.6533607400084074], "k_pid_vsp": [334.8449784497078, 203.81391089593276, 33.95101007051709]}, "datetime": {"datetime": "2025-08-21 04:32:16", "elapsed": 59990.55012059212, "delta": 39.21735429763794}, "costs": {"total_cost": 404.94788560848156, "time_cost": 84.848, "final_distance_cost": 1.7911760262938567, "oscillation_cost": 234.03394511329225, "completition_cost": 0.0, "overshoot_cost": 53.16456726200136, "power_cost": 17.612392236328127, "noise_cost": 13.497804970566003, "n_waypoints_completed": 9, "tot_waypoints": 9}}
{"target": -461.21310331986825, "params": {"k_pid_pos": [0.8766247017065204, 0.19230735231239507, 0.22481622132259557], "k_pid_alt": [1.545120070372365, 0.20090263375978418, 0.6667206717238509], "k_pid_att": [35.02915104410362, 0.8620263706750861, 0.19590198581676788], "k_pid_yaw": [0.5, 1e-06, 0.1], "k_pid_hsp": [8.823382800629286, 0.8084345705840886, 0.3289634929957782], "k_pid_vsp": [282.20634096881304, 86.70475358727941, 177.78256976544918]}, "datetime": {"datetime": "2025-08-21 04:32:57", "elapsed": 60032.287994384766, "delta": 41.737873792648315}, "costs": {"total_cost": 461.21310331986825, "time_cost": 97.416, "final_distance_cost": 1.778452895932164, "oscillation_cost": 268.18535625726673, "completition_cost": 0.0, "overshoot_cost": 56.4566279460212, "power_cost": 21.125465576171877, "noise_cost": 16.251200644476242, "n_waypoints_completed": 9, "tot_waypoints": 9}}
{"target": -767.4400519400789, "params": {"k_pid_pos": [0.0001, 1.0, 1.0], "k_pid_alt": [2.0, 0.0, 1.0], "k_pid_att": [60.86865096547217, 0.0001, 1.0], "k_pid_yaw": [0.5, 1e-06, 0.1], "k_pid_hsp": [0.7298147783273672, 1.0, 0.0], "k_pid_vsp": [111.16269761326197, 301.00956845870076, 106.66234093348865]}, "datetime": {"datetime": "2025-08-21 04:33:53", "elapsed": 60087.52118611336, "delta": 55.23319172859192}, "costs": {"total_cost": 767.4400519400789, "time_cost": 150, "final_distance_cost": 49.1756713858882, "oscillation_cost": 41.40486909801082, "completition_cost": 444.4444444444444, "overshoot_cost": 57.38605624948237, "power_cost": 13.781418237304688, "noise_cost": 11.247592524948336, "n_waypoints_completed": 5, "tot_waypoints": 9}}
{"target": -423.56456460307425, "params": {"k_pid_pos": [0.7163486843656064, 0.991578600246656, 0.8445303390359598], "k_pid_alt": [1.852512662115933, 0.47873785595054585, 0.03674860858304141], "k_pid_att": [29.196965217985284, 1.9892052141167846, 0.04012621848726794], "k_pid_yaw": [0.5, 1e-06, 0.1], "k_pid_hsp": [5.572624497870128, 0.06902893040306979, 0.06271012569625178], "k_pid_vsp": [333.5477690684635, 200.16413569747522, 36.621067768357534]}, "datetime": {"datetime": "2025-08-21 04:34:39", "elapsed": 60134.39269447327, "delta": 46.87150835990906}, "costs": {"total_cost": 423.56456460307425, "time_cost": 95.536, "final_distance_cost": 1.762269048383353, "oscillation_cost": 242.54141480583567, "completition_cost": 0.0, "overshoot_cost": 51.342729030360495, "power_cost": 18.10069899902344, "noise_cost": 14.28145271947123, "n_waypoints_completed": 9, "tot_waypoints": 9}}
{"target": -1039.93293989243, "params": {"k_pid_pos": [1.0044278158709565, 0.7271499540549202, 0.059952117807171135], "k_pid_alt": [0.1769408143668465, 0.4919437212331723, 0.8586951687470998], "k_pid_att": [28.800308940990014, 5.216930371971081, 0.1738851970040759], "k_pid_yaw": [0.5, 1e-06, 0.1], "k_pid_hsp": [7.164951960582379, 0.1513364401632803, 0.43459907727921987], "k_pid_vsp": [140.28981778933618, 12.82588600936303, 11.624748674490215]}, "datetime": {"datetime": "2025-08-21 04:35:31", "elapsed": 60185.80244755745, "delta": 51.40975308418274}, "costs": {"total_cost": 1039.93293989243, "time_cost": 150, "final_distance_cost": 43.69266381651163, "oscillation_cost": 201.19070996539165, "completition_cost": 555.5555555555555, "overshoot_cost": 52.27760711940874, "power_cost": 19.889792993164065, "noise_cost": 17.32661044239846, "n_waypoints_completed": 4, "tot_waypoints": 9}}
{"target": -244.50555724802635, "params": {"k_pid_pos": [0.7475253743094142, 0.5736772396408478, 0.30262521167616196], "k_pid_alt": [2.0, 0.7207560821896455, 0.1848059513400813], "k_pid_att": [36.08936623296306, 8.425952475663378, 0.1981478174736153], "k_pid_yaw": [0.5, 1e-06, 0.1], "k_pid_hsp": [6.1208140372029565, 0.4746351504143535, 0.0], "k_pid_vsp": [315.13723231043537, 44.23585555324556, 62.807397736225006]}, "datetime": {"datetime": "2025-08-21 04:36:15", "elapsed": 60230.03780460358, "delta": 44.23535704612732}, "costs": {"total_cost": 244.50555724802635, "time_cost": 84.008, "final_distance_cost": 1.7899523261590158, "oscillation_cost": 70.82158199813756, "completition_cost": 0.0, "overshoot_cost": 53.03804991547247, "power_cost": 20.450367517089845, "noise_cost": 14.397605491167472, "n_waypoints_completed": 9, "tot_waypoints": 9}}
{"target": -229.03436835153627, "params": {"k_pid_pos": [2.0, 0.8258600351808888, 0.8390935710944464], "k_pid_alt": [2.0, 0.8433169067701026, 0.9955842995488714], "k_pid_att": [96.29176748830807, 0.0001, 0.0], "k_pid_yaw": [0.5, 1e-06, 0.1], "k_pid_hsp": [0.33630740305189893, 0.0, 0.0], "k_pid_vsp": [335.54526444457366, 300.68334075293313, 36.86844028099674]}, "datetime": {"datetime": "2025-08-21 04:37:05", "elapsed": 60279.87801408768, "delta": 49.84020948410034}, "costs": {"total_cost": 229.03436835153627, "time_cost": 88.176, "final_distance_cost": 1.752690820918599, "oscillation_cost": 50.260152476477465, "completition_cost": 0.0, "overshoot_cost": 53.22336901680152, "power_cost": 20.371696545410156, "noise_cost": 15.25045949192855, "n_waypoints_completed": 9, "tot_waypoints": 9}}
{"target": -348.71796474681355, "params": {"k_pid_pos": [1.7811225109659476, 0.3922049166146261, 0.2378146570704632], "k_pid_alt": [1.7398272378079382, 0.653431307244039, 0.30380211431591897], "k_pid_att": [15.643702603507725, 7.025433132289777, 0.9990164058541071], "k_pid_yaw": [0.5, 1e-06, 0.1], "k_pid_hsp": [8.28401038529011, 0.022696260054577727, 0.8884255944771579], "k_pid_vsp": [361.6857787674354, 122.72049016037991, 38.3328693599531]}, "datetime": {"datetime": "2025-08-21 04:37:45", "elapsed": 60319.620995759964, "delta": 39.74298167228699}, "costs": {"total_cost": 348.71796474681355, "time_cost": 89.752, "final_distance_cost": 1.7867474035665185, "oscillation_cost": 170.34612833778115, "completition_cost": 0.0, "overshoot_cost": 53.629926201808175, "power_cost": 19.001620483398437, "noise_cost": 14.201542320259227, "n_waypoints_completed": 9, "tot_waypoints": 9}}
{"target": -782.6074295368325, "params": {"k_pid_pos": [1.9810068603492728, 0.6023320493996626, 0.2194774456434184], "k_pid_alt": [0.9862580294915572, 0.9473594562808675, 0.14647500346292955], "k_pid_att": [6.120498365413893, 6.700639127375818, 0.9976624311605563], "k_pid_yaw": [0.5, 1e-06, 0.1], "k_pid_hsp": [1.34258374009514, 0.9658924411681452, 0.2781160450948352], "k_pid_vsp": [155.64971245393434, 207.92720931132538, 51.30481459215894]}, "datetime": {"datetime": "2025-08-21 04:38:22", "elapsed": 60356.548820734024, "delta": 36.92782497406006}, "costs": {"total_cost": 782.6074295368325, "time_cost": 150, "final_distance_cost": 72.08894452783974, "oscillation_cost": 129.50069040127707, "completition_cost": 333.33333333333337, "overshoot_cost": 56.36189876159736, "power_cost": 23.466488879394532, "noise_cost": 17.856073633390324, "n_waypoints_completed": 6, "tot_waypoints": 9}}
{"target": -447.1260718649523, "params": {"k_pid_pos": [0.9907545625036603, 0.027699233960489344, 0.8219655346737293], "k_pid_alt": [0.3774968908506948, 0.30967794125666215, 0.5753391968005969], "k_pid_att": [36.204904087895805, 8.459098203651484, 0.5049969948855448], "k_pid_yaw": [0.5, 1e-06, 0.1], "k_pid_hsp": [9.401135603515495, 0.4153780650979868, 0.41722588963534435], "k_pid_vsp": [290.0823768987959, 76.99729797342292, 45.47553014064014]}, "datetime": {"datetime": "2025-08-21 04:39:23", "elapsed": 60418.16070628166, "delta": 61.61188554763794}, "costs": {"total_cost": 447.1260718649523, "time_cost": 94.85600000000001, "final_distance_cost": 1.8074152196211566, "oscillation_cost": 263.57379286379387, "completition_cost": 0.0, "overshoot_cost": 55.203457187318854, "power_cost": 17.642242724609375, "noise_cost": 14.043163869608948, "n_waypoints_completed": 9, "tot_waypoints": 9}}
{"target": -419.4753587547085, "params": {"k_pid_pos": [1.4541440113026325, 0.6268867887266578, 0.9998553141282881], "k_pid_alt": [1.8293903754536405, 0.4819949993409048, 0.6937270720615946], "k_pid_att": [71.63250632132575, 6.161381514406078, 0.8146455071273164], "k_pid_yaw": [0.5, 1e-06, 0.1], "k_pid_hsp": [9.236188293432152, 0.4647005310403682, 0.6285130712860724], "k_pid_vsp": [372.5925090857293, 335.91918878767206, 70.89383990002534]}, "datetime": {"datetime": "2025-08-21 04:40:10", "elapsed": 60464.766238451004, "delta": 46.60553216934204}, "costs": {"total_cost": 419.4753587547085, "time_cost": 88.888, "final_distance_cost": 1.7916972920504073, "oscillation_cost": 241.3083149010792, "completition_cost": 0.0, "overshoot_cost": 53.79388489616207, "power_cost": 19.16910086669922, "noise_cost": 14.524360798717586, "n_waypoints_completed": 9, "tot_waypoints": 9}}
{"target": -790.1819772472153, "params": {"k_pid_pos": [0.7108667240054275, 0.5196655410201204, 0.6447218550629117], "k_pid_alt": [0.7893269255538206, 0.5198751872036432, 0.6760148792929901], "k_pid_att": [42.20904509409279, 4.384523894379453, 0.36160048468140393], "k_pid_yaw": [0.5, 1e-06, 0.1], "k_pid_hsp": [5.954492972710757, 0.6941491809416703, 0.47360855762063847], "k_pid_vsp": [192.94438377212967, 291.806012028065, 139.64842383788866]}, "datetime": {"datetime": "2025-08-21 04:40:58", "elapsed": 60512.560614824295, "delta": 47.794376373291016}, "costs": {"total_cost": 790.1819772472153, "time_cost": 150, "final_distance_cost": 63.92214569929549, "oscillation_cost": 266.45076446714364, "completition_cost": 222.2222222222222, "overshoot_cost": 49.6216462151574, "power_cost": 21.20171505126953, "noise_cost": 16.76348359212702, "n_waypoints_completed": 7, "tot_waypoints": 9}}
{"target": -1176.9638914729956, "params": {"k_pid_pos": [0.24081376934766785, 0.4367679703914267, 0.9923981662543796], "k_pid_alt": [1.8955771123227283, 0.40914825651306197, 0.36793110809341356], "k_pid_att": [53.739848034728844, 1.3205687505296875, 0.0847657465190873], "k_pid_yaw": [0.5, 1e-06, 0.1], "k_pid_hsp": [7.070191766873095, 0.14212567273603083, 0.19309404902335847], "k_pid_vsp": [344.86360778019235, 218.65497116155177, 23.730153764780198]}, "datetime": {"datetime": "2025-08-21 04:41:48", "elapsed": 60563.00903129578, "delta": 50.44841647148132}, "costs": {"total_cost": 1176.9638914729956, "time_cost": 150, "final_distance_cost": 48.958267892619396, "oscillation_cost": 340.9384277970055, "completition_cost": 555.5555555555555, "overshoot_cost": 44.36454989737078, "power_cost": 21.05777235107422, "noise_cost": 16.08931797937016, "n_waypoints_completed": 4, "tot_waypoints": 9}}
{"target": -429.49234212298546, "params": {"k_pid_pos": [2.0, 0.0, 0.1767913650463423], "k_pid_alt": [0.6997838947340451, 0.39362443451620127, 0.21502471439851215], "k_pid_att": [54.23412170799085, 5.564009449319177, 0.40100274624654947], "k_pid_yaw": [0.5, 1e-06, 0.1], "k_pid_hsp": [6.3784548259508895, 0.32526237332842395, 0.0], "k_pid_vsp": [62.284334597035986, 188.3261531068585, 91.91776905163859]}, "datetime": {"datetime": "2025-08-21 04:42:33", "elapsed": 60608.0379383564, "delta": 45.02890706062317}, "costs": {"total_cost": 429.49234212298546, "time_cost": 150, "final_distance_cost": 5.848786929102637, "oscillation_cost": 72.07076150933256, "completition_cost": 111.11111111111116, "overshoot_cost": 56.947709267827356, "power_cost": 17.975086083984376, "noise_cost": 15.538887221627398, "n_waypoints_completed": 8, "tot_waypoints": 9}}
{"target": -212.00416912575915, "params": {"k_pid_pos": [0.7347209887366948, 0.579374852196823, 0.0], "k_pid_alt": [0.733783958921811, 0.010669591093175263, 0.47749243534458785], "k_pid_att": [9.388854417157342, 5.744098748799213, 0.8300448496358671], "k_pid_yaw": [0.5, 1e-06, 0.1], "k_pid_hsp": [4.583252557590191, 0.0, 0.0], "k_pid_vsp": [54.38096758040788, 227.74935332115913, 84.44433353163043]}, "datetime": {"datetime": "2025-08-21 04:43:15", "elapsed": 60650.015092134476, "delta": 41.97715377807617}, "costs": {"total_cost": 212.00416912575915, "time_cost": 81.352, "final_distance_cost": 1.780522578559511, "oscillation_cost": 44.265997106062144, "completition_cost": 0.0, "overshoot_cost": 52.51177767365346, "power_cost": 18.504744970703126, "noise_cost": 13.589126796780915, "n_waypoints_completed": 9, "tot_waypoints": 9}}
{"target": -334.3949838461583, "params": {"k_pid_pos": [2.0, 0.0, 0.0], "k_pid_alt": [2.0, 0.0, 0.0], "k_pid_att": [49.4570342549956, 1.7391277707554893, 0.0], "k_pid_yaw": [0.5, 1e-06, 0.1], "k_pid_hsp": [6.0227863915734625, 0.026153936663243657, 1.0], "k_pid_vsp": [353.6867059187122, 216.20536047839485, 28.848850676882414]}, "datetime": {"datetime": "2025-08-21 04:44:01", "elapsed": 60695.86526465416, "delta": 45.85017251968384}, "costs": {"total_cost": 334.3949838461583, "time_cost": 75.288, "final_distance_cost": 1.746166615867017, "oscillation_cost": 174.3332831342042, "completition_cost": 0.0, "overshoot_cost": 54.063883808256996, "power_cost": 15.981416796875001, "noise_cost": 12.982233490955068, "n_waypoints_completed": 9, "tot_waypoints": 9}}
{"target": -358.28902255091094, "params": {"k_pid_pos": [2.0, 0.0, 0.0], "k_pid_alt": [0.8561174781420108, 0.23721937851356306, 0.6817328684900454], "k_pid_att": [47.56807710704551, 10.0, 0.0], "k_pid_yaw": [0.5, 1e-06, 0.1], "k_pid_hsp": [10.0, 0.45261294765701976, 1.0], "k_pid_vsp": [192.53990758547474, 293.8601835757212, 139.1028981144716]}, "datetime": {"datetime": "2025-08-21 04:44:44", "elapsed": 60738.837440252304, "delta": 42.97217559814453}, "costs": {"total_cost": 358.28902255091094, "time_cost": 83.68, "final_distance_cost": 1.7853542076447886, "oscillation_cost": 183.49167322107053, "completition_cost": 0.0, "overshoot_cost": 55.41144893948233, "power_cost": 19.427065856933595, "noise_cost": 14.493480325779672, "n_waypoints_completed": 9, "tot_waypoints": 9}}
{"target": -654.2531090443101, "params": {"k_pid_pos": [1.3568346946789849, 0.5030570981639432, 0.32356280265411386], "k_pid_alt": [0.7798586568571376, 0.5810518071595051, 0.7515208197746989], "k_pid_att": [19.98414184649608, 6.629727449642283, 0.592425457460694], "k_pid_yaw": [0.5, 1e-06, 0.1], "k_pid_hsp": [4.326387741924107, 0.7654388957795155, 0.3157730949841547], "k_pid_vsp": [304.84133274714804, 146.40446090737194, 42.00799854521991]}, "datetime": {"datetime": "2025-08-21 04:45:29", "elapsed": 60784.14584827423, "delta": 45.30840802192688}, "costs": {"total_cost": 654.2531090443101, "time_cost": 150, "final_distance_cost": 43.17580571258049, "oscillation_cost": 259.07856017681894, "completition_cost": 111.11111111111116, "overshoot_cost": 52.8854444922034, "power_cost": 21.489600646972658, "noise_cost": 16.512586904623394, "n_waypoints_completed": 8, "tot_waypoints": 9}}
