{"target": -1228.608937811017, "params": {"k_pid_pos": [0.1989105021660605, 0.9799972087383062, 0.6479168820557029], "k_pid_alt": [0.4128231440979582, 0.9262656391022929, 0.6505431592272563], "k_pid_att": [12.419265991867679, 4.977418261380164, 0.7065148423750967], "k_pid_yaw": [0.5, 1e-06, 0.1], "k_pid_hsp": [4.408295147467042, 0.7447120883006945, 0.9589143573804642], "k_pid_vsp": [182.58269737876694, 367.01077678013064, 66.75944121579417]}, "datetime": {"datetime": "2025-08-20 22:14:33", "elapsed": 37328.187181949615, "delta": 32.723533630371094}, "costs": {"total_cost": 1228.608937811017, "time_cost": 150, "final_distance_cost": 78.37036624673763, "oscillation_cost": 143.35631951116846, "completition_cost": 777.7777777777778, "overshoot_cost": 43.7433424622532, "power_cost": 20.696561779785156, "noise_cost": 14.664570033294948, "n_waypoints_completed": 2, "tot_waypoints": 9}}
{"target": -724.3602357564744, "params": {"k_pid_pos": [1.1139425737499253, 0.9214409477513116, 0.7327043067193222], "k_pid_alt": [1.8781632925216607, 0.6026713722999933, 0.5957488881802039], "k_pid_att": [28.168934523852617, 2.4423786790168713, 0.5533969975174647], "k_pid_yaw": [0.5, 1e-06, 0.1], "k_pid_hsp": [3.769069333380398, 0.7687254439346474, 0.5732629208388352], "k_pid_vsp": [210.9260531228315, 93.85883987889551, 49.76346976003895]}, "datetime": {"datetime": "2025-08-20 22:15:11", "elapsed": 37365.55379772186, "delta": 37.366615772247314}, "costs": {"total_cost": 724.3602357564744, "time_cost": 150, "final_distance_cost": 66.09725896516208, "oscillation_cost": 201.24397220417612, "completition_cost": 222.2222222222222, "overshoot_cost": 49.71328071526678, "power_cost": 20.11739429931641, "noise_cost": 14.966107350330756, "n_waypoints_completed": 7, "tot_waypoints": 9}}
{"target": -1470.7201301304524, "params": {"k_pid_pos": [0.5640039419874716, 0.8401351583432858, 0.017945879766237516], "k_pid_alt": [0.9614604963750535, 0.43453072813099647, 0.3208037484681243], "k_pid_att": [6.835108000678936, 5.041942694247009, 0.079021264500166], "k_pid_yaw": [0.5, 1e-06, 0.1], "k_pid_hsp": [0.7022125799177165, 0.27460301528647346, 0.0066398808541506815], "k_pid_vsp": [219.79475114472513, 54.772196155617955, 308.1407633227365]}, "datetime": {"datetime": "2025-08-20 22:15:41", "elapsed": 37395.722202301025, "delta": 30.168404579162598}, "costs": {"total_cost": 1470.7201301304524, "time_cost": 150, "final_distance_cost": 10.955419205320405, "oscillation_cost": 83.95066820060111, "completition_cost": 1000.0, "overshoot_cost": 137.2297025006344, "power_cost": 22.057227087402346, "noise_cost": 66.52711313649401, "n_waypoints_completed": 0, "tot_waypoints": 9}}
{"target": -1867.1868966608974, "params": {"k_pid_pos": [0.12395669096701215, 0.15026680198850517, 0.20382978288792353], "k_pid_alt": [1.218916763889822, 0.09685037408490826, 0.17389002673663523], "k_pid_att": [20.417076929206456, 1.1128650381593719, 0.20664134563279757], "k_pid_yaw": [0.5, 1e-06, 0.1], "k_pid_hsp": [7.085896880812728, 0.33553496126229865, 0.15522107222816794], "k_pid_vsp": [138.20738110015708, 86.33988966194377, 392.4121221508451]}, "datetime": {"datetime": "2025-08-20 22:16:12", "elapsed": 37426.633076667786, "delta": 30.910874366760254}, "costs": {"total_cost": 1867.1868966608974, "time_cost": 150, "final_distance_cost": 146.7455195689926, "oscillation_cost": 385.95912774943383, "completition_cost": 1000.0, "overshoot_cost": 147.42580503549294, "power_cost": 20.181069921875, "noise_cost": 16.875374385103164, "n_waypoints_completed": 0, "tot_waypoints": 9}}
{"target": -451.24144852906113, "params": {"k_pid_pos": [1.8441686112604023, 0.5941077971557351, 0.5200417288802758], "k_pid_alt": [1.6039249834898677, 0.7984464854361023, 0.38292296258565284], "k_pid_att": [93.96193710995904, 2.139386720222781, 0.40900365436375585], "k_pid_yaw": [0.5, 1e-06, 0.1], "k_pid_hsp": [4.234495195366316, 0.544427911206269, 0.14058481543088097], "k_pid_vsp": [133.05640603373794, 265.879489189098, 102.65641392963842]}, "datetime": {"datetime": "2025-08-20 22:16:43", "elapsed": 37457.84663105011, "delta": 31.21355438232422}, "costs": {"total_cost": 451.24144852906113, "time_cost": 99.744, "final_distance_cost": 1.71154205485721, "oscillation_cost": 252.6939531188973, "completition_cost": 0.0, "overshoot_cost": 56.57628249372065, "power_cost": 22.527610107421875, "noise_cost": 17.988060754164042, "n_waypoints_completed": 9, "tot_waypoints": 9}}
{"target": -788.8460148333297, "params": {"k_pid_pos": [0.9596823532188189, 0.9794191410802929, 0.11233828115518762], "k_pid_alt": [1.9412318076823176, 0.6287525216011334, 0.7456372599931382], "k_pid_att": [13.57509814269422, 4.706939211648559, 0.02532949047563038], "k_pid_yaw": [0.5, 1e-06, 0.1], "k_pid_hsp": [2.701417983668506, 0.32326385314221107, 0.4147558419885654], "k_pid_vsp": [399.12056941156095, 376.47541513305634, 77.77172313879325]}, "datetime": {"datetime": "2025-08-20 22:17:21", "elapsed": 37495.568246126175, "delta": 37.72161507606506}, "costs": {"total_cost": 788.8460148333297, "time_cost": 150, "final_distance_cost": 65.68000494684773, "oscillation_cost": 142.85769003724926, "completition_cost": 333.33333333333337, "overshoot_cost": 60.811117427518774, "power_cost": 20.90229372558594, "noise_cost": 15.261575362794611, "n_waypoints_completed": 6, "tot_waypoints": 9}}
{"target": -1319.179218345168, "params": {"k_pid_pos": [0.13607597559897025, 0.05496530198604732, 0.3497576003768207], "k_pid_alt": [0.7832908538669239, 0.3099554388971977, 0.23678451964095548], "k_pid_att": [53.7451188300149, 2.4831051637934123, 0.9514952489113615], "k_pid_yaw": [0.5, 1e-06, 0.1], "k_pid_hsp": [2.5124665258649292, 0.30339996601661756, 0.2869278367661474], "k_pid_vsp": [248.48039117793576, 32.87842779582998, 273.99195687641264]}, "datetime": {"datetime": "2025-08-20 22:17:53", "elapsed": 37527.87346625328, "delta": 32.30522012710571}, "costs": {"total_cost": 1319.179218345168, "time_cost": 150, "final_distance_cost": 53.96583356089998, "oscillation_cost": 354.7170682616685, "completition_cost": 666.6666666666667, "overshoot_cost": 57.78182078349203, "power_cost": 19.92552479248047, "noise_cost": 16.122304279960197, "n_waypoints_completed": 3, "tot_waypoints": 9}}
{"target": -1390.1348052145352, "params": {"k_pid_pos": [0.43978913541204867, 0.7446581433210981, 0.4569899112900748], "k_pid_alt": [1.717880816125695, 0.9673339476887707, 0.474182386598043], "k_pid_att": [15.019625519616875, 8.06319341515667, 0.8542017536881106], "k_pid_yaw": [0.5, 1e-06, 0.1], "k_pid_hsp": [3.6980000012542775, 0.042512908543295036, 0.02413083025674323], "k_pid_vsp": [346.21680968158705, 241.3795269126701, 374.6026218167737]}, "datetime": {"datetime": "2025-08-20 22:18:24", "elapsed": 37558.896760463715, "delta": 31.02329421043396}, "costs": {"total_cost": 1390.1348052145352, "time_cost": 150, "final_distance_cost": 93.57119617190409, "oscillation_cost": 30.651506571907323, "completition_cost": 1000.0, "overshoot_cost": 100.01715427970599, "power_cost": 7.528728991699219, "noise_cost": 8.366219199318769, "n_waypoints_completed": 0, "tot_waypoints": 9}}
{"target": -1060.6355808593057, "params": {"k_pid_pos": [0.6969331500645032, 0.11775732618119605, 0.5501565375063944], "k_pid_alt": [1.1512914357226625, 0.33605365516252383, 0.9081655298539772], "k_pid_att": [66.39947418538561, 6.7928335161814895, 0.7663652532712413], "k_pid_yaw": [0.5, 1e-06, 0.1], "k_pid_hsp": [5.083132242697679, 0.2917120211488824, 0.3995031264475848], "k_pid_vsp": [185.20905141480935, 313.7303527759645, 382.4161629720567]}, "datetime": {"datetime": "2025-08-20 22:18:54", "elapsed": 37589.17581486702, "delta": 30.279054403305054}, "costs": {"total_cost": 1060.6355808593057, "time_cost": 150, "final_distance_cost": 52.69294161681513, "oscillation_cost": 317.3953075672208, "completition_cost": 444.4444444444444, "overshoot_cost": 56.07745776529044, "power_cost": 22.18307950439453, "noise_cost": 17.842349961140386, "n_waypoints_completed": 5, "tot_waypoints": 9}}
{"target": -1407.447508226361, "params": {"k_pid_pos": [1.52308220961803, 0.40222916508749795, 0.08428516001631303], "k_pid_alt": [0.01638098998916715, 0.5286929395240111, 0.7598926730624364], "k_pid_att": [58.286952080182765, 4.498509815266349, 0.14558634053606656], "k_pid_yaw": [0.5, 1e-06, 0.1], "k_pid_hsp": [3.5696407942893824, 0.5999080882173693, 0.9712348048082249], "k_pid_vsp": [219.23834423166699, 82.82425070623148, 34.93925753860782]}, "datetime": {"datetime": "2025-08-20 22:19:25", "elapsed": 37619.96395802498, "delta": 30.788143157958984}, "costs": {"total_cost": 1407.447508226361, "time_cost": 150, "final_distance_cost": 52.18122542847827, "oscillation_cost": 134.90914210215772, "completition_cost": 1000.0, "overshoot_cost": 34.732386408947384, "power_cost": 20.424066528320314, "noise_cost": 15.200687758457244, "n_waypoints_completed": 0, "tot_waypoints": 9}}
{"target": -1315.5978175290968, "params": {"k_pid_pos": [0.03150265936560692, 0.8460826015464149, 0.5302292176305385], "k_pid_alt": [1.9554297126183162, 0.8912405071814936, 0.20510701285300548], "k_pid_att": [86.20615596933801, 3.785551360240285, 0.8939573896951208], "k_pid_yaw": [0.5, 1e-06, 0.1], "k_pid_hsp": [4.579248612343593, 0.440226627872061, 0.2712832051577436], "k_pid_vsp": [9.083164583484482, 272.1295522930787, 284.7282465464246]}, "datetime": {"datetime": "2025-08-20 22:20:00", "elapsed": 37655.30179095268, "delta": 35.33783292770386}, "costs": {"total_cost": 1315.5978175290968, "time_cost": 150, "final_distance_cost": 96.47455151966614, "oscillation_cost": 185.54871591593104, "completition_cost": 777.7777777777778, "overshoot_cost": 71.07986468416422, "power_cost": 19.445209057617188, "noise_cost": 15.271698573940471, "n_waypoints_completed": 2, "tot_waypoints": 9}}
{"target": -988.3882718500732, "params": {"k_pid_pos": [1.966426808913608, 0.3827229276669968, 0.06089134064195689], "k_pid_alt": [0.06690553432059665, 0.6347522110065378, 0.061086226753902406], "k_pid_att": [70.08095303780985, 0.09709617185044915, 0.8094382373419311], "k_pid_yaw": [0.5, 1e-06, 0.1], "k_pid_hsp": [6.090844326358932, 0.7145749529357877, 0.8399751630490973], "k_pid_vsp": [160.60377353987866, 199.1472537525291, 105.60099311156955]}, "datetime": {"datetime": "2025-08-20 22:20:31", "elapsed": 37685.813217401505, "delta": 30.51142644882202}, "costs": {"total_cost": 988.3882718500732, "time_cost": 150, "final_distance_cost": 37.90641289011193, "oscillation_cost": 146.80270444446825, "completition_cost": 555.5555555555555, "overshoot_cost": 58.458290026743974, "power_cost": 22.02582937011719, "noise_cost": 17.639479563076446, "n_waypoints_completed": 4, "tot_waypoints": 9}}
{"target": -964.3601759025844, "params": {"k_pid_pos": [0.7794856531633118, 0.2678068062232464, 0.8339569796339722], "k_pid_alt": [1.6898575769441573, 0.22755881477983686, 0.8158147284093048], "k_pid_att": [57.32306549296256, 2.747598342000055, 0.2825231529455512], "k_pid_yaw": [0.5, 1e-06, 0.1], "k_pid_hsp": [0.12101156478054029, 0.9191054588893446, 0.12796183613781686], "k_pid_vsp": [352.27832812979887, 28.087427942797465, 315.3590884870327]}, "datetime": {"datetime": "2025-08-20 22:21:01", "elapsed": 37715.95775938034, "delta": 30.14454197883606}, "costs": {"total_cost": 964.3601759025844, "time_cost": 150, "final_distance_cost": 37.64595545787578, "oscillation_cost": 124.26128833046279, "completition_cost": 555.5555555555555, "overshoot_cost": 57.506152710099705, "power_cost": 22.83911221923828, "noise_cost": 16.552111629352222, "n_waypoints_completed": 4, "tot_waypoints": 9}}
{"target": -733.6706458660724, "params": {"k_pid_pos": [0.9901164216761595, 6.288355342887186e-05, 0.2427118850568235], "k_pid_alt": [1.4763715391355128, 0.748654163223314, 0.02637415515521957], "k_pid_att": [1.563185490460972, 2.9380188142461456, 0.6888547632686817], "k_pid_yaw": [0.5, 1e-06, 0.1], "k_pid_hsp": [8.007178456494726, 0.3450339270373094, 0.12472484299964992], "k_pid_vsp": [125.26571288527784, 179.51585434690824, 72.7169565916452]}, "datetime": {"datetime": "2025-08-20 22:21:32", "elapsed": 37746.77956724167, "delta": 30.821807861328125}, "costs": {"total_cost": 733.6706458660724, "time_cost": 150, "final_distance_cost": 64.90455885019816, "oscillation_cost": 203.1017345446596, "completition_cost": 222.2222222222222, "overshoot_cost": 49.71034689168276, "power_cost": 26.16872177734375, "noise_cost": 17.563061579965957, "n_waypoints_completed": 7, "tot_waypoints": 9}}
{"target": -1281.3434152634802, "params": {"k_pid_pos": [0.07364601148699919, 0.7192787553448717, 0.3703190617298727], "k_pid_alt": [0.3245049170553902, 0.3247879659031686, 0.6919546276638862], "k_pid_att": [16.736480396592345, 9.319859615287452, 0.31732149779953267], "k_pid_yaw": [0.5, 1e-06, 0.1], "k_pid_hsp": [1.0961494847772586, 0.7324842733351831, 0.3376718766845527], "k_pid_vsp": [127.60034558035764, 330.65106842350673, 222.43092812997304]}, "datetime": {"datetime": "2025-08-20 22:22:03", "elapsed": 37777.52281665802, "delta": 30.74324941635132}, "costs": {"total_cost": 1281.3434152634802, "time_cost": 150, "final_distance_cost": 78.23048740954805, "oscillation_cost": 188.59512724313214, "completition_cost": 777.7777777777778, "overshoot_cost": 48.58537373186225, "power_cost": 21.960119628906252, "noise_cost": 16.194529472253716, "n_waypoints_completed": 2, "tot_waypoints": 9}}
{"target": -679.8842178151932, "params": {"k_pid_pos": [1.295946701979538, 0.25787629905120235, 0.5313361115338543], "k_pid_alt": [1.0438954168448307, 0.24128313474643792, 0.24688500246524736], "k_pid_att": [76.65096934772215, 6.126399983876762, 0.5183186808786114], "k_pid_yaw": [0.5, 1e-06, 0.1], "k_pid_hsp": [2.84308615103496, 0.5295658428464304, 0.3474574382598723], "k_pid_vsp": [144.09857008717242, 101.86752510261329, 136.6216721718392]}, "datetime": {"datetime": "2025-08-20 22:22:39", "elapsed": 37814.46555328369, "delta": 36.94273662567139}, "costs": {"total_cost": 679.8842178151932, "time_cost": 150, "final_distance_cost": 65.43192236453447, "oscillation_cost": 262.1869162597552, "completition_cost": 111.11111111111116, "overshoot_cost": 54.89439699991661, "power_cost": 20.60490808105469, "noise_cost": 15.654962998821137, "n_waypoints_completed": 8, "tot_waypoints": 9}}
{"target": -905.4227372849058, "params": {"k_pid_pos": [0.741767637189305, 0.0702560468057779, 0.010685881328287405], "k_pid_alt": [1.0123715331493828, 0.9766789500638836, 0.9480082160479136], "k_pid_att": [11.848228203314537, 6.16657444517653, 0.323286414313008], "k_pid_yaw": [0.5, 1e-06, 0.1], "k_pid_hsp": [2.1642049144955937, 0.5230710904722414, 0.7562267488312027], "k_pid_vsp": [270.68907628307375, 186.8155436754128, 240.76034717776395]}, "datetime": {"datetime": "2025-08-20 22:23:12", "elapsed": 37847.065147161484, "delta": 32.59959387779236}, "costs": {"total_cost": 905.4227372849058, "time_cost": 150, "final_distance_cost": 66.29402923420756, "oscillation_cost": 264.508438028206, "completition_cost": 333.33333333333337, "overshoot_cost": 57.29189801188109, "power_cost": 19.489871789550783, "noise_cost": 14.505166887727025, "n_waypoints_completed": 6, "tot_waypoints": 9}}
{"target": -389.6673960447366, "params": {"k_pid_pos": [1.4782741196963787, 0.9478811302077055, 0.4396065888412103], "k_pid_alt": [1.5277282287994016, 0.02794264329515539, 0.6487581787208654], "k_pid_att": [75.93468776059062, 2.3368025939471795, 0.5729201964168033], "k_pid_yaw": [0.5, 1e-06, 0.1], "k_pid_hsp": [9.704152107181187, 0.4560718939912307, 0.23576306601114894], "k_pid_vsp": [102.67403260004629, 371.0787578830294, 224.71882337794753]}, "datetime": {"datetime": "2025-08-20 22:23:44", "elapsed": 37879.39726114273, "delta": 32.33211398124695}, "costs": {"total_cost": 389.6673960447366, "time_cost": 94.56, "final_distance_cost": 1.707344042038705, "oscillation_cost": 183.32608871298987, "completition_cost": 0.0, "overshoot_cost": 67.57798050930543, "power_cost": 23.551273168945315, "noise_cost": 18.94470961145733, "n_waypoints_completed": 9, "tot_waypoints": 9}}
{"target": -622.5384341021603, "params": {"k_pid_pos": [0.9632590598793483, 0.47648235222476765, 0.6489342852914476], "k_pid_alt": [0.38365705464483324, 0.6163146803088047, 0.7037331721431042], "k_pid_att": [4.590670482529857, 5.72610174728769, 0.9810349201407045], "k_pid_yaw": [0.5, 1e-06, 0.1], "k_pid_hsp": [7.97793127397116, 0.2477801706104078, 0.05024616044609842], "k_pid_vsp": [165.31504012602386, 45.643336867302274, 77.38362466501886]}, "datetime": {"datetime": "2025-08-20 22:24:16", "elapsed": 37910.8213198185, "delta": 31.42405867576599}, "costs": {"total_cost": 622.5384341021603, "time_cost": 150, "final_distance_cost": 72.21615681806058, "oscillation_cost": 90.53711812444548, "completition_cost": 222.2222222222222, "overshoot_cost": 51.28988310462211, "power_cost": 21.03326298828125, "noise_cost": 15.239790844528509, "n_waypoints_completed": 7, "tot_waypoints": 9}}
{"target": -1410.5192765340053, "params": {"k_pid_pos": [1.0195750108321968, 0.13644550469008, 0.14632947623942882], "k_pid_alt": [0.48547830034865025, 0.570252697935649, 0.9336586463213896], "k_pid_att": [37.28754280563626, 6.588663525088869, 0.5181369158317315], "k_pid_yaw": [0.5, 1e-06, 0.1], "k_pid_hsp": [0.16742151387370918, 0.3257243016126057, 0.34241344798312834], "k_pid_vsp": [348.0523117965801, 315.5754490069861, 328.63551247087304]}, "datetime": {"datetime": "2025-08-20 22:24:48", "elapsed": 37942.92358541489, "delta": 32.10226559638977}, "costs": {"total_cost": 1410.5192765340053, "time_cost": 150, "final_distance_cost": 69.32372145363587, "oscillation_cost": 210.94608027081333, "completition_cost": 888.8888888888888, "overshoot_cost": 52.06722205986168, "power_cost": 22.605481481933595, "noise_cost": 16.687882378872125, "n_waypoints_completed": 1, "tot_waypoints": 9}}
{"target": -1061.0958027308293, "params": {"k_pid_pos": [1.529974364018853, 0.7437094271572144, 0.9345759826412338], "k_pid_alt": [1.0782154385288658, 0.48072443466775483, 0.6119818534993284], "k_pid_att": [65.34009889306262, 2.597893885070407, 0.5633266267257117], "k_pid_yaw": [0.5, 1e-06, 0.1], "k_pid_hsp": [4.005228631692351, 0.6938509059929199, 0.7398999799867052], "k_pid_vsp": [251.4070460287845, 9.625234748921214, 166.31333535724403]}, "datetime": {"datetime": "2025-08-20 22:25:19", "elapsed": 37974.37604379654, "delta": 31.452458381652832}, "costs": {"total_cost": 1061.0958027308293, "time_cost": 150, "final_distance_cost": 47.265671217755724, "oscillation_cost": 218.0093772946125, "completition_cost": 555.5555555555555, "overshoot_cost": 49.859174426817944, "power_cost": 23.005595629882812, "noise_cost": 17.400428606204795, "n_waypoints_completed": 4, "tot_waypoints": 9}}
{"target": -1260.605806322777, "params": {"k_pid_pos": [1.7946433305192397, 0.5366778327573913, 0.8756593341870514], "k_pid_alt": [1.3775837789462473, 0.010784958341146678, 0.1318734592554286], "k_pid_att": [75.33970408813441, 3.4723278558143122, 0.6675122176432831], "k_pid_yaw": [0.5, 1e-06, 0.1], "k_pid_hsp": [6.484108892692947, 0.5904326152937992, 0.9303833442455098], "k_pid_vsp": [55.39771020968374, 228.31677337494656, 360.46941033506585]}, "datetime": {"datetime": "2025-08-20 22:25:51", "elapsed": 38005.609270095825, "delta": 31.23322629928589}, "costs": {"total_cost": 1260.605806322777, "time_cost": 150, "final_distance_cost": 67.56201771754462, "oscillation_cost": 274.7583230356707, "completition_cost": 666.6666666666667, "overshoot_cost": 59.63662299674196, "power_cost": 22.930675109863284, "noise_cost": 19.051500796289528, "n_waypoints_completed": 3, "tot_waypoints": 9}}
{"target": -1366.323541101698, "params": {"k_pid_pos": [0.02488126345770562, 0.6541485095865651, 0.10473020359774932], "k_pid_alt": [0.2625241328040948, 0.7840420152402562, 0.9887253167788729], "k_pid_att": [53.41427238255332, 5.890246931766828, 0.6610501704436619], "k_pid_yaw": [0.5, 1e-06, 0.1], "k_pid_hsp": [4.744146582327588, 0.7176664496769173, 0.9047839329174793], "k_pid_vsp": [341.65287684496855, 23.43067603057267, 331.973926148057]}, "datetime": {"datetime": "2025-08-20 22:26:30", "elapsed": 38045.50993967056, "delta": 39.90066957473755}, "costs": {"total_cost": 1366.323541101698, "time_cost": 150, "final_distance_cost": 68.87329133690267, "oscillation_cost": 162.8349478123975, "completition_cost": 888.8888888888888, "overshoot_cost": 56.60059227236886, "power_cost": 22.550452978515626, "noise_cost": 16.575367812624457, "n_waypoints_completed": 1, "tot_waypoints": 9}}
{"target": -365.94980825479263, "params": {"k_pid_pos": [1.2889155817902314, 0.06475504982601266, 0.6953679210530769], "k_pid_alt": [0.9247434729975379, 0.0321193995854141, 0.05873141189424991], "k_pid_att": [35.78612927842689, 6.589530114638536, 0.7386646041241643], "k_pid_yaw": [0.5, 1e-06, 0.1], "k_pid_hsp": [7.386231220061895, 0.9798502593738031, 0.9078744459201212], "k_pid_vsp": [180.0346027634263, 50.48977774148626, 16.79552912743749]}, "datetime": {"datetime": "2025-08-20 22:26:58", "elapsed": 38072.66800427437, "delta": 27.158064603805542}, "costs": {"total_cost": 365.94980825479263, "time_cost": 83.096, "final_distance_cost": 1.7460255766259594, "oscillation_cost": 203.2562006009616, "completition_cost": 0.0, "overshoot_cost": 52.222472208153874, "power_cost": 13.840617687988281, "noise_cost": 11.788492181062887, "n_waypoints_completed": 9, "tot_waypoints": 9}}
