{"target": -761.9619704732125, "params": {"k_pid_pos": [1.2409743892010487, 0.35716447672170826, 0.11499549917622753], "k_pid_alt": [0.6278637650775882, 0.5697900458053771, 0.35174596730469254], "k_pid_att": [88.54442126720993, 6.02127667063481, 0.7636578496242344], "k_pid_yaw": [0.5, 1e-06, 0.1], "k_pid_hsp": [2.76787940369065, 0.4590182748154654, 0.2540626675032196], "k_pid_vsp": [153.09981129277608, 253.79755119315055, 122.77194431490851]}, "datetime": {"datetime": "2025-08-20 20:20:01", "elapsed": 30455.851221561432, "delta": 28.30857753753662}, "costs": {"total_cost": 761.9619704732125, "time_cost": 150, "final_distance_cost": 73.14488745006763, "oscillation_cost": 224.16160754688377, "completition_cost": 222.2222222222222, "overshoot_cost": 53.93393589966836, "power_cost": 21.433422180175782, "noise_cost": 17.06589517419486, "n_waypoints_completed": 7, "tot_waypoints": 9}}
{"target": -1527.6904676052504, "params": {"k_pid_pos": [1.3218600448989424, 0.41952356760092224, 0.05977822860479698], "k_pid_alt": [1.761572470223588, 0.631428236730095, 0.9824933236036797], "k_pid_att": [24.883312068548648, 9.004396424756155, 0.41621766393320836], "k_pid_yaw": [0.5, 1e-06, 0.1], "k_pid_hsp": [4.445780457279196, 0.029947500673534244, 0.5995245085185352], "k_pid_vsp": [210.69137594788114, 67.60063613580976, 288.10051472661434]}, "datetime": {"datetime": "2025-08-20 20:20:29", "elapsed": 30484.04334616661, "delta": 28.192124605178833}, "costs": {"total_cost": 1527.6904676052504, "time_cost": 150, "final_distance_cost": 88.24470976982043, "oscillation_cost": 411.4766773497353, "completition_cost": 777.7777777777778, "overshoot_cost": 62.60026120301543, "power_cost": 20.293222229003906, "noise_cost": 17.297819275897453, "n_waypoints_completed": 2, "tot_waypoints": 9}}
{"target": -754.2719157135441, "params": {"k_pid_pos": [1.1945602834439157, 0.9135287190617796, 0.45018975014990037], "k_pid_alt": [1.5149245957731707, 0.8758094914229148, 0.02060111768149253], "k_pid_att": [69.04145446490976, 5.920321461103628, 0.0702985716465907], "k_pid_yaw": [0.5, 1e-06, 0.1], "k_pid_hsp": [3.826589943293681, 0.5420613955842027, 0.1627331504413404], "k_pid_vsp": [303.04911774914825, 115.41716945673573, 208.1907100234151]}, "datetime": {"datetime": "2025-08-20 20:20:58", "elapsed": 30513.140744447708, "delta": 29.097398281097412}, "costs": {"total_cost": 754.2719157135441, "time_cost": 150, "final_distance_cost": 64.95704815222038, "oscillation_cost": 224.5474228519604, "completition_cost": 222.2222222222222, "overshoot_cost": 54.38616150271198, "power_cost": 21.29920916748047, "noise_cost": 16.85985181694864, "n_waypoints_completed": 7, "tot_waypoints": 9}}
{"target": -925.4972726864173, "params": {"k_pid_pos": [1.1055531171111375, 0.9844972598434355, 0.8744630429965629], "k_pid_alt": [0.3091203499240798, 0.3908929413938438, 0.3271964831430104], "k_pid_att": [11.359387145538157, 5.292264954070378, 0.5622954780004941], "k_pid_yaw": [0.5, 1e-06, 0.1], "k_pid_hsp": [7.29692518881354, 0.31040940921199855, 0.1039487027944036], "k_pid_vsp": [224.2913279386312, 10.286086497700042, 126.62134762963633]}, "datetime": {"datetime": "2025-08-20 20:21:27", "elapsed": 30542.03006005287, "delta": 28.889315605163574}, "costs": {"total_cost": 925.4972726864173, "time_cost": 150, "final_distance_cost": 49.47227940692344, "oscillation_cost": 190.08813980051303, "completition_cost": 444.4444444444444, "overshoot_cost": 49.88224066201668, "power_cost": 23.75297518310547, "noise_cost": 17.85719318941424, "n_waypoints_completed": 5, "tot_waypoints": 9}}
{"target": -848.6847220423588, "params": {"k_pid_pos": [1.3854161297719423, 0.03145753579285826, 0.6522881432911961], "k_pid_alt": [1.6747132929768758, 0.9478582772322123, 0.7250951420137416], "k_pid_att": [46.00659385828, 6.870704299185617, 0.5596259243065497], "k_pid_yaw": [0.5, 1e-06, 0.1], "k_pid_hsp": [4.488320332897704, 0.03323811580470948, 0.7692044750828299], "k_pid_vsp": [120.97017452815528, 180.3655859881798, 169.7691175857862]}, "datetime": {"datetime": "2025-08-20 20:22:04", "elapsed": 30578.96085834503, "delta": 36.930798292160034}, "costs": {"total_cost": 848.6847220423588, "time_cost": 150, "final_distance_cost": 69.0459517783558, "oscillation_cost": 310.1662737198207, "completition_cost": 222.2222222222222, "overshoot_cost": 54.86992704660939, "power_cost": 23.784156542968752, "noise_cost": 18.596190732382, "n_waypoints_completed": 7, "tot_waypoints": 9}}
{"target": -782.8310450490161, "params": {"k_pid_pos": [0.8129834705279544, 0.546656844510267, 0.6219986400150971], "k_pid_alt": [1.7168476695722523, 0.16907327015791618, 0.8296571191526545], "k_pid_att": [56.849990782832094, 4.0499871189686525, 0.3772407989446206], "k_pid_yaw": [0.5, 1e-06, 0.1], "k_pid_hsp": [9.87872047058857, 0.1609146158732725, 0.8286835976927142], "k_pid_vsp": [286.6014567698029, 294.62348271915187, 12.991026934231503]}, "datetime": {"datetime": "2025-08-20 20:22:43", "elapsed": 30618.308735132217, "delta": 39.34787678718567}, "costs": {"total_cost": 782.8310450490161, "time_cost": 150, "final_distance_cost": 63.895717897848144, "oscillation_cost": 267.45358607176615, "completition_cost": 222.2222222222222, "overshoot_cost": 43.67165694661461, "power_cost": 19.887607470703127, "noise_cost": 15.700254439861945, "n_waypoints_completed": 7, "tot_waypoints": 9}}
{"target": -1504.9658380858232, "params": {"k_pid_pos": [0.5898678175487383, 0.9878114868725558, 0.8609572010775672], "k_pid_alt": [0.9156204964898711, 0.590024175739628, 0.756448149659887], "k_pid_att": [13.122465642959869, 1.7466059213964102, 0.07182336904421815], "k_pid_yaw": [0.5, 1e-06, 0.1], "k_pid_hsp": [1.0659871348213095, 0.9061095124422368, 0.5114167429259326], "k_pid_vsp": [11.29735486885961, 266.1846649232946, 267.23300209458273]}, "datetime": {"datetime": "2025-08-20 20:23:13", "elapsed": 30647.91783285141, "delta": 29.609097719192505}, "costs": {"total_cost": 1504.9658380858232, "time_cost": 150, "final_distance_cost": 6.710954327007004, "oscillation_cost": 113.58385692028149, "completition_cost": 1000.0, "overshoot_cost": 138.79294903615454, "power_cost": 23.117718298339845, "noise_cost": 72.7603595040401, "n_waypoints_completed": 0, "tot_waypoints": 9}}
{"target": -889.4914960130201, "params": {"k_pid_pos": [1.8505857059291715, 0.3178989218955668, 0.37457272127693186], "k_pid_alt": [0.5471916255021192, 0.9338747393401109, 0.7372827974463375], "k_pid_att": [74.10849922734428, 6.178131215127955, 0.4198147548701998], "k_pid_yaw": [0.5, 1e-06, 0.1], "k_pid_hsp": [9.804680665785122, 0.4764808945049498, 0.6798961863723505], "k_pid_vsp": [361.2244042319047, 41.98499267046537, 171.2644027642863]}, "datetime": {"datetime": "2025-08-20 20:23:41", "elapsed": 30675.853569984436, "delta": 27.935737133026123}, "costs": {"total_cost": 889.4914960130201, "time_cost": 150, "final_distance_cost": 67.02944322407473, "oscillation_cost": 242.5682466308768, "completition_cost": 333.33333333333337, "overshoot_cost": 56.46888698315533, "power_cost": 22.646366015625002, "noise_cost": 17.44521982595482, "n_waypoints_completed": 6, "tot_waypoints": 9}}
{"target": -759.5253536087325, "params": {"k_pid_pos": [1.4493882666090276, 0.3780755738697109, 0.0014406646767403108], "k_pid_alt": [0.8510468774276418, 0.991719823777489, 0.2512164366202482], "k_pid_att": [35.43475534059307, 6.41288049659329, 0.02580364805716384], "k_pid_yaw": [0.5, 1e-06, 0.1], "k_pid_hsp": [8.560345819318794, 0.864811504262401, 0.22060999719416752], "k_pid_vsp": [338.050352344817, 228.6812745537511, 71.57099026629987]}, "datetime": {"datetime": "2025-08-20 20:24:10", "elapsed": 30705.27903842926, "delta": 29.42546844482422}, "costs": {"total_cost": 759.5253536087325, "time_cost": 150, "final_distance_cost": 72.3648316089792, "oscillation_cost": 222.4255879535945, "completition_cost": 222.2222222222222, "overshoot_cost": 55.84393642311943, "power_cost": 20.38578435058594, "noise_cost": 16.282991050231356, "n_waypoints_completed": 7, "tot_waypoints": 9}}
{"target": -892.4804181188988, "params": {"k_pid_pos": [0.49472035888068416, 0.6989000167677089, 0.5130784573607429], "k_pid_alt": [0.429649607875471, 0.11165352452671817, 0.9262487083498402], "k_pid_att": [93.42917660835187, 1.5595094887255303, 0.313278944915247], "k_pid_yaw": [0.5, 1e-06, 0.1], "k_pid_hsp": [6.229598653519046, 0.18383080482510694, 0.8339185028789017], "k_pid_vsp": [305.5005608581238, 37.32135115976959, 60.2481440498012]}, "datetime": {"datetime": "2025-08-20 20:24:40", "elapsed": 30735.117968320847, "delta": 29.838929891586304}, "costs": {"total_cost": 892.4804181188988, "time_cost": 150, "final_distance_cost": 67.32841462636496, "oscillation_cost": 256.1957475113369, "completition_cost": 333.33333333333337, "overshoot_cost": 47.703061223897556, "power_cost": 21.71849324951172, "noise_cost": 16.201368174454327, "n_waypoints_completed": 6, "tot_waypoints": 9}}
{"target": -1135.2060316501993, "params": {"k_pid_pos": [0.08272132122031042, 0.7430574109553297, 0.08670938235868897], "k_pid_alt": [0.9461442451262057, 0.6389348506596136, 0.02711358879741832], "k_pid_att": [96.47193809390645, 0.6587809370320119, 0.5947022292878531], "k_pid_yaw": [0.5, 1e-06, 0.1], "k_pid_hsp": [2.273075384136899, 0.8841140705541748, 0.4705999173845584], "k_pid_vsp": [304.17928113389905, 57.437053763824, 77.81360122177]}, "datetime": {"datetime": "2025-08-20 20:25:15", "elapsed": 30769.758026599884, "delta": 34.640058279037476}, "costs": {"total_cost": 1135.2060316501993, "time_cost": 150, "final_distance_cost": 63.51741280947652, "oscillation_cost": 146.8650205357454, "completition_cost": 666.6666666666667, "overshoot_cost": 65.73291738338638, "power_cost": 24.83971220703125, "noise_cost": 17.584302047893082, "n_waypoints_completed": 3, "tot_waypoints": 9}}
{"target": -1146.6457671287308, "params": {"k_pid_pos": [1.9688504470185948, 0.4297721012820086, 0.9524668389190304], "k_pid_alt": [1.5341504737258576, 0.8459276175028413, 0.06150645247489983], "k_pid_att": [92.5011212146531, 3.6505037868074632, 0.010199893670648552], "k_pid_yaw": [0.5, 1e-06, 0.1], "k_pid_hsp": [1.3924659620033384, 0.8558032244779156, 0.520911146136768], "k_pid_vsp": [255.0062383886515, 145.9260693141202, 308.60636965191526]}, "datetime": {"datetime": "2025-08-20 20:25:43", "elapsed": 30797.975818157196, "delta": 28.21779155731201}, "costs": {"total_cost": 1146.6457671287308, "time_cost": 150, "final_distance_cost": 49.93197205234215, "oscillation_cost": 175.88068023915392, "completition_cost": 666.6666666666667, "overshoot_cost": 63.83774910469491, "power_cost": 22.37695693359375, "noise_cost": 17.95174213227941, "n_waypoints_completed": 3, "tot_waypoints": 9}}
{"target": -1119.1342056920157, "params": {"k_pid_pos": [1.1301633548626548, 0.5304868875425133, 0.05870938948232496], "k_pid_alt": [1.0705840565606355, 0.9267735601333134, 0.6590877229002031], "k_pid_att": [92.70683739976646, 3.2037559782716873, 0.6814067647105808], "k_pid_yaw": [0.5, 1e-06, 0.1], "k_pid_hsp": [3.6647397001638025, 0.9322637853547195, 0.8627977002851974], "k_pid_vsp": [204.0604791098593, 267.0546576328343, 158.56892652777407]}, "datetime": {"datetime": "2025-08-20 20:26:12", "elapsed": 30826.814473628998, "delta": 28.838655471801758}, "costs": {"total_cost": 1119.1342056920157, "time_cost": 150, "final_distance_cost": 53.510520939891265, "oscillation_cost": 149.4047481159315, "completition_cost": 666.6666666666667, "overshoot_cost": 58.13904172218008, "power_cost": 23.548011669921877, "noise_cost": 17.865216577424263, "n_waypoints_completed": 3, "tot_waypoints": 9}}
{"target": -1196.481582262144, "params": {"k_pid_pos": [0.5920846015798488, 0.5278542414675288, 0.5362593792580158], "k_pid_alt": [1.636738655025519, 0.15163701601610247, 0.26420427570086347], "k_pid_att": [67.34649620158406, 7.32077941433273, 0.056470119125289875], "k_pid_yaw": [0.5, 1e-06, 0.1], "k_pid_hsp": [0.8060318845789145, 0.4126348658305037, 0.6023375536305026], "k_pid_vsp": [165.94742979017306, 173.2325308942046, 65.57317707183496]}, "datetime": {"datetime": "2025-08-20 20:26:45", "elapsed": 30859.534862041473, "delta": 32.720388412475586}, "costs": {"total_cost": 1196.481582262144, "time_cost": 150, "final_distance_cost": 55.36549117143229, "oscillation_cost": 343.4514653989873, "completition_cost": 555.5555555555555, "overshoot_cost": 54.08967253014742, "power_cost": 21.761910681152344, "noise_cost": 16.257486924869024, "n_waypoints_completed": 4, "tot_waypoints": 9}}
{"target": -829.8964326524025, "params": {"k_pid_pos": [0.4842064185843765, 0.6295361843398734, 0.10799475837818362], "k_pid_alt": [1.9274976038004357, 0.7483404015064324, 0.8941315418015063], "k_pid_att": [96.59429666908918, 9.217351366904467, 0.6523151558751044], "k_pid_yaw": [0.5, 1e-06, 0.1], "k_pid_hsp": [4.331217775098104, 0.2662710987421607, 0.9035090763531378], "k_pid_vsp": [152.5683862918826, 386.52409776879637, 84.25744894111668]}, "datetime": {"datetime": "2025-08-20 20:27:14", "elapsed": 30888.563906669617, "delta": 29.02904462814331}, "costs": {"total_cost": 829.8964326524025, "time_cost": 150, "final_distance_cost": 85.17273150365727, "oscillation_cost": 167.78457035940787, "completition_cost": 333.33333333333337, "overshoot_cost": 55.62485665731528, "power_cost": 21.652823254394534, "noise_cost": 16.32811754429416, "n_waypoints_completed": 6, "tot_waypoints": 9}}
{"target": -990.4558863623593, "params": {"k_pid_pos": [0.44810099127986647, 0.5399656829000183, 0.658778047790846], "k_pid_alt": [1.2699354759536212, 0.3136644469329516, 0.45393047915225226], "k_pid_att": [13.684659935340015, 0.7573942243812007, 0.06162671367248884], "k_pid_yaw": [0.5, 1e-06, 0.1], "k_pid_hsp": [2.7871796981380585, 0.6883393874547503, 0.5390894777150737], "k_pid_vsp": [155.33274655719418, 215.85163715558298, 58.80362412782227]}, "datetime": {"datetime": "2025-08-20 20:27:46", "elapsed": 30920.55014538765, "delta": 31.986238718032837}, "costs": {"total_cost": 990.4558863623593, "time_cost": 150, "final_distance_cost": 45.27268419531109, "oscillation_cost": 273.1379608281488, "completition_cost": 444.4444444444444, "overshoot_cost": 43.94885429345173, "power_cost": 19.305133703613283, "noise_cost": 14.346808897390003, "n_waypoints_completed": 5, "tot_waypoints": 9}}
{"target": -1246.3670415335584, "params": {"k_pid_pos": [0.5886566862940447, 0.7470246947200917, 0.29549000906475276], "k_pid_alt": [1.7648420413293686, 0.968650558389094, 0.7389639305083887], "k_pid_att": [38.826380097677394, 4.743544954509089, 0.8870912030114078], "k_pid_yaw": [0.5, 1e-06, 0.1], "k_pid_hsp": [7.232607123031064, 0.5443497718203546, 0.8375840926678427], "k_pid_vsp": [166.2499651250928, 141.6355304632157, 260.7016211455624]}, "datetime": {"datetime": "2025-08-20 20:28:15", "elapsed": 30949.857016563416, "delta": 29.30687117576599}, "costs": {"total_cost": 1246.3670415335584, "time_cost": 150, "final_distance_cost": 75.16076285970469, "oscillation_cost": 262.68736190920225, "completition_cost": 666.6666666666667, "overshoot_cost": 53.553274748898694, "power_cost": 21.252766125488282, "noise_cost": 17.046209223597703, "n_waypoints_completed": 3, "tot_waypoints": 9}}
{"target": -1265.7305015310576, "params": {"k_pid_pos": [0.061532347666559406, 0.7124697985804943, 0.4095276009353467], "k_pid_alt": [1.3604613598978537, 0.4412520169210571, 0.23679034077177585], "k_pid_att": [66.06097481885121, 1.7252193441853798, 0.8269574534704297], "k_pid_yaw": [0.5, 1e-06, 0.1], "k_pid_hsp": [8.10181648176758, 0.6815121277801928, 0.5167619234699802], "k_pid_vsp": [146.9282492914748, 346.960688180791, 282.6540052419038]}, "datetime": {"datetime": "2025-08-20 20:28:43", "elapsed": 30977.87874674797, "delta": 28.021730184555054}, "costs": {"total_cost": 1265.7305015310576, "time_cost": 150, "final_distance_cost": 85.2709176582103, "oscillation_cost": 170.49072662461955, "completition_cost": 777.7777777777778, "overshoot_cost": 42.89200079788714, "power_cost": 22.332351232910156, "noise_cost": 16.966727439652523, "n_waypoints_completed": 2, "tot_waypoints": 9}}
{"target": -873.011203315179, "params": {"k_pid_pos": [1.558950009713039, 0.5506436301389492, 0.37418652903519267], "k_pid_alt": [1.401863938630588, 0.89152194119632, 0.1967906838172071], "k_pid_att": [83.14919974166743, 2.668599037281544, 0.9980301872020615], "k_pid_yaw": [0.5, 1e-06, 0.1], "k_pid_hsp": [1.3848687512083218, 0.6129340745683283, 0.9942275506098764], "k_pid_vsp": [261.5927817017387, 330.8001327727519, 122.68372306820845]}, "datetime": {"datetime": "2025-08-20 20:29:15", "elapsed": 31010.43548297882, "delta": 32.55673623085022}, "costs": {"total_cost": 873.011203315179, "time_cost": 150, "final_distance_cost": 66.48964580952155, "oscillation_cost": 225.53473836765139, "completition_cost": 333.33333333333337, "overshoot_cost": 56.47305019511336, "power_cost": 23.18846501464844, "noise_cost": 17.99197059491094, "n_waypoints_completed": 6, "tot_waypoints": 9}}
{"target": -675.3604017975233, "params": {"k_pid_pos": [1.1828422649101886, 0.8183350916681137, 0.36002791387626365], "k_pid_alt": [0.258355725519839, 0.3525615319385519, 0.6496101352466077], "k_pid_att": [26.480984629686553, 8.22277600409122, 0.3488572730947135], "k_pid_yaw": [0.5, 1e-06, 0.1], "k_pid_hsp": [8.266799127039375, 0.5706582840535488, 0.04259094876938585], "k_pid_vsp": [356.2630054591423, 247.78891759391618, 171.2688428925601]}, "datetime": {"datetime": "2025-08-20 20:29:44", "elapsed": 31038.82918858528, "delta": 28.39370560646057}, "costs": {"total_cost": 675.3604017975233, "time_cost": 150, "final_distance_cost": 72.4810049158167, "oscillation_cost": 139.5176699575809, "completition_cost": 222.2222222222222, "overshoot_cost": 54.30619277982374, "power_cost": 20.269991308593752, "noise_cost": 16.56332061348608, "n_waypoints_completed": 7, "tot_waypoints": 9}}
{"target": -1087.6908991770313, "params": {"k_pid_pos": [1.510620864982777, 0.04283888533712299, 0.1974080930332094], "k_pid_alt": [0.6320561532294731, 0.8771921591525991, 0.9413647667046515], "k_pid_att": [34.6711732775978, 4.073848102211715, 0.37038796732433266], "k_pid_yaw": [0.5, 1e-06, 0.1], "k_pid_hsp": [8.742924602014655, 0.6688540250784899, 0.25115821804701777], "k_pid_vsp": [25.85291637815392, 267.9052853135054, 169.83502012819383]}, "datetime": {"datetime": "2025-08-20 20:30:13", "elapsed": 31068.100764274597, "delta": 29.271575689315796}, "costs": {"total_cost": 1087.6908991770313, "time_cost": 150, "final_distance_cost": 55.59935366623487, "oscillation_cost": 340.4330073187649, "completition_cost": 444.4444444444444, "overshoot_cost": 55.95802214107278, "power_cost": 22.2397626953125, "noise_cost": 19.01630891120179, "n_waypoints_completed": 5, "tot_waypoints": 9}}
{"target": -1250.0165786144164, "params": {"k_pid_pos": [0.071137547227421, 0.8618380992165244, 0.06234825453638593], "k_pid_alt": [0.5467583045706517, 0.875325581303417, 0.48463836995045373], "k_pid_att": [37.27964923988579, 4.624853929832971, 0.49064846706147835], "k_pid_yaw": [0.5, 1e-06, 0.1], "k_pid_hsp": [8.807802940326628, 0.03456988481770584, 0.88177286523215], "k_pid_vsp": [159.78021335797558, 354.6835211391052, 124.00550009551732]}, "datetime": {"datetime": "2025-08-20 20:30:45", "elapsed": 31100.410133361816, "delta": 32.30936908721924}, "costs": {"total_cost": 1250.0165786144164, "time_cost": 150, "final_distance_cost": 87.66945120749438, "oscillation_cost": 144.97728158482198, "completition_cost": 777.7777777777778, "overshoot_cost": 53.23915504446247, "power_cost": 21.05667947998047, "noise_cost": 15.29623351987931, "n_waypoints_completed": 2, "tot_waypoints": 9}}
{"target": -1082.2910071900465, "params": {"k_pid_pos": [1.1096080006327835, 0.8128419272444153, 0.573334709280578], "k_pid_alt": [0.7952144845551774, 0.12437898306493145, 0.7688409984667612], "k_pid_att": [23.700465938736116, 6.697456941485532, 0.1831390247286625], "k_pid_yaw": [0.5, 1e-06, 0.1], "k_pid_hsp": [1.3756432005968355, 0.056472870957280596, 0.23155620019758183], "k_pid_vsp": [384.4271188817109, 376.3770338283158, 144.23579980207688]}, "datetime": {"datetime": "2025-08-20 20:31:18", "elapsed": 31132.77959561348, "delta": 32.36946225166321}, "costs": {"total_cost": 1082.2910071900465, "time_cost": 150, "final_distance_cost": 46.41867545127808, "oscillation_cost": 253.75072089518233, "completition_cost": 555.5555555555555, "overshoot_cost": 40.096413515210486, "power_cost": 21.1227248046875, "noise_cost": 15.346916968132604, "n_waypoints_completed": 4, "tot_waypoints": 9}}
{"target": -1021.351274232566, "params": {"k_pid_pos": [0.33988106295273446, 0.8387350080400319, 0.7723211712156941], "k_pid_alt": [0.056758800708757384, 0.9158600395984311, 0.20751204400990875], "k_pid_att": [72.46776664748688, 8.405459389282695, 0.6136145200053599], "k_pid_yaw": [0.5, 1e-06, 0.1], "k_pid_hsp": [9.273238767550401, 0.40148880064288694, 0.015161789360003342], "k_pid_vsp": [176.04516385897472, 391.3241975115723, 294.3893734154817]}, "datetime": {"datetime": "2025-08-20 20:31:51", "elapsed": 31165.569239139557, "delta": 32.78964352607727}, "costs": {"total_cost": 1021.351274232566, "time_cost": 150, "final_distance_cost": 55.31412471510026, "oscillation_cost": 162.21944439270584, "completition_cost": 555.5555555555555, "overshoot_cost": 60.93354426555869, "power_cost": 20.017913061523437, "noise_cost": 17.310692242122165, "n_waypoints_completed": 4, "tot_waypoints": 9}}
