{"target": -1072.5349241888223, "params": {"k_pid_pos": [1.7781917486800354, 0.33352048478094876, 0.7671294887774298], "k_pid_alt": [0.43187138830306604, 0.5845191385751485, 0.6004829866998938], "k_pid_att": [4.831391894497283, 5.585314051789084, 0.7273379649218336], "k_pid_yaw": [0.5, 1e-06, 0.1], "k_pid_hsp": [5.146986817557875, 0.04607322388897961, 0.40904085126299006], "k_pid_vsp": [98.1097403607972, 379.19177565234065, 293.1377666167977]}, "datetime": {"datetime": "2025-08-20 19:44:41", "elapsed": 28335.88360595703, "delta": 36.56577181816101}, "costs": {"total_cost": 1072.5349241888223, "time_cost": 150, "final_distance_cost": 40.866687579515656, "oscillation_cost": 218.0692894162582, "completition_cost": 555.5555555555555, "overshoot_cost": 68.59946056040775, "power_cost": 21.253759802246094, "noise_cost": 18.19017127483909, "n_waypoints_completed": 4, "tot_waypoints": 9}}
{"target": -383.8149892545782, "params": {"k_pid_pos": [1.996798729416681, 0.3283347494391299, 0.07426637153368476], "k_pid_alt": [1.6999767577163216, 0.8978818414827583, 0.7258879496768259], "k_pid_att": [2.6054044878529026, 7.931223496689351, 0.5226291681815837], "k_pid_yaw": [0.5, 1e-06, 0.1], "k_pid_hsp": [7.793235658206754, 0.8724552393968358, 0.013864771291564604], "k_pid_vsp": [173.6118327032916, 18.939666997958092, 1.3972466740727805]}, "datetime": {"datetime": "2025-08-20 19:45:07", "elapsed": 28362.017588377, "delta": 26.13398241996765}, "costs": {"total_cost": 383.8149892545782, "time_cost": 92.264, "final_distance_cost": 1.7228382065480508, "oscillation_cost": 194.5937917517133, "completition_cost": 0.0, "overshoot_cost": 56.27747600803017, "power_cost": 21.198479492187502, "noise_cost": 17.75840379609918, "n_waypoints_completed": 9, "tot_waypoints": 9}}
{"target": -1198.6516984953278, "params": {"k_pid_pos": [0.39256677786118555, 0.6686914480985094, 0.5625281269967688], "k_pid_alt": [1.2425235013754372, 0.886719832920529, 0.07471803128205612], "k_pid_att": [38.4523326557094, 0.9872374137528268, 0.3911540113257318], "k_pid_yaw": [0.5, 1e-06, 0.1], "k_pid_hsp": [2.1159635328681974, 0.14195002291513104, 0.6386028785284154], "k_pid_vsp": [332.92786711914835, 149.55460500125346, 342.51149997309767]}, "datetime": {"datetime": "2025-08-20 19:45:45", "elapsed": 28399.546473026276, "delta": 37.52888464927673}, "costs": {"total_cost": 1198.6516984953278, "time_cost": 150, "final_distance_cost": 86.32370740346288, "oscillation_cost": 210.12273404111107, "completition_cost": 666.6666666666667, "overshoot_cost": 44.236166522941595, "power_cost": 23.788109399414065, "noise_cost": 17.514314461731267, "n_waypoints_completed": 3, "tot_waypoints": 9}}
{"target": -896.4084088279122, "params": {"k_pid_pos": [0.4296178269456104, 0.6498727581409088, 0.2685296661720832], "k_pid_alt": [0.403680703973871, 0.06072921426859246, 0.6556937473767243], "k_pid_att": [27.380067851809674, 6.063854630052387, 0.08808582979672752], "k_pid_yaw": [0.5, 1e-06, 0.1], "k_pid_hsp": [9.481278138068024, 0.13464858681237246, 0.13786464490998074], "k_pid_vsp": [222.20239763568065, 361.833961525686, 107.9320489995418]}, "datetime": {"datetime": "2025-08-20 19:46:12", "elapsed": 28427.280269622803, "delta": 27.7337965965271}, "costs": {"total_cost": 896.4084088279122, "time_cost": 150, "final_distance_cost": 73.57801026854781, "oscillation_cost": 263.9228817196438, "completition_cost": 333.33333333333337, "overshoot_cost": 41.485989716900285, "power_cost": 19.298214501953126, "noise_cost": 14.789979287533919, "n_waypoints_completed": 6, "tot_waypoints": 9}}
{"target": -847.8990605906015, "params": {"k_pid_pos": [1.3624617484013397, 0.9983837900212302, 0.5683621324182305], "k_pid_alt": [1.9548533087944757, 0.3639876514082535, 0.05852399648243889], "k_pid_att": [47.87693497299297, 6.861644181718426, 0.9454879460325406], "k_pid_yaw": [0.5, 1e-06, 0.1], "k_pid_hsp": [8.215137511268807, 0.7826427838692576, 0.4957977871911955], "k_pid_vsp": [298.48882281758216, 22.637919382496936, 273.3025138652194]}, "datetime": {"datetime": "2025-08-20 19:46:44", "elapsed": 28459.275500059128, "delta": 31.995230436325073}, "costs": {"total_cost": 847.8990605906015, "time_cost": 150, "final_distance_cost": 65.37369791115711, "oscillation_cost": 208.24111562331294, "completition_cost": 333.33333333333337, "overshoot_cost": 59.283541458776256, "power_cost": 17.628699743652344, "noise_cost": 14.03867252036961, "n_waypoints_completed": 6, "tot_waypoints": 9}}
{"target": -1190.7380832948786, "params": {"k_pid_pos": [0.7274995894460733, 0.6234757819924618, 0.09106779855779068], "k_pid_alt": [0.7563240446529027, 0.35119265886483575, 0.7442645327372672], "k_pid_att": [59.49720069522419, 7.445128164475085, 0.30272039600079403], "k_pid_yaw": [0.5, 1e-06, 0.1], "k_pid_hsp": [6.229477841902032, 0.7366499164741863, 0.6632079070637746], "k_pid_vsp": [121.38409383958847, 129.1438251144549, 335.16226408695326]}, "datetime": {"datetime": "2025-08-20 19:47:12", "elapsed": 28486.7436439991, "delta": 27.468143939971924}, "costs": {"total_cost": 1190.7380832948786, "time_cost": 150, "final_distance_cost": 54.0152917534705, "oscillation_cost": 212.60453763223947, "completition_cost": 666.6666666666667, "overshoot_cost": 64.42655235553352, "power_cost": 21.297711047363283, "noise_cost": 21.727323839605397, "n_waypoints_completed": 3, "tot_waypoints": 9}}
{"target": -1336.0984457343905, "params": {"k_pid_pos": [1.2027610343565789, 0.07782026674952369, 0.13709162796522745], "k_pid_alt": [0.5444878504659438, 0.7644871485497237, 0.6712954810770576], "k_pid_att": [11.340306480698914, 3.5840977456831733, 0.2064598263975691], "k_pid_yaw": [0.5, 1e-06, 0.1], "k_pid_hsp": [2.767718819462969, 0.7001131569045959, 0.3236382498949585], "k_pid_vsp": [282.5885118253184, 140.05605434503266, 331.9246523541158]}, "datetime": {"datetime": "2025-08-20 19:47:39", "elapsed": 28514.192506551743, "delta": 27.448862552642822}, "costs": {"total_cost": 1336.0984457343905, "time_cost": 150, "final_distance_cost": 87.31988275630079, "oscillation_cost": 335.9773766810043, "completition_cost": 666.6666666666667, "overshoot_cost": 60.51027672329074, "power_cost": 20.236984521484377, "noise_cost": 15.387258385643612, "n_waypoints_completed": 3, "tot_waypoints": 9}}
{"target": -1064.8585966437354, "params": {"k_pid_pos": [1.066450929088697, 0.7002132749608334, 0.17339898702436618], "k_pid_alt": [0.4337064401306432, 0.9519444119619276, 0.5593329135796429], "k_pid_att": [61.561010882024355, 8.554677647826384, 0.9073975998630639], "k_pid_yaw": [0.5, 1e-06, 0.1], "k_pid_hsp": [9.56227905018328, 0.06920986291767428, 0.16058772894452156], "k_pid_vsp": [162.33757898816964, 366.0078087548207, 398.9294549801688]}, "datetime": {"datetime": "2025-08-20 19:48:11", "elapsed": 28546.432901144028, "delta": 32.240394592285156}, "costs": {"total_cost": 1064.8585966437354, "time_cost": 150, "final_distance_cost": 38.52897161969018, "oscillation_cost": 212.78049706763383, "completition_cost": 555.5555555555555, "overshoot_cost": 67.95619185410494, "power_cost": 20.33990009765625, "noise_cost": 19.69748044909463, "n_waypoints_completed": 4, "tot_waypoints": 9}}
{"target": -1177.215120935563, "params": {"k_pid_pos": [0.47797853684243286, 0.21310368136862545, 0.9717350878663326], "k_pid_alt": [0.9016187193042908, 0.782057500659294, 0.3307947716063353], "k_pid_att": [95.58587531967103, 3.3377092340487837, 0.39213993886370824], "k_pid_yaw": [0.5, 1e-06, 0.1], "k_pid_hsp": [8.810038460398948, 0.4596056444027098, 0.6278630977182798], "k_pid_vsp": [81.59429778838722, 298.5053418170563, 126.57337424381276]}, "datetime": {"datetime": "2025-08-20 19:48:44", "elapsed": 28578.62492609024, "delta": 32.19202494621277}, "costs": {"total_cost": 1177.215120935563, "time_cost": 150, "final_distance_cost": 39.62684492687897, "oscillation_cost": 343.86288635769324, "completition_cost": 555.5555555555555, "overshoot_cost": 48.762926610163525, "power_cost": 21.820329602050784, "noise_cost": 17.586577883221093, "n_waypoints_completed": 4, "tot_waypoints": 9}}
{"target": -1104.996222520074, "params": {"k_pid_pos": [0.5458506598098471, 0.7536603689111833, 0.8903918734481294], "k_pid_alt": [1.0052698346750686, 0.8533921244021967, 0.5651172041746795], "k_pid_att": [54.9410015334837, 7.774428399884009, 0.013828177642506767], "k_pid_yaw": [0.5, 1e-06, 0.1], "k_pid_hsp": [4.849940457341032, 0.40707587362274633, 0.8114780053330847], "k_pid_vsp": [159.87334235043244, 312.0379810401804, 16.4426339720655]}, "datetime": {"datetime": "2025-08-20 19:49:11", "elapsed": 28605.939772844315, "delta": 27.314846754074097}, "costs": {"total_cost": 1104.996222520074, "time_cost": 150, "final_distance_cost": 48.51677395268468, "oscillation_cost": 262.44785037741804, "completition_cost": 555.5555555555555, "overshoot_cost": 50.18024343354015, "power_cost": 20.99456597900391, "noise_cost": 17.301233221871705, "n_waypoints_completed": 4, "tot_waypoints": 9}}
{"target": -1622.9819203723246, "params": {"k_pid_pos": [0.019679195810540683, 0.5616913212630043, 0.3755633633680011], "k_pid_alt": [0.03469709054380554, 0.2656205705476029, 0.6096840820934847], "k_pid_att": [81.18533047736413, 3.96150754199338, 0.7642816200185905], "k_pid_yaw": [0.5, 1e-06, 0.1], "k_pid_hsp": [4.7108450587590545, 0.17814350075342023, 0.19417353465634568], "k_pid_vsp": [51.2687806999319, 106.1834194934041, 206.9842167109426]}, "datetime": {"datetime": "2025-08-20 19:49:39", "elapsed": 28633.640800714493, "delta": 27.701027870178223}, "costs": {"total_cost": 1622.9819203723246, "time_cost": 150, "final_distance_cost": 88.76049297841992, "oscillation_cost": 218.57007403149117, "completition_cost": 1000.0, "overshoot_cost": 128.54048138251758, "power_cost": 20.926439086914062, "noise_cost": 16.18443289298164, "n_waypoints_completed": 0, "tot_waypoints": 9}}
{"target": -602.0757215225788, "params": {"k_pid_pos": [1.711568408842987, 0.6068579943750331, 0.6247544046570673], "k_pid_alt": [1.1911857234200194, 0.26708790817813055, 0.8876396897970853], "k_pid_att": [64.48571634868235, 3.8795393789298367, 0.4458753269678115], "k_pid_yaw": [0.5, 1e-06, 0.1], "k_pid_hsp": [5.511770884382414, 0.7001277161743916, 0.927460322003295], "k_pid_vsp": [384.31676668901764, 36.545616562663675, 115.86582731384966]}, "datetime": {"datetime": "2025-08-20 19:50:06", "elapsed": 28660.874487638474, "delta": 27.233686923980713}, "costs": {"total_cost": 602.0757215225788, "time_cost": 150, "final_distance_cost": 9.899825165291418, "oscillation_cost": 228.73028506132565, "completition_cost": 111.11111111111116, "overshoot_cost": 63.20229248381447, "power_cost": 22.334993713378907, "noise_cost": 16.797213987657173, "n_waypoints_completed": 8, "tot_waypoints": 9}}
{"target": -778.0984391387279, "params": {"k_pid_pos": [1.7331905013420623, 0.41368779269372224, 0.5375565195995894], "k_pid_alt": [0.31017747699340803, 0.4794753223879489, 0.3715000644146418], "k_pid_att": [88.02467721333556, 1.034014600212653, 0.23850222734011062], "k_pid_yaw": [0.5, 1e-06, 0.1], "k_pid_hsp": [7.897018589582099, 0.958891369878195, 0.808642501416594], "k_pid_vsp": [227.67078161509514, 111.9551831790598, 327.552809652864]}, "datetime": {"datetime": "2025-08-20 19:50:33", "elapsed": 28688.382874965668, "delta": 27.508387327194214}, "costs": {"total_cost": 778.0984391387279, "time_cost": 150, "final_distance_cost": 77.53773923661709, "oscillation_cost": 229.297933145428, "completition_cost": 222.2222222222222, "overshoot_cost": 61.59679817959354, "power_cost": 19.83184362792969, "noise_cost": 17.61190272693743, "n_waypoints_completed": 7, "tot_waypoints": 9}}
{"target": -1627.404161577431, "params": {"k_pid_pos": [1.546296681204966, 0.8305399807346487, 0.004883860605530255], "k_pid_alt": [1.270566769646209, 0.2824188641290081, 0.7179277124716662], "k_pid_att": [7.396333381973951, 6.169612545536927, 0.4159766766228097], "k_pid_yaw": [0.5, 1e-06, 0.1], "k_pid_hsp": [9.248926361611781, 0.9600729622188635, 0.43030432627394166], "k_pid_vsp": [169.15629963838748, 184.9224976090369, 347.0418794166475]}, "datetime": {"datetime": "2025-08-20 19:51:01", "elapsed": 28716.16432118416, "delta": 27.7814462184906}, "costs": {"total_cost": 1627.404161577431, "time_cost": 150, "final_distance_cost": 0.7922013446642343, "oscillation_cost": 307.7850831227485, "completition_cost": 1000.0, "overshoot_cost": 112.39599632078367, "power_cost": 21.45634461669922, "noise_cost": 34.9745361725355, "n_waypoints_completed": 0, "tot_waypoints": 9}}
{"target": -998.3218588834798, "params": {"k_pid_pos": [0.3975928877038224, 0.7955959712652937, 0.7900261336719795], "k_pid_alt": [0.8462295742316923, 0.457302462824309, 0.536790806317764], "k_pid_att": [4.242720952402179, 3.430000887504326, 0.15547187344312074], "k_pid_yaw": [0.5, 1e-06, 0.1], "k_pid_hsp": [7.634763176557649, 0.5129277151916429, 0.9067723595931505], "k_pid_vsp": [202.8630123260295, 201.51287203836122, 161.4302636040463]}, "datetime": {"datetime": "2025-08-20 19:51:34", "elapsed": 28748.565578222275, "delta": 32.401257038116455}, "costs": {"total_cost": 998.3218588834798, "time_cost": 150, "final_distance_cost": 50.37866408774978, "oscillation_cost": 159.01258718049894, "completition_cost": 555.5555555555555, "overshoot_cost": 48.050754560400264, "power_cost": 20.07810671386719, "noise_cost": 15.246190785407936, "n_waypoints_completed": 4, "tot_waypoints": 9}}
{"target": -709.823706107562, "params": {"k_pid_pos": [0.8442423890425624, 0.8212601141483176, 0.20296497199970798], "k_pid_alt": [1.1736638188924886, 0.5026276507408283, 0.045146105701024175], "k_pid_att": [20.54389376932325, 0.8718127544999366, 0.1556136326325669], "k_pid_yaw": [0.5, 1e-06, 0.1], "k_pid_hsp": [6.407810473771182, 0.44629393462960343, 0.47549663358977967], "k_pid_vsp": [318.1718934623619, 204.0447294160452, 72.48144187778202]}, "datetime": {"datetime": "2025-08-20 19:52:01", "elapsed": 28775.805257558823, "delta": 27.23967933654785}, "costs": {"total_cost": 709.823706107562, "time_cost": 150, "final_distance_cost": 64.64237353175737, "oscillation_cost": 188.6515660259255, "completition_cost": 222.2222222222222, "overshoot_cost": 46.35658273887828, "power_cost": 21.846519677734378, "noise_cost": 16.104441911044336, "n_waypoints_completed": 7, "tot_waypoints": 9}}
{"target": -1270.461350642235, "params": {"k_pid_pos": [1.994604361425535, 0.6957337930730847, 0.05637265991022966], "k_pid_alt": [1.570954481358283, 0.29371960803209685, 0.17304336876263182], "k_pid_att": [3.069491963541904, 3.6129234458773363, 0.3185811116818239], "k_pid_yaw": [0.5, 1e-06, 0.1], "k_pid_hsp": [3.391201939603924, 0.2762599582757759, 0.14207505307355728], "k_pid_vsp": [54.001638755221435, 193.942906649466, 255.45346406988412]}, "datetime": {"datetime": "2025-08-20 19:52:28", "elapsed": 28803.189403295517, "delta": 27.384145736694336}, "costs": {"total_cost": 1270.461350642235, "time_cost": 150, "final_distance_cost": 82.4453030025731, "oscillation_cost": 124.32071111164016, "completition_cost": 777.7777777777778, "overshoot_cost": 91.4142779168937, "power_cost": 17.19734893798828, "noise_cost": 27.305931895361834, "n_waypoints_completed": 2, "tot_waypoints": 9}}
{"target": -773.7865672640793, "params": {"k_pid_pos": [1.4070002210773722, 0.26684904908332086, 0.14223159968096877], "k_pid_alt": [1.0398128821541288, 0.8943956815419147, 0.9724189882616945], "k_pid_att": [80.7797211802343, 1.4456089340053915, 0.9363551310821366], "k_pid_yaw": [0.5, 1e-06, 0.1], "k_pid_hsp": [1.7979642828619566, 0.6329226999862241, 0.5788438548911568], "k_pid_vsp": [252.73524846560272, 83.70931997973427, 92.97411111791307]}, "datetime": {"datetime": "2025-08-20 19:53:01", "elapsed": 28835.87539100647, "delta": 32.68598771095276}, "costs": {"total_cost": 773.7865672640793, "time_cost": 150, "final_distance_cost": 57.93218040481265, "oscillation_cost": 138.17134634850308, "completition_cost": 333.33333333333337, "overshoot_cost": 52.2220705178958, "power_cost": 23.822192419433595, "noise_cost": 18.305444240100925, "n_waypoints_completed": 6, "tot_waypoints": 9}}
{"target": -960.9383020152122, "params": {"k_pid_pos": [1.4295770509290988, 0.7003267294009627, 0.31634727608502866], "k_pid_alt": [0.5238498725394845, 0.8871526945417945, 0.5348930071957733], "k_pid_att": [80.31806024693623, 6.612254423726175, 0.30823439096487026], "k_pid_yaw": [0.5, 1e-06, 0.1], "k_pid_hsp": [4.317934215427928, 0.5237217351791238, 0.5615851724828242], "k_pid_vsp": [116.87425635527266, 397.67645342082324, 275.12777947450127]}, "datetime": {"datetime": "2025-08-20 19:53:30", "elapsed": 28865.192160129547, "delta": 29.316769123077393}, "costs": {"total_cost": 960.9383020152122, "time_cost": 150, "final_distance_cost": 61.9485965575579, "oscillation_cost": 195.658371114383, "completition_cost": 444.4444444444444, "overshoot_cost": 69.13369231721079, "power_cost": 21.451215783691406, "noise_cost": 18.30198179792466, "n_waypoints_completed": 5, "tot_waypoints": 9}}
{"target": -840.1223755777373, "params": {"k_pid_pos": [0.26837193389626357, 0.7014615462019033, 0.961370679946072], "k_pid_alt": [1.8308341881510988, 0.2550848050007941, 0.03591553837293848], "k_pid_att": [49.94857805303909, 9.895950229226328, 0.6617329737496627], "k_pid_yaw": [0.5, 1e-06, 0.1], "k_pid_hsp": [0.39681203217757016, 0.8821956456536854, 0.037732225137653286], "k_pid_vsp": [293.78315323160086, 290.67329177696496, 122.20718134670682]}, "datetime": {"datetime": "2025-08-20 19:53:58", "elapsed": 28892.6954061985, "delta": 27.503246068954468}, "costs": {"total_cost": 840.1223755777373, "time_cost": 150, "final_distance_cost": 56.51350051531696, "oscillation_cost": 113.38019680289804, "completition_cost": 444.4444444444444, "overshoot_cost": 40.6539432169583, "power_cost": 20.120879748535156, "noise_cost": 15.009410849584459, "n_waypoints_completed": 5, "tot_waypoints": 9}}
{"target": -1484.799209559773, "params": {"k_pid_pos": [0.8341512365942761, 0.9406283063248548, 0.021929837796697327], "k_pid_alt": [0.0237755975823275, 0.26060290509858786, 0.1202655158205066], "k_pid_att": [36.812628784703826, 6.056634232167275, 0.1542773938067774], "k_pid_yaw": [0.5, 1e-06, 0.1], "k_pid_hsp": [1.7295982810902444, 0.363034128414764, 0.8363000145127772], "k_pid_vsp": [387.67856929607365, 100.51631360028288, 163.57697881017364]}, "datetime": {"datetime": "2025-08-20 19:54:26", "elapsed": 28920.97649216652, "delta": 28.281085968017578}, "costs": {"total_cost": 1484.799209559773, "time_cost": 150, "final_distance_cost": 62.20271261888973, "oscillation_cost": 179.14119601286976, "completition_cost": 1000.0, "overshoot_cost": 51.10396004582117, "power_cost": 24.98982849121094, "noise_cost": 17.361512390981563, "n_waypoints_completed": 0, "tot_waypoints": 9}}
{"target": -837.7854473748745, "params": {"k_pid_pos": [1.8044266873840296, 0.11904860634591785, 0.6082894966517578], "k_pid_alt": [0.817785766339187, 0.9221574752789803, 0.21091673728849447], "k_pid_att": [53.796957840708416, 0.31108130147671165, 0.280498683506063], "k_pid_yaw": [0.5, 1e-06, 0.1], "k_pid_hsp": [5.928574510286079, 0.5870417961408664, 0.30663594049474585], "k_pid_vsp": [164.24460241929154, 24.687911624230022, 140.5401773145854]}, "datetime": {"datetime": "2025-08-20 19:54:53", "elapsed": 28948.431622743607, "delta": 27.455130577087402}, "costs": {"total_cost": 837.7854473748745, "time_cost": 150, "final_distance_cost": 79.05581122743214, "oscillation_cost": 295.3045446049787, "completition_cost": 222.2222222222222, "overshoot_cost": 56.9657868267164, "power_cost": 18.85274862060547, "noise_cost": 15.384333872919562, "n_waypoints_completed": 7, "tot_waypoints": 9}}
{"target": -1079.3804888639463, "params": {"k_pid_pos": [1.4626742974133122, 0.6761609472320425, 0.7882357010579634], "k_pid_alt": [0.23044669025133202, 0.91800745336624, 0.3342598731493035], "k_pid_att": [45.175385832226844, 8.983913426135922, 0.9638047910540632], "k_pid_yaw": [0.5, 1e-06, 0.1], "k_pid_hsp": [5.603524015783701, 0.14712631815884436, 0.6853779046185141], "k_pid_vsp": [269.88047590577906, 209.0817438940533, 394.9781368474349]}, "datetime": {"datetime": "2025-08-20 19:55:21", "elapsed": 28976.107285261154, "delta": 27.675662517547607}, "costs": {"total_cost": 1079.3804888639463, "time_cost": 150, "final_distance_cost": 56.45534635939404, "oscillation_cost": 320.9777324859567, "completition_cost": 444.4444444444444, "overshoot_cost": 65.78418131112187, "power_cost": 21.886975756835938, "noise_cost": 19.83180850619352, "n_waypoints_completed": 5, "tot_waypoints": 9}}
{"target": -1441.7118504958335, "params": {"k_pid_pos": [0.7339764735803805, 0.285905440636105, 0.29099487736051755], "k_pid_alt": [1.5553903732344727, 0.8682146809414545, 0.6474830773910962], "k_pid_att": [81.48592487026625, 2.446822032746285, 0.9654971219626377], "k_pid_yaw": [0.5, 1e-06, 0.1], "k_pid_hsp": [0.06545411433503051, 0.9290854332896162, 0.29925319705499087], "k_pid_vsp": [106.70931981845384, 51.18285365356375, 316.93103086833105]}, "datetime": {"datetime": "2025-08-20 19:55:49", "elapsed": 29003.756385087967, "delta": 27.649099826812744}, "costs": {"total_cost": 1441.7118504958335, "time_cost": 150, "final_distance_cost": 2.431265447683213, "oscillation_cost": 70.94783851726721, "completition_cost": 1000.0, "overshoot_cost": 135.08773013561014, "power_cost": 22.370600158691406, "noise_cost": 60.87441623658158, "n_waypoints_completed": 0, "tot_waypoints": 9}}
