{"target": -998.0600716439, "params": {"k_pid_pos": [0.9215371220488114, 0.9808349418562292, 0.8804365771014808], "k_pid_alt": [0.9308776321228414, 0.6859136482542476, 0.14796287552655463], "k_pid_att": [52.062750184204496, 4.24353395907253, 0.7620073551442058], "k_pid_yaw": [0.5, 1e-06, 0.1], "k_pid_hsp": [2.572121459103763, 0.6646083069177857, 0.47980019806381924], "k_pid_vsp": [293.3610527424392, 42.40760197805364, 163.36753277827938]}, "datetime": {"datetime": "2025-08-21 00:30:35", "elapsed": 45489.98115301132, "delta": 29.450401544570923}, "costs": {"total_cost": 998.0600716439, "time_cost": 150, "final_distance_cost": 45.82004440663322, "oscillation_cost": 164.4958142042159, "completition_cost": 555.5555555555555, "overshoot_cost": 47.97798989939407, "power_cost": 18.819900024414064, "noise_cost": 15.390767553687132, "n_waypoints_completed": 4, "tot_waypoints": 9}}
{"target": -1461.5656510789402, "params": {"k_pid_pos": [1.1216511142080343, 0.2639734134237952, 0.8572999795978361], "k_pid_alt": [1.9095569149732108, 0.6100024099962231, 0.5742901942403351], "k_pid_att": [47.510511024424275, 4.014011732856786, 0.15736079265796066], "k_pid_yaw": [0.5, 1e-06, 0.1], "k_pid_hsp": [0.14518249584931855, 0.04724063374425036, 0.9679163658276302], "k_pid_vsp": [270.9546167811891, 109.58257929641078, 320.72814951613265]}, "datetime": {"datetime": "2025-08-21 00:31:05", "elapsed": 45519.841529369354, "delta": 29.860376358032227}, "costs": {"total_cost": 1461.5656510789402, "time_cost": 150, "final_distance_cost": 92.26117017385565, "oscillation_cost": 425.8319347353426, "completition_cost": 666.6666666666667, "overshoot_cost": 90.98753281385495, "power_cost": 20.075064111328125, "noise_cost": 15.743282577892176, "n_waypoints_completed": 3, "tot_waypoints": 9}}
{"target": -1151.8059568022215, "params": {"k_pid_pos": [0.22673915245388632, 0.8774526418399854, 0.7948041538928516], "k_pid_alt": [0.5493263840515934, 0.990675530905984, 0.6714875413527164], "k_pid_att": [79.27007650560708, 0.6224938383656881, 0.9175808285747141], "k_pid_yaw": [0.5, 1e-06, 0.1], "k_pid_hsp": [7.822574887564159, 0.10683451671866107, 0.7142093277923705], "k_pid_vsp": [271.7181033095927, 362.44736109371536, 92.90928515240344]}, "datetime": {"datetime": "2025-08-21 00:31:35", "elapsed": 45549.84230709076, "delta": 30.00077772140503}, "costs": {"total_cost": 1151.8059568022215, "time_cost": 150, "final_distance_cost": 48.67337577612278, "oscillation_cost": 200.72760830295582, "completition_cost": 666.6666666666667, "overshoot_cost": 49.3067394881558, "power_cost": 21.0680466796875, "noise_cost": 15.363519888632984, "n_waypoints_completed": 3, "tot_waypoints": 9}}
{"target": -1579.6111829374897, "params": {"k_pid_pos": [0.6452980825310484, 0.6513128249817938, 0.8008694257874214], "k_pid_alt": [1.676079715428851, 0.8677561136492429, 0.1406575527633347], "k_pid_att": [15.649863775675577, 5.583619844562673, 0.21407387022574254], "k_pid_yaw": [0.5, 1e-06, 0.1], "k_pid_hsp": [1.3086081709894846, 0.6504182674332845, 0.2174153989896136], "k_pid_vsp": [10.06413717739787, 130.38223151766908, 142.3898516967701]}, "datetime": {"datetime": "2025-08-21 00:32:05", "elapsed": 45580.40868926048, "delta": 30.56638216972351}, "costs": {"total_cost": 1579.6111829374897, "time_cost": 150, "final_distance_cost": 52.06644340312524, "oscillation_cost": 353.19427532165145, "completition_cost": 888.8888888888888, "overshoot_cost": 96.18537628271635, "power_cost": 17.358772705078128, "noise_cost": 21.91742633602983, "n_waypoints_completed": 1, "tot_waypoints": 9}}
{"target": -1890.6028409015585, "params": {"k_pid_pos": [0.5472635415012802, 0.9213914892974572, 0.4886337383082092], "k_pid_alt": [1.0820127304318161, 0.023846547506589877, 0.030687694929878884], "k_pid_att": [0.9677469442526121, 5.630283659619807, 0.7161268758832574], "k_pid_yaw": [0.5, 1e-06, 0.1], "k_pid_hsp": [1.7057296441546719, 0.32019961522633267, 0.08239403921258215], "k_pid_vsp": [20.690685992401427, 253.95548675112246, 72.10846608204335]}, "datetime": {"datetime": "2025-08-21 00:32:36", "elapsed": 45610.732194662094, "delta": 30.323505401611328}, "costs": {"total_cost": 1890.6028409015585, "time_cost": 150, "final_distance_cost": 22.30658976985625, "oscillation_cost": 462.4427945382534, "completition_cost": 1000.0, "overshoot_cost": 135.7865691371702, "power_cost": 34.440759008789065, "noise_cost": 85.62612844748949, "n_waypoints_completed": 0, "tot_waypoints": 9}}
{"target": -1089.2069625621054, "params": {"k_pid_pos": [1.1794814049893905, 0.6850175416951649, 0.8909848623429908], "k_pid_alt": [1.7473502540247043, 0.2950551420459234, 0.28532129387904825], "k_pid_att": [16.38245969823744, 2.9240893549002114, 0.9110917814257374], "k_pid_yaw": [0.5, 1e-06, 0.1], "k_pid_hsp": [6.467170274473425, 0.4363866668661631, 0.3375022456774044], "k_pid_vsp": [90.5547451950048, 22.75633007618033, 116.59744218370827]}, "datetime": {"datetime": "2025-08-21 00:33:07", "elapsed": 45642.061497449875, "delta": 31.32930278778076}, "costs": {"total_cost": 1089.2069625621054, "time_cost": 150, "final_distance_cost": 41.291638440763, "oscillation_cost": 239.57208010289122, "completition_cost": 555.5555555555555, "overshoot_cost": 66.64776236197874, "power_cost": 18.70544844970703, "noise_cost": 17.434477651209797, "n_waypoints_completed": 4, "tot_waypoints": 9}}
{"target": -1159.086728778021, "params": {"k_pid_pos": [2.0, 0.7547998911690694, 1.0], "k_pid_alt": [0.23103937618105283, 0.0, 0.9470673284202318], "k_pid_att": [41.885317379801435, 3.1407699603323898, 0.7578813510426425], "k_pid_yaw": [0.5, 1e-06, 0.1], "k_pid_hsp": [8.611425128081875, 0.3112493099617269, 0.8260888056423762], "k_pid_vsp": [395.7652501720448, 39.92437260545583, 182.47924469235116]}, "datetime": {"datetime": "2025-08-21 00:33:58", "elapsed": 45692.728459358215, "delta": 50.666961908340454}, "costs": {"total_cost": 1159.086728778021, "time_cost": 150, "final_distance_cost": 51.096062077310485, "oscillation_cost": 320.0618047585914, "completition_cost": 555.5555555555555, "overshoot_cost": 44.4311777924733, "power_cost": 22.125579650878908, "noise_cost": 15.816548943211568, "n_waypoints_completed": 4, "tot_waypoints": 9}}
{"target": -828.4838688338846, "params": {"k_pid_pos": [1.3108157472152766, 0.503288129925036, 0.7047360566556287], "k_pid_alt": [0.9473062863141897, 0.11617214313019053, 0.09272979858268815], "k_pid_att": [74.37830065123427, 9.042984998207254, 0.5561476384082369], "k_pid_yaw": [0.5, 1e-06, 0.1], "k_pid_hsp": [2.3888459303514917, 0.5970892584688869, 0.8712028808979351], "k_pid_vsp": [379.08206103349636, 91.6034325652814, 215.91444582294062]}, "datetime": {"datetime": "2025-08-21 00:34:29", "elapsed": 45724.23471093178, "delta": 31.506251573562622}, "costs": {"total_cost": 828.4838688338846, "time_cost": 150, "final_distance_cost": 58.49571581434688, "oscillation_cost": 188.9751837927034, "completition_cost": 333.33333333333337, "overshoot_cost": 60.318432723766264, "power_cost": 21.52952166748047, "noise_cost": 15.831681502254273, "n_waypoints_completed": 6, "tot_waypoints": 9}}
{"target": -1777.9459975586874, "params": {"k_pid_pos": [1.7910471627663254, 0.6827272133967293, 0.5513546291048111], "k_pid_alt": [1.7003292853106484, 0.39739257837507747, 0.24852404571157827], "k_pid_att": [20.73852304815842, 9.503661080236503, 0.44643171168398876], "k_pid_yaw": [0.5, 1e-06, 0.1], "k_pid_hsp": [6.883985096223552, 0.31565905161367913, 0.7526647379203824], "k_pid_vsp": [76.1359757815546, 112.31245661220423, 152.93991209217907]}, "datetime": {"datetime": "2025-08-21 00:34:59", "elapsed": 45754.31882739067, "delta": 30.084116458892822}, "costs": {"total_cost": 1777.9459975586874, "time_cost": 150, "final_distance_cost": 23.299530164141892, "oscillation_cost": 464.54715915523525, "completition_cost": 1000.0, "overshoot_cost": 101.04001554536113, "power_cost": 20.794196594238283, "noise_cost": 18.26509609971103, "n_waypoints_completed": 0, "tot_waypoints": 9}}
{"target": -1552.569295852636, "params": {"k_pid_pos": [1.4973694184792397, 0.8942006507737696, 0.3240890914491925], "k_pid_alt": [1.299487920379992, 0.6703771235889788, 0.9128248600295495], "k_pid_att": [5.143647259556195, 7.502682661484965, 0.13589569919470101], "k_pid_yaw": [0.5, 1e-06, 0.1], "k_pid_hsp": [2.1999109617783907, 0.9313648317661846, 0.21799832262310004], "k_pid_vsp": [244.73353098385368, 106.02228714120479, 363.0646198115547]}, "datetime": {"datetime": "2025-08-21 00:35:31", "elapsed": 45785.84822511673, "delta": 31.52939772605896}, "costs": {"total_cost": 1552.569295852636, "time_cost": 150, "final_distance_cost": 12.921851994230266, "oscillation_cost": 264.7194066534677, "completition_cost": 1000.0, "overshoot_cost": 85.16353388352569, "power_cost": 20.711357287597657, "noise_cost": 19.05314603381488, "n_waypoints_completed": 0, "tot_waypoints": 9}}
{"target": -909.4574678811233, "params": {"k_pid_pos": [0.9651174643904, 0.9447173546414303, 0.85328500787581], "k_pid_alt": [2.0, 0.16528646189161636, 0.14997622193288385], "k_pid_att": [41.07416160781412, 8.722828126177147, 0.5648370869879367], "k_pid_yaw": [0.5, 1e-06, 0.1], "k_pid_hsp": [10.0, 0.0, 0.38495575169335267], "k_pid_vsp": [316.73188717962296, 50.434212606867476, 59.76230845017662]}, "datetime": {"datetime": "2025-08-21 00:36:15", "elapsed": 45830.33501958847, "delta": 44.48679447174072}, "costs": {"total_cost": 909.4574678811233, "time_cost": 150, "final_distance_cost": 67.42094273855577, "oscillation_cost": 279.9139639653322, "completition_cost": 333.33333333333337, "overshoot_cost": 40.291473995983154, "power_cost": 22.338240649414065, "noise_cost": 16.15951319850491, "n_waypoints_completed": 6, "tot_waypoints": 9}}
{"target": -864.3575016173102, "params": {"k_pid_pos": [0.6340377774873267, 0.9274546716719562, 0.48918775028333294], "k_pid_alt": [1.9052788587102834, 0.8683488698517465, 0.02428258863722521], "k_pid_att": [60.61707535203323, 9.964747891872774, 0.6551519534652824], "k_pid_yaw": [0.5, 1e-06, 0.1], "k_pid_hsp": [7.0258524156819515, 0.14789273124126978, 0.38318675428253335], "k_pid_vsp": [331.47924188828057, 364.76468388826447, 318.9205769189594]}, "datetime": {"datetime": "2025-08-21 00:36:46", "elapsed": 45861.303477048874, "delta": 30.968457460403442}, "costs": {"total_cost": 864.3575016173102, "time_cost": 150, "final_distance_cost": 73.18132665484158, "oscillation_cost": 216.6046091416879, "completition_cost": 333.33333333333337, "overshoot_cost": 50.38198212727519, "power_cost": 22.932260034179688, "noise_cost": 17.923990325992424, "n_waypoints_completed": 6, "tot_waypoints": 9}}
{"target": -1088.975392222724, "params": {"k_pid_pos": [0.22322986409298712, 0.8591565821223451, 0.236713757502944], "k_pid_alt": [0.2998045003097005, 0.8365215546568872, 0.21277007839804263], "k_pid_att": [87.06161530559336, 8.216010097686201, 0.9717245482434079], "k_pid_yaw": [0.5, 1e-06, 0.1], "k_pid_hsp": [6.963990434219431, 0.31553161289592, 0.8717843158380051], "k_pid_vsp": [371.2817978494167, 378.8492623072117, 10.698581588688619]}, "datetime": {"datetime": "2025-08-21 00:37:16", "elapsed": 45891.46196436882, "delta": 30.15848731994629}, "costs": {"total_cost": 1088.975392222724, "time_cost": 150, "final_distance_cost": 53.96765027024837, "oscillation_cost": 119.72358644726351, "completition_cost": 666.6666666666667, "overshoot_cost": 60.6445566003356, "power_cost": 21.472573986816407, "noise_cost": 16.50035825139353, "n_waypoints_completed": 3, "tot_waypoints": 9}}
{"target": -593.9440956953264, "params": {"k_pid_pos": [0.34327095846195194, 0.3887146112463239, 0.18741867259011336], "k_pid_alt": [1.6258932162402833, 0.37588994178578716, 0.6834661625667513], "k_pid_att": [52.148956542672295, 4.8510982295329, 0.7273579651486799], "k_pid_yaw": [0.5, 1e-06, 0.1], "k_pid_hsp": [5.331366221656023, 0.7386825707284578, 0.10444058697565572], "k_pid_vsp": [256.4647198263232, 66.41342830042151, 100.15689341160049]}, "datetime": {"datetime": "2025-08-21 00:37:47", "elapsed": 45922.03786587715, "delta": 30.5759015083313}, "costs": {"total_cost": 593.9440956953264, "time_cost": 150, "final_distance_cost": 66.60589797251019, "oscillation_cost": 184.66174558855184, "completition_cost": 111.11111111111116, "overshoot_cost": 46.790635917866034, "power_cost": 19.497770153808595, "noise_cost": 15.276934951478525, "n_waypoints_completed": 8, "tot_waypoints": 9}}
{"target": -453.3958954341274, "params": {"k_pid_pos": [0.7230612357139294, 0.0009171691576996821, 0.03914489159301804], "k_pid_alt": [0.13780799818422995, 0.4670375937369484, 0.711279885546368], "k_pid_att": [54.77259213512114, 9.933980873326687, 0.9188276669618607], "k_pid_yaw": [0.5, 1e-06, 0.1], "k_pid_hsp": [7.341263841985305, 0.1624207508992629, 0.48912202029574203], "k_pid_vsp": [374.71033883328744, 263.9658008392444, 77.5150980774297]}, "datetime": {"datetime": "2025-08-21 00:38:19", "elapsed": 45954.06177330017, "delta": 32.02390742301941}, "costs": {"total_cost": 453.3958954341274, "time_cost": 99.328, "final_distance_cost": 1.7673461992338206, "oscillation_cost": 253.00945860868308, "completition_cost": 0.0, "overshoot_cost": 62.26261682047376, "power_cost": 20.996884704589846, "noise_cost": 16.03158910114692, "n_waypoints_completed": 9, "tot_waypoints": 9}}
{"target": -1253.0081350736398, "params": {"k_pid_pos": [0.43221893663768784, 0.5805813321767678, 0.4953458834370299], "k_pid_alt": [1.2541270489140328, 0.8575067735881705, 0.12421990578923159], "k_pid_att": [98.02008366021386, 3.6491576135730677, 0.619761552188367], "k_pid_yaw": [0.5, 1e-06, 0.1], "k_pid_hsp": [4.7785170632455705, 0.1553893729388367, 0.5085009471260504], "k_pid_vsp": [253.12508180468961, 67.72790422107687, 249.65127081712137]}, "datetime": {"datetime": "2025-08-21 00:38:50", "elapsed": 45984.96607589722, "delta": 30.9043025970459}, "costs": {"total_cost": 1253.0081350736398, "time_cost": 150, "final_distance_cost": 52.56707775869662, "oscillation_cost": 289.5599696781654, "completition_cost": 666.6666666666667, "overshoot_cost": 56.836079184858555, "power_cost": 21.34343712158203, "noise_cost": 16.034904663670666, "n_waypoints_completed": 3, "tot_waypoints": 9}}
{"target": -1231.7751979184684, "params": {"k_pid_pos": [1.5574252886602682, 0.15691231595908306, 0.10424518251548198], "k_pid_alt": [1.8154051518352825, 0.24316332098360682, 0.5194369782522245], "k_pid_att": [90.45120425149209, 7.513367907457237, 0.06622529671163002], "k_pid_yaw": [0.5, 1e-06, 0.1], "k_pid_hsp": [2.4254234236077443, 0.06139523519497625, 0.749190327677759], "k_pid_vsp": [35.61985486470163, 220.62895437861727, 229.101558395829]}, "datetime": {"datetime": "2025-08-21 00:39:21", "elapsed": 46015.9418900013, "delta": 30.9758141040802}, "costs": {"total_cost": 1231.7751979184684, "time_cost": 150, "final_distance_cost": 83.73067133616728, "oscillation_cost": 224.05118342737754, "completition_cost": 666.6666666666667, "overshoot_cost": 62.90522042396809, "power_cost": 24.976473388671877, "noise_cost": 19.44498267561669, "n_waypoints_completed": 3, "tot_waypoints": 9}}
{"target": -495.37034866929025, "params": {"k_pid_pos": [0.652392397284927, 0.12883553595382313, 0.8767344988636001], "k_pid_alt": [1.0595729251104822, 0.35925582930609246, 0.7663485849200186], "k_pid_att": [14.422017062062043, 0.2138208276109652, 0.06013186361333911], "k_pid_yaw": [0.5, 1e-06, 0.1], "k_pid_hsp": [7.100563140565207, 0.37923896185563943, 0.7162143437361409], "k_pid_vsp": [208.84255932466718, 298.7317984078419, 68.91228301972501]}, "datetime": {"datetime": "2025-08-21 00:40:09", "elapsed": 46063.92850661278, "delta": 47.98661661148071}, "costs": {"total_cost": 495.37034866929025, "time_cost": 99.016, "final_distance_cost": 1.7646827898058648, "oscillation_cost": 301.7617913723659, "completition_cost": 0.0, "overshoot_cost": 54.80307956073866, "power_cost": 21.863254797363282, "noise_cost": 16.161540149016584, "n_waypoints_completed": 9, "tot_waypoints": 9}}
{"target": -750.2326458389614, "params": {"k_pid_pos": [1.6714488408969268, 0.9183435900465569, 0.008199558074828417], "k_pid_alt": [1.7212690793709489, 0.23730892659338954, 0.9823030158518071], "k_pid_att": [13.625010555102223, 1.097375508070494, 0.5196516538619617], "k_pid_yaw": [0.5, 1e-06, 0.1], "k_pid_hsp": [5.6961329248848696, 0.6352082617937127, 0.31760697961458395], "k_pid_vsp": [16.56631817650922, 337.0619030795707, 19.239524082752194]}, "datetime": {"datetime": "2025-08-21 00:41:00", "elapsed": 46114.71946644783, "delta": 50.79095983505249}, "costs": {"total_cost": 750.2326458389614, "time_cost": 150, "final_distance_cost": 76.190448707271, "oscillation_cost": 101.12060189182651, "completition_cost": 333.33333333333337, "overshoot_cost": 51.507168380342414, "power_cost": 22.11828259277344, "noise_cost": 15.962810933414701, "n_waypoints_completed": 6, "tot_waypoints": 9}}
{"target": -1270.5704357885797, "params": {"k_pid_pos": [1.410086049098613, 0.7393922923192687, 0.7766950632163544], "k_pid_alt": [0.3852680460383513, 0.10893493111521568, 0.02777712560689405], "k_pid_att": [37.110334358735386, 9.447597162187662, 0.3658851138810014], "k_pid_yaw": [0.5, 1e-06, 0.1], "k_pid_hsp": [0.816911002197019, 0.39440045333407114, 0.34610544161715806], "k_pid_vsp": [61.73898502339634, 300.1778755556563, 207.61878397872897]}, "datetime": {"datetime": "2025-08-21 00:41:33", "elapsed": 46147.92295050621, "delta": 33.20348405838013}, "costs": {"total_cost": 1270.5704357885797, "time_cost": 150, "final_distance_cost": 90.32566500939883, "oscillation_cost": 149.80771490140927, "completition_cost": 777.7777777777778, "overshoot_cost": 61.69869358245991, "power_cost": 23.036204345703126, "noise_cost": 17.924380171830837, "n_waypoints_completed": 2, "tot_waypoints": 9}}
{"target": -1309.478056220465, "params": {"k_pid_pos": [1.0697594627075566, 0.0, 0.0], "k_pid_alt": [2.0, 1.0, 0.0], "k_pid_att": [39.7647326950995, 1.5028777422426134, 0.3021581740565606], "k_pid_yaw": [0.5, 1e-06, 0.1], "k_pid_hsp": [0.0001, 1.0, 0.0], "k_pid_vsp": [400.0, 42.176138165776045, 186.09032640864024]}, "datetime": {"datetime": "2025-08-21 00:42:22", "elapsed": 46197.1265232563, "delta": 49.20357275009155}, "costs": {"total_cost": 1309.478056220465, "time_cost": 150, "final_distance_cost": 58.54307103835172, "oscillation_cost": 77.34558332942578, "completition_cost": 888.8888888888888, "overshoot_cost": 76.90304891890847, "power_cost": 34.79135240478516, "noise_cost": 23.006111640105072, "n_waypoints_completed": 1, "tot_waypoints": 9}}
{"target": -1337.7453091047093, "params": {"k_pid_pos": [1.9261011641065346, 0.596279520668645, 0.04269345952369896], "k_pid_alt": [0.4232505398018589, 0.24777775056267515, 0.502348916308869], "k_pid_att": [0.7586558761713547, 0.8343159389869994, 0.8364089302556981], "k_pid_yaw": [0.5, 1e-06, 0.1], "k_pid_hsp": [9.08124342865448, 0.7426298891194747, 0.786290868724408], "k_pid_vsp": [94.90247362469128, 94.75918832604525, 34.81744848643]}, "datetime": {"datetime": "2025-08-21 00:43:13", "elapsed": 46248.20423293114, "delta": 51.077709674835205}, "costs": {"total_cost": 1337.7453091047093, "time_cost": 150, "final_distance_cost": 62.05633416052962, "oscillation_cost": 121.14470030023986, "completition_cost": 888.8888888888888, "overshoot_cost": 72.55057339966872, "power_cost": 25.39504284667969, "noise_cost": 17.709769508702472, "n_waypoints_completed": 1, "tot_waypoints": 9}}
{"target": -1338.2101779289667, "params": {"k_pid_pos": [1.9100823489702552, 0.13263894683024058, 0.14847341265605174], "k_pid_alt": [1.6629190626584054, 0.03403406898442196, 0.6612797982075502], "k_pid_att": [3.561151475692481, 6.496699872594259, 0.2549004569976747], "k_pid_yaw": [0.5, 1e-06, 0.1], "k_pid_hsp": [2.890485017401355, 0.34476685093484016, 0.246222662073884], "k_pid_vsp": [74.81246122591752, 30.497660736113886, 287.4111670307584]}, "datetime": {"datetime": "2025-08-21 00:43:48", "elapsed": 46282.758435964584, "delta": 34.554203033447266}, "costs": {"total_cost": 1338.2101779289667, "time_cost": 150, "final_distance_cost": 70.71394964213268, "oscillation_cost": 199.13952370227688, "completition_cost": 777.7777777777778, "overshoot_cost": 97.83560312796166, "power_cost": 16.486799938964843, "noise_cost": 26.256523739852934, "n_waypoints_completed": 2, "tot_waypoints": 9}}
{"target": -445.10669546600974, "params": {"k_pid_pos": [1.619905784951536, 0.2831432656097873, 0.10162264973797486], "k_pid_alt": [1.78389813173627, 0.33684961010612047, 0.8246227930905028], "k_pid_att": [73.26869462766194, 5.825445146624221, 0.07171917580204501], "k_pid_yaw": [0.5, 1e-06, 0.1], "k_pid_hsp": [9.258804114704727, 0.8830551304779605, 0.25856866755348584], "k_pid_vsp": [376.7449596223464, 227.25837157085752, 20.38228072162242]}, "datetime": {"datetime": "2025-08-21 00:44:27", "elapsed": 46322.02690601349, "delta": 39.26847004890442}, "costs": {"total_cost": 445.10669546600974, "time_cost": 98.256, "final_distance_cost": 1.7301806924999934, "oscillation_cost": 255.9772149984442, "completition_cost": 0.0, "overshoot_cost": 55.092055433754716, "power_cost": 18.92514499511719, "noise_cost": 15.126099346193682, "n_waypoints_completed": 9, "tot_waypoints": 9}}
