{"target": -925.7209054004484, "params": {"k_pid_pos": [2.0, 0.9945836067199707, 0.9999866485595703], "k_pid_alt": [1.8935327529907227, 1.0, 0.0065610408782958984], "k_pid_att": [100.0, 0.4296896159648895, 0.9852743148803711], "k_pid_yaw": [0.5, 1e-06, 0.1], "k_pid_hsp": [9.757438659667969, 0.9959098100662231, 0.05179604887962341], "k_pid_vsp": [8.42698860168457, 392.233642578125, 24.18363380432129]}, "datetime": {"datetime": "2025-08-21 17:55:04", "elapsed": 33020.885113716125, "delta": 23.990261793136597}, "costs": {"total_cost": 925.7209054004484, "time_cost": 150, "final_distance_cost": 60.515364717524534, "oscillation_cost": 183.6264939834131, "completition_cost": 444.4444444444444, "overshoot_cost": 49.99221256883435, "power_cost": 21.215372680664064, "noise_cost": 15.927017005567912, "n_waypoints_completed": 5, "tot_waypoints": 9}}
{"target": -1078.778193662549, "params": {"k_pid_pos": [2.0, 0.9541427493095398, 0.2869713604450226], "k_pid_alt": [1.9962605237960815, 1.0, 0.01841259002685547], "k_pid_att": [100.0, 0.08165919780731201, 0.9539309144020081], "k_pid_yaw": [0.5, 1e-06, 0.1], "k_pid_hsp": [9.627898216247559, 0.9855979681015015, 0.09155699610710144], "k_pid_vsp": [9.575546264648438, 362.4273681640625, 27.195932388305664]}, "datetime": {"datetime": "2025-08-21 17:55:28", "elapsed": 33045.15943145752, "delta": 24.274317741394043}, "costs": {"total_cost": 1078.778193662549, "time_cost": 150, "final_distance_cost": 52.472288031956786, "oscillation_cost": 116.4067897416805, "completition_cost": 666.6666666666667, "overshoot_cost": 50.59230616442327, "power_cost": 25.36874139404297, "noise_cost": 17.27140166377865, "n_waypoints_completed": 3, "tot_waypoints": 9}}
{"target": -905.161311380629, "params": {"k_pid_pos": [2.0, 0.9379240870475769, 0.9999580979347229], "k_pid_alt": [1.932522177696228, 1.0, 0.016459733247756958], "k_pid_att": [100.0, 0.3090694844722748, 0.9472682476043701], "k_pid_yaw": [0.5, 1e-06, 0.1], "k_pid_hsp": [9.949698448181152, 0.9856281280517578, 0.03586256504058838], "k_pid_vsp": [6.403064727783203, 396.96954345703125, 0.784278929233551]}, "datetime": {"datetime": "2025-08-21 17:55:52", "elapsed": 33068.65785527229, "delta": 23.49842381477356}, "costs": {"total_cost": 905.161311380629, "time_cost": 150, "final_distance_cost": 36.83431253067095, "oscillation_cost": 187.29214725211693, "completition_cost": 444.4444444444444, "overshoot_cost": 51.25437192507888, "power_cost": 20.015989660644532, "noise_cost": 15.320045567673274, "n_waypoints_completed": 5, "tot_waypoints": 9}}
{"target": -561.3993513251912, "params": {"k_pid_pos": [2.0, 0.9920198917388916, 0.9999988675117493], "k_pid_alt": [1.9924595355987549, 1.0, 0.01892644166946411], "k_pid_att": [99.9999771118164, 0.338879257440567, 0.9928977489471436], "k_pid_yaw": [0.5, 1e-06, 0.1], "k_pid_hsp": [9.915553092956543, 0.9858242869377136, 0.02144336700439453], "k_pid_vsp": [61.26852035522461, 391.11083984375, 3.2907376289367676]}, "datetime": {"datetime": "2025-08-21 17:56:16", "elapsed": 33092.66045665741, "delta": 24.002601385116577}, "costs": {"total_cost": 561.3993513251912, "time_cost": 150, "final_distance_cost": 54.885763416440334, "oscillation_cost": 146.22124515982614, "completition_cost": 111.11111111111116, "overshoot_cost": 55.02772318245923, "power_cost": 24.855990258789063, "noise_cost": 19.297518196565363, "n_waypoints_completed": 8, "tot_waypoints": 9}}
{"target": -712.6013811137302, "params": {"k_pid_pos": [2.0, 0.9985236525535583, 0.9266875982284546], "k_pid_alt": [1.8337733745574951, 1.0, 0.015950143337249756], "k_pid_att": [100.0, 0.1424100250005722, 0.9505327939987183], "k_pid_yaw": [0.5, 1e-06, 0.1], "k_pid_hsp": [9.66884708404541, 0.9696108102798462, 0.037913978099823], "k_pid_vsp": [15.18136215209961, 388.91424560546875, 36.437870025634766]}, "datetime": {"datetime": "2025-08-21 17:56:40", "elapsed": 33116.60895609856, "delta": 23.94849944114685}, "costs": {"total_cost": 712.6013811137302, "time_cost": 150, "final_distance_cost": 73.01684503663846, "oscillation_cost": 174.28028103576654, "completition_cost": 222.2222222222222, "overshoot_cost": 53.96791368912091, "power_cost": 22.12840341796875, "noise_cost": 16.985715712013295, "n_waypoints_completed": 7, "tot_waypoints": 9}}
{"target": -898.6806831894793, "params": {"k_pid_pos": [2.0, 0.9993399977684021, 0.9289513826370239], "k_pid_alt": [1.9725775718688965, 1.0, 0.04130810499191284], "k_pid_att": [100.0, 0.6572525501251221, 0.9955959320068359], "k_pid_yaw": [0.5, 1e-06, 0.1], "k_pid_hsp": [9.6865234375, 0.9956744313240051, 0.16023331880569458], "k_pid_vsp": [3.3229708671569824, 384.2137756347656, 9.33078670501709]}, "datetime": {"datetime": "2025-08-21 17:57:03", "elapsed": 33140.22103381157, "delta": 23.612077713012695}, "costs": {"total_cost": 898.6806831894793, "time_cost": 150, "final_distance_cost": 51.16961807278856, "oscillation_cost": 164.8335242261552, "completition_cost": 444.4444444444444, "overshoot_cost": 54.920212038361704, "power_cost": 18.86304957275391, "noise_cost": 14.449834834975468, "n_waypoints_completed": 5, "tot_waypoints": 9}}
{"target": -1255.8108626912701, "params": {"k_pid_pos": [2.0, 0.9519323706626892, 0.12427949905395508], "k_pid_alt": [1.9642131328582764, 1.0, 0.3468853831291199], "k_pid_att": [100.0, 0.05428902059793472, 0.9576168060302734], "k_pid_yaw": [0.5, 1e-06, 0.1], "k_pid_hsp": [9.869664192199707, 0.989299476146698, 0.05101454257965088], "k_pid_vsp": [11.213933944702148, 394.44195556640625, 42.53767776489258]}, "datetime": {"datetime": "2025-08-21 17:57:26", "elapsed": 33162.90724658966, "delta": 22.68621277809143}, "costs": {"total_cost": 1255.8108626912701, "time_cost": 150, "final_distance_cost": 56.569942116090296, "oscillation_cost": 75.47287790972626, "completition_cost": 888.8888888888888, "overshoot_cost": 41.0341891426009, "power_cost": 26.063976806640625, "noise_cost": 17.780987827323408, "n_waypoints_completed": 1, "tot_waypoints": 9}}
{"target": -717.1433601274387, "params": {"k_pid_pos": [2.0, 0.9617598056793213, 0.9992952346801758], "k_pid_alt": [1.9871801137924194, 1.0, 0.01815745234489441], "k_pid_att": [99.99955749511719, 0.08441022783517838, 0.7685825228691101], "k_pid_yaw": [0.5, 1e-06, 0.1], "k_pid_hsp": [9.867334365844727, 0.9651976823806763, 0.019203394651412964], "k_pid_vsp": [14.27420425415039, 396.2729797363281, 5.314565658569336]}, "datetime": {"datetime": "2025-08-21 17:57:50", "elapsed": 33187.142802238464, "delta": 24.23555564880371}, "costs": {"total_cost": 717.1433601274387, "time_cost": 150, "final_distance_cost": 63.45053984716339, "oscillation_cost": 190.35878279077357, "completition_cost": 222.2222222222222, "overshoot_cost": 54.88511289223028, "power_cost": 20.568201025390625, "noise_cost": 15.658501349658698, "n_waypoints_completed": 7, "tot_waypoints": 9}}
{"target": -1056.969701104552, "params": {"k_pid_pos": [2.0, 0.9921276569366455, 0.16390842199325562], "k_pid_alt": [1.9897754192352295, 1.0, 0.018222689628601074], "k_pid_att": [99.99991607666016, 0.36277928948402405, 0.995560884475708], "k_pid_yaw": [0.5, 1e-06, 0.1], "k_pid_hsp": [9.859643936157227, 0.9535994529724121, 0.003965497016906738], "k_pid_vsp": [2.2555947303771973, 388.79132080078125, 3.4194836616516113]}, "datetime": {"datetime": "2025-08-21 17:58:14", "elapsed": 33211.297994852066, "delta": 24.155192613601685}, "costs": {"total_cost": 1056.969701104552, "time_cost": 150, "final_distance_cost": 54.83833057090285, "oscillation_cost": 98.21300596760584, "completition_cost": 666.6666666666667, "overshoot_cost": 54.08147814534403, "power_cost": 18.952217675781252, "noise_cost": 14.218002078251368, "n_waypoints_completed": 3, "tot_waypoints": 9}}
{"target": -782.7883324642236, "params": {"k_pid_pos": [2.0, 0.9766979217529297, 0.9997777938842773], "k_pid_alt": [1.964335560798645, 0.0159795880317688, 0.0159795880317688], "k_pid_att": [99.99955749511719, 0.45659875869750977, 0.9908105134963989], "k_pid_yaw": [0.5, 1e-06, 0.1], "k_pid_hsp": [9.878600120544434, 0.9896222352981567, 0.03859597444534302], "k_pid_vsp": [8.167827606201172, 391.4635925292969, 3.958512306213379]}, "datetime": {"datetime": "2025-08-21 17:58:37", "elapsed": 33234.17556262016, "delta": 22.877567768096924}, "costs": {"total_cost": 782.7883324642236, "time_cost": 150, "final_distance_cost": 71.0142864803046, "oscillation_cost": 140.632636709508, "completition_cost": 333.33333333333337, "overshoot_cost": 47.77487825633008, "power_cost": 23.772745776367188, "noise_cost": 16.26045190838028, "n_waypoints_completed": 6, "tot_waypoints": 9}}
{"target": -1186.7547636043582, "params": {"k_pid_pos": [2.0, 0.9802907705307007, 0.0010219216346740723], "k_pid_alt": [1.9762933254241943, 1.0, 0.008030414581298828], "k_pid_att": [100.0, 0.10228399187326431, 0.980171263217926], "k_pid_yaw": [0.5, 1e-06, 0.1], "k_pid_hsp": [9.44482135772705, 0.9558018445968628, 0.008105099201202393], "k_pid_vsp": [7.3838114738464355, 393.6095275878906, 19.74474334716797]}, "datetime": {"datetime": "2025-08-21 17:59:02", "elapsed": 33258.588628053665, "delta": 24.413065433502197}, "costs": {"total_cost": 1186.7547636043582, "time_cost": 150, "final_distance_cost": 83.84563703415691, "oscillation_cost": 75.55994867148432, "completition_cost": 777.7777777777778, "overshoot_cost": 59.20889977667226, "power_cost": 24.09001593017578, "noise_cost": 16.272484414091107, "n_waypoints_completed": 2, "tot_waypoints": 9}}
{"target": -714.5930908112929, "params": {"k_pid_pos": [2.0, 0.9804505109786987, 1.0], "k_pid_alt": [1.9789832830429077, 1.0, 0.023189187049865723], "k_pid_att": [100.0, 0.43191105127334595, 0.9978131055831909], "k_pid_yaw": [0.5, 1e-06, 0.1], "k_pid_hsp": [8.251017570495605, 0.9974325895309448, 0.012477010488510132], "k_pid_vsp": [1.4508247375488281, 395.42083740234375, 6.477666854858398]}, "datetime": {"datetime": "2025-08-21 17:59:26", "elapsed": 33283.36490249634, "delta": 24.77627444267273}, "costs": {"total_cost": 714.5930908112929, "time_cost": 150, "final_distance_cost": 70.9754589308181, "oscillation_cost": 181.68784962431798, "completition_cost": 222.2222222222222, "overshoot_cost": 54.212685389589744, "power_cost": 20.874307275390628, "noise_cost": 14.620567368954257, "n_waypoints_completed": 7, "tot_waypoints": 9}}
{"target": -1193.78975763669, "params": {"k_pid_pos": [1.9999808073043823, 0.9818149209022522, 0.3801294267177582], "k_pid_alt": [1.8720896244049072, 1.0, 0.028754830360412598], "k_pid_att": [7.133883476257324, 0.006534554995596409, 0.9768084287643433], "k_pid_yaw": [0.5, 1e-06, 0.1], "k_pid_hsp": [9.904327392578125, 0.9750826954841614, 0.13745731115341187], "k_pid_vsp": [47.090267181396484, 395.6616516113281, 19.304277420043945]}, "datetime": {"datetime": "2025-08-21 17:59:50", "elapsed": 33306.66816163063, "delta": 23.303259134292603}, "costs": {"total_cost": 1193.78975763669, "time_cost": 150, "final_distance_cost": 90.74684708277566, "oscillation_cost": 81.1106869893277, "completition_cost": 777.7777777777778, "overshoot_cost": 48.362162703684554, "power_cost": 27.513503320312502, "noise_cost": 18.2787797628116, "n_waypoints_completed": 2, "tot_waypoints": 9}}
{"target": -1246.3337831047545, "params": {"k_pid_pos": [2.0, 0.9880483150482178, 0.995602011680603], "k_pid_alt": [1.990346908569336, 1.0, 0.013797581195831299], "k_pid_att": [100.0, 0.46954742074012756, 0.9574409127235413], "k_pid_yaw": [0.5, 1e-06, 0.1], "k_pid_hsp": [9.920919418334961, 0.9800676107406616, 0.009838610887527466], "k_pid_vsp": [4.183566570281982, 398.71368408203125, 20.444622039794922]}, "datetime": {"datetime": "2025-08-21 18:00:14", "elapsed": 33331.274633169174, "delta": 24.6064715385437}, "costs": {"total_cost": 1246.3337831047545, "time_cost": 150, "final_distance_cost": 84.03651835768177, "oscillation_cost": 207.3288962598994, "completition_cost": 666.6666666666667, "overshoot_cost": 108.76469670988166, "power_cost": 16.429150793457033, "noise_cost": 13.10785431716794, "n_waypoints_completed": 3, "tot_waypoints": 9}}
{"target": -497.29686533338696, "params": {"k_pid_pos": [2.0, 0.989639401435852, 1.0], "k_pid_alt": [1.9733699560165405, 1.0, 0.0049995481967926025], "k_pid_att": [100.0, 0.06359649449586868, 0.9860588908195496], "k_pid_yaw": [0.5, 1e-06, 0.1], "k_pid_hsp": [9.891407012939453, 0.9446810483932495, 0.006555467844009399], "k_pid_vsp": [2.704012393951416, 361.94195556640625, 14.887953758239746]}, "datetime": {"datetime": "2025-08-21 18:00:38", "elapsed": 33354.93006181717, "delta": 23.655428647994995}, "costs": {"total_cost": 497.29686533338696, "time_cost": 150, "final_distance_cost": 4.4073322901568, "oscillation_cost": 125.25612268963617, "completition_cost": 111.11111111111116, "overshoot_cost": 64.64902623088058, "power_cost": 24.72677705078125, "noise_cost": 17.14649596082104, "n_waypoints_completed": 8, "tot_waypoints": 9}}
{"target": -1041.2218759516663, "params": {"k_pid_pos": [2.0, 0.9906313419342041, 0.9999998211860657], "k_pid_alt": [1.9922826290130615, 1.0, 0.005853861570358276], "k_pid_att": [100.0, 0.07082020491361618, 0.9736307859420776], "k_pid_yaw": [0.5, 1e-06, 0.1], "k_pid_hsp": [9.82482624053955, 0.9946495890617371, 0.04387563467025757], "k_pid_vsp": [3.5559773445129395, 398.90777587890625, 6.032598972320557]}, "datetime": {"datetime": "2025-08-21 18:01:01", "elapsed": 33378.005688905716, "delta": 23.075627088546753}, "costs": {"total_cost": 1041.2218759516663, "time_cost": 150, "final_distance_cost": 49.5859657066243, "oscillation_cost": 200.88431206130053, "completition_cost": 555.5555555555555, "overshoot_cost": 52.48387172984448, "power_cost": 18.248310278320314, "noise_cost": 14.463860620021167, "n_waypoints_completed": 4, "tot_waypoints": 9}}
{"target": -912.7576744879937, "params": {"k_pid_pos": [2.0, 0.9947550296783447, 1.0], "k_pid_alt": [1.871711015701294, 1.0, 0.003240436315536499], "k_pid_att": [100.0, 0.07416756451129913, 0.9965349435806274], "k_pid_yaw": [0.5, 1e-06, 0.1], "k_pid_hsp": [9.930500030517578, 0.9118744134902954, 0.028830736875534058], "k_pid_vsp": [4.73862886428833, 398.49560546875, 2.146578788757324]}, "datetime": {"datetime": "2025-08-21 18:01:26", "elapsed": 33402.63415503502, "delta": 24.62846612930298}, "costs": {"total_cost": 912.7576744879937, "time_cost": 150, "final_distance_cost": 52.230289890894355, "oscillation_cost": 173.46511904975617, "completition_cost": 444.4444444444444, "overshoot_cost": 57.33684480763828, "power_cost": 20.056799108886718, "noise_cost": 15.22417718637371, "n_waypoints_completed": 5, "tot_waypoints": 9}}
{"target": -808.0362201631076, "params": {"k_pid_pos": [2.0, 0.9985806941986084, 0.9999818801879883], "k_pid_alt": [1.9646198749542236, 0.9999175667762756, 0.020425260066986084], "k_pid_att": [100.0, 0.040722545236349106, 0.9689605236053467], "k_pid_yaw": [0.5, 1e-06, 0.1], "k_pid_hsp": [9.869669914245605, 0.9380801916122437, 0.11779028177261353], "k_pid_vsp": [6.491231918334961, 396.773681640625, 3.1840333938598633]}, "datetime": {"datetime": "2025-08-21 18:01:50", "elapsed": 33426.9448826313, "delta": 24.31072759628296}, "costs": {"total_cost": 808.0362201631076, "time_cost": 150, "final_distance_cost": 58.76809659493261, "oscillation_cost": 172.9735432735683, "completition_cost": 333.33333333333337, "overshoot_cost": 54.69575589933146, "power_cost": 22.00213876953125, "noise_cost": 16.263352292410673, "n_waypoints_completed": 6, "tot_waypoints": 9}}
{"target": -813.12321039391, "params": {"k_pid_pos": [2.0, 0.9961669445037842, 1.0], "k_pid_alt": [1.9564751386642456, 1.0, 0.05137526988983154], "k_pid_att": [100.0, 1.3209131956100464, 0.955524206161499], "k_pid_yaw": [0.5, 1e-06, 0.1], "k_pid_hsp": [9.484912872314453, 0.9490760564804077, 0.005276799201965332], "k_pid_vsp": [6.002926826477051, 394.87200927734375, 2.7504215240478516]}, "datetime": {"datetime": "2025-08-21 18:02:13", "elapsed": 33450.021703481674, "delta": 23.076820850372314}, "costs": {"total_cost": 813.12321039391, "time_cost": 150, "final_distance_cost": 79.15524683903165, "oscillation_cost": 167.14125402489842, "completition_cost": 333.33333333333337, "overshoot_cost": 52.51662027823603, "power_cost": 17.820439099121096, "noise_cost": 13.156316819289325, "n_waypoints_completed": 6, "tot_waypoints": 9}}
{"target": -679.0013313352406, "params": {"k_pid_pos": [2.0, 0.9396985769271851, 0.9999992847442627], "k_pid_alt": [1.9916625022888184, 1.0, 0.03767099976539612], "k_pid_att": [100.0, 0.1781003326177597, 0.9583335518836975], "k_pid_yaw": [0.5, 1e-06, 0.1], "k_pid_hsp": [9.888200759887695, 0.994225025177002, 0.00901097059249878], "k_pid_vsp": [3.444826602935791, 397.3080139160156, 7.59102201461792]}, "datetime": {"datetime": "2025-08-21 18:02:37", "elapsed": 33474.12745475769, "delta": 24.105751276016235}, "costs": {"total_cost": 679.0013313352406, "time_cost": 150, "final_distance_cost": 62.72538397059107, "oscillation_cost": 145.9169616135155, "completition_cost": 222.2222222222222, "overshoot_cost": 54.19181041641991, "power_cost": 25.532385974121095, "noise_cost": 18.41256713837079, "n_waypoints_completed": 7, "tot_waypoints": 9}}
{"target": -1045.8872233471416, "params": {"k_pid_pos": [2.0, 0.9746220111846924, 0.0], "k_pid_alt": [1.76227867603302, 0.9962935447692871, 0.10687991976737976], "k_pid_att": [100.0, 0.3125542402267456, 0.9052540063858032], "k_pid_yaw": [0.5, 1e-06, 0.1], "k_pid_hsp": [9.909156799316406, 0.9567476511001587, 0.011368751525878906], "k_pid_vsp": [2.9375314712524414, 383.9280090332031, 70.78886413574219]}, "datetime": {"datetime": "2025-08-21 18:03:01", "elapsed": 33498.16087317467, "delta": 24.03341841697693}, "costs": {"total_cost": 1045.8872233471416, "time_cost": 150, "final_distance_cost": 52.18875295540844, "oscillation_cost": 83.118527966105, "completition_cost": 666.6666666666667, "overshoot_cost": 57.255098090281834, "power_cost": 20.2983744140625, "noise_cost": 16.359803254617006, "n_waypoints_completed": 3, "tot_waypoints": 9}}
{"target": -968.0971785123655, "params": {"k_pid_pos": [2.0, 0.8681348562240601, 1.0], "k_pid_alt": [1.9365026950836182, 1.0, 0.022932857275009155], "k_pid_att": [99.96556854248047, 0.27131927013397217, 0.9926648139953613], "k_pid_yaw": [0.5, 1e-06, 0.1], "k_pid_hsp": [9.955530166625977, 0.997071385383606, 0.0037488341331481934], "k_pid_vsp": [0.9250640869140625, 381.4154968261719, 3.0380496978759766]}, "datetime": {"datetime": "2025-08-21 18:03:24", "elapsed": 33521.27377128601, "delta": 23.112898111343384}, "costs": {"total_cost": 968.0971785123655, "time_cost": 150, "final_distance_cost": 48.63031102500709, "oscillation_cost": 127.15897301350365, "completition_cost": 555.5555555555555, "overshoot_cost": 51.838597643188244, "power_cost": 19.855732263183594, "noise_cost": 15.058009011927382, "n_waypoints_completed": 4, "tot_waypoints": 9}}
{"target": -764.3599949076664, "params": {"k_pid_pos": [2.0, 0.9970435500144958, 1.0], "k_pid_alt": [1.9546382427215576, 1.0, 0.004785478115081787], "k_pid_att": [99.99982452392578, 0.3284890949726105, 0.9947206377983093], "k_pid_yaw": [0.5, 1e-06, 0.1], "k_pid_hsp": [9.695740699768066, 0.9577465057373047, 0.0025927722454071045], "k_pid_vsp": [10.439586639404297, 396.10589599609375, 8.734238624572754]}, "datetime": {"datetime": "2025-08-21 18:03:49", "elapsed": 33546.1750061512, "delta": 24.9012348651886}, "costs": {"total_cost": 764.3599949076664, "time_cost": 150, "final_distance_cost": 59.61623007757456, "oscillation_cost": 130.9626722883675, "completition_cost": 333.33333333333337, "overshoot_cost": 53.57607903325341, "power_cost": 20.772406408691406, "noise_cost": 16.099273766446093, "n_waypoints_completed": 6, "tot_waypoints": 9}}
{"target": -804.5860969732732, "params": {"k_pid_pos": [2.0, 0.9978363513946533, 0.9999992251396179], "k_pid_alt": [1.9496431350708008, 0.9999997615814209, 0.006330549716949463], "k_pid_att": [100.0, 0.6659418940544128, 0.9326145648956299], "k_pid_yaw": [0.5, 1e-06, 0.1], "k_pid_hsp": [9.79431438446045, 0.9843224883079529, 0.08338367938995361], "k_pid_vsp": [5.3833842277526855, 397.259765625, 1.6131649017333984]}, "datetime": {"datetime": "2025-08-21 18:04:14", "elapsed": 33570.452828645706, "delta": 24.277822494506836}, "costs": {"total_cost": 804.5860969732732, "time_cost": 150, "final_distance_cost": 58.748180873504054, "oscillation_cost": 165.92220083050555, "completition_cost": 333.33333333333337, "overshoot_cost": 52.60802599454378, "power_cost": 25.27508405761719, "noise_cost": 18.6992718837692, "n_waypoints_completed": 6, "tot_waypoints": 9}}
{"target": -697.7301827967868, "params": {"k_pid_pos": [2.0, 0.9900835752487183, 1.0], "k_pid_alt": [1.958611011505127, 1.0, 0.027040868997573853], "k_pid_att": [100.0, 0.36493635177612305, 0.9919318556785583], "k_pid_yaw": [0.5, 1e-06, 0.1], "k_pid_hsp": [9.894344329833984, 0.9857006669044495, 0.011478334665298462], "k_pid_vsp": [7.0839643478393555, 396.4840087890625, 6.659329891204834]}, "datetime": {"datetime": "2025-08-21 18:04:37", "elapsed": 33594.33656167984, "delta": 23.88373303413391}, "costs": {"total_cost": 697.7301827967868, "time_cost": 150, "final_distance_cost": 70.03884175998586, "oscillation_cost": 158.7122206708992, "completition_cost": 222.2222222222222, "overshoot_cost": 57.324934359494385, "power_cost": 22.35567965087891, "noise_cost": 17.076284133306284, "n_waypoints_completed": 7, "tot_waypoints": 9}}
