{"target": -1100.0648551283616, "params": {"k_pid_pos": [2.0, 0.9847370386123657, 1.0], "k_pid_alt": [1.9757425785064697, 1.0, 0.010353118181228638], "k_pid_att": [100.0, 0.11496803164482117, 0.9974340200424194], "k_pid_yaw": [0.5, 1e-06, 0.1], "k_pid_hsp": [9.969386100769043, 0.9960567951202393, 0.0417117178440094], "k_pid_vsp": [2.030158042907715, 391.70806884765625, 43.45226287841797]}, "datetime": {"datetime": "2025-08-21 18:45:28", "elapsed": 36044.833033800125, "delta": 25.507769346237183}, "costs": {"total_cost": 1100.0648551283616, "time_cost": 150, "final_distance_cost": 56.26465965960618, "oscillation_cost": 138.16034639858552, "completition_cost": 666.6666666666667, "overshoot_cost": 52.7538155189765, "power_cost": 21.21387293701172, "noise_cost": 15.00549394751479, "n_waypoints_completed": 3, "tot_waypoints": 9}}
{"target": -757.7959500252986, "params": {"k_pid_pos": [2.0, 0.9984394907951355, 0.9999998807907104], "k_pid_alt": [1.9902167320251465, 1.0, 0.010660648345947266], "k_pid_att": [100.0, 0.215488463640213, 0.9955629110336304], "k_pid_yaw": [0.5, 1e-06, 0.1], "k_pid_hsp": [9.736872673034668, 0.9866098761558533, 0.011650323867797852], "k_pid_vsp": [12.27104663848877, 399.275634765625, 6.962884426116943]}, "datetime": {"datetime": "2025-08-21 18:45:55", "elapsed": 36071.822555065155, "delta": 26.989521265029907}, "costs": {"total_cost": 757.7959500252986, "time_cost": 150, "final_distance_cost": 52.24177025824459, "oscillation_cost": 135.7783302203143, "completition_cost": 333.33333333333337, "overshoot_cost": 48.38394315935208, "power_cost": 21.22166905517578, "noise_cost": 16.836903998878505, "n_waypoints_completed": 6, "tot_waypoints": 9}}
{"target": -719.7104390242766, "params": {"k_pid_pos": [2.0, 0.9732517004013062, 1.0], "k_pid_alt": [1.9945077896118164, 1.0, 0.027944087982177734], "k_pid_att": [99.99881744384766, 0.08420727401971817, 0.9906781315803528], "k_pid_yaw": [0.5, 1e-06, 0.1], "k_pid_hsp": [9.90080451965332, 0.9403895139694214, 0.01119890809059143], "k_pid_vsp": [8.283269882202148, 398.5535583496094, 14.491320610046387]}, "datetime": {"datetime": "2025-08-21 18:46:20", "elapsed": 36096.67610311508, "delta": 24.853548049926758}, "costs": {"total_cost": 719.7104390242766, "time_cost": 150, "final_distance_cost": 71.31985743764663, "oscillation_cost": 186.77977083974992, "completition_cost": 222.2222222222222, "overshoot_cost": 51.79321671363424, "power_cost": 21.45890732421875, "noise_cost": 16.136464486804837, "n_waypoints_completed": 7, "tot_waypoints": 9}}
{"target": -1069.4523361303113, "params": {"k_pid_pos": [2.0, 0.9825924038887024, 0.7430860996246338], "k_pid_alt": [1.977622628211975, 1.0, 0.3004399538040161], "k_pid_att": [99.99073791503906, 0.1624283492565155, 0.9455380439758301], "k_pid_yaw": [0.5, 1e-06, 0.1], "k_pid_hsp": [9.68883228302002, 0.9968743920326233, 0.0031448304653167725], "k_pid_vsp": [24.901687622070312, 395.3141174316406, 4.11816930770874]}, "datetime": {"datetime": "2025-08-21 18:46:43", "elapsed": 36120.24981427193, "delta": 23.573711156845093}, "costs": {"total_cost": 1069.4523361303113, "time_cost": 150, "final_distance_cost": 60.129529843570445, "oscillation_cost": 104.70297172786671, "completition_cost": 666.6666666666667, "overshoot_cost": 50.94516905652804, "power_cost": 21.76643006591797, "noise_cost": 15.24156876976114, "n_waypoints_completed": 3, "tot_waypoints": 9}}
{"target": -885.7785515573563, "params": {"k_pid_pos": [2.0, 0.9175601005554199, 0.18813222646713257], "k_pid_alt": [1.9849340915679932, 1.0, 0.01720881462097168], "k_pid_att": [99.84136962890625, 0.07395031303167343, 0.9966261386871338], "k_pid_yaw": [0.5, 1e-06, 0.1], "k_pid_hsp": [9.733777046203613, 0.9903309345245361, 0.05095568299293518], "k_pid_vsp": [6.646728515625, 394.921875, 2.3813018798828125]}, "datetime": {"datetime": "2025-08-21 18:47:08", "elapsed": 36144.473057985306, "delta": 24.223243713378906}, "costs": {"total_cost": 885.7785515573563, "time_cost": 150, "final_distance_cost": 66.1419693569263, "oscillation_cost": 122.17016098956749, "completition_cost": 444.4444444444444, "overshoot_cost": 67.4535014271318, "power_cost": 20.308525500488283, "noise_cost": 15.259949838798038, "n_waypoints_completed": 5, "tot_waypoints": 9}}
{"target": -1194.73663672154, "params": {"k_pid_pos": [2.0, 0.9748207330703735, 0.00038436055183410645], "k_pid_alt": [1.9228012561798096, 0.9999998807907104, 0.010889053344726562], "k_pid_att": [100.0, 0.5103309154510498, 0.9943763017654419], "k_pid_yaw": [0.5, 1e-06, 0.1], "k_pid_hsp": [9.755342483520508, 0.9944216012954712, 0.016812056303024292], "k_pid_vsp": [3.5743355751037598, 396.0940246582031, 6.576872825622559]}, "datetime": {"datetime": "2025-08-21 18:47:32", "elapsed": 36168.62398433685, "delta": 24.15092635154724}, "costs": {"total_cost": 1194.73663672154, "time_cost": 150, "final_distance_cost": 99.82140185229994, "oscillation_cost": 84.06627256210432, "completition_cost": 777.7777777777778, "overshoot_cost": 43.08719416669429, "power_cost": 23.898489001464846, "noise_cost": 16.085501361198702, "n_waypoints_completed": 2, "tot_waypoints": 9}}
{"target": -921.7627905107155, "params": {"k_pid_pos": [2.0, 0.9871604442596436, 0.9990034103393555], "k_pid_alt": [1.9230890274047852, 1.0, 0.030165433883666992], "k_pid_att": [100.0, 0.06937093287706375, 0.9858121871948242], "k_pid_yaw": [0.5, 1e-06, 0.1], "k_pid_hsp": [9.894255638122559, 0.9983586668968201, 0.04187464714050293], "k_pid_vsp": [3.6754369735717773, 398.28314208984375, 6.0099968910217285]}, "datetime": {"datetime": "2025-08-21 18:47:54", "elapsed": 36191.05828285217, "delta": 22.434298515319824}, "costs": {"total_cost": 921.7627905107155, "time_cost": 150, "final_distance_cost": 46.90061880435269, "oscillation_cost": 194.07318906327393, "completition_cost": 444.4444444444444, "overshoot_cost": 52.369337239395904, "power_cost": 18.950968115234375, "noise_cost": 15.024232844014252, "n_waypoints_completed": 5, "tot_waypoints": 9}}
{"target": -699.5267998000046, "params": {"k_pid_pos": [2.0, 0.9963800311088562, 0.9999963641166687], "k_pid_alt": [1.9757201671600342, 0.9999998807907104, 0.01044529676437378], "k_pid_att": [100.0, 0.04990484565496445, 0.9930557012557983], "k_pid_yaw": [0.5, 1e-06, 0.1], "k_pid_hsp": [9.782540321350098, 0.9942824840545654, 0.0048396289348602295], "k_pid_vsp": [7.100856304168701, 339.23553466796875, 3.219974994659424]}, "datetime": {"datetime": "2025-08-21 18:48:20", "elapsed": 36217.148909807205, "delta": 26.09062695503235}, "costs": {"total_cost": 699.5267998000046, "time_cost": 150, "final_distance_cost": 67.89861667220103, "oscillation_cost": 170.13432292142892, "completition_cost": 222.2222222222222, "overshoot_cost": 51.44909880274619, "power_cost": 21.730944567871095, "noise_cost": 16.091594613535094, "n_waypoints_completed": 7, "tot_waypoints": 9}}
{"target": -1180.6069701550714, "params": {"k_pid_pos": [2.0, 0.9792168140411377, 2.592802047729492e-06], "k_pid_alt": [1.9051032066345215, 1.0, 0.01488649845123291], "k_pid_att": [100.0, 0.15802957117557526, 0.9478150606155396], "k_pid_yaw": [0.5, 1e-06, 0.1], "k_pid_hsp": [9.944701194763184, 0.9966803789138794, 0.0061140358448028564], "k_pid_vsp": [2.472352981567383, 395.8716735839844, 6.089402198791504]}, "datetime": {"datetime": "2025-08-21 18:48:44", "elapsed": 36240.99281620979, "delta": 23.84390640258789}, "costs": {"total_cost": 1180.6069701550714, "time_cost": 150, "final_distance_cost": 88.6184087703992, "oscillation_cost": 82.78308731789534, "completition_cost": 777.7777777777778, "overshoot_cost": 46.687399828058936, "power_cost": 20.674967822265625, "noise_cost": 14.06532863867427, "n_waypoints_completed": 2, "tot_waypoints": 9}}
{"target": -1281.3915326593603, "params": {"k_pid_pos": [1.999999761581421, 0.9697694778442383, 0.015366554260253906], "k_pid_alt": [1.961220145225525, 1.0, 0.0241299569606781], "k_pid_att": [100.0, 0.11673469096422195, 0.9830241799354553], "k_pid_yaw": [0.5, 1e-06, 0.1], "k_pid_hsp": [9.963655471801758, 0.9968817234039307, 0.08075058460235596], "k_pid_vsp": [7.150006294250488, 395.5805358886719, 5.505717754364014]}, "datetime": {"datetime": "2025-08-21 18:49:07", "elapsed": 36263.94960856438, "delta": 22.95679235458374}, "costs": {"total_cost": 1281.3915326593603, "time_cost": 150, "final_distance_cost": 50.43699112601299, "oscillation_cost": 106.89659607641991, "completition_cost": 888.8888888888888, "overshoot_cost": 46.10821961622583, "power_cost": 23.147669677734378, "noise_cost": 15.913167274078285, "n_waypoints_completed": 1, "tot_waypoints": 9}}
{"target": -811.4983767261728, "params": {"k_pid_pos": [2.0, 0.9868570566177368, 0.9999997615814209], "k_pid_alt": [1.9633569717407227, 1.0, 0.027952581644058228], "k_pid_att": [100.0, 1.6262882947921753, 0.9904660582542419], "k_pid_yaw": [0.5, 1e-06, 0.1], "k_pid_hsp": [9.934979438781738, 0.9747371673583984, 0.055482715368270874], "k_pid_vsp": [1.8595337867736816, 398.7089538574219, 1.3377676010131836]}, "datetime": {"datetime": "2025-08-21 18:49:31", "elapsed": 36288.32086777687, "delta": 24.371259212493896}, "costs": {"total_cost": 811.4983767261728, "time_cost": 150, "final_distance_cost": 69.31965250069392, "oscillation_cost": 166.4660190380925, "completition_cost": 333.33333333333337, "overshoot_cost": 51.66857475736242, "power_cost": 23.402196020507812, "noise_cost": 17.308601076182633, "n_waypoints_completed": 6, "tot_waypoints": 9}}
{"target": -968.395281042819, "params": {"k_pid_pos": [1.9999985694885254, 0.9908034801483154, 0.9999996423721313], "k_pid_alt": [1.9717402458190918, 1.0, 0.007539331912994385], "k_pid_att": [100.0, 0.16289296746253967, 0.9897371530532837], "k_pid_yaw": [0.5, 1e-06, 0.1], "k_pid_hsp": [9.94432544708252, 0.9941668510437012, 0.01551768183708191], "k_pid_vsp": [78.74429321289062, 390.44610595703125, 3.021956443786621]}, "datetime": {"datetime": "2025-08-21 18:49:56", "elapsed": 36312.71189856529, "delta": 24.39103078842163}, "costs": {"total_cost": 968.395281042819, "time_cost": 150, "final_distance_cost": 51.42830403225136, "oscillation_cost": 125.35091653345158, "completition_cost": 555.5555555555555, "overshoot_cost": 48.66953944774757, "power_cost": 20.65155467529297, "noise_cost": 16.739410798520026, "n_waypoints_completed": 4, "tot_waypoints": 9}}
{"target": -570.4329380221325, "params": {"k_pid_pos": [2.0, 0.9595426321029663, 0.9284761548042297], "k_pid_alt": [1.9853538274765015, 1.0, 0.014748334884643555], "k_pid_att": [100.0, 0.04068976268172264, 0.9947226643562317], "k_pid_yaw": [0.5, 1e-06, 0.1], "k_pid_hsp": [9.896265983581543, 0.9761745929718018, 0.008239984512329102], "k_pid_vsp": [3.24554443359375, 394.3422546386719, 0.9497175812721252]}, "datetime": {"datetime": "2025-08-21 18:50:19", "elapsed": 36336.13899064064, "delta": 23.4270920753479}, "costs": {"total_cost": 570.4329380221325, "time_cost": 150, "final_distance_cost": 65.55912209935633, "oscillation_cost": 144.9615791684761, "completition_cost": 111.11111111111116, "overshoot_cost": 58.7443236860715, "power_cost": 23.821285070800784, "noise_cost": 16.235516886316674, "n_waypoints_completed": 8, "tot_waypoints": 9}}
{"target": -1168.3075725324902, "params": {"k_pid_pos": [1.9999879598617554, 0.995619535446167, 0.27470993995666504], "k_pid_alt": [1.9708657264709473, 1.0, 0.07829868793487549], "k_pid_att": [100.0, 0.08392802625894547, 0.9885380268096924], "k_pid_yaw": [0.5, 1e-06, 0.1], "k_pid_hsp": [9.785154342651367, 0.9980231523513794, 0.006358206272125244], "k_pid_vsp": [1.4037370681762695, 397.6398010253906, 1.725257396697998]}, "datetime": {"datetime": "2025-08-21 18:50:44", "elapsed": 36360.930354595184, "delta": 24.791363954544067}, "costs": {"total_cost": 1168.3075725324902, "time_cost": 150, "final_distance_cost": 74.45720350264618, "oscillation_cost": 88.58870513643946, "completition_cost": 777.7777777777778, "overshoot_cost": 40.18266778788379, "power_cost": 22.28349968261719, "noise_cost": 15.017718645125777, "n_waypoints_completed": 2, "tot_waypoints": 9}}
{"target": -887.2317491945869, "params": {"k_pid_pos": [2.0, 0.9899954795837402, 0.9999998807907104], "k_pid_alt": [1.9893776178359985, 0.9999996423721313, 0.007268995046615601], "k_pid_att": [100.0, 0.2587350606918335, 0.9821473360061646], "k_pid_yaw": [0.5, 1e-06, 0.1], "k_pid_hsp": [8.331162452697754, 0.9952212572097778, 0.018747925758361816], "k_pid_vsp": [2.110743522644043, 381.6788024902344, 5.851961135864258]}, "datetime": {"datetime": "2025-08-21 18:51:08", "elapsed": 36384.44246959686, "delta": 23.512115001678467}, "costs": {"total_cost": 887.2317491945869, "time_cost": 150, "final_distance_cost": 50.288458230018584, "oscillation_cost": 137.24463901065212, "completition_cost": 444.4444444444444, "overshoot_cost": 59.04227317847389, "power_cost": 26.680082751464845, "noise_cost": 19.53185157953307, "n_waypoints_completed": 5, "tot_waypoints": 9}}
{"target": -823.7550105181798, "params": {"k_pid_pos": [2.0, 0.9942577481269836, 1.0], "k_pid_alt": [1.8936824798583984, 1.0, 0.005172371864318848], "k_pid_att": [100.0, 0.04742800071835518, 0.989739179611206], "k_pid_yaw": [0.5, 1e-06, 0.1], "k_pid_hsp": [9.969326972961426, 0.9501135349273682, 0.1109689474105835], "k_pid_vsp": [23.122894287109375, 384.1800537109375, 1.3394722938537598]}, "datetime": {"datetime": "2025-08-21 18:51:33", "elapsed": 36409.50019478798, "delta": 25.057725191116333}, "costs": {"total_cost": 823.7550105181798, "time_cost": 150, "final_distance_cost": 54.578614085786164, "oscillation_cost": 173.31592080132532, "completition_cost": 333.33333333333337, "overshoot_cost": 61.310293227302786, "power_cost": 28.591822827148437, "noise_cost": 22.625026243283745, "n_waypoints_completed": 6, "tot_waypoints": 9}}
{"target": -932.3680786791169, "params": {"k_pid_pos": [2.0, 0.941094160079956, 9.223818778991699e-05], "k_pid_alt": [1.988450288772583, 0.9998389482498169, 0.1758837103843689], "k_pid_att": [100.0, 0.46178698539733887, 0.9760748147964478], "k_pid_yaw": [0.5, 1e-06, 0.1], "k_pid_hsp": [9.919859886169434, 0.9959356188774109, 0.002953469753265381], "k_pid_vsp": [10.118209838867188, 389.13665771484375, 2.103806495666504]}, "datetime": {"datetime": "2025-08-21 18:51:56", "elapsed": 36433.16454911232, "delta": 23.66435432434082}, "costs": {"total_cost": 932.3680786791169, "time_cost": 150, "final_distance_cost": 53.29326752950732, "oscillation_cost": 77.23251630520335, "completition_cost": 555.5555555555555, "overshoot_cost": 56.490396160067725, "power_cost": 22.90392496337891, "noise_cost": 16.892418165404187, "n_waypoints_completed": 4, "tot_waypoints": 9}}
{"target": -844.7246985735618, "params": {"k_pid_pos": [2.0, 0.9405182600021362, 0.3782341182231903], "k_pid_alt": [1.987984299659729, 0.9880584478378296, 0.01079609990119934], "k_pid_att": [98.7472152709961, 0.014501231722533703, 0.9976037740707397], "k_pid_yaw": [0.5, 1e-06, 0.1], "k_pid_hsp": [9.955389022827148, 0.9303216338157654, 0.03136855363845825], "k_pid_vsp": [16.35599136352539, 394.4892272949219, 0.7816086411476135]}, "datetime": {"datetime": "2025-08-21 18:52:19", "elapsed": 36456.42286324501, "delta": 23.25831413269043}, "costs": {"total_cost": 844.7246985735618, "time_cost": 150, "final_distance_cost": 46.525150856368036, "oscillation_cost": 112.63980833663331, "completition_cost": 444.4444444444444, "overshoot_cost": 53.70074015041076, "power_cost": 21.44377830810547, "noise_cost": 15.970776477599832, "n_waypoints_completed": 5, "tot_waypoints": 9}}
{"target": -658.1527208562236, "params": {"k_pid_pos": [2.0, 0.9875410199165344, 0.9999990463256836], "k_pid_alt": [1.9776864051818848, 1.0, 0.02187955379486084], "k_pid_att": [100.0, 0.3708362579345703, 0.955182671546936], "k_pid_yaw": [0.5, 1e-06, 0.1], "k_pid_hsp": [9.582263946533203, 0.9684561491012573, 0.005863994359970093], "k_pid_vsp": [1.8358707427978516, 391.6067810058594, 2.7372846603393555]}, "datetime": {"datetime": "2025-08-21 18:52:43", "elapsed": 36480.13933801651, "delta": 23.716474771499634}, "costs": {"total_cost": 658.1527208562236, "time_cost": 150, "final_distance_cost": 63.283854722715155, "oscillation_cost": 121.29459140074657, "completition_cost": 222.2222222222222, "overshoot_cost": 54.41649109419615, "power_cost": 26.96680574951172, "noise_cost": 19.968755666831758, "n_waypoints_completed": 7, "tot_waypoints": 9}}
{"target": -656.3467720530912, "params": {"k_pid_pos": [2.0, 0.9591741561889648, 0.9999998807907104], "k_pid_alt": [1.9530739784240723, 1.0, 0.027523696422576904], "k_pid_att": [100.0, 0.06677994132041931, 0.9924048185348511], "k_pid_yaw": [0.5, 1e-06, 0.1], "k_pid_hsp": [9.73421859741211, 0.964130699634552, 0.004269450902938843], "k_pid_vsp": [11.263763427734375, 396.03857421875, 20.06114959716797]}, "datetime": {"datetime": "2025-08-21 18:53:07", "elapsed": 36503.579619169235, "delta": 23.44028115272522}, "costs": {"total_cost": 656.3467720530912, "time_cost": 150, "final_distance_cost": 65.83844020250578, "oscillation_cost": 119.99178848194, "completition_cost": 222.2222222222222, "overshoot_cost": 53.101162731899784, "power_cost": 25.944343957519532, "noise_cost": 19.248814457003895, "n_waypoints_completed": 7, "tot_waypoints": 9}}
{"target": -669.8252650943381, "params": {"k_pid_pos": [2.0, 0.9947801828384399, 1.0], "k_pid_alt": [1.9570379257202148, 0.999996542930603, 0.0076011717319488525], "k_pid_att": [100.0, 0.19259127974510193, 0.9510358572006226], "k_pid_yaw": [0.5, 1e-06, 0.1], "k_pid_hsp": [7.291478157043457, 0.9805402755737305, 0.013665080070495605], "k_pid_vsp": [10.816133499145508, 378.5991516113281, 28.779651641845703]}, "datetime": {"datetime": "2025-08-21 18:53:30", "elapsed": 36527.03401851654, "delta": 23.454399347305298}, "costs": {"total_cost": 669.8252650943381, "time_cost": 150, "final_distance_cost": 72.56342490727792, "oscillation_cost": 136.53077773110803, "completition_cost": 222.2222222222222, "overshoot_cost": 53.175464475741286, "power_cost": 20.83175349121094, "noise_cost": 14.501622266777725, "n_waypoints_completed": 7, "tot_waypoints": 9}}
{"target": -903.3794291994858, "params": {"k_pid_pos": [2.0, 0.9678539633750916, 0.9999573230743408], "k_pid_alt": [1.9759182929992676, 1.0, 0.01682823896408081], "k_pid_att": [100.0, 0.12117012590169907, 0.9853363037109375], "k_pid_yaw": [0.5, 1e-06, 0.1], "k_pid_hsp": [9.70172119140625, 0.9479299783706665, 0.006304144859313965], "k_pid_vsp": [6.201493740081787, 391.11871337890625, 1.3055334091186523]}, "datetime": {"datetime": "2025-08-21 18:53:57", "elapsed": 36553.86583304405, "delta": 26.831814527511597}, "costs": {"total_cost": 903.3794291994858, "time_cost": 150, "final_distance_cost": 48.92334412498954, "oscillation_cost": 169.85544864541916, "completition_cost": 444.4444444444444, "overshoot_cost": 54.24726287699184, "power_cost": 21.13513243408203, "noise_cost": 14.77379667355889, "n_waypoints_completed": 5, "tot_waypoints": 9}}
{"target": -827.544411555045, "params": {"k_pid_pos": [2.0, 0.9402592778205872, 0.41851890087127686], "k_pid_alt": [1.9886095523834229, 1.0, 0.006320595741271973], "k_pid_att": [100.0, 0.2224576771259308, 0.9647098779678345], "k_pid_yaw": [0.5, 1e-06, 0.1], "k_pid_hsp": [9.829687118530273, 0.9807919263839722, 0.0976923406124115], "k_pid_vsp": [11.145639419555664, 392.4904479980469, 4.287315368652344]}, "datetime": {"datetime": "2025-08-21 18:54:20", "elapsed": 36577.32822585106, "delta": 23.462392807006836}, "costs": {"total_cost": 827.544411555045, "time_cost": 150, "final_distance_cost": 66.36506842611726, "oscillation_cost": 192.70133070636766, "completition_cost": 333.33333333333337, "overshoot_cost": 49.250222768369916, "power_cost": 20.44205594482422, "noise_cost": 15.452400376032688, "n_waypoints_completed": 6, "tot_waypoints": 9}}
{"target": -564.7070693812788, "params": {"k_pid_pos": [2.0, 0.97165846824646, 1.0], "k_pid_alt": [1.9734301567077637, 1.0, 0.029940247535705566], "k_pid_att": [100.0, 0.04608660936355591, 0.9772849082946777], "k_pid_yaw": [0.5, 1e-06, 0.1], "k_pid_hsp": [9.947932243347168, 0.9907130002975464, 0.0076018571853637695], "k_pid_vsp": [4.401850700378418, 389.576171875, 23.464872360229492]}, "datetime": {"datetime": "2025-08-21 18:54:45", "elapsed": 36601.45062208176, "delta": 24.122396230697632}, "costs": {"total_cost": 564.7070693812788, "time_cost": 150, "final_distance_cost": 58.714813520009, "oscillation_cost": 145.715761044048, "completition_cost": 111.11111111111116, "overshoot_cost": 60.684141624968504, "power_cost": 22.834506604003906, "noise_cost": 15.6467354771382, "n_waypoints_completed": 8, "tot_waypoints": 9}}
{"target": -1378.4040149260466, "params": {"k_pid_pos": [0.05326927453279495, 0.9952602386474609, 1.0], "k_pid_alt": [1.9883842468261719, 1.0, 0.008089989423751831], "k_pid_att": [100.0, 0.1381489336490631, 0.991129457950592], "k_pid_yaw": [0.5, 1e-06, 0.1], "k_pid_hsp": [9.493371963500977, 0.9863704442977905, 0.006234109401702881], "k_pid_vsp": [12.947332382202148, 399.8867492675781, 3.3094534873962402]}, "datetime": {"datetime": "2025-08-21 18:55:09", "elapsed": 36625.44833111763, "delta": 23.997709035873413}, "costs": {"total_cost": 1378.4040149260466, "time_cost": 150, "final_distance_cost": 40.90782693828495, "oscillation_cost": 103.08301733163141, "completition_cost": 1000.0, "overshoot_cost": 40.36062865139572, "power_cost": 26.33075693359375, "noise_cost": 17.721785071140857, "n_waypoints_completed": 0, "tot_waypoints": 9}}
