{"target": -1268.5427930356252, "params": {"k_pid_pos": [2.0, 0.9150041341781616, 2.9802322387695312e-08], "k_pid_alt": [1.9365909099578857, 0.684414803981781, 0.009396344423294067], "k_pid_att": [100.0, 0.046877555549144745, 0.9838067293167114], "k_pid_yaw": [0.5, 1e-06, 0.1], "k_pid_hsp": [9.838910102844238, 0.9611117243766785, 0.014678001403808594], "k_pid_vsp": [16.536272048950195, 392.16326904296875, 7.440317630767822]}, "datetime": {"datetime": "2025-08-21 11:41:52", "elapsed": 10628.922106266022, "delta": 23.05792760848999}, "costs": {"total_cost": 1268.5427930356252, "time_cost": 150, "final_distance_cost": 71.22053792478228, "oscillation_cost": 78.21393173792524, "completition_cost": 888.8888888888888, "overshoot_cost": 42.20213121179257, "power_cost": 22.54152692871094, "noise_cost": 15.475776343525226, "n_waypoints_completed": 1, "tot_waypoints": 9}}
{"target": -987.9503935649059, "params": {"k_pid_pos": [2.0, 0.9202240109443665, 0.0], "k_pid_alt": [1.9864386320114136, 0.9924373626708984, 0.012520670890808105], "k_pid_att": [100.0, 0.3928230106830597, 0.9690711498260498], "k_pid_yaw": [0.5, 1e-06, 0.1], "k_pid_hsp": [8.673274993896484, 0.9297753572463989, 0.12912321090698242], "k_pid_vsp": [34.32986831665039, 393.3332824707031, 97.3988265991211]}, "datetime": {"datetime": "2025-08-21 11:42:15", "elapsed": 10652.307793140411, "delta": 23.38568687438965}, "costs": {"total_cost": 987.9503935649059, "time_cost": 150, "final_distance_cost": 54.1444016835127, "oscillation_cost": 119.06127019715095, "completition_cost": 555.5555555555555, "overshoot_cost": 61.01567469648985, "power_cost": 27.741379235839844, "noise_cost": 20.432112196356876, "n_waypoints_completed": 4, "tot_waypoints": 9}}
{"target": -1351.5550546198765, "params": {"k_pid_pos": [2.0, 0.9901933670043945, 0.0], "k_pid_alt": [1.9798245429992676, 0.9999998807907104, 0.02401861548423767], "k_pid_att": [88.32978820800781, 0.08439413458108902, 0.9865943193435669], "k_pid_yaw": [0.5, 1e-06, 0.1], "k_pid_hsp": [9.078207969665527, 0.9925490021705627, 0.03273111581802368], "k_pid_vsp": [43.49208068847656, 372.8837585449219, 13.65416145324707]}, "datetime": {"datetime": "2025-08-21 11:42:38", "elapsed": 10675.3852891922, "delta": 23.07749605178833}, "costs": {"total_cost": 1351.5550546198765, "time_cost": 150, "final_distance_cost": 45.38756255249894, "oscillation_cost": 89.53523003628038, "completition_cost": 1000.0, "overshoot_cost": 34.83260079345732, "power_cost": 18.14987100830078, "noise_cost": 13.649790229339077, "n_waypoints_completed": 0, "tot_waypoints": 9}}
{"target": -616.7547533516682, "params": {"k_pid_pos": [1.9999996423721313, 0.8968402147293091, 1.0699033737182617e-05], "k_pid_alt": [1.964440107345581, 0.999643087387085, 0.05036357045173645], "k_pid_att": [99.99990844726562, 1.0192582607269287, 0.9355329871177673], "k_pid_yaw": [0.5, 1e-06, 0.1], "k_pid_hsp": [9.83265209197998, 0.9862202405929565, 0.0020700395107269287], "k_pid_vsp": [89.14415740966797, 379.0975036621094, 102.37068939208984]}, "datetime": {"datetime": "2025-08-21 11:43:02", "elapsed": 10698.606737852097, "delta": 23.22144865989685}, "costs": {"total_cost": 616.7547533516682, "time_cost": 150, "final_distance_cost": 77.50993791925065, "oscillation_cost": 74.44729008140801, "completition_cost": 222.2222222222222, "overshoot_cost": 54.43267770511231, "power_cost": 22.281404809570315, "noise_cost": 15.861220614104857, "n_waypoints_completed": 7, "tot_waypoints": 9}}
{"target": -884.1321166475105, "params": {"k_pid_pos": [2.0, 0.9604696035385132, 0.763124942779541], "k_pid_alt": [1.8098843097686768, 1.0, 0.04472091794013977], "k_pid_att": [100.0, 1.2051395177841187, 0.9935846924781799], "k_pid_yaw": [0.5, 1e-06, 0.1], "k_pid_hsp": [9.628482818603516, 0.9631519317626953, 0.042709678411483765], "k_pid_vsp": [4.432284832000732, 391.6642150878906, 39.84153366088867]}, "datetime": {"datetime": "2025-08-21 11:43:25", "elapsed": 10721.961561203003, "delta": 23.354823350906372}, "costs": {"total_cost": 884.1321166475105, "time_cost": 150, "final_distance_cost": 64.60038861385372, "oscillation_cost": 130.21523525217427, "completition_cost": 444.4444444444444, "overshoot_cost": 53.00912196224574, "power_cost": 23.86888104248047, "noise_cost": 17.994045332311856, "n_waypoints_completed": 5, "tot_waypoints": 9}}
{"target": -826.7428758949926, "params": {"k_pid_pos": [2.0, 0.9834467172622681, 0.10282674431800842], "k_pid_alt": [1.8666162490844727, 0.26597875356674194, 0.12549230456352234], "k_pid_att": [100.0, 0.3217937648296356, 0.925728440284729], "k_pid_yaw": [0.5, 1e-06, 0.1], "k_pid_hsp": [9.675585746765137, 0.9829134941101074, 0.011009573936462402], "k_pid_vsp": [6.526839733123779, 392.20770263671875, 8.090520858764648]}, "datetime": {"datetime": "2025-08-21 11:43:48", "elapsed": 10745.359292507172, "delta": 23.3977313041687}, "costs": {"total_cost": 826.7428758949926, "time_cost": 150, "final_distance_cost": 39.717824795764884, "oscillation_cost": 104.71748544479821, "completition_cost": 444.4444444444444, "overshoot_cost": 54.69090910486049, "power_cost": 19.392293688964845, "noise_cost": 13.779918416159694, "n_waypoints_completed": 5, "tot_waypoints": 9}}
{"target": -1040.777167041743, "params": {"k_pid_pos": [0.6372612118721008, 0.9858759641647339, 0.8326905965805054], "k_pid_alt": [1.9748270511627197, 0.9999995231628418, 0.027220606803894043], "k_pid_att": [100.0, 0.1858902871608734, 0.9936127662658691], "k_pid_yaw": [0.5, 1e-06, 0.1], "k_pid_hsp": [9.386551856994629, 0.9642712473869324, 0.058724433183670044], "k_pid_vsp": [22.577333450317383, 389.41070556640625, 20.288469314575195]}, "datetime": {"datetime": "2025-08-21 11:44:12", "elapsed": 10768.678649663925, "delta": 23.31935715675354}, "costs": {"total_cost": 1040.777167041743, "time_cost": 150, "final_distance_cost": 49.465325068577826, "oscillation_cost": 201.71050920574248, "completition_cost": 555.5555555555555, "overshoot_cost": 43.06439891164031, "power_cost": 23.229436853027345, "noise_cost": 17.75194144719958, "n_waypoints_completed": 4, "tot_waypoints": 9}}
{"target": -1376.606599229203, "params": {"k_pid_pos": [2.0, 0.8774144649505615, 4.1604042053222656e-05], "k_pid_alt": [1.9775700569152832, 1.0, 0.014312207698822021], "k_pid_att": [100.0, 0.09730257838964462, 0.9457041025161743], "k_pid_yaw": [0.5, 1e-06, 0.1], "k_pid_hsp": [9.750265121459961, 0.9436571598052979, 0.0467529296875], "k_pid_vsp": [4.432737827301025, 384.88775634765625, 31.149019241333008]}, "datetime": {"datetime": "2025-08-21 11:44:35", "elapsed": 10791.873166799545, "delta": 23.194517135620117}, "costs": {"total_cost": 1376.606599229203, "time_cost": 150, "final_distance_cost": 48.09493029187049, "oscillation_cost": 99.0673909570523, "completition_cost": 1000.0, "overshoot_cost": 44.67632083597845, "power_cost": 20.366363488769533, "noise_cost": 14.40159365553233, "n_waypoints_completed": 0, "tot_waypoints": 9}}
{"target": -1259.8015706346218, "params": {"k_pid_pos": [1.99998140335083, 0.9709383249282837, 4.9173831939697266e-05], "k_pid_alt": [1.9882781505584717, 1.0, 0.010550767183303833], "k_pid_att": [100.0, 0.22429496049880981, 0.929643988609314], "k_pid_yaw": [0.5, 1e-06, 0.1], "k_pid_hsp": [9.771973609924316, 0.9900909066200256, 0.042311012744903564], "k_pid_vsp": [93.72698974609375, 398.135986328125, 152.04876708984375]}, "datetime": {"datetime": "2025-08-21 11:44:58", "elapsed": 10815.240633487701, "delta": 23.367466688156128}, "costs": {"total_cost": 1259.8015706346218, "time_cost": 150, "final_distance_cost": 65.84277550499645, "oscillation_cost": 72.42721281029065, "completition_cost": 888.8888888888888, "overshoot_cost": 41.589335032461186, "power_cost": 23.87722595214844, "noise_cost": 17.176132445836462, "n_waypoints_completed": 1, "tot_waypoints": 9}}
{"target": -1348.8195030703932, "params": {"k_pid_pos": [0.18661756813526154, 0.9390321969985962, 0.0], "k_pid_alt": [1.9755430221557617, 0.9849947690963745, 0.012103557586669922], "k_pid_att": [100.0, 0.4241616427898407, 0.9906419515609741], "k_pid_yaw": [0.5, 1e-06, 0.1], "k_pid_hsp": [9.826152801513672, 0.982559084892273, 0.042801856994628906], "k_pid_vsp": [15.08934497833252, 390.5389099121094, 33.4243049621582]}, "datetime": {"datetime": "2025-08-21 11:45:22", "elapsed": 10838.42938709259, "delta": 23.188753604888916}, "costs": {"total_cost": 1348.8195030703932, "time_cost": 150, "final_distance_cost": 42.47074376457776, "oscillation_cost": 77.6477456134583, "completition_cost": 1000.0, "overshoot_cost": 41.328284203160266, "power_cost": 22.071367639160158, "noise_cost": 15.301361850036757, "n_waypoints_completed": 0, "tot_waypoints": 9}}
{"target": -1174.490817614856, "params": {"k_pid_pos": [0.0002681362966541201, 0.9924852848052979, 4.827976226806641e-06], "k_pid_alt": [1.8831110000610352, 1.0, 0.01986783742904663], "k_pid_att": [100.0, 0.482822448015213, 0.9950786828994751], "k_pid_yaw": [0.5, 1e-06, 0.1], "k_pid_hsp": [9.839285850524902, 0.9661026000976562, 0.006207019090652466], "k_pid_vsp": [47.101356506347656, 373.64569091796875, 4.351569175720215]}, "datetime": {"datetime": "2025-08-21 11:45:45", "elapsed": 10862.026706457138, "delta": 23.59731936454773}, "costs": {"total_cost": 1174.490817614856, "time_cost": 150, "final_distance_cost": 83.50392494400788, "oscillation_cost": 71.40547868718576, "completition_cost": 777.7777777777778, "overshoot_cost": 53.390474134452234, "power_cost": 22.13839912109375, "noise_cost": 16.274762950338825, "n_waypoints_completed": 2, "tot_waypoints": 9}}
{"target": -1357.2733602768938, "params": {"k_pid_pos": [2.0, 0.9894490242004395, 2.7179718017578125e-05], "k_pid_alt": [1.9859777688980103, 1.0, 0.022285163402557373], "k_pid_att": [100.0, 0.13317081332206726, 0.9625498056411743], "k_pid_yaw": [0.5, 1e-06, 0.1], "k_pid_hsp": [9.921952247619629, 0.8234732151031494, 0.04740244150161743], "k_pid_vsp": [24.963653564453125, 397.9667053222656, 2.5115737915039062]}, "datetime": {"datetime": "2025-08-21 11:46:09", "elapsed": 10885.432916879654, "delta": 23.40621042251587}, "costs": {"total_cost": 1357.2733602768938, "time_cost": 150, "final_distance_cost": 43.308806084212506, "oscillation_cost": 103.24710611961717, "completition_cost": 1000.0, "overshoot_cost": 30.45556242108889, "power_cost": 16.838252783203124, "noise_cost": 13.423632868771964, "n_waypoints_completed": 0, "tot_waypoints": 9}}
{"target": -1364.8740266258897, "params": {"k_pid_pos": [1.9999991655349731, 0.9972809553146362, 0.0], "k_pid_alt": [1.8834953308105469, 0.3556109666824341, 0.06415706872940063], "k_pid_att": [99.99999237060547, 0.6585628986358643, 0.9867994785308838], "k_pid_yaw": [0.5, 1e-06, 0.1], "k_pid_hsp": [9.59489631652832, 0.9942641258239746, 0.07620272040367126], "k_pid_vsp": [9.572553634643555, 383.5021667480469, 18.124773025512695]}, "datetime": {"datetime": "2025-08-21 11:46:32", "elapsed": 10909.019180774689, "delta": 23.58626389503479}, "costs": {"total_cost": 1364.8740266258897, "time_cost": 150, "final_distance_cost": 48.300269891649776, "oscillation_cost": 90.84947390066375, "completition_cost": 1000.0, "overshoot_cost": 36.343392605660405, "power_cost": 23.352370031738282, "noise_cost": 16.028520196177432, "n_waypoints_completed": 0, "tot_waypoints": 9}}
{"target": -941.99584837608, "params": {"k_pid_pos": [1.999999761581421, 0.8314948081970215, 8.642673492431641e-07], "k_pid_alt": [1.725778341293335, 4.7326087951660156e-05, 0.04258111119270325], "k_pid_att": [100.0, 0.04874316230416298, 0.990106463432312], "k_pid_yaw": [0.5, 1e-06, 0.1], "k_pid_hsp": [8.879610061645508, 0.9707289934158325, 0.06662458181381226], "k_pid_vsp": [10.972094535827637, 391.57818603515625, 63.68999481201172]}, "datetime": {"datetime": "2025-08-21 11:46:55", "elapsed": 10931.901594877243, "delta": 22.88241410255432}, "costs": {"total_cost": 941.99584837608, "time_cost": 150, "final_distance_cost": 50.94665140994473, "oscillation_cost": 90.67580857624807, "completition_cost": 555.5555555555555, "overshoot_cost": 52.73182612378345, "power_cost": 24.824907263183594, "noise_cost": 17.261099447364572, "n_waypoints_completed": 4, "tot_waypoints": 9}}
{"target": -584.8194718342837, "params": {"k_pid_pos": [2.0, 0.8122150897979736, 0.9998806715011597], "k_pid_alt": [1.9514871835708618, 1.0, 0.2539899945259094], "k_pid_att": [100.0, 0.12996679544448853, 0.9962989091873169], "k_pid_yaw": [0.5, 1e-06, 0.1], "k_pid_hsp": [9.560839653015137, 0.9652179479598999, 0.2739299535751343], "k_pid_vsp": [20.303939819335938, 381.8268737792969, 53.43013000488281]}, "datetime": {"datetime": "2025-08-21 11:47:18", "elapsed": 10955.215167045593, "delta": 23.31357216835022}, "costs": {"total_cost": 584.8194718342837, "time_cost": 150, "final_distance_cost": 8.574844747584525, "oscillation_cost": 213.44198236684244, "completition_cost": 111.11111111111116, "overshoot_cost": 60.74950934157024, "power_cost": 23.27833980712891, "noise_cost": 17.66368446004646, "n_waypoints_completed": 8, "tot_waypoints": 9}}
{"target": -1242.638106908101, "params": {"k_pid_pos": [9.999999747378752e-05, 0.9599664211273193, 0.9998368620872498], "k_pid_alt": [1.8678237199783325, 0.020039469003677368, 0.0007331371307373047], "k_pid_att": [99.99999237060547, 0.3403991758823395, 0.9908870458602905], "k_pid_yaw": [0.5, 1e-06, 0.1], "k_pid_hsp": [9.857109069824219, 0.993700385093689, 0.016448289155960083], "k_pid_vsp": [5.684816837310791, 395.6419372558594, 43.85943603515625]}, "datetime": {"datetime": "2025-08-21 11:47:42", "elapsed": 10978.52602815628, "delta": 23.310861110687256}, "costs": {"total_cost": 1242.638106908101, "time_cost": 150, "final_distance_cost": 74.85432470292287, "oscillation_cost": 162.09706528392485, "completition_cost": 777.7777777777778, "overshoot_cost": 43.72337787892455, "power_cost": 19.760673962402343, "noise_cost": 14.424887302148543, "n_waypoints_completed": 2, "tot_waypoints": 9}}
{"target": -1078.4743228564564, "params": {"k_pid_pos": [1.9999995231628418, 0.9502100348472595, 0.3156602680683136], "k_pid_alt": [1.9755895137786865, 1.0, 0.016485214233398438], "k_pid_att": [99.99996185302734, 0.3866182267665863, 0.9771891236305237], "k_pid_yaw": [0.5, 1e-06, 0.1], "k_pid_hsp": [9.581132888793945, 0.974469780921936, 0.12001672387123108], "k_pid_vsp": [69.19882202148438, 383.41192626953125, 4.634059429168701]}, "datetime": {"datetime": "2025-08-21 11:48:05", "elapsed": 11001.901401281357, "delta": 23.375373125076294}, "costs": {"total_cost": 1078.4743228564564, "time_cost": 150, "final_distance_cost": 49.39409620571602, "oscillation_cost": 109.25536363051118, "completition_cost": 666.6666666666667, "overshoot_cost": 56.7826890550665, "power_cost": 26.296313635253906, "noise_cost": 20.079193663242147, "n_waypoints_completed": 3, "tot_waypoints": 9}}
{"target": -1395.6209336617576, "params": {"k_pid_pos": [0.8463596105575562, 0.9983418583869934, 0.0012492537498474121], "k_pid_alt": [1.9688739776611328, 0.9999998807907104, 0.10313904285430908], "k_pid_att": [100.0, 0.41321831941604614, 0.9636077880859375], "k_pid_yaw": [0.5, 1e-06, 0.1], "k_pid_hsp": [9.633036613464355, 0.839370608329773, 0.07107967138290405], "k_pid_vsp": [25.790130615234375, 392.838623046875, 7.675827503204346]}, "datetime": {"datetime": "2025-08-21 11:48:28", "elapsed": 11025.16615319252, "delta": 23.26475191116333}, "costs": {"total_cost": 1395.6209336617576, "time_cost": 150, "final_distance_cost": 42.64856837408334, "oscillation_cost": 125.29827380447519, "completition_cost": 1000.0, "overshoot_cost": 43.63368589685648, "power_cost": 19.76598037109375, "noise_cost": 14.274425215248868, "n_waypoints_completed": 0, "tot_waypoints": 9}}
{"target": -1190.548601570013, "params": {"k_pid_pos": [2.0, 0.96924889087677, 0.0016428828239440918], "k_pid_alt": [1.9763591289520264, 0.013852745294570923, 0.023281395435333252], "k_pid_att": [100.0, 0.05848544463515282, 0.9964533448219299], "k_pid_yaw": [0.5, 1e-06, 0.1], "k_pid_hsp": [9.585457801818848, 0.9601987600326538, 0.03167983889579773], "k_pid_vsp": [7.635223865509033, 395.99908447265625, 5.694831371307373]}, "datetime": {"datetime": "2025-08-21 11:48:52", "elapsed": 11048.571929454803, "delta": 23.405776262283325}, "costs": {"total_cost": 1190.548601570013, "time_cost": 150, "final_distance_cost": 90.25718434507179, "oscillation_cost": 78.88373305473282, "completition_cost": 777.7777777777778, "overshoot_cost": 55.09422590821162, "power_cost": 22.88218067626953, "noise_cost": 15.653499807949471, "n_waypoints_completed": 2, "tot_waypoints": 9}}
{"target": -1281.0928667803414, "params": {"k_pid_pos": [1.9296190738677979, 0.9553049802780151, 0.0], "k_pid_alt": [1.94333815574646, 1.0, 0.06479209661483765], "k_pid_att": [100.0, 0.1273638755083084, 0.8272112011909485], "k_pid_yaw": [0.5, 1e-06, 0.1], "k_pid_hsp": [9.183030128479004, 0.9807496070861816, 0.024498790502548218], "k_pid_vsp": [37.379432678222656, 356.1645812988281, 3.242922782897949]}, "datetime": {"datetime": "2025-08-21 11:49:15", "elapsed": 11071.551115751266, "delta": 22.979186296463013}, "costs": {"total_cost": 1281.0928667803414, "time_cost": 150, "final_distance_cost": 73.64222162924494, "oscillation_cost": 88.68692180681842, "completition_cost": 888.8888888888888, "overshoot_cost": 41.21473736917938, "power_cost": 22.73468555908203, "noise_cost": 15.925411527127775, "n_waypoints_completed": 1, "tot_waypoints": 9}}
{"target": -1271.3550085671454, "params": {"k_pid_pos": [2.0, 0.9800930023193359, 3.5762786865234375e-07], "k_pid_alt": [1.9963505268096924, 0.9999998807907104, 0.01578301191329956], "k_pid_att": [99.9996566772461, 1.304898738861084, 0.9372488260269165], "k_pid_yaw": [0.5, 1e-06, 0.1], "k_pid_hsp": [8.93042278289795, 0.9649468660354614, 0.01733270287513733], "k_pid_vsp": [17.998075485229492, 397.5986022949219, 7.270027160644531]}, "datetime": {"datetime": "2025-08-21 11:49:38", "elapsed": 11094.586656332016, "delta": 23.03554058074951}, "costs": {"total_cost": 1271.3550085671454, "time_cost": 150, "final_distance_cost": 64.42682161429934, "oscillation_cost": 81.4934499169701, "completition_cost": 888.8888888888888, "overshoot_cost": 45.515989638647305, "power_cost": 24.36470632324219, "noise_cost": 16.665152185097668, "n_waypoints_completed": 1, "tot_waypoints": 9}}
{"target": -706.2553108365921, "params": {"k_pid_pos": [2.0, 0.9728437066078186, 0.9999997615814209], "k_pid_alt": [1.9584643840789795, 1.0, 0.027110308408737183], "k_pid_att": [100.0, 0.08188867568969727, 0.9361059665679932], "k_pid_yaw": [0.5, 1e-06, 0.1], "k_pid_hsp": [9.078788757324219, 0.966359555721283, 0.027681022882461548], "k_pid_vsp": [28.49352264404297, 392.4043273925781, 23.482742309570312]}, "datetime": {"datetime": "2025-08-21 11:50:01", "elapsed": 11118.247309446335, "delta": 23.660653114318848}, "costs": {"total_cost": 706.2553108365921, "time_cost": 150, "final_distance_cost": 67.46896843521155, "oscillation_cost": 175.8530781903199, "completition_cost": 222.2222222222222, "overshoot_cost": 48.72488827478604, "power_cost": 23.664067358398437, "noise_cost": 18.32208635565399, "n_waypoints_completed": 7, "tot_waypoints": 9}}
{"target": -1251.970228332974, "params": {"k_pid_pos": [0.0713391900062561, 0.9792898297309875, 0.0], "k_pid_alt": [1.9861938953399658, 1.0, 0.026186704635620117], "k_pid_att": [100.0, 0.30237653851509094, 0.9719226360321045], "k_pid_yaw": [0.5, 1e-06, 0.1], "k_pid_hsp": [9.633319854736328, 0.9532397985458374, 0.0271378755569458], "k_pid_vsp": [25.22444725036621, 272.1092834472656, 1.9295344352722168]}, "datetime": {"datetime": "2025-08-21 11:50:25", "elapsed": 11141.442814826965, "delta": 23.195505380630493}, "costs": {"total_cost": 1251.970228332974, "time_cost": 150, "final_distance_cost": 53.410841982391894, "oscillation_cost": 85.63248343484074, "completition_cost": 888.8888888888888, "overshoot_cost": 40.77501765710278, "power_cost": 18.708249182128906, "noise_cost": 14.554747187621144, "n_waypoints_completed": 1, "tot_waypoints": 9}}
{"target": -1190.8178601305294, "params": {"k_pid_pos": [2.0, 0.9908128380775452, 5.036592483520508e-06], "k_pid_alt": [1.835823655128479, 0.9900733232498169, 0.022800743579864502], "k_pid_att": [100.0, 0.19220027327537537, 0.9922342300415039], "k_pid_yaw": [0.5, 1e-06, 0.1], "k_pid_hsp": [9.922587394714355, 0.9546480178833008, 0.027126193046569824], "k_pid_vsp": [4.078185558319092, 395.6456298828125, 29.543819427490234]}, "datetime": {"datetime": "2025-08-21 11:50:48", "elapsed": 11164.49296450615, "delta": 23.05014967918396}, "costs": {"total_cost": 1190.8178601305294, "time_cost": 150, "final_distance_cost": 91.84568799161616, "oscillation_cost": 86.6121815537797, "completition_cost": 777.7777777777778, "overshoot_cost": 44.68962983560495, "power_cost": 23.73486422119141, "noise_cost": 16.1577187505593, "n_waypoints_completed": 2, "tot_waypoints": 9}}
{"target": -557.2435992175634, "params": {"k_pid_pos": [2.0, 0.7443599104881287, 0.9999998211860657], "k_pid_alt": [1.9856641292572021, 0.9999998807907104, 0.011368632316589355], "k_pid_att": [99.99998474121094, 0.42997273802757263, 0.9589917063713074], "k_pid_yaw": [0.5, 1e-06, 0.1], "k_pid_hsp": [9.918519973754883, 0.9199758172035217, 0.006862133741378784], "k_pid_vsp": [4.740262031555176, 387.3598937988281, 1.7489204406738281]}, "datetime": {"datetime": "2025-08-21 11:51:11", "elapsed": 11188.058608531952, "delta": 23.565644025802612}, "costs": {"total_cost": 557.2435992175634, "time_cost": 150, "final_distance_cost": 29.14073374274725, "oscillation_cost": 169.5188128344524, "completition_cost": 111.11111111111116, "overshoot_cost": 61.55986725118033, "power_cost": 20.859859924316407, "noise_cost": 15.05321435375584, "n_waypoints_completed": 8, "tot_waypoints": 9}}
