{"target": -1317.9310487939363, "params": {"k_pid_pos": [0.001542121754027903, 0.9519935846328735, 8.940696716308594e-07], "k_pid_alt": [1.9968111515045166, 1.0, 0.017721593379974365], "k_pid_att": [99.9999771118164, 0.05635311082005501, 0.9541325569152832], "k_pid_yaw": [0.5, 1e-06, 0.1], "k_pid_hsp": [9.477507591247559, 0.7830418944358826, 0.09546786546707153], "k_pid_vsp": [38.748050689697266, 376.2206115722656, 1.3682136535644531]}, "datetime": {"datetime": "2025-08-21 11:32:11", "elapsed": 10047.694739341736, "delta": 23.168540954589844}, "costs": {"total_cost": 1317.9310487939363, "time_cost": 150, "final_distance_cost": 67.79821604222647, "oscillation_cost": 117.52509945150432, "completition_cost": 888.8888888888888, "overshoot_cost": 55.448223739319104, "power_cost": 22.526241442871093, "noise_cost": 15.744379229126574, "n_waypoints_completed": 1, "tot_waypoints": 9}}
{"target": -1306.6311332099351, "params": {"k_pid_pos": [0.00040003476897254586, 0.9737288951873779, 0.9846181869506836], "k_pid_alt": [1.938380241394043, 0.9880902171134949, 0.0075904130935668945], "k_pid_att": [99.99954223632812, 0.32911908626556396, 0.9815100431442261], "k_pid_yaw": [0.5, 1e-06, 0.1], "k_pid_hsp": [7.219462871551514, 0.8573129177093506, 0.014765381813049316], "k_pid_vsp": [167.7657012939453, 293.97314453125, 22.29823112487793]}, "datetime": {"datetime": "2025-08-21 11:32:34", "elapsed": 10070.900805234909, "delta": 23.206065893173218}, "costs": {"total_cost": 1306.6311332099351, "time_cost": 150, "final_distance_cost": 69.66021875257056, "oscillation_cost": 135.170952999786, "completition_cost": 888.8888888888888, "overshoot_cost": 29.9702342559905, "power_cost": 18.162159716796875, "noise_cost": 14.778678595902498, "n_waypoints_completed": 1, "tot_waypoints": 9}}
{"target": -836.5296915831276, "params": {"k_pid_pos": [2.0, 0.9639534950256348, 1.0], "k_pid_alt": [1.9722682237625122, 1.0, 0.004929602146148682], "k_pid_att": [33.611141204833984, 0.38939160108566284, 0.9810916781425476], "k_pid_yaw": [0.5, 1e-06, 0.1], "k_pid_hsp": [8.60226058959961, 0.9915589690208435, 0.01817399263381958], "k_pid_vsp": [28.07042694091797, 398.1642150878906, 8.637643814086914]}, "datetime": {"datetime": "2025-08-21 11:32:57", "elapsed": 10093.956440448761, "delta": 23.05563521385193}, "costs": {"total_cost": 836.5296915831276, "time_cost": 150, "final_distance_cost": 53.70537110557808, "oscillation_cost": 105.56913662689252, "completition_cost": 444.4444444444444, "overshoot_cost": 47.94429770852731, "power_cost": 19.750913317871095, "noise_cost": 15.115528379814101, "n_waypoints_completed": 5, "tot_waypoints": 9}}
{"target": -1349.9515314237524, "params": {"k_pid_pos": [2.0, 0.9865342974662781, 0.0], "k_pid_alt": [1.9625065326690674, 1.0, 0.01639297604560852], "k_pid_att": [100.0, 0.13939674198627472, 0.9556506872177124], "k_pid_yaw": [0.5, 1e-06, 0.1], "k_pid_hsp": [9.372143745422363, 0.9977240562438965, 0.01778542995452881], "k_pid_vsp": [30.56513023376465, 371.7066650390625, 8.189833641052246]}, "datetime": {"datetime": "2025-08-21 11:33:21", "elapsed": 10117.545757293701, "delta": 23.589316844940186}, "costs": {"total_cost": 1349.9515314237524, "time_cost": 150, "final_distance_cost": 48.74130026143331, "oscillation_cost": 84.70433207007821, "completition_cost": 1000.0, "overshoot_cost": 31.58281259257145, "power_cost": 20.4473388671875, "noise_cost": 14.475747632481955, "n_waypoints_completed": 0, "tot_waypoints": 9}}
{"target": -1170.3038355060096, "params": {"k_pid_pos": [1.999998688697815, 0.9274799227714539, 0.0], "k_pid_alt": [1.9882458448410034, 1.0, 0.002234339714050293], "k_pid_att": [100.0, 0.7101648449897766, 0.9384105801582336], "k_pid_yaw": [0.5, 1e-06, 0.1], "k_pid_hsp": [7.753627300262451, 0.9700074195861816, 0.0071830153465271], "k_pid_vsp": [13.193917274475098, 386.61053466796875, 11.818934440612793]}, "datetime": {"datetime": "2025-08-21 11:33:44", "elapsed": 10140.887309789658, "delta": 23.34155249595642}, "costs": {"total_cost": 1170.3038355060096, "time_cost": 150, "final_distance_cost": 89.86586777517853, "oscillation_cost": 68.0132425189187, "completition_cost": 777.7777777777778, "overshoot_cost": 44.02689414881478, "power_cost": 24.20972283935547, "noise_cost": 16.410330445964345, "n_waypoints_completed": 2, "tot_waypoints": 9}}
{"target": -547.6057647514065, "params": {"k_pid_pos": [2.0, 0.9659605026245117, 1.0], "k_pid_alt": [1.9889991283416748, 0.9999464750289917, 0.022458821535110474], "k_pid_att": [83.6461410522461, 0.05270117148756981, 0.9707115888595581], "k_pid_yaw": [0.5, 1e-06, 0.1], "k_pid_hsp": [9.91022777557373, 0.736841082572937, 0.06739106774330139], "k_pid_vsp": [35.035884857177734, 381.66461181640625, 32.81025695800781]}, "datetime": {"datetime": "2025-08-21 11:34:07", "elapsed": 10164.403630018234, "delta": 23.51632022857666}, "costs": {"total_cost": 547.6057647514065, "time_cost": 150, "final_distance_cost": 7.302927414228006, "oscillation_cost": 186.8932357650327, "completition_cost": 111.11111111111116, "overshoot_cost": 57.93332447809891, "power_cost": 18.689512133789062, "noise_cost": 15.675653849146642, "n_waypoints_completed": 8, "tot_waypoints": 9}}
{"target": -1239.3107349265742, "params": {"k_pid_pos": [1.9921141862869263, 0.998638391494751, 0.05732610821723938], "k_pid_alt": [1.7808939218521118, 0.00016236305236816406, 0.008251696825027466], "k_pid_att": [100.0, 0.45725199580192566, 0.9688128232955933], "k_pid_yaw": [0.5, 1e-06, 0.1], "k_pid_hsp": [9.952305793762207, 0.9762575626373291, 0.05850684642791748], "k_pid_vsp": [32.02253723144531, 281.22357177734375, 5.78593111038208]}, "datetime": {"datetime": "2025-08-21 11:34:31", "elapsed": 10187.685441493988, "delta": 23.281811475753784}, "costs": {"total_cost": 1239.3107349265742, "time_cost": 150, "final_distance_cost": 58.02082812920094, "oscillation_cost": 68.85335926909478, "completition_cost": 888.8888888888888, "overshoot_cost": 30.040331991972902, "power_cost": 25.159820520019533, "noise_cost": 18.347506127397402, "n_waypoints_completed": 1, "tot_waypoints": 9}}
{"target": -934.2388697856866, "params": {"k_pid_pos": [2.0, 0.6384130716323853, 0.010822713375091553], "k_pid_alt": [1.952249526977539, 0.025032728910446167, 0.010069936513900757], "k_pid_att": [100.0, 0.07955338805913925, 0.9925991296768188], "k_pid_yaw": [0.5, 1e-06, 0.1], "k_pid_hsp": [9.755182266235352, 0.9685588479042053, 0.0659017562866211], "k_pid_vsp": [9.183586120605469, 376.3621520996094, 7.091916561126709]}, "datetime": {"datetime": "2025-08-21 11:34:54", "elapsed": 10210.83827495575, "delta": 23.152833461761475}, "costs": {"total_cost": 934.2388697856866, "time_cost": 150, "final_distance_cost": 39.808009464171825, "oscillation_cost": 92.33499166522513, "completition_cost": 555.5555555555555, "overshoot_cost": 51.46334419144346, "power_cost": 27.040515246582032, "noise_cost": 18.036453662708592, "n_waypoints_completed": 4, "tot_waypoints": 9}}
{"target": -926.0761374288986, "params": {"k_pid_pos": [2.0, 0.9661746025085449, 8.940696716308594e-08], "k_pid_alt": [1.8744851350784302, 1.0, 0.01570907235145569], "k_pid_att": [100.0, 0.8508983254432678, 0.986730694770813], "k_pid_yaw": [0.5, 1e-06, 0.1], "k_pid_hsp": [9.755416870117188, 0.9538470506668091, 0.008268177509307861], "k_pid_vsp": [108.02188873291016, 366.83514404296875, 3.6450037956237793]}, "datetime": {"datetime": "2025-08-21 11:35:17", "elapsed": 10234.100771665573, "delta": 23.26249670982361}, "costs": {"total_cost": 926.0761374288986, "time_cost": 150, "final_distance_cost": 43.598535296067794, "oscillation_cost": 89.97513110227911, "completition_cost": 555.5555555555555, "overshoot_cost": 56.46695601293039, "power_cost": 16.180917138671877, "noise_cost": 14.299042323393918, "n_waypoints_completed": 4, "tot_waypoints": 9}}
{"target": -1170.1270998787857, "params": {"k_pid_pos": [2.0, 0.964039146900177, 0.024533987045288086], "k_pid_alt": [1.9887580871582031, 1.0, 0.030725538730621338], "k_pid_att": [99.99972534179688, 0.3719821572303772, 0.9711487293243408], "k_pid_yaw": [0.5, 1e-06, 0.1], "k_pid_hsp": [8.388599395751953, 0.9387414455413818, 0.010968655347824097], "k_pid_vsp": [28.794706344604492, 389.8603515625, 10.887266159057617]}, "datetime": {"datetime": "2025-08-21 11:35:40", "elapsed": 10257.119333744049, "delta": 23.018562078475952}, "costs": {"total_cost": 1170.1270998787857, "time_cost": 150, "final_distance_cost": 90.40828291834546, "oscillation_cost": 78.78343805403755, "completition_cost": 777.7777777777778, "overshoot_cost": 42.20360333348173, "power_cost": 17.866293811035156, "noise_cost": 13.08770398410821, "n_waypoints_completed": 2, "tot_waypoints": 9}}
{"target": -5276.1519331737645, "params": {"k_pid_pos": [1.9998295307159424, 0.9788480997085571, 0.0], "k_pid_alt": [1.9504120349884033, 1.0, 0.00446811318397522], "k_pid_att": [0.0023156404495239258, 0.12135549634695053, 0.9459514021873474], "k_pid_yaw": [0.5, 1e-06, 0.1], "k_pid_hsp": [9.955631256103516, 0.7839954495429993, 0.017077982425689697], "k_pid_vsp": [2.8551459312438965, 326.8654479980469, 3.4911880493164062]}, "datetime": {"datetime": "2025-08-21 11:36:03", "elapsed": 10280.132050991058, "delta": 23.012717247009277}, "costs": {"total_cost": 5276.1519331737645, "time_cost": 150, "final_distance_cost": 1246.2796985713678, "oscillation_cost": 202.97559323645433, "completition_cost": 1000.0, "overshoot_cost": 2554.979639811146, "power_cost": 34.117076391601564, "noise_cost": 87.79992516319474, "n_waypoints_completed": 0, "tot_waypoints": 9}}
{"target": -580.6057216637695, "params": {"k_pid_pos": [1.999980092048645, 0.9896246194839478, 0.9918240308761597], "k_pid_alt": [1.9994971752166748, 1.0, 0.005160987377166748], "k_pid_att": [100.0, 0.22460728883743286, 0.9948731064796448], "k_pid_yaw": [0.5, 1e-06, 0.1], "k_pid_hsp": [8.825179100036621, 0.981354832649231, 0.029055684804916382], "k_pid_vsp": [2.238631248474121, 385.78594970703125, 36.047245025634766]}, "datetime": {"datetime": "2025-08-21 11:36:26", "elapsed": 10303.40704202652, "delta": 23.274991035461426}, "costs": {"total_cost": 580.6057216637695, "time_cost": 150, "final_distance_cost": 35.41235533635883, "oscillation_cost": 192.6229737801059, "completition_cost": 111.11111111111116, "overshoot_cost": 56.873025316914585, "power_cost": 19.348627795410156, "noise_cost": 15.237628323868915, "n_waypoints_completed": 8, "tot_waypoints": 9}}
{"target": -806.3396363066375, "params": {"k_pid_pos": [1.999999761581421, 0.9820537567138672, 0.9992656707763672], "k_pid_alt": [1.9821062088012695, 1.0, 0.02998042106628418], "k_pid_att": [100.0, 0.36473190784454346, 0.9571236371994019], "k_pid_yaw": [0.5, 1e-06, 0.1], "k_pid_hsp": [9.740553855895996, 0.9429928064346313, 0.06232351064682007], "k_pid_vsp": [6.456327438354492, 367.8785400390625, 3.9091954231262207]}, "datetime": {"datetime": "2025-08-21 11:36:50", "elapsed": 10326.69378733635, "delta": 23.286745309829712}, "costs": {"total_cost": 806.3396363066375, "time_cost": 150, "final_distance_cost": 62.29166162142226, "oscillation_cost": 162.8187946667621, "completition_cost": 333.33333333333337, "overshoot_cost": 54.47434553208007, "power_cost": 24.669807092285158, "noise_cost": 18.751694060754648, "n_waypoints_completed": 6, "tot_waypoints": 9}}
{"target": -1060.8193974466626, "params": {"k_pid_pos": [2.0, 0.936646580696106, 1.7285346984863281e-06], "k_pid_alt": [1.9650990962982178, 1.0, 0.019960254430770874], "k_pid_att": [100.0, 1.1942071914672852, 0.9678024053573608], "k_pid_yaw": [0.5, 1e-06, 0.1], "k_pid_hsp": [9.832313537597656, 0.9839053153991699, 0.04584476351737976], "k_pid_vsp": [14.583301544189453, 318.03436279296875, 26.157072067260742]}, "datetime": {"datetime": "2025-08-21 11:37:13", "elapsed": 10349.74371790886, "delta": 23.049930572509766}, "costs": {"total_cost": 1060.8193974466626, "time_cost": 150, "final_distance_cost": 55.10222178055275, "oscillation_cost": 86.48709687286885, "completition_cost": 666.6666666666667, "overshoot_cost": 58.84284790220508, "power_cost": 24.88906989746094, "noise_cost": 18.831494326908032, "n_waypoints_completed": 3, "tot_waypoints": 9}}
{"target": -1073.896010456424, "params": {"k_pid_pos": [2.0, 0.9269121885299683, 0.4088097810745239], "k_pid_alt": [1.9735889434814453, 0.7043623328208923, 0.02849140763282776], "k_pid_att": [14.772486686706543, 0.10590910911560059, 0.8769030570983887], "k_pid_yaw": [0.5, 1e-06, 0.1], "k_pid_hsp": [9.854387283325195, 0.9748982191085815, 0.0989835262298584], "k_pid_vsp": [47.999427795410156, 370.9849548339844, 28.387929916381836]}, "datetime": {"datetime": "2025-08-21 11:37:36", "elapsed": 10372.963020324707, "delta": 23.21930241584778}, "costs": {"total_cost": 1073.896010456424, "time_cost": 150, "final_distance_cost": 80.81636887535845, "oscillation_cost": 85.22909775119591, "completition_cost": 666.6666666666667, "overshoot_cost": 52.01903892506902, "power_cost": 23.132839477539065, "noise_cost": 16.031998760594586, "n_waypoints_completed": 3, "tot_waypoints": 9}}
{"target": -696.9687631412797, "params": {"k_pid_pos": [2.0, 0.9817856550216675, 0.9996424317359924], "k_pid_alt": [1.9733812808990479, 0.9802629947662354, 0.10558372735977173], "k_pid_att": [100.0, 0.18698103725910187, 0.9902844429016113], "k_pid_yaw": [0.5, 1e-06, 0.1], "k_pid_hsp": [9.124503135681152, 0.9822452664375305, 0.06969252228736877], "k_pid_vsp": [6.7169904708862305, 390.33575439453125, 21.985389709472656]}, "datetime": {"datetime": "2025-08-21 11:37:59", "elapsed": 10395.806986808777, "delta": 22.843966484069824}, "costs": {"total_cost": 696.9687631412797, "time_cost": 150, "final_distance_cost": 73.49670298400542, "oscillation_cost": 157.89417943209, "completition_cost": 222.2222222222222, "overshoot_cost": 50.286130417726085, "power_cost": 25.00389990234375, "noise_cost": 18.065628182892258, "n_waypoints_completed": 7, "tot_waypoints": 9}}
{"target": -853.4326449291776, "params": {"k_pid_pos": [2.0, 0.8970434665679932, 0.9992920756340027], "k_pid_alt": [1.9477434158325195, 1.0, 0.031082957983016968], "k_pid_att": [100.0, 1.5110036134719849, 0.9379570484161377], "k_pid_yaw": [0.5, 1e-06, 0.1], "k_pid_hsp": [8.93918228149414, 0.9607776999473572, 0.006197452545166016], "k_pid_vsp": [53.092159271240234, 394.23046875, 19.280839920043945]}, "datetime": {"datetime": "2025-08-21 11:38:23", "elapsed": 10419.533702850342, "delta": 23.72671604156494}, "costs": {"total_cost": 853.4326449291776, "time_cost": 150, "final_distance_cost": 45.48014277857345, "oscillation_cost": 125.38779021941158, "completition_cost": 444.4444444444444, "overshoot_cost": 49.733459051880395, "power_cost": 21.822608032226565, "noise_cost": 16.564200402641447, "n_waypoints_completed": 5, "tot_waypoints": 9}}
{"target": -935.8808162832225, "params": {"k_pid_pos": [1.9999969005584717, 0.9857008457183838, 0.22875410318374634], "k_pid_alt": [1.8883875608444214, 1.0, 0.006550580263137817], "k_pid_att": [99.99894714355469, 0.14647354185581207, 0.9639852046966553], "k_pid_yaw": [0.5, 1e-06, 0.1], "k_pid_hsp": [9.120800018310547, 0.98112553358078, 0.015864402055740356], "k_pid_vsp": [4.0787577629089355, 392.13177490234375, 78.03070831298828]}, "datetime": {"datetime": "2025-08-21 11:38:46", "elapsed": 10442.794873952866, "delta": 23.261171102523804}, "costs": {"total_cost": 935.8808162832225, "time_cost": 150, "final_distance_cost": 49.442237321903626, "oscillation_cost": 97.88283213216802, "completition_cost": 555.5555555555555, "overshoot_cost": 52.46880979066905, "power_cost": 16.54542673339844, "noise_cost": 13.985954749527805, "n_waypoints_completed": 4, "tot_waypoints": 9}}
{"target": -1167.2012978613338, "params": {"k_pid_pos": [0.09339198470115662, 0.9576163291931152, 2.086162567138672e-07], "k_pid_alt": [1.9351506233215332, 1.0, 0.010112017393112183], "k_pid_att": [99.99952697753906, 3.0820436477661133, 0.9828482270240784], "k_pid_yaw": [0.5, 1e-06, 0.1], "k_pid_hsp": [9.843289375305176, 0.9560623168945312, 0.02492392063140869], "k_pid_vsp": [35.89809036254883, 287.5206298828125, 3.0331978797912598]}, "datetime": {"datetime": "2025-08-21 11:39:09", "elapsed": 10465.894323825836, "delta": 23.09944987297058}, "costs": {"total_cost": 1167.2012978613338, "time_cost": 150, "final_distance_cost": 86.08960682501039, "oscillation_cost": 73.11568021838602, "completition_cost": 777.7777777777778, "overshoot_cost": 42.59021114342877, "power_cost": 21.56047021484375, "noise_cost": 16.067551681887064, "n_waypoints_completed": 2, "tot_waypoints": 9}}
{"target": -1066.440116795436, "params": {"k_pid_pos": [2.0, 0.8795452117919922, 6.917119026184082e-05], "k_pid_alt": [1.9924736022949219, 1.0, 0.018165141344070435], "k_pid_att": [100.0, 0.1506151258945465, 0.9865522384643555], "k_pid_yaw": [0.5, 1e-06, 0.1], "k_pid_hsp": [9.640287399291992, 0.9471189975738525, 0.059264421463012695], "k_pid_vsp": [43.79450225830078, 327.06793212890625, 91.74833679199219]}, "datetime": {"datetime": "2025-08-21 11:39:33", "elapsed": 10489.546594142914, "delta": 23.652270317077637}, "costs": {"total_cost": 1066.440116795436, "time_cost": 150, "final_distance_cost": 49.9363720984215, "oscillation_cost": 111.97260569023291, "completition_cost": 666.6666666666667, "overshoot_cost": 54.86027757022952, "power_cost": 17.954731665039063, "noise_cost": 15.049463104846337, "n_waypoints_completed": 3, "tot_waypoints": 9}}
{"target": -1351.4788184101712, "params": {"k_pid_pos": [2.0, 0.9866266250610352, 0.07906118035316467], "k_pid_alt": [1.9835801124572754, 1.0, 0.049993038177490234], "k_pid_att": [100.0, 0.052359044551849365, 0.9624680280685425], "k_pid_yaw": [0.5, 1e-06, 0.1], "k_pid_hsp": [9.684366226196289, 0.9301935434341431, 0.02101212739944458], "k_pid_vsp": [16.978466033935547, 392.2196350097656, 8.863616943359375]}, "datetime": {"datetime": "2025-08-21 11:39:56", "elapsed": 10513.215211629868, "delta": 23.668617486953735}, "costs": {"total_cost": 1351.4788184101712, "time_cost": 150, "final_distance_cost": 44.689687074612124, "oscillation_cost": 80.15436898032743, "completition_cost": 1000.0, "overshoot_cost": 38.22560965710827, "power_cost": 22.691019189453126, "noise_cost": 15.718133508670553, "n_waypoints_completed": 0, "tot_waypoints": 9}}
{"target": -1201.4401384351006, "params": {"k_pid_pos": [2.0, 0.9785220623016357, 0.00019174814224243164], "k_pid_alt": [1.94132661819458, 1.0, 0.06630831956863403], "k_pid_att": [100.0, 0.7816831469535828, 0.9907598495483398], "k_pid_yaw": [0.5, 1e-06, 0.1], "k_pid_hsp": [9.176630020141602, 0.9854093790054321, 0.023328959941864014], "k_pid_vsp": [3.427422046661377, 382.9325866699219, 23.024274826049805]}, "datetime": {"datetime": "2025-08-21 11:40:19", "elapsed": 10536.29818868637, "delta": 23.082977056503296}, "costs": {"total_cost": 1201.4401384351006, "time_cost": 150, "final_distance_cost": 91.06416289620938, "oscillation_cost": 103.61403987762581, "completition_cost": 777.7777777777778, "overshoot_cost": 43.07797761153103, "power_cost": 21.157827001953127, "noise_cost": 14.748353270003523, "n_waypoints_completed": 2, "tot_waypoints": 9}}
{"target": -1263.4936945965317, "params": {"k_pid_pos": [0.004097722005099058, 0.9615456461906433, 5.072355270385742e-05], "k_pid_alt": [1.9822828769683838, 0.9999998807907104, 0.2284066081047058], "k_pid_att": [100.0, 0.7835445404052734, 0.9105525016784668], "k_pid_yaw": [0.5, 1e-06, 0.1], "k_pid_hsp": [8.310982704162598, 0.9467172622680664, 0.017452478408813477], "k_pid_vsp": [9.120583534240723, 326.3546447753906, 27.856029510498047]}, "datetime": {"datetime": "2025-08-21 11:40:42", "elapsed": 10559.170995235443, "delta": 22.872806549072266}, "costs": {"total_cost": 1263.4936945965317, "time_cost": 150, "final_distance_cost": 71.99029625294979, "oscillation_cost": 81.16047062568632, "completition_cost": 888.8888888888888, "overshoot_cost": 40.20799531399789, "power_cost": 18.03601044921875, "noise_cost": 13.21003306579023, "n_waypoints_completed": 1, "tot_waypoints": 9}}
{"target": -1395.1475077201235, "params": {"k_pid_pos": [0.02042279578745365, 0.9710880517959595, 0.0002618134021759033], "k_pid_alt": [1.7440931797027588, 0.9998551607131958, 0.041464269161224365], "k_pid_att": [100.0, 0.05602975934743881, 0.9385067820549011], "k_pid_yaw": [0.5, 1e-06, 0.1], "k_pid_hsp": [9.638051986694336, 0.9886762499809265, 0.05476763844490051], "k_pid_vsp": [22.275341033935547, 380.8672790527344, 39.13569641113281]}, "datetime": {"datetime": "2025-08-21 11:41:06", "elapsed": 10582.664510965347, "delta": 23.493515729904175}, "costs": {"total_cost": 1395.1475077201235, "time_cost": 150, "final_distance_cost": 53.70877055000197, "oscillation_cost": 78.26961899834545, "completition_cost": 1000.0, "overshoot_cost": 59.191156530585125, "power_cost": 27.27817713623047, "noise_cost": 26.699784504960483, "n_waypoints_completed": 0, "tot_waypoints": 9}}
{"target": -913.8493506009196, "params": {"k_pid_pos": [2.0, 0.9758851528167725, 0.13310366868972778], "k_pid_alt": [1.9541096687316895, 1.0, 0.03143605589866638], "k_pid_att": [99.7275390625, 0.3549920320510864, 0.9847465753555298], "k_pid_yaw": [0.5, 1e-06, 0.1], "k_pid_hsp": [9.799967765808105, 0.9907164573669434, 0.020409196615219116], "k_pid_vsp": [60.646366119384766, 303.17083740234375, 13.794363975524902]}, "datetime": {"datetime": "2025-08-21 11:41:29", "elapsed": 10605.864178657532, "delta": 23.19966769218445}, "costs": {"total_cost": 913.8493506009196, "time_cost": 150, "final_distance_cost": 35.53240600627878, "oscillation_cost": 77.60928632914478, "completition_cost": 555.5555555555555, "overshoot_cost": 58.5809935789803, "power_cost": 20.06664899902344, "noise_cost": 16.50446013193691, "n_waypoints_completed": 4, "tot_waypoints": 9}}
