{"target": -796.8113384209144, "params": {"k_pid_pos": [2.0, 0.9799489974975586, 1.0], "k_pid_alt": [1.938100814819336, 1.0, 0.003945291042327881], "k_pid_att": [100.0, 0.10766056925058365, 0.960889458656311], "k_pid_yaw": [0.5, 1e-06, 0.1], "k_pid_hsp": [9.97445297241211, 0.993669331073761, 0.03107360005378723], "k_pid_vsp": [3.7764549255371094, 393.9118957519531, 2.438748836517334]}, "datetime": {"datetime": "2025-08-21 23:55:17", "elapsed": 54633.88886499405, "delta": 22.464380502700806}, "costs": {"total_cost": 796.8113384209144, "time_cost": 150, "final_distance_cost": 60.54225389630735, "oscillation_cost": 166.64303424890326, "completition_cost": 333.33333333333337, "overshoot_cost": 48.845836152596924, "power_cost": 22.169057653808593, "noise_cost": 15.277823135964848, "n_waypoints_completed": 6, "tot_waypoints": 9}}
{"target": -676.2545761638562, "params": {"k_pid_pos": [2.0, 0.966063380241394, 1.0], "k_pid_alt": [1.9873080253601074, 1.0, 0.016744166612625122], "k_pid_att": [100.0, 0.22637663781642914, 0.9797396659851074], "k_pid_yaw": [0.5, 1e-06, 0.1], "k_pid_hsp": [9.464153289794922, 0.9966652393341064, 0.004636317491531372], "k_pid_vsp": [2.5499820709228516, 390.6739807128906, 2.625657081604004]}, "datetime": {"datetime": "2025-08-21 23:55:40", "elapsed": 54656.98614239693, "delta": 23.097277402877808}, "costs": {"total_cost": 676.2545761638562, "time_cost": 150, "final_distance_cost": 72.91994664188223, "oscillation_cost": 136.93809156011412, "completition_cost": 222.2222222222222, "overshoot_cost": 50.82668166118005, "power_cost": 25.007141833496096, "noise_cost": 18.340492244961517, "n_waypoints_completed": 7, "tot_waypoints": 9}}
{"target": -664.1083881065073, "params": {"k_pid_pos": [2.0, 0.9926419258117676, 1.0], "k_pid_alt": [1.9797887802124023, 1.0, 0.027276337146759033], "k_pid_att": [100.0, 0.1069253534078598, 0.9838824272155762], "k_pid_yaw": [0.5, 1e-06, 0.1], "k_pid_hsp": [9.94214916229248, 0.9961916208267212, 0.002620011568069458], "k_pid_vsp": [0.6621360778808594, 397.89630126953125, 16.37343406677246]}, "datetime": {"datetime": "2025-08-21 23:56:02", "elapsed": 54679.3234295845, "delta": 22.337287187576294}, "costs": {"total_cost": 664.1083881065073, "time_cost": 150, "final_distance_cost": 63.7085849530473, "oscillation_cost": 131.68742691955075, "completition_cost": 222.2222222222222, "overshoot_cost": 57.47899902091479, "power_cost": 23.10348200683594, "noise_cost": 15.907672983936365, "n_waypoints_completed": 7, "tot_waypoints": 9}}
{"target": -677.5801624510192, "params": {"k_pid_pos": [2.0, 0.9898512363433838, 1.0], "k_pid_alt": [1.9493263959884644, 1.0, 0.020327776670455933], "k_pid_att": [100.0, 0.008071742951869965, 0.9908406138420105], "k_pid_yaw": [0.5, 1e-06, 0.1], "k_pid_hsp": [9.967955589294434, 0.9938451051712036, 0.010128378868103027], "k_pid_vsp": [28.050994873046875, 390.0620422363281, 2.506376266479492]}, "datetime": {"datetime": "2025-08-21 23:56:25", "elapsed": 54702.31369686127, "delta": 22.990267276763916}, "costs": {"total_cost": 677.5801624510192, "time_cost": 150, "final_distance_cost": 71.27708961626212, "oscillation_cost": 133.5872386374658, "completition_cost": 222.2222222222222, "overshoot_cost": 59.49854517343231, "power_cost": 24.213584863281252, "noise_cost": 16.781481938355633, "n_waypoints_completed": 7, "tot_waypoints": 9}}
{"target": -665.5229248096646, "params": {"k_pid_pos": [2.0, 0.9974454045295715, 1.0], "k_pid_alt": [1.9759858846664429, 1.0, 0.006069481372833252], "k_pid_att": [100.0, 0.040409624576568604, 0.985118567943573], "k_pid_yaw": [0.5, 1e-06, 0.1], "k_pid_hsp": [8.855186462402344, 0.9896554946899414, 0.0038140416145324707], "k_pid_vsp": [7.808101177215576, 399.4884948730469, 4.645968437194824]}, "datetime": {"datetime": "2025-08-21 23:56:48", "elapsed": 54725.192913770676, "delta": 22.87921690940857}, "costs": {"total_cost": 665.5229248096646, "time_cost": 150, "final_distance_cost": 62.743897068740694, "oscillation_cost": 137.04706239353305, "completition_cost": 222.2222222222222, "overshoot_cost": 53.93331212756154, "power_cost": 23.57893709716797, "noise_cost": 15.997493900439055, "n_waypoints_completed": 7, "tot_waypoints": 9}}
{"target": -732.8108836201188, "params": {"k_pid_pos": [2.0, 0.9929214715957642, 0.9999997019767761], "k_pid_alt": [1.9633712768554688, 1.0, 0.01219862699508667], "k_pid_att": [100.0, 0.09531925618648529, 0.9889905452728271], "k_pid_yaw": [0.5, 1e-06, 0.1], "k_pid_hsp": [9.976524353027344, 0.9813267588615417, 0.030922025442123413], "k_pid_vsp": [0.3390789031982422, 389.561279296875, 1.663912296295166]}, "datetime": {"datetime": "2025-08-21 23:57:10", "elapsed": 54747.28304648399, "delta": 22.09013271331787}, "costs": {"total_cost": 732.8108836201188, "time_cost": 150, "final_distance_cost": 70.40357490138763, "oscillation_cost": 200.9132428941971, "completition_cost": 222.2222222222222, "overshoot_cost": 52.47958935442395, "power_cost": 20.867538330078126, "noise_cost": 15.924715917809836, "n_waypoints_completed": 7, "tot_waypoints": 9}}
{"target": -1222.0255239351443, "params": {"k_pid_pos": [2.0, 0.995688259601593, 1.0], "k_pid_alt": [1.9928265810012817, 1.0, 0.006866484880447388], "k_pid_att": [100.0, 0.14213883876800537, 0.9935543537139893], "k_pid_yaw": [0.5, 1e-06, 0.1], "k_pid_hsp": [9.908834457397461, 0.9900330305099487, 0.0120924711227417], "k_pid_vsp": [1.5720248222351074, 379.9410095214844, 1.7602334022521973]}, "datetime": {"datetime": "2025-08-21 23:57:34", "elapsed": 54770.880793094635, "delta": 23.59774661064148}, "costs": {"total_cost": 1222.0255239351443, "time_cost": 150, "final_distance_cost": 135.5362096588688, "oscillation_cost": 241.74351743155592, "completition_cost": 555.5555555555555, "overshoot_cost": 108.50593920308359, "power_cost": 17.28785086669922, "noise_cost": 13.3964512193811, "n_waypoints_completed": 4, "tot_waypoints": 9}}
{"target": -658.7143617104414, "params": {"k_pid_pos": [2.0, 0.9966767430305481, 1.0], "k_pid_alt": [1.9958765506744385, 1.0, 0.007241547107696533], "k_pid_att": [100.0, 0.09368818998336792, 0.9982478618621826], "k_pid_yaw": [0.5, 1e-06, 0.1], "k_pid_hsp": [9.232851028442383, 0.9659950733184814, 0.015492886304855347], "k_pid_vsp": [1.4977335929870605, 393.9070129394531, 0.5078445076942444]}, "datetime": {"datetime": "2025-08-21 23:57:55", "elapsed": 54792.203164577484, "delta": 21.32237148284912}, "costs": {"total_cost": 658.7143617104414, "time_cost": 150, "final_distance_cost": 66.63386384158976, "oscillation_cost": 122.67842297131557, "completition_cost": 222.2222222222222, "overshoot_cost": 52.77224510170056, "power_cost": 25.710799584960938, "noise_cost": 18.69680798865235, "n_waypoints_completed": 7, "tot_waypoints": 9}}
{"target": -699.5352443896589, "params": {"k_pid_pos": [2.0, 0.9824293851852417, 1.0], "k_pid_alt": [1.9976842403411865, 1.0, 0.002523958683013916], "k_pid_att": [100.0, 0.14374306797981262, 0.9979068040847778], "k_pid_yaw": [0.5, 1e-06, 0.1], "k_pid_hsp": [9.966984748840332, 0.9117808938026428, 0.019265323877334595], "k_pid_vsp": [2.3604512214660645, 397.9916076660156, 3.4695754051208496]}, "datetime": {"datetime": "2025-08-21 23:58:22", "elapsed": 54818.79760479927, "delta": 26.5944402217865}, "costs": {"total_cost": 699.5352443896589, "time_cost": 150, "final_distance_cost": 72.30478271637905, "oscillation_cost": 158.2974885019835, "completition_cost": 222.2222222222222, "overshoot_cost": 55.163999120538364, "power_cost": 23.87369443359375, "noise_cost": 17.67305739494198, "n_waypoints_completed": 7, "tot_waypoints": 9}}
{"target": -684.3685220683049, "params": {"k_pid_pos": [2.0, 0.9766571521759033, 1.0], "k_pid_alt": [1.988025426864624, 1.0, 0.03396978974342346], "k_pid_att": [100.0, 0.021070491522550583, 0.9738372564315796], "k_pid_yaw": [0.5, 1e-06, 0.1], "k_pid_hsp": [9.942448616027832, 0.9924468994140625, 0.06734323501586914], "k_pid_vsp": [3.5696029663085938, 393.9157409667969, 2.792621612548828]}, "datetime": {"datetime": "2025-08-21 23:58:45", "elapsed": 54841.459350824356, "delta": 22.66174602508545}, "costs": {"total_cost": 684.3685220683049, "time_cost": 150, "final_distance_cost": 68.4606795291171, "oscillation_cost": 146.9543694741941, "completition_cost": 222.2222222222222, "overshoot_cost": 52.00948899592851, "power_cost": 25.671998364257814, "noise_cost": 19.049763482585284, "n_waypoints_completed": 7, "tot_waypoints": 9}}
{"target": -700.1622353319827, "params": {"k_pid_pos": [2.0, 0.9984821081161499, 1.0], "k_pid_alt": [1.9551806449890137, 1.0, 0.04352527856826782], "k_pid_att": [100.0, 0.28622445464134216, 0.9913330078125], "k_pid_yaw": [0.5, 1e-06, 0.1], "k_pid_hsp": [9.739910125732422, 0.9994178414344788, 0.016730129718780518], "k_pid_vsp": [2.306222915649414, 399.0669860839844, 3.686035633087158]}, "datetime": {"datetime": "2025-08-21 23:59:08", "elapsed": 54864.51770401001, "delta": 23.058353185653687}, "costs": {"total_cost": 700.1622353319827, "time_cost": 150, "final_distance_cost": 74.93880448807865, "oscillation_cost": 163.84818160505893, "completition_cost": 222.2222222222222, "overshoot_cost": 55.50997847486194, "power_cost": 19.392442785644533, "noise_cost": 14.250605756116608, "n_waypoints_completed": 7, "tot_waypoints": 9}}
{"target": -689.965439809952, "params": {"k_pid_pos": [2.0, 0.9940098524093628, 1.0], "k_pid_alt": [1.9884437322616577, 1.0, 0.03399047255516052], "k_pid_att": [100.0, 0.027675217017531395, 0.9937844276428223], "k_pid_yaw": [0.5, 1e-06, 0.1], "k_pid_hsp": [9.972846031188965, 0.9885021448135376, 0.011758863925933838], "k_pid_vsp": [1.2537121772766113, 396.39276123046875, 1.172126293182373]}, "datetime": {"datetime": "2025-08-21 23:59:31", "elapsed": 54887.55292701721, "delta": 23.03522300720215}, "costs": {"total_cost": 689.965439809952, "time_cost": 150, "final_distance_cost": 71.32833036321485, "oscillation_cost": 148.61900831887044, "completition_cost": 222.2222222222222, "overshoot_cost": 55.05814678469012, "power_cost": 24.818426867675782, "noise_cost": 17.919305253278562, "n_waypoints_completed": 7, "tot_waypoints": 9}}
{"target": -561.4148003161988, "params": {"k_pid_pos": [2.0, 0.897000789642334, 1.0], "k_pid_alt": [1.9658616781234741, 1.0, 0.034084051847457886], "k_pid_att": [100.0, 0.03985262289643288, 0.9879595041275024], "k_pid_yaw": [0.5, 1e-06, 0.1], "k_pid_hsp": [9.825207710266113, 0.9975764751434326, 0.004896223545074463], "k_pid_vsp": [4.126787185668945, 395.6979675292969, 3.1970748901367188]}, "datetime": {"datetime": "2025-08-21 23:59:53", "elapsed": 54909.621217250824, "delta": 22.06829023361206}, "costs": {"total_cost": 561.4148003161988, "time_cost": 150, "final_distance_cost": 41.36248494163418, "oscillation_cost": 167.13032015964126, "completition_cost": 111.11111111111116, "overshoot_cost": 58.86045764156701, "power_cost": 19.164923596191407, "noise_cost": 13.785502866053806, "n_waypoints_completed": 8, "tot_waypoints": 9}}
{"target": -566.5251833245622, "params": {"k_pid_pos": [2.0, 0.9834487438201904, 1.0], "k_pid_alt": [1.990673542022705, 1.0, 0.009891986846923828], "k_pid_att": [100.0, 0.031602825969457626, 0.9951816201210022], "k_pid_yaw": [0.5, 1e-06, 0.1], "k_pid_hsp": [9.755013465881348, 0.994916558265686, 0.00066414475440979], "k_pid_vsp": [4.0904998779296875, 397.4320373535156, 2.8955230712890625]}, "datetime": {"datetime": "2025-08-22 00:00:19", "elapsed": 54935.70876288414, "delta": 26.08754563331604}, "costs": {"total_cost": 566.5251833245622, "time_cost": 150, "final_distance_cost": 59.95214772446522, "oscillation_cost": 155.494865214312, "completition_cost": 111.11111111111116, "overshoot_cost": 56.749873672694285, "power_cost": 19.383018371582033, "noise_cost": 13.834167230397634, "n_waypoints_completed": 8, "tot_waypoints": 9}}
{"target": -349.8405255902154, "params": {"k_pid_pos": [2.0, 0.9920428395271301, 1.0], "k_pid_alt": [1.987012505531311, 1.0, 0.01844477653503418], "k_pid_att": [100.0, 0.14232181012630463, 0.9793664216995239], "k_pid_yaw": [0.5, 1e-06, 0.1], "k_pid_hsp": [9.622819900512695, 0.9942786693572998, 0.009589791297912598], "k_pid_vsp": [8.349763870239258, 397.52960205078125, 3.094423770904541]}, "datetime": {"datetime": "2025-08-22 00:00:41", "elapsed": 54958.37349867821, "delta": 22.664735794067383}, "costs": {"total_cost": 349.8405255902154, "time_cost": 97.032, "final_distance_cost": 1.7749454469166954, "oscillation_cost": 155.68608278232622, "completition_cost": 0.0, "overshoot_cost": 58.803486017789695, "power_cost": 21.465424609375003, "noise_cost": 15.078586733807816, "n_waypoints_completed": 9, "tot_waypoints": 9}}
{"target": -720.4774452812475, "params": {"k_pid_pos": [2.0, 0.997752845287323, 0.9999992847442627], "k_pid_alt": [1.9974968433380127, 1.0, 0.008714556694030762], "k_pid_att": [100.0, 0.08150572329759598, 0.9948770999908447], "k_pid_yaw": [0.5, 1e-06, 0.1], "k_pid_hsp": [9.96473217010498, 0.9888238906860352, 0.03939551115036011], "k_pid_vsp": [2.424943447113037, 374.3629455566406, 0.5828867554664612]}, "datetime": {"datetime": "2025-08-22 00:01:05", "elapsed": 54981.560366630554, "delta": 23.1868679523468}, "costs": {"total_cost": 720.4774452812475, "time_cost": 150, "final_distance_cost": 62.96450099576045, "oscillation_cost": 186.17073484539347, "completition_cost": 222.2222222222222, "overshoot_cost": 57.238258859512015, "power_cost": 23.89974655761719, "noise_cost": 17.98198180074209, "n_waypoints_completed": 7, "tot_waypoints": 9}}
{"target": -945.3841384743769, "params": {"k_pid_pos": [2.0, 0.9877728223800659, 1.0], "k_pid_alt": [1.9708666801452637, 1.0, 0.0158025324344635], "k_pid_att": [100.0, 0.22346647083759308, 0.9907810688018799], "k_pid_yaw": [0.5, 1e-06, 0.1], "k_pid_hsp": [9.977397918701172, 0.9633546471595764, 0.10708653926849365], "k_pid_vsp": [4.476261138916016, 396.9181213378906, 5.175174236297607]}, "datetime": {"datetime": "2025-08-22 00:01:28", "elapsed": 55005.249505758286, "delta": 23.689139127731323}, "costs": {"total_cost": 945.3841384743769, "time_cost": 150, "final_distance_cost": 52.062404254852694, "oscillation_cost": 208.79423769846875, "completition_cost": 444.4444444444444, "overshoot_cost": 53.009210080418946, "power_cost": 20.9828833984375, "noise_cost": 16.09095859775462, "n_waypoints_completed": 5, "tot_waypoints": 9}}
{"target": -685.2425653288475, "params": {"k_pid_pos": [2.0, 0.9811111092567444, 1.0], "k_pid_alt": [1.977262020111084, 1.0, 0.006442338228225708], "k_pid_att": [100.0, 0.06072774901986122, 0.9915415048599243], "k_pid_yaw": [0.5, 1e-06, 0.1], "k_pid_hsp": [9.871681213378906, 0.9740989804267883, 0.009114086627960205], "k_pid_vsp": [2.644681930541992, 398.67010498046875, 26.828624725341797]}, "datetime": {"datetime": "2025-08-22 00:01:51", "elapsed": 55027.78390288353, "delta": 22.53439712524414}, "costs": {"total_cost": 685.2425653288475, "time_cost": 150, "final_distance_cost": 68.89711236151132, "oscillation_cost": 144.18398062813247, "completition_cost": 222.2222222222222, "overshoot_cost": 55.35475282193897, "power_cost": 24.88112076416016, "noise_cost": 19.703376530882373, "n_waypoints_completed": 7, "tot_waypoints": 9}}
{"target": -333.8361118463509, "params": {"k_pid_pos": [2.0, 0.9876793622970581, 1.0], "k_pid_alt": [1.9833718538284302, 1.0, 0.019035160541534424], "k_pid_att": [100.0, 0.4833657443523407, 0.996143639087677], "k_pid_yaw": [0.5, 1e-06, 0.1], "k_pid_hsp": [9.969045639038086, 0.9843845963478088, 0.008186638355255127], "k_pid_vsp": [8.150553703308105, 398.78607177734375, 1.2619028091430664]}, "datetime": {"datetime": "2025-08-22 00:02:14", "elapsed": 55050.954975128174, "delta": 23.171072244644165}, "costs": {"total_cost": 333.8361118463509, "time_cost": 94.648, "final_distance_cost": 1.754188796355669, "oscillation_cost": 139.8167701799539, "completition_cost": 0.0, "overshoot_cost": 58.21467602007169, "power_cost": 22.304521752929688, "noise_cost": 17.097955097039996, "n_waypoints_completed": 9, "tot_waypoints": 9}}
{"target": -496.976901334718, "params": {"k_pid_pos": [2.0, 0.9895493984222412, 1.0], "k_pid_alt": [1.972320556640625, 1.0, 0.02389279007911682], "k_pid_att": [100.0, 0.03284110128879547, 0.9979856014251709], "k_pid_yaw": [0.5, 1e-06, 0.1], "k_pid_hsp": [9.9647855758667, 0.9954371452331543, 0.0035791397094726562], "k_pid_vsp": [0.33752918243408203, 372.5707092285156, 7.3696980476379395]}, "datetime": {"datetime": "2025-08-22 00:02:40", "elapsed": 55077.01833367348, "delta": 26.063358545303345}, "costs": {"total_cost": 496.976901334718, "time_cost": 150, "final_distance_cost": 4.820405454964045, "oscillation_cost": 123.91748163394081, "completition_cost": 111.11111111111116, "overshoot_cost": 66.17861368427889, "power_cost": 23.912236389160157, "noise_cost": 17.037053061262927, "n_waypoints_completed": 8, "tot_waypoints": 9}}
{"target": -720.19039471812, "params": {"k_pid_pos": [2.0, 0.9900253415107727, 1.0], "k_pid_alt": [1.8120591640472412, 1.0, 0.016906827688217163], "k_pid_att": [100.0, 0.14695006608963013, 0.985909640789032], "k_pid_yaw": [0.5, 1e-06, 0.1], "k_pid_hsp": [9.970865249633789, 0.998571515083313, 0.02097421884536743], "k_pid_vsp": [1.3437271118164062, 398.77862548828125, 7.500434875488281]}, "datetime": {"datetime": "2025-08-22 00:03:03", "elapsed": 55099.8736307621, "delta": 22.855297088623047}, "costs": {"total_cost": 720.19039471812, "time_cost": 150, "final_distance_cost": 64.47505753639278, "oscillation_cost": 192.62756118449113, "completition_cost": 222.2222222222222, "overshoot_cost": 53.12867252200869, "power_cost": 21.42679968261719, "noise_cost": 16.310081570388032, "n_waypoints_completed": 7, "tot_waypoints": 9}}
{"target": -795.6473295496473, "params": {"k_pid_pos": [2.0, 0.9957751035690308, 1.0], "k_pid_alt": [1.9987797737121582, 1.0, 0.012602120637893677], "k_pid_att": [100.0, 0.1481543779373169, 0.9950236082077026], "k_pid_yaw": [0.5, 1e-06, 0.1], "k_pid_hsp": [9.955425262451172, 0.951898455619812, 0.003965824842453003], "k_pid_vsp": [7.116377353668213, 398.15753173828125, 12.225247383117676]}, "datetime": {"datetime": "2025-08-22 00:03:28", "elapsed": 55125.22175693512, "delta": 25.34812617301941}, "costs": {"total_cost": 795.6473295496473, "time_cost": 150, "final_distance_cost": 74.25607201954051, "oscillation_cost": 151.14739524094497, "completition_cost": 333.33333333333337, "overshoot_cost": 53.82147346023483, "power_cost": 18.518147802734376, "noise_cost": 14.570907692859244, "n_waypoints_completed": 6, "tot_waypoints": 9}}
{"target": -352.0915148939597, "params": {"k_pid_pos": [2.0, 0.9951580166816711, 1.0], "k_pid_alt": [1.9427521228790283, 1.0, 0.007988303899765015], "k_pid_att": [100.0, 0.4923674464225769, 0.7660386562347412], "k_pid_yaw": [0.5, 1e-06, 0.1], "k_pid_hsp": [9.921236991882324, 0.9670854806900024, 0.01060834527015686], "k_pid_vsp": [3.2729029655456543, 394.97320556640625, 12.35702133178711]}, "datetime": {"datetime": "2025-08-22 00:03:53", "elapsed": 55149.54838061333, "delta": 24.326623678207397}, "costs": {"total_cost": 352.0915148939597, "time_cost": 97.976, "final_distance_cost": 1.7775313906700854, "oscillation_cost": 151.45461460237345, "completition_cost": 0.0, "overshoot_cost": 60.62028652013568, "power_cost": 22.818799230957033, "noise_cost": 17.444283149823427, "n_waypoints_completed": 9, "tot_waypoints": 9}}
{"target": -835.4082754333309, "params": {"k_pid_pos": [2.0, 0.98757004737854, 1.0], "k_pid_alt": [1.9855334758758545, 1.0, 0.0039041340351104736], "k_pid_att": [100.0, 0.44134339690208435, 0.9849005937576294], "k_pid_yaw": [0.5, 1e-06, 0.1], "k_pid_hsp": [9.943646430969238, 0.9915949106216431, 0.0021618902683258057], "k_pid_vsp": [13.329208374023438, 398.9830627441406, 15.560604095458984]}, "datetime": {"datetime": "2025-08-22 00:04:18", "elapsed": 55174.95329904556, "delta": 25.404918432235718}, "costs": {"total_cost": 835.4082754333309, "time_cost": 150, "final_distance_cost": 44.60571750014062, "oscillation_cost": 99.70916787170599, "completition_cost": 444.4444444444444, "overshoot_cost": 55.18507176940878, "power_cost": 24.58774051513672, "noise_cost": 16.8761333324944, "n_waypoints_completed": 5, "tot_waypoints": 9}}
{"target": -554.1510141254639, "params": {"k_pid_pos": [2.0, 0.9984233379364014, 1.0], "k_pid_alt": [1.9382928609848022, 1.0, 0.009870260953903198], "k_pid_att": [99.99999237060547, 0.01946803741157055, 0.9737919569015503], "k_pid_yaw": [0.5, 1e-06, 0.1], "k_pid_hsp": [9.6008939743042, 0.9587379693984985, 0.006515294313430786], "k_pid_vsp": [1.971137523651123, 399.0486755371094, 1.55389404296875]}, "datetime": {"datetime": "2025-08-22 00:04:39", "elapsed": 55196.25021028519, "delta": 21.296911239624023}, "costs": {"total_cost": 554.1510141254639, "time_cost": 150, "final_distance_cost": 23.55463448403144, "oscillation_cost": 174.79369772751184, "completition_cost": 111.11111111111116, "overshoot_cost": 59.28342691614842, "power_cost": 20.903932690429688, "noise_cost": 14.504211196231346, "n_waypoints_completed": 8, "tot_waypoints": 9}}
{"target": -777.0463686875521, "params": {"k_pid_pos": [2.0, 0.9917505383491516, 1.0], "k_pid_alt": [1.9727957248687744, 1.0, 0.0030384957790374756], "k_pid_att": [100.0, 0.05191052332520485, 0.9951697587966919], "k_pid_yaw": [0.5, 1e-06, 0.1], "k_pid_hsp": [9.817000389099121, 0.9962334632873535, 0.004537045955657959], "k_pid_vsp": [1.1897802352905273, 398.4672546386719, 1.1168489456176758]}, "datetime": {"datetime": "2025-08-22 00:05:03", "elapsed": 55219.82612156868, "delta": 23.575911283493042}, "costs": {"total_cost": 777.0463686875521, "time_cost": 150, "final_distance_cost": 67.33098421514708, "oscillation_cost": 126.40755013105984, "completition_cost": 333.33333333333337, "overshoot_cost": 58.59519459342877, "power_cost": 24.630961572265626, "noise_cost": 16.748344842317437, "n_waypoints_completed": 6, "tot_waypoints": 9}}
