{"target": -281.33061831322044, "params": {"k_pid_pos": [1.999999761581421, 0.9100484848022461, 0.992213785648346], "k_pid_alt": [1.991248369216919, 1.0, 0.010387539863586426], "k_pid_att": [100.0, 1.0469855070114136, 0.9800992012023926], "k_pid_yaw": [0.5, 1e-06, 0.1], "k_pid_hsp": [9.439216613769531, 0.7494089603424072, 0.006443798542022705], "k_pid_vsp": [75.95098114013672, 373.4876708984375, 46.9029655456543]}, "datetime": {"datetime": "2025-08-21 11:22:19", "elapsed": 9455.856197595596, "delta": 19.936448335647583}, "costs": {"total_cost": 281.33061831322044, "time_cost": 83.85600000000001, "final_distance_cost": 1.7411800685470173, "oscillation_cost": 115.49308310745629, "completition_cost": 0.0, "overshoot_cost": 53.288750989619274, "power_cost": 14.140460070800781, "noise_cost": 12.811144076797047, "n_waypoints_completed": 9, "tot_waypoints": 9}}
{"target": -774.9480843808648, "params": {"k_pid_pos": [2.0, 0.947219967842102, 0.9574532508850098], "k_pid_alt": [1.849087119102478, 1.0, 0.01861441135406494], "k_pid_att": [100.0, 0.7400833964347839, 0.9597941637039185], "k_pid_yaw": [0.5, 1e-06, 0.1], "k_pid_hsp": [9.654397964477539, 0.9947986602783203, 0.002795606851577759], "k_pid_vsp": [86.98946380615234, 353.0885314941406, 7.363189220428467]}, "datetime": {"datetime": "2025-08-21 11:22:42", "elapsed": 9479.364296674728, "delta": 23.50809907913208}, "costs": {"total_cost": 774.9480843808648, "time_cost": 150, "final_distance_cost": 68.97806372173913, "oscillation_cost": 139.03610554402718, "completition_cost": 333.33333333333337, "overshoot_cost": 50.448431692919534, "power_cost": 17.860381481933594, "noise_cost": 15.291768606912013, "n_waypoints_completed": 6, "tot_waypoints": 9}}
{"target": -912.0506237299112, "params": {"k_pid_pos": [2.0, 0.9728227257728577, 5.0067901611328125e-06], "k_pid_alt": [1.985936164855957, 1.0, 0.006765633821487427], "k_pid_att": [99.90617370605469, 0.17542292177677155, 0.8615148067474365], "k_pid_yaw": [0.5, 1e-06, 0.1], "k_pid_hsp": [9.894867897033691, 0.986991822719574, 0.0033347904682159424], "k_pid_vsp": [89.30640411376953, 394.6461181640625, 14.348782539367676]}, "datetime": {"datetime": "2025-08-21 11:23:06", "elapsed": 9503.068040132523, "delta": 23.70374345779419}, "costs": {"total_cost": 912.0506237299112, "time_cost": 150, "final_distance_cost": 46.04559719621533, "oscillation_cost": 70.37329997740152, "completition_cost": 555.5555555555555, "overshoot_cost": 49.947303527373315, "power_cost": 23.61266903076172, "noise_cost": 16.516198442603766, "n_waypoints_completed": 4, "tot_waypoints": 9}}
{"target": -1039.1059788860116, "params": {"k_pid_pos": [2.0, 0.960742712020874, 0.0], "k_pid_alt": [1.9938490390777588, 1.0, 0.06105679273605347], "k_pid_att": [100.0, 0.25895529985427856, 0.9836971759796143], "k_pid_yaw": [0.5, 1e-06, 0.1], "k_pid_hsp": [9.300820350646973, 0.9630457162857056, 0.009364098310470581], "k_pid_vsp": [24.711597442626953, 397.6955871582031, 3.4657130241394043]}, "datetime": {"datetime": "2025-08-21 11:23:32", "elapsed": 9529.021610975266, "delta": 25.95357084274292}, "costs": {"total_cost": 1039.1059788860116, "time_cost": 150, "final_distance_cost": 54.53433108094249, "oscillation_cost": 71.60023459269341, "completition_cost": 666.6666666666667, "overshoot_cost": 53.03415520639333, "power_cost": 24.631927856445312, "noise_cost": 18.63866348287037, "n_waypoints_completed": 3, "tot_waypoints": 9}}
{"target": -1261.268131166786, "params": {"k_pid_pos": [0.07281182706356049, 0.9912946820259094, 5.960464477539063e-08], "k_pid_alt": [1.9785261154174805, 0.9999996423721313, 0.01584199070930481], "k_pid_att": [100.0, 0.2695886492729187, 0.9369137287139893], "k_pid_yaw": [0.5, 1e-06, 0.1], "k_pid_hsp": [9.01679801940918, 0.9932103753089905, 0.013430029153823853], "k_pid_vsp": [16.547035217285156, 280.2552795410156, 5.137086868286133]}, "datetime": {"datetime": "2025-08-21 11:23:58", "elapsed": 9555.326883792877, "delta": 26.305272817611694}, "costs": {"total_cost": 1261.268131166786, "time_cost": 150, "final_distance_cost": 59.247772231720454, "oscillation_cost": 79.91326016068135, "completition_cost": 888.8888888888888, "overshoot_cost": 46.44822352017104, "power_cost": 21.741632348632812, "noise_cost": 15.028354016691468, "n_waypoints_completed": 1, "tot_waypoints": 9}}
{"target": -1360.0378817209046, "params": {"k_pid_pos": [9.999999747378752e-05, 0.9501585960388184, 0.0008615851402282715], "k_pid_alt": [1.880286693572998, 1.0, 0.06127357482910156], "k_pid_att": [100.0, 0.290892630815506, 0.9829348921775818], "k_pid_yaw": [0.5, 1e-06, 0.1], "k_pid_hsp": [9.782115936279297, 0.9904927015304565, 0.038372308015823364], "k_pid_vsp": [3.7384867668151855, 385.4299621582031, 16.220190048217773]}, "datetime": {"datetime": "2025-08-21 11:24:22", "elapsed": 9579.39657497406, "delta": 24.06969118118286}, "costs": {"total_cost": 1360.0378817209046, "time_cost": 150, "final_distance_cost": 52.51029236649178, "oscillation_cost": 77.12001475568637, "completition_cost": 1000.0, "overshoot_cost": 43.43661353190064, "power_cost": 21.896447900390626, "noise_cost": 15.074513166434963, "n_waypoints_completed": 0, "tot_waypoints": 9}}
{"target": -1298.158020146742, "params": {"k_pid_pos": [0.45838457345962524, 0.981859028339386, 0.9999696016311646], "k_pid_alt": [1.8915743827819824, 1.0, 0.05778905749320984], "k_pid_att": [100.0, 0.1455446034669876, 0.9735374450683594], "k_pid_yaw": [0.5, 1e-06, 0.1], "k_pid_hsp": [9.965855598449707, 0.9302831888198853, 0.025232762098312378], "k_pid_vsp": [7.44096040725708, 346.1806640625, 4.817558288574219]}, "datetime": {"datetime": "2025-08-21 11:24:46", "elapsed": 9602.813172340393, "delta": 23.416597366333008}, "costs": {"total_cost": 1298.158020146742, "time_cost": 150, "final_distance_cost": 86.87243031367247, "oscillation_cost": 211.0095205193531, "completition_cost": 777.7777777777778, "overshoot_cost": 35.2262288972589, "power_cost": 21.937543505859377, "noise_cost": 15.334519132820544, "n_waypoints_completed": 2, "tot_waypoints": 9}}
{"target": -932.7385423497249, "params": {"k_pid_pos": [2.0, 0.9372460842132568, 0.0010016262531280518], "k_pid_alt": [1.9151376485824585, 1.0, 0.02400687336921692], "k_pid_att": [99.81649780273438, 0.23809002339839935, 0.9707207083702087], "k_pid_yaw": [0.5, 1e-06, 0.1], "k_pid_hsp": [9.372098922729492, 0.9864862561225891, 0.028419077396392822], "k_pid_vsp": [48.512413024902344, 396.1686706542969, 59.87451171875]}, "datetime": {"datetime": "2025-08-21 11:25:09", "elapsed": 9626.09860253334, "delta": 23.285430192947388}, "costs": {"total_cost": 932.7385423497249, "time_cost": 150, "final_distance_cost": 50.540581543859986, "oscillation_cost": 85.56049671863413, "completition_cost": 555.5555555555555, "overshoot_cost": 53.027866669573825, "power_cost": 21.211260864257813, "noise_cost": 16.842780997843686, "n_waypoints_completed": 4, "tot_waypoints": 9}}
{"target": -1372.3845631252664, "params": {"k_pid_pos": [0.00010149004083359614, 0.5130773186683655, 8.940696716308594e-08], "k_pid_alt": [1.987075686454773, 1.0, 0.028173089027404785], "k_pid_att": [100.0, 0.5390055179595947, 0.906277060508728], "k_pid_yaw": [0.5, 1e-06, 0.1], "k_pid_hsp": [9.673431396484375, 0.9809805154800415, 0.2027248740196228], "k_pid_vsp": [2.0114660263061523, 392.96728515625, 4.375065326690674]}, "datetime": {"datetime": "2025-08-21 11:25:32", "elapsed": 9649.025758266449, "delta": 22.92715573310852}, "costs": {"total_cost": 1372.3845631252664, "time_cost": 150, "final_distance_cost": 68.52420156089465, "oscillation_cost": 187.3255767630309, "completition_cost": 888.8888888888888, "overshoot_cost": 39.36045878529925, "power_cost": 22.70000361328125, "noise_cost": 15.585433513871498, "n_waypoints_completed": 1, "tot_waypoints": 9}}
{"target": -1213.1705756221945, "params": {"k_pid_pos": [1.9993922710418701, 0.9903398752212524, 0.0724957287311554], "k_pid_alt": [1.9756144285202026, 0.9999998807907104, 0.011180609464645386], "k_pid_att": [100.0, 0.13859567046165466, 0.955236554145813], "k_pid_yaw": [0.5, 1e-06, 0.1], "k_pid_hsp": [8.452545166015625, 0.9125418663024902, 0.1307973563671112], "k_pid_vsp": [8.188068389892578, 271.06756591796875, 13.677729606628418]}, "datetime": {"datetime": "2025-08-21 11:25:56", "elapsed": 9672.547739505768, "delta": 23.521981239318848}, "costs": {"total_cost": 1213.1705756221945, "time_cost": 150, "final_distance_cost": 74.2987249578227, "oscillation_cost": 132.46653689787672, "completition_cost": 777.7777777777778, "overshoot_cost": 45.25524241120222, "power_cost": 19.25010166015625, "noise_cost": 14.122191917358506, "n_waypoints_completed": 2, "tot_waypoints": 9}}
{"target": -1207.0894083107844, "params": {"k_pid_pos": [1.9999988079071045, 0.8888153433799744, 3.3080577850341797e-06], "k_pid_alt": [1.723022699356079, 1.3202428817749023e-05, 0.07684385776519775], "k_pid_att": [100.0, 0.16383977234363556, 0.9848345518112183], "k_pid_yaw": [0.5, 1e-06, 0.1], "k_pid_hsp": [9.965178489685059, 0.9454905986785889, 0.04568570852279663], "k_pid_vsp": [3.0390381813049316, 386.2722473144531, 0.5039821267127991]}, "datetime": {"datetime": "2025-08-21 11:26:19", "elapsed": 9695.825590848923, "delta": 23.277851343154907}, "costs": {"total_cost": 1207.0894083107844, "time_cost": 150, "final_distance_cost": 89.44333162538953, "oscillation_cost": 99.27719150405999, "completition_cost": 777.7777777777778, "overshoot_cost": 54.39896660550041, "power_cost": 21.375482336425783, "noise_cost": 14.816658461630762, "n_waypoints_completed": 2, "tot_waypoints": 9}}
{"target": -848.9354477025848, "params": {"k_pid_pos": [2.0, 0.9739232063293457, 0.7963984608650208], "k_pid_alt": [1.9745709896087646, 1.0, 0.1082007884979248], "k_pid_att": [99.99996185302734, 0.4570120871067047, 0.9908629059791565], "k_pid_yaw": [0.5, 1e-06, 0.1], "k_pid_hsp": [9.3668212890625, 0.8786139488220215, 0.025172024965286255], "k_pid_vsp": [64.26553344726562, 370.2578430175781, 3.594149112701416]}, "datetime": {"datetime": "2025-08-21 11:26:42", "elapsed": 9718.859009742737, "delta": 23.033418893814087}, "costs": {"total_cost": 848.9354477025848, "time_cost": 150, "final_distance_cost": 45.37643182002171, "oscillation_cost": 122.58395456494341, "completition_cost": 444.4444444444444, "overshoot_cost": 51.7404234688917, "power_cost": 19.93572283935547, "noise_cost": 14.854470564928222, "n_waypoints_completed": 5, "tot_waypoints": 9}}
{"target": -1214.1111100994997, "params": {"k_pid_pos": [1.3379292488098145, 0.988851010799408, 0.014515221118927002], "k_pid_alt": [1.8250622749328613, 0.9999998211860657, 0.004967808723449707], "k_pid_att": [100.0, 0.07873502373695374, 0.9449089765548706], "k_pid_yaw": [0.5, 1e-06, 0.1], "k_pid_hsp": [9.654288291931152, 0.826808512210846, 0.039084672927856445], "k_pid_vsp": [8.629453659057617, 396.911376953125, 2.100301742553711]}, "datetime": {"datetime": "2025-08-21 11:27:05", "elapsed": 9742.072149515152, "delta": 23.21313977241516}, "costs": {"total_cost": 1214.1111100994997, "time_cost": 150, "final_distance_cost": 91.03124315233477, "oscillation_cost": 116.9561914142549, "completition_cost": 777.7777777777778, "overshoot_cost": 46.241887494020695, "power_cost": 18.607237463378908, "noise_cost": 13.49677279773282, "n_waypoints_completed": 2, "tot_waypoints": 9}}
{"target": -1098.6391013150558, "params": {"k_pid_pos": [1.990739345550537, 0.8394520282745361, 0.000612109899520874], "k_pid_alt": [1.602051019668579, 1.0, 0.01581135392189026], "k_pid_att": [99.99990844726562, 0.25142911076545715, 0.9737845063209534], "k_pid_yaw": [0.5, 1e-06, 0.1], "k_pid_hsp": [9.846535682678223, 0.9681777358055115, 0.07612788677215576], "k_pid_vsp": [85.46633911132812, 280.97235107421875, 4.004693984985352]}, "datetime": {"datetime": "2025-08-21 11:27:28", "elapsed": 9765.22964167595, "delta": 23.15749216079712}, "costs": {"total_cost": 1098.6391013150558, "time_cost": 150, "final_distance_cost": 87.23089613892304, "oscillation_cost": 101.4632938069224, "completition_cost": 666.6666666666667, "overshoot_cost": 54.00899967532141, "power_cost": 22.80593327636719, "noise_cost": 16.463311750855055, "n_waypoints_completed": 3, "tot_waypoints": 9}}
{"target": -851.2945819751613, "params": {"k_pid_pos": [1.9999580383300781, 0.6848217248916626, 0.2887338697910309], "k_pid_alt": [1.1026368141174316, 1.0, 0.014974623918533325], "k_pid_att": [100.0, 0.7284579277038574, 0.9818381071090698], "k_pid_yaw": [0.5, 1e-06, 0.1], "k_pid_hsp": [9.339959144592285, 0.9628841280937195, 0.024624377489089966], "k_pid_vsp": [6.307864189147949, 391.9222412109375, 23.33547019958496]}, "datetime": {"datetime": "2025-08-21 11:27:52", "elapsed": 9788.43804693222, "delta": 23.208405256271362}, "costs": {"total_cost": 851.2945819751613, "time_cost": 150, "final_distance_cost": 59.266776379164384, "oscillation_cost": 108.28350113352906, "completition_cost": 444.4444444444444, "overshoot_cost": 51.56635625282866, "power_cost": 21.207306750488282, "noise_cost": 16.526197014706486, "n_waypoints_completed": 5, "tot_waypoints": 9}}
{"target": -1278.2648250143197, "params": {"k_pid_pos": [2.0, 0.9660059809684753, 2.384185791015625e-07], "k_pid_alt": [1.4537594318389893, 1.0, 0.014995723962783813], "k_pid_att": [100.0, 1.0861495733261108, 0.9072750806808472], "k_pid_yaw": [0.5, 1e-06, 0.1], "k_pid_hsp": [9.319530487060547, 0.9917430281639099, 0.0522538423538208], "k_pid_vsp": [50.818634033203125, 377.85791015625, 29.044570922851562]}, "datetime": {"datetime": "2025-08-21 11:28:15", "elapsed": 9811.839505910873, "delta": 23.401458978652954}, "costs": {"total_cost": 1278.2648250143197, "time_cost": 150, "final_distance_cost": 72.00154696010924, "oscillation_cost": 79.9348065420537, "completition_cost": 888.8888888888888, "overshoot_cost": 44.83003700452966, "power_cost": 24.93935604248047, "noise_cost": 17.670189576257915, "n_waypoints_completed": 1, "tot_waypoints": 9}}
{"target": -1299.5601384918175, "params": {"k_pid_pos": [1.999663233757019, 0.9661731123924255, 0.0005199909210205078], "k_pid_alt": [1.9438376426696777, 1.0, 0.004929929971694946], "k_pid_att": [100.0, 1.7305378913879395, 0.9856541156768799], "k_pid_yaw": [0.5, 1e-06, 0.1], "k_pid_hsp": [9.934123992919922, 0.792565107345581, 0.08511355519294739], "k_pid_vsp": [5.824828147888184, 303.8344421386719, 2.4106154441833496]}, "datetime": {"datetime": "2025-08-21 11:28:38", "elapsed": 9835.169669151306, "delta": 23.33016324043274}, "costs": {"total_cost": 1299.5601384918175, "time_cost": 150, "final_distance_cost": 66.67084338602639, "oscillation_cost": 110.28746278194178, "completition_cost": 888.8888888888888, "overshoot_cost": 43.48714837397602, "power_cost": 23.93495212402344, "noise_cost": 16.29084293696105, "n_waypoints_completed": 1, "tot_waypoints": 9}}
{"target": -1384.945753182864, "params": {"k_pid_pos": [1.9989869594573975, 0.9799352288246155, 0.0], "k_pid_alt": [1.9620249271392822, 1.0, 0.039952099323272705], "k_pid_att": [100.0, 0.3419661521911621, 0.9161378741264343], "k_pid_yaw": [0.5, 1e-06, 0.1], "k_pid_hsp": [9.688709259033203, 0.9950065612792969, 0.25377947092056274], "k_pid_vsp": [37.546443939208984, 382.7550964355469, 42.18672561645508]}, "datetime": {"datetime": "2025-08-21 11:29:02", "elapsed": 9858.601118564606, "delta": 23.43144941329956}, "costs": {"total_cost": 1384.945753182864, "time_cost": 150, "final_distance_cost": 5.726095079192141, "oscillation_cost": 90.14965671262622, "completition_cost": 1000.0, "overshoot_cost": 70.76098720409969, "power_cost": 30.986489660644533, "noise_cost": 37.32252452630158, "n_waypoints_completed": 0, "tot_waypoints": 9}}
{"target": -826.0839021814198, "params": {"k_pid_pos": [1.997822642326355, 0.9314112663269043, 0.9165911674499512], "k_pid_alt": [1.793130874633789, 0.9553623199462891, 0.02221652865409851], "k_pid_att": [100.0, 0.06080910935997963, 0.9603008031845093], "k_pid_yaw": [0.5, 1e-06, 0.1], "k_pid_hsp": [9.60067081451416, 0.757800817489624, 0.08107444643974304], "k_pid_vsp": [60.030113220214844, 386.0058288574219, 16.266931533813477]}, "datetime": {"datetime": "2025-08-21 11:29:25", "elapsed": 9882.14580821991, "delta": 23.544689655303955}, "costs": {"total_cost": 826.0839021814198, "time_cost": 150, "final_distance_cost": 61.70775428864116, "oscillation_cost": 170.22835615050596, "completition_cost": 333.33333333333337, "overshoot_cost": 60.268365929901165, "power_cost": 29.048505505371097, "noise_cost": 21.4975869736671, "n_waypoints_completed": 6, "tot_waypoints": 9}}
{"target": -825.3104268044724, "params": {"k_pid_pos": [1.9999990463256836, 0.9913854002952576, 1.0], "k_pid_alt": [1.9434962272644043, 0.9999982118606567, 0.008535683155059814], "k_pid_att": [100.0, 0.1490156501531601, 0.9740344285964966], "k_pid_yaw": [0.5, 1e-06, 0.1], "k_pid_hsp": [9.988645553588867, 0.9008581638336182, 0.09514620900154114], "k_pid_vsp": [5.1197052001953125, 371.5777893066406, 4.731012344360352]}, "datetime": {"datetime": "2025-08-21 11:29:49", "elapsed": 9906.25908780098, "delta": 24.113279581069946}, "costs": {"total_cost": 825.3104268044724, "time_cost": 150, "final_distance_cost": 64.87969002609124, "oscillation_cost": 184.13849124035337, "completition_cost": 333.33333333333337, "overshoot_cost": 55.52258706880164, "power_cost": 21.37335975341797, "noise_cost": 16.062965382474847, "n_waypoints_completed": 6, "tot_waypoints": 9}}
{"target": -1176.1391472340522, "params": {"k_pid_pos": [0.17552897334098816, 0.9775789976119995, 0.11221027374267578], "k_pid_alt": [1.9217534065246582, 1.0, 0.014993071556091309], "k_pid_att": [100.0, 0.1513756662607193, 0.953902006149292], "k_pid_yaw": [0.5, 1e-06, 0.1], "k_pid_hsp": [9.61319637298584, 0.9589806795120239, 0.0313742458820343], "k_pid_vsp": [96.45661163330078, 355.9447937011719, 17.201509475708008]}, "datetime": {"datetime": "2025-08-21 11:30:13", "elapsed": 9929.765440702438, "delta": 23.50635290145874}, "costs": {"total_cost": 1176.1391472340522, "time_cost": 150, "final_distance_cost": 92.4067694588144, "oscillation_cost": 80.51212325380293, "completition_cost": 777.7777777777778, "overshoot_cost": 40.52011025655149, "power_cost": 19.79376669921875, "noise_cost": 15.12859978788641, "n_waypoints_completed": 2, "tot_waypoints": 9}}
{"target": -1189.6158834519686, "params": {"k_pid_pos": [1.9996675252914429, 0.9836018681526184, 0.0], "k_pid_alt": [1.9755616188049316, 0.9999982118606567, 0.02469581365585327], "k_pid_att": [100.0, 0.3331197202205658, 0.9588015675544739], "k_pid_yaw": [0.5, 1e-06, 0.1], "k_pid_hsp": [9.694235801696777, 0.9825233221054077, 0.007799416780471802], "k_pid_vsp": [31.324779510498047, 379.126220703125, 26.34934425354004]}, "datetime": {"datetime": "2025-08-21 11:30:36", "elapsed": 9952.67991566658, "delta": 22.914474964141846}, "costs": {"total_cost": 1189.6158834519686, "time_cost": 150, "final_distance_cost": 94.38520273181159, "oscillation_cost": 73.15290890815358, "completition_cost": 777.7777777777778, "overshoot_cost": 56.8542159101902, "power_cost": 22.191561047363283, "noise_cost": 15.254217076671974, "n_waypoints_completed": 2, "tot_waypoints": 9}}
{"target": -1260.5500833376348, "params": {"k_pid_pos": [2.0, 0.9220858216285706, 0.020241975784301758], "k_pid_alt": [1.8909956216812134, 1.0, 0.07085084915161133], "k_pid_att": [100.0, 0.09999191761016846, 0.978484034538269], "k_pid_yaw": [0.5, 1e-06, 0.1], "k_pid_hsp": [9.12913990020752, 0.9493250846862793, 0.0027385354042053223], "k_pid_vsp": [4.613399505615234, 385.4251708984375, 26.713838577270508]}, "datetime": {"datetime": "2025-08-21 11:31:01", "elapsed": 9977.506052494049, "delta": 24.826136827468872}, "costs": {"total_cost": 1260.5500833376348, "time_cost": 150, "final_distance_cost": 70.34555714375452, "oscillation_cost": 59.97722610857891, "completition_cost": 888.8888888888888, "overshoot_cost": 43.779860517410626, "power_cost": 28.409650048828127, "noise_cost": 19.148900630173753, "n_waypoints_completed": 1, "tot_waypoints": 9}}
{"target": -692.6941667226807, "params": {"k_pid_pos": [2.0, 0.8704754114151001, 1.0], "k_pid_alt": [1.8701823949813843, 1.0, 0.01301470398902893], "k_pid_att": [99.9998779296875, 5.330687522888184, 0.9731572866439819], "k_pid_yaw": [0.5, 1e-06, 0.1], "k_pid_hsp": [9.83702564239502, 0.8498996496200562, 0.01754206418991089], "k_pid_vsp": [23.558414459228516, 388.0764465332031, 37.099300384521484]}, "datetime": {"datetime": "2025-08-21 11:31:25", "elapsed": 10001.556187152863, "delta": 24.050134658813477}, "costs": {"total_cost": 692.6941667226807, "time_cost": 150, "final_distance_cost": 66.00387394910217, "oscillation_cost": 159.60490058955733, "completition_cost": 222.2222222222222, "overshoot_cost": 51.615641006963536, "power_cost": 24.51344577636719, "noise_cost": 18.734083178468275, "n_waypoints_completed": 7, "tot_waypoints": 9}}
{"target": -984.3838599971772, "params": {"k_pid_pos": [1.9999936819076538, 0.9842997193336487, 0.9863063097000122], "k_pid_alt": [1.9633806943893433, 0.9996842741966248, 0.11600998044013977], "k_pid_att": [97.14765167236328, 0.8095438480377197, 0.9560283422470093], "k_pid_yaw": [0.5, 1e-06, 0.1], "k_pid_hsp": [9.926244735717773, 0.8799217939376831, 0.017969906330108643], "k_pid_vsp": [18.325149536132812, 390.18341064453125, 7.27291202545166]}, "datetime": {"datetime": "2025-08-21 11:31:48", "elapsed": 10024.526198387146, "delta": 22.970011234283447}, "costs": {"total_cost": 984.3838599971772, "time_cost": 150, "final_distance_cost": 49.20669479690977, "oscillation_cost": 144.00994297879768, "completition_cost": 555.5555555555555, "overshoot_cost": 53.572224250376394, "power_cost": 18.49960152587891, "noise_cost": 13.539840889658883, "n_waypoints_completed": 4, "tot_waypoints": 9}}
