{"target": -909.7951878954367, "params": {"k_pid_pos": [1.9999536275863647, 0.9657351970672607, 0.0], "k_pid_alt": [1.9605731964111328, 1.0, 0.00919148325920105], "k_pid_att": [99.99992370605469, 0.13922956585884094, 0.9444541335105896], "k_pid_yaw": [0.5, 1e-06, 0.1], "k_pid_hsp": [9.866744041442871, 0.977848470211029, 0.011600852012634277], "k_pid_vsp": [69.09796905517578, 231.33535766601562, 2.4696121215820312]}, "datetime": {"datetime": "2025-08-21 13:58:28", "elapsed": 18825.287253141403, "delta": 23.602527618408203}, "costs": {"total_cost": 909.7951878954367, "time_cost": 150, "final_distance_cost": 42.045416149239436, "oscillation_cost": 62.63865232455425, "completition_cost": 555.5555555555555, "overshoot_cost": 59.096612190287225, "power_cost": 22.20026270751953, "noise_cost": 18.25868896828067, "n_waypoints_completed": 4, "tot_waypoints": 9}}
{"target": -667.240701953071, "params": {"k_pid_pos": [2.0, 0.9883440732955933, 0.9999983906745911], "k_pid_alt": [1.9187942743301392, 1.0, 0.020541787147521973], "k_pid_att": [100.0, 0.20452192425727844, 0.9874671697616577], "k_pid_yaw": [0.5, 1e-06, 0.1], "k_pid_hsp": [9.827569961547852, 0.9835821986198425, 0.038376063108444214], "k_pid_vsp": [8.105278015136719, 366.4024963378906, 10.521818161010742]}, "datetime": {"datetime": "2025-08-21 13:58:52", "elapsed": 18848.5750272274, "delta": 23.287774085998535}, "costs": {"total_cost": 667.240701953071, "time_cost": 150, "final_distance_cost": 64.3620299647043, "oscillation_cost": 134.38165759816198, "completition_cost": 222.2222222222222, "overshoot_cost": 51.5787428158871, "power_cost": 25.564217834472657, "noise_cost": 19.13183151762293, "n_waypoints_completed": 7, "tot_waypoints": 9}}
{"target": -1299.0722529403586, "params": {"k_pid_pos": [1.999999761581421, 0.971165657043457, 5.334615707397461e-06], "k_pid_alt": [1.949906826019287, 1.0, 0.003031134605407715], "k_pid_att": [100.0, 0.4238046109676361, 0.9804739952087402], "k_pid_yaw": [0.5, 1e-06, 0.1], "k_pid_hsp": [9.878144264221191, 0.997708797454834, 0.08843940496444702], "k_pid_vsp": [11.331235885620117, 392.68450927734375, 82.81526184082031]}, "datetime": {"datetime": "2025-08-21 13:59:15", "elapsed": 18872.02614045143, "delta": 23.45111322402954}, "costs": {"total_cost": 1299.0722529403586, "time_cost": 150, "final_distance_cost": 60.048486636576094, "oscillation_cost": 122.33448223403963, "completition_cost": 888.8888888888888, "overshoot_cost": 38.86632320628781, "power_cost": 22.80749089355469, "noise_cost": 16.12658108101149, "n_waypoints_completed": 1, "tot_waypoints": 9}}
{"target": -582.635502259955, "params": {"k_pid_pos": [2.0, 0.93867027759552, 0.9999964833259583], "k_pid_alt": [1.9739456176757812, 0.9999998807907104, 0.05247777700424194], "k_pid_att": [100.0, 0.48355886340141296, 0.9652836322784424], "k_pid_yaw": [0.5, 1e-06, 0.1], "k_pid_hsp": [9.520506858825684, 0.9750336408615112, 0.012484818696975708], "k_pid_vsp": [3.985309600830078, 378.62152099609375, 26.252521514892578]}, "datetime": {"datetime": "2025-08-21 13:59:39", "elapsed": 18895.8703956604, "delta": 23.844255208969116}, "costs": {"total_cost": 582.635502259955, "time_cost": 150, "final_distance_cost": 66.46205241056342, "oscillation_cost": 162.47070762816674, "completition_cost": 111.11111111111116, "overshoot_cost": 52.01335828658827, "power_cost": 24.066697302246094, "noise_cost": 16.51157552127937, "n_waypoints_completed": 8, "tot_waypoints": 9}}
{"target": -1347.4390028913692, "params": {"k_pid_pos": [1.9999854564666748, 0.9844045639038086, 0.0], "k_pid_alt": [1.9784529209136963, 1.0, 0.003412902355194092], "k_pid_att": [100.0, 0.17656821012496948, 0.9130316376686096], "k_pid_yaw": [0.5, 1e-06, 0.1], "k_pid_hsp": [9.766429901123047, 0.982791543006897, 0.009123831987380981], "k_pid_vsp": [7.335031032562256, 378.0768737792969, 41.149757385253906]}, "datetime": {"datetime": "2025-08-21 14:00:03", "elapsed": 18919.68106675148, "delta": 23.810671091079712}, "costs": {"total_cost": 1347.4390028913692, "time_cost": 150, "final_distance_cost": 43.30001725224422, "oscillation_cost": 72.79120469752553, "completition_cost": 1000.0, "overshoot_cost": 40.79334183050122, "power_cost": 24.041028735351563, "noise_cost": 16.51341037574669, "n_waypoints_completed": 0, "tot_waypoints": 9}}
{"target": -287.1442426896076, "params": {"k_pid_pos": [2.0, 0.9950278997421265, 0.9999937415122986], "k_pid_alt": [1.9929680824279785, 1.0, 0.08263063430786133], "k_pid_att": [100.0, 1.7923758029937744, 0.9888252019882202], "k_pid_yaw": [0.5, 1e-06, 0.1], "k_pid_hsp": [9.400667190551758, 0.9885329604148865, 0.0050497353076934814], "k_pid_vsp": [23.676443099975586, 382.4367980957031, 14.642573356628418]}, "datetime": {"datetime": "2025-08-21 14:00:22", "elapsed": 18938.993729114532, "delta": 19.312662363052368}, "costs": {"total_cost": 287.1442426896076, "time_cost": 84.92, "final_distance_cost": 1.7334244995804333, "oscillation_cost": 112.1270000011058, "completition_cost": 0.0, "overshoot_cost": 54.10452526950987, "power_cost": 19.00069677734375, "noise_cost": 15.258596142067749, "n_waypoints_completed": 9, "tot_waypoints": 9}}
{"target": -696.6595760319302, "params": {"k_pid_pos": [1.9999990463256836, 0.9925851225852966, 0.9813454151153564], "k_pid_alt": [1.955822229385376, 0.999987006187439, 0.010991334915161133], "k_pid_att": [100.0, 0.4312625527381897, 0.9918668270111084], "k_pid_yaw": [0.5, 1e-06, 0.1], "k_pid_hsp": [9.820124626159668, 0.9592792987823486, 0.018584132194519043], "k_pid_vsp": [1.6967535018920898, 397.22308349609375, 44.8470344543457]}, "datetime": {"datetime": "2025-08-21 14:00:46", "elapsed": 18962.58052945137, "delta": 23.58680033683777}, "costs": {"total_cost": 696.6595760319302, "time_cost": 150, "final_distance_cost": 63.67020133203584, "oscillation_cost": 166.74264516105484, "completition_cost": 222.2222222222222, "overshoot_cost": 54.419667524979396, "power_cost": 22.521472973632815, "noise_cost": 17.083366818005103, "n_waypoints_completed": 7, "tot_waypoints": 9}}
{"target": -1037.2740211286616, "params": {"k_pid_pos": [2.0, 0.9505132436752319, 0.0], "k_pid_alt": [1.8304908275604248, 1.0, 0.037136346101760864], "k_pid_att": [100.0, 0.6214314103126526, 0.9947543144226074], "k_pid_yaw": [0.5, 1e-06, 0.1], "k_pid_hsp": [9.57762622833252, 0.9528348445892334, 0.004205137491226196], "k_pid_vsp": [2.9075980186462402, 370.7663879394531, 29.365564346313477]}, "datetime": {"datetime": "2025-08-21 14:01:09", "elapsed": 18985.81835412979, "delta": 23.23782467842102}, "costs": {"total_cost": 1037.2740211286616, "time_cost": 150, "final_distance_cost": 54.057437472573206, "oscillation_cost": 73.07749247485704, "completition_cost": 666.6666666666667, "overshoot_cost": 50.65613868054894, "power_cost": 23.934173840332033, "noise_cost": 18.882111993683786, "n_waypoints_completed": 3, "tot_waypoints": 9}}
{"target": -714.2837595731797, "params": {"k_pid_pos": [2.0, 0.9267070889472961, 0.9820093512535095], "k_pid_alt": [1.8981181383132935, 1.0, 0.016440123319625854], "k_pid_att": [99.90734100341797, 0.4564145803451538, 0.9008779525756836], "k_pid_yaw": [0.5, 1e-06, 0.1], "k_pid_hsp": [9.801490783691406, 0.8434796333312988, 0.03511941432952881], "k_pid_vsp": [38.63303756713867, 374.2864074707031, 31.24022674560547]}, "datetime": {"datetime": "2025-08-21 14:01:32", "elapsed": 19009.332733631134, "delta": 23.514379501342773}, "costs": {"total_cost": 714.2837595731797, "time_cost": 150, "final_distance_cost": 71.391481173345, "oscillation_cost": 169.26939772767187, "completition_cost": 222.2222222222222, "overshoot_cost": 52.18950309254685, "power_cost": 27.174858532714843, "noise_cost": 22.036296824678956, "n_waypoints_completed": 7, "tot_waypoints": 9}}
{"target": -1264.6864599073856, "params": {"k_pid_pos": [1.0608288049697876, 0.9649087190628052, 0.0], "k_pid_alt": [1.9494760036468506, 1.0, 0.018317878246307373], "k_pid_att": [100.0, 0.14952199161052704, 0.9224168658256531], "k_pid_yaw": [0.5, 1e-06, 0.1], "k_pid_hsp": [9.68252944946289, 0.9909957051277161, 0.010692119598388672], "k_pid_vsp": [4.3178558349609375, 398.2914733886719, 26.35661506652832]}, "datetime": {"datetime": "2025-08-21 14:01:56", "elapsed": 19032.536022424698, "delta": 23.203288793563843}, "costs": {"total_cost": 1264.6864599073856, "time_cost": 150, "final_distance_cost": 57.827964022920426, "oscillation_cost": 68.11769941909483, "completition_cost": 888.8888888888888, "overshoot_cost": 54.83229893773108, "power_cost": 26.574743615722657, "noise_cost": 18.444865023027905, "n_waypoints_completed": 1, "tot_waypoints": 9}}
{"target": -692.8738677388407, "params": {"k_pid_pos": [2.0, 0.9811979532241821, 1.0], "k_pid_alt": [1.9722480773925781, 1.0, 0.04065966606140137], "k_pid_att": [99.99999237060547, 0.24367432296276093, 0.9396487474441528], "k_pid_yaw": [0.5, 1e-06, 0.1], "k_pid_hsp": [9.849788665771484, 0.8081401586532593, 0.009644359350204468], "k_pid_vsp": [8.01703929901123, 395.31451416015625, 4.87953519821167]}, "datetime": {"datetime": "2025-08-21 14:02:19", "elapsed": 19055.571586847305, "delta": 23.035564422607422}, "costs": {"total_cost": 692.8738677388407, "time_cost": 150, "final_distance_cost": 63.765051680403865, "oscillation_cost": 171.2503856838309, "completition_cost": 222.2222222222222, "overshoot_cost": 51.64114597817302, "power_cost": 19.11122646484375, "noise_cost": 14.883835709366965, "n_waypoints_completed": 7, "tot_waypoints": 9}}
{"target": -676.0141086300255, "params": {"k_pid_pos": [2.0, 0.9276472330093384, 0.999980092048645], "k_pid_alt": [1.948463797569275, 1.0, 0.009556680917739868], "k_pid_att": [100.0, 0.6453663110733032, 0.9922376871109009], "k_pid_yaw": [0.5, 1e-06, 0.1], "k_pid_hsp": [9.985139846801758, 0.9970899820327759, 0.04811054468154907], "k_pid_vsp": [97.13105773925781, 396.30279541015625, 9.691847801208496]}, "datetime": {"datetime": "2025-08-21 14:02:42", "elapsed": 19078.790516376495, "delta": 23.218929529190063}, "costs": {"total_cost": 676.0141086300255, "time_cost": 150, "final_distance_cost": 71.25105407750414, "oscillation_cost": 141.12113461323884, "completition_cost": 222.2222222222222, "overshoot_cost": 53.658583666409896, "power_cost": 21.673773376464844, "noise_cost": 16.087340674185587, "n_waypoints_completed": 7, "tot_waypoints": 9}}
{"target": -1353.99273618648, "params": {"k_pid_pos": [2.0, 0.9914238452911377, 2.1457672119140625e-06], "k_pid_alt": [1.9948790073394775, 1.0, 0.04329121112823486], "k_pid_att": [81.15492248535156, 0.05434892326593399, 0.979735791683197], "k_pid_yaw": [0.5, 1e-06, 0.1], "k_pid_hsp": [9.089547157287598, 0.9899019002914429, 0.013116776943206787], "k_pid_vsp": [6.399631500244141, 399.25323486328125, 0.7191310524940491]}, "datetime": {"datetime": "2025-08-21 14:03:05", "elapsed": 19102.12043905258, "delta": 23.329922676086426}, "costs": {"total_cost": 1353.99273618648, "time_cost": 150, "final_distance_cost": 48.79445909968631, "oscillation_cost": 82.52894970890034, "completition_cost": 1000.0, "overshoot_cost": 37.95691652349833, "power_cost": 20.682046166992187, "noise_cost": 14.030364687402635, "n_waypoints_completed": 0, "tot_waypoints": 9}}
{"target": -897.0251097023535, "params": {"k_pid_pos": [2.0, 0.7124852538108826, 0.999543309211731], "k_pid_alt": [1.9510878324508667, 1.0, 0.01792082190513611], "k_pid_att": [100.0, 1.0523078441619873, 0.9742433428764343], "k_pid_yaw": [0.5, 1e-06, 0.1], "k_pid_hsp": [9.937359809875488, 0.9915637373924255, 0.004964321851730347], "k_pid_vsp": [37.120201110839844, 353.14544677734375, 34.63936996459961]}, "datetime": {"datetime": "2025-08-21 14:03:29", "elapsed": 19125.470550775528, "delta": 23.350111722946167}, "costs": {"total_cost": 897.0251097023535, "time_cost": 150, "final_distance_cost": 55.32815695213946, "oscillation_cost": 158.92287684285364, "completition_cost": 444.4444444444444, "overshoot_cost": 49.55656324760862, "power_cost": 21.965168261718752, "noise_cost": 16.807899953588542, "n_waypoints_completed": 5, "tot_waypoints": 9}}
{"target": -2442.4165382781803, "params": {"k_pid_pos": [2.0, 0.9801458120346069, 0.9621509313583374], "k_pid_alt": [1.9716823101043701, 1.0, 0.052240580320358276], "k_pid_att": [0.014013051986694336, 1.5710651874542236, 0.9962775111198425], "k_pid_yaw": [0.5, 1e-06, 0.1], "k_pid_hsp": [9.54460620880127, 0.9777207374572754, 0.0030054450035095215], "k_pid_vsp": [22.288787841796875, 388.3507080078125, 13.004101753234863]}, "datetime": {"datetime": "2025-08-21 14:03:52", "elapsed": 19149.257205963135, "delta": 23.78665518760681}, "costs": {"total_cost": 2442.4165382781803, "time_cost": 150, "final_distance_cost": 66.74919922910217, "oscillation_cost": 804.5647019380223, "completition_cost": 1000.0, "overshoot_cost": 290.4930107710225, "power_cost": 35.278808923339845, "noise_cost": 95.3308174166933, "n_waypoints_completed": 0, "tot_waypoints": 9}}
{"target": -1280.2829082828052, "params": {"k_pid_pos": [2.0, 0.9860144853591919, 5.960464477539063e-08], "k_pid_alt": [1.8654810190200806, 1.0, 0.020434290170669556], "k_pid_att": [7.8534932136535645, 0.09728827327489853, 0.9821115732192993], "k_pid_yaw": [0.5, 1e-06, 0.1], "k_pid_hsp": [9.625863075256348, 0.9909098148345947, 0.02085360884666443], "k_pid_vsp": [15.611934661865234, 305.65667724609375, 40.67704772949219]}, "datetime": {"datetime": "2025-08-21 14:04:17", "elapsed": 19173.93992614746, "delta": 24.682720184326172}, "costs": {"total_cost": 1280.2829082828052, "time_cost": 150, "final_distance_cost": 71.45057480922004, "oscillation_cost": 85.27960576585932, "completition_cost": 888.8888888888888, "overshoot_cost": 49.70578637365943, "power_cost": 20.63264050292969, "noise_cost": 14.325411942248017, "n_waypoints_completed": 1, "tot_waypoints": 9}}
{"target": -900.6216506211076, "params": {"k_pid_pos": [2.0, 0.9740015268325806, 1.0], "k_pid_alt": [1.9656684398651123, 0.9999096393585205, 0.06564334034919739], "k_pid_att": [99.99959564208984, 0.24026617407798767, 0.945422351360321], "k_pid_yaw": [0.5, 1e-06, 0.1], "k_pid_hsp": [9.236481666564941, 0.9708406329154968, 0.06268805265426636], "k_pid_vsp": [6.641221046447754, 394.3275451660156, 6.849790573120117]}, "datetime": {"datetime": "2025-08-21 14:04:44", "elapsed": 19201.24259018898, "delta": 27.302664041519165}, "costs": {"total_cost": 900.6216506211076, "time_cost": 150, "final_distance_cost": 47.98316302785929, "oscillation_cost": 168.82723831948402, "completition_cost": 444.4444444444444, "overshoot_cost": 51.42147055818142, "power_cost": 22.292948657226564, "noise_cost": 15.652385613911848, "n_waypoints_completed": 5, "tot_waypoints": 9}}
{"target": -943.5585131741374, "params": {"k_pid_pos": [2.0, 0.9786540269851685, 0.14526820182800293], "k_pid_alt": [1.974713921546936, 0.9997146129608154, 0.14615589380264282], "k_pid_att": [100.0, 1.5430848598480225, 0.9753557443618774], "k_pid_yaw": [0.5, 1e-06, 0.1], "k_pid_hsp": [9.806707382202148, 0.9915270805358887, 0.04491037130355835], "k_pid_vsp": [1.8903255462646484, 375.2090148925781, 68.09444427490234]}, "datetime": {"datetime": "2025-08-21 14:05:09", "elapsed": 19225.62881231308, "delta": 24.38622212409973}, "costs": {"total_cost": 943.5585131741374, "time_cost": 150, "final_distance_cost": 40.15022660214369, "oscillation_cost": 105.31877020875253, "completition_cost": 555.5555555555555, "overshoot_cost": 55.35948052455808, "power_cost": 20.826661645507812, "noise_cost": 16.347818637619717, "n_waypoints_completed": 4, "tot_waypoints": 9}}
{"target": -1212.6272942803018, "params": {"k_pid_pos": [2.0, 0.9945545792579651, 0.024579554796218872], "k_pid_alt": [1.9831442832946777, 1.0, 0.0018151402473449707], "k_pid_att": [100.0, 0.13128642737865448, 0.9137445688247681], "k_pid_yaw": [0.5, 1e-06, 0.1], "k_pid_hsp": [9.631921768188477, 0.9853906631469727, 0.008484512567520142], "k_pid_vsp": [37.420989990234375, 393.1097412109375, 3.392423152923584]}, "datetime": {"datetime": "2025-08-21 14:05:32", "elapsed": 19248.863002061844, "delta": 23.234189748764038}, "costs": {"total_cost": 1212.6272942803018, "time_cost": 150, "final_distance_cost": 79.98894017014808, "oscillation_cost": 59.17463578118864, "completition_cost": 777.7777777777778, "overshoot_cost": 84.39397732616642, "power_cost": 28.66188825683594, "noise_cost": 32.630074968185056, "n_waypoints_completed": 2, "tot_waypoints": 9}}
{"target": -1228.281559506979, "params": {"k_pid_pos": [1.9993853569030762, 0.9638289213180542, 0.014552146196365356], "k_pid_alt": [1.9442096948623657, 1.0, 0.004931926727294922], "k_pid_att": [100.0, 0.04588574543595314, 0.5108863115310669], "k_pid_yaw": [0.5, 1e-06, 0.1], "k_pid_hsp": [9.897003173828125, 0.9745185375213623, 0.04121991991996765], "k_pid_vsp": [1.4101624488830566, 379.4324035644531, 1.016331672668457]}, "datetime": {"datetime": "2025-08-21 14:05:55", "elapsed": 19272.27286696434, "delta": 23.409864902496338}, "costs": {"total_cost": 1228.281559506979, "time_cost": 150, "final_distance_cost": 97.23198942827194, "oscillation_cost": 125.03324271925335, "completition_cost": 777.7777777777778, "overshoot_cost": 42.70707650288639, "power_cost": 20.891173046875, "noise_cost": 14.64030003191447, "n_waypoints_completed": 2, "tot_waypoints": 9}}
{"target": -1188.0167457031794, "params": {"k_pid_pos": [0.007024938240647316, 0.8500972390174866, 0.0], "k_pid_alt": [1.9618923664093018, 0.9999997615814209, 0.001979649066925049], "k_pid_att": [100.0, 0.22211197018623352, 0.9743899703025818], "k_pid_yaw": [0.5, 1e-06, 0.1], "k_pid_hsp": [9.880526542663574, 0.7826508283615112, 0.050405263900756836], "k_pid_vsp": [1.4540791511535645, 391.7364196777344, 8.509899139404297]}, "datetime": {"datetime": "2025-08-21 14:06:19", "elapsed": 19295.790662288666, "delta": 23.51779532432556}, "costs": {"total_cost": 1188.0167457031794, "time_cost": 150, "final_distance_cost": 73.55616105041952, "oscillation_cost": 96.74555755438986, "completition_cost": 777.7777777777778, "overshoot_cost": 52.50435014228112, "power_cost": 22.22095684814453, "noise_cost": 15.211942330166535, "n_waypoints_completed": 2, "tot_waypoints": 9}}
{"target": -372.5757258172156, "params": {"k_pid_pos": [1.999999761581421, 0.9594401717185974, 0.8810077905654907], "k_pid_alt": [1.9589838981628418, 1.0, 0.048598021268844604], "k_pid_att": [99.99836730957031, 0.06186320632696152, 0.9744281768798828], "k_pid_yaw": [0.5, 1e-06, 0.1], "k_pid_hsp": [9.879148483276367, 0.9627437591552734, 0.06808456778526306], "k_pid_vsp": [104.64730072021484, 398.9576721191406, 17.474153518676758]}, "datetime": {"datetime": "2025-08-21 14:06:42", "elapsed": 19319.236851215363, "delta": 23.446188926696777}, "costs": {"total_cost": 372.5757258172156, "time_cost": 99.784, "final_distance_cost": 1.7538036345906882, "oscillation_cost": 173.704376227047, "completition_cost": 0.0, "overshoot_cost": 57.7402922444375, "power_cost": 22.74538272705078, "noise_cost": 16.84787098408956, "n_waypoints_completed": 9, "tot_waypoints": 9}}
{"target": -953.4825832697071, "params": {"k_pid_pos": [2.0, 0.9819509387016296, 0.0], "k_pid_alt": [1.9605430364608765, 0.9999998807907104, 0.04054051637649536], "k_pid_att": [99.99996948242188, 0.4067959785461426, 0.992081880569458], "k_pid_yaw": [0.5, 1e-06, 0.1], "k_pid_hsp": [9.676383018493652, 0.9972577095031738, 0.023860812187194824], "k_pid_vsp": [6.815016269683838, 384.42999267578125, 0.6174097657203674]}, "datetime": {"datetime": "2025-08-21 14:07:06", "elapsed": 19342.739912986755, "delta": 23.503061771392822}, "costs": {"total_cost": 953.4825832697071, "time_cost": 150, "final_distance_cost": 50.28930569739292, "oscillation_cost": 103.24411817866705, "completition_cost": 555.5555555555555, "overshoot_cost": 56.9725991677485, "power_cost": 21.452296337890626, "noise_cost": 15.968708332452362, "n_waypoints_completed": 4, "tot_waypoints": 9}}
{"target": -1064.9062261962283, "params": {"k_pid_pos": [2.0, 0.996454119682312, 1.3589859008789062e-05], "k_pid_alt": [1.9216396808624268, 1.0, 0.0994957685470581], "k_pid_att": [100.0, 0.45344778895378113, 0.9385217428207397], "k_pid_yaw": [0.5, 1e-06, 0.1], "k_pid_hsp": [9.85128116607666, 0.9598422646522522, 0.0237140953540802], "k_pid_vsp": [8.45445442199707, 374.41387939453125, 3.3608803749084473]}, "datetime": {"datetime": "2025-08-21 14:07:29", "elapsed": 19366.00084924698, "delta": 23.26093626022339}, "costs": {"total_cost": 1064.9062261962283, "time_cost": 150, "final_distance_cost": 58.00736906496727, "oscillation_cost": 88.07626172467093, "completition_cost": 666.6666666666667, "overshoot_cost": 60.631079265013994, "power_cost": 24.018686279296876, "noise_cost": 17.506163195612633, "n_waypoints_completed": 3, "tot_waypoints": 9}}
{"target": -4328.015362888586, "params": {"k_pid_pos": [1.9979503154754639, 0.9679427146911621, 5.960464477539063e-08], "k_pid_alt": [1.9774925708770752, 1.0, 0.1243675947189331], "k_pid_att": [0.017341971397399902, 0.03122761845588684, 0.9936429262161255], "k_pid_yaw": [0.5, 1e-06, 0.1], "k_pid_hsp": [9.845945358276367, 0.9485069513320923, 0.16144365072250366], "k_pid_vsp": [10.005319595336914, 391.9355773925781, 19.96274185180664]}, "datetime": {"datetime": "2025-08-21 14:07:53", "elapsed": 19389.44957447052, "delta": 23.44872522354126}, "costs": {"total_cost": 4328.015362888586, "time_cost": 150, "final_distance_cost": 882.1738628674523, "oscillation_cost": 36.79988788148203, "completition_cost": 1000.0, "overshoot_cost": 2159.7803614711197, "power_cost": 32.170900122070314, "noise_cost": 67.09035054646088, "n_waypoints_completed": 0, "tot_waypoints": 9}}
