{"target": -868.6857631613329, "params": {"k_pid_pos": [1.999495267868042, 0.9803125858306885, 0.9999949336051941], "k_pid_alt": [1.994531512260437, 0.989004909992218, 0.014522045850753784], "k_pid_att": [100.0, 0.2711714506149292, 0.9551522731781006], "k_pid_yaw": [0.5, 1e-06, 0.1], "k_pid_hsp": [9.74307632446289, 0.9846580028533936, 0.01477128267288208], "k_pid_vsp": [6.638836860656738, 359.65667724609375, 16.722776412963867]}, "datetime": {"datetime": "2025-08-21 12:21:15", "elapsed": 12991.575347185135, "delta": 23.486777544021606}, "costs": {"total_cost": 868.6857631613329, "time_cost": 150, "final_distance_cost": 49.25217910179089, "oscillation_cost": 133.1956497595098, "completition_cost": 444.4444444444444, "overshoot_cost": 49.00628600150204, "power_cost": 24.717052270507814, "noise_cost": 18.07015158357806, "n_waypoints_completed": 5, "tot_waypoints": 9}}
{"target": -1375.1898939415983, "params": {"k_pid_pos": [1.999998927116394, 0.9804795980453491, 0.0024243593215942383], "k_pid_alt": [1.9049025774002075, 0.9798884391784668, 0.02141207456588745], "k_pid_att": [1.4409124851226807, 1.511191964149475, 0.9835863709449768], "k_pid_yaw": [0.5, 1e-06, 0.1], "k_pid_hsp": [9.098756790161133, 0.9945917725563049, 0.01709151268005371], "k_pid_vsp": [3.065478801727295, 379.86907958984375, 9.217096328735352]}, "datetime": {"datetime": "2025-08-21 12:21:38", "elapsed": 13015.123735189438, "delta": 23.54838800430298}, "costs": {"total_cost": 1375.1898939415983, "time_cost": 150, "final_distance_cost": 44.83341465681775, "oscillation_cost": 91.20430706490522, "completition_cost": 1000.0, "overshoot_cost": 47.77664486823557, "power_cost": 24.937133837890627, "noise_cost": 16.438393513749368, "n_waypoints_completed": 0, "tot_waypoints": 9}}
{"target": -541.4835710930677, "params": {"k_pid_pos": [2.0, 0.9980689287185669, 0.9995468258857727], "k_pid_alt": [1.789885401725769, 1.0, 0.04622611403465271], "k_pid_att": [99.99999237060547, 0.4493511915206909, 0.946434736251831], "k_pid_yaw": [0.5, 1e-06, 0.1], "k_pid_hsp": [9.856389999389648, 0.9918532967567444, 0.006676226854324341], "k_pid_vsp": [12.653255462646484, 393.1023254394531, 14.94805908203125]}, "datetime": {"datetime": "2025-08-21 12:22:02", "elapsed": 13038.479051351547, "delta": 23.355316162109375}, "costs": {"total_cost": 541.4835710930677, "time_cost": 150, "final_distance_cost": 21.975369842219838, "oscillation_cost": 166.49174246352652, "completition_cost": 111.11111111111116, "overshoot_cost": 58.920026030194094, "power_cost": 19.026011840820313, "noise_cost": 13.95930980519569, "n_waypoints_completed": 8, "tot_waypoints": 9}}
{"target": -859.1364000551434, "params": {"k_pid_pos": [2.0, 0.9654749631881714, 1.0], "k_pid_alt": [1.8750946521759033, 1.0, 0.023690789937973022], "k_pid_att": [99.9999771118164, 0.14426878094673157, 0.9866710901260376], "k_pid_yaw": [0.5, 1e-06, 0.1], "k_pid_hsp": [9.078490257263184, 0.9806313514709473, 0.028908491134643555], "k_pid_vsp": [17.475055694580078, 338.3265380859375, 16.397621154785156]}, "datetime": {"datetime": "2025-08-21 12:22:25", "elapsed": 13061.703909873962, "delta": 23.22485852241516}, "costs": {"total_cost": 859.1364000551434, "time_cost": 150, "final_distance_cost": 71.06463354485513, "oscillation_cost": 220.046191577087, "completition_cost": 333.33333333333337, "overshoot_cost": 50.708715993221624, "power_cost": 19.03731900634766, "noise_cost": 14.94620660029862, "n_waypoints_completed": 6, "tot_waypoints": 9}}
{"target": -1159.1865091362445, "params": {"k_pid_pos": [2.0, 0.9749776124954224, 0.0035323500633239746], "k_pid_alt": [1.8786739110946655, 1.0, 0.06802046298980713], "k_pid_att": [99.99998474121094, 2.3601248264312744, 0.9253325462341309], "k_pid_yaw": [0.5, 1e-06, 0.1], "k_pid_hsp": [9.817084312438965, 0.9138199090957642, 0.012010693550109863], "k_pid_vsp": [11.366534233093262, 386.1477966308594, 5.240167140960693]}, "datetime": {"datetime": "2025-08-21 12:22:48", "elapsed": 13084.881219148636, "delta": 23.177309274673462}, "costs": {"total_cost": 1159.1865091362445, "time_cost": 150, "final_distance_cost": 70.52320079708639, "oscillation_cost": 81.12898913221015, "completition_cost": 777.7777777777778, "overshoot_cost": 42.10656099247591, "power_cost": 22.217575036621096, "noise_cost": 15.432405400073199, "n_waypoints_completed": 2, "tot_waypoints": 9}}
{"target": -939.8865847352157, "params": {"k_pid_pos": [2.0, 0.9550638198852539, 5.21540641784668e-06], "k_pid_alt": [1.9030992984771729, 1.1324882507324219e-06, 0.09381824731826782], "k_pid_att": [100.0, 0.09052440524101257, 0.7232086658477783], "k_pid_yaw": [0.5, 1e-06, 0.1], "k_pid_hsp": [9.853243827819824, 0.9491792917251587, 0.035355180501937866], "k_pid_vsp": [0.3856182098388672, 395.89361572265625, 16.304340362548828]}, "datetime": {"datetime": "2025-08-21 12:23:11", "elapsed": 13107.992785930634, "delta": 23.11156678199768}, "costs": {"total_cost": 939.8865847352157, "time_cost": 150, "final_distance_cost": 37.94647780468574, "oscillation_cost": 109.84332924540858, "completition_cost": 555.5555555555555, "overshoot_cost": 49.74675224736322, "power_cost": 21.885870739746096, "noise_cost": 14.908599142456573, "n_waypoints_completed": 4, "tot_waypoints": 9}}
{"target": -995.8839509056722, "params": {"k_pid_pos": [2.0, 0.8936764001846313, 0.9950534701347351], "k_pid_alt": [1.9725000858306885, 1.0, 0.013476073741912842], "k_pid_att": [100.0, 0.8941759467124939, 0.8238649368286133], "k_pid_yaw": [0.5, 1e-06, 0.1], "k_pid_hsp": [8.670450210571289, 0.970249593257904, 0.017343878746032715], "k_pid_vsp": [4.978048801422119, 375.9812316894531, 7.282377243041992]}, "datetime": {"datetime": "2025-08-21 12:23:35", "elapsed": 13131.501484155655, "delta": 23.508698225021362}, "costs": {"total_cost": 995.8839509056722, "time_cost": 150, "final_distance_cost": 49.224201390982216, "oscillation_cost": 120.06957980369398, "completition_cost": 555.5555555555555, "overshoot_cost": 71.46737954417446, "power_cost": 27.859267712402346, "noise_cost": 21.707966898863667, "n_waypoints_completed": 4, "tot_waypoints": 9}}
{"target": -556.1424301926721, "params": {"k_pid_pos": [1.999870777130127, 0.9523827433586121, 0.9999997615814209], "k_pid_alt": [1.9910624027252197, 1.0, 0.031020939350128174], "k_pid_att": [100.0, 0.06215347722172737, 0.9922945499420166], "k_pid_yaw": [0.5, 1e-06, 0.1], "k_pid_hsp": [9.945387840270996, 0.9913845062255859, 0.004944890737533569], "k_pid_vsp": [9.449565887451172, 395.3005676269531, 1.55009126663208]}, "datetime": {"datetime": "2025-08-21 12:23:58", "elapsed": 13154.701053857803, "delta": 23.199569702148438}, "costs": {"total_cost": 556.1424301926721, "time_cost": 150, "final_distance_cost": 66.48654571912026, "oscillation_cost": 134.72733083008893, "completition_cost": 111.11111111111116, "overshoot_cost": 49.55426866663021, "power_cost": 25.49773133544922, "noise_cost": 18.765442530272356, "n_waypoints_completed": 8, "tot_waypoints": 9}}
{"target": -923.3689722938793, "params": {"k_pid_pos": [2.0, 0.9947757720947266, 0.09233695268630981], "k_pid_alt": [1.9857131242752075, 1.0, 0.12302646040916443], "k_pid_att": [100.0, 0.05649586021900177, 0.9633245468139648], "k_pid_yaw": [0.5, 1e-06, 0.1], "k_pid_hsp": [9.76348876953125, 0.9877593517303467, 0.0014544129371643066], "k_pid_vsp": [13.48724365234375, 384.0993347167969, 7.380951404571533]}, "datetime": {"datetime": "2025-08-21 12:24:21", "elapsed": 13178.171745300293, "delta": 23.470691442489624}, "costs": {"total_cost": 923.3689722938793, "time_cost": 150, "final_distance_cost": 45.78504638321136, "oscillation_cost": 81.69048556484583, "completition_cost": 555.5555555555555, "overshoot_cost": 49.615557781637825, "power_cost": 23.95301600341797, "noise_cost": 16.769311005210906, "n_waypoints_completed": 4, "tot_waypoints": 9}}
{"target": -1257.8076160124886, "params": {"k_pid_pos": [0.002460464369505644, 0.9544976949691772, 0.0], "k_pid_alt": [1.9797463417053223, 0.06577116250991821, 0.18809294700622559], "k_pid_att": [12.436434745788574, 0.6621963977813721, 0.990860104560852], "k_pid_yaw": [0.5, 1e-06, 0.1], "k_pid_hsp": [9.837959289550781, 0.9616891145706177, 0.20760047435760498], "k_pid_vsp": [13.4751558303833, 395.9454345703125, 33.67993927001953]}, "datetime": {"datetime": "2025-08-21 12:24:45", "elapsed": 13202.040807247162, "delta": 23.869061946868896}, "costs": {"total_cost": 1257.8076160124886, "time_cost": 150, "final_distance_cost": 49.489757546632504, "oscillation_cost": 83.33788536658933, "completition_cost": 888.8888888888888, "overshoot_cost": 51.11614883305983, "power_cost": 20.610564074707032, "noise_cost": 14.36437130261084, "n_waypoints_completed": 1, "tot_waypoints": 9}}
{"target": -1292.8131083537944, "params": {"k_pid_pos": [2.0, 0.9819155335426331, 0.0], "k_pid_alt": [1.8286609649658203, 0.999993085861206, 0.016520708799362183], "k_pid_att": [99.99979400634766, 0.39651936292648315, 0.9826780557632446], "k_pid_yaw": [0.5, 1e-06, 0.1], "k_pid_hsp": [9.015092849731445, 0.9630644917488098, 0.03688564896583557], "k_pid_vsp": [4.423880577087402, 325.17449951171875, 4.965234756469727]}, "datetime": {"datetime": "2025-08-21 12:25:08", "elapsed": 13225.376436948776, "delta": 23.33562970161438}, "costs": {"total_cost": 1292.8131083537944, "time_cost": 150, "final_distance_cost": 67.28815940506134, "oscillation_cost": 103.45625092110659, "completition_cost": 888.8888888888888, "overshoot_cost": 49.21444683347337, "power_cost": 19.887275207519533, "noise_cost": 14.07808709774483, "n_waypoints_completed": 1, "tot_waypoints": 9}}
{"target": -708.0675387279144, "params": {"k_pid_pos": [1.999279499053955, 0.9984016418457031, 0.9999293088912964], "k_pid_alt": [1.7513766288757324, 0.9999961853027344, 0.040724724531173706], "k_pid_att": [99.04408264160156, 0.18086031079292297, 0.9230549335479736], "k_pid_yaw": [0.5, 1e-06, 0.1], "k_pid_hsp": [9.943256378173828, 0.9683895707130432, 0.026836752891540527], "k_pid_vsp": [30.282222747802734, 397.044921875, 7.739616394042969]}, "datetime": {"datetime": "2025-08-21 12:25:32", "elapsed": 13248.661903142929, "delta": 23.285466194152832}, "costs": {"total_cost": 708.0675387279144, "time_cost": 150, "final_distance_cost": 68.68607852916627, "oscillation_cost": 178.9347932609767, "completition_cost": 222.2222222222222, "overshoot_cost": 50.16918970504534, "power_cost": 21.102582299804688, "noise_cost": 16.952672710699304, "n_waypoints_completed": 7, "tot_waypoints": 9}}
{"target": -712.4157023244888, "params": {"k_pid_pos": [1.9999998807907104, 0.9595720767974854, 0.9989875555038452], "k_pid_alt": [1.9733552932739258, 0.999999463558197, 0.007859200239181519], "k_pid_att": [99.99998474121094, 1.749074101448059, 0.9554779529571533], "k_pid_yaw": [0.5, 1e-06, 0.1], "k_pid_hsp": [8.787030220031738, 0.9780656695365906, 0.023450255393981934], "k_pid_vsp": [43.99278259277344, 373.5558166503906, 4.763699531555176]}, "datetime": {"datetime": "2025-08-21 12:25:55", "elapsed": 13272.105871200562, "delta": 23.443968057632446}, "costs": {"total_cost": 712.4157023244888, "time_cost": 150, "final_distance_cost": 74.3491609852251, "oscillation_cost": 179.42867717685291, "completition_cost": 222.2222222222222, "overshoot_cost": 51.151852112791474, "power_cost": 19.197922729492188, "noise_cost": 16.065867097904892, "n_waypoints_completed": 7, "tot_waypoints": 9}}
{"target": -787.2713133391101, "params": {"k_pid_pos": [2.0, 0.9470794200897217, 0.0], "k_pid_alt": [1.9261313676834106, 0.0024518370628356934, 0.018943607807159424], "k_pid_att": [99.99996185302734, 1.165484070777893, 0.9376481771469116], "k_pid_yaw": [0.5, 1e-06, 0.1], "k_pid_hsp": [8.74724006652832, 0.978621780872345, 0.14166665077209473], "k_pid_vsp": [28.949546813964844, 394.7008972167969, 12.451983451843262]}, "datetime": {"datetime": "2025-08-21 12:26:19", "elapsed": 13295.535692930222, "delta": 23.429821729660034}, "costs": {"total_cost": 787.2713133391101, "time_cost": 150, "final_distance_cost": 73.94978306738663, "oscillation_cost": 133.85328098251995, "completition_cost": 333.33333333333337, "overshoot_cost": 59.472672318587705, "power_cost": 21.22623052978516, "noise_cost": 15.436013107497235, "n_waypoints_completed": 6, "tot_waypoints": 9}}
{"target": -1243.3240433242145, "params": {"k_pid_pos": [1.9816064834594727, 0.9818715453147888, 4.1425228118896484e-05], "k_pid_alt": [1.9645357131958008, 0.8281598091125488, 0.012648850679397583], "k_pid_att": [100.0, 1.2465648651123047, 0.940791130065918], "k_pid_yaw": [0.5, 1e-06, 0.1], "k_pid_hsp": [9.726300239562988, 0.8909287452697754, 0.01767343282699585], "k_pid_vsp": [21.663951873779297, 358.1808776855469, 1.6661057472229004]}, "datetime": {"datetime": "2025-08-21 12:26:42", "elapsed": 13319.190876960754, "delta": 23.655184030532837}, "costs": {"total_cost": 1243.3240433242145, "time_cost": 150, "final_distance_cost": 50.41772636111816, "oscillation_cost": 77.24704145092454, "completition_cost": 888.8888888888888, "overshoot_cost": 39.20330331880067, "power_cost": 22.19813028564453, "noise_cost": 15.368953018837923, "n_waypoints_completed": 1, "tot_waypoints": 9}}
{"target": -1197.9234908649412, "params": {"k_pid_pos": [2.0, 0.9743988513946533, 7.241964340209961e-06], "k_pid_alt": [1.987816333770752, 1.0, 0.030911386013031006], "k_pid_att": [100.0, 0.2800891101360321, 0.9893547296524048], "k_pid_yaw": [0.5, 1e-06, 0.1], "k_pid_hsp": [9.593585968017578, 0.9566656351089478, 0.03309053182601929], "k_pid_vsp": [9.91964340209961, 357.193359375, 25.32247543334961]}, "datetime": {"datetime": "2025-08-21 12:27:05", "elapsed": 13342.115761518478, "delta": 22.924884557724}, "costs": {"total_cost": 1197.9234908649412, "time_cost": 150, "final_distance_cost": 82.96497966259012, "oscillation_cost": 113.31287603814934, "completition_cost": 777.7777777777778, "overshoot_cost": 42.003178916571194, "power_cost": 18.352722131347658, "noise_cost": 13.511956338504953, "n_waypoints_completed": 2, "tot_waypoints": 9}}
{"target": -739.9835375004092, "params": {"k_pid_pos": [1.999413013458252, 0.9739292860031128, 0.0012885034084320068], "k_pid_alt": [1.9159597158432007, 1.0, 0.004073590040206909], "k_pid_att": [98.15567779541016, 0.633115291595459, 0.9755482077598572], "k_pid_yaw": [0.5, 1e-06, 0.1], "k_pid_hsp": [8.362846374511719, 0.9927369952201843, 0.003902912139892578], "k_pid_vsp": [3.1539440155029297, 228.6062774658203, 3.6181817054748535]}, "datetime": {"datetime": "2025-08-21 12:27:28", "elapsed": 13365.116161346436, "delta": 23.000399827957153}, "costs": {"total_cost": 739.9835375004092, "time_cost": 150, "final_distance_cost": 80.6115129276907, "oscillation_cost": 92.55112222747974, "completition_cost": 333.33333333333337, "overshoot_cost": 56.39380339955261, "power_cost": 15.36038016357422, "noise_cost": 11.733385448778613, "n_waypoints_completed": 6, "tot_waypoints": 9}}
{"target": -721.5098839936572, "params": {"k_pid_pos": [1.999988079071045, 0.8575617671012878, 0.991485595703125], "k_pid_alt": [1.9812304973602295, 1.0, 0.029334604740142822], "k_pid_att": [100.0, 0.09188248962163925, 0.9913114309310913], "k_pid_yaw": [0.5, 1e-06, 0.1], "k_pid_hsp": [9.576447486877441, 0.9435238838195801, 0.06058681011199951], "k_pid_vsp": [17.872608184814453, 391.16680908203125, 44.58203125]}, "datetime": {"datetime": "2025-08-21 12:27:51", "elapsed": 13388.256127357483, "delta": 23.139966011047363}, "costs": {"total_cost": 721.5098839936572, "time_cost": 150, "final_distance_cost": 63.52925033033401, "oscillation_cost": 190.4859514785039, "completition_cost": 222.2222222222222, "overshoot_cost": 52.15104213524668, "power_cost": 24.480020019531253, "noise_cost": 18.641397807819192, "n_waypoints_completed": 7, "tot_waypoints": 9}}
{"target": -724.2842553166857, "params": {"k_pid_pos": [2.0, 0.983103334903717, 0.006140381097793579], "k_pid_alt": [1.9911646842956543, 0.9992154836654663, 0.13822078704833984], "k_pid_att": [100.0, 0.15560279786586761, 0.9743667840957642], "k_pid_yaw": [0.5, 1e-06, 0.1], "k_pid_hsp": [9.446979522705078, 0.9855401515960693, 0.007441312074661255], "k_pid_vsp": [47.10453796386719, 296.38079833984375, 31.128110885620117]}, "datetime": {"datetime": "2025-08-21 12:28:15", "elapsed": 13411.496012687683, "delta": 23.239885330200195}, "costs": {"total_cost": 724.2842553166857, "time_cost": 150, "final_distance_cost": 78.54115538384062, "oscillation_cost": 65.1959510803622, "completition_cost": 333.33333333333337, "overshoot_cost": 56.15063201937598, "power_cost": 23.027743701171875, "noise_cost": 18.035439798601736, "n_waypoints_completed": 6, "tot_waypoints": 9}}
{"target": -1030.3501193389075, "params": {"k_pid_pos": [1.7043709754943848, 0.9332772493362427, 0.9999994039535522], "k_pid_alt": [1.9238040447235107, 0.9999922513961792, 0.02127814292907715], "k_pid_att": [99.99987030029297, 0.9027717113494873, 0.9910324215888977], "k_pid_yaw": [0.5, 1e-06, 0.1], "k_pid_hsp": [9.694889068603516, 0.9846339821815491, 0.056021034717559814], "k_pid_vsp": [15.37635326385498, 373.39910888671875, 14.661766052246094]}, "datetime": {"datetime": "2025-08-21 12:28:38", "elapsed": 13434.998665571213, "delta": 23.502652883529663}, "costs": {"total_cost": 1030.3501193389075, "time_cost": 150, "final_distance_cost": 47.2542334356888, "oscillation_cost": 189.41588441166235, "completition_cost": 555.5555555555555, "overshoot_cost": 57.23684473739714, "power_cost": 17.579187438964844, "noise_cost": 13.308413759638762, "n_waypoints_completed": 4, "tot_waypoints": 9}}
{"target": -1036.593658630342, "params": {"k_pid_pos": [2.0, 0.998270571231842, 3.796815872192383e-05], "k_pid_alt": [1.9800447225570679, 0.9997408986091614, 0.006540119647979736], "k_pid_att": [100.0, 2.621713638305664, 0.959854006767273], "k_pid_yaw": [0.5, 1e-06, 0.1], "k_pid_hsp": [9.96703052520752, 0.9871621131896973, 0.015802472829818726], "k_pid_vsp": [56.681396484375, 385.1103210449219, 11.268462181091309]}, "datetime": {"datetime": "2025-08-21 12:29:01", "elapsed": 13458.1528942585, "delta": 23.154228687286377}, "costs": {"total_cost": 1036.593658630342, "time_cost": 150, "final_distance_cost": 52.35275639792873, "oscillation_cost": 74.01521177934114, "completition_cost": 666.6666666666667, "overshoot_cost": 60.77372010485457, "power_cost": 18.51707515869141, "noise_cost": 14.268228522859273, "n_waypoints_completed": 3, "tot_waypoints": 9}}
{"target": -1386.6950340951391, "params": {"k_pid_pos": [1.997841715812683, 0.9908382892608643, 0.0013504326343536377], "k_pid_alt": [1.8994126319885254, 1.0, 0.0159340500831604], "k_pid_att": [100.0, 0.11863576620817184, 0.8844987154006958], "k_pid_yaw": [0.5, 1e-06, 0.1], "k_pid_hsp": [9.846643447875977, 0.7780910730361938, 0.013515949249267578], "k_pid_vsp": [7.528543472290039, 392.69384765625, 4.718209266662598]}, "datetime": {"datetime": "2025-08-21 12:29:25", "elapsed": 13481.565477371216, "delta": 23.412583112716675}, "costs": {"total_cost": 1386.6950340951391, "time_cost": 150, "final_distance_cost": 44.143697279508274, "oscillation_cost": 116.22883033722621, "completition_cost": 1000.0, "overshoot_cost": 46.07616721266072, "power_cost": 17.449523754882815, "noise_cost": 12.79681551086113, "n_waypoints_completed": 0, "tot_waypoints": 9}}
{"target": -712.2547301297615, "params": {"k_pid_pos": [2.0, 0.9519686698913574, 0.8828985691070557], "k_pid_alt": [1.9091999530792236, 1.0, 0.0197770893573761], "k_pid_att": [100.0, 0.6450161337852478, 0.993087887763977], "k_pid_yaw": [0.5, 1e-06, 0.1], "k_pid_hsp": [9.864359855651855, 0.9172549247741699, 0.01645219326019287], "k_pid_vsp": [11.331092834472656, 393.70361328125, 10.47214412689209]}, "datetime": {"datetime": "2025-08-21 12:29:48", "elapsed": 13505.326192617416, "delta": 23.76071524620056}, "costs": {"total_cost": 712.2547301297615, "time_cost": 150, "final_distance_cost": 66.20572414139546, "oscillation_cost": 184.7312164685955, "completition_cost": 222.2222222222222, "overshoot_cost": 52.438615521933265, "power_cost": 20.684481103515626, "noise_cost": 15.972470672099494, "n_waypoints_completed": 7, "tot_waypoints": 9}}
{"target": -594.9408070676934, "params": {"k_pid_pos": [1.9999998807907104, 0.6914564967155457, 0.005220562219619751], "k_pid_alt": [1.9433143138885498, 0.9999590516090393, 0.02952161431312561], "k_pid_att": [100.0, 0.04759131371974945, 0.9798451662063599], "k_pid_yaw": [0.5, 1e-06, 0.1], "k_pid_hsp": [9.758854866027832, 0.978510856628418, 0.010436683893203735], "k_pid_vsp": [72.74725341796875, 385.33819580078125, 56.321990966796875]}, "datetime": {"datetime": "2025-08-21 12:30:12", "elapsed": 13528.900835990906, "delta": 23.57464337348938}, "costs": {"total_cost": 594.9408070676934, "time_cost": 150, "final_distance_cost": 63.452871029657615, "oscillation_cost": 70.71866817027372, "completition_cost": 222.2222222222222, "overshoot_cost": 55.857917099671944, "power_cost": 18.656704809570314, "noise_cost": 14.032423736297744, "n_waypoints_completed": 7, "tot_waypoints": 9}}
{"target": -1099.9601120808716, "params": {"k_pid_pos": [1.999999761581421, 0.9874804019927979, 0.0], "k_pid_alt": [1.9327386617660522, 0.9999992251396179, 0.003113687038421631], "k_pid_att": [100.0, 0.30967119336128235, 0.9363319873809814], "k_pid_yaw": [0.5, 1e-06, 0.1], "k_pid_hsp": [9.669200897216797, 0.956296443939209, 0.2199680209159851], "k_pid_vsp": [30.49173355102539, 383.1177673339844, 7.230306625366211]}, "datetime": {"datetime": "2025-08-21 12:30:35", "elapsed": 13552.282620429993, "delta": 23.381784439086914}, "costs": {"total_cost": 1099.9601120808716, "time_cost": 150, "final_distance_cost": 53.12312323970891, "oscillation_cost": 134.07338452291452, "completition_cost": 666.6666666666667, "overshoot_cost": 54.82210358054936, "power_cost": 23.297274584960938, "noise_cost": 17.977559486071296, "n_waypoints_completed": 3, "tot_waypoints": 9}}
