{"target": -307.73071169635375, "params": {"k_pid_pos": [2.0, 0.9962337017059326, 1.0], "k_pid_alt": [1.9356818199157715, 1.0, 0.022658735513687134], "k_pid_att": [100.0, 0.10114018619060516, 0.9948887825012207], "k_pid_yaw": [0.5, 1e-06, 0.1], "k_pid_hsp": [9.962852478027344, 0.9931039214134216, 0.012581557035446167], "k_pid_vsp": [19.119060516357422, 386.48736572265625, 3.842092514038086]}, "datetime": {"datetime": "2025-08-21 21:08:04", "elapsed": 44601.15236258507, "delta": 21.444554328918457}, "costs": {"total_cost": 307.73071169635375, "time_cost": 91.19200000000001, "final_distance_cost": 1.7199185564936967, "oscillation_cost": 119.72549852535575, "completition_cost": 0.0, "overshoot_cost": 56.02469090853928, "power_cost": 21.813986376953125, "noise_cost": 17.254617329011946, "n_waypoints_completed": 9, "tot_waypoints": 9}}
{"target": -699.0658257376958, "params": {"k_pid_pos": [2.0, 0.9939709901809692, 1.0], "k_pid_alt": [1.986309289932251, 1.0, 0.00022533535957336426], "k_pid_att": [100.0, 0.09592483192682266, 0.9863722920417786], "k_pid_yaw": [0.5, 1e-06, 0.1], "k_pid_hsp": [9.947187423706055, 0.9623156785964966, 0.014552950859069824], "k_pid_vsp": [4.905259609222412, 390.42822265625, 8.76224136352539]}, "datetime": {"datetime": "2025-08-21 21:08:31", "elapsed": 44627.850331783295, "delta": 26.69796919822693}, "costs": {"total_cost": 699.0658257376958, "time_cost": 150, "final_distance_cost": 67.48977829072349, "oscillation_cost": 166.33874618322878, "completition_cost": 222.2222222222222, "overshoot_cost": 54.62332355337758, "power_cost": 22.051908422851564, "noise_cost": 16.33984706529235, "n_waypoints_completed": 7, "tot_waypoints": 9}}
{"target": -802.9058130042642, "params": {"k_pid_pos": [2.0, 0.9636133909225464, 0.9999611973762512], "k_pid_alt": [1.9839842319488525, 1.0, 0.01601538062095642], "k_pid_att": [100.0, 0.21053925156593323, 0.9825788736343384], "k_pid_yaw": [0.5, 1e-06, 0.1], "k_pid_hsp": [9.886495590209961, 0.9946129322052002, 0.09482026100158691], "k_pid_vsp": [4.790246486663818, 392.6806335449219, 8.677125930786133]}, "datetime": {"datetime": "2025-08-21 21:08:59", "elapsed": 44655.44337415695, "delta": 27.593042373657227}, "costs": {"total_cost": 802.9058130042642, "time_cost": 150, "final_distance_cost": 63.666256020901365, "oscillation_cost": 159.81079150762847, "completition_cost": 333.33333333333337, "overshoot_cost": 54.63802798725883, "power_cost": 23.955048718261718, "noise_cost": 17.502355436880414, "n_waypoints_completed": 6, "tot_waypoints": 9}}
{"target": -865.6961440605206, "params": {"k_pid_pos": [2.0, 0.9693737626075745, 0.9999978542327881], "k_pid_alt": [1.9743667840957642, 1.0, 0.0022482872009277344], "k_pid_att": [100.0, 0.13157163560390472, 0.9856823086738586], "k_pid_yaw": [0.5, 1e-06, 0.1], "k_pid_hsp": [9.961976051330566, 0.9894059300422668, 0.034701257944107056], "k_pid_vsp": [1.4837980270385742, 396.257568359375, 28.706695556640625]}, "datetime": {"datetime": "2025-08-21 21:09:24", "elapsed": 44680.8746984005, "delta": 25.431324243545532}, "costs": {"total_cost": 865.6961440605206, "time_cost": 150, "final_distance_cost": 56.1996965373096, "oscillation_cost": 231.38071395795126, "completition_cost": 333.33333333333337, "overshoot_cost": 61.9043750825329, "power_cost": 18.144927648925783, "noise_cost": 14.733097500467801, "n_waypoints_completed": 6, "tot_waypoints": 9}}
{"target": -743.919202012904, "params": {"k_pid_pos": [2.0, 0.9950582981109619, 0.011040180921554565], "k_pid_alt": [1.9792673587799072, 1.0, 0.0011973083019256592], "k_pid_att": [100.0, 0.02023514173924923, 0.9888655543327332], "k_pid_yaw": [0.5, 1e-06, 0.1], "k_pid_hsp": [9.983206748962402, 0.9877108931541443, 0.009390532970428467], "k_pid_vsp": [10.031867027282715, 395.4394226074219, 4.557789325714111]}, "datetime": {"datetime": "2025-08-21 21:09:48", "elapsed": 44704.59496617317, "delta": 23.72026777267456}, "costs": {"total_cost": 743.919202012904, "time_cost": 150, "final_distance_cost": 74.51229983752978, "oscillation_cost": 93.62052881957105, "completition_cost": 333.33333333333337, "overshoot_cost": 55.332822979785526, "power_cost": 21.92670524902344, "noise_cost": 15.193511793660678, "n_waypoints_completed": 6, "tot_waypoints": 9}}
{"target": -782.9738604496853, "params": {"k_pid_pos": [2.0, 0.9709889888763428, 1.0], "k_pid_alt": [1.9761760234832764, 1.0, 0.0027040839195251465], "k_pid_att": [100.0, 0.18174393475055695, 0.9910742044448853], "k_pid_yaw": [0.5, 1e-06, 0.1], "k_pid_hsp": [9.549127578735352, 0.9927583932876587, 0.002340942621231079], "k_pid_vsp": [4.415655136108398, 376.07244873046875, 8.001972198486328]}, "datetime": {"datetime": "2025-08-21 21:10:12", "elapsed": 44728.91090130806, "delta": 24.315935134887695}, "costs": {"total_cost": 782.9738604496853, "time_cost": 150, "final_distance_cost": 60.31207757932567, "oscillation_cost": 149.3343532517504, "completition_cost": 333.33333333333337, "overshoot_cost": 51.56035769497901, "power_cost": 22.787480322265626, "noise_cost": 15.646258268031264, "n_waypoints_completed": 6, "tot_waypoints": 9}}
{"target": -386.8488657105797, "params": {"k_pid_pos": [2.0, 0.9872046709060669, 1.0], "k_pid_alt": [1.9926533699035645, 1.0, 0.022354543209075928], "k_pid_att": [100.0, 0.4609134793281555, 0.9955295324325562], "k_pid_yaw": [0.5, 1e-06, 0.1], "k_pid_hsp": [9.918339729309082, 0.9570316672325134, 0.02577829360961914], "k_pid_vsp": [5.103015899658203, 397.78973388671875, 1.969386100769043]}, "datetime": {"datetime": "2025-08-21 21:10:35", "elapsed": 44752.034004449844, "delta": 23.123103141784668}, "costs": {"total_cost": 386.8488657105797, "time_cost": 94.488, "final_distance_cost": 1.7487855924369864, "oscillation_cost": 195.42874396454675, "completition_cost": 0.0, "overshoot_cost": 61.09694122081971, "power_cost": 18.947563317871094, "noise_cost": 15.13883161490517, "n_waypoints_completed": 9, "tot_waypoints": 9}}
{"target": -386.5396825290178, "params": {"k_pid_pos": [2.0, 0.9946268200874329, 1.0], "k_pid_alt": [1.9889559745788574, 1.0, 0.0030384063720703125], "k_pid_att": [100.0, 0.18792219460010529, 0.977459192276001], "k_pid_yaw": [0.5, 1e-06, 0.1], "k_pid_hsp": [9.909005165100098, 0.9979749917984009, 0.036646753549575806], "k_pid_vsp": [3.7957310676574707, 399.6972351074219, 15.476895332336426]}, "datetime": {"datetime": "2025-08-21 21:10:57", "elapsed": 44774.02840137482, "delta": 21.994396924972534}, "costs": {"total_cost": 386.5396825290178, "time_cost": 96.056, "final_distance_cost": 1.7672826264274097, "oscillation_cost": 185.00915021271658, "completition_cost": 0.0, "overshoot_cost": 65.76311748679295, "power_cost": 21.07043953857422, "noise_cost": 16.87369266450664, "n_waypoints_completed": 9, "tot_waypoints": 9}}
{"target": -663.1467362859423, "params": {"k_pid_pos": [2.0, 0.9905658960342407, 1.0], "k_pid_alt": [1.904423475265503, 1.0, 0.02570444345474243], "k_pid_att": [100.0, 0.3674427270889282, 0.9922330379486084], "k_pid_yaw": [0.5, 1e-06, 0.1], "k_pid_hsp": [9.81529426574707, 0.9903566241264343, 0.0067840516567230225], "k_pid_vsp": [2.9329776763916016, 398.99188232421875, 1.7303714752197266]}, "datetime": {"datetime": "2025-08-21 21:11:22", "elapsed": 44798.69887423515, "delta": 24.670472860336304}, "costs": {"total_cost": 663.1467362859423, "time_cost": 150, "final_distance_cost": 65.2994186819812, "oscillation_cost": 130.24540632571754, "completition_cost": 222.2222222222222, "overshoot_cost": 51.87865118513405, "power_cost": 24.854971936035156, "noise_cost": 18.646065934852224, "n_waypoints_completed": 7, "tot_waypoints": 9}}
{"target": -668.292992571318, "params": {"k_pid_pos": [2.0, 0.9916161298751831, 1.0], "k_pid_alt": [1.9619829654693604, 1.0, 0.046409398317337036], "k_pid_att": [100.0, 0.04058724269270897, 0.9932165145874023], "k_pid_yaw": [0.5, 1e-06, 0.1], "k_pid_hsp": [9.662694931030273, 0.993846595287323, 0.005673825740814209], "k_pid_vsp": [6.738102436065674, 391.9909362792969, 3.9697418212890625]}, "datetime": {"datetime": "2025-08-21 21:11:46", "elapsed": 44823.33573126793, "delta": 24.63685703277588}, "costs": {"total_cost": 668.292992571318, "time_cost": 150, "final_distance_cost": 69.54296560590798, "oscillation_cost": 129.88259073690324, "completition_cost": 222.2222222222222, "overshoot_cost": 54.86920070451075, "power_cost": 24.469345385742187, "noise_cost": 17.306667916031785, "n_waypoints_completed": 7, "tot_waypoints": 9}}
{"target": -727.0948554445475, "params": {"k_pid_pos": [2.0, 0.9948799014091492, 1.0], "k_pid_alt": [1.9926164150238037, 1.0, 0.00900241732597351], "k_pid_att": [100.0, 0.6110280752182007, 0.9793065786361694], "k_pid_yaw": [0.5, 1e-06, 0.1], "k_pid_hsp": [9.970308303833008, 0.9964759349822998, 0.006493479013442993], "k_pid_vsp": [11.25948429107666, 393.5458068847656, 2.822841167449951]}, "datetime": {"datetime": "2025-08-21 21:12:10", "elapsed": 44846.75208759308, "delta": 23.416356325149536}, "costs": {"total_cost": 727.0948554445475, "time_cost": 150, "final_distance_cost": 73.60662998055524, "oscillation_cost": 180.7724999448289, "completition_cost": 222.2222222222222, "overshoot_cost": 63.236690727296754, "power_cost": 21.87584781494141, "noise_cost": 15.380964754703108, "n_waypoints_completed": 7, "tot_waypoints": 9}}
{"target": -678.7994304205255, "params": {"k_pid_pos": [2.0, 0.9799084663391113, 1.0], "k_pid_alt": [1.9643316268920898, 0.9999995231628418, 0.006573230028152466], "k_pid_att": [99.84510040283203, 0.06909913569688797, 0.9453116655349731], "k_pid_yaw": [0.5, 1e-06, 0.1], "k_pid_hsp": [9.552336692810059, 0.9778541326522827, 0.004536151885986328], "k_pid_vsp": [9.651840209960938, 396.0339660644531, 3.066206932067871]}, "datetime": {"datetime": "2025-08-21 21:12:35", "elapsed": 44871.93230628967, "delta": 25.18021869659424}, "costs": {"total_cost": 678.7994304205255, "time_cost": 150, "final_distance_cost": 67.75715382697004, "oscillation_cost": 144.23722969665081, "completition_cost": 222.2222222222222, "overshoot_cost": 55.269502325972525, "power_cost": 22.502739074707033, "noise_cost": 16.810583274002823, "n_waypoints_completed": 7, "tot_waypoints": 9}}
{"target": -897.9071409365325, "params": {"k_pid_pos": [2.0, 0.9874963760375977, 1.0], "k_pid_alt": [1.976470708847046, 1.0, 0.08582320809364319], "k_pid_att": [100.0, 0.10237280279397964, 0.9968894720077515], "k_pid_yaw": [0.5, 1e-06, 0.1], "k_pid_hsp": [9.597631454467773, 0.9880284070968628, 0.009352684020996094], "k_pid_vsp": [1.6642212867736816, 392.7146301269531, 2.993858814239502]}, "datetime": {"datetime": "2025-08-21 21:12:58", "elapsed": 44894.53543257713, "delta": 22.603126287460327}, "costs": {"total_cost": 897.9071409365325, "time_cost": 150, "final_distance_cost": 51.36764384590023, "oscillation_cost": 168.57839569824634, "completition_cost": 444.4444444444444, "overshoot_cost": 50.14012035485839, "power_cost": 18.788189916992188, "noise_cost": 14.588346676090923, "n_waypoints_completed": 5, "tot_waypoints": 9}}
{"target": -680.581486015575, "params": {"k_pid_pos": [2.0, 0.992450475692749, 0.9999998807907104], "k_pid_alt": [1.9681696891784668, 1.0, 0.006282687187194824], "k_pid_att": [100.0, 0.05889581888914108, 0.9924824833869934], "k_pid_yaw": [0.5, 1e-06, 0.1], "k_pid_hsp": [9.872279167175293, 0.9861331582069397, 0.004589706659317017], "k_pid_vsp": [8.191776275634766, 396.8617858886719, 9.534348487854004]}, "datetime": {"datetime": "2025-08-21 21:13:23", "elapsed": 44919.727356910706, "delta": 25.191924333572388}, "costs": {"total_cost": 680.581486015575, "time_cost": 150, "final_distance_cost": 69.78726518147293, "oscillation_cost": 148.17645253468143, "completition_cost": 222.2222222222222, "overshoot_cost": 53.071487254482825, "power_cost": 21.430280822753907, "noise_cost": 15.893777999961717, "n_waypoints_completed": 7, "tot_waypoints": 9}}
{"target": -575.462619483459, "params": {"k_pid_pos": [2.0, 0.962857723236084, 0.9999929666519165], "k_pid_alt": [1.9447582960128784, 0.9999756813049316, 0.006676971912384033], "k_pid_att": [100.0, 0.040176570415496826, 0.9907475709915161], "k_pid_yaw": [0.5, 1e-06, 0.1], "k_pid_hsp": [8.757822036743164, 0.9206682443618774, 0.013812452554702759], "k_pid_vsp": [0.7933497428894043, 395.4194641113281, 7.502187252044678]}, "datetime": {"datetime": "2025-08-21 21:13:47", "elapsed": 44944.043437957764, "delta": 24.316081047058105}, "costs": {"total_cost": 575.462619483459, "time_cost": 150, "final_distance_cost": 36.55864290048523, "oscillation_cost": 184.10714881924983, "completition_cost": 111.11111111111116, "overshoot_cost": 61.771249938257924, "power_cost": 18.409015270996093, "noise_cost": 13.505451443358796, "n_waypoints_completed": 8, "tot_waypoints": 9}}
{"target": -566.5428137759422, "params": {"k_pid_pos": [2.0, 0.9917479157447815, 1.0], "k_pid_alt": [1.991461992263794, 1.0, 0.008929580450057983], "k_pid_att": [100.0, 0.11221729964017868, 0.9818407297134399], "k_pid_yaw": [0.5, 1e-06, 0.1], "k_pid_hsp": [9.7501220703125, 0.9915786981582642, 0.008735418319702148], "k_pid_vsp": [29.29593276977539, 367.4356994628906, 7.021416187286377]}, "datetime": {"datetime": "2025-08-21 21:14:13", "elapsed": 44969.775488615036, "delta": 25.73205065727234}, "costs": {"total_cost": 566.5428137759422, "time_cost": 150, "final_distance_cost": 49.21200817984624, "oscillation_cost": 162.77698455977475, "completition_cost": 111.11111111111116, "overshoot_cost": 57.469506809331634, "power_cost": 19.9478931640625, "noise_cost": 16.02530995181597, "n_waypoints_completed": 8, "tot_waypoints": 9}}
{"target": -629.2378835369329, "params": {"k_pid_pos": [2.0, 0.9570088386535645, 1.0], "k_pid_alt": [1.9962400197982788, 0.22365844249725342, 0.03884488344192505], "k_pid_att": [100.0, 1.0720216035842896, 0.984584391117096], "k_pid_yaw": [0.5, 1e-06, 0.1], "k_pid_hsp": [9.962660789489746, 0.8658007383346558, 0.005152583122253418], "k_pid_vsp": [8.618545532226562, 387.69744873046875, 6.507791042327881]}, "datetime": {"datetime": "2025-08-21 21:14:37", "elapsed": 44994.324486255646, "delta": 24.54899764060974}, "costs": {"total_cost": 629.2378835369329, "time_cost": 150, "final_distance_cost": 63.78062075733986, "oscillation_cost": 90.47570179270673, "completition_cost": 222.2222222222222, "overshoot_cost": 54.757488050173954, "power_cost": 28.52456384277344, "noise_cost": 19.47728687171677, "n_waypoints_completed": 7, "tot_waypoints": 9}}
{"target": -1095.5727599166742, "params": {"k_pid_pos": [2.0, 0.9944437742233276, 1.0], "k_pid_alt": [1.9502270221710205, 1.0, 0.015315324068069458], "k_pid_att": [100.0, 0.404858261346817, 0.992179274559021], "k_pid_yaw": [0.5, 1e-06, 0.1], "k_pid_hsp": [9.91002368927002, 0.9906693696975708, 0.08563023805618286], "k_pid_vsp": [18.694782257080078, 393.5909118652344, 1.3296852111816406]}, "datetime": {"datetime": "2025-08-21 21:15:01", "elapsed": 45018.37468481064, "delta": 24.050198554992676}, "costs": {"total_cost": 1095.5727599166742, "time_cost": 150, "final_distance_cost": 49.25128814763769, "oscillation_cost": 242.8423451012869, "completition_cost": 555.5555555555555, "overshoot_cost": 67.03880186006644, "power_cost": 16.652547265625, "noise_cost": 14.23222198650275, "n_waypoints_completed": 4, "tot_waypoints": 9}}
{"target": -706.5884519299117, "params": {"k_pid_pos": [2.0, 0.9989607930183411, 1.0], "k_pid_alt": [1.9627107381820679, 1.0, 0.0054299235343933105], "k_pid_att": [100.0, 0.328664630651474, 0.7369914054870605], "k_pid_yaw": [0.5, 1e-06, 0.1], "k_pid_hsp": [9.921272277832031, 0.9405809640884399, 0.02605941891670227], "k_pid_vsp": [19.53035545349121, 392.7376403808594, 7.041419506072998]}, "datetime": {"datetime": "2025-08-21 21:15:26", "elapsed": 45042.572942495346, "delta": 24.19825768470764}, "costs": {"total_cost": 706.5884519299117, "time_cost": 150, "final_distance_cost": 64.59202538129188, "oscillation_cost": 179.44573848167028, "completition_cost": 222.2222222222222, "overshoot_cost": 54.50099924384822, "power_cost": 20.2797083984375, "noise_cost": 15.547758202441646, "n_waypoints_completed": 7, "tot_waypoints": 9}}
{"target": -845.0125466139689, "params": {"k_pid_pos": [1.9999990463256836, 0.9914135336875916, 1.0], "k_pid_alt": [1.9973883628845215, 1.0, 0.005928158760070801], "k_pid_att": [100.0, 0.02101506106555462, 0.9978060722351074], "k_pid_yaw": [0.5, 1e-06, 0.1], "k_pid_hsp": [9.904505729675293, 0.9808007478713989, 0.003242671489715576], "k_pid_vsp": [3.193831443786621, 396.94146728515625, 0.9187827706336975]}, "datetime": {"datetime": "2025-08-21 21:15:49", "elapsed": 45066.35021996498, "delta": 23.77727746963501}, "costs": {"total_cost": 845.0125466139689, "time_cost": 150, "final_distance_cost": 86.50071343942976, "oscillation_cost": 186.88009228182895, "completition_cost": 333.33333333333337, "overshoot_cost": 55.556224843212284, "power_cost": 18.851872302246093, "noise_cost": 13.890310413918455, "n_waypoints_completed": 6, "tot_waypoints": 9}}
{"target": -997.9025954945516, "params": {"k_pid_pos": [2.0, 0.9887035489082336, 1.0], "k_pid_alt": [1.7976648807525635, 1.0, 0.013302326202392578], "k_pid_att": [100.0, 0.07604390382766724, 0.9941039085388184], "k_pid_yaw": [0.5, 1e-06, 0.1], "k_pid_hsp": [9.731209754943848, 0.9909975528717041, 0.030551105737686157], "k_pid_vsp": [15.481746673583984, 384.19964599609375, 11.71772575378418]}, "datetime": {"datetime": "2025-08-21 21:16:14", "elapsed": 45090.96078133583, "delta": 24.61056137084961}, "costs": {"total_cost": 997.9025954945516, "time_cost": 150, "final_distance_cost": 51.67832640202479, "oscillation_cost": 153.87300156620887, "completition_cost": 555.5555555555555, "overshoot_cost": 51.41221732759305, "power_cost": 19.61763229980469, "noise_cost": 15.765862343364843, "n_waypoints_completed": 4, "tot_waypoints": 9}}
{"target": -689.049826177168, "params": {"k_pid_pos": [2.0, 0.9935145378112793, 0.9993430376052856], "k_pid_alt": [1.9622470140457153, 1.0, 0.01821264624595642], "k_pid_att": [100.0, 0.02362065203487873, 0.9903583526611328], "k_pid_yaw": [0.5, 1e-06, 0.1], "k_pid_hsp": [9.846738815307617, 0.9038939476013184, 0.011040836572647095], "k_pid_vsp": [7.144880294799805, 398.6595458984375, 5.097986221313477]}, "datetime": {"datetime": "2025-08-21 21:16:39", "elapsed": 45116.27041506767, "delta": 25.30963373184204}, "costs": {"total_cost": 689.049826177168, "time_cost": 150, "final_distance_cost": 75.21490184751781, "oscillation_cost": 147.02048962467526, "completition_cost": 222.2222222222222, "overshoot_cost": 54.55575720447479, "power_cost": 22.828690405273438, "noise_cost": 17.207764873004564, "n_waypoints_completed": 7, "tot_waypoints": 9}}
{"target": -692.5145668931879, "params": {"k_pid_pos": [2.0, 0.994857668876648, 1.0], "k_pid_alt": [1.9809908866882324, 1.0, 0.029664278030395508], "k_pid_att": [100.0, 0.30492672324180603, 0.9935724139213562], "k_pid_yaw": [0.5, 1e-06, 0.1], "k_pid_hsp": [9.963257789611816, 0.9982607364654541, 0.0070303380489349365], "k_pid_vsp": [2.0006418228149414, 392.5257568359375, 5.3343424797058105]}, "datetime": {"datetime": "2025-08-21 21:17:03", "elapsed": 45139.67577910423, "delta": 23.40536403656006}, "costs": {"total_cost": 692.5145668931879, "time_cost": 150, "final_distance_cost": 63.561753899037605, "oscillation_cost": 161.7705159808514, "completition_cost": 222.2222222222222, "overshoot_cost": 53.809343237976016, "power_cost": 24.293667224121094, "noise_cost": 16.85706432897946, "n_waypoints_completed": 7, "tot_waypoints": 9}}
{"target": -510.4147891237903, "params": {"k_pid_pos": [2.0, 0.9866236448287964, 1.0], "k_pid_alt": [1.9555585384368896, 0.9999998807907104, 0.017895638942718506], "k_pid_att": [100.0, 0.10982956737279892, 0.9908412098884583], "k_pid_yaw": [0.5, 1e-06, 0.1], "k_pid_hsp": [9.829156875610352, 0.97333824634552, 0.01297333836555481], "k_pid_vsp": [6.673276424407959, 389.94482421875, 8.441973686218262]}, "datetime": {"datetime": "2025-08-21 21:17:28", "elapsed": 45165.20813751221, "delta": 25.532358407974243}, "costs": {"total_cost": 510.4147891237903, "time_cost": 150, "final_distance_cost": 12.20050826154468, "oscillation_cost": 143.07117216852384, "completition_cost": 111.11111111111116, "overshoot_cost": 56.73475913652153, "power_cost": 21.102403479003907, "noise_cost": 16.19483496708525, "n_waypoints_completed": 8, "tot_waypoints": 9}}
{"target": -1357.5945836507294, "params": {"k_pid_pos": [2.0, 0.9922482371330261, 8.016824722290039e-06], "k_pid_alt": [1.9871883392333984, 1.0, 0.005054563283920288], "k_pid_att": [100.0, 0.02274119295179844, 0.9963972568511963], "k_pid_yaw": [0.5, 1e-06, 0.1], "k_pid_hsp": [9.950715065002441, 0.9938725233078003, 0.00892782211303711], "k_pid_vsp": [0.32836198806762695, 396.6109313964844, 0.7990012764930725]}, "datetime": {"datetime": "2025-08-21 21:17:51", "elapsed": 45188.3256881237, "delta": 23.11755061149597}, "costs": {"total_cost": 1357.5945836507294, "time_cost": 150, "final_distance_cost": 51.876119133341064, "oscillation_cost": 80.0930706546631, "completition_cost": 1000.0, "overshoot_cost": 39.53293726035345, "power_cost": 21.49916737060547, "noise_cost": 14.593289231766452, "n_waypoints_completed": 0, "tot_waypoints": 9}}
{"target": -544.8070722383277, "params": {"k_pid_pos": [2.0, 0.9693382978439331, 0.9999998807907104], "k_pid_alt": [1.9678537845611572, 1.0, 0.0034767091274261475], "k_pid_att": [99.95965576171875, 0.0481557659804821, 0.9836066961288452], "k_pid_yaw": [0.5, 1e-06, 0.1], "k_pid_hsp": [9.947296142578125, 0.9936503171920776, 0.013078689575195312], "k_pid_vsp": [6.422257423400879, 375.3028259277344, 2.025879383087158]}, "datetime": {"datetime": "2025-08-21 21:18:17", "elapsed": 45213.73178386688, "delta": 25.40609574317932}, "costs": {"total_cost": 544.8070722383277, "time_cost": 150, "final_distance_cost": 31.589527439293445, "oscillation_cost": 150.07232482887358, "completition_cost": 111.11111111111116, "overshoot_cost": 60.22299271007663, "power_cost": 23.942862023925784, "noise_cost": 17.868254125047056, "n_waypoints_completed": 8, "tot_waypoints": 9}}
