{"target": -507.9091309321525, "params": {"k_pid_pos": [2.0, 0.9980250597000122, 0.9997310042381287], "k_pid_alt": [1.9848312139511108, 1.0, 0.003370612859725952], "k_pid_att": [100.0, 0.6036929488182068, 0.9948122501373291], "k_pid_yaw": [0.5, 1e-06, 0.1], "k_pid_hsp": [9.950925827026367, 0.9608936309814453, 0.007402986288070679], "k_pid_vsp": [34.754241943359375, 399.7195739746094, 6.434274673461914]}, "datetime": {"datetime": "2025-08-21 23:35:16", "elapsed": 53433.03273129463, "delta": 23.479406356811523}, "costs": {"total_cost": 507.9091309321525, "time_cost": 150, "final_distance_cost": 9.010546611268193, "oscillation_cost": 139.74626144505632, "completition_cost": 111.11111111111116, "overshoot_cost": 61.902850311214316, "power_cost": 19.811928649902345, "noise_cost": 16.326432803600117, "n_waypoints_completed": 8, "tot_waypoints": 9}}
{"target": -755.7448626509471, "params": {"k_pid_pos": [2.0, 0.9906837940216064, 1.0], "k_pid_alt": [1.9980614185333252, 1.0, 0.004325449466705322], "k_pid_att": [100.0, 0.10922219604253769, 0.9910570383071899], "k_pid_yaw": [0.5, 1e-06, 0.1], "k_pid_hsp": [9.859825134277344, 0.9738144874572754, 0.004628390073776245], "k_pid_vsp": [2.9956936836242676, 392.928466796875, 26.980545043945312]}, "datetime": {"datetime": "2025-08-21 23:35:40", "elapsed": 53456.68429875374, "delta": 23.651567459106445}, "costs": {"total_cost": 755.7448626509471, "time_cost": 150, "final_distance_cost": 69.44842387216217, "oscillation_cost": 102.98652067435097, "completition_cost": 333.33333333333337, "overshoot_cost": 58.78183074427982, "power_cost": 24.29409910888672, "noise_cost": 16.90065491793415, "n_waypoints_completed": 6, "tot_waypoints": 9}}
{"target": -778.6154879877593, "params": {"k_pid_pos": [2.0, 0.9959359169006348, 1.0], "k_pid_alt": [1.993262767791748, 1.0, 0.0021080374717712402], "k_pid_att": [100.0, 0.03177240118384361, 0.9697308540344238], "k_pid_yaw": [0.5, 1e-06, 0.1], "k_pid_hsp": [9.84951400756836, 0.9889633655548096, 0.0020239949226379395], "k_pid_vsp": [1.463150978088379, 398.2895812988281, 1.2883195877075195]}, "datetime": {"datetime": "2025-08-21 23:36:03", "elapsed": 53479.81473445892, "delta": 23.130435705184937}, "costs": {"total_cost": 778.6154879877593, "time_cost": 150, "final_distance_cost": 69.16931361582324, "oscillation_cost": 134.47299186882142, "completition_cost": 333.33333333333337, "overshoot_cost": 56.77116363178321, "power_cost": 20.478044775390625, "noise_cost": 14.390640762607356, "n_waypoints_completed": 6, "tot_waypoints": 9}}
{"target": -1084.7371400007646, "params": {"k_pid_pos": [2.0, 0.9925016164779663, 1.0], "k_pid_alt": [1.9817578792572021, 1.0, 0.023833543062210083], "k_pid_att": [100.0, 0.060562942177057266, 0.9748193025588989], "k_pid_yaw": [0.5, 1e-06, 0.1], "k_pid_hsp": [9.807323455810547, 0.9986547231674194, 0.010437250137329102], "k_pid_vsp": [10.738574981689453, 399.02935791015625, 8.450652122497559]}, "datetime": {"datetime": "2025-08-21 23:36:28", "elapsed": 53504.93144464493, "delta": 25.11671018600464}, "costs": {"total_cost": 1084.7371400007646, "time_cost": 150, "final_distance_cost": 53.46044150433359, "oscillation_cost": 129.47459700705045, "completition_cost": 666.6666666666667, "overshoot_cost": 50.7357643858791, "power_cost": 20.19089383544922, "noise_cost": 14.20877660138543, "n_waypoints_completed": 3, "tot_waypoints": 9}}
{"target": -669.2839364578114, "params": {"k_pid_pos": [2.0, 0.995296835899353, 1.0], "k_pid_alt": [1.9754019975662231, 1.0, 0.01570594310760498], "k_pid_att": [100.0, 0.011854514479637146, 0.9833310842514038], "k_pid_yaw": [0.5, 1e-06, 0.1], "k_pid_hsp": [9.96746826171875, 0.9552971124649048, 0.005592077970504761], "k_pid_vsp": [33.79689407348633, 397.267333984375, 2.2091517448425293]}, "datetime": {"datetime": "2025-08-21 23:36:51", "elapsed": 53528.022778749466, "delta": 23.091334104537964}, "costs": {"total_cost": 669.2839364578114, "time_cost": 150, "final_distance_cost": 69.74994404871275, "oscillation_cost": 132.0818984205662, "completition_cost": 222.2222222222222, "overshoot_cost": 53.26139207698937, "power_cost": 23.73325645751953, "noise_cost": 18.235223231801335, "n_waypoints_completed": 7, "tot_waypoints": 9}}
{"target": -689.4191877732836, "params": {"k_pid_pos": [2.0, 0.9931745529174805, 0.9998427033424377], "k_pid_alt": [1.9895555973052979, 1.0, 0.007173061370849609], "k_pid_att": [100.0, 0.04354837164282799, 0.9929460883140564], "k_pid_yaw": [0.5, 1e-06, 0.1], "k_pid_hsp": [9.944683074951172, 0.9956611394882202, 0.014714151620864868], "k_pid_vsp": [1.6193270683288574, 394.6495361328125, 0.6757746338844299]}, "datetime": {"datetime": "2025-08-21 23:37:16", "elapsed": 53552.52913713455, "delta": 24.50635838508606}, "costs": {"total_cost": 689.4191877732836, "time_cost": 150, "final_distance_cost": 63.314379493958604, "oscillation_cost": 162.4064761062826, "completition_cost": 222.2222222222222, "overshoot_cost": 50.54326848689589, "power_cost": 23.54668681640625, "noise_cost": 17.38615464751818, "n_waypoints_completed": 7, "tot_waypoints": 9}}
{"target": -777.063673138319, "params": {"k_pid_pos": [2.0, 0.981805682182312, 1.0], "k_pid_alt": [1.9952504634857178, 1.0, 0.019636988639831543], "k_pid_att": [100.0, 0.034502267837524414, 0.9934116005897522], "k_pid_yaw": [0.5, 1e-06, 0.1], "k_pid_hsp": [9.880718231201172, 0.9879153370857239, 0.005512326955795288], "k_pid_vsp": [9.623109817504883, 399.7350158691406, 1.2263784408569336]}, "datetime": {"datetime": "2025-08-21 23:37:39", "elapsed": 53575.850444316864, "delta": 23.32130718231201}, "costs": {"total_cost": 777.063673138319, "time_cost": 150, "final_distance_cost": 64.478909347533, "oscillation_cost": 122.16005015643776, "completition_cost": 333.33333333333337, "overshoot_cost": 64.41531933804818, "power_cost": 23.784110595703126, "noise_cost": 18.89195036726342, "n_waypoints_completed": 6, "tot_waypoints": 9}}
{"target": -937.8741398764199, "params": {"k_pid_pos": [2.0, 0.9778500199317932, 1.0], "k_pid_alt": [1.973710298538208, 1.0, 0.006438881158828735], "k_pid_att": [99.99998474121094, 0.06552945077419281, 0.9959139227867126], "k_pid_yaw": [0.5, 1e-06, 0.1], "k_pid_hsp": [9.984110832214355, 0.9941028356552124, 0.013278216123580933], "k_pid_vsp": [3.2651543617248535, 398.9316101074219, 2.762521266937256]}, "datetime": {"datetime": "2025-08-21 23:38:03", "elapsed": 53599.72774100304, "delta": 23.877296686172485}, "costs": {"total_cost": 937.8741398764199, "time_cost": 150, "final_distance_cost": 75.29600465663647, "oscillation_cost": 175.07506480314373, "completition_cost": 444.4444444444444, "overshoot_cost": 58.53435993935408, "power_cost": 19.301997509765627, "noise_cost": 15.222268523075547, "n_waypoints_completed": 5, "tot_waypoints": 9}}
{"target": -352.4164252019521, "params": {"k_pid_pos": [2.0, 0.9802136421203613, 1.0], "k_pid_alt": [1.9712300300598145, 1.0, 0.013403654098510742], "k_pid_att": [100.0, 0.17162495851516724, 0.9928264617919922], "k_pid_yaw": [0.5, 1e-06, 0.1], "k_pid_hsp": [9.84264850616455, 0.9941598176956177, 0.0034235119819641113], "k_pid_vsp": [2.4953603744506836, 396.8739929199219, 16.628076553344727]}, "datetime": {"datetime": "2025-08-21 23:38:25", "elapsed": 53622.21956825256, "delta": 22.491827249526978}, "costs": {"total_cost": 352.4164252019521, "time_cost": 98.232, "final_distance_cost": 1.754244116130673, "oscillation_cost": 150.85830231441219, "completition_cost": 0.0, "overshoot_cost": 61.28796921196954, "power_cost": 22.967020617675782, "noise_cost": 17.316888941763917, "n_waypoints_completed": 9, "tot_waypoints": 9}}
{"target": -692.6290215764891, "params": {"k_pid_pos": [2.0, 0.998023509979248, 1.0], "k_pid_alt": [1.9812676906585693, 1.0, 0.02330869436264038], "k_pid_att": [100.0, 0.045980218797922134, 0.9852441549301147], "k_pid_yaw": [0.5, 1e-06, 0.1], "k_pid_hsp": [9.965669631958008, 0.9960667490959167, 0.003960549831390381], "k_pid_vsp": [1.6796350479125977, 397.9140625, 5.809665679931641]}, "datetime": {"datetime": "2025-08-21 23:38:51", "elapsed": 53647.61980366707, "delta": 25.400235414505005}, "costs": {"total_cost": 692.6290215764891, "time_cost": 150, "final_distance_cost": 63.25459764219004, "oscillation_cost": 166.8443965853185, "completition_cost": 222.2222222222222, "overshoot_cost": 52.62716175762713, "power_cost": 22.04427158203125, "noise_cost": 15.636371787099991, "n_waypoints_completed": 7, "tot_waypoints": 9}}
{"target": -830.0666954664578, "params": {"k_pid_pos": [2.0, 0.9966015815734863, 1.0], "k_pid_alt": [1.9773281812667847, 1.0, 0.0015961229801177979], "k_pid_att": [100.0, 0.05250268802046776, 0.9916521906852722], "k_pid_yaw": [0.5, 1e-06, 0.1], "k_pid_hsp": [9.685473442077637, 0.9389187693595886, 0.007998436689376831], "k_pid_vsp": [3.09830904006958, 354.70538330078125, 1.4114389419555664]}, "datetime": {"datetime": "2025-08-21 23:39:14", "elapsed": 53670.538774728775, "delta": 22.918971061706543}, "costs": {"total_cost": 830.0666954664578, "time_cost": 150, "final_distance_cost": 70.33127841396278, "oscillation_cost": 187.30205659996346, "completition_cost": 333.33333333333337, "overshoot_cost": 54.31027639022505, "power_cost": 19.686451220703127, "noise_cost": 15.10329950826998, "n_waypoints_completed": 6, "tot_waypoints": 9}}
{"target": -681.04788772795, "params": {"k_pid_pos": [2.0, 0.9885243773460388, 1.0], "k_pid_alt": [1.985522747039795, 1.0, 0.0030190348625183105], "k_pid_att": [100.0, 0.3336656987667084, 0.9719317555427551], "k_pid_yaw": [0.5, 1e-06, 0.1], "k_pid_hsp": [9.861495018005371, 0.9798893928527832, 0.004552364349365234], "k_pid_vsp": [6.905817985534668, 398.2555847167969, 4.244209289550781]}, "datetime": {"datetime": "2025-08-21 23:39:37", "elapsed": 53693.4779317379, "delta": 22.939157009124756}, "costs": {"total_cost": 681.04788772795, "time_cost": 150, "final_distance_cost": 63.88382506535659, "oscillation_cost": 156.08081713024796, "completition_cost": 222.2222222222222, "overshoot_cost": 51.85476455651256, "power_cost": 21.398374426269534, "noise_cost": 15.607884327341079, "n_waypoints_completed": 7, "tot_waypoints": 9}}
{"target": -814.0024960110654, "params": {"k_pid_pos": [2.0, 0.9972819089889526, 0.9999998807907104], "k_pid_alt": [1.9674932956695557, 1.0, 0.0178242027759552], "k_pid_att": [100.0, 0.03637740761041641, 0.9920896291732788], "k_pid_yaw": [0.5, 1e-06, 0.1], "k_pid_hsp": [9.940731048583984, 0.9966118931770325, 0.0037126541137695312], "k_pid_vsp": [1.159989833831787, 396.3568115234375, 1.8470654487609863]}, "datetime": {"datetime": "2025-08-21 23:40:00", "elapsed": 53716.849927425385, "delta": 23.37199568748474}, "costs": {"total_cost": 814.0024960110654, "time_cost": 150, "final_distance_cost": 94.97616030040653, "oscillation_cost": 141.26591113055278, "completition_cost": 333.33333333333337, "overshoot_cost": 56.70052946957805, "power_cost": 21.495366833496096, "noise_cost": 16.23119494369856, "n_waypoints_completed": 6, "tot_waypoints": 9}}
{"target": -1099.1129114788694, "params": {"k_pid_pos": [2.0, 0.9979250431060791, 1.0], "k_pid_alt": [1.993202567100525, 1.0, 0.0071065425872802734], "k_pid_att": [100.0, 0.5951880216598511, 0.9836431741714478], "k_pid_yaw": [0.5, 1e-06, 0.1], "k_pid_hsp": [9.966099739074707, 0.9871978759765625, 0.0010299384593963623], "k_pid_vsp": [2.168548107147217, 398.2772521972656, 1.0439763069152832]}, "datetime": {"datetime": "2025-08-21 23:40:22", "elapsed": 53739.21171951294, "delta": 22.36179208755493}, "costs": {"total_cost": 1099.1129114788694, "time_cost": 150, "final_distance_cost": 151.66828376433722, "oscillation_cost": 188.0604882501135, "completition_cost": 444.4444444444444, "overshoot_cost": 137.00086919394218, "power_cost": 15.514286962890626, "noise_cost": 12.424538863141695, "n_waypoints_completed": 5, "tot_waypoints": 9}}
{"target": -849.6670955717606, "params": {"k_pid_pos": [2.0, 0.9870568513870239, 1.0], "k_pid_alt": [1.995025634765625, 1.0, 0.011931061744689941], "k_pid_att": [100.0, 0.16498208045959473, 0.9942394495010376], "k_pid_yaw": [0.5, 1e-06, 0.1], "k_pid_hsp": [9.931844711303711, 0.9691113829612732, 0.013712763786315918], "k_pid_vsp": [3.2954931259155273, 393.5196228027344, 11.208439826965332]}, "datetime": {"datetime": "2025-08-21 23:40:46", "elapsed": 53762.5846991539, "delta": 23.372979640960693}, "costs": {"total_cost": 849.6670955717606, "time_cost": 150, "final_distance_cost": 61.11079193280548, "oscillation_cost": 217.29322443612824, "completition_cost": 333.33333333333337, "overshoot_cost": 51.874741458453464, "power_cost": 20.499548986816407, "noise_cost": 15.555455424223464, "n_waypoints_completed": 6, "tot_waypoints": 9}}
{"target": -1015.982409118382, "params": {"k_pid_pos": [2.0, 0.9977177381515503, 1.0], "k_pid_alt": [1.992708444595337, 1.0, 0.0037901103496551514], "k_pid_att": [100.0, 0.03609488531947136, 0.975547194480896], "k_pid_yaw": [0.5, 1e-06, 0.1], "k_pid_hsp": [9.922677040100098, 0.902600884437561, 0.038586944341659546], "k_pid_vsp": [17.883670806884766, 394.4977111816406, 2.560342311859131]}, "datetime": {"datetime": "2025-08-21 23:41:08", "elapsed": 53784.47760462761, "delta": 21.892905473709106}, "costs": {"total_cost": 1015.982409118382, "time_cost": 150, "final_distance_cost": 45.77412308644185, "oscillation_cost": 176.9463324882143, "completition_cost": 555.5555555555555, "overshoot_cost": 51.34905026083872, "power_cost": 20.70467703857422, "noise_cost": 15.652670688757372, "n_waypoints_completed": 4, "tot_waypoints": 9}}
{"target": -695.6959924731319, "params": {"k_pid_pos": [2.0, 0.988251805305481, 1.0], "k_pid_alt": [1.9615166187286377, 1.0, 0.01154184341430664], "k_pid_att": [100.0, 0.07662295550107956, 0.9901690483093262], "k_pid_yaw": [0.5, 1e-06, 0.1], "k_pid_hsp": [9.790413856506348, 0.9956530332565308, 0.029206395149230957], "k_pid_vsp": [1.4384269714355469, 394.91448974609375, 3.9989123344421387]}, "datetime": {"datetime": "2025-08-21 23:41:33", "elapsed": 53809.73716378212, "delta": 25.259559154510498}, "costs": {"total_cost": 695.6959924731319, "time_cost": 150, "final_distance_cost": 64.29872272427399, "oscillation_cost": 167.8566179183394, "completition_cost": 222.2222222222222, "overshoot_cost": 54.126058143055715, "power_cost": 21.297961657714843, "noise_cost": 15.894409807525802, "n_waypoints_completed": 7, "tot_waypoints": 9}}
{"target": -572.6747288899824, "params": {"k_pid_pos": [2.0, 0.9800346493721008, 1.0], "k_pid_alt": [1.9869158267974854, 1.0, 0.0657956600189209], "k_pid_att": [100.0, 0.4016369581222534, 0.9956033825874329], "k_pid_yaw": [0.5, 1e-06, 0.1], "k_pid_hsp": [9.685023307800293, 0.9818979501724243, 0.010927379131317139], "k_pid_vsp": [8.14858627319336, 397.71002197265625, 2.766812801361084]}, "datetime": {"datetime": "2025-08-21 23:41:55", "elapsed": 53832.370961904526, "delta": 22.633798122406006}, "costs": {"total_cost": 572.6747288899824, "time_cost": 150, "final_distance_cost": 66.59454788783292, "oscillation_cost": 138.7716463437005, "completition_cost": 111.11111111111116, "overshoot_cost": 62.0187404631532, "power_cost": 26.297341406250002, "noise_cost": 17.8813416779347, "n_waypoints_completed": 8, "tot_waypoints": 9}}
{"target": -560.2758193316231, "params": {"k_pid_pos": [2.0, 0.9833769202232361, 1.0], "k_pid_alt": [1.980644702911377, 1.0, 0.06737005710601807], "k_pid_att": [100.0, 0.37415263056755066, 0.9657194018363953], "k_pid_yaw": [0.5, 1e-06, 0.1], "k_pid_hsp": [9.540874481201172, 0.9918301105499268, 0.0025642216205596924], "k_pid_vsp": [3.5655856132507324, 397.07525634765625, 9.01645565032959]}, "datetime": {"datetime": "2025-08-21 23:42:18", "elapsed": 53854.55626797676, "delta": 22.185306072235107}, "costs": {"total_cost": 560.2758193316231, "time_cost": 150, "final_distance_cost": 67.50373407025363, "oscillation_cost": 141.98958527768647, "completition_cost": 111.11111111111116, "overshoot_cost": 52.00471960605936, "power_cost": 21.599589782714844, "noise_cost": 16.067079483797716, "n_waypoints_completed": 8, "tot_waypoints": 9}}
{"target": -698.350582603582, "params": {"k_pid_pos": [2.0, 0.9789124727249146, 1.0], "k_pid_alt": [1.9943357706069946, 1.0, 0.03668808937072754], "k_pid_att": [100.0, 0.0484028235077858, 0.9845954179763794], "k_pid_yaw": [0.5, 1e-06, 0.1], "k_pid_hsp": [9.659490585327148, 0.9838593006134033, 0.04036065936088562], "k_pid_vsp": [7.688570022583008, 390.4283752441406, 11.136628150939941]}, "datetime": {"datetime": "2025-08-21 23:42:39", "elapsed": 53876.42701077461, "delta": 21.870742797851562}, "costs": {"total_cost": 698.350582603582, "time_cost": 150, "final_distance_cost": 72.7884682764143, "oscillation_cost": 154.1066847534785, "completition_cost": 222.2222222222222, "overshoot_cost": 55.95596384824294, "power_cost": 24.913806262207032, "noise_cost": 18.36343724101694, "n_waypoints_completed": 7, "tot_waypoints": 9}}
{"target": -332.53156837707996, "params": {"k_pid_pos": [2.0, 0.9583054780960083, 1.0], "k_pid_alt": [1.9513258934020996, 1.0, 0.01367911696434021], "k_pid_att": [100.0, 0.2416457086801529, 0.9935991764068604], "k_pid_yaw": [0.5, 1e-06, 0.1], "k_pid_hsp": [9.627222061157227, 0.958277702331543, 0.006233483552932739], "k_pid_vsp": [1.9651293754577637, 397.38372802734375, 12.177611351013184]}, "datetime": {"datetime": "2025-08-21 23:43:03", "elapsed": 53899.87519598007, "delta": 23.448185205459595}, "costs": {"total_cost": 332.53156837707996, "time_cost": 96.312, "final_distance_cost": 1.737989410281879, "oscillation_cost": 141.28335358585227, "completition_cost": 0.0, "overshoot_cost": 59.01676905087934, "power_cost": 19.889892028808596, "noise_cost": 14.291564301257836, "n_waypoints_completed": 9, "tot_waypoints": 9}}
{"target": -535.4842987790147, "params": {"k_pid_pos": [2.0, 0.992920994758606, 0.9999998807907104], "k_pid_alt": [1.997619390487671, 1.0, 0.010967731475830078], "k_pid_att": [100.0, 0.23336520791053772, 0.9956150054931641], "k_pid_yaw": [0.5, 1e-06, 0.1], "k_pid_hsp": [9.987395286560059, 0.9928395748138428, 0.005019545555114746], "k_pid_vsp": [9.764337539672852, 394.2759094238281, 9.342218399047852]}, "datetime": {"datetime": "2025-08-21 23:43:25", "elapsed": 53922.19516324997, "delta": 22.31996726989746}, "costs": {"total_cost": 535.4842987790147, "time_cost": 150, "final_distance_cost": 31.331841575974586, "oscillation_cost": 149.24850386783095, "completition_cost": 111.11111111111116, "overshoot_cost": 59.14010034776918, "power_cost": 20.283345922851563, "noise_cost": 14.369395953477184, "n_waypoints_completed": 8, "tot_waypoints": 9}}
{"target": -2757.753823882741, "params": {"k_pid_pos": [2.0, 0.987827718257904, 1.0], "k_pid_alt": [1.9842579364776611, 1.0, 0.07415840029716492], "k_pid_att": [100.0, 0.8341725468635559, 0.9957495331764221], "k_pid_yaw": [0.5, 1e-06, 0.1], "k_pid_hsp": [9.83400821685791, 0.9782202839851379, 0.008532822132110596], "k_pid_vsp": [8.600414276123047, 394.62481689453125, 10.98082160949707]}, "datetime": {"datetime": "2025-08-21 23:43:50", "elapsed": 53946.54638457298, "delta": 24.351221323013306}, "costs": {"total_cost": 2757.753823882741, "time_cost": 150, "final_distance_cost": 679.7698177648235, "oscillation_cost": 225.07635071329258, "completition_cost": 777.7777777777778, "overshoot_cost": 894.6750304368923, "power_cost": 16.852601477050783, "noise_cost": 13.602245712904047, "n_waypoints_completed": 2, "tot_waypoints": 9}}
{"target": -793.3738874900057, "params": {"k_pid_pos": [2.0, 0.9913952350616455, 1.0], "k_pid_alt": [1.9925119876861572, 1.0, 0.01790320873260498], "k_pid_att": [100.0, 0.05374841392040253, 0.9821698665618896], "k_pid_yaw": [0.5, 1e-06, 0.1], "k_pid_hsp": [9.707942962646484, 0.9948307275772095, 0.018173933029174805], "k_pid_vsp": [0.8131861686706543, 397.5212707519531, 10.33171558380127]}, "datetime": {"datetime": "2025-08-21 23:44:12", "elapsed": 53968.80923318863, "delta": 22.262848615646362}, "costs": {"total_cost": 793.3738874900057, "time_cost": 150, "final_distance_cost": 69.53562046532602, "oscillation_cost": 131.77433867530902, "completition_cost": 333.33333333333337, "overshoot_cost": 61.59268438257917, "power_cost": 26.953681591796876, "noise_cost": 20.184229041661325, "n_waypoints_completed": 6, "tot_waypoints": 9}}
{"target": -795.7874849008015, "params": {"k_pid_pos": [2.0, 0.9834297895431519, 1.0], "k_pid_alt": [1.9930469989776611, 1.0, 0.020595699548721313], "k_pid_att": [100.0, 0.03558169677853584, 0.997400164604187], "k_pid_yaw": [0.5, 1e-06, 0.1], "k_pid_hsp": [9.945313453674316, 0.9960158467292786, 0.003767073154449463], "k_pid_vsp": [11.451435089111328, 397.73974609375, 27.47736167907715]}, "datetime": {"datetime": "2025-08-21 23:44:35", "elapsed": 53992.13281941414, "delta": 23.323586225509644}, "costs": {"total_cost": 795.7874849008015, "time_cost": 150, "final_distance_cost": 67.59044887254692, "oscillation_cost": 153.4164013979521, "completition_cost": 333.33333333333337, "overshoot_cost": 51.00227038255867, "power_cost": 23.1035515625, "noise_cost": 17.341479351910404, "n_waypoints_completed": 6, "tot_waypoints": 9}}
{"target": -552.1357113946335, "params": {"k_pid_pos": [2.0, 0.99436354637146, 1.0], "k_pid_alt": [1.9553890228271484, 1.0, 0.00712159276008606], "k_pid_att": [100.0, 0.08136118203401566, 0.9922853708267212], "k_pid_yaw": [0.5, 1e-06, 0.1], "k_pid_hsp": [9.940380096435547, 0.9978554248809814, 0.015740424394607544], "k_pid_vsp": [24.195648193359375, 392.51507568359375, 0.6853471398353577]}, "datetime": {"datetime": "2025-08-21 23:44:57", "elapsed": 54014.01706671715, "delta": 21.884247303009033}, "costs": {"total_cost": 552.1357113946335, "time_cost": 150, "final_distance_cost": 52.927345467899336, "oscillation_cost": 135.03954208006846, "completition_cost": 111.11111111111116, "overshoot_cost": 56.75226836122991, "power_cost": 26.483793469238282, "noise_cost": 19.8216509050863, "n_waypoints_completed": 8, "tot_waypoints": 9}}
