{"target": -862.422840367155, "params": {"k_pid_pos": [2.0, 0.9906700849533081, 1.0], "k_pid_alt": [1.9891760349273682, 1.0, 0.005455523729324341], "k_pid_att": [100.0, 0.6722679734230042, 0.9891196489334106], "k_pid_yaw": [0.5, 1e-06, 0.1], "k_pid_hsp": [9.136446952819824, 0.9787870645523071, 0.006203502416610718], "k_pid_vsp": [11.348831176757812, 398.0849609375, 2.078200340270996]}, "datetime": {"datetime": "2025-08-21 22:10:45", "elapsed": 48362.19240283966, "delta": 24.14501428604126}, "costs": {"total_cost": 862.422840367155, "time_cost": 150, "final_distance_cost": 49.87138184892968, "oscillation_cost": 133.93454702065026, "completition_cost": 444.4444444444444, "overshoot_cost": 52.43388703561115, "power_cost": 17.664002465820314, "noise_cost": 14.074577551699276, "n_waypoints_completed": 5, "tot_waypoints": 9}}
{"target": -672.0701018800847, "params": {"k_pid_pos": [2.0, 0.9654110670089722, 0.9999992251396179], "k_pid_alt": [1.988937497138977, 0.9998906850814819, 0.006246119737625122], "k_pid_att": [100.0, 0.08125866204500198, 0.9807639122009277], "k_pid_yaw": [0.5, 1e-06, 0.1], "k_pid_hsp": [9.639054298400879, 0.9975970983505249, 0.009194284677505493], "k_pid_vsp": [39.11818313598633, 398.3218994140625, 35.40480041503906]}, "datetime": {"datetime": "2025-08-21 22:11:09", "elapsed": 48385.796147584915, "delta": 23.603744745254517}, "costs": {"total_cost": 672.0701018800847, "time_cost": 150, "final_distance_cost": 70.39753766548688, "oscillation_cost": 130.1553152563729, "completition_cost": 222.2222222222222, "overshoot_cost": 55.44479338672016, "power_cost": 23.280402001953124, "noise_cost": 20.569831347329544, "n_waypoints_completed": 7, "tot_waypoints": 9}}
{"target": -554.9885957991538, "params": {"k_pid_pos": [2.0, 0.9474250078201294, 1.0], "k_pid_alt": [1.994467854499817, 1.0, 0.033545076847076416], "k_pid_att": [100.0, 0.10110025107860565, 0.9887079000473022], "k_pid_yaw": [0.5, 1e-06, 0.1], "k_pid_hsp": [9.864415168762207, 0.9801403284072876, 0.011023193597793579], "k_pid_vsp": [2.895200252532959, 396.50830078125, 4.794670104980469]}, "datetime": {"datetime": "2025-08-21 22:11:33", "elapsed": 48410.25914645195, "delta": 24.462998867034912}, "costs": {"total_cost": 554.9885957991538, "time_cost": 150, "final_distance_cost": 32.67912863087584, "oscillation_cost": 166.64030525462238, "completition_cost": 111.11111111111116, "overshoot_cost": 60.449667330652964, "power_cost": 19.97676442871094, "noise_cost": 14.131619043180672, "n_waypoints_completed": 8, "tot_waypoints": 9}}
{"target": -702.1298033117548, "params": {"k_pid_pos": [2.0, 0.9924943447113037, 1.0], "k_pid_alt": [1.9903128147125244, 1.0, 0.006742298603057861], "k_pid_att": [100.0, 0.05378298461437225, 0.9945461750030518], "k_pid_yaw": [0.5, 1e-06, 0.1], "k_pid_hsp": [9.96621322631836, 0.9847348928451538, 0.0047501325607299805], "k_pid_vsp": [2.7306199073791504, 392.57171630859375, 22.63791847229004]}, "datetime": {"datetime": "2025-08-21 22:11:56", "elapsed": 48433.30677962303, "delta": 23.047633171081543}, "costs": {"total_cost": 702.1298033117548, "time_cost": 150, "final_distance_cost": 63.3492237327842, "oscillation_cost": 178.21043090973453, "completition_cost": 222.2222222222222, "overshoot_cost": 51.79790621525714, "power_cost": 20.39741065673828, "noise_cost": 16.15260957501842, "n_waypoints_completed": 7, "tot_waypoints": 9}}
{"target": -706.986425788458, "params": {"k_pid_pos": [2.0, 0.9920041561126709, 1.0], "k_pid_alt": [1.9788830280303955, 1.0, 0.0443364679813385], "k_pid_att": [100.0, 0.18139733374118805, 0.9947193264961243], "k_pid_yaw": [0.5, 1e-06, 0.1], "k_pid_hsp": [9.79209041595459, 0.9625289440155029, 0.012182861566543579], "k_pid_vsp": [13.76802921295166, 390.7723083496094, 9.501124382019043]}, "datetime": {"datetime": "2025-08-21 22:12:22", "elapsed": 48458.80542612076, "delta": 25.49864649772644}, "costs": {"total_cost": 706.986425788458, "time_cost": 150, "final_distance_cost": 66.04457346047742, "oscillation_cost": 174.09458643811658, "completition_cost": 222.2222222222222, "overshoot_cost": 54.40512004801395, "power_cost": 23.69203435058594, "noise_cost": 16.527889269041935, "n_waypoints_completed": 7, "tot_waypoints": 9}}
{"target": -577.2923795071556, "params": {"k_pid_pos": [2.0, 0.997714638710022, 1.0], "k_pid_alt": [1.9870154857635498, 1.0, 0.010573893785476685], "k_pid_att": [100.0, 0.1393505483865738, 0.9674210548400879], "k_pid_yaw": [0.5, 1e-06, 0.1], "k_pid_hsp": [9.909736633300781, 0.974866509437561, 0.013534754514694214], "k_pid_vsp": [7.592201232910156, 399.584716796875, 18.862607955932617]}, "datetime": {"datetime": "2025-08-21 22:12:45", "elapsed": 48481.95155787468, "delta": 23.14613175392151}, "costs": {"total_cost": 577.2923795071556, "time_cost": 150, "final_distance_cost": 33.46298404368783, "oscillation_cost": 188.4464807538963, "completition_cost": 111.11111111111116, "overshoot_cost": 60.463320599570054, "power_cost": 19.180181604003906, "noise_cost": 14.62830139488631, "n_waypoints_completed": 8, "tot_waypoints": 9}}
{"target": -991.4654018526411, "params": {"k_pid_pos": [2.0, 0.9828177690505981, 1.0], "k_pid_alt": [1.9206244945526123, 1.0, 0.002624332904815674], "k_pid_att": [100.0, 0.012069386430084705, 0.8836876153945923], "k_pid_yaw": [0.5, 1e-06, 0.1], "k_pid_hsp": [9.863977432250977, 0.9573380947113037, 0.013023078441619873], "k_pid_vsp": [5.68166971206665, 396.3277587890625, 4.239989280700684]}, "datetime": {"datetime": "2025-08-21 22:13:10", "elapsed": 48506.44369459152, "delta": 24.49213671684265}, "costs": {"total_cost": 991.4654018526411, "time_cost": 150, "final_distance_cost": 43.37292800219702, "oscillation_cost": 157.6677606772712, "completition_cost": 555.5555555555555, "overshoot_cost": 51.37856639018832, "power_cost": 18.580920727539063, "noise_cost": 14.909670499890062, "n_waypoints_completed": 4, "tot_waypoints": 9}}
{"target": -573.1758827849133, "params": {"k_pid_pos": [2.0, 0.9703714847564697, 1.0], "k_pid_alt": [1.9668323993682861, 1.0, 0.028378725051879883], "k_pid_att": [100.0, 0.1458679586648941, 0.970980167388916], "k_pid_yaw": [0.5, 1e-06, 0.1], "k_pid_hsp": [9.854350090026855, 0.987156867980957, 0.002277940511703491], "k_pid_vsp": [12.423456192016602, 397.2516174316406, 7.663370132446289]}, "datetime": {"datetime": "2025-08-21 22:13:34", "elapsed": 48530.76888561249, "delta": 24.325191020965576}, "costs": {"total_cost": 573.1758827849133, "time_cost": 150, "final_distance_cost": 51.721788535562, "oscillation_cost": 163.06015170730538, "completition_cost": 111.11111111111116, "overshoot_cost": 58.213023275950334, "power_cost": 22.152225598144533, "noise_cost": 16.91758255683991, "n_waypoints_completed": 8, "tot_waypoints": 9}}
{"target": -536.1735724821617, "params": {"k_pid_pos": [2.0, 0.9843637347221375, 1.0], "k_pid_alt": [1.958627462387085, 1.0, 0.012310564517974854], "k_pid_att": [100.0, 0.34812772274017334, 0.9941471815109253], "k_pid_yaw": [0.5, 1e-06, 0.1], "k_pid_hsp": [9.875658988952637, 0.9986696839332581, 0.011210769414901733], "k_pid_vsp": [1.7355680465698242, 312.7999572753906, 3.8545022010803223]}, "datetime": {"datetime": "2025-08-21 22:13:57", "elapsed": 48553.734201431274, "delta": 22.96531581878662}, "costs": {"total_cost": 536.1735724821617, "time_cost": 150, "final_distance_cost": 9.070846632907536, "oscillation_cost": 162.84784722594048, "completition_cost": 111.11111111111116, "overshoot_cost": 62.35342716134779, "power_cost": 23.082047814941408, "noise_cost": 17.7082925359133, "n_waypoints_completed": 8, "tot_waypoints": 9}}
{"target": -724.8174550743447, "params": {"k_pid_pos": [2.0, 0.9870368242263794, 1.0], "k_pid_alt": [1.954216718673706, 1.0, 0.007738322019577026], "k_pid_att": [100.0, 0.18207593262195587, 0.9816553592681885], "k_pid_yaw": [0.5, 1e-06, 0.1], "k_pid_hsp": [9.907567977905273, 0.9786365032196045, 0.02294027805328369], "k_pid_vsp": [2.5008559226989746, 396.7376708984375, 5.336416721343994]}, "datetime": {"datetime": "2025-08-21 22:14:22", "elapsed": 48579.04104948044, "delta": 25.30684804916382}, "costs": {"total_cost": 724.8174550743447, "time_cost": 150, "final_distance_cost": 69.0953266583897, "oscillation_cost": 192.7977912946052, "completition_cost": 222.2222222222222, "overshoot_cost": 53.8898758987017, "power_cost": 21.741945422363283, "noise_cost": 15.070293578062655, "n_waypoints_completed": 7, "tot_waypoints": 9}}
{"target": -989.1919848398622, "params": {"k_pid_pos": [2.0, 0.9862914085388184, 1.0], "k_pid_alt": [1.9564696550369263, 1.0, 0.0035468339920043945], "k_pid_att": [100.0, 0.29838547110557556, 0.9933969974517822], "k_pid_yaw": [0.5, 1e-06, 0.1], "k_pid_hsp": [9.95591926574707, 0.9877325296401978, 0.036543458700180054], "k_pid_vsp": [1.178276538848877, 397.62860107421875, 4.886973857879639]}, "datetime": {"datetime": "2025-08-21 22:14:46", "elapsed": 48602.67075204849, "delta": 23.6297025680542}, "costs": {"total_cost": 989.1919848398622, "time_cost": 150, "final_distance_cost": 91.27925947321089, "oscillation_cost": 207.02201630644134, "completition_cost": 444.4444444444444, "overshoot_cost": 63.53285234515861, "power_cost": 18.309925500488283, "noise_cost": 14.60348677011871, "n_waypoints_completed": 5, "tot_waypoints": 9}}
{"target": -810.8841593530587, "params": {"k_pid_pos": [2.0, 0.974963903427124, 1.0], "k_pid_alt": [1.9763267040252686, 1.0, 0.003956258296966553], "k_pid_att": [100.0, 0.22656677663326263, 0.9911953210830688], "k_pid_yaw": [0.5, 1e-06, 0.1], "k_pid_hsp": [9.623614311218262, 0.9980226755142212, 0.016020387411117554], "k_pid_vsp": [4.851484298706055, 394.3661193847656, 1.8922696113586426]}, "datetime": {"datetime": "2025-08-21 22:15:11", "elapsed": 48628.148467063904, "delta": 25.477715015411377}, "costs": {"total_cost": 810.8841593530587, "time_cost": 150, "final_distance_cost": 65.28012034181683, "oscillation_cost": 171.16832536981414, "completition_cost": 333.33333333333337, "overshoot_cost": 53.81173029806079, "power_cost": 21.3322611328125, "noise_cost": 15.958388877221171, "n_waypoints_completed": 6, "tot_waypoints": 9}}
{"target": -343.6632295302801, "params": {"k_pid_pos": [2.0, 0.9972331523895264, 1.0], "k_pid_alt": [1.9504971504211426, 1.0, 0.0019092857837677002], "k_pid_att": [100.0, 0.17443230748176575, 0.9913469552993774], "k_pid_yaw": [0.5, 1e-06, 0.1], "k_pid_hsp": [9.562050819396973, 0.989319384098053, 0.011494427919387817], "k_pid_vsp": [1.4952898025512695, 397.65899658203125, 4.029286861419678]}, "datetime": {"datetime": "2025-08-21 22:15:36", "elapsed": 48652.65026783943, "delta": 24.501800775527954}, "costs": {"total_cost": 343.6632295302801, "time_cost": 99.152, "final_distance_cost": 1.783009159312323, "oscillation_cost": 145.83256865066323, "completition_cost": 0.0, "overshoot_cost": 61.03384194065344, "power_cost": 21.009315002441408, "noise_cost": 14.852494777209703, "n_waypoints_completed": 9, "tot_waypoints": 9}}
{"target": -347.4416472097267, "params": {"k_pid_pos": [2.0, 0.9966462850570679, 1.0], "k_pid_alt": [1.9837652444839478, 1.0, 0.005597174167633057], "k_pid_att": [100.0, 0.23002320528030396, 0.9055960178375244], "k_pid_yaw": [0.5, 1e-06, 0.1], "k_pid_hsp": [9.896063804626465, 0.9284650087356567, 0.028927356004714966], "k_pid_vsp": [10.150289535522461, 395.3175964355469, 7.288444995880127]}, "datetime": {"datetime": "2025-08-21 22:15:59", "elapsed": 48675.88229250908, "delta": 23.232024669647217}, "costs": {"total_cost": 347.4416472097267, "time_cost": 98.152, "final_distance_cost": 1.7254213178248636, "oscillation_cost": 143.4431878102898, "completition_cost": 0.0, "overshoot_cost": 65.47397037084481, "power_cost": 22.472646520996093, "noise_cost": 16.174421189771145, "n_waypoints_completed": 9, "tot_waypoints": 9}}
{"target": -777.7750478999793, "params": {"k_pid_pos": [2.0, 0.9952149391174316, 0.7960163354873657], "k_pid_alt": [1.9653723239898682, 1.0, 0.004197299480438232], "k_pid_att": [100.0, 0.1525328904390335, 0.9899864196777344], "k_pid_yaw": [0.5, 1e-06, 0.1], "k_pid_hsp": [9.93911361694336, 0.9736475944519043, 0.0062408447265625], "k_pid_vsp": [5.2664875984191895, 395.245361328125, 4.81925106048584]}, "datetime": {"datetime": "2025-08-21 22:16:24", "elapsed": 48700.8872256279, "delta": 25.00493311882019}, "costs": {"total_cost": 777.7750478999793, "time_cost": 150, "final_distance_cost": 70.56187334733723, "oscillation_cost": 131.5464838658905, "completition_cost": 333.33333333333337, "overshoot_cost": 51.59759680713777, "power_cost": 23.46030174560547, "noise_cost": 17.275458800675143, "n_waypoints_completed": 6, "tot_waypoints": 9}}
{"target": -682.8638292618842, "params": {"k_pid_pos": [2.0, 0.9939908981323242, 0.9999985694885254], "k_pid_alt": [1.9884247779846191, 1.0, 0.024979114532470703], "k_pid_att": [100.0, 0.1426621526479721, 0.9855623245239258], "k_pid_yaw": [0.5, 1e-06, 0.1], "k_pid_hsp": [9.867023468017578, 0.9826017618179321, 0.005312681198120117], "k_pid_vsp": [1.159834861755371, 392.6795349121094, 3.6327013969421387]}, "datetime": {"datetime": "2025-08-21 22:16:47", "elapsed": 48723.72334194183, "delta": 22.836116313934326}, "costs": {"total_cost": 682.8638292618842, "time_cost": 150, "final_distance_cost": 62.53364239728368, "oscillation_cost": 137.99777838089733, "completition_cost": 222.2222222222222, "overshoot_cost": 59.3986561470772, "power_cost": 26.492019494628906, "noise_cost": 24.219510619774976, "n_waypoints_completed": 7, "tot_waypoints": 9}}
{"target": -1275.7751740190956, "params": {"k_pid_pos": [2.0, 0.9823384284973145, 1.0], "k_pid_alt": [1.9766876697540283, 1.0, 0.007803231477737427], "k_pid_att": [100.0, 0.9434223175048828, 0.9631326198577881], "k_pid_yaw": [0.5, 1e-06, 0.1], "k_pid_hsp": [9.90481185913086, 0.983366847038269, 0.05066341161727905], "k_pid_vsp": [3.1491756439208984, 392.0819396972656, 2.411128044128418]}, "datetime": {"datetime": "2025-08-21 22:17:13", "elapsed": 48749.972490787506, "delta": 26.249148845672607}, "costs": {"total_cost": 1275.7751740190956, "time_cost": 150, "final_distance_cost": 52.363478312105684, "oscillation_cost": 293.9551121800198, "completition_cost": 666.6666666666667, "overshoot_cost": 81.87614776204042, "power_cost": 17.494379943847658, "noise_cost": 13.419389154415423, "n_waypoints_completed": 3, "tot_waypoints": 9}}
{"target": -800.5758490508058, "params": {"k_pid_pos": [2.0, 0.9946022629737854, 1.0], "k_pid_alt": [1.997945785522461, 1.0, 0.018382728099822998], "k_pid_att": [100.0, 0.04149352386593819, 0.9968779683113098], "k_pid_yaw": [0.5, 1e-06, 0.1], "k_pid_hsp": [9.261521339416504, 0.9966359734535217, 0.00205114483833313], "k_pid_vsp": [3.065609931945801, 379.3294677734375, 1.3148198127746582]}, "datetime": {"datetime": "2025-08-21 22:17:36", "elapsed": 48772.78968024254, "delta": 22.81718945503235}, "costs": {"total_cost": 800.5758490508058, "time_cost": 150, "final_distance_cost": 70.67332332021614, "oscillation_cost": 150.690333129273, "completition_cost": 333.33333333333337, "overshoot_cost": 54.83450583153406, "power_cost": 23.750358312988283, "noise_cost": 17.293995123461002, "n_waypoints_completed": 6, "tot_waypoints": 9}}
{"target": -749.9897501185592, "params": {"k_pid_pos": [2.0, 0.8981170654296875, 1.0], "k_pid_alt": [1.9572598934173584, 1.0, 0.010761559009552002], "k_pid_att": [100.0, 0.090913325548172, 0.9986389875411987], "k_pid_yaw": [0.5, 1e-06, 0.1], "k_pid_hsp": [9.956734657287598, 0.9695104360580444, 0.02098393440246582], "k_pid_vsp": [3.721952438354492, 391.156494140625, 2.105833053588867]}, "datetime": {"datetime": "2025-08-21 22:18:01", "elapsed": 48797.443350076675, "delta": 24.653669834136963}, "costs": {"total_cost": 749.9897501185592, "time_cost": 150, "final_distance_cost": 75.96302464334755, "oscillation_cost": 210.24994752338824, "completition_cost": 222.2222222222222, "overshoot_cost": 55.38066290633855, "power_cost": 20.330587426757813, "noise_cost": 15.843305396504944, "n_waypoints_completed": 7, "tot_waypoints": 9}}
{"target": -977.9577523946512, "params": {"k_pid_pos": [2.0, 0.9767659902572632, 1.0], "k_pid_alt": [1.9944889545440674, 1.0, 0.012152701616287231], "k_pid_att": [100.0, 0.1592651605606079, 0.9917141199111938], "k_pid_yaw": [0.5, 1e-06, 0.1], "k_pid_hsp": [9.94313907623291, 0.9916085004806519, 0.00726848840713501], "k_pid_vsp": [19.25925064086914, 396.5637512207031, 2.956319808959961]}, "datetime": {"datetime": "2025-08-21 22:18:25", "elapsed": 48822.078917741776, "delta": 24.635567665100098}, "costs": {"total_cost": 977.9577523946512, "time_cost": 150, "final_distance_cost": 42.08458567784192, "oscillation_cost": 144.12825127713873, "completition_cost": 555.5555555555555, "overshoot_cost": 52.249224304055105, "power_cost": 18.919227685546876, "noise_cost": 15.020907894513044, "n_waypoints_completed": 4, "tot_waypoints": 9}}
{"target": -780.0876633553007, "params": {"k_pid_pos": [2.0, 0.9883735775947571, 1.0], "k_pid_alt": [1.9237141609191895, 1.0, 0.016203701496124268], "k_pid_att": [100.0, 0.6694162487983704, 0.9881314039230347], "k_pid_yaw": [0.5, 1e-06, 0.1], "k_pid_hsp": [9.948540687561035, 0.9954969882965088, 0.006938636302947998], "k_pid_vsp": [5.141901969909668, 395.8208312988281, 2.1002302169799805]}, "datetime": {"datetime": "2025-08-21 22:18:49", "elapsed": 48845.6644115448, "delta": 23.585493803024292}, "costs": {"total_cost": 780.0876633553007, "time_cost": 150, "final_distance_cost": 57.42709633630544, "oscillation_cost": 152.84559128472048, "completition_cost": 333.33333333333337, "overshoot_cost": 50.062534693987764, "power_cost": 20.72552126464844, "noise_cost": 15.693586442305108, "n_waypoints_completed": 6, "tot_waypoints": 9}}
{"target": -710.8460993894091, "params": {"k_pid_pos": [2.0, 0.9912394881248474, 1.0], "k_pid_alt": [1.9874560832977295, 1.0, 0.023146003484725952], "k_pid_att": [100.0, 0.06688633561134338, 0.9882628917694092], "k_pid_yaw": [0.5, 1e-06, 0.1], "k_pid_hsp": [9.835304260253906, 0.9960058927536011, 0.01338726282119751], "k_pid_vsp": [3.036797046661377, 393.51416015625, 2.23138427734375]}, "datetime": {"datetime": "2025-08-21 22:19:14", "elapsed": 48870.92061448097, "delta": 25.256202936172485}, "costs": {"total_cost": 710.8460993894091, "time_cost": 150, "final_distance_cost": 64.70142293287724, "oscillation_cost": 183.14437383909075, "completition_cost": 222.2222222222222, "overshoot_cost": 53.55423003448355, "power_cost": 22.021053063964846, "noise_cost": 15.20279729677058, "n_waypoints_completed": 7, "tot_waypoints": 9}}
{"target": -700.6130287087586, "params": {"k_pid_pos": [2.0, 0.9828341603279114, 1.0], "k_pid_alt": [1.8647081851959229, 1.0, 0.015159308910369873], "k_pid_att": [100.0, 0.30084413290023804, 0.996292233467102], "k_pid_yaw": [0.5, 1e-06, 0.1], "k_pid_hsp": [9.887654304504395, 0.99465012550354, 0.010305851697921753], "k_pid_vsp": [5.926179885864258, 393.6551208496094, 3.769625186920166]}, "datetime": {"datetime": "2025-08-21 22:19:38", "elapsed": 48894.527874946594, "delta": 23.60726046562195}, "costs": {"total_cost": 700.6130287087586, "time_cost": 150, "final_distance_cost": 72.49260783538283, "oscillation_cost": 164.54889690988162, "completition_cost": 222.2222222222222, "overshoot_cost": 52.5036966964734, "power_cost": 22.214993933105468, "noise_cost": 16.630611111693195, "n_waypoints_completed": 7, "tot_waypoints": 9}}
{"target": -904.9383048385569, "params": {"k_pid_pos": [2.0, 0.9903325438499451, 0.9999998807907104], "k_pid_alt": [1.9501261711120605, 1.0, 0.05905860662460327], "k_pid_att": [100.0, 0.2825474739074707, 0.8732691407203674], "k_pid_yaw": [0.5, 1e-06, 0.1], "k_pid_hsp": [9.74963665008545, 0.9889566898345947, 0.07822513580322266], "k_pid_vsp": [1.6268730163574219, 397.9464416503906, 2.6109704971313477]}, "datetime": {"datetime": "2025-08-21 22:20:03", "elapsed": 48919.55353140831, "delta": 25.0256564617157}, "costs": {"total_cost": 904.9383048385569, "time_cost": 150, "final_distance_cost": 50.95649454677714, "oscillation_cost": 154.6553733156139, "completition_cost": 444.4444444444444, "overshoot_cost": 57.34317781439979, "power_cost": 24.625995629882812, "noise_cost": 22.912819087438674, "n_waypoints_completed": 5, "tot_waypoints": 9}}
{"target": -647.457917536536, "params": {"k_pid_pos": [2.0, 0.9916477799415588, 1.0], "k_pid_alt": [1.9020698070526123, 0.9867631196975708, 0.06062600016593933], "k_pid_att": [100.0, 0.4622840881347656, 0.9944063425064087], "k_pid_yaw": [0.5, 1e-06, 0.1], "k_pid_hsp": [8.99710464477539, 0.9884049892425537, 0.002170860767364502], "k_pid_vsp": [5.474543571472168, 392.6445007324219, 4.515946865081787]}, "datetime": {"datetime": "2025-08-21 22:20:27", "elapsed": 48944.073482751846, "delta": 24.519951343536377}, "costs": {"total_cost": 647.457917536536, "time_cost": 150, "final_distance_cost": 62.97365100837758, "oscillation_cost": 121.82052725777794, "completition_cost": 222.2222222222222, "overshoot_cost": 50.631412711575095, "power_cost": 23.71806337890625, "noise_cost": 16.092040957676982, "n_waypoints_completed": 7, "tot_waypoints": 9}}
{"target": -954.7379022308918, "params": {"k_pid_pos": [2.0, 0.9973838925361633, 1.0], "k_pid_alt": [1.973397970199585, 1.0, 0.018632858991622925], "k_pid_att": [100.0, 0.13006961345672607, 0.9908308386802673], "k_pid_yaw": [0.5, 1e-06, 0.1], "k_pid_hsp": [9.953069686889648, 0.9908930063247681, 0.018254637718200684], "k_pid_vsp": [8.60344123840332, 399.408935546875, 1.328660011291504]}, "datetime": {"datetime": "2025-08-21 22:20:50", "elapsed": 48966.917640686035, "delta": 22.844157934188843}, "costs": {"total_cost": 954.7379022308918, "time_cost": 150, "final_distance_cost": 60.793821768000285, "oscillation_cost": 216.01950282987428, "completition_cost": 444.4444444444444, "overshoot_cost": 53.233371740015116, "power_cost": 16.571185791015626, "noise_cost": 13.675575657542124, "n_waypoints_completed": 5, "tot_waypoints": 9}}
