{"target": -1378.117431043547, "params": {"k_pid_pos": [2.0, 0.9791665077209473, 0.11496150493621826], "k_pid_alt": [1.9199132919311523, 1.0, 0.01585361361503601], "k_pid_att": [100.0, 0.5371524691581726, 0.9889417886734009], "k_pid_yaw": [0.5, 1e-06, 0.1], "k_pid_hsp": [9.651061058044434, 0.9904897212982178, 0.039951980113983154], "k_pid_vsp": [8.390914916992188, 392.48052978515625, 12.115754127502441]}, "datetime": {"datetime": "2025-08-21 14:08:16", "elapsed": 19412.714497089386, "delta": 23.264922618865967}, "costs": {"total_cost": 1378.117431043547, "time_cost": 150, "final_distance_cost": 50.27147885491836, "oscillation_cost": 101.64699076516618, "completition_cost": 1000.0, "overshoot_cost": 45.10470346229561, "power_cost": 17.726034777832034, "noise_cost": 13.368223183334793, "n_waypoints_completed": 0, "tot_waypoints": 9}}
{"target": -1320.3667805713792, "params": {"k_pid_pos": [2.0, 0.9880877733230591, 0.0], "k_pid_alt": [1.9773006439208984, 1.0, 0.023449182510375977], "k_pid_att": [99.9002456665039, 0.051204513758420944, 0.9558355808258057], "k_pid_yaw": [0.5, 1e-06, 0.1], "k_pid_hsp": [9.786548614501953, 0.8702390193939209, 0.010799407958984375], "k_pid_vsp": [26.004959106445312, 397.0391845703125, 6.327284336090088]}, "datetime": {"datetime": "2025-08-21 14:08:39", "elapsed": 19436.181725263596, "delta": 23.467228174209595}, "costs": {"total_cost": 1320.3667805713792, "time_cost": 150, "final_distance_cost": 19.873541874639223, "oscillation_cost": 70.63674405315338, "completition_cost": 1000.0, "overshoot_cost": 37.05297980396679, "power_cost": 25.42487703857422, "noise_cost": 17.37863780104555, "n_waypoints_completed": 0, "tot_waypoints": 9}}
{"target": -827.3242300103108, "params": {"k_pid_pos": [2.0, 0.9822835922241211, 0.00423586368560791], "k_pid_alt": [1.8860076665878296, 0.9999822378158569, 0.014365166425704956], "k_pid_att": [100.0, 0.07641493529081345, 0.9771941304206848], "k_pid_yaw": [0.5, 1e-06, 0.1], "k_pid_hsp": [9.811982154846191, 0.9866057634353638, 0.00698620080947876], "k_pid_vsp": [7.755017280578613, 377.4290771484375, 15.461803436279297]}, "datetime": {"datetime": "2025-08-21 14:09:02", "elapsed": 19459.284158468246, "delta": 23.10243320465088}, "costs": {"total_cost": 827.3242300103108, "time_cost": 150, "final_distance_cost": 51.27293525894364, "oscillation_cost": 82.99643205824381, "completition_cost": 444.4444444444444, "overshoot_cost": 57.62281516879574, "power_cost": 24.460668273925783, "noise_cost": 16.526934805957335, "n_waypoints_completed": 5, "tot_waypoints": 9}}
{"target": -693.8797398278155, "params": {"k_pid_pos": [2.0, 0.9912853240966797, 0.9822248220443726], "k_pid_alt": [1.9569125175476074, 1.0, 0.035319626331329346], "k_pid_att": [100.0, 0.19198361039161682, 0.9757189750671387], "k_pid_yaw": [0.5, 1e-06, 0.1], "k_pid_hsp": [9.586864471435547, 0.8957510590553284, 0.027662932872772217], "k_pid_vsp": [6.022071838378906, 392.273681640625, 13.644195556640625]}, "datetime": {"datetime": "2025-08-21 14:09:25", "elapsed": 19482.33880019188, "delta": 23.054641723632812}, "costs": {"total_cost": 693.8797398278155, "time_cost": 150, "final_distance_cost": 71.47152061894678, "oscillation_cost": 147.9673624796956, "completition_cost": 222.2222222222222, "overshoot_cost": 55.10705536707702, "power_cost": 26.68268074951172, "noise_cost": 20.42889839036215, "n_waypoints_completed": 7, "tot_waypoints": 9}}
{"target": -538.4879315538748, "params": {"k_pid_pos": [2.0, 0.967362642288208, 0.9991194009780884], "k_pid_alt": [1.9861869812011719, 0.9762037992477417, 0.023198992013931274], "k_pid_att": [99.99998474121094, 1.821484088897705, 0.9856266975402832], "k_pid_yaw": [0.5, 1e-06, 0.1], "k_pid_hsp": [9.925576210021973, 0.9745831489562988, 0.0166337788105011], "k_pid_vsp": [8.933568000793457, 364.4878845214844, 22.245742797851562]}, "datetime": {"datetime": "2025-08-21 14:09:49", "elapsed": 19506.290653705597, "delta": 23.95185351371765}, "costs": {"total_cost": 538.4879315538748, "time_cost": 150, "final_distance_cost": 39.091166726456485, "oscillation_cost": 123.37180062284646, "completition_cost": 111.11111111111116, "overshoot_cost": 69.73295463648057, "power_cost": 26.820192333984377, "noise_cost": 18.360706122995822, "n_waypoints_completed": 8, "tot_waypoints": 9}}
{"target": -752.222082666513, "params": {"k_pid_pos": [2.0, 0.9450958967208862, 0.9999920129776001], "k_pid_alt": [1.9329864978790283, 0.9995957612991333, 0.04396700859069824], "k_pid_att": [100.0, 0.0505610853433609, 0.9868265390396118], "k_pid_yaw": [0.5, 1e-06, 0.1], "k_pid_hsp": [9.91800594329834, 0.8838348388671875, 0.01100650429725647], "k_pid_vsp": [26.25210189819336, 333.94195556640625, 2.4699816703796387]}, "datetime": {"datetime": "2025-08-21 14:10:13", "elapsed": 19529.921768426895, "delta": 23.631114721298218}, "costs": {"total_cost": 752.222082666513, "time_cost": 150, "final_distance_cost": 64.73083805152662, "oscillation_cost": 102.0126008763074, "completition_cost": 333.33333333333337, "overshoot_cost": 54.21328622533723, "power_cost": 27.702195263671875, "noise_cost": 20.229828916336395, "n_waypoints_completed": 6, "tot_waypoints": 9}}
{"target": -703.0335457675135, "params": {"k_pid_pos": [2.0, 0.9302988648414612, 1.0], "k_pid_alt": [1.9730608463287354, 1.0, 0.004178136587142944], "k_pid_att": [100.0, 0.13224008679389954, 0.9972026348114014], "k_pid_yaw": [0.5, 1e-06, 0.1], "k_pid_hsp": [9.380316734313965, 0.9904975891113281, 0.03017103672027588], "k_pid_vsp": [115.86066436767578, 396.7658386230469, 9.275198936462402]}, "datetime": {"datetime": "2025-08-21 14:10:36", "elapsed": 19553.19943213463, "delta": 23.277663707733154}, "costs": {"total_cost": 703.0335457675135, "time_cost": 150, "final_distance_cost": 73.00582598538361, "oscillation_cost": 168.42974869382903, "completition_cost": 222.2222222222222, "overshoot_cost": 50.45054851610932, "power_cost": 21.299471166992188, "noise_cost": 17.625729182977274, "n_waypoints_completed": 7, "tot_waypoints": 9}}
{"target": -617.3074219904554, "params": {"k_pid_pos": [2.0, 0.6258127689361572, 1.0], "k_pid_alt": [1.8720524311065674, 1.0, 0.03408500552177429], "k_pid_att": [100.0, 0.16527891159057617, 0.9875443577766418], "k_pid_yaw": [0.5, 1e-06, 0.1], "k_pid_hsp": [9.603530883789062, 0.9880166053771973, 0.18935716152191162], "k_pid_vsp": [36.618350982666016, 391.3660583496094, 9.346247673034668]}, "datetime": {"datetime": "2025-08-21 14:10:59", "elapsed": 19576.379814863205, "delta": 23.18038272857666}, "costs": {"total_cost": 617.3074219904554, "time_cost": 150, "final_distance_cost": 62.98099391909453, "oscillation_cost": 202.8436376999609, "completition_cost": 111.11111111111116, "overshoot_cost": 52.44290345041128, "power_cost": 22.196918408203125, "noise_cost": 15.731857401674288, "n_waypoints_completed": 8, "tot_waypoints": 9}}
{"target": -1266.5013962841692, "params": {"k_pid_pos": [1.9999998807907104, 0.9688712358474731, 9.179115295410156e-06], "k_pid_alt": [1.5740371942520142, 1.0, 0.021052658557891846], "k_pid_att": [99.99993896484375, 0.15818245708942413, 0.9373323321342468], "k_pid_yaw": [0.5, 1e-06, 0.1], "k_pid_hsp": [9.959644317626953, 0.9815038442611694, 0.014167338609695435], "k_pid_vsp": [93.18546295166016, 397.2559814453125, 14.044404983520508]}, "datetime": {"datetime": "2025-08-21 14:11:24", "elapsed": 19600.64581155777, "delta": 24.26599669456482}, "costs": {"total_cost": 1266.5013962841692, "time_cost": 150, "final_distance_cost": 68.75107447775525, "oscillation_cost": 68.90952905605108, "completition_cost": 888.8888888888888, "overshoot_cost": 49.02309547299105, "power_cost": 24.131139111328125, "noise_cost": 16.79766927715491, "n_waypoints_completed": 1, "tot_waypoints": 9}}
{"target": -1421.5768110147255, "params": {"k_pid_pos": [2.0, 0.976801872253418, 3.2782554626464844e-07], "k_pid_alt": [1.9737188816070557, 1.0, 0.08733206987380981], "k_pid_att": [100.0, 0.2694205939769745, 0.9499877095222473], "k_pid_yaw": [0.5, 1e-06, 0.1], "k_pid_hsp": [9.841200828552246, 0.9696537256240845, 0.009098559617996216], "k_pid_vsp": [16.075468063354492, 394.3644104003906, 6.211114883422852]}, "datetime": {"datetime": "2025-08-21 14:11:47", "elapsed": 19623.87421488762, "delta": 23.228403329849243}, "costs": {"total_cost": 1421.5768110147255, "time_cost": 150, "final_distance_cost": 51.73524401652299, "oscillation_cost": 45.52951259175327, "completition_cost": 1000.0, "overshoot_cost": 89.1355899712638, "power_cost": 31.46587335205078, "noise_cost": 53.710591083135, "n_waypoints_completed": 0, "tot_waypoints": 9}}
{"target": -1063.0685208863167, "params": {"k_pid_pos": [1.997307300567627, 0.8904824256896973, 0.0], "k_pid_alt": [1.9879119396209717, 0.9999984502792358, 0.010214954614639282], "k_pid_att": [100.0, 0.061505284160375595, 0.961495041847229], "k_pid_yaw": [0.5, 1e-06, 0.1], "k_pid_hsp": [9.788991928100586, 0.9885374307632446, 0.0026468634605407715], "k_pid_vsp": [25.717782974243164, 391.1912536621094, 5.925060272216797]}, "datetime": {"datetime": "2025-08-21 14:12:10", "elapsed": 19647.12543106079, "delta": 23.251216173171997}, "costs": {"total_cost": 1063.0685208863167, "time_cost": 150, "final_distance_cost": 80.56829495415066, "oscillation_cost": 69.52923265203415, "completition_cost": 666.6666666666667, "overshoot_cost": 55.332088232166214, "power_cost": 24.244181640625, "noise_cost": 16.72805674067407, "n_waypoints_completed": 3, "tot_waypoints": 9}}
{"target": -598.860305425977, "params": {"k_pid_pos": [1.9992163181304932, 0.9120286107063293, 0.9929499626159668], "k_pid_alt": [1.9654204845428467, 0.9999185800552368, 0.010367780923843384], "k_pid_att": [100.0, 0.6936917304992676, 0.9839324355125427], "k_pid_yaw": [0.5, 1e-06, 0.1], "k_pid_hsp": [9.744489669799805, 0.9843105673789978, 0.015665322542190552], "k_pid_vsp": [30.719493865966797, 352.83404541015625, 22.47743797302246]}, "datetime": {"datetime": "2025-08-21 14:12:33", "elapsed": 19670.37768626213, "delta": 23.25225520133972}, "costs": {"total_cost": 598.860305425977, "time_cost": 150, "final_distance_cost": 66.19834193027009, "oscillation_cost": 185.82999368466483, "completition_cost": 111.11111111111116, "overshoot_cost": 50.165712452698756, "power_cost": 19.942184313964844, "noise_cost": 15.612961933267364, "n_waypoints_completed": 8, "tot_waypoints": 9}}
{"target": -593.080442517745, "params": {"k_pid_pos": [1.9997807741165161, 0.9972985982894897, 0.06594347953796387], "k_pid_alt": [1.9287254810333252, 1.0, 0.0034411847591400146], "k_pid_att": [100.0, 0.2262931913137436, 0.9949464797973633], "k_pid_yaw": [0.5, 1e-06, 0.1], "k_pid_hsp": [9.359346389770508, 0.9921266436576843, 0.005291610956192017], "k_pid_vsp": [34.00050354003906, 396.39715576171875, 76.93998718261719]}, "datetime": {"datetime": "2025-08-21 14:12:56", "elapsed": 19693.348400831223, "delta": 22.970714569091797}, "costs": {"total_cost": 593.080442517745, "time_cost": 150, "final_distance_cost": 62.07981780805379, "oscillation_cost": 72.87424726836284, "completition_cost": 222.2222222222222, "overshoot_cost": 53.276979899558604, "power_cost": 18.724882373046874, "noise_cost": 13.902292946500822, "n_waypoints_completed": 7, "tot_waypoints": 9}}
{"target": -769.0920585666253, "params": {"k_pid_pos": [1.999986171722412, 0.9891735315322876, 0.5547444224357605], "k_pid_alt": [1.9542276859283447, 1.0, 0.004602581262588501], "k_pid_att": [99.99954986572266, 0.14603574573993683, 0.9787648916244507], "k_pid_yaw": [0.5, 1e-06, 0.1], "k_pid_hsp": [9.000524520874023, 0.912836492061615, 0.032528072595596313], "k_pid_vsp": [12.618732452392578, 398.28863525390625, 16.156352996826172]}, "datetime": {"datetime": "2025-08-21 14:13:19", "elapsed": 19716.394728183746, "delta": 23.046327352523804}, "costs": {"total_cost": 769.0920585666253, "time_cost": 150, "final_distance_cost": 68.70165616333959, "oscillation_cost": 122.54520970444224, "completition_cost": 333.33333333333337, "overshoot_cost": 51.76066807760039, "power_cost": 25.462456567382812, "noise_cost": 17.288734720526904, "n_waypoints_completed": 6, "tot_waypoints": 9}}
{"target": -1185.8370141444877, "params": {"k_pid_pos": [2.0, 0.9872020483016968, 6.16610050201416e-05], "k_pid_alt": [1.9880406856536865, 1.0, 0.003874272108078003], "k_pid_att": [99.79269409179688, 0.5494160056114197, 0.9684826135635376], "k_pid_yaw": [0.5, 1e-06, 0.1], "k_pid_hsp": [9.661401748657227, 0.9971050024032593, 0.03820440173149109], "k_pid_vsp": [43.06684875488281, 392.83599853515625, 12.514962196350098]}, "datetime": {"datetime": "2025-08-21 14:13:43", "elapsed": 19740.0839676857, "delta": 23.689239501953125}, "costs": {"total_cost": 1185.8370141444877, "time_cost": 150, "final_distance_cost": 90.84182868734582, "oscillation_cost": 82.21751029458633, "completition_cost": 777.7777777777778, "overshoot_cost": 43.87846895047309, "power_cost": 24.264386376953127, "noise_cost": 16.8570420573518, "n_waypoints_completed": 2, "tot_waypoints": 9}}
{"target": -556.7829281227076, "params": {"k_pid_pos": [1.999999761581421, 0.9806668758392334, 0.9996994733810425], "k_pid_alt": [1.9677971601486206, 1.0, 0.06646394729614258], "k_pid_att": [100.0, 0.14079803228378296, 0.9967344403266907], "k_pid_yaw": [0.5, 1e-06, 0.1], "k_pid_hsp": [9.973494529724121, 0.996432900428772, 0.03301650285720825], "k_pid_vsp": [27.801788330078125, 398.39349365234375, 5.579031467437744]}, "datetime": {"datetime": "2025-08-21 14:14:07", "elapsed": 19763.44791507721, "delta": 23.36394739151001}, "costs": {"total_cost": 556.7829281227076, "time_cost": 150, "final_distance_cost": 22.738848078869232, "oscillation_cost": 170.4230615209389, "completition_cost": 111.11111111111116, "overshoot_cost": 61.756156849101224, "power_cost": 23.898018798828126, "noise_cost": 16.855731763858866, "n_waypoints_completed": 8, "tot_waypoints": 9}}
{"target": -926.6792850972129, "params": {"k_pid_pos": [2.0, 0.809577226638794, 0.1195383071899414], "k_pid_alt": [1.9477465152740479, 1.0, 0.0288810133934021], "k_pid_att": [100.0, 0.07742343842983246, 0.9974332451820374], "k_pid_yaw": [0.5, 1e-06, 0.1], "k_pid_hsp": [9.296232223510742, 0.9842445850372314, 0.0033074021339416504], "k_pid_vsp": [11.925435066223145, 389.0290832519531, 10.459364891052246]}, "datetime": {"datetime": "2025-08-21 14:14:30", "elapsed": 19787.107221841812, "delta": 23.65930676460266}, "costs": {"total_cost": 926.6792850972129, "time_cost": 150, "final_distance_cost": 45.95836678956242, "oscillation_cost": 85.32961343213567, "completition_cost": 555.5555555555555, "overshoot_cost": 52.866833598879786, "power_cost": 20.843427282714845, "noise_cost": 16.12548843836447, "n_waypoints_completed": 4, "tot_waypoints": 9}}
{"target": -1047.2747928144433, "params": {"k_pid_pos": [2.0, 0.9831511974334717, 1.84476375579834e-05], "k_pid_alt": [1.732715368270874, 1.0, 0.01708129048347473], "k_pid_att": [100.0, 1.9913049936294556, 0.9264316558837891], "k_pid_yaw": [0.5, 1e-06, 0.1], "k_pid_hsp": [9.10684871673584, 0.9512065052986145, 0.024304836988449097], "k_pid_vsp": [1.8631696701049805, 397.2796325683594, 7.07147216796875]}, "datetime": {"datetime": "2025-08-21 14:14:54", "elapsed": 19810.598500967026, "delta": 23.491279125213623}, "costs": {"total_cost": 1047.2747928144433, "time_cost": 150, "final_distance_cost": 50.27668689562923, "oscillation_cost": 80.045223312354, "completition_cost": 666.6666666666667, "overshoot_cost": 53.29808287388222, "power_cost": 26.07442711181641, "noise_cost": 20.91370595409463, "n_waypoints_completed": 3, "tot_waypoints": 9}}
{"target": -688.2669587748122, "params": {"k_pid_pos": [2.0, 0.9919731616973877, 0.9999992251396179], "k_pid_alt": [1.991387128829956, 1.0, 0.015710175037384033], "k_pid_att": [100.0, 0.8749172687530518, 0.9499820470809937], "k_pid_yaw": [0.5, 1e-06, 0.1], "k_pid_hsp": [8.145218849182129, 0.9930875897407532, 0.021922588348388672], "k_pid_vsp": [4.140472412109375, 388.99200439453125, 1.537252426147461]}, "datetime": {"datetime": "2025-08-21 14:15:17", "elapsed": 19833.79421877861, "delta": 23.195717811584473}, "costs": {"total_cost": 688.2669587748122, "time_cost": 150, "final_distance_cost": 70.61098234879788, "oscillation_cost": 151.21722002383078, "completition_cost": 222.2222222222222, "overshoot_cost": 52.360032273806986, "power_cost": 23.98544967041016, "noise_cost": 17.87105223574433, "n_waypoints_completed": 7, "tot_waypoints": 9}}
{"target": -1191.105730835796, "params": {"k_pid_pos": [2.0, 0.9726015329360962, 0.0], "k_pid_alt": [1.9371623992919922, 0.9761996269226074, 0.011068940162658691], "k_pid_att": [100.0, 1.197424292564392, 0.9906795024871826], "k_pid_yaw": [0.5, 1e-06, 0.1], "k_pid_hsp": [9.541336059570312, 0.9541999101638794, 0.020712733268737793], "k_pid_vsp": [2.041757106781006, 398.8966369628906, 17.20676612854004]}, "datetime": {"datetime": "2025-08-21 14:15:40", "elapsed": 19857.04535484314, "delta": 23.25113606452942}, "costs": {"total_cost": 1191.105730835796, "time_cost": 150, "final_distance_cost": 95.38497614010933, "oscillation_cost": 90.00729189193451, "completition_cost": 777.7777777777778, "overshoot_cost": 42.03918280555141, "power_cost": 21.307025500488283, "noise_cost": 14.589476719934837, "n_waypoints_completed": 2, "tot_waypoints": 9}}
{"target": -1183.7534401260543, "params": {"k_pid_pos": [2.0, 0.9822407960891724, 0.025648653507232666], "k_pid_alt": [1.9054863452911377, 0.9999939203262329, 0.0578647255897522], "k_pid_att": [100.0, 2.8641841411590576, 0.9783908128738403], "k_pid_yaw": [0.5, 1e-06, 0.1], "k_pid_hsp": [9.725031852722168, 0.9696862697601318, 0.021248966455459595], "k_pid_vsp": [2.7643561363220215, 387.1183776855469, 34.336830139160156]}, "datetime": {"datetime": "2025-08-21 14:16:03", "elapsed": 19880.403718471527, "delta": 23.35836362838745}, "costs": {"total_cost": 1183.7534401260543, "time_cost": 150, "final_distance_cost": 84.52627565888757, "oscillation_cost": 93.07586532427987, "completition_cost": 777.7777777777778, "overshoot_cost": 41.04229249160007, "power_cost": 22.123391528320315, "noise_cost": 15.207837345188528, "n_waypoints_completed": 2, "tot_waypoints": 9}}
{"target": -1311.582266172807, "params": {"k_pid_pos": [1.9999946355819702, 0.9648983478546143, 0.09721308946609497], "k_pid_alt": [1.9713659286499023, 1.0, 0.0025139153003692627], "k_pid_att": [100.0, 0.8327292203903198, 0.9970909357070923], "k_pid_yaw": [0.5, 1e-06, 0.1], "k_pid_hsp": [9.080286026000977, 0.9011319875717163, 0.005245953798294067], "k_pid_vsp": [19.77071762084961, 390.742919921875, 9.347368240356445]}, "datetime": {"datetime": "2025-08-21 14:16:27", "elapsed": 19903.83985042572, "delta": 23.436131954193115}, "costs": {"total_cost": 1311.582266172807, "time_cost": 150, "final_distance_cost": 11.397265351005307, "oscillation_cost": 68.69527626438484, "completition_cost": 1000.0, "overshoot_cost": 40.22075562908965, "power_cost": 23.405822607421875, "noise_cost": 17.863146320905578, "n_waypoints_completed": 0, "tot_waypoints": 9}}
{"target": -1183.587182230078, "params": {"k_pid_pos": [2.0, 0.9874429702758789, 0.06592133641242981], "k_pid_alt": [1.9217004776000977, 1.0, 0.017006278038024902], "k_pid_att": [100.0, 0.20071947574615479, 0.9421529769897461], "k_pid_yaw": [0.5, 1e-06, 0.1], "k_pid_hsp": [9.92271900177002, 0.9910889863967896, 0.003929018974304199], "k_pid_vsp": [7.890892028808594, 394.537109375, 6.861997604370117]}, "datetime": {"datetime": "2025-08-21 14:16:50", "elapsed": 19927.215061903, "delta": 23.375211477279663}, "costs": {"total_cost": 1183.587182230078, "time_cost": 150, "final_distance_cost": 84.40476157045, "oscillation_cost": 74.01126490540106, "completition_cost": 777.7777777777778, "overshoot_cost": 55.03702776678605, "power_cost": 25.26380001220703, "noise_cost": 17.09255019745609, "n_waypoints_completed": 2, "tot_waypoints": 9}}
{"target": -1083.3083684445755, "params": {"k_pid_pos": [1.999917984008789, 0.9812065362930298, 0.6620184779167175], "k_pid_alt": [1.9914257526397705, 1.0, 0.025637924671173096], "k_pid_att": [100.0, 0.6460826992988586, 0.9802989959716797], "k_pid_yaw": [0.5, 1e-06, 0.1], "k_pid_hsp": [9.766963958740234, 0.9587957262992859, 0.008084475994110107], "k_pid_vsp": [8.659195899963379, 393.4573059082031, 23.132600784301758]}, "datetime": {"datetime": "2025-08-21 14:17:14", "elapsed": 19950.438871860504, "delta": 23.223809957504272}, "costs": {"total_cost": 1083.3083684445755, "time_cost": 150, "final_distance_cost": 83.04537564970352, "oscillation_cost": 98.00797924706222, "completition_cost": 666.6666666666667, "overshoot_cost": 50.259361693953196, "power_cost": 20.799837060546874, "noise_cost": 14.529148126642863, "n_waypoints_completed": 3, "tot_waypoints": 9}}
{"target": -566.3131006982252, "params": {"k_pid_pos": [2.0, 0.9402523040771484, 1.0], "k_pid_alt": [1.9176346063613892, 1.0, 0.04449892044067383], "k_pid_att": [100.0, 0.263827919960022, 0.9417710304260254], "k_pid_yaw": [0.5, 1e-06, 0.1], "k_pid_hsp": [9.9265775680542, 0.9510204792022705, 0.027712255716323853], "k_pid_vsp": [1.6794204711914062, 394.99395751953125, 11.146296501159668]}, "datetime": {"datetime": "2025-08-21 14:17:38", "elapsed": 19974.565962076187, "delta": 24.127090215682983}, "costs": {"total_cost": 566.3131006982252, "time_cost": 150, "final_distance_cost": 32.421046407698945, "oscillation_cost": 172.6693256799353, "completition_cost": 111.11111111111116, "overshoot_cost": 63.25120411948857, "power_cost": 21.020267309570315, "noise_cost": 15.840146070420895, "n_waypoints_completed": 8, "tot_waypoints": 9}}
