{"target": -680.4231447765453, "params": {"k_pid_pos": [2.0, 0.9811288118362427, 1.0], "k_pid_alt": [1.9816555976867676, 1.0, 0.0329974889755249], "k_pid_att": [100.0, 0.05503019690513611, 0.9883391857147217], "k_pid_yaw": [0.5, 1e-06, 0.1], "k_pid_hsp": [9.772424697875977, 0.9960123300552368, 0.04897719621658325], "k_pid_vsp": [7.2519659996032715, 398.248779296875, 0.9687672257423401]}, "datetime": {"datetime": "2025-08-21 23:24:32", "elapsed": 52789.36355352402, "delta": 23.620960235595703}, "costs": {"total_cost": 680.4231447765453, "time_cost": 150, "final_distance_cost": 71.47991758243253, "oscillation_cost": 135.9599827843005, "completition_cost": 222.2222222222222, "overshoot_cost": 54.17461914355909, "power_cost": 26.87254586181641, "noise_cost": 19.713857182214557, "n_waypoints_completed": 7, "tot_waypoints": 9}}
{"target": -1011.34986597382, "params": {"k_pid_pos": [2.0, 0.9848572015762329, 1.0], "k_pid_alt": [1.9961466789245605, 1.0, 0.013089507818222046], "k_pid_att": [100.0, 0.20164871215820312, 0.8801918029785156], "k_pid_yaw": [0.5, 1e-06, 0.1], "k_pid_hsp": [9.941596031188965, 0.9521304368972778, 0.008027344942092896], "k_pid_vsp": [7.751679420471191, 394.8920593261719, 5.8207879066467285]}, "datetime": {"datetime": "2025-08-21 23:24:59", "elapsed": 52815.85009098053, "delta": 26.48653745651245}, "costs": {"total_cost": 1011.34986597382, "time_cost": 150, "final_distance_cost": 44.30280585051495, "oscillation_cost": 178.9282245078808, "completition_cost": 555.5555555555555, "overshoot_cost": 47.76795668724825, "power_cost": 19.624327160644533, "noise_cost": 15.170996211975993, "n_waypoints_completed": 4, "tot_waypoints": 9}}
{"target": -1714.8661593524341, "params": {"k_pid_pos": [2.0, 0.9891026020050049, 1.0], "k_pid_alt": [1.9168028831481934, 1.0, 0.00707891583442688], "k_pid_att": [100.0, 0.14468422532081604, 0.9841101169586182], "k_pid_yaw": [0.5, 1e-06, 0.1], "k_pid_hsp": [9.866677284240723, 0.993065357208252, 0.014811158180236816], "k_pid_vsp": [1.7948031425476074, 391.5265197753906, 1.0236988067626953]}, "datetime": {"datetime": "2025-08-21 23:25:22", "elapsed": 52839.11749148369, "delta": 23.26740050315857}, "costs": {"total_cost": 1714.8661593524341, "time_cost": 150, "final_distance_cost": 395.526852747358, "oscillation_cost": 225.3387932411322, "completition_cost": 666.6666666666667, "overshoot_cost": 246.02434877887714, "power_cost": 17.460065539550783, "noise_cost": 13.849432378849281, "n_waypoints_completed": 3, "tot_waypoints": 9}}
{"target": -326.71553055680977, "params": {"k_pid_pos": [2.0, 0.9928815364837646, 1.0], "k_pid_alt": [1.9752614498138428, 1.0, 0.007463395595550537], "k_pid_att": [100.0, 0.031024964526295662, 0.9486255049705505], "k_pid_yaw": [0.5, 1e-06, 0.1], "k_pid_hsp": [9.943458557128906, 0.9983357787132263, 0.008876234292984009], "k_pid_vsp": [0.7748007774353027, 395.12615966796875, 4.297555446624756]}, "datetime": {"datetime": "2025-08-21 23:25:49", "elapsed": 52865.95284366608, "delta": 26.835352182388306}, "costs": {"total_cost": 326.71553055680977, "time_cost": 91.504, "final_distance_cost": 1.7096824611811752, "oscillation_cost": 126.05648600978202, "completition_cost": 0.0, "overshoot_cost": 67.00368556166897, "power_cost": 23.751150244140625, "noise_cost": 16.690526280036984, "n_waypoints_completed": 9, "tot_waypoints": 9}}
{"target": -774.5564243146763, "params": {"k_pid_pos": [2.0, 0.9649109244346619, 1.0], "k_pid_alt": [1.9620707035064697, 1.0, 0.005467921495437622], "k_pid_att": [100.0, 0.08375220000743866, 0.995270311832428], "k_pid_yaw": [0.5, 1e-06, 0.1], "k_pid_hsp": [9.901004791259766, 0.9672373533248901, 0.014789462089538574], "k_pid_vsp": [9.48326587677002, 392.3378601074219, 0.8845816254615784]}, "datetime": {"datetime": "2025-08-21 23:26:15", "elapsed": 52891.803439855576, "delta": 25.8505961894989}, "costs": {"total_cost": 774.5564243146763, "time_cost": 150, "final_distance_cost": 58.99500729806448, "oscillation_cost": 145.3078257231912, "completition_cost": 333.33333333333337, "overshoot_cost": 49.670671371881575, "power_cost": 21.39905036621094, "noise_cost": 15.850536221994751, "n_waypoints_completed": 6, "tot_waypoints": 9}}
{"target": -1018.7871720732012, "params": {"k_pid_pos": [2.0, 0.9953298568725586, 1.0], "k_pid_alt": [1.9027650356292725, 1.0, 0.006708681583404541], "k_pid_att": [100.0, 0.11345140635967255, 0.9829310774803162], "k_pid_yaw": [0.5, 1e-06, 0.1], "k_pid_hsp": [9.95518684387207, 0.9677455425262451, 0.010765612125396729], "k_pid_vsp": [2.8777480125427246, 396.4145202636719, 23.198701858520508]}, "datetime": {"datetime": "2025-08-21 23:26:40", "elapsed": 52916.583087682724, "delta": 24.779647827148438}, "costs": {"total_cost": 1018.7871720732012, "time_cost": 150, "final_distance_cost": 46.59155872640086, "oscillation_cost": 182.63870655000784, "completition_cost": 555.5555555555555, "overshoot_cost": 51.36082882407542, "power_cost": 18.788514587402343, "noise_cost": 13.852007829759206, "n_waypoints_completed": 4, "tot_waypoints": 9}}
{"target": -694.0076796569838, "params": {"k_pid_pos": [2.0, 0.9640840291976929, 1.0], "k_pid_alt": [1.9894397258758545, 1.0, 0.007231712341308594], "k_pid_att": [100.0, 0.26127180457115173, 0.96014803647995], "k_pid_yaw": [0.5, 1e-06, 0.1], "k_pid_hsp": [9.671235084533691, 0.985442578792572, 0.0025905072689056396], "k_pid_vsp": [5.801999568939209, 393.8940734863281, 11.318470001220703]}, "datetime": {"datetime": "2025-08-21 23:27:03", "elapsed": 52939.54504489899, "delta": 22.961957216262817}, "costs": {"total_cost": 694.0076796569838, "time_cost": 150, "final_distance_cost": 74.32535036660455, "oscillation_cost": 155.8132387964587, "completition_cost": 222.2222222222222, "overshoot_cost": 54.99858722401322, "power_cost": 21.06461384277344, "noise_cost": 15.58366720491172, "n_waypoints_completed": 7, "tot_waypoints": 9}}
{"target": -811.4550361466638, "params": {"k_pid_pos": [2.0, 0.997441291809082, 1.0], "k_pid_alt": [1.9479961395263672, 1.0, 0.018767505884170532], "k_pid_att": [100.0, 0.15351366996765137, 0.9744126796722412], "k_pid_yaw": [0.5, 1e-06, 0.1], "k_pid_hsp": [9.967726707458496, 0.9899488687515259, 0.03784623742103577], "k_pid_vsp": [8.16030502319336, 395.6106872558594, 2.64794921875]}, "datetime": {"datetime": "2025-08-21 23:27:26", "elapsed": 52963.41736650467, "delta": 23.872321605682373}, "costs": {"total_cost": 811.4550361466638, "time_cost": 150, "final_distance_cost": 60.19726882405925, "oscillation_cost": 178.5396721583624, "completition_cost": 333.33333333333337, "overshoot_cost": 50.513244406424356, "power_cost": 22.280724035644532, "noise_cost": 16.590793388839828, "n_waypoints_completed": 6, "tot_waypoints": 9}}
{"target": -699.2934810856027, "params": {"k_pid_pos": [2.0, 0.9985869526863098, 1.0], "k_pid_alt": [1.9757425785064697, 1.0, 0.04674029350280762], "k_pid_att": [100.0, 0.2322857826948166, 0.9950610399246216], "k_pid_yaw": [0.5, 1e-06, 0.1], "k_pid_hsp": [9.916170120239258, 0.9778251647949219, 0.014821618795394897], "k_pid_vsp": [3.302490711212158, 399.6849670410156, 0.7700095772743225]}, "datetime": {"datetime": "2025-08-21 23:27:51", "elapsed": 52987.559933662415, "delta": 24.14256715774536}, "costs": {"total_cost": 699.2934810856027, "time_cost": 150, "final_distance_cost": 68.04043140776939, "oscillation_cost": 173.28374262470646, "completition_cost": 222.2222222222222, "overshoot_cost": 50.82831415662665, "power_cost": 19.783474963378907, "noise_cost": 15.135295710899053, "n_waypoints_completed": 7, "tot_waypoints": 9}}
{"target": -913.8016149729575, "params": {"k_pid_pos": [2.0, 0.9989176392555237, 1.0], "k_pid_alt": [1.9395332336425781, 1.0, 0.10029810667037964], "k_pid_att": [100.0, 0.18839186429977417, 0.8813011646270752], "k_pid_yaw": [0.5, 1e-06, 0.1], "k_pid_hsp": [9.801822662353516, 0.995641827583313, 0.08132308721542358], "k_pid_vsp": [5.774688720703125, 397.9384460449219, 2.003098487854004]}, "datetime": {"datetime": "2025-08-21 23:28:14", "elapsed": 53010.8803293705, "delta": 23.320395708084106}, "costs": {"total_cost": 913.8016149729575, "time_cost": 150, "final_distance_cost": 51.27531234024775, "oscillation_cost": 179.7632760090821, "completition_cost": 444.4444444444444, "overshoot_cost": 52.09788960761635, "power_cost": 20.489675915527346, "noise_cost": 15.731016656039563, "n_waypoints_completed": 5, "tot_waypoints": 9}}
{"target": -984.7781001112348, "params": {"k_pid_pos": [2.0, 0.9747637510299683, 1.0], "k_pid_alt": [1.9771497249603271, 0.999783992767334, 0.010296553373336792], "k_pid_att": [100.0, 0.08977369219064713, 0.9932613372802734], "k_pid_yaw": [0.5, 1e-06, 0.1], "k_pid_hsp": [9.900555610656738, 0.9438619613647461, 0.006575822830200195], "k_pid_vsp": [19.92005157470703, 394.45989990234375, 5.035294055938721]}, "datetime": {"datetime": "2025-08-21 23:28:39", "elapsed": 53035.77827835083, "delta": 24.89794898033142}, "costs": {"total_cost": 984.7781001112348, "time_cost": 150, "final_distance_cost": 47.93021966199902, "oscillation_cost": 145.8664528157279, "completition_cost": 555.5555555555555, "overshoot_cost": 54.50065518272703, "power_cost": 17.086183056640625, "noise_cost": 13.839033838584694, "n_waypoints_completed": 4, "tot_waypoints": 9}}
{"target": -982.3061771578399, "params": {"k_pid_pos": [2.0, 0.9839941263198853, 1.0], "k_pid_alt": [1.978867769241333, 1.0, 0.004968553781509399], "k_pid_att": [100.0, 0.28383761644363403, 0.9976210594177246], "k_pid_yaw": [0.5, 1e-06, 0.1], "k_pid_hsp": [9.816718101501465, 0.9976490139961243, 0.006874710321426392], "k_pid_vsp": [2.358829975128174, 398.75146484375, 14.562297821044922]}, "datetime": {"datetime": "2025-08-21 23:29:02", "elapsed": 53058.77275824547, "delta": 22.99447989463806}, "costs": {"total_cost": 982.3061771578399, "time_cost": 150, "final_distance_cost": 42.81822920481422, "oscillation_cost": 148.84269731816002, "completition_cost": 555.5555555555555, "overshoot_cost": 52.31396291273984, "power_cost": 18.941619299316407, "noise_cost": 13.834112867253932, "n_waypoints_completed": 4, "tot_waypoints": 9}}
{"target": -811.7722582645908, "params": {"k_pid_pos": [2.0, 0.996719479560852, 1.0], "k_pid_alt": [1.976597785949707, 1.0, 0.013409197330474854], "k_pid_att": [100.0, 0.03863699734210968, 0.9809770584106445], "k_pid_yaw": [0.5, 1e-06, 0.1], "k_pid_hsp": [9.784031867980957, 0.9951886534690857, 0.0007902681827545166], "k_pid_vsp": [5.001997947692871, 379.3883361816406, 0.587130606174469]}, "datetime": {"datetime": "2025-08-21 23:29:28", "elapsed": 53085.0222659111, "delta": 26.249507665634155}, "costs": {"total_cost": 811.7722582645908, "time_cost": 150, "final_distance_cost": 68.38837799628577, "oscillation_cost": 173.93912087578366, "completition_cost": 333.33333333333337, "overshoot_cost": 55.337907892831566, "power_cost": 17.67574276123047, "noise_cost": 13.097775405125995, "n_waypoints_completed": 6, "tot_waypoints": 9}}
{"target": -704.1714448091923, "params": {"k_pid_pos": [2.0, 0.9960638284683228, 1.0], "k_pid_alt": [1.9249063730239868, 1.0, 0.0024872124195098877], "k_pid_att": [100.0, 0.04109626263380051, 0.9939520359039307], "k_pid_yaw": [0.5, 1e-06, 0.1], "k_pid_hsp": [9.936144828796387, 0.9979619979858398, 0.02812093496322632], "k_pid_vsp": [5.590343475341797, 394.3934020996094, 0.7735739350318909]}, "datetime": {"datetime": "2025-08-21 23:29:52", "elapsed": 53109.37748670578, "delta": 24.355220794677734}, "costs": {"total_cost": 704.1714448091923, "time_cost": 150, "final_distance_cost": 63.15779341705522, "oscillation_cost": 176.45443681485136, "completition_cost": 222.2222222222222, "overshoot_cost": 54.30377977298854, "power_cost": 22.54151661376953, "noise_cost": 15.491695968305482, "n_waypoints_completed": 7, "tot_waypoints": 9}}
{"target": -543.9898350575102, "params": {"k_pid_pos": [2.0, 0.9960020780563354, 1.0], "k_pid_alt": [1.9777867794036865, 1.0, 0.02815994620323181], "k_pid_att": [100.0, 0.03175213560461998, 0.993667483329773], "k_pid_yaw": [0.5, 1e-06, 0.1], "k_pid_hsp": [9.980646133422852, 0.9864214658737183, 0.00540885329246521], "k_pid_vsp": [2.073073387145996, 396.09130859375, 0.5951653122901917]}, "datetime": {"datetime": "2025-08-21 23:30:17", "elapsed": 53133.54556798935, "delta": 24.168081283569336}, "costs": {"total_cost": 543.9898350575102, "time_cost": 150, "final_distance_cost": 33.204725945095355, "oscillation_cost": 145.5371562444523, "completition_cost": 111.11111111111116, "overshoot_cost": 62.24796030386343, "power_cost": 23.917047326660157, "noise_cost": 17.971834126327845, "n_waypoints_completed": 8, "tot_waypoints": 9}}
{"target": -1583.9607172020758, "params": {"k_pid_pos": [2.0, 0.9957507848739624, 1.0], "k_pid_alt": [1.9861812591552734, 1.0, 0.004608511924743652], "k_pid_att": [99.9999771118164, 0.10838446021080017, 0.9914184808731079], "k_pid_yaw": [0.5, 1e-06, 0.1], "k_pid_hsp": [9.970579147338867, 0.9938632249832153, 0.012001276016235352], "k_pid_vsp": [6.32319450378418, 399.027587890625, 1.3600478172302246]}, "datetime": {"datetime": "2025-08-21 23:30:40", "elapsed": 53157.0444457531, "delta": 23.49887776374817}, "costs": {"total_cost": 1583.9607172020758, "time_cost": 150, "final_distance_cost": 149.03354227846984, "oscillation_cost": 250.91984056729143, "completition_cost": 777.7777777777778, "overshoot_cost": 225.66195156342332, "power_cost": 17.031941259765627, "noise_cost": 13.535663755347713, "n_waypoints_completed": 2, "tot_waypoints": 9}}
{"target": -311.42746370182294, "params": {"k_pid_pos": [2.0, 0.9946742653846741, 1.0], "k_pid_alt": [1.99686598777771, 1.0, 0.03130367398262024], "k_pid_att": [100.0, 0.01674472913146019, 0.986984372138977], "k_pid_yaw": [0.5, 1e-06, 0.1], "k_pid_hsp": [9.774748802185059, 0.9841495752334595, 0.005021154880523682], "k_pid_vsp": [1.049041748046875, 397.8230895996094, 9.528661727905273]}, "datetime": {"datetime": "2025-08-21 23:31:04", "elapsed": 53180.48482108116, "delta": 23.440375328063965}, "costs": {"total_cost": 311.42746370182294, "time_cost": 93.784, "final_distance_cost": 1.7731926265343123, "oscillation_cost": 116.72301683224022, "completition_cost": 0.0, "overshoot_cost": 60.58238891275325, "power_cost": 21.77740509033203, "noise_cost": 16.787460239963114, "n_waypoints_completed": 9, "tot_waypoints": 9}}
{"target": -823.8217238573471, "params": {"k_pid_pos": [2.0, 0.9913533926010132, 1.0], "k_pid_alt": [1.984405279159546, 1.0, 0.005687296390533447], "k_pid_att": [100.0, 0.022092105820775032, 0.9980000257492065], "k_pid_yaw": [0.5, 1e-06, 0.1], "k_pid_hsp": [9.94078254699707, 0.998360276222229, 0.02205634117126465], "k_pid_vsp": [5.447983741760254, 399.5072326660156, 8.332158088684082]}, "datetime": {"datetime": "2025-08-21 23:31:28", "elapsed": 53205.381732702255, "delta": 24.89691162109375}, "costs": {"total_cost": 823.8217238573471, "time_cost": 150, "final_distance_cost": 76.1895071757087, "oscillation_cost": 179.17354978317, "completition_cost": 333.33333333333337, "overshoot_cost": 49.82338267649186, "power_cost": 20.641645263671876, "noise_cost": 14.660305624971278, "n_waypoints_completed": 6, "tot_waypoints": 9}}
{"target": -587.8350034023013, "params": {"k_pid_pos": [2.0, 0.9963858127593994, 1.0], "k_pid_alt": [1.9789226055145264, 1.0, 0.007974743843078613], "k_pid_att": [100.0, 0.023327697068452835, 0.9791002869606018], "k_pid_yaw": [0.5, 1e-06, 0.1], "k_pid_hsp": [9.967184066772461, 0.9875155687332153, 0.019923806190490723], "k_pid_vsp": [6.831395626068115, 392.4676818847656, 4.741645812988281]}, "datetime": {"datetime": "2025-08-21 23:31:53", "elapsed": 53229.95131087303, "delta": 24.569578170776367}, "costs": {"total_cost": 587.8350034023013, "time_cost": 150, "final_distance_cost": 66.93548359843939, "oscillation_cost": 155.22058624527497, "completition_cost": 111.11111111111116, "overshoot_cost": 59.75066334344475, "power_cost": 25.963305334472658, "noise_cost": 18.853853769558356, "n_waypoints_completed": 8, "tot_waypoints": 9}}
{"target": -882.9803184827299, "params": {"k_pid_pos": [2.0, 0.9961308240890503, 1.0], "k_pid_alt": [1.9964492321014404, 1.0, 0.008036643266677856], "k_pid_att": [100.0, 0.024467624723911285, 0.9963964223861694], "k_pid_yaw": [0.5, 1e-06, 0.1], "k_pid_hsp": [9.86985969543457, 0.997366726398468, 0.0020742416381835938], "k_pid_vsp": [6.004631519317627, 388.71417236328125, 0.8042107224464417]}, "datetime": {"datetime": "2025-08-21 23:32:16", "elapsed": 53253.0546374321, "delta": 23.103326559066772}, "costs": {"total_cost": 882.9803184827299, "time_cost": 150, "final_distance_cost": 50.843135128948205, "oscillation_cost": 156.8762749666559, "completition_cost": 444.4444444444444, "overshoot_cost": 46.018983581991286, "power_cost": 19.381992907714846, "noise_cost": 15.41548745297517, "n_waypoints_completed": 5, "tot_waypoints": 9}}
{"target": -684.318800568489, "params": {"k_pid_pos": [2.0, 0.979483962059021, 1.0], "k_pid_alt": [1.8815279006958008, 1.0, 0.011487603187561035], "k_pid_att": [100.0, 0.09990102052688599, 0.9879019260406494], "k_pid_yaw": [0.5, 1e-06, 0.1], "k_pid_hsp": [9.922780990600586, 0.9957879781723022, 0.0027029812335968018], "k_pid_vsp": [9.157455444335938, 397.1988525390625, 1.5499839782714844]}, "datetime": {"datetime": "2025-08-21 23:32:40", "elapsed": 53276.94616174698, "delta": 23.89152431488037}, "costs": {"total_cost": 684.318800568489, "time_cost": 150, "final_distance_cost": 63.7354621381181, "oscillation_cost": 149.16734871750083, "completition_cost": 222.2222222222222, "overshoot_cost": 57.99296467107387, "power_cost": 24.630933056640625, "noise_cost": 16.56986976293338, "n_waypoints_completed": 7, "tot_waypoints": 9}}
{"target": -3108.4639696183435, "params": {"k_pid_pos": [2.0, 0.9355643391609192, 1.0], "k_pid_alt": [1.9819324016571045, 1.0, 0.00855746865272522], "k_pid_att": [100.0, 0.02344571240246296, 0.9957022666931152], "k_pid_yaw": [0.5, 1e-06, 0.1], "k_pid_hsp": [9.948378562927246, 0.9992010593414307, 0.0034941136837005615], "k_pid_vsp": [2.3401498794555664, 397.58258056640625, 1.911116600036621]}, "datetime": {"datetime": "2025-08-21 23:33:15", "elapsed": 53311.6185362339, "delta": 34.67237448692322}, "costs": {"total_cost": 3108.4639696183435, "time_cost": 150, "final_distance_cost": 816.091123855406, "oscillation_cost": 212.66666822479752, "completition_cost": 777.7777777777778, "overshoot_cost": 1123.8755406526711, "power_cost": 15.285860168457033, "noise_cost": 12.766998939234213, "n_waypoints_completed": 2, "tot_waypoints": 9}}
{"target": -887.8166657434374, "params": {"k_pid_pos": [2.0, 0.9946134090423584, 1.0], "k_pid_alt": [1.9969731569290161, 1.0, 0.008624166250228882], "k_pid_att": [100.0, 0.1238129734992981, 0.9896688461303711], "k_pid_yaw": [0.5, 1e-06, 0.1], "k_pid_hsp": [9.9033784866333, 0.9952762126922607, 0.00491642951965332], "k_pid_vsp": [0.4646778106689453, 395.43463134765625, 0.7094870209693909]}, "datetime": {"datetime": "2025-08-21 23:33:40", "elapsed": 53337.33557486534, "delta": 25.71703863143921}, "costs": {"total_cost": 887.8166657434374, "time_cost": 150, "final_distance_cost": 52.72082200323903, "oscillation_cost": 158.3043441089399, "completition_cost": 444.4444444444444, "overshoot_cost": 46.09877268786997, "power_cost": 20.74369343261719, "noise_cost": 15.504589066326893, "n_waypoints_completed": 5, "tot_waypoints": 9}}
{"target": -708.6413394210136, "params": {"k_pid_pos": [2.0, 0.9890661239624023, 1.0], "k_pid_alt": [1.9923639297485352, 1.0, 0.0034159719944000244], "k_pid_att": [100.0, 0.5583705902099609, 0.9877761006355286], "k_pid_yaw": [0.5, 1e-06, 0.1], "k_pid_hsp": [9.94067096710205, 0.996989369392395, 0.006774008274078369], "k_pid_vsp": [3.334677219390869, 399.812744140625, 5.120457172393799]}, "datetime": {"datetime": "2025-08-21 23:34:04", "elapsed": 53360.5272333622, "delta": 23.19165849685669}, "costs": {"total_cost": 708.6413394210136, "time_cost": 150, "final_distance_cost": 70.005211811789, "oscillation_cost": 182.30619239235145, "completition_cost": 222.2222222222222, "overshoot_cost": 54.153817583377645, "power_cost": 17.02657830810547, "noise_cost": 12.927317103167864, "n_waypoints_completed": 7, "tot_waypoints": 9}}
{"target": -684.8675951296682, "params": {"k_pid_pos": [2.0, 0.9983066320419312, 1.0], "k_pid_alt": [1.9972174167633057, 1.0, 0.008788526058197021], "k_pid_att": [100.0, 0.1392378956079483, 0.9903733134269714], "k_pid_yaw": [0.5, 1e-06, 0.1], "k_pid_hsp": [9.826353073120117, 0.9806817770004272, 0.0031887590885162354], "k_pid_vsp": [0.8789896965026855, 396.4217224121094, 11.679388046264648]}, "datetime": {"datetime": "2025-08-21 23:34:29", "elapsed": 53385.521346092224, "delta": 24.994112730026245}, "costs": {"total_cost": 684.8675951296682, "time_cost": 150, "final_distance_cost": 70.3061935624018, "oscillation_cost": 154.46104916053892, "completition_cost": 222.2222222222222, "overshoot_cost": 52.12325219668106, "power_cost": 20.4940216796875, "noise_cost": 15.260856308136681, "n_waypoints_completed": 7, "tot_waypoints": 9}}
{"target": -987.4851495588127, "params": {"k_pid_pos": [2.0, 0.9904577732086182, 1.0], "k_pid_alt": [1.998684048652649, 1.0, 0.0039688944816589355], "k_pid_att": [100.0, 0.17041708528995514, 0.993087112903595], "k_pid_yaw": [0.5, 1e-06, 0.1], "k_pid_hsp": [9.894716262817383, 0.9969971179962158, 0.009584575891494751], "k_pid_vsp": [1.8203139305114746, 393.2043762207031, 1.5212664604187012]}, "datetime": {"datetime": "2025-08-21 23:34:53", "elapsed": 53409.55332493782, "delta": 24.031978845596313}, "costs": {"total_cost": 987.4851495588127, "time_cost": 150, "final_distance_cost": 37.788183068544434, "oscillation_cost": 130.87502528587376, "completition_cost": 555.5555555555555, "overshoot_cost": 57.27386173515865, "power_cost": 26.56218232421875, "noise_cost": 29.43034158946154, "n_waypoints_completed": 4, "tot_waypoints": 9}}
