{"target": -1352.8277226100035, "params": {"k_pid_pos": [2.0, 0.9739260673522949, 0.0004470944404602051], "k_pid_alt": [1.9476925134658813, 1.0, 0.03364354372024536], "k_pid_att": [100.0, 1.9551118612289429, 0.9903823137283325], "k_pid_yaw": [0.5, 1e-06, 0.1], "k_pid_hsp": [9.908409118652344, 0.8406819105148315, 0.02440515160560608], "k_pid_vsp": [36.41700744628906, 253.88845825195312, 16.62559700012207]}, "datetime": {"datetime": "2025-08-21 10:42:51", "elapsed": 7088.284412622452, "delta": 31.218520879745483}, "costs": {"total_cost": 1352.8277226100035, "time_cost": 150, "final_distance_cost": 46.10446020063952, "oscillation_cost": 83.54194431958248, "completition_cost": 1000.0, "overshoot_cost": 34.89226934912742, "power_cost": 22.541613525390627, "noise_cost": 15.747435215263604, "n_waypoints_completed": 0, "tot_waypoints": 9}}
{"target": -622.6009156656146, "params": {"k_pid_pos": [1.9981704950332642, 0.9181108474731445, 0.9999983310699463], "k_pid_alt": [1.9756040573120117, 0.9999969005584717, 0.039665400981903076], "k_pid_att": [99.9500732421875, 2.378847360610962, 0.9849792122840881], "k_pid_yaw": [0.5, 1e-06, 0.1], "k_pid_hsp": [9.608830451965332, 0.328855037689209, 0.16622328758239746], "k_pid_vsp": [33.76853561401367, 88.37931060791016, 9.087098121643066]}, "datetime": {"datetime": "2025-08-21 10:43:17", "elapsed": 7113.852049827576, "delta": 25.5676372051239}, "costs": {"total_cost": 622.6009156656146, "time_cost": 150, "final_distance_cost": 57.677922593053644, "oscillation_cost": 208.8916315871099, "completition_cost": 111.11111111111116, "overshoot_cost": 60.38656953043517, "power_cost": 19.256693225097656, "noise_cost": 15.27698761880692, "n_waypoints_completed": 8, "tot_waypoints": 9}}
{"target": -264.80484967161226, "params": {"k_pid_pos": [1.8004193305969238, 0.6795825362205505, 0.20742034912109375], "k_pid_alt": [1.8517043590545654, 1.0, 0.0074648261070251465], "k_pid_att": [100.0, 0.24904346466064453, 0.9913948774337769], "k_pid_yaw": [0.5, 1e-06, 0.1], "k_pid_hsp": [8.538710594177246, 0.9887913465499878, 0.005328476428985596], "k_pid_vsp": [40.61518859863281, 317.80926513671875, 8.91052532196045]}, "datetime": {"datetime": "2025-08-21 10:43:47", "elapsed": 7144.153544664383, "delta": 30.30149483680725}, "costs": {"total_cost": 264.80484967161226, "time_cost": 99.264, "final_distance_cost": 1.7799126833555319, "oscillation_cost": 75.71620753709334, "completition_cost": 0.0, "overshoot_cost": 55.64674251950456, "power_cost": 16.857226098632815, "noise_cost": 15.540760833025999, "n_waypoints_completed": 9, "tot_waypoints": 9}}
{"target": -1294.5360127752922, "params": {"k_pid_pos": [0.000778743764385581, 0.9559676647186279, 1.0], "k_pid_alt": [1.8531033992767334, 0.9999995827674866, 0.04053488373756409], "k_pid_att": [99.59077453613281, 5.438347339630127, 0.9838918447494507], "k_pid_yaw": [0.5, 1e-06, 0.1], "k_pid_hsp": [7.337701797485352, 0.8478204011917114, 0.013447493314743042], "k_pid_vsp": [75.82418823242188, 292.85284423828125, 11.002541542053223]}, "datetime": {"datetime": "2025-08-21 10:44:13", "elapsed": 7169.454768180847, "delta": 25.301223516464233}, "costs": {"total_cost": 1294.5360127752922, "time_cost": 150, "final_distance_cost": 69.57027336940553, "oscillation_cost": 120.90769765489112, "completition_cost": 888.8888888888888, "overshoot_cost": 31.777689050853102, "power_cost": 18.34778846435547, "noise_cost": 15.043675346898302, "n_waypoints_completed": 1, "tot_waypoints": 9}}
{"target": -727.3050270154255, "params": {"k_pid_pos": [2.0, 0.7877202033996582, 0.015118002891540527], "k_pid_alt": [1.6227635145187378, 0.999998927116394, 0.06753695011138916], "k_pid_att": [40.429656982421875, 0.7626885175704956, 0.9200055003166199], "k_pid_yaw": [0.5, 1e-06, 0.1], "k_pid_hsp": [7.78117036819458, 0.9705798625946045, 0.08666837215423584], "k_pid_vsp": [69.79566955566406, 393.4093017578125, 41.1906852722168]}, "datetime": {"datetime": "2025-08-21 10:44:43", "elapsed": 7199.723052024841, "delta": 30.26828384399414}, "costs": {"total_cost": 727.3050270154255, "time_cost": 150, "final_distance_cost": 67.40036348570004, "oscillation_cost": 81.65732496038557, "completition_cost": 333.33333333333337, "overshoot_cost": 59.20966974100519, "power_cost": 19.80235596923828, "noise_cost": 15.901979525763073, "n_waypoints_completed": 6, "tot_waypoints": 9}}
{"target": -780.1625610506177, "params": {"k_pid_pos": [1.9047870635986328, 0.8930094242095947, 0.997734785079956], "k_pid_alt": [1.8009042739868164, 0.9520316123962402, 0.05466276407241821], "k_pid_att": [99.99610137939453, 0.4002121388912201, 0.5499914884567261], "k_pid_yaw": [0.5, 1e-06, 0.1], "k_pid_hsp": [9.38558578491211, 0.9603097438812256, 0.017815977334976196], "k_pid_vsp": [8.133220672607422, 41.63627624511719, 17.172100067138672]}, "datetime": {"datetime": "2025-08-21 10:45:11", "elapsed": 7227.591093540192, "delta": 27.868041515350342}, "costs": {"total_cost": 780.1625610506177, "time_cost": 150, "final_distance_cost": 72.57138146685773, "oscillation_cost": 237.60284610253677, "completition_cost": 222.2222222222222, "overshoot_cost": 53.78051415161951, "power_cost": 24.28300593261719, "noise_cost": 19.70259117476432, "n_waypoints_completed": 7, "tot_waypoints": 9}}
{"target": -751.4725586689509, "params": {"k_pid_pos": [1.9978526830673218, 0.855305552482605, 0.9954034090042114], "k_pid_alt": [1.5223493576049805, 1.0, 0.03141099214553833], "k_pid_att": [100.0, 3.0260021686553955, 0.975103497505188], "k_pid_yaw": [0.5, 1e-06, 0.1], "k_pid_hsp": [8.666747093200684, 0.9385247230529785, 0.14034390449523926], "k_pid_vsp": [28.043127059936523, 350.77996826171875, 90.25230407714844]}, "datetime": {"datetime": "2025-08-21 10:45:41", "elapsed": 7257.632652759552, "delta": 30.04155921936035}, "costs": {"total_cost": 751.4725586689509, "time_cost": 150, "final_distance_cost": 71.74190968620628, "oscillation_cost": 213.80852800563014, "completition_cost": 222.2222222222222, "overshoot_cost": 52.563200991100125, "power_cost": 23.168097399902344, "noise_cost": 17.968600363889838, "n_waypoints_completed": 7, "tot_waypoints": 9}}
{"target": -742.5725227849757, "params": {"k_pid_pos": [1.9999680519104004, 0.8581821918487549, 0.0], "k_pid_alt": [1.6419744491577148, 1.0, 0.15360718965530396], "k_pid_att": [99.99978637695312, 0.24795746803283691, 0.9326663017272949], "k_pid_yaw": [0.5, 1e-06, 0.1], "k_pid_hsp": [9.893241882324219, 0.6041626930236816, 0.11086052656173706], "k_pid_vsp": [45.26231384277344, 22.716392517089844, 8.096922874450684]}, "datetime": {"datetime": "2025-08-21 10:46:07", "elapsed": 7284.160177946091, "delta": 26.527525186538696}, "costs": {"total_cost": 742.5725227849757, "time_cost": 150, "final_distance_cost": 67.52178851778868, "oscillation_cost": 86.0233849235364, "completition_cost": 333.33333333333337, "overshoot_cost": 63.945417396949516, "power_cost": 22.965995532226565, "noise_cost": 18.782603081141087, "n_waypoints_completed": 6, "tot_waypoints": 9}}
{"target": -4219.094433488328, "params": {"k_pid_pos": [2.0, 0.8661243915557861, 0.0], "k_pid_alt": [1.8830621242523193, 1.0, 0.00438198447227478], "k_pid_att": [0.0031560659408569336, 2.0530831813812256, 0.8820626735687256], "k_pid_yaw": [0.5, 1e-06, 0.1], "k_pid_hsp": [9.886693954467773, 0.6125958561897278, 0.007694453001022339], "k_pid_vsp": [46.48344421386719, 177.38473510742188, 18.961288452148438]}, "datetime": {"datetime": "2025-08-21 10:46:31", "elapsed": 7308.327700376511, "delta": 24.167522430419922}, "costs": {"total_cost": 4219.094433488328, "time_cost": 150, "final_distance_cost": 774.3414776744036, "oscillation_cost": 1465.7354663810604, "completition_cost": 1000.0, "overshoot_cost": 694.3250780231009, "power_cost": 36.141399047851564, "noise_cost": 98.55101236191176, "n_waypoints_completed": 0, "tot_waypoints": 9}}
{"target": -342.87845312058, "params": {"k_pid_pos": [2.0, 0.8553261160850525, 0.927771806716919], "k_pid_alt": [1.9550049304962158, 1.0, 0.01732727885246277], "k_pid_att": [99.99896240234375, 1.0510261058807373, 0.991070032119751], "k_pid_yaw": [0.5, 1e-06, 0.1], "k_pid_hsp": [9.235675811767578, 0.9763575196266174, 0.07875421643257141], "k_pid_vsp": [74.4343490600586, 377.2864685058594, 10.805536270141602]}, "datetime": {"datetime": "2025-08-21 10:46:54", "elapsed": 7331.074919462204, "delta": 22.74721908569336}, "costs": {"total_cost": 342.87845312058, "time_cost": 98.072, "final_distance_cost": 1.7767685998668012, "oscillation_cost": 147.5039030750206, "completition_cost": 0.0, "overshoot_cost": 60.8640192866902, "power_cost": 19.28485867919922, "noise_cost": 15.376903479803152, "n_waypoints_completed": 9, "tot_waypoints": 9}}
{"target": -948.7575743935568, "params": {"k_pid_pos": [1.999802827835083, 0.9926523566246033, 0.22270500659942627], "k_pid_alt": [1.9242357015609741, 0.9891245365142822, 0.024694740772247314], "k_pid_att": [100.0, 0.24462024867534637, 0.9937243461608887], "k_pid_yaw": [0.5, 1e-06, 0.1], "k_pid_hsp": [8.642765998840332, 0.8018354177474976, 0.10416215658187866], "k_pid_vsp": [34.598575592041016, 366.1514892578125, 91.8558349609375]}, "datetime": {"datetime": "2025-08-21 10:47:17", "elapsed": 7354.422138929367, "delta": 23.347219467163086}, "costs": {"total_cost": 948.7575743935568, "time_cost": 150, "final_distance_cost": 36.19868594842261, "oscillation_cost": 111.83121430400661, "completition_cost": 555.5555555555555, "overshoot_cost": 55.046656689584836, "power_cost": 22.579693005371094, "noise_cost": 17.545768890616113, "n_waypoints_completed": 4, "tot_waypoints": 9}}
{"target": -1075.5122421542046, "params": {"k_pid_pos": [1.9999990463256836, 0.9682298898696899, 0.05541938543319702], "k_pid_alt": [1.9675426483154297, 0.9999556541442871, 0.09325447678565979], "k_pid_att": [99.99996185302734, 2.9191644191741943, 0.9841898083686829], "k_pid_yaw": [0.5, 1e-06, 0.1], "k_pid_hsp": [9.43742847442627, 0.8399533033370972, 0.0478380024433136], "k_pid_vsp": [38.712562561035156, 361.7485046386719, 1.6892800331115723]}, "datetime": {"datetime": "2025-08-21 10:47:41", "elapsed": 7377.724981546402, "delta": 23.302842617034912}, "costs": {"total_cost": 1075.5122421542046, "time_cost": 150, "final_distance_cost": 84.37698200746428, "oscillation_cost": 92.55181631350409, "completition_cost": 666.6666666666667, "overshoot_cost": 44.69226084129751, "power_cost": 21.84251706542969, "noise_cost": 15.381999259842456, "n_waypoints_completed": 3, "tot_waypoints": 9}}
{"target": -1290.571527170502, "params": {"k_pid_pos": [2.0, 0.87214195728302, 1.0132789611816406e-06], "k_pid_alt": [1.978020429611206, 1.0, 0.07230818271636963], "k_pid_att": [100.0, 0.807050883769989, 0.9114475846290588], "k_pid_yaw": [0.5, 1e-06, 0.1], "k_pid_hsp": [9.582642555236816, 0.9959901571273804, 0.029082149267196655], "k_pid_vsp": [13.030719757080078, 279.6142883300781, 60.26747131347656]}, "datetime": {"datetime": "2025-08-21 10:48:04", "elapsed": 7400.982434272766, "delta": 23.257452726364136}, "costs": {"total_cost": 1290.571527170502, "time_cost": 150, "final_distance_cost": 51.13799140180924, "oscillation_cost": 71.60371029977486, "completition_cost": 888.8888888888888, "overshoot_cost": 60.80756161659403, "power_cost": 30.716155004882815, "noise_cost": 37.417219958552195, "n_waypoints_completed": 1, "tot_waypoints": 9}}
{"target": -1230.5956249575745, "params": {"k_pid_pos": [2.0, 0.9484061598777771, 0.12414386868476868], "k_pid_alt": [1.9832110404968262, 0.016346365213394165, 0.24945086240768433], "k_pid_att": [99.72056579589844, 1.101884365081787, 0.9933244585990906], "k_pid_yaw": [0.5, 1e-06, 0.1], "k_pid_hsp": [6.015722751617432, 0.8807365894317627, 0.16859197616577148], "k_pid_vsp": [5.040633678436279, 327.6075439453125, 11.163187980651855]}, "datetime": {"datetime": "2025-08-21 10:48:28", "elapsed": 7424.750154018402, "delta": 23.767719745635986}, "costs": {"total_cost": 1230.5956249575745, "time_cost": 150, "final_distance_cost": 82.1437122607455, "oscillation_cost": 140.8224210102682, "completition_cost": 777.7777777777778, "overshoot_cost": 45.72062919258775, "power_cost": 19.735671289062502, "noise_cost": 14.39541342713271, "n_waypoints_completed": 2, "tot_waypoints": 9}}
{"target": -1369.7271011297473, "params": {"k_pid_pos": [2.0, 0.9756386876106262, 0.0], "k_pid_alt": [1.9882285594940186, 1.0, 0.013220161199569702], "k_pid_att": [100.0, 0.7479883432388306, 0.9363149404525757], "k_pid_yaw": [0.5, 1e-06, 0.1], "k_pid_hsp": [9.785183906555176, 0.9393389225006104, 0.029463082551956177], "k_pid_vsp": [4.501521587371826, 188.246337890625, 114.9516830444336]}, "datetime": {"datetime": "2025-08-21 10:48:51", "elapsed": 7447.935025215149, "delta": 23.184871196746826}, "costs": {"total_cost": 1369.7271011297473, "time_cost": 150, "final_distance_cost": 40.477254825095486, "oscillation_cost": 80.7604108350042, "completition_cost": 1000.0, "overshoot_cost": 61.39999083301203, "power_cost": 17.378964184570314, "noise_cost": 19.710480452065347, "n_waypoints_completed": 0, "tot_waypoints": 9}}
{"target": -1396.5987751373798, "params": {"k_pid_pos": [0.0005400986992754042, 0.9680901169776917, 0.003229677677154541], "k_pid_alt": [1.7959023714065552, 0.999771237373352, 0.014366298913955688], "k_pid_att": [99.99998474121094, 3.2460732460021973, 0.9900916814804077], "k_pid_yaw": [0.5, 1e-06, 0.1], "k_pid_hsp": [9.309779167175293, 0.9737263321876526, 0.17016363143920898], "k_pid_vsp": [15.88331413269043, 344.9675598144531, 75.41630554199219]}, "datetime": {"datetime": "2025-08-21 10:49:14", "elapsed": 7470.92883515358, "delta": 22.993809938430786}, "costs": {"total_cost": 1396.5987751373798, "time_cost": 150, "final_distance_cost": 50.55306518386477, "oscillation_cost": 96.90065735751162, "completition_cost": 1000.0, "overshoot_cost": 52.54643920044995, "power_cost": 27.771823461914064, "noise_cost": 18.8267899336395, "n_waypoints_completed": 0, "tot_waypoints": 9}}
{"target": -1199.662504947915, "params": {"k_pid_pos": [0.002432391978800297, 0.982426643371582, 1.0], "k_pid_alt": [1.8632490634918213, 0.9999018907546997, 0.12233775854110718], "k_pid_att": [99.97374725341797, 0.8425140976905823, 0.9862659573554993], "k_pid_yaw": [0.5, 1e-06, 0.1], "k_pid_hsp": [9.06775951385498, 0.839877188205719, 0.06912115216255188], "k_pid_vsp": [11.179399490356445, 393.0163269042969, 10.63599681854248]}, "datetime": {"datetime": "2025-08-21 10:49:37", "elapsed": 7493.8371748924255, "delta": 22.908339738845825}, "costs": {"total_cost": 1199.662504947915, "time_cost": 150, "final_distance_cost": 63.34505297028689, "oscillation_cost": 219.41207748205562, "completition_cost": 666.6666666666667, "overshoot_cost": 67.24988455695852, "power_cost": 19.134453149414064, "noise_cost": 13.854370122533503, "n_waypoints_completed": 3, "tot_waypoints": 9}}
{"target": -1368.1429895460758, "params": {"k_pid_pos": [9.999999747378752e-05, 0.8201959729194641, 0.0], "k_pid_alt": [1.864453673362732, 1.0, 0.09437763690948486], "k_pid_att": [100.0, 0.16029153764247894, 0.9696950316429138], "k_pid_yaw": [0.5, 1e-06, 0.1], "k_pid_hsp": [8.031952857971191, 0.9763261675834656, 0.06143614649772644], "k_pid_vsp": [24.910402297973633, 297.46600341796875, 62.31056594848633]}, "datetime": {"datetime": "2025-08-21 10:50:00", "elapsed": 7517.421448945999, "delta": 23.58427405357361}, "costs": {"total_cost": 1368.1429895460758, "time_cost": 150, "final_distance_cost": 46.95368070422916, "oscillation_cost": 102.23062521581227, "completition_cost": 1000.0, "overshoot_cost": 32.38106917206521, "power_cost": 21.106006787109376, "noise_cost": 15.471607666859716, "n_waypoints_completed": 0, "tot_waypoints": 9}}
{"target": -694.8823088395487, "params": {"k_pid_pos": [1.9764530658721924, 0.8344849348068237, 0.9999845027923584], "k_pid_alt": [1.9849321842193604, 1.0, 0.030077368021011353], "k_pid_att": [100.0, 0.09720542281866074, 0.7406058311462402], "k_pid_yaw": [0.5, 1e-06, 0.1], "k_pid_hsp": [9.651267051696777, 0.43970969319343567, 0.027859359979629517], "k_pid_vsp": [57.5780143737793, 377.5827331542969, 7.112980842590332]}, "datetime": {"datetime": "2025-08-21 10:50:23", "elapsed": 7540.389446735382, "delta": 22.967997789382935}, "costs": {"total_cost": 694.8823088395487, "time_cost": 150, "final_distance_cost": 71.87151431121104, "oscillation_cost": 164.24359953975554, "completition_cost": 222.2222222222222, "overshoot_cost": 52.094255877334085, "power_cost": 18.846709143066406, "noise_cost": 15.60400774595947, "n_waypoints_completed": 7, "tot_waypoints": 9}}
{"target": -1160.3151490629675, "params": {"k_pid_pos": [2.0, 0.917041540145874, 0.00046500563621520996], "k_pid_alt": [1.778056025505066, 0.9999251961708069, 0.0022089779376983643], "k_pid_att": [99.9784927368164, 0.06781616061925888, 0.9747742414474487], "k_pid_yaw": [0.5, 1e-06, 0.1], "k_pid_hsp": [9.743270874023438, 0.9498609900474548, 0.020812183618545532], "k_pid_vsp": [27.840316772460938, 205.81002807617188, 64.60299682617188]}, "datetime": {"datetime": "2025-08-21 10:50:48", "elapsed": 7564.524124145508, "delta": 24.134677410125732}, "costs": {"total_cost": 1160.3151490629675, "time_cost": 150, "final_distance_cost": 81.46942303525427, "oscillation_cost": 65.639649277847, "completition_cost": 777.7777777777778, "overshoot_cost": 44.055774165679395, "power_cost": 23.980149621582033, "noise_cost": 17.392375184826925, "n_waypoints_completed": 2, "tot_waypoints": 9}}
{"target": -1406.1944538065673, "params": {"k_pid_pos": [9.999999747378752e-05, 0.9468752145767212, 0.008113056421279907], "k_pid_alt": [1.9877493381500244, 1.0, 0.051658838987350464], "k_pid_att": [100.0, 2.4158599376678467, 0.937573254108429], "k_pid_yaw": [0.5, 1e-06, 0.1], "k_pid_hsp": [6.93309211730957, 0.9562775492668152, 0.2095705270767212], "k_pid_vsp": [57.452117919921875, 364.4677734375, 3.8873443603515625]}, "datetime": {"datetime": "2025-08-21 10:51:12", "elapsed": 7589.350133657455, "delta": 24.826009511947632}, "costs": {"total_cost": 1406.1944538065673, "time_cost": 150, "final_distance_cost": 45.7481375148724, "oscillation_cost": 128.26350055382156, "completition_cost": 1000.0, "overshoot_cost": 41.94533842663723, "power_cost": 23.323442016601565, "noise_cost": 16.914035294634374, "n_waypoints_completed": 0, "tot_waypoints": 9}}
{"target": -1041.9726318148882, "params": {"k_pid_pos": [2.0, 0.9839257001876831, 0.0], "k_pid_alt": [1.9820832014083862, 1.0, 0.056139469146728516], "k_pid_att": [100.0, 0.5193454623222351, 0.9602656364440918], "k_pid_yaw": [0.5, 1e-06, 0.1], "k_pid_hsp": [9.633430480957031, 0.9940771460533142, 0.051438212394714355], "k_pid_vsp": [23.557531356811523, 167.3993377685547, 25.561429977416992]}, "datetime": {"datetime": "2025-08-21 10:51:36", "elapsed": 7613.192804098129, "delta": 23.842670440673828}, "costs": {"total_cost": 1041.9726318148882, "time_cost": 150, "final_distance_cost": 50.721360531817425, "oscillation_cost": 84.01592824242816, "completition_cost": 666.6666666666667, "overshoot_cost": 50.87572058978493, "power_cost": 23.142900927734377, "noise_cost": 16.550054856456704, "n_waypoints_completed": 3, "tot_waypoints": 9}}
{"target": -863.4940809657594, "params": {"k_pid_pos": [2.0, 0.9422332048416138, 2.4437904357910156e-06], "k_pid_alt": [1.5053484439849854, 0.0003120899200439453, 0.014758139848709106], "k_pid_att": [99.99991607666016, 0.08852647989988327, 0.9560760259628296], "k_pid_yaw": [0.5, 1e-06, 0.1], "k_pid_hsp": [9.846781730651855, 0.8343560695648193, 0.06660240888595581], "k_pid_vsp": [20.584796905517578, 267.2899169921875, 35.82029342651367]}, "datetime": {"datetime": "2025-08-21 10:52:00", "elapsed": 7636.510656833649, "delta": 23.31785273551941}, "costs": {"total_cost": 863.4940809657594, "time_cost": 150, "final_distance_cost": 61.092325959122476, "oscillation_cost": 122.65414269008399, "completition_cost": 444.4444444444444, "overshoot_cost": 48.627093918849596, "power_cost": 21.252238244628906, "noise_cost": 15.423835708630095, "n_waypoints_completed": 5, "tot_waypoints": 9}}
{"target": -898.3821029734611, "params": {"k_pid_pos": [2.0, 0.9939095377922058, 0.34851500391960144], "k_pid_alt": [1.6955021619796753, 1.0, 0.05937954783439636], "k_pid_att": [100.0, 0.8957045078277588, 0.9621970653533936], "k_pid_yaw": [0.5, 1e-06, 0.1], "k_pid_hsp": [9.74581241607666, 0.9475167989730835, 0.14996111392974854], "k_pid_vsp": [10.994505882263184, 277.972412109375, 8.90821361541748]}, "datetime": {"datetime": "2025-08-21 10:52:23", "elapsed": 7660.045316457748, "delta": 23.53465962409973}, "costs": {"total_cost": 898.3821029734611, "time_cost": 150, "final_distance_cost": 45.09057753046283, "oscillation_cost": 169.41432993680868, "completition_cost": 444.4444444444444, "overshoot_cost": 52.74289975692953, "power_cost": 20.64159890136719, "noise_cost": 16.04825240344843, "n_waypoints_completed": 5, "tot_waypoints": 9}}
{"target": -721.5589770328377, "params": {"k_pid_pos": [2.0, 0.972906231880188, 0.9999750256538391], "k_pid_alt": [1.7794451713562012, 0.9999997615814209, 0.015722006559371948], "k_pid_att": [100.0, 0.5619352459907532, 0.964235782623291], "k_pid_yaw": [0.5, 1e-06, 0.1], "k_pid_hsp": [9.706737518310547, 0.9806000590324402, 0.015667080879211426], "k_pid_vsp": [3.2178521156311035, 385.0444641113281, 82.36064910888672]}, "datetime": {"datetime": "2025-08-21 10:52:47", "elapsed": 7683.529670238495, "delta": 23.48435378074646}, "costs": {"total_cost": 721.5589770328377, "time_cost": 150, "final_distance_cost": 70.5937439457382, "oscillation_cost": 192.8455013248353, "completition_cost": 222.2222222222222, "overshoot_cost": 50.67397918690628, "power_cost": 19.386540185546878, "noise_cost": 15.836990167588718, "n_waypoints_completed": 7, "tot_waypoints": 9}}
