{"target": -1217.6777342417543, "params": {"k_pid_pos": [2.0, 0.9921244382858276, 0.0], "k_pid_alt": [1.9447355270385742, 0.9999769330024719, 0.01688113808631897], "k_pid_att": [100.0, 0.6727275252342224, 0.987080454826355], "k_pid_yaw": [0.5, 1e-06, 0.1], "k_pid_hsp": [9.915990829467773, 0.9531949758529663, 0.1780197024345398], "k_pid_vsp": [18.298709869384766, 372.6686096191406, 20.363988876342773]}, "datetime": {"datetime": "2025-08-21 13:39:00", "elapsed": 17656.626514673233, "delta": 23.492234706878662}, "costs": {"total_cost": 1217.6777342417543, "time_cost": 150, "final_distance_cost": 81.06877149643174, "oscillation_cost": 115.58038801801847, "completition_cost": 777.7777777777778, "overshoot_cost": 50.82542720469031, "power_cost": 25.21880211181641, "noise_cost": 17.206567633019368, "n_waypoints_completed": 2, "tot_waypoints": 9}}
{"target": -3624.210001392833, "params": {"k_pid_pos": [2.0, 0.841508150100708, 0.0], "k_pid_alt": [1.9252872467041016, 0.9999952912330627, 0.08332046866416931], "k_pid_att": [0.11719763278961182, 1.1416486501693726, 0.9815489649772644], "k_pid_yaw": [0.5, 1e-06, 0.1], "k_pid_hsp": [9.665640830993652, 0.9622131586074829, 0.012261569499969482], "k_pid_vsp": [7.961606979370117, 399.82958984375, 0.39777857065200806]}, "datetime": {"datetime": "2025-08-21 13:39:23", "elapsed": 17680.19029211998, "delta": 23.563777446746826}, "costs": {"total_cost": 3624.210001392833, "time_cost": 150, "final_distance_cost": 501.9660197870165, "oscillation_cost": 769.3317888376848, "completition_cost": 1000.0, "overshoot_cost": 1075.1510268132165, "power_cost": 35.467852990722655, "noise_cost": 92.29331296419262, "n_waypoints_completed": 0, "tot_waypoints": 9}}
{"target": -674.2088077639035, "params": {"k_pid_pos": [2.0, 0.9823084473609924, 0.9999381303787231], "k_pid_alt": [1.9793975353240967, 1.0, 0.040758877992630005], "k_pid_att": [100.0, 0.08902715146541595, 0.8914573192596436], "k_pid_yaw": [0.5, 1e-06, 0.1], "k_pid_hsp": [9.849791526794434, 0.989133358001709, 0.009307026863098145], "k_pid_vsp": [1.8473386764526367, 378.0047302246094, 16.246225357055664]}, "datetime": {"datetime": "2025-08-21 13:39:46", "elapsed": 17703.030069112778, "delta": 22.83977699279785}, "costs": {"total_cost": 674.2088077639035, "time_cost": 150, "final_distance_cost": 64.19704637613998, "oscillation_cost": 142.82998893116144, "completition_cost": 222.2222222222222, "overshoot_cost": 53.458067489046456, "power_cost": 24.096372985839846, "noise_cost": 17.405109759493623, "n_waypoints_completed": 7, "tot_waypoints": 9}}
{"target": -1189.6968624291821, "params": {"k_pid_pos": [2.0, 0.738377571105957, 2.5838613510131836e-05], "k_pid_alt": [1.984494686126709, 1.0, 0.015680521726608276], "k_pid_att": [100.0, 1.1953468322753906, 0.8166865706443787], "k_pid_yaw": [0.5, 1e-06, 0.1], "k_pid_hsp": [9.877673149108887, 0.9892346858978271, 0.01066446304321289], "k_pid_vsp": [1.9037127494812012, 389.9256286621094, 7.222724914550781]}, "datetime": {"datetime": "2025-08-21 13:40:10", "elapsed": 17726.830727815628, "delta": 23.800658702850342}, "costs": {"total_cost": 1189.6968624291821, "time_cost": 150, "final_distance_cost": 90.99849901185762, "oscillation_cost": 80.66252305729809, "completition_cost": 777.7777777777778, "overshoot_cost": 47.650358379588525, "power_cost": 25.48999071044922, "noise_cost": 17.117713492210772, "n_waypoints_completed": 2, "tot_waypoints": 9}}
{"target": -1086.5245870698222, "params": {"k_pid_pos": [2.0, 0.9929723143577576, 0.0], "k_pid_alt": [1.671841025352478, 0.9999053478240967, 0.007076680660247803], "k_pid_att": [99.99952697753906, 0.4962241053581238, 0.9566022753715515], "k_pid_yaw": [0.5, 1e-06, 0.1], "k_pid_hsp": [9.753655433654785, 0.985000729560852, 0.07545489072799683], "k_pid_vsp": [35.10718536376953, 350.2696228027344, 2.991558074951172]}, "datetime": {"datetime": "2025-08-21 13:40:33", "elapsed": 17750.27713561058, "delta": 23.446407794952393}, "costs": {"total_cost": 1086.5245870698222, "time_cost": 150, "final_distance_cost": 54.63019679235845, "oscillation_cost": 119.07647938742065, "completition_cost": 666.6666666666667, "overshoot_cost": 58.92074667114005, "power_cost": 20.71475240478516, "noise_cost": 16.515745147451025, "n_waypoints_completed": 3, "tot_waypoints": 9}}
{"target": -1360.0012077610095, "params": {"k_pid_pos": [2.0, 0.9770982265472412, 0.0], "k_pid_alt": [1.980409026145935, 1.0, 0.0039331912994384766], "k_pid_att": [100.0, 0.5174700021743774, 0.9925655126571655], "k_pid_yaw": [0.5, 1e-06, 0.1], "k_pid_hsp": [9.173718452453613, 0.9612246155738831, 0.03372830152511597], "k_pid_vsp": [8.74520492553711, 334.0949401855469, 12.429274559020996]}, "datetime": {"datetime": "2025-08-21 13:40:57", "elapsed": 17773.997175455093, "delta": 23.72003984451294}, "costs": {"total_cost": 1360.0012077610095, "time_cost": 150, "final_distance_cost": 48.62929124490242, "oscillation_cost": 86.49098364081432, "completition_cost": 1000.0, "overshoot_cost": 37.977091886525926, "power_cost": 21.774377758789065, "noise_cost": 15.129463229977754, "n_waypoints_completed": 0, "tot_waypoints": 9}}
{"target": -834.5464408871381, "params": {"k_pid_pos": [1.9675040245056152, 0.9963220953941345, 0.0], "k_pid_alt": [1.976985216140747, 0.9999951124191284, 0.024186700582504272], "k_pid_att": [100.0, 0.4302161931991577, 0.9402735233306885], "k_pid_yaw": [0.5, 1e-06, 0.1], "k_pid_hsp": [9.808857917785645, 0.9804249405860901, 0.007474660873413086], "k_pid_vsp": [20.370269775390625, 359.9372253417969, 5.108726978302002]}, "datetime": {"datetime": "2025-08-21 13:41:20", "elapsed": 17797.35644340515, "delta": 23.359267950057983}, "costs": {"total_cost": 834.5464408871381, "time_cost": 150, "final_distance_cost": 49.140475750780475, "oscillation_cost": 98.21849042814907, "completition_cost": 444.4444444444444, "overshoot_cost": 65.76937217714489, "power_cost": 14.98213778076172, "noise_cost": 11.991520305857565, "n_waypoints_completed": 5, "tot_waypoints": 9}}
{"target": -1101.2600984830422, "params": {"k_pid_pos": [2.0, 0.9872785806655884, 0.0], "k_pid_alt": [1.978957176208496, 1.0, 0.03271061182022095], "k_pid_att": [100.0, 0.8614470362663269, 0.9809495210647583], "k_pid_yaw": [0.5, 1e-06, 0.1], "k_pid_hsp": [9.810928344726562, 0.9677927494049072, 0.3795011043548584], "k_pid_vsp": [7.010400295257568, 387.6467590332031, 16.703548431396484]}, "datetime": {"datetime": "2025-08-21 13:41:44", "elapsed": 17820.548426628113, "delta": 23.191983222961426}, "costs": {"total_cost": 1101.2600984830422, "time_cost": 150, "final_distance_cost": 54.76605287623792, "oscillation_cost": 140.24901570567505, "completition_cost": 666.6666666666667, "overshoot_cost": 53.522620888409705, "power_cost": 21.132203125, "noise_cost": 14.923539221052698, "n_waypoints_completed": 3, "tot_waypoints": 9}}
{"target": -1394.7170830533005, "params": {"k_pid_pos": [2.0, 0.99399733543396, 0.0], "k_pid_alt": [1.995297908782959, 0.9999998807907104, 0.015871822834014893], "k_pid_att": [100.0, 0.04590601101517677, 0.9762358069419861], "k_pid_yaw": [0.5, 1e-06, 0.1], "k_pid_hsp": [9.9011812210083, 0.9790111184120178, 0.06453025341033936], "k_pid_vsp": [15.238655090332031, 393.05572509765625, 19.8753604888916]}, "datetime": {"datetime": "2025-08-21 13:42:07", "elapsed": 17844.000487327576, "delta": 23.45206069946289}, "costs": {"total_cost": 1394.7170830533005, "time_cost": 150, "final_distance_cost": 50.004629266699155, "oscillation_cost": 123.07369479375883, "completition_cost": 1000.0, "overshoot_cost": 42.179565577452266, "power_cost": 16.728847583007813, "noise_cost": 12.730345832382417, "n_waypoints_completed": 0, "tot_waypoints": 9}}
{"target": -570.3442669561955, "params": {"k_pid_pos": [1.9999585151672363, 0.9920203685760498, 0.9895956516265869], "k_pid_alt": [1.9836481809616089, 1.0, 0.00876423716545105], "k_pid_att": [100.0, 0.5405808687210083, 0.9927148818969727], "k_pid_yaw": [0.5, 1e-06, 0.1], "k_pid_hsp": [9.799522399902344, 0.9963602423667908, 0.04034900665283203], "k_pid_vsp": [15.540766716003418, 386.5925598144531, 6.345606803894043]}, "datetime": {"datetime": "2025-08-21 13:42:30", "elapsed": 17867.228145360947, "delta": 23.22765803337097}, "costs": {"total_cost": 570.3442669561955, "time_cost": 150, "final_distance_cost": 45.57439044665985, "oscillation_cost": 166.5834877094333, "completition_cost": 111.11111111111116, "overshoot_cost": 55.602656994252754, "power_cost": 23.40529656982422, "noise_cost": 18.06732412491424, "n_waypoints_completed": 8, "tot_waypoints": 9}}
{"target": -333.1132585610345, "params": {"k_pid_pos": [2.0, 0.9387532472610474, 0.9999880790710449], "k_pid_alt": [1.9767805337905884, 1.0, 0.018321305513381958], "k_pid_att": [100.0, 0.0806325227022171, 0.9965164065361023], "k_pid_yaw": [0.5, 1e-06, 0.1], "k_pid_hsp": [9.907514572143555, 0.993704080581665, 0.004512816667556763], "k_pid_vsp": [18.709171295166016, 398.4851379394531, 7.260335445404053]}, "datetime": {"datetime": "2025-08-21 13:42:53", "elapsed": 17890.221885442734, "delta": 22.99374008178711}, "costs": {"total_cost": 333.1132585610345, "time_cost": 98.432, "final_distance_cost": 1.7325428115193557, "oscillation_cost": 137.44725123055264, "completition_cost": 0.0, "overshoot_cost": 57.866347126524445, "power_cost": 20.89898623046875, "noise_cost": 16.73613116196932, "n_waypoints_completed": 9, "tot_waypoints": 9}}
{"target": -1158.6178621671029, "params": {"k_pid_pos": [2.0, 0.9770001173019409, 1.1742115020751953e-05], "k_pid_alt": [1.9706517457962036, 0.9804415702819824, 0.05958843231201172], "k_pid_att": [99.99878692626953, 0.14368437230587006, 0.9915661215782166], "k_pid_yaw": [0.5, 1e-06, 0.1], "k_pid_hsp": [8.759238243103027, 0.990460991859436, 0.005916386842727661], "k_pid_vsp": [15.941166877746582, 369.1116027832031, 8.8779935836792]}, "datetime": {"datetime": "2025-08-21 13:43:17", "elapsed": 17914.067066907883, "delta": 23.845181465148926}, "costs": {"total_cost": 1158.6178621671029, "time_cost": 150, "final_distance_cost": 82.64616486561442, "oscillation_cost": 66.30078873170909, "completition_cost": 777.7777777777778, "overshoot_cost": 41.72039784375526, "power_cost": 23.766808837890625, "noise_cost": 16.40592411035547, "n_waypoints_completed": 2, "tot_waypoints": 9}}
{"target": -935.8533546248623, "params": {"k_pid_pos": [2.0, 0.8917604088783264, 0.0], "k_pid_alt": [1.9856563806533813, 1.0, 0.021962910890579224], "k_pid_att": [100.0, 0.11149817705154419, 0.9324737787246704], "k_pid_yaw": [0.5, 1e-06, 0.1], "k_pid_hsp": [9.242141723632812, 0.8791300654411316, 0.03107932209968567], "k_pid_vsp": [1.1851191520690918, 395.6906433105469, 14.848864555358887]}, "datetime": {"datetime": "2025-08-21 13:43:41", "elapsed": 17937.760182380676, "delta": 23.69311547279358}, "costs": {"total_cost": 935.8533546248623, "time_cost": 150, "final_distance_cost": 50.87548005847024, "oscillation_cost": 86.93591470417965, "completition_cost": 555.5555555555555, "overshoot_cost": 51.53683583336974, "power_cost": 23.76195595703125, "noise_cost": 17.187612516255857, "n_waypoints_completed": 4, "tot_waypoints": 9}}
{"target": -1266.1690292034582, "params": {"k_pid_pos": [2.0, 0.9810643196105957, 0.0], "k_pid_alt": [1.847874641418457, 1.0, 0.002706170082092285], "k_pid_att": [100.0, 0.9985208511352539, 0.9840540289878845], "k_pid_yaw": [0.5, 1e-06, 0.1], "k_pid_hsp": [8.927502632141113, 0.9632679224014282, 0.021813899278640747], "k_pid_vsp": [4.056739807128906, 355.29119873046875, 16.772249221801758]}, "datetime": {"datetime": "2025-08-21 13:44:04", "elapsed": 17960.728892564774, "delta": 22.96871018409729}, "costs": {"total_cost": 1266.1690292034582, "time_cost": 150, "final_distance_cost": 62.88221797069031, "oscillation_cost": 71.61908042567084, "completition_cost": 888.8888888888888, "overshoot_cost": 48.23193473789963, "power_cost": 26.687164306640625, "noise_cost": 17.859742873668, "n_waypoints_completed": 1, "tot_waypoints": 9}}
{"target": -1164.6719927874235, "params": {"k_pid_pos": [1.6993283033370972, 0.9871559739112854, 8.77678394317627e-05], "k_pid_alt": [1.968945026397705, 1.0, 0.00940018892288208], "k_pid_att": [100.0, 0.13013070821762085, 0.9955843687057495], "k_pid_yaw": [0.5, 1e-06, 0.1], "k_pid_hsp": [8.722942352294922, 0.6558772921562195, 0.025093436241149902], "k_pid_vsp": [18.91918182373047, 391.7767333984375, 12.857414245605469]}, "datetime": {"datetime": "2025-08-21 13:44:27", "elapsed": 17983.499846696854, "delta": 22.770954132080078}, "costs": {"total_cost": 1164.6719927874235, "time_cost": 150, "final_distance_cost": 79.57340242885624, "oscillation_cost": 74.75528987871944, "completition_cost": 777.7777777777778, "overshoot_cost": 43.84548149548737, "power_cost": 22.78034481201172, "noise_cost": 15.939696394570957, "n_waypoints_completed": 2, "tot_waypoints": 9}}
{"target": -1273.1942059378139, "params": {"k_pid_pos": [2.0, 0.9923704862594604, 0.0179329514503479], "k_pid_alt": [1.9588353633880615, 1.0, 0.03116530179977417], "k_pid_att": [100.0, 0.024856243282556534, 0.9633798599243164], "k_pid_yaw": [0.5, 1e-06, 0.1], "k_pid_hsp": [9.574164390563965, 0.9821630120277405, 0.0412774384021759], "k_pid_vsp": [6.449472904205322, 389.4815673828125, 89.65303802490234]}, "datetime": {"datetime": "2025-08-21 13:44:50", "elapsed": 18006.811816453934, "delta": 23.311969757080078}, "costs": {"total_cost": 1273.1942059378139, "time_cost": 150, "final_distance_cost": 65.69212199248939, "oscillation_cost": 86.13949619658747, "completition_cost": 888.8888888888888, "overshoot_cost": 39.75884364955896, "power_cost": 24.991493615722657, "noise_cost": 17.723361594566782, "n_waypoints_completed": 1, "tot_waypoints": 9}}
{"target": -1348.3757458863001, "params": {"k_pid_pos": [2.0, 0.9943538308143616, 0.0007345676422119141], "k_pid_alt": [1.7538783550262451, 1.0, 0.017241597175598145], "k_pid_att": [100.0, 0.37755095958709717, 0.966062068939209], "k_pid_yaw": [0.5, 1e-06, 0.1], "k_pid_hsp": [9.810782432556152, 0.9595503211021423, 0.00985175371170044], "k_pid_vsp": [31.237077713012695, 398.5481872558594, 7.184029579162598]}, "datetime": {"datetime": "2025-08-21 13:45:13", "elapsed": 18029.68154025078, "delta": 22.869723796844482}, "costs": {"total_cost": 1348.3757458863001, "time_cost": 150, "final_distance_cost": 43.19827178389059, "oscillation_cost": 85.60632714680092, "completition_cost": 1000.0, "overshoot_cost": 35.453570834179466, "power_cost": 19.996572717285158, "noise_cost": 14.121003404143858, "n_waypoints_completed": 0, "tot_waypoints": 9}}
{"target": -926.1347348736142, "params": {"k_pid_pos": [2.0, 0.9936034679412842, 3.93986701965332e-05], "k_pid_alt": [1.9468214511871338, 1.0, 0.008094698190689087], "k_pid_att": [100.0, 0.43814802169799805, 0.8760831356048584], "k_pid_yaw": [0.5, 1e-06, 0.1], "k_pid_hsp": [9.969924926757812, 0.9620611071586609, 0.011499732732772827], "k_pid_vsp": [6.987738609313965, 357.87750244140625, 33.70425796508789]}, "datetime": {"datetime": "2025-08-21 13:45:36", "elapsed": 18052.72820210457, "delta": 23.046661853790283}, "costs": {"total_cost": 926.1347348736142, "time_cost": 150, "final_distance_cost": 35.24363966216851, "oscillation_cost": 81.08218592446552, "completition_cost": 555.5555555555555, "overshoot_cost": 59.40495090691556, "power_cost": 26.299881555175784, "noise_cost": 18.54852126933314, "n_waypoints_completed": 4, "tot_waypoints": 9}}
{"target": -595.3582776367159, "params": {"k_pid_pos": [1.9999984502792358, 0.9729181528091431, 0.8924984335899353], "k_pid_alt": [1.9978375434875488, 1.0, 0.03884488344192505], "k_pid_att": [100.0, 0.15236182510852814, 0.9881026744842529], "k_pid_yaw": [0.5, 1e-06, 0.1], "k_pid_hsp": [9.673683166503906, 0.9098196029663086, 0.05207502841949463], "k_pid_vsp": [14.306044578552246, 360.8406677246094, 33.08582305908203]}, "datetime": {"datetime": "2025-08-21 13:45:59", "elapsed": 18076.240408182144, "delta": 23.512206077575684}, "costs": {"total_cost": 595.3582776367159, "time_cost": 150, "final_distance_cost": 43.55237246681357, "oscillation_cost": 193.58307926755376, "completition_cost": 111.11111111111116, "overshoot_cost": 57.99781989594271, "power_cost": 22.207551696777344, "noise_cost": 16.9063431985173, "n_waypoints_completed": 8, "tot_waypoints": 9}}
{"target": -1347.4443086532183, "params": {"k_pid_pos": [2.0, 0.9748398661613464, 0.08908829092979431], "k_pid_alt": [1.9945385456085205, 1.0, 0.07917845249176025], "k_pid_att": [83.0997085571289, 0.2652930021286011, 0.9921892285346985], "k_pid_yaw": [0.5, 1e-06, 0.1], "k_pid_hsp": [9.892956733703613, 0.9910088777542114, 0.005967557430267334], "k_pid_vsp": [19.46272850036621, 379.5462341308594, 14.757765769958496]}, "datetime": {"datetime": "2025-08-21 13:46:24", "elapsed": 18100.543124198914, "delta": 24.30271601676941}, "costs": {"total_cost": 1347.4443086532183, "time_cost": 150, "final_distance_cost": 49.5030913213859, "oscillation_cost": 74.66024242279332, "completition_cost": 1000.0, "overshoot_cost": 37.73437740433695, "power_cost": 21.00769356689453, "noise_cost": 14.538903937807692, "n_waypoints_completed": 0, "tot_waypoints": 9}}
{"target": -1412.2220175369216, "params": {"k_pid_pos": [2.0, 0.9946383237838745, 5.498528480529785e-05], "k_pid_alt": [1.8999228477478027, 0.9999999403953552, 0.10548114776611328], "k_pid_att": [1.3880670070648193, 1.011406660079956, 0.9232321977615356], "k_pid_yaw": [0.5, 1e-06, 0.1], "k_pid_hsp": [9.717048645019531, 0.980341911315918, 0.01619619131088257], "k_pid_vsp": [8.49112319946289, 394.05859375, 5.7629475593566895]}, "datetime": {"datetime": "2025-08-21 13:46:47", "elapsed": 18123.576630353928, "delta": 23.033506155014038}, "costs": {"total_cost": 1412.2220175369216, "time_cost": 150, "final_distance_cost": 29.743599606258083, "oscillation_cost": 96.04409342044076, "completition_cost": 1000.0, "overshoot_cost": 73.9355764543859, "power_cost": 33.25875404052734, "noise_cost": 29.23999401530946, "n_waypoints_completed": 0, "tot_waypoints": 9}}
{"target": -1370.6087423375338, "params": {"k_pid_pos": [2.0, 0.9334895014762878, 1.0], "k_pid_alt": [1.8825404644012451, 1.0, 0.010271519422531128], "k_pid_att": [100.0, 0.06812848895788193, 0.9931279420852661], "k_pid_yaw": [0.5, 1e-06, 0.1], "k_pid_hsp": [9.958975791931152, 0.9227844476699829, 0.002791166305541992], "k_pid_vsp": [4.14736270904541, 393.48907470703125, 27.773500442504883]}, "datetime": {"datetime": "2025-08-21 13:47:11", "elapsed": 18147.475935935974, "delta": 23.89930558204651}, "costs": {"total_cost": 1370.6087423375338, "time_cost": 150, "final_distance_cost": 403.87298324317425, "oscillation_cost": 171.7436904550861, "completition_cost": 444.4444444444444, "overshoot_cost": 171.23570772603185, "power_cost": 15.872398254394533, "noise_cost": 13.439518214402675, "n_waypoints_completed": 5, "tot_waypoints": 9}}
{"target": -1266.145574554223, "params": {"k_pid_pos": [0.00010101322550326586, 0.6056452393531799, 7.2479248046875e-05], "k_pid_alt": [1.9416179656982422, 1.0, 0.15228521823883057], "k_pid_att": [100.0, 0.04315200448036194, 0.9344754219055176], "k_pid_yaw": [0.5, 1e-06, 0.1], "k_pid_hsp": [9.912776947021484, 0.9510228633880615, 0.023750662803649902], "k_pid_vsp": [20.83938217163086, 392.4295349121094, 67.4200668334961]}, "datetime": {"datetime": "2025-08-21 13:47:34", "elapsed": 18170.88584136963, "delta": 23.409905433654785}, "costs": {"total_cost": 1266.145574554223, "time_cost": 150, "final_distance_cost": 62.046824122128776, "oscillation_cost": 97.30766447368289, "completition_cost": 888.8888888888888, "overshoot_cost": 31.223363424680294, "power_cost": 21.328963610839846, "noise_cost": 15.349870034002567, "n_waypoints_completed": 1, "tot_waypoints": 9}}
{"target": -1068.0130381314193, "params": {"k_pid_pos": [2.0, 0.9908459186553955, 0.03862878680229187], "k_pid_alt": [1.834484338760376, 1.0, 0.0026815831661224365], "k_pid_att": [100.0, 0.31123101711273193, 0.9527766108512878], "k_pid_yaw": [0.5, 1e-06, 0.1], "k_pid_hsp": [9.925329208374023, 0.9702271223068237, 0.023686468601226807], "k_pid_vsp": [3.434145450592041, 396.32940673828125, 3.2920966148376465]}, "datetime": {"datetime": "2025-08-21 13:47:57", "elapsed": 18194.12496972084, "delta": 23.239128351211548}, "costs": {"total_cost": 1068.0130381314193, "time_cost": 150, "final_distance_cost": 58.09013661798494, "oscillation_cost": 105.9419763092292, "completition_cost": 666.6666666666667, "overshoot_cost": 55.469924095396635, "power_cost": 18.592101904296875, "noise_cost": 13.25223253784491, "n_waypoints_completed": 3, "tot_waypoints": 9}}
{"target": -1001.7492918285502, "params": {"k_pid_pos": [2.0, 0.9566466808319092, 1.0], "k_pid_alt": [1.929067850112915, 0.1254909336566925, 0.016016870737075806], "k_pid_att": [100.0, 0.1463245302438736, 0.9524600505828857], "k_pid_yaw": [0.5, 1e-06, 0.1], "k_pid_hsp": [9.80055046081543, 0.9919424057006836, 0.04237350821495056], "k_pid_vsp": [3.6240458488464355, 343.039306640625, 1.891709327697754]}, "datetime": {"datetime": "2025-08-21 13:48:21", "elapsed": 18218.148517131805, "delta": 24.023547410964966}, "costs": {"total_cost": 1001.7492918285502, "time_cost": 150, "final_distance_cost": 42.448326749828354, "oscillation_cost": 159.96277746485217, "completition_cost": 555.5555555555555, "overshoot_cost": 56.33373504926693, "power_cost": 22.129773828125, "noise_cost": 15.319123180922158, "n_waypoints_completed": 4, "tot_waypoints": 9}}
