{"target": -1193.9076518622724, "params": {"k_pid_pos": [2.0, 0.9941491484642029, 0.0025249123573303223], "k_pid_alt": [1.8888648748397827, 0.9999602437019348, 0.020541727542877197], "k_pid_att": [100.0, 0.01070534810423851, 0.9750503897666931], "k_pid_yaw": [0.5, 1e-06, 0.1], "k_pid_hsp": [8.95848560333252, 0.9253493547439575, 0.09391611814498901], "k_pid_vsp": [7.185077667236328, 386.4012756347656, 1.7604122161865234]}, "datetime": {"datetime": "2025-08-21 11:51:35", "elapsed": 11211.931846380234, "delta": 23.87323784828186}, "costs": {"total_cost": 1193.9076518622724, "time_cost": 150, "final_distance_cost": 75.51773305199521, "oscillation_cost": 107.38019335755786, "completition_cost": 777.7777777777778, "overshoot_cost": 42.63981226879712, "power_cost": 24.162746923828127, "noise_cost": 16.429388482316245, "n_waypoints_completed": 2, "tot_waypoints": 9}}
{"target": -1285.7683477883265, "params": {"k_pid_pos": [2.0, 0.8882826566696167, 0.0], "k_pid_alt": [1.9370105266571045, 0.9999905228614807, 0.007413417100906372], "k_pid_att": [100.0, 0.4262567162513733, 0.9950878620147705], "k_pid_yaw": [0.5, 1e-06, 0.1], "k_pid_hsp": [9.730486869812012, 0.9545278549194336, 0.1587001085281372], "k_pid_vsp": [34.399269104003906, 393.3954772949219, 6.19634485244751]}, "datetime": {"datetime": "2025-08-21 11:51:58", "elapsed": 11235.419582605362, "delta": 23.487736225128174}, "costs": {"total_cost": 1285.7683477883265, "time_cost": 150, "final_distance_cost": 65.78469938440779, "oscillation_cost": 75.72319731499121, "completition_cost": 888.8888888888888, "overshoot_cost": 55.93065737816658, "power_cost": 29.66539694824219, "noise_cost": 19.775507873629664, "n_waypoints_completed": 1, "tot_waypoints": 9}}
{"target": -1182.7470007483282, "params": {"k_pid_pos": [2.0, 0.9620941877365112, 1.0], "k_pid_alt": [1.9419376850128174, 1.0, 0.03374868631362915], "k_pid_att": [100.0, 0.050416845828294754, 0.969115138053894], "k_pid_yaw": [0.5, 1e-06, 0.1], "k_pid_hsp": [6.032083988189697, 0.9600750207901001, 0.010697424411773682], "k_pid_vsp": [33.436309814453125, 393.4593200683594, 11.59533405303955]}, "datetime": {"datetime": "2025-08-21 11:52:22", "elapsed": 11259.07096028328, "delta": 23.65137767791748}, "costs": {"total_cost": 1182.7470007483282, "time_cost": 150, "final_distance_cost": 93.45127017282395, "oscillation_cost": 83.18212371516891, "completition_cost": 777.7777777777778, "overshoot_cost": 43.906443554681886, "power_cost": 20.239216650390627, "noise_cost": 14.190168877485029, "n_waypoints_completed": 2, "tot_waypoints": 9}}
{"target": -1252.3827489502357, "params": {"k_pid_pos": [2.0, 0.9941445589065552, 0.0], "k_pid_alt": [1.978102207183838, 1.0, 0.016783982515335083], "k_pid_att": [100.0, 0.1617068350315094, 0.965166449546814], "k_pid_yaw": [0.5, 1e-06, 0.1], "k_pid_hsp": [9.886504173278809, 0.8740846514701843, 0.006349027156829834], "k_pid_vsp": [8.960866928100586, 389.8531494140625, 7.45594596862793]}, "datetime": {"datetime": "2025-08-21 11:52:45", "elapsed": 11282.16714143753, "delta": 23.0961811542511}, "costs": {"total_cost": 1252.3827489502357, "time_cost": 150, "final_distance_cost": 60.33917001021072, "oscillation_cost": 70.89780762670047, "completition_cost": 888.8888888888888, "overshoot_cost": 41.56054182418416, "power_cost": 24.197815856933595, "noise_cost": 16.498524743317837, "n_waypoints_completed": 1, "tot_waypoints": 9}}
{"target": -1194.3599391849243, "params": {"k_pid_pos": [0.5512117743492126, 0.9391434192657471, 0.0], "k_pid_alt": [1.9825482368469238, 1.0, 0.004256516695022583], "k_pid_att": [86.62732696533203, 0.2298789769411087, 0.8652713894844055], "k_pid_yaw": [0.5, 1e-06, 0.1], "k_pid_hsp": [9.71025562286377, 0.9873623847961426, 0.04052150249481201], "k_pid_vsp": [5.202805995941162, 395.7217102050781, 9.22499942779541]}, "datetime": {"datetime": "2025-08-21 11:53:09", "elapsed": 11305.959579467773, "delta": 23.79243803024292}, "costs": {"total_cost": 1194.3599391849243, "time_cost": 150, "final_distance_cost": 99.57714396669137, "oscillation_cost": 84.08415284868293, "completition_cost": 777.7777777777778, "overshoot_cost": 45.361386796912456, "power_cost": 22.330058068847656, "noise_cost": 15.229419726012075, "n_waypoints_completed": 2, "tot_waypoints": 9}}
{"target": -826.334842424444, "params": {"k_pid_pos": [1.999998688697815, 0.8984008431434631, 0.32639095187187195], "k_pid_alt": [1.9796550273895264, 1.0, 0.0064276158809661865], "k_pid_att": [100.0, 0.13733713328838348, 0.9783467054367065], "k_pid_yaw": [0.5, 1e-06, 0.1], "k_pid_hsp": [9.853134155273438, 0.9575288891792297, 0.0032382607460021973], "k_pid_vsp": [24.360179901123047, 249.20062255859375, 8.145857810974121]}, "datetime": {"datetime": "2025-08-21 11:53:33", "elapsed": 11329.670733451843, "delta": 23.711153984069824}, "costs": {"total_cost": 826.334842424444, "time_cost": 150, "final_distance_cost": 62.982645593568364, "oscillation_cost": 80.56057909111563, "completition_cost": 444.4444444444444, "overshoot_cost": 51.64783483720479, "power_cost": 20.47135753173828, "noise_cost": 16.227980926372606, "n_waypoints_completed": 5, "tot_waypoints": 9}}
{"target": -1338.8510237090318, "params": {"k_pid_pos": [1.9999972581863403, 0.9684933423995972, 0.3204130232334137], "k_pid_alt": [1.9619128704071045, 1.0, 0.2988513112068176], "k_pid_att": [99.05048370361328, 0.4283488094806671, 0.9533586502075195], "k_pid_yaw": [0.5, 1e-06, 0.1], "k_pid_hsp": [9.502140045166016, 0.9866169691085815, 0.011510372161865234], "k_pid_vsp": [17.048418045043945, 338.3843994140625, 182.7683563232422]}, "datetime": {"datetime": "2025-08-21 11:53:56", "elapsed": 11352.921127796173, "delta": 23.250394344329834}, "costs": {"total_cost": 1338.8510237090318, "time_cost": 150, "final_distance_cost": 53.59027764561776, "oscillation_cost": 64.85816135271591, "completition_cost": 888.8888888888888, "overshoot_cost": 108.42138811328473, "power_cost": 23.15366002197266, "noise_cost": 49.938647686551825, "n_waypoints_completed": 1, "tot_waypoints": 9}}
{"target": -928.7460325402045, "params": {"k_pid_pos": [1.9976409673690796, 0.9622485637664795, 5.930662155151367e-06], "k_pid_alt": [1.741505742073059, 1.0, 0.05978047847747803], "k_pid_att": [100.0, 2.2347664833068848, 0.9552359580993652], "k_pid_yaw": [0.5, 1e-06, 0.1], "k_pid_hsp": [9.642752647399902, 0.8140560388565063, 0.012650072574615479], "k_pid_vsp": [73.51953887939453, 369.7795715332031, 52.549861907958984]}, "datetime": {"datetime": "2025-08-21 11:54:20", "elapsed": 11376.71661067009, "delta": 23.795482873916626}, "costs": {"total_cost": 928.7460325402045, "time_cost": 150, "final_distance_cost": 52.79884343218032, "oscillation_cost": 80.33208174659302, "completition_cost": 555.5555555555555, "overshoot_cost": 57.99449791195173, "power_cost": 17.43052725830078, "noise_cost": 14.6345266356232, "n_waypoints_completed": 4, "tot_waypoints": 9}}
{"target": -730.5951101823368, "params": {"k_pid_pos": [2.0, 0.8610758185386658, 1.0], "k_pid_alt": [1.9822566509246826, 0.9994039535522461, 0.017664551734924316], "k_pid_att": [100.0, 0.5044378638267517, 0.9448279142379761], "k_pid_yaw": [0.5, 1e-06, 0.1], "k_pid_hsp": [9.797325134277344, 0.9442034959793091, 0.038736820220947266], "k_pid_vsp": [27.21306037902832, 389.6560363769531, 9.41938304901123]}, "datetime": {"datetime": "2025-08-21 11:54:48", "elapsed": 11404.603615760803, "delta": 27.8870050907135}, "costs": {"total_cost": 730.5951101823368, "time_cost": 150, "final_distance_cost": 72.66412865640065, "oscillation_cost": 191.7661492325716, "completition_cost": 222.2222222222222, "overshoot_cost": 52.77937706927823, "power_cost": 23.256502246093753, "noise_cost": 17.9067307557705, "n_waypoints_completed": 7, "tot_waypoints": 9}}
{"target": -1073.569936762085, "params": {"k_pid_pos": [0.26092329621315, 0.8071548938751221, 0.9999988675117493], "k_pid_alt": [1.9248411655426025, 1.0, 0.019870400428771973], "k_pid_att": [100.0, 0.2211425006389618, 0.8731055855751038], "k_pid_yaw": [0.5, 1e-06, 0.1], "k_pid_hsp": [9.818041801452637, 0.9913014769554138, 0.03497922420501709], "k_pid_vsp": [10.725069046020508, 334.1278991699219, 21.738256454467773]}, "datetime": {"datetime": "2025-08-21 11:55:12", "elapsed": 11428.630653142929, "delta": 24.027037382125854}, "costs": {"total_cost": 1073.569936762085, "time_cost": 150, "final_distance_cost": 44.422554332636466, "oscillation_cost": 231.4864287096641, "completition_cost": 555.5555555555555, "overshoot_cost": 53.51020489648053, "power_cost": 21.48566826171875, "noise_cost": 17.109525006029823, "n_waypoints_completed": 4, "tot_waypoints": 9}}
{"target": -1162.1292360245038, "params": {"k_pid_pos": [0.014948383904993534, 0.9916282892227173, 0.9993402361869812], "k_pid_alt": [1.8307459354400635, 0.867904782295227, 0.0029102563858032227], "k_pid_att": [99.99999237060547, 0.1768665313720703, 0.9900439977645874], "k_pid_yaw": [0.5, 1e-06, 0.1], "k_pid_hsp": [9.60272216796875, 0.9001210927963257, 0.023369550704956055], "k_pid_vsp": [4.771530628204346, 387.7358703613281, 2.701498031616211]}, "datetime": {"datetime": "2025-08-21 11:55:35", "elapsed": 11451.838116884232, "delta": 23.20746374130249}, "costs": {"total_cost": 1162.1292360245038, "time_cost": 150, "final_distance_cost": 48.9738350854768, "oscillation_cost": 194.36677974148859, "completition_cost": 666.6666666666667, "overshoot_cost": 63.553275671984665, "power_cost": 21.780044750976565, "noise_cost": 16.788634107910696, "n_waypoints_completed": 3, "tot_waypoints": 9}}
{"target": -1125.1783328058807, "params": {"k_pid_pos": [2.0, 0.9720317125320435, 0.29001468420028687], "k_pid_alt": [1.8761630058288574, 1.0, 0.054055243730545044], "k_pid_att": [100.0, 0.20779894292354584, 0.9682721495628357], "k_pid_yaw": [0.5, 1e-06, 0.1], "k_pid_hsp": [9.893326759338379, 0.9979695081710815, 0.11100342869758606], "k_pid_vsp": [28.905332565307617, 395.6353759765625, 4.073024749755859]}, "datetime": {"datetime": "2025-08-21 11:55:58", "elapsed": 11475.112629413605, "delta": 23.27451252937317}, "costs": {"total_cost": 1125.1783328058807, "time_cost": 150, "final_distance_cost": 73.24622837165076, "oscillation_cost": 149.409816392107, "completition_cost": 666.6666666666667, "overshoot_cost": 54.00137420031791, "power_cost": 18.177330432128908, "noise_cost": 13.676916743009293, "n_waypoints_completed": 3, "tot_waypoints": 9}}
{"target": -1178.7023894436445, "params": {"k_pid_pos": [2.0, 0.9883609414100647, 2.9802322387695312e-08], "k_pid_alt": [1.928348183631897, 1.0, 0.02803128957748413], "k_pid_att": [100.0, 0.5487454533576965, 0.9840130805969238], "k_pid_yaw": [0.5, 1e-06, 0.1], "k_pid_hsp": [9.982181549072266, 0.9925076961517334, 0.007718443870544434], "k_pid_vsp": [1.3196825981140137, 387.67694091796875, 15.342617988586426]}, "datetime": {"datetime": "2025-08-21 11:56:22", "elapsed": 11498.468705654144, "delta": 23.35607624053955}, "costs": {"total_cost": 1178.7023894436445, "time_cost": 150, "final_distance_cost": 85.72617901028833, "oscillation_cost": 79.54670755145904, "completition_cost": 777.7777777777778, "overshoot_cost": 46.71461731318368, "power_cost": 23.243221484375002, "noise_cost": 15.693886306560739, "n_waypoints_completed": 2, "tot_waypoints": 9}}
{"target": -1283.8244379351622, "params": {"k_pid_pos": [2.0, 0.9771242737770081, 8.940696716308594e-08], "k_pid_alt": [1.9671869277954102, 1.0, 0.08388063311576843], "k_pid_att": [100.0, 0.140585258603096, 0.9814140796661377], "k_pid_yaw": [0.5, 1e-06, 0.1], "k_pid_hsp": [8.627527236938477, 0.958487331867218, 0.019836008548736572], "k_pid_vsp": [11.163675308227539, 340.5151672363281, 19.955303192138672]}, "datetime": {"datetime": "2025-08-21 11:56:45", "elapsed": 11521.60540175438, "delta": 23.136696100234985}, "costs": {"total_cost": 1283.8244379351622, "time_cost": 150, "final_distance_cost": 75.77945260417046, "oscillation_cost": 81.89430596081338, "completition_cost": 888.8888888888888, "overshoot_cost": 50.69000271714236, "power_cost": 21.659427490234375, "noise_cost": 14.912360273912928, "n_waypoints_completed": 1, "tot_waypoints": 9}}
{"target": -1277.2236393298822, "params": {"k_pid_pos": [2.0, 0.9883462190628052, 0.0], "k_pid_alt": [1.917768955230713, 0.9999997615814209, 0.0782785415649414], "k_pid_att": [100.0, 0.26132842898368835, 0.985370397567749], "k_pid_yaw": [0.5, 1e-06, 0.1], "k_pid_hsp": [9.512134552001953, 0.9563186168670654, 0.037097424268722534], "k_pid_vsp": [8.834671974182129, 355.36077880859375, 27.578105926513672]}, "datetime": {"datetime": "2025-08-21 11:57:08", "elapsed": 11544.877116918564, "delta": 23.27171516418457}, "costs": {"total_cost": 1277.2236393298822, "time_cost": 150, "final_distance_cost": 59.858666773227554, "oscillation_cost": 96.14878552608991, "completition_cost": 888.8888888888888, "overshoot_cost": 48.02472514996234, "power_cost": 20.041315466308596, "noise_cost": 14.261257525404869, "n_waypoints_completed": 1, "tot_waypoints": 9}}
{"target": -879.1669801418574, "params": {"k_pid_pos": [1.9928478002548218, 0.9409898519515991, 0.9999988079071045], "k_pid_alt": [1.9819395542144775, 1.0, 0.1380288004875183], "k_pid_att": [99.99993133544922, 0.2587028741836548, 0.9837417602539062], "k_pid_yaw": [0.5, 1e-06, 0.1], "k_pid_hsp": [9.84208869934082, 0.9227424263954163, 0.021535217761993408], "k_pid_vsp": [48.11989212036133, 364.7826232910156, 3.4851560592651367]}, "datetime": {"datetime": "2025-08-21 11:57:31", "elapsed": 11568.03724861145, "delta": 23.160131692886353}, "costs": {"total_cost": 879.1669801418574, "time_cost": 150, "final_distance_cost": 97.47529034262341, "oscillation_cost": 214.04160476094745, "completition_cost": 333.33333333333337, "overshoot_cost": 50.85683471870209, "power_cost": 17.957991137695313, "noise_cost": 15.501925848555691, "n_waypoints_completed": 6, "tot_waypoints": 9}}
{"target": -771.780791390419, "params": {"k_pid_pos": [1.9999998807907104, 0.9510639905929565, 0.9905755519866943], "k_pid_alt": [1.9954206943511963, 1.0, 0.08480328321456909], "k_pid_att": [100.0, 0.05250626429915428, 0.9904122352600098], "k_pid_yaw": [0.5, 1e-06, 0.1], "k_pid_hsp": [9.493500709533691, 0.9494867920875549, 0.02040696144104004], "k_pid_vsp": [4.954540729522705, 395.5279235839844, 102.0063247680664]}, "datetime": {"datetime": "2025-08-21 11:57:54", "elapsed": 11590.948459625244, "delta": 22.911211013793945}, "costs": {"total_cost": 771.780791390419, "time_cost": 150, "final_distance_cost": 59.31492498561992, "oscillation_cost": 124.23074023402113, "completition_cost": 333.33333333333337, "overshoot_cost": 52.94127508997956, "power_cost": 29.507405883789065, "noise_cost": 22.4531118636761, "n_waypoints_completed": 6, "tot_waypoints": 9}}
{"target": -1313.0771725684986, "params": {"k_pid_pos": [1.771769642829895, 0.9911462068557739, 0.0], "k_pid_alt": [1.9698925018310547, 0.017262816429138184, 0.1523483395576477], "k_pid_att": [99.97366333007812, 0.35831913352012634, 0.9947584867477417], "k_pid_yaw": [0.5, 1e-06, 0.1], "k_pid_hsp": [9.471915245056152, 0.9833118915557861, 0.017344921827316284], "k_pid_vsp": [108.10358428955078, 394.6042175292969, 36.37263870239258]}, "datetime": {"datetime": "2025-08-21 11:58:17", "elapsed": 11614.218690395355, "delta": 23.270230770111084}, "costs": {"total_cost": 1313.0771725684986, "time_cost": 150, "final_distance_cost": 45.94749625696069, "oscillation_cost": 53.9445167489506, "completition_cost": 1000.0, "overshoot_cost": 28.979716730609834, "power_cost": 19.17857908935547, "noise_cost": 15.026863742621774, "n_waypoints_completed": 0, "tot_waypoints": 9}}
{"target": -1036.3364691381348, "params": {"k_pid_pos": [2.0, 0.9782584309577942, 2.086162567138672e-07], "k_pid_alt": [1.9877183437347412, 1.0, 0.007461190223693848], "k_pid_att": [100.0, 2.3955554962158203, 0.9840517044067383], "k_pid_yaw": [0.5, 1e-06, 0.1], "k_pid_hsp": [9.949273109436035, 0.9660438299179077, 0.019300013780593872], "k_pid_vsp": [4.997038841247559, 386.9128112792969, 88.30049133300781]}, "datetime": {"datetime": "2025-08-21 11:58:41", "elapsed": 11637.628972291946, "delta": 23.410281896591187}, "costs": {"total_cost": 1036.3364691381348, "time_cost": 150, "final_distance_cost": 52.84514506932288, "oscillation_cost": 78.23618148500843, "completition_cost": 666.6666666666667, "overshoot_cost": 54.27375941932489, "power_cost": 18.705781591796875, "noise_cost": 15.608934906015104, "n_waypoints_completed": 3, "tot_waypoints": 9}}
{"target": -923.8519225620059, "params": {"k_pid_pos": [2.0, 0.9945627450942993, 0.0005826652050018311], "k_pid_alt": [1.9153016805648804, 1.0, 0.05316862463951111], "k_pid_att": [100.0, 0.38280773162841797, 0.9979051351547241], "k_pid_yaw": [0.5, 1e-06, 0.1], "k_pid_hsp": [8.824009895324707, 0.9847286343574524, 0.01403757929801941], "k_pid_vsp": [31.146347045898438, 373.81610107421875, 17.3406982421875]}, "datetime": {"datetime": "2025-08-21 11:59:04", "elapsed": 11661.147587060928, "delta": 23.518614768981934}, "costs": {"total_cost": 923.8519225620059, "time_cost": 150, "final_distance_cost": 48.233068275101765, "oscillation_cost": 80.87236148002962, "completition_cost": 555.5555555555555, "overshoot_cost": 51.72528181163004, "power_cost": 21.15713181152344, "noise_cost": 16.308523628165528, "n_waypoints_completed": 4, "tot_waypoints": 9}}
{"target": -728.0822421204003, "params": {"k_pid_pos": [2.0, 0.9775213003158569, 0.9999792575836182], "k_pid_alt": [1.920650839805603, 1.0, 0.014524132013320923], "k_pid_att": [99.99748229980469, 0.4086541533470154, 0.9938033819198608], "k_pid_yaw": [0.5, 1e-06, 0.1], "k_pid_hsp": [9.765401840209961, 0.9792971611022949, 0.010348200798034668], "k_pid_vsp": [2.573823928833008, 289.80706787109375, 6.9528350830078125]}, "datetime": {"datetime": "2025-08-21 11:59:28", "elapsed": 11684.790058612823, "delta": 23.64247155189514}, "costs": {"total_cost": 728.0822421204003, "time_cost": 150, "final_distance_cost": 76.48136389371213, "oscillation_cost": 189.56997338835046, "completition_cost": 222.2222222222222, "overshoot_cost": 53.89703190942227, "power_cost": 20.37433729248047, "noise_cost": 15.537313414212766, "n_waypoints_completed": 7, "tot_waypoints": 9}}
{"target": -1116.1490967358031, "params": {"k_pid_pos": [2.0, 0.8386750817298889, 7.861852645874023e-05], "k_pid_alt": [1.9380524158477783, 1.0, 0.12643349170684814], "k_pid_att": [100.0, 0.44968974590301514, 0.894352912902832], "k_pid_yaw": [0.5, 1e-06, 0.1], "k_pid_hsp": [9.73548412322998, 0.8969006538391113, 0.19411012530326843], "k_pid_vsp": [8.518636703491211, 395.3163757324219, 5.65463399887085]}, "datetime": {"datetime": "2025-08-21 11:59:52", "elapsed": 11708.697202205658, "delta": 23.907143592834473}, "costs": {"total_cost": 1116.1490967358031, "time_cost": 150, "final_distance_cost": 59.20139365113756, "oscillation_cost": 146.55356953010943, "completition_cost": 666.6666666666667, "overshoot_cost": 54.115272379717446, "power_cost": 22.611447143554688, "noise_cost": 17.0007473646174, "n_waypoints_completed": 3, "tot_waypoints": 9}}
{"target": -717.1534116629746, "params": {"k_pid_pos": [1.990370273590088, 0.9900561571121216, 0.8330835700035095], "k_pid_alt": [1.7854537963867188, 1.0, 0.020220905542373657], "k_pid_att": [63.3115234375, 0.34723156690597534, 0.9390320777893066], "k_pid_yaw": [0.5, 1e-06, 0.1], "k_pid_hsp": [9.306343078613281, 0.9618871212005615, 0.14707407355308533], "k_pid_vsp": [69.52941131591797, 336.67974853515625, 8.749390602111816]}, "datetime": {"datetime": "2025-08-21 12:00:16", "elapsed": 11732.950939178467, "delta": 24.253736972808838}, "costs": {"total_cost": 717.1534116629746, "time_cost": 150, "final_distance_cost": 72.51916508880475, "oscillation_cost": 177.44460417136565, "completition_cost": 222.2222222222222, "overshoot_cost": 52.383143165292225, "power_cost": 23.81486435546875, "noise_cost": 18.76941265982088, "n_waypoints_completed": 7, "tot_waypoints": 9}}
{"target": -990.2991214851678, "params": {"k_pid_pos": [2.0, 0.9737088680267334, 0.7173569202423096], "k_pid_alt": [1.9328745603561401, 1.0, 0.07502472400665283], "k_pid_att": [100.0, 0.3751685917377472, 0.9916507005691528], "k_pid_yaw": [0.5, 1e-06, 0.1], "k_pid_hsp": [9.836974143981934, 0.992239236831665, 0.07700857520103455], "k_pid_vsp": [43.36384582519531, 396.95831298828125, 40.708290100097656]}, "datetime": {"datetime": "2025-08-21 12:00:42", "elapsed": 11758.475440979004, "delta": 25.52450180053711}, "costs": {"total_cost": 990.2991214851678, "time_cost": 150, "final_distance_cost": 42.09513237953093, "oscillation_cost": 154.2515684965783, "completition_cost": 555.5555555555555, "overshoot_cost": 60.832050860007875, "power_cost": 14.587623669433594, "noise_cost": 12.977190524061628, "n_waypoints_completed": 4, "tot_waypoints": 9}}
{"target": -1093.172178661154, "params": {"k_pid_pos": [1.9999831914901733, 0.8777328729629517, 4.9173831939697266e-06], "k_pid_alt": [1.936891794204712, 1.0, 0.0412258505821228], "k_pid_att": [99.96891021728516, 0.5850362777709961, 0.9686759114265442], "k_pid_yaw": [0.5, 1e-06, 0.1], "k_pid_hsp": [9.95256233215332, 0.9172082543373108, 0.10462087392807007], "k_pid_vsp": [4.035055637359619, 374.374755859375, 1.6944537162780762]}, "datetime": {"datetime": "2025-08-21 12:01:07", "elapsed": 11784.352576971054, "delta": 25.87713599205017}, "costs": {"total_cost": 1093.172178661154, "time_cost": 150, "final_distance_cost": 59.11622751262377, "oscillation_cost": 113.96243628826889, "completition_cost": 666.6666666666667, "overshoot_cost": 60.78665004610317, "power_cost": 23.669377502441407, "noise_cost": 18.970820645050132, "n_waypoints_completed": 3, "tot_waypoints": 9}}
