{"target": -546.5879282701535, "params": {"k_pid_pos": [2.0, 0.9840714931488037, 0.9999894499778748], "k_pid_alt": [1.9880292415618896, 1.0, 0.0081920325756073], "k_pid_att": [100.0, 0.6119385361671448, 0.9982975125312805], "k_pid_yaw": [0.5, 1e-06, 0.1], "k_pid_hsp": [9.91374683380127, 0.9902048110961914, 0.008070319890975952], "k_pid_vsp": [11.274206161499023, 396.6480712890625, 10.605622291564941]}, "datetime": {"datetime": "2025-08-21 16:35:28", "elapsed": 28245.01929283142, "delta": 23.29583978652954}, "costs": {"total_cost": 546.5879282701535, "time_cost": 150, "final_distance_cost": 24.686861729294577, "oscillation_cost": 159.42400504000165, "completition_cost": 111.11111111111116, "overshoot_cost": 61.48901560050412, "power_cost": 22.562047619628906, "noise_cost": 17.314887169613172, "n_waypoints_completed": 8, "tot_waypoints": 9}}
{"target": -915.2431183287746, "params": {"k_pid_pos": [2.0, 0.9851900935173035, 0.9999995231628418], "k_pid_alt": [1.9898141622543335, 1.0, 0.02437347173690796], "k_pid_att": [100.0, 0.1185290738940239, 0.991619348526001], "k_pid_yaw": [0.5, 1e-06, 0.1], "k_pid_hsp": [8.042943000793457, 0.9948076605796814, 0.02149289846420288], "k_pid_vsp": [2.4430036544799805, 390.5921936035156, 0.6290445923805237]}, "datetime": {"datetime": "2025-08-21 16:35:51", "elapsed": 28268.397594213486, "delta": 23.37830138206482}, "costs": {"total_cost": 915.2431183287746, "time_cost": 150, "final_distance_cost": 50.8037798564496, "oscillation_cost": 182.6794570633437, "completition_cost": 444.4444444444444, "overshoot_cost": 53.906329862868056, "power_cost": 18.812258801269532, "noise_cost": 14.596848300399275, "n_waypoints_completed": 5, "tot_waypoints": 9}}
{"target": -1182.6098537053056, "params": {"k_pid_pos": [2.0, 0.9726579189300537, 0.00031507015228271484], "k_pid_alt": [1.9786391258239746, 1.0, 0.05727970600128174], "k_pid_att": [100.0, 0.607887864112854, 0.9995946884155273], "k_pid_yaw": [0.5, 1e-06, 0.1], "k_pid_hsp": [9.550929069519043, 0.9529546499252319, 0.04914271831512451], "k_pid_vsp": [11.479890823364258, 397.7247314453125, 7.79471492767334]}, "datetime": {"datetime": "2025-08-21 16:36:15", "elapsed": 28292.17785191536, "delta": 23.78025770187378}, "costs": {"total_cost": 1182.6098537053056, "time_cost": 150, "final_distance_cost": 65.46656815020596, "oscillation_cost": 113.65110257858872, "completition_cost": 777.7777777777778, "overshoot_cost": 39.906427987001955, "power_cost": 20.883806835937502, "noise_cost": 14.924170375793635, "n_waypoints_completed": 2, "tot_waypoints": 9}}
{"target": -1006.6164964228242, "params": {"k_pid_pos": [2.0, 0.9936108589172363, 0.7587954998016357], "k_pid_alt": [1.9619989395141602, 1.0, 0.019206374883651733], "k_pid_att": [100.0, 0.09686896204948425, 0.9988457560539246], "k_pid_yaw": [0.5, 1e-06, 0.1], "k_pid_hsp": [8.90254020690918, 0.9928730726242065, 0.08190357685089111], "k_pid_vsp": [1.0383963584899902, 397.7124328613281, 4.379189968109131]}, "datetime": {"datetime": "2025-08-21 16:36:39", "elapsed": 28315.99911046028, "delta": 23.821258544921875}, "costs": {"total_cost": 1006.6164964228242, "time_cost": 150, "final_distance_cost": 49.826138125629925, "oscillation_cost": 143.7432087107209, "completition_cost": 555.5555555555555, "overshoot_cost": 55.13208347104432, "power_cost": 27.1696927734375, "noise_cost": 25.18981778643589, "n_waypoints_completed": 4, "tot_waypoints": 9}}
{"target": -738.4637391935859, "params": {"k_pid_pos": [2.0, 0.9935033321380615, 0.9999997615814209], "k_pid_alt": [1.990610122680664, 1.0, 0.053391069173812866], "k_pid_att": [100.0, 0.3529273271560669, 0.841141939163208], "k_pid_yaw": [0.5, 1e-06, 0.1], "k_pid_hsp": [9.957184791564941, 0.9881256818771362, 0.04764553904533386], "k_pid_vsp": [33.8383674621582, 386.1809387207031, 1.13350248336792]}, "datetime": {"datetime": "2025-08-21 16:37:04", "elapsed": 28340.904200792313, "delta": 24.90509033203125}, "costs": {"total_cost": 738.4637391935859, "time_cost": 150, "final_distance_cost": 71.4229014906998, "oscillation_cost": 203.53876949980807, "completition_cost": 222.2222222222222, "overshoot_cost": 55.681629343249746, "power_cost": 20.85426572265625, "noise_cost": 14.743950914949874, "n_waypoints_completed": 7, "tot_waypoints": 9}}
{"target": -783.368511708802, "params": {"k_pid_pos": [2.0, 0.9782671928405762, 0.9775416851043701], "k_pid_alt": [1.9754283428192139, 1.0, 0.024746179580688477], "k_pid_att": [100.0, 0.057268328964710236, 0.991418719291687], "k_pid_yaw": [0.5, 1e-06, 0.1], "k_pid_hsp": [9.734623908996582, 0.9156777858734131, 0.0358927845954895], "k_pid_vsp": [9.353172302246094, 378.1813659667969, 9.659768104553223]}, "datetime": {"datetime": "2025-08-21 16:37:28", "elapsed": 28364.81898379326, "delta": 23.914783000946045}, "costs": {"total_cost": 783.368511708802, "time_cost": 150, "final_distance_cost": 67.97695772230931, "oscillation_cost": 127.5761905918585, "completition_cost": 333.33333333333337, "overshoot_cost": 56.47045579737638, "power_cost": 26.44899812011719, "noise_cost": 21.5625761438073, "n_waypoints_completed": 6, "tot_waypoints": 9}}
{"target": -989.9005297922665, "params": {"k_pid_pos": [2.0, 0.9518834352493286, 0.9998770356178284], "k_pid_alt": [1.9619934558868408, 1.0, 0.026223480701446533], "k_pid_att": [100.0, 0.39789053797721863, 0.9385785460472107], "k_pid_yaw": [0.5, 1e-06, 0.1], "k_pid_hsp": [9.813406944274902, 0.9933268427848816, 0.006814241409301758], "k_pid_vsp": [4.634416103363037, 394.96881103515625, 15.408063888549805]}, "datetime": {"datetime": "2025-08-21 16:37:52", "elapsed": 28389.242565393448, "delta": 24.42358160018921}, "costs": {"total_cost": 989.9005297922665, "time_cost": 150, "final_distance_cost": 50.25729033868745, "oscillation_cost": 148.3076916608062, "completition_cost": 555.5555555555555, "overshoot_cost": 52.658333098422695, "power_cost": 19.26430494384766, "noise_cost": 13.857354194947128, "n_waypoints_completed": 4, "tot_waypoints": 9}}
{"target": -1284.0736928072815, "params": {"k_pid_pos": [2.0, 0.930993378162384, 0.0006174445152282715], "k_pid_alt": [1.8562442064285278, 1.0, 0.01100727915763855], "k_pid_att": [100.0, 0.11231892555952072, 0.9655769467353821], "k_pid_yaw": [0.5, 1e-06, 0.1], "k_pid_hsp": [9.371390342712402, 0.9701176881790161, 0.012339025735855103], "k_pid_vsp": [15.701162338256836, 397.195068359375, 2.590883731842041]}, "datetime": {"datetime": "2025-08-21 16:38:16", "elapsed": 28413.050998210907, "delta": 23.808432817459106}, "costs": {"total_cost": 1284.0736928072815, "time_cost": 150, "final_distance_cost": 78.30763025705855, "oscillation_cost": 91.05763998562803, "completition_cost": 888.8888888888888, "overshoot_cost": 44.64409493283505, "power_cost": 18.055199023437503, "noise_cost": 13.120239719433547, "n_waypoints_completed": 1, "tot_waypoints": 9}}
{"target": -1041.9985662414167, "params": {"k_pid_pos": [2.0, 0.997046709060669, 0.00022667646408081055], "k_pid_alt": [1.9392695426940918, 1.0, 0.023854881525039673], "k_pid_att": [100.0, 0.028170228004455566, 0.9834963083267212], "k_pid_yaw": [0.5, 1e-06, 0.1], "k_pid_hsp": [9.422568321228027, 0.950639009475708, 0.0062735676765441895], "k_pid_vsp": [3.7821292877197266, 399.58984375, 3.907717227935791]}, "datetime": {"datetime": "2025-08-21 16:38:40", "elapsed": 28436.522080659866, "delta": 23.47108244895935}, "costs": {"total_cost": 1041.9985662414167, "time_cost": 150, "final_distance_cost": 52.55626078676388, "oscillation_cost": 74.26964658070005, "completition_cost": 666.6666666666667, "overshoot_cost": 63.32398004236609, "power_cost": 20.3749587890625, "noise_cost": 14.807053375857269, "n_waypoints_completed": 3, "tot_waypoints": 9}}
{"target": -330.57658777725396, "params": {"k_pid_pos": [2.0, 0.9913520812988281, 0.9999465942382812], "k_pid_alt": [1.9229589700698853, 1.0, 0.014014095067977905], "k_pid_att": [99.29143524169922, 0.05506327748298645, 0.9981303811073303], "k_pid_yaw": [0.5, 1e-06, 0.1], "k_pid_hsp": [9.453822135925293, 0.9165289402008057, 0.012326449155807495], "k_pid_vsp": [1.1862397193908691, 396.8419494628906, 6.435383319854736]}, "datetime": {"datetime": "2025-08-21 16:39:02", "elapsed": 28459.09025287628, "delta": 22.568172216415405}, "costs": {"total_cost": 330.57658777725396, "time_cost": 94.824, "final_distance_cost": 1.7317068033185694, "oscillation_cost": 136.31034509104003, "completition_cost": 0.0, "overshoot_cost": 61.1831037711323, "power_cost": 20.847850427246094, "noise_cost": 15.679581684516972, "n_waypoints_completed": 9, "tot_waypoints": 9}}
{"target": -1268.9984554621874, "params": {"k_pid_pos": [2.0, 0.9690743088722229, 0.0], "k_pid_alt": [1.9832772016525269, 1.0, 0.01497805118560791], "k_pid_att": [100.0, 0.12862689793109894, 0.9963176250457764], "k_pid_yaw": [0.5, 1e-06, 0.1], "k_pid_hsp": [9.932440757751465, 0.918441891670227, 0.008484244346618652], "k_pid_vsp": [19.95888900756836, 390.866943359375, 1.7418155670166016]}, "datetime": {"datetime": "2025-08-21 16:39:26", "elapsed": 28482.911877393723, "delta": 23.821624517440796}, "costs": {"total_cost": 1268.9984554621874, "time_cost": 150, "final_distance_cost": 73.34881786182959, "oscillation_cost": 74.1989035220641, "completition_cost": 888.8888888888888, "overshoot_cost": 43.880646187691255, "power_cost": 22.90052370605469, "noise_cost": 15.780675295658975, "n_waypoints_completed": 1, "tot_waypoints": 9}}
{"target": -692.6291378701071, "params": {"k_pid_pos": [2.0, 0.9693149924278259, 0.9999994039535522], "k_pid_alt": [1.9927233457565308, 1.0, 0.0011571049690246582], "k_pid_att": [100.0, 0.39214828610420227, 0.8851302266120911], "k_pid_yaw": [0.5, 1e-06, 0.1], "k_pid_hsp": [9.955471992492676, 0.9897346496582031, 0.013167738914489746], "k_pid_vsp": [5.945849418640137, 394.5237121582031, 15.50657844543457]}, "datetime": {"datetime": "2025-08-21 16:39:51", "elapsed": 28507.784192085266, "delta": 24.87231469154358}, "costs": {"total_cost": 692.6291378701071, "time_cost": 150, "final_distance_cost": 66.18950892368011, "oscillation_cost": 163.8890136767727, "completition_cost": 222.2222222222222, "overshoot_cost": 52.81508387477823, "power_cost": 22.178147509765626, "noise_cost": 15.335161662888284, "n_waypoints_completed": 7, "tot_waypoints": 9}}
{"target": -1317.4298828922304, "params": {"k_pid_pos": [2.0, 0.9859573245048523, 0.01159408688545227], "k_pid_alt": [1.9884225130081177, 1.0, 0.038341224193573], "k_pid_att": [100.0, 0.2071164846420288, 0.9663807153701782], "k_pid_yaw": [0.5, 1e-06, 0.1], "k_pid_hsp": [9.588752746582031, 0.9896823167800903, 0.024674296379089355], "k_pid_vsp": [54.446937561035156, 398.183349609375, 6.3620100021362305]}, "datetime": {"datetime": "2025-08-21 16:40:15", "elapsed": 28531.615174770355, "delta": 23.83098268508911}, "costs": {"total_cost": 1317.4298828922304, "time_cost": 150, "final_distance_cost": 45.79766856150498, "oscillation_cost": 59.68042360958376, "completition_cost": 1000.0, "overshoot_cost": 30.066072891378237, "power_cost": 17.056111853027346, "noise_cost": 14.829605976736069, "n_waypoints_completed": 0, "tot_waypoints": 9}}
{"target": -940.3188294113378, "params": {"k_pid_pos": [2.0, 0.9792779088020325, 0.0], "k_pid_alt": [1.936230182647705, 1.0, 0.01038426160812378], "k_pid_att": [99.82984924316406, 0.18721021711826324, 0.7689179182052612], "k_pid_yaw": [0.5, 1e-06, 0.1], "k_pid_hsp": [9.818239212036133, 0.9922312498092651, 0.012106627225875854], "k_pid_vsp": [10.717034339904785, 396.1122131347656, 18.611873626708984]}, "datetime": {"datetime": "2025-08-21 16:40:39", "elapsed": 28555.513511657715, "delta": 23.89833688735962}, "costs": {"total_cost": 940.3188294113378, "time_cost": 150, "final_distance_cost": 54.930899118284984, "oscillation_cost": 87.1039944199866, "completition_cost": 555.5555555555555, "overshoot_cost": 52.91126077469899, "power_cost": 23.653220861816408, "noise_cost": 16.163898680995217, "n_waypoints_completed": 4, "tot_waypoints": 9}}
{"target": -1281.648290965378, "params": {"k_pid_pos": [2.0, 0.9731194972991943, 0.9999988675117493], "k_pid_alt": [1.6272106170654297, 1.0, 0.013086259365081787], "k_pid_att": [100.0, 0.5043594837188721, 0.9839349389076233], "k_pid_yaw": [0.5, 1e-06, 0.1], "k_pid_hsp": [9.63479995727539, 0.8457295298576355, 0.05380555987358093], "k_pid_vsp": [2.5765419006347656, 358.5212707519531, 146.3322296142578]}, "datetime": {"datetime": "2025-08-21 16:41:02", "elapsed": 28579.38954424858, "delta": 23.87603259086609}, "costs": {"total_cost": 1281.648290965378, "time_cost": 150, "final_distance_cost": 100.0192051420603, "oscillation_cost": 251.97503115793114, "completition_cost": 666.6666666666667, "overshoot_cost": 78.714123033764, "power_cost": 19.01220028076172, "noise_cost": 15.261064684194118, "n_waypoints_completed": 3, "tot_waypoints": 9}}
{"target": -918.5432972669618, "params": {"k_pid_pos": [2.0, 0.9885054230690002, 0.24276596307754517], "k_pid_alt": [1.972158432006836, 1.0, 0.036860644817352295], "k_pid_att": [100.0, 0.9860633015632629, 0.9670466184616089], "k_pid_yaw": [0.5, 1e-06, 0.1], "k_pid_hsp": [9.912147521972656, 0.976678729057312, 0.008250057697296143], "k_pid_vsp": [15.483808517456055, 384.97576904296875, 27.073122024536133]}, "datetime": {"datetime": "2025-08-21 16:41:26", "elapsed": 28603.256688594818, "delta": 23.867144346237183}, "costs": {"total_cost": 918.5432972669618, "time_cost": 150, "final_distance_cost": 45.468497111027595, "oscillation_cost": 82.5671395024519, "completition_cost": 555.5555555555555, "overshoot_cost": 49.47599018002984, "power_cost": 20.16315340576172, "noise_cost": 15.312961512135134, "n_waypoints_completed": 4, "tot_waypoints": 9}}
{"target": -940.945654119856, "params": {"k_pid_pos": [1.9994513988494873, 0.9528564214706421, 0.17175835371017456], "k_pid_alt": [1.9904297590255737, 1.0, 0.00048351287841796875], "k_pid_att": [99.80451965332031, 0.11791068315505981, 0.9770749807357788], "k_pid_yaw": [0.5, 1e-06, 0.1], "k_pid_hsp": [9.80931568145752, 0.9908666610717773, 0.011430233716964722], "k_pid_vsp": [8.762884140014648, 388.4657897949219, 0.5181918740272522]}, "datetime": {"datetime": "2025-08-21 16:41:50", "elapsed": 28626.892557382584, "delta": 23.635868787765503}, "costs": {"total_cost": 940.945654119856, "time_cost": 150, "final_distance_cost": 45.39758638596241, "oscillation_cost": 92.17597920031191, "completition_cost": 555.5555555555555, "overshoot_cost": 51.58793222209745, "power_cost": 24.900350427246096, "noise_cost": 21.328250328682596, "n_waypoints_completed": 4, "tot_waypoints": 9}}
{"target": -1058.4505751431348, "params": {"k_pid_pos": [2.0, 0.9911409020423889, 0.02164292335510254], "k_pid_alt": [1.9614248275756836, 1.0, 0.002981841564178467], "k_pid_att": [100.0, 0.09543190896511078, 0.934939444065094], "k_pid_yaw": [0.5, 1e-06, 0.1], "k_pid_hsp": [9.768266677856445, 0.94434654712677, 0.008321434259414673], "k_pid_vsp": [2.2306442260742188, 389.3021240234375, 1.9671926498413086]}, "datetime": {"datetime": "2025-08-21 16:42:14", "elapsed": 28650.65736413002, "delta": 23.764806747436523}, "costs": {"total_cost": 1058.4505751431348, "time_cost": 150, "final_distance_cost": 53.42012115274798, "oscillation_cost": 87.68139250183575, "completition_cost": 666.6666666666667, "overshoot_cost": 58.05510376405799, "power_cost": 23.46756882324219, "noise_cost": 19.159722234584123, "n_waypoints_completed": 3, "tot_waypoints": 9}}
{"target": -1313.8089694941789, "params": {"k_pid_pos": [2.0, 0.9392632246017456, 0.0], "k_pid_alt": [1.919641375541687, 1.0, 0.02494645118713379], "k_pid_att": [100.0, 0.22415846586227417, 0.8342245221138], "k_pid_yaw": [0.5, 1e-06, 0.1], "k_pid_hsp": [9.608755111694336, 0.9897139072418213, 0.08024534583091736], "k_pid_vsp": [13.3253812789917, 396.932373046875, 3.318418025970459]}, "datetime": {"datetime": "2025-08-21 16:42:37", "elapsed": 28674.234986782074, "delta": 23.577622652053833}, "costs": {"total_cost": 1313.8089694941789, "time_cost": 150, "final_distance_cost": 70.52395491211912, "oscillation_cost": 126.52355342631998, "completition_cost": 888.8888888888888, "overshoot_cost": 42.116447940852375, "power_cost": 20.907733520507815, "noise_cost": 14.848390805490745, "n_waypoints_completed": 1, "tot_waypoints": 9}}
{"target": -928.8985914310094, "params": {"k_pid_pos": [2.0, 0.9944208860397339, 0.8978268504142761], "k_pid_alt": [1.9777131080627441, 1.0, 0.022879958152770996], "k_pid_att": [100.0, 2.4182920455932617, 0.9488672614097595], "k_pid_yaw": [0.5, 1e-06, 0.1], "k_pid_hsp": [9.878616333007812, 0.9891321659088135, 0.03250288963317871], "k_pid_vsp": [14.525866508483887, 333.4419250488281, 7.128358840942383]}, "datetime": {"datetime": "2025-08-21 16:43:00", "elapsed": 28696.815460681915, "delta": 22.58047389984131}, "costs": {"total_cost": 928.8985914310094, "time_cost": 150, "final_distance_cost": 45.55853630531544, "oscillation_cost": 202.55746313687058, "completition_cost": 444.4444444444444, "overshoot_cost": 50.73106802124422, "power_cost": 19.936719860839844, "noise_cost": 15.670359662294949, "n_waypoints_completed": 5, "tot_waypoints": 9}}
{"target": -954.1953159307337, "params": {"k_pid_pos": [2.0, 0.9881260395050049, 0.9997239112854004], "k_pid_alt": [1.916945457458496, 0.9999935626983643, 0.06200510263442993], "k_pid_att": [100.0, 0.3266991674900055, 0.9873253703117371], "k_pid_yaw": [0.5, 1e-06, 0.1], "k_pid_hsp": [9.788304328918457, 0.9778160452842712, 0.14739501476287842], "k_pid_vsp": [8.570218086242676, 395.4721984863281, 4.950536251068115]}, "datetime": {"datetime": "2025-08-21 16:43:23", "elapsed": 28720.397481441498, "delta": 23.58202075958252}, "costs": {"total_cost": 954.1953159307337, "time_cost": 150, "final_distance_cost": 57.110766506126154, "oscillation_cost": 202.80550925997497, "completition_cost": 444.4444444444444, "overshoot_cost": 68.01162991894097, "power_cost": 17.98781568603516, "noise_cost": 13.835150115212224, "n_waypoints_completed": 5, "tot_waypoints": 9}}
{"target": -688.0349059879603, "params": {"k_pid_pos": [2.0, 0.9876801371574402, 0.93255215883255], "k_pid_alt": [1.9429885149002075, 1.0, 0.043840885162353516], "k_pid_att": [99.91658020019531, 0.021408744156360626, 0.9841165542602539], "k_pid_yaw": [0.5, 1e-06, 0.1], "k_pid_hsp": [9.853272438049316, 0.9641849398612976, 0.012639611959457397], "k_pid_vsp": [2.1346688270568848, 394.59136962890625, 53.478370666503906]}, "datetime": {"datetime": "2025-08-21 16:43:47", "elapsed": 28744.133388757706, "delta": 23.735907316207886}, "costs": {"total_cost": 688.0349059879603, "time_cost": 150, "final_distance_cost": 73.49290959630825, "oscillation_cost": 151.35598238340685, "completition_cost": 222.2222222222222, "overshoot_cost": 54.71575295992564, "power_cost": 21.092680151367187, "noise_cost": 15.155358674730085, "n_waypoints_completed": 7, "tot_waypoints": 9}}
{"target": -1077.1894728517605, "params": {"k_pid_pos": [1.9999899864196777, 0.997711181640625, 0.07441899180412292], "k_pid_alt": [1.9886879920959473, 1.0, 0.006783574819564819], "k_pid_att": [100.0, 0.6951386332511902, 0.9811763763427734], "k_pid_yaw": [0.5, 1e-06, 0.1], "k_pid_hsp": [9.566206932067871, 0.9978939294815063, 0.011821329593658447], "k_pid_vsp": [16.858779907226562, 397.80377197265625, 10.951842308044434]}, "datetime": {"datetime": "2025-08-21 16:44:11", "elapsed": 28768.223188877106, "delta": 24.089800119400024}, "costs": {"total_cost": 1077.1894728517605, "time_cost": 150, "final_distance_cost": 95.51099234561103, "oscillation_cost": 85.90490416848203, "completition_cost": 666.6666666666667, "overshoot_cost": 45.95586659520293, "power_cost": 19.384385510253907, "noise_cost": 13.766657565543778, "n_waypoints_completed": 3, "tot_waypoints": 9}}
{"target": -699.6083001868537, "params": {"k_pid_pos": [1.999999761581421, 0.9734138250350952, 0.9999998211860657], "k_pid_alt": [1.9719605445861816, 1.0, 0.01349949836730957], "k_pid_att": [100.0, 0.06365639716386795, 0.9811443090438843], "k_pid_yaw": [0.5, 1e-06, 0.1], "k_pid_hsp": [9.958253860473633, 0.998593807220459, 0.07282203435897827], "k_pid_vsp": [2.6776671409606934, 384.73602294921875, 9.579695701599121]}, "datetime": {"datetime": "2025-08-21 16:44:36", "elapsed": 28792.824519634247, "delta": 24.601330757141113}, "costs": {"total_cost": 699.6083001868537, "time_cost": 150, "final_distance_cost": 72.39871745174862, "oscillation_cost": 159.04351548883378, "completition_cost": 222.2222222222222, "overshoot_cost": 51.89900170870028, "power_cost": 25.22937458496094, "noise_cost": 18.81546873038794, "n_waypoints_completed": 7, "tot_waypoints": 9}}
{"target": -739.1554144069361, "params": {"k_pid_pos": [2.0, 0.8383026123046875, 0.9999994039535522], "k_pid_alt": [1.9791455268859863, 1.0, 0.0665033757686615], "k_pid_att": [100.0, 0.14077985286712646, 0.9811347126960754], "k_pid_yaw": [0.5, 1e-06, 0.1], "k_pid_hsp": [9.773273468017578, 0.9896392822265625, 0.01108705997467041], "k_pid_vsp": [1.5656828880310059, 384.83294677734375, 2.8646717071533203]}, "datetime": {"datetime": "2025-08-21 16:45:00", "elapsed": 28816.604029655457, "delta": 23.779510021209717}, "costs": {"total_cost": 739.1554144069361, "time_cost": 150, "final_distance_cost": 71.93561516953322, "oscillation_cost": 205.46005849571927, "completition_cost": 222.2222222222222, "overshoot_cost": 51.723179540199325, "power_cost": 21.75665339355469, "noise_cost": 16.05768558570738, "n_waypoints_completed": 7, "tot_waypoints": 9}}
