{"target": -763.936384160674, "params": {"k_pid_pos": [2.0, 0.9936593770980835, 1.0], "k_pid_alt": [1.9767212867736816, 1.0, 0.007430970668792725], "k_pid_att": [100.0, 0.01831529475748539, 0.9966914057731628], "k_pid_yaw": [0.5, 1e-06, 0.1], "k_pid_hsp": [9.599218368530273, 0.9890620708465576, 0.008984029293060303], "k_pid_vsp": [2.8469085693359375, 396.3037109375, 4.538870811462402]}, "datetime": {"datetime": "2025-08-21 20:57:24", "elapsed": 43961.11046624184, "delta": 23.5562527179718}, "costs": {"total_cost": 763.936384160674, "time_cost": 150, "final_distance_cost": 60.84715100664667, "oscillation_cost": 132.26507267441707, "completition_cost": 333.33333333333337, "overshoot_cost": 50.525665259052374, "power_cost": 21.372417871093752, "noise_cost": 15.592744016130831, "n_waypoints_completed": 6, "tot_waypoints": 9}}
{"target": -999.207868685036, "params": {"k_pid_pos": [2.0, 0.9934187531471252, 0.9999371767044067], "k_pid_alt": [1.9879504442214966, 1.0, 0.002573639154434204], "k_pid_att": [100.0, 2.6266961097717285, 0.983241081237793], "k_pid_yaw": [0.5, 1e-06, 0.1], "k_pid_hsp": [9.77237319946289, 0.9944015741348267, 0.01162382960319519], "k_pid_vsp": [15.259981155395508, 386.8122863769531, 1.8602261543273926]}, "datetime": {"datetime": "2025-08-21 20:57:48", "elapsed": 43985.01077198982, "delta": 23.90030574798584}, "costs": {"total_cost": 999.207868685036, "time_cost": 150, "final_distance_cost": 44.9810852528449, "oscillation_cost": 92.33845411355428, "completition_cost": 555.5555555555555, "overshoot_cost": 90.0184970179311, "power_cost": 30.56675692138672, "noise_cost": 35.747519823763426, "n_waypoints_completed": 4, "tot_waypoints": 9}}
{"target": -697.8708339950584, "params": {"k_pid_pos": [2.0, 0.9944005608558655, 0.7344544529914856], "k_pid_alt": [1.8776967525482178, 1.0, 0.028074979782104492], "k_pid_att": [99.99998474121094, 0.23789988458156586, 0.9882898926734924], "k_pid_yaw": [0.5, 1e-06, 0.1], "k_pid_hsp": [9.812450408935547, 0.9286381602287292, 0.0034022629261016846], "k_pid_vsp": [1.4464616775512695, 389.8700256347656, 3.39408016204834]}, "datetime": {"datetime": "2025-08-21 20:58:13", "elapsed": 44009.94150018692, "delta": 24.93072819709778}, "costs": {"total_cost": 697.8708339950584, "time_cost": 150, "final_distance_cost": 73.5740992867756, "oscillation_cost": 162.54939155409662, "completition_cost": 222.2222222222222, "overshoot_cost": 59.511260435954235, "power_cost": 17.156862463378907, "noise_cost": 12.856998032630841, "n_waypoints_completed": 7, "tot_waypoints": 9}}
{"target": -674.9535696470991, "params": {"k_pid_pos": [1.9999988079071045, 0.9763189554214478, 1.0], "k_pid_alt": [1.9335911273956299, 1.0, 0.007858425378799438], "k_pid_att": [99.99999237060547, 0.09240968525409698, 0.9872329235076904], "k_pid_yaw": [0.5, 1e-06, 0.1], "k_pid_hsp": [9.878758430480957, 0.9681754112243652, 0.00914815068244934], "k_pid_vsp": [2.5504708290100098, 393.26043701171875, 10.264361381530762]}, "datetime": {"datetime": "2025-08-21 20:58:39", "elapsed": 44036.39762592316, "delta": 26.456125736236572}, "costs": {"total_cost": 674.9535696470991, "time_cost": 150, "final_distance_cost": 68.30778391550741, "oscillation_cost": 128.14927256046312, "completition_cost": 222.2222222222222, "overshoot_cost": 61.00022910953553, "power_cost": 25.832892517089846, "noise_cost": 19.441169322281144, "n_waypoints_completed": 7, "tot_waypoints": 9}}
{"target": -567.4143805398593, "params": {"k_pid_pos": [2.0, 0.9859349727630615, 1.0], "k_pid_alt": [1.9723340272903442, 1.0, 0.024279415607452393], "k_pid_att": [100.0, 0.086004339158535, 0.9985964894294739], "k_pid_yaw": [0.5, 1e-06, 0.1], "k_pid_hsp": [9.956624984741211, 0.981031060218811, 0.12083449959754944], "k_pid_vsp": [5.482375621795654, 374.77325439453125, 1.1697540283203125]}, "datetime": {"datetime": "2025-08-21 20:59:09", "elapsed": 44066.03866815567, "delta": 29.641042232513428}, "costs": {"total_cost": 567.4143805398593, "time_cost": 150, "final_distance_cost": 37.62191524782515, "oscillation_cost": 166.73481658300742, "completition_cost": 111.11111111111116, "overshoot_cost": 60.062796237244385, "power_cost": 24.10044393310547, "noise_cost": 17.783297427565643, "n_waypoints_completed": 8, "tot_waypoints": 9}}
{"target": -706.8280877914813, "params": {"k_pid_pos": [2.0, 0.9965947866439819, 0.999997615814209], "k_pid_alt": [1.8544535636901855, 1.0, 0.007286101579666138], "k_pid_att": [91.74009704589844, 0.10864701867103577, 0.9787318706512451], "k_pid_yaw": [0.5, 1e-06, 0.1], "k_pid_hsp": [9.927099227905273, 0.976245105266571, 0.012333095073699951], "k_pid_vsp": [9.348130226135254, 377.83642578125, 9.117938041687012]}, "datetime": {"datetime": "2025-08-21 20:59:35", "elapsed": 44091.54418325424, "delta": 25.505515098571777}, "costs": {"total_cost": 706.8280877914813, "time_cost": 150, "final_distance_cost": 70.37343550504828, "oscillation_cost": 177.84803832349218, "completition_cost": 222.2222222222222, "overshoot_cost": 49.70199197824796, "power_cost": 21.0011775390625, "noise_cost": 15.681222223408133, "n_waypoints_completed": 7, "tot_waypoints": 9}}
{"target": -672.4520078212903, "params": {"k_pid_pos": [2.0, 0.9845246076583862, 1.0], "k_pid_alt": [1.985321044921875, 0.9999783039093018, 0.03940966725349426], "k_pid_att": [100.0, 1.1085833311080933, 0.9917773604393005], "k_pid_yaw": [0.5, 1e-06, 0.1], "k_pid_hsp": [9.965861320495605, 0.9697840809822083, 0.012034446001052856], "k_pid_vsp": [5.121219158172607, 396.110595703125, 7.030392646789551]}, "datetime": {"datetime": "2025-08-21 21:00:00", "elapsed": 44116.92093348503, "delta": 25.376750230789185}, "costs": {"total_cost": 672.4520078212903, "time_cost": 150, "final_distance_cost": 62.653535819338586, "oscillation_cost": 143.3477588179764, "completition_cost": 222.2222222222222, "overshoot_cost": 50.243727074979155, "power_cost": 25.291341418457034, "noise_cost": 18.69342246831691, "n_waypoints_completed": 7, "tot_waypoints": 9}}
{"target": -793.7095936395181, "params": {"k_pid_pos": [2.0, 0.9925273656845093, 1.0], "k_pid_alt": [1.9921863079071045, 1.0, 0.02581411600112915], "k_pid_att": [99.99989318847656, 0.13076011836528778, 0.9736897349357605], "k_pid_yaw": [0.5, 1e-06, 0.1], "k_pid_hsp": [9.878582000732422, 0.9941023588180542, 0.016522616147994995], "k_pid_vsp": [14.1510009765625, 394.8382263183594, 1.5347132682800293]}, "datetime": {"datetime": "2025-08-21 21:00:24", "elapsed": 44140.86374950409, "delta": 23.942816019058228}, "costs": {"total_cost": 793.7095936395181, "time_cost": 150, "final_distance_cost": 63.20374441613356, "oscillation_cost": 154.61888094942583, "completition_cost": 333.33333333333337, "overshoot_cost": 51.11078046384642, "power_cost": 23.938050146484375, "noise_cost": 17.5048043302946, "n_waypoints_completed": 6, "tot_waypoints": 9}}
{"target": -674.8808613386025, "params": {"k_pid_pos": [2.0, 0.9974995851516724, 1.0], "k_pid_alt": [1.9053994417190552, 1.0, 0.013199985027313232], "k_pid_att": [100.0, 0.05953089892864227, 0.9732153415679932], "k_pid_yaw": [0.5, 1e-06, 0.1], "k_pid_hsp": [9.986013412475586, 0.9825422763824463, 0.009371340274810791], "k_pid_vsp": [32.84545135498047, 398.8356628417969, 11.441136360168457]}, "datetime": {"datetime": "2025-08-21 21:00:49", "elapsed": 44165.81443428993, "delta": 24.950684785842896}, "costs": {"total_cost": 674.8808613386025, "time_cost": 150, "final_distance_cost": 64.39262735548735, "oscillation_cost": 142.91516827337892, "completition_cost": 222.2222222222222, "overshoot_cost": 53.91174871548406, "power_cost": 23.332563134765625, "noise_cost": 18.106531637264276, "n_waypoints_completed": 7, "tot_waypoints": 9}}
{"target": -1019.0813494957923, "params": {"k_pid_pos": [2.0, 0.9960095882415771, 1.0], "k_pid_alt": [1.982659101486206, 1.0, 0.04816800355911255], "k_pid_att": [100.0, 0.1508103311061859, 0.9991386532783508], "k_pid_yaw": [0.5, 1e-06, 0.1], "k_pid_hsp": [9.937763214111328, 0.9752539396286011, 0.026881903409957886], "k_pid_vsp": [1.1740922927856445, 398.71826171875, 3.0789146423339844]}, "datetime": {"datetime": "2025-08-21 21:01:13", "elapsed": 44189.4516556263, "delta": 23.637221336364746}, "costs": {"total_cost": 1019.0813494957923, "time_cost": 150, "final_distance_cost": 49.997936942299226, "oscillation_cost": 179.289792025862, "completition_cost": 555.5555555555555, "overshoot_cost": 52.4145210829532, "power_cost": 17.365804296875, "noise_cost": 14.457739592247288, "n_waypoints_completed": 4, "tot_waypoints": 9}}
{"target": -821.3112788017415, "params": {"k_pid_pos": [2.0, 0.9897122383117676, 1.0], "k_pid_alt": [1.867633581161499, 1.0, 0.004156291484832764], "k_pid_att": [100.0, 0.2517944574356079, 0.9861670732498169], "k_pid_yaw": [0.5, 1e-06, 0.1], "k_pid_hsp": [9.961433410644531, 0.9945399761199951, 0.019494235515594482], "k_pid_vsp": [15.741443634033203, 394.3423156738281, 8.351290702819824]}, "datetime": {"datetime": "2025-08-21 21:01:38", "elapsed": 44215.33440756798, "delta": 25.882751941680908}, "costs": {"total_cost": 821.3112788017415, "time_cost": 150, "final_distance_cost": 66.00739080771076, "oscillation_cost": 182.02223358009297, "completition_cost": 333.33333333333337, "overshoot_cost": 50.04622382882178, "power_cost": 22.440299926757813, "noise_cost": 17.461797325024953, "n_waypoints_completed": 6, "tot_waypoints": 9}}
{"target": -683.5123110757341, "params": {"k_pid_pos": [2.0, 0.986764669418335, 1.0], "k_pid_alt": [1.864269495010376, 1.0, 0.0032199621200561523], "k_pid_att": [100.0, 0.11056329309940338, 0.9536103010177612], "k_pid_yaw": [0.5, 1e-06, 0.1], "k_pid_hsp": [9.919142723083496, 0.9945182800292969, 0.03734868764877319], "k_pid_vsp": [9.295595169067383, 398.07489013671875, 7.018972396850586]}, "datetime": {"datetime": "2025-08-21 21:02:02", "elapsed": 44238.82962155342, "delta": 23.495213985443115}, "costs": {"total_cost": 683.5123110757341, "time_cost": 150, "final_distance_cost": 64.46280193609954, "oscillation_cost": 151.08768539880367, "completition_cost": 222.2222222222222, "overshoot_cost": 51.75848812723124, "power_cost": 25.078640466308595, "noise_cost": 18.902472925068974, "n_waypoints_completed": 7, "tot_waypoints": 9}}
{"target": -323.5547050491762, "params": {"k_pid_pos": [2.0, 0.9107021689414978, 1.0], "k_pid_alt": [1.989769697189331, 1.0, 0.009545058012008667], "k_pid_att": [100.0, 0.10476977378129959, 0.97478187084198], "k_pid_yaw": [0.5, 1e-06, 0.1], "k_pid_hsp": [9.569539070129395, 0.9887875318527222, 0.012637674808502197], "k_pid_vsp": [0.8481740951538086, 399.6713562011719, 13.832498550415039]}, "datetime": {"datetime": "2025-08-21 21:02:24", "elapsed": 44260.778301239014, "delta": 21.94867968559265}, "costs": {"total_cost": 323.5547050491762, "time_cost": 87.512, "final_distance_cost": 1.7475828778118905, "oscillation_cost": 140.67109870419134, "completition_cost": 0.0, "overshoot_cost": 59.539272525327696, "power_cost": 19.848780700683594, "noise_cost": 14.235970241161708, "n_waypoints_completed": 9, "tot_waypoints": 9}}
{"target": -576.7566705552456, "params": {"k_pid_pos": [2.0, 0.9985668063163757, 1.0], "k_pid_alt": [1.989182710647583, 1.0, 0.02004191279411316], "k_pid_att": [100.0, 0.31434205174446106, 0.9096596240997314], "k_pid_yaw": [0.5, 1e-06, 0.1], "k_pid_hsp": [9.96699047088623, 0.9932712912559509, 0.007418632507324219], "k_pid_vsp": [3.7023186683654785, 397.299560546875, 1.0194787979125977]}, "datetime": {"datetime": "2025-08-21 21:02:49", "elapsed": 44286.117570877075, "delta": 25.339269638061523}, "costs": {"total_cost": 576.7566705552456, "time_cost": 150, "final_distance_cost": 54.94792494005903, "oscillation_cost": 160.93356201606537, "completition_cost": 111.11111111111116, "overshoot_cost": 61.41523944573986, "power_cost": 22.603813330078125, "noise_cost": 15.745019712192146, "n_waypoints_completed": 8, "tot_waypoints": 9}}
{"target": -528.4416309047095, "params": {"k_pid_pos": [2.0, 0.9856988787651062, 1.0], "k_pid_alt": [1.9785104990005493, 1.0, 0.05097001791000366], "k_pid_att": [100.0, 0.1605183333158493, 0.9559415578842163], "k_pid_yaw": [0.5, 1e-06, 0.1], "k_pid_hsp": [9.820162773132324, 0.9573495388031006, 0.0063829123973846436], "k_pid_vsp": [21.67595672607422, 388.8426208496094, 1.8775949478149414]}, "datetime": {"datetime": "2025-08-21 21:03:14", "elapsed": 44310.99764704704, "delta": 24.88007616996765}, "costs": {"total_cost": 528.4416309047095, "time_cost": 150, "final_distance_cost": 55.93440788851577, "oscillation_cost": 108.80893232918567, "completition_cost": 111.11111111111116, "overshoot_cost": 58.169323526463835, "power_cost": 26.48963466796875, "noise_cost": 17.928221381464475, "n_waypoints_completed": 8, "tot_waypoints": 9}}
{"target": -560.4356966649068, "params": {"k_pid_pos": [2.0, 0.9219763278961182, 1.0], "k_pid_alt": [1.982715129852295, 0.9999999403953552, 0.053251415491104126], "k_pid_att": [100.0, 0.434099406003952, 0.9767186641693115], "k_pid_yaw": [0.5, 1e-06, 0.1], "k_pid_hsp": [8.997843742370605, 0.9937376976013184, 0.015560328960418701], "k_pid_vsp": [10.658895492553711, 397.04583740234375, 13.869954109191895]}, "datetime": {"datetime": "2025-08-21 21:03:39", "elapsed": 44336.16411805153, "delta": 25.166471004486084}, "costs": {"total_cost": 560.4356966649068, "time_cost": 150, "final_distance_cost": 24.072400936113574, "oscillation_cost": 178.35506282622336, "completition_cost": 111.11111111111116, "overshoot_cost": 61.215177347809394, "power_cost": 20.109877172851565, "noise_cost": 15.572067270797683, "n_waypoints_completed": 8, "tot_waypoints": 9}}
{"target": -713.0574388618929, "params": {"k_pid_pos": [2.0, 0.9963640570640564, 0.9999998211860657], "k_pid_alt": [1.8028697967529297, 1.0, 0.004382342100143433], "k_pid_att": [100.0, 0.2655606269836426, 0.9749347567558289], "k_pid_yaw": [0.5, 1e-06, 0.1], "k_pid_hsp": [9.320080757141113, 0.9891295433044434, 0.023018330335617065], "k_pid_vsp": [1.6922712326049805, 397.9378356933594, 11.75751781463623]}, "datetime": {"datetime": "2025-08-21 21:04:03", "elapsed": 44359.82173538208, "delta": 23.657617330551147}, "costs": {"total_cost": 713.0574388618929, "time_cost": 150, "final_distance_cost": 64.10126728610169, "oscillation_cost": 173.1717715629839, "completition_cost": 222.2222222222222, "overshoot_cost": 60.84810776337121, "power_cost": 25.079459912109375, "noise_cost": 17.63461011510447, "n_waypoints_completed": 7, "tot_waypoints": 9}}
{"target": -844.0873268745378, "params": {"k_pid_pos": [2.0, 0.9939754605293274, 0.9999999403953552], "k_pid_alt": [1.9910544157028198, 1.0, 0.012579917907714844], "k_pid_att": [100.0, 0.05704064294695854, 0.9717958569526672], "k_pid_yaw": [0.5, 1e-06, 0.1], "k_pid_hsp": [9.890183448791504, 0.9956012964248657, 0.00685572624206543], "k_pid_vsp": [1.8602967262268066, 398.2073669433594, 8.790541648864746]}, "datetime": {"datetime": "2025-08-21 21:04:27", "elapsed": 44384.111784935, "delta": 24.29004955291748}, "costs": {"total_cost": 844.0873268745378, "time_cost": 150, "final_distance_cost": 65.12833432632567, "oscillation_cost": 207.01345905407933, "completition_cost": 333.33333333333337, "overshoot_cost": 54.86958141573265, "power_cost": 18.95324665527344, "noise_cost": 14.789372089793197, "n_waypoints_completed": 6, "tot_waypoints": 9}}
{"target": -698.1889552509367, "params": {"k_pid_pos": [2.0, 0.9541692733764648, 0.9999997615814209], "k_pid_alt": [1.9715909957885742, 1.0, 0.03504467010498047], "k_pid_att": [100.0, 0.02174401842057705, 0.9973542094230652], "k_pid_yaw": [0.5, 1e-06, 0.1], "k_pid_hsp": [9.873751640319824, 0.9945924282073975, 0.004013121128082275], "k_pid_vsp": [1.2582778930664062, 330.1368103027344, 8.17273998260498]}, "datetime": {"datetime": "2025-08-21 21:04:50", "elapsed": 44407.12809109688, "delta": 23.016306161880493}, "costs": {"total_cost": 698.1889552509367, "time_cost": 150, "final_distance_cost": 73.38089346524141, "oscillation_cost": 159.64443831103708, "completition_cost": 222.2222222222222, "overshoot_cost": 55.54755317476541, "power_cost": 21.462702868652343, "noise_cost": 15.931145209018235, "n_waypoints_completed": 7, "tot_waypoints": 9}}
{"target": -715.7164076617405, "params": {"k_pid_pos": [2.0, 0.9911930561065674, 1.0], "k_pid_alt": [1.9377650022506714, 1.0, 0.07718217372894287], "k_pid_att": [100.0, 0.058511074632406235, 0.9917939901351929], "k_pid_yaw": [0.5, 1e-06, 0.1], "k_pid_hsp": [9.892930030822754, 0.9951525926589966, 0.03725084662437439], "k_pid_vsp": [9.805261611938477, 392.564208984375, 6.314385890960693]}, "datetime": {"datetime": "2025-08-21 21:05:16", "elapsed": 44433.24078774452, "delta": 26.112696647644043}, "costs": {"total_cost": 715.7164076617405, "time_cost": 150, "final_distance_cost": 70.16374847776487, "oscillation_cost": 182.1752707891542, "completition_cost": 222.2222222222222, "overshoot_cost": 55.269222341675125, "power_cost": 21.096670727539063, "noise_cost": 14.789273103385096, "n_waypoints_completed": 7, "tot_waypoints": 9}}
{"target": -1057.6524754095856, "params": {"k_pid_pos": [2.0, 0.9966851472854614, 1.0], "k_pid_alt": [1.944655179977417, 1.0, 0.03229841589927673], "k_pid_att": [99.99961853027344, 0.09308678656816483, 0.9335722923278809], "k_pid_yaw": [0.5, 1e-06, 0.1], "k_pid_hsp": [9.759519577026367, 0.9913831949234009, 0.0031037330627441406], "k_pid_vsp": [1.54799222946167, 390.8921813964844, 1.9190559387207031]}, "datetime": {"datetime": "2025-08-21 21:05:40", "elapsed": 44457.23657512665, "delta": 23.995787382125854}, "costs": {"total_cost": 1057.6524754095856, "time_cost": 150, "final_distance_cost": 77.38183136381325, "oscillation_cost": 170.75743169586434, "completition_cost": 555.5555555555555, "overshoot_cost": 69.06210882289768, "power_cost": 19.755961694335937, "noise_cost": 15.139586277118992, "n_waypoints_completed": 4, "tot_waypoints": 9}}
{"target": -1219.4953919468387, "params": {"k_pid_pos": [2.0, 0.9908121824264526, 2.0265579223632812e-06], "k_pid_alt": [1.9460785388946533, 1.0, 0.005124419927597046], "k_pid_att": [100.0, 0.6006733775138855, 0.9975208044052124], "k_pid_yaw": [0.5, 1e-06, 0.1], "k_pid_hsp": [9.836986541748047, 0.9690319299697876, 0.044246941804885864], "k_pid_vsp": [12.407886505126953, 399.1953430175781, 1.0031471252441406]}, "datetime": {"datetime": "2025-08-21 21:06:04", "elapsed": 44480.92962217331, "delta": 23.693047046661377}, "costs": {"total_cost": 1219.4953919468387, "time_cost": 150, "final_distance_cost": 96.57507725335867, "oscillation_cost": 115.94453838484297, "completition_cost": 777.7777777777778, "overshoot_cost": 47.1542178961577, "power_cost": 18.39187264404297, "noise_cost": 13.651907990658607, "n_waypoints_completed": 2, "tot_waypoints": 9}}
{"target": -570.2866976158583, "params": {"k_pid_pos": [2.0, 0.9880803227424622, 0.9999996423721313], "k_pid_alt": [1.982783555984497, 1.0, 0.0474219024181366], "k_pid_att": [100.0, 0.09906328469514847, 0.9520280361175537], "k_pid_yaw": [0.5, 1e-06, 0.1], "k_pid_hsp": [9.799153327941895, 0.9979252815246582, 0.024478614330291748], "k_pid_vsp": [4.486203193664551, 398.2793884277344, 3.983081340789795]}, "datetime": {"datetime": "2025-08-21 21:06:29", "elapsed": 44506.00649857521, "delta": 25.076876401901245}, "costs": {"total_cost": 570.2866976158583, "time_cost": 150, "final_distance_cost": 55.68958995326794, "oscillation_cost": 151.65037418330638, "completition_cost": 111.11111111111116, "overshoot_cost": 58.488006371533, "power_cost": 24.771405859375, "noise_cost": 18.576210137264816, "n_waypoints_completed": 8, "tot_waypoints": 9}}
{"target": -693.915819868005, "params": {"k_pid_pos": [2.0, 0.9747636318206787, 1.0], "k_pid_alt": [1.9842815399169922, 1.0, 0.06351637840270996], "k_pid_att": [100.0, 0.41539594531059265, 0.9868593215942383], "k_pid_yaw": [0.5, 1e-06, 0.1], "k_pid_hsp": [9.798941612243652, 0.9783127307891846, 0.03977212309837341], "k_pid_vsp": [5.542623996734619, 399.1213684082031, 9.100152015686035]}, "datetime": {"datetime": "2025-08-21 21:06:52", "elapsed": 44528.981633901596, "delta": 22.975135326385498}, "costs": {"total_cost": 693.915819868005, "time_cost": 150, "final_distance_cost": 69.35778373721026, "oscillation_cost": 161.09322124713407, "completition_cost": 222.2222222222222, "overshoot_cost": 53.13302790953217, "power_cost": 22.24287342529297, "noise_cost": 15.866691326613374, "n_waypoints_completed": 7, "tot_waypoints": 9}}
{"target": -757.5157418586065, "params": {"k_pid_pos": [2.0, 0.9989961981773376, 1.0], "k_pid_alt": [1.9426134824752808, 1.0, 0.01596277952194214], "k_pid_att": [100.0, 0.06266190111637115, 0.977628231048584], "k_pid_yaw": [0.5, 1e-06, 0.1], "k_pid_hsp": [9.865754127502441, 0.9946560859680176, 0.02179819345474243], "k_pid_vsp": [10.098945617675781, 397.6064453125, 8.42347240447998]}, "datetime": {"datetime": "2025-08-21 21:07:18", "elapsed": 44555.10492873192, "delta": 26.123294830322266}, "costs": {"total_cost": 757.5157418586065, "time_cost": 150, "final_distance_cost": 74.27737926728467, "oscillation_cost": 223.56462561524205, "completition_cost": 222.2222222222222, "overshoot_cost": 52.91817042812646, "power_cost": 19.330288342285158, "noise_cost": 15.203055983445944, "n_waypoints_completed": 7, "tot_waypoints": 9}}
{"target": -838.2150296826785, "params": {"k_pid_pos": [2.0, 0.9943352341651917, 0.9310211539268494], "k_pid_alt": [1.9644652605056763, 1.0, 0.03568574786186218], "k_pid_att": [100.0, 0.2583428621292114, 0.9785253405570984], "k_pid_yaw": [0.5, 1e-06, 0.1], "k_pid_hsp": [9.916475296020508, 0.9737480878829956, 0.00379142165184021], "k_pid_vsp": [1.3512849807739258, 396.7110290527344, 15.413582801818848]}, "datetime": {"datetime": "2025-08-21 21:07:43", "elapsed": 44579.70780825615, "delta": 24.602879524230957}, "costs": {"total_cost": 838.2150296826785, "time_cost": 150, "final_distance_cost": 49.36575855141021, "oscillation_cost": 83.97711958067866, "completition_cost": 444.4444444444444, "overshoot_cost": 61.294847643295526, "power_cost": 28.254584802246097, "noise_cost": 20.8782746606037, "n_waypoints_completed": 5, "tot_waypoints": 9}}
