{"target": -1350.9051502528785, "params": {"k_pid_pos": [2.0, 0.9761903285980225, 0.025072962045669556], "k_pid_alt": [1.9455982446670532, 1.0, 0.030460834503173828], "k_pid_att": [99.77134704589844, 0.14421334862709045, 0.9776816964149475], "k_pid_yaw": [0.5, 1e-06, 0.1], "k_pid_hsp": [9.463217735290527, 0.994721531867981, 0.011523902416229248], "k_pid_vsp": [39.397884368896484, 383.685791015625, 16.385271072387695]}, "datetime": {"datetime": "2025-08-21 17:45:09", "elapsed": 32425.467799901962, "delta": 22.737695932388306}, "costs": {"total_cost": 1350.9051502528785, "time_cost": 150, "final_distance_cost": 46.88325355855255, "oscillation_cost": 80.65000519209838, "completition_cost": 1000.0, "overshoot_cost": 36.35372630994853, "power_cost": 21.93595811767578, "noise_cost": 15.082207074603325, "n_waypoints_completed": 0, "tot_waypoints": 9}}
{"target": -1132.056661148459, "params": {"k_pid_pos": [2.0, 0.9269188642501831, 0.9999988079071045], "k_pid_alt": [1.9620871543884277, 1.0, 0.006987571716308594], "k_pid_att": [100.0, 0.4390614628791809, 0.9868608713150024], "k_pid_yaw": [0.5, 1e-06, 0.1], "k_pid_hsp": [8.937028884887695, 0.9630326628684998, 0.07733321189880371], "k_pid_vsp": [3.5625576972961426, 374.1340026855469, 10.397530555725098]}, "datetime": {"datetime": "2025-08-21 17:45:31", "elapsed": 32448.117100954056, "delta": 22.649301052093506}, "costs": {"total_cost": 1132.056661148459, "time_cost": 150, "final_distance_cost": 69.08590941004829, "oscillation_cost": 158.17130019643145, "completition_cost": 666.6666666666667, "overshoot_cost": 52.30241350485208, "power_cost": 21.120660192871096, "noise_cost": 14.70971117758924, "n_waypoints_completed": 3, "tot_waypoints": 9}}
{"target": -1195.9776686033265, "params": {"k_pid_pos": [1.978176236152649, 0.9885985851287842, 1.7881393432617188e-07], "k_pid_alt": [1.965744972229004, 1.0, 0.023836761713027954], "k_pid_att": [100.0, 0.1222197562456131, 0.9861717224121094], "k_pid_yaw": [0.5, 1e-06, 0.1], "k_pid_hsp": [9.913141250610352, 0.9941239356994629, 0.02530813217163086], "k_pid_vsp": [2.25754976272583, 393.34765625, 3.6787161827087402]}, "datetime": {"datetime": "2025-08-21 17:45:55", "elapsed": 32471.886277914047, "delta": 23.769176959991455}, "costs": {"total_cost": 1195.9776686033265, "time_cost": 150, "final_distance_cost": 88.9073194729268, "oscillation_cost": 89.12703442204638, "completition_cost": 777.7777777777778, "overshoot_cost": 51.99510942159423, "power_cost": 22.763440649414065, "noise_cost": 15.406986859567002, "n_waypoints_completed": 2, "tot_waypoints": 9}}
{"target": -570.4388117522891, "params": {"k_pid_pos": [2.0, 0.940883457660675, 0.9999372959136963], "k_pid_alt": [1.9966483116149902, 1.0, 0.013694465160369873], "k_pid_att": [100.0, 0.021437354385852814, 0.9780826568603516], "k_pid_yaw": [0.5, 1e-06, 0.1], "k_pid_hsp": [9.81734561920166, 0.9801660776138306, 0.027443796396255493], "k_pid_vsp": [9.150528907775879, 391.736328125, 1.0592231750488281]}, "datetime": {"datetime": "2025-08-21 17:46:18", "elapsed": 32495.40703678131, "delta": 23.520758867263794}, "costs": {"total_cost": 570.4388117522891, "time_cost": 150, "final_distance_cost": 32.88864251996056, "oscillation_cost": 176.41509380955543, "completition_cost": 111.11111111111116, "overshoot_cost": 61.51704532012432, "power_cost": 22.662314233398437, "noise_cost": 15.844604758139248, "n_waypoints_completed": 8, "tot_waypoints": 9}}
{"target": -1057.2177299477833, "params": {"k_pid_pos": [1.598395586013794, 0.9577990770339966, 0.0], "k_pid_alt": [1.9618265628814697, 1.0, 0.023028552532196045], "k_pid_att": [100.0, 0.963144063949585, 0.9895675182342529], "k_pid_yaw": [0.5, 1e-06, 0.1], "k_pid_hsp": [9.509358406066895, 0.9827477931976318, 0.01621130108833313], "k_pid_vsp": [4.803645610809326, 379.9364318847656, 42.546630859375]}, "datetime": {"datetime": "2025-08-21 17:46:43", "elapsed": 32519.797387599945, "delta": 24.390350818634033}, "costs": {"total_cost": 1057.2177299477833, "time_cost": 150, "final_distance_cost": 59.604057565180675, "oscillation_cost": 79.64551902928544, "completition_cost": 666.6666666666667, "overshoot_cost": 54.63943148610555, "power_cost": 25.321019384765627, "noise_cost": 21.341035815779076, "n_waypoints_completed": 3, "tot_waypoints": 9}}
{"target": -742.2349352988632, "params": {"k_pid_pos": [2.0, 0.9271693229675293, 0.12047958374023438], "k_pid_alt": [1.9621691703796387, 0.9999999403953552, 0.13673633337020874], "k_pid_att": [100.0, 0.0871940329670906, 0.9861464500427246], "k_pid_yaw": [0.5, 1e-06, 0.1], "k_pid_hsp": [9.905543327331543, 0.9945418834686279, 0.00835534930229187], "k_pid_vsp": [5.960690975189209, 384.975341796875, 12.820268630981445]}, "datetime": {"datetime": "2025-08-21 17:47:06", "elapsed": 32542.45250749588, "delta": 22.65511989593506}, "costs": {"total_cost": 742.2349352988632, "time_cost": 150, "final_distance_cost": 75.74562400448268, "oscillation_cost": 100.45860743481741, "completition_cost": 333.33333333333337, "overshoot_cost": 49.47005070139499, "power_cost": 19.55367586669922, "noise_cost": 13.673643958135628, "n_waypoints_completed": 6, "tot_waypoints": 9}}
{"target": -566.0710917205897, "params": {"k_pid_pos": [2.0, 0.9961236715316772, 0.9999825358390808], "k_pid_alt": [1.9716806411743164, 1.0, 0.009722143411636353], "k_pid_att": [100.0, 0.7897919416427612, 0.9655012488365173], "k_pid_yaw": [0.5, 1e-06, 0.1], "k_pid_hsp": [9.778861045837402, 0.9963740110397339, 0.015684574842453003], "k_pid_vsp": [0.8581280708312988, 397.86492919921875, 0.5612502694129944]}, "datetime": {"datetime": "2025-08-21 17:47:29", "elapsed": 32566.27822494507, "delta": 23.825717449188232}, "costs": {"total_cost": 566.0710917205897, "time_cost": 150, "final_distance_cost": 66.1532485739371, "oscillation_cost": 147.5663057193325, "completition_cost": 111.11111111111116, "overshoot_cost": 51.15145817888948, "power_cost": 23.23413349609375, "noise_cost": 16.854834641225764, "n_waypoints_completed": 8, "tot_waypoints": 9}}
{"target": -1055.0706422249425, "params": {"k_pid_pos": [2.0, 0.9593919515609741, 0.00026550889015197754], "k_pid_alt": [1.9506628513336182, 1.0, 0.024682611227035522], "k_pid_att": [100.0, 0.5749181509017944, 0.8287986516952515], "k_pid_yaw": [0.5, 1e-06, 0.1], "k_pid_hsp": [9.545111656188965, 0.9760839939117432, 0.009912878274917603], "k_pid_vsp": [2.6540279388427734, 396.2525939941406, 3.787649631500244]}, "datetime": {"datetime": "2025-08-21 17:47:55", "elapsed": 32591.896507024765, "delta": 25.618282079696655}, "costs": {"total_cost": 1055.0706422249425, "time_cost": 150, "final_distance_cost": 57.03197547031732, "oscillation_cost": 86.4763572378434, "completition_cost": 666.6666666666667, "overshoot_cost": 54.14471866493037, "power_cost": 23.134169848632812, "noise_cost": 17.616754336552063, "n_waypoints_completed": 3, "tot_waypoints": 9}}
{"target": -770.8210049040637, "params": {"k_pid_pos": [1.9999979734420776, 0.9855285882949829, 0.9984488487243652], "k_pid_alt": [1.8480868339538574, 1.0, 0.030966967344284058], "k_pid_att": [100.0, 0.07039165496826172, 0.9818753600120544], "k_pid_yaw": [0.5, 1e-06, 0.1], "k_pid_hsp": [9.662784576416016, 0.9737182259559631, 0.012031733989715576], "k_pid_vsp": [6.273961067199707, 394.7286682128906, 84.48820495605469]}, "datetime": {"datetime": "2025-08-21 17:48:19", "elapsed": 32616.116213083267, "delta": 24.219706058502197}, "costs": {"total_cost": 770.8210049040637, "time_cost": 150, "final_distance_cost": 63.99994843232994, "oscillation_cost": 129.30566640095282, "completition_cost": 333.33333333333337, "overshoot_cost": 50.81175897714908, "power_cost": 24.59405086669922, "noise_cost": 18.77624689359915, "n_waypoints_completed": 6, "tot_waypoints": 9}}
{"target": -611.4763016914785, "params": {"k_pid_pos": [2.0, 0.9889496564865112, 0.9999921321868896], "k_pid_alt": [1.9894914627075195, 1.0, 0.003037065267562866], "k_pid_att": [100.0, 0.27857157588005066, 0.8894957304000854], "k_pid_yaw": [0.5, 1e-06, 0.1], "k_pid_hsp": [8.485645294189453, 0.9868914484977722, 0.049516528844833374], "k_pid_vsp": [31.299495697021484, 390.976806640625, 5.165852069854736]}, "datetime": {"datetime": "2025-08-21 17:48:43", "elapsed": 32640.121027231216, "delta": 24.00481414794922}, "costs": {"total_cost": 611.4763016914785, "time_cost": 150, "final_distance_cost": 62.52436274019571, "oscillation_cost": 195.61536891361254, "completition_cost": 111.11111111111116, "overshoot_cost": 54.35588124353238, "power_cost": 21.324348767089845, "noise_cost": 16.545228915936875, "n_waypoints_completed": 8, "tot_waypoints": 9}}
{"target": -887.3163775969501, "params": {"k_pid_pos": [2.0, 0.9867788553237915, 0.9425240755081177], "k_pid_alt": [1.8685798645019531, 1.0, 0.07406759262084961], "k_pid_att": [100.0, 0.12301159650087357, 0.9828066825866699], "k_pid_yaw": [0.5, 1e-06, 0.1], "k_pid_hsp": [9.764225006103516, 0.9767625331878662, 0.025479227304458618], "k_pid_vsp": [16.334747314453125, 369.6033935546875, 7.504559516906738]}, "datetime": {"datetime": "2025-08-21 17:49:07", "elapsed": 32664.273190498352, "delta": 24.15216326713562}, "costs": {"total_cost": 887.3163775969501, "time_cost": 150, "final_distance_cost": 47.67421825594513, "oscillation_cost": 146.24943534309912, "completition_cost": 444.4444444444444, "overshoot_cost": 52.11213924885725, "power_cost": 25.73196015625, "noise_cost": 21.10418014835426, "n_waypoints_completed": 5, "tot_waypoints": 9}}
{"target": -691.9837520630899, "params": {"k_pid_pos": [2.0, 0.9883695244789124, 1.0], "k_pid_alt": [1.9780255556106567, 1.0, 0.02508002519607544], "k_pid_att": [100.0, 0.19569605588912964, 0.9867048263549805], "k_pid_yaw": [0.5, 1e-06, 0.1], "k_pid_hsp": [9.927349090576172, 0.9808281660079956, 0.001909494400024414], "k_pid_vsp": [3.6118268966674805, 386.6839904785156, 12.445832252502441]}, "datetime": {"datetime": "2025-08-21 17:49:32", "elapsed": 32688.634913682938, "delta": 24.36172318458557}, "costs": {"total_cost": 691.9837520630899, "time_cost": 150, "final_distance_cost": 69.6974783767948, "oscillation_cost": 154.40312846598184, "completition_cost": 222.2222222222222, "overshoot_cost": 55.530309002864435, "power_cost": 23.51242067871094, "noise_cost": 16.61819331651576, "n_waypoints_completed": 7, "tot_waypoints": 9}}
{"target": -1342.3644850564456, "params": {"k_pid_pos": [2.0, 0.9718611240386963, 0.0], "k_pid_alt": [1.9904017448425293, 0.9999990463256836, 0.027872353792190552], "k_pid_att": [100.0, 0.0765216276049614, 0.8900811672210693], "k_pid_yaw": [0.5, 1e-06, 0.1], "k_pid_hsp": [9.943483352661133, 0.9862484335899353, 0.018910318613052368], "k_pid_vsp": [12.605810165405273, 395.0289611816406, 6.222535133361816]}, "datetime": {"datetime": "2025-08-21 17:49:56", "elapsed": 32713.098119974136, "delta": 24.46320629119873}, "costs": {"total_cost": 1342.3644850564456, "time_cost": 150, "final_distance_cost": 38.33725671399118, "oscillation_cost": 75.24795644461163, "completition_cost": 1000.0, "overshoot_cost": 42.29993043306817, "power_cost": 21.53361472167969, "noise_cost": 14.945726743095172, "n_waypoints_completed": 0, "tot_waypoints": 9}}
{"target": -1061.9182450064932, "params": {"k_pid_pos": [2.0, 0.9932889342308044, 0.0009975433349609375], "k_pid_alt": [1.9697970151901245, 1.0, 0.023556023836135864], "k_pid_att": [100.0, 0.3547196388244629, 0.9610154032707214], "k_pid_yaw": [0.5, 1e-06, 0.1], "k_pid_hsp": [9.745638847351074, 0.9931241869926453, 0.01049157977104187], "k_pid_vsp": [4.4669270515441895, 398.51739501953125, 4.6011576652526855]}, "datetime": {"datetime": "2025-08-21 17:50:20", "elapsed": 32736.769564151764, "delta": 23.671444177627563}, "costs": {"total_cost": 1061.9182450064932, "time_cost": 150, "final_distance_cost": 69.49774867837992, "oscillation_cost": 79.61499839224307, "completition_cost": 666.6666666666667, "overshoot_cost": 55.54306981439447, "power_cost": 24.294943713378906, "noise_cost": 16.300817741429835, "n_waypoints_completed": 3, "tot_waypoints": 9}}
{"target": -1261.704177233911, "params": {"k_pid_pos": [0.049328651279211044, 0.9829164147377014, 6.8247318267822266e-06], "k_pid_alt": [1.9637300968170166, 1.0, 0.035801976919174194], "k_pid_att": [26.84848976135254, 0.8426100611686707, 0.9972847700119019], "k_pid_yaw": [0.5, 1e-06, 0.1], "k_pid_hsp": [9.986122131347656, 0.9876625537872314, 0.011694192886352539], "k_pid_vsp": [4.968404769897461, 393.20343017578125, 1.7569432258605957]}, "datetime": {"datetime": "2025-08-21 17:50:44", "elapsed": 32761.300515413284, "delta": 24.530951261520386}, "costs": {"total_cost": 1261.704177233911, "time_cost": 150, "final_distance_cost": 66.14225728149836, "oscillation_cost": 77.65949112931361, "completition_cost": 888.8888888888888, "overshoot_cost": 45.570873391485684, "power_cost": 19.850879553222658, "noise_cost": 13.59178698950166, "n_waypoints_completed": 1, "tot_waypoints": 9}}
{"target": -325.0987763819104, "params": {"k_pid_pos": [2.0, 0.9968193769454956, 1.0], "k_pid_alt": [1.9039218425750732, 1.0, 0.059951186180114746], "k_pid_att": [100.0, 0.019183725118637085, 0.9905338287353516], "k_pid_yaw": [0.5, 1e-06, 0.1], "k_pid_hsp": [9.513802528381348, 0.9309884309768677, 0.0044259727001190186], "k_pid_vsp": [1.4515876770019531, 397.33892822265625, 6.105793476104736]}, "datetime": {"datetime": "2025-08-21 17:51:08", "elapsed": 32784.65617442131, "delta": 23.355659008026123}, "costs": {"total_cost": 325.0987763819104, "time_cost": 95.792, "final_distance_cost": 1.7793713753285427, "oscillation_cost": 131.8479268220708, "completition_cost": 0.0, "overshoot_cost": 64.02236992556948, "power_cost": 18.268198791503906, "noise_cost": 13.388909467437635, "n_waypoints_completed": 9, "tot_waypoints": 9}}
{"target": -664.9490523967476, "params": {"k_pid_pos": [2.0, 0.9839979410171509, 0.9999985694885254], "k_pid_alt": [1.9639965295791626, 1.0, 0.02578788995742798], "k_pid_att": [100.0, 0.0572623685002327, 0.985705554485321], "k_pid_yaw": [0.5, 1e-06, 0.1], "k_pid_hsp": [9.810111045837402, 0.9292953014373779, 0.002308100461959839], "k_pid_vsp": [5.920732021331787, 378.6673889160156, 2.3468265533447266]}, "datetime": {"datetime": "2025-08-21 17:51:31", "elapsed": 32807.8794939518, "delta": 23.22331953048706}, "costs": {"total_cost": 664.9490523967476, "time_cost": 150, "final_distance_cost": 64.7903177217745, "oscillation_cost": 123.6776722737567, "completition_cost": 222.2222222222222, "overshoot_cost": 56.33860792663949, "power_cost": 26.4132310546875, "noise_cost": 21.50700119766724, "n_waypoints_completed": 7, "tot_waypoints": 9}}
{"target": -803.0845907076634, "params": {"k_pid_pos": [1.9757459163665771, 0.9807547926902771, 0.9988991022109985], "k_pid_alt": [1.9913973808288574, 1.0, 0.03155890107154846], "k_pid_att": [100.0, 0.6763633489608765, 0.9925153255462646], "k_pid_yaw": [0.5, 1e-06, 0.1], "k_pid_hsp": [9.658767700195312, 0.9698748588562012, 0.07232320308685303], "k_pid_vsp": [15.531229972839355, 369.89788818359375, 2.4620423316955566]}, "datetime": {"datetime": "2025-08-21 17:51:54", "elapsed": 32830.857885837555, "delta": 22.978391885757446}, "costs": {"total_cost": 803.0845907076634, "time_cost": 150, "final_distance_cost": 62.51026947287939, "oscillation_cost": 158.4987865088567, "completition_cost": 333.33333333333337, "overshoot_cost": 60.45712682632736, "power_cost": 21.90758278808594, "noise_cost": 16.37749177818063, "n_waypoints_completed": 6, "tot_waypoints": 9}}
{"target": -722.6849408381142, "params": {"k_pid_pos": [1.9999996423721313, 0.995915412902832, 0.999847412109375], "k_pid_alt": [1.985342264175415, 1.0, 0.031127989292144775], "k_pid_att": [100.0, 0.08296900242567062, 0.9949758052825928], "k_pid_yaw": [0.5, 1e-06, 0.1], "k_pid_hsp": [9.499930381774902, 0.9509860873222351, 0.01643061637878418], "k_pid_vsp": [1.7113327980041504, 388.1344909667969, 24.08690643310547]}, "datetime": {"datetime": "2025-08-21 17:52:17", "elapsed": 32854.24137711525, "delta": 23.383491277694702}, "costs": {"total_cost": 722.6849408381142, "time_cost": 150, "final_distance_cost": 64.08068889509504, "oscillation_cost": 194.51497078648973, "completition_cost": 222.2222222222222, "overshoot_cost": 56.27503380064658, "power_cost": 20.819193591308593, "noise_cost": 14.77283154235215, "n_waypoints_completed": 7, "tot_waypoints": 9}}
{"target": -956.9376584690938, "params": {"k_pid_pos": [2.0, 0.9907616972923279, 1.0], "k_pid_alt": [1.9504632949829102, 1.0, 0.015128940343856812], "k_pid_att": [100.0, 0.5707294940948486, 0.9618892669677734], "k_pid_yaw": [0.5, 1e-06, 0.1], "k_pid_hsp": [9.915539741516113, 0.9828042984008789, 0.15366679430007935], "k_pid_vsp": [2.65958309173584, 380.4631042480469, 45.34733200073242]}, "datetime": {"datetime": "2025-08-21 17:52:41", "elapsed": 32878.17779946327, "delta": 23.93642234802246}, "costs": {"total_cost": 956.9376584690938, "time_cost": 150, "final_distance_cost": 57.47886085078909, "oscillation_cost": 196.1542943137825, "completition_cost": 444.4444444444444, "overshoot_cost": 55.25919593982199, "power_cost": 28.055667944335937, "noise_cost": 25.54519497591983, "n_waypoints_completed": 5, "tot_waypoints": 9}}
{"target": -1194.156621687519, "params": {"k_pid_pos": [2.0, 0.9962230920791626, 0.0], "k_pid_alt": [1.8354021310806274, 1.0, 0.0032134056091308594], "k_pid_att": [100.0, 0.3464758098125458, 0.9615192413330078], "k_pid_yaw": [0.5, 1e-06, 0.1], "k_pid_hsp": [9.754623413085938, 0.8978840708732605, 0.00580403208732605], "k_pid_vsp": [7.153606414794922, 386.9501953125, 15.200139045715332]}, "datetime": {"datetime": "2025-08-21 17:53:05", "elapsed": 32901.691169023514, "delta": 23.5133695602417}, "costs": {"total_cost": 1194.156621687519, "time_cost": 150, "final_distance_cost": 96.38232127507754, "oscillation_cost": 81.47811001293844, "completition_cost": 777.7777777777778, "overshoot_cost": 48.68129517448888, "power_cost": 23.729666223144534, "noise_cost": 16.10745122409152, "n_waypoints_completed": 2, "tot_waypoints": 9}}
{"target": -785.0519433692614, "params": {"k_pid_pos": [2.0, 0.9458844065666199, 0.9999209642410278], "k_pid_alt": [1.992236614227295, 1.0, 0.025541335344314575], "k_pid_att": [100.0, 0.09386193752288818, 0.9456802606582642], "k_pid_yaw": [0.5, 1e-06, 0.1], "k_pid_hsp": [9.645771026611328, 0.9860777854919434, 0.016186237335205078], "k_pid_vsp": [20.399093627929688, 397.20220947265625, 6.338478088378906]}, "datetime": {"datetime": "2025-08-21 17:53:28", "elapsed": 32925.23615217209, "delta": 23.54498314857483}, "costs": {"total_cost": 785.0519433692614, "time_cost": 150, "final_distance_cost": 60.41389970459506, "oscillation_cost": 146.91677719330093, "completition_cost": 333.33333333333337, "overshoot_cost": 52.55837806266216, "power_cost": 23.760319360351563, "noise_cost": 18.06923571501828, "n_waypoints_completed": 6, "tot_waypoints": 9}}
{"target": -918.2153651435052, "params": {"k_pid_pos": [2.0, 0.967604398727417, 1.0], "k_pid_alt": [1.9955676794052124, 1.0, 0.04665035009384155], "k_pid_att": [100.0, 0.22417932748794556, 0.9511568546295166], "k_pid_yaw": [0.5, 1e-06, 0.1], "k_pid_hsp": [9.880889892578125, 0.9812085628509521, 0.0123310387134552], "k_pid_vsp": [4.406797885894775, 392.64141845703125, 24.782541275024414]}, "datetime": {"datetime": "2025-08-21 17:53:53", "elapsed": 32950.05053901672, "delta": 24.81438684463501}, "costs": {"total_cost": 918.2153651435052, "time_cost": 150, "final_distance_cost": 55.077335160032085, "oscillation_cost": 180.19828474531573, "completition_cost": 444.4444444444444, "overshoot_cost": 52.798550243636846, "power_cost": 20.125852673339846, "noise_cost": 15.570897876736273, "n_waypoints_completed": 5, "tot_waypoints": 9}}
{"target": -1266.0655034460576, "params": {"k_pid_pos": [2.0, 0.9890394806861877, 1.8268823623657227e-05], "k_pid_alt": [1.9498393535614014, 1.0, 0.018650054931640625], "k_pid_att": [100.0, 0.14486393332481384, 0.9780123233795166], "k_pid_yaw": [0.5, 1e-06, 0.1], "k_pid_hsp": [9.188973426818848, 0.9241477251052856, 0.011625707149505615], "k_pid_vsp": [20.9296817779541, 397.33782958984375, 14.833045959472656]}, "datetime": {"datetime": "2025-08-21 17:54:17", "elapsed": 32973.59448671341, "delta": 23.54394769668579}, "costs": {"total_cost": 1266.0655034460576, "time_cost": 150, "final_distance_cost": 55.75187143979257, "oscillation_cost": 109.60002165951931, "completition_cost": 888.8888888888888, "overshoot_cost": 35.59793495257602, "power_cost": 14.53386121826172, "noise_cost": 11.69292528701913, "n_waypoints_completed": 1, "tot_waypoints": 9}}
{"target": -1038.7816007144415, "params": {"k_pid_pos": [1.9999998807907104, 0.9955736994743347, 0.21590286493301392], "k_pid_alt": [1.9671306610107422, 1.0, 0.023713350296020508], "k_pid_att": [100.0, 0.27417251467704773, 0.9816015362739563], "k_pid_yaw": [0.5, 1e-06, 0.1], "k_pid_hsp": [9.93729019165039, 0.9919373989105225, 0.01301625370979309], "k_pid_vsp": [20.264911651611328, 376.5531921386719, 7.262218952178955]}, "datetime": {"datetime": "2025-08-21 17:54:40", "elapsed": 32996.89485192299, "delta": 23.300365209579468}, "costs": {"total_cost": 1038.7816007144415, "time_cost": 150, "final_distance_cost": 54.91655741101997, "oscillation_cost": 78.67700900394047, "completition_cost": 666.6666666666667, "overshoot_cost": 52.79274336191922, "power_cost": 20.117921130371094, "noise_cost": 15.610703140524215, "n_waypoints_completed": 3, "tot_waypoints": 9}}
