{"target": -855.1361676245926, "params": {"k_pid_pos": [1.9999990463256836, 0.9933065176010132, 0.4400569200515747], "k_pid_alt": [1.835464596748352, 1.0, 0.017939776182174683], "k_pid_att": [99.9907455444336, 0.9743621349334717, 0.9606987237930298], "k_pid_yaw": [0.5, 1e-06, 0.1], "k_pid_hsp": [9.68281078338623, 0.9423454999923706, 0.038731157779693604], "k_pid_vsp": [10.626279830932617, 374.55902099609375, 21.1002254486084]}, "datetime": {"datetime": "2025-08-21 13:00:09", "elapsed": 15325.630632638931, "delta": 23.79344892501831}, "costs": {"total_cost": 855.1361676245926, "time_cost": 150, "final_distance_cost": 43.70671788276132, "oscillation_cost": 121.9448425389281, "completition_cost": 444.4444444444444, "overshoot_cost": 51.87196253063786, "power_cost": 24.214866040039063, "noise_cost": 18.95333418778195, "n_waypoints_completed": 5, "tot_waypoints": 9}}
{"target": -1172.0993816943308, "params": {"k_pid_pos": [2.0, 0.9698088765144348, 0.0], "k_pid_alt": [1.9702637195587158, 1.0, 0.011426359415054321], "k_pid_att": [100.0, 0.2750636041164398, 0.9949837923049927], "k_pid_yaw": [0.5, 1e-06, 0.1], "k_pid_hsp": [7.165332317352295, 0.7481356263160706, 0.02170202136039734], "k_pid_vsp": [2.078068256378174, 329.9506530761719, 21.457651138305664]}, "datetime": {"datetime": "2025-08-21 13:00:32", "elapsed": 15349.03072977066, "delta": 23.400097131729126}, "costs": {"total_cost": 1172.0993816943308, "time_cost": 150, "final_distance_cost": 81.21865386669991, "oscillation_cost": 84.88488603391586, "completition_cost": 777.7777777777778, "overshoot_cost": 41.68099398035181, "power_cost": 21.77278555908203, "noise_cost": 14.764284476503356, "n_waypoints_completed": 2, "tot_waypoints": 9}}
{"target": -749.0739228463977, "params": {"k_pid_pos": [2.0, 0.985475480556488, 0.9935770034790039], "k_pid_alt": [1.9845505952835083, 1.0, 0.007916629314422607], "k_pid_att": [100.0, 0.2126668095588684, 0.9813538193702698], "k_pid_yaw": [0.5, 1e-06, 0.1], "k_pid_hsp": [8.563202857971191, 0.9914590120315552, 0.034339696168899536], "k_pid_vsp": [50.19572830200195, 388.2305603027344, 40.72019958496094]}, "datetime": {"datetime": "2025-08-21 13:00:56", "elapsed": 15372.629239559174, "delta": 23.598509788513184}, "costs": {"total_cost": 749.0739228463977, "time_cost": 150, "final_distance_cost": 64.05331142597154, "oscillation_cost": 221.61079319285602, "completition_cost": 222.2222222222222, "overshoot_cost": 50.9691023206181, "power_cost": 22.648588977050782, "noise_cost": 17.56990470767926, "n_waypoints_completed": 7, "tot_waypoints": 9}}
{"target": -1325.177530609417, "params": {"k_pid_pos": [1.9999306201934814, 0.9957886934280396, 3.3974647521972656e-06], "k_pid_alt": [1.9495590925216675, 0.9967512488365173, 0.11608952283859253], "k_pid_att": [100.0, 1.6527137756347656, 0.9889451861381531], "k_pid_yaw": [0.5, 1e-06, 0.1], "k_pid_hsp": [9.418888092041016, 0.9861291646957397, 0.01761043071746826], "k_pid_vsp": [118.84927368164062, 396.3792724609375, 44.72114944458008]}, "datetime": {"datetime": "2025-08-21 13:01:19", "elapsed": 15395.771696329117, "delta": 23.142456769943237}, "costs": {"total_cost": 1325.177530609417, "time_cost": 150, "final_distance_cost": 45.2331749250119, "oscillation_cost": 59.99781852573432, "completition_cost": 1000.0, "overshoot_cost": 30.6872157534095, "power_cost": 22.731776586914062, "noise_cost": 16.527544818347437, "n_waypoints_completed": 0, "tot_waypoints": 9}}
{"target": -702.0519544524961, "params": {"k_pid_pos": [2.0, 0.9574546813964844, 0.9981203675270081], "k_pid_alt": [1.9596889019012451, 1.0, 0.005217254161834717], "k_pid_att": [99.99999237060547, 1.1979237794876099, 0.9441938400268555], "k_pid_yaw": [0.5, 1e-06, 0.1], "k_pid_hsp": [9.673940658569336, 0.9939422607421875, 0.019768714904785156], "k_pid_vsp": [20.476341247558594, 369.20794677734375, 51.760887145996094]}, "datetime": {"datetime": "2025-08-21 13:01:43", "elapsed": 15419.54019522667, "delta": 23.76849889755249}, "costs": {"total_cost": 702.0519544524961, "time_cost": 150, "final_distance_cost": 69.53902319236433, "oscillation_cost": 166.98647188754413, "completition_cost": 222.2222222222222, "overshoot_cost": 52.12672385197058, "power_cost": 23.347073925781253, "noise_cost": 17.83043937261369, "n_waypoints_completed": 7, "tot_waypoints": 9}}
{"target": -553.8106248246131, "params": {"k_pid_pos": [2.0, 0.9486474990844727, 0.9999994039535522], "k_pid_alt": [1.9714410305023193, 0.9999996423721313, 0.029988110065460205], "k_pid_att": [100.0, 0.20612765848636627, 0.7407608032226562], "k_pid_yaw": [0.5, 1e-06, 0.1], "k_pid_hsp": [9.809295654296875, 0.9734234809875488, 0.005341708660125732], "k_pid_vsp": [19.849443435668945, 394.78619384765625, 4.392326831817627]}, "datetime": {"datetime": "2025-08-21 13:02:06", "elapsed": 15443.037957668304, "delta": 23.497762441635132}, "costs": {"total_cost": 553.8106248246131, "time_cost": 150, "final_distance_cost": 44.93500619094617, "oscillation_cost": 145.37047308408123, "completition_cost": 111.11111111111116, "overshoot_cost": 59.9280847526212, "power_cost": 25.20618395996094, "noise_cost": 17.259765725892407, "n_waypoints_completed": 8, "tot_waypoints": 9}}
{"target": -1278.2237366833187, "params": {"k_pid_pos": [2.0, 0.9475772380828857, 0.0], "k_pid_alt": [1.9538044929504395, 1.0, 0.01873055100440979], "k_pid_att": [100.0, 0.23226164281368256, 0.8423187136650085], "k_pid_yaw": [0.5, 1e-06, 0.1], "k_pid_hsp": [9.874190330505371, 0.9507592916488647, 0.02063852548599243], "k_pid_vsp": [13.031268119812012, 365.3182067871094, 4.9977192878723145]}, "datetime": {"datetime": "2025-08-21 13:02:29", "elapsed": 15466.13193154335, "delta": 23.093973875045776}, "costs": {"total_cost": 1278.2237366833187, "time_cost": 150, "final_distance_cost": 82.44687820159055, "oscillation_cost": 76.04213666855676, "completition_cost": 888.8888888888888, "overshoot_cost": 39.33046061891402, "power_cost": 24.70174619140625, "noise_cost": 16.813626113962226, "n_waypoints_completed": 1, "tot_waypoints": 9}}
{"target": -779.9009521163396, "params": {"k_pid_pos": [2.0, 0.7620104551315308, 0.9908291697502136], "k_pid_alt": [1.9677178859710693, 1.0, 0.004862457513809204], "k_pid_att": [99.99958038330078, 0.08609940111637115, 0.962317705154419], "k_pid_yaw": [0.5, 1e-06, 0.1], "k_pid_hsp": [8.774941444396973, 0.9697816371917725, 0.027816683053970337], "k_pid_vsp": [17.401933670043945, 398.99896240234375, 2.652371883392334]}, "datetime": {"datetime": "2025-08-21 13:02:52", "elapsed": 15489.313568353653, "delta": 23.181636810302734}, "costs": {"total_cost": 779.9009521163396, "time_cost": 150, "final_distance_cost": 61.572304112821165, "oscillation_cost": 140.19099861132162, "completition_cost": 333.33333333333337, "overshoot_cost": 52.881464717929404, "power_cost": 23.668099462890627, "noise_cost": 18.254751878043386, "n_waypoints_completed": 6, "tot_waypoints": 9}}
{"target": -535.1139613490459, "params": {"k_pid_pos": [1.999997854232788, 0.9515001773834229, 0.9999210238456726], "k_pid_alt": [1.9533064365386963, 1.0, 0.018893569707870483], "k_pid_att": [100.0, 0.29834553599357605, 0.9869328737258911], "k_pid_yaw": [0.5, 1e-06, 0.1], "k_pid_hsp": [9.119685173034668, 0.9931842088699341, 0.005095034837722778], "k_pid_vsp": [8.718490600585938, 351.2332763671875, 1.697624683380127]}, "datetime": {"datetime": "2025-08-21 13:03:16", "elapsed": 15512.996312379837, "delta": 23.682744026184082}, "costs": {"total_cost": 535.1139613490459, "time_cost": 150, "final_distance_cost": 19.65476896505742, "oscillation_cost": 157.06593311165702, "completition_cost": 111.11111111111116, "overshoot_cost": 65.60246274272271, "power_cost": 18.357731079101562, "noise_cost": 13.321954339395978, "n_waypoints_completed": 8, "tot_waypoints": 9}}
{"target": -695.5693525473177, "params": {"k_pid_pos": [1.9999828338623047, 0.9737420082092285, 0.9998295307159424], "k_pid_alt": [1.9610183238983154, 0.9477484226226807, 0.006735295057296753], "k_pid_att": [100.0, 0.05633165314793587, 0.9824137091636658], "k_pid_yaw": [0.5, 1e-06, 0.1], "k_pid_hsp": [9.87307071685791, 0.9902207255363464, 0.00896596908569336], "k_pid_vsp": [12.776708602905273, 390.60101318359375, 6.449724197387695]}, "datetime": {"datetime": "2025-08-21 13:03:39", "elapsed": 15536.204857587814, "delta": 23.208545207977295}, "costs": {"total_cost": 695.5693525473177, "time_cost": 150, "final_distance_cost": 73.18144493480274, "oscillation_cost": 154.7384992000585, "completition_cost": 222.2222222222222, "overshoot_cost": 54.62591233841167, "power_cost": 23.1469103515625, "noise_cost": 17.654363500260217, "n_waypoints_completed": 7, "tot_waypoints": 9}}
{"target": -741.6969318737382, "params": {"k_pid_pos": [1.9999983310699463, 0.989661693572998, 0.6707245111465454], "k_pid_alt": [1.9747899770736694, 1.0, 0.02619802951812744], "k_pid_att": [100.0, 0.1716654896736145, 0.9721053838729858], "k_pid_yaw": [0.5, 1e-06, 0.1], "k_pid_hsp": [9.957377433776855, 0.9972802400588989, 0.03477448225021362], "k_pid_vsp": [10.535324096679688, 389.6975402832031, 6.220651626586914]}, "datetime": {"datetime": "2025-08-21 13:04:03", "elapsed": 15559.633756160736, "delta": 23.428898572921753}, "costs": {"total_cost": 741.6969318737382, "time_cost": 150, "final_distance_cost": 71.47443313344156, "oscillation_cost": 208.09482905433336, "completition_cost": 222.2222222222222, "overshoot_cost": 55.33523456138231, "power_cost": 19.45269390869141, "noise_cost": 15.117518993667275, "n_waypoints_completed": 7, "tot_waypoints": 9}}
{"target": -1196.8225396527532, "params": {"k_pid_pos": [2.0, 0.9953718185424805, 1.4632940292358398e-05], "k_pid_alt": [1.8470861911773682, 0.3201637864112854, 0.0217856764793396], "k_pid_att": [99.99533081054688, 0.03198697417974472, 0.9898183941841125], "k_pid_yaw": [0.5, 1e-06, 0.1], "k_pid_hsp": [9.959486961364746, 0.939367413520813, 0.057917654514312744], "k_pid_vsp": [3.363966941833496, 388.8312683105469, 16.829647064208984]}, "datetime": {"datetime": "2025-08-21 13:04:26", "elapsed": 15582.916163921356, "delta": 23.282407760620117}, "costs": {"total_cost": 1196.8225396527532, "time_cost": 150, "final_distance_cost": 75.55955176060174, "oscillation_cost": 111.05709733700996, "completition_cost": 777.7777777777778, "overshoot_cost": 45.32538846673844, "power_cost": 21.9106142578125, "noise_cost": 15.192110052812932, "n_waypoints_completed": 2, "tot_waypoints": 9}}
{"target": -1352.70894815383, "params": {"k_pid_pos": [2.0, 0.9870213270187378, 0.0], "k_pid_alt": [1.835560917854309, 1.0, 0.0013416409492492676], "k_pid_att": [98.71753692626953, 1.4028931856155396, 0.9781312346458435], "k_pid_yaw": [0.5, 1e-06, 0.1], "k_pid_hsp": [9.736830711364746, 0.9850283861160278, 0.03290477395057678], "k_pid_vsp": [46.31698226928711, 395.9410095214844, 28.552486419677734]}, "datetime": {"datetime": "2025-08-21 13:04:49", "elapsed": 15606.293366909027, "delta": 23.3772029876709}, "costs": {"total_cost": 1352.70894815383, "time_cost": 150, "final_distance_cost": 46.62370548078559, "oscillation_cost": 83.22372483653663, "completition_cost": 1000.0, "overshoot_cost": 34.551218692546314, "power_cost": 22.313702734375003, "noise_cost": 15.996596409586315, "n_waypoints_completed": 0, "tot_waypoints": 9}}
{"target": -832.4425468349722, "params": {"k_pid_pos": [2.0, 0.9405006170272827, 0.0004489123821258545], "k_pid_alt": [1.8457610607147217, 0.9999982714653015, 0.06567883491516113], "k_pid_att": [99.88391876220703, 0.6016052961349487, 0.9946232438087463], "k_pid_yaw": [0.5, 1e-06, 0.1], "k_pid_hsp": [9.972925186157227, 0.9748733043670654, 0.00855603814125061], "k_pid_vsp": [9.645271301269531, 375.6561584472656, 4.089034557342529]}, "datetime": {"datetime": "2025-08-21 13:05:12", "elapsed": 15629.13837480545, "delta": 22.84500789642334}, "costs": {"total_cost": 832.4425468349722, "time_cost": 150, "final_distance_cost": 58.8285364721376, "oscillation_cost": 85.15895972677612, "completition_cost": 444.4444444444444, "overshoot_cost": 51.85958940110769, "power_cost": 23.775592321777346, "noise_cost": 18.375424468729133, "n_waypoints_completed": 5, "tot_waypoints": 9}}
{"target": -808.934320887605, "params": {"k_pid_pos": [1.999999761581421, 0.8958970308303833, 0.9998191595077515], "k_pid_alt": [1.989286184310913, 1.0, 0.09633514285087585], "k_pid_att": [99.93115997314453, 0.25961869955062866, 0.9871039986610413], "k_pid_yaw": [0.5, 1e-06, 0.1], "k_pid_hsp": [9.775723457336426, 0.9504076242446899, 0.013113290071487427], "k_pid_vsp": [4.32354211807251, 393.525634765625, 2.8596529960632324]}, "datetime": {"datetime": "2025-08-21 13:05:35", "elapsed": 15652.423323869705, "delta": 23.28494906425476}, "costs": {"total_cost": 808.934320887605, "time_cost": 150, "final_distance_cost": 70.22980463930382, "oscillation_cost": 161.16826571521034, "completition_cost": 333.33333333333337, "overshoot_cost": 53.99253708912807, "power_cost": 23.274534118652344, "noise_cost": 16.93584599197714, "n_waypoints_completed": 6, "tot_waypoints": 9}}
{"target": -1097.7575980984689, "params": {"k_pid_pos": [1.999999761581421, 0.9406896829605103, 0.997447669506073], "k_pid_alt": [1.980360507965088, 1.0, 0.030117541551589966], "k_pid_att": [100.0, 0.22118541598320007, 0.9868742227554321], "k_pid_yaw": [0.5, 1e-06, 0.1], "k_pid_hsp": [9.887792587280273, 0.9942746758460999, 0.009626835584640503], "k_pid_vsp": [2.1506786346435547, 370.7890930175781, 16.063644409179688]}, "datetime": {"datetime": "2025-08-21 13:05:59", "elapsed": 15675.74624633789, "delta": 23.322922468185425}, "costs": {"total_cost": 1097.7575980984689, "time_cost": 150, "final_distance_cost": 54.01327998633646, "oscillation_cost": 139.48550673931337, "completition_cost": 666.6666666666667, "overshoot_cost": 51.94375312671576, "power_cost": 20.992427783203127, "noise_cost": 14.655963796233417, "n_waypoints_completed": 3, "tot_waypoints": 9}}
{"target": -364.9351132487969, "params": {"k_pid_pos": [2.0, 0.9049209356307983, 0.9939478039741516], "k_pid_alt": [1.9467185735702515, 1.0, 0.009582430124282837], "k_pid_att": [100.0, 0.3618101179599762, 0.9841814041137695], "k_pid_yaw": [0.5, 1e-06, 0.1], "k_pid_hsp": [9.84416675567627, 0.9733357429504395, 0.027134835720062256], "k_pid_vsp": [8.615386962890625, 393.0688781738281, 13.991511344909668]}, "datetime": {"datetime": "2025-08-21 13:06:24", "elapsed": 15700.466412782669, "delta": 24.720166444778442}, "costs": {"total_cost": 364.9351132487969, "time_cost": 96.744, "final_distance_cost": 1.7421412967794396, "oscillation_cost": 170.91033274602717, "completition_cost": 0.0, "overshoot_cost": 58.475961153928154, "power_cost": 21.522156591796875, "noise_cost": 15.540521460265227, "n_waypoints_completed": 9, "tot_waypoints": 9}}
{"target": -1211.9378201364161, "params": {"k_pid_pos": [2.0, 0.9821228981018066, 0.0], "k_pid_alt": [1.9151573181152344, 0.9992684721946716, 0.00875970721244812], "k_pid_att": [99.9850845336914, 0.2297240048646927, 0.942979097366333], "k_pid_yaw": [0.5, 1e-06, 0.1], "k_pid_hsp": [9.895001411437988, 0.9625133275985718, 0.08744281530380249], "k_pid_vsp": [38.230751037597656, 376.64849853515625, 1.9342074394226074]}, "datetime": {"datetime": "2025-08-21 13:06:49", "elapsed": 15726.0427775383, "delta": 25.576364755630493}, "costs": {"total_cost": 1211.9378201364161, "time_cost": 150, "final_distance_cost": 89.87121249963782, "oscillation_cost": 114.93197673929967, "completition_cost": 777.7777777777778, "overshoot_cost": 43.911334367953735, "power_cost": 20.121331103515626, "noise_cost": 15.324187648231591, "n_waypoints_completed": 2, "tot_waypoints": 9}}
{"target": -1349.8292870311657, "params": {"k_pid_pos": [2.0, 0.9780666828155518, 0.00014585256576538086], "k_pid_alt": [1.4209833145141602, 1.0, 0.015478700399398804], "k_pid_att": [100.0, 0.3495919108390808, 0.9893096685409546], "k_pid_yaw": [0.5, 1e-06, 0.1], "k_pid_hsp": [9.449846267700195, 0.9690959453582764, 0.01247909665107727], "k_pid_vsp": [12.576079368591309, 382.2606506347656, 12.03832721710205]}, "datetime": {"datetime": "2025-08-21 13:07:13", "elapsed": 15749.927377462387, "delta": 23.884599924087524}, "costs": {"total_cost": 1349.8292870311657, "time_cost": 150, "final_distance_cost": 45.33944089546455, "oscillation_cost": 79.97918412060466, "completition_cost": 1000.0, "overshoot_cost": 37.15883964930428, "power_cost": 22.171713732910156, "noise_cost": 15.180108632881888, "n_waypoints_completed": 0, "tot_waypoints": 9}}
{"target": -928.0946759370248, "params": {"k_pid_pos": [2.0, 0.9858291149139404, 0.10940274596214294], "k_pid_alt": [1.9218107461929321, 0.9999988079071045, 0.014639586210250854], "k_pid_att": [99.99241638183594, 0.2646203637123108, 0.941856861114502], "k_pid_yaw": [0.5, 1e-06, 0.1], "k_pid_hsp": [9.582634925842285, 0.992260217666626, 0.0030549466609954834], "k_pid_vsp": [13.784015655517578, 389.21417236328125, 6.5678606033325195]}, "datetime": {"datetime": "2025-08-21 13:07:36", "elapsed": 15773.419483423233, "delta": 23.492105960845947}, "costs": {"total_cost": 928.0946759370248, "time_cost": 150, "final_distance_cost": 49.23346567644275, "oscillation_cost": 67.01779885712756, "completition_cost": 555.5555555555555, "overshoot_cost": 59.84591284221038, "power_cost": 26.44776573486328, "noise_cost": 19.994177270825237, "n_waypoints_completed": 4, "tot_waypoints": 9}}
{"target": -311.72881630638824, "params": {"k_pid_pos": [2.0, 0.952720046043396, 0.997124433517456], "k_pid_alt": [1.9704822301864624, 1.0, 0.04171234369277954], "k_pid_att": [100.0, 0.14591117203235626, 0.9483675956726074], "k_pid_yaw": [0.5, 1e-06, 0.1], "k_pid_hsp": [8.917170524597168, 0.9112089276313782, 0.012936979532241821], "k_pid_vsp": [97.25494384765625, 393.75244140625, 5.633438587188721]}, "datetime": {"datetime": "2025-08-21 13:07:59", "elapsed": 15796.277225255966, "delta": 22.857741832733154}, "costs": {"total_cost": 311.72881630638824, "time_cost": 96.2, "final_distance_cost": 1.7352538045612083, "oscillation_cost": 120.8616576416489, "completition_cost": 0.0, "overshoot_cost": 58.47974868261536, "power_cost": 18.222530590820313, "noise_cost": 16.229625586742443, "n_waypoints_completed": 9, "tot_waypoints": 9}}
{"target": -1193.5730008004023, "params": {"k_pid_pos": [1.9999980926513672, 0.9610686302185059, 0.0036829113960266113], "k_pid_alt": [1.971447229385376, 0.9999926090240479, 0.03336188197135925], "k_pid_att": [0.4415661096572876, 0.048005860298871994, 0.997202455997467], "k_pid_yaw": [0.5, 1e-06, 0.1], "k_pid_hsp": [9.786195755004883, 0.8961643576622009, 0.08695676922798157], "k_pid_vsp": [22.436487197875977, 392.1081848144531, 21.938098907470703]}, "datetime": {"datetime": "2025-08-21 13:08:23", "elapsed": 15819.82364988327, "delta": 23.546424627304077}, "costs": {"total_cost": 1193.5730008004023, "time_cost": 150, "final_distance_cost": 94.05534479814807, "oscillation_cost": 35.02127073986987, "completition_cost": 777.7777777777778, "overshoot_cost": 100.67992802065756, "power_cost": 21.705861364746095, "noise_cost": 14.332818099202692, "n_waypoints_completed": 2, "tot_waypoints": 9}}
{"target": -1401.8382977282108, "params": {"k_pid_pos": [0.013752476312220097, 0.9950136542320251, 0.9996103048324585], "k_pid_alt": [1.8647080659866333, 1.0, 0.015445142984390259], "k_pid_att": [100.0, 0.3206001818180084, 0.9895154237747192], "k_pid_yaw": [0.5, 1e-06, 0.1], "k_pid_hsp": [9.944183349609375, 0.8666117191314697, 0.04862278699874878], "k_pid_vsp": [6.363248825073242, 326.30010986328125, 20.759511947631836]}, "datetime": {"datetime": "2025-08-21 13:08:46", "elapsed": 15842.703095674515, "delta": 22.879445791244507}, "costs": {"total_cost": 1401.8382977282108, "time_cost": 150, "final_distance_cost": 43.04587413427995, "oscillation_cost": 135.82284988904829, "completition_cost": 1000.0, "overshoot_cost": 30.599625350809585, "power_cost": 25.129236193847657, "noise_cost": 17.24071216022518, "n_waypoints_completed": 0, "tot_waypoints": 9}}
{"target": -1294.6874892290693, "params": {"k_pid_pos": [2.0, 0.9729313850402832, 0.0016601979732513428], "k_pid_alt": [1.971426248550415, 1.0, 0.0314784049987793], "k_pid_att": [100.0, 0.13337434828281403, 0.9474678039550781], "k_pid_yaw": [0.5, 1e-06, 0.1], "k_pid_hsp": [8.492047309875488, 0.960938572883606, 0.036476314067840576], "k_pid_vsp": [10.640573501586914, 392.1738586425781, 6.086374282836914]}, "datetime": {"datetime": "2025-08-21 13:09:09", "elapsed": 15865.646186113358, "delta": 22.943090438842773}, "costs": {"total_cost": 1294.6874892290693, "time_cost": 150, "final_distance_cost": 51.59729306896217, "oscillation_cost": 78.24685278800332, "completition_cost": 888.8888888888888, "overshoot_cost": 67.25887869110058, "power_cost": 26.02235809326172, "noise_cost": 32.673217698852746, "n_waypoints_completed": 1, "tot_waypoints": 9}}
{"target": -867.5285991452016, "params": {"k_pid_pos": [2.0, 0.996344804763794, 0.5811805129051208], "k_pid_alt": [1.9889198541641235, 1.0, 0.02480587363243103], "k_pid_att": [100.0, 1.775997281074524, 0.9886436462402344], "k_pid_yaw": [0.5, 1e-06, 0.1], "k_pid_hsp": [9.778824806213379, 0.8659610152244568, 0.04047203063964844], "k_pid_vsp": [16.096614837646484, 390.9615173339844, 6.780041217803955]}, "datetime": {"datetime": "2025-08-21 13:09:32", "elapsed": 15888.430310487747, "delta": 22.78412437438965}, "costs": {"total_cost": 867.5285991452016, "time_cost": 150, "final_distance_cost": 46.95153164325473, "oscillation_cost": 129.69804644682145, "completition_cost": 444.4444444444444, "overshoot_cost": 51.88501512079654, "power_cost": 24.378951501464844, "noise_cost": 20.170609988419805, "n_waypoints_completed": 5, "tot_waypoints": 9}}
