{"target": -226.45084789320856, "params": {"k_pid_pos": [0.699999988079071, 0.009999999776482582, 0.09000000357627869], "k_pid_alt": [0.699999988079071, 0.0, 0.10000000149011612], "k_pid_att": [20.0, 1.0, 0.009999999776482582], "k_pid_yaw": [0.5, 1e-06, 0.1], "k_pid_hsp": [1.0, 0.009999999776482582, 0.009999999776482582], "k_pid_vsp": [150.0, 10.0, 1.0]}, "datetime": {"datetime": "2025-08-21 08:45:06", "elapsed": 22.607218742370605, "delta": 22.607218742370605}, "costs": {"total_cost": 226.45084789320856, "time_cost": 80.536, "final_distance_cost": 1.8503850067790897, "oscillation_cost": 57.567299920558604, "completition_cost": 0.0, "overshoot_cost": 51.61082265599855, "power_cost": 18.711383752441407, "noise_cost": 16.17495655743089, "n_waypoints_completed": 9, "tot_waypoints": 9}}
{"target": -1198.5783398325202, "params": {"k_pid_pos": [0.011241696774959564, 0.2917107939720154, 0.019411802291870117], "k_pid_alt": [0.42548561096191406, 1.0, 1.0], "k_pid_att": [99.90738677978516, 2.2879326343536377, 0.9989252090454102], "k_pid_yaw": [0.5, 1e-06, 0.1], "k_pid_hsp": [9.290875434875488, 0.19037678837776184, 0.005571335554122925], "k_pid_vsp": [399.3279113769531, 56.889892578125, 0.7503162026405334]}, "datetime": {"datetime": "2025-08-21 08:45:36", "elapsed": 53.398231744766235, "delta": 30.79101300239563}, "costs": {"total_cost": 1198.5783398325202, "time_cost": 150, "final_distance_cost": 66.83318429041009, "oscillation_cost": 35.60232050514015, "completition_cost": 888.8888888888888, "overshoot_cost": 33.88624434750742, "power_cost": 11.657830029296875, "noise_cost": 11.70987177127678, "n_waypoints_completed": 1, "tot_waypoints": 9}}
{"target": -1326.9504142735586, "params": {"k_pid_pos": [9.999999747378752e-05, 0.46500739455223083, 0.9999997019767761], "k_pid_alt": [1.9945149421691895, 0.36661070585250854, 2.86102294921875e-05], "k_pid_att": [77.248779296875, 10.0, 0.9888547658920288], "k_pid_yaw": [0.5, 1e-06, 0.1], "k_pid_hsp": [9.752257347106934, 0.6648300886154175, 0.03159347176551819], "k_pid_vsp": [387.473876953125, 112.08848571777344, 8.085740089416504]}, "datetime": {"datetime": "2025-08-21 08:46:05", "elapsed": 82.3788549900055, "delta": 28.980623245239258}, "costs": {"total_cost": 1326.9504142735586, "time_cost": 150, "final_distance_cost": 64.54199452821673, "oscillation_cost": 154.0688563141944, "completition_cost": 888.8888888888888, "overshoot_cost": 36.063106387218056, "power_cost": 18.11041201171875, "noise_cost": 15.277156143321625, "n_waypoints_completed": 1, "tot_waypoints": 9}}
{"target": -22651.248241129, "params": {"k_pid_pos": [9.999999747378752e-05, 0.8512060046195984, 0.0], "k_pid_alt": [0.15812259912490845, 3.170967102050781e-05, 1.0], "k_pid_att": [0.00027120113372802734, 9.999999046325684, 0.8729051351547241], "k_pid_yaw": [0.5, 1e-06, 0.1], "k_pid_hsp": [3.603151559829712, 0.6230975389480591, 0.9988498091697693], "k_pid_vsp": [396.732177734375, 183.4425506591797, 85.8826904296875]}, "datetime": {"datetime": "2025-08-21 08:46:37", "elapsed": 113.63762044906616, "delta": 31.25876545906067}, "costs": {"total_cost": 22651.248241129, "time_cost": 150, "final_distance_cost": 6869.065756298764, "oscillation_cost": 1956.8264406760788, "completition_cost": 1000.0, "overshoot_cost": 12538.4120187876, "power_cost": 35.14986925048828, "noise_cost": 101.79415611606927, "n_waypoints_completed": 0, "tot_waypoints": 9}}
{"target": -9189.487625538068, "params": {"k_pid_pos": [1.9937987327575684, 0.9317668080329895, 0.06618651747703552], "k_pid_alt": [0.061342477798461914, 1.0, 0.9999994039535522], "k_pid_att": [0.11178553104400635, 9.99831771850586, 0.5166318416595459], "k_pid_yaw": [0.5, 1e-06, 0.1], "k_pid_hsp": [0.5069645047187805, 0.6385535001754761, 0.832050085067749], "k_pid_vsp": [287.64794921875, 122.94597625732422, 399.519287109375]}, "datetime": {"datetime": "2025-08-21 08:47:06", "elapsed": 142.4918451309204, "delta": 28.854224681854248}, "costs": {"total_cost": 9189.487625538068, "time_cost": 150, "final_distance_cost": 1617.390180950651, "oscillation_cost": 2375.6996379017305, "completition_cost": 1000.0, "overshoot_cost": 3906.3215196812876, "power_cost": 35.42760059814453, "noise_cost": 104.6486864062536, "n_waypoints_completed": 0, "tot_waypoints": 9}}
{"target": -2649.1946464001085, "params": {"k_pid_pos": [1.970693588256836, 0.6242119073867798, 0.9999336004257202], "k_pid_alt": [0.9737698435783386, 2.9802322387695312e-08, 0.7471230030059814], "k_pid_att": [5.9604644775390625e-06, 0.00030146166682243347, 0.18864816427230835], "k_pid_yaw": [0.5, 1e-06, 0.1], "k_pid_hsp": [7.475059509277344, 0.552711009979248, 0.2813901901245117], "k_pid_vsp": [139.77308654785156, 353.0697021484375, 0.30062299966812134]}, "datetime": {"datetime": "2025-08-21 08:47:35", "elapsed": 172.1375195980072, "delta": 29.645674467086792}, "costs": {"total_cost": 2649.1946464001085, "time_cost": 150, "final_distance_cost": 340.58009452223877, "oscillation_cost": 4.4471044385240575, "completition_cost": 888.8888888888888, "overshoot_cost": 1232.8801581111159, "power_cost": 17.565381408691408, "noise_cost": 14.833019030649703, "n_waypoints_completed": 1, "tot_waypoints": 9}}
{"target": -949.0418871928548, "params": {"k_pid_pos": [2.0, 0.3601488769054413, 0.987372875213623], "k_pid_alt": [0.6767434477806091, 0.9999819993972778, 0.2646806240081787], "k_pid_att": [99.99969482421875, 10.0, 0.39176759123802185], "k_pid_yaw": [0.5, 1e-06, 0.1], "k_pid_hsp": [4.690988063812256, 0.679755687713623, 0.8571722507476807], "k_pid_vsp": [28.059757232666016, 260.2860107421875, 49.857200622558594]}, "datetime": {"datetime": "2025-08-21 08:48:05", "elapsed": 201.8387520313263, "delta": 29.701232433319092}, "costs": {"total_cost": 949.0418871928548, "time_cost": 150, "final_distance_cost": 82.59242659657696, "oscillation_cost": 293.8595532658821, "completition_cost": 333.33333333333337, "overshoot_cost": 53.7990436350169, "power_cost": 19.238723193359377, "noise_cost": 16.21880716868615, "n_waypoints_completed": 6, "tot_waypoints": 9}}
{"target": -3264.2432540459604, "params": {"k_pid_pos": [1.9966100454330444, 0.14040732383728027, 0.00048044323921203613], "k_pid_alt": [1.1003435850143433, 0.9999833106994629, 0.47810372710227966], "k_pid_att": [0.2330690622329712, 9.999966621398926, 0.006692856550216675], "k_pid_yaw": [0.5, 1e-06, 0.1], "k_pid_hsp": [1.778199315071106, 0.3817492127418518, 0.8408064842224121], "k_pid_vsp": [396.58587646484375, 288.12744140625, 399.1246337890625]}, "datetime": {"datetime": "2025-08-21 08:48:32", "elapsed": 228.76633977890015, "delta": 26.927587747573853}, "costs": {"total_cost": 3264.2432540459604, "time_cost": 150, "final_distance_cost": 241.2879991836627, "oscillation_cost": 1333.10009224874, "completition_cost": 1000.0, "overshoot_cost": 409.8629094236124, "power_cost": 32.57653134765625, "noise_cost": 97.41572184228882, "n_waypoints_completed": 0, "tot_waypoints": 9}}
{"target": -1259.7087776615979, "params": {"k_pid_pos": [1.9999761581420898, 0.3140212893486023, 0.0], "k_pid_alt": [1.254483699798584, 0.9999998807907104, 0.30062082409858704], "k_pid_att": [99.99982452392578, 2.407640218734741, 0.27816158533096313], "k_pid_yaw": [0.5, 1e-06, 0.1], "k_pid_hsp": [4.655577182769775, 0.30715543031692505, 0.779237687587738], "k_pid_vsp": [125.8372802734375, 297.0379333496094, 392.1067199707031]}, "datetime": {"datetime": "2025-08-21 08:49:02", "elapsed": 258.95844745635986, "delta": 30.192107677459717}, "costs": {"total_cost": 1259.7087776615979, "time_cost": 150, "final_distance_cost": 51.982397016843315, "oscillation_cost": 276.88511151357443, "completition_cost": 666.6666666666667, "overshoot_cost": 70.37668432032453, "power_cost": 24.463832177734375, "noise_cost": 19.334085966454392, "n_waypoints_completed": 3, "tot_waypoints": 9}}
{"target": -1558.2758842472974, "params": {"k_pid_pos": [0.005835110321640968, 0.8832917213439941, 0.15722018480300903], "k_pid_alt": [0.7418663501739502, 0.0016035139560699463, 0.29123231768608093], "k_pid_att": [99.99984741210938, 9.999946594238281, 0.43710583448410034], "k_pid_yaw": [0.5, 1e-06, 0.1], "k_pid_hsp": [8.091954231262207, 0.2687748670578003, 0.7808910608291626], "k_pid_vsp": [28.674030303955078, 300.7677001953125, 388.58526611328125]}, "datetime": {"datetime": "2025-08-21 08:49:28", "elapsed": 284.49308133125305, "delta": 25.53463387489319}, "costs": {"total_cost": 1558.2758842472974, "time_cost": 150, "final_distance_cost": 97.944829099892, "oscillation_cost": 146.55915730937087, "completition_cost": 1000.0, "overshoot_cost": 114.88253348732204, "power_cost": 23.869064099121093, "noise_cost": 25.020300251591525, "n_waypoints_completed": 0, "tot_waypoints": 9}}
{"target": -5785.638849881822, "params": {"k_pid_pos": [2.0, 0.7529131174087524, 0.0], "k_pid_alt": [0.44195640087127686, 6.705522537231445e-06, 0.5009670853614807], "k_pid_att": [0.0, 9.999999747378752e-05, 0.22840657830238342], "k_pid_yaw": [0.5, 1e-06, 0.1], "k_pid_hsp": [9.287095069885254, 0.1587669551372528, 0.6797260046005249], "k_pid_vsp": [1.0129690170288086, 107.9130859375, 375.03338623046875]}, "datetime": {"datetime": "2025-08-21 08:49:57", "elapsed": 313.9947726726532, "delta": 29.501691341400146}, "costs": {"total_cost": 5785.638849881822, "time_cost": 150, "final_distance_cost": 1951.1550526968401, "oscillation_cost": 2.5224041252141554, "completition_cost": 1000.0, "overshoot_cost": 2632.891955354635, "power_cost": 26.352110473632813, "noise_cost": 22.717327231500146, "n_waypoints_completed": 0, "tot_waypoints": 9}}
{"target": -10066.988750759343, "params": {"k_pid_pos": [1.9999966621398926, 0.04756388068199158, 0.9998363256454468], "k_pid_alt": [1.0797151327133179, 0.007518857717514038, 0.46701398491859436], "k_pid_att": [6.258487701416016e-05, 1.0333659648895264, 0.002916783094406128], "k_pid_yaw": [0.5, 1e-06, 0.1], "k_pid_hsp": [1.030434012413025, 0.04373618960380554, 0.5398081541061401], "k_pid_vsp": [308.3437194824219, 263.346923828125, 322.9936218261719]}, "datetime": {"datetime": "2025-08-21 08:50:23", "elapsed": 339.51253724098206, "delta": 25.517764568328857}, "costs": {"total_cost": 10066.988750759343, "time_cost": 150, "final_distance_cost": 2680.526000830544, "oscillation_cost": 1698.9184005444909, "completition_cost": 1000.0, "overshoot_cost": 4412.223419156428, "power_cost": 31.41073759765625, "noise_cost": 93.91019263022463, "n_waypoints_completed": 0, "tot_waypoints": 9}}
{"target": -6397.182365782258, "params": {"k_pid_pos": [1.999997615814209, 0.019835859537124634, 0.999993085861206], "k_pid_alt": [0.4343498945236206, 0.9999998807907104, 0.765869140625], "k_pid_att": [0.005018711090087891, 2.77040433883667, 0.09503749012947083], "k_pid_yaw": [0.5, 1e-06, 0.1], "k_pid_hsp": [3.7794182300567627, 0.34056755900382996, 0.4319712519645691], "k_pid_vsp": [44.00676345825195, 145.00006103515625, 236.56040954589844]}, "datetime": {"datetime": "2025-08-21 08:50:52", "elapsed": 368.464097738266, "delta": 28.951560497283936}, "costs": {"total_cost": 6397.182365782258, "time_cost": 150, "final_distance_cost": 1417.5475113014681, "oscillation_cost": 1643.2331116032628, "completition_cost": 1000.0, "overshoot_cost": 2053.6165311867176, "power_cost": 33.333365954589844, "noise_cost": 99.4518457362203, "n_waypoints_completed": 0, "tot_waypoints": 9}}
{"target": -5435.201781626328, "params": {"k_pid_pos": [1.9963186979293823, 0.8897308707237244, 1.0], "k_pid_alt": [0.9964395761489868, 0.0, 0.3920072913169861], "k_pid_att": [0.0, 4.231733322143555, 0.053955793380737305], "k_pid_yaw": [0.5, 1e-06, 0.1], "k_pid_hsp": [1.7218296527862549, 0.9928807020187378, 0.350533664226532], "k_pid_vsp": [149.0121307373047, 142.38951110839844, 135.86651611328125]}, "datetime": {"datetime": "2025-08-21 08:51:18", "elapsed": 394.79879212379456, "delta": 26.334694385528564}, "costs": {"total_cost": 5435.201781626328, "time_cost": 150, "final_distance_cost": 569.2040538719555, "oscillation_cost": 1990.2555562498449, "completition_cost": 1000.0, "overshoot_cost": 1587.0071589002307, "power_cost": 35.449532348632815, "noise_cost": 103.28548025566407, "n_waypoints_completed": 0, "tot_waypoints": 9}}
{"target": -6126.702783898975, "params": {"k_pid_pos": [2.0, 0.8713739514350891, 0.09768402576446533], "k_pid_alt": [1.628096580505371, 1.7285346984863281e-06, 0.7234790325164795], "k_pid_att": [0.29272139072418213, 6.294003486633301, 0.01823398470878601], "k_pid_yaw": [0.5, 1e-06, 0.1], "k_pid_hsp": [1.4840470552444458, 0.9875596761703491, 0.35841238498687744], "k_pid_vsp": [264.1532287597656, 14.399327278137207, 169.7275390625]}, "datetime": {"datetime": "2025-08-21 08:51:46", "elapsed": 422.4493374824524, "delta": 27.650545358657837}, "costs": {"total_cost": 6126.702783898975, "time_cost": 150, "final_distance_cost": 986.0741577400748, "oscillation_cost": 2022.1747074639122, "completition_cost": 1000.0, "overshoot_cost": 1842.8232689054835, "power_cost": 34.6290029663086, "noise_cost": 91.00164682319573, "n_waypoints_completed": 0, "tot_waypoints": 9}}
{"target": -19203.214434703073, "params": {"k_pid_pos": [2.0, 0.9134457111358643, 1.0], "k_pid_alt": [0.44289886951446533, 0.035171687602996826, 0.7829314470291138], "k_pid_att": [0.0, 3.883960485458374, 0.23671182990074158], "k_pid_yaw": [0.5, 1e-06, 0.1], "k_pid_hsp": [5.477597713470459, 0.3163900375366211, 0.3382146954536438], "k_pid_vsp": [55.2002067565918, 380.2334899902344, 177.94117736816406]}, "datetime": {"datetime": "2025-08-21 08:52:14", "elapsed": 450.865252494812, "delta": 28.41591501235962}, "costs": {"total_cost": 19203.214434703073, "time_cost": 150, "final_distance_cost": 5701.150033972284, "oscillation_cost": 2130.6062964333155, "completition_cost": 1000.0, "overshoot_cost": 10082.050951571788, "power_cost": 35.356423071289065, "noise_cost": 104.05072965439946, "n_waypoints_completed": 0, "tot_waypoints": 9}}
{"target": -1356.7417973750314, "params": {"k_pid_pos": [1.9688135385513306, 0.9588632583618164, 0.0], "k_pid_alt": [1.317225694656372, 0.7833281755447388, 0.6118793487548828], "k_pid_att": [2.617746591567993, 5.545780658721924, 0.8186022043228149], "k_pid_yaw": [0.5, 1e-06, 0.1], "k_pid_hsp": [0.08038188517093658, 0.9854688048362732, 0.3565860390663147], "k_pid_vsp": [204.902099609375, 27.818967819213867, 86.5439453125]}, "datetime": {"datetime": "2025-08-21 08:52:43", "elapsed": 479.9053771495819, "delta": 29.040124654769897}, "costs": {"total_cost": 1356.7417973750314, "time_cost": 150, "final_distance_cost": 118.90854496228548, "oscillation_cost": 171.21964677413249, "completition_cost": 666.6666666666667, "overshoot_cost": 211.76134851603544, "power_cost": 21.797201794433594, "noise_cost": 16.388388661477574, "n_waypoints_completed": 3, "tot_waypoints": 9}}
{"target": -1135.0666227633703, "params": {"k_pid_pos": [0.0001981043315026909, 0.9222721457481384, 0.0], "k_pid_alt": [0.7073574662208557, 0.0002390444278717041, 0.29957208037376404], "k_pid_att": [83.78404235839844, 5.636927127838135, 0.76972496509552], "k_pid_yaw": [0.5, 1e-06, 0.1], "k_pid_hsp": [0.8233454823493958, 0.11624425649642944, 0.444302499294281], "k_pid_vsp": [251.01988220214844, 360.7078857421875, 44.0867919921875]}, "datetime": {"datetime": "2025-08-21 08:53:13", "elapsed": 510.4236550331116, "delta": 30.518277883529663}, "costs": {"total_cost": 1135.0666227633703, "time_cost": 150, "final_distance_cost": 60.46366756896111, "oscillation_cost": 158.38406285609773, "completition_cost": 666.6666666666667, "overshoot_cost": 62.146754007894415, "power_cost": 21.455731591796877, "noise_cost": 15.94974007195342, "n_waypoints_completed": 3, "tot_waypoints": 9}}
{"target": -6578.980840722556, "params": {"k_pid_pos": [0.3270554542541504, 0.8607403635978699, 0.13865762948989868], "k_pid_alt": [1.81520676612854, 0.0, 0.2404663860797882], "k_pid_att": [2.9802322387695312e-06, 6.151422023773193, 0.5262426733970642], "k_pid_yaw": [0.5, 1e-06, 0.1], "k_pid_hsp": [0.22613315284252167, 0.9492610096931458, 0.258760541677475], "k_pid_vsp": [358.8225402832031, 273.4930114746094, 39.63432312011719]}, "datetime": {"datetime": "2025-08-21 08:53:39", "elapsed": 535.7726054191589, "delta": 25.348950386047363}, "costs": {"total_cost": 6578.980840722556, "time_cost": 150, "final_distance_cost": 1074.5669452182165, "oscillation_cost": 2066.2679237979596, "completition_cost": 1000.0, "overshoot_cost": 2152.2875267634986, "power_cost": 35.56722093505859, "noise_cost": 100.29122400782201, "n_waypoints_completed": 0, "tot_waypoints": 9}}
{"target": -1279.542257406701, "params": {"k_pid_pos": [2.0, 0.4921293556690216, 0.9999978542327881], "k_pid_alt": [0.12880080938339233, 0.0006637871265411377, 0.8027172684669495], "k_pid_att": [98.45919799804688, 6.128224849700928, 0.7616459727287292], "k_pid_yaw": [0.5, 1e-06, 0.1], "k_pid_hsp": [1.0249665975570679, 0.9657401442527771, 0.84766685962677], "k_pid_vsp": [245.81141662597656, 28.48369026184082, 17.982521057128906]}, "datetime": {"datetime": "2025-08-21 08:54:07", "elapsed": 563.9074432849884, "delta": 28.134837865829468}, "costs": {"total_cost": 1279.542257406701, "time_cost": 150, "final_distance_cost": 75.07689785087977, "oscillation_cost": 183.70106035612935, "completition_cost": 777.7777777777778, "overshoot_cost": 45.37669161049721, "power_cost": 27.926993725585938, "noise_cost": 19.682836085831124, "n_waypoints_completed": 2, "tot_waypoints": 9}}
{"target": -1116.2451765984333, "params": {"k_pid_pos": [0.31769973039627075, 0.521048367023468, 0.36729827523231506], "k_pid_alt": [1.63619065284729, 0.028266191482543945, 0.5789943337440491], "k_pid_att": [10.625129699707031, 4.95879602432251, 0.4777093827724457], "k_pid_yaw": [0.5, 1e-06, 0.1], "k_pid_hsp": [8.395439147949219, 0.0353754460811615, 0.7391648292541504], "k_pid_vsp": [52.69272232055664, 338.5002746582031, 159.18685913085938]}, "datetime": {"datetime": "2025-08-21 08:54:34", "elapsed": 591.068900346756, "delta": 27.161457061767578}, "costs": {"total_cost": 1116.2451765984333, "time_cost": 150, "final_distance_cost": 67.46190242503388, "oscillation_cost": 173.62640747934662, "completition_cost": 666.6666666666667, "overshoot_cost": 35.214103683571096, "power_cost": 12.645885693359375, "noise_cost": 10.63021065045562, "n_waypoints_completed": 3, "tot_waypoints": 9}}
{"target": -1969.810508356252, "params": {"k_pid_pos": [2.0, 0.7276915907859802, 0.00016939640045166016], "k_pid_alt": [0.8423506617546082, 1.0, 0.7778241038322449], "k_pid_att": [0.8060306310653687, 4.864978790283203, 0.6228572130203247], "k_pid_yaw": [0.5, 1e-06, 0.1], "k_pid_hsp": [8.408097267150879, 0.08116140961647034, 0.9875511527061462], "k_pid_vsp": [3.8248300552368164, 29.298629760742188, 378.1104431152344]}, "datetime": {"datetime": "2025-08-21 08:55:03", "elapsed": 619.8718590736389, "delta": 28.802958726882935}, "costs": {"total_cost": 1969.810508356252, "time_cost": 150, "final_distance_cost": 35.17125033197845, "oscillation_cost": 513.0470776229084, "completition_cost": 1000.0, "overshoot_cost": 153.60087835830436, "power_cost": 28.994347412109377, "noise_cost": 88.99695463095145, "n_waypoints_completed": 0, "tot_waypoints": 9}}
{"target": -984.0931467131813, "params": {"k_pid_pos": [0.12129295617341995, 0.42434313893318176, 0.05288517475128174], "k_pid_alt": [1.839361548423767, 0.05058044195175171, 0.9946644306182861], "k_pid_att": [99.99998474121094, 4.848806381225586, 0.5636320114135742], "k_pid_yaw": [0.5, 1e-06, 0.1], "k_pid_hsp": [3.3665406703948975, 0.6637880802154541, 0.19831940531730652], "k_pid_vsp": [366.1729736328125, 376.7942810058594, 145.20416259765625]}, "datetime": {"datetime": "2025-08-21 08:55:30", "elapsed": 646.8906655311584, "delta": 27.01880645751953}, "costs": {"total_cost": 984.0931467131813, "time_cost": 150, "final_distance_cost": 45.686133178322045, "oscillation_cost": 265.7189222999971, "completition_cost": 444.4444444444444, "overshoot_cost": 44.71442914114771, "power_cost": 18.580322509765626, "noise_cost": 14.948895139504566, "n_waypoints_completed": 5, "tot_waypoints": 9}}
{"target": -1400.3899884917948, "params": {"k_pid_pos": [0.0004414579307194799, 0.7854356169700623, 0.0], "k_pid_alt": [1.9188928604125977, 0.005805522203445435, 0.8230549097061157], "k_pid_att": [99.95935821533203, 6.225896835327148, 0.4765675365924835], "k_pid_yaw": [0.5, 1e-06, 0.1], "k_pid_hsp": [5.945926189422607, 0.17778342962265015, 0.25144731998443604], "k_pid_vsp": [377.12420654296875, 377.41455078125, 396.483154296875]}, "datetime": {"datetime": "2025-08-21 08:55:56", "elapsed": 673.046135187149, "delta": 26.1554696559906}, "costs": {"total_cost": 1400.3899884917948, "time_cost": 150, "final_distance_cost": 46.98541036027623, "oscillation_cost": 131.82294094068862, "completition_cost": 1000.0, "overshoot_cost": 32.40731799964361, "power_cost": 22.813299365234375, "noise_cost": 16.36101982595205, "n_waypoints_completed": 0, "tot_waypoints": 9}}
{"target": -8423.539689775842, "params": {"k_pid_pos": [1.9999983310699463, 0.3924452066421509, 0.026418298482894897], "k_pid_alt": [1.6466989517211914, 0.9999925494194031, 0.842869758605957], "k_pid_att": [0.0020951032638549805, 1.87751305103302, 0.8102148175239563], "k_pid_yaw": [0.5, 1e-06, 0.1], "k_pid_hsp": [6.864887714385986, 0.34029847383499146, 0.9296363592147827], "k_pid_vsp": [108.98954772949219, 319.8361511230469, 340.61126708984375]}, "datetime": {"datetime": "2025-08-21 08:56:26", "elapsed": 703.260359287262, "delta": 30.214224100112915}, "costs": {"total_cost": 8423.539689775842, "time_cost": 150, "final_distance_cost": 2913.4929223400036, "oscillation_cost": 1479.568096375331, "completition_cost": 1000.0, "overshoot_cost": 2740.6011767449463, "power_cost": 35.87049287109375, "noise_cost": 104.007001444466, "n_waypoints_completed": 0, "tot_waypoints": 9}}
