{"target": -780.3003066016112, "params": {"k_pid_pos": [2.0, 0.9363406896591187, 1.0], "k_pid_alt": [1.971254587173462, 1.0, 0.0667428970336914], "k_pid_att": [100.0, 0.13184967637062073, 0.9901136159896851], "k_pid_yaw": [0.5, 1e-06, 0.1], "k_pid_hsp": [9.621061325073242, 0.9955787658691406, 0.0035189390182495117], "k_pid_vsp": [2.0268678665161133, 392.46392822265625, 7.287646293640137]}, "datetime": {"datetime": "2025-08-21 18:35:20", "elapsed": 35437.3345041275, "delta": 22.754075527191162}, "costs": {"total_cost": 780.3003066016112, "time_cost": 150, "final_distance_cost": 68.18719263165278, "oscillation_cost": 145.59725004819455, "completition_cost": 333.33333333333337, "overshoot_cost": 50.368576641118906, "power_cost": 18.390432739257815, "noise_cost": 14.423521208053735, "n_waypoints_completed": 6, "tot_waypoints": 9}}
{"target": -996.3650128711923, "params": {"k_pid_pos": [1.9999995231628418, 0.9887208938598633, 0.0507560670375824], "k_pid_alt": [1.9920787811279297, 1.0, 0.0181351900100708], "k_pid_att": [100.0, 0.25452375411987305, 0.9569163918495178], "k_pid_yaw": [0.5, 1e-06, 0.1], "k_pid_hsp": [9.753622055053711, 0.9951486587524414, 0.3066442012786865], "k_pid_vsp": [1.4399290084838867, 279.3222351074219, 0.38879019021987915]}, "datetime": {"datetime": "2025-08-21 18:35:44", "elapsed": 35461.35554790497, "delta": 24.02104377746582}, "costs": {"total_cost": 996.3650128711923, "time_cost": 150, "final_distance_cost": 47.32421508691535, "oscillation_cost": 144.12900645635278, "completition_cost": 555.5555555555555, "overshoot_cost": 62.759876583842626, "power_cost": 21.50509832763672, "noise_cost": 15.091260860889406, "n_waypoints_completed": 4, "tot_waypoints": 9}}
{"target": -940.7597428167162, "params": {"k_pid_pos": [2.0, 0.9873545169830322, 0.0], "k_pid_alt": [1.8083055019378662, 1.0, 0.0063904523849487305], "k_pid_att": [100.0, 0.1396360546350479, 0.9285359382629395], "k_pid_yaw": [0.5, 1e-06, 0.1], "k_pid_hsp": [9.899150848388672, 0.9925497174263, 0.013687998056411743], "k_pid_vsp": [8.162582397460938, 391.105712890625, 3.0734071731567383]}, "datetime": {"datetime": "2025-08-21 18:36:09", "elapsed": 35486.197684288025, "delta": 24.84213638305664}, "costs": {"total_cost": 940.7597428167162, "time_cost": 150, "final_distance_cost": 41.024648170936764, "oscillation_cost": 102.36675129613718, "completition_cost": 555.5555555555555, "overshoot_cost": 50.222916997796595, "power_cost": 23.451005480957033, "noise_cost": 18.138865315333128, "n_waypoints_completed": 4, "tot_waypoints": 9}}
{"target": -965.9832407268433, "params": {"k_pid_pos": [2.0, 0.9772640466690063, 0.9854864478111267], "k_pid_alt": [1.8879599571228027, 1.0, 0.008978515863418579], "k_pid_att": [100.0, 0.21975938975811005, 0.9845428466796875], "k_pid_yaw": [0.5, 1e-06, 0.1], "k_pid_hsp": [9.926553726196289, 0.9957641363143921, 0.04348868131637573], "k_pid_vsp": [5.154609680175781, 397.22711181640625, 17.17786979675293]}, "datetime": {"datetime": "2025-08-21 18:36:32", "elapsed": 35509.0824804306, "delta": 22.884796142578125}, "costs": {"total_cost": 965.9832407268433, "time_cost": 150, "final_distance_cost": 55.39716361584101, "oscillation_cost": 225.21290248753715, "completition_cost": 444.4444444444444, "overshoot_cost": 58.65001492049574, "power_cost": 17.835458544921877, "noise_cost": 14.443256713603159, "n_waypoints_completed": 5, "tot_waypoints": 9}}
{"target": -769.5681080321905, "params": {"k_pid_pos": [2.0, 0.9926596283912659, 0.9750607013702393], "k_pid_alt": [1.9761114120483398, 0.9999995827674866, 0.01929125189781189], "k_pid_att": [100.0, 0.22985543310642242, 0.9930210113525391], "k_pid_yaw": [0.5, 1e-06, 0.1], "k_pid_hsp": [9.956964492797852, 0.9883226156234741, 0.007822006940841675], "k_pid_vsp": [22.559547424316406, 394.17047119140625, 4.9476752281188965]}, "datetime": {"datetime": "2025-08-21 18:36:56", "elapsed": 35533.426545381546, "delta": 24.344064950942993}, "costs": {"total_cost": 769.5681080321905, "time_cost": 150, "final_distance_cost": 67.20618633969738, "oscillation_cost": 128.4254241452926, "completition_cost": 333.33333333333337, "overshoot_cost": 50.92136421435924, "power_cost": 22.488936694335937, "noise_cost": 17.1928633051719, "n_waypoints_completed": 6, "tot_waypoints": 9}}
{"target": -1351.514665152063, "params": {"k_pid_pos": [2.0, 0.9765952229499817, 1.0], "k_pid_alt": [1.990877389907837, 1.0, 0.006697028875350952], "k_pid_att": [100.0, 0.09224189817905426, 0.9926753044128418], "k_pid_yaw": [0.5, 1e-06, 0.1], "k_pid_hsp": [9.887892723083496, 0.985045850276947, 0.004558682441711426], "k_pid_vsp": [4.687464237213135, 385.17840576171875, 4.4947991371154785]}, "datetime": {"datetime": "2025-08-21 18:37:21", "elapsed": 35557.64945459366, "delta": 24.222909212112427}, "costs": {"total_cost": 1351.514665152063, "time_cost": 150, "final_distance_cost": 156.01115098205602, "oscillation_cost": 200.76577113755116, "completition_cost": 666.6666666666667, "overshoot_cost": 147.90843575732404, "power_cost": 16.259429467773437, "noise_cost": 13.903211140691432, "n_waypoints_completed": 3, "tot_waypoints": 9}}
{"target": -816.5673389536972, "params": {"k_pid_pos": [2.0, 0.9475299715995789, 0.9999067187309265], "k_pid_alt": [1.9943416118621826, 1.0, 0.006453186273574829], "k_pid_att": [100.0, 0.6755584478378296, 0.9350911974906921], "k_pid_yaw": [0.5, 1e-06, 0.1], "k_pid_hsp": [9.64111328125, 0.9822486639022827, 0.06180286407470703], "k_pid_vsp": [3.148782253265381, 329.38800048828125, 2.9277572631835938]}, "datetime": {"datetime": "2025-08-21 18:37:44", "elapsed": 35580.787034749985, "delta": 23.137580156326294}, "costs": {"total_cost": 816.5673389536972, "time_cost": 150, "final_distance_cost": 70.15672894048126, "oscillation_cost": 167.35608516884625, "completition_cost": 333.33333333333337, "overshoot_cost": 58.264761678931066, "power_cost": 21.415753088378906, "noise_cost": 16.040676743726415, "n_waypoints_completed": 6, "tot_waypoints": 9}}
{"target": -315.24185230498256, "params": {"k_pid_pos": [2.0, 0.9742811322212219, 0.9819633960723877], "k_pid_alt": [1.9729087352752686, 0.06522354483604431, 0.011832058429718018], "k_pid_att": [100.0, 0.12930786609649658, 0.9345176219940186], "k_pid_yaw": [0.5, 1e-06, 0.1], "k_pid_hsp": [9.958985328674316, 0.9592872858047485, 0.043615520000457764], "k_pid_vsp": [50.5075569152832, 394.33074951171875, 15.178479194641113]}, "datetime": {"datetime": "2025-08-21 18:38:05", "elapsed": 35602.0726006031, "delta": 21.285565853118896}, "costs": {"total_cost": 315.24185230498256, "time_cost": 85.376, "final_distance_cost": 1.7160708101287339, "oscillation_cost": 135.0963672292112, "completition_cost": 0.0, "overshoot_cost": 53.25627037450437, "power_cost": 23.131700976562502, "noise_cost": 16.66544291457576, "n_waypoints_completed": 9, "tot_waypoints": 9}}
{"target": -713.8762790008855, "params": {"k_pid_pos": [2.0, 0.990145206451416, 0.9690711498260498], "k_pid_alt": [1.979715347290039, 1.0, 0.008811026811599731], "k_pid_att": [100.0, 0.04711448401212692, 0.9930456876754761], "k_pid_yaw": [0.5, 1e-06, 0.1], "k_pid_hsp": [9.94416332244873, 0.9448909759521484, 0.008197158575057983], "k_pid_vsp": [21.928607940673828, 396.1700744628906, 4.871464729309082]}, "datetime": {"datetime": "2025-08-21 18:38:31", "elapsed": 35628.41015744209, "delta": 26.337556838989258}, "costs": {"total_cost": 713.8762790008855, "time_cost": 150, "final_distance_cost": 72.52183475047357, "oscillation_cost": 180.92010338063028, "completition_cost": 222.2222222222222, "overshoot_cost": 49.97837599662983, "power_cost": 21.384466699218752, "noise_cost": 16.849275951710997, "n_waypoints_completed": 7, "tot_waypoints": 9}}
{"target": -886.0664487259838, "params": {"k_pid_pos": [2.0, 0.996125340461731, 0.9997080564498901], "k_pid_alt": [1.9466819763183594, 1.0, 0.004813402891159058], "k_pid_att": [100.0, 1.1204594373703003, 0.9908406734466553], "k_pid_yaw": [0.5, 1e-06, 0.1], "k_pid_hsp": [8.748684883117676, 0.9863829612731934, 0.038518697023391724], "k_pid_vsp": [0.23930072784423828, 396.4208068847656, 6.396389961242676]}, "datetime": {"datetime": "2025-08-21 18:38:57", "elapsed": 35653.53143429756, "delta": 25.12127685546875}, "costs": {"total_cost": 886.0664487259838, "time_cost": 150, "final_distance_cost": 59.149267859919995, "oscillation_cost": 146.61674774125052, "completition_cost": 444.4444444444444, "overshoot_cost": 52.86743291552481, "power_cost": 18.979524279785156, "noise_cost": 14.00903148505889, "n_waypoints_completed": 5, "tot_waypoints": 9}}
{"target": -908.067313421109, "params": {"k_pid_pos": [2.0, 0.9277894496917725, 0.9999815225601196], "k_pid_alt": [1.845750093460083, 0.9999918937683105, 0.23315489292144775], "k_pid_att": [100.0, 0.040547605603933334, 0.9935110807418823], "k_pid_yaw": [0.5, 1e-06, 0.1], "k_pid_hsp": [9.984434127807617, 0.9946864247322083, 0.035166770219802856], "k_pid_vsp": [7.721590995788574, 390.5324401855469, 25.357439041137695]}, "datetime": {"datetime": "2025-08-21 18:39:21", "elapsed": 35678.240006923676, "delta": 24.70857262611389}, "costs": {"total_cost": 908.067313421109, "time_cost": 150, "final_distance_cost": 67.20358493457091, "oscillation_cost": 159.4609122504122, "completition_cost": 444.4444444444444, "overshoot_cost": 51.77751184722135, "power_cost": 19.934002075195313, "noise_cost": 15.246857869264781, "n_waypoints_completed": 5, "tot_waypoints": 9}}
{"target": -702.9325263028668, "params": {"k_pid_pos": [2.0, 0.9917746782302856, 0.9988353252410889], "k_pid_alt": [1.9571607112884521, 1.0, 0.010389119386672974], "k_pid_att": [100.0, 0.08882033079862595, 0.9935694932937622], "k_pid_yaw": [0.5, 1e-06, 0.1], "k_pid_hsp": [9.931248664855957, 0.9940260648727417, 0.10432234406471252], "k_pid_vsp": [2.338886260986328, 397.7784729003906, 11.69791316986084]}, "datetime": {"datetime": "2025-08-21 18:39:46", "elapsed": 35703.25299739838, "delta": 25.012990474700928}, "costs": {"total_cost": 702.9325263028668, "time_cost": 150, "final_distance_cost": 62.921215076559456, "oscillation_cost": 167.18063514781838, "completition_cost": 222.2222222222222, "overshoot_cost": 56.89969163344627, "power_cost": 25.043409667968753, "noise_cost": 18.66535255485174, "n_waypoints_completed": 7, "tot_waypoints": 9}}
{"target": -695.3324186619633, "params": {"k_pid_pos": [2.0, 0.9983135461807251, 0.8372289538383484], "k_pid_alt": [1.9610490798950195, 0.9999992251396179, 0.002659410238265991], "k_pid_att": [99.99998474121094, 0.11838006228208542, 0.8779304027557373], "k_pid_yaw": [0.5, 1e-06, 0.1], "k_pid_hsp": [9.937103271484375, 0.9892833232879639, 0.09604761004447937], "k_pid_vsp": [5.198884010314941, 396.8568420410156, 4.535318374633789]}, "datetime": {"datetime": "2025-08-21 18:40:10", "elapsed": 35727.24420905113, "delta": 23.991211652755737}, "costs": {"total_cost": 695.3324186619633, "time_cost": 150, "final_distance_cost": 70.93196149566137, "oscillation_cost": 153.97337197017248, "completition_cost": 222.2222222222222, "overshoot_cost": 52.13558041178877, "power_cost": 26.38875380859375, "noise_cost": 19.6805287535248, "n_waypoints_completed": 7, "tot_waypoints": 9}}
{"target": -1067.3523747751367, "params": {"k_pid_pos": [2.0, 0.9971970915794373, 0.37913501262664795], "k_pid_alt": [1.9437217712402344, 1.0, 0.06134611368179321], "k_pid_att": [100.0, 0.09928173571825027, 0.9162673354148865], "k_pid_yaw": [0.5, 1e-06, 0.1], "k_pid_hsp": [9.359598159790039, 0.9622690081596375, 0.040911585092544556], "k_pid_vsp": [13.151264190673828, 396.9334716796875, 20.38309669494629]}, "datetime": {"datetime": "2025-08-21 18:40:35", "elapsed": 35752.075561761856, "delta": 24.831352710723877}, "costs": {"total_cost": 1067.3523747751367, "time_cost": 150, "final_distance_cost": 49.35211393319971, "oscillation_cost": 103.16912175347345, "completition_cost": 666.6666666666667, "overshoot_cost": 57.1002363056526, "power_cost": 23.539633154296876, "noise_cost": 17.524602961847545, "n_waypoints_completed": 3, "tot_waypoints": 9}}
{"target": -716.719773556792, "params": {"k_pid_pos": [2.0, 0.9854844808578491, 1.0], "k_pid_alt": [1.9667019844055176, 1.0, 0.0010543465614318848], "k_pid_att": [99.98828125, 0.5850109457969666, 0.9871851801872253], "k_pid_yaw": [0.5, 1e-06, 0.1], "k_pid_hsp": [8.564055442810059, 0.9901490211486816, 0.033311814069747925], "k_pid_vsp": [2.163553237915039, 393.9811096191406, 1.4895567893981934]}, "datetime": {"datetime": "2025-08-21 18:40:59", "elapsed": 35776.08280086517, "delta": 24.00723910331726}, "costs": {"total_cost": 716.719773556792, "time_cost": 150, "final_distance_cost": 68.69355028376371, "oscillation_cost": 185.19326977479705, "completition_cost": 222.2222222222222, "overshoot_cost": 55.83265392306377, "power_cost": 20.378247131347656, "noise_cost": 14.399830221597705, "n_waypoints_completed": 7, "tot_waypoints": 9}}
{"target": -1350.5706606949086, "params": {"k_pid_pos": [2.0, 0.9315871596336365, 0.0001399517059326172], "k_pid_alt": [1.9659712314605713, 1.0, 0.044598132371902466], "k_pid_att": [100.0, 0.07366659492254257, 0.9944769144058228], "k_pid_yaw": [0.5, 1e-06, 0.1], "k_pid_hsp": [9.086050987243652, 0.9913963079452515, 0.017435073852539062], "k_pid_vsp": [16.177154541015625, 390.3002014160156, 9.456873893737793]}, "datetime": {"datetime": "2025-08-21 18:41:23", "elapsed": 35799.553059101105, "delta": 23.470258235931396}, "costs": {"total_cost": 1350.5706606949086, "time_cost": 150, "final_distance_cost": 49.864162458050906, "oscillation_cost": 77.25074931568771, "completition_cost": 1000.0, "overshoot_cost": 35.45486580609963, "power_cost": 22.45893074951172, "noise_cost": 15.541952365558686, "n_waypoints_completed": 0, "tot_waypoints": 9}}
{"target": -952.2274138632989, "params": {"k_pid_pos": [2.0, 0.917206346988678, 0.9999986886978149], "k_pid_alt": [1.870013952255249, 1.0, 0.11511972546577454], "k_pid_att": [99.83497619628906, 0.6273021101951599, 0.9305770993232727], "k_pid_yaw": [0.5, 1e-06, 0.1], "k_pid_hsp": [9.873223304748535, 0.9864031076431274, 0.11672767996788025], "k_pid_vsp": [6.673526763916016, 395.3271789550781, 2.803123950958252]}, "datetime": {"datetime": "2025-08-21 18:41:48", "elapsed": 35824.82688140869, "delta": 25.27382230758667}, "costs": {"total_cost": 952.2274138632989, "time_cost": 150, "final_distance_cost": 57.68296486184346, "oscillation_cost": 212.05272576788022, "completition_cost": 444.4444444444444, "overshoot_cost": 53.37331869329529, "power_cost": 19.703559790039062, "noise_cost": 14.970400305796574, "n_waypoints_completed": 5, "tot_waypoints": 9}}
{"target": -568.1494191221319, "params": {"k_pid_pos": [2.0, 0.9730314016342163, 0.936208188533783], "k_pid_alt": [1.9894217252731323, 1.0, 0.03850308060646057], "k_pid_att": [99.9996566772461, 0.7495037913322449, 0.9702659845352173], "k_pid_yaw": [0.5, 1e-06, 0.1], "k_pid_hsp": [9.8218994140625, 0.8919379711151123, 0.016699016094207764], "k_pid_vsp": [23.60771942138672, 396.3558349609375, 1.6180524826049805]}, "datetime": {"datetime": "2025-08-21 18:42:11", "elapsed": 35848.36437892914, "delta": 23.537497520446777}, "costs": {"total_cost": 568.1494191221319, "time_cost": 150, "final_distance_cost": 64.86936160185742, "oscillation_cost": 146.8697177278314, "completition_cost": 111.11111111111116, "overshoot_cost": 53.74141078732639, "power_cost": 23.496255114746095, "noise_cost": 18.061562779259468, "n_waypoints_completed": 8, "tot_waypoints": 9}}
{"target": -569.6040676249462, "params": {"k_pid_pos": [2.0, 0.995837926864624, 1.0], "k_pid_alt": [1.9744495153427124, 1.0, 0.10490477085113525], "k_pid_att": [100.0, 0.23269407451152802, 0.9945042133331299], "k_pid_yaw": [0.5, 1e-06, 0.1], "k_pid_hsp": [9.88075065612793, 0.947046160697937, 0.011901259422302246], "k_pid_vsp": [22.984182357788086, 396.4716796875, 0.8301268219947815]}, "datetime": {"datetime": "2025-08-21 18:42:35", "elapsed": 35872.026373147964, "delta": 23.661994218826294}, "costs": {"total_cost": 569.6040676249462, "time_cost": 150, "final_distance_cost": 61.96371951371575, "oscillation_cost": 155.63444744464098, "completition_cost": 111.11111111111116, "overshoot_cost": 52.64145710886289, "power_cost": 21.348059008789065, "noise_cost": 16.905273437826356, "n_waypoints_completed": 8, "tot_waypoints": 9}}
{"target": -921.5648217794248, "params": {"k_pid_pos": [2.0, 0.9820671081542969, 0.9999861717224121], "k_pid_alt": [1.7523176670074463, 1.0, 0.00394710898399353], "k_pid_att": [100.0, 0.4129754304885864, 0.9940093755722046], "k_pid_yaw": [0.5, 1e-06, 0.1], "k_pid_hsp": [9.94097900390625, 0.9744163751602173, 0.02360585331916809], "k_pid_vsp": [1.8436193466186523, 393.8402099609375, 8.918524742126465]}, "datetime": {"datetime": "2025-08-21 18:43:00", "elapsed": 35897.172172784805, "delta": 25.14579963684082}, "costs": {"total_cost": 921.5648217794248, "time_cost": 150, "final_distance_cost": 56.277307536124034, "oscillation_cost": 184.62400594743326, "completition_cost": 444.4444444444444, "overshoot_cost": 50.737845501205875, "power_cost": 20.722910876464844, "noise_cost": 14.758307473752488, "n_waypoints_completed": 5, "tot_waypoints": 9}}
{"target": -679.382244101185, "params": {"k_pid_pos": [2.0, 0.9651384353637695, 1.0], "k_pid_alt": [1.9544873237609863, 1.0, 0.005104333162307739], "k_pid_att": [99.99990844726562, 0.27032536268234253, 0.9874255657196045], "k_pid_yaw": [0.5, 1e-06, 0.1], "k_pid_hsp": [9.805295944213867, 0.9793295860290527, 0.007403165102005005], "k_pid_vsp": [0.864720344543457, 393.82257080078125, 0.16436676681041718]}, "datetime": {"datetime": "2025-08-21 18:43:23", "elapsed": 35920.2252869606, "delta": 23.05311417579651}, "costs": {"total_cost": 679.382244101185, "time_cost": 150, "final_distance_cost": 64.00444450130145, "oscillation_cost": 141.82337244129744, "completition_cost": 222.2222222222222, "overshoot_cost": 54.17606900012782, "power_cost": 26.966375512695315, "noise_cost": 20.18976042354086, "n_waypoints_completed": 7, "tot_waypoints": 9}}
{"target": -1178.2179034652986, "params": {"k_pid_pos": [2.0, 0.9466352462768555, 5.662441253662109e-07], "k_pid_alt": [1.9679970741271973, 1.0, 0.03310126066207886], "k_pid_att": [100.0, 0.2511787712574005, 0.9877334237098694], "k_pid_yaw": [0.5, 1e-06, 0.1], "k_pid_hsp": [9.966659545898438, 0.97194504737854, 0.00816461443901062], "k_pid_vsp": [4.349827766418457, 394.9700927734375, 45.15446472167969]}, "datetime": {"datetime": "2025-08-21 18:43:48", "elapsed": 35944.63179254532, "delta": 24.406505584716797}, "costs": {"total_cost": 1178.2179034652986, "time_cost": 150, "final_distance_cost": 90.99624087467555, "oscillation_cost": 73.8864359622634, "completition_cost": 777.7777777777778, "overshoot_cost": 44.76165751746301, "power_cost": 24.224227844238282, "noise_cost": 16.57156348888047, "n_waypoints_completed": 2, "tot_waypoints": 9}}
{"target": -1569.0885505113226, "params": {"k_pid_pos": [2.0, 0.9954593181610107, 1.0], "k_pid_alt": [1.9615788459777832, 1.0, 0.04377448558807373], "k_pid_att": [0.22893249988555908, 0.04944082722067833, 0.9893547296524048], "k_pid_yaw": [0.5, 1e-06, 0.1], "k_pid_hsp": [9.85945987701416, 0.9624948501586914, 0.04416683316230774], "k_pid_vsp": [6.898260116577148, 391.8592834472656, 0.4989634156227112]}, "datetime": {"datetime": "2025-08-21 18:44:13", "elapsed": 35970.06326508522, "delta": 25.431472539901733}, "costs": {"total_cost": 1569.0885505113226, "time_cost": 150, "final_distance_cost": 134.05004700641757, "oscillation_cost": 29.528706084266986, "completition_cost": 1000.0, "overshoot_cost": 219.9034153423371, "power_cost": 21.47846805419922, "noise_cost": 14.127914024101424, "n_waypoints_completed": 0, "tot_waypoints": 9}}
{"target": -606.3746932901744, "params": {"k_pid_pos": [1.9999828338623047, 0.9314077496528625, 1.0], "k_pid_alt": [1.9500422477722168, 1.0, 0.011337578296661377], "k_pid_att": [100.0, 0.2949722409248352, 0.9947881698608398], "k_pid_yaw": [0.5, 1e-06, 0.1], "k_pid_hsp": [9.728989601135254, 0.9893151521682739, 0.05645626783370972], "k_pid_vsp": [10.734235763549805, 395.4200744628906, 21.82338523864746]}, "datetime": {"datetime": "2025-08-21 18:44:37", "elapsed": 35993.46426510811, "delta": 23.401000022888184}, "costs": {"total_cost": 606.3746932901744, "time_cost": 150, "final_distance_cost": 61.185732216937325, "oscillation_cost": 186.88113155899833, "completition_cost": 111.11111111111116, "overshoot_cost": 58.72493467814947, "power_cost": 22.54753115234375, "noise_cost": 15.924252572634357, "n_waypoints_completed": 8, "tot_waypoints": 9}}
{"target": -828.4076507452619, "params": {"k_pid_pos": [2.0, 0.9813185930252075, 0.9999940395355225], "k_pid_alt": [1.9310948848724365, 1.0, 0.005678802728652954], "k_pid_att": [100.0, 0.15303057432174683, 0.9740056991577148], "k_pid_yaw": [0.5, 1e-06, 0.1], "k_pid_hsp": [9.677947044372559, 0.9837645888328552, 0.018666982650756836], "k_pid_vsp": [5.908572673797607, 395.3352355957031, 2.2163162231445312]}, "datetime": {"datetime": "2025-08-21 18:45:02", "elapsed": 36019.32526445389, "delta": 25.86099934577942}, "costs": {"total_cost": 828.4076507452619, "time_cost": 150, "final_distance_cost": 76.60066949493664, "oscillation_cost": 183.49318561297432, "completition_cost": 333.33333333333337, "overshoot_cost": 54.87555355009461, "power_cost": 17.185454821777345, "noise_cost": 12.919453932145535, "n_waypoints_completed": 6, "tot_waypoints": 9}}
