{"target": -1062.3010980497684, "params": {"k_pid_pos": [2.0, 0.983069896697998, 1.0], "k_pid_alt": [1.9657714366912842, 1.0, 0.031652241945266724], "k_pid_att": [100.0, 0.35904061794281006, 0.9960454702377319], "k_pid_yaw": [0.5, 1e-06, 0.1], "k_pid_hsp": [9.689427375793457, 0.993321418762207, 0.0046839118003845215], "k_pid_vsp": [5.094730854034424, 384.7569885253906, 5.184508323669434]}, "datetime": {"datetime": "2025-08-21 19:35:37", "elapsed": 39053.74674868584, "delta": 22.773009538650513}, "costs": {"total_cost": 1062.3010980497684, "time_cost": 150, "final_distance_cost": 57.28396174509694, "oscillation_cost": 100.25659649004882, "completition_cost": 666.6666666666667, "overshoot_cost": 54.799711252725174, "power_cost": 19.504225036621094, "noise_cost": 13.789936858609536, "n_waypoints_completed": 3, "tot_waypoints": 9}}
{"target": -702.2844376121832, "params": {"k_pid_pos": [2.0, 0.9968497157096863, 0.9130964279174805], "k_pid_alt": [1.988302230834961, 1.0, 0.03695034980773926], "k_pid_att": [100.0, 1.6155699491500854, 0.9908180832862854], "k_pid_yaw": [0.5, 1e-06, 0.1], "k_pid_hsp": [9.74811840057373, 0.9869793653488159, 0.014158189296722412], "k_pid_vsp": [0.5437970161437988, 380.2218933105469, 12.269760131835938]}, "datetime": {"datetime": "2025-08-21 19:36:02", "elapsed": 39078.46059131622, "delta": 24.713842630386353}, "costs": {"total_cost": 702.2844376121832, "time_cost": 150, "final_distance_cost": 63.706148547219954, "oscillation_cost": 177.3783211352278, "completition_cost": 222.2222222222222, "overshoot_cost": 51.502960928923365, "power_cost": 22.046025842285157, "noise_cost": 15.428758936304746, "n_waypoints_completed": 7, "tot_waypoints": 9}}
{"target": -1371.1609106594337, "params": {"k_pid_pos": [2.0, 0.9030924439430237, 0.0], "k_pid_alt": [1.9656660556793213, 1.0, 0.020767301321029663], "k_pid_att": [100.0, 0.07316741347312927, 0.9821308255195618], "k_pid_yaw": [0.5, 1e-06, 0.1], "k_pid_hsp": [9.895030975341797, 0.9828646779060364, 0.039355188608169556], "k_pid_vsp": [23.4703426361084, 398.63671875, 11.015106201171875]}, "datetime": {"datetime": "2025-08-21 19:36:26", "elapsed": 39102.60472345352, "delta": 24.144132137298584}, "costs": {"total_cost": 1371.1609106594337, "time_cost": 150, "final_distance_cost": 39.2496242571417, "oscillation_cost": 103.9519903954262, "completition_cost": 1000.0, "overshoot_cost": 44.14732548460675, "power_cost": 19.547061523437502, "noise_cost": 14.264908998821408, "n_waypoints_completed": 0, "tot_waypoints": 9}}
{"target": -1372.1368254865363, "params": {"k_pid_pos": [2.0, 0.9945205450057983, 0.0], "k_pid_alt": [1.9768321514129639, 1.0, 0.004270672798156738], "k_pid_att": [99.99996185302734, 0.10332079976797104, 0.9935734272003174], "k_pid_yaw": [0.5, 1e-06, 0.1], "k_pid_hsp": [9.592366218566895, 0.9986612796783447, 0.022303402423858643], "k_pid_vsp": [14.345491409301758, 387.3798522949219, 0.37059885263442993]}, "datetime": {"datetime": "2025-08-21 19:36:49", "elapsed": 39125.97077417374, "delta": 23.366050720214844}, "costs": {"total_cost": 1372.1368254865363, "time_cost": 150, "final_distance_cost": 47.458245014722536, "oscillation_cost": 100.87112982079745, "completition_cost": 1000.0, "overshoot_cost": 42.11669198023122, "power_cost": 18.42569373779297, "noise_cost": 13.265064932992145, "n_waypoints_completed": 0, "tot_waypoints": 9}}
{"target": -908.7348105621694, "params": {"k_pid_pos": [1.9997568130493164, 0.9974468946456909, 0.9999997615814209], "k_pid_alt": [1.9831620454788208, 1.0, 0.004039168357849121], "k_pid_att": [100.0, 0.24128420650959015, 0.9803159236907959], "k_pid_yaw": [0.5, 1e-06, 0.1], "k_pid_hsp": [9.376983642578125, 0.9860445261001587, 0.04641461372375488], "k_pid_vsp": [0.7238149642944336, 394.97613525390625, 2.1469364166259766]}, "datetime": {"datetime": "2025-08-21 19:37:14", "elapsed": 39150.62038707733, "delta": 24.64961290359497}, "costs": {"total_cost": 908.7348105621694, "time_cost": 150, "final_distance_cost": 45.836293156074234, "oscillation_cost": 180.36503082212184, "completition_cost": 444.4444444444444, "overshoot_cost": 54.64647081349273, "power_cost": 19.472683142089846, "noise_cost": 13.96988818394627, "n_waypoints_completed": 5, "tot_waypoints": 9}}
{"target": -705.5872077832663, "params": {"k_pid_pos": [2.0, 0.9110603332519531, 0.7396854758262634], "k_pid_alt": [1.9313735961914062, 1.0, 0.0028508901596069336], "k_pid_att": [100.0, 0.023072293028235435, 0.9928159713745117], "k_pid_yaw": [0.5, 1e-06, 0.1], "k_pid_hsp": [9.545455932617188, 0.9733046293258667, 0.04341939091682434], "k_pid_vsp": [7.013142108917236, 397.47479248046875, 14.764715194702148]}, "datetime": {"datetime": "2025-08-21 19:37:39", "elapsed": 39175.48483610153, "delta": 24.86444902420044}, "costs": {"total_cost": 705.5872077832663, "time_cost": 150, "final_distance_cost": 69.54302114791932, "oscillation_cost": 174.01448318504833, "completition_cost": 222.2222222222222, "overshoot_cost": 50.02579181367237, "power_cost": 22.856920935058596, "noise_cost": 16.924768479345367, "n_waypoints_completed": 7, "tot_waypoints": 9}}
{"target": -965.778219202413, "params": {"k_pid_pos": [2.0, 0.9908941984176636, 1.0], "k_pid_alt": [1.9742110967636108, 1.0, 0.009079307317733765], "k_pid_att": [100.0, 0.21755404770374298, 0.9876257181167603], "k_pid_yaw": [0.5, 1e-06, 0.1], "k_pid_hsp": [9.84405517578125, 0.9512128233909607, 0.036401987075805664], "k_pid_vsp": [5.7967305183410645, 396.6825256347656, 5.97812032699585]}, "datetime": {"datetime": "2025-08-21 19:38:02", "elapsed": 39198.98293089867, "delta": 23.4980947971344}, "costs": {"total_cost": 965.778219202413, "time_cost": 150, "final_distance_cost": 62.34387816533011, "oscillation_cost": 220.2659885147542, "completition_cost": 444.4444444444444, "overshoot_cost": 54.78166268814013, "power_cost": 19.137885791015627, "noise_cost": 14.804359598728407, "n_waypoints_completed": 5, "tot_waypoints": 9}}
{"target": -347.91567780673, "params": {"k_pid_pos": [1.9999303817749023, 0.9958937168121338, 1.0], "k_pid_alt": [1.9744951725006104, 1.0, 0.025012850761413574], "k_pid_att": [100.0, 0.05360327661037445, 0.9827902317047119], "k_pid_yaw": [0.5, 1e-06, 0.1], "k_pid_hsp": [9.766594886779785, 0.9910302758216858, 0.010737806558609009], "k_pid_vsp": [14.993119239807129, 398.1105041503906, 2.9203782081604004]}, "datetime": {"datetime": "2025-08-21 19:38:25", "elapsed": 39222.24747633934, "delta": 23.264545440673828}, "costs": {"total_cost": 347.91567780673, "time_cost": 94.68, "final_distance_cost": 1.7157336343217044, "oscillation_cost": 155.48564859073664, "completition_cost": 0.0, "overshoot_cost": 59.80796852145766, "power_cost": 21.140619470214844, "noise_cost": 15.085707589999107, "n_waypoints_completed": 9, "tot_waypoints": 9}}
{"target": -1027.8559036814088, "params": {"k_pid_pos": [2.0, 0.9926778674125671, 1.0], "k_pid_alt": [1.9707508087158203, 1.0, 0.005092322826385498], "k_pid_att": [100.0, 0.44267553091049194, 0.9952898621559143], "k_pid_yaw": [0.5, 1e-06, 0.1], "k_pid_hsp": [9.954731941223145, 0.9767782688140869, 0.0013683736324310303], "k_pid_vsp": [1.659703254699707, 394.4422607421875, 2.1005163192749023]}, "datetime": {"datetime": "2025-08-21 19:38:50", "elapsed": 39246.9720492363, "delta": 24.724572896957397}, "costs": {"total_cost": 1027.8559036814088, "time_cost": 150, "final_distance_cost": 58.50573607155232, "oscillation_cost": 173.55031323489533, "completition_cost": 555.5555555555555, "overshoot_cost": 59.482639337667365, "power_cost": 17.4332458984375, "noise_cost": 13.328413583300724, "n_waypoints_completed": 4, "tot_waypoints": 9}}
{"target": -570.2063085164979, "params": {"k_pid_pos": [2.0, 0.9936068058013916, 0.9999998807907104], "k_pid_alt": [1.981565237045288, 1.0, 0.017764955759048462], "k_pid_att": [100.0, 0.012231510132551193, 0.9976662397384644], "k_pid_yaw": [0.5, 1e-06, 0.1], "k_pid_hsp": [9.844508171081543, 0.9795162677764893, 0.009014248847961426], "k_pid_vsp": [10.728656768798828, 353.4046936035156, 1.6848573684692383]}, "datetime": {"datetime": "2025-08-21 19:39:13", "elapsed": 39270.017616033554, "delta": 23.04556679725647}, "costs": {"total_cost": 570.2063085164979, "time_cost": 150, "final_distance_cost": 62.882490461266194, "oscillation_cost": 154.9780319178659, "completition_cost": 111.11111111111116, "overshoot_cost": 57.18371060708827, "power_cost": 19.3575759765625, "noise_cost": 14.69338844260386, "n_waypoints_completed": 8, "tot_waypoints": 9}}
{"target": -685.5212172886372, "params": {"k_pid_pos": [2.0, 0.9945073127746582, 0.9984843134880066], "k_pid_alt": [1.9307129383087158, 0.9999998807907104, 0.004167497158050537], "k_pid_att": [100.0, 0.710294783115387, 0.9876412153244019], "k_pid_yaw": [0.5, 1e-06, 0.1], "k_pid_hsp": [9.732345581054688, 0.9814380407333374, 0.02118891477584839], "k_pid_vsp": [24.813282012939453, 373.235595703125, 13.640631675720215]}, "datetime": {"datetime": "2025-08-21 19:39:38", "elapsed": 39294.791724681854, "delta": 24.77410864830017}, "costs": {"total_cost": 685.5212172886372, "time_cost": 150, "final_distance_cost": 63.81178801728818, "oscillation_cost": 157.01265386875417, "completition_cost": 222.2222222222222, "overshoot_cost": 50.791005898740195, "power_cost": 23.572004431152344, "noise_cost": 18.111542850480145, "n_waypoints_completed": 7, "tot_waypoints": 9}}
{"target": -684.6627922941109, "params": {"k_pid_pos": [2.0, 0.9899283051490784, 1.0], "k_pid_alt": [1.948758840560913, 1.0, 0.054633885622024536], "k_pid_att": [100.0, 0.052176058292388916, 0.8852410316467285], "k_pid_yaw": [0.5, 1e-06, 0.1], "k_pid_hsp": [9.695209503173828, 0.9936468601226807, 0.0024223029613494873], "k_pid_vsp": [4.44258451461792, 395.2806091308594, 39.424739837646484]}, "datetime": {"datetime": "2025-08-21 19:40:02", "elapsed": 39319.36056089401, "delta": 24.568836212158203}, "costs": {"total_cost": 684.6627922941109, "time_cost": 150, "final_distance_cost": 72.47764260684293, "oscillation_cost": 150.50192026825, "completition_cost": 222.2222222222222, "overshoot_cost": 49.381889672246416, "power_cost": 22.845790478515624, "noise_cost": 17.233327046033807, "n_waypoints_completed": 7, "tot_waypoints": 9}}
{"target": -703.9408336412088, "params": {"k_pid_pos": [2.0, 0.9897010326385498, 0.9820605516433716], "k_pid_alt": [1.9783973693847656, 1.0, 0.023993611335754395], "k_pid_att": [100.0, 0.6028498411178589, 0.9860929250717163], "k_pid_yaw": [0.5, 1e-06, 0.1], "k_pid_hsp": [9.830803871154785, 0.9799700379371643, 0.01322704553604126], "k_pid_vsp": [4.664170742034912, 396.37127685546875, 13.389659881591797]}, "datetime": {"datetime": "2025-08-21 19:40:25", "elapsed": 39342.4168548584, "delta": 23.056293964385986}, "costs": {"total_cost": 703.9408336412088, "time_cost": 150, "final_distance_cost": 63.20900728643103, "oscillation_cost": 172.44711230248708, "completition_cost": 222.2222222222222, "overshoot_cost": 56.89552023974084, "power_cost": 22.699256665039062, "noise_cost": 16.467714925288586, "n_waypoints_completed": 7, "tot_waypoints": 9}}
{"target": -2016.1691025281093, "params": {"k_pid_pos": [2.0, 0.9960561394691467, 1.0], "k_pid_alt": [1.9832055568695068, 1.0, 0.012392550706863403], "k_pid_att": [99.53681945800781, 0.5304586291313171, 0.9862574338912964], "k_pid_yaw": [0.5, 1e-06, 0.1], "k_pid_hsp": [9.935759544372559, 0.9963235855102539, 0.0076271891593933105], "k_pid_vsp": [1.80206298828125, 394.057861328125, 13.148774147033691]}, "datetime": {"datetime": "2025-08-21 19:40:51", "elapsed": 39367.889916181564, "delta": 25.473061323165894}, "costs": {"total_cost": 2016.1691025281093, "time_cost": 150, "final_distance_cost": 531.8985076256515, "oscillation_cost": 215.57626174652168, "completition_cost": 777.7777777777778, "overshoot_cost": 310.43887975771133, "power_cost": 16.730728564453127, "noise_cost": 13.746947055993704, "n_waypoints_completed": 2, "tot_waypoints": 9}}
{"target": -923.2151171220986, "params": {"k_pid_pos": [2.0, 0.9919310808181763, 1.0], "k_pid_alt": [1.9212334156036377, 1.0, 0.08287763595581055], "k_pid_att": [100.0, 0.026069780811667442, 0.9894363880157471], "k_pid_yaw": [0.5, 1e-06, 0.1], "k_pid_hsp": [9.747308731079102, 0.9979854226112366, 0.05420282483100891], "k_pid_vsp": [2.4901509284973145, 393.0519104003906, 23.343183517456055]}, "datetime": {"datetime": "2025-08-21 19:41:15", "elapsed": 39391.62000012398, "delta": 23.73008394241333}, "costs": {"total_cost": 923.2151171220986, "time_cost": 150, "final_distance_cost": 64.83515819873566, "oscillation_cost": 177.60793687223313, "completition_cost": 444.4444444444444, "overshoot_cost": 50.68519368275556, "power_cost": 20.826633703613282, "noise_cost": 14.81575022031656, "n_waypoints_completed": 5, "tot_waypoints": 9}}
{"target": -3239.8173356835755, "params": {"k_pid_pos": [2.0, 0.9855251908302307, 1.0], "k_pid_alt": [1.9914298057556152, 1.0, 0.004628241062164307], "k_pid_att": [100.0, 0.31735503673553467, 0.9833323955535889], "k_pid_yaw": [0.5, 1e-06, 0.1], "k_pid_hsp": [9.776762962341309, 0.9924055337905884, 0.010128766298294067], "k_pid_vsp": [7.082116603851318, 391.0677795410156, 4.843796253204346]}, "datetime": {"datetime": "2025-08-21 19:41:39", "elapsed": 39416.21863889694, "delta": 24.598638772964478}, "costs": {"total_cost": 3239.8173356835755, "time_cost": 150, "final_distance_cost": 802.5770011664077, "oscillation_cost": 190.49105132814287, "completition_cost": 777.7777777777778, "overshoot_cost": 1288.8909469785876, "power_cost": 16.70773194580078, "noise_cost": 13.37282648685873, "n_waypoints_completed": 2, "tot_waypoints": 9}}
{"target": -946.679626600999, "params": {"k_pid_pos": [2.0, 0.9940754175186157, 0.9967325925827026], "k_pid_alt": [1.9113030433654785, 1.0, 0.004516929388046265], "k_pid_att": [100.0, 0.20915643870830536, 0.9988778829574585], "k_pid_yaw": [0.5, 1e-06, 0.1], "k_pid_hsp": [9.920634269714355, 0.9706128835678101, 0.028035968542099], "k_pid_vsp": [11.160982131958008, 396.4631042480469, 6.261063575744629]}, "datetime": {"datetime": "2025-08-21 19:42:03", "elapsed": 39439.45591926575, "delta": 23.23728036880493}, "costs": {"total_cost": 946.679626600999, "time_cost": 150, "final_distance_cost": 53.65122070595704, "oscillation_cost": 214.11944868216273, "completition_cost": 444.4444444444444, "overshoot_cost": 51.531621638998715, "power_cost": 18.451487707519533, "noise_cost": 14.48140342191667, "n_waypoints_completed": 5, "tot_waypoints": 9}}
{"target": -321.995770671029, "params": {"k_pid_pos": [2.0, 0.997069776058197, 0.9864095449447632], "k_pid_alt": [1.8917286396026611, 1.0, 0.01855221390724182], "k_pid_att": [100.0, 0.09414803981781006, 0.9895163774490356], "k_pid_yaw": [0.5, 1e-06, 0.1], "k_pid_hsp": [9.785158157348633, 0.9775595664978027, 0.011684924364089966], "k_pid_vsp": [25.882375717163086, 396.51123046875, 1.2893567085266113]}, "datetime": {"datetime": "2025-08-21 19:42:27", "elapsed": 39464.042835235596, "delta": 24.586915969848633}, "costs": {"total_cost": 321.995770671029, "time_cost": 98.56, "final_distance_cost": 1.7789791607702252, "oscillation_cost": 121.0002041870788, "completition_cost": 0.0, "overshoot_cost": 57.290795791490176, "power_cost": 24.420384887695313, "noise_cost": 18.945406643994477, "n_waypoints_completed": 9, "tot_waypoints": 9}}
{"target": -953.4413715784411, "params": {"k_pid_pos": [0.9159902334213257, 0.9735362529754639, 0.6026605367660522], "k_pid_alt": [1.9957613945007324, 1.0, 0.013027161359786987], "k_pid_att": [100.0, 0.08281522244215012, 0.9900437593460083], "k_pid_yaw": [0.5, 1e-06, 0.1], "k_pid_hsp": [9.968555450439453, 0.9826716184616089, 0.003767549991607666], "k_pid_vsp": [0.38563013076782227, 384.38494873046875, 7.19741678237915]}, "datetime": {"datetime": "2025-08-21 19:42:51", "elapsed": 39487.95930171013, "delta": 23.91646647453308}, "costs": {"total_cost": 953.4413715784411, "time_cost": 150, "final_distance_cost": 43.23248317548613, "oscillation_cost": 120.55661697376782, "completition_cost": 555.5555555555555, "overshoot_cost": 50.275056296391085, "power_cost": 19.31427578125, "noise_cost": 14.507383795990574, "n_waypoints_completed": 4, "tot_waypoints": 9}}
{"target": -676.956815129435, "params": {"k_pid_pos": [1.9999995231628418, 0.9821292757987976, 0.9999516606330872], "k_pid_alt": [1.9901635646820068, 1.0, 0.003030627965927124], "k_pid_att": [99.99945068359375, 0.08764433860778809, 0.9931588172912598], "k_pid_yaw": [0.5, 1e-06, 0.1], "k_pid_hsp": [9.940407752990723, 0.9881162643432617, 0.0035881400108337402], "k_pid_vsp": [4.265034198760986, 388.6383056640625, 1.81862211227417]}, "datetime": {"datetime": "2025-08-21 19:43:15", "elapsed": 39512.10206723213, "delta": 24.142765522003174}, "costs": {"total_cost": 676.956815129435, "time_cost": 150, "final_distance_cost": 63.323272497869496, "oscillation_cost": 138.8901179304958, "completition_cost": 222.2222222222222, "overshoot_cost": 56.42267100018771, "power_cost": 26.016917492675784, "noise_cost": 20.08161398598394, "n_waypoints_completed": 7, "tot_waypoints": 9}}
{"target": -690.5708090911503, "params": {"k_pid_pos": [2.0, 0.9991246461868286, 1.0], "k_pid_alt": [1.9834203720092773, 1.0, 0.056467205286026], "k_pid_att": [100.0, 0.054325975477695465, 0.9934200048446655], "k_pid_yaw": [0.5, 1e-06, 0.1], "k_pid_hsp": [9.74811840057373, 0.9947061538696289, 0.008486539125442505], "k_pid_vsp": [8.380115509033203, 396.7501525878906, 49.77289581298828]}, "datetime": {"datetime": "2025-08-21 19:43:40", "elapsed": 39537.21386599541, "delta": 25.111798763275146}, "costs": {"total_cost": 690.5708090911503, "time_cost": 150, "final_distance_cost": 72.4339550784375, "oscillation_cost": 149.88013576761696, "completition_cost": 222.2222222222222, "overshoot_cost": 55.34590957334751, "power_cost": 23.115516577148437, "noise_cost": 17.57306987237772, "n_waypoints_completed": 7, "tot_waypoints": 9}}
{"target": -636.2908719270147, "params": {"k_pid_pos": [2.0, 0.961752712726593, 0.024033546447753906], "k_pid_alt": [1.9328685998916626, 1.0, 0.12299621105194092], "k_pid_att": [100.0, 0.10092411935329437, 0.9990514516830444], "k_pid_yaw": [0.5, 1e-06, 0.1], "k_pid_hsp": [9.986689567565918, 0.9834029078483582, 0.01088172197341919], "k_pid_vsp": [9.136366844177246, 386.6069641113281, 5.45408821105957]}, "datetime": {"datetime": "2025-08-21 19:44:04", "elapsed": 39560.730650901794, "delta": 23.51678490638733}, "costs": {"total_cost": 636.2908719270147, "time_cost": 150, "final_distance_cost": 63.32625027449352, "oscillation_cost": 110.04431757294151, "completition_cost": 222.2222222222222, "overshoot_cost": 57.70054940011619, "power_cost": 19.28387370605469, "noise_cost": 13.7136587511866, "n_waypoints_completed": 7, "tot_waypoints": 9}}
{"target": -698.683188610452, "params": {"k_pid_pos": [2.0, 0.9633280038833618, 0.9999939203262329], "k_pid_alt": [1.9848461151123047, 1.0, 0.015468209981918335], "k_pid_att": [100.0, 0.34761542081832886, 0.9773160219192505], "k_pid_yaw": [0.5, 1e-06, 0.1], "k_pid_hsp": [9.715835571289062, 0.9843372106552124, 0.026301413774490356], "k_pid_vsp": [7.8903913497924805, 396.2154846191406, 12.830866813659668]}, "datetime": {"datetime": "2025-08-21 19:44:28", "elapsed": 39584.974264383316, "delta": 24.243613481521606}, "costs": {"total_cost": 698.683188610452, "time_cost": 150, "final_distance_cost": 66.17198318406284, "oscillation_cost": 164.76645082820906, "completition_cost": 222.2222222222222, "overshoot_cost": 53.88944092757424, "power_cost": 23.854900903320313, "noise_cost": 17.778190545063385, "n_waypoints_completed": 7, "tot_waypoints": 9}}
{"target": -902.0236662866274, "params": {"k_pid_pos": [2.0, 0.9567970037460327, 0.9999995231628418], "k_pid_alt": [1.978999137878418, 0.9999768733978271, 0.013860553503036499], "k_pid_att": [100.0, 0.165119469165802, 0.9283120632171631], "k_pid_yaw": [0.5, 1e-06, 0.1], "k_pid_hsp": [9.582270622253418, 0.9337018728256226, 0.054248273372650146], "k_pid_vsp": [3.8520336151123047, 396.5929870605469, 7.138861179351807]}, "datetime": {"datetime": "2025-08-21 19:44:53", "elapsed": 39609.6099050045, "delta": 24.635640621185303}, "costs": {"total_cost": 902.0236662866274, "time_cost": 150, "final_distance_cost": 48.88280551252217, "oscillation_cost": 156.88894587033005, "completition_cost": 444.4444444444444, "overshoot_cost": 51.5367947745056, "power_cost": 26.7593720703125, "noise_cost": 23.51130361451288, "n_waypoints_completed": 5, "tot_waypoints": 9}}
{"target": -697.9118267286592, "params": {"k_pid_pos": [1.9999996423721313, 0.9895901083946228, 1.0], "k_pid_alt": [1.9657068252563477, 1.0, 0.010157227516174316], "k_pid_att": [100.0, 0.217251256108284, 0.9941467046737671], "k_pid_yaw": [0.5, 1e-06, 0.1], "k_pid_hsp": [9.914300918579102, 0.9864924550056458, 0.04593700170516968], "k_pid_vsp": [18.01614761352539, 392.1847839355469, 31.921293258666992]}, "datetime": {"datetime": "2025-08-21 19:45:16", "elapsed": 39632.61354112625, "delta": 23.003636121749878}, "costs": {"total_cost": 697.9118267286592, "time_cost": 150, "final_distance_cost": 71.2875176012516, "oscillation_cost": 160.8647386573109, "completition_cost": 222.2222222222222, "overshoot_cost": 50.79246419806498, "power_cost": 24.310677148437502, "noise_cost": 18.434206901371972, "n_waypoints_completed": 7, "tot_waypoints": 9}}
