{"target": -1268.3599351539, "params": {"k_pid_pos": [0.07668301463127136, 0.9301819801330566, 0.9999983906745911], "k_pid_alt": [1.970816969871521, 2.4646520614624023e-05, 0.07630559802055359], "k_pid_att": [100.0, 0.472478449344635, 0.964664876461029], "k_pid_yaw": [0.5, 1e-06, 0.1], "k_pid_hsp": [9.794767379760742, 0.9929994344711304, 0.004524946212768555], "k_pid_vsp": [2.738940715789795, 346.9293212890625, 26.781919479370117]}, "datetime": {"datetime": "2025-08-21 11:02:53", "elapsed": 8290.13483452797, "delta": 23.013981580734253}, "costs": {"total_cost": 1268.3599351539, "time_cost": 150, "final_distance_cost": 51.61156847658022, "oscillation_cost": 102.89083225600879, "completition_cost": 888.8888888888888, "overshoot_cost": 31.1710743331599, "power_cost": 26.088461181640625, "noise_cost": 17.70911001762165, "n_waypoints_completed": 1, "tot_waypoints": 9}}
{"target": -828.3176270336562, "params": {"k_pid_pos": [1.7829606533050537, 0.9161312580108643, 0.9985772371292114], "k_pid_alt": [1.9163928031921387, 0.9999995231628418, 0.05563485622406006], "k_pid_att": [100.0, 0.6957564353942871, 0.9622241854667664], "k_pid_yaw": [0.5, 1e-06, 0.1], "k_pid_hsp": [9.676590919494629, 0.9864343404769897, 0.10512232780456543], "k_pid_vsp": [18.639802932739258, 380.7285461425781, 13.173056602478027]}, "datetime": {"datetime": "2025-08-21 11:03:16", "elapsed": 8313.419049501419, "delta": 23.284214973449707}, "costs": {"total_cost": 828.3176270336562, "time_cost": 150, "final_distance_cost": 54.81814880853893, "oscillation_cost": 206.14474917025336, "completition_cost": 333.33333333333337, "overshoot_cost": 45.90757064427693, "power_cost": 21.490875854492188, "noise_cost": 16.622949222761456, "n_waypoints_completed": 6, "tot_waypoints": 9}}
{"target": -1062.830817179465, "params": {"k_pid_pos": [2.0, 0.7136448621749878, 0.052082598209381104], "k_pid_alt": [1.9027657508850098, 1.0, 0.025394082069396973], "k_pid_att": [99.99944305419922, 1.3796905279159546, 0.9868630766868591], "k_pid_yaw": [0.5, 1e-06, 0.1], "k_pid_hsp": [9.807708740234375, 0.9889683723449707, 0.012951642274856567], "k_pid_vsp": [10.169315338134766, 382.987060546875, 18.65131950378418]}, "datetime": {"datetime": "2025-08-21 11:03:40", "elapsed": 8336.874170064926, "delta": 23.45512056350708}, "costs": {"total_cost": 1062.830817179465, "time_cost": 150, "final_distance_cost": 58.57264945637074, "oscillation_cost": 106.49272272472584, "completition_cost": 666.6666666666667, "overshoot_cost": 49.43777437797337, "power_cost": 17.723680200195314, "noise_cost": 13.937323753533137, "n_waypoints_completed": 3, "tot_waypoints": 9}}
{"target": -1090.4389972602376, "params": {"k_pid_pos": [2.0, 0.8434774279594421, 0.918122410774231], "k_pid_alt": [1.944425106048584, 0.9999998807907104, 0.03959918022155762], "k_pid_att": [100.0, 0.10658561438322067, 0.9497247338294983], "k_pid_yaw": [0.5, 1e-06, 0.1], "k_pid_hsp": [9.54414176940918, 0.8390981554985046, 0.024399369955062866], "k_pid_vsp": [15.705526351928711, 388.12371826171875, 125.39727783203125]}, "datetime": {"datetime": "2025-08-21 11:04:04", "elapsed": 8360.489008665085, "delta": 23.61483860015869}, "costs": {"total_cost": 1090.4389972602376, "time_cost": 150, "final_distance_cost": 50.68412688001074, "oscillation_cost": 248.4383067129397, "completition_cost": 555.5555555555555, "overshoot_cost": 50.09254650993179, "power_cost": 19.360996435546877, "noise_cost": 16.307465166253053, "n_waypoints_completed": 4, "tot_waypoints": 9}}
{"target": -1454.2796555153259, "params": {"k_pid_pos": [1.9999980926513672, 0.8027228713035583, 0.0], "k_pid_alt": [1.9796956777572632, 1.0, 0.03898906707763672], "k_pid_att": [100.0, 0.2878072261810303, 0.9898955821990967], "k_pid_yaw": [0.5, 1e-06, 0.1], "k_pid_hsp": [9.870401382446289, 0.9385724067687988, 0.03477764129638672], "k_pid_vsp": [68.90576171875, 164.54791259765625, 209.359619140625]}, "datetime": {"datetime": "2025-08-21 11:04:27", "elapsed": 8383.600732326508, "delta": 23.11172366142273}, "costs": {"total_cost": 1454.2796555153259, "time_cost": 150, "final_distance_cost": 36.03467478582256, "oscillation_cost": 58.16325176863089, "completition_cost": 1000.0, "overshoot_cost": 129.15771286828536, "power_cost": 21.896664575195313, "noise_cost": 59.02735151739173, "n_waypoints_completed": 0, "tot_waypoints": 9}}
{"target": -348.4802257631703, "params": {"k_pid_pos": [2.0, 0.881120502948761, 1.0], "k_pid_alt": [1.9887030124664307, 0.0, 0.06839063763618469], "k_pid_att": [100.0, 0.4025566577911377, 0.959916353225708], "k_pid_yaw": [0.5, 1e-06, 0.1], "k_pid_hsp": [9.05671215057373, 0.8027212619781494, 0.08068785071372986], "k_pid_vsp": [9.28240966796875, 257.4623718261719, 28.83217430114746]}, "datetime": {"datetime": "2025-08-21 11:04:49", "elapsed": 8405.442471981049, "delta": 21.841739654541016}, "costs": {"total_cost": 348.4802257631703, "time_cost": 94.024, "final_distance_cost": 1.7843105735545854, "oscillation_cost": 160.41412476691764, "completition_cost": 0.0, "overshoot_cost": 55.45542380653433, "power_cost": 21.303592907714844, "noise_cost": 15.498773708448953, "n_waypoints_completed": 9, "tot_waypoints": 9}}
{"target": -859.8690357272769, "params": {"k_pid_pos": [1.999047040939331, 0.9263150691986084, 0.9997973442077637], "k_pid_alt": [1.9855713844299316, 1.0, 0.0010512769222259521], "k_pid_att": [99.99996185302734, 0.38439857959747314, 0.90376877784729], "k_pid_yaw": [0.5, 1e-06, 0.1], "k_pid_hsp": [7.613940238952637, 0.9097791314125061, 0.020150423049926758], "k_pid_vsp": [35.234737396240234, 372.52935791015625, 3.868962287902832]}, "datetime": {"datetime": "2025-08-21 11:05:12", "elapsed": 8428.547989606857, "delta": 23.105517625808716}, "costs": {"total_cost": 859.8690357272769, "time_cost": 150, "final_distance_cost": 47.171537945244474, "oscillation_cost": 92.65533578699834, "completition_cost": 444.4444444444444, "overshoot_cost": 62.47918329035934, "power_cost": 30.073368273925784, "noise_cost": 33.04516598630475, "n_waypoints_completed": 5, "tot_waypoints": 9}}
{"target": -826.1446074046119, "params": {"k_pid_pos": [2.0, 0.992203950881958, 1.0], "k_pid_alt": [1.8925766944885254, 0.9816873669624329, 0.013161182403564453], "k_pid_att": [99.99998474121094, 4.8110737800598145, 0.8600450754165649], "k_pid_yaw": [0.5, 1e-06, 0.1], "k_pid_hsp": [9.921833992004395, 0.6624637842178345, 0.03526917099952698], "k_pid_vsp": [28.433300018310547, 386.89764404296875, 9.393061637878418]}, "datetime": {"datetime": "2025-08-21 11:05:35", "elapsed": 8451.771913766861, "delta": 23.223924160003662}, "costs": {"total_cost": 826.1446074046119, "time_cost": 150, "final_distance_cost": 69.33727038725016, "oscillation_cost": 184.54621902985502, "completition_cost": 333.33333333333337, "overshoot_cost": 48.349576553641526, "power_cost": 22.833560388183596, "noise_cost": 17.744647712348172, "n_waypoints_completed": 6, "tot_waypoints": 9}}
{"target": -1407.5455762568122, "params": {"k_pid_pos": [0.03041096217930317, 0.5551121830940247, 0.9976773262023926], "k_pid_alt": [1.942477822303772, 0.016883373260498047, 0.0553642213344574], "k_pid_att": [100.0, 0.08516064286231995, 0.6031523942947388], "k_pid_yaw": [0.5, 1e-06, 0.1], "k_pid_hsp": [9.961755752563477, 0.7969645261764526, 0.014364451169967651], "k_pid_vsp": [39.501094818115234, 329.93731689453125, 33.35700225830078]}, "datetime": {"datetime": "2025-08-21 11:05:58", "elapsed": 8475.069347381592, "delta": 23.297433614730835}, "costs": {"total_cost": 1407.5455762568122, "time_cost": 150, "final_distance_cost": 68.24290118930199, "oscillation_cost": 229.39554419401355, "completition_cost": 888.8888888888888, "overshoot_cost": 30.393328967140107, "power_cost": 23.67233846435547, "noise_cost": 16.952574553112157, "n_waypoints_completed": 1, "tot_waypoints": 9}}
{"target": -870.565015493813, "params": {"k_pid_pos": [2.0, 0.9593294262886047, 0.253667950630188], "k_pid_alt": [1.7881373167037964, 1.0, 0.24010786414146423], "k_pid_att": [100.0, 0.5244332551956177, 0.9757204055786133], "k_pid_yaw": [0.5, 1e-06, 0.1], "k_pid_hsp": [8.932841300964355, 0.9537404775619507, 0.10201439261436462], "k_pid_vsp": [9.365833282470703, 281.3041076660156, 16.50908088684082]}, "datetime": {"datetime": "2025-08-21 11:06:21", "elapsed": 8498.08302474022, "delta": 23.01367735862732}, "costs": {"total_cost": 870.565015493813, "time_cost": 150, "final_distance_cost": 51.986230698181664, "oscillation_cost": 127.30725334573872, "completition_cost": 444.4444444444444, "overshoot_cost": 53.047501887797516, "power_cost": 25.05968905029297, "noise_cost": 18.719896067357755, "n_waypoints_completed": 5, "tot_waypoints": 9}}
{"target": -1319.665965499628, "params": {"k_pid_pos": [1.3858981132507324, 0.9583466649055481, 0.00021320581436157227], "k_pid_alt": [1.7613030672073364, 1.0, 0.06489753723144531], "k_pid_att": [95.57599639892578, 0.5467871427536011, 0.9527164697647095], "k_pid_yaw": [0.5, 1e-06, 0.1], "k_pid_hsp": [8.505717277526855, 0.9877759218215942, 0.022158801555633545], "k_pid_vsp": [102.87725067138672, 336.5823669433594, 7.558036804199219]}, "datetime": {"datetime": "2025-08-21 11:06:44", "elapsed": 8521.069007396698, "delta": 22.985982656478882}, "costs": {"total_cost": 1319.665965499628, "time_cost": 150, "final_distance_cost": 46.57294602648393, "oscillation_cost": 60.0409966748147, "completition_cost": 1000.0, "overshoot_cost": 29.431406193889952, "power_cost": 18.20005477294922, "noise_cost": 15.420561831490467, "n_waypoints_completed": 0, "tot_waypoints": 9}}
{"target": -1337.2604258367294, "params": {"k_pid_pos": [2.0, 0.9853428602218628, 0.9998956322669983], "k_pid_alt": [1.9910926818847656, 0.039688825607299805, 0.008657246828079224], "k_pid_att": [100.0, 0.212243914604187, 0.8818156123161316], "k_pid_yaw": [0.5, 1e-06, 0.1], "k_pid_hsp": [9.248726844787598, 0.9718515872955322, 0.09546765685081482], "k_pid_vsp": [14.397907257080078, 384.5497741699219, 6.491840839385986]}, "datetime": {"datetime": "2025-08-21 11:07:07", "elapsed": 8544.176633358002, "delta": 23.10762596130371}, "costs": {"total_cost": 1337.2604258367294, "time_cost": 150, "final_distance_cost": 58.734617616878715, "oscillation_cost": 166.70584599695192, "completition_cost": 888.8888888888888, "overshoot_cost": 41.27618618924404, "power_cost": 18.446248864746096, "noise_cost": 13.208638280019754, "n_waypoints_completed": 1, "tot_waypoints": 9}}
{"target": -560.8244882034439, "params": {"k_pid_pos": [2.0, 0.9715834856033325, 0.9899042844772339], "k_pid_alt": [1.9538264274597168, 0.9999992847442627, 0.013892889022827148], "k_pid_att": [100.0, 1.0524389743804932, 0.9450173377990723], "k_pid_yaw": [0.5, 1e-06, 0.1], "k_pid_hsp": [9.663561820983887, 0.9487585425376892, 0.01695483922958374], "k_pid_vsp": [1.0269403457641602, 381.67376708984375, 2.6666173934936523]}, "datetime": {"datetime": "2025-08-21 11:07:30", "elapsed": 8567.254153728485, "delta": 23.0775203704834}, "costs": {"total_cost": 560.8244882034439, "time_cost": 150, "final_distance_cost": 66.52627189140506, "oscillation_cost": 131.63284916104877, "completition_cost": 111.11111111111116, "overshoot_cost": 54.198620197982194, "power_cost": 26.58894949951172, "noise_cost": 20.766686342385032, "n_waypoints_completed": 8, "tot_waypoints": 9}}
{"target": -996.9661173195104, "params": {"k_pid_pos": [2.0, 0.9920060038566589, 0.6663880348205566], "k_pid_alt": [1.963676929473877, 5.960464477539063e-08, 0.19630086421966553], "k_pid_att": [100.0, 0.24641163647174835, 0.7404621839523315], "k_pid_yaw": [0.5, 1e-06, 0.1], "k_pid_hsp": [9.721832275390625, 0.9929713010787964, 0.016933798789978027], "k_pid_vsp": [2.2156715393066406, 334.9975891113281, 14.27519416809082]}, "datetime": {"datetime": "2025-08-21 11:07:53", "elapsed": 8590.363844156265, "delta": 23.10969042778015}, "costs": {"total_cost": 996.9661173195104, "time_cost": 150, "final_distance_cost": 53.32571885421315, "oscillation_cost": 157.2464794369512, "completition_cost": 555.5555555555555, "overshoot_cost": 50.2513775229137, "power_cost": 17.506332812500002, "noise_cost": 13.080653137376933, "n_waypoints_completed": 4, "tot_waypoints": 9}}
{"target": -1250.0445146453587, "params": {"k_pid_pos": [2.0, 0.9160460829734802, 2.9802322387695312e-08], "k_pid_alt": [1.9729201793670654, 0.8840667009353638, 0.08464542031288147], "k_pid_att": [99.84803009033203, 0.16402961313724518, 0.9853425025939941], "k_pid_yaw": [0.5, 1e-06, 0.1], "k_pid_hsp": [9.633379936218262, 0.9904520511627197, 0.14390820264816284], "k_pid_vsp": [48.99509048461914, 377.2203063964844, 23.243356704711914]}, "datetime": {"datetime": "2025-08-21 11:08:17", "elapsed": 8613.850028276443, "delta": 23.486184120178223}, "costs": {"total_cost": 1250.0445146453587, "time_cost": 150, "final_distance_cost": 78.1184014034283, "oscillation_cost": 151.3650808918657, "completition_cost": 777.7777777777778, "overshoot_cost": 55.89283536132056, "power_cost": 21.63935378417969, "noise_cost": 15.251065426786777, "n_waypoints_completed": 2, "tot_waypoints": 9}}
{"target": -1188.510773001188, "params": {"k_pid_pos": [1.920796513557434, 0.9675288200378418, 0.0], "k_pid_alt": [1.9145524501800537, 1.0, 0.1638885736465454], "k_pid_att": [100.0, 1.2567631006240845, 0.9808770418167114], "k_pid_yaw": [0.5, 1e-06, 0.1], "k_pid_hsp": [9.97558307647705, 0.9726449847221375, 0.07866495847702026], "k_pid_vsp": [18.10436248779297, 158.47225952148438, 12.568450927734375]}, "datetime": {"datetime": "2025-08-21 11:08:40", "elapsed": 8637.00922203064, "delta": 23.159193754196167}, "costs": {"total_cost": 1188.510773001188, "time_cost": 150, "final_distance_cost": 65.13303254288313, "oscillation_cost": 83.85999426093665, "completition_cost": 777.7777777777778, "overshoot_cost": 66.02034465708967, "power_cost": 27.038588525390626, "noise_cost": 18.68103523711006, "n_waypoints_completed": 2, "tot_waypoints": 9}}
{"target": -1372.2728400123938, "params": {"k_pid_pos": [0.0001275955728488043, 0.9695079326629639, 0.9999985694885254], "k_pid_alt": [1.9413291215896606, 0.9998265504837036, 0.06088453531265259], "k_pid_att": [100.0, 1.1756259202957153, 0.9094325304031372], "k_pid_yaw": [0.5, 1e-06, 0.1], "k_pid_hsp": [9.76638412475586, 0.9121720790863037, 0.13224849104881287], "k_pid_vsp": [21.0634822845459, 334.3636169433594, 5.787838459014893]}, "datetime": {"datetime": "2025-08-21 11:09:03", "elapsed": 8660.310241222382, "delta": 23.301019191741943}, "costs": {"total_cost": 1372.2728400123938, "time_cost": 150, "final_distance_cost": 60.36002813853535, "oscillation_cost": 199.8785217194514, "completition_cost": 888.8888888888888, "overshoot_cost": 36.737843285927404, "power_cost": 21.303803039550782, "noise_cost": 15.103754940039881, "n_waypoints_completed": 1, "tot_waypoints": 9}}
{"target": -931.3385056069897, "params": {"k_pid_pos": [2.0, 0.7944294214248657, 0.0012559890747070312], "k_pid_alt": [1.8713040351867676, 0.9266862869262695, 0.047404199838638306], "k_pid_att": [100.0, 0.31791651248931885, 0.8735104203224182], "k_pid_yaw": [0.5, 1e-06, 0.1], "k_pid_hsp": [9.400405883789062, 0.9363409280776978, 0.047335535287857056], "k_pid_vsp": [30.042875289916992, 326.3369140625, 63.862060546875]}, "datetime": {"datetime": "2025-08-21 11:09:26", "elapsed": 8683.28016781807, "delta": 22.969926595687866}, "costs": {"total_cost": 931.3385056069897, "time_cost": 150, "final_distance_cost": 41.764810741205444, "oscillation_cost": 88.329630419062, "completition_cost": 555.5555555555555, "overshoot_cost": 55.85721379212796, "power_cost": 22.552400976562502, "noise_cost": 17.278894122476256, "n_waypoints_completed": 4, "tot_waypoints": 9}}
{"target": -566.7977914615589, "params": {"k_pid_pos": [1.566485047340393, 0.9974439740180969, 0.9381800889968872], "k_pid_alt": [1.949425458908081, 1.0, 0.12157005071640015], "k_pid_att": [100.0, 0.6687451004981995, 0.9314311742782593], "k_pid_yaw": [0.5, 1e-06, 0.1], "k_pid_hsp": [7.998007297515869, 0.8501061201095581, 0.11438268423080444], "k_pid_vsp": [126.7822265625, 377.8295593261719, 13.161839485168457]}, "datetime": {"datetime": "2025-08-21 11:09:50", "elapsed": 8707.106480360031, "delta": 23.82631254196167}, "costs": {"total_cost": 566.7977914615589, "time_cost": 150, "final_distance_cost": 21.24672163570814, "oscillation_cost": 189.82446634366843, "completition_cost": 111.11111111111116, "overshoot_cost": 56.64384875170863, "power_cost": 20.632173046875, "noise_cost": 17.339470572487627, "n_waypoints_completed": 8, "tot_waypoints": 9}}
{"target": -1354.8057339396414, "params": {"k_pid_pos": [2.0, 0.9774776697158813, 0.14501941204071045], "k_pid_alt": [1.9092272520065308, 1.0, 0.05378636717796326], "k_pid_att": [0.4125744104385376, 0.08035148680210114, 0.9859250783920288], "k_pid_yaw": [0.5, 1e-06, 0.1], "k_pid_hsp": [8.80644416809082, 0.9885631799697876, 0.0172787606716156], "k_pid_vsp": [7.003021240234375, 277.41278076171875, 22.725059509277344]}, "datetime": {"datetime": "2025-08-21 11:10:13", "elapsed": 8730.384306192398, "delta": 23.277825832366943}, "costs": {"total_cost": 1354.8057339396414, "time_cost": 150, "final_distance_cost": 44.15874750931779, "oscillation_cost": 37.92278488805232, "completition_cost": 1000.0, "overshoot_cost": 89.5273260417024, "power_cost": 19.83687370605469, "noise_cost": 13.360001794514012, "n_waypoints_completed": 0, "tot_waypoints": 9}}
{"target": -926.5059228299187, "params": {"k_pid_pos": [2.0, 0.9679752588272095, 1.4603137969970703e-06], "k_pid_alt": [1.9697980880737305, 0.9999988675117493, 0.0030693113803863525], "k_pid_att": [99.9999771118164, 0.13197186589241028, 0.9856864213943481], "k_pid_yaw": [0.5, 1e-06, 0.1], "k_pid_hsp": [7.665984153747559, 0.984646201133728, 0.006869584321975708], "k_pid_vsp": [30.2938232421875, 213.05809020996094, 15.397418022155762]}, "datetime": {"datetime": "2025-08-21 11:10:37", "elapsed": 8753.51862025261, "delta": 23.13431406021118}, "costs": {"total_cost": 926.5059228299187, "time_cost": 150, "final_distance_cost": 49.99444982790374, "oscillation_cost": 66.80777385629774, "completition_cost": 555.5555555555555, "overshoot_cost": 57.36716987488149, "power_cost": 28.0327515625, "noise_cost": 18.748222152780105, "n_waypoints_completed": 4, "tot_waypoints": 9}}
{"target": -975.1698810706906, "params": {"k_pid_pos": [1.9999988079071045, 0.9396145939826965, 1.4156103134155273e-05], "k_pid_alt": [1.8949253559112549, 0.030513525009155273, 0.015360385179519653], "k_pid_att": [100.0, 0.804105281829834, 0.9942183494567871], "k_pid_yaw": [0.5, 1e-06, 0.1], "k_pid_hsp": [9.832674980163574, 0.9666759967803955, 0.030807524919509888], "k_pid_vsp": [8.316230773925781, 350.5506896972656, 28.714265823364258]}, "datetime": {"datetime": "2025-08-21 11:11:00", "elapsed": 8776.803134918213, "delta": 23.284514665603638}, "costs": {"total_cost": 975.1698810706906, "time_cost": 150, "final_distance_cost": 67.11601103841787, "oscillation_cost": 117.7198324647405, "completition_cost": 555.5555555555555, "overshoot_cost": 54.003488799138324, "power_cost": 17.532829602050782, "noise_cost": 13.242163610787635, "n_waypoints_completed": 4, "tot_waypoints": 9}}
{"target": -881.2918839317368, "params": {"k_pid_pos": [1.9999992847442627, 0.977112889289856, 0.9999995827674866], "k_pid_alt": [1.9829597473144531, 0.9999520182609558, 0.022816896438598633], "k_pid_att": [100.0, 0.7598724961280823, 0.9310415387153625], "k_pid_yaw": [0.5, 1e-06, 0.1], "k_pid_hsp": [9.549792289733887, 0.9652693867683411, 0.04876893758773804], "k_pid_vsp": [8.794057846069336, 391.9975891113281, 40.047359466552734]}, "datetime": {"datetime": "2025-08-21 11:11:23", "elapsed": 8800.244772911072, "delta": 23.441637992858887}, "costs": {"total_cost": 881.2918839317368, "time_cost": 150, "final_distance_cost": 48.700848253798185, "oscillation_cost": 139.67394651812464, "completition_cost": 444.4444444444444, "overshoot_cost": 53.43455441897676, "power_cost": 25.975367504882815, "noise_cost": 19.0627227915101, "n_waypoints_completed": 5, "tot_waypoints": 9}}
{"target": -1365.2545538809554, "params": {"k_pid_pos": [9.999999747378752e-05, 0.9711494445800781, 2.9802322387695312e-08], "k_pid_alt": [1.975024938583374, 0.9999996423721313, 0.008824855089187622], "k_pid_att": [100.0, 0.43990007042884827, 0.9882767200469971], "k_pid_yaw": [0.5, 1e-06, 0.1], "k_pid_hsp": [9.232366561889648, 0.8443687558174133, 0.1256026029586792], "k_pid_vsp": [103.82025146484375, 251.4355926513672, 11.362529754638672]}, "datetime": {"datetime": "2025-08-21 11:11:46", "elapsed": 8823.188627958298, "delta": 22.943855047225952}, "costs": {"total_cost": 1365.2545538809554, "time_cost": 150, "final_distance_cost": 45.3381954204303, "oscillation_cost": 99.74293217195394, "completition_cost": 1000.0, "overshoot_cost": 40.05702841093312, "power_cost": 15.922789978027344, "noise_cost": 14.19360789961067, "n_waypoints_completed": 0, "tot_waypoints": 9}}
{"target": -1163.4134000094753, "params": {"k_pid_pos": [2.0, 0.8232593536376953, 3.993511199951172e-06], "k_pid_alt": [1.9944379329681396, 1.0, 0.009729921817779541], "k_pid_att": [99.96331024169922, 0.8427051305770874, 0.9708552360534668], "k_pid_yaw": [0.5, 1e-06, 0.1], "k_pid_hsp": [9.594881057739258, 0.9604707956314087, 0.00540471076965332], "k_pid_vsp": [23.835636138916016, 342.9532470703125, 5.231393337249756]}, "datetime": {"datetime": "2025-08-21 11:12:11", "elapsed": 8848.01455950737, "delta": 24.825931549072266}, "costs": {"total_cost": 1163.4134000094753, "time_cost": 150, "final_distance_cost": 80.26713436122995, "oscillation_cost": 77.89939508886789, "completition_cost": 777.7777777777778, "overshoot_cost": 39.04871892733724, "power_cost": 22.659606750488283, "noise_cost": 15.760767103773956, "n_waypoints_completed": 2, "tot_waypoints": 9}}
