{"target": -967.3238854657505, "params": {"k_pid_pos": [2.0, 0.929425835609436, 0.5272423624992371], "k_pid_alt": [1.9685194492340088, 1.0, 0.008519113063812256], "k_pid_att": [100.0, 0.019706454128026962, 0.9956099987030029], "k_pid_yaw": [0.5, 1e-06, 0.1], "k_pid_hsp": [9.975165367126465, 0.9943103194236755, 0.01814579963684082], "k_pid_vsp": [2.6568055152893066, 387.1269226074219, 4.419995307922363]}, "datetime": {"datetime": "2025-08-21 20:05:40", "elapsed": 40856.448737859726, "delta": 25.176156520843506}, "costs": {"total_cost": 967.3238854657505, "time_cost": 150, "final_distance_cost": 52.67170159510345, "oscillation_cost": 126.9016818237282, "completition_cost": 555.5555555555555, "overshoot_cost": 48.46755240632526, "power_cost": 19.03665438232422, "noise_cost": 14.690739702713882, "n_waypoints_completed": 4, "tot_waypoints": 9}}
{"target": -786.8800838597111, "params": {"k_pid_pos": [2.0, 0.9973235130310059, 0.9999992847442627], "k_pid_alt": [1.9425987005233765, 1.0, 0.0004132688045501709], "k_pid_att": [99.99944305419922, 0.20989403128623962, 0.9781853556632996], "k_pid_yaw": [0.5, 1e-06, 0.1], "k_pid_hsp": [9.965209007263184, 0.9653798341751099, 0.011035293340682983], "k_pid_vsp": [12.998318672180176, 396.2914123535156, 1.062727928161621]}, "datetime": {"datetime": "2025-08-21 20:06:04", "elapsed": 40880.540719270706, "delta": 24.091981410980225}, "costs": {"total_cost": 786.8800838597111, "time_cost": 150, "final_distance_cost": 51.07855942551382, "oscillation_cost": 166.77331020631516, "completition_cost": 333.33333333333337, "overshoot_cost": 53.471685658129346, "power_cost": 17.841054150390626, "noise_cost": 14.382141086028774, "n_waypoints_completed": 6, "tot_waypoints": 9}}
{"target": -844.6635948282503, "params": {"k_pid_pos": [2.0, 0.9780565500259399, 1.0], "k_pid_alt": [1.8636679649353027, 1.0, 0.0003682076930999756], "k_pid_att": [100.0, 0.16857948899269104, 0.9935897588729858], "k_pid_yaw": [0.5, 1e-06, 0.1], "k_pid_hsp": [9.793850898742676, 0.9933105111122131, 0.013155639171600342], "k_pid_vsp": [2.1833062171936035, 389.0085144042969, 7.429886817932129]}, "datetime": {"datetime": "2025-08-21 20:06:27", "elapsed": 40904.10367703438, "delta": 23.562957763671875}, "costs": {"total_cost": 844.6635948282503, "time_cost": 150, "final_distance_cost": 70.98724588785457, "oscillation_cost": 203.03098940827385, "completition_cost": 333.33333333333337, "overshoot_cost": 53.419074818778284, "power_cost": 19.569205090332034, "noise_cost": 14.323746289678153, "n_waypoints_completed": 6, "tot_waypoints": 9}}
{"target": -712.0030373318193, "params": {"k_pid_pos": [2.0, 0.9970918893814087, 1.0], "k_pid_alt": [1.9890036582946777, 1.0, 0.02303558588027954], "k_pid_att": [100.0, 0.40344473719596863, 0.980165958404541], "k_pid_yaw": [0.5, 1e-06, 0.1], "k_pid_hsp": [9.895770072937012, 0.980460524559021, 0.013911187648773193], "k_pid_vsp": [1.5103816986083984, 398.4704284667969, 0.8124123215675354]}, "datetime": {"datetime": "2025-08-21 20:06:52", "elapsed": 40929.14510393143, "delta": 25.04142689704895}, "costs": {"total_cost": 712.0030373318193, "time_cost": 150, "final_distance_cost": 69.70481103294792, "oscillation_cost": 169.421243123802, "completition_cost": 222.2222222222222, "overshoot_cost": 59.93171230704087, "power_cost": 24.201058801269532, "noise_cost": 16.521989844536797, "n_waypoints_completed": 7, "tot_waypoints": 9}}
{"target": -606.4394301643623, "params": {"k_pid_pos": [2.0, 0.9934985637664795, 1.0], "k_pid_alt": [1.994546890258789, 1.0, 0.007543653249740601], "k_pid_att": [100.0, 0.0382099375128746, 0.9705615043640137], "k_pid_yaw": [0.5, 1e-06, 0.1], "k_pid_hsp": [9.852896690368652, 0.9936120510101318, 0.04000142216682434], "k_pid_vsp": [2.4190306663513184, 394.7355651855469, 16.998329162597656]}, "datetime": {"datetime": "2025-08-21 20:07:16", "elapsed": 40952.88830089569, "delta": 23.743196964263916}, "costs": {"total_cost": 606.4394301643623, "time_cost": 150, "final_distance_cost": 61.69316623581222, "oscillation_cost": 187.21478534530885, "completition_cost": 111.11111111111116, "overshoot_cost": 57.703313600405544, "power_cost": 22.21941651611328, "noise_cost": 16.497637355611186, "n_waypoints_completed": 8, "tot_waypoints": 9}}
{"target": -365.0962980375739, "params": {"k_pid_pos": [2.0, 0.9879213571548462, 1.0], "k_pid_alt": [1.9805655479431152, 1.0, 0.009669959545135498], "k_pid_att": [100.0, 0.004848058335483074, 0.9825794696807861], "k_pid_yaw": [0.5, 1e-06, 0.1], "k_pid_hsp": [9.978130340576172, 0.99190354347229, 0.04630410671234131], "k_pid_vsp": [3.8131356239318848, 338.0418395996094, 5.735136032104492]}, "datetime": {"datetime": "2025-08-21 20:07:39", "elapsed": 40975.9414100647, "delta": 23.053109169006348}, "costs": {"total_cost": 365.0962980375739, "time_cost": 98.152, "final_distance_cost": 1.7600225558047746, "oscillation_cost": 168.71016605140812, "completition_cost": 0.0, "overshoot_cost": 57.72044811025482, "power_cost": 21.87196022949219, "noise_cost": 16.881701090613916, "n_waypoints_completed": 9, "tot_waypoints": 9}}
{"target": -346.02229514773535, "params": {"k_pid_pos": [2.0, 0.9963555335998535, 1.0], "k_pid_alt": [1.9775166511535645, 1.0, 0.024624526500701904], "k_pid_att": [100.0, 0.07569998502731323, 0.9932576417922974], "k_pid_yaw": [0.5, 1e-06, 0.1], "k_pid_hsp": [9.914390563964844, 0.9963803291320801, 0.008227944374084473], "k_pid_vsp": [3.6313414573669434, 397.1355895996094, 3.1823644638061523]}, "datetime": {"datetime": "2025-08-21 20:08:07", "elapsed": 41004.1892414093, "delta": 28.247831344604492}, "costs": {"total_cost": 346.02229514773535, "time_cost": 97.632, "final_distance_cost": 1.785223763859674, "oscillation_cost": 151.73999772548174, "completition_cost": 0.0, "overshoot_cost": 61.7464299267141, "power_cost": 18.97606656494141, "noise_cost": 14.142577166738427, "n_waypoints_completed": 9, "tot_waypoints": 9}}
{"target": -1191.9216255620852, "params": {"k_pid_pos": [2.0, 0.9949841499328613, 0.9999974370002747], "k_pid_alt": [1.9908347129821777, 1.0, 0.005631834268569946], "k_pid_att": [100.0, 0.03963179141283035, 0.9757106900215149], "k_pid_yaw": [0.5, 1e-06, 0.1], "k_pid_hsp": [9.51342487335205, 0.9958893656730652, 0.0059257447719573975], "k_pid_vsp": [28.391826629638672, 399.27862548828125, 9.225523948669434]}, "datetime": {"datetime": "2025-08-21 20:08:36", "elapsed": 41032.58512711525, "delta": 28.395885705947876}, "costs": {"total_cost": 1191.9216255620852, "time_cost": 150, "final_distance_cost": 90.24798148634429, "oscillation_cost": 89.05632340608693, "completition_cost": 777.7777777777778, "overshoot_cost": 45.69690444247402, "power_cost": 23.25452130126953, "noise_cost": 15.888117148132476, "n_waypoints_completed": 2, "tot_waypoints": 9}}
{"target": -999.8891732695225, "params": {"k_pid_pos": [2.0, 0.9843257665634155, 0.9999580979347229], "k_pid_alt": [1.9484061002731323, 1.0, 0.0835324227809906], "k_pid_att": [100.0, 0.18841630220413208, 0.9904305934906006], "k_pid_yaw": [0.5, 1e-06, 0.1], "k_pid_hsp": [9.936471939086914, 0.9907255172729492, 0.0026419460773468018], "k_pid_vsp": [18.675113677978516, 326.6601867675781, 22.56673812866211]}, "datetime": {"datetime": "2025-08-21 20:08:59", "elapsed": 41056.281564474106, "delta": 23.6964373588562}, "costs": {"total_cost": 999.8891732695225, "time_cost": 150, "final_distance_cost": 49.73027132321186, "oscillation_cost": 163.05166571347192, "completition_cost": 555.5555555555555, "overshoot_cost": 49.894030158655404, "power_cost": 17.38684051513672, "noise_cost": 14.270810003491194, "n_waypoints_completed": 4, "tot_waypoints": 9}}
{"target": -811.121605005162, "params": {"k_pid_pos": [2.0, 0.9969920516014099, 1.0], "k_pid_alt": [1.932885766029358, 1.0, 0.00781211256980896], "k_pid_att": [100.0, 0.18348437547683716, 0.9780913591384888], "k_pid_yaw": [0.5, 1e-06, 0.1], "k_pid_hsp": [9.922061920166016, 0.9979788661003113, 0.16430020332336426], "k_pid_vsp": [18.63492774963379, 397.91827392578125, 5.8633575439453125]}, "datetime": {"datetime": "2025-08-21 20:09:24", "elapsed": 41080.94354200363, "delta": 24.661977529525757}, "costs": {"total_cost": 811.121605005162, "time_cost": 150, "final_distance_cost": 64.71651414218155, "oscillation_cost": 169.89809294990732, "completition_cost": 333.33333333333337, "overshoot_cost": 52.58605241218761, "power_cost": 23.08226354980469, "noise_cost": 17.50534861774734, "n_waypoints_completed": 6, "tot_waypoints": 9}}
{"target": -910.2933501977162, "params": {"k_pid_pos": [2.0, 0.983646035194397, 1.0], "k_pid_alt": [1.9589478969573975, 1.0, 0.006974250078201294], "k_pid_att": [100.0, 0.16416729986667633, 0.9646932482719421], "k_pid_yaw": [0.5, 1e-06, 0.1], "k_pid_hsp": [9.66772174835205, 0.9905146360397339, 0.011755377054214478], "k_pid_vsp": [3.66976261138916, 394.46746826171875, 7.342291831970215]}, "datetime": {"datetime": "2025-08-21 20:09:47", "elapsed": 41103.64912033081, "delta": 22.705578327178955}, "costs": {"total_cost": 910.2933501977162, "time_cost": 150, "final_distance_cost": 47.77983074446104, "oscillation_cost": 179.00040539415372, "completition_cost": 444.4444444444444, "overshoot_cost": 51.24709007126397, "power_cost": 22.256520971679688, "noise_cost": 15.565058571713395, "n_waypoints_completed": 5, "tot_waypoints": 9}}
{"target": -332.2114013672686, "params": {"k_pid_pos": [2.0, 0.9970145225524902, 1.0], "k_pid_alt": [1.8064278364181519, 0.9999998807907104, 0.022145241498947144], "k_pid_att": [100.0, 0.5681930780410767, 0.9808047413825989], "k_pid_yaw": [0.5, 1e-06, 0.1], "k_pid_hsp": [9.868182182312012, 0.915790319442749, 0.005651742219924927], "k_pid_vsp": [47.77504348754883, 396.92584228515625, 16.31062126159668]}, "datetime": {"datetime": "2025-08-21 20:10:12", "elapsed": 41129.11740851402, "delta": 25.46828818321228}, "costs": {"total_cost": 332.2114013672686, "time_cost": 99.83200000000001, "final_distance_cost": 1.7562218653942485, "oscillation_cost": 132.89532221970956, "completition_cost": 0.0, "overshoot_cost": 54.28971900513164, "power_cost": 24.331502307128908, "noise_cost": 19.106635969904215, "n_waypoints_completed": 9, "tot_waypoints": 9}}
{"target": -880.7142531072202, "params": {"k_pid_pos": [2.0, 0.9965867400169373, 1.0], "k_pid_alt": [1.9435672760009766, 1.0, 0.0028643012046813965], "k_pid_att": [100.0, 0.24309051036834717, 0.9889140129089355], "k_pid_yaw": [0.5, 1e-06, 0.1], "k_pid_hsp": [9.931977272033691, 0.9442646503448486, 0.018762171268463135], "k_pid_vsp": [7.625901699066162, 394.1319580078125, 6.1665425300598145]}, "datetime": {"datetime": "2025-08-21 20:10:36", "elapsed": 41152.67399215698, "delta": 23.556583642959595}, "costs": {"total_cost": 880.7142531072202, "time_cost": 150, "final_distance_cost": 119.55259858310738, "oscillation_cost": 189.76647610814828, "completition_cost": 333.33333333333337, "overshoot_cost": 57.28519073661845, "power_cost": 17.15963572998047, "noise_cost": 13.61701861603233, "n_waypoints_completed": 6, "tot_waypoints": 9}}
{"target": -686.2925078052209, "params": {"k_pid_pos": [2.0, 0.9879228472709656, 1.0], "k_pid_alt": [1.9501429796218872, 1.0, 0.046524614095687866], "k_pid_att": [100.0, 0.04295322671532631, 0.9908979535102844], "k_pid_yaw": [0.5, 1e-06, 0.1], "k_pid_hsp": [9.919429779052734, 0.9864975214004517, 0.04153364896774292], "k_pid_vsp": [9.15062427520752, 398.3990783691406, 4.939855098724365]}, "datetime": {"datetime": "2025-08-21 20:11:00", "elapsed": 41176.64247703552, "delta": 23.96848487854004}, "costs": {"total_cost": 686.2925078052209, "time_cost": 150, "final_distance_cost": 72.18501358201489, "oscillation_cost": 144.86978335398993, "completition_cost": 222.2222222222222, "overshoot_cost": 55.62240019305562, "power_cost": 24.20517236328125, "noise_cost": 17.187916090657083, "n_waypoints_completed": 7, "tot_waypoints": 9}}
{"target": -1585.4905426279738, "params": {"k_pid_pos": [2.0, 0.9913471937179565, 1.0], "k_pid_alt": [1.9806984663009644, 1.0, 0.01370576024055481], "k_pid_att": [100.0, 0.15864914655685425, 0.9959248900413513], "k_pid_yaw": [0.5, 1e-06, 0.1], "k_pid_hsp": [9.894523620605469, 0.9872530698776245, 0.01024731993675232], "k_pid_vsp": [5.804884433746338, 385.6697998046875, 8.189238548278809]}, "datetime": {"datetime": "2025-08-21 20:11:24", "elapsed": 41201.27379655838, "delta": 24.631319522857666}, "costs": {"total_cost": 1585.4905426279738, "time_cost": 150, "final_distance_cost": 280.65622672110646, "oscillation_cost": 215.8411818667445, "completition_cost": 666.6666666666667, "overshoot_cost": 240.95055034355315, "power_cost": 17.646007861328126, "noise_cost": 13.729909168574796, "n_waypoints_completed": 3, "tot_waypoints": 9}}
{"target": -1047.7238560085027, "params": {"k_pid_pos": [2.0, 0.920358419418335, 0.24313107132911682], "k_pid_alt": [1.9569851160049438, 1.0, 0.03993493318557739], "k_pid_att": [100.0, 0.03694811835885048, 0.967668890953064], "k_pid_yaw": [0.5, 1e-06, 0.1], "k_pid_hsp": [9.877297401428223, 0.979367196559906, 0.007528245449066162], "k_pid_vsp": [3.8585901260375977, 390.4141845703125, 3.8168678283691406]}, "datetime": {"datetime": "2025-08-21 20:11:48", "elapsed": 41224.92401981354, "delta": 23.65022325515747}, "costs": {"total_cost": 1047.7238560085027, "time_cost": 150, "final_distance_cost": 51.44945706355532, "oscillation_cost": 94.70161250442274, "completition_cost": 666.6666666666667, "overshoot_cost": 48.00782661111446, "power_cost": 21.515248278808595, "noise_cost": 15.383044883934845, "n_waypoints_completed": 3, "tot_waypoints": 9}}
{"target": -735.514256210289, "params": {"k_pid_pos": [1.9999994039535522, 0.9918580055236816, 0.00031432509422302246], "k_pid_alt": [1.9857981204986572, 1.0, 0.022155344486236572], "k_pid_att": [100.0, 0.3526671826839447, 0.9906826019287109], "k_pid_yaw": [0.5, 1e-06, 0.1], "k_pid_hsp": [9.604167938232422, 0.9114264249801636, 0.006182581186294556], "k_pid_vsp": [7.16547966003418, 392.6114196777344, 4.874754905700684]}, "datetime": {"datetime": "2025-08-21 20:12:13", "elapsed": 41250.06248521805, "delta": 25.138465404510498}, "costs": {"total_cost": 735.514256210289, "time_cost": 150, "final_distance_cost": 68.04416949761153, "oscillation_cost": 88.48053343774713, "completition_cost": 333.33333333333337, "overshoot_cost": 56.159623842297094, "power_cost": 23.644839685058596, "noise_cost": 15.851756414241146, "n_waypoints_completed": 6, "tot_waypoints": 9}}
{"target": -834.5484635300268, "params": {"k_pid_pos": [2.0, 0.9759777784347534, 0.996479868888855], "k_pid_alt": [1.9474518299102783, 0.9999999403953552, 0.021326810121536255], "k_pid_att": [100.0, 0.06679514050483704, 0.9953877925872803], "k_pid_yaw": [0.5, 1e-06, 0.1], "k_pid_hsp": [9.630949974060059, 0.9573785066604614, 0.01733657717704773], "k_pid_vsp": [7.8339338302612305, 397.41094970703125, 8.731890678405762]}, "datetime": {"datetime": "2025-08-21 20:12:38", "elapsed": 41274.58135151863, "delta": 24.518866300582886}, "costs": {"total_cost": 834.5484635300268, "time_cost": 150, "final_distance_cost": 65.33447078587521, "oscillation_cost": 195.56160281588836, "completition_cost": 333.33333333333337, "overshoot_cost": 54.05383642086527, "power_cost": 20.526534350585937, "noise_cost": 15.738685823478567, "n_waypoints_completed": 6, "tot_waypoints": 9}}
{"target": -840.8224985121625, "params": {"k_pid_pos": [1.9965604543685913, 0.9933446645736694, 0.9586406350135803], "k_pid_alt": [1.9958629608154297, 1.0, 0.006322264671325684], "k_pid_att": [100.0, 0.043231576681137085, 0.9682025909423828], "k_pid_yaw": [0.5, 1e-06, 0.1], "k_pid_hsp": [9.947827339172363, 0.9975703954696655, 0.00485992431640625], "k_pid_vsp": [25.16002655029297, 393.4658508300781, 22.502256393432617]}, "datetime": {"datetime": "2025-08-21 20:13:01", "elapsed": 41297.67737174034, "delta": 23.096020221710205}, "costs": {"total_cost": 840.8224985121625, "time_cost": 150, "final_distance_cost": 37.07511069738176, "oscillation_cost": 121.13731926387806, "completition_cost": 444.4444444444444, "overshoot_cost": 50.950354551597314, "power_cost": 21.159033251953126, "noise_cost": 16.05623630290776, "n_waypoints_completed": 5, "tot_waypoints": 9}}
{"target": -890.2723999160322, "params": {"k_pid_pos": [2.0, 0.9899365901947021, 1.0], "k_pid_alt": [1.9418327808380127, 1.0, 0.0033126771450042725], "k_pid_att": [100.0, 0.042266588658094406, 0.9874222278594971], "k_pid_yaw": [0.5, 1e-06, 0.1], "k_pid_hsp": [9.218622207641602, 0.9909812808036804, 0.008148431777954102], "k_pid_vsp": [1.0929584503173828, 394.98809814453125, 36.32192611694336]}, "datetime": {"datetime": "2025-08-21 20:13:26", "elapsed": 41322.61850166321, "delta": 24.94112992286682}, "costs": {"total_cost": 890.2723999160322, "time_cost": 150, "final_distance_cost": 63.588134464045204, "oscillation_cost": 144.61653432007404, "completition_cost": 444.4444444444444, "overshoot_cost": 51.72803433149268, "power_cost": 21.086254150390626, "noise_cost": 14.8089982055852, "n_waypoints_completed": 5, "tot_waypoints": 9}}
{"target": -739.9973613085729, "params": {"k_pid_pos": [2.0, 0.8529977202415466, 0.0001080930233001709], "k_pid_alt": [1.9708571434020996, 1.0, 0.01689133048057556], "k_pid_att": [100.0, 0.06876684725284576, 0.9899390339851379], "k_pid_yaw": [0.5, 1e-06, 0.1], "k_pid_hsp": [9.919979095458984, 0.991869330406189, 0.006072670221328735], "k_pid_vsp": [22.15310287475586, 397.7162780761719, 7.367838382720947]}, "datetime": {"datetime": "2025-08-21 20:13:49", "elapsed": 41346.24259328842, "delta": 23.624091625213623}, "costs": {"total_cost": 739.9973613085729, "time_cost": 150, "final_distance_cost": 76.89784741893106, "oscillation_cost": 84.9580524149122, "completition_cost": 333.33333333333337, "overshoot_cost": 53.9168717874142, "power_cost": 24.12664786376953, "noise_cost": 16.764608490212517, "n_waypoints_completed": 6, "tot_waypoints": 9}}
{"target": -715.6248502072087, "params": {"k_pid_pos": [2.0, 0.9093564748764038, 1.0], "k_pid_alt": [1.9384925365447998, 1.0, 0.00885823369026184], "k_pid_att": [100.0, 0.09078040719032288, 0.9967362880706787], "k_pid_yaw": [0.5, 1e-06, 0.1], "k_pid_hsp": [9.930150985717773, 0.9570962190628052, 0.0037034451961517334], "k_pid_vsp": [2.1842360496520996, 397.4294128417969, 7.049597263336182]}, "datetime": {"datetime": "2025-08-21 20:14:13", "elapsed": 41370.115726947784, "delta": 23.873133659362793}, "costs": {"total_cost": 715.6248502072087, "time_cost": 150, "final_distance_cost": 64.83574253513606, "oscillation_cost": 190.0824801115051, "completition_cost": 222.2222222222222, "overshoot_cost": 53.5564963842194, "power_cost": 20.436675903320314, "noise_cost": 14.491233050805745, "n_waypoints_completed": 7, "tot_waypoints": 9}}
{"target": -681.0066144758639, "params": {"k_pid_pos": [2.0, 0.9840882420539856, 1.0], "k_pid_alt": [1.9389938116073608, 1.0, 0.028894752264022827], "k_pid_att": [100.0, 1.2142056226730347, 0.9868712425231934], "k_pid_yaw": [0.5, 1e-06, 0.1], "k_pid_hsp": [9.601658821105957, 0.8446859121322632, 0.004620760679244995], "k_pid_vsp": [12.163710594177246, 395.4049377441406, 6.828988552093506]}, "datetime": {"datetime": "2025-08-21 20:14:38", "elapsed": 41394.53821849823, "delta": 24.422491550445557}, "costs": {"total_cost": 681.0066144758639, "time_cost": 150, "final_distance_cost": 63.61593104456138, "oscillation_cost": 152.2076304033726, "completition_cost": 222.2222222222222, "overshoot_cost": 54.172017340131596, "power_cost": 22.240589453125, "noise_cost": 16.54822401245111, "n_waypoints_completed": 7, "tot_waypoints": 9}}
{"target": -849.1695727381764, "params": {"k_pid_pos": [2.0, 0.9992163181304932, 0.9989409446716309], "k_pid_alt": [1.8541021347045898, 1.0, 0.015898972749710083], "k_pid_att": [100.0, 0.08101070672273636, 0.9888078570365906], "k_pid_yaw": [0.5, 1e-06, 0.1], "k_pid_hsp": [9.934905052185059, 0.9923775792121887, 0.0047362446784973145], "k_pid_vsp": [24.935400009155273, 397.3890380859375, 24.867584228515625]}, "datetime": {"datetime": "2025-08-21 20:15:02", "elapsed": 41418.89713406563, "delta": 24.35891556739807}, "costs": {"total_cost": 849.1695727381764, "time_cost": 150, "final_distance_cost": 56.7083004081492, "oscillation_cost": 103.81316926505365, "completition_cost": 444.4444444444444, "overshoot_cost": 50.72536517488073, "power_cost": 25.094958044433596, "noise_cost": 18.383335401214847, "n_waypoints_completed": 5, "tot_waypoints": 9}}
{"target": -707.5034680868522, "params": {"k_pid_pos": [2.0, 0.9884184002876282, 1.0], "k_pid_alt": [1.978891134262085, 0.9999999403953552, 0.010958343744277954], "k_pid_att": [100.0, 0.39036256074905396, 0.9985390901565552], "k_pid_yaw": [0.5, 1e-06, 0.1], "k_pid_hsp": [9.803375244140625, 0.9858696460723877, 0.01679733395576477], "k_pid_vsp": [8.19251537322998, 389.328857421875, 1.9106755256652832]}, "datetime": {"datetime": "2025-08-21 20:15:26", "elapsed": 41443.210161447525, "delta": 24.313027381896973}, "costs": {"total_cost": 707.5034680868522, "time_cost": 150, "final_distance_cost": 68.56416683747149, "oscillation_cost": 179.41612119012478, "completition_cost": 222.2222222222222, "overshoot_cost": 49.73331982636245, "power_cost": 22.17941845703125, "noise_cost": 15.388219553639983, "n_waypoints_completed": 7, "tot_waypoints": 9}}
