{"target": -552.8714810272164, "params": {"k_pid_pos": [1.999990463256836, 0.9772410988807678, 0.9995052218437195], "k_pid_alt": [1.9129748344421387, 1.0, 0.0034416019916534424], "k_pid_att": [100.0, 0.06137564405798912, 0.9698919057846069], "k_pid_yaw": [0.5, 1e-06, 0.1], "k_pid_hsp": [9.918556213378906, 0.9898087382316589, 0.007764995098114014], "k_pid_vsp": [8.380496978759766, 395.78143310546875, 6.77932596206665]}, "datetime": {"datetime": "2025-08-21 18:55:32", "elapsed": 36648.659244060516, "delta": 23.210912942886353}, "costs": {"total_cost": 552.8714810272164, "time_cost": 150, "final_distance_cost": 36.30057246901969, "oscillation_cost": 152.77241887112942, "completition_cost": 111.11111111111116, "overshoot_cost": 60.285886649370134, "power_cost": 24.44658229980469, "noise_cost": 17.954909626781376, "n_waypoints_completed": 8, "tot_waypoints": 9}}
{"target": -1271.3177749724405, "params": {"k_pid_pos": [0.15854500234127045, 0.969221830368042, 0.9999999403953552], "k_pid_alt": [1.9887347221374512, 1.0, 0.0024784505367279053], "k_pid_att": [100.0, 0.07475616037845612, 0.9954808950424194], "k_pid_yaw": [0.5, 1e-06, 0.1], "k_pid_hsp": [9.9204683303833, 0.9871789216995239, 0.06549903750419617], "k_pid_vsp": [3.084731101989746, 392.12994384765625, 0.5067954659461975]}, "datetime": {"datetime": "2025-08-21 18:55:57", "elapsed": 36673.85309147835, "delta": 25.19384741783142}, "costs": {"total_cost": 1271.3177749724405, "time_cost": 150, "final_distance_cost": 80.75992583956834, "oscillation_cost": 136.27734850446672, "completition_cost": 777.7777777777778, "overshoot_cost": 73.25683828344953, "power_cost": 30.57908319091797, "noise_cost": 22.66680137626019, "n_waypoints_completed": 2, "tot_waypoints": 9}}
{"target": -586.52036781608, "params": {"k_pid_pos": [2.0, 0.9939364194869995, 0.9999933838844299], "k_pid_alt": [1.9570777416229248, 1.0, 0.06310319900512695], "k_pid_att": [100.0, 1.3753796815872192, 0.92742919921875], "k_pid_yaw": [0.5, 1e-06, 0.1], "k_pid_hsp": [9.909475326538086, 0.9665896892547607, 0.023276150226593018], "k_pid_vsp": [11.495518684387207, 398.7881164550781, 3.570629119873047]}, "datetime": {"datetime": "2025-08-21 18:56:21", "elapsed": 36698.05733704567, "delta": 24.204245567321777}, "costs": {"total_cost": 586.52036781608, "time_cost": 150, "final_distance_cost": 46.38294998969752, "oscillation_cost": 176.962765941641, "completition_cost": 111.11111111111116, "overshoot_cost": 61.44764455934026, "power_cost": 23.307305822753907, "noise_cost": 17.3085903915361, "n_waypoints_completed": 8, "tot_waypoints": 9}}
{"target": -1272.91951887019, "params": {"k_pid_pos": [2.0, 0.9682817459106445, 5.960464477539063e-08], "k_pid_alt": [1.9608371257781982, 1.0, 0.0567246675491333], "k_pid_att": [100.0, 0.05706895515322685, 0.9855118989944458], "k_pid_yaw": [0.5, 1e-06, 0.1], "k_pid_hsp": [9.878044128417969, 0.9873639345169067, 0.012371867895126343], "k_pid_vsp": [15.461993217468262, 392.28033447265625, 11.508131980895996]}, "datetime": {"datetime": "2025-08-21 18:56:45", "elapsed": 36721.83702349663, "delta": 23.779686450958252}, "costs": {"total_cost": 1272.91951887019, "time_cost": 150, "final_distance_cost": 60.72476490813605, "oscillation_cost": 105.28135726235138, "completition_cost": 888.8888888888888, "overshoot_cost": 37.40508898297424, "power_cost": 17.59657596435547, "noise_cost": 13.022842863483826, "n_waypoints_completed": 1, "tot_waypoints": 9}}
{"target": -683.4652671045434, "params": {"k_pid_pos": [1.9999971389770508, 0.9976569414138794, 0.9983311891555786], "k_pid_alt": [1.8630099296569824, 1.0, 0.09762096405029297], "k_pid_att": [100.0, 0.26685699820518494, 0.9898070096969604], "k_pid_yaw": [0.5, 1e-06, 0.1], "k_pid_hsp": [9.950892448425293, 0.9900907874107361, 0.020552635192871094], "k_pid_vsp": [4.185736179351807, 397.4363708496094, 1.2821803092956543]}, "datetime": {"datetime": "2025-08-21 18:57:10", "elapsed": 36746.6558175087, "delta": 24.818794012069702}, "costs": {"total_cost": 683.4652671045434, "time_cost": 150, "final_distance_cost": 72.66294377908676, "oscillation_cost": 140.75356628431607, "completition_cost": 222.2222222222222, "overshoot_cost": 54.02479205219147, "power_cost": 25.475082653808595, "noise_cost": 18.326660112918308, "n_waypoints_completed": 7, "tot_waypoints": 9}}
{"target": -687.8555736431396, "params": {"k_pid_pos": [2.0, 0.9890891909599304, 0.983124852180481], "k_pid_alt": [1.9174864292144775, 1.0, 0.033121079206466675], "k_pid_att": [100.0, 0.13389529287815094, 0.9875942468643188], "k_pid_yaw": [0.5, 1e-06, 0.1], "k_pid_hsp": [9.912970542907715, 0.9981229901313782, 0.011267304420471191], "k_pid_vsp": [60.64475631713867, 398.2039794921875, 7.313538551330566]}, "datetime": {"datetime": "2025-08-21 18:57:33", "elapsed": 36769.86893963814, "delta": 23.213122129440308}, "costs": {"total_cost": 687.8555736431396, "time_cost": 150, "final_distance_cost": 64.62399935235103, "oscillation_cost": 162.75060285372766, "completition_cost": 222.2222222222222, "overshoot_cost": 51.631614630014745, "power_cost": 19.95259166259766, "noise_cost": 16.674542922226205, "n_waypoints_completed": 7, "tot_waypoints": 9}}
{"target": -799.5056299589636, "params": {"k_pid_pos": [2.0, 0.8738179206848145, 1.0], "k_pid_alt": [1.956938624382019, 1.0, 0.017217129468917847], "k_pid_att": [100.0, 0.2810553014278412, 0.9701759815216064], "k_pid_yaw": [0.5, 1e-06, 0.1], "k_pid_hsp": [9.71810245513916, 0.9916225671768188, 0.07386615872383118], "k_pid_vsp": [1.5559792518615723, 394.1005859375, 13.410259246826172]}, "datetime": {"datetime": "2025-08-21 18:57:57", "elapsed": 36794.35898947716, "delta": 24.490049839019775}, "costs": {"total_cost": 799.5056299589636, "time_cost": 150, "final_distance_cost": 60.51710281617656, "oscillation_cost": 162.17154398366657, "completition_cost": 333.33333333333337, "overshoot_cost": 52.80426227734276, "power_cost": 24.163188232421877, "noise_cost": 16.51619931602239, "n_waypoints_completed": 6, "tot_waypoints": 9}}
{"target": -921.7425067283006, "params": {"k_pid_pos": [2.0, 0.9727194905281067, 0.00017255544662475586], "k_pid_alt": [1.9852936267852783, 1.0, 0.008898377418518066], "k_pid_att": [100.0, 0.13560086488723755, 0.9910029172897339], "k_pid_yaw": [0.5, 1e-06, 0.1], "k_pid_hsp": [9.504158973693848, 0.9863054156303406, 0.004317790269851685], "k_pid_vsp": [11.577033996582031, 382.3484802246094, 8.567667961120605]}, "datetime": {"datetime": "2025-08-21 18:58:22", "elapsed": 36819.21502828598, "delta": 24.856038808822632}, "costs": {"total_cost": 921.7425067283006, "time_cost": 150, "final_distance_cost": 46.07131435475214, "oscillation_cost": 73.43677264238833, "completition_cost": 555.5555555555555, "overshoot_cost": 55.60432951718352, "power_cost": 23.16513034667969, "noise_cost": 17.90940431174137, "n_waypoints_completed": 4, "tot_waypoints": 9}}
{"target": -798.6881382167672, "params": {"k_pid_pos": [2.0, 0.9882965087890625, 1.0], "k_pid_alt": [1.9551994800567627, 1.0, 0.008142679929733276], "k_pid_att": [100.0, 0.1580963283777237, 0.9745007753372192], "k_pid_yaw": [0.5, 1e-06, 0.1], "k_pid_hsp": [9.919559478759766, 0.9242386817932129, 0.004932761192321777], "k_pid_vsp": [2.5571227073669434, 387.8287658691406, 28.716493606567383]}, "datetime": {"datetime": "2025-08-21 18:58:46", "elapsed": 36842.4634270668, "delta": 23.248398780822754}, "costs": {"total_cost": 798.6881382167672, "time_cost": 150, "final_distance_cost": 52.68887887447772, "oscillation_cost": 180.8831631775424, "completition_cost": 333.33333333333337, "overshoot_cost": 51.20630422800409, "power_cost": 16.52923513183594, "noise_cost": 14.047223471573707, "n_waypoints_completed": 6, "tot_waypoints": 9}}
{"target": -4689.38872489474, "params": {"k_pid_pos": [2.0, 0.9704225659370422, 0.9999994039535522], "k_pid_alt": [1.988466501235962, 0.9999994039535522, 0.011469930410385132], "k_pid_att": [0.00016689300537109375, 0.18738754093647003, 0.9891597032546997], "k_pid_yaw": [0.5, 1e-06, 0.1], "k_pid_hsp": [9.82148551940918, 0.8691667318344116, 0.007322818040847778], "k_pid_vsp": [10.023975372314453, 396.9009704589844, 6.886578559875488]}, "datetime": {"datetime": "2025-08-21 18:59:11", "elapsed": 36867.63749337196, "delta": 25.174066305160522}, "costs": {"total_cost": 4689.38872489474, "time_cost": 150, "final_distance_cost": 924.1313968469607, "oscillation_cost": 308.42921515959875, "completition_cost": 1000.0, "overshoot_cost": 2194.2045203471957, "power_cost": 33.57569431152344, "noise_cost": 79.04789822946113, "n_waypoints_completed": 0, "tot_waypoints": 9}}
{"target": -3890.9539730694587, "params": {"k_pid_pos": [2.0, 0.9648105502128601, 0.9999998807907104], "k_pid_alt": [1.9864821434020996, 1.0, 0.01892954111099243], "k_pid_att": [0.0009477138519287109, 0.0638265609741211, 0.9935400485992432], "k_pid_yaw": [0.5, 1e-06, 0.1], "k_pid_hsp": [9.833553314208984, 0.9930213689804077, 0.006992131471633911], "k_pid_vsp": [9.566963195800781, 388.5548095703125, 7.594038009643555]}, "datetime": {"datetime": "2025-08-21 18:59:35", "elapsed": 36892.02991652489, "delta": 24.392423152923584}, "costs": {"total_cost": 3890.9539730694587, "time_cost": 150, "final_distance_cost": 846.0727755908986, "oscillation_cost": 96.05722990324834, "completition_cost": 1000.0, "overshoot_cost": 1686.8801945216412, "power_cost": 33.33976440429688, "noise_cost": 78.60400864937384, "n_waypoints_completed": 0, "tot_waypoints": 9}}
{"target": -951.0552590233643, "params": {"k_pid_pos": [2.0, 0.9821094274520874, 0.00907665491104126], "k_pid_alt": [1.9732816219329834, 1.0, 0.02106061577796936], "k_pid_att": [100.0, 0.15559981763362885, 0.9522004127502441], "k_pid_yaw": [0.5, 1e-06, 0.1], "k_pid_hsp": [9.923941612243652, 0.9905232787132263, 0.007427036762237549], "k_pid_vsp": [2.579927444458008, 396.3153381347656, 1.7773160934448242]}, "datetime": {"datetime": "2025-08-21 19:00:01", "elapsed": 36917.483506679535, "delta": 25.453590154647827}, "costs": {"total_cost": 951.0552590233643, "time_cost": 150, "final_distance_cost": 55.883063667749745, "oscillation_cost": 92.68668992716856, "completition_cost": 555.5555555555555, "overshoot_cost": 57.21283055414684, "power_cost": 22.9017283203125, "noise_cost": 16.815390998431095, "n_waypoints_completed": 4, "tot_waypoints": 9}}
{"target": -354.68145048986867, "params": {"k_pid_pos": [2.0, 0.9882590770721436, 1.0], "k_pid_alt": [1.98128342628479, 1.0, 0.03797236084938049], "k_pid_att": [100.0, 0.09927637130022049, 0.984341025352478], "k_pid_yaw": [0.5, 1e-06, 0.1], "k_pid_hsp": [9.87207317352295, 0.9835343956947327, 0.007006347179412842], "k_pid_vsp": [8.939933776855469, 389.6687316894531, 4.0387043952941895]}, "datetime": {"datetime": "2025-08-21 19:00:25", "elapsed": 36941.73243069649, "delta": 24.248924016952515}, "costs": {"total_cost": 354.68145048986867, "time_cost": 98.392, "final_distance_cost": 1.7263321870975303, "oscillation_cost": 158.87915013642743, "completition_cost": 0.0, "overshoot_cost": 60.36616108697706, "power_cost": 20.6799015625, "noise_cost": 14.637905516866676, "n_waypoints_completed": 9, "tot_waypoints": 9}}
{"target": -680.682355463389, "params": {"k_pid_pos": [2.0, 0.8858033418655396, 0.9999996423721313], "k_pid_alt": [1.9848941564559937, 1.0, 0.0019359588623046875], "k_pid_att": [100.0, 0.02029981091618538, 0.9585286974906921], "k_pid_yaw": [0.5, 1e-06, 0.1], "k_pid_hsp": [9.809200286865234, 0.9960591197013855, 0.013105154037475586], "k_pid_vsp": [6.23321533203125, 396.59613037109375, 2.6895532608032227]}, "datetime": {"datetime": "2025-08-21 19:00:48", "elapsed": 36965.13218045235, "delta": 23.399749755859375}, "costs": {"total_cost": 680.682355463389, "time_cost": 150, "final_distance_cost": 65.26431244440171, "oscillation_cost": 141.5182673024161, "completition_cost": 222.2222222222222, "overshoot_cost": 56.539911799354485, "power_cost": 25.882688220214845, "noise_cost": 19.254953474779636, "n_waypoints_completed": 7, "tot_waypoints": 9}}
{"target": -794.9574945423342, "params": {"k_pid_pos": [2.0, 0.995516300201416, 1.0], "k_pid_alt": [1.9583888053894043, 1.0, 0.0122738778591156], "k_pid_att": [100.0, 0.18901324272155762, 0.9892911911010742], "k_pid_yaw": [0.5, 1e-06, 0.1], "k_pid_hsp": [9.914433479309082, 0.9992326498031616, 0.014688998460769653], "k_pid_vsp": [14.791464805603027, 396.67578125, 2.9589662551879883]}, "datetime": {"datetime": "2025-08-21 19:01:12", "elapsed": 36988.650384664536, "delta": 23.51820421218872}, "costs": {"total_cost": 794.9574945423342, "time_cost": 150, "final_distance_cost": 66.74590171425425, "oscillation_cost": 140.7695845763476, "completition_cost": 333.33333333333337, "overshoot_cost": 62.43006142619866, "power_cost": 24.29636778564453, "noise_cost": 17.38224570655573, "n_waypoints_completed": 6, "tot_waypoints": 9}}
{"target": -1039.8815405755242, "params": {"k_pid_pos": [1.9446388483047485, 0.9980225563049316, 2.8342008590698242e-05], "k_pid_alt": [1.9168601036071777, 1.0, 0.01684132218360901], "k_pid_att": [100.0, 0.08691806346178055, 0.9973846673965454], "k_pid_yaw": [0.5, 1e-06, 0.1], "k_pid_hsp": [9.864988327026367, 0.901664674282074, 0.01010960340499878], "k_pid_vsp": [7.555687427520752, 394.2822570800781, 14.645899772644043]}, "datetime": {"datetime": "2025-08-21 19:01:38", "elapsed": 37014.67258834839, "delta": 26.02220368385315}, "costs": {"total_cost": 1039.8815405755242, "time_cost": 150, "final_distance_cost": 55.5910822298822, "oscillation_cost": 75.56646086283305, "completition_cost": 666.6666666666667, "overshoot_cost": 50.62596411222119, "power_cost": 23.826843017578128, "noise_cost": 17.60452368634295, "n_waypoints_completed": 3, "tot_waypoints": 9}}
{"target": -885.5874278895345, "params": {"k_pid_pos": [2.0, 0.9833897948265076, 1.0], "k_pid_alt": [1.9611711502075195, 1.0, 0.0007655322551727295], "k_pid_att": [100.0, 0.6784900426864624, 0.9386034607887268], "k_pid_yaw": [0.5, 1e-06, 0.1], "k_pid_hsp": [9.956077575683594, 0.9742299914360046, 0.030204981565475464], "k_pid_vsp": [2.84726619720459, 398.2142028808594, 38.26103210449219]}, "datetime": {"datetime": "2025-08-21 19:02:01", "elapsed": 37037.983258247375, "delta": 23.310669898986816}, "costs": {"total_cost": 885.5874278895345, "time_cost": 150, "final_distance_cost": 37.77716612263256, "oscillation_cost": 167.84096099218866, "completition_cost": 444.4444444444444, "overshoot_cost": 50.57248370143992, "power_cost": 19.840094067382815, "noise_cost": 15.112278561446281, "n_waypoints_completed": 5, "tot_waypoints": 9}}
{"target": -950.1202303251166, "params": {"k_pid_pos": [2.0, 0.9965039491653442, 0.5542056560516357], "k_pid_alt": [1.9701623916625977, 1.0, 0.010289967060089111], "k_pid_att": [100.0, 0.0822606086730957, 0.984498918056488], "k_pid_yaw": [0.5, 1e-06, 0.1], "k_pid_hsp": [9.712803840637207, 0.9909695386886597, 0.017385661602020264], "k_pid_vsp": [3.6977291107177734, 377.3238525390625, 14.364529609680176]}, "datetime": {"datetime": "2025-08-21 19:02:26", "elapsed": 37062.84705710411, "delta": 24.86379885673523}, "costs": {"total_cost": 950.1202303251166, "time_cost": 150, "final_distance_cost": 51.889544034905775, "oscillation_cost": 92.14953865091225, "completition_cost": 555.5555555555555, "overshoot_cost": 53.368789021898124, "power_cost": 26.197769689941406, "noise_cost": 20.959033371903462, "n_waypoints_completed": 4, "tot_waypoints": 9}}
{"target": -817.4295061329452, "params": {"k_pid_pos": [2.0, 0.9861237406730652, 0.9500519633293152], "k_pid_alt": [1.769132375717163, 1.0, 0.026125460863113403], "k_pid_att": [100.0, 0.38679882884025574, 0.9994791746139526], "k_pid_yaw": [0.5, 1e-06, 0.1], "k_pid_hsp": [9.977384567260742, 0.9626388549804688, 0.06364059448242188], "k_pid_vsp": [2.4398088455200195, 392.6863098144531, 6.336284637451172]}, "datetime": {"datetime": "2025-08-21 19:02:48", "elapsed": 37085.27107214928, "delta": 22.424015045166016}, "costs": {"total_cost": 817.4295061329452, "time_cost": 150, "final_distance_cost": 67.29455327134218, "oscillation_cost": 168.9971883406834, "completition_cost": 333.33333333333337, "overshoot_cost": 60.22497592396405, "power_cost": 21.34877684326172, "noise_cost": 16.230678420360555, "n_waypoints_completed": 6, "tot_waypoints": 9}}
{"target": -1011.5258580383285, "params": {"k_pid_pos": [2.0, 0.994277834892273, 0.9999997615814209], "k_pid_alt": [1.9922345876693726, 1.0, 0.006556987762451172], "k_pid_att": [93.50853729248047, 0.39475059509277344, 0.9847962856292725], "k_pid_yaw": [0.5, 1e-06, 0.1], "k_pid_hsp": [9.811680793762207, 0.9784138202667236, 0.012548655271530151], "k_pid_vsp": [1.9039154052734375, 397.2287292480469, 19.879592895507812]}, "datetime": {"datetime": "2025-08-21 19:03:14", "elapsed": 37110.839567899704, "delta": 25.568495750427246}, "costs": {"total_cost": 1011.5258580383285, "time_cost": 150, "final_distance_cost": 50.42727704698323, "oscillation_cost": 167.29231597128165, "completition_cost": 555.5555555555555, "overshoot_cost": 53.60083946939354, "power_cost": 19.5466638671875, "noise_cost": 15.103206127927, "n_waypoints_completed": 4, "tot_waypoints": 9}}
{"target": -680.4164880888035, "params": {"k_pid_pos": [2.0, 0.9924408197402954, 1.0], "k_pid_alt": [1.971672534942627, 1.0, 0.10859587788581848], "k_pid_att": [100.0, 0.05478343740105629, 0.9652996063232422], "k_pid_yaw": [0.5, 1e-06, 0.1], "k_pid_hsp": [9.875925064086914, 0.9846836924552917, 0.01531711220741272], "k_pid_vsp": [1.398622989654541, 373.5207824707031, 5.999589920043945]}, "datetime": {"datetime": "2025-08-21 19:03:38", "elapsed": 37134.95903778076, "delta": 24.11946988105774}, "costs": {"total_cost": 680.4164880888035, "time_cost": 150, "final_distance_cost": 62.5885416960904, "oscillation_cost": 139.93070877939886, "completition_cost": 222.2222222222222, "overshoot_cost": 58.36021737648649, "power_cost": 26.211253442382812, "noise_cost": 21.103544572222788, "n_waypoints_completed": 7, "tot_waypoints": 9}}
{"target": -804.6067401890184, "params": {"k_pid_pos": [2.0, 0.9646124243736267, 1.0], "k_pid_alt": [1.988635778427124, 1.0, 0.022208601236343384], "k_pid_att": [100.0, 0.21899676322937012, 0.9950586557388306], "k_pid_yaw": [0.5, 1e-06, 0.1], "k_pid_hsp": [9.969594955444336, 0.9813565611839294, 0.006813675165176392], "k_pid_vsp": [6.8723320960998535, 396.3708190917969, 5.114878177642822]}, "datetime": {"datetime": "2025-08-21 19:04:02", "elapsed": 37158.74822592735, "delta": 23.789188146591187}, "costs": {"total_cost": 804.6067401890184, "time_cost": 150, "final_distance_cost": 52.18834004179929, "oscillation_cost": 186.23460779407546, "completition_cost": 333.33333333333337, "overshoot_cost": 48.795752562454346, "power_cost": 19.277731469726564, "noise_cost": 14.776974987629366, "n_waypoints_completed": 6, "tot_waypoints": 9}}
{"target": -703.6594744359161, "params": {"k_pid_pos": [2.0, 0.9972323775291443, 0.9999598264694214], "k_pid_alt": [1.9489164352416992, 1.0, 0.016967326402664185], "k_pid_att": [100.0, 0.20474304258823395, 0.9921569228172302], "k_pid_yaw": [0.5, 1e-06, 0.1], "k_pid_hsp": [9.622920989990234, 0.9886913895606995, 0.06434512138366699], "k_pid_vsp": [42.44420623779297, 389.0885009765625, 11.582923889160156]}, "datetime": {"datetime": "2025-08-21 19:04:26", "elapsed": 37183.305413007736, "delta": 24.5571870803833}, "costs": {"total_cost": 703.6594744359161, "time_cost": 150, "final_distance_cost": 64.95042765552907, "oscillation_cost": 177.37616023861605, "completition_cost": 222.2222222222222, "overshoot_cost": 51.632025851571534, "power_cost": 20.86699774169922, "noise_cost": 16.611640726278015, "n_waypoints_completed": 7, "tot_waypoints": 9}}
{"target": -938.3705190669887, "params": {"k_pid_pos": [2.0, 0.9963123798370361, 1.0], "k_pid_alt": [1.9901132583618164, 1.0, 0.057866185903549194], "k_pid_att": [99.99607849121094, 0.07997419685125351, 0.9868406057357788], "k_pid_yaw": [0.5, 1e-06, 0.1], "k_pid_hsp": [9.984925270080566, 0.985620379447937, 0.016011863946914673], "k_pid_vsp": [1.8566489219665527, 394.25823974609375, 11.814714431762695]}, "datetime": {"datetime": "2025-08-21 19:04:50", "elapsed": 37206.46322417259, "delta": 23.157811164855957}, "costs": {"total_cost": 938.3705190669887, "time_cost": 150, "final_distance_cost": 63.31239900441905, "oscillation_cost": 190.85119056246822, "completition_cost": 444.4444444444444, "overshoot_cost": 49.33975650014389, "power_cost": 22.099179443359375, "noise_cost": 18.3235491121536, "n_waypoints_completed": 5, "tot_waypoints": 9}}
{"target": -694.806409849344, "params": {"k_pid_pos": [2.0, 0.9775127172470093, 0.7731006145477295], "k_pid_alt": [1.9695665836334229, 1.0, 0.030074745416641235], "k_pid_att": [100.0, 0.10455133020877838, 0.9534156322479248], "k_pid_yaw": [0.5, 1e-06, 0.1], "k_pid_hsp": [9.730648040771484, 0.992927074432373, 0.05681639909744263], "k_pid_vsp": [5.321621894836426, 391.3580017089844, 0.463534414768219]}, "datetime": {"datetime": "2025-08-21 19:05:14", "elapsed": 37231.40298700333, "delta": 24.939762830734253}, "costs": {"total_cost": 694.806409849344, "time_cost": 150, "final_distance_cost": 68.2403771952988, "oscillation_cost": 161.9442523732496, "completition_cost": 222.2222222222222, "overshoot_cost": 51.268005482345934, "power_cost": 23.78091407470703, "noise_cost": 17.35063850152044, "n_waypoints_completed": 7, "tot_waypoints": 9}}
