{"target": -606.2236315983305, "params": {"k_pid_pos": [1.9973806142807007, 0.9396167993545532, 1.0], "k_pid_alt": [1.9440829753875732, 0.24430149793624878, 0.6452338099479675], "k_pid_att": [14.600265502929688, 5.517762660980225, 0.7709215879440308], "k_pid_yaw": [0.5, 1e-06, 0.1], "k_pid_hsp": [3.5822858810424805, 0.8220179080963135, 0.4166695475578308], "k_pid_vsp": [278.35791015625, 115.58694458007812, 58.02164077758789]}, "datetime": {"datetime": "2025-08-21 09:43:24", "elapsed": 3521.1911430358887, "delta": 29.160609006881714}, "costs": {"total_cost": 606.2236315983305, "time_cost": 150, "final_distance_cost": 62.76177355755079, "oscillation_cost": 196.58025814541506, "completition_cost": 111.11111111111116, "overshoot_cost": 48.08592384567281, "power_cost": 22.074680041503907, "noise_cost": 15.6098848970767, "n_waypoints_completed": 8, "tot_waypoints": 9}}
{"target": -15451.924637201748, "params": {"k_pid_pos": [0.029784012585878372, 0.6432431936264038, 1.1920928955078125e-07], "k_pid_alt": [1.3682560920715332, 0.9999995231628418, 0.37118157744407654], "k_pid_att": [8.940696716308594e-06, 6.481426239013672, 0.4582071006298065], "k_pid_yaw": [0.5, 1e-06, 0.1], "k_pid_hsp": [0.21785058081150055, 0.876695990562439, 0.4466458559036255], "k_pid_vsp": [35.99376678466797, 215.31398010253906, 154.50999450683594]}, "datetime": {"datetime": "2025-08-21 09:43:51", "elapsed": 3547.693490743637, "delta": 26.502347707748413}, "costs": {"total_cost": 15451.924637201748, "time_cost": 150, "final_distance_cost": 4785.890944315346, "oscillation_cost": 2269.1878793216733, "completition_cost": 1000.0, "overshoot_cost": 7108.638144620245, "power_cost": 34.885760595703125, "noise_cost": 103.3219083487811, "n_waypoints_completed": 0, "tot_waypoints": 9}}
{"target": -941.3710803053058, "params": {"k_pid_pos": [1.9986704587936401, 0.06365618109703064, 1.0], "k_pid_alt": [1.4570212364196777, 0.8888767957687378, 0.079018235206604], "k_pid_att": [100.0, 6.095176696777344, 0.7258081436157227], "k_pid_yaw": [0.5, 1e-06, 0.1], "k_pid_hsp": [9.208536148071289, 0.9441430568695068, 0.6954053640365601], "k_pid_vsp": [66.19157409667969, 362.2660217285156, 226.95468139648438]}, "datetime": {"datetime": "2025-08-21 09:44:21", "elapsed": 3577.701332807541, "delta": 30.00784206390381}, "costs": {"total_cost": 941.3710803053058, "time_cost": 150, "final_distance_cost": 63.267943957158444, "oscillation_cost": 290.4510562761156, "completition_cost": 333.33333333333337, "overshoot_cost": 65.3941007577216, "power_cost": 22.13456063232422, "noise_cost": 16.790085348652504, "n_waypoints_completed": 6, "tot_waypoints": 9}}
{"target": -1031.0610841958924, "params": {"k_pid_pos": [1.9999985694885254, 0.5931638479232788, 0.00014030933380126953], "k_pid_alt": [1.5348953008651733, 1.0, 0.7076019048690796], "k_pid_att": [99.94794464111328, 0.18109960854053497, 0.17315801978111267], "k_pid_yaw": [0.5, 1e-06, 0.1], "k_pid_hsp": [8.735150337219238, 0.06157559156417847, 0.09126389026641846], "k_pid_vsp": [301.8805847167969, 58.53631591796875, 210.71658325195312]}, "datetime": {"datetime": "2025-08-21 09:44:51", "elapsed": 3608.069935321808, "delta": 30.368602514266968}, "costs": {"total_cost": 1031.0610841958924, "time_cost": 150, "final_distance_cost": 52.92403894638802, "oscillation_cost": 178.32624658910558, "completition_cost": 555.5555555555555, "overshoot_cost": 56.028285906618294, "power_cost": 21.170763806152344, "noise_cost": 17.05619339207267, "n_waypoints_completed": 4, "tot_waypoints": 9}}
{"target": -3183.740288224805, "params": {"k_pid_pos": [1.9999656677246094, 0.7414748668670654, 0.0], "k_pid_alt": [1.3809071779251099, 0.0013922452926635742, 0.3677886724472046], "k_pid_att": [0.5775183439254761, 7.918034553527832, 0.9467377066612244], "k_pid_yaw": [0.5, 1e-06, 0.1], "k_pid_hsp": [8.100335121154785, 0.6649510264396667, 0.008246749639511108], "k_pid_vsp": [95.6034164428711, 311.27008056640625, 235.18023681640625]}, "datetime": {"datetime": "2025-08-21 09:45:22", "elapsed": 3639.0935292243958, "delta": 31.02359390258789}, "costs": {"total_cost": 3183.740288224805, "time_cost": 150, "final_distance_cost": 274.2740706913094, "oscillation_cost": 941.0300335472791, "completition_cost": 1000.0, "overshoot_cost": 687.9759889605577, "power_cost": 32.79994731445313, "noise_cost": 97.66024771120604, "n_waypoints_completed": 0, "tot_waypoints": 9}}
{"target": -1587.3714013458646, "params": {"k_pid_pos": [0.010838908143341541, 0.6300202012062073, 0.996989905834198], "k_pid_alt": [0.12900686264038086, 0.9853922128677368, 0.03633436560630798], "k_pid_att": [99.99996185302734, 0.17106974124908447, 0.8389109969139099], "k_pid_yaw": [0.5, 1e-06, 0.1], "k_pid_hsp": [3.589709520339966, 0.9841196537017822, 0.1584089994430542], "k_pid_vsp": [168.98822021484375, 63.68603515625, 358.4035339355469]}, "datetime": {"datetime": "2025-08-21 09:46:01", "elapsed": 3677.5830221176147, "delta": 38.489492893218994}, "costs": {"total_cost": 1587.3714013458646, "time_cost": 150, "final_distance_cost": 55.955672953084395, "oscillation_cost": 290.6336407132905, "completition_cost": 1000.0, "overshoot_cost": 52.63588604772443, "power_cost": 21.018738781738282, "noise_cost": 17.127462850027175, "n_waypoints_completed": 0, "tot_waypoints": 9}}
{"target": -1164.4926464388386, "params": {"k_pid_pos": [1.999999761581421, 0.600681722164154, 0.0023381412029266357], "k_pid_alt": [0.8627006411552429, 0.36716580390930176, 0.03648838400840759], "k_pid_att": [100.0, 2.422255277633667, 0.5674772262573242], "k_pid_yaw": [0.5, 1e-06, 0.1], "k_pid_hsp": [2.410637855529785, 0.7290467023849487, 0.04017600417137146], "k_pid_vsp": [48.85163116455078, 80.12742614746094, 64.10884857177734]}, "datetime": {"datetime": "2025-08-21 09:46:28", "elapsed": 3704.46325135231, "delta": 26.880229234695435}, "costs": {"total_cost": 1164.4926464388386, "time_cost": 150, "final_distance_cost": 83.55056087062877, "oscillation_cost": 64.23701756921463, "completition_cost": 777.7777777777778, "overshoot_cost": 40.255930729834766, "power_cost": 28.611681457519534, "noise_cost": 20.0596780338631, "n_waypoints_completed": 2, "tot_waypoints": 9}}
{"target": -1663.576085462726, "params": {"k_pid_pos": [9.999999747378752e-05, 0.06417760252952576, 1.7881393432617188e-07], "k_pid_alt": [1.3943299055099487, 4.9173831939697266e-06, 0.09670442342758179], "k_pid_att": [99.99961853027344, 0.13484418392181396, 0.9623650908470154], "k_pid_yaw": [0.5, 1e-06, 0.1], "k_pid_hsp": [8.930033683776855, 0.09890234470367432, 0.7634081840515137], "k_pid_vsp": [356.8466796875, 378.6947326660156, 372.004638671875]}, "datetime": {"datetime": "2025-08-21 09:47:00", "elapsed": 3737.285501241684, "delta": 32.82224988937378}, "costs": {"total_cost": 1663.576085462726, "time_cost": 150, "final_distance_cost": 62.8750163113052, "oscillation_cost": 444.30291804716234, "completition_cost": 888.8888888888888, "overshoot_cost": 83.17420088529092, "power_cost": 18.998231445312502, "noise_cost": 15.336829884766296, "n_waypoints_completed": 1, "tot_waypoints": 9}}
{"target": -1037.6629807460342, "params": {"k_pid_pos": [0.032063599675893784, 0.8536965847015381, 0.9987090229988098], "k_pid_alt": [1.911266803741455, 0.6555745601654053, 0.019763320684432983], "k_pid_att": [100.0, 0.18396447598934174, 0.8854535818099976], "k_pid_yaw": [0.5, 1e-06, 0.1], "k_pid_hsp": [9.80203628540039, 0.8100313544273376, 0.23214006423950195], "k_pid_vsp": [257.5846862792969, 167.78546142578125, 13.127470970153809]}, "datetime": {"datetime": "2025-08-21 09:47:28", "elapsed": 3765.103852748871, "delta": 27.81835150718689}, "costs": {"total_cost": 1037.6629807460342, "time_cost": 150, "final_distance_cost": 40.385983265244775, "oscillation_cost": 188.59812319196396, "completition_cost": 555.5555555555555, "overshoot_cost": 57.45429810923649, "power_cost": 25.637897631835937, "noise_cost": 20.031122992197645, "n_waypoints_completed": 4, "tot_waypoints": 9}}
{"target": -1362.715365252399, "params": {"k_pid_pos": [9.999999747378752e-05, 0.8639600276947021, 0.0], "k_pid_alt": [1.4142721891403198, 0.9999755620956421, 0.023590445518493652], "k_pid_att": [99.99991607666016, 2.159895181655884, 0.8132531642913818], "k_pid_yaw": [0.5, 1e-06, 0.1], "k_pid_hsp": [1.360236644744873, 0.9822485446929932, 0.060803353786468506], "k_pid_vsp": [278.2890930175781, 19.503440856933594, 44.4671745300293]}, "datetime": {"datetime": "2025-08-21 09:47:54", "elapsed": 3790.8291919231415, "delta": 25.72533917427063}, "costs": {"total_cost": 1362.715365252399, "time_cost": 150, "final_distance_cost": 38.55440651445466, "oscillation_cost": 85.73437755976185, "completition_cost": 1000.0, "overshoot_cost": 46.05942620139453, "power_cost": 24.716575549316406, "noise_cost": 17.65057942747161, "n_waypoints_completed": 0, "tot_waypoints": 9}}
{"target": -392.6917616858699, "params": {"k_pid_pos": [1.9999966621398926, 0.4191863536834717, 0.9998325109481812], "k_pid_alt": [1.7907819747924805, 0.9999999403953552, 0.05667451024055481], "k_pid_att": [51.309322357177734, 6.843871116638184, 0.6970627307891846], "k_pid_yaw": [0.5, 1e-06, 0.1], "k_pid_hsp": [6.670300483703613, 0.5382750630378723, 0.5969201326370239], "k_pid_vsp": [196.33541870117188, 176.69593811035156, 16.287090301513672]}, "datetime": {"datetime": "2025-08-21 09:48:22", "elapsed": 3818.481282711029, "delta": 27.652090787887573}, "costs": {"total_cost": 392.6917616858699, "time_cost": 89.736, "final_distance_cost": 1.7202730150957442, "oscillation_cost": 212.68695345865038, "completition_cost": 0.0, "overshoot_cost": 55.19228391920622, "power_cost": 18.913058654785157, "noise_cost": 14.443192638132349, "n_waypoints_completed": 9, "tot_waypoints": 9}}
{"target": -723.6035952688914, "params": {"k_pid_pos": [1.999927043914795, 0.8949835300445557, 9.834766387939453e-07], "k_pid_alt": [1.264026165008545, 0.3815653324127197, 0.2591126561164856], "k_pid_att": [100.0, 4.368110656738281, 0.45501357316970825], "k_pid_yaw": [0.5, 1e-06, 0.1], "k_pid_hsp": [8.935145378112793, 0.531299889087677, 0.017809927463531494], "k_pid_vsp": [198.392578125, 47.365379333496094, 132.07333374023438]}, "datetime": {"datetime": "2025-08-21 09:48:47", "elapsed": 3843.7245478630066, "delta": 25.24326515197754}, "costs": {"total_cost": 723.6035952688914, "time_cost": 150, "final_distance_cost": 60.47224899998077, "oscillation_cost": 77.06265389243195, "completition_cost": 333.33333333333337, "overshoot_cost": 55.407754974855834, "power_cost": 26.80459704589844, "noise_cost": 20.523007022390967, "n_waypoints_completed": 6, "tot_waypoints": 9}}
{"target": -1354.5697076577674, "params": {"k_pid_pos": [0.00010649657633621246, 0.7714142799377441, 0.00011083483695983887], "k_pid_alt": [0.763611376285553, 0.09855175018310547, 0.4899115264415741], "k_pid_att": [1.5312373638153076, 0.3630087673664093, 0.9963368773460388], "k_pid_yaw": [0.5, 1e-06, 0.1], "k_pid_hsp": [8.105245590209961, 0.7963504791259766, 0.1551600694656372], "k_pid_vsp": [22.789335250854492, 112.81671142578125, 42.77250671386719]}, "datetime": {"datetime": "2025-08-21 09:49:19", "elapsed": 3876.2262332439423, "delta": 32.50168538093567}, "costs": {"total_cost": 1354.5697076577674, "time_cost": 150, "final_distance_cost": 47.07926042403979, "oscillation_cost": 78.44790342234899, "completition_cost": 1000.0, "overshoot_cost": 36.62068289315815, "power_cost": 24.470678173828126, "noise_cost": 17.951182744392323, "n_waypoints_completed": 0, "tot_waypoints": 9}}
{"target": -3665.0221744057185, "params": {"k_pid_pos": [0.00011233754048589617, 0.5661857724189758, 0.999972939491272], "k_pid_alt": [1.740185022354126, 0.995133638381958, 0.3772115111351013], "k_pid_att": [100.0, 4.646360874176025, 0.7289565801620483], "k_pid_yaw": [0.5, 1e-06, 0.1], "k_pid_hsp": [9.557220458984375, 0.8373525142669678, 0.19543799757957458], "k_pid_vsp": [5.881202220916748, 49.85978698730469, 353.8857421875]}, "datetime": {"datetime": "2025-08-21 09:49:51", "elapsed": 3907.5416781902313, "delta": 31.315444946289062}, "costs": {"total_cost": 3665.0221744057185, "time_cost": 150, "final_distance_cost": 911.9094881391304, "oscillation_cost": 331.12969688828406, "completition_cost": 1000.0, "overshoot_cost": 1230.0165703504533, "power_cost": 23.70534464111328, "noise_cost": 18.26107438673732, "n_waypoints_completed": 0, "tot_waypoints": 9}}
{"target": -1249.0753957588718, "params": {"k_pid_pos": [1.9999995231628418, 0.7982665300369263, 0.042428672313690186], "k_pid_alt": [1.9243667125701904, 1.0, 0.057402968406677246], "k_pid_att": [99.99982452392578, 4.323773384094238, 0.5146340727806091], "k_pid_yaw": [0.5, 1e-06, 0.1], "k_pid_hsp": [7.942074298858643, 0.48522308468818665, 0.022709369659423828], "k_pid_vsp": [342.48388671875, 267.97747802734375, 193.66445922851562]}, "datetime": {"datetime": "2025-08-21 09:50:22", "elapsed": 3938.737615585327, "delta": 31.195937395095825}, "costs": {"total_cost": 1249.0753957588718, "time_cost": 150, "final_distance_cost": 45.27729212046174, "oscillation_cost": 62.36552677785091, "completition_cost": 888.8888888888888, "overshoot_cost": 49.66129269208912, "power_cost": 29.742037353515627, "noise_cost": 23.140357926065647, "n_waypoints_completed": 1, "tot_waypoints": 9}}
{"target": -1460.386943624891, "params": {"k_pid_pos": [0.15875957906246185, 0.9128735065460205, 7.733702659606934e-05], "k_pid_alt": [1.264328956604004, 0.9999998807907104, 0.2796812653541565], "k_pid_att": [100.0, 0.6182973980903625, 0.818069338798523], "k_pid_yaw": [0.5, 1e-06, 0.1], "k_pid_hsp": [7.987030029296875, 0.4933103024959564, 0.013252228498458862], "k_pid_vsp": [41.32002639770508, 343.4849853515625, 375.52471923828125]}, "datetime": {"datetime": "2025-08-21 09:50:51", "elapsed": 3967.7996122837067, "delta": 29.061996698379517}, "costs": {"total_cost": 1460.386943624891, "time_cost": 150, "final_distance_cost": 10.978264578603664, "oscillation_cost": 61.82245119187622, "completition_cost": 1000.0, "overshoot_cost": 138.5168531846197, "power_cost": 25.46329586181641, "noise_cost": 73.60607880797492, "n_waypoints_completed": 0, "tot_waypoints": 9}}
{"target": -1480.4556760024873, "params": {"k_pid_pos": [0.06095467135310173, 0.933199942111969, 0.2455500364303589], "k_pid_alt": [1.333007574081421, 0.24477523565292358, 0.12303730845451355], "k_pid_att": [99.9922103881836, 6.453625679016113, 0.9829226732254028], "k_pid_yaw": [0.5, 1e-06, 0.1], "k_pid_hsp": [7.923416614532471, 0.759392261505127, 0.04134199023246765], "k_pid_vsp": [59.99944305419922, 117.53822326660156, 151.44615173339844]}, "datetime": {"datetime": "2025-08-21 09:51:17", "elapsed": 3994.2529497146606, "delta": 26.45333743095398}, "costs": {"total_cost": 1480.4556760024873, "time_cost": 150, "final_distance_cost": 6.641329880501183, "oscillation_cost": 98.60582805429141, "completition_cost": 1000.0, "overshoot_cost": 136.44710475700265, "power_cost": 21.720320214843753, "noise_cost": 67.04109309584824, "n_waypoints_completed": 0, "tot_waypoints": 9}}
{"target": -1362.7179562792637, "params": {"k_pid_pos": [9.999999747378752e-05, 0.6784099340438843, 0.011816084384918213], "k_pid_alt": [1.9488846063613892, 0.7495921850204468, 0.3840816617012024], "k_pid_att": [100.0, 2.483893632888794, 0.9868289828300476], "k_pid_yaw": [0.5, 1e-06, 0.1], "k_pid_hsp": [8.956860542297363, 0.9739582538604736, 0.05538323521614075], "k_pid_vsp": [116.20892333984375, 12.048603057861328, 38.66040802001953]}, "datetime": {"datetime": "2025-08-21 09:51:50", "elapsed": 4027.1938762664795, "delta": 32.94092655181885}, "costs": {"total_cost": 1362.7179562792637, "time_cost": 150, "final_distance_cost": 45.26761613796311, "oscillation_cost": 100.48506052388326, "completition_cost": 1000.0, "overshoot_cost": 25.34478048866422, "power_cost": 24.227965173339847, "noise_cost": 17.392533955413185, "n_waypoints_completed": 0, "tot_waypoints": 9}}
{"target": -892.7594980881281, "params": {"k_pid_pos": [1.9999632835388184, 0.280032753944397, 2.9802322387695312e-08], "k_pid_alt": [1.5351874828338623, 0.9901093244552612, 0.1676344871520996], "k_pid_att": [99.6097640991211, 9.220319747924805, 0.921379029750824], "k_pid_yaw": [0.5, 1e-06, 0.1], "k_pid_hsp": [9.649720191955566, 0.6145689487457275, 0.7798659205436707], "k_pid_vsp": [92.91771697998047, 100.62071990966797, 122.08895874023438]}, "datetime": {"datetime": "2025-08-21 09:52:21", "elapsed": 4058.2632813453674, "delta": 31.06940507888794}, "costs": {"total_cost": 892.7594980881281, "time_cost": 150, "final_distance_cost": 62.07879104248192, "oscillation_cost": 240.93744685139623, "completition_cost": 333.33333333333337, "overshoot_cost": 57.59572402196295, "power_cost": 27.740259692382814, "noise_cost": 21.073943146570898, "n_waypoints_completed": 6, "tot_waypoints": 9}}
{"target": -1349.085804932251, "params": {"k_pid_pos": [1.9999685287475586, 0.9578481912612915, 6.586313247680664e-06], "k_pid_alt": [1.0022441148757935, 0.9509842395782471, 0.017913848161697388], "k_pid_att": [100.0, 8.96113395690918, 0.3411002457141876], "k_pid_yaw": [0.5, 1e-06, 0.1], "k_pid_hsp": [9.563096046447754, 0.6080755591392517, 0.04888823628425598], "k_pid_vsp": [360.1829528808594, 263.7675476074219, 6.428528785705566]}, "datetime": {"datetime": "2025-08-21 09:52:51", "elapsed": 4088.315436601639, "delta": 30.052155256271362}, "costs": {"total_cost": 1349.085804932251, "time_cost": 150, "final_distance_cost": 22.076559172505746, "oscillation_cost": 72.12287379039785, "completition_cost": 1000.0, "overshoot_cost": 50.98690510615614, "power_cost": 27.93946228027344, "noise_cost": 25.96000458291787, "n_waypoints_completed": 0, "tot_waypoints": 9}}
{"target": -3539.445325616172, "params": {"k_pid_pos": [0.8090543150901794, 0.5885283946990967, 1.0], "k_pid_alt": [1.3882017135620117, 0.9999996423721313, 0.16790777444839478], "k_pid_att": [1.7881393432617188e-05, 6.630745887756348, 0.9147813320159912], "k_pid_yaw": [0.5, 1e-06, 0.1], "k_pid_hsp": [0.10256233811378479, 0.9842636585235596, 0.20985645055770874], "k_pid_vsp": [77.36360931396484, 253.90353393554688, 16.38283920288086]}, "datetime": {"datetime": "2025-08-21 09:53:20", "elapsed": 4117.271670818329, "delta": 28.956234216690063}, "costs": {"total_cost": 3539.445325616172, "time_cost": 150, "final_distance_cost": 300.7458138683643, "oscillation_cost": 1240.4411518411289, "completition_cost": 1000.0, "overshoot_cost": 719.7424485461393, "power_cost": 32.74837574462891, "noise_cost": 95.76753561591089, "n_waypoints_completed": 0, "tot_waypoints": 9}}
{"target": -688.5263304457098, "params": {"k_pid_pos": [1.9999992847442627, 0.6038028001785278, 0.008999794721603394], "k_pid_alt": [1.8878982067108154, 1.0, 0.026384800672531128], "k_pid_att": [100.0, 2.941338539123535, 0.4288821220397949], "k_pid_yaw": [0.5, 1e-06, 0.1], "k_pid_hsp": [8.346161842346191, 0.9510016441345215, 0.16540536284446716], "k_pid_vsp": [211.62969970703125, 277.94891357421875, 24.85584259033203]}, "datetime": {"datetime": "2025-08-21 09:53:48", "elapsed": 4145.045764684677, "delta": 27.774093866348267}, "costs": {"total_cost": 688.5263304457098, "time_cost": 150, "final_distance_cost": 77.77677524057619, "oscillation_cost": 147.4126992700144, "completition_cost": 222.2222222222222, "overshoot_cost": 47.822766461850435, "power_cost": 24.62713123779297, "noise_cost": 18.66473601325384, "n_waypoints_completed": 7, "tot_waypoints": 9}}
{"target": -3141.525214011391, "params": {"k_pid_pos": [0.006494423840194941, 0.2764638662338257, 0.8949583768844604], "k_pid_alt": [1.0493934154510498, 0.9999992847442627, 0.19245484471321106], "k_pid_att": [100.0, 0.2055053859949112, 0.8423264026641846], "k_pid_yaw": [0.5, 1e-06, 0.1], "k_pid_hsp": [9.834402084350586, 0.8068596720695496, 0.4689025580883026], "k_pid_vsp": [25.729061126708984, 92.25782012939453, 308.4260559082031]}, "datetime": {"datetime": "2025-08-21 09:54:19", "elapsed": 4176.25758433342, "delta": 31.211819648742676}, "costs": {"total_cost": 3141.525214011391, "time_cost": 150, "final_distance_cost": 598.8938599618909, "oscillation_cost": 411.4330939835416, "completition_cost": 1000.0, "overshoot_cost": 942.493308037934, "power_cost": 21.675351416015626, "noise_cost": 17.029600612009137, "n_waypoints_completed": 0, "tot_waypoints": 9}}
{"target": -3142.6251249530205, "params": {"k_pid_pos": [9.999999747378752e-05, 0.9714251756668091, 5.662441253662109e-07], "k_pid_alt": [1.8761078119277954, 0.012667208909988403, 0.16926270723342896], "k_pid_att": [0.0, 1.9250094890594482, 0.7785816788673401], "k_pid_yaw": [0.5, 1e-06, 0.1], "k_pid_hsp": [4.316024303436279, 0.8867982029914856, 0.01455068588256836], "k_pid_vsp": [198.73342895507812, 169.46316528320312, 134.2640838623047]}, "datetime": {"datetime": "2025-08-21 09:54:46", "elapsed": 4203.025468349457, "delta": 26.767884016036987}, "costs": {"total_cost": 3142.6251249530205, "time_cost": 150, "final_distance_cost": 275.9856237920044, "oscillation_cost": 890.8693711462445, "completition_cost": 1000.0, "overshoot_cost": 690.7348277133163, "power_cost": 35.942620605468754, "noise_cost": 99.09268169598666, "n_waypoints_completed": 0, "tot_waypoints": 9}}
{"target": -1417.181475018096, "params": {"k_pid_pos": [0.0026538120582699776, 0.8952769041061401, 0.004930973052978516], "k_pid_alt": [1.334760308265686, 0.3575543761253357, 0.04379260540008545], "k_pid_att": [6.308460235595703, 3.034013271331787, 0.4387381970882416], "k_pid_yaw": [0.5, 1e-06, 0.1], "k_pid_hsp": [4.06535530090332, 0.4987395107746124, 0.040101081132888794], "k_pid_vsp": [53.53962326049805, 82.97769927978516, 289.5538635253906]}, "datetime": {"datetime": "2025-08-21 09:55:16", "elapsed": 4233.364827156067, "delta": 30.339358806610107}, "costs": {"total_cost": 1417.181475018096, "time_cost": 150, "final_distance_cost": 10.033400975570679, "oscillation_cost": 81.70955617785572, "completition_cost": 1000.0, "overshoot_cost": 138.98392454879144, "power_cost": 14.56707412109375, "noise_cost": 21.887519194784236, "n_waypoints_completed": 0, "tot_waypoints": 9}}
