{"target": -970.3074515306548, "params": {"k_pid_pos": [2.0, 0.9689978957176208, 1.0], "k_pid_alt": [1.970609426498413, 1.0, 0.03870239853858948], "k_pid_att": [100.0, 0.06488244980573654, 0.946345329284668], "k_pid_yaw": [0.5, 1e-06, 0.1], "k_pid_hsp": [9.992166519165039, 0.9869823455810547, 0.010547399520874023], "k_pid_vsp": [16.86642074584961, 397.5355224609375, 3.0606398582458496]}, "datetime": {"datetime": "2025-08-21 23:45:20", "elapsed": 54037.0807762146, "delta": 23.063709497451782}, "costs": {"total_cost": 970.3074515306548, "time_cost": 150, "final_distance_cost": 45.41972731941391, "oscillation_cost": 127.66832545337861, "completition_cost": 555.5555555555555, "overshoot_cost": 53.75542899534801, "power_cost": 21.329171142578126, "noise_cost": 16.579243064380528, "n_waypoints_completed": 4, "tot_waypoints": 9}}
{"target": -813.4879527744215, "params": {"k_pid_pos": [2.0, 0.9957460165023804, 1.0], "k_pid_alt": [1.9918885231018066, 1.0, 0.0013398826122283936], "k_pid_att": [100.0, 0.030318358913064003, 0.9955202341079712], "k_pid_yaw": [0.5, 1e-06, 0.1], "k_pid_hsp": [9.876039505004883, 0.993854284286499, 0.02937215566635132], "k_pid_vsp": [4.861247539520264, 398.12445068359375, 16.857303619384766]}, "datetime": {"datetime": "2025-08-21 23:45:43", "elapsed": 54060.01013684273, "delta": 22.92936062812805}, "costs": {"total_cost": 813.4879527744215, "time_cost": 150, "final_distance_cost": 62.849592135069564, "oscillation_cost": 177.02230405684554, "completition_cost": 333.33333333333337, "overshoot_cost": 50.33246915267776, "power_cost": 22.91922829589844, "noise_cost": 17.031025800596904, "n_waypoints_completed": 6, "tot_waypoints": 9}}
{"target": -796.1040754199403, "params": {"k_pid_pos": [2.0, 0.9982923269271851, 1.0], "k_pid_alt": [1.9489293098449707, 1.0, 0.006122082471847534], "k_pid_att": [100.0, 0.591210663318634, 0.9918638467788696], "k_pid_yaw": [0.5, 1e-06, 0.1], "k_pid_hsp": [9.810093879699707, 0.9646758437156677, 0.0032545626163482666], "k_pid_vsp": [7.243680953979492, 389.400634765625, 6.797111988067627]}, "datetime": {"datetime": "2025-08-21 23:46:05", "elapsed": 54082.35438537598, "delta": 22.3442485332489}, "costs": {"total_cost": 796.1040754199403, "time_cost": 150, "final_distance_cost": 80.71442787082145, "oscillation_cost": 139.68553456358936, "completition_cost": 333.33333333333337, "overshoot_cost": 52.70791445988132, "power_cost": 22.589951586914065, "noise_cost": 17.07291360540075, "n_waypoints_completed": 6, "tot_waypoints": 9}}
{"target": -1006.116548233627, "params": {"k_pid_pos": [2.0, 0.9950906038284302, 1.0], "k_pid_alt": [1.9730286598205566, 1.0, 0.011969149112701416], "k_pid_att": [100.0, 0.10617225617170334, 0.9817782044410706], "k_pid_yaw": [0.5, 1e-06, 0.1], "k_pid_hsp": [9.853503227233887, 0.997010350227356, 0.0015319585800170898], "k_pid_vsp": [8.829593658447266, 396.5835266113281, 1.9455084800720215]}, "datetime": {"datetime": "2025-08-21 23:46:29", "elapsed": 54106.015865564346, "delta": 23.66148018836975}, "costs": {"total_cost": 1006.116548233627, "time_cost": 150, "final_distance_cost": 142.63570988919327, "oscillation_cost": 178.555055489396, "completition_cost": 444.4444444444444, "overshoot_cost": 57.54883376718459, "power_cost": 18.33660528564453, "noise_cost": 14.595899357764283, "n_waypoints_completed": 5, "tot_waypoints": 9}}
{"target": -539.7040804425131, "params": {"k_pid_pos": [2.0, 0.9958047866821289, 1.0], "k_pid_alt": [1.9888384342193604, 1.0, 0.0006549358367919922], "k_pid_att": [100.0, 0.03255351260304451, 0.9975513219833374], "k_pid_yaw": [0.5, 1e-06, 0.1], "k_pid_hsp": [9.985702514648438, 0.9870554804801941, 0.012268096208572388], "k_pid_vsp": [2.2272825241088867, 394.9632873535156, 7.1363935470581055]}, "datetime": {"datetime": "2025-08-21 23:46:51", "elapsed": 54128.08595585823, "delta": 22.070090293884277}, "costs": {"total_cost": 539.7040804425131, "time_cost": 150, "final_distance_cost": 61.645495390231545, "oscillation_cost": 112.625324590028, "completition_cost": 111.11111111111116, "overshoot_cost": 58.71770815675188, "power_cost": 26.493606689453127, "noise_cost": 19.11083450493739, "n_waypoints_completed": 8, "tot_waypoints": 9}}
{"target": -729.6442867956515, "params": {"k_pid_pos": [2.0, 0.9881627559661865, 1.0], "k_pid_alt": [1.9845707416534424, 1.0, 0.0072062015533447266], "k_pid_att": [100.0, 0.14412006735801697, 0.9807912111282349], "k_pid_yaw": [0.5, 1e-06, 0.1], "k_pid_hsp": [9.947680473327637, 0.9913653135299683, 0.013173073530197144], "k_pid_vsp": [2.881288528442383, 398.4298095703125, 1.0276446342468262]}, "datetime": {"datetime": "2025-08-21 23:47:17", "elapsed": 54154.057138204575, "delta": 25.971182346343994}, "costs": {"total_cost": 729.6442867956515, "time_cost": 150, "final_distance_cost": 72.28811605230054, "oscillation_cost": 196.14615485480525, "completition_cost": 222.2222222222222, "overshoot_cost": 53.3353362069819, "power_cost": 19.902344982910158, "noise_cost": 15.750112476431632, "n_waypoints_completed": 7, "tot_waypoints": 9}}
{"target": -549.2565490227726, "params": {"k_pid_pos": [2.0, 0.9994480609893799, 1.0], "k_pid_alt": [1.9784865379333496, 1.0, 0.03489494323730469], "k_pid_att": [100.0, 0.09364348649978638, 0.966126024723053], "k_pid_yaw": [0.5, 1e-06, 0.1], "k_pid_hsp": [9.923877716064453, 0.9793551564216614, 0.00556570291519165], "k_pid_vsp": [4.782629013061523, 396.91070556640625, 11.060572624206543]}, "datetime": {"datetime": "2025-08-21 23:47:39", "elapsed": 54175.56497812271, "delta": 21.507839918136597}, "costs": {"total_cost": 549.2565490227726, "time_cost": 150, "final_distance_cost": 41.00398385226663, "oscillation_cost": 157.25780340698034, "completition_cost": 111.11111111111116, "overshoot_cost": 56.17571702731349, "power_cost": 19.683332495117188, "noise_cost": 14.02460112998377, "n_waypoints_completed": 8, "tot_waypoints": 9}}
{"target": -668.7974644754933, "params": {"k_pid_pos": [2.0, 0.9951324462890625, 1.0], "k_pid_alt": [1.987802505493164, 1.0, 0.0038470327854156494], "k_pid_att": [100.0, 0.029802484437823296, 0.9917245507240295], "k_pid_yaw": [0.5, 1e-06, 0.1], "k_pid_hsp": [9.925368309020996, 0.9950861930847168, 0.005956411361694336], "k_pid_vsp": [35.824466705322266, 394.8550720214844, 1.37308931350708]}, "datetime": {"datetime": "2025-08-21 23:48:04", "elapsed": 54200.56771993637, "delta": 25.002741813659668}, "costs": {"total_cost": 668.7974644754933, "time_cost": 150, "final_distance_cost": 73.30755737851845, "oscillation_cost": 124.08686093866531, "completition_cost": 222.2222222222222, "overshoot_cost": 54.66782267757244, "power_cost": 25.130467480468752, "noise_cost": 19.382533778046234, "n_waypoints_completed": 7, "tot_waypoints": 9}}
{"target": -697.1850602525398, "params": {"k_pid_pos": [2.0, 0.9895966053009033, 1.0], "k_pid_alt": [1.9967842102050781, 1.0, 0.01659563183784485], "k_pid_att": [100.0, 0.10921802371740341, 0.9757919311523438], "k_pid_yaw": [0.5, 1e-06, 0.1], "k_pid_hsp": [9.976072311401367, 0.9920471906661987, 0.006781816482543945], "k_pid_vsp": [0.7332205772399902, 382.9787292480469, 2.4134883880615234]}, "datetime": {"datetime": "2025-08-21 23:48:26", "elapsed": 54222.503645181656, "delta": 21.935925245285034}, "costs": {"total_cost": 697.1850602525398, "time_cost": 150, "final_distance_cost": 74.2374809565812, "oscillation_cost": 158.2321033059543, "completition_cost": 222.2222222222222, "overshoot_cost": 53.85179957340435, "power_cost": 22.79799384765625, "noise_cost": 15.843460346721528, "n_waypoints_completed": 7, "tot_waypoints": 9}}
{"target": -857.3693536313657, "params": {"k_pid_pos": [2.0, 0.9917356967926025, 1.0], "k_pid_alt": [1.9894332885742188, 1.0, 0.008310884237289429], "k_pid_att": [100.0, 0.15181942284107208, 0.972832441329956], "k_pid_yaw": [0.5, 1e-06, 0.1], "k_pid_hsp": [9.959190368652344, 0.9935296773910522, 0.010925471782684326], "k_pid_vsp": [1.8945574760437012, 393.6974182128906, 4.9737701416015625]}, "datetime": {"datetime": "2025-08-21 23:48:49", "elapsed": 54246.42816948891, "delta": 23.924524307250977}, "costs": {"total_cost": 857.3693536313657, "time_cost": 150, "final_distance_cost": 63.85086148351462, "oscillation_cost": 224.6848973535378, "completition_cost": 333.33333333333337, "overshoot_cost": 53.34011348898249, "power_cost": 18.320412744140626, "noise_cost": 13.839735227856702, "n_waypoints_completed": 6, "tot_waypoints": 9}}
{"target": -894.2599914607587, "params": {"k_pid_pos": [2.0, 0.9977532625198364, 0.5745131969451904], "k_pid_alt": [1.9940216541290283, 1.0, 0.011320024728775024], "k_pid_att": [100.0, 0.09042219072580338, 0.9739561080932617], "k_pid_yaw": [0.5, 1e-06, 0.1], "k_pid_hsp": [9.893009185791016, 0.9874032735824585, 0.03339466452598572], "k_pid_vsp": [1.3261079788208008, 399.0186767578125, 1.009596347808838]}, "datetime": {"datetime": "2025-08-21 23:49:11", "elapsed": 54268.228070020676, "delta": 21.7999005317688}, "costs": {"total_cost": 894.2599914607587, "time_cost": 150, "final_distance_cost": 52.467060798895304, "oscillation_cost": 156.03803435921398, "completition_cost": 444.4444444444444, "overshoot_cost": 53.41353185107515, "power_cost": 21.928303076171876, "noise_cost": 15.968616930957966, "n_waypoints_completed": 5, "tot_waypoints": 9}}
{"target": -914.7270859240313, "params": {"k_pid_pos": [2.0, 0.9799817204475403, 0.999998927116394], "k_pid_alt": [1.9679166078567505, 0.999868631362915, 0.010740727186203003], "k_pid_att": [100.0, 0.04070257768034935, 0.9983230829238892], "k_pid_yaw": [0.5, 1e-06, 0.1], "k_pid_hsp": [9.990208625793457, 0.977157711982727, 0.07589739561080933], "k_pid_vsp": [17.724525451660156, 399.1911926269531, 3.8325796127319336]}, "datetime": {"datetime": "2025-08-21 23:49:35", "elapsed": 54291.83676528931, "delta": 23.60869526863098}, "costs": {"total_cost": 914.7270859240313, "time_cost": 150, "final_distance_cost": 45.32031596983894, "oscillation_cost": 181.8294844853047, "completition_cost": 444.4444444444444, "overshoot_cost": 57.185159027176425, "power_cost": 20.105830322265625, "noise_cost": 15.841851675001127, "n_waypoints_completed": 5, "tot_waypoints": 9}}
{"target": -671.3706152182285, "params": {"k_pid_pos": [2.0, 0.9951930046081543, 1.0], "k_pid_alt": [1.9787803888320923, 1.0, 0.01813638210296631], "k_pid_att": [100.0, 0.05754072219133377, 0.9922996163368225], "k_pid_yaw": [0.5, 1e-06, 0.1], "k_pid_hsp": [9.099995613098145, 0.9941293001174927, 0.002292126417160034], "k_pid_vsp": [3.275907039642334, 399.3474426269531, 1.8023738861083984]}, "datetime": {"datetime": "2025-08-21 23:49:58", "elapsed": 54314.98000907898, "delta": 23.14324378967285}, "costs": {"total_cost": 671.3706152182285, "time_cost": 150, "final_distance_cost": 63.37492589655205, "oscillation_cost": 143.7625249086034, "completition_cost": 222.2222222222222, "overshoot_cost": 52.21011825239044, "power_cost": 22.88780477294922, "noise_cost": 16.913019165511173, "n_waypoints_completed": 7, "tot_waypoints": 9}}
{"target": -601.7452656542732, "params": {"k_pid_pos": [2.0, 0.9884229898452759, 1.0], "k_pid_alt": [1.9786204099655151, 1.0, 0.020034193992614746], "k_pid_att": [100.0, 0.06224258616566658, 0.994122326374054], "k_pid_yaw": [0.5, 1e-06, 0.1], "k_pid_hsp": [9.87735652923584, 0.9921838045120239, 0.007275193929672241], "k_pid_vsp": [1.6690969467163086, 384.0010070800781, 10.184538841247559]}, "datetime": {"datetime": "2025-08-21 23:50:20", "elapsed": 54336.63973689079, "delta": 21.659727811813354}, "costs": {"total_cost": 601.7452656542732, "time_cost": 150, "final_distance_cost": 64.47365722708558, "oscillation_cost": 181.49383441998364, "completition_cost": 111.11111111111116, "overshoot_cost": 56.89960599765218, "power_cost": 22.073031762695315, "noise_cost": 15.694025135745363, "n_waypoints_completed": 8, "tot_waypoints": 9}}
{"target": -683.7494304145246, "params": {"k_pid_pos": [2.0, 0.9882979393005371, 1.0], "k_pid_alt": [1.9921038150787354, 1.0, 0.035294562578201294], "k_pid_att": [100.0, 0.2780265212059021, 0.9871768951416016], "k_pid_yaw": [0.5, 1e-06, 0.1], "k_pid_hsp": [9.892790794372559, 0.9933876395225525, 0.002508103847503662], "k_pid_vsp": [0.8266210556030273, 395.0071716308594, 10.495223045349121]}, "datetime": {"datetime": "2025-08-21 23:50:44", "elapsed": 54360.917729854584, "delta": 24.277992963790894}, "costs": {"total_cost": 683.7494304145246, "time_cost": 150, "final_distance_cost": 66.11322010041383, "oscillation_cost": 144.15287566103066, "completition_cost": 222.2222222222222, "overshoot_cost": 58.6346430460126, "power_cost": 25.21278415527344, "noise_cost": 17.413685229571872, "n_waypoints_completed": 7, "tot_waypoints": 9}}
{"target": -723.6806916147661, "params": {"k_pid_pos": [2.0, 0.9920796155929565, 1.0], "k_pid_alt": [1.9173157215118408, 1.0, 0.02693641185760498], "k_pid_att": [100.0, 0.05445382744073868, 0.9935410022735596], "k_pid_yaw": [0.5, 1e-06, 0.1], "k_pid_hsp": [9.588523864746094, 0.9245762825012207, 0.014148861169815063], "k_pid_vsp": [16.067468643188477, 396.2200622558594, 4.4066081047058105]}, "datetime": {"datetime": "2025-08-21 23:51:06", "elapsed": 54382.87413620949, "delta": 21.956406354904175}, "costs": {"total_cost": 723.6806916147661, "time_cost": 150, "final_distance_cost": 69.27790040609808, "oscillation_cost": 189.9391328589227, "completition_cost": 222.2222222222222, "overshoot_cost": 52.693823934469194, "power_cost": 22.171473962402345, "noise_cost": 17.37613823065165, "n_waypoints_completed": 7, "tot_waypoints": 9}}
{"target": -725.8257344266724, "params": {"k_pid_pos": [2.0, 0.9946884512901306, 1.0], "k_pid_alt": [1.9487289190292358, 1.0, 0.0018953680992126465], "k_pid_att": [100.0, 0.11565317958593369, 0.9610401391983032], "k_pid_yaw": [0.5, 1e-06, 0.1], "k_pid_hsp": [9.867992401123047, 0.9915910959243774, 0.012431174516677856], "k_pid_vsp": [4.9271464347839355, 395.2672119140625, 1.3320693969726562]}, "datetime": {"datetime": "2025-08-21 23:51:29", "elapsed": 54406.1990275383, "delta": 23.324891328811646}, "costs": {"total_cost": 725.8257344266724, "time_cost": 150, "final_distance_cost": 73.39261950758417, "oscillation_cost": 187.10451770412067, "completition_cost": 222.2222222222222, "overshoot_cost": 55.18062058491673, "power_cost": 21.70511895751953, "noise_cost": 16.22063545030916, "n_waypoints_completed": 7, "tot_waypoints": 9}}
{"target": -1188.1765108858524, "params": {"k_pid_pos": [2.0, 0.9888241291046143, 1.0], "k_pid_alt": [1.9930002689361572, 1.0, 0.02348312735557556], "k_pid_att": [100.0, 0.06661484390497208, 0.9791239500045776], "k_pid_yaw": [0.5, 1e-06, 0.1], "k_pid_hsp": [9.706552505493164, 0.990233302116394, 0.045314788818359375], "k_pid_vsp": [2.15224027633667, 394.3260803222656, 2.0741233825683594]}, "datetime": {"datetime": "2025-08-21 23:51:51", "elapsed": 54428.22395157814, "delta": 22.0249240398407}, "costs": {"total_cost": 1188.1765108858524, "time_cost": 150, "final_distance_cost": 50.56604586018653, "oscillation_cost": 224.68317880253633, "completition_cost": 666.6666666666667, "overshoot_cost": 65.91433410923776, "power_cost": 17.300428662109375, "noise_cost": 13.045856785115824, "n_waypoints_completed": 3, "tot_waypoints": 9}}
{"target": -959.7537826598093, "params": {"k_pid_pos": [2.0, 0.981619656085968, 1.0], "k_pid_alt": [1.9831397533416748, 1.0, 0.0019239485263824463], "k_pid_att": [100.0, 0.13148848712444305, 0.9876652956008911], "k_pid_yaw": [0.5, 1e-06, 0.1], "k_pid_hsp": [9.858634948730469, 0.959174394607544, 0.010639280080795288], "k_pid_vsp": [11.270296096801758, 397.7089538574219, 7.922626495361328]}, "datetime": {"datetime": "2025-08-21 23:52:15", "elapsed": 54451.67316174507, "delta": 23.449210166931152}, "costs": {"total_cost": 959.7537826598093, "time_cost": 150, "final_distance_cost": 45.350470511347005, "oscillation_cost": 116.96411524116891, "completition_cost": 555.5555555555555, "overshoot_cost": 53.80475183761563, "power_cost": 21.691108349609376, "noise_cost": 16.387781164512788, "n_waypoints_completed": 4, "tot_waypoints": 9}}
{"target": -791.227228085347, "params": {"k_pid_pos": [2.0, 0.9930107593536377, 1.0], "k_pid_alt": [1.9908020496368408, 1.0, 0.03825509548187256], "k_pid_att": [100.0, 0.04480035603046417, 0.9941895604133606], "k_pid_yaw": [0.5, 1e-06, 0.1], "k_pid_hsp": [9.131312370300293, 0.9904054403305054, 0.027605950832366943], "k_pid_vsp": [1.8159747123718262, 395.60333251953125, 15.054608345031738]}, "datetime": {"datetime": "2025-08-21 23:52:36", "elapsed": 54473.21095442772, "delta": 21.537792682647705}, "costs": {"total_cost": 791.227228085347, "time_cost": 150, "final_distance_cost": 57.61107845527125, "oscillation_cost": 161.05946823301326, "completition_cost": 333.33333333333337, "overshoot_cost": 53.392379969739416, "power_cost": 20.578598669433596, "noise_cost": 15.252369424556047, "n_waypoints_completed": 6, "tot_waypoints": 9}}
{"target": -675.0440617811428, "params": {"k_pid_pos": [2.0, 0.9938591718673706, 0.9733864068984985], "k_pid_alt": [1.810743808746338, 1.0, 0.012467682361602783], "k_pid_att": [100.0, 1.5524108409881592, 0.9742622375488281], "k_pid_yaw": [0.5, 1e-06, 0.1], "k_pid_hsp": [9.59941577911377, 0.9944372773170471, 0.019530504941940308], "k_pid_vsp": [6.455397605895996, 399.8836975097656, 1.8144259452819824]}, "datetime": {"datetime": "2025-08-21 23:53:00", "elapsed": 54496.52536201477, "delta": 23.31440758705139}, "costs": {"total_cost": 675.0440617811428, "time_cost": 150, "final_distance_cost": 76.0213490394424, "oscillation_cost": 134.87736897822393, "completition_cost": 222.2222222222222, "overshoot_cost": 61.86338383877288, "power_cost": 17.2768466796875, "noise_cost": 12.782891022793914, "n_waypoints_completed": 7, "tot_waypoints": 9}}
{"target": -360.7915443737365, "params": {"k_pid_pos": [2.0, 0.964205265045166, 0.9999998807907104], "k_pid_alt": [1.993986964225769, 1.0, 0.01346483826637268], "k_pid_att": [100.0, 0.3787439465522766, 0.9946586489677429], "k_pid_yaw": [0.5, 1e-06, 0.1], "k_pid_hsp": [9.725692749023438, 0.9592099189758301, 0.041717320680618286], "k_pid_vsp": [2.108645439147949, 397.1672668457031, 11.774291038513184]}, "datetime": {"datetime": "2025-08-21 23:53:21", "elapsed": 54517.65707707405, "delta": 21.131715059280396}, "costs": {"total_cost": 360.7915443737365, "time_cost": 96.70400000000001, "final_distance_cost": 1.741246702247828, "oscillation_cost": 159.34199657937177, "completition_cost": 0.0, "overshoot_cost": 61.87940413116445, "power_cost": 23.49625963134766, "noise_cost": 17.62863732960481, "n_waypoints_completed": 9, "tot_waypoints": 9}}
{"target": -684.8370649005628, "params": {"k_pid_pos": [2.0, 0.98267662525177, 1.0], "k_pid_alt": [1.4851793050765991, 1.0, 0.02797982096672058], "k_pid_att": [100.0, 0.2541431784629822, 0.9636702537536621], "k_pid_yaw": [0.5, 1e-06, 0.1], "k_pid_hsp": [9.753833770751953, 0.9648199677467346, 0.0010587871074676514], "k_pid_vsp": [2.0336031913757324, 399.72589111328125, 1.3446102142333984]}, "datetime": {"datetime": "2025-08-21 23:53:45", "elapsed": 54541.67162132263, "delta": 24.014544248580933}, "costs": {"total_cost": 684.8370649005628, "time_cost": 150, "final_distance_cost": 63.01659454144128, "oscillation_cost": 153.8878304778004, "completition_cost": 222.2222222222222, "overshoot_cost": 53.22356644912038, "power_cost": 24.61200876464844, "noise_cost": 17.87484244533021, "n_waypoints_completed": 7, "tot_waypoints": 9}}
{"target": -888.4132566417443, "params": {"k_pid_pos": [2.0, 0.9895829558372498, 1.0], "k_pid_alt": [1.9964046478271484, 1.0, 0.023911595344543457], "k_pid_att": [100.0, 0.06014750525355339, 0.9485098123550415], "k_pid_yaw": [0.5, 1e-06, 0.1], "k_pid_hsp": [9.884683609008789, 0.9946672916412354, 0.009226053953170776], "k_pid_vsp": [3.918313980102539, 397.31439208984375, 1.3181219100952148]}, "datetime": {"datetime": "2025-08-21 23:54:07", "elapsed": 54564.34210848808, "delta": 22.67048716545105}, "costs": {"total_cost": 888.4132566417443, "time_cost": 150, "final_distance_cost": 53.68734704428413, "oscillation_cost": 153.65595088579448, "completition_cost": 444.4444444444444, "overshoot_cost": 48.50224700036551, "power_cost": 21.99029482421875, "noise_cost": 16.13297244263702, "n_waypoints_completed": 5, "tot_waypoints": 9}}
{"target": -586.8598825763503, "params": {"k_pid_pos": [2.0, 0.9986730813980103, 1.0], "k_pid_alt": [1.9071643352508545, 1.0, 0.0018539130687713623], "k_pid_att": [100.0, 0.1259649693965912, 0.991091787815094], "k_pid_yaw": [0.5, 1e-06, 0.1], "k_pid_hsp": [9.926692008972168, 0.9824248552322388, 0.013775259256362915], "k_pid_vsp": [11.055410385131836, 398.0013732910156, 11.716986656188965]}, "datetime": {"datetime": "2025-08-21 23:54:30", "elapsed": 54586.54081559181, "delta": 22.198707103729248}, "costs": {"total_cost": 586.8598825763503, "time_cost": 150, "final_distance_cost": 57.56901211188718, "oscillation_cost": 171.7440393036298, "completition_cost": 111.11111111111116, "overshoot_cost": 56.10588064924823, "power_cost": 22.70040645751953, "noise_cost": 17.629432942954423, "n_waypoints_completed": 8, "tot_waypoints": 9}}
{"target": -693.2702935184398, "params": {"k_pid_pos": [2.0, 0.992385983467102, 1.0], "k_pid_alt": [1.9964543581008911, 1.0, 0.03554505109786987], "k_pid_att": [100.0, 0.1231623962521553, 0.9917564392089844], "k_pid_yaw": [0.5, 1e-06, 0.1], "k_pid_hsp": [9.727299690246582, 0.9948333501815796, 0.0194014310836792], "k_pid_vsp": [1.7079472541809082, 394.8530578613281, 2.59456729888916]}, "datetime": {"datetime": "2025-08-21 23:54:54", "elapsed": 54611.42448449135, "delta": 24.883668899536133}, "costs": {"total_cost": 693.2702935184398, "time_cost": 150, "final_distance_cost": 68.15643645570607, "oscillation_cost": 160.83076941956386, "completition_cost": 222.2222222222222, "overshoot_cost": 50.98582850292206, "power_cost": 23.611547729492187, "noise_cost": 17.46348918853336, "n_waypoints_completed": 7, "tot_waypoints": 9}}
