{"target": -724.5235595206069, "params": {"k_pid_pos": [2.0, 0.9832534193992615, 1.0], "k_pid_alt": [1.967888355255127, 1.0, 0.032707273960113525], "k_pid_att": [100.0, 0.061305608600378036, 0.9870614409446716], "k_pid_yaw": [0.5, 1e-06, 0.1], "k_pid_hsp": [9.903172492980957, 0.9961503148078918, 0.023013830184936523], "k_pid_vsp": [14.37838077545166, 395.1300964355469, 3.4783849716186523]}, "datetime": {"datetime": "2025-08-21 22:42:40", "elapsed": 50276.65570783615, "delta": 24.67427372932434}, "costs": {"total_cost": 724.5235595206069, "time_cost": 150, "final_distance_cost": 65.55031745022349, "oscillation_cost": 192.17941448759976, "completition_cost": 222.2222222222222, "overshoot_cost": 53.70519300739594, "power_cost": 23.352490429687503, "noise_cost": 17.51392192347819, "n_waypoints_completed": 7, "tot_waypoints": 9}}
{"target": -1080.6034844245557, "params": {"k_pid_pos": [2.0, 0.9968643188476562, 0.07863697409629822], "k_pid_alt": [1.9622806310653687, 1.0, 0.05159953236579895], "k_pid_att": [100.0, 0.05935268476605415, 0.9960640072822571], "k_pid_yaw": [0.5, 1e-06, 0.1], "k_pid_hsp": [9.643075942993164, 0.9586047530174255, 0.03958535194396973], "k_pid_vsp": [8.971214294433594, 394.04107666015625, 5.879653453826904]}, "datetime": {"datetime": "2025-08-21 22:43:02", "elapsed": 50299.361282110214, "delta": 22.70557427406311}, "costs": {"total_cost": 1080.6034844245557, "time_cost": 150, "final_distance_cost": 88.0585932096528, "oscillation_cost": 88.18123358385037, "completition_cost": 666.6666666666667, "overshoot_cost": 47.75832923346259, "power_cost": 23.78618250732422, "noise_cost": 16.15247922359919, "n_waypoints_completed": 3, "tot_waypoints": 9}}
{"target": -695.8782339085532, "params": {"k_pid_pos": [2.0, 0.9927694797515869, 0.9999778270721436], "k_pid_alt": [1.9006445407867432, 1.0, 0.0246412456035614], "k_pid_att": [100.0, 0.23298940062522888, 0.9924032688140869], "k_pid_yaw": [0.5, 1e-06, 0.1], "k_pid_hsp": [9.934082984924316, 0.9489485621452332, 0.004462152719497681], "k_pid_vsp": [0.44802427291870117, 398.4851379394531, 14.853740692138672]}, "datetime": {"datetime": "2025-08-21 22:43:27", "elapsed": 50324.364332437515, "delta": 25.003050327301025}, "costs": {"total_cost": 695.8782339085532, "time_cost": 150, "final_distance_cost": 74.4530055586529, "oscillation_cost": 158.41275020746644, "completition_cost": 222.2222222222222, "overshoot_cost": 57.44775636592038, "power_cost": 19.427732873535156, "noise_cost": 13.914766680756102, "n_waypoints_completed": 7, "tot_waypoints": 9}}
{"target": -324.95805164136567, "params": {"k_pid_pos": [2.0, 0.9947624206542969, 1.0], "k_pid_alt": [1.9851109981536865, 1.0, 0.011135667562484741], "k_pid_att": [100.0, 0.2756921052932739, 0.9865432977676392], "k_pid_yaw": [0.5, 1e-06, 0.1], "k_pid_hsp": [9.966453552246094, 0.9955340623855591, 0.011290222406387329], "k_pid_vsp": [19.184494018554688, 393.4459228515625, 1.8689522743225098]}, "datetime": {"datetime": "2025-08-21 22:43:49", "elapsed": 50345.61245894432, "delta": 21.24812650680542}, "costs": {"total_cost": 324.95805164136567, "time_cost": 89.872, "final_distance_cost": 1.7355630718827146, "oscillation_cost": 139.83910999864685, "completition_cost": 0.0, "overshoot_cost": 57.22724509357232, "power_cost": 20.12401981201172, "noise_cost": 16.160113665252034, "n_waypoints_completed": 9, "tot_waypoints": 9}}
{"target": -671.197616258213, "params": {"k_pid_pos": [2.0, 0.9919984340667725, 1.0], "k_pid_alt": [1.9924676418304443, 1.0, 0.00602567195892334], "k_pid_att": [100.0, 0.03918327018618584, 0.9979342222213745], "k_pid_yaw": [0.5, 1e-06, 0.1], "k_pid_hsp": [9.982460975646973, 0.9982399940490723, 0.004586309194564819], "k_pid_vsp": [8.392942428588867, 397.96258544921875, 2.8755555152893066]}, "datetime": {"datetime": "2025-08-21 22:44:13", "elapsed": 50370.23870444298, "delta": 24.626245498657227}, "costs": {"total_cost": 671.197616258213, "time_cost": 150, "final_distance_cost": 65.41236922254856, "oscillation_cost": 147.81546145969287, "completition_cost": 222.2222222222222, "overshoot_cost": 49.14937596758958, "power_cost": 20.70475155029297, "noise_cost": 15.893435835866867, "n_waypoints_completed": 7, "tot_waypoints": 9}}
{"target": -864.2946246975719, "params": {"k_pid_pos": [2.0, 0.9950925707817078, 1.0], "k_pid_alt": [1.9808597564697266, 1.0, 0.017282754182815552], "k_pid_att": [100.0, 0.5364276766777039, 0.9982080459594727], "k_pid_yaw": [0.5, 1e-06, 0.1], "k_pid_hsp": [9.88566780090332, 0.9976192712783813, 0.00592997670173645], "k_pid_vsp": [1.9972443580627441, 399.0903015136719, 21.041501998901367]}, "datetime": {"datetime": "2025-08-21 22:44:38", "elapsed": 50394.516374111176, "delta": 24.277669668197632}, "costs": {"total_cost": 864.2946246975719, "time_cost": 150, "final_distance_cost": 58.4516634452844, "oscillation_cost": 121.36416216135278, "completition_cost": 444.4444444444444, "overshoot_cost": 52.517232455470115, "power_cost": 21.43965380859375, "noise_cost": 16.077468382426495, "n_waypoints_completed": 5, "tot_waypoints": 9}}
{"target": -655.7102578699801, "params": {"k_pid_pos": [2.0, 0.9896968603134155, 1.0], "k_pid_alt": [1.9851324558258057, 1.0, 0.006991714239120483], "k_pid_att": [100.0, 1.3334577083587646, 0.9841970205307007], "k_pid_yaw": [0.5, 1e-06, 0.1], "k_pid_hsp": [9.903165817260742, 0.9885603785514832, 0.009477734565734863], "k_pid_vsp": [2.4664998054504395, 392.5406494140625, 28.816558837890625]}, "datetime": {"datetime": "2025-08-21 22:45:02", "elapsed": 50418.78484129906, "delta": 24.26846718788147}, "costs": {"total_cost": 655.7102578699801, "time_cost": 150, "final_distance_cost": 65.24669991318146, "oscillation_cost": 122.85027242496122, "completition_cost": 222.2222222222222, "overshoot_cost": 53.79764649230069, "power_cost": 24.709946362304688, "noise_cost": 16.883470455009864, "n_waypoints_completed": 7, "tot_waypoints": 9}}
{"target": -933.4294133874034, "params": {"k_pid_pos": [2.0, 0.9874691963195801, 1.0], "k_pid_alt": [1.9516432285308838, 1.0, 0.05996638536453247], "k_pid_att": [100.0, 0.052767328917980194, 0.9893574118614197], "k_pid_yaw": [0.5, 1e-06, 0.1], "k_pid_hsp": [9.79989242553711, 0.9981249570846558, 0.015255063772201538], "k_pid_vsp": [1.049971580505371, 398.2950744628906, 10.336840629577637]}, "datetime": {"datetime": "2025-08-21 22:45:26", "elapsed": 50443.12269425392, "delta": 24.337852954864502}, "costs": {"total_cost": 933.4294133874034, "time_cost": 150, "final_distance_cost": 50.332934954163, "oscillation_cost": 202.67891657107072, "completition_cost": 444.4444444444444, "overshoot_cost": 49.79567015485307, "power_cost": 21.13695349121094, "noise_cost": 15.04049377166121, "n_waypoints_completed": 5, "tot_waypoints": 9}}
{"target": -968.7902638369051, "params": {"k_pid_pos": [2.0, 0.9823980927467346, 1.0], "k_pid_alt": [1.9267001152038574, 1.0, 0.00594860315322876], "k_pid_att": [100.0, 0.03676483407616615, 0.9819704294204712], "k_pid_yaw": [0.5, 1e-06, 0.1], "k_pid_hsp": [9.649785041809082, 0.969641387462616, 0.010098695755004883], "k_pid_vsp": [8.899641036987305, 396.20330810546875, 1.8096098899841309]}, "datetime": {"datetime": "2025-08-21 22:45:49", "elapsed": 50466.05585050583, "delta": 22.93315625190735}, "costs": {"total_cost": 968.7902638369051, "time_cost": 150, "final_distance_cost": 47.039012720506946, "oscillation_cost": 210.62165496199182, "completition_cost": 444.4444444444444, "overshoot_cost": 84.27580187116604, "power_cost": 18.549195056152346, "noise_cost": 13.860154782643457, "n_waypoints_completed": 5, "tot_waypoints": 9}}
{"target": -582.7957221121754, "params": {"k_pid_pos": [2.0, 0.9858288764953613, 1.0], "k_pid_alt": [1.9689112901687622, 1.0, 0.011305272579193115], "k_pid_att": [100.0, 0.04239324480295181, 0.9922935962677002], "k_pid_yaw": [0.5, 1e-06, 0.1], "k_pid_hsp": [9.953975677490234, 0.9840432405471802, 0.001611948013305664], "k_pid_vsp": [5.277490615844727, 393.1935729980469, 7.4453125]}, "datetime": {"datetime": "2025-08-21 22:46:14", "elapsed": 50490.820682525635, "delta": 24.764832019805908}, "costs": {"total_cost": 582.7957221121754, "time_cost": 150, "final_distance_cost": 61.44923410143481, "oscillation_cost": 164.67730337259502, "completition_cost": 111.11111111111116, "overshoot_cost": 56.91563639771954, "power_cost": 23.034278833007814, "noise_cost": 15.608158296307282, "n_waypoints_completed": 8, "tot_waypoints": 9}}
{"target": -591.1722304745084, "params": {"k_pid_pos": [2.0, 0.9879394769668579, 1.0], "k_pid_alt": [1.9941961765289307, 1.0, 0.02844339609146118], "k_pid_att": [100.0, 0.041445542126894, 0.9962270259857178], "k_pid_yaw": [0.5, 1e-06, 0.1], "k_pid_hsp": [9.912919044494629, 0.9881985187530518, 0.010182559490203857], "k_pid_vsp": [6.10504150390625, 396.32977294921875, 3.1563172340393066]}, "datetime": {"datetime": "2025-08-21 22:46:39", "elapsed": 50515.45282268524, "delta": 24.632140159606934}, "costs": {"total_cost": 591.1722304745084, "time_cost": 150, "final_distance_cost": 54.92335518778966, "oscillation_cost": 179.9630600076311, "completition_cost": 111.11111111111116, "overshoot_cost": 55.17804478998053, "power_cost": 22.85304119873047, "noise_cost": 17.143618179265484, "n_waypoints_completed": 8, "tot_waypoints": 9}}
{"target": -676.4428880820457, "params": {"k_pid_pos": [2.0, 0.9865997433662415, 1.0], "k_pid_alt": [1.9259669780731201, 1.0, 0.016997575759887695], "k_pid_att": [100.0, 0.060064058750867844, 0.9961051940917969], "k_pid_yaw": [0.5, 1e-06, 0.1], "k_pid_hsp": [9.960716247558594, 0.998198390007019, 0.0034971237182617188], "k_pid_vsp": [10.580074310302734, 395.5806579589844, 3.023172378540039]}, "datetime": {"datetime": "2025-08-21 22:47:03", "elapsed": 50539.62727737427, "delta": 24.17445468902588}, "costs": {"total_cost": 676.4428880820457, "time_cost": 150, "final_distance_cost": 64.88057389871311, "oscillation_cost": 153.6721626987561, "completition_cost": 222.2222222222222, "overshoot_cost": 52.7887017710027, "power_cost": 18.321468798828125, "noise_cost": 14.557758692523358, "n_waypoints_completed": 7, "tot_waypoints": 9}}
{"target": -552.5654758667362, "params": {"k_pid_pos": [2.0, 0.9619632363319397, 1.0], "k_pid_alt": [1.8982446193695068, 1.0, 0.0010699927806854248], "k_pid_att": [100.0, 0.47003409266471863, 0.9760586023330688], "k_pid_yaw": [0.5, 1e-06, 0.1], "k_pid_hsp": [9.871829986572266, 0.9952318072319031, 0.005766868591308594], "k_pid_vsp": [2.5365233421325684, 390.6466369628906, 3.0200014114379883]}, "datetime": {"datetime": "2025-08-21 22:47:27", "elapsed": 50564.06658530235, "delta": 24.439307928085327}, "costs": {"total_cost": 552.5654758667362, "time_cost": 150, "final_distance_cost": 66.45325039182258, "oscillation_cost": 114.14043434704719, "completition_cost": 111.11111111111116, "overshoot_cost": 65.56008664050898, "power_cost": 25.84489649658203, "noise_cost": 19.45569687966426, "n_waypoints_completed": 8, "tot_waypoints": 9}}
{"target": -801.467388175451, "params": {"k_pid_pos": [2.0, 0.981419563293457, 1.0], "k_pid_alt": [1.995779275894165, 1.0, 0.0029907822608947754], "k_pid_att": [100.0, 0.0756344199180603, 0.9808717966079712], "k_pid_yaw": [0.5, 1e-06, 0.1], "k_pid_hsp": [9.655686378479004, 0.9954948425292969, 0.009786099195480347], "k_pid_vsp": [5.622398853302002, 398.90631103515625, 3.218329906463623]}, "datetime": {"datetime": "2025-08-21 22:47:51", "elapsed": 50587.98388314247, "delta": 23.917297840118408}, "costs": {"total_cost": 801.467388175451, "time_cost": 150, "final_distance_cost": 69.71764623985099, "oscillation_cost": 144.6602476725872, "completition_cost": 333.33333333333337, "overshoot_cost": 56.47968699838121, "power_cost": 26.90792120361328, "noise_cost": 20.368552727685024, "n_waypoints_completed": 6, "tot_waypoints": 9}}
{"target": -824.3300389754586, "params": {"k_pid_pos": [1.9999995231628418, 0.9836578369140625, 1.0], "k_pid_alt": [1.9857189655303955, 1.0, 0.1335652470588684], "k_pid_att": [100.0, 0.02013053558766842, 0.9941022396087646], "k_pid_yaw": [0.5, 1e-06, 0.1], "k_pid_hsp": [9.954967498779297, 0.9863827228546143, 0.009267866611480713], "k_pid_vsp": [4.4110894203186035, 392.27691650390625, 4.232681751251221]}, "datetime": {"datetime": "2025-08-21 22:48:17", "elapsed": 50613.46151661873, "delta": 25.477633476257324}, "costs": {"total_cost": 824.3300389754586, "time_cost": 150, "final_distance_cost": 70.04477158669543, "oscillation_cost": 183.84962780609524, "completition_cost": 333.33333333333337, "overshoot_cost": 50.43154681134531, "power_cost": 21.60179443359375, "noise_cost": 15.06896500439538, "n_waypoints_completed": 6, "tot_waypoints": 9}}
{"target": -990.7325787562705, "params": {"k_pid_pos": [2.0, 0.9960070848464966, 1.0], "k_pid_alt": [1.907484531402588, 1.0, 0.0057041943073272705], "k_pid_att": [100.0, 1.4137470722198486, 0.9933103322982788], "k_pid_yaw": [0.5, 1e-06, 0.1], "k_pid_hsp": [9.970272064208984, 0.9564021825790405, 0.0020554959774017334], "k_pid_vsp": [34.723602294921875, 397.3310852050781, 4.3863067626953125]}, "datetime": {"datetime": "2025-08-21 22:48:40", "elapsed": 50637.31588053703, "delta": 23.854363918304443}, "costs": {"total_cost": 990.7325787562705, "time_cost": 150, "final_distance_cost": 58.758910813989395, "oscillation_cost": 137.94575209638592, "completition_cost": 555.5555555555555, "overshoot_cost": 54.257020025882156, "power_cost": 18.849809411621095, "noise_cost": 15.365530852836407, "n_waypoints_completed": 4, "tot_waypoints": 9}}
{"target": -832.718372972652, "params": {"k_pid_pos": [2.0, 0.9940868020057678, 1.0], "k_pid_alt": [1.9865939617156982, 1.0, 0.015346109867095947], "k_pid_att": [100.0, 0.3501032888889313, 0.9561126232147217], "k_pid_yaw": [0.5, 1e-06, 0.1], "k_pid_hsp": [9.978521347045898, 0.9284458756446838, 0.03477674722671509], "k_pid_vsp": [6.347775459289551, 395.0986022949219, 4.877735137939453]}, "datetime": {"datetime": "2025-08-21 22:49:04", "elapsed": 50661.03605890274, "delta": 23.720178365707397}, "costs": {"total_cost": 832.718372972652, "time_cost": 150, "final_distance_cost": 81.22160334195267, "oscillation_cost": 178.50673700746495, "completition_cost": 333.33333333333337, "overshoot_cost": 51.77374974935459, "power_cost": 22.22198419189453, "noise_cost": 15.660965348651924, "n_waypoints_completed": 6, "tot_waypoints": 9}}
{"target": -360.3695412079951, "params": {"k_pid_pos": [2.0, 0.9925124645233154, 1.0], "k_pid_alt": [1.9122856855392456, 1.0, 0.00561031699180603], "k_pid_att": [100.0, 0.06954021006822586, 0.9978498816490173], "k_pid_yaw": [0.5, 1e-06, 0.1], "k_pid_hsp": [9.946712493896484, 0.9919143915176392, 0.02810513973236084], "k_pid_vsp": [10.587406158447266, 395.95343017578125, 5.941427707672119]}, "datetime": {"datetime": "2025-08-21 22:49:29", "elapsed": 50686.15267252922, "delta": 25.116613626480103}, "costs": {"total_cost": 360.3695412079951, "time_cost": 97.824, "final_distance_cost": 1.747279927263465, "oscillation_cost": 165.7949940877717, "completition_cost": 0.0, "overshoot_cost": 58.511954767701795, "power_cost": 21.400387170410156, "noise_cost": 15.090925254847964, "n_waypoints_completed": 9, "tot_waypoints": 9}}
{"target": -1110.2977682212013, "params": {"k_pid_pos": [2.0, 0.9945800304412842, 1.0], "k_pid_alt": [1.9867234230041504, 1.0, 0.02425473928451538], "k_pid_att": [100.0, 0.08874522894620895, 0.9826825857162476], "k_pid_yaw": [0.5, 1e-06, 0.1], "k_pid_hsp": [9.4634428024292, 0.9949284195899963, 0.00113639235496521], "k_pid_vsp": [8.759617805480957, 391.6287536621094, 4.483486175537109]}, "datetime": {"datetime": "2025-08-21 22:49:54", "elapsed": 50710.458379268646, "delta": 24.30570673942566}, "costs": {"total_cost": 1110.2977682212013, "time_cost": 150, "final_distance_cost": 52.42415374634683, "oscillation_cost": 162.19783392858886, "completition_cost": 666.6666666666667, "overshoot_cost": 50.64020805486387, "power_cost": 15.835116125488282, "noise_cost": 12.533789699246695, "n_waypoints_completed": 3, "tot_waypoints": 9}}
{"target": -817.5395577915854, "params": {"k_pid_pos": [2.0, 0.9867659211158752, 1.0], "k_pid_alt": [1.9863691329956055, 1.0, 0.010699659585952759], "k_pid_att": [100.0, 0.07680057734251022, 0.9911458492279053], "k_pid_yaw": [0.5, 1e-06, 0.1], "k_pid_hsp": [9.681469917297363, 0.9956434965133667, 0.004113584756851196], "k_pid_vsp": [1.772463321685791, 397.0431213378906, 20.67606544494629]}, "datetime": {"datetime": "2025-08-21 22:50:18", "elapsed": 50735.419209718704, "delta": 24.960830450057983}, "costs": {"total_cost": 817.5395577915854, "time_cost": 150, "final_distance_cost": 59.52098079241565, "oscillation_cost": 189.8453117660068, "completition_cost": 333.33333333333337, "overshoot_cost": 51.41855797677456, "power_cost": 18.675368798828124, "noise_cost": 14.746005124226873, "n_waypoints_completed": 6, "tot_waypoints": 9}}
{"target": -578.8460812891403, "params": {"k_pid_pos": [2.0, 0.9938693642616272, 0.9999999403953552], "k_pid_alt": [1.9892743825912476, 1.0, 0.01090291142463684], "k_pid_att": [100.0, 0.2551489770412445, 0.995324969291687], "k_pid_yaw": [0.5, 1e-06, 0.1], "k_pid_hsp": [9.936440467834473, 0.9832358360290527, 0.00607144832611084], "k_pid_vsp": [1.6211271286010742, 394.9919128417969, 2.8915772438049316]}, "datetime": {"datetime": "2025-08-21 22:50:42", "elapsed": 50759.185640096664, "delta": 23.766430377960205}, "costs": {"total_cost": 578.8460812891403, "time_cost": 150, "final_distance_cost": 64.61866989721416, "oscillation_cost": 163.76238203387345, "completition_cost": 111.11111111111116, "overshoot_cost": 53.61987713941423, "power_cost": 21.020043530273437, "noise_cost": 14.713997577253874, "n_waypoints_completed": 8, "tot_waypoints": 9}}
{"target": -1006.4869277276351, "params": {"k_pid_pos": [2.0, 0.9456620216369629, 1.0], "k_pid_alt": [1.8579847812652588, 1.0, 0.0016197264194488525], "k_pid_att": [100.0, 0.05193168297410011, 0.9951793551445007], "k_pid_yaw": [0.5, 1e-06, 0.1], "k_pid_hsp": [9.849542617797852, 0.9746320843696594, 0.014452546834945679], "k_pid_vsp": [4.1237473487854, 397.3369445800781, 2.770639419555664]}, "datetime": {"datetime": "2025-08-21 22:51:07", "elapsed": 50783.80563235283, "delta": 24.61999225616455}, "costs": {"total_cost": 1006.4869277276351, "time_cost": 150, "final_distance_cost": 57.88485921573065, "oscillation_cost": 156.76378245505578, "completition_cost": 555.5555555555555, "overshoot_cost": 48.58449464042029, "power_cost": 21.471705700683597, "noise_cost": 16.22653016018919, "n_waypoints_completed": 4, "tot_waypoints": 9}}
{"target": -766.1107715763223, "params": {"k_pid_pos": [2.0, 0.9729330539703369, 1.0], "k_pid_alt": [1.9719606637954712, 1.0, 0.005405128002166748], "k_pid_att": [98.92003631591797, 0.14855311810970306, 0.9868130087852478], "k_pid_yaw": [0.5, 1e-06, 0.1], "k_pid_hsp": [9.813278198242188, 0.9871093034744263, 0.010997176170349121], "k_pid_vsp": [9.146965026855469, 395.21307373046875, 5.391002655029297]}, "datetime": {"datetime": "2025-08-21 22:51:31", "elapsed": 50807.989538908005, "delta": 24.18390655517578}, "costs": {"total_cost": 766.1107715763223, "time_cost": 150, "final_distance_cost": 55.613797079196125, "oscillation_cost": 124.56055545148585, "completition_cost": 333.33333333333337, "overshoot_cost": 55.670391867655816, "power_cost": 25.603420068359377, "noise_cost": 21.329273776291892, "n_waypoints_completed": 6, "tot_waypoints": 9}}
{"target": -648.9716659949582, "params": {"k_pid_pos": [2.0, 0.9969320297241211, 1.0], "k_pid_alt": [1.9788187742233276, 1.0, 0.09763717651367188], "k_pid_att": [100.0, 0.2034532129764557, 0.9956696033477783], "k_pid_yaw": [0.5, 1e-06, 0.1], "k_pid_hsp": [9.950100898742676, 0.998306155204773, 0.0008407533168792725], "k_pid_vsp": [12.215852737426758, 398.8017578125, 6.4442644119262695]}, "datetime": {"datetime": "2025-08-21 22:51:56", "elapsed": 50832.50679421425, "delta": 24.517255306243896}, "costs": {"total_cost": 648.9716659949582, "time_cost": 150, "final_distance_cost": 72.28721579098878, "oscillation_cost": 88.70229271720314, "completition_cost": 222.2222222222222, "overshoot_cost": 67.12794996319882, "power_cost": 26.837809814453127, "noise_cost": 21.79417548689203, "n_waypoints_completed": 7, "tot_waypoints": 9}}
{"target": -658.2691156398918, "params": {"k_pid_pos": [2.0, 0.9916524291038513, 1.0], "k_pid_alt": [1.9972602128982544, 1.0, 0.015611976385116577], "k_pid_att": [100.0, 0.16470283269882202, 0.9951879978179932], "k_pid_yaw": [0.5, 1e-06, 0.1], "k_pid_hsp": [8.672783851623535, 0.8990548849105835, 0.002762347459793091], "k_pid_vsp": [3.386533260345459, 397.8953857421875, 1.6439447402954102]}, "datetime": {"datetime": "2025-08-21 22:52:21", "elapsed": 50857.51234650612, "delta": 25.005552291870117}, "costs": {"total_cost": 658.2691156398918, "time_cost": 150, "final_distance_cost": 62.69692087464077, "oscillation_cost": 126.94123493706353, "completition_cost": 222.2222222222222, "overshoot_cost": 53.429561024029994, "power_cost": 25.000774340820314, "noise_cost": 17.978402241114917, "n_waypoints_completed": 7, "tot_waypoints": 9}}
{"target": -683.6014399319711, "params": {"k_pid_pos": [2.0, 0.973311185836792, 1.0], "k_pid_alt": [1.9824957847595215, 1.0, 0.020438790321350098], "k_pid_att": [99.99982452392578, 0.10571807622909546, 0.9928447008132935], "k_pid_yaw": [0.5, 1e-06, 0.1], "k_pid_hsp": [9.230965614318848, 0.995141863822937, 0.0025131404399871826], "k_pid_vsp": [3.874814510345459, 394.4253845214844, 23.790433883666992]}, "datetime": {"datetime": "2025-08-21 22:52:44", "elapsed": 50881.07980442047, "delta": 23.567457914352417}, "costs": {"total_cost": 683.6014399319711, "time_cost": 150, "final_distance_cost": 73.15634308511332, "oscillation_cost": 149.30973496315502, "completition_cost": 222.2222222222222, "overshoot_cost": 53.75632796480133, "power_cost": 19.8927654296875, "noise_cost": 15.264046266991597, "n_waypoints_completed": 7, "tot_waypoints": 9}}
