{"target": -729.4114950627198, "params": {"k_pid_pos": [1.9999988079071045, 0.5027070045471191, 4.6193599700927734e-06], "k_pid_alt": [1.9925117492675781, 0.2521246671676636, 0.029336929321289062], "k_pid_att": [99.99957275390625, 0.24175448715686798, 0.9779154062271118], "k_pid_yaw": [0.5, 1e-06, 0.1], "k_pid_hsp": [9.77488899230957, 0.5991898775100708, 0.07086685299873352], "k_pid_vsp": [53.014564514160156, 380.2464599609375, 8.006085395812988]}, "datetime": {"datetime": "2025-08-21 10:30:56", "elapsed": 6372.6954300403595, "delta": 25.164132118225098}, "costs": {"total_cost": 729.4114950627198, "time_cost": 150, "final_distance_cost": 62.6060396295305, "oscillation_cost": 94.52964024337098, "completition_cost": 333.33333333333337, "overshoot_cost": 49.06591867145607, "power_cost": 23.23854588623047, "noise_cost": 16.638017298798392, "n_waypoints_completed": 6, "tot_waypoints": 9}}
{"target": -1326.358248997128, "params": {"k_pid_pos": [2.0, 0.947795033454895, 2.4139881134033203e-05], "k_pid_alt": [1.9575278759002686, 0.8667426109313965, 0.055954575538635254], "k_pid_att": [100.0, 0.3430217504501343, 0.9602906703948975], "k_pid_yaw": [0.5, 1e-06, 0.1], "k_pid_hsp": [9.834952354431152, 0.9594649076461792, 0.022897928953170776], "k_pid_vsp": [340.56512451171875, 386.6295471191406, 57.7336311340332]}, "datetime": {"datetime": "2025-08-21 10:31:26", "elapsed": 6403.2505049705505, "delta": 30.55507493019104}, "costs": {"total_cost": 1326.358248997128, "time_cost": 150, "final_distance_cost": 46.524757776424636, "oscillation_cost": 60.66737683337695, "completition_cost": 1000.0, "overshoot_cost": 29.745399614855128, "power_cost": 22.773992053222656, "noise_cost": 16.646722719248526, "n_waypoints_completed": 0, "tot_waypoints": 9}}
{"target": -3040.5620973411274, "params": {"k_pid_pos": [0.02168116718530655, 0.8372808694839478, 0.9853928089141846], "k_pid_alt": [1.935187578201294, 0.9994648098945618, 0.03266438841819763], "k_pid_att": [1.4901161193847656e-05, 1.962693214416504, 0.8973737955093384], "k_pid_yaw": [0.5, 1e-06, 0.1], "k_pid_hsp": [8.283537864685059, 0.29029741883277893, 0.014833569526672363], "k_pid_vsp": [42.142940521240234, 316.40814208984375, 79.08109283447266]}, "datetime": {"datetime": "2025-08-21 10:31:56", "elapsed": 6433.180988550186, "delta": 29.93048357963562}, "costs": {"total_cost": 3040.5620973411274, "time_cost": 150, "final_distance_cost": 225.4607559504479, "oscillation_cost": 884.9648863922906, "completition_cost": 1000.0, "overshoot_cost": 643.918689894439, "power_cost": 36.10678371582031, "noise_cost": 100.11098138812945, "n_waypoints_completed": 0, "tot_waypoints": 9}}
{"target": -946.2344282933605, "params": {"k_pid_pos": [0.00019095213792752475, 0.8493524789810181, 0.09996432065963745], "k_pid_alt": [1.7111153602600098, 0.9994831681251526, 0.033943116664886475], "k_pid_att": [100.0, 1.9887312650680542, 0.7478258013725281], "k_pid_yaw": [0.5, 1e-06, 0.1], "k_pid_hsp": [9.936824798583984, 0.6044061183929443, 0.009580999612808228], "k_pid_vsp": [56.16651916503906, 249.7113037109375, 86.26568603515625]}, "datetime": {"datetime": "2025-08-21 10:32:29", "elapsed": 6466.28711104393, "delta": 33.1061224937439}, "costs": {"total_cost": 946.2344282933605, "time_cost": 150, "final_distance_cost": 46.29005187622455, "oscillation_cost": 96.50388007940842, "completition_cost": 555.5555555555555, "overshoot_cost": 61.11777337690316, "power_cost": 20.479206604003906, "noise_cost": 16.28796080126478, "n_waypoints_completed": 4, "tot_waypoints": 9}}
{"target": -1192.4686721811067, "params": {"k_pid_pos": [1.9954402446746826, 0.9113980531692505, 0.00019660592079162598], "k_pid_alt": [1.866155743598938, 1.0, 0.020459771156311035], "k_pid_att": [99.99627685546875, 1.7308472394943237, 0.4226909875869751], "k_pid_yaw": [0.5, 1e-06, 0.1], "k_pid_hsp": [9.538987159729004, 0.7237985134124756, 0.010057687759399414], "k_pid_vsp": [8.149063110351562, 373.9853515625, 33.24290466308594]}, "datetime": {"datetime": "2025-08-21 10:32:56", "elapsed": 6492.899422883987, "delta": 26.612311840057373}, "costs": {"total_cost": 1192.4686721811067, "time_cost": 150, "final_distance_cost": 77.04358167114746, "oscillation_cost": 104.59418106906948, "completition_cost": 777.7777777777778, "overshoot_cost": 49.83010403902874, "power_cost": 19.276477880859375, "noise_cost": 13.946549743223953, "n_waypoints_completed": 2, "tot_waypoints": 9}}
{"target": -1056.7354355220523, "params": {"k_pid_pos": [1.9999958276748657, 0.8454769849777222, 0.008502602577209473], "k_pid_alt": [1.5401554107666016, 0.7013420462608337, 0.05926239490509033], "k_pid_att": [100.0, 1.9510254859924316, 0.971358597278595], "k_pid_yaw": [0.5, 1e-06, 0.1], "k_pid_hsp": [5.699892044067383, 0.8170722126960754, 0.03787490725517273], "k_pid_vsp": [38.98162841796875, 345.5896911621094, 33.38446807861328]}, "datetime": {"datetime": "2025-08-21 10:33:25", "elapsed": 6522.339520454407, "delta": 29.44009757041931}, "costs": {"total_cost": 1056.7354355220523, "time_cost": 150, "final_distance_cost": 56.827791910903514, "oscillation_cost": 85.07699967829714, "completition_cost": 666.6666666666667, "overshoot_cost": 61.263909784653855, "power_cost": 21.473581591796876, "noise_cost": 15.426485889734243, "n_waypoints_completed": 3, "tot_waypoints": 9}}
{"target": -1293.976162134206, "params": {"k_pid_pos": [0.002393650822341442, 0.9542073011398315, 0.0015509724617004395], "k_pid_alt": [1.859405279159546, 0.01007571816444397, 0.005194514989852905], "k_pid_att": [100.0, 1.3796008825302124, 0.8989139199256897], "k_pid_yaw": [0.5, 1e-06, 0.1], "k_pid_hsp": [9.421116828918457, 0.6462231278419495, 0.06163203716278076], "k_pid_vsp": [107.66033172607422, 273.7964172363281, 13.4068021774292]}, "datetime": {"datetime": "2025-08-21 10:33:53", "elapsed": 6549.74905538559, "delta": 27.40953493118286}, "costs": {"total_cost": 1293.976162134206, "time_cost": 150, "final_distance_cost": 62.83887324202838, "oscillation_cost": 86.33066830969511, "completition_cost": 888.8888888888888, "overshoot_cost": 47.33184591058469, "power_cost": 31.0766876953125, "noise_cost": 27.509198087696593, "n_waypoints_completed": 1, "tot_waypoints": 9}}
{"target": -3770.4155425776707, "params": {"k_pid_pos": [0.9143031239509583, 0.8948752880096436, 2.5033950805664062e-06], "k_pid_alt": [1.0443737506866455, 0.3872414827346802, 0.08922076225280762], "k_pid_att": [0.0, 3.437894821166992, 0.9931358098983765], "k_pid_yaw": [0.5, 1e-06, 0.1], "k_pid_hsp": [9.188199996948242, 0.551652729511261, 0.07970333099365234], "k_pid_vsp": [269.8228454589844, 359.64874267578125, 16.95134925842285]}, "datetime": {"datetime": "2025-08-21 10:34:21", "elapsed": 6578.050456285477, "delta": 28.301400899887085}, "costs": {"total_cost": 3770.4155425776707, "time_cost": 150, "final_distance_cost": 412.18709798024884, "oscillation_cost": 1096.7888256668004, "completition_cost": 1000.0, "overshoot_cost": 981.0468207015745, "power_cost": 33.77467663574219, "noise_cost": 96.61812159330474, "n_waypoints_completed": 0, "tot_waypoints": 9}}
{"target": -268.67974319337986, "params": {"k_pid_pos": [2.0, 0.9593180418014526, 0.0], "k_pid_alt": [1.9265776872634888, 0.0, 0.09386321902275085], "k_pid_att": [100.0, 1.7516961097717285, 0.8797348141670227], "k_pid_yaw": [0.5, 1e-06, 0.1], "k_pid_hsp": [5.150640487670898, 0.957088828086853, 0.07900148630142212], "k_pid_vsp": [46.68943786621094, 340.5193786621094, 10.24428653717041]}, "datetime": {"datetime": "2025-08-21 10:34:50", "elapsed": 6606.926882982254, "delta": 28.876426696777344}, "costs": {"total_cost": 268.67974319337986, "time_cost": 93.4, "final_distance_cost": 1.7339092896727955, "oscillation_cost": 78.37780334907906, "completition_cost": 0.0, "overshoot_cost": 62.259334204248084, "power_cost": 18.312587963867188, "noise_cost": 14.59610838651268, "n_waypoints_completed": 9, "tot_waypoints": 9}}
{"target": -773.969054727652, "params": {"k_pid_pos": [1.995598316192627, 0.9724242091178894, 0.9935633540153503], "k_pid_alt": [1.952868103981018, 0.7634677290916443, 0.05070221424102783], "k_pid_att": [99.95405578613281, 0.5163410902023315, 0.7769436836242676], "k_pid_yaw": [0.5, 1e-06, 0.1], "k_pid_hsp": [9.586583137512207, 0.8670529723167419, 0.015060782432556152], "k_pid_vsp": [25.760889053344727, 38.93699645996094, 29.947723388671875]}, "datetime": {"datetime": "2025-08-21 10:35:18", "elapsed": 6634.728628158569, "delta": 27.801745176315308}, "costs": {"total_cost": 773.969054727652, "time_cost": 150, "final_distance_cost": 53.5623617882113, "oscillation_cost": 136.25351309027167, "completition_cost": 333.33333333333337, "overshoot_cost": 47.755778190476114, "power_cost": 28.058198767089845, "noise_cost": 25.005869558269648, "n_waypoints_completed": 6, "tot_waypoints": 9}}
{"target": -2851.8436029497752, "params": {"k_pid_pos": [1.2038581371307373, 0.9561384916305542, 1.0], "k_pid_alt": [1.9694770574569702, 1.0, 0.016695857048034668], "k_pid_att": [0.00317990779876709, 1.5985333919525146, 0.6014702916145325], "k_pid_yaw": [0.5, 1e-06, 0.1], "k_pid_hsp": [9.983659744262695, 0.9530104994773865, 0.03689432144165039], "k_pid_vsp": [7.90482759475708, 272.6690368652344, 14.490139961242676]}, "datetime": {"datetime": "2025-08-21 10:35:47", "elapsed": 6664.062539815903, "delta": 29.333911657333374}, "costs": {"total_cost": 2851.8436029497752, "time_cost": 150, "final_distance_cost": 299.7219841260984, "oscillation_cost": 836.9357472233409, "completition_cost": 1000.0, "overshoot_cost": 430.7158365693582, "power_cost": 35.666131762695315, "noise_cost": 98.80390326828265, "n_waypoints_completed": 0, "tot_waypoints": 9}}
{"target": -1261.9483105575646, "params": {"k_pid_pos": [1.9937463998794556, 0.9510252475738525, 0.16232576966285706], "k_pid_alt": [0.7973913550376892, 1.0, 0.0742795467376709], "k_pid_att": [10.818949699401855, 0.30781662464141846, 0.8552388548851013], "k_pid_yaw": [0.5, 1e-06, 0.1], "k_pid_hsp": [7.705078601837158, 0.5941192507743835, 0.27856916189193726], "k_pid_vsp": [16.739702224731445, 178.45849609375, 7.097400188446045]}, "datetime": {"datetime": "2025-08-21 10:36:13", "elapsed": 6689.443555355072, "delta": 25.38101553916931}, "costs": {"total_cost": 1261.9483105575646, "time_cost": 150, "final_distance_cost": 60.27403519795071, "oscillation_cost": 88.22317999835111, "completition_cost": 888.8888888888888, "overshoot_cost": 38.31679932749035, "power_cost": 21.28862233886719, "noise_cost": 14.956784806016177, "n_waypoints_completed": 1, "tot_waypoints": 9}}
{"target": -327.63176939735575, "params": {"k_pid_pos": [2.0, 0.9440739750862122, 0.999992847442627], "k_pid_alt": [1.875661015510559, 0.9999119639396667, 0.08596557378768921], "k_pid_att": [100.0, 0.26630836725234985, 0.9669817686080933], "k_pid_yaw": [0.5, 1e-06, 0.1], "k_pid_hsp": [6.447279930114746, 0.8307774066925049, 0.02873113751411438], "k_pid_vsp": [239.75563049316406, 334.7712097167969, 38.85927200317383]}, "datetime": {"datetime": "2025-08-21 10:36:43", "elapsed": 6719.7852871418, "delta": 30.341731786727905}, "costs": {"total_cost": 327.63176939735575, "time_cost": 94.08, "final_distance_cost": 1.7648107809886895, "oscillation_cost": 142.7792413985336, "completition_cost": 0.0, "overshoot_cost": 54.97844660270766, "power_cost": 19.297472033691406, "noise_cost": 14.73179858143438, "n_waypoints_completed": 9, "tot_waypoints": 9}}
{"target": -359.4249619730004, "params": {"k_pid_pos": [1.9907348155975342, 0.9328104257583618, 1.0], "k_pid_alt": [1.9856610298156738, 0.9948301315307617, 0.03403276205062866], "k_pid_att": [99.78209686279297, 0.9191232323646545, 0.983252763748169], "k_pid_yaw": [0.5, 1e-06, 0.1], "k_pid_hsp": [9.807355880737305, 0.8769057989120483, 0.12440714240074158], "k_pid_vsp": [62.84818649291992, 106.87957000732422, 6.932378768920898]}, "datetime": {"datetime": "2025-08-21 10:37:09", "elapsed": 6745.488328933716, "delta": 25.703041791915894}, "costs": {"total_cost": 359.4249619730004, "time_cost": 98.368, "final_distance_cost": 1.746700452547292, "oscillation_cost": 159.41532960654052, "completition_cost": 0.0, "overshoot_cost": 58.021304646937836, "power_cost": 23.966163427734376, "noise_cost": 17.907463839240343, "n_waypoints_completed": 9, "tot_waypoints": 9}}
{"target": -734.232015613962, "params": {"k_pid_pos": [1.9999994039535522, 0.9071605205535889, 0.9456486105918884], "k_pid_alt": [1.9285063743591309, 0.999803364276886, 0.015063464641571045], "k_pid_att": [100.0, 1.1381639242172241, 0.9801578521728516], "k_pid_yaw": [0.5, 1e-06, 0.1], "k_pid_hsp": [9.737950325012207, 0.9146263003349304, 0.07363727688789368], "k_pid_vsp": [14.325702667236328, 267.60919189453125, 7.678116321563721]}, "datetime": {"datetime": "2025-08-21 10:37:38", "elapsed": 6775.290367841721, "delta": 29.80203890800476}, "costs": {"total_cost": 734.232015613962, "time_cost": 150, "final_distance_cost": 62.2832768708824, "oscillation_cost": 183.80319240746556, "completition_cost": 222.2222222222222, "overshoot_cost": 65.80251152201633, "power_cost": 28.031707141113284, "noise_cost": 22.089105450262178, "n_waypoints_completed": 7, "tot_waypoints": 9}}
{"target": -579.8814096927885, "params": {"k_pid_pos": [2.0, 0.9444829225540161, 1.0], "k_pid_alt": [1.663738489151001, 0.25105947256088257, 0.04513087868690491], "k_pid_att": [99.99971008300781, 1.7382768392562866, 0.9835866093635559], "k_pid_yaw": [0.5, 1e-06, 0.1], "k_pid_hsp": [8.584312438964844, 0.9852275848388672, 0.05701470375061035], "k_pid_vsp": [11.158585548400879, 358.32342529296875, 73.28181457519531]}, "datetime": {"datetime": "2025-08-21 10:38:04", "elapsed": 6800.553177833557, "delta": 25.262809991836548}, "costs": {"total_cost": 579.8814096927885, "time_cost": 150, "final_distance_cost": 39.63745328327453, "oscillation_cost": 186.69966528939827, "completition_cost": 111.11111111111116, "overshoot_cost": 52.5946710964016, "power_cost": 23.143793176269533, "noise_cost": 16.69471573633337, "n_waypoints_completed": 8, "tot_waypoints": 9}}
{"target": -1213.9934683062684, "params": {"k_pid_pos": [1.9999768733978271, 0.9721471667289734, 7.152557373046875e-06], "k_pid_alt": [1.9826021194458008, 1.0, 0.07065913081169128], "k_pid_att": [100.0, 0.2949996590614319, 0.778788685798645], "k_pid_yaw": [0.5, 1e-06, 0.1], "k_pid_hsp": [9.480142593383789, 0.9934594631195068, 0.07894456386566162], "k_pid_vsp": [16.272592544555664, 333.8935241699219, 27.36749839782715]}, "datetime": {"datetime": "2025-08-21 10:38:37", "elapsed": 6834.099091768265, "delta": 33.54591393470764}, "costs": {"total_cost": 1213.9934683062684, "time_cost": 150, "final_distance_cost": 94.8374203094181, "oscillation_cost": 101.8970850089731, "completition_cost": 777.7777777777778, "overshoot_cost": 50.86886377368712, "power_cost": 22.65352867431641, "noise_cost": 15.958792762095834, "n_waypoints_completed": 2, "tot_waypoints": 9}}
{"target": -1417.8834932856857, "params": {"k_pid_pos": [0.07550492882728577, 0.9899253845214844, 2.1457672119140625e-06], "k_pid_alt": [1.8838179111480713, 0.9997251033782959, 0.11933901906013489], "k_pid_att": [100.0, 1.1748754978179932, 0.9897682666778564], "k_pid_yaw": [0.5, 1e-06, 0.1], "k_pid_hsp": [9.931222915649414, 0.9366934895515442, 0.030774712562561035], "k_pid_vsp": [14.644479751586914, 101.6335220336914, 73.21212005615234]}, "datetime": {"datetime": "2025-08-21 10:39:02", "elapsed": 6858.7560975551605, "delta": 24.657005786895752}, "costs": {"total_cost": 1417.8834932856857, "time_cost": 150, "final_distance_cost": 60.24715217764074, "oscillation_cost": 85.15582878182914, "completition_cost": 1000.0, "overshoot_cost": 78.516603458414, "power_cost": 23.143938989257812, "noise_cost": 20.819969878544022, "n_waypoints_completed": 0, "tot_waypoints": 9}}
{"target": -1193.1729414573747, "params": {"k_pid_pos": [0.00022111058933660388, 0.9222639799118042, 1.0], "k_pid_alt": [1.984000325202942, 1.0, 0.16044718027114868], "k_pid_att": [100.0, 3.2286112308502197, 0.9880462884902954], "k_pid_yaw": [0.5, 1e-06, 0.1], "k_pid_hsp": [9.89774227142334, 0.37910711765289307, 0.029856055974960327], "k_pid_vsp": [21.766555786132812, 369.6129455566406, 20.43305778503418]}, "datetime": {"datetime": "2025-08-21 10:39:32", "elapsed": 6888.774194717407, "delta": 30.018097162246704}, "costs": {"total_cost": 1193.1729414573747, "time_cost": 150, "final_distance_cost": 85.10114892635072, "oscillation_cost": 202.7410533966061, "completition_cost": 666.6666666666667, "overshoot_cost": 51.10745183323362, "power_cost": 22.103559912109375, "noise_cost": 15.45306072240803, "n_waypoints_completed": 3, "tot_waypoints": 9}}
{"target": -727.5566068153366, "params": {"k_pid_pos": [1.896891474723816, 0.901644229888916, 0.9989058375358582], "k_pid_alt": [1.9605343341827393, 0.9999998807907104, 0.034071147441864014], "k_pid_att": [99.72354125976562, 0.08788812160491943, 0.9511532783508301], "k_pid_yaw": [0.5, 1e-06, 0.1], "k_pid_hsp": [8.70169448852539, 0.9630786180496216, 0.04694417119026184], "k_pid_vsp": [4.297733306884766, 155.6687469482422, 58.64997100830078]}, "datetime": {"datetime": "2025-08-21 10:39:59", "elapsed": 6915.709015369415, "delta": 26.934820652008057}, "costs": {"total_cost": 727.5566068153366, "time_cost": 150, "final_distance_cost": 69.0939858188339, "oscillation_cost": 193.77628631181224, "completition_cost": 222.2222222222222, "overshoot_cost": 54.34625090196669, "power_cost": 20.65887459716797, "noise_cost": 17.458986963333672, "n_waypoints_completed": 7, "tot_waypoints": 9}}
{"target": -1169.0504660716904, "params": {"k_pid_pos": [9.999999747378752e-05, 0.889357328414917, 1.0], "k_pid_alt": [1.9155385494232178, 0.0, 0.01346096396446228], "k_pid_att": [99.97467803955078, 0.2763322591781616, 0.836182713508606], "k_pid_yaw": [0.5, 1e-06, 0.1], "k_pid_hsp": [9.410554885864258, 0.9405346512794495, 0.01069071888923645], "k_pid_vsp": [19.309139251708984, 398.4626159667969, 37.58456802368164]}, "datetime": {"datetime": "2025-08-21 10:40:29", "elapsed": 6946.343989849091, "delta": 30.634974479675293}, "costs": {"total_cost": 1169.0504660716904, "time_cost": 150, "final_distance_cost": 74.50632654404225, "oscillation_cost": 196.26597327563073, "completition_cost": 666.6666666666667, "overshoot_cost": 50.30213739498211, "power_cost": 17.734502465820313, "noise_cost": 13.574859724548368, "n_waypoints_completed": 3, "tot_waypoints": 9}}
{"target": -1381.00835259514, "params": {"k_pid_pos": [1.9999957084655762, 0.9378725290298462, 1.9311904907226562e-05], "k_pid_alt": [1.8388149738311768, 1.0, 0.03484979271888733], "k_pid_att": [99.9951171875, 0.08500447869300842, 0.9570949077606201], "k_pid_yaw": [0.5, 1e-06, 0.1], "k_pid_hsp": [9.732054710388184, 0.7839212417602539, 0.05954471230506897], "k_pid_vsp": [14.680886268615723, 229.6193389892578, 14.46374797821045]}, "datetime": {"datetime": "2025-08-21 10:40:55", "elapsed": 6971.795059680939, "delta": 25.451069831848145}, "costs": {"total_cost": 1381.00835259514, "time_cost": 150, "final_distance_cost": 43.242005594392644, "oscillation_cost": 117.37024361917605, "completition_cost": 1000.0, "overshoot_cost": 41.24791467640869, "power_cost": 16.36373095703125, "noise_cost": 12.784457748131107, "n_waypoints_completed": 0, "tot_waypoints": 9}}
{"target": -955.9973696364499, "params": {"k_pid_pos": [1.9411379098892212, 0.961227297782898, 0.005554854869842529], "k_pid_alt": [1.7946693897247314, 0.9999939203262329, 0.45276761054992676], "k_pid_att": [100.0, 1.4669640064239502, 0.7961431741714478], "k_pid_yaw": [0.5, 1e-06, 0.1], "k_pid_hsp": [9.85826587677002, 0.5721634030342102, 0.12171205878257751], "k_pid_vsp": [252.62637329101562, 381.95947265625, 14.025736808776855]}, "datetime": {"datetime": "2025-08-21 10:41:26", "elapsed": 7003.118310213089, "delta": 31.32325053215027}, "costs": {"total_cost": 955.9973696364499, "time_cost": 150, "final_distance_cost": 43.24232113667167, "oscillation_cost": 106.74003672852434, "completition_cost": 555.5555555555555, "overshoot_cost": 62.00023971001504, "power_cost": 21.147297778320315, "noise_cost": 17.311918727362936, "n_waypoints_completed": 4, "tot_waypoints": 9}}
{"target": -371.36122012135326, "params": {"k_pid_pos": [2.0, 0.9914569854736328, 0.8579622507095337], "k_pid_alt": [1.838039517402649, 0.0027989745140075684, 0.06190687417984009], "k_pid_att": [99.9999771118164, 1.2308237552642822, 0.984168529510498], "k_pid_yaw": [0.5, 1e-06, 0.1], "k_pid_hsp": [9.095475196838379, 0.858344316482544, 0.08521604537963867], "k_pid_vsp": [29.61553382873535, 367.8008728027344, 15.854371070861816]}, "datetime": {"datetime": "2025-08-21 10:41:53", "elapsed": 7029.764321565628, "delta": 26.646011352539062}, "costs": {"total_cost": 371.36122012135326, "time_cost": 97.328, "final_distance_cost": 1.7263431253776786, "oscillation_cost": 179.5396797630731, "completition_cost": 0.0, "overshoot_cost": 57.743542010321775, "power_cost": 19.925248498535158, "noise_cost": 15.098406724045486, "n_waypoints_completed": 9, "tot_waypoints": 9}}
{"target": -2946.763738843778, "params": {"k_pid_pos": [1.9999258518218994, 0.9748095273971558, 0.9999998807907104], "k_pid_alt": [1.727232813835144, 0.9969267845153809, 0.00177842378616333], "k_pid_att": [0.1866161823272705, 2.162327289581299, 0.9488186836242676], "k_pid_yaw": [0.5, 1e-06, 0.1], "k_pid_hsp": [9.820913314819336, 0.8427428007125854, 0.02561473846435547], "k_pid_vsp": [114.94169616699219, 379.0311584472656, 46.222137451171875]}, "datetime": {"datetime": "2025-08-21 10:42:20", "elapsed": 7057.065891742706, "delta": 27.301570177078247}, "costs": {"total_cost": 2946.763738843778, "time_cost": 150, "final_distance_cost": 294.2737535706835, "oscillation_cost": 753.2179842546064, "completition_cost": 1000.0, "overshoot_cost": 615.8722318618775, "power_cost": 35.490523168945316, "noise_cost": 97.90924598766513, "n_waypoints_completed": 0, "tot_waypoints": 9}}
