{"target": -541.7838803936135, "params": {"k_pid_pos": [1.5005757808685303, 0.6305890679359436, 4.673004150390625e-05], "k_pid_alt": [1.85184645652771, 9.170174598693848e-05, 0.047456055879592896], "k_pid_att": [100.0, 4.597347736358643, 0.985853910446167], "k_pid_yaw": [0.5, 1e-06, 0.1], "k_pid_hsp": [1.8696578741073608, 0.8431312441825867, 0.49021798372268677], "k_pid_vsp": [235.53627014160156, 385.06585693359375, 50.70745849609375]}, "datetime": {"datetime": "2025-08-21 10:07:33", "elapsed": 4970.02530503273, "delta": 32.00902247428894}, "costs": {"total_cost": 541.7838803936135, "time_cost": 150, "final_distance_cost": 38.385306961189464, "oscillation_cost": 124.5737736366871, "completition_cost": 111.11111111111116, "overshoot_cost": 77.85005980113839, "power_cost": 22.929142028808595, "noise_cost": 16.93448685467875, "n_waypoints_completed": 8, "tot_waypoints": 9}}
{"target": -1237.349034473901, "params": {"k_pid_pos": [1.9999995231628418, 0.9027472138404846, 0.0], "k_pid_alt": [1.9078022241592407, 0.9999940395355225, 0.053213655948638916], "k_pid_att": [100.0, 1.159551978111267, 0.9972952604293823], "k_pid_yaw": [0.5, 1e-06, 0.1], "k_pid_hsp": [8.29037094116211, 0.9218342304229736, 0.04538947343826294], "k_pid_vsp": [83.9468994140625, 28.579845428466797, 42.1081657409668]}, "datetime": {"datetime": "2025-08-21 10:08:03", "elapsed": 5000.265149831772, "delta": 30.239844799041748}, "costs": {"total_cost": 1237.349034473901, "time_cost": 150, "final_distance_cost": 61.11900144598472, "oscillation_cost": 70.72244696667863, "completition_cost": 888.8888888888888, "overshoot_cost": 33.32901961836454, "power_cost": 18.727610107421874, "noise_cost": 14.562067446562503, "n_waypoints_completed": 1, "tot_waypoints": 9}}
{"target": -826.8123153090958, "params": {"k_pid_pos": [1.999975323677063, 0.7265955209732056, 0.8791861534118652], "k_pid_alt": [1.8692905902862549, 0.0006265342235565186, 0.17721039056777954], "k_pid_att": [100.0, 1.6435952186584473, 0.8866561651229858], "k_pid_yaw": [0.5, 1e-06, 0.1], "k_pid_hsp": [7.739788055419922, 0.9382086992263794, 0.25399595499038696], "k_pid_vsp": [179.46621704101562, 204.00692749023438, 195.8500213623047]}, "datetime": {"datetime": "2025-08-21 10:08:35", "elapsed": 5031.76656794548, "delta": 31.501418113708496}, "costs": {"total_cost": 826.8123153090958, "time_cost": 150, "final_distance_cost": 67.38198455058355, "oscillation_cost": 295.0024566673012, "completition_cost": 222.2222222222222, "overshoot_cost": 54.857450646327386, "power_cost": 21.50653162841797, "noise_cost": 15.841669594243504, "n_waypoints_completed": 7, "tot_waypoints": 9}}
{"target": -1200.2591004870376, "params": {"k_pid_pos": [0.0017157414695248008, 0.8104099035263062, 1.6391277313232422e-06], "k_pid_alt": [1.7669601440429688, 1.0, 0.022097408771514893], "k_pid_att": [92.72149658203125, 4.766308784484863, 0.8279567956924438], "k_pid_yaw": [0.5, 1e-06, 0.1], "k_pid_hsp": [8.945124626159668, 0.7271361351013184, 0.08751744031906128], "k_pid_vsp": [233.27694702148438, 14.508820533752441, 14.6099214553833]}, "datetime": {"datetime": "2025-08-21 10:09:01", "elapsed": 5057.681653261185, "delta": 25.915085315704346}, "costs": {"total_cost": 1200.2591004870376, "time_cost": 150, "final_distance_cost": 91.9399116621248, "oscillation_cost": 98.16059567176369, "completition_cost": 777.7777777777778, "overshoot_cost": 43.79581374938825, "power_cost": 21.987514465332033, "noise_cost": 16.597487160650903, "n_waypoints_completed": 2, "tot_waypoints": 9}}
{"target": -1445.4092853165766, "params": {"k_pid_pos": [0.00010005960211856291, 0.47979259490966797, 0.999998927116394], "k_pid_alt": [1.8600234985351562, 1.0, 0.10877972841262817], "k_pid_att": [99.99952697753906, 7.346985816955566, 0.9905134439468384], "k_pid_yaw": [0.5, 1e-06, 0.1], "k_pid_hsp": [3.8404245376586914, 0.48647192120552063, 0.21944892406463623], "k_pid_vsp": [127.95880889892578, 67.14117431640625, 48.71497344970703]}, "datetime": {"datetime": "2025-08-21 10:09:29", "elapsed": 5085.635952234268, "delta": 27.954298973083496}, "costs": {"total_cost": 1445.4092853165766, "time_cost": 150, "final_distance_cost": 83.84950396039453, "oscillation_cost": 344.14395654645404, "completition_cost": 777.7777777777778, "overshoot_cost": 53.87369483781685, "power_cost": 20.06498640136719, "noise_cost": 15.699365792766297, "n_waypoints_completed": 2, "tot_waypoints": 9}}
{"target": -765.3753135278498, "params": {"k_pid_pos": [2.0, 0.6871376037597656, 0.9900968074798584], "k_pid_alt": [1.6374540328979492, 1.0, 0.08891546726226807], "k_pid_att": [100.0, 0.7803959846496582, 0.847006618976593], "k_pid_yaw": [0.5, 1e-06, 0.1], "k_pid_hsp": [8.17794132232666, 0.887519121170044, 0.07056853175163269], "k_pid_vsp": [154.20486450195312, 396.4970703125, 121.69113159179688]}, "datetime": {"datetime": "2025-08-21 10:10:00", "elapsed": 5117.116300106049, "delta": 31.480347871780396}, "costs": {"total_cost": 765.3753135278498, "time_cost": 150, "final_distance_cost": 70.90254333869234, "oscillation_cost": 230.09584762737194, "completition_cost": 222.2222222222222, "overshoot_cost": 52.30730123775893, "power_cost": 22.121422424316407, "noise_cost": 17.725976677488035, "n_waypoints_completed": 7, "tot_waypoints": 9}}
{"target": -1375.6073617333545, "params": {"k_pid_pos": [0.0721440464258194, 0.8087207078933716, 0.11417925357818604], "k_pid_alt": [1.8013914823532104, 0.9999998807907104, 0.03143402934074402], "k_pid_att": [100.0, 2.050105333328247, 0.86825031042099], "k_pid_yaw": [0.5, 1e-06, 0.1], "k_pid_hsp": [8.572126388549805, 0.9261292815208435, 0.031245052814483643], "k_pid_vsp": [8.278715133666992, 346.44775390625, 260.47186279296875]}, "datetime": {"datetime": "2025-08-21 10:10:26", "elapsed": 5142.715293645859, "delta": 25.59899353981018}, "costs": {"total_cost": 1375.6073617333545, "time_cost": 150, "final_distance_cost": 46.90836877483644, "oscillation_cost": 90.42515802542681, "completition_cost": 1000.0, "overshoot_cost": 49.44662899216295, "power_cost": 20.256451220703127, "noise_cost": 18.570754720225008, "n_waypoints_completed": 0, "tot_waypoints": 9}}
{"target": -873.1863439165122, "params": {"k_pid_pos": [2.0, 0.8976829051971436, 0.04014623165130615], "k_pid_alt": [1.8155322074890137, 0.7797183394432068, 0.06933557987213135], "k_pid_att": [99.99788665771484, 1.139133095741272, 0.9601616859436035], "k_pid_yaw": [0.5, 1e-06, 0.1], "k_pid_hsp": [4.167392730712891, 0.9680027961730957, 0.8738529086112976], "k_pid_vsp": [54.55415344238281, 314.27569580078125, 67.67044067382812]}, "datetime": {"datetime": "2025-08-21 10:10:57", "elapsed": 5174.128148555756, "delta": 31.41285490989685}, "costs": {"total_cost": 873.1863439165122, "time_cost": 150, "final_distance_cost": 39.80539616652942, "oscillation_cost": 133.31796130891217, "completition_cost": 444.4444444444444, "overshoot_cost": 64.7407560878, "power_cost": 22.894185302734375, "noise_cost": 17.983600606091674, "n_waypoints_completed": 5, "tot_waypoints": 9}}
{"target": -1362.8735978456773, "params": {"k_pid_pos": [0.00010071521683130413, 0.8550529479980469, 0.0], "k_pid_alt": [1.907240390777588, 3.9637088775634766e-06, 0.006220221519470215], "k_pid_att": [98.90792083740234, 2.3162286281585693, 0.9768912196159363], "k_pid_yaw": [0.5, 1e-06, 0.1], "k_pid_hsp": [3.2363226413726807, 0.9001633524894714, 0.06399023532867432], "k_pid_vsp": [119.81527709960938, 396.5730285644531, 41.44401550292969]}, "datetime": {"datetime": "2025-08-21 10:11:22", "elapsed": 5199.299421072006, "delta": 25.17127251625061}, "costs": {"total_cost": 1362.8735978456773, "time_cost": 150, "final_distance_cost": 45.51826555411015, "oscillation_cost": 91.51178526160253, "completition_cost": 1000.0, "overshoot_cost": 34.641882496471844, "power_cost": 23.906813635253908, "noise_cost": 17.294850898238728, "n_waypoints_completed": 0, "tot_waypoints": 9}}
{"target": -1230.5284079806818, "params": {"k_pid_pos": [1.9975779056549072, 0.9822577238082886, 0.999842643737793], "k_pid_alt": [1.797365427017212, 1.0, 0.0850721001625061], "k_pid_att": [1.0907381772994995, 1.059442162513733, 0.976243257522583], "k_pid_yaw": [0.5, 1e-06, 0.1], "k_pid_hsp": [8.832598686218262, 0.25516968965530396, 0.13193461298942566], "k_pid_vsp": [185.30148315429688, 290.7499084472656, 22.01262855529785]}, "datetime": {"datetime": "2025-08-21 10:11:53", "elapsed": 5230.052315950394, "delta": 30.75289487838745}, "costs": {"total_cost": 1230.5284079806818, "time_cost": 150, "final_distance_cost": 100.55579973410724, "oscillation_cost": 111.11993936196066, "completition_cost": 777.7777777777778, "overshoot_cost": 46.33443764365271, "power_cost": 26.511042919921877, "noise_cost": 18.229410543261345, "n_waypoints_completed": 2, "tot_waypoints": 9}}
{"target": -1405.5085598624214, "params": {"k_pid_pos": [0.0013282709987834096, 0.9082242846488953, 0.9783687591552734], "k_pid_alt": [1.8841338157653809, 0.0, 0.2441573441028595], "k_pid_att": [100.0, 5.029634475708008, 0.5939998626708984], "k_pid_yaw": [0.5, 1e-06, 0.1], "k_pid_hsp": [3.7330567836761475, 0.7496224045753479, 0.17328733205795288], "k_pid_vsp": [51.750301361083984, 167.51022338867188, 3.174818515777588]}, "datetime": {"datetime": "2025-08-21 10:12:19", "elapsed": 5255.800005435944, "delta": 25.747689485549927}, "costs": {"total_cost": 1405.5085598624214, "time_cost": 150, "final_distance_cost": 67.60073918717096, "oscillation_cost": 224.73844365443037, "completition_cost": 888.8888888888888, "overshoot_cost": 32.89820301709807, "power_cost": 23.381306274414065, "noise_cost": 18.000978840419084, "n_waypoints_completed": 1, "tot_waypoints": 9}}
{"target": -398.32022986360164, "params": {"k_pid_pos": [1.9970594644546509, 0.16940131783485413, 0.9999796152114868], "k_pid_alt": [1.4612758159637451, 0.9999839663505554, 0.03438207507133484], "k_pid_att": [99.87718200683594, 0.05965636670589447, 0.9438400268554688], "k_pid_yaw": [0.5, 1e-06, 0.1], "k_pid_hsp": [9.17251968383789, 0.9819985628128052, 0.07937338948249817], "k_pid_vsp": [194.4012451171875, 84.72721862792969, 3.4756669998168945]}, "datetime": {"datetime": "2025-08-21 10:12:49", "elapsed": 5285.587045907974, "delta": 29.78704047203064}, "costs": {"total_cost": 398.32022986360164, "time_cost": 96.816, "final_distance_cost": 1.7495278741661564, "oscillation_cost": 206.08740603294785, "completition_cost": 0.0, "overshoot_cost": 59.84205324386335, "power_cost": 18.35927491455078, "noise_cost": 15.4659677980735, "n_waypoints_completed": 9, "tot_waypoints": 9}}
{"target": -910.2478189712132, "params": {"k_pid_pos": [2.0, 0.9841508269309998, 2.9802322387695312e-08], "k_pid_alt": [1.9713809490203857, 0.9999998807907104, 0.42115986347198486], "k_pid_att": [99.87640380859375, 0.15360099077224731, 0.8504826426506042], "k_pid_yaw": [0.5, 1e-06, 0.1], "k_pid_hsp": [7.509184837341309, 0.5160269737243652, 0.17850381135940552], "k_pid_vsp": [147.9920654296875, 71.76956939697266, 87.84872436523438]}, "datetime": {"datetime": "2025-08-21 10:13:18", "elapsed": 5314.713679552078, "delta": 29.126633644104004}, "costs": {"total_cost": 910.2478189712132, "time_cost": 150, "final_distance_cost": 57.83923128374757, "oscillation_cost": 163.40899257175434, "completition_cost": 444.4444444444444, "overshoot_cost": 65.05602461114403, "power_cost": 15.92454129638672, "noise_cost": 13.574584763736155, "n_waypoints_completed": 5, "tot_waypoints": 9}}
{"target": -1050.0512225886978, "params": {"k_pid_pos": [0.6499134302139282, 0.6154764294624329, 0.0], "k_pid_alt": [1.8545840978622437, 0.7145532369613647, 0.010357648134231567], "k_pid_att": [100.0, 0.5544015765190125, 0.446903258562088], "k_pid_yaw": [0.5, 1e-06, 0.1], "k_pid_hsp": [9.48981761932373, 0.8322186470031738, 0.04711562395095825], "k_pid_vsp": [88.6453857421875, 386.8196105957031, 4.742456436157227]}, "datetime": {"datetime": "2025-08-21 10:13:45", "elapsed": 5342.157162427902, "delta": 27.443482875823975}, "costs": {"total_cost": 1050.0512225886978, "time_cost": 150, "final_distance_cost": 54.18526021795499, "oscillation_cost": 99.22655007748448, "completition_cost": 666.6666666666667, "overshoot_cost": 44.28184168874264, "power_cost": 20.57413397216797, "noise_cost": 15.116769965680984, "n_waypoints_completed": 3, "tot_waypoints": 9}}
{"target": -4721.216712077966, "params": {"k_pid_pos": [0.009189074859023094, 0.6974977850914001, 0.9980169534683228], "k_pid_alt": [1.789609670639038, 0.9999999403953552, 0.02215784788131714], "k_pid_att": [0.0005006790161132812, 0.3709012269973755, 0.8793509602546692], "k_pid_yaw": [0.5, 1e-06, 0.1], "k_pid_hsp": [9.827571868896484, 0.9723613262176514, 0.04700624942779541], "k_pid_vsp": [176.47174072265625, 349.35626220703125, 69.22216796875]}, "datetime": {"datetime": "2025-08-21 10:14:17", "elapsed": 5374.160483598709, "delta": 32.003321170806885}, "costs": {"total_cost": 4721.216712077966, "time_cost": 150, "final_distance_cost": 888.5042585147837, "oscillation_cost": 469.7245342538943, "completition_cost": 1000.0, "overshoot_cost": 2082.4893712531957, "power_cost": 35.740139514160155, "noise_cost": 94.75840854193196, "n_waypoints_completed": 0, "tot_waypoints": 9}}
{"target": -774.3414881978687, "params": {"k_pid_pos": [1.9604079723358154, 0.4734935462474823, 0.8893492817878723], "k_pid_alt": [1.9343457221984863, 0.5387782454490662, 0.11699742078781128], "k_pid_att": [99.99395751953125, 4.3270134925842285, 0.8186182379722595], "k_pid_yaw": [0.5, 1e-06, 0.1], "k_pid_hsp": [9.009862899780273, 0.6253143548965454, 0.07944422960281372], "k_pid_vsp": [94.56388854980469, 359.897705078125, 24.8721866607666]}, "datetime": {"datetime": "2025-08-21 10:14:45", "elapsed": 5402.26789021492, "delta": 28.107406616210938}, "costs": {"total_cost": 774.3414881978687, "time_cost": 150, "final_distance_cost": 68.93953127131864, "oscillation_cost": 255.90850020060734, "completition_cost": 222.2222222222222, "overshoot_cost": 48.37647603262154, "power_cost": 15.786992578125, "noise_cost": 13.107765892973875, "n_waypoints_completed": 7, "tot_waypoints": 9}}
{"target": -1288.520348016008, "params": {"k_pid_pos": [0.03783661499619484, 0.9655484557151794, 0.840358555316925], "k_pid_alt": [1.92756986618042, 0.11543616652488708, 0.1397308111190796], "k_pid_att": [99.99998474121094, 8.366032600402832, 0.9414952993392944], "k_pid_yaw": [0.5, 1e-06, 0.1], "k_pid_hsp": [9.241307258605957, 0.6676148176193237, 0.0829923152923584], "k_pid_vsp": [26.156509399414062, 64.6725082397461, 61.65115737915039]}, "datetime": {"datetime": "2025-08-21 10:15:11", "elapsed": 5427.564707517624, "delta": 25.296817302703857}, "costs": {"total_cost": 1288.520348016008, "time_cost": 150, "final_distance_cost": 88.46724881658605, "oscillation_cost": 183.88719311059006, "completition_cost": 777.7777777777778, "overshoot_cost": 41.458930419028455, "power_cost": 27.004954821777346, "noise_cost": 19.92424307024812, "n_waypoints_completed": 2, "tot_waypoints": 9}}
{"target": -1262.3328896907628, "params": {"k_pid_pos": [0.0003405523020774126, 0.9948382377624512, 0.9994704127311707], "k_pid_alt": [1.9954216480255127, 0.6581885814666748, 0.11898788809776306], "k_pid_att": [99.99998474121094, 0.6110361218452454, 0.9296764135360718], "k_pid_yaw": [0.5, 1e-06, 0.1], "k_pid_hsp": [8.157119750976562, 0.9787868857383728, 0.26397138833999634], "k_pid_vsp": [68.6839828491211, 356.117431640625, 50.372623443603516]}, "datetime": {"datetime": "2025-08-21 10:15:41", "elapsed": 5457.68760061264, "delta": 30.12289309501648}, "costs": {"total_cost": 1262.3328896907628, "time_cost": 150, "final_distance_cost": 79.3370757012868, "oscillation_cost": 183.91951285961443, "completition_cost": 777.7777777777778, "overshoot_cost": 35.713707293955906, "power_cost": 20.22832927246094, "noise_cost": 15.356486785666851, "n_waypoints_completed": 2, "tot_waypoints": 9}}
{"target": -11795.081985713041, "params": {"k_pid_pos": [0.00017164120799861848, 0.9771078824996948, 1.9282102584838867e-05], "k_pid_alt": [1.1715424060821533, 0.9999922513961792, 0.014378100633621216], "k_pid_att": [1.1920928955078125e-05, 0.9982055425643921, 0.8338049650192261], "k_pid_yaw": [0.5, 1e-06, 0.1], "k_pid_hsp": [8.287226676940918, 0.9629912376403809, 0.1769598424434662], "k_pid_vsp": [0.41431188583374023, 153.08119201660156, 14.611472129821777]}, "datetime": {"datetime": "2025-08-21 10:16:07", "elapsed": 5483.655269384384, "delta": 25.967668771743774}, "costs": {"total_cost": 11795.081985713041, "time_cost": 150, "final_distance_cost": 4033.6889674112895, "oscillation_cost": 1548.509029304603, "completition_cost": 1000.0, "overshoot_cost": 4933.088813336805, "power_cost": 35.408125585937505, "noise_cost": 94.38705007440566, "n_waypoints_completed": 0, "tot_waypoints": 9}}
{"target": -3176.671973844017, "params": {"k_pid_pos": [2.0, 0.761243462562561, 1.0], "k_pid_alt": [1.871995449066162, 0.9999926090240479, 0.021323472261428833], "k_pid_att": [2.9802322387695312e-06, 2.872389793395996, 0.9952759742736816], "k_pid_yaw": [0.5, 1e-06, 0.1], "k_pid_hsp": [3.6732470989227295, 0.8122258186340332, 0.012395381927490234], "k_pid_vsp": [184.6200408935547, 178.3182830810547, 37.568580627441406]}, "datetime": {"datetime": "2025-08-21 10:16:39", "elapsed": 5515.937506198883, "delta": 32.2822368144989}, "costs": {"total_cost": 3176.671973844017, "time_cost": 150, "final_distance_cost": 216.13330940089196, "oscillation_cost": 1170.1704150228534, "completition_cost": 1000.0, "overshoot_cost": 510.5098246384891, "power_cost": 34.05144791259766, "noise_cost": 95.80697686918495, "n_waypoints_completed": 0, "tot_waypoints": 9}}
{"target": -3782.3181580617215, "params": {"k_pid_pos": [1.9999994039535522, 0.7998011112213135, 0.0], "k_pid_alt": [1.6623049974441528, 0.9857864379882812, 0.2875969707965851], "k_pid_att": [0.005587935447692871, 0.7894811034202576, 0.9449710845947266], "k_pid_yaw": [0.5, 1e-06, 0.1], "k_pid_hsp": [8.488412857055664, 0.9916731715202332, 0.06756746768951416], "k_pid_vsp": [146.28944396972656, 258.811279296875, 12.332404136657715]}, "datetime": {"datetime": "2025-08-21 10:17:07", "elapsed": 5543.957475423813, "delta": 28.01996922492981}, "costs": {"total_cost": 3782.3181580617215, "time_cost": 150, "final_distance_cost": 538.4483112855178, "oscillation_cost": 741.3816607879418, "completition_cost": 1000.0, "overshoot_cost": 1222.9862981525337, "power_cost": 35.20376107177734, "noise_cost": 94.2981267639508, "n_waypoints_completed": 0, "tot_waypoints": 9}}
{"target": -4731.556022155345, "params": {"k_pid_pos": [1.5844656229019165, 0.949852466583252, 0.9989405274391174], "k_pid_alt": [1.8405659198760986, 1.0, 0.2996160387992859], "k_pid_att": [0.18478929996490479, 5.423553466796875, 0.5064688324928284], "k_pid_yaw": [0.5, 1e-06, 0.1], "k_pid_hsp": [9.694169998168945, 0.579108715057373, 0.14218378067016602], "k_pid_vsp": [35.97347640991211, 70.59590911865234, 36.96465301513672]}, "datetime": {"datetime": "2025-08-21 10:17:32", "elapsed": 5569.395782709122, "delta": 25.438307285308838}, "costs": {"total_cost": 4731.556022155345, "time_cost": 150, "final_distance_cost": 745.4403858025372, "oscillation_cost": 1032.0047005107747, "completition_cost": 1000.0, "overshoot_cost": 1671.9858293322418, "power_cost": 33.573661853027346, "noise_cost": 98.55144465676416, "n_waypoints_completed": 0, "tot_waypoints": 9}}
{"target": -1434.8711562137369, "params": {"k_pid_pos": [1.674680233001709, 0.9952965974807739, 0.00368499755859375], "k_pid_alt": [1.9205420017242432, 1.0, 0.024254143238067627], "k_pid_att": [100.0, 1.8463094234466553, 0.7930507659912109], "k_pid_yaw": [0.5, 1e-06, 0.1], "k_pid_hsp": [7.437204837799072, 0.46670448780059814, 0.07915636897087097], "k_pid_vsp": [1.766204833984375, 90.31424713134766, 53.87794876098633]}, "datetime": {"datetime": "2025-08-21 10:18:02", "elapsed": 5599.4045152664185, "delta": 30.008732557296753}, "costs": {"total_cost": 1434.8711562137369, "time_cost": 150, "final_distance_cost": 44.62256170203567, "oscillation_cost": 89.78274436843978, "completition_cost": 1000.0, "overshoot_cost": 96.39832320926818, "power_cost": 20.72832253417969, "noise_cost": 33.33920439981348, "n_waypoints_completed": 0, "tot_waypoints": 9}}
{"target": -1203.0219284297195, "params": {"k_pid_pos": [0.0017493567429482937, 0.629737138748169, 0.9561848640441895], "k_pid_alt": [1.788075566291809, 0.9976919889450073, 0.01754283905029297], "k_pid_att": [99.99995422363281, 0.4343956410884857, 0.960303544998169], "k_pid_yaw": [0.5, 1e-06, 0.1], "k_pid_hsp": [8.549094200134277, 0.7379128336906433, 0.009023100137710571], "k_pid_vsp": [176.23817443847656, 38.3225212097168, 1.6635189056396484]}, "datetime": {"datetime": "2025-08-21 10:18:27", "elapsed": 5624.328843832016, "delta": 24.924328565597534}, "costs": {"total_cost": 1203.0219284297195, "time_cost": 150, "final_distance_cost": 91.65871243914046, "oscillation_cost": 104.9405902867911, "completition_cost": 777.7777777777778, "overshoot_cost": 48.48878241054466, "power_cost": 16.115730017089845, "noise_cost": 14.0403354983758, "n_waypoints_completed": 2, "tot_waypoints": 9}}
{"target": -1493.2193706463506, "params": {"k_pid_pos": [9.999999747378752e-05, 0.9780564904212952, 0.41559720039367676], "k_pid_alt": [1.5530670881271362, 2.9802322387695312e-08, 0.15154314041137695], "k_pid_att": [100.0, 0.161891907453537, 0.9775545001029968], "k_pid_yaw": [0.5, 1e-06, 0.1], "k_pid_hsp": [9.416954040527344, 0.9817805290222168, 0.017191171646118164], "k_pid_vsp": [44.28451156616211, 109.71312713623047, 123.08882141113281]}, "datetime": {"datetime": "2025-08-21 10:18:57", "elapsed": 5653.547060251236, "delta": 29.21821641921997}, "costs": {"total_cost": 1493.2193706463506, "time_cost": 150, "final_distance_cost": 8.189575811192762, "oscillation_cost": 115.84235520539433, "completition_cost": 1000.0, "overshoot_cost": 133.55225500183485, "power_cost": 25.544479541015626, "noise_cost": 60.09070508691314, "n_waypoints_completed": 0, "tot_waypoints": 9}}
