{"target": -725.7240452526962, "params": {"k_pid_pos": [1.9999982118606567, 0.9935497045516968, 0.9999481439590454], "k_pid_alt": [1.9873383045196533, 1.0, 0.017259836196899414], "k_pid_att": [100.0, 0.14908568561077118, 0.9612129926681519], "k_pid_yaw": [0.5, 1e-06, 0.1], "k_pid_hsp": [9.849418640136719, 0.9932270646095276, 0.015495330095291138], "k_pid_vsp": [8.393991470336914, 399.2256774902344, 140.73544311523438]}, "datetime": {"datetime": "2025-08-21 17:05:21", "elapsed": 30038.042023420334, "delta": 23.75960397720337}, "costs": {"total_cost": 725.7240452526962, "time_cost": 150, "final_distance_cost": 67.56585681811436, "oscillation_cost": 190.00989714942895, "completition_cost": 222.2222222222222, "overshoot_cost": 55.201560901297036, "power_cost": 22.678344555664065, "noise_cost": 18.04616360596969, "n_waypoints_completed": 7, "tot_waypoints": 9}}
{"target": -809.1616720235701, "params": {"k_pid_pos": [2.0, 0.897851824760437, 0.2224915623664856], "k_pid_alt": [1.9139260053634644, 1.0, 0.0320645272731781], "k_pid_att": [100.0, 0.12916183471679688, 0.9811688661575317], "k_pid_yaw": [0.5, 1e-06, 0.1], "k_pid_hsp": [9.945280075073242, 0.9489325284957886, 0.005229204893112183], "k_pid_vsp": [20.994449615478516, 394.60235595703125, 2.947140693664551]}, "datetime": {"datetime": "2025-08-21 17:05:46", "elapsed": 30063.319018363953, "delta": 25.276994943618774}, "costs": {"total_cost": 809.1616720235701, "time_cost": 150, "final_distance_cost": 48.273077808980396, "oscillation_cost": 67.81407433047461, "completition_cost": 444.4444444444444, "overshoot_cost": 56.8065939353547, "power_cost": 23.765720727539065, "noise_cost": 18.057760776777, "n_waypoints_completed": 5, "tot_waypoints": 9}}
{"target": -1356.9173654964256, "params": {"k_pid_pos": [0.12436029314994812, 0.9739644527435303, 0.9877284169197083], "k_pid_alt": [1.9940646886825562, 1.0, 0.01195603609085083], "k_pid_att": [100.0, 0.09277743846178055, 0.9936405420303345], "k_pid_yaw": [0.5, 1e-06, 0.1], "k_pid_hsp": [9.816699028015137, 0.9605439901351929, 0.016958236694335938], "k_pid_vsp": [2.3590445518493652, 397.1883239746094, 0.5505929589271545]}, "datetime": {"datetime": "2025-08-21 17:06:11", "elapsed": 30087.571739673615, "delta": 24.252721309661865}, "costs": {"total_cost": 1356.9173654964256, "time_cost": 150, "final_distance_cost": 74.68941733245848, "oscillation_cost": 161.53831484785275, "completition_cost": 888.8888888888888, "overshoot_cost": 41.73164647873263, "power_cost": 23.735972277832033, "noise_cost": 16.333125670661133, "n_waypoints_completed": 1, "tot_waypoints": 9}}
{"target": -1191.7905685503745, "params": {"k_pid_pos": [2.0, 0.9895432591438293, 0.18524354696273804], "k_pid_alt": [1.9799284934997559, 1.0, 0.0033604204654693604], "k_pid_att": [100.0, 0.13801363110542297, 0.9917157292366028], "k_pid_yaw": [0.5, 1e-06, 0.1], "k_pid_hsp": [9.552607536315918, 0.9942984580993652, 0.028186529874801636], "k_pid_vsp": [1.7482399940490723, 396.12115478515625, 12.234354972839355]}, "datetime": {"datetime": "2025-08-21 17:06:33", "elapsed": 30110.203761816025, "delta": 22.63202214241028}, "costs": {"total_cost": 1191.7905685503745, "time_cost": 150, "final_distance_cost": 88.61205382281393, "oscillation_cost": 89.8527234540809, "completition_cost": 777.7777777777778, "overshoot_cost": 47.72606697436475, "power_cost": 22.471066259765625, "noise_cost": 15.350880261571263, "n_waypoints_completed": 2, "tot_waypoints": 9}}
{"target": -1051.2524824131121, "params": {"k_pid_pos": [2.0, 0.9915241003036499, 0.0], "k_pid_alt": [1.9783978462219238, 1.0, 0.0042969584465026855], "k_pid_att": [100.0, 0.14640887081623077, 0.9698526859283447], "k_pid_yaw": [0.5, 1e-06, 0.1], "k_pid_hsp": [9.59775161743164, 0.9872691631317139, 0.025068014860153198], "k_pid_vsp": [1.3555169105529785, 395.1312561035156, 19.019392013549805]}, "datetime": {"datetime": "2025-08-21 17:06:57", "elapsed": 30134.130682468414, "delta": 23.926920652389526}, "costs": {"total_cost": 1051.2524824131121, "time_cost": 150, "final_distance_cost": 63.56754290885679, "oscillation_cost": 89.25742194459515, "completition_cost": 666.6666666666667, "overshoot_cost": 44.78454432813816, "power_cost": 21.956966052246095, "noise_cost": 15.01934051260931, "n_waypoints_completed": 3, "tot_waypoints": 9}}
{"target": -834.5085544176422, "params": {"k_pid_pos": [2.0, 0.9380795955657959, 0.3133561611175537], "k_pid_alt": [1.871358871459961, 1.0, 0.020557701587677002], "k_pid_att": [100.0, 0.5160850882530212, 0.85844886302948], "k_pid_yaw": [0.5, 1e-06, 0.1], "k_pid_hsp": [9.893937110900879, 0.9899519681930542, 0.007685035467147827], "k_pid_vsp": [12.901830673217773, 399.3648986816406, 6.753850936889648]}, "datetime": {"datetime": "2025-08-21 17:07:21", "elapsed": 30157.896028757095, "delta": 23.76534628868103}, "costs": {"total_cost": 834.5085544176422, "time_cost": 150, "final_distance_cost": 56.19370164770204, "oscillation_cost": 96.27934821429619, "completition_cost": 444.4444444444444, "overshoot_cost": 56.65746645908646, "power_cost": 17.24785513916016, "noise_cost": 13.685738512953009, "n_waypoints_completed": 5, "tot_waypoints": 9}}
{"target": -605.8452481671991, "params": {"k_pid_pos": [2.0, 0.9785335063934326, 0.0], "k_pid_alt": [1.987226963043213, 0.9999998807907104, 0.005465865135192871], "k_pid_att": [100.0, 0.5820119380950928, 0.9651039838790894], "k_pid_yaw": [0.5, 1e-06, 0.1], "k_pid_hsp": [9.907740592956543, 0.9901202917098999, 0.007066786289215088], "k_pid_vsp": [74.1464614868164, 398.0615539550781, 14.846480369567871]}, "datetime": {"datetime": "2025-08-21 17:07:44", "elapsed": 30181.378285884857, "delta": 23.48225712776184}, "costs": {"total_cost": 605.8452481671991, "time_cost": 150, "final_distance_cost": 70.6691527905244, "oscillation_cost": 74.54919588975606, "completition_cost": 222.2222222222222, "overshoot_cost": 58.42589257366568, "power_cost": 16.5383072265625, "noise_cost": 13.440477464468204, "n_waypoints_completed": 7, "tot_waypoints": 9}}
{"target": -1082.8921273371393, "params": {"k_pid_pos": [2.0, 0.9800718426704407, 0.04379934072494507], "k_pid_alt": [1.9629793167114258, 1.0, 0.005610466003417969], "k_pid_att": [99.9637451171875, 0.48889192938804626, 0.9591024518013], "k_pid_yaw": [0.5, 1e-06, 0.1], "k_pid_hsp": [9.83017635345459, 0.9267280101776123, 0.05266055464744568], "k_pid_vsp": [1.9802570343017578, 367.28448486328125, 70.59698486328125]}, "datetime": {"datetime": "2025-08-21 17:08:08", "elapsed": 30204.97948527336, "delta": 23.60119938850403}, "costs": {"total_cost": 1082.8921273371393, "time_cost": 150, "final_distance_cost": 77.15336653384936, "oscillation_cost": 108.5678606356133, "completition_cost": 666.6666666666667, "overshoot_cost": 46.187525978431495, "power_cost": 19.654948754882813, "noise_cost": 14.661758767695513, "n_waypoints_completed": 3, "tot_waypoints": 9}}
{"target": -566.8830810657265, "params": {"k_pid_pos": [2.0, 0.9919081926345825, 0.9995628595352173], "k_pid_alt": [1.996326208114624, 1.0, 0.012049674987792969], "k_pid_att": [100.0, 0.08402607589960098, 0.9919392466545105], "k_pid_yaw": [0.5, 1e-06, 0.1], "k_pid_hsp": [9.962813377380371, 0.9538593292236328, 0.06890153884887695], "k_pid_vsp": [7.758843898773193, 398.10589599609375, 10.75097370147705]}, "datetime": {"datetime": "2025-08-21 17:08:32", "elapsed": 30228.579215765, "delta": 23.599730491638184}, "costs": {"total_cost": 566.8830810657265, "time_cost": 150, "final_distance_cost": 46.322586802091955, "oscillation_cost": 160.95335952774124, "completition_cost": 111.11111111111116, "overshoot_cost": 59.12487712462693, "power_cost": 22.590918701171876, "noise_cost": 16.780227798983365, "n_waypoints_completed": 8, "tot_waypoints": 9}}
{"target": -714.6033875016509, "params": {"k_pid_pos": [2.0, 0.9905940294265747, 0.999996542930603], "k_pid_alt": [1.9845051765441895, 1.0, 0.03201863169670105], "k_pid_att": [100.0, 0.0731152594089508, 0.9956855773925781], "k_pid_yaw": [0.5, 1e-06, 0.1], "k_pid_hsp": [9.887470245361328, 0.8996986150741577, 0.016719281673431396], "k_pid_vsp": [1.4708876609802246, 396.5507507324219, 1.5531072616577148]}, "datetime": {"datetime": "2025-08-21 17:08:55", "elapsed": 30251.516408920288, "delta": 22.937193155288696}, "costs": {"total_cost": 714.6033875016509, "time_cost": 150, "final_distance_cost": 65.6517425505618, "oscillation_cost": 186.3326416484509, "completition_cost": 222.2222222222222, "overshoot_cost": 51.740368272095374, "power_cost": 21.963388012695315, "noise_cost": 16.693024795625366, "n_waypoints_completed": 7, "tot_waypoints": 9}}
{"target": -1205.8344488553378, "params": {"k_pid_pos": [2.0, 0.9975194334983826, 1.1920928955078125e-07], "k_pid_alt": [1.9448667764663696, 1.0, 0.02530655264854431], "k_pid_att": [100.0, 0.24545738101005554, 0.9187284708023071], "k_pid_yaw": [0.5, 1e-06, 0.1], "k_pid_hsp": [9.554662704467773, 0.9940755367279053, 0.025433361530303955], "k_pid_vsp": [12.388348579406738, 379.292236328125, 4.4012675285339355]}, "datetime": {"datetime": "2025-08-21 17:09:18", "elapsed": 30275.053857564926, "delta": 23.53744864463806}, "costs": {"total_cost": 1205.8344488553378, "time_cost": 150, "final_distance_cost": 94.78627766442924, "oscillation_cost": 96.39482484239541, "completition_cost": 777.7777777777778, "overshoot_cost": 49.533055834188715, "power_cost": 22.01642840576172, "noise_cost": 15.326084330785118, "n_waypoints_completed": 2, "tot_waypoints": 9}}
{"target": -806.1038973422803, "params": {"k_pid_pos": [2.0, 0.965969979763031, 0.9956849813461304], "k_pid_alt": [1.9722552299499512, 1.0, 0.028713852167129517], "k_pid_att": [100.0, 0.2290927916765213, 0.9944603443145752], "k_pid_yaw": [0.5, 1e-06, 0.1], "k_pid_hsp": [9.865971565246582, 0.9943763613700867, 0.002240002155303955], "k_pid_vsp": [8.831155776977539, 384.2085266113281, 2.618480682373047]}, "datetime": {"datetime": "2025-08-21 17:09:43", "elapsed": 30300.060692310333, "delta": 25.006834745407104}, "costs": {"total_cost": 806.1038973422803, "time_cost": 150, "final_distance_cost": 73.25689830783892, "oscillation_cost": 164.8211691903097, "completition_cost": 333.33333333333337, "overshoot_cost": 51.499268869248915, "power_cost": 18.90068182373047, "noise_cost": 14.292545817819029, "n_waypoints_completed": 6, "tot_waypoints": 9}}
{"target": -1360.8516224076614, "params": {"k_pid_pos": [2.0, 0.961158275604248, 0.0], "k_pid_alt": [1.9777499437332153, 0.9998196363449097, 0.011944413185119629], "k_pid_att": [100.0, 0.052454110234975815, 0.9832209348678589], "k_pid_yaw": [0.5, 1e-06, 0.1], "k_pid_hsp": [9.901335716247559, 0.9793943762779236, 0.01598644256591797], "k_pid_vsp": [8.110570907592773, 374.28656005859375, 8.24996280670166]}, "datetime": {"datetime": "2025-08-21 17:10:07", "elapsed": 30324.29484295845, "delta": 24.234150648117065}, "costs": {"total_cost": 1360.8516224076614, "time_cost": 150, "final_distance_cost": 43.295582149021584, "oscillation_cost": 74.87803215174894, "completition_cost": 1000.0, "overshoot_cost": 48.724666866978694, "power_cost": 24.99563503417969, "noise_cost": 18.957706205732475, "n_waypoints_completed": 0, "tot_waypoints": 9}}
{"target": -575.5552919687009, "params": {"k_pid_pos": [2.0, 0.9742119312286377, 0.9941383600234985], "k_pid_alt": [1.9899011850357056, 1.0, 0.020160138607025146], "k_pid_att": [100.0, 0.478548526763916, 0.9959445595741272], "k_pid_yaw": [0.5, 1e-06, 0.1], "k_pid_hsp": [9.807662963867188, 0.9000518918037415, 0.04401266574859619], "k_pid_vsp": [5.561399459838867, 388.4463195800781, 5.9439191818237305]}, "datetime": {"datetime": "2025-08-21 17:10:32", "elapsed": 30348.717155456543, "delta": 24.42231249809265}, "costs": {"total_cost": 575.5552919687009, "time_cost": 150, "final_distance_cost": 42.60995770156832, "oscillation_cost": 163.94873562408338, "completition_cost": 111.11111111111116, "overshoot_cost": 72.879131151297, "power_cost": 20.368403173828128, "noise_cost": 14.6379532068129, "n_waypoints_completed": 8, "tot_waypoints": 9}}
{"target": -683.7368684765355, "params": {"k_pid_pos": [2.0, 0.9840375185012817, 0.9999992847442627], "k_pid_alt": [1.990084171295166, 1.0, 0.009871602058410645], "k_pid_att": [100.0, 1.3358917236328125, 0.9638029336929321], "k_pid_yaw": [0.5, 1e-06, 0.1], "k_pid_hsp": [9.92707347869873, 0.9604412913322449, 0.05133163928985596], "k_pid_vsp": [15.443218231201172, 392.3357849121094, 21.71529769897461]}, "datetime": {"datetime": "2025-08-21 17:10:55", "elapsed": 30371.788670778275, "delta": 23.071515321731567}, "costs": {"total_cost": 683.7368684765355, "time_cost": 150, "final_distance_cost": 66.15792519975234, "oscillation_cost": 149.09987523052294, "completition_cost": 222.2222222222222, "overshoot_cost": 50.9242161825309, "power_cost": 25.629842004394533, "noise_cost": 19.702787637112568, "n_waypoints_completed": 7, "tot_waypoints": 9}}
{"target": -809.9627517426096, "params": {"k_pid_pos": [2.0, 0.9941258430480957, 0.9986170530319214], "k_pid_alt": [1.9231915473937988, 1.0, 0.05361655354499817], "k_pid_att": [100.0, 0.20092511177062988, 0.9775684475898743], "k_pid_yaw": [0.5, 1e-06, 0.1], "k_pid_hsp": [9.956573486328125, 0.9919435977935791, 0.049268484115600586], "k_pid_vsp": [4.9929022789001465, 396.21978759765625, 4.173089027404785]}, "datetime": {"datetime": "2025-08-21 17:11:18", "elapsed": 30394.770512342453, "delta": 22.981841564178467}, "costs": {"total_cost": 809.9627517426096, "time_cost": 150, "final_distance_cost": 70.61982306845638, "oscillation_cost": 160.41859471417266, "completition_cost": 333.33333333333337, "overshoot_cost": 52.13314593602668, "power_cost": 24.907639990234376, "noise_cost": 18.550214700386007, "n_waypoints_completed": 6, "tot_waypoints": 9}}
{"target": -1276.6019983610558, "params": {"k_pid_pos": [2.0, 0.9969800114631653, 0.002407461404800415], "k_pid_alt": [1.7836451530456543, 1.0, 0.035306841135025024], "k_pid_att": [100.0, 0.04678189381957054, 0.9795575141906738], "k_pid_yaw": [0.5, 1e-06, 0.1], "k_pid_hsp": [9.918473243713379, 0.9810511469841003, 0.03948855400085449], "k_pid_vsp": [15.647602081298828, 386.86383056640625, 13.579024314880371]}, "datetime": {"datetime": "2025-08-21 17:11:42", "elapsed": 30418.718236207962, "delta": 23.947723865509033}, "costs": {"total_cost": 1276.6019983610558, "time_cost": 150, "final_distance_cost": 74.44056970861098, "oscillation_cost": 83.83982919750154, "completition_cost": 888.8888888888888, "overshoot_cost": 39.26190612258187, "power_cost": 23.774608251953126, "noise_cost": 16.39619619151947, "n_waypoints_completed": 1, "tot_waypoints": 9}}
{"target": -1291.526007242066, "params": {"k_pid_pos": [2.0, 0.9883807897567749, 1.1920928955078125e-07], "k_pid_alt": [1.9753092527389526, 1.0, 0.008866459131240845], "k_pid_att": [100.0, 0.6135621666908264, 0.9820157885551453], "k_pid_yaw": [0.5, 1e-06, 0.1], "k_pid_hsp": [9.877873420715332, 0.9485187530517578, 0.011939465999603271], "k_pid_vsp": [6.871938705444336, 393.89227294921875, 18.933727264404297]}, "datetime": {"datetime": "2025-08-21 17:12:07", "elapsed": 30443.76631641388, "delta": 25.04808020591736}, "costs": {"total_cost": 1291.526007242066, "time_cost": 150, "final_distance_cost": 83.65556818439782, "oscillation_cost": 90.2319557360594, "completition_cost": 888.8888888888888, "overshoot_cost": 45.74995775246114, "power_cost": 19.345309533691406, "noise_cost": 13.654327146567455, "n_waypoints_completed": 1, "tot_waypoints": 9}}
{"target": -1090.252719949337, "params": {"k_pid_pos": [2.0, 0.8566614985466003, 0.996390700340271], "k_pid_alt": [1.8597880601882935, 1.0, 0.003927260637283325], "k_pid_att": [100.0, 0.2497798651456833, 0.9795527458190918], "k_pid_yaw": [0.5, 1e-06, 0.1], "k_pid_hsp": [9.857316970825195, 0.9957624673843384, 0.00456392765045166], "k_pid_vsp": [6.6216349601745605, 380.5433349609375, 3.8698205947875977]}, "datetime": {"datetime": "2025-08-21 17:12:31", "elapsed": 30467.675748586655, "delta": 23.90943217277527}, "costs": {"total_cost": 1090.252719949337, "time_cost": 150, "final_distance_cost": 51.906412086771354, "oscillation_cost": 132.77549173087888, "completition_cost": 666.6666666666667, "overshoot_cost": 50.233373690037865, "power_cost": 21.59732214355469, "noise_cost": 17.073453631427544, "n_waypoints_completed": 3, "tot_waypoints": 9}}
{"target": -782.8735421821061, "params": {"k_pid_pos": [1.999999761581421, 0.9990006685256958, 0.9901954531669617], "k_pid_alt": [1.8703207969665527, 1.0, 0.013287633657455444], "k_pid_att": [99.9999771118164, 0.3615100383758545, 0.9947236180305481], "k_pid_yaw": [0.5, 1e-06, 0.1], "k_pid_hsp": [9.943839073181152, 0.978998064994812, 0.03191933035850525], "k_pid_vsp": [27.286195755004883, 394.83441162109375, 26.912118911743164]}, "datetime": {"datetime": "2025-08-21 17:12:55", "elapsed": 30491.48105072975, "delta": 23.805302143096924}, "costs": {"total_cost": 782.8735421821061, "time_cost": 150, "final_distance_cost": 69.61228497147395, "oscillation_cost": 145.87939411594488, "completition_cost": 333.33333333333337, "overshoot_cost": 53.41152602098966, "power_cost": 17.426588537597656, "noise_cost": 13.210415202766455, "n_waypoints_completed": 6, "tot_waypoints": 9}}
{"target": -599.9948550385731, "params": {"k_pid_pos": [1.9999985694885254, 0.9932976961135864, 1.0], "k_pid_alt": [1.9339039325714111, 1.0, 0.044907450675964355], "k_pid_att": [99.9990005493164, 0.08735079318284988, 0.9027268886566162], "k_pid_yaw": [0.5, 1e-06, 0.1], "k_pid_hsp": [9.485618591308594, 0.9650522470474243, 0.03509056568145752], "k_pid_vsp": [1.5969157218933105, 398.5282287597656, 6.678319931030273]}, "datetime": {"datetime": "2025-08-21 17:13:18", "elapsed": 30514.796611070633, "delta": 23.315560340881348}, "costs": {"total_cost": 599.9948550385731, "time_cost": 150, "final_distance_cost": 55.94445179782684, "oscillation_cost": 184.94854324635028, "completition_cost": 111.11111111111116, "overshoot_cost": 59.84648356284236, "power_cost": 21.633871057128907, "noise_cost": 16.510394263313568, "n_waypoints_completed": 8, "tot_waypoints": 9}}
{"target": -1195.3093751553297, "params": {"k_pid_pos": [2.0, 0.9794600009918213, 5.054473876953125e-05], "k_pid_alt": [1.971009373664856, 1.0, 0.006595492362976074], "k_pid_att": [99.99996185302734, 0.06771572679281235, 0.9824796915054321], "k_pid_yaw": [0.5, 1e-06, 0.1], "k_pid_hsp": [9.85476303100586, 0.9997601509094238, 0.03932192921638489], "k_pid_vsp": [17.455434799194336, 390.975341796875, 9.173751831054688]}, "datetime": {"datetime": "2025-08-21 17:13:43", "elapsed": 30539.928026676178, "delta": 25.131415605545044}, "costs": {"total_cost": 1195.3093751553297, "time_cost": 150, "final_distance_cost": 88.30897993243269, "oscillation_cost": 101.09509494637797, "completition_cost": 777.7777777777778, "overshoot_cost": 41.62249403848994, "power_cost": 21.335721252441406, "noise_cost": 15.169307207809782, "n_waypoints_completed": 2, "tot_waypoints": 9}}
{"target": -744.9559812659521, "params": {"k_pid_pos": [2.0, 0.9003725647926331, 0.0], "k_pid_alt": [1.9640288352966309, 1.0, 0.007310807704925537], "k_pid_att": [100.0, 0.17114722728729248, 0.9921191930770874], "k_pid_yaw": [0.5, 1e-06, 0.1], "k_pid_hsp": [9.413358688354492, 0.9415398836135864, 0.014904916286468506], "k_pid_vsp": [2.993953227996826, 394.9951171875, 7.012439727783203]}, "datetime": {"datetime": "2025-08-21 17:14:07", "elapsed": 30563.827876091003, "delta": 23.89984941482544}, "costs": {"total_cost": 744.9559812659521, "time_cost": 150, "final_distance_cost": 65.89112189772634, "oscillation_cost": 97.3843979501863, "completition_cost": 333.33333333333337, "overshoot_cost": 54.830966948254, "power_cost": 25.11099597167969, "noise_cost": 18.405165164772328, "n_waypoints_completed": 6, "tot_waypoints": 9}}
{"target": -914.2503519517783, "params": {"k_pid_pos": [2.0, 0.9732522964477539, 1.0], "k_pid_alt": [1.970848560333252, 1.0, 0.01284092664718628], "k_pid_att": [100.0, 0.2611496150493622, 0.9646551609039307], "k_pid_yaw": [0.5, 1e-06, 0.1], "k_pid_hsp": [9.9821195602417, 0.9823790788650513, 0.1235933005809784], "k_pid_vsp": [9.704219818115234, 394.88958740234375, 41.05231857299805]}, "datetime": {"datetime": "2025-08-21 17:14:32", "elapsed": 30588.628168344498, "delta": 24.800292253494263}, "costs": {"total_cost": 914.2503519517783, "time_cost": 150, "final_distance_cost": 39.52839669216898, "oscillation_cost": 188.82795642733365, "completition_cost": 444.4444444444444, "overshoot_cost": 56.12857569771746, "power_cost": 20.05777509765625, "noise_cost": 15.263203592457485, "n_waypoints_completed": 5, "tot_waypoints": 9}}
{"target": -819.81303383188, "params": {"k_pid_pos": [2.0, 0.9899117946624756, 1.0], "k_pid_alt": [1.9637725353240967, 1.0, 0.011620581150054932], "k_pid_att": [100.0, 0.2078254669904709, 0.9580255746841431], "k_pid_yaw": [0.5, 1e-06, 0.1], "k_pid_hsp": [9.26565170288086, 0.9828166961669922, 0.017774492502212524], "k_pid_vsp": [12.932598114013672, 385.5152893066406, 3.917635440826416]}, "datetime": {"datetime": "2025-08-21 17:14:56", "elapsed": 30613.00630044937, "delta": 24.378132104873657}, "costs": {"total_cost": 819.81303383188, "time_cost": 150, "final_distance_cost": 69.95677681165412, "oscillation_cost": 181.29803203258595, "completition_cost": 333.33333333333337, "overshoot_cost": 51.25358568504279, "power_cost": 19.12945222167969, "noise_cost": 14.841853747584116, "n_waypoints_completed": 6, "tot_waypoints": 9}}
