{"target": -676.8131498235324, "params": {"k_pid_pos": [2.0, 0.9973121881484985, 0.999993622303009], "k_pid_alt": [1.9929497241973877, 1.0, 0.06265196204185486], "k_pid_att": [100.0, 0.023065142333507538, 0.9840520024299622], "k_pid_yaw": [0.5, 1e-06, 0.1], "k_pid_hsp": [9.96377944946289, 0.9781044721603394, 0.006318718194961548], "k_pid_vsp": [2.948915958404541, 396.5806884765625, 8.717657089233398]}, "datetime": {"datetime": "2025-08-21 21:29:06", "elapsed": 45863.25516462326, "delta": 22.960729360580444}, "costs": {"total_cost": 676.8131498235324, "time_cost": 150, "final_distance_cost": 73.57778569037167, "oscillation_cost": 142.31030298309753, "completition_cost": 222.2222222222222, "overshoot_cost": 51.85836134107196, "power_cost": 20.985608898925783, "noise_cost": 15.858868687843296, "n_waypoints_completed": 7, "tot_waypoints": 9}}
{"target": -828.3070367694241, "params": {"k_pid_pos": [2.0, 0.9966959953308105, 1.0], "k_pid_alt": [1.9918644428253174, 1.0, 0.008284449577331543], "k_pid_att": [100.0, 0.06050483137369156, 0.9948793649673462], "k_pid_yaw": [0.5, 1e-06, 0.1], "k_pid_hsp": [9.790489196777344, 0.9596357345581055, 0.05902588367462158], "k_pid_vsp": [10.35914421081543, 398.0546875, 13.599921226501465]}, "datetime": {"datetime": "2025-08-21 21:29:32", "elapsed": 45888.73316383362, "delta": 25.477999210357666}, "costs": {"total_cost": 828.3070367694241, "time_cost": 150, "final_distance_cost": 78.65991879661736, "oscillation_cost": 176.2109520954993, "completition_cost": 333.33333333333337, "overshoot_cost": 52.63242716203285, "power_cost": 21.173407141113284, "noise_cost": 16.296998240827964, "n_waypoints_completed": 6, "tot_waypoints": 9}}
{"target": -835.4735483080818, "params": {"k_pid_pos": [2.0, 0.9922484159469604, 0.9999676942825317], "k_pid_alt": [1.9868676662445068, 1.0, 0.0050694942474365234], "k_pid_att": [100.0, 0.09287191182374954, 0.9239648580551147], "k_pid_yaw": [0.5, 1e-06, 0.1], "k_pid_hsp": [9.900810241699219, 0.9940333366394043, 0.008461743593215942], "k_pid_vsp": [6.447958946228027, 396.1241149902344, 9.257019996643066]}, "datetime": {"datetime": "2025-08-21 21:29:55", "elapsed": 45912.38262248039, "delta": 23.649458646774292}, "costs": {"total_cost": 835.4735483080818, "time_cost": 150, "final_distance_cost": 69.26547181569836, "oscillation_cost": 193.69024002669377, "completition_cost": 333.33333333333337, "overshoot_cost": 52.58521038847201, "power_cost": 20.22595897216797, "noise_cost": 16.3733337717164, "n_waypoints_completed": 6, "tot_waypoints": 9}}
{"target": -693.948166561217, "params": {"k_pid_pos": [2.0, 0.9651342034339905, 1.0], "k_pid_alt": [1.9397339820861816, 1.0, 0.00446590781211853], "k_pid_att": [100.0, 0.296449214220047, 0.9963852167129517], "k_pid_yaw": [0.5, 1e-06, 0.1], "k_pid_hsp": [9.742908477783203, 0.9744470119476318, 0.010175347328186035], "k_pid_vsp": [16.64876937866211, 397.1138000488281, 1.0097155570983887]}, "datetime": {"datetime": "2025-08-21 21:30:21", "elapsed": 45937.60553526878, "delta": 25.222912788391113}, "costs": {"total_cost": 693.948166561217, "time_cost": 150, "final_distance_cost": 71.13514817383826, "oscillation_cost": 157.89641297930268, "completition_cost": 222.2222222222222, "overshoot_cost": 50.78970077895138, "power_cost": 23.761205700683593, "noise_cost": 18.143476706218962, "n_waypoints_completed": 7, "tot_waypoints": 9}}
{"target": -704.4560224221538, "params": {"k_pid_pos": [2.0, 0.9909791946411133, 1.0], "k_pid_alt": [1.9676814079284668, 1.0, 0.02676522731781006], "k_pid_att": [100.0, 0.6379265189170837, 0.9922053217887878], "k_pid_yaw": [0.5, 1e-06, 0.1], "k_pid_hsp": [9.930551528930664, 0.9963991641998291, 0.012007564306259155], "k_pid_vsp": [2.2707462310791016, 395.32672119140625, 12.434674263000488]}, "datetime": {"datetime": "2025-08-21 21:30:45", "elapsed": 45961.59054136276, "delta": 23.985006093978882}, "costs": {"total_cost": 704.4560224221538, "time_cost": 150, "final_distance_cost": 69.64445650545669, "oscillation_cost": 174.63722370431856, "completition_cost": 222.2222222222222, "overshoot_cost": 51.751132017884665, "power_cost": 20.581967736816406, "noise_cost": 15.619020235455343, "n_waypoints_completed": 7, "tot_waypoints": 9}}
{"target": -716.2453591055908, "params": {"k_pid_pos": [1.999955654144287, 0.9587569236755371, 0.9999998807907104], "k_pid_alt": [1.976871132850647, 1.0, 0.06766405701637268], "k_pid_att": [99.99718475341797, 0.1275656372308731, 0.9895226955413818], "k_pid_yaw": [0.5, 1e-06, 0.1], "k_pid_hsp": [9.79761791229248, 0.994143545627594, 0.006986379623413086], "k_pid_vsp": [2.878403663635254, 395.2335510253906, 4.719162940979004]}, "datetime": {"datetime": "2025-08-21 21:31:09", "elapsed": 45985.935549497604, "delta": 24.34500813484192}, "costs": {"total_cost": 716.2453591055908, "time_cost": 150, "final_distance_cost": 62.472311579641115, "oscillation_cost": 190.9649011048491, "completition_cost": 222.2222222222222, "overshoot_cost": 57.73231874987627, "power_cost": 18.84590614013672, "noise_cost": 14.007699308865277, "n_waypoints_completed": 7, "tot_waypoints": 9}}
{"target": -700.6022208487366, "params": {"k_pid_pos": [2.0, 0.992526650428772, 1.0], "k_pid_alt": [1.9766807556152344, 1.0, 0.009762108325958252], "k_pid_att": [100.0, 0.07217470556497574, 0.9967727661132812], "k_pid_yaw": [0.5, 1e-06, 0.1], "k_pid_hsp": [9.967636108398438, 0.9781272411346436, 0.023767054080963135], "k_pid_vsp": [6.341111660003662, 394.041259765625, 1.1643180847167969]}, "datetime": {"datetime": "2025-08-21 21:31:33", "elapsed": 46010.40113210678, "delta": 24.465582609176636}, "costs": {"total_cost": 700.6022208487366, "time_cost": 150, "final_distance_cost": 65.56768870654541, "oscillation_cost": 172.06139962135956, "completition_cost": 222.2222222222222, "overshoot_cost": 53.865129240235966, "power_cost": 20.85807537841797, "noise_cost": 16.027705679955375, "n_waypoints_completed": 7, "tot_waypoints": 9}}
{"target": -740.6967296952326, "params": {"k_pid_pos": [2.0, 0.9268312454223633, 1.0], "k_pid_alt": [1.9434013366699219, 1.0, 0.024986624717712402], "k_pid_att": [100.0, 0.03394973650574684, 0.9844964742660522], "k_pid_yaw": [0.5, 1e-06, 0.1], "k_pid_hsp": [9.988153457641602, 0.9887158870697021, 0.005990833044052124], "k_pid_vsp": [7.526564598083496, 397.9181213378906, 1.5992531776428223]}, "datetime": {"datetime": "2025-08-21 21:31:57", "elapsed": 46033.97072458267, "delta": 23.569592475891113}, "costs": {"total_cost": 740.6967296952326, "time_cost": 150, "final_distance_cost": 78.05208338356559, "oscillation_cost": 196.66186793629726, "completition_cost": 222.2222222222222, "overshoot_cost": 60.12688972296541, "power_cost": 19.520714697265625, "noise_cost": 14.112951732916647, "n_waypoints_completed": 7, "tot_waypoints": 9}}
{"target": -715.8599357589915, "params": {"k_pid_pos": [2.0, 0.9835754632949829, 1.0], "k_pid_alt": [1.9272496700286865, 1.0, 0.04717859625816345], "k_pid_att": [100.0, 0.48152902722358704, 0.9982658624649048], "k_pid_yaw": [0.5, 1e-06, 0.1], "k_pid_hsp": [9.718886375427246, 0.9600876569747925, 0.011083662509918213], "k_pid_vsp": [5.811452865600586, 398.9785461425781, 12.176407814025879]}, "datetime": {"datetime": "2025-08-21 21:32:23", "elapsed": 46059.79113841057, "delta": 25.820413827896118}, "costs": {"total_cost": 715.8599357589915, "time_cost": 150, "final_distance_cost": 65.26956512325731, "oscillation_cost": 189.83111380157433, "completition_cost": 222.2222222222222, "overshoot_cost": 53.05704859940689, "power_cost": 20.031206481933594, "noise_cost": 15.44877953059708, "n_waypoints_completed": 7, "tot_waypoints": 9}}
{"target": -859.1222864008067, "params": {"k_pid_pos": [2.0, 0.9032093286514282, 1.0], "k_pid_alt": [1.9931995868682861, 1.0, 0.035558223724365234], "k_pid_att": [100.0, 0.061608996242284775, 0.9876177906990051], "k_pid_yaw": [0.5, 1e-06, 0.1], "k_pid_hsp": [9.888503074645996, 0.9928749203681946, 0.07271391153335571], "k_pid_vsp": [9.101116180419922, 393.8839111328125, 22.00812339782715]}, "datetime": {"datetime": "2025-08-21 21:32:46", "elapsed": 46082.99369645119, "delta": 23.202558040618896}, "costs": {"total_cost": 859.1222864008067, "time_cost": 150, "final_distance_cost": 69.55672195572558, "oscillation_cost": 217.47795642246973, "completition_cost": 333.33333333333337, "overshoot_cost": 52.652269506258584, "power_cost": 20.511263439941406, "noise_cost": 15.59074174307803, "n_waypoints_completed": 6, "tot_waypoints": 9}}
{"target": -822.8119124548101, "params": {"k_pid_pos": [2.0, 0.9919490218162537, 1.0], "k_pid_alt": [1.9914889335632324, 1.0, 0.024069368839263916], "k_pid_att": [100.0, 0.19006524980068207, 0.9853084683418274], "k_pid_yaw": [0.5, 1e-06, 0.1], "k_pid_hsp": [9.961973190307617, 0.9875984191894531, 0.09262844920158386], "k_pid_vsp": [4.973351955413818, 396.2928771972656, 17.94636344909668]}, "datetime": {"datetime": "2025-08-21 21:33:11", "elapsed": 46107.85218119621, "delta": 24.858484745025635}, "costs": {"total_cost": 822.8119124548101, "time_cost": 150, "final_distance_cost": 66.97061459661604, "oscillation_cost": 169.62870356015384, "completition_cost": 333.33333333333337, "overshoot_cost": 55.10036051842414, "power_cost": 27.52659635009766, "noise_cost": 20.252304096185057, "n_waypoints_completed": 6, "tot_waypoints": 9}}
{"target": -789.9258627070146, "params": {"k_pid_pos": [2.0, 0.9980690479278564, 0.9757499694824219], "k_pid_alt": [1.9642466306686401, 1.0, 0.0013369917869567871], "k_pid_att": [100.0, 0.09300632029771805, 0.995241105556488], "k_pid_yaw": [0.5, 1e-06, 0.1], "k_pid_hsp": [9.629846572875977, 0.9876047372817993, 0.004089653491973877], "k_pid_vsp": [4.49366569519043, 399.212646484375, 1.4304051399230957]}, "datetime": {"datetime": "2025-08-21 21:33:34", "elapsed": 46130.86804509163, "delta": 23.01586389541626}, "costs": {"total_cost": 789.9258627070146, "time_cost": 150, "final_distance_cost": 53.43857150153936, "oscillation_cost": 168.0708184404264, "completition_cost": 333.33333333333337, "overshoot_cost": 52.50847704533531, "power_cost": 18.215147607421876, "noise_cost": 14.359514778958356, "n_waypoints_completed": 6, "tot_waypoints": 9}}
{"target": -941.3338956345065, "params": {"k_pid_pos": [2.0, 0.9865446090698242, 1.0], "k_pid_alt": [1.9646823406219482, 1.0, 0.02735540270805359], "k_pid_att": [100.0, 0.11468461155891418, 0.9291069507598877], "k_pid_yaw": [0.5, 1e-06, 0.1], "k_pid_hsp": [9.880410194396973, 0.9780176877975464, 0.055955320596694946], "k_pid_vsp": [11.902046203613281, 398.4668884277344, 1.276505947113037]}, "datetime": {"datetime": "2025-08-21 21:33:58", "elapsed": 46155.33617925644, "delta": 24.46813416481018}, "costs": {"total_cost": 941.3338956345065, "time_cost": 150, "final_distance_cost": 52.18138435942681, "oscillation_cost": 202.21740841747751, "completition_cost": 444.4444444444444, "overshoot_cost": 60.15181956561205, "power_cost": 18.56680614013672, "noise_cost": 13.77203270740889, "n_waypoints_completed": 5, "tot_waypoints": 9}}
{"target": -888.683151785693, "params": {"k_pid_pos": [2.0, 0.9891798496246338, 1.0], "k_pid_alt": [1.9775776863098145, 1.0, 0.003951013088226318], "k_pid_att": [100.0, 0.06652931123971939, 0.9602900743484497], "k_pid_yaw": [0.5, 1e-06, 0.1], "k_pid_hsp": [9.880080223083496, 0.9321517944335938, 0.01427200436592102], "k_pid_vsp": [5.5619120597839355, 392.99639892578125, 2.314270496368408]}, "datetime": {"datetime": "2025-08-21 21:34:23", "elapsed": 46179.873121500015, "delta": 24.53694224357605}, "costs": {"total_cost": 888.683151785693, "time_cost": 150, "final_distance_cost": 54.885938686487634, "oscillation_cost": 150.7729439196837, "completition_cost": 444.4444444444444, "overshoot_cost": 52.83301230011001, "power_cost": 20.815489648437502, "noise_cost": 14.931322786529778, "n_waypoints_completed": 5, "tot_waypoints": 9}}
{"target": -687.155403942873, "params": {"k_pid_pos": [2.0, 0.9898272752761841, 0.9999963045120239], "k_pid_alt": [1.9903932809829712, 1.0, 0.009702026844024658], "k_pid_att": [100.0, 0.053245652467012405, 0.9759540557861328], "k_pid_yaw": [0.5, 1e-06, 0.1], "k_pid_hsp": [9.974186897277832, 0.9912683367729187, 0.0024344325065612793], "k_pid_vsp": [8.731555938720703, 397.6828918457031, 16.034414291381836]}, "datetime": {"datetime": "2025-08-21 21:34:47", "elapsed": 46203.878726005554, "delta": 24.00560450553894}, "costs": {"total_cost": 687.155403942873, "time_cost": 150, "final_distance_cost": 73.02443430763252, "oscillation_cost": 146.6448665727293, "completition_cost": 222.2222222222222, "overshoot_cost": 55.95532019675271, "power_cost": 22.69187900390625, "noise_cost": 16.616681639629974, "n_waypoints_completed": 7, "tot_waypoints": 9}}
{"target": -931.8580069679525, "params": {"k_pid_pos": [2.0, 0.9338513612747192, 0.028153330087661743], "k_pid_alt": [1.969303846359253, 0.9999997615814209, 0.018226146697998047], "k_pid_att": [100.0, 0.6132644414901733, 0.9831305146217346], "k_pid_yaw": [0.5, 1e-06, 0.1], "k_pid_hsp": [6.325783729553223, 0.9564478397369385, 0.015679776668548584], "k_pid_vsp": [2.395176887512207, 391.86749267578125, 1.639045238494873]}, "datetime": {"datetime": "2025-08-21 21:35:11", "elapsed": 46227.636292696, "delta": 23.757566690444946}, "costs": {"total_cost": 931.8580069679525, "time_cost": 150, "final_distance_cost": 50.193615461393506, "oscillation_cost": 86.15693912344442, "completition_cost": 555.5555555555555, "overshoot_cost": 53.2121278294743, "power_cost": 21.391433569335938, "noise_cost": 15.348335428748797, "n_waypoints_completed": 4, "tot_waypoints": 9}}
{"target": -814.1834097704415, "params": {"k_pid_pos": [2.0, 0.9699603319168091, 1.0], "k_pid_alt": [1.9785754680633545, 1.0, 0.010443419218063354], "k_pid_att": [100.0, 0.020705416798591614, 0.9776542782783508], "k_pid_yaw": [0.5, 1e-06, 0.1], "k_pid_hsp": [9.863638877868652, 0.9898943901062012, 0.08964449167251587], "k_pid_vsp": [16.312694549560547, 396.5167541503906, 3.070903778076172]}, "datetime": {"datetime": "2025-08-21 21:35:35", "elapsed": 46252.330318689346, "delta": 24.694025993347168}, "costs": {"total_cost": 814.1834097704415, "time_cost": 150, "final_distance_cost": 52.4285928925212, "oscillation_cost": 190.78613835606575, "completition_cost": 333.33333333333337, "overshoot_cost": 51.041279301230006, "power_cost": 21.510844873046874, "noise_cost": 15.08322101424428, "n_waypoints_completed": 6, "tot_waypoints": 9}}
{"target": -678.5301196192931, "params": {"k_pid_pos": [2.0, 0.9881545305252075, 1.0], "k_pid_alt": [1.9933842420578003, 1.0, 0.0035084187984466553], "k_pid_att": [100.0, 0.043340057134628296, 0.9475167393684387], "k_pid_yaw": [0.5, 1e-06, 0.1], "k_pid_hsp": [9.940201759338379, 0.9983885884284973, 0.0039358437061309814], "k_pid_vsp": [17.207992553710938, 396.66229248046875, 5.5546650886535645]}, "datetime": {"datetime": "2025-08-21 21:35:59", "elapsed": 46276.03705787659, "delta": 23.7067391872406}, "costs": {"total_cost": 678.5301196192931, "time_cost": 150, "final_distance_cost": 73.55011567169764, "oscillation_cost": 142.5835186189511, "completition_cost": 222.2222222222222, "overshoot_cost": 55.11276353063347, "power_cost": 19.76931934814453, "noise_cost": 15.292180227644112, "n_waypoints_completed": 7, "tot_waypoints": 9}}
{"target": -729.0590190717041, "params": {"k_pid_pos": [2.0, 0.994780421257019, 1.0], "k_pid_alt": [1.9927973747253418, 1.0, 0.016155004501342773], "k_pid_att": [100.0, 0.06615201383829117, 0.979106068611145], "k_pid_yaw": [0.5, 1e-06, 0.1], "k_pid_hsp": [9.98178768157959, 0.9963985681533813, 0.014837384223937988], "k_pid_vsp": [13.83725357055664, 390.6990051269531, 0.8512149453163147]}, "datetime": {"datetime": "2025-08-21 21:36:23", "elapsed": 46300.21225523949, "delta": 24.17519736289978}, "costs": {"total_cost": 729.0590190717041, "time_cost": 150, "final_distance_cost": 63.14745275557766, "oscillation_cost": 203.11785559881653, "completition_cost": 222.2222222222222, "overshoot_cost": 54.73445795351202, "power_cost": 20.985647534179687, "noise_cost": 14.851383007396173, "n_waypoints_completed": 7, "tot_waypoints": 9}}
{"target": -819.3714982123129, "params": {"k_pid_pos": [2.0, 0.9933159351348877, 1.0], "k_pid_alt": [1.7398303747177124, 1.0, 0.0036727190017700195], "k_pid_att": [100.0, 0.14688092470169067, 0.9888232946395874], "k_pid_yaw": [0.5, 1e-06, 0.1], "k_pid_hsp": [9.968640327453613, 0.9942038059234619, 0.002119988203048706], "k_pid_vsp": [7.054412364959717, 398.2721252441406, 3.4097084999084473]}, "datetime": {"datetime": "2025-08-21 21:36:48", "elapsed": 46324.85049057007, "delta": 24.638235330581665}, "costs": {"total_cost": 819.3714982123129, "time_cost": 150, "final_distance_cost": 70.22181856870517, "oscillation_cost": 178.74754919622677, "completition_cost": 333.33333333333337, "overshoot_cost": 55.4273597940519, "power_cost": 17.69061453857422, "noise_cost": 13.950822781421511, "n_waypoints_completed": 6, "tot_waypoints": 9}}
{"target": -913.0560977769807, "params": {"k_pid_pos": [2.0, 0.8391214609146118, 1.0], "k_pid_alt": [1.9537601470947266, 1.0, 0.0026557743549346924], "k_pid_att": [100.0, 0.05092735216021538, 0.9823224544525146], "k_pid_yaw": [0.5, 1e-06, 0.1], "k_pid_hsp": [9.889849662780762, 0.9807772040367126, 0.03065517544746399], "k_pid_vsp": [1.9582271575927734, 390.88189697265625, 1.4128694534301758]}, "datetime": {"datetime": "2025-08-21 21:37:11", "elapsed": 46348.35782623291, "delta": 23.507335662841797}, "costs": {"total_cost": 913.0560977769807, "time_cost": 150, "final_distance_cost": 53.84380697826521, "oscillation_cost": 174.4390900723455, "completition_cost": 444.4444444444444, "overshoot_cost": 50.291584009815224, "power_cost": 22.94310593261719, "noise_cost": 17.094066339493214, "n_waypoints_completed": 5, "tot_waypoints": 9}}
{"target": -814.5202394270264, "params": {"k_pid_pos": [2.0, 0.989723801612854, 1.0], "k_pid_alt": [1.983994960784912, 1.0, 0.010532677173614502], "k_pid_att": [100.0, 0.027375705540180206, 0.9591028690338135], "k_pid_yaw": [0.5, 1e-06, 0.1], "k_pid_hsp": [9.938196182250977, 0.9914904832839966, 0.003717750310897827], "k_pid_vsp": [4.042172431945801, 396.0498352050781, 3.595961093902588]}, "datetime": {"datetime": "2025-08-21 21:37:36", "elapsed": 46373.311948776245, "delta": 24.95412254333496}, "costs": {"total_cost": 814.5202394270264, "time_cost": 150, "final_distance_cost": 66.8813661723239, "oscillation_cost": 181.62307245295608, "completition_cost": 333.33333333333337, "overshoot_cost": 51.8814564372512, "power_cost": 17.60416837158203, "noise_cost": 13.196842659579843, "n_waypoints_completed": 6, "tot_waypoints": 9}}
{"target": -921.4716414120426, "params": {"k_pid_pos": [2.0, 0.9903842210769653, 1.0], "k_pid_alt": [1.9859765768051147, 1.0, 0.028240740299224854], "k_pid_att": [100.0, 0.2924709618091583, 0.985431432723999], "k_pid_yaw": [0.5, 1e-06, 0.1], "k_pid_hsp": [9.866016387939453, 0.9820822477340698, 0.0037634968757629395], "k_pid_vsp": [1.227712631225586, 396.3073425292969, 3.713751792907715]}, "datetime": {"datetime": "2025-08-21 21:37:59", "elapsed": 46396.13105750084, "delta": 22.819108724594116}, "costs": {"total_cost": 921.4716414120426, "time_cost": 150, "final_distance_cost": 64.99231611250325, "oscillation_cost": 175.90761595446762, "completition_cost": 444.4444444444444, "overshoot_cost": 53.149480208529326, "power_cost": 18.86593338623047, "noise_cost": 14.111851305867509, "n_waypoints_completed": 5, "tot_waypoints": 9}}
{"target": -711.6746872939427, "params": {"k_pid_pos": [2.0, 0.9914356470108032, 1.0], "k_pid_alt": [1.9609184265136719, 1.0, 0.006935715675354004], "k_pid_att": [100.0, 0.053739771246910095, 0.9836637377738953], "k_pid_yaw": [0.5, 1e-06, 0.1], "k_pid_hsp": [9.407952308654785, 0.9905458092689514, 0.030433952808380127], "k_pid_vsp": [12.325668334960938, 398.23590087890625, 11.746979713439941]}, "datetime": {"datetime": "2025-08-21 21:38:25", "elapsed": 46421.494720458984, "delta": 25.36366295814514}, "costs": {"total_cost": 711.6746872939427, "time_cost": 150, "final_distance_cost": 71.34330441804313, "oscillation_cost": 178.13760853831735, "completition_cost": 222.2222222222222, "overshoot_cost": 50.86093924285312, "power_cost": 22.59809061279297, "noise_cost": 16.512522259713993, "n_waypoints_completed": 7, "tot_waypoints": 9}}
{"target": -500.04975525209704, "params": {"k_pid_pos": [2.0, 0.9874134063720703, 1.0], "k_pid_alt": [1.9602994918823242, 1.0, 0.007711738348007202], "k_pid_att": [48.440677642822266, 0.08601506799459457, 0.9939689636230469], "k_pid_yaw": [0.5, 1e-06, 0.1], "k_pid_hsp": [9.942667007446289, 0.9973299503326416, 0.004805415868759155], "k_pid_vsp": [2.787458896636963, 398.24017333984375, 2.301252841949463]}, "datetime": {"datetime": "2025-08-21 21:38:48", "elapsed": 46444.94276499748, "delta": 23.448044538497925}, "costs": {"total_cost": 500.04975525209704, "time_cost": 150, "final_distance_cost": 45.186728546954534, "oscillation_cost": 98.52942074545459, "completition_cost": 111.11111111111116, "overshoot_cost": 55.62105537369253, "power_cost": 23.13176119384766, "noise_cost": 16.469678281036614, "n_waypoints_completed": 8, "tot_waypoints": 9}}
{"target": -912.921770189293, "params": {"k_pid_pos": [2.0, 0.996916651725769, 0.9999955892562866], "k_pid_alt": [1.8375930786132812, 1.0, 0.015770673751831055], "k_pid_att": [100.0, 0.06660113483667374, 0.9950014352798462], "k_pid_yaw": [0.5, 1e-06, 0.1], "k_pid_hsp": [9.909870147705078, 0.9835596680641174, 0.010073840618133545], "k_pid_vsp": [1.900923252105713, 396.16888427734375, 4.075730800628662]}, "datetime": {"datetime": "2025-08-21 21:39:13", "elapsed": 46469.876547575, "delta": 24.93378257751465}, "costs": {"total_cost": 912.921770189293, "time_cost": 150, "final_distance_cost": 58.09974350142871, "oscillation_cost": 174.3593000201318, "completition_cost": 444.4444444444444, "overshoot_cost": 52.345239769190066, "power_cost": 19.022450048828127, "noise_cost": 14.650592405270062, "n_waypoints_completed": 5, "tot_waypoints": 9}}
