{"target": -1191.8071987923875, "params": {"k_pid_pos": [2.0, 0.980638861656189, 0.0], "k_pid_alt": [1.9794483184814453, 1.0, 0.02378302812576294], "k_pid_att": [100.0, 0.17714160680770874, 0.9897854328155518], "k_pid_yaw": [0.5, 1e-06, 0.1], "k_pid_hsp": [9.78828239440918, 0.9721137285232544, 0.009508401155471802], "k_pid_vsp": [14.172673225402832, 383.3706359863281, 38.27632522583008]}, "datetime": {"datetime": "2025-08-21 16:15:36", "elapsed": 27053.113739967346, "delta": 23.660590648651123}, "costs": {"total_cost": 1191.8071987923875, "time_cost": 150, "final_distance_cost": 98.09908744326876, "oscillation_cost": 80.44739463098325, "completition_cost": 777.7777777777778, "overshoot_cost": 43.12471662390817, "power_cost": 25.173833447265626, "noise_cost": 17.184388869183753, "n_waypoints_completed": 2, "tot_waypoints": 9}}
{"target": -837.2774053122121, "params": {"k_pid_pos": [2.0, 0.9630703330039978, 0.06977853178977966], "k_pid_alt": [1.995193600654602, 1.0, 0.028963178396224976], "k_pid_att": [100.0, 0.6713971495628357, 0.8744364976882935], "k_pid_yaw": [0.5, 1e-06, 0.1], "k_pid_hsp": [9.814258575439453, 0.9635368585586548, 0.008826494216918945], "k_pid_vsp": [11.00808334350586, 359.2402038574219, 3.916121482849121]}, "datetime": {"datetime": "2025-08-21 16:16:01", "elapsed": 27077.54865837097, "delta": 24.43491840362549}, "costs": {"total_cost": 837.2774053122121, "time_cost": 150, "final_distance_cost": 60.07111411906869, "oscillation_cost": 79.82852259224669, "completition_cost": 444.4444444444444, "overshoot_cost": 55.55280413915171, "power_cost": 26.623361108398438, "noise_cost": 20.75715890890212, "n_waypoints_completed": 5, "tot_waypoints": 9}}
{"target": -699.9634718707244, "params": {"k_pid_pos": [2.0, 0.9878707528114319, 1.0], "k_pid_alt": [1.9471814632415771, 0.9999998211860657, 0.008969753980636597], "k_pid_att": [100.0, 0.03566364943981171, 0.9627423882484436], "k_pid_yaw": [0.5, 1e-06, 0.1], "k_pid_hsp": [9.83675479888916, 0.9767853617668152, 0.013875454664230347], "k_pid_vsp": [1.0033726692199707, 376.2576904296875, 9.902835845947266]}, "datetime": {"datetime": "2025-08-21 16:16:23", "elapsed": 27100.34911441803, "delta": 22.800456047058105}, "costs": {"total_cost": 699.9634718707244, "time_cost": 150, "final_distance_cost": 68.06846622724969, "oscillation_cost": 166.9412622569462, "completition_cost": 222.2222222222222, "overshoot_cost": 52.60785529520073, "power_cost": 23.71712442626953, "noise_cost": 16.40654144283622, "n_waypoints_completed": 7, "tot_waypoints": 9}}
{"target": -805.2445971851863, "params": {"k_pid_pos": [2.0, 0.9976662397384644, 0.9933650493621826], "k_pid_alt": [1.939588189125061, 1.0, 0.0035434365272521973], "k_pid_att": [100.0, 0.1028117835521698, 0.9588902592658997], "k_pid_yaw": [0.5, 1e-06, 0.1], "k_pid_hsp": [9.756661415100098, 0.9583687782287598, 0.006384462118148804], "k_pid_vsp": [7.255375385284424, 395.1414794921875, 3.1185994148254395]}, "datetime": {"datetime": "2025-08-21 16:16:48", "elapsed": 27124.752747774124, "delta": 24.40363335609436}, "costs": {"total_cost": 805.2445971851863, "time_cost": 150, "final_distance_cost": 65.34263631929336, "oscillation_cost": 167.37918078689492, "completition_cost": 333.33333333333337, "overshoot_cost": 52.28209559544405, "power_cost": 21.082797802734376, "noise_cost": 15.8245533474862, "n_waypoints_completed": 6, "tot_waypoints": 9}}
{"target": -1175.766948462705, "params": {"k_pid_pos": [2.0, 0.9907122254371643, 0.0], "k_pid_alt": [1.9940491914749146, 1.0, 0.006559312343597412], "k_pid_att": [100.0, 0.46700650453567505, 0.9900307655334473], "k_pid_yaw": [0.5, 1e-06, 0.1], "k_pid_hsp": [9.934266090393066, 0.8708987832069397, 0.009458482265472412], "k_pid_vsp": [2.434396743774414, 368.47637939453125, 21.454931259155273]}, "datetime": {"datetime": "2025-08-21 16:17:12", "elapsed": 27148.509564638138, "delta": 23.756816864013672}, "costs": {"total_cost": 1175.766948462705, "time_cost": 150, "final_distance_cost": 77.12674741459983, "oscillation_cost": 80.56636981223183, "completition_cost": 777.7777777777778, "overshoot_cost": 52.83627587119333, "power_cost": 22.32330065917969, "noise_cost": 15.136476927722356, "n_waypoints_completed": 2, "tot_waypoints": 9}}
{"target": -1213.3968953523022, "params": {"k_pid_pos": [2.0, 0.9848370552062988, 0.9992402791976929], "k_pid_alt": [1.9834072589874268, 1.0, 0.02463662624359131], "k_pid_att": [100.0, 0.4164312779903412, 0.984049379825592], "k_pid_yaw": [0.5, 1e-06, 0.1], "k_pid_hsp": [9.407052993774414, 0.9720051288604736, 0.009758055210113525], "k_pid_vsp": [35.02311706542969, 396.8466796875, 12.856257438659668]}, "datetime": {"datetime": "2025-08-21 16:17:35", "elapsed": 27172.353766441345, "delta": 23.844201803207397}, "costs": {"total_cost": 1213.3968953523022, "time_cost": 150, "final_distance_cost": 88.91399954388203, "oscillation_cost": 120.53213895820912, "completition_cost": 777.7777777777778, "overshoot_cost": 43.925783983490405, "power_cost": 18.611056359863284, "noise_cost": 13.63613872907951, "n_waypoints_completed": 2, "tot_waypoints": 9}}
{"target": -1073.9060344958477, "params": {"k_pid_pos": [2.0, 0.9626762866973877, 0.09079086780548096], "k_pid_alt": [1.996517539024353, 1.0, 0.006271332502365112], "k_pid_att": [100.0, 0.5356411933898926, 0.9788284301757812], "k_pid_yaw": [0.5, 1e-06, 0.1], "k_pid_hsp": [9.865617752075195, 0.9571834802627563, 0.04154530167579651], "k_pid_vsp": [5.7480692863464355, 387.45245361328125, 18.99888801574707]}, "datetime": {"datetime": "2025-08-21 16:18:00", "elapsed": 27197.224254369736, "delta": 24.870487928390503}, "costs": {"total_cost": 1073.9060344958477, "time_cost": 150, "final_distance_cost": 53.972697451460384, "oscillation_cost": 110.12292623912995, "completition_cost": 666.6666666666667, "overshoot_cost": 53.38358338505417, "power_cost": 22.14232039794922, "noise_cost": 17.617840355587038, "n_waypoints_completed": 3, "tot_waypoints": 9}}
{"target": -340.0513317067648, "params": {"k_pid_pos": [2.0, 0.929767906665802, 0.9879506826400757], "k_pid_alt": [1.987001895904541, 1.0, 0.12312504649162292], "k_pid_att": [100.0, 0.43293625116348267, 0.9908373355865479], "k_pid_yaw": [0.5, 1e-06, 0.1], "k_pid_hsp": [9.892306327819824, 0.9928534626960754, 0.007715791463851929], "k_pid_vsp": [2.440166473388672, 391.02435302734375, 13.047696113586426]}, "datetime": {"datetime": "2025-08-21 16:18:23", "elapsed": 27220.423404932022, "delta": 23.199150562286377}, "costs": {"total_cost": 340.0513317067648, "time_cost": 97.136, "final_distance_cost": 1.7887678011133443, "oscillation_cost": 144.21618615949654, "completition_cost": 0.0, "overshoot_cost": 60.497688880350324, "power_cost": 21.090396435546875, "noise_cost": 15.322292430257729, "n_waypoints_completed": 9, "tot_waypoints": 9}}
{"target": -712.9179046508489, "params": {"k_pid_pos": [2.0, 0.9538402557373047, 0.9993287324905396], "k_pid_alt": [1.9137108325958252, 1.0, 0.031640440225601196], "k_pid_att": [100.0, 0.021227547898888588, 0.9907920360565186], "k_pid_yaw": [0.5, 1e-06, 0.1], "k_pid_hsp": [9.867721557617188, 0.8712128400802612, 0.011598378419876099], "k_pid_vsp": [2.532029151916504, 379.9441223144531, 1.6932258605957031]}, "datetime": {"datetime": "2025-08-21 16:18:46", "elapsed": 27243.39008283615, "delta": 22.96667790412903}, "costs": {"total_cost": 712.9179046508489, "time_cost": 150, "final_distance_cost": 67.79677927112522, "oscillation_cost": 176.4040811387294, "completition_cost": 222.2222222222222, "overshoot_cost": 56.721248400568605, "power_cost": 23.533439086914065, "noise_cost": 16.240134531289414, "n_waypoints_completed": 7, "tot_waypoints": 9}}
{"target": -1253.5636568542886, "params": {"k_pid_pos": [0.10134182870388031, 0.960816502571106, 0.9999942779541016], "k_pid_alt": [1.9830888509750366, 1.0, 0.003740161657333374], "k_pid_att": [100.0, 0.12634286284446716, 0.9757868647575378], "k_pid_yaw": [0.5, 1e-06, 0.1], "k_pid_hsp": [9.39707088470459, 0.9550018906593323, 0.1269480586051941], "k_pid_vsp": [7.9123616218566895, 396.3667297363281, 4.10823917388916]}, "datetime": {"datetime": "2025-08-21 16:19:10", "elapsed": 27267.36798620224, "delta": 23.977903366088867}, "costs": {"total_cost": 1253.5636568542886, "time_cost": 150, "final_distance_cost": 80.97655794170296, "oscillation_cost": 166.9502276806992, "completition_cost": 777.7777777777778, "overshoot_cost": 39.2018352609228, "power_cost": 22.82039625244141, "noise_cost": 15.836861940744438, "n_waypoints_completed": 2, "tot_waypoints": 9}}
{"target": -791.5265356326371, "params": {"k_pid_pos": [1.999999761581421, 0.9899543523788452, 1.0], "k_pid_alt": [1.931232213973999, 1.0, 0.02021661400794983], "k_pid_att": [100.0, 0.05538990721106529, 0.9462170600891113], "k_pid_yaw": [0.5, 1e-06, 0.1], "k_pid_hsp": [9.948317527770996, 0.977692723274231, 0.028765201568603516], "k_pid_vsp": [6.286942958831787, 399.311767578125, 3.4352431297302246]}, "datetime": {"datetime": "2025-08-21 16:19:35", "elapsed": 27292.42204761505, "delta": 25.05406141281128}, "costs": {"total_cost": 791.5265356326371, "time_cost": 150, "final_distance_cost": 54.49545975190969, "oscillation_cost": 161.88087375737518, "completition_cost": 333.33333333333337, "overshoot_cost": 49.67976612542532, "power_cost": 24.345352355957033, "noise_cost": 17.791750308636434, "n_waypoints_completed": 6, "tot_waypoints": 9}}
{"target": -1278.6256446080176, "params": {"k_pid_pos": [1.9999998807907104, 0.9936614036560059, 0.0024805665016174316], "k_pid_alt": [1.8880432844161987, 1.0, 0.08902257680892944], "k_pid_att": [100.0, 0.5281066298484802, 0.9732056260108948], "k_pid_yaw": [0.5, 1e-06, 0.1], "k_pid_hsp": [9.86135196685791, 0.967353880405426, 0.010226905345916748], "k_pid_vsp": [6.479144096374512, 395.3690185546875, 5.8270344734191895]}, "datetime": {"datetime": "2025-08-21 16:20:00", "elapsed": 27316.837035655975, "delta": 24.414988040924072}, "costs": {"total_cost": 1278.6256446080176, "time_cost": 150, "final_distance_cost": 58.38199326729607, "oscillation_cost": 109.56768738126722, "completition_cost": 888.8888888888888, "overshoot_cost": 41.76291630986459, "power_cost": 17.38285703125, "noise_cost": 12.641301729450932, "n_waypoints_completed": 1, "tot_waypoints": 9}}
{"target": -1053.7532725757567, "params": {"k_pid_pos": [2.0, 0.9925309419631958, 0.0], "k_pid_alt": [1.9485408067703247, 1.0, 0.059767842292785645], "k_pid_att": [99.99883270263672, 0.17493239045143127, 0.9745489954948425], "k_pid_yaw": [0.5, 1e-06, 0.1], "k_pid_hsp": [9.472779273986816, 0.9878453016281128, 0.008222341537475586], "k_pid_vsp": [9.194957733154297, 397.70556640625, 28.69573974609375]}, "datetime": {"datetime": "2025-08-21 16:20:24", "elapsed": 27340.490240335464, "delta": 23.653204679489136}, "costs": {"total_cost": 1053.7532725757567, "time_cost": 150, "final_distance_cost": 65.71511992415533, "oscillation_cost": 86.25112544796552, "completition_cost": 666.6666666666667, "overshoot_cost": 50.94974019215308, "power_cost": 20.108055786132812, "noise_cost": 14.062564558683183, "n_waypoints_completed": 3, "tot_waypoints": 9}}
{"target": -669.1078093326084, "params": {"k_pid_pos": [2.0, 0.8662909269332886, 0.9999998807907104], "k_pid_alt": [1.9828368425369263, 1.0, 0.013399690389633179], "k_pid_att": [100.0, 0.17322711646556854, 0.987887442111969], "k_pid_yaw": [0.5, 1e-06, 0.1], "k_pid_hsp": [9.66096019744873, 0.9944310784339905, 0.008405327796936035], "k_pid_vsp": [12.765539169311523, 378.2104797363281, 12.881875991821289]}, "datetime": {"datetime": "2025-08-21 16:20:46", "elapsed": 27363.40942454338, "delta": 22.91918420791626}, "costs": {"total_cost": 669.1078093326084, "time_cost": 150, "final_distance_cost": 68.49464001965731, "oscillation_cost": 134.11806843095482, "completition_cost": 222.2222222222222, "overshoot_cost": 50.754741327861446, "power_cost": 24.88648220214844, "noise_cost": 18.631655129764297, "n_waypoints_completed": 7, "tot_waypoints": 9}}
{"target": -698.3671137899574, "params": {"k_pid_pos": [2.0, 0.957598090171814, 0.9952332377433777], "k_pid_alt": [1.9520082473754883, 1.0, 0.010986357927322388], "k_pid_att": [100.0, 0.2867591083049774, 0.9414316415786743], "k_pid_yaw": [0.5, 1e-06, 0.1], "k_pid_hsp": [9.941162109375, 0.9890475273132324, 0.036641448736190796], "k_pid_vsp": [1.8482208251953125, 397.30145263671875, 6.808842182159424]}, "datetime": {"datetime": "2025-08-21 16:21:10", "elapsed": 27387.40113210678, "delta": 23.99170756340027}, "costs": {"total_cost": 698.3671137899574, "time_cost": 150, "final_distance_cost": 62.60890417212323, "oscillation_cost": 165.25077652636284, "completition_cost": 222.2222222222222, "overshoot_cost": 54.60287526249933, "power_cost": 24.843218395996097, "noise_cost": 18.839117210753734, "n_waypoints_completed": 7, "tot_waypoints": 9}}
{"target": -889.1819018638395, "params": {"k_pid_pos": [1.9999737739562988, 0.9823477268218994, 0.9994222521781921], "k_pid_alt": [1.9818089008331299, 1.0, 0.027961432933807373], "k_pid_att": [100.0, 0.05410991236567497, 0.9806724786758423], "k_pid_yaw": [0.5, 1e-06, 0.1], "k_pid_hsp": [9.53882122039795, 0.9959477186203003, 0.02623504400253296], "k_pid_vsp": [1.1827468872070312, 367.3170471191406, 0.8826385140419006]}, "datetime": {"datetime": "2025-08-21 16:21:34", "elapsed": 27411.14502310753, "delta": 23.74389100074768}, "costs": {"total_cost": 889.1819018638395, "time_cost": 150, "final_distance_cost": 53.47925541728611, "oscillation_cost": 151.35719853219146, "completition_cost": 444.4444444444444, "overshoot_cost": 53.96670012623541, "power_cost": 20.570938256835937, "noise_cost": 15.36336508684623, "n_waypoints_completed": 5, "tot_waypoints": 9}}
{"target": -678.439510358117, "params": {"k_pid_pos": [2.0, 0.9951639175415039, 0.9999961256980896], "k_pid_alt": [1.8540135622024536, 0.9999997615814209, 0.006912827491760254], "k_pid_att": [100.0, 0.11089826375246048, 0.9786507487297058], "k_pid_yaw": [0.5, 1e-06, 0.1], "k_pid_hsp": [8.381028175354004, 0.984898030757904, 0.010578930377960205], "k_pid_vsp": [1.5124917030334473, 398.11370849609375, 4.906488418579102]}, "datetime": {"datetime": "2025-08-21 16:21:58", "elapsed": 27435.27632522583, "delta": 24.13130211830139}, "costs": {"total_cost": 678.439510358117, "time_cost": 150, "final_distance_cost": 69.88093882334712, "oscillation_cost": 141.80328072917686, "completition_cost": 222.2222222222222, "overshoot_cost": 56.83358055416829, "power_cost": 22.02737476806641, "noise_cost": 15.672113261136152, "n_waypoints_completed": 7, "tot_waypoints": 9}}
{"target": -1243.0810219157727, "params": {"k_pid_pos": [0.21711646020412445, 0.9585137963294983, 0.9511028528213501], "k_pid_alt": [1.963476300239563, 0.5793116092681885, 0.03781205415725708], "k_pid_att": [99.89358520507812, 0.40643835067749023, 0.9843142032623291], "k_pid_yaw": [0.5, 1e-06, 0.1], "k_pid_hsp": [9.928648948669434, 0.9768308401107788, 0.004200279712677002], "k_pid_vsp": [12.71721076965332, 399.4197998046875, 14.706493377685547]}, "datetime": {"datetime": "2025-08-21 16:22:23", "elapsed": 27460.073798656464, "delta": 24.797473430633545}, "costs": {"total_cost": 1243.0810219157727, "time_cost": 150, "final_distance_cost": 87.04005576670971, "oscillation_cost": 156.7452178704947, "completition_cost": 777.7777777777778, "overshoot_cost": 35.89783889045716, "power_cost": 20.957174475097656, "noise_cost": 14.662957135235569, "n_waypoints_completed": 2, "tot_waypoints": 9}}
{"target": -865.9345513672823, "params": {"k_pid_pos": [2.0, 0.9743528962135315, 5.6356191635131836e-05], "k_pid_alt": [1.9491305351257324, 1.0, 0.02713942527770996], "k_pid_att": [98.62451934814453, 0.4700060784816742, 0.9990310072898865], "k_pid_yaw": [0.5, 1e-06, 0.1], "k_pid_hsp": [9.728083610534668, 0.9913984537124634, 0.02392718195915222], "k_pid_vsp": [3.3246517181396484, 396.8378601074219, 3.7156949043273926]}, "datetime": {"datetime": "2025-08-21 16:22:48", "elapsed": 27484.895000219345, "delta": 24.82120156288147}, "costs": {"total_cost": 865.9345513672823, "time_cost": 150, "final_distance_cost": 71.93695804321149, "oscillation_cost": 110.32266283179351, "completition_cost": 444.4444444444444, "overshoot_cost": 54.464354030299404, "power_cost": 19.771178540039063, "noise_cost": 14.994953477494358, "n_waypoints_completed": 5, "tot_waypoints": 9}}
{"target": -688.9896640014208, "params": {"k_pid_pos": [2.0, 0.9364307522773743, 0.9999995827674866], "k_pid_alt": [1.9585661888122559, 0.999178409576416, 0.04995879530906677], "k_pid_att": [100.0, 0.07253143936395645, 0.9930160045623779], "k_pid_yaw": [0.5, 1e-06, 0.1], "k_pid_hsp": [9.7959566116333, 0.9989330768585205, 0.005228817462921143], "k_pid_vsp": [5.768406391143799, 300.0816345214844, 10.874963760375977]}, "datetime": {"datetime": "2025-08-21 16:23:11", "elapsed": 27508.35509443283, "delta": 23.460094213485718}, "costs": {"total_cost": 688.9896640014208, "time_cost": 150, "final_distance_cost": 67.79636629551011, "oscillation_cost": 154.82115320760158, "completition_cost": 222.2222222222222, "overshoot_cost": 53.10192477154368, "power_cost": 23.472559912109375, "noise_cost": 17.575437592433875, "n_waypoints_completed": 7, "tot_waypoints": 9}}
{"target": -373.15808027504403, "params": {"k_pid_pos": [2.0, 0.9922890663146973, 1.0], "k_pid_alt": [1.9825596809387207, 1.0, 0.01782470941543579], "k_pid_att": [100.0, 0.08619804680347443, 0.9959242343902588], "k_pid_yaw": [0.5, 1e-06, 0.1], "k_pid_hsp": [9.82864761352539, 0.9719333052635193, 0.019704312086105347], "k_pid_vsp": [24.163127899169922, 398.87432861328125, 5.991769790649414]}, "datetime": {"datetime": "2025-08-21 16:23:35", "elapsed": 27531.699691534042, "delta": 23.344597101211548}, "costs": {"total_cost": 373.15808027504403, "time_cost": 99.688, "final_distance_cost": 1.7107726273489212, "oscillation_cost": 172.10458842300844, "completition_cost": 0.0, "overshoot_cost": 59.23074690861524, "power_cost": 22.627255273437502, "noise_cost": 17.79671704263393, "n_waypoints_completed": 9, "tot_waypoints": 9}}
{"target": -951.9587178991375, "params": {"k_pid_pos": [2.0, 0.9950799942016602, 0.0], "k_pid_alt": [1.8929980993270874, 0.9999954700469971, 0.019788086414337158], "k_pid_att": [100.0, 0.1127200648188591, 0.9837140440940857], "k_pid_yaw": [0.5, 1e-06, 0.1], "k_pid_hsp": [9.790968894958496, 0.997016966342926, 0.009422719478607178], "k_pid_vsp": [3.653085231781006, 393.2527160644531, 2.047194004058838]}, "datetime": {"datetime": "2025-08-21 16:23:59", "elapsed": 27555.520834445953, "delta": 23.82114291191101}, "costs": {"total_cost": 951.9587178991375, "time_cost": 150, "final_distance_cost": 54.49862569122183, "oscillation_cost": 96.60512603415624, "completition_cost": 555.5555555555555, "overshoot_cost": 62.643314306075474, "power_cost": 18.69095758056641, "noise_cost": 13.965138731561971, "n_waypoints_completed": 4, "tot_waypoints": 9}}
{"target": -658.6597334110936, "params": {"k_pid_pos": [2.0, 0.9962608814239502, 0.7541373372077942], "k_pid_alt": [1.9727845191955566, 1.0, 0.004345625638961792], "k_pid_att": [100.0, 0.11939601600170135, 0.9282517433166504], "k_pid_yaw": [0.5, 1e-06, 0.1], "k_pid_hsp": [9.411432266235352, 0.9523016810417175, 0.023831665515899658], "k_pid_vsp": [30.429590225219727, 392.4512939453125, 8.621062278747559]}, "datetime": {"datetime": "2025-08-21 16:24:22", "elapsed": 27579.209710121155, "delta": 23.688875675201416}, "costs": {"total_cost": 658.6597334110936, "time_cost": 150, "final_distance_cost": 72.97751411330657, "oscillation_cost": 123.99698486794503, "completition_cost": 222.2222222222222, "overshoot_cost": 50.136024942586744, "power_cost": 22.07638581542969, "noise_cost": 17.25060144960332, "n_waypoints_completed": 7, "tot_waypoints": 9}}
{"target": -1065.8403673054972, "params": {"k_pid_pos": [2.0, 0.9783530235290527, 0.0], "k_pid_alt": [1.9751150608062744, 1.0, 0.03808295726776123], "k_pid_att": [100.0, 0.2959333658218384, 0.9554015398025513], "k_pid_yaw": [0.5, 1e-06, 0.1], "k_pid_hsp": [9.811745643615723, 0.9662566781044006, 0.013557642698287964], "k_pid_vsp": [6.98016881942749, 393.7398376464844, 2.6890764236450195]}, "datetime": {"datetime": "2025-08-21 16:24:48", "elapsed": 27604.47250533104, "delta": 25.262795209884644}, "costs": {"total_cost": 1065.8403673054972, "time_cost": 150, "final_distance_cost": 61.02576992050654, "oscillation_cost": 104.33834285401441, "completition_cost": 666.6666666666667, "overshoot_cost": 52.95643622929268, "power_cost": 17.916905700683596, "noise_cost": 12.936245934333382, "n_waypoints_completed": 3, "tot_waypoints": 9}}
{"target": -704.7968801153622, "params": {"k_pid_pos": [2.0, 0.9900488257408142, 0.9840121269226074], "k_pid_alt": [1.994297981262207, 1.0, 0.2405528426170349], "k_pid_att": [100.0, 0.08025284111499786, 0.9829185009002686], "k_pid_yaw": [0.5, 1e-06, 0.1], "k_pid_hsp": [9.924858093261719, 0.9814107418060303, 0.11927121877670288], "k_pid_vsp": [15.91702651977539, 394.3491516113281, 3.258121967315674]}, "datetime": {"datetime": "2025-08-21 16:25:11", "elapsed": 27627.607655763626, "delta": 23.13515043258667}, "costs": {"total_cost": 704.7968801153622, "time_cost": 150, "final_distance_cost": 72.52292158390938, "oscillation_cost": 157.29640844955574, "completition_cost": 222.2222222222222, "overshoot_cost": 60.874416406863396, "power_cost": 24.22017830810547, "noise_cost": 17.66073314470617, "n_waypoints_completed": 7, "tot_waypoints": 9}}
