{"target": -854.6721542937237, "params": {"k_pid_pos": [2.0, 0.9838440418243408, 1.0], "k_pid_alt": [1.923423409461975, 0.889091968536377, 0.10237392783164978], "k_pid_att": [100.0, 0.31648871302604675, 0.7299392223358154], "k_pid_yaw": [0.5, 1e-06, 0.1], "k_pid_hsp": [9.067782402038574, 0.9626138210296631, 0.004782736301422119], "k_pid_vsp": [44.579933166503906, 235.29811096191406, 7.325864791870117]}, "datetime": {"datetime": "2025-08-21 10:53:10", "elapsed": 7707.297317266464, "delta": 23.76764702796936}, "costs": {"total_cost": 854.6721542937237, "time_cost": 150, "final_distance_cost": 58.97119861972374, "oscillation_cost": 79.7599833721167, "completition_cost": 444.4444444444444, "overshoot_cost": 61.512549360996026, "power_cost": 27.584630004882815, "noise_cost": 32.39934849156003, "n_waypoints_completed": 5, "tot_waypoints": 9}}
{"target": -1159.591715639547, "params": {"k_pid_pos": [1.9997872114181519, 0.9376817941665649, 0.0], "k_pid_alt": [1.8705041408538818, 0.9998949766159058, 0.024662762880325317], "k_pid_att": [99.99990844726562, 0.37334203720092773, 0.9886354207992554], "k_pid_yaw": [0.5, 1e-06, 0.1], "k_pid_hsp": [9.287959098815918, 0.9950227737426758, 0.0050289928913116455], "k_pid_vsp": [26.115345001220703, 209.20863342285156, 4.11281681060791]}, "datetime": {"datetime": "2025-08-21 10:53:34", "elapsed": 7730.966364860535, "delta": 23.669047594070435}, "costs": {"total_cost": 1159.591715639547, "time_cost": 150, "final_distance_cost": 80.13934419529772, "oscillation_cost": 66.52087201350189, "completition_cost": 777.7777777777778, "overshoot_cost": 43.7734153464633, "power_cost": 24.301355419921876, "noise_cost": 17.078950886584042, "n_waypoints_completed": 2, "tot_waypoints": 9}}
{"target": -1350.2847334903056, "params": {"k_pid_pos": [0.7095221877098083, 0.9621787071228027, 0.0], "k_pid_alt": [1.7180428504943848, 1.0, 0.03813832998275757], "k_pid_att": [99.9998779296875, 0.7352128028869629, 0.9851779937744141], "k_pid_yaw": [0.5, 1e-06, 0.1], "k_pid_hsp": [6.389577865600586, 0.9922657608985901, 0.1226499080657959], "k_pid_vsp": [50.403404235839844, 285.9361877441406, 12.754798889160156]}, "datetime": {"datetime": "2025-08-21 10:53:58", "elapsed": 7754.4413521289825, "delta": 23.474987268447876}, "costs": {"total_cost": 1350.2847334903056, "time_cost": 150, "final_distance_cost": 34.640435498741546, "oscillation_cost": 81.48477622221827, "completition_cost": 1000.0, "overshoot_cost": 37.52696408834866, "power_cost": 27.80346807861328, "noise_cost": 18.829089602383903, "n_waypoints_completed": 0, "tot_waypoints": 9}}
{"target": -1180.012299366061, "params": {"k_pid_pos": [0.6051194667816162, 0.9723042249679565, 0.0], "k_pid_alt": [1.9368337392807007, 0.9997587203979492, 0.10060825943946838], "k_pid_att": [99.97440338134766, 1.9157741069793701, 0.9384568929672241], "k_pid_yaw": [0.5, 1e-06, 0.1], "k_pid_hsp": [9.145761489868164, 0.9236206412315369, 0.008219510316848755], "k_pid_vsp": [21.37567901611328, 397.82147216796875, 14.01463794708252]}, "datetime": {"datetime": "2025-08-21 10:54:22", "elapsed": 7778.842484474182, "delta": 24.401132345199585}, "costs": {"total_cost": 1180.012299366061, "time_cost": 150, "final_distance_cost": 88.53300319146803, "oscillation_cost": 72.54386971388872, "completition_cost": 777.7777777777778, "overshoot_cost": 52.08014770808297, "power_cost": 23.27508630371094, "noise_cost": 15.802414671132443, "n_waypoints_completed": 2, "tot_waypoints": 9}}
{"target": -1338.1153354316348, "params": {"k_pid_pos": [2.0, 0.9922797679901123, 0.002997875213623047], "k_pid_alt": [1.9423267841339111, 0.0, 0.12669968605041504], "k_pid_att": [100.0, 0.23876474797725677, 0.9944639205932617], "k_pid_yaw": [0.5, 1e-06, 0.1], "k_pid_hsp": [9.541980743408203, 0.9665684700012207, 0.060772210359573364], "k_pid_vsp": [21.915388107299805, 371.2845764160156, 21.970487594604492]}, "datetime": {"datetime": "2025-08-21 10:54:45", "elapsed": 7801.834681034088, "delta": 22.992196559906006}, "costs": {"total_cost": 1338.1153354316348, "time_cost": 150, "final_distance_cost": 46.277181580291554, "oscillation_cost": 82.38272726019298, "completition_cost": 1000.0, "overshoot_cost": 26.11617470932037, "power_cost": 18.681340136718752, "noise_cost": 14.657911745110985, "n_waypoints_completed": 0, "tot_waypoints": 9}}
{"target": -953.8399743683949, "params": {"k_pid_pos": [1.9999992847442627, 0.8724939823150635, 0.0007441341876983643], "k_pid_alt": [1.6515800952911377, 0.9999834299087524, 0.05206868052482605], "k_pid_att": [100.0, 0.0687042623758316, 0.9899882078170776], "k_pid_yaw": [0.5, 1e-06, 0.1], "k_pid_hsp": [9.79878044128418, 0.974679708480835, 0.04691159725189209], "k_pid_vsp": [3.9678215980529785, 340.034912109375, 11.009705543518066]}, "datetime": {"datetime": "2025-08-21 10:55:10", "elapsed": 7826.627620220184, "delta": 24.79293918609619}, "costs": {"total_cost": 953.8399743683949, "time_cost": 150, "final_distance_cost": 49.2705152303433, "oscillation_cost": 104.71260251879141, "completition_cost": 555.5555555555555, "overshoot_cost": 49.328862798950695, "power_cost": 24.89250302734375, "noise_cost": 20.07993523741016, "n_waypoints_completed": 4, "tot_waypoints": 9}}
{"target": -1057.6648743208045, "params": {"k_pid_pos": [0.2494385540485382, 0.7658135890960693, 0.9999798536300659], "k_pid_alt": [1.8212604522705078, 1.0, 0.01342684030532837], "k_pid_att": [100.0, 0.22255632281303406, 0.9701094627380371], "k_pid_yaw": [0.5, 1e-06, 0.1], "k_pid_hsp": [9.490621566772461, 0.9143500328063965, 0.016467750072479248], "k_pid_vsp": [66.25433349609375, 364.6736755371094, 116.09332275390625]}, "datetime": {"datetime": "2025-08-21 10:55:33", "elapsed": 7849.909536600113, "delta": 23.28191637992859}, "costs": {"total_cost": 1057.6648743208045, "time_cost": 150, "final_distance_cost": 53.019768325808045, "oscillation_cost": 215.83784217147522, "completition_cost": 555.5555555555555, "overshoot_cost": 49.15104269642516, "power_cost": 18.01548967285156, "noise_cost": 16.085175898688828, "n_waypoints_completed": 4, "tot_waypoints": 9}}
{"target": -1277.3626081576672, "params": {"k_pid_pos": [1.9994556903839111, 0.9833657741546631, 2.1696090698242188e-05], "k_pid_alt": [1.9278819561004639, 0.9993382096290588, 0.04625460505485535], "k_pid_att": [99.99893951416016, 0.6393114328384399, 0.8278084993362427], "k_pid_yaw": [0.5, 1e-06, 0.1], "k_pid_hsp": [9.656439781188965, 0.8960468769073486, 0.049782127141952515], "k_pid_vsp": [11.666786193847656, 387.40478515625, 58.57918167114258]}, "datetime": {"datetime": "2025-08-21 10:55:56", "elapsed": 7873.174089670181, "delta": 23.26455307006836}, "costs": {"total_cost": 1277.3626081576672, "time_cost": 150, "final_distance_cost": 62.052525709893665, "oscillation_cost": 98.12735040880138, "completition_cost": 888.8888888888888, "overshoot_cost": 40.491858781854, "power_cost": 22.230595837402344, "noise_cost": 15.571388530827175, "n_waypoints_completed": 1, "tot_waypoints": 9}}
{"target": -1436.8914036615502, "params": {"k_pid_pos": [9.999999747378752e-05, 0.9170786142349243, 0.46711182594299316], "k_pid_alt": [1.967392086982727, 1.0, 0.025058060884475708], "k_pid_att": [100.0, 2.3166773319244385, 0.790503740310669], "k_pid_yaw": [0.5, 1e-06, 0.1], "k_pid_hsp": [9.55009937286377, 0.9956363439559937, 0.03995504975318909], "k_pid_vsp": [2.278006076812744, 394.4847106933594, 24.629701614379883]}, "datetime": {"datetime": "2025-08-21 10:56:19", "elapsed": 7896.379146575928, "delta": 23.20505690574646}, "costs": {"total_cost": 1436.8914036615502, "time_cost": 150, "final_distance_cost": 47.345779175882505, "oscillation_cost": 172.7672307743233, "completition_cost": 1000.0, "overshoot_cost": 34.30064438394917, "power_cost": 18.74155046386719, "noise_cost": 13.736198863527774, "n_waypoints_completed": 0, "tot_waypoints": 9}}
{"target": -730.7977557970601, "params": {"k_pid_pos": [1.9999897480010986, 0.5397959351539612, 8.761882781982422e-06], "k_pid_alt": [1.8930764198303223, 0.548836886882782, 0.004494071006774902], "k_pid_att": [99.99999237060547, 1.1697204113006592, 0.8950920701026917], "k_pid_yaw": [0.5, 1e-06, 0.1], "k_pid_hsp": [9.84197998046875, 0.9056205749511719, 0.0039685070514678955], "k_pid_vsp": [33.614898681640625, 377.75750732421875, 16.611757278442383]}, "datetime": {"datetime": "2025-08-21 10:56:42", "elapsed": 7919.371518611908, "delta": 22.992372035980225}, "costs": {"total_cost": 730.7977557970601, "time_cost": 150, "final_distance_cost": 78.99202400147671, "oscillation_cost": 85.85147876307877, "completition_cost": 333.33333333333337, "overshoot_cost": 50.87521929618424, "power_cost": 18.213710900878908, "noise_cost": 13.53198950210811, "n_waypoints_completed": 6, "tot_waypoints": 9}}
{"target": -824.0367142521549, "params": {"k_pid_pos": [2.0, 0.9540107250213623, 0.0], "k_pid_alt": [1.9008183479309082, 1.0, 0.024966955184936523], "k_pid_att": [100.0, 1.1011658906936646, 0.9728530645370483], "k_pid_yaw": [0.5, 1e-06, 0.1], "k_pid_hsp": [9.919515609741211, 0.9929612874984741, 0.012451469898223877], "k_pid_vsp": [91.14869689941406, 349.4210510253906, 63.361572265625]}, "datetime": {"datetime": "2025-08-21 10:57:06", "elapsed": 7942.698181629181, "delta": 23.32666301727295}, "costs": {"total_cost": 824.0367142521549, "time_cost": 150, "final_distance_cost": 54.48764711207889, "oscillation_cost": 81.5968301894858, "completition_cost": 444.4444444444444, "overshoot_cost": 56.78553549048366, "power_cost": 20.577983605957034, "noise_cost": 16.144273409705235, "n_waypoints_completed": 5, "tot_waypoints": 9}}
{"target": -1187.880841537649, "params": {"k_pid_pos": [1.9999994039535522, 0.7967392802238464, 0.0], "k_pid_alt": [1.9103038311004639, 0.2430843710899353, 0.03763306140899658], "k_pid_att": [99.99887084960938, 0.9309179782867432, 0.9174219369888306], "k_pid_yaw": [0.5, 1e-06, 0.1], "k_pid_hsp": [9.634940147399902, 0.9505400061607361, 0.09261450171470642], "k_pid_vsp": [15.49130630493164, 300.7538757324219, 3.463984489440918]}, "datetime": {"datetime": "2025-08-21 10:57:29", "elapsed": 7965.777779817581, "delta": 23.07959818840027}, "costs": {"total_cost": 1187.880841537649, "time_cost": 150, "final_distance_cost": 83.84790529714272, "oscillation_cost": 89.31729756506479, "completition_cost": 777.7777777777778, "overshoot_cost": 42.52755373904831, "power_cost": 26.437573669433593, "noise_cost": 17.972733489182026, "n_waypoints_completed": 2, "tot_waypoints": 9}}
{"target": -1202.3436879779356, "params": {"k_pid_pos": [2.0, 0.854418933391571, 0.0004311203956604004], "k_pid_alt": [1.9149867296218872, 0.9996565580368042, 0.019808471202850342], "k_pid_att": [100.0, 0.20671802759170532, 0.8916071057319641], "k_pid_yaw": [0.5, 1e-06, 0.1], "k_pid_hsp": [9.875381469726562, 0.885749340057373, 0.0436154305934906], "k_pid_vsp": [26.31466293334961, 374.2620544433594, 17.32977867126465]}, "datetime": {"datetime": "2025-08-21 10:57:52", "elapsed": 7988.933669567108, "delta": 23.155889749526978}, "costs": {"total_cost": 1202.3436879779356, "time_cost": 150, "final_distance_cost": 87.9395088882673, "oscillation_cost": 100.42374137588901, "completition_cost": 777.7777777777778, "overshoot_cost": 52.01522904669761, "power_cost": 19.75722705078125, "noise_cost": 14.430203838522608, "n_waypoints_completed": 2, "tot_waypoints": 9}}
{"target": -1265.1648462500991, "params": {"k_pid_pos": [0.00011662886390695348, 0.9727441072463989, 0.9999999403953552], "k_pid_alt": [1.9871947765350342, 0.8689433336257935, 0.01041916012763977], "k_pid_att": [99.9815444946289, 0.20653921365737915, 0.9861241579055786], "k_pid_yaw": [0.5, 1e-06, 0.1], "k_pid_hsp": [9.693318367004395, 0.961762547492981, 0.002838432788848877], "k_pid_vsp": [333.69537353515625, 359.4345397949219, 8.91381549835205]}, "datetime": {"datetime": "2025-08-21 10:58:15", "elapsed": 8012.2308785915375, "delta": 23.29720902442932}, "costs": {"total_cost": 1265.1648462500991, "time_cost": 150, "final_distance_cost": 64.25893741442026, "oscillation_cost": 90.5786314615511, "completition_cost": 888.8888888888888, "overshoot_cost": 31.91102028149591, "power_cost": 22.201401916503908, "noise_cost": 17.32596628723902, "n_waypoints_completed": 1, "tot_waypoints": 9}}
{"target": -343.33211194366675, "params": {"k_pid_pos": [1.999999761581421, 0.983405351638794, 0.9934712052345276], "k_pid_alt": [1.7470768690109253, 0.9999998807907104, 0.03693661093711853], "k_pid_att": [100.0, 0.7325837016105652, 0.9888129830360413], "k_pid_yaw": [0.5, 1e-06, 0.1], "k_pid_hsp": [9.917317390441895, 0.9923549890518188, 0.013207435607910156], "k_pid_vsp": [66.86537170410156, 339.18609619140625, 65.50047302246094]}, "datetime": {"datetime": "2025-08-21 10:58:37", "elapsed": 8033.893035650253, "delta": 21.66215705871582}, "costs": {"total_cost": 343.33211194366675, "time_cost": 94.144, "final_distance_cost": 1.7329392964245673, "oscillation_cost": 144.52831992305107, "completition_cost": 0.0, "overshoot_cost": 58.54214019689438, "power_cost": 26.252915820312502, "noise_cost": 18.13179670698424, "n_waypoints_completed": 9, "tot_waypoints": 9}}
{"target": -1360.854463393446, "params": {"k_pid_pos": [1.9373974800109863, 0.949213981628418, 4.738569259643555e-06], "k_pid_alt": [1.9860975742340088, 1.0, 0.05789420008659363], "k_pid_att": [100.0, 0.7078259587287903, 0.8561149835586548], "k_pid_yaw": [0.5, 1e-06, 0.1], "k_pid_hsp": [9.444093704223633, 0.9316297769546509, 0.04594343900680542], "k_pid_vsp": [8.301877975463867, 377.8577880859375, 104.97348022460938]}, "datetime": {"datetime": "2025-08-21 10:59:01", "elapsed": 8057.488750934601, "delta": 23.595715284347534}, "costs": {"total_cost": 1360.854463393446, "time_cost": 150, "final_distance_cost": 45.92634766572788, "oscillation_cost": 87.65307315103745, "completition_cost": 1000.0, "overshoot_cost": 35.65087776357046, "power_cost": 24.305843688964845, "noise_cost": 17.31832112414528, "n_waypoints_completed": 0, "tot_waypoints": 9}}
{"target": -717.6825996328446, "params": {"k_pid_pos": [2.0, 0.8111391663551331, 0.0], "k_pid_alt": [1.9855068922042847, 0.013667434453964233, 0.027788817882537842], "k_pid_att": [99.99976348876953, 0.18029198050498962, 0.9940234422683716], "k_pid_yaw": [0.5, 1e-06, 0.1], "k_pid_hsp": [9.83251667022705, 0.9018966555595398, 0.05260258913040161], "k_pid_vsp": [20.529949188232422, 165.96267700195312, 8.821393013000488]}, "datetime": {"datetime": "2025-08-21 10:59:25", "elapsed": 8081.53572511673, "delta": 24.046974182128906}, "costs": {"total_cost": 717.6825996328446, "time_cost": 150, "final_distance_cost": 65.94248099033912, "oscillation_cost": 84.88417143045014, "completition_cost": 333.33333333333337, "overshoot_cost": 53.32844462463451, "power_cost": 16.235424877929688, "noise_cost": 13.958744376157913, "n_waypoints_completed": 6, "tot_waypoints": 9}}
{"target": -3571.800839532729, "params": {"k_pid_pos": [1.9997295141220093, 0.5604650974273682, 0.995816707611084], "k_pid_alt": [1.9967316389083862, 1.0, 0.05149167776107788], "k_pid_att": [0.0, 1.1885826587677002, 0.8150432109832764], "k_pid_yaw": [0.5, 1e-06, 0.1], "k_pid_hsp": [8.990699768066406, 0.9201365113258362, 0.023559123277664185], "k_pid_vsp": [10.877191543579102, 355.40899658203125, 32.37248611450195]}, "datetime": {"datetime": "2025-08-21 10:59:48", "elapsed": 8104.986924409866, "delta": 23.451199293136597}, "costs": {"total_cost": 3571.800839532729, "time_cost": 150, "final_distance_cost": 424.4465911547554, "oscillation_cost": 901.5950483901609, "completition_cost": 1000.0, "overshoot_cost": 962.7505197564687, "power_cost": 35.6222348022461, "noise_cost": 97.38644542909728, "n_waypoints_completed": 0, "tot_waypoints": 9}}
{"target": -1404.033980573435, "params": {"k_pid_pos": [0.007439468055963516, 0.9968466758728027, 0.0037490129470825195], "k_pid_alt": [1.9882168769836426, 1.0, 0.011203616857528687], "k_pid_att": [99.8604736328125, 0.34918123483657837, 0.9721876382827759], "k_pid_yaw": [0.5, 1e-06, 0.1], "k_pid_hsp": [9.763914108276367, 0.9440765976905823, 0.08474206924438477], "k_pid_vsp": [44.6798095703125, 342.01495361328125, 18.25702476501465]}, "datetime": {"datetime": "2025-08-21 11:00:12", "elapsed": 8128.544233322144, "delta": 23.55730891227722}, "costs": {"total_cost": 1404.033980573435, "time_cost": 150, "final_distance_cost": 45.680216883894026, "oscillation_cost": 125.91841387515821, "completition_cost": 1000.0, "overshoot_cost": 45.66628466691146, "power_cost": 21.587714672851565, "noise_cost": 15.181350474619853, "n_waypoints_completed": 0, "tot_waypoints": 9}}
{"target": -1248.3041230533545, "params": {"k_pid_pos": [0.33882686495780945, 0.976914644241333, 0.0], "k_pid_alt": [1.9696325063705444, 1.0, 0.0054100751876831055], "k_pid_att": [99.99999237060547, 0.062034569680690765, 0.989020049571991], "k_pid_yaw": [0.5, 1e-06, 0.1], "k_pid_hsp": [9.778757095336914, 0.9952983260154724, 0.025321930646896362], "k_pid_vsp": [154.39227294921875, 380.7017822265625, 83.66239166259766]}, "datetime": {"datetime": "2025-08-21 11:00:35", "elapsed": 8151.604610919952, "delta": 23.060377597808838}, "costs": {"total_cost": 1248.3041230533545, "time_cost": 150, "final_distance_cost": 62.734574403045656, "oscillation_cost": 71.82858694158341, "completition_cost": 888.8888888888888, "overshoot_cost": 36.97023822138223, "power_cost": 21.88007938232422, "noise_cost": 16.001755216130057, "n_waypoints_completed": 1, "tot_waypoints": 9}}
{"target": -429.45202344084674, "params": {"k_pid_pos": [1.9956560134887695, 0.7544205188751221, 1.0], "k_pid_alt": [1.963843584060669, 1.0, 0.26528334617614746], "k_pid_att": [63.02196502685547, 1.1372599601745605, 0.7728118896484375], "k_pid_yaw": [0.5, 1e-06, 0.1], "k_pid_hsp": [9.807389259338379, 0.9615381956100464, 0.2788080871105194], "k_pid_vsp": [65.51663970947266, 372.42962646484375, 67.80054473876953]}, "datetime": {"datetime": "2025-08-21 11:00:58", "elapsed": 8174.492517948151, "delta": 22.887907028198242}, "costs": {"total_cost": 429.45202344084674, "time_cost": 98.536, "final_distance_cost": 1.7320405168813502, "oscillation_cost": 228.65520320985377, "completition_cost": 0.0, "overshoot_cost": 58.61097515294254, "power_cost": 23.667862329101563, "noise_cost": 18.249942232067493, "n_waypoints_completed": 9, "tot_waypoints": 9}}
{"target": -1200.5886218443497, "params": {"k_pid_pos": [1.9999998807907104, 0.9959430694580078, 0.3835371136665344], "k_pid_alt": [1.8506126403808594, 0.9999986290931702, 0.0250512957572937], "k_pid_att": [100.0, 0.38445132970809937, 0.9660230875015259], "k_pid_yaw": [0.5, 1e-06, 0.1], "k_pid_hsp": [7.691714763641357, 0.9807640910148621, 0.05232304334640503], "k_pid_vsp": [12.912166595458984, 397.69036865234375, 8.889509201049805]}, "datetime": {"datetime": "2025-08-21 11:01:21", "elapsed": 8197.83804154396, "delta": 23.345523595809937}, "costs": {"total_cost": 1200.5886218443497, "time_cost": 150, "final_distance_cost": 84.72690613015858, "oscillation_cost": 99.37851250815868, "completition_cost": 777.7777777777778, "overshoot_cost": 45.41434446919295, "power_cost": 25.717099084472657, "noise_cost": 17.573981874589244, "n_waypoints_completed": 2, "tot_waypoints": 9}}
{"target": -634.9138493227168, "params": {"k_pid_pos": [0.8077589869499207, 0.760372519493103, 0.21553659439086914], "k_pid_alt": [1.9695649147033691, 0.9895009398460388, 0.016897112131118774], "k_pid_att": [100.0, 1.3423644304275513, 0.9488340616226196], "k_pid_yaw": [0.5, 1e-06, 0.1], "k_pid_hsp": [8.769428253173828, 0.7117739319801331, 0.04198116064071655], "k_pid_vsp": [130.6559600830078, 187.43226623535156, 11.239089012145996]}, "datetime": {"datetime": "2025-08-21 11:01:44", "elapsed": 8220.913963794708, "delta": 23.07592225074768}, "costs": {"total_cost": 634.9138493227168, "time_cost": 150, "final_distance_cost": 64.27192889744073, "oscillation_cost": 113.72986764911367, "completition_cost": 222.2222222222222, "overshoot_cost": 47.79741847069515, "power_cost": 19.818509509277344, "noise_cost": 17.073902573967892, "n_waypoints_completed": 7, "tot_waypoints": 9}}
{"target": -980.684828019721, "params": {"k_pid_pos": [1.9999934434890747, 0.9792323708534241, 0.9999971389770508], "k_pid_alt": [1.8142683506011963, 1.0, 0.021105408668518066], "k_pid_att": [100.0, 0.2850150763988495, 0.6687606573104858], "k_pid_yaw": [0.5, 1e-06, 0.1], "k_pid_hsp": [9.916444778442383, 0.9279277324676514, 0.019666403532028198], "k_pid_vsp": [2.78167724609375, 367.38604736328125, 8.84916877746582]}, "datetime": {"datetime": "2025-08-21 11:02:07", "elapsed": 8244.019291877747, "delta": 23.10532808303833}, "costs": {"total_cost": 980.684828019721, "time_cost": 150, "final_distance_cost": 46.84918333743759, "oscillation_cost": 244.9460252363429, "completition_cost": 444.4444444444444, "overshoot_cost": 65.15574000298457, "power_cost": 15.733951770019532, "noise_cost": 13.555483228491978, "n_waypoints_completed": 5, "tot_waypoints": 9}}
{"target": -856.945214110377, "params": {"k_pid_pos": [2.0, 0.9672421216964722, 5.960464477539063e-08], "k_pid_alt": [1.9895694255828857, 0.9998303651809692, 0.01254737377166748], "k_pid_att": [100.0, 1.0736937522888184, 0.9697083234786987], "k_pid_yaw": [0.5, 1e-06, 0.1], "k_pid_hsp": [9.842499732971191, 0.7516191005706787, 0.28927114605903625], "k_pid_vsp": [23.264419555664062, 375.5730285644531, 10.250187873840332]}, "datetime": {"datetime": "2025-08-21 11:02:30", "elapsed": 8267.120852947235, "delta": 23.101561069488525}, "costs": {"total_cost": 856.945214110377, "time_cost": 150, "final_distance_cost": 47.75164631689562, "oscillation_cost": 119.65588459286606, "completition_cost": 444.4444444444444, "overshoot_cost": 54.294782190861774, "power_cost": 23.208339111328126, "noise_cost": 17.590117453981094, "n_waypoints_completed": 5, "tot_waypoints": 9}}
