{"target": -329.1553000695391, "params": {"k_pid_pos": [1.9928644895553589, 0.9545817375183105, 0.999942421913147], "k_pid_alt": [1.9771519899368286, 1.0, 0.0022979676723480225], "k_pid_att": [100.0, 0.18461595475673676, 0.9844217300415039], "k_pid_yaw": [0.5, 1e-06, 0.1], "k_pid_hsp": [9.889739036560059, 0.9864159822463989, 0.00454375147819519], "k_pid_vsp": [16.418254852294922, 385.7922668457031, 1.825512409210205]}, "datetime": {"datetime": "2025-08-21 20:25:56", "elapsed": 42073.13264751434, "delta": 22.60184383392334}, "costs": {"total_cost": 329.1553000695391, "time_cost": 96.936, "final_distance_cost": 1.761831383170315, "oscillation_cost": 138.43943573996404, "completition_cost": 0.0, "overshoot_cost": 56.597859042649254, "power_cost": 19.862555102539062, "noise_cost": 15.557618801216408, "n_waypoints_completed": 9, "tot_waypoints": 9}}
{"target": -784.2889647842934, "params": {"k_pid_pos": [2.0, 0.9899187684059143, 1.0], "k_pid_alt": [1.5127898454666138, 1.0, 0.004564642906188965], "k_pid_att": [100.0, 0.01088535226881504, 0.9801491498947144], "k_pid_yaw": [0.5, 1e-06, 0.1], "k_pid_hsp": [9.92655086517334, 0.9932973384857178, 0.01405566930770874], "k_pid_vsp": [8.076154708862305, 394.9129333496094, 9.303093910217285]}, "datetime": {"datetime": "2025-08-21 20:26:21", "elapsed": 42098.238931655884, "delta": 25.106284141540527}, "costs": {"total_cost": 784.2889647842934, "time_cost": 150, "final_distance_cost": 62.637531233053025, "oscillation_cost": 138.6847055655492, "completition_cost": 333.33333333333337, "overshoot_cost": 53.45056071803374, "power_cost": 26.590845324707033, "noise_cost": 19.59198860961696, "n_waypoints_completed": 6, "tot_waypoints": 9}}
{"target": -847.4251097468376, "params": {"k_pid_pos": [2.0, 0.9516109824180603, 1.0], "k_pid_alt": [1.843802571296692, 1.0, 0.005344003438949585], "k_pid_att": [100.0, 0.021277913823723793, 0.9934642314910889], "k_pid_yaw": [0.5, 1e-06, 0.1], "k_pid_hsp": [9.980299949645996, 0.9728829860687256, 0.03653332591056824], "k_pid_vsp": [1.1681556701660156, 398.5928649902344, 4.365623950958252]}, "datetime": {"datetime": "2025-08-21 20:26:45", "elapsed": 42122.34710597992, "delta": 24.108174324035645}, "costs": {"total_cost": 847.4251097468376, "time_cost": 150, "final_distance_cost": 66.11923335879791, "oscillation_cost": 204.3702559478534, "completition_cost": 333.33333333333337, "overshoot_cost": 55.250292766964165, "power_cost": 21.924542431640624, "noise_cost": 16.42745190824809, "n_waypoints_completed": 6, "tot_waypoints": 9}}
{"target": -811.1726842899012, "params": {"k_pid_pos": [2.0, 0.9936290979385376, 1.0], "k_pid_alt": [1.9866780042648315, 1.0, 0.005557715892791748], "k_pid_att": [100.0, 0.15494327247142792, 0.9860125780105591], "k_pid_yaw": [0.5, 1e-06, 0.1], "k_pid_hsp": [9.612027168273926, 0.9843356013298035, 0.007288128137588501], "k_pid_vsp": [5.410099029541016, 389.5665283203125, 0.922370970249176]}, "datetime": {"datetime": "2025-08-21 20:27:10", "elapsed": 42146.43478703499, "delta": 24.08768105506897}, "costs": {"total_cost": 811.1726842899012, "time_cost": 150, "final_distance_cost": 71.17022537918366, "oscillation_cost": 169.66949162955117, "completition_cost": 333.33333333333337, "overshoot_cost": 52.701794241755444, "power_cost": 19.339261938476564, "noise_cost": 14.958577767600982, "n_waypoints_completed": 6, "tot_waypoints": 9}}
{"target": -893.0387672542737, "params": {"k_pid_pos": [1.7771860361099243, 0.9701414108276367, 0.9999997615814209], "k_pid_alt": [1.9149723052978516, 1.0, 0.019330322742462158], "k_pid_att": [100.0, 0.1161845475435257, 0.998680055141449], "k_pid_yaw": [0.5, 1e-06, 0.1], "k_pid_hsp": [9.965694427490234, 0.9714657068252563, 0.012301027774810791], "k_pid_vsp": [13.452899932861328, 393.77154541015625, 2.2167930603027344]}, "datetime": {"datetime": "2025-08-21 20:27:34", "elapsed": 42170.70670771599, "delta": 24.271920680999756}, "costs": {"total_cost": 893.0387672542737, "time_cost": 150, "final_distance_cost": 52.53898374552911, "oscillation_cost": 160.54062632214954, "completition_cost": 444.4444444444444, "overshoot_cost": 52.21627854105857, "power_cost": 19.296355395507813, "noise_cost": 14.002078805584182, "n_waypoints_completed": 5, "tot_waypoints": 9}}
{"target": -1212.6001812235604, "params": {"k_pid_pos": [2.0, 0.9890496730804443, 4.589557647705078e-06], "k_pid_alt": [1.9680891036987305, 0.9999998807907104, 0.010550916194915771], "k_pid_att": [100.0, 0.31130313873291016, 0.9798000454902649], "k_pid_yaw": [0.5, 1e-06, 0.1], "k_pid_hsp": [9.88200569152832, 0.8627120852470398, 0.006887614727020264], "k_pid_vsp": [4.5859694480896, 388.1531677246094, 6.053818225860596]}, "datetime": {"datetime": "2025-08-21 20:27:57", "elapsed": 42193.645496845245, "delta": 22.938789129257202}, "costs": {"total_cost": 1212.6001812235604, "time_cost": 150, "final_distance_cost": 101.7890189690396, "oscillation_cost": 103.78604651584334, "completition_cost": 777.7777777777778, "overshoot_cost": 48.32969281706135, "power_cost": 17.943953479003905, "noise_cost": 12.973691664834114, "n_waypoints_completed": 2, "tot_waypoints": 9}}
{"target": -675.3045431578036, "params": {"k_pid_pos": [2.0, 0.9845960736274719, 1.0], "k_pid_alt": [1.914328932762146, 1.0, 0.023106813430786133], "k_pid_att": [100.0, 0.28176426887512207, 0.9666248559951782], "k_pid_yaw": [0.5, 1e-06, 0.1], "k_pid_hsp": [9.899107933044434, 0.9430533647537231, 0.007729202508926392], "k_pid_vsp": [8.041465759277344, 397.60784912109375, 24.31917381286621]}, "datetime": {"datetime": "2025-08-21 20:28:25", "elapsed": 42221.70472860336, "delta": 28.059231758117676}, "costs": {"total_cost": 675.3045431578036, "time_cost": 150, "final_distance_cost": 64.83770616455206, "oscillation_cost": 141.35652098730216, "completition_cost": 222.2222222222222, "overshoot_cost": 53.2165577499067, "power_cost": 24.874417736816408, "noise_cost": 18.797118297004047, "n_waypoints_completed": 7, "tot_waypoints": 9}}
{"target": -930.2184016829704, "params": {"k_pid_pos": [2.0, 0.9811481237411499, 0.006095975637435913], "k_pid_alt": [1.9741082191467285, 1.0, 0.05222266912460327], "k_pid_att": [100.0, 0.3424069285392761, 0.9709421396255493], "k_pid_yaw": [0.5, 1e-06, 0.1], "k_pid_hsp": [9.787185668945312, 0.9938234090805054, 0.00206071138381958], "k_pid_vsp": [1.5787124633789062, 392.29437255859375, 4.806543350219727]}, "datetime": {"datetime": "2025-08-21 20:28:51", "elapsed": 42247.7271296978, "delta": 26.022401094436646}, "costs": {"total_cost": 930.2184016829704, "time_cost": 150, "final_distance_cost": 45.59466604152917, "oscillation_cost": 80.70776146657056, "completition_cost": 555.5555555555555, "overshoot_cost": 58.14579588993196, "power_cost": 23.23183394775391, "noise_cost": 16.982788781629225, "n_waypoints_completed": 4, "tot_waypoints": 9}}
{"target": -1352.0834223995364, "params": {"k_pid_pos": [2.0, 0.9975532293319702, 0.0012531876564025879], "k_pid_alt": [1.987464427947998, 0.9999971389770508, 0.005778789520263672], "k_pid_att": [100.0, 0.28617915511131287, 0.9954708218574524], "k_pid_yaw": [0.5, 1e-06, 0.1], "k_pid_hsp": [9.575994491577148, 0.9645417928695679, 0.031772881746292114], "k_pid_vsp": [22.980236053466797, 399.5938415527344, 2.7823100090026855]}, "datetime": {"datetime": "2025-08-21 20:29:16", "elapsed": 42272.77901649475, "delta": 25.051886796951294}, "costs": {"total_cost": 1352.0834223995364, "time_cost": 150, "final_distance_cost": 37.51037895903425, "oscillation_cost": 87.9109096922602, "completition_cost": 1000.0, "overshoot_cost": 39.56104919984195, "power_cost": 21.846442993164064, "noise_cost": 15.254641555235736, "n_waypoints_completed": 0, "tot_waypoints": 9}}
{"target": -782.6140280751348, "params": {"k_pid_pos": [2.0, 0.9803371429443359, 0.9999592304229736], "k_pid_alt": [1.928396224975586, 1.0, 0.04944673180580139], "k_pid_att": [100.0, 0.39951565861701965, 0.9871962070465088], "k_pid_yaw": [0.5, 1e-06, 0.1], "k_pid_hsp": [9.571038246154785, 0.9817379117012024, 0.007968246936798096], "k_pid_vsp": [10.299491882324219, 397.9444885253906, 1.5394935607910156]}, "datetime": {"datetime": "2025-08-21 20:29:41", "elapsed": 42297.606973171234, "delta": 24.827956676483154}, "costs": {"total_cost": 782.6140280751348, "time_cost": 150, "final_distance_cost": 69.61876967845961, "oscillation_cost": 139.69991642380327, "completition_cost": 333.33333333333337, "overshoot_cost": 51.82465426231561, "power_cost": 21.96230078125, "noise_cost": 16.17505359597308, "n_waypoints_completed": 6, "tot_waypoints": 9}}
{"target": -723.7046986092911, "params": {"k_pid_pos": [1.999999761581421, 0.9964123964309692, 1.0], "k_pid_alt": [1.9923677444458008, 1.0, 0.031939804553985596], "k_pid_att": [100.0, 0.24902498722076416, 0.9727691411972046], "k_pid_yaw": [0.5, 1e-06, 0.1], "k_pid_hsp": [9.931134223937988, 0.9929072856903076, 0.0538848340511322], "k_pid_vsp": [3.858959674835205, 397.8133544921875, 4.068351745605469]}, "datetime": {"datetime": "2025-08-21 20:30:05", "elapsed": 42321.50118470192, "delta": 23.894211530685425}, "costs": {"total_cost": 723.7046986092911, "time_cost": 150, "final_distance_cost": 69.16209397376991, "oscillation_cost": 192.52551110048563, "completition_cost": 222.2222222222222, "overshoot_cost": 53.717641557373156, "power_cost": 21.19438612060547, "noise_cost": 14.882843634834758, "n_waypoints_completed": 7, "tot_waypoints": 9}}
{"target": -1189.535696387584, "params": {"k_pid_pos": [2.0, 0.9740952253341675, 0.9990901350975037], "k_pid_alt": [1.8295704126358032, 1.0, 0.010987699031829834], "k_pid_att": [99.9970703125, 0.30841055512428284, 0.9857286214828491], "k_pid_yaw": [0.5, 1e-06, 0.1], "k_pid_hsp": [9.926397323608398, 0.9955159425735474, 0.007187694311141968], "k_pid_vsp": [3.876042366027832, 397.8358459472656, 4.338932991027832]}, "datetime": {"datetime": "2025-08-21 20:30:30", "elapsed": 42346.94345521927, "delta": 25.442270517349243}, "costs": {"total_cost": 1189.535696387584, "time_cost": 150, "final_distance_cost": 235.64240595429501, "oscillation_cost": 194.72098216107761, "completition_cost": 444.4444444444444, "overshoot_cost": 135.71875534037596, "power_cost": 16.201777478027346, "noise_cost": 12.807331009363713, "n_waypoints_completed": 5, "tot_waypoints": 9}}
{"target": -500.41789900056943, "params": {"k_pid_pos": [2.0, 0.9831882119178772, 1.0], "k_pid_alt": [1.9323604106903076, 1.0, 0.023812025785446167], "k_pid_att": [100.0, 0.4756234586238861, 0.9758966565132141], "k_pid_yaw": [0.5, 1e-06, 0.1], "k_pid_hsp": [9.586398124694824, 0.996222198009491, 0.010596930980682373], "k_pid_vsp": [107.4239273071289, 393.8113708496094, 9.495116233825684]}, "datetime": {"datetime": "2025-08-21 20:30:55", "elapsed": 42371.90791940689, "delta": 24.96446418762207}, "costs": {"total_cost": 500.41789900056943, "time_cost": 150, "final_distance_cost": 6.959218457354224, "oscillation_cost": 139.16344397580215, "completition_cost": 111.11111111111116, "overshoot_cost": 58.41951226774666, "power_cost": 18.71730947265625, "noise_cost": 16.047303715898966, "n_waypoints_completed": 8, "tot_waypoints": 9}}
{"target": -721.3282212960853, "params": {"k_pid_pos": [2.0, 0.96504807472229, 1.0], "k_pid_alt": [1.9779398441314697, 1.0, 0.03662228584289551], "k_pid_att": [2.9321670532226562, 0.35837993025779724, 0.9690767526626587], "k_pid_yaw": [0.5, 1e-06, 0.1], "k_pid_hsp": [9.794473648071289, 0.9811208248138428, 0.00720590353012085], "k_pid_vsp": [17.147613525390625, 393.1517639160156, 4.638088703155518]}, "datetime": {"datetime": "2025-08-21 20:31:19", "elapsed": 42395.79024004936, "delta": 23.882320642471313}, "costs": {"total_cost": 721.3282212960853, "time_cost": 150, "final_distance_cost": 67.51072127249144, "oscillation_cost": 82.07371555214678, "completition_cost": 333.33333333333337, "overshoot_cost": 53.849599758484956, "power_cost": 19.758612707519532, "noise_cost": 14.802238672109262, "n_waypoints_completed": 6, "tot_waypoints": 9}}
{"target": -359.2285896258236, "params": {"k_pid_pos": [2.0, 0.9841593503952026, 1.0], "k_pid_alt": [1.9609520435333252, 1.0, 0.013600826263427734], "k_pid_att": [100.0, 0.45014452934265137, 0.9583781361579895], "k_pid_yaw": [0.5, 1e-06, 0.1], "k_pid_hsp": [9.762080192565918, 0.9905316233634949, 0.03683784604072571], "k_pid_vsp": [2.3743510246276855, 372.093994140625, 31.55739402770996]}, "datetime": {"datetime": "2025-08-21 20:31:43", "elapsed": 42419.70236158371, "delta": 23.912121534347534}, "costs": {"total_cost": 359.2285896258236, "time_cost": 95.04, "final_distance_cost": 1.7283125028647914, "oscillation_cost": 168.81494219828468, "completition_cost": 0.0, "overshoot_cost": 58.467938484294045, "power_cost": 20.155622192382815, "noise_cost": 15.02177424799723, "n_waypoints_completed": 9, "tot_waypoints": 9}}
{"target": -734.0785510089573, "params": {"k_pid_pos": [2.0, 0.9778869152069092, 1.0], "k_pid_alt": [1.9754356145858765, 1.0, 0.013206809759140015], "k_pid_att": [100.0, 0.20333042740821838, 0.9942663908004761], "k_pid_yaw": [0.5, 1e-06, 0.1], "k_pid_hsp": [9.988198280334473, 0.994429886341095, 0.0168817937374115], "k_pid_vsp": [5.741775035858154, 398.39849853515625, 6.4322123527526855]}, "datetime": {"datetime": "2025-08-21 20:32:06", "elapsed": 42442.85523366928, "delta": 23.15287208557129}, "costs": {"total_cost": 734.0785510089573, "time_cost": 150, "final_distance_cost": 67.889757582573, "oscillation_cost": 202.0932461900755, "completition_cost": 222.2222222222222, "overshoot_cost": 59.35521515320914, "power_cost": 18.83008709716797, "noise_cost": 13.688022763709549, "n_waypoints_completed": 7, "tot_waypoints": 9}}
{"target": -974.9124974875928, "params": {"k_pid_pos": [2.0, 0.983543872833252, 1.0], "k_pid_alt": [1.9923728704452515, 1.0, 0.03039860725402832], "k_pid_att": [100.0, 0.5664776563644409, 0.998223066329956], "k_pid_yaw": [0.5, 1e-06, 0.1], "k_pid_hsp": [9.719780921936035, 0.9930354356765747, 0.00623011589050293], "k_pid_vsp": [11.525238037109375, 396.5419921875, 15.27302360534668]}, "datetime": {"datetime": "2025-08-21 20:32:31", "elapsed": 42467.524473667145, "delta": 24.66923999786377}, "costs": {"total_cost": 974.9124974875928, "time_cost": 150, "final_distance_cost": 47.00489759681573, "oscillation_cost": 143.04900368799508, "completition_cost": 555.5555555555555, "overshoot_cost": 49.65956923718064, "power_cost": 16.258790551757812, "noise_cost": 13.384680858287826, "n_waypoints_completed": 4, "tot_waypoints": 9}}
{"target": -801.7414352792896, "params": {"k_pid_pos": [2.0, 0.9607255458831787, 1.0], "k_pid_alt": [1.9199018478393555, 0.9999993443489075, 0.07588192820549011], "k_pid_att": [100.0, 0.14277450740337372, 0.9808715581893921], "k_pid_yaw": [0.5, 1e-06, 0.1], "k_pid_hsp": [9.868203163146973, 0.9703366756439209, 0.0109175443649292], "k_pid_vsp": [1.6682982444763184, 398.67596435546875, 11.767459869384766]}, "datetime": {"datetime": "2025-08-21 20:32:55", "elapsed": 42492.038408994675, "delta": 24.513935327529907}, "costs": {"total_cost": 801.7414352792896, "time_cost": 150, "final_distance_cost": 52.41156374026657, "oscillation_cost": 180.35884054492047, "completition_cost": 333.33333333333337, "overshoot_cost": 48.04594133660038, "power_cost": 21.261125903320313, "noise_cost": 16.33063042084834, "n_waypoints_completed": 6, "tot_waypoints": 9}}
{"target": -1102.3058859061985, "params": {"k_pid_pos": [2.0, 0.9090598821640015, 0.999999463558197], "k_pid_alt": [1.9891810417175293, 1.0, 0.010154932737350464], "k_pid_att": [100.0, 0.20699220895767212, 0.9951608180999756], "k_pid_yaw": [0.5, 1e-06, 0.1], "k_pid_hsp": [9.813080787658691, 0.9832900166511536, 0.011522859334945679], "k_pid_vsp": [3.8593649864196777, 371.5048828125, 9.463525772094727]}, "datetime": {"datetime": "2025-08-21 20:33:18", "elapsed": 42515.06985592842, "delta": 23.031446933746338}, "costs": {"total_cost": 1102.3058859061985, "time_cost": 150, "final_distance_cost": 55.646933212504074, "oscillation_cost": 142.72996033636568, "completition_cost": 666.6666666666667, "overshoot_cost": 54.555659381801796, "power_cost": 18.987630432128906, "noise_cost": 13.7190358767311, "n_waypoints_completed": 3, "tot_waypoints": 9}}
{"target": -296.69028788564, "params": {"k_pid_pos": [2.0, 0.9951571226119995, 1.0], "k_pid_alt": [1.9271113872528076, 1.0, 0.02733805775642395], "k_pid_att": [100.0, 0.03413153067231178, 0.9883596897125244], "k_pid_yaw": [0.5, 1e-06, 0.1], "k_pid_hsp": [9.903169631958008, 0.9224660992622375, 0.006452322006225586], "k_pid_vsp": [4.547572135925293, 398.6707763671875, 6.753135681152344]}, "datetime": {"datetime": "2025-08-21 20:33:42", "elapsed": 42538.655693769455, "delta": 23.585837841033936}, "costs": {"total_cost": 296.69028788564, "time_cost": 87.336, "final_distance_cost": 1.7187431123132484, "oscillation_cost": 118.19562653628103, "completition_cost": 0.0, "overshoot_cost": 56.20911539698227, "power_cost": 19.37455635986328, "noise_cost": 13.85624648020012, "n_waypoints_completed": 9, "tot_waypoints": 9}}
{"target": -635.53806412521, "params": {"k_pid_pos": [2.0, 0.9894888401031494, 1.0], "k_pid_alt": [1.9958317279815674, 1.0, 0.012334734201431274], "k_pid_att": [38.875492095947266, 0.25688108801841736, 0.971592903137207], "k_pid_yaw": [0.5, 1e-06, 0.1], "k_pid_hsp": [9.356207847595215, 0.9520037174224854, 0.015516847372055054], "k_pid_vsp": [13.936746597290039, 398.2225036621094, 5.224872589111328]}, "datetime": {"datetime": "2025-08-21 20:34:05", "elapsed": 42561.595569849014, "delta": 22.939876079559326}, "costs": {"total_cost": 635.53806412521, "time_cost": 150, "final_distance_cost": 64.42552431258707, "oscillation_cost": 108.35859828437734, "completition_cost": 222.2222222222222, "overshoot_cost": 51.71547766995731, "power_cost": 22.174767321777345, "noise_cost": 16.64147431428878, "n_waypoints_completed": 7, "tot_waypoints": 9}}
{"target": -1178.227003924522, "params": {"k_pid_pos": [2.0, 0.9579606056213379, 0.0026106536388397217], "k_pid_alt": [1.9632704257965088, 1.0, 0.07052981853485107], "k_pid_att": [100.0, 0.07155273854732513, 0.9966754913330078], "k_pid_yaw": [0.5, 1e-06, 0.1], "k_pid_hsp": [9.969053268432617, 0.9940047264099121, 0.005435585975646973], "k_pid_vsp": [22.52610969543457, 394.32879638671875, 2.4794230461120605]}, "datetime": {"datetime": "2025-08-21 20:34:30", "elapsed": 42586.605946302414, "delta": 25.010376453399658}, "costs": {"total_cost": 1178.227003924522, "time_cost": 150, "final_distance_cost": 64.30773438463807, "oscillation_cost": 76.33412769272441, "completition_cost": 777.7777777777778, "overshoot_cost": 63.16845261263234, "power_cost": 24.290518139648437, "noise_cost": 22.34839331710106, "n_waypoints_completed": 2, "tot_waypoints": 9}}
{"target": -887.0516396871294, "params": {"k_pid_pos": [2.0, 0.9964903593063354, 0.9801263809204102], "k_pid_alt": [1.9611060619354248, 1.0, 0.04368177056312561], "k_pid_att": [100.0, 0.06963170319795609, 0.993996262550354], "k_pid_yaw": [0.5, 1e-06, 0.1], "k_pid_hsp": [9.926878929138184, 0.9939819574356079, 0.036155253648757935], "k_pid_vsp": [1.8386602401733398, 395.063720703125, 3.1461963653564453]}, "datetime": {"datetime": "2025-08-21 20:34:53", "elapsed": 42610.33957219124, "delta": 23.733625888824463}, "costs": {"total_cost": 887.0516396871294, "time_cost": 150, "final_distance_cost": 46.45196168591466, "oscillation_cost": 142.39910218164263, "completition_cost": 444.4444444444444, "overshoot_cost": 56.06056561972675, "power_cost": 25.971790258789063, "noise_cost": 21.72377549661205, "n_waypoints_completed": 5, "tot_waypoints": 9}}
{"target": -848.1936473328738, "params": {"k_pid_pos": [2.0, 0.9933741092681885, 1.0], "k_pid_alt": [1.9763503074645996, 1.0, 0.008325636386871338], "k_pid_att": [99.19206237792969, 0.10754404962062836, 0.9517585039138794], "k_pid_yaw": [0.5, 1e-06, 0.1], "k_pid_hsp": [9.16658878326416, 0.9699360132217407, 0.04869619011878967], "k_pid_vsp": [7.76519775390625, 394.2322082519531, 20.89934539794922]}, "datetime": {"datetime": "2025-08-21 20:35:18", "elapsed": 42634.72765088081, "delta": 24.388078689575195}, "costs": {"total_cost": 848.1936473328738, "time_cost": 150, "final_distance_cost": 70.09589709054379, "oscillation_cost": 206.76278778861678, "completition_cost": 333.33333333333337, "overshoot_cost": 50.01237834348146, "power_cost": 21.77925408935547, "noise_cost": 16.20999668754282, "n_waypoints_completed": 6, "tot_waypoints": 9}}
{"target": -375.9628276397839, "params": {"k_pid_pos": [2.0, 0.9977806806564331, 1.0], "k_pid_alt": [1.968582272529602, 1.0, 0.004973918199539185], "k_pid_att": [100.0, 1.4558582305908203, 0.9886859655380249], "k_pid_yaw": [0.5, 1e-06, 0.1], "k_pid_hsp": [9.849383354187012, 0.9005471467971802, 0.018755555152893066], "k_pid_vsp": [1.6991972923278809, 399.3780212402344, 3.696835994720459]}, "datetime": {"datetime": "2025-08-21 20:35:42", "elapsed": 42658.83596801758, "delta": 24.108317136764526}, "costs": {"total_cost": 375.9628276397839, "time_cost": 99.656, "final_distance_cost": 1.767114491148973, "oscillation_cost": 172.7645337930585, "completition_cost": 0.0, "overshoot_cost": 66.1141311748465, "power_cost": 20.70904530029297, "noise_cost": 14.952002880436972, "n_waypoints_completed": 9, "tot_waypoints": 9}}
{"target": -654.8850530892015, "params": {"k_pid_pos": [2.0, 0.9971790313720703, 1.0], "k_pid_alt": [1.9889426231384277, 1.0, 0.00806659460067749], "k_pid_att": [100.0, 0.4802761673927307, 0.9249482154846191], "k_pid_yaw": [0.5, 1e-06, 0.1], "k_pid_hsp": [9.835002899169922, 0.9548526406288147, 0.0051968395709991455], "k_pid_vsp": [3.7641525268554688, 390.4425048828125, 8.042574882507324]}, "datetime": {"datetime": "2025-08-21 20:36:06", "elapsed": 42683.38678216934, "delta": 24.550814151763916}, "costs": {"total_cost": 654.8850530892015, "time_cost": 150, "final_distance_cost": 67.41691078721293, "oscillation_cost": 114.17179834975248, "completition_cost": 222.2222222222222, "overshoot_cost": 54.60192546804544, "power_cost": 25.783945361328126, "noise_cost": 20.68825090064024, "n_waypoints_completed": 7, "tot_waypoints": 9}}
