{"target": -650.865440827692, "params": {"k_pid_pos": [2.0, 0.9984829425811768, 0.5669230222702026], "k_pid_alt": [1.9595732688903809, 1.0, 0.022589683532714844], "k_pid_att": [100.0, 0.06427627801895142, 0.9941548109054565], "k_pid_yaw": [0.5, 1e-06, 0.1], "k_pid_hsp": [9.869802474975586, 0.9972051382064819, 0.026254743337631226], "k_pid_vsp": [4.564464092254639, 393.36956787109375, 6.606269836425781]}, "datetime": {"datetime": "2025-08-21 20:36:32", "elapsed": 42708.76942396164, "delta": 25.382641792297363}, "costs": {"total_cost": 650.865440827692, "time_cost": 150, "final_distance_cost": 66.80925965563529, "oscillation_cost": 117.40963215791295, "completition_cost": 222.2222222222222, "overshoot_cost": 55.04886780950562, "power_cost": 22.263296044921876, "noise_cost": 17.112162937494233, "n_waypoints_completed": 7, "tot_waypoints": 9}}
{"target": -1291.836995056985, "params": {"k_pid_pos": [2.0, 0.968616247177124, 3.17692756652832e-05], "k_pid_alt": [1.9644510746002197, 1.0, 0.024179667234420776], "k_pid_att": [100.0, 0.027531273663043976, 0.9927834272384644], "k_pid_yaw": [0.5, 1e-06, 0.1], "k_pid_hsp": [9.556283950805664, 0.9667344689369202, 0.03192517161369324], "k_pid_vsp": [6.197631359100342, 393.30877685546875, 9.428502082824707]}, "datetime": {"datetime": "2025-08-21 20:36:55", "elapsed": 42731.56000208855, "delta": 22.79057812690735}, "costs": {"total_cost": 1291.836995056985, "time_cost": 150, "final_distance_cost": 65.78653844585996, "oscillation_cost": 108.94064087238907, "completition_cost": 888.8888888888888, "overshoot_cost": 45.44632059189204, "power_cost": 19.10367926025391, "noise_cost": 13.670926997701253, "n_waypoints_completed": 1, "tot_waypoints": 9}}
{"target": -554.6955865387531, "params": {"k_pid_pos": [2.0, 0.996667742729187, 0.9329909086227417], "k_pid_alt": [1.9908397197723389, 1.0, 0.18488061428070068], "k_pid_att": [99.99017333984375, 0.13401897251605988, 0.9893794059753418], "k_pid_yaw": [0.5, 1e-06, 0.1], "k_pid_hsp": [9.816478729248047, 0.9623864889144897, 0.0061997175216674805], "k_pid_vsp": [1.980733871459961, 394.23419189453125, 8.891118049621582]}, "datetime": {"datetime": "2025-08-21 20:37:20", "elapsed": 42756.42990517616, "delta": 24.869903087615967}, "costs": {"total_cost": 554.6955865387531, "time_cost": 150, "final_distance_cost": 44.419197338026805, "oscillation_cost": 150.03983810460673, "completition_cost": 111.11111111111116, "overshoot_cost": 58.22168147299213, "power_cost": 23.619023742675783, "noise_cost": 17.284734769340453, "n_waypoints_completed": 8, "tot_waypoints": 9}}
{"target": -1168.0066479720035, "params": {"k_pid_pos": [2.0, 0.991930365562439, 0.0003020167350769043], "k_pid_alt": [1.9529008865356445, 1.0, 0.009088128805160522], "k_pid_att": [99.99990844726562, 0.049701299518346786, 0.9935470819473267], "k_pid_yaw": [0.5, 1e-06, 0.1], "k_pid_hsp": [9.879810333251953, 0.9967895746231079, 0.01922246813774109], "k_pid_vsp": [1.5924811363220215, 378.7217712402344, 18.562593460083008]}, "datetime": {"datetime": "2025-08-21 20:37:43", "elapsed": 42779.864270210266, "delta": 23.434365034103394}, "costs": {"total_cost": 1168.0066479720035, "time_cost": 150, "final_distance_cost": 65.69895691901829, "oscillation_cost": 85.87164642529886, "completition_cost": 777.7777777777778, "overshoot_cost": 48.74382075717028, "power_cost": 23.73940994873047, "noise_cost": 16.175036144007763, "n_waypoints_completed": 2, "tot_waypoints": 9}}
{"target": -943.504144284812, "params": {"k_pid_pos": [2.0, 0.9897338151931763, 1.0], "k_pid_alt": [1.9892797470092773, 1.0, 0.01347571611404419], "k_pid_att": [100.0, 0.23330172896385193, 0.9988270401954651], "k_pid_yaw": [0.5, 1e-06, 0.1], "k_pid_hsp": [9.980076789855957, 0.9736543893814087, 0.008437961339950562], "k_pid_vsp": [11.565566062927246, 384.1695251464844, 0.3721843361854553]}, "datetime": {"datetime": "2025-08-21 20:38:07", "elapsed": 42803.673344135284, "delta": 23.80907392501831}, "costs": {"total_cost": 943.504144284812, "time_cost": 150, "final_distance_cost": 58.78254342301259, "oscillation_cost": 199.82156888810047, "completition_cost": 444.4444444444444, "overshoot_cost": 59.29560182509642, "power_cost": 17.759769067382813, "noise_cost": 13.400216636775331, "n_waypoints_completed": 5, "tot_waypoints": 9}}
{"target": -2600.5300121957143, "params": {"k_pid_pos": [2.0, 0.867949903011322, 1.0], "k_pid_alt": [1.9249236583709717, 1.0, 0.02081477642059326], "k_pid_att": [100.0, 0.31618472933769226, 0.9985886216163635], "k_pid_yaw": [0.5, 1e-06, 0.1], "k_pid_hsp": [9.854798316955566, 0.9844986796379089, 0.009584426879882812], "k_pid_vsp": [5.049645900726318, 397.4496765136719, 2.7026424407958984]}, "datetime": {"datetime": "2025-08-21 20:38:32", "elapsed": 42828.603984594345, "delta": 24.93064045906067}, "costs": {"total_cost": 2600.5300121957143, "time_cost": 150, "final_distance_cost": 752.8997169222547, "oscillation_cost": 184.8884482474435, "completition_cost": 777.7777777777778, "overshoot_cost": 704.8116059416102, "power_cost": 16.801799523925784, "noise_cost": 13.350663782702574, "n_waypoints_completed": 2, "tot_waypoints": 9}}
{"target": -1030.9813335727497, "params": {"k_pid_pos": [2.0, 0.9601067304611206, 1.0], "k_pid_alt": [1.975294589996338, 1.0, 0.01475796103477478], "k_pid_att": [100.0, 0.501598060131073, 0.9884562492370605], "k_pid_yaw": [0.5, 1e-06, 0.1], "k_pid_hsp": [9.819265365600586, 0.9675729274749756, 0.008444249629974365], "k_pid_vsp": [2.176499366760254, 384.6585388183594, 14.575387001037598]}, "datetime": {"datetime": "2025-08-21 20:38:54", "elapsed": 42851.39636325836, "delta": 22.792378664016724}, "costs": {"total_cost": 1030.9813335727497, "time_cost": 150, "final_distance_cost": 56.64959117580104, "oscillation_cost": 185.90104032543482, "completition_cost": 555.5555555555555, "overshoot_cost": 50.839671167339596, "power_cost": 18.44945390625, "noise_cost": 13.58602144236861, "n_waypoints_completed": 4, "tot_waypoints": 9}}
{"target": -697.005249172917, "params": {"k_pid_pos": [2.0, 0.9976480007171631, 1.0], "k_pid_alt": [1.9870201349258423, 1.0, 0.013229161500930786], "k_pid_att": [100.0, 0.19228968024253845, 0.868582010269165], "k_pid_yaw": [0.5, 1e-06, 0.1], "k_pid_hsp": [9.85179615020752, 0.9932193756103516, 0.03682047128677368], "k_pid_vsp": [2.250051498413086, 394.52166748046875, 6.6957244873046875]}, "datetime": {"datetime": "2025-08-21 20:39:19", "elapsed": 42876.139251470566, "delta": 24.74288821220398}, "costs": {"total_cost": 697.005249172917, "time_cost": 150, "final_distance_cost": 67.18803784276584, "oscillation_cost": 166.44104486156706, "completition_cost": 222.2222222222222, "overshoot_cost": 53.43015006542509, "power_cost": 22.126027258300784, "noise_cost": 15.597766922636026, "n_waypoints_completed": 7, "tot_waypoints": 9}}
{"target": -327.7908857658945, "params": {"k_pid_pos": [2.0, 0.997809886932373, 1.0], "k_pid_alt": [1.980169415473938, 0.07653781771659851, 0.006878584623336792], "k_pid_att": [100.0, 0.05932437255978584, 0.9872229099273682], "k_pid_yaw": [0.5, 1e-06, 0.1], "k_pid_hsp": [9.78363037109375, 0.9950979351997375, 0.00231131911277771], "k_pid_vsp": [2.156364917755127, 399.4620361328125, 3.5237441062927246]}, "datetime": {"datetime": "2025-08-21 20:39:43", "elapsed": 42899.91244125366, "delta": 23.773189783096313}, "costs": {"total_cost": 327.7908857658945, "time_cost": 97.552, "final_distance_cost": 1.7746498740436922, "oscillation_cost": 135.34372314070964, "completition_cost": 0.0, "overshoot_cost": 60.17038198882542, "power_cost": 19.10574161376953, "noise_cost": 13.844389148546192, "n_waypoints_completed": 9, "tot_waypoints": 9}}
{"target": -693.3234140165766, "params": {"k_pid_pos": [2.0, 0.9801191091537476, 0.9999997615814209], "k_pid_alt": [1.9835879802703857, 1.0, 0.06564432382583618], "k_pid_att": [100.0, 0.11945323646068573, 0.9775069952011108], "k_pid_yaw": [0.5, 1e-06, 0.1], "k_pid_hsp": [9.978046417236328, 0.9967705011367798, 0.0016607940196990967], "k_pid_vsp": [7.0746660232543945, 398.3083801269531, 1.3148198127746582]}, "datetime": {"datetime": "2025-08-21 20:40:06", "elapsed": 42923.34647464752, "delta": 23.434033393859863}, "costs": {"total_cost": 693.3234140165766, "time_cost": 150, "final_distance_cost": 69.81126236803135, "oscillation_cost": 155.59662767924706, "completition_cost": 222.2222222222222, "overshoot_cost": 57.059256668510834, "power_cost": 22.236365466308595, "noise_cost": 16.3976796122566, "n_waypoints_completed": 7, "tot_waypoints": 9}}
{"target": -740.0617322839553, "params": {"k_pid_pos": [2.0, 0.9945284128189087, 1.0], "k_pid_alt": [1.9922418594360352, 1.0, 0.002541661262512207], "k_pid_att": [100.0, 0.05942242220044136, 0.9960862398147583], "k_pid_yaw": [0.5, 1e-06, 0.1], "k_pid_hsp": [9.938353538513184, 0.9896830916404724, 0.052972257137298584], "k_pid_vsp": [2.357327938079834, 396.45208740234375, 9.832740783691406]}, "datetime": {"datetime": "2025-08-21 20:40:32", "elapsed": 42948.54790234566, "delta": 25.201427698135376}, "costs": {"total_cost": 740.0617322839553, "time_cost": 150, "final_distance_cost": 77.14294142502925, "oscillation_cost": 203.97654728579064, "completition_cost": 222.2222222222222, "overshoot_cost": 53.28552524865736, "power_cost": 19.468683276367187, "noise_cost": 13.965812825888683, "n_waypoints_completed": 7, "tot_waypoints": 9}}
{"target": -931.7005096859032, "params": {"k_pid_pos": [2.0, 0.9451861381530762, 0.10335040092468262], "k_pid_alt": [1.9938774108886719, 1.0, 0.03417837619781494], "k_pid_att": [100.0, 0.629285991191864, 0.9876958727836609], "k_pid_yaw": [0.5, 1e-06, 0.1], "k_pid_hsp": [9.928728103637695, 0.9790133833885193, 0.006649911403656006], "k_pid_vsp": [18.00572967529297, 396.943359375, 13.340653419494629]}, "datetime": {"datetime": "2025-08-21 20:40:55", "elapsed": 42972.147755622864, "delta": 23.59985327720642}, "costs": {"total_cost": 931.7005096859032, "time_cost": 150, "final_distance_cost": 51.97865582655661, "oscillation_cost": 89.07242886199201, "completition_cost": 555.5555555555555, "overshoot_cost": 53.75646881984913, "power_cost": 17.551636791992188, "noise_cost": 13.785763829957704, "n_waypoints_completed": 4, "tot_waypoints": 9}}
{"target": -900.7066756798031, "params": {"k_pid_pos": [2.0, 0.9779609441757202, 0.9999909400939941], "k_pid_alt": [1.984440565109253, 1.0, 0.008713245391845703], "k_pid_att": [100.0, 0.051014672964811325, 0.9896324872970581], "k_pid_yaw": [0.5, 1e-06, 0.1], "k_pid_hsp": [9.92678165435791, 0.9739565849304199, 0.022139906883239746], "k_pid_vsp": [2.468740940093994, 398.5820617675781, 13.852131843566895]}, "datetime": {"datetime": "2025-08-21 20:41:19", "elapsed": 42996.081250190735, "delta": 23.933494567871094}, "costs": {"total_cost": 900.7066756798031, "time_cost": 150, "final_distance_cost": 60.05750780075335, "oscillation_cost": 155.06689927226265, "completition_cost": 444.4444444444444, "overshoot_cost": 50.64452521521905, "power_cost": 22.986666967773438, "noise_cost": 17.50663197935021, "n_waypoints_completed": 5, "tot_waypoints": 9}}
{"target": -835.7023848023463, "params": {"k_pid_pos": [2.0, 0.9955074787139893, 1.0], "k_pid_alt": [1.9832286834716797, 1.0, 0.013559520244598389], "k_pid_att": [100.0, 0.11316590011119843, 0.9546652436256409], "k_pid_yaw": [0.5, 1e-06, 0.1], "k_pid_hsp": [9.861893653869629, 0.9690133929252625, 0.009897589683532715], "k_pid_vsp": [9.712732315063477, 396.75201416015625, 6.6485772132873535]}, "datetime": {"datetime": "2025-08-21 20:41:44", "elapsed": 43020.51481461525, "delta": 24.43356442451477}, "costs": {"total_cost": 835.7023848023463, "time_cost": 150, "final_distance_cost": 70.68021370264674, "oscillation_cost": 194.44254150205734, "completition_cost": 333.33333333333337, "overshoot_cost": 52.709467534097115, "power_cost": 19.19740739746094, "noise_cost": 15.339421332750764, "n_waypoints_completed": 6, "tot_waypoints": 9}}
{"target": -740.5558727183543, "params": {"k_pid_pos": [1.916664719581604, 0.9866043925285339, 1.0], "k_pid_alt": [1.8583590984344482, 1.0, 0.015518337488174438], "k_pid_att": [100.0, 0.04971202835440636, 0.9896952509880066], "k_pid_yaw": [0.5, 1e-06, 0.1], "k_pid_hsp": [9.87244701385498, 0.9893425107002258, 0.06470292806625366], "k_pid_vsp": [5.512142181396484, 397.55963134765625, 2.1784911155700684]}, "datetime": {"datetime": "2025-08-21 20:42:07", "elapsed": 43044.17916679382, "delta": 23.66435217857361}, "costs": {"total_cost": 740.5558727183543, "time_cost": 150, "final_distance_cost": 71.60049198084653, "oscillation_cost": 201.72674980701612, "completition_cost": 222.2222222222222, "overshoot_cost": 56.75264885870073, "power_cost": 21.56441085205078, "noise_cost": 16.689348997517953, "n_waypoints_completed": 7, "tot_waypoints": 9}}
{"target": -822.1087022811414, "params": {"k_pid_pos": [1.9824663400650024, 0.9183542728424072, 0.9999899864196777], "k_pid_alt": [1.9617443084716797, 1.0, 0.007768005132675171], "k_pid_att": [100.0, 0.15361231565475464, 0.9683945178985596], "k_pid_yaw": [0.5, 1e-06, 0.1], "k_pid_hsp": [9.627338409423828, 0.9717990159988403, 0.011143654584884644], "k_pid_vsp": [0.5176782608032227, 389.0397033691406, 4.554177284240723]}, "datetime": {"datetime": "2025-08-21 20:42:31", "elapsed": 43068.34363698959, "delta": 24.164470195770264}, "costs": {"total_cost": 822.1087022811414, "time_cost": 150, "final_distance_cost": 67.18834868573529, "oscillation_cost": 182.65972693992623, "completition_cost": 333.33333333333337, "overshoot_cost": 51.50738799614669, "power_cost": 22.062096350097658, "noise_cost": 15.35780897590207, "n_waypoints_completed": 6, "tot_waypoints": 9}}
{"target": -774.48715752874, "params": {"k_pid_pos": [2.0, 0.9793040156364441, 1.0], "k_pid_alt": [1.9770677089691162, 0.9998872876167297, 0.012909293174743652], "k_pid_att": [100.0, 0.16861853003501892, 0.936318039894104], "k_pid_yaw": [0.5, 1e-06, 0.1], "k_pid_hsp": [9.950200080871582, 0.9262469410896301, 0.004531204700469971], "k_pid_vsp": [3.1802892684936523, 389.6719665527344, 3.082347869873047]}, "datetime": {"datetime": "2025-08-21 20:42:57", "elapsed": 43093.87938737869, "delta": 25.53575038909912}, "costs": {"total_cost": 774.48715752874, "time_cost": 150, "final_distance_cost": 68.41864163953514, "oscillation_cost": 130.83594018186454, "completition_cost": 333.33333333333337, "overshoot_cost": 51.97326543013485, "power_cost": 22.886688488769533, "noise_cost": 17.039288455102522, "n_waypoints_completed": 6, "tot_waypoints": 9}}
{"target": -687.8429577834763, "params": {"k_pid_pos": [2.0, 0.9724687933921814, 0.9998331069946289], "k_pid_alt": [1.9880837202072144, 1.0, 0.06021106243133545], "k_pid_att": [100.0, 0.0737321600317955, 0.9946161508560181], "k_pid_yaw": [0.5, 1e-06, 0.1], "k_pid_hsp": [9.935757637023926, 0.987490713596344, 0.019745975732803345], "k_pid_vsp": [16.97584342956543, 381.4455871582031, 3.2809386253356934]}, "datetime": {"datetime": "2025-08-21 20:43:20", "elapsed": 43117.0190782547, "delta": 23.13969087600708}, "costs": {"total_cost": 687.8429577834763, "time_cost": 150, "final_distance_cost": 67.75618254512915, "oscillation_cost": 158.16983898168337, "completition_cost": 222.2222222222222, "overshoot_cost": 53.98370620660243, "power_cost": 20.187191247558594, "noise_cost": 15.523816580280547, "n_waypoints_completed": 7, "tot_waypoints": 9}}
{"target": -1450.6969468384232, "params": {"k_pid_pos": [0.0001789722009561956, 0.9835258722305298, 1.0], "k_pid_alt": [1.9263510704040527, 1.0, 0.00416979193687439], "k_pid_att": [100.0, 0.1182432696223259, 0.9943642616271973], "k_pid_yaw": [0.5, 1e-06, 0.1], "k_pid_hsp": [9.954222679138184, 0.9875597357749939, 0.015861541032791138], "k_pid_vsp": [45.52936553955078, 398.46185302734375, 2.4878392219543457]}, "datetime": {"datetime": "2025-08-21 20:43:45", "elapsed": 43141.91167259216, "delta": 24.89259433746338}, "costs": {"total_cost": 1450.6969468384232, "time_cost": 150, "final_distance_cost": 46.80367688797813, "oscillation_cost": 191.27659647867344, "completition_cost": 1000.0, "overshoot_cost": 27.391680200348492, "power_cost": 20.59458173828125, "noise_cost": 14.630411533142125, "n_waypoints_completed": 0, "tot_waypoints": 9}}
{"target": -514.054926069141, "params": {"k_pid_pos": [2.0, 0.9818903803825378, 1.0], "k_pid_alt": [1.961316466331482, 1.0, 0.002924591302871704], "k_pid_att": [100.0, 0.19250723719596863, 0.9203799366950989], "k_pid_yaw": [0.5, 1e-06, 0.1], "k_pid_hsp": [9.860551834106445, 0.9841160774230957, 0.0039518773555755615], "k_pid_vsp": [35.81559753417969, 397.90838623046875, 29.421640396118164]}, "datetime": {"datetime": "2025-08-21 20:44:09", "elapsed": 43166.19793510437, "delta": 24.28626251220703}, "costs": {"total_cost": 514.054926069141, "time_cost": 150, "final_distance_cost": 37.12857715541755, "oscillation_cost": 113.17525048047088, "completition_cost": 111.11111111111116, "overshoot_cost": 58.012712996033486, "power_cost": 25.305822924804687, "noise_cost": 19.3214514013032, "n_waypoints_completed": 8, "tot_waypoints": 9}}
{"target": -537.0611851337438, "params": {"k_pid_pos": [2.0, 0.9771581888198853, 1.0], "k_pid_alt": [1.9673713445663452, 1.0, 0.014623135328292847], "k_pid_att": [100.0, 0.3594837784767151, 0.997859001159668], "k_pid_yaw": [0.5, 1e-06, 0.1], "k_pid_hsp": [9.869917869567871, 0.9792508482933044, 0.02132505178451538], "k_pid_vsp": [113.61255645751953, 397.5766296386719, 8.510995864868164]}, "datetime": {"datetime": "2025-08-21 20:44:32", "elapsed": 43189.41494226456, "delta": 23.217007160186768}, "costs": {"total_cost": 537.0611851337438, "time_cost": 150, "final_distance_cost": 32.501848338549884, "oscillation_cost": 146.76948293840522, "completition_cost": 111.11111111111116, "overshoot_cost": 57.6974461623726, "power_cost": 21.158362255859377, "noise_cost": 17.822934327445612, "n_waypoints_completed": 8, "tot_waypoints": 9}}
{"target": -724.2566455742462, "params": {"k_pid_pos": [2.0, 0.9076374769210815, 1.0], "k_pid_alt": [1.9892158508300781, 1.0, 0.01269480586051941], "k_pid_att": [100.0, 0.2712724804878235, 0.9749701023101807], "k_pid_yaw": [0.5, 1e-06, 0.1], "k_pid_hsp": [9.472779273986816, 0.9922986626625061, 0.17937439680099487], "k_pid_vsp": [17.24504280090332, 392.7266540527344, 5.482734203338623]}, "datetime": {"datetime": "2025-08-21 20:44:58", "elapsed": 43215.1115591526, "delta": 25.696616888046265}, "costs": {"total_cost": 724.2566455742462, "time_cost": 150, "final_distance_cost": 74.7778582651825, "oscillation_cost": 187.02539731275033, "completition_cost": 222.2222222222222, "overshoot_cost": 51.90014865109355, "power_cost": 21.91763035888672, "noise_cost": 16.413388764110866, "n_waypoints_completed": 7, "tot_waypoints": 9}}
{"target": -340.21535750280214, "params": {"k_pid_pos": [2.0, 0.9909465909004211, 1.0], "k_pid_alt": [1.9192687273025513, 1.0, 0.008709877729415894], "k_pid_att": [100.0, 0.21447788178920746, 0.9709105491638184], "k_pid_yaw": [0.5, 1e-06, 0.1], "k_pid_hsp": [9.670495986938477, 0.9941461682319641, 0.003676861524581909], "k_pid_vsp": [2.522754669189453, 375.1091613769531, 2.300501823425293]}, "datetime": {"datetime": "2025-08-21 20:45:20", "elapsed": 43236.7142291069, "delta": 21.602669954299927}, "costs": {"total_cost": 340.21535750280214, "time_cost": 93.896, "final_distance_cost": 1.7695795192862684, "oscillation_cost": 150.8397821804337, "completition_cost": 0.0, "overshoot_cost": 59.78835485467019, "power_cost": 19.712108923339844, "noise_cost": 14.209532025072171, "n_waypoints_completed": 9, "tot_waypoints": 9}}
{"target": -1257.5678985592247, "params": {"k_pid_pos": [2.0, 0.9546247720718384, 0.9999985694885254], "k_pid_alt": [1.995579719543457, 1.0, 0.0456920862197876], "k_pid_att": [100.0, 0.08442751318216324, 0.9762704968452454], "k_pid_yaw": [0.5, 1e-06, 0.1], "k_pid_hsp": [9.932573318481445, 0.9919132590293884, 0.021571069955825806], "k_pid_vsp": [9.850740432739258, 394.0614013671875, 14.14079761505127]}, "datetime": {"datetime": "2025-08-21 20:45:45", "elapsed": 43261.83930373192, "delta": 25.12507462501526}, "costs": {"total_cost": 1257.5678985592247, "time_cost": 150, "final_distance_cost": 112.1257093217756, "oscillation_cost": 135.77345310037887, "completition_cost": 777.7777777777778, "overshoot_cost": 49.25887059294517, "power_cost": 18.93384704589844, "noise_cost": 13.698240720448862, "n_waypoints_completed": 2, "tot_waypoints": 9}}
{"target": -676.7024277102867, "params": {"k_pid_pos": [2.0, 0.9987529516220093, 1.0], "k_pid_alt": [1.988532543182373, 1.0, 0.031030237674713135], "k_pid_att": [100.0, 0.047476280480623245, 0.9916611909866333], "k_pid_yaw": [0.5, 1e-06, 0.1], "k_pid_hsp": [9.89543628692627, 0.9856069087982178, 0.01541563868522644], "k_pid_vsp": [0.8445143699645996, 395.44525146484375, 61.44773864746094]}, "datetime": {"datetime": "2025-08-21 20:46:10", "elapsed": 43287.20775914192, "delta": 25.368455410003662}, "costs": {"total_cost": 676.7024277102867, "time_cost": 150, "final_distance_cost": 64.58338460687546, "oscillation_cost": 141.1974451172206, "completition_cost": 222.2222222222222, "overshoot_cost": 51.2873227461993, "power_cost": 26.809615869140625, "noise_cost": 20.602437148628514, "n_waypoints_completed": 7, "tot_waypoints": 9}}
{"target": -893.410139351428, "params": {"k_pid_pos": [2.0, 0.9813668131828308, 1.0], "k_pid_alt": [1.7911512851715088, 1.0, 0.01633712649345398], "k_pid_att": [100.0, 0.3452455699443817, 0.9962646961212158], "k_pid_yaw": [0.5, 1e-06, 0.1], "k_pid_hsp": [9.937023162841797, 0.9858936667442322, 0.012038201093673706], "k_pid_vsp": [2.721989154815674, 396.06744384765625, 1.0571489334106445]}, "datetime": {"datetime": "2025-08-21 20:46:34", "elapsed": 43311.084270238876, "delta": 23.876511096954346}, "costs": {"total_cost": 893.410139351428, "time_cost": 150, "final_distance_cost": 51.6701842246354, "oscillation_cost": 162.45399625893234, "completition_cost": 444.4444444444444, "overshoot_cost": 50.82081661461326, "power_cost": 19.766541357421875, "noise_cost": 14.254156451380844, "n_waypoints_completed": 5, "tot_waypoints": 9}}
