{"target": -735.2248129566561, "params": {"k_pid_pos": [2.0, 0.9294178485870361, 0.44930556416511536], "k_pid_alt": [1.9789977073669434, 1.0, 0.043774187564849854], "k_pid_att": [100.0, 0.11342845857143402, 0.9625362157821655], "k_pid_yaw": [0.5, 1e-06, 0.1], "k_pid_hsp": [9.866257667541504, 0.9802013635635376, 0.053747355937957764], "k_pid_vsp": [12.811064720153809, 396.80914306640625, 34.50865936279297]}, "datetime": {"datetime": "2025-08-21 14:37:35", "elapsed": 21171.86737561226, "delta": 23.336525440216064}, "costs": {"total_cost": 735.2248129566561, "time_cost": 150, "final_distance_cost": 76.5239184925319, "oscillation_cost": 198.98031285310915, "completition_cost": 222.2222222222222, "overshoot_cost": 52.640890343020075, "power_cost": 19.57020272216797, "noise_cost": 15.287266323604868, "n_waypoints_completed": 7, "tot_waypoints": 9}}
{"target": -1281.8243336075366, "params": {"k_pid_pos": [2.0, 0.9532272219657898, 0.000182420015335083], "k_pid_alt": [1.952652931213379, 1.0, 0.059036463499069214], "k_pid_att": [100.0, 0.6853030920028687, 0.9276743531227112], "k_pid_yaw": [0.5, 1e-06, 0.1], "k_pid_hsp": [9.786713600158691, 0.9763692617416382, 0.026906996965408325], "k_pid_vsp": [5.930149555206299, 391.5146484375, 5.827296733856201]}, "datetime": {"datetime": "2025-08-21 14:37:58", "elapsed": 21195.021564483643, "delta": 23.154188871383667}, "costs": {"total_cost": 1281.8243336075366, "time_cost": 150, "final_distance_cost": 73.11318072489458, "oscillation_cost": 86.82791483952936, "completition_cost": 888.8888888888888, "overshoot_cost": 44.20914506571816, "power_cost": 23.088847766113282, "noise_cost": 15.696356322392553, "n_waypoints_completed": 1, "tot_waypoints": 9}}
{"target": -1055.3408676135464, "params": {"k_pid_pos": [1.9999953508377075, 0.8406022787094116, 0.22001385688781738], "k_pid_alt": [1.913236141204834, 0.9999595880508423, 0.007614225149154663], "k_pid_att": [100.0, 0.10334285348653793, 0.9941102266311646], "k_pid_yaw": [0.5, 1e-06, 0.1], "k_pid_hsp": [9.907551765441895, 0.8149141073226929, 0.020967841148376465], "k_pid_vsp": [2.3801445960998535, 387.4592590332031, 19.964374542236328]}, "datetime": {"datetime": "2025-08-21 14:38:22", "elapsed": 21218.957625865936, "delta": 23.9360613822937}, "costs": {"total_cost": 1055.3408676135464, "time_cost": 150, "final_distance_cost": 55.5325663456226, "oscillation_cost": 89.46919082672997, "completition_cost": 666.6666666666667, "overshoot_cost": 56.623672815500235, "power_cost": 21.99587440185547, "noise_cost": 15.05289655717136, "n_waypoints_completed": 3, "tot_waypoints": 9}}
{"target": -1153.9090707272956, "params": {"k_pid_pos": [2.0, 0.972447395324707, 7.748603820800781e-07], "k_pid_alt": [1.973677396774292, 1.0, 0.06478762626647949], "k_pid_att": [100.0, 0.13041679561138153, 0.9954186677932739], "k_pid_yaw": [0.5, 1e-06, 0.1], "k_pid_hsp": [9.77545166015625, 0.9109970927238464, 0.029702216386795044], "k_pid_vsp": [9.998011589050293, 397.5126953125, 3.9075145721435547]}, "datetime": {"datetime": "2025-08-21 14:38:47", "elapsed": 21244.02403497696, "delta": 25.06640911102295}, "costs": {"total_cost": 1153.9090707272956, "time_cost": 150, "final_distance_cost": 62.433838959254345, "oscillation_cost": 83.59883297011221, "completition_cost": 777.7777777777778, "overshoot_cost": 38.6859947030163, "power_cost": 24.731561694335937, "noise_cost": 16.681064622798914, "n_waypoints_completed": 2, "tot_waypoints": 9}}
{"target": -819.3943942571424, "params": {"k_pid_pos": [1.9999992847442627, 0.9878898859024048, 0.9955461025238037], "k_pid_alt": [1.8323121070861816, 1.0, 0.009736448526382446], "k_pid_att": [100.0, 0.15098199248313904, 0.9749232530593872], "k_pid_yaw": [0.5, 1e-06, 0.1], "k_pid_hsp": [8.986342430114746, 0.9688421487808228, 0.060892462730407715], "k_pid_vsp": [1.1166095733642578, 394.5544738769531, 3.37351655960083]}, "datetime": {"datetime": "2025-08-21 14:39:11", "elapsed": 21268.260662555695, "delta": 24.23662757873535}, "costs": {"total_cost": 819.3943942571424, "time_cost": 150, "final_distance_cost": 63.92695380121329, "oscillation_cost": 180.388522488404, "completition_cost": 333.33333333333337, "overshoot_cost": 54.972744681039444, "power_cost": 21.618908166503907, "noise_cost": 15.153931786648231, "n_waypoints_completed": 6, "tot_waypoints": 9}}
{"target": -1201.5519974096658, "params": {"k_pid_pos": [2.0, 0.952244758605957, 9.179115295410156e-06], "k_pid_alt": [1.929492712020874, 1.0, 0.04273223876953125], "k_pid_att": [100.0, 0.05844401940703392, 0.9872914552688599], "k_pid_yaw": [0.5, 1e-06, 0.1], "k_pid_hsp": [9.795821189880371, 0.8877151608467102, 0.03940996527671814], "k_pid_vsp": [13.584566116333008, 386.5498352050781, 11.204756736755371]}, "datetime": {"datetime": "2025-08-21 14:39:36", "elapsed": 21293.049060106277, "delta": 24.788397550582886}, "costs": {"total_cost": 1201.5519974096658, "time_cost": 150, "final_distance_cost": 90.08863691636141, "oscillation_cost": 91.90262011584883, "completition_cost": 777.7777777777778, "overshoot_cost": 59.17747997423975, "power_cost": 18.843768310546874, "noise_cost": 13.761714314890918, "n_waypoints_completed": 2, "tot_waypoints": 9}}
{"target": -1260.865790475986, "params": {"k_pid_pos": [2.0, 0.9693399667739868, 0.0], "k_pid_alt": [1.987004280090332, 1.0, 0.04076144099235535], "k_pid_att": [100.0, 0.24266314506530762, 0.9654247164726257], "k_pid_yaw": [0.5, 1e-06, 0.1], "k_pid_hsp": [9.930217742919922, 0.9694896936416626, 0.02932494878768921], "k_pid_vsp": [12.657833099365234, 375.5799865722656, 32.017539978027344]}, "datetime": {"datetime": "2025-08-21 14:40:00", "elapsed": 21317.111186504364, "delta": 24.062126398086548}, "costs": {"total_cost": 1260.865790475986, "time_cost": 150, "final_distance_cost": 64.26829863789486, "oscillation_cost": 76.35793600685258, "completition_cost": 888.8888888888888, "overshoot_cost": 39.81652482933692, "power_cost": 24.72909715576172, "noise_cost": 16.805044957251067, "n_waypoints_completed": 1, "tot_waypoints": 9}}
{"target": -1205.3553759116585, "params": {"k_pid_pos": [2.0, 0.9873161315917969, 5.823373794555664e-05], "k_pid_alt": [1.9770293235778809, 0.999994695186615, 0.005366414785385132], "k_pid_att": [100.0, 0.8958931565284729, 0.9984738230705261], "k_pid_yaw": [0.5, 1e-06, 0.1], "k_pid_hsp": [9.204986572265625, 0.995444655418396, 0.031157225370407104], "k_pid_vsp": [2.544093132019043, 378.2872314453125, 4.002476692199707]}, "datetime": {"datetime": "2025-08-21 14:40:23", "elapsed": 21339.976674556732, "delta": 22.865488052368164}, "costs": {"total_cost": 1205.3553759116585, "time_cost": 150, "final_distance_cost": 97.54426605047891, "oscillation_cost": 97.7064691082517, "completition_cost": 777.7777777777778, "overshoot_cost": 43.23345133857826, "power_cost": 23.30138962402344, "noise_cost": 15.792022012548411, "n_waypoints_completed": 2, "tot_waypoints": 9}}
{"target": -1352.1338250981003, "params": {"k_pid_pos": [2.0, 0.9909524917602539, 0.0], "k_pid_alt": [1.9560233354568481, 1.0, 0.005695641040802002], "k_pid_att": [99.99999237060547, 0.07375391572713852, 0.9781243801116943], "k_pid_yaw": [0.5, 1e-06, 0.1], "k_pid_hsp": [9.92567253112793, 0.9754741191864014, 0.022728919982910156], "k_pid_vsp": [5.037248134613037, 367.95672607421875, 26.759817123413086]}, "datetime": {"datetime": "2025-08-21 14:40:46", "elapsed": 21362.805450201035, "delta": 22.828775644302368}, "costs": {"total_cost": 1352.1338250981003, "time_cost": 150, "final_distance_cost": 47.00197309423373, "oscillation_cost": 76.16099506859204, "completition_cost": 1000.0, "overshoot_cost": 41.690391499476156, "power_cost": 22.15412734375, "noise_cost": 15.126338092048385, "n_waypoints_completed": 0, "tot_waypoints": 9}}
{"target": -921.6643081416171, "params": {"k_pid_pos": [2.0, 0.9752851724624634, 0.9962990283966064], "k_pid_alt": [1.9453964233398438, 1.0, 0.09553053975105286], "k_pid_att": [100.0, 0.23556460440158844, 0.9463584423065186], "k_pid_yaw": [0.5, 1e-06, 0.1], "k_pid_hsp": [9.632532119750977, 0.9768702983856201, 0.03326505422592163], "k_pid_vsp": [15.670883178710938, 396.2021789550781, 3.955162525177002]}, "datetime": {"datetime": "2025-08-21 14:41:09", "elapsed": 21386.15219593048, "delta": 23.34674572944641}, "costs": {"total_cost": 921.6643081416171, "time_cost": 150, "final_distance_cost": 129.37994559974584, "oscillation_cost": 207.8683859247161, "completition_cost": 333.33333333333337, "overshoot_cost": 71.65095771691684, "power_cost": 15.90848338623047, "noise_cost": 13.523202180674334, "n_waypoints_completed": 6, "tot_waypoints": 9}}
{"target": -1106.4841078367303, "params": {"k_pid_pos": [2.0, 0.9698899984359741, 0.11588791012763977], "k_pid_alt": [0.6000770926475525, 1.0, 0.05061560869216919], "k_pid_att": [100.0, 0.40531185269355774, 0.9639396667480469], "k_pid_yaw": [0.5, 1e-06, 0.1], "k_pid_hsp": [9.60079288482666, 0.9781914949417114, 0.0944090485572815], "k_pid_vsp": [1.4164328575134277, 357.1036071777344, 7.26603364944458]}, "datetime": {"datetime": "2025-08-21 14:41:33", "elapsed": 21409.47062754631, "delta": 23.318431615829468}, "costs": {"total_cost": 1106.4841078367303, "time_cost": 150, "final_distance_cost": 49.60097389019804, "oscillation_cost": 140.578594141191, "completition_cost": 666.6666666666667, "overshoot_cost": 59.647911455858534, "power_cost": 22.53314364013672, "noise_cost": 17.45681804267931, "n_waypoints_completed": 3, "tot_waypoints": 9}}
{"target": -1313.9911011356442, "params": {"k_pid_pos": [2.0, 0.9301332235336304, 0.9999970197677612], "k_pid_alt": [1.9815112352371216, 0.04878735542297363, 0.02005445957183838], "k_pid_att": [100.0, 0.025897227227687836, 0.9806079268455505], "k_pid_yaw": [0.5, 1e-06, 0.1], "k_pid_hsp": [9.625234603881836, 0.9893888235092163, 0.024045437574386597], "k_pid_vsp": [0.7041692733764648, 381.7124328613281, 9.678566932678223]}, "datetime": {"datetime": "2025-08-21 14:41:56", "elapsed": 21432.742933750153, "delta": 23.272306203842163}, "costs": {"total_cost": 1313.9911011356442, "time_cost": 150, "final_distance_cost": 76.08598153945393, "oscillation_cost": 122.02588195785144, "completition_cost": 888.8888888888888, "overshoot_cost": 43.85060168683558, "power_cost": 19.29272381591797, "noise_cost": 13.847023246696663, "n_waypoints_completed": 1, "tot_waypoints": 9}}
{"target": -1055.8408221144257, "params": {"k_pid_pos": [1.9990358352661133, 0.9985456466674805, 0.0], "k_pid_alt": [1.976728916168213, 1.0, 0.013926714658737183], "k_pid_att": [100.0, 0.04898068681359291, 0.9910846948623657], "k_pid_yaw": [0.5, 1e-06, 0.1], "k_pid_hsp": [9.840940475463867, 0.9661118984222412, 0.016564399003982544], "k_pid_vsp": [7.544386386871338, 372.6484375, 36.5885009765625]}, "datetime": {"datetime": "2025-08-21 14:42:20", "elapsed": 21456.488411664963, "delta": 23.74547791481018}, "costs": {"total_cost": 1055.8408221144257, "time_cost": 150, "final_distance_cost": 57.67740257742703, "oscillation_cost": 99.85712019563223, "completition_cost": 666.6666666666667, "overshoot_cost": 50.21202826831552, "power_cost": 18.081334387207033, "noise_cost": 13.346270019177112, "n_waypoints_completed": 3, "tot_waypoints": 9}}
{"target": -580.7371061612181, "params": {"k_pid_pos": [2.0, 0.9843946695327759, 0.9996715784072876], "k_pid_alt": [1.9544599056243896, 1.0, 0.11047175526618958], "k_pid_att": [100.0, 0.06598541885614395, 0.8933544158935547], "k_pid_yaw": [0.5, 1e-06, 0.1], "k_pid_hsp": [9.31748104095459, 0.9937602281570435, 0.03390905261039734], "k_pid_vsp": [23.286211013793945, 389.0960693359375, 22.57042121887207]}, "datetime": {"datetime": "2025-08-21 14:42:43", "elapsed": 21479.67130422592, "delta": 23.182892560958862}, "costs": {"total_cost": 580.7371061612181, "time_cost": 150, "final_distance_cost": 62.110490753708625, "oscillation_cost": 163.52822344613793, "completition_cost": 111.11111111111116, "overshoot_cost": 51.74644439707136, "power_cost": 24.07338037109375, "noise_cost": 18.16745608209519, "n_waypoints_completed": 8, "tot_waypoints": 9}}
{"target": -1259.8410204235668, "params": {"k_pid_pos": [2.0, 0.9867397546768188, 0.0], "k_pid_alt": [1.9600504636764526, 1.0, 0.010280817747116089], "k_pid_att": [100.0, 0.05528172850608826, 0.9897215366363525], "k_pid_yaw": [0.5, 1e-06, 0.1], "k_pid_hsp": [9.307040214538574, 0.9595816135406494, 0.025791645050048828], "k_pid_vsp": [20.077228546142578, 395.10687255859375, 3.4544358253479004]}, "datetime": {"datetime": "2025-08-21 14:43:06", "elapsed": 21503.18653702736, "delta": 23.515232801437378}, "costs": {"total_cost": 1259.8410204235668, "time_cost": 150, "final_distance_cost": 58.52321133467051, "oscillation_cost": 87.87215161643896, "completition_cost": 888.8888888888888, "overshoot_cost": 38.03460378332494, "power_cost": 21.494329394531253, "noise_cost": 15.0278354057125, "n_waypoints_completed": 1, "tot_waypoints": 9}}
{"target": -1282.5730698908465, "params": {"k_pid_pos": [2.0, 0.9853672981262207, 9.912252426147461e-05], "k_pid_alt": [1.943716049194336, 0.759628176689148, 0.022567152976989746], "k_pid_att": [100.0, 1.1761653423309326, 0.9593449234962463], "k_pid_yaw": [0.5, 1e-06, 0.1], "k_pid_hsp": [9.966468811035156, 0.9065179824829102, 0.023888468742370605], "k_pid_vsp": [3.0031919479370117, 371.19195556640625, 7.415724754333496]}, "datetime": {"datetime": "2025-08-21 14:43:30", "elapsed": 21526.558289051056, "delta": 23.3717520236969}, "costs": {"total_cost": 1282.5730698908465, "time_cost": 150, "final_distance_cost": 64.97904914219875, "oscillation_cost": 98.2884553468334, "completition_cost": 888.8888888888888, "overshoot_cost": 45.715856242972414, "power_cost": 20.461561303710937, "noise_cost": 14.239258966242195, "n_waypoints_completed": 1, "tot_waypoints": 9}}
{"target": -1063.2256916325439, "params": {"k_pid_pos": [2.0, 0.9591614603996277, 0.0032712817192077637], "k_pid_alt": [1.9548790454864502, 0.9999995231628418, 0.039482176303863525], "k_pid_att": [100.0, 0.42202064394950867, 0.9712923765182495], "k_pid_yaw": [0.5, 1e-06, 0.1], "k_pid_hsp": [9.857280731201172, 0.9934778213500977, 0.014497578144073486], "k_pid_vsp": [3.7691831588745117, 398.21148681640625, 5.860591888427734]}, "datetime": {"datetime": "2025-08-21 14:43:53", "elapsed": 21550.15150117874, "delta": 23.593212127685547}, "costs": {"total_cost": 1063.2256916325439, "time_cost": 150, "final_distance_cost": 56.89128157424775, "oscillation_cost": 101.78586834763892, "completition_cost": 666.6666666666667, "overshoot_cost": 54.633545598028995, "power_cost": 19.5749470703125, "noise_cost": 13.673382375649023, "n_waypoints_completed": 3, "tot_waypoints": 9}}
{"target": -839.1630172189564, "params": {"k_pid_pos": [1.9999995231628418, 0.9181514382362366, 0.8268543481826782], "k_pid_alt": [1.9726532697677612, 1.0, 0.01377156376838684], "k_pid_att": [99.97113037109375, 0.49351778626441956, 0.8416096568107605], "k_pid_yaw": [0.5, 1e-06, 0.1], "k_pid_hsp": [9.88190746307373, 0.9945653676986694, 0.01629909873008728], "k_pid_vsp": [6.192255020141602, 395.82958984375, 0.962794840335846]}, "datetime": {"datetime": "2025-08-21 14:44:17", "elapsed": 21573.615188360214, "delta": 23.46368718147278}, "costs": {"total_cost": 839.1630172189564, "time_cost": 150, "final_distance_cost": 50.071335276823085, "oscillation_cost": 214.6705266684306, "completition_cost": 333.33333333333337, "overshoot_cost": 58.590071565072414, "power_cost": 18.558870996093752, "noise_cost": 13.938879379203156, "n_waypoints_completed": 6, "tot_waypoints": 9}}
{"target": -821.6289328277794, "params": {"k_pid_pos": [2.0, 0.9765185117721558, 0.00011372566223144531], "k_pid_alt": [1.9663071632385254, 0.9999954700469971, 0.06623446941375732], "k_pid_att": [100.0, 0.8626507520675659, 0.98119056224823], "k_pid_yaw": [0.5, 1e-06, 0.1], "k_pid_hsp": [9.8082857131958, 0.962224543094635, 0.001271575689315796], "k_pid_vsp": [23.222875595092773, 392.0328674316406, 20.837844848632812]}, "datetime": {"datetime": "2025-08-21 14:44:40", "elapsed": 21596.93767619133, "delta": 23.322487831115723}, "costs": {"total_cost": 821.6289328277794, "time_cost": 150, "final_distance_cost": 56.46977065642403, "oscillation_cost": 85.56509916684456, "completition_cost": 444.4444444444444, "overshoot_cost": 54.31292271520231, "power_cost": 17.494217333984377, "noise_cost": 13.342478510879845, "n_waypoints_completed": 5, "tot_waypoints": 9}}
{"target": -1237.6983565360335, "params": {"k_pid_pos": [0.6669078469276428, 0.9935997128486633, 0.00012615323066711426], "k_pid_alt": [1.976605772972107, 0.018693864345550537, 0.001739591360092163], "k_pid_att": [100.0, 0.10057216137647629, 0.9537398219108582], "k_pid_yaw": [0.5, 1e-06, 0.1], "k_pid_hsp": [9.733460426330566, 0.9924566745758057, 0.022516638040542603], "k_pid_vsp": [15.259385108947754, 368.9225769042969, 7.45519495010376]}, "datetime": {"datetime": "2025-08-21 14:45:04", "elapsed": 21620.641605854034, "delta": 23.703929662704468}, "costs": {"total_cost": 1237.6983565360335, "time_cost": 150, "final_distance_cost": 44.31842655946196, "oscillation_cost": 75.0351970185659, "completition_cost": 888.8888888888888, "overshoot_cost": 39.00760049916351, "power_cost": 23.96416395263672, "noise_cost": 16.484079617316684, "n_waypoints_completed": 1, "tot_waypoints": 9}}
{"target": -1295.9976038110794, "params": {"k_pid_pos": [2.0, 0.916084349155426, 0.19314390420913696], "k_pid_alt": [1.9893393516540527, 0.9999525547027588, 0.07157737016677856], "k_pid_att": [100.0, 2.098412036895752, 0.9775921702384949], "k_pid_yaw": [0.5, 1e-06, 0.1], "k_pid_hsp": [9.289978981018066, 0.9501943588256836, 0.04575854539871216], "k_pid_vsp": [37.629364013671875, 397.65802001953125, 1.2058982849121094]}, "datetime": {"datetime": "2025-08-21 14:45:28", "elapsed": 21644.655666828156, "delta": 24.014060974121094}, "costs": {"total_cost": 1295.9976038110794, "time_cost": 150, "final_distance_cost": 60.68083739187494, "oscillation_cost": 112.21147745690466, "completition_cost": 888.8888888888888, "overshoot_cost": 50.60369613523266, "power_cost": 19.474303515625, "noise_cost": 14.13840042255341, "n_waypoints_completed": 1, "tot_waypoints": 9}}
{"target": -1344.4918305913386, "params": {"k_pid_pos": [2.0, 0.9693117737770081, 5.960464477539063e-08], "k_pid_alt": [1.9639537334442139, 0.9999999403953552, 0.028768330812454224], "k_pid_att": [99.99954986572266, 0.11025513708591461, 0.9732413291931152], "k_pid_yaw": [0.5, 1e-06, 0.1], "k_pid_hsp": [9.684989929199219, 0.978449821472168, 0.02361971139907837], "k_pid_vsp": [6.475389003753662, 385.0667419433594, 22.693910598754883]}, "datetime": {"datetime": "2025-08-21 14:45:51", "elapsed": 21667.733315467834, "delta": 23.077648639678955}, "costs": {"total_cost": 1344.4918305913386, "time_cost": 150, "final_distance_cost": 34.598649242432764, "oscillation_cost": 86.98215145999016, "completition_cost": 1000.0, "overshoot_cost": 35.21062413713105, "power_cost": 22.441333837890625, "noise_cost": 15.259071913893939, "n_waypoints_completed": 0, "tot_waypoints": 9}}
{"target": -968.9441576644554, "params": {"k_pid_pos": [1.9956388473510742, 0.9867596626281738, 0.0], "k_pid_alt": [1.9938757419586182, 0.9999980926513672, 0.025883346796035767], "k_pid_att": [100.0, 0.0585632286965847, 0.9572713375091553], "k_pid_yaw": [0.5, 1e-06, 0.1], "k_pid_hsp": [9.832292556762695, 0.9867818355560303, 0.06855413317680359], "k_pid_vsp": [1.9893288612365723, 377.41485595703125, 7.300616264343262]}, "datetime": {"datetime": "2025-08-21 14:46:14", "elapsed": 21691.07843375206, "delta": 23.345118284225464}, "costs": {"total_cost": 968.9441576644554, "time_cost": 150, "final_distance_cost": 31.455806404916896, "oscillation_cost": 144.32704572414548, "completition_cost": 555.5555555555555, "overshoot_cost": 53.81558376022583, "power_cost": 18.811049340820315, "noise_cost": 14.979116878791288, "n_waypoints_completed": 4, "tot_waypoints": 9}}
{"target": -860.2889175145615, "params": {"k_pid_pos": [2.0, 0.9096338748931885, 1.0], "k_pid_alt": [1.9707591533660889, 1.0, 0.0046076178550720215], "k_pid_att": [100.0, 0.02564927563071251, 0.9862995147705078], "k_pid_yaw": [0.5, 1e-06, 0.1], "k_pid_hsp": [9.89743709564209, 0.9104798436164856, 0.023560911417007446], "k_pid_vsp": [4.450249671936035, 393.8076171875, 1.8281588554382324]}, "datetime": {"datetime": "2025-08-21 14:46:37", "elapsed": 21714.246044158936, "delta": 23.16761040687561}, "costs": {"total_cost": 860.2889175145615, "time_cost": 150, "final_distance_cost": 69.48139199424966, "oscillation_cost": 215.74610369163744, "completition_cost": 333.33333333333337, "overshoot_cost": 56.6293136762313, "power_cost": 19.83739208984375, "noise_cost": 15.261382729266014, "n_waypoints_completed": 6, "tot_waypoints": 9}}
{"target": -676.2310309784866, "params": {"k_pid_pos": [2.0, 0.9298194646835327, 1.0], "k_pid_alt": [1.9737157821655273, 1.0, 0.09268888831138611], "k_pid_att": [100.0, 0.7627284526824951, 0.9979223012924194], "k_pid_yaw": [0.5, 1e-06, 0.1], "k_pid_hsp": [9.975303649902344, 0.9575614929199219, 0.013677090406417847], "k_pid_vsp": [7.121288776397705, 394.56585693359375, 14.175225257873535]}, "datetime": {"datetime": "2025-08-21 14:47:01", "elapsed": 21737.718185186386, "delta": 23.47214102745056}, "costs": {"total_cost": 676.2310309784866, "time_cost": 150, "final_distance_cost": 63.540734290799726, "oscillation_cost": 147.35430475440472, "completition_cost": 222.2222222222222, "overshoot_cost": 52.9762856386659, "power_cost": 23.77010947265625, "noise_cost": 16.367374599737843, "n_waypoints_completed": 7, "tot_waypoints": 9}}
