{"target": -1098.5222315177, "params": {"k_pid_pos": [0.00014005231787450612, 0.9729996919631958, 0.8856939077377319], "k_pid_alt": [1.881744146347046, 0.999999463558197, 0.08859452605247498], "k_pid_att": [100.0, 0.9034309387207031, 0.9974178075790405], "k_pid_yaw": [0.5, 1e-06, 0.1], "k_pid_hsp": [8.477371215820312, 0.8298513293266296, 0.004103899002075195], "k_pid_vsp": [30.764663696289062, 397.3251647949219, 25.338115692138672]}, "datetime": {"datetime": "2025-08-21 11:12:38", "elapsed": 8874.773596525192, "delta": 26.759037017822266}, "costs": {"total_cost": 1098.5222315177, "time_cost": 150, "final_distance_cost": 58.63672440681946, "oscillation_cost": 132.59661180340993, "completition_cost": 666.6666666666667, "overshoot_cost": 59.90958478048356, "power_cost": 16.576404431152344, "noise_cost": 14.136239429167992, "n_waypoints_completed": 3, "tot_waypoints": 9}}
{"target": -582.6034969266524, "params": {"k_pid_pos": [1.999999761581421, 0.8891184329986572, 1.0], "k_pid_alt": [1.9228302240371704, 0.999965488910675, 0.016818076372146606], "k_pid_att": [95.2046127319336, 0.46235203742980957, 0.9445006847381592], "k_pid_yaw": [0.5, 1e-06, 0.1], "k_pid_hsp": [9.561634063720703, 0.9637066125869751, 0.19856679439544678], "k_pid_vsp": [11.627650260925293, 392.71661376953125, 0.5587349534034729]}, "datetime": {"datetime": "2025-08-21 11:13:03", "elapsed": 8899.497466564178, "delta": 24.723870038986206}, "costs": {"total_cost": 582.6034969266524, "time_cost": 150, "final_distance_cost": 64.08193259081158, "oscillation_cost": 158.76500465416524, "completition_cost": 111.11111111111116, "overshoot_cost": 53.27071178074027, "power_cost": 26.074548645019533, "noise_cost": 19.300188144804675, "n_waypoints_completed": 8, "tot_waypoints": 9}}
{"target": -1276.6776249390127, "params": {"k_pid_pos": [2.0, 0.9762610197067261, 0.0], "k_pid_alt": [1.963517427444458, 1.0, 0.009346544742584229], "k_pid_att": [100.0, 0.17409434914588928, 0.9883123636245728], "k_pid_yaw": [0.5, 1e-06, 0.1], "k_pid_hsp": [9.886446952819824, 0.9262602925300598, 0.15695518255233765], "k_pid_vsp": [5.640101432800293, 376.0790710449219, 19.3896541595459]}, "datetime": {"datetime": "2025-08-21 11:13:26", "elapsed": 8922.619770050049, "delta": 23.12230348587036}, "costs": {"total_cost": 1276.6776249390127, "time_cost": 150, "final_distance_cost": 49.433051209164056, "oscillation_cost": 100.265647631307, "completition_cost": 888.8888888888888, "overshoot_cost": 42.25807228921092, "power_cost": 27.462659204101563, "noise_cost": 18.369305716340232, "n_waypoints_completed": 1, "tot_waypoints": 9}}
{"target": -910.6976435253662, "params": {"k_pid_pos": [2.0, 0.9953877925872803, 0.9999990463256836], "k_pid_alt": [1.6724379062652588, 1.0, 0.06413722038269043], "k_pid_att": [100.0, 0.2485189437866211, 0.9820135235786438], "k_pid_yaw": [0.5, 1e-06, 0.1], "k_pid_hsp": [5.900232791900635, 0.9279477596282959, 0.02577117085456848], "k_pid_vsp": [6.812858581542969, 378.8067321777344, 45.54612731933594]}, "datetime": {"datetime": "2025-08-21 11:13:49", "elapsed": 8945.71525645256, "delta": 23.095486402511597}, "costs": {"total_cost": 910.6976435253662, "time_cost": 150, "final_distance_cost": 55.733381569688525, "oscillation_cost": 177.65348814637775, "completition_cost": 444.4444444444444, "overshoot_cost": 47.95983352785798, "power_cost": 19.381116162109375, "noise_cost": 15.525379674888217, "n_waypoints_completed": 5, "tot_waypoints": 9}}
{"target": -1079.4399116286156, "params": {"k_pid_pos": [0.00010101322550326586, 0.9918464422225952, 0.0], "k_pid_alt": [1.932950735092163, 0.9985531568527222, 0.014651834964752197], "k_pid_att": [100.0, 0.14247827231884003, 0.9183057546615601], "k_pid_yaw": [0.5, 1e-06, 0.1], "k_pid_hsp": [9.78430461883545, 0.8171376585960388, 0.04707545042037964], "k_pid_vsp": [76.20728302001953, 328.7891845703125, 42.178714752197266]}, "datetime": {"datetime": "2025-08-21 11:14:12", "elapsed": 8969.043921470642, "delta": 23.328665018081665}, "costs": {"total_cost": 1079.4399116286156, "time_cost": 150, "final_distance_cost": 54.99227177251438, "oscillation_cost": 109.07920544540681, "completition_cost": 666.6666666666667, "overshoot_cost": 64.0330942933167, "power_cost": 19.25101298828125, "noise_cost": 15.41766046242963, "n_waypoints_completed": 3, "tot_waypoints": 9}}
{"target": -690.7113596552342, "params": {"k_pid_pos": [2.0, 0.973394513130188, 0.990369439125061], "k_pid_alt": [1.8469879627227783, 0.9982954263687134, 0.07048064470291138], "k_pid_att": [99.9999771118164, 0.38013866543769836, 0.9679769277572632], "k_pid_yaw": [0.5, 1e-06, 0.1], "k_pid_hsp": [9.902262687683105, 0.9676968455314636, 0.030193954706192017], "k_pid_vsp": [44.47526931762695, 374.5306701660156, 38.02412796020508]}, "datetime": {"datetime": "2025-08-21 11:14:35", "elapsed": 8992.384104251862, "delta": 23.340182781219482}, "costs": {"total_cost": 690.7113596552342, "time_cost": 150, "final_distance_cost": 63.79212056688365, "oscillation_cost": 162.70758094315218, "completition_cost": 222.2222222222222, "overshoot_cost": 52.5447433871714, "power_cost": 22.008282861328127, "noise_cost": 17.43640967447676, "n_waypoints_completed": 7, "tot_waypoints": 9}}
{"target": -721.4090321637167, "params": {"k_pid_pos": [2.0, 0.9824554920196533, 0.8770259022712708], "k_pid_alt": [1.924048662185669, 1.0, 0.009171843528747559], "k_pid_att": [99.95402526855469, 2.494673252105713, 0.9465100169181824], "k_pid_yaw": [0.5, 1e-06, 0.1], "k_pid_hsp": [9.810084342956543, 0.8524682521820068, 0.09399870038032532], "k_pid_vsp": [62.27358627319336, 360.57843017578125, 6.819368362426758]}, "datetime": {"datetime": "2025-08-21 11:14:59", "elapsed": 9015.79722738266, "delta": 23.41312313079834}, "costs": {"total_cost": 721.4090321637167, "time_cost": 150, "final_distance_cost": 71.50032649057309, "oscillation_cost": 170.89946758967167, "completition_cost": 222.2222222222222, "overshoot_cost": 57.41105458939903, "power_cost": 28.161944653320315, "noise_cost": 21.21401661853039, "n_waypoints_completed": 7, "tot_waypoints": 9}}
{"target": -1291.8623186743466, "params": {"k_pid_pos": [0.000251984252827242, 0.9677730798721313, 0.9999884963035583], "k_pid_alt": [1.9863338470458984, 0.9813942909240723, 0.12071859836578369], "k_pid_att": [100.0, 1.2475745677947998, 0.9707281589508057], "k_pid_yaw": [0.5, 1e-06, 0.1], "k_pid_hsp": [9.870574951171875, 0.9224836230278015, 0.0449177622795105], "k_pid_vsp": [26.938962936401367, 383.08917236328125, 38.67859649658203]}, "datetime": {"datetime": "2025-08-21 11:15:23", "elapsed": 9040.328920602798, "delta": 24.53169322013855}, "costs": {"total_cost": 1291.8623186743466, "time_cost": 150, "final_distance_cost": 77.67094442999272, "oscillation_cost": 206.83383229075235, "completition_cost": 777.7777777777778, "overshoot_cost": 43.56857630616027, "power_cost": 20.959424658203126, "noise_cost": 15.051763211460093, "n_waypoints_completed": 2, "tot_waypoints": 9}}
{"target": -1334.3508157530941, "params": {"k_pid_pos": [0.019545162096619606, 0.9573849439620972, 1.0], "k_pid_alt": [1.9401798248291016, 1.0, 0.01443663239479065], "k_pid_att": [100.0, 0.24557748436927795, 0.9466664791107178], "k_pid_yaw": [0.5, 1e-06, 0.1], "k_pid_hsp": [9.606093406677246, 0.9207857847213745, 0.021741509437561035], "k_pid_vsp": [6.557333469390869, 322.10443115234375, 1.6516218185424805]}, "datetime": {"datetime": "2025-08-21 11:15:47", "elapsed": 9063.522960662842, "delta": 23.194040060043335}, "costs": {"total_cost": 1334.3508157530941, "time_cost": 150, "final_distance_cost": 62.86792875702682, "oscillation_cost": 133.6978502837738, "completition_cost": 888.8888888888888, "overshoot_cost": 53.10593605683635, "power_cost": 27.30883366699219, "noise_cost": 18.481378099576215, "n_waypoints_completed": 1, "tot_waypoints": 9}}
{"target": -1465.1354413587699, "params": {"k_pid_pos": [1.9999998807907104, 0.9743157625198364, 0.9999958276748657], "k_pid_alt": [1.7726502418518066, 0.9999368786811829, 0.056142956018447876], "k_pid_att": [100.0, 0.26534008979797363, 0.982984185218811], "k_pid_yaw": [0.5, 1e-06, 0.1], "k_pid_hsp": [9.324193000793457, 0.9652504920959473, 0.04161188006401062], "k_pid_vsp": [99.13980865478516, 391.06103515625, 4.124213218688965]}, "datetime": {"datetime": "2025-08-21 11:16:10", "elapsed": 9087.00612783432, "delta": 23.48316717147827}, "costs": {"total_cost": 1465.1354413587699, "time_cost": 150, "final_distance_cost": 83.37555704201637, "oscillation_cost": 328.66621991555286, "completition_cost": 777.7777777777778, "overshoot_cost": 99.91163602473127, "power_cost": 13.243578979492188, "noise_cost": 12.160671619199267, "n_waypoints_completed": 2, "tot_waypoints": 9}}
{"target": -1240.7639559894205, "params": {"k_pid_pos": [1.7656375169754028, 0.9580471515655518, 0.0], "k_pid_alt": [1.9682024717330933, 1.0, 0.03844800591468811], "k_pid_att": [100.0, 0.07330480217933655, 0.901663064956665], "k_pid_yaw": [0.5, 1e-06, 0.1], "k_pid_hsp": [9.425212860107422, 0.799929141998291, 0.21432426571846008], "k_pid_vsp": [12.329411506652832, 312.7010498046875, 10.8069429397583]}, "datetime": {"datetime": "2025-08-21 11:16:33", "elapsed": 9110.323380708694, "delta": 23.31725287437439}, "costs": {"total_cost": 1240.7639559894205, "time_cost": 150, "final_distance_cost": 83.29640456573418, "oscillation_cost": 138.59006478036198, "completition_cost": 777.7777777777778, "overshoot_cost": 51.39016833413792, "power_cost": 23.35019351806641, "noise_cost": 16.359347013342052, "n_waypoints_completed": 2, "tot_waypoints": 9}}
{"target": -707.2077418507012, "params": {"k_pid_pos": [2.0, 0.9734399318695068, 0.9999593496322632], "k_pid_alt": [1.8816128969192505, 0.9999992251396179, 0.007627815008163452], "k_pid_att": [99.99947357177734, 0.5177119970321655, 0.9581403732299805], "k_pid_yaw": [0.5, 1e-06, 0.1], "k_pid_hsp": [9.800993919372559, 0.792068362236023, 0.05345207452774048], "k_pid_vsp": [1.6636371612548828, 305.32373046875, 9.263337135314941]}, "datetime": {"datetime": "2025-08-21 11:16:57", "elapsed": 9133.589054822922, "delta": 23.265674114227295}, "costs": {"total_cost": 707.2077418507012, "time_cost": 150, "final_distance_cost": 74.80227795947985, "oscillation_cost": 168.3228411391466, "completition_cost": 222.2222222222222, "overshoot_cost": 60.49844497579557, "power_cost": 17.979276574707033, "noise_cost": 13.382678979349967, "n_waypoints_completed": 7, "tot_waypoints": 9}}
{"target": -1374.675051016743, "params": {"k_pid_pos": [0.05901570990681648, 0.9820774793624878, 0.015665560960769653], "k_pid_alt": [1.939314365386963, 1.0, 0.019638776779174805], "k_pid_att": [97.0352554321289, 0.6532173156738281, 0.9916825294494629], "k_pid_yaw": [0.5, 1e-06, 0.1], "k_pid_hsp": [8.63853645324707, 0.7829947471618652, 0.09640121459960938], "k_pid_vsp": [47.0621223449707, 258.9642028808594, 9.833634376525879]}, "datetime": {"datetime": "2025-08-21 11:17:20", "elapsed": 9157.178570747375, "delta": 23.589515924453735}, "costs": {"total_cost": 1374.675051016743, "time_cost": 150, "final_distance_cost": 46.99029192822606, "oscillation_cost": 93.67746417303988, "completition_cost": 1000.0, "overshoot_cost": 41.645166865445766, "power_cost": 24.963140075683594, "noise_cost": 17.398987974347598, "n_waypoints_completed": 0, "tot_waypoints": 9}}
{"target": -1228.1812877593602, "params": {"k_pid_pos": [1.9999994039535522, 0.9987138509750366, 9.5367431640625e-06], "k_pid_alt": [1.8975049257278442, 0.752739429473877, 0.039824843406677246], "k_pid_att": [99.99665832519531, 1.8448399305343628, 0.9814230799674988], "k_pid_yaw": [0.5, 1e-06, 0.1], "k_pid_hsp": [9.403132438659668, 0.6714167594909668, 0.17736434936523438], "k_pid_vsp": [14.701021194458008, 353.497802734375, 5.300057888031006]}, "datetime": {"datetime": "2025-08-21 11:17:43", "elapsed": 9180.063443183899, "delta": 22.884872436523438}, "costs": {"total_cost": 1228.1812877593602, "time_cost": 150, "final_distance_cost": 89.62868717457324, "oscillation_cost": 133.88793287429206, "completition_cost": 777.7777777777778, "overshoot_cost": 39.893672894338806, "power_cost": 21.794263513183594, "noise_cost": 15.198953525194826, "n_waypoints_completed": 2, "tot_waypoints": 9}}
{"target": -355.00256663578, "params": {"k_pid_pos": [2.0, 0.9270997047424316, 0.9999722242355347], "k_pid_alt": [1.9483295679092407, 0.9999987483024597, 0.03424522280693054], "k_pid_att": [100.0, 0.5704734921455383, 0.9813035130500793], "k_pid_yaw": [0.5, 1e-06, 0.1], "k_pid_hsp": [9.599414825439453, 0.8580067157745361, 0.03782746195793152], "k_pid_vsp": [290.74688720703125, 333.3571472167969, 9.800721168518066]}, "datetime": {"datetime": "2025-08-21 11:18:05", "elapsed": 9202.193851470947, "delta": 22.13040828704834}, "costs": {"total_cost": 355.00256663578, "time_cost": 93.976, "final_distance_cost": 1.7641152387881605, "oscillation_cost": 174.9645574301171, "completition_cost": 0.0, "overshoot_cost": 55.48837130245361, "power_cost": 14.793127758789064, "noise_cost": 14.01639490563199, "n_waypoints_completed": 9, "tot_waypoints": 9}}
{"target": -615.9549007645579, "params": {"k_pid_pos": [1.9999980926513672, 0.9554232358932495, 0.9999927282333374], "k_pid_alt": [1.9403785467147827, 0.5456683039665222, 0.011445343494415283], "k_pid_att": [99.99968719482422, 0.1961698979139328, 0.9603245258331299], "k_pid_yaw": [0.5, 1e-06, 0.1], "k_pid_hsp": [8.94080638885498, 0.9817659258842468, 0.07415932416915894], "k_pid_vsp": [16.594791412353516, 353.6185607910156, 2.950514316558838]}, "datetime": {"datetime": "2025-08-21 11:18:29", "elapsed": 9226.088783979416, "delta": 23.894932508468628}, "costs": {"total_cost": 615.9549007645579, "time_cost": 150, "final_distance_cost": 45.116976152941774, "oscillation_cost": 219.51171770286578, "completition_cost": 111.11111111111116, "overshoot_cost": 54.371350319802694, "power_cost": 21.017691711425783, "noise_cost": 14.826053766410757, "n_waypoints_completed": 8, "tot_waypoints": 9}}
{"target": -753.4557915687064, "params": {"k_pid_pos": [1.913527488708496, 0.9868094325065613, 0.38238826394081116], "k_pid_alt": [1.9378650188446045, 1.0, 0.06499075889587402], "k_pid_att": [100.0, 0.39476847648620605, 0.9372188448905945], "k_pid_yaw": [0.5, 1e-06, 0.1], "k_pid_hsp": [7.77251672744751, 0.8247362971305847, 0.08344531059265137], "k_pid_vsp": [40.21513366699219, 397.51654052734375, 3.933371067047119]}, "datetime": {"datetime": "2025-08-21 11:18:53", "elapsed": 9249.610642671585, "delta": 23.52185869216919}, "costs": {"total_cost": 753.4557915687064, "time_cost": 150, "final_distance_cost": 66.86791620580304, "oscillation_cost": 101.76982239592935, "completition_cost": 333.33333333333337, "overshoot_cost": 59.13999783893889, "power_cost": 23.736710412597656, "noise_cost": 18.608011382104063, "n_waypoints_completed": 6, "tot_waypoints": 9}}
{"target": -542.3617265224547, "params": {"k_pid_pos": [1.9818495512008667, 0.9903731346130371, 1.0], "k_pid_alt": [1.9823580980300903, 0.9967749714851379, 0.12222865223884583], "k_pid_att": [100.0, 0.4797671437263489, 0.8185755610466003], "k_pid_yaw": [0.5, 1e-06, 0.1], "k_pid_hsp": [8.418610572814941, 0.6979726552963257, 0.013067573308944702], "k_pid_vsp": [33.79827880859375, 378.2789611816406, 24.857177734375]}, "datetime": {"datetime": "2025-08-21 11:19:16", "elapsed": 9272.812564611435, "delta": 23.201921939849854}, "costs": {"total_cost": 542.3617265224547, "time_cost": 150, "final_distance_cost": 24.189448662775536, "oscillation_cost": 156.70421048255486, "completition_cost": 111.11111111111116, "overshoot_cost": 61.80688057649393, "power_cost": 21.559839807128906, "noise_cost": 16.990235882390273, "n_waypoints_completed": 8, "tot_waypoints": 9}}
{"target": -1206.2808354658787, "params": {"k_pid_pos": [1.9653006792068481, 0.8916751146316528, 0.0], "k_pid_alt": [1.9812142848968506, 0.9999996423721313, 0.021501809358596802], "k_pid_att": [100.0, 0.29898807406425476, 0.847883939743042], "k_pid_yaw": [0.5, 1e-06, 0.1], "k_pid_hsp": [9.18094539642334, 0.7176563739776611, 0.05444684624671936], "k_pid_vsp": [17.753971099853516, 319.2716369628906, 7.500256061553955]}, "datetime": {"datetime": "2025-08-21 11:19:39", "elapsed": 9296.212816953659, "delta": 23.40025234222412}, "costs": {"total_cost": 1206.2808354658787, "time_cost": 150, "final_distance_cost": 94.44161440820159, "oscillation_cost": 101.12845592657887, "completition_cost": 777.7777777777778, "overshoot_cost": 46.36746658732681, "power_cost": 21.358946899414065, "noise_cost": 15.206573866579516, "n_waypoints_completed": 2, "tot_waypoints": 9}}
{"target": -577.5176666000677, "params": {"k_pid_pos": [2.0, 0.8494713306427002, 0.9986584782600403], "k_pid_alt": [1.9923007488250732, 1.0, 0.14970386028289795], "k_pid_att": [100.0, 2.1634418964385986, 0.9061744213104248], "k_pid_yaw": [0.5, 1e-06, 0.1], "k_pid_hsp": [9.881285667419434, 0.9824399948120117, 0.038056641817092896], "k_pid_vsp": [30.874454498291016, 368.35565185546875, 16.241134643554688]}, "datetime": {"datetime": "2025-08-21 11:20:03", "elapsed": 9320.03818321228, "delta": 23.825366258621216}, "costs": {"total_cost": 577.5176666000677, "time_cost": 150, "final_distance_cost": 27.738723336539103, "oscillation_cost": 196.26207646135165, "completition_cost": 111.11111111111116, "overshoot_cost": 59.411392320441074, "power_cost": 18.223702001953125, "noise_cost": 14.770661368671687, "n_waypoints_completed": 8, "tot_waypoints": 9}}
{"target": -1425.7172450431342, "params": {"k_pid_pos": [9.999999747378752e-05, 0.841434121131897, 9.66787338256836e-05], "k_pid_alt": [1.9657440185546875, 1.0, 0.010323017835617065], "k_pid_att": [100.0, 0.10020320862531662, 0.9847520589828491], "k_pid_yaw": [0.5, 1e-06, 0.1], "k_pid_hsp": [9.808260917663574, 0.981228768825531, 0.21567043662071228], "k_pid_vsp": [154.16458129882812, 396.2333679199219, 48.364234924316406]}, "datetime": {"datetime": "2025-08-21 11:20:26", "elapsed": 9342.97988986969, "delta": 22.941706657409668}, "costs": {"total_cost": 1425.7172450431342, "time_cost": 150, "final_distance_cost": 52.64085663557653, "oscillation_cost": 105.55752499989232, "completition_cost": 1000.0, "overshoot_cost": 60.31407383442543, "power_cost": 30.73391375732422, "noise_cost": 26.47087581591555, "n_waypoints_completed": 0, "tot_waypoints": 9}}
{"target": -917.7681368017596, "params": {"k_pid_pos": [2.0, 0.8806556463241577, 0.0], "k_pid_alt": [1.944560170173645, 0.9999999403953552, 0.06887230277061462], "k_pid_att": [100.0, 0.2882891297340393, 0.9568963646888733], "k_pid_yaw": [0.5, 1e-06, 0.1], "k_pid_hsp": [8.339685440063477, 0.9454200267791748, 0.003322392702102661], "k_pid_vsp": [17.303503036499023, 399.1766662597656, 5.1805267333984375]}, "datetime": {"datetime": "2025-08-21 11:20:49", "elapsed": 9366.050149679184, "delta": 23.07025980949402}, "costs": {"total_cost": 917.7681368017596, "time_cost": 150, "final_distance_cost": 49.2703260889119, "oscillation_cost": 74.20054717004085, "completition_cost": 555.5555555555555, "overshoot_cost": 53.769210774153805, "power_cost": 19.677969360351565, "noise_cost": 15.294527852745876, "n_waypoints_completed": 4, "tot_waypoints": 9}}
{"target": -837.7792578057652, "params": {"k_pid_pos": [2.0, 0.9891234636306763, 0.0], "k_pid_alt": [1.8729966878890991, 1.0, 0.20448216795921326], "k_pid_att": [99.9999771118164, 0.693273663520813, 0.8144832253456116], "k_pid_yaw": [0.5, 1e-06, 0.1], "k_pid_hsp": [9.943196296691895, 0.877703070640564, 0.008857816457748413], "k_pid_vsp": [27.065826416015625, 392.1005859375, 57.735145568847656]}, "datetime": {"datetime": "2025-08-21 11:21:13", "elapsed": 9389.438156604767, "delta": 23.388006925582886}, "costs": {"total_cost": 837.7792578057652, "time_cost": 150, "final_distance_cost": 62.25116920080521, "oscillation_cost": 79.83271858738809, "completition_cost": 444.4444444444444, "overshoot_cost": 60.56131329347331, "power_cost": 23.05773337402344, "noise_cost": 17.63187890563071, "n_waypoints_completed": 5, "tot_waypoints": 9}}
{"target": -822.9281159372723, "params": {"k_pid_pos": [1.9896469116210938, 0.8702214956283569, 2.3066997528076172e-05], "k_pid_alt": [1.969537615776062, 0.9267209768295288, 0.025302469730377197], "k_pid_att": [100.0, 2.0356180667877197, 0.9781631231307983], "k_pid_yaw": [0.5, 1e-06, 0.1], "k_pid_hsp": [9.614774703979492, 0.9232491254806519, 0.01550227403640747], "k_pid_vsp": [12.738943099975586, 383.7011413574219, 52.66904830932617]}, "datetime": {"datetime": "2025-08-21 11:21:36", "elapsed": 9412.96632528305, "delta": 23.52816867828369}, "costs": {"total_cost": 822.9281159372723, "time_cost": 150, "final_distance_cost": 56.41603324253875, "oscillation_cost": 89.64167976253516, "completition_cost": 444.4444444444444, "overshoot_cost": 47.05858582335632, "power_cost": 20.087401708984377, "noise_cost": 15.27997095541323, "n_waypoints_completed": 5, "tot_waypoints": 9}}
{"target": -339.6709994092454, "params": {"k_pid_pos": [2.0, 0.9776644110679626, 0.8613158464431763], "k_pid_alt": [1.9429893493652344, 0.9963638782501221, 0.02650350332260132], "k_pid_att": [100.0, 0.3813379108905792, 0.9899289608001709], "k_pid_yaw": [0.5, 1e-06, 0.1], "k_pid_hsp": [8.48498249053955, 0.9178270101547241, 0.011524319648742676], "k_pid_vsp": [9.43850326538086, 383.8453674316406, 8.265460014343262]}, "datetime": {"datetime": "2025-08-21 11:21:59", "elapsed": 9435.919749259949, "delta": 22.953423976898193}, "costs": {"total_cost": 339.6709994092454, "time_cost": 98.96000000000001, "final_distance_cost": 1.772136902947652, "oscillation_cost": 142.4179262449567, "completition_cost": 0.0, "overshoot_cost": 58.011425868980226, "power_cost": 22.635553393554687, "noise_cost": 15.87395699880613, "n_waypoints_completed": 9, "tot_waypoints": 9}}
