{"target": -339.88490869826927, "params": {"k_pid_pos": [2.0, 0.9978867769241333, 1.0], "k_pid_alt": [1.7956125736236572, 1.0, 0.0011487007141113281], "k_pid_att": [100.0, 0.10876235365867615, 0.9704810380935669], "k_pid_yaw": [0.5, 1e-06, 0.1], "k_pid_hsp": [9.85598373413086, 0.9819890856742859, 0.006121397018432617], "k_pid_vsp": [2.4833083152770996, 388.1831970214844, 0.5276094079017639]}, "datetime": {"datetime": "2025-08-22 00:24:34", "elapsed": 56390.66170978546, "delta": 21.56500554084778}, "costs": {"total_cost": 339.88490869826927, "time_cost": 98.768, "final_distance_cost": 1.7228079801056417, "oscillation_cost": 146.06417976930445, "completition_cost": 0.0, "overshoot_cost": 59.68388600269924, "power_cost": 19.368012915039063, "noise_cost": 14.278022031120862, "n_waypoints_completed": 9, "tot_waypoints": 9}}
{"target": -761.3307687282136, "params": {"k_pid_pos": [2.0, 0.9785066246986389, 1.0], "k_pid_alt": [1.9720808267593384, 0.9999999403953552, 0.0059271156787872314], "k_pid_att": [100.0, 0.04885432496666908, 0.9785268902778625], "k_pid_yaw": [0.5, 1e-06, 0.1], "k_pid_hsp": [7.928992748260498, 0.9981400966644287, 0.001366734504699707], "k_pid_vsp": [4.317939281463623, 386.5397644042969, 2.247119903564453]}, "datetime": {"datetime": "2025-08-22 00:24:54", "elapsed": 56411.36089372635, "delta": 20.69918394088745}, "costs": {"total_cost": 761.3307687282136, "time_cost": 150, "final_distance_cost": 73.97624138069601, "oscillation_cost": 121.19373522546228, "completition_cost": 333.33333333333337, "overshoot_cost": 48.28191417877455, "power_cost": 19.901491760253908, "noise_cost": 14.644052849693638, "n_waypoints_completed": 6, "tot_waypoints": 9}}
{"target": -339.71125599475886, "params": {"k_pid_pos": [2.0, 0.9992771148681641, 1.0], "k_pid_alt": [1.9965890645980835, 1.0, 0.004627734422683716], "k_pid_att": [100.0, 0.04167889058589935, 0.9930000901222229], "k_pid_yaw": [0.5, 1e-06, 0.1], "k_pid_hsp": [9.982346534729004, 0.9936496019363403, 0.0033024847507476807], "k_pid_vsp": [0.9865999221801758, 397.12103271484375, 1.9708762168884277]}, "datetime": {"datetime": "2025-08-22 00:25:16", "elapsed": 56432.70336174965, "delta": 21.34246802330017}, "costs": {"total_cost": 339.71125599475886, "time_cost": 95.568, "final_distance_cost": 1.7848002158162688, "oscillation_cost": 152.2759154090922, "completition_cost": 0.0, "overshoot_cost": 56.74876593756397, "power_cost": 19.467443701171877, "noise_cost": 13.866330731114553, "n_waypoints_completed": 9, "tot_waypoints": 9}}
{"target": -334.80041779346533, "params": {"k_pid_pos": [2.0, 0.9915012717247009, 1.0], "k_pid_alt": [1.959364652633667, 1.0, 0.005158931016921997], "k_pid_att": [100.0, 0.09126230329275131, 0.9772780537605286], "k_pid_yaw": [0.5, 1e-06, 0.1], "k_pid_hsp": [9.979022026062012, 0.997191846370697, 0.0037242770195007324], "k_pid_vsp": [10.408854484558105, 398.3923645019531, 7.492304801940918]}, "datetime": {"datetime": "2025-08-22 00:25:36", "elapsed": 56452.93787407875, "delta": 20.234512329101562}, "costs": {"total_cost": 334.80041779346533, "time_cost": 94.04, "final_distance_cost": 1.8062712162644057, "oscillation_cost": 150.52986674956216, "completition_cost": 0.0, "overshoot_cost": 56.308729947038856, "power_cost": 18.471686291503907, "noise_cost": 13.643863589096055, "n_waypoints_completed": 9, "tot_waypoints": 9}}
{"target": -571.9859611574768, "params": {"k_pid_pos": [2.0, 0.9933110475540161, 1.0], "k_pid_alt": [1.9434466361999512, 1.0, 0.0067039430141448975], "k_pid_att": [100.0, 0.07901367545127869, 0.90290367603302], "k_pid_yaw": [0.5, 1e-06, 0.1], "k_pid_hsp": [9.440580368041992, 0.9976900815963745, 0.00517582893371582], "k_pid_vsp": [0.8848071098327637, 387.714111328125, 3.998960018157959]}, "datetime": {"datetime": "2025-08-22 00:25:59", "elapsed": 56475.81151723862, "delta": 22.873643159866333}, "costs": {"total_cost": 571.9859611574768, "time_cost": 150, "final_distance_cost": 46.64185606487688, "oscillation_cost": 165.9518318145367, "completition_cost": 111.11111111111116, "overshoot_cost": 64.4798982252463, "power_cost": 19.853690380859376, "noise_cost": 13.947573560846516, "n_waypoints_completed": 8, "tot_waypoints": 9}}
{"target": -849.9199322103996, "params": {"k_pid_pos": [2.0, 0.9444299936294556, 1.0], "k_pid_alt": [1.955579400062561, 1.0, 0.015572994947433472], "k_pid_att": [100.0, 0.06059900298714638, 0.955965518951416], "k_pid_yaw": [0.5, 1e-06, 0.1], "k_pid_hsp": [9.935359001159668, 0.9981896281242371, 0.02483975887298584], "k_pid_vsp": [1.2570381164550781, 397.8623352050781, 0.6941567063331604]}, "datetime": {"datetime": "2025-08-22 00:26:19", "elapsed": 56496.27722120285, "delta": 20.4657039642334}, "costs": {"total_cost": 849.9199322103996, "time_cost": 150, "final_distance_cost": 58.65146278452093, "oscillation_cost": 217.63461635807693, "completition_cost": 333.33333333333337, "overshoot_cost": 54.292071923846635, "power_cost": 20.406459814453125, "noise_cost": 15.601987996168663, "n_waypoints_completed": 6, "tot_waypoints": 9}}
{"target": -822.5519525311802, "params": {"k_pid_pos": [2.0, 0.9983683824539185, 1.0], "k_pid_alt": [1.9573755264282227, 1.0, 0.01703062653541565], "k_pid_att": [100.0, 0.2002265602350235, 0.9892319440841675], "k_pid_yaw": [0.5, 1e-06, 0.1], "k_pid_hsp": [9.708181381225586, 0.9749481081962585, 0.0860140323638916], "k_pid_vsp": [1.0451197624206543, 392.39984130859375, 2.617610454559326]}, "datetime": {"datetime": "2025-08-22 00:26:43", "elapsed": 56519.891057014465, "delta": 23.61383581161499}, "costs": {"total_cost": 822.5519525311802, "time_cost": 150, "final_distance_cost": 64.61317849432432, "oscillation_cost": 176.50565810594156, "completition_cost": 333.33333333333337, "overshoot_cost": 54.09025667641988, "power_cost": 25.13102244873047, "noise_cost": 18.87850347243054, "n_waypoints_completed": 6, "tot_waypoints": 9}}
{"target": -327.49687276012605, "params": {"k_pid_pos": [2.0, 0.9810922741889954, 1.0], "k_pid_alt": [1.987051010131836, 1.0, 0.018709421157836914], "k_pid_att": [100.0, 0.05579491704702377, 0.975874662399292], "k_pid_yaw": [0.5, 1e-06, 0.1], "k_pid_hsp": [9.744025230407715, 0.9754343628883362, 0.003418058156967163], "k_pid_vsp": [5.841028690338135, 398.35675048828125, 9.086382865905762]}, "datetime": {"datetime": "2025-08-22 00:27:03", "elapsed": 56540.23272848129, "delta": 20.341671466827393}, "costs": {"total_cost": 327.49687276012605, "time_cost": 98.752, "final_distance_cost": 1.7434673614534753, "oscillation_cost": 133.36850993328807, "completition_cost": 0.0, "overshoot_cost": 57.36060018892635, "power_cost": 21.203184631347657, "noise_cost": 15.069110645110538, "n_waypoints_completed": 9, "tot_waypoints": 9}}
{"target": -597.2917089837279, "params": {"k_pid_pos": [2.0, 0.9836444854736328, 1.0], "k_pid_alt": [1.9481167793273926, 1.0, 0.03303292393684387], "k_pid_att": [100.0, 0.29298773407936096, 0.9937636852264404], "k_pid_yaw": [0.5, 1e-06, 0.1], "k_pid_hsp": [9.90125560760498, 0.9678674936294556, 0.02250152826309204], "k_pid_vsp": [5.771505832672119, 397.2757873535156, 1.3485441207885742]}, "datetime": {"datetime": "2025-08-22 00:27:26", "elapsed": 56562.53473353386, "delta": 22.30200505256653}, "costs": {"total_cost": 597.2917089837279, "time_cost": 150, "final_distance_cost": 66.46086790893543, "oscillation_cost": 173.81514204031427, "completition_cost": 111.11111111111116, "overshoot_cost": 54.8526342871929, "power_cost": 24.39104284667969, "noise_cost": 16.660910789494476, "n_waypoints_completed": 8, "tot_waypoints": 9}}
{"target": -546.3164582842052, "params": {"k_pid_pos": [2.0, 0.9565836191177368, 1.0], "k_pid_alt": [1.9865341186523438, 1.0, 0.05836006999015808], "k_pid_att": [100.0, 0.048698458820581436, 0.9971814155578613], "k_pid_yaw": [0.5, 1e-06, 0.1], "k_pid_hsp": [9.648813247680664, 0.9809178709983826, 0.007222235202789307], "k_pid_vsp": [8.561790466308594, 382.9637145996094, 1.7053613662719727]}, "datetime": {"datetime": "2025-08-22 00:27:46", "elapsed": 56582.809158563614, "delta": 20.27442502975464}, "costs": {"total_cost": 546.3164582842052, "time_cost": 150, "final_distance_cost": 50.73437248274418, "oscillation_cost": 128.829080517104, "completition_cost": 111.11111111111116, "overshoot_cost": 61.672015156689575, "power_cost": 25.18319197998047, "noise_cost": 18.786687036575852, "n_waypoints_completed": 8, "tot_waypoints": 9}}
{"target": -882.0874603138562, "params": {"k_pid_pos": [2.0, 0.9842016100883484, 1.0], "k_pid_alt": [1.977307915687561, 1.0, 0.07196006178855896], "k_pid_att": [100.0, 0.057034384459257126, 0.9914416670799255], "k_pid_yaw": [0.5, 1e-06, 0.1], "k_pid_hsp": [9.982802391052246, 0.980026364326477, 0.00789189338684082], "k_pid_vsp": [17.90087127685547, 380.57452392578125, 1.5285024642944336]}, "datetime": {"datetime": "2025-08-22 00:28:08", "elapsed": 56604.94223666191, "delta": 22.13307809829712}, "costs": {"total_cost": 882.0874603138562, "time_cost": 150, "final_distance_cost": 53.08342304272802, "oscillation_cost": 146.30451075426922, "completition_cost": 444.4444444444444, "overshoot_cost": 48.94275535982695, "power_cost": 22.328340478515624, "noise_cost": 16.983986234072088, "n_waypoints_completed": 5, "tot_waypoints": 9}}
{"target": -720.2020981917026, "params": {"k_pid_pos": [2.0, 0.9726769924163818, 1.0], "k_pid_alt": [1.9948322772979736, 1.0, 0.004139214754104614], "k_pid_att": [100.0, 0.14680254459381104, 0.998017430305481], "k_pid_yaw": [0.5, 1e-06, 0.1], "k_pid_hsp": [9.908282279968262, 0.9943860769271851, 0.025558292865753174], "k_pid_vsp": [1.9374847412109375, 399.50616455078125, 37.78812789916992]}, "datetime": {"datetime": "2025-08-22 00:28:30", "elapsed": 56626.65784454346, "delta": 21.71560788154602}, "costs": {"total_cost": 720.2020981917026, "time_cost": 150, "final_distance_cost": 72.15812706317986, "oscillation_cost": 185.54037800566007, "completition_cost": 222.2222222222222, "overshoot_cost": 54.06163738869298, "power_cost": 21.101599145507812, "noise_cost": 15.118134366439683, "n_waypoints_completed": 7, "tot_waypoints": 9}}
{"target": -532.4165701645649, "params": {"k_pid_pos": [2.0, 0.9888208508491516, 0.9955480098724365], "k_pid_alt": [1.9467601776123047, 1.0, 0.08281815052032471], "k_pid_att": [100.0, 0.069350965321064, 0.9938340187072754], "k_pid_yaw": [0.5, 1e-06, 0.1], "k_pid_hsp": [9.981334686279297, 0.9848500490188599, 0.0070757269859313965], "k_pid_vsp": [4.860043525695801, 396.37493896484375, 12.596405982971191]}, "datetime": {"datetime": "2025-08-22 00:28:51", "elapsed": 56647.84516954422, "delta": 21.18732500076294}, "costs": {"total_cost": 532.4165701645649, "time_cost": 150, "final_distance_cost": 61.09286545292154, "oscillation_cost": 103.35825271391418, "completition_cost": 111.11111111111116, "overshoot_cost": 61.24460051295396, "power_cost": 26.11490692138672, "noise_cost": 19.494833452277295, "n_waypoints_completed": 8, "tot_waypoints": 9}}
{"target": -834.7280455175301, "params": {"k_pid_pos": [2.0, 0.9484673738479614, 1.0], "k_pid_alt": [1.989890694618225, 1.0, 0.011832088232040405], "k_pid_att": [100.0, 0.06578068435192108, 0.9925830960273743], "k_pid_yaw": [0.5, 1e-06, 0.1], "k_pid_hsp": [9.341453552246094, 0.99593186378479, 0.01919153332710266], "k_pid_vsp": [5.529963970184326, 393.3421630859375, 3.3975491523742676]}, "datetime": {"datetime": "2025-08-22 00:29:13", "elapsed": 56669.965119600296, "delta": 22.11995005607605}, "costs": {"total_cost": 834.7280455175301, "time_cost": 150, "final_distance_cost": 63.00413637018361, "oscillation_cost": 196.55256304401783, "completition_cost": 333.33333333333337, "overshoot_cost": 55.48823882838078, "power_cost": 20.633623022460938, "noise_cost": 15.716150919153561, "n_waypoints_completed": 6, "tot_waypoints": 9}}
{"target": -970.7680704510402, "params": {"k_pid_pos": [2.0, 0.9573347568511963, 1.0], "k_pid_alt": [1.9837048053741455, 1.0, 0.00807875394821167], "k_pid_att": [100.0, 0.04927125573158264, 0.9960033893585205], "k_pid_yaw": [0.5, 1e-06, 0.1], "k_pid_hsp": [9.833904266357422, 0.9904353618621826, 0.004662930965423584], "k_pid_vsp": [2.0520567893981934, 394.5813293457031, 16.893983840942383]}, "datetime": {"datetime": "2025-08-22 00:29:34", "elapsed": 56690.89648079872, "delta": 20.931361198425293}, "costs": {"total_cost": 970.7680704510402, "time_cost": 150, "final_distance_cost": 45.88127675042286, "oscillation_cost": 78.38067482958655, "completition_cost": 555.5555555555555, "overshoot_cost": 83.62358534701563, "power_cost": 29.971149963378906, "noise_cost": 27.355828005080713, "n_waypoints_completed": 4, "tot_waypoints": 9}}
