{"target": -816.8171402170647, "params": {"k_pid_pos": [2.0, 0.9965349435806274, 1.0], "k_pid_alt": [1.9480081796646118, 1.0, 0.002900421619415283], "k_pid_att": [100.0, 0.45110830664634705, 0.9891930818557739], "k_pid_yaw": [0.5, 1e-06, 0.1], "k_pid_hsp": [9.504592895507812, 0.9930867552757263, 0.05149075388908386], "k_pid_vsp": [22.17186737060547, 391.5575256347656, 8.308673858642578]}, "datetime": {"datetime": "2025-08-21 18:25:07", "elapsed": 34824.13019275665, "delta": 24.564121961593628}, "costs": {"total_cost": 816.8171402170647, "time_cost": 150, "final_distance_cost": 70.65913723060252, "oscillation_cost": 161.71510740436145, "completition_cost": 333.33333333333337, "overshoot_cost": 58.7285357583298, "power_cost": 25.16703116455078, "noise_cost": 17.213995325886774, "n_waypoints_completed": 6, "tot_waypoints": 9}}
{"target": -1261.3531108618952, "params": {"k_pid_pos": [2.0, 0.9884070158004761, 3.933906555175781e-06], "k_pid_alt": [1.9475386142730713, 1.0, 0.017450034618377686], "k_pid_att": [100.0, 0.07110302895307541, 0.9774438738822937], "k_pid_yaw": [0.5, 1e-06, 0.1], "k_pid_hsp": [9.846822738647461, 0.9983352422714233, 0.024256527423858643], "k_pid_vsp": [12.819540023803711, 395.4764404296875, 27.245380401611328]}, "datetime": {"datetime": "2025-08-21 18:25:31", "elapsed": 34847.617851257324, "delta": 23.487658500671387}, "costs": {"total_cost": 1261.3531108618952, "time_cost": 150, "final_distance_cost": 59.86871216006572, "oscillation_cost": 84.08768108753554, "completition_cost": 888.8888888888888, "overshoot_cost": 42.33149244064257, "power_cost": 21.34478309326172, "noise_cost": 14.831553191501046, "n_waypoints_completed": 1, "tot_waypoints": 9}}
{"target": -681.5587294701373, "params": {"k_pid_pos": [1.999997615814209, 0.9974851608276367, 0.9999426603317261], "k_pid_alt": [1.9529757499694824, 0.9999995231628418, 0.006910741329193115], "k_pid_att": [99.99430847167969, 0.0852801501750946, 0.9967228174209595], "k_pid_yaw": [0.5, 1e-06, 0.1], "k_pid_hsp": [9.652902603149414, 0.9904332160949707, 0.0382232666015625], "k_pid_vsp": [1.873469352722168, 385.982666015625, 5.220867156982422]}, "datetime": {"datetime": "2025-08-21 18:25:55", "elapsed": 34871.87368559837, "delta": 24.255834341049194}, "costs": {"total_cost": 681.5587294701373, "time_cost": 150, "final_distance_cost": 70.75663264773696, "oscillation_cost": 139.66679059397876, "completition_cost": 222.2222222222222, "overshoot_cost": 54.14026351607804, "power_cost": 25.85533162841797, "noise_cost": 18.91748886170345, "n_waypoints_completed": 7, "tot_waypoints": 9}}
{"target": -1267.4871554013648, "params": {"k_pid_pos": [2.0, 0.9916150569915771, 0.10233888030052185], "k_pid_alt": [1.9910757541656494, 1.0, 0.14822083711624146], "k_pid_att": [100.0, 0.09494762867689133, 0.9842845797538757], "k_pid_yaw": [0.5, 1e-06, 0.1], "k_pid_hsp": [9.849910736083984, 0.9792870283126831, 0.032266199588775635], "k_pid_vsp": [10.293364524841309, 394.36431884765625, 3.021193504333496]}, "datetime": {"datetime": "2025-08-21 18:26:20", "elapsed": 34897.07339119911, "delta": 25.199705600738525}, "costs": {"total_cost": 1267.4871554013648, "time_cost": 150, "final_distance_cost": 59.20130474067202, "oscillation_cost": 67.55014555396112, "completition_cost": 888.8888888888888, "overshoot_cost": 54.4240898694382, "power_cost": 28.420613452148437, "noise_cost": 19.002112896256275, "n_waypoints_completed": 1, "tot_waypoints": 9}}
{"target": -592.6543985557203, "params": {"k_pid_pos": [2.0, 0.9553608894348145, 0.9999818801879883], "k_pid_alt": [1.9915047883987427, 1.0, 0.013008415699005127], "k_pid_att": [100.0, 0.17186397314071655, 0.9668675661087036], "k_pid_yaw": [0.5, 1e-06, 0.1], "k_pid_hsp": [9.947330474853516, 0.9445765018463135, 0.0019128024578094482], "k_pid_vsp": [14.397835731506348, 391.78887939453125, 3.915680408477783]}, "datetime": {"datetime": "2025-08-21 18:26:44", "elapsed": 34920.59416556358, "delta": 23.520774364471436}, "costs": {"total_cost": 592.6543985557203, "time_cost": 150, "final_distance_cost": 66.98510637877273, "oscillation_cost": 175.67887018504754, "completition_cost": 111.11111111111116, "overshoot_cost": 51.314556207270265, "power_cost": 21.275531982421874, "noise_cost": 16.28922269109676, "n_waypoints_completed": 8, "tot_waypoints": 9}}
{"target": -570.4254268569147, "params": {"k_pid_pos": [2.0, 0.9846287965774536, 0.9999758005142212], "k_pid_alt": [1.9220049381256104, 1.0, 0.014248311519622803], "k_pid_att": [100.0, 0.29710277915000916, 0.8501955270767212], "k_pid_yaw": [0.5, 1e-06, 0.1], "k_pid_hsp": [9.975808143615723, 0.9772595167160034, 0.07616028189659119], "k_pid_vsp": [7.714259624481201, 391.44793701171875, 16.86918830871582]}, "datetime": {"datetime": "2025-08-21 18:27:08", "elapsed": 34945.06218075752, "delta": 24.46801519393921}, "costs": {"total_cost": 570.4254268569147, "time_cost": 150, "final_distance_cost": 41.803910175115476, "oscillation_cost": 168.73839778770102, "completition_cost": 111.11111111111116, "overshoot_cost": 56.8719316495859, "power_cost": 24.53387225341797, "noise_cost": 17.36620387998318, "n_waypoints_completed": 8, "tot_waypoints": 9}}
{"target": -786.1689520486946, "params": {"k_pid_pos": [1.9999947547912598, 0.9733168482780457, 0.7203848958015442], "k_pid_alt": [1.8168152570724487, 1.0, 0.02709898352622986], "k_pid_att": [100.0, 0.5203280448913574, 0.9691522121429443], "k_pid_yaw": [0.5, 1e-06, 0.1], "k_pid_hsp": [9.986294746398926, 0.8978090882301331, 0.004339933395385742], "k_pid_vsp": [3.618466854095459, 396.0709533691406, 0.24597744643688202]}, "datetime": {"datetime": "2025-08-21 18:27:32", "elapsed": 34968.72869491577, "delta": 23.6665141582489}, "costs": {"total_cost": 786.1689520486946, "time_cost": 150, "final_distance_cost": 80.13256932663738, "oscillation_cost": 129.8202381384155, "completition_cost": 333.33333333333337, "overshoot_cost": 54.46196438195465, "power_cost": 22.74477528076172, "noise_cost": 15.676071587591952, "n_waypoints_completed": 6, "tot_waypoints": 9}}
{"target": -1198.7324540231452, "params": {"k_pid_pos": [2.0, 0.9899619817733765, 0.42755937576293945], "k_pid_alt": [1.989823341369629, 1.0, 0.014602869749069214], "k_pid_att": [100.0, 0.03234340623021126, 0.9951463937759399], "k_pid_yaw": [0.5, 1e-06, 0.1], "k_pid_hsp": [9.295899391174316, 0.9916325807571411, 0.009471923112869263], "k_pid_vsp": [22.55352783203125, 340.401611328125, 23.203147888183594]}, "datetime": {"datetime": "2025-08-21 18:27:56", "elapsed": 34992.91729879379, "delta": 24.18860387802124}, "costs": {"total_cost": 1198.7324540231452, "time_cost": 150, "final_distance_cost": 97.03580045818495, "oscillation_cost": 99.64866336184534, "completition_cost": 777.7777777777778, "overshoot_cost": 41.75962489101711, "power_cost": 18.829134130859376, "noise_cost": 13.681453403460662, "n_waypoints_completed": 2, "tot_waypoints": 9}}
{"target": -1081.019104396342, "params": {"k_pid_pos": [2.0, 0.9269822835922241, 1.0], "k_pid_alt": [1.8758636713027954, 1.0, 0.012526452541351318], "k_pid_att": [100.0, 0.7587302327156067, 0.993086576461792], "k_pid_yaw": [0.5, 1e-06, 0.1], "k_pid_hsp": [9.806344985961914, 0.9972649812698364, 0.010432690382003784], "k_pid_vsp": [30.350231170654297, 399.3714904785156, 3.7788162231445312]}, "datetime": {"datetime": "2025-08-21 18:28:21", "elapsed": 35018.3082587719, "delta": 25.390959978103638}, "costs": {"total_cost": 1081.019104396342, "time_cost": 150, "final_distance_cost": 56.17714525562806, "oscillation_cost": 123.51586625435556, "completition_cost": 666.6666666666667, "overshoot_cost": 53.77098898754638, "power_cost": 17.738118127441407, "noise_cost": 13.150319104703957, "n_waypoints_completed": 3, "tot_waypoints": 9}}
{"target": -964.563988002014, "params": {"k_pid_pos": [2.0, 0.9955592751502991, 0.9999992847442627], "k_pid_alt": [1.9919019937515259, 1.0, 0.037958502769470215], "k_pid_att": [100.0, 0.266539603471756, 0.9601584672927856], "k_pid_yaw": [0.5, 1e-06, 0.1], "k_pid_hsp": [9.392855644226074, 0.9912313222885132, 0.0032427608966827393], "k_pid_vsp": [8.112645149230957, 396.5604248046875, 3.218151092529297]}, "datetime": {"datetime": "2025-08-21 18:28:45", "elapsed": 35041.683393239975, "delta": 23.375134468078613}, "costs": {"total_cost": 964.563988002014, "time_cost": 150, "final_distance_cost": 73.70752441001535, "oscillation_cost": 184.63092943080227, "completition_cost": 444.4444444444444, "overshoot_cost": 82.72849521329985, "power_cost": 16.27479685058594, "noise_cost": 12.777797652866045, "n_waypoints_completed": 5, "tot_waypoints": 9}}
{"target": -937.7750992558805, "params": {"k_pid_pos": [2.0, 0.9840942621231079, 1.0], "k_pid_alt": [1.9855730533599854, 1.0, 0.007395803928375244], "k_pid_att": [100.0, 0.20328691601753235, 0.9807646870613098], "k_pid_yaw": [0.5, 1e-06, 0.1], "k_pid_hsp": [9.427398681640625, 0.9959815144538879, 0.03627324104309082], "k_pid_vsp": [1.2546896934509277, 390.500244140625, 1.704634189605713]}, "datetime": {"datetime": "2025-08-21 18:29:10", "elapsed": 35066.83339571953, "delta": 25.150002479553223}, "costs": {"total_cost": 937.7750992558805, "time_cost": 150, "final_distance_cost": 65.09755873936447, "oscillation_cost": 191.55749144754716, "completition_cost": 444.4444444444444, "overshoot_cost": 53.93760064338855, "power_cost": 18.34989278564453, "noise_cost": 14.388111195491282, "n_waypoints_completed": 5, "tot_waypoints": 9}}
{"target": -346.8042885271248, "params": {"k_pid_pos": [2.0, 0.9973956346511841, 1.0], "k_pid_alt": [1.989375352859497, 1.0, 0.03862270712852478], "k_pid_att": [100.0, 0.10295125842094421, 0.94996178150177], "k_pid_yaw": [0.5, 1e-06, 0.1], "k_pid_hsp": [9.39526081085205, 0.9935885071754456, 0.009716838598251343], "k_pid_vsp": [8.612834930419922, 395.84539794921875, 28.331138610839844]}, "datetime": {"datetime": "2025-08-21 18:29:32", "elapsed": 35089.08679986, "delta": 22.253404140472412}, "costs": {"total_cost": 346.8042885271248, "time_cost": 96.98400000000001, "final_distance_cost": 1.7185079437564081, "oscillation_cost": 159.07745275088485, "completition_cost": 0.0, "overshoot_cost": 53.398677238276505, "power_cost": 20.687430712890627, "noise_cost": 14.938219881316476, "n_waypoints_completed": 9, "tot_waypoints": 9}}
{"target": -558.1201039040377, "params": {"k_pid_pos": [2.0, 0.9704115986824036, 1.0], "k_pid_alt": [1.9793369770050049, 1.0, 0.010674804449081421], "k_pid_att": [99.97244262695312, 0.5932461023330688, 0.997573971748352], "k_pid_yaw": [0.5, 1e-06, 0.1], "k_pid_hsp": [9.733217239379883, 0.9774409532546997, 0.02252444624900818], "k_pid_vsp": [6.530857086181641, 397.956787109375, 28.70932960510254]}, "datetime": {"datetime": "2025-08-21 18:29:58", "elapsed": 35114.70294165611, "delta": 25.61614179611206}, "costs": {"total_cost": 558.1201039040377, "time_cost": 150, "final_distance_cost": 32.379681058023046, "oscillation_cost": 162.62414242332736, "completition_cost": 111.11111111111116, "overshoot_cost": 59.661350891158065, "power_cost": 24.39926442871094, "noise_cost": 17.944553991707103, "n_waypoints_completed": 8, "tot_waypoints": 9}}
{"target": -722.6547756550644, "params": {"k_pid_pos": [2.0, 0.9513221979141235, 1.0], "k_pid_alt": [1.9683973789215088, 1.0, 0.02417173981666565], "k_pid_att": [100.0, 0.5057017803192139, 0.9856551885604858], "k_pid_yaw": [0.5, 1e-06, 0.1], "k_pid_hsp": [9.897669792175293, 0.9836938977241516, 0.05341506004333496], "k_pid_vsp": [9.693169593811035, 396.2572021484375, 3.1239399909973145]}, "datetime": {"datetime": "2025-08-21 18:30:22", "elapsed": 35139.224341630936, "delta": 24.521399974822998}, "costs": {"total_cost": 722.6547756550644, "time_cost": 150, "final_distance_cost": 69.06674168150796, "oscillation_cost": 190.56820853583645, "completition_cost": 222.2222222222222, "overshoot_cost": 49.93153442330771, "power_cost": 23.437639135742188, "noise_cost": 17.42842965644802, "n_waypoints_completed": 7, "tot_waypoints": 9}}
{"target": -1253.8562633455294, "params": {"k_pid_pos": [2.0, 0.9288118481636047, 0.9999874830245972], "k_pid_alt": [1.9530210494995117, 1.0, 0.004787802696228027], "k_pid_att": [1.8499881029129028, 0.20717191696166992, 0.9853271245956421], "k_pid_yaw": [0.5, 1e-06, 0.1], "k_pid_hsp": [9.828317642211914, 0.9584435224533081, 0.10022673010826111], "k_pid_vsp": [8.993387222290039, 393.0459899902344, 12.572766304016113]}, "datetime": {"datetime": "2025-08-21 18:30:45", "elapsed": 35162.317397117615, "delta": 23.093055486679077}, "costs": {"total_cost": 1253.8562633455294, "time_cost": 150, "final_distance_cost": 58.91531368325857, "oscillation_cost": 66.70698928055269, "completition_cost": 888.8888888888888, "overshoot_cost": 53.212101264092944, "power_cost": 21.670272998046876, "noise_cost": 14.462697230689626, "n_waypoints_completed": 1, "tot_waypoints": 9}}
{"target": -816.6049945234831, "params": {"k_pid_pos": [2.0, 0.9694406986236572, 1.0], "k_pid_alt": [1.981009602546692, 1.0, 0.018913596868515015], "k_pid_att": [100.0, 0.22215846180915833, 0.9927676916122437], "k_pid_yaw": [0.5, 1e-06, 0.1], "k_pid_hsp": [9.578521728515625, 0.9911981821060181, 0.027923911809921265], "k_pid_vsp": [0.7547855377197266, 390.0043029785156, 1.1255512237548828]}, "datetime": {"datetime": "2025-08-21 18:31:14", "elapsed": 35190.51848602295, "delta": 28.201088905334473}, "costs": {"total_cost": 816.6049945234831, "time_cost": 150, "final_distance_cost": 67.91379271140583, "oscillation_cost": 174.27454636846483, "completition_cost": 333.33333333333337, "overshoot_cost": 54.01830765886318, "power_cost": 21.870553723144532, "noise_cost": 15.194460728271471, "n_waypoints_completed": 6, "tot_waypoints": 9}}
{"target": -686.3164211166888, "params": {"k_pid_pos": [2.0, 0.9935833215713501, 1.0], "k_pid_alt": [1.9695838689804077, 1.0, 0.0190923810005188], "k_pid_att": [99.90419006347656, 1.3377031087875366, 0.991037130355835], "k_pid_yaw": [0.5, 1e-06, 0.1], "k_pid_hsp": [9.802193641662598, 0.9969964027404785, 0.002969115972518921], "k_pid_vsp": [8.605766296386719, 398.28082275390625, 58.127830505371094]}, "datetime": {"datetime": "2025-08-21 18:31:42", "elapsed": 35218.78475570679, "delta": 28.26626968383789}, "costs": {"total_cost": 686.3164211166888, "time_cost": 150, "final_distance_cost": 73.70777814453555, "oscillation_cost": 155.1934364706299, "completition_cost": 222.2222222222222, "overshoot_cost": 52.97424965869468, "power_cost": 17.391390063476564, "noise_cost": 14.827344557129894, "n_waypoints_completed": 7, "tot_waypoints": 9}}
{"target": -1285.5115418841567, "params": {"k_pid_pos": [2.0, 0.9679425954818726, 0.0], "k_pid_alt": [1.8482495546340942, 1.0, 0.023223847150802612], "k_pid_att": [99.87848663330078, 0.1929640918970108, 0.9624599814414978], "k_pid_yaw": [0.5, 1e-06, 0.1], "k_pid_hsp": [9.687373161315918, 0.9832029342651367, 0.01896575093269348], "k_pid_vsp": [4.448580741882324, 396.7626037597656, 6.5489182472229]}, "datetime": {"datetime": "2025-08-21 18:32:06", "elapsed": 35243.25957584381, "delta": 24.474820137023926}, "costs": {"total_cost": 1285.5115418841567, "time_cost": 150, "final_distance_cost": 70.23169111966689, "oscillation_cost": 101.14302827687241, "completition_cost": 888.8888888888888, "overshoot_cost": 41.49189488865817, "power_cost": 19.88092764892578, "noise_cost": 13.875111061144771, "n_waypoints_completed": 1, "tot_waypoints": 9}}
{"target": -840.3122172259501, "params": {"k_pid_pos": [1.999999761581421, 0.9775400161743164, 1.0], "k_pid_alt": [1.9679995775222778, 0.9993946552276611, 0.012907356023788452], "k_pid_att": [100.0, 0.08453062921762466, 0.9655696153640747], "k_pid_yaw": [0.5, 1e-06, 0.1], "k_pid_hsp": [9.865358352661133, 0.9870870113372803, 0.009780079126358032], "k_pid_vsp": [4.096245765686035, 392.58709716796875, 5.080820083618164]}, "datetime": {"datetime": "2025-08-21 18:32:31", "elapsed": 35267.80276608467, "delta": 24.543190240859985}, "costs": {"total_cost": 840.3122172259501, "time_cost": 150, "final_distance_cost": 73.66799209751143, "oscillation_cost": 192.22305681550665, "completition_cost": 333.33333333333337, "overshoot_cost": 56.22307962026707, "power_cost": 20.313919506835937, "noise_cost": 14.55083585249555, "n_waypoints_completed": 6, "tot_waypoints": 9}}
{"target": -1319.5810383494509, "params": {"k_pid_pos": [1.94890558719635, 0.9899598360061646, 0.0008334517478942871], "k_pid_alt": [1.8761957883834839, 1.0, 0.0037162303924560547], "k_pid_att": [100.0, 0.14643748104572296, 0.974054217338562], "k_pid_yaw": [0.5, 1e-06, 0.1], "k_pid_hsp": [9.9938325881958, 0.9678788781166077, 0.051116496324539185], "k_pid_vsp": [0.546574592590332, 395.2489013671875, 3.48870849609375]}, "datetime": {"datetime": "2025-08-21 18:32:56", "elapsed": 35292.43117046356, "delta": 24.62840437889099}, "costs": {"total_cost": 1319.5810383494509, "time_cost": 150, "final_distance_cost": 76.27170973793946, "oscillation_cost": 128.7422207462814, "completition_cost": 888.8888888888888, "overshoot_cost": 41.16311778990012, "power_cost": 20.195416247558594, "noise_cost": 14.319684938882574, "n_waypoints_completed": 1, "tot_waypoints": 9}}
{"target": -854.8374939002043, "params": {"k_pid_pos": [2.0, 0.9951054453849792, 0.9999979734420776], "k_pid_alt": [1.9387102127075195, 1.0, 0.015740513801574707], "k_pid_att": [100.0, 0.20536889135837555, 0.9477726221084595], "k_pid_yaw": [0.5, 1e-06, 0.1], "k_pid_hsp": [9.917423248291016, 0.9666813015937805, 0.0810011625289917], "k_pid_vsp": [11.009275436401367, 387.4844055175781, 7.866192817687988]}, "datetime": {"datetime": "2025-08-21 18:33:19", "elapsed": 35315.56510639191, "delta": 23.133935928344727}, "costs": {"total_cost": 854.8374939002043, "time_cost": 150, "final_distance_cost": 81.35438644744495, "oscillation_cost": 206.51450881067294, "completition_cost": 333.33333333333337, "overshoot_cost": 50.73580210296111, "power_cost": 19.13063807373047, "noise_cost": 13.768825132061542, "n_waypoints_completed": 6, "tot_waypoints": 9}}
{"target": -1277.68788194271, "params": {"k_pid_pos": [0.034224338829517365, 0.8590743541717529, 0.9999994039535522], "k_pid_alt": [1.996259331703186, 1.0, 0.014644473791122437], "k_pid_att": [100.0, 0.41437017917633057, 0.9731379747390747], "k_pid_yaw": [0.5, 1e-06, 0.1], "k_pid_hsp": [9.3018159866333, 0.9946967363357544, 0.05626484751701355], "k_pid_vsp": [4.267382621765137, 382.193603515625, 21.413745880126953]}, "datetime": {"datetime": "2025-08-21 18:33:44", "elapsed": 35340.97252058983, "delta": 25.407414197921753}, "costs": {"total_cost": 1277.68788194271, "time_cost": 150, "final_distance_cost": 91.8170775328089, "oscillation_cost": 177.99055383264627, "completition_cost": 777.7777777777778, "overshoot_cost": 41.722282843010305, "power_cost": 22.680946301269532, "noise_cost": 15.699243655197055, "n_waypoints_completed": 2, "tot_waypoints": 9}}
{"target": -678.6039406144357, "params": {"k_pid_pos": [2.0, 0.9951282739639282, 0.9998669624328613], "k_pid_alt": [1.9928746223449707, 1.0, 0.015117228031158447], "k_pid_att": [100.0, 0.27433374524116516, 0.955696702003479], "k_pid_yaw": [0.5, 1e-06, 0.1], "k_pid_hsp": [9.969358444213867, 0.909025251865387, 0.08296659588813782], "k_pid_vsp": [2.58939266204834, 384.84796142578125, 4.5561323165893555]}, "datetime": {"datetime": "2025-08-21 18:34:08", "elapsed": 35364.96973538399, "delta": 23.997214794158936}, "costs": {"total_cost": 678.6039406144357, "time_cost": 150, "final_distance_cost": 67.15992391555031, "oscillation_cost": 138.55548056420983, "completition_cost": 222.2222222222222, "overshoot_cost": 54.691278459825284, "power_cost": 26.08528631591797, "noise_cost": 19.889749136710027, "n_waypoints_completed": 7, "tot_waypoints": 9}}
{"target": -503.35873451912147, "params": {"k_pid_pos": [2.0, 0.9872606992721558, 0.8453322052955627], "k_pid_alt": [1.964625358581543, 0.9996824264526367, 0.03149273991584778], "k_pid_att": [100.0, 0.266271710395813, 0.9796648025512695], "k_pid_yaw": [0.5, 1e-06, 0.1], "k_pid_hsp": [9.987652778625488, 0.9976937770843506, 0.007260143756866455], "k_pid_vsp": [6.135153770446777, 391.2969970703125, 7.616497039794922]}, "datetime": {"datetime": "2025-08-21 18:34:32", "elapsed": 35389.00628232956, "delta": 24.0365469455719}, "costs": {"total_cost": 503.35873451912147, "time_cost": 150, "final_distance_cost": 12.629091269633618, "oscillation_cost": 126.73226167610714, "completition_cost": 111.11111111111116, "overshoot_cost": 61.01904927625589, "power_cost": 24.665909521484377, "noise_cost": 17.201311664529317, "n_waypoints_completed": 8, "tot_waypoints": 9}}
{"target": -1044.8204014658477, "params": {"k_pid_pos": [2.0, 0.9416111707687378, 0.014208346605300903], "k_pid_alt": [1.935980200767517, 1.0, 0.0020591318607330322], "k_pid_att": [100.0, 0.11711884289979935, 0.9761173725128174], "k_pid_yaw": [0.5, 1e-06, 0.1], "k_pid_hsp": [9.896236419677734, 0.9743900299072266, 0.007266581058502197], "k_pid_vsp": [10.532522201538086, 395.2913818359375, 41.688514709472656]}, "datetime": {"datetime": "2025-08-21 18:34:58", "elapsed": 35414.58042860031, "delta": 25.574146270751953}, "costs": {"total_cost": 1044.8204014658477, "time_cost": 150, "final_distance_cost": 53.65641750243097, "oscillation_cost": 80.62206526500266, "completition_cost": 666.6666666666667, "overshoot_cost": 57.49085337409929, "power_cost": 20.851933862304687, "noise_cost": 15.532464795343346, "n_waypoints_completed": 3, "tot_waypoints": 9}}
