{"target": -524.75818634893, "params": {"k_pid_pos": [2.0, 0.9429603815078735, 0.9999988675117493], "k_pid_alt": [1.9873180389404297, 1.0, 0.015678197145462036], "k_pid_att": [100.0, 0.018929515033960342, 0.9922068119049072], "k_pid_yaw": [0.5, 1e-06, 0.1], "k_pid_hsp": [9.917485237121582, 0.9964452981948853, 0.010358721017837524], "k_pid_vsp": [1.015019416809082, 396.926025390625, 5.076755046844482]}, "datetime": {"datetime": "2025-08-21 22:21:15", "elapsed": 48992.23380565643, "delta": 25.31616497039795}, "costs": {"total_cost": 524.75818634893, "time_cost": 150, "final_distance_cost": 17.01430922112423, "oscillation_cost": 150.2297665591785, "completition_cost": 111.11111111111116, "overshoot_cost": 57.7602458220852, "power_cost": 22.77606181640625, "noise_cost": 15.866691819024705, "n_waypoints_completed": 8, "tot_waypoints": 9}}
{"target": -858.4783301151671, "params": {"k_pid_pos": [2.0, 0.9878385066986084, 1.0], "k_pid_alt": [1.9770750999450684, 1.0, 0.04155275225639343], "k_pid_att": [100.0, 0.04694937914609909, 0.9805485606193542], "k_pid_yaw": [0.5, 1e-06, 0.1], "k_pid_hsp": [9.945362091064453, 0.9943483471870422, 0.046181827783584595], "k_pid_vsp": [7.3040008544921875, 372.9288635253906, 12.563611030578613]}, "datetime": {"datetime": "2025-08-21 22:21:38", "elapsed": 49015.02064156532, "delta": 22.78683590888977}, "costs": {"total_cost": 858.4783301151671, "time_cost": 150, "final_distance_cost": 65.67635771133261, "oscillation_cost": 220.8012071533224, "completition_cost": 333.33333333333337, "overshoot_cost": 51.949107106189516, "power_cost": 20.81763065185547, "noise_cost": 15.90069415913365, "n_waypoints_completed": 6, "tot_waypoints": 9}}
{"target": -975.2090829433844, "params": {"k_pid_pos": [2.0, 0.9965054988861084, 1.0], "k_pid_alt": [1.9376740455627441, 1.0, 0.010909855365753174], "k_pid_att": [100.0, 0.12223555147647858, 0.9814046025276184], "k_pid_yaw": [0.5, 1e-06, 0.1], "k_pid_hsp": [9.822415351867676, 0.9280920028686523, 0.006710410118103027], "k_pid_vsp": [18.003833770751953, 395.51654052734375, 12.110281944274902]}, "datetime": {"datetime": "2025-08-21 22:22:03", "elapsed": 49040.16631150246, "delta": 25.14566993713379}, "costs": {"total_cost": 975.2090829433844, "time_cost": 150, "final_distance_cost": 46.354881397152774, "oscillation_cost": 136.76778891539615, "completition_cost": 555.5555555555555, "overshoot_cost": 52.71475596928922, "power_cost": 18.75351160888672, "noise_cost": 15.062589497104044, "n_waypoints_completed": 4, "tot_waypoints": 9}}
{"target": -1220.1429925807895, "params": {"k_pid_pos": [2.0, 0.9837292432785034, 1.0], "k_pid_alt": [1.9202977418899536, 1.0, 0.006250888109207153], "k_pid_att": [100.0, 0.10963167995214462, 0.9618036150932312], "k_pid_yaw": [0.5, 1e-06, 0.1], "k_pid_hsp": [9.53794002532959, 0.9907220602035522, 0.010195910930633545], "k_pid_vsp": [11.626148223876953, 397.88311767578125, 13.665486335754395]}, "datetime": {"datetime": "2025-08-21 22:22:27", "elapsed": 49064.27330446243, "delta": 24.106992959976196}, "costs": {"total_cost": 1220.1429925807895, "time_cost": 150, "final_distance_cost": 95.53246091881186, "oscillation_cost": 119.0282703191362, "completition_cost": 777.7777777777778, "overshoot_cost": 43.59211152009078, "power_cost": 20.051794958496096, "noise_cost": 14.160577086476758, "n_waypoints_completed": 2, "tot_waypoints": 9}}
{"target": -499.6950442896144, "params": {"k_pid_pos": [2.0, 0.9934301376342773, 0.9799529314041138], "k_pid_alt": [1.970597267150879, 1.0, 0.006225228309631348], "k_pid_att": [100.0, 0.0350947305560112, 0.9905892014503479], "k_pid_yaw": [0.5, 1e-06, 0.1], "k_pid_hsp": [9.9443359375, 0.9962106943130493, 0.0019937455654144287], "k_pid_vsp": [11.77511215209961, 396.4573669433594, 2.345360279083252]}, "datetime": {"datetime": "2025-08-21 22:22:51", "elapsed": 49087.935500621796, "delta": 23.662196159362793}, "costs": {"total_cost": 499.6950442896144, "time_cost": 150, "final_distance_cost": 2.1712227659107217, "oscillation_cost": 136.68874847632244, "completition_cost": 111.11111111111116, "overshoot_cost": 62.24842043134478, "power_cost": 21.95225349121094, "noise_cost": 15.523288013714328, "n_waypoints_completed": 8, "tot_waypoints": 9}}
{"target": -593.4098292642723, "params": {"k_pid_pos": [2.0, 0.9155313968658447, 1.0], "k_pid_alt": [1.9758144617080688, 1.0, 0.03735929727554321], "k_pid_att": [100.0, 0.3842772841453552, 0.9922224283218384], "k_pid_yaw": [0.5, 1e-06, 0.1], "k_pid_hsp": [9.969145774841309, 0.9359670877456665, 0.014810174703598022], "k_pid_vsp": [10.503816604614258, 397.8018798828125, 2.197946071624756]}, "datetime": {"datetime": "2025-08-21 22:23:17", "elapsed": 49113.80825090408, "delta": 25.872750282287598}, "costs": {"total_cost": 593.4098292642723, "time_cost": 150, "final_distance_cost": 37.39778550444155, "oscillation_cost": 195.83617330622437, "completition_cost": 111.11111111111116, "overshoot_cost": 63.92789431938384, "power_cost": 20.67347537841797, "noise_cost": 14.463389644693375, "n_waypoints_completed": 8, "tot_waypoints": 9}}
{"target": -818.286602258003, "params": {"k_pid_pos": [2.0, 0.987544059753418, 1.0], "k_pid_alt": [1.9319312572479248, 1.0, 0.006713211536407471], "k_pid_att": [100.0, 0.014255961403250694, 0.9583320021629333], "k_pid_yaw": [0.5, 1e-06, 0.1], "k_pid_hsp": [9.903315544128418, 0.9828383922576904, 0.03312358260154724], "k_pid_vsp": [8.062255859375, 348.9869079589844, 9.8237886428833]}, "datetime": {"datetime": "2025-08-21 22:23:40", "elapsed": 49136.87747049332, "delta": 23.0692195892334}, "costs": {"total_cost": 818.286602258003, "time_cost": 150, "final_distance_cost": 70.21666344303793, "oscillation_cost": 178.93774386965458, "completition_cost": 333.33333333333337, "overshoot_cost": 50.711097397870375, "power_cost": 20.603876013183594, "noise_cost": 14.483888200923039, "n_waypoints_completed": 6, "tot_waypoints": 9}}
{"target": -702.13024151285, "params": {"k_pid_pos": [2.0, 0.9772211909294128, 1.0], "k_pid_alt": [1.977567195892334, 1.0, 0.014149010181427002], "k_pid_att": [100.0, 0.10610312223434448, 0.9880381226539612], "k_pid_yaw": [0.5, 1e-06, 0.1], "k_pid_hsp": [9.84411907196045, 0.9864421486854553, 0.0017906129360198975], "k_pid_vsp": [3.7390947341918945, 391.50439453125, 3.641022205352783]}, "datetime": {"datetime": "2025-08-21 22:24:05", "elapsed": 49162.13227391243, "delta": 25.25480341911316}, "costs": {"total_cost": 702.13024151285, "time_cost": 150, "final_distance_cost": 70.36542267535286, "oscillation_cost": 166.44352714909903, "completition_cost": 222.2222222222222, "overshoot_cost": 53.051795462961266, "power_cost": 23.14397174072266, "noise_cost": 16.903302262491888, "n_waypoints_completed": 7, "tot_waypoints": 9}}
{"target": -331.2558886351681, "params": {"k_pid_pos": [2.0, 0.9906666278839111, 1.0], "k_pid_alt": [1.9884412288665771, 1.0, 0.048577457666397095], "k_pid_att": [100.0, 0.39032113552093506, 0.9885359406471252], "k_pid_yaw": [0.5, 1e-06, 0.1], "k_pid_hsp": [9.788980484008789, 0.9617494940757751, 0.017290562391281128], "k_pid_vsp": [1.831042766571045, 396.2018127441406, 42.4835319519043]}, "datetime": {"datetime": "2025-08-21 22:24:31", "elapsed": 49187.5807621479, "delta": 25.448488235473633}, "costs": {"total_cost": 331.2558886351681, "time_cost": 92.896, "final_distance_cost": 1.7407426358700842, "oscillation_cost": 141.91117087710293, "completition_cost": 0.0, "overshoot_cost": 57.69334820665281, "power_cost": 21.450512792968752, "noise_cost": 15.564114122573528, "n_waypoints_completed": 9, "tot_waypoints": 9}}
{"target": -602.210426490156, "params": {"k_pid_pos": [1.9999942779541016, 0.9821197986602783, 1.0], "k_pid_alt": [1.9956384897232056, 1.0, 0.0342828631401062], "k_pid_att": [100.0, 0.021982433274388313, 0.9706178903579712], "k_pid_yaw": [0.5, 1e-06, 0.1], "k_pid_hsp": [9.7999267578125, 0.9170681238174438, 0.011502832174301147], "k_pid_vsp": [0.5075454711914062, 399.0979309082031, 9.63802433013916]}, "datetime": {"datetime": "2025-08-21 22:24:58", "elapsed": 49214.80619764328, "delta": 27.225435495376587}, "costs": {"total_cost": 602.210426490156, "time_cost": 150, "final_distance_cost": 51.35585209778458, "oscillation_cost": 198.5089931401778, "completition_cost": 111.11111111111116, "overshoot_cost": 55.42135494388907, "power_cost": 20.994017993164064, "noise_cost": 14.819097204029237, "n_waypoints_completed": 8, "tot_waypoints": 9}}
{"target": -836.991388890188, "params": {"k_pid_pos": [2.0, 0.9844969511032104, 1.0], "k_pid_alt": [1.9978947639465332, 1.0, 0.023462235927581787], "k_pid_att": [100.0, 0.33393093943595886, 0.996030330657959], "k_pid_yaw": [0.5, 1e-06, 0.1], "k_pid_hsp": [9.852362632751465, 0.9891798496246338, 0.0054281651973724365], "k_pid_vsp": [4.998016357421875, 394.0176086425781, 1.222635269165039]}, "datetime": {"datetime": "2025-08-21 22:25:20", "elapsed": 49237.35058236122, "delta": 22.544384717941284}, "costs": {"total_cost": 836.991388890188, "time_cost": 150, "final_distance_cost": 64.97591097398718, "oscillation_cost": 194.03101569102455, "completition_cost": 333.33333333333337, "overshoot_cost": 56.401115101129555, "power_cost": 21.892782849121094, "noise_cost": 16.357230941592192, "n_waypoints_completed": 6, "tot_waypoints": 9}}
{"target": -562.3845646889815, "params": {"k_pid_pos": [2.0, 0.9429780840873718, 1.0], "k_pid_alt": [1.9969513416290283, 1.0, 0.017089486122131348], "k_pid_att": [100.0, 0.2105589210987091, 0.9975320100784302], "k_pid_yaw": [0.5, 1e-06, 0.1], "k_pid_hsp": [9.954044342041016, 0.9700961709022522, 0.008828997611999512], "k_pid_vsp": [10.228705406188965, 397.7341613769531, 2.3019204139709473]}, "datetime": {"datetime": "2025-08-21 22:25:45", "elapsed": 49261.729196071625, "delta": 24.378613710403442}, "costs": {"total_cost": 562.3845646889815, "time_cost": 150, "final_distance_cost": 66.01867239640114, "oscillation_cost": 142.40121907882863, "completition_cost": 111.11111111111116, "overshoot_cost": 54.67411356151228, "power_cost": 22.075218469238283, "noise_cost": 16.104230071890118, "n_waypoints_completed": 8, "tot_waypoints": 9}}
{"target": -559.6507800024194, "params": {"k_pid_pos": [2.0, 0.9973911643028259, 0.9999993443489075], "k_pid_alt": [1.9981763362884521, 0.9999997615814209, 0.017459779977798462], "k_pid_att": [100.0, 0.060173433274030685, 0.9665762186050415], "k_pid_yaw": [0.5, 1e-06, 0.1], "k_pid_hsp": [9.874017715454102, 0.9979804754257202, 0.00324133038520813], "k_pid_vsp": [52.11384201049805, 392.57666015625, 5.459166526794434]}, "datetime": {"datetime": "2025-08-21 22:26:09", "elapsed": 49285.9608335495, "delta": 24.231637477874756}, "costs": {"total_cost": 559.6507800024194, "time_cost": 150, "final_distance_cost": 58.07292578545341, "oscillation_cost": 150.19533482241062, "completition_cost": 111.11111111111116, "overshoot_cost": 54.878204700580234, "power_cost": 19.23554552001953, "noise_cost": 16.157658062844433, "n_waypoints_completed": 8, "tot_waypoints": 9}}
{"target": -541.6080384102141, "params": {"k_pid_pos": [2.0, 0.9912821054458618, 1.0], "k_pid_alt": [1.9105260372161865, 1.0, 0.04169550538063049], "k_pid_att": [100.0, 0.20146840810775757, 0.9900106191635132], "k_pid_yaw": [0.5, 1e-06, 0.1], "k_pid_hsp": [9.782084465026855, 0.971924901008606, 0.012254834175109863], "k_pid_vsp": [41.14085388183594, 397.743408203125, 3.2365450859069824]}, "datetime": {"datetime": "2025-08-21 22:26:36", "elapsed": 49312.714895009995, "delta": 26.754061460494995}, "costs": {"total_cost": 541.6080384102141, "time_cost": 150, "final_distance_cost": 65.41150775577097, "oscillation_cost": 112.86356668640478, "completition_cost": 111.11111111111116, "overshoot_cost": 58.66069739172021, "power_cost": 24.464660766601565, "noise_cost": 19.096494698605518, "n_waypoints_completed": 8, "tot_waypoints": 9}}
{"target": -788.2504144554885, "params": {"k_pid_pos": [2.0, 0.9945549964904785, 1.0], "k_pid_alt": [1.9714643955230713, 1.0, 0.017232388257980347], "k_pid_att": [100.0, 0.28559741377830505, 0.9902455806732178], "k_pid_yaw": [0.5, 1e-06, 0.1], "k_pid_hsp": [9.877518653869629, 0.9980278015136719, 0.004952818155288696], "k_pid_vsp": [0.7569551467895508, 398.65008544921875, 17.457178115844727]}, "datetime": {"datetime": "2025-08-21 22:26:59", "elapsed": 49336.24386191368, "delta": 23.528966903686523}, "costs": {"total_cost": 788.2504144554885, "time_cost": 150, "final_distance_cost": 66.41120600006968, "oscillation_cost": 148.21670347361615, "completition_cost": 333.33333333333337, "overshoot_cost": 52.65716399041561, "power_cost": 21.71359599609375, "noise_cost": 15.918411661959942, "n_waypoints_completed": 6, "tot_waypoints": 9}}
{"target": -870.9465859825584, "params": {"k_pid_pos": [2.0, 0.9975928068161011, 1.0], "k_pid_alt": [1.9216091632843018, 1.0, 0.0025815069675445557], "k_pid_att": [100.0, 0.05989984795451164, 0.9882904291152954], "k_pid_yaw": [0.5, 1e-06, 0.1], "k_pid_hsp": [9.703907012939453, 0.9977034330368042, 0.005456447601318359], "k_pid_vsp": [18.358850479125977, 394.2720947265625, 6.051827430725098]}, "datetime": {"datetime": "2025-08-21 22:27:24", "elapsed": 49360.505286216736, "delta": 24.26142430305481}, "costs": {"total_cost": 870.9465859825584, "time_cost": 150, "final_distance_cost": 54.56431735781937, "oscillation_cost": 140.6365259925358, "completition_cost": 444.4444444444444, "overshoot_cost": 49.561932601252074, "power_cost": 17.612799096679687, "noise_cost": 14.126566489827086, "n_waypoints_completed": 5, "tot_waypoints": 9}}
{"target": -863.8851619041993, "params": {"k_pid_pos": [2.0, 0.988193154335022, 1.0], "k_pid_alt": [1.9912209510803223, 1.0, 0.002781003713607788], "k_pid_att": [100.0, 0.14324001967906952, 0.9620128870010376], "k_pid_yaw": [0.5, 1e-06, 0.1], "k_pid_hsp": [9.557440757751465, 0.9934285283088684, 0.008399754762649536], "k_pid_vsp": [20.49077796936035, 395.59375, 3.0467162132263184]}, "datetime": {"datetime": "2025-08-21 22:27:48", "elapsed": 49384.54526948929, "delta": 24.03998327255249}, "costs": {"total_cost": 863.8851619041993, "time_cost": 150, "final_distance_cost": 45.07765217941772, "oscillation_cost": 115.68945982806788, "completition_cost": 444.4444444444444, "overshoot_cost": 51.26738961205897, "power_cost": 27.669078808593753, "noise_cost": 29.737137031616612, "n_waypoints_completed": 5, "tot_waypoints": 9}}
{"target": -597.9178579870025, "params": {"k_pid_pos": [2.0, 0.7725032567977905, 1.0], "k_pid_alt": [1.9931195974349976, 1.0, 0.055297642946243286], "k_pid_att": [100.0, 0.046821229159832, 0.9894254207611084], "k_pid_yaw": [0.5, 1e-06, 0.1], "k_pid_hsp": [9.910584449768066, 0.9676371812820435, 0.010210901498794556], "k_pid_vsp": [8.923255920410156, 398.3757019042969, 6.1178812980651855]}, "datetime": {"datetime": "2025-08-21 22:28:11", "elapsed": 49407.44403553009, "delta": 22.898766040802002}, "costs": {"total_cost": 597.9178579870025, "time_cost": 150, "final_distance_cost": 61.58028646360683, "oscillation_cost": 178.25290796305762, "completition_cost": 111.11111111111116, "overshoot_cost": 56.758711646081395, "power_cost": 23.77505157470703, "noise_cost": 16.439789228438507, "n_waypoints_completed": 8, "tot_waypoints": 9}}
{"target": -940.0454243951816, "params": {"k_pid_pos": [2.0, 0.990298867225647, 1.0], "k_pid_alt": [1.9469256401062012, 1.0, 0.0026604533195495605], "k_pid_att": [100.0, 0.3809802830219269, 0.943310022354126], "k_pid_yaw": [0.5, 1e-06, 0.1], "k_pid_hsp": [9.868348121643066, 0.9892029762268066, 0.024212241172790527], "k_pid_vsp": [5.086982250213623, 392.4520568847656, 4.144073486328125]}, "datetime": {"datetime": "2025-08-21 22:28:36", "elapsed": 49433.00630784035, "delta": 25.562272310256958}, "costs": {"total_cost": 940.0454243951816, "time_cost": 150, "final_distance_cost": 45.80449202913117, "oscillation_cost": 216.47868767422116, "completition_cost": 444.4444444444444, "overshoot_cost": 51.23957031361155, "power_cost": 17.723925708007812, "noise_cost": 14.354304225765567, "n_waypoints_completed": 5, "tot_waypoints": 9}}
{"target": -559.1214939650656, "params": {"k_pid_pos": [2.0, 0.9967548251152039, 1.0], "k_pid_alt": [1.9757583141326904, 1.0, 0.0024752020835876465], "k_pid_att": [100.0, 0.09080812335014343, 0.9888508319854736], "k_pid_yaw": [0.5, 1e-06, 0.1], "k_pid_hsp": [9.89970588684082, 0.9601290225982666, 0.009742885828018188], "k_pid_vsp": [18.688249588012695, 391.5508728027344, 7.640863418579102]}, "datetime": {"datetime": "2025-08-21 22:28:59", "elapsed": 49455.75117492676, "delta": 22.744867086410522}, "costs": {"total_cost": 559.1214939650656, "time_cost": 150, "final_distance_cost": 59.72094140394788, "oscillation_cost": 141.51336705642794, "completition_cost": 111.11111111111116, "overshoot_cost": 54.63233026271729, "power_cost": 24.036718127441407, "noise_cost": 18.10702600341996, "n_waypoints_completed": 8, "tot_waypoints": 9}}
{"target": -806.785926514903, "params": {"k_pid_pos": [2.0, 0.9950112104415894, 1.0], "k_pid_alt": [1.9880483150482178, 1.0, 0.0033111870288848877], "k_pid_att": [100.0, 0.14425626397132874, 0.9931867122650146], "k_pid_yaw": [0.5, 1e-06, 0.1], "k_pid_hsp": [9.980724334716797, 0.9824489951133728, 0.06432321667671204], "k_pid_vsp": [3.8292288780212402, 396.98828125, 4.990209102630615]}, "datetime": {"datetime": "2025-08-21 22:29:24", "elapsed": 49480.87771129608, "delta": 25.12653636932373}, "costs": {"total_cost": 806.785926514903, "time_cost": 150, "final_distance_cost": 65.43047711703467, "oscillation_cost": 167.50207935290217, "completition_cost": 333.33333333333337, "overshoot_cost": 52.26432506153963, "power_cost": 22.678205786132814, "noise_cost": 15.577505863960313, "n_waypoints_completed": 6, "tot_waypoints": 9}}
{"target": -908.327295486125, "params": {"k_pid_pos": [2.0, 0.9777653217315674, 1.0], "k_pid_alt": [1.9982526302337646, 1.0, 0.033257633447647095], "k_pid_att": [100.0, 0.6011925339698792, 0.9951975345611572], "k_pid_yaw": [0.5, 1e-06, 0.1], "k_pid_hsp": [9.993327140808105, 0.9807697534561157, 0.09474793076515198], "k_pid_vsp": [2.4427175521850586, 397.07232666015625, 7.2508225440979]}, "datetime": {"datetime": "2025-08-21 22:29:47", "elapsed": 49503.62884402275, "delta": 22.75113272666931}, "costs": {"total_cost": 908.327295486125, "time_cost": 150, "final_distance_cost": 53.48925735625834, "oscillation_cost": 161.2727863271769, "completition_cost": 444.4444444444444, "overshoot_cost": 64.37671344588266, "power_cost": 20.328271875000002, "noise_cost": 14.415822037362714, "n_waypoints_completed": 5, "tot_waypoints": 9}}
{"target": -554.6442071117798, "params": {"k_pid_pos": [2.0, 0.9890863299369812, 1.0], "k_pid_alt": [1.9909881353378296, 1.0, 0.026400119066238403], "k_pid_att": [99.99998474121094, 0.08932815492153168, 0.9977138042449951], "k_pid_yaw": [0.5, 1e-06, 0.1], "k_pid_hsp": [9.667293548583984, 0.9823240637779236, 0.007717907428741455], "k_pid_vsp": [3.3275485038757324, 397.76495361328125, 3.69773006439209]}, "datetime": {"datetime": "2025-08-21 22:30:12", "elapsed": 49529.37217617035, "delta": 25.743332147598267}, "costs": {"total_cost": 554.6442071117798, "time_cost": 150, "final_distance_cost": 29.685563313048846, "oscillation_cost": 164.49552082194452, "completition_cost": 111.11111111111116, "overshoot_cost": 61.15284924507253, "power_cost": 22.71993076171875, "noise_cost": 15.479231858883969, "n_waypoints_completed": 8, "tot_waypoints": 9}}
{"target": -532.2501160576396, "params": {"k_pid_pos": [2.0, 0.9898281097412109, 1.0], "k_pid_alt": [1.9938867092132568, 1.0, 0.013390123844146729], "k_pid_att": [100.0, 0.015236745588481426, 0.9856041669845581], "k_pid_yaw": [0.5, 1e-06, 0.1], "k_pid_hsp": [9.9640531539917, 0.997535228729248, 0.0065829455852508545], "k_pid_vsp": [41.57862854003906, 399.27191162109375, 2.150369644165039]}, "datetime": {"datetime": "2025-08-21 22:30:36", "elapsed": 49553.00226211548, "delta": 23.630085945129395}, "costs": {"total_cost": 532.2501160576396, "time_cost": 150, "final_distance_cost": 31.058233361384435, "oscillation_cost": 148.52952026176433, "completition_cost": 111.11111111111116, "overshoot_cost": 57.75477531675308, "power_cost": 18.315928503417968, "noise_cost": 15.48054750320877, "n_waypoints_completed": 8, "tot_waypoints": 9}}
{"target": -721.4342281853017, "params": {"k_pid_pos": [2.0, 0.9986664652824402, 1.0], "k_pid_alt": [1.9786443710327148, 1.0, 0.032026588916778564], "k_pid_att": [100.0, 0.45637643337249756, 0.9979309439659119], "k_pid_yaw": [0.5, 1e-06, 0.1], "k_pid_hsp": [9.772612571716309, 0.9819854497909546, 0.01785162091255188], "k_pid_vsp": [19.606040954589844, 396.98638916015625, 4.9572954177856445]}, "datetime": {"datetime": "2025-08-21 22:31:01", "elapsed": 49578.089488983154, "delta": 25.08722686767578}, "costs": {"total_cost": 721.4342281853017, "time_cost": 150, "final_distance_cost": 64.32811633497576, "oscillation_cost": 181.26698765949953, "completition_cost": 222.2222222222222, "overshoot_cost": 56.43072324912526, "power_cost": 25.15004619140625, "noise_cost": 22.036132528072763, "n_waypoints_completed": 7, "tot_waypoints": 9}}
{"target": -828.4506093586839, "params": {"k_pid_pos": [2.0, 0.9955686330795288, 1.0], "k_pid_alt": [1.9896776676177979, 1.0, 0.005562454462051392], "k_pid_att": [100.0, 0.21100683510303497, 0.9704118371009827], "k_pid_yaw": [0.5, 1e-06, 0.1], "k_pid_hsp": [9.924764633178711, 0.9908199310302734, 0.008533120155334473], "k_pid_vsp": [2.9479622840881348, 394.13861083984375, 7.08828067779541]}, "datetime": {"datetime": "2025-08-21 22:31:24", "elapsed": 49601.389733314514, "delta": 23.300244331359863}, "costs": {"total_cost": 828.4506093586839, "time_cost": 150, "final_distance_cost": 69.81119805226784, "oscillation_cost": 192.52582273413364, "completition_cost": 333.33333333333337, "overshoot_cost": 48.90679325236346, "power_cost": 19.553636547851564, "noise_cost": 14.319825438734075, "n_waypoints_completed": 6, "tot_waypoints": 9}}
