{"target": -999.8924920994708, "params": {"k_pid_pos": [2.0, 0.9940766096115112, 0.967876672744751], "k_pid_alt": [1.9430818557739258, 0.9999867677688599, 0.009511888027191162], "k_pid_att": [100.0, 2.127899408340454, 0.9755493402481079], "k_pid_yaw": [0.5, 1e-06, 0.1], "k_pid_hsp": [9.840591430664062, 0.9968200922012329, 0.012703567743301392], "k_pid_vsp": [17.9222469329834, 382.1678161621094, 11.931265830993652]}, "datetime": {"datetime": "2025-08-21 13:29:19", "elapsed": 17075.7084441185, "delta": 23.39429259300232}, "costs": {"total_cost": 999.8924920994708, "time_cost": 150, "final_distance_cost": 49.952380059674006, "oscillation_cost": 156.31890462353468, "completition_cost": 555.5555555555555, "overshoot_cost": 55.746236857591796, "power_cost": 17.69791452636719, "noise_cost": 14.621500476747535, "n_waypoints_completed": 4, "tot_waypoints": 9}}
{"target": -1355.9383361874034, "params": {"k_pid_pos": [1.9998993873596191, 0.9752451181411743, 0.0], "k_pid_alt": [1.9572036266326904, 1.0, 0.013442695140838623], "k_pid_att": [98.46153259277344, 0.2952073812484741, 0.8662838935852051], "k_pid_yaw": [0.5, 1e-06, 0.1], "k_pid_hsp": [9.970834732055664, 0.9855597615242004, 0.014752358198165894], "k_pid_vsp": [15.605508804321289, 387.838134765625, 8.800280570983887]}, "datetime": {"datetime": "2025-08-21 13:29:42", "elapsed": 17098.89967751503, "delta": 23.19123339653015}, "costs": {"total_cost": 1355.9383361874034, "time_cost": 150, "final_distance_cost": 42.867987286989, "oscillation_cost": 90.11508820058654, "completition_cost": 1000.0, "overshoot_cost": 37.74552519651921, "power_cost": 20.598639477539063, "noise_cost": 14.611096025769404, "n_waypoints_completed": 0, "tot_waypoints": 9}}
{"target": -1283.114706430102, "params": {"k_pid_pos": [2.0, 0.9812428951263428, 0.009015768766403198], "k_pid_alt": [1.9581151008605957, 0.9999986886978149, 0.05246543884277344], "k_pid_att": [100.0, 0.18561938405036926, 0.9908453822135925], "k_pid_yaw": [0.5, 1e-06, 0.1], "k_pid_hsp": [9.906813621520996, 0.9515924453735352, 0.046327680349349976], "k_pid_vsp": [17.991424560546875, 396.8478088378906, 2.0831236839294434]}, "datetime": {"datetime": "2025-08-21 13:30:05", "elapsed": 17122.358795642853, "delta": 23.459118127822876}, "costs": {"total_cost": 1283.114706430102, "time_cost": 150, "final_distance_cost": 65.92552666974754, "oscillation_cost": 91.35000159792935, "completition_cost": 888.8888888888888, "overshoot_cost": 49.211466440851176, "power_cost": 22.221607568359374, "noise_cost": 15.517215264325582, "n_waypoints_completed": 1, "tot_waypoints": 9}}
{"target": -1202.6543249549936, "params": {"k_pid_pos": [2.0, 0.9921556711196899, 3.5762786865234375e-07], "k_pid_alt": [1.9803316593170166, 1.0, 0.002089977264404297], "k_pid_att": [100.0, 0.17087781429290771, 0.9640306234359741], "k_pid_yaw": [0.5, 1e-06, 0.1], "k_pid_hsp": [9.899703979492188, 0.8939751386642456, 0.042179375886917114], "k_pid_vsp": [8.918499946594238, 362.6444396972656, 13.548577308654785]}, "datetime": {"datetime": "2025-08-21 13:30:29", "elapsed": 17146.20871734619, "delta": 23.849921703338623}, "costs": {"total_cost": 1202.6543249549936, "time_cost": 150, "final_distance_cost": 95.99607480115905, "oscillation_cost": 96.51110107717997, "completition_cost": 777.7777777777778, "overshoot_cost": 44.798521608949684, "power_cost": 22.144805664062503, "noise_cost": 15.426044025864629, "n_waypoints_completed": 2, "tot_waypoints": 9}}
{"target": -552.0128225377102, "params": {"k_pid_pos": [2.0, 0.935388445854187, 0.9999728202819824], "k_pid_alt": [1.9918041229248047, 0.9977725744247437, 0.003360062837600708], "k_pid_att": [100.0, 0.508450448513031, 0.9867132306098938], "k_pid_yaw": [0.5, 1e-06, 0.1], "k_pid_hsp": [9.872857093811035, 0.9873455762863159, 0.06675219535827637], "k_pid_vsp": [15.813016891479492, 377.2900695800781, 35.9482421875]}, "datetime": {"datetime": "2025-08-21 13:30:52", "elapsed": 17169.223628282547, "delta": 23.01491093635559}, "costs": {"total_cost": 552.0128225377102, "time_cost": 150, "final_distance_cost": 23.659668670609243, "oscillation_cost": 165.402392702899, "completition_cost": 111.11111111111116, "overshoot_cost": 59.026106428888305, "power_cost": 24.284058996582033, "noise_cost": 18.5294846276205, "n_waypoints_completed": 8, "tot_waypoints": 9}}
{"target": -1351.1031651614314, "params": {"k_pid_pos": [2.0, 0.9762162566184998, 1.3232231140136719e-05], "k_pid_alt": [1.9262268543243408, 1.0, 0.1020922064781189], "k_pid_att": [100.0, 0.6089157462120056, 0.9983895421028137], "k_pid_yaw": [0.5, 1e-06, 0.1], "k_pid_hsp": [9.726114273071289, 0.9959669709205627, 0.05259135365486145], "k_pid_vsp": [33.30315399169922, 397.0888977050781, 7.837880611419678]}, "datetime": {"datetime": "2025-08-21 13:31:16", "elapsed": 17192.49383044243, "delta": 23.270202159881592}, "costs": {"total_cost": 1351.1031651614314, "time_cost": 150, "final_distance_cost": 46.20688123430622, "oscillation_cost": 77.2579162771999, "completition_cost": 1000.0, "overshoot_cost": 34.18498332835493, "power_cost": 25.568416613769532, "noise_cost": 17.884967707800843, "n_waypoints_completed": 0, "tot_waypoints": 9}}
{"target": -1253.4042699694157, "params": {"k_pid_pos": [0.14782093465328217, 0.9928218126296997, 0.9994275569915771], "k_pid_alt": [1.9756495952606201, 0.9999990463256836, 0.04099541902542114], "k_pid_att": [100.0, 0.3809787929058075, 0.9384502172470093], "k_pid_yaw": [0.5, 1e-06, 0.1], "k_pid_hsp": [9.876688003540039, 0.9789360165596008, 0.006826311349868774], "k_pid_vsp": [12.833666801452637, 399.4788513183594, 11.032176971435547]}, "datetime": {"datetime": "2025-08-21 13:31:39", "elapsed": 17215.740216732025, "delta": 23.246386289596558}, "costs": {"total_cost": 1253.4042699694157, "time_cost": 150, "final_distance_cost": 86.71628538869612, "oscillation_cost": 162.723647244391, "completition_cost": 777.7777777777778, "overshoot_cost": 39.41520835015771, "power_cost": 21.68783093261719, "noise_cost": 15.08352027577601, "n_waypoints_completed": 2, "tot_waypoints": 9}}
{"target": -1406.8301556975532, "params": {"k_pid_pos": [2.0, 0.9805302619934082, 0.0007523894309997559], "k_pid_alt": [1.9790247678756714, 1.0, 0.015843898057937622], "k_pid_att": [100.0, 0.011765704490244389, 0.8872823715209961], "k_pid_yaw": [0.5, 1e-06, 0.1], "k_pid_hsp": [9.81675910949707, 0.9905655980110168, 0.110932856798172], "k_pid_vsp": [8.753883361816406, 383.6898193359375, 3.969348430633545]}, "datetime": {"datetime": "2025-08-21 13:32:02", "elapsed": 17238.597693920135, "delta": 22.85747718811035}, "costs": {"total_cost": 1406.8301556975532, "time_cost": 150, "final_distance_cost": 37.278412352285706, "oscillation_cost": 74.07427752931989, "completition_cost": 1000.0, "overshoot_cost": 80.09837934073468, "power_cost": 30.990624511718753, "noise_cost": 34.3884619634941, "n_waypoints_completed": 0, "tot_waypoints": 9}}
{"target": -1200.0664896236947, "params": {"k_pid_pos": [1.9999232292175293, 0.9866833090782166, 0.011306196451187134], "k_pid_alt": [1.9683611392974854, 1.0, 0.057021379470825195], "k_pid_att": [99.98125457763672, 0.06548593938350677, 0.9124369621276855], "k_pid_yaw": [0.5, 1e-06, 0.1], "k_pid_hsp": [9.138030052185059, 0.9779965877532959, 0.08558729290962219], "k_pid_vsp": [44.26382827758789, 395.40411376953125, 4.811502456665039]}, "datetime": {"datetime": "2025-08-21 13:32:25", "elapsed": 17262.033121585846, "delta": 23.43542766571045}, "costs": {"total_cost": 1200.0664896236947, "time_cost": 150, "final_distance_cost": 84.06745417097014, "oscillation_cost": 111.5533401333463, "completition_cost": 777.7777777777778, "overshoot_cost": 36.991100520048974, "power_cost": 23.264141174316407, "noise_cost": 16.412675847234958, "n_waypoints_completed": 2, "tot_waypoints": 9}}
{"target": -1361.9613060565086, "params": {"k_pid_pos": [0.00012449627683963627, 0.9874293804168701, 2.8014183044433594e-06], "k_pid_alt": [1.9825692176818848, 1.0, 0.10811784863471985], "k_pid_att": [100.0, 0.2439476102590561, 0.9693700075149536], "k_pid_yaw": [0.5, 1e-06, 0.1], "k_pid_hsp": [9.89008903503418, 0.949242115020752, 0.032617807388305664], "k_pid_vsp": [0.8210539817810059, 349.956298828125, 14.889134407043457]}, "datetime": {"datetime": "2025-08-21 13:32:48", "elapsed": 17284.462495326996, "delta": 22.429373741149902}, "costs": {"total_cost": 1361.9613060565086, "time_cost": 150, "final_distance_cost": 44.08909974046136, "oscillation_cost": 85.84926082149103, "completition_cost": 1000.0, "overshoot_cost": 46.875011116440156, "power_cost": 20.618695812988282, "noise_cost": 14.529238565127779, "n_waypoints_completed": 0, "tot_waypoints": 9}}
{"target": -1064.549753723602, "params": {"k_pid_pos": [2.0, 0.9049022197723389, 0.0], "k_pid_alt": [1.9375650882720947, 1.0, 0.019552171230316162], "k_pid_att": [100.0, 0.19438475370407104, 0.9804383516311646], "k_pid_yaw": [0.5, 1e-06, 0.1], "k_pid_hsp": [8.785243034362793, 0.9502513408660889, 0.03835940361022949], "k_pid_vsp": [3.561556339263916, 398.4673156738281, 24.806299209594727]}, "datetime": {"datetime": "2025-08-21 13:33:11", "elapsed": 17307.521649360657, "delta": 23.05915403366089}, "costs": {"total_cost": 1064.549753723602, "time_cost": 150, "final_distance_cost": 67.69337584434103, "oscillation_cost": 95.11090070061644, "completition_cost": 666.6666666666667, "overshoot_cost": 45.318765207012696, "power_cost": 23.64547528076172, "noise_cost": 16.114570024203225, "n_waypoints_completed": 3, "tot_waypoints": 9}}
{"target": -1300.382001258992, "params": {"k_pid_pos": [0.9779828786849976, 0.9882762432098389, 0.18211668729782104], "k_pid_alt": [1.9362573623657227, 0.000931859016418457, 0.02709755301475525], "k_pid_att": [100.0, 0.13183924555778503, 0.9817444086074829], "k_pid_yaw": [0.5, 1e-06, 0.1], "k_pid_hsp": [9.255897521972656, 0.9814625382423401, 0.025339990854263306], "k_pid_vsp": [15.050161361694336, 390.2253723144531, 1.9153485298156738]}, "datetime": {"datetime": "2025-08-21 13:33:34", "elapsed": 17330.50311088562, "delta": 22.98146152496338}, "costs": {"total_cost": 1300.382001258992, "time_cost": 150, "final_distance_cost": 82.81321742036656, "oscillation_cost": 100.68935152680686, "completition_cost": 888.8888888888888, "overshoot_cost": 45.31908444858515, "power_cost": 19.073960595703127, "noise_cost": 13.597498378641705, "n_waypoints_completed": 1, "tot_waypoints": 9}}
{"target": -848.6832728117273, "params": {"k_pid_pos": [2.0, 0.9444520473480225, 0.0006362199783325195], "k_pid_alt": [1.8923240900039673, 1.0, 0.04050144553184509], "k_pid_att": [100.0, 0.07935818284749985, 0.7940170764923096], "k_pid_yaw": [0.5, 1e-06, 0.1], "k_pid_hsp": [9.720902442932129, 0.9659285545349121, 0.008206158876419067], "k_pid_vsp": [9.697890281677246, 391.806640625, 1.7036924362182617]}, "datetime": {"datetime": "2025-08-21 13:33:57", "elapsed": 17353.55684375763, "delta": 23.053732872009277}, "costs": {"total_cost": 848.6832728117273, "time_cost": 150, "final_distance_cost": 61.630006756997254, "oscillation_cost": 107.00150373384862, "completition_cost": 444.4444444444444, "overshoot_cost": 54.176945636431746, "power_cost": 17.652569873046875, "noise_cost": 13.777802366958445, "n_waypoints_completed": 5, "tot_waypoints": 9}}
{"target": -718.7237184517403, "params": {"k_pid_pos": [2.0, 0.9548207521438599, 0.9999998807907104], "k_pid_alt": [1.815186619758606, 1.0, 0.009838998317718506], "k_pid_att": [100.0, 0.34583625197410583, 0.9919196367263794], "k_pid_yaw": [0.5, 1e-06, 0.1], "k_pid_hsp": [9.273638725280762, 0.9839975833892822, 0.0289248526096344], "k_pid_vsp": [3.629302978515625, 375.2690734863281, 6.913078784942627]}, "datetime": {"datetime": "2025-08-21 13:34:20", "elapsed": 17377.119719982147, "delta": 23.562876224517822}, "costs": {"total_cost": 718.7237184517403, "time_cost": 150, "final_distance_cost": 75.06130685017983, "oscillation_cost": 182.20930171108174, "completition_cost": 222.2222222222222, "overshoot_cost": 52.33327396688656, "power_cost": 21.66243708496094, "noise_cost": 15.235176616409078, "n_waypoints_completed": 7, "tot_waypoints": 9}}
{"target": -953.7532422166377, "params": {"k_pid_pos": [1.9998427629470825, 0.99112868309021, 0.5449172854423523], "k_pid_alt": [1.80551278591156, 0.9996271133422852, 0.045591801404953], "k_pid_att": [99.99996948242188, 0.28850698471069336, 0.918042778968811], "k_pid_yaw": [0.5, 1e-06, 0.1], "k_pid_hsp": [9.846901893615723, 0.9863417148590088, 0.07211509346961975], "k_pid_vsp": [15.664529800415039, 381.8576354980469, 17.163480758666992]}, "datetime": {"datetime": "2025-08-21 13:34:44", "elapsed": 17400.934587717056, "delta": 23.814867734909058}, "costs": {"total_cost": 953.7532422166377, "time_cost": 150, "final_distance_cost": 40.14120783115836, "oscillation_cost": 105.05842819853099, "completition_cost": 555.5555555555555, "overshoot_cost": 52.21382427884201, "power_cost": 26.969443066406253, "noise_cost": 23.814783286144447, "n_waypoints_completed": 4, "tot_waypoints": 9}}
{"target": -1188.6750747293624, "params": {"k_pid_pos": [2.0, 0.8716002702713013, 0.0001379847526550293], "k_pid_alt": [1.8168318271636963, 1.0, 0.014368444681167603], "k_pid_att": [99.99978637695312, 0.2980951964855194, 0.836004376411438], "k_pid_yaw": [0.5, 1e-06, 0.1], "k_pid_hsp": [9.930709838867188, 0.9870494604110718, 0.005878061056137085], "k_pid_vsp": [20.316505432128906, 382.8750915527344, 36.91484832763672]}, "datetime": {"datetime": "2025-08-21 13:35:07", "elapsed": 17423.862282037735, "delta": 22.92769432067871}, "costs": {"total_cost": 1188.6750747293624, "time_cost": 150, "final_distance_cost": 79.06621846255327, "oscillation_cost": 97.6959389601097, "completition_cost": 777.7777777777778, "overshoot_cost": 48.66291661542732, "power_cost": 20.812493432617188, "noise_cost": 14.659729480877163, "n_waypoints_completed": 2, "tot_waypoints": 9}}
{"target": -1286.377177891634, "params": {"k_pid_pos": [2.0, 0.9296151399612427, 1.1622905731201172e-06], "k_pid_alt": [1.996485710144043, 1.0, 0.013914316892623901], "k_pid_att": [100.0, 0.2607589066028595, 0.9923127889633179], "k_pid_yaw": [0.5, 1e-06, 0.1], "k_pid_hsp": [9.756957054138184, 0.9683535099029541, 0.012094467878341675], "k_pid_vsp": [2.0200133323669434, 174.091796875, 6.56488037109375]}, "datetime": {"datetime": "2025-08-21 13:35:30", "elapsed": 17447.018575668335, "delta": 23.156293630599976}, "costs": {"total_cost": 1286.377177891634, "time_cost": 150, "final_distance_cost": 61.361152107802184, "oscillation_cost": 109.54050384051817, "completition_cost": 888.8888888888888, "overshoot_cost": 45.37346447890694, "power_cost": 18.00132059326172, "noise_cost": 13.211847982256135, "n_waypoints_completed": 1, "tot_waypoints": 9}}
{"target": -1368.3043138377554, "params": {"k_pid_pos": [1.9999959468841553, 0.9822086095809937, 0.005622684955596924], "k_pid_alt": [1.9769353866577148, 0.9991311430931091, 0.0028854012489318848], "k_pid_att": [99.86913299560547, 0.15022769570350647, 0.9951895475387573], "k_pid_yaw": [0.5, 1e-06, 0.1], "k_pid_hsp": [9.880556106567383, 0.9816776514053345, 0.03951147198677063], "k_pid_vsp": [36.68780517578125, 386.6092529296875, 11.915017127990723]}, "datetime": {"datetime": "2025-08-21 13:35:53", "elapsed": 17470.249787807465, "delta": 23.23121213912964}, "costs": {"total_cost": 1368.3043138377554, "time_cost": 150, "final_distance_cost": 53.42428766792616, "oscillation_cost": 86.88829258147167, "completition_cost": 1000.0, "overshoot_cost": 38.935254546773834, "power_cost": 22.928826879882813, "noise_cost": 16.1276521617011, "n_waypoints_completed": 0, "tot_waypoints": 9}}
{"target": -826.513832160708, "params": {"k_pid_pos": [1.9999741315841675, 0.9426309466362, 0.9456354379653931], "k_pid_alt": [1.9777483940124512, 1.0, 0.025734245777130127], "k_pid_att": [100.0, 0.16352565586566925, 0.9887140989303589], "k_pid_yaw": [0.5, 1e-06, 0.1], "k_pid_hsp": [9.235641479492188, 0.9701724052429199, 0.057054102420806885], "k_pid_vsp": [15.932952880859375, 371.4469299316406, 22.535076141357422]}, "datetime": {"datetime": "2025-08-21 13:36:16", "elapsed": 17493.354129314423, "delta": 23.104341506958008}, "costs": {"total_cost": 826.513832160708, "time_cost": 150, "final_distance_cost": 65.87290370076516, "oscillation_cost": 187.0441137984621, "completition_cost": 333.33333333333337, "overshoot_cost": 51.895940118797114, "power_cost": 22.674365637207032, "noise_cost": 15.693175572143254, "n_waypoints_completed": 6, "tot_waypoints": 9}}
{"target": -936.9701009310904, "params": {"k_pid_pos": [2.0, 0.9788284301757812, 0.9998396635055542], "k_pid_alt": [1.8355568647384644, 1.0, 0.020228028297424316], "k_pid_att": [99.99837493896484, 0.21077437698841095, 0.9500575065612793], "k_pid_yaw": [0.5, 1e-06, 0.1], "k_pid_hsp": [9.916938781738281, 0.9924173355102539, 0.04060477018356323], "k_pid_vsp": [3.9465785026550293, 396.55328369140625, 31.330646514892578]}, "datetime": {"datetime": "2025-08-21 13:36:40", "elapsed": 17516.776993751526, "delta": 23.42286443710327}, "costs": {"total_cost": 936.9701009310904, "time_cost": 150, "final_distance_cost": 52.557989482850886, "oscillation_cost": 206.3641071664176, "completition_cost": 444.4444444444444, "overshoot_cost": 49.10669655607954, "power_cost": 20.002600524902345, "noise_cost": 14.494262756395647, "n_waypoints_completed": 5, "tot_waypoints": 9}}
{"target": -1067.478207315867, "params": {"k_pid_pos": [2.0, 0.9488977193832397, 0.0009240210056304932], "k_pid_alt": [1.988561987876892, 1.0, 0.08847945928573608], "k_pid_att": [100.0, 0.0699470043182373, 0.9887204170227051], "k_pid_yaw": [0.5, 1e-06, 0.1], "k_pid_hsp": [8.95047378540039, 0.9811227321624756, 0.02211737632751465], "k_pid_vsp": [6.036686897277832, 380.31292724609375, 4.854656219482422]}, "datetime": {"datetime": "2025-08-21 13:37:03", "elapsed": 17540.051266908646, "delta": 23.27427315711975}, "costs": {"total_cost": 1067.478207315867, "time_cost": 150, "final_distance_cost": 59.10244240231501, "oscillation_cost": 82.33068411002682, "completition_cost": 666.6666666666667, "overshoot_cost": 54.7227527993313, "power_cost": 27.375758264160158, "noise_cost": 27.27990307336699, "n_waypoints_completed": 3, "tot_waypoints": 9}}
{"target": -1171.1740772965468, "params": {"k_pid_pos": [2.0, 0.9899742603302002, 6.198883056640625e-05], "k_pid_alt": [1.932370901107788, 0.9999210834503174, 0.024965941905975342], "k_pid_att": [99.9998550415039, 0.6646490693092346, 0.9942144155502319], "k_pid_yaw": [0.5, 1e-06, 0.1], "k_pid_hsp": [9.730022430419922, 0.9981602430343628, 0.011609792709350586], "k_pid_vsp": [26.128089904785156, 388.67401123046875, 2.9344687461853027]}, "datetime": {"datetime": "2025-08-21 13:37:27", "elapsed": 17563.47857093811, "delta": 23.42730402946472}, "costs": {"total_cost": 1171.1740772965468, "time_cost": 150, "final_distance_cost": 82.91201883830452, "oscillation_cost": 75.9418691727417, "completition_cost": 777.7777777777778, "overshoot_cost": 44.25434446527372, "power_cost": 23.772310400390626, "noise_cost": 16.5157566420584, "n_waypoints_completed": 2, "tot_waypoints": 9}}
{"target": -1161.3935054409976, "params": {"k_pid_pos": [0.21135231852531433, 0.9925634860992432, 0.18271499872207642], "k_pid_alt": [1.8285508155822754, 1.0, 0.09054034948348999], "k_pid_att": [100.0, 1.3908251523971558, 0.9640436768531799], "k_pid_yaw": [0.5, 1e-06, 0.1], "k_pid_hsp": [9.819252967834473, 0.9847020506858826, 0.01314505934715271], "k_pid_vsp": [107.38899993896484, 393.3089294433594, 4.176844120025635]}, "datetime": {"datetime": "2025-08-21 13:37:50", "elapsed": 17586.669862508774, "delta": 23.191291570663452}, "costs": {"total_cost": 1161.3935054409976, "time_cost": 150, "final_distance_cost": 81.48003985659729, "oscillation_cost": 75.834454589315, "completition_cost": 777.7777777777778, "overshoot_cost": 42.73372948665252, "power_cost": 18.711541064453126, "noise_cost": 14.855962666202108, "n_waypoints_completed": 2, "tot_waypoints": 9}}
{"target": -720.1819737740093, "params": {"k_pid_pos": [1.992583155632019, 0.9853549599647522, 2.9802322387695312e-08], "k_pid_alt": [1.9598727226257324, 1.0, 0.015155702829360962], "k_pid_att": [100.0, 0.10471463948488235, 0.905442476272583], "k_pid_yaw": [0.5, 1e-06, 0.1], "k_pid_hsp": [9.557978630065918, 0.9914669990539551, 0.002589613199234009], "k_pid_vsp": [26.11463165283203, 386.136962890625, 34.16878128051758]}, "datetime": {"datetime": "2025-08-21 13:38:13", "elapsed": 17609.960730552673, "delta": 23.290868043899536}, "costs": {"total_cost": 720.1819737740093, "time_cost": 150, "final_distance_cost": 70.73021306394132, "oscillation_cost": 76.78369688804064, "completition_cost": 333.33333333333337, "overshoot_cost": 50.426531236692185, "power_cost": 22.277880029296877, "noise_cost": 16.63031922270494, "n_waypoints_completed": 6, "tot_waypoints": 9}}
{"target": -1039.7357882795961, "params": {"k_pid_pos": [1.999998688697815, 0.8149009346961975, 0.0], "k_pid_alt": [1.9103755950927734, 1.0, 0.027783364057540894], "k_pid_att": [100.0, 0.4728235602378845, 0.8850193023681641], "k_pid_yaw": [0.5, 1e-06, 0.1], "k_pid_hsp": [9.573484420776367, 0.9799647331237793, 0.0028147995471954346], "k_pid_vsp": [11.710393905639648, 373.7764892578125, 24.70109748840332]}, "datetime": {"datetime": "2025-08-21 13:38:36", "elapsed": 17633.134279966354, "delta": 23.17354941368103}, "costs": {"total_cost": 1039.7357882795961, "time_cost": 150, "final_distance_cost": 53.33868646567596, "oscillation_cost": 84.52574854701797, "completition_cost": 666.6666666666667, "overshoot_cost": 49.55465087831967, "power_cost": 21.009556982421877, "noise_cost": 14.640478739494073, "n_waypoints_completed": 3, "tot_waypoints": 9}}
