{"target": -566.3936604133719, "params": {"k_pid_pos": [2.0, 0.9508832693099976, 1.0], "k_pid_alt": [1.9277973175048828, 1.7881393432617188e-07, 0.11322134733200073], "k_pid_att": [100.0, 0.0799807533621788, 0.9847006797790527], "k_pid_yaw": [0.5, 1e-06, 0.1], "k_pid_hsp": [9.813257217407227, 0.9820313453674316, 0.09499993920326233], "k_pid_vsp": [16.40985107421875, 397.97454833984375, 2.7145276069641113]}, "datetime": {"datetime": "2025-08-21 14:18:01", "elapsed": 19997.83318066597, "delta": 23.267218589782715}, "costs": {"total_cost": 566.3936604133719, "time_cost": 150, "final_distance_cost": 58.679393058321075, "oscillation_cost": 153.81278874365682, "completition_cost": 111.11111111111116, "overshoot_cost": 50.969461016461736, "power_cost": 24.893400439453128, "noise_cost": 16.927506044367938, "n_waypoints_completed": 8, "tot_waypoints": 9}}
{"target": -933.8439800397408, "params": {"k_pid_pos": [2.0, 0.9903929829597473, 0.021683156490325928], "k_pid_alt": [1.8123595714569092, 1.0, 0.01730138063430786], "k_pid_att": [100.0, 0.0839715376496315, 0.8694894313812256], "k_pid_yaw": [0.5, 1e-06, 0.1], "k_pid_hsp": [9.819538116455078, 0.9803829193115234, 0.019020438194274902], "k_pid_vsp": [11.588239669799805, 397.2918701171875, 27.56040382385254]}, "datetime": {"datetime": "2025-08-21 14:18:26", "elapsed": 20022.602441072464, "delta": 24.76926040649414}, "costs": {"total_cost": 933.8439800397408, "time_cost": 150, "final_distance_cost": 46.95514537086104, "oscillation_cost": 94.0935903865999, "completition_cost": 555.5555555555555, "overshoot_cost": 50.595764571475684, "power_cost": 21.062988122558593, "noise_cost": 15.580936032689984, "n_waypoints_completed": 4, "tot_waypoints": 9}}
{"target": -1264.7366423688811, "params": {"k_pid_pos": [2.0, 0.9989351034164429, 0.026866227388381958], "k_pid_alt": [1.974450945854187, 1.0, 0.12411284446716309], "k_pid_att": [100.0, 0.16201290488243103, 0.985860288143158], "k_pid_yaw": [0.5, 1e-06, 0.1], "k_pid_hsp": [9.961736679077148, 0.9664312601089478, 0.029649078845977783], "k_pid_vsp": [26.522672653198242, 393.92047119140625, 18.301298141479492]}, "datetime": {"datetime": "2025-08-21 14:18:49", "elapsed": 20045.948469400406, "delta": 23.346028327941895}, "costs": {"total_cost": 1264.7366423688811, "time_cost": 150, "final_distance_cost": 58.67427566255659, "oscillation_cost": 92.69569329333945, "completition_cost": 888.8888888888888, "overshoot_cost": 41.189084262330624, "power_cost": 19.45528768310547, "noise_cost": 13.833412578660033, "n_waypoints_completed": 1, "tot_waypoints": 9}}
{"target": -1278.650633093804, "params": {"k_pid_pos": [0.34685584902763367, 0.9932454228401184, 0.9999997615814209], "k_pid_alt": [1.955727458000183, 1.0, 0.011469066143035889], "k_pid_att": [99.26412963867188, 0.2803543508052826, 0.9891383647918701], "k_pid_yaw": [0.5, 1e-06, 0.1], "k_pid_hsp": [9.66541576385498, 0.9089480042457581, 0.039068639278411865], "k_pid_vsp": [7.189345359802246, 390.3575439453125, 7.869137287139893]}, "datetime": {"datetime": "2025-08-21 14:19:12", "elapsed": 20069.064516067505, "delta": 23.116046667099}, "costs": {"total_cost": 1278.650633093804, "time_cost": 150, "final_distance_cost": 85.55089114720973, "oscillation_cost": 189.99631469632206, "completition_cost": 777.7777777777778, "overshoot_cost": 39.55461077097643, "power_cost": 21.115465771484377, "noise_cost": 14.655572930033417, "n_waypoints_completed": 2, "tot_waypoints": 9}}
{"target": -1199.5128812591831, "params": {"k_pid_pos": [2.0, 0.9750783443450928, 0.012490570545196533], "k_pid_alt": [1.9558571577072144, 1.0, 0.021174758672714233], "k_pid_att": [100.0, 0.1482798308134079, 0.9768350124359131], "k_pid_yaw": [0.5, 1e-06, 0.1], "k_pid_hsp": [9.80309772491455, 0.9657332897186279, 0.01867210865020752], "k_pid_vsp": [6.65125846862793, 389.37884521484375, 0.8154998421669006]}, "datetime": {"datetime": "2025-08-21 14:19:35", "elapsed": 20092.288847208023, "delta": 23.22433114051819}, "costs": {"total_cost": 1199.5128812591831, "time_cost": 150, "final_distance_cost": 98.3532761205084, "oscillation_cost": 84.33268848902576, "completition_cost": 777.7777777777778, "overshoot_cost": 47.74430654725348, "power_cost": 24.663925341796876, "noise_cost": 16.640906982821047, "n_waypoints_completed": 2, "tot_waypoints": 9}}
{"target": -875.0612258438088, "params": {"k_pid_pos": [2.0, 0.9670000076293945, 0.9995737671852112], "k_pid_alt": [1.988849401473999, 1.0, 0.014357805252075195], "k_pid_att": [100.0, 0.29642269015312195, 0.9570971727371216], "k_pid_yaw": [0.5, 1e-06, 0.1], "k_pid_hsp": [9.572346687316895, 0.9739272594451904, 0.014399290084838867], "k_pid_vsp": [4.404139518737793, 376.5554504394531, 18.535783767700195]}, "datetime": {"datetime": "2025-08-21 14:20:00", "elapsed": 20116.58255338669, "delta": 24.29370617866516}, "costs": {"total_cost": 875.0612258438088, "time_cost": 150, "final_distance_cost": 66.09539853488235, "oscillation_cost": 236.78395033333783, "completition_cost": 333.33333333333337, "overshoot_cost": 54.640607211655364, "power_cost": 19.657370605468753, "noise_cost": 14.550565825131144, "n_waypoints_completed": 6, "tot_waypoints": 9}}
{"target": -723.8733438598116, "params": {"k_pid_pos": [2.0, 0.9439315795898438, 0.999997615814209], "k_pid_alt": [1.9832608699798584, 1.0, 0.038700610399246216], "k_pid_att": [58.981651306152344, 0.7655739188194275, 0.8340044021606445], "k_pid_yaw": [0.5, 1e-06, 0.1], "k_pid_hsp": [9.973152160644531, 0.9927087426185608, 0.030667245388031006], "k_pid_vsp": [10.396385192871094, 396.4918518066406, 87.91830444335938]}, "datetime": {"datetime": "2025-08-21 14:20:23", "elapsed": 20140.07789993286, "delta": 23.495346546173096}, "costs": {"total_cost": 723.8733438598116, "time_cost": 150, "final_distance_cost": 73.07559443198953, "oscillation_cost": 188.8375459049868, "completition_cost": 222.2222222222222, "overshoot_cost": 48.786905897567415, "power_cost": 23.361300524902344, "noise_cost": 17.589774878143277, "n_waypoints_completed": 7, "tot_waypoints": 9}}
{"target": -346.0357194476499, "params": {"k_pid_pos": [2.0, 0.9904305338859558, 0.997918963432312], "k_pid_alt": [1.9975881576538086, 1.0, 0.017726004123687744], "k_pid_att": [99.99464416503906, 0.182905912399292, 0.8738127946853638], "k_pid_yaw": [0.5, 1e-06, 0.1], "k_pid_hsp": [9.842601776123047, 0.9832900762557983, 0.003921061754226685], "k_pid_vsp": [2.287459373474121, 386.5853576660156, 40.71672058105469]}, "datetime": {"datetime": "2025-08-21 14:20:46", "elapsed": 20163.071316242218, "delta": 22.99341630935669}, "costs": {"total_cost": 346.0357194476499, "time_cost": 96.96000000000001, "final_distance_cost": 1.7235995280040906, "oscillation_cost": 154.28682362766986, "completition_cost": 0.0, "overshoot_cost": 57.833857919823885, "power_cost": 19.9482859375, "noise_cost": 15.283152434652113, "n_waypoints_completed": 9, "tot_waypoints": 9}}
{"target": -1188.949106658721, "params": {"k_pid_pos": [2.0, 0.9343350529670715, 0.0007471144199371338], "k_pid_alt": [1.9962809085845947, 9.515881538391113e-05, 0.01959976553916931], "k_pid_att": [100.0, 0.22090499103069305, 0.976324200630188], "k_pid_yaw": [0.5, 1e-06, 0.1], "k_pid_hsp": [9.608628273010254, 0.9864229559898376, 0.038614749908447266], "k_pid_vsp": [3.0211806297302246, 393.6158142089844, 2.2203574180603027]}, "datetime": {"datetime": "2025-08-21 14:21:09", "elapsed": 20186.31308031082, "delta": 23.241764068603516}, "costs": {"total_cost": 1188.949106658721, "time_cost": 150, "final_distance_cost": 84.1955734995818, "oscillation_cost": 89.52409432954725, "completition_cost": 777.7777777777778, "overshoot_cost": 42.50591458842626, "power_cost": 26.933419152832034, "noise_cost": 18.01232731055561, "n_waypoints_completed": 2, "tot_waypoints": 9}}
{"target": -1354.9077177221154, "params": {"k_pid_pos": [1.9999858140945435, 0.9752779006958008, 0.01742491126060486], "k_pid_alt": [1.9492601156234741, 1.0, 0.10162937641143799], "k_pid_att": [100.0, 0.020522134378552437, 0.9805982708930969], "k_pid_yaw": [0.5, 1e-06, 0.1], "k_pid_hsp": [9.96091365814209, 0.9812126159667969, 0.04337725043296814], "k_pid_vsp": [2.7725577354431152, 390.7696838378906, 9.217859268188477]}, "datetime": {"datetime": "2025-08-21 14:21:32", "elapsed": 20209.176536798477, "delta": 22.86345648765564}, "costs": {"total_cost": 1354.9077177221154, "time_cost": 150, "final_distance_cost": 15.325112667523655, "oscillation_cost": 77.05484634742436, "completition_cost": 1000.0, "overshoot_cost": 62.360041281754285, "power_cost": 29.593178662109377, "noise_cost": 20.574538763303774, "n_waypoints_completed": 0, "tot_waypoints": 9}}
{"target": -1352.7178025130872, "params": {"k_pid_pos": [1.9999969005584717, 0.9901739358901978, 0.00016954541206359863], "k_pid_alt": [1.9646496772766113, 0.9999988079071045, 0.045020878314971924], "k_pid_att": [42.98046875, 0.5387060642242432, 0.9957060813903809], "k_pid_yaw": [0.5, 1e-06, 0.1], "k_pid_hsp": [9.411189079284668, 0.9763579368591309, 0.019985049962997437], "k_pid_vsp": [6.73898458480835, 386.108642578125, 10.990358352661133]}, "datetime": {"datetime": "2025-08-21 14:21:56", "elapsed": 20232.499248743057, "delta": 23.322711944580078}, "costs": {"total_cost": 1352.7178025130872, "time_cost": 150, "final_distance_cost": 53.53667657968268, "oscillation_cost": 75.90689523274212, "completition_cost": 1000.0, "overshoot_cost": 34.34985951927166, "power_cost": 23.230425195312502, "noise_cost": 15.693945986078297, "n_waypoints_completed": 0, "tot_waypoints": 9}}
{"target": -756.4415418519599, "params": {"k_pid_pos": [2.0, 0.948259711265564, 0.9999754428863525], "k_pid_alt": [1.7546303272247314, 0.9999998807907104, 0.011536002159118652], "k_pid_att": [100.0, 0.8570098280906677, 0.8905292749404907], "k_pid_yaw": [0.5, 1e-06, 0.1], "k_pid_hsp": [9.825560569763184, 0.9653714895248413, 0.011072635650634766], "k_pid_vsp": [94.9543228149414, 388.3650817871094, 3.8043627738952637]}, "datetime": {"datetime": "2025-08-21 14:22:18", "elapsed": 20255.339287996292, "delta": 22.840039253234863}, "costs": {"total_cost": 756.4415418519599, "time_cost": 150, "final_distance_cost": 57.878790000499926, "oscillation_cost": 100.80662045121923, "completition_cost": 333.33333333333337, "overshoot_cost": 62.222833212012375, "power_cost": 27.156697082519532, "noise_cost": 25.04326777237549, "n_waypoints_completed": 6, "tot_waypoints": 9}}
{"target": -1046.7931740159029, "params": {"k_pid_pos": [2.0, 0.9882538914680481, 0.20597410202026367], "k_pid_alt": [1.9108468294143677, 1.0, 0.01370251178741455], "k_pid_att": [100.0, 0.11451086401939392, 0.976020336151123], "k_pid_yaw": [0.5, 1e-06, 0.1], "k_pid_hsp": [9.603778839111328, 0.9669643640518188, 0.015231460332870483], "k_pid_vsp": [3.1081199645996094, 397.6613464355469, 6.786943435668945]}, "datetime": {"datetime": "2025-08-21 14:22:41", "elapsed": 20278.080591917038, "delta": 22.74130392074585}, "costs": {"total_cost": 1046.7931740159029, "time_cost": 150, "final_distance_cost": 54.02763151798858, "oscillation_cost": 89.4465218017972, "completition_cost": 666.6666666666667, "overshoot_cost": 47.424171757734356, "power_cost": 23.41829493408203, "noise_cost": 15.809887337634057, "n_waypoints_completed": 3, "tot_waypoints": 9}}
{"target": -1352.6163110081618, "params": {"k_pid_pos": [1.9999973773956299, 0.9912848472595215, 0.0020753443241119385], "k_pid_alt": [1.9838875532150269, 1.0, 0.007256507873535156], "k_pid_att": [100.0, 0.035057179629802704, 0.9805664420127869], "k_pid_yaw": [0.5, 1e-06, 0.1], "k_pid_hsp": [9.198513984680176, 0.717947781085968, 0.0012302696704864502], "k_pid_vsp": [26.825010299682617, 391.5807189941406, 13.002325057983398]}, "datetime": {"datetime": "2025-08-21 14:23:04", "elapsed": 20300.92190885544, "delta": 22.84131693840027}, "costs": {"total_cost": 1352.6163110081618, "time_cost": 150, "final_distance_cost": 46.95040495528303, "oscillation_cost": 90.72774617116431, "completition_cost": 1000.0, "overshoot_cost": 36.46042607347698, "power_cost": 16.186280249023437, "noise_cost": 12.291453559213943, "n_waypoints_completed": 0, "tot_waypoints": 9}}
{"target": -786.1372124596589, "params": {"k_pid_pos": [1.9881490468978882, 0.9925037622451782, 0.9982365965843201], "k_pid_alt": [1.9034932851791382, 1.0, 0.02303341031074524], "k_pid_att": [100.0, 0.3111964464187622, 0.9654510021209717], "k_pid_yaw": [0.5, 1e-06, 0.1], "k_pid_hsp": [9.725102424621582, 0.9358701705932617, 0.0077117979526519775], "k_pid_vsp": [1.4301538467407227, 366.9999694824219, 1.976550579071045]}, "datetime": {"datetime": "2025-08-21 14:23:27", "elapsed": 20324.368546009064, "delta": 23.44663715362549}, "costs": {"total_cost": 786.1372124596589, "time_cost": 150, "final_distance_cost": 55.710322622278234, "oscillation_cost": 143.773562492923, "completition_cost": 333.33333333333337, "overshoot_cost": 59.87053994882982, "power_cost": 23.86234676513672, "noise_cost": 19.58710729715774, "n_waypoints_completed": 6, "tot_waypoints": 9}}
{"target": -616.6227361195497, "params": {"k_pid_pos": [2.0, 0.9318876266479492, 0.9999972581863403], "k_pid_alt": [1.9737293720245361, 0.9961134195327759, 0.03737005591392517], "k_pid_att": [100.0, 0.7256159782409668, 0.9837127923965454], "k_pid_yaw": [0.5, 1e-06, 0.1], "k_pid_hsp": [9.710514068603516, 0.9784679412841797, 0.014373868703842163], "k_pid_vsp": [9.921646118164062, 389.50347900390625, 6.060791969299316]}, "datetime": {"datetime": "2025-08-21 14:23:51", "elapsed": 20348.02672433853, "delta": 23.658178329467773}, "costs": {"total_cost": 616.6227361195497, "time_cost": 150, "final_distance_cost": 58.83520864341059, "oscillation_cost": 206.4277314112516, "completition_cost": 111.11111111111116, "overshoot_cost": 53.479150680360654, "power_cost": 21.58583298339844, "noise_cost": 15.183701290017158, "n_waypoints_completed": 8, "tot_waypoints": 9}}
{"target": -1312.9114404412542, "params": {"k_pid_pos": [2.0, 0.9784815311431885, 2.5391578674316406e-05], "k_pid_alt": [1.994075059890747, 1.0, 0.07693982124328613], "k_pid_att": [100.0, 1.3851723670959473, 0.9757837057113647], "k_pid_yaw": [0.5, 1e-06, 0.1], "k_pid_hsp": [9.947818756103516, 0.9941765666007996, 0.021466195583343506], "k_pid_vsp": [4.71571683883667, 399.1706237792969, 2.0133981704711914]}, "datetime": {"datetime": "2025-08-21 14:24:17", "elapsed": 20374.366193294525, "delta": 26.339468955993652}, "costs": {"total_cost": 1312.9114404412542, "time_cost": 150, "final_distance_cost": 38.86514553223209, "oscillation_cost": 77.78558392895852, "completition_cost": 888.8888888888888, "overshoot_cost": 81.6801645074519, "power_cost": 27.883598400878906, "noise_cost": 47.80805918284378, "n_waypoints_completed": 1, "tot_waypoints": 9}}
{"target": -1194.005893392683, "params": {"k_pid_pos": [2.0, 0.9944926500320435, 0.0], "k_pid_alt": [1.88893461227417, 1.0, 0.021225661039352417], "k_pid_att": [100.0, 0.037613894790410995, 0.8945906162261963], "k_pid_yaw": [0.5, 1e-06, 0.1], "k_pid_hsp": [9.829296112060547, 0.9948981404304504, 0.01052701473236084], "k_pid_vsp": [51.66294479370117, 393.22161865234375, 14.421236991882324]}, "datetime": {"datetime": "2025-08-21 14:24:42", "elapsed": 20398.94929933548, "delta": 24.58310604095459}, "costs": {"total_cost": 1194.005893392683, "time_cost": 150, "final_distance_cost": 96.54127632223997, "oscillation_cost": 77.18364031556544, "completition_cost": 777.7777777777778, "overshoot_cost": 52.05097047067646, "power_cost": 23.882887133789065, "noise_cost": 16.569341372633886, "n_waypoints_completed": 2, "tot_waypoints": 9}}
{"target": -751.31068355318, "params": {"k_pid_pos": [1.9999983310699463, 0.9839948415756226, 1.0], "k_pid_alt": [1.974266767501831, 1.0, 0.012759357690811157], "k_pid_att": [100.0, 0.10329874604940414, 0.9970211982727051], "k_pid_yaw": [0.5, 1e-06, 0.1], "k_pid_hsp": [9.979175567626953, 0.9902846813201904, 0.003429919481277466], "k_pid_vsp": [37.857364654541016, 353.6298828125, 7.1234354972839355]}, "datetime": {"datetime": "2025-08-21 14:25:05", "elapsed": 20422.050498008728, "delta": 23.10119867324829}, "costs": {"total_cost": 751.31068355318, "time_cost": 150, "final_distance_cost": 69.65311837542517, "oscillation_cost": 113.98613942129313, "completition_cost": 333.33333333333337, "overshoot_cost": 53.187784919499464, "power_cost": 17.04396746826172, "noise_cost": 14.106340035367083, "n_waypoints_completed": 6, "tot_waypoints": 9}}
{"target": -1266.1076203417592, "params": {"k_pid_pos": [2.0, 0.9849628210067749, 2.810359001159668e-05], "k_pid_alt": [1.9319984912872314, 1.2814998626708984e-06, 0.005515336990356445], "k_pid_att": [100.0, 0.25707152485847473, 0.9800490736961365], "k_pid_yaw": [0.5, 1e-06, 0.1], "k_pid_hsp": [7.705784320831299, 0.9953180551528931, 0.05235433578491211], "k_pid_vsp": [12.639212608337402, 392.6209411621094, 32.854888916015625]}, "datetime": {"datetime": "2025-08-21 14:25:28", "elapsed": 20445.1408867836, "delta": 23.090388774871826}, "costs": {"total_cost": 1266.1076203417592, "time_cost": 150, "final_distance_cost": 62.551844690105405, "oscillation_cost": 83.61602042623134, "completition_cost": 888.8888888888888, "overshoot_cost": 37.03773827807941, "power_cost": 26.24269468994141, "noise_cost": 17.77043336851286, "n_waypoints_completed": 1, "tot_waypoints": 9}}
{"target": -759.6887642573691, "params": {"k_pid_pos": [2.0, 0.9845588803291321, 0.9699409008026123], "k_pid_alt": [1.825615644454956, 0.9999669790267944, 0.24095740914344788], "k_pid_att": [100.0, 0.4493926167488098, 0.9774991273880005], "k_pid_yaw": [0.5, 1e-06, 0.1], "k_pid_hsp": [9.269927024841309, 0.9729846119880676, 0.28729960322380066], "k_pid_vsp": [15.090727806091309, 356.5702819824219, 10.646260261535645]}, "datetime": {"datetime": "2025-08-21 14:25:52", "elapsed": 20468.80158996582, "delta": 23.66070318222046}, "costs": {"total_cost": 759.6887642573691, "time_cost": 150, "final_distance_cost": 76.61783050238007, "oscillation_cost": 225.48430300645185, "completition_cost": 222.2222222222222, "overshoot_cost": 51.81202248278643, "power_cost": 19.413311254882814, "noise_cost": 14.139074788645747, "n_waypoints_completed": 7, "tot_waypoints": 9}}
{"target": -1340.149808854642, "params": {"k_pid_pos": [0.043266862630844116, 0.9900208711624146, 3.656744956970215e-05], "k_pid_alt": [1.7938518524169922, 1.0, 0.0032571256160736084], "k_pid_att": [100.0, 0.37027332186698914, 0.8030462265014648], "k_pid_yaw": [0.5, 1e-06, 0.1], "k_pid_hsp": [9.59354305267334, 0.9836369156837463, 0.034307509660720825], "k_pid_vsp": [21.140432357788086, 396.16693115234375, 1.302445888519287]}, "datetime": {"datetime": "2025-08-21 14:26:15", "elapsed": 20492.053329229355, "delta": 23.251739263534546}, "costs": {"total_cost": 1340.149808854642, "time_cost": 150, "final_distance_cost": 36.04744184505313, "oscillation_cost": 70.48621579008154, "completition_cost": 1000.0, "overshoot_cost": 41.91602775978637, "power_cost": 24.901612414550783, "noise_cost": 16.798511045170304, "n_waypoints_completed": 0, "tot_waypoints": 9}}
{"target": -803.8523443317298, "params": {"k_pid_pos": [1.9999809265136719, 0.9429405927658081, 0.0024633407592773438], "k_pid_alt": [1.9337674379348755, 1.0, 0.020426303148269653], "k_pid_att": [100.0, 0.35746559500694275, 0.9753904342651367], "k_pid_yaw": [0.5, 1e-06, 0.1], "k_pid_hsp": [9.868682861328125, 0.9830266833305359, 0.0035097897052764893], "k_pid_vsp": [52.40297317504883, 373.8184814453125, 35.53658676147461]}, "datetime": {"datetime": "2025-08-21 14:26:38", "elapsed": 20515.17956519127, "delta": 23.126235961914062}, "costs": {"total_cost": 803.8523443317298, "time_cost": 150, "final_distance_cost": 48.107989230754775, "oscillation_cost": 78.92135031575326, "completition_cost": 444.4444444444444, "overshoot_cost": 49.59025183325274, "power_cost": 18.959907299804687, "noise_cost": 13.82840120771988, "n_waypoints_completed": 5, "tot_waypoints": 9}}
{"target": -584.1324726126531, "params": {"k_pid_pos": [2.0, 0.9879807829856873, 0.9995176792144775], "k_pid_alt": [1.9319055080413818, 1.0, 0.005435317754745483], "k_pid_att": [100.0, 0.45030099153518677, 0.9366804361343384], "k_pid_yaw": [0.5, 1e-06, 0.1], "k_pid_hsp": [9.806097030639648, 0.9912073612213135, 0.03858497738838196], "k_pid_vsp": [7.0334792137146, 388.51373291015625, 67.64974975585938]}, "datetime": {"datetime": "2025-08-21 14:27:02", "elapsed": 20538.65430188179, "delta": 23.47473669052124}, "costs": {"total_cost": 584.1324726126531, "time_cost": 150, "final_distance_cost": 24.588624994544904, "oscillation_cost": 203.01281642177548, "completition_cost": 111.11111111111116, "overshoot_cost": 58.334737374646465, "power_cost": 20.68921112060547, "noise_cost": 16.39597158996959, "n_waypoints_completed": 8, "tot_waypoints": 9}}
{"target": -932.4598998758984, "params": {"k_pid_pos": [2.0, 0.989795446395874, 0.00010511279106140137], "k_pid_alt": [1.7912569046020508, 1.0, 0.013919055461883545], "k_pid_att": [100.0, 5.370893478393555, 0.9820129871368408], "k_pid_yaw": [0.5, 1e-06, 0.1], "k_pid_hsp": [9.35991096496582, 0.9863415956497192, 0.015080243349075317], "k_pid_vsp": [4.558217525482178, 394.5694580078125, 16.793550491333008]}, "datetime": {"datetime": "2025-08-21 14:27:25", "elapsed": 20562.00426888466, "delta": 23.349967002868652}, "costs": {"total_cost": 932.4598998758984, "time_cost": 150, "final_distance_cost": 43.07986791101909, "oscillation_cost": 87.64419146593815, "completition_cost": 555.5555555555555, "overshoot_cost": 58.12508812356844, "power_cost": 22.685805126953127, "noise_cost": 15.369391692863992, "n_waypoints_completed": 4, "tot_waypoints": 9}}
