{"target": -1045.0008877518906, "params": {"k_pid_pos": [2.0, 0.9934971332550049, 0.02334180474281311], "k_pid_alt": [1.998140573501587, 1.0, 0.01389545202255249], "k_pid_att": [100.0, 0.1982879340648651, 0.9760949611663818], "k_pid_yaw": [0.5, 1e-06, 0.1], "k_pid_hsp": [9.690375328063965, 0.9885357618331909, 0.013679832220077515], "k_pid_vsp": [14.452052116394043, 396.3377685546875, 8.060742378234863]}, "datetime": {"datetime": "2025-08-21 18:15:02", "elapsed": 34218.83529376984, "delta": 24.746561288833618}, "costs": {"total_cost": 1045.0008877518906, "time_cost": 150, "final_distance_cost": 54.289428663292085, "oscillation_cost": 86.24988916638057, "completition_cost": 666.6666666666667, "overshoot_cost": 48.851311673386576, "power_cost": 23.032353027343753, "noise_cost": 15.911238554820882, "n_waypoints_completed": 3, "tot_waypoints": 9}}
{"target": -679.7477536691387, "params": {"k_pid_pos": [2.0, 0.9790688753128052, 0.5534539222717285], "k_pid_alt": [1.9768660068511963, 1.0, 0.03994804620742798], "k_pid_att": [100.0, 0.06613532453775406, 0.988145649433136], "k_pid_yaw": [0.5, 1e-06, 0.1], "k_pid_hsp": [9.939992904663086, 0.9838026165962219, 0.04344704747200012], "k_pid_vsp": [5.011725425720215, 368.4451904296875, 3.0511746406555176]}, "datetime": {"datetime": "2025-08-21 18:15:25", "elapsed": 34242.1484503746, "delta": 23.313156604766846}, "costs": {"total_cost": 679.7477536691387, "time_cost": 150, "final_distance_cost": 64.48329918038257, "oscillation_cost": 148.62777402372888, "completition_cost": 222.2222222222222, "overshoot_cost": 51.85110590391466, "power_cost": 24.197542614746094, "noise_cost": 18.36580972414419, "n_waypoints_completed": 7, "tot_waypoints": 9}}
{"target": -780.0809251824279, "params": {"k_pid_pos": [2.0, 0.990397036075592, 0.9999998807907104], "k_pid_alt": [1.9612419605255127, 1.0, 0.06411388516426086], "k_pid_att": [100.0, 0.0946582481265068, 0.9885648488998413], "k_pid_yaw": [0.5, 1e-06, 0.1], "k_pid_hsp": [9.785903930664062, 0.9703674912452698, 0.017481118440628052], "k_pid_vsp": [4.521536827087402, 397.0087890625, 2.7791152000427246]}, "datetime": {"datetime": "2025-08-21 18:15:49", "elapsed": 34266.19042468071, "delta": 24.041974306106567}, "costs": {"total_cost": 780.0809251824279, "time_cost": 150, "final_distance_cost": 70.18212748436231, "oscillation_cost": 128.22494575792092, "completition_cost": 333.33333333333337, "overshoot_cost": 53.9707886307428, "power_cost": 25.51348651123047, "noise_cost": 18.85624346483801, "n_waypoints_completed": 6, "tot_waypoints": 9}}
{"target": -687.116137665684, "params": {"k_pid_pos": [2.0, 0.9733396172523499, 0.9999821186065674], "k_pid_alt": [1.9308797121047974, 1.0, 0.049934715032577515], "k_pid_att": [100.0, 0.2198040932416916, 0.9967672228813171], "k_pid_yaw": [0.5, 1e-06, 0.1], "k_pid_hsp": [9.99479866027832, 0.9946614503860474, 0.006101936101913452], "k_pid_vsp": [3.775608539581299, 396.38372802734375, 3.499258518218994]}, "datetime": {"datetime": "2025-08-21 18:16:14", "elapsed": 34290.753324985504, "delta": 24.56290030479431}, "costs": {"total_cost": 687.116137665684, "time_cost": 150, "final_distance_cost": 71.73137834006128, "oscillation_cost": 154.02179460887086, "completition_cost": 222.2222222222222, "overshoot_cost": 52.4168626688304, "power_cost": 21.679390588378908, "noise_cost": 15.044489237320388, "n_waypoints_completed": 7, "tot_waypoints": 9}}
{"target": -802.6693745378036, "params": {"k_pid_pos": [2.0, 0.9932137727737427, 1.0], "k_pid_alt": [1.994732141494751, 1.0, 0.011853724718093872], "k_pid_att": [100.0, 0.0469389483332634, 0.9976129531860352], "k_pid_yaw": [0.5, 1e-06, 0.1], "k_pid_hsp": [9.899529457092285, 0.9948540925979614, 0.02060505747795105], "k_pid_vsp": [15.981494903564453, 394.6035461425781, 5.757320880889893]}, "datetime": {"datetime": "2025-08-21 18:16:37", "elapsed": 34313.61036539078, "delta": 22.857040405273438}, "costs": {"total_cost": 802.6693745378036, "time_cost": 150, "final_distance_cost": 62.37811042239786, "oscillation_cost": 173.31416957077894, "completition_cost": 333.33333333333337, "overshoot_cost": 52.42254346676998, "power_cost": 17.33594766845703, "noise_cost": 13.885270076066409, "n_waypoints_completed": 6, "tot_waypoints": 9}}
{"target": -744.9293703743198, "params": {"k_pid_pos": [2.0, 0.8575390577316284, 0.9929181337356567], "k_pid_alt": [1.9613217115402222, 1.0, 0.006051123142242432], "k_pid_att": [100.0, 0.0341792106628418, 0.9191855192184448], "k_pid_yaw": [0.5, 1e-06, 0.1], "k_pid_hsp": [9.918938636779785, 0.9962593913078308, 0.006881088018417358], "k_pid_vsp": [8.107304573059082, 394.1835021972656, 2.0767102241516113]}, "datetime": {"datetime": "2025-08-21 18:17:01", "elapsed": 34338.16300320625, "delta": 24.552637815475464}, "costs": {"total_cost": 744.9293703743198, "time_cost": 150, "final_distance_cost": 74.52912979780092, "oscillation_cost": 207.44324206154786, "completition_cost": 222.2222222222222, "overshoot_cost": 55.88860412747658, "power_cost": 19.286523974609377, "noise_cost": 15.55964819066286, "n_waypoints_completed": 7, "tot_waypoints": 9}}
{"target": -367.92366162144145, "params": {"k_pid_pos": [2.0, 0.9783505201339722, 0.9991617202758789], "k_pid_alt": [1.9331750869750977, 1.0, 0.019338160753250122], "k_pid_att": [100.0, 0.033251773566007614, 0.9986770153045654], "k_pid_yaw": [0.5, 1e-06, 0.1], "k_pid_hsp": [8.998090744018555, 0.9908089637756348, 0.02049732208251953], "k_pid_vsp": [21.53301239013672, 393.8895568847656, 1.9447693824768066]}, "datetime": {"datetime": "2025-08-21 18:17:25", "elapsed": 34361.98828577995, "delta": 23.82528257369995}, "costs": {"total_cost": 367.92366162144145, "time_cost": 96.496, "final_distance_cost": 1.7397667288859013, "oscillation_cost": 178.91108597995358, "completition_cost": 0.0, "overshoot_cost": 56.878842050400564, "power_cost": 18.586401892089846, "noise_cost": 15.311564970111574, "n_waypoints_completed": 9, "tot_waypoints": 9}}
{"target": -924.0203589611397, "params": {"k_pid_pos": [2.0, 0.9759190082550049, 0.0], "k_pid_alt": [1.9856932163238525, 1.0, 0.02860426902770996], "k_pid_att": [100.0, 0.09802885353565216, 0.9873498678207397], "k_pid_yaw": [0.5, 1e-06, 0.1], "k_pid_hsp": [9.496848106384277, 0.9810006618499756, 0.017009466886520386], "k_pid_vsp": [18.716537475585938, 396.4635925292969, 2.4738082885742188]}, "datetime": {"datetime": "2025-08-21 18:17:48", "elapsed": 34384.651827812195, "delta": 22.66354203224182}, "costs": {"total_cost": 924.0203589611397, "time_cost": 150, "final_distance_cost": 43.182090575912156, "oscillation_cost": 80.16870913132611, "completition_cost": 555.5555555555555, "overshoot_cost": 57.692906434383886, "power_cost": 22.03706981201172, "noise_cost": 15.384027451950283, "n_waypoints_completed": 4, "tot_waypoints": 9}}
{"target": -933.2889323926512, "params": {"k_pid_pos": [1.0732508897781372, 0.9675800800323486, 3.129243850708008e-05], "k_pid_alt": [1.9899089336395264, 1.0, 0.01330462098121643], "k_pid_att": [100.0, 0.022937588393688202, 0.9216657876968384], "k_pid_yaw": [0.5, 1e-06, 0.1], "k_pid_hsp": [9.777649879455566, 0.9699219465255737, 0.011616677045822144], "k_pid_vsp": [6.949782371520996, 397.8231506347656, 5.267001152038574]}, "datetime": {"datetime": "2025-08-21 18:18:14", "elapsed": 34410.6806435585, "delta": 26.028815746307373}, "costs": {"total_cost": 933.2889323926512, "time_cost": 150, "final_distance_cost": 49.55775183253183, "oscillation_cost": 88.03663767050028, "completition_cost": 555.5555555555555, "overshoot_cost": 52.42530091664609, "power_cost": 21.817989379882814, "noise_cost": 15.895697037534672, "n_waypoints_completed": 4, "tot_waypoints": 9}}
{"target": -881.1050991985998, "params": {"k_pid_pos": [2.0, 0.9818882942199707, 0.9999771118164062], "k_pid_alt": [1.9360214471817017, 1.0, 0.002731114625930786], "k_pid_att": [99.9993667602539, 0.392352432012558, 0.9957675933837891], "k_pid_yaw": [0.5, 1e-06, 0.1], "k_pid_hsp": [9.711734771728516, 0.9954555034637451, 0.014922946691513062], "k_pid_vsp": [12.613129615783691, 396.2761535644531, 14.36613941192627]}, "datetime": {"datetime": "2025-08-21 18:18:39", "elapsed": 34435.83671975136, "delta": 25.156076192855835}, "costs": {"total_cost": 881.1050991985998, "time_cost": 150, "final_distance_cost": 54.49958114720834, "oscillation_cost": 144.69891898489288, "completition_cost": 444.4444444444444, "overshoot_cost": 48.33714640091752, "power_cost": 23.113085424804687, "noise_cost": 16.011922796331884, "n_waypoints_completed": 5, "tot_waypoints": 9}}
{"target": -675.9401680603862, "params": {"k_pid_pos": [2.0, 0.97932368516922, 0.9999878406524658], "k_pid_alt": [1.9840927124023438, 1.0, 0.028992295265197754], "k_pid_att": [100.0, 0.12691983580589294, 0.9281980991363525], "k_pid_yaw": [0.5, 1e-06, 0.1], "k_pid_hsp": [9.852544784545898, 0.9647601842880249, 0.007685452699661255], "k_pid_vsp": [5.525553226470947, 391.0095520019531, 0.7233391404151917]}, "datetime": {"datetime": "2025-08-21 18:19:02", "elapsed": 34458.95188784599, "delta": 23.11516809463501}, "costs": {"total_cost": 675.9401680603862, "time_cost": 150, "final_distance_cost": 63.16146524434675, "oscillation_cost": 138.31048678118933, "completition_cost": 222.2222222222222, "overshoot_cost": 57.05937362696643, "power_cost": 25.789727001953125, "noise_cost": 19.396893183708315, "n_waypoints_completed": 7, "tot_waypoints": 9}}
{"target": -996.8176353424473, "params": {"k_pid_pos": [2.0, 0.9942262768745422, 1.0], "k_pid_alt": [1.7917351722717285, 1.0, 0.02275484800338745], "k_pid_att": [99.99998474121094, 0.14528681337833405, 0.9838255643844604], "k_pid_yaw": [0.5, 1e-06, 0.1], "k_pid_hsp": [9.849757194519043, 0.8815916180610657, 0.0207708477973938], "k_pid_vsp": [22.139358520507812, 395.7349853515625, 10.057998657226562]}, "datetime": {"datetime": "2025-08-21 18:19:27", "elapsed": 34484.22600889206, "delta": 25.274121046066284}, "costs": {"total_cost": 996.8176353424473, "time_cost": 150, "final_distance_cost": 46.19230780854093, "oscillation_cost": 232.93084123296242, "completition_cost": 444.4444444444444, "overshoot_cost": 59.78282946239011, "power_cost": 25.14667264404297, "noise_cost": 38.320539750066445, "n_waypoints_completed": 5, "tot_waypoints": 9}}
{"target": -836.6159010777887, "params": {"k_pid_pos": [2.0, 0.9778463840484619, 0.9999988079071045], "k_pid_alt": [1.9123315811157227, 0.9999999403953552, 0.12101724743843079], "k_pid_att": [100.0, 0.0725242868065834, 0.9813120365142822], "k_pid_yaw": [0.5, 1e-06, 0.1], "k_pid_hsp": [9.921233177185059, 0.9293840527534485, 0.17206111550331116], "k_pid_vsp": [5.363643169403076, 363.3167724609375, 14.94459056854248]}, "datetime": {"datetime": "2025-08-21 18:19:50", "elapsed": 34507.32506585121, "delta": 23.09905695915222}, "costs": {"total_cost": 836.6159010777887, "time_cost": 150, "final_distance_cost": 63.114946448648396, "oscillation_cost": 203.3206905165994, "completition_cost": 333.33333333333337, "overshoot_cost": 50.37904701558912, "power_cost": 20.750499035644534, "noise_cost": 15.717384727973881, "n_waypoints_completed": 6, "tot_waypoints": 9}}
{"target": -815.9144442773011, "params": {"k_pid_pos": [2.0, 0.9277938008308411, 0.007823377847671509], "k_pid_alt": [1.9721392393112183, 1.0, 0.024077266454696655], "k_pid_att": [100.0, 0.7822094559669495, 0.9957202672958374], "k_pid_yaw": [0.5, 1e-06, 0.1], "k_pid_hsp": [9.868727684020996, 0.9916971325874329, 0.0032122433185577393], "k_pid_vsp": [7.0407867431640625, 397.3334655761719, 50.89682388305664]}, "datetime": {"datetime": "2025-08-21 18:20:15", "elapsed": 34531.75565934181, "delta": 24.430593490600586}, "costs": {"total_cost": 815.9144442773011, "time_cost": 150, "final_distance_cost": 47.894474857595895, "oscillation_cost": 85.91070527311322, "completition_cost": 444.4444444444444, "overshoot_cost": 51.32817796733465, "power_cost": 20.572406774902344, "noise_cost": 15.76423495991047, "n_waypoints_completed": 5, "tot_waypoints": 9}}
{"target": -1054.6230961657657, "params": {"k_pid_pos": [2.0, 0.9801535606384277, 0.0], "k_pid_alt": [1.779543399810791, 1.0, 0.01908355951309204], "k_pid_att": [100.0, 0.1307946890592575, 0.9829768538475037], "k_pid_yaw": [0.5, 1e-06, 0.1], "k_pid_hsp": [9.93463134765625, 0.9626758098602295, 0.007515758275985718], "k_pid_vsp": [0.5249619483947754, 366.0804138183594, 8.343077659606934]}, "datetime": {"datetime": "2025-08-21 18:20:41", "elapsed": 34557.504881858826, "delta": 25.74922251701355}, "costs": {"total_cost": 1054.6230961657657, "time_cost": 150, "final_distance_cost": 59.1152804739689, "oscillation_cost": 95.5453667129215, "completition_cost": 666.6666666666667, "overshoot_cost": 47.51188125791274, "power_cost": 20.37632713623047, "noise_cost": 15.407573918065365, "n_waypoints_completed": 3, "tot_waypoints": 9}}
{"target": -986.2601443547429, "params": {"k_pid_pos": [2.0, 0.9882893562316895, 1.0], "k_pid_alt": [1.9966187477111816, 1.0, 0.002443283796310425], "k_pid_att": [99.99974822998047, 0.4692482054233551, 0.994133710861206], "k_pid_yaw": [0.5, 1e-06, 0.1], "k_pid_hsp": [9.975506782531738, 0.9970508813858032, 0.005749106407165527], "k_pid_vsp": [9.05907154083252, 393.6934814453125, 10.926414489746094]}, "datetime": {"datetime": "2025-08-21 18:21:04", "elapsed": 34580.8676609993, "delta": 23.362779140472412}, "costs": {"total_cost": 986.2601443547429, "time_cost": 150, "final_distance_cost": 53.6517014388133, "oscillation_cost": 136.51703717428398, "completition_cost": 555.5555555555555, "overshoot_cost": 52.70129386772123, "power_cost": 22.301408227539063, "noise_cost": 15.533148090829824, "n_waypoints_completed": 4, "tot_waypoints": 9}}
{"target": -1058.0772246575648, "params": {"k_pid_pos": [2.0, 0.9892776608467102, 0.14811503887176514], "k_pid_alt": [1.9858075380325317, 1.0, 0.021058708429336548], "k_pid_att": [100.0, 0.41305261850357056, 0.9956246614456177], "k_pid_yaw": [0.5, 1e-06, 0.1], "k_pid_hsp": [9.887713432312012, 0.9948632717132568, 0.03394365310668945], "k_pid_vsp": [2.0622849464416504, 398.1513977050781, 2.713848114013672]}, "datetime": {"datetime": "2025-08-21 18:21:29", "elapsed": 34606.18780732155, "delta": 25.320146322250366}, "costs": {"total_cost": 1058.0772246575648, "time_cost": 150, "final_distance_cost": 50.352927529778256, "oscillation_cost": 96.30786707153645, "completition_cost": 666.6666666666667, "overshoot_cost": 53.999550978673746, "power_cost": 23.69249371337891, "noise_cost": 17.05771869753051, "n_waypoints_completed": 3, "tot_waypoints": 9}}
{"target": -1191.6263124148418, "params": {"k_pid_pos": [2.0, 0.9637740850448608, 0.05607086420059204], "k_pid_alt": [1.9345316886901855, 1.0, 0.002880394458770752], "k_pid_att": [100.0, 0.03542463853955269, 0.9570354223251343], "k_pid_yaw": [0.5, 1e-06, 0.1], "k_pid_hsp": [9.976704597473145, 0.9629408121109009, 0.012463301420211792], "k_pid_vsp": [5.0107598304748535, 396.8521728515625, 4.4889817237854]}, "datetime": {"datetime": "2025-08-21 18:21:54", "elapsed": 34630.69957327843, "delta": 24.511765956878662}, "costs": {"total_cost": 1191.6263124148418, "time_cost": 150, "final_distance_cost": 93.68590377475489, "oscillation_cost": 84.15494362348332, "completition_cost": 777.7777777777778, "overshoot_cost": 42.398499490639914, "power_cost": 26.04604060058594, "noise_cost": 17.56314714759997, "n_waypoints_completed": 2, "tot_waypoints": 9}}
{"target": -700.0757330793946, "params": {"k_pid_pos": [2.0, 0.864835262298584, 0.994157075881958], "k_pid_alt": [1.9306203126907349, 1.0, 0.023061007261276245], "k_pid_att": [99.99942016601562, 0.08182132244110107, 0.9924542903900146], "k_pid_yaw": [0.5, 1e-06, 0.1], "k_pid_hsp": [9.955622673034668, 0.9925384521484375, 0.010161489248275757], "k_pid_vsp": [10.531926155090332, 377.6557922363281, 1.5910992622375488]}, "datetime": {"datetime": "2025-08-21 18:22:17", "elapsed": 34653.64779520035, "delta": 22.948221921920776}, "costs": {"total_cost": 700.0757330793946, "time_cost": 150, "final_distance_cost": 62.90489907311037, "oscillation_cost": 167.64965353669623, "completition_cost": 222.2222222222222, "overshoot_cost": 55.786334443741325, "power_cost": 24.645880590820315, "noise_cost": 16.866743212804167, "n_waypoints_completed": 7, "tot_waypoints": 9}}
{"target": -1438.2456294082517, "params": {"k_pid_pos": [2.0, 0.9697502851486206, 1.0], "k_pid_alt": [1.9896788597106934, 1.0, 0.008743882179260254], "k_pid_att": [100.0, 0.15478263795375824, 0.9896827340126038], "k_pid_yaw": [0.5, 1e-06, 0.1], "k_pid_hsp": [9.693325996398926, 0.9901939034461975, 0.005544900894165039], "k_pid_vsp": [2.3467659950256348, 384.9916076660156, 4.0516743659973145]}, "datetime": {"datetime": "2025-08-21 18:22:42", "elapsed": 34678.93371272087, "delta": 25.28591752052307}, "costs": {"total_cost": 1438.2456294082517, "time_cost": 150, "final_distance_cost": 110.47180402070144, "oscillation_cost": 214.38887341816329, "completition_cost": 777.7777777777778, "overshoot_cost": 156.92023806525546, "power_cost": 15.974519360351563, "noise_cost": 12.71241676600218, "n_waypoints_completed": 2, "tot_waypoints": 9}}
{"target": -315.55776834622367, "params": {"k_pid_pos": [2.0, 0.9594176411628723, 0.9999998807907104], "k_pid_alt": [1.8821099996566772, 1.0, 0.005531787872314453], "k_pid_att": [9.178802490234375, 0.2895515561103821, 0.9424379467964172], "k_pid_yaw": [0.5, 1e-06, 0.1], "k_pid_hsp": [9.936027526855469, 0.9940142631530762, 0.0029901862144470215], "k_pid_vsp": [3.6662697792053223, 392.3935852050781, 1.9913086891174316]}, "datetime": {"datetime": "2025-08-21 18:23:06", "elapsed": 34702.92497110367, "delta": 23.99125838279724}, "costs": {"total_cost": 315.55776834622367, "time_cost": 98.56, "final_distance_cost": 1.750078778086133, "oscillation_cost": 120.34751315964498, "completition_cost": 0.0, "overshoot_cost": 59.37212583385015, "power_cost": 20.951524145507815, "noise_cost": 14.5765264291346, "n_waypoints_completed": 9, "tot_waypoints": 9}}
{"target": -1182.7742159642175, "params": {"k_pid_pos": [2.0, 0.9582138657569885, 0.0], "k_pid_alt": [1.962945818901062, 1.0, 0.010632961988449097], "k_pid_att": [100.0, 0.24637915194034576, 0.9806817770004272], "k_pid_yaw": [0.5, 1e-06, 0.1], "k_pid_hsp": [9.724424362182617, 0.9936559200286865, 0.011987537145614624], "k_pid_vsp": [5.864858627319336, 392.0013427734375, 5.630625247955322]}, "datetime": {"datetime": "2025-08-21 18:23:30", "elapsed": 34726.80787944794, "delta": 23.8829083442688}, "costs": {"total_cost": 1182.7742159642175, "time_cost": 150, "final_distance_cost": 87.3472122338548, "oscillation_cost": 80.21585522102403, "completition_cost": 777.7777777777778, "overshoot_cost": 43.18287482425509, "power_cost": 26.465368225097656, "noise_cost": 17.78512768220824, "n_waypoints_completed": 2, "tot_waypoints": 9}}
{"target": -954.6056213562119, "params": {"k_pid_pos": [2.0, 0.9912444949150085, 1.0], "k_pid_alt": [1.9307419061660767, 1.0, 0.05494570732116699], "k_pid_att": [100.0, 0.748852014541626, 0.9954979419708252], "k_pid_yaw": [0.5, 1e-06, 0.1], "k_pid_hsp": [9.299959182739258, 0.9848757982254028, 0.00898522138595581], "k_pid_vsp": [15.150094032287598, 392.88134765625, 5.3019890785217285]}, "datetime": {"datetime": "2025-08-21 18:23:55", "elapsed": 34751.52593946457, "delta": 24.71806001663208}, "costs": {"total_cost": 954.6056213562119, "time_cost": 150, "final_distance_cost": 43.684480050582316, "oscillation_cost": 120.35380935103126, "completition_cost": 555.5555555555555, "overshoot_cost": 47.213332489392954, "power_cost": 21.582604821777345, "noise_cost": 16.21583908787254, "n_waypoints_completed": 4, "tot_waypoints": 9}}
{"target": -712.163432913743, "params": {"k_pid_pos": [1.9999728202819824, 0.965848445892334, 0.6424331068992615], "k_pid_alt": [1.9921869039535522, 1.0, 0.022116035223007202], "k_pid_att": [100.0, 0.25146517157554626, 0.9909981489181519], "k_pid_yaw": [0.5, 1e-06, 0.1], "k_pid_hsp": [9.731928825378418, 0.977307140827179, 0.026518523693084717], "k_pid_vsp": [2.7114272117614746, 399.5679931640625, 6.30325174331665]}, "datetime": {"datetime": "2025-08-21 18:24:18", "elapsed": 34775.09162735939, "delta": 23.565687894821167}, "costs": {"total_cost": 712.163432913743, "time_cost": 150, "final_distance_cost": 67.11907499941998, "oscillation_cost": 181.48078132555318, "completition_cost": 222.2222222222222, "overshoot_cost": 53.75225611577551, "power_cost": 21.191263623046876, "noise_cost": 16.39783462772531, "n_waypoints_completed": 7, "tot_waypoints": 9}}
{"target": -1059.139477627406, "params": {"k_pid_pos": [1.9981669187545776, 0.9955576658248901, 0.0005120038986206055], "k_pid_alt": [1.9657257795333862, 1.0, 0.004326760768890381], "k_pid_att": [100.0, 2.094094753265381, 0.9482382535934448], "k_pid_yaw": [0.5, 1e-06, 0.1], "k_pid_hsp": [9.982752799987793, 0.9764372110366821, 0.00432249903678894], "k_pid_vsp": [4.726302623748779, 343.2675476074219, 9.325958251953125]}, "datetime": {"datetime": "2025-08-21 18:24:43", "elapsed": 34799.56607079506, "delta": 24.474443435668945}, "costs": {"total_cost": 1059.139477627406, "time_cost": 150, "final_distance_cost": 53.85258396049518, "oscillation_cost": 98.06698170873962, "completition_cost": 666.6666666666667, "overshoot_cost": 59.040655558207064, "power_cost": 17.65425223388672, "noise_cost": 13.858337499410725, "n_waypoints_completed": 3, "tot_waypoints": 9}}
