{"target": -7701.549405109199, "params": {"k_pid_pos": [2.0, 0.888570249080658, 1.3113021850585938e-06], "k_pid_alt": [1.9179550409317017, 1.0, 0.0020281076431274414], "k_pid_att": [2.9802322387695312e-06, 0.11544158309698105, 0.9713987112045288], "k_pid_yaw": [0.5, 1e-06, 0.1], "k_pid_hsp": [9.033140182495117, 0.8900524377822876, 0.08687731623649597], "k_pid_vsp": [14.504968643188477, 260.7901306152344, 68.57283020019531]}, "datetime": {"datetime": "2025-08-21 10:19:22", "elapsed": 5679.13166642189, "delta": 25.584606170654297}, "costs": {"total_cost": 7701.549405109199, "time_cost": 150, "final_distance_cost": 2008.1227814792483, "oscillation_cost": 165.12984331068358, "completition_cost": 1000.0, "overshoot_cost": 4255.6993739535465, "power_cost": 35.71261932373047, "noise_cost": 86.88478704199035, "n_waypoints_completed": 0, "tot_waypoints": 9}}
{"target": -645.0890427351018, "params": {"k_pid_pos": [2.0, 0.8433811068534851, 1.0], "k_pid_alt": [1.3828798532485962, 0.9814534187316895, 0.04667389392852783], "k_pid_att": [100.0, 1.8451576232910156, 0.9187831878662109], "k_pid_yaw": [0.5, 1e-06, 0.1], "k_pid_hsp": [9.591556549072266, 0.9815138578414917, 0.02785065770149231], "k_pid_vsp": [222.49798583984375, 236.90206909179688, 23.624589920043945]}, "datetime": {"datetime": "2025-08-21 10:19:51", "elapsed": 5708.283518314362, "delta": 29.151851892471313}, "costs": {"total_cost": 645.0890427351018, "time_cost": 150, "final_distance_cost": 66.57818734730901, "oscillation_cost": 229.7653195895623, "completition_cost": 111.11111111111116, "overshoot_cost": 53.43830687828938, "power_cost": 18.658948107910156, "noise_cost": 15.537169700919709, "n_waypoints_completed": 8, "tot_waypoints": 9}}
{"target": -1188.3571793690649, "params": {"k_pid_pos": [2.0, 0.9329667687416077, 0.9990936517715454], "k_pid_alt": [1.9424681663513184, 0.9963775873184204, 0.022304266691207886], "k_pid_att": [99.9999771118164, 2.5078537464141846, 0.9478915929794312], "k_pid_yaw": [0.5, 1e-06, 0.1], "k_pid_hsp": [9.756385803222656, 0.813358724117279, 0.009576618671417236], "k_pid_vsp": [3.5204529762268066, 225.620849609375, 9.6935396194458]}, "datetime": {"datetime": "2025-08-21 10:20:23", "elapsed": 5739.500436306, "delta": 31.216917991638184}, "costs": {"total_cost": 1188.3571793690649, "time_cost": 150, "final_distance_cost": 52.0327050149444, "oscillation_cost": 197.76383784994573, "completition_cost": 666.6666666666667, "overshoot_cost": 87.88047119940379, "power_cost": 18.66888505859375, "noise_cost": 15.344613579510495, "n_waypoints_completed": 3, "tot_waypoints": 9}}
{"target": -1412.68756901257, "params": {"k_pid_pos": [1.9999985694885254, 0.8736550807952881, 0.0], "k_pid_alt": [1.8371789455413818, 0.0002529919147491455, 0.01156926155090332], "k_pid_att": [99.99038696289062, 0.5303421020507812, 0.6979901194572449], "k_pid_yaw": [0.5, 1e-06, 0.1], "k_pid_hsp": [9.624921798706055, 0.9825512170791626, 0.2941787838935852], "k_pid_vsp": [65.793701171875, 84.63418579101562, 131.5811004638672]}, "datetime": {"datetime": "2025-08-21 10:20:49", "elapsed": 5765.481264591217, "delta": 25.980828285217285}, "costs": {"total_cost": 1412.68756901257, "time_cost": 150, "final_distance_cost": 1.9510141363667834, "oscillation_cost": 90.24996904068193, "completition_cost": 1000.0, "overshoot_cost": 101.61996744709343, "power_cost": 28.47168270263672, "noise_cost": 40.39493568579099, "n_waypoints_completed": 0, "tot_waypoints": 9}}
{"target": -1210.6325080252861, "params": {"k_pid_pos": [0.28072381019592285, 0.774032473564148, 0.0], "k_pid_alt": [1.9515020847320557, 1.0, 0.10772019624710083], "k_pid_att": [100.0, 0.474445104598999, 0.8718324303627014], "k_pid_yaw": [0.5, 1e-06, 0.1], "k_pid_hsp": [8.403061866760254, 0.9252448081970215, 0.3049476742744446], "k_pid_vsp": [84.13214874267578, 372.4180603027344, 205.1745147705078]}, "datetime": {"datetime": "2025-08-21 10:21:19", "elapsed": 5795.657973527908, "delta": 30.176708936691284}, "costs": {"total_cost": 1210.6325080252861, "time_cost": 150, "final_distance_cost": 88.37860689253921, "oscillation_cost": 115.38610884278876, "completition_cost": 777.7777777777778, "overshoot_cost": 49.27519691449865, "power_cost": 16.654231958007813, "noise_cost": 13.160585639673775, "n_waypoints_completed": 2, "tot_waypoints": 9}}
{"target": -1347.2738871348486, "params": {"k_pid_pos": [9.999999747378752e-05, 0.9886014461517334, 0.001648247241973877], "k_pid_alt": [1.938797950744629, 1.0, 0.01562538743019104], "k_pid_att": [100.0, 3.921905040740967, 0.938820481300354], "k_pid_yaw": [0.5, 1e-06, 0.1], "k_pid_hsp": [8.878331184387207, 0.25732332468032837, 0.03379747271537781], "k_pid_vsp": [181.5358123779297, 328.76666259765625, 41.81486511230469]}, "datetime": {"datetime": "2025-08-21 10:21:45", "elapsed": 5821.6719624996185, "delta": 26.013988971710205}, "costs": {"total_cost": 1347.2738871348486, "time_cost": 150, "final_distance_cost": 46.32191567568707, "oscillation_cost": 79.43113212898675, "completition_cost": 1000.0, "overshoot_cost": 32.12917015307945, "power_cost": 22.747418676757814, "noise_cost": 16.644250500337364, "n_waypoints_completed": 0, "tot_waypoints": 9}}
{"target": -1051.028237144901, "params": {"k_pid_pos": [1.9999399185180664, 0.8687885999679565, 0.001794964075088501], "k_pid_alt": [1.8229396343231201, 0.9999988079071045, 0.02805212140083313], "k_pid_att": [100.0, 0.3744458854198456, 0.9715865850448608], "k_pid_yaw": [0.5, 1e-06, 0.1], "k_pid_hsp": [9.280938148498535, 0.9802693724632263, 0.07654669880867004], "k_pid_vsp": [44.06645202636719, 98.14309692382812, 76.64909362792969]}, "datetime": {"datetime": "2025-08-21 10:22:13", "elapsed": 5850.122507810593, "delta": 28.45054531097412}, "costs": {"total_cost": 1051.028237144901, "time_cost": 150, "final_distance_cost": 55.58514737378415, "oscillation_cost": 83.11070665712418, "completition_cost": 666.6666666666667, "overshoot_cost": 60.43751383107082, "power_cost": 19.600670178222657, "noise_cost": 15.627532438032421, "n_waypoints_completed": 3, "tot_waypoints": 9}}
{"target": -3571.868456045918, "params": {"k_pid_pos": [2.0, 0.9336137771606445, 0.9884949922561646], "k_pid_alt": [1.9798815250396729, 1.0, 0.0070167481899261475], "k_pid_att": [0.09389817714691162, 1.390332818031311, 0.7340469360351562], "k_pid_yaw": [0.5, 1e-06, 0.1], "k_pid_hsp": [5.325589656829834, 0.8570147752761841, 0.08379381895065308], "k_pid_vsp": [152.012939453125, 192.80752563476562, 350.7433776855469]}, "datetime": {"datetime": "2025-08-21 10:22:43", "elapsed": 5879.908363580704, "delta": 29.785855770111084}, "costs": {"total_cost": 3571.868456045918, "time_cost": 150, "final_distance_cost": 507.93821499860036, "oscillation_cost": 770.8154407216982, "completition_cost": 1000.0, "overshoot_cost": 1012.5336447072818, "power_cost": 33.18657907714844, "noise_cost": 97.39457654118891, "n_waypoints_completed": 0, "tot_waypoints": 9}}
{"target": -710.8154853613618, "params": {"k_pid_pos": [1.9978528022766113, 0.7215929627418518, 1.0], "k_pid_alt": [1.9196209907531738, 0.9961148500442505, 0.04786485433578491], "k_pid_att": [100.0, 0.7243115305900574, 0.8073219656944275], "k_pid_yaw": [0.5, 1e-06, 0.1], "k_pid_hsp": [9.048689842224121, 0.7564877271652222, 0.05541205406188965], "k_pid_vsp": [125.08477783203125, 281.4975891113281, 5.794859886169434]}, "datetime": {"datetime": "2025-08-21 10:23:08", "elapsed": 5905.126038551331, "delta": 25.21767497062683}, "costs": {"total_cost": 710.8154853613618, "time_cost": 150, "final_distance_cost": 69.25546988857114, "oscillation_cost": 166.96703322071997, "completition_cost": 222.2222222222222, "overshoot_cost": 54.48335598422025, "power_cost": 25.938160668945315, "noise_cost": 21.949243376682936, "n_waypoints_completed": 7, "tot_waypoints": 9}}
{"target": -1316.0329079123617, "params": {"k_pid_pos": [2.0, 0.9242594838142395, 6.556510925292969e-07], "k_pid_alt": [1.955196738243103, 0.3038730025291443, 0.16999584436416626], "k_pid_att": [99.99996185302734, 1.3515335321426392, 0.9761302471160889], "k_pid_yaw": [0.5, 1e-06, 0.1], "k_pid_hsp": [9.713346481323242, 0.9157388210296631, 0.024407267570495605], "k_pid_vsp": [237.7255401611328, 175.275634765625, 82.9925765991211]}, "datetime": {"datetime": "2025-08-21 10:23:37", "elapsed": 5934.261058807373, "delta": 29.13502025604248}, "costs": {"total_cost": 1316.0329079123617, "time_cost": 150, "final_distance_cost": 45.83575921437391, "oscillation_cost": 60.82688315513246, "completition_cost": 1000.0, "overshoot_cost": 29.13387192328088, "power_cost": 16.842528552246094, "noise_cost": 13.3938650673286, "n_waypoints_completed": 0, "tot_waypoints": 9}}
{"target": -921.7209487049903, "params": {"k_pid_pos": [1.9999990463256836, 0.827734112739563, 0.0], "k_pid_alt": [1.831479787826538, 0.9999961853027344, 0.016814351081848145], "k_pid_att": [98.16133880615234, 0.2301132082939148, 0.8879005908966064], "k_pid_yaw": [0.5, 1e-06, 0.1], "k_pid_hsp": [9.296149253845215, 0.4270593225955963, 0.029623717069625854], "k_pid_vsp": [132.2516326904297, 121.86088562011719, 100.90904235839844]}, "datetime": {"datetime": "2025-08-21 10:24:04", "elapsed": 5961.328973293304, "delta": 27.067914485931396}, "costs": {"total_cost": 921.7209487049903, "time_cost": 150, "final_distance_cost": 43.16599764492623, "oscillation_cost": 76.49479808263528, "completition_cost": 555.5555555555555, "overshoot_cost": 60.66456279029742, "power_cost": 19.860138220214846, "noise_cost": 15.979896411360937, "n_waypoints_completed": 4, "tot_waypoints": 9}}
{"target": -661.8052448725942, "params": {"k_pid_pos": [1.9985181093215942, 0.9464842081069946, 1.0], "k_pid_alt": [1.9605121612548828, 1.0, 0.0243358314037323], "k_pid_att": [100.0, 0.8438820242881775, 0.7722353935241699], "k_pid_yaw": [0.5, 1e-06, 0.1], "k_pid_hsp": [5.450590133666992, 0.43614697456359863, 0.27458542585372925], "k_pid_vsp": [124.3509750366211, 39.10581970214844, 45.80314254760742]}, "datetime": {"datetime": "2025-08-21 10:24:30", "elapsed": 5987.363458395004, "delta": 26.03448510169983}, "costs": {"total_cost": 661.8052448725942, "time_cost": 150, "final_distance_cost": 65.98971221792452, "oscillation_cost": 235.19902492708604, "completition_cost": 111.11111111111116, "overshoot_cost": 57.909606974533226, "power_cost": 24.16960067138672, "noise_cost": 17.426188970552467, "n_waypoints_completed": 8, "tot_waypoints": 9}}
{"target": -910.2834591331407, "params": {"k_pid_pos": [1.9941567182540894, 0.8990784883499146, 0.03766101598739624], "k_pid_alt": [1.943145990371704, 0.9948753714561462, 0.061870962381362915], "k_pid_att": [100.0, 0.2709383964538574, 0.955635130405426], "k_pid_yaw": [0.5, 1e-06, 0.1], "k_pid_hsp": [7.870502948760986, 0.9333593845367432, 0.008308261632919312], "k_pid_vsp": [73.43357849121094, 329.4582824707031, 11.933661460876465]}, "datetime": {"datetime": "2025-08-21 10:25:04", "elapsed": 6020.881955623627, "delta": 33.51849722862244}, "costs": {"total_cost": 910.2834591331407, "time_cost": 150, "final_distance_cost": 51.77060566396787, "oscillation_cost": 68.8121883778872, "completition_cost": 555.5555555555555, "overshoot_cost": 49.95530276630088, "power_cost": 18.88377568359375, "noise_cost": 15.30603108583541, "n_waypoints_completed": 4, "tot_waypoints": 9}}
{"target": -1331.7340471332639, "params": {"k_pid_pos": [1.9999992847442627, 0.9300496578216553, 0.0], "k_pid_alt": [1.8163738250732422, 0.9999993443489075, 0.19909143447875977], "k_pid_att": [100.0, 0.21275055408477783, 0.7348834276199341], "k_pid_yaw": [0.5, 1e-06, 0.1], "k_pid_hsp": [4.759333610534668, 0.7115052938461304, 0.03663456439971924], "k_pid_vsp": [291.6320495605469, 334.3497619628906, 81.0474624633789]}, "datetime": {"datetime": "2025-08-21 10:25:31", "elapsed": 6047.449692487717, "delta": 26.567736864089966}, "costs": {"total_cost": 1331.7340471332639, "time_cost": 150, "final_distance_cost": 46.617858916449784, "oscillation_cost": 76.677636234555, "completition_cost": 1000.0, "overshoot_cost": 29.03322272623, "power_cost": 16.424676794433594, "noise_cost": 12.980652461595325, "n_waypoints_completed": 0, "tot_waypoints": 9}}
{"target": -908.3613567006887, "params": {"k_pid_pos": [1.996119737625122, 0.9800538420677185, 0.08902376890182495], "k_pid_alt": [1.8282170295715332, 1.0, 0.004917144775390625], "k_pid_att": [99.92169952392578, 0.263031929731369, 0.9408713579177856], "k_pid_yaw": [0.5, 1e-06, 0.1], "k_pid_hsp": [8.582345962524414, 0.9225614666938782, 0.019088149070739746], "k_pid_vsp": [31.54537582397461, 62.571048736572266, 3.5902271270751953]}, "datetime": {"datetime": "2025-08-21 10:25:56", "elapsed": 6073.055341005325, "delta": 25.605648517608643}, "costs": {"total_cost": 908.3613567006887, "time_cost": 150, "final_distance_cost": 43.21084470926584, "oscillation_cost": 62.920120757352876, "completition_cost": 555.5555555555555, "overshoot_cost": 57.88231078598845, "power_cost": 21.082102661132815, "noise_cost": 17.710422231393185, "n_waypoints_completed": 4, "tot_waypoints": 9}}
{"target": -1334.6822236521787, "params": {"k_pid_pos": [1.3124275207519531, 0.9961398243904114, 0.0], "k_pid_alt": [1.9523266553878784, 1.0, 0.0372447669506073], "k_pid_att": [100.0, 0.1225934699177742, 0.9391763210296631], "k_pid_yaw": [0.5, 1e-06, 0.1], "k_pid_hsp": [8.641783714294434, 0.38453787565231323, 0.038656145334243774], "k_pid_vsp": [198.20167541503906, 205.6284637451172, 31.806673049926758]}, "datetime": {"datetime": "2025-08-21 10:26:26", "elapsed": 6102.669196605682, "delta": 29.613855600357056}, "costs": {"total_cost": 1334.6822236521787, "time_cost": 150, "final_distance_cost": 45.390458175919804, "oscillation_cost": 72.47733711814028, "completition_cost": 1000.0, "overshoot_cost": 27.57040374522087, "power_cost": 22.569840600585938, "noise_cost": 16.674184012311766, "n_waypoints_completed": 0, "tot_waypoints": 9}}
{"target": -1405.292122120986, "params": {"k_pid_pos": [9.999999747378752e-05, 0.8670210242271423, 0.0], "k_pid_alt": [1.8226611614227295, 0.9999991655349731, 0.04621386528015137], "k_pid_att": [100.0, 1.5786452293395996, 0.9370883703231812], "k_pid_yaw": [0.5, 1e-06, 0.1], "k_pid_hsp": [9.302396774291992, 0.4825984835624695, 0.18555688858032227], "k_pid_vsp": [18.448209762573242, 288.47174072265625, 19.011045455932617]}, "datetime": {"datetime": "2025-08-21 10:26:50", "elapsed": 6127.403647184372, "delta": 24.734450578689575}, "costs": {"total_cost": 1405.292122120986, "time_cost": 150, "final_distance_cost": 41.097114870058924, "oscillation_cost": 132.54886205525546, "completition_cost": 1000.0, "overshoot_cost": 42.865672830455516, "power_cost": 23.002948864746095, "noise_cost": 15.777523500470384, "n_waypoints_completed": 0, "tot_waypoints": 9}}
{"target": -1281.0758334307486, "params": {"k_pid_pos": [0.00011776129395002499, 0.7204402685165405, 0.9999853372573853], "k_pid_alt": [1.9801427125930786, 1.0, 0.34622716903686523], "k_pid_att": [100.0, 1.7073116302490234, 0.9938046932220459], "k_pid_yaw": [0.5, 1e-06, 0.1], "k_pid_hsp": [8.475777626037598, 0.7538416981697083, 0.06694942712783813], "k_pid_vsp": [69.18804931640625, 390.67889404296875, 7.027126312255859]}, "datetime": {"datetime": "2025-08-21 10:27:21", "elapsed": 6157.505098819733, "delta": 30.101451635360718}, "costs": {"total_cost": 1281.0758334307486, "time_cost": 150, "final_distance_cost": 86.89243211254865, "oscillation_cost": 179.90596129042757, "completition_cost": 777.7777777777778, "overshoot_cost": 48.52774661147977, "power_cost": 22.0220001953125, "noise_cost": 15.949915443202126, "n_waypoints_completed": 2, "tot_waypoints": 9}}
{"target": -1162.4324039739156, "params": {"k_pid_pos": [0.0004921789513900876, 0.9505820274353027, 0.9383800029754639], "k_pid_alt": [1.9781277179718018, 1.0, 0.015196412801742554], "k_pid_att": [100.0, 0.1361602544784546, 0.8146803975105286], "k_pid_yaw": [0.5, 1e-06, 0.1], "k_pid_hsp": [8.411910057067871, 0.8257399201393127, 0.09904128313064575], "k_pid_vsp": [78.75652313232422, 390.7934265136719, 69.14202880859375]}, "datetime": {"datetime": "2025-08-21 10:27:46", "elapsed": 6182.533584833145, "delta": 25.028486013412476}, "costs": {"total_cost": 1162.4324039739156, "time_cost": 150, "final_distance_cost": 51.06062963172927, "oscillation_cost": 186.35139535597128, "completition_cost": 666.6666666666667, "overshoot_cost": 61.0401260659016, "power_cost": 25.68283355712891, "noise_cost": 21.63075269651766, "n_waypoints_completed": 3, "tot_waypoints": 9}}
{"target": -1400.6540036516185, "params": {"k_pid_pos": [0.00017325044609606266, 0.9709165096282959, 0.12304806709289551], "k_pid_alt": [1.8469635248184204, 0.944654643535614, 0.02296072244644165], "k_pid_att": [100.0, 0.4759819805622101, 0.9775867462158203], "k_pid_yaw": [0.5, 1e-06, 0.1], "k_pid_hsp": [9.583765029907227, 0.929970383644104, 0.09728395938873291], "k_pid_vsp": [14.225900650024414, 261.8177490234375, 16.6204833984375]}, "datetime": {"datetime": "2025-08-21 10:28:15", "elapsed": 6212.157014608383, "delta": 29.623429775238037}, "costs": {"total_cost": 1400.6540036516185, "time_cost": 150, "final_distance_cost": 48.607065452442804, "oscillation_cost": 120.38980407043861, "completition_cost": 1000.0, "overshoot_cost": 43.92719843324094, "power_cost": 22.230330273437502, "noise_cost": 15.499605422058918, "n_waypoints_completed": 0, "tot_waypoints": 9}}
{"target": -1189.1680706419572, "params": {"k_pid_pos": [0.00010101322550326586, 0.9759809970855713, 0.14141404628753662], "k_pid_alt": [1.7937276363372803, 1.0, 0.11427062749862671], "k_pid_att": [100.0, 0.5673112273216248, 0.9243379831314087], "k_pid_yaw": [0.5, 1e-06, 0.1], "k_pid_hsp": [9.97214126586914, 0.9643203020095825, 0.0667116641998291], "k_pid_vsp": [174.7901153564453, 66.12061309814453, 9.071982383728027]}, "datetime": {"datetime": "2025-08-21 10:28:41", "elapsed": 6237.681496143341, "delta": 25.524481534957886}, "costs": {"total_cost": 1189.1680706419572, "time_cost": 150, "final_distance_cost": 90.17853317369105, "oscillation_cost": 91.8908926079005, "completition_cost": 777.7777777777778, "overshoot_cost": 45.2764926060985, "power_cost": 18.48484875488281, "noise_cost": 15.559525721606418, "n_waypoints_completed": 2, "tot_waypoints": 9}}
{"target": -1303.1805250515993, "params": {"k_pid_pos": [0.00018290590378455818, 0.7779847979545593, 0.905446469783783], "k_pid_alt": [1.9766409397125244, 1.0, 0.0725991427898407], "k_pid_att": [99.99999237060547, 3.6021971702575684, 0.8490475416183472], "k_pid_yaw": [0.5, 1e-06, 0.1], "k_pid_hsp": [9.637700080871582, 0.8494240045547485, 0.013850420713424683], "k_pid_vsp": [73.395751953125, 376.6506652832031, 114.70404815673828]}, "datetime": {"datetime": "2025-08-21 10:29:11", "elapsed": 6267.777788877487, "delta": 30.096292734146118}, "costs": {"total_cost": 1303.1805250515993, "time_cost": 150, "final_distance_cost": 69.81004786043505, "oscillation_cost": 127.48052617285776, "completition_cost": 888.8888888888888, "overshoot_cost": 29.331663153751293, "power_cost": 21.269523681640624, "noise_cost": 16.399875294025605, "n_waypoints_completed": 1, "tot_waypoints": 9}}
{"target": -1069.5505636829564, "params": {"k_pid_pos": [0.9979320168495178, 0.9845197796821594, 0.921389639377594], "k_pid_alt": [1.9080913066864014, 0.9999914765357971, 0.1301119327545166], "k_pid_att": [99.99999237060547, 0.49085378646850586, 0.9600114822387695], "k_pid_yaw": [0.5, 1e-06, 0.1], "k_pid_hsp": [8.563638687133789, 0.7261602282524109, 0.03198191523551941], "k_pid_vsp": [19.313217163085938, 333.9148864746094, 118.58026885986328]}, "datetime": {"datetime": "2025-08-21 10:29:36", "elapsed": 6293.02214717865, "delta": 25.24435830116272}, "costs": {"total_cost": 1069.5505636829564, "time_cost": 150, "final_distance_cost": 52.38962313962674, "oscillation_cost": 213.98001554697888, "completition_cost": 555.5555555555555, "overshoot_cost": 63.474869283525805, "power_cost": 18.8785203125, "noise_cost": 15.271979844769309, "n_waypoints_completed": 4, "tot_waypoints": 9}}
{"target": -1406.211813100479, "params": {"k_pid_pos": [0.00010005960211856291, 0.9910155534744263, 0.0], "k_pid_alt": [1.950056791305542, 0.4853276312351227, 0.03376629948616028], "k_pid_att": [100.0, 1.064465045928955, 0.7765247225761414], "k_pid_yaw": [0.5, 1e-06, 0.1], "k_pid_hsp": [7.392635822296143, 0.9250234365463257, 0.3121907114982605], "k_pid_vsp": [35.56271743774414, 181.9062042236328, 7.89007043838501]}, "datetime": {"datetime": "2025-08-21 10:30:06", "elapsed": 6322.558840274811, "delta": 29.53669309616089}, "costs": {"total_cost": 1406.211813100479, "time_cost": 150, "final_distance_cost": 45.67020962178303, "oscillation_cost": 123.09430798207224, "completition_cost": 1000.0, "overshoot_cost": 42.55944662676374, "power_cost": 26.39317421875, "noise_cost": 18.494674651110326, "n_waypoints_completed": 0, "tot_waypoints": 9}}
{"target": -309.1191888473058, "params": {"k_pid_pos": [2.0, 0.893298864364624, 0.9865061044692993], "k_pid_alt": [1.9834108352661133, 1.341104507446289e-06, 0.002707242965698242], "k_pid_att": [100.0, 1.89558744430542, 0.976870596408844], "k_pid_yaw": [0.5, 1e-06, 0.1], "k_pid_hsp": [9.440577507019043, 0.9458026885986328, 0.01890900731086731], "k_pid_vsp": [8.398473739624023, 313.0721130371094, 46.472503662109375]}, "datetime": {"datetime": "2025-08-21 10:30:31", "elapsed": 6347.531297922134, "delta": 24.97245764732361}, "costs": {"total_cost": 309.1191888473058, "time_cost": 90.408, "final_distance_cost": 1.8407364403345523, "oscillation_cost": 115.54072267399872, "completition_cost": 0.0, "overshoot_cost": 60.04053083448223, "power_cost": 23.783767236328128, "noise_cost": 17.50543166216217, "n_waypoints_completed": 9, "tot_waypoints": 9}}
