{"target": -1060.416022526059, "params": {"k_pid_pos": [2.0, 0.8681207299232483, 0.9065520763397217], "k_pid_alt": [1.8079898357391357, 1.0, 0.02868562936782837], "k_pid_att": [100.0, 1.0530937910079956, 0.9771845936775208], "k_pid_yaw": [0.5, 1e-06, 0.1], "k_pid_hsp": [9.76568603515625, 0.9797708988189697, 0.010953575372695923], "k_pid_vsp": [7.820677757263184, 363.51641845703125, 5.011595249176025]}, "datetime": {"datetime": "2025-08-21 12:40:40", "elapsed": 14156.833007574081, "delta": 23.09412908554077}, "costs": {"total_cost": 1060.416022526059, "time_cost": 150, "final_distance_cost": 59.933042542810234, "oscillation_cost": 204.79407975728134, "completition_cost": 555.5555555555555, "overshoot_cost": 59.37463751378972, "power_cost": 17.484382873535157, "noise_cost": 13.27432428308669, "n_waypoints_completed": 4, "tot_waypoints": 9}}
{"target": -929.3310527732831, "params": {"k_pid_pos": [2.0, 0.9681723117828369, 5.78463077545166e-05], "k_pid_alt": [1.9727537631988525, 1.0, 0.04751655459403992], "k_pid_att": [99.04476928710938, 0.04915115237236023, 0.962834358215332], "k_pid_yaw": [0.5, 1e-06, 0.1], "k_pid_hsp": [9.634767532348633, 0.906762421131134, 0.013615310192108154], "k_pid_vsp": [13.332260131835938, 376.3923645019531, 6.622613430023193]}, "datetime": {"datetime": "2025-08-21 12:41:03", "elapsed": 14180.145951986313, "delta": 23.312944412231445}, "costs": {"total_cost": 929.3310527732831, "time_cost": 150, "final_distance_cost": 43.14569943061404, "oscillation_cost": 79.68058792219347, "completition_cost": 555.5555555555555, "overshoot_cost": 61.818201722840875, "power_cost": 23.059201293945314, "noise_cost": 16.07180684813384, "n_waypoints_completed": 4, "tot_waypoints": 9}}
{"target": -969.091581012645, "params": {"k_pid_pos": [2.0, 0.9965676665306091, 0.9999876022338867], "k_pid_alt": [1.982714056968689, 0.9206305146217346, 0.010592162609100342], "k_pid_att": [99.99996185302734, 0.30373910069465637, 0.9755905866622925], "k_pid_yaw": [0.5, 1e-06, 0.1], "k_pid_hsp": [9.898175239562988, 0.9763144254684448, 0.027937322854995728], "k_pid_vsp": [16.642379760742188, 393.35968017578125, 8.025957107543945]}, "datetime": {"datetime": "2025-08-21 12:41:27", "elapsed": 14203.464252948761, "delta": 23.31830096244812}, "costs": {"total_cost": 969.091581012645, "time_cost": 150, "final_distance_cost": 71.86464623301158, "oscillation_cost": 215.72038363796247, "completition_cost": 444.4444444444444, "overshoot_cost": 54.053051281920006, "power_cost": 18.595855017089846, "noise_cost": 14.413200398216665, "n_waypoints_completed": 5, "tot_waypoints": 9}}
{"target": -1204.3588160989787, "params": {"k_pid_pos": [1.999998927116394, 0.9795934557914734, 1.0], "k_pid_alt": [1.8121907711029053, 0.004479587078094482, 0.01398572325706482], "k_pid_att": [100.0, 1.1131818294525146, 0.9651566743850708], "k_pid_yaw": [0.5, 1e-06, 0.1], "k_pid_hsp": [9.378355026245117, 0.9835805296897888, 0.021921128034591675], "k_pid_vsp": [14.769268035888672, 392.5058288574219, 8.791829109191895]}, "datetime": {"datetime": "2025-08-21 12:41:50", "elapsed": 14226.837091445923, "delta": 23.372838497161865}, "costs": {"total_cost": 1204.3588160989787, "time_cost": 150, "final_distance_cost": 77.08249481647279, "oscillation_cost": 122.10579144150697, "completition_cost": 777.7777777777778, "overshoot_cost": 41.93911812505137, "power_cost": 20.896865759277343, "noise_cost": 14.556768178892433, "n_waypoints_completed": 2, "tot_waypoints": 9}}
{"target": -1341.2090025013615, "params": {"k_pid_pos": [0.16273708641529083, 0.9927000999450684, 2.9802322387695312e-08], "k_pid_alt": [1.765315294265747, 0.9999996423721313, 0.04427596926689148], "k_pid_att": [100.0, 0.061072856187820435, 0.9965705871582031], "k_pid_yaw": [0.5, 1e-06, 0.1], "k_pid_hsp": [8.959084510803223, 0.9818547964096069, 0.010069072246551514], "k_pid_vsp": [49.719642639160156, 384.5892639160156, 13.37647533416748]}, "datetime": {"datetime": "2025-08-21 12:42:13", "elapsed": 14250.10679936409, "delta": 23.269707918167114}, "costs": {"total_cost": 1341.2090025013615, "time_cost": 150, "final_distance_cost": 7.767376495828124, "oscillation_cost": 69.19442239895245, "completition_cost": 1000.0, "overshoot_cost": 55.04305059690106, "power_cost": 27.933991040039064, "noise_cost": 31.27016196964069, "n_waypoints_completed": 0, "tot_waypoints": 9}}
{"target": -295.03312158361626, "params": {"k_pid_pos": [1.9997029304504395, 0.9879028797149658, 0.9998412132263184], "k_pid_alt": [1.9758377075195312, 1.0, 0.04960894584655762], "k_pid_att": [100.0, 0.07194820791482925, 0.9677019119262695], "k_pid_yaw": [0.5, 1e-06, 0.1], "k_pid_hsp": [9.516135215759277, 0.9163393378257751, 0.011860787868499756], "k_pid_vsp": [12.725687026977539, 395.65869140625, 3.2328615188598633]}, "datetime": {"datetime": "2025-08-21 12:42:33", "elapsed": 14270.41644358635, "delta": 20.30964422225952}, "costs": {"total_cost": 295.03312158361626, "time_cost": 88.072, "final_distance_cost": 1.779094786971462, "oscillation_cost": 114.78780947850356, "completition_cost": 0.0, "overshoot_cost": 56.05540111024196, "power_cost": 20.07413397216797, "noise_cost": 14.264682235731323, "n_waypoints_completed": 9, "tot_waypoints": 9}}
{"target": -951.5075271528862, "params": {"k_pid_pos": [2.0, 0.9894955158233643, 0.9918344020843506], "k_pid_alt": [1.9539085626602173, 1.0, 0.026936441659927368], "k_pid_att": [100.0, 1.7307852506637573, 0.9269117116928101], "k_pid_yaw": [0.5, 1e-06, 0.1], "k_pid_hsp": [8.529126167297363, 0.636664628982544, 0.03701925277709961], "k_pid_vsp": [15.349281311035156, 249.6960906982422, 20.792545318603516]}, "datetime": {"datetime": "2025-08-21 12:42:57", "elapsed": 14293.594312667847, "delta": 23.177869081497192}, "costs": {"total_cost": 951.5075271528862, "time_cost": 150, "final_distance_cost": 52.845271793588154, "oscillation_cost": 216.28240954839515, "completition_cost": 444.4444444444444, "overshoot_cost": 57.491249803900914, "power_cost": 16.874434204101565, "noise_cost": 13.569717358455947, "n_waypoints_completed": 5, "tot_waypoints": 9}}
{"target": -1418.387626831187, "params": {"k_pid_pos": [0.13328862190246582, 0.9748610258102417, 0.08237534761428833], "k_pid_alt": [1.9556891918182373, 1.0, 0.15251106023788452], "k_pid_att": [100.0, 0.03919191285967827, 0.9817090034484863], "k_pid_yaw": [0.5, 1e-06, 0.1], "k_pid_hsp": [9.808687210083008, 0.9378364682197571, 0.15469327569007874], "k_pid_vsp": [36.68680191040039, 280.8982238769531, 4.091609477996826]}, "datetime": {"datetime": "2025-08-21 12:43:20", "elapsed": 14316.924779891968, "delta": 23.330467224121094}, "costs": {"total_cost": 1418.387626831187, "time_cost": 150, "final_distance_cost": 50.769293007650646, "oscillation_cost": 139.52983466680294, "completition_cost": 1000.0, "overshoot_cost": 44.00518310956226, "power_cost": 19.658743579101564, "noise_cost": 14.424572468069632, "n_waypoints_completed": 0, "tot_waypoints": 9}}
{"target": -308.7482903999679, "params": {"k_pid_pos": [2.0, 0.9898326992988586, 0.9999994039535522], "k_pid_alt": [1.9943132400512695, 0.9999997615814209, 0.05881944298744202], "k_pid_att": [100.0, 0.9760829210281372, 0.988601803779602], "k_pid_yaw": [0.5, 1e-06, 0.1], "k_pid_hsp": [9.088057518005371, 0.9625141620635986, 0.025213629007339478], "k_pid_vsp": [90.2287826538086, 393.9645080566406, 43.5657844543457]}, "datetime": {"datetime": "2025-08-21 12:43:41", "elapsed": 14337.864049911499, "delta": 20.93927001953125}, "costs": {"total_cost": 308.7482903999679, "time_cost": 90.68, "final_distance_cost": 1.7750430184508295, "oscillation_cost": 128.99679464316463, "completition_cost": 0.0, "overshoot_cost": 54.176987425836344, "power_cost": 18.001271704101562, "noise_cost": 15.1181936084146, "n_waypoints_completed": 9, "tot_waypoints": 9}}
{"target": -1278.065257753395, "params": {"k_pid_pos": [1.999359130859375, 0.966708779335022, 0.008746057748794556], "k_pid_alt": [1.9900081157684326, 0.9996826648712158, 0.04749605059623718], "k_pid_att": [99.44573974609375, 1.0428298711776733, 0.8706626892089844], "k_pid_yaw": [0.5, 1e-06, 0.1], "k_pid_hsp": [9.9531831741333, 0.9690906405448914, 0.02313932776451111], "k_pid_vsp": [13.74979019165039, 388.9773254394531, 18.043853759765625]}, "datetime": {"datetime": "2025-08-21 12:44:04", "elapsed": 14361.185365200043, "delta": 23.3213152885437}, "costs": {"total_cost": 1278.065257753395, "time_cost": 150, "final_distance_cost": 50.82416282631121, "oscillation_cost": 109.57545214773324, "completition_cost": 888.8888888888888, "overshoot_cost": 48.47722301701954, "power_cost": 17.34955321044922, "noise_cost": 12.949977662992934, "n_waypoints_completed": 1, "tot_waypoints": 9}}
{"target": -585.760123594655, "params": {"k_pid_pos": [2.0, 0.9272558093070984, 0.9997055530548096], "k_pid_alt": [1.7892653942108154, 4.172325134277344e-07, 0.009440898895263672], "k_pid_att": [99.99996948242188, 0.5620353817939758, 0.8869564533233643], "k_pid_yaw": [0.5, 1e-06, 0.1], "k_pid_hsp": [9.411172866821289, 0.9372948408126831, 0.12583371996879578], "k_pid_vsp": [6.9854021072387695, 354.89898681640625, 6.984354019165039]}, "datetime": {"datetime": "2025-08-21 12:44:28", "elapsed": 14384.587826490402, "delta": 23.402461290359497}, "costs": {"total_cost": 585.760123594655, "time_cost": 150, "final_distance_cost": 57.82343165349112, "oscillation_cost": 171.62142999889727, "completition_cost": 111.11111111111116, "overshoot_cost": 58.61721766475879, "power_cost": 21.691229785156253, "noise_cost": 14.895703381240539, "n_waypoints_completed": 8, "tot_waypoints": 9}}
{"target": -693.2690881475486, "params": {"k_pid_pos": [2.0, 0.8555684685707092, 0.6425761580467224], "k_pid_alt": [1.949247121810913, 0.9995995163917542, 0.042033225297927856], "k_pid_att": [100.0, 0.17696994543075562, 0.982210636138916], "k_pid_yaw": [0.5, 1e-06, 0.1], "k_pid_hsp": [9.9169340133667, 0.9605139493942261, 0.05426210165023804], "k_pid_vsp": [7.3303937911987305, 362.662841796875, 1.567638874053955]}, "datetime": {"datetime": "2025-08-21 12:44:51", "elapsed": 14408.15232682228, "delta": 23.564500331878662}, "costs": {"total_cost": 693.2690881475486, "time_cost": 150, "final_distance_cost": 69.62664448441303, "oscillation_cost": 151.21983359277343, "completition_cost": 222.2222222222222, "overshoot_cost": 53.600831233790686, "power_cost": 25.700664868164065, "noise_cost": 20.898891746185225, "n_waypoints_completed": 7, "tot_waypoints": 9}}
{"target": -1348.2730283806484, "params": {"k_pid_pos": [2.0, 0.9845048189163208, 0.0], "k_pid_alt": [1.9649200439453125, 1.0, 0.0837436318397522], "k_pid_att": [100.0, 0.47895294427871704, 0.9904748797416687], "k_pid_yaw": [0.5, 1e-06, 0.1], "k_pid_hsp": [8.579648971557617, 0.9746259450912476, 0.023672878742218018], "k_pid_vsp": [17.72850799560547, 386.1966247558594, 17.449403762817383]}, "datetime": {"datetime": "2025-08-21 12:45:14", "elapsed": 14431.027518033981, "delta": 22.87519121170044}, "costs": {"total_cost": 1348.2730283806484, "time_cost": 150, "final_distance_cost": 40.895146125773564, "oscillation_cost": 86.64901691209894, "completition_cost": 1000.0, "overshoot_cost": 35.74125053221805, "power_cost": 20.63877349853516, "noise_cost": 14.348841312022635, "n_waypoints_completed": 0, "tot_waypoints": 9}}
{"target": -510.40802586674204, "params": {"k_pid_pos": [2.0, 0.9440851211547852, 0.9999226331710815], "k_pid_alt": [1.9863513708114624, 0.9999080896377563, 0.018241971731185913], "k_pid_att": [100.0, 0.13613373041152954, 0.9908366203308105], "k_pid_yaw": [0.5, 1e-06, 0.1], "k_pid_hsp": [9.810595512390137, 0.9858646392822266, 0.004505127668380737], "k_pid_vsp": [14.968061447143555, 390.2821960449219, 9.608722686767578]}, "datetime": {"datetime": "2025-08-21 12:45:38", "elapsed": 14454.614601373672, "delta": 23.587083339691162}, "costs": {"total_cost": 510.40802586674204, "time_cost": 150, "final_distance_cost": 7.807503966106838, "oscillation_cost": 148.3819191722129, "completition_cost": 111.11111111111116, "overshoot_cost": 56.78321478960966, "power_cost": 20.30475798339844, "noise_cost": 16.019518844303104, "n_waypoints_completed": 8, "tot_waypoints": 9}}
{"target": -1178.2142734228905, "params": {"k_pid_pos": [0.645358145236969, 0.9202930927276611, 0.0], "k_pid_alt": [1.9933247566223145, 1.0, 0.010492384433746338], "k_pid_att": [100.0, 0.09047374874353409, 0.9966769814491272], "k_pid_yaw": [0.5, 1e-06, 0.1], "k_pid_hsp": [9.931145668029785, 0.9892514944076538, 0.03010636568069458], "k_pid_vsp": [7.01068639755249, 392.87762451171875, 0.5596290230751038]}, "datetime": {"datetime": "2025-08-21 12:46:01", "elapsed": 14478.106166124344, "delta": 23.491564750671387}, "costs": {"total_cost": 1178.2142734228905, "time_cost": 150, "final_distance_cost": 82.87706227295875, "oscillation_cost": 78.33218650808627, "completition_cost": 777.7777777777778, "overshoot_cost": 47.571594878041594, "power_cost": 24.818462561035158, "noise_cost": 16.83718942499076, "n_waypoints_completed": 2, "tot_waypoints": 9}}
{"target": -561.1256108169268, "params": {"k_pid_pos": [2.0, 0.9502606987953186, 0.999710202217102], "k_pid_alt": [1.9854289293289185, 1.0, 0.13056975603103638], "k_pid_att": [100.0, 0.6252952218055725, 0.9245703816413879], "k_pid_yaw": [0.5, 1e-06, 0.1], "k_pid_hsp": [9.83871841430664, 0.9555975198745728, 0.0484272837638855], "k_pid_vsp": [64.62648010253906, 380.3716735839844, 9.03583812713623]}, "datetime": {"datetime": "2025-08-21 12:46:25", "elapsed": 14501.990906953812, "delta": 23.884740829467773}, "costs": {"total_cost": 561.1256108169268, "time_cost": 150, "final_distance_cost": 5.586117335054366, "oscillation_cost": 202.2049011606461, "completition_cost": 111.11111111111116, "overshoot_cost": 60.524386197733286, "power_cost": 16.965903820800783, "noise_cost": 14.733191191581227, "n_waypoints_completed": 8, "tot_waypoints": 9}}
{"target": -733.6989629754485, "params": {"k_pid_pos": [1.999997615814209, 0.9491844177246094, 0.0036432743072509766], "k_pid_alt": [1.9759511947631836, 0.9910982251167297, 0.39457082748413086], "k_pid_att": [100.0, 0.3979078233242035, 0.9885530471801758], "k_pid_yaw": [0.5, 1e-06, 0.1], "k_pid_hsp": [9.910772323608398, 0.9886783361434937, 0.02017417550086975], "k_pid_vsp": [36.43205261230469, 386.27642822265625, 19.6521053314209]}, "datetime": {"datetime": "2025-08-21 12:46:48", "elapsed": 14525.374011516571, "delta": 23.3831045627594}, "costs": {"total_cost": 733.6989629754485, "time_cost": 150, "final_distance_cost": 72.88246083989102, "oscillation_cost": 90.38313282208973, "completition_cost": 333.33333333333337, "overshoot_cost": 55.867946149014706, "power_cost": 17.061164074707033, "noise_cost": 14.170925756412649, "n_waypoints_completed": 6, "tot_waypoints": 9}}
{"target": -822.6501686608655, "params": {"k_pid_pos": [2.0, 0.9304642677307129, 0.999987781047821], "k_pid_alt": [1.98114013671875, 1.0, 0.005529612302780151], "k_pid_att": [100.0, 0.7389515042304993, 0.9590277671813965], "k_pid_yaw": [0.5, 1e-06, 0.1], "k_pid_hsp": [9.833855628967285, 0.9804500341415405, 0.008000224828720093], "k_pid_vsp": [3.0669808387756348, 373.54559326171875, 10.458243370056152]}, "datetime": {"datetime": "2025-08-21 12:47:11", "elapsed": 14548.424107074738, "delta": 23.050095558166504}, "costs": {"total_cost": 822.6501686608655, "time_cost": 150, "final_distance_cost": 86.49721037346849, "oscillation_cost": 163.75597128829767, "completition_cost": 333.33333333333337, "overshoot_cost": 54.202640674978, "power_cost": 19.80144599609375, "noise_cost": 15.059566994694261, "n_waypoints_completed": 6, "tot_waypoints": 9}}
{"target": -608.1888457711452, "params": {"k_pid_pos": [1.9999998807907104, 0.9356553554534912, 0.99967360496521], "k_pid_alt": [1.953821063041687, 1.0, 0.03738519549369812], "k_pid_att": [100.0, 0.2260991781949997, 0.5682182312011719], "k_pid_yaw": [0.5, 1e-06, 0.1], "k_pid_hsp": [9.881853103637695, 0.972006618976593, 0.005364805459976196], "k_pid_vsp": [3.0774712562561035, 396.1864013671875, 5.784607887268066]}, "datetime": {"datetime": "2025-08-21 12:47:35", "elapsed": 14571.772243022919, "delta": 23.348135948181152}, "costs": {"total_cost": 608.1888457711452, "time_cost": 150, "final_distance_cost": 66.90470267274692, "oscillation_cost": 191.12225983937148, "completition_cost": 111.11111111111116, "overshoot_cost": 54.22370622309083, "power_cost": 20.306600402832032, "noise_cost": 14.520465521992723, "n_waypoints_completed": 8, "tot_waypoints": 9}}
{"target": -799.7554121034881, "params": {"k_pid_pos": [2.0, 0.8994830250740051, 0.998328447341919], "k_pid_alt": [1.9375766515731812, 0.9998536109924316, 0.0025116801261901855], "k_pid_att": [99.99687194824219, 0.2508658468723297, 0.9773451685905457], "k_pid_yaw": [0.5, 1e-06, 0.1], "k_pid_hsp": [9.884845733642578, 0.9659789800643921, 0.011957257986068726], "k_pid_vsp": [13.014626502990723, 398.0478210449219, 7.744897365570068]}, "datetime": {"datetime": "2025-08-21 12:47:58", "elapsed": 14595.100958824158, "delta": 23.328715801239014}, "costs": {"total_cost": 799.7554121034881, "time_cost": 150, "final_distance_cost": 70.38890722656707, "oscillation_cost": 151.01353219587534, "completition_cost": 333.33333333333337, "overshoot_cost": 50.67981791150097, "power_cost": 25.279016430664065, "noise_cost": 19.060805005547163, "n_waypoints_completed": 6, "tot_waypoints": 9}}
{"target": -1313.404929661036, "params": {"k_pid_pos": [1.9999990463256836, 0.9114710688591003, 5.960464477539063e-08], "k_pid_alt": [1.6976778507232666, 0.9999994039535522, 0.06233707070350647], "k_pid_att": [100.0, 0.20310841500759125, 0.9915989637374878], "k_pid_yaw": [0.5, 1e-06, 0.1], "k_pid_hsp": [8.956392288208008, 0.9456534385681152, 0.08061426877975464], "k_pid_vsp": [8.206892013549805, 394.54302978515625, 2.759958267211914]}, "datetime": {"datetime": "2025-08-21 12:48:22", "elapsed": 14618.913879871368, "delta": 23.812921047210693}, "costs": {"total_cost": 1313.404929661036, "time_cost": 150, "final_distance_cost": 62.88594439950006, "oscillation_cost": 128.80153631977234, "completition_cost": 888.8888888888888, "overshoot_cost": 46.01191479017547, "power_cost": 21.73014862060547, "noise_cost": 15.086496642093863, "n_waypoints_completed": 1, "tot_waypoints": 9}}
{"target": -1173.0790147458313, "params": {"k_pid_pos": [0.004437451250851154, 0.9655542373657227, 2.682209014892578e-07], "k_pid_alt": [1.9809808731079102, 0.9963810443878174, 0.03908088803291321], "k_pid_att": [100.0, 0.3234868049621582, 0.9847285151481628], "k_pid_yaw": [0.5, 1e-06, 0.1], "k_pid_hsp": [9.72432804107666, 0.9709374308586121, 0.04059794545173645], "k_pid_vsp": [10.300695419311523, 281.4422607421875, 17.61495018005371]}, "datetime": {"datetime": "2025-08-21 12:48:45", "elapsed": 14642.365272521973, "delta": 23.451392650604248}, "costs": {"total_cost": 1173.0790147458313, "time_cost": 150, "final_distance_cost": 75.47593187291592, "oscillation_cost": 77.00896674757043, "completition_cost": 777.7777777777778, "overshoot_cost": 49.77168968864573, "power_cost": 25.66267205810547, "noise_cost": 17.381976600815946, "n_waypoints_completed": 2, "tot_waypoints": 9}}
{"target": -717.0006124494878, "params": {"k_pid_pos": [2.0, 0.9927481412887573, 0.9893467426300049], "k_pid_alt": [1.9872076511383057, 1.0, 0.046142518520355225], "k_pid_att": [100.0, 0.09354960918426514, 0.9802605509757996], "k_pid_yaw": [0.5, 1e-06, 0.1], "k_pid_hsp": [9.856535911560059, 0.9272153973579407, 0.06803897023200989], "k_pid_vsp": [34.66712188720703, 370.9035949707031, 48.863922119140625]}, "datetime": {"datetime": "2025-08-21 12:49:09", "elapsed": 14665.73369050026, "delta": 23.368417978286743}, "costs": {"total_cost": 717.0006124494878, "time_cost": 150, "final_distance_cost": 62.63085517375895, "oscillation_cost": 185.85307927652272, "completition_cost": 222.2222222222222, "overshoot_cost": 50.34229131153958, "power_cost": 26.19025037841797, "noise_cost": 19.7619140870263, "n_waypoints_completed": 7, "tot_waypoints": 9}}
{"target": -1186.0223658473724, "params": {"k_pid_pos": [1.9998900890350342, 0.9932810068130493, 0.0], "k_pid_alt": [1.8696014881134033, 1.0, 0.1210889220237732], "k_pid_att": [100.0, 0.9573034644126892, 0.9690377712249756], "k_pid_yaw": [0.5, 1e-06, 0.1], "k_pid_hsp": [9.35140323638916, 0.9961209297180176, 0.016109317541122437], "k_pid_vsp": [9.601581573486328, 396.6924133300781, 23.031272888183594]}, "datetime": {"datetime": "2025-08-21 12:49:32", "elapsed": 14689.005961179733, "delta": 23.272270679473877}, "costs": {"total_cost": 1186.0223658473724, "time_cost": 150, "final_distance_cost": 96.24956664272973, "oscillation_cost": 82.60427853211887, "completition_cost": 777.7777777777778, "overshoot_cost": 44.28928726097814, "power_cost": 20.75495487060547, "noise_cost": 14.346500763162362, "n_waypoints_completed": 2, "tot_waypoints": 9}}
{"target": -1369.1625495295946, "params": {"k_pid_pos": [1.9999451637268066, 0.9823810458183289, 0.000590592622756958], "k_pid_alt": [1.9448213577270508, 1.0, 0.004148632287979126], "k_pid_att": [100.0, 0.728233814239502, 0.9476938247680664], "k_pid_yaw": [0.5, 1e-06, 0.1], "k_pid_hsp": [9.813577651977539, 0.9827343821525574, 0.019498854875564575], "k_pid_vsp": [6.2625885009765625, 382.1463623046875, 13.609672546386719]}, "datetime": {"datetime": "2025-08-21 12:49:56", "elapsed": 14713.113583087921, "delta": 24.107621908187866}, "costs": {"total_cost": 1369.1625495295946, "time_cost": 150, "final_distance_cost": 50.2008138905828, "oscillation_cost": 95.37657748006201, "completition_cost": 1000.0, "overshoot_cost": 39.701699699761164, "power_cost": 19.91455772705078, "noise_cost": 13.968900732137842, "n_waypoints_completed": 0, "tot_waypoints": 9}}
