{"target": -1306.052348209766, "params": {"k_pid_pos": [1.9978781938552856, 0.9919648170471191, 0.12715086340904236], "k_pid_alt": [1.8818252086639404, 0.9999973773956299, 0.015304923057556152], "k_pid_att": [100.0, 0.11071736365556717, 0.9663882255554199], "k_pid_yaw": [0.5, 1e-06, 0.1], "k_pid_hsp": [9.788473129272461, 0.9892536401748657, 0.07234996557235718], "k_pid_vsp": [11.663330078125, 386.57098388671875, 21.14274787902832]}, "datetime": {"datetime": "2025-08-21 13:19:36", "elapsed": 16492.793184757233, "delta": 23.22842311859131}, "costs": {"total_cost": 1306.052348209766, "time_cost": 150, "final_distance_cost": 61.401071886919, "oscillation_cost": 126.56591213503216, "completition_cost": 888.8888888888888, "overshoot_cost": 45.94899746894806, "power_cost": 19.275037219238282, "noise_cost": 13.972440610739637, "n_waypoints_completed": 1, "tot_waypoints": 9}}
{"target": -1042.26109316968, "params": {"k_pid_pos": [1.9997050762176514, 0.998170018196106, 0.0], "k_pid_alt": [1.9562926292419434, 1.0, 0.20881354808807373], "k_pid_att": [100.0, 0.09377431869506836, 0.9087097644805908], "k_pid_yaw": [0.5, 1e-06, 0.1], "k_pid_hsp": [9.860747337341309, 0.9990857839584351, 0.023134291172027588], "k_pid_vsp": [18.02574348449707, 380.489013671875, 16.379667282104492]}, "datetime": {"datetime": "2025-08-21 13:19:59", "elapsed": 16516.405530929565, "delta": 23.612346172332764}, "costs": {"total_cost": 1042.26109316968, "time_cost": 150, "final_distance_cost": 55.42513929044632, "oscillation_cost": 84.2038350230614, "completition_cost": 666.6666666666667, "overshoot_cost": 44.82018140969995, "power_cost": 24.475980639648437, "noise_cost": 16.66929014015719, "n_waypoints_completed": 3, "tot_waypoints": 9}}
{"target": -702.0195847428417, "params": {"k_pid_pos": [2.0, 0.9901512861251831, 0.9999997615814209], "k_pid_alt": [1.9781773090362549, 0.9999988675117493, 0.01557934284210205], "k_pid_att": [99.99824523925781, 0.09752490371465683, 0.9343500137329102], "k_pid_yaw": [0.5, 1e-06, 0.1], "k_pid_hsp": [9.653635025024414, 0.9982937574386597, 0.023552924394607544], "k_pid_vsp": [67.7138442993164, 391.9541015625, 2.7649412155151367]}, "datetime": {"datetime": "2025-08-21 13:20:23", "elapsed": 16539.580228567123, "delta": 23.174697637557983}, "costs": {"total_cost": 702.0195847428417, "time_cost": 150, "final_distance_cost": 76.72875344720521, "oscillation_cost": 164.9822625753567, "completition_cost": 222.2222222222222, "overshoot_cost": 50.5511488241147, "power_cost": 20.56613758544922, "noise_cost": 16.969060088493695, "n_waypoints_completed": 7, "tot_waypoints": 9}}
{"target": -381.92405910337976, "params": {"k_pid_pos": [2.0, 0.676094114780426, 0.9937616586685181], "k_pid_alt": [1.9863247871398926, 1.0, 0.0038055777549743652], "k_pid_att": [100.0, 0.12843377888202667, 0.988972544670105], "k_pid_yaw": [0.5, 1e-06, 0.1], "k_pid_hsp": [9.49685287475586, 0.8733212947845459, 0.023414254188537598], "k_pid_vsp": [6.503903865814209, 397.9655456542969, 5.667246341705322]}, "datetime": {"datetime": "2025-08-21 13:20:45", "elapsed": 16561.988615751266, "delta": 22.408387184143066}, "costs": {"total_cost": 381.92405910337976, "time_cost": 99.328, "final_distance_cost": 1.7824454381414319, "oscillation_cost": 180.13119564698533, "completition_cost": 0.0, "overshoot_cost": 61.82449997704038, "power_cost": 21.96122624511719, "noise_cost": 16.896691796095425, "n_waypoints_completed": 9, "tot_waypoints": 9}}
{"target": -1256.6920067441774, "params": {"k_pid_pos": [2.0, 0.9569103121757507, 0.01022326946258545], "k_pid_alt": [1.7012639045715332, 1.0, 0.15152126550674438], "k_pid_att": [6.926259517669678, 0.4767702519893646, 0.9259265661239624], "k_pid_yaw": [0.5, 1e-06, 0.1], "k_pid_hsp": [9.849137306213379, 0.9823368787765503, 0.06007033586502075], "k_pid_vsp": [16.98850440979004, 396.7201232910156, 26.729454040527344]}, "datetime": {"datetime": "2025-08-21 13:21:09", "elapsed": 16585.77769136429, "delta": 23.78907561302185}, "costs": {"total_cost": 1256.6920067441774, "time_cost": 150, "final_distance_cost": 54.3630482896193, "oscillation_cost": 87.70939463476424, "completition_cost": 888.8888888888888, "overshoot_cost": 40.19037421927827, "power_cost": 21.16721540527344, "noise_cost": 14.373085306353339, "n_waypoints_completed": 1, "tot_waypoints": 9}}
{"target": -1352.994123340089, "params": {"k_pid_pos": [1.9996998310089111, 0.9959901571273804, 0.024643152952194214], "k_pid_alt": [1.9879041910171509, 1.0, 0.020039230585098267], "k_pid_att": [100.0, 0.5436663031578064, 0.9795100688934326], "k_pid_yaw": [0.5, 1e-06, 0.1], "k_pid_hsp": [9.847192764282227, 0.9676530957221985, 0.014464884996414185], "k_pid_vsp": [16.977130889892578, 387.4967956542969, 4.500878810882568]}, "datetime": {"datetime": "2025-08-21 13:21:32", "elapsed": 16609.225385427475, "delta": 23.447694063186646}, "costs": {"total_cost": 1352.994123340089, "time_cost": 150, "final_distance_cost": 42.628514397562064, "oscillation_cost": 94.07387514335049, "completition_cost": 1000.0, "overshoot_cost": 33.23610773747629, "power_cost": 19.32615909423828, "noise_cost": 13.729466967461711, "n_waypoints_completed": 0, "tot_waypoints": 9}}
{"target": -266.3633764691709, "params": {"k_pid_pos": [1.9964598417282104, 0.9957649111747742, 0.8275307416915894], "k_pid_alt": [1.8759207725524902, 1.0, 0.027768999338150024], "k_pid_att": [99.9690933227539, 0.19234690070152283, 0.9762306809425354], "k_pid_yaw": [0.5, 1e-06, 0.1], "k_pid_hsp": [9.838821411132812, 0.9300138354301453, 0.0013557374477386475], "k_pid_vsp": [28.764236450195312, 360.3584899902344, 8.791913032531738]}, "datetime": {"datetime": "2025-08-21 13:21:53", "elapsed": 16629.74928212166, "delta": 20.52389669418335}, "costs": {"total_cost": 266.3633764691709, "time_cost": 88.128, "final_distance_cost": 1.7628617067979135, "oscillation_cost": 83.26052984644198, "completition_cost": 0.0, "overshoot_cost": 54.72955195675211, "power_cost": 21.308420251464845, "noise_cost": 17.174012707714017, "n_waypoints_completed": 9, "tot_waypoints": 9}}
{"target": -1120.473890711749, "params": {"k_pid_pos": [1.9174726009368896, 0.9645487666130066, 0.9993304014205933], "k_pid_alt": [1.9818181991577148, 0.9973863363265991, 0.01808425784111023], "k_pid_att": [100.0, 0.5438621044158936, 0.983505129814148], "k_pid_yaw": [0.5, 1e-06, 0.1], "k_pid_hsp": [9.961298942565918, 0.8855348825454712, 0.013930857181549072], "k_pid_vsp": [43.70903778076172, 277.97412109375, 21.599580764770508]}, "datetime": {"datetime": "2025-08-21 13:22:16", "elapsed": 16653.218125343323, "delta": 23.46884322166443}, "costs": {"total_cost": 1120.473890711749, "time_cost": 150, "final_distance_cost": 131.24455979390103, "oscillation_cost": 274.5358917671493, "completition_cost": 444.4444444444444, "overshoot_cost": 87.45449804904553, "power_cost": 17.623359582519534, "noise_cost": 15.171137074689284, "n_waypoints_completed": 5, "tot_waypoints": 9}}
{"target": -1191.0193473218008, "params": {"k_pid_pos": [2.0, 0.9445375800132751, 0.14438354969024658], "k_pid_alt": [1.951090693473816, 1.0, 0.07010489702224731], "k_pid_att": [100.0, 0.06790318340063095, 0.9874768257141113], "k_pid_yaw": [0.5, 1e-06, 0.1], "k_pid_hsp": [9.547259330749512, 0.9473980069160461, 0.020185470581054688], "k_pid_vsp": [6.397151947021484, 353.94293212890625, 22.721651077270508]}, "datetime": {"datetime": "2025-08-21 13:22:39", "elapsed": 16676.356454133987, "delta": 23.138328790664673}, "costs": {"total_cost": 1191.0193473218008, "time_cost": 150, "final_distance_cost": 87.72221962524813, "oscillation_cost": 98.71371562897288, "completition_cost": 777.7777777777778, "overshoot_cost": 42.57398552444179, "power_cost": 20.083447241210937, "noise_cost": 14.148201524149368, "n_waypoints_completed": 2, "tot_waypoints": 9}}
{"target": -1179.5965448623792, "params": {"k_pid_pos": [1.999999761581421, 0.9722679257392883, 0.0], "k_pid_alt": [1.7502272129058838, 1.0, 0.010998249053955078], "k_pid_att": [100.0, 3.1972837448120117, 0.9914501905441284], "k_pid_yaw": [0.5, 1e-06, 0.1], "k_pid_hsp": [9.889887809753418, 0.9858834147453308, 0.02105504274368286], "k_pid_vsp": [3.4037113189697266, 391.49481201171875, 18.53324317932129]}, "datetime": {"datetime": "2025-08-21 13:23:03", "elapsed": 16699.654634475708, "delta": 23.29818034172058}, "costs": {"total_cost": 1179.5965448623792, "time_cost": 150, "final_distance_cost": 86.53661390871153, "oscillation_cost": 71.41526386910685, "completition_cost": 777.7777777777778, "overshoot_cost": 48.6441515918168, "power_cost": 27.08309343261719, "noise_cost": 18.139644282348847, "n_waypoints_completed": 2, "tot_waypoints": 9}}
{"target": -488.1455865564625, "params": {"k_pid_pos": [2.0, 0.9623843431472778, 0.0], "k_pid_alt": [1.9011354446411133, 1.0, 0.2751976549625397], "k_pid_att": [100.0, 1.2327384948730469, 0.9717503786087036], "k_pid_yaw": [0.5, 1e-06, 0.1], "k_pid_hsp": [7.495581150054932, 0.9934537410736084, 0.00251084566116333], "k_pid_vsp": [69.09351348876953, 391.9994812011719, 19.79913902282715]}, "datetime": {"datetime": "2025-08-21 13:23:26", "elapsed": 16723.29505586624, "delta": 23.640421390533447}, "costs": {"total_cost": 488.1455865564625, "time_cost": 150, "final_distance_cost": 66.65535133770287, "oscillation_cost": 72.39161851081234, "completition_cost": 111.11111111111116, "overshoot_cost": 51.17589927793417, "power_cost": 21.358719665527346, "noise_cost": 15.45288665337461, "n_waypoints_completed": 8, "tot_waypoints": 9}}
{"target": -950.6311362059156, "params": {"k_pid_pos": [2.0, 0.9862326383590698, 0.0], "k_pid_alt": [1.7803955078125, 0.9028235077857971, 0.010779201984405518], "k_pid_att": [100.0, 0.14232002198696136, 0.9518296122550964], "k_pid_yaw": [0.5, 1e-06, 0.1], "k_pid_hsp": [9.414042472839355, 0.9156314730644226, 0.01933109760284424], "k_pid_vsp": [4.332876205444336, 398.4347229003906, 21.112337112426758]}, "datetime": {"datetime": "2025-08-21 13:23:50", "elapsed": 16746.572813987732, "delta": 23.27775812149048}, "costs": {"total_cost": 950.6311362059156, "time_cost": 150, "final_distance_cost": 57.2988945326969, "oscillation_cost": 92.79126334283532, "completition_cost": 555.5555555555555, "overshoot_cost": 57.83084043820924, "power_cost": 21.347527465820313, "noise_cost": 15.807054870798149, "n_waypoints_completed": 4, "tot_waypoints": 9}}
{"target": -1366.4634662702285, "params": {"k_pid_pos": [1.9999995231628418, 0.9825606942176819, 0.00011920928955078125], "k_pid_alt": [1.976693868637085, 1.0, 0.09990578889846802], "k_pid_att": [99.99990844726562, 0.16389699280261993, 0.9724835157394409], "k_pid_yaw": [0.5, 1e-06, 0.1], "k_pid_hsp": [9.687960624694824, 0.9862298965454102, 0.04313763976097107], "k_pid_vsp": [40.92789840698242, 396.57177734375, 5.217851161956787]}, "datetime": {"datetime": "2025-08-21 13:24:13", "elapsed": 16770.180649995804, "delta": 23.6078360080719}, "costs": {"total_cost": 1366.4634662702285, "time_cost": 150, "final_distance_cost": 45.97326380942295, "oscillation_cost": 103.22574460651744, "completition_cost": 1000.0, "overshoot_cost": 40.301577307681065, "power_cost": 14.257287536621094, "noise_cost": 12.70559300998594, "n_waypoints_completed": 0, "tot_waypoints": 9}}
{"target": -645.3539376270696, "params": {"k_pid_pos": [2.0, 0.9625161290168762, 1.0], "k_pid_alt": [1.9397077560424805, 1.0, 0.021032661199569702], "k_pid_att": [100.0, 0.08678484708070755, 0.9550486207008362], "k_pid_yaw": [0.5, 1e-06, 0.1], "k_pid_hsp": [9.893699645996094, 0.978865385055542, 0.005234271287918091], "k_pid_vsp": [53.12383270263672, 393.4526672363281, 75.71568298339844]}, "datetime": {"datetime": "2025-08-21 13:24:37", "elapsed": 16793.540694713593, "delta": 23.360044717788696}, "costs": {"total_cost": 645.3539376270696, "time_cost": 150, "final_distance_cost": 65.33659763015922, "oscillation_cost": 113.79812235986128, "completition_cost": 222.2222222222222, "overshoot_cost": 48.48857350954987, "power_cost": 26.033872009277346, "noise_cost": 19.47454989599981, "n_waypoints_completed": 7, "tot_waypoints": 9}}
{"target": -1093.935299467241, "params": {"k_pid_pos": [1.999408483505249, 0.9807186126708984, 7.194280624389648e-05], "k_pid_alt": [1.290109395980835, 1.0, 0.012441933155059814], "k_pid_att": [100.0, 0.1598847508430481, 0.9655407667160034], "k_pid_yaw": [0.5, 1e-06, 0.1], "k_pid_hsp": [9.929910659790039, 0.9255551099777222, 0.06821706891059875], "k_pid_vsp": [28.398395538330078, 347.7892761230469, 13.40551471710205]}, "datetime": {"datetime": "2025-08-21 13:25:00", "elapsed": 16816.824625492096, "delta": 23.283930778503418}, "costs": {"total_cost": 1093.935299467241, "time_cost": 150, "final_distance_cost": 66.15878189763396, "oscillation_cost": 130.68400962847883, "completition_cost": 666.6666666666667, "overshoot_cost": 45.322801886016094, "power_cost": 20.397250732421877, "noise_cost": 14.70578865602344, "n_waypoints_completed": 3, "tot_waypoints": 9}}
{"target": -728.0877844252434, "params": {"k_pid_pos": [1.999999761581421, 0.99320387840271, 0.9997158646583557], "k_pid_alt": [1.809465765953064, 0.9999948143959045, 0.03765815496444702], "k_pid_att": [99.99999237060547, 0.0462070107460022, 0.8625404834747314], "k_pid_yaw": [0.5, 1e-06, 0.1], "k_pid_hsp": [9.333423614501953, 0.9728708267211914, 0.01437327265739441], "k_pid_vsp": [15.160822868347168, 389.6453857421875, 2.678192615509033]}, "datetime": {"datetime": "2025-08-21 13:25:23", "elapsed": 16840.005574464798, "delta": 23.180948972702026}, "costs": {"total_cost": 728.0877844252434, "time_cost": 150, "final_distance_cost": 70.58962380159137, "oscillation_cost": 195.75036089502456, "completition_cost": 222.2222222222222, "overshoot_cost": 52.061351082757426, "power_cost": 21.311252783203127, "noise_cost": 16.152973640444795, "n_waypoints_completed": 7, "tot_waypoints": 9}}
{"target": -1242.5521391122447, "params": {"k_pid_pos": [0.00010005960211856291, 0.9694362282752991, 2.9802322387695312e-08], "k_pid_alt": [1.874100923538208, 0.9999934434890747, 0.061029016971588135], "k_pid_att": [100.0, 0.22023622691631317, 0.9818381071090698], "k_pid_yaw": [0.5, 1e-06, 0.1], "k_pid_hsp": [9.980644226074219, 0.9754744172096252, 0.023827284574508667], "k_pid_vsp": [53.666996002197266, 393.5035095214844, 1.4507064819335938]}, "datetime": {"datetime": "2025-08-21 13:25:46", "elapsed": 16863.240759134293, "delta": 23.23518466949463}, "costs": {"total_cost": 1242.5521391122447, "time_cost": 150, "final_distance_cost": 48.49282356667616, "oscillation_cost": 73.85082187164568, "completition_cost": 888.8888888888888, "overshoot_cost": 41.81900766854199, "power_cost": 22.946167028808595, "noise_cost": 16.554430087683585, "n_waypoints_completed": 1, "tot_waypoints": 9}}
{"target": -1062.3900573450812, "params": {"k_pid_pos": [1.6911303997039795, 0.9142871499061584, 2.682209014892578e-07], "k_pid_alt": [1.9869399070739746, 1.0, 0.02236035466194153], "k_pid_att": [99.99251556396484, 0.34303367137908936, 0.9842057228088379], "k_pid_yaw": [0.5, 1e-06, 0.1], "k_pid_hsp": [9.711455345153809, 0.9874053001403809, 0.04293262958526611], "k_pid_vsp": [29.2203426361084, 392.6169738769531, 8.793450355529785]}, "datetime": {"datetime": "2025-08-21 13:26:11", "elapsed": 16888.02756857872, "delta": 24.78680944442749}, "costs": {"total_cost": 1062.3900573450812, "time_cost": 150, "final_distance_cost": 59.2388778891863, "oscillation_cost": 96.435705106357, "completition_cost": 666.6666666666667, "overshoot_cost": 53.99865067361837, "power_cost": 21.10099704589844, "noise_cost": 14.94915996335459, "n_waypoints_completed": 3, "tot_waypoints": 9}}
{"target": -1044.2299047323518, "params": {"k_pid_pos": [2.0, 0.9830915331840515, 0.0], "k_pid_alt": [1.9599027633666992, 0.9999998211860657, 0.038930803537368774], "k_pid_att": [99.78665161132812, 0.8422876596450806, 0.9669700264930725], "k_pid_yaw": [0.5, 1e-06, 0.1], "k_pid_hsp": [9.62485122680664, 0.9941022396087646, 0.028953462839126587], "k_pid_vsp": [53.714622497558594, 395.8455505371094, 14.633179664611816]}, "datetime": {"datetime": "2025-08-21 13:26:34", "elapsed": 16911.001837015152, "delta": 22.974268436431885}, "costs": {"total_cost": 1044.2299047323518, "time_cost": 150, "final_distance_cost": 54.4714052461321, "oscillation_cost": 81.31539421339971, "completition_cost": 666.6666666666667, "overshoot_cost": 51.41567221589955, "power_cost": 22.854433642578126, "noise_cost": 17.506332747675497, "n_waypoints_completed": 3, "tot_waypoints": 9}}
{"target": -508.4673020409088, "params": {"k_pid_pos": [1.9999511241912842, 0.975112795829773, 0.4010254740715027], "k_pid_alt": [1.9383114576339722, 1.0, 0.06895378232002258], "k_pid_att": [23.73594093322754, 0.131365105509758, 0.8814526796340942], "k_pid_yaw": [0.5, 1e-06, 0.1], "k_pid_hsp": [9.703564643859863, 0.9948009252548218, 0.08554041385650635], "k_pid_vsp": [85.94703674316406, 320.0415954589844, 7.110203266143799]}, "datetime": {"datetime": "2025-08-21 13:26:58", "elapsed": 16935.15944981575, "delta": 24.157612800598145}, "costs": {"total_cost": 508.4673020409088, "time_cost": 150, "final_distance_cost": 66.87868395432834, "oscillation_cost": 86.26182186781413, "completition_cost": 111.11111111111116, "overshoot_cost": 56.69148704119656, "power_cost": 20.299073876953127, "noise_cost": 17.225124189505507, "n_waypoints_completed": 8, "tot_waypoints": 9}}
{"target": -1027.1394284565743, "params": {"k_pid_pos": [0.9444338083267212, 0.9272823929786682, 3.5762786865234375e-07], "k_pid_alt": [1.9241352081298828, 1.0, 0.13072499632835388], "k_pid_att": [100.0, 0.2873527407646179, 0.9523041248321533], "k_pid_yaw": [0.5, 1e-06, 0.1], "k_pid_hsp": [9.913152694702148, 0.7633821964263916, 0.006229698657989502], "k_pid_vsp": [13.528943061828613, 330.23236083984375, 19.507314682006836]}, "datetime": {"datetime": "2025-08-21 13:27:22", "elapsed": 16959.017191171646, "delta": 23.857741355895996}, "costs": {"total_cost": 1027.1394284565743, "time_cost": 150, "final_distance_cost": 51.65353498940525, "oscillation_cost": 78.69595472266539, "completition_cost": 666.6666666666667, "overshoot_cost": 48.64302836996215, "power_cost": 18.1377068359375, "noise_cost": 13.342536871937153, "n_waypoints_completed": 3, "tot_waypoints": 9}}
{"target": -1180.256714420342, "params": {"k_pid_pos": [1.9999994039535522, 0.9728947877883911, 0.0], "k_pid_alt": [1.992234230041504, 1.0, 0.03673860430717468], "k_pid_att": [100.0, 0.12173517793416977, 0.9885496497154236], "k_pid_yaw": [0.5, 1e-06, 0.1], "k_pid_hsp": [9.7584810256958, 0.9499533176422119, 0.015904098749160767], "k_pid_vsp": [2.6161909103393555, 359.0420227050781, 22.179378509521484]}, "datetime": {"datetime": "2025-08-21 13:27:46", "elapsed": 16982.434113025665, "delta": 23.416921854019165}, "costs": {"total_cost": 1180.256714420342, "time_cost": 150, "final_distance_cost": 82.0318799289858, "oscillation_cost": 81.56639358861328, "completition_cost": 777.7777777777778, "overshoot_cost": 52.105892186688635, "power_cost": 21.783853735351563, "noise_cost": 14.990917202924877, "n_waypoints_completed": 2, "tot_waypoints": 9}}
{"target": -982.0156426031837, "params": {"k_pid_pos": [1.9999876022338867, 0.9247033596038818, 0.9398128390312195], "k_pid_alt": [1.816646695137024, 1.0, 0.03134942054748535], "k_pid_att": [100.0, 0.5877857804298401, 0.9946562051773071], "k_pid_yaw": [0.5, 1e-06, 0.1], "k_pid_hsp": [9.884692192077637, 0.950171172618866, 0.007348001003265381], "k_pid_vsp": [3.3869028091430664, 392.773681640625, 7.924033164978027]}, "datetime": {"datetime": "2025-08-21 13:28:09", "elapsed": 17005.764063358307, "delta": 23.3299503326416}, "costs": {"total_cost": 982.0156426031837, "time_cost": 150, "final_distance_cost": 52.100967050011256, "oscillation_cost": 92.9538009279774, "completition_cost": 555.5555555555555, "overshoot_cost": 53.600860580074766, "power_cost": 29.504202990722657, "noise_cost": 48.30025549884187, "n_waypoints_completed": 4, "tot_waypoints": 9}}
{"target": -1230.9552753206165, "params": {"k_pid_pos": [2.0, 0.9887534976005554, 0.0], "k_pid_alt": [1.9976660013198853, 1.0, 0.01685747504234314], "k_pid_att": [100.0, 0.5627294182777405, 0.9794979691505432], "k_pid_yaw": [0.5, 1e-06, 0.1], "k_pid_hsp": [9.50261116027832, 0.9677144289016724, 0.09663364291191101], "k_pid_vsp": [21.201824188232422, 393.4413146972656, 9.976590156555176]}, "datetime": {"datetime": "2025-08-21 13:28:32", "elapsed": 17029.175986766815, "delta": 23.4119234085083}, "costs": {"total_cost": 1230.9552753206165, "time_cost": 150, "final_distance_cost": 90.93393522543938, "oscillation_cost": 133.63979330560147, "completition_cost": 777.7777777777778, "overshoot_cost": 45.39330847198438, "power_cost": 19.128944384765624, "noise_cost": 14.081516155047648, "n_waypoints_completed": 2, "tot_waypoints": 9}}
{"target": -1404.9985171701676, "params": {"k_pid_pos": [0.07111860066652298, 0.987120509147644, 0.6580803394317627], "k_pid_alt": [1.8253026008605957, 1.0, 0.01570567488670349], "k_pid_att": [100.0, 0.4990922510623932, 0.99604332447052], "k_pid_yaw": [0.5, 1e-06, 0.1], "k_pid_hsp": [9.807958602905273, 0.9854457974433899, 0.12353205680847168], "k_pid_vsp": [8.537745475769043, 394.4053649902344, 10.459829330444336]}, "datetime": {"datetime": "2025-08-21 13:28:55", "elapsed": 17052.314151525497, "delta": 23.13816475868225}, "costs": {"total_cost": 1404.9985171701676, "time_cost": 150, "final_distance_cost": 49.74214188339928, "oscillation_cost": 123.40660536823056, "completition_cost": 1000.0, "overshoot_cost": 37.379921977110406, "power_cost": 26.54342322998047, "noise_cost": 17.926424711447076, "n_waypoints_completed": 0, "tot_waypoints": 9}}
