{"target": -1054.6770932776749, "params": {"k_pid_pos": [1.9379463195800781, 0.9929721355438232, 0.9999547004699707], "k_pid_alt": [1.9844858646392822, 1.0, 0.03279399871826172], "k_pid_att": [100.0, 0.07622241973876953, 0.9946913123130798], "k_pid_yaw": [0.5, 1e-06, 0.1], "k_pid_hsp": [9.436671257019043, 0.9895811080932617, 0.16340595483779907], "k_pid_vsp": [4.7289252281188965, 392.5247497558594, 29.28798484802246]}, "datetime": {"datetime": "2025-08-21 13:09:55", "elapsed": 15911.900535345078, "delta": 23.470224857330322}, "costs": {"total_cost": 1054.6770932776749, "time_cost": 150, "final_distance_cost": 51.547362699289934, "oscillation_cost": 209.2920181512526, "completition_cost": 555.5555555555555, "overshoot_cost": 58.45542396774472, "power_cost": 16.350131762695312, "noise_cost": 13.476601141136927, "n_waypoints_completed": 4, "tot_waypoints": 9}}
{"target": -1056.5995854135679, "params": {"k_pid_pos": [2.0, 0.9562075138092041, 0.00020039081573486328], "k_pid_alt": [1.8403234481811523, 0.9999634623527527, 0.007346928119659424], "k_pid_att": [100.0, 0.04086410254240036, 0.9777330160140991], "k_pid_yaw": [0.5, 1e-06, 0.1], "k_pid_hsp": [9.780766487121582, 0.9180128574371338, 0.015239506959915161], "k_pid_vsp": [0.553596019744873, 398.4552001953125, 5.617834091186523]}, "datetime": {"datetime": "2025-08-21 13:10:18", "elapsed": 15934.769670248032, "delta": 22.8691349029541}, "costs": {"total_cost": 1056.5995854135679, "time_cost": 150, "final_distance_cost": 54.526212974121016, "oscillation_cost": 99.9190503048734, "completition_cost": 666.6666666666667, "overshoot_cost": 47.88548603733694, "power_cost": 21.616106933593752, "noise_cost": 15.986062496975988, "n_waypoints_completed": 3, "tot_waypoints": 9}}
{"target": -1206.4953259073254, "params": {"k_pid_pos": [1.999999761581421, 0.9694342613220215, 2.1666288375854492e-05], "k_pid_alt": [1.9674875736236572, 0.9998980760574341, 0.021038800477981567], "k_pid_att": [100.0, 0.12327325344085693, 0.9790208339691162], "k_pid_yaw": [0.5, 1e-06, 0.1], "k_pid_hsp": [9.81120777130127, 0.8536278605461121, 0.0819658637046814], "k_pid_vsp": [6.540381908416748, 321.76611328125, 35.72261428833008]}, "datetime": {"datetime": "2025-08-21 13:10:41", "elapsed": 15957.56336236, "delta": 22.793692111968994}, "costs": {"total_cost": 1206.4953259073254, "time_cost": 150, "final_distance_cost": 71.24579990032356, "oscillation_cost": 91.48870464914724, "completition_cost": 777.7777777777778, "overshoot_cost": 66.48325823123741, "power_cost": 28.15600845947266, "noise_cost": 21.343776889366843, "n_waypoints_completed": 2, "tot_waypoints": 9}}
{"target": -1191.5812701244065, "params": {"k_pid_pos": [1.8916019201278687, 0.9378378391265869, 0.0], "k_pid_alt": [1.9404703378677368, 1.0, 0.03343424201011658], "k_pid_att": [100.0, 0.04848746210336685, 0.9883160591125488], "k_pid_yaw": [0.5, 1e-06, 0.1], "k_pid_hsp": [9.741604804992676, 0.9932860732078552, 0.027373313903808594], "k_pid_vsp": [0.8103251457214355, 323.00592041015625, 7.505799293518066]}, "datetime": {"datetime": "2025-08-21 13:11:04", "elapsed": 15980.540163040161, "delta": 22.976800680160522}, "costs": {"total_cost": 1191.5812701244065, "time_cost": 150, "final_distance_cost": 90.20249957645134, "oscillation_cost": 94.43794858049856, "completition_cost": 777.7777777777778, "overshoot_cost": 44.48438851747128, "power_cost": 20.449583801269533, "noise_cost": 14.229071870938228, "n_waypoints_completed": 2, "tot_waypoints": 9}}
{"target": -681.6212369408995, "params": {"k_pid_pos": [1.9994890689849854, 0.9438278675079346, 0.8698095679283142], "k_pid_alt": [1.9248182773590088, 1.0, 0.05582424998283386], "k_pid_att": [100.0, 0.14015193283557892, 0.9349391460418701], "k_pid_yaw": [0.5, 1e-06, 0.1], "k_pid_hsp": [9.82849407196045, 0.9832332730293274, 0.030571341514587402], "k_pid_vsp": [6.552445888519287, 382.1512145996094, 11.850274085998535]}, "datetime": {"datetime": "2025-08-21 13:11:26", "elapsed": 16003.296105861664, "delta": 22.755942821502686}, "costs": {"total_cost": 681.6212369408995, "time_cost": 150, "final_distance_cost": 71.01210514653056, "oscillation_cost": 146.6113975689577, "completition_cost": 222.2222222222222, "overshoot_cost": 49.98763005867424, "power_cost": 24.02183369140625, "noise_cost": 17.766048253108607, "n_waypoints_completed": 7, "tot_waypoints": 9}}
{"target": -561.754710902729, "params": {"k_pid_pos": [2.0, 0.8748418092727661, 0.9885782599449158], "k_pid_alt": [1.9939775466918945, 1.0, 0.0274791419506073], "k_pid_att": [100.0, 0.385751873254776, 0.9842548370361328], "k_pid_yaw": [0.5, 1e-06, 0.1], "k_pid_hsp": [9.90453815460205, 0.9929271936416626, 0.020535379648208618], "k_pid_vsp": [33.42217254638672, 375.0326232910156, 1.7947325706481934]}, "datetime": {"datetime": "2025-08-21 13:11:49", "elapsed": 16026.12333226204, "delta": 22.827226400375366}, "costs": {"total_cost": 561.754710902729, "time_cost": 150, "final_distance_cost": 41.3001234208236, "oscillation_cost": 164.6246405265591, "completition_cost": 111.11111111111116, "overshoot_cost": 60.368378058892596, "power_cost": 19.12948006591797, "noise_cost": 15.220977719424571, "n_waypoints_completed": 8, "tot_waypoints": 9}}
{"target": -1250.4063903291947, "params": {"k_pid_pos": [0.00012145660002715886, 0.9847105741500854, 0.0001176297664642334], "k_pid_alt": [1.8798234462738037, 1.0, 0.006872445344924927], "k_pid_att": [100.0, 0.36294230818748474, 0.9694269895553589], "k_pid_yaw": [0.5, 1e-06, 0.1], "k_pid_hsp": [9.925932884216309, 0.988827645778656, 0.006139636039733887], "k_pid_vsp": [28.3872127532959, 392.75006103515625, 8.343339920043945]}, "datetime": {"datetime": "2025-08-21 13:12:12", "elapsed": 16049.008838891983, "delta": 22.885506629943848}, "costs": {"total_cost": 1250.4063903291947, "time_cost": 150, "final_distance_cost": 64.51628956015425, "oscillation_cost": 67.18179224983884, "completition_cost": 888.8888888888888, "overshoot_cost": 43.33816929524265, "power_cost": 21.034795263671874, "noise_cost": 15.446455071398402, "n_waypoints_completed": 1, "tot_waypoints": 9}}
{"target": -1258.2534912937183, "params": {"k_pid_pos": [1.999983549118042, 0.9857193231582642, 0.0], "k_pid_alt": [1.8697588443756104, 1.0, 0.17636656761169434], "k_pid_att": [100.0, 0.1432635635137558, 0.9085057973861694], "k_pid_yaw": [0.5, 1e-06, 0.1], "k_pid_hsp": [9.656865119934082, 0.9895838499069214, 0.012806415557861328], "k_pid_vsp": [4.802227020263672, 389.5450134277344, 23.8238468170166]}, "datetime": {"datetime": "2025-08-21 13:12:35", "elapsed": 16072.078554868698, "delta": 23.069715976715088}, "costs": {"total_cost": 1258.2534912937183, "time_cost": 150, "final_distance_cost": 54.547825998444395, "oscillation_cost": 85.98634793235554, "completition_cost": 888.8888888888888, "overshoot_cost": 43.518589771415535, "power_cost": 20.928813110351562, "noise_cost": 14.38302559226252, "n_waypoints_completed": 1, "tot_waypoints": 9}}
{"target": -1046.8295350405065, "params": {"k_pid_pos": [2.0, 0.9345674514770508, 0.005267471075057983], "k_pid_alt": [1.988830804824829, 1.0, 0.02097824215888977], "k_pid_att": [99.99922180175781, 0.4001748859882355, 0.9786344170570374], "k_pid_yaw": [0.5, 1e-06, 0.1], "k_pid_hsp": [9.70080280303955, 0.9015707969665527, 0.012302428483963013], "k_pid_vsp": [24.100696563720703, 368.3600769042969, 12.891377449035645]}, "datetime": {"datetime": "2025-08-21 13:12:58", "elapsed": 16094.802744865417, "delta": 22.72418999671936}, "costs": {"total_cost": 1046.8295350405065, "time_cost": 150, "final_distance_cost": 58.81587336386932, "oscillation_cost": 84.9844615967887, "completition_cost": 666.6666666666667, "overshoot_cost": 49.687915385256304, "power_cost": 21.51334080810547, "noise_cost": 15.161277219819722, "n_waypoints_completed": 3, "tot_waypoints": 9}}
{"target": -1281.25914036835, "params": {"k_pid_pos": [1.8827441930770874, 0.9878445267677307, 0.0002206265926361084], "k_pid_alt": [1.9191921949386597, 1.0, 0.01693558692932129], "k_pid_att": [99.99873352050781, 3.1441431045532227, 0.9793002605438232], "k_pid_yaw": [0.5, 1e-06, 0.1], "k_pid_hsp": [7.6284074783325195, 0.8840484619140625, 0.02684953808784485], "k_pid_vsp": [7.229173183441162, 391.3913269042969, 6.586743354797363]}, "datetime": {"datetime": "2025-08-21 13:13:21", "elapsed": 16118.078884363174, "delta": 23.276139497756958}, "costs": {"total_cost": 1281.25914036835, "time_cost": 150, "final_distance_cost": 68.57909257775879, "oscillation_cost": 102.04675417365712, "completition_cost": 888.8888888888888, "overshoot_cost": 40.8379617930705, "power_cost": 17.826040466308594, "noise_cost": 13.080402468666295, "n_waypoints_completed": 1, "tot_waypoints": 9}}
{"target": -1288.1198191007254, "params": {"k_pid_pos": [2.0, 0.9248418807983398, 1.341104507446289e-06], "k_pid_alt": [1.8802626132965088, 1.0, 0.09230369329452515], "k_pid_att": [100.0, 0.07558495551347733, 0.6946724057197571], "k_pid_yaw": [0.5, 1e-06, 0.1], "k_pid_hsp": [9.839045524597168, 0.9789795875549316, 0.05660566687583923], "k_pid_vsp": [5.834865570068359, 380.5392150878906, 16.755701065063477]}, "datetime": {"datetime": "2025-08-21 13:13:44", "elapsed": 16141.314245462418, "delta": 23.235361099243164}, "costs": {"total_cost": 1288.1198191007254, "time_cost": 150, "final_distance_cost": 63.911964510472714, "oscillation_cost": 86.9963013287385, "completition_cost": 888.8888888888888, "overshoot_cost": 51.90891463187211, "power_cost": 27.892370275878907, "noise_cost": 18.521379464874695, "n_waypoints_completed": 1, "tot_waypoints": 9}}
{"target": -1194.4130446366312, "params": {"k_pid_pos": [1.9999151229858398, 0.8999534845352173, 0.0], "k_pid_alt": [1.9918603897094727, 0.9999999403953552, 0.0035282373428344727], "k_pid_att": [2.941340208053589, 0.22490203380584717, 0.9905998706817627], "k_pid_yaw": [0.5, 1e-06, 0.1], "k_pid_hsp": [9.77427864074707, 0.936043918132782, 0.2100316882133484], "k_pid_vsp": [29.496097564697266, 396.0597839355469, 10.976685523986816]}, "datetime": {"datetime": "2025-08-21 13:14:07", "elapsed": 16164.393927812576, "delta": 23.07968235015869}, "costs": {"total_cost": 1194.4130446366312, "time_cost": 150, "final_distance_cost": 99.2916556480778, "oscillation_cost": 75.36709557613263, "completition_cost": 777.7777777777778, "overshoot_cost": 53.176534235486805, "power_cost": 23.098464611816407, "noise_cost": 15.701516787339969, "n_waypoints_completed": 2, "tot_waypoints": 9}}
{"target": -769.722730489651, "params": {"k_pid_pos": [2.0, 0.9180811643600464, 0.9968159198760986], "k_pid_alt": [1.9534075260162354, 1.0, 0.006465166807174683], "k_pid_att": [39.258880615234375, 0.5670355558395386, 0.9445203542709351], "k_pid_yaw": [0.5, 1e-06, 0.1], "k_pid_hsp": [9.403679847717285, 0.9899907112121582, 0.10820001363754272], "k_pid_vsp": [5.052053928375244, 300.4263610839844, 6.295073986053467]}, "datetime": {"datetime": "2025-08-21 13:14:31", "elapsed": 16187.62840795517, "delta": 23.234480142593384}, "costs": {"total_cost": 769.722730489651, "time_cost": 150, "final_distance_cost": 62.240057625472325, "oscillation_cost": 135.95045553733897, "completition_cost": 333.33333333333337, "overshoot_cost": 52.189994535840846, "power_cost": 20.849549926757813, "noise_cost": 15.159339530907708, "n_waypoints_completed": 6, "tot_waypoints": 9}}
{"target": -1044.3766663055744, "params": {"k_pid_pos": [2.0, 0.9790682792663574, 0.046984702348709106], "k_pid_alt": [1.8175358772277832, 1.0, 0.027060121297836304], "k_pid_att": [100.0, 0.27066361904144287, 0.9871439337730408], "k_pid_yaw": [0.5, 1e-06, 0.1], "k_pid_hsp": [9.791976928710938, 0.9840757250785828, 0.007454365491867065], "k_pid_vsp": [61.123634338378906, 393.87774658203125, 13.066662788391113]}, "datetime": {"datetime": "2025-08-21 13:14:54", "elapsed": 16211.163841247559, "delta": 23.535433292388916}, "costs": {"total_cost": 1044.3766663055744, "time_cost": 150, "final_distance_cost": 60.021234337961886, "oscillation_cost": 67.37749306619389, "completition_cost": 666.6666666666667, "overshoot_cost": 58.072417886234284, "power_cost": 25.0678634765625, "noise_cost": 17.17099087195513, "n_waypoints_completed": 3, "tot_waypoints": 9}}
{"target": -1085.347583063438, "params": {"k_pid_pos": [2.0, 0.9787041544914246, 0.999965488910675], "k_pid_alt": [1.8131343126296997, 1.0, 0.04031142592430115], "k_pid_att": [1.9311696290969849, 1.897975206375122, 0.9693602323532104], "k_pid_yaw": [0.5, 1e-06, 0.1], "k_pid_hsp": [9.668550491333008, 0.9682244062423706, 0.10159054398536682], "k_pid_vsp": [31.938434600830078, 355.0351257324219, 47.25225067138672]}, "datetime": {"datetime": "2025-08-21 13:15:17", "elapsed": 16234.090354204178, "delta": 22.926512956619263}, "costs": {"total_cost": 1085.347583063438, "time_cost": 150, "final_distance_cost": 47.003602353585144, "oscillation_cost": 116.61820529329513, "completition_cost": 666.6666666666667, "overshoot_cost": 62.065642669772195, "power_cost": 25.576354223632812, "noise_cost": 17.417111856485832, "n_waypoints_completed": 3, "tot_waypoints": 9}}
{"target": -725.2487316496254, "params": {"k_pid_pos": [2.0, 0.9880706071853638, 1.0], "k_pid_alt": [1.9452288150787354, 0.8806778788566589, 0.07151386141777039], "k_pid_att": [99.99998474121094, 0.14919982850551605, 0.9870606660842896], "k_pid_yaw": [0.5, 1e-06, 0.1], "k_pid_hsp": [9.728107452392578, 0.9232603907585144, 0.03732210397720337], "k_pid_vsp": [24.551414489746094, 375.9098205566406, 15.258706092834473]}, "datetime": {"datetime": "2025-08-21 13:15:40", "elapsed": 16257.089929819107, "delta": 22.9995756149292}, "costs": {"total_cost": 725.2487316496254, "time_cost": 150, "final_distance_cost": 73.50776264634683, "oscillation_cost": 184.46156050435846, "completition_cost": 222.2222222222222, "overshoot_cost": 51.386339842581776, "power_cost": 24.72010718994141, "noise_cost": 18.950739244174727, "n_waypoints_completed": 7, "tot_waypoints": 9}}
{"target": -1375.8007898334708, "params": {"k_pid_pos": [0.016973409801721573, 0.9771178364753723, 3.069639205932617e-06], "k_pid_alt": [1.9693530797958374, 0.9999995827674866, 0.02346011996269226], "k_pid_att": [100.0, 0.1150335967540741, 0.9789069294929504], "k_pid_yaw": [0.5, 1e-06, 0.1], "k_pid_hsp": [9.018634796142578, 0.6660057306289673, 0.04058617353439331], "k_pid_vsp": [9.171878814697266, 397.8856506347656, 7.77720308303833]}, "datetime": {"datetime": "2025-08-21 13:16:04", "elapsed": 16280.845927000046, "delta": 23.75599718093872}, "costs": {"total_cost": 1375.8007898334708, "time_cost": 150, "final_distance_cost": 47.81286690954312, "oscillation_cost": 76.67169737842704, "completition_cost": 1000.0, "overshoot_cost": 53.9059256538089, "power_cost": 28.461951452636722, "noise_cost": 18.948348439055145, "n_waypoints_completed": 0, "tot_waypoints": 9}}
{"target": -1303.7059395763322, "params": {"k_pid_pos": [2.0, 0.996685266494751, 0.00012826919555664062], "k_pid_alt": [1.9935250282287598, 0.9989465475082397, 0.007765471935272217], "k_pid_att": [99.99999237060547, 0.06597767025232315, 0.9675742387771606], "k_pid_yaw": [0.5, 1e-06, 0.1], "k_pid_hsp": [9.927528381347656, 0.9675973653793335, 0.06872683763504028], "k_pid_vsp": [4.512917995452881, 399.11907958984375, 11.254729270935059]}, "datetime": {"datetime": "2025-08-21 13:16:31", "elapsed": 16308.118339538574, "delta": 27.272412538528442}, "costs": {"total_cost": 1303.7059395763322, "time_cost": 150, "final_distance_cost": 61.39887590663802, "oscillation_cost": 114.7019324088251, "completition_cost": 888.8888888888888, "overshoot_cost": 50.744619781963685, "power_cost": 22.41211395263672, "noise_cost": 15.55950863738016, "n_waypoints_completed": 1, "tot_waypoints": 9}}
{"target": -401.3350377101479, "params": {"k_pid_pos": [2.0, 0.9243230819702148, 0.9991772770881653], "k_pid_alt": [1.9762039184570312, 1.0, 0.04217040538787842], "k_pid_att": [100.0, 0.08484652638435364, 0.9839717149734497], "k_pid_yaw": [0.5, 1e-06, 0.1], "k_pid_hsp": [9.803109169006348, 0.9957541227340698, 0.03850841522216797], "k_pid_vsp": [19.055545806884766, 396.4486999511719, 4.477299213409424]}, "datetime": {"datetime": "2025-08-21 13:16:57", "elapsed": 16333.824932336807, "delta": 25.706592798233032}, "costs": {"total_cost": 401.3350377101479, "time_cost": 97.392, "final_distance_cost": 1.7610849228437506, "oscillation_cost": 213.41248237136924, "completition_cost": 0.0, "overshoot_cost": 57.520245607862826, "power_cost": 17.462092395019532, "noise_cost": 13.787132413052557, "n_waypoints_completed": 9, "tot_waypoints": 9}}
{"target": -861.0761988021286, "params": {"k_pid_pos": [2.0, 0.9048429727554321, 0.9987366199493408], "k_pid_alt": [1.9580421447753906, 1.0, 0.0360105037689209], "k_pid_att": [100.0, 0.22491127252578735, 0.951339602470398], "k_pid_yaw": [0.5, 1e-06, 0.1], "k_pid_hsp": [9.776300430297852, 0.9823938608169556, 0.011313438415527344], "k_pid_vsp": [5.717289447784424, 388.26080322265625, 9.473014831542969]}, "datetime": {"datetime": "2025-08-21 13:17:20", "elapsed": 16357.064647436142, "delta": 23.239715099334717}, "costs": {"total_cost": 861.0761988021286, "time_cost": 150, "final_distance_cost": 67.89859266929146, "oscillation_cost": 213.9405424658419, "completition_cost": 333.33333333333337, "overshoot_cost": 60.55058095372044, "power_cost": 19.738556665039063, "noise_cost": 15.614592714902436, "n_waypoints_completed": 6, "tot_waypoints": 9}}
{"target": -704.7774674558365, "params": {"k_pid_pos": [2.0, 0.9986122846603394, 0.9999294281005859], "k_pid_alt": [1.880906343460083, 1.0, 0.056987464427948], "k_pid_att": [100.0, 0.49016445875167847, 0.9625004529953003], "k_pid_yaw": [0.5, 1e-06, 0.1], "k_pid_hsp": [9.603699684143066, 0.9690756797790527, 0.05894675850868225], "k_pid_vsp": [9.35673713684082, 396.7455139160156, 11.10751724243164]}, "datetime": {"datetime": "2025-08-21 13:17:43", "elapsed": 16380.209685325623, "delta": 23.14503788948059}, "costs": {"total_cost": 704.7774674558365, "time_cost": 150, "final_distance_cost": 71.26470817890397, "oscillation_cost": 166.90004884023173, "completition_cost": 222.2222222222222, "overshoot_cost": 54.14995476770188, "power_cost": 22.896193481445312, "noise_cost": 17.344339965331535, "n_waypoints_completed": 7, "tot_waypoints": 9}}
{"target": -1194.5105100397896, "params": {"k_pid_pos": [2.0, 0.9352638721466064, 0.0], "k_pid_alt": [1.9906162023544312, 1.0, 0.04049402475357056], "k_pid_att": [99.99958038330078, 0.34414437413215637, 0.9382890462875366], "k_pid_yaw": [0.5, 1e-06, 0.1], "k_pid_hsp": [9.672101974487305, 0.9785925149917603, 0.012349963188171387], "k_pid_vsp": [6.880676746368408, 390.69476318359375, 5.4632673263549805]}, "datetime": {"datetime": "2025-08-21 13:18:06", "elapsed": 16403.227100610733, "delta": 23.017415285110474}, "costs": {"total_cost": 1194.5105100397896, "time_cost": 150, "final_distance_cost": 89.41793825779146, "oscillation_cost": 103.99124541923807, "completition_cost": 777.7777777777778, "overshoot_cost": 41.629312986072726, "power_cost": 18.440229638671877, "noise_cost": 13.254005960237683, "n_waypoints_completed": 2, "tot_waypoints": 9}}
{"target": -697.9698040687625, "params": {"k_pid_pos": [1.9968301057815552, 0.9849172830581665, 0.996651828289032], "k_pid_alt": [1.659337043762207, 1.0, 0.025193393230438232], "k_pid_att": [96.63866424560547, 0.03888644278049469, 0.7872183322906494], "k_pid_yaw": [0.5, 1e-06, 0.1], "k_pid_hsp": [9.566092491149902, 0.9111723899841309, 0.03884994983673096], "k_pid_vsp": [20.602153778076172, 393.2751159667969, 3.607285976409912]}, "datetime": {"datetime": "2025-08-21 13:18:29", "elapsed": 16426.170469284058, "delta": 22.943368673324585}, "costs": {"total_cost": 697.9698040687625, "time_cost": 150, "final_distance_cost": 69.79498732363574, "oscillation_cost": 162.54429410824562, "completition_cost": 222.2222222222222, "overshoot_cost": 50.31247021722561, "power_cost": 24.414068713378906, "noise_cost": 18.681761484054544, "n_waypoints_completed": 7, "tot_waypoints": 9}}
{"target": -337.64048717961737, "params": {"k_pid_pos": [1.9994536638259888, 0.9958964586257935, 1.0], "k_pid_alt": [1.89969801902771, 0.03058028221130371, 0.018130332231521606], "k_pid_att": [100.0, 0.21564075350761414, 0.9882909059524536], "k_pid_yaw": [0.5, 1e-06, 0.1], "k_pid_hsp": [9.403005599975586, 0.9865216016769409, 0.023262083530426025], "k_pid_vsp": [6.456327438354492, 399.1842346191406, 9.643996238708496]}, "datetime": {"datetime": "2025-08-21 13:18:49", "elapsed": 16446.413277626038, "delta": 20.24280834197998}, "costs": {"total_cost": 337.64048717961737, "time_cost": 88.256, "final_distance_cost": 1.754521788080109, "oscillation_cost": 153.1106782420508, "completition_cost": 0.0, "overshoot_cost": 59.84395694563088, "power_cost": 20.014335180664062, "noise_cost": 14.660995023191495, "n_waypoints_completed": 9, "tot_waypoints": 9}}
{"target": -1185.38797034247, "params": {"k_pid_pos": [2.0, 0.9337570667266846, 0.2980473041534424], "k_pid_alt": [1.9869288206100464, 0.9999971389770508, 0.009241491556167603], "k_pid_att": [100.0, 1.7757302522659302, 0.9870514869689941], "k_pid_yaw": [0.5, 1e-06, 0.1], "k_pid_hsp": [9.774450302124023, 0.9759949445724487, 0.029653429985046387], "k_pid_vsp": [2.7059316635131836, 370.89239501953125, 149.0611572265625]}, "datetime": {"datetime": "2025-08-21 13:19:13", "elapsed": 16469.56476163864, "delta": 23.15148401260376}, "costs": {"total_cost": 1185.38797034247, "time_cost": 150, "final_distance_cost": 71.28453031509882, "oscillation_cost": 88.37516483408326, "completition_cost": 777.7777777777778, "overshoot_cost": 51.723732409727575, "power_cost": 27.28109149169922, "noise_cost": 18.9456735140835, "n_waypoints_completed": 2, "tot_waypoints": 9}}
