{"target": -713.5187763717732, "params": {"k_pid_pos": [1.9999940395355225, 0.9708341360092163, 0.9486925601959229], "k_pid_alt": [1.9828461408615112, 0.9999998807907104, 0.012255668640136719], "k_pid_att": [100.0, 0.17585624754428864, 0.9899369478225708], "k_pid_yaw": [0.5, 1e-06, 0.1], "k_pid_hsp": [9.803531646728516, 0.9889775514602661, 0.09266304969787598], "k_pid_vsp": [32.554508209228516, 393.573486328125, 3.962982654571533]}, "datetime": {"datetime": "2025-08-21 13:48:44", "elapsed": 18241.1608710289, "delta": 23.012353897094727}, "costs": {"total_cost": 713.5187763717732, "time_cost": 150, "final_distance_cost": 71.52360666349449, "oscillation_cost": 173.16242296004498, "completition_cost": 222.2222222222222, "overshoot_cost": 51.626738880658934, "power_cost": 25.481685192871094, "noise_cost": 19.502100452481585, "n_waypoints_completed": 7, "tot_waypoints": 9}}
{"target": -715.7827114243757, "params": {"k_pid_pos": [2.0, 0.9923338890075684, 0.9555723667144775], "k_pid_alt": [1.9527196884155273, 1.0, 0.11056846380233765], "k_pid_att": [100.0, 0.12268824130296707, 0.9756457209587097], "k_pid_yaw": [0.5, 1e-06, 0.1], "k_pid_hsp": [9.890636444091797, 0.9798773527145386, 0.06602489948272705], "k_pid_vsp": [5.770254135131836, 387.7220153808594, 7.288492679595947]}, "datetime": {"datetime": "2025-08-21 13:49:07", "elapsed": 18264.288691043854, "delta": 23.127820014953613}, "costs": {"total_cost": 715.7827114243757, "time_cost": 150, "final_distance_cost": 71.9033526940554, "oscillation_cost": 180.76380089902815, "completition_cost": 222.2222222222222, "overshoot_cost": 51.70687036223311, "power_cost": 22.49106423339844, "noise_cost": 16.695401013438534, "n_waypoints_completed": 7, "tot_waypoints": 9}}
{"target": -1090.1407301182387, "params": {"k_pid_pos": [2.0, 0.9796009659767151, 2.9802322387695312e-08], "k_pid_alt": [1.9792169332504272, 0.9999995231628418, 0.028925031423568726], "k_pid_att": [100.0, 0.21806158125400543, 0.9809813499450684], "k_pid_yaw": [0.5, 1e-06, 0.1], "k_pid_hsp": [9.705817222595215, 0.9951359033584595, 0.0577692985534668], "k_pid_vsp": [7.109677791595459, 382.677734375, 13.48742389678955]}, "datetime": {"datetime": "2025-08-21 13:49:30", "elapsed": 18287.3900039196, "delta": 23.10131287574768}, "costs": {"total_cost": 1090.1407301182387, "time_cost": 150, "final_distance_cost": 84.19877811859583, "oscillation_cost": 102.77502881427449, "completition_cost": 666.6666666666667, "overshoot_cost": 49.14425897318341, "power_cost": 21.931974060058593, "noise_cost": 15.424023485459559, "n_waypoints_completed": 3, "tot_waypoints": 9}}
{"target": -662.1037836628656, "params": {"k_pid_pos": [1.9999889135360718, 0.9958029985427856, 0.9797953367233276], "k_pid_alt": [1.9949707984924316, 0.9999996423721313, 0.028545111417770386], "k_pid_att": [99.99211883544922, 0.23967579007148743, 0.9771138429641724], "k_pid_yaw": [0.5, 1e-06, 0.1], "k_pid_hsp": [9.89108657836914, 0.9952608346939087, 0.0036427974700927734], "k_pid_vsp": [4.837369918823242, 399.05615234375, 11.818195343017578]}, "datetime": {"datetime": "2025-08-21 13:49:54", "elapsed": 18310.825293064117, "delta": 23.43528914451599}, "costs": {"total_cost": 662.1037836628656, "time_cost": 150, "final_distance_cost": 65.10289994221415, "oscillation_cost": 127.43293771912849, "completition_cost": 222.2222222222222, "overshoot_cost": 56.28050917003166, "power_cost": 24.4969787109375, "noise_cost": 16.568235898331643, "n_waypoints_completed": 7, "tot_waypoints": 9}}
{"target": -1195.0427780036614, "params": {"k_pid_pos": [1.9657154083251953, 0.9939370155334473, 0.0], "k_pid_alt": [1.978914737701416, 0.9999985098838806, 0.014350414276123047], "k_pid_att": [100.0, 0.14341942965984344, 0.9602288007736206], "k_pid_yaw": [0.5, 1e-06, 0.1], "k_pid_hsp": [9.869222640991211, 0.9761998653411865, 0.03877928853034973], "k_pid_vsp": [7.745242118835449, 394.8499755859375, 3.6798248291015625]}, "datetime": {"datetime": "2025-08-21 13:50:17", "elapsed": 18334.0993847847, "delta": 23.274091720581055}, "costs": {"total_cost": 1195.0427780036614, "time_cost": 150, "final_distance_cost": 81.08681898833358, "oscillation_cost": 108.58391869423976, "completition_cost": 777.7777777777778, "overshoot_cost": 43.93934408186493, "power_cost": 19.643373095703126, "noise_cost": 14.011545365742329, "n_waypoints_completed": 2, "tot_waypoints": 9}}
{"target": -1251.1304893584709, "params": {"k_pid_pos": [2.0, 0.9849140644073486, 0.02468910813331604], "k_pid_alt": [1.9467344284057617, 1.0, 0.17978158593177795], "k_pid_att": [100.0, 0.10090147703886032, 0.9363318681716919], "k_pid_yaw": [0.5, 1e-06, 0.1], "k_pid_hsp": [8.832046508789062, 0.9873590469360352, 0.26198461651802063], "k_pid_vsp": [37.42081069946289, 397.62054443359375, 7.100761890411377]}, "datetime": {"datetime": "2025-08-21 13:50:41", "elapsed": 18357.456141471863, "delta": 23.356756687164307}, "costs": {"total_cost": 1251.1304893584709, "time_cost": 150, "final_distance_cost": 83.36713734242234, "oscillation_cost": 151.8412338993136, "completition_cost": 777.7777777777778, "overshoot_cost": 52.184271318761375, "power_cost": 21.036878393554687, "noise_cost": 14.923190626641103, "n_waypoints_completed": 2, "tot_waypoints": 9}}
{"target": -1176.3206363463562, "params": {"k_pid_pos": [2.0, 0.9213563203811646, 0.0], "k_pid_alt": [1.9231197834014893, 0.999999463558197, 0.024913132190704346], "k_pid_att": [99.99952697753906, 0.28105321526527405, 0.9508758187294006], "k_pid_yaw": [0.5, 1e-06, 0.1], "k_pid_hsp": [9.888577461242676, 0.9978514909744263, 0.002859354019165039], "k_pid_vsp": [2.681267261505127, 379.5218811035156, 4.723275661468506]}, "datetime": {"datetime": "2025-08-21 13:51:04", "elapsed": 18380.65712070465, "delta": 23.200979232788086}, "costs": {"total_cost": 1176.3206363463562, "time_cost": 150, "final_distance_cost": 82.49090654440505, "oscillation_cost": 76.65538096735065, "completition_cost": 777.7777777777778, "overshoot_cost": 48.79557167022199, "power_cost": 24.260213891601563, "noise_cost": 16.340785494999132, "n_waypoints_completed": 2, "tot_waypoints": 9}}
{"target": -1328.3788729073647, "params": {"k_pid_pos": [2.0, 0.9885209798812866, 0.0], "k_pid_alt": [1.8686511516571045, 1.0, 0.008060872554779053], "k_pid_att": [100.0, 0.18642285466194153, 0.96860271692276], "k_pid_yaw": [0.5, 1e-06, 0.1], "k_pid_hsp": [9.987521171569824, 0.9683078527450562, 0.019386708736419678], "k_pid_vsp": [108.4645004272461, 396.1369323730469, 15.81175422668457]}, "datetime": {"datetime": "2025-08-21 13:51:28", "elapsed": 18404.655464410782, "delta": 23.99834370613098}, "costs": {"total_cost": 1328.3788729073647, "time_cost": 150, "final_distance_cost": 17.895513375050868, "oscillation_cost": 54.94360270444034, "completition_cost": 1000.0, "overshoot_cost": 48.006137481185924, "power_cost": 28.000601867675783, "noise_cost": 29.533017479011466, "n_waypoints_completed": 0, "tot_waypoints": 9}}
{"target": -1383.34284205376, "params": {"k_pid_pos": [0.5477931499481201, 0.978083610534668, 0.0006442070007324219], "k_pid_alt": [1.987837791442871, 1.0, 0.06836619973182678], "k_pid_att": [100.0, 0.303931325674057, 0.9132615923881531], "k_pid_yaw": [0.5, 1e-06, 0.1], "k_pid_hsp": [8.811382293701172, 0.9796388149261475, 0.06301331520080566], "k_pid_vsp": [15.755295753479004, 398.7275085449219, 24.40183448791504]}, "datetime": {"datetime": "2025-08-21 13:51:51", "elapsed": 18427.661147117615, "delta": 23.005682706832886}, "costs": {"total_cost": 1383.34284205376, "time_cost": 150, "final_distance_cost": 12.900022886463246, "oscillation_cost": 84.16511936799716, "completition_cost": 1000.0, "overshoot_cost": 68.92598108296804, "power_cost": 28.563981848144532, "noise_cost": 38.78773686818711, "n_waypoints_completed": 0, "tot_waypoints": 9}}
{"target": -816.8739630497417, "params": {"k_pid_pos": [1.991793155670166, 0.9893068075180054, 0.9998153448104858], "k_pid_alt": [1.9554200172424316, 1.0, 0.1321965456008911], "k_pid_att": [100.0, 0.24049772322177887, 0.9803372621536255], "k_pid_yaw": [0.5, 1e-06, 0.1], "k_pid_hsp": [8.684181213378906, 0.9567109942436218, 0.045700907707214355], "k_pid_vsp": [3.363204002380371, 395.9702453613281, 8.590246200561523]}, "datetime": {"datetime": "2025-08-21 13:52:14", "elapsed": 18451.370678663254, "delta": 23.709531545639038}, "costs": {"total_cost": 816.8739630497417, "time_cost": 150, "final_distance_cost": 60.329668646313564, "oscillation_cost": 167.00001499675898, "completition_cost": 333.33333333333337, "overshoot_cost": 63.17436500300391, "power_cost": 23.49925563964844, "noise_cost": 19.53732543068343, "n_waypoints_completed": 6, "tot_waypoints": 9}}
{"target": -1077.9782657752248, "params": {"k_pid_pos": [1.9997150897979736, 0.9480384588241577, 0.05108267068862915], "k_pid_alt": [1.8990106582641602, 1.0, 0.03491714596748352], "k_pid_att": [100.0, 0.1464887410402298, 0.9867211580276489], "k_pid_yaw": [0.5, 1e-06, 0.1], "k_pid_hsp": [7.2971649169921875, 0.8941030502319336, 0.1013135313987732], "k_pid_vsp": [29.019927978515625, 364.77728271484375, 7.573355197906494]}, "datetime": {"datetime": "2025-08-21 13:52:38", "elapsed": 18474.699920654297, "delta": 23.32924199104309}, "costs": {"total_cost": 1077.9782657752248, "time_cost": 150, "final_distance_cost": 54.000500939359924, "oscillation_cost": 116.74174344659234, "completition_cost": 666.6666666666667, "overshoot_cost": 52.411095252172736, "power_cost": 21.31425206298828, "noise_cost": 16.844007407444582, "n_waypoints_completed": 3, "tot_waypoints": 9}}
{"target": -926.5388583336575, "params": {"k_pid_pos": [2.0, 0.9948890209197998, 8.046627044677734e-07], "k_pid_alt": [1.9895472526550293, 0.0005173385143280029, 0.07578688859939575], "k_pid_att": [100.0, 0.9855688810348511, 0.9945335388183594], "k_pid_yaw": [0.5, 1e-06, 0.1], "k_pid_hsp": [9.745525360107422, 0.9190351963043213, 0.005440741777420044], "k_pid_vsp": [2.455615997314453, 395.6070861816406, 8.034659385681152]}, "datetime": {"datetime": "2025-08-21 13:53:01", "elapsed": 18497.941826820374, "delta": 23.24190616607666}, "costs": {"total_cost": 926.5388583336575, "time_cost": 150, "final_distance_cost": 47.46960222599374, "oscillation_cost": 80.21517642378424, "completition_cost": 555.5555555555555, "overshoot_cost": 57.70979418490005, "power_cost": 21.222373400878908, "noise_cost": 14.366356542544969, "n_waypoints_completed": 4, "tot_waypoints": 9}}
{"target": -1414.7928607153674, "params": {"k_pid_pos": [0.00025597756030038, 0.9750783443450928, 1.4901161193847656e-06], "k_pid_alt": [1.9521420001983643, 1.0, 0.03903469443321228], "k_pid_att": [100.0, 0.2853974401950836, 0.9832363724708557], "k_pid_yaw": [0.5, 1e-06, 0.1], "k_pid_hsp": [9.51134204864502, 0.9793308973312378, 0.15752816200256348], "k_pid_vsp": [5.964207649230957, 389.9964294433594, 8.50730037689209]}, "datetime": {"datetime": "2025-08-21 13:53:25", "elapsed": 18521.557572841644, "delta": 23.615746021270752}, "costs": {"total_cost": 1414.7928607153674, "time_cost": 150, "final_distance_cost": 43.811469352818925, "oscillation_cost": 131.93168580172127, "completition_cost": 1000.0, "overshoot_cost": 50.170600392096965, "power_cost": 23.176244494628907, "noise_cost": 15.702860674101371, "n_waypoints_completed": 0, "tot_waypoints": 9}}
{"target": -1042.0106872819883, "params": {"k_pid_pos": [1.9996020793914795, 0.8822519183158875, 0.3024577498435974], "k_pid_alt": [1.9302281141281128, 0.9989868402481079, 0.031872063875198364], "k_pid_att": [100.0, 0.48587149381637573, 0.9601314067840576], "k_pid_yaw": [0.5, 1e-06, 0.1], "k_pid_hsp": [9.711833953857422, 0.9757948517799377, 0.0023039281368255615], "k_pid_vsp": [12.206876754760742, 352.8410339355469, 6.480754375457764]}, "datetime": {"datetime": "2025-08-21 13:53:48", "elapsed": 18544.68994617462, "delta": 23.132373332977295}, "costs": {"total_cost": 1042.0106872819883, "time_cost": 150, "final_distance_cost": 54.31510137491416, "oscillation_cost": 82.26413242123803, "completition_cost": 666.6666666666667, "overshoot_cost": 50.980797808986175, "power_cost": 21.33350595703125, "noise_cost": 16.450483053152134, "n_waypoints_completed": 3, "tot_waypoints": 9}}
{"target": -1056.6559098449377, "params": {"k_pid_pos": [2.0, 0.9913290739059448, 0.0], "k_pid_alt": [1.9448481798171997, 0.9995744228363037, 0.04194915294647217], "k_pid_att": [99.9999008178711, 0.05327843502163887, 0.9820458889007568], "k_pid_yaw": [0.5, 1e-06, 0.1], "k_pid_hsp": [9.965255737304688, 0.8699666261672974, 0.007402658462524414], "k_pid_vsp": [5.485415458679199, 395.44964599609375, 7.626403331756592]}, "datetime": {"datetime": "2025-08-21 13:54:11", "elapsed": 18567.74631381035, "delta": 23.05636763572693}, "costs": {"total_cost": 1056.6559098449377, "time_cost": 150, "final_distance_cost": 55.78483936035073, "oscillation_cost": 94.07353916924002, "completition_cost": 666.6666666666667, "overshoot_cost": 57.69643079851699, "power_cost": 18.257630993652345, "noise_cost": 14.17680285651082, "n_waypoints_completed": 3, "tot_waypoints": 9}}
{"target": -1187.1662113928724, "params": {"k_pid_pos": [2.0, 0.9688447713851929, 0.0021738409996032715], "k_pid_alt": [1.9843647480010986, 1.0, 0.11802715063095093], "k_pid_att": [100.0, 0.10360690206289291, 0.9788641333580017], "k_pid_yaw": [0.5, 1e-06, 0.1], "k_pid_hsp": [9.89850902557373, 0.9781358242034912, 0.011890113353729248], "k_pid_vsp": [26.943470001220703, 393.85772705078125, 3.1797776222229004]}, "datetime": {"datetime": "2025-08-21 13:54:35", "elapsed": 18591.48606657982, "delta": 23.739752769470215}, "costs": {"total_cost": 1187.1662113928724, "time_cost": 150, "final_distance_cost": 82.4649168608276, "oscillation_cost": 89.88798913051353, "completition_cost": 777.7777777777778, "overshoot_cost": 53.58224469249065, "power_cost": 19.49623298339844, "noise_cost": 13.957049947864352, "n_waypoints_completed": 2, "tot_waypoints": 9}}
{"target": -1083.3147497433379, "params": {"k_pid_pos": [2.0, 0.9942895174026489, 0.0], "k_pid_alt": [1.960432767868042, 1.0, 0.10870787501335144], "k_pid_att": [100.0, 1.395918369293213, 0.9832549095153809], "k_pid_yaw": [0.5, 1e-06, 0.1], "k_pid_hsp": [8.269885063171387, 0.9509564638137817, 0.09552609920501709], "k_pid_vsp": [1.1005878448486328, 383.4353942871094, 2.2928366661071777]}, "datetime": {"datetime": "2025-08-21 13:54:58", "elapsed": 18615.026416540146, "delta": 23.54034996032715}, "costs": {"total_cost": 1083.3147497433379, "time_cost": 150, "final_distance_cost": 50.2127800349309, "oscillation_cost": 119.51262957019034, "completition_cost": 666.6666666666667, "overshoot_cost": 59.57283877178841, "power_cost": 21.184542224121095, "noise_cost": 16.16529247564039, "n_waypoints_completed": 3, "tot_waypoints": 9}}
{"target": -1049.3998598424014, "params": {"k_pid_pos": [2.0, 0.9017511606216431, 0.0], "k_pid_alt": [1.9700720310211182, 1.0, 0.15346422791481018], "k_pid_att": [98.99803161621094, 1.5540746450424194, 0.9908320903778076], "k_pid_yaw": [0.5, 1e-06, 0.1], "k_pid_hsp": [9.92148494720459, 0.9251055717468262, 0.014587461948394775], "k_pid_vsp": [11.717057228088379, 397.48333740234375, 8.194172859191895]}, "datetime": {"datetime": "2025-08-21 13:55:21", "elapsed": 18638.14089536667, "delta": 23.114478826522827}, "costs": {"total_cost": 1049.3998598424014, "time_cost": 150, "final_distance_cost": 56.08880481968875, "oscillation_cost": 92.64783055926608, "completition_cost": 666.6666666666667, "overshoot_cost": 53.77001029320796, "power_cost": 17.36345495605469, "noise_cost": 12.863092547517114, "n_waypoints_completed": 3, "tot_waypoints": 9}}
{"target": -921.6497253382385, "params": {"k_pid_pos": [2.0, 0.9982298612594604, 0.8618217706680298], "k_pid_alt": [1.782726764678955, 1.0, 0.08704432845115662], "k_pid_att": [19.03783416748047, 1.0342177152633667, 0.9088437557220459], "k_pid_yaw": [0.5, 1e-06, 0.1], "k_pid_hsp": [9.672002792358398, 0.8609046339988708, 0.008134156465530396], "k_pid_vsp": [27.559459686279297, 390.8670349121094, 3.476179599761963]}, "datetime": {"datetime": "2025-08-21 13:55:44", "elapsed": 18661.19858622551, "delta": 23.057690858840942}, "costs": {"total_cost": 921.6497253382385, "time_cost": 150, "final_distance_cost": 53.01841384642437, "oscillation_cost": 79.86730984295627, "completition_cost": 555.5555555555555, "overshoot_cost": 48.75565061800236, "power_cost": 19.44677713623047, "noise_cost": 15.006018339069392, "n_waypoints_completed": 4, "tot_waypoints": 9}}
{"target": -949.3225301178458, "params": {"k_pid_pos": [2.0, 0.9941011667251587, 0.0], "k_pid_alt": [1.9621155261993408, 1.0, 0.010663390159606934], "k_pid_att": [100.0, 1.0370590686798096, 0.925249457359314], "k_pid_yaw": [0.5, 1e-06, 0.1], "k_pid_hsp": [9.674251556396484, 0.9877225160598755, 0.005543619394302368], "k_pid_vsp": [2.887117862701416, 395.6537170410156, 5.434776306152344]}, "datetime": {"datetime": "2025-08-21 13:56:07", "elapsed": 18684.33036518097, "delta": 23.131778955459595}, "costs": {"total_cost": 949.3225301178458, "time_cost": 150, "final_distance_cost": 52.7772315777416, "oscillation_cost": 88.42247993455815, "completition_cost": 555.5555555555555, "overshoot_cost": 68.20079307456153, "power_cost": 19.73572197265625, "noise_cost": 14.630748002772645, "n_waypoints_completed": 4, "tot_waypoints": 9}}
{"target": -1175.0529697553823, "params": {"k_pid_pos": [1.9998881816864014, 0.8458232283592224, 2.3663043975830078e-05], "k_pid_alt": [1.974501132965088, 1.0, 0.02876099944114685], "k_pid_att": [99.99954223632812, 0.6837849617004395, 0.9830316305160522], "k_pid_yaw": [0.5, 1e-06, 0.1], "k_pid_hsp": [9.903413772583008, 0.9969440698623657, 0.0570087730884552], "k_pid_vsp": [35.243106842041016, 384.74737548828125, 111.90261840820312]}, "datetime": {"datetime": "2025-08-21 13:56:31", "elapsed": 18707.87833714485, "delta": 23.547971963882446}, "costs": {"total_cost": 1175.0529697553823, "time_cost": 150, "final_distance_cost": 96.51039530028893, "oscillation_cost": 74.21190204884111, "completition_cost": 777.7777777777778, "overshoot_cost": 34.43112463979133, "power_cost": 24.57341854248047, "noise_cost": 17.548351446202517, "n_waypoints_completed": 2, "tot_waypoints": 9}}
{"target": -1166.4934772526897, "params": {"k_pid_pos": [1.9999995231628418, 0.9388439655303955, 0.03218004107475281], "k_pid_alt": [1.9597584009170532, 1.0, 0.017654597759246826], "k_pid_att": [100.0, 0.452706903219223, 0.9940757751464844], "k_pid_yaw": [0.5, 1e-06, 0.1], "k_pid_hsp": [9.833385467529297, 0.9772158265113831, 0.009484410285949707], "k_pid_vsp": [8.467435836791992, 382.55523681640625, 147.19557189941406]}, "datetime": {"datetime": "2025-08-21 13:56:54", "elapsed": 18731.38049340248, "delta": 23.502156257629395}, "costs": {"total_cost": 1166.4934772526897, "time_cost": 150, "final_distance_cost": 84.00527349390649, "oscillation_cost": 55.24245368090555, "completition_cost": 777.7777777777778, "overshoot_cost": 52.89904803957075, "power_cost": 26.176927551269532, "noise_cost": 20.391996709259438, "n_waypoints_completed": 2, "tot_waypoints": 9}}
{"target": -691.1712526410793, "params": {"k_pid_pos": [1.9999998807907104, 0.9735432863235474, 0.9999843835830688], "k_pid_alt": [1.9864869117736816, 1.0, 0.016734272241592407], "k_pid_att": [25.224733352661133, 0.20664441585540771, 0.9826979637145996], "k_pid_yaw": [0.5, 1e-06, 0.1], "k_pid_hsp": [9.342611312866211, 0.973668098449707, 0.008338212966918945], "k_pid_vsp": [3.6603569984436035, 394.2361755371094, 10.305810928344727]}, "datetime": {"datetime": "2025-08-21 13:57:18", "elapsed": 18754.65185046196, "delta": 23.27135705947876}, "costs": {"total_cost": 691.1712526410793, "time_cost": 150, "final_distance_cost": 64.14213001753608, "oscillation_cost": 164.53275998852732, "completition_cost": 222.2222222222222, "overshoot_cost": 52.13775430353946, "power_cost": 22.361918859863284, "noise_cost": 15.774467249390941, "n_waypoints_completed": 7, "tot_waypoints": 9}}
{"target": -574.645686006973, "params": {"k_pid_pos": [2.0, 0.9709949493408203, 1.0], "k_pid_alt": [1.991227626800537, 1.0, 0.02187684178352356], "k_pid_att": [100.0, 0.07388236373662949, 0.9969826340675354], "k_pid_yaw": [0.5, 1e-06, 0.1], "k_pid_hsp": [9.727906227111816, 0.989403486251831, 0.012742310762405396], "k_pid_vsp": [13.87927532196045, 397.2323303222656, 8.689642906188965]}, "datetime": {"datetime": "2025-08-21 13:57:41", "elapsed": 18778.332708597183, "delta": 23.68085813522339}, "costs": {"total_cost": 574.645686006973, "time_cost": 150, "final_distance_cost": 20.03692264585753, "oscillation_cost": 198.66444916528022, "completition_cost": 111.11111111111116, "overshoot_cost": 56.707213968045146, "power_cost": 21.530642004394533, "noise_cost": 16.59534711228458, "n_waypoints_completed": 8, "tot_waypoints": 9}}
{"target": -1171.3414242881772, "params": {"k_pid_pos": [1.9999998807907104, 0.9939035773277283, 0.0003368556499481201], "k_pid_alt": [1.9576120376586914, 1.0, 0.023117870092391968], "k_pid_att": [99.8612289428711, 0.120025135576725, 0.9441127777099609], "k_pid_yaw": [0.5, 1e-06, 0.1], "k_pid_hsp": [8.914680480957031, 0.9814388751983643, 0.01499861478805542], "k_pid_vsp": [14.594674110412598, 394.59796142578125, 26.41229820251465]}, "datetime": {"datetime": "2025-08-21 13:58:05", "elapsed": 18801.684725522995, "delta": 23.352016925811768}, "costs": {"total_cost": 1171.3414242881772, "time_cost": 150, "final_distance_cost": 82.79189407986232, "oscillation_cost": 71.95522673440014, "completition_cost": 777.7777777777778, "overshoot_cost": 44.776709746852276, "power_cost": 26.270568957519533, "noise_cost": 17.769246991765236, "n_waypoints_completed": 2, "tot_waypoints": 9}}
