{"target": -1338.1368333103612, "params": {"k_pid_pos": [1.9999994039535522, 0.9802165031433105, 0.016662955284118652], "k_pid_alt": [1.9596972465515137, 0.9920977354049683, 0.020574063062667847], "k_pid_att": [100.0, 0.13222607970237732, 0.9895191192626953], "k_pid_yaw": [0.5, 1e-06, 0.1], "k_pid_hsp": [9.905776977539062, 0.989892840385437, 0.12196820974349976], "k_pid_vsp": [46.045780181884766, 392.6333923339844, 6.2809834480285645]}, "datetime": {"datetime": "2025-08-21 15:06:58", "elapsed": 22935.20863509178, "delta": 23.81804132461548}, "costs": {"total_cost": 1338.1368333103612, "time_cost": 150, "final_distance_cost": 70.18148139402795, "oscillation_cost": 151.3634455463654, "completition_cost": 888.8888888888888, "overshoot_cost": 43.48536845717061, "power_cost": 19.791162634277345, "noise_cost": 14.426486389631222, "n_waypoints_completed": 1, "tot_waypoints": 9}}
{"target": -1098.22757243078, "params": {"k_pid_pos": [2.0, 0.9935095310211182, 0.6951748132705688], "k_pid_alt": [1.606058955192566, 0.9999960660934448, 0.06728366017341614], "k_pid_att": [100.0, 0.1674353927373886, 0.9944092035293579], "k_pid_yaw": [0.5, 1e-06, 0.1], "k_pid_hsp": [9.473358154296875, 0.985438346862793, 0.0442143976688385], "k_pid_vsp": [3.4965991973876953, 383.5865478515625, 2.2607216835021973]}, "datetime": {"datetime": "2025-08-21 15:07:22", "elapsed": 22958.64088153839, "delta": 23.432246446609497}, "costs": {"total_cost": 1098.22757243078, "time_cost": 150, "final_distance_cost": 51.6923080299163, "oscillation_cost": 141.35598714479792, "completition_cost": 666.6666666666667, "overshoot_cost": 52.33319785985479, "power_cost": 21.37740789794922, "noise_cost": 14.802004831594708, "n_waypoints_completed": 3, "tot_waypoints": 9}}
{"target": -729.1534256728911, "params": {"k_pid_pos": [2.0, 0.9943861961364746, 0.8278398513793945], "k_pid_alt": [1.9688321352005005, 1.0, 0.015431225299835205], "k_pid_att": [100.0, 0.2585124373435974, 0.9786324501037598], "k_pid_yaw": [0.5, 1e-06, 0.1], "k_pid_hsp": [9.648677825927734, 0.9599450826644897, 0.03345072269439697], "k_pid_vsp": [4.6073198318481445, 373.39154052734375, 6.159115791320801]}, "datetime": {"datetime": "2025-08-21 15:07:45", "elapsed": 22981.748581171036, "delta": 23.107699632644653}, "costs": {"total_cost": 729.1534256728911, "time_cost": 150, "final_distance_cost": 65.46188855985311, "oscillation_cost": 202.42206757037573, "completition_cost": 222.2222222222222, "overshoot_cost": 52.921633992853856, "power_cost": 21.216118090820313, "noise_cost": 14.909495236765938, "n_waypoints_completed": 7, "tot_waypoints": 9}}
{"target": -709.5379439089725, "params": {"k_pid_pos": [2.0, 0.9815645217895508, 0.9998544454574585], "k_pid_alt": [1.9888184070587158, 1.0, 0.02805587649345398], "k_pid_att": [100.0, 0.06203993409872055, 0.9788459539413452], "k_pid_yaw": [0.5, 1e-06, 0.1], "k_pid_hsp": [9.890604019165039, 0.9879920482635498, 0.08335095643997192], "k_pid_vsp": [0.21741390228271484, 349.7762756347656, 10.683262825012207]}, "datetime": {"datetime": "2025-08-21 15:08:08", "elapsed": 23005.024609565735, "delta": 23.276028394699097}, "costs": {"total_cost": 709.5379439089725, "time_cost": 150, "final_distance_cost": 65.7118230470682, "oscillation_cost": 169.92154911292616, "completition_cost": 222.2222222222222, "overshoot_cost": 53.46139880928505, "power_cost": 26.205643652343753, "noise_cost": 22.01530706512725, "n_waypoints_completed": 7, "tot_waypoints": 9}}
{"target": -1140.9792265099886, "params": {"k_pid_pos": [2.0, 0.9881115555763245, 0.9984011054039001], "k_pid_alt": [1.950065016746521, 1.0, 0.011465370655059814], "k_pid_att": [100.0, 1.0606255531311035, 0.9938485026359558], "k_pid_yaw": [0.5, 1e-06, 0.1], "k_pid_hsp": [9.922966957092285, 0.9957237839698792, 0.02943730354309082], "k_pid_vsp": [3.9453625679016113, 388.3073425292969, 16.154088973999023]}, "datetime": {"datetime": "2025-08-21 15:08:31", "elapsed": 23028.076826810837, "delta": 23.05221724510193}, "costs": {"total_cost": 1140.9792265099886, "time_cost": 150, "final_distance_cost": 67.45020844548031, "oscillation_cost": 172.9853560513644, "completition_cost": 666.6666666666667, "overshoot_cost": 49.212310582129376, "power_cost": 20.243918835449218, "noise_cost": 14.420765928898462, "n_waypoints_completed": 3, "tot_waypoints": 9}}
{"target": -1069.3969470707425, "params": {"k_pid_pos": [1.9999998807907104, 0.9923505783081055, 2.9802322387695312e-08], "k_pid_alt": [1.9706830978393555, 1.0, 0.004723936319351196], "k_pid_att": [100.0, 0.07882443070411682, 0.990198016166687], "k_pid_yaw": [0.5, 1e-06, 0.1], "k_pid_hsp": [9.863401412963867, 0.9908122420310974, 0.07398951053619385], "k_pid_vsp": [55.10615158081055, 379.0465393066406, 6.888521671295166]}, "datetime": {"datetime": "2025-08-21 15:08:55", "elapsed": 23051.491990327835, "delta": 23.41516351699829}, "costs": {"total_cost": 1069.3969470707425, "time_cost": 150, "final_distance_cost": 57.05432903260258, "oscillation_cost": 106.22062139966847, "completition_cost": 666.6666666666667, "overshoot_cost": 50.918161864593365, "power_cost": 22.354573388671877, "noise_cost": 16.182594718539235, "n_waypoints_completed": 3, "tot_waypoints": 9}}
{"target": -1320.413920830541, "params": {"k_pid_pos": [2.0, 0.991863489151001, 0.0], "k_pid_alt": [1.6285992860794067, 0.02705669403076172, 0.021710097789764404], "k_pid_att": [100.0, 0.17892585694789886, 0.9982298016548157], "k_pid_yaw": [0.5, 1e-06, 0.1], "k_pid_hsp": [9.137504577636719, 0.9972928762435913, 0.03043338656425476], "k_pid_vsp": [25.585472106933594, 392.099365234375, 38.56986618041992]}, "datetime": {"datetime": "2025-08-21 15:09:18", "elapsed": 23074.945504188538, "delta": 23.453513860702515}, "costs": {"total_cost": 1320.413920830541, "time_cost": 150, "final_distance_cost": 21.68022879932144, "oscillation_cost": 64.98678732401252, "completition_cost": 1000.0, "overshoot_cost": 32.916680299817756, "power_cost": 30.566314062500002, "noise_cost": 20.263910344889435, "n_waypoints_completed": 0, "tot_waypoints": 9}}
{"target": -612.6512307197095, "params": {"k_pid_pos": [2.0, 0.8772558569908142, 0.9999994039535522], "k_pid_alt": [1.9841105937957764, 1.0, 0.015354186296463013], "k_pid_att": [100.0, 0.10330023616552353, 0.9713484644889832], "k_pid_yaw": [0.5, 1e-06, 0.1], "k_pid_hsp": [9.878418922424316, 0.9520527124404907, 0.017962604761123657], "k_pid_vsp": [5.1430583000183105, 392.11236572265625, 8.484543800354004]}, "datetime": {"datetime": "2025-08-21 15:09:42", "elapsed": 23098.46936416626, "delta": 23.523859977722168}, "costs": {"total_cost": 612.6512307197095, "time_cost": 150, "final_distance_cost": 54.415002316926795, "oscillation_cost": 203.1749905447523, "completition_cost": 111.11111111111116, "overshoot_cost": 57.86345460395795, "power_cost": 21.084668298339846, "noise_cost": 15.002003844621443, "n_waypoints_completed": 8, "tot_waypoints": 9}}
{"target": -562.3163974512435, "params": {"k_pid_pos": [1.9999971389770508, 0.9927653074264526, 0.996244490146637], "k_pid_alt": [1.9820730686187744, 1.0, 0.364401638507843], "k_pid_att": [100.0, 0.860616147518158, 0.9904488921165466], "k_pid_yaw": [0.5, 1e-06, 0.1], "k_pid_hsp": [9.925862312316895, 0.9919613599777222, 0.03331032395362854], "k_pid_vsp": [15.830230712890625, 371.99725341796875, 5.016673564910889]}, "datetime": {"datetime": "2025-08-21 15:10:05", "elapsed": 23122.390376091003, "delta": 23.921011924743652}, "costs": {"total_cost": 562.3163974512435, "time_cost": 150, "final_distance_cost": 20.24972737824784, "oscillation_cost": 183.04233643453784, "completition_cost": 111.11111111111116, "overshoot_cost": 61.283896954545014, "power_cost": 21.34177421875, "noise_cost": 15.287551354051605, "n_waypoints_completed": 8, "tot_waypoints": 9}}
{"target": -1010.808146558679, "params": {"k_pid_pos": [2.0, 0.9308355450630188, 0.8401675224304199], "k_pid_alt": [1.983212947845459, 1.0, 0.0017905235290527344], "k_pid_att": [100.0, 0.05052174627780914, 0.9893927574157715], "k_pid_yaw": [0.5, 1e-06, 0.1], "k_pid_hsp": [9.525287628173828, 0.992487907409668, 0.01131904125213623], "k_pid_vsp": [2.3999810218811035, 395.15875244140625, 7.260526180267334]}, "datetime": {"datetime": "2025-08-21 15:10:29", "elapsed": 23145.67717075348, "delta": 23.286794662475586}, "costs": {"total_cost": 1010.808146558679, "time_cost": 150, "final_distance_cost": 48.13532786807483, "oscillation_cost": 172.9444184322564, "completition_cost": 555.5555555555555, "overshoot_cost": 51.84931412690471, "power_cost": 18.130098962402343, "noise_cost": 14.193431613485085, "n_waypoints_completed": 4, "tot_waypoints": 9}}
{"target": -734.0706639219011, "params": {"k_pid_pos": [1.9999973773956299, 0.9957137107849121, 0.9915897250175476], "k_pid_alt": [1.969282865524292, 0.999999463558197, 0.07280716300010681], "k_pid_att": [100.0, 0.003915552981197834, 0.9730013608932495], "k_pid_yaw": [0.5, 1e-06, 0.1], "k_pid_hsp": [9.899825096130371, 0.9989873170852661, 0.02417665719985962], "k_pid_vsp": [12.377548217773438, 394.8420104980469, 3.4791955947875977]}, "datetime": {"datetime": "2025-08-21 15:10:52", "elapsed": 23169.143080234528, "delta": 23.465909481048584}, "costs": {"total_cost": 734.0706639219011, "time_cost": 150, "final_distance_cost": 64.72703865244566, "oscillation_cost": 208.21698106687873, "completition_cost": 222.2222222222222, "overshoot_cost": 50.34672839682255, "power_cost": 21.62873425292969, "noise_cost": 16.92895933060229, "n_waypoints_completed": 7, "tot_waypoints": 9}}
{"target": -924.613968262824, "params": {"k_pid_pos": [1.8415193557739258, 0.8783643245697021, 0.07848170399665833], "k_pid_alt": [1.953620195388794, 0.05187350511550903, 0.00269123911857605], "k_pid_att": [100.0, 0.048434413969516754, 0.9900414347648621], "k_pid_yaw": [0.5, 1e-06, 0.1], "k_pid_hsp": [9.909483909606934, 0.9837514162063599, 0.010257184505462646], "k_pid_vsp": [3.9722323417663574, 351.47265625, 3.5827765464782715]}, "datetime": {"datetime": "2025-08-21 15:11:15", "elapsed": 23192.076593637466, "delta": 22.933513402938843}, "costs": {"total_cost": 924.613968262824, "time_cost": 150, "final_distance_cost": 41.86725798092305, "oscillation_cost": 85.49966836921742, "completition_cost": 555.5555555555555, "overshoot_cost": 48.57631789390236, "power_cost": 25.840027954101565, "noise_cost": 17.275140509124096, "n_waypoints_completed": 4, "tot_waypoints": 9}}
{"target": -354.2372993542397, "params": {"k_pid_pos": [2.0, 0.8959635496139526, 0.9999964833259583], "k_pid_alt": [1.9944920539855957, 1.0, 0.05117151141166687], "k_pid_att": [100.0, 0.11480531096458435, 0.9828764200210571], "k_pid_yaw": [0.5, 1e-06, 0.1], "k_pid_hsp": [9.316132545471191, 0.963035523891449, 0.038349926471710205], "k_pid_vsp": [63.92729187011719, 378.0321960449219, 4.505122661590576]}, "datetime": {"datetime": "2025-08-21 15:11:37", "elapsed": 23214.254180192947, "delta": 22.177586555480957}, "costs": {"total_cost": 354.2372993542397, "time_cost": 95.624, "final_distance_cost": 1.7684242354634823, "oscillation_cost": 166.32946546802205, "completition_cost": 0.0, "overshoot_cost": 54.80226262006188, "power_cost": 19.031840722656252, "noise_cost": 16.681306308036092, "n_waypoints_completed": 9, "tot_waypoints": 9}}
{"target": -1365.0135278028204, "params": {"k_pid_pos": [1.9999418258666992, 0.9917159080505371, 0.0], "k_pid_alt": [1.9083313941955566, 1.0, 0.025125741958618164], "k_pid_att": [100.0, 0.17252914607524872, 0.9879908561706543], "k_pid_yaw": [0.5, 1e-06, 0.1], "k_pid_hsp": [9.673299789428711, 0.9150152206420898, 0.03653112053871155], "k_pid_vsp": [6.822144985198975, 376.8222351074219, 35.281288146972656]}, "datetime": {"datetime": "2025-08-21 15:12:00", "elapsed": 23237.32814359665, "delta": 23.073963403701782}, "costs": {"total_cost": 1365.0135278028204, "time_cost": 150, "final_distance_cost": 43.85905742901715, "oscillation_cost": 98.26924327185904, "completition_cost": 1000.0, "overshoot_cost": 38.38578322642906, "power_cost": 20.03606160888672, "noise_cost": 14.463382266628226, "n_waypoints_completed": 0, "tot_waypoints": 9}}
{"target": -746.4918882322796, "params": {"k_pid_pos": [2.0, 0.9588150382041931, 0.9999991655349731], "k_pid_alt": [1.764918327331543, 1.0, 0.048599421977996826], "k_pid_att": [100.0, 1.7466928958892822, 0.9841291904449463], "k_pid_yaw": [0.5, 1e-06, 0.1], "k_pid_hsp": [9.902905464172363, 0.9401706457138062, 0.1681351363658905], "k_pid_vsp": [23.46988868713379, 393.9299011230469, 39.12427520751953]}, "datetime": {"datetime": "2025-08-21 15:12:24", "elapsed": 23260.461742162704, "delta": 23.133598566055298}, "costs": {"total_cost": 746.4918882322796, "time_cost": 150, "final_distance_cost": 77.64402185292545, "oscillation_cost": 214.88629921188337, "completition_cost": 222.2222222222222, "overshoot_cost": 50.154361974225516, "power_cost": 17.880934838867187, "noise_cost": 13.704048132155862, "n_waypoints_completed": 7, "tot_waypoints": 9}}
{"target": -1195.3091496555908, "params": {"k_pid_pos": [2.0, 0.9639549851417542, 1.1920928955078125e-06], "k_pid_alt": [1.9774274826049805, 0.9999998807907104, 0.018152475357055664], "k_pid_att": [99.99651336669922, 0.39417633414268494, 0.950084924697876], "k_pid_yaw": [0.5, 1e-06, 0.1], "k_pid_hsp": [9.859275817871094, 0.9713886976242065, 0.03380414843559265], "k_pid_vsp": [4.558682441711426, 392.945068359375, 3.102828025817871]}, "datetime": {"datetime": "2025-08-21 15:12:46", "elapsed": 23283.329914569855, "delta": 22.86817240715027}, "costs": {"total_cost": 1195.3091496555908, "time_cost": 150, "final_distance_cost": 93.18745580219148, "oscillation_cost": 97.67949355148482, "completition_cost": 777.7777777777778, "overshoot_cost": 39.70899532017897, "power_cost": 21.955667321777344, "noise_cost": 14.999759882180433, "n_waypoints_completed": 2, "tot_waypoints": 9}}
{"target": -606.8336226586118, "params": {"k_pid_pos": [1.9999983310699463, 0.983776330947876, 0.9961286187171936], "k_pid_alt": [1.9024856090545654, 0.9993149042129517, 0.010028660297393799], "k_pid_att": [100.0, 0.37635233998298645, 0.9778672456741333], "k_pid_yaw": [0.5, 1e-06, 0.1], "k_pid_hsp": [9.711053848266602, 0.987329363822937, 0.00670313835144043], "k_pid_vsp": [10.814666748046875, 376.4736022949219, 3.66188383102417]}, "datetime": {"datetime": "2025-08-21 15:13:10", "elapsed": 23307.310442209244, "delta": 23.980527639389038}, "costs": {"total_cost": 606.8336226586118, "time_cost": 150, "final_distance_cost": 63.189543524180294, "oscillation_cost": 194.5804765731091, "completition_cost": 111.11111111111116, "overshoot_cost": 51.935442029624966, "power_cost": 21.176124548339846, "noise_cost": 14.840924872246456, "n_waypoints_completed": 8, "tot_waypoints": 9}}
{"target": -814.7082487802134, "params": {"k_pid_pos": [2.0, 0.9883172512054443, 0.9772686958312988], "k_pid_alt": [1.976365566253662, 0.9999999403953552, 0.048417747020721436], "k_pid_att": [99.2969970703125, 0.05287759751081467, 0.9960514903068542], "k_pid_yaw": [0.5, 1e-06, 0.1], "k_pid_hsp": [9.968997955322266, 0.9671473503112793, 0.007975220680236816], "k_pid_vsp": [15.273534774780273, 396.5326232910156, 104.5460205078125]}, "datetime": {"datetime": "2025-08-21 15:13:34", "elapsed": 23330.78246665001, "delta": 23.47202444076538}, "costs": {"total_cost": 814.7082487802134, "time_cost": 150, "final_distance_cost": 52.51724352861597, "oscillation_cost": 197.0313349924019, "completition_cost": 333.33333333333337, "overshoot_cost": 47.51850136457604, "power_cost": 18.902601513671875, "noise_cost": 15.40523404761404, "n_waypoints_completed": 6, "tot_waypoints": 9}}
{"target": -919.0211438493826, "params": {"k_pid_pos": [2.0, 0.9876676201820374, 1.0], "k_pid_alt": [1.867551326751709, 1.0, 0.07226428389549255], "k_pid_att": [100.0, 0.0692836120724678, 0.9681110382080078], "k_pid_yaw": [0.5, 1e-06, 0.1], "k_pid_hsp": [9.90954875946045, 0.9935317039489746, 0.0039303600788116455], "k_pid_vsp": [5.173814296722412, 396.5458984375, 4.801071643829346]}, "datetime": {"datetime": "2025-08-21 15:13:57", "elapsed": 23354.34727525711, "delta": 23.56480860710144}, "costs": {"total_cost": 919.0211438493826, "time_cost": 150, "final_distance_cost": 56.58702401167331, "oscillation_cost": 185.06927135333152, "completition_cost": 444.4444444444444, "overshoot_cost": 51.009375674169924, "power_cost": 18.324292810058594, "noise_cost": 13.586735555704903, "n_waypoints_completed": 5, "tot_waypoints": 9}}
{"target": -663.3189629528626, "params": {"k_pid_pos": [2.0, 0.997379720211029, 0.9999994039535522], "k_pid_alt": [1.9605400562286377, 2.130866050720215e-05, 0.0036517679691314697], "k_pid_att": [100.0, 0.5511859059333801, 0.9849122762680054], "k_pid_yaw": [0.5, 1e-06, 0.1], "k_pid_hsp": [9.813177108764648, 0.9885064363479614, 0.011420369148254395], "k_pid_vsp": [9.408580780029297, 387.25531005859375, 3.1752357482910156]}, "datetime": {"datetime": "2025-08-21 15:14:20", "elapsed": 23377.356327295303, "delta": 23.00905203819275}, "costs": {"total_cost": 663.3189629528626, "time_cost": 150, "final_distance_cost": 61.780307985281496, "oscillation_cost": 126.53782137928778, "completition_cost": 222.2222222222222, "overshoot_cost": 56.905563868482496, "power_cost": 26.49572136230469, "noise_cost": 19.37732613528398, "n_waypoints_completed": 7, "tot_waypoints": 9}}
{"target": -1195.4674892996188, "params": {"k_pid_pos": [2.0, 0.9964815378189087, 0.0], "k_pid_alt": [1.9796016216278076, 1.0, 0.14032718539237976], "k_pid_att": [100.0, 0.12480954825878143, 0.9977595806121826], "k_pid_yaw": [0.5, 1e-06, 0.1], "k_pid_hsp": [9.377640724182129, 0.9951421022415161, 0.0385512113571167], "k_pid_vsp": [8.746719360351562, 362.2200622558594, 0.5072484612464905]}, "datetime": {"datetime": "2025-08-21 15:14:44", "elapsed": 23401.101679563522, "delta": 23.745352268218994}, "costs": {"total_cost": 1195.4674892996188, "time_cost": 150, "final_distance_cost": 75.77579779933328, "oscillation_cost": 114.35592289127318, "completition_cost": 777.7777777777778, "overshoot_cost": 46.83189283267415, "power_cost": 17.66983175048828, "noise_cost": 13.056266248072008, "n_waypoints_completed": 2, "tot_waypoints": 9}}
{"target": -1185.4293532783747, "params": {"k_pid_pos": [2.0, 0.9902786016464233, 6.580352783203125e-05], "k_pid_alt": [1.9929863214492798, 1.0, 0.025990456342697144], "k_pid_att": [100.0, 0.622237503528595, 0.9891533851623535], "k_pid_yaw": [0.5, 1e-06, 0.1], "k_pid_hsp": [9.91628646850586, 0.9832554459571838, 0.016526520252227783], "k_pid_vsp": [9.170234680175781, 392.2127380371094, 22.797395706176758]}, "datetime": {"datetime": "2025-08-21 15:15:07", "elapsed": 23424.31049633026, "delta": 23.20881676673889}, "costs": {"total_cost": 1185.4293532783747, "time_cost": 150, "final_distance_cost": 87.81538801812218, "oscillation_cost": 85.93077199575636, "completition_cost": 777.7777777777778, "overshoot_cost": 44.57470560624477, "power_cost": 23.407343969726565, "noise_cost": 15.923365910746876, "n_waypoints_completed": 2, "tot_waypoints": 9}}
{"target": -1300.5572161987411, "params": {"k_pid_pos": [2.0, 0.9852483868598938, 2.9802322387695312e-08], "k_pid_alt": [1.983266830444336, 1.0, 0.03995057940483093], "k_pid_att": [100.0, 0.01991208642721176, 0.936760425567627], "k_pid_yaw": [0.5, 1e-06, 0.1], "k_pid_hsp": [9.714543342590332, 0.8711331486701965, 0.11528700590133667], "k_pid_vsp": [4.651796817779541, 391.0993957519531, 15.977633476257324]}, "datetime": {"datetime": "2025-08-21 15:15:31", "elapsed": 23448.196218967438, "delta": 23.885722637176514}, "costs": {"total_cost": 1300.5572161987411, "time_cost": 150, "final_distance_cost": 69.10973826639034, "oscillation_cost": 111.90085765583595, "completition_cost": 888.8888888888888, "overshoot_cost": 40.6097413301401, "power_cost": 23.80246774902344, "noise_cost": 16.24552230846225, "n_waypoints_completed": 1, "tot_waypoints": 9}}
{"target": -331.1594887899201, "params": {"k_pid_pos": [2.0, 0.9533399343490601, 0.688735842704773], "k_pid_alt": [1.9874181747436523, 1.0, 0.02768087387084961], "k_pid_att": [100.0, 1.5352469682693481, 0.9669959545135498], "k_pid_yaw": [0.5, 1e-06, 0.1], "k_pid_hsp": [9.617166519165039, 0.978607177734375, 0.010900765657424927], "k_pid_vsp": [22.58216094970703, 392.30517578125, 14.55435848236084]}, "datetime": {"datetime": "2025-08-21 15:15:54", "elapsed": 23470.92792367935, "delta": 22.731704711914062}, "costs": {"total_cost": 331.1594887899201, "time_cost": 97.912, "final_distance_cost": 1.742553190843729, "oscillation_cost": 134.2491842188248, "completition_cost": 0.0, "overshoot_cost": 57.896563699754786, "power_cost": 21.752053125, "noise_cost": 17.607134555496774, "n_waypoints_completed": 9, "tot_waypoints": 9}}
{"target": -1195.915534095909, "params": {"k_pid_pos": [2.0, 0.9962021708488464, 7.808208465576172e-06], "k_pid_alt": [1.9336594343185425, 1.0, 0.009700685739517212], "k_pid_att": [100.0, 0.07381590455770493, 0.8611090779304504], "k_pid_yaw": [0.5, 1e-06, 0.1], "k_pid_hsp": [9.795166969299316, 0.9794692397117615, 0.029786348342895508], "k_pid_vsp": [23.964763641357422, 369.8316955566406, 38.11502456665039]}, "datetime": {"datetime": "2025-08-21 15:16:18", "elapsed": 23494.524510860443, "delta": 23.59658718109131}, "costs": {"total_cost": 1195.915534095909, "time_cost": 150, "final_distance_cost": 92.86493390886804, "oscillation_cost": 104.6256698033447, "completition_cost": 777.7777777777778, "overshoot_cost": 36.345635095181464, "power_cost": 20.080628857421875, "noise_cost": 14.22088865331478, "n_waypoints_completed": 2, "tot_waypoints": 9}}
