{"target": -387.1853020483788, "params": {"k_pid_pos": [1.9192991256713867, 0.24167147278785706, 0.997408390045166], "k_pid_alt": [1.692399024963379, 3.5762786865234375e-07, 0.025716274976730347], "k_pid_att": [99.99880981445312, 2.870734214782715, 0.8121276497840881], "k_pid_yaw": [0.5, 1e-06, 0.1], "k_pid_hsp": [3.579669237136841, 0.646712064743042, 0.8231726884841919], "k_pid_vsp": [142.18081665039062, 218.8046875, 98.1698989868164]}, "datetime": {"datetime": "2025-08-21 09:55:39", "elapsed": 4255.577886343002, "delta": 22.213059186935425}, "costs": {"total_cost": 387.1853020483788, "time_cost": 87.408, "final_distance_cost": 1.7630727712481602, "oscillation_cost": 216.55840425320332, "completition_cost": 0.0, "overshoot_cost": 52.31013426249401, "power_cost": 16.29499343261719, "noise_cost": 12.850697328816139, "n_waypoints_completed": 9, "tot_waypoints": 9}}
{"target": -1638.6064619834813, "params": {"k_pid_pos": [0.00012854918895754963, 0.10236948728561401, 0.9761162400245667], "k_pid_alt": [1.6403803825378418, 0.09869310259819031, 0.07233911752700806], "k_pid_att": [85.88059997558594, 4.9618000984191895, 0.9915836453437805], "k_pid_yaw": [0.5, 1e-06, 0.1], "k_pid_hsp": [8.572196960449219, 0.46624991297721863, 0.1434769630432129], "k_pid_vsp": [84.1973648071289, 231.55438232421875, 50.99639892578125]}, "datetime": {"datetime": "2025-08-21 09:56:09", "elapsed": 4285.545467615128, "delta": 29.967581272125244}, "costs": {"total_cost": 1638.6064619834813, "time_cost": 150, "final_distance_cost": 52.486064198411015, "oscillation_cost": 413.6094459392268, "completition_cost": 888.8888888888888, "overshoot_cost": 86.89489047337891, "power_cost": 27.514892895507813, "noise_cost": 19.212279588068064, "n_waypoints_completed": 1, "tot_waypoints": 9}}
{"target": -390.11526134525093, "params": {"k_pid_pos": [0.7417330741882324, 0.6271886229515076, 0.00023919343948364258], "k_pid_alt": [1.8798272609710693, 2.0265579223632812e-06, 0.04338672757148743], "k_pid_att": [99.91820526123047, 1.824337363243103, 0.6685733795166016], "k_pid_yaw": [0.5, 1e-06, 0.1], "k_pid_hsp": [9.035048484802246, 0.865472674369812, 0.3768008351325989], "k_pid_vsp": [73.90890502929688, 174.98159790039062, 71.31631469726562]}, "datetime": {"datetime": "2025-08-21 09:56:34", "elapsed": 4311.180821657181, "delta": 25.635354042053223}, "costs": {"total_cost": 390.11526134525093, "time_cost": 95.592, "final_distance_cost": 1.7631879394826664, "oscillation_cost": 194.12035913419905, "completition_cost": 0.0, "overshoot_cost": 55.221620302708324, "power_cost": 24.98118619384766, "noise_cost": 18.43690777501324, "n_waypoints_completed": 9, "tot_waypoints": 9}}
{"target": -1058.7714260679095, "params": {"k_pid_pos": [2.0, 0.6604440212249756, 0.9999999403953552], "k_pid_alt": [1.648398995399475, 1.0, 0.05546027421951294], "k_pid_att": [99.9999771118164, 5.1153035163879395, 0.48448023200035095], "k_pid_yaw": [0.5, 1e-06, 0.1], "k_pid_hsp": [5.90571403503418, 0.8209349513053894, 0.3503662943840027], "k_pid_vsp": [162.33413696289062, 29.624309539794922, 230.8644256591797]}, "datetime": {"datetime": "2025-08-21 09:57:04", "elapsed": 4340.68251657486, "delta": 29.501694917678833}, "costs": {"total_cost": 1058.7714260679095, "time_cost": 150, "final_distance_cost": 64.90095117744823, "oscillation_cost": 303.49162956222284, "completition_cost": 444.4444444444444, "overshoot_cost": 56.8667554440389, "power_cost": 19.929287329101562, "noise_cost": 19.138358110653627, "n_waypoints_completed": 5, "tot_waypoints": 9}}
{"target": -1448.1778724547512, "params": {"k_pid_pos": [0.00011132431245641783, 0.8949826955795288, 0.00013005733489990234], "k_pid_alt": [1.7577381134033203, 0.00014641880989074707, 0.01945313811302185], "k_pid_att": [100.0, 4.588226795196533, 0.9408600330352783], "k_pid_yaw": [0.5, 1e-06, 0.1], "k_pid_hsp": [5.128292560577393, 0.6678838729858398, 0.049960702657699585], "k_pid_vsp": [41.21382141113281, 184.9614715576172, 342.14605712890625]}, "datetime": {"datetime": "2025-08-21 09:57:29", "elapsed": 4365.433693408966, "delta": 24.751176834106445}, "costs": {"total_cost": 1448.1778724547512, "time_cost": 150, "final_distance_cost": 13.868306250473177, "oscillation_cost": 69.03534036348377, "completition_cost": 1000.0, "overshoot_cost": 140.1805872997322, "power_cost": 17.16635753173828, "noise_cost": 57.927281009323806, "n_waypoints_completed": 0, "tot_waypoints": 9}}
{"target": -1484.4397664407195, "params": {"k_pid_pos": [1.9999853372573853, 0.3825524151325226, 1.0], "k_pid_alt": [1.8977859020233154, 0.9999919533729553, 0.007969856262207031], "k_pid_att": [99.99859619140625, 5.303534984588623, 0.2596990466117859], "k_pid_yaw": [0.5, 1e-06, 0.1], "k_pid_hsp": [0.9779706001281738, 0.3805224597454071, 0.28452569246292114], "k_pid_vsp": [5.789744853973389, 341.63702392578125, 254.761962890625]}, "datetime": {"datetime": "2025-08-21 09:58:00", "elapsed": 4397.301685094833, "delta": 31.86799168586731}, "costs": {"total_cost": 1484.4397664407195, "time_cost": 150, "final_distance_cost": 50.45190345536569, "oscillation_cost": 207.91445775837803, "completition_cost": 888.8888888888888, "overshoot_cost": 112.67327302081034, "power_cost": 27.45078419189453, "noise_cost": 47.06045912538216, "n_waypoints_completed": 1, "tot_waypoints": 9}}
{"target": -1061.3112572836772, "params": {"k_pid_pos": [0.6784198880195618, 0.4960889518260956, 0.9979521632194519], "k_pid_alt": [1.4304662942886353, 0.0, 0.2508695721626282], "k_pid_att": [16.132190704345703, 0.5231526494026184, 0.9392082691192627], "k_pid_yaw": [0.5, 1e-06, 0.1], "k_pid_hsp": [7.795003890991211, 0.8905447721481323, 0.06688666343688965], "k_pid_vsp": [185.2809295654297, 82.94856262207031, 162.50717163085938]}, "datetime": {"datetime": "2025-08-21 09:58:27", "elapsed": 4423.541742801666, "delta": 26.240057706832886}, "costs": {"total_cost": 1061.3112572836772, "time_cost": 150, "final_distance_cost": 53.335699519967974, "oscillation_cost": 115.24214936708758, "completition_cost": 666.6666666666667, "overshoot_cost": 46.20604514479925, "power_cost": 16.71255300292969, "noise_cost": 13.148143582225913, "n_waypoints_completed": 3, "tot_waypoints": 9}}
{"target": -416.541185380983, "params": {"k_pid_pos": [2.0, 0.2826135456562042, 0.8783330917358398], "k_pid_alt": [1.8628859519958496, 0.8390404582023621, 0.10070875287055969], "k_pid_att": [100.0, 0.41905146837234497, 0.9458711743354797], "k_pid_yaw": [0.5, 1e-06, 0.1], "k_pid_hsp": [7.408740043640137, 0.6769671440124512, 0.06595849990844727], "k_pid_vsp": [254.38153076171875, 12.715507507324219, 94.32760620117188]}, "datetime": {"datetime": "2025-08-21 09:58:55", "elapsed": 4452.333573818207, "delta": 28.791831016540527}, "costs": {"total_cost": 416.541185380983, "time_cost": 99.48, "final_distance_cost": 1.8554546905928162, "oscillation_cost": 216.63825857364233, "completition_cost": 0.0, "overshoot_cost": 60.817680224597495, "power_cost": 21.218000109863283, "noise_cost": 16.531791782287097, "n_waypoints_completed": 9, "tot_waypoints": 9}}
{"target": -1213.0927319495984, "params": {"k_pid_pos": [2.0, 0.9545879364013672, 0.5422430038452148], "k_pid_alt": [1.2748006582260132, 0.9999969005584717, 0.025698989629745483], "k_pid_att": [10.221708297729492, 8.481710433959961, 0.9706128835678101], "k_pid_yaw": [0.5, 1e-06, 0.1], "k_pid_hsp": [9.056636810302734, 0.8201128244400024, 0.1642933487892151], "k_pid_vsp": [96.0353012084961, 128.1981964111328, 140.166748046875]}, "datetime": {"datetime": "2025-08-21 09:59:28", "elapsed": 4484.506143569946, "delta": 32.1725697517395}, "costs": {"total_cost": 1213.0927319495984, "time_cost": 150, "final_distance_cost": 70.13845550913102, "oscillation_cost": 228.56425266304876, "completition_cost": 666.6666666666667, "overshoot_cost": 60.15649611508379, "power_cost": 21.622070849609376, "noise_cost": 15.944790146058628, "n_waypoints_completed": 3, "tot_waypoints": 9}}
{"target": -995.3287044380296, "params": {"k_pid_pos": [1.990323543548584, 0.9419572353363037, 2.384185791015625e-07], "k_pid_alt": [1.715793490409851, 0.9987934231758118, 0.27707862854003906], "k_pid_att": [100.0, 0.41071614623069763, 0.8547385931015015], "k_pid_yaw": [0.5, 1e-06, 0.1], "k_pid_hsp": [9.027402877807617, 0.8880255818367004, 0.3280174136161804], "k_pid_vsp": [4.472410678863525, 175.78695678710938, 54.972625732421875]}, "datetime": {"datetime": "2025-08-21 09:59:58", "elapsed": 4515.240899562836, "delta": 30.734755992889404}, "costs": {"total_cost": 995.3287044380296, "time_cost": 150, "final_distance_cost": 47.54677871755237, "oscillation_cost": 143.89431447637756, "completition_cost": 555.5555555555555, "overshoot_cost": 55.38413811468656, "power_cost": 24.238029248046875, "noise_cost": 18.709888325810503, "n_waypoints_completed": 4, "tot_waypoints": 9}}
{"target": -1389.1098350611937, "params": {"k_pid_pos": [0.002209124155342579, 0.3365347981452942, 0.004795283079147339], "k_pid_alt": [1.2878570556640625, 0.9774206280708313, 0.008199185132980347], "k_pid_att": [99.93858337402344, 0.9101966023445129, 0.3906591832637787], "k_pid_yaw": [0.5, 1e-06, 0.1], "k_pid_hsp": [9.745858192443848, 0.9059596657752991, 0.07091942429542542], "k_pid_vsp": [55.34095764160156, 229.2523193359375, 58.15342712402344]}, "datetime": {"datetime": "2025-08-21 10:00:31", "elapsed": 4548.292613506317, "delta": 33.051713943481445}, "costs": {"total_cost": 1389.1098350611937, "time_cost": 150, "final_distance_cost": 68.61774472717109, "oscillation_cost": 209.49504404127637, "completition_cost": 888.8888888888888, "overshoot_cost": 33.90057059272139, "power_cost": 22.01488232421875, "noise_cost": 16.19270448691748, "n_waypoints_completed": 1, "tot_waypoints": 9}}
{"target": -1396.8279486685476, "params": {"k_pid_pos": [0.00010005960211856291, 0.5899778604507446, 0.9999997019767761], "k_pid_alt": [1.4554951190948486, 1.0, 0.06948715448379517], "k_pid_att": [100.0, 2.1833086013793945, 0.9628093838691711], "k_pid_yaw": [0.5, 1e-06, 0.1], "k_pid_hsp": [9.087449073791504, 0.5982164144515991, 0.15235203504562378], "k_pid_vsp": [230.47811889648438, 267.1230773925781, 215.41624450683594]}, "datetime": {"datetime": "2025-08-21 10:00:59", "elapsed": 4576.4274706840515, "delta": 28.134857177734375}, "costs": {"total_cost": 1396.8279486685476, "time_cost": 150, "final_distance_cost": 88.26207576994845, "oscillation_cost": 288.1344882607823, "completition_cost": 777.7777777777778, "overshoot_cost": 54.37554351684921, "power_cost": 21.75272584228516, "noise_cost": 16.525337500904687, "n_waypoints_completed": 2, "tot_waypoints": 9}}
{"target": -1930.240813812512, "params": {"k_pid_pos": [2.0, 0.8782707452774048, 0.16203582286834717], "k_pid_alt": [1.9117178916931152, 0.9994779825210571, 0.36642467975616455], "k_pid_att": [99.99989318847656, 3.651850461959839, 0.4361421465873718], "k_pid_yaw": [0.5, 1e-06, 0.1], "k_pid_hsp": [6.159016132354736, 0.2672315835952759, 0.09594208002090454], "k_pid_vsp": [34.36335372924805, 68.552490234375, 205.45062255859375]}, "datetime": {"datetime": "2025-08-21 10:01:30", "elapsed": 4607.079016685486, "delta": 30.651546001434326}, "costs": {"total_cost": 1930.240813812512, "time_cost": 150, "final_distance_cost": 299.5086348716307, "oscillation_cost": 206.32220924095623, "completition_cost": 1000.0, "overshoot_cost": 228.40180308979066, "power_cost": 19.518439428710938, "noise_cost": 26.489727181423405, "n_waypoints_completed": 0, "tot_waypoints": 9}}
{"target": -1578.3087240975292, "params": {"k_pid_pos": [2.0, 0.4147314429283142, 1.0], "k_pid_alt": [1.9299688339233398, 0.9999563694000244, 0.08462509512901306], "k_pid_att": [0.3630012273788452, 0.6248499751091003, 0.5511959195137024], "k_pid_yaw": [0.5, 1e-06, 0.1], "k_pid_hsp": [7.7522873878479, 0.9591406583786011, 0.13759467005729675], "k_pid_vsp": [239.6263885498047, 251.30001831054688, 382.62005615234375]}, "datetime": {"datetime": "2025-08-21 10:01:56", "elapsed": 4632.80308675766, "delta": 25.724070072174072}, "costs": {"total_cost": 1578.3087240975292, "time_cost": 150, "final_distance_cost": 12.056482623274544, "oscillation_cost": 150.77987746560314, "completition_cost": 1000.0, "overshoot_cost": 141.50445027245195, "power_cost": 31.97745350341797, "noise_cost": 91.99046023278159, "n_waypoints_completed": 0, "tot_waypoints": 9}}
{"target": -1425.2357776808528, "params": {"k_pid_pos": [9.999999747378752e-05, 0.991594672203064, 0.17719969153404236], "k_pid_alt": [1.9632539749145508, 0.9999240040779114, 0.09749120473861694], "k_pid_att": [71.77549743652344, 3.1976211071014404, 0.6923384070396423], "k_pid_yaw": [0.5, 1e-06, 0.1], "k_pid_hsp": [4.232018947601318, 0.9915040731430054, 0.026003926992416382], "k_pid_vsp": [28.95400619506836, 385.5672302246094, 248.52304077148438]}, "datetime": {"datetime": "2025-08-21 10:02:26", "elapsed": 4662.631778717041, "delta": 29.828691959381104}, "costs": {"total_cost": 1425.2357776808528, "time_cost": 150, "final_distance_cost": 34.56614819893981, "oscillation_cost": 91.52844821721872, "completition_cost": 1000.0, "overshoot_cost": 97.76190899044377, "power_cost": 21.3038857421875, "noise_cost": 30.07538653206295, "n_waypoints_completed": 0, "tot_waypoints": 9}}
{"target": -1243.5532082820882, "params": {"k_pid_pos": [0.00010369530355092138, 0.9698408842086792, 0.15207374095916748], "k_pid_alt": [1.8426934480667114, 0.1681479811668396, 0.016224980354309082], "k_pid_att": [98.33268737792969, 1.9035207033157349, 0.8286169171333313], "k_pid_yaw": [0.5, 1e-06, 0.1], "k_pid_hsp": [6.105069160461426, 0.9139829874038696, 0.4353089928627014], "k_pid_vsp": [51.84917449951172, 38.205623626708984, 32.75798416137695]}, "datetime": {"datetime": "2025-08-21 10:02:51", "elapsed": 4688.310510635376, "delta": 25.67873191833496}, "costs": {"total_cost": 1243.5532082820882, "time_cost": 150, "final_distance_cost": 84.17922692328918, "oscillation_cost": 137.85985540453757, "completition_cost": 777.7777777777778, "overshoot_cost": 56.85183447402551, "power_cost": 21.087105908203124, "noise_cost": 15.797407794255088, "n_waypoints_completed": 2, "tot_waypoints": 9}}
{"target": -1231.5363431140963, "params": {"k_pid_pos": [0.00010005960211856291, 0.3983767330646515, 0.004549860954284668], "k_pid_alt": [1.0911407470703125, 0.5064264535903931, 0.19571000337600708], "k_pid_att": [100.0, 1.8295961618423462, 0.845630407333374], "k_pid_yaw": [0.5, 1e-06, 0.1], "k_pid_hsp": [9.225749969482422, 0.47239089012145996, 0.0052509307861328125], "k_pid_vsp": [151.54391479492188, 330.93017578125, 88.24009704589844]}, "datetime": {"datetime": "2025-08-21 10:03:18", "elapsed": 4715.284110784531, "delta": 26.973600149154663}, "costs": {"total_cost": 1231.5363431140963, "time_cost": 150, "final_distance_cost": 67.25563568065934, "oscillation_cost": 58.714105936667934, "completition_cost": 888.8888888888888, "overshoot_cost": 29.57224175580947, "power_cost": 21.16891142578125, "noise_cost": 15.936559426289413, "n_waypoints_completed": 1, "tot_waypoints": 9}}
{"target": -360.1010656883247, "params": {"k_pid_pos": [1.4359639883041382, 0.6886972188949585, 0.9999786615371704], "k_pid_alt": [1.9719065427780151, 1.0, 0.012248307466506958], "k_pid_att": [99.76559448242188, 3.5502676963806152, 0.9034389853477478], "k_pid_yaw": [0.5, 1e-06, 0.1], "k_pid_hsp": [5.6865458488464355, 0.9925351142883301, 0.02937677502632141], "k_pid_vsp": [55.46439743041992, 289.2777404785156, 88.48455047607422]}, "datetime": {"datetime": "2025-08-21 10:03:47", "elapsed": 4744.152526378632, "delta": 28.868415594100952}, "costs": {"total_cost": 360.1010656883247, "time_cost": 99.992, "final_distance_cost": 1.7201916390921541, "oscillation_cost": 165.96435105978415, "completition_cost": 0.0, "overshoot_cost": 56.51107186755033, "power_cost": 20.22971092529297, "noise_cost": 15.683740196605054, "n_waypoints_completed": 9, "tot_waypoints": 9}}
{"target": -664.0751710406336, "params": {"k_pid_pos": [2.0, 0.6664993166923523, 0.9997686147689819], "k_pid_alt": [1.9067734479904175, 1.0, 0.01003757119178772], "k_pid_att": [99.52294158935547, 1.7473807334899902, 0.7334332466125488], "k_pid_yaw": [0.5, 1e-06, 0.1], "k_pid_hsp": [8.2919282913208, 0.9319116473197937, 0.28345727920532227], "k_pid_vsp": [258.23712158203125, 62.38604736328125, 169.62306213378906]}, "datetime": {"datetime": "2025-08-21 10:04:13", "elapsed": 4770.420408964157, "delta": 26.267882585525513}, "costs": {"total_cost": 664.0751710406336, "time_cost": 150, "final_distance_cost": 47.12714677562298, "oscillation_cost": 253.4895445946519, "completition_cost": 111.11111111111116, "overshoot_cost": 66.12241404483811, "power_cost": 20.717363696289063, "noise_cost": 15.507590818120207, "n_waypoints_completed": 8, "tot_waypoints": 9}}
{"target": -1344.4137904369911, "params": {"k_pid_pos": [0.00012306583812460303, 0.9611701965332031, 0.5072129368782043], "k_pid_alt": [1.884375810623169, 0.8775473237037659, 0.008236110210418701], "k_pid_att": [8.196881294250488, 4.59431266784668, 0.9394969940185547], "k_pid_yaw": [0.5, 1e-06, 0.1], "k_pid_hsp": [8.878368377685547, 0.9720324277877808, 0.09805130958557129], "k_pid_vsp": [19.986427307128906, 282.17620849609375, 111.70980072021484]}, "datetime": {"datetime": "2025-08-21 10:04:44", "elapsed": 4801.041685342789, "delta": 30.621276378631592}, "costs": {"total_cost": 1344.4137904369911, "time_cost": 150, "final_distance_cost": 44.49994596164596, "oscillation_cost": 91.78354281543263, "completition_cost": 1000.0, "overshoot_cost": 24.620686983103464, "power_cost": 19.01154071044922, "noise_cost": 14.49807396635962, "n_waypoints_completed": 0, "tot_waypoints": 9}}
{"target": -1745.2430623074813, "params": {"k_pid_pos": [9.999999747378752e-05, 0.6885265707969666, 0.16665637493133545], "k_pid_alt": [1.9168071746826172, 0.9998601078987122, 0.15967431664466858], "k_pid_att": [1.4244288206100464, 6.064276218414307, 0.9112738370895386], "k_pid_yaw": [0.5, 1e-06, 0.1], "k_pid_hsp": [9.504772186279297, 0.7323498725891113, 0.5926718711853027], "k_pid_vsp": [119.69943237304688, 66.91403198242188, 148.29615783691406]}, "datetime": {"datetime": "2025-08-21 10:05:09", "elapsed": 4826.083421468735, "delta": 25.041736125946045}, "costs": {"total_cost": 1745.2430623074813, "time_cost": 150, "final_distance_cost": 13.60869993124264, "oscillation_cost": 350.47941658797686, "completition_cost": 1000.0, "overshoot_cost": 135.88676124368195, "power_cost": 30.08719239501953, "noise_cost": 65.18099214956023, "n_waypoints_completed": 0, "tot_waypoints": 9}}
{"target": -1481.1673449440764, "params": {"k_pid_pos": [1.7646740674972534, 0.6224606037139893, 0.0013196170330047607], "k_pid_alt": [1.8012319803237915, 4.559755325317383e-06, 0.04012212157249451], "k_pid_att": [90.93212890625, 1.1613916158676147, 0.6101882457733154], "k_pid_yaw": [0.5, 1e-06, 0.1], "k_pid_hsp": [8.41794204711914, 0.24803823232650757, 0.19112259149551392], "k_pid_vsp": [56.41310119628906, 11.475123405456543, 277.0797119140625]}, "datetime": {"datetime": "2025-08-21 10:05:40", "elapsed": 4857.224571466446, "delta": 31.14114999771118}, "costs": {"total_cost": 1481.1673449440764, "time_cost": 150, "final_distance_cost": 61.15165296098205, "oscillation_cost": 202.3612436806738, "completition_cost": 888.8888888888888, "overshoot_cost": 108.19629716307337, "power_cost": 23.602909631347657, "noise_cost": 46.96635261911071, "n_waypoints_completed": 1, "tot_waypoints": 9}}
{"target": -747.2590232463076, "params": {"k_pid_pos": [1.9999597072601318, 0.19729405641555786, 0.7376056909561157], "k_pid_alt": [1.187291145324707, 1.0, 0.08540406823158264], "k_pid_att": [99.99996185302734, 1.3145400285720825, 0.5501112937927246], "k_pid_yaw": [0.5, 1e-06, 0.1], "k_pid_hsp": [6.344132900238037, 0.9054726362228394, 0.8912278413772583], "k_pid_vsp": [102.34832763671875, 104.6143798828125, 21.666601181030273]}, "datetime": {"datetime": "2025-08-21 10:06:05", "elapsed": 4882.325582742691, "delta": 25.101011276245117}, "costs": {"total_cost": 747.2590232463076, "time_cost": 150, "final_distance_cost": 70.43848377254241, "oscillation_cost": 195.89889113340286, "completition_cost": 222.2222222222222, "overshoot_cost": 60.90319423940976, "power_cost": 27.767050024414065, "noise_cost": 20.029181854316313, "n_waypoints_completed": 7, "tot_waypoints": 9}}
{"target": -3419.060215768444, "params": {"k_pid_pos": [1.9999843835830688, 0.6971005201339722, 0.001181274652481079], "k_pid_alt": [1.9377648830413818, 0.9999998807907104, 0.141507089138031], "k_pid_att": [5.066394805908203e-05, 0.5660791993141174, 0.8843809366226196], "k_pid_yaw": [0.5, 1e-06, 0.1], "k_pid_hsp": [7.731908798217773, 0.9460115432739258, 0.7277798652648926], "k_pid_vsp": [292.40545654296875, 80.5672607421875, 74.24066162109375]}, "datetime": {"datetime": "2025-08-21 10:06:36", "elapsed": 4912.960690975189, "delta": 30.63510823249817}, "costs": {"total_cost": 3419.060215768444, "time_cost": 150, "final_distance_cost": 502.08457607289773, "oscillation_cost": 663.9328193393281, "completition_cost": 1000.0, "overshoot_cost": 977.5033718923826, "power_cost": 34.17354016113281, "noise_cost": 91.36590830270245, "n_waypoints_completed": 0, "tot_waypoints": 9}}
{"target": -1276.5492322480939, "params": {"k_pid_pos": [0.03630699962377548, 0.9613096714019775, 0.9999951124191284], "k_pid_alt": [1.973083734512329, 1.0, 0.008977651596069336], "k_pid_att": [86.03485107421875, 1.877606987953186, 0.7501347064971924], "k_pid_yaw": [0.5, 1e-06, 0.1], "k_pid_hsp": [4.721236228942871, 0.9494386911392212, 0.326198935508728], "k_pid_vsp": [98.71282958984375, 393.43505859375, 160.33224487304688]}, "datetime": {"datetime": "2025-08-21 10:07:01", "elapsed": 4938.016282558441, "delta": 25.055591583251953}, "costs": {"total_cost": 1276.5492322480939, "time_cost": 150, "final_distance_cost": 63.623650496572516, "oscillation_cost": 208.72311875180594, "completition_cost": 777.7777777777778, "overshoot_cost": 31.873218009542953, "power_cost": 26.126470849609376, "noise_cost": 18.42499636278502, "n_waypoints_completed": 2, "tot_waypoints": 9}}
