{"target": -558.7051766003091, "params": {"k_pid_pos": [2.0, 0.9975982904434204, 1.0], "k_pid_alt": [1.9813591241836548, 1.0, 0.014861196279525757], "k_pid_att": [100.0, 0.0704643651843071, 0.9472301006317139], "k_pid_yaw": [0.5, 1e-06, 0.1], "k_pid_hsp": [9.956510543823242, 0.9957888126373291, 0.013132274150848389], "k_pid_vsp": [28.667879104614258, 390.4729919433594, 2.8308043479919434]}, "datetime": {"datetime": "2025-08-21 17:35:10", "elapsed": 31826.527861356735, "delta": 24.629900455474854}, "costs": {"total_cost": 558.7051766003091, "time_cost": 150, "final_distance_cost": 65.91650341771789, "oscillation_cost": 132.84956082280468, "completition_cost": 111.11111111111116, "overshoot_cost": 55.108401967307984, "power_cost": 25.918087756347656, "noise_cost": 17.801511525019787, "n_waypoints_completed": 8, "tot_waypoints": 9}}
{"target": -940.0016568112659, "params": {"k_pid_pos": [2.0, 0.9907914400100708, 0.01587691903114319], "k_pid_alt": [1.996642827987671, 0.999993085861206, 0.014214247465133667], "k_pid_att": [100.0, 0.10308447480201721, 0.9905530214309692], "k_pid_yaw": [0.5, 1e-06, 0.1], "k_pid_hsp": [9.8539400100708, 0.9334686994552612, 0.02728450298309326], "k_pid_vsp": [18.945968627929688, 359.5353698730469, 4.853166103363037]}, "datetime": {"datetime": "2025-08-21 17:35:33", "elapsed": 31850.300043344498, "delta": 23.77218198776245}, "costs": {"total_cost": 940.0016568112659, "time_cost": 150, "final_distance_cost": 45.60528327698637, "oscillation_cost": 100.23972247982967, "completition_cost": 555.5555555555555, "overshoot_cost": 51.12941812572137, "power_cost": 22.00855263671875, "noise_cost": 15.463124736454274, "n_waypoints_completed": 4, "tot_waypoints": 9}}
{"target": -1195.5067748300942, "params": {"k_pid_pos": [2.0, 0.9813013076782227, 0.001641392707824707], "k_pid_alt": [1.9624717235565186, 1.0, 0.007889479398727417], "k_pid_att": [100.0, 0.08053447306156158, 0.9964883327484131], "k_pid_yaw": [0.5, 1e-06, 0.1], "k_pid_hsp": [9.575785636901855, 0.9966654181480408, 0.008779317140579224], "k_pid_vsp": [34.40306091308594, 385.9678955078125, 2.4092087745666504]}, "datetime": {"datetime": "2025-08-21 17:35:56", "elapsed": 31872.833544254303, "delta": 22.533500909805298}, "costs": {"total_cost": 1195.5067748300942, "time_cost": 150, "final_distance_cost": 97.56503921695267, "oscillation_cost": 77.28898275691807, "completition_cost": 777.7777777777778, "overshoot_cost": 51.40171313306061, "power_cost": 24.523982653808595, "noise_cost": 16.949279291576463, "n_waypoints_completed": 2, "tot_waypoints": 9}}
{"target": -690.9597287413123, "params": {"k_pid_pos": [2.0, 0.9938800930976868, 0.99850994348526], "k_pid_alt": [1.9273803234100342, 0.9999884963035583, 0.02101263403892517], "k_pid_att": [99.98933410644531, 0.21759279072284698, 0.9852062463760376], "k_pid_yaw": [0.5, 1e-06, 0.1], "k_pid_hsp": [9.872960090637207, 0.991395115852356, 0.04023510217666626], "k_pid_vsp": [6.369328498840332, 396.5177917480469, 2.506984233856201]}, "datetime": {"datetime": "2025-08-21 17:36:19", "elapsed": 31896.23664546013, "delta": 23.403101205825806}, "costs": {"total_cost": 690.9597287413123, "time_cost": 150, "final_distance_cost": 73.71227536171405, "oscillation_cost": 142.90655137327653, "completition_cost": 222.2222222222222, "overshoot_cost": 57.52886465368563, "power_cost": 26.652332482910158, "noise_cost": 17.93748264750379, "n_waypoints_completed": 7, "tot_waypoints": 9}}
{"target": -575.6634620403831, "params": {"k_pid_pos": [2.0, 0.9928219318389893, 0.9999998807907104], "k_pid_alt": [1.9769954681396484, 1.0, 0.01598668098449707], "k_pid_att": [99.99873352050781, 0.15943562984466553, 0.9901574850082397], "k_pid_yaw": [0.5, 1e-06, 0.1], "k_pid_hsp": [9.836708068847656, 0.9918212890625, 0.05083435773849487], "k_pid_vsp": [1.7577171325683594, 399.2545166015625, 6.006778240203857]}, "datetime": {"datetime": "2025-08-21 17:36:44", "elapsed": 31920.464514493942, "delta": 24.227869033813477}, "costs": {"total_cost": 575.6634620403831, "time_cost": 150, "final_distance_cost": 46.75691933312394, "oscillation_cost": 168.3758982840317, "completition_cost": 111.11111111111116, "overshoot_cost": 58.666261401737785, "power_cost": 23.4116556640625, "noise_cost": 17.341616246315944, "n_waypoints_completed": 8, "tot_waypoints": 9}}
{"target": -932.3260764441061, "params": {"k_pid_pos": [2.0, 0.9702740907669067, 1.0], "k_pid_alt": [1.9784307479858398, 1.0, 0.009258031845092773], "k_pid_att": [100.0, 0.0938720703125, 0.971432089805603], "k_pid_yaw": [0.5, 1e-06, 0.1], "k_pid_hsp": [9.956948280334473, 0.9980794787406921, 0.01857057213783264], "k_pid_vsp": [5.077946186065674, 363.5144958496094, 10.022879600524902]}, "datetime": {"datetime": "2025-08-21 17:37:07", "elapsed": 31944.284385681152, "delta": 23.819871187210083}, "costs": {"total_cost": 932.3260764441061, "time_cost": 150, "final_distance_cost": 59.16388541920568, "oscillation_cost": 196.16030387879815, "completition_cost": 444.4444444444444, "overshoot_cost": 50.49855009921299, "power_cost": 18.175978955078126, "noise_cost": 13.882913647366921, "n_waypoints_completed": 5, "tot_waypoints": 9}}
{"target": -1100.5192307319383, "params": {"k_pid_pos": [2.0, 0.9808540344238281, 0.10373842716217041], "k_pid_alt": [1.9280357360839844, 1.0, 0.04458200931549072], "k_pid_att": [100.0, 0.1676633656024933, 0.9962907433509827], "k_pid_yaw": [0.5, 1e-06, 0.1], "k_pid_hsp": [9.789630889892578, 0.9918560981750488, 0.0069945454597473145], "k_pid_vsp": [7.114613056182861, 382.9089660644531, 4.218185901641846]}, "datetime": {"datetime": "2025-08-21 17:37:32", "elapsed": 31969.04477906227, "delta": 24.760393381118774}, "costs": {"total_cost": 1100.5192307319383, "time_cost": 150, "final_distance_cost": 86.8579528916708, "oscillation_cost": 107.40377405936592, "completition_cost": 666.6666666666667, "overshoot_cost": 58.12286494024948, "power_cost": 18.2538623046875, "noise_cost": 13.214109869297735, "n_waypoints_completed": 3, "tot_waypoints": 9}}
{"target": -940.2143122301509, "params": {"k_pid_pos": [2.0, 0.9772997498512268, 0.02451261878013611], "k_pid_alt": [1.9497101306915283, 1.0, 0.03607413172721863], "k_pid_att": [100.0, 0.33063244819641113, 0.9958406686782837], "k_pid_yaw": [0.5, 1e-06, 0.1], "k_pid_hsp": [9.969470977783203, 0.9833911657333374, 0.00860750675201416], "k_pid_vsp": [11.618304252624512, 389.5249938964844, 16.742088317871094]}, "datetime": {"datetime": "2025-08-21 17:37:55", "elapsed": 31991.93863916397, "delta": 22.89386010169983}, "costs": {"total_cost": 940.2143122301509, "time_cost": 150, "final_distance_cost": 53.29403384607024, "oscillation_cost": 84.30326283309347, "completition_cost": 555.5555555555555, "overshoot_cost": 59.37830921694633, "power_cost": 21.653110009765626, "noise_cost": 16.030040768719587, "n_waypoints_completed": 4, "tot_waypoints": 9}}
{"target": -593.5507085133337, "params": {"k_pid_pos": [2.0, 0.9885389804840088, 0.9999953508377075], "k_pid_alt": [1.9894102811813354, 1.0, 0.012945950031280518], "k_pid_att": [100.0, 0.514782190322876, 0.9982726573944092], "k_pid_yaw": [0.5, 1e-06, 0.1], "k_pid_hsp": [9.972710609436035, 0.9708789587020874, 0.011811494827270508], "k_pid_vsp": [32.34245681762695, 391.03948974609375, 1.6893038749694824]}, "datetime": {"datetime": "2025-08-21 17:38:19", "elapsed": 32015.827096939087, "delta": 23.888457775115967}, "costs": {"total_cost": 593.5507085133337, "time_cost": 150, "final_distance_cost": 65.04908882449583, "oscillation_cost": 177.9289222728146, "completition_cost": 111.11111111111116, "overshoot_cost": 51.97573481730099, "power_cost": 20.971294372558596, "noise_cost": 16.514557115052497, "n_waypoints_completed": 8, "tot_waypoints": 9}}
{"target": -1263.1058518789407, "params": {"k_pid_pos": [2.0, 0.9142500758171082, 0.0], "k_pid_alt": [1.9818265438079834, 0.8976818323135376, 0.047356605529785156], "k_pid_att": [100.0, 0.12796081602573395, 0.9910659790039062], "k_pid_yaw": [0.5, 1e-06, 0.1], "k_pid_hsp": [9.709380149841309, 0.9960047006607056, 0.05262216925621033], "k_pid_vsp": [5.290019512176514, 397.07635498046875, 3.5815486907958984]}, "datetime": {"datetime": "2025-08-21 17:38:44", "elapsed": 32041.254550933838, "delta": 25.427453994750977}, "costs": {"total_cost": 1263.1058518789407, "time_cost": 150, "final_distance_cost": 134.37021251115698, "oscillation_cost": 117.86762008842767, "completition_cost": 777.7777777777778, "overshoot_cost": 51.49843907102596, "power_cost": 18.150009045410158, "noise_cost": 13.441793385142118, "n_waypoints_completed": 2, "tot_waypoints": 9}}
{"target": -666.5970744023698, "params": {"k_pid_pos": [2.0, 0.9580009579658508, 0.8091951012611389], "k_pid_alt": [1.9812088012695312, 0.9999187588691711, 0.03928980231285095], "k_pid_att": [100.0, 0.40215611457824707, 0.9939308762550354], "k_pid_yaw": [0.5, 1e-06, 0.1], "k_pid_hsp": [9.937540054321289, 0.9929195642471313, 0.005975067615509033], "k_pid_vsp": [11.772287368774414, 388.2440490722656, 36.86201477050781]}, "datetime": {"datetime": "2025-08-21 17:39:10", "elapsed": 32066.52809214592, "delta": 25.27354121208191}, "costs": {"total_cost": 666.5970744023698, "time_cost": 150, "final_distance_cost": 66.70000495656869, "oscillation_cost": 141.76946728878636, "completition_cost": 222.2222222222222, "overshoot_cost": 52.981543192568296, "power_cost": 18.297049243164064, "noise_cost": 14.626787499060185, "n_waypoints_completed": 7, "tot_waypoints": 9}}
{"target": -1149.4646891098478, "params": {"k_pid_pos": [2.0, 0.921855092048645, 0.9999980926513672], "k_pid_alt": [1.8203513622283936, 1.0, 0.01814478635787964], "k_pid_att": [99.99999237060547, 0.14426371455192566, 0.9582619667053223], "k_pid_yaw": [0.5, 1e-06, 0.1], "k_pid_hsp": [9.955266952514648, 0.9948824644088745, 0.007049381732940674], "k_pid_vsp": [9.613227844238281, 383.8779296875, 3.5738000869750977]}, "datetime": {"datetime": "2025-08-21 17:39:34", "elapsed": 32090.928854465485, "delta": 24.40076231956482}, "costs": {"total_cost": 1149.4646891098478, "time_cost": 150, "final_distance_cost": 236.23179314942132, "oscillation_cost": 185.8591148163956, "completition_cost": 444.4444444444444, "overshoot_cost": 99.85419151208328, "power_cost": 18.078740246582033, "noise_cost": 14.996404940920856, "n_waypoints_completed": 5, "tot_waypoints": 9}}
{"target": -697.6293150696577, "params": {"k_pid_pos": [2.0, 0.9728137850761414, 1.0], "k_pid_alt": [1.9855024814605713, 1.0, 0.009837538003921509], "k_pid_att": [100.0, 0.7443966269493103, 0.9902862310409546], "k_pid_yaw": [0.5, 1e-06, 0.1], "k_pid_hsp": [9.817728042602539, 0.9489372968673706, 0.003326714038848877], "k_pid_vsp": [5.609428882598877, 394.28289794921875, 3.302694320678711]}, "datetime": {"datetime": "2025-08-21 17:39:57", "elapsed": 32114.310824632645, "delta": 23.381970167160034}, "costs": {"total_cost": 697.6293150696577, "time_cost": 150, "final_distance_cost": 66.1732756410437, "oscillation_cost": 168.4416757555063, "completition_cost": 222.2222222222222, "overshoot_cost": 56.569547305918995, "power_cost": 20.01851953125, "noise_cost": 14.204074613716498, "n_waypoints_completed": 7, "tot_waypoints": 9}}
{"target": -1284.1325479622076, "params": {"k_pid_pos": [1.9996157884597778, 0.9399861693382263, 0.00013878941535949707], "k_pid_alt": [1.9527117013931274, 1.0, 0.0031503140926361084], "k_pid_att": [100.0, 0.06079540029168129, 0.9912552833557129], "k_pid_yaw": [0.5, 1e-06, 0.1], "k_pid_hsp": [9.917571067810059, 0.9416900277137756, 0.030603617429733276], "k_pid_vsp": [13.240981101989746, 394.6057434082031, 2.4671683311462402]}, "datetime": {"datetime": "2025-08-21 17:40:23", "elapsed": 32139.602343559265, "delta": 25.291518926620483}, "costs": {"total_cost": 1284.1325479622076, "time_cost": 150, "final_distance_cost": 67.62525915931192, "oscillation_cost": 68.03191543417599, "completition_cost": 888.8888888888888, "overshoot_cost": 62.168064128386035, "power_cost": 28.305143017578125, "noise_cost": 19.113277333866705, "n_waypoints_completed": 1, "tot_waypoints": 9}}
{"target": -805.0447085354499, "params": {"k_pid_pos": [2.0, 0.9905357956886292, 0.9999966621398926], "k_pid_alt": [1.9898827075958252, 1.0, 0.012798964977264404], "k_pid_att": [100.0, 0.01970973238348961, 0.9842539429664612], "k_pid_yaw": [0.5, 1e-06, 0.1], "k_pid_hsp": [9.921119689941406, 0.9858590364456177, 0.031027227640151978], "k_pid_vsp": [15.309286117553711, 385.2361755371094, 1.738990306854248]}, "datetime": {"datetime": "2025-08-21 17:40:47", "elapsed": 32164.03055357933, "delta": 24.428210020065308}, "costs": {"total_cost": 805.0447085354499, "time_cost": 150, "final_distance_cost": 55.131795511884654, "oscillation_cost": 169.56854493725487, "completition_cost": 333.33333333333337, "overshoot_cost": 54.98434365485839, "power_cost": 23.870097436523437, "noise_cost": 18.156593661595146, "n_waypoints_completed": 6, "tot_waypoints": 9}}
{"target": -746.9488437385337, "params": {"k_pid_pos": [2.0, 0.9778592586517334, 0.9959089159965515], "k_pid_alt": [1.9621659517288208, 1.0, 0.009174197912216187], "k_pid_att": [100.0, 0.3982866108417511, 0.9968539476394653], "k_pid_yaw": [0.5, 1e-06, 0.1], "k_pid_hsp": [9.949721336364746, 0.9936225414276123, 0.04896530508995056], "k_pid_vsp": [16.864622116088867, 396.0599060058594, 6.514180660247803]}, "datetime": {"datetime": "2025-08-21 17:41:11", "elapsed": 32187.994949817657, "delta": 23.964396238327026}, "costs": {"total_cost": 746.9488437385337, "time_cost": 150, "final_distance_cost": 70.97939514856435, "oscillation_cost": 215.13787399362096, "completition_cost": 222.2222222222222, "overshoot_cost": 55.92900701885049, "power_cost": 18.77206424560547, "noise_cost": 13.908281109670105, "n_waypoints_completed": 7, "tot_waypoints": 9}}
{"target": -1403.7043433712686, "params": {"k_pid_pos": [0.3005475699901581, 0.9909119009971619, 0.9999998807907104], "k_pid_alt": [1.9876554012298584, 1.0, 0.022115647792816162], "k_pid_att": [100.0, 0.062127549201250076, 0.9742767214775085], "k_pid_yaw": [0.5, 1e-06, 0.1], "k_pid_hsp": [9.626860618591309, 0.9871819019317627, 0.00849410891532898], "k_pid_vsp": [4.774689674377441, 397.1519775390625, 69.61567687988281]}, "datetime": {"datetime": "2025-08-21 17:41:35", "elapsed": 32211.613456249237, "delta": 23.61850643157959}, "costs": {"total_cost": 1403.7043433712686, "time_cost": 150, "final_distance_cost": 36.712031567472415, "oscillation_cost": 153.14418576312244, "completition_cost": 1000.0, "overshoot_cost": 24.930155227277275, "power_cost": 22.846832238769533, "noise_cost": 16.071138574626698, "n_waypoints_completed": 0, "tot_waypoints": 9}}
{"target": -682.7185407131115, "params": {"k_pid_pos": [2.0, 0.9799294471740723, 1.0], "k_pid_alt": [1.9700376987457275, 1.0, 0.015446186065673828], "k_pid_att": [100.0, 0.12065425515174866, 0.9692882299423218], "k_pid_yaw": [0.5, 1e-06, 0.1], "k_pid_hsp": [9.364156723022461, 0.9377566576004028, 0.005737245082855225], "k_pid_vsp": [3.959643840789795, 399.07965087890625, 6.447888374328613]}, "datetime": {"datetime": "2025-08-21 17:41:58", "elapsed": 32235.406898975372, "delta": 23.793442726135254}, "costs": {"total_cost": 682.7185407131115, "time_cost": 150, "final_distance_cost": 68.59814879367087, "oscillation_cost": 147.97830555189304, "completition_cost": 222.2222222222222, "overshoot_cost": 54.914702476392335, "power_cost": 22.480548400878906, "noise_cost": 16.524613268054182, "n_waypoints_completed": 7, "tot_waypoints": 9}}
{"target": -883.9936471502357, "params": {"k_pid_pos": [2.0, 0.9966532588005066, 0.7932507395744324], "k_pid_alt": [1.985131025314331, 1.0, 0.002566516399383545], "k_pid_att": [100.0, 0.4191465377807617, 0.9648318290710449], "k_pid_yaw": [0.5, 1e-06, 0.1], "k_pid_hsp": [9.386247634887695, 0.9959818124771118, 0.02173292636871338], "k_pid_vsp": [5.301976203918457, 392.691650390625, 14.418686866760254]}, "datetime": {"datetime": "2025-08-21 17:42:22", "elapsed": 32259.26617360115, "delta": 23.8592746257782}, "costs": {"total_cost": 883.9936471502357, "time_cost": 150, "final_distance_cost": 53.71932290492699, "oscillation_cost": 151.43547950568038, "completition_cost": 444.4444444444444, "overshoot_cost": 49.4866722270289, "power_cost": 19.524634094238284, "noise_cost": 15.383093973916711, "n_waypoints_completed": 5, "tot_waypoints": 9}}
{"target": -689.0775828742121, "params": {"k_pid_pos": [2.0, 0.9740181565284729, 0.6746076345443726], "k_pid_alt": [1.9865522384643555, 1.0, 0.025043576955795288], "k_pid_att": [100.0, 0.3102642595767975, 0.9827001690864563], "k_pid_yaw": [0.5, 1e-06, 0.1], "k_pid_hsp": [9.923861503601074, 0.9827589988708496, 0.00383719801902771], "k_pid_vsp": [7.122766971588135, 396.596435546875, 6.837500095367432]}, "datetime": {"datetime": "2025-08-21 17:42:46", "elapsed": 32283.1698281765, "delta": 23.9036545753479}, "costs": {"total_cost": 689.0775828742121, "time_cost": 150, "final_distance_cost": 68.12825047806551, "oscillation_cost": 157.5016291013688, "completition_cost": 222.2222222222222, "overshoot_cost": 57.327358733938794, "power_cost": 19.681558520507814, "noise_cost": 14.216563818108998, "n_waypoints_completed": 7, "tot_waypoints": 9}}
{"target": -1040.3950140482727, "params": {"k_pid_pos": [2.0, 0.9572522044181824, 0.0020563602447509766], "k_pid_alt": [1.9728200435638428, 0.9999995231628418, 0.04299023747444153], "k_pid_att": [100.0, 0.15543948113918304, 0.997580885887146], "k_pid_yaw": [0.5, 1e-06, 0.1], "k_pid_hsp": [9.803948402404785, 0.9927462935447693, 0.005159288644790649], "k_pid_vsp": [9.587991714477539, 394.8567810058594, 3.209901809692383]}, "datetime": {"datetime": "2025-08-21 17:43:11", "elapsed": 32307.99169921875, "delta": 24.821871042251587}, "costs": {"total_cost": 1040.3950140482727, "time_cost": 150, "final_distance_cost": 51.88788852906158, "oscillation_cost": 84.10073851444778, "completition_cost": 666.6666666666667, "overshoot_cost": 51.75025213576188, "power_cost": 21.205288903808594, "noise_cost": 14.784179298526066, "n_waypoints_completed": 3, "tot_waypoints": 9}}
{"target": -381.03727451257083, "params": {"k_pid_pos": [2.0, 0.9770861864089966, 0.9827932119369507], "k_pid_alt": [1.9688880443572998, 1.0, 0.003645479679107666], "k_pid_att": [100.0, 0.028592821210622787, 0.9932197332382202], "k_pid_yaw": [0.5, 1e-06, 0.1], "k_pid_hsp": [9.86021900177002, 0.9431936740875244, 0.021329432725906372], "k_pid_vsp": [6.518411636352539, 385.2759094238281, 7.1298370361328125]}, "datetime": {"datetime": "2025-08-21 17:43:34", "elapsed": 32331.168961048126, "delta": 23.17726182937622}, "costs": {"total_cost": 381.03727451257083, "time_cost": 99.768, "final_distance_cost": 1.727452529594955, "oscillation_cost": 180.74784703239922, "completition_cost": 0.0, "overshoot_cost": 62.009399406705164, "power_cost": 20.655545056152345, "noise_cost": 16.129030487719202, "n_waypoints_completed": 9, "tot_waypoints": 9}}
{"target": -727.3428327343534, "params": {"k_pid_pos": [2.0, 0.970181941986084, 0.999984622001648], "k_pid_alt": [1.939900517463684, 1.0, 0.04369986057281494], "k_pid_att": [100.0, 0.20689713954925537, 0.9951775670051575], "k_pid_yaw": [0.5, 1e-06, 0.1], "k_pid_hsp": [9.858351707458496, 0.9701722860336304, 0.017402440309524536], "k_pid_vsp": [6.328105926513672, 389.13116455078125, 22.576000213623047]}, "datetime": {"datetime": "2025-08-21 17:43:58", "elapsed": 32354.769248008728, "delta": 23.600286960601807}, "costs": {"total_cost": 727.3428327343534, "time_cost": 150, "final_distance_cost": 72.2692497656929, "oscillation_cost": 194.59613280599513, "completition_cost": 222.2222222222222, "overshoot_cost": 53.82618752179565, "power_cost": 20.0236376953125, "noise_cost": 14.405402723334968, "n_waypoints_completed": 7, "tot_waypoints": 9}}
{"target": -1192.0537462518516, "params": {"k_pid_pos": [2.0, 0.969314455986023, 0.03407078981399536], "k_pid_alt": [1.9258241653442383, 1.0, 0.03860199451446533], "k_pid_att": [99.9999771118164, 0.10838356614112854, 0.9657309055328369], "k_pid_yaw": [0.5, 1e-06, 0.1], "k_pid_hsp": [9.917031288146973, 0.9867514967918396, 0.0145835280418396], "k_pid_vsp": [2.3494482040405273, 394.0193786621094, 0.414861261844635]}, "datetime": {"datetime": "2025-08-21 17:44:22", "elapsed": 32379.028138637543, "delta": 24.258890628814697}, "costs": {"total_cost": 1192.0537462518516, "time_cost": 150, "final_distance_cost": 96.5807474326058, "oscillation_cost": 83.03676972369843, "completition_cost": 777.7777777777778, "overshoot_cost": 47.27221887228818, "power_cost": 22.335125012207033, "noise_cost": 15.051107433274483, "n_waypoints_completed": 2, "tot_waypoints": 9}}
{"target": -697.911663021552, "params": {"k_pid_pos": [2.0, 0.9836900234222412, 0.5730695724487305], "k_pid_alt": [1.9613792896270752, 1.0, 0.01438412070274353], "k_pid_att": [100.0, 0.906240701675415, 0.9948530197143555], "k_pid_yaw": [0.5, 1e-06, 0.1], "k_pid_hsp": [9.868263244628906, 0.9177418947219849, 0.04390084743499756], "k_pid_vsp": [3.0480146408081055, 394.24847412109375, 9.166300773620605]}, "datetime": {"datetime": "2025-08-21 17:44:46", "elapsed": 32402.730103969574, "delta": 23.70196533203125}, "costs": {"total_cost": 697.911663021552, "time_cost": 150, "final_distance_cost": 63.22756185867059, "oscillation_cost": 164.9760616835048, "completition_cost": 222.2222222222222, "overshoot_cost": 59.99852113322737, "power_cost": 21.28914100341797, "noise_cost": 16.198155120509238, "n_waypoints_completed": 7, "tot_waypoints": 9}}
