{"target": -774.7030880247804, "params": {"k_pid_pos": [1.9998836517333984, 0.9868848323822021, 0.699372410774231], "k_pid_alt": [1.989227056503296, 1.0, 0.017860591411590576], "k_pid_att": [100.0, 2.438629627227783, 0.9564707279205322], "k_pid_yaw": [0.5, 1e-06, 0.1], "k_pid_hsp": [9.709184646606445, 0.9731020927429199, 0.03667128086090088], "k_pid_vsp": [54.01463317871094, 385.73486328125, 10.561074256896973]}, "datetime": {"datetime": "2025-08-21 12:30:59", "elapsed": 13575.659271001816, "delta": 23.37665057182312}, "costs": {"total_cost": 774.7030880247804, "time_cost": 150, "final_distance_cost": 50.47526938866267, "oscillation_cost": 113.90276662391953, "completition_cost": 333.33333333333337, "overshoot_cost": 70.08576887727185, "power_cost": 26.258593676757815, "noise_cost": 30.647356124835156, "n_waypoints_completed": 6, "tot_waypoints": 9}}
{"target": -690.2716301646323, "params": {"k_pid_pos": [2.0, 0.9822996854782104, 0.9887169599533081], "k_pid_alt": [1.9866681098937988, 1.0, 0.05472153425216675], "k_pid_att": [100.0, 0.6318999528884888, 0.9457449913024902], "k_pid_yaw": [0.5, 1e-06, 0.1], "k_pid_hsp": [9.884997367858887, 0.9609627723693848, 0.007589429616928101], "k_pid_vsp": [1.805710792541504, 394.6188049316406, 6.239462852478027]}, "datetime": {"datetime": "2025-08-21 12:31:22", "elapsed": 13598.959503650665, "delta": 23.300232648849487}, "costs": {"total_cost": 690.2716301646323, "time_cost": 150, "final_distance_cost": 64.76784872350991, "oscillation_cost": 160.44918694064413, "completition_cost": 222.2222222222222, "overshoot_cost": 52.64982768291774, "power_cost": 23.406425524902346, "noise_cost": 16.776119070435932, "n_waypoints_completed": 7, "tot_waypoints": 9}}
{"target": -1079.806924462565, "params": {"k_pid_pos": [2.0, 0.9196279048919678, 0.0003777146339416504], "k_pid_alt": [1.9288132190704346, 1.0, 0.016450613737106323], "k_pid_att": [100.0, 0.025794709101319313, 0.9871008396148682], "k_pid_yaw": [0.5, 1e-06, 0.1], "k_pid_hsp": [9.071499824523926, 0.9955050349235535, 0.10182380676269531], "k_pid_vsp": [30.237091064453125, 388.05865478515625, 10.591996192932129]}, "datetime": {"datetime": "2025-08-21 12:31:45", "elapsed": 13622.358057498932, "delta": 23.3985538482666}, "costs": {"total_cost": 1079.806924462565, "time_cost": 150, "final_distance_cost": 49.39276549887943, "oscillation_cost": 127.28777112598775, "completition_cost": 666.6666666666667, "overshoot_cost": 48.401672304793756, "power_cost": 21.330796728515626, "noise_cost": 16.72725213772157, "n_waypoints_completed": 3, "tot_waypoints": 9}}
{"target": -699.9381180153099, "params": {"k_pid_pos": [1.9999995231628418, 0.9304508566856384, 1.0], "k_pid_alt": [1.842005729675293, 1.0, 0.002837151288986206], "k_pid_att": [100.0, 0.16421379148960114, 0.834990382194519], "k_pid_yaw": [0.5, 1e-06, 0.1], "k_pid_hsp": [9.892815589904785, 0.9879797697067261, 0.004846841096878052], "k_pid_vsp": [1.9667625427246094, 306.7547302246094, 7.175041198730469]}, "datetime": {"datetime": "2025-08-21 12:32:08", "elapsed": 13645.340723276138, "delta": 22.98266577720642}, "costs": {"total_cost": 699.9381180153099, "time_cost": 150, "final_distance_cost": 71.06228549230553, "oscillation_cost": 165.8548245480918, "completition_cost": 222.2222222222222, "overshoot_cost": 54.57243202762444, "power_cost": 21.361784729003908, "noise_cost": 14.864568996061998, "n_waypoints_completed": 7, "tot_waypoints": 9}}
{"target": -1083.2806557780818, "params": {"k_pid_pos": [2.0, 0.9966833591461182, 0.0015108585357666016], "k_pid_alt": [1.6949701309204102, 1.0, 0.020189285278320312], "k_pid_att": [100.0, 0.5061547756195068, 0.9915275573730469], "k_pid_yaw": [0.5, 1e-06, 0.1], "k_pid_hsp": [9.852785110473633, 0.9659808874130249, 0.014256685972213745], "k_pid_vsp": [3.7035346031188965, 352.830322265625, 9.596455574035645]}, "datetime": {"datetime": "2025-08-21 12:32:32", "elapsed": 13668.449877023697, "delta": 23.109153747558594}, "costs": {"total_cost": 1083.2806557780818, "time_cost": 150, "final_distance_cost": 81.40943331005352, "oscillation_cost": 104.10574467495506, "completition_cost": 666.6666666666667, "overshoot_cost": 52.26113679741791, "power_cost": 16.365101831054687, "noise_cost": 12.472572497933859, "n_waypoints_completed": 3, "tot_waypoints": 9}}
{"target": -724.8571214037532, "params": {"k_pid_pos": [1.9055784940719604, 0.9739842414855957, 0.9834067821502686], "k_pid_alt": [1.9487266540527344, 1.0, 0.020160257816314697], "k_pid_att": [99.99999237060547, 0.06937987357378006, 0.9858160018920898], "k_pid_yaw": [0.5, 1e-06, 0.1], "k_pid_hsp": [9.597739219665527, 0.9936007261276245, 0.1472550928592682], "k_pid_vsp": [16.49036407470703, 371.3888244628906, 19.365144729614258]}, "datetime": {"datetime": "2025-08-21 12:32:55", "elapsed": 13691.740958929062, "delta": 23.29108190536499}, "costs": {"total_cost": 724.8571214037532, "time_cost": 150, "final_distance_cost": 73.32811237097073, "oscillation_cost": 189.55505354899444, "completition_cost": 222.2222222222222, "overshoot_cost": 51.34076397322402, "power_cost": 22.251198486328125, "noise_cost": 16.159770802013696, "n_waypoints_completed": 7, "tot_waypoints": 9}}
{"target": -712.4939893875411, "params": {"k_pid_pos": [2.0, 0.9927601218223572, 0.9996668100357056], "k_pid_alt": [1.9679441452026367, 1.0, 0.1634007692337036], "k_pid_att": [99.99987030029297, 0.031598951667547226, 0.9860010147094727], "k_pid_yaw": [0.5, 1e-06, 0.1], "k_pid_hsp": [9.902143478393555, 0.9762221574783325, 0.08256351947784424], "k_pid_vsp": [3.8146138191223145, 385.8883361816406, 26.481952667236328]}, "datetime": {"datetime": "2025-08-21 12:33:18", "elapsed": 13714.722858428955, "delta": 22.98189949989319}, "costs": {"total_cost": 712.4939893875411, "time_cost": 150, "final_distance_cost": 71.70114500208629, "oscillation_cost": 170.55437849492287, "completition_cost": 222.2222222222222, "overshoot_cost": 58.465717124663016, "power_cost": 22.67440858154297, "noise_cost": 16.87611796210377, "n_waypoints_completed": 7, "tot_waypoints": 9}}
{"target": -856.886954387502, "params": {"k_pid_pos": [2.0, 0.8500261902809143, 1.0], "k_pid_alt": [1.9492422342300415, 1.0, 0.0074409544467926025], "k_pid_att": [100.0, 0.4674299955368042, 0.9911097884178162], "k_pid_yaw": [0.5, 1e-06, 0.1], "k_pid_hsp": [8.175328254699707, 0.9799355864524841, 0.09338054060935974], "k_pid_vsp": [10.469615936279297, 375.5232238769531, 17.160263061523438]}, "datetime": {"datetime": "2025-08-21 12:33:41", "elapsed": 13738.023020505905, "delta": 23.300162076950073}, "costs": {"total_cost": 856.886954387502, "time_cost": 150, "final_distance_cost": 70.81418593722316, "oscillation_cost": 216.2487951124176, "completition_cost": 333.33333333333337, "overshoot_cost": 50.06315829026691, "power_cost": 21.35182808837891, "noise_cost": 15.075653625881912, "n_waypoints_completed": 6, "tot_waypoints": 9}}
{"target": -1163.6833262293053, "params": {"k_pid_pos": [0.05013839900493622, 0.8835016489028931, 8.153915405273438e-05], "k_pid_alt": [1.9840196371078491, 0.2720147371292114, 0.0221196711063385], "k_pid_att": [100.0, 0.06521712243556976, 0.9057973623275757], "k_pid_yaw": [0.5, 1e-06, 0.1], "k_pid_hsp": [9.907099723815918, 0.976807713508606, 0.0062882304191589355], "k_pid_vsp": [69.20772552490234, 397.49822998046875, 5.218339920043945]}, "datetime": {"datetime": "2025-08-21 12:34:04", "elapsed": 13761.284358739853, "delta": 23.261338233947754}, "costs": {"total_cost": 1163.6833262293053, "time_cost": 150, "final_distance_cost": 83.71615983176538, "oscillation_cost": 74.2988557091818, "completition_cost": 777.7777777777778, "overshoot_cost": 40.73124856489833, "power_cost": 20.61065399169922, "noise_cost": 16.54863035398276, "n_waypoints_completed": 2, "tot_waypoints": 9}}
{"target": -1216.2592128406213, "params": {"k_pid_pos": [2.0, 0.9810954928398132, 0.0], "k_pid_alt": [1.9699358940124512, 1.0, 0.21036747097969055], "k_pid_att": [100.0, 0.0732717216014862, 0.9903297424316406], "k_pid_yaw": [0.5, 1e-06, 0.1], "k_pid_hsp": [9.93371295928955, 0.9711079597473145, 0.0875205397605896], "k_pid_vsp": [3.3139467239379883, 387.42974853515625, 19.543066024780273]}, "datetime": {"datetime": "2025-08-21 12:34:27", "elapsed": 13784.271521568298, "delta": 22.987162828445435}, "costs": {"total_cost": 1216.2592128406213, "time_cost": 150, "final_distance_cost": 97.25561299504123, "oscillation_cost": 93.9915878939573, "completition_cost": 777.7777777777778, "overshoot_cost": 54.177235592029255, "power_cost": 25.68723892822266, "noise_cost": 17.369759653592848, "n_waypoints_completed": 2, "tot_waypoints": 9}}
{"target": -721.1707570419269, "params": {"k_pid_pos": [2.0, 0.9841477870941162, 0.13591036200523376], "k_pid_alt": [1.8426939249038696, 0.9999179244041443, 0.09318828582763672], "k_pid_att": [100.0, 0.10505051165819168, 0.9727157950401306], "k_pid_yaw": [0.5, 1e-06, 0.1], "k_pid_hsp": [9.87791919708252, 0.8427945375442505, 0.006627976894378662], "k_pid_vsp": [14.56456184387207, 396.348876953125, 42.271602630615234]}, "datetime": {"datetime": "2025-08-21 12:34:51", "elapsed": 13807.615946054459, "delta": 23.34442448616028}, "costs": {"total_cost": 721.1707570419269, "time_cost": 150, "final_distance_cost": 67.95152277566196, "oscillation_cost": 84.4695738063863, "completition_cost": 333.33333333333337, "overshoot_cost": 52.45047055908223, "power_cost": 19.139653149414062, "noise_cost": 13.826203418049108, "n_waypoints_completed": 6, "tot_waypoints": 9}}
{"target": -838.7785981750299, "params": {"k_pid_pos": [2.0, 0.9853224754333496, 0.9999947547912598], "k_pid_alt": [1.9644584655761719, 0.9999971389770508, 0.24933496117591858], "k_pid_att": [100.0, 0.40567097067832947, 0.7230321168899536], "k_pid_yaw": [0.5, 1e-06, 0.1], "k_pid_hsp": [9.782315254211426, 0.9988998770713806, 0.022162199020385742], "k_pid_vsp": [5.144548416137695, 339.6644287109375, 51.27851867675781]}, "datetime": {"datetime": "2025-08-21 12:35:14", "elapsed": 13830.598109722137, "delta": 22.982163667678833}, "costs": {"total_cost": 838.7785981750299, "time_cost": 150, "final_distance_cost": 61.023507789612864, "oscillation_cost": 194.55251060836895, "completition_cost": 333.33333333333337, "overshoot_cost": 55.54554345755641, "power_cost": 23.841872119140625, "noise_cost": 20.481830867017734, "n_waypoints_completed": 6, "tot_waypoints": 9}}
{"target": -1057.465659281021, "params": {"k_pid_pos": [2.0, 0.8335862159729004, 0.0], "k_pid_alt": [1.941173791885376, 1.0, 0.024159789085388184], "k_pid_att": [100.0, 0.2192840576171875, 0.9932087063789368], "k_pid_yaw": [0.5, 1e-06, 0.1], "k_pid_hsp": [9.941235542297363, 0.9821297526359558, 0.011607497930526733], "k_pid_vsp": [4.815161228179932, 389.5636291503906, 1.631105899810791]}, "datetime": {"datetime": "2025-08-21 12:35:37", "elapsed": 13853.75281906128, "delta": 23.154709339141846}, "costs": {"total_cost": 1057.465659281021, "time_cost": 150, "final_distance_cost": 54.047366915531846, "oscillation_cost": 91.82786314275724, "completition_cost": 666.6666666666667, "overshoot_cost": 61.59747311158873, "power_cost": 19.595169006347657, "noise_cost": 13.731120438128798, "n_waypoints_completed": 3, "tot_waypoints": 9}}
{"target": -1315.6441359242212, "params": {"k_pid_pos": [0.07309731841087341, 0.8496617078781128, 0.0], "k_pid_alt": [1.9722822904586792, 1.0, 0.02159556746482849], "k_pid_att": [99.84466552734375, 0.19154968857765198, 0.9965155124664307], "k_pid_yaw": [0.5, 1e-06, 0.1], "k_pid_hsp": [9.97313117980957, 0.9429605007171631, 0.01643526554107666], "k_pid_vsp": [2.770674228668213, 398.6800231933594, 35.769344329833984]}, "datetime": {"datetime": "2025-08-21 12:36:01", "elapsed": 13877.559715270996, "delta": 23.806896209716797}, "costs": {"total_cost": 1315.6441359242212, "time_cost": 150, "final_distance_cost": 14.31856010518869, "oscillation_cost": 66.61951165223462, "completition_cost": 1000.0, "overshoot_cost": 40.22463423998342, "power_cost": 26.627806799316406, "noise_cost": 17.853623127497894, "n_waypoints_completed": 0, "tot_waypoints": 9}}
{"target": -1356.909827153886, "params": {"k_pid_pos": [0.001501235063187778, 0.90226149559021, 0.9998575448989868], "k_pid_alt": [1.9422800540924072, 1.0, 0.0019069314002990723], "k_pid_att": [99.99998474121094, 0.037433892488479614, 0.9915268421173096], "k_pid_yaw": [0.5, 1e-06, 0.1], "k_pid_hsp": [9.840409278869629, 0.9905393123626709, 0.006158292293548584], "k_pid_vsp": [14.011621475219727, 393.85894775390625, 2.4245986938476562]}, "datetime": {"datetime": "2025-08-21 12:36:24", "elapsed": 13900.81377029419, "delta": 23.25405502319336}, "costs": {"total_cost": 1356.909827153886, "time_cost": 150, "final_distance_cost": 70.41031354702845, "oscillation_cost": 171.12317000623418, "completition_cost": 888.8888888888888, "overshoot_cost": 38.42064783110685, "power_cost": 22.463844763183594, "noise_cost": 15.602962117444244, "n_waypoints_completed": 1, "tot_waypoints": 9}}
{"target": -1201.6636630524358, "params": {"k_pid_pos": [1.9999995231628418, 0.9925511479377747, 0.03945854306221008], "k_pid_alt": [1.9819056987762451, 1.0, 0.06314155459403992], "k_pid_att": [100.0, 0.23058050870895386, 0.9630212783813477], "k_pid_yaw": [0.5, 1e-06, 0.1], "k_pid_hsp": [9.980033874511719, 0.9638617634773254, 0.006431400775909424], "k_pid_vsp": [13.232421875, 395.47265625, 2.7697691917419434]}, "datetime": {"datetime": "2025-08-21 12:36:47", "elapsed": 13924.304880142212, "delta": 23.49110984802246}, "costs": {"total_cost": 1201.6636630524358, "time_cost": 150, "final_distance_cost": 67.93517689245203, "oscillation_cost": 65.75876398100752, "completition_cost": 777.7777777777778, "overshoot_cost": 80.74467399962612, "power_cost": 27.678806701660157, "noise_cost": 31.768463699912402, "n_waypoints_completed": 2, "tot_waypoints": 9}}
{"target": -919.5111375115096, "params": {"k_pid_pos": [2.0, 0.9368211030960083, 0.0], "k_pid_alt": [1.8700721263885498, 1.0, 0.00397983193397522], "k_pid_att": [100.0, 0.5370997190475464, 0.9791803359985352], "k_pid_yaw": [0.5, 1e-06, 0.1], "k_pid_hsp": [9.819787979125977, 0.9890130758285522, 0.014137744903564453], "k_pid_vsp": [89.56777954101562, 384.0886535644531, 104.50515747070312]}, "datetime": {"datetime": "2025-08-21 12:37:10", "elapsed": 13947.160831451416, "delta": 22.8559513092041}, "costs": {"total_cost": 919.5111375115096, "time_cost": 150, "final_distance_cost": 50.6122258807545, "oscillation_cost": 74.80907738555801, "completition_cost": 555.5555555555555, "overshoot_cost": 57.12616433904626, "power_cost": 17.164763024902346, "noise_cost": 14.243351325692956, "n_waypoints_completed": 4, "tot_waypoints": 9}}
{"target": -1287.4082605319784, "params": {"k_pid_pos": [1.9925109148025513, 0.9575379490852356, 0.010163664817810059], "k_pid_alt": [1.9529805183410645, 0.999966025352478, 0.17285388708114624], "k_pid_att": [100.0, 0.0811925008893013, 0.973979115486145], "k_pid_yaw": [0.5, 1e-06, 0.1], "k_pid_hsp": [9.424921989440918, 0.9807336330413818, 0.026570826768875122], "k_pid_vsp": [4.144561290740967, 393.7900695800781, 4.9540886878967285]}, "datetime": {"datetime": "2025-08-21 12:37:33", "elapsed": 13970.34541106224, "delta": 23.184579610824585}, "costs": {"total_cost": 1287.4082605319784, "time_cost": 150, "final_distance_cost": 50.545867398676045, "oscillation_cost": 112.67640939534891, "completition_cost": 888.8888888888888, "overshoot_cost": 55.17317516140767, "power_cost": 17.291821887207032, "noise_cost": 12.832097800449672, "n_waypoints_completed": 1, "tot_waypoints": 9}}
{"target": -1185.280701721674, "params": {"k_pid_pos": [1.9999909400939941, 0.9895946979522705, 0.0003637969493865967], "k_pid_alt": [1.8763885498046875, 1.0, 0.0720815658569336], "k_pid_att": [100.0, 0.12691327929496765, 0.8919460773468018], "k_pid_yaw": [0.5, 1e-06, 0.1], "k_pid_hsp": [9.82552433013916, 0.9346806406974792, 0.02194732427597046], "k_pid_vsp": [10.436344146728516, 376.3677062988281, 6.736839771270752]}, "datetime": {"datetime": "2025-08-21 12:37:57", "elapsed": 13993.49327635765, "delta": 23.147865295410156}, "costs": {"total_cost": 1185.280701721674, "time_cost": 150, "final_distance_cost": 86.93375993108017, "oscillation_cost": 86.44303713772237, "completition_cost": 777.7777777777778, "overshoot_cost": 48.59704348839343, "power_cost": 20.884080932617188, "noise_cost": 14.64500245408286, "n_waypoints_completed": 2, "tot_waypoints": 9}}
{"target": -1237.9338056077893, "params": {"k_pid_pos": [0.014401836320757866, 0.9903614521026611, 0.9968807697296143], "k_pid_alt": [1.9645066261291504, 0.9999995231628418, 0.00991898775100708], "k_pid_att": [100.0, 0.13511806726455688, 0.9689702987670898], "k_pid_yaw": [0.5, 1e-06, 0.1], "k_pid_hsp": [9.673133850097656, 0.9870879650115967, 0.0026821792125701904], "k_pid_vsp": [2.8641104698181152, 373.8941345214844, 18.237842559814453]}, "datetime": {"datetime": "2025-08-21 12:38:20", "elapsed": 14016.988389968872, "delta": 23.495113611221313}, "costs": {"total_cost": 1237.9338056077893, "time_cost": 150, "final_distance_cost": 76.25246046062777, "oscillation_cost": 160.26052166502237, "completition_cost": 777.7777777777778, "overshoot_cost": 39.76701526639226, "power_cost": 19.610730041503906, "noise_cost": 14.265300396465092, "n_waypoints_completed": 2, "tot_waypoints": 9}}
{"target": -1079.3378339061126, "params": {"k_pid_pos": [1.9979462623596191, 0.9907644987106323, 0.00046139955520629883], "k_pid_alt": [1.9729206562042236, 0.9999998807907104, 0.03486686944961548], "k_pid_att": [100.0, 0.038001321256160736, 0.9431846141815186], "k_pid_yaw": [0.5, 1e-06, 0.1], "k_pid_hsp": [9.916727066040039, 0.885636568069458, 0.04540714621543884], "k_pid_vsp": [21.222055435180664, 394.89599609375, 50.35464859008789]}, "datetime": {"datetime": "2025-08-21 12:38:43", "elapsed": 14040.359002113342, "delta": 23.370612144470215}, "costs": {"total_cost": 1079.3378339061126, "time_cost": 150, "final_distance_cost": 57.347343922885315, "oscillation_cost": 114.64933973384069, "completition_cost": 666.6666666666667, "overshoot_cost": 57.97522490916512, "power_cost": 18.16196334228516, "noise_cost": 14.537295331269773, "n_waypoints_completed": 3, "tot_waypoints": 9}}
{"target": -1273.4651463149867, "params": {"k_pid_pos": [2.0, 0.9927751421928406, 0.03782588243484497], "k_pid_alt": [1.9659819602966309, 1.0, 0.014446467161178589], "k_pid_att": [100.0, 1.8339115381240845, 0.9891903400421143], "k_pid_yaw": [0.5, 1e-06, 0.1], "k_pid_hsp": [9.499187469482422, 0.94136643409729, 0.03031313419342041], "k_pid_vsp": [21.81023406982422, 389.08294677734375, 30.504728317260742]}, "datetime": {"datetime": "2025-08-21 12:39:07", "elapsed": 14063.687894582748, "delta": 23.328892469406128}, "costs": {"total_cost": 1273.4651463149867, "time_cost": 150, "final_distance_cost": 50.088386089025796, "oscillation_cost": 72.37154523789307, "completition_cost": 888.8888888888888, "overshoot_cost": 55.333343913571554, "power_cost": 28.886321057128907, "noise_cost": 27.8966611284785, "n_waypoints_completed": 1, "tot_waypoints": 9}}
{"target": -678.550204870677, "params": {"k_pid_pos": [1.6119285821914673, 0.9936758279800415, 0.5983494520187378], "k_pid_alt": [1.971289873123169, 1.0, 0.008594810962677002], "k_pid_att": [100.0, 1.13388192653656, 0.9903221130371094], "k_pid_yaw": [0.5, 1e-06, 0.1], "k_pid_hsp": [9.964159965515137, 0.9921314120292664, 0.01475304365158081], "k_pid_vsp": [10.46912670135498, 395.5030517578125, 5.327023029327393]}, "datetime": {"datetime": "2025-08-21 12:39:30", "elapsed": 14086.824439287186, "delta": 23.136544704437256}, "costs": {"total_cost": 678.550204870677, "time_cost": 150, "final_distance_cost": 74.44075913763837, "oscillation_cost": 144.64686372155685, "completition_cost": 222.2222222222222, "overshoot_cost": 49.64012399265376, "power_cost": 21.44453924560547, "noise_cost": 16.155696551000347, "n_waypoints_completed": 7, "tot_waypoints": 9}}
{"target": -1217.9992667098506, "params": {"k_pid_pos": [2.0, 0.9770678877830505, 2.086162567138672e-07], "k_pid_alt": [1.9734011888504028, 0.9994316697120667, 0.010817766189575195], "k_pid_att": [99.99999237060547, 0.11430612951517105, 0.9229010939598083], "k_pid_yaw": [0.5, 1e-06, 0.1], "k_pid_hsp": [9.971904754638672, 0.9576836824417114, 0.1508316695690155], "k_pid_vsp": [7.66226053237915, 373.4452819824219, 4.746557235717773]}, "datetime": {"datetime": "2025-08-21 12:39:54", "elapsed": 14110.446430206299, "delta": 23.62199091911316}, "costs": {"total_cost": 1217.9992667098506, "time_cost": 150, "final_distance_cost": 83.75561276930848, "oscillation_cost": 109.3012966785959, "completition_cost": 777.7777777777778, "overshoot_cost": 52.120245756733794, "power_cost": 26.924020324707033, "noise_cost": 18.12031340272764, "n_waypoints_completed": 2, "tot_waypoints": 9}}
{"target": -771.9189247323169, "params": {"k_pid_pos": [0.7385608553886414, 0.9676979780197144, 0.9996883273124695], "k_pid_alt": [1.8455623388290405, 1.0, 0.0895199179649353], "k_pid_att": [100.0, 0.4090213179588318, 0.9686107039451599], "k_pid_yaw": [0.5, 1e-06, 0.1], "k_pid_hsp": [9.647706985473633, 0.9515122175216675, 0.010821312665939331], "k_pid_vsp": [18.839967727661133, 399.47528076171875, 12.758708953857422]}, "datetime": {"datetime": "2025-08-21 12:40:17", "elapsed": 14133.73887848854, "delta": 23.29244828224182}, "costs": {"total_cost": 771.9189247323169, "time_cost": 150, "final_distance_cost": 66.69304951922209, "oscillation_cost": 123.81570861172904, "completition_cost": 333.33333333333337, "overshoot_cost": 50.66611825484014, "power_cost": 27.347256079101562, "noise_cost": 20.06345893409055, "n_waypoints_completed": 6, "tot_waypoints": 9}}
