{"target": -1180.9422756969516, "params": {"k_pid_pos": [2.0, 0.9535166025161743, 0.0], "k_pid_alt": [1.7960991859436035, 1.6570091247558594e-05, 0.021927833557128906], "k_pid_att": [99.99927520751953, 0.37634459137916565, 0.9142690300941467], "k_pid_yaw": [0.5, 1e-06, 0.1], "k_pid_hsp": [8.368802070617676, 0.9605320692062378, 0.011921048164367676], "k_pid_vsp": [1.865994930267334, 394.073486328125, 2.759350299835205]}, "datetime": {"datetime": "2025-08-21 12:01:34", "elapsed": 11810.49678516388, "delta": 26.144208192825317}, "costs": {"total_cost": 1180.9422756969516, "time_cost": 150, "final_distance_cost": 90.67357163694652, "oscillation_cost": 77.55631562201698, "completition_cost": 777.7777777777778, "overshoot_cost": 44.979302258156025, "power_cost": 23.934156201171877, "noise_cost": 16.02115220088234, "n_waypoints_completed": 2, "tot_waypoints": 9}}
{"target": -1198.4317799386463, "params": {"k_pid_pos": [2.0, 0.9609434604644775, 0.24668064713478088], "k_pid_alt": [1.9824707508087158, 1.0, 0.01638147234916687], "k_pid_att": [99.66901397705078, 0.042876336723566055, 0.978324294090271], "k_pid_yaw": [0.5, 1e-06, 0.1], "k_pid_hsp": [9.979249000549316, 0.969836950302124, 0.07652539014816284], "k_pid_vsp": [58.491180419921875, 387.9407043457031, 1.934600830078125]}, "datetime": {"datetime": "2025-08-21 12:02:00", "elapsed": 11836.71909070015, "delta": 26.22230553627014}, "costs": {"total_cost": 1198.4317799386463, "time_cost": 150, "final_distance_cost": 67.6830779195983, "oscillation_cost": 118.90468907820637, "completition_cost": 777.7777777777778, "overshoot_cost": 46.56829906244768, "power_cost": 22.00078760986328, "noise_cost": 15.497148490752831, "n_waypoints_completed": 2, "tot_waypoints": 9}}
{"target": -928.5762712636207, "params": {"k_pid_pos": [2.0, 0.9902396202087402, 0.00693434476852417], "k_pid_alt": [1.9731149673461914, 1.0, 0.15732258558273315], "k_pid_att": [100.0, 0.6271733641624451, 0.990173876285553], "k_pid_yaw": [0.5, 1e-06, 0.1], "k_pid_hsp": [9.431519508361816, 0.9494123458862305, 0.008044213056564331], "k_pid_vsp": [21.06761932373047, 323.68695068359375, 2.3919711112976074]}, "datetime": {"datetime": "2025-08-21 12:02:25", "elapsed": 11862.008741855621, "delta": 25.2896511554718}, "costs": {"total_cost": 928.5762712636207, "time_cost": 150, "final_distance_cost": 49.505131448465946, "oscillation_cost": 83.31279653770638, "completition_cost": 555.5555555555555, "overshoot_cost": 55.04262519133686, "power_cost": 19.439208471679688, "noise_cost": 15.720954058876387, "n_waypoints_completed": 4, "tot_waypoints": 9}}
{"target": -1083.400500735581, "params": {"k_pid_pos": [2.0, 0.9223614931106567, 0.10072726011276245], "k_pid_alt": [1.9165730476379395, 1.0, 0.3032667636871338], "k_pid_att": [99.9999771118164, 1.7714166641235352, 0.8482969403266907], "k_pid_yaw": [0.5, 1e-06, 0.1], "k_pid_hsp": [9.805706977844238, 0.9743450880050659, 0.03131800889968872], "k_pid_vsp": [10.494112968444824, 386.98974609375, 35.08914566040039]}, "datetime": {"datetime": "2025-08-21 12:02:49", "elapsed": 11886.02846288681, "delta": 24.019721031188965}, "costs": {"total_cost": 1083.400500735581, "time_cost": 150, "final_distance_cost": 55.30110163337871, "oscillation_cost": 132.51553237068475, "completition_cost": 666.6666666666667, "overshoot_cost": 45.92766147033365, "power_cost": 18.476651562500003, "noise_cost": 14.512887032017247, "n_waypoints_completed": 3, "tot_waypoints": 9}}
{"target": -1349.0851132619596, "params": {"k_pid_pos": [1.7945623397827148, 0.9350544214248657, 0.001835465431213379], "k_pid_alt": [1.9315508604049683, 0.9999975562095642, 0.05001506209373474], "k_pid_att": [100.0, 2.0618844032287598, 0.8861517906188965], "k_pid_yaw": [0.5, 1e-06, 0.1], "k_pid_hsp": [9.839180946350098, 0.9945400953292847, 0.025942862033843994], "k_pid_vsp": [5.382966995239258, 208.48880004882812, 111.9546890258789]}, "datetime": {"datetime": "2025-08-21 12:03:15", "elapsed": 11912.328764677048, "delta": 26.300301790237427}, "costs": {"total_cost": 1349.0851132619596, "time_cost": 150, "final_distance_cost": 37.81109170522856, "oscillation_cost": 78.93099718718149, "completition_cost": 1000.0, "overshoot_cost": 45.813951346363055, "power_cost": 19.293747985839843, "noise_cost": 17.23532503734673, "n_waypoints_completed": 0, "tot_waypoints": 9}}
{"target": -1281.992431555592, "params": {"k_pid_pos": [2.0, 0.9643567204475403, 2.9802322387695312e-08], "k_pid_alt": [1.9747376441955566, 1.0, 0.009394615888595581], "k_pid_att": [100.0, 0.7677387595176697, 0.9991981387138367], "k_pid_yaw": [0.5, 1e-06, 0.1], "k_pid_hsp": [9.975790977478027, 0.9795225858688354, 0.01808929443359375], "k_pid_vsp": [25.167560577392578, 387.6519775390625, 3.9653191566467285]}, "datetime": {"datetime": "2025-08-21 12:03:41", "elapsed": 11937.557246923447, "delta": 25.228482246398926}, "costs": {"total_cost": 1281.992431555592, "time_cost": 150, "final_distance_cost": 74.7363060451613, "oscillation_cost": 88.9600484395356, "completition_cost": 888.8888888888888, "overshoot_cost": 43.5092481659632, "power_cost": 21.188663317871093, "noise_cost": 14.709276698171895, "n_waypoints_completed": 1, "tot_waypoints": 9}}
{"target": -1183.0950732515084, "params": {"k_pid_pos": [2.0, 0.9761024713516235, 3.3080577850341797e-06], "k_pid_alt": [1.975858449935913, 0.9999431371688843, 0.007720768451690674], "k_pid_att": [100.0, 0.45002591609954834, 0.9919462203979492], "k_pid_yaw": [0.5, 1e-06, 0.1], "k_pid_hsp": [9.795538902282715, 0.8772221803665161, 0.004480183124542236], "k_pid_vsp": [26.203882217407227, 397.22088623046875, 13.422812461853027]}, "datetime": {"datetime": "2025-08-21 12:04:04", "elapsed": 11961.320288658142, "delta": 23.763041734695435}, "costs": {"total_cost": 1183.0950732515084, "time_cost": 150, "final_distance_cost": 96.17325174105224, "oscillation_cost": 76.1439456592414, "completition_cost": 777.7777777777778, "overshoot_cost": 50.5652070809063, "power_cost": 18.72017469482422, "noise_cost": 13.714716297706413, "n_waypoints_completed": 2, "tot_waypoints": 9}}
{"target": -351.23748070507037, "params": {"k_pid_pos": [2.0, 0.9728368520736694, 0.9118902087211609], "k_pid_alt": [1.8471225500106812, 1.0, 0.011508524417877197], "k_pid_att": [100.0, 1.6043578386306763, 0.9305744767189026], "k_pid_yaw": [0.5, 1e-06, 0.1], "k_pid_hsp": [9.303001403808594, 0.9751622676849365, 0.011795908212661743], "k_pid_vsp": [139.70274353027344, 371.13946533203125, 30.311491012573242]}, "datetime": {"datetime": "2025-08-21 12:04:28", "elapsed": 11985.19068813324, "delta": 23.870399475097656}, "costs": {"total_cost": 351.23748070507037, "time_cost": 98.92, "final_distance_cost": 1.7332821708917316, "oscillation_cost": 162.09021171934486, "completition_cost": 0.0, "overshoot_cost": 57.32846025980863, "power_cost": 16.129767126464845, "noise_cost": 15.035759428560246, "n_waypoints_completed": 9, "tot_waypoints": 9}}
{"target": -924.8205407657317, "params": {"k_pid_pos": [1.9999947547912598, 0.9576042890548706, 0.0], "k_pid_alt": [1.9781379699707031, 0.9861007928848267, 0.0644841194152832], "k_pid_att": [100.0, 0.6344682574272156, 0.9587010741233826], "k_pid_yaw": [0.5, 1e-06, 0.1], "k_pid_hsp": [9.768091201782227, 0.9785716533660889, 0.012856453657150269], "k_pid_vsp": [14.85905647277832, 365.86090087890625, 22.588232040405273]}, "datetime": {"datetime": "2025-08-21 12:04:52", "elapsed": 12009.029239654541, "delta": 23.83855152130127}, "costs": {"total_cost": 924.8205407657317, "time_cost": 150, "final_distance_cost": 51.454362245777375, "oscillation_cost": 83.52777538388173, "completition_cost": 555.5555555555555, "overshoot_cost": 50.07135241368177, "power_cost": 19.321826379394533, "noise_cost": 14.889668787440764, "n_waypoints_completed": 4, "tot_waypoints": 9}}
{"target": -1325.3538575517925, "params": {"k_pid_pos": [2.0, 0.9463623762130737, 0.0], "k_pid_alt": [1.9518964290618896, 0.9999964237213135, 0.03828665614128113], "k_pid_att": [100.0, 1.012412190437317, 0.960503101348877], "k_pid_yaw": [0.5, 1e-06, 0.1], "k_pid_hsp": [9.670042991638184, 0.9888008832931519, 0.06319504976272583], "k_pid_vsp": [4.515326023101807, 395.48345947265625, 12.228621482849121]}, "datetime": {"datetime": "2025-08-21 12:05:16", "elapsed": 12032.549993991852, "delta": 23.52075433731079}, "costs": {"total_cost": 1325.3538575517925, "time_cost": 150, "final_distance_cost": 78.21295932966234, "oscillation_cost": 120.0840734546178, "completition_cost": 888.8888888888888, "overshoot_cost": 55.76252344006167, "power_cost": 18.70285964355469, "noise_cost": 13.702552795007492, "n_waypoints_completed": 1, "tot_waypoints": 9}}
{"target": -3959.852140077501, "params": {"k_pid_pos": [2.0, 0.9759353399276733, 0.0], "k_pid_alt": [1.9544202089309692, 1.2218952178955078e-06, 0.04735100269317627], "k_pid_att": [0.049886107444763184, 0.7326808571815491, 0.9853033423423767], "k_pid_yaw": [0.5, 1e-06, 0.1], "k_pid_hsp": [9.833452224731445, 0.9739221930503845, 0.08466377854347229], "k_pid_vsp": [1.6394972801208496, 360.59466552734375, 20.174135208129883]}, "datetime": {"datetime": "2025-08-21 12:05:39", "elapsed": 12055.918932676315, "delta": 23.3689386844635}, "costs": {"total_cost": 3959.852140077501, "time_cost": 150, "final_distance_cost": 573.9639660498378, "oscillation_cost": 660.6850601746802, "completition_cost": 1000.0, "overshoot_cost": 1451.1780974230069, "power_cost": 35.1350431640625, "noise_cost": 88.88997326591394, "n_waypoints_completed": 0, "tot_waypoints": 9}}
{"target": -708.4064080950483, "params": {"k_pid_pos": [2.0, 0.9743852615356445, 0.9999443292617798], "k_pid_alt": [1.7400381565093994, 1.0, 0.04394751787185669], "k_pid_att": [100.0, 0.42013776302337646, 0.9616082906723022], "k_pid_yaw": [0.5, 1e-06, 0.1], "k_pid_hsp": [9.7777099609375, 0.9315267205238342, 0.0623897910118103], "k_pid_vsp": [8.2916259765625, 389.67181396484375, 24.753381729125977]}, "datetime": {"datetime": "2025-08-21 12:06:02", "elapsed": 12079.178173542023, "delta": 23.259240865707397}, "costs": {"total_cost": 708.4064080950483, "time_cost": 150, "final_distance_cost": 70.33590709204833, "oscillation_cost": 173.22126068456913, "completition_cost": 222.2222222222222, "overshoot_cost": 54.486473169243276, "power_cost": 22.537681933593753, "noise_cost": 15.602862993371694, "n_waypoints_completed": 7, "tot_waypoints": 9}}
{"target": -1314.148406000696, "params": {"k_pid_pos": [2.0, 0.9041986465454102, 0.0], "k_pid_alt": [1.9931771755218506, 1.0, 0.05954235792160034], "k_pid_att": [99.99998474121094, 0.14671581983566284, 0.9850848913192749], "k_pid_yaw": [0.5, 1e-06, 0.1], "k_pid_hsp": [9.96776008605957, 0.9680444002151489, 0.022431910037994385], "k_pid_vsp": [6.0509443283081055, 392.51171875, 33.498023986816406]}, "datetime": {"datetime": "2025-08-21 12:06:26", "elapsed": 12102.585640192032, "delta": 23.407466650009155}, "costs": {"total_cost": 1314.148406000696, "time_cost": 150, "final_distance_cost": 83.07436928723585, "oscillation_cost": 121.54474038403099, "completition_cost": 888.8888888888888, "overshoot_cost": 43.105331120851446, "power_cost": 15.419855383300781, "noise_cost": 12.115220936388365, "n_waypoints_completed": 1, "tot_waypoints": 9}}
{"target": -1212.2148772339344, "params": {"k_pid_pos": [2.0, 0.9949213266372681, 0.0], "k_pid_alt": [1.7078839540481567, 0.8465422987937927, 0.006932765245437622], "k_pid_att": [100.0, 0.7253686189651489, 0.9373913407325745], "k_pid_yaw": [0.5, 1e-06, 0.1], "k_pid_hsp": [9.444780349731445, 0.9287397265434265, 0.0982913076877594], "k_pid_vsp": [65.28565979003906, 378.55328369140625, 1.1118659973144531]}, "datetime": {"datetime": "2025-08-21 12:06:49", "elapsed": 12125.885283708572, "delta": 23.299643516540527}, "costs": {"total_cost": 1212.2148772339344, "time_cost": 150, "final_distance_cost": 98.70282138317835, "oscillation_cost": 98.77290678132603, "completition_cost": 777.7777777777778, "overshoot_cost": 47.70793884756777, "power_cost": 22.836500720214843, "noise_cost": 16.416931723869723, "n_waypoints_completed": 2, "tot_waypoints": 9}}
{"target": -1204.406273976774, "params": {"k_pid_pos": [1.999999761581421, 0.9008502960205078, 0.144281804561615], "k_pid_alt": [1.9860957860946655, 1.0, 0.01855972409248352], "k_pid_att": [100.0, 1.029486060142517, 0.9805834293365479], "k_pid_yaw": [0.5, 1e-06, 0.1], "k_pid_hsp": [9.927811622619629, 0.8949941992759705, 0.03544852137565613], "k_pid_vsp": [9.12874984741211, 391.6901550292969, 7.592738628387451]}, "datetime": {"datetime": "2025-08-21 12:07:12", "elapsed": 12148.962426900864, "delta": 23.07714319229126}, "costs": {"total_cost": 1204.406273976774, "time_cost": 150, "final_distance_cost": 89.76693313868704, "oscillation_cost": 106.11829934126524, "completition_cost": 777.7777777777778, "overshoot_cost": 46.351463092810434, "power_cost": 20.067001635742187, "noise_cost": 14.324798990491225, "n_waypoints_completed": 2, "tot_waypoints": 9}}
{"target": -731.7718224057155, "params": {"k_pid_pos": [2.0, 0.9841780066490173, 0.9999773502349854], "k_pid_alt": [1.9482824802398682, 0.994469940662384, 0.03268587589263916], "k_pid_att": [100.0, 0.07616281509399414, 0.9683980941772461], "k_pid_yaw": [0.5, 1e-06, 0.1], "k_pid_hsp": [9.601701736450195, 0.966161847114563, 0.042656123638153076], "k_pid_vsp": [91.72816467285156, 380.30267333984375, 3.638840675354004]}, "datetime": {"datetime": "2025-08-21 12:07:35", "elapsed": 12172.326148748398, "delta": 23.36372184753418}, "costs": {"total_cost": 731.7718224057155, "time_cost": 150, "final_distance_cost": 75.40538848153226, "oscillation_cost": 196.70363478407344, "completition_cost": 222.2222222222222, "overshoot_cost": 51.99578218419367, "power_cost": 18.965275915527343, "noise_cost": 16.47951881816649, "n_waypoints_completed": 7, "tot_waypoints": 9}}
{"target": -934.70751296126, "params": {"k_pid_pos": [2.0, 0.9772117137908936, 0.909844160079956], "k_pid_alt": [1.8375694751739502, 1.0, 0.016698628664016724], "k_pid_att": [100.0, 0.13254287838935852, 0.987130880355835], "k_pid_yaw": [0.5, 1e-06, 0.1], "k_pid_hsp": [9.74742603302002, 0.9898611307144165, 0.05442538857460022], "k_pid_vsp": [1.6346454620361328, 397.88494873046875, 9.120619773864746]}, "datetime": {"datetime": "2025-08-21 12:07:59", "elapsed": 12195.515662193298, "delta": 23.189513444900513}, "costs": {"total_cost": 934.70751296126, "time_cost": 150, "final_distance_cost": 50.382752924018114, "oscillation_cost": 190.80868935098422, "completition_cost": 444.4444444444444, "overshoot_cost": 67.98147081853756, "power_cost": 17.303385119628906, "noise_cost": 13.786770303646747, "n_waypoints_completed": 5, "tot_waypoints": 9}}
{"target": -1374.9018352324283, "params": {"k_pid_pos": [2.0, 0.9806321859359741, 5.504488945007324e-05], "k_pid_alt": [1.9743907451629639, 1.0, 0.0030699968338012695], "k_pid_att": [100.0, 0.06004319712519646, 0.9655884504318237], "k_pid_yaw": [0.5, 1e-06, 0.1], "k_pid_hsp": [9.679204940795898, 0.9892227649688721, 0.18326568603515625], "k_pid_vsp": [23.8426570892334, 363.4620056152344, 22.001041412353516]}, "datetime": {"datetime": "2025-08-21 12:08:22", "elapsed": 12219.170623064041, "delta": 23.654960870742798}, "costs": {"total_cost": 1374.9018352324283, "time_cost": 150, "final_distance_cost": 41.331450472603045, "oscillation_cost": 93.77764659850563, "completition_cost": 1000.0, "overshoot_cost": 41.48934947143572, "power_cost": 29.09731046142578, "noise_cost": 19.206078228458104, "n_waypoints_completed": 0, "tot_waypoints": 9}}
{"target": -737.087234508977, "params": {"k_pid_pos": [1.9878658056259155, 0.9864001274108887, 0.004011809825897217], "k_pid_alt": [1.9726917743682861, 0.9999992847442627, 0.02984347939491272], "k_pid_att": [100.0, 0.09857721626758575, 0.9325071573257446], "k_pid_yaw": [0.5, 1e-06, 0.1], "k_pid_hsp": [9.842963218688965, 0.9686776399612427, 0.015339165925979614], "k_pid_vsp": [3.571605682373047, 387.19281005859375, 13.087845802307129]}, "datetime": {"datetime": "2025-08-21 12:08:46", "elapsed": 12242.525782823563, "delta": 23.355159759521484}, "costs": {"total_cost": 737.087234508977, "time_cost": 150, "final_distance_cost": 71.38402665479323, "oscillation_cost": 89.51660469274466, "completition_cost": 333.33333333333337, "overshoot_cost": 52.57470265002231, "power_cost": 24.093519909667968, "noise_cost": 16.18504726841532, "n_waypoints_completed": 6, "tot_waypoints": 9}}
{"target": -1058.031326568034, "params": {"k_pid_pos": [2.0, 0.9792730808258057, 1.2159347534179688e-05], "k_pid_alt": [1.8742626905441284, 0.9999699592590332, 0.007261812686920166], "k_pid_att": [100.0, 0.1342073231935501, 0.9082584381103516], "k_pid_yaw": [0.5, 1e-06, 0.1], "k_pid_hsp": [9.875164985656738, 0.8362044095993042, 0.014998972415924072], "k_pid_vsp": [40.352176666259766, 397.6228332519531, 22.321380615234375]}, "datetime": {"datetime": "2025-08-21 12:09:09", "elapsed": 12265.762281417847, "delta": 23.236498594284058}, "costs": {"total_cost": 1058.031326568034, "time_cost": 150, "final_distance_cost": 78.03799383076449, "oscillation_cost": 84.96553474355777, "completition_cost": 666.6666666666667, "overshoot_cost": 41.75016117002646, "power_cost": 21.482740039062502, "noise_cost": 15.128230117956086, "n_waypoints_completed": 3, "tot_waypoints": 9}}
{"target": -923.8705205429898, "params": {"k_pid_pos": [2.0, 0.9731554985046387, 1.0], "k_pid_alt": [1.9669404029846191, 1.0, 0.07763540744781494], "k_pid_att": [100.0, 0.4955446422100067, 0.9966716766357422], "k_pid_yaw": [0.5, 1e-06, 0.1], "k_pid_hsp": [9.783276557922363, 0.9840644598007202, 0.048153817653656006], "k_pid_vsp": [18.858264923095703, 371.7700500488281, 7.224215030670166]}, "datetime": {"datetime": "2025-08-21 12:09:32", "elapsed": 12289.062606334686, "delta": 23.3003249168396}, "costs": {"total_cost": 923.8705205429898, "time_cost": 150, "final_distance_cost": 57.94404722866477, "oscillation_cost": 188.15167192892673, "completition_cost": 444.4444444444444, "overshoot_cost": 49.8484810331487, "power_cost": 18.59284772949219, "noise_cost": 14.889028178313131, "n_waypoints_completed": 5, "tot_waypoints": 9}}
{"target": -1273.0766402648314, "params": {"k_pid_pos": [2.0, 0.928676426410675, 0.0009025335311889648], "k_pid_alt": [1.860872507095337, 1.0, 0.024602055549621582], "k_pid_att": [90.35968780517578, 0.15408706665039062, 0.973240852355957], "k_pid_yaw": [0.5, 1e-06, 0.1], "k_pid_hsp": [9.743226051330566, 0.9665265679359436, 0.028967618942260742], "k_pid_vsp": [20.782148361206055, 316.38140869140625, 4.105759620666504]}, "datetime": {"datetime": "2025-08-21 12:09:56", "elapsed": 12312.673904180527, "delta": 23.611297845840454}, "costs": {"total_cost": 1273.0766402648314, "time_cost": 150, "final_distance_cost": 61.007204281851756, "oscillation_cost": 92.19831057783702, "completition_cost": 888.8888888888888, "overshoot_cost": 45.710453877270396, "power_cost": 20.684796899414064, "noise_cost": 14.586985739569347, "n_waypoints_completed": 1, "tot_waypoints": 9}}
{"target": -1261.794471763725, "params": {"k_pid_pos": [2.0, 0.9246149063110352, 0.0018618404865264893], "k_pid_alt": [1.949244499206543, 0.9999998807907104, 0.006406635046005249], "k_pid_att": [4.934221267700195, 0.28457966446876526, 0.9415207505226135], "k_pid_yaw": [0.5, 1e-06, 0.1], "k_pid_hsp": [9.826435089111328, 0.9778906106948853, 0.010751903057098389], "k_pid_vsp": [19.43296241760254, 397.3612365722656, 6.28874397277832]}, "datetime": {"datetime": "2025-08-21 12:10:19", "elapsed": 12335.602670669556, "delta": 22.92876648902893}, "costs": {"total_cost": 1261.794471763725, "time_cost": 150, "final_distance_cost": 65.67208446885788, "oscillation_cost": 73.28216486481779, "completition_cost": 888.8888888888888, "overshoot_cost": 44.07942739854587, "power_cost": 23.771786657714845, "noise_cost": 16.100119484899796, "n_waypoints_completed": 1, "tot_waypoints": 9}}
{"target": -1088.6362154133262, "params": {"k_pid_pos": [2.0, 0.9247374534606934, 9.366869926452637e-05], "k_pid_alt": [1.9966745376586914, 1.0, 0.02099892497062683], "k_pid_att": [100.0, 0.36381402611732483, 0.9793374538421631], "k_pid_yaw": [0.5, 1e-06, 0.1], "k_pid_hsp": [9.566632270812988, 0.9853148460388184, 0.23156008124351501], "k_pid_vsp": [4.4870734214782715, 395.668701171875, 6.516183376312256]}, "datetime": {"datetime": "2025-08-21 12:10:42", "elapsed": 12358.7482380867, "delta": 23.145567417144775}, "costs": {"total_cost": 1088.6362154133262, "time_cost": 150, "final_distance_cost": 55.391295427316926, "oscillation_cost": 123.05424192546306, "completition_cost": 666.6666666666667, "overshoot_cost": 52.84240403675634, "power_cost": 24.24740244140625, "noise_cost": 16.43420491571696, "n_waypoints_completed": 3, "tot_waypoints": 9}}
{"target": -814.5669042345667, "params": {"k_pid_pos": [2.0, 0.9778331518173218, 0.0], "k_pid_alt": [1.947779655456543, 7.12275505065918e-06, 0.018521875143051147], "k_pid_att": [99.91622161865234, 1.3780916929244995, 0.9708652496337891], "k_pid_yaw": [0.5, 1e-06, 0.1], "k_pid_hsp": [9.614901542663574, 0.9291494488716125, 0.01571717858314514], "k_pid_vsp": [18.76288604736328, 395.0488586425781, 32.01963806152344]}, "datetime": {"datetime": "2025-08-21 12:11:05", "elapsed": 12382.044151544571, "delta": 23.295913457870483}, "costs": {"total_cost": 814.5669042345667, "time_cost": 150, "final_distance_cost": 46.61640805120959, "oscillation_cost": 75.23383984585277, "completition_cost": 444.4444444444444, "overshoot_cost": 54.7623324268045, "power_cost": 25.79940330810547, "noise_cost": 17.710476158149813, "n_waypoints_completed": 5, "tot_waypoints": 9}}
