{"target": -1053.384222389394, "params": {"k_pid_pos": [2.0, 0.947284460067749, 0.0005901157855987549], "k_pid_alt": [1.9265931844711304, 1.0, 0.01388692855834961], "k_pid_att": [100.0, 0.07234904915094376, 0.9599988460540771], "k_pid_yaw": [0.5, 1e-06, 0.1], "k_pid_hsp": [9.200916290283203, 0.9629577994346619, 0.022378236055374146], "k_pid_vsp": [6.180083751678467, 363.4875793457031, 5.426538944244385]}, "datetime": {"datetime": "2025-08-21 15:26:28", "elapsed": 24105.11968278885, "delta": 24.216277599334717}, "costs": {"total_cost": 1053.384222389394, "time_cost": 150, "final_distance_cost": 57.618445808711854, "oscillation_cost": 87.83317981143118, "completition_cost": 666.6666666666667, "overshoot_cost": 53.536337943955346, "power_cost": 22.46951591796875, "noise_cost": 15.260076240659988, "n_waypoints_completed": 3, "tot_waypoints": 9}}
{"target": -1288.8069586696602, "params": {"k_pid_pos": [2.0, 0.9736301898956299, 0.0015710890293121338], "k_pid_alt": [1.9827394485473633, 1.0, 0.009932458400726318], "k_pid_att": [99.99960327148438, 0.04248622804880142, 0.9842150807380676], "k_pid_yaw": [0.5, 1e-06, 0.1], "k_pid_hsp": [9.803526878356934, 0.9919751882553101, 0.035220444202423096], "k_pid_vsp": [3.737318515777588, 394.92584228515625, 1.8170127868652344]}, "datetime": {"datetime": "2025-08-21 15:26:51", "elapsed": 24127.898535728455, "delta": 22.778852939605713}, "costs": {"total_cost": 1288.8069586696602, "time_cost": 150, "final_distance_cost": 73.01194302159352, "oscillation_cost": 94.87603151211582, "completition_cost": 888.8888888888888, "overshoot_cost": 42.523369118727594, "power_cost": 23.553880224609376, "noise_cost": 15.952845903725212, "n_waypoints_completed": 1, "tot_waypoints": 9}}
{"target": -777.7968872969058, "params": {"k_pid_pos": [2.0, 0.9516443610191345, 0.999998927116394], "k_pid_alt": [1.9645394086837769, 1.0, 0.018706053495407104], "k_pid_att": [100.0, 0.3050253689289093, 0.9754036068916321], "k_pid_yaw": [0.5, 1e-06, 0.1], "k_pid_hsp": [9.005716323852539, 0.9856626987457275, 0.025371402502059937], "k_pid_vsp": [25.31398582458496, 392.2274475097656, 2.9067883491516113]}, "datetime": {"datetime": "2025-08-21 15:27:14", "elapsed": 24151.216229200363, "delta": 23.31769347190857}, "costs": {"total_cost": 777.7968872969058, "time_cost": 150, "final_distance_cost": 62.72603890728051, "oscillation_cost": 135.09338834832914, "completition_cost": 333.33333333333337, "overshoot_cost": 50.51144410025615, "power_cost": 26.245533129882812, "noise_cost": 19.887149477823705, "n_waypoints_completed": 6, "tot_waypoints": 9}}
{"target": -1064.519302457216, "params": {"k_pid_pos": [2.0, 0.9451389312744141, 0.6063886880874634], "k_pid_alt": [1.8892600536346436, 0.7888981103897095, 0.07990875840187073], "k_pid_att": [99.99990844726562, 0.028611596673727036, 0.9780852794647217], "k_pid_yaw": [0.5, 1e-06, 0.1], "k_pid_hsp": [9.786742210388184, 0.9753063917160034, 0.015867799520492554], "k_pid_vsp": [6.14316463470459, 364.8724670410156, 8.405996322631836]}, "datetime": {"datetime": "2025-08-21 15:27:38", "elapsed": 24174.637635231018, "delta": 23.421406030654907}, "costs": {"total_cost": 1064.519302457216, "time_cost": 150, "final_distance_cost": 53.19128154965519, "oscillation_cost": 99.41753638841384, "completition_cost": 666.6666666666667, "overshoot_cost": 56.05612686199862, "power_cost": 23.220301611328125, "noise_cost": 15.967389379153731, "n_waypoints_completed": 3, "tot_waypoints": 9}}
{"target": -921.9581729468389, "params": {"k_pid_pos": [2.0, 0.9894904494285583, 0.00012764334678649902], "k_pid_alt": [1.99081552028656, 1.0, 0.0028481781482696533], "k_pid_att": [100.0, 0.24421434104442596, 0.9889501929283142], "k_pid_yaw": [0.5, 1e-06, 0.1], "k_pid_hsp": [9.4286470413208, 0.911596417427063, 0.004933208227157593], "k_pid_vsp": [30.639373779296875, 388.3674621582031, 11.072625160217285]}, "datetime": {"datetime": "2025-08-21 15:28:02", "elapsed": 24198.512593984604, "delta": 23.874958753585815}, "costs": {"total_cost": 921.9581729468389, "time_cost": 150, "final_distance_cost": 43.39967388071683, "oscillation_cost": 79.8559618283265, "completition_cost": 555.5555555555555, "overshoot_cost": 64.39534638462469, "power_cost": 16.19238298339844, "noise_cost": 12.559252314216888, "n_waypoints_completed": 4, "tot_waypoints": 9}}
{"target": -723.7727848286728, "params": {"k_pid_pos": [2.0, 0.9799468517303467, 0.9999997615814209], "k_pid_alt": [1.9637995958328247, 1.0, 0.06340035796165466], "k_pid_att": [100.0, 0.20704644918441772, 0.9922879934310913], "k_pid_yaw": [0.5, 1e-06, 0.1], "k_pid_hsp": [9.886693000793457, 0.9667459726333618, 0.050756990909576416], "k_pid_vsp": [12.64859390258789, 382.43341064453125, 1.0429630279541016]}, "datetime": {"datetime": "2025-08-21 15:28:26", "elapsed": 24222.44736647606, "delta": 23.934772491455078}, "costs": {"total_cost": 723.7727848286728, "time_cost": 150, "final_distance_cost": 74.43990091214582, "oscillation_cost": 188.60031448573605, "completition_cost": 222.2222222222222, "overshoot_cost": 52.23213787825004, "power_cost": 20.513747106933593, "noise_cost": 15.764462223385232, "n_waypoints_completed": 7, "tot_waypoints": 9}}
{"target": -768.5213477777694, "params": {"k_pid_pos": [2.0, 0.9957334995269775, 0.5765234231948853], "k_pid_alt": [1.9202224016189575, 1.0, 0.0021568238735198975], "k_pid_att": [100.0, 0.19458502531051636, 0.9951356649398804], "k_pid_yaw": [0.5, 1e-06, 0.1], "k_pid_hsp": [9.818655014038086, 0.850734531879425, 0.037417590618133545], "k_pid_vsp": [36.00791549682617, 396.1041564941406, 2.1910319328308105]}, "datetime": {"datetime": "2025-08-21 15:28:49", "elapsed": 24245.88054704666, "delta": 23.433180570602417}, "costs": {"total_cost": 768.5213477777694, "time_cost": 150, "final_distance_cost": 78.9016724385702, "oscillation_cost": 110.5804033758284, "completition_cost": 333.33333333333337, "overshoot_cost": 53.63714571950575, "power_cost": 24.63300242919922, "noise_cost": 17.435790481332447, "n_waypoints_completed": 6, "tot_waypoints": 9}}
{"target": -1048.040561560209, "params": {"k_pid_pos": [2.0, 0.9926325082778931, 1.1175870895385742e-05], "k_pid_alt": [1.9776194095611572, 1.0, 0.07652890682220459], "k_pid_att": [100.0, 0.15844888985157013, 0.9665380716323853], "k_pid_yaw": [0.5, 1e-06, 0.1], "k_pid_hsp": [9.628586769104004, 0.9862828850746155, 0.008730411529541016], "k_pid_vsp": [5.442690849304199, 354.587890625, 3.078127861022949]}, "datetime": {"datetime": "2025-08-21 15:29:13", "elapsed": 24269.62082004547, "delta": 23.740272998809814}, "costs": {"total_cost": 1048.040561560209, "time_cost": 150, "final_distance_cost": 55.728181346237534, "oscillation_cost": 83.4871809581216, "completition_cost": 666.6666666666667, "overshoot_cost": 50.58543890208388, "power_cost": 23.09130047607422, "noise_cost": 18.481793211024986, "n_waypoints_completed": 3, "tot_waypoints": 9}}
{"target": -957.1325893369349, "params": {"k_pid_pos": [2.0, 0.8428871035575867, 2.41696834564209e-05], "k_pid_alt": [1.9822533130645752, 1.0, 0.010497093200683594], "k_pid_att": [100.0, 0.41216304898262024, 0.9619143009185791], "k_pid_yaw": [0.5, 1e-06, 0.1], "k_pid_hsp": [9.851139068603516, 0.9974310398101807, 0.02312237024307251], "k_pid_vsp": [10.43032455444336, 395.6690673828125, 9.310257911682129]}, "datetime": {"datetime": "2025-08-21 15:29:36", "elapsed": 24293.316362142563, "delta": 23.695542097091675}, "costs": {"total_cost": 957.1325893369349, "time_cost": 150, "final_distance_cost": 46.30442577997274, "oscillation_cost": 115.8641202263979, "completition_cost": 555.5555555555555, "overshoot_cost": 57.93628035497284, "power_cost": 17.36732685546875, "noise_cost": 14.104880564567104, "n_waypoints_completed": 4, "tot_waypoints": 9}}
{"target": -709.7620268065257, "params": {"k_pid_pos": [2.0, 0.9804354310035706, 0.9999999403953552], "k_pid_alt": [1.9369990825653076, 0.9604169726371765, 0.272111177444458], "k_pid_att": [100.0, 0.5975680351257324, 0.9953361749649048], "k_pid_yaw": [0.5, 1e-06, 0.1], "k_pid_hsp": [9.868264198303223, 0.9947842359542847, 0.06437668204307556], "k_pid_vsp": [20.324634552001953, 398.7979431152344, 15.772605895996094]}, "datetime": {"datetime": "2025-08-21 15:30:00", "elapsed": 24316.86401939392, "delta": 23.547657251358032}, "costs": {"total_cost": 709.7620268065257, "time_cost": 150, "final_distance_cost": 71.54448589712244, "oscillation_cost": 168.14583209801316, "completition_cost": 222.2222222222222, "overshoot_cost": 54.87581229136094, "power_cost": 24.50331433105469, "noise_cost": 18.470359966752355, "n_waypoints_completed": 7, "tot_waypoints": 9}}
{"target": -1191.555340871388, "params": {"k_pid_pos": [1.4788665771484375, 0.9979969263076782, 5.960464477539062e-07], "k_pid_alt": [1.9493088722229004, 1.0, 0.002620220184326172], "k_pid_att": [99.99967956542969, 0.08168601989746094, 0.9889084100723267], "k_pid_yaw": [0.5, 1e-06, 0.1], "k_pid_hsp": [9.868796348571777, 0.853735089302063, 0.014282375574111938], "k_pid_vsp": [3.881347179412842, 390.4864807128906, 8.208788871765137]}, "datetime": {"datetime": "2025-08-21 15:30:23", "elapsed": 24340.22643661499, "delta": 23.362417221069336}, "costs": {"total_cost": 1191.555340871388, "time_cost": 150, "final_distance_cost": 88.33494011638707, "oscillation_cost": 99.06270322294043, "completition_cost": 777.7777777777778, "overshoot_cost": 40.9650725211574, "power_cost": 20.990524926757814, "noise_cost": 14.424322306367124, "n_waypoints_completed": 2, "tot_waypoints": 9}}
{"target": -1346.7935254697743, "params": {"k_pid_pos": [0.0021275293547660112, 0.9895613193511963, 5.960464477539063e-08], "k_pid_alt": [1.9179455041885376, 1.0, 0.06025126576423645], "k_pid_att": [100.0, 0.3589199185371399, 0.9853485822677612], "k_pid_yaw": [0.5, 1e-06, 0.1], "k_pid_hsp": [9.968799591064453, 0.9300583004951477, 0.003024488687515259], "k_pid_vsp": [3.5554051399230957, 364.753662109375, 4.773760795593262]}, "datetime": {"datetime": "2025-08-21 15:30:47", "elapsed": 24363.562774181366, "delta": 23.336337566375732}, "costs": {"total_cost": 1346.7935254697743, "time_cost": 150, "final_distance_cost": 36.74423635367517, "oscillation_cost": 68.46044706905494, "completition_cost": 1000.0, "overshoot_cost": 46.884043352104676, "power_cost": 26.802796936035158, "noise_cost": 17.902001758904447, "n_waypoints_completed": 0, "tot_waypoints": 9}}
{"target": -920.2544975855042, "params": {"k_pid_pos": [1.9999548196792603, 0.9225320219993591, 5.960464477539063e-08], "k_pid_alt": [1.757657766342163, 1.0, 0.0010190904140472412], "k_pid_att": [99.99995422363281, 0.1985504925251007, 0.9926528930664062], "k_pid_yaw": [0.5, 1e-06, 0.1], "k_pid_hsp": [9.748547554016113, 0.96349036693573, 0.0050199031829833984], "k_pid_vsp": [37.19965362548828, 392.574462890625, 3.901756763458252]}, "datetime": {"datetime": "2025-08-21 15:31:10", "elapsed": 24387.259010076523, "delta": 23.69623589515686}, "costs": {"total_cost": 920.2544975855042, "time_cost": 150, "final_distance_cost": 46.51135938850549, "oscillation_cost": 78.12090905658982, "completition_cost": 555.5555555555555, "overshoot_cost": 50.72743983418119, "power_cost": 22.96746776123047, "noise_cost": 16.37176598944166, "n_waypoints_completed": 4, "tot_waypoints": 9}}
{"target": -856.9697495953798, "params": {"k_pid_pos": [1.9999759197235107, 0.9218088388442993, 0.9766993522644043], "k_pid_alt": [1.9557969570159912, 0.9999392628669739, 0.0075193047523498535], "k_pid_att": [99.999267578125, 0.01719771884381771, 0.9754217863082886], "k_pid_yaw": [0.5, 1e-06, 0.1], "k_pid_hsp": [9.663708686828613, 0.9440356492996216, 0.05081075429916382], "k_pid_vsp": [2.822577953338623, 377.7726745605469, 150.3333282470703]}, "datetime": {"datetime": "2025-08-21 15:31:35", "elapsed": 24411.441808223724, "delta": 24.182798147201538}, "costs": {"total_cost": 856.9697495953798, "time_cost": 150, "final_distance_cost": 70.11173420285888, "oscillation_cost": 199.11032133003977, "completition_cost": 333.33333333333337, "overshoot_cost": 57.506572474579016, "power_cost": 27.695285803222657, "noise_cost": 19.212502451346058, "n_waypoints_completed": 6, "tot_waypoints": 9}}
{"target": -1321.420636229126, "params": {"k_pid_pos": [2.0, 0.9930357336997986, 0.09838810563087463], "k_pid_alt": [1.9812452793121338, 0.9829211235046387, 0.007700473070144653], "k_pid_att": [100.0, 0.30153048038482666, 0.9961892366409302], "k_pid_yaw": [0.5, 1e-06, 0.1], "k_pid_hsp": [9.90717601776123, 0.9358167052268982, 0.30815768241882324], "k_pid_vsp": [3.22110652923584, 394.09307861328125, 4.438055515289307]}, "datetime": {"datetime": "2025-08-21 15:31:58", "elapsed": 24434.914257526398, "delta": 23.47244930267334}, "costs": {"total_cost": 1321.420636229126, "time_cost": 150, "final_distance_cost": 53.282463494377225, "oscillation_cost": 106.89231543734583, "completition_cost": 888.8888888888888, "overshoot_cost": 65.56197148313102, "power_cost": 27.718496496582034, "noise_cost": 29.07650042880114, "n_waypoints_completed": 1, "tot_waypoints": 9}}
{"target": -810.9557011395597, "params": {"k_pid_pos": [2.0, 0.9921209812164307, 0.0], "k_pid_alt": [1.9467545747756958, 1.0, 0.012335121631622314], "k_pid_att": [100.0, 0.44569119811058044, 0.973947286605835], "k_pid_yaw": [0.5, 1e-06, 0.1], "k_pid_hsp": [9.91527271270752, 0.9455100297927856, 0.005606740713119507], "k_pid_vsp": [46.999656677246094, 390.2001037597656, 4.190803527832031]}, "datetime": {"datetime": "2025-08-21 15:32:22", "elapsed": 24458.792569875717, "delta": 23.878312349319458}, "costs": {"total_cost": 810.9557011395597, "time_cost": 150, "final_distance_cost": 50.19283670780302, "oscillation_cost": 76.6058569960702, "completition_cost": 444.4444444444444, "overshoot_cost": 50.68103716707793, "power_cost": 21.741033605957032, "noise_cost": 17.29049221820707, "n_waypoints_completed": 5, "tot_waypoints": 9}}
{"target": -831.61139998638, "params": {"k_pid_pos": [2.0, 0.9713375568389893, 1.0], "k_pid_alt": [1.9440515041351318, 1.0, 0.00671076774597168], "k_pid_att": [100.0, 0.31853610277175903, 0.9702643156051636], "k_pid_yaw": [0.5, 1e-06, 0.1], "k_pid_hsp": [9.98559856414795, 0.9901821613311768, 0.026132136583328247], "k_pid_vsp": [4.469192028045654, 398.789306640625, 6.3672075271606445]}, "datetime": {"datetime": "2025-08-21 15:32:46", "elapsed": 24482.682460308075, "delta": 23.889890432357788}, "costs": {"total_cost": 831.61139998638, "time_cost": 150, "final_distance_cost": 66.66774931773739, "oscillation_cost": 189.48374254185512, "completition_cost": 333.33333333333337, "overshoot_cost": 58.225439495920284, "power_cost": 19.08370184326172, "noise_cost": 14.817433454272201, "n_waypoints_completed": 6, "tot_waypoints": 9}}
{"target": -1240.3259467190576, "params": {"k_pid_pos": [2.0, 0.9974808692932129, 6.458163261413574e-05], "k_pid_alt": [1.98292076587677, 1.0, 0.0036507844924926758], "k_pid_att": [100.0, 0.11694718152284622, 0.8579122424125671], "k_pid_yaw": [0.5, 1e-06, 0.1], "k_pid_hsp": [8.9005765914917, 0.9891130924224854, 0.020100325345993042], "k_pid_vsp": [16.974544525146484, 327.6686096191406, 9.336496353149414]}, "datetime": {"datetime": "2025-08-21 15:33:09", "elapsed": 24505.960098028183, "delta": 23.277637720108032}, "costs": {"total_cost": 1240.3259467190576, "time_cost": 150, "final_distance_cost": 46.000768026732125, "oscillation_cost": 79.62242452919457, "completition_cost": 888.8888888888888, "overshoot_cost": 38.40002862599007, "power_cost": 22.065378845214845, "noise_cost": 15.348457803037322, "n_waypoints_completed": 1, "tot_waypoints": 9}}
{"target": -4668.360349050852, "params": {"k_pid_pos": [1.9999492168426514, 0.9914143681526184, 9.5367431640625e-07], "k_pid_alt": [1.927403211593628, 1.0, 0.004907399415969849], "k_pid_att": [0.0005543231964111328, 0.31132638454437256, 0.976692795753479], "k_pid_yaw": [0.5, 1e-06, 0.1], "k_pid_hsp": [9.880769729614258, 0.7900840044021606, 0.02871948480606079], "k_pid_vsp": [3.241586685180664, 398.4485778808594, 2.6287922859191895]}, "datetime": {"datetime": "2025-08-21 15:33:33", "elapsed": 24530.35768675804, "delta": 24.3975887298584}, "costs": {"total_cost": 4668.360349050852, "time_cost": 150, "final_distance_cost": 928.5848458948931, "oscillation_cost": 419.9912140951825, "completition_cost": 1000.0, "overshoot_cost": 2041.8691053620196, "power_cost": 34.83784814453125, "noise_cost": 93.07733555422539, "n_waypoints_completed": 0, "tot_waypoints": 9}}
{"target": -673.5550735354165, "params": {"k_pid_pos": [2.0, 0.7513997554779053, 0.01200762391090393], "k_pid_alt": [1.9965312480926514, 1.0, 0.005301088094711304], "k_pid_att": [99.99996185302734, 0.1889125108718872, 0.9660817384719849], "k_pid_yaw": [0.5, 1e-06, 0.1], "k_pid_hsp": [9.828544616699219, 0.9879030585289001, 0.4641503691673279], "k_pid_vsp": [8.83237075805664, 381.6033020019531, 21.120895385742188]}, "datetime": {"datetime": "2025-08-21 15:33:57", "elapsed": 24553.695929288864, "delta": 23.338242530822754}, "costs": {"total_cost": 673.5550735354165, "time_cost": 150, "final_distance_cost": 72.23110556125923, "oscillation_cost": 126.59869537850597, "completition_cost": 222.2222222222222, "overshoot_cost": 62.35685274697974, "power_cost": 22.90817849121094, "noise_cost": 17.238019135238417, "n_waypoints_completed": 7, "tot_waypoints": 9}}
{"target": -315.3637669412551, "params": {"k_pid_pos": [2.0, 0.7760595083236694, 0.9994128942489624], "k_pid_alt": [1.9665157794952393, 1.0, 0.0715806782245636], "k_pid_att": [100.0, 0.2215484082698822, 0.9622014760971069], "k_pid_yaw": [0.5, 1e-06, 0.1], "k_pid_hsp": [9.561625480651855, 0.9108743667602539, 0.012614518404006958], "k_pid_vsp": [16.205263137817383, 391.3076171875, 7.922292709350586]}, "datetime": {"datetime": "2025-08-21 15:34:20", "elapsed": 24576.68027806282, "delta": 22.9843487739563}, "costs": {"total_cost": 315.3637669412551, "time_cost": 97.016, "final_distance_cost": 1.7922515858892714, "oscillation_cost": 115.32188187904573, "completition_cost": 0.0, "overshoot_cost": 61.268504578559096, "power_cost": 22.719801770019533, "noise_cost": 17.24532712774144, "n_waypoints_completed": 9, "tot_waypoints": 9}}
{"target": -924.7034452912725, "params": {"k_pid_pos": [2.0, 0.9670356512069702, 0.9470426440238953], "k_pid_alt": [1.9582006931304932, 1.0, 0.022950679063796997], "k_pid_att": [100.0, 0.09109333157539368, 0.8696051239967346], "k_pid_yaw": [0.5, 1e-06, 0.1], "k_pid_hsp": [9.953167915344238, 0.992418110370636, 0.074677973985672], "k_pid_vsp": [6.678116321563721, 387.9559326171875, 120.85041809082031]}, "datetime": {"datetime": "2025-08-21 15:34:43", "elapsed": 24600.398169994354, "delta": 23.717891931533813}, "costs": {"total_cost": 924.7034452912725, "time_cost": 150, "final_distance_cost": 48.200858614586444, "oscillation_cost": 175.91563877107578, "completition_cost": 444.4444444444444, "overshoot_cost": 61.417951803387155, "power_cost": 24.496973950195315, "noise_cost": 20.227577707583343, "n_waypoints_completed": 5, "tot_waypoints": 9}}
{"target": -966.4353599887858, "params": {"k_pid_pos": [2.0, 0.9950416088104248, 0.9999990463256836], "k_pid_alt": [1.8331973552703857, 1.0, 0.10565891861915588], "k_pid_att": [100.0, 0.3682878911495209, 0.9681345224380493], "k_pid_yaw": [0.5, 1e-06, 0.1], "k_pid_hsp": [9.342347145080566, 0.8886799812316895, 0.018788278102874756], "k_pid_vsp": [7.644104957580566, 392.59112548828125, 9.72039794921875]}, "datetime": {"datetime": "2025-08-21 15:35:07", "elapsed": 24623.746685266495, "delta": 23.348515272140503}, "costs": {"total_cost": 966.4353599887858, "time_cost": 150, "final_distance_cost": 51.85386000634982, "oscillation_cost": 236.7405059301347, "completition_cost": 444.4444444444444, "overshoot_cost": 49.84023913784744, "power_cost": 18.607923693847656, "noise_cost": 14.948386776161772, "n_waypoints_completed": 5, "tot_waypoints": 9}}
{"target": -916.3261218487474, "params": {"k_pid_pos": [2.0, 0.997603178024292, 0.0], "k_pid_alt": [1.9921122789382935, 1.0, 0.02179110050201416], "k_pid_att": [100.0, 0.011481095105409622, 0.9844046831130981], "k_pid_yaw": [0.5, 1e-06, 0.1], "k_pid_hsp": [9.977410316467285, 0.9295578002929688, 0.00645601749420166], "k_pid_vsp": [9.607446670532227, 399.32861328125, 35.585487365722656]}, "datetime": {"datetime": "2025-08-21 15:35:31", "elapsed": 24647.460970640182, "delta": 23.714285373687744}, "costs": {"total_cost": 916.3261218487474, "time_cost": 150, "final_distance_cost": 41.536899154264745, "oscillation_cost": 77.05165378593377, "completition_cost": 555.5555555555555, "overshoot_cost": 50.809891548649595, "power_cost": 23.82154559326172, "noise_cost": 17.550576211082063, "n_waypoints_completed": 4, "tot_waypoints": 9}}
{"target": -808.3893126076285, "params": {"k_pid_pos": [2.0, 0.9400461316108704, 0.9999974966049194], "k_pid_alt": [1.977590560913086, 0.9999690055847168, 0.04027193784713745], "k_pid_att": [100.0, 0.23204319179058075, 0.9973918795585632], "k_pid_yaw": [0.5, 1e-06, 0.1], "k_pid_hsp": [9.927692413330078, 0.9968128204345703, 0.2456495761871338], "k_pid_vsp": [0.8986353874206543, 383.74652099609375, 7.64750337600708]}, "datetime": {"datetime": "2025-08-21 15:35:54", "elapsed": 24670.643622875214, "delta": 23.182652235031128}, "costs": {"total_cost": 808.3893126076285, "time_cost": 150, "final_distance_cost": 64.21627166894608, "oscillation_cost": 163.72768744444716, "completition_cost": 333.33333333333337, "overshoot_cost": 53.464045720121646, "power_cost": 25.131294165039062, "noise_cost": 18.51668027574119, "n_waypoints_completed": 6, "tot_waypoints": 9}}
