{"target": -757.2165978216619, "params": {"k_pid_pos": [2.0, 0.9731385707855225, 0.9999997615814209], "k_pid_alt": [1.8611704111099243, 1.0, 0.02022409439086914], "k_pid_att": [99.99764251708984, 0.13289901614189148, 0.9969226121902466], "k_pid_yaw": [0.5, 1e-06, 0.1], "k_pid_hsp": [9.680481910705566, 0.9784668684005737, 0.00991472601890564], "k_pid_vsp": [6.665396690368652, 399.08282470703125, 10.493827819824219]}, "datetime": {"datetime": "2025-08-21 15:46:04", "elapsed": 25281.32861495018, "delta": 23.578259229660034}, "costs": {"total_cost": 757.2165978216619, "time_cost": 150, "final_distance_cost": 61.94332828570101, "oscillation_cost": 110.49687844477562, "completition_cost": 333.33333333333337, "overshoot_cost": 56.636905498672135, "power_cost": 24.90819189453125, "noise_cost": 19.89796036464844, "n_waypoints_completed": 6, "tot_waypoints": 9}}
{"target": -945.1995727908569, "params": {"k_pid_pos": [2.0, 0.8903474807739258, 0.005496621131896973], "k_pid_alt": [1.9566195011138916, 1.0, 0.014545798301696777], "k_pid_att": [14.234781265258789, 2.5407497882843018, 0.9282412528991699], "k_pid_yaw": [0.5, 1e-06, 0.1], "k_pid_hsp": [9.973450660705566, 0.9817119836807251, 0.09529644250869751], "k_pid_vsp": [4.359126091003418, 344.5953369140625, 2.473724842071533]}, "datetime": {"datetime": "2025-08-21 15:46:28", "elapsed": 25304.870849847794, "delta": 23.542234897613525}, "costs": {"total_cost": 945.1995727908569, "time_cost": 150, "final_distance_cost": 41.988702525559134, "oscillation_cost": 104.43822668195122, "completition_cost": 555.5555555555555, "overshoot_cost": 58.807021957778325, "power_cost": 19.825143286132814, "noise_cost": 14.584922783879742, "n_waypoints_completed": 4, "tot_waypoints": 9}}
{"target": -933.7406896385022, "params": {"k_pid_pos": [2.0, 0.9848892688751221, 0.0], "k_pid_alt": [1.9904203414916992, 1.0, 0.015940070152282715], "k_pid_att": [99.99976348876953, 3.1343986988067627, 0.9951227903366089], "k_pid_yaw": [0.5, 1e-06, 0.1], "k_pid_hsp": [9.150760650634766, 0.9975615739822388, 0.006461530923843384], "k_pid_vsp": [20.71426010131836, 394.8119812011719, 3.32851505279541]}, "datetime": {"datetime": "2025-08-21 15:46:51", "elapsed": 25327.657452583313, "delta": 22.78660273551941}, "costs": {"total_cost": 933.7406896385022, "time_cost": 150, "final_distance_cost": 52.514593796217106, "oscillation_cost": 73.17373124173197, "completition_cost": 555.5555555555555, "overshoot_cost": 65.18329257597817, "power_cost": 21.957721435546876, "noise_cost": 15.355795033472532, "n_waypoints_completed": 4, "tot_waypoints": 9}}
{"target": -675.2180744064552, "params": {"k_pid_pos": [2.0, 0.9397618770599365, 0.9853594303131104], "k_pid_alt": [1.9324548244476318, 1.0, 0.036840081214904785], "k_pid_att": [100.0, 0.5504766702651978, 0.854848325252533], "k_pid_yaw": [0.5, 1e-06, 0.1], "k_pid_hsp": [9.909470558166504, 0.9984784126281738, 0.0022881925106048584], "k_pid_vsp": [1.9931912422180176, 385.5285339355469, 3.943539619445801]}, "datetime": {"datetime": "2025-08-21 15:47:15", "elapsed": 25351.539489746094, "delta": 23.88203716278076}, "costs": {"total_cost": 675.2180744064552, "time_cost": 150, "final_distance_cost": 63.17785375591371, "oscillation_cost": 144.24497210809255, "completition_cost": 222.2222222222222, "overshoot_cost": 52.730396073508466, "power_cost": 24.75429881591797, "noise_cost": 18.088331430800284, "n_waypoints_completed": 7, "tot_waypoints": 9}}
{"target": -1189.2718469688, "params": {"k_pid_pos": [1.996449589729309, 0.9877923727035522, 0.0], "k_pid_alt": [1.9375839233398438, 1.0, 0.08316564559936523], "k_pid_att": [100.0, 0.052348315715789795, 0.9961499571800232], "k_pid_yaw": [0.5, 1e-06, 0.1], "k_pid_hsp": [9.772430419921875, 0.9640934467315674, 0.0029276609420776367], "k_pid_vsp": [8.58360481262207, 384.83740234375, 2.4335989952087402]}, "datetime": {"datetime": "2025-08-21 15:47:38", "elapsed": 25375.045914649963, "delta": 23.50642490386963}, "costs": {"total_cost": 1189.2718469688, "time_cost": 150, "final_distance_cost": 88.66862977479263, "oscillation_cost": 85.40574193983281, "completition_cost": 777.7777777777778, "overshoot_cost": 53.14062060695007, "power_cost": 20.27198184814453, "noise_cost": 14.007095021302225, "n_waypoints_completed": 2, "tot_waypoints": 9}}
{"target": -809.0230361244696, "params": {"k_pid_pos": [2.0, 0.7903767228126526, 4.1425228118896484e-06], "k_pid_alt": [1.9648563861846924, 0.9999998807907104, 0.01591712236404419], "k_pid_att": [100.0, 0.4270700216293335, 0.9905875325202942], "k_pid_yaw": [0.5, 1e-06, 0.1], "k_pid_hsp": [9.413504600524902, 0.9305434226989746, 0.016669124364852905], "k_pid_vsp": [76.49005889892578, 363.5137939453125, 6.942201614379883]}, "datetime": {"datetime": "2025-08-21 15:48:02", "elapsed": 25399.393047332764, "delta": 24.347132682800293}, "costs": {"total_cost": 809.0230361244696, "time_cost": 150, "final_distance_cost": 54.461153792084716, "oscillation_cost": 72.37135710436274, "completition_cost": 444.4444444444444, "overshoot_cost": 49.25221476235863, "power_cost": 21.415692016601565, "noise_cost": 17.07817400461746, "n_waypoints_completed": 5, "tot_waypoints": 9}}
{"target": -680.5060714183675, "params": {"k_pid_pos": [2.0, 0.9407757520675659, 1.0], "k_pid_alt": [1.9550933837890625, 1.0, 0.025995761156082153], "k_pid_att": [100.0, 0.08256369084119797, 0.982865035533905], "k_pid_yaw": [0.5, 1e-06, 0.1], "k_pid_hsp": [9.85190200805664, 0.9313477873802185, 0.008152902126312256], "k_pid_vsp": [6.994020938873291, 395.64190673828125, 4.296041488647461]}, "datetime": {"datetime": "2025-08-21 15:48:26", "elapsed": 25423.144688606262, "delta": 23.751641273498535}, "costs": {"total_cost": 680.5060714183675, "time_cost": 150, "final_distance_cost": 63.63741834697433, "oscillation_cost": 145.01860047013267, "completition_cost": 222.2222222222222, "overshoot_cost": 55.85524907461895, "power_cost": 25.262516455078128, "noise_cost": 18.51006484934116, "n_waypoints_completed": 7, "tot_waypoints": 9}}
{"target": -540.8906470048257, "params": {"k_pid_pos": [2.0, 0.9821217060089111, 0.9999184608459473], "k_pid_alt": [1.9716887474060059, 1.0, 0.04291835427284241], "k_pid_att": [87.0245361328125, 0.03286881744861603, 0.9046362638473511], "k_pid_yaw": [0.5, 1e-06, 0.1], "k_pid_hsp": [9.876684188842773, 0.9564831256866455, 0.0008904933929443359], "k_pid_vsp": [89.76296997070312, 395.5886535644531, 3.084839344024658]}, "datetime": {"datetime": "2025-08-21 15:48:51", "elapsed": 25447.48783493042, "delta": 24.343146324157715}, "costs": {"total_cost": 540.8906470048257, "time_cost": 150, "final_distance_cost": 64.32536785079348, "oscillation_cost": 114.65270008421582, "completition_cost": 111.11111111111116, "overshoot_cost": 58.54440278338524, "power_cost": 23.489706201171877, "noise_cost": 18.767358974148152, "n_waypoints_completed": 8, "tot_waypoints": 9}}
{"target": -1156.5578082394338, "params": {"k_pid_pos": [1.9999992847442627, 0.9941161870956421, 0.046134114265441895], "k_pid_alt": [1.9888420104980469, 1.0, 0.04478523135185242], "k_pid_att": [100.0, 0.3940654695034027, 0.9761191606521606], "k_pid_yaw": [0.5, 1e-06, 0.1], "k_pid_hsp": [9.119914054870605, 0.9655750393867493, 0.028301090002059937], "k_pid_vsp": [2.4382948875427246, 398.90069580078125, 10.662163734436035]}, "datetime": {"datetime": "2025-08-21 15:49:15", "elapsed": 25472.183752775192, "delta": 24.69591784477234}, "costs": {"total_cost": 1156.5578082394338, "time_cost": 150, "final_distance_cost": 59.0476785535603, "oscillation_cost": 74.8097039853108, "completition_cost": 777.7777777777778, "overshoot_cost": 51.27176368589744, "power_cost": 26.116575317382814, "noise_cost": 17.534308919504628, "n_waypoints_completed": 2, "tot_waypoints": 9}}
{"target": -1359.08472973433, "params": {"k_pid_pos": [2.0, 0.9542821645736694, 0.0], "k_pid_alt": [1.9408268928527832, 1.0, 0.007807254791259766], "k_pid_att": [100.0, 0.22749927639961243, 0.9909738302230835], "k_pid_yaw": [0.5, 1e-06, 0.1], "k_pid_hsp": [9.93129825592041, 0.9126582741737366, 0.03197258710861206], "k_pid_vsp": [15.461564064025879, 397.58929443359375, 7.520247459411621]}, "datetime": {"datetime": "2025-08-21 15:49:42", "elapsed": 25498.991465568542, "delta": 26.80771279335022}, "costs": {"total_cost": 1359.08472973433, "time_cost": 150, "final_distance_cost": 45.73477362664731, "oscillation_cost": 93.1288430537471, "completition_cost": 1000.0, "overshoot_cost": 34.15737548999913, "power_cost": 21.19149091796875, "noise_cost": 14.872246645967563, "n_waypoints_completed": 0, "tot_waypoints": 9}}
{"target": -328.5096675277379, "params": {"k_pid_pos": [2.0, 0.9963228702545166, 1.0], "k_pid_alt": [1.8737690448760986, 0.9999999403953552, 0.08547893166542053], "k_pid_att": [100.0, 0.44181784987449646, 0.9935487508773804], "k_pid_yaw": [0.5, 1e-06, 0.1], "k_pid_hsp": [9.927508354187012, 0.9456970691680908, 0.0022797882556915283], "k_pid_vsp": [7.19679594039917, 396.7955017089844, 19.524612426757812]}, "datetime": {"datetime": "2025-08-21 15:50:07", "elapsed": 25523.530528068542, "delta": 24.5390625}, "costs": {"total_cost": 328.5096675277379, "time_cost": 98.28, "final_distance_cost": 1.7385229739469081, "oscillation_cost": 134.25421491466733, "completition_cost": 0.0, "overshoot_cost": 56.06734817826635, "power_cost": 21.65201239013672, "noise_cost": 16.51756907072063, "n_waypoints_completed": 9, "tot_waypoints": 9}}
{"target": -831.9499361355774, "params": {"k_pid_pos": [2.0, 0.9924150705337524, 0.235578715801239], "k_pid_alt": [1.800079107284546, 1.0, 0.04121488332748413], "k_pid_att": [100.0, 0.10631828755140305, 0.971258282661438], "k_pid_yaw": [0.5, 1e-06, 0.1], "k_pid_hsp": [9.4148588180542, 0.9869648218154907, 0.019172102212905884], "k_pid_vsp": [9.946560859680176, 393.48529052734375, 3.788424491882324]}, "datetime": {"datetime": "2025-08-21 15:50:31", "elapsed": 25548.301478385925, "delta": 24.770950317382812}, "costs": {"total_cost": 831.9499361355774, "time_cost": 150, "final_distance_cost": 49.178022417103065, "oscillation_cost": 100.08992458824098, "completition_cost": 444.4444444444444, "overshoot_cost": 55.31635737567408, "power_cost": 18.68410029296875, "noise_cost": 14.237087017146129, "n_waypoints_completed": 5, "tot_waypoints": 9}}
{"target": -915.2933098367009, "params": {"k_pid_pos": [2.0, 0.9752495288848877, 0.0], "k_pid_alt": [1.8993371725082397, 1.0, 0.06190282106399536], "k_pid_att": [100.0, 0.029817385599017143, 0.989649772644043], "k_pid_yaw": [0.5, 1e-06, 0.1], "k_pid_hsp": [9.957769393920898, 0.9765374660491943, 0.012691706418991089], "k_pid_vsp": [27.772235870361328, 398.3154296875, 115.20030212402344]}, "datetime": {"datetime": "2025-08-21 15:50:55", "elapsed": 25571.616210222244, "delta": 23.31473183631897}, "costs": {"total_cost": 915.2933098367009, "time_cost": 150, "final_distance_cost": 42.21735369158631, "oscillation_cost": 67.13949825841883, "completition_cost": 555.5555555555555, "overshoot_cost": 57.10212232382526, "power_cost": 24.205151171875002, "noise_cost": 19.073628835440115, "n_waypoints_completed": 4, "tot_waypoints": 9}}
{"target": -761.5517908794181, "params": {"k_pid_pos": [2.0, 0.9831620454788208, 0.6733891367912292], "k_pid_alt": [1.9463417530059814, 1.0, 0.008144229650497437], "k_pid_att": [54.64895248413086, 0.08316211402416229, 0.9893719553947449], "k_pid_yaw": [0.5, 1e-06, 0.1], "k_pid_hsp": [9.87978744506836, 0.9943317174911499, 0.056255191564559937], "k_pid_vsp": [16.942548751831055, 359.2904357910156, 1.92698335647583]}, "datetime": {"datetime": "2025-08-21 15:51:19", "elapsed": 25595.725116491318, "delta": 24.108906269073486}, "costs": {"total_cost": 761.5517908794181, "time_cost": 150, "final_distance_cost": 65.64571905446958, "oscillation_cost": 117.8145947228883, "completition_cost": 333.33333333333337, "overshoot_cost": 51.34410259571056, "power_cost": 24.77130614013672, "noise_cost": 18.642735032879564, "n_waypoints_completed": 6, "tot_waypoints": 9}}
{"target": -1603.6679623362916, "params": {"k_pid_pos": [2.0, 0.9523704648017883, 0.9987380504608154], "k_pid_alt": [1.8659511804580688, 1.0, 0.011452794075012207], "k_pid_att": [0.6749987602233887, 1.6250250339508057, 0.9975017309188843], "k_pid_yaw": [0.5, 1e-06, 0.1], "k_pid_hsp": [9.78957748413086, 0.9954439997673035, 0.05707022547721863], "k_pid_vsp": [9.41476821899414, 398.8711242675781, 52.226863861083984]}, "datetime": {"datetime": "2025-08-21 15:51:42", "elapsed": 25619.073552131653, "delta": 23.348435640335083}, "costs": {"total_cost": 1603.6679623362916, "time_cost": 150, "final_distance_cost": 18.368238463115446, "oscillation_cost": 190.1886692761808, "completition_cost": 1000.0, "overshoot_cost": 130.38706312666696, "power_cost": 35.36255340576172, "noise_cost": 79.36143806456663, "n_waypoints_completed": 0, "tot_waypoints": 9}}
{"target": -823.6785328100744, "params": {"k_pid_pos": [2.0, 0.9805858731269836, 0.9784559011459351], "k_pid_alt": [1.8430447578430176, 1.0, 0.02901899814605713], "k_pid_att": [37.25810241699219, 0.3274531662464142, 0.9320942163467407], "k_pid_yaw": [0.5, 1e-06, 0.1], "k_pid_hsp": [9.371774673461914, 0.9946648478507996, 0.021037250757217407], "k_pid_vsp": [9.283697128295898, 395.9974365234375, 9.881092071533203]}, "datetime": {"datetime": "2025-08-21 15:52:05", "elapsed": 25641.956343650818, "delta": 22.88279151916504}, "costs": {"total_cost": 823.6785328100744, "time_cost": 150, "final_distance_cost": 47.28402419409195, "oscillation_cost": 100.85516243046663, "completition_cost": 444.4444444444444, "overshoot_cost": 51.42845440931235, "power_cost": 16.56677243652344, "noise_cost": 13.099674895235527, "n_waypoints_completed": 5, "tot_waypoints": 9}}
{"target": -1255.6585364580637, "params": {"k_pid_pos": [2.0, 0.9712439179420471, 0.0009822547435760498], "k_pid_alt": [1.9932234287261963, 1.0, 0.019031882286071777], "k_pid_att": [100.0, 0.5415709018707275, 0.9921468496322632], "k_pid_yaw": [0.5, 1e-06, 0.1], "k_pid_hsp": [9.74563980102539, 0.9897703528404236, 0.0077381134033203125], "k_pid_vsp": [5.961239337921143, 392.1312561035156, 4.785765171051025]}, "datetime": {"datetime": "2025-08-21 15:52:29", "elapsed": 25665.720547437668, "delta": 23.764203786849976}, "costs": {"total_cost": 1255.6585364580637, "time_cost": 150, "final_distance_cost": 46.62448261331076, "oscillation_cost": 55.74393392947078, "completition_cost": 888.8888888888888, "overshoot_cost": 61.44030808086401, "power_cost": 31.17175098876953, "noise_cost": 21.78917195675975, "n_waypoints_completed": 1, "tot_waypoints": 9}}
{"target": -329.39015567343097, "params": {"k_pid_pos": [2.0, 0.9908221960067749, 0.9999967217445374], "k_pid_alt": [1.9968159198760986, 0.0, 0.006513863801956177], "k_pid_att": [99.9986572265625, 0.24732209742069244, 0.9249400496482849], "k_pid_yaw": [0.5, 1e-06, 0.1], "k_pid_hsp": [9.920105934143066, 0.9915236234664917, 0.019953370094299316], "k_pid_vsp": [1.3338923454284668, 395.4381103515625, 5.0085673332214355]}, "datetime": {"datetime": "2025-08-21 15:52:54", "elapsed": 25690.539510011673, "delta": 24.818962574005127}, "costs": {"total_cost": 329.39015567343097, "time_cost": 98.056, "final_distance_cost": 1.7244336804934997, "oscillation_cost": 117.43799546216934, "completition_cost": 0.0, "overshoot_cost": 63.0132379824118, "power_cost": 27.208434375000003, "noise_cost": 21.950054173356303, "n_waypoints_completed": 9, "tot_waypoints": 9}}
{"target": -1184.1223989314906, "params": {"k_pid_pos": [2.0, 0.994047224521637, 0.00040203332901000977], "k_pid_alt": [1.9598197937011719, 1.0, 0.07726001739501953], "k_pid_att": [100.0, 0.15651383996009827, 0.9836925268173218], "k_pid_yaw": [0.5, 1e-06, 0.1], "k_pid_hsp": [9.737281799316406, 0.9550681114196777, 0.020884692668914795], "k_pid_vsp": [1.2600183486938477, 397.93817138671875, 12.879181861877441]}, "datetime": {"datetime": "2025-08-21 15:53:17", "elapsed": 25714.306668758392, "delta": 23.76715874671936}, "costs": {"total_cost": 1184.1223989314906, "time_cost": 150, "final_distance_cost": 84.48707994402281, "oscillation_cost": 83.55799818036306, "completition_cost": 777.7777777777778, "overshoot_cost": 45.513546689932184, "power_cost": 25.5439619140625, "noise_cost": 17.24203442533229, "n_waypoints_completed": 2, "tot_waypoints": 9}}
{"target": -936.4083969991167, "params": {"k_pid_pos": [1.9999946355819702, 0.9973139762878418, 3.8743019104003906e-07], "k_pid_alt": [1.924964189529419, 1.0, 0.10371991991996765], "k_pid_att": [100.0, 0.14109009504318237, 0.9815818071365356], "k_pid_yaw": [0.5, 1e-06, 0.1], "k_pid_hsp": [9.953855514526367, 0.9849154949188232, 0.01937010884284973], "k_pid_vsp": [12.540637969970703, 392.12738037109375, 10.609746932983398]}, "datetime": {"datetime": "2025-08-21 15:53:41", "elapsed": 25737.931109189987, "delta": 23.62444043159485}, "costs": {"total_cost": 936.4083969991167, "time_cost": 150, "final_distance_cost": 46.79404660256062, "oscillation_cost": 89.66055007616052, "completition_cost": 555.5555555555555, "overshoot_cost": 55.111381856085394, "power_cost": 23.24322418212891, "noise_cost": 16.043638726625773, "n_waypoints_completed": 4, "tot_waypoints": 9}}
{"target": -1174.6049589023633, "params": {"k_pid_pos": [1.9999873638153076, 0.9805174469947815, 0.0008884072303771973], "k_pid_alt": [1.9634525775909424, 1.0, 0.007617771625518799], "k_pid_att": [100.0, 0.5623614192008972, 0.9865682125091553], "k_pid_yaw": [0.5, 1e-06, 0.1], "k_pid_hsp": [7.9163713455200195, 0.9889234304428101, 0.021528154611587524], "k_pid_vsp": [2.1306514739990234, 388.6671142578125, 22.871341705322266]}, "datetime": {"datetime": "2025-08-21 15:54:04", "elapsed": 25760.901799440384, "delta": 22.97069025039673}, "costs": {"total_cost": 1174.6049589023633, "time_cost": 150, "final_distance_cost": 76.56157301214698, "oscillation_cost": 91.40274428079569, "completition_cost": 777.7777777777778, "overshoot_cost": 43.1491583173812, "power_cost": 21.13903267822266, "noise_cost": 14.574672836038651, "n_waypoints_completed": 2, "tot_waypoints": 9}}
{"target": -1331.6447174215032, "params": {"k_pid_pos": [2.0, 0.9899898767471313, 2.980232238769531e-07], "k_pid_alt": [1.981682538986206, 1.0, 0.002849787473678589], "k_pid_att": [99.99693298339844, 0.8059002757072449, 0.9752750396728516], "k_pid_yaw": [0.5, 1e-06, 0.1], "k_pid_hsp": [9.819926261901855, 0.9657968282699585, 0.05023449659347534], "k_pid_vsp": [41.65351486206055, 397.95416259765625, 2.8871426582336426]}, "datetime": {"datetime": "2025-08-21 15:54:28", "elapsed": 25784.750101089478, "delta": 23.848301649093628}, "costs": {"total_cost": 1331.6447174215032, "time_cost": 150, "final_distance_cost": 45.5906107749277, "oscillation_cost": 77.57526267381063, "completition_cost": 1000.0, "overshoot_cost": 28.3862971127068, "power_cost": 16.034433557128907, "noise_cost": 14.058113302929163, "n_waypoints_completed": 0, "tot_waypoints": 9}}
{"target": -909.99918527887, "params": {"k_pid_pos": [2.0, 0.9953545331954956, 0.7358739972114563], "k_pid_alt": [1.890777826309204, 1.0, 0.09277433156967163], "k_pid_att": [100.0, 0.06289733946323395, 0.981706976890564], "k_pid_yaw": [0.5, 1e-06, 0.1], "k_pid_hsp": [9.890976905822754, 0.9805552959442139, 0.020173370838165283], "k_pid_vsp": [65.78352355957031, 396.5101623535156, 8.901835441589355]}, "datetime": {"datetime": "2025-08-21 15:54:52", "elapsed": 25808.664084672928, "delta": 23.913983583450317}, "costs": {"total_cost": 909.99918527887, "time_cost": 150, "final_distance_cost": 78.87686248651656, "oscillation_cost": 139.4890935551529, "completition_cost": 444.4444444444444, "overshoot_cost": 62.73883572979704, "power_cost": 18.719866577148437, "noise_cost": 15.730082485810623, "n_waypoints_completed": 5, "tot_waypoints": 9}}
{"target": -1217.3846738398538, "params": {"k_pid_pos": [2.0, 0.986153244972229, 0.05051782727241516], "k_pid_alt": [1.9691531658172607, 1.0, 0.0025485455989837646], "k_pid_att": [100.0, 0.108510822057724, 0.9649721384048462], "k_pid_yaw": [0.5, 1e-06, 0.1], "k_pid_hsp": [9.659918785095215, 0.9539579749107361, 0.06924575567245483], "k_pid_vsp": [2.642810344696045, 398.01092529296875, 38.91285705566406]}, "datetime": {"datetime": "2025-08-21 15:55:15", "elapsed": 25831.88257408142, "delta": 23.218489408493042}, "costs": {"total_cost": 1217.3846738398538, "time_cost": 150, "final_distance_cost": 96.43388889972967, "oscillation_cost": 104.20891963976494, "completition_cost": 777.7777777777778, "overshoot_cost": 46.092970334852225, "power_cost": 25.47315721435547, "noise_cost": 17.397959973373634, "n_waypoints_completed": 2, "tot_waypoints": 9}}
{"target": -761.6710316329427, "params": {"k_pid_pos": [1.9999998807907104, 0.9349086284637451, 0.6914181709289551], "k_pid_alt": [1.9654189348220825, 1.0, 0.05310094356536865], "k_pid_att": [99.95433044433594, 0.10012900829315186, 0.9895475506782532], "k_pid_yaw": [0.5, 1e-06, 0.1], "k_pid_hsp": [9.933672904968262, 0.9440929889678955, 0.007624983787536621], "k_pid_vsp": [3.371453285217285, 360.4767150878906, 2.3640642166137695]}, "datetime": {"datetime": "2025-08-21 15:55:39", "elapsed": 25856.06019973755, "delta": 24.17762565612793}, "costs": {"total_cost": 761.6710316329427, "time_cost": 150, "final_distance_cost": 66.599360475979, "oscillation_cost": 111.61348372274395, "completition_cost": 333.33333333333337, "overshoot_cost": 54.39065715814671, "power_cost": 26.24262412109375, "noise_cost": 19.491572821645924, "n_waypoints_completed": 6, "tot_waypoints": 9}}
