{"target": -538.4800753879521, "params": {"k_pid_pos": [2.0, 0.9749839305877686, 1.0], "k_pid_alt": [1.9738179445266724, 1.0, 0.006158322095870972], "k_pid_att": [100.0, 1.381324291229248, 0.9944862723350525], "k_pid_yaw": [0.5, 1e-06, 0.1], "k_pid_hsp": [9.837064743041992, 0.9945898652076721, 0.00316426157951355], "k_pid_vsp": [10.891532897949219, 398.423828125, 10.244513511657715]}, "datetime": {"datetime": "2025-08-21 22:31:49", "elapsed": 49625.94839453697, "delta": 24.558661222457886}, "costs": {"total_cost": 538.4800753879521, "time_cost": 150, "final_distance_cost": 29.297031136325646, "oscillation_cost": 150.5732126421951, "completition_cost": 111.11111111111116, "overshoot_cost": 64.35513564359849, "power_cost": 19.327865161132813, "noise_cost": 13.81571969358895, "n_waypoints_completed": 8, "tot_waypoints": 9}}
{"target": -688.2317622452966, "params": {"k_pid_pos": [2.0, 0.9863238334655762, 1.0], "k_pid_alt": [1.9669127464294434, 1.0, 0.03006082773208618], "k_pid_att": [100.0, 0.43460366129875183, 0.9856277704238892], "k_pid_yaw": [0.5, 1e-06, 0.1], "k_pid_hsp": [9.92552661895752, 0.9495359659194946, 0.07047361135482788], "k_pid_vsp": [2.017199993133545, 395.2001647949219, 2.2313246726989746]}, "datetime": {"datetime": "2025-08-21 22:32:13", "elapsed": 49649.92598628998, "delta": 23.97759175300598}, "costs": {"total_cost": 688.2317622452966, "time_cost": 150, "final_distance_cost": 62.95285975797461, "oscillation_cost": 156.31057426636843, "completition_cost": 222.2222222222222, "overshoot_cost": 56.342024435074975, "power_cost": 24.002570703125002, "noise_cost": 16.40151086053139, "n_waypoints_completed": 7, "tot_waypoints": 9}}
{"target": -592.7696483701178, "params": {"k_pid_pos": [2.0, 0.9870970845222473, 1.0], "k_pid_alt": [1.9968147277832031, 1.0, 0.01184573769569397], "k_pid_att": [100.0, 0.30878904461860657, 0.9849401712417603], "k_pid_yaw": [0.5, 1e-06, 0.1], "k_pid_hsp": [9.607537269592285, 0.9646355509757996, 0.016550719738006592], "k_pid_vsp": [2.2148847579956055, 387.6885986328125, 7.185579299926758]}, "datetime": {"datetime": "2025-08-21 22:32:38", "elapsed": 49674.7826154232, "delta": 24.856629133224487}, "costs": {"total_cost": 592.7696483701178, "time_cost": 150, "final_distance_cost": 66.35851632538201, "oscillation_cost": 176.16983459365736, "completition_cost": 111.11111111111116, "overshoot_cost": 51.68403227920647, "power_cost": 21.270517041015626, "noise_cost": 16.175637019745146, "n_waypoints_completed": 8, "tot_waypoints": 9}}
{"target": -657.5213103227492, "params": {"k_pid_pos": [2.0, 0.9796719551086426, 1.0], "k_pid_alt": [1.9762749671936035, 1.0, 0.006630122661590576], "k_pid_att": [100.0, 0.2000414878129959, 0.9955439567565918], "k_pid_yaw": [0.5, 1e-06, 0.1], "k_pid_hsp": [9.934144973754883, 0.987097442150116, 0.005429297685623169], "k_pid_vsp": [3.4003615379333496, 390.60302734375, 8.791686058044434]}, "datetime": {"datetime": "2025-08-21 22:33:02", "elapsed": 49699.07403254509, "delta": 24.291417121887207}, "costs": {"total_cost": 657.5213103227492, "time_cost": 150, "final_distance_cost": 66.46045385965937, "oscillation_cost": 117.4484276790501, "completition_cost": 222.2222222222222, "overshoot_cost": 54.709486432520116, "power_cost": 26.76855466308594, "noise_cost": 19.91216546621145, "n_waypoints_completed": 7, "tot_waypoints": 9}}
{"target": -685.352466449006, "params": {"k_pid_pos": [2.0, 0.9729070663452148, 1.0], "k_pid_alt": [1.9468356370925903, 1.0, 0.02624186873435974], "k_pid_att": [100.0, 1.6875901222229004, 0.9495672583580017], "k_pid_yaw": [0.5, 1e-06, 0.1], "k_pid_hsp": [9.974090576171875, 0.991079568862915, 0.001048952341079712], "k_pid_vsp": [8.870136260986328, 397.71539306640625, 1.8203864097595215]}, "datetime": {"datetime": "2025-08-21 22:33:27", "elapsed": 49723.496005535126, "delta": 24.42197299003601}, "costs": {"total_cost": 685.352466449006, "time_cost": 150, "final_distance_cost": 63.372676124998165, "oscillation_cost": 155.39135422510822, "completition_cost": 222.2222222222222, "overshoot_cost": 54.8784814026641, "power_cost": 23.511908520507813, "noise_cost": 15.975823953505524, "n_waypoints_completed": 7, "tot_waypoints": 9}}
{"target": -780.3986500804837, "params": {"k_pid_pos": [2.0, 0.9955183267593384, 1.0], "k_pid_alt": [1.9542765617370605, 1.0, 0.0060558021068573], "k_pid_att": [100.0, 0.2041926085948944, 0.9704514145851135], "k_pid_yaw": [0.5, 1e-06, 0.1], "k_pid_hsp": [9.930808067321777, 0.9872885942459106, 0.00448879599571228], "k_pid_vsp": [7.1318864822387695, 398.818603515625, 0.14126400649547577]}, "datetime": {"datetime": "2025-08-21 22:33:52", "elapsed": 49748.88292884827, "delta": 25.38692331314087}, "costs": {"total_cost": 780.3986500804837, "time_cost": 150, "final_distance_cost": 70.15192288078826, "oscillation_cost": 139.20010954257845, "completition_cost": 333.33333333333337, "overshoot_cost": 55.335461718680456, "power_cost": 18.131963806152346, "noise_cost": 14.245858798950774, "n_waypoints_completed": 6, "tot_waypoints": 9}}
{"target": -872.4021316224977, "params": {"k_pid_pos": [2.0, 0.9921124577522278, 0.9999999403953552], "k_pid_alt": [1.9334545135498047, 1.0, 0.01758238673210144], "k_pid_att": [100.0, 0.09439002722501755, 0.9969296455383301], "k_pid_yaw": [0.5, 1e-06, 0.1], "k_pid_hsp": [9.99176025390625, 0.9890068769454956, 0.014395475387573242], "k_pid_vsp": [4.697108268737793, 392.0768737792969, 1.0617623329162598]}, "datetime": {"datetime": "2025-08-21 22:34:15", "elapsed": 49772.074261665344, "delta": 23.191332817077637}, "costs": {"total_cost": 872.4021316224977, "time_cost": 150, "final_distance_cost": 44.188206606637586, "oscillation_cost": 149.36893599518012, "completition_cost": 444.4444444444444, "overshoot_cost": 51.11843170195718, "power_cost": 19.268559033203125, "noise_cost": 14.013553841075264, "n_waypoints_completed": 5, "tot_waypoints": 9}}
{"target": -735.4318845305806, "params": {"k_pid_pos": [2.0, 0.9500407576560974, 1.0], "k_pid_alt": [1.9312999248504639, 1.0, 0.05329537391662598], "k_pid_att": [100.0, 0.09306115657091141, 0.9623271226882935], "k_pid_yaw": [0.5, 1e-06, 0.1], "k_pid_hsp": [9.884642601013184, 0.9688078165054321, 0.01276293396949768], "k_pid_vsp": [4.981100559234619, 390.703857421875, 1.2631187438964844]}, "datetime": {"datetime": "2025-08-21 22:34:41", "elapsed": 49798.00219607353, "delta": 25.927934408187866}, "costs": {"total_cost": 735.4318845305806, "time_cost": 150, "final_distance_cost": 73.7645542367991, "oscillation_cost": 198.99383617976412, "completition_cost": 222.2222222222222, "overshoot_cost": 54.71194769845338, "power_cost": 20.931798889160156, "noise_cost": 14.807525304181745, "n_waypoints_completed": 7, "tot_waypoints": 9}}
{"target": -801.2725414355505, "params": {"k_pid_pos": [2.0, 0.9731194972991943, 1.0], "k_pid_alt": [1.9318091869354248, 1.0, 0.025854498147964478], "k_pid_att": [100.0, 0.013588991947472095, 0.9856815338134766], "k_pid_yaw": [0.5, 1e-06, 0.1], "k_pid_hsp": [9.948031425476074, 0.9950495958328247, 0.017021358013153076], "k_pid_vsp": [0.715327262878418, 398.4319152832031, 0.545466959476471]}, "datetime": {"datetime": "2025-08-21 22:35:05", "elapsed": 49821.68488693237, "delta": 23.682690858840942}, "costs": {"total_cost": 801.2725414355505, "time_cost": 150, "final_distance_cost": 61.70517755962999, "oscillation_cost": 131.07383988881654, "completition_cost": 333.33333333333337, "overshoot_cost": 71.21071453872126, "power_cost": 27.22409548339844, "noise_cost": 26.725380631650822, "n_waypoints_completed": 6, "tot_waypoints": 9}}
{"target": -686.8918350151745, "params": {"k_pid_pos": [1.9999988079071045, 0.998388946056366, 1.0], "k_pid_alt": [1.9404942989349365, 1.0, 0.0036680996417999268], "k_pid_att": [100.0, 1.0253804922103882, 0.9771366715431213], "k_pid_yaw": [0.5, 1e-06, 0.1], "k_pid_hsp": [9.946504592895508, 0.9564896821975708, 0.005316436290740967], "k_pid_vsp": [12.733697891235352, 398.8426208496094, 3.166271209716797]}, "datetime": {"datetime": "2025-08-21 22:35:29", "elapsed": 49846.13222837448, "delta": 24.447341442108154}, "costs": {"total_cost": 686.8918350151745, "time_cost": 150, "final_distance_cost": 77.58921101124922, "oscillation_cost": 147.493865768744, "completition_cost": 222.2222222222222, "overshoot_cost": 53.52474383813571, "power_cost": 20.414608032226564, "noise_cost": 15.64718414259688, "n_waypoints_completed": 7, "tot_waypoints": 9}}
{"target": -583.8534330510554, "params": {"k_pid_pos": [2.0, 0.9843114018440247, 1.0], "k_pid_alt": [1.9873220920562744, 1.0, 0.007925629615783691], "k_pid_att": [100.0, 0.27584022283554077, 0.9980776906013489], "k_pid_yaw": [0.5, 1e-06, 0.1], "k_pid_hsp": [9.858429908752441, 0.9972257614135742, 0.007196903228759766], "k_pid_vsp": [13.334155082702637, 397.16552734375, 32.642982482910156]}, "datetime": {"datetime": "2025-08-21 22:35:53", "elapsed": 49869.942002773285, "delta": 23.80977439880371}, "costs": {"total_cost": 583.8534330510554, "time_cost": 150, "final_distance_cost": 43.684955588864305, "oscillation_cost": 185.54366862038876, "completition_cost": 111.11111111111116, "overshoot_cost": 60.17659296101991, "power_cost": 19.228361547851563, "noise_cost": 14.10874322181962, "n_waypoints_completed": 8, "tot_waypoints": 9}}
{"target": -323.4952598344673, "params": {"k_pid_pos": [2.0, 0.961060643196106, 1.0], "k_pid_alt": [1.9851959943771362, 1.0, 0.018816858530044556], "k_pid_att": [100.0, 0.09301704913377762, 0.9992133975028992], "k_pid_yaw": [0.5, 1e-06, 0.1], "k_pid_hsp": [9.821175575256348, 0.9916516542434692, 0.010621577501296997], "k_pid_vsp": [49.22449493408203, 391.7647705078125, 0.9967218041419983]}, "datetime": {"datetime": "2025-08-21 22:36:16", "elapsed": 49893.14091873169, "delta": 23.19891595840454}, "costs": {"total_cost": 323.4952598344673, "time_cost": 92.408, "final_distance_cost": 1.7423479560597162, "oscillation_cost": 137.00609616816945, "completition_cost": 0.0, "overshoot_cost": 56.994516965375944, "power_cost": 19.13216990966797, "noise_cost": 16.21212883519415, "n_waypoints_completed": 9, "tot_waypoints": 9}}
{"target": -1096.4288955732418, "params": {"k_pid_pos": [2.0, 0.9687232971191406, 1.0], "k_pid_alt": [1.9230868816375732, 1.0, 0.032178401947021484], "k_pid_att": [100.0, 0.10363908857107162, 0.9592466950416565], "k_pid_yaw": [0.5, 1e-06, 0.1], "k_pid_hsp": [9.942874908447266, 0.9926282167434692, 0.0035480856895446777], "k_pid_vsp": [15.59089469909668, 392.4901123046875, 17.439891815185547]}, "datetime": {"datetime": "2025-08-21 22:36:41", "elapsed": 49917.483221530914, "delta": 24.342302799224854}, "costs": {"total_cost": 1096.4288955732418, "time_cost": 150, "final_distance_cost": 88.25484599544119, "oscillation_cost": 106.30145998312179, "completition_cost": 666.6666666666667, "overshoot_cost": 46.48494790155551, "power_cost": 23.089306286621095, "noise_cost": 15.631668739835577, "n_waypoints_completed": 3, "tot_waypoints": 9}}
{"target": -773.152548966147, "params": {"k_pid_pos": [2.0, 0.9959256649017334, 1.0], "k_pid_alt": [1.9342732429504395, 1.0, 0.003659158945083618], "k_pid_att": [100.0, 0.06897277384996414, 0.9933122992515564], "k_pid_yaw": [0.5, 1e-06, 0.1], "k_pid_hsp": [9.961712837219238, 0.975275993347168, 0.002293616533279419], "k_pid_vsp": [7.80559778213501, 386.8417663574219, 3.956092357635498]}, "datetime": {"datetime": "2025-08-21 22:37:04", "elapsed": 49941.299416065216, "delta": 23.816194534301758}, "costs": {"total_cost": 773.152548966147, "time_cost": 150, "final_distance_cost": 76.38962969875547, "oscillation_cost": 124.13554342195584, "completition_cost": 333.33333333333337, "overshoot_cost": 55.78564801700137, "power_cost": 18.650980786132813, "noise_cost": 14.857413708968213, "n_waypoints_completed": 6, "tot_waypoints": 9}}
{"target": -1438.7003254038993, "params": {"k_pid_pos": [2.0, 0.988970160484314, 1.0], "k_pid_alt": [1.992635726928711, 1.0, 0.003920793533325195], "k_pid_att": [100.0, 0.08069212734699249, 0.9947802424430847], "k_pid_yaw": [0.5, 1e-06, 0.1], "k_pid_hsp": [9.957162857055664, 0.9968445301055908, 0.013365864753723145], "k_pid_vsp": [3.393733501434326, 399.12371826171875, 2.511549949645996]}, "datetime": {"datetime": "2025-08-21 22:37:29", "elapsed": 49966.37583851814, "delta": 25.076422452926636}, "costs": {"total_cost": 1438.7003254038993, "time_cost": 150, "final_distance_cost": 306.3544770407552, "oscillation_cost": 252.92778057175363, "completition_cost": 555.5555555555555, "overshoot_cost": 143.1346763133436, "power_cost": 17.16198171386719, "noise_cost": 13.565854208624287, "n_waypoints_completed": 4, "tot_waypoints": 9}}
{"target": -556.3211107569067, "params": {"k_pid_pos": [2.0, 0.9507472515106201, 1.0], "k_pid_alt": [1.9736266136169434, 1.0, 0.06363844871520996], "k_pid_att": [100.0, 0.08254819363355637, 0.968784749507904], "k_pid_yaw": [0.5, 1e-06, 0.1], "k_pid_hsp": [9.934852600097656, 0.982114315032959, 0.006412595510482788], "k_pid_vsp": [7.653403282165527, 390.00860595703125, 6.705273151397705]}, "datetime": {"datetime": "2025-08-21 22:37:53", "elapsed": 49989.564962387085, "delta": 23.18912386894226}, "costs": {"total_cost": 556.3211107569067, "time_cost": 150, "final_distance_cost": 65.00874108797014, "oscillation_cost": 137.60364416717013, "completition_cost": 111.11111111111116, "overshoot_cost": 51.787823572309485, "power_cost": 24.3163552734375, "noise_cost": 16.49343554490833, "n_waypoints_completed": 8, "tot_waypoints": 9}}
{"target": -590.0349541350015, "params": {"k_pid_pos": [1.9451621770858765, 0.9807051420211792, 1.0], "k_pid_alt": [1.995893955230713, 1.0, 0.02662891149520874], "k_pid_att": [100.0, 0.0067491293884813786, 0.992045521736145], "k_pid_yaw": [0.5, 1e-06, 0.1], "k_pid_hsp": [9.762187957763672, 0.9831944108009338, 0.006721615791320801], "k_pid_vsp": [4.893016815185547, 385.96234130859375, 8.45896053314209]}, "datetime": {"datetime": "2025-08-21 22:38:18", "elapsed": 50014.74970006943, "delta": 25.18473768234253}, "costs": {"total_cost": 590.0349541350015, "time_cost": 150, "final_distance_cost": 55.19158999476327, "oscillation_cost": 182.15230767142668, "completition_cost": 111.11111111111116, "overshoot_cost": 53.32007812892971, "power_cost": 21.78518768310547, "noise_cost": 16.47467954566513, "n_waypoints_completed": 8, "tot_waypoints": 9}}
{"target": -1105.5816867115043, "params": {"k_pid_pos": [2.0, 0.8827307820320129, 0.9999999403953552], "k_pid_alt": [1.8976528644561768, 1.0, 0.02237573266029358], "k_pid_att": [100.0, 0.11891262233257294, 0.9983901381492615], "k_pid_yaw": [0.5, 1e-06, 0.1], "k_pid_hsp": [9.778756141662598, 0.9418365955352783, 0.005361974239349365], "k_pid_vsp": [8.015966415405273, 399.15069580078125, 0.4828701615333557]}, "datetime": {"datetime": "2025-08-21 22:38:43", "elapsed": 50040.22280430794, "delta": 25.473104238510132}, "costs": {"total_cost": 1105.5816867115043, "time_cost": 150, "final_distance_cost": 64.85159253139781, "oscillation_cost": 133.7983603368555, "completition_cost": 666.6666666666667, "overshoot_cost": 60.9358394517115, "power_cost": 16.647500610351564, "noise_cost": 12.681727114521212, "n_waypoints_completed": 3, "tot_waypoints": 9}}
{"target": -585.5904452959236, "params": {"k_pid_pos": [2.0, 0.9937062859535217, 1.0], "k_pid_alt": [1.992034673690796, 1.0, 0.01101529598236084], "k_pid_att": [100.0, 0.25182396173477173, 0.9895206093788147], "k_pid_yaw": [0.5, 1e-06, 0.1], "k_pid_hsp": [9.447649002075195, 0.9893426895141602, 0.01638031005859375], "k_pid_vsp": [5.536544322967529, 399.27069091796875, 1.065016746520996]}, "datetime": {"datetime": "2025-08-21 22:39:11", "elapsed": 50067.66177177429, "delta": 27.43896746635437}, "costs": {"total_cost": 585.5904452959236, "time_cost": 150, "final_distance_cost": 66.21406193505618, "oscillation_cost": 165.83741595457388, "completition_cost": 111.11111111111116, "overshoot_cost": 53.83811732758782, "power_cost": 22.24916571044922, "noise_cost": 16.34057325714538, "n_waypoints_completed": 8, "tot_waypoints": 9}}
{"target": -852.0414008550184, "params": {"k_pid_pos": [2.0, 0.9870733022689819, 0.14429432153701782], "k_pid_alt": [1.9469287395477295, 1.0, 0.009948164224624634], "k_pid_att": [100.0, 0.15786565840244293, 0.98105788230896], "k_pid_yaw": [0.5, 1e-06, 0.1], "k_pid_hsp": [9.944045066833496, 0.9823061227798462, 0.011333614587783813], "k_pid_vsp": [1.9746065139770508, 398.4599914550781, 11.26860523223877]}, "datetime": {"datetime": "2025-08-21 22:39:40", "elapsed": 50096.615297317505, "delta": 28.95352554321289}, "costs": {"total_cost": 852.0414008550184, "time_cost": 150, "final_distance_cost": 54.64133382296516, "oscillation_cost": 119.50821827407685, "completition_cost": 444.4444444444444, "overshoot_cost": 54.28652930080868, "power_cost": 15.924276538085937, "noise_cost": 13.236598474637512, "n_waypoints_completed": 5, "tot_waypoints": 9}}
{"target": -730.2316959347688, "params": {"k_pid_pos": [2.0, 0.9984387159347534, 0.999920129776001], "k_pid_alt": [1.9726178646087646, 1.0, 0.013043016195297241], "k_pid_att": [100.0, 0.36798718571662903, 0.9952494502067566], "k_pid_yaw": [0.5, 1e-06, 0.1], "k_pid_hsp": [9.969893455505371, 0.9941121339797974, 0.016264677047729492], "k_pid_vsp": [1.0833263397216797, 398.7992248535156, 1.0415802001953125]}, "datetime": {"datetime": "2025-08-21 22:40:06", "elapsed": 50123.23749542236, "delta": 26.6221981048584}, "costs": {"total_cost": 730.2316959347688, "time_cost": 150, "final_distance_cost": 63.805295681438395, "oscillation_cost": 205.00501769745304, "completition_cost": 222.2222222222222, "overshoot_cost": 54.33476766796486, "power_cost": 20.242659802246095, "noise_cost": 14.62173286344417, "n_waypoints_completed": 7, "tot_waypoints": 9}}
{"target": -700.1958917236327, "params": {"k_pid_pos": [2.0, 0.9848546981811523, 1.0], "k_pid_alt": [1.9817935228347778, 1.0, 0.0008059442043304443], "k_pid_att": [100.0, 0.024278977885842323, 0.9753223657608032], "k_pid_yaw": [0.5, 1e-06, 0.1], "k_pid_hsp": [9.978589057922363, 0.962139368057251, 0.013593584299087524], "k_pid_vsp": [5.245542526245117, 397.9433898925781, 3.870035171508789]}, "datetime": {"datetime": "2025-08-21 22:40:37", "elapsed": 50154.183706998825, "delta": 30.946211576461792}, "costs": {"total_cost": 700.1958917236327, "time_cost": 150, "final_distance_cost": 69.17554613530542, "oscillation_cost": 163.80087440770893, "completition_cost": 222.2222222222222, "overshoot_cost": 59.371738905553904, "power_cost": 20.892816735839844, "noise_cost": 14.732693317002528, "n_waypoints_completed": 7, "tot_waypoints": 9}}
{"target": -666.0965083091448, "params": {"k_pid_pos": [2.0, 0.9975404739379883, 1.0], "k_pid_alt": [1.993091344833374, 1.0, 0.004057466983795166], "k_pid_att": [100.0, 0.360348641872406, 0.984870433807373], "k_pid_yaw": [0.5, 1e-06, 0.1], "k_pid_hsp": [9.93737506866455, 0.9945623874664307, 0.00266343355178833], "k_pid_vsp": [2.637183666229248, 387.119384765625, 2.680159568786621]}, "datetime": {"datetime": "2025-08-21 22:41:04", "elapsed": 50180.70781683922, "delta": 26.524109840393066}, "costs": {"total_cost": 666.0965083091448, "time_cost": 150, "final_distance_cost": 70.57155631094342, "oscillation_cost": 120.76720609785079, "completition_cost": 222.2222222222222, "overshoot_cost": 55.62530215002662, "power_cost": 25.89012333984375, "noise_cost": 21.020098188258107, "n_waypoints_completed": 7, "tot_waypoints": 9}}
{"target": -681.9553638441033, "params": {"k_pid_pos": [2.0, 0.9883318543434143, 1.0], "k_pid_alt": [1.9888744354248047, 1.0, 0.0035050511360168457], "k_pid_att": [100.0, 0.04856971651315689, 0.992885947227478], "k_pid_yaw": [0.5, 1e-06, 0.1], "k_pid_hsp": [9.480310440063477, 0.9879012703895569, 0.020266950130462646], "k_pid_vsp": [32.237552642822266, 397.5325622558594, 17.056657791137695]}, "datetime": {"datetime": "2025-08-21 22:41:28", "elapsed": 50205.383054971695, "delta": 24.675238132476807}, "costs": {"total_cost": 681.9553638441033, "time_cost": 150, "final_distance_cost": 65.26528395844308, "oscillation_cost": 155.08511498788533, "completition_cost": 222.2222222222222, "overshoot_cost": 53.848521444331176, "power_cost": 19.93913486328125, "noise_cost": 15.59508636794036, "n_waypoints_completed": 7, "tot_waypoints": 9}}
{"target": -335.05662380904704, "params": {"k_pid_pos": [2.0, 0.9745540618896484, 1.0], "k_pid_alt": [1.9968338012695312, 1.0, 0.03356200456619263], "k_pid_att": [100.0, 0.11705834418535233, 0.9735498428344727], "k_pid_yaw": [0.5, 1e-06, 0.1], "k_pid_hsp": [9.717638969421387, 0.9831158518791199, 0.01633867621421814], "k_pid_vsp": [10.578882217407227, 396.0964660644531, 2.0796308517456055]}, "datetime": {"datetime": "2025-08-21 22:41:52", "elapsed": 50229.000436306, "delta": 23.61738133430481}, "costs": {"total_cost": 335.05662380904704, "time_cost": 93.152, "final_distance_cost": 1.7532917497507476, "oscillation_cost": 138.12119598739406, "completition_cost": 0.0, "overshoot_cost": 65.26421189461762, "power_cost": 21.19974091796875, "noise_cost": 15.566183259315812, "n_waypoints_completed": 9, "tot_waypoints": 9}}
{"target": -835.7439981884245, "params": {"k_pid_pos": [2.0, 0.9818981289863586, 0.9998323917388916], "k_pid_alt": [1.9966459274291992, 1.0, 0.015070825815200806], "k_pid_att": [100.0, 0.2116452008485794, 0.9956612586975098], "k_pid_yaw": [0.5, 1e-06, 0.1], "k_pid_hsp": [9.8982515335083, 0.9542912244796753, 0.0021216869354248047], "k_pid_vsp": [1.2020349502563477, 397.3424072265625, 6.5031418800354]}, "datetime": {"datetime": "2025-08-21 22:42:15", "elapsed": 50251.98143410683, "delta": 22.980997800827026}, "costs": {"total_cost": 835.7439981884245, "time_cost": 150, "final_distance_cost": 43.884248566529344, "oscillation_cost": 85.92412727069917, "completition_cost": 444.4444444444444, "overshoot_cost": 56.93993481894518, "power_cost": 29.692421813964845, "noise_cost": 24.85882127384153, "n_waypoints_completed": 5, "tot_waypoints": 9}}
