{"target": -1318.8108508282035, "params": {"k_pid_pos": [2.0, 0.9923663139343262, 1.0], "k_pid_alt": [1.8898457288742065, 1.0, 0.008495301008224487], "k_pid_att": [100.0, 0.048101525753736496, 0.9922298192977905], "k_pid_yaw": [0.5, 1e-06, 0.1], "k_pid_hsp": [9.992362976074219, 0.9942203760147095, 0.04475754499435425], "k_pid_vsp": [3.5919904708862305, 395.66937255859375, 4.615784645080566]}, "datetime": {"datetime": "2025-08-21 22:00:27", "elapsed": 47743.600980997086, "delta": 24.489457607269287}, "costs": {"total_cost": 1318.8108508282035, "time_cost": 150, "final_distance_cost": 106.80289377368415, "oscillation_cost": 210.06506713556655, "completition_cost": 777.7777777777778, "overshoot_cost": 42.98558375887803, "power_cost": 17.83990157470703, "noise_cost": 13.339626807589942, "n_waypoints_completed": 2, "tot_waypoints": 9}}
{"target": -687.1395333652861, "params": {"k_pid_pos": [2.0, 0.9278868436813354, 0.9999995231628418], "k_pid_alt": [1.98714017868042, 1.0, 0.020540088415145874], "k_pid_att": [100.0, 0.15805818140506744, 0.9962631464004517], "k_pid_yaw": [0.5, 1e-06, 0.1], "k_pid_hsp": [9.945473670959473, 0.981584906578064, 0.0022560060024261475], "k_pid_vsp": [3.8326025009155273, 398.2765197753906, 1.2507448196411133]}, "datetime": {"datetime": "2025-08-21 22:00:50", "elapsed": 47766.63676261902, "delta": 23.035781621932983}, "costs": {"total_cost": 687.1395333652861, "time_cost": 150, "final_distance_cost": 63.006334338666036, "oscillation_cost": 157.44787870655617, "completition_cost": 222.2222222222222, "overshoot_cost": 53.9047089590909, "power_cost": 24.223049682617187, "noise_cost": 16.335339456133482, "n_waypoints_completed": 7, "tot_waypoints": 9}}
{"target": -763.1256269004493, "params": {"k_pid_pos": [2.0, 0.9751477837562561, 1.0], "k_pid_alt": [1.994110345840454, 1.0, 0.08082422614097595], "k_pid_att": [100.0, 0.041105203330516815, 0.9890866279602051], "k_pid_yaw": [0.5, 1e-06, 0.1], "k_pid_hsp": [9.947479248046875, 0.988048791885376, 0.0020830929279327393], "k_pid_vsp": [5.6571364402771, 377.31488037109375, 10.111750602722168]}, "datetime": {"datetime": "2025-08-21 22:01:14", "elapsed": 47791.38957095146, "delta": 24.752808332443237}, "costs": {"total_cost": 763.1256269004493, "time_cost": 150, "final_distance_cost": 54.42384601096846, "oscillation_cost": 126.90220529788253, "completition_cost": 333.33333333333337, "overshoot_cost": 57.542740034698646, "power_cost": 23.740572119140626, "noise_cost": 17.18293010442567, "n_waypoints_completed": 6, "tot_waypoints": 9}}
{"target": -319.1972630008788, "params": {"k_pid_pos": [2.0, 0.992586612701416, 0.9999847412109375], "k_pid_alt": [1.9911643266677856, 1.0, 0.007037490606307983], "k_pid_att": [100.0, 0.35872769355773926, 0.9707067012786865], "k_pid_yaw": [0.5, 1e-06, 0.1], "k_pid_hsp": [9.89686393737793, 0.9688091278076172, 0.003726452589035034], "k_pid_vsp": [7.180202007293701, 390.64398193359375, 3.477264404296875]}, "datetime": {"datetime": "2025-08-21 22:01:37", "elapsed": 47813.922173023224, "delta": 22.532602071762085}, "costs": {"total_cost": 319.1972630008788, "time_cost": 91.528, "final_distance_cost": 1.7407927023035623, "oscillation_cost": 132.68825762229412, "completition_cost": 0.0, "overshoot_cost": 57.52538981735639, "power_cost": 20.34309256591797, "noise_cost": 15.371730293006804, "n_waypoints_completed": 9, "tot_waypoints": 9}}
{"target": -356.8119392793172, "params": {"k_pid_pos": [2.0, 0.9707229137420654, 0.9999653100967407], "k_pid_alt": [1.942740797996521, 1.0, 0.001571953296661377], "k_pid_att": [100.0, 0.03158881887793541, 0.9874409437179565], "k_pid_yaw": [0.5, 1e-06, 0.1], "k_pid_hsp": [9.96137809753418, 0.9894143342971802, 0.014449477195739746], "k_pid_vsp": [3.1328201293945312, 393.3687744140625, 2.076996326446533]}, "datetime": {"datetime": "2025-08-21 22:02:00", "elapsed": 47837.26589846611, "delta": 23.343725442886353}, "costs": {"total_cost": 356.8119392793172, "time_cost": 96.88, "final_distance_cost": 1.8259680438783508, "oscillation_cost": 164.8801882164248, "completition_cost": 0.0, "overshoot_cost": 57.6553023858927, "power_cost": 20.871856567382814, "noise_cost": 14.698624065738578, "n_waypoints_completed": 9, "tot_waypoints": 9}}
{"target": -728.2563089091906, "params": {"k_pid_pos": [2.0, 0.9803007245063782, 1.0], "k_pid_alt": [1.9787845611572266, 1.0, 0.0040045976638793945], "k_pid_att": [100.0, 0.03285004198551178, 0.9951263666152954], "k_pid_yaw": [0.5, 1e-06, 0.1], "k_pid_hsp": [9.948163986206055, 0.9967650175094604, 0.0046051740646362305], "k_pid_vsp": [3.3963799476623535, 396.075927734375, 5.901599884033203]}, "datetime": {"datetime": "2025-08-21 22:02:24", "elapsed": 47861.0032954216, "delta": 23.737396955490112}, "costs": {"total_cost": 728.2563089091906, "time_cost": 150, "final_distance_cost": 69.55109121968748, "oscillation_cost": 196.09209671694416, "completition_cost": 222.2222222222222, "overshoot_cost": 56.06524426924789, "power_cost": 19.976818115234376, "noise_cost": 14.348836365854643, "n_waypoints_completed": 7, "tot_waypoints": 9}}
{"target": -957.3237020672344, "params": {"k_pid_pos": [2.0, 0.9974497556686401, 1.0], "k_pid_alt": [1.970719814300537, 0.9999881982803345, 0.008458584547042847], "k_pid_att": [100.0, 0.06833411753177643, 0.9902045726776123], "k_pid_yaw": [0.5, 1e-06, 0.1], "k_pid_hsp": [9.892169952392578, 0.9989778399467468, 0.013475686311721802], "k_pid_vsp": [18.657779693603516, 398.11102294921875, 1.0877022743225098]}, "datetime": {"datetime": "2025-08-21 22:02:47", "elapsed": 47884.044561862946, "delta": 23.041266441345215}, "costs": {"total_cost": 957.3237020672344, "time_cost": 150, "final_distance_cost": 61.3619051871591, "oscillation_cost": 216.37560566245034, "completition_cost": 444.4444444444444, "overshoot_cost": 48.696105644273395, "power_cost": 20.408085192871095, "noise_cost": 16.037555936036156, "n_waypoints_completed": 5, "tot_waypoints": 9}}
{"target": -825.3950725074094, "params": {"k_pid_pos": [2.0, 0.9880516529083252, 1.0], "k_pid_alt": [1.9640262126922607, 1.0, 0.004224181175231934], "k_pid_att": [100.0, 0.23495157063007355, 0.9742436408996582], "k_pid_yaw": [0.5, 1e-06, 0.1], "k_pid_hsp": [9.951067924499512, 0.991405725479126, 0.03638499975204468], "k_pid_vsp": [1.8177986145019531, 395.7969665527344, 0.7533441185951233]}, "datetime": {"datetime": "2025-08-21 22:03:12", "elapsed": 47908.85727286339, "delta": 24.812711000442505}, "costs": {"total_cost": 825.3950725074094, "time_cost": 150, "final_distance_cost": 66.44886705884771, "oscillation_cost": 182.7426051132917, "completition_cost": 333.33333333333337, "overshoot_cost": 54.24219642190956, "power_cost": 22.074692309570313, "noise_cost": 16.55337827045669, "n_waypoints_completed": 6, "tot_waypoints": 9}}
{"target": -674.3217149508681, "params": {"k_pid_pos": [2.0, 0.994693398475647, 1.0], "k_pid_alt": [1.9964087009429932, 1.0, 0.020749390125274658], "k_pid_att": [100.0, 0.2618684470653534, 0.9991956949234009], "k_pid_yaw": [0.5, 1e-06, 0.1], "k_pid_hsp": [9.920516967773438, 0.9672501087188721, 0.036734819412231445], "k_pid_vsp": [32.707069396972656, 354.7876281738281, 5.3808817863464355]}, "datetime": {"datetime": "2025-08-21 22:03:35", "elapsed": 47932.0203025341, "delta": 23.163029670715332}, "costs": {"total_cost": 674.3217149508681, "time_cost": 150, "final_distance_cost": 62.06637929643317, "oscillation_cost": 139.4418895447779, "completition_cost": 222.2222222222222, "overshoot_cost": 52.992841839681894, "power_cost": 25.93002176513672, "noise_cost": 21.668360282616213, "n_waypoints_completed": 7, "tot_waypoints": 9}}
{"target": -1006.3733609112751, "params": {"k_pid_pos": [2.0, 0.9998117685317993, 1.0], "k_pid_alt": [1.9836034774780273, 1.0, 0.0026831626892089844], "k_pid_att": [100.0, 0.03056720457971096, 0.9828417301177979], "k_pid_yaw": [0.5, 1e-06, 0.1], "k_pid_hsp": [9.791213035583496, 0.9572460055351257, 0.008756279945373535], "k_pid_vsp": [2.6009321212768555, 399.1706237792969, 1.3568172454833984]}, "datetime": {"datetime": "2025-08-21 22:04:00", "elapsed": 47956.69114565849, "delta": 24.67084312438965}, "costs": {"total_cost": 1006.3733609112751, "time_cost": 150, "final_distance_cost": 52.87386377507099, "oscillation_cost": 158.90293949894226, "completition_cost": 555.5555555555555, "overshoot_cost": 54.440825360269, "power_cost": 19.48416501464844, "noise_cost": 15.116011706788864, "n_waypoints_completed": 4, "tot_waypoints": 9}}
{"target": -581.8893324022482, "params": {"k_pid_pos": [2.0, 0.9860985279083252, 1.0], "k_pid_alt": [1.9891632795333862, 1.0, 0.007793337106704712], "k_pid_att": [100.0, 0.12816287577152252, 0.9971076250076294], "k_pid_yaw": [0.5, 1e-06, 0.1], "k_pid_hsp": [9.924824714660645, 0.9864635467529297, 0.011037617921829224], "k_pid_vsp": [3.3778905868530273, 399.1419677734375, 2.3692736625671387]}, "datetime": {"datetime": "2025-08-21 22:04:22", "elapsed": 47979.383694410324, "delta": 22.692548751831055}, "costs": {"total_cost": 581.8893324022482, "time_cost": 150, "final_distance_cost": 65.15181442546147, "oscillation_cost": 160.83840874726928, "completition_cost": 111.11111111111116, "overshoot_cost": 56.871680850119695, "power_cost": 21.754178173828127, "noise_cost": 16.1621390944585, "n_waypoints_completed": 8, "tot_waypoints": 9}}
{"target": -759.0026813978487, "params": {"k_pid_pos": [2.0, 0.9895823001861572, 1.0], "k_pid_alt": [1.9034942388534546, 1.0, 0.006153732538223267], "k_pid_att": [100.0, 0.0348205529153347, 0.9989308714866638], "k_pid_yaw": [0.5, 1e-06, 0.1], "k_pid_hsp": [9.835953712463379, 0.9980305433273315, 0.02544492483139038], "k_pid_vsp": [1.6494989395141602, 396.4148864746094, 0.1613030880689621]}, "datetime": {"datetime": "2025-08-21 22:04:47", "elapsed": 48004.30162000656, "delta": 24.917925596237183}, "costs": {"total_cost": 759.0026813978487, "time_cost": 150, "final_distance_cost": 68.9507263736878, "oscillation_cost": 223.86079245998033, "completition_cost": 222.2222222222222, "overshoot_cost": 57.716341062386654, "power_cost": 21.204736535644532, "noise_cost": 15.047862743927201, "n_waypoints_completed": 7, "tot_waypoints": 9}}
{"target": -904.3597556969114, "params": {"k_pid_pos": [2.0, 0.973759651184082, 1.0], "k_pid_alt": [1.985877513885498, 1.0, 0.0012384653091430664], "k_pid_att": [100.0, 0.03274275362491608, 0.9947330951690674], "k_pid_yaw": [0.5, 1e-06, 0.1], "k_pid_hsp": [9.96281909942627, 0.9906332492828369, 0.014733374118804932], "k_pid_vsp": [3.6783218383789062, 396.87255859375, 1.296330451965332]}, "datetime": {"datetime": "2025-08-21 22:05:11", "elapsed": 48027.521852493286, "delta": 23.220232486724854}, "costs": {"total_cost": 904.3597556969114, "time_cost": 150, "final_distance_cost": 53.666582724514335, "oscillation_cost": 170.80789731126106, "completition_cost": 444.4444444444444, "overshoot_cost": 49.8501965972229, "power_cost": 20.777076965332032, "noise_cost": 14.813557654136648, "n_waypoints_completed": 5, "tot_waypoints": 9}}
{"target": -786.5043773875819, "params": {"k_pid_pos": [1.9999985694885254, 0.9935098886489868, 1.0], "k_pid_alt": [1.9686524868011475, 1.0, 0.013760298490524292], "k_pid_att": [100.0, 0.058701805770397186, 0.9943691492080688], "k_pid_yaw": [0.5, 1e-06, 0.1], "k_pid_hsp": [9.665135383605957, 0.9976882934570312, 0.0069224536418914795], "k_pid_vsp": [3.084897994995117, 398.7138977050781, 4.833019733428955]}, "datetime": {"datetime": "2025-08-21 22:05:35", "elapsed": 48051.636271476746, "delta": 24.114418983459473}, "costs": {"total_cost": 786.5043773875819, "time_cost": 150, "final_distance_cost": 80.64248164368664, "oscillation_cost": 134.0270423480204, "completition_cost": 333.33333333333337, "overshoot_cost": 51.84707852222702, "power_cost": 21.03076357421875, "noise_cost": 15.623677966095814, "n_waypoints_completed": 6, "tot_waypoints": 9}}
{"target": -769.0891526660821, "params": {"k_pid_pos": [2.0, 0.9841486811637878, 1.0], "k_pid_alt": [1.9925894737243652, 1.0, 0.017791569232940674], "k_pid_att": [100.0, 0.08541782945394516, 0.9881946444511414], "k_pid_yaw": [0.5, 1e-06, 0.1], "k_pid_hsp": [9.93674373626709, 0.991539478302002, 0.006083399057388306], "k_pid_vsp": [11.91411018371582, 396.6958312988281, 2.262021064758301]}, "datetime": {"datetime": "2025-08-21 22:05:59", "elapsed": 48075.88251209259, "delta": 24.246240615844727}, "costs": {"total_cost": 769.0891526660821, "time_cost": 150, "final_distance_cost": 67.29996635640991, "oscillation_cost": 119.55778851837175, "completition_cost": 333.33333333333337, "overshoot_cost": 52.449830576998224, "power_cost": 26.822512145996097, "noise_cost": 19.625721734972682, "n_waypoints_completed": 6, "tot_waypoints": 9}}
{"target": -876.0986512761717, "params": {"k_pid_pos": [2.0, 0.9951091408729553, 1.0], "k_pid_alt": [1.9579015970230103, 1.0, 0.016706794500350952], "k_pid_att": [100.0, 0.05408100411295891, 0.9946364164352417], "k_pid_yaw": [0.5, 1e-06, 0.1], "k_pid_hsp": [9.816741943359375, 0.9880858659744263, 0.007670074701309204], "k_pid_vsp": [4.835116863250732, 397.6526794433594, 7.069517135620117]}, "datetime": {"datetime": "2025-08-21 22:06:22", "elapsed": 48098.87324953079, "delta": 22.990737438201904}, "costs": {"total_cost": 876.0986512761717, "time_cost": 150, "final_distance_cost": 49.84961273029409, "oscillation_cost": 141.40989389818037, "completition_cost": 444.4444444444444, "overshoot_cost": 46.69716012751314, "power_cost": 24.582424157714843, "noise_cost": 19.115115918024767, "n_waypoints_completed": 5, "tot_waypoints": 9}}
{"target": -680.3231641883673, "params": {"k_pid_pos": [2.0, 0.9750170707702637, 1.0], "k_pid_alt": [1.9853694438934326, 1.0, 0.0035501420497894287], "k_pid_att": [100.0, 0.21316450834274292, 0.8438341021537781], "k_pid_yaw": [0.5, 1e-06, 0.1], "k_pid_hsp": [9.756368637084961, 0.989955723285675, 0.008785605430603027], "k_pid_vsp": [1.1408686637878418, 396.4270935058594, 5.079961776733398]}, "datetime": {"datetime": "2025-08-21 22:06:47", "elapsed": 48124.328605651855, "delta": 25.455356121063232}, "costs": {"total_cost": 680.3231641883673, "time_cost": 150, "final_distance_cost": 74.36870371577795, "oscillation_cost": 139.9624047717024, "completition_cost": 222.2222222222222, "overshoot_cost": 55.76101516887963, "power_cost": 21.3953384765625, "noise_cost": 16.613479833222534, "n_waypoints_completed": 7, "tot_waypoints": 9}}
{"target": -1690.9331871800332, "params": {"k_pid_pos": [2.0, 0.9770545959472656, 1.0], "k_pid_alt": [1.9709138870239258, 1.0, 0.004624307155609131], "k_pid_att": [100.0, 0.09313387423753738, 0.9917972087860107], "k_pid_yaw": [0.5, 1e-06, 0.1], "k_pid_hsp": [9.952485084533691, 0.9967089891433716, 0.0059025585651397705], "k_pid_vsp": [5.788993835449219, 384.31793212890625, 5.118466377258301]}, "datetime": {"datetime": "2025-08-21 22:07:11", "elapsed": 48147.66998958588, "delta": 23.341383934020996}, "costs": {"total_cost": 1690.9331871800332, "time_cost": 150, "final_distance_cost": 158.80578469109233, "oscillation_cost": 252.62550378459974, "completition_cost": 777.7777777777778, "overshoot_cost": 321.5172572622672, "power_cost": 16.792828332519534, "noise_cost": 13.41403533177664, "n_waypoints_completed": 2, "tot_waypoints": 9}}
{"target": -1182.553182841648, "params": {"k_pid_pos": [2.0, 0.998599648475647, 1.0], "k_pid_alt": [1.9755094051361084, 1.0, 0.004517585039138794], "k_pid_att": [100.0, 0.145223930478096, 0.9789496660232544], "k_pid_yaw": [0.5, 1e-06, 0.1], "k_pid_hsp": [9.869490623474121, 0.9816038012504578, 0.02980056405067444], "k_pid_vsp": [15.826940536499023, 396.804443359375, 6.310177803039551]}, "datetime": {"datetime": "2025-08-21 22:07:37", "elapsed": 48174.019248723984, "delta": 26.3492591381073}, "costs": {"total_cost": 1182.553182841648, "time_cost": 150, "final_distance_cost": 85.22334571739525, "oscillation_cost": 251.61548958841692, "completition_cost": 555.5555555555555, "overshoot_cost": 107.4371484822795, "power_cost": 18.682242041015627, "noise_cost": 14.039401456985077, "n_waypoints_completed": 4, "tot_waypoints": 9}}
{"target": -318.30622760084674, "params": {"k_pid_pos": [2.0, 0.9610447883605957, 1.0], "k_pid_alt": [1.9957141876220703, 0.007032215595245361, 0.008473783731460571], "k_pid_att": [100.0, 0.05739081650972366, 0.9966368079185486], "k_pid_yaw": [0.5, 1e-06, 0.1], "k_pid_hsp": [9.713749885559082, 0.9768964052200317, 0.003274768590927124], "k_pid_vsp": [16.31056022644043, 398.0697326660156, 2.0938167572021484]}, "datetime": {"datetime": "2025-08-21 22:07:58", "elapsed": 48194.791430711746, "delta": 20.77218198776245}, "costs": {"total_cost": 318.30622760084674, "time_cost": 92.64, "final_distance_cost": 1.7634444727594534, "oscillation_cost": 132.43394090281592, "completition_cost": 0.0, "overshoot_cost": 56.638321986676175, "power_cost": 19.89119108886719, "noise_cost": 14.939329149728014, "n_waypoints_completed": 9, "tot_waypoints": 9}}
{"target": -650.4185098348327, "params": {"k_pid_pos": [2.0, 0.9871795773506165, 1.0], "k_pid_alt": [1.9912965297698975, 1.0, 0.08485469222068787], "k_pid_att": [100.0, 0.2985943853855133, 0.964896559715271], "k_pid_yaw": [0.5, 1e-06, 0.1], "k_pid_hsp": [9.93301773071289, 0.9950869083404541, 0.0021466314792633057], "k_pid_vsp": [4.280996322631836, 397.3736267089844, 3.11944580078125]}, "datetime": {"datetime": "2025-08-21 22:08:23", "elapsed": 48219.46227526665, "delta": 24.670844554901123}, "costs": {"total_cost": 650.4185098348327, "time_cost": 150, "final_distance_cost": 62.92162619114745, "oscillation_cost": 121.107784014502, "completition_cost": 222.2222222222222, "overshoot_cost": 52.973699512196426, "power_cost": 24.544473583984377, "noise_cost": 16.64870431078021, "n_waypoints_completed": 7, "tot_waypoints": 9}}
{"target": -340.3599230333118, "params": {"k_pid_pos": [2.0, 0.9859523773193359, 0.9999961853027344], "k_pid_alt": [1.9884693622589111, 1.0, 0.13797420263290405], "k_pid_att": [100.0, 0.1702105551958084, 0.9757513403892517], "k_pid_yaw": [0.5, 1e-06, 0.1], "k_pid_hsp": [9.698782920837402, 0.9549000263214111, 0.011835366487503052], "k_pid_vsp": [0.5364537239074707, 397.1776428222656, 18.416872024536133]}, "datetime": {"datetime": "2025-08-21 22:08:46", "elapsed": 48242.804864406586, "delta": 23.342589139938354}, "costs": {"total_cost": 340.3599230333118, "time_cost": 95.85600000000001, "final_distance_cost": 1.7722631841969385, "oscillation_cost": 143.12113184519566, "completition_cost": 0.0, "overshoot_cost": 62.89029764460843, "power_cost": 21.52776571044922, "noise_cost": 15.192464648861554, "n_waypoints_completed": 9, "tot_waypoints": 9}}
{"target": -562.7453520404504, "params": {"k_pid_pos": [2.0, 0.9150890707969666, 1.0], "k_pid_alt": [1.9961148500442505, 1.0, 0.024131357669830322], "k_pid_att": [100.0, 0.0968385636806488, 0.9817029237747192], "k_pid_yaw": [0.5, 1e-06, 0.1], "k_pid_hsp": [9.720098495483398, 0.9657304286956787, 0.005069851875305176], "k_pid_vsp": [12.799215316772461, 398.541748046875, 1.5543828010559082]}, "datetime": {"datetime": "2025-08-21 22:09:09", "elapsed": 48266.41752529144, "delta": 23.612660884857178}, "costs": {"total_cost": 562.7453520404504, "time_cost": 150, "final_distance_cost": 63.73633989025591, "oscillation_cost": 144.18091765549116, "completition_cost": 111.11111111111116, "overshoot_cost": 54.7405917802633, "power_cost": 22.190888500976563, "noise_cost": 16.785503102352234, "n_waypoints_completed": 8, "tot_waypoints": 9}}
{"target": -688.5061154060867, "params": {"k_pid_pos": [2.0, 0.9940016269683838, 1.0], "k_pid_alt": [1.9268896579742432, 1.0, 0.006946176290512085], "k_pid_att": [100.0, 0.07697909325361252, 0.9969159364700317], "k_pid_yaw": [0.5, 1e-06, 0.1], "k_pid_hsp": [9.845754623413086, 0.9868642687797546, 0.01768907904624939], "k_pid_vsp": [4.381906986236572, 399.3699951171875, 3.739429473876953]}, "datetime": {"datetime": "2025-08-21 22:09:34", "elapsed": 48291.39022183418, "delta": 24.972696542739868}, "costs": {"total_cost": 688.5061154060867, "time_cost": 150, "final_distance_cost": 63.247103009511605, "oscillation_cost": 155.24313103642567, "completition_cost": 222.2222222222222, "overshoot_cost": 57.75326890450218, "power_cost": 23.713970922851562, "noise_cost": 16.326419310573407, "n_waypoints_completed": 7, "tot_waypoints": 9}}
{"target": -809.8452438289844, "params": {"k_pid_pos": [2.0, 0.9972771406173706, 0.9261919260025024], "k_pid_alt": [1.9799532890319824, 1.0, 0.006094932556152344], "k_pid_att": [100.0, 0.20493824779987335, 0.9799636006355286], "k_pid_yaw": [0.5, 1e-06, 0.1], "k_pid_hsp": [9.421323776245117, 0.9974961280822754, 0.007009357213973999], "k_pid_vsp": [3.148317337036133, 395.8341979980469, 4.5266876220703125]}, "datetime": {"datetime": "2025-08-21 22:09:58", "elapsed": 48314.96784520149, "delta": 23.57762336730957}, "costs": {"total_cost": 809.8452438289844, "time_cost": 150, "final_distance_cost": 68.9673021137515, "oscillation_cost": 162.8335535444491, "completition_cost": 333.33333333333337, "overshoot_cost": 52.741087222687646, "power_cost": 23.946641357421875, "noise_cost": 18.023326257340994, "n_waypoints_completed": 6, "tot_waypoints": 9}}
{"target": -317.7236703890378, "params": {"k_pid_pos": [2.0, 0.9990888237953186, 1.0], "k_pid_alt": [1.9915285110473633, 1.0, 0.04999914765357971], "k_pid_att": [100.0, 0.7903984189033508, 0.9823181629180908], "k_pid_yaw": [0.5, 1e-06, 0.1], "k_pid_hsp": [9.878323554992676, 0.9991966485977173, 0.0017501115798950195], "k_pid_vsp": [13.336170196533203, 399.0516662597656, 7.18821382522583]}, "datetime": {"datetime": "2025-08-21 22:10:21", "elapsed": 48338.04738855362, "delta": 23.079543352127075}, "costs": {"total_cost": 317.7236703890378, "time_cost": 94.408, "final_distance_cost": 1.7818616294017928, "oscillation_cost": 122.33284916632628, "completition_cost": 0.0, "overshoot_cost": 59.00228015663285, "power_cost": 23.025373303222658, "noise_cost": 17.17330613345426, "n_waypoints_completed": 9, "tot_waypoints": 9}}
