{"target": -989.2325743478931, "params": {"k_pid_pos": [2.0, 0.9587907195091248, 0.9478776454925537], "k_pid_alt": [1.9856711626052856, 1.0, 0.001007378101348877], "k_pid_att": [100.0, 0.15394729375839233, 0.9137090444564819], "k_pid_yaw": [0.5, 1e-06, 0.1], "k_pid_hsp": [9.740527153015137, 0.9924060106277466, 0.00942373275756836], "k_pid_vsp": [17.614055633544922, 399.0013732910156, 13.027454376220703]}, "datetime": {"datetime": "2025-08-21 19:05:39", "elapsed": 37255.782133340836, "delta": 24.379146337509155}, "costs": {"total_cost": 989.2325743478931, "time_cost": 150, "final_distance_cost": 50.48594957886254, "oscillation_cost": 149.04993829645448, "completition_cost": 555.5555555555555, "overshoot_cost": 52.263297271708296, "power_cost": 17.553671691894532, "noise_cost": 14.324161953417656, "n_waypoints_completed": 4, "tot_waypoints": 9}}
{"target": -1184.6294580485608, "params": {"k_pid_pos": [2.0, 0.9918046593666077, 0.0003662109375], "k_pid_alt": [1.980870008468628, 1.0, 0.030501723289489746], "k_pid_att": [100.0, 0.028287945315241814, 0.994115948677063], "k_pid_yaw": [0.5, 1e-06, 0.1], "k_pid_hsp": [9.92238712310791, 0.9841189384460449, 0.03375422954559326], "k_pid_vsp": [9.157848358154297, 386.22442626953125, 18.083288192749023]}, "datetime": {"datetime": "2025-08-21 19:06:02", "elapsed": 37278.95825052261, "delta": 23.176117181777954}, "costs": {"total_cost": 1184.6294580485608, "time_cost": 150, "final_distance_cost": 90.84485315190061, "oscillation_cost": 83.91834808910862, "completition_cost": 777.7777777777778, "overshoot_cost": 39.27232501924485, "power_cost": 25.495259606933594, "noise_cost": 17.32089440359533, "n_waypoints_completed": 2, "tot_waypoints": 9}}
{"target": -1031.253563318681, "params": {"k_pid_pos": [2.0, 0.9537236094474792, 1.0], "k_pid_alt": [1.7996264696121216, 1.0, 0.009269624948501587], "k_pid_att": [99.99977111816406, 0.3629443943500519, 0.9623713493347168], "k_pid_yaw": [0.5, 1e-06, 0.1], "k_pid_hsp": [9.653136253356934, 0.9903954267501831, 0.006413757801055908], "k_pid_vsp": [3.9061546325683594, 384.2697448730469, 9.879518508911133]}, "datetime": {"datetime": "2025-08-21 19:06:27", "elapsed": 37303.54104375839, "delta": 24.58279323577881}, "costs": {"total_cost": 1031.253563318681, "time_cost": 150, "final_distance_cost": 81.73359209698593, "oscillation_cost": 156.50147677044012, "completition_cost": 555.5555555555555, "overshoot_cost": 57.473497384341684, "power_cost": 16.401428125000002, "noise_cost": 13.5880133863577, "n_waypoints_completed": 4, "tot_waypoints": 9}}
{"target": -720.4405966935296, "params": {"k_pid_pos": [1.9999979734420776, 0.9838511943817139, 1.0], "k_pid_alt": [1.967942476272583, 1.0, 0.01661178469657898], "k_pid_att": [100.0, 0.08308790624141693, 0.9879227876663208], "k_pid_yaw": [0.5, 1e-06, 0.1], "k_pid_hsp": [9.872512817382812, 0.9913957118988037, 0.024320870637893677], "k_pid_vsp": [11.408435821533203, 395.7333984375, 4.466999530792236]}, "datetime": {"datetime": "2025-08-21 19:06:51", "elapsed": 37327.977620601654, "delta": 24.43657684326172}, "costs": {"total_cost": 720.4405966935296, "time_cost": 150, "final_distance_cost": 64.30884677371887, "oscillation_cost": 197.34223876419605, "completition_cost": 222.2222222222222, "overshoot_cost": 52.75343144131034, "power_cost": 18.86846748046875, "noise_cost": 14.945390011613426, "n_waypoints_completed": 7, "tot_waypoints": 9}}
{"target": -496.894842381694, "params": {"k_pid_pos": [1.9590688943862915, 0.9704951047897339, 0.8102322816848755], "k_pid_alt": [1.9583781957626343, 1.0, 0.002886831760406494], "k_pid_att": [100.0, 0.1571715623140335, 0.9898967742919922], "k_pid_yaw": [0.5, 1e-06, 0.1], "k_pid_hsp": [9.963788032531738, 0.9904464483261108, 0.003673762083053589], "k_pid_vsp": [5.5744171142578125, 399.0990295410156, 5.226565361022949]}, "datetime": {"datetime": "2025-08-21 19:07:14", "elapsed": 37350.96879696846, "delta": 22.99117636680603}, "costs": {"total_cost": 496.894842381694, "time_cost": 150, "final_distance_cost": 20.572639728223557, "oscillation_cost": 110.0337957558031, "completition_cost": 111.11111111111116, "overshoot_cost": 61.51607335210165, "power_cost": 24.825636767578125, "noise_cost": 18.83558566687639, "n_waypoints_completed": 8, "tot_waypoints": 9}}
{"target": -807.9567310221871, "params": {"k_pid_pos": [2.0, 0.9960058927536011, 0.9978933334350586], "k_pid_alt": [1.9908323287963867, 0.9769753813743591, 0.03027135133743286], "k_pid_att": [100.0, 0.1527295708656311, 0.9904389381408691], "k_pid_yaw": [0.5, 1e-06, 0.1], "k_pid_hsp": [9.798489570617676, 0.9857757687568665, 0.01737198233604431], "k_pid_vsp": [7.095515727996826, 398.8247985839844, 4.972411155700684]}, "datetime": {"datetime": "2025-08-21 19:07:39", "elapsed": 37375.61877512932, "delta": 24.649978160858154}, "costs": {"total_cost": 807.9567310221871, "time_cost": 150, "final_distance_cost": 64.4581059048703, "oscillation_cost": 167.051347361043, "completition_cost": 333.33333333333337, "overshoot_cost": 53.74118157314588, "power_cost": 22.38832001953125, "noise_cost": 16.98444283026334, "n_waypoints_completed": 6, "tot_waypoints": 9}}
{"target": -1353.9382979951554, "params": {"k_pid_pos": [2.0, 0.9905072450637817, 0.11783793568611145], "k_pid_alt": [1.9518406391143799, 1.0, 0.014055579900741577], "k_pid_att": [100.0, 0.24758554995059967, 0.9823096394538879], "k_pid_yaw": [0.5, 1e-06, 0.1], "k_pid_hsp": [9.906149864196777, 0.9845669865608215, 0.01804974675178528], "k_pid_vsp": [3.3481597900390625, 388.5199890136719, 13.920414924621582]}, "datetime": {"datetime": "2025-08-21 19:08:03", "elapsed": 37400.00418138504, "delta": 24.385406255722046}, "costs": {"total_cost": 1353.9382979951554, "time_cost": 150, "final_distance_cost": 48.73009393254042, "oscillation_cost": 76.2889854201493, "completition_cost": 1000.0, "overshoot_cost": 40.98914108139864, "power_cost": 22.611305322265626, "noise_cost": 15.318772238801333, "n_waypoints_completed": 0, "tot_waypoints": 9}}
{"target": -565.6059466753438, "params": {"k_pid_pos": [2.0, 0.9791547060012817, 0.9999808073043823], "k_pid_alt": [1.4420747756958008, 1.0, 0.014215230941772461], "k_pid_att": [99.99993133544922, 2.3651866912841797, 0.9805997610092163], "k_pid_yaw": [0.5, 1e-06, 0.1], "k_pid_hsp": [9.723073959350586, 0.9724327325820923, 0.014105767011642456], "k_pid_vsp": [15.068113327026367, 395.73779296875, 4.548383712768555]}, "datetime": {"datetime": "2025-08-21 19:08:27", "elapsed": 37423.492814064026, "delta": 23.488632678985596}, "costs": {"total_cost": 565.6059466753438, "time_cost": 150, "final_distance_cost": 22.667970837664733, "oscillation_cost": 184.57761603846058, "completition_cost": 111.11111111111116, "overshoot_cost": 59.29765837891327, "power_cost": 21.472149938964844, "noise_cost": 16.47944037022918, "n_waypoints_completed": 8, "tot_waypoints": 9}}
{"target": -566.7989001758159, "params": {"k_pid_pos": [2.0, 0.9933165907859802, 0.999008297920227], "k_pid_alt": [1.989112377166748, 0.9996707439422607, 0.016194045543670654], "k_pid_att": [100.0, 0.23012304306030273, 0.9954610466957092], "k_pid_yaw": [0.5, 1e-06, 0.1], "k_pid_hsp": [9.976276397705078, 0.9979367256164551, 0.006871044635772705], "k_pid_vsp": [16.44628143310547, 399.13336181640625, 6.318915843963623]}, "datetime": {"datetime": "2025-08-21 19:08:51", "elapsed": 37448.228125572205, "delta": 24.73531150817871}, "costs": {"total_cost": 566.7989001758159, "time_cost": 150, "final_distance_cost": 45.57680918975904, "oscillation_cost": 163.66401680885508, "completition_cost": 111.11111111111116, "overshoot_cost": 59.16728311115801, "power_cost": 21.03084403076172, "noise_cost": 16.248835924170855, "n_waypoints_completed": 8, "tot_waypoints": 9}}
{"target": -741.8550483029754, "params": {"k_pid_pos": [2.0, 0.9658328890800476, 1.0], "k_pid_alt": [1.934563159942627, 1.0, 0.0049059391021728516], "k_pid_att": [100.0, 0.19523411989212036, 0.9849501848220825], "k_pid_yaw": [0.5, 1e-06, 0.1], "k_pid_hsp": [9.822674751281738, 0.9842269420623779, 0.015594333410263062], "k_pid_vsp": [2.865910530090332, 382.87139892578125, 3.742457389831543]}, "datetime": {"datetime": "2025-08-21 19:09:15", "elapsed": 37471.9098842144, "delta": 23.681758642196655}, "costs": {"total_cost": 741.8550483029754, "time_cost": 150, "final_distance_cost": 71.43573085928898, "oscillation_cost": 213.18813982072308, "completition_cost": 222.2222222222222, "overshoot_cost": 49.87057953602867, "power_cost": 20.48589207763672, "noise_cost": 14.652483787075804, "n_waypoints_completed": 7, "tot_waypoints": 9}}
{"target": -940.7264703577815, "params": {"k_pid_pos": [2.0, 0.9815366268157959, 0.9990379810333252], "k_pid_alt": [1.902229905128479, 1.0, 0.010103225708007812], "k_pid_att": [100.0, 0.32368379831314087, 0.990697979927063], "k_pid_yaw": [0.5, 1e-06, 0.1], "k_pid_hsp": [9.952962875366211, 0.9932026863098145, 0.0031203627586364746], "k_pid_vsp": [38.197792053222656, 337.246337890625, 2.735055446624756]}, "datetime": {"datetime": "2025-08-21 19:09:39", "elapsed": 37495.56472826004, "delta": 23.654844045639038}, "costs": {"total_cost": 940.7264703577815, "time_cost": 150, "final_distance_cost": 43.73542863799312, "oscillation_cost": 110.17843089842563, "completition_cost": 555.5555555555555, "overshoot_cost": 49.22076530807426, "power_cost": 17.53297127685547, "noise_cost": 14.50331868087746, "n_waypoints_completed": 4, "tot_waypoints": 9}}
{"target": -1024.3314013445124, "params": {"k_pid_pos": [2.0, 0.9959031343460083, 0.8982223868370056], "k_pid_alt": [1.961776614189148, 1.0, 0.01980951428413391], "k_pid_att": [100.0, 0.1163034588098526, 0.9325063228607178], "k_pid_yaw": [0.5, 1e-06, 0.1], "k_pid_hsp": [9.588409423828125, 0.9705587029457092, 0.0041908323764801025], "k_pid_vsp": [2.8625011444091797, 395.2822265625, 199.62315368652344]}, "datetime": {"datetime": "2025-08-21 19:10:03", "elapsed": 37520.11733365059, "delta": 24.552605390548706}, "costs": {"total_cost": 1024.3314013445124, "time_cost": 150, "final_distance_cost": 40.94406437603215, "oscillation_cost": 151.94668393278621, "completition_cost": 555.5555555555555, "overshoot_cost": 93.139979151144, "power_cost": 16.294393762207033, "noise_cost": 16.450724566787386, "n_waypoints_completed": 4, "tot_waypoints": 9}}
{"target": -343.92024005466243, "params": {"k_pid_pos": [2.0, 0.9112897515296936, 0.9999569058418274], "k_pid_alt": [1.9793140888214111, 1.0, 0.004304111003875732], "k_pid_att": [99.99998474121094, 0.0841628685593605, 0.9984520673751831], "k_pid_yaw": [0.5, 1e-06, 0.1], "k_pid_hsp": [9.941998481750488, 0.9874221086502075, 0.006214708089828491], "k_pid_vsp": [3.7125229835510254, 396.7663879394531, 6.182456970214844]}, "datetime": {"datetime": "2025-08-21 19:10:26", "elapsed": 37543.00466418266, "delta": 22.887330532073975}, "costs": {"total_cost": 343.92024005466243, "time_cost": 94.384, "final_distance_cost": 1.735791914028928, "oscillation_cost": 156.6505770765909, "completition_cost": 0.0, "overshoot_cost": 57.3298605381175, "power_cost": 19.930125744628906, "noise_cost": 13.889884781296175, "n_waypoints_completed": 9, "tot_waypoints": 9}}
{"target": -1356.217319026278, "params": {"k_pid_pos": [2.0, 0.9828612804412842, 0.00044614076614379883], "k_pid_alt": [1.997693419456482, 0.9999991655349731, 0.02886560559272766], "k_pid_att": [100.0, 0.1293889284133911, 0.9959293007850647], "k_pid_yaw": [0.5, 1e-06, 0.1], "k_pid_hsp": [9.647405624389648, 0.984028160572052, 0.021597445011138916], "k_pid_vsp": [22.125648498535156, 398.1416015625, 3.851557731628418]}, "datetime": {"datetime": "2025-08-21 19:10:49", "elapsed": 37565.65948486328, "delta": 22.654820680618286}, "costs": {"total_cost": 1356.217319026278, "time_cost": 150, "final_distance_cost": 48.20008606863474, "oscillation_cost": 82.4500243579556, "completition_cost": 1000.0, "overshoot_cost": 39.02026952104955, "power_cost": 21.54129864501953, "noise_cost": 15.005640433618533, "n_waypoints_completed": 0, "tot_waypoints": 9}}
{"target": -756.3672942935287, "params": {"k_pid_pos": [2.0, 0.9968729019165039, 1.0], "k_pid_alt": [1.9826209545135498, 1.0, 0.006490558385848999], "k_pid_att": [100.0, 0.0296659916639328, 0.9933106899261475], "k_pid_yaw": [0.5, 1e-06, 0.1], "k_pid_hsp": [9.600679397583008, 0.9946544170379639, 0.0038863420486450195], "k_pid_vsp": [23.96416664123535, 363.72772216796875, 4.479194641113281]}, "datetime": {"datetime": "2025-08-21 19:11:14", "elapsed": 37591.15839910507, "delta": 25.49891424179077}, "costs": {"total_cost": 756.3672942935287, "time_cost": 150, "final_distance_cost": 70.51174109368289, "oscillation_cost": 89.95825857753758, "completition_cost": 333.33333333333337, "overshoot_cost": 64.0532291045454, "power_cost": 27.814814123535157, "noise_cost": 20.69591806089446, "n_waypoints_completed": 6, "tot_waypoints": 9}}
{"target": -1214.0075506695366, "params": {"k_pid_pos": [2.0, 0.9817283153533936, 0.0], "k_pid_alt": [1.9377753734588623, 1.0, 0.05605056881904602], "k_pid_att": [100.0, 0.34337103366851807, 0.9824692010879517], "k_pid_yaw": [0.5, 1e-06, 0.1], "k_pid_hsp": [9.942020416259766, 0.9576282501220703, 0.039908647537231445], "k_pid_vsp": [2.608966827392578, 386.62078857421875, 4.309893608093262]}, "datetime": {"datetime": "2025-08-21 19:11:39", "elapsed": 37615.69082093239, "delta": 24.532421827316284}, "costs": {"total_cost": 1214.0075506695366, "time_cost": 150, "final_distance_cost": 86.26866251667968, "oscillation_cost": 115.42024808084422, "completition_cost": 777.7777777777778, "overshoot_cost": 53.59106911292227, "power_cost": 17.76832039794922, "noise_cost": 13.18147278336353, "n_waypoints_completed": 2, "tot_waypoints": 9}}
{"target": -531.6547780027653, "params": {"k_pid_pos": [2.0, 0.9929763078689575, 0.9999938011169434], "k_pid_alt": [1.9669151306152344, 1.0, 0.021776914596557617], "k_pid_att": [100.0, 0.4771725833415985, 0.9980140924453735], "k_pid_yaw": [0.5, 1e-06, 0.1], "k_pid_hsp": [9.771730422973633, 0.963604211807251, 0.004621148109436035], "k_pid_vsp": [9.486686706542969, 385.3634033203125, 15.668059349060059]}, "datetime": {"datetime": "2025-08-21 19:12:03", "elapsed": 37640.24890732765, "delta": 24.558086395263672}, "costs": {"total_cost": 531.6547780027653, "time_cost": 150, "final_distance_cost": 33.93695022547499, "oscillation_cost": 141.28609050466648, "completition_cost": 111.11111111111116, "overshoot_cost": 56.8128334016405, "power_cost": 22.642693200683595, "noise_cost": 15.865099559188542, "n_waypoints_completed": 8, "tot_waypoints": 9}}
{"target": -681.8390378746703, "params": {"k_pid_pos": [1.999898910522461, 0.9549160003662109, 0.9638274312019348], "k_pid_alt": [1.976318359375, 1.0, 0.015360891819000244], "k_pid_att": [100.0, 0.08096183091402054, 0.9923675656318665], "k_pid_yaw": [0.5, 1e-06, 0.1], "k_pid_hsp": [9.507567405700684, 0.9089459180831909, 0.008192121982574463], "k_pid_vsp": [1.727128028869629, 390.2693786621094, 6.2577972412109375]}, "datetime": {"datetime": "2025-08-21 19:12:27", "elapsed": 37664.29943585396, "delta": 24.050528526306152}, "costs": {"total_cost": 681.8390378746703, "time_cost": 150, "final_distance_cost": 71.46322558273084, "oscillation_cost": 143.25609529325965, "completition_cost": 222.2222222222222, "overshoot_cost": 55.60374900500558, "power_cost": 22.556893798828128, "noise_cost": 16.736851972623917, "n_waypoints_completed": 7, "tot_waypoints": 9}}
{"target": -815.4458525002543, "params": {"k_pid_pos": [2.0, 0.9901036024093628, 0.9999908208847046], "k_pid_alt": [1.983652949333191, 1.0, 0.026308894157409668], "k_pid_att": [100.0, 0.04684268683195114, 0.870732307434082], "k_pid_yaw": [0.5, 1e-06, 0.1], "k_pid_hsp": [9.436442375183105, 0.9872827529907227, 0.08939170837402344], "k_pid_vsp": [2.140223979949951, 390.2793273925781, 12.555350303649902]}, "datetime": {"datetime": "2025-08-21 19:12:50", "elapsed": 37687.377589702606, "delta": 23.07815384864807}, "costs": {"total_cost": 815.4458525002543, "time_cost": 150, "final_distance_cost": 66.51910814546049, "oscillation_cost": 174.74024096195765, "completition_cost": 333.33333333333337, "overshoot_cost": 50.58312231108354, "power_cost": 23.384410705566406, "noise_cost": 16.885637042852743, "n_waypoints_completed": 6, "tot_waypoints": 9}}
{"target": -813.0629924358918, "params": {"k_pid_pos": [2.0, 0.9968050718307495, 1.0], "k_pid_alt": [1.9979652166366577, 1.0, 0.001057952642440796], "k_pid_att": [100.0, 0.08731681853532791, 0.9944185018539429], "k_pid_yaw": [0.5, 1e-06, 0.1], "k_pid_hsp": [9.923069953918457, 0.961138129234314, 0.016907721757888794], "k_pid_vsp": [8.727216720581055, 395.5366516113281, 2.394796371459961]}, "datetime": {"datetime": "2025-08-21 19:13:15", "elapsed": 37711.64848947525, "delta": 24.270899772644043}, "costs": {"total_cost": 813.0629924358918, "time_cost": 150, "final_distance_cost": 68.40528873475832, "oscillation_cost": 172.87564843395322, "completition_cost": 333.33333333333337, "overshoot_cost": 48.53171953231059, "power_cost": 22.925260498046875, "noise_cost": 16.9917419034895, "n_waypoints_completed": 6, "tot_waypoints": 9}}
{"target": -684.0792317152725, "params": {"k_pid_pos": [2.0, 0.9691293239593506, 0.9999871253967285], "k_pid_alt": [1.806793451309204, 1.0, 0.008870810270309448], "k_pid_att": [100.0, 0.07219705730676651, 0.9882580041885376], "k_pid_yaw": [0.5, 1e-06, 0.1], "k_pid_hsp": [9.981049537658691, 0.9914437532424927, 0.012451708316802979], "k_pid_vsp": [2.4744153022766113, 395.22955322265625, 13.813949584960938]}, "datetime": {"datetime": "2025-08-21 19:13:39", "elapsed": 37735.518434762955, "delta": 23.869945287704468}, "costs": {"total_cost": 684.0792317152725, "time_cost": 150, "final_distance_cost": 70.00362985760724, "oscillation_cost": 149.00671031775912, "completition_cost": 222.2222222222222, "overshoot_cost": 52.69143997038885, "power_cost": 23.136333056640627, "noise_cost": 17.01889629065458, "n_waypoints_completed": 7, "tot_waypoints": 9}}
{"target": -695.9819704971953, "params": {"k_pid_pos": [2.0, 0.9798288345336914, 0.5601643323898315], "k_pid_alt": [1.9877228736877441, 1.0, 0.01186668872833252], "k_pid_att": [100.0, 0.48420971632003784, 0.9523773193359375], "k_pid_yaw": [0.5, 1e-06, 0.1], "k_pid_hsp": [9.85448169708252, 0.9957849979400635, 0.0560113787651062], "k_pid_vsp": [4.002118110656738, 367.8394775390625, 26.187612533569336]}, "datetime": {"datetime": "2025-08-21 19:14:01", "elapsed": 37758.39846587181, "delta": 22.8800311088562}, "costs": {"total_cost": 695.9819704971953, "time_cost": 150, "final_distance_cost": 57.5857541371389, "oscillation_cost": 170.6342548719105, "completition_cost": 222.2222222222222, "overshoot_cost": 56.386685493181766, "power_cost": 22.287790673828127, "noise_cost": 16.865263098913815, "n_waypoints_completed": 7, "tot_waypoints": 9}}
{"target": -1601.2812572248602, "params": {"k_pid_pos": [2.0, 0.9867157936096191, 1.0], "k_pid_alt": [1.9943846464157104, 1.0, 0.0036228299140930176], "k_pid_att": [0.5983978509902954, 1.3095216751098633, 0.9882712960243225], "k_pid_yaw": [0.5, 1e-06, 0.1], "k_pid_hsp": [9.867508888244629, 0.9638700485229492, 0.09061416983604431], "k_pid_vsp": [14.272236824035645, 394.0591125488281, 169.91329956054688]}, "datetime": {"datetime": "2025-08-21 19:14:26", "elapsed": 37782.54470062256, "delta": 24.14623475074768}, "costs": {"total_cost": 1601.2812572248602, "time_cost": 150, "final_distance_cost": 13.235799468735792, "oscillation_cost": 176.07075870659148, "completition_cost": 1000.0, "overshoot_cost": 139.99937769313578, "power_cost": 33.08752239990235, "noise_cost": 88.88779895649485, "n_waypoints_completed": 0, "tot_waypoints": 9}}
{"target": -656.6644530600976, "params": {"k_pid_pos": [2.0, 0.987133264541626, 0.9985916614532471], "k_pid_alt": [1.990057110786438, 0.9999864101409912, 0.015939980745315552], "k_pid_att": [100.0, 0.1648959517478943, 0.9665094614028931], "k_pid_yaw": [0.5, 1e-06, 0.1], "k_pid_hsp": [9.960756301879883, 0.9860172867774963, 0.0040180981159210205], "k_pid_vsp": [26.108217239379883, 389.97113037109375, 0.25014978647232056]}, "datetime": {"datetime": "2025-08-21 19:14:50", "elapsed": 37806.506353378296, "delta": 23.961652755737305}, "costs": {"total_cost": 656.6644530600976, "time_cost": 150, "final_distance_cost": 63.6007168798322, "oscillation_cost": 131.29035025352906, "completition_cost": 222.2222222222222, "overshoot_cost": 50.33094512167105, "power_cost": 22.121423181152345, "noise_cost": 17.098795401690825, "n_waypoints_completed": 7, "tot_waypoints": 9}}
{"target": -594.3423578843285, "params": {"k_pid_pos": [2.0, 0.9952837228775024, 1.0], "k_pid_alt": [1.9830796718597412, 1.0, 0.03601902723312378], "k_pid_att": [100.0, 0.07394763082265854, 0.9187386631965637], "k_pid_yaw": [0.5, 1e-06, 0.1], "k_pid_hsp": [9.62916374206543, 0.9729799628257751, 0.02136939764022827], "k_pid_vsp": [8.741521835327148, 375.4002990722656, 13.580620765686035]}, "datetime": {"datetime": "2025-08-21 19:15:12", "elapsed": 37829.20417571068, "delta": 22.697822332382202}, "costs": {"total_cost": 594.3423578843285, "time_cost": 150, "final_distance_cost": 56.195035683052005, "oscillation_cost": 181.67279683115137, "completition_cost": 111.11111111111116, "overshoot_cost": 55.77608158875287, "power_cost": 22.77269609375, "noise_cost": 16.814636576511166, "n_waypoints_completed": 8, "tot_waypoints": 9}}
