{"target": -785.8484777349532, "params": {"k_pid_pos": [2.0, 0.9925671815872192, 1.0], "k_pid_alt": [1.9527604579925537, 1.0, 0.008509814739227295], "k_pid_att": [100.0, 0.04616141319274902, 0.9791970252990723], "k_pid_yaw": [0.5, 1e-06, 0.1], "k_pid_hsp": [9.808340072631836, 0.9945594668388367, 0.05487862229347229], "k_pid_vsp": [3.071916103363037, 397.818603515625, 1.4356622695922852]}, "datetime": {"datetime": "2025-08-21 14:57:11", "elapsed": 22348.080246925354, "delta": 23.517929077148438}, "costs": {"total_cost": 785.8484777349532, "time_cost": 150, "final_distance_cost": 63.17321115110965, "oscillation_cost": 130.1109666099163, "completition_cost": 333.33333333333337, "overshoot_cost": 60.29704571272664, "power_cost": 27.58455847167969, "noise_cost": 21.349362456187574, "n_waypoints_completed": 6, "tot_waypoints": 9}}
{"target": -840.502547221326, "params": {"k_pid_pos": [1.9999998807907104, 0.9383864402770996, 0.9946392774581909], "k_pid_alt": [1.9847617149353027, 1.0, 0.008004814386367798], "k_pid_att": [100.0, 0.25279343128204346, 0.9880334734916687], "k_pid_yaw": [0.5, 1e-06, 0.1], "k_pid_hsp": [9.903696060180664, 0.9772863388061523, 0.015107661485671997], "k_pid_vsp": [2.5818705558776855, 397.4917297363281, 8.11512565612793]}, "datetime": {"datetime": "2025-08-21 14:57:35", "elapsed": 22372.14067339897, "delta": 24.060426473617554}, "costs": {"total_cost": 840.502547221326, "time_cost": 150, "final_distance_cost": 61.979396359691, "oscillation_cost": 201.78746267092444, "completition_cost": 333.33333333333337, "overshoot_cost": 55.15980422309385, "power_cost": 21.944148303222658, "noise_cost": 16.29840233106072, "n_waypoints_completed": 6, "tot_waypoints": 9}}
{"target": -617.7378036454405, "params": {"k_pid_pos": [2.0, 0.8807336091995239, 0.23972365260124207], "k_pid_alt": [1.986424446105957, 0.9999998211860657, 0.004396110773086548], "k_pid_att": [100.0, 1.508605718612671, 0.9694029688835144], "k_pid_yaw": [0.5, 1e-06, 0.1], "k_pid_hsp": [9.886261940002441, 0.9892559051513672, 0.006377965211868286], "k_pid_vsp": [18.638765335083008, 396.1921691894531, 66.29241943359375]}, "datetime": {"datetime": "2025-08-21 14:57:59", "elapsed": 22395.892496347427, "delta": 23.75182294845581}, "costs": {"total_cost": 617.7378036454405, "time_cost": 150, "final_distance_cost": 65.00549812950906, "oscillation_cost": 96.42275116410076, "completition_cost": 222.2222222222222, "overshoot_cost": 52.53443831507412, "power_cost": 17.890968188476563, "noise_cost": 13.661925626057792, "n_waypoints_completed": 7, "tot_waypoints": 9}}
{"target": -524.7569681435394, "params": {"k_pid_pos": [1.9306198358535767, 0.9406429529190063, 0.9999998807907104], "k_pid_alt": [1.9762742519378662, 1.0, 0.003106445074081421], "k_pid_att": [100.0, 0.47869306802749634, 0.9403241276741028], "k_pid_yaw": [0.5, 1e-06, 0.1], "k_pid_hsp": [9.97614574432373, 0.987041711807251, 0.02840369939804077], "k_pid_vsp": [54.919578552246094, 380.7248229980469, 11.863900184631348]}, "datetime": {"datetime": "2025-08-21 14:58:23", "elapsed": 22420.016275644302, "delta": 24.123779296875}, "costs": {"total_cost": 524.7569681435394, "time_cost": 150, "final_distance_cost": 8.843384196795808, "oscillation_cost": 162.50455355922026, "completition_cost": 111.11111111111116, "overshoot_cost": 58.89379813251465, "power_cost": 18.794043896484375, "noise_cost": 14.610077247413251, "n_waypoints_completed": 8, "tot_waypoints": 9}}
{"target": -906.0971422707723, "params": {"k_pid_pos": [0.8854933977127075, 0.9600619077682495, 0.11796835064888], "k_pid_alt": [1.946999192237854, 0.999962329864502, 0.0285150408744812], "k_pid_att": [100.0, 0.1164029985666275, 0.9788652658462524], "k_pid_yaw": [0.5, 1e-06, 0.1], "k_pid_hsp": [9.916329383850098, 0.8672878742218018, 0.00273934006690979], "k_pid_vsp": [6.409204006195068, 394.4781799316406, 88.73629760742188]}, "datetime": {"datetime": "2025-08-21 14:58:47", "elapsed": 22443.864486932755, "delta": 23.84821128845215}, "costs": {"total_cost": 906.0971422707723, "time_cost": 150, "final_distance_cost": 43.258988561168444, "oscillation_cost": 65.46832194186877, "completition_cost": 555.5555555555555, "overshoot_cost": 53.97962838883666, "power_cost": 21.15526141357422, "noise_cost": 16.679386409768735, "n_waypoints_completed": 4, "tot_waypoints": 9}}
{"target": -692.3053625212, "params": {"k_pid_pos": [1.999997854232788, 0.9943158626556396, 1.0], "k_pid_alt": [1.9892042875289917, 1.0, 0.04052475094795227], "k_pid_att": [99.99995422363281, 0.2179998904466629, 0.9528833627700806], "k_pid_yaw": [0.5, 1e-06, 0.1], "k_pid_hsp": [9.92545223236084, 0.989035964012146, 0.00353926420211792], "k_pid_vsp": [14.838099479675293, 392.18951416015625, 2.802241802215576]}, "datetime": {"datetime": "2025-08-21 14:59:11", "elapsed": 22467.993118047714, "delta": 24.128631114959717}, "costs": {"total_cost": 692.3053625212, "time_cost": 150, "final_distance_cost": 68.46121130138008, "oscillation_cost": 160.6559908487409, "completition_cost": 222.2222222222222, "overshoot_cost": 51.84788853866474, "power_cost": 22.2988419921875, "noise_cost": 16.819207618004604, "n_waypoints_completed": 7, "tot_waypoints": 9}}
{"target": -1110.839358697013, "params": {"k_pid_pos": [2.0, 0.9932363629341125, 1.0], "k_pid_alt": [1.8128631114959717, 1.0, 0.03112092614173889], "k_pid_att": [99.9998550415039, 0.20404478907585144, 0.9717106819152832], "k_pid_yaw": [0.5, 1e-06, 0.1], "k_pid_hsp": [9.956936836242676, 0.9803472757339478, 0.02568340301513672], "k_pid_vsp": [22.019588470458984, 398.66131591796875, 8.63744068145752]}, "datetime": {"datetime": "2025-08-21 14:59:34", "elapsed": 22491.167842388153, "delta": 23.174724340438843}, "costs": {"total_cost": 1110.839358697013, "time_cost": 150, "final_distance_cost": 58.94147468111357, "oscillation_cost": 148.54826375171152, "completition_cost": 666.6666666666667, "overshoot_cost": 53.55635474705208, "power_cost": 19.259302148437502, "noise_cost": 13.867296702031489, "n_waypoints_completed": 3, "tot_waypoints": 9}}
{"target": -1278.5836456219379, "params": {"k_pid_pos": [1.9133838415145874, 0.9835152626037598, 3.8743019104003906e-07], "k_pid_alt": [1.9659790992736816, 0.9999985694885254, 0.07531669735908508], "k_pid_att": [100.0, 0.12305302172899246, 0.928381085395813], "k_pid_yaw": [0.5, 1e-06, 0.1], "k_pid_hsp": [9.569387435913086, 0.9914594888687134, 0.01024317741394043], "k_pid_vsp": [6.123816967010498, 371.57598876953125, 15.683615684509277]}, "datetime": {"datetime": "2025-08-21 14:59:58", "elapsed": 22514.90296316147, "delta": 23.73512077331543}, "costs": {"total_cost": 1278.5836456219379, "time_cost": 150, "final_distance_cost": 75.11980187149963, "oscillation_cost": 81.11971816608978, "completition_cost": 888.8888888888888, "overshoot_cost": 46.417116603964736, "power_cost": 22.105496923828127, "noise_cost": 14.932623167666662, "n_waypoints_completed": 1, "tot_waypoints": 9}}
{"target": -1599.964498446135, "params": {"k_pid_pos": [2.0, 0.8145266175270081, 0.0031244754791259766], "k_pid_alt": [1.8971284627914429, 0.9999724626541138, 0.01828145980834961], "k_pid_att": [0.20529627799987793, 0.4172421991825104, 0.9890154600143433], "k_pid_yaw": [0.5, 1e-06, 0.1], "k_pid_hsp": [9.347064971923828, 0.9934498071670532, 0.028799474239349365], "k_pid_vsp": [3.9588212966918945, 394.7732238769531, 1.8543968200683594]}, "datetime": {"datetime": "2025-08-21 15:00:22", "elapsed": 22539.272657871246, "delta": 24.369694709777832}, "costs": {"total_cost": 1599.964498446135, "time_cost": 150, "final_distance_cost": 20.43882796637082, "oscillation_cost": 109.31005562219902, "completition_cost": 1000.0, "overshoot_cost": 212.01610356917016, "power_cost": 33.34694842529297, "noise_cost": 74.85256286310212, "n_waypoints_completed": 0, "tot_waypoints": 9}}
{"target": -809.9196927894421, "params": {"k_pid_pos": [2.0, 0.9960939884185791, 0.9410099983215332], "k_pid_alt": [1.9894237518310547, 1.0, 0.010841935873031616], "k_pid_att": [100.0, 0.09252263605594635, 0.9961020946502686], "k_pid_yaw": [0.5, 1e-06, 0.1], "k_pid_hsp": [9.821572303771973, 0.8893160820007324, 0.07362750172615051], "k_pid_vsp": [6.675863265991211, 380.1920471191406, 7.21107816696167]}, "datetime": {"datetime": "2025-08-21 15:00:46", "elapsed": 22562.947352409363, "delta": 23.674694538116455}, "costs": {"total_cost": 809.9196927894421, "time_cost": 150, "final_distance_cost": 53.27895205191067, "oscillation_cost": 183.41469280520926, "completition_cost": 333.33333333333337, "overshoot_cost": 52.758862626176054, "power_cost": 21.868439904785156, "noise_cost": 15.265412068027539, "n_waypoints_completed": 6, "tot_waypoints": 9}}
{"target": -1019.0455682915327, "params": {"k_pid_pos": [1.999829649925232, 0.9825428128242493, 9.298324584960938e-05], "k_pid_alt": [1.9292027950286865, 0.9999931454658508, 0.0076604485511779785], "k_pid_att": [100.0, 0.9374201893806458, 0.9126452207565308], "k_pid_yaw": [0.5, 1e-06, 0.1], "k_pid_hsp": [9.959526062011719, 0.9831339120864868, 0.16765183210372925], "k_pid_vsp": [5.039191246032715, 387.1700439453125, 0.4393826127052307]}, "datetime": {"datetime": "2025-08-21 15:01:10", "elapsed": 22586.742265939713, "delta": 23.79491353034973}, "costs": {"total_cost": 1019.0455682915327, "time_cost": 150, "final_distance_cost": 41.320230941202595, "oscillation_cost": 181.94815527018517, "completition_cost": 555.5555555555555, "overshoot_cost": 58.126467083880534, "power_cost": 17.822191223144532, "noise_cost": 14.272968217564326, "n_waypoints_completed": 4, "tot_waypoints": 9}}
{"target": -1301.7960303835853, "params": {"k_pid_pos": [1.9999630451202393, 0.9873879551887512, 0.0], "k_pid_alt": [1.9909069538116455, 0.9999944567680359, 0.0045168399810791016], "k_pid_att": [100.0, 0.7893505692481995, 0.9948270916938782], "k_pid_yaw": [0.5, 1e-06, 0.1], "k_pid_hsp": [9.972267150878906, 0.9827527403831482, 0.039103686809539795], "k_pid_vsp": [1.7692327499389648, 377.04046630859375, 15.381170272827148]}, "datetime": {"datetime": "2025-08-21 15:01:33", "elapsed": 22610.042356729507, "delta": 23.300090789794922}, "costs": {"total_cost": 1301.7960303835853, "time_cost": 150, "final_distance_cost": 79.01616363295535, "oscillation_cost": 96.61886185839221, "completition_cost": 888.8888888888888, "overshoot_cost": 51.550606572434084, "power_cost": 20.927045751953127, "noise_cost": 14.794463678961655, "n_waypoints_completed": 1, "tot_waypoints": 9}}
{"target": -548.7117755535651, "params": {"k_pid_pos": [2.0, 0.9706637859344482, 1.0], "k_pid_alt": [1.9799540042877197, 0.9999996423721313, 0.034564316272735596], "k_pid_att": [100.0, 0.15098795294761658, 0.967697262763977], "k_pid_yaw": [0.5, 1e-06, 0.1], "k_pid_hsp": [7.856616020202637, 0.9973424673080444, 0.011343061923980713], "k_pid_vsp": [1.9290804862976074, 395.36846923828125, 13.326848030090332]}, "datetime": {"datetime": "2025-08-21 15:01:56", "elapsed": 22632.977400302887, "delta": 22.935043573379517}, "costs": {"total_cost": 548.7117755535651, "time_cost": 150, "final_distance_cost": 28.20832152318452, "oscillation_cost": 158.2897644975196, "completition_cost": 111.11111111111116, "overshoot_cost": 61.532552286157575, "power_cost": 23.152846337890626, "noise_cost": 16.417179797701593, "n_waypoints_completed": 8, "tot_waypoints": 9}}
{"target": -1167.049748273699, "params": {"k_pid_pos": [1.9999921321868896, 0.9701895713806152, 0.0016330182552337646], "k_pid_alt": [1.9844520092010498, 0.9992464780807495, 0.008166670799255371], "k_pid_att": [100.0, 0.23936167359352112, 0.9882288575172424], "k_pid_yaw": [0.5, 1e-06, 0.1], "k_pid_hsp": [9.937540054321289, 0.9928062558174133, 0.054018765687942505], "k_pid_vsp": [15.685796737670898, 393.15625, 2.7806410789489746]}, "datetime": {"datetime": "2025-08-21 15:02:19", "elapsed": 22656.050387859344, "delta": 23.07298755645752}, "costs": {"total_cost": 1167.049748273699, "time_cost": 150, "final_distance_cost": 67.09620483056135, "oscillation_cost": 89.87965028776912, "completition_cost": 777.7777777777778, "overshoot_cost": 44.38124808210187, "power_cost": 22.408509936523437, "noise_cost": 15.50635735896553, "n_waypoints_completed": 2, "tot_waypoints": 9}}
{"target": -730.7319494339409, "params": {"k_pid_pos": [2.0, 0.9813677072525024, 0.9855425357818604], "k_pid_alt": [1.9639201164245605, 0.9999608397483826, 0.041985511779785156], "k_pid_att": [99.99998474121094, 0.3468635082244873, 0.9699527025222778], "k_pid_yaw": [0.5, 1e-06, 0.1], "k_pid_hsp": [9.902771949768066, 0.9416213035583496, 0.013079524040222168], "k_pid_vsp": [2.1828174591064453, 393.9600830078125, 14.0054349899292]}, "datetime": {"datetime": "2025-08-21 15:02:42", "elapsed": 22679.219660043716, "delta": 23.16927218437195}, "costs": {"total_cost": 730.7319494339409, "time_cost": 150, "final_distance_cost": 74.49289949366754, "oscillation_cost": 197.6451567555047, "completition_cost": 222.2222222222222, "overshoot_cost": 54.76696417723201, "power_cost": 18.178752673339844, "noise_cost": 13.425954111974626, "n_waypoints_completed": 7, "tot_waypoints": 9}}
{"target": -1201.987731996205, "params": {"k_pid_pos": [2.0, 0.9551963806152344, 9.000301361083984e-06], "k_pid_alt": [1.8936090469360352, 1.0, 0.013785094022750854], "k_pid_att": [100.0, 1.1630786657333374, 0.9859957695007324], "k_pid_yaw": [0.5, 1e-06, 0.1], "k_pid_hsp": [9.709521293640137, 0.9776768684387207, 0.08878502249717712], "k_pid_vsp": [3.6880970001220703, 390.3543395996094, 5.684853553771973]}, "datetime": {"datetime": "2025-08-21 15:03:06", "elapsed": 22702.944120407104, "delta": 23.72446036338806}, "costs": {"total_cost": 1201.987731996205, "time_cost": 150, "final_distance_cost": 83.22949501889758, "oscillation_cost": 107.55082239867716, "completition_cost": 777.7777777777778, "overshoot_cost": 40.84652570769799, "power_cost": 25.367708801269533, "noise_cost": 17.215402291884747, "n_waypoints_completed": 2, "tot_waypoints": 9}}
{"target": -832.0507396596979, "params": {"k_pid_pos": [2.0, 0.9385867118835449, 1.0], "k_pid_alt": [1.9317896366119385, 1.0, 0.021066993474960327], "k_pid_att": [100.0, 0.3856615722179413, 0.9942986369132996], "k_pid_yaw": [0.5, 1e-06, 0.1], "k_pid_hsp": [9.551794052124023, 0.9927207231521606, 0.032917916774749756], "k_pid_vsp": [12.175250053405762, 392.8164978027344, 4.623771667480469]}, "datetime": {"datetime": "2025-08-21 15:03:30", "elapsed": 22726.46989631653, "delta": 23.525775909423828}, "costs": {"total_cost": 832.0507396596979, "time_cost": 150, "final_distance_cost": 69.65195311168033, "oscillation_cost": 191.09442124404282, "completition_cost": 333.33333333333337, "overshoot_cost": 51.11277043676017, "power_cost": 20.544044580078126, "noise_cost": 16.314216953803097, "n_waypoints_completed": 6, "tot_waypoints": 9}}
{"target": -1209.4886602178085, "params": {"k_pid_pos": [2.0, 0.9899114370346069, 0.0], "k_pid_alt": [1.9842026233673096, 1.0, 0.1002240777015686], "k_pid_att": [100.0, 0.041844889521598816, 0.9849370121955872], "k_pid_yaw": [0.5, 1e-06, 0.1], "k_pid_hsp": [9.696990013122559, 0.996024489402771, 0.07347247004508972], "k_pid_vsp": [2.4907588958740234, 374.8108825683594, 3.2152066230773926]}, "datetime": {"datetime": "2025-08-21 15:03:53", "elapsed": 22750.376803398132, "delta": 23.906907081604004}, "costs": {"total_cost": 1209.4886602178085, "time_cost": 150, "final_distance_cost": 70.68513874493816, "oscillation_cost": 115.61854527761331, "completition_cost": 777.7777777777778, "overshoot_cost": 56.05426197717376, "power_cost": 23.379152734375, "noise_cost": 15.973783705930463, "n_waypoints_completed": 2, "tot_waypoints": 9}}
{"target": -767.1785017056947, "params": {"k_pid_pos": [2.0, 0.9696449041366577, 0.9999490976333618], "k_pid_alt": [1.9701097011566162, 0.9892503023147583, 0.017101168632507324], "k_pid_att": [99.99870300292969, 0.10133419930934906, 0.9612575769424438], "k_pid_yaw": [0.5, 1e-06, 0.1], "k_pid_hsp": [9.805868148803711, 0.8547356128692627, 0.006142795085906982], "k_pid_vsp": [0.9503006935119629, 384.54852294921875, 4.56292724609375]}, "datetime": {"datetime": "2025-08-21 15:04:17", "elapsed": 22773.69665980339, "delta": 23.31985640525818}, "costs": {"total_cost": 767.1785017056947, "time_cost": 150, "final_distance_cost": 67.73396215987809, "oscillation_cost": 96.2694547867596, "completition_cost": 333.33333333333337, "overshoot_cost": 69.01828390063145, "power_cost": 28.48352762451172, "noise_cost": 22.339939900580497, "n_waypoints_completed": 6, "tot_waypoints": 9}}
{"target": -1262.8298448034564, "params": {"k_pid_pos": [1.9999985694885254, 0.993472695350647, 0.0011140704154968262], "k_pid_alt": [1.9820146560668945, 0.9999885559082031, 0.00048282742500305176], "k_pid_att": [100.0, 0.0437602661550045, 0.9640809893608093], "k_pid_yaw": [0.5, 1e-06, 0.1], "k_pid_hsp": [9.941475868225098, 0.9977842569351196, 0.027807235717773438], "k_pid_vsp": [44.31350326538086, 392.65447998046875, 14.313651084899902]}, "datetime": {"datetime": "2025-08-21 15:04:40", "elapsed": 22796.561857700348, "delta": 22.865197896957397}, "costs": {"total_cost": 1262.8298448034564, "time_cost": 150, "final_distance_cost": 73.55357819668376, "oscillation_cost": 77.9410092564727, "completition_cost": 888.8888888888888, "overshoot_cost": 35.22922939835784, "power_cost": 21.412342919921876, "noise_cost": 15.80479614313149, "n_waypoints_completed": 1, "tot_waypoints": 9}}
{"target": -1186.9795169644126, "params": {"k_pid_pos": [2.0, 0.9977717399597168, 0.08110672235488892], "k_pid_alt": [1.9563663005828857, 1.0, 0.02557593584060669], "k_pid_att": [99.99998474121094, 0.1676436960697174, 0.9662158489227295], "k_pid_yaw": [0.5, 1e-06, 0.1], "k_pid_hsp": [9.986750602722168, 0.9912455081939697, 0.02069401741027832], "k_pid_vsp": [11.473631858825684, 390.7774963378906, 10.391117095947266]}, "datetime": {"datetime": "2025-08-21 15:05:02", "elapsed": 22819.04479622841, "delta": 22.482938528060913}, "costs": {"total_cost": 1186.9795169644126, "time_cost": 150, "final_distance_cost": 85.36060446441819, "oscillation_cost": 83.59305885836585, "completition_cost": 777.7777777777778, "overshoot_cost": 51.16093154147149, "power_cost": 23.179666333007813, "noise_cost": 15.907477989371415, "n_waypoints_completed": 2, "tot_waypoints": 9}}
{"target": -345.0920626629086, "params": {"k_pid_pos": [1.058819055557251, 0.9852540493011475, 0.9957715272903442], "k_pid_alt": [1.9891492128372192, 1.0, 0.035163670778274536], "k_pid_att": [100.0, 0.2335270345211029, 0.8321453928947449], "k_pid_yaw": [0.5, 1e-06, 0.1], "k_pid_hsp": [9.956826210021973, 0.9881271719932556, 0.011986255645751953], "k_pid_vsp": [37.43532943725586, 391.8113098144531, 8.555317878723145]}, "datetime": {"datetime": "2025-08-21 15:05:24", "elapsed": 22841.38587999344, "delta": 22.341083765029907}, "costs": {"total_cost": 345.0920626629086, "time_cost": 97.632, "final_distance_cost": 1.7138043095129512, "oscillation_cost": 157.53384388390793, "completition_cost": 0.0, "overshoot_cost": 54.4486309615328, "power_cost": 19.133870458984376, "noise_cost": 14.629913048970478, "n_waypoints_completed": 9, "tot_waypoints": 9}}
{"target": -1293.2331347991503, "params": {"k_pid_pos": [2.0, 0.9868782758712769, 0.00046128034591674805], "k_pid_alt": [1.923466444015503, 0.9999997019767761, 0.006375133991241455], "k_pid_att": [100.0, 0.7266042232513428, 0.9535021185874939], "k_pid_yaw": [0.5, 1e-06, 0.1], "k_pid_hsp": [8.777311325073242, 0.9819631576538086, 0.013253778219223022], "k_pid_vsp": [9.559392929077148, 392.3342590332031, 4.550565242767334]}, "datetime": {"datetime": "2025-08-21 15:05:48", "elapsed": 22864.46979379654, "delta": 23.083913803100586}, "costs": {"total_cost": 1293.2331347991503, "time_cost": 150, "final_distance_cost": 74.63383448408818, "oscillation_cost": 59.23421699575472, "completition_cost": 888.8888888888888, "overshoot_cost": 68.11867720702682, "power_cost": 29.08949012451172, "noise_cost": 23.268027098880054, "n_waypoints_completed": 1, "tot_waypoints": 9}}
{"target": -936.3462377259154, "params": {"k_pid_pos": [2.0, 0.9899550676345825, 0.7963022589683533], "k_pid_alt": [1.9825670719146729, 0.9999996423721313, 0.016774117946624756], "k_pid_att": [100.0, 0.35423505306243896, 0.9927615523338318], "k_pid_yaw": [0.5, 1e-06, 0.1], "k_pid_hsp": [9.679683685302734, 0.7268826961517334, 0.054395049810409546], "k_pid_vsp": [5.2025556564331055, 397.55035400390625, 18.359722137451172]}, "datetime": {"datetime": "2025-08-21 15:06:11", "elapsed": 22887.869785547256, "delta": 23.399991750717163}, "costs": {"total_cost": 936.3462377259154, "time_cost": 150, "final_distance_cost": 50.73093447111779, "oscillation_cost": 204.6111434996502, "completition_cost": 444.4444444444444, "overshoot_cost": 54.52956074832459, "power_cost": 17.668457727050782, "noise_cost": 14.361696835327681, "n_waypoints_completed": 5, "tot_waypoints": 9}}
{"target": -786.5848817518065, "params": {"k_pid_pos": [2.0, 0.9820245504379272, 0.5258975625038147], "k_pid_alt": [1.9245476722717285, 1.0, 0.0033302903175354004], "k_pid_att": [100.0, 0.04980262368917465, 0.9937707185745239], "k_pid_yaw": [0.5, 1e-06, 0.1], "k_pid_hsp": [9.551135063171387, 0.93708336353302, 0.06755208969116211], "k_pid_vsp": [8.400142669677734, 394.8580627441406, 2.642763614654541]}, "datetime": {"datetime": "2025-08-21 15:06:34", "elapsed": 22911.390593767166, "delta": 23.520808219909668}, "costs": {"total_cost": 786.5848817518065, "time_cost": 150, "final_distance_cost": 56.33278597310377, "oscillation_cost": 152.59151534409042, "completition_cost": 333.33333333333337, "overshoot_cost": 53.16621303803608, "power_cost": 23.81086163330078, "noise_cost": 17.350172429942184, "n_waypoints_completed": 6, "tot_waypoints": 9}}
