{"target": -1286.6452489919973, "params": {"k_pid_pos": [2.0, 0.9870436787605286, 0.012830734252929688], "k_pid_alt": [1.8171991109848022, 1.0, 0.008161067962646484], "k_pid_att": [100.0, 0.2272540032863617, 0.969539999961853], "k_pid_yaw": [0.5, 1e-06, 0.1], "k_pid_hsp": [9.93144416809082, 0.9815762042999268, 0.05674967169761658], "k_pid_vsp": [3.398251533508301, 381.86639404296875, 8.995999336242676]}, "datetime": {"datetime": "2025-08-21 12:50:20", "elapsed": 14736.452464342117, "delta": 23.338881254196167}, "costs": {"total_cost": 1286.6452489919973, "time_cost": 150, "final_distance_cost": 76.96342412927633, "oscillation_cost": 74.57811362467507, "completition_cost": 888.8888888888888, "overshoot_cost": 50.706171290823754, "power_cost": 27.192900354003907, "noise_cost": 18.315750704329197, "n_waypoints_completed": 1, "tot_waypoints": 9}}
{"target": -1265.350143068578, "params": {"k_pid_pos": [2.0, 0.9482975602149963, 0.0005776584148406982], "k_pid_alt": [1.5262691974639893, 1.0, 0.03113996982574463], "k_pid_att": [100.0, 0.14562417566776276, 0.9888596534729004], "k_pid_yaw": [0.5, 1e-06, 0.1], "k_pid_hsp": [9.477543830871582, 0.9986237287521362, 0.042619526386260986], "k_pid_vsp": [12.904071807861328, 389.2857971191406, 6.80296516418457]}, "datetime": {"datetime": "2025-08-21 12:50:43", "elapsed": 14759.722321271896, "delta": 23.269856929779053}, "costs": {"total_cost": 1265.350143068578, "time_cost": 150, "final_distance_cost": 54.078248881014666, "oscillation_cost": 77.84800560285898, "completition_cost": 888.8888888888888, "overshoot_cost": 51.779214467691, "power_cost": 25.40321005859375, "noise_cost": 17.352575169530905, "n_waypoints_completed": 1, "tot_waypoints": 9}}
{"target": -2929.359697926732, "params": {"k_pid_pos": [2.0, 0.9916589260101318, 0.003787130117416382], "k_pid_alt": [1.9395701885223389, 1.0, 0.07763728499412537], "k_pid_att": [0.001615285873413086, 0.8539280295372009, 0.8618178367614746], "k_pid_yaw": [0.5, 1e-06, 0.1], "k_pid_hsp": [9.659466743469238, 0.9025673866271973, 0.016052603721618652], "k_pid_vsp": [75.22587585449219, 390.2955627441406, 17.592409133911133]}, "datetime": {"datetime": "2025-08-21 12:51:07", "elapsed": 14783.787646770477, "delta": 24.065325498580933}, "costs": {"total_cost": 2929.359697926732, "time_cost": 150, "final_distance_cost": 264.7709322432996, "oscillation_cost": 784.9024477567026, "completition_cost": 1000.0, "overshoot_cost": 598.1627621923693, "power_cost": 35.52130334472656, "noise_cost": 96.00225238963412, "n_waypoints_completed": 0, "tot_waypoints": 9}}
{"target": -507.8491233042662, "params": {"k_pid_pos": [1.9999974966049194, 0.9841257929801941, 0.98265540599823], "k_pid_alt": [1.981067419052124, 1.0, 0.07446900010108948], "k_pid_att": [100.0, 0.050127170979976654, 0.9943956136703491], "k_pid_yaw": [0.5, 1e-06, 0.1], "k_pid_hsp": [9.253161430358887, 0.9754579067230225, 0.0033310651779174805], "k_pid_vsp": [36.697601318359375, 377.0497741699219, 7.194007396697998]}, "datetime": {"datetime": "2025-08-21 12:51:30", "elapsed": 14807.117038726807, "delta": 23.329391956329346}, "costs": {"total_cost": 507.8491233042662, "time_cost": 150, "final_distance_cost": 23.315539051579798, "oscillation_cost": 131.73785804655438, "completition_cost": 111.11111111111116, "overshoot_cost": 56.73235230680282, "power_cost": 19.389776489257812, "noise_cost": 15.562486298960293, "n_waypoints_completed": 8, "tot_waypoints": 9}}
{"target": -935.8310949231112, "params": {"k_pid_pos": [2.0, 0.9376884698867798, 0.9925085306167603], "k_pid_alt": [1.9482624530792236, 0.999998927116394, 0.012587815523147583], "k_pid_att": [100.0, 0.06683477759361267, 0.9863741397857666], "k_pid_yaw": [0.5, 1e-06, 0.1], "k_pid_hsp": [9.841704368591309, 0.9585919976234436, 0.03827577829360962], "k_pid_vsp": [23.636341094970703, 352.6190490722656, 1.7236719131469727]}, "datetime": {"datetime": "2025-08-21 12:51:53", "elapsed": 14830.40727353096, "delta": 23.290234804153442}, "costs": {"total_cost": 935.8310949231112, "time_cost": 150, "final_distance_cost": 52.616264192277995, "oscillation_cost": 197.38829955628742, "completition_cost": 444.4444444444444, "overshoot_cost": 57.23151742920348, "power_cost": 19.001848535156252, "noise_cost": 15.148720765741723, "n_waypoints_completed": 5, "tot_waypoints": 9}}
{"target": -535.1203599538782, "params": {"k_pid_pos": [2.0, 0.6720995306968689, 0.0], "k_pid_alt": [1.9742695093154907, 2.3633241653442383e-05, 0.16155126690864563], "k_pid_att": [99.9655990600586, 0.19011501967906952, 0.9947696328163147], "k_pid_yaw": [0.5, 1e-06, 0.1], "k_pid_hsp": [9.902252197265625, 0.9873214960098267, 0.3022450804710388], "k_pid_vsp": [59.060691833496094, 396.52593994140625, 7.681382656097412]}, "datetime": {"datetime": "2025-08-21 12:52:17", "elapsed": 14853.500053882599, "delta": 23.092780351638794}, "costs": {"total_cost": 535.1203599538782, "time_cost": 150, "final_distance_cost": 19.327375114136405, "oscillation_cost": 140.41776017242387, "completition_cost": 111.11111111111116, "overshoot_cost": 72.93374724541921, "power_cost": 23.759758166503907, "noise_cost": 17.570608144283586, "n_waypoints_completed": 8, "tot_waypoints": 9}}
{"target": -3077.2852093073157, "params": {"k_pid_pos": [2.0, 0.9974770545959473, 0.020656853914260864], "k_pid_alt": [1.9737120866775513, 1.0, 0.018565624952316284], "k_pid_att": [3.8743019104003906e-05, 0.9772297143936157, 0.9652464389801025], "k_pid_yaw": [0.5, 1e-06, 0.1], "k_pid_hsp": [9.863653182983398, 0.9901996850967407, 0.02932119369506836], "k_pid_vsp": [20.491600036621094, 379.9971618652344, 5.5171380043029785]}, "datetime": {"datetime": "2025-08-21 12:52:40", "elapsed": 14876.515122175217, "delta": 23.015068292617798}, "costs": {"total_cost": 3077.2852093073157, "time_cost": 150, "final_distance_cost": 298.74300276905586, "oscillation_cost": 847.8236435599616, "completition_cost": 1000.0, "overshoot_cost": 650.4726980187007, "power_cost": 35.407212890625004, "noise_cost": 94.83865206897298, "n_waypoints_completed": 0, "tot_waypoints": 9}}
{"target": -1145.4803939713067, "params": {"k_pid_pos": [2.0, 0.9756744503974915, 0.001494288444519043], "k_pid_alt": [1.9110064506530762, 0.0038442909717559814, 0.005886554718017578], "k_pid_att": [99.9952163696289, 0.4710691273212433, 0.9565653204917908], "k_pid_yaw": [0.5, 1e-06, 0.1], "k_pid_hsp": [9.864337921142578, 0.963178277015686, 0.0019047558307647705], "k_pid_vsp": [7.3610663414001465, 260.28790283203125, 2.008749008178711]}, "datetime": {"datetime": "2025-08-21 12:53:03", "elapsed": 14899.867972373962, "delta": 23.352850198745728}, "costs": {"total_cost": 1145.4803939713067, "time_cost": 150, "final_distance_cost": 65.69404542809126, "oscillation_cost": 82.8180646526121, "completition_cost": 777.7777777777778, "overshoot_cost": 34.4461072341498, "power_cost": 20.449757629394533, "noise_cost": 14.294641249281332, "n_waypoints_completed": 2, "tot_waypoints": 9}}
{"target": -1357.851762792891, "params": {"k_pid_pos": [2.0, 0.9929124712944031, 5.960464477539063e-08], "k_pid_alt": [1.9841196537017822, 1.0, 0.06578803062438965], "k_pid_att": [100.0, 0.6138896942138672, 0.9823538064956665], "k_pid_yaw": [0.5, 1e-06, 0.1], "k_pid_hsp": [9.932145118713379, 0.9581551551818848, 0.023677140474319458], "k_pid_vsp": [7.230544090270996, 356.41046142578125, 18.95685386657715]}, "datetime": {"datetime": "2025-08-21 12:53:26", "elapsed": 14923.357355594635, "delta": 23.489383220672607}, "costs": {"total_cost": 1357.851762792891, "time_cost": 150, "final_distance_cost": 48.99387224494442, "oscillation_cost": 80.37571588197424, "completition_cost": 1000.0, "overshoot_cost": 41.18705371832009, "power_cost": 22.061602770996096, "noise_cost": 15.23351817665589, "n_waypoints_completed": 0, "tot_waypoints": 9}}
{"target": -1159.5612165884672, "params": {"k_pid_pos": [0.00020328967366367579, 0.9847457408905029, 0.988863468170166], "k_pid_alt": [1.9970452785491943, 0.999992847442627, 0.06093078851699829], "k_pid_att": [100.0, 0.04382314532995224, 0.9841375946998596], "k_pid_yaw": [0.5, 1e-06, 0.1], "k_pid_hsp": [9.348820686340332, 0.9979619979858398, 0.03134837746620178], "k_pid_vsp": [56.31048583984375, 379.17352294921875, 6.39240837097168]}, "datetime": {"datetime": "2025-08-21 12:53:50", "elapsed": 14946.499959230423, "delta": 23.142603635787964}, "costs": {"total_cost": 1159.5612165884672, "time_cost": 150, "final_distance_cost": 56.33289512159041, "oscillation_cost": 185.56407233830117, "completition_cost": 666.6666666666667, "overshoot_cost": 59.12643849869819, "power_cost": 23.124600842285158, "noise_cost": 18.74654312092543, "n_waypoints_completed": 3, "tot_waypoints": 9}}
{"target": -925.8364498033617, "params": {"k_pid_pos": [2.0, 0.7312145233154297, 0.0012265443801879883], "k_pid_alt": [1.8255629539489746, 0.0594404935836792, 0.05556786060333252], "k_pid_att": [99.72197723388672, 0.3571920096874237, 0.95124351978302], "k_pid_yaw": [0.5, 1e-06, 0.1], "k_pid_hsp": [9.849624633789062, 0.9676604270935059, 0.03162336349487305], "k_pid_vsp": [26.29523277282715, 371.54656982421875, 6.853879451751709]}, "datetime": {"datetime": "2025-08-21 12:54:13", "elapsed": 14969.91679263115, "delta": 23.41683340072632}, "costs": {"total_cost": 925.8364498033617, "time_cost": 150, "final_distance_cost": 37.83634316571913, "oscillation_cost": 92.80390056372477, "completition_cost": 555.5555555555555, "overshoot_cost": 53.287094118739915, "power_cost": 21.05057896728516, "noise_cost": 15.302977432337274, "n_waypoints_completed": 4, "tot_waypoints": 9}}
{"target": -1359.3591673909596, "params": {"k_pid_pos": [2.0, 0.9708156585693359, 3.2782554626464844e-07], "k_pid_alt": [1.8883476257324219, 1.0, 0.04426047205924988], "k_pid_att": [14.191478729248047, 0.06656745821237564, 0.9773914813995361], "k_pid_yaw": [0.5, 1e-06, 0.1], "k_pid_hsp": [8.632747650146484, 0.93257737159729, 0.01977822184562683], "k_pid_vsp": [1.8776297569274902, 398.7859802246094, 8.334816932678223]}, "datetime": {"datetime": "2025-08-21 12:54:36", "elapsed": 14993.343894720078, "delta": 23.427102088928223}, "costs": {"total_cost": 1359.3591673909596, "time_cost": 150, "final_distance_cost": 47.66735128103457, "oscillation_cost": 83.94803753561804, "completition_cost": 1000.0, "overshoot_cost": 39.46516449940704, "power_cost": 22.88761954345703, "noise_cost": 15.390994531442708, "n_waypoints_completed": 0, "tot_waypoints": 9}}
{"target": -1191.2809353752036, "params": {"k_pid_pos": [2.0, 0.8329493403434753, 0.0], "k_pid_alt": [1.9604015350341797, 1.0, 0.008034110069274902], "k_pid_att": [100.0, 0.10756193101406097, 0.8495484590530396], "k_pid_yaw": [0.5, 1e-06, 0.1], "k_pid_hsp": [9.317394256591797, 0.9343042373657227, 0.036529362201690674], "k_pid_vsp": [10.886597633361816, 393.5127868652344, 1.5106210708618164]}, "datetime": {"datetime": "2025-08-21 12:55:00", "elapsed": 15016.713376998901, "delta": 23.369482278823853}, "costs": {"total_cost": 1191.2809353752036, "time_cost": 150, "final_distance_cost": 81.69141978725922, "oscillation_cost": 97.85413115574833, "completition_cost": 777.7777777777778, "overshoot_cost": 44.58055257739085, "power_cost": 23.442681005859377, "noise_cost": 15.934373071168048, "n_waypoints_completed": 2, "tot_waypoints": 9}}
{"target": -1299.385269718131, "params": {"k_pid_pos": [2.0, 0.9872446060180664, 2.682209014892578e-07], "k_pid_alt": [1.8070305585861206, 0.9964549541473389, 0.042428165674209595], "k_pid_att": [99.99923706054688, 0.033733077347278595, 0.9805358648300171], "k_pid_yaw": [0.5, 1e-06, 0.1], "k_pid_hsp": [9.635758399963379, 0.9950699806213379, 0.05255129933357239], "k_pid_vsp": [10.980165481567383, 387.9159240722656, 6.148112773895264]}, "datetime": {"datetime": "2025-08-21 12:55:24", "elapsed": 15040.681654930115, "delta": 23.96827793121338}, "costs": {"total_cost": 1299.385269718131, "time_cost": 150, "final_distance_cost": 65.90640538744442, "oscillation_cost": 112.88612179557182, "completition_cost": 888.8888888888888, "overshoot_cost": 47.53150205986486, "power_cost": 19.8642380859375, "noise_cost": 14.30811350042365, "n_waypoints_completed": 1, "tot_waypoints": 9}}
{"target": -878.7489504799673, "params": {"k_pid_pos": [2.0, 0.9855908751487732, 0.9999998807907104], "k_pid_alt": [1.7119207382202148, 1.0, 0.0025069713592529297], "k_pid_att": [100.0, 0.28828465938568115, 0.9859480857849121], "k_pid_yaw": [0.5, 1e-06, 0.1], "k_pid_hsp": [9.79293441772461, 0.8957849144935608, 0.044349730014801025], "k_pid_vsp": [5.386292934417725, 314.3987731933594, 32.25457763671875]}, "datetime": {"datetime": "2025-08-21 12:55:52", "elapsed": 15068.7726187706, "delta": 28.09096384048462}, "costs": {"total_cost": 878.7489504799673, "time_cost": 150, "final_distance_cost": 45.491883959673316, "oscillation_cost": 148.69822424178838, "completition_cost": 444.4444444444444, "overshoot_cost": 51.54532328256943, "power_cost": 21.828155493164065, "noise_cost": 16.740919058327815, "n_waypoints_completed": 5, "tot_waypoints": 9}}
{"target": -1035.8148259901554, "params": {"k_pid_pos": [1.999979853630066, 0.9370343685150146, 0.03916671872138977], "k_pid_alt": [1.389268159866333, 1.0, 0.019761770963668823], "k_pid_att": [99.98694610595703, 0.22787687182426453, 0.9922452569007874], "k_pid_yaw": [0.5, 1e-06, 0.1], "k_pid_hsp": [9.130165100097656, 0.9603397846221924, 0.004446089267730713], "k_pid_vsp": [8.744632720947266, 373.3635559082031, 39.48334503173828]}, "datetime": {"datetime": "2025-08-21 12:56:15", "elapsed": 15092.367730140686, "delta": 23.59511137008667}, "costs": {"total_cost": 1035.8148259901554, "time_cost": 150, "final_distance_cost": 53.224441507706324, "oscillation_cost": 75.35722704106831, "completition_cost": 666.6666666666667, "overshoot_cost": 49.64322641703028, "power_cost": 23.254191357421877, "noise_cost": 17.66907300026207, "n_waypoints_completed": 3, "tot_waypoints": 9}}
{"target": -1186.0216588370702, "params": {"k_pid_pos": [1.9999988079071045, 0.9353762865066528, 1.9371509552001953e-05], "k_pid_alt": [1.964479684829712, 1.0, 0.054866939783096313], "k_pid_att": [100.0, 0.3613482117652893, 0.997684895992279], "k_pid_yaw": [0.5, 1e-06, 0.1], "k_pid_hsp": [9.75406265258789, 0.9678720235824585, 0.03907787799835205], "k_pid_vsp": [7.311224937438965, 359.1155090332031, 24.897720336914062]}, "datetime": {"datetime": "2025-08-21 12:56:39", "elapsed": 15115.631791353226, "delta": 23.264061212539673}, "costs": {"total_cost": 1186.0216588370702, "time_cost": 150, "final_distance_cost": 84.94590318692474, "oscillation_cost": 85.61113409317248, "completition_cost": 777.7777777777778, "overshoot_cost": 41.751999745986666, "power_cost": 27.456266320800783, "noise_cost": 18.47857771240769, "n_waypoints_completed": 2, "tot_waypoints": 9}}
{"target": -581.7636387749549, "params": {"k_pid_pos": [1.8684489727020264, 0.9511562585830688, 1.0], "k_pid_alt": [1.956125259399414, 1.0, 0.044002413749694824], "k_pid_att": [87.14347076416016, 0.22094373404979706, 0.9906715154647827], "k_pid_yaw": [0.5, 1e-06, 0.1], "k_pid_hsp": [8.966324806213379, 0.9702900648117065, 0.028528958559036255], "k_pid_vsp": [5.557084083557129, 390.6831359863281, 10.733843803405762]}, "datetime": {"datetime": "2025-08-21 12:57:02", "elapsed": 15138.874938488007, "delta": 23.243147134780884}, "costs": {"total_cost": 581.7636387749549, "time_cost": 150, "final_distance_cost": 66.77691403048946, "oscillation_cost": 167.5866458826149, "completition_cost": 111.11111111111116, "overshoot_cost": 48.48023291818161, "power_cost": 22.421076098632813, "noise_cost": 15.38765873392491, "n_waypoints_completed": 8, "tot_waypoints": 9}}
{"target": -5466.643848649312, "params": {"k_pid_pos": [2.0, 0.9734581708908081, 1.0], "k_pid_alt": [1.9623773097991943, 0.9999656677246094, 0.006310135126113892], "k_pid_att": [0.01595020294189453, 0.2194575071334839, 0.9941861629486084], "k_pid_yaw": [0.5, 1e-06, 0.1], "k_pid_hsp": [9.749350547790527, 0.960217297077179, 0.17171794176101685], "k_pid_vsp": [29.45630645751953, 393.71441650390625, 12.144828796386719]}, "datetime": {"datetime": "2025-08-21 12:57:25", "elapsed": 15162.024705648422, "delta": 23.14976716041565}, "costs": {"total_cost": 5466.643848649312, "time_cost": 150, "final_distance_cost": 1414.3391038129391, "oscillation_cost": 239.63012021296302, "completition_cost": 1000.0, "overshoot_cost": 2546.2158088127703, "power_cost": 33.85318542480469, "noise_cost": 82.60563038583503, "n_waypoints_completed": 0, "tot_waypoints": 9}}
{"target": -1042.7990951658076, "params": {"k_pid_pos": [1.9999960660934448, 0.9882354736328125, 2.9802322387695312e-08], "k_pid_alt": [1.95565927028656, 0.7763223648071289, 0.042019784450531006], "k_pid_att": [99.99998474121094, 0.12555967271327972, 0.9715019464492798], "k_pid_yaw": [0.5, 1e-06, 0.1], "k_pid_hsp": [9.19023323059082, 0.6102541089057922, 0.005863934755325317], "k_pid_vsp": [4.877889156341553, 354.7416076660156, 17.630983352661133]}, "datetime": {"datetime": "2025-08-21 12:57:48", "elapsed": 15185.220290899277, "delta": 23.195585250854492}, "costs": {"total_cost": 1042.7990951658076, "time_cost": 150, "final_distance_cost": 54.00213499554574, "oscillation_cost": 87.69279172818032, "completition_cost": 666.6666666666667, "overshoot_cost": 51.31292560520293, "power_cost": 19.24460391845703, "noise_cost": 13.879972251754962, "n_waypoints_completed": 3, "tot_waypoints": 9}}
{"target": -1282.401335110144, "params": {"k_pid_pos": [2.0, 0.981974184513092, 0.9999986886978149], "k_pid_alt": [1.9346935749053955, 1.0, 0.005616605281829834], "k_pid_att": [99.99627685546875, 0.1607239693403244, 0.9728477001190186], "k_pid_yaw": [0.5, 1e-06, 0.1], "k_pid_hsp": [9.876396179199219, 0.9588307738304138, 0.03002217411994934], "k_pid_vsp": [1.313328742980957, 395.5263671875, 130.43826293945312]}, "datetime": {"datetime": "2025-08-21 12:58:12", "elapsed": 15208.518323659897, "delta": 23.298032760620117}, "costs": {"total_cost": 1282.401335110144, "time_cost": 150, "final_distance_cost": 70.51159861273442, "oscillation_cost": 96.05457319336249, "completition_cost": 777.7777777777778, "overshoot_cost": 106.46673082485151, "power_cost": 32.502991638183595, "noise_cost": 49.087663063234, "n_waypoints_completed": 2, "tot_waypoints": 9}}
{"target": -1307.984229899769, "params": {"k_pid_pos": [2.0, 0.97512286901474, 0.0], "k_pid_alt": [1.933383584022522, 1.0, 0.014817804098129272], "k_pid_att": [100.0, 0.5994976758956909, 0.996989369392395], "k_pid_yaw": [0.5, 1e-06, 0.1], "k_pid_hsp": [9.761911392211914, 0.9944839477539062, 0.13404950499534607], "k_pid_vsp": [6.84359073638916, 391.3946533203125, 10.853875160217285]}, "datetime": {"datetime": "2025-08-21 12:58:35", "elapsed": 15232.025243997574, "delta": 23.506920337677002}, "costs": {"total_cost": 1307.984229899769, "time_cost": 150, "final_distance_cost": 62.622083017003064, "oscillation_cost": 130.6083236625162, "completition_cost": 888.8888888888888, "overshoot_cost": 38.20998319899842, "power_cost": 22.124691345214845, "noise_cost": 15.53025978714779, "n_waypoints_completed": 1, "tot_waypoints": 9}}
{"target": -1108.40262596676, "params": {"k_pid_pos": [2.0, 0.8627021312713623, 0.0], "k_pid_alt": [1.8796250820159912, 0.9006774425506592, 0.013801723718643188], "k_pid_att": [100.0, 0.1773838996887207, 0.9817476868629456], "k_pid_yaw": [0.5, 1e-06, 0.1], "k_pid_hsp": [9.339142799377441, 0.9730226397514343, 0.07234403491020203], "k_pid_vsp": [6.258141994476318, 390.9331359863281, 10.440803527832031]}, "datetime": {"datetime": "2025-08-21 12:58:59", "elapsed": 15255.592722892761, "delta": 23.567478895187378}, "costs": {"total_cost": 1108.40262596676, "time_cost": 150, "final_distance_cost": 77.82898999601446, "oscillation_cost": 130.29454997451933, "completition_cost": 666.6666666666667, "overshoot_cost": 49.46193225664305, "power_cost": 19.817686853027343, "noise_cost": 14.3328002198892, "n_waypoints_completed": 3, "tot_waypoints": 9}}
{"target": -1222.8247517880777, "params": {"k_pid_pos": [2.0, 0.9864917993545532, 2.9802322387695312e-08], "k_pid_alt": [1.9421947002410889, 0.9968162775039673, 0.0680474042892456], "k_pid_att": [100.0, 0.29622095823287964, 0.6905329823493958], "k_pid_yaw": [0.5, 1e-06, 0.1], "k_pid_hsp": [9.911783218383789, 0.9102945327758789, 0.06870079040527344], "k_pid_vsp": [17.489707946777344, 398.35467529296875, 15.252650260925293]}, "datetime": {"datetime": "2025-08-21 12:59:22", "elapsed": 15278.712141275406, "delta": 23.119418382644653}, "costs": {"total_cost": 1222.8247517880777, "time_cost": 150, "final_distance_cost": 85.6328525190613, "oscillation_cost": 133.66577275731387, "completition_cost": 777.7777777777778, "overshoot_cost": 41.0463860637045, "power_cost": 20.16316639404297, "noise_cost": 14.538796276177097, "n_waypoints_completed": 2, "tot_waypoints": 9}}
{"target": -896.5214823891631, "params": {"k_pid_pos": [2.0, 0.9757151007652283, 0.9262897968292236], "k_pid_alt": [1.8968418836593628, 1.0, 0.04868519306182861], "k_pid_att": [100.0, 0.5998141765594482, 0.9298434257507324], "k_pid_yaw": [0.5, 1e-06, 0.1], "k_pid_hsp": [9.665271759033203, 0.9965145587921143, 0.02457946538925171], "k_pid_vsp": [1.8709182739257812, 381.56976318359375, 10.91307544708252]}, "datetime": {"datetime": "2025-08-21 12:59:45", "elapsed": 15301.837183713913, "delta": 23.12504243850708}, "costs": {"total_cost": 896.5214823891631, "time_cost": 150, "final_distance_cost": 53.982503006109894, "oscillation_cost": 155.32516194691587, "completition_cost": 444.4444444444444, "overshoot_cost": 49.31770362725117, "power_cost": 23.823120458984377, "noise_cost": 19.62854890545742, "n_waypoints_completed": 5, "tot_waypoints": 9}}
