{"target": -737.3929728200657, "params": {"k_pid_pos": [2.0, 0.9897432923316956, 1.0], "k_pid_alt": [1.987910270690918, 1.0, 0.01924338936805725], "k_pid_att": [100.0, 0.08027131855487823, 0.9054384827613831], "k_pid_yaw": [0.5, 1e-06, 0.1], "k_pid_hsp": [9.894953727722168, 0.9483168125152588, 0.021727144718170166], "k_pid_vsp": [2.2548437118530273, 392.2144775390625, 14.852608680725098]}, "datetime": {"datetime": "2025-08-21 21:39:37", "elapsed": 46494.09020614624, "delta": 24.213658571243286}, "costs": {"total_cost": 737.3929728200657, "time_cost": 150, "final_distance_cost": 72.80684954677099, "oscillation_cost": 207.41535307900455, "completition_cost": 222.2222222222222, "overshoot_cost": 51.88854287920597, "power_cost": 19.10966833496094, "noise_cost": 13.950336757901026, "n_waypoints_completed": 7, "tot_waypoints": 9}}
{"target": -794.5102802021015, "params": {"k_pid_pos": [2.0, 0.9786325693130493, 0.9896142482757568], "k_pid_alt": [1.9819023609161377, 1.0, 0.005771428346633911], "k_pid_att": [100.0, 0.47035983204841614, 0.9950942993164062], "k_pid_yaw": [0.5, 1e-06, 0.1], "k_pid_hsp": [9.969849586486816, 0.9644684791564941, 0.06272411346435547], "k_pid_vsp": [11.567020416259766, 392.3548583984375, 1.0992774963378906]}, "datetime": {"datetime": "2025-08-21 21:40:01", "elapsed": 46517.470223903656, "delta": 23.38001775741577}, "costs": {"total_cost": 794.5102802021015, "time_cost": 150, "final_distance_cost": 57.89840994958125, "oscillation_cost": 154.15119012125658, "completition_cost": 333.33333333333337, "overshoot_cost": 54.88285910620402, "power_cost": 25.396123754882815, "noise_cost": 18.848363936843352, "n_waypoints_completed": 6, "tot_waypoints": 9}}
{"target": -1140.969415156453, "params": {"k_pid_pos": [2.0, 0.9910615682601929, 1.0], "k_pid_alt": [1.987783432006836, 1.0, 0.034101009368896484], "k_pid_att": [100.0, 0.11236392706632614, 0.9930941462516785], "k_pid_yaw": [0.5, 1e-06, 0.1], "k_pid_hsp": [9.932872772216797, 0.9960180521011353, 0.002698153257369995], "k_pid_vsp": [2.1039605140686035, 399.04522705078125, 1.6677508354187012]}, "datetime": {"datetime": "2025-08-21 21:40:25", "elapsed": 46541.826471567154, "delta": 24.356247663497925}, "costs": {"total_cost": 1140.969415156453, "time_cost": 150, "final_distance_cost": 249.4908114060972, "oscillation_cost": 170.54441357757807, "completition_cost": 444.4444444444444, "overshoot_cost": 95.65804027558585, "power_cost": 17.42955399169922, "noise_cost": 13.402151461047996, "n_waypoints_completed": 5, "tot_waypoints": 9}}
{"target": -695.3780436556024, "params": {"k_pid_pos": [2.0, 0.9873143434524536, 1.0], "k_pid_alt": [1.9900164604187012, 1.0, 0.024292439222335815], "k_pid_att": [100.0, 0.05949036777019501, 0.9929922223091125], "k_pid_yaw": [0.5, 1e-06, 0.1], "k_pid_hsp": [9.94246768951416, 0.9787863492965698, 0.005127906799316406], "k_pid_vsp": [2.030014991760254, 396.7828674316406, 9.611583709716797]}, "datetime": {"datetime": "2025-08-21 21:40:48", "elapsed": 46564.8399913311, "delta": 23.013519763946533}, "costs": {"total_cost": 695.3780436556024, "time_cost": 150, "final_distance_cost": 73.55041745723307, "oscillation_cost": 161.83717817982588, "completition_cost": 222.2222222222222, "overshoot_cost": 49.603384488354344, "power_cost": 21.884862854003906, "noise_cost": 16.279978453962958, "n_waypoints_completed": 7, "tot_waypoints": 9}}
{"target": -1222.1210969069489, "params": {"k_pid_pos": [2.0, 0.9903264045715332, 0.9999994039535522], "k_pid_alt": [1.9963994026184082, 1.0, 0.0022716522216796875], "k_pid_att": [100.0, 0.046254098415374756, 0.9882563352584839], "k_pid_yaw": [0.5, 1e-06, 0.1], "k_pid_hsp": [9.518702507019043, 0.9721351861953735, 0.0062520503997802734], "k_pid_vsp": [5.732870101928711, 393.3657531738281, 4.525114059448242]}, "datetime": {"datetime": "2025-08-21 21:41:13", "elapsed": 46589.439583063126, "delta": 24.599591732025146}, "costs": {"total_cost": 1222.1210969069489, "time_cost": 150, "final_distance_cost": 92.54277236145079, "oscillation_cost": 125.24041408155517, "completition_cost": 777.7777777777778, "overshoot_cost": 44.357822404734996, "power_cost": 18.74501104736328, "noise_cost": 13.457299234066783, "n_waypoints_completed": 2, "tot_waypoints": 9}}
{"target": -721.627147054586, "params": {"k_pid_pos": [2.0, 0.9845730066299438, 1.0], "k_pid_alt": [1.964523434638977, 1.0, 0.014180272817611694], "k_pid_att": [100.0, 0.042929086834192276, 0.9807107448577881], "k_pid_yaw": [0.5, 1e-06, 0.1], "k_pid_hsp": [9.837388038635254, 0.9864639043807983, 0.03145328164100647], "k_pid_vsp": [0.7419824600219727, 380.97998046875, 0.5629311203956604]}, "datetime": {"datetime": "2025-08-21 21:41:37", "elapsed": 46614.05322790146, "delta": 24.61364483833313}, "costs": {"total_cost": 721.627147054586, "time_cost": 150, "final_distance_cost": 68.65937804172007, "oscillation_cost": 187.22186618581236, "completition_cost": 222.2222222222222, "overshoot_cost": 54.799725782105064, "power_cost": 22.092992712402346, "noise_cost": 16.63096211032405, "n_waypoints_completed": 7, "tot_waypoints": 9}}
{"target": -678.8362467478489, "params": {"k_pid_pos": [2.0, 0.9689176082611084, 1.0], "k_pid_alt": [1.975077509880066, 1.0, 0.0074450671672821045], "k_pid_att": [100.0, 0.1540629267692566, 0.9832011461257935], "k_pid_yaw": [0.5, 1e-06, 0.1], "k_pid_hsp": [9.848286628723145, 0.9986684322357178, 0.008879601955413818], "k_pid_vsp": [0.3615379333496094, 399.7546081542969, 1.3709077835083008]}, "datetime": {"datetime": "2025-08-21 21:42:00", "elapsed": 46636.92512130737, "delta": 22.871893405914307}, "costs": {"total_cost": 678.8362467478489, "time_cost": 150, "final_distance_cost": 63.18473470797553, "oscillation_cost": 132.3527011670594, "completition_cost": 222.2222222222222, "overshoot_cost": 60.06841242921476, "power_cost": 26.469293078613283, "noise_cost": 24.5388831427638, "n_waypoints_completed": 7, "tot_waypoints": 9}}
{"target": -728.2679596897191, "params": {"k_pid_pos": [2.0, 0.9883982539176941, 1.0], "k_pid_alt": [1.9460995197296143, 1.0, 0.04358178377151489], "k_pid_att": [100.0, 0.013166101649403572, 0.9727079272270203], "k_pid_yaw": [0.5, 1e-06, 0.1], "k_pid_hsp": [9.414239883422852, 0.9517983198165894, 0.017785847187042236], "k_pid_vsp": [1.7429113388061523, 391.59954833984375, 16.924442291259766]}, "datetime": {"datetime": "2025-08-21 21:42:25", "elapsed": 46661.66914153099, "delta": 24.744020223617554}, "costs": {"total_cost": 728.2679596897191, "time_cost": 150, "final_distance_cost": 70.56484243217346, "oscillation_cost": 198.20747475792987, "completition_cost": 222.2222222222222, "overshoot_cost": 51.549630952049185, "power_cost": 20.324861450195314, "noise_cost": 15.398927875149129, "n_waypoints_completed": 7, "tot_waypoints": 9}}
{"target": -1137.5994531598096, "params": {"k_pid_pos": [2.0, 0.9962731599807739, 1.0], "k_pid_alt": [1.9801374673843384, 1.0, 0.04122874140739441], "k_pid_att": [100.0, 2.3483941555023193, 0.9927964210510254], "k_pid_yaw": [0.5, 1e-06, 0.1], "k_pid_hsp": [9.785711288452148, 0.9931087493896484, 0.0021119117736816406], "k_pid_vsp": [7.098197937011719, 395.6916198730469, 20.766117095947266]}, "datetime": {"datetime": "2025-08-21 21:42:47", "elapsed": 46684.414442777634, "delta": 22.745301246643066}, "costs": {"total_cost": 1137.5994531598096, "time_cost": 150, "final_distance_cost": 66.49600027869745, "oscillation_cost": 170.46331792330096, "completition_cost": 666.6666666666667, "overshoot_cost": 51.420595199671006, "power_cost": 18.683551086425783, "noise_cost": 13.869322005047621, "n_waypoints_completed": 3, "tot_waypoints": 9}}
{"target": -793.1544788065038, "params": {"k_pid_pos": [2.0, 0.9713712930679321, 0.9982336759567261], "k_pid_alt": [1.977113127708435, 1.0, 0.02389952540397644], "k_pid_att": [100.0, 0.13409854471683502, 0.9939238429069519], "k_pid_yaw": [0.5, 1e-06, 0.1], "k_pid_hsp": [9.830410957336426, 0.997100830078125, 0.032309889793395996], "k_pid_vsp": [1.6323328018188477, 394.0523681640625, 3.0026087760925293]}, "datetime": {"datetime": "2025-08-21 21:43:13", "elapsed": 46709.71551513672, "delta": 25.301072359085083}, "costs": {"total_cost": 793.1544788065038, "time_cost": 150, "final_distance_cost": 68.4887035997146, "oscillation_cost": 144.29462434429277, "completition_cost": 333.33333333333337, "overshoot_cost": 50.900118818337944, "power_cost": 26.248912402343752, "noise_cost": 19.8887863084813, "n_waypoints_completed": 6, "tot_waypoints": 9}}
{"target": -969.1556384813005, "params": {"k_pid_pos": [2.0, 0.9137477278709412, 1.0], "k_pid_alt": [1.984180212020874, 1.0, 0.01971098780632019], "k_pid_att": [100.0, 0.15660086274147034, 0.9799699783325195], "k_pid_yaw": [0.5, 1e-06, 0.1], "k_pid_hsp": [9.82833480834961, 0.9946156740188599, 0.0313112735748291], "k_pid_vsp": [4.206514358520508, 394.0431213378906, 3.781546115875244]}, "datetime": {"datetime": "2025-08-21 21:43:37", "elapsed": 46733.88088607788, "delta": 24.16537094116211}, "costs": {"total_cost": 969.1556384813005, "time_cost": 150, "final_distance_cost": 74.85833491227882, "oscillation_cost": 204.367490987907, "completition_cost": 444.4444444444444, "overshoot_cost": 58.94477249028656, "power_cost": 20.837417895507812, "noise_cost": 15.703177750875994, "n_waypoints_completed": 5, "tot_waypoints": 9}}
{"target": -810.4486093006625, "params": {"k_pid_pos": [2.0, 0.9685351848602295, 1.0], "k_pid_alt": [1.9455242156982422, 1.0, 0.009372830390930176], "k_pid_att": [100.0, 0.07611900568008423, 0.9916450381278992], "k_pid_yaw": [0.5, 1e-06, 0.1], "k_pid_hsp": [9.985723495483398, 0.9818799495697021, 0.00862109661102295], "k_pid_vsp": [4.750692844390869, 392.7731628417969, 6.665647983551025]}, "datetime": {"datetime": "2025-08-21 21:44:03", "elapsed": 46759.809067964554, "delta": 25.928181886672974}, "costs": {"total_cost": 810.4486093006625, "time_cost": 150, "final_distance_cost": 81.15036759668659, "oscillation_cost": 164.3370605789622, "completition_cost": 333.33333333333337, "overshoot_cost": 49.00564507831151, "power_cost": 18.864346691894532, "noise_cost": 13.75785602147422, "n_waypoints_completed": 6, "tot_waypoints": 9}}
{"target": -831.6359103001524, "params": {"k_pid_pos": [2.0, 0.9803992509841919, 1.0], "k_pid_alt": [1.9934964179992676, 1.0, 0.007104784250259399], "k_pid_att": [100.0, 0.10022079199552536, 0.9832155704498291], "k_pid_yaw": [0.5, 1e-06, 0.1], "k_pid_hsp": [9.965415000915527, 0.990262508392334, 0.08524250984191895], "k_pid_vsp": [1.7384767532348633, 382.4125671386719, 19.417966842651367]}, "datetime": {"datetime": "2025-08-21 21:44:26", "elapsed": 46783.40577173233, "delta": 23.59670376777649}, "costs": {"total_cost": 831.6359103001524, "time_cost": 150, "final_distance_cost": 82.85830291591883, "oscillation_cost": 170.5814119791057, "completition_cost": 333.33333333333337, "overshoot_cost": 57.22995198674612, "power_cost": 21.445133666992188, "noise_cost": 16.187776418056224, "n_waypoints_completed": 6, "tot_waypoints": 9}}
{"target": -366.3091969962948, "params": {"k_pid_pos": [2.0, 0.9936974048614502, 1.0], "k_pid_alt": [1.9855194091796875, 1.0, 0.04032900929450989], "k_pid_att": [100.0, 0.31660762429237366, 0.9957356452941895], "k_pid_yaw": [0.5, 1e-06, 0.1], "k_pid_hsp": [9.625774383544922, 0.986780047416687, 0.019562184810638428], "k_pid_vsp": [18.532407760620117, 397.5613098144531, 10.886919975280762]}, "datetime": {"datetime": "2025-08-21 21:44:50", "elapsed": 46807.394394636154, "delta": 23.988622903823853}, "costs": {"total_cost": 366.3091969962948, "time_cost": 99.408, "final_distance_cost": 1.7726064318006685, "oscillation_cost": 166.6249556292128, "completition_cost": 0.0, "overshoot_cost": 59.74545125460675, "power_cost": 22.504113818359375, "noise_cost": 16.254069862315223, "n_waypoints_completed": 9, "tot_waypoints": 9}}
{"target": -693.3214317926315, "params": {"k_pid_pos": [2.0, 0.99306321144104, 0.9999547004699707], "k_pid_alt": [1.9687368869781494, 1.0, 0.0232488214969635], "k_pid_att": [100.0, 0.29783502221107483, 0.8908067941665649], "k_pid_yaw": [0.5, 1e-06, 0.1], "k_pid_hsp": [9.970154762268066, 0.9825589656829834, 0.017199039459228516], "k_pid_vsp": [4.200243949890137, 397.3173522949219, 32.8821907043457]}, "datetime": {"datetime": "2025-08-21 21:45:15", "elapsed": 46831.980332136154, "delta": 24.5859375}, "costs": {"total_cost": 693.3214317926315, "time_cost": 150, "final_distance_cost": 68.01927908590051, "oscillation_cost": 161.44739085338793, "completition_cost": 222.2222222222222, "overshoot_cost": 54.200986397071645, "power_cost": 21.94144462890625, "noise_cost": 15.490108605143115, "n_waypoints_completed": 7, "tot_waypoints": 9}}
{"target": -874.7742934468224, "params": {"k_pid_pos": [2.0, 0.9902228116989136, 1.0], "k_pid_alt": [1.9833881855010986, 1.0, 0.011519074440002441], "k_pid_att": [100.0, 0.09894079715013504, 0.989427924156189], "k_pid_yaw": [0.5, 1e-06, 0.1], "k_pid_hsp": [9.960382461547852, 0.9915809631347656, 0.018857300281524658], "k_pid_vsp": [5.9050798416137695, 398.4518127441406, 11.434687614440918]}, "datetime": {"datetime": "2025-08-21 21:45:39", "elapsed": 46855.47811412811, "delta": 23.497781991958618}, "costs": {"total_cost": 874.7742934468224, "time_cost": 150, "final_distance_cost": 46.17101850907419, "oscillation_cost": 122.8691845519278, "completition_cost": 444.4444444444444, "overshoot_cost": 54.557361715524976, "power_cost": 29.78653447265625, "noise_cost": 26.9457497531947, "n_waypoints_completed": 5, "tot_waypoints": 9}}
{"target": -712.6044270260844, "params": {"k_pid_pos": [2.0, 0.9542469382286072, 1.0], "k_pid_alt": [1.8967912197113037, 1.0, 0.0031189322471618652], "k_pid_att": [100.0, 0.2161014974117279, 0.9931265115737915], "k_pid_yaw": [0.5, 1e-06, 0.1], "k_pid_hsp": [9.923864364624023, 0.9186645150184631, 0.008531272411346436], "k_pid_vsp": [7.514405250549316, 396.2479248046875, 37.738563537597656]}, "datetime": {"datetime": "2025-08-21 21:46:05", "elapsed": 46881.61714911461, "delta": 26.13903498649597}, "costs": {"total_cost": 712.6044270260844, "time_cost": 150, "final_distance_cost": 67.54518662368113, "oscillation_cost": 185.4213106222273, "completition_cost": 222.2222222222222, "overshoot_cost": 50.30412304595228, "power_cost": 21.69592020263672, "noise_cost": 15.41566430936484, "n_waypoints_completed": 7, "tot_waypoints": 9}}
{"target": -813.4073415486129, "params": {"k_pid_pos": [2.0, 0.9674385786056519, 1.0], "k_pid_alt": [1.9581718444824219, 1.0, 0.01370847225189209], "k_pid_att": [100.0, 0.01756487973034382, 0.9961543083190918], "k_pid_yaw": [0.5, 1e-06, 0.1], "k_pid_hsp": [9.909995079040527, 0.9910807609558105, 0.010392069816589355], "k_pid_vsp": [16.688751220703125, 395.5819091796875, 2.7635583877563477]}, "datetime": {"datetime": "2025-08-21 21:46:28", "elapsed": 46904.57697534561, "delta": 22.959826231002808}, "costs": {"total_cost": 813.4073415486129, "time_cost": 150, "final_distance_cost": 70.97472958548772, "oscillation_cost": 170.52027625506906, "completition_cost": 333.33333333333337, "overshoot_cost": 55.26936585990168, "power_cost": 18.565810388183596, "noise_cost": 14.743826126637375, "n_waypoints_completed": 6, "tot_waypoints": 9}}
{"target": -890.8041235312681, "params": {"k_pid_pos": [2.0, 0.9692628383636475, 1.0], "k_pid_alt": [1.9777895212173462, 1.0, 0.002453625202178955], "k_pid_att": [100.0, 0.11283479630947113, 0.9475136995315552], "k_pid_yaw": [0.5, 1e-06, 0.1], "k_pid_hsp": [9.779142379760742, 0.9957157969474792, 0.009241580963134766], "k_pid_vsp": [0.5805253982543945, 391.19610595703125, 5.905271530151367]}, "datetime": {"datetime": "2025-08-21 21:46:54", "elapsed": 46931.08313727379, "delta": 26.50616192817688}, "costs": {"total_cost": 890.8041235312681, "time_cost": 150, "final_distance_cost": 44.65474131628145, "oscillation_cost": 165.80465949090217, "completition_cost": 444.4444444444444, "overshoot_cost": 50.18817134110067, "power_cost": 20.963592785644533, "noise_cost": 14.748514152894952, "n_waypoints_completed": 5, "tot_waypoints": 9}}
{"target": -908.6798376224242, "params": {"k_pid_pos": [2.0, 0.9854687452316284, 1.0], "k_pid_alt": [1.9407234191894531, 1.0, 0.02427414059638977], "k_pid_att": [100.0, 0.0720769539475441, 0.9519263505935669], "k_pid_yaw": [0.5, 1e-06, 0.1], "k_pid_hsp": [9.942814826965332, 0.9916103482246399, 0.06418299674987793], "k_pid_vsp": [15.601682662963867, 398.9455261230469, 5.510223865509033]}, "datetime": {"datetime": "2025-08-21 21:47:18", "elapsed": 46954.97114729881, "delta": 23.888010025024414}, "costs": {"total_cost": 908.6798376224242, "time_cost": 150, "final_distance_cost": 53.32235948049052, "oscillation_cost": 169.9603029063347, "completition_cost": 444.4444444444444, "overshoot_cost": 51.97566174416787, "power_cost": 22.22949473876953, "noise_cost": 16.747574308217253, "n_waypoints_completed": 5, "tot_waypoints": 9}}
{"target": -812.1065668386569, "params": {"k_pid_pos": [2.0, 0.9936598539352417, 1.0], "k_pid_alt": [1.996412754058838, 1.0, 0.00787419080734253], "k_pid_att": [100.0, 0.13270559906959534, 0.9822304248809814], "k_pid_yaw": [0.5, 1e-06, 0.1], "k_pid_hsp": [9.974766731262207, 0.9961159229278564, 0.007375597953796387], "k_pid_vsp": [3.9298295974731445, 394.0481872558594, 3.6833295822143555]}, "datetime": {"datetime": "2025-08-21 21:47:43", "elapsed": 46980.24873328209, "delta": 25.277585983276367}, "costs": {"total_cost": 812.1065668386569, "time_cost": 150, "final_distance_cost": 77.35706772318811, "oscillation_cost": 163.29360617303405, "completition_cost": 333.33333333333337, "overshoot_cost": 54.071788673527784, "power_cost": 19.211479431152345, "noise_cost": 14.839291504421222, "n_waypoints_completed": 6, "tot_waypoints": 9}}
{"target": -876.1903154636897, "params": {"k_pid_pos": [2.0, 0.9878515005111694, 1.0], "k_pid_alt": [1.9218456745147705, 1.0, 0.09254100918769836], "k_pid_att": [100.0, 0.34623292088508606, 0.996776819229126], "k_pid_yaw": [0.5, 1e-06, 0.1], "k_pid_hsp": [9.889667510986328, 0.9876766204833984, 0.008755743503570557], "k_pid_vsp": [16.312646865844727, 397.833740234375, 16.938640594482422]}, "datetime": {"datetime": "2025-08-21 21:48:07", "elapsed": 47003.63468980789, "delta": 23.385956525802612}, "costs": {"total_cost": 876.1903154636897, "time_cost": 150, "final_distance_cost": 57.21295878255242, "oscillation_cost": 135.11117403673123, "completition_cost": 444.4444444444444, "overshoot_cost": 52.952691228695166, "power_cost": 20.628244848632814, "noise_cost": 15.84080212263366, "n_waypoints_completed": 5, "tot_waypoints": 9}}
{"target": -548.3067602155215, "params": {"k_pid_pos": [2.0, 0.9828759431838989, 1.0], "k_pid_alt": [1.9276204109191895, 1.0, 0.008952140808105469], "k_pid_att": [100.0, 0.18490473926067352, 0.9592146277427673], "k_pid_yaw": [0.5, 1e-06, 0.1], "k_pid_hsp": [9.954833984375, 0.9674006700515747, 0.053891122341156006], "k_pid_vsp": [17.14225959777832, 397.7509765625, 3.3459553718566895]}, "datetime": {"datetime": "2025-08-21 21:48:32", "elapsed": 47028.87253308296, "delta": 25.23784327507019}, "costs": {"total_cost": 548.3067602155215, "time_cost": 150, "final_distance_cost": 20.68109456748653, "oscillation_cost": 170.84933538877428, "completition_cost": 111.11111111111116, "overshoot_cost": 56.63653556375441, "power_cost": 22.960086743164062, "noise_cost": 16.06859684123109, "n_waypoints_completed": 8, "tot_waypoints": 9}}
{"target": -1260.6321439117987, "params": {"k_pid_pos": [2.0, 0.986956000328064, 7.095932960510254e-05], "k_pid_alt": [1.9211935997009277, 1.0, 0.006264984607696533], "k_pid_att": [100.0, 0.05307608097791672, 0.9835819005966187], "k_pid_yaw": [0.5, 1e-06, 0.1], "k_pid_hsp": [9.578100204467773, 0.9846422672271729, 0.00518152117729187], "k_pid_vsp": [8.999622344970703, 387.21917724609375, 5.471457004547119]}, "datetime": {"datetime": "2025-08-21 21:48:55", "elapsed": 47052.08765912056, "delta": 23.215126037597656}, "costs": {"total_cost": 1260.6321439117987, "time_cost": 150, "final_distance_cost": 59.595723438845, "oscillation_cost": 78.38226117681363, "completition_cost": 888.8888888888888, "overshoot_cost": 41.0006656852416, "power_cost": 25.624106884765627, "noise_cost": 17.14049783724437, "n_waypoints_completed": 1, "tot_waypoints": 9}}
{"target": -910.4280473646756, "params": {"k_pid_pos": [2.0, 0.9741146564483643, 1.0], "k_pid_alt": [1.928978443145752, 1.0, 0.00992313027381897], "k_pid_att": [100.0, 0.37312865257263184, 0.9938506484031677], "k_pid_yaw": [0.5, 1e-06, 0.1], "k_pid_hsp": [9.855378150939941, 0.9903942346572876, 0.002093374729156494], "k_pid_vsp": [3.4867286682128906, 398.5101013183594, 3.7800679206848145]}, "datetime": {"datetime": "2025-08-21 21:49:20", "elapsed": 47076.7361035347, "delta": 24.648444414138794}, "costs": {"total_cost": 910.4280473646756, "time_cost": 150, "final_distance_cost": 50.506566756078925, "oscillation_cost": 176.3031730954302, "completition_cost": 444.4444444444444, "overshoot_cost": 57.240649405354056, "power_cost": 18.23767548828125, "noise_cost": 13.695538175086714, "n_waypoints_completed": 5, "tot_waypoints": 9}}
{"target": -682.85210462784, "params": {"k_pid_pos": [2.0, 0.9578615427017212, 0.9999979734420776], "k_pid_alt": [1.743723750114441, 1.0, 0.0331190824508667], "k_pid_att": [100.0, 0.1895151138305664, 0.9806394577026367], "k_pid_yaw": [0.5, 1e-06, 0.1], "k_pid_hsp": [9.723004341125488, 0.9898166656494141, 0.038663655519485474], "k_pid_vsp": [25.914310455322266, 394.8427734375, 5.525470733642578]}, "datetime": {"datetime": "2025-08-21 21:49:43", "elapsed": 47100.42804098129, "delta": 23.69193744659424}, "costs": {"total_cost": 682.85210462784, "time_cost": 150, "final_distance_cost": 63.30730396521853, "oscillation_cost": 156.74273092399378, "completition_cost": 222.2222222222222, "overshoot_cost": 48.004213617206815, "power_cost": 24.363868481445312, "noise_cost": 18.21176541775346, "n_waypoints_completed": 7, "tot_waypoints": 9}}
