{"target": -1265.6532549328429, "params": {"k_pid_pos": [2.0, 0.9953652024269104, 0.13336628675460815], "k_pid_alt": [1.98600172996521, 1.0, 0.016191065311431885], "k_pid_att": [100.0, 0.02658058889210224, 0.9876503944396973], "k_pid_yaw": [0.5, 1e-06, 0.1], "k_pid_hsp": [9.878199577331543, 0.9529061913490295, 0.009861916303634644], "k_pid_vsp": [4.381406307220459, 394.35791015625, 0.5827437043190002]}, "datetime": {"datetime": "2025-08-21 19:15:36", "elapsed": 37853.42276787758, "delta": 24.218592166900635}, "costs": {"total_cost": 1265.6532549328429, "time_cost": 150, "final_distance_cost": 58.93891814115378, "oscillation_cost": 91.0817479153759, "completition_cost": 888.8888888888888, "overshoot_cost": 40.5468569762152, "power_cost": 21.56584831542969, "noise_cost": 14.630994695779501, "n_waypoints_completed": 1, "tot_waypoints": 9}}
{"target": -1045.9772341700846, "params": {"k_pid_pos": [1.9999897480010986, 0.9895284175872803, 0.002027362585067749], "k_pid_alt": [1.9771230220794678, 0.9883183240890503, 0.028495967388153076], "k_pid_att": [100.0, 0.0361240915954113, 0.9910065531730652], "k_pid_yaw": [0.5, 1e-06, 0.1], "k_pid_hsp": [9.903707504272461, 0.927925705909729, 0.016330718994140625], "k_pid_vsp": [40.4902458190918, 399.4214172363281, 18.761075973510742]}, "datetime": {"datetime": "2025-08-21 19:16:01", "elapsed": 37877.5208966732, "delta": 24.09812879562378}, "costs": {"total_cost": 1045.9772341700846, "time_cost": 150, "final_distance_cost": 52.82896085097017, "oscillation_cost": 83.49423090093667, "completition_cost": 666.6666666666667, "overshoot_cost": 55.630470269759485, "power_cost": 21.31644132080078, "noise_cost": 16.04046416095079, "n_waypoints_completed": 3, "tot_waypoints": 9}}
{"target": -836.7843233199045, "params": {"k_pid_pos": [2.0, 0.990211009979248, 0.9971486330032349], "k_pid_alt": [1.9879230260849, 0.9985554218292236, 0.02591174840927124], "k_pid_att": [100.0, 0.1449214518070221, 0.9844090938568115], "k_pid_yaw": [0.5, 1e-06, 0.1], "k_pid_hsp": [9.61745548248291, 0.9809720516204834, 0.00809335708618164], "k_pid_vsp": [4.789423942565918, 396.67669677734375, 19.170656204223633]}, "datetime": {"datetime": "2025-08-21 19:16:24", "elapsed": 37900.45639204979, "delta": 22.935495376586914}, "costs": {"total_cost": 836.7843233199045, "time_cost": 150, "final_distance_cost": 57.76595173843236, "oscillation_cost": 210.5122078883505, "completition_cost": 333.33333333333337, "overshoot_cost": 53.98664784579451, "power_cost": 17.68363610839844, "noise_cost": 13.502546405595195, "n_waypoints_completed": 6, "tot_waypoints": 9}}
{"target": -544.7843540511799, "params": {"k_pid_pos": [2.0, 0.9769103527069092, 0.9999454617500305], "k_pid_alt": [1.9975907802581787, 1.0, 0.02491876482963562], "k_pid_att": [100.0, 0.05770343914628029, 0.9673397541046143], "k_pid_yaw": [0.5, 1e-06, 0.1], "k_pid_hsp": [9.832286834716797, 0.9156612157821655, 0.004300743341445923], "k_pid_vsp": [3.322136402130127, 396.8808288574219, 10.268522262573242]}, "datetime": {"datetime": "2025-08-21 19:16:49", "elapsed": 37925.45684337616, "delta": 25.00045132637024}, "costs": {"total_cost": 544.7843540511799, "time_cost": 150, "final_distance_cost": 40.91801295156411, "oscillation_cost": 148.50099368006434, "completition_cost": 111.11111111111116, "overshoot_cost": 58.41124860563192, "power_cost": 20.66843048095703, "noise_cost": 15.174557221851337, "n_waypoints_completed": 8, "tot_waypoints": 9}}
{"target": -1055.8819079732173, "params": {"k_pid_pos": [1.9999985694885254, 0.976167619228363, 3.68952751159668e-05], "k_pid_alt": [1.9907057285308838, 1.0, 0.01329648494720459], "k_pid_att": [66.86199951171875, 0.106693796813488, 0.9313850998878479], "k_pid_yaw": [0.5, 1e-06, 0.1], "k_pid_hsp": [9.930517196655273, 0.9906986951828003, 0.003126204013824463], "k_pid_vsp": [3.1343460083007812, 397.1916198730469, 0.7456074357032776]}, "datetime": {"datetime": "2025-08-21 19:17:12", "elapsed": 37948.768985033035, "delta": 23.31214165687561}, "costs": {"total_cost": 1055.8819079732173, "time_cost": 150, "final_distance_cost": 63.67140071328965, "oscillation_cost": 71.91415085696907, "completition_cost": 666.6666666666667, "overshoot_cost": 71.13675483376552, "power_cost": 19.327332739257812, "noise_cost": 13.165602163268344, "n_waypoints_completed": 3, "tot_waypoints": 9}}
{"target": -830.2971551626906, "params": {"k_pid_pos": [2.0, 0.9751717448234558, 0.011866480112075806], "k_pid_alt": [1.9751684665679932, 0.9985464811325073, 0.0024261474609375], "k_pid_att": [100.0, 0.12088462710380554, 0.9960212707519531], "k_pid_yaw": [0.5, 1e-06, 0.1], "k_pid_hsp": [9.991653442382812, 0.8834071755409241, 0.007916897535324097], "k_pid_vsp": [5.383467674255371, 399.16705322265625, 18.595495223999023]}, "datetime": {"datetime": "2025-08-21 19:17:38", "elapsed": 37974.48082566261, "delta": 25.711840629577637}, "costs": {"total_cost": 830.2971551626906, "time_cost": 150, "final_distance_cost": 54.36269776198155, "oscillation_cost": 91.46110735849771, "completition_cost": 444.4444444444444, "overshoot_cost": 54.322941969571886, "power_cost": 21.15750692138672, "noise_cost": 14.548456706808304, "n_waypoints_completed": 5, "tot_waypoints": 9}}
{"target": -686.5366376416376, "params": {"k_pid_pos": [1.9999995231628418, 0.9912290573120117, 1.0], "k_pid_alt": [1.9635496139526367, 1.0, 0.028180807828903198], "k_pid_att": [100.0, 0.06756850332021713, 0.9980322122573853], "k_pid_yaw": [0.5, 1e-06, 0.1], "k_pid_hsp": [9.480073928833008, 0.9853646755218506, 0.007505148649215698], "k_pid_vsp": [16.865455627441406, 395.10296630859375, 28.927446365356445]}, "datetime": {"datetime": "2025-08-21 19:18:02", "elapsed": 37998.961345911026, "delta": 24.480520248413086}, "costs": {"total_cost": 686.5366376416376, "time_cost": 150, "final_distance_cost": 63.19035002617968, "oscillation_cost": 168.35974328756026, "completition_cost": 222.2222222222222, "overshoot_cost": 48.951914038813065, "power_cost": 19.03428513183594, "noise_cost": 14.77812293502653, "n_waypoints_completed": 7, "tot_waypoints": 9}}
{"target": -818.7489609856698, "params": {"k_pid_pos": [2.0, 0.9519633054733276, 1.0], "k_pid_alt": [1.8955758810043335, 1.0, 0.004620671272277832], "k_pid_att": [100.0, 0.07286372780799866, 0.9848065972328186], "k_pid_yaw": [0.5, 1e-06, 0.1], "k_pid_hsp": [9.93047046661377, 0.9745084047317505, 0.007396906614303589], "k_pid_vsp": [2.887105941772461, 392.3392333984375, 3.607715129852295]}, "datetime": {"datetime": "2025-08-21 19:18:26", "elapsed": 38022.55714440346, "delta": 23.59579849243164}, "costs": {"total_cost": 818.7489609856698, "time_cost": 150, "final_distance_cost": 52.20208995882112, "oscillation_cost": 195.80553961290954, "completition_cost": 333.33333333333337, "overshoot_cost": 50.70337128297024, "power_cost": 20.700893786621094, "noise_cost": 16.00373301101438, "n_waypoints_completed": 6, "tot_waypoints": 9}}
{"target": -569.9549987362134, "params": {"k_pid_pos": [2.0, 0.9950369596481323, 1.0], "k_pid_alt": [1.8934051990509033, 0.9999938607215881, 0.00460660457611084], "k_pid_att": [100.0, 0.5696890950202942, 0.9885979890823364], "k_pid_yaw": [0.5, 1e-06, 0.1], "k_pid_hsp": [9.93840217590332, 0.9406470060348511, 0.006356298923492432], "k_pid_vsp": [20.962833404541016, 375.47161865234375, 0.9294400811195374]}, "datetime": {"datetime": "2025-08-21 19:18:49", "elapsed": 38046.37790989876, "delta": 23.820765495300293}, "costs": {"total_cost": 569.9549987362134, "time_cost": 150, "final_distance_cost": 40.225593840053165, "oscillation_cost": 169.51272135090645, "completition_cost": 111.11111111111116, "overshoot_cost": 59.18992269842214, "power_cost": 22.487279321289062, "noise_cost": 17.428370414431505, "n_waypoints_completed": 8, "tot_waypoints": 9}}
{"target": -986.4808372796865, "params": {"k_pid_pos": [2.0, 0.9198048710823059, 0.9999995827674866], "k_pid_alt": [1.9846813678741455, 1.0, 0.003102719783782959], "k_pid_att": [99.99999237060547, 0.06874866783618927, 0.9950680732727051], "k_pid_yaw": [0.5, 1e-06, 0.1], "k_pid_hsp": [9.805219650268555, 0.9975461363792419, 0.019355595111846924], "k_pid_vsp": [6.783723831176758, 395.346435546875, 2.9314169883728027]}, "datetime": {"datetime": "2025-08-21 19:19:13", "elapsed": 38070.282844781876, "delta": 23.904934883117676}, "costs": {"total_cost": 986.4808372796865, "time_cost": 150, "final_distance_cost": 45.22972467400735, "oscillation_cost": 143.55450550644352, "completition_cost": 555.5555555555555, "overshoot_cost": 55.7202194466278, "power_cost": 21.478182690429687, "noise_cost": 14.942649406622666, "n_waypoints_completed": 4, "tot_waypoints": 9}}
{"target": -1135.7865964856592, "params": {"k_pid_pos": [2.0, 0.990300714969635, 1.0], "k_pid_alt": [1.9852964878082275, 1.0, 0.007369369268417358], "k_pid_att": [100.0, 0.11085594445466995, 0.9952948093414307], "k_pid_yaw": [0.5, 1e-06, 0.1], "k_pid_hsp": [9.682371139526367, 0.9950267672538757, 0.027047306299209595], "k_pid_vsp": [18.4183349609375, 389.85882568359375, 1.5687594413757324]}, "datetime": {"datetime": "2025-08-21 19:19:37", "elapsed": 38093.895766973495, "delta": 23.612922191619873}, "costs": {"total_cost": 1135.7865964856592, "time_cost": 150, "final_distance_cost": 53.845413950542955, "oscillation_cost": 180.44023009844094, "completition_cost": 666.6666666666667, "overshoot_cost": 52.20468249107145, "power_cost": 18.84066013183594, "noise_cost": 13.788943147101142, "n_waypoints_completed": 3, "tot_waypoints": 9}}
{"target": -678.9718762428779, "params": {"k_pid_pos": [2.0, 0.9396364688873291, 0.9997137188911438], "k_pid_alt": [1.930253267288208, 1.0, 0.0017234981060028076], "k_pid_att": [100.0, 0.9215142130851746, 0.9834175109863281], "k_pid_yaw": [0.5, 1e-06, 0.1], "k_pid_hsp": [9.939900398254395, 0.9969260692596436, 0.0052054524421691895], "k_pid_vsp": [5.058860778808594, 399.60986328125, 23.1845760345459]}, "datetime": {"datetime": "2025-08-21 19:20:02", "elapsed": 38118.68084001541, "delta": 24.785073041915894}, "costs": {"total_cost": 678.9718762428779, "time_cost": 150, "final_distance_cost": 74.74351702360366, "oscillation_cost": 131.52503587764852, "completition_cost": 222.2222222222222, "overshoot_cost": 57.82152932994075, "power_cost": 25.077022241210937, "noise_cost": 17.582549548251883, "n_waypoints_completed": 7, "tot_waypoints": 9}}
{"target": -501.71791236694236, "params": {"k_pid_pos": [2.0, 0.9866392612457275, 0.9999998807907104], "k_pid_alt": [1.9745934009552002, 1.0, 0.01535061001777649], "k_pid_att": [100.0, 0.12201918661594391, 0.9661633372306824], "k_pid_yaw": [0.5, 1e-06, 0.1], "k_pid_hsp": [9.75020694732666, 0.9838143587112427, 0.007461518049240112], "k_pid_vsp": [37.82546615600586, 392.9407653808594, 9.068692207336426]}, "datetime": {"datetime": "2025-08-21 19:20:25", "elapsed": 38141.826489686966, "delta": 23.145649671554565}, "costs": {"total_cost": 501.71791236694236, "time_cost": 150, "final_distance_cost": 13.625221411956028, "oscillation_cost": 124.96622849781781, "completition_cost": 111.11111111111116, "overshoot_cost": 59.2168324965165, "power_cost": 24.000506677246094, "noise_cost": 18.79801217229482, "n_waypoints_completed": 8, "tot_waypoints": 9}}
{"target": -525.9595825637948, "params": {"k_pid_pos": [2.0, 0.9879430532455444, 0.7695379257202148], "k_pid_alt": [1.9784106016159058, 1.0, 0.009350240230560303], "k_pid_att": [100.0, 1.354992151260376, 0.9966932535171509], "k_pid_yaw": [0.5, 1e-06, 0.1], "k_pid_hsp": [9.656309127807617, 0.9910303354263306, 0.009787917137145996], "k_pid_vsp": [9.233009338378906, 397.44146728515625, 1.1332283020019531]}, "datetime": {"datetime": "2025-08-21 19:20:48", "elapsed": 38165.2350859642, "delta": 23.40859627723694}, "costs": {"total_cost": 525.9595825637948, "time_cost": 150, "final_distance_cost": 25.722414457316084, "oscillation_cost": 137.18814137695426, "completition_cost": 111.11111111111116, "overshoot_cost": 63.087086674853126, "power_cost": 23.168206079101562, "noise_cost": 15.682622864458637, "n_waypoints_completed": 8, "tot_waypoints": 9}}
{"target": -799.6390871158254, "params": {"k_pid_pos": [2.0, 0.9949951767921448, 1.0], "k_pid_alt": [1.8641047477722168, 1.0, 0.005533277988433838], "k_pid_att": [100.0, 0.07462354004383087, 0.985169529914856], "k_pid_yaw": [0.5, 1e-06, 0.1], "k_pid_hsp": [9.896768569946289, 0.9829673767089844, 0.025457262992858887], "k_pid_vsp": [12.547945976257324, 393.4745178222656, 1.3124594688415527]}, "datetime": {"datetime": "2025-08-21 19:21:14", "elapsed": 38190.62959718704, "delta": 25.394511222839355}, "costs": {"total_cost": 799.6390871158254, "time_cost": 150, "final_distance_cost": 59.022789100320146, "oscillation_cost": 152.63944851637535, "completition_cost": 333.33333333333337, "overshoot_cost": 60.38545203678834, "power_cost": 24.6358767578125, "noise_cost": 19.622187371195615, "n_waypoints_completed": 6, "tot_waypoints": 9}}
{"target": -918.063080380124, "params": {"k_pid_pos": [2.0, 0.9735146760940552, 0.9999997019767761], "k_pid_alt": [1.9798002243041992, 1.0, 0.008449256420135498], "k_pid_att": [99.17942810058594, 0.12512187659740448, 0.9687122702598572], "k_pid_yaw": [0.5, 1e-06, 0.1], "k_pid_hsp": [9.826428413391113, 0.9117663502693176, 0.04039520025253296], "k_pid_vsp": [59.51957702636719, 380.6627197265625, 13.718403816223145]}, "datetime": {"datetime": "2025-08-21 19:21:37", "elapsed": 38214.23386311531, "delta": 23.604265928268433}, "costs": {"total_cost": 918.063080380124, "time_cost": 150, "final_distance_cost": 52.565943011383126, "oscillation_cost": 190.3455908861202, "completition_cost": 444.4444444444444, "overshoot_cost": 46.259219478501116, "power_cost": 18.939208044433595, "noise_cost": 15.508674515241488, "n_waypoints_completed": 5, "tot_waypoints": 9}}
{"target": -1185.3908518720832, "params": {"k_pid_pos": [2.0, 0.9886876344680786, 0.08221623301506042], "k_pid_alt": [1.9046828746795654, 1.0, 0.008200585842132568], "k_pid_att": [100.0, 0.2264261096715927, 0.9963607788085938], "k_pid_yaw": [0.5, 1e-06, 0.1], "k_pid_hsp": [9.92455005645752, 0.9983065128326416, 0.01349523663520813], "k_pid_vsp": [0.9015440940856934, 380.61846923828125, 1.7407307624816895]}, "datetime": {"datetime": "2025-08-21 19:22:02", "elapsed": 38238.72297048569, "delta": 24.489107370376587}, "costs": {"total_cost": 1185.3908518720832, "time_cost": 150, "final_distance_cost": 74.87304001257982, "oscillation_cost": 101.89098452394997, "completition_cost": 777.7777777777778, "overshoot_cost": 48.28931505028179, "power_cost": 19.01640975341797, "noise_cost": 13.543324754075572, "n_waypoints_completed": 2, "tot_waypoints": 9}}
{"target": -534.0606661550918, "params": {"k_pid_pos": [2.0, 0.9905288219451904, 1.0], "k_pid_alt": [1.9736899137496948, 1.0, 0.014223426580429077], "k_pid_att": [100.0, 0.04787413775920868, 0.9896285533905029], "k_pid_yaw": [0.5, 1e-06, 0.1], "k_pid_hsp": [9.88056468963623, 0.9291324615478516, 0.004180222749710083], "k_pid_vsp": [18.077373504638672, 395.7023010253906, 15.778685569763184]}, "datetime": {"datetime": "2025-08-21 19:22:26", "elapsed": 38263.0759305954, "delta": 24.352960109710693}, "costs": {"total_cost": 534.0606661550918, "time_cost": 150, "final_distance_cost": 43.51423785339766, "oscillation_cost": 134.43642317533764, "completition_cost": 111.11111111111116, "overshoot_cost": 58.61917386740424, "power_cost": 20.603323083496093, "noise_cost": 15.77639706434488, "n_waypoints_completed": 8, "tot_waypoints": 9}}
{"target": -1047.2432357263558, "params": {"k_pid_pos": [2.0, 0.9590919017791748, 0.2306593656539917], "k_pid_alt": [1.9525249004364014, 0.9996434450149536, 0.009469777345657349], "k_pid_att": [100.0, 0.23716676235198975, 0.9949910044670105], "k_pid_yaw": [0.5, 1e-06, 0.1], "k_pid_hsp": [9.585269927978516, 0.990712583065033, 0.003916025161743164], "k_pid_vsp": [2.2322535514831543, 379.2420959472656, 2.280510425567627]}, "datetime": {"datetime": "2025-08-21 19:22:49", "elapsed": 38285.809940099716, "delta": 22.734009504318237}, "costs": {"total_cost": 1047.2432357263558, "time_cost": 150, "final_distance_cost": 54.58897450545954, "oscillation_cost": 79.37468030721395, "completition_cost": 666.6666666666667, "overshoot_cost": 52.77992225955579, "power_cost": 24.038190649414062, "noise_cost": 19.794801338045684, "n_waypoints_completed": 3, "tot_waypoints": 9}}
{"target": -1214.5031562618308, "params": {"k_pid_pos": [2.0, 0.9744186401367188, 3.3676624298095703e-06], "k_pid_alt": [1.9920016527175903, 1.0, 0.006462514400482178], "k_pid_att": [100.0, 0.056338805705308914, 0.9969493746757507], "k_pid_yaw": [0.5, 1e-06, 0.1], "k_pid_hsp": [9.949557304382324, 0.9980189800262451, 0.044618964195251465], "k_pid_vsp": [2.0014166831970215, 390.3056945800781, 1.440371036529541]}, "datetime": {"datetime": "2025-08-21 19:23:13", "elapsed": 38309.97152137756, "delta": 24.16158127784729}, "costs": {"total_cost": 1214.5031562618308, "time_cost": 150, "final_distance_cost": 88.27915790644425, "oscillation_cost": 117.62175975558688, "completition_cost": 777.7777777777778, "overshoot_cost": 48.548518671924086, "power_cost": 18.597097766113283, "noise_cost": 13.678844383984348, "n_waypoints_completed": 2, "tot_waypoints": 9}}
{"target": -704.512192978504, "params": {"k_pid_pos": [2.0, 0.9772114157676697, 0.9999994039535522], "k_pid_alt": [1.9898133277893066, 1.0, 0.00352400541305542], "k_pid_att": [100.0, 0.14326564967632294, 0.9890872240066528], "k_pid_yaw": [0.5, 1e-06, 0.1], "k_pid_hsp": [9.455605506896973, 0.9972785711288452, 0.029958665370941162], "k_pid_vsp": [3.348362445831299, 398.0505065917969, 22.412660598754883]}, "datetime": {"datetime": "2025-08-21 19:23:38", "elapsed": 38334.62878060341, "delta": 24.657259225845337}, "costs": {"total_cost": 704.512192978504, "time_cost": 150, "final_distance_cost": 71.85443768535549, "oscillation_cost": 163.5993064839412, "completition_cost": 222.2222222222222, "overshoot_cost": 57.05965806562121, "power_cost": 22.718069055175782, "noise_cost": 17.05849946618818, "n_waypoints_completed": 7, "tot_waypoints": 9}}
{"target": -688.2891779496103, "params": {"k_pid_pos": [1.9999992847442627, 0.9859722852706909, 1.0], "k_pid_alt": [1.9844865798950195, 1.0, 0.0030495524406433105], "k_pid_att": [100.0, 0.2474389225244522, 0.9784266948699951], "k_pid_yaw": [0.5, 1e-06, 0.1], "k_pid_hsp": [9.885727882385254, 0.9640157222747803, 0.005266278982162476], "k_pid_vsp": [4.146015644073486, 393.8623962402344, 0.7679591774940491]}, "datetime": {"datetime": "2025-08-21 19:24:01", "elapsed": 38357.944568395615, "delta": 23.31578779220581}, "costs": {"total_cost": 688.2891779496103, "time_cost": 150, "final_distance_cost": 64.38670049752103, "oscillation_cost": 155.63397210887052, "completition_cost": 222.2222222222222, "overshoot_cost": 56.23537654515409, "power_cost": 23.72616724853516, "noise_cost": 16.08473932730738, "n_waypoints_completed": 7, "tot_waypoints": 9}}
{"target": -674.9729789180902, "params": {"k_pid_pos": [2.0, 0.9946850538253784, 0.9999992251396179], "k_pid_alt": [1.9871976375579834, 1.0, 0.05993124842643738], "k_pid_att": [100.0, 0.2880423665046692, 0.9723138809204102], "k_pid_yaw": [0.5, 1e-06, 0.1], "k_pid_hsp": [9.982366561889648, 0.9777615070343018, 0.0016584396362304688], "k_pid_vsp": [10.411524772644043, 396.209716796875, 2.4574408531188965]}, "datetime": {"datetime": "2025-08-21 19:24:26", "elapsed": 38382.55197119713, "delta": 24.607402801513672}, "costs": {"total_cost": 674.9729789180902, "time_cost": 150, "final_distance_cost": 72.69908261631606, "oscillation_cost": 131.98000174854926, "completition_cost": 222.2222222222222, "overshoot_cost": 56.159133198802515, "power_cost": 24.979198400878907, "noise_cost": 16.933340731321422, "n_waypoints_completed": 7, "tot_waypoints": 9}}
{"target": -329.180702504376, "params": {"k_pid_pos": [2.0, 0.995041012763977, 1.0], "k_pid_alt": [1.8656036853790283, 1.0, 0.04612305760383606], "k_pid_att": [99.99995422363281, 0.07303747534751892, 0.9903185367584229], "k_pid_yaw": [0.5, 1e-06, 0.1], "k_pid_hsp": [9.92237377166748, 0.9662247896194458, 0.0019412338733673096], "k_pid_vsp": [18.874311447143555, 396.4616394042969, 25.356426239013672]}, "datetime": {"datetime": "2025-08-21 19:24:50", "elapsed": 38406.70761537552, "delta": 24.155644178390503}, "costs": {"total_cost": 329.180702504376, "time_cost": 96.952, "final_distance_cost": 1.7846643171402838, "oscillation_cost": 133.65826168416442, "completition_cost": 0.0, "overshoot_cost": 56.2952562289373, "power_cost": 22.86970633544922, "noise_cost": 17.620813938684773, "n_waypoints_completed": 9, "tot_waypoints": 9}}
{"target": -1211.2745461328088, "params": {"k_pid_pos": [2.0, 0.9847716093063354, 0.4019039571285248], "k_pid_alt": [1.9960405826568604, 1.0, 0.05432048439979553], "k_pid_att": [100.0, 0.01673698052763939, 0.9008576273918152], "k_pid_yaw": [0.5, 1e-06, 0.1], "k_pid_hsp": [9.888216018676758, 0.9979017972946167, 0.010741233825683594], "k_pid_vsp": [9.464216232299805, 399.4519348144531, 8.825088500976562]}, "datetime": {"datetime": "2025-08-21 19:25:12", "elapsed": 38429.38405251503, "delta": 22.67643713951111}, "costs": {"total_cost": 1211.2745461328088, "time_cost": 150, "final_distance_cost": 91.4885151473122, "oscillation_cost": 113.2000724703872, "completition_cost": 777.7777777777778, "overshoot_cost": 46.529593723433685, "power_cost": 18.790677600097656, "noise_cost": 13.487909413800248, "n_waypoints_completed": 2, "tot_waypoints": 9}}
