{"target": -302.2946150891493, "params": {"k_pid_pos": [1.999969482421875, 0.991929292678833, 0.9965413808822632], "k_pid_alt": [1.9312312602996826, 0.9488525986671448, 0.006521075963973999], "k_pid_att": [99.99981689453125, 0.14789092540740967, 0.9839884638786316], "k_pid_yaw": [0.5, 1e-06, 0.1], "k_pid_hsp": [9.536757469177246, 0.9854724407196045, 0.006304055452346802], "k_pid_vsp": [53.711341857910156, 334.4169006347656, 66.66588592529297]}, "datetime": {"datetime": "2025-08-21 15:55:59", "elapsed": 25876.406812667847, "delta": 20.34661293029785}, "costs": {"total_cost": 302.2946150891493, "time_cost": 85.656, "final_distance_cost": 1.7538749118417738, "oscillation_cost": 128.21878635384735, "completition_cost": 0.0, "overshoot_cost": 53.632199031035725, "power_cost": 18.042014074707033, "noise_cost": 14.991740717717448, "n_waypoints_completed": 9, "tot_waypoints": 9}}
{"target": -852.3030798699779, "params": {"k_pid_pos": [1.9999988079071045, 0.996959924697876, 0.9999837279319763], "k_pid_alt": [1.9888896942138672, 0.9999990463256836, 0.01667925715446472], "k_pid_att": [100.0, 0.31100067496299744, 0.9889117479324341], "k_pid_yaw": [0.5, 1e-06, 0.1], "k_pid_hsp": [9.707121849060059, 0.9941933155059814, 0.052886009216308594], "k_pid_vsp": [16.683948516845703, 398.3402099609375, 12.099028587341309]}, "datetime": {"datetime": "2025-08-21 15:56:22", "elapsed": 25899.35067796707, "delta": 22.943865299224854}, "costs": {"total_cost": 852.3030798699779, "time_cost": 150, "final_distance_cost": 63.42310777505284, "oscillation_cost": 217.40868374720088, "completition_cost": 333.33333333333337, "overshoot_cost": 51.55180037014023, "power_cost": 20.58399294433594, "noise_cost": 16.002161699914627, "n_waypoints_completed": 6, "tot_waypoints": 9}}
{"target": -1065.0321023551803, "params": {"k_pid_pos": [2.0, 0.6522656679153442, 7.355213165283203e-05], "k_pid_alt": [1.9625357389450073, 0.9999998807907104, 0.02156674861907959], "k_pid_att": [100.0, 0.28600093722343445, 0.9950180053710938], "k_pid_yaw": [0.5, 1e-06, 0.1], "k_pid_hsp": [9.91875171661377, 0.9868203401565552, 0.016216367483139038], "k_pid_vsp": [0.7710814476013184, 393.0714416503906, 9.464920997619629]}, "datetime": {"datetime": "2025-08-21 15:56:46", "elapsed": 25922.661959409714, "delta": 23.311281442642212}, "costs": {"total_cost": 1065.0321023551803, "time_cost": 150, "final_distance_cost": 56.201722302782905, "oscillation_cost": 111.24792008508395, "completition_cost": 666.6666666666667, "overshoot_cost": 49.55173667202939, "power_cost": 17.53590438232422, "noise_cost": 13.828152246293346, "n_waypoints_completed": 3, "tot_waypoints": 9}}
{"target": -1324.2242588608754, "params": {"k_pid_pos": [2.0, 0.9655716419219971, 0.00030222535133361816], "k_pid_alt": [1.9579405784606934, 1.0, 0.015552163124084473], "k_pid_att": [100.0, 0.48882368206977844, 0.9869669675827026], "k_pid_yaw": [0.5, 1e-06, 0.1], "k_pid_hsp": [9.128985404968262, 0.9644672870635986, 0.0774458646774292], "k_pid_vsp": [30.46058464050293, 365.2979736328125, 14.323653221130371]}, "datetime": {"datetime": "2025-08-21 15:57:09", "elapsed": 25945.75362944603, "delta": 23.091670036315918}, "costs": {"total_cost": 1324.2242588608754, "time_cost": 150, "final_distance_cost": 70.0377340057697, "oscillation_cost": 128.78436041958278, "completition_cost": 888.8888888888888, "overshoot_cost": 54.69538938609816, "power_cost": 18.147945129394532, "noise_cost": 13.669941031141436, "n_waypoints_completed": 1, "tot_waypoints": 9}}
{"target": -821.7235837837072, "params": {"k_pid_pos": [1.9968966245651245, 0.9742963314056396, 5.960464477539063e-08], "k_pid_alt": [1.9444369077682495, 1.0, 0.01188090443611145], "k_pid_att": [100.0, 0.16524851322174072, 0.9736981391906738], "k_pid_yaw": [0.5, 1e-06, 0.1], "k_pid_hsp": [9.856555938720703, 0.9905844926834106, 0.003065735101699829], "k_pid_vsp": [26.513267517089844, 395.1682434082031, 4.371334075927734]}, "datetime": {"datetime": "2025-08-21 15:57:33", "elapsed": 25969.954511880875, "delta": 24.20088243484497}, "costs": {"total_cost": 821.7235837837072, "time_cost": 150, "final_distance_cost": 66.68136068402562, "oscillation_cost": 74.30022621662916, "completition_cost": 444.4444444444444, "overshoot_cost": 53.489061543065, "power_cost": 18.02217937011719, "noise_cost": 14.786311525425996, "n_waypoints_completed": 5, "tot_waypoints": 9}}
{"target": -851.3700486499348, "params": {"k_pid_pos": [2.0, 0.9891976714134216, 0.9993877410888672], "k_pid_alt": [1.818364143371582, 1.0, 0.0076334476470947266], "k_pid_att": [100.0, 0.8092041015625, 0.9834810495376587], "k_pid_yaw": [0.5, 1e-06, 0.1], "k_pid_hsp": [9.2960205078125, 0.8734426498413086, 0.011250406503677368], "k_pid_vsp": [2.735579013824463, 386.2060546875, 12.982024192810059]}, "datetime": {"datetime": "2025-08-21 15:57:56", "elapsed": 25993.26949238777, "delta": 23.314980506896973}, "costs": {"total_cost": 851.3700486499348, "time_cost": 150, "final_distance_cost": 72.96208296927544, "oscillation_cost": 203.29486172314694, "completition_cost": 333.33333333333337, "overshoot_cost": 58.79239773394284, "power_cost": 18.907371435546874, "noise_cost": 14.080001454689251, "n_waypoints_completed": 6, "tot_waypoints": 9}}
{"target": -891.8101279953704, "params": {"k_pid_pos": [1.9999570846557617, 0.9944679141044617, 0.9999834299087524], "k_pid_alt": [1.9708824157714844, 1.0, 0.026285767555236816], "k_pid_att": [100.0, 0.4908418655395508, 0.990538477897644], "k_pid_yaw": [0.5, 1e-06, 0.1], "k_pid_hsp": [9.737090110778809, 0.9951857328414917, 0.011189013719558716], "k_pid_vsp": [7.106387615203857, 395.9224548339844, 46.27324295043945]}, "datetime": {"datetime": "2025-08-21 15:58:20", "elapsed": 26017.268359184265, "delta": 23.99886679649353}, "costs": {"total_cost": 891.8101279953704, "time_cost": 150, "final_distance_cost": 43.41740334970749, "oscillation_cost": 171.89851449564736, "completition_cost": 444.4444444444444, "overshoot_cost": 48.78332205972941, "power_cost": 19.11283787841797, "noise_cost": 14.153605767423723, "n_waypoints_completed": 5, "tot_waypoints": 9}}
{"target": -1374.6386876865336, "params": {"k_pid_pos": [2.0, 0.9823907613754272, 2.9802322387695312e-08], "k_pid_alt": [1.9592431783676147, 1.0, 0.0050201416015625], "k_pid_att": [100.0, 0.5414853692054749, 0.9827697277069092], "k_pid_yaw": [0.5, 1e-06, 0.1], "k_pid_hsp": [9.82300853729248, 0.9758368730545044, 0.09014856815338135], "k_pid_vsp": [4.954648017883301, 379.3841247558594, 64.88412475585938]}, "datetime": {"datetime": "2025-08-21 15:58:43", "elapsed": 26040.053631544113, "delta": 22.785272359848022}, "costs": {"total_cost": 1374.6386876865336, "time_cost": 150, "final_distance_cost": 49.01367483124756, "oscillation_cost": 92.8368049269443, "completition_cost": 1000.0, "overshoot_cost": 40.721654393891114, "power_cost": 25.053800927734375, "noise_cost": 17.012752606716262, "n_waypoints_completed": 0, "tot_waypoints": 9}}
{"target": -624.6671107673229, "params": {"k_pid_pos": [2.0, 0.9547462463378906, 0.9952167272567749], "k_pid_alt": [1.993072748184204, 1.0, 0.04285252094268799], "k_pid_att": [100.0, 0.2460489571094513, 0.9801101088523865], "k_pid_yaw": [0.5, 1e-06, 0.1], "k_pid_hsp": [9.374056816101074, 0.9950425624847412, 0.0024021267890930176], "k_pid_vsp": [33.744476318359375, 348.7052307128906, 2.8178343772888184]}, "datetime": {"datetime": "2025-08-21 15:59:07", "elapsed": 26064.126797914505, "delta": 24.073166370391846}, "costs": {"total_cost": 624.6671107673229, "time_cost": 150, "final_distance_cost": 66.855161328813, "oscillation_cost": 85.84570884603916, "completition_cost": 222.2222222222222, "overshoot_cost": 52.113851729330094, "power_cost": 26.795379736328126, "noise_cost": 20.834786904590416, "n_waypoints_completed": 7, "tot_waypoints": 9}}
{"target": -571.4377881990921, "params": {"k_pid_pos": [2.0, 0.9788615703582764, 0.9997727870941162], "k_pid_alt": [1.9686598777770996, 1.0, 0.014119625091552734], "k_pid_att": [36.51634979248047, 0.21916306018829346, 0.8882348537445068], "k_pid_yaw": [0.5, 1e-06, 0.1], "k_pid_hsp": [9.922074317932129, 0.9777549505233765, 0.08577302098274231], "k_pid_vsp": [9.230589866638184, 397.88568115234375, 5.979860782623291]}, "datetime": {"datetime": "2025-08-21 15:59:32", "elapsed": 26088.506945610046, "delta": 24.380147695541382}, "costs": {"total_cost": 571.4377881990921, "time_cost": 150, "final_distance_cost": 44.491565130000815, "oscillation_cost": 164.88088384835308, "completition_cost": 111.11111111111116, "overshoot_cost": 59.285647871961196, "power_cost": 23.858099536132812, "noise_cost": 17.810480701533045, "n_waypoints_completed": 8, "tot_waypoints": 9}}
{"target": -713.344398229949, "params": {"k_pid_pos": [2.0, 0.9388473033905029, 0.9947770833969116], "k_pid_alt": [1.9962081909179688, 0.9999914169311523, 0.0051708221435546875], "k_pid_att": [100.0, 0.4071139693260193, 0.9425694942474365], "k_pid_yaw": [0.5, 1e-06, 0.1], "k_pid_hsp": [9.921903610229492, 0.9773880839347839, 0.012935847043991089], "k_pid_vsp": [0.9377598762512207, 386.553466796875, 3.4434328079223633]}, "datetime": {"datetime": "2025-08-21 15:59:56", "elapsed": 26112.646285533905, "delta": 24.139339923858643}, "costs": {"total_cost": 713.344398229949, "time_cost": 150, "final_distance_cost": 68.56919160711979, "oscillation_cost": 180.85713967415708, "completition_cost": 222.2222222222222, "overshoot_cost": 53.8665581916044, "power_cost": 21.617006469726565, "noise_cost": 16.21228006511892, "n_waypoints_completed": 7, "tot_waypoints": 9}}
{"target": -854.3482849082183, "params": {"k_pid_pos": [2.0, 0.9867451786994934, 0.1778399646282196], "k_pid_alt": [1.9521236419677734, 1.0, 0.0045768022537231445], "k_pid_att": [100.0, 0.13547629117965698, 0.9726974368095398], "k_pid_yaw": [0.5, 1e-06, 0.1], "k_pid_hsp": [9.835715293884277, 0.9755430817604065, 0.037352412939071655], "k_pid_vsp": [4.568815231323242, 393.341552734375, 11.319363594055176]}, "datetime": {"datetime": "2025-08-21 16:00:19", "elapsed": 26136.111305713654, "delta": 23.465020179748535}, "costs": {"total_cost": 854.3482849082183, "time_cost": 150, "final_distance_cost": 52.19875923822283, "oscillation_cost": 114.7605861830084, "completition_cost": 444.4444444444444, "overshoot_cost": 55.837982122600216, "power_cost": 21.95569578857422, "noise_cost": 15.150817131368129, "n_waypoints_completed": 5, "tot_waypoints": 9}}
{"target": -1017.1948130492806, "params": {"k_pid_pos": [2.0, 0.9786849021911621, 0.8077982664108276], "k_pid_alt": [1.8981728553771973, 1.0, 0.087749183177948], "k_pid_att": [100.0, 0.2034415900707245, 0.9973986148834229], "k_pid_yaw": [0.5, 1e-06, 0.1], "k_pid_hsp": [9.652056694030762, 0.9934004545211792, 0.033285439014434814], "k_pid_vsp": [18.54158592224121, 392.0426025390625, 7.113612651824951]}, "datetime": {"datetime": "2025-08-21 16:00:43", "elapsed": 26159.753579616547, "delta": 23.642273902893066}, "costs": {"total_cost": 1017.1948130492806, "time_cost": 150, "final_distance_cost": 49.359418161992586, "oscillation_cost": 174.38565909536518, "completition_cost": 555.5555555555555, "overshoot_cost": 53.66233304272294, "power_cost": 18.919087402343752, "noise_cost": 15.312759791300586, "n_waypoints_completed": 4, "tot_waypoints": 9}}
{"target": -1349.6543613809272, "params": {"k_pid_pos": [2.0, 0.9903209209442139, 2.086162567138672e-07], "k_pid_alt": [1.9481467008590698, 1.0, 0.049769848585128784], "k_pid_att": [100.0, 0.3934926688671112, 0.9745041131973267], "k_pid_yaw": [0.5, 1e-06, 0.1], "k_pid_hsp": [9.77644157409668, 0.9959613084793091, 0.04584243893623352], "k_pid_vsp": [30.523622512817383, 393.4338684082031, 11.815703392028809]}, "datetime": {"datetime": "2025-08-21 16:01:06", "elapsed": 26183.076405763626, "delta": 23.322826147079468}, "costs": {"total_cost": 1349.6543613809272, "time_cost": 150, "final_distance_cost": 23.965361985729984, "oscillation_cost": 69.33617930194178, "completition_cost": 1000.0, "overshoot_cost": 54.835492109778784, "power_cost": 27.840630932617188, "noise_cost": 23.676697050859453, "n_waypoints_completed": 0, "tot_waypoints": 9}}
{"target": -668.4842633359999, "params": {"k_pid_pos": [2.0, 0.9706220626831055, 0.9999499320983887], "k_pid_alt": [1.958242416381836, 1.0, 0.01762688159942627], "k_pid_att": [100.0, 0.09636441618204117, 0.9931807518005371], "k_pid_yaw": [0.5, 1e-06, 0.1], "k_pid_hsp": [9.797947883605957, 0.9922549724578857, 0.015154540538787842], "k_pid_vsp": [8.143651962280273, 397.5064697265625, 16.315319061279297]}, "datetime": {"datetime": "2025-08-21 16:01:29", "elapsed": 26205.867296934128, "delta": 22.79089117050171}, "costs": {"total_cost": 668.4842633359999, "time_cost": 150, "final_distance_cost": 70.08855298552498, "oscillation_cost": 130.4580741233137, "completition_cost": 222.2222222222222, "overshoot_cost": 51.86059920606822, "power_cost": 25.06521063232422, "noise_cost": 18.789604166546646, "n_waypoints_completed": 7, "tot_waypoints": 9}}
{"target": -712.2495322229114, "params": {"k_pid_pos": [1.9999985694885254, 0.9871400594711304, 0.9999990463256836], "k_pid_alt": [1.8633735179901123, 1.0, 0.005127906799316406], "k_pid_att": [100.0, 0.15748150646686554, 0.8454079031944275], "k_pid_yaw": [0.5, 1e-06, 0.1], "k_pid_hsp": [9.85802936553955, 0.9948135614395142, 0.02386176586151123], "k_pid_vsp": [11.842859268188477, 361.0007629394531, 45.04471969604492]}, "datetime": {"datetime": "2025-08-21 16:01:52", "elapsed": 26229.379265785217, "delta": 23.511968851089478}, "costs": {"total_cost": 712.2495322229114, "time_cost": 150, "final_distance_cost": 63.84621562920725, "oscillation_cost": 189.42244731595974, "completition_cost": 222.2222222222222, "overshoot_cost": 49.76233970049361, "power_cost": 20.983147167968752, "noise_cost": 16.0131601870599, "n_waypoints_completed": 7, "tot_waypoints": 9}}
{"target": -318.4176142794876, "params": {"k_pid_pos": [2.0, 0.9909206628799438, 0.9957480430603027], "k_pid_alt": [1.984839677810669, 2.086162567138672e-07, 0.011000335216522217], "k_pid_att": [100.0, 0.4500032663345337, 0.9915708303451538], "k_pid_yaw": [0.5, 1e-06, 0.1], "k_pid_hsp": [9.377334594726562, 0.7922197580337524, 0.015079647302627563], "k_pid_vsp": [30.851364135742188, 386.5130615234375, 3.947092056274414]}, "datetime": {"datetime": "2025-08-21 16:02:14", "elapsed": 26250.437610387802, "delta": 21.05834460258484}, "costs": {"total_cost": 318.4176142794876, "time_cost": 90.08, "final_distance_cost": 1.7598960767549434, "oscillation_cost": 134.2831490607931, "completition_cost": 0.0, "overshoot_cost": 58.69210383941182, "power_cost": 19.186692468261718, "noise_cost": 14.41577283426608, "n_waypoints_completed": 9, "tot_waypoints": 9}}
{"target": -334.75790092749236, "params": {"k_pid_pos": [2.0, 0.8954359292984009, 0.959070086479187], "k_pid_alt": [1.963369369506836, 1.0, 0.056910932064056396], "k_pid_att": [100.0, 0.0980166345834732, 0.9785789251327515], "k_pid_yaw": [0.5, 1e-06, 0.1], "k_pid_hsp": [9.916502952575684, 0.94196617603302, 0.008770197629928589], "k_pid_vsp": [25.28302764892578, 397.9718933105469, 10.56113338470459]}, "datetime": {"datetime": "2025-08-21 16:02:37", "elapsed": 26273.88667488098, "delta": 23.44906449317932}, "costs": {"total_cost": 334.75790092749236, "time_cost": 99.712, "final_distance_cost": 1.7602649027026418, "oscillation_cost": 130.06418578252618, "completition_cost": 0.0, "overshoot_cost": 59.906077982501905, "power_cost": 24.303969274902347, "noise_cost": 19.011402984859256, "n_waypoints_completed": 9, "tot_waypoints": 9}}
{"target": -664.4219676875987, "params": {"k_pid_pos": [2.0, 0.955135703086853, 1.0], "k_pid_alt": [1.9404040575027466, 1.0, 0.04143068194389343], "k_pid_att": [100.0, 0.6935430765151978, 0.9808399677276611], "k_pid_yaw": [0.5, 1e-06, 0.1], "k_pid_hsp": [9.976634979248047, 0.9906330108642578, 0.0035730600357055664], "k_pid_vsp": [49.97464370727539, 396.8541259765625, 5.308152198791504]}, "datetime": {"datetime": "2025-08-21 16:03:01", "elapsed": 26297.912779808044, "delta": 24.02610492706299}, "costs": {"total_cost": 664.4219676875987, "time_cost": 150, "final_distance_cost": 69.03798388033175, "oscillation_cost": 136.0182267763559, "completition_cost": 222.2222222222222, "overshoot_cost": 49.252766615336384, "power_cost": 21.11450654296875, "noise_cost": 16.776261650383574, "n_waypoints_completed": 7, "tot_waypoints": 9}}
{"target": -913.1641156260413, "params": {"k_pid_pos": [2.0, 0.9906617403030396, 0.0037670135498046875], "k_pid_alt": [1.9531041383743286, 1.0, 0.020287692546844482], "k_pid_att": [100.0, 0.3219958245754242, 0.9866245985031128], "k_pid_yaw": [0.5, 1e-06, 0.1], "k_pid_hsp": [9.971227645874023, 0.9728856086730957, 0.006768763065338135], "k_pid_vsp": [37.98279571533203, 397.28173828125, 27.615476608276367]}, "datetime": {"datetime": "2025-08-21 16:03:25", "elapsed": 26321.597340345383, "delta": 23.684560537338257}, "costs": {"total_cost": 913.1641156260413, "time_cost": 150, "final_distance_cost": 47.05451944425922, "oscillation_cost": 81.83584357081432, "completition_cost": 555.5555555555555, "overshoot_cost": 48.77241171036208, "power_cost": 16.625111206054687, "noise_cost": 13.320674138995283, "n_waypoints_completed": 4, "tot_waypoints": 9}}
{"target": -1263.382502225125, "params": {"k_pid_pos": [2.0, 0.9707597494125366, 0.0024344921112060547], "k_pid_alt": [1.9352319240570068, 1.0, 0.03872942924499512], "k_pid_att": [99.9999771118164, 0.12457679957151413, 0.903420627117157], "k_pid_yaw": [0.5, 1e-06, 0.1], "k_pid_hsp": [9.871845245361328, 0.955251932144165, 0.02946576476097107], "k_pid_vsp": [16.766239166259766, 395.9448547363281, 22.10911750793457]}, "datetime": {"datetime": "2025-08-21 16:03:47", "elapsed": 26344.400463104248, "delta": 22.803122758865356}, "costs": {"total_cost": 1263.382502225125, "time_cost": 150, "final_distance_cost": 61.17939435284647, "oscillation_cost": 71.90872419413822, "completition_cost": 888.8888888888888, "overshoot_cost": 47.58908659271835, "power_cost": 26.117422985839845, "noise_cost": 17.69898521069349, "n_waypoints_completed": 1, "tot_waypoints": 9}}
{"target": -848.9385177631624, "params": {"k_pid_pos": [2.0, 0.9963672161102295, 0.4763672351837158], "k_pid_alt": [1.9242303371429443, 1.0, 0.011119633913040161], "k_pid_att": [99.99945068359375, 0.1765419840812683, 0.9791032075881958], "k_pid_yaw": [0.5, 1e-06, 0.1], "k_pid_hsp": [9.940736770629883, 0.9687818288803101, 0.0355222225189209], "k_pid_vsp": [34.966705322265625, 373.6073303222656, 17.593027114868164]}, "datetime": {"datetime": "2025-08-21 16:04:11", "elapsed": 26368.020522117615, "delta": 23.6200590133667}, "costs": {"total_cost": 848.9385177631624, "time_cost": 150, "final_distance_cost": 57.26579966436227, "oscillation_cost": 110.16789143888741, "completition_cost": 444.4444444444444, "overshoot_cost": 51.46529816098257, "power_cost": 19.849750231933594, "noise_cost": 15.74533382255222, "n_waypoints_completed": 5, "tot_waypoints": 9}}
{"target": -708.8559774706144, "params": {"k_pid_pos": [2.0, 0.9360829591751099, 0.9841485619544983], "k_pid_alt": [1.9907435178756714, 1.0, 0.003622770309448242], "k_pid_att": [100.0, 0.3637162744998932, 0.9464107751846313], "k_pid_yaw": [0.5, 1e-06, 0.1], "k_pid_hsp": [9.952756881713867, 0.8394317626953125, 0.05407795310020447], "k_pid_vsp": [8.72749137878418, 391.640625, 3.912592887878418]}, "datetime": {"datetime": "2025-08-21 16:04:35", "elapsed": 26391.461832284927, "delta": 23.441310167312622}, "costs": {"total_cost": 708.8559774706144, "time_cost": 150, "final_distance_cost": 65.82553378036778, "oscillation_cost": 179.01434835319114, "completition_cost": 222.2222222222222, "overshoot_cost": 51.97773529437651, "power_cost": 22.74360233154297, "noise_cost": 17.072535488913775, "n_waypoints_completed": 7, "tot_waypoints": 9}}
{"target": -1214.5614957876583, "params": {"k_pid_pos": [2.0, 0.9664913415908813, 8.720159530639648e-05], "k_pid_alt": [1.9243340492248535, 1.0, 0.002189457416534424], "k_pid_att": [100.0, 0.3316972851753235, 0.9819937944412231], "k_pid_yaw": [0.5, 1e-06, 0.1], "k_pid_hsp": [9.884531021118164, 0.9947076439857483, 0.01718994975090027], "k_pid_vsp": [4.607033729553223, 396.5123596191406, 10.583044052124023]}, "datetime": {"datetime": "2025-08-21 16:04:58", "elapsed": 26415.260851860046, "delta": 23.79901957511902}, "costs": {"total_cost": 1214.5614957876583, "time_cost": 150, "final_distance_cost": 90.82890940818976, "oscillation_cost": 115.14682504283788, "completition_cost": 777.7777777777778, "overshoot_cost": 50.5028934546631, "power_cost": 17.35621485595703, "noise_cost": 12.948875248232788, "n_waypoints_completed": 2, "tot_waypoints": 9}}
{"target": -1358.9339039013544, "params": {"k_pid_pos": [2.0, 0.9851258397102356, 0.0], "k_pid_alt": [1.97145414352417, 0.9999998211860657, 0.020932763814926147], "k_pid_att": [100.0, 0.9160622358322144, 0.9949529767036438], "k_pid_yaw": [0.5, 1e-06, 0.1], "k_pid_hsp": [8.916402816772461, 0.9879937171936035, 0.013845711946487427], "k_pid_vsp": [14.341794967651367, 377.5707092285156, 13.703024864196777]}, "datetime": {"datetime": "2025-08-21 16:05:22", "elapsed": 26438.606885910034, "delta": 23.346034049987793}, "costs": {"total_cost": 1358.9339039013544, "time_cost": 150, "final_distance_cost": 51.206547799224474, "oscillation_cost": 83.31051893323317, "completition_cost": 1000.0, "overshoot_cost": 39.000837480526066, "power_cost": 20.939303588867187, "noise_cost": 14.476696099503393, "n_waypoints_completed": 0, "tot_waypoints": 9}}
