{"target": -841.6760823044018, "params": {"k_pid_pos": [2.0, 0.9640568494796753, 1.0], "k_pid_alt": [1.7172590494155884, 1.0, 0.015396535396575928], "k_pid_att": [99.99999237060547, 0.826653778553009, 0.9803277254104614], "k_pid_yaw": [0.5, 1e-06, 0.1], "k_pid_hsp": [9.905640602111816, 0.9932729005813599, 0.02307760715484619], "k_pid_vsp": [3.7130117416381836, 397.271484375, 8.595419883728027]}, "datetime": {"datetime": "2025-08-21 16:45:22", "elapsed": 28839.298845529556, "delta": 22.69481587409973}, "costs": {"total_cost": 841.6760823044018, "time_cost": 150, "final_distance_cost": 67.22378722856855, "oscillation_cost": 198.37198046110962, "completition_cost": 333.33333333333337, "overshoot_cost": 54.98976196579887, "power_cost": 22.102048278808596, "noise_cost": 15.655171036782844, "n_waypoints_completed": 6, "tot_waypoints": 9}}
{"target": -1022.2387013559957, "params": {"k_pid_pos": [2.0, 0.9939104318618774, 0.9985485076904297], "k_pid_alt": [1.7659361362457275, 1.0, 0.04943275451660156], "k_pid_att": [100.0, 0.3040463626384735, 0.9912439584732056], "k_pid_yaw": [0.5, 1e-06, 0.1], "k_pid_hsp": [8.843598365783691, 0.9978576302528381, 0.03005605936050415], "k_pid_vsp": [2.100658416748047, 391.3594665527344, 14.65518569946289]}, "datetime": {"datetime": "2025-08-21 16:45:46", "elapsed": 28863.206459760666, "delta": 23.90761423110962}, "costs": {"total_cost": 1022.2387013559957, "time_cost": 150, "final_distance_cost": 50.56153366034366, "oscillation_cost": 180.41993882425163, "completition_cost": 555.5555555555555, "overshoot_cost": 52.55005047872298, "power_cost": 18.57746142578125, "noise_cost": 14.574161411340528, "n_waypoints_completed": 4, "tot_waypoints": 9}}
{"target": -560.7998752260524, "params": {"k_pid_pos": [2.0, 0.9955800771713257, 1.0], "k_pid_alt": [1.9798338413238525, 1.0, 0.0014798641204833984], "k_pid_att": [100.0, 0.06552527844905853, 0.950711190700531], "k_pid_yaw": [0.5, 1e-06, 0.1], "k_pid_hsp": [9.952628135681152, 0.9565612077713013, 0.023307770490646362], "k_pid_vsp": [45.11764144897461, 398.0770568847656, 12.11506175994873]}, "datetime": {"datetime": "2025-08-21 16:46:12", "elapsed": 28888.46614050865, "delta": 25.25968074798584}, "costs": {"total_cost": 560.7998752260524, "time_cost": 150, "final_distance_cost": 19.556881886381454, "oscillation_cost": 183.43534937350012, "completition_cost": 111.11111111111116, "overshoot_cost": 59.64484178493511, "power_cost": 20.43922169189453, "noise_cost": 16.612469378230138, "n_waypoints_completed": 8, "tot_waypoints": 9}}
{"target": -1298.0111514479095, "params": {"k_pid_pos": [0.2658155858516693, 0.9907374382019043, 0.7557722330093384], "k_pid_alt": [1.9313745498657227, 1.0, 0.028741151094436646], "k_pid_att": [100.0, 2.5417466163635254, 0.9912102222442627], "k_pid_yaw": [0.5, 1e-06, 0.1], "k_pid_hsp": [9.541607856750488, 0.9400850534439087, 0.022483885288238525], "k_pid_vsp": [10.64246940612793, 397.4298095703125, 13.502670288085938]}, "datetime": {"datetime": "2025-08-21 16:46:38", "elapsed": 28915.096881389618, "delta": 26.630740880966187}, "costs": {"total_cost": 1298.0111514479095, "time_cost": 150, "final_distance_cost": 37.803270603730574, "oscillation_cost": 154.9513076488492, "completition_cost": 888.8888888888888, "overshoot_cost": 33.724475596138255, "power_cost": 18.925524475097657, "noise_cost": 13.717684235204882, "n_waypoints_completed": 1, "tot_waypoints": 9}}
{"target": -315.0347565768632, "params": {"k_pid_pos": [1.999999761581421, 0.9928011298179626, 1.0], "k_pid_alt": [1.996323585510254, 1.0, 0.009617120027542114], "k_pid_att": [100.0, 0.026156803593039513, 0.9946424961090088], "k_pid_yaw": [0.5, 1e-06, 0.1], "k_pid_hsp": [9.254134178161621, 0.9919204711914062, 0.014389187097549438], "k_pid_vsp": [3.6877036094665527, 394.7047119140625, 7.332039833068848]}, "datetime": {"datetime": "2025-08-21 16:47:03", "elapsed": 28939.76512813568, "delta": 24.668246746063232}, "costs": {"total_cost": 315.0347565768632, "time_cost": 89.696, "final_distance_cost": 1.7277041129431292, "oscillation_cost": 131.13966518590635, "completition_cost": 0.0, "overshoot_cost": 59.94598995062246, "power_cost": 18.767959570312502, "noise_cost": 13.757437757078801, "n_waypoints_completed": 9, "tot_waypoints": 9}}
{"target": -903.4461032695014, "params": {"k_pid_pos": [2.0, 0.985814094543457, 1.0], "k_pid_alt": [1.9652162790298462, 0.8419604301452637, 0.005245417356491089], "k_pid_att": [99.99752044677734, 0.14881478250026703, 0.9708882570266724], "k_pid_yaw": [0.5, 1e-06, 0.1], "k_pid_hsp": [9.389422416687012, 0.9667251110076904, 0.025243639945983887], "k_pid_vsp": [0.9668946266174316, 290.16925048828125, 4.235507011413574]}, "datetime": {"datetime": "2025-08-21 16:47:26", "elapsed": 28962.531577587128, "delta": 22.766449451446533}, "costs": {"total_cost": 903.4461032695014, "time_cost": 150, "final_distance_cost": 52.181424680444046, "oscillation_cost": 170.80199716693593, "completition_cost": 444.4444444444444, "overshoot_cost": 48.67509995624086, "power_cost": 21.654480187988284, "noise_cost": 15.688656833447869, "n_waypoints_completed": 5, "tot_waypoints": 9}}
{"target": -891.3977492189052, "params": {"k_pid_pos": [2.0, 0.9900712370872498, 1.0], "k_pid_alt": [1.9799236059188843, 1.0, 0.05262139439582825], "k_pid_att": [100.0, 0.09611407667398453, 0.9548380374908447], "k_pid_yaw": [0.5, 1e-06, 0.1], "k_pid_hsp": [9.82796859741211, 0.9767047166824341, 0.0213334858417511], "k_pid_vsp": [2.5785207748413086, 396.44573974609375, 2.9213318824768066]}, "datetime": {"datetime": "2025-08-21 16:47:49", "elapsed": 28986.378779411316, "delta": 23.847201824188232}, "costs": {"total_cost": 891.3977492189052, "time_cost": 150, "final_distance_cost": 47.55320369946347, "oscillation_cost": 161.4383163141313, "completition_cost": 444.4444444444444, "overshoot_cost": 54.66387233248556, "power_cost": 19.376566479492187, "noise_cost": 13.921345948888295, "n_waypoints_completed": 5, "tot_waypoints": 9}}
{"target": -822.5464116426667, "params": {"k_pid_pos": [1.973468542098999, 0.9674649238586426, 0.09868636727333069], "k_pid_alt": [1.755401372909546, 1.0, 0.003772169351577759], "k_pid_att": [100.0, 0.1320854127407074, 0.9401668906211853], "k_pid_yaw": [0.5, 1e-06, 0.1], "k_pid_hsp": [9.965617179870605, 0.951305091381073, 0.01361820101737976], "k_pid_vsp": [6.756448745727539, 386.2435607910156, 19.943979263305664]}, "datetime": {"datetime": "2025-08-21 16:48:13", "elapsed": 29010.353108644485, "delta": 23.974329233169556}, "costs": {"total_cost": 822.5464116426667, "time_cost": 150, "final_distance_cost": 44.053997861693695, "oscillation_cost": 97.52498009613588, "completition_cost": 444.4444444444444, "overshoot_cost": 55.45473761984454, "power_cost": 17.938420629882813, "noise_cost": 13.129830990665328, "n_waypoints_completed": 5, "tot_waypoints": 9}}
{"target": -971.3051392845936, "params": {"k_pid_pos": [1.9999995231628418, 0.9965860843658447, 0.9999998211860657], "k_pid_alt": [1.8672337532043457, 1.0, 0.012649953365325928], "k_pid_att": [100.0, 0.25145116448402405, 0.9759918451309204], "k_pid_yaw": [0.5, 1e-06, 0.1], "k_pid_hsp": [9.81533432006836, 0.9702945947647095, 0.01509663462638855], "k_pid_vsp": [15.381324768066406, 392.61761474609375, 1.8286476135253906]}, "datetime": {"datetime": "2025-08-21 16:48:38", "elapsed": 29034.687031269073, "delta": 24.333922624588013}, "costs": {"total_cost": 971.3051392845936, "time_cost": 150, "final_distance_cost": 44.78716345559494, "oscillation_cost": 133.3272971923071, "completition_cost": 555.5555555555555, "overshoot_cost": 55.355569143893064, "power_cost": 18.09813425292969, "noise_cost": 14.18141968431322, "n_waypoints_completed": 4, "tot_waypoints": 9}}
{"target": -583.9520376087754, "params": {"k_pid_pos": [1.8322923183441162, 0.9355101585388184, 0.9819299578666687], "k_pid_alt": [1.9043269157409668, 1.0, 0.013082921504974365], "k_pid_att": [100.0, 0.34525540471076965, 0.9810398817062378], "k_pid_yaw": [0.5, 1e-06, 0.1], "k_pid_hsp": [9.705340385437012, 0.9688314199447632, 0.01608392596244812], "k_pid_vsp": [5.164444446563721, 393.2023010253906, 8.527268409729004]}, "datetime": {"datetime": "2025-08-21 16:49:03", "elapsed": 29060.36985707283, "delta": 25.682825803756714}, "costs": {"total_cost": 583.9520376087754, "time_cost": 150, "final_distance_cost": 65.5231158002832, "oscillation_cost": 162.84203757891683, "completition_cost": 111.11111111111116, "overshoot_cost": 52.57346900253252, "power_cost": 23.75217821044922, "noise_cost": 18.150125905482618, "n_waypoints_completed": 8, "tot_waypoints": 9}}
{"target": -1369.6372693925866, "params": {"k_pid_pos": [2.0, 0.9783364534378052, 0.0], "k_pid_alt": [1.898676872253418, 0.4803972542285919, 0.006184786558151245], "k_pid_att": [100.0, 0.06662259250879288, 0.9423604011535645], "k_pid_yaw": [0.5, 1e-06, 0.1], "k_pid_hsp": [9.634299278259277, 0.9588479399681091, 0.03289520740509033], "k_pid_vsp": [11.798381805419922, 390.6900329589844, 3.1468400955200195]}, "datetime": {"datetime": "2025-08-21 16:49:27", "elapsed": 29083.802216768265, "delta": 23.43235969543457}, "costs": {"total_cost": 1369.6372693925866, "time_cost": 150, "final_distance_cost": 48.38001056625873, "oscillation_cost": 95.49169336125641, "completition_cost": 1000.0, "overshoot_cost": 41.999528672508625, "power_cost": 19.749016247558593, "noise_cost": 14.017020545004208, "n_waypoints_completed": 0, "tot_waypoints": 9}}
{"target": -1059.5108821844988, "params": {"k_pid_pos": [2.0, 0.9859238862991333, 0.04591938853263855], "k_pid_alt": [1.7964175939559937, 1.0, 0.03306201100349426], "k_pid_att": [100.0, 0.03840990737080574, 0.9319071769714355], "k_pid_yaw": [0.5, 1e-06, 0.1], "k_pid_hsp": [9.971186637878418, 0.9819833040237427, 0.02458074688911438], "k_pid_vsp": [2.686762809753418, 385.2355651855469, 7.338787078857422]}, "datetime": {"datetime": "2025-08-21 16:49:51", "elapsed": 29107.685272693634, "delta": 23.883055925369263}, "costs": {"total_cost": 1059.5108821844988, "time_cost": 150, "final_distance_cost": 54.01427459046676, "oscillation_cost": 98.95105930602321, "completition_cost": 666.6666666666667, "overshoot_cost": 54.95397894127369, "power_cost": 20.618200939941406, "noise_cost": 14.306701740126927, "n_waypoints_completed": 3, "tot_waypoints": 9}}
{"target": -321.2644266924225, "params": {"k_pid_pos": [2.0, 0.9898277521133423, 1.0], "k_pid_alt": [1.9227371215820312, 0.9999986886978149, 0.01222345232963562], "k_pid_att": [100.0, 0.36878111958503723, 0.9623284935951233], "k_pid_yaw": [0.5, 1e-06, 0.1], "k_pid_hsp": [9.783435821533203, 0.9565920829772949, 0.0071773529052734375], "k_pid_vsp": [6.228327751159668, 392.0493469238281, 12.200881004333496]}, "datetime": {"datetime": "2025-08-21 16:50:14", "elapsed": 29130.81798696518, "delta": 23.13271427154541}, "costs": {"total_cost": 321.2644266924225, "time_cost": 98.72800000000001, "final_distance_cost": 1.7850941427980198, "oscillation_cost": 121.93254453090366, "completition_cost": 0.0, "overshoot_cost": 58.665494052111335, "power_cost": 22.872531481933596, "noise_cost": 17.280762484675826, "n_waypoints_completed": 9, "tot_waypoints": 9}}
{"target": -1062.8864010423322, "params": {"k_pid_pos": [2.0, 0.9819777011871338, 0.0], "k_pid_alt": [1.979297161102295, 1.0, 0.0014554262161254883], "k_pid_att": [99.74612426757812, 0.1744948923587799, 0.7605116963386536], "k_pid_yaw": [0.5, 1e-06, 0.1], "k_pid_hsp": [9.895024299621582, 0.9784664511680603, 0.012676507234573364], "k_pid_vsp": [5.678653717041016, 397.65667724609375, 16.035940170288086]}, "datetime": {"datetime": "2025-08-21 16:50:37", "elapsed": 29154.34171652794, "delta": 23.5237295627594}, "costs": {"total_cost": 1062.8864010423322, "time_cost": 150, "final_distance_cost": 54.61274576694576, "oscillation_cost": 92.4933661497606, "completition_cost": 666.6666666666667, "overshoot_cost": 63.77973626197517, "power_cost": 20.255949462890626, "noise_cost": 15.077936734093381, "n_waypoints_completed": 3, "tot_waypoints": 9}}
{"target": -924.8194435416801, "params": {"k_pid_pos": [2.0, 0.9940140843391418, 0.0], "k_pid_alt": [1.9338006973266602, 1.0, 0.003022521734237671], "k_pid_att": [100.0, 0.39037835597991943, 0.9919223785400391], "k_pid_yaw": [0.5, 1e-06, 0.1], "k_pid_hsp": [9.947503089904785, 0.9235984086990356, 0.004856228828430176], "k_pid_vsp": [4.570567607879639, 395.74822998046875, 4.580999374389648]}, "datetime": {"datetime": "2025-08-21 16:51:01", "elapsed": 29178.066878795624, "delta": 23.725162267684937}, "costs": {"total_cost": 924.8194435416801, "time_cost": 150, "final_distance_cost": 45.56126923929974, "oscillation_cost": 84.8460409821466, "completition_cost": 555.5555555555555, "overshoot_cost": 56.48463991082706, "power_cost": 18.47602149658203, "noise_cost": 13.895916357269295, "n_waypoints_completed": 4, "tot_waypoints": 9}}
{"target": -1162.7916756774662, "params": {"k_pid_pos": [2.0, 0.986667275428772, 0.015466094017028809], "k_pid_alt": [1.9555084705352783, 1.0, 0.03647780418395996], "k_pid_att": [70.32120513916016, 0.39972546696662903, 0.9976010322570801], "k_pid_yaw": [0.5, 1e-06, 0.1], "k_pid_hsp": [9.968504905700684, 0.8926814794540405, 0.009765177965164185], "k_pid_vsp": [8.410429954528809, 395.4911804199219, 17.411746978759766]}, "datetime": {"datetime": "2025-08-21 16:51:25", "elapsed": 29202.20625591278, "delta": 24.139377117156982}, "costs": {"total_cost": 1162.7916756774662, "time_cost": 150, "final_distance_cost": 73.78659687336904, "oscillation_cost": 89.26922492419018, "completition_cost": 777.7777777777778, "overshoot_cost": 39.83476301248634, "power_cost": 18.960513989257812, "noise_cost": 13.16279910038496, "n_waypoints_completed": 2, "tot_waypoints": 9}}
{"target": -940.9008298636726, "params": {"k_pid_pos": [2.0, 0.8017458319664001, 1.0], "k_pid_alt": [1.9823496341705322, 1.0, 0.02499222755432129], "k_pid_att": [99.89424133300781, 0.13004904985427856, 0.9894874691963196], "k_pid_yaw": [0.5, 1e-06, 0.1], "k_pid_hsp": [9.754854202270508, 0.9329344630241394, 0.09491252899169922], "k_pid_vsp": [0.655519962310791, 382.1443176269531, 11.73669147491455]}, "datetime": {"datetime": "2025-08-21 16:51:48", "elapsed": 29224.880310058594, "delta": 22.67405414581299}, "costs": {"total_cost": 940.9008298636726, "time_cost": 150, "final_distance_cost": 50.318322845637304, "oscillation_cost": 201.31577766605002, "completition_cost": 444.4444444444444, "overshoot_cost": 63.64409727388643, "power_cost": 17.807095178222657, "noise_cost": 13.371092455431766, "n_waypoints_completed": 5, "tot_waypoints": 9}}
{"target": -1051.2312604167935, "params": {"k_pid_pos": [2.0, 0.9655627608299255, 0.00100669264793396], "k_pid_alt": [1.9683821201324463, 1.0, 0.09759458899497986], "k_pid_att": [100.0, 0.07779805362224579, 0.9935712814331055], "k_pid_yaw": [0.5, 1e-06, 0.1], "k_pid_hsp": [8.00665283203125, 0.9814735651016235, 0.0013849437236785889], "k_pid_vsp": [12.955987930297852, 394.5597229003906, 2.648414134979248]}, "datetime": {"datetime": "2025-08-21 16:52:11", "elapsed": 29247.866308689117, "delta": 22.98599863052368}, "costs": {"total_cost": 1051.2312604167935, "time_cost": 150, "final_distance_cost": 57.0467235572702, "oscillation_cost": 78.77144377191112, "completition_cost": 666.6666666666667, "overshoot_cost": 63.75463920120014, "power_cost": 20.60983648681641, "noise_cost": 14.381950732929084, "n_waypoints_completed": 3, "tot_waypoints": 9}}
{"target": -936.4402987569845, "params": {"k_pid_pos": [2.0, 0.9487841725349426, 0.39850711822509766], "k_pid_alt": [1.9697314500808716, 1.0, 0.011580467224121094], "k_pid_att": [100.0, 0.7964702844619751, 0.9845333695411682], "k_pid_yaw": [0.5, 1e-06, 0.1], "k_pid_hsp": [9.512206077575684, 0.8972481489181519, 0.00966942310333252], "k_pid_vsp": [12.81423568725586, 394.2823181152344, 2.650547981262207]}, "datetime": {"datetime": "2025-08-21 16:52:34", "elapsed": 29271.225031375885, "delta": 23.358722686767578}, "costs": {"total_cost": 936.4402987569845, "time_cost": 150, "final_distance_cost": 44.35827827004074, "oscillation_cost": 94.42762698127805, "completition_cost": 555.5555555555555, "overshoot_cost": 55.74272881919465, "power_cost": 20.67058367919922, "noise_cost": 15.685525451716183, "n_waypoints_completed": 4, "tot_waypoints": 9}}
{"target": -334.34289183002073, "params": {"k_pid_pos": [2.0, 0.9842571020126343, 1.0], "k_pid_alt": [1.9808573722839355, 1.0, 0.021657466888427734], "k_pid_att": [100.0, 0.023302365094423294, 0.9881280660629272], "k_pid_yaw": [0.5, 1e-06, 0.1], "k_pid_hsp": [9.74118709564209, 0.9266164302825928, 0.011036187410354614], "k_pid_vsp": [17.211210250854492, 382.2546691894531, 5.491448402404785]}, "datetime": {"datetime": "2025-08-21 16:52:56", "elapsed": 29292.682618379593, "delta": 21.457587003707886}, "costs": {"total_cost": 334.34289183002073, "time_cost": 90.928, "final_distance_cost": 1.7210207215989088, "oscillation_cost": 155.62066824817165, "completition_cost": 0.0, "overshoot_cost": 54.908264846368056, "power_cost": 17.81371444091797, "noise_cost": 13.351223572964162, "n_waypoints_completed": 9, "tot_waypoints": 9}}
{"target": -668.386013408751, "params": {"k_pid_pos": [2.0, 0.987420916557312, 0.9999993443489075], "k_pid_alt": [1.9855222702026367, 0.9998676776885986, 0.005507975816726685], "k_pid_att": [100.0, 0.6114861369132996, 0.9976029396057129], "k_pid_yaw": [0.5, 1e-06, 0.1], "k_pid_hsp": [9.89714527130127, 0.9919037222862244, 0.00963282585144043], "k_pid_vsp": [15.149080276489258, 391.3873291015625, 2.891946792602539]}, "datetime": {"datetime": "2025-08-21 16:53:20", "elapsed": 29316.566719055176, "delta": 23.884100675582886}, "costs": {"total_cost": 668.386013408751, "time_cost": 150, "final_distance_cost": 64.93889986979734, "oscillation_cost": 123.12704014878435, "completition_cost": 222.2222222222222, "overshoot_cost": 60.23930250457261, "power_cost": 27.275122277832033, "noise_cost": 20.58342638554241, "n_waypoints_completed": 7, "tot_waypoints": 9}}
{"target": -986.9517761706397, "params": {"k_pid_pos": [2.0, 0.9767932891845703, 0.9999779462814331], "k_pid_alt": [1.7266939878463745, 1.0, 0.014339327812194824], "k_pid_att": [100.0, 0.07913646101951599, 0.9875438213348389], "k_pid_yaw": [0.5, 1e-06, 0.1], "k_pid_hsp": [9.972033500671387, 0.9771975874900818, 0.01284337043762207], "k_pid_vsp": [1.3027429580688477, 391.0843811035156, 25.183774948120117]}, "datetime": {"datetime": "2025-08-21 16:53:43", "elapsed": 29340.28117632866, "delta": 23.714457273483276}, "costs": {"total_cost": 986.9517761706397, "time_cost": 150, "final_distance_cost": 43.95125296611196, "oscillation_cost": 250.9806951383634, "completition_cost": 444.4444444444444, "overshoot_cost": 69.04336152304394, "power_cost": 15.714447998046875, "noise_cost": 12.817574100629164, "n_waypoints_completed": 5, "tot_waypoints": 9}}
{"target": -1275.6608068213889, "params": {"k_pid_pos": [0.9237776398658752, 0.9701854586601257, 0.001694709062576294], "k_pid_alt": [1.9678889513015747, 0.9993281960487366, 0.005872249603271484], "k_pid_att": [100.0, 0.27003806829452515, 0.9914225935935974], "k_pid_yaw": [0.5, 1e-06, 0.1], "k_pid_hsp": [9.809717178344727, 0.9956362247467041, 0.010047435760498047], "k_pid_vsp": [12.34988021850586, 396.57373046875, 19.972719192504883]}, "datetime": {"datetime": "2025-08-21 16:54:06", "elapsed": 29363.033861875534, "delta": 22.752685546875}, "costs": {"total_cost": 1275.6608068213889, "time_cost": 150, "final_distance_cost": 73.54504899980678, "oscillation_cost": 88.94688867684815, "completition_cost": 888.8888888888888, "overshoot_cost": 41.780857581934136, "power_cost": 18.997719616699218, "noise_cost": 13.501403057211427, "n_waypoints_completed": 1, "tot_waypoints": 9}}
{"target": -840.3496041480495, "params": {"k_pid_pos": [2.0, 0.9314061403274536, 0.9889642000198364], "k_pid_alt": [1.948836088180542, 1.0, 0.0010418891906738281], "k_pid_att": [99.99811553955078, 0.1442994773387909, 0.9606804251670837], "k_pid_yaw": [0.5, 1e-06, 0.1], "k_pid_hsp": [9.6852445602417, 0.9814471006393433, 0.004261791706085205], "k_pid_vsp": [16.730117797851562, 397.8102722167969, 28.504396438598633]}, "datetime": {"datetime": "2025-08-21 16:54:31", "elapsed": 29387.719089984894, "delta": 24.68522810935974}, "costs": {"total_cost": 840.3496041480495, "time_cost": 150, "final_distance_cost": 42.31268707719223, "oscillation_cost": 115.19907829382386, "completition_cost": 444.4444444444444, "overshoot_cost": 52.13233846468692, "power_cost": 21.417170642089843, "noise_cost": 14.843885225812215, "n_waypoints_completed": 5, "tot_waypoints": 9}}
{"target": -1033.4960048171424, "params": {"k_pid_pos": [2.0, 0.9577953219413757, 0.0010314583778381348], "k_pid_alt": [1.9666893482208252, 1.0, 0.001759946346282959], "k_pid_att": [100.0, 0.4796905517578125, 0.9948756098747253], "k_pid_yaw": [0.5, 1e-06, 0.1], "k_pid_hsp": [9.82561206817627, 0.980861485004425, 0.017824411392211914], "k_pid_vsp": [44.30980682373047, 396.85467529296875, 20.093050003051758]}, "datetime": {"datetime": "2025-08-21 16:54:55", "elapsed": 29411.506650924683, "delta": 23.78756093978882}, "costs": {"total_cost": 1033.4960048171424, "time_cost": 150, "final_distance_cost": 54.65022730208082, "oscillation_cost": 78.96979435076076, "completition_cost": 666.6666666666667, "overshoot_cost": 50.8940847310736, "power_cost": 18.54098416748047, "noise_cost": 13.774247599080088, "n_waypoints_completed": 3, "tot_waypoints": 9}}
