{"target": -585.5522124048285, "params": {"k_pid_pos": [2.0, 0.989658772945404, 1.0], "k_pid_alt": [1.9906079769134521, 1.0, 0.00614050030708313], "k_pid_att": [100.0, 0.3815137445926666, 0.9650182127952576], "k_pid_yaw": [0.5, 1e-06, 0.1], "k_pid_hsp": [9.952350616455078, 0.9886812567710876, 0.01351901888847351], "k_pid_vsp": [4.62421178817749, 397.5762939453125, 1.0620603561401367]}, "datetime": {"datetime": "2025-08-21 23:03:33", "elapsed": 51530.337121486664, "delta": 23.524107933044434}, "costs": {"total_cost": 585.5522124048285, "time_cost": 150, "final_distance_cost": 66.01360465076483, "oscillation_cost": 159.77925872697983, "completition_cost": 111.11111111111116, "overshoot_cost": 56.508103282308205, "power_cost": 24.03298387451172, "noise_cost": 18.10715075915278, "n_waypoints_completed": 8, "tot_waypoints": 9}}
{"target": -697.5029180945695, "params": {"k_pid_pos": [2.0, 0.9924377799034119, 1.0], "k_pid_alt": [1.9579298496246338, 1.0, 0.02076992392539978], "k_pid_att": [100.0, 0.09499917924404144, 0.9882914423942566], "k_pid_yaw": [0.5, 1e-06, 0.1], "k_pid_hsp": [9.978151321411133, 0.9656165242195129, 0.002850055694580078], "k_pid_vsp": [4.1054487228393555, 396.5003356933594, 2.947653293609619]}, "datetime": {"datetime": "2025-08-21 23:03:58", "elapsed": 51555.287185907364, "delta": 24.950064420700073}, "costs": {"total_cost": 697.5029180945695, "time_cost": 150, "final_distance_cost": 71.31909349704634, "oscillation_cost": 166.94282016940474, "completition_cost": 222.2222222222222, "overshoot_cost": 54.009996058012625, "power_cost": 19.172748388671877, "noise_cost": 13.836037759211848, "n_waypoints_completed": 7, "tot_waypoints": 9}}
{"target": -518.8486630216094, "params": {"k_pid_pos": [2.0, 0.9915131330490112, 1.0], "k_pid_alt": [1.9508278369903564, 1.0, 0.0032912790775299072], "k_pid_att": [100.0, 0.22375346720218658, 0.9888466000556946], "k_pid_yaw": [0.5, 1e-06, 0.1], "k_pid_hsp": [9.942764282226562, 0.9896481037139893, 0.004368990659713745], "k_pid_vsp": [3.980100154876709, 397.7691650390625, 2.5090465545654297]}, "datetime": {"datetime": "2025-08-21 23:04:22", "elapsed": 51579.36096525192, "delta": 24.073779344558716}, "costs": {"total_cost": 518.8486630216094, "time_cost": 150, "final_distance_cost": 12.435841328015652, "oscillation_cost": 145.2087104993797, "completition_cost": 111.11111111111116, "overshoot_cost": 59.998537493300276, "power_cost": 22.98796806640625, "noise_cost": 17.106494523396304, "n_waypoints_completed": 8, "tot_waypoints": 9}}
{"target": -690.8834980907959, "params": {"k_pid_pos": [2.0, 0.9909617900848389, 1.0], "k_pid_alt": [1.9960062503814697, 1.0, 0.0188218355178833], "k_pid_att": [100.0, 0.12128397077322006, 0.9944783449172974], "k_pid_yaw": [0.5, 1e-06, 0.1], "k_pid_hsp": [9.559175491333008, 0.9497605562210083, 0.008322924375534058], "k_pid_vsp": [3.0934929847717285, 398.565185546875, 4.464257717132568]}, "datetime": {"datetime": "2025-08-21 23:04:46", "elapsed": 51603.398854494095, "delta": 24.03788924217224}, "costs": {"total_cost": 690.8834980907959, "time_cost": 150, "final_distance_cost": 65.86211574920664, "oscillation_cost": 158.7735209278571, "completition_cost": 222.2222222222222, "overshoot_cost": 55.815818629238784, "power_cost": 22.445528161621095, "noise_cost": 15.76429240065007, "n_waypoints_completed": 7, "tot_waypoints": 9}}
{"target": -653.3599280455439, "params": {"k_pid_pos": [2.0, 0.998206377029419, 0.9999219179153442], "k_pid_alt": [1.9878320693969727, 1.0, 0.004365861415863037], "k_pid_att": [100.0, 0.07730095088481903, 0.9941269159317017], "k_pid_yaw": [0.5, 1e-06, 0.1], "k_pid_hsp": [9.46289348602295, 0.9443943500518799, 0.0027394890785217285], "k_pid_vsp": [0.34983158111572266, 396.5995178222656, 4.19594144821167]}, "datetime": {"datetime": "2025-08-21 23:05:11", "elapsed": 51627.74048948288, "delta": 24.34163498878479}, "costs": {"total_cost": 653.3599280455439, "time_cost": 150, "final_distance_cost": 63.8451256092083, "oscillation_cost": 116.00327946217601, "completition_cost": 222.2222222222222, "overshoot_cost": 55.876092633588804, "power_cost": 25.635601794433594, "noise_cost": 19.77760632391506, "n_waypoints_completed": 7, "tot_waypoints": 9}}
{"target": -555.3138139491778, "params": {"k_pid_pos": [2.0, 0.9698441028594971, 1.0], "k_pid_alt": [1.9921581745147705, 1.0, 0.017945796251296997], "k_pid_att": [100.0, 0.5777595043182373, 0.9958925247192383], "k_pid_yaw": [0.5, 1e-06, 0.1], "k_pid_hsp": [9.557263374328613, 0.962242603302002, 0.012746483087539673], "k_pid_vsp": [3.3132076263427734, 395.9263916015625, 2.6199111938476562]}, "datetime": {"datetime": "2025-08-21 23:05:34", "elapsed": 51651.41176009178, "delta": 23.671270608901978}, "costs": {"total_cost": 555.3138139491778, "time_cost": 150, "final_distance_cost": 65.65105190794435, "oscillation_cost": 127.69226599731302, "completition_cost": 111.11111111111116, "overshoot_cost": 59.20701053803032, "power_cost": 24.094355310058596, "noise_cost": 17.558019084720268, "n_waypoints_completed": 8, "tot_waypoints": 9}}
{"target": -902.2275115277923, "params": {"k_pid_pos": [1.999997615814209, 0.9816734790802002, 1.0], "k_pid_alt": [1.9952750205993652, 1.0, 0.02019628882408142], "k_pid_att": [100.0, 0.25321245193481445, 0.9821314811706543], "k_pid_yaw": [0.5, 1e-06, 0.1], "k_pid_hsp": [9.790079116821289, 0.9867274761199951, 0.005846768617630005], "k_pid_vsp": [9.045720100402832, 395.8297424316406, 1.5284786224365234]}, "datetime": {"datetime": "2025-08-21 23:06:01", "elapsed": 51677.49653625488, "delta": 26.084776163101196}, "costs": {"total_cost": 902.2275115277923, "time_cost": 150, "final_distance_cost": 51.06521251055694, "oscillation_cost": 169.8483095652407, "completition_cost": 444.4444444444444, "overshoot_cost": 50.40579626604334, "power_cost": 21.51814080810547, "noise_cost": 14.945607933401451, "n_waypoints_completed": 5, "tot_waypoints": 9}}
{"target": -673.0312231038349, "params": {"k_pid_pos": [2.0, 0.9750485420227051, 1.0], "k_pid_alt": [1.9891188144683838, 1.0, 0.017903417348861694], "k_pid_att": [100.0, 0.12933915853500366, 0.9939813613891602], "k_pid_yaw": [0.5, 1e-06, 0.1], "k_pid_hsp": [9.766921997070312, 0.9900811314582825, 0.008537113666534424], "k_pid_vsp": [6.376969814300537, 394.12445068359375, 4.279280662536621]}, "datetime": {"datetime": "2025-08-21 23:06:23", "elapsed": 51700.15521144867, "delta": 22.65867519378662}, "costs": {"total_cost": 673.0312231038349, "time_cost": 150, "final_distance_cost": 62.48401581410837, "oscillation_cost": 137.64558809395365, "completition_cost": 222.2222222222222, "overshoot_cost": 57.797510633702366, "power_cost": 25.2775166015625, "noise_cost": 17.604369738285904, "n_waypoints_completed": 7, "tot_waypoints": 9}}
{"target": -577.4165731313774, "params": {"k_pid_pos": [2.0, 0.9970612525939941, 1.0], "k_pid_alt": [1.979935884475708, 1.0, 0.022002726793289185], "k_pid_att": [100.0, 0.054074447602033615, 0.9920305609703064], "k_pid_yaw": [0.5, 1e-06, 0.1], "k_pid_hsp": [9.944304466247559, 0.9939535856246948, 0.010146409273147583], "k_pid_vsp": [2.6211977005004883, 398.5186462402344, 4.448772430419922]}, "datetime": {"datetime": "2025-08-21 23:06:48", "elapsed": 51724.92088007927, "delta": 24.765668630599976}, "costs": {"total_cost": 577.4165731313774, "time_cost": 150, "final_distance_cost": 47.738145397628735, "oscillation_cost": 170.45775756200837, "completition_cost": 111.11111111111116, "overshoot_cost": 58.90907106646658, "power_cost": 23.292155578613283, "noise_cost": 15.908332415549298, "n_waypoints_completed": 8, "tot_waypoints": 9}}
{"target": -783.0742455501263, "params": {"k_pid_pos": [2.0, 0.9860914945602417, 1.0], "k_pid_alt": [1.9737427234649658, 1.0, 0.024236708879470825], "k_pid_att": [100.0, 0.05798834562301636, 0.9977209568023682], "k_pid_yaw": [0.5, 1e-06, 0.1], "k_pid_hsp": [9.89246940612793, 0.978708803653717, 0.0071561336517333984], "k_pid_vsp": [10.262811660766602, 396.3744201660156, 10.779131889343262]}, "datetime": {"datetime": "2025-08-21 23:07:10", "elapsed": 51747.17311668396, "delta": 22.25223660469055}, "costs": {"total_cost": 783.0742455501263, "time_cost": 150, "final_distance_cost": 52.209390972119266, "oscillation_cost": 166.57989132100383, "completition_cost": 333.33333333333337, "overshoot_cost": 46.81605193484633, "power_cost": 19.270417700195313, "noise_cost": 14.865160288628175, "n_waypoints_completed": 6, "tot_waypoints": 9}}
{"target": -732.7429199537775, "params": {"k_pid_pos": [2.0, 0.9980725049972534, 1.0], "k_pid_alt": [1.9815480709075928, 1.0, 0.005078703165054321], "k_pid_att": [100.0, 0.0056688059121370316, 0.975822925567627], "k_pid_yaw": [0.5, 1e-06, 0.1], "k_pid_hsp": [9.932896614074707, 0.975367546081543, 0.017026185989379883], "k_pid_vsp": [14.160943031311035, 387.8648376464844, 0.5208383202552795]}, "datetime": {"datetime": "2025-08-21 23:07:38", "elapsed": 51774.645287036896, "delta": 27.47217035293579}, "costs": {"total_cost": 732.7429199537775, "time_cost": 150, "final_distance_cost": 63.47447768819428, "oscillation_cost": 200.141492114932, "completition_cost": 222.2222222222222, "overshoot_cost": 56.85529507702641, "power_cost": 22.996974670410157, "noise_cost": 17.05245818099244, "n_waypoints_completed": 7, "tot_waypoints": 9}}
{"target": -677.475877498277, "params": {"k_pid_pos": [2.0, 0.996055543422699, 1.0], "k_pid_alt": [1.841707468032837, 1.0, 0.009427279233932495], "k_pid_att": [100.0, 0.010829622857272625, 0.994453489780426], "k_pid_yaw": [0.5, 1e-06, 0.1], "k_pid_hsp": [9.902925491333008, 0.982408344745636, 0.003558933734893799], "k_pid_vsp": [7.918822765350342, 395.8283996582031, 5.910671710968018]}, "datetime": {"datetime": "2025-08-21 23:08:01", "elapsed": 51797.64900612831, "delta": 23.003719091415405}, "costs": {"total_cost": 677.475877498277, "time_cost": 150, "final_distance_cost": 71.534859951631, "oscillation_cost": 142.72659320929108, "completition_cost": 222.2222222222222, "overshoot_cost": 56.06792881155926, "power_cost": 19.679443322753908, "noise_cost": 15.244829980819672, "n_waypoints_completed": 7, "tot_waypoints": 9}}
{"target": -713.122690380331, "params": {"k_pid_pos": [2.0, 0.9959505796432495, 1.0], "k_pid_alt": [1.977262258529663, 1.0, 0.04473140835762024], "k_pid_att": [100.0, 0.019134851172566414, 0.9944322109222412], "k_pid_yaw": [0.5, 1e-06, 0.1], "k_pid_hsp": [9.841964721679688, 0.9820446968078613, 0.020488470792770386], "k_pid_vsp": [7.364106178283691, 397.5820007324219, 28.171958923339844]}, "datetime": {"datetime": "2025-08-21 23:08:26", "elapsed": 51823.05559229851, "delta": 25.406586170196533}, "costs": {"total_cost": 713.122690380331, "time_cost": 150, "final_distance_cost": 74.9349919666869, "oscillation_cost": 177.81431281292515, "completition_cost": 222.2222222222222, "overshoot_cost": 49.93961691666805, "power_cost": 21.815983630371093, "noise_cost": 16.395562831457692, "n_waypoints_completed": 7, "tot_waypoints": 9}}
{"target": -876.3876467607131, "params": {"k_pid_pos": [2.0, 0.9773920774459839, 1.0], "k_pid_alt": [1.9669063091278076, 1.0, 0.006286889314651489], "k_pid_att": [100.0, 0.05743492394685745, 0.9689147472381592], "k_pid_yaw": [0.5, 1e-06, 0.1], "k_pid_hsp": [9.938339233398438, 0.9671441912651062, 0.006898462772369385], "k_pid_vsp": [1.2431740760803223, 398.02655029296875, 19.940330505371094]}, "datetime": {"datetime": "2025-08-21 23:08:50", "elapsed": 51847.34290099144, "delta": 24.28730869293213}, "costs": {"total_cost": 876.3876467607131, "time_cost": 150, "final_distance_cost": 59.126504374223565, "oscillation_cost": 138.66352766851847, "completition_cost": 444.4444444444444, "overshoot_cost": 51.545445184362364, "power_cost": 18.27924033203125, "noise_cost": 14.3284847571331, "n_waypoints_completed": 5, "tot_waypoints": 9}}
{"target": -832.4486346820604, "params": {"k_pid_pos": [2.0, 0.99313884973526, 1.0], "k_pid_alt": [1.9909706115722656, 1.0, 0.008617013692855835], "k_pid_att": [100.0, 0.05492619052529335, 0.997702419757843], "k_pid_yaw": [0.5, 1e-06, 0.1], "k_pid_hsp": [9.845926284790039, 0.989790678024292, 0.007239162921905518], "k_pid_vsp": [0.9661316871643066, 397.5449523925781, 1.0064611434936523]}, "datetime": {"datetime": "2025-08-21 23:09:15", "elapsed": 51871.62252545357, "delta": 24.279624462127686}, "costs": {"total_cost": 832.4486346820604, "time_cost": 150, "final_distance_cost": 70.44546769241094, "oscillation_cost": 191.15309551597272, "completition_cost": 333.33333333333337, "overshoot_cost": 50.55083859182589, "power_cost": 21.18164600830078, "noise_cost": 15.78425354021665, "n_waypoints_completed": 6, "tot_waypoints": 9}}
{"target": -812.2650533097167, "params": {"k_pid_pos": [2.0, 0.994339108467102, 1.0], "k_pid_alt": [1.9862124919891357, 0.9999427795410156, 0.0029869377613067627], "k_pid_att": [100.0, 0.06115540862083435, 0.9954582452774048], "k_pid_yaw": [0.5, 1e-06, 0.1], "k_pid_hsp": [9.945280075073242, 0.9812179207801819, 0.03666844964027405], "k_pid_vsp": [5.758929252624512, 398.0352478027344, 10.701525688171387]}, "datetime": {"datetime": "2025-08-21 23:09:38", "elapsed": 51894.57075595856, "delta": 22.948230504989624}, "costs": {"total_cost": 812.2650533097167, "time_cost": 150, "final_distance_cost": 52.595062959834515, "oscillation_cost": 188.27034454481674, "completition_cost": 333.33333333333337, "overshoot_cost": 49.383177501151216, "power_cost": 22.2580443359375, "noise_cost": 16.425090634643386, "n_waypoints_completed": 6, "tot_waypoints": 9}}
{"target": -883.6315624814765, "params": {"k_pid_pos": [2.0, 0.9889187216758728, 1.0], "k_pid_alt": [1.9820764064788818, 1.0, 0.013799518346786499], "k_pid_att": [100.0, 0.14822976291179657, 0.9927904605865479], "k_pid_yaw": [0.5, 1e-06, 0.1], "k_pid_hsp": [9.800877571105957, 0.976043164730072, 0.008597880601882935], "k_pid_vsp": [3.3750295639038086, 398.32244873046875, 0.9305129647254944]}, "datetime": {"datetime": "2025-08-21 23:10:03", "elapsed": 51919.98823046684, "delta": 25.417474508285522}, "costs": {"total_cost": 883.6315624814765, "time_cost": 150, "final_distance_cost": 51.01497706771574, "oscillation_cost": 148.97513756360553, "completition_cost": 444.4444444444444, "overshoot_cost": 54.06721208017423, "power_cost": 20.62825662841797, "noise_cost": 14.501534697118638, "n_waypoints_completed": 5, "tot_waypoints": 9}}
{"target": -1052.0009312494728, "params": {"k_pid_pos": [2.0, 0.9975067377090454, 1.0], "k_pid_alt": [1.9254512786865234, 1.0, 0.010704874992370605], "k_pid_att": [100.0, 0.05072619020938873, 0.995888888835907], "k_pid_yaw": [0.5, 1e-06, 0.1], "k_pid_hsp": [9.923077583312988, 0.986668050289154, 0.02040010690689087], "k_pid_vsp": [4.768061637878418, 390.22308349609375, 1.7440567016601562]}, "datetime": {"datetime": "2025-08-21 23:10:26", "elapsed": 51942.79103088379, "delta": 22.80280041694641}, "costs": {"total_cost": 1052.0009312494728, "time_cost": 150, "final_distance_cost": 144.8306262462382, "oscillation_cost": 199.79543772572634, "completition_cost": 444.4444444444444, "overshoot_cost": 74.93368037281932, "power_cost": 21.58858175048828, "noise_cost": 16.4081607097561, "n_waypoints_completed": 5, "tot_waypoints": 9}}
{"target": -681.941034211232, "params": {"k_pid_pos": [2.0, 0.9824495315551758, 1.0], "k_pid_alt": [1.987817406654358, 1.0, 0.03477233648300171], "k_pid_att": [100.0, 0.12114747613668442, 0.994625449180603], "k_pid_yaw": [0.5, 1e-06, 0.1], "k_pid_hsp": [9.74267864227295, 0.955208420753479, 0.0021761059761047363], "k_pid_vsp": [4.079234600067139, 389.6734619140625, 8.145773887634277]}, "datetime": {"datetime": "2025-08-21 23:10:51", "elapsed": 51967.666786670685, "delta": 24.875755786895752}, "costs": {"total_cost": 681.941034211232, "time_cost": 150, "final_distance_cost": 75.0058139331978, "oscillation_cost": 144.1561028804081, "completition_cost": 222.2222222222222, "overshoot_cost": 55.5006035088663, "power_cost": 20.040136938476564, "noise_cost": 15.016154728060949, "n_waypoints_completed": 7, "tot_waypoints": 9}}
{"target": -664.4347025566374, "params": {"k_pid_pos": [2.0, 0.9983080625534058, 1.0], "k_pid_alt": [1.994117021560669, 1.0, 0.01851344108581543], "k_pid_att": [100.0, 0.09924060851335526, 0.9963834285736084], "k_pid_yaw": [0.5, 1e-06, 0.1], "k_pid_hsp": [9.872036933898926, 0.9865074157714844, 0.001399219036102295], "k_pid_vsp": [1.428079605102539, 392.53546142578125, 14.93326473236084]}, "datetime": {"datetime": "2025-08-21 23:11:15", "elapsed": 51991.46089339256, "delta": 23.79410672187805}, "costs": {"total_cost": 664.4347025566374, "time_cost": 150, "final_distance_cost": 68.44000011927713, "oscillation_cost": 121.6617777853598, "completition_cost": 222.2222222222222, "overshoot_cost": 55.41116252081692, "power_cost": 25.892001989746095, "noise_cost": 20.80753791921532, "n_waypoints_completed": 7, "tot_waypoints": 9}}
{"target": -529.7268368905126, "params": {"k_pid_pos": [2.0, 0.9921170473098755, 1.0], "k_pid_alt": [1.9783265590667725, 1.0, 0.0020127594470977783], "k_pid_att": [100.0, 0.004032674711197615, 0.9517088532447815], "k_pid_yaw": [0.5, 1e-06, 0.1], "k_pid_hsp": [9.739933967590332, 0.9840583205223083, 0.012521862983703613], "k_pid_vsp": [2.327096462249756, 398.918212890625, 11.15976619720459]}, "datetime": {"datetime": "2025-08-21 23:11:39", "elapsed": 52015.91622900963, "delta": 24.45533561706543}, "costs": {"total_cost": 529.7268368905126, "time_cost": 150, "final_distance_cost": 14.708038248430263, "oscillation_cost": 154.68585022512556, "completition_cost": 111.11111111111116, "overshoot_cost": 60.21042309922077, "power_cost": 22.732105639648438, "noise_cost": 16.27930856697643, "n_waypoints_completed": 8, "tot_waypoints": 9}}
{"target": -2009.5133292496407, "params": {"k_pid_pos": [2.0, 0.9916206002235413, 1.0], "k_pid_alt": [1.990236520767212, 1.0, 0.005170345306396484], "k_pid_att": [100.0, 0.13401032984256744, 0.9966033697128296], "k_pid_yaw": [0.5, 1e-06, 0.1], "k_pid_hsp": [9.957540512084961, 0.9987990856170654, 0.01376485824584961], "k_pid_vsp": [3.6854147911071777, 394.6372375488281, 17.630924224853516]}, "datetime": {"datetime": "2025-08-21 23:12:04", "elapsed": 52040.91517877579, "delta": 24.998949766159058}, "costs": {"total_cost": 2009.5133292496407, "time_cost": 150, "final_distance_cost": 375.3262675892007, "oscillation_cost": 209.00275514457812, "completition_cost": 777.7777777777778, "overshoot_cost": 468.0715340674505, "power_cost": 16.143432629394532, "noise_cost": 13.19156204123905, "n_waypoints_completed": 2, "tot_waypoints": 9}}
{"target": -700.4434945975697, "params": {"k_pid_pos": [2.0, 0.9561771154403687, 1.0], "k_pid_alt": [1.9107848405838013, 1.0, 0.009909510612487793], "k_pid_att": [100.0, 0.09112164378166199, 0.9694231748580933], "k_pid_yaw": [0.5, 1e-06, 0.1], "k_pid_hsp": [9.945501327514648, 0.9923876523971558, 0.025949567556381226], "k_pid_vsp": [1.0453462600708008, 397.01141357421875, 1.1134157180786133]}, "datetime": {"datetime": "2025-08-21 23:12:27", "elapsed": 52063.89792251587, "delta": 22.982743740081787}, "costs": {"total_cost": 700.4434945975697, "time_cost": 150, "final_distance_cost": 71.29884289141714, "oscillation_cost": 162.69187741665826, "completition_cost": 222.2222222222222, "overshoot_cost": 53.809084655700545, "power_cost": 23.17807506103516, "noise_cost": 17.24339235053644, "n_waypoints_completed": 7, "tot_waypoints": 9}}
{"target": -741.1321572457144, "params": {"k_pid_pos": [2.0, 0.9905698895454407, 1.0], "k_pid_alt": [1.958530306816101, 1.0, 0.021028518676757812], "k_pid_att": [100.0, 0.0356779545545578, 0.9987541437149048], "k_pid_yaw": [0.5, 1e-06, 0.1], "k_pid_hsp": [9.9241361618042, 0.9588419795036316, 0.015448719263076782], "k_pid_vsp": [0.5415916442871094, 397.85650634765625, 3.7457594871520996]}, "datetime": {"datetime": "2025-08-21 23:12:52", "elapsed": 52089.21381664276, "delta": 25.31589412689209}, "costs": {"total_cost": 741.1321572457144, "time_cost": 150, "final_distance_cost": 64.7418434561761, "oscillation_cost": 215.8098894762097, "completition_cost": 222.2222222222222, "overshoot_cost": 53.566756469833784, "power_cost": 20.303651623535156, "noise_cost": 14.48779399773753, "n_waypoints_completed": 7, "tot_waypoints": 9}}
{"target": -702.2767455832454, "params": {"k_pid_pos": [2.0, 0.9835914373397827, 1.0], "k_pid_alt": [1.968745231628418, 1.0, 0.00705602765083313], "k_pid_att": [100.0, 0.4416843354701996, 0.9911349415779114], "k_pid_yaw": [0.5, 1e-06, 0.1], "k_pid_hsp": [9.648301124572754, 0.9860512018203735, 0.0027469396591186523], "k_pid_vsp": [6.909215450286865, 396.59136962890625, 1.1416444778442383]}, "datetime": {"datetime": "2025-08-21 23:13:16", "elapsed": 52113.06442570686, "delta": 23.850609064102173}, "costs": {"total_cost": 702.2767455832454, "time_cost": 150, "final_distance_cost": 72.5267399444763, "oscillation_cost": 165.32731977673296, "completition_cost": 222.2222222222222, "overshoot_cost": 54.32755695167653, "power_cost": 21.765292028808595, "noise_cost": 16.10761465932872, "n_waypoints_completed": 7, "tot_waypoints": 9}}
{"target": -331.21114980821477, "params": {"k_pid_pos": [2.0, 0.9938441514968872, 1.0], "k_pid_alt": [1.9937901496887207, 1.0, 0.028159141540527344], "k_pid_att": [100.0, 0.12576769292354584, 0.9455921649932861], "k_pid_yaw": [0.5, 1e-06, 0.1], "k_pid_hsp": [9.725940704345703, 0.9800591468811035, 0.0037270188331604004], "k_pid_vsp": [3.435230255126953, 396.2334289550781, 25.851728439331055]}, "datetime": {"datetime": "2025-08-21 23:13:38", "elapsed": 52134.830786943436, "delta": 21.766361236572266}, "costs": {"total_cost": 331.21114980821477, "time_cost": 90.712, "final_distance_cost": 1.7841339248300647, "oscillation_cost": 148.1126423310104, "completition_cost": 0.0, "overshoot_cost": 56.95702018150818, "power_cost": 19.45281591796875, "noise_cost": 14.19253745289741, "n_waypoints_completed": 9, "tot_waypoints": 9}}
