{"target": -1274.4767619942531, "params": {"k_pid_pos": [2.0, 0.9632335901260376, 0.46639272570610046], "k_pid_alt": [1.9597525596618652, 1.0, 0.02281239628791809], "k_pid_att": [100.0, 0.17359277606010437, 0.9749807119369507], "k_pid_yaw": [0.5, 1e-06, 0.1], "k_pid_hsp": [9.976858139038086, 0.9828219413757324, 0.01252657175064087], "k_pid_vsp": [15.489363670349121, 387.6198425292969, 18.319120407104492]}, "datetime": {"datetime": "2025-08-21 19:25:37", "elapsed": 38453.80698418617, "delta": 24.422931671142578}, "costs": {"total_cost": 1274.4767619942531, "time_cost": 150, "final_distance_cost": 69.51600373911515, "oscillation_cost": 89.20024896209739, "completition_cost": 888.8888888888888, "overshoot_cost": 41.79851306290341, "power_cost": 20.642804296875003, "noise_cost": 14.430303044373362, "n_waypoints_completed": 1, "tot_waypoints": 9}}
{"target": -702.7928385987129, "params": {"k_pid_pos": [2.0, 0.9937045574188232, 1.0], "k_pid_alt": [1.9827815294265747, 1.0, 0.08556124567985535], "k_pid_att": [99.99980926513672, 0.2005940079689026, 0.9199936985969543], "k_pid_yaw": [0.5, 1e-06, 0.1], "k_pid_hsp": [9.157058715820312, 0.989575982093811, 0.022959113121032715], "k_pid_vsp": [2.997100353240967, 397.5772399902344, 12.747908592224121]}, "datetime": {"datetime": "2025-08-21 19:26:01", "elapsed": 38477.805361032486, "delta": 23.998376846313477}, "costs": {"total_cost": 702.7928385987129, "time_cost": 150, "final_distance_cost": 68.19758060090692, "oscillation_cost": 172.9595131244886, "completition_cost": 222.2222222222222, "overshoot_cost": 52.147300793194226, "power_cost": 21.424237780761718, "noise_cost": 15.841984077139355, "n_waypoints_completed": 7, "tot_waypoints": 9}}
{"target": -895.2558621866273, "params": {"k_pid_pos": [2.0, 0.988838255405426, 1.0], "k_pid_alt": [1.9573612213134766, 1.0, 0.002440035343170166], "k_pid_att": [100.0, 0.3624317944049835, 0.988715410232544], "k_pid_yaw": [0.5, 1e-06, 0.1], "k_pid_hsp": [8.84073543548584, 0.9871354699134827, 0.02236047387123108], "k_pid_vsp": [4.8746466636657715, 395.5992126464844, 3.109038829803467]}, "datetime": {"datetime": "2025-08-21 19:26:24", "elapsed": 38501.144523620605, "delta": 23.339162588119507}, "costs": {"total_cost": 895.2558621866273, "time_cost": 150, "final_distance_cost": 56.56791493038662, "oscillation_cost": 153.09475876895766, "completition_cost": 444.4444444444444, "overshoot_cost": 55.51944033712516, "power_cost": 19.950961901855468, "noise_cost": 15.678341803857839, "n_waypoints_completed": 5, "tot_waypoints": 9}}
{"target": -705.1849978611699, "params": {"k_pid_pos": [2.0, 0.9834251999855042, 1.0], "k_pid_alt": [1.9919196367263794, 1.0, 0.09034234285354614], "k_pid_att": [100.0, 0.08211159706115723, 0.9676634073257446], "k_pid_yaw": [0.5, 1e-06, 0.1], "k_pid_hsp": [9.88143539428711, 0.9807301759719849, 0.04379826784133911], "k_pid_vsp": [1.8772482872009277, 390.2621765136719, 50.08299255371094]}, "datetime": {"datetime": "2025-08-21 19:26:49", "elapsed": 38526.03916335106, "delta": 24.89463973045349}, "costs": {"total_cost": 705.1849978611699, "time_cost": 150, "final_distance_cost": 77.36234226516054, "oscillation_cost": 169.03072097511256, "completition_cost": 222.2222222222222, "overshoot_cost": 52.418533588021894, "power_cost": 19.127185998535158, "noise_cost": 15.023992812117472, "n_waypoints_completed": 7, "tot_waypoints": 9}}
{"target": -1046.5883155838146, "params": {"k_pid_pos": [2.0, 0.9911092519760132, 0.023619353771209717], "k_pid_alt": [1.994417667388916, 1.0, 0.0022851228713989258], "k_pid_att": [100.0, 0.04143749549984932, 0.9764061570167542], "k_pid_yaw": [0.5, 1e-06, 0.1], "k_pid_hsp": [9.918752670288086, 0.9796182513237, 0.002008676528930664], "k_pid_vsp": [0.6090521812438965, 396.23394775390625, 1.4326105117797852]}, "datetime": {"datetime": "2025-08-21 19:27:14", "elapsed": 38551.01670217514, "delta": 24.97753882408142}, "costs": {"total_cost": 1046.5883155838146, "time_cost": 150, "final_distance_cost": 51.8065080249358, "oscillation_cost": 82.50861012530552, "completition_cost": 666.6666666666667, "overshoot_cost": 54.25056206967958, "power_cost": 23.553132214355468, "noise_cost": 17.802836482871474, "n_waypoints_completed": 3, "tot_waypoints": 9}}
{"target": -318.8126594659056, "params": {"k_pid_pos": [1.9999982118606567, 0.9609842300415039, 1.0], "k_pid_alt": [1.9326210021972656, 1.0, 0.021032214164733887], "k_pid_att": [100.0, 0.2501377761363983, 0.8912006616592407], "k_pid_yaw": [0.5, 1e-06, 0.1], "k_pid_hsp": [9.961115837097168, 0.9957424402236938, 0.0029648542404174805], "k_pid_vsp": [0.8240342140197754, 385.6469421386719, 6.906355381011963]}, "datetime": {"datetime": "2025-08-21 19:27:35", "elapsed": 38572.42751836777, "delta": 21.410816192626953}, "costs": {"total_cost": 318.8126594659056, "time_cost": 92.21600000000001, "final_distance_cost": 1.72729902310689, "oscillation_cost": 137.7614791239231, "completition_cost": 0.0, "overshoot_cost": 58.71430779318675, "power_cost": 16.045076867675782, "noise_cost": 12.34849665801307, "n_waypoints_completed": 9, "tot_waypoints": 9}}
{"target": -1388.5052582552119, "params": {"k_pid_pos": [2.0, 0.9791505932807922, 0.9999996423721313], "k_pid_alt": [1.8485894203186035, 1.0, 0.024951279163360596], "k_pid_att": [100.0, 0.10737983882427216, 0.9776754975318909], "k_pid_yaw": [0.5, 1e-06, 0.1], "k_pid_hsp": [9.959375381469727, 0.9983772039413452, 0.0035292506217956543], "k_pid_vsp": [22.916698455810547, 389.05902099609375, 2.405656337738037]}, "datetime": {"datetime": "2025-08-21 19:28:00", "elapsed": 38596.55225396156, "delta": 24.124735593795776}, "costs": {"total_cost": 1388.5052582552119, "time_cost": 150, "final_distance_cost": 329.83879393246366, "oscillation_cost": 152.10834424454418, "completition_cost": 555.5555555555555, "overshoot_cost": 171.6917110090589, "power_cost": 15.764117736816408, "noise_cost": 13.546735776773069, "n_waypoints_completed": 4, "tot_waypoints": 9}}
{"target": -708.1202569746214, "params": {"k_pid_pos": [2.0, 0.9901430606842041, 0.6499488353729248], "k_pid_alt": [1.985230803489685, 1.0, 0.01311919093132019], "k_pid_att": [100.0, 0.1886138916015625, 0.9759992361068726], "k_pid_yaw": [0.5, 1e-06, 0.1], "k_pid_hsp": [9.913311958312988, 0.9784112572669983, 0.05122500658035278], "k_pid_vsp": [7.263517379760742, 389.0119323730469, 18.553306579589844]}, "datetime": {"datetime": "2025-08-21 19:28:24", "elapsed": 38620.951647520065, "delta": 24.399393558502197}, "costs": {"total_cost": 708.1202569746214, "time_cost": 150, "final_distance_cost": 69.62069949382108, "oscillation_cost": 168.1856523349041, "completition_cost": 222.2222222222222, "overshoot_cost": 55.30372687877285, "power_cost": 23.26827471923828, "noise_cost": 19.519681325662905, "n_waypoints_completed": 7, "tot_waypoints": 9}}
{"target": -802.1161717300606, "params": {"k_pid_pos": [1.9999926090240479, 0.9951949119567871, 1.0], "k_pid_alt": [1.9937100410461426, 1.0, 0.0013991296291351318], "k_pid_att": [100.0, 0.21005764603614807, 0.9982787370681763], "k_pid_yaw": [0.5, 1e-06, 0.1], "k_pid_hsp": [9.268843650817871, 0.9689388871192932, 0.14845949411392212], "k_pid_vsp": [4.775643348693848, 393.75372314453125, 9.176684379577637]}, "datetime": {"datetime": "2025-08-21 19:28:47", "elapsed": 38644.38551044464, "delta": 23.433862924575806}, "costs": {"total_cost": 802.1161717300606, "time_cost": 150, "final_distance_cost": 60.617979081963, "oscillation_cost": 161.93408763071093, "completition_cost": 333.33333333333337, "overshoot_cost": 57.56729767649903, "power_cost": 22.114521337890626, "noise_cost": 16.548952669663542, "n_waypoints_completed": 6, "tot_waypoints": 9}}
{"target": -736.3785761567926, "params": {"k_pid_pos": [2.0, 0.971245288848877, 1.0], "k_pid_alt": [1.9352753162384033, 1.0, 0.029266357421875], "k_pid_att": [100.0, 0.048131030052900314, 0.9862028360366821], "k_pid_yaw": [0.5, 1e-06, 0.1], "k_pid_hsp": [9.744028091430664, 0.9968445301055908, 0.0232638418674469], "k_pid_vsp": [16.67686653137207, 390.2087097167969, 2.7247796058654785]}, "datetime": {"datetime": "2025-08-21 19:29:13", "elapsed": 38669.82065463066, "delta": 25.435144186019897}, "costs": {"total_cost": 736.3785761567926, "time_cost": 150, "final_distance_cost": 75.9023027707081, "oscillation_cost": 198.4527618526035, "completition_cost": 222.2222222222222, "overshoot_cost": 51.79199984430826, "power_cost": 21.192035791015627, "noise_cost": 16.817253675934904, "n_waypoints_completed": 7, "tot_waypoints": 9}}
{"target": -904.2412481174168, "params": {"k_pid_pos": [2.0, 0.9948904514312744, 1.0], "k_pid_alt": [1.944588541984558, 1.0, 0.0006298720836639404], "k_pid_att": [100.0, 0.060285784304142, 0.9903119802474976], "k_pid_yaw": [0.5, 1e-06, 0.1], "k_pid_hsp": [9.919039726257324, 0.998710036277771, 0.047720104455947876], "k_pid_vsp": [5.679178237915039, 399.37139892578125, 3.1625399589538574]}, "datetime": {"datetime": "2025-08-21 19:29:36", "elapsed": 38693.0552945137, "delta": 23.234639883041382}, "costs": {"total_cost": 904.2412481174168, "time_cost": 150, "final_distance_cost": 52.555719544331595, "oscillation_cost": 167.68868879827883, "completition_cost": 444.4444444444444, "overshoot_cost": 58.45183257212988, "power_cost": 17.911446191406252, "noise_cost": 13.189116566825774, "n_waypoints_completed": 5, "tot_waypoints": 9}}
{"target": -572.2408072071447, "params": {"k_pid_pos": [2.0, 0.9568076133728027, 0.6352478265762329], "k_pid_alt": [1.991598129272461, 1.0, 0.03273367881774902], "k_pid_att": [100.0, 0.29440152645111084, 0.9947490692138672], "k_pid_yaw": [0.5, 1e-06, 0.1], "k_pid_hsp": [9.930898666381836, 0.8810110092163086, 0.015251487493515015], "k_pid_vsp": [9.960687637329102, 398.96356201171875, 3.0049691200256348]}, "datetime": {"datetime": "2025-08-21 19:30:02", "elapsed": 38719.13347673416, "delta": 26.078182220458984}, "costs": {"total_cost": 572.2408072071447, "time_cost": 150, "final_distance_cost": 66.64814383154231, "oscillation_cost": 151.64729307444986, "completition_cost": 111.11111111111116, "overshoot_cost": 52.84901992173753, "power_cost": 23.056386779785157, "noise_cost": 16.928852488518743, "n_waypoints_completed": 8, "tot_waypoints": 9}}
{"target": -951.5126423349355, "params": {"k_pid_pos": [2.0, 0.9739067554473877, 0.9999995231628418], "k_pid_alt": [1.978292465209961, 1.0, 0.03569233417510986], "k_pid_att": [100.0, 0.07994290441274643, 0.9795892238616943], "k_pid_yaw": [0.5, 1e-06, 0.1], "k_pid_hsp": [9.785266876220703, 0.9946057200431824, 0.02430623769760132], "k_pid_vsp": [3.743767738342285, 384.8695373535156, 5.779696464538574]}, "datetime": {"datetime": "2025-08-21 19:30:25", "elapsed": 38742.16918826103, "delta": 23.035711526870728}, "costs": {"total_cost": 951.5126423349355, "time_cost": 150, "final_distance_cost": 60.37579822990636, "oscillation_cost": 211.88804272608184, "completition_cost": 444.4444444444444, "overshoot_cost": 50.597156941030526, "power_cost": 19.125738720703126, "noise_cost": 15.08146127276922, "n_waypoints_completed": 5, "tot_waypoints": 9}}
{"target": -591.5860070650596, "params": {"k_pid_pos": [2.0, 0.9359586834907532, 1.0], "k_pid_alt": [1.9912660121917725, 1.0, 0.20291191339492798], "k_pid_att": [100.0, 0.2867680490016937, 0.9833126068115234], "k_pid_yaw": [0.5, 1e-06, 0.1], "k_pid_hsp": [9.835290908813477, 0.9979377388954163, 0.010274022817611694], "k_pid_vsp": [20.063091278076172, 385.9502868652344, 4.320550918579102]}, "datetime": {"datetime": "2025-08-21 19:30:49", "elapsed": 38766.276661872864, "delta": 24.107473611831665}, "costs": {"total_cost": 591.5860070650596, "time_cost": 150, "final_distance_cost": 55.91098942401604, "oscillation_cost": 176.196381349094, "completition_cost": 111.11111111111116, "overshoot_cost": 55.469194391121185, "power_cost": 24.33766297607422, "noise_cost": 18.560667813643065, "n_waypoints_completed": 8, "tot_waypoints": 9}}
{"target": -823.7906015329489, "params": {"k_pid_pos": [2.0, 0.9846546053886414, 1.0], "k_pid_alt": [1.9583945274353027, 1.0, 0.030158400535583496], "k_pid_att": [100.0, 0.18229378759860992, 0.9961912631988525], "k_pid_yaw": [0.5, 1e-06, 0.1], "k_pid_hsp": [9.855048179626465, 0.9902544021606445, 0.010127842426300049], "k_pid_vsp": [2.0327329635620117, 396.9983215332031, 6.832362174987793]}, "datetime": {"datetime": "2025-08-21 19:31:14", "elapsed": 38790.85567641258, "delta": 24.579014539718628}, "costs": {"total_cost": 823.7906015329489, "time_cost": 150, "final_distance_cost": 75.99432092820948, "oscillation_cost": 179.81836190882572, "completition_cost": 333.33333333333337, "overshoot_cost": 53.16550928629431, "power_cost": 17.977511169433594, "noise_cost": 13.501564906852582, "n_waypoints_completed": 6, "tot_waypoints": 9}}
{"target": -611.2720561601113, "params": {"k_pid_pos": [2.0, 0.9969817996025085, 1.0], "k_pid_alt": [1.9680304527282715, 0.9999997615814209, 0.0028066933155059814], "k_pid_att": [100.0, 0.1480196714401245, 0.9939146041870117], "k_pid_yaw": [0.5, 1e-06, 0.1], "k_pid_hsp": [9.958255767822266, 0.9978739023208618, 0.023692697286605835], "k_pid_vsp": [20.96784210205078, 393.90093994140625, 13.052512168884277]}, "datetime": {"datetime": "2025-08-21 19:31:37", "elapsed": 38814.03486418724, "delta": 23.179187774658203}, "costs": {"total_cost": 611.2720561601113, "time_cost": 150, "final_distance_cost": 67.08406656511943, "oscillation_cost": 190.33115120671704, "completition_cost": 111.11111111111116, "overshoot_cost": 52.3366801958867, "power_cost": 22.67557604980469, "noise_cost": 17.733471031472316, "n_waypoints_completed": 8, "tot_waypoints": 9}}
{"target": -687.7324313444699, "params": {"k_pid_pos": [2.0, 0.9635545611381531, 0.9999737739562988], "k_pid_alt": [1.986445665359497, 1.0, 0.012820124626159668], "k_pid_att": [100.0, 0.08534511178731918, 0.9933410286903381], "k_pid_yaw": [0.5, 1e-06, 0.1], "k_pid_hsp": [9.854386329650879, 0.9849852323532104, 0.00913459062576294], "k_pid_vsp": [2.2060155868530273, 386.8949890136719, 3.4204254150390625]}, "datetime": {"datetime": "2025-08-21 19:32:03", "elapsed": 38839.64679527283, "delta": 25.611931085586548}, "costs": {"total_cost": 687.7324313444699, "time_cost": 150, "final_distance_cost": 65.51934943472305, "oscillation_cost": 157.18286346688674, "completition_cost": 222.2222222222222, "overshoot_cost": 54.54487120588986, "power_cost": 22.72368474121094, "noise_cost": 15.539440273537123, "n_waypoints_completed": 7, "tot_waypoints": 9}}
{"target": -1047.7612578443948, "params": {"k_pid_pos": [2.0, 0.994340181350708, 3.30507755279541e-05], "k_pid_alt": [1.9340322017669678, 1.0, 0.004157841205596924], "k_pid_att": [100.0, 0.2608664929866791, 0.9953791499137878], "k_pid_yaw": [0.5, 1e-06, 0.1], "k_pid_hsp": [9.903091430664062, 0.9836366772651672, 0.0025210678577423096], "k_pid_vsp": [1.9705891609191895, 396.5580749511719, 1.9113669395446777]}, "datetime": {"datetime": "2025-08-21 19:32:26", "elapsed": 38863.03962469101, "delta": 23.392829418182373}, "costs": {"total_cost": 1047.7612578443948, "time_cost": 150, "final_distance_cost": 52.39179383482642, "oscillation_cost": 90.96860967790056, "completition_cost": 666.6666666666667, "overshoot_cost": 50.521456639608076, "power_cost": 21.627209777832032, "noise_cost": 15.585521247561111, "n_waypoints_completed": 3, "tot_waypoints": 9}}
{"target": -870.4613739080662, "params": {"k_pid_pos": [2.0, 0.9902511835098267, 1.0], "k_pid_alt": [1.9775197505950928, 1.0, 0.12056398391723633], "k_pid_att": [100.0, 0.10820386558771133, 0.949084997177124], "k_pid_yaw": [0.5, 1e-06, 0.1], "k_pid_hsp": [9.961241722106934, 0.9953587055206299, 0.022683829069137573], "k_pid_vsp": [14.013517379760742, 398.74285888671875, 3.8193116188049316]}, "datetime": {"datetime": "2025-08-21 19:32:51", "elapsed": 38887.57014584541, "delta": 24.530521154403687}, "costs": {"total_cost": 870.4613739080662, "time_cost": 150, "final_distance_cost": 50.383201862189715, "oscillation_cost": 114.9313683989404, "completition_cost": 444.4444444444444, "overshoot_cost": 58.70481560476832, "power_cost": 28.192731225585938, "noise_cost": 23.80481237213738, "n_waypoints_completed": 5, "tot_waypoints": 9}}
{"target": -859.1154662726954, "params": {"k_pid_pos": [2.0, 0.9691677093505859, 0.9995266199111938], "k_pid_alt": [1.9978641271591187, 1.0, 0.029532194137573242], "k_pid_att": [100.0, 0.2109600454568863, 0.980931282043457], "k_pid_yaw": [0.5, 1e-06, 0.1], "k_pid_hsp": [9.748677253723145, 0.9853110909461975, 0.010922044515609741], "k_pid_vsp": [37.735511779785156, 399.26580810546875, 43.87836456298828]}, "datetime": {"datetime": "2025-08-21 19:33:15", "elapsed": 38912.157675266266, "delta": 24.58752942085266}, "costs": {"total_cost": 859.1154662726954, "time_cost": 150, "final_distance_cost": 44.1519209636929, "oscillation_cost": 130.3192359284346, "completition_cost": 444.4444444444444, "overshoot_cost": 50.24512891815546, "power_cost": 22.487424365234375, "noise_cost": 17.4673116527337, "n_waypoints_completed": 5, "tot_waypoints": 9}}
{"target": -1345.402558034468, "params": {"k_pid_pos": [2.0, 0.9678087830543518, 0.999918520450592], "k_pid_alt": [1.8677196502685547, 1.0, 0.01603880524635315], "k_pid_att": [100.0, 0.36854061484336853, 0.9912757873535156], "k_pid_yaw": [0.5, 1e-06, 0.1], "k_pid_hsp": [9.964303016662598, 0.9949477314949036, 0.00462031364440918], "k_pid_vsp": [9.758460998535156, 376.4564514160156, 4.534495830535889]}, "datetime": {"datetime": "2025-08-21 19:33:39", "elapsed": 38935.45137786865, "delta": 23.293702602386475}, "costs": {"total_cost": 1345.402558034468, "time_cost": 150, "final_distance_cost": 131.64441932039998, "oscillation_cost": 214.0969687319763, "completition_cost": 666.6666666666667, "overshoot_cost": 154.0002433623579, "power_cost": 15.569012963867188, "noise_cost": 13.4252469892001, "n_waypoints_completed": 3, "tot_waypoints": 9}}
{"target": -1205.651959100958, "params": {"k_pid_pos": [2.0, 0.9584733247756958, 1.0609626770019531e-05], "k_pid_alt": [1.975215196609497, 1.0, 0.02123945951461792], "k_pid_att": [100.0, 0.07382603734731674, 0.9803220629692078], "k_pid_yaw": [0.5, 1e-06, 0.1], "k_pid_hsp": [9.831401824951172, 0.9944362640380859, 0.022713035345077515], "k_pid_vsp": [4.481136798858643, 382.6085510253906, 1.7359623908996582]}, "datetime": {"datetime": "2025-08-21 19:34:03", "elapsed": 38959.50301575661, "delta": 24.051637887954712}, "costs": {"total_cost": 1205.651959100958, "time_cost": 150, "final_distance_cost": 85.69675939594836, "oscillation_cost": 121.95218181700368, "completition_cost": 777.7777777777778, "overshoot_cost": 39.55528828238949, "power_cost": 17.65847565917969, "noise_cost": 13.0114761686592, "n_waypoints_completed": 2, "tot_waypoints": 9}}
{"target": -1292.0669686247957, "params": {"k_pid_pos": [2.0, 0.9585644006729126, 0.0049780309200286865], "k_pid_alt": [1.9907231330871582, 1.0, 0.0033857226371765137], "k_pid_att": [100.0, 0.2520245313644409, 0.9675296545028687], "k_pid_yaw": [0.5, 1e-06, 0.1], "k_pid_hsp": [9.942376136779785, 0.9916443228721619, 0.028008490800857544], "k_pid_vsp": [2.187812328338623, 398.7064208984375, 4.715646266937256]}, "datetime": {"datetime": "2025-08-21 19:34:26", "elapsed": 38983.09637451172, "delta": 23.593358755111694}, "costs": {"total_cost": 1292.0669686247957, "time_cost": 150, "final_distance_cost": 75.59253254483413, "oscillation_cost": 93.97911237491256, "completition_cost": 888.8888888888888, "overshoot_cost": 49.083017832539035, "power_cost": 20.383344140625002, "noise_cost": 14.140072842996062, "n_waypoints_completed": 1, "tot_waypoints": 9}}
{"target": -915.6567394588116, "params": {"k_pid_pos": [2.0, 0.9920740127563477, 0.9999761581420898], "k_pid_alt": [1.9715707302093506, 1.0, 0.055341243743896484], "k_pid_att": [100.0, 0.40628698468208313, 0.9981913566589355], "k_pid_yaw": [0.5, 1e-06, 0.1], "k_pid_hsp": [9.893288612365723, 0.9896172881126404, 0.034742504358291626], "k_pid_vsp": [4.365718364715576, 398.9044189453125, 7.405007839202881]}, "datetime": {"datetime": "2025-08-21 19:34:50", "elapsed": 39006.75253248215, "delta": 23.656157970428467}, "costs": {"total_cost": 915.6567394588116, "time_cost": 150, "final_distance_cost": 61.721786036658244, "oscillation_cost": 168.80181089617594, "completition_cost": 444.4444444444444, "overshoot_cost": 54.577836064654186, "power_cost": 20.635755639648437, "noise_cost": 15.475106377230377, "n_waypoints_completed": 5, "tot_waypoints": 9}}
{"target": -695.275855970464, "params": {"k_pid_pos": [2.0, 0.9711730480194092, 0.9990497827529907], "k_pid_alt": [1.9800686836242676, 1.0, 0.02548465132713318], "k_pid_att": [100.0, 0.0957406535744667, 0.9793363213539124], "k_pid_yaw": [0.5, 1e-06, 0.1], "k_pid_hsp": [9.84313678741455, 0.9943726062774658, 0.03294524550437927], "k_pid_vsp": [2.957308292388916, 393.3548889160156, 1.0494837760925293]}, "datetime": {"datetime": "2025-08-21 19:35:14", "elapsed": 39030.973739147186, "delta": 24.221206665039062}, "costs": {"total_cost": 695.275855970464, "time_cost": 150, "final_distance_cost": 73.70527575312092, "oscillation_cost": 160.42501466872775, "completition_cost": 222.2222222222222, "overshoot_cost": 50.68994154560377, "power_cost": 22.75511561279297, "noise_cost": 15.47828616799631, "n_waypoints_completed": 7, "tot_waypoints": 9}}
