{"target": -1055.4943486653995, "params": {"k_pid_pos": [1.997442364692688, 0.9789832234382629, 0.0], "k_pid_alt": [1.8552343845367432, 1.0, 0.002707749605178833], "k_pid_att": [100.0, 0.0621841736137867, 0.9852303862571716], "k_pid_yaw": [0.5, 1e-06, 0.1], "k_pid_hsp": [9.921818733215332, 0.9951518774032593, 0.014123648405075073], "k_pid_vsp": [2.4167299270629883, 391.7702941894531, 7.964218616485596]}, "datetime": {"datetime": "2025-08-21 17:25:15", "elapsed": 31232.207340478897, "delta": 23.661630630493164}, "costs": {"total_cost": 1055.4943486653995, "time_cost": 150, "final_distance_cost": 58.294213797646805, "oscillation_cost": 82.28101736320487, "completition_cost": 666.6666666666667, "overshoot_cost": 59.81405912041217, "power_cost": 22.910940380859376, "noise_cost": 15.527451336609644, "n_waypoints_completed": 3, "tot_waypoints": 9}}
{"target": -724.5105699156463, "params": {"k_pid_pos": [2.0, 0.9609934091567993, 0.9782031178474426], "k_pid_alt": [1.985887050628662, 1.0, 0.017794162034988403], "k_pid_att": [100.0, 0.19008730351924896, 0.9954942464828491], "k_pid_yaw": [0.5, 1e-06, 0.1], "k_pid_hsp": [9.926509857177734, 0.9712567329406738, 0.028974324464797974], "k_pid_vsp": [29.654682159423828, 395.0815734863281, 5.731881618499756]}, "datetime": {"datetime": "2025-08-21 17:25:38", "elapsed": 31255.136467456818, "delta": 22.929126977920532}, "costs": {"total_cost": 724.5105699156463, "time_cost": 150, "final_distance_cost": 73.60393055116192, "oscillation_cost": 188.1896912276426, "completition_cost": 222.2222222222222, "overshoot_cost": 51.73174456497444, "power_cost": 21.633971740722657, "noise_cost": 17.12900960892248, "n_waypoints_completed": 7, "tot_waypoints": 9}}
{"target": -1258.1821853247181, "params": {"k_pid_pos": [2.0, 0.9895559549331665, 8.940696716308594e-08], "k_pid_alt": [1.988961100578308, 1.0, 0.00027045607566833496], "k_pid_att": [100.0, 0.046223998069763184, 0.9897186756134033], "k_pid_yaw": [0.5, 1e-06, 0.1], "k_pid_hsp": [9.766748428344727, 0.9870384931564331, 0.001277923583984375], "k_pid_vsp": [4.0192484855651855, 379.78936767578125, 19.645729064941406]}, "datetime": {"datetime": "2025-08-21 17:26:01", "elapsed": 31278.341561555862, "delta": 23.2050940990448}, "costs": {"total_cost": 1258.1821853247181, "time_cost": 150, "final_distance_cost": 67.71964834584195, "oscillation_cost": 68.55681678826024, "completition_cost": 888.8888888888888, "overshoot_cost": 40.149118373664166, "power_cost": 25.649491601562502, "noise_cost": 17.21822132650067, "n_waypoints_completed": 1, "tot_waypoints": 9}}
{"target": -1272.273526567892, "params": {"k_pid_pos": [2.0, 0.9851278066635132, 0.07727497816085815], "k_pid_alt": [1.9617838859558105, 0.9995923042297363, 0.006123483180999756], "k_pid_att": [100.0, 0.09036288410425186, 0.9185117483139038], "k_pid_yaw": [0.5, 1e-06, 0.1], "k_pid_hsp": [9.72011947631836, 0.9950210452079773, 0.0015316605567932129], "k_pid_vsp": [0.5652546882629395, 382.75054931640625, 12.199915885925293]}, "datetime": {"datetime": "2025-08-21 17:26:26", "elapsed": 31302.498339176178, "delta": 24.15677762031555}, "costs": {"total_cost": 1272.273526567892, "time_cost": 150, "final_distance_cost": 70.34652740087546, "oscillation_cost": 85.15806541921661, "completition_cost": 888.8888888888888, "overshoot_cost": 42.19245119479188, "power_cost": 21.129699060058595, "noise_cost": 14.55789460406096, "n_waypoints_completed": 1, "tot_waypoints": 9}}
{"target": -1216.02348749704, "params": {"k_pid_pos": [2.0, 0.9815505743026733, 0.0], "k_pid_alt": [1.9687280654907227, 1.0, 0.05521056056022644], "k_pid_att": [99.99935150146484, 0.21149052679538727, 0.9958847165107727], "k_pid_yaw": [0.5, 1e-06, 0.1], "k_pid_hsp": [9.892552375793457, 0.9508689641952515, 0.043608784675598145], "k_pid_vsp": [5.8161139488220215, 397.6643981933594, 11.759592056274414]}, "datetime": {"datetime": "2025-08-21 17:26:50", "elapsed": 31326.58029437065, "delta": 24.081955194473267}, "costs": {"total_cost": 1216.02348749704, "time_cost": 150, "final_distance_cost": 87.5875530811835, "oscillation_cost": 126.58723038170623, "completition_cost": 777.7777777777778, "overshoot_cost": 38.05803203837448, "power_cost": 21.13134901123047, "noise_cost": 14.881545206767393, "n_waypoints_completed": 2, "tot_waypoints": 9}}
{"target": -917.7306249299844, "params": {"k_pid_pos": [2.0, 0.9830881357192993, 0.2952476739883423], "k_pid_alt": [1.981251835823059, 0.9999951720237732, 0.030854374170303345], "k_pid_att": [100.0, 0.296043336391449, 0.9807870388031006], "k_pid_yaw": [0.5, 1e-06, 0.1], "k_pid_hsp": [9.883913040161133, 0.970489501953125, 0.009900063276290894], "k_pid_vsp": [43.03040313720703, 398.016845703125, 2.3782501220703125]}, "datetime": {"datetime": "2025-08-21 17:27:14", "elapsed": 31350.503601789474, "delta": 23.923307418823242}, "costs": {"total_cost": 917.7306249299844, "time_cost": 150, "final_distance_cost": 45.746571381475334, "oscillation_cost": 73.6826153344955, "completition_cost": 555.5555555555555, "overshoot_cost": 54.86831171574681, "power_cost": 21.187053552246095, "noise_cost": 16.690517390465136, "n_waypoints_completed": 4, "tot_waypoints": 9}}
{"target": -666.3316663873632, "params": {"k_pid_pos": [2.0, 0.9536252021789551, 1.0], "k_pid_alt": [1.9408371448516846, 1.0, 0.017203927040100098], "k_pid_att": [100.0, 0.08255266398191452, 0.9836509227752686], "k_pid_yaw": [0.5, 1e-06, 0.1], "k_pid_hsp": [9.889981269836426, 0.999323844909668, 0.0471625030040741], "k_pid_vsp": [9.364355087280273, 392.0945739746094, 6.524766445159912]}, "datetime": {"datetime": "2025-08-21 17:27:37", "elapsed": 31374.354981422424, "delta": 23.85137963294983}, "costs": {"total_cost": 666.3316663873632, "time_cost": 150, "final_distance_cost": 69.51511263219788, "oscillation_cost": 123.59475372120338, "completition_cost": 222.2222222222222, "overshoot_cost": 57.52622791253024, "power_cost": 24.77610606689453, "noise_cost": 18.69724383231504, "n_waypoints_completed": 7, "tot_waypoints": 9}}
{"target": -987.9376699134084, "params": {"k_pid_pos": [2.0, 0.9936473369598389, 0.5482400059700012], "k_pid_alt": [1.9034287929534912, 1.0, 0.09019863605499268], "k_pid_att": [100.0, 0.12283963710069656, 0.9899439811706543], "k_pid_yaw": [0.5, 1e-06, 0.1], "k_pid_hsp": [9.082798957824707, 0.9872571229934692, 0.11390814185142517], "k_pid_vsp": [2.342712879180908, 396.8354797363281, 2.7612457275390625]}, "datetime": {"datetime": "2025-08-21 17:28:00", "elapsed": 31397.055159807205, "delta": 22.700178384780884}, "costs": {"total_cost": 987.9376699134084, "time_cost": 150, "final_distance_cost": 48.5255051514029, "oscillation_cost": 143.45217157601328, "completition_cost": 555.5555555555555, "overshoot_cost": 49.26441305453429, "power_cost": 23.81479324951172, "noise_cost": 17.32523132639065, "n_waypoints_completed": 4, "tot_waypoints": 9}}
{"target": -1055.3208517494447, "params": {"k_pid_pos": [2.0, 0.9469821453094482, 4.1425228118896484e-06], "k_pid_alt": [1.9273135662078857, 1.0, 0.004263430833816528], "k_pid_att": [100.0, 1.4050616025924683, 0.9760066270828247], "k_pid_yaw": [0.5, 1e-06, 0.1], "k_pid_hsp": [9.892168998718262, 0.9794067144393921, 0.00420573353767395], "k_pid_vsp": [3.070509433746338, 382.9581298828125, 4.472697734832764]}, "datetime": {"datetime": "2025-08-21 17:28:24", "elapsed": 31421.166656017303, "delta": 24.111496210098267}, "costs": {"total_cost": 1055.3208517494447, "time_cost": 150, "final_distance_cost": 53.172521285893396, "oscillation_cost": 99.14377663850745, "completition_cost": 666.6666666666667, "overshoot_cost": 56.0227347340214, "power_cost": 17.093059802246096, "noise_cost": 13.22209262210987, "n_waypoints_completed": 3, "tot_waypoints": 9}}
{"target": -1313.7762443269144, "params": {"k_pid_pos": [0.006178296636790037, 0.970599889755249, 0.9999999403953552], "k_pid_alt": [1.9870476722717285, 1.8835067749023438e-05, 0.029588520526885986], "k_pid_att": [100.0, 0.054037194699048996, 0.9812481999397278], "k_pid_yaw": [0.5, 1e-06, 0.1], "k_pid_hsp": [9.741240501403809, 0.8672178983688354, 0.012012511491775513], "k_pid_vsp": [5.865061283111572, 388.974853515625, 16.866352081298828]}, "datetime": {"datetime": "2025-08-21 17:28:48", "elapsed": 31445.144693374634, "delta": 23.978037357330322}, "costs": {"total_cost": 1313.7762443269144, "time_cost": 150, "final_distance_cost": 67.16250183705513, "oscillation_cost": 132.30000509424022, "completition_cost": 888.8888888888888, "overshoot_cost": 33.29802685019771, "power_cost": 25.093040856933595, "noise_cost": 17.03378079959881, "n_waypoints_completed": 1, "tot_waypoints": 9}}
{"target": -926.9484985513404, "params": {"k_pid_pos": [2.0, 0.781903862953186, 0.0002967417240142822], "k_pid_alt": [1.958486557006836, 0.9999908208847046, 0.020582646131515503], "k_pid_att": [99.99649810791016, 0.10868129134178162, 0.9898370504379272], "k_pid_yaw": [0.5, 1e-06, 0.1], "k_pid_hsp": [9.937239646911621, 0.9857978820800781, 0.004740804433822632], "k_pid_vsp": [8.8292236328125, 392.7956237792969, 62.79313659667969]}, "datetime": {"datetime": "2025-08-21 17:29:12", "elapsed": 31469.14859032631, "delta": 24.003896951675415}, "costs": {"total_cost": 926.9484985513404, "time_cost": 150, "final_distance_cost": 44.85019753101479, "oscillation_cost": 78.35990187243124, "completition_cost": 555.5555555555555, "overshoot_cost": 60.483674051297506, "power_cost": 21.292432250976564, "noise_cost": 16.406737290064672, "n_waypoints_completed": 4, "tot_waypoints": 9}}
{"target": -1289.7835413401713, "params": {"k_pid_pos": [2.0, 0.9963922500610352, 5.334615707397461e-06], "k_pid_alt": [1.951770305633545, 1.0, 0.02982577681541443], "k_pid_att": [99.99993896484375, 0.1439773142337799, 0.9858006238937378], "k_pid_yaw": [0.5, 1e-06, 0.1], "k_pid_hsp": [9.767239570617676, 0.9705810546875, 0.02814546227455139], "k_pid_vsp": [12.108159065246582, 398.1414794921875, 21.473909378051758]}, "datetime": {"datetime": "2025-08-21 17:29:36", "elapsed": 31493.399908304214, "delta": 24.251317977905273}, "costs": {"total_cost": 1289.7835413401713, "time_cost": 150, "final_distance_cost": 62.5714459212231, "oscillation_cost": 112.24652945955599, "completition_cost": 888.8888888888888, "overshoot_cost": 45.26649934465598, "power_cost": 17.67338045654297, "noise_cost": 13.13679726930447, "n_waypoints_completed": 1, "tot_waypoints": 9}}
{"target": -355.2413285620072, "params": {"k_pid_pos": [1.999985933303833, 0.9966841340065002, 0.9999985098838806], "k_pid_alt": [1.9896574020385742, 1.0, 0.12038421630859375], "k_pid_att": [94.41070556640625, 0.030394352972507477, 0.9931333065032959], "k_pid_yaw": [0.5, 1e-06, 0.1], "k_pid_hsp": [9.521547317504883, 0.8843966722488403, 0.03393024206161499], "k_pid_vsp": [7.154643535614014, 351.4847412109375, 3.464151382446289]}, "datetime": {"datetime": "2025-08-21 17:30:00", "elapsed": 31517.302136182785, "delta": 23.902227878570557}, "costs": {"total_cost": 355.2413285620072, "time_cost": 98.968, "final_distance_cost": 1.7757008537445846, "oscillation_cost": 152.44369510340053, "completition_cost": 0.0, "overshoot_cost": 59.62145513577607, "power_cost": 23.93225831298828, "noise_cost": 18.50021915609778, "n_waypoints_completed": 9, "tot_waypoints": 9}}
{"target": -802.8247671209468, "params": {"k_pid_pos": [1.9999998807907104, 0.983498215675354, 0.789354681968689], "k_pid_alt": [1.9314631223678589, 1.0, 0.008286893367767334], "k_pid_att": [100.0, 0.30747389793395996, 0.9951210618019104], "k_pid_yaw": [0.5, 1e-06, 0.1], "k_pid_hsp": [9.929421424865723, 0.938710629940033, 0.03681507706642151], "k_pid_vsp": [13.834810256958008, 396.733154296875, 4.168678283691406]}, "datetime": {"datetime": "2025-08-21 17:30:24", "elapsed": 31540.498062372208, "delta": 23.195926189422607}, "costs": {"total_cost": 802.8247671209468, "time_cost": 150, "final_distance_cost": 69.73909980094776, "oscillation_cost": 153.8830048513229, "completition_cost": 333.33333333333337, "overshoot_cost": 53.38342666085605, "power_cost": 24.081722888183595, "noise_cost": 18.40417958630322, "n_waypoints_completed": 6, "tot_waypoints": 9}}
{"target": -1036.0067780688455, "params": {"k_pid_pos": [2.0, 0.9683091640472412, 0.0], "k_pid_alt": [1.9797765016555786, 1.0, 0.11423197388648987], "k_pid_att": [98.05874633789062, 0.8949451446533203, 0.9741544723510742], "k_pid_yaw": [0.5, 1e-06, 0.1], "k_pid_hsp": [9.96471118927002, 0.9946959614753723, 0.0068277716636657715], "k_pid_vsp": [4.87600564956665, 393.2380676269531, 10.934365272521973]}, "datetime": {"datetime": "2025-08-21 17:30:49", "elapsed": 31565.657423973083, "delta": 25.159361600875854}, "costs": {"total_cost": 1036.0067780688455, "time_cost": 150, "final_distance_cost": 52.51944841929566, "oscillation_cost": 80.5546105389852, "completition_cost": 666.6666666666667, "overshoot_cost": 49.72629371431003, "power_cost": 21.24988076171875, "noise_cost": 15.289877967869282, "n_waypoints_completed": 3, "tot_waypoints": 9}}
{"target": -511.2796219659745, "params": {"k_pid_pos": [2.0, 0.9983123540878296, 0.9999486207962036], "k_pid_alt": [1.9152973890304565, 0.00010773539543151855, 0.0134793221950531], "k_pid_att": [100.0, 0.04089658707380295, 0.9683057069778442], "k_pid_yaw": [0.5, 1e-06, 0.1], "k_pid_hsp": [9.819559097290039, 0.9818648099899292, 0.0070803165435791016], "k_pid_vsp": [8.533525466918945, 397.3609313964844, 6.369460582733154]}, "datetime": {"datetime": "2025-08-21 17:31:13", "elapsed": 31589.858573675156, "delta": 24.201149702072144}, "costs": {"total_cost": 511.2796219659745, "time_cost": 150, "final_distance_cost": 16.960895993520836, "oscillation_cost": 140.23895201702987, "completition_cost": 111.11111111111116, "overshoot_cost": 54.76876676786144, "power_cost": 22.707034008789062, "noise_cost": 15.492862067662209, "n_waypoints_completed": 8, "tot_waypoints": 9}}
{"target": -1420.9422196958565, "params": {"k_pid_pos": [9.999999747378752e-05, 0.9889941215515137, 0.9999998807907104], "k_pid_alt": [1.8846514225006104, 1.0, 0.009460508823394775], "k_pid_att": [100.0, 0.3917253911495209, 0.9977776408195496], "k_pid_yaw": [0.5, 1e-06, 0.1], "k_pid_hsp": [9.699430465698242, 0.9896519184112549, 0.02216699719429016], "k_pid_vsp": [11.871635437011719, 394.2228698730469, 1.2637267112731934]}, "datetime": {"datetime": "2025-08-21 17:31:37", "elapsed": 31613.895613193512, "delta": 24.037039518356323}, "costs": {"total_cost": 1420.9422196958565, "time_cost": 150, "final_distance_cost": 41.225167935846976, "oscillation_cost": 158.36039419407766, "completition_cost": 1000.0, "overshoot_cost": 30.420548372713103, "power_cost": 24.22408682861328, "noise_cost": 16.71202236460535, "n_waypoints_completed": 0, "tot_waypoints": 9}}
{"target": -1075.601339194868, "params": {"k_pid_pos": [2.0, 0.9831833243370056, 0.9079153537750244], "k_pid_alt": [1.9943585395812988, 1.0, 0.010973095893859863], "k_pid_att": [100.0, 0.13713566958904266, 0.9865921139717102], "k_pid_yaw": [0.5, 1e-06, 0.1], "k_pid_hsp": [9.627084732055664, 0.9729983806610107, 0.02408534288406372], "k_pid_vsp": [2.0658373832702637, 365.77532958984375, 5.3198347091674805]}, "datetime": {"datetime": "2025-08-21 17:32:00", "elapsed": 31636.97613143921, "delta": 23.08051824569702}, "costs": {"total_cost": 1075.601339194868, "time_cost": 150, "final_distance_cost": 50.2982325524005, "oscillation_cost": 223.43216072183196, "completition_cost": 555.5555555555555, "overshoot_cost": 60.32844579036743, "power_cost": 20.144167797851562, "noise_cost": 15.842776776860699, "n_waypoints_completed": 4, "tot_waypoints": 9}}
{"target": -707.6215715624647, "params": {"k_pid_pos": [1.9999754428863525, 0.9769014120101929, 1.0], "k_pid_alt": [1.9733942747116089, 0.9999014139175415, 0.021065175533294678], "k_pid_att": [100.0, 0.16793426871299744, 0.9814629554748535], "k_pid_yaw": [0.5, 1e-06, 0.1], "k_pid_hsp": [9.834503173828125, 0.9527086019515991, 0.03681206703186035], "k_pid_vsp": [1.3083577156066895, 393.2751159667969, 43.98453140258789]}, "datetime": {"datetime": "2025-08-21 17:32:23", "elapsed": 31660.104291439056, "delta": 23.128159999847412}, "costs": {"total_cost": 707.6215715624647, "time_cost": 150, "final_distance_cost": 73.88220050236663, "oscillation_cost": 173.84164323540563, "completition_cost": 222.2222222222222, "overshoot_cost": 49.178412879441616, "power_cost": 21.907538720703126, "noise_cost": 16.58955400232563, "n_waypoints_completed": 7, "tot_waypoints": 9}}
{"target": -384.41568873237946, "params": {"k_pid_pos": [2.0, 0.9435651302337646, 1.0], "k_pid_alt": [1.9702963829040527, 1.0, 0.011928379535675049], "k_pid_att": [100.0, 0.04106646031141281, 0.9725226759910583], "k_pid_yaw": [0.5, 1e-06, 0.1], "k_pid_hsp": [9.751375198364258, 0.9879120588302612, 0.027139723300933838], "k_pid_vsp": [7.626283168792725, 361.10736083984375, 3.9887795448303223]}, "datetime": {"datetime": "2025-08-21 17:32:47", "elapsed": 31683.763165712357, "delta": 23.65887427330017}, "costs": {"total_cost": 384.41568873237946, "time_cost": 98.624, "final_distance_cost": 1.7151208639871016, "oscillation_cost": 188.509551859778, "completition_cost": 0.0, "overshoot_cost": 60.88490886211372, "power_cost": 19.64610867919922, "noise_cost": 15.035998467301374, "n_waypoints_completed": 9, "tot_waypoints": 9}}
{"target": -740.155935876513, "params": {"k_pid_pos": [2.0, 0.9974209070205688, 0.9999756813049316], "k_pid_alt": [1.9435231685638428, 1.0, 0.003634899854660034], "k_pid_att": [8.843189239501953, 0.036126475781202316, 0.9826824069023132], "k_pid_yaw": [0.5, 1e-06, 0.1], "k_pid_hsp": [9.699491500854492, 0.991910457611084, 0.007224559783935547], "k_pid_vsp": [5.390715599060059, 386.8700866699219, 3.768373489379883]}, "datetime": {"datetime": "2025-08-21 17:33:11", "elapsed": 31707.6341650486, "delta": 23.870999336242676}, "costs": {"total_cost": 740.155935876513, "time_cost": 150, "final_distance_cost": 62.14126350629326, "oscillation_cost": 108.16927981493808, "completition_cost": 333.33333333333337, "overshoot_cost": 47.234755839163576, "power_cost": 22.66935321044922, "noise_cost": 16.607950172335556, "n_waypoints_completed": 6, "tot_waypoints": 9}}
{"target": -845.7823865464538, "params": {"k_pid_pos": [1.9999858140945435, 0.9858541488647461, 0.7479391098022461], "k_pid_alt": [1.982854962348938, 0.9999982118606567, 0.018052905797958374], "k_pid_att": [100.0, 0.08973108232021332, 0.9985198378562927], "k_pid_yaw": [0.5, 1e-06, 0.1], "k_pid_hsp": [9.978002548217773, 0.9898756742477417, 0.003869563341140747], "k_pid_vsp": [2.231466770172119, 393.9224853515625, 9.92632007598877]}, "datetime": {"datetime": "2025-08-21 17:33:35", "elapsed": 31731.805394887924, "delta": 24.17122983932495}, "costs": {"total_cost": 845.7823865464538, "time_cost": 150, "final_distance_cost": 43.14475891480667, "oscillation_cost": 123.71833387488772, "completition_cost": 444.4444444444444, "overshoot_cost": 51.32816290255615, "power_cost": 18.999318786621096, "noise_cost": 14.147367623137754, "n_waypoints_completed": 5, "tot_waypoints": 9}}
{"target": -915.2119368470734, "params": {"k_pid_pos": [1.4109783172607422, 0.9724491238594055, 0.004903435707092285], "k_pid_alt": [1.9255777597427368, 1.0, 0.012149244546890259], "k_pid_att": [100.0, 0.16821977496147156, 0.9856163263320923], "k_pid_yaw": [0.5, 1e-06, 0.1], "k_pid_hsp": [9.638596534729004, 0.9427716732025146, 0.010565787553787231], "k_pid_vsp": [41.310523986816406, 360.75177001953125, 12.094820976257324]}, "datetime": {"datetime": "2025-08-21 17:33:58", "elapsed": 31754.99179816246, "delta": 23.186403274536133}, "costs": {"total_cost": 915.2119368470734, "time_cost": 150, "final_distance_cost": 48.640667754851535, "oscillation_cost": 71.17141460144957, "completition_cost": 555.5555555555555, "overshoot_cost": 59.39729649266061, "power_cost": 16.05151485595703, "noise_cost": 14.395487586598918, "n_waypoints_completed": 4, "tot_waypoints": 9}}
{"target": -1268.073006101625, "params": {"k_pid_pos": [2.0, 0.9772357940673828, 0.009548425674438477], "k_pid_alt": [1.995361328125, 1.0, 0.07406240701675415], "k_pid_att": [100.0, 0.6006200313568115, 0.9880921840667725], "k_pid_yaw": [0.5, 1e-06, 0.1], "k_pid_hsp": [9.899296760559082, 0.9833180904388428, 0.010722100734710693], "k_pid_vsp": [1.4635443687438965, 375.56170654296875, 4.209936618804932]}, "datetime": {"datetime": "2025-08-21 17:34:21", "elapsed": 31777.78573536873, "delta": 22.79393720626831}, "costs": {"total_cost": 1268.073006101625, "time_cost": 150, "final_distance_cost": 69.0988384642266, "oscillation_cost": 86.74068175803438, "completition_cost": 888.8888888888888, "overshoot_cost": 40.507865048728966, "power_cost": 19.34830938720703, "noise_cost": 13.48842255453895, "n_waypoints_completed": 1, "tot_waypoints": 9}}
{"target": -717.1616526196061, "params": {"k_pid_pos": [2.0, 0.9661982655525208, 0.9999663829803467], "k_pid_alt": [1.992518424987793, 1.0, 0.00501018762588501], "k_pid_att": [100.0, 0.12546341121196747, 0.9746154546737671], "k_pid_yaw": [0.5, 1e-06, 0.1], "k_pid_hsp": [9.928872108459473, 0.9556934237480164, 0.026021122932434082], "k_pid_vsp": [5.357682704925537, 353.8577880859375, 3.6250600814819336]}, "datetime": {"datetime": "2025-08-21 17:34:45", "elapsed": 31801.89796090126, "delta": 24.11222553253174}, "costs": {"total_cost": 717.1616526196061, "time_cost": 150, "final_distance_cost": 67.18396152482586, "oscillation_cost": 184.63278732025748, "completition_cost": 222.2222222222222, "overshoot_cost": 51.48432647580447, "power_cost": 23.797703869628908, "noise_cost": 17.840651206867285, "n_waypoints_completed": 7, "tot_waypoints": 9}}
