{"target": -690.1098419751271, "params": {"k_pid_pos": [2.0, 0.9945447444915771, 1.0], "k_pid_alt": [1.9900918006896973, 1.0, 0.027030259370803833], "k_pid_att": [100.0, 0.06628016382455826, 0.9711378812789917], "k_pid_yaw": [0.5, 1e-06, 0.1], "k_pid_hsp": [9.557320594787598, 0.9958720207214355, 0.008040249347686768], "k_pid_vsp": [4.017782211303711, 396.5173645019531, 0.864375650882721]}, "datetime": {"datetime": "2025-08-21 21:50:08", "elapsed": 47124.69319820404, "delta": 24.265157222747803}, "costs": {"total_cost": 690.1098419751271, "time_cost": 150, "final_distance_cost": 69.3771393863942, "oscillation_cost": 160.6038075079108, "completition_cost": 222.2222222222222, "overshoot_cost": 51.21001957320487, "power_cost": 20.75603291015625, "noise_cost": 15.940620375238868, "n_waypoints_completed": 7, "tot_waypoints": 9}}
{"target": -885.9151123596994, "params": {"k_pid_pos": [2.0, 0.9945608973503113, 1.0], "k_pid_alt": [1.948694109916687, 1.0, 0.026257991790771484], "k_pid_att": [100.0, 0.2283554971218109, 0.9959231615066528], "k_pid_yaw": [0.5, 1e-06, 0.1], "k_pid_hsp": [9.463722229003906, 0.9989336729049683, 0.02127555012702942], "k_pid_vsp": [1.7071962356567383, 398.5976257324219, 0.8658061623573303]}, "datetime": {"datetime": "2025-08-21 21:50:32", "elapsed": 47148.9224486351, "delta": 24.22925043106079}, "costs": {"total_cost": 885.9151123596994, "time_cost": 150, "final_distance_cost": 47.349097209153534, "oscillation_cost": 149.2082055777282, "completition_cost": 444.4444444444444, "overshoot_cost": 51.859925901557254, "power_cost": 25.51340535888672, "noise_cost": 17.54003386792914, "n_waypoints_completed": 5, "tot_waypoints": 9}}
{"target": -710.0952972577415, "params": {"k_pid_pos": [2.0, 0.9968336820602417, 1.0], "k_pid_alt": [1.9819726943969727, 1.0, 0.00829613208770752], "k_pid_att": [100.0, 0.1404988318681717, 0.9942826628684998], "k_pid_yaw": [0.5, 1e-06, 0.1], "k_pid_hsp": [9.84654426574707, 0.9880213141441345, 0.04215720295906067], "k_pid_vsp": [21.101200103759766, 397.8627624511719, 12.458123207092285]}, "datetime": {"datetime": "2025-08-21 21:50:55", "elapsed": 47172.19838786125, "delta": 23.275939226150513}, "costs": {"total_cost": 710.0952972577415, "time_cost": 150, "final_distance_cost": 63.47745012814746, "oscillation_cost": 179.7771444957017, "completition_cost": 222.2222222222222, "overshoot_cost": 54.70106263858008, "power_cost": 22.477399658203126, "noise_cost": 17.440018114887074, "n_waypoints_completed": 7, "tot_waypoints": 9}}
{"target": -337.819172058628, "params": {"k_pid_pos": [2.0, 0.9532597661018372, 1.0], "k_pid_alt": [1.9871340990066528, 1.0, 0.0010106563568115234], "k_pid_att": [100.0, 0.09573737531900406, 0.9710869789123535], "k_pid_yaw": [0.5, 1e-06, 0.1], "k_pid_hsp": [9.678201675415039, 0.970355749130249, 0.0032270848751068115], "k_pid_vsp": [1.85316801071167, 398.15802001953125, 10.231698036193848]}, "datetime": {"datetime": "2025-08-21 21:51:19", "elapsed": 47196.22677564621, "delta": 24.028387784957886}, "costs": {"total_cost": 337.819172058628, "time_cost": 98.83200000000001, "final_distance_cost": 1.74201837299665, "oscillation_cost": 139.38560305736848, "completition_cost": 0.0, "overshoot_cost": 58.73701836378774, "power_cost": 22.97504462890625, "noise_cost": 16.1474876355689, "n_waypoints_completed": 9, "tot_waypoints": 9}}
{"target": -358.8672376602501, "params": {"k_pid_pos": [2.0, 0.9937666058540344, 0.9999998807907104], "k_pid_alt": [1.9733206033706665, 1.0, 0.029321610927581787], "k_pid_att": [100.0, 0.5807048082351685, 0.9901966452598572], "k_pid_yaw": [0.5, 1e-06, 0.1], "k_pid_hsp": [9.664114952087402, 0.9617207050323486, 0.014785706996917725], "k_pid_vsp": [5.565643310546875, 386.6922302246094, 29.837919235229492]}, "datetime": {"datetime": "2025-08-21 21:51:43", "elapsed": 47220.203447818756, "delta": 23.976672172546387}, "costs": {"total_cost": 358.8672376602501, "time_cost": 99.008, "final_distance_cost": 1.7412092048203627, "oscillation_cost": 156.35742257252065, "completition_cost": 0.0, "overshoot_cost": 61.20124450449326, "power_cost": 23.147410607910157, "noise_cost": 17.41195077050565, "n_waypoints_completed": 9, "tot_waypoints": 9}}
{"target": -921.3828852891761, "params": {"k_pid_pos": [2.0, 0.9969684481620789, 0.9999998807907104], "k_pid_alt": [1.9691650867462158, 1.0, 0.025281786918640137], "k_pid_att": [100.0, 0.05784529820084572, 0.9924351572990417], "k_pid_yaw": [0.5, 1e-06, 0.1], "k_pid_hsp": [9.940383911132812, 0.9819620251655579, 0.024259448051452637], "k_pid_vsp": [3.208446502685547, 330.8699951171875, 5.5069098472595215]}, "datetime": {"datetime": "2025-08-21 21:52:06", "elapsed": 47243.19398522377, "delta": 22.990537405014038}, "costs": {"total_cost": 921.3828852891761, "time_cost": 150, "final_distance_cost": 40.850994031867934, "oscillation_cost": 195.8595864903905, "completition_cost": 444.4444444444444, "overshoot_cost": 58.072148169048496, "power_cost": 18.020820300292968, "noise_cost": 14.134891853131803, "n_waypoints_completed": 5, "tot_waypoints": 9}}
{"target": -691.6338387857309, "params": {"k_pid_pos": [2.0, 0.9932222366333008, 1.0], "k_pid_alt": [1.9916812181472778, 1.0, 0.012072533369064331], "k_pid_att": [100.0, 0.12005523592233658, 0.9880774021148682], "k_pid_yaw": [0.5, 1e-06, 0.1], "k_pid_hsp": [9.432592391967773, 0.9799562692642212, 0.0063200294971466064], "k_pid_vsp": [2.561068534851074, 363.2740478515625, 6.066490173339844]}, "datetime": {"datetime": "2025-08-21 21:52:31", "elapsed": 47268.1125831604, "delta": 24.91859793663025}, "costs": {"total_cost": 691.6338387857309, "time_cost": 150, "final_distance_cost": 72.78388895718084, "oscillation_cost": 160.24249343653455, "completition_cost": 222.2222222222222, "overshoot_cost": 49.558214664723174, "power_cost": 21.775539746093752, "noise_cost": 15.051479758976363, "n_waypoints_completed": 7, "tot_waypoints": 9}}
{"target": -568.2401727773033, "params": {"k_pid_pos": [2.0, 0.9859055280685425, 0.9999821186065674], "k_pid_alt": [1.9929168224334717, 1.0, 0.002859950065612793], "k_pid_att": [100.0, 0.09543965756893158, 0.9949328899383545], "k_pid_yaw": [0.5, 1e-06, 0.1], "k_pid_hsp": [9.977802276611328, 0.9879661798477173, 0.00448271632194519], "k_pid_vsp": [0.5301833152770996, 398.06695556640625, 4.2814741134643555]}, "datetime": {"datetime": "2025-08-21 21:52:55", "elapsed": 47291.577674627304, "delta": 23.465091466903687}, "costs": {"total_cost": 568.2401727773033, "time_cost": 150, "final_distance_cost": 65.41965192447418, "oscillation_cost": 153.1888343010741, "completition_cost": 111.11111111111116, "overshoot_cost": 52.142629044941025, "power_cost": 21.416835498046876, "noise_cost": 14.961110897655978, "n_waypoints_completed": 8, "tot_waypoints": 9}}
{"target": -673.6713425505765, "params": {"k_pid_pos": [2.0, 0.9926164746284485, 1.0], "k_pid_alt": [1.9757375717163086, 1.0, 0.030324876308441162], "k_pid_att": [100.0, 0.10329010337591171, 0.9946369528770447], "k_pid_yaw": [0.5, 1e-06, 0.1], "k_pid_hsp": [9.938882827758789, 0.9677461981773376, 0.0055512189865112305], "k_pid_vsp": [5.232870578765869, 395.7265319824219, 21.81989097595215]}, "datetime": {"datetime": "2025-08-21 21:53:19", "elapsed": 47316.338706731796, "delta": 24.761032104492188}, "costs": {"total_cost": 673.6713425505765, "time_cost": 150, "final_distance_cost": 72.95715902440996, "oscillation_cost": 132.3531044980336, "completition_cost": 222.2222222222222, "overshoot_cost": 53.822390849708164, "power_cost": 24.306170458984376, "noise_cost": 18.0102954972181, "n_waypoints_completed": 7, "tot_waypoints": 9}}
{"target": -880.2631650958158, "params": {"k_pid_pos": [2.0, 0.9849381446838379, 0.999999463558197], "k_pid_alt": [1.9948369264602661, 1.0, 0.06255438923835754], "k_pid_att": [100.0, 0.8029355406761169, 0.9789217710494995], "k_pid_yaw": [0.5, 1e-06, 0.1], "k_pid_hsp": [9.956304550170898, 0.9627071619033813, 0.08589452505111694], "k_pid_vsp": [8.18899917602539, 398.19451904296875, 8.708514213562012]}, "datetime": {"datetime": "2025-08-21 21:53:44", "elapsed": 47340.42909550667, "delta": 24.090388774871826}, "costs": {"total_cost": 880.2631650958158, "time_cost": 150, "final_distance_cost": 66.71518404174269, "oscillation_cost": 242.59071106674793, "completition_cost": 333.33333333333337, "overshoot_cost": 53.764314158458276, "power_cost": 18.983203479003908, "noise_cost": 14.876419016529601, "n_waypoints_completed": 6, "tot_waypoints": 9}}
{"target": -879.9594592878017, "params": {"k_pid_pos": [2.0, 0.963577389717102, 1.0], "k_pid_alt": [1.9676287174224854, 1.0, 0.002773106098175049], "k_pid_att": [100.0, 0.7094609141349792, 0.9830300807952881], "k_pid_yaw": [0.5, 1e-06, 0.1], "k_pid_hsp": [9.787251472473145, 0.9959943294525146, 0.003146559000015259], "k_pid_vsp": [2.1206021308898926, 326.3652648925781, 5.187190532684326]}, "datetime": {"datetime": "2025-08-21 21:54:06", "elapsed": 47363.39225935936, "delta": 22.96316385269165}, "costs": {"total_cost": 879.9594592878017, "time_cost": 150, "final_distance_cost": 58.69249778421129, "oscillation_cost": 140.49874432582408, "completition_cost": 444.4444444444444, "overshoot_cost": 51.05066597466638, "power_cost": 20.19961591796875, "noise_cost": 15.073490840686745, "n_waypoints_completed": 5, "tot_waypoints": 9}}
{"target": -1071.6586095173889, "params": {"k_pid_pos": [2.0, 0.9625058174133301, 1.0], "k_pid_alt": [1.9895973205566406, 1.0, 0.0107651948928833], "k_pid_att": [94.35417938232422, 0.18999461829662323, 0.9753727912902832], "k_pid_yaw": [0.5, 1e-06, 0.1], "k_pid_hsp": [9.967202186584473, 0.9865731000900269, 0.017919272184371948], "k_pid_vsp": [0.9267807006835938, 397.98028564453125, 9.58309268951416]}, "datetime": {"datetime": "2025-08-21 21:54:31", "elapsed": 47387.89375543594, "delta": 24.501496076583862}, "costs": {"total_cost": 1071.6586095173889, "time_cost": 150, "final_distance_cost": 45.081584540134074, "oscillation_cost": 226.64550169824784, "completition_cost": 555.5555555555555, "overshoot_cost": 62.70302432100733, "power_cost": 17.419760974121093, "noise_cost": 14.253182428322882, "n_waypoints_completed": 4, "tot_waypoints": 9}}
{"target": -568.3136406406793, "params": {"k_pid_pos": [2.0, 0.9938251972198486, 1.0], "k_pid_alt": [1.9418386220932007, 1.0, 0.023642152547836304], "k_pid_att": [100.0, 0.0379953607916832, 0.9881460070610046], "k_pid_yaw": [0.5, 1e-06, 0.1], "k_pid_hsp": [9.721186637878418, 0.9937146306037903, 0.025034576654434204], "k_pid_vsp": [1.1649012565612793, 394.692626953125, 0.4163990616798401]}, "datetime": {"datetime": "2025-08-21 21:54:56", "elapsed": 47412.88539004326, "delta": 24.991634607315063}, "costs": {"total_cost": 568.3136406406793, "time_cost": 150, "final_distance_cost": 66.72429415788383, "oscillation_cost": 130.83230881334595, "completition_cost": 111.11111111111116, "overshoot_cost": 61.28220201368879, "power_cost": 28.006123754882815, "noise_cost": 20.357600789766877, "n_waypoints_completed": 8, "tot_waypoints": 9}}
{"target": -770.076087771728, "params": {"k_pid_pos": [2.0, 0.9615041017532349, 0.9999996423721313], "k_pid_alt": [1.9470114707946777, 1.0, 0.029766112565994263], "k_pid_att": [100.0, 0.0919504389166832, 0.9736747741699219], "k_pid_yaw": [0.5, 1e-06, 0.1], "k_pid_hsp": [9.925480842590332, 0.9930585026741028, 0.009409815073013306], "k_pid_vsp": [6.465458869934082, 392.24285888671875, 10.472131729125977]}, "datetime": {"datetime": "2025-08-21 21:55:20", "elapsed": 47437.3194539547, "delta": 24.43406391143799}, "costs": {"total_cost": 770.076087771728, "time_cost": 150, "final_distance_cost": 52.154327774548086, "oscillation_cost": 154.08129473469612, "completition_cost": 333.33333333333337, "overshoot_cost": 48.73293730415321, "power_cost": 18.38491036376953, "noise_cost": 13.389284261227694, "n_waypoints_completed": 6, "tot_waypoints": 9}}
{"target": -669.2075716402326, "params": {"k_pid_pos": [2.0, 0.9946011304855347, 0.9999997019767761], "k_pid_alt": [1.9731554985046387, 1.0, 0.017712414264678955], "k_pid_att": [100.0, 0.3837769031524658, 0.9829860329627991], "k_pid_yaw": [0.5, 1e-06, 0.1], "k_pid_hsp": [9.392988204956055, 0.9830318689346313, 0.0014744997024536133], "k_pid_vsp": [5.229771137237549, 393.77679443359375, 29.63524055480957]}, "datetime": {"datetime": "2025-08-21 21:55:44", "elapsed": 47460.85577702522, "delta": 23.536323070526123}, "costs": {"total_cost": 669.2075716402326, "time_cost": 150, "final_distance_cost": 72.36594683376536, "oscillation_cost": 126.69352625611947, "completition_cost": 222.2222222222222, "overshoot_cost": 56.127055372702536, "power_cost": 24.095655212402345, "noise_cost": 17.70316574302073, "n_waypoints_completed": 7, "tot_waypoints": 9}}
{"target": -687.7111943908081, "params": {"k_pid_pos": [2.0, 0.9769726991653442, 1.0], "k_pid_alt": [1.9931113719940186, 1.0, 0.011196911334991455], "k_pid_att": [100.0, 0.46327587962150574, 0.9945290088653564], "k_pid_yaw": [0.5, 1e-06, 0.1], "k_pid_hsp": [9.73811149597168, 0.9948538541793823, 0.019972115755081177], "k_pid_vsp": [19.46464729309082, 395.8455810546875, 3.4103283882141113]}, "datetime": {"datetime": "2025-08-21 21:56:08", "elapsed": 47484.61576938629, "delta": 23.759992361068726}, "costs": {"total_cost": 687.7111943908081, "time_cost": 150, "final_distance_cost": 63.375718050357044, "oscillation_cost": 156.61773393765438, "completition_cost": 222.2222222222222, "overshoot_cost": 53.12249044086254, "power_cost": 23.93475655517578, "noise_cost": 18.438273184536186, "n_waypoints_completed": 7, "tot_waypoints": 9}}
{"target": -668.3381488084282, "params": {"k_pid_pos": [2.0, 0.9501993060112, 0.9999982118606567], "k_pid_alt": [1.9866676330566406, 1.0, 0.028531044721603394], "k_pid_att": [100.0, 0.44121554493904114, 0.993811845779419], "k_pid_yaw": [0.5, 1e-06, 0.1], "k_pid_hsp": [9.969747543334961, 0.9961892366409302, 0.0017819702625274658], "k_pid_vsp": [2.007603645324707, 396.5224609375, 3.1492600440979004]}, "datetime": {"datetime": "2025-08-21 21:56:32", "elapsed": 47508.90969610214, "delta": 24.29392671585083}, "costs": {"total_cost": 668.3381488084282, "time_cost": 150, "final_distance_cost": 70.2835324044921, "oscillation_cost": 139.59428050135062, "completition_cost": 222.2222222222222, "overshoot_cost": 49.1842127111, "power_cost": 22.034764978027344, "noise_cost": 15.01913599123581, "n_waypoints_completed": 7, "tot_waypoints": 9}}
{"target": -657.9564019214035, "params": {"k_pid_pos": [2.0, 0.988521933555603, 1.0], "k_pid_alt": [1.9911372661590576, 1.0, 0.0035993754863739014], "k_pid_att": [100.0, 0.14216893911361694, 0.9895340204238892], "k_pid_yaw": [0.5, 1e-06, 0.1], "k_pid_hsp": [9.914775848388672, 0.9606821537017822, 0.005809962749481201], "k_pid_vsp": [2.902066707611084, 396.718994140625, 4.035581111907959]}, "datetime": {"datetime": "2025-08-21 21:56:55", "elapsed": 47531.9099752903, "delta": 23.000279188156128}, "costs": {"total_cost": 657.9564019214035, "time_cost": 150, "final_distance_cost": 67.00276330883482, "oscillation_cost": 112.07670200789762, "completition_cost": 222.2222222222222, "overshoot_cost": 54.628834561689835, "power_cost": 28.366847790527345, "noise_cost": 23.6590320302318, "n_waypoints_completed": 7, "tot_waypoints": 9}}
{"target": -789.4893565277073, "params": {"k_pid_pos": [1.9999990463256836, 0.9788556694984436, 1.0], "k_pid_alt": [1.964931607246399, 1.0, 0.011452972888946533], "k_pid_att": [100.0, 0.26709213852882385, 0.9893074631690979], "k_pid_yaw": [0.5, 1e-06, 0.1], "k_pid_hsp": [9.957408905029297, 0.9648755788803101, 0.0025042295455932617], "k_pid_vsp": [0.8098959922790527, 395.0288391113281, 1.7209181785583496]}, "datetime": {"datetime": "2025-08-21 21:57:19", "elapsed": 47555.805750370026, "delta": 23.895775079727173}, "costs": {"total_cost": 789.4893565277073, "time_cost": 150, "final_distance_cost": 68.46047395950092, "oscillation_cost": 155.6824211075577, "completition_cost": 333.33333333333337, "overshoot_cost": 49.876677826566464, "power_cost": 18.658355419921875, "noise_cost": 13.47809488082687, "n_waypoints_completed": 6, "tot_waypoints": 9}}
{"target": -587.1212835716326, "params": {"k_pid_pos": [2.0, 0.9561575055122375, 1.0], "k_pid_alt": [1.9478342533111572, 1.0, 0.0011782944202423096], "k_pid_att": [100.0, 0.13581722974777222, 0.9984490871429443], "k_pid_yaw": [0.5, 1e-06, 0.1], "k_pid_hsp": [9.90779972076416, 0.9956942200660706, 0.03400760889053345], "k_pid_vsp": [5.214393138885498, 396.6318359375, 4.788566589355469]}, "datetime": {"datetime": "2025-08-21 21:57:43", "elapsed": 47579.621482133865, "delta": 23.81573176383972}, "costs": {"total_cost": 587.1212835716326, "time_cost": 150, "final_distance_cost": 66.6068656218653, "oscillation_cost": 154.077317642443, "completition_cost": 111.11111111111116, "overshoot_cost": 62.13085139104348, "power_cost": 25.79505606689453, "noise_cost": 17.40008173827514, "n_waypoints_completed": 8, "tot_waypoints": 9}}
{"target": -606.0242466630997, "params": {"k_pid_pos": [2.0, 0.9916999936103821, 1.0], "k_pid_alt": [1.944583535194397, 1.0, 0.025274276733398438], "k_pid_att": [100.0, 0.06909943372011185, 0.9873985648155212], "k_pid_yaw": [0.5, 1e-06, 0.1], "k_pid_hsp": [9.90047836303711, 0.9880213737487793, 0.16227483749389648], "k_pid_vsp": [1.84173583984375, 395.5758972167969, 59.20134735107422]}, "datetime": {"datetime": "2025-08-21 21:58:06", "elapsed": 47603.233710289, "delta": 23.61222815513611}, "costs": {"total_cost": 606.0242466630997, "time_cost": 150, "final_distance_cost": 42.065053488612286, "oscillation_cost": 202.9171607476466, "completition_cost": 111.11111111111116, "overshoot_cost": 60.508472138958716, "power_cost": 22.512997204589844, "noise_cost": 16.909451972181206, "n_waypoints_completed": 8, "tot_waypoints": 9}}
{"target": -699.7688072488326, "params": {"k_pid_pos": [2.0, 0.9905046820640564, 1.0], "k_pid_alt": [1.9482266902923584, 1.0, 0.006397992372512817], "k_pid_att": [100.0, 0.33323267102241516, 0.9752861261367798], "k_pid_yaw": [0.5, 1e-06, 0.1], "k_pid_hsp": [9.949028015136719, 0.969092845916748, 0.09305506944656372], "k_pid_vsp": [17.700504302978516, 385.12310791015625, 2.8503785133361816]}, "datetime": {"datetime": "2025-08-21 21:58:31", "elapsed": 47628.04733157158, "delta": 24.813621282577515}, "costs": {"total_cost": 699.7688072488326, "time_cost": 150, "final_distance_cost": 67.3320450423075, "oscillation_cost": 167.91234477561252, "completition_cost": 222.2222222222222, "overshoot_cost": 50.89520964329845, "power_cost": 23.65235811767578, "noise_cost": 17.75462744771603, "n_waypoints_completed": 7, "tot_waypoints": 9}}
{"target": -926.7782024699369, "params": {"k_pid_pos": [2.0, 0.9830633401870728, 1.0], "k_pid_alt": [1.991090178489685, 1.0, 0.01375475525856018], "k_pid_att": [100.0, 0.05496910586953163, 0.9777100086212158], "k_pid_yaw": [0.5, 1e-06, 0.1], "k_pid_hsp": [9.957255363464355, 0.989899218082428, 0.007925093173980713], "k_pid_vsp": [2.24456787109375, 383.9857177734375, 1.9988665580749512]}, "datetime": {"datetime": "2025-08-21 21:58:55", "elapsed": 47651.472472667694, "delta": 23.425141096115112}, "costs": {"total_cost": 926.7782024699369, "time_cost": 150, "final_distance_cost": 59.808130887375285, "oscillation_cost": 188.72730546266783, "completition_cost": 444.4444444444444, "overshoot_cost": 53.572468370378914, "power_cost": 17.187686523437502, "noise_cost": 13.038166781632864, "n_waypoints_completed": 5, "tot_waypoints": 9}}
{"target": -284.58775402955786, "params": {"k_pid_pos": [2.0, 0.9967390894889832, 1.0], "k_pid_alt": [1.996782898902893, 1.0, 0.011361956596374512], "k_pid_att": [100.0, 0.0319187268614769, 0.9890984296798706], "k_pid_yaw": [0.5, 1e-06, 0.1], "k_pid_hsp": [9.760780334472656, 0.9684152603149414, 0.009105682373046875], "k_pid_vsp": [43.38619613647461, 398.5889587402344, 1.7108688354492188]}, "datetime": {"datetime": "2025-08-21 21:59:15", "elapsed": 47671.51084446907, "delta": 20.038371801376343}, "costs": {"total_cost": 284.58775402955786, "time_cost": 84.496, "final_distance_cost": 1.7473697918988231, "oscillation_cost": 112.31918202852013, "completition_cost": 0.0, "overshoot_cost": 52.823792652556165, "power_cost": 17.75577156982422, "noise_cost": 15.445637986758552, "n_waypoints_completed": 9, "tot_waypoints": 9}}
{"target": -963.9888064528955, "params": {"k_pid_pos": [2.0, 0.9785885810852051, 1.0], "k_pid_alt": [1.9970066547393799, 1.0, 0.0018904507160186768], "k_pid_att": [100.0, 1.7102617025375366, 0.9938912987709045], "k_pid_yaw": [0.5, 1e-06, 0.1], "k_pid_hsp": [9.852547645568848, 0.9639813303947449, 0.06181660294532776], "k_pid_vsp": [13.918245315551758, 368.0224304199219, 1.0832915306091309]}, "datetime": {"datetime": "2025-08-21 21:59:39", "elapsed": 47695.58718729019, "delta": 24.076342821121216}, "costs": {"total_cost": 963.9888064528955, "time_cost": 150, "final_distance_cost": 66.58067225196928, "oscillation_cost": 217.5343209978148, "completition_cost": 444.4444444444444, "overshoot_cost": 51.205319470147806, "power_cost": 19.24448253173828, "noise_cost": 14.979566756780768, "n_waypoints_completed": 5, "tot_waypoints": 9}}
{"target": -664.4340119473802, "params": {"k_pid_pos": [2.0, 0.9966477155685425, 1.0], "k_pid_alt": [1.9962570667266846, 1.0, 0.004477947950363159], "k_pid_att": [100.0, 0.1604563444852829, 0.9037203788757324], "k_pid_yaw": [0.5, 1e-06, 0.1], "k_pid_hsp": [9.917581558227539, 0.9931704998016357, 0.0008350610733032227], "k_pid_vsp": [0.509798526763916, 397.21356201171875, 8.341194152832031]}, "datetime": {"datetime": "2025-08-21 22:00:02", "elapsed": 47719.111523389816, "delta": 23.524336099624634}, "costs": {"total_cost": 664.4340119473802, "time_cost": 150, "final_distance_cost": 68.2350995296256, "oscillation_cost": 125.61672704915523, "completition_cost": 222.2222222222222, "overshoot_cost": 55.358292425768994, "power_cost": 24.648480395507814, "noise_cost": 18.353190325100368, "n_waypoints_completed": 7, "tot_waypoints": 9}}
