{"target": -1303.1426114990218, "params": {"k_pid_pos": [0.4267350137233734, 0.28188174962997437, 0.9961225390434265], "k_pid_alt": [0.3943004608154297, 0.5745993256568909, 0.43802309036254883], "k_pid_att": [100.0, 2.6043035984039307, 0.5030796527862549], "k_pid_yaw": [0.5, 1e-06, 0.1], "k_pid_hsp": [3.467463970184326, 0.5977688431739807, 0.9759798645973206], "k_pid_vsp": [149.19158935546875, 217.84884643554688, 26.332834243774414]}, "datetime": {"datetime": "2025-08-21 08:56:54", "elapsed": 730.7158262729645, "delta": 27.455466985702515}, "costs": {"total_cost": 1303.1426114990218, "time_cost": 150, "final_distance_cost": 54.09780736835851, "oscillation_cost": 344.43282231096214, "completition_cost": 666.6666666666667, "overshoot_cost": 45.18684934912649, "power_cost": 23.658750524902345, "noise_cost": 19.099715279005377, "n_waypoints_completed": 3, "tot_waypoints": 9}}
{"target": -1730.4592774624152, "params": {"k_pid_pos": [0.00010458932229084894, 0.1341601014137268, 0.9733999967575073], "k_pid_alt": [1.7733335494995117, 0.00041425228118896484, 0.20765385031700134], "k_pid_att": [99.99998474121094, 8.421899795532227, 0.932549774646759], "k_pid_yaw": [0.5, 1e-06, 0.1], "k_pid_hsp": [6.429808139801025, 0.46030089259147644, 0.33174610137939453], "k_pid_vsp": [384.5217590332031, 91.2048110961914, 84.90653228759766]}, "datetime": {"datetime": "2025-08-21 08:57:20", "elapsed": 757.3005440235138, "delta": 26.584717750549316}, "costs": {"total_cost": 1730.4592774624152, "time_cost": 150, "final_distance_cost": 62.83026457771086, "oscillation_cost": 506.71180595267987, "completition_cost": 888.8888888888888, "overshoot_cost": 82.94401114424491, "power_cost": 22.443003320312503, "noise_cost": 16.64130357857801, "n_waypoints_completed": 1, "tot_waypoints": 9}}
{"target": -1609.741300823248, "params": {"k_pid_pos": [1.9987605810165405, 0.20469465851783752, 1.0], "k_pid_alt": [0.5326389074325562, 0.0027156472206115723, 0.43637561798095703], "k_pid_att": [100.0, 2.6661908626556396, 0.2447470724582672], "k_pid_yaw": [0.5, 1e-06, 0.1], "k_pid_hsp": [6.813947677612305, 0.6701952815055847, 0.9243509769439697], "k_pid_vsp": [383.2913513183594, 65.01715087890625, 240.4619140625]}, "datetime": {"datetime": "2025-08-21 08:57:48", "elapsed": 784.4842805862427, "delta": 27.183736562728882}, "costs": {"total_cost": 1609.741300823248, "time_cost": 150, "final_distance_cost": 68.94429541943703, "oscillation_cost": 443.70116647553493, "completition_cost": 888.8888888888888, "overshoot_cost": 25.796645510358157, "power_cost": 17.94238934326172, "noise_cost": 14.467915185767326, "n_waypoints_completed": 1, "tot_waypoints": 9}}
{"target": -22618.156042784238, "params": {"k_pid_pos": [0.5999811887741089, 0.2690051198005676, 0.9959348440170288], "k_pid_alt": [0.5126364231109619, 0.01889362931251526, 0.7652866244316101], "k_pid_att": [2.9802322387695312e-05, 8.464390754699707, 0.0915442705154419], "k_pid_yaw": [0.5, 1e-06, 0.1], "k_pid_hsp": [4.614652633666992, 0.48873066902160645, 0.2683817744255066], "k_pid_vsp": [353.466796875, 230.05421447753906, 393.3019714355469]}, "datetime": {"datetime": "2025-08-21 08:58:18", "elapsed": 814.5401508808136, "delta": 30.055870294570923}, "costs": {"total_cost": 22618.156042784238, "time_cost": 150, "final_distance_cost": 7178.8692247079625, "oscillation_cost": 1939.2271786183703, "completition_cost": 1000.0, "overshoot_cost": 12213.512442052832, "power_cost": 34.30343513183594, "noise_cost": 102.24376227323516, "n_waypoints_completed": 0, "tot_waypoints": 9}}
{"target": -1251.4676942429376, "params": {"k_pid_pos": [0.24901551008224487, 0.3229932188987732, 0.9999979734420776], "k_pid_alt": [1.8646621704101562, 2.9802322387695312e-08, 0.5604878664016724], "k_pid_att": [16.411357879638672, 9.902509689331055, 0.02956247329711914], "k_pid_yaw": [0.5, 1e-06, 0.1], "k_pid_hsp": [4.324837684631348, 0.13072723150253296, 0.6859906911849976], "k_pid_vsp": [263.2623596191406, 385.44775390625, 269.71612548828125]}, "datetime": {"datetime": "2025-08-21 08:58:48", "elapsed": 844.6889028549194, "delta": 30.148751974105835}, "costs": {"total_cost": 1251.4676942429376, "time_cost": 150, "final_distance_cost": 44.44585248950942, "oscillation_cost": 411.27458961506636, "completition_cost": 555.5555555555555, "overshoot_cost": 50.23904758607462, "power_cost": 23.554571911621096, "noise_cost": 16.398077085110547, "n_waypoints_completed": 4, "tot_waypoints": 9}}
{"target": -2055.72079959342, "params": {"k_pid_pos": [0.035060491412878036, 0.2506749629974365, 1.0], "k_pid_alt": [0.2600243091583252, 0.0, 0.716502845287323], "k_pid_att": [1.3953477144241333, 9.24415397644043, 0.007708847522735596], "k_pid_yaw": [0.5, 1e-06, 0.1], "k_pid_hsp": [4.650542259216309, 0.5223509073257446, 0.904536247253418], "k_pid_vsp": [63.24355697631836, 226.005859375, 74.4487075805664]}, "datetime": {"datetime": "2025-08-21 08:59:16", "elapsed": 872.57306432724, "delta": 27.884161472320557}, "costs": {"total_cost": 2055.72079959342, "time_cost": 150, "final_distance_cost": 5.963315047386789, "oscillation_cost": 658.1232873944703, "completition_cost": 1000.0, "overshoot_cost": 125.05501073899275, "power_cost": 35.31856499023438, "noise_cost": 81.260621422336, "n_waypoints_completed": 0, "tot_waypoints": 9}}
{"target": -1616.8577993732629, "params": {"k_pid_pos": [0.0007335061090998352, 0.3849576711654663, 1.0], "k_pid_alt": [0.23215746879577637, 0.08655223250389099, 0.6414302587509155], "k_pid_att": [99.9809799194336, 0.3125813603401184, 0.00141984224319458], "k_pid_yaw": [0.5, 1e-06, 0.1], "k_pid_hsp": [2.29390025138855, 0.3266131579875946, 0.5267135500907898], "k_pid_vsp": [114.61937713623047, 285.0253601074219, 39.590538024902344]}, "datetime": {"datetime": "2025-08-21 08:59:49", "elapsed": 905.8640530109406, "delta": 33.29098868370056}, "costs": {"total_cost": 1616.8577993732629, "time_cost": 150, "final_distance_cost": 66.59509760288, "oscillation_cost": 432.0571274357139, "completition_cost": 888.8888888888888, "overshoot_cost": 41.51985024395226, "power_cost": 21.31806247558594, "noise_cost": 16.47877272624193, "n_waypoints_completed": 1, "tot_waypoints": 9}}
{"target": -1812.4801351229578, "params": {"k_pid_pos": [1.9999969005584717, 0.07495871186256409, 0.9999992847442627], "k_pid_alt": [0.11611759662628174, 0.046688735485076904, 0.6851892471313477], "k_pid_att": [99.99307250976562, 6.42085075378418, 0.9996215105056763], "k_pid_yaw": [0.5, 1e-06, 0.1], "k_pid_hsp": [3.1220622062683105, 0.31607943773269653, 0.3082900047302246], "k_pid_vsp": [83.81385803222656, 142.78338623046875, 208.49732971191406]}, "datetime": {"datetime": "2025-08-21 09:00:15", "elapsed": 931.5926198959351, "delta": 25.728566884994507}, "costs": {"total_cost": 1812.4801351229578, "time_cost": 150, "final_distance_cost": 119.49125464206328, "oscillation_cost": 447.54120427462084, "completition_cost": 888.8888888888888, "overshoot_cost": 168.40155562758002, "power_cost": 20.432269165039063, "noise_cost": 17.72496252476566, "n_waypoints_completed": 1, "tot_waypoints": 9}}
{"target": -10160.199154589332, "params": {"k_pid_pos": [2.0, 0.09825688600540161, 0.9999721050262451], "k_pid_alt": [0.3064579963684082, 1.0, 0.5563119053840637], "k_pid_att": [0.0, 0.6054947376251221, 0.13907992839813232], "k_pid_yaw": [0.5, 1e-06, 0.1], "k_pid_hsp": [2.7211267948150635, 0.7069838047027588, 0.47844791412353516], "k_pid_vsp": [167.2720489501953, 297.65838623046875, 391.6966857910156]}, "datetime": {"datetime": "2025-08-21 09:00:43", "elapsed": 959.6440196037292, "delta": 28.05139970779419}, "costs": {"total_cost": 10160.199154589332, "time_cost": 150, "final_distance_cost": 3025.102219980994, "oscillation_cost": 1565.8928305795605, "completition_cost": 1000.0, "overshoot_cost": 4298.879230045566, "power_cost": 30.343606323242188, "noise_cost": 89.98126765996952, "n_waypoints_completed": 0, "tot_waypoints": 9}}
{"target": -1628.015473080807, "params": {"k_pid_pos": [1.999997854232788, 0.06299486756324768, 1.0], "k_pid_alt": [0.7386542558670044, 0.0, 0.8106399774551392], "k_pid_att": [100.0, 6.268398761749268, 0.9498307704925537], "k_pid_yaw": [0.5, 1e-06, 0.1], "k_pid_hsp": [2.7531211376190186, 0.9607334136962891, 0.4048503339290619], "k_pid_vsp": [59.97531509399414, 117.88704681396484, 374.4586486816406]}, "datetime": {"datetime": "2025-08-21 09:01:09", "elapsed": 986.0783874988556, "delta": 26.434367895126343}, "costs": {"total_cost": 1628.015473080807, "time_cost": 150, "final_distance_cost": 51.37051112410818, "oscillation_cost": 354.2744019216468, "completition_cost": 888.8888888888888, "overshoot_cost": 104.96076828952403, "power_cost": 24.757658398437503, "noise_cost": 53.76324445820179, "n_waypoints_completed": 1, "tot_waypoints": 9}}
{"target": -1331.934125816068, "params": {"k_pid_pos": [9.999999747378752e-05, 0.6358509063720703, 0.12710505723953247], "k_pid_alt": [1.387904167175293, 0.0, 0.6464545726776123], "k_pid_att": [97.0800552368164, 7.602667808532715, 0.5333018898963928], "k_pid_yaw": [0.5, 1e-06, 0.1], "k_pid_hsp": [0.6669837832450867, 0.17043077945709229, 0.7960941791534424], "k_pid_vsp": [4.681086540222168, 250.42437744140625, 18.37788963317871]}, "datetime": {"datetime": "2025-08-21 09:01:38", "elapsed": 1015.3105568885803, "delta": 29.23216938972473}, "costs": {"total_cost": 1331.934125816068, "time_cost": 150, "final_distance_cost": 81.50235700165275, "oscillation_cost": 241.20766206972633, "completition_cost": 777.7777777777778, "overshoot_cost": 42.210105480157736, "power_cost": 22.989526098632815, "noise_cost": 16.24669738812059, "n_waypoints_completed": 2, "tot_waypoints": 9}}
{"target": -1381.4170803643228, "params": {"k_pid_pos": [9.999999747378752e-05, 0.4963788688182831, 0.0005986690521240234], "k_pid_alt": [0.282509446144104, 0.0023102760314941406, 0.8487382531166077], "k_pid_att": [99.9486083984375, 6.670926570892334, 0.8537605404853821], "k_pid_yaw": [0.5, 1e-06, 0.1], "k_pid_hsp": [7.815995693206787, 0.6700345277786255, 0.8435219526290894], "k_pid_vsp": [102.21548461914062, 154.8321075439453, 205.06272888183594]}, "datetime": {"datetime": "2025-08-21 09:02:06", "elapsed": 1043.124226808548, "delta": 27.81366991996765}, "costs": {"total_cost": 1381.4170803643228, "time_cost": 150, "final_distance_cost": 77.51932205524385, "oscillation_cost": 179.530965279819, "completition_cost": 888.8888888888888, "overshoot_cost": 48.579394046761955, "power_cost": 20.307439074707034, "noise_cost": 16.59107101890228, "n_waypoints_completed": 1, "tot_waypoints": 9}}
{"target": -622.8566704843136, "params": {"k_pid_pos": [2.0, 0.8732977509498596, 0.9999836087226868], "k_pid_alt": [0.3896148204803467, 0.00038111209869384766, 0.25957250595092773], "k_pid_att": [99.99949645996094, 8.048064231872559, 0.06446611881256104], "k_pid_yaw": [0.5, 1e-06, 0.1], "k_pid_hsp": [2.9162938594818115, 0.1626822054386139, 0.36372530460357666], "k_pid_vsp": [307.2423095703125, 67.39518737792969, 100.9663314819336]}, "datetime": {"datetime": "2025-08-21 09:02:35", "elapsed": 1071.7996652126312, "delta": 28.675438404083252}, "costs": {"total_cost": 622.8566704843136, "time_cost": 150, "final_distance_cost": 8.249054493436674, "oscillation_cost": 257.18538779176544, "completition_cost": 111.11111111111116, "overshoot_cost": 54.56611385971258, "power_cost": 23.938263513183596, "noise_cost": 17.80673971510413, "n_waypoints_completed": 8, "tot_waypoints": 9}}
{"target": -1743.0150259506422, "params": {"k_pid_pos": [0.00010005960211856291, 0.6487033367156982, 0.9999977350234985], "k_pid_alt": [1.804511547088623, 0.9999992847442627, 0.6462390422821045], "k_pid_att": [57.65296173095703, 6.330931663513184, 0.714386522769928], "k_pid_yaw": [0.5, 1e-06, 0.1], "k_pid_hsp": [7.011600971221924, 0.06602203845977783, 0.8617295026779175], "k_pid_vsp": [111.55522155761719, 14.402009010314941, 316.2649230957031]}, "datetime": {"datetime": "2025-08-21 09:03:01", "elapsed": 1098.3511202335358, "delta": 26.55145502090454}, "costs": {"total_cost": 1743.0150259506422, "time_cost": 150, "final_distance_cost": 118.53229042274754, "oscillation_cost": 302.9297087524833, "completition_cost": 1000.0, "overshoot_cost": 134.33761279531475, "power_cost": 20.743458593750002, "noise_cost": 16.471955386346657, "n_waypoints_completed": 0, "tot_waypoints": 9}}
{"target": -750.2497094317628, "params": {"k_pid_pos": [1.9998600482940674, 0.6688836216926575, 1.0], "k_pid_alt": [1.910056710243225, 1.0, 0.9702134132385254], "k_pid_att": [99.99974822998047, 5.585756301879883, 0.10330331325531006], "k_pid_yaw": [0.5, 1e-06, 0.1], "k_pid_hsp": [2.236555814743042, 0.7464432716369629, 0.417099267244339], "k_pid_vsp": [377.5936584472656, 54.86473846435547, 103.10900115966797]}, "datetime": {"datetime": "2025-08-21 09:03:30", "elapsed": 1126.8357572555542, "delta": 28.484637022018433}, "costs": {"total_cost": 750.2497094317628, "time_cost": 150, "final_distance_cost": 67.30493466832411, "oscillation_cost": 217.95210423459858, "completition_cost": 222.2222222222222, "overshoot_cost": 56.65677071155608, "power_cost": 20.04601690673828, "noise_cost": 16.067660688323645, "n_waypoints_completed": 7, "tot_waypoints": 9}}
{"target": -4262.937435805259, "params": {"k_pid_pos": [1.9996638298034668, 0.6550772190093994, 0.9999152421951294], "k_pid_alt": [1.009558081626892, 0.00955614447593689, 0.4457343816757202], "k_pid_att": [0.02518296241760254, 1.2583858966827393, 0.17934593558311462], "k_pid_yaw": [0.5, 1e-06, 0.1], "k_pid_hsp": [5.793869972229004, 0.6217318773269653, 0.07041811943054199], "k_pid_vsp": [143.53517150878906, 266.71453857421875, 174.4254913330078]}, "datetime": {"datetime": "2025-08-21 09:04:01", "elapsed": 1157.5517094135284, "delta": 30.715952157974243}, "costs": {"total_cost": 4262.937435805259, "time_cost": 150, "final_distance_cost": 694.066772894695, "oscillation_cost": 959.7535677902185, "completition_cost": 1000.0, "overshoot_cost": 1324.5159840167419, "power_cost": 34.99077618408203, "noise_cost": 99.6103349195221, "n_waypoints_completed": 0, "tot_waypoints": 9}}
{"target": -894.4721721238676, "params": {"k_pid_pos": [0.8081560134887695, 0.79256671667099, 0.5483739376068115], "k_pid_alt": [1.0294924974441528, 0.06680166721343994, 0.24399888515472412], "k_pid_att": [99.97126007080078, 4.0577192306518555, 0.6426136493682861], "k_pid_yaw": [0.5, 1e-06, 0.1], "k_pid_hsp": [9.097679138183594, 0.3958013951778412, 0.7468385100364685], "k_pid_vsp": [203.76319885253906, 330.41448974609375, 202.36532592773438]}, "datetime": {"datetime": "2025-08-21 09:04:26", "elapsed": 1183.1362385749817, "delta": 25.584529161453247}, "costs": {"total_cost": 894.4721721238676, "time_cost": 150, "final_distance_cost": 74.25814078630154, "oscillation_cost": 253.84341356096175, "completition_cost": 333.33333333333337, "overshoot_cost": 43.68791823290352, "power_cost": 22.696275842285157, "noise_cost": 16.653090368082434, "n_waypoints_completed": 6, "tot_waypoints": 9}}
{"target": -3686.820786869973, "params": {"k_pid_pos": [9.999999747378752e-05, 0.6843472719192505, 0.00010648369789123535], "k_pid_alt": [0.23911184072494507, 0.9594649076461792, 0.3601619005203247], "k_pid_att": [0.0, 5.772164344787598, 0.45493122935295105], "k_pid_yaw": [0.5, 1e-06, 0.1], "k_pid_hsp": [9.200102806091309, 0.696560263633728, 0.20981484651565552], "k_pid_vsp": [267.4130554199219, 144.1583709716797, 102.84318542480469]}, "datetime": {"datetime": "2025-08-21 09:04:55", "elapsed": 1212.3402695655823, "delta": 29.204030990600586}, "costs": {"total_cost": 3686.820786869973, "time_cost": 150, "final_distance_cost": 139.2344747835243, "oscillation_cost": 1911.3898978469338, "completition_cost": 1000.0, "overshoot_cost": 351.5517171534777, "power_cost": 34.65609256591797, "noise_cost": 99.98860452011914, "n_waypoints_completed": 0, "tot_waypoints": 9}}
{"target": -975.2356061073916, "params": {"k_pid_pos": [1.9999990463256836, 0.6578727960586548, 0.08097440004348755], "k_pid_alt": [1.092450737953186, 0.9994163513183594, 0.18886798620224], "k_pid_att": [100.0, 2.113492012023926, 0.919083833694458], "k_pid_yaw": [0.5, 1e-06, 0.1], "k_pid_hsp": [3.1808221340179443, 0.4586997330188751, 0.08444711565971375], "k_pid_vsp": [245.30885314941406, 59.36656188964844, 140.27297973632812]}, "datetime": {"datetime": "2025-08-21 09:05:21", "elapsed": 1237.7809958457947, "delta": 25.440726280212402}, "costs": {"total_cost": 975.2356061073916, "time_cost": 150, "final_distance_cost": 46.573964707569374, "oscillation_cost": 121.86275461551833, "completition_cost": 555.5555555555555, "overshoot_cost": 68.69867775847278, "power_cost": 17.627168420410158, "noise_cost": 14.917485049865487, "n_waypoints_completed": 4, "tot_waypoints": 9}}
{"target": -6158.709510511483, "params": {"k_pid_pos": [0.0005613168468698859, 0.28307437896728516, 0.02554798126220703], "k_pid_alt": [0.13569867610931396, 0.9999628067016602, 0.4158972501754761], "k_pid_att": [0.001481175422668457, 2.77551531791687, 0.8540453910827637], "k_pid_yaw": [0.5, 1e-06, 0.1], "k_pid_hsp": [4.1912994384765625, 0.5804948806762695, 0.49575498700141907], "k_pid_vsp": [337.9168395996094, 121.59283447265625, 64.61558532714844]}, "datetime": {"datetime": "2025-08-21 09:05:50", "elapsed": 1266.4418778419495, "delta": 28.660881996154785}, "costs": {"total_cost": 6158.709510511483, "time_cost": 150, "final_distance_cost": 1540.93949313485, "oscillation_cost": 1409.993894107491, "completition_cost": 1000.0, "overshoot_cost": 1920.8727220892354, "power_cost": 35.68052452392578, "noise_cost": 101.22287665598138, "n_waypoints_completed": 0, "tot_waypoints": 9}}
{"target": -860.2257025821104, "params": {"k_pid_pos": [0.3548460006713867, 0.4268915057182312, 0.0], "k_pid_alt": [1.9901906251907349, 0.9942029118537903, 0.6026443243026733], "k_pid_att": [38.37321472167969, 4.023762226104736, 0.9064659476280212], "k_pid_yaw": [0.5, 1e-06, 0.1], "k_pid_hsp": [2.30749249458313, 0.46042418479919434, 0.3455692529678345], "k_pid_vsp": [330.4627990722656, 168.76051330566406, 244.6726837158203]}, "datetime": {"datetime": "2025-08-21 09:06:15", "elapsed": 1292.3276031017303, "delta": 25.885725259780884}, "costs": {"total_cost": 860.2257025821104, "time_cost": 150, "final_distance_cost": 73.86731699058134, "oscillation_cost": 217.26257305457167, "completition_cost": 333.33333333333337, "overshoot_cost": 49.03866841449628, "power_cost": 20.526761450195313, "noise_cost": 16.197049338932356, "n_waypoints_completed": 6, "tot_waypoints": 9}}
{"target": -3063.051298632694, "params": {"k_pid_pos": [0.0005509461625479162, 0.5475690960884094, 2.980232238769531e-07], "k_pid_alt": [1.7628673315048218, 0.8520293235778809, 0.5342189073562622], "k_pid_att": [0.506255030632019, 5.002772808074951, 0.531207263469696], "k_pid_yaw": [0.5, 1e-06, 0.1], "k_pid_hsp": [8.317489624023438, 0.545650839805603, 0.6929126977920532], "k_pid_vsp": [57.45028305053711, 262.64178466796875, 92.22367095947266]}, "datetime": {"datetime": "2025-08-21 09:06:46", "elapsed": 1322.9681429862976, "delta": 30.64053988456726}, "costs": {"total_cost": 3063.051298632694, "time_cost": 150, "final_distance_cost": 341.3549163352315, "oscillation_cost": 1032.1262317678613, "completition_cost": 1000.0, "overshoot_cost": 414.7781377335779, "power_cost": 33.42895681152344, "noise_cost": 91.36305598449992, "n_waypoints_completed": 0, "tot_waypoints": 9}}
{"target": -1379.4722024220948, "params": {"k_pid_pos": [9.999999747378752e-05, 0.9383440017700195, 0.9999974966049194], "k_pid_alt": [0.23699402809143066, 0.999213457107544, 0.6951721906661987], "k_pid_att": [99.0855484008789, 4.851593494415283, 0.9714297652244568], "k_pid_yaw": [0.5, 1e-06, 0.1], "k_pid_hsp": [8.70765209197998, 0.5642140507698059, 0.20338016748428345], "k_pid_vsp": [267.03009033203125, 153.59771728515625, 332.1784362792969]}, "datetime": {"datetime": "2025-08-21 09:07:11", "elapsed": 1347.8804230690002, "delta": 24.912280082702637}, "costs": {"total_cost": 1379.4722024220948, "time_cost": 150, "final_distance_cost": 71.90248058520594, "oscillation_cost": 185.39778474992636, "completition_cost": 888.8888888888888, "overshoot_cost": 49.07404170382937, "power_cost": 18.822226696777346, "noise_cost": 15.386779797467138, "n_waypoints_completed": 1, "tot_waypoints": 9}}
{"target": -1222.405918484803, "params": {"k_pid_pos": [1.9977697134017944, 0.7800110578536987, 0.12648463249206543], "k_pid_alt": [0.9516866207122803, 0.9996539354324341, 0.3408871591091156], "k_pid_att": [14.477783203125, 3.6367876529693604, 0.04573851823806763], "k_pid_yaw": [0.5, 1e-06, 0.1], "k_pid_hsp": [0.22388996183872223, 0.033168286085128784, 0.3923587203025818], "k_pid_vsp": [188.60707092285156, 224.44992065429688, 27.644182205200195]}, "datetime": {"datetime": "2025-08-21 09:07:41", "elapsed": 1377.5985190868378, "delta": 29.718096017837524}, "costs": {"total_cost": 1222.405918484803, "time_cost": 150, "final_distance_cost": 39.883152305820396, "oscillation_cost": 363.3812406541143, "completition_cost": 555.5555555555555, "overshoot_cost": 76.30314683099493, "power_cost": 20.779625231933593, "noise_cost": 16.503197906384177, "n_waypoints_completed": 4, "tot_waypoints": 9}}
{"target": -6209.5702245493785, "params": {"k_pid_pos": [0.00436950521543622, 0.3080001473426819, 0.9960992336273193], "k_pid_alt": [0.9650266170501709, 1.0, 0.7285218238830566], "k_pid_att": [0.0027745962142944336, 2.9682884216308594, 0.15404891967773438], "k_pid_yaw": [0.5, 1e-06, 0.1], "k_pid_hsp": [8.0869722366333, 0.02988991141319275, 0.5916076302528381], "k_pid_vsp": [59.209537506103516, 111.71696472167969, 65.9195556640625]}, "datetime": {"datetime": "2025-08-21 09:08:07", "elapsed": 1404.283105134964, "delta": 26.68458604812622}, "costs": {"total_cost": 6209.5702245493785, "time_cost": 150, "final_distance_cost": 1683.5568957988573, "oscillation_cost": 1905.5029083740928, "completition_cost": 1000.0, "overshoot_cost": 1332.7466092416985, "power_cost": 35.5736052734375, "noise_cost": 102.1902058612936, "n_waypoints_completed": 0, "tot_waypoints": 9}}
