{"target": -316.17950312899774, "params": {"k_pid_pos": [2.0, 0.9961693286895752, 1.0], "k_pid_alt": [1.9938476085662842, 1.0, 0.0069618821144104], "k_pid_att": [100.0, 0.5784193277359009, 0.9849665760993958], "k_pid_yaw": [0.5, 1e-06, 0.1], "k_pid_hsp": [9.817856788635254, 0.9980611801147461, 0.005110561847686768], "k_pid_vsp": [3.4784913063049316, 397.1430969238281, 1.478661060333252]}, "datetime": {"datetime": "2025-08-21 22:53:06", "elapsed": 50903.34600186348, "delta": 22.266197443008423}, "costs": {"total_cost": 316.17950312899774, "time_cost": 88.912, "final_distance_cost": 1.74069075557132, "oscillation_cost": 130.86978109575426, "completition_cost": 0.0, "overshoot_cost": 58.28709243292347, "power_cost": 21.466557836914063, "noise_cost": 14.903381007834627, "n_waypoints_completed": 9, "tot_waypoints": 9}}
{"target": -1216.0515916689676, "params": {"k_pid_pos": [2.0, 0.9413125514984131, 1.0], "k_pid_alt": [1.9343454837799072, 1.0, 0.01635923981666565], "k_pid_att": [100.0, 0.05484006181359291, 0.9940866827964783], "k_pid_yaw": [0.5, 1e-06, 0.1], "k_pid_hsp": [9.98220157623291, 0.9958237409591675, 0.0026414990425109863], "k_pid_vsp": [5.012845993041992, 398.99859619140625, 4.978776931762695]}, "datetime": {"datetime": "2025-08-21 22:53:30", "elapsed": 50926.50504946709, "delta": 23.159047603607178}, "costs": {"total_cost": 1216.0515916689676, "time_cost": 150, "final_distance_cost": 53.34279239336652, "oscillation_cost": 211.68409122592902, "completition_cost": 666.6666666666667, "overshoot_cost": 106.55028811534038, "power_cost": 15.316839282226564, "noise_cost": 12.490913985438171, "n_waypoints_completed": 3, "tot_waypoints": 9}}
{"target": -558.6906404212559, "params": {"k_pid_pos": [2.0, 0.9893056154251099, 1.0], "k_pid_alt": [1.9550148248672485, 1.0, 0.004811704158782959], "k_pid_att": [100.0, 0.18928593397140503, 0.9703283309936523], "k_pid_yaw": [0.5, 1e-06, 0.1], "k_pid_hsp": [9.979604721069336, 0.990978479385376, 0.0091133713722229], "k_pid_vsp": [3.382539749145508, 398.8131408691406, 6.51525354385376]}, "datetime": {"datetime": "2025-08-21 22:53:56", "elapsed": 50953.24092531204, "delta": 26.735875844955444}, "costs": {"total_cost": 558.6906404212559, "time_cost": 150, "final_distance_cost": 17.93913222038789, "oscillation_cost": 185.48282354125243, "completition_cost": 111.11111111111116, "overshoot_cost": 59.522719232273616, "power_cost": 20.364371057128906, "noise_cost": 14.270483259101985, "n_waypoints_completed": 8, "tot_waypoints": 9}}
{"target": -877.9000906938702, "params": {"k_pid_pos": [2.0, 0.9832409620285034, 1.0], "k_pid_alt": [1.9890522956848145, 1.0, 0.005449354648590088], "k_pid_att": [100.0, 0.213387131690979, 0.9870010614395142], "k_pid_yaw": [0.5, 1e-06, 0.1], "k_pid_hsp": [9.88918685913086, 0.9207156300544739, 0.0025112926959991455], "k_pid_vsp": [0.5031943321228027, 396.0360412597656, 4.419077396392822]}, "datetime": {"datetime": "2025-08-21 22:54:19", "elapsed": 50975.60409832001, "delta": 22.363173007965088}, "costs": {"total_cost": 877.9000906938702, "time_cost": 150, "final_distance_cost": 51.04255940303533, "oscillation_cost": 144.92543711255328, "completition_cost": 444.4444444444444, "overshoot_cost": 49.98810681507418, "power_cost": 21.742333361816407, "noise_cost": 15.75720955694648, "n_waypoints_completed": 5, "tot_waypoints": 9}}
{"target": -718.2218464438625, "params": {"k_pid_pos": [2.0, 0.9969503879547119, 1.0], "k_pid_alt": [1.9620152711868286, 1.0, 0.004799067974090576], "k_pid_att": [100.0, 0.9519960284233093, 0.9974857568740845], "k_pid_yaw": [0.5, 1e-06, 0.1], "k_pid_hsp": [9.868287086486816, 0.9929497241973877, 0.07294723391532898], "k_pid_vsp": [9.483850479125977, 397.1563720703125, 10.018826484680176]}, "datetime": {"datetime": "2025-08-21 22:54:45", "elapsed": 51001.85105228424, "delta": 26.2469539642334}, "costs": {"total_cost": 718.2218464438625, "time_cost": 150, "final_distance_cost": 69.33590213452736, "oscillation_cost": 187.38551083662276, "completition_cost": 222.2222222222222, "overshoot_cost": 51.61921878850108, "power_cost": 21.733009411621094, "noise_cost": 15.925983050368117, "n_waypoints_completed": 7, "tot_waypoints": 9}}
{"target": -718.3040681587554, "params": {"k_pid_pos": [2.0, 0.9677044749259949, 1.0], "k_pid_alt": [1.980521559715271, 1.0, 0.015705585479736328], "k_pid_att": [100.0, 0.06486278027296066, 0.9761184453964233], "k_pid_yaw": [0.5, 1e-06, 0.1], "k_pid_hsp": [9.922268867492676, 0.9948892593383789, 0.0370616614818573], "k_pid_vsp": [10.137557983398438, 397.2134094238281, 8.36430835723877]}, "datetime": {"datetime": "2025-08-21 22:55:07", "elapsed": 51024.37346315384, "delta": 22.52241086959839}, "costs": {"total_cost": 718.3040681587554, "time_cost": 150, "final_distance_cost": 71.97205844777943, "oscillation_cost": 183.43090999067962, "completition_cost": 222.2222222222222, "overshoot_cost": 52.54358264911381, "power_cost": 22.524920336914064, "noise_cost": 15.610374512046299, "n_waypoints_completed": 7, "tot_waypoints": 9}}
{"target": -2410.0768279738245, "params": {"k_pid_pos": [2.0, 0.9866529107093811, 1.0], "k_pid_alt": [1.9897589683532715, 1.0, 0.006685197353363037], "k_pid_att": [100.0, 0.0761982798576355, 0.9964826107025146], "k_pid_yaw": [0.5, 1e-06, 0.1], "k_pid_hsp": [9.303695678710938, 0.9241000413894653, 0.008726567029953003], "k_pid_vsp": [8.603775024414062, 394.6852111816406, 1.7570624351501465]}, "datetime": {"datetime": "2025-08-21 22:55:34", "elapsed": 51050.976863861084, "delta": 26.603400707244873}, "costs": {"total_cost": 2410.0768279738245, "time_cost": 150, "final_distance_cost": 723.9842148636255, "oscillation_cost": 202.97732119354694, "completition_cost": 777.7777777777778, "overshoot_cost": 525.8961252661106, "power_cost": 16.119634423828124, "noise_cost": 13.321754448935293, "n_waypoints_completed": 2, "tot_waypoints": 9}}
{"target": -318.47826654308824, "params": {"k_pid_pos": [2.0, 0.9983388185501099, 1.0], "k_pid_alt": [1.983381748199463, 1.0, 0.011335551738739014], "k_pid_att": [100.0, 0.2691398561000824, 0.9910069704055786], "k_pid_yaw": [0.5, 1e-06, 0.1], "k_pid_hsp": [9.812060356140137, 0.9948457479476929, 0.017424732446670532], "k_pid_vsp": [21.853721618652344, 398.8148498535156, 0.8424888253211975]}, "datetime": {"datetime": "2025-08-21 22:55:54", "elapsed": 51071.11711835861, "delta": 20.140254497528076}, "costs": {"total_cost": 318.47826654308824, "time_cost": 87.952, "final_distance_cost": 1.6835327885191238, "oscillation_cost": 139.1549494376889, "completition_cost": 0.0, "overshoot_cost": 54.0623915106712, "power_cost": 19.723032104492187, "noise_cost": 15.90236070171684, "n_waypoints_completed": 9, "tot_waypoints": 9}}
{"target": -824.5202552259517, "params": {"k_pid_pos": [2.0, 0.980291485786438, 1.0], "k_pid_alt": [1.9865732192993164, 1.0, 0.012585818767547607], "k_pid_att": [100.0, 0.16704557836055756, 0.9873024225234985], "k_pid_yaw": [0.5, 1e-06, 0.1], "k_pid_hsp": [9.904715538024902, 0.9958177804946899, 0.010736584663391113], "k_pid_vsp": [2.4228692054748535, 397.55712890625, 12.245667457580566]}, "datetime": {"datetime": "2025-08-21 22:56:19", "elapsed": 51095.787036180496, "delta": 24.669917821884155}, "costs": {"total_cost": 824.5202552259517, "time_cost": 150, "final_distance_cost": 70.9054165351381, "oscillation_cost": 184.71891555347605, "completition_cost": 333.33333333333337, "overshoot_cost": 54.581994371021445, "power_cost": 17.0224099609375, "noise_cost": 13.95818547204537, "n_waypoints_completed": 6, "tot_waypoints": 9}}
{"target": -546.5572241881044, "params": {"k_pid_pos": [2.0, 0.95328688621521, 0.9999998807907104], "k_pid_alt": [1.9659292697906494, 1.0, 0.1677047312259674], "k_pid_att": [100.0, 1.406978726387024, 0.9827308654785156], "k_pid_yaw": [0.5, 1e-06, 0.1], "k_pid_hsp": [9.837540626525879, 0.9807665944099426, 0.014437973499298096], "k_pid_vsp": [0.8577466011047363, 396.8692321777344, 5.95755672454834]}, "datetime": {"datetime": "2025-08-21 22:56:43", "elapsed": 51119.81438732147, "delta": 24.027351140975952}, "costs": {"total_cost": 546.5572241881044, "time_cost": 150, "final_distance_cost": 43.11142038701026, "oscillation_cost": 137.16716492287634, "completition_cost": 111.11111111111116, "overshoot_cost": 63.45188129060197, "power_cost": 24.568009790039063, "noise_cost": 17.14763668646575, "n_waypoints_completed": 8, "tot_waypoints": 9}}
{"target": -714.1576505738128, "params": {"k_pid_pos": [2.0, 0.9726348519325256, 0.9999999403953552], "k_pid_alt": [1.9593875408172607, 1.0, 0.0059108734130859375], "k_pid_att": [100.0, 0.43710315227508545, 0.9837366342544556], "k_pid_yaw": [0.5, 1e-06, 0.1], "k_pid_hsp": [9.941808700561523, 0.9958298802375793, 0.01447346806526184], "k_pid_vsp": [0.9933233261108398, 397.8039855957031, 6.229330062866211]}, "datetime": {"datetime": "2025-08-21 22:57:09", "elapsed": 51145.51325917244, "delta": 25.698871850967407}, "costs": {"total_cost": 714.1576505738128, "time_cost": 150, "final_distance_cost": 72.85510431362097, "oscillation_cost": 171.78245749840465, "completition_cost": 222.2222222222222, "overshoot_cost": 59.461533851819325, "power_cost": 21.68271953125, "noise_cost": 16.15361315649572, "n_waypoints_completed": 7, "tot_waypoints": 9}}
{"target": -682.526597693363, "params": {"k_pid_pos": [2.0, 0.9771205186843872, 1.0], "k_pid_alt": [1.9911699295043945, 1.0, 0.007784038782119751], "k_pid_att": [100.0, 0.10230902582406998, 0.9938610792160034], "k_pid_yaw": [0.5, 1e-06, 0.1], "k_pid_hsp": [9.865663528442383, 0.9879803657531738, 0.041142284870147705], "k_pid_vsp": [2.158939838409424, 393.69683837890625, 2.6540169715881348]}, "datetime": {"datetime": "2025-08-21 22:57:32", "elapsed": 51169.32672381401, "delta": 23.813464641571045}, "costs": {"total_cost": 682.526597693363, "time_cost": 150, "final_distance_cost": 64.38920946471754, "oscillation_cost": 153.36504998939498, "completition_cost": 222.2222222222222, "overshoot_cost": 52.35803075451753, "power_cost": 23.84617049560547, "noise_cost": 16.345914766905086, "n_waypoints_completed": 7, "tot_waypoints": 9}}
{"target": -891.0102207505664, "params": {"k_pid_pos": [2.0, 0.9959203004837036, 0.999873161315918], "k_pid_alt": [1.9670846462249756, 1.0, 0.02415543794631958], "k_pid_att": [100.0, 0.038020096719264984, 0.9929561614990234], "k_pid_yaw": [0.5, 1e-06, 0.1], "k_pid_hsp": [9.852388381958008, 0.99111008644104, 0.0011964142322540283], "k_pid_vsp": [5.398058891296387, 397.7566223144531, 1.2974629402160645]}, "datetime": {"datetime": "2025-08-21 22:57:56", "elapsed": 51192.81929564476, "delta": 23.49257183074951}, "costs": {"total_cost": 891.0102207505664, "time_cost": 150, "final_distance_cost": 44.60615794346708, "oscillation_cost": 169.352269557112, "completition_cost": 444.4444444444444, "overshoot_cost": 50.514947255126984, "power_cost": 17.922102014160156, "noise_cost": 14.170299536255795, "n_waypoints_completed": 5, "tot_waypoints": 9}}
{"target": -354.6739664587745, "params": {"k_pid_pos": [2.0, 0.9855367541313171, 1.0], "k_pid_alt": [1.9857498407363892, 1.0, 0.009280651807785034], "k_pid_att": [100.0, 0.03184869512915611, 0.9853204488754272], "k_pid_yaw": [0.5, 1e-06, 0.1], "k_pid_hsp": [9.9556245803833, 0.9981151819229126, 0.007730036973953247], "k_pid_vsp": [6.61466121673584, 362.28076171875, 1.4741311073303223]}, "datetime": {"datetime": "2025-08-21 22:58:20", "elapsed": 51216.509048461914, "delta": 23.68975281715393}, "costs": {"total_cost": 354.6739664587745, "time_cost": 97.944, "final_distance_cost": 1.77961858254717, "oscillation_cost": 156.07491623628536, "completition_cost": 0.0, "overshoot_cost": 61.81710485147467, "power_cost": 21.65392469482422, "noise_cost": 15.404402093643043, "n_waypoints_completed": 9, "tot_waypoints": 9}}
{"target": -786.5680507033827, "params": {"k_pid_pos": [2.0, 0.9847535490989685, 1.0], "k_pid_alt": [1.969834566116333, 1.0, 0.027615100145339966], "k_pid_att": [100.0, 0.08607645332813263, 0.9854633808135986], "k_pid_yaw": [0.5, 1e-06, 0.1], "k_pid_hsp": [9.573657035827637, 0.9983164072036743, 0.0019537806510925293], "k_pid_vsp": [1.0721206665039062, 397.8382873535156, 4.14939022064209]}, "datetime": {"datetime": "2025-08-21 22:58:44", "elapsed": 51241.31851005554, "delta": 24.80946159362793}, "costs": {"total_cost": 786.5680507033827, "time_cost": 150, "final_distance_cost": 65.056241566442, "oscillation_cost": 151.4582379228307, "completition_cost": 333.33333333333337, "overshoot_cost": 52.401538805335385, "power_cost": 20.167963745117188, "noise_cost": 14.150735330324123, "n_waypoints_completed": 6, "tot_waypoints": 9}}
{"target": -724.2691771830038, "params": {"k_pid_pos": [1.999999761581421, 0.975918173789978, 1.0], "k_pid_alt": [1.9942600727081299, 1.0, 0.03127625584602356], "k_pid_att": [100.0, 0.08491238951683044, 0.9920413494110107], "k_pid_yaw": [0.5, 1e-06, 0.1], "k_pid_hsp": [9.897632598876953, 0.9703322649002075, 0.002981722354888916], "k_pid_vsp": [8.904814720153809, 398.7608337402344, 5.891824722290039]}, "datetime": {"datetime": "2025-08-21 22:59:07", "elapsed": 51264.3468606472, "delta": 23.028350591659546}, "costs": {"total_cost": 724.2691771830038, "time_cost": 150, "final_distance_cost": 70.6607691166419, "oscillation_cost": 190.81279457682245, "completition_cost": 222.2222222222222, "overshoot_cost": 55.36695314022072, "power_cost": 19.881999340820315, "noise_cost": 15.324438786276115, "n_waypoints_completed": 7, "tot_waypoints": 9}}
{"target": -880.740114264383, "params": {"k_pid_pos": [2.0, 0.9966543912887573, 1.0], "k_pid_alt": [1.9865343570709229, 1.0, 0.003847837448120117], "k_pid_att": [100.0, 0.07403524965047836, 0.9752613306045532], "k_pid_yaw": [0.5, 1e-06, 0.1], "k_pid_hsp": [9.913800239562988, 0.9836865663528442, 0.01588493585586548], "k_pid_vsp": [7.1738600730896, 398.2488098144531, 4.277575969696045]}, "datetime": {"datetime": "2025-08-21 22:59:34", "elapsed": 51290.56789183617, "delta": 26.221031188964844}, "costs": {"total_cost": 880.740114264383, "time_cost": 150, "final_distance_cost": 92.96416672572154, "oscillation_cost": 213.0553118336106, "completition_cost": 333.33333333333337, "overshoot_cost": 55.86739212096843, "power_cost": 20.524462255859376, "noise_cost": 14.995447994889643, "n_waypoints_completed": 6, "tot_waypoints": 9}}
{"target": -349.85423559025753, "params": {"k_pid_pos": [2.0, 0.9886702299118042, 1.0], "k_pid_alt": [1.996706247329712, 1.0, 0.023395270109176636], "k_pid_att": [100.0, 0.11496445536613464, 0.9939322471618652], "k_pid_yaw": [0.5, 1e-06, 0.1], "k_pid_hsp": [9.876309394836426, 0.9984264373779297, 0.010989278554916382], "k_pid_vsp": [13.828742980957031, 394.0738220214844, 1.2300620079040527]}, "datetime": {"datetime": "2025-08-21 22:59:56", "elapsed": 51313.01562285423, "delta": 22.447731018066406}, "costs": {"total_cost": 349.85423559025753, "time_cost": 96.104, "final_distance_cost": 1.7818850431341262, "oscillation_cost": 158.64983442929727, "completition_cost": 0.0, "overshoot_cost": 57.08159722931317, "power_cost": 21.177896887207034, "noise_cost": 15.059022001305866, "n_waypoints_completed": 9, "tot_waypoints": 9}}
{"target": -883.6402850071885, "params": {"k_pid_pos": [2.0, 0.9958443641662598, 1.0], "k_pid_alt": [1.9900343418121338, 1.0, 0.01816171407699585], "k_pid_att": [100.0, 0.10208014398813248, 0.9951759576797485], "k_pid_yaw": [0.5, 1e-06, 0.1], "k_pid_hsp": [9.905128479003906, 0.9932886362075806, 0.02290937304496765], "k_pid_vsp": [3.4735798835754395, 389.3116455078125, 5.3408989906311035]}, "datetime": {"datetime": "2025-08-21 23:00:21", "elapsed": 51337.68722653389, "delta": 24.671603679656982}, "costs": {"total_cost": 883.6402850071885, "time_cost": 150, "final_distance_cost": 50.52932590274017, "oscillation_cost": 154.7002028343751, "completition_cost": 444.4444444444444, "overshoot_cost": 52.079770488358925, "power_cost": 18.364682067871094, "noise_cost": 13.521859269398846, "n_waypoints_completed": 5, "tot_waypoints": 9}}
{"target": -691.6196305816109, "params": {"k_pid_pos": [2.0, 0.9950844049453735, 1.0], "k_pid_alt": [1.9304158687591553, 1.0, 0.00220412015914917], "k_pid_att": [100.0, 0.10436148941516876, 0.9951709508895874], "k_pid_yaw": [0.5, 1e-06, 0.1], "k_pid_hsp": [9.986804962158203, 0.9991998672485352, 0.002667456865310669], "k_pid_vsp": [1.6987323760986328, 383.67547607421875, 2.705491542816162]}, "datetime": {"datetime": "2025-08-21 23:00:45", "elapsed": 51361.58184814453, "delta": 23.89462161064148}, "costs": {"total_cost": 691.6196305816109, "time_cost": 150, "final_distance_cost": 64.45706246308373, "oscillation_cost": 156.094186515609, "completition_cost": 222.2222222222222, "overshoot_cost": 59.80638865549309, "power_cost": 22.398701098632813, "noise_cost": 16.64106962657007, "n_waypoints_completed": 7, "tot_waypoints": 9}}
{"target": -2835.2910563504593, "params": {"k_pid_pos": [2.0, 0.987994909286499, 1.0], "k_pid_alt": [1.9018373489379883, 1.0, 0.007265716791152954], "k_pid_att": [100.0, 0.06421369314193726, 0.9875278472900391], "k_pid_yaw": [0.5, 1e-06, 0.1], "k_pid_hsp": [9.840923309326172, 0.958846926689148, 0.013534486293792725], "k_pid_vsp": [1.2749433517456055, 391.3970947265625, 10.433388710021973]}, "datetime": {"datetime": "2025-08-21 23:01:09", "elapsed": 51386.055943489075, "delta": 24.474095344543457}, "costs": {"total_cost": 2835.2910563504593, "time_cost": 150, "final_distance_cost": 849.7535449800141, "oscillation_cost": 223.8675965314753, "completition_cost": 777.7777777777778, "overshoot_cost": 802.5685069227676, "power_cost": 17.454557287597655, "noise_cost": 13.869072850826637, "n_waypoints_completed": 2, "tot_waypoints": 9}}
{"target": -939.7690945983754, "params": {"k_pid_pos": [2.0, 0.9958064556121826, 0.31609541177749634], "k_pid_alt": [1.97427499294281, 1.0, 0.011738210916519165], "k_pid_att": [99.99906158447266, 0.07455290853977203, 0.992785632610321], "k_pid_yaw": [0.5, 1e-06, 0.1], "k_pid_hsp": [9.964076042175293, 0.977934718132019, 0.006808102130889893], "k_pid_vsp": [8.257627487182617, 397.7442626953125, 2.742887496948242]}, "datetime": {"datetime": "2025-08-21 23:01:33", "elapsed": 51410.14893078804, "delta": 24.092987298965454}, "costs": {"total_cost": 939.7690945983754, "time_cost": 150, "final_distance_cost": 48.24300016465546, "oscillation_cost": 90.62066865552192, "completition_cost": 555.5555555555555, "overshoot_cost": 56.38044112669148, "power_cost": 22.463826953125, "noise_cost": 16.50560214282597, "n_waypoints_completed": 4, "tot_waypoints": 9}}
{"target": -715.6959315245808, "params": {"k_pid_pos": [2.0, 0.9766014814376831, 1.0], "k_pid_alt": [1.9384846687316895, 1.0, 0.016553103923797607], "k_pid_att": [100.0, 0.0354076512157917, 0.9714512825012207], "k_pid_yaw": [0.5, 1e-06, 0.1], "k_pid_hsp": [9.169098854064941, 0.9970583915710449, 0.049842894077301025], "k_pid_vsp": [5.051207542419434, 396.723876953125, 17.889787673950195]}, "datetime": {"datetime": "2025-08-21 23:01:57", "elapsed": 51433.75003480911, "delta": 23.601104021072388}, "costs": {"total_cost": 715.6959315245808, "time_cost": 150, "final_distance_cost": 64.63644894341994, "oscillation_cost": 187.86923784550916, "completition_cost": 222.2222222222222, "overshoot_cost": 51.306968459130786, "power_cost": 22.71468067626953, "noise_cost": 16.946373378029346, "n_waypoints_completed": 7, "tot_waypoints": 9}}
{"target": -1285.79822881547, "params": {"k_pid_pos": [2.0, 0.9815515875816345, 0.004666835069656372], "k_pid_alt": [1.9941264390945435, 1.0, 0.0027232766151428223], "k_pid_att": [100.0, 0.4670473337173462, 0.9268913865089417], "k_pid_yaw": [0.5, 1e-06, 0.1], "k_pid_hsp": [9.968160629272461, 0.9763560891151428, 0.03515520691871643], "k_pid_vsp": [0.9756088256835938, 398.45477294921875, 5.4236063957214355]}, "datetime": {"datetime": "2025-08-21 23:02:21", "elapsed": 51458.263748407364, "delta": 24.513713598251343}, "costs": {"total_cost": 1285.79822881547, "time_cost": 150, "final_distance_cost": 74.70699114374041, "oscillation_cost": 85.36830634028765, "completition_cost": 888.8888888888888, "overshoot_cost": 45.988424425701986, "power_cost": 24.350061364746097, "noise_cost": 16.495556652105023, "n_waypoints_completed": 1, "tot_waypoints": 9}}
{"target": -807.7415933978536, "params": {"k_pid_pos": [2.0, 0.9963186979293823, 1.0], "k_pid_alt": [1.9766017198562622, 1.0, 0.01892271637916565], "k_pid_att": [100.0, 0.08524706959724426, 0.9707602858543396], "k_pid_yaw": [0.5, 1e-06, 0.1], "k_pid_hsp": [9.955069541931152, 0.9977704882621765, 0.035792022943496704], "k_pid_vsp": [3.668200969696045, 399.4288330078125, 1.7769584655761719]}, "datetime": {"datetime": "2025-08-21 23:02:45", "elapsed": 51481.72291493416, "delta": 23.459166526794434}, "costs": {"total_cost": 807.7415933978536, "time_cost": 150, "final_distance_cost": 61.866779330235616, "oscillation_cost": 167.42176761221108, "completition_cost": 333.33333333333337, "overshoot_cost": 52.219499282885465, "power_cost": 24.79048415527344, "noise_cost": 18.10972968391467, "n_waypoints_completed": 6, "tot_waypoints": 9}}
{"target": -919.4058359968849, "params": {"k_pid_pos": [2.0, 0.9868320822715759, 0.9999984502792358], "k_pid_alt": [1.864148497581482, 1.0, 0.023826241493225098], "k_pid_att": [100.0, 0.08731711655855179, 0.9620277881622314], "k_pid_yaw": [0.5, 1e-06, 0.1], "k_pid_hsp": [9.874570846557617, 0.9964715242385864, 0.008068442344665527], "k_pid_vsp": [5.2558183670043945, 388.31182861328125, 0.5025277733802795]}, "datetime": {"datetime": "2025-08-21 23:03:10", "elapsed": 51506.81301355362, "delta": 25.09009861946106}, "costs": {"total_cost": 919.4058359968849, "time_cost": 150, "final_distance_cost": 52.99156737354605, "oscillation_cost": 186.93839809717565, "completition_cost": 444.4444444444444, "overshoot_cost": 51.1188123975458, "power_cost": 18.998322985839845, "noise_cost": 14.914290698333138, "n_waypoints_completed": 5, "tot_waypoints": 9}}
