{"target": -938.4778898312177, "params": {"k_pid_pos": [2.0, 0.9935705065727234, 1.0], "k_pid_alt": [1.974351167678833, 1.0, 0.014609932899475098], "k_pid_att": [100.0, 0.3126269578933716, 0.9940809011459351], "k_pid_yaw": [0.5, 1e-06, 0.1], "k_pid_hsp": [9.968170166015625, 0.9951882362365723, 0.033447593450546265], "k_pid_vsp": [3.6713480949401855, 397.78741455078125, 6.032837390899658]}, "datetime": {"datetime": "2025-08-21 23:14:03", "elapsed": 52159.48632025719, "delta": 24.65553331375122}, "costs": {"total_cost": 938.4778898312177, "time_cost": 150, "final_distance_cost": 46.17680437820259, "oscillation_cost": 193.2777357472529, "completition_cost": 444.4444444444444, "overshoot_cost": 54.38196033085371, "power_cost": 25.23563896484375, "noise_cost": 24.961305965620383, "n_waypoints_completed": 5, "tot_waypoints": 9}}
{"target": -696.2368613072534, "params": {"k_pid_pos": [2.0, 0.9853213429450989, 1.0], "k_pid_alt": [1.9865671396255493, 0.9999998807907104, 0.028734296560287476], "k_pid_att": [100.0, 0.07945504039525986, 0.9960354566574097], "k_pid_yaw": [0.5, 1e-06, 0.1], "k_pid_hsp": [9.892180442810059, 0.959836483001709, 0.013010770082473755], "k_pid_vsp": [8.29780101776123, 383.29547119140625, 3.761554718017578]}, "datetime": {"datetime": "2025-08-21 23:14:27", "elapsed": 52183.62728476524, "delta": 24.14096450805664}, "costs": {"total_cost": 696.2368613072534, "time_cost": 150, "final_distance_cost": 63.65017848410879, "oscillation_cost": 160.76107859326646, "completition_cost": 222.2222222222222, "overshoot_cost": 57.76592075731776, "power_cost": 23.835188928222657, "noise_cost": 18.0022723221156, "n_waypoints_completed": 7, "tot_waypoints": 9}}
{"target": -845.4323203319346, "params": {"k_pid_pos": [2.0, 0.9938223361968994, 1.0], "k_pid_alt": [1.992868185043335, 0.9999990463256836, 0.03840997815132141], "k_pid_att": [100.0, 0.20750361680984497, 0.9991533756256104], "k_pid_yaw": [0.5, 1e-06, 0.1], "k_pid_hsp": [9.972410202026367, 0.995013952255249, 0.011077642440795898], "k_pid_vsp": [3.7669777870178223, 398.1845703125, 4.549683094024658]}, "datetime": {"datetime": "2025-08-21 23:14:52", "elapsed": 52208.438024282455, "delta": 24.810739517211914}, "costs": {"total_cost": 845.4323203319346, "time_cost": 150, "final_distance_cost": 71.35956248994103, "oscillation_cost": 202.9246027318563, "completition_cost": 333.33333333333337, "overshoot_cost": 53.85911012833322, "power_cost": 19.649231359863283, "noise_cost": 14.306480288607405, "n_waypoints_completed": 6, "tot_waypoints": 9}}
{"target": -893.5353819575371, "params": {"k_pid_pos": [2.0, 0.9740809202194214, 0.9997648000717163], "k_pid_alt": [1.964423656463623, 1.0, 0.018412917852401733], "k_pid_att": [100.0, 0.047321904450654984, 0.9884806871414185], "k_pid_yaw": [0.5, 1e-06, 0.1], "k_pid_hsp": [9.984556198120117, 0.9900414943695068, 0.03921285271644592], "k_pid_vsp": [6.7580461502075195, 398.12066650390625, 1.858771800994873]}, "datetime": {"datetime": "2025-08-21 23:15:15", "elapsed": 52231.57726383209, "delta": 23.13923954963684}, "costs": {"total_cost": 893.5353819575371, "time_cost": 150, "final_distance_cost": 59.104135411194754, "oscillation_cost": 136.75952662148592, "completition_cost": 444.4444444444444, "overshoot_cost": 53.30468276202451, "power_cost": 27.77492069091797, "noise_cost": 22.1476720274695, "n_waypoints_completed": 5, "tot_waypoints": 9}}
{"target": -683.4667430696999, "params": {"k_pid_pos": [1.9999998807907104, 0.9949460625648499, 1.0], "k_pid_alt": [1.9938325881958008, 1.0, 0.009614259004592896], "k_pid_att": [99.99607849121094, 0.14552225172519684, 0.9953098893165588], "k_pid_yaw": [0.5, 1e-06, 0.1], "k_pid_hsp": [9.955129623413086, 0.9942914247512817, 0.0032939910888671875], "k_pid_vsp": [3.058457374572754, 381.9158935546875, 2.6772866249084473]}, "datetime": {"datetime": "2025-08-21 23:15:41", "elapsed": 52257.69741439819, "delta": 26.120150566101074}, "costs": {"total_cost": 683.4667430696999, "time_cost": 150, "final_distance_cost": 72.75011326669123, "oscillation_cost": 149.64614910228042, "completition_cost": 222.2222222222222, "overshoot_cost": 50.09784102944818, "power_cost": 22.400557067871095, "noise_cost": 16.349860381186737, "n_waypoints_completed": 7, "tot_waypoints": 9}}
{"target": -310.2837340709128, "params": {"k_pid_pos": [2.0, 0.968417763710022, 1.0], "k_pid_alt": [1.9756258726119995, 1.0, 0.0030652284622192383], "k_pid_att": [100.0, 0.052092909812927246, 0.9949856996536255], "k_pid_yaw": [0.5, 1e-06, 0.1], "k_pid_hsp": [9.702030181884766, 0.9938744306564331, 0.0019067823886871338], "k_pid_vsp": [0.47986507415771484, 393.64996337890625, 4.594374656677246]}, "datetime": {"datetime": "2025-08-21 23:16:02", "elapsed": 52278.815813064575, "delta": 21.118398666381836}, "costs": {"total_cost": 310.2837340709128, "time_cost": 91.19200000000001, "final_distance_cost": 1.7723983184151355, "oscillation_cost": 123.69588008716056, "completition_cost": 0.0, "overshoot_cost": 57.940273603754996, "power_cost": 20.882295080566408, "noise_cost": 14.800886981015719, "n_waypoints_completed": 9, "tot_waypoints": 9}}
{"target": -864.5685925692487, "params": {"k_pid_pos": [2.0, 0.9797429442405701, 1.0], "k_pid_alt": [1.9215501546859741, 1.0, 0.02207094430923462], "k_pid_att": [100.0, 0.06560395658016205, 0.9768251180648804], "k_pid_yaw": [0.5, 1e-06, 0.1], "k_pid_hsp": [9.707926750183105, 0.9899224042892456, 0.0052721500396728516], "k_pid_vsp": [10.237943649291992, 396.74700927734375, 2.8543601036071777]}, "datetime": {"datetime": "2025-08-21 23:16:27", "elapsed": 52303.55215239525, "delta": 24.736339330673218}, "costs": {"total_cost": 864.5685925692487, "time_cost": 150, "final_distance_cost": 47.658394168844126, "oscillation_cost": 115.1108996176001, "completition_cost": 444.4444444444444, "overshoot_cost": 56.31192616854796, "power_cost": 26.546637890625, "noise_cost": 24.496290279187146, "n_waypoints_completed": 5, "tot_waypoints": 9}}
{"target": -793.5230175119166, "params": {"k_pid_pos": [2.0, 0.9886906147003174, 1.0], "k_pid_alt": [1.9745445251464844, 1.0, 0.0053740739822387695], "k_pid_att": [100.0, 0.3369978666305542, 0.9472677111625671], "k_pid_yaw": [0.5, 1e-06, 0.1], "k_pid_hsp": [9.956143379211426, 0.9774316549301147, 0.008421599864959717], "k_pid_vsp": [1.8524169921875, 394.5489501953125, 1.1725435256958008]}, "datetime": {"datetime": "2025-08-21 23:16:50", "elapsed": 52326.9636452198, "delta": 23.411492824554443}, "costs": {"total_cost": 793.5230175119166, "time_cost": 150, "final_distance_cost": 71.27679248775712, "oscillation_cost": 120.09227226623565, "completition_cost": 333.33333333333337, "overshoot_cost": 68.8818332600063, "power_cost": 27.319427770996096, "noise_cost": 22.619358393588065, "n_waypoints_completed": 6, "tot_waypoints": 9}}
{"target": -890.9657309289282, "params": {"k_pid_pos": [2.0, 0.9946225881576538, 1.0], "k_pid_alt": [1.8655320405960083, 1.0, 0.0230218768119812], "k_pid_att": [99.99699401855469, 0.031367987394332886, 0.9956484436988831], "k_pid_yaw": [0.5, 1e-06, 0.1], "k_pid_hsp": [9.890155792236328, 0.9959467649459839, 0.007920593023300171], "k_pid_vsp": [2.4248600006103516, 399.0630187988281, 13.471818923950195]}, "datetime": {"datetime": "2025-08-21 23:17:15", "elapsed": 52351.680237054825, "delta": 24.716591835021973}, "costs": {"total_cost": 890.9657309289282, "time_cost": 150, "final_distance_cost": 60.82834291739572, "oscillation_cost": 152.6613898652549, "completition_cost": 444.4444444444444, "overshoot_cost": 52.16401611457837, "power_cost": 17.40532801513672, "noise_cost": 13.462209572118114, "n_waypoints_completed": 5, "tot_waypoints": 9}}
{"target": -653.3721966545102, "params": {"k_pid_pos": [2.0, 0.9951651096343994, 1.0], "k_pid_alt": [1.9850730895996094, 1.0, 0.018465489149093628], "k_pid_att": [100.0, 0.060700926929712296, 0.9836586713790894], "k_pid_yaw": [0.5, 1e-06, 0.1], "k_pid_hsp": [9.930566787719727, 0.9961931109428406, 0.011288344860076904], "k_pid_vsp": [9.159469604492188, 395.462646484375, 6.904650688171387]}, "datetime": {"datetime": "2025-08-21 23:17:38", "elapsed": 52374.686346292496, "delta": 23.0061092376709}, "costs": {"total_cost": 653.3721966545102, "time_cost": 150, "final_distance_cost": 70.56396108054327, "oscillation_cost": 113.10716282456826, "completition_cost": 222.2222222222222, "overshoot_cost": 55.24253071227263, "power_cost": 25.152632934570313, "noise_cost": 17.083686880333474, "n_waypoints_completed": 7, "tot_waypoints": 9}}
{"target": -325.9985946511141, "params": {"k_pid_pos": [2.0, 0.9930012822151184, 1.0], "k_pid_alt": [1.980357050895691, 1.0, 0.0033977627754211426], "k_pid_att": [100.0, 0.21507661044597626, 0.9471945762634277], "k_pid_yaw": [0.5, 1e-06, 0.1], "k_pid_hsp": [9.811245918273926, 0.9948997497558594, 0.008099257946014404], "k_pid_vsp": [0.9185433387756348, 393.671875, 1.4737615585327148]}, "datetime": {"datetime": "2025-08-21 23:18:01", "elapsed": 52397.5769405365, "delta": 22.890594244003296}, "costs": {"total_cost": 325.9985946511141, "time_cost": 91.632, "final_distance_cost": 1.782712056985814, "oscillation_cost": 139.0151541126786, "completition_cost": 0.0, "overshoot_cost": 60.16579829713551, "power_cost": 19.40599285888672, "noise_cost": 13.99693732542741, "n_waypoints_completed": 9, "tot_waypoints": 9}}
{"target": -537.9811830874823, "params": {"k_pid_pos": [2.0, 0.9973982572555542, 1.0], "k_pid_alt": [1.9824743270874023, 1.0, 0.007402688264846802], "k_pid_att": [100.0, 0.0993616059422493, 0.9976706504821777], "k_pid_yaw": [0.5, 1e-06, 0.1], "k_pid_hsp": [9.845209121704102, 0.9844668507575989, 0.010564178228378296], "k_pid_vsp": [6.156301498413086, 397.7442626953125, 10.51746654510498]}, "datetime": {"datetime": "2025-08-21 23:18:24", "elapsed": 52420.857151031494, "delta": 23.280210494995117}, "costs": {"total_cost": 537.9811830874823, "time_cost": 150, "final_distance_cost": 10.890097736680689, "oscillation_cost": 163.47362242705805, "completition_cost": 111.11111111111116, "overshoot_cost": 62.13259536841632, "power_cost": 23.094626501464845, "noise_cost": 17.279129942751286, "n_waypoints_completed": 8, "tot_waypoints": 9}}
{"target": -330.5925663623883, "params": {"k_pid_pos": [2.0, 0.9969726204872131, 1.0], "k_pid_alt": [1.9823144674301147, 1.0, 0.027637869119644165], "k_pid_att": [100.0, 0.1675107777118683, 0.9933938384056091], "k_pid_yaw": [0.5, 1e-06, 0.1], "k_pid_hsp": [9.879820823669434, 0.9892483949661255, 0.008395969867706299], "k_pid_vsp": [8.32509994506836, 397.3492126464844, 7.4453840255737305]}, "datetime": {"datetime": "2025-08-21 23:18:48", "elapsed": 52444.90542316437, "delta": 24.048272132873535}, "costs": {"total_cost": 330.5925663623883, "time_cost": 93.248, "final_distance_cost": 1.7419633214321657, "oscillation_cost": 149.50307961675603, "completition_cost": 0.0, "overshoot_cost": 55.173197822583035, "power_cost": 17.853353771972657, "noise_cost": 13.072971829644489, "n_waypoints_completed": 9, "tot_waypoints": 9}}
{"target": -604.9229890128076, "params": {"k_pid_pos": [2.0, 0.9868661165237427, 1.0], "k_pid_alt": [1.956460952758789, 1.0, 0.001965254545211792], "k_pid_att": [100.0, 0.1427643746137619, 0.9993787407875061], "k_pid_yaw": [0.5, 1e-06, 0.1], "k_pid_hsp": [9.934178352355957, 0.9885622262954712, 0.01130494475364685], "k_pid_vsp": [1.6168713569641113, 389.2630920410156, 1.7133960723876953]}, "datetime": {"datetime": "2025-08-21 23:19:12", "elapsed": 52469.200050115585, "delta": 24.29462695121765}, "costs": {"total_cost": 604.9229890128076, "time_cost": 150, "final_distance_cost": 63.18671513464775, "oscillation_cost": 189.98175589464506, "completition_cost": 111.11111111111116, "overshoot_cost": 55.620168251748275, "power_cost": 20.567484399414063, "noise_cost": 14.455754221241287, "n_waypoints_completed": 8, "tot_waypoints": 9}}
{"target": -580.8283432765917, "params": {"k_pid_pos": [2.0, 0.9973853230476379, 1.0], "k_pid_alt": [1.9869612455368042, 1.0, 0.028515160083770752], "k_pid_att": [100.0, 0.12700507044792175, 0.9952861070632935], "k_pid_yaw": [0.5, 1e-06, 0.1], "k_pid_hsp": [9.809969902038574, 0.9926487803459167, 0.007978498935699463], "k_pid_vsp": [2.668881416320801, 399.383056640625, 2.031017303466797]}, "datetime": {"datetime": "2025-08-21 23:19:38", "elapsed": 52495.215396404266, "delta": 26.01534628868103}, "costs": {"total_cost": 580.8283432765917, "time_cost": 150, "final_distance_cost": 66.1083442311899, "oscillation_cost": 160.40435613279604, "completition_cost": 111.11111111111116, "overshoot_cost": 58.7470867257361, "power_cost": 20.242212829589846, "noise_cost": 14.21523224616869, "n_waypoints_completed": 8, "tot_waypoints": 9}}
{"target": -712.8263801853416, "params": {"k_pid_pos": [2.0, 0.9921731948852539, 1.0], "k_pid_alt": [1.9841338396072388, 1.0, 0.018037647008895874], "k_pid_att": [100.0, 0.13962651789188385, 0.9893373250961304], "k_pid_yaw": [0.5, 1e-06, 0.1], "k_pid_hsp": [9.979028701782227, 0.9781376719474792, 0.01975378394126892], "k_pid_vsp": [4.947137832641602, 397.9241638183594, 12.533236503601074]}, "datetime": {"datetime": "2025-08-21 23:20:02", "elapsed": 52519.266337394714, "delta": 24.050940990447998}, "costs": {"total_cost": 712.8263801853416, "time_cost": 150, "final_distance_cost": 67.99647013680446, "oscillation_cost": 177.47658714717596, "completition_cost": 222.2222222222222, "overshoot_cost": 55.109541256893074, "power_cost": 22.907658410644533, "noise_cost": 17.113901011601378, "n_waypoints_completed": 7, "tot_waypoints": 9}}
{"target": -769.772495458992, "params": {"k_pid_pos": [2.0, 0.981946587562561, 1.0], "k_pid_alt": [1.97751784324646, 1.0, 0.1202249526977539], "k_pid_att": [100.0, 0.2617608606815338, 0.9837125539779663], "k_pid_yaw": [0.5, 1e-06, 0.1], "k_pid_hsp": [9.779476165771484, 0.9115588665008545, 0.0020163655281066895], "k_pid_vsp": [4.762792587280273, 395.5447082519531, 2.2451529502868652]}, "datetime": {"datetime": "2025-08-21 23:20:28", "elapsed": 52545.343660354614, "delta": 26.077322959899902}, "costs": {"total_cost": 769.772495458992, "time_cost": 150, "final_distance_cost": 66.25855513030433, "oscillation_cost": 123.10721115397712, "completition_cost": 333.33333333333337, "overshoot_cost": 58.26445129206408, "power_cost": 22.352069116210938, "noise_cost": 16.456875433102137, "n_waypoints_completed": 6, "tot_waypoints": 9}}
{"target": -791.0026208781624, "params": {"k_pid_pos": [2.0, 0.9930393695831299, 1.0], "k_pid_alt": [1.9724318981170654, 1.0, 0.013771235942840576], "k_pid_att": [100.0, 0.3093731701374054, 0.9969276189804077], "k_pid_yaw": [0.5, 1e-06, 0.1], "k_pid_hsp": [9.932906150817871, 0.9721065759658813, 0.019156694412231445], "k_pid_vsp": [2.818763256072998, 396.681640625, 1.4659771919250488]}, "datetime": {"datetime": "2025-08-21 23:20:51", "elapsed": 52568.352944374084, "delta": 23.009284019470215}, "costs": {"total_cost": 791.0026208781624, "time_cost": 150, "final_distance_cost": 65.63873693338734, "oscillation_cost": 144.56281663426546, "completition_cost": 333.33333333333337, "overshoot_cost": 54.31917793856873, "power_cost": 24.34391442871094, "noise_cost": 18.804641609896542, "n_waypoints_completed": 6, "tot_waypoints": 9}}
{"target": -704.98907004729, "params": {"k_pid_pos": [2.0, 0.9938524961471558, 1.0], "k_pid_alt": [1.8177000284194946, 1.0, 0.003372371196746826], "k_pid_att": [100.0, 0.033468134701251984, 0.9863232374191284], "k_pid_yaw": [0.5, 1e-06, 0.1], "k_pid_hsp": [9.968960762023926, 0.9376776218414307, 0.014636129140853882], "k_pid_vsp": [8.603334426879883, 399.46551513671875, 2.1364221572875977]}, "datetime": {"datetime": "2025-08-21 23:21:17", "elapsed": 52594.30739092827, "delta": 25.95444655418396}, "costs": {"total_cost": 704.98907004729, "time_cost": 150, "final_distance_cost": 64.03686808562614, "oscillation_cost": 184.60627446949516, "completition_cost": 222.2222222222222, "overshoot_cost": 50.91723796701973, "power_cost": 19.38555780029297, "noise_cost": 13.82090950263386, "n_waypoints_completed": 7, "tot_waypoints": 9}}
{"target": -535.6445819316921, "params": {"k_pid_pos": [2.0, 0.9879341125488281, 1.0], "k_pid_alt": [1.9856891632080078, 1.0, 0.003583669662475586], "k_pid_att": [100.0, 0.02390645258128643, 0.9956557154655457], "k_pid_yaw": [0.5, 1e-06, 0.1], "k_pid_hsp": [9.86439323425293, 0.9815866351127625, 0.005179643630981445], "k_pid_vsp": [11.185800552368164, 398.0794372558594, 4.1092047691345215]}, "datetime": {"datetime": "2025-08-21 23:21:40", "elapsed": 52617.218031167984, "delta": 22.910640239715576}, "costs": {"total_cost": 535.6445819316921, "time_cost": 150, "final_distance_cost": 24.29480022594928, "oscillation_cost": 150.96144985747026, "completition_cost": 111.11111111111116, "overshoot_cost": 61.58636403478678, "power_cost": 22.244444543457032, "noise_cost": 15.446412158917623, "n_waypoints_completed": 8, "tot_waypoints": 9}}
{"target": -847.4679074082558, "params": {"k_pid_pos": [2.0, 0.9712316989898682, 1.0], "k_pid_alt": [1.9768702983856201, 1.0, 0.04483732581138611], "k_pid_att": [100.0, 0.18229438364505768, 0.9907447099685669], "k_pid_yaw": [0.5, 1e-06, 0.1], "k_pid_hsp": [9.906814575195312, 0.98638916015625, 0.011024177074432373], "k_pid_vsp": [5.56567907333374, 399.22265625, 4.060412406921387]}, "datetime": {"datetime": "2025-08-21 23:22:05", "elapsed": 52642.03851699829, "delta": 24.820485830307007}, "costs": {"total_cost": 847.4679074082558, "time_cost": 150, "final_distance_cost": 73.86412363635218, "oscillation_cost": 203.75682484426946, "completition_cost": 333.33333333333337, "overshoot_cost": 52.16384991023445, "power_cost": 19.992222045898437, "noise_cost": 14.35755363816786, "n_waypoints_completed": 6, "tot_waypoints": 9}}
{"target": -795.6893655546966, "params": {"k_pid_pos": [2.0, 0.9809908866882324, 0.837384819984436], "k_pid_alt": [1.9532263278961182, 1.0, 0.02587875723838806], "k_pid_att": [100.0, 0.2414439469575882, 0.98374342918396], "k_pid_yaw": [0.5, 1e-06, 0.1], "k_pid_hsp": [9.763699531555176, 0.970924973487854, 0.010669499635696411], "k_pid_vsp": [4.8674702644348145, 398.7497253417969, 4.137946128845215]}, "datetime": {"datetime": "2025-08-21 23:22:30", "elapsed": 52666.85801124573, "delta": 24.819494247436523}, "costs": {"total_cost": 795.6893655546966, "time_cost": 150, "final_distance_cost": 60.8666829539911, "oscillation_cost": 161.32201028877338, "completition_cost": 333.33333333333337, "overshoot_cost": 51.350509569595424, "power_cost": 22.08474610595703, "noise_cost": 16.73208330304627, "n_waypoints_completed": 6, "tot_waypoints": 9}}
{"target": -696.7837929959359, "params": {"k_pid_pos": [2.0, 0.9986416101455688, 1.0], "k_pid_alt": [1.8695502281188965, 1.0, 0.07120907306671143], "k_pid_att": [100.0, 0.8533263206481934, 0.9840977191925049], "k_pid_yaw": [0.5, 1e-06, 0.1], "k_pid_hsp": [9.949896812438965, 0.9971626996994019, 0.030590087175369263], "k_pid_vsp": [60.5351676940918, 397.5899353027344, 2.2648582458496094]}, "datetime": {"datetime": "2025-08-21 23:22:55", "elapsed": 52691.48258519173, "delta": 24.624573945999146}, "costs": {"total_cost": 696.7837929959359, "time_cost": 150, "final_distance_cost": 69.8337748038495, "oscillation_cost": 159.8853819550486, "completition_cost": 222.2222222222222, "overshoot_cost": 52.26543009005858, "power_cost": 23.909478942871093, "noise_cost": 18.66750498188593, "n_waypoints_completed": 7, "tot_waypoints": 9}}
{"target": -668.8285838429196, "params": {"k_pid_pos": [2.0, 0.9890323281288147, 1.0], "k_pid_alt": [1.991217017173767, 0.9996594190597534, 0.0063568949699401855], "k_pid_att": [100.0, 0.07468016445636749, 0.9836476445198059], "k_pid_yaw": [0.5, 1e-06, 0.1], "k_pid_hsp": [9.987942695617676, 0.981212854385376, 0.0019230842590332031], "k_pid_vsp": [2.562236785888672, 398.71221923828125, 11.207104682922363]}, "datetime": {"datetime": "2025-08-21 23:23:19", "elapsed": 52715.704171419144, "delta": 24.221586227416992}, "costs": {"total_cost": 668.8285838429196, "time_cost": 150, "final_distance_cost": 63.6510397422733, "oscillation_cost": 138.74333722794862, "completition_cost": 222.2222222222222, "overshoot_cost": 56.148753441995744, "power_cost": 22.594131506347658, "noise_cost": 15.469099702131958, "n_waypoints_completed": 7, "tot_waypoints": 9}}
{"target": -700.0312309744647, "params": {"k_pid_pos": [1.9999898672103882, 0.971595287322998, 0.9999994039535522], "k_pid_alt": [1.9796502590179443, 1.0, 0.024504482746124268], "k_pid_att": [100.0, 0.12422394007444382, 0.9575930833816528], "k_pid_yaw": [0.5, 1e-06, 0.1], "k_pid_hsp": [9.879802703857422, 0.9530423879623413, 0.01028093695640564], "k_pid_vsp": [11.869668960571289, 396.60406494140625, 3.59857177734375]}, "datetime": {"datetime": "2025-08-21 23:23:43", "elapsed": 52739.891303777695, "delta": 24.187132358551025}, "costs": {"total_cost": 700.0312309744647, "time_cost": 150, "final_distance_cost": 71.81539114539646, "oscillation_cost": 166.54621341413227, "completition_cost": 222.2222222222222, "overshoot_cost": 52.512527891066576, "power_cost": 20.93569284667969, "noise_cost": 15.999183454967541, "n_waypoints_completed": 7, "tot_waypoints": 9}}
{"target": -870.3765135772701, "params": {"k_pid_pos": [2.0, 0.9854508638381958, 1.0], "k_pid_alt": [1.9956386089324951, 1.0, 0.003647446632385254], "k_pid_att": [100.0, 0.5165836811065674, 0.9935039281845093], "k_pid_yaw": [0.5, 1e-06, 0.1], "k_pid_hsp": [9.856426239013672, 0.9479827284812927, 0.03097662329673767], "k_pid_vsp": [2.2471189498901367, 315.00921630859375, 24.1794376373291]}, "datetime": {"datetime": "2025-08-21 23:24:09", "elapsed": 52765.74259328842, "delta": 25.85128951072693}, "costs": {"total_cost": 870.3765135772701, "time_cost": 150, "final_distance_cost": 58.39809167559502, "oscillation_cost": 118.616631351536, "completition_cost": 444.4444444444444, "overshoot_cost": 53.043658729638956, "power_cost": 26.417788305664065, "noise_cost": 19.455899070391506, "n_waypoints_completed": 5, "tot_waypoints": 9}}
