{"target": -715.0945598432824, "params": {"k_pid_pos": [2.0, 0.9782100319862366, 0.9990813732147217], "k_pid_alt": [1.9704914093017578, 1.0, 0.006948351860046387], "k_pid_att": [100.0, 0.05390457436442375, 0.9750670194625854], "k_pid_yaw": [0.5, 1e-06, 0.1], "k_pid_hsp": [9.648277282714844, 0.9810796976089478, 0.039117515087127686], "k_pid_vsp": [14.895355224609375, 399.1386413574219, 1.7988929748535156]}, "datetime": {"datetime": "2025-08-21 14:27:49", "elapsed": 20585.43395972252, "delta": 23.429690837860107}, "costs": {"total_cost": 715.0945598432824, "time_cost": 150, "final_distance_cost": 72.85135584758632, "oscillation_cost": 177.01544223690124, "completition_cost": 222.2222222222222, "overshoot_cost": 52.36434821765959, "power_cost": 23.09894245605469, "noise_cost": 17.542248862858415, "n_waypoints_completed": 7, "tot_waypoints": 9}}
{"target": -1227.4574499836128, "params": {"k_pid_pos": [2.0, 0.9663838148117065, 0.0], "k_pid_alt": [1.954235315322876, 1.0, 0.01759129762649536], "k_pid_att": [100.0, 0.1057654619216919, 0.9802204370498657], "k_pid_yaw": [0.5, 1e-06, 0.1], "k_pid_hsp": [9.714740753173828, 0.9319827556610107, 0.08430826663970947], "k_pid_vsp": [3.9965391159057617, 385.4237060546875, 9.41943073272705]}, "datetime": {"datetime": "2025-08-21 14:28:12", "elapsed": 20608.761910676956, "delta": 23.327950954437256}, "costs": {"total_cost": 1227.4574499836128, "time_cost": 150, "final_distance_cost": 99.19626127459298, "oscillation_cost": 124.2673157566843, "completition_cost": 777.7777777777778, "overshoot_cost": 39.36417135333437, "power_cost": 21.69137626953125, "noise_cost": 15.160547551692074, "n_waypoints_completed": 2, "tot_waypoints": 9}}
{"target": -798.8991148172668, "params": {"k_pid_pos": [2.0, 0.9983888864517212, 0.4761202335357666], "k_pid_alt": [1.991952896118164, 1.0, 0.014504820108413696], "k_pid_att": [100.0, 0.41848045587539673, 0.9742797017097473], "k_pid_yaw": [0.5, 1e-06, 0.1], "k_pid_hsp": [9.86008358001709, 0.9931057691574097, 0.3241012692451477], "k_pid_vsp": [10.035967826843262, 371.1255187988281, 7.794285774230957]}, "datetime": {"datetime": "2025-08-21 14:28:35", "elapsed": 20632.334493398666, "delta": 23.572582721710205}, "costs": {"total_cost": 798.8991148172668, "time_cost": 150, "final_distance_cost": 56.295293858724946, "oscillation_cost": 159.8128676439775, "completition_cost": 333.33333333333337, "overshoot_cost": 59.0879059826489, "power_cost": 23.2482462890625, "noise_cost": 17.121467709519525, "n_waypoints_completed": 6, "tot_waypoints": 9}}
{"target": -1366.2336362812403, "params": {"k_pid_pos": [2.0, 0.9512178301811218, 0.006243705749511719], "k_pid_alt": [1.969465970993042, 0.999999463558197, 0.0038530826568603516], "k_pid_att": [100.0, 0.20214997231960297, 0.9969688653945923], "k_pid_yaw": [0.5, 1e-06, 0.1], "k_pid_hsp": [9.605195045471191, 0.9766833782196045, 0.024195730686187744], "k_pid_vsp": [11.355363845825195, 388.53973388671875, 22.718717575073242]}, "datetime": {"datetime": "2025-08-21 14:28:59", "elapsed": 20655.56832742691, "delta": 23.23383402824402}, "costs": {"total_cost": 1366.2336362812403, "time_cost": 150, "final_distance_cost": 46.362622922978545, "oscillation_cost": 95.50160034283604, "completition_cost": 1000.0, "overshoot_cost": 41.510074244396854, "power_cost": 19.18592685546875, "noise_cost": 13.673411915559953, "n_waypoints_completed": 0, "tot_waypoints": 9}}
{"target": -720.3536552921064, "params": {"k_pid_pos": [2.0, 0.984481692314148, 0.999998927116394], "k_pid_alt": [1.9411342144012451, 1.0, 0.017414838075637817], "k_pid_att": [100.0, 0.04928675293922424, 0.9809601902961731], "k_pid_yaw": [0.5, 1e-06, 0.1], "k_pid_hsp": [9.72445011138916, 0.9833075404167175, 0.16131460666656494], "k_pid_vsp": [29.557491302490234, 342.4599304199219, 10.721171379089355]}, "datetime": {"datetime": "2025-08-21 14:29:22", "elapsed": 20678.675840377808, "delta": 23.107512950897217}, "costs": {"total_cost": 720.3536552921064, "time_cost": 150, "final_distance_cost": 74.98725244823055, "oscillation_cost": 180.52202555535817, "completition_cost": 222.2222222222222, "overshoot_cost": 53.80346954665317, "power_cost": 21.6286890625, "noise_cost": 17.18999645714226, "n_waypoints_completed": 7, "tot_waypoints": 9}}
{"target": -595.304009188551, "params": {"k_pid_pos": [2.0, 0.8782915472984314, 0.0], "k_pid_alt": [1.981804609298706, 1.0, 0.019101589918136597], "k_pid_att": [100.0, 0.27401337027549744, 0.9933472871780396], "k_pid_yaw": [0.5, 1e-06, 0.1], "k_pid_hsp": [9.526193618774414, 0.9692001342773438, 0.002679765224456787], "k_pid_vsp": [93.31871032714844, 379.15496826171875, 6.850017070770264]}, "datetime": {"datetime": "2025-08-21 14:29:45", "elapsed": 20701.71925330162, "delta": 23.043412923812866}, "costs": {"total_cost": 595.304009188551, "time_cost": 150, "final_distance_cost": 63.72646040023059, "oscillation_cost": 65.83898916983267, "completition_cost": 222.2222222222222, "overshoot_cost": 55.85525656104946, "power_cost": 20.466426586914064, "noise_cost": 17.194654248302093, "n_waypoints_completed": 7, "tot_waypoints": 9}}
{"target": -513.3530918329016, "params": {"k_pid_pos": [1.999462604522705, 0.9779088497161865, 0.5336187481880188], "k_pid_alt": [1.9877206087112427, 1.0, 0.02095472812652588], "k_pid_att": [96.90113067626953, 0.1515282541513443, 0.9369170665740967], "k_pid_yaw": [0.5, 1e-06, 0.1], "k_pid_hsp": [9.866216659545898, 0.993523359298706, 0.04309505224227905], "k_pid_vsp": [100.34535217285156, 393.470947265625, 13.953722953796387]}, "datetime": {"datetime": "2025-08-21 14:30:09", "elapsed": 20725.585037469864, "delta": 23.865784168243408}, "costs": {"total_cost": 513.3530918329016, "time_cost": 150, "final_distance_cost": 18.270954498203718, "oscillation_cost": 138.0544955472576, "completition_cost": 111.11111111111116, "overshoot_cost": 60.11409379247425, "power_cost": 19.517873376464845, "noise_cost": 16.284563507390015, "n_waypoints_completed": 8, "tot_waypoints": 9}}
{"target": -1263.1092371648606, "params": {"k_pid_pos": [0.01910780556499958, 0.9789042472839355, 0.9937316179275513], "k_pid_alt": [1.975633144378662, 1.0, 0.012890011072158813], "k_pid_att": [100.0, 0.5443660616874695, 0.9840750098228455], "k_pid_yaw": [0.5, 1e-06, 0.1], "k_pid_hsp": [9.957763671875, 0.9749715328216553, 0.13111761212348938], "k_pid_vsp": [44.791770935058594, 397.70306396484375, 4.307366371154785]}, "datetime": {"datetime": "2025-08-21 14:30:32", "elapsed": 20749.176463842392, "delta": 23.591426372528076}, "costs": {"total_cost": 1263.1092371648606, "time_cost": 150, "final_distance_cost": 95.5343457205338, "oscillation_cost": 146.7171771174456, "completition_cost": 777.7777777777778, "overshoot_cost": 50.47501494795056, "power_cost": 25.189140930175782, "noise_cost": 17.415780670977092, "n_waypoints_completed": 2, "tot_waypoints": 9}}
{"target": -1052.2479984091392, "params": {"k_pid_pos": [1.9997994899749756, 0.9389115571975708, 0.0], "k_pid_alt": [1.9529774188995361, 1.0, 0.04485088586807251], "k_pid_att": [100.0, 0.26695266366004944, 0.9417932033538818], "k_pid_yaw": [0.5, 1e-06, 0.1], "k_pid_hsp": [9.111959457397461, 0.9690383672714233, 0.00682300329208374], "k_pid_vsp": [8.667839050292969, 397.5436706542969, 9.44736099243164]}, "datetime": {"datetime": "2025-08-21 14:30:56", "elapsed": 20772.817846775055, "delta": 23.641382932662964}, "costs": {"total_cost": 1052.2479984091392, "time_cost": 150, "final_distance_cost": 75.54574550363951, "oscillation_cost": 79.54122267197157, "completition_cost": 666.6666666666667, "overshoot_cost": 45.691684623368104, "power_cost": 20.593421801757813, "noise_cost": 14.20925714173531, "n_waypoints_completed": 3, "tot_waypoints": 9}}
{"target": -1329.069070756301, "params": {"k_pid_pos": [2.0, 0.9914994239807129, 0.0016795098781585693], "k_pid_alt": [1.8821306228637695, 1.0, 0.10370808839797974], "k_pid_att": [99.9975357055664, 0.515669047832489, 0.9832409024238586], "k_pid_yaw": [0.5, 1e-06, 0.1], "k_pid_hsp": [9.551504135131836, 0.9931851625442505, 0.15012246370315552], "k_pid_vsp": [6.13551139831543, 375.9211120605469, 12.087536811828613]}, "datetime": {"datetime": "2025-08-21 14:31:20", "elapsed": 20796.705488681793, "delta": 23.88764190673828}, "costs": {"total_cost": 1329.069070756301, "time_cost": 150, "final_distance_cost": 65.82463807004864, "oscillation_cost": 150.41032811879583, "completition_cost": 888.8888888888888, "overshoot_cost": 41.467094205239896, "power_cost": 18.865923828125002, "noise_cost": 13.612197645202754, "n_waypoints_completed": 1, "tot_waypoints": 9}}
{"target": -673.3856058862867, "params": {"k_pid_pos": [1.999999761581421, 0.9835877418518066, 0.9999995231628418], "k_pid_alt": [1.9781702756881714, 1.0, 0.04327705502510071], "k_pid_att": [99.8387222290039, 0.6335119605064392, 0.9930400848388672], "k_pid_yaw": [0.5, 1e-06, 0.1], "k_pid_hsp": [9.867666244506836, 0.9723469614982605, 0.24126741290092468], "k_pid_vsp": [8.761394500732422, 374.8868103027344, 9.649754524230957]}, "datetime": {"datetime": "2025-08-21 14:31:43", "elapsed": 20820.26452946663, "delta": 23.559040784835815}, "costs": {"total_cost": 673.3856058862867, "time_cost": 150, "final_distance_cost": 67.63330433381286, "oscillation_cost": 135.40505976670897, "completition_cost": 222.2222222222222, "overshoot_cost": 55.89812071086053, "power_cost": 25.252342041015627, "noise_cost": 16.974556811666456, "n_waypoints_completed": 7, "tot_waypoints": 9}}
{"target": -1357.8424671857053, "params": {"k_pid_pos": [2.0, 0.9501688480377197, 1.043081283569336e-05], "k_pid_alt": [1.9365081787109375, 0.9999995231628418, 0.006150364875793457], "k_pid_att": [99.99996185302734, 0.07568657398223877, 0.866513192653656], "k_pid_yaw": [0.5, 1e-06, 0.1], "k_pid_hsp": [9.865391731262207, 0.9267241954803467, 0.03494781255722046], "k_pid_vsp": [6.561839580535889, 398.4989013671875, 8.903194427490234]}, "datetime": {"datetime": "2025-08-21 14:32:07", "elapsed": 20843.86413884163, "delta": 23.599609375}, "costs": {"total_cost": 1357.8424671857053, "time_cost": 150, "final_distance_cost": 42.4559817783601, "oscillation_cost": 86.79966240033956, "completition_cost": 1000.0, "overshoot_cost": 39.03773771609437, "power_cost": 23.54665478515625, "noise_cost": 16.002430505754965, "n_waypoints_completed": 0, "tot_waypoints": 9}}
{"target": -919.5041610495924, "params": {"k_pid_pos": [2.0, 0.9485403895378113, 0.0025390684604644775], "k_pid_alt": [1.9410648345947266, 0.9505934715270996, 0.005181640386581421], "k_pid_att": [80.12107849121094, 0.9632412195205688, 0.9896650314331055], "k_pid_yaw": [0.5, 1e-06, 0.1], "k_pid_hsp": [9.713485717773438, 0.9837806224822998, 0.008271872997283936], "k_pid_vsp": [2.89154052734375, 395.04248046875, 7.587255001068115]}, "datetime": {"datetime": "2025-08-21 14:32:30", "elapsed": 20866.4506149292, "delta": 22.58647608757019}, "costs": {"total_cost": 919.5041610495924, "time_cost": 150, "final_distance_cost": 38.39643009507668, "oscillation_cost": 90.20811108044376, "completition_cost": 555.5555555555555, "overshoot_cost": 50.92950277867151, "power_cost": 20.206189282226564, "noise_cost": 14.208372257618365, "n_waypoints_completed": 4, "tot_waypoints": 9}}
{"target": -844.0067514183222, "params": {"k_pid_pos": [2.0, 0.981727123260498, 0.9059478044509888], "k_pid_alt": [1.9679811000823975, 1.0, 0.0027240216732025146], "k_pid_att": [100.0, 0.5529284477233887, 0.9532890319824219], "k_pid_yaw": [0.5, 1e-06, 0.1], "k_pid_hsp": [9.894293785095215, 0.9429472088813782, 0.024900078773498535], "k_pid_vsp": [3.9904356002807617, 397.9271545410156, 1.0690102577209473]}, "datetime": {"datetime": "2025-08-21 14:32:53", "elapsed": 20889.80607533455, "delta": 23.35546040534973}, "costs": {"total_cost": 844.0067514183222, "time_cost": 150, "final_distance_cost": 70.43022321461623, "oscillation_cost": 206.2966513165884, "completition_cost": 333.33333333333337, "overshoot_cost": 49.33590224494722, "power_cost": 19.26938746337891, "noise_cost": 15.341253845458011, "n_waypoints_completed": 6, "tot_waypoints": 9}}
{"target": -1292.3269638403196, "params": {"k_pid_pos": [2.0, 0.9932979345321655, 0.0], "k_pid_alt": [1.7325973510742188, 1.0, 0.021929144859313965], "k_pid_att": [99.83174896240234, 0.06938344985246658, 0.9719877243041992], "k_pid_yaw": [0.5, 1e-06, 0.1], "k_pid_hsp": [9.987959861755371, 0.9775903224945068, 0.06443461775779724], "k_pid_vsp": [4.414010047912598, 393.1080322265625, 20.424772262573242]}, "datetime": {"datetime": "2025-08-21 14:33:17", "elapsed": 20913.675342798233, "delta": 23.869267463684082}, "costs": {"total_cost": 1292.3269638403196, "time_cost": 150, "final_distance_cost": 55.460094038716484, "oscillation_cost": 109.96978986105721, "completition_cost": 888.8888888888888, "overshoot_cost": 49.396913763600026, "power_cost": 22.854782739257814, "noise_cost": 15.756494548799369, "n_waypoints_completed": 1, "tot_waypoints": 9}}
{"target": -339.25648692983566, "params": {"k_pid_pos": [2.0, 0.9936442375183105, 0.9999817609786987], "k_pid_alt": [1.9623126983642578, 1.0, 0.024378657341003418], "k_pid_att": [100.0, 0.5485541224479675, 0.9600499272346497], "k_pid_yaw": [0.5, 1e-06, 0.1], "k_pid_hsp": [9.900400161743164, 0.9909136295318604, 0.005599111318588257], "k_pid_vsp": [4.9764275550842285, 392.42364501953125, 3.355945110321045]}, "datetime": {"datetime": "2025-08-21 14:33:40", "elapsed": 20936.820783376694, "delta": 23.145440578460693}, "costs": {"total_cost": 339.25648692983566, "time_cost": 95.72800000000001, "final_distance_cost": 1.7265037346922647, "oscillation_cost": 148.53485895769478, "completition_cost": 0.0, "overshoot_cost": 58.09817071790595, "power_cost": 20.42426134033203, "noise_cost": 14.744692179210663, "n_waypoints_completed": 9, "tot_waypoints": 9}}
{"target": -1281.2781779906952, "params": {"k_pid_pos": [2.0, 0.9771610498428345, 0.003049910068511963], "k_pid_alt": [1.9733729362487793, 1.0, 0.003690868616104126], "k_pid_att": [100.0, 1.2866098880767822, 0.8694711923599243], "k_pid_yaw": [0.5, 1e-06, 0.1], "k_pid_hsp": [9.494499206542969, 0.9771289825439453, 0.03307759761810303], "k_pid_vsp": [9.75395393371582, 392.1701354980469, 16.525197982788086]}, "datetime": {"datetime": "2025-08-21 14:34:03", "elapsed": 20960.14882826805, "delta": 23.328044891357422}, "costs": {"total_cost": 1281.2781779906952, "time_cost": 150, "final_distance_cost": 50.59468688374222, "oscillation_cost": 107.33263063007531, "completition_cost": 888.8888888888888, "overshoot_cost": 52.44563549031466, "power_cost": 18.5381626953125, "noise_cost": 13.47817340236178, "n_waypoints_completed": 1, "tot_waypoints": 9}}
{"target": -1306.912549756511, "params": {"k_pid_pos": [2.0, 0.9399009943008423, 2.9802322387695312e-08], "k_pid_alt": [1.9178577661514282, 1.0, 0.010884881019592285], "k_pid_att": [100.0, 0.05216711759567261, 0.9544352293014526], "k_pid_yaw": [0.5, 1e-06, 0.1], "k_pid_hsp": [9.734745025634766, 0.9888638257980347, 0.04188808798789978], "k_pid_vsp": [0.9606719017028809, 385.3188171386719, 1.6674647331237793]}, "datetime": {"datetime": "2025-08-21 14:34:27", "elapsed": 20983.52264523506, "delta": 23.373816967010498}, "costs": {"total_cost": 1306.912549756511, "time_cost": 150, "final_distance_cost": 64.07617910207387, "oscillation_cost": 81.09879639793952, "completition_cost": 888.8888888888888, "overshoot_cost": 65.49163928736317, "power_cost": 29.077986315917972, "noise_cost": 28.279059764327815, "n_waypoints_completed": 1, "tot_waypoints": 9}}
{"target": -1071.5248066346185, "params": {"k_pid_pos": [1.9999980926513672, 0.9549188017845154, 0.01610201597213745], "k_pid_alt": [1.783447027206421, 1.0, 0.0049429237842559814], "k_pid_att": [100.0, 0.5453816652297974, 0.97788006067276], "k_pid_yaw": [0.5, 1e-06, 0.1], "k_pid_hsp": [9.993980407714844, 0.9910308122634888, 0.00965207815170288], "k_pid_vsp": [3.9461493492126465, 389.873779296875, 14.063216209411621]}, "datetime": {"datetime": "2025-08-21 14:34:50", "elapsed": 21007.02395939827, "delta": 23.501314163208008}, "costs": {"total_cost": 1071.5248066346185, "time_cost": 150, "final_distance_cost": 54.75457955844554, "oscillation_cost": 109.22886583720667, "completition_cost": 666.6666666666667, "overshoot_cost": 61.244449259913374, "power_cost": 16.1425357421875, "noise_cost": 13.487709570198925, "n_waypoints_completed": 3, "tot_waypoints": 9}}
{"target": -940.2847741821802, "params": {"k_pid_pos": [2.0, 0.5936281681060791, 0.6685944199562073], "k_pid_alt": [1.9489425420761108, 1.0, 0.011893004179000854], "k_pid_att": [99.99832916259766, 0.14821307361125946, 0.9708826541900635], "k_pid_yaw": [0.5, 1e-06, 0.1], "k_pid_hsp": [9.387381553649902, 0.9924381971359253, 0.03150781989097595], "k_pid_vsp": [5.087113380432129, 394.9105529785156, 3.739238739013672]}, "datetime": {"datetime": "2025-08-21 14:35:13", "elapsed": 21030.422415733337, "delta": 23.39845633506775}, "costs": {"total_cost": 940.2847741821802, "time_cost": 150, "final_distance_cost": 53.27482990082818, "oscillation_cost": 202.75619559911925, "completition_cost": 444.4444444444444, "overshoot_cost": 50.83326521248002, "power_cost": 21.931577709960937, "noise_cost": 17.044461315347466, "n_waypoints_completed": 5, "tot_waypoints": 9}}
{"target": -1169.5839547871021, "params": {"k_pid_pos": [2.0, 0.9215118885040283, 8.830428123474121e-05], "k_pid_alt": [1.9260973930358887, 0.9999961256980896, 0.02973988652229309], "k_pid_att": [99.99723815917969, 0.03634015843272209, 0.9632724523544312], "k_pid_yaw": [0.5, 1e-06, 0.1], "k_pid_hsp": [9.922948837280273, 0.9446150660514832, 0.01652643084526062], "k_pid_vsp": [2.8543472290039062, 393.6884765625, 2.946735382080078]}, "datetime": {"datetime": "2025-08-21 14:35:37", "elapsed": 21053.52632832527, "delta": 23.103912591934204}, "costs": {"total_cost": 1169.5839547871021, "time_cost": 150, "final_distance_cost": 71.79180115882332, "oscillation_cost": 78.0511495112526, "completition_cost": 777.7777777777778, "overshoot_cost": 48.72397910252669, "power_cost": 25.855705310058596, "noise_cost": 17.383541926663046, "n_waypoints_completed": 2, "tot_waypoints": 9}}
{"target": -1382.1042183413865, "params": {"k_pid_pos": [1.6566048860549927, 0.9994623064994812, 0.0], "k_pid_alt": [1.7702845335006714, 0.2773502469062805, 0.0032234489917755127], "k_pid_att": [100.0, 0.10033970326185226, 0.9942786693572998], "k_pid_yaw": [0.5, 1e-06, 0.1], "k_pid_hsp": [9.931510925292969, 0.9512661695480347, 0.04355761408805847], "k_pid_vsp": [9.414529800415039, 393.75921630859375, 3.772843837738037]}, "datetime": {"datetime": "2025-08-21 14:36:00", "elapsed": 21076.629662275314, "delta": 23.103333950042725}, "costs": {"total_cost": 1382.1042183413865, "time_cost": 150, "final_distance_cost": 44.04287399767069, "oscillation_cost": 112.57417570998717, "completition_cost": 1000.0, "overshoot_cost": 43.19915067680702, "power_cost": 18.596681298828127, "noise_cost": 13.691336658093553, "n_waypoints_completed": 0, "tot_waypoints": 9}}
{"target": -1273.0143774282265, "params": {"k_pid_pos": [2.0, 0.9674659967422485, 1.0132789611816406e-06], "k_pid_alt": [1.9872996807098389, 0.9991987943649292, 0.015399187803268433], "k_pid_att": [99.99807739257812, 0.08254193514585495, 0.9063717126846313], "k_pid_yaw": [0.5, 1e-06, 0.1], "k_pid_hsp": [9.852218627929688, 0.9811012744903564, 0.17860472202301025], "k_pid_vsp": [13.035404205322266, 395.3770446777344, 13.085890769958496]}, "datetime": {"datetime": "2025-08-21 14:36:23", "elapsed": 21100.353145122528, "delta": 23.723482847213745}, "costs": {"total_cost": 1273.0143774282265, "time_cost": 150, "final_distance_cost": 104.991570281377, "oscillation_cost": 159.14449386166226, "completition_cost": 777.7777777777778, "overshoot_cost": 49.05371778240763, "power_cost": 18.32518923339844, "noise_cost": 13.72162849160335, "n_waypoints_completed": 2, "tot_waypoints": 9}}
{"target": -977.745748788912, "params": {"k_pid_pos": [2.0, 0.9768144488334656, 0.00012499094009399414], "k_pid_alt": [1.9629164934158325, 1.0, 0.10076826810836792], "k_pid_att": [100.0, 1.1916612386703491, 0.9690682888031006], "k_pid_yaw": [0.5, 1e-06, 0.1], "k_pid_hsp": [9.287867546081543, 0.9944620132446289, 0.06847164034843445], "k_pid_vsp": [6.49954080581665, 377.99884033203125, 7.058251857757568]}, "datetime": {"datetime": "2025-08-21 14:36:47", "elapsed": 21123.93145465851, "delta": 23.578309535980225}, "costs": {"total_cost": 977.745748788912, "time_cost": 150, "final_distance_cost": 43.43153362323051, "oscillation_cost": 131.61569411907965, "completition_cost": 555.5555555555555, "overshoot_cost": 56.16686089259474, "power_cost": 23.207520043945312, "noise_cost": 17.768584554506184, "n_waypoints_completed": 4, "tot_waypoints": 9}}
{"target": -1082.73857962226, "params": {"k_pid_pos": [2.0, 0.9952280521392822, 0.034522056579589844], "k_pid_alt": [1.9943301677703857, 0.9999998807907104, 0.0038479864597320557], "k_pid_att": [100.0, 0.5938010215759277, 0.89919513463974], "k_pid_yaw": [0.5, 1e-06, 0.1], "k_pid_hsp": [9.426522254943848, 0.9826273918151855, 0.059533119201660156], "k_pid_vsp": [8.755993843078613, 385.8173828125, 4.143751621246338]}, "datetime": {"datetime": "2025-08-21 14:37:12", "elapsed": 21148.530850172043, "delta": 24.599395513534546}, "costs": {"total_cost": 1082.73857962226, "time_cost": 150, "final_distance_cost": 93.83204156141132, "oscillation_cost": 75.36754877350927, "completition_cost": 666.6666666666667, "overshoot_cost": 50.861631693566935, "power_cost": 27.520802197265628, "noise_cost": 18.48988872984028, "n_waypoints_completed": 3, "tot_waypoints": 9}}
