{"target": -1329.1885195247296, "params": {"k_pid_pos": [2.0, 0.9373167753219604, 0.9999986886978149], "k_pid_alt": [1.7518689632415771, 1.0, 0.04959756135940552], "k_pid_att": [100.0, 0.22821184992790222, 0.9679737687110901], "k_pid_yaw": [0.5, 1e-06, 0.1], "k_pid_hsp": [9.813819885253906, 0.7633121013641357, 0.09342637658119202], "k_pid_vsp": [4.160046577453613, 393.25372314453125, 132.75164794921875]}, "datetime": {"datetime": "2025-08-21 15:36:17", "elapsed": 24693.64631819725, "delta": 23.002695322036743}, "costs": {"total_cost": 1329.1885195247296, "time_cost": 150, "final_distance_cost": 199.15231041081475, "oscillation_cost": 252.87009678674755, "completition_cost": 555.5555555555555, "overshoot_cost": 138.6621445421586, "power_cost": 18.295434252929688, "noise_cost": 14.652977976523424, "n_waypoints_completed": 4, "tot_waypoints": 9}}
{"target": -608.0971731977965, "params": {"k_pid_pos": [2.0, 0.9770890474319458, 0.9999999403953552], "k_pid_alt": [1.9558167457580566, 1.0, 0.022499054670333862], "k_pid_att": [100.0, 0.30155760049819946, 0.9456425905227661], "k_pid_yaw": [0.5, 1e-06, 0.1], "k_pid_hsp": [9.509605407714844, 0.9739255309104919, 0.030688583850860596], "k_pid_vsp": [5.413508415222168, 386.336181640625, 3.0312070846557617]}, "datetime": {"datetime": "2025-08-21 15:36:40", "elapsed": 24717.05603337288, "delta": 23.409715175628662}, "costs": {"total_cost": 608.0971731977965, "time_cost": 150, "final_distance_cost": 60.24948989462636, "oscillation_cost": 191.13311929358184, "completition_cost": 111.11111111111116, "overshoot_cost": 57.57044426570862, "power_cost": 21.613370458984377, "noise_cost": 16.419638173784097, "n_waypoints_completed": 8, "tot_waypoints": 9}}
{"target": -326.63848302276574, "params": {"k_pid_pos": [2.0, 0.9685064554214478, 0.9922044277191162], "k_pid_alt": [1.960737943649292, 1.0, 0.0686194896697998], "k_pid_att": [100.0, 0.6441459059715271, 0.8717491030693054], "k_pid_yaw": [0.5, 1e-06, 0.1], "k_pid_hsp": [9.797603607177734, 0.9886932969093323, 0.03201323747634888], "k_pid_vsp": [129.7310791015625, 399.0686340332031, 11.570025444030762]}, "datetime": {"datetime": "2025-08-21 15:37:03", "elapsed": 24739.58566236496, "delta": 22.52962899208069}, "costs": {"total_cost": 326.63848302276574, "time_cost": 95.808, "final_distance_cost": 1.731352747550008, "oscillation_cost": 136.1656714416617, "completition_cost": 0.0, "overshoot_cost": 55.85301241549089, "power_cost": 21.082858935546877, "noise_cost": 15.997587482516282, "n_waypoints_completed": 9, "tot_waypoints": 9}}
{"target": -954.3136558750105, "params": {"k_pid_pos": [2.0, 0.9551099538803101, 0.19737249612808228], "k_pid_alt": [1.9913899898529053, 0.11799368262290955, 0.004803478717803955], "k_pid_att": [100.0, 0.2292996197938919, 0.9176015257835388], "k_pid_yaw": [0.5, 1e-06, 0.1], "k_pid_hsp": [9.956376075744629, 0.9920122623443604, 0.022167325019836426], "k_pid_vsp": [9.493851661682129, 389.1705322265625, 15.855337142944336]}, "datetime": {"datetime": "2025-08-21 15:37:27", "elapsed": 24763.574259996414, "delta": 23.988597631454468}, "costs": {"total_cost": 954.3136558750105, "time_cost": 150, "final_distance_cost": 51.28061244186474, "oscillation_cost": 115.99714495267088, "completition_cost": 555.5555555555555, "overshoot_cost": 47.22671873706056, "power_cost": 20.124199279785156, "noise_cost": 14.12942490807369, "n_waypoints_completed": 4, "tot_waypoints": 9}}
{"target": -1233.3281088155857, "params": {"k_pid_pos": [2.0, 0.975281298160553, 8.195638656616211e-06], "k_pid_alt": [1.8324015140533447, 0.06037968397140503, 0.03922182321548462], "k_pid_att": [100.0, 0.1666232794523239, 0.9857908487319946], "k_pid_yaw": [0.5, 1e-06, 0.1], "k_pid_hsp": [7.706578254699707, 0.9758164882659912, 0.005992680788040161], "k_pid_vsp": [3.5690784454345703, 397.7467346191406, 7.519424915313721]}, "datetime": {"datetime": "2025-08-21 15:37:51", "elapsed": 24788.062160491943, "delta": 24.487900495529175}, "costs": {"total_cost": 1233.3281088155857, "time_cost": 150, "final_distance_cost": 48.554078204502716, "oscillation_cost": 67.27030669984816, "completition_cost": 888.8888888888888, "overshoot_cost": 37.90409642847638, "power_cost": 24.373679797363284, "noise_cost": 16.337058796506252, "n_waypoints_completed": 1, "tot_waypoints": 9}}
{"target": -1148.2416578095388, "params": {"k_pid_pos": [2.0, 0.8956278562545776, 0.9985882043838501], "k_pid_alt": [1.9157334566116333, 1.0, 0.0009390711784362793], "k_pid_att": [100.0, 0.013476340100169182, 0.9877638816833496], "k_pid_yaw": [0.5, 1e-06, 0.1], "k_pid_hsp": [9.791586875915527, 0.9922949075698853, 0.004188209772109985], "k_pid_vsp": [7.129466533660889, 394.7400817871094, 10.531497955322266]}, "datetime": {"datetime": "2025-08-21 15:38:15", "elapsed": 24811.57159280777, "delta": 23.509432315826416}, "costs": {"total_cost": 1148.2416578095388, "time_cost": 150, "final_distance_cost": 155.73833295265686, "oscillation_cost": 175.18041080825034, "completition_cost": 555.5555555555555, "overshoot_cost": 81.85078698541976, "power_cost": 16.81462360839844, "noise_cost": 13.101947899257876, "n_waypoints_completed": 4, "tot_waypoints": 9}}
{"target": -865.9620504041471, "params": {"k_pid_pos": [2.0, 0.930787205696106, 0.9999979734420776], "k_pid_alt": [1.9763927459716797, 1.0, 0.020978301763534546], "k_pid_att": [100.0, 0.2141694277524948, 0.985552191734314], "k_pid_yaw": [0.5, 1e-06, 0.1], "k_pid_hsp": [9.651515007019043, 0.9899798631668091, 0.006056845188140869], "k_pid_vsp": [4.283046722412109, 376.9510803222656, 7.503820419311523]}, "datetime": {"datetime": "2025-08-21 15:38:39", "elapsed": 24835.47683429718, "delta": 23.9052414894104}, "costs": {"total_cost": 865.9620504041471, "time_cost": 150, "final_distance_cost": 50.481697205757655, "oscillation_cost": 132.7346823989586, "completition_cost": 444.4444444444444, "overshoot_cost": 51.08138298932979, "power_cost": 21.059231567382813, "noise_cost": 16.160611798273905, "n_waypoints_completed": 5, "tot_waypoints": 9}}
{"target": -579.7170402124092, "params": {"k_pid_pos": [2.0, 0.9884363412857056, 0.999981164932251], "k_pid_alt": [1.9463486671447754, 1.0, 0.005829185247421265], "k_pid_att": [100.0, 0.28730207681655884, 0.9922378063201904], "k_pid_yaw": [0.5, 1e-06, 0.1], "k_pid_hsp": [7.192539691925049, 0.9331387281417847, 0.05441287159919739], "k_pid_vsp": [22.033203125, 390.3438720703125, 9.596003532409668]}, "datetime": {"datetime": "2025-08-21 15:39:02", "elapsed": 24858.872512102127, "delta": 23.3956778049469}, "costs": {"total_cost": 579.7170402124092, "time_cost": 150, "final_distance_cost": 67.57536443086052, "oscillation_cost": 147.42970017704636, "completition_cost": 111.11111111111116, "overshoot_cost": 56.34805238635492, "power_cost": 27.02216064453125, "noise_cost": 20.23065146250502, "n_waypoints_completed": 8, "tot_waypoints": 9}}
{"target": -1038.8254112916502, "params": {"k_pid_pos": [2.0, 0.863640308380127, 0.0], "k_pid_alt": [1.993798017501831, 1.0, 0.009331345558166504], "k_pid_att": [100.0, 0.9049314856529236, 0.9953286051750183], "k_pid_yaw": [0.5, 1e-06, 0.1], "k_pid_hsp": [9.834966659545898, 0.9925898909568787, 0.004700422286987305], "k_pid_vsp": [16.775585174560547, 396.9815368652344, 7.806659698486328]}, "datetime": {"datetime": "2025-08-21 15:39:26", "elapsed": 24883.072829723358, "delta": 24.20031762123108}, "costs": {"total_cost": 1038.8254112916502, "time_cost": 150, "final_distance_cost": 54.546734321092494, "oscillation_cost": 79.65568158440688, "completition_cost": 666.6666666666667, "overshoot_cost": 49.05174567700171, "power_cost": 22.11826920166016, "noise_cost": 16.786313840822324, "n_waypoints_completed": 3, "tot_waypoints": 9}}
{"target": -319.15021201344706, "params": {"k_pid_pos": [1.9690276384353638, 0.9919383525848389, 0.9999997615814209], "k_pid_alt": [1.9682891368865967, 1.0, 0.0020051300525665283], "k_pid_att": [100.0, 0.2282067835330963, 0.9689409732818604], "k_pid_yaw": [0.5, 1e-06, 0.1], "k_pid_hsp": [9.833281517028809, 0.988452136516571, 0.008883267641067505], "k_pid_vsp": [28.883480072021484, 392.3054504394531, 6.105650424957275]}, "datetime": {"datetime": "2025-08-21 15:39:48", "elapsed": 24904.685973644257, "delta": 21.613143920898438}, "costs": {"total_cost": 319.15021201344706, "time_cost": 93.48, "final_distance_cost": 1.74694653849369, "oscillation_cost": 130.18939456448905, "completition_cost": 0.0, "overshoot_cost": 57.35759420980011, "power_cost": 20.05568194580078, "noise_cost": 16.320594754863397, "n_waypoints_completed": 9, "tot_waypoints": 9}}
{"target": -938.9650808782151, "params": {"k_pid_pos": [2.0, 0.9821272492408752, 0.0022031664848327637], "k_pid_alt": [1.9831616878509521, 0.9939695596694946, 0.009475350379943848], "k_pid_att": [100.0, 0.18702872097492218, 0.9932284951210022], "k_pid_yaw": [0.5, 1e-06, 0.1], "k_pid_hsp": [9.672609329223633, 0.96210116147995, 0.016809731721878052], "k_pid_vsp": [9.187185287475586, 398.827880859375, 9.465325355529785]}, "datetime": {"datetime": "2025-08-21 15:40:12", "elapsed": 24928.94199323654, "delta": 24.256019592285156}, "costs": {"total_cost": 938.9650808782151, "time_cost": 150, "final_distance_cost": 51.13425610412167, "oscillation_cost": 75.88292862051281, "completition_cost": 555.5555555555555, "overshoot_cost": 60.66393864013992, "power_cost": 26.224226586914064, "noise_cost": 19.504175370971144, "n_waypoints_completed": 4, "tot_waypoints": 9}}
{"target": -645.8457635099469, "params": {"k_pid_pos": [1.9996178150177002, 0.9884142875671387, 0.9996733665466309], "k_pid_alt": [1.9347542524337769, 0.9957175254821777, 0.015923738479614258], "k_pid_att": [100.0, 0.22230836749076843, 0.9951696395874023], "k_pid_yaw": [0.5, 1e-06, 0.1], "k_pid_hsp": [9.943801879882812, 0.985745370388031, 0.006036907434463501], "k_pid_vsp": [32.71111297607422, 399.21319580078125, 1.9307503700256348]}, "datetime": {"datetime": "2025-08-21 15:40:35", "elapsed": 24952.174682617188, "delta": 23.232689380645752}, "costs": {"total_cost": 645.8457635099469, "time_cost": 150, "final_distance_cost": 71.38103954419212, "oscillation_cost": 103.95362102132782, "completition_cost": 222.2222222222222, "overshoot_cost": 52.72367728983767, "power_cost": 26.12438074951172, "noise_cost": 19.440822682855313, "n_waypoints_completed": 7, "tot_waypoints": 9}}
{"target": -539.1741937347961, "params": {"k_pid_pos": [1.9942446947097778, 0.9988362789154053, 1.0], "k_pid_alt": [1.940033197402954, 0.8780971765518188, 0.11890164017677307], "k_pid_att": [100.0, 0.06496857851743698, 0.9960542917251587], "k_pid_yaw": [0.5, 1e-06, 0.1], "k_pid_hsp": [9.916454315185547, 0.8808431029319763, 0.0066738128662109375], "k_pid_vsp": [1.8011689186096191, 319.2183837890625, 7.057143211364746]}, "datetime": {"datetime": "2025-08-21 15:40:59", "elapsed": 24975.52034330368, "delta": 23.34566068649292}, "costs": {"total_cost": 539.1741937347961, "time_cost": 150, "final_distance_cost": 23.919708439883074, "oscillation_cost": 158.67728214025556, "completition_cost": 111.11111111111116, "overshoot_cost": 58.3511866546491, "power_cost": 22.01728992919922, "noise_cost": 15.097615459698028, "n_waypoints_completed": 8, "tot_waypoints": 9}}
{"target": -697.1336378520244, "params": {"k_pid_pos": [2.0, 0.9411115050315857, 0.9999979734420776], "k_pid_alt": [1.9919965267181396, 1.0, 0.008425533771514893], "k_pid_att": [82.10984802246094, 0.3652203679084778, 0.8743332028388977], "k_pid_yaw": [0.5, 1e-06, 0.1], "k_pid_hsp": [9.759041786193848, 0.9920331239700317, 0.02486702799797058], "k_pid_vsp": [16.819000244140625, 397.9061279296875, 2.3901710510253906]}, "datetime": {"datetime": "2025-08-21 15:41:22", "elapsed": 24998.75811958313, "delta": 23.237776279449463}, "costs": {"total_cost": 697.1336378520244, "time_cost": 150, "final_distance_cost": 69.30642175554175, "oscillation_cost": 157.28483050604626, "completition_cost": 222.2222222222222, "overshoot_cost": 52.55332674904359, "power_cost": 25.321908752441406, "noise_cost": 20.4449278667292, "n_waypoints_completed": 7, "tot_waypoints": 9}}
{"target": -1177.816458523538, "params": {"k_pid_pos": [1.9999992847442627, 0.9817454814910889, 0.00021499395370483398], "k_pid_alt": [1.899657964706421, 0.9998809099197388, 0.05993545055389404], "k_pid_att": [100.0, 0.4650404751300812, 0.9864073395729065], "k_pid_yaw": [0.5, 1e-06, 0.1], "k_pid_hsp": [9.705016136169434, 0.9810988903045654, 0.011759817600250244], "k_pid_vsp": [49.21846389770508, 381.21331787109375, 11.683298110961914]}, "datetime": {"datetime": "2025-08-21 15:41:45", "elapsed": 25021.633932113647, "delta": 22.875812530517578}, "costs": {"total_cost": 1177.816458523538, "time_cost": 150, "final_distance_cost": 97.70601263129531, "oscillation_cost": 70.1653270249987, "completition_cost": 777.7777777777778, "overshoot_cost": 42.23925836445209, "power_cost": 23.530841674804687, "noise_cost": 16.397241050209516, "n_waypoints_completed": 2, "tot_waypoints": 9}}
{"target": -1052.1293771354167, "params": {"k_pid_pos": [1.999999761581421, 0.7643058896064758, 0.0], "k_pid_alt": [1.9542744159698486, 0.999994158744812, 0.0170154869556427], "k_pid_att": [100.0, 0.4220993220806122, 0.9834829568862915], "k_pid_yaw": [0.5, 1e-06, 0.1], "k_pid_hsp": [9.870155334472656, 0.975580096244812, 0.006686985492706299], "k_pid_vsp": [4.6657562255859375, 392.086669921875, 3.029740810394287]}, "datetime": {"datetime": "2025-08-21 15:42:08", "elapsed": 25045.1930975914, "delta": 23.559165477752686}, "costs": {"total_cost": 1052.1293771354167, "time_cost": 150, "final_distance_cost": 53.17609457636851, "oscillation_cost": 90.82806729027276, "completition_cost": 666.6666666666667, "overshoot_cost": 51.48241969578536, "power_cost": 23.095837500000002, "noise_cost": 16.880291406323632, "n_waypoints_completed": 3, "tot_waypoints": 9}}
{"target": -699.468154581088, "params": {"k_pid_pos": [2.0, 0.9465547800064087, 0.9856897592544556], "k_pid_alt": [1.988411784172058, 1.0, 0.013037264347076416], "k_pid_att": [100.0, 0.20027124881744385, 0.9973241090774536], "k_pid_yaw": [0.5, 1e-06, 0.1], "k_pid_hsp": [9.82026481628418, 0.9822776317596436, 0.04837164282798767], "k_pid_vsp": [8.741580963134766, 390.3243713378906, 3.5881171226501465]}, "datetime": {"datetime": "2025-08-21 15:42:32", "elapsed": 25068.681354761124, "delta": 23.48825716972351}, "costs": {"total_cost": 699.468154581088, "time_cost": 150, "final_distance_cost": 71.83234255213074, "oscillation_cost": 159.84843901973073, "completition_cost": 222.2222222222222, "overshoot_cost": 56.22343581463945, "power_cost": 23.356891748046877, "noise_cost": 15.984823224317951, "n_waypoints_completed": 7, "tot_waypoints": 9}}
{"target": -1289.181451874143, "params": {"k_pid_pos": [2.0, 0.9745798110961914, 1.5854835510253906e-05], "k_pid_alt": [1.9913899898529053, 1.0, 0.043124377727508545], "k_pid_att": [100.0, 0.12412380427122116, 0.9911305904388428], "k_pid_yaw": [0.5, 1e-06, 0.1], "k_pid_hsp": [9.683427810668945, 0.9836152791976929, 0.04309666156768799], "k_pid_vsp": [0.6314873695373535, 394.0629577636719, 45.08912658691406]}, "datetime": {"datetime": "2025-08-21 15:42:55", "elapsed": 25092.177738189697, "delta": 23.49638342857361}, "costs": {"total_cost": 1289.181451874143, "time_cost": 150, "final_distance_cost": 69.94744787214196, "oscillation_cost": 99.18643705302033, "completition_cost": 888.8888888888888, "overshoot_cost": 40.08847059542996, "power_cost": 24.322930444335938, "noise_cost": 16.747277020326063, "n_waypoints_completed": 1, "tot_waypoints": 9}}
{"target": -1157.2453794393775, "params": {"k_pid_pos": [2.0, 0.9558247327804565, 0.005158782005310059], "k_pid_alt": [1.9769511222839355, 1.0, 0.008227914571762085], "k_pid_att": [100.0, 0.2130149006843567, 0.9702243804931641], "k_pid_yaw": [0.5, 1e-06, 0.1], "k_pid_hsp": [9.956753730773926, 0.9092735648155212, 0.0028246939182281494], "k_pid_vsp": [1.376509666442871, 398.7139587402344, 7.945705413818359]}, "datetime": {"datetime": "2025-08-21 15:43:19", "elapsed": 25115.916307926178, "delta": 23.738569736480713}, "costs": {"total_cost": 1157.2453794393775, "time_cost": 150, "final_distance_cost": 69.65020065090347, "oscillation_cost": 75.17202999191835, "completition_cost": 777.7777777777778, "overshoot_cost": 44.57456255751786, "power_cost": 23.937051440429688, "noise_cost": 16.13375702083051, "n_waypoints_completed": 2, "tot_waypoints": 9}}
{"target": -680.5625785069748, "params": {"k_pid_pos": [1.3837569952011108, 0.9886596202850342, 1.0], "k_pid_alt": [1.9876359701156616, 1.0, 0.20853310823440552], "k_pid_att": [100.0, 0.3211500346660614, 0.9871402382850647], "k_pid_yaw": [0.5, 1e-06, 0.1], "k_pid_hsp": [9.951946258544922, 0.9811692237854004, 0.005983918905258179], "k_pid_vsp": [0.548708438873291, 361.1505432128906, 3.587258815765381]}, "datetime": {"datetime": "2025-08-21 15:43:43", "elapsed": 25139.542600393295, "delta": 23.62629246711731}, "costs": {"total_cost": 680.5625785069748, "time_cost": 150, "final_distance_cost": 67.61627070215455, "oscillation_cost": 137.23129611170032, "completition_cost": 222.2222222222222, "overshoot_cost": 61.91495213586245, "power_cost": 24.276451696777343, "noise_cost": 17.30138563825786, "n_waypoints_completed": 7, "tot_waypoints": 9}}
{"target": -1039.167671800604, "params": {"k_pid_pos": [1.999466896057129, 0.9895284175872803, 0.006148815155029297], "k_pid_alt": [1.9766277074813843, 0.9998820424079895, 0.009581267833709717], "k_pid_att": [99.99995422363281, 0.11994198709726334, 0.9899511337280273], "k_pid_yaw": [0.5, 1e-06, 0.1], "k_pid_hsp": [9.41030502319336, 0.9413918256759644, 0.005440950393676758], "k_pid_vsp": [19.034231185913086, 369.0850830078125, 14.627123832702637]}, "datetime": {"datetime": "2025-08-21 15:44:07", "elapsed": 25163.578901290894, "delta": 24.036300897598267}, "costs": {"total_cost": 1039.167671800604, "time_cost": 150, "final_distance_cost": 53.13883217930164, "oscillation_cost": 70.93709576740773, "completition_cost": 666.6666666666667, "overshoot_cost": 60.86595677083558, "power_cost": 22.11043404541016, "noise_cost": 15.448686370982209, "n_waypoints_completed": 3, "tot_waypoints": 9}}
{"target": -818.6321795360714, "params": {"k_pid_pos": [2.0, 0.9896202087402344, 1.0], "k_pid_alt": [1.9920425415039062, 1.0, 0.011003643274307251], "k_pid_att": [99.99978637695312, 0.030132096260786057, 0.8926935195922852], "k_pid_yaw": [0.5, 1e-06, 0.1], "k_pid_hsp": [9.172566413879395, 0.9754174947738647, 0.05154871940612793], "k_pid_vsp": [4.660689830780029, 391.2052001953125, 1.5896925926208496]}, "datetime": {"datetime": "2025-08-21 15:44:30", "elapsed": 25186.484052419662, "delta": 22.90515112876892}, "costs": {"total_cost": 818.6321795360714, "time_cost": 150, "final_distance_cost": 63.246627144609015, "oscillation_cost": 180.9206359704105, "completition_cost": 333.33333333333337, "overshoot_cost": 52.112476513297686, "power_cost": 22.34233817138672, "noise_cost": 16.676768403034107, "n_waypoints_completed": 6, "tot_waypoints": 9}}
{"target": -728.9579617416209, "params": {"k_pid_pos": [2.0, 0.9836784601211548, 0.003482252359390259], "k_pid_alt": [1.960087537765503, 0.9998454451560974, 0.013276785612106323], "k_pid_att": [100.0, 0.29101839661598206, 0.9752768278121948], "k_pid_yaw": [0.5, 1e-06, 0.1], "k_pid_hsp": [9.881857872009277, 0.9950374364852905, 0.0017102062702178955], "k_pid_vsp": [22.335445404052734, 343.6921081542969, 31.671239852905273]}, "datetime": {"datetime": "2025-08-21 15:44:54", "elapsed": 25211.338918685913, "delta": 24.85486626625061}, "costs": {"total_cost": 728.9579617416209, "time_cost": 150, "final_distance_cost": 78.56739237462293, "oscillation_cost": 83.74814603405252, "completition_cost": 333.33333333333337, "overshoot_cost": 49.858486498989464, "power_cost": 18.840556469726565, "noise_cost": 14.610047030895952, "n_waypoints_completed": 6, "tot_waypoints": 9}}
{"target": -720.4606029129958, "params": {"k_pid_pos": [2.0, 0.9918872117996216, 0.9778611063957214], "k_pid_alt": [1.9743030071258545, 1.0, 0.010020822286605835], "k_pid_att": [100.0, 0.08791911602020264, 0.9792138934135437], "k_pid_yaw": [0.5, 1e-06, 0.1], "k_pid_hsp": [9.938212394714355, 0.8272354602813721, 0.015776872634887695], "k_pid_vsp": [6.087195873260498, 385.2191467285156, 1.705873966217041]}, "datetime": {"datetime": "2025-08-21 15:45:17", "elapsed": 25234.167005300522, "delta": 22.828086614608765}, "costs": {"total_cost": 720.4606029129958, "time_cost": 150, "final_distance_cost": 64.31913290193714, "oscillation_cost": 193.6782098015449, "completition_cost": 222.2222222222222, "overshoot_cost": 53.024203801410785, "power_cost": 21.926035156250002, "noise_cost": 15.290799029630707, "n_waypoints_completed": 7, "tot_waypoints": 9}}
{"target": -1047.41960593952, "params": {"k_pid_pos": [2.0, 0.9923301935195923, 0.14524349570274353], "k_pid_alt": [1.9899653196334839, 1.0, 0.03851872682571411], "k_pid_att": [100.0, 0.7279000282287598, 0.9790703058242798], "k_pid_yaw": [0.5, 1e-06, 0.1], "k_pid_hsp": [9.767674446105957, 0.9637413024902344, 0.013502895832061768], "k_pid_vsp": [35.8485221862793, 399.2939453125, 10.107232093811035]}, "datetime": {"datetime": "2025-08-21 15:45:41", "elapsed": 25257.75035572052, "delta": 23.58335041999817}, "costs": {"total_cost": 1047.41960593952, "time_cost": 150, "final_distance_cost": 54.56883284347631, "oscillation_cost": 86.04138541725952, "completition_cost": 666.6666666666667, "overshoot_cost": 58.88813474481449, "power_cost": 17.745720837402345, "noise_cost": 13.508865429900606, "n_waypoints_completed": 3, "tot_waypoints": 9}}
