{"target": -808.5272645720931, "params": {"k_pid_pos": [1.9999898672103882, 0.9808830618858337, 5.558133125305176e-05], "k_pid_alt": [1.9674651622772217, 1.0, 0.019859403371810913], "k_pid_att": [100.0, 0.08515855669975281, 0.9680291414260864], "k_pid_yaw": [0.5, 1e-06, 0.1], "k_pid_hsp": [9.826505661010742, 0.9871339797973633, 0.009000897407531738], "k_pid_vsp": [44.373748779296875, 372.70245361328125, 7.068670749664307]}, "datetime": {"datetime": "2025-08-21 12:11:29", "elapsed": 12405.454441070557, "delta": 23.410289525985718}, "costs": {"total_cost": 808.5272645720931, "time_cost": 150, "final_distance_cost": 46.552222872017836, "oscillation_cost": 78.58358455095356, "completition_cost": 444.4444444444444, "overshoot_cost": 57.55900638267463, "power_cost": 17.56041553955078, "noise_cost": 13.827590782451765, "n_waypoints_completed": 5, "tot_waypoints": 9}}
{"target": -3826.5939487267397, "params": {"k_pid_pos": [2.0, 0.977424144744873, 0.9999828934669495], "k_pid_alt": [1.9831719398498535, 0.9999994039535522, 0.02851128578186035], "k_pid_att": [0.0013053417205810547, 0.5430338978767395, 0.7499535083770752], "k_pid_yaw": [0.5, 1e-06, 0.1], "k_pid_hsp": [8.514778137207031, 0.9773138761520386, 0.030205905437469482], "k_pid_vsp": [17.96220588684082, 385.1050109863281, 30.672574996948242]}, "datetime": {"datetime": "2025-08-21 12:11:52", "elapsed": 12428.752769231796, "delta": 23.298328161239624}, "costs": {"total_cost": 3826.5939487267397, "time_cost": 150, "final_distance_cost": 578.4551050993547, "oscillation_cost": 658.2357023087017, "completition_cost": 1000.0, "overshoot_cost": 1316.2330259675089, "power_cost": 34.9984673828125, "noise_cost": 88.67164796836127, "n_waypoints_completed": 0, "tot_waypoints": 9}}
{"target": -558.2952330895035, "params": {"k_pid_pos": [1.9999994039535522, 0.9890353679656982, 0.999966025352478], "k_pid_alt": [1.9237110614776611, 1.0, 0.026162952184677124], "k_pid_att": [100.0, 0.12172772735357285, 0.954686164855957], "k_pid_yaw": [0.5, 1e-06, 0.1], "k_pid_hsp": [9.385464668273926, 0.9591259360313416, 0.0035261213779449463], "k_pid_vsp": [23.218704223632812, 398.4181823730469, 35.9114990234375]}, "datetime": {"datetime": "2025-08-21 12:12:15", "elapsed": 12451.906358718872, "delta": 23.153589487075806}, "costs": {"total_cost": 558.2952330895035, "time_cost": 150, "final_distance_cost": 64.70244653765512, "oscillation_cost": 147.18694324257442, "completition_cost": 111.11111111111116, "overshoot_cost": 53.669810931312476, "power_cost": 17.416579711914064, "noise_cost": 14.208341554936329, "n_waypoints_completed": 8, "tot_waypoints": 9}}
{"target": -1131.1261355195195, "params": {"k_pid_pos": [1.9967705011367798, 0.9699009656906128, 0.5860505104064941], "k_pid_alt": [1.9216322898864746, 1.0, 0.06328019499778748], "k_pid_att": [100.0, 0.4337271749973297, 0.9350168108940125], "k_pid_yaw": [0.5, 1e-06, 0.1], "k_pid_hsp": [9.114168167114258, 0.9767770767211914, 0.21372568607330322], "k_pid_vsp": [4.036843776702881, 394.60235595703125, 4.977572917938232]}, "datetime": {"datetime": "2025-08-21 12:12:38", "elapsed": 12475.335931777954, "delta": 23.42957305908203}, "costs": {"total_cost": 1131.1261355195195, "time_cost": 150, "final_distance_cost": 54.730699530372966, "oscillation_cost": 159.15670083708412, "completition_cost": 666.6666666666667, "overshoot_cost": 65.44237423815581, "power_cost": 20.44788916015625, "noise_cost": 14.681805087083534, "n_waypoints_completed": 3, "tot_waypoints": 9}}
{"target": -1337.4934885092207, "params": {"k_pid_pos": [9.999999747378752e-05, 0.9587116241455078, 4.038214683532715e-05], "k_pid_alt": [1.9131240844726562, 0.9999464154243469, 0.006868481636047363], "k_pid_att": [100.0, 0.6464802622795105, 0.9849437475204468], "k_pid_yaw": [0.5, 1e-06, 0.1], "k_pid_hsp": [9.973609924316406, 0.9674543142318726, 0.05631542205810547], "k_pid_vsp": [19.3939208984375, 324.3374328613281, 41.46281433105469]}, "datetime": {"datetime": "2025-08-21 12:13:01", "elapsed": 12498.314346075058, "delta": 22.978414297103882}, "costs": {"total_cost": 1337.4934885092207, "time_cost": 150, "final_distance_cost": 10.089285458483756, "oscillation_cost": 71.92039833368217, "completition_cost": 1000.0, "overshoot_cost": 55.61140215484969, "power_cost": 26.147135961914064, "noise_cost": 23.725266600290915, "n_waypoints_completed": 0, "tot_waypoints": 9}}
{"target": -778.991648676431, "params": {"k_pid_pos": [1.9999721050262451, 0.7934367656707764, 0.5361782908439636], "k_pid_alt": [1.4495878219604492, 0.9999999403953552, 0.018948495388031006], "k_pid_att": [100.0, 0.31916284561157227, 0.9556217193603516], "k_pid_yaw": [0.5, 1e-06, 0.1], "k_pid_hsp": [9.595012664794922, 0.9809665083885193, 0.02165237069129944], "k_pid_vsp": [41.90412902832031, 397.4790954589844, 31.508543014526367]}, "datetime": {"datetime": "2025-08-21 12:13:25", "elapsed": 12521.649822950363, "delta": 23.335476875305176}, "costs": {"total_cost": 778.991648676431, "time_cost": 150, "final_distance_cost": 77.31800171364635, "oscillation_cost": 131.2530999920022, "completition_cost": 333.33333333333337, "overshoot_cost": 50.973355562689406, "power_cost": 20.238587048339845, "noise_cost": 15.875271026419753, "n_waypoints_completed": 6, "tot_waypoints": 9}}
{"target": -630.1139324848591, "params": {"k_pid_pos": [1.9835151433944702, 0.9498646855354309, 2.086162567138672e-07], "k_pid_alt": [1.9415065050125122, 1.0, 0.039710164070129395], "k_pid_att": [100.0, 0.32189181447029114, 0.9558079242706299], "k_pid_yaw": [0.5, 1e-06, 0.1], "k_pid_hsp": [9.794113159179688, 0.956523060798645, 0.009019434452056885], "k_pid_vsp": [4.030406475067139, 393.06744384765625, 3.968478202819824]}, "datetime": {"datetime": "2025-08-21 12:13:48", "elapsed": 12544.953620433807, "delta": 23.303797483444214}, "costs": {"total_cost": 630.1139324848591, "time_cost": 150, "final_distance_cost": 67.82664458047786, "oscillation_cost": 91.70927465255686, "completition_cost": 222.2222222222222, "overshoot_cost": 58.62078847460102, "power_cost": 23.775691223144534, "noise_cost": 15.95931133185658, "n_waypoints_completed": 7, "tot_waypoints": 9}}
{"target": -1360.6167294235286, "params": {"k_pid_pos": [0.005891970358788967, 0.989300012588501, 2.980232238769531e-07], "k_pid_alt": [1.8018782138824463, 1.0, 0.016135811805725098], "k_pid_att": [100.0, 0.19084607064723969, 0.9902130365371704], "k_pid_yaw": [0.5, 1e-06, 0.1], "k_pid_hsp": [9.647353172302246, 0.9456143379211426, 0.03497689962387085], "k_pid_vsp": [14.695823669433594, 341.0927429199219, 16.787721633911133]}, "datetime": {"datetime": "2025-08-21 12:14:11", "elapsed": 12568.105018377304, "delta": 23.151397943496704}, "costs": {"total_cost": 1360.6167294235286, "time_cost": 150, "final_distance_cost": 53.62175339685369, "oscillation_cost": 63.66853931859883, "completition_cost": 1000.0, "overshoot_cost": 46.480269625280236, "power_cost": 28.099224072265628, "noise_cost": 18.74694301053021, "n_waypoints_completed": 0, "tot_waypoints": 9}}
{"target": -5278.582377147765, "params": {"k_pid_pos": [2.0, 0.9292928576469421, 0.0], "k_pid_alt": [1.931368350982666, 1.0, 0.007065713405609131], "k_pid_att": [0.16541779041290283, 0.5416215658187866, 0.9634119272232056], "k_pid_yaw": [0.5, 1e-06, 0.1], "k_pid_hsp": [9.62699031829834, 0.9313485026359558, 0.031251728534698486], "k_pid_vsp": [116.04247283935547, 387.8575744628906, 16.06383514404297]}, "datetime": {"datetime": "2025-08-21 12:14:35", "elapsed": 12591.783570289612, "delta": 23.67855191230774}, "costs": {"total_cost": 5278.582377147765, "time_cost": 150, "final_distance_cost": 1507.667830566156, "oscillation_cost": 124.282515336077, "completition_cost": 1000.0, "overshoot_cost": 2381.4803588825134, "power_cost": 34.95104058837891, "noise_cost": 80.2006317746392, "n_waypoints_completed": 0, "tot_waypoints": 9}}
{"target": -1300.63570451029, "params": {"k_pid_pos": [2.0, 0.9818292856216431, 0.04359692335128784], "k_pid_alt": [1.966002345085144, 1.0, 0.050042808055877686], "k_pid_att": [99.99998474121094, 0.2225622832775116, 0.988124430179596], "k_pid_yaw": [0.5, 1e-06, 0.1], "k_pid_hsp": [9.944631576538086, 0.9629454612731934, 0.05393192172050476], "k_pid_vsp": [26.457595825195312, 397.7969970703125, 10.301018714904785]}, "datetime": {"datetime": "2025-08-21 12:14:58", "elapsed": 12615.180446863174, "delta": 23.396876573562622}, "costs": {"total_cost": 1300.63570451029, "time_cost": 150, "final_distance_cost": 74.77674938953042, "oscillation_cost": 113.2201531852792, "completition_cost": 888.8888888888888, "overshoot_cost": 37.09731847367403, "power_cost": 21.38269775390625, "noise_cost": 15.269896819011338, "n_waypoints_completed": 1, "tot_waypoints": 9}}
{"target": -837.2744174535984, "params": {"k_pid_pos": [1.9979403018951416, 0.9545392990112305, 0.002504289150238037], "k_pid_alt": [1.7121562957763672, 1.0, 0.0018059313297271729], "k_pid_att": [100.0, 0.8416972756385803, 0.9852044582366943], "k_pid_yaw": [0.5, 1e-06, 0.1], "k_pid_hsp": [8.502415657043457, 0.9510854482650757, 0.034804850816726685], "k_pid_vsp": [13.223934173583984, 366.4244689941406, 12.911582946777344]}, "datetime": {"datetime": "2025-08-21 12:15:21", "elapsed": 12638.334362983704, "delta": 23.153916120529175}, "costs": {"total_cost": 837.2744174535984, "time_cost": 150, "final_distance_cost": 48.69018768817971, "oscillation_cost": 102.77712956205062, "completition_cost": 444.4444444444444, "overshoot_cost": 57.34463370879319, "power_cost": 19.032981896972657, "noise_cost": 14.985040153157858, "n_waypoints_completed": 5, "tot_waypoints": 9}}
{"target": -1253.6772463635584, "params": {"k_pid_pos": [0.13427866995334625, 0.9910765886306763, 0.6503558158874512], "k_pid_alt": [1.9197626113891602, 1.0, 0.0030186474323272705], "k_pid_att": [100.0, 0.5220615863800049, 0.9938846230506897], "k_pid_yaw": [0.5, 1e-06, 0.1], "k_pid_hsp": [5.465865612030029, 0.7545586824417114, 0.02028849720954895], "k_pid_vsp": [14.746702194213867, 376.6820068359375, 6.06967306137085]}, "datetime": {"datetime": "2025-08-21 12:15:45", "elapsed": 12661.553050041199, "delta": 23.218687057495117}, "costs": {"total_cost": 1253.6772463635584, "time_cost": 150, "final_distance_cost": 62.4308759868986, "oscillation_cost": 77.55170441937472, "completition_cost": 888.8888888888888, "overshoot_cost": 35.65339036656572, "power_cost": 23.290431469726563, "noise_cost": 15.861955232104059, "n_waypoints_completed": 1, "tot_waypoints": 9}}
{"target": -931.7588648044438, "params": {"k_pid_pos": [2.0, 0.9706067442893982, 0.9997577667236328], "k_pid_alt": [1.7670104503631592, 1.0, 0.046787798404693604], "k_pid_att": [100.0, 1.1916505098342896, 0.9835677146911621], "k_pid_yaw": [0.5, 1e-06, 0.1], "k_pid_hsp": [8.346135139465332, 0.9723254442214966, 0.072071373462677], "k_pid_vsp": [9.024429321289062, 333.58038330078125, 8.312333106994629]}, "datetime": {"datetime": "2025-08-21 12:16:09", "elapsed": 12685.919908761978, "delta": 24.36685872077942}, "costs": {"total_cost": 931.7588648044438, "time_cost": 150, "final_distance_cost": 57.75721886283263, "oscillation_cost": 191.38330782645832, "completition_cost": 444.4444444444444, "overshoot_cost": 50.050225309880254, "power_cost": 21.732987011718752, "noise_cost": 16.390681349109503, "n_waypoints_completed": 5, "tot_waypoints": 9}}
{"target": -1267.590232934202, "params": {"k_pid_pos": [1.9492839574813843, 0.9972105026245117, 0.0], "k_pid_alt": [1.9445767402648926, 0.8336277008056641, 0.009691089391708374], "k_pid_att": [100.0, 1.9936474561691284, 0.9403570890426636], "k_pid_yaw": [0.5, 1e-06, 0.1], "k_pid_hsp": [9.833146095275879, 0.993933379650116, 0.019112586975097656], "k_pid_vsp": [16.61117172241211, 394.48126220703125, 12.603307723999023]}, "datetime": {"datetime": "2025-08-21 12:16:32", "elapsed": 12709.412978172302, "delta": 23.493069410324097}, "costs": {"total_cost": 1267.590232934202, "time_cost": 150, "final_distance_cost": 62.264538716340056, "oscillation_cost": 72.88047917534142, "completition_cost": 888.8888888888888, "overshoot_cost": 50.07081325699515, "power_cost": 25.975875732421876, "noise_cost": 17.509637164214734, "n_waypoints_completed": 1, "tot_waypoints": 9}}
{"target": -671.0924651085757, "params": {"k_pid_pos": [1.9999995231628418, 0.9860848784446716, 0.9933133125305176], "k_pid_alt": [1.9639005661010742, 0.9999979734420776, 0.03865635395050049], "k_pid_att": [100.0, 0.08679378777742386, 0.9384822845458984], "k_pid_yaw": [0.5, 1e-06, 0.1], "k_pid_hsp": [9.902606010437012, 0.9082371592521667, 0.02184748649597168], "k_pid_vsp": [30.571401596069336, 386.40228271484375, 9.02978229522705]}, "datetime": {"datetime": "2025-08-21 12:16:56", "elapsed": 12732.977569818497, "delta": 23.564591646194458}, "costs": {"total_cost": 671.0924651085757, "time_cost": 150, "final_distance_cost": 64.78867023611744, "oscillation_cost": 139.57463580972447, "completition_cost": 222.2222222222222, "overshoot_cost": 51.4498879652892, "power_cost": 24.441539062500002, "noise_cost": 18.6155098127223, "n_waypoints_completed": 7, "tot_waypoints": 9}}
{"target": -619.12597744859, "params": {"k_pid_pos": [2.0, 0.9795689582824707, 0.0], "k_pid_alt": [1.992182970046997, 0.9998993277549744, 0.5705292820930481], "k_pid_att": [99.61102294921875, 0.26350486278533936, 0.982346773147583], "k_pid_yaw": [0.5, 1e-06, 0.1], "k_pid_hsp": [9.904374122619629, 0.7561588287353516, 0.00528988242149353], "k_pid_vsp": [16.45144271850586, 383.6122741699219, 63.48296356201172]}, "datetime": {"datetime": "2025-08-21 12:17:19", "elapsed": 12756.375666618347, "delta": 23.398096799850464}, "costs": {"total_cost": 619.12597744859, "time_cost": 150, "final_distance_cost": 79.81436978628706, "oscillation_cost": 77.6504439739315, "completition_cost": 222.2222222222222, "overshoot_cost": 54.29620668749392, "power_cost": 20.367295263671878, "noise_cost": 14.77543951498337, "n_waypoints_completed": 7, "tot_waypoints": 9}}
{"target": -1258.4001938568128, "params": {"k_pid_pos": [2.0, 0.9715365171432495, 0.0], "k_pid_alt": [1.980114221572876, 0.9984186887741089, 0.017908602952957153], "k_pid_att": [100.0, 0.1786641925573349, 0.9758024215698242], "k_pid_yaw": [0.5, 1e-06, 0.1], "k_pid_hsp": [9.160642623901367, 0.643557071685791, 0.016950607299804688], "k_pid_vsp": [6.7832112312316895, 380.1638488769531, 11.903965950012207]}, "datetime": {"datetime": "2025-08-21 12:17:43", "elapsed": 12779.657704353333, "delta": 23.28203773498535}, "costs": {"total_cost": 1258.4001938568128, "time_cost": 150, "final_distance_cost": 57.94052578298484, "oscillation_cost": 82.81614771779257, "completition_cost": 888.8888888888888, "overshoot_cost": 45.11093214576404, "power_cost": 19.87334274902344, "noise_cost": 13.770356572358926, "n_waypoints_completed": 1, "tot_waypoints": 9}}
{"target": -931.8955251783732, "params": {"k_pid_pos": [2.0, 0.9938238263130188, 0.0], "k_pid_alt": [1.95868718624115, 1.0, 0.2676846385002136], "k_pid_att": [99.99955749511719, 0.7653289437294006, 0.9897912740707397], "k_pid_yaw": [0.5, 1e-06, 0.1], "k_pid_hsp": [9.705013275146484, 0.9927257299423218, 0.010595530271530151], "k_pid_vsp": [0.3040432929992676, 287.9685974121094, 16.804624557495117]}, "datetime": {"datetime": "2025-08-21 12:18:06", "elapsed": 12803.357634305954, "delta": 23.69992995262146}, "costs": {"total_cost": 931.8955251783732, "time_cost": 150, "final_distance_cost": 49.924773809153024, "oscillation_cost": 84.15844474244692, "completition_cost": 555.5555555555555, "overshoot_cost": 52.59952970397983, "power_cost": 22.707598168945314, "noise_cost": 16.949623198292503, "n_waypoints_completed": 4, "tot_waypoints": 9}}
{"target": -881.6740006723738, "params": {"k_pid_pos": [2.0, 0.9753849506378174, 0.9999990463256836], "k_pid_alt": [1.7889329195022583, 1.0, 0.025785982608795166], "k_pid_att": [100.0, 0.4044243395328522, 0.9261440634727478], "k_pid_yaw": [0.5, 1e-06, 0.1], "k_pid_hsp": [9.463668823242188, 0.9645547866821289, 0.027341991662979126], "k_pid_vsp": [21.51923179626465, 398.5542297363281, 12.914801597595215]}, "datetime": {"datetime": "2025-08-21 12:18:30", "elapsed": 12826.798817873001, "delta": 23.44118356704712}, "costs": {"total_cost": 881.6740006723738, "time_cost": 150, "final_distance_cost": 69.99750759136538, "oscillation_cost": 243.1660265641818, "completition_cost": 333.33333333333337, "overshoot_cost": 50.72880547439532, "power_cost": 18.809481945800783, "noise_cost": 15.638845763297143, "n_waypoints_completed": 6, "tot_waypoints": 9}}
{"target": -812.9722126797221, "params": {"k_pid_pos": [1.9982107877731323, 0.9782865047454834, 0.8350424766540527], "k_pid_alt": [1.9441170692443848, 1.0, 0.02447289228439331], "k_pid_att": [99.99999237060547, 0.3036854565143585, 0.9862151145935059], "k_pid_yaw": [0.5, 1e-06, 0.1], "k_pid_hsp": [9.767560958862305, 0.9751790761947632, 0.12483394145965576], "k_pid_vsp": [10.053539276123047, 389.72784423828125, 6.39325475692749]}, "datetime": {"datetime": "2025-08-21 12:18:53", "elapsed": 12850.080332756042, "delta": 23.281514883041382}, "costs": {"total_cost": 812.9722126797221, "time_cost": 150, "final_distance_cost": 59.01656687896713, "oscillation_cost": 174.41023427888587, "completition_cost": 333.33333333333337, "overshoot_cost": 56.129534059788824, "power_cost": 23.058494555664062, "noise_cost": 17.024049573082856, "n_waypoints_completed": 6, "tot_waypoints": 9}}
{"target": -972.3923216346267, "params": {"k_pid_pos": [2.0, 0.9521399736404419, 0.9988645315170288], "k_pid_alt": [1.9913725852966309, 1.0, 0.013687580823898315], "k_pid_att": [100.0, 0.3475167751312256, 0.9394822120666504], "k_pid_yaw": [0.5, 1e-06, 0.1], "k_pid_hsp": [8.802448272705078, 0.9484175443649292, 0.009625434875488281], "k_pid_vsp": [42.24419403076172, 398.3972473144531, 39.526771545410156]}, "datetime": {"datetime": "2025-08-21 12:19:16", "elapsed": 12873.311784267426, "delta": 23.231451511383057}, "costs": {"total_cost": 972.3923216346267, "time_cost": 150, "final_distance_cost": 42.08836104420053, "oscillation_cost": 144.09195574266474, "completition_cost": 555.5555555555555, "overshoot_cost": 50.44754776491027, "power_cost": 16.711587280273438, "noise_cost": 13.497314247022166, "n_waypoints_completed": 4, "tot_waypoints": 9}}
{"target": -563.0468050653166, "params": {"k_pid_pos": [1.9919118881225586, 0.9729721546173096, 0.8195301294326782], "k_pid_alt": [1.9751087427139282, 0.9999926090240479, 0.014031767845153809], "k_pid_att": [100.0, 0.43582555651664734, 0.7328817844390869], "k_pid_yaw": [0.5, 1e-06, 0.1], "k_pid_hsp": [9.748967170715332, 0.9657986164093018, 0.016431361436843872], "k_pid_vsp": [15.085899353027344, 368.9136962890625, 7.379592418670654]}, "datetime": {"datetime": "2025-08-21 12:19:40", "elapsed": 12896.563665390015, "delta": 23.25188112258911}, "costs": {"total_cost": 563.0468050653166, "time_cost": 150, "final_distance_cost": 46.6245480987673, "oscillation_cost": 151.31930296950165, "completition_cost": 111.11111111111116, "overshoot_cost": 60.20975063723345, "power_cost": 24.91056483154297, "noise_cost": 18.87152741716006, "n_waypoints_completed": 8, "tot_waypoints": 9}}
{"target": -1032.3940986218975, "params": {"k_pid_pos": [0.5631978511810303, 0.9914969205856323, 0.9998718500137329], "k_pid_alt": [1.7278521060943604, 0.9999930262565613, 0.11024117469787598], "k_pid_att": [100.0, 0.0866599828004837, 0.966137170791626], "k_pid_yaw": [0.5, 1e-06, 0.1], "k_pid_hsp": [6.78831672668457, 0.9543513059616089, 0.03945666551589966], "k_pid_vsp": [17.961288452148438, 336.8204650878906, 9.988415718078613]}, "datetime": {"datetime": "2025-08-21 12:20:04", "elapsed": 12920.770166158676, "delta": 24.2065007686615}, "costs": {"total_cost": 1032.3940986218975, "time_cost": 150, "final_distance_cost": 48.26496931084704, "oscillation_cost": 190.3380048245739, "completition_cost": 555.5555555555555, "overshoot_cost": 49.35522839015674, "power_cost": 22.34609332275391, "noise_cost": 16.534247218010304, "n_waypoints_completed": 4, "tot_waypoints": 9}}
{"target": -1193.2152404942974, "params": {"k_pid_pos": [2.0, 0.9824858903884888, 2.9802322387695312e-08], "k_pid_alt": [1.961666226387024, 1.0, 0.11103332042694092], "k_pid_att": [100.0, 0.13857033848762512, 0.978162407875061], "k_pid_yaw": [0.5, 1e-06, 0.1], "k_pid_hsp": [9.488932609558105, 0.9801630973815918, 0.03909549117088318], "k_pid_vsp": [41.479896545410156, 351.3353271484375, 7.592082977294922]}, "datetime": {"datetime": "2025-08-21 12:20:27", "elapsed": 12944.055148363113, "delta": 23.284982204437256}, "costs": {"total_cost": 1193.2152404942974, "time_cost": 150, "final_distance_cost": 90.98291638395473, "oscillation_cost": 89.55912644891507, "completition_cost": 777.7777777777778, "overshoot_cost": 43.94349377532307, "power_cost": 24.05409460449219, "noise_cost": 16.897831503834585, "n_waypoints_completed": 2, "tot_waypoints": 9}}
{"target": -1297.918618491532, "params": {"k_pid_pos": [2.0, 0.9701577425003052, 4.011392593383789e-05], "k_pid_alt": [1.9583234786987305, 0.999999463558197, 0.022702842950820923], "k_pid_att": [100.0, 2.5093886852264404, 0.9647601246833801], "k_pid_yaw": [0.5, 1e-06, 0.1], "k_pid_hsp": [9.131219863891602, 0.9921665191650391, 0.08018815517425537], "k_pid_vsp": [7.2444915771484375, 395.5469055175781, 8.974457740783691]}, "datetime": {"datetime": "2025-08-21 12:20:51", "elapsed": 12968.088569641113, "delta": 24.033421277999878}, "costs": {"total_cost": 1297.918618491532, "time_cost": 150, "final_distance_cost": 66.51715348505236, "oscillation_cost": 114.85680006593255, "completition_cost": 888.8888888888888, "overshoot_cost": 38.36684402882821, "power_cost": 23.289569116210938, "noise_cost": 15.999362906619336, "n_waypoints_completed": 1, "tot_waypoints": 9}}
