{"target": -1081.8692561676269, "params": {"k_pid_pos": [0.5376102328300476, 0.9971807599067688, 0.999999463558197], "k_pid_alt": [1.967915415763855, 1.0, 0.028006434440612793], "k_pid_att": [100.0, 0.06893909722566605, 0.9102318286895752], "k_pid_yaw": [0.5, 1e-06, 0.1], "k_pid_hsp": [9.966812133789062, 0.9934312105178833, 0.09285461902618408], "k_pid_vsp": [42.49784851074219, 398.4429016113281, 8.08765983581543]}, "datetime": {"datetime": "2025-08-21 14:47:24", "elapsed": 21761.219035863876, "delta": 23.500850677490234}, "costs": {"total_cost": 1081.8692561676269, "time_cost": 150, "final_distance_cost": 47.88644817136196, "oscillation_cost": 245.3870956500348, "completition_cost": 555.5555555555555, "overshoot_cost": 50.221989073837825, "power_cost": 17.83695997314453, "noise_cost": 14.981207743692359, "n_waypoints_completed": 4, "tot_waypoints": 9}}
{"target": -930.1916009911195, "params": {"k_pid_pos": [2.0, 0.9561835527420044, 0.003309786319732666], "k_pid_alt": [1.9906319379806519, 0.8432202935218811, 0.020321816205978394], "k_pid_att": [99.99998474121094, 0.08527448773384094, 0.9816922545433044], "k_pid_yaw": [0.5, 1e-06, 0.1], "k_pid_hsp": [8.794140815734863, 0.934741735458374, 0.003638535737991333], "k_pid_vsp": [2.3088455200195312, 396.8057556152344, 8.107508659362793]}, "datetime": {"datetime": "2025-08-21 14:47:48", "elapsed": 21784.48503279686, "delta": 23.2659969329834}, "costs": {"total_cost": 930.1916009911195, "time_cost": 150, "final_distance_cost": 53.72695968787146, "oscillation_cost": 85.72482034602788, "completition_cost": 555.5555555555555, "overshoot_cost": 52.830043945386954, "power_cost": 19.066493530273437, "noise_cost": 13.287727926004202, "n_waypoints_completed": 4, "tot_waypoints": 9}}
{"target": -961.6524706575057, "params": {"k_pid_pos": [2.0, 0.9885028600692749, 0.6410444378852844], "k_pid_alt": [1.9074034690856934, 1.0, 0.00874599814414978], "k_pid_att": [100.0, 0.3510909378528595, 0.9912893772125244], "k_pid_yaw": [0.5, 1e-06, 0.1], "k_pid_hsp": [9.631653785705566, 0.9790157079696655, 0.01666584610939026], "k_pid_vsp": [32.02962875366211, 382.8524169921875, 19.742359161376953]}, "datetime": {"datetime": "2025-08-21 14:48:12", "elapsed": 21808.51727128029, "delta": 24.032238483428955}, "costs": {"total_cost": 961.6524706575057, "time_cost": 150, "final_distance_cost": 52.01231835583858, "oscillation_cost": 114.14183200542527, "completition_cost": 555.5555555555555, "overshoot_cost": 50.16318707436243, "power_cost": 22.624822973632813, "noise_cost": 17.154754692690926, "n_waypoints_completed": 4, "tot_waypoints": 9}}
{"target": -689.2088362502162, "params": {"k_pid_pos": [2.0, 0.9705945253372192, 0.9999597668647766], "k_pid_alt": [1.977105975151062, 0.9999971389770508, 0.018083155155181885], "k_pid_att": [99.97347259521484, 0.1925993263721466, 0.9724738597869873], "k_pid_yaw": [0.5, 1e-06, 0.1], "k_pid_hsp": [9.887060165405273, 0.9915971755981445, 0.015972554683685303], "k_pid_vsp": [3.757035732269287, 394.2571105957031, 6.835890769958496]}, "datetime": {"datetime": "2025-08-21 14:48:35", "elapsed": 21831.478447437286, "delta": 22.96117615699768}, "costs": {"total_cost": 689.2088362502162, "time_cost": 150, "final_distance_cost": 67.8150053199927, "oscillation_cost": 155.1102472632578, "completition_cost": 222.2222222222222, "overshoot_cost": 52.70466624536849, "power_cost": 23.573010095214844, "noise_cost": 17.78368510416025, "n_waypoints_completed": 7, "tot_waypoints": 9}}
{"target": -1102.500345315621, "params": {"k_pid_pos": [2.0, 0.9939287900924683, 1.0], "k_pid_alt": [1.944541096687317, 1.0, 0.014446228742599487], "k_pid_att": [100.0, 0.3006104826927185, 0.9971106648445129], "k_pid_yaw": [0.5, 1e-06, 0.1], "k_pid_hsp": [9.951173782348633, 0.8554494380950928, 0.014817297458648682], "k_pid_vsp": [2.903592586517334, 383.6983642578125, 31.01325225830078]}, "datetime": {"datetime": "2025-08-21 14:48:58", "elapsed": 21855.099413394928, "delta": 23.6209659576416}, "costs": {"total_cost": 1102.500345315621, "time_cost": 150, "final_distance_cost": 68.9284875658066, "oscillation_cost": 131.77146117672655, "completition_cost": 666.6666666666667, "overshoot_cost": 48.6957576307512, "power_cost": 21.473065380859374, "noise_cost": 14.964906894810294, "n_waypoints_completed": 3, "tot_waypoints": 9}}
{"target": -1180.5407225811243, "params": {"k_pid_pos": [1.9805262088775635, 0.982499897480011, 0.00011548399925231934], "k_pid_alt": [1.9041600227355957, 1.0, 0.10520190000534058], "k_pid_att": [100.0, 0.03413749113678932, 0.9864246249198914], "k_pid_yaw": [0.5, 1e-06, 0.1], "k_pid_hsp": [9.924017906188965, 0.9816098213195801, 0.008813619613647461], "k_pid_vsp": [14.62092399597168, 373.6355285644531, 14.635479927062988]}, "datetime": {"datetime": "2025-08-21 14:49:22", "elapsed": 21878.708417892456, "delta": 23.609004497528076}, "costs": {"total_cost": 1180.5407225811243, "time_cost": 150, "final_distance_cost": 83.8428469540523, "oscillation_cost": 78.65291380146458, "completition_cost": 777.7777777777778, "overshoot_cost": 57.00713834736655, "power_cost": 19.490267993164064, "noise_cost": 13.769777707299031, "n_waypoints_completed": 2, "tot_waypoints": 9}}
{"target": -593.8736682798636, "params": {"k_pid_pos": [2.0, 0.9962612390518188, 1.0], "k_pid_alt": [1.9313299655914307, 0.9999926090240479, 0.03690224885940552], "k_pid_att": [100.0, 0.34105390310287476, 0.9450297355651855], "k_pid_yaw": [0.5, 1e-06, 0.1], "k_pid_hsp": [8.968031883239746, 0.9695954322814941, 0.03405916690826416], "k_pid_vsp": [81.1814193725586, 385.7063903808594, 58.64975357055664]}, "datetime": {"datetime": "2025-08-21 14:49:45", "elapsed": 21901.541261434555, "delta": 22.832843542099}, "costs": {"total_cost": 593.8736682798636, "time_cost": 150, "final_distance_cost": 66.77400382323722, "oscillation_cost": 181.42162542263057, "completition_cost": 111.11111111111116, "overshoot_cost": 47.989738760705094, "power_cost": 20.21773630371094, "noise_cost": 16.359452858468654, "n_waypoints_completed": 8, "tot_waypoints": 9}}
{"target": -717.7749242034391, "params": {"k_pid_pos": [0.9362543225288391, 0.9748027324676514, 0.9992971420288086], "k_pid_alt": [1.9483251571655273, 1.0, 0.011943250894546509], "k_pid_att": [100.0, 0.09972727298736572, 0.9956512451171875], "k_pid_yaw": [0.5, 1e-06, 0.1], "k_pid_hsp": [9.601130485534668, 0.9757513999938965, 0.030354410409927368], "k_pid_vsp": [1.8448829650878906, 368.5507507324219, 14.114166259765625]}, "datetime": {"datetime": "2025-08-21 14:50:08", "elapsed": 21924.82122349739, "delta": 23.279962062835693}, "costs": {"total_cost": 717.7749242034391, "time_cost": 150, "final_distance_cost": 61.29018076797147, "oscillation_cost": 192.66777318639222, "completition_cost": 222.2222222222222, "overshoot_cost": 52.71073892125932, "power_cost": 22.252094567871094, "noise_cost": 16.631914537722928, "n_waypoints_completed": 7, "tot_waypoints": 9}}
{"target": -702.136175999106, "params": {"k_pid_pos": [2.0, 0.9619219303131104, 0.9994313716888428], "k_pid_alt": [1.7391554117202759, 1.0, 0.011585623025894165], "k_pid_att": [93.02162170410156, 0.928990364074707, 0.9991332292556763], "k_pid_yaw": [0.5, 1e-06, 0.1], "k_pid_hsp": [9.928682327270508, 0.9491996765136719, 0.011171042919158936], "k_pid_vsp": [66.37837982177734, 395.8807067871094, 3.294468879699707]}, "datetime": {"datetime": "2025-08-21 14:50:31", "elapsed": 21947.995995998383, "delta": 23.17477250099182}, "costs": {"total_cost": 702.136175999106, "time_cost": 150, "final_distance_cost": 75.67044194201537, "oscillation_cost": 166.6284371817441, "completition_cost": 222.2222222222222, "overshoot_cost": 49.72149675014623, "power_cost": 20.89472587890625, "noise_cost": 16.998852024071873, "n_waypoints_completed": 7, "tot_waypoints": 9}}
{"target": -327.55490183334564, "params": {"k_pid_pos": [2.0, 0.9724245071411133, 0.9999988675117493], "k_pid_alt": [1.9866223335266113, 1.0, 0.01327928900718689], "k_pid_att": [100.0, 0.5406118631362915, 0.995729923248291], "k_pid_yaw": [0.5, 1e-06, 0.1], "k_pid_hsp": [9.844326972961426, 0.9705957174301147, 0.010823965072631836], "k_pid_vsp": [60.38074493408203, 387.1011657714844, 5.0212273597717285]}, "datetime": {"datetime": "2025-08-21 14:50:54", "elapsed": 21970.773048877716, "delta": 22.777052879333496}, "costs": {"total_cost": 327.55490183334564, "time_cost": 99.296, "final_distance_cost": 1.7667261798125526, "oscillation_cost": 127.12475057565354, "completition_cost": 0.0, "overshoot_cost": 58.925769794862745, "power_cost": 22.164906408691408, "noise_cost": 18.276748874325364, "n_waypoints_completed": 9, "tot_waypoints": 9}}
{"target": -732.8145508309476, "params": {"k_pid_pos": [2.0, 0.9566619992256165, 0.0787636935710907], "k_pid_alt": [1.96556556224823, 1.0, 0.03268665075302124], "k_pid_att": [99.87555694580078, 0.06663302332162857, 0.9741745591163635], "k_pid_yaw": [0.5, 1e-06, 0.1], "k_pid_hsp": [9.888444900512695, 0.9842371344566345, 0.010521858930587769], "k_pid_vsp": [12.277996063232422, 364.3771057128906, 7.857359409332275]}, "datetime": {"datetime": "2025-08-21 14:51:17", "elapsed": 21994.163749933243, "delta": 23.390701055526733}, "costs": {"total_cost": 732.8145508309476, "time_cost": 150, "final_distance_cost": 71.33603740387709, "oscillation_cost": 89.52932418931425, "completition_cost": 333.33333333333337, "overshoot_cost": 49.91142499480355, "power_cost": 22.86068231201172, "noise_cost": 15.843748597607636, "n_waypoints_completed": 6, "tot_waypoints": 9}}
{"target": -1211.8289408475148, "params": {"k_pid_pos": [2.0, 0.9364652633666992, 2.9802322387695312e-08], "k_pid_alt": [1.9672751426696777, 1.0, 0.015581011772155762], "k_pid_att": [100.0, 0.14250390231609344, 0.9907053709030151], "k_pid_yaw": [0.5, 1e-06, 0.1], "k_pid_hsp": [9.981731414794922, 0.9943289756774902, 0.03574281930923462], "k_pid_vsp": [11.441302299499512, 395.8765563964844, 2.965618133544922]}, "datetime": {"datetime": "2025-08-21 14:51:41", "elapsed": 22018.054960250854, "delta": 23.891210317611694}, "costs": {"total_cost": 1211.8289408475148, "time_cost": 150, "final_distance_cost": 93.096710409704, "oscillation_cost": 109.42927271086691, "completition_cost": 777.7777777777778, "overshoot_cost": 48.585009870824344, "power_cost": 18.99585684814453, "noise_cost": 13.94431323019729, "n_waypoints_completed": 2, "tot_waypoints": 9}}
{"target": -747.3215767358249, "params": {"k_pid_pos": [2.0, 0.959831178188324, 0.9664856791496277], "k_pid_alt": [1.967808485031128, 0.998126208782196, 0.0034543275833129883], "k_pid_att": [100.0, 0.1177142858505249, 0.9918466806411743], "k_pid_yaw": [0.5, 1e-06, 0.1], "k_pid_hsp": [9.858785629272461, 0.9926936626434326, 0.07972639799118042], "k_pid_vsp": [6.3301682472229, 384.4701843261719, 9.741438865661621]}, "datetime": {"datetime": "2025-08-21 14:52:05", "elapsed": 22042.06671476364, "delta": 24.011754512786865}, "costs": {"total_cost": 747.3215767358249, "time_cost": 150, "final_distance_cost": 69.04176279338209, "oscillation_cost": 209.035646098042, "completition_cost": 222.2222222222222, "overshoot_cost": 64.08132177782103, "power_cost": 19.02031845703125, "noise_cost": 13.920305387326348, "n_waypoints_completed": 7, "tot_waypoints": 9}}
{"target": -861.1277792711021, "params": {"k_pid_pos": [2.0, 0.9605960845947266, 0.9999995231628418], "k_pid_alt": [1.9726982116699219, 1.0, 0.0750960111618042], "k_pid_att": [100.0, 0.1095634326338768, 0.9563251733779907], "k_pid_yaw": [0.5, 1e-06, 0.1], "k_pid_hsp": [9.578751564025879, 0.9872942566871643, 0.052008241415023804], "k_pid_vsp": [18.336700439453125, 394.4940185546875, 5.286348819732666]}, "datetime": {"datetime": "2025-08-21 14:52:28", "elapsed": 22065.266398906708, "delta": 23.199684143066406}, "costs": {"total_cost": 861.1277792711021, "time_cost": 150, "final_distance_cost": 66.52129920070524, "oscillation_cost": 223.82297588411822, "completition_cost": 333.33333333333337, "overshoot_cost": 52.48617814168009, "power_cost": 19.609700256347658, "noise_cost": 15.354292454917529, "n_waypoints_completed": 6, "tot_waypoints": 9}}
{"target": -926.9496003320047, "params": {"k_pid_pos": [2.0, 0.9589186906814575, 0.0085429847240448], "k_pid_alt": [1.9919971227645874, 0.9999878406524658, 0.010279655456542969], "k_pid_att": [100.0, 0.25761210918426514, 0.9640085697174072], "k_pid_yaw": [0.5, 1e-06, 0.1], "k_pid_hsp": [9.870708465576172, 0.923712968826294, 0.0063269734382629395], "k_pid_vsp": [3.398430347442627, 383.1083679199219, 59.94539260864258]}, "datetime": {"datetime": "2025-08-21 14:52:51", "elapsed": 22088.365329027176, "delta": 23.09893012046814}, "costs": {"total_cost": 926.9496003320047, "time_cost": 150, "final_distance_cost": 46.16346947631744, "oscillation_cost": 92.63603285149821, "completition_cost": 555.5555555555555, "overshoot_cost": 50.80323310919489, "power_cost": 17.387425256347658, "noise_cost": 14.403884083090968, "n_waypoints_completed": 4, "tot_waypoints": 9}}
{"target": -874.569604061001, "params": {"k_pid_pos": [2.0, 0.9588639736175537, 0.9963607788085938], "k_pid_alt": [1.94586181640625, 1.0, 0.02340671420097351], "k_pid_att": [100.0, 0.06542335450649261, 0.9736708998680115], "k_pid_yaw": [0.5, 1e-06, 0.1], "k_pid_hsp": [9.697517395019531, 0.9877216815948486, 0.01395881175994873], "k_pid_vsp": [40.459632873535156, 392.81915283203125, 20.15440559387207]}, "datetime": {"datetime": "2025-08-21 14:53:15", "elapsed": 22112.13077902794, "delta": 23.76545000076294}, "costs": {"total_cost": 874.569604061001, "time_cost": 150, "final_distance_cost": 51.388278913854194, "oscillation_cost": 140.68234377116949, "completition_cost": 444.4444444444444, "overshoot_cost": 52.25730948135028, "power_cost": 20.06274786376953, "noise_cost": 15.73447958641309, "n_waypoints_completed": 5, "tot_waypoints": 9}}
{"target": -1201.2758131300689, "params": {"k_pid_pos": [2.0, 0.9688659906387329, 0.37144291400909424], "k_pid_alt": [1.8639235496520996, 0.9992219805717468, 0.04897579550743103], "k_pid_att": [100.0, 0.22563783824443817, 0.8322688341140747], "k_pid_yaw": [0.5, 1e-06, 0.1], "k_pid_hsp": [9.135558128356934, 0.9517011046409607, 0.02476179599761963], "k_pid_vsp": [42.80184555053711, 378.6286926269531, 4.0805230140686035]}, "datetime": {"datetime": "2025-08-21 14:53:39", "elapsed": 22135.787231445312, "delta": 23.656452417373657}, "costs": {"total_cost": 1201.2758131300689, "time_cost": 150, "final_distance_cost": 90.65199997331067, "oscillation_cost": 102.87894431422067, "completition_cost": 777.7777777777778, "overshoot_cost": 46.671025892251656, "power_cost": 19.264929504394534, "noise_cost": 14.031135668113414, "n_waypoints_completed": 2, "tot_waypoints": 9}}
{"target": -943.4962811223874, "params": {"k_pid_pos": [1.9996583461761475, 0.9708453416824341, 0.12953069806098938], "k_pid_alt": [1.9872676134109497, 1.0, 0.07658660411834717], "k_pid_att": [100.0, 0.16191932559013367, 0.9207658767700195], "k_pid_yaw": [0.5, 1e-06, 0.1], "k_pid_hsp": [9.839832305908203, 0.9891787767410278, 0.015251457691192627], "k_pid_vsp": [7.296693325042725, 395.3616027832031, 9.6202974319458]}, "datetime": {"datetime": "2025-08-21 14:54:02", "elapsed": 22159.298161029816, "delta": 23.510929584503174}, "costs": {"total_cost": 943.4962811223874, "time_cost": 150, "final_distance_cost": 51.36646271400757, "oscillation_cost": 93.09207735506088, "completition_cost": 555.5555555555555, "overshoot_cost": 52.05326302650892, "power_cost": 23.056810119628906, "noise_cost": 18.372112351625404, "n_waypoints_completed": 4, "tot_waypoints": 9}}
{"target": -827.671052261908, "params": {"k_pid_pos": [1.9999990463256836, 0.9962911605834961, 0.5845197439193726], "k_pid_alt": [1.95689857006073, 0.941258430480957, 0.04377913475036621], "k_pid_att": [100.0, 0.032653048634529114, 0.9611639976501465], "k_pid_yaw": [0.5, 1e-06, 0.1], "k_pid_hsp": [8.344318389892578, 0.9896954298019409, 0.01618519425392151], "k_pid_vsp": [22.634315490722656, 395.97479248046875, 26.93649673461914]}, "datetime": {"datetime": "2025-08-21 14:54:27", "elapsed": 22183.5296728611, "delta": 24.23151183128357}, "costs": {"total_cost": 827.671052261908, "time_cost": 150, "final_distance_cost": 52.815118017590606, "oscillation_cost": 95.32685908469176, "completition_cost": 444.4444444444444, "overshoot_cost": 52.226301779572076, "power_cost": 18.50564970703125, "noise_cost": 14.352679228577898, "n_waypoints_completed": 5, "tot_waypoints": 9}}
{"target": -1349.6217542816198, "params": {"k_pid_pos": [0.06982530653476715, 0.9953018426895142, 0.00014418363571166992], "k_pid_alt": [1.9958242177963257, 1.0, 0.010469973087310791], "k_pid_att": [100.0, 0.4467935860157013, 0.9603862166404724], "k_pid_yaw": [0.5, 1e-06, 0.1], "k_pid_hsp": [9.916319847106934, 0.9924514293670654, 0.03229591250419617], "k_pid_vsp": [33.78929901123047, 399.5793762207031, 33.58921813964844]}, "datetime": {"datetime": "2025-08-21 14:54:50", "elapsed": 22206.917034864426, "delta": 23.387362003326416}, "costs": {"total_cost": 1349.6217542816198, "time_cost": 150, "final_distance_cost": 16.09882496291148, "oscillation_cost": 69.20862765786305, "completition_cost": 1000.0, "overshoot_cost": 54.84612845153303, "power_cost": 30.34287886962891, "noise_cost": 29.125294339683233, "n_waypoints_completed": 0, "tot_waypoints": 9}}
{"target": -1083.5615062906004, "params": {"k_pid_pos": [1.9946531057357788, 0.9492710828781128, 0.2308902144432068], "k_pid_alt": [1.9315731525421143, 1.0, 0.026586025953292847], "k_pid_att": [100.0, 0.5699263215065002, 0.975051999092102], "k_pid_yaw": [0.5, 1e-06, 0.1], "k_pid_hsp": [9.97338581085205, 0.9647290706634521, 0.06848341226577759], "k_pid_vsp": [9.034717559814453, 385.5568542480469, 17.895545959472656]}, "datetime": {"datetime": "2025-08-21 14:55:14", "elapsed": 22230.918616771698, "delta": 24.00158190727234}, "costs": {"total_cost": 1083.5615062906004, "time_cost": 150, "final_distance_cost": 59.10011486500632, "oscillation_cost": 117.7549793166244, "completition_cost": 666.6666666666667, "overshoot_cost": 50.78953927706031, "power_cost": 23.202424975585938, "noise_cost": 16.047781189656668, "n_waypoints_completed": 3, "tot_waypoints": 9}}
{"target": -1075.0593291078626, "params": {"k_pid_pos": [2.0, 0.9853420257568359, 0.0], "k_pid_alt": [1.9590122699737549, 0.981342077255249, 0.013921380043029785], "k_pid_att": [99.96322631835938, 0.07223818451166153, 0.9762447476387024], "k_pid_yaw": [0.5, 1e-06, 0.1], "k_pid_hsp": [9.574106216430664, 0.9529675245285034, 0.0315077006816864], "k_pid_vsp": [2.8626322746276855, 399.5314636230469, 3.3948311805725098]}, "datetime": {"datetime": "2025-08-21 14:55:37", "elapsed": 22254.270164728165, "delta": 23.351547956466675}, "costs": {"total_cost": 1075.0593291078626, "time_cost": 150, "final_distance_cost": 51.775465382219586, "oscillation_cost": 101.90885200865159, "completition_cost": 666.6666666666667, "overshoot_cost": 63.367147699882594, "power_cost": 23.94232139892578, "noise_cost": 17.398875951516327, "n_waypoints_completed": 3, "tot_waypoints": 9}}
{"target": -732.6155790597562, "params": {"k_pid_pos": [2.0, 0.9256519675254822, 0.43341633677482605], "k_pid_alt": [1.9739251136779785, 0.9999998807907104, 0.0728849470615387], "k_pid_att": [100.0, 0.2934269905090332, 0.9090962409973145], "k_pid_yaw": [0.5, 1e-06, 0.1], "k_pid_hsp": [9.955021858215332, 0.9478963017463684, 0.021485477685928345], "k_pid_vsp": [32.61585235595703, 340.9906921386719, 6.135190486907959]}, "datetime": {"datetime": "2025-08-21 14:56:01", "elapsed": 22278.030423879623, "delta": 23.76025915145874}, "costs": {"total_cost": 732.6155790597562, "time_cost": 150, "final_distance_cost": 64.93173119758265, "oscillation_cost": 90.8365200631201, "completition_cost": 333.33333333333337, "overshoot_cost": 52.27801640266, "power_cost": 24.23336807861328, "noise_cost": 17.00260998444687, "n_waypoints_completed": 6, "tot_waypoints": 9}}
{"target": -730.1171440245772, "params": {"k_pid_pos": [2.0, 0.9974831938743591, 0.9999938607215881], "k_pid_alt": [1.9835880994796753, 1.0, 0.012232959270477295], "k_pid_att": [100.0, 0.101515993475914, 0.9844255447387695], "k_pid_yaw": [0.5, 1e-06, 0.1], "k_pid_hsp": [9.551246643066406, 0.9786586165428162, 0.035757094621658325], "k_pid_vsp": [6.405174732208252, 399.3415832519531, 18.651905059814453]}, "datetime": {"datetime": "2025-08-21 14:56:24", "elapsed": 22300.915233135223, "delta": 22.884809255599976}, "costs": {"total_cost": 730.1171440245772, "time_cost": 150, "final_distance_cost": 64.06041416332559, "oscillation_cost": 202.88374393213604, "completition_cost": 222.2222222222222, "overshoot_cost": 52.63961640828563, "power_cost": 21.36996983642578, "noise_cost": 16.941177462182075, "n_waypoints_completed": 7, "tot_waypoints": 9}}
{"target": -1330.6870036222533, "params": {"k_pid_pos": [2.0, 0.9755312204360962, 0.0038680732250213623], "k_pid_alt": [1.7720708847045898, 1.0, 0.22091299295425415], "k_pid_att": [99.99968719482422, 0.3154897391796112, 0.6944321990013123], "k_pid_yaw": [0.5, 1e-06, 0.1], "k_pid_hsp": [9.858423233032227, 0.9674628973007202, 0.04464226961135864], "k_pid_vsp": [22.153413772583008, 388.0658264160156, 9.428729057312012]}, "datetime": {"datetime": "2025-08-21 14:56:48", "elapsed": 22324.562317848206, "delta": 23.647084712982178}, "costs": {"total_cost": 1330.6870036222533, "time_cost": 150, "final_distance_cost": 40.754917213420356, "oscillation_cost": 67.18079237895216, "completition_cost": 1000.0, "overshoot_cost": 29.697310002826054, "power_cost": 24.714062634277344, "noise_cost": 18.339921392777672, "n_waypoints_completed": 0, "tot_waypoints": 9}}
