{"target": -1270.1253302390178, "params": {"k_pid_pos": [0.04663560912013054, 0.9463727474212646, 0.00465819239616394], "k_pid_alt": [1.3082672357559204, 0.6854336857795715, 0.018866509199142456], "k_pid_att": [47.00070571899414, 8.648733139038086, 0.6506456136703491], "k_pid_yaw": [0.5, 1e-06, 0.1], "k_pid_hsp": [1.3916161060333252, 0.8395488262176514, 0.6381824016571045], "k_pid_vsp": [301.9349670410156, 70.99897766113281, 158.80982971191406]}, "datetime": {"datetime": "2025-08-21 09:32:02", "elapsed": 2838.448129415512, "delta": 28.968229055404663}, "costs": {"total_cost": 1270.1253302390178, "time_cost": 150, "final_distance_cost": 102.15396735566286, "oscillation_cost": 132.50618791593337, "completition_cost": 777.7777777777778, "overshoot_cost": 67.05203609556794, "power_cost": 23.791927758789065, "noise_cost": 16.843433335286598, "n_waypoints_completed": 2, "tot_waypoints": 9}}
{"target": -828.6215194236852, "params": {"k_pid_pos": [1.5636067390441895, 0.8144518136978149, 1.0], "k_pid_alt": [1.3916079998016357, 0.9999992847442627, 0.5276091694831848], "k_pid_att": [86.0576171875, 0.4485718607902527, 0.11371073126792908], "k_pid_yaw": [0.5, 1e-06, 0.1], "k_pid_hsp": [7.064692974090576, 0.5488301515579224, 0.3084861636161804], "k_pid_vsp": [282.9823913574219, 338.3031005859375, 253.71170043945312]}, "datetime": {"datetime": "2025-08-21 09:32:29", "elapsed": 2866.0328674316406, "delta": 27.58473801612854}, "costs": {"total_cost": 828.6215194236852, "time_cost": 150, "final_distance_cost": 72.07922803820853, "oscillation_cost": 287.2730771435199, "completition_cost": 222.2222222222222, "overshoot_cost": 54.221976402756276, "power_cost": 24.082493005371095, "noise_cost": 18.74252261160718, "n_waypoints_completed": 7, "tot_waypoints": 9}}
{"target": -1704.3110203434728, "params": {"k_pid_pos": [0.007706185337156057, 0.42707890272140503, 0.9975697994232178], "k_pid_alt": [0.30810433626174927, 0.9238141775131226, 0.9166631698608398], "k_pid_att": [99.99637603759766, 1.2397277355194092, 0.07390403747558594], "k_pid_yaw": [0.5, 1e-06, 0.1], "k_pid_hsp": [8.728434562683105, 0.20483088493347168, 0.07168924808502197], "k_pid_vsp": [49.8788948059082, 61.298133850097656, 189.5493927001953]}, "datetime": {"datetime": "2025-08-21 09:32:55", "elapsed": 2892.316594839096, "delta": 26.283727407455444}, "costs": {"total_cost": 1704.3110203434728, "time_cost": 150, "final_distance_cost": 49.10151128469649, "oscillation_cost": 414.58081767555177, "completition_cost": 888.8888888888888, "overshoot_cost": 131.99144658652446, "power_cost": 27.360602587890625, "noise_cost": 42.38775331992061, "n_waypoints_completed": 1, "tot_waypoints": 9}}
{"target": -3687.394358056032, "params": {"k_pid_pos": [1.9957964420318604, 0.9380514621734619, 0.9998743534088135], "k_pid_alt": [1.682517170906067, 0.0605035126209259, 0.4914487898349762], "k_pid_att": [5.9604644775390625e-06, 2.7952024936676025, 0.6171606779098511], "k_pid_yaw": [0.5, 1e-06, 0.1], "k_pid_hsp": [7.567901134490967, 0.9716252088546753, 0.7127770185470581], "k_pid_vsp": [90.49589538574219, 50.11768341064453, 155.93617248535156]}, "datetime": {"datetime": "2025-08-21 09:33:26", "elapsed": 2922.769116163254, "delta": 30.452521324157715}, "costs": {"total_cost": 3687.394358056032, "time_cost": 150, "final_distance_cost": 522.7890361662505, "oscillation_cost": 898.7530615407811, "completition_cost": 1000.0, "overshoot_cost": 984.492557919767, "power_cost": 32.830100915527346, "noise_cost": 98.52960151370583, "n_waypoints_completed": 0, "tot_waypoints": 9}}
{"target": -1654.1124430294103, "params": {"k_pid_pos": [0.008330870419740677, 0.6619262099266052, 0.9978286623954773], "k_pid_alt": [1.7822920083999634, 0.00025856494903564453, 0.5657348036766052], "k_pid_att": [60.98732376098633, 6.314875602722168, 0.19335126876831055], "k_pid_yaw": [0.5, 1e-06, 0.1], "k_pid_hsp": [0.8183104395866394, 0.715865433216095, 0.8834983110427856], "k_pid_vsp": [180.21070861816406, 256.6968078613281, 80.36982727050781]}, "datetime": {"datetime": "2025-08-21 09:33:51", "elapsed": 2947.820119380951, "delta": 25.051003217697144}, "costs": {"total_cost": 1654.1124430294103, "time_cost": 150, "final_distance_cost": 73.7979405896356, "oscillation_cost": 450.4140844577771, "completition_cost": 888.8888888888888, "overshoot_cost": 52.14275545761189, "power_cost": 22.315594921875, "noise_cost": 16.553178713622103, "n_waypoints_completed": 1, "tot_waypoints": 9}}
{"target": -1057.2517342537108, "params": {"k_pid_pos": [1.398740530014038, 0.7483053207397461, 0.999997615814209], "k_pid_alt": [0.9428440928459167, 0.9970324039459229, 0.146194726228714], "k_pid_att": [98.79320526123047, 9.62171745300293, 0.983292818069458], "k_pid_yaw": [0.5, 1e-06, 0.1], "k_pid_hsp": [7.650947093963623, 0.2965729236602783, 0.45693081617355347], "k_pid_vsp": [114.77796173095703, 148.50106811523438, 210.94068908691406]}, "datetime": {"datetime": "2025-08-21 09:34:21", "elapsed": 2978.1186327934265, "delta": 30.298513412475586}, "costs": {"total_cost": 1057.2517342537108, "time_cost": 150, "final_distance_cost": 45.17362319986859, "oscillation_cost": 315.13250169947787, "completition_cost": 444.4444444444444, "overshoot_cost": 62.2918624913247, "power_cost": 21.956111047363283, "noise_cost": 18.253191371231978, "n_waypoints_completed": 5, "tot_waypoints": 9}}
{"target": -1539.619472423336, "params": {"k_pid_pos": [1.9999983310699463, 0.7500190734863281, 0.0], "k_pid_alt": [0.447359561920166, 0.9999972581863403, 0.3531317114830017], "k_pid_att": [100.0, 6.658425807952881, 0.6088622212409973], "k_pid_yaw": [0.5, 1e-06, 0.1], "k_pid_hsp": [9.267184257507324, 0.6423243284225464, 0.47094491124153137], "k_pid_vsp": [34.906864166259766, 125.4619140625, 205.63525390625]}, "datetime": {"datetime": "2025-08-21 09:34:47", "elapsed": 3003.7664263248444, "delta": 25.647793531417847}, "costs": {"total_cost": 1539.619472423336, "time_cost": 150, "final_distance_cost": 104.65208746648489, "oscillation_cost": 100.18033407062619, "completition_cost": 1000.0, "overshoot_cost": 125.22501658017737, "power_cost": 19.654028442382813, "noise_cost": 39.9080058636646, "n_waypoints_completed": 0, "tot_waypoints": 9}}
{"target": -3218.4747144955586, "params": {"k_pid_pos": [9.999999747378752e-05, 0.018945127725601196, 0.9980731010437012], "k_pid_alt": [0.3175930976867676, 0.5371708869934082, 0.0636095404624939], "k_pid_att": [0.551190972328186, 5.751552581787109, 0.9361222982406616], "k_pid_yaw": [0.5, 1e-06, 0.1], "k_pid_hsp": [7.293280124664307, 0.9342922568321228, 0.529792308807373], "k_pid_vsp": [185.8409423828125, 16.558732986450195, 173.67831420898438]}, "datetime": {"datetime": "2025-08-21 09:35:18", "elapsed": 3034.9888944625854, "delta": 31.22246813774109}, "costs": {"total_cost": 3218.4747144955586, "time_cost": 150, "final_distance_cost": 317.1873474503652, "oscillation_cost": 1080.3462478129218, "completition_cost": 1000.0, "overshoot_cost": 544.9447635037968, "power_cost": 32.127090283203124, "noise_cost": 93.86926544527184, "n_waypoints_completed": 0, "tot_waypoints": 9}}
{"target": -324.81673778865246, "params": {"k_pid_pos": [1.167783498764038, 0.13566836714744568, 5.21540641784668e-06], "k_pid_alt": [1.0179280042648315, 0.27007627487182617, 0.7628033757209778], "k_pid_att": [99.97450256347656, 5.198586940765381, 0.9453997611999512], "k_pid_yaw": [0.5, 1e-06, 0.1], "k_pid_hsp": [2.368210554122925, 0.9847003221511841, 0.3699387311935425], "k_pid_vsp": [304.0394287109375, 41.55182647705078, 30.982412338256836]}, "datetime": {"datetime": "2025-08-21 09:35:40", "elapsed": 3056.5610654354095, "delta": 21.572170972824097}, "costs": {"total_cost": 324.81673778865246, "time_cost": 82.06400000000001, "final_distance_cost": 1.7271903165885332, "oscillation_cost": 153.1398284368772, "completition_cost": 0.0, "overshoot_cost": 55.28687028800284, "power_cost": 18.541609606933594, "noise_cost": 14.05723914025026, "n_waypoints_completed": 9, "tot_waypoints": 9}}
{"target": -822.1572586690922, "params": {"k_pid_pos": [2.0, 0.29682254791259766, 2.086162567138672e-07], "k_pid_alt": [1.682075023651123, 0.9999995231628418, 0.19843164086341858], "k_pid_att": [99.99998474121094, 0.7031682133674622, 0.7492004632949829], "k_pid_yaw": [0.5, 1e-06, 0.1], "k_pid_hsp": [8.437051773071289, 0.9882528185844421, 0.014879196882247925], "k_pid_vsp": [148.13027954101562, 54.98292541503906, 142.796875]}, "datetime": {"datetime": "2025-08-21 09:36:09", "elapsed": 3085.627156019211, "delta": 29.06609058380127}, "costs": {"total_cost": 822.1572586690922, "time_cost": 150, "final_distance_cost": 55.96993774597107, "oscillation_cost": 84.75611143480072, "completition_cost": 444.4444444444444, "overshoot_cost": 59.25275261584547, "power_cost": 14.905168078613283, "noise_cost": 12.828844349417299, "n_waypoints_completed": 5, "tot_waypoints": 9}}
{"target": -8065.167313843667, "params": {"k_pid_pos": [2.0, 0.5354551076889038, 0.9999251365661621], "k_pid_alt": [1.7019102573394775, 1.0, 0.05833327770233154], "k_pid_att": [0.0, 4.341822147369385, 0.41474634408950806], "k_pid_yaw": [0.5, 1e-06, 0.1], "k_pid_hsp": [8.900177955627441, 0.9925044178962708, 0.927898108959198], "k_pid_vsp": [220.2270050048828, 343.5166015625, 126.9156723022461]}, "datetime": {"datetime": "2025-08-21 09:36:39", "elapsed": 3115.7164690494537, "delta": 30.08931303024292}, "costs": {"total_cost": 8065.167313843667, "time_cost": 150, "final_distance_cost": 979.5678760215222, "oscillation_cost": 2005.2338952921573, "completition_cost": 1000.0, "overshoot_cost": 3796.9935213317995, "power_cost": 35.74853745117188, "noise_cost": 97.62348374701607, "n_waypoints_completed": 0, "tot_waypoints": 9}}
{"target": -253.6263672478395, "params": {"k_pid_pos": [1.9522225856781006, 0.1410292685031891, 0.0], "k_pid_alt": [1.9086101055145264, 0.006023764610290527, 0.04775264859199524], "k_pid_att": [90.52384948730469, 0.21376560628414154, 0.8625078201293945], "k_pid_yaw": [0.5, 1e-06, 0.1], "k_pid_hsp": [0.5846753716468811, 0.8594118356704712, 0.10297098755836487], "k_pid_vsp": [356.5254211425781, 393.8872375488281, 138.694580078125]}, "datetime": {"datetime": "2025-08-21 09:36:59", "elapsed": 3136.3451035022736, "delta": 20.628634452819824}, "costs": {"total_cost": 253.6263672478395, "time_cost": 77.744, "final_distance_cost": 1.739647147675881, "oscillation_cost": 82.21922364003682, "completition_cost": 0.0, "overshoot_cost": 61.25854393432024, "power_cost": 16.431911132812502, "noise_cost": 14.23304139299406, "n_waypoints_completed": 9, "tot_waypoints": 9}}
{"target": -877.8872231137082, "params": {"k_pid_pos": [1.9999945163726807, 0.9140061140060425, 0.9568537473678589], "k_pid_alt": [1.6422141790390015, 0.975056529045105, 0.6502437591552734], "k_pid_att": [99.85519409179688, 8.575139999389648, 0.6543850898742676], "k_pid_yaw": [0.5, 1e-06, 0.1], "k_pid_hsp": [8.849409103393555, 0.948837161064148, 0.20348098874092102], "k_pid_vsp": [91.16301727294922, 300.89410400390625, 140.6236114501953]}, "datetime": {"datetime": "2025-08-21 09:37:29", "elapsed": 3165.9477541446686, "delta": 29.60265064239502}, "costs": {"total_cost": 877.8872231137082, "time_cost": 150, "final_distance_cost": 67.3062656162916, "oscillation_cost": 232.07320676120037, "completition_cost": 333.33333333333337, "overshoot_cost": 50.777427501802016, "power_cost": 25.19900261230469, "noise_cost": 19.197987288776208, "n_waypoints_completed": 6, "tot_waypoints": 9}}
{"target": -3047.9854377119455, "params": {"k_pid_pos": [1.999886155128479, 0.40078204870224, 0.0009515583515167236], "k_pid_alt": [0.6502563953399658, 0.8901798129081726, 0.18413913249969482], "k_pid_att": [99.24188232421875, 1.3629603385925293, 0.5320888757705688], "k_pid_yaw": [0.5, 1e-06, 0.1], "k_pid_hsp": [8.205872535705566, 0.9634397625923157, 0.44315382838249207], "k_pid_vsp": [28.130531311035156, 163.11871337890625, 379.88128662109375]}, "datetime": {"datetime": "2025-08-21 09:37:54", "elapsed": 3191.3757450580597, "delta": 25.427990913391113}, "costs": {"total_cost": 3047.9854377119455, "time_cost": 150, "final_distance_cost": 702.6607840667336, "oscillation_cost": 384.1131710279439, "completition_cost": 888.8888888888888, "overshoot_cost": 877.7132974926141, "power_cost": 22.243527099609377, "noise_cost": 22.365769136156107, "n_waypoints_completed": 1, "tot_waypoints": 9}}
{"target": -1028.6713888705297, "params": {"k_pid_pos": [0.00010023840150097385, 0.78135085105896, 0.0006490647792816162], "k_pid_alt": [1.4242777824401855, 0.9990547895431519, 0.7218831181526184], "k_pid_att": [99.99983215332031, 4.3103203773498535, 0.8840935826301575], "k_pid_yaw": [0.5, 1e-06, 0.1], "k_pid_hsp": [1.338407039642334, 0.06250476837158203, 0.6646403074264526], "k_pid_vsp": [209.13632202148438, 199.71734619140625, 34.302162170410156]}, "datetime": {"datetime": "2025-08-21 09:38:21", "elapsed": 3217.9336373806, "delta": 26.557892322540283}, "costs": {"total_cost": 1028.6713888705297, "time_cost": 150, "final_distance_cost": 48.88963634730001, "oscillation_cost": 162.5905428136386, "completition_cost": 555.5555555555555, "overshoot_cost": 65.58529170207575, "power_cost": 25.88357147216797, "noise_cost": 20.166790979791635, "n_waypoints_completed": 4, "tot_waypoints": 9}}
{"target": -1041.432294329346, "params": {"k_pid_pos": [1.397465467453003, 0.9157291650772095, 0.8586549758911133], "k_pid_alt": [0.7940775156021118, 0.0, 0.16333812475204468], "k_pid_att": [99.25113677978516, 1.8129303455352783, 0.49827632308006287], "k_pid_yaw": [0.5, 1e-06, 0.1], "k_pid_hsp": [5.47628116607666, 0.530479371547699, 0.2614348530769348], "k_pid_vsp": [148.52003479003906, 67.62740325927734, 313.6563415527344]}, "datetime": {"datetime": "2025-08-21 09:38:49", "elapsed": 3246.159914493561, "delta": 28.226277112960815}, "costs": {"total_cost": 1041.432294329346, "time_cost": 150, "final_distance_cost": 56.45539514578417, "oscillation_cost": 290.6412260776373, "completition_cost": 444.4444444444444, "overshoot_cost": 64.63205314798316, "power_cost": 18.715629992675783, "noise_cost": 16.543545520820913, "n_waypoints_completed": 5, "tot_waypoints": 9}}
{"target": -1392.4972315195855, "params": {"k_pid_pos": [0.17769448459148407, 0.8062971830368042, 1.0], "k_pid_alt": [1.7002553939819336, 0.6263810396194458, 0.2776956558227539], "k_pid_att": [100.0, 5.2027387619018555, 0.5617151260375977], "k_pid_yaw": [0.5, 1e-06, 0.1], "k_pid_hsp": [8.193924903869629, 0.7282491326332092, 0.20633459091186523], "k_pid_vsp": [121.43003845214844, 246.0640869140625, 140.04046630859375]}, "datetime": {"datetime": "2025-08-21 09:39:18", "elapsed": 3275.36972117424, "delta": 29.20980668067932}, "costs": {"total_cost": 1392.4972315195855, "time_cost": 150, "final_distance_cost": 86.56717618915962, "oscillation_cost": 305.22165119802264, "completition_cost": 777.7777777777778, "overshoot_cost": 31.955639678905445, "power_cost": 23.357716748046876, "noise_cost": 17.617269927673053, "n_waypoints_completed": 2, "tot_waypoints": 9}}
{"target": -3357.367688979086, "params": {"k_pid_pos": [1.9999998807907104, 0.9411714673042297, 0.5547914505004883], "k_pid_alt": [1.8383066654205322, 0.05321842432022095, 0.10478997230529785], "k_pid_att": [0.0, 5.298938274383545, 0.985313892364502], "k_pid_yaw": [0.5, 1e-06, 0.1], "k_pid_hsp": [7.229658603668213, 0.9084337949752808, 0.7183098793029785], "k_pid_vsp": [304.2685852050781, 340.20697021484375, 225.0081024169922]}, "datetime": {"datetime": "2025-08-21 09:39:47", "elapsed": 3303.568681716919, "delta": 28.198960542678833}, "costs": {"total_cost": 3357.367688979086, "time_cost": 150, "final_distance_cost": 260.42151549150975, "oscillation_cost": 1224.5505923538658, "completition_cost": 1000.0, "overshoot_cost": 593.4678180894334, "power_cost": 32.69713598632813, "noise_cost": 96.23062705794824, "n_waypoints_completed": 0, "tot_waypoints": 9}}
{"target": -1713.2201049977152, "params": {"k_pid_pos": [9.999999747378752e-05, 0.17214587330818176, 0.6948713660240173], "k_pid_alt": [0.7923622131347656, 1.0, 0.3380511403083801], "k_pid_att": [100.0, 2.9180314540863037, 0.27618855237960815], "k_pid_yaw": [0.5, 1e-06, 0.1], "k_pid_hsp": [6.588680267333984, 0.2862432897090912, 0.10749006271362305], "k_pid_vsp": [98.93067169189453, 223.95709228515625, 232.70826721191406]}, "datetime": {"datetime": "2025-08-21 09:40:13", "elapsed": 3330.289221763611, "delta": 26.720540046691895}, "costs": {"total_cost": 1713.2201049977152, "time_cost": 150, "final_distance_cost": 58.110419085178094, "oscillation_cost": 441.66768956669756, "completition_cost": 888.8888888888888, "overshoot_cost": 133.6936910085656, "power_cost": 23.194904125976564, "noise_cost": 17.664512322408566, "n_waypoints_completed": 1, "tot_waypoints": 9}}
{"target": -1190.5728372187477, "params": {"k_pid_pos": [0.0001004768128041178, 0.9111239910125732, 0.05679330229759216], "k_pid_alt": [1.8823320865631104, 0.9536749720573425, 0.1302332580089569], "k_pid_att": [99.61585998535156, 7.302572250366211, 0.3393692970275879], "k_pid_yaw": [0.5, 1e-06, 0.1], "k_pid_hsp": [0.44431614875793457, 0.9930499792098999, 0.05525165796279907], "k_pid_vsp": [185.67864990234375, 1.6552696228027344, 11.039984703063965]}, "datetime": {"datetime": "2025-08-21 09:40:41", "elapsed": 3357.7289085388184, "delta": 27.43968677520752}, "costs": {"total_cost": 1190.5728372187477, "time_cost": 150, "final_distance_cost": 80.17058212121599, "oscillation_cost": 91.67903543935229, "completition_cost": 777.7777777777778, "overshoot_cost": 59.407971615516615, "power_cost": 16.86195983886719, "noise_cost": 14.675510426017802, "n_waypoints_completed": 2, "tot_waypoints": 9}}
{"target": -853.8890301564363, "params": {"k_pid_pos": [0.8666564226150513, 0.35078659653663635, 0.9995641708374023], "k_pid_alt": [1.7355124950408936, 0.42093679308891296, 0.14327216148376465], "k_pid_att": [100.0, 3.5953879356384277, 0.24828854203224182], "k_pid_yaw": [0.5, 1e-06, 0.1], "k_pid_hsp": [2.609981060028076, 0.8540719747543335, 0.332295686006546], "k_pid_vsp": [27.621723175048828, 308.8792419433594, 229.94796752929688]}, "datetime": {"datetime": "2025-08-21 09:41:06", "elapsed": 3383.1883022785187, "delta": 25.459393739700317}, "costs": {"total_cost": 853.8890301564363, "time_cost": 150, "final_distance_cost": 75.56681962364192, "oscillation_cost": 297.4407301147083, "completition_cost": 222.2222222222222, "overshoot_cost": 62.13906928483979, "power_cost": 25.562343310546876, "noise_cost": 20.957845600477167, "n_waypoints_completed": 7, "tot_waypoints": 9}}
{"target": -3988.0478371379604, "params": {"k_pid_pos": [1.9461437463760376, 0.9978352785110474, 2.9802322387695312e-08], "k_pid_alt": [1.8067841529846191, 0.32603734731674194, 0.2825457751750946], "k_pid_att": [0.0, 5.721921443939209, 0.8031246066093445], "k_pid_yaw": [0.5, 1e-06, 0.1], "k_pid_hsp": [9.8245849609375, 0.9465756416320801, 0.173123300075531], "k_pid_vsp": [50.32384490966797, 173.60565185546875, 111.53764343261719]}, "datetime": {"datetime": "2025-08-21 09:41:37", "elapsed": 3414.059973716736, "delta": 30.871671438217163}, "costs": {"total_cost": 3988.0478371379604, "time_cost": 150, "final_distance_cost": 379.29550483981683, "oscillation_cost": 1273.2516374627346, "completition_cost": 1000.0, "overshoot_cost": 1056.3466857809515, "power_cost": 32.2861535522461, "noise_cost": 96.86785550221155, "n_waypoints_completed": 0, "tot_waypoints": 9}}
{"target": -1575.9350788997504, "params": {"k_pid_pos": [0.6391851902008057, 0.059213221073150635, 1.0], "k_pid_alt": [1.0393600463867188, 1.895427703857422e-05, 0.5342264175415039], "k_pid_att": [77.83076477050781, 0.537243664264679, 0.7448434829711914], "k_pid_yaw": [0.5, 1e-06, 0.1], "k_pid_hsp": [6.8967413902282715, 0.9255430698394775, 0.6899020671844482], "k_pid_vsp": [0.8666753768920898, 168.25421142578125, 183.87290954589844]}, "datetime": {"datetime": "2025-08-21 09:42:03", "elapsed": 3440.3998470306396, "delta": 26.33987331390381}, "costs": {"total_cost": 1575.9350788997504, "time_cost": 150, "final_distance_cost": 70.62645609373237, "oscillation_cost": 404.5045981737514, "completition_cost": 777.7777777777778, "overshoot_cost": 113.44363650887674, "power_cost": 20.731917187500002, "noise_cost": 38.850693158112, "n_waypoints_completed": 2, "tot_waypoints": 9}}
{"target": -733.6490937204178, "params": {"k_pid_pos": [1.9993467330932617, 0.5621898174285889, 0.05258458852767944], "k_pid_alt": [1.9123061895370483, 0.9998735785484314, 0.5877165794372559], "k_pid_att": [78.85750579833984, 8.8977632522583, 0.952243983745575], "k_pid_yaw": [0.5, 1e-06, 0.1], "k_pid_hsp": [7.478506565093994, 0.6222971677780151, 0.9770443439483643], "k_pid_vsp": [19.288074493408203, 147.9342041015625, 49.737667083740234]}, "datetime": {"datetime": "2025-08-21 09:42:34", "elapsed": 3470.879665374756, "delta": 30.47981834411621}, "costs": {"total_cost": 733.6490937204178, "time_cost": 150, "final_distance_cost": 77.39813512721693, "oscillation_cost": 193.47555157921042, "completition_cost": 222.2222222222222, "overshoot_cost": 51.70395475908474, "power_cost": 21.436217724609374, "noise_cost": 17.413012308074162, "n_waypoints_completed": 7, "tot_waypoints": 9}}
{"target": -379.2550587741727, "params": {"k_pid_pos": [1.999997615814209, 0.033433109521865845, 0.9996585845947266], "k_pid_alt": [1.456992745399475, 3.159046173095703e-06, 0.0514693558216095], "k_pid_att": [34.565284729003906, 2.262239456176758, 0.7920564413070679], "k_pid_yaw": [0.5, 1e-06, 0.1], "k_pid_hsp": [9.203583717346191, 0.9484283924102783, 0.3408692479133606], "k_pid_vsp": [25.31201934814453, 284.9605712890625, 100.5748062133789]}, "datetime": {"datetime": "2025-08-21 09:42:55", "elapsed": 3492.030534029007, "delta": 21.1508686542511}, "costs": {"total_cost": 379.2550587741727, "time_cost": 79.632, "final_distance_cost": 1.8087343369984579, "oscillation_cost": 205.7798574527747, "completition_cost": 0.0, "overshoot_cost": 55.27591478740411, "power_cost": 20.992865576171877, "noise_cost": 15.765686620823544, "n_waypoints_completed": 9, "tot_waypoints": 9}}
