{"target": -1012.161232120716, "params": {"k_pid_pos": [2.0, 0.9903143048286438, 0.9999749660491943], "k_pid_alt": [1.9088761806488037, 1.0, 0.07368537783622742], "k_pid_att": [100.0, 0.5025433897972107, 0.9910500049591064], "k_pid_yaw": [0.5, 1e-06, 0.1], "k_pid_hsp": [9.539828300476074, 0.9742928743362427, 0.021425604820251465], "k_pid_vsp": [0.3569483757019043, 399.04083251953125, 4.146862983703613]}, "datetime": {"datetime": "2025-08-21 20:46:59", "elapsed": 43335.6634581089, "delta": 24.579187870025635}, "costs": {"total_cost": 1012.161232120716, "time_cost": 150, "final_distance_cost": 56.36352658054979, "oscillation_cost": 163.97073908481906, "completition_cost": 555.5555555555555, "overshoot_cost": 52.5380359791324, "power_cost": 19.107383251953127, "noise_cost": 14.625991668706094, "n_waypoints_completed": 4, "tot_waypoints": 9}}
{"target": -952.3564216512747, "params": {"k_pid_pos": [2.0, 0.9813389778137207, 1.0], "k_pid_alt": [1.9887311458587646, 1.0, 0.008006423711776733], "k_pid_att": [100.0, 0.2765694856643677, 0.9823415875434875], "k_pid_yaw": [0.5, 1e-06, 0.1], "k_pid_hsp": [9.912819862365723, 0.9581518173217773, 0.09203091263771057], "k_pid_vsp": [1.0817885398864746, 392.28173828125, 0.9255419373512268]}, "datetime": {"datetime": "2025-08-21 20:47:23", "elapsed": 43359.60209131241, "delta": 23.93863320350647}, "costs": {"total_cost": 952.3564216512747, "time_cost": 150, "final_distance_cost": 55.27582591657353, "oscillation_cost": 212.38793566860804, "completition_cost": 444.4444444444444, "overshoot_cost": 55.57956835102835, "power_cost": 20.152058129882814, "noise_cost": 14.516589140737501, "n_waypoints_completed": 5, "tot_waypoints": 9}}
{"target": -703.598843877017, "params": {"k_pid_pos": [2.0, 0.9866800904273987, 1.0], "k_pid_alt": [1.9884226322174072, 1.0, 0.020742446184158325], "k_pid_att": [100.0, 0.07564783096313477, 0.9723862409591675], "k_pid_yaw": [0.5, 1e-06, 0.1], "k_pid_hsp": [9.813531875610352, 0.9814779758453369, 0.021435528993606567], "k_pid_vsp": [3.9966225624084473, 393.3458251953125, 5.276680946350098]}, "datetime": {"datetime": "2025-08-21 20:47:46", "elapsed": 43383.03027820587, "delta": 23.428186893463135}, "costs": {"total_cost": 703.598843877017, "time_cost": 150, "final_distance_cost": 63.523487638062385, "oscillation_cost": 177.56742148819643, "completition_cost": 222.2222222222222, "overshoot_cost": 56.86334278989375, "power_cost": 19.51202194824219, "noise_cost": 13.910347790400136, "n_waypoints_completed": 7, "tot_waypoints": 9}}
{"target": -691.0290788418948, "params": {"k_pid_pos": [2.0, 0.9979742169380188, 1.0], "k_pid_alt": [1.982248306274414, 1.0, 0.007717996835708618], "k_pid_att": [100.0, 0.08608748018741608, 0.9517154693603516], "k_pid_yaw": [0.5, 1e-06, 0.1], "k_pid_hsp": [9.736167907714844, 0.9886636734008789, 0.017959684133529663], "k_pid_vsp": [4.905033111572266, 394.68206787109375, 7.314671039581299]}, "datetime": {"datetime": "2025-08-21 20:48:11", "elapsed": 43407.71935868263, "delta": 24.689080476760864}, "costs": {"total_cost": 691.0290788418948, "time_cost": 150, "final_distance_cost": 71.61491386376768, "oscillation_cost": 154.34619716259036, "completition_cost": 222.2222222222222, "overshoot_cost": 53.934726402690195, "power_cost": 22.32421181640625, "noise_cost": 16.586807374218193, "n_waypoints_completed": 7, "tot_waypoints": 9}}
{"target": -3128.6862116836674, "params": {"k_pid_pos": [2.0, 0.996160626411438, 1.0], "k_pid_alt": [1.840982437133789, 1.0, 0.04761818051338196], "k_pid_att": [100.0, 0.27249613404273987, 0.9829358458518982], "k_pid_yaw": [0.5, 1e-06, 0.1], "k_pid_hsp": [9.96118450164795, 0.9319479465484619, 0.003209412097930908], "k_pid_vsp": [8.251690864562988, 396.4282531738281, 21.04646110534668]}, "datetime": {"datetime": "2025-08-21 20:48:34", "elapsed": 43431.12017798424, "delta": 23.400819301605225}, "costs": {"total_cost": 3128.6862116836674, "time_cost": 150, "final_distance_cost": 1126.6552650706722, "oscillation_cost": 183.8747913540613, "completition_cost": 777.7777777777778, "overshoot_cost": 858.7932389922543, "power_cost": 17.488059301757815, "noise_cost": 14.09707918714428, "n_waypoints_completed": 2, "tot_waypoints": 9}}
{"target": -1178.386264172294, "params": {"k_pid_pos": [2.0, 0.9674743413925171, 0.0306280255317688], "k_pid_alt": [1.9860843420028687, 1.0, 0.0030840039253234863], "k_pid_att": [100.0, 0.6602407693862915, 0.9745347499847412], "k_pid_yaw": [0.5, 1e-06, 0.1], "k_pid_hsp": [9.57351303100586, 0.9803645610809326, 0.02144479751586914], "k_pid_vsp": [12.430870056152344, 395.8033142089844, 3.0592808723449707]}, "datetime": {"datetime": "2025-08-21 20:49:00", "elapsed": 43456.44899368286, "delta": 25.328815698623657}, "costs": {"total_cost": 1178.386264172294, "time_cost": 150, "final_distance_cost": 83.59033317834584, "oscillation_cost": 80.98884207005543, "completition_cost": 777.7777777777778, "overshoot_cost": 44.83065582250691, "power_cost": 24.578602636718752, "noise_cost": 16.620052686889277, "n_waypoints_completed": 2, "tot_waypoints": 9}}
{"target": -776.5009728279485, "params": {"k_pid_pos": [2.0, 0.9981648325920105, 0.9999998807907104], "k_pid_alt": [1.9797186851501465, 1.0, 0.02899429202079773], "k_pid_att": [100.0, 0.18142177164554596, 0.8430591225624084], "k_pid_yaw": [0.5, 1e-06, 0.1], "k_pid_hsp": [9.88508129119873, 0.9867589473724365, 0.0038603246212005615], "k_pid_vsp": [21.200477600097656, 388.6025390625, 9.574819564819336]}, "datetime": {"datetime": "2025-08-21 20:49:23", "elapsed": 43480.27791881561, "delta": 23.828925132751465}, "costs": {"total_cost": 776.5009728279485, "time_cost": 150, "final_distance_cost": 61.264193722948676, "oscillation_cost": 115.8536944521035, "completition_cost": 333.33333333333337, "overshoot_cost": 64.37856899597787, "power_cost": 28.97233083496094, "noise_cost": 22.6988514886242, "n_waypoints_completed": 6, "tot_waypoints": 9}}
{"target": -727.8286224712922, "params": {"k_pid_pos": [2.0, 0.9447425603866577, 1.0], "k_pid_alt": [1.9920306205749512, 1.0, 0.06218290328979492], "k_pid_att": [100.0, 0.07129763066768646, 0.9504567980766296], "k_pid_yaw": [0.5, 1e-06, 0.1], "k_pid_hsp": [9.926112174987793, 0.9974719285964966, 0.09537285566329956], "k_pid_vsp": [1.571512222290039, 398.7637023925781, 22.268701553344727]}, "datetime": {"datetime": "2025-08-21 20:49:47", "elapsed": 43503.99626207352, "delta": 23.718343257904053}, "costs": {"total_cost": 727.8286224712922, "time_cost": 150, "final_distance_cost": 63.188371945547026, "oscillation_cost": 193.08282950191423, "completition_cost": 222.2222222222222, "overshoot_cost": 56.21488898805188, "power_cost": 24.873199731445315, "noise_cost": 18.24711008211146, "n_waypoints_completed": 7, "tot_waypoints": 9}}
{"target": -924.4576958839211, "params": {"k_pid_pos": [2.0, 0.8668763637542725, 1.0], "k_pid_alt": [1.9928314685821533, 1.0, 0.007221728563308716], "k_pid_att": [100.0, 0.1126696988940239, 0.972388744354248], "k_pid_yaw": [0.5, 1e-06, 0.1], "k_pid_hsp": [9.968900680541992, 0.9962880611419678, 0.005058348178863525], "k_pid_vsp": [2.960062026977539, 385.0957336425781, 5.441487789154053]}, "datetime": {"datetime": "2025-08-21 20:50:14", "elapsed": 43531.12056851387, "delta": 27.124306440353394}, "costs": {"total_cost": 924.4576958839211, "time_cost": 150, "final_distance_cost": 59.9682897354119, "oscillation_cost": 187.15119607291473, "completition_cost": 444.4444444444444, "overshoot_cost": 50.466437678450916, "power_cost": 18.58955762939453, "noise_cost": 13.837770323304483, "n_waypoints_completed": 5, "tot_waypoints": 9}}
{"target": -755.5755083581256, "params": {"k_pid_pos": [2.0, 0.9901597499847412, 1.0], "k_pid_alt": [1.8337056636810303, 1.0, 0.039339810609817505], "k_pid_att": [100.0, 0.2465236932039261, 0.9857715368270874], "k_pid_yaw": [0.5, 1e-06, 0.1], "k_pid_hsp": [9.919480323791504, 0.9695509672164917, 0.03165203332901001], "k_pid_vsp": [13.298141479492188, 398.0923156738281, 104.29757690429688]}, "datetime": {"datetime": "2025-08-21 20:50:39", "elapsed": 43555.43850016594, "delta": 24.317931652069092}, "costs": {"total_cost": 755.5755083581256, "time_cost": 150, "final_distance_cost": 72.27970696165899, "oscillation_cost": 231.16420383801585, "completition_cost": 222.2222222222222, "overshoot_cost": 50.97678295182549, "power_cost": 15.72890653076172, "noise_cost": 13.203685853641288, "n_waypoints_completed": 7, "tot_waypoints": 9}}
{"target": -707.1323449390487, "params": {"k_pid_pos": [2.0, 0.7743475437164307, 1.0], "k_pid_alt": [1.9666330814361572, 1.0, 0.027602970600128174], "k_pid_att": [100.0, 0.27823513746261597, 0.9963188171386719], "k_pid_yaw": [0.5, 1e-06, 0.1], "k_pid_hsp": [9.856003761291504, 0.9845411777496338, 0.011821657419204712], "k_pid_vsp": [7.67667293548584, 388.1256408691406, 0.4949222207069397]}, "datetime": {"datetime": "2025-08-21 20:51:04", "elapsed": 43580.64177918434, "delta": 25.2032790184021}, "costs": {"total_cost": 707.1323449390487, "time_cost": 150, "final_distance_cost": 64.77480938900445, "oscillation_cost": 177.30387949897334, "completition_cost": 222.2222222222222, "overshoot_cost": 53.511481702976724, "power_cost": 23.186695751953128, "noise_cost": 16.133256373918815, "n_waypoints_completed": 7, "tot_waypoints": 9}}
{"target": -994.0471561464187, "params": {"k_pid_pos": [2.0, 0.9923543334007263, 1.0], "k_pid_alt": [1.974714756011963, 1.0, 0.006864488124847412], "k_pid_att": [100.0, 0.40298014879226685, 0.9735690355300903], "k_pid_yaw": [0.5, 1e-06, 0.1], "k_pid_hsp": [9.532175064086914, 0.9178748726844788, 0.012668043375015259], "k_pid_vsp": [4.540359973907471, 364.835205078125, 3.230095863342285]}, "datetime": {"datetime": "2025-08-21 20:51:27", "elapsed": 43603.8794298172, "delta": 23.237650632858276}, "costs": {"total_cost": 994.0471561464187, "time_cost": 150, "final_distance_cost": 48.522436466410625, "oscillation_cost": 154.90230951822497, "completition_cost": 555.5555555555555, "overshoot_cost": 48.4989016814194, "power_cost": 21.00709376220703, "noise_cost": 15.560859162601172, "n_waypoints_completed": 4, "tot_waypoints": 9}}
{"target": -715.3598277314647, "params": {"k_pid_pos": [2.0, 0.990623950958252, 0.9999964237213135], "k_pid_alt": [1.9929090738296509, 1.0, 0.0017206370830535889], "k_pid_att": [100.0, 0.026961756870150566, 0.9636123180389404], "k_pid_yaw": [0.5, 1e-06, 0.1], "k_pid_hsp": [9.970505714416504, 0.9848045706748962, 0.009741872549057007], "k_pid_vsp": [2.5190353393554688, 332.7247009277344, 7.492471694946289]}, "datetime": {"datetime": "2025-08-21 20:51:52", "elapsed": 43629.05250453949, "delta": 25.17307472229004}, "costs": {"total_cost": 715.3598277314647, "time_cost": 150, "final_distance_cost": 71.24091946017391, "oscillation_cost": 180.4535094807982, "completition_cost": 222.2222222222222, "overshoot_cost": 54.042878267789455, "power_cost": 22.0822349609375, "noise_cost": 15.31806333954353, "n_waypoints_completed": 7, "tot_waypoints": 9}}
{"target": -346.6153295239739, "params": {"k_pid_pos": [1.9998760223388672, 0.9715996980667114, 1.0], "k_pid_alt": [1.9915459156036377, 1.0, 0.014525681734085083], "k_pid_att": [99.99999237060547, 0.1791544407606125, 0.9979119300842285], "k_pid_yaw": [0.5, 1e-06, 0.1], "k_pid_hsp": [9.845352172851562, 0.9766331911087036, 0.0012286603450775146], "k_pid_vsp": [10.887527465820312, 344.38214111328125, 1.112450122833252]}, "datetime": {"datetime": "2025-08-21 20:52:14", "elapsed": 43651.15647649765, "delta": 22.1039719581604}, "costs": {"total_cost": 346.6153295239739, "time_cost": 96.736, "final_distance_cost": 1.746765253641129, "oscillation_cost": 147.50308907374702, "completition_cost": 0.0, "overshoot_cost": 61.88941960868457, "power_cost": 22.298162744140626, "noise_cost": 16.441892843760503, "n_waypoints_completed": 9, "tot_waypoints": 9}}
{"target": -716.9895001945849, "params": {"k_pid_pos": [2.0, 0.9951502084732056, 0.9999305009841919], "k_pid_alt": [1.9713555574417114, 1.0, 0.009479224681854248], "k_pid_att": [100.0, 0.033393632620573044, 0.9737069606781006], "k_pid_yaw": [0.5, 1e-06, 0.1], "k_pid_hsp": [9.75497055053711, 0.9983949661254883, 0.014901816844940186], "k_pid_vsp": [1.5002012252807617, 397.0086975097656, 2.015162467956543]}, "datetime": {"datetime": "2025-08-21 20:52:39", "elapsed": 43676.25894999504, "delta": 25.102473497390747}, "costs": {"total_cost": 716.9895001945849, "time_cost": 150, "final_distance_cost": 75.0117092387485, "oscillation_cost": 179.36634679856792, "completition_cost": 222.2222222222222, "overshoot_cost": 53.33630718893457, "power_cost": 21.302410900878908, "noise_cost": 15.750503845232727, "n_waypoints_completed": 7, "tot_waypoints": 9}}
{"target": -1219.2891256002824, "params": {"k_pid_pos": [2.0, 0.9397625923156738, 1.0], "k_pid_alt": [1.9979660511016846, 0.9998356103897095, 0.010035723447799683], "k_pid_att": [100.0, 0.059778258204460144, 0.9403477907180786], "k_pid_yaw": [0.5, 1e-06, 0.1], "k_pid_hsp": [9.933367729187012, 0.9972820281982422, 0.003138899803161621], "k_pid_vsp": [4.2923688888549805, 392.1083068847656, 7.293976306915283]}, "datetime": {"datetime": "2025-08-21 20:53:03", "elapsed": 43700.40478348732, "delta": 24.145833492279053}, "costs": {"total_cost": 1219.2891256002824, "time_cost": 150, "final_distance_cost": 191.3701581579842, "oscillation_cost": 194.524292537946, "completition_cost": 555.5555555555555, "overshoot_cost": 97.21007845539484, "power_cost": 17.144255029296875, "noise_cost": 13.484785864105184, "n_waypoints_completed": 4, "tot_waypoints": 9}}
{"target": -1190.5179356409851, "params": {"k_pid_pos": [2.0, 0.9986497163772583, 8.285045623779297e-06], "k_pid_alt": [1.9879014492034912, 1.0, 0.002283751964569092], "k_pid_att": [99.99995422363281, 0.04497857019305229, 0.9784621000289917], "k_pid_yaw": [0.5, 1e-06, 0.1], "k_pid_hsp": [9.866762161254883, 0.9323814511299133, 0.013776153326034546], "k_pid_vsp": [2.087414264678955, 395.2271423339844, 4.444945812225342]}, "datetime": {"datetime": "2025-08-21 20:53:27", "elapsed": 43723.64946627617, "delta": 23.244682788848877}, "costs": {"total_cost": 1190.5179356409851, "time_cost": 150, "final_distance_cost": 91.5955586543376, "oscillation_cost": 87.66105388649578, "completition_cost": 777.7777777777778, "overshoot_cost": 47.273406528383475, "power_cost": 21.527120739746096, "noise_cost": 14.683018054244368, "n_waypoints_completed": 2, "tot_waypoints": 9}}
{"target": -563.559578441207, "params": {"k_pid_pos": [2.0, 0.9645818471908569, 1.0], "k_pid_alt": [1.968005657196045, 1.0, 0.0032611489295959473], "k_pid_att": [99.98143768310547, 0.12215180695056915, 0.9688195586204529], "k_pid_yaw": [0.5, 1e-06, 0.1], "k_pid_hsp": [9.952247619628906, 0.9849435687065125, 0.08827382326126099], "k_pid_vsp": [11.987447738647461, 393.8115234375, 8.764744758605957]}, "datetime": {"datetime": "2025-08-21 20:53:51", "elapsed": 43748.40911817551, "delta": 24.75965189933777}, "costs": {"total_cost": 563.559578441207, "time_cost": 150, "final_distance_cost": 31.04795950986815, "oscillation_cost": 171.36797426450752, "completition_cost": 111.11111111111116, "overshoot_cost": 59.91104569208626, "power_cost": 22.866985107421876, "noise_cost": 17.254502756212034, "n_waypoints_completed": 8, "tot_waypoints": 9}}
{"target": -523.7397208037404, "params": {"k_pid_pos": [2.0, 0.9048902988433838, 1.0], "k_pid_alt": [1.9589488506317139, 1.0, 0.0021618902683258057], "k_pid_att": [100.0, 0.15156908333301544, 0.9952164888381958], "k_pid_yaw": [0.5, 1e-06, 0.1], "k_pid_hsp": [9.826118469238281, 0.9910885095596313, 0.012101709842681885], "k_pid_vsp": [7.880306243896484, 389.78466796875, 15.828598976135254]}, "datetime": {"datetime": "2025-08-21 20:54:15", "elapsed": 43772.16686844826, "delta": 23.757750272750854}, "costs": {"total_cost": 523.7397208037404, "time_cost": 150, "final_distance_cost": 7.085162524097748, "oscillation_cost": 157.4029463484369, "completition_cost": 111.11111111111116, "overshoot_cost": 59.831699046439475, "power_cost": 21.483611633300782, "noise_cost": 16.825190140354287, "n_waypoints_completed": 8, "tot_waypoints": 9}}
{"target": -672.0051299377839, "params": {"k_pid_pos": [2.0, 0.9970149993896484, 1.0], "k_pid_alt": [1.9911863803863525, 1.0, 0.0043637752532958984], "k_pid_att": [100.0, 0.361890584230423, 0.9596161842346191], "k_pid_yaw": [0.5, 1e-06, 0.1], "k_pid_hsp": [9.965522766113281, 0.9981653690338135, 0.003505140542984009], "k_pid_vsp": [7.783710956573486, 386.3762512207031, 0.6361971497535706]}, "datetime": {"datetime": "2025-08-21 20:54:39", "elapsed": 43796.08889436722, "delta": 23.92202591896057}, "costs": {"total_cost": 672.0051299377839, "time_cost": 150, "final_distance_cost": 65.40356101827093, "oscillation_cost": 137.7967829692272, "completition_cost": 222.2222222222222, "overshoot_cost": 56.98412595575106, "power_cost": 23.239940979003908, "noise_cost": 16.358496793308483, "n_waypoints_completed": 7, "tot_waypoints": 9}}
{"target": -370.72137066718767, "params": {"k_pid_pos": [2.0, 0.9352083802223206, 1.0], "k_pid_alt": [1.910334825515747, 1.0, 0.004162997007369995], "k_pid_att": [100.0, 0.22607682645320892, 0.990649938583374], "k_pid_yaw": [0.5, 1e-06, 0.1], "k_pid_hsp": [9.702922821044922, 0.9854874610900879, 0.027825772762298584], "k_pid_vsp": [23.381006240844727, 398.9084777832031, 17.6588191986084]}, "datetime": {"datetime": "2025-08-21 20:55:03", "elapsed": 43820.04797077179, "delta": 23.959076404571533}, "costs": {"total_cost": 370.72137066718767, "time_cost": 97.552, "final_distance_cost": 1.7411716041711771, "oscillation_cost": 176.17322440717396, "completition_cost": 0.0, "overshoot_cost": 57.701005821013666, "power_cost": 21.764350415039065, "noise_cost": 15.789618419789832, "n_waypoints_completed": 9, "tot_waypoints": 9}}
{"target": -345.5688942177991, "params": {"k_pid_pos": [2.0, 0.9883466958999634, 0.9999986886978149], "k_pid_alt": [1.992194652557373, 1.0, 0.022187381982803345], "k_pid_att": [100.0, 0.23536105453968048, 0.9925850033760071], "k_pid_yaw": [0.5, 1e-06, 0.1], "k_pid_hsp": [9.717307090759277, 0.9923583269119263, 0.005737483501434326], "k_pid_vsp": [3.544187545776367, 399.565673828125, 4.91993522644043]}, "datetime": {"datetime": "2025-08-21 20:55:25", "elapsed": 43842.05341386795, "delta": 22.00544309616089}, "costs": {"total_cost": 345.5688942177991, "time_cost": 97.608, "final_distance_cost": 1.7819824657583285, "oscillation_cost": 149.06613469375986, "completition_cost": 0.0, "overshoot_cost": 59.31395830836355, "power_cost": 21.448950415039064, "noise_cost": 16.349868334878263, "n_waypoints_completed": 9, "tot_waypoints": 9}}
{"target": -2898.5583170962423, "params": {"k_pid_pos": [2.0, 0.9913676977157593, 1.0], "k_pid_alt": [1.9542560577392578, 1.0, 0.0035048723220825195], "k_pid_att": [100.0, 0.09880787879228592, 0.992092490196228], "k_pid_yaw": [0.5, 1e-06, 0.1], "k_pid_hsp": [9.724267959594727, 0.9842296838760376, 0.01382380723953247], "k_pid_vsp": [21.408117294311523, 395.1346740722656, 15.093947410583496]}, "datetime": {"datetime": "2025-08-21 20:55:50", "elapsed": 43866.47245502472, "delta": 24.4190411567688}, "costs": {"total_cost": 2898.5583170962423, "time_cost": 150, "final_distance_cost": 646.7071681806322, "oscillation_cost": 226.0076995342569, "completition_cost": 777.7777777777778, "overshoot_cost": 1069.1681696585251, "power_cost": 15.714456213378908, "noise_cost": 13.183045731671294, "n_waypoints_completed": 2, "tot_waypoints": 9}}
{"target": -689.5714981012342, "params": {"k_pid_pos": [1.9998500347137451, 0.9862744808197021, 1.0], "k_pid_alt": [1.9876222610473633, 1.0, 0.03661969304084778], "k_pid_att": [100.0, 0.13862398266792297, 0.9941791296005249], "k_pid_yaw": [0.5, 1e-06, 0.1], "k_pid_hsp": [9.933202743530273, 0.9744446277618408, 0.06851452589035034], "k_pid_vsp": [6.267905235290527, 370.4709167480469, 3.2136688232421875]}, "datetime": {"datetime": "2025-08-21 20:56:13", "elapsed": 43890.164824962616, "delta": 23.69236993789673}, "costs": {"total_cost": 689.5714981012342, "time_cost": 150, "final_distance_cost": 63.876964757320906, "oscillation_cost": 162.9182727970734, "completition_cost": 222.2222222222222, "overshoot_cost": 56.475485687778985, "power_cost": 19.903043920898437, "noise_cost": 14.175508715940234, "n_waypoints_completed": 7, "tot_waypoints": 9}}
{"target": -923.7820476423325, "params": {"k_pid_pos": [2.0, 0.9960647821426392, 0.9978455901145935], "k_pid_alt": [1.9510692358016968, 1.0, 0.0065107643604278564], "k_pid_att": [99.99720764160156, 0.09106054902076721, 0.9890683889389038], "k_pid_yaw": [0.5, 1e-06, 0.1], "k_pid_hsp": [9.844659805297852, 0.9738047122955322, 0.011027753353118896], "k_pid_vsp": [3.463423252105713, 395.3749084472656, 2.4132261276245117]}, "datetime": {"datetime": "2025-08-21 20:56:37", "elapsed": 43913.45995211601, "delta": 23.295127153396606}, "costs": {"total_cost": 923.7820476423325, "time_cost": 150, "final_distance_cost": 67.02771574607019, "oscillation_cost": 177.48805885123858, "completition_cost": 444.4444444444444, "overshoot_cost": 53.16343502783485, "power_cost": 18.231454333496096, "noise_cost": 13.426939239248433, "n_waypoints_completed": 5, "tot_waypoints": 9}}
{"target": -596.9060797902966, "params": {"k_pid_pos": [2.0, 0.9782178997993469, 0.9999825954437256], "k_pid_alt": [1.9842090606689453, 1.0, 0.004677385091781616], "k_pid_att": [100.0, 0.21624603867530823, 0.9557352066040039], "k_pid_yaw": [0.5, 1e-06, 0.1], "k_pid_hsp": [8.992324829101562, 0.9776156544685364, 0.016131818294525146], "k_pid_vsp": [2.443218231201172, 396.5504150390625, 27.39723014831543]}, "datetime": {"datetime": "2025-08-21 20:57:01", "elapsed": 43937.554213523865, "delta": 24.094261407852173}, "costs": {"total_cost": 596.9060797902966, "time_cost": 150, "final_distance_cost": 66.63654534430994, "oscillation_cost": 178.36450987253914, "completition_cost": 111.11111111111116, "overshoot_cost": 52.499209743861684, "power_cost": 21.79960778808594, "noise_cost": 16.495095930388754, "n_waypoints_completed": 8, "tot_waypoints": 9}}
