{"target": -1666.2808995467094, "params": {"k_pid_pos": [9.999999747378752e-05, 0.03342700004577637, 0.9998225569725037], "k_pid_alt": [1.3515410423278809, 1.0, 0.8898110389709473], "k_pid_att": [99.97113800048828, 2.975527763366699, 0.057217687368392944], "k_pid_yaw": [0.5, 1e-06, 0.1], "k_pid_hsp": [9.177448272705078, 0.09830209612846375, 0.8951985836029053], "k_pid_vsp": [26.24905014038086, 104.34687042236328, 133.48524475097656]}, "datetime": {"datetime": "2025-08-21 09:20:20", "elapsed": 2136.523957490921, "delta": 26.95120668411255}, "costs": {"total_cost": 1666.2808995467094, "time_cost": 150, "final_distance_cost": 24.506935800386483, "oscillation_cost": 456.6485364970331, "completition_cost": 888.8888888888888, "overshoot_cost": 108.03413145547796, "power_cost": 21.65897109375, "noise_cost": 16.543435811172824, "n_waypoints_completed": 1, "tot_waypoints": 9}}
{"target": -1135.062103471159, "params": {"k_pid_pos": [1.9965275526046753, 0.9453189969062805, 0.9999029636383057], "k_pid_alt": [1.6292901039123535, 0.9994974136352539, 0.43113213777542114], "k_pid_att": [98.21318817138672, 7.795395374298096, 0.7165282964706421], "k_pid_yaw": [0.5, 1e-06, 0.1], "k_pid_hsp": [3.29518461227417, 0.4805302321910858, 0.9461195468902588], "k_pid_vsp": [242.47166442871094, 294.292236328125, 177.48768615722656]}, "datetime": {"datetime": "2025-08-21 09:20:47", "elapsed": 2163.4749965667725, "delta": 26.95103907585144}, "costs": {"total_cost": 1135.062103471159, "time_cost": 150, "final_distance_cost": 55.54231297537626, "oscillation_cost": 173.10866426538527, "completition_cost": 666.6666666666667, "overshoot_cost": 46.0086003584396, "power_cost": 24.965299658203126, "noise_cost": 18.770559547087977, "n_waypoints_completed": 3, "tot_waypoints": 9}}
{"target": -6433.421106388008, "params": {"k_pid_pos": [0.008908470161259174, 0.143474280834198, 0.9347612857818604], "k_pid_alt": [1.8842735290527344, 0.9993548393249512, 0.0632239282131195], "k_pid_att": [100.0, 2.9823014736175537, 0.06844264268875122], "k_pid_yaw": [0.5, 1e-06, 0.1], "k_pid_hsp": [0.8059080243110657, 0.7448010444641113, 0.16596439480781555], "k_pid_vsp": [6.60550594329834, 60.3607063293457, 204.78671264648438]}, "datetime": {"datetime": "2025-08-21 09:21:15", "elapsed": 2191.5498356819153, "delta": 28.074839115142822}, "costs": {"total_cost": 6433.421106388008, "time_cost": 150, "final_distance_cost": 1948.8360438690481, "oscillation_cost": 433.4428161655361, "completition_cost": 888.8888888888888, "overshoot_cost": 2976.916373147043, "power_cost": 19.40221844482422, "noise_cost": 15.93476587266926, "n_waypoints_completed": 1, "tot_waypoints": 9}}
{"target": -1477.464799387842, "params": {"k_pid_pos": [0.00012980082829017192, 0.8868045210838318, 0.9968559741973877], "k_pid_alt": [1.6111708879470825, 2.9802322387695312e-08, 0.05110079050064087], "k_pid_att": [100.0, 7.64376974105835, 0.8025202751159668], "k_pid_yaw": [0.5, 1e-06, 0.1], "k_pid_hsp": [3.425677537918091, 0.8631007671356201, 0.6796349287033081], "k_pid_vsp": [64.57514953613281, 226.4564208984375, 292.1812438964844]}, "datetime": {"datetime": "2025-08-21 09:21:42", "elapsed": 2219.177886247635, "delta": 27.628050565719604}, "costs": {"total_cost": 1477.464799387842, "time_cost": 150, "final_distance_cost": 50.47778273423915, "oscillation_cost": 254.66377872581555, "completition_cost": 888.8888888888888, "overshoot_cost": 78.9660774119656, "power_cost": 26.475148291015625, "noise_cost": 27.993123335917396, "n_waypoints_completed": 1, "tot_waypoints": 9}}
{"target": -19686.083798587617, "params": {"k_pid_pos": [0.05434836447238922, 0.3296179175376892, 2.9802322387695312e-08], "k_pid_alt": [0.8703523278236389, 0.0, 0.456997275352478], "k_pid_att": [0.0010222196578979492, 5.883368968963623, 0.8669582605361938], "k_pid_yaw": [0.5, 1e-06, 0.1], "k_pid_hsp": [5.996942520141602, 0.1222962737083435, 0.7513169050216675], "k_pid_vsp": [220.48849487304688, 120.45349884033203, 290.02886962890625]}, "datetime": {"datetime": "2025-08-21 09:22:10", "elapsed": 2247.2088601589203, "delta": 28.0309739112854}, "costs": {"total_cost": 19686.083798587617, "time_cost": 150, "final_distance_cost": 5751.988831458247, "oscillation_cost": 2207.8470995462035, "completition_cost": 1000.0, "overshoot_cost": 10436.00961974519, "power_cost": 35.553497204589846, "noise_cost": 104.68475063338593, "n_waypoints_completed": 0, "tot_waypoints": 9}}
{"target": -1214.0009582441426, "params": {"k_pid_pos": [0.00016651545593049377, 0.8731461763381958, 0.6778993010520935], "k_pid_alt": [1.7492018938064575, 0.9999994039535522, 0.28209739923477173], "k_pid_att": [100.0, 0.08456876873970032, 0.6843180656433105], "k_pid_yaw": [0.5, 1e-06, 0.1], "k_pid_hsp": [7.142189979553223, 0.19378173351287842, 0.8743007183074951], "k_pid_vsp": [289.08514404296875, 348.5509338378906, 371.874267578125]}, "datetime": {"datetime": "2025-08-21 09:22:37", "elapsed": 2273.8307955265045, "delta": 26.62193536758423}, "costs": {"total_cost": 1214.0009582441426, "time_cost": 150, "final_distance_cost": 94.39906624744444, "oscillation_cost": 222.92254065168245, "completition_cost": 666.6666666666667, "overshoot_cost": 47.45832046578665, "power_cost": 17.9517650390625, "noise_cost": 14.602599173499497, "n_waypoints_completed": 3, "tot_waypoints": 9}}
{"target": -294.95405635108415, "params": {"k_pid_pos": [1.9999916553497314, 0.09848988056182861, 2.9802322387695312e-08], "k_pid_alt": [1.7577223777770996, 0.03599712252616882, 0.021386831998825073], "k_pid_att": [99.99798583984375, 8.466787338256836, 0.044943660497665405], "k_pid_yaw": [0.5, 1e-06, 0.1], "k_pid_hsp": [4.513978004455566, 0.954842209815979, 0.46575531363487244], "k_pid_vsp": [163.45263671875, 69.59135437011719, 7.854522228240967]}, "datetime": {"datetime": "2025-08-21 09:22:56", "elapsed": 2292.5651121139526, "delta": 18.73431658744812}, "costs": {"total_cost": 294.95405635108415, "time_cost": 72.416, "final_distance_cost": 1.7439932192963692, "oscillation_cost": 138.89441240573214, "completition_cost": 0.0, "overshoot_cost": 54.61470602743861, "power_cost": 14.802998840332032, "noise_cost": 12.481945858285036, "n_waypoints_completed": 9, "tot_waypoints": 9}}
{"target": -1545.0274997605131, "params": {"k_pid_pos": [0.00010053641017293558, 0.08901351690292358, 0.0029197335243225098], "k_pid_alt": [1.2477130889892578, 3.546476364135742e-06, 0.8220218420028687], "k_pid_att": [100.0, 8.362323760986328, 0.6696957349777222], "k_pid_yaw": [0.5, 1e-06, 0.1], "k_pid_hsp": [8.076345443725586, 0.5265963077545166, 0.6787969470024109], "k_pid_vsp": [196.07289123535156, 137.6129150390625, 133.24725341796875]}, "datetime": {"datetime": "2025-08-21 09:23:24", "elapsed": 2321.399864912033, "delta": 28.834752798080444}, "costs": {"total_cost": 1545.0274997605131, "time_cost": 150, "final_distance_cost": 74.48545799673299, "oscillation_cost": 419.1388512702977, "completition_cost": 777.7777777777778, "overshoot_cost": 84.6479137286229, "power_cost": 22.12472995605469, "noise_cost": 16.85276903102718, "n_waypoints_completed": 2, "tot_waypoints": 9}}
{"target": -1455.943752364305, "params": {"k_pid_pos": [1.9999972581863403, 0.34081903100013733, 0.0032835006713867188], "k_pid_alt": [1.1632567644119263, 0.10654109716415405, 0.7658795714378357], "k_pid_att": [2.0330519676208496, 1.3473994731903076, 0.6845017671585083], "k_pid_yaw": [0.5, 1e-06, 0.1], "k_pid_hsp": [1.369983434677124, 0.4845888018608093, 0.2413603663444519], "k_pid_vsp": [111.9984130859375, 110.69355010986328, 255.97052001953125]}, "datetime": {"datetime": "2025-08-21 09:23:50", "elapsed": 2347.220027446747, "delta": 25.820162534713745}, "costs": {"total_cost": 1455.943752364305, "time_cost": 150, "final_distance_cost": 2.4135564142684593, "oscillation_cost": 83.71401620488427, "completition_cost": 1000.0, "overshoot_cost": 132.82049195127576, "power_cost": 27.568377990722656, "noise_cost": 59.42730980315409, "n_waypoints_completed": 0, "tot_waypoints": 9}}
{"target": -9912.114052087609, "params": {"k_pid_pos": [1.999922752380371, 0.7422173023223877, 0.9998973608016968], "k_pid_alt": [0.34444594383239746, 1.0, 0.10246983170509338], "k_pid_att": [0.03566741943359375, 1.9484663009643555, 0.5348243713378906], "k_pid_yaw": [0.5, 1e-06, 0.1], "k_pid_hsp": [9.556963920593262, 0.4706839621067047, 0.6495396494865417], "k_pid_vsp": [213.184814453125, 158.51547241210938, 45.87120819091797]}, "datetime": {"datetime": "2025-08-21 09:24:20", "elapsed": 2376.5316033363342, "delta": 29.311575889587402}, "costs": {"total_cost": 9912.114052087609, "time_cost": 150, "final_distance_cost": 3361.9782556817645, "oscillation_cost": 1705.3350726892857, "completition_cost": 1000.0, "overshoot_cost": 3559.451339595543, "power_cost": 36.94441013183594, "noise_cost": 98.40497398918066, "n_waypoints_completed": 0, "tot_waypoints": 9}}
{"target": -8412.888824271478, "params": {"k_pid_pos": [1.9884486198425293, 0.31545084714889526, 0.9999494552612305], "k_pid_alt": [1.8821518421173096, 1.0, 0.7772119045257568], "k_pid_att": [0.01488029956817627, 1.6839627027511597, 0.39008063077926636], "k_pid_yaw": [0.5, 1e-06, 0.1], "k_pid_hsp": [1.3380672931671143, 0.8125280141830444, 0.6355545520782471], "k_pid_vsp": [26.97995948791504, 8.922375679016113, 36.66328048706055]}, "datetime": {"datetime": "2025-08-21 09:24:51", "elapsed": 2408.2210268974304, "delta": 31.68942356109619}, "costs": {"total_cost": 8412.888824271478, "time_cost": 150, "final_distance_cost": 2747.544138505809, "oscillation_cost": 397.07109488994035, "completition_cost": 1000.0, "overshoot_cost": 3988.281099810134, "power_cost": 33.141465759277345, "noise_cost": 96.85102530631805, "n_waypoints_completed": 0, "tot_waypoints": 9}}
{"target": -671.2971654581555, "params": {"k_pid_pos": [1.9985932111740112, 0.9565050601959229, 7.748603820800781e-07], "k_pid_alt": [1.0560402870178223, 0.2359202802181244, 0.21255841851234436], "k_pid_att": [13.522476196289062, 2.4825005531311035, 0.06332534551620483], "k_pid_yaw": [0.5, 1e-06, 0.1], "k_pid_hsp": [8.279513359069824, 0.4887978732585907, 0.8038601279258728], "k_pid_vsp": [255.57394409179688, 315.6251525878906, 227.7378387451172]}, "datetime": {"datetime": "2025-08-21 09:25:17", "elapsed": 2433.6046125888824, "delta": 25.383585691452026}, "costs": {"total_cost": 671.2971654581555, "time_cost": 150, "final_distance_cost": 78.51850232579505, "oscillation_cost": 125.66104416082527, "completition_cost": 222.2222222222222, "overshoot_cost": 60.181307340116454, "power_cost": 20.009543029785156, "noise_cost": 14.704546379411441, "n_waypoints_completed": 7, "tot_waypoints": 9}}
{"target": -7669.036307975303, "params": {"k_pid_pos": [1.9998247623443604, 0.3283633589744568, 1.0], "k_pid_alt": [1.4214212894439697, 2.9802322387695312e-08, 0.06875008344650269], "k_pid_att": [0.01918971538543701, 3.2407891750335693, 0.7325754761695862], "k_pid_yaw": [0.5, 1e-06, 0.1], "k_pid_hsp": [7.357986927032471, 0.21699750423431396, 0.4548425078392029], "k_pid_vsp": [180.73204040527344, 204.32110595703125, 50.71693801879883]}, "datetime": {"datetime": "2025-08-21 09:25:46", "elapsed": 2462.840321779251, "delta": 29.235709190368652}, "costs": {"total_cost": 7669.036307975303, "time_cost": 150, "final_distance_cost": 1874.2565064303967, "oscillation_cost": 1587.0755922656504, "completition_cost": 1000.0, "overshoot_cost": 2921.287511170546, "power_cost": 35.479635205078125, "noise_cost": 100.93706290363198, "n_waypoints_completed": 0, "tot_waypoints": 9}}
{"target": -1526.7387399249262, "params": {"k_pid_pos": [0.00010005960211856291, 0.902100145816803, 0.9999998807907104], "k_pid_alt": [0.961808979511261, 1.0, 0.2180299460887909], "k_pid_att": [99.99988555908203, 5.5633392333984375, 0.17880210280418396], "k_pid_yaw": [0.5, 1e-06, 0.1], "k_pid_hsp": [5.10978364944458, 0.8652560710906982, 0.8981457948684692], "k_pid_vsp": [88.64769744873047, 256.1571960449219, 281.4754943847656]}, "datetime": {"datetime": "2025-08-21 09:26:12", "elapsed": 2488.508122444153, "delta": 25.667800664901733}, "costs": {"total_cost": 1526.7387399249262, "time_cost": 150, "final_distance_cost": 49.698465758887046, "oscillation_cost": 238.6842352082713, "completition_cost": 1000.0, "overshoot_cost": 49.14393105697621, "power_cost": 22.20208299560547, "noise_cost": 17.01002490518622, "n_waypoints_completed": 0, "tot_waypoints": 9}}
{"target": -1558.9663035830888, "params": {"k_pid_pos": [9.999999747378752e-05, 0.5413030385971069, 0.999994158744812], "k_pid_alt": [1.9509762525558472, 0.9988988637924194, 0.3244180381298065], "k_pid_att": [100.0, 0.20248763263225555, 0.803193211555481], "k_pid_yaw": [0.5, 1e-06, 0.1], "k_pid_hsp": [5.080195903778076, 0.5253373384475708, 0.27278706431388855], "k_pid_vsp": [104.87397003173828, 297.01055908203125, 171.20767211914062]}, "datetime": {"datetime": "2025-08-21 09:26:41", "elapsed": 2518.09987282753, "delta": 29.591750383377075}, "costs": {"total_cost": 1558.9663035830888, "time_cost": 150, "final_distance_cost": 76.38324577531928, "oscillation_cost": 345.78273903335315, "completition_cost": 888.8888888888888, "overshoot_cost": 67.94823463643552, "power_cost": 16.00538729248047, "noise_cost": 13.957807956611806, "n_waypoints_completed": 1, "tot_waypoints": 9}}
{"target": -14869.91557285016, "params": {"k_pid_pos": [9.999999747378752e-05, 0.5311996340751648, 0.9999971389770508], "k_pid_alt": [0.9079658389091492, 0.8220999240875244, 0.6996400356292725], "k_pid_att": [0.0036776065826416016, 7.584039211273193, 0.6079177260398865], "k_pid_yaw": [0.5, 1e-06, 0.1], "k_pid_hsp": [6.725062847137451, 0.5759244561195374, 0.8837527632713318], "k_pid_vsp": [248.23057556152344, 96.98004913330078, 323.14154052734375]}, "datetime": {"datetime": "2025-08-21 09:27:08", "elapsed": 2545.0231006145477, "delta": 26.923227787017822}, "costs": {"total_cost": 14869.91557285016, "time_cost": 150, "final_distance_cost": 4512.871892398008, "oscillation_cost": 1939.9051317605138, "completition_cost": 1000.0, "overshoot_cost": 7126.69305399711, "power_cost": 35.593242077636724, "noise_cost": 104.85225261689132, "n_waypoints_completed": 0, "tot_waypoints": 9}}
{"target": -1193.2275524648035, "params": {"k_pid_pos": [0.03413153812289238, 0.8898348808288574, 1.0], "k_pid_alt": [1.4694013595581055, 0.7793895602226257, 0.5750231742858887], "k_pid_att": [100.0, 3.0243687629699707, 0.11235225200653076], "k_pid_yaw": [0.5, 1e-06, 0.1], "k_pid_hsp": [6.861414909362793, 0.23706936836242676, 0.6731589436531067], "k_pid_vsp": [77.8757095336914, 325.37347412109375, 11.558426856994629]}, "datetime": {"datetime": "2025-08-21 09:27:37", "elapsed": 2574.1124737262726, "delta": 29.089373111724854}, "costs": {"total_cost": 1193.2275524648035, "time_cost": 150, "final_distance_cost": 50.27517240990087, "oscillation_cost": 223.7855019086881, "completition_cost": 666.6666666666667, "overshoot_cost": 65.98285534502946, "power_cost": 19.774022607421877, "noise_cost": 16.743333527096343, "n_waypoints_completed": 3, "tot_waypoints": 9}}
{"target": -306.50181164797897, "params": {"k_pid_pos": [2.0, 0.404511421918869, 0.0], "k_pid_alt": [1.9202111959457397, 0.0, 0.22822797298431396], "k_pid_att": [68.66009521484375, 4.6572041511535645, 0.4240538775920868], "k_pid_yaw": [0.5, 1e-06, 0.1], "k_pid_hsp": [9.453143119812012, 0.631798267364502, 0.3749762177467346], "k_pid_vsp": [152.49200439453125, 297.6404724121094, 11.552692413330078]}, "datetime": {"datetime": "2025-08-21 09:28:00", "elapsed": 2596.929482936859, "delta": 22.817009210586548}, "costs": {"total_cost": 306.50181164797897, "time_cost": 78.528, "final_distance_cost": 1.7690503681076255, "oscillation_cost": 133.40811403484446, "completition_cost": 0.0, "overshoot_cost": 58.34743264502858, "power_cost": 19.373296264648438, "noise_cost": 15.075918335349844, "n_waypoints_completed": 9, "tot_waypoints": 9}}
{"target": -1129.8413293756819, "params": {"k_pid_pos": [0.01383824273943901, 0.5820043087005615, 5.990266799926758e-06], "k_pid_alt": [0.663729190826416, 0.0004614293575286865, 0.35682418942451477], "k_pid_att": [65.84602355957031, 0.26441144943237305, 0.831597089767456], "k_pid_yaw": [0.5, 1e-06, 0.1], "k_pid_hsp": [5.614725112915039, 0.05787229537963867, 0.7297782897949219], "k_pid_vsp": [79.06074523925781, 254.61968994140625, 132.8467559814453]}, "datetime": {"datetime": "2025-08-21 09:28:26", "elapsed": 2622.56506896019, "delta": 25.63558602333069}, "costs": {"total_cost": 1129.8413293756819, "time_cost": 150, "final_distance_cost": 53.804234160633015, "oscillation_cost": 162.3138148401863, "completition_cost": 666.6666666666667, "overshoot_cost": 57.285160355160095, "power_cost": 22.82473126220703, "noise_cost": 16.946722090828708, "n_waypoints_completed": 3, "tot_waypoints": 9}}
{"target": -1186.0544916319384, "params": {"k_pid_pos": [1.9107571840286255, 0.4348779618740082, 0.7896543741226196], "k_pid_alt": [1.623628854751587, 1.0, 0.08360093832015991], "k_pid_att": [100.0, 2.6956512928009033, 0.9122262001037598], "k_pid_yaw": [0.5, 1e-06, 0.1], "k_pid_hsp": [7.134222984313965, 0.48887357115745544, 0.5743392109870911], "k_pid_vsp": [256.8367004394531, 34.51384353637695, 282.6300964355469]}, "datetime": {"datetime": "2025-08-21 09:29:00", "elapsed": 2656.6459233760834, "delta": 34.080854415893555}, "costs": {"total_cost": 1186.0544916319384, "time_cost": 150, "final_distance_cost": 49.60281093405413, "oscillation_cost": 329.17643133566054, "completition_cost": 555.5555555555555, "overshoot_cost": 65.91845395410455, "power_cost": 19.046915161132812, "noise_cost": 16.754324691430895, "n_waypoints_completed": 4, "tot_waypoints": 9}}
{"target": -2577.2656694354314, "params": {"k_pid_pos": [1.7567744255065918, 0.6048011779785156, 1.0], "k_pid_alt": [1.60383141040802, 0.9999991655349731, 0.8248035311698914], "k_pid_att": [0.1345425844192505, 2.2510251998901367, 0.4259456694126129], "k_pid_yaw": [0.5, 1e-06, 0.1], "k_pid_hsp": [8.239734649658203, 0.1065407395362854, 0.06366446614265442], "k_pid_vsp": [105.22277069091797, 38.51263427734375, 242.34690856933594]}, "datetime": {"datetime": "2025-08-21 09:29:25", "elapsed": 2681.596139907837, "delta": 24.95021653175354}, "costs": {"total_cost": 2577.2656694354314, "time_cost": 150, "final_distance_cost": 89.55065699120826, "oscillation_cost": 868.9950109528191, "completition_cost": 1000.0, "overshoot_cost": 340.2882914577813, "power_cost": 32.37598745117187, "noise_cost": 96.05572258245063, "n_waypoints_completed": 0, "tot_waypoints": 9}}
{"target": -1450.4806354975199, "params": {"k_pid_pos": [1.2753567695617676, 0.8497530221939087, 0.04260125756263733], "k_pid_alt": [0.7790889739990234, 0.865657389163971, 0.056533098220825195], "k_pid_att": [99.99597930908203, 1.6084970235824585, 0.7672460079193115], "k_pid_yaw": [0.5, 1e-06, 0.1], "k_pid_hsp": [3.1504712104797363, 0.5999442338943481, 0.34530550241470337], "k_pid_vsp": [5.081844329833984, 199.41366577148438, 144.79310607910156]}, "datetime": {"datetime": "2025-08-21 09:30:03", "elapsed": 2720.282054901123, "delta": 38.68591499328613}, "costs": {"total_cost": 1450.4806354975199, "time_cost": 150, "final_distance_cost": 12.083059250613664, "oscillation_cost": 64.03476391040257, "completition_cost": 1000.0, "overshoot_cost": 137.9703697248079, "power_cost": 21.563122155761718, "noise_cost": 64.82932045593398, "n_waypoints_completed": 0, "tot_waypoints": 9}}
{"target": -4880.879032227395, "params": {"k_pid_pos": [9.999999747378752e-05, 0.3869737386703491, 4.032254219055176e-05], "k_pid_alt": [1.127371907234192, 0.994566023349762, 0.05453866720199585], "k_pid_att": [0.0, 1.372158408164978, 0.11552828550338745], "k_pid_yaw": [0.5, 1e-06, 0.1], "k_pid_hsp": [4.975740909576416, 0.8584200739860535, 0.5717309713363647], "k_pid_vsp": [23.11558723449707, 143.36212158203125, 98.55810546875]}, "datetime": {"datetime": "2025-08-21 09:30:33", "elapsed": 2749.8770575523376, "delta": 29.5950026512146}, "costs": {"total_cost": 4880.879032227395, "time_cost": 150, "final_distance_cost": 1049.4048566971442, "oscillation_cost": 1307.9442084676975, "completition_cost": 1000.0, "overshoot_cost": 1241.7619870700075, "power_cost": 33.45757937011719, "noise_cost": 98.31040062242957, "n_waypoints_completed": 0, "tot_waypoints": 9}}
{"target": -8250.761413014827, "params": {"k_pid_pos": [0.007791892625391483, 0.548737645149231, 0.0010598599910736084], "k_pid_alt": [0.17357707023620605, 2.9802322387695312e-08, 0.572403609752655], "k_pid_att": [0.00022649765014648438, 2.8619894981384277, 0.910944938659668], "k_pid_yaw": [0.5, 1e-06, 0.1], "k_pid_hsp": [9.466585159301758, 0.9907741546630859, 0.2173466682434082], "k_pid_vsp": [173.1808624267578, 85.65499877929688, 349.001708984375]}, "datetime": {"datetime": "2025-08-21 09:31:05", "elapsed": 2782.09099984169, "delta": 32.21394228935242}, "costs": {"total_cost": 8250.761413014827, "time_cost": 150, "final_distance_cost": 2534.6349811807167, "oscillation_cost": 1792.3951560189616, "completition_cost": 1000.0, "overshoot_cost": 2634.7476600518125, "power_cost": 35.106104907226566, "noise_cost": 103.87751085610967, "n_waypoints_completed": 0, "tot_waypoints": 9}}
{"target": -2748.6421019865643, "params": {"k_pid_pos": [1.9951131343841553, 0.16468888521194458, 0.995847225189209], "k_pid_alt": [1.0477839708328247, 0.999999463558197, 0.8042564392089844], "k_pid_att": [99.99991607666016, 9.235063552856445, 0.19968271255493164], "k_pid_yaw": [0.5, 1e-06, 0.1], "k_pid_hsp": [8.374957084655762, 0.7796147465705872, 0.7630980014801025], "k_pid_vsp": [30.164575576782227, 41.92462158203125, 395.43798828125]}, "datetime": {"datetime": "2025-08-21 09:31:33", "elapsed": 2809.4799003601074, "delta": 27.38890051841736}, "costs": {"total_cost": 2748.6421019865643, "time_cost": 150, "final_distance_cost": 492.13051647485236, "oscillation_cost": 425.62445080449885, "completition_cost": 888.8888888888888, "overshoot_cost": 751.4085689405422, "power_cost": 21.611907470703127, "noise_cost": 18.977769407079442, "n_waypoints_completed": 1, "tot_waypoints": 9}}
