{"target": -918.5710601826534, "params": {"k_pid_pos": [2.0, 0.9858386516571045, 1.0], "k_pid_alt": [1.9850385189056396, 1.0, 0.0034503042697906494], "k_pid_att": [100.0, 0.03129050135612488, 0.9982866048812866], "k_pid_yaw": [0.5, 1e-06, 0.1], "k_pid_hsp": [9.86172103881836, 0.9967654943466187, 0.012791544198989868], "k_pid_vsp": [1.4729738235473633, 397.6269836425781, 7.43916130065918]}, "datetime": {"datetime": "2025-08-22 00:15:04", "elapsed": 55820.47371053696, "delta": 23.546120166778564}, "costs": {"total_cost": 918.5710601826534, "time_cost": 150, "final_distance_cost": 55.80241782664249, "oscillation_cost": 183.28397998005175, "completition_cost": 444.4444444444444, "overshoot_cost": 48.9918155590285, "power_cost": 20.37426343994141, "noise_cost": 15.674138932544816, "n_waypoints_completed": 5, "tot_waypoints": 9}}
{"target": -964.348871435112, "params": {"k_pid_pos": [2.0, 0.9968248605728149, 1.0], "k_pid_alt": [1.9915857315063477, 1.0, 0.003945767879486084], "k_pid_att": [100.0, 0.10324361175298691, 0.9813430309295654], "k_pid_yaw": [0.5, 1e-06, 0.1], "k_pid_hsp": [9.948203086853027, 0.9770499467849731, 0.00491786003112793], "k_pid_vsp": [1.9738316535949707, 392.7848205566406, 18.979801177978516]}, "datetime": {"datetime": "2025-08-22 00:15:25", "elapsed": 55841.59358882904, "delta": 21.11987829208374}, "costs": {"total_cost": 964.348871435112, "time_cost": 150, "final_distance_cost": 42.52631750866366, "oscillation_cost": 127.08069300929722, "completition_cost": 555.5555555555555, "overshoot_cost": 52.98244452338021, "power_cost": 20.72430573730469, "noise_cost": 15.479555100910567, "n_waypoints_completed": 4, "tot_waypoints": 9}}
{"target": -676.6564612841628, "params": {"k_pid_pos": [2.0, 0.9983674883842468, 1.0], "k_pid_alt": [1.967543363571167, 1.0, 0.011103063821792603], "k_pid_att": [100.0, 0.45677489042282104, 0.9925153255462646], "k_pid_yaw": [0.5, 1e-06, 0.1], "k_pid_hsp": [9.928390502929688, 0.9975645542144775, 0.0029783546924591064], "k_pid_vsp": [1.6728639602661133, 398.7083435058594, 2.044642925262451]}, "datetime": {"datetime": "2025-08-22 00:15:47", "elapsed": 55864.237494945526, "delta": 22.643906116485596}, "costs": {"total_cost": 676.6564612841628, "time_cost": 150, "final_distance_cost": 72.1730819189736, "oscillation_cost": 141.9747801398602, "completition_cost": 222.2222222222222, "overshoot_cost": 52.348592532394626, "power_cost": 21.869378845214843, "noise_cost": 16.068405625497316, "n_waypoints_completed": 7, "tot_waypoints": 9}}
{"target": -681.9611789065706, "params": {"k_pid_pos": [1.9999998807907104, 0.9961246252059937, 0.9999986886978149], "k_pid_alt": [1.9947330951690674, 1.0, 0.002369433641433716], "k_pid_att": [100.0, 0.22868062555789948, 0.9900930523872375], "k_pid_yaw": [0.5, 1e-06, 0.1], "k_pid_hsp": [9.903645515441895, 0.9913363456726074, 0.001188427209854126], "k_pid_vsp": [2.417922019958496, 389.87139892578125, 9.13915729522705]}, "datetime": {"datetime": "2025-08-22 00:16:10", "elapsed": 55887.05258655548, "delta": 22.815091609954834}, "costs": {"total_cost": 681.9611789065706, "time_cost": 150, "final_distance_cost": 63.59684707951165, "oscillation_cost": 155.8611514110852, "completition_cost": 222.2222222222222, "overshoot_cost": 54.520071904413264, "power_cost": 21.182089001464846, "noise_cost": 14.578797287873378, "n_waypoints_completed": 7, "tot_waypoints": 9}}
{"target": -750.1403815603576, "params": {"k_pid_pos": [2.0, 0.9932091236114502, 1.0], "k_pid_alt": [1.9954077005386353, 1.0, 0.012851119041442871], "k_pid_att": [100.0, 0.025530662387609482, 0.995635986328125], "k_pid_yaw": [0.5, 1e-06, 0.1], "k_pid_hsp": [8.976799011230469, 0.9927331805229187, 0.005971342325210571], "k_pid_vsp": [6.318187713623047, 399.8681640625, 5.435288906097412]}, "datetime": {"datetime": "2025-08-22 00:16:35", "elapsed": 55912.348925590515, "delta": 25.29633903503418}, "costs": {"total_cost": 750.1403815603576, "time_cost": 150, "final_distance_cost": 60.51874690880542, "oscillation_cost": 116.42470476644891, "completition_cost": 333.33333333333337, "overshoot_cost": 49.05378922390893, "power_cost": 23.320597131347657, "noise_cost": 17.48921019651336, "n_waypoints_completed": 6, "tot_waypoints": 9}}
{"target": -668.9449607194917, "params": {"k_pid_pos": [2.0, 0.9942915439605713, 1.0], "k_pid_alt": [1.9739875793457031, 1.0, 0.0018417537212371826], "k_pid_att": [100.0, 0.02410314604640007, 0.9962972402572632], "k_pid_yaw": [0.5, 1e-06, 0.1], "k_pid_hsp": [9.992810249328613, 0.9985188245773315, 0.001286149024963379], "k_pid_vsp": [7.8073859214782715, 398.9039306640625, 5.197239875793457]}, "datetime": {"datetime": "2025-08-22 00:16:56", "elapsed": 55933.32585954666, "delta": 20.97693395614624}, "costs": {"total_cost": 668.9449607194917, "time_cost": 150, "final_distance_cost": 63.32108511509967, "oscillation_cost": 127.1878310621962, "completition_cost": 222.2222222222222, "overshoot_cost": 59.01630492931765, "power_cost": 26.19443056640625, "noise_cost": 21.003086824249774, "n_waypoints_completed": 7, "tot_waypoints": 9}}
{"target": -685.7602858336292, "params": {"k_pid_pos": [2.0, 0.9960876703262329, 1.0], "k_pid_alt": [1.9964158535003662, 1.0, 0.002304285764694214], "k_pid_att": [100.0, 0.1102384477853775, 0.9930305480957031], "k_pid_yaw": [0.5, 1e-06, 0.1], "k_pid_hsp": [9.93714427947998, 0.9945115447044373, 0.007787197828292847], "k_pid_vsp": [2.5316715240478516, 398.1778259277344, 6.449950695037842]}, "datetime": {"datetime": "2025-08-22 00:17:19", "elapsed": 55956.067898988724, "delta": 22.742039442062378}, "costs": {"total_cost": 685.7602858336292, "time_cost": 150, "final_distance_cost": 63.14753176020729, "oscillation_cost": 162.43651681489393, "completition_cost": 222.2222222222222, "overshoot_cost": 50.27947051049448, "power_cost": 21.67596824951172, "noise_cost": 15.99857627629961, "n_waypoints_completed": 7, "tot_waypoints": 9}}
{"target": -1228.1411153415636, "params": {"k_pid_pos": [0.0037421982269734144, 0.9919060468673706, 1.0], "k_pid_alt": [1.9840571880340576, 1.0, 0.0031370222568511963], "k_pid_att": [100.0, 0.016948573291301727, 0.996283769607544], "k_pid_yaw": [0.5, 1e-06, 0.1], "k_pid_hsp": [9.903191566467285, 0.9870438575744629, 0.000801771879196167], "k_pid_vsp": [2.995729446411133, 395.6443786621094, 2.82877779006958]}, "datetime": {"datetime": "2025-08-22 00:17:41", "elapsed": 55978.16372656822, "delta": 22.09582757949829}, "costs": {"total_cost": 1228.1411153415636, "time_cost": 150, "final_distance_cost": 67.18081824966151, "oscillation_cost": 152.84515073802285, "completition_cost": 777.7777777777778, "overshoot_cost": 44.704636217961955, "power_cost": 20.98186550292969, "noise_cost": 14.65086685520995, "n_waypoints_completed": 2, "tot_waypoints": 9}}
{"target": -994.4508237281837, "params": {"k_pid_pos": [2.0, 0.9865838289260864, 1.0], "k_pid_alt": [1.9930435419082642, 1.0, 0.009844154119491577], "k_pid_att": [100.0, 0.23846881091594696, 0.9927006959915161], "k_pid_yaw": [0.5, 1e-06, 0.1], "k_pid_hsp": [9.949956893920898, 0.9957873821258545, 0.001816868782043457], "k_pid_vsp": [1.956033706665039, 397.9395751953125, 7.059861183166504]}, "datetime": {"datetime": "2025-08-22 00:18:04", "elapsed": 56001.248195171356, "delta": 23.084468603134155}, "costs": {"total_cost": 994.4508237281837, "time_cost": 150, "final_distance_cost": 51.76662284920401, "oscillation_cost": 155.24163684285057, "completition_cost": 555.5555555555555, "overshoot_cost": 49.57017545429998, "power_cost": 18.046608337402343, "noise_cost": 14.270224688871275, "n_waypoints_completed": 4, "tot_waypoints": 9}}
{"target": -774.4228438567327, "params": {"k_pid_pos": [2.0, 0.9326066970825195, 1.0], "k_pid_alt": [1.9568395614624023, 1.0, 0.014711886644363403], "k_pid_att": [100.0, 0.19297750294208527, 0.9957931041717529], "k_pid_yaw": [0.5, 1e-06, 0.1], "k_pid_hsp": [9.964486122131348, 0.9932929873466492, 0.019437015056610107], "k_pid_vsp": [1.7232537269592285, 397.72314453125, 13.9669189453125]}, "datetime": {"datetime": "2025-08-22 00:18:27", "elapsed": 56023.82566332817, "delta": 22.577468156814575}, "costs": {"total_cost": 774.4228438567327, "time_cost": 150, "final_distance_cost": 55.985194053448716, "oscillation_cost": 124.99988655202019, "completition_cost": 333.33333333333337, "overshoot_cost": 61.729337447119896, "power_cost": 27.238996716308595, "noise_cost": 21.13609575450202, "n_waypoints_completed": 6, "tot_waypoints": 9}}
{"target": -3190.6087043927014, "params": {"k_pid_pos": [2.0, 0.9792786836624146, 1.0], "k_pid_alt": [1.992632269859314, 0.9999999403953552, 0.002211064100265503], "k_pid_att": [100.0, 0.13854530453681946, 0.9977567791938782], "k_pid_yaw": [0.5, 1e-06, 0.1], "k_pid_hsp": [9.989596366882324, 0.9968694448471069, 0.003498852252960205], "k_pid_vsp": [9.342086791992188, 398.3913269042969, 1.7900714874267578]}, "datetime": {"datetime": "2025-08-22 00:18:50", "elapsed": 56046.64354348183, "delta": 22.817880153656006}, "costs": {"total_cost": 3190.6087043927014, "time_cost": 150, "final_distance_cost": 1108.7387467276556, "oscillation_cost": 204.8553479076799, "completition_cost": 777.7777777777778, "overshoot_cost": 919.00881685813, "power_cost": 16.532689404296875, "noise_cost": 13.695325717161102, "n_waypoints_completed": 2, "tot_waypoints": 9}}
{"target": -680.0709793737688, "params": {"k_pid_pos": [2.0, 0.997902512550354, 1.0], "k_pid_alt": [1.9875187873840332, 1.0, 0.004163980484008789], "k_pid_att": [100.0, 0.09078219532966614, 0.9943679571151733], "k_pid_yaw": [0.5, 1e-06, 0.1], "k_pid_hsp": [9.954285621643066, 0.9946788549423218, 0.009124338626861572], "k_pid_vsp": [10.188078880310059, 397.24658203125, 0.23425917327404022]}, "datetime": {"datetime": "2025-08-22 00:19:11", "elapsed": 56068.05470752716, "delta": 21.411164045333862}, "costs": {"total_cost": 680.0709793737688, "time_cost": 150, "final_distance_cost": 69.30869997181911, "oscillation_cost": 152.18571801693977, "completition_cost": 222.2222222222222, "overshoot_cost": 53.387050601322464, "power_cost": 18.69059326171875, "noise_cost": 14.2766952997465, "n_waypoints_completed": 7, "tot_waypoints": 9}}
{"target": -712.0926949834488, "params": {"k_pid_pos": [2.0, 0.9961668252944946, 0.9999998807907104], "k_pid_alt": [1.991401195526123, 1.0, 0.003391087055206299], "k_pid_att": [100.0, 0.14639128744602203, 0.9914706945419312], "k_pid_yaw": [0.5, 1e-06, 0.1], "k_pid_hsp": [9.88766860961914, 0.9841313362121582, 0.018714547157287598], "k_pid_vsp": [3.184831142425537, 394.47503662109375, 1.612199306488037]}, "datetime": {"datetime": "2025-08-22 00:19:33", "elapsed": 56089.99463582039, "delta": 21.93992829322815}, "costs": {"total_cost": 712.0926949834488, "time_cost": 150, "final_distance_cost": 63.991695412051655, "oscillation_cost": 179.7634193644093, "completition_cost": 222.2222222222222, "overshoot_cost": 57.593514543311635, "power_cost": 22.884498669433594, "noise_cost": 15.637344772020528, "n_waypoints_completed": 7, "tot_waypoints": 9}}
{"target": -835.9486335238356, "params": {"k_pid_pos": [2.0, 0.9820154905319214, 1.0], "k_pid_alt": [1.9872817993164062, 1.0, 0.014332741498947144], "k_pid_att": [100.0, 0.019288331270217896, 0.9818103313446045], "k_pid_yaw": [0.5, 1e-06, 0.1], "k_pid_hsp": [9.94500732421875, 0.9979076981544495, 0.016811728477478027], "k_pid_vsp": [1.2832880020141602, 395.2135009765625, 2.081681251525879]}, "datetime": {"datetime": "2025-08-22 00:19:55", "elapsed": 56111.97418117523, "delta": 21.97954535484314}, "costs": {"total_cost": 835.9486335238356, "time_cost": 150, "final_distance_cost": 70.34020193542288, "oscillation_cost": 194.62481529435215, "completition_cost": 333.33333333333337, "overshoot_cost": 52.077844471805875, "power_cost": 20.067499841308596, "noise_cost": 15.504938647612711, "n_waypoints_completed": 6, "tot_waypoints": 9}}
{"target": -672.5841684053472, "params": {"k_pid_pos": [2.0, 0.9830358624458313, 1.0], "k_pid_alt": [1.9987413883209229, 1.0, 0.0072785913944244385], "k_pid_att": [100.0, 0.21394620835781097, 0.9954051375389099], "k_pid_yaw": [0.5, 1e-06, 0.1], "k_pid_hsp": [9.966025352478027, 0.9960974454879761, 0.026679515838623047], "k_pid_vsp": [2.509951591491699, 397.3157043457031, 22.040332794189453]}, "datetime": {"datetime": "2025-08-22 00:20:16", "elapsed": 56132.88640022278, "delta": 20.912219047546387}, "costs": {"total_cost": 672.5841684053472, "time_cost": 150, "final_distance_cost": 72.23172961302038, "oscillation_cost": 125.54180991241708, "completition_cost": 222.2222222222222, "overshoot_cost": 55.30457584678126, "power_cost": 26.96938502197266, "noise_cost": 20.31444578893358, "n_waypoints_completed": 7, "tot_waypoints": 9}}
{"target": -695.5022946668237, "params": {"k_pid_pos": [2.0, 0.9783278703689575, 1.0], "k_pid_alt": [1.9289233684539795, 1.0, 0.002047896385192871], "k_pid_att": [100.0, 0.10445953905582428, 0.9916077256202698], "k_pid_yaw": [0.5, 1e-06, 0.1], "k_pid_hsp": [9.923508644104004, 0.9981107711791992, 0.0070660412311553955], "k_pid_vsp": [5.352544784545898, 398.0687255859375, 1.4313945770263672]}, "datetime": {"datetime": "2025-08-22 00:20:38", "elapsed": 56154.80468916893, "delta": 21.918288946151733}, "costs": {"total_cost": 695.5022946668237, "time_cost": 150, "final_distance_cost": 71.82079512404813, "oscillation_cost": 166.00386123672226, "completition_cost": 222.2222222222222, "overshoot_cost": 50.70906740003648, "power_cost": 19.881777380371094, "noise_cost": 14.864571303423574, "n_waypoints_completed": 7, "tot_waypoints": 9}}
{"target": -840.514752184926, "params": {"k_pid_pos": [2.0, 0.9882355332374573, 1.0], "k_pid_alt": [1.9966049194335938, 1.0, 0.011805564165115356], "k_pid_att": [100.0, 0.06235792115330696, 0.9887150526046753], "k_pid_yaw": [0.5, 1e-06, 0.1], "k_pid_hsp": [9.969441413879395, 0.9940657615661621, 0.03787389397621155], "k_pid_vsp": [21.330976486206055, 396.6639709472656, 2.0721802711486816]}, "datetime": {"datetime": "2025-08-22 00:20:59", "elapsed": 56175.61475086212, "delta": 20.81006169319153}, "costs": {"total_cost": 840.514752184926, "time_cost": 150, "final_distance_cost": 67.48160680329093, "oscillation_cost": 205.7417024731887, "completition_cost": 333.33333333333337, "overshoot_cost": 49.48763296579188, "power_cost": 19.425845068359376, "noise_cost": 15.044631540961689, "n_waypoints_completed": 6, "tot_waypoints": 9}}
{"target": -706.4881788594129, "params": {"k_pid_pos": [2.0, 0.9897628426551819, 1.0], "k_pid_alt": [1.982505440711975, 1.0, 0.0209922194480896], "k_pid_att": [100.0, 0.01877007447183132, 0.9981350898742676], "k_pid_yaw": [0.5, 1e-06, 0.1], "k_pid_hsp": [9.983586311340332, 0.9949482679367065, 0.009084254503250122], "k_pid_vsp": [10.345864295959473, 389.8239440917969, 5.310822486877441]}, "datetime": {"datetime": "2025-08-22 00:21:22", "elapsed": 56198.50401329994, "delta": 22.889262437820435}, "costs": {"total_cost": 706.4881788594129, "time_cost": 150, "final_distance_cost": 62.69291498764379, "oscillation_cost": 172.49322907068455, "completition_cost": 222.2222222222222, "overshoot_cost": 55.61845689504002, "power_cost": 24.65639284667969, "noise_cost": 18.80496283714262, "n_waypoints_completed": 7, "tot_waypoints": 9}}
{"target": -676.8308067656535, "params": {"k_pid_pos": [2.0, 0.9864087104797363, 1.0], "k_pid_alt": [1.9866966009140015, 1.0, 0.009398311376571655], "k_pid_att": [100.0, 0.6326289176940918, 0.9984032511711121], "k_pid_yaw": [0.5, 1e-06, 0.1], "k_pid_hsp": [9.925247192382812, 0.9856545925140381, 0.0046653151512146], "k_pid_vsp": [3.239595890045166, 398.96746826171875, 1.9698152542114258]}, "datetime": {"datetime": "2025-08-22 00:21:42", "elapsed": 56218.94347667694, "delta": 20.4394633769989}, "costs": {"total_cost": 676.8308067656535, "time_cost": 150, "final_distance_cost": 65.94110646580774, "oscillation_cost": 146.9735481461733, "completition_cost": 222.2222222222222, "overshoot_cost": 53.61485319181287, "power_cost": 22.052873364257813, "noise_cost": 16.026203375379577, "n_waypoints_completed": 7, "tot_waypoints": 9}}
{"target": -1097.2754882856318, "params": {"k_pid_pos": [2.0, 0.9972115755081177, 1.0], "k_pid_alt": [1.9682728052139282, 1.0, 0.006133913993835449], "k_pid_att": [100.0, 0.17558951675891876, 0.9871717691421509], "k_pid_yaw": [0.5, 1e-06, 0.1], "k_pid_hsp": [9.904199600219727, 0.9965885877609253, 0.02395769953727722], "k_pid_vsp": [0.8663177490234375, 393.9140930175781, 5.0528059005737305]}, "datetime": {"datetime": "2025-08-22 00:22:04", "elapsed": 56241.304634571075, "delta": 22.36115789413452}, "costs": {"total_cost": 1097.2754882856318, "time_cost": 150, "final_distance_cost": 46.166737331732506, "oscillation_cost": 246.988580086641, "completition_cost": 555.5555555555555, "overshoot_cost": 66.68825962956339, "power_cost": 18.12923493652344, "noise_cost": 13.747120745615764, "n_waypoints_completed": 4, "tot_waypoints": 9}}
{"target": -725.485874621733, "params": {"k_pid_pos": [2.0, 0.9902104735374451, 1.0], "k_pid_alt": [1.9976943731307983, 1.0, 0.01479947566986084], "k_pid_att": [100.0, 0.03451567515730858, 0.9647618532180786], "k_pid_yaw": [0.5, 1e-06, 0.1], "k_pid_hsp": [9.776956558227539, 0.9960484504699707, 0.010126382112503052], "k_pid_vsp": [4.951179027557373, 398.1768493652344, 3.1485209465026855]}, "datetime": {"datetime": "2025-08-22 00:22:25", "elapsed": 56261.789425849915, "delta": 20.48479127883911}, "costs": {"total_cost": 725.485874621733, "time_cost": 150, "final_distance_cost": 64.58263844863158, "oscillation_cost": 196.64457359150998, "completition_cost": 222.2222222222222, "overshoot_cost": 55.76803065473844, "power_cost": 21.225816076660156, "noise_cost": 15.04259362797063, "n_waypoints_completed": 7, "tot_waypoints": 9}}
{"target": -912.4132794933639, "params": {"k_pid_pos": [2.0, 0.99732506275177, 1.0], "k_pid_alt": [1.9806547164916992, 1.0, 0.004902660846710205], "k_pid_att": [99.99999237060547, 0.2790627181529999, 0.9884762763977051], "k_pid_yaw": [0.5, 1e-06, 0.1], "k_pid_hsp": [9.453469276428223, 0.9807507991790771, 0.002534240484237671], "k_pid_vsp": [11.222553253173828, 398.085205078125, 1.4530906677246094]}, "datetime": {"datetime": "2025-08-22 00:22:47", "elapsed": 56283.95609021187, "delta": 22.166664361953735}, "costs": {"total_cost": 912.4132794933639, "time_cost": 150, "final_distance_cost": 56.466321465998504, "oscillation_cost": 178.84815081031138, "completition_cost": 444.4444444444444, "overshoot_cost": 50.88373757199779, "power_cost": 17.61546141357422, "noise_cost": 14.155163787037642, "n_waypoints_completed": 5, "tot_waypoints": 9}}
{"target": -698.7515734749087, "params": {"k_pid_pos": [2.0, 0.9959849715232849, 1.0], "k_pid_alt": [1.953445553779602, 0.9999922513961792, 0.001298278570175171], "k_pid_att": [100.0, 0.0815596655011177, 0.9691705107688904], "k_pid_yaw": [0.5, 1e-06, 0.1], "k_pid_hsp": [9.538273811340332, 0.9937018156051636, 0.0025491714477539062], "k_pid_vsp": [2.2029757499694824, 399.4749755859375, 0.804115355014801]}, "datetime": {"datetime": "2025-08-22 00:23:08", "elapsed": 56304.9070391655, "delta": 20.95094895362854}, "costs": {"total_cost": 698.7515734749087, "time_cost": 150, "final_distance_cost": 73.89203878959701, "oscillation_cost": 158.16918742029046, "completition_cost": 222.2222222222222, "overshoot_cost": 54.17444171999949, "power_cost": 23.174747705078126, "noise_cost": 17.118935617721487, "n_waypoints_completed": 7, "tot_waypoints": 9}}
{"target": -686.3128227219285, "params": {"k_pid_pos": [2.0, 0.9979454278945923, 1.0], "k_pid_alt": [1.99009108543396, 1.0, 0.008737355470657349], "k_pid_att": [100.0, 0.04105811566114426, 0.9841142892837524], "k_pid_yaw": [0.5, 1e-06, 0.1], "k_pid_hsp": [9.963872909545898, 0.9911959767341614, 0.014902740716934204], "k_pid_vsp": [5.527770519256592, 397.45465087890625, 5.664206504821777]}, "datetime": {"datetime": "2025-08-22 00:23:30", "elapsed": 56326.44810819626, "delta": 21.54106903076172}, "costs": {"total_cost": 686.3128227219285, "time_cost": 150, "final_distance_cost": 71.77878045841798, "oscillation_cost": 141.51897748695473, "completition_cost": 222.2222222222222, "overshoot_cost": 53.89898753532841, "power_cost": 25.85133564453125, "noise_cost": 21.042519374473997, "n_waypoints_completed": 7, "tot_waypoints": 9}}
{"target": -1052.4187178954317, "params": {"k_pid_pos": [2.0, 0.9947733879089355, 1.0], "k_pid_alt": [1.9960373640060425, 1.0, 0.006319135427474976], "k_pid_att": [100.0, 0.12238962948322296, 0.9927138686180115], "k_pid_yaw": [0.5, 1e-06, 0.1], "k_pid_hsp": [9.992449760437012, 0.99559086561203, 0.0046884119510650635], "k_pid_vsp": [5.881094932556152, 393.93896484375, 3.5215744972229004]}, "datetime": {"datetime": "2025-08-22 00:23:51", "elapsed": 56348.23750066757, "delta": 21.789392471313477}, "costs": {"total_cost": 1052.4187178954317, "time_cost": 150, "final_distance_cost": 173.57723763998058, "oscillation_cost": 175.98420969768407, "completition_cost": 444.4444444444444, "overshoot_cost": 74.54805750010036, "power_cost": 19.50481081542969, "noise_cost": 14.35995779779258, "n_waypoints_completed": 5, "tot_waypoints": 9}}
{"target": -569.9189254378459, "params": {"k_pid_pos": [2.0, 0.9967767000198364, 1.0], "k_pid_alt": [1.9974703788757324, 1.0, 0.0020633339881896973], "k_pid_att": [100.0, 0.1360565423965454, 0.9967526793479919], "k_pid_yaw": [0.5, 1e-06, 0.1], "k_pid_hsp": [9.980822563171387, 0.9808785915374756, 0.007622092962265015], "k_pid_vsp": [0.6720304489135742, 398.720703125, 16.96547508239746]}, "datetime": {"datetime": "2025-08-22 00:24:12", "elapsed": 56369.096704244614, "delta": 20.859203577041626}, "costs": {"total_cost": 569.9189254378459, "time_cost": 150, "final_distance_cost": 60.36591383901914, "oscillation_cost": 163.87557002083707, "completition_cost": 111.11111111111116, "overshoot_cost": 50.6014793144753, "power_cost": 19.17305516357422, "noise_cost": 14.791795988829138, "n_waypoints_completed": 8, "tot_waypoints": 9}}
