{"target": -5213.8167185185675, "params": {"k_pid_pos": [1.9999806880950928, 0.5031830668449402, 0.12503331899642944], "k_pid_alt": [0.5794554948806763, 0.38910791277885437, 0.9514591097831726], "k_pid_att": [0.04426240921020508, 0.8111072778701782, 0.01649576425552368], "k_pid_yaw": [0.5, 1e-06, 0.1], "k_pid_hsp": [3.639780044555664, 0.8281011581420898, 0.859046459197998], "k_pid_vsp": [107.61604309082031, 80.76996612548828, 145.795166015625]}, "datetime": {"datetime": "2025-08-21 09:08:39", "elapsed": 1435.4565131664276, "delta": 31.173408031463623}, "costs": {"total_cost": 5213.8167185185675, "time_cost": 150, "final_distance_cost": 727.1723463275722, "oscillation_cost": 1384.2368008848907, "completition_cost": 1000.0, "overshoot_cost": 1817.668507386217, "power_cost": 34.51093903808594, "noise_cost": 100.22812488180152, "n_waypoints_completed": 0, "tot_waypoints": 9}}
{"target": -4291.443726570515, "params": {"k_pid_pos": [0.0003079501911997795, 0.39403393864631653, 0.960418701171875], "k_pid_alt": [0.014483511447906494, 0.0006226599216461182, 0.5722032189369202], "k_pid_att": [1.1920928955078125e-05, 5.651108741760254, 0.33666107058525085], "k_pid_yaw": [0.5, 1e-06, 0.1], "k_pid_hsp": [6.980144023895264, 0.19395864009857178, 0.46952104568481445], "k_pid_vsp": [272.1537170410156, 14.623988151550293, 308.5206604003906]}, "datetime": {"datetime": "2025-08-21 09:09:05", "elapsed": 1462.2860250473022, "delta": 26.829511880874634}, "costs": {"total_cost": 4291.443726570515, "time_cost": 150, "final_distance_cost": 277.22334612627975, "oscillation_cost": 2094.8045912287125, "completition_cost": 1000.0, "overshoot_cost": 638.0181064966913, "power_cost": 32.698215454101565, "noise_cost": 98.69946726472863, "n_waypoints_completed": 0, "tot_waypoints": 9}}
{"target": -4466.129719821366, "params": {"k_pid_pos": [0.022882675752043724, 0.045254915952682495, 0.0006118118762969971], "k_pid_alt": [1.390470027923584, 1.0, 0.3446848392486572], "k_pid_att": [99.99990844726562, 1.9002174139022827, 0.1779518723487854], "k_pid_yaw": [0.5, 1e-06, 0.1], "k_pid_hsp": [6.290744781494141, 0.7709001898765564, 0.6214858293533325], "k_pid_vsp": [8.370375633239746, 31.36125946044922, 370.6304626464844]}, "datetime": {"datetime": "2025-08-21 09:09:31", "elapsed": 1488.2584447860718, "delta": 25.97241973876953}, "costs": {"total_cost": 4466.129719821366, "time_cost": 150, "final_distance_cost": 1060.2261420374584, "oscillation_cost": 487.43964340781196, "completition_cost": 1000.0, "overshoot_cost": 1729.246348281072, "power_cost": 21.92368366699219, "noise_cost": 17.293902428031693, "n_waypoints_completed": 0, "tot_waypoints": 9}}
{"target": -1324.1506285402777, "params": {"k_pid_pos": [9.999999747378752e-05, 0.5097296237945557, 0.0], "k_pid_alt": [1.5270477533340454, 1.0, 0.05145058035850525], "k_pid_att": [64.91352081298828, 8.0336275100708, 0.20249277353286743], "k_pid_yaw": [0.5, 1e-06, 0.1], "k_pid_hsp": [3.8756206035614014, 0.3411690592765808, 0.12952333688735962], "k_pid_vsp": [69.93017578125, 163.64346313476562, 63.91181945800781]}, "datetime": {"datetime": "2025-08-21 09:10:01", "elapsed": 1518.2055974006653, "delta": 29.947152614593506}, "costs": {"total_cost": 1324.1506285402777, "time_cost": 150, "final_distance_cost": 63.42770241307511, "oscillation_cost": 154.97623900132925, "completition_cost": 888.8888888888888, "overshoot_cost": 30.698298498963815, "power_cost": 20.333037634277346, "noise_cost": 15.82646210374328, "n_waypoints_completed": 1, "tot_waypoints": 9}}
{"target": -360.55305497080536, "params": {"k_pid_pos": [1.775708556175232, 0.5338526368141174, 0.0], "k_pid_alt": [1.5772666931152344, 0.0, 0.6677349805831909], "k_pid_att": [100.0, 1.8586978912353516, 0.6511780023574829], "k_pid_yaw": [0.5, 1e-06, 0.1], "k_pid_hsp": [5.2760162353515625, 0.104855477809906, 0.8075863718986511], "k_pid_vsp": [373.6069641113281, 157.9794921875, 171.9648895263672]}, "datetime": {"datetime": "2025-08-21 09:10:25", "elapsed": 1541.6401634216309, "delta": 23.434566020965576}, "costs": {"total_cost": 360.55305497080536, "time_cost": 90.06400000000001, "final_distance_cost": 1.7752290072435464, "oscillation_cost": 161.94972472741378, "completition_cost": 0.0, "overshoot_cost": 68.3792235256516, "power_cost": 21.43640653076172, "noise_cost": 16.948471179734703, "n_waypoints_completed": 9, "tot_waypoints": 9}}
{"target": -23263.825163730726, "params": {"k_pid_pos": [9.999999747378752e-05, 0.046070605516433716, 0.0], "k_pid_alt": [1.765669822692871, 0.9999998211860657, 0.3392801880836487], "k_pid_att": [0.00014007091522216797, 5.434637069702148, 0.4404345154762268], "k_pid_yaw": [0.5, 1e-06, 0.1], "k_pid_hsp": [7.1605119705200195, 0.38374951481819153, 0.767541766166687], "k_pid_vsp": [138.01820373535156, 171.60177612304688, 53.203773498535156]}, "datetime": {"datetime": "2025-08-21 09:10:55", "elapsed": 1571.6583902835846, "delta": 30.018226861953735}, "costs": {"total_cost": 23263.825163730726, "time_cost": 150, "final_distance_cost": 7079.661608169139, "oscillation_cost": 2260.807131675524, "completition_cost": 1000.0, "overshoot_cost": 12647.00002415914, "power_cost": 35.01981970214844, "noise_cost": 91.33658002477266, "n_waypoints_completed": 0, "tot_waypoints": 9}}
{"target": -1516.4133598279363, "params": {"k_pid_pos": [0.0001047681289492175, 0.31654658913612366, 0.001772165298461914], "k_pid_alt": [1.850174903869629, 2.0563602447509766e-06, 0.5275546312332153], "k_pid_att": [99.9999008178711, 3.430654287338257, 0.2839605212211609], "k_pid_yaw": [0.5, 1e-06, 0.1], "k_pid_hsp": [9.228580474853516, 0.8877254128456116, 0.2746884226799011], "k_pid_vsp": [248.76451110839844, 108.49671173095703, 234.55123901367188]}, "datetime": {"datetime": "2025-08-21 09:11:28", "elapsed": 1604.4599521160126, "delta": 32.80156183242798}, "costs": {"total_cost": 1516.4133598279363, "time_cost": 150, "final_distance_cost": 90.69617600988073, "oscillation_cost": 299.7079693294214, "completition_cost": 888.8888888888888, "overshoot_cost": 53.57616078330398, "power_cost": 18.233974633789064, "noise_cost": 15.31019018265218, "n_waypoints_completed": 1, "tot_waypoints": 9}}
{"target": -1129.2734092169555, "params": {"k_pid_pos": [1.99272882938385, 0.8268756866455078, 0.044133007526397705], "k_pid_alt": [1.4199782609939575, 0.9978830814361572, 0.5895563364028931], "k_pid_att": [99.99970245361328, 3.3690690994262695, 0.23367106914520264], "k_pid_yaw": [0.5, 1e-06, 0.1], "k_pid_hsp": [3.3984646797180176, 0.3814277648925781, 0.8030540347099304], "k_pid_vsp": [50.348426818847656, 219.07801818847656, 83.22889709472656]}, "datetime": {"datetime": "2025-08-21 09:11:54", "elapsed": 1631.0277590751648, "delta": 26.56780695915222}, "costs": {"total_cost": 1129.2734092169555, "time_cost": 150, "final_distance_cost": 54.663820901474075, "oscillation_cost": 154.17436303300315, "completition_cost": 666.6666666666667, "overshoot_cost": 60.91335997074631, "power_cost": 24.168759716796878, "noise_cost": 18.686438928268366, "n_waypoints_completed": 3, "tot_waypoints": 9}}
{"target": -1212.1615001004466, "params": {"k_pid_pos": [0.0006479776930063963, 0.6122146844863892, 0.0], "k_pid_alt": [1.747146725654602, 0.07451558113098145, 0.11379030346870422], "k_pid_att": [45.49171447753906, 4.00307035446167, 0.7454324960708618], "k_pid_yaw": [0.5, 1e-06, 0.1], "k_pid_hsp": [1.153765320777893, 0.08359712362289429, 0.7884058952331543], "k_pid_vsp": [286.401123046875, 55.38424301147461, 172.37513732910156]}, "datetime": {"datetime": "2025-08-21 09:12:22", "elapsed": 1658.8573877811432, "delta": 27.829628705978394}, "costs": {"total_cost": 1212.1615001004466, "time_cost": 150, "final_distance_cost": 60.07946541301891, "oscillation_cost": 215.15198729171644, "completition_cost": 666.6666666666667, "overshoot_cost": 77.16781638118005, "power_cost": 25.03249185791016, "noise_cost": 18.063072489954223, "n_waypoints_completed": 3, "tot_waypoints": 9}}
{"target": -2788.767309600065, "params": {"k_pid_pos": [1.99977445602417, 0.4990603029727936, 0.0], "k_pid_alt": [1.8960272073745728, 0.9999998807907104, 0.7055792212486267], "k_pid_att": [7.748603820800781e-05, 2.74985408782959, 0.8139603734016418], "k_pid_yaw": [0.5, 1e-06, 0.1], "k_pid_hsp": [5.489591598510742, 0.17300206422805786, 0.9115927815437317], "k_pid_vsp": [372.22705078125, 250.12078857421875, 25.60717010498047]}, "datetime": {"datetime": "2025-08-21 09:12:49", "elapsed": 1685.8260793685913, "delta": 26.96869158744812}, "costs": {"total_cost": 2788.767309600065, "time_cost": 150, "final_distance_cost": 66.97727419938973, "oscillation_cost": 1224.1413460696476, "completition_cost": 1000.0, "overshoot_cost": 216.38081112770718, "power_cost": 34.559879895019535, "noise_cost": 96.70799830830074, "n_waypoints_completed": 0, "tot_waypoints": 9}}
{"target": -971.9794763965994, "params": {"k_pid_pos": [0.851661205291748, 0.24921846389770508, 0.9999508261680603], "k_pid_alt": [0.04984313249588013, 0.9999995231628418, 0.3309805989265442], "k_pid_att": [100.0, 9.20789909362793, 0.5711829662322998], "k_pid_yaw": [0.5, 1e-06, 0.1], "k_pid_hsp": [6.816471576690674, 0.9812725186347961, 0.33580294251441956], "k_pid_vsp": [396.59185791015625, 234.595458984375, 98.0296630859375]}, "datetime": {"datetime": "2025-08-21 09:13:17", "elapsed": 1713.8155162334442, "delta": 27.989436864852905}, "costs": {"total_cost": 971.9794763965994, "time_cost": 150, "final_distance_cost": 77.58437764512345, "oscillation_cost": 321.1556268966865, "completition_cost": 333.33333333333337, "overshoot_cost": 53.62851998119182, "power_cost": 20.27117243652344, "noise_cost": 16.006446103740714, "n_waypoints_completed": 6, "tot_waypoints": 9}}
{"target": -1476.7927656164907, "params": {"k_pid_pos": [2.0, 0.28340446949005127, 0.0], "k_pid_alt": [0.37482303380966187, 0.9213501214981079, 0.06515604257583618], "k_pid_att": [99.99818420410156, 7.5585479736328125, 0.04165962338447571], "k_pid_yaw": [0.5, 1e-06, 0.1], "k_pid_hsp": [7.942018032073975, 0.3552986979484558, 0.7128245830535889], "k_pid_vsp": [1.0285615921020508, 387.50811767578125, 275.677978515625]}, "datetime": {"datetime": "2025-08-21 09:13:49", "elapsed": 1745.6543142795563, "delta": 31.83879804611206}, "costs": {"total_cost": 1476.7927656164907, "time_cost": 150, "final_distance_cost": 72.5844887719448, "oscillation_cost": 309.79646192759037, "completition_cost": 777.7777777777778, "overshoot_cost": 93.12683368514904, "power_cost": 31.69182517089844, "noise_cost": 41.815378283130364, "n_waypoints_completed": 2, "tot_waypoints": 9}}
{"target": -3133.1394961652472, "params": {"k_pid_pos": [9.999999747378752e-05, 0.7901345491409302, 0.6808706521987915], "k_pid_alt": [1.2965253591537476, 4.470348358154297e-07, 0.5296128392219543], "k_pid_att": [0.07970035076141357, 7.330728054046631, 0.6793596744537354], "k_pid_yaw": [0.5, 1e-06, 0.1], "k_pid_hsp": [3.1865334510803223, 0.12925183773040771, 0.5802484750747681], "k_pid_vsp": [3.4885287284851074, 279.76763916015625, 270.568359375]}, "datetime": {"datetime": "2025-08-21 09:14:15", "elapsed": 1772.1353662014008, "delta": 26.481051921844482}, "costs": {"total_cost": 3133.1394961652472, "time_cost": 150, "final_distance_cost": 290.1476991440244, "oscillation_cost": 1193.9005834720738, "completition_cost": 1000.0, "overshoot_cost": 370.36507605329, "power_cost": 32.12098934326172, "noise_cost": 96.60514815259754, "n_waypoints_completed": 0, "tot_waypoints": 9}}
{"target": -4953.131854587485, "params": {"k_pid_pos": [2.0, 0.32235658168792725, 1.0], "k_pid_alt": [0.8658199310302734, 0.1323375105857849, 0.821259617805481], "k_pid_att": [0.025415420532226562, 6.50835657119751, 0.8493613004684448], "k_pid_yaw": [0.5, 1e-06, 0.1], "k_pid_hsp": [8.30081844329834, 0.3530864715576172, 0.31887173652648926], "k_pid_vsp": [353.3021545410156, 378.3596496582031, 272.8673095703125]}, "datetime": {"datetime": "2025-08-21 09:14:45", "elapsed": 1802.3204433918, "delta": 30.18507719039917}, "costs": {"total_cost": 4953.131854587485, "time_cost": 150, "final_distance_cost": 395.50383852536737, "oscillation_cost": 2094.1692681673876, "completition_cost": 1000.0, "overshoot_cost": 1175.796046392103, "power_cost": 35.470000451660155, "noise_cost": 102.19270105096689, "n_waypoints_completed": 0, "tot_waypoints": 9}}
{"target": -2034.0767705661326, "params": {"k_pid_pos": [0.00032523469417355955, 0.30365973711013794, 1.0], "k_pid_alt": [1.793562412261963, 2.9802322387695312e-08, 0.9665956497192383], "k_pid_att": [0.9007096290588379, 6.457941055297852, 0.31144851446151733], "k_pid_yaw": [0.5, 1e-06, 0.1], "k_pid_hsp": [6.019001007080078, 0.24628686904907227, 0.38366204500198364], "k_pid_vsp": [374.8808288574219, 233.52503967285156, 236.7388916015625]}, "datetime": {"datetime": "2025-08-21 09:15:14", "elapsed": 1830.4920816421509, "delta": 28.171638250350952}, "costs": {"total_cost": 2034.0767705661326, "time_cost": 150, "final_distance_cost": 9.676030319226586, "oscillation_cost": 624.3789333177415, "completition_cost": 1000.0, "overshoot_cost": 133.71782259976663, "power_cost": 32.85131553955078, "noise_cost": 83.4526687898471, "n_waypoints_completed": 0, "tot_waypoints": 9}}
{"target": -8112.884056281762, "params": {"k_pid_pos": [1.9999217987060547, 0.27069830894470215, 0.9999980330467224], "k_pid_alt": [0.5440793633460999, 0.9987146854400635, 0.5584859251976013], "k_pid_att": [0.0, 7.798536777496338, 0.6291242837905884], "k_pid_yaw": [0.5, 1e-06, 0.1], "k_pid_hsp": [4.078579425811768, 0.3467978835105896, 0.4509870707988739], "k_pid_vsp": [333.5453796386719, 124.46367645263672, 138.83103942871094]}, "datetime": {"datetime": "2025-08-21 09:15:45", "elapsed": 1861.885061264038, "delta": 31.392979621887207}, "costs": {"total_cost": 8112.884056281762, "time_cost": 150, "final_distance_cost": 1824.8341793697123, "oscillation_cost": 2287.8615669097776, "completition_cost": 1000.0, "overshoot_cost": 2712.584907903073, "power_cost": 35.2917738647461, "noise_cost": 102.31162823445335, "n_waypoints_completed": 0, "tot_waypoints": 9}}
{"target": -1626.452298023737, "params": {"k_pid_pos": [9.999999747378752e-05, 0.05910307168960571, 1.519918441772461e-06], "k_pid_alt": [1.4538506269454956, 0.9998049736022949, 0.5379622578620911], "k_pid_att": [72.29817962646484, 4.509557247161865, 0.03204536437988281], "k_pid_yaw": [0.5, 1e-06, 0.1], "k_pid_hsp": [6.860939025878906, 0.31044021248817444, 0.6675652265548706], "k_pid_vsp": [179.51942443847656, 10.499812126159668, 276.6954040527344]}, "datetime": {"datetime": "2025-08-21 09:16:13", "elapsed": 1890.344733953476, "delta": 28.459672689437866}, "costs": {"total_cost": 1626.452298023737, "time_cost": 150, "final_distance_cost": 46.33446319932454, "oscillation_cost": 434.95135223723815, "completition_cost": 888.8888888888888, "overshoot_cost": 59.49850377438996, "power_cost": 27.18942813720703, "noise_cost": 19.589661786688726, "n_waypoints_completed": 1, "tot_waypoints": 9}}
{"target": -1641.1743359370184, "params": {"k_pid_pos": [9.999999747378752e-05, 0.29091212153434753, 0.9999798536300659], "k_pid_alt": [1.3205718994140625, 0.00018072128295898438, 0.06083977222442627], "k_pid_att": [100.0, 1.032860517501831, 0.7699999809265137], "k_pid_yaw": [0.5, 1e-06, 0.1], "k_pid_hsp": [8.260210037231445, 0.5266827344894409, 0.37266767024993896], "k_pid_vsp": [152.97662353515625, 291.455078125, 33.805702209472656]}, "datetime": {"datetime": "2025-08-21 09:16:41", "elapsed": 1917.9853863716125, "delta": 27.640652418136597}, "costs": {"total_cost": 1641.1743359370184, "time_cost": 150, "final_distance_cost": 67.82977458966772, "oscillation_cost": 452.2257863931859, "completition_cost": 888.8888888888888, "overshoot_cost": 47.66187618671541, "power_cost": 19.25117576904297, "noise_cost": 15.316834109517508, "n_waypoints_completed": 1, "tot_waypoints": 9}}
{"target": -1387.3653235279573, "params": {"k_pid_pos": [9.999999747378752e-05, 0.7556378841400146, 0.9648921489715576], "k_pid_alt": [1.3400330543518066, 0.9986883401870728, 0.2403278946876526], "k_pid_att": [100.0, 6.771194934844971, 0.8038313388824463], "k_pid_yaw": [0.5, 1e-06, 0.1], "k_pid_hsp": [3.359686851501465, 0.45133793354034424, 0.07596677541732788], "k_pid_vsp": [209.62460327148438, 30.065717697143555, 63.26771926879883]}, "datetime": {"datetime": "2025-08-21 09:17:08", "elapsed": 1945.3390247821808, "delta": 27.353638410568237}, "costs": {"total_cost": 1387.3653235279573, "time_cost": 150, "final_distance_cost": 63.81682186448532, "oscillation_cost": 220.16556062619657, "completition_cost": 888.8888888888888, "overshoot_cost": 32.50129544429768, "power_cost": 17.519121545410158, "noise_cost": 14.473635158678672, "n_waypoints_completed": 1, "tot_waypoints": 9}}
{"target": -3347.2794600594534, "params": {"k_pid_pos": [0.00010286087490385398, 0.2689005732536316, 2.4020671844482422e-05], "k_pid_alt": [0.9455055594444275, 0.6254324913024902, 0.13332992792129517], "k_pid_att": [99.85374450683594, 1.4372918605804443, 0.9686752557754517], "k_pid_yaw": [0.5, 1e-06, 0.1], "k_pid_hsp": [2.066479206085205, 0.14815539121627808, 0.2807946801185608], "k_pid_vsp": [21.37923240661621, 138.657470703125, 389.400146484375]}, "datetime": {"datetime": "2025-08-21 09:17:40", "elapsed": 1976.8077931404114, "delta": 31.46876835823059}, "costs": {"total_cost": 3347.2794600594534, "time_cost": 150, "final_distance_cost": 859.2124213197404, "oscillation_cost": 261.7378230531377, "completition_cost": 1000.0, "overshoot_cost": 1039.175154493001, "power_cost": 20.730017529296877, "noise_cost": 16.424043664277605, "n_waypoints_completed": 0, "tot_waypoints": 9}}
{"target": -1298.1514309903682, "params": {"k_pid_pos": [1.1928232908248901, 0.0850861668586731, 1.0], "k_pid_alt": [0.5644152164459229, 0.9999830722808838, 0.8323363065719604], "k_pid_att": [99.98161315917969, 9.68627643585205, 0.8263209462165833], "k_pid_yaw": [0.5, 1e-06, 0.1], "k_pid_hsp": [3.821956157684326, 0.6878796219825745, 0.9579513072967529], "k_pid_vsp": [363.5584411621094, 380.3659973144531, 258.8205261230469]}, "datetime": {"datetime": "2025-08-21 09:18:06", "elapsed": 2002.9793207645416, "delta": 26.17152762413025}, "costs": {"total_cost": 1298.1514309903682, "time_cost": 150, "final_distance_cost": 54.86909837460995, "oscillation_cost": 333.8102066204361, "completition_cost": 666.6666666666667, "overshoot_cost": 50.7533226409718, "power_cost": 24.58874931640625, "noise_cost": 17.463387371277413, "n_waypoints_completed": 3, "tot_waypoints": 9}}
{"target": -297.5786450082804, "params": {"k_pid_pos": [1.9399234056472778, 0.44314032793045044, 0.0], "k_pid_alt": [0.9723771214485168, 0.0, 0.1790793538093567], "k_pid_att": [9.93373966217041, 6.278010845184326, 0.17666411399841309], "k_pid_yaw": [0.5, 1e-06, 0.1], "k_pid_hsp": [8.352792739868164, 0.5744730830192566, 0.8079954981803894], "k_pid_vsp": [120.26202392578125, 297.00439453125, 75.93822479248047]}, "datetime": {"datetime": "2025-08-21 09:18:30", "elapsed": 2027.3516497612, "delta": 24.372328996658325}, "costs": {"total_cost": 297.5786450082804, "time_cost": 78.936, "final_distance_cost": 1.690415411994224, "oscillation_cost": 128.49038701154808, "completition_cost": 0.0, "overshoot_cost": 60.056441550389216, "power_cost": 16.108895092773437, "noise_cost": 12.296505941575427, "n_waypoints_completed": 9, "tot_waypoints": 9}}
{"target": -723.1321203791583, "params": {"k_pid_pos": [2.0, 0.06853938102722168, 1.0], "k_pid_alt": [1.559699296951294, 0.9980014562606812, 0.07609778642654419], "k_pid_att": [98.8209457397461, 9.260947227478027, 0.2052781879901886], "k_pid_yaw": [0.5, 1e-06, 0.1], "k_pid_hsp": [4.511486053466797, 0.4425000846385956, 0.1957554817199707], "k_pid_vsp": [221.4275665283203, 354.97064208984375, 215.8596954345703]}, "datetime": {"datetime": "2025-08-21 09:18:56", "elapsed": 2052.9864501953125, "delta": 25.63480043411255}, "costs": {"total_cost": 723.1321203791583, "time_cost": 150, "final_distance_cost": 8.92960753456146, "oscillation_cost": 353.6491948588566, "completition_cost": 111.11111111111116, "overshoot_cost": 62.097304754406316, "power_cost": 21.469550256347656, "noise_cost": 15.87535186387509, "n_waypoints_completed": 8, "tot_waypoints": 9}}
{"target": -3765.2467300037597, "params": {"k_pid_pos": [9.999999747378752e-05, 0.5091611742973328, 1.0], "k_pid_alt": [1.1808949708938599, 0.0001640021800994873, 0.07326686382293701], "k_pid_att": [2.9802322387695312e-06, 6.708022594451904, 0.8923389911651611], "k_pid_yaw": [0.5, 1e-06, 0.1], "k_pid_hsp": [8.161839485168457, 0.11215230822563171, 0.08773964643478394], "k_pid_vsp": [102.9793472290039, 382.8887023925781, 385.77642822265625]}, "datetime": {"datetime": "2025-08-21 09:19:26", "elapsed": 2082.6044533252716, "delta": 29.618003129959106}, "costs": {"total_cost": 3765.2467300037597, "time_cost": 150, "final_distance_cost": 362.4390614632671, "oscillation_cost": 1311.778729629481, "completition_cost": 1000.0, "overshoot_cost": 811.787776142407, "power_cost": 32.25480440673828, "noise_cost": 96.98635836186631, "n_waypoints_completed": 0, "tot_waypoints": 9}}
{"target": -3527.219719077747, "params": {"k_pid_pos": [1.9999980926513672, 0.6463890075683594, 0.9985758662223816], "k_pid_alt": [0.31001830101013184, 0.9999120235443115, 0.8033219575881958], "k_pid_att": [8.940696716308594e-06, 7.267603874206543, 0.7980716228485107], "k_pid_yaw": [0.5, 1e-06, 0.1], "k_pid_hsp": [4.253612518310547, 0.6115785837173462, 0.8376268744468689], "k_pid_vsp": [268.0879211425781, 97.65277862548828, 137.4098358154297]}, "datetime": {"datetime": "2025-08-21 09:19:53", "elapsed": 2109.5727508068085, "delta": 26.968297481536865}, "costs": {"total_cost": 3527.219719077747, "time_cost": 150, "final_distance_cost": 146.7361035093981, "oscillation_cost": 1453.8132727363654, "completition_cost": 1000.0, "overshoot_cost": 646.0456492535943, "power_cost": 33.061593957519534, "noise_cost": 97.56309962086988, "n_waypoints_completed": 0, "tot_waypoints": 9}}
