{"target": -365.3704497985446, "params": {"k_pid_pos": [2.0, 0.973530113697052, 1.0], "k_pid_alt": [1.9354910850524902, 1.0, 0.026520133018493652], "k_pid_att": [100.0, 0.06248457729816437, 0.9988112449645996], "k_pid_yaw": [0.5, 1e-06, 0.1], "k_pid_hsp": [9.179831504821777, 0.9902373552322388, 0.01381567120552063], "k_pid_vsp": [7.784879207611084, 399.32977294921875, 6.864155292510986]}, "datetime": {"datetime": "2025-08-21 21:18:40", "elapsed": 45237.40572929382, "delta": 23.673945426940918}, "costs": {"total_cost": 365.3704497985446, "time_cost": 99.016, "final_distance_cost": 1.7610408117137142, "oscillation_cost": 172.797907821993, "completition_cost": 0.0, "overshoot_cost": 56.054800791742665, "power_cost": 20.103966528320314, "noise_cost": 15.636733844774941, "n_waypoints_completed": 9, "tot_waypoints": 9}}
{"target": -538.8858843777966, "params": {"k_pid_pos": [2.0, 0.9946435689926147, 1.0], "k_pid_alt": [1.9916497468948364, 1.0, 0.011739879846572876], "k_pid_att": [100.0, 0.04012560844421387, 0.9843623638153076], "k_pid_yaw": [0.5, 1e-06, 0.1], "k_pid_hsp": [9.864076614379883, 0.9693857431411743, 0.02396443486213684], "k_pid_vsp": [5.425071716308594, 392.1038513183594, 0.6629119515419006]}, "datetime": {"datetime": "2025-08-21 21:19:05", "elapsed": 45261.966527462006, "delta": 24.560798168182373}, "costs": {"total_cost": 538.8858843777966, "time_cost": 150, "final_distance_cost": 10.105871204849974, "oscillation_cost": 169.3063337653628, "completition_cost": 111.11111111111116, "overshoot_cost": 58.59966019577716, "power_cost": 22.60484765625, "noise_cost": 17.158060444445457, "n_waypoints_completed": 8, "tot_waypoints": 9}}
{"target": -820.3153383040029, "params": {"k_pid_pos": [2.0, 0.9971073865890503, 0.8427118062973022], "k_pid_alt": [1.9059627056121826, 1.0, 0.023147672414779663], "k_pid_att": [100.0, 0.14026518166065216, 0.9850358366966248], "k_pid_yaw": [0.5, 1e-06, 0.1], "k_pid_hsp": [9.788138389587402, 0.9881976842880249, 0.014829277992248535], "k_pid_vsp": [8.09338092803955, 384.2652893066406, 3.050173282623291]}, "datetime": {"datetime": "2025-08-21 21:19:30", "elapsed": 45286.507847070694, "delta": 24.541319608688354}, "costs": {"total_cost": 820.3153383040029, "time_cost": 150, "final_distance_cost": 62.504668968570115, "oscillation_cost": 182.99085615077882, "completition_cost": 333.33333333333337, "overshoot_cost": 54.760484439284966, "power_cost": 20.618474938964845, "noise_cost": 16.107520473070853, "n_waypoints_completed": 6, "tot_waypoints": 9}}
{"target": -986.8335874784892, "params": {"k_pid_pos": [2.0, 0.9888787269592285, 1.0], "k_pid_alt": [1.9594154357910156, 1.0, 0.02362954616546631], "k_pid_att": [100.0, 0.08151526004076004, 0.9720183610916138], "k_pid_yaw": [0.5, 1e-06, 0.1], "k_pid_hsp": [9.966743469238281, 0.9816374778747559, 0.02577945590019226], "k_pid_vsp": [17.21559715270996, 395.0885009765625, 14.400125503540039]}, "datetime": {"datetime": "2025-08-21 21:19:53", "elapsed": 45310.27741956711, "delta": 23.769572496414185}, "costs": {"total_cost": 986.8335874784892, "time_cost": 150, "final_distance_cost": 47.005402591641015, "oscillation_cost": 146.64818713832398, "completition_cost": 555.5555555555555, "overshoot_cost": 52.945103324419364, "power_cost": 19.316869091796875, "noise_cost": 15.362469776752441, "n_waypoints_completed": 4, "tot_waypoints": 9}}
{"target": -763.5571872956214, "params": {"k_pid_pos": [2.0, 0.9762043356895447, 0.6186549067497253], "k_pid_alt": [1.9934794902801514, 1.0, 0.0030057430267333984], "k_pid_att": [100.0, 0.8495625853538513, 0.9959743022918701], "k_pid_yaw": [0.5, 1e-06, 0.1], "k_pid_hsp": [9.669082641601562, 0.9738695621490479, 0.006888866424560547], "k_pid_vsp": [5.8563232421875, 384.8585510253906, 4.744721412658691]}, "datetime": {"datetime": "2025-08-21 21:20:18", "elapsed": 45335.06734466553, "delta": 24.78992509841919}, "costs": {"total_cost": 763.5571872956214, "time_cost": 150, "final_distance_cost": 52.4755935435287, "oscillation_cost": 144.55279305303452, "completition_cost": 333.33333333333337, "overshoot_cost": 51.02764148113965, "power_cost": 18.065961560058593, "noise_cost": 14.101864324526552, "n_waypoints_completed": 6, "tot_waypoints": 9}}
{"target": -366.36555101333687, "params": {"k_pid_pos": [2.0, 0.9978634119033813, 0.9999406337738037], "k_pid_alt": [1.974107265472412, 1.0, 0.003192692995071411], "k_pid_att": [98.10356140136719, 0.1865447461605072, 0.9894824028015137], "k_pid_yaw": [0.5, 1e-06, 0.1], "k_pid_hsp": [9.969186782836914, 0.973886251449585, 0.02370014786720276], "k_pid_vsp": [15.7099609375, 392.8554992675781, 1.2279043197631836]}, "datetime": {"datetime": "2025-08-21 21:20:41", "elapsed": 45357.85644054413, "delta": 22.789095878601074}, "costs": {"total_cost": 366.36555101333687, "time_cost": 99.632, "final_distance_cost": 1.7442914285548872, "oscillation_cost": 170.66315376522283, "completition_cost": 0.0, "overshoot_cost": 58.292674675461065, "power_cost": 19.9249689453125, "noise_cost": 16.108462198785556, "n_waypoints_completed": 9, "tot_waypoints": 9}}
{"target": -500.68671240141987, "params": {"k_pid_pos": [2.0, 0.9933156967163086, 1.0], "k_pid_alt": [1.955147624015808, 5.185604095458984e-06, 0.024397820234298706], "k_pid_att": [100.0, 0.2661951184272766, 0.9963209629058838], "k_pid_yaw": [0.5, 1e-06, 0.1], "k_pid_hsp": [9.907045364379883, 0.996005654335022, 0.003982990980148315], "k_pid_vsp": [11.887168884277344, 378.3387451171875, 2.833021640777588]}, "datetime": {"datetime": "2025-08-21 21:21:06", "elapsed": 45382.93778157234, "delta": 25.0813410282135}, "costs": {"total_cost": 500.68671240141987, "time_cost": 150, "final_distance_cost": 2.6982472452645174, "oscillation_cost": 133.10349416326343, "completition_cost": 111.11111111111116, "overshoot_cost": 61.49086703366504, "power_cost": 24.631681799316407, "noise_cost": 17.651311048799304, "n_waypoints_completed": 8, "tot_waypoints": 9}}
{"target": -529.5009633434897, "params": {"k_pid_pos": [2.0, 0.9936816692352295, 1.0], "k_pid_alt": [1.9277448654174805, 1.0, 0.004675835371017456], "k_pid_att": [100.0, 0.10948862880468369, 0.974473774433136], "k_pid_yaw": [0.5, 1e-06, 0.1], "k_pid_hsp": [9.836689949035645, 0.9908210039138794, 0.0013789832592010498], "k_pid_vsp": [3.811657428741455, 396.8735656738281, 25.728609085083008]}, "datetime": {"datetime": "2025-08-21 21:21:30", "elapsed": 45406.44161128998, "delta": 23.50382971763611}, "costs": {"total_cost": 529.5009633434897, "time_cost": 150, "final_distance_cost": 21.56182351697485, "oscillation_cost": 147.3607043367275, "completition_cost": 111.11111111111116, "overshoot_cost": 62.010481600830616, "power_cost": 21.41867928466797, "noise_cost": 16.03816349317761, "n_waypoints_completed": 8, "tot_waypoints": 9}}
{"target": -688.9704931296823, "params": {"k_pid_pos": [2.0, 0.9984230995178223, 1.0], "k_pid_alt": [1.9729273319244385, 1.0, 0.029893726110458374], "k_pid_att": [100.0, 0.03695586696267128, 0.9972710013389587], "k_pid_yaw": [0.5, 1e-06, 0.1], "k_pid_hsp": [9.989778518676758, 0.9859813451766968, 0.004437625408172607], "k_pid_vsp": [6.933903694152832, 396.7276916503906, 8.329750061035156]}, "datetime": {"datetime": "2025-08-21 21:21:55", "elapsed": 45431.554023742676, "delta": 25.112412452697754}, "costs": {"total_cost": 688.9704931296823, "time_cost": 150, "final_distance_cost": 63.75688062457668, "oscillation_cost": 165.00375448582378, "completition_cost": 222.2222222222222, "overshoot_cost": 53.54369752172311, "power_cost": 20.173271533203128, "noise_cost": 14.270666742133468, "n_waypoints_completed": 7, "tot_waypoints": 9}}
{"target": -565.9253120112702, "params": {"k_pid_pos": [2.0, 0.989616870880127, 1.0], "k_pid_alt": [1.9917150735855103, 1.0, 0.008516192436218262], "k_pid_att": [100.0, 0.15020444989204407, 0.9550336599349976], "k_pid_yaw": [0.5, 1e-06, 0.1], "k_pid_hsp": [9.944522857666016, 0.9210535287857056, 0.021200448274612427], "k_pid_vsp": [22.081924438476562, 387.929931640625, 1.9752392768859863]}, "datetime": {"datetime": "2025-08-21 21:22:18", "elapsed": 45455.36888098717, "delta": 23.814857244491577}, "costs": {"total_cost": 565.9253120112702, "time_cost": 150, "final_distance_cost": 57.47877577944252, "oscillation_cost": 123.56702684618487, "completition_cost": 111.11111111111116, "overshoot_cost": 73.31172065910225, "power_cost": 27.744789123535156, "noise_cost": 22.711888491894225, "n_waypoints_completed": 8, "tot_waypoints": 9}}
{"target": -886.0566619759998, "params": {"k_pid_pos": [2.0, 0.9772707223892212, 0.9999998211860657], "k_pid_alt": [1.982421636581421, 1.0, 0.03415638208389282], "k_pid_att": [100.0, 0.1643332988023758, 0.9727185964584351], "k_pid_yaw": [0.5, 1e-06, 0.1], "k_pid_hsp": [9.587930679321289, 0.9870244860649109, 0.016512274742126465], "k_pid_vsp": [1.7983078956604004, 396.2525939941406, 0.591708242893219]}, "datetime": {"datetime": "2025-08-21 21:22:43", "elapsed": 45479.548610925674, "delta": 24.17972993850708}, "costs": {"total_cost": 886.0566619759998, "time_cost": 150, "final_distance_cost": 49.0855844258042, "oscillation_cost": 137.43580442767336, "completition_cost": 444.4444444444444, "overshoot_cost": 56.48155186963724, "power_cost": 26.18161102294922, "noise_cost": 22.427665785491282, "n_waypoints_completed": 5, "tot_waypoints": 9}}
{"target": -350.71719026388905, "params": {"k_pid_pos": [2.0, 0.967333197593689, 1.0], "k_pid_alt": [1.9756605625152588, 1.0, 0.010194629430770874], "k_pid_att": [100.0, 0.12569259107112885, 0.9825378656387329], "k_pid_yaw": [0.5, 1e-06, 0.1], "k_pid_hsp": [9.822464942932129, 0.996412456035614, 0.023657560348510742], "k_pid_vsp": [8.068180084228516, 373.25848388671875, 11.050725936889648]}, "datetime": {"datetime": "2025-08-21 21:23:07", "elapsed": 45503.855578660965, "delta": 24.306967735290527}, "costs": {"total_cost": 350.71719026388905, "time_cost": 94.16, "final_distance_cost": 1.6961282356498208, "oscillation_cost": 163.28049139414955, "completition_cost": 0.0, "overshoot_cost": 57.37447726747436, "power_cost": 18.892033422851565, "noise_cost": 15.314059943763732, "n_waypoints_completed": 9, "tot_waypoints": 9}}
{"target": -568.452813762343, "params": {"k_pid_pos": [2.0, 0.9909559488296509, 0.9977582693099976], "k_pid_alt": [1.9883373975753784, 1.0, 0.035469263792037964], "k_pid_att": [100.0, 0.06931699067354202, 0.9959502816200256], "k_pid_yaw": [0.5, 1e-06, 0.1], "k_pid_hsp": [9.888113975524902, 0.9916595816612244, 0.0016030967235565186], "k_pid_vsp": [6.622517108917236, 393.7474365234375, 24.319005966186523]}, "datetime": {"datetime": "2025-08-21 21:23:30", "elapsed": 45527.04066514969, "delta": 23.185086488723755}, "costs": {"total_cost": 568.452813762343, "time_cost": 150, "final_distance_cost": 52.722355148756805, "oscillation_cost": 156.30092504976687, "completition_cost": 111.11111111111116, "overshoot_cost": 57.46821382881446, "power_cost": 23.41851931152344, "noise_cost": 17.431689312370164, "n_waypoints_completed": 8, "tot_waypoints": 9}}
{"target": -712.4720244579055, "params": {"k_pid_pos": [2.0, 0.9920893907546997, 0.9898276329040527], "k_pid_alt": [1.9895823001861572, 1.0, 0.0350058376789093], "k_pid_att": [100.0, 0.18352550268173218, 0.9957347512245178], "k_pid_yaw": [0.5, 1e-06, 0.1], "k_pid_hsp": [9.875682830810547, 0.9849288463592529, 0.03657799959182739], "k_pid_vsp": [1.1708259582519531, 382.9634704589844, 36.604736328125]}, "datetime": {"datetime": "2025-08-21 21:23:55", "elapsed": 45552.393852472305, "delta": 25.353187322616577}, "costs": {"total_cost": 712.4720244579055, "time_cost": 150, "final_distance_cost": 73.62364345012769, "oscillation_cost": 175.98859928482412, "completition_cost": 222.2222222222222, "overshoot_cost": 53.49024105681181, "power_cost": 21.043814721679688, "noise_cost": 16.10350372224001, "n_waypoints_completed": 7, "tot_waypoints": 9}}
{"target": -687.9915491586006, "params": {"k_pid_pos": [2.0, 0.9096555113792419, 1.0], "k_pid_alt": [1.9661507606506348, 1.0, 0.052404046058654785], "k_pid_att": [100.0, 0.453145295381546, 0.9801582098007202], "k_pid_yaw": [0.5, 1e-06, 0.1], "k_pid_hsp": [9.902939796447754, 0.9818247556686401, 0.011479079723358154], "k_pid_vsp": [6.068217754364014, 398.8191223144531, 3.8678417205810547]}, "datetime": {"datetime": "2025-08-21 21:24:18", "elapsed": 45575.21356630325, "delta": 22.819713830947876}, "costs": {"total_cost": 687.9915491586006, "time_cost": 150, "final_distance_cost": 71.05046795486422, "oscillation_cost": 156.7816496947062, "completition_cost": 222.2222222222222, "overshoot_cost": 51.68110267518437, "power_cost": 20.386252868652345, "noise_cost": 15.869853742971253, "n_waypoints_completed": 7, "tot_waypoints": 9}}
{"target": -724.414316986072, "params": {"k_pid_pos": [2.0, 0.9846994876861572, 1.0], "k_pid_alt": [1.905267596244812, 1.0, 0.022205770015716553], "k_pid_att": [100.0, 0.09909278899431229, 0.984101414680481], "k_pid_yaw": [0.5, 1e-06, 0.1], "k_pid_hsp": [9.764525413513184, 0.9956351518630981, 0.03920033574104309], "k_pid_vsp": [14.894760131835938, 388.6765441894531, 12.028277397155762]}, "datetime": {"datetime": "2025-08-21 21:24:44", "elapsed": 45600.72195649147, "delta": 25.508390188217163}, "costs": {"total_cost": 724.414316986072, "time_cost": 150, "final_distance_cost": 71.90588867087234, "oscillation_cost": 188.1578384051742, "completition_cost": 222.2222222222222, "overshoot_cost": 52.45935878569399, "power_cost": 22.533070043945315, "noise_cost": 17.135938858163858, "n_waypoints_completed": 7, "tot_waypoints": 9}}
{"target": -699.4490931628491, "params": {"k_pid_pos": [2.0, 0.9039904475212097, 0.9999967813491821], "k_pid_alt": [1.8940074443817139, 1.0, 0.0028333961963653564], "k_pid_att": [100.0, 0.8532834053039551, 0.9746390581130981], "k_pid_yaw": [0.5, 1e-06, 0.1], "k_pid_hsp": [9.977952003479004, 0.996487021446228, 0.0063738226890563965], "k_pid_vsp": [3.68577241897583, 391.46942138671875, 3.638065814971924]}, "datetime": {"datetime": "2025-08-21 21:25:07", "elapsed": 45624.37147688866, "delta": 23.64952039718628}, "costs": {"total_cost": 699.4490931628491, "time_cost": 150, "final_distance_cost": 71.31267846957913, "oscillation_cost": 170.13670264359922, "completition_cost": 222.2222222222222, "overshoot_cost": 52.45248581230901, "power_cost": 19.40677526855469, "noise_cost": 13.91822874658485, "n_waypoints_completed": 7, "tot_waypoints": 9}}
{"target": -700.2699536611906, "params": {"k_pid_pos": [2.0, 0.9928030967712402, 1.0], "k_pid_alt": [1.9831874370574951, 1.0, 0.011563330888748169], "k_pid_att": [100.0, 0.05048360303044319, 0.9694178104400635], "k_pid_yaw": [0.5, 1e-06, 0.1], "k_pid_hsp": [9.764442443847656, 0.9861615896224976, 0.05954056978225708], "k_pid_vsp": [17.814804077148438, 398.04833984375, 4.212451934814453]}, "datetime": {"datetime": "2025-08-21 21:25:32", "elapsed": 45648.875104904175, "delta": 24.50362801551819}, "costs": {"total_cost": 700.2699536611906, "time_cost": 150, "final_distance_cost": 66.92950532263652, "oscillation_cost": 170.54129561936261, "completition_cost": 222.2222222222222, "overshoot_cost": 51.6450077645166, "power_cost": 23.048971728515625, "noise_cost": 15.882951003936993, "n_waypoints_completed": 7, "tot_waypoints": 9}}
{"target": -690.3568438648991, "params": {"k_pid_pos": [2.0, 0.9921934008598328, 1.0], "k_pid_alt": [1.9942564964294434, 1.0, 0.025983095169067383], "k_pid_att": [100.0, 0.2091170996427536, 0.9906924366950989], "k_pid_yaw": [0.5, 1e-06, 0.1], "k_pid_hsp": [9.841950416564941, 0.9664605259895325, 0.028693854808807373], "k_pid_vsp": [11.495960235595703, 394.8121643066406, 8.748699188232422]}, "datetime": {"datetime": "2025-08-21 21:25:56", "elapsed": 45673.25174880028, "delta": 24.376643896102905}, "costs": {"total_cost": 690.3568438648991, "time_cost": 150, "final_distance_cost": 72.85698305144572, "oscillation_cost": 151.16601975736828, "completition_cost": 222.2222222222222, "overshoot_cost": 50.94356773699048, "power_cost": 24.50852705078125, "noise_cost": 18.659524046091203, "n_waypoints_completed": 7, "tot_waypoints": 9}}
{"target": -2776.919837242322, "params": {"k_pid_pos": [2.0, 0.9967957139015198, 0.9999998807907104], "k_pid_alt": [1.940990924835205, 1.0, 0.03275182843208313], "k_pid_att": [100.0, 0.12308818846940994, 0.9906018972396851], "k_pid_yaw": [0.5, 1e-06, 0.1], "k_pid_hsp": [9.872097969055176, 0.9945147037506104, 0.006275177001953125], "k_pid_vsp": [3.2682180404663086, 394.28924560546875, 15.327179908752441]}, "datetime": {"datetime": "2025-08-21 21:26:19", "elapsed": 45696.39195418358, "delta": 23.14020538330078}, "costs": {"total_cost": 2776.919837242322, "time_cost": 150, "final_distance_cost": 961.3351084560836, "oscillation_cost": 199.60547582153976, "completition_cost": 777.7777777777778, "overshoot_cost": 657.6229005427084, "power_cost": 16.856620910644533, "noise_cost": 13.721953733567904, "n_waypoints_completed": 2, "tot_waypoints": 9}}
{"target": -779.917891062788, "params": {"k_pid_pos": [2.0, 0.992599368095398, 1.0], "k_pid_alt": [1.9407579898834229, 1.0, 0.004915684461593628], "k_pid_att": [100.0, 0.028454838320612907, 0.9958442449569702], "k_pid_yaw": [0.5, 1e-06, 0.1], "k_pid_hsp": [9.811456680297852, 0.9958617687225342, 0.002054750919342041], "k_pid_vsp": [0.9323716163635254, 393.2262878417969, 3.1048545837402344]}, "datetime": {"datetime": "2025-08-21 21:26:44", "elapsed": 45721.04689335823, "delta": 24.6549391746521}, "costs": {"total_cost": 779.917891062788, "time_cost": 150, "final_distance_cost": 52.45231398329867, "oscillation_cost": 163.5026629063043, "completition_cost": 333.33333333333337, "overshoot_cost": 48.37906027410433, "power_cost": 18.037479638671876, "noise_cost": 14.213040927075399, "n_waypoints_completed": 6, "tot_waypoints": 9}}
{"target": -741.449544104582, "params": {"k_pid_pos": [2.0, 0.9892128705978394, 1.0], "k_pid_alt": [1.9980322122573853, 1.0, 0.02437540888786316], "k_pid_att": [100.0, 0.1205684244632721, 0.9986892342567444], "k_pid_yaw": [0.5, 1e-06, 0.1], "k_pid_hsp": [9.75981330871582, 0.9894421100616455, 0.024399757385253906], "k_pid_vsp": [5.937600135803223, 388.6955261230469, 6.137372016906738]}, "datetime": {"datetime": "2025-08-21 21:27:07", "elapsed": 45743.625497341156, "delta": 22.578603982925415}, "costs": {"total_cost": 741.449544104582, "time_cost": 150, "final_distance_cost": 68.06284404808434, "oscillation_cost": 207.20645650340572, "completition_cost": 222.2222222222222, "overshoot_cost": 57.02491655691055, "power_cost": 21.737563500976563, "noise_cost": 15.195541272982592, "n_waypoints_completed": 7, "tot_waypoints": 9}}
{"target": -854.0298846763857, "params": {"k_pid_pos": [2.0, 0.9890328645706177, 1.0], "k_pid_alt": [1.9607043266296387, 1.0, 0.012964606285095215], "k_pid_att": [100.0, 0.277074933052063, 0.8852241039276123], "k_pid_yaw": [0.5, 1e-06, 0.1], "k_pid_hsp": [9.98415756225586, 0.9904991388320923, 0.14860916137695312], "k_pid_vsp": [2.107369899749756, 386.35064697265625, 5.742836952209473]}, "datetime": {"datetime": "2025-08-21 21:27:31", "elapsed": 45768.00538659096, "delta": 24.379889249801636}, "costs": {"total_cost": 854.0298846763857, "time_cost": 150, "final_distance_cost": 63.73024803619297, "oscillation_cost": 205.3722612627575, "completition_cost": 333.33333333333337, "overshoot_cost": 52.95194357228491, "power_cost": 27.678239660644532, "noise_cost": 20.963858811172525, "n_waypoints_completed": 6, "tot_waypoints": 9}}
{"target": -592.7065063191063, "params": {"k_pid_pos": [2.0, 0.9351279735565186, 0.9708592891693115], "k_pid_alt": [1.991581678390503, 1.0, 0.005344122648239136], "k_pid_att": [100.0, 0.06221099570393562, 0.9945105314254761], "k_pid_yaw": [0.5, 1e-06, 0.1], "k_pid_hsp": [9.940718650817871, 0.9905555248260498, 0.005770474672317505], "k_pid_vsp": [5.13685941696167, 399.6573791503906, 10.716439247131348]}, "datetime": {"datetime": "2025-08-21 21:27:55", "elapsed": 45791.49259805679, "delta": 23.48721146583557}, "costs": {"total_cost": 592.7065063191063, "time_cost": 150, "final_distance_cost": 66.60026439567632, "oscillation_cost": 171.92177504419737, "completition_cost": 111.11111111111116, "overshoot_cost": 54.29165073679013, "power_cost": 22.85609024658203, "noise_cost": 15.925614784749337, "n_waypoints_completed": 8, "tot_waypoints": 9}}
{"target": -818.9000488456776, "params": {"k_pid_pos": [2.0, 0.9743402600288391, 1.0], "k_pid_alt": [1.9362446069717407, 1.0, 0.015152662992477417], "k_pid_att": [100.0, 0.10758160054683685, 0.9615761041641235], "k_pid_yaw": [0.5, 1e-06, 0.1], "k_pid_hsp": [9.359725952148438, 0.9779131412506104, 0.09702673554420471], "k_pid_vsp": [3.2357215881347656, 395.7405090332031, 3.142930030822754]}, "datetime": {"datetime": "2025-08-21 21:28:18", "elapsed": 45815.281331539154, "delta": 23.78873348236084}, "costs": {"total_cost": 818.9000488456776, "time_cost": 150, "final_distance_cost": 52.546116911725015, "oscillation_cost": 192.5670893034971, "completition_cost": 333.33333333333337, "overshoot_cost": 48.48415009793078, "power_cost": 23.66409423828125, "noise_cost": 18.30526496091007, "n_waypoints_completed": 6, "tot_waypoints": 9}}
{"target": -343.09643217705485, "params": {"k_pid_pos": [1.9999992847442627, 0.8567097187042236, 0.9999990463256836], "k_pid_alt": [1.9739651679992676, 1.0, 0.01056566834449768], "k_pid_att": [100.0, 0.06478380411863327, 0.9848620891571045], "k_pid_yaw": [0.5, 1e-06, 0.1], "k_pid_hsp": [9.862317085266113, 0.9045705795288086, 0.0011143982410430908], "k_pid_vsp": [21.65522575378418, 388.59857177734375, 15.031815528869629]}, "datetime": {"datetime": "2025-08-21 21:28:43", "elapsed": 45840.29443526268, "delta": 25.013103723526}, "costs": {"total_cost": 343.09643217705485, "time_cost": 99.552, "final_distance_cost": 1.7588261470887956, "oscillation_cost": 145.78131291657905, "completition_cost": 0.0, "overshoot_cost": 57.840103170697084, "power_cost": 21.565314404296878, "noise_cost": 16.598875538393024, "n_waypoints_completed": 9, "tot_waypoints": 9}}
