{"target": -472.4828116907486, "params": {"k_pid_pos": [2.0, 0.9665963053703308, 0.741848349571228], "k_pid_alt": [1.982823371887207, 1.0, 0.038326382637023926], "k_pid_att": [100.0, 0.030422069132328033, 0.9884904623031616], "k_pid_yaw": [0.5, 1e-06, 0.1], "k_pid_hsp": [9.815789222717285, 0.9934561848640442, 0.012020140886306763], "k_pid_vsp": [23.637653350830078, 394.1295166015625, 42.36736297607422]}, "datetime": {"datetime": "2025-08-21 16:05:46", "elapsed": 26463.119617938995, "delta": 24.51273202896118}, "costs": {"total_cost": 472.4828116907486, "time_cost": 150, "final_distance_cost": 4.225772513533032, "oscillation_cost": 100.54647472994021, "completition_cost": 111.11111111111116, "overshoot_cost": 62.250625647394884, "power_cost": 25.38223114013672, "noise_cost": 18.96659654863257, "n_waypoints_completed": 8, "tot_waypoints": 9}}
{"target": -1171.4020917287328, "params": {"k_pid_pos": [2.0, 0.9599090814590454, 0.0026230216026306152], "k_pid_alt": [1.9946250915527344, 1.0, 0.007155746221542358], "k_pid_att": [100.0, 0.012867187149822712, 0.9668905735015869], "k_pid_yaw": [0.5, 1e-06, 0.1], "k_pid_hsp": [9.963929176330566, 0.987250804901123, 0.020712971687316895], "k_pid_vsp": [20.633625030517578, 390.91802978515625, 2.7143607139587402]}, "datetime": {"datetime": "2025-08-21 16:06:09", "elapsed": 26485.877946853638, "delta": 22.758328914642334}, "costs": {"total_cost": 1171.4020917287328, "time_cost": 150, "final_distance_cost": 84.69779525251614, "oscillation_cost": 73.9213553422854, "completition_cost": 777.7777777777778, "overshoot_cost": 41.186204987885915, "power_cost": 26.063484472656253, "noise_cost": 17.7554738956113, "n_waypoints_completed": 2, "tot_waypoints": 9}}
{"target": -1264.024990809443, "params": {"k_pid_pos": [2.0, 0.9936426877975464, 0.0], "k_pid_alt": [1.870382308959961, 1.0, 0.016682028770446777], "k_pid_att": [100.0, 0.009585686028003693, 0.9814084768295288], "k_pid_yaw": [0.5, 1e-06, 0.1], "k_pid_hsp": [9.627242088317871, 0.9823411107063293, 0.010457932949066162], "k_pid_vsp": [7.940351963043213, 382.8486328125, 19.48904037475586]}, "datetime": {"datetime": "2025-08-21 16:06:33", "elapsed": 26509.671696662903, "delta": 23.793749809265137}, "costs": {"total_cost": 1264.024990809443, "time_cost": 150, "final_distance_cost": 67.10431172331575, "oscillation_cost": 81.974854182435, "completition_cost": 888.8888888888888, "overshoot_cost": 38.694927584036044, "power_cost": 22.22433680419922, "noise_cost": 15.137671626567846, "n_waypoints_completed": 1, "tot_waypoints": 9}}
{"target": -989.539733274855, "params": {"k_pid_pos": [1.9999613761901855, 0.9700634479522705, 0.0025429129600524902], "k_pid_alt": [1.904073715209961, 0.9969691038131714, 0.010286033153533936], "k_pid_att": [99.90088653564453, 0.14474502205848694, 0.9628897905349731], "k_pid_yaw": [0.5, 1e-06, 0.1], "k_pid_hsp": [8.700071334838867, 0.993198573589325, 0.3059946298599243], "k_pid_vsp": [1.8934845924377441, 383.0365295410156, 14.271021842956543]}, "datetime": {"datetime": "2025-08-21 16:06:57", "elapsed": 26533.474779844284, "delta": 23.803083181381226}, "costs": {"total_cost": 989.539733274855, "time_cost": 150, "final_distance_cost": 40.11610073509986, "oscillation_cost": 135.61056991305136, "completition_cost": 555.5555555555555, "overshoot_cost": 63.675138708041835, "power_cost": 23.66575552978516, "noise_cost": 20.916612833321327, "n_waypoints_completed": 4, "tot_waypoints": 9}}
{"target": -1365.6783350896442, "params": {"k_pid_pos": [0.09475763887166977, 0.9926000833511353, 0.04442682862281799], "k_pid_alt": [1.9214956760406494, 1.0, 0.034177571535110474], "k_pid_att": [88.19916534423828, 0.14641959965229034, 0.9634697437286377], "k_pid_yaw": [0.5, 1e-06, 0.1], "k_pid_hsp": [9.925012588500977, 0.9926612973213196, 0.06404528021812439], "k_pid_vsp": [8.780980110168457, 398.8465881347656, 9.301186561584473]}, "datetime": {"datetime": "2025-08-21 16:07:20", "elapsed": 26556.880633354187, "delta": 23.405853509902954}, "costs": {"total_cost": 1365.6783350896442, "time_cost": 150, "final_distance_cost": 45.44754557802734, "oscillation_cost": 91.53908712043902, "completition_cost": 1000.0, "overshoot_cost": 41.131405861621054, "power_cost": 22.283768945312502, "noise_cost": 15.276527584244475, "n_waypoints_completed": 0, "tot_waypoints": 9}}
{"target": -1210.3754811183219, "params": {"k_pid_pos": [2.0, 0.9939240217208862, 0.010055691003799438], "k_pid_alt": [1.9702610969543457, 1.0, 0.005645841360092163], "k_pid_att": [100.0, 0.4893920123577118, 0.9969822764396667], "k_pid_yaw": [0.5, 1e-06, 0.1], "k_pid_hsp": [9.830733299255371, 0.9734183549880981, 0.017242431640625], "k_pid_vsp": [8.297861099243164, 339.55181884765625, 2.7406225204467773]}, "datetime": {"datetime": "2025-08-21 16:07:44", "elapsed": 26580.51828479767, "delta": 23.637651443481445}, "costs": {"total_cost": 1210.3754811183219, "time_cost": 150, "final_distance_cost": 92.14366424853313, "oscillation_cost": 116.0271902371456, "completition_cost": 777.7777777777778, "overshoot_cost": 44.45718458915332, "power_cost": 17.154707873535155, "noise_cost": 12.814956392176839, "n_waypoints_completed": 2, "tot_waypoints": 9}}
{"target": -806.9910967037486, "params": {"k_pid_pos": [2.0, 0.9450187087059021, 0.0], "k_pid_alt": [1.9894739389419556, 0.9919809103012085, 0.02285042405128479], "k_pid_att": [100.0, 0.04972335323691368, 0.9957399368286133], "k_pid_yaw": [0.5, 1e-06, 0.1], "k_pid_hsp": [9.911027908325195, 0.9704561233520508, 0.004422098398208618], "k_pid_vsp": [53.4047966003418, 393.97515869140625, 3.171492576599121]}, "datetime": {"datetime": "2025-08-21 16:08:08", "elapsed": 26604.569450616837, "delta": 24.05116581916809}, "costs": {"total_cost": 806.9910967037486, "time_cost": 150, "final_distance_cost": 44.656770763142084, "oscillation_cost": 74.3658918750802, "completition_cost": 444.4444444444444, "overshoot_cost": 49.47047219126603, "power_cost": 25.10265517578125, "noise_cost": 18.950862254034632, "n_waypoints_completed": 5, "tot_waypoints": 9}}
{"target": -1202.4287020285863, "params": {"k_pid_pos": [2.0, 0.993972897529602, 0.0008782744407653809], "k_pid_alt": [1.9877710342407227, 0.9996511936187744, 0.06456881761550903], "k_pid_att": [100.0, 0.18200232088565826, 0.9921998381614685], "k_pid_yaw": [0.5, 1e-06, 0.1], "k_pid_hsp": [9.776861190795898, 0.9945468306541443, 0.007322430610656738], "k_pid_vsp": [6.667888164520264, 373.393310546875, 4.571605682373047]}, "datetime": {"datetime": "2025-08-21 16:08:31", "elapsed": 26627.455816745758, "delta": 22.88636612892151}, "costs": {"total_cost": 1202.4287020285863, "time_cost": 150, "final_distance_cost": 88.74938965489414, "oscillation_cost": 95.48058292914905, "completition_cost": 777.7777777777778, "overshoot_cost": 58.61914804735208, "power_cost": 18.514822998046874, "noise_cost": 13.286980621366075, "n_waypoints_completed": 2, "tot_waypoints": 9}}
{"target": -557.9743652018104, "params": {"k_pid_pos": [2.0, 0.9867721199989319, 0.9995731711387634], "k_pid_alt": [1.9807788133621216, 1.0, 0.01970013976097107], "k_pid_att": [100.0, 0.11733311414718628, 0.9849798679351807], "k_pid_yaw": [0.5, 1e-06, 0.1], "k_pid_hsp": [9.854137420654297, 0.9815185070037842, 0.012276321649551392], "k_pid_vsp": [19.776939392089844, 394.9224548339844, 11.1423978805542]}, "datetime": {"datetime": "2025-08-21 16:08:54", "elapsed": 26651.140885591507, "delta": 23.6850688457489}, "costs": {"total_cost": 557.9743652018104, "time_cost": 150, "final_distance_cost": 15.743910880285172, "oscillation_cost": 187.15972505865767, "completition_cost": 111.11111111111116, "overshoot_cost": 59.95653531074746, "power_cost": 19.590503332519532, "noise_cost": 14.412579508489458, "n_waypoints_completed": 8, "tot_waypoints": 9}}
{"target": -540.5336366856995, "params": {"k_pid_pos": [2.0, 0.9902806282043457, 0.9999878406524658], "k_pid_alt": [1.9908082485198975, 0.00040143728256225586, 0.005529165267944336], "k_pid_att": [100.0, 0.06808259338140488, 0.9876788258552551], "k_pid_yaw": [0.5, 1e-06, 0.1], "k_pid_hsp": [9.869175910949707, 0.9880672693252563, 0.017356902360916138], "k_pid_vsp": [6.240642070770264, 390.7644348144531, 6.320680141448975]}, "datetime": {"datetime": "2025-08-21 16:09:18", "elapsed": 26674.8230073452, "delta": 23.682121753692627}, "costs": {"total_cost": 540.5336366856995, "time_cost": 150, "final_distance_cost": 43.113246101614614, "oscillation_cost": 137.0794821923707, "completition_cost": 111.11111111111116, "overshoot_cost": 57.86099648541276, "power_cost": 24.719787744140625, "noise_cost": 16.649013051049643, "n_waypoints_completed": 8, "tot_waypoints": 9}}
{"target": -764.7866489874071, "params": {"k_pid_pos": [0.7744632363319397, 0.964989423751831, 0.336027055978775], "k_pid_alt": [1.9858083724975586, 1.0, 0.007611721754074097], "k_pid_att": [100.0, 0.44177791476249695, 0.9896955490112305], "k_pid_yaw": [0.5, 1e-06, 0.1], "k_pid_hsp": [9.621935844421387, 0.9893565773963928, 0.08816543221473694], "k_pid_vsp": [12.886846542358398, 397.9027404785156, 6.927109718322754]}, "datetime": {"datetime": "2025-08-21 16:09:42", "elapsed": 26698.47365117073, "delta": 23.650643825531006}, "costs": {"total_cost": 764.7866489874071, "time_cost": 150, "final_distance_cost": 52.53861979235334, "oscillation_cost": 132.25866534489754, "completition_cost": 333.33333333333337, "overshoot_cost": 53.53708740959045, "power_cost": 24.55328458251953, "noise_cost": 18.565658524712923, "n_waypoints_completed": 6, "tot_waypoints": 9}}
{"target": -1339.6943009994372, "params": {"k_pid_pos": [2.0, 0.9960314631462097, 5.930662155151367e-06], "k_pid_alt": [1.9938580989837646, 0.9999991059303284, 0.005543887615203857], "k_pid_att": [100.0, 0.029130449518561363, 0.9967892169952393], "k_pid_yaw": [0.5, 1e-06, 0.1], "k_pid_hsp": [9.35161018371582, 0.8722782135009766, 0.007557004690170288], "k_pid_vsp": [27.37303924560547, 389.2461242675781, 2.4990806579589844]}, "datetime": {"datetime": "2025-08-21 16:10:06", "elapsed": 26722.67558002472, "delta": 24.201928853988647}, "costs": {"total_cost": 1339.6943009994372, "time_cost": 150, "final_distance_cost": 44.475155266076, "oscillation_cost": 61.00971244792752, "completition_cost": 1000.0, "overshoot_cost": 39.52474876795672, "power_cost": 26.577369104003907, "noise_cost": 18.107315413473, "n_waypoints_completed": 0, "tot_waypoints": 9}}
{"target": -1022.2276102202063, "params": {"k_pid_pos": [2.0, 0.922598123550415, 8.940696716308594e-08], "k_pid_alt": [1.9675986766815186, 0.09153854846954346, 0.012890994548797607], "k_pid_att": [100.0, 0.04958447441458702, 0.9979263544082642], "k_pid_yaw": [0.5, 1e-06, 0.1], "k_pid_hsp": [9.651905059814453, 0.9938358068466187, 0.013220399618148804], "k_pid_vsp": [31.530975341796875, 379.72735595703125, 5.6181559562683105]}, "datetime": {"datetime": "2025-08-21 16:10:29", "elapsed": 26745.988156318665, "delta": 23.312576293945312}, "costs": {"total_cost": 1022.2276102202063, "time_cost": 150, "final_distance_cost": 51.83633078693005, "oscillation_cost": 73.02662312676168, "completition_cost": 666.6666666666667, "overshoot_cost": 54.26161581175928, "power_cost": 13.937065551757813, "noise_cost": 12.499308276330812, "n_waypoints_completed": 3, "tot_waypoints": 9}}
{"target": -889.1410067122594, "params": {"k_pid_pos": [2.0, 0.993349552154541, 1.0], "k_pid_alt": [1.9923560619354248, 1.0, 0.00587877631187439], "k_pid_att": [100.0, 0.2424035668373108, 0.9971286058425903], "k_pid_yaw": [0.5, 1e-06, 0.1], "k_pid_hsp": [9.981071472167969, 0.965060830116272, 0.0037294626235961914], "k_pid_vsp": [3.1467556953430176, 398.6529541015625, 8.085680961608887]}, "datetime": {"datetime": "2025-08-21 16:10:53", "elapsed": 26769.807109832764, "delta": 23.81895351409912}, "costs": {"total_cost": 889.1410067122594, "time_cost": 150, "final_distance_cost": 49.76377941747752, "oscillation_cost": 157.63331554865468, "completition_cost": 444.4444444444444, "overshoot_cost": 52.48819365737271, "power_cost": 20.323344860839846, "noise_cost": 14.48792878347024, "n_waypoints_completed": 5, "tot_waypoints": 9}}
{"target": -1374.410328681582, "params": {"k_pid_pos": [1.972943663597107, 0.9916276931762695, 5.960464477539063e-08], "k_pid_alt": [1.9845654964447021, 1.0, 0.0016376972198486328], "k_pid_att": [100.0, 0.2173496037721634, 0.9936144351959229], "k_pid_yaw": [0.5, 1e-06, 0.1], "k_pid_hsp": [9.062592506408691, 0.9887428283691406, 0.047235578298568726], "k_pid_vsp": [9.089803695678711, 397.61328125, 19.75014305114746]}, "datetime": {"datetime": "2025-08-21 16:11:16", "elapsed": 26792.514201164246, "delta": 22.707091331481934}, "costs": {"total_cost": 1374.410328681582, "time_cost": 150, "final_distance_cost": 52.76961497263621, "oscillation_cost": 92.26881418977733, "completition_cost": 1000.0, "overshoot_cost": 39.44410353227581, "power_cost": 23.724548974609377, "noise_cost": 16.203247012283004, "n_waypoints_completed": 0, "tot_waypoints": 9}}
{"target": -728.7258927109035, "params": {"k_pid_pos": [2.0, 0.9815667867660522, 0.011982977390289307], "k_pid_alt": [1.9800419807434082, 1.0, 0.11110615730285645], "k_pid_att": [99.9998550415039, 0.2656315565109253, 0.909309983253479], "k_pid_yaw": [0.5, 1e-06, 0.1], "k_pid_hsp": [9.662975311279297, 0.9564932584762573, 0.006417214870452881], "k_pid_vsp": [12.47720718383789, 389.88031005859375, 3.3418545722961426]}, "datetime": {"datetime": "2025-08-21 16:11:39", "elapsed": 26816.16416144371, "delta": 23.64996027946472}, "costs": {"total_cost": 728.7258927109035, "time_cost": 150, "final_distance_cost": 76.59751597458197, "oscillation_cost": 77.14232710151863, "completition_cost": 333.33333333333337, "overshoot_cost": 57.340245462073966, "power_cost": 19.269044360351565, "noise_cost": 15.043426479044056, "n_waypoints_completed": 6, "tot_waypoints": 9}}
{"target": -659.2272597072968, "params": {"k_pid_pos": [2.0, 0.9900505542755127, 0.9049052000045776], "k_pid_alt": [1.9740387201309204, 1.0, 0.013933926820755005], "k_pid_att": [100.0, 0.7484967708587646, 0.992691159248352], "k_pid_yaw": [0.5, 1e-06, 0.1], "k_pid_hsp": [9.954833030700684, 0.9831106066703796, 0.012031584978103638], "k_pid_vsp": [41.81257629394531, 387.4402160644531, 4.5126566886901855]}, "datetime": {"datetime": "2025-08-21 16:12:03", "elapsed": 26839.649554491043, "delta": 23.485393047332764}, "costs": {"total_cost": 659.2272597072968, "time_cost": 150, "final_distance_cost": 63.945146606154694, "oscillation_cost": 130.46405064486154, "completition_cost": 222.2222222222222, "overshoot_cost": 51.67386916527068, "power_cost": 22.83797468261719, "noise_cost": 18.083996386170348, "n_waypoints_completed": 7, "tot_waypoints": 9}}
{"target": -349.9507743559154, "params": {"k_pid_pos": [2.0, 0.9764351844787598, 0.952146589756012], "k_pid_alt": [1.9856711626052856, 1.0, 0.0069752037525177], "k_pid_att": [100.0, 0.064211905002594, 0.9860854744911194], "k_pid_yaw": [0.5, 1e-06, 0.1], "k_pid_hsp": [9.943929672241211, 0.9413595199584961, 0.02556610107421875], "k_pid_vsp": [26.407384872436523, 380.37408447265625, 4.23110818862915]}, "datetime": {"datetime": "2025-08-21 16:12:26", "elapsed": 26863.201853752136, "delta": 23.55229926109314}, "costs": {"total_cost": 349.9507743559154, "time_cost": 97.656, "final_distance_cost": 1.7146035251427174, "oscillation_cost": 148.63492888347264, "completition_cost": 0.0, "overshoot_cost": 60.53062992591623, "power_cost": 23.062286865234377, "noise_cost": 18.352325156149472, "n_waypoints_completed": 9, "tot_waypoints": 9}}
{"target": -1370.4035314585353, "params": {"k_pid_pos": [2.0, 0.9961686134338379, 0.7204302549362183], "k_pid_alt": [1.6802918910980225, 1.0, 0.04360353946685791], "k_pid_att": [100.0, 0.1885015368461609, 0.9531556367874146], "k_pid_yaw": [0.5, 1e-06, 0.1], "k_pid_hsp": [9.82713794708252, 0.9873595237731934, 0.04499354958534241], "k_pid_vsp": [4.233920574188232, 397.0517272949219, 3.8773069381713867]}, "datetime": {"datetime": "2025-08-21 16:12:50", "elapsed": 26886.888080358505, "delta": 23.68622660636902}, "costs": {"total_cost": 1370.4035314585353, "time_cost": 150, "final_distance_cost": 110.28961785762411, "oscillation_cost": 230.62066647290996, "completition_cost": 777.7777777777778, "overshoot_cost": 70.43103969102852, "power_cost": 17.76515799560547, "noise_cost": 13.519271663589517, "n_waypoints_completed": 2, "tot_waypoints": 9}}
{"target": -709.7086136076447, "params": {"k_pid_pos": [2.0, 0.9898084998130798, 0.9597104787826538], "k_pid_alt": [1.9691243171691895, 1.0, 0.008495986461639404], "k_pid_att": [100.0, 0.12605765461921692, 0.9598770141601562], "k_pid_yaw": [0.5, 1e-06, 0.1], "k_pid_hsp": [9.916138648986816, 0.9778791666030884, 0.052754223346710205], "k_pid_vsp": [55.36064910888672, 397.5569152832031, 4.293037414550781]}, "datetime": {"datetime": "2025-08-21 16:13:14", "elapsed": 26910.791597366333, "delta": 23.90351700782776}, "costs": {"total_cost": 709.7086136076447, "time_cost": 150, "final_distance_cost": 71.17036041568676, "oscillation_cost": 173.6546108665167, "completition_cost": 222.2222222222222, "overshoot_cost": 56.66368348936733, "power_cost": 20.77955977783203, "noise_cost": 15.21817683601963, "n_waypoints_completed": 7, "tot_waypoints": 9}}
{"target": -1185.7034352716473, "params": {"k_pid_pos": [1.9998564720153809, 0.8080491423606873, 0.0003751814365386963], "k_pid_alt": [1.9788875579833984, 1.0, 0.01080062985420227], "k_pid_att": [100.0, 0.0505727082490921, 0.9908973574638367], "k_pid_yaw": [0.5, 1e-06, 0.1], "k_pid_hsp": [9.749369621276855, 0.9954512119293213, 0.007226347923278809], "k_pid_vsp": [2.451443672180176, 393.6413269042969, 7.6269636154174805]}, "datetime": {"datetime": "2025-08-21 16:13:37", "elapsed": 26934.39334845543, "delta": 23.60175108909607}, "costs": {"total_cost": 1185.7034352716473, "time_cost": 150, "final_distance_cost": 84.6737014368432, "oscillation_cost": 93.42523357260525, "completition_cost": 777.7777777777778, "overshoot_cost": 44.13186548123469, "power_cost": 21.191882763671877, "noise_cost": 14.502974239514515, "n_waypoints_completed": 2, "tot_waypoints": 9}}
{"target": -1247.935680656441, "params": {"k_pid_pos": [2.0, 0.9815120100975037, 0.0375576913356781], "k_pid_alt": [1.9921293258666992, 1.0, 0.04804414510726929], "k_pid_att": [100.0, 0.6882507801055908, 0.9846888780593872], "k_pid_yaw": [0.5, 1e-06, 0.1], "k_pid_hsp": [9.8853178024292, 0.9983901381492615, 0.028694510459899902], "k_pid_vsp": [20.80649185180664, 397.93853759765625, 5.375600814819336]}, "datetime": {"datetime": "2025-08-21 16:14:01", "elapsed": 26957.51735329628, "delta": 23.12400484085083}, "costs": {"total_cost": 1247.935680656441, "time_cost": 150, "final_distance_cost": 50.65535932136189, "oscillation_cost": 78.08317257467434, "completition_cost": 888.8888888888888, "overshoot_cost": 40.680228124059624, "power_cost": 23.4883162109375, "noise_cost": 16.139715536518896, "n_waypoints_completed": 1, "tot_waypoints": 9}}
{"target": -659.2671128061158, "params": {"k_pid_pos": [2.0, 0.9579229354858398, 0.9950450658798218], "k_pid_alt": [1.9933412075042725, 1.0, 0.10783705115318298], "k_pid_att": [100.0, 0.4796801209449768, 0.9342668652534485], "k_pid_yaw": [0.5, 1e-06, 0.1], "k_pid_hsp": [9.87845516204834, 0.9960987567901611, 0.0011038482189178467], "k_pid_vsp": [0.908958911895752, 397.09539794921875, 16.33632469177246]}, "datetime": {"datetime": "2025-08-21 16:14:25", "elapsed": 26981.773823022842, "delta": 24.2564697265625}, "costs": {"total_cost": 659.2671128061158, "time_cost": 150, "final_distance_cost": 70.6113681558864, "oscillation_cost": 110.78079709129204, "completition_cost": 222.2222222222222, "overshoot_cost": 63.86151536039277, "power_cost": 24.174916015625, "noise_cost": 17.616293960697526, "n_waypoints_completed": 7, "tot_waypoints": 9}}
{"target": -786.5725888887431, "params": {"k_pid_pos": [2.0, 0.9886423945426941, 1.0], "k_pid_alt": [1.9538288116455078, 1.0, 0.061004072427749634], "k_pid_att": [100.0, 0.42297908663749695, 0.9950255155563354], "k_pid_yaw": [0.5, 1e-06, 0.1], "k_pid_hsp": [9.76359748840332, 0.99637770652771, 0.009029030799865723], "k_pid_vsp": [11.450088500976562, 376.7865295410156, 9.018433570861816]}, "datetime": {"datetime": "2025-08-21 16:14:49", "elapsed": 27006.097302675247, "delta": 24.323479652404785}, "costs": {"total_cost": 786.5725888887431, "time_cost": 150, "final_distance_cost": 67.67269929277154, "oscillation_cost": 145.92434633814617, "completition_cost": 333.33333333333337, "overshoot_cost": 54.30898500297186, "power_cost": 20.01415291748047, "noise_cost": 15.319072004039617, "n_waypoints_completed": 6, "tot_waypoints": 9}}
{"target": -699.2354638401339, "params": {"k_pid_pos": [2.0, 0.9297065734863281, 0.999997615814209], "k_pid_alt": [1.9224913120269775, 1.0, 0.0027778446674346924], "k_pid_att": [100.0, 0.046511586755514145, 0.9542800188064575], "k_pid_yaw": [0.5, 1e-06, 0.1], "k_pid_hsp": [9.761885643005371, 0.9927876591682434, 0.005370646715164185], "k_pid_vsp": [8.05722427368164, 396.63848876953125, 7.677484512329102]}, "datetime": {"datetime": "2025-08-21 16:15:13", "elapsed": 27029.453149318695, "delta": 23.355846643447876}, "costs": {"total_cost": 699.2354638401339, "time_cost": 150, "final_distance_cost": 72.55025666088603, "oscillation_cost": 170.14171754639557, "completition_cost": 222.2222222222222, "overshoot_cost": 51.40810420988086, "power_cost": 18.614759814453127, "noise_cost": 14.298403386296071, "n_waypoints_completed": 7, "tot_waypoints": 9}}
