{"target": -608.180094218706, "params": {"k_pid_pos": [2.0, 0.9887194633483887, 0.9997779130935669], "k_pid_alt": [1.6887338161468506, 1.0, 0.02503141760826111], "k_pid_att": [100.0, 0.11410913616418839, 0.9891927242279053], "k_pid_yaw": [0.5, 1e-06, 0.1], "k_pid_hsp": [9.76421070098877, 0.9782710075378418, 0.010796576738357544], "k_pid_vsp": [2.708280086517334, 398.5462951660156, 7.975769996643066]}, "datetime": {"datetime": "2025-08-21 15:16:41", "elapsed": 23517.908231973648, "delta": 23.383721113204956}, "costs": {"total_cost": 608.180094218706, "time_cost": 150, "final_distance_cost": 66.75226424826927, "oscillation_cost": 190.81738700249574, "completition_cost": 111.11111111111116, "overshoot_cost": 53.331435508688685, "power_cost": 21.277734472656253, "noise_cost": 14.890161875484837, "n_waypoints_completed": 8, "tot_waypoints": 9}}
{"target": -1167.6660474246685, "params": {"k_pid_pos": [2.0, 0.9906911849975586, 0.009929358959197998], "k_pid_alt": [1.9364047050476074, 0.9998649954795837, 0.013935685157775879], "k_pid_att": [50.70252227783203, 0.2992789149284363, 0.9199197292327881], "k_pid_yaw": [0.5, 1e-06, 0.1], "k_pid_hsp": [9.735196113586426, 0.9833807945251465, 0.011414527893066406], "k_pid_vsp": [70.79956817626953, 386.6831359863281, 7.507277488708496]}, "datetime": {"datetime": "2025-08-21 15:17:04", "elapsed": 23541.36792087555, "delta": 23.459688901901245}, "costs": {"total_cost": 1167.6660474246685, "time_cost": 150, "final_distance_cost": 92.22354380740859, "oscillation_cost": 69.06673693321329, "completition_cost": 777.7777777777778, "overshoot_cost": 41.71003340118843, "power_cost": 21.488230212402346, "noise_cost": 15.39972529267789, "n_waypoints_completed": 2, "tot_waypoints": 9}}
{"target": -1301.9631095949117, "params": {"k_pid_pos": [0.001595822861418128, 0.9777075052261353, 0.8671281933784485], "k_pid_alt": [1.9334046840667725, 1.0, 0.03490900993347168], "k_pid_att": [100.0, 1.3840112686157227, 0.9856257438659668], "k_pid_yaw": [0.5, 1e-06, 0.1], "k_pid_hsp": [9.325761795043945, 0.9956346154212952, 0.022727370262145996], "k_pid_vsp": [3.438436985015869, 381.2996826171875, 109.0373306274414]}, "datetime": {"datetime": "2025-08-21 15:17:28", "elapsed": 23564.607918977737, "delta": 23.23999810218811}, "costs": {"total_cost": 1301.9631095949117, "time_cost": 150, "final_distance_cost": 73.39645061165739, "oscillation_cost": 109.38012485222883, "completition_cost": 888.8888888888888, "overshoot_cost": 34.76049756427704, "power_cost": 26.821087365722658, "noise_cost": 18.716060312136957, "n_waypoints_completed": 1, "tot_waypoints": 9}}
{"target": -1321.4250377822768, "params": {"k_pid_pos": [2.0, 0.9833413362503052, 0.0], "k_pid_alt": [1.8716762065887451, 1.0, 0.03473317623138428], "k_pid_att": [100.0, 0.5394829511642456, 0.9560741186141968], "k_pid_yaw": [0.5, 1e-06, 0.1], "k_pid_hsp": [9.908016204833984, 0.9959031343460083, 0.022245436906814575], "k_pid_vsp": [87.16311645507812, 395.95623779296875, 48.53717041015625]}, "datetime": {"datetime": "2025-08-21 15:17:51", "elapsed": 23587.55436038971, "delta": 22.946441411972046}, "costs": {"total_cost": 1321.4250377822768, "time_cost": 150, "final_distance_cost": 45.01379280548783, "oscillation_cost": 58.76592410861872, "completition_cost": 1000.0, "overshoot_cost": 30.890456134392327, "power_cost": 20.98436378173828, "noise_cost": 15.770500952039896, "n_waypoints_completed": 0, "tot_waypoints": 9}}
{"target": -983.1127111270276, "params": {"k_pid_pos": [2.0, 0.992355465888977, 0.9969058036804199], "k_pid_alt": [1.9870234727859497, 1.0, 0.029908865690231323], "k_pid_att": [100.0, 0.3550814390182495, 0.9903866052627563], "k_pid_yaw": [0.5, 1e-06, 0.1], "k_pid_hsp": [9.533044815063477, 0.9883279204368591, 0.028888463973999023], "k_pid_vsp": [15.349864959716797, 327.0619812011719, 17.05158042907715]}, "datetime": {"datetime": "2025-08-21 15:18:15", "elapsed": 23612.12389945984, "delta": 24.569539070129395}, "costs": {"total_cost": 983.1127111270276, "time_cost": 150, "final_distance_cost": 48.47148134319493, "oscillation_cost": 244.93584586445786, "completition_cost": 444.4444444444444, "overshoot_cost": 64.97421355096968, "power_cost": 17.031254333496094, "noise_cost": 13.255471590464728, "n_waypoints_completed": 5, "tot_waypoints": 9}}
{"target": -1287.624416441641, "params": {"k_pid_pos": [1.9999972581863403, 0.9707107543945312, 0.002659827470779419], "k_pid_alt": [1.9872875213623047, 0.9999989867210388, 0.02693241834640503], "k_pid_att": [99.89793395996094, 0.2459985911846161, 0.9888730049133301], "k_pid_yaw": [0.5, 1e-06, 0.1], "k_pid_hsp": [9.881857872009277, 0.9821463227272034, 0.07601118087768555], "k_pid_vsp": [13.373756408691406, 397.9671936035156, 12.267566680908203]}, "datetime": {"datetime": "2025-08-21 15:18:38", "elapsed": 23635.329444169998, "delta": 23.2055447101593}, "costs": {"total_cost": 1287.624416441641, "time_cost": 150, "final_distance_cost": 57.21981964985617, "oscillation_cost": 98.20381604089256, "completition_cost": 888.8888888888888, "overshoot_cost": 51.135599226526764, "power_cost": 25.01550419921875, "noise_cost": 17.16078843625824, "n_waypoints_completed": 1, "tot_waypoints": 9}}
{"target": -755.652588905535, "params": {"k_pid_pos": [1.9895429611206055, 0.9307142496109009, 0.7045822143554688], "k_pid_alt": [1.9867379665374756, 1.0, 0.028654783964157104], "k_pid_att": [100.0, 0.08791077136993408, 0.9969789981842041], "k_pid_yaw": [0.5, 1e-06, 0.1], "k_pid_hsp": [9.883979797363281, 0.9829882383346558, 0.0034526586532592773], "k_pid_vsp": [23.8853816986084, 389.9395446777344, 17.979612350463867]}, "datetime": {"datetime": "2025-08-21 15:19:02", "elapsed": 23658.645084381104, "delta": 23.315640211105347}, "costs": {"total_cost": 755.652588905535, "time_cost": 150, "final_distance_cost": 67.72820781058864, "oscillation_cost": 111.9609666623637, "completition_cost": 333.33333333333337, "overshoot_cost": 50.097924096263164, "power_cost": 24.573614978027344, "noise_cost": 17.958542024958863, "n_waypoints_completed": 6, "tot_waypoints": 9}}
{"target": -1334.202000834247, "params": {"k_pid_pos": [1.992849349975586, 0.9074401259422302, 1.0], "k_pid_alt": [1.9960331916809082, 1.0, 0.16706013679504395], "k_pid_att": [1.3859748840332031, 0.09952372312545776, 0.9923477172851562], "k_pid_yaw": [0.5, 1e-06, 0.1], "k_pid_hsp": [8.931760787963867, 0.9347380995750427, 0.011695146560668945], "k_pid_vsp": [7.7285051345825195, 394.7411193847656, 7.198215484619141]}, "datetime": {"datetime": "2025-08-21 15:19:25", "elapsed": 23682.161700725555, "delta": 23.516616344451904}, "costs": {"total_cost": 1334.202000834247, "time_cost": 150, "final_distance_cost": 49.73532616094183, "oscillation_cost": 57.87535456408239, "completition_cost": 1000.0, "overshoot_cost": 43.05605611814521, "power_cost": 20.018497656250002, "noise_cost": 13.516766334827588, "n_waypoints_completed": 0, "tot_waypoints": 9}}
{"target": -1182.262960482337, "params": {"k_pid_pos": [2.0, 0.9516212940216064, 0.0004942417144775391], "k_pid_alt": [1.937167763710022, 1.0, 0.02467280626296997], "k_pid_att": [43.66849136352539, 0.3875334560871124, 0.9786508083343506], "k_pid_yaw": [0.5, 1e-06, 0.1], "k_pid_hsp": [9.708810806274414, 0.990707516670227, 0.009873509407043457], "k_pid_vsp": [7.382869720458984, 395.9944763183594, 4.856325149536133]}, "datetime": {"datetime": "2025-08-21 15:19:49", "elapsed": 23706.229533195496, "delta": 24.067832469940186}, "costs": {"total_cost": 1182.262960482337, "time_cost": 150, "final_distance_cost": 89.1879008663233, "oscillation_cost": 76.96953324902971, "completition_cost": 777.7777777777778, "overshoot_cost": 45.98527335388068, "power_cost": 25.30225721435547, "noise_cost": 17.040218020969746, "n_waypoints_completed": 2, "tot_waypoints": 9}}
{"target": -677.2705494353834, "params": {"k_pid_pos": [2.0, 0.9937039613723755, 0.9999620914459229], "k_pid_alt": [1.9795398712158203, 1.0, 0.014414161443710327], "k_pid_att": [100.0, 0.10729371011257172, 0.9981509447097778], "k_pid_yaw": [0.5, 1e-06, 0.1], "k_pid_hsp": [9.703104972839355, 0.9816073179244995, 0.03395766019821167], "k_pid_vsp": [15.863645553588867, 386.38214111328125, 8.682991027832031]}, "datetime": {"datetime": "2025-08-21 15:20:13", "elapsed": 23729.746877670288, "delta": 23.51734447479248}, "costs": {"total_cost": 677.2705494353834, "time_cost": 150, "final_distance_cost": 66.12875193734627, "oscillation_cost": 131.77490489519386, "completition_cost": 222.2222222222222, "overshoot_cost": 54.47756453836846, "power_cost": 29.36318631591797, "noise_cost": 23.303919526334596, "n_waypoints_completed": 7, "tot_waypoints": 9}}
{"target": -715.2624126343107, "params": {"k_pid_pos": [2.0, 0.9918966293334961, 0.9999997615814209], "k_pid_alt": [1.8973604440689087, 1.0, 0.00625079870223999], "k_pid_att": [100.0, 0.19922460615634918, 0.9419476985931396], "k_pid_yaw": [0.5, 1e-06, 0.1], "k_pid_hsp": [9.863611221313477, 0.9779849052429199, 0.1554815173149109], "k_pid_vsp": [3.5528182983398438, 394.3605651855469, 3.194046974182129]}, "datetime": {"datetime": "2025-08-21 15:20:36", "elapsed": 23753.12427687645, "delta": 23.3773992061615}, "costs": {"total_cost": 715.2624126343107, "time_cost": 150, "final_distance_cost": 71.32766140257057, "oscillation_cost": 176.1684380461645, "completition_cost": 222.2222222222222, "overshoot_cost": 52.066298313320914, "power_cost": 24.40243424072266, "noise_cost": 19.075358409309985, "n_waypoints_completed": 7, "tot_waypoints": 9}}
{"target": -1269.5042569301002, "params": {"k_pid_pos": [0.15052828192710876, 0.9903831481933594, 0.0002397000789642334], "k_pid_alt": [1.9911104440689087, 1.0, 0.022221148014068604], "k_pid_att": [100.0, 0.3519549071788788, 0.9825217723846436], "k_pid_yaw": [0.5, 1e-06, 0.1], "k_pid_hsp": [9.62154769897461, 0.99062180519104, 0.032377690076828], "k_pid_vsp": [34.102333068847656, 382.7161560058594, 5.9812912940979]}, "datetime": {"datetime": "2025-08-21 15:20:59", "elapsed": 23775.814937591553, "delta": 22.69066071510315}, "costs": {"total_cost": 1269.5042569301002, "time_cost": 150, "final_distance_cost": 68.4373057692625, "oscillation_cost": 72.05928498777885, "completition_cost": 888.8888888888888, "overshoot_cost": 52.032712166622716, "power_cost": 22.641087060546877, "noise_cost": 15.44497805700058, "n_waypoints_completed": 1, "tot_waypoints": 9}}
{"target": -722.2053080969607, "params": {"k_pid_pos": [2.0, 0.9911729097366333, 0.9999992847442627], "k_pid_alt": [1.961249589920044, 1.0, 0.005440831184387207], "k_pid_att": [100.0, 0.6267129182815552, 0.9993088841438293], "k_pid_yaw": [0.5, 1e-06, 0.1], "k_pid_hsp": [9.37247085571289, 0.994284987449646, 0.007192462682723999], "k_pid_vsp": [14.854240417480469, 334.8031311035156, 26.6884708404541]}, "datetime": {"datetime": "2025-08-21 15:21:23", "elapsed": 23799.583570480347, "delta": 23.768632888793945}, "costs": {"total_cost": 722.2053080969607, "time_cost": 150, "final_distance_cost": 74.45982465369839, "oscillation_cost": 185.0357872353929, "completition_cost": 222.2222222222222, "overshoot_cost": 55.99706667761265, "power_cost": 19.99007587890625, "noise_cost": 14.500331429128329, "n_waypoints_completed": 7, "tot_waypoints": 9}}
{"target": -711.7875197506606, "params": {"k_pid_pos": [2.0, 0.9865362644195557, 0.9999997615814209], "k_pid_alt": [1.899665355682373, 1.0, 0.03726893663406372], "k_pid_att": [99.9996566772461, 0.2143375128507614, 0.9850236177444458], "k_pid_yaw": [0.5, 1e-06, 0.1], "k_pid_hsp": [9.866792678833008, 0.9933353066444397, 0.029932796955108643], "k_pid_vsp": [3.0142784118652344, 391.8369140625, 4.13723087310791]}, "datetime": {"datetime": "2025-08-21 15:21:46", "elapsed": 23823.037704706192, "delta": 23.454134225845337}, "costs": {"total_cost": 711.7875197506606, "time_cost": 150, "final_distance_cost": 64.720429341792, "oscillation_cost": 188.99016345713682, "completition_cost": 222.2222222222222, "overshoot_cost": 51.15940344450667, "power_cost": 19.650136657714846, "noise_cost": 15.045164627288123, "n_waypoints_completed": 7, "tot_waypoints": 9}}
{"target": -538.4175023143288, "params": {"k_pid_pos": [2.0, 0.9801551103591919, 0.9999964833259583], "k_pid_alt": [1.9963433742523193, 0.9999991059303284, 0.017434746026992798], "k_pid_att": [100.0, 0.5019294619560242, 0.973226010799408], "k_pid_yaw": [0.5, 1e-06, 0.1], "k_pid_hsp": [9.287554740905762, 0.9813056588172913, 0.01633387804031372], "k_pid_vsp": [86.22312927246094, 318.3144226074219, 10.073864936828613]}, "datetime": {"datetime": "2025-08-21 15:22:09", "elapsed": 23846.258673667908, "delta": 23.2209689617157}, "costs": {"total_cost": 538.4175023143288, "time_cost": 150, "final_distance_cost": 35.398662465282385, "oscillation_cost": 146.65350162501713, "completition_cost": 111.11111111111116, "overshoot_cost": 59.22576924878496, "power_cost": 19.515692333984376, "noise_cost": 16.512765530148872, "n_waypoints_completed": 8, "tot_waypoints": 9}}
{"target": -1182.8230914439227, "params": {"k_pid_pos": [2.0, 0.8971836566925049, 0.3746858835220337], "k_pid_alt": [1.93400239944458, 1.0, 0.021767467260360718], "k_pid_att": [100.0, 0.6252651214599609, 0.9868738055229187], "k_pid_yaw": [0.5, 1e-06, 0.1], "k_pid_hsp": [9.935542106628418, 0.9877429008483887, 0.011185526847839355], "k_pid_vsp": [19.08800506591797, 379.7969970703125, 15.26655101776123]}, "datetime": {"datetime": "2025-08-21 15:22:33", "elapsed": 23869.66012787819, "delta": 23.401454210281372}, "costs": {"total_cost": 1182.8230914439227, "time_cost": 150, "final_distance_cost": 75.82016398405648, "oscillation_cost": 98.84140773718391, "completition_cost": 777.7777777777778, "overshoot_cost": 47.89693601579678, "power_cost": 18.876410876464846, "noise_cost": 13.61039505264277, "n_waypoints_completed": 2, "tot_waypoints": 9}}
{"target": -1359.1353298260647, "params": {"k_pid_pos": [2.0, 0.9879941344261169, 0.0], "k_pid_alt": [1.903531789779663, 1.0, 0.0015127062797546387], "k_pid_att": [6.914061546325684, 0.2391509711742401, 0.9682495594024658], "k_pid_yaw": [0.5, 1e-06, 0.1], "k_pid_hsp": [9.961583137512207, 0.9582063555717468, 0.024001777172088623], "k_pid_vsp": [10.900104522705078, 390.20758056640625, 4.267920017242432]}, "datetime": {"datetime": "2025-08-21 15:22:57", "elapsed": 23893.454640626907, "delta": 23.79451274871826}, "costs": {"total_cost": 1359.1353298260647, "time_cost": 150, "final_distance_cost": 48.99562936837975, "oscillation_cost": 86.4062456875618, "completition_cost": 1000.0, "overshoot_cost": 39.886026676787445, "power_cost": 20.192214978027344, "noise_cost": 13.655213115308177, "n_waypoints_completed": 0, "tot_waypoints": 9}}
{"target": -1359.0183124756388, "params": {"k_pid_pos": [2.0, 0.9912220239639282, 0.0], "k_pid_alt": [1.9705766439437866, 1.0, 0.02050080895423889], "k_pid_att": [99.99230194091797, 0.8105660676956177, 0.9686955809593201], "k_pid_yaw": [0.5, 1e-06, 0.1], "k_pid_hsp": [9.822465896606445, 0.9913181066513062, 0.05769127607345581], "k_pid_vsp": [4.640519618988037, 384.4136047363281, 1.2835750579833984]}, "datetime": {"datetime": "2025-08-21 15:23:20", "elapsed": 23917.117807388306, "delta": 23.663166761398315}, "costs": {"total_cost": 1359.0183124756388, "time_cost": 150, "final_distance_cost": 47.938662946817644, "oscillation_cost": 78.60054477403325, "completition_cost": 1000.0, "overshoot_cost": 40.78062699919139, "power_cost": 24.88736650390625, "noise_cost": 16.811111251690274, "n_waypoints_completed": 0, "tot_waypoints": 9}}
{"target": -2749.1750950159203, "params": {"k_pid_pos": [2.0, 0.9847116470336914, 1.0], "k_pid_alt": [1.993591070175171, 1.0, 0.01867079734802246], "k_pid_att": [100.0, 0.17046596109867096, 0.9775040149688721], "k_pid_yaw": [0.5, 1e-06, 0.1], "k_pid_hsp": [9.778048515319824, 0.9838032722473145, 0.007313132286071777], "k_pid_vsp": [13.009607315063477, 386.5469970703125, 30.060293197631836]}, "datetime": {"datetime": "2025-08-21 15:23:44", "elapsed": 23940.505793094635, "delta": 23.387985706329346}, "costs": {"total_cost": 2749.1750950159203, "time_cost": 150, "final_distance_cost": 925.3935119773943, "oscillation_cost": 177.72590130227022, "completition_cost": 777.7777777777778, "overshoot_cost": 689.4082661558402, "power_cost": 15.715469006347657, "noise_cost": 13.154168796290184, "n_waypoints_completed": 2, "tot_waypoints": 9}}
{"target": -1292.0019875659339, "params": {"k_pid_pos": [2.0, 0.9907358884811401, 0.024677187204360962], "k_pid_alt": [1.9618358612060547, 1.0, 0.008190512657165527], "k_pid_att": [100.0, 0.3092474043369293, 0.9687983989715576], "k_pid_yaw": [0.5, 1e-06, 0.1], "k_pid_hsp": [9.773926734924316, 0.9916644096374512, 0.05340933799743652], "k_pid_vsp": [16.53909683227539, 362.6163635253906, 9.695303916931152]}, "datetime": {"datetime": "2025-08-21 15:24:07", "elapsed": 23963.81634259224, "delta": 23.31054949760437}, "costs": {"total_cost": 1292.0019875659339, "time_cost": 150, "final_distance_cost": 64.30863307294776, "oscillation_cost": 114.09191621916861, "completition_cost": 888.8888888888888, "overshoot_cost": 39.60928078229281, "power_cost": 20.45195633544922, "noise_cost": 14.651312267186588, "n_waypoints_completed": 1, "tot_waypoints": 9}}
{"target": -252.6607672777994, "params": {"k_pid_pos": [1.9994854927062988, 0.9805936813354492, 0.13919350504875183], "k_pid_alt": [1.9718044996261597, 0.048959553241729736, 0.008671760559082031], "k_pid_att": [100.0, 0.40262728929519653, 0.9604554176330566], "k_pid_yaw": [0.5, 1e-06, 0.1], "k_pid_hsp": [9.790306091308594, 0.970388650894165, 0.001989990472793579], "k_pid_vsp": [32.52508544921875, 395.5527648925781, 25.591733932495117]}, "datetime": {"datetime": "2025-08-21 15:24:28", "elapsed": 23984.964613199234, "delta": 21.14827060699463}, "costs": {"total_cost": 252.6607672777994, "time_cost": 92.128, "final_distance_cost": 1.7913378341708979, "oscillation_cost": 70.4496444428263, "completition_cost": 0.0, "overshoot_cost": 62.19684628914224, "power_cost": 14.090468896484376, "noise_cost": 12.004469815175609, "n_waypoints_completed": 9, "tot_waypoints": 9}}
{"target": -1051.294869012257, "params": {"k_pid_pos": [2.0, 0.9868921041488647, 1.4901161193847656e-07], "k_pid_alt": [1.995197057723999, 1.0, 0.016547411680221558], "k_pid_att": [100.0, 0.23751454055309296, 0.977171778678894], "k_pid_yaw": [0.5, 1e-06, 0.1], "k_pid_hsp": [9.896917343139648, 0.9673634767532349, 0.012671411037445068], "k_pid_vsp": [6.668257713317871, 385.39764404296875, 7.904792785644531]}, "datetime": {"datetime": "2025-08-21 15:24:53", "elapsed": 24009.683979272842, "delta": 24.7193660736084}, "costs": {"total_cost": 1051.294869012257, "time_cost": 150, "final_distance_cost": 64.06681848060187, "oscillation_cost": 85.25932840940567, "completition_cost": 666.6666666666667, "overshoot_cost": 49.38578298993511, "power_cost": 21.347410583496096, "noise_cost": 14.56886188215163, "n_waypoints_completed": 3, "tot_waypoints": 9}}
{"target": -1365.300855532334, "params": {"k_pid_pos": [0.00011346997052896768, 0.997610330581665, 0.9999996423721313], "k_pid_alt": [1.9633610248565674, 1.0, 0.09570994973182678], "k_pid_att": [100.0, 0.30164939165115356, 0.9348747730255127], "k_pid_yaw": [0.5, 1e-06, 0.1], "k_pid_hsp": [9.828142166137695, 0.9661401510238647, 0.035892337560653687], "k_pid_vsp": [7.442784309387207, 375.3137512207031, 3.525198459625244]}, "datetime": {"datetime": "2025-08-21 15:25:16", "elapsed": 24033.075706005096, "delta": 23.39172673225403}, "costs": {"total_cost": 1365.300855532334, "time_cost": 150, "final_distance_cost": 63.82034073447472, "oscillation_cost": 189.2696512238104, "completition_cost": 888.8888888888888, "overshoot_cost": 37.8400702020993, "power_cost": 20.840978247070314, "noise_cost": 14.64092623599049, "n_waypoints_completed": 1, "tot_waypoints": 9}}
{"target": -727.0386219451051, "params": {"k_pid_pos": [1.999997615814209, 0.9960581660270691, 0.6758871674537659], "k_pid_alt": [1.95138680934906, 1.0, 0.003233194351196289], "k_pid_att": [99.16246032714844, 0.14287196099758148, 0.9811973571777344], "k_pid_yaw": [0.5, 1e-06, 0.1], "k_pid_hsp": [9.353219032287598, 0.9802936315536499, 0.005279093980789185], "k_pid_vsp": [25.970590591430664, 393.6173400878906, 6.1418304443359375]}, "datetime": {"datetime": "2025-08-21 15:25:40", "elapsed": 24056.569360494614, "delta": 23.493654489517212}, "costs": {"total_cost": 727.0386219451051, "time_cost": 150, "final_distance_cost": 54.14601276347839, "oscillation_cost": 102.07956428032392, "completition_cost": 333.33333333333337, "overshoot_cost": 51.867642644932296, "power_cost": 19.927809338378907, "noise_cost": 15.684259584658223, "n_waypoints_completed": 6, "tot_waypoints": 9}}
{"target": -1277.948138506517, "params": {"k_pid_pos": [2.0, 0.9546375274658203, 4.172325134277344e-07], "k_pid_alt": [1.8687505722045898, 1.0, 0.012420564889907837], "k_pid_att": [100.0, 0.02546718530356884, 0.935948371887207], "k_pid_yaw": [0.5, 1e-06, 0.1], "k_pid_hsp": [9.380650520324707, 0.9953845739364624, 0.05729743838310242], "k_pid_vsp": [10.51340103149414, 398.5038757324219, 5.715752601623535]}, "datetime": {"datetime": "2025-08-21 15:26:04", "elapsed": 24080.903405189514, "delta": 24.334044694900513}, "costs": {"total_cost": 1277.948138506517, "time_cost": 150, "final_distance_cost": 49.532716231709685, "oscillation_cost": 114.14536924510202, "completition_cost": 888.8888888888888, "overshoot_cost": 42.24117807584971, "power_cost": 19.22921375732422, "noise_cost": 13.910772307642526, "n_waypoints_completed": 1, "tot_waypoints": 9}}
