{"target": -558.0464335210742, "params": {"k_pid_pos": [2.0, 0.9709200859069824, 0.9999998807907104], "k_pid_alt": [1.9716651439666748, 1.0, 0.02866479754447937], "k_pid_att": [100.0, 0.3325496017932892, 0.919630765914917], "k_pid_yaw": [0.5, 1e-06, 0.1], "k_pid_hsp": [9.923134803771973, 0.9716693758964539, 0.010894447565078735], "k_pid_vsp": [2.695894241333008, 397.7522277832031, 38.71513748168945]}, "datetime": {"datetime": "2025-08-21 16:55:18", "elapsed": 29434.976967573166, "delta": 23.470316648483276}, "costs": {"total_cost": 558.0464335210742, "time_cost": 150, "final_distance_cost": 34.32121693836967, "oscillation_cost": 162.719755943597, "completition_cost": 111.11111111111116, "overshoot_cost": 58.687552947232284, "power_cost": 24.050662622070313, "noise_cost": 17.156133958693808, "n_waypoints_completed": 8, "tot_waypoints": 9}}
{"target": -1076.1076294413592, "params": {"k_pid_pos": [2.0, 0.9944175481796265, 0.0], "k_pid_alt": [1.950728178024292, 0.9999991655349731, 0.020849227905273438], "k_pid_att": [100.0, 0.19916321337223053, 0.789718747138977], "k_pid_yaw": [0.5, 1e-06, 0.1], "k_pid_hsp": [9.99078369140625, 0.9126468896865845, 0.024034082889556885], "k_pid_vsp": [8.57888412475586, 387.7607116699219, 6.0376057624816895]}, "datetime": {"datetime": "2025-08-21 16:55:42", "elapsed": 29459.278059482574, "delta": 24.30109190940857}, "costs": {"total_cost": 1076.1076294413592, "time_cost": 150, "final_distance_cost": 57.923650337554946, "oscillation_cost": 109.81281797350019, "completition_cost": 666.6666666666667, "overshoot_cost": 55.2775459473626, "power_cost": 20.729665881347657, "noise_cost": 15.69728263492691, "n_waypoints_completed": 3, "tot_waypoints": 9}}
{"target": -1195.1841290912705, "params": {"k_pid_pos": [2.0, 0.9917418956756592, 0.0], "k_pid_alt": [1.8603456020355225, 1.0, 0.1202649474143982], "k_pid_att": [100.0, 1.4887349605560303, 0.9809954166412354], "k_pid_yaw": [0.5, 1e-06, 0.1], "k_pid_hsp": [9.860196113586426, 0.9223693609237671, 0.020624250173568726], "k_pid_vsp": [2.9761791229248047, 391.9664001464844, 28.09223175048828]}, "datetime": {"datetime": "2025-08-21 16:56:05", "elapsed": 29482.082671642303, "delta": 22.804612159729004}, "costs": {"total_cost": 1195.1841290912705, "time_cost": 150, "final_distance_cost": 80.53730522362332, "oscillation_cost": 114.01864022713352, "completition_cost": 777.7777777777778, "overshoot_cost": 43.733468420099655, "power_cost": 16.593827416992188, "noise_cost": 12.523110025644254, "n_waypoints_completed": 2, "tot_waypoints": 9}}
{"target": -719.6645589688823, "params": {"k_pid_pos": [1.9999979734420776, 0.9862914681434631, 0.998879075050354], "k_pid_alt": [1.888217568397522, 1.0, 0.05754119157791138], "k_pid_att": [99.9765625, 0.25963538885116577, 0.9883373975753784], "k_pid_yaw": [0.5, 1e-06, 0.1], "k_pid_hsp": [9.784438133239746, 0.9859182834625244, 0.021628499031066895], "k_pid_vsp": [5.4955244064331055, 381.12030029296875, 1.1694083213806152]}, "datetime": {"datetime": "2025-08-21 16:56:30", "elapsed": 29507.35323858261, "delta": 25.270566940307617}, "costs": {"total_cost": 719.6645589688823, "time_cost": 150, "final_distance_cost": 72.35508522905437, "oscillation_cost": 179.74478007615002, "completition_cost": 222.2222222222222, "overshoot_cost": 53.98211269390277, "power_cost": 23.323771826171875, "noise_cost": 18.036586921381044, "n_waypoints_completed": 7, "tot_waypoints": 9}}
{"target": -583.7146367683467, "params": {"k_pid_pos": [2.0, 0.9838722944259644, 0.9776334166526794], "k_pid_alt": [1.8093667030334473, 1.0, 0.06722593307495117], "k_pid_att": [100.0, 0.011214366182684898, 0.9929166436195374], "k_pid_yaw": [0.5, 1e-06, 0.1], "k_pid_hsp": [9.76015567779541, 0.9667912125587463, 0.00951230525970459], "k_pid_vsp": [4.447579383850098, 393.8142395019531, 2.6884922981262207]}, "datetime": {"datetime": "2025-08-21 16:56:59", "elapsed": 29535.44945168495, "delta": 28.0962131023407}, "costs": {"total_cost": 583.7146367683467, "time_cost": 150, "final_distance_cost": 65.24103235217379, "oscillation_cost": 163.11240713332413, "completition_cost": 111.11111111111116, "overshoot_cost": 55.90497824632205, "power_cost": 21.77017261962891, "noise_cost": 16.574935305786777, "n_waypoints_completed": 8, "tot_waypoints": 9}}
{"target": -1192.335949808398, "params": {"k_pid_pos": [2.0, 0.9642186164855957, 0.0], "k_pid_alt": [1.9419174194335938, 1.0, 0.07414799928665161], "k_pid_att": [100.0, 0.0874151661992073, 0.9945316314697266], "k_pid_yaw": [0.5, 1e-06, 0.1], "k_pid_hsp": [9.912040710449219, 0.9892855882644653, 0.04725444316864014], "k_pid_vsp": [14.972936630249023, 398.48480224609375, 14.482653617858887]}, "datetime": {"datetime": "2025-08-21 16:57:24", "elapsed": 29560.75846171379, "delta": 25.30901002883911}, "costs": {"total_cost": 1192.335949808398, "time_cost": 150, "final_distance_cost": 82.5273281705449, "oscillation_cost": 106.36545014217482, "completition_cost": 777.7777777777778, "overshoot_cost": 41.58226506316444, "power_cost": 19.87373143310547, "noise_cost": 14.209397221630772, "n_waypoints_completed": 2, "tot_waypoints": 9}}
{"target": -848.014491751738, "params": {"k_pid_pos": [2.0, 0.9836851358413696, 0.9999949336051941], "k_pid_alt": [1.9898663759231567, 1.0, 0.009461283683776855], "k_pid_att": [99.22332763671875, 0.2295180708169937, 0.9308011531829834], "k_pid_yaw": [0.5, 1e-06, 0.1], "k_pid_hsp": [9.509786605834961, 0.9823933839797974, 0.005427420139312744], "k_pid_vsp": [20.240379333496094, 351.91802978515625, 7.514120101928711]}, "datetime": {"datetime": "2025-08-21 16:57:47", "elapsed": 29584.266650915146, "delta": 23.50818920135498}, "costs": {"total_cost": 848.014491751738, "time_cost": 150, "final_distance_cost": 48.913784981330686, "oscillation_cost": 118.13407078430645, "completition_cost": 444.4444444444444, "overshoot_cost": 50.0480190936536, "power_cost": 20.63343094482422, "noise_cost": 15.840741503178636, "n_waypoints_completed": 5, "tot_waypoints": 9}}
{"target": -1263.9345869085773, "params": {"k_pid_pos": [0.04092320799827576, 0.9276995062828064, 0.9996041059494019], "k_pid_alt": [1.8679251670837402, 0.9999853372573853, 0.07281410694122314], "k_pid_att": [100.0, 0.8246018886566162, 0.9831569194793701], "k_pid_yaw": [0.5, 1e-06, 0.1], "k_pid_hsp": [9.871106147766113, 0.9914705753326416, 0.022679001092910767], "k_pid_vsp": [3.161633014678955, 377.2890930175781, 5.857933521270752]}, "datetime": {"datetime": "2025-08-21 16:58:11", "elapsed": 29607.720224380493, "delta": 23.45357346534729}, "costs": {"total_cost": 1263.9345869085773, "time_cost": 150, "final_distance_cost": 89.20999672614239, "oscillation_cost": 156.168961468036, "completition_cost": 777.7777777777778, "overshoot_cost": 48.522095632920646, "power_cost": 25.05456239013672, "noise_cost": 17.201192913563947, "n_waypoints_completed": 2, "tot_waypoints": 9}}
{"target": -1271.2437564639406, "params": {"k_pid_pos": [2.0, 0.9662880897521973, 0.016023904085159302], "k_pid_alt": [1.9360575675964355, 1.0, 0.009372919797897339], "k_pid_att": [100.0, 0.2537152171134949, 0.9971506595611572], "k_pid_yaw": [0.5, 1e-06, 0.1], "k_pid_hsp": [9.939070701599121, 0.9891878366470337, 0.017738699913024902], "k_pid_vsp": [8.337413787841797, 392.0655212402344, 11.589027404785156]}, "datetime": {"datetime": "2025-08-21 16:58:34", "elapsed": 29631.18575644493, "delta": 23.465532064437866}, "costs": {"total_cost": 1271.2437564639406, "time_cost": 150, "final_distance_cost": 58.01822088797787, "oscillation_cost": 93.57323602960165, "completition_cost": 888.8888888888888, "overshoot_cost": 43.709094152064026, "power_cost": 22.038604614257814, "noise_cost": 15.015711891150396, "n_waypoints_completed": 1, "tot_waypoints": 9}}
{"target": -940.3803399950443, "params": {"k_pid_pos": [2.0, 0.984215497970581, 0.013242125511169434], "k_pid_alt": [1.9850492477416992, 1.0, 0.06772568821907043], "k_pid_att": [100.0, 0.10422588884830475, 0.875460147857666], "k_pid_yaw": [0.5, 1e-06, 0.1], "k_pid_hsp": [9.824712753295898, 0.9786196351051331, 0.011955201625823975], "k_pid_vsp": [1.2995123863220215, 395.46710205078125, 37.7487907409668]}, "datetime": {"datetime": "2025-08-21 16:58:58", "elapsed": 29655.01495909691, "delta": 23.82920265197754}, "costs": {"total_cost": 940.3803399950443, "time_cost": 150, "final_distance_cost": 39.377714764342315, "oscillation_cost": 99.9654320895563, "completition_cost": 555.5555555555555, "overshoot_cost": 59.09966282504215, "power_cost": 20.438245227050782, "noise_cost": 15.943729533497178, "n_waypoints_completed": 4, "tot_waypoints": 9}}
{"target": -1287.2433567482574, "params": {"k_pid_pos": [1.9999998807907104, 0.9621388912200928, 0.02449694275856018], "k_pid_alt": [1.9538886547088623, 1.0, 0.04084727168083191], "k_pid_att": [100.0, 0.020886017009615898, 0.8549374341964722], "k_pid_yaw": [0.5, 1e-06, 0.1], "k_pid_hsp": [9.759805679321289, 0.99814373254776, 0.022230476140975952], "k_pid_vsp": [1.6278743743896484, 396.8941345214844, 2.80208683013916]}, "datetime": {"datetime": "2025-08-21 16:59:23", "elapsed": 29680.125061511993, "delta": 25.11010241508484}, "costs": {"total_cost": 1287.2433567482574, "time_cost": 150, "final_distance_cost": 71.53430400458669, "oscillation_cost": 100.018554261075, "completition_cost": 888.8888888888888, "overshoot_cost": 42.01162986535131, "power_cost": 20.6075107421875, "noise_cost": 14.182468986168038, "n_waypoints_completed": 1, "tot_waypoints": 9}}
{"target": -1056.7935884711685, "params": {"k_pid_pos": [1.9993491172790527, 0.9952807426452637, 0.0021053552627563477], "k_pid_alt": [1.9762544631958008, 1.0, 0.05946075916290283], "k_pid_att": [100.0, 0.04531443864107132, 0.9891610145568848], "k_pid_yaw": [0.5, 1e-06, 0.1], "k_pid_hsp": [9.966917037963867, 0.997261106967926, 0.03356918692588806], "k_pid_vsp": [8.400297164916992, 399.325439453125, 8.585680961608887]}, "datetime": {"datetime": "2025-08-21 16:59:47", "elapsed": 29703.86603116989, "delta": 23.74096965789795}, "costs": {"total_cost": 1056.7935884711685, "time_cost": 150, "final_distance_cost": 56.817264544467086, "oscillation_cost": 88.80119336433367, "completition_cost": 666.6666666666667, "overshoot_cost": 51.845610368075896, "power_cost": 24.689971789550782, "noise_cost": 17.972881738074367, "n_waypoints_completed": 3, "tot_waypoints": 9}}
{"target": -725.4325294390002, "params": {"k_pid_pos": [2.0, 0.9669898748397827, 1.0], "k_pid_alt": [1.9942058324813843, 0.9999997615814209, 0.025452107191085815], "k_pid_att": [100.0, 0.08638937771320343, 0.9952943325042725], "k_pid_yaw": [0.5, 1e-06, 0.1], "k_pid_hsp": [9.950725555419922, 0.9652223587036133, 0.024298250675201416], "k_pid_vsp": [4.412961006164551, 372.83929443359375, 13.476420402526855]}, "datetime": {"datetime": "2025-08-21 17:00:11", "elapsed": 29727.9151160717, "delta": 24.049084901809692}, "costs": {"total_cost": 725.4325294390002, "time_cost": 150, "final_distance_cost": 67.60092701336434, "oscillation_cost": 195.42438823435398, "completition_cost": 222.2222222222222, "overshoot_cost": 55.3210898420538, "power_cost": 19.783214501953125, "noise_cost": 15.080687625052724, "n_waypoints_completed": 7, "tot_waypoints": 9}}
{"target": -887.1734175751959, "params": {"k_pid_pos": [2.0, 0.9721863269805908, 0.9920421242713928], "k_pid_alt": [1.9950101375579834, 1.0, 0.12451720237731934], "k_pid_att": [99.99996185302734, 0.10869798064231873, 0.9833947420120239], "k_pid_yaw": [0.5, 1e-06, 0.1], "k_pid_hsp": [9.565174102783203, 0.9935809373855591, 0.034653156995773315], "k_pid_vsp": [12.959742546081543, 382.9189758300781, 20.182361602783203]}, "datetime": {"datetime": "2025-08-21 17:00:34", "elapsed": 29750.656786203384, "delta": 22.74167013168335}, "costs": {"total_cost": 887.1734175751959, "time_cost": 150, "final_distance_cost": 62.05195678727619, "oscillation_cost": 138.6613221651066, "completition_cost": 444.4444444444444, "overshoot_cost": 51.14025074867143, "power_cost": 24.262369079589845, "noise_cost": 16.613074350107546, "n_waypoints_completed": 5, "tot_waypoints": 9}}
{"target": -1268.476108602583, "params": {"k_pid_pos": [2.0, 0.9754982590675354, 0.0], "k_pid_alt": [1.9697877168655396, 1.0, 0.02480703592300415], "k_pid_att": [100.0, 0.2272137701511383, 0.9407191872596741], "k_pid_yaw": [0.5, 1e-06, 0.1], "k_pid_hsp": [9.810567855834961, 0.9855364561080933, 0.030117392539978027], "k_pid_vsp": [6.51479959487915, 393.7265319824219, 11.961222648620605]}, "datetime": {"datetime": "2025-08-21 17:00:58", "elapsed": 29775.42623090744, "delta": 24.769444704055786}, "costs": {"total_cost": 1268.476108602583, "time_cost": 150, "final_distance_cost": 58.82220620582578, "oscillation_cost": 97.48459185520241, "completition_cost": 888.8888888888888, "overshoot_cost": 36.3349273566063, "power_cost": 21.83407099609375, "noise_cost": 15.111423299965967, "n_waypoints_completed": 1, "tot_waypoints": 9}}
{"target": -830.6209568732663, "params": {"k_pid_pos": [1.9997663497924805, 0.9968273639678955, 0.9875566363334656], "k_pid_alt": [1.975308895111084, 0.9999997615814209, 0.022264540195465088], "k_pid_att": [100.0, 0.4034337103366852, 0.9688795208930969], "k_pid_yaw": [0.5, 1e-06, 0.1], "k_pid_hsp": [9.953856468200684, 0.9909594655036926, 0.022956430912017822], "k_pid_vsp": [24.982309341430664, 391.0115661621094, 10.128499031066895]}, "datetime": {"datetime": "2025-08-21 17:01:24", "elapsed": 29800.617306232452, "delta": 25.191075325012207}, "costs": {"total_cost": 830.6209568732663, "time_cost": 150, "final_distance_cost": 53.67689684462145, "oscillation_cost": 206.89121321987565, "completition_cost": 333.33333333333337, "overshoot_cost": 53.40454891061944, "power_cost": 18.3619251953125, "noise_cost": 14.953039369503777, "n_waypoints_completed": 6, "tot_waypoints": 9}}
{"target": -377.3819555489287, "params": {"k_pid_pos": [2.0, 0.9906677007675171, 0.9999884366989136], "k_pid_alt": [1.9835121631622314, 0.9999970197677612, 0.024160712957382202], "k_pid_att": [91.8582763671875, 0.030718598514795303, 0.9901860356330872], "k_pid_yaw": [0.5, 1e-06, 0.1], "k_pid_hsp": [9.558852195739746, 0.9308264255523682, 0.09166115522384644], "k_pid_vsp": [37.297569274902344, 389.5474548339844, 1.0806689262390137]}, "datetime": {"datetime": "2025-08-21 17:01:47", "elapsed": 29823.958471536636, "delta": 23.34116530418396}, "costs": {"total_cost": 377.3819555489287, "time_cost": 99.256, "final_distance_cost": 1.7445005353803518, "oscillation_cost": 180.76746953086013, "completition_cost": 0.0, "overshoot_cost": 60.977493119972586, "power_cost": 18.91062281494141, "noise_cost": 15.725869547774279, "n_waypoints_completed": 9, "tot_waypoints": 9}}
{"target": -681.7015656508872, "params": {"k_pid_pos": [2.0, 0.9919970035552979, 1.0], "k_pid_alt": [1.955488920211792, 1.0, 0.007519364356994629], "k_pid_att": [100.0, 0.22004012763500214, 0.987754225730896], "k_pid_yaw": [0.5, 1e-06, 0.1], "k_pid_hsp": [9.910806655883789, 0.9687153100967407, 0.006682842969894409], "k_pid_vsp": [11.654556274414062, 396.1518249511719, 2.2023329734802246]}, "datetime": {"datetime": "2025-08-21 17:02:10", "elapsed": 29847.165803194046, "delta": 23.207331657409668}, "costs": {"total_cost": 681.7015656508872, "time_cost": 150, "final_distance_cost": 65.86989910652447, "oscillation_cost": 148.29365081827495, "completition_cost": 222.2222222222222, "overshoot_cost": 54.04024196348626, "power_cost": 23.626821044921876, "noise_cost": 17.648730495457553, "n_waypoints_completed": 7, "tot_waypoints": 9}}
{"target": -1371.7719898162834, "params": {"k_pid_pos": [2.0, 0.9904311895370483, 0.0015946626663208008], "k_pid_alt": [1.9663569927215576, 0.9999996423721313, 0.024272650480270386], "k_pid_att": [100.0, 0.2720470428466797, 0.9781856536865234], "k_pid_yaw": [0.5, 1e-06, 0.1], "k_pid_hsp": [9.74954891204834, 0.9853843450546265, 0.033627718687057495], "k_pid_vsp": [2.892160415649414, 387.7897644042969, 4.870582580566406]}, "datetime": {"datetime": "2025-08-21 17:02:34", "elapsed": 29871.050452947617, "delta": 23.884649753570557}, "costs": {"total_cost": 1371.7719898162834, "time_cost": 150, "final_distance_cost": 49.91557102817422, "oscillation_cost": 98.45146695435419, "completition_cost": 1000.0, "overshoot_cost": 39.195862157154046, "power_cost": 20.15174968261719, "noise_cost": 14.057339993983451, "n_waypoints_completed": 0, "tot_waypoints": 9}}
{"target": -1122.0501560273226, "params": {"k_pid_pos": [2.0, 0.9474774599075317, 1.0], "k_pid_alt": [1.928216814994812, 0.581525444984436, 0.023277342319488525], "k_pid_att": [100.0, 0.030378855764865875, 0.9914473295211792], "k_pid_yaw": [0.5, 1e-06, 0.1], "k_pid_hsp": [9.449427604675293, 0.9390963912010193, 0.029359936714172363], "k_pid_vsp": [15.114569664001465, 397.8914794921875, 0.5341182351112366]}, "datetime": {"datetime": "2025-08-21 17:02:58", "elapsed": 29894.640146017075, "delta": 23.589693069458008}, "costs": {"total_cost": 1122.0501560273226, "time_cost": 150, "final_distance_cost": 51.55893989000261, "oscillation_cost": 169.70920874126656, "completition_cost": 666.6666666666667, "overshoot_cost": 49.564743475308276, "power_cost": 19.820148767089844, "noise_cost": 14.730448486988442, "n_waypoints_completed": 3, "tot_waypoints": 9}}
{"target": -700.3323443705932, "params": {"k_pid_pos": [2.0, 0.9853817224502563, 1.0], "k_pid_alt": [1.970263957977295, 1.0, 0.012640148401260376], "k_pid_att": [100.0, 0.10439218580722809, 0.997301459312439], "k_pid_yaw": [0.5, 1e-06, 0.1], "k_pid_hsp": [9.92497730255127, 0.978314995765686, 0.003964096307754517], "k_pid_vsp": [4.757475852966309, 396.3081359863281, 18.131948471069336]}, "datetime": {"datetime": "2025-08-21 17:03:22", "elapsed": 29918.72603535652, "delta": 24.08588933944702}, "costs": {"total_cost": 700.3323443705932, "time_cost": 150, "final_distance_cost": 63.826031988798135, "oscillation_cost": 175.21416405582116, "completition_cost": 222.2222222222222, "overshoot_cost": 50.21665628593366, "power_cost": 21.889802380371094, "noise_cost": 16.963467437446944, "n_waypoints_completed": 7, "tot_waypoints": 9}}
{"target": -1328.772855030515, "params": {"k_pid_pos": [2.0, 0.9391971826553345, 1.817941665649414e-06], "k_pid_alt": [1.935840368270874, 1.0, 0.006937950849533081], "k_pid_att": [100.0, 0.22641567885875702, 0.9252710938453674], "k_pid_yaw": [0.5, 1e-06, 0.1], "k_pid_hsp": [9.536249160766602, 0.9569973945617676, 0.1161150336265564], "k_pid_vsp": [0.8375287055969238, 378.2210693359375, 2.6782641410827637]}, "datetime": {"datetime": "2025-08-21 17:03:46", "elapsed": 29942.53701019287, "delta": 23.810974836349487}, "costs": {"total_cost": 1328.772855030515, "time_cost": 150, "final_distance_cost": 77.12778603403095, "oscillation_cost": 132.56824352240454, "completition_cost": 888.8888888888888, "overshoot_cost": 40.004848923883735, "power_cost": 23.93730721435547, "noise_cost": 16.24578044695164, "n_waypoints_completed": 1, "tot_waypoints": 9}}
{"target": -840.1485402289817, "params": {"k_pid_pos": [2.0, 0.9939289689064026, 0.9999843835830688], "k_pid_alt": [1.9803656339645386, 1.0, 0.014795780181884766], "k_pid_att": [100.0, 1.0677974224090576, 0.8505122065544128], "k_pid_yaw": [0.5, 1e-06, 0.1], "k_pid_hsp": [9.962015151977539, 0.9884855151176453, 0.003811359405517578], "k_pid_vsp": [1.4155030250549316, 388.50714111328125, 10.662449836730957]}, "datetime": {"datetime": "2025-08-21 17:04:10", "elapsed": 29967.286834716797, "delta": 24.74982452392578}, "costs": {"total_cost": 840.1485402289817, "time_cost": 150, "final_distance_cost": 71.11915909815097, "oscillation_cost": 200.98120219563904, "completition_cost": 333.33333333333337, "overshoot_cost": 50.96262851465759, "power_cost": 19.55666932373047, "noise_cost": 14.195547763470284, "n_waypoints_completed": 6, "tot_waypoints": 9}}
{"target": -1342.2883039229207, "params": {"k_pid_pos": [2.0, 0.9673317670822144, 0.012460321187973022], "k_pid_alt": [1.9775326251983643, 1.0, 0.05765807628631592], "k_pid_att": [100.0, 0.5423880815505981, 0.9955990314483643], "k_pid_yaw": [0.5, 1e-06, 0.1], "k_pid_hsp": [9.662370681762695, 0.9735068082809448, 0.0009492933750152588], "k_pid_vsp": [5.909073352813721, 387.79400634765625, 3.206861972808838]}, "datetime": {"datetime": "2025-08-21 17:04:33", "elapsed": 29990.290875196457, "delta": 23.004040479660034}, "costs": {"total_cost": 1342.2883039229207, "time_cost": 150, "final_distance_cost": 20.34139510819671, "oscillation_cost": 62.2263138299579, "completition_cost": 1000.0, "overshoot_cost": 53.950887822052046, "power_cost": 30.26439117431641, "noise_cost": 25.50531598839763, "n_waypoints_completed": 0, "tot_waypoints": 9}}
{"target": -1167.6718473081578, "params": {"k_pid_pos": [1.9999206066131592, 0.9865456819534302, 0.8469526171684265], "k_pid_alt": [1.9730082750320435, 1.0, 0.0013946294784545898], "k_pid_att": [5.1667633056640625, 0.5861714482307434, 0.9883202910423279], "k_pid_yaw": [0.5, 1e-06, 0.1], "k_pid_hsp": [9.657146453857422, 0.8650423288345337, 0.010366380214691162], "k_pid_vsp": [14.950227737426758, 396.9283752441406, 20.784046173095703]}, "datetime": {"datetime": "2025-08-21 17:04:57", "elapsed": 30014.28241944313, "delta": 23.991544246673584}, "costs": {"total_cost": 1167.6718473081578, "time_cost": 150, "final_distance_cost": 83.70853721668983, "oscillation_cost": 74.78554395814854, "completition_cost": 777.7777777777778, "overshoot_cost": 42.88624138469426, "power_cost": 23.04033786621094, "noise_cost": 15.47340910463633, "n_waypoints_completed": 2, "tot_waypoints": 9}}
