{"target": -1402.637591676506, "params": {"k_pid_pos": [2.0, 0.9821329116821289, 1.0], "k_pid_alt": [1.9851385354995728, 1.0, 0.13839641213417053], "k_pid_att": [100.0, 0.07056539505720139, 0.9470347166061401], "k_pid_yaw": [0.5, 1e-06, 0.1], "k_pid_hsp": [9.910842895507812, 0.976993978023529, 0.04072314500808716], "k_pid_vsp": [3.3777475357055664, 396.7513122558594, 1.5673527717590332]}, "datetime": {"datetime": "2025-08-21 16:25:34", "elapsed": 27650.645700216293, "delta": 23.038044452667236}, "costs": {"total_cost": 1402.637591676506, "time_cost": 150, "final_distance_cost": 86.40163497265851, "oscillation_cost": 373.0708317024693, "completition_cost": 666.6666666666667, "overshoot_cost": 99.85490150138598, "power_cost": 14.579597583007812, "noise_cost": 12.063959250317637, "n_waypoints_completed": 3, "tot_waypoints": 9}}
{"target": -809.4170728902145, "params": {"k_pid_pos": [1.9999959468841553, 0.9948744177818298, 0.7525854110717773], "k_pid_alt": [1.9975595474243164, 1.0, 0.03840458393096924], "k_pid_att": [99.9988784790039, 0.15515248477458954, 0.8881700038909912], "k_pid_yaw": [0.5, 1e-06, 0.1], "k_pid_hsp": [9.695547103881836, 0.9676252603530884, 0.008634209632873535], "k_pid_vsp": [1.2427330017089844, 362.3617248535156, 3.8350114822387695]}, "datetime": {"datetime": "2025-08-21 16:25:58", "elapsed": 27674.881126880646, "delta": 24.235426664352417}, "costs": {"total_cost": 809.4170728902145, "time_cost": 150, "final_distance_cost": 60.63576992571361, "oscillation_cost": 178.28766037569153, "completition_cost": 333.33333333333337, "overshoot_cost": 55.596149906623644, "power_cost": 18.250745764160158, "noise_cost": 13.313413584692299, "n_waypoints_completed": 6, "tot_waypoints": 9}}
{"target": -330.2405013776015, "params": {"k_pid_pos": [1.9999897480010986, 0.9938054084777832, 1.0], "k_pid_alt": [1.9229083061218262, 0.999849259853363, 0.0327572226524353], "k_pid_att": [100.0, 0.08282922953367233, 0.9510951042175293], "k_pid_yaw": [0.5, 1e-06, 0.1], "k_pid_hsp": [9.881453514099121, 0.981598436832428, 0.004369676113128662], "k_pid_vsp": [26.185630798339844, 397.53326416015625, 7.162929534912109]}, "datetime": {"datetime": "2025-08-21 16:26:22", "elapsed": 27698.435194969177, "delta": 23.554068088531494}, "costs": {"total_cost": 330.2405013776015, "time_cost": 94.976, "final_distance_cost": 1.7930498699698343, "oscillation_cost": 141.22911584371218, "completition_cost": 0.0, "overshoot_cost": 59.11105653076069, "power_cost": 17.95537530517578, "noise_cost": 15.175903827983078, "n_waypoints_completed": 9, "tot_waypoints": 9}}
{"target": -649.6446154567318, "params": {"k_pid_pos": [2.0, 0.9587514996528625, 1.0], "k_pid_alt": [1.782500982284546, 1.0, 0.03252258896827698], "k_pid_att": [100.0, 0.03631989285349846, 0.9866197109222412], "k_pid_yaw": [0.5, 1e-06, 0.1], "k_pid_hsp": [9.669332504272461, 0.9985040426254272, 0.00910380482673645], "k_pid_vsp": [19.688987731933594, 396.140380859375, 6.492758750915527]}, "datetime": {"datetime": "2025-08-21 16:26:46", "elapsed": 27722.709594726562, "delta": 24.274399757385254}, "costs": {"total_cost": 649.6446154567318, "time_cost": 150, "final_distance_cost": 64.20088147804456, "oscillation_cost": 120.5624400085926, "completition_cost": 222.2222222222222, "overshoot_cost": 50.511169091120394, "power_cost": 24.137150976562502, "noise_cost": 18.01075168018948, "n_waypoints_completed": 7, "tot_waypoints": 9}}
{"target": -1035.3649665967355, "params": {"k_pid_pos": [2.0, 0.9651129245758057, 0.005991309881210327], "k_pid_alt": [1.9718565940856934, 1.0, 0.007913589477539062], "k_pid_att": [100.0, 0.030718300491571426, 0.9847135543823242], "k_pid_yaw": [0.5, 1e-06, 0.1], "k_pid_hsp": [8.977934837341309, 0.9874448776245117, 0.007550299167633057], "k_pid_vsp": [59.29192352294922, 396.2314453125, 117.37139129638672]}, "datetime": {"datetime": "2025-08-21 16:27:10", "elapsed": 27746.60711812973, "delta": 23.897523403167725}, "costs": {"total_cost": 1035.3649665967355, "time_cost": 150, "final_distance_cost": 55.9493070737391, "oscillation_cost": 57.54498472084062, "completition_cost": 666.6666666666667, "overshoot_cost": 54.04432627812974, "power_cost": 29.103695043945315, "noise_cost": 22.05598681341389, "n_waypoints_completed": 3, "tot_waypoints": 9}}
{"target": -1247.3856778937545, "params": {"k_pid_pos": [1.959262490272522, 0.9344553351402283, 1.0], "k_pid_alt": [1.9783612489700317, 1.0, 0.04414057731628418], "k_pid_att": [99.9912109375, 0.10937120765447617, 0.9971301555633545], "k_pid_yaw": [0.5, 1e-06, 0.1], "k_pid_hsp": [9.953722953796387, 0.9933246374130249, 0.008736073970794678], "k_pid_vsp": [11.984359741210938, 392.1446228027344, 11.022913932800293]}, "datetime": {"datetime": "2025-08-21 16:27:33", "elapsed": 27770.03204035759, "delta": 23.424922227859497}, "costs": {"total_cost": 1247.3856778937545, "time_cost": 150, "final_distance_cost": 55.124166532227434, "oscillation_cost": 212.13736824683033, "completition_cost": 666.6666666666667, "overshoot_cost": 133.33592798983724, "power_cost": 16.7739818359375, "noise_cost": 13.347566622255354, "n_waypoints_completed": 3, "tot_waypoints": 9}}
{"target": -1392.2256804595684, "params": {"k_pid_pos": [2.0, 0.904228150844574, 1.0], "k_pid_alt": [1.927917242050171, 0.9998652935028076, 0.13098347187042236], "k_pid_att": [0.3925621509552002, 0.18114431202411652, 0.9971702098846436], "k_pid_yaw": [0.5, 1e-06, 0.1], "k_pid_hsp": [9.876212120056152, 0.9872369766235352, 0.018266022205352783], "k_pid_vsp": [4.789626598358154, 398.0632629394531, 7.699645519256592]}, "datetime": {"datetime": "2025-08-21 16:27:57", "elapsed": 27793.502517700195, "delta": 23.47047734260559}, "costs": {"total_cost": 1392.2256804595684, "time_cost": 150, "final_distance_cost": 53.06434280275518, "oscillation_cost": 50.76723755035815, "completition_cost": 1000.0, "overshoot_cost": 97.0597527050828, "power_cost": 24.970943615722657, "noise_cost": 16.363403785649595, "n_waypoints_completed": 0, "tot_waypoints": 9}}
{"target": -873.8669770604282, "params": {"k_pid_pos": [1.9999991655349731, 0.9755228757858276, 0.9999856948852539], "k_pid_alt": [1.753206491470337, 0.9999894499778748, 0.027440905570983887], "k_pid_att": [100.0, 0.2542927861213684, 0.995136022567749], "k_pid_yaw": [0.5, 1e-06, 0.1], "k_pid_hsp": [9.86206340789795, 0.9446550607681274, 0.0010289549827575684], "k_pid_vsp": [2.5943398475646973, 397.4654846191406, 1.3553509712219238]}, "datetime": {"datetime": "2025-08-21 16:28:21", "elapsed": 27818.16469836235, "delta": 24.66218066215515}, "costs": {"total_cost": 873.8669770604282, "time_cost": 150, "final_distance_cost": 53.66744902447754, "oscillation_cost": 142.57305500087455, "completition_cost": 444.4444444444444, "overshoot_cost": 48.9496797791685, "power_cost": 19.341322521972657, "noise_cost": 14.89102628949058, "n_waypoints_completed": 5, "tot_waypoints": 9}}
{"target": -1260.9539040934453, "params": {"k_pid_pos": [1.999999761581421, 0.9846701622009277, 0.0004196465015411377], "k_pid_alt": [1.9105455875396729, 0.9999999403953552, 0.04800993204116821], "k_pid_att": [100.0, 0.08120740205049515, 0.9936920404434204], "k_pid_yaw": [0.5, 1e-06, 0.1], "k_pid_hsp": [9.934974670410156, 0.992085337638855, 0.009516298770904541], "k_pid_vsp": [8.881914138793945, 396.4928283691406, 17.80357551574707]}, "datetime": {"datetime": "2025-08-21 16:28:45", "elapsed": 27842.327574014664, "delta": 24.162875652313232}, "costs": {"total_cost": 1260.9539040934453, "time_cost": 150, "final_distance_cost": 54.345834669480574, "oscillation_cost": 93.30557633554065, "completition_cost": 888.8888888888888, "overshoot_cost": 40.83853163590837, "power_cost": 19.74100390625, "noise_cost": 13.834068657376921, "n_waypoints_completed": 1, "tot_waypoints": 9}}
{"target": -737.8676369323314, "params": {"k_pid_pos": [2.0, 0.9892799854278564, 0.9999982118606567], "k_pid_alt": [1.9674232006072998, 0.9996373653411865, 0.015217334032058716], "k_pid_att": [100.0, 0.3736022114753723, 0.9454885721206665], "k_pid_yaw": [0.5, 1e-06, 0.1], "k_pid_hsp": [9.979453086853027, 0.9940833449363708, 0.04313230514526367], "k_pid_vsp": [13.292825698852539, 393.7040100097656, 4.3092498779296875]}, "datetime": {"datetime": "2025-08-21 16:29:10", "elapsed": 27866.88420367241, "delta": 24.55662965774536}, "costs": {"total_cost": 737.8676369323314, "time_cost": 150, "final_distance_cost": 70.50953364676393, "oscillation_cost": 201.01974964254376, "completition_cost": 222.2222222222222, "overshoot_cost": 56.90681015119674, "power_cost": 21.203022705078126, "noise_cost": 16.006298564526556, "n_waypoints_completed": 7, "tot_waypoints": 9}}
{"target": -743.6672882470292, "params": {"k_pid_pos": [2.0, 0.9955977201461792, 0.3653891086578369], "k_pid_alt": [1.9690934419631958, 0.9999926090240479, 0.021310627460479736], "k_pid_att": [100.0, 1.150236964225769, 0.987842857837677], "k_pid_yaw": [0.5, 1e-06, 0.1], "k_pid_hsp": [9.546751976013184, 0.9917337894439697, 0.007725119590759277], "k_pid_vsp": [23.185562133789062, 397.4974060058594, 2.6431808471679688]}, "datetime": {"datetime": "2025-08-21 16:29:34", "elapsed": 27890.71383357048, "delta": 23.82962989807129}, "costs": {"total_cost": 743.6672882470292, "time_cost": 150, "final_distance_cost": 58.7187474769347, "oscillation_cost": 76.17050480464383, "completition_cost": 333.33333333333337, "overshoot_cost": 74.87050018079864, "power_cost": 26.29520504150391, "noise_cost": 24.278997409814835, "n_waypoints_completed": 6, "tot_waypoints": 9}}
{"target": -331.7652746594003, "params": {"k_pid_pos": [2.0, 0.8486495018005371, 0.9999820590019226], "k_pid_alt": [1.9852664470672607, 1.0, 0.04690137505531311], "k_pid_att": [99.95206451416016, 0.30882957577705383, 0.9880170822143555], "k_pid_yaw": [0.5, 1e-06, 0.1], "k_pid_hsp": [9.563200950622559, 0.9961618781089783, 0.00823095440864563], "k_pid_vsp": [14.6947021484375, 391.8956604003906, 5.193830490112305]}, "datetime": {"datetime": "2025-08-21 16:29:56", "elapsed": 27912.80268931389, "delta": 22.088855743408203}, "costs": {"total_cost": 331.7652746594003, "time_cost": 93.648, "final_distance_cost": 1.714206345124164, "oscillation_cost": 141.8684891629131, "completition_cost": 0.0, "overshoot_cost": 55.00803815015057, "power_cost": 22.146824340820313, "noise_cost": 17.379716660392102, "n_waypoints_completed": 9, "tot_waypoints": 9}}
{"target": -840.9919958004286, "params": {"k_pid_pos": [2.0, 0.934917151927948, 1.0], "k_pid_alt": [1.9789050817489624, 0.9999940395355225, 0.22606560587882996], "k_pid_att": [100.0, 1.37289297580719, 0.9664485454559326], "k_pid_yaw": [0.5, 1e-06, 0.1], "k_pid_hsp": [9.94763469696045, 0.856988251209259, 0.021598637104034424], "k_pid_vsp": [8.555709838867188, 388.8078308105469, 4.69718074798584]}, "datetime": {"datetime": "2025-08-21 16:30:20", "elapsed": 27936.900784492493, "delta": 24.098095178604126}, "costs": {"total_cost": 840.9919958004286, "time_cost": 150, "final_distance_cost": 67.92310300189514, "oscillation_cost": 202.08013824453363, "completition_cost": 333.33333333333337, "overshoot_cost": 52.81064046223823, "power_cost": 19.65609266357422, "noise_cost": 15.188688094854106, "n_waypoints_completed": 6, "tot_waypoints": 9}}
{"target": -1378.5689752977353, "params": {"k_pid_pos": [2.0, 0.9900383949279785, 0.00011557340621948242], "k_pid_alt": [1.9943523406982422, 1.0, 0.01514539122581482], "k_pid_att": [100.0, 0.21159841120243073, 0.9812831282615662], "k_pid_yaw": [0.5, 1e-06, 0.1], "k_pid_hsp": [9.846686363220215, 0.9916499853134155, 0.024948149919509888], "k_pid_vsp": [20.634424209594727, 391.4622802734375, 1.4136323928833008]}, "datetime": {"datetime": "2025-08-21 16:30:43", "elapsed": 27960.38693833351, "delta": 23.486153841018677}, "costs": {"total_cost": 1378.5689752977353, "time_cost": 150, "final_distance_cost": 52.42301040946835, "oscillation_cost": 102.16508168034395, "completition_cost": 1000.0, "overshoot_cost": 41.371692514440156, "power_cost": 18.87611394042969, "noise_cost": 13.73307675305319, "n_waypoints_completed": 0, "tot_waypoints": 9}}
{"target": -544.2164966365293, "params": {"k_pid_pos": [2.0, 0.937580943107605, 1.0], "k_pid_alt": [1.7939764261245728, 0.9999996423721313, 0.060449421405792236], "k_pid_att": [100.0, 0.016108455136418343, 0.9977800846099854], "k_pid_yaw": [0.5, 1e-06, 0.1], "k_pid_hsp": [9.55233097076416, 0.9827511310577393, 0.006977707147598267], "k_pid_vsp": [7.729196548461914, 393.93145751953125, 18.002857208251953]}, "datetime": {"datetime": "2025-08-21 16:31:08", "elapsed": 27985.12298822403, "delta": 24.73604989051819}, "costs": {"total_cost": 544.2164966365293, "time_cost": 150, "final_distance_cost": 67.1236020376492, "oscillation_cost": 116.12146290167759, "completition_cost": 111.11111111111116, "overshoot_cost": 52.674728215620384, "power_cost": 27.34121961669922, "noise_cost": 19.84437275377168, "n_waypoints_completed": 8, "tot_waypoints": 9}}
{"target": -938.3310705388582, "params": {"k_pid_pos": [2.0, 0.999180793762207, 0.4128769040107727], "k_pid_alt": [1.9731754064559937, 1.0, 0.004895120859146118], "k_pid_att": [100.0, 0.18157018721103668, 0.991389811038971], "k_pid_yaw": [0.5, 1e-06, 0.1], "k_pid_hsp": [9.484889030456543, 0.9917003512382507, 0.013937383890151978], "k_pid_vsp": [29.542505264282227, 398.94403076171875, 3.323782444000244]}, "datetime": {"datetime": "2025-08-21 16:31:32", "elapsed": 28008.501972198486, "delta": 23.378983974456787}, "costs": {"total_cost": 938.3310705388582, "time_cost": 150, "final_distance_cost": 49.27439880763213, "oscillation_cost": 89.66909977516542, "completition_cost": 555.5555555555555, "overshoot_cost": 58.05198259236733, "power_cost": 19.713768896484375, "noise_cost": 16.066264911653363, "n_waypoints_completed": 4, "tot_waypoints": 9}}
{"target": -4495.798062172332, "params": {"k_pid_pos": [2.0, 0.9660400152206421, 0.0], "k_pid_alt": [1.9927518367767334, 1.0, 0.016256064176559448], "k_pid_att": [2.9802322387695312e-05, 0.15754856169223785, 0.9013274908065796], "k_pid_yaw": [0.5, 1e-06, 0.1], "k_pid_hsp": [9.951423645019531, 0.9949091672897339, 0.009606093168258667], "k_pid_vsp": [5.855131149291992, 390.6116943359375, 2.442575454711914]}, "datetime": {"datetime": "2025-08-21 16:31:55", "elapsed": 28032.414603471756, "delta": 23.912631273269653}, "costs": {"total_cost": 4495.798062172332, "time_cost": 150, "final_distance_cost": 1013.2581188455339, "oscillation_cost": 242.92382062093213, "completition_cost": 1000.0, "overshoot_cost": 1969.7131902392769, "power_cost": 34.50582010498047, "noise_cost": 85.39711236160878, "n_waypoints_completed": 0, "tot_waypoints": 9}}
{"target": -1191.6095407041498, "params": {"k_pid_pos": [1.999999761581421, 0.9867011904716492, 0.0002944469451904297], "k_pid_alt": [1.9951879978179932, 1.0, 0.05260026454925537], "k_pid_att": [100.0, 0.15710122883319855, 0.9866466522216797], "k_pid_yaw": [0.5, 1e-06, 0.1], "k_pid_hsp": [9.895331382751465, 0.9766885042190552, 0.007689416408538818], "k_pid_vsp": [2.8083324432373047, 385.2301940917969, 39.161956787109375]}, "datetime": {"datetime": "2025-08-21 16:32:18", "elapsed": 28055.251354932785, "delta": 22.836751461029053}, "costs": {"total_cost": 1191.6095407041498, "time_cost": 150, "final_distance_cost": 94.1204539443498, "oscillation_cost": 94.15475868454728, "completition_cost": 777.7777777777778, "overshoot_cost": 41.068450232470624, "power_cost": 20.19528017578125, "noise_cost": 14.292819889223098, "n_waypoints_completed": 2, "tot_waypoints": 9}}
{"target": -584.4574688105695, "params": {"k_pid_pos": [2.0, 0.8668805956840515, 0.999194860458374], "k_pid_alt": [1.974745750427246, 1.0, 0.0019530951976776123], "k_pid_att": [100.0, 0.3727447986602783, 0.9766415357589722], "k_pid_yaw": [0.5, 1e-06, 0.1], "k_pid_hsp": [9.92524528503418, 0.9803886413574219, 0.014575392007827759], "k_pid_vsp": [14.93692398071289, 387.9615783691406, 0.9353886246681213]}, "datetime": {"datetime": "2025-08-21 16:32:42", "elapsed": 28078.67686843872, "delta": 23.42551350593567}, "costs": {"total_cost": 584.4574688105695, "time_cost": 150, "final_distance_cost": 65.65300560493678, "oscillation_cost": 158.3459285194007, "completition_cost": 111.11111111111116, "overshoot_cost": 55.94306757955784, "power_cost": 24.80702996826172, "noise_cost": 18.597326027301303, "n_waypoints_completed": 8, "tot_waypoints": 9}}
{"target": -1188.5499839226416, "params": {"k_pid_pos": [2.0, 0.9747579097747803, 4.965066909790039e-05], "k_pid_alt": [1.9612460136413574, 0.9995670914649963, 0.014522641897201538], "k_pid_att": [100.0, 0.2730248272418976, 0.835099458694458], "k_pid_yaw": [0.5, 1e-06, 0.1], "k_pid_hsp": [9.437005996704102, 0.9840458631515503, 0.037663668394088745], "k_pid_vsp": [9.516084671020508, 395.14984130859375, 12.230158805847168]}, "datetime": {"datetime": "2025-08-21 16:33:05", "elapsed": 28102.325964450836, "delta": 23.64909601211548}, "costs": {"total_cost": 1188.5499839226416, "time_cost": 150, "final_distance_cost": 83.57054202429765, "oscillation_cost": 96.40234634883096, "completition_cost": 777.7777777777778, "overshoot_cost": 41.19174496172165, "power_cost": 23.534834228515628, "noise_cost": 16.072738581497813, "n_waypoints_completed": 2, "tot_waypoints": 9}}
{"target": -287.6503617874536, "params": {"k_pid_pos": [2.0, 0.9812615513801575, 0.998949408531189], "k_pid_alt": [1.9219613075256348, 0.0167691707611084, 0.03808552026748657], "k_pid_att": [100.0, 0.10801104456186295, 0.9896190166473389], "k_pid_yaw": [0.5, 1e-06, 0.1], "k_pid_hsp": [9.95240592956543, 0.865544319152832, 0.007302314043045044], "k_pid_vsp": [3.452169895172119, 394.464111328125, 34.02321243286133]}, "datetime": {"datetime": "2025-08-21 16:33:25", "elapsed": 28121.928735494614, "delta": 19.602771043777466}, "costs": {"total_cost": 287.6503617874536, "time_cost": 81.36, "final_distance_cost": 1.725181287990714, "oscillation_cost": 121.43384201357536, "completition_cost": 0.0, "overshoot_cost": 50.51971929237287, "power_cost": 18.53518466796875, "noise_cost": 14.076434525545938, "n_waypoints_completed": 9, "tot_waypoints": 9}}
{"target": -1083.1600654243407, "params": {"k_pid_pos": [2.0, 0.9907890558242798, 1.0], "k_pid_alt": [1.7077956199645996, 1.0, 0.05551978945732117], "k_pid_att": [100.0, 0.4986029267311096, 0.9797922372817993], "k_pid_yaw": [0.5, 1e-06, 0.1], "k_pid_hsp": [9.505709648132324, 0.9350597858428955, 0.11368346214294434], "k_pid_vsp": [7.407891750335693, 397.1751403808594, 4.609490394592285]}, "datetime": {"datetime": "2025-08-21 16:33:49", "elapsed": 28145.546842098236, "delta": 23.618106603622437}, "costs": {"total_cost": 1083.1600654243407, "time_cost": 150, "final_distance_cost": 44.440562395946614, "oscillation_cost": 202.25269528095382, "completition_cost": 555.5555555555555, "overshoot_cost": 80.90609471892687, "power_cost": 28.51683292236328, "noise_cost": 21.488324550594456, "n_waypoints_completed": 4, "tot_waypoints": 9}}
{"target": -718.4880252982483, "params": {"k_pid_pos": [2.0, 0.9975202679634094, 0.9823145866394043], "k_pid_alt": [1.996002435684204, 1.0, 0.16246891021728516], "k_pid_att": [100.0, 0.04934963583946228, 0.929006040096283], "k_pid_yaw": [0.5, 1e-06, 0.1], "k_pid_hsp": [9.875558853149414, 0.946215808391571, 0.035736799240112305], "k_pid_vsp": [6.981933116912842, 386.6255187988281, 16.401269912719727]}, "datetime": {"datetime": "2025-08-21 16:34:13", "elapsed": 28169.504048347473, "delta": 23.95720624923706}, "costs": {"total_cost": 718.4880252982483, "time_cost": 150, "final_distance_cost": 67.67391934828552, "oscillation_cost": 177.57214016827686, "completition_cost": 222.2222222222222, "overshoot_cost": 56.32631570054686, "power_cost": 24.979618652343753, "noise_cost": 19.713809206573206, "n_waypoints_completed": 7, "tot_waypoints": 9}}
{"target": -1077.2052476202841, "params": {"k_pid_pos": [2.0, 0.9886798858642578, 0.5816398859024048], "k_pid_alt": [1.9820175170898438, 1.0, 0.015258938074111938], "k_pid_att": [100.0, 0.21333229541778564, 0.9947984218597412], "k_pid_yaw": [0.5, 1e-06, 0.1], "k_pid_hsp": [9.895500183105469, 0.9830155372619629, 0.013179302215576172], "k_pid_vsp": [6.3636064529418945, 396.3509216308594, 2.685059070587158]}, "datetime": {"datetime": "2025-08-21 16:34:40", "elapsed": 28197.07855606079, "delta": 27.57450771331787}, "costs": {"total_cost": 1077.2052476202841, "time_cost": 150, "final_distance_cost": 54.3406402751872, "oscillation_cost": 123.02573207551158, "completition_cost": 666.6666666666667, "overshoot_cost": 47.85484637302956, "power_cost": 20.772997424316408, "noise_cost": 14.544364805572412, "n_waypoints_completed": 3, "tot_waypoints": 9}}
{"target": -1367.6677272119891, "params": {"k_pid_pos": [2.0, 0.9829070568084717, 0.062348127365112305], "k_pid_alt": [1.9973576068878174, 1.0, 0.004466503858566284], "k_pid_att": [100.0, 0.09965604543685913, 0.9657952189445496], "k_pid_yaw": [0.5, 1e-06, 0.1], "k_pid_hsp": [9.755690574645996, 0.972091794013977, 0.04891711473464966], "k_pid_vsp": [70.39468383789062, 398.4512023925781, 12.665797233581543]}, "datetime": {"datetime": "2025-08-21 16:35:05", "elapsed": 28221.72345304489, "delta": 24.644896984100342}, "costs": {"total_cost": 1367.6677272119891, "time_cost": 150, "final_distance_cost": 43.834845674432, "oscillation_cost": 96.43172612977226, "completition_cost": 1000.0, "overshoot_cost": 38.61592129978816, "power_cost": 22.930023669433595, "noise_cost": 15.855210438563077, "n_waypoints_completed": 0, "tot_waypoints": 9}}
