{"target": -786.6405817732517, "params": {"k_pid_pos": [2.0, 0.9752840995788574, 0.9999998807907104], "k_pid_alt": [1.975317120552063, 1.0, 0.02029600739479065], "k_pid_att": [100.0, 0.4735504388809204, 0.9627233147621155], "k_pid_yaw": [0.5, 1e-06, 0.1], "k_pid_hsp": [9.941764831542969, 0.9798413515090942, 0.003984123468399048], "k_pid_vsp": [10.505331039428711, 352.51666259765625, 3.3806095123291016]}, "datetime": {"datetime": "2025-08-21 19:55:38", "elapsed": 40254.84934234619, "delta": 23.22341752052307}, "costs": {"total_cost": 786.6405817732517, "time_cost": 150, "final_distance_cost": 61.47636958690325, "oscillation_cost": 146.01605781443456, "completition_cost": 333.33333333333337, "overshoot_cost": 55.75960333327255, "power_cost": 23.128028955078126, "noise_cost": 16.927188750229888, "n_waypoints_completed": 6, "tot_waypoints": 9}}
{"target": -680.2211589015031, "params": {"k_pid_pos": [2.0, 0.9905826449394226, 0.999993085861206], "k_pid_alt": [1.9596147537231445, 1.0, 0.002393662929534912], "k_pid_att": [100.0, 0.08542438596487045, 0.9964255690574646], "k_pid_yaw": [0.5, 1e-06, 0.1], "k_pid_hsp": [9.78646183013916, 0.9781918525695801, 0.0040017664432525635], "k_pid_vsp": [4.531383514404297, 390.24456787109375, 0.6241212487220764]}, "datetime": {"datetime": "2025-08-21 19:56:01", "elapsed": 40278.03263068199, "delta": 23.18328833580017}, "costs": {"total_cost": 680.2211589015031, "time_cost": 150, "final_distance_cost": 64.93502338840706, "oscillation_cost": 150.00385994468786, "completition_cost": 222.2222222222222, "overshoot_cost": 55.87237840198265, "power_cost": 22.047108325195314, "noise_cost": 15.140566619008043, "n_waypoints_completed": 7, "tot_waypoints": 9}}
{"target": -923.4598468762133, "params": {"k_pid_pos": [2.0, 0.9863085746765137, 0.17053687572479248], "k_pid_alt": [1.9227111339569092, 1.0, 0.008793652057647705], "k_pid_att": [100.0, 0.22700099647045135, 0.997146725654602], "k_pid_yaw": [0.5, 1e-06, 0.1], "k_pid_hsp": [9.815546035766602, 0.9729315042495728, 0.0070878565311431885], "k_pid_vsp": [1.3841867446899414, 388.1444091796875, 3.3198366165161133]}, "datetime": {"datetime": "2025-08-21 19:56:26", "elapsed": 40302.651473522186, "delta": 24.618842840194702}, "costs": {"total_cost": 923.4598468762133, "time_cost": 150, "final_distance_cost": 41.3256198736394, "oscillation_cost": 88.62609556080771, "completition_cost": 555.5555555555555, "overshoot_cost": 55.37271456004646, "power_cost": 18.543544360351564, "noise_cost": 14.036316965812562, "n_waypoints_completed": 4, "tot_waypoints": 9}}
{"target": -527.5077321658794, "params": {"k_pid_pos": [2.0, 0.977279007434845, 1.0], "k_pid_alt": [1.981303334236145, 1.0, 0.004176050424575806], "k_pid_att": [100.0, 0.21538236737251282, 0.9713879823684692], "k_pid_yaw": [0.5, 1e-06, 0.1], "k_pid_hsp": [9.483332633972168, 0.9891067743301392, 0.015100300312042236], "k_pid_vsp": [6.9518327713012695, 398.66064453125, 4.05790901184082]}, "datetime": {"datetime": "2025-08-21 19:56:49", "elapsed": 40325.67555642128, "delta": 23.024082899093628}, "costs": {"total_cost": 527.5077321658794, "time_cost": 150, "final_distance_cost": 7.101056775230672, "oscillation_cost": 156.0904248838029, "completition_cost": 111.11111111111116, "overshoot_cost": 60.687665001104996, "power_cost": 23.831135705566407, "noise_cost": 18.686338689063206, "n_waypoints_completed": 8, "tot_waypoints": 9}}
{"target": -690.1977831405287, "params": {"k_pid_pos": [2.0, 0.9756794571876526, 1.0], "k_pid_alt": [1.9900997877120972, 1.0, 0.0748344361782074], "k_pid_att": [99.99994659423828, 0.1703902631998062, 0.9896498918533325], "k_pid_yaw": [0.5, 1e-06, 0.1], "k_pid_hsp": [9.74272632598877, 0.9690349102020264, 0.0050220489501953125], "k_pid_vsp": [12.657249450683594, 395.6864318847656, 0.9550462365150452]}, "datetime": {"datetime": "2025-08-21 19:57:14", "elapsed": 40351.12803649902, "delta": 25.45248007774353}, "costs": {"total_cost": 690.1977831405287, "time_cost": 150, "final_distance_cost": 65.50641681904727, "oscillation_cost": 166.03132434028677, "completition_cost": 222.2222222222222, "overshoot_cost": 52.67251120721515, "power_cost": 19.795514086914064, "noise_cost": 13.969794464843321, "n_waypoints_completed": 7, "tot_waypoints": 9}}
{"target": -1328.0390567926195, "params": {"k_pid_pos": [2.0, 0.9950029850006104, 0.036287546157836914], "k_pid_alt": [1.9818167686462402, 1.0, 0.009309083223342896], "k_pid_att": [100.0, 0.06747015565633774, 0.9886447787284851], "k_pid_yaw": [0.5, 1e-06, 0.1], "k_pid_hsp": [9.768247604370117, 0.9834772348403931, 0.007716387510299683], "k_pid_vsp": [6.904435157775879, 394.218017578125, 157.6768798828125]}, "datetime": {"datetime": "2025-08-21 19:57:37", "elapsed": 40374.12932777405, "delta": 23.001291275024414}, "costs": {"total_cost": 1328.0390567926195, "time_cost": 150, "final_distance_cost": 44.02593713662083, "oscillation_cost": 58.53171768933471, "completition_cost": 1000.0, "overshoot_cost": 37.94197559796615, "power_cost": 21.70587694091797, "noise_cost": 15.83354942777982, "n_waypoints_completed": 0, "tot_waypoints": 9}}
{"target": -819.2068339240694, "params": {"k_pid_pos": [2.0, 0.9744974970817566, 1.0], "k_pid_alt": [1.981499195098877, 1.0, 0.02294573187828064], "k_pid_att": [100.0, 0.1870841532945633, 0.986972451210022], "k_pid_yaw": [0.5, 1e-06, 0.1], "k_pid_hsp": [9.844944953918457, 0.9737989902496338, 0.01117512583732605], "k_pid_vsp": [0.37822723388671875, 398.23199462890625, 9.552980422973633]}, "datetime": {"datetime": "2025-08-21 19:58:02", "elapsed": 40398.758915662766, "delta": 24.62958788871765}, "costs": {"total_cost": 819.2068339240694, "time_cost": 150, "final_distance_cost": 63.50212095094379, "oscillation_cost": 179.3187175237103, "completition_cost": 333.33333333333337, "overshoot_cost": 51.72086848744872, "power_cost": 24.336274377441406, "noise_cost": 16.995519251191816, "n_waypoints_completed": 6, "tot_waypoints": 9}}
{"target": -1208.3619401120745, "params": {"k_pid_pos": [2.0, 0.9495437145233154, 0.5210620760917664], "k_pid_alt": [1.9855172634124756, 1.0, 0.044543325901031494], "k_pid_att": [100.0, 0.2445293515920639, 0.977648138999939], "k_pid_yaw": [0.5, 1e-06, 0.1], "k_pid_hsp": [9.44601058959961, 0.9621485471725464, 0.007612794637680054], "k_pid_vsp": [3.6687374114990234, 380.05792236328125, 11.784697532653809]}, "datetime": {"datetime": "2025-08-21 19:58:27", "elapsed": 40423.567727565765, "delta": 24.808811902999878}, "costs": {"total_cost": 1208.3619401120745, "time_cost": 150, "final_distance_cost": 70.91564198174197, "oscillation_cost": 135.9181479821618, "completition_cost": 777.7777777777778, "overshoot_cost": 45.179074913992444, "power_cost": 16.202487646484375, "noise_cost": 12.368809809916137, "n_waypoints_completed": 2, "tot_waypoints": 9}}
{"target": -953.8054416555099, "params": {"k_pid_pos": [2.0, 0.9601510763168335, 0.15915995836257935], "k_pid_alt": [1.9986109733581543, 1.0, 0.0128001868724823], "k_pid_att": [100.0, 0.06817527860403061, 0.9969679117202759], "k_pid_yaw": [0.5, 1e-06, 0.1], "k_pid_hsp": [9.67099666595459, 0.978095531463623, 0.017831385135650635], "k_pid_vsp": [4.6150922775268555, 397.42755126953125, 5.733836650848389]}, "datetime": {"datetime": "2025-08-21 19:58:51", "elapsed": 40448.35511636734, "delta": 24.787388801574707}, "costs": {"total_cost": 953.8054416555099, "time_cost": 150, "final_distance_cost": 52.673599885338646, "oscillation_cost": 95.91884258483952, "completition_cost": 555.5555555555555, "overshoot_cost": 61.448318971424754, "power_cost": 22.63227205810547, "noise_cost": 15.57685260024589, "n_waypoints_completed": 4, "tot_waypoints": 9}}
{"target": -704.2114371333452, "params": {"k_pid_pos": [2.0, 0.9722648859024048, 1.0], "k_pid_alt": [1.9428075551986694, 1.0, 0.01715308427810669], "k_pid_att": [100.0, 0.04390808194875717, 0.996974527835846], "k_pid_yaw": [0.5, 1e-06, 0.1], "k_pid_hsp": [9.924717903137207, 0.9775683879852295, 0.049449265003204346], "k_pid_vsp": [7.826602458953857, 395.94677734375, 2.7208456993103027]}, "datetime": {"datetime": "2025-08-21 19:59:15", "elapsed": 40471.44888758659, "delta": 23.09377121925354}, "costs": {"total_cost": 704.2114371333452, "time_cost": 150, "final_distance_cost": 66.08457091242099, "oscillation_cost": 170.3002440264491, "completition_cost": 222.2222222222222, "overshoot_cost": 54.72742705146545, "power_cost": 24.38992263183594, "noise_cost": 16.487050288951412, "n_waypoints_completed": 7, "tot_waypoints": 9}}
{"target": -857.8038546104631, "params": {"k_pid_pos": [2.0, 0.9891799092292786, 1.0], "k_pid_alt": [1.9437187910079956, 1.0, 0.012493818998336792], "k_pid_att": [100.0, 0.03964788466691971, 0.989311933517456], "k_pid_yaw": [0.5, 1e-06, 0.1], "k_pid_hsp": [9.901715278625488, 0.9915640354156494, 0.007278919219970703], "k_pid_vsp": [2.1556973457336426, 393.1159973144531, 2.9437789916992188]}, "datetime": {"datetime": "2025-08-21 19:59:40", "elapsed": 40496.84294509888, "delta": 25.394057512283325}, "costs": {"total_cost": 857.8038546104631, "time_cost": 150, "final_distance_cost": 67.47406297391872, "oscillation_cost": 217.35524970863767, "completition_cost": 333.33333333333337, "overshoot_cost": 52.801555409601015, "power_cost": 20.567971228027346, "noise_cost": 16.27168195694488, "n_waypoints_completed": 6, "tot_waypoints": 9}}
{"target": -1086.9728534512933, "params": {"k_pid_pos": [2.0, 0.9783616662025452, 0.9992085099220276], "k_pid_alt": [1.9925284385681152, 1.0, 0.03387996554374695], "k_pid_att": [100.0, 0.8794528245925903, 0.9886579513549805], "k_pid_yaw": [0.5, 1e-06, 0.1], "k_pid_hsp": [9.560373306274414, 0.991832971572876, 0.00424724817276001], "k_pid_vsp": [7.446575164794922, 394.1092224121094, 40.82281494140625]}, "datetime": {"datetime": "2025-08-21 20:00:04", "elapsed": 40520.58933734894, "delta": 23.746392250061035}, "costs": {"total_cost": 1086.9728534512933, "time_cost": 150, "final_distance_cost": 54.12677430913782, "oscillation_cost": 133.2346741027634, "completition_cost": 666.6666666666667, "overshoot_cost": 48.940909256194495, "power_cost": 19.757280725097658, "noise_cost": 14.246548391433171, "n_waypoints_completed": 3, "tot_waypoints": 9}}
{"target": -855.0509553845415, "params": {"k_pid_pos": [2.0, 0.9969765543937683, 1.0], "k_pid_alt": [1.9815342426300049, 1.0, 0.02609112858772278], "k_pid_att": [99.99906921386719, 1.7602317333221436, 0.9922503232955933], "k_pid_yaw": [0.5, 1e-06, 0.1], "k_pid_hsp": [9.906024932861328, 0.9854279160499573, 0.0325377881526947], "k_pid_vsp": [20.073486328125, 398.200927734375, 12.037826538085938]}, "datetime": {"datetime": "2025-08-21 20:00:28", "elapsed": 40545.41648244858, "delta": 24.827145099639893}, "costs": {"total_cost": 855.0509553845415, "time_cost": 150, "final_distance_cost": 81.55204803465006, "oscillation_cost": 202.26631875193473, "completition_cost": 333.33333333333337, "overshoot_cost": 48.645911669801635, "power_cost": 21.849035656738284, "noise_cost": 17.404307938083466, "n_waypoints_completed": 6, "tot_waypoints": 9}}
{"target": -1050.0298016649133, "params": {"k_pid_pos": [2.0, 0.99562007188797, 0.00047510862350463867], "k_pid_alt": [1.943505883216858, 1.0, 0.005433768033981323], "k_pid_att": [100.0, 0.42052698135375977, 0.9716639518737793], "k_pid_yaw": [0.5, 1e-06, 0.1], "k_pid_hsp": [9.849335670471191, 0.996357798576355, 0.006709367036819458], "k_pid_vsp": [8.971166610717773, 391.6977844238281, 0.7539878487586975]}, "datetime": {"datetime": "2025-08-21 20:00:52", "elapsed": 40569.389337301254, "delta": 23.97285485267639}, "costs": {"total_cost": 1050.0298016649133, "time_cost": 150, "final_distance_cost": 57.79044428994874, "oscillation_cost": 84.1089053834274, "completition_cost": 666.6666666666667, "overshoot_cost": 53.95296561558906, "power_cost": 22.37297822265625, "noise_cost": 15.137841486625103, "n_waypoints_completed": 3, "tot_waypoints": 9}}
{"target": -337.7223785391402, "params": {"k_pid_pos": [1.9423060417175293, 0.9871052503585815, 0.9999681711196899], "k_pid_alt": [1.9234490394592285, 1.0, 0.21645691990852356], "k_pid_att": [100.0, 0.20384511351585388, 0.969193696975708], "k_pid_yaw": [0.5, 1e-06, 0.1], "k_pid_hsp": [9.893807411193848, 0.9977955222129822, 0.01648867130279541], "k_pid_vsp": [16.705190658569336, 393.252197265625, 3.6570677757263184]}, "datetime": {"datetime": "2025-08-21 20:01:14", "elapsed": 40590.76024031639, "delta": 21.37090301513672}, "costs": {"total_cost": 337.7223785391402, "time_cost": 91.92, "final_distance_cost": 1.7055225199991648, "oscillation_cost": 149.05701593647993, "completition_cost": 0.0, "overshoot_cost": 58.37979312124697, "power_cost": 21.17695065917969, "noise_cost": 15.483096302234452, "n_waypoints_completed": 9, "tot_waypoints": 9}}
{"target": -1048.0947291253624, "params": {"k_pid_pos": [2.0, 0.9823942184448242, 1.0], "k_pid_alt": [1.921694040298462, 1.0, 0.03635331988334656], "k_pid_att": [100.0, 0.09921438246965408, 0.9799402952194214], "k_pid_yaw": [0.5, 1e-06, 0.1], "k_pid_hsp": [9.997416496276855, 0.9912072420120239, 0.054872751235961914], "k_pid_vsp": [13.362682342529297, 398.6219177246094, 5.970526695251465]}, "datetime": {"datetime": "2025-08-21 20:01:39", "elapsed": 40615.65534591675, "delta": 24.895105600357056}, "costs": {"total_cost": 1048.0947291253624, "time_cost": 150, "final_distance_cost": 40.447528937446386, "oscillation_cost": 208.81572253599506, "completition_cost": 555.5555555555555, "overshoot_cost": 63.2539799283633, "power_cost": 16.3884673828125, "noise_cost": 13.633474785189717, "n_waypoints_completed": 4, "tot_waypoints": 9}}
{"target": -775.3911477256636, "params": {"k_pid_pos": [2.0, 0.9352866411209106, 1.0], "k_pid_alt": [1.958398699760437, 1.0, 0.0040017664432525635], "k_pid_att": [100.0, 0.18181665241718292, 0.9842178821563721], "k_pid_yaw": [0.5, 1e-06, 0.1], "k_pid_hsp": [9.546429634094238, 0.9823030233383179, 0.010693013668060303], "k_pid_vsp": [7.308602333068848, 381.9034423828125, 6.703067779541016]}, "datetime": {"datetime": "2025-08-21 20:02:03", "elapsed": 40639.5672390461, "delta": 23.911893129348755}, "costs": {"total_cost": 775.3911477256636, "time_cost": 150, "final_distance_cost": 66.70119103233759, "oscillation_cost": 134.57490740042994, "completition_cost": 333.33333333333337, "overshoot_cost": 55.656333066160336, "power_cost": 19.77072702636719, "noise_cost": 15.354655867035154, "n_waypoints_completed": 6, "tot_waypoints": 9}}
{"target": -691.7969575539086, "params": {"k_pid_pos": [2.0, 0.982171356678009, 0.9999339580535889], "k_pid_alt": [1.9626314640045166, 0.9999990463256836, 0.007255285978317261], "k_pid_att": [100.0, 0.25958681106567383, 0.979602575302124], "k_pid_yaw": [0.5, 1e-06, 0.1], "k_pid_hsp": [9.767842292785645, 0.975420355796814, 0.05076020956039429], "k_pid_vsp": [10.805702209472656, 394.4219055175781, 3.843964099884033]}, "datetime": {"datetime": "2025-08-21 20:02:26", "elapsed": 40662.617262125015, "delta": 23.050023078918457}, "costs": {"total_cost": 691.7969575539086, "time_cost": 150, "final_distance_cost": 63.564040158451824, "oscillation_cost": 158.67171829852538, "completition_cost": 222.2222222222222, "overshoot_cost": 53.3335735018164, "power_cost": 25.404481274414064, "noise_cost": 18.60092209847871, "n_waypoints_completed": 7, "tot_waypoints": 9}}
{"target": -1373.913219015364, "params": {"k_pid_pos": [2.0, 0.9965025186538696, 6.693601608276367e-05], "k_pid_alt": [1.9899945259094238, 1.0, 0.011636108160018921], "k_pid_att": [100.0, 0.4166816174983978, 0.9342920780181885], "k_pid_yaw": [0.5, 1e-06, 0.1], "k_pid_hsp": [9.0523099899292, 0.9695022106170654, 0.008573979139328003], "k_pid_vsp": [8.595525741577148, 398.9871826171875, 18.396522521972656]}, "datetime": {"datetime": "2025-08-21 20:02:50", "elapsed": 40687.22789311409, "delta": 24.610630989074707}, "costs": {"total_cost": 1373.913219015364, "time_cost": 150, "final_distance_cost": 46.649258157549326, "oscillation_cost": 111.56213581980325, "completition_cost": 1000.0, "overshoot_cost": 37.67122560384363, "power_cost": 15.91542783203125, "noise_cost": 12.11517160213636, "n_waypoints_completed": 0, "tot_waypoints": 9}}
{"target": -1171.1450145999643, "params": {"k_pid_pos": [2.0, 0.9942431449890137, 1.0], "k_pid_alt": [1.9809770584106445, 1.0, 0.023807823657989502], "k_pid_att": [100.0, 0.1211152896285057, 0.9269084930419922], "k_pid_yaw": [0.5, 1e-06, 0.1], "k_pid_hsp": [9.834688186645508, 0.9721832871437073, 0.03111445903778076], "k_pid_vsp": [3.5733819007873535, 398.605712890625, 1.6955385208129883]}, "datetime": {"datetime": "2025-08-21 20:03:13", "elapsed": 40710.34654521942, "delta": 23.11865210533142}, "costs": {"total_cost": 1171.1450145999643, "time_cost": 150, "final_distance_cost": 54.74573954938961, "oscillation_cost": 202.98167227629477, "completition_cost": 666.6666666666667, "overshoot_cost": 65.27284103574326, "power_cost": 17.280173718261718, "noise_cost": 14.197921353608134, "n_waypoints_completed": 3, "tot_waypoints": 9}}
{"target": -683.4655794570317, "params": {"k_pid_pos": [2.0, 0.9684056639671326, 1.0], "k_pid_alt": [1.9611907005310059, 1.0, 0.015390098094940186], "k_pid_att": [99.99995422363281, 0.3228568136692047, 0.9397534132003784], "k_pid_yaw": [0.5, 1e-06, 0.1], "k_pid_hsp": [9.842339515686035, 0.9445189237594604, 0.013352125883102417], "k_pid_vsp": [9.772384643554688, 397.1128845214844, 2.1145472526550293]}, "datetime": {"datetime": "2025-08-21 20:03:38", "elapsed": 40735.191869974136, "delta": 24.845324754714966}, "costs": {"total_cost": 683.4655794570317, "time_cost": 150, "final_distance_cost": 63.340009027463935, "oscillation_cost": 157.05680305337, "completition_cost": 222.2222222222222, "overshoot_cost": 52.34831171238894, "power_cost": 21.70138319091797, "noise_cost": 16.79685025066858, "n_waypoints_completed": 7, "tot_waypoints": 9}}
{"target": -1773.132091226328, "params": {"k_pid_pos": [2.0, 0.9890004992485046, 1.0], "k_pid_alt": [1.9573475122451782, 1.0, 0.024921059608459473], "k_pid_att": [100.0, 0.12718477845191956, 0.9699151515960693], "k_pid_yaw": [0.5, 1e-06, 0.1], "k_pid_hsp": [9.20769214630127, 0.9459030032157898, 0.01718941330909729], "k_pid_vsp": [16.840517044067383, 390.1990661621094, 2.3870835304260254]}, "datetime": {"datetime": "2025-08-21 20:04:03", "elapsed": 40759.43950510025, "delta": 24.24763512611389}, "costs": {"total_cost": 1773.132091226328, "time_cost": 150, "final_distance_cost": 224.86092431079808, "oscillation_cost": 318.2041352289845, "completition_cost": 777.7777777777778, "overshoot_cost": 274.68915174209366, "power_cost": 15.020317968750001, "noise_cost": 12.579784197923695, "n_waypoints_completed": 2, "tot_waypoints": 9}}
{"target": -1063.1365941760637, "params": {"k_pid_pos": [2.0, 0.9866198301315308, 0.010103940963745117], "k_pid_alt": [1.9339494705200195, 0.999999463558197, 0.030876636505126953], "k_pid_att": [100.0, 0.058997742831707, 0.993948221206665], "k_pid_yaw": [0.5, 1e-06, 0.1], "k_pid_hsp": [9.854623794555664, 0.9761439561843872, 0.008089959621429443], "k_pid_vsp": [18.328380584716797, 389.3740539550781, 3.0964980125427246]}, "datetime": {"datetime": "2025-08-21 20:04:26", "elapsed": 40782.442467451096, "delta": 23.002962350845337}, "costs": {"total_cost": 1063.1365941760637, "time_cost": 150, "final_distance_cost": 85.87662023090586, "oscillation_cost": 71.99454353830853, "completition_cost": 666.6666666666667, "overshoot_cost": 50.949078233115216, "power_cost": 22.267339465332032, "noise_cost": 15.382346041735245, "n_waypoints_completed": 3, "tot_waypoints": 9}}
{"target": -517.0309975587634, "params": {"k_pid_pos": [1.9999966621398926, 0.9895346164703369, 0.9990122318267822], "k_pid_alt": [1.9020450115203857, 1.0, 0.010990411043167114], "k_pid_att": [100.0, 0.04668533429503441, 0.9910385608673096], "k_pid_yaw": [0.5, 1e-06, 0.1], "k_pid_hsp": [9.785933494567871, 0.9975672364234924, 0.009471893310546875], "k_pid_vsp": [35.1878662109375, 383.5294494628906, 16.582109451293945]}, "datetime": {"datetime": "2025-08-21 20:04:51", "elapsed": 40807.908235788345, "delta": 25.465768337249756}, "costs": {"total_cost": 517.0309975587634, "time_cost": 150, "final_distance_cost": 22.458057464185725, "oscillation_cost": 137.31421835071188, "completition_cost": 111.11111111111116, "overshoot_cost": 59.90195253157041, "power_cost": 20.18151513671875, "noise_cost": 16.064142964465383, "n_waypoints_completed": 8, "tot_waypoints": 9}}
{"target": -739.3724700356063, "params": {"k_pid_pos": [2.0, 0.9980065822601318, 1.0], "k_pid_alt": [1.901537299156189, 0.9996783137321472, 0.013148516416549683], "k_pid_att": [100.0, 0.1518709808588028, 0.9842319488525391], "k_pid_yaw": [0.5, 1e-06, 0.1], "k_pid_hsp": [9.915254592895508, 0.7780023217201233, 0.013482004404067993], "k_pid_vsp": [10.524702072143555, 392.6648864746094, 31.622661590576172]}, "datetime": {"datetime": "2025-08-21 20:05:14", "elapsed": 40831.27258133888, "delta": 23.36434555053711}, "costs": {"total_cost": 739.3724700356063, "time_cost": 150, "final_distance_cost": 72.95928849322327, "oscillation_cost": 211.43020282773634, "completition_cost": 222.2222222222222, "overshoot_cost": 50.92121434628117, "power_cost": 18.086475061035156, "noise_cost": 13.753067085108173, "n_waypoints_completed": 7, "tot_waypoints": 9}}
