{"target": -658.2254159394349, "params": {"k_pid_pos": [2.0, 0.9824347496032715, 0.9999994039535522], "k_pid_alt": [1.9423861503601074, 0.9999977350234985, 0.038651734590530396], "k_pid_att": [100.0, 0.03824152424931526, 0.9925800561904907], "k_pid_yaw": [0.5, 1e-06, 0.1], "k_pid_hsp": [8.79205322265625, 0.988256573677063, 0.009450405836105347], "k_pid_vsp": [3.525424003601074, 391.3422546386719, 11.094988822937012]}, "datetime": {"datetime": "2025-08-21 19:45:39", "elapsed": 39656.08667755127, "delta": 23.47313642501831}, "costs": {"total_cost": 658.2254159394349, "time_cost": 150, "final_distance_cost": 65.6412141053211, "oscillation_cost": 123.18447115544157, "completition_cost": 222.2222222222222, "overshoot_cost": 53.617370457534555, "power_cost": 25.22227674560547, "noise_cost": 18.337861253310034, "n_waypoints_completed": 7, "tot_waypoints": 9}}
{"target": -730.5464265634008, "params": {"k_pid_pos": [2.0, 0.9412010312080383, 1.0], "k_pid_alt": [1.9853205680847168, 1.0, 0.03311195969581604], "k_pid_att": [100.0, 0.012364128604531288, 0.9955241680145264], "k_pid_yaw": [0.5, 1e-06, 0.1], "k_pid_hsp": [9.880326271057129, 0.9626352787017822, 0.021928995847702026], "k_pid_vsp": [5.245077610015869, 392.9635925292969, 8.793736457824707]}, "datetime": {"datetime": "2025-08-21 19:46:04", "elapsed": 39681.05204105377, "delta": 24.96536350250244}, "costs": {"total_cost": 730.5464265634008, "time_cost": 150, "final_distance_cost": 71.84289898093367, "oscillation_cost": 195.5161483866529, "completition_cost": 222.2222222222222, "overshoot_cost": 51.87859477394771, "power_cost": 21.951604113769534, "noise_cost": 17.13495808587471, "n_waypoints_completed": 7, "tot_waypoints": 9}}
{"target": -971.2716299319267, "params": {"k_pid_pos": [2.0, 0.9934362173080444, 0.9999692440032959], "k_pid_alt": [1.9721782207489014, 0.9999974966049194, 0.006558805704116821], "k_pid_att": [100.0, 0.2322661131620407, 0.9978351593017578], "k_pid_yaw": [0.5, 1e-06, 0.1], "k_pid_hsp": [9.911705017089844, 0.9886246919631958, 0.005814552307128906], "k_pid_vsp": [7.793760299682617, 394.9603576660156, 21.28544044494629]}, "datetime": {"datetime": "2025-08-21 19:46:27", "elapsed": 39704.087092638016, "delta": 23.035051584243774}, "costs": {"total_cost": 971.2716299319267, "time_cost": 150, "final_distance_cost": 43.40253642315562, "oscillation_cost": 134.52315291833628, "completition_cost": 555.5555555555555, "overshoot_cost": 53.29805196361517, "power_cost": 20.168784313964846, "noise_cost": 14.323548757299221, "n_waypoints_completed": 4, "tot_waypoints": 9}}
{"target": -1260.615068331522, "params": {"k_pid_pos": [2.0, 0.9989741444587708, 0.16940277814865112], "k_pid_alt": [1.7154160737991333, 1.0, 0.017207294702529907], "k_pid_att": [100.0, 0.05615462735295296, 0.9905208349227905], "k_pid_yaw": [0.5, 1e-06, 0.1], "k_pid_hsp": [9.830573081970215, 0.9877908229827881, 0.011922627687454224], "k_pid_vsp": [15.12289047241211, 398.30328369140625, 3.0267844200134277]}, "datetime": {"datetime": "2025-08-21 19:46:51", "elapsed": 39728.24349832535, "delta": 24.156405687332153}, "costs": {"total_cost": 1260.615068331522, "time_cost": 150, "final_distance_cost": 63.45685962484965, "oscillation_cost": 84.61634604629776, "completition_cost": 888.8888888888888, "overshoot_cost": 39.04017339686958, "power_cost": 20.347397290039062, "noise_cost": 14.265403084577201, "n_waypoints_completed": 1, "tot_waypoints": 9}}
{"target": -934.4203840145999, "params": {"k_pid_pos": [2.0, 0.9949014186859131, 0.9985721111297607], "k_pid_alt": [1.9946660995483398, 1.0, 0.0029011666774749756], "k_pid_att": [100.0, 0.5210578441619873, 0.9973069429397583], "k_pid_yaw": [0.5, 1e-06, 0.1], "k_pid_hsp": [9.938620567321777, 0.9425684213638306, 0.034896016120910645], "k_pid_vsp": [9.633934020996094, 378.3011779785156, 32.19941711425781]}, "datetime": {"datetime": "2025-08-21 19:47:16", "elapsed": 39752.93643426895, "delta": 24.692935943603516}, "costs": {"total_cost": 934.4203840145999, "time_cost": 150, "final_distance_cost": 51.450497200882936, "oscillation_cost": 204.03426200434515, "completition_cost": 444.4444444444444, "overshoot_cost": 53.46773471622504, "power_cost": 17.677337316894533, "noise_cost": 13.346108331807804, "n_waypoints_completed": 5, "tot_waypoints": 9}}
{"target": -755.4094726421565, "params": {"k_pid_pos": [2.0, 0.9584376811981201, 0.9999899864196777], "k_pid_alt": [1.9766294956207275, 1.0, 0.00705951452255249], "k_pid_att": [100.0, 0.057633403688669205, 0.9850062131881714], "k_pid_yaw": [0.5, 1e-06, 0.1], "k_pid_hsp": [9.854571342468262, 0.9764047861099243, 0.012750416994094849], "k_pid_vsp": [1.985466480255127, 396.79754638671875, 10.737086296081543]}, "datetime": {"datetime": "2025-08-21 19:47:40", "elapsed": 39776.42984557152, "delta": 23.49341130256653}, "costs": {"total_cost": 755.4094726421565, "time_cost": 150, "final_distance_cost": 53.39882433664022, "oscillation_cost": 123.94773074198676, "completition_cost": 333.33333333333337, "overshoot_cost": 52.21469247248186, "power_cost": 24.487306762695315, "noise_cost": 18.027584995019133, "n_waypoints_completed": 6, "tot_waypoints": 9}}
{"target": -675.7962992716914, "params": {"k_pid_pos": [2.0, 0.9870899319648743, 1.0], "k_pid_alt": [1.9892714023590088, 1.0, 0.02571094036102295], "k_pid_att": [100.0, 0.02269500121474266, 0.9917303323745728], "k_pid_yaw": [0.5, 1e-06, 0.1], "k_pid_hsp": [9.964470863342285, 0.9952462911605835, 0.011315762996673584], "k_pid_vsp": [11.069107055664062, 399.4844970703125, 7.749832630157471]}, "datetime": {"datetime": "2025-08-21 19:48:03", "elapsed": 39800.074878931046, "delta": 23.645033359527588}, "costs": {"total_cost": 675.7962992716914, "time_cost": 150, "final_distance_cost": 69.09615817601124, "oscillation_cost": 128.11686000875827, "completition_cost": 222.2222222222222, "overshoot_cost": 56.211858062742834, "power_cost": 27.465841040039063, "noise_cost": 22.68335976191767, "n_waypoints_completed": 7, "tot_waypoints": 9}}
{"target": -676.1274031924517, "params": {"k_pid_pos": [2.0, 0.9929574728012085, 0.9997345209121704], "k_pid_alt": [1.9839634895324707, 1.0, 0.020050257444381714], "k_pid_att": [100.0, 0.42050641775131226, 0.9446934461593628], "k_pid_yaw": [0.5, 1e-06, 0.1], "k_pid_hsp": [9.96145248413086, 0.9882715940475464, 0.007883131504058838], "k_pid_vsp": [16.63178253173828, 393.5111999511719, 13.450850486755371]}, "datetime": {"datetime": "2025-08-21 19:48:27", "elapsed": 39824.14721894264, "delta": 24.07234001159668}, "costs": {"total_cost": 676.1274031924517, "time_cost": 150, "final_distance_cost": 62.853027865362236, "oscillation_cost": 148.70134183889294, "completition_cost": 222.2222222222222, "overshoot_cost": 50.65515128053955, "power_cost": 23.804046826171877, "noise_cost": 17.89161315926278, "n_waypoints_completed": 7, "tot_waypoints": 9}}
{"target": -666.3667875670733, "params": {"k_pid_pos": [2.0, 0.9882768988609314, 1.0], "k_pid_alt": [1.9586005210876465, 1.0, 0.006084620952606201], "k_pid_att": [100.0, 0.28629329800605774, 0.9937072992324829], "k_pid_yaw": [0.5, 1e-06, 0.1], "k_pid_hsp": [9.892126083374023, 0.9717243313789368, 0.006054341793060303], "k_pid_vsp": [4.2580246925354, 396.3009948730469, 12.797654151916504]}, "datetime": {"datetime": "2025-08-21 19:48:50", "elapsed": 39847.152567863464, "delta": 23.005348920822144}, "costs": {"total_cost": 666.3667875670733, "time_cost": 150, "final_distance_cost": 60.60052874040822, "oscillation_cost": 121.16391433357724, "completition_cost": 222.2222222222222, "overshoot_cost": 58.83596356876683, "power_cost": 27.62300212402344, "noise_cost": 25.921156578075355, "n_waypoints_completed": 7, "tot_waypoints": 9}}
{"target": -839.0721574699263, "params": {"k_pid_pos": [2.0, 0.9923722743988037, 1.0], "k_pid_alt": [1.8979452848434448, 1.0, 0.009573817253112793], "k_pid_att": [100.0, 0.021893922239542007, 0.938758909702301], "k_pid_yaw": [0.5, 1e-06, 0.1], "k_pid_hsp": [9.94233226776123, 0.9732564687728882, 0.011644691228866577], "k_pid_vsp": [21.053421020507812, 396.46539306640625, 1.8397102355957031]}, "datetime": {"datetime": "2025-08-21 19:49:15", "elapsed": 39871.68062663078, "delta": 24.528058767318726}, "costs": {"total_cost": 839.0721574699263, "time_cost": 150, "final_distance_cost": 65.87509333477648, "oscillation_cost": 202.654857322347, "completition_cost": 333.33333333333337, "overshoot_cost": 51.31176253841054, "power_cost": 20.342709899902346, "noise_cost": 15.554401041156604, "n_waypoints_completed": 6, "tot_waypoints": 9}}
{"target": -715.0171854579673, "params": {"k_pid_pos": [2.0, 0.99360591173172, 0.9999997615814209], "k_pid_alt": [1.9380598068237305, 1.0, 0.005773991346359253], "k_pid_att": [100.0, 0.23947909474372864, 0.990496814250946], "k_pid_yaw": [0.5, 1e-06, 0.1], "k_pid_hsp": [9.890666007995605, 0.9813382029533386, 0.0900580883026123], "k_pid_vsp": [12.353754043579102, 391.7853698730469, 13.533343315124512]}, "datetime": {"datetime": "2025-08-21 19:49:38", "elapsed": 39894.58461976051, "delta": 22.903993129730225}, "costs": {"total_cost": 715.0171854579673, "time_cost": 150, "final_distance_cost": 64.5807819227055, "oscillation_cost": 189.88271734675348, "completition_cost": 222.2222222222222, "overshoot_cost": 51.176893055994015, "power_cost": 20.98754736328125, "noise_cost": 16.167023547010913, "n_waypoints_completed": 7, "tot_waypoints": 9}}
{"target": -723.1243092870079, "params": {"k_pid_pos": [2.0, 0.9055799841880798, 0.99950110912323], "k_pid_alt": [1.9805303812026978, 1.0, 0.007138282060623169], "k_pid_att": [100.0, 0.02217644453048706, 0.9667559862136841], "k_pid_yaw": [0.5, 1e-06, 0.1], "k_pid_hsp": [9.83214282989502, 0.9353074431419373, 0.061318427324295044], "k_pid_vsp": [7.584428787231445, 397.7701721191406, 6.532538890838623]}, "datetime": {"datetime": "2025-08-21 19:50:02", "elapsed": 39918.77318763733, "delta": 24.188567876815796}, "costs": {"total_cost": 723.1243092870079, "time_cost": 150, "final_distance_cost": 73.2754818280503, "oscillation_cost": 184.57402027505148, "completition_cost": 222.2222222222222, "overshoot_cost": 57.3948365194188, "power_cost": 20.2068015625, "noise_cost": 15.45094687976506, "n_waypoints_completed": 7, "tot_waypoints": 9}}
{"target": -706.2663708547782, "params": {"k_pid_pos": [2.0, 0.9974402189254761, 1.0], "k_pid_alt": [1.9862797260284424, 1.0, 0.019169509410858154], "k_pid_att": [99.99989318847656, 0.2275967299938202, 0.9906346201896667], "k_pid_yaw": [0.5, 1e-06, 0.1], "k_pid_hsp": [9.171918869018555, 0.9771777391433716, 0.014714211225509644], "k_pid_vsp": [6.193935871124268, 397.076416015625, 1.6223082542419434]}, "datetime": {"datetime": "2025-08-21 19:50:26", "elapsed": 39942.91614961624, "delta": 24.142961978912354}, "costs": {"total_cost": 706.2663708547782, "time_cost": 150, "final_distance_cost": 65.61137512638844, "oscillation_cost": 179.5549516472883, "completition_cost": 222.2222222222222, "overshoot_cost": 54.45462559453254, "power_cost": 19.533423779296875, "noise_cost": 14.889772485049782, "n_waypoints_completed": 7, "tot_waypoints": 9}}
{"target": -660.4292214540699, "params": {"k_pid_pos": [2.0, 0.9923755526542664, 1.0], "k_pid_alt": [1.9890475273132324, 1.0, 0.006864309310913086], "k_pid_att": [100.0, 0.054727111011743546, 0.9361987709999084], "k_pid_yaw": [0.5, 1e-06, 0.1], "k_pid_hsp": [9.903545379638672, 0.9793291091918945, 0.010899603366851807], "k_pid_vsp": [12.228035926818848, 394.9761047363281, 9.94201946258545]}, "datetime": {"datetime": "2025-08-21 19:50:49", "elapsed": 39965.777824640274, "delta": 22.861675024032593}, "costs": {"total_cost": 660.4292214540699, "time_cost": 150, "final_distance_cost": 68.2630850738147, "oscillation_cost": 110.03195167444555, "completition_cost": 222.2222222222222, "overshoot_cost": 62.203467639678074, "power_cost": 27.532238537597657, "noise_cost": 20.176256306311757, "n_waypoints_completed": 7, "tot_waypoints": 9}}
{"target": -1063.331453046583, "params": {"k_pid_pos": [2.0, 0.9433950781822205, 1.0], "k_pid_alt": [1.9507715702056885, 1.0, 0.0041665732860565186], "k_pid_att": [100.0, 0.03971195966005325, 0.9691548347473145], "k_pid_yaw": [0.5, 1e-06, 0.1], "k_pid_hsp": [9.896002769470215, 0.9846725463867188, 0.023484259843826294], "k_pid_vsp": [3.627955913543701, 388.6353454589844, 4.312325477600098]}, "datetime": {"datetime": "2025-08-21 19:51:14", "elapsed": 39990.51545238495, "delta": 24.737627744674683}, "costs": {"total_cost": 1063.331453046583, "time_cost": 150, "final_distance_cost": 48.01609742234535, "oscillation_cost": 230.96462409981893, "completition_cost": 555.5555555555555, "overshoot_cost": 48.32132787900616, "power_cost": 16.64171395263672, "noise_cost": 13.832134137220269, "n_waypoints_completed": 4, "tot_waypoints": 9}}
{"target": -582.5241756595249, "params": {"k_pid_pos": [2.0, 0.9695742130279541, 1.0], "k_pid_alt": [1.9628064632415771, 1.0, 0.009464561939239502], "k_pid_att": [99.98448181152344, 0.017425108700990677, 0.9797918200492859], "k_pid_yaw": [0.5, 1e-06, 0.1], "k_pid_hsp": [9.85029411315918, 0.9504669904708862, 0.012705594301223755], "k_pid_vsp": [27.808834075927734, 390.1036376953125, 12.130905151367188]}, "datetime": {"datetime": "2025-08-21 19:51:39", "elapsed": 40016.333558797836, "delta": 25.818106412887573}, "costs": {"total_cost": 582.5241756595249, "time_cost": 150, "final_distance_cost": 38.88605074845852, "oscillation_cost": 187.12319275361818, "completition_cost": 111.11111111111116, "overshoot_cost": 61.67341148235968, "power_cost": 19.339624560546877, "noise_cost": 14.390785003430464, "n_waypoints_completed": 8, "tot_waypoints": 9}}
{"target": -1291.463112631888, "params": {"k_pid_pos": [2.0, 0.9725260734558105, 0.0], "k_pid_alt": [1.9642624855041504, 1.0, 0.22823834419250488], "k_pid_att": [100.0, 0.10282787680625916, 0.9946353435516357], "k_pid_yaw": [0.5, 1e-06, 0.1], "k_pid_hsp": [9.869592666625977, 0.9868282079696655, 0.004012793302536011], "k_pid_vsp": [3.607022762298584, 386.8997802734375, 5.032719135284424]}, "datetime": {"datetime": "2025-08-21 19:52:03", "elapsed": 40040.13325166702, "delta": 23.7996928691864}, "costs": {"total_cost": 1291.463112631888, "time_cost": 150, "final_distance_cost": 69.61074077125215, "oscillation_cost": 71.76459199150517, "completition_cost": 888.8888888888888, "overshoot_cost": 61.214917906544756, "power_cost": 26.65902052001953, "noise_cost": 23.324952553677527, "n_waypoints_completed": 1, "tot_waypoints": 9}}
{"target": -574.3018485306609, "params": {"k_pid_pos": [1.999997615814209, 0.9931988716125488, 0.9708378314971924], "k_pid_alt": [1.961084008216858, 1.0, 0.026719629764556885], "k_pid_att": [100.0, 0.08364580571651459, 0.9935757517814636], "k_pid_yaw": [0.5, 1e-06, 0.1], "k_pid_hsp": [9.770259857177734, 0.9877054691314697, 0.008135229349136353], "k_pid_vsp": [2.0462751388549805, 393.68719482421875, 0.7032404541969299]}, "datetime": {"datetime": "2025-08-21 19:52:28", "elapsed": 40064.79159665108, "delta": 24.658344984054565}, "costs": {"total_cost": 574.3018485306609, "time_cost": 150, "final_distance_cost": 65.55912781648814, "oscillation_cost": 153.56790975996887, "completition_cost": 111.11111111111116, "overshoot_cost": 55.50985469298426, "power_cost": 23.020862255859377, "noise_cost": 15.532982894249162, "n_waypoints_completed": 8, "tot_waypoints": 9}}
{"target": -1212.988559522548, "params": {"k_pid_pos": [1.9999703168869019, 0.9899073839187622, 1.6689300537109375e-06], "k_pid_alt": [1.9403676986694336, 1.0, 0.001423656940460205], "k_pid_att": [99.99995422363281, 0.3863520920276642, 0.9927378296852112], "k_pid_yaw": [0.5, 1e-06, 0.1], "k_pid_hsp": [9.922835350036621, 0.9861985445022583, 0.014765322208404541], "k_pid_vsp": [1.6338229179382324, 392.21575927734375, 15.450240135192871]}, "datetime": {"datetime": "2025-08-21 19:52:50", "elapsed": 40087.427010297775, "delta": 22.635413646697998}, "costs": {"total_cost": 1212.988559522548, "time_cost": 150, "final_distance_cost": 96.44932526619658, "oscillation_cost": 110.14085869917271, "completition_cost": 777.7777777777778, "overshoot_cost": 49.715834660579894, "power_cost": 16.43746141357422, "noise_cost": 12.46730170524673, "n_waypoints_completed": 2, "tot_waypoints": 9}}
{"target": -703.9245823076079, "params": {"k_pid_pos": [1.9999700784683228, 0.9843771457672119, 0.9979420900344849], "k_pid_alt": [1.9732389450073242, 1.0, 0.006203562021255493], "k_pid_att": [100.0, 0.04454018548130989, 0.9667673110961914], "k_pid_yaw": [0.5, 1e-06, 0.1], "k_pid_hsp": [9.86793041229248, 0.9888583421707153, 0.011234700679779053], "k_pid_vsp": [6.186234951019287, 393.0406494140625, 1.3520965576171875]}, "datetime": {"datetime": "2025-08-21 19:53:16", "elapsed": 40112.775465250015, "delta": 25.34845495223999}, "costs": {"total_cost": 703.9245823076079, "time_cost": 150, "final_distance_cost": 69.02022375725282, "oscillation_cost": 167.9720363822571, "completition_cost": 222.2222222222222, "overshoot_cost": 58.167052781922706, "power_cost": 21.594349633789065, "noise_cost": 14.948697530163908, "n_waypoints_completed": 7, "tot_waypoints": 9}}
{"target": -722.1133994850869, "params": {"k_pid_pos": [2.0, 0.989252507686615, 1.0], "k_pid_alt": [1.9555649757385254, 1.0, 0.005899161100387573], "k_pid_att": [100.0, 0.028850607573986053, 0.9927558898925781], "k_pid_yaw": [0.5, 1e-06, 0.1], "k_pid_hsp": [9.806543350219727, 0.9919715523719788, 0.04751366376876831], "k_pid_vsp": [12.792360305786133, 398.4244384765625, 6.676102638244629]}, "datetime": {"datetime": "2025-08-21 19:53:41", "elapsed": 40137.48717164993, "delta": 24.711706399917603}, "costs": {"total_cost": 722.1133994850869, "time_cost": 150, "final_distance_cost": 71.30121726321946, "oscillation_cost": 188.00165913897317, "completition_cost": 222.2222222222222, "overshoot_cost": 52.99084201226605, "power_cost": 21.389155700683595, "noise_cost": 16.2083031477225, "n_waypoints_completed": 7, "tot_waypoints": 9}}
{"target": -810.1788750862979, "params": {"k_pid_pos": [2.0, 0.9996441602706909, 0.9999903440475464], "k_pid_alt": [1.9629534482955933, 1.0, 0.02006968855857849], "k_pid_att": [100.0, 0.13626335561275482, 0.9979649782180786], "k_pid_yaw": [0.5, 1e-06, 0.1], "k_pid_hsp": [9.933672904968262, 0.9989166259765625, 0.00350227952003479], "k_pid_vsp": [5.243313312530518, 396.8790588378906, 4.762555122375488]}, "datetime": {"datetime": "2025-08-21 19:54:04", "elapsed": 40160.63379025459, "delta": 23.146618604660034}, "costs": {"total_cost": 810.1788750862979, "time_cost": 150, "final_distance_cost": 65.74991934738547, "oscillation_cost": 169.83884819482543, "completition_cost": 333.33333333333337, "overshoot_cost": 58.11784452485351, "power_cost": 19.175500341796877, "noise_cost": 13.963429344103302, "n_waypoints_completed": 6, "tot_waypoints": 9}}
{"target": -815.8188250563562, "params": {"k_pid_pos": [2.0, 0.9856258630752563, 0.9999945163726807], "k_pid_alt": [1.8950706720352173, 1.0, 0.04133442044258118], "k_pid_att": [100.0, 0.07318410277366638, 0.957422137260437], "k_pid_yaw": [0.5, 1e-06, 0.1], "k_pid_hsp": [9.777589797973633, 0.9967750310897827, 0.078559011220932], "k_pid_vsp": [16.1735897064209, 397.080322265625, 4.165626525878906]}, "datetime": {"datetime": "2025-08-21 19:54:28", "elapsed": 40184.85849261284, "delta": 24.22470235824585}, "costs": {"total_cost": 815.8188250563562, "time_cost": 150, "final_distance_cost": 68.08297871954788, "oscillation_cost": 171.84899465189724, "completition_cost": 333.33333333333337, "overshoot_cost": 53.54428019892848, "power_cost": 23.10804664306641, "noise_cost": 15.901191509582828, "n_waypoints_completed": 6, "tot_waypoints": 9}}
{"target": -800.4745913478613, "params": {"k_pid_pos": [2.0, 0.9909683465957642, 0.9217044115066528], "k_pid_alt": [1.979975700378418, 1.0, 0.023269176483154297], "k_pid_att": [99.99933624267578, 0.017293980345129967, 0.9904335737228394], "k_pid_yaw": [0.5, 1e-06, 0.1], "k_pid_hsp": [9.95318603515625, 0.9643421173095703, 0.02178320288658142], "k_pid_vsp": [1.132035255432129, 394.22259521484375, 6.108785629272461]}, "datetime": {"datetime": "2025-08-21 19:54:51", "elapsed": 40207.72399544716, "delta": 22.86550283432007}, "costs": {"total_cost": 800.4745913478613, "time_cost": 150, "final_distance_cost": 56.32470441269059, "oscillation_cost": 168.12765955590686, "completition_cost": 333.33333333333337, "overshoot_cost": 54.358823520160776, "power_cost": 21.970763049316407, "noise_cost": 16.359307476453246, "n_waypoints_completed": 6, "tot_waypoints": 9}}
{"target": -779.8269688167018, "params": {"k_pid_pos": [2.0, 0.9781129360198975, 0.9929019212722778], "k_pid_alt": [1.9841997623443604, 1.0, 0.05358359217643738], "k_pid_att": [100.0, 1.6220954656600952, 0.9889330863952637], "k_pid_yaw": [0.5, 1e-06, 0.1], "k_pid_hsp": [8.71419620513916, 0.9041801691055298, 0.010736644268035889], "k_pid_vsp": [9.752154350280762, 398.1575012207031, 72.14514923095703]}, "datetime": {"datetime": "2025-08-21 19:55:15", "elapsed": 40231.62592482567, "delta": 23.90192937850952}, "costs": {"total_cost": 779.8269688167018, "time_cost": 150, "final_distance_cost": 72.61007870205722, "oscillation_cost": 143.7944725749304, "completition_cost": 333.33333333333337, "overshoot_cost": 46.249066879291675, "power_cost": 19.353560009765626, "noise_cost": 14.486457317323474, "n_waypoints_completed": 6, "tot_waypoints": 9}}
