{"target": -1350.3206753992565, "params": {"k_pid_pos": [2.0, 0.9780099391937256, 0.0], "k_pid_alt": [1.9857754707336426, 1.0, 0.010959267616271973], "k_pid_att": [99.99998474121094, 0.12058153748512268, 0.9925716519355774], "k_pid_yaw": [0.5, 1e-06, 0.1], "k_pid_hsp": [9.958558082580566, 0.9115919470787048, 0.02043047547340393], "k_pid_vsp": [41.158199310302734, 388.1544494628906, 2.650702953338623]}, "datetime": {"datetime": "2025-08-21 17:15:19", "elapsed": 30635.662397384644, "delta": 22.656096935272217}, "costs": {"total_cost": 1350.3206753992565, "time_cost": 150, "final_distance_cost": 46.374239338895975, "oscillation_cost": 89.70876117083988, "completition_cost": 1000.0, "overshoot_cost": 34.515188464013185, "power_cost": 16.22788601074219, "noise_cost": 13.494600414765292, "n_waypoints_completed": 0, "tot_waypoints": 9}}
{"target": -3497.3518891773438, "params": {"k_pid_pos": [2.0, 0.9817715287208557, 0.9997613430023193], "k_pid_alt": [1.968860149383545, 1.0, 0.012128740549087524], "k_pid_att": [0.024268031120300293, 0.2271866500377655, 0.9932308197021484], "k_pid_yaw": [0.5, 1e-06, 0.1], "k_pid_hsp": [9.975088119506836, 0.9742836952209473, 0.00521203875541687], "k_pid_vsp": [7.013916969299316, 390.38995361328125, 4.451073169708252]}, "datetime": {"datetime": "2025-08-21 17:15:42", "elapsed": 30659.357087612152, "delta": 23.694690227508545}, "costs": {"total_cost": 3497.3518891773438, "time_cost": 150, "final_distance_cost": 621.8970188195332, "oscillation_cost": 288.8125806838851, "completition_cost": 1000.0, "overshoot_cost": 1310.3934908206554, "power_cost": 34.48157395019531, "noise_cost": 91.76722490307466, "n_waypoints_completed": 0, "tot_waypoints": 9}}
{"target": -827.974733983033, "params": {"k_pid_pos": [1.9978736639022827, 0.9979386329650879, 0.9998639225959778], "k_pid_alt": [1.9830248355865479, 1.0, 0.01906779408454895], "k_pid_att": [100.0, 0.026835395023226738, 0.8441338539123535], "k_pid_yaw": [0.5, 1e-06, 0.1], "k_pid_hsp": [9.73787784576416, 0.9905726909637451, 0.014318287372589111], "k_pid_vsp": [4.622483253479004, 388.4361267089844, 3.052009105682373]}, "datetime": {"datetime": "2025-08-21 17:16:07", "elapsed": 30683.452473640442, "delta": 24.095386028289795}, "costs": {"total_cost": 827.974733983033, "time_cost": 150, "final_distance_cost": 67.47234558054053, "oscillation_cost": 182.2319947526594, "completition_cost": 333.33333333333337, "overshoot_cost": 55.596712658725174, "power_cost": 22.58314737548828, "noise_cost": 16.75720028228625, "n_waypoints_completed": 6, "tot_waypoints": 9}}
{"target": -736.8003669557589, "params": {"k_pid_pos": [1.9999995231628418, 0.9972639083862305, 1.0], "k_pid_alt": [1.8319119215011597, 1.0, 0.001942068338394165], "k_pid_att": [100.0, 0.04328998923301697, 0.9763696193695068], "k_pid_yaw": [0.5, 1e-06, 0.1], "k_pid_hsp": [9.823728561401367, 0.9771867990493774, 0.013638734817504883], "k_pid_vsp": [5.184900760650635, 366.97454833984375, 9.733677864074707]}, "datetime": {"datetime": "2025-08-21 17:16:31", "elapsed": 30707.471113681793, "delta": 24.01864004135132}, "costs": {"total_cost": 736.8003669557589, "time_cost": 150, "final_distance_cost": 70.53123973182521, "oscillation_cost": 197.14729329844855, "completition_cost": 222.2222222222222, "overshoot_cost": 60.232855862555745, "power_cost": 21.500833764648437, "noise_cost": 15.16592207605881, "n_waypoints_completed": 7, "tot_waypoints": 9}}
{"target": -748.4545456322405, "params": {"k_pid_pos": [1.9998440742492676, 0.9867374300956726, 0.0], "k_pid_alt": [1.9700381755828857, 1.0, 0.07414495944976807], "k_pid_att": [100.0, 0.3581024706363678, 0.9684417843818665], "k_pid_yaw": [0.5, 1e-06, 0.1], "k_pid_hsp": [9.894327163696289, 0.9660247564315796, 0.011309146881103516], "k_pid_vsp": [1.427924633026123, 399.8753662109375, 8.877814292907715]}, "datetime": {"datetime": "2025-08-21 17:16:54", "elapsed": 30731.39825296402, "delta": 23.927139282226562}, "costs": {"total_cost": 748.4545456322405, "time_cost": 150, "final_distance_cost": 54.45803973975612, "oscillation_cost": 125.0537792188917, "completition_cost": 333.33333333333337, "overshoot_cost": 56.374039660495455, "power_cost": 16.308922277832032, "noise_cost": 12.926431401931836, "n_waypoints_completed": 6, "tot_waypoints": 9}}
{"target": -1070.5876019533055, "params": {"k_pid_pos": [2.0, 0.9198893904685974, 0.0], "k_pid_alt": [1.9462571144104004, 0.9966989755630493, 0.007053643465042114], "k_pid_att": [100.0, 0.4480804204940796, 0.9532490968704224], "k_pid_yaw": [0.5, 1e-06, 0.1], "k_pid_hsp": [9.972224235534668, 0.9774689674377441, 0.03896048665046692], "k_pid_vsp": [12.681722640991211, 390.2858581542969, 2.439034938812256]}, "datetime": {"datetime": "2025-08-21 17:17:18", "elapsed": 30755.113664388657, "delta": 23.71541142463684}, "costs": {"total_cost": 1070.5876019533055, "time_cost": 150, "final_distance_cost": 51.59602097610968, "oscillation_cost": 105.90152865361515, "completition_cost": 666.6666666666667, "overshoot_cost": 59.121213200418914, "power_cost": 21.867743103027344, "noise_cost": 15.434429353467475, "n_waypoints_completed": 3, "tot_waypoints": 9}}
{"target": -1185.811287063503, "params": {"k_pid_pos": [1.9999977350234985, 0.9957648515701294, 0.015933513641357422], "k_pid_alt": [1.9484338760375977, 1.0, 0.0029410123825073242], "k_pid_att": [100.0, 0.06650040298700333, 0.9624160528182983], "k_pid_yaw": [0.5, 1e-06, 0.1], "k_pid_hsp": [9.640172004699707, 0.9971742630004883, 0.020950108766555786], "k_pid_vsp": [15.223336219787598, 398.9934387207031, 1.2292513847351074]}, "datetime": {"datetime": "2025-08-21 17:17:41", "elapsed": 30777.60976576805, "delta": 22.49610137939453}, "costs": {"total_cost": 1185.811287063503, "time_cost": 150, "final_distance_cost": 90.44366375803457, "oscillation_cost": 82.4252793713535, "completition_cost": 777.7777777777778, "overshoot_cost": 43.783833686466316, "power_cost": 24.6734494140625, "noise_cost": 16.707283055808176, "n_waypoints_completed": 2, "tot_waypoints": 9}}
{"target": -823.1230033340654, "params": {"k_pid_pos": [2.0, 0.9630532264709473, 0.9963542222976685], "k_pid_alt": [1.9877920150756836, 1.0, 0.0030999183654785156], "k_pid_att": [100.0, 0.24783171713352203, 0.9723641276359558], "k_pid_yaw": [0.5, 1e-06, 0.1], "k_pid_hsp": [9.965710639953613, 0.9830356240272522, 0.00384598970413208], "k_pid_vsp": [21.18338394165039, 383.81329345703125, 69.20967102050781]}, "datetime": {"datetime": "2025-08-21 17:18:05", "elapsed": 30801.767109394073, "delta": 24.15734362602234}, "costs": {"total_cost": 823.1230033340654, "time_cost": 150, "final_distance_cost": 56.02032598636022, "oscillation_cost": 194.19112434058277, "completition_cost": 333.33333333333337, "overshoot_cost": 60.57510227555172, "power_cost": 15.253877502441407, "noise_cost": 13.749239895795943, "n_waypoints_completed": 6, "tot_waypoints": 9}}
{"target": -1166.0219373966754, "params": {"k_pid_pos": [2.0, 0.9944227933883667, 7.18235969543457e-06], "k_pid_alt": [1.9940686225891113, 1.0, 0.006515830755233765], "k_pid_att": [100.0, 0.12527863681316376, 0.9958857297897339], "k_pid_yaw": [0.5, 1e-06, 0.1], "k_pid_hsp": [7.954038619995117, 0.9599741697311401, 0.0017617344856262207], "k_pid_vsp": [6.861436367034912, 396.94183349609375, 2.1594772338867188]}, "datetime": {"datetime": "2025-08-21 17:18:29", "elapsed": 30825.81721997261, "delta": 24.050110578536987}, "costs": {"total_cost": 1166.0219373966754, "time_cost": 150, "final_distance_cost": 67.14049023401489, "oscillation_cost": 71.0331177130907, "completition_cost": 777.7777777777778, "overshoot_cost": 55.48248117381121, "power_cost": 25.713632812500002, "noise_cost": 18.87443768548062, "n_waypoints_completed": 2, "tot_waypoints": 9}}
{"target": -796.3781910423863, "params": {"k_pid_pos": [2.0, 0.9615205526351929, 0.7721273899078369], "k_pid_alt": [1.964659571647644, 1.0, 0.017881840467453003], "k_pid_att": [100.0, 0.7242289781570435, 0.9962574243545532], "k_pid_yaw": [0.5, 1e-06, 0.1], "k_pid_hsp": [9.970974922180176, 0.9834609031677246, 0.03272649645805359], "k_pid_vsp": [5.234718322753906, 397.1269226074219, 33.66670608520508]}, "datetime": {"datetime": "2025-08-21 17:18:53", "elapsed": 30849.465838193893, "delta": 23.64861822128296}, "costs": {"total_cost": 796.3781910423863, "time_cost": 150, "final_distance_cost": 70.55437747153553, "oscillation_cost": 153.88035009884854, "completition_cost": 333.33333333333337, "overshoot_cost": 54.410771096440996, "power_cost": 19.297472631835937, "noise_cost": 14.901886410392004, "n_waypoints_completed": 6, "tot_waypoints": 9}}
{"target": -750.6629747823179, "params": {"k_pid_pos": [1.9999964237213135, 0.7201462984085083, 0.9753378629684448], "k_pid_alt": [1.8008253574371338, 1.0, 0.01836574077606201], "k_pid_att": [100.0, 0.22716280817985535, 0.9932001829147339], "k_pid_yaw": [0.5, 1e-06, 0.1], "k_pid_hsp": [9.688294410705566, 0.9766751527786255, 0.014398962259292603], "k_pid_vsp": [7.124567031860352, 396.3861083984375, 5.582488536834717]}, "datetime": {"datetime": "2025-08-21 17:19:16", "elapsed": 30872.968592882156, "delta": 23.50275468826294}, "costs": {"total_cost": 750.6629747823179, "time_cost": 150, "final_distance_cost": 74.83229386444845, "oscillation_cost": 210.22795737112727, "completition_cost": 222.2222222222222, "overshoot_cost": 58.95104523973125, "power_cost": 19.9059087890625, "noise_cost": 14.523547295726175, "n_waypoints_completed": 7, "tot_waypoints": 9}}
{"target": -742.2297460571897, "params": {"k_pid_pos": [2.0, 0.9857088327407837, 1.0], "k_pid_alt": [1.992802381515503, 1.0, 0.02943858504295349], "k_pid_att": [100.0, 0.030838999897241592, 0.9909087419509888], "k_pid_yaw": [0.5, 1e-06, 0.1], "k_pid_hsp": [9.853663444519043, 0.9791771769523621, 0.03205353021621704], "k_pid_vsp": [2.6946306228637695, 398.1559143066406, 3.2377371788024902]}, "datetime": {"datetime": "2025-08-21 17:19:39", "elapsed": 30896.163161754608, "delta": 23.194568872451782}, "costs": {"total_cost": 742.2297460571897, "time_cost": 150, "final_distance_cost": 69.21953073657927, "oscillation_cost": 203.46842609176596, "completition_cost": 222.2222222222222, "overshoot_cost": 63.3240905549352, "power_cost": 19.63274754638672, "noise_cost": 14.362728905300441, "n_waypoints_completed": 7, "tot_waypoints": 9}}
{"target": -932.7896719498028, "params": {"k_pid_pos": [2.0, 0.9930501580238342, 0.005786031484603882], "k_pid_alt": [1.907417893409729, 0.9999966621398926, 0.034511685371398926], "k_pid_att": [100.0, 0.27820831537246704, 0.9877207279205322], "k_pid_yaw": [0.5, 1e-06, 0.1], "k_pid_hsp": [9.828497886657715, 0.9779214859008789, 0.014695286750793457], "k_pid_vsp": [41.89326858520508, 371.45343017578125, 7.60630464553833]}, "datetime": {"datetime": "2025-08-21 17:20:04", "elapsed": 30920.727033138275, "delta": 24.563871383666992}, "costs": {"total_cost": 932.7896719498028, "time_cost": 150, "final_distance_cost": 58.24432987661254, "oscillation_cost": 80.3352701350307, "completition_cost": 555.5555555555555, "overshoot_cost": 54.87304165737208, "power_cost": 18.63821376953125, "noise_cost": 15.143260955700686, "n_waypoints_completed": 4, "tot_waypoints": 9}}
{"target": -1274.085722412252, "params": {"k_pid_pos": [2.0, 0.9813807606697083, 6.258487701416016e-07], "k_pid_alt": [1.8900336027145386, 1.0, 0.022842228412628174], "k_pid_att": [100.0, 0.21297794580459595, 0.9906153678894043], "k_pid_yaw": [0.5, 1e-06, 0.1], "k_pid_hsp": [9.864767074584961, 0.9878952503204346, 0.006317704916000366], "k_pid_vsp": [34.36200714111328, 398.7560729980469, 1.1238822937011719]}, "datetime": {"datetime": "2025-08-21 17:20:28", "elapsed": 30944.702041387558, "delta": 23.975008249282837}, "costs": {"total_cost": 1274.085722412252, "time_cost": 150, "final_distance_cost": 72.02708786358178, "oscillation_cost": 78.21334841854794, "completition_cost": 888.8888888888888, "overshoot_cost": 46.88793156940501, "power_cost": 22.54698387451172, "noise_cost": 15.521481797316653, "n_waypoints_completed": 1, "tot_waypoints": 9}}
{"target": -1061.2897305577765, "params": {"k_pid_pos": [2.0, 0.9581090211868286, 0.0], "k_pid_alt": [1.9283884763717651, 1.0, 0.0022170841693878174], "k_pid_att": [100.0, 0.4317408800125122, 0.982903242111206], "k_pid_yaw": [0.5, 1e-06, 0.1], "k_pid_hsp": [9.893339157104492, 0.9913667440414429, 0.015525609254837036], "k_pid_vsp": [13.754451751708984, 388.7975158691406, 12.744022369384766]}, "datetime": {"datetime": "2025-08-21 17:20:52", "elapsed": 30968.48759174347, "delta": 23.785550355911255}, "costs": {"total_cost": 1061.2897305577765, "time_cost": 150, "final_distance_cost": 60.254631059388494, "oscillation_cost": 92.37569559572555, "completition_cost": 666.6666666666667, "overshoot_cost": 55.014429205402884, "power_cost": 21.906796972656252, "noise_cost": 15.071511057936517, "n_waypoints_completed": 3, "tot_waypoints": 9}}
{"target": -1361.7664138403998, "params": {"k_pid_pos": [2.0, 0.9086883068084717, 6.80685043334961e-05], "k_pid_alt": [1.990358591079712, 1.0, 0.016382426023483276], "k_pid_att": [100.0, 0.2205267995595932, 0.9802806973457336], "k_pid_yaw": [0.5, 1e-06, 0.1], "k_pid_hsp": [9.963204383850098, 0.9982137680053711, 0.06577107310295105], "k_pid_vsp": [21.796489715576172, 389.57403564453125, 2.412534713745117]}, "datetime": {"datetime": "2025-08-21 17:21:15", "elapsed": 30992.391546964645, "delta": 23.903955221176147}, "costs": {"total_cost": 1361.7664138403998, "time_cost": 150, "final_distance_cost": 36.07107340156339, "oscillation_cost": 94.1529667302225, "completition_cost": 1000.0, "overshoot_cost": 42.83294022164087, "power_cost": 22.867164099121094, "noise_cost": 15.842269387851907, "n_waypoints_completed": 0, "tot_waypoints": 9}}
{"target": -1171.4896174805551, "params": {"k_pid_pos": [2.0, 0.9943907260894775, 0.09636664390563965], "k_pid_alt": [1.9876205921173096, 0.9998743534088135, 0.013177156448364258], "k_pid_att": [99.98743438720703, 0.1008138582110405, 0.9380507469177246], "k_pid_yaw": [0.5, 1e-06, 0.1], "k_pid_hsp": [9.690177917480469, 0.9949828386306763, 0.032598912715911865], "k_pid_vsp": [3.733503818511963, 379.2985534667969, 0.9589324593544006]}, "datetime": {"datetime": "2025-08-21 17:21:40", "elapsed": 31016.860762119293, "delta": 24.469215154647827}, "costs": {"total_cost": 1171.4896174805551, "time_cost": 150, "final_distance_cost": 68.35107047094891, "oscillation_cost": 91.89527648751849, "completition_cost": 777.7777777777778, "overshoot_cost": 43.445354008750044, "power_cost": 23.888341345214844, "noise_cost": 16.131797390345056, "n_waypoints_completed": 2, "tot_waypoints": 9}}
{"target": -1018.5266697949008, "params": {"k_pid_pos": [2.0, 0.9821560978889465, 0.9999997615814209], "k_pid_alt": [1.5367307662963867, 0.9999999403953552, 0.06083476543426514], "k_pid_att": [99.9967041015625, 0.24947021901607513, 0.8832695484161377], "k_pid_yaw": [0.5, 1e-06, 0.1], "k_pid_hsp": [9.978757858276367, 0.9906904697418213, 0.04826900362968445], "k_pid_vsp": [10.673666000366211, 385.39520263671875, 2.4711976051330566]}, "datetime": {"datetime": "2025-08-21 17:22:02", "elapsed": 31039.36415529251, "delta": 22.503393173217773}, "costs": {"total_cost": 1018.5266697949008, "time_cost": 150, "final_distance_cost": 46.39968307297929, "oscillation_cost": 182.09473120540653, "completition_cost": 555.5555555555555, "overshoot_cost": 50.1567286727157, "power_cost": 19.27554403076172, "noise_cost": 15.04442725748216, "n_waypoints_completed": 4, "tot_waypoints": 9}}
{"target": -1195.382902610822, "params": {"k_pid_pos": [2.0, 0.9964989423751831, 0.0003643631935119629], "k_pid_alt": [1.9750349521636963, 0.9999921321868896, 0.028693825006484985], "k_pid_att": [100.0, 0.11856692284345627, 0.9958493709564209], "k_pid_yaw": [0.5, 1e-06, 0.1], "k_pid_hsp": [9.688239097595215, 0.9388104677200317, 0.0503811240196228], "k_pid_vsp": [2.2562026977539062, 394.0107727050781, 1.0649333000183105]}, "datetime": {"datetime": "2025-08-21 17:22:28", "elapsed": 31064.486494779587, "delta": 25.122339487075806}, "costs": {"total_cost": 1195.382902610822, "time_cost": 150, "final_distance_cost": 80.78149447721842, "oscillation_cost": 96.47197380270346, "completition_cost": 777.7777777777778, "overshoot_cost": 50.026973881901185, "power_cost": 24.01011934814453, "noise_cost": 16.314563323076413, "n_waypoints_completed": 2, "tot_waypoints": 9}}
{"target": -839.1490954318255, "params": {"k_pid_pos": [2.0, 0.9908287525177002, 0.9997274875640869], "k_pid_alt": [1.94999098777771, 1.0, 0.01215142011642456], "k_pid_att": [100.0, 0.21166755259037018, 0.9916287660598755], "k_pid_yaw": [0.5, 1e-06, 0.1], "k_pid_hsp": [9.784923553466797, 0.965273380279541, 0.022290199995040894], "k_pid_vsp": [3.8181066513061523, 393.7097473144531, 5.050278663635254]}, "datetime": {"datetime": "2025-08-21 17:22:51", "elapsed": 31088.417936325073, "delta": 23.93144154548645}, "costs": {"total_cost": 839.1490954318255, "time_cost": 150, "final_distance_cost": 67.94417264915322, "oscillation_cost": 198.7641195245614, "completition_cost": 333.33333333333337, "overshoot_cost": 49.12705443094095, "power_cost": 22.49305791015625, "noise_cost": 17.487357583680232, "n_waypoints_completed": 6, "tot_waypoints": 9}}
{"target": -1043.741968881222, "params": {"k_pid_pos": [2.0, 0.9876315593719482, 0.7151735424995422], "k_pid_alt": [1.9875376224517822, 1.0, 0.050470203161239624], "k_pid_att": [5.00020694732666, 0.05059237778186798, 0.9971336722373962], "k_pid_yaw": [0.5, 1e-06, 0.1], "k_pid_hsp": [9.885351181030273, 0.9769346714019775, 0.011345744132995605], "k_pid_vsp": [5.019402503967285, 396.2785339355469, 6.404973030090332]}, "datetime": {"datetime": "2025-08-21 17:23:16", "elapsed": 31112.86425948143, "delta": 24.44632315635681}, "costs": {"total_cost": 1043.741968881222, "time_cost": 150, "final_distance_cost": 51.123699582235034, "oscillation_cost": 81.32686119413317, "completition_cost": 666.6666666666667, "overshoot_cost": 56.39797712713873, "power_cost": 22.094465380859376, "noise_cost": 16.132298930188803, "n_waypoints_completed": 3, "tot_waypoints": 9}}
{"target": -1176.2888845118637, "params": {"k_pid_pos": [2.0, 0.999035120010376, 2.7120113372802734e-06], "k_pid_alt": [1.9945521354675293, 1.0, 0.015709012746810913], "k_pid_att": [100.0, 0.037714626640081406, 0.9863321185112], "k_pid_yaw": [0.5, 1e-06, 0.1], "k_pid_hsp": [9.709150314331055, 0.9235396385192871, 0.005574941635131836], "k_pid_vsp": [14.35507583618164, 392.0210876464844, 4.5268425941467285]}, "datetime": {"datetime": "2025-08-21 17:23:39", "elapsed": 31136.240705490112, "delta": 23.37644600868225}, "costs": {"total_cost": 1176.2888845118637, "time_cost": 150, "final_distance_cost": 83.57580032336305, "oscillation_cost": 86.5552387501557, "completition_cost": 777.7777777777778, "overshoot_cost": 46.20824880835473, "power_cost": 18.782733984375, "noise_cost": 13.389084867837305, "n_waypoints_completed": 2, "tot_waypoints": 9}}
{"target": -824.7168048880026, "params": {"k_pid_pos": [1.9998250007629395, 0.9992127418518066, 0.9999998807907104], "k_pid_alt": [1.9424176216125488, 1.0, 0.011141419410705566], "k_pid_att": [100.0, 0.06948328763246536, 0.9977762699127197], "k_pid_yaw": [0.5, 1e-06, 0.1], "k_pid_hsp": [9.919949531555176, 0.9918520450592041, 0.005071014165878296], "k_pid_vsp": [1.326000690460205, 393.5905456542969, 7.05388879776001]}, "datetime": {"datetime": "2025-08-21 17:24:03", "elapsed": 31159.81076192856, "delta": 23.570056438446045}, "costs": {"total_cost": 824.7168048880026, "time_cost": 150, "final_distance_cost": 64.61945751901206, "oscillation_cost": 185.78023739836783, "completition_cost": 333.33333333333337, "overshoot_cost": 57.28262571792281, "power_cost": 18.886559973144532, "noise_cost": 14.81459094622194, "n_waypoints_completed": 6, "tot_waypoints": 9}}
{"target": -1168.9936093208282, "params": {"k_pid_pos": [2.0, 0.9531063437461853, 3.8743019104003906e-07], "k_pid_alt": [1.9768376350402832, 1.0, 0.025051921606063843], "k_pid_att": [87.35855865478516, 0.2437872737646103, 0.9843118190765381], "k_pid_yaw": [0.5, 1e-06, 0.1], "k_pid_hsp": [9.646004676818848, 0.9935745000839233, 0.010940909385681152], "k_pid_vsp": [6.968855857849121, 398.6451416015625, 0.9845743775367737]}, "datetime": {"datetime": "2025-08-21 17:24:28", "elapsed": 31184.55010509491, "delta": 24.73934316635132}, "costs": {"total_cost": 1168.9936093208282, "time_cost": 150, "final_distance_cost": 77.98601146404064, "oscillation_cost": 80.58352824194648, "completition_cost": 777.7777777777778, "overshoot_cost": 44.8598128997171, "power_cost": 22.602220861816406, "noise_cost": 15.184258075529577, "n_waypoints_completed": 2, "tot_waypoints": 9}}
{"target": -827.7870501615344, "params": {"k_pid_pos": [2.0, 0.9897587299346924, 0.4015374481678009], "k_pid_alt": [1.9610435962677002, 1.0, 0.006822258234024048], "k_pid_att": [99.99995422363281, 0.33990803360939026, 0.9989546537399292], "k_pid_yaw": [0.5, 1e-06, 0.1], "k_pid_hsp": [9.841625213623047, 0.9754647016525269, 0.012930452823638916], "k_pid_vsp": [18.749130249023438, 391.8634338378906, 9.26122760772705]}, "datetime": {"datetime": "2025-08-21 17:24:52", "elapsed": 31208.545709848404, "delta": 23.995604753494263}, "costs": {"total_cost": 827.7870501615344, "time_cost": 150, "final_distance_cost": 55.40298821735216, "oscillation_cost": 92.98697385262709, "completition_cost": 444.4444444444444, "overshoot_cost": 49.48268143309093, "power_cost": 19.87688260498047, "noise_cost": 15.593079609039195, "n_waypoints_completed": 5, "tot_waypoints": 9}}
