{"target": -923.6214270188398, "params": {"k_pid_pos": [2.0, 0.9953979849815369, 1.0], "k_pid_alt": [1.9770684242248535, 1.0, 0.0067916810512542725], "k_pid_att": [100.0, 0.062362391501665115, 0.9813104867935181], "k_pid_yaw": [0.5, 1e-06, 0.1], "k_pid_hsp": [9.951964378356934, 0.9789812564849854, 0.006509989500045776], "k_pid_vsp": [2.7177929878234863, 380.7669982910156, 11.467875480651855]}, "datetime": {"datetime": "2025-08-22 00:05:24", "elapsed": 55240.8952665329, "delta": 21.06914496421814}, "costs": {"total_cost": 923.6214270188398, "time_cost": 150, "final_distance_cost": 52.86285632621371, "oscillation_cost": 195.09624202408003, "completition_cost": 444.4444444444444, "overshoot_cost": 48.25769507433376, "power_cost": 19.05562634277344, "noise_cost": 13.904562806994484, "n_waypoints_completed": 5, "tot_waypoints": 9}}
{"target": -847.4750639339303, "params": {"k_pid_pos": [2.0, 0.9657429456710815, 1.0], "k_pid_alt": [1.913917064666748, 1.0, 0.006371915340423584], "k_pid_att": [100.0, 0.18980836868286133, 0.993423581123352], "k_pid_yaw": [0.5, 1e-06, 0.1], "k_pid_hsp": [9.803842544555664, 0.98851078748703, 0.0027080178260803223], "k_pid_vsp": [5.851113796234131, 398.1191101074219, 10.23159122467041]}, "datetime": {"datetime": "2025-08-22 00:05:47", "elapsed": 55263.96481204033, "delta": 23.06954550743103}, "costs": {"total_cost": 847.4750639339303, "time_cost": 150, "final_distance_cost": 56.55702898060384, "oscillation_cost": 106.29089514341095, "completition_cost": 444.4444444444444, "overshoot_cost": 48.7007027007187, "power_cost": 23.806791223144533, "noise_cost": 17.675201441608053, "n_waypoints_completed": 5, "tot_waypoints": 9}}
{"target": -574.6058585377752, "params": {"k_pid_pos": [2.0, 0.8551234602928162, 1.0], "k_pid_alt": [1.993840217590332, 1.0, 0.01959860324859619], "k_pid_att": [100.0, 0.5208641886711121, 0.9949854016304016], "k_pid_yaw": [0.5, 1e-06, 0.1], "k_pid_hsp": [9.78453254699707, 0.9888441562652588, 0.005325496196746826], "k_pid_vsp": [18.37167739868164, 390.7883605957031, 13.30431842803955]}, "datetime": {"datetime": "2025-08-22 00:06:09", "elapsed": 55285.904846429825, "delta": 21.94003438949585}, "costs": {"total_cost": 574.6058585377752, "time_cost": 150, "final_distance_cost": 66.21628197785577, "oscillation_cost": 151.2216410695464, "completition_cost": 111.11111111111116, "overshoot_cost": 54.210605499261774, "power_cost": 24.807627722167968, "noise_cost": 17.038591157832226, "n_waypoints_completed": 8, "tot_waypoints": 9}}
{"target": -939.2171837519022, "params": {"k_pid_pos": [2.0, 0.9761340618133545, 1.0], "k_pid_alt": [1.9741535186767578, 1.0, 0.01336824893951416], "k_pid_att": [100.0, 0.14490267634391785, 0.9787242412567139], "k_pid_yaw": [0.5, 1e-06, 0.1], "k_pid_hsp": [9.972023010253906, 0.9956727623939514, 0.02197486162185669], "k_pid_vsp": [0.5335569381713867, 398.8386535644531, 1.5768537521362305]}, "datetime": {"datetime": "2025-08-22 00:06:32", "elapsed": 55308.98307943344, "delta": 23.078233003616333}, "costs": {"total_cost": 939.2171837519022, "time_cost": 150, "final_distance_cost": 48.706897631798924, "oscillation_cost": 207.435728078112, "completition_cost": 444.4444444444444, "overshoot_cost": 54.931623901181275, "power_cost": 18.813121533203127, "noise_cost": 14.885368163162468, "n_waypoints_completed": 5, "tot_waypoints": 9}}
{"target": -568.4160134541498, "params": {"k_pid_pos": [2.0, 0.9855211973190308, 1.0], "k_pid_alt": [1.9965684413909912, 1.0, 0.02628973126411438], "k_pid_att": [100.0, 0.32609567046165466, 0.9881507158279419], "k_pid_yaw": [0.5, 1e-06, 0.1], "k_pid_hsp": [9.783477783203125, 0.9931744933128357, 0.009388089179992676], "k_pid_vsp": [2.4286866188049316, 397.6252136230469, 7.520962715148926]}, "datetime": {"datetime": "2025-08-22 00:06:55", "elapsed": 55331.86988520622, "delta": 22.886805772781372}, "costs": {"total_cost": 568.4160134541498, "time_cost": 150, "final_distance_cost": 53.315052531789995, "oscillation_cost": 154.374736597607, "completition_cost": 111.11111111111116, "overshoot_cost": 59.448484505706105, "power_cost": 23.134680407714846, "noise_cost": 17.03194830022078, "n_waypoints_completed": 8, "tot_waypoints": 9}}
{"target": -835.5367139595471, "params": {"k_pid_pos": [2.0, 0.9866985082626343, 1.0], "k_pid_alt": [1.9968267679214478, 1.0, 0.011855930089950562], "k_pid_att": [100.0, 0.25953853130340576, 0.9770090579986572], "k_pid_yaw": [0.5, 1e-06, 0.1], "k_pid_hsp": [9.95720386505127, 0.9899967908859253, 0.013916701078414917], "k_pid_vsp": [6.603491306304932, 385.868896484375, 3.449941635131836]}, "datetime": {"datetime": "2025-08-22 00:07:17", "elapsed": 55354.02723240852, "delta": 22.157347202301025}, "costs": {"total_cost": 835.5367139595471, "time_cost": 150, "final_distance_cost": 69.88879885680825, "oscillation_cost": 191.87141422407103, "completition_cost": 333.33333333333337, "overshoot_cost": 53.053053260118006, "power_cost": 22.033042211914065, "noise_cost": 15.357072073302424, "n_waypoints_completed": 6, "tot_waypoints": 9}}
{"target": -1019.9799460896196, "params": {"k_pid_pos": [2.0, 0.9795841574668884, 1.0], "k_pid_alt": [1.843866229057312, 1.0, 0.002443760633468628], "k_pid_att": [100.0, 0.13381274044513702, 0.9768364429473877], "k_pid_yaw": [0.5, 1e-06, 0.1], "k_pid_hsp": [9.8916597366333, 0.9818041920661926, 0.08078718185424805], "k_pid_vsp": [1.3608336448669434, 394.9262390136719, 3.2394537925720215]}, "datetime": {"datetime": "2025-08-22 00:07:40", "elapsed": 55377.30049061775, "delta": 23.273258209228516}, "costs": {"total_cost": 1019.9799460896196, "time_cost": 150, "final_distance_cost": 42.069111071506754, "oscillation_cost": 186.89213165597994, "completition_cost": 555.5555555555555, "overshoot_cost": 48.303446639319795, "power_cost": 21.207427673339843, "noise_cost": 15.952273493917827, "n_waypoints_completed": 4, "tot_waypoints": 9}}
{"target": -667.0526668958905, "params": {"k_pid_pos": [2.0, 0.9894406199455261, 1.0], "k_pid_alt": [1.9758689403533936, 1.0, 0.0053879618644714355], "k_pid_att": [100.0, 0.19723175466060638, 0.9819504022598267], "k_pid_yaw": [0.5, 1e-06, 0.1], "k_pid_hsp": [9.865832328796387, 0.9919362664222717, 0.003868579864501953], "k_pid_vsp": [0.7025003433227539, 396.5477600097656, 19.08437156677246]}, "datetime": {"datetime": "2025-08-22 00:08:02", "elapsed": 55398.66809916496, "delta": 21.367608547210693}, "costs": {"total_cost": 667.0526668958905, "time_cost": 150, "final_distance_cost": 64.20376411962111, "oscillation_cost": 142.3126224439381, "completition_cost": 222.2222222222222, "overshoot_cost": 50.31284296269607, "power_cost": 22.328125524902344, "noise_cost": 15.673089622510682, "n_waypoints_completed": 7, "tot_waypoints": 9}}
{"target": -356.5024109923543, "params": {"k_pid_pos": [2.0, 0.9846837520599365, 1.0], "k_pid_alt": [1.9165170192718506, 1.0, 0.01136559247970581], "k_pid_att": [100.0, 0.19385428726673126, 0.9755781888961792], "k_pid_yaw": [0.5, 1e-06, 0.1], "k_pid_hsp": [9.897043228149414, 0.9845523834228516, 0.02407655119895935], "k_pid_vsp": [32.00397491455078, 391.8807373046875, 6.805301666259766]}, "datetime": {"datetime": "2025-08-22 00:08:24", "elapsed": 55420.53425240517, "delta": 21.866153240203857}, "costs": {"total_cost": 356.5024109923543, "time_cost": 97.496, "final_distance_cost": 1.772349712133431, "oscillation_cost": 163.4603260654379, "completition_cost": 0.0, "overshoot_cost": 55.663672415230266, "power_cost": 20.88292724609375, "noise_cost": 17.227135553458975, "n_waypoints_completed": 9, "tot_waypoints": 9}}
{"target": -827.592618184289, "params": {"k_pid_pos": [2.0, 0.9972525238990784, 1.0], "k_pid_alt": [1.9961981773376465, 1.0, 0.03708621859550476], "k_pid_att": [100.0, 0.15091344714164734, 0.985292911529541], "k_pid_yaw": [0.5, 1e-06, 0.1], "k_pid_hsp": [9.893885612487793, 0.9728673100471497, 0.05267035961151123], "k_pid_vsp": [4.386806488037109, 397.6484680175781, 5.856669902801514]}, "datetime": {"datetime": "2025-08-22 00:08:45", "elapsed": 55442.04193639755, "delta": 21.507683992385864}, "costs": {"total_cost": 827.592618184289, "time_cost": 150, "final_distance_cost": 56.97264216955685, "oscillation_cost": 203.6496486051805, "completition_cost": 333.33333333333337, "overshoot_cost": 48.931745862800554, "power_cost": 20.1769748046875, "noise_cost": 14.528273408730346, "n_waypoints_completed": 6, "tot_waypoints": 9}}
{"target": -811.9472207690687, "params": {"k_pid_pos": [2.0, 0.9856961369514465, 1.0], "k_pid_alt": [1.987281322479248, 1.0, 0.03255626559257507], "k_pid_att": [100.0, 0.06734707951545715, 0.9903684854507446], "k_pid_yaw": [0.5, 1e-06, 0.1], "k_pid_hsp": [9.979839324951172, 0.9809560179710388, 0.04463109374046326], "k_pid_vsp": [3.857266902923584, 371.90643310546875, 10.607279777526855]}, "datetime": {"datetime": "2025-08-22 00:09:08", "elapsed": 55465.37805080414, "delta": 23.336114406585693}, "costs": {"total_cost": 811.9472207690687, "time_cost": 150, "final_distance_cost": 64.73645838865437, "oscillation_cost": 164.77535017665693, "completition_cost": 333.33333333333337, "overshoot_cost": 57.49498864323497, "power_cost": 23.664427294921875, "noise_cost": 17.94266293226723, "n_waypoints_completed": 6, "tot_waypoints": 9}}
{"target": -575.0750311690488, "params": {"k_pid_pos": [2.0, 0.9754964113235474, 1.0], "k_pid_alt": [1.9871282577514648, 1.0, 0.0072380900382995605], "k_pid_att": [100.0, 0.017486799508333206, 0.9525765180587769], "k_pid_yaw": [0.5, 1e-06, 0.1], "k_pid_hsp": [9.821475982666016, 0.9940756559371948, 0.01225540041923523], "k_pid_vsp": [5.794823169708252, 394.40484619140625, 1.3200769424438477]}, "datetime": {"datetime": "2025-08-22 00:09:29", "elapsed": 55486.26151919365, "delta": 20.88346838951111}, "costs": {"total_cost": 575.0750311690488, "time_cost": 150, "final_distance_cost": 58.87178549298932, "oscillation_cost": 159.99182739849817, "completition_cost": 111.11111111111116, "overshoot_cost": 60.212704302889016, "power_cost": 20.598404443359374, "noise_cost": 14.289198420201718, "n_waypoints_completed": 8, "tot_waypoints": 9}}
{"target": -677.2437162326612, "params": {"k_pid_pos": [2.0, 0.9787535071372986, 1.0], "k_pid_alt": [1.9954519271850586, 1.0, 0.016680479049682617], "k_pid_att": [100.0, 0.04377993568778038, 0.9856192469596863], "k_pid_yaw": [0.5, 1e-06, 0.1], "k_pid_hsp": [9.28406810760498, 0.9804282188415527, 0.0035806000232696533], "k_pid_vsp": [2.6298880577087402, 397.449951171875, 12.929988861083984]}, "datetime": {"datetime": "2025-08-22 00:09:52", "elapsed": 55508.96508336067, "delta": 22.703564167022705}, "costs": {"total_cost": 677.2437162326612, "time_cost": 150, "final_distance_cost": 72.70259441627122, "oscillation_cost": 136.555395061659, "completition_cost": 222.2222222222222, "overshoot_cost": 54.13705834958394, "power_cost": 23.85325340576172, "noise_cost": 17.77319277716307, "n_waypoints_completed": 7, "tot_waypoints": 9}}
{"target": -841.7245150432209, "params": {"k_pid_pos": [2.0, 0.9956783056259155, 1.0], "k_pid_alt": [1.9758269786834717, 1.0, 0.006804019212722778], "k_pid_att": [100.0, 0.24259549379348755, 0.999431312084198], "k_pid_yaw": [0.5, 1e-06, 0.1], "k_pid_hsp": [9.4153413772583, 0.9467642903327942, 0.024648338556289673], "k_pid_vsp": [7.3441267013549805, 393.03326416015625, 2.8096327781677246]}, "datetime": {"datetime": "2025-08-22 00:10:14", "elapsed": 55531.192237854004, "delta": 22.22715449333191}, "costs": {"total_cost": 841.7245150432209, "time_cost": 150, "final_distance_cost": 65.81668988872842, "oscillation_cost": 205.27944166303078, "completition_cost": 333.33333333333337, "overshoot_cost": 52.4824994647116, "power_cost": 19.35464743652344, "noise_cost": 15.457903256893207, "n_waypoints_completed": 6, "tot_waypoints": 9}}
{"target": -577.9255486097805, "params": {"k_pid_pos": [2.0, 0.9875982403755188, 1.0], "k_pid_alt": [1.973992109298706, 1.0, 0.031902819871902466], "k_pid_att": [100.0, 0.07923421263694763, 0.9955756664276123], "k_pid_yaw": [0.5, 1e-06, 0.1], "k_pid_hsp": [9.935053825378418, 0.9798815250396729, 0.005569338798522949], "k_pid_vsp": [5.667316913604736, 390.69439697265625, 0.6689081788063049]}, "datetime": {"datetime": "2025-08-22 00:10:35", "elapsed": 55552.06140041351, "delta": 20.869162559509277}, "costs": {"total_cost": 577.9255486097805, "time_cost": 150, "final_distance_cost": 62.33846058303152, "oscillation_cost": 162.93677075452737, "completition_cost": 111.11111111111116, "overshoot_cost": 56.88863782856716, "power_cost": 20.349294580078126, "noise_cost": 14.301273752465237, "n_waypoints_completed": 8, "tot_waypoints": 9}}
{"target": -571.6993520766669, "params": {"k_pid_pos": [2.0, 0.9695231914520264, 0.9999967813491821], "k_pid_alt": [1.970194935798645, 1.0, 0.004355072975158691], "k_pid_att": [100.0, 0.6674853563308716, 0.9972149133682251], "k_pid_yaw": [0.5, 1e-06, 0.1], "k_pid_hsp": [9.886127471923828, 0.9859970808029175, 0.001893162727355957], "k_pid_vsp": [6.3277363777160645, 399.197998046875, 14.454842567443848]}, "datetime": {"datetime": "2025-08-22 00:10:58", "elapsed": 55575.245695114136, "delta": 23.18429470062256}, "costs": {"total_cost": 571.6993520766669, "time_cost": 150, "final_distance_cost": 65.07431879431424, "oscillation_cost": 155.0272741557829, "completition_cost": 111.11111111111116, "overshoot_cost": 53.53459354198867, "power_cost": 20.8842451171875, "noise_cost": 16.067809356282375, "n_waypoints_completed": 8, "tot_waypoints": 9}}
{"target": -691.3055380988318, "params": {"k_pid_pos": [2.0, 0.9865140914916992, 1.0], "k_pid_alt": [1.9484233856201172, 1.0, 0.015393972396850586], "k_pid_att": [100.0, 0.1908341497182846, 0.9896807670593262], "k_pid_yaw": [0.5, 1e-06, 0.1], "k_pid_hsp": [9.894556045532227, 0.9823945164680481, 0.013095319271087646], "k_pid_vsp": [2.6984572410583496, 393.0714111328125, 11.643828392028809]}, "datetime": {"datetime": "2025-08-22 00:11:20", "elapsed": 55596.43286681175, "delta": 21.187171697616577}, "costs": {"total_cost": 691.3055380988318, "time_cost": 150, "final_distance_cost": 72.5992521344092, "oscillation_cost": 145.0609348458686, "completition_cost": 222.2222222222222, "overshoot_cost": 62.71770209122723, "power_cost": 22.71994725341797, "noise_cost": 15.985479551686629, "n_waypoints_completed": 7, "tot_waypoints": 9}}
{"target": -348.0376555001758, "params": {"k_pid_pos": [2.0, 0.9840863943099976, 1.0], "k_pid_alt": [1.978869080543518, 0.9999998807907104, 0.00981321930885315], "k_pid_att": [100.0, 0.06247653067111969, 0.9751182198524475], "k_pid_yaw": [0.5, 1e-06, 0.1], "k_pid_hsp": [9.86316967010498, 0.982930064201355, 0.0025300979614257812], "k_pid_vsp": [3.8286566734313965, 396.39886474609375, 11.50710678100586]}, "datetime": {"datetime": "2025-08-22 00:11:42", "elapsed": 55618.4738612175, "delta": 22.04099440574646}, "costs": {"total_cost": 348.0376555001758, "time_cost": 96.888, "final_distance_cost": 1.7727712350017968, "oscillation_cost": 148.60996394928281, "completition_cost": 0.0, "overshoot_cost": 64.43458137077658, "power_cost": 20.969816210937502, "noise_cost": 15.362522734177105, "n_waypoints_completed": 9, "tot_waypoints": 9}}
{"target": -562.2971981631123, "params": {"k_pid_pos": [2.0, 0.9752488732337952, 1.0], "k_pid_alt": [1.9644615650177002, 1.0, 0.011970937252044678], "k_pid_att": [100.0, 0.06283058226108551, 0.9266993999481201], "k_pid_yaw": [0.5, 1e-06, 0.1], "k_pid_hsp": [9.861519813537598, 0.9787468910217285, 0.004235416650772095], "k_pid_vsp": [2.735757827758789, 394.68084716796875, 9.378982543945312]}, "datetime": {"datetime": "2025-08-22 00:12:04", "elapsed": 55640.937759160995, "delta": 22.463897943496704}, "costs": {"total_cost": 562.2971981631123, "time_cost": 150, "final_distance_cost": 67.39973943110519, "oscillation_cost": 141.51493753013943, "completition_cost": 111.11111111111116, "overshoot_cost": 56.265361789487045, "power_cost": 20.521941125488283, "noise_cost": 15.48410717578127, "n_waypoints_completed": 8, "tot_waypoints": 9}}
{"target": -338.79111759941526, "params": {"k_pid_pos": [2.0, 0.9988657236099243, 1.0], "k_pid_alt": [1.9737728834152222, 1.0, 0.00890091061592102], "k_pid_att": [100.0, 0.03444206714630127, 0.9903221130371094], "k_pid_yaw": [0.5, 1e-06, 0.1], "k_pid_hsp": [9.947880744934082, 0.99717116355896, 0.0017732083797454834], "k_pid_vsp": [11.30979061126709, 394.6576232910156, 6.150485038757324]}, "datetime": {"datetime": "2025-08-22 00:12:26", "elapsed": 55662.58172750473, "delta": 21.64396834373474}, "costs": {"total_cost": 338.79111759941526, "time_cost": 99.392, "final_distance_cost": 1.7161412568349022, "oscillation_cost": 138.39867200136817, "completition_cost": 0.0, "overshoot_cost": 59.210734765920996, "power_cost": 23.53240802001953, "noise_cost": 16.54116155527164, "n_waypoints_completed": 9, "tot_waypoints": 9}}
{"target": -1259.4109472544128, "params": {"k_pid_pos": [2.0, 0.9915489554405212, 1.0], "k_pid_alt": [1.9908121824264526, 1.0, 0.004580587148666382], "k_pid_att": [100.0, 0.28535184264183044, 0.9773533344268799], "k_pid_yaw": [0.5, 1e-06, 0.1], "k_pid_hsp": [9.899819374084473, 0.9926738739013672, 0.03234770894050598], "k_pid_vsp": [1.4287114143371582, 367.81048583984375, 3.729630470275879]}, "datetime": {"datetime": "2025-08-22 00:12:48", "elapsed": 55685.31187915802, "delta": 22.730151653289795}, "costs": {"total_cost": 1259.4109472544128, "time_cost": 150, "final_distance_cost": 77.42550036866487, "oscillation_cost": 256.84807592155073, "completition_cost": 666.6666666666667, "overshoot_cost": 75.42506851629736, "power_cost": 19.069234350585937, "noise_cost": 13.97640143064734, "n_waypoints_completed": 3, "tot_waypoints": 9}}
{"target": -1117.3404949405488, "params": {"k_pid_pos": [2.0, 0.9973562955856323, 1.0], "k_pid_alt": [1.9899377822875977, 0.9999998807907104, 0.004483580589294434], "k_pid_att": [100.0, 0.4013192653656006, 0.9972376227378845], "k_pid_yaw": [0.5, 1e-06, 0.1], "k_pid_hsp": [9.957320213317871, 0.9769234657287598, 0.010735660791397095], "k_pid_vsp": [1.1456966400146484, 391.1373291015625, 3.828991413116455]}, "datetime": {"datetime": "2025-08-22 00:13:09", "elapsed": 55706.420295238495, "delta": 21.108416080474854}, "costs": {"total_cost": 1117.3404949405488, "time_cost": 150, "final_distance_cost": 110.59724842241542, "oscillation_cost": 202.65715452362028, "completition_cost": 555.5555555555555, "overshoot_cost": 66.48614105834798, "power_cost": 18.19451998291016, "noise_cost": 13.849875397699298, "n_waypoints_completed": 4, "tot_waypoints": 9}}
{"target": -929.0229905859462, "params": {"k_pid_pos": [2.0, 0.995924711227417, 1.0], "k_pid_alt": [1.860561728477478, 1.0, 0.024176806211471558], "k_pid_att": [100.0, 0.0934491828083992, 0.9964733123779297], "k_pid_yaw": [0.5, 1e-06, 0.1], "k_pid_hsp": [9.720458984375, 0.9972066879272461, 0.07082369923591614], "k_pid_vsp": [20.339584350585938, 391.333984375, 40.81203842163086]}, "datetime": {"datetime": "2025-08-22 00:13:34", "elapsed": 55731.106880664825, "delta": 24.686585426330566}, "costs": {"total_cost": 929.0229905859462, "time_cost": 150, "final_distance_cost": 53.50920365050888, "oscillation_cost": 197.7717954692573, "completition_cost": 444.4444444444444, "overshoot_cost": 49.64689563161603, "power_cost": 18.967003820800784, "noise_cost": 14.683647569318905, "n_waypoints_completed": 5, "tot_waypoints": 9}}
{"target": -918.7130785492955, "params": {"k_pid_pos": [2.0, 0.9902503490447998, 1.0], "k_pid_alt": [1.9241631031036377, 1.0, 0.0555344820022583], "k_pid_att": [100.0, 0.09209646284580231, 0.9967303276062012], "k_pid_yaw": [0.5, 1e-06, 0.1], "k_pid_hsp": [9.972679138183594, 0.9913701415061951, 0.0031592845916748047], "k_pid_vsp": [6.702935695648193, 396.9103088378906, 5.3248772621154785]}, "datetime": {"datetime": "2025-08-22 00:13:55", "elapsed": 55752.27706837654, "delta": 21.1701877117157}, "costs": {"total_cost": 918.7130785492955, "time_cost": 150, "final_distance_cost": 53.95580954849812, "oscillation_cost": 187.77652167785442, "completition_cost": 444.4444444444444, "overshoot_cost": 48.829418518794995, "power_cost": 18.897652673339845, "noise_cost": 14.809231686363697, "n_waypoints_completed": 5, "tot_waypoints": 9}}
{"target": -577.7495868839906, "params": {"k_pid_pos": [2.0, 0.9806421995162964, 1.0], "k_pid_alt": [1.9404202699661255, 1.0, 0.0031897127628326416], "k_pid_att": [100.0, 0.07791636139154434, 0.9960624575614929], "k_pid_yaw": [0.5, 1e-06, 0.1], "k_pid_hsp": [9.926519393920898, 0.9891160726547241, 0.029697656631469727], "k_pid_vsp": [2.5819897651672363, 390.53692626953125, 0.9453783631324768]}, "datetime": {"datetime": "2025-08-22 00:14:18", "elapsed": 55775.22825527191, "delta": 22.951186895370483}, "costs": {"total_cost": 577.7495868839906, "time_cost": 150, "final_distance_cost": 66.04432801417506, "oscillation_cost": 151.1477160136321, "completition_cost": 111.11111111111116, "overshoot_cost": 54.894598360150916, "power_cost": 25.67402293701172, "noise_cost": 18.87781044790961, "n_waypoints_completed": 8, "tot_waypoints": 9}}
{"target": -694.6533594026979, "params": {"k_pid_pos": [2.0, 0.993873119354248, 1.0], "k_pid_alt": [1.971116542816162, 1.0, 0.006194055080413818], "k_pid_att": [100.0, 0.13042692840099335, 0.9927154779434204], "k_pid_yaw": [0.5, 1e-06, 0.1], "k_pid_hsp": [9.926894187927246, 0.9978371858596802, 0.012455105781555176], "k_pid_vsp": [2.5928616523742676, 398.5107116699219, 6.250084400177002]}, "datetime": {"datetime": "2025-08-22 00:14:40", "elapsed": 55796.92759037018, "delta": 21.6993350982666}, "costs": {"total_cost": 694.6533594026979, "time_cost": 150, "final_distance_cost": 72.14861860212822, "oscillation_cost": 142.00323121595622, "completition_cost": 222.2222222222222, "overshoot_cost": 60.48098351931383, "power_cost": 26.90532957763672, "noise_cost": 20.892974265440735, "n_waypoints_completed": 7, "tot_waypoints": 9}}
