{"target": -1173.2594339174245, "params": {"k_pid_pos": [1.999999761581421, 0.9708515405654907, 0.00024068355560302734], "k_pid_alt": [1.988004207611084, 1.0, 0.008062899112701416], "k_pid_att": [100.0, 0.39324769377708435, 0.9887706637382507], "k_pid_yaw": [0.5, 1e-06, 0.1], "k_pid_hsp": [9.793949127197266, 0.9933991432189941, 0.029086053371429443], "k_pid_vsp": [22.322250366210938, 356.44775390625, 3.1883130073547363]}, "datetime": {"datetime": "2025-08-21 18:05:01", "elapsed": 33617.844297885895, "delta": 23.507736206054688}, "costs": {"total_cost": 1173.2594339174245, "time_cost": 150, "final_distance_cost": 68.07728925624544, "oscillation_cost": 98.77805128556355, "completition_cost": 777.7777777777778, "overshoot_cost": 44.02102634770774, "power_cost": 20.11581199951172, "noise_cost": 14.489477250618481, "n_waypoints_completed": 2, "tot_waypoints": 9}}
{"target": -1058.0382541865158, "params": {"k_pid_pos": [2.0, 0.9925456047058105, 0.00856044888496399], "k_pid_alt": [1.9409971237182617, 1.0, 0.06413659453392029], "k_pid_att": [100.0, 0.13987864553928375, 0.9874070882797241], "k_pid_yaw": [0.5, 1e-06, 0.1], "k_pid_hsp": [9.948953628540039, 0.9966088533401489, 0.00972554087638855], "k_pid_vsp": [1.5690326690673828, 390.2449035644531, 9.717095375061035]}, "datetime": {"datetime": "2025-08-21 18:05:25", "elapsed": 33642.03653407097, "delta": 24.192236185073853}, "costs": {"total_cost": 1058.0382541865158, "time_cost": 150, "final_distance_cost": 52.531893106313206, "oscillation_cost": 76.38586003562578, "completition_cost": 666.6666666666667, "overshoot_cost": 56.9311054615903, "power_cost": 27.112030517578127, "noise_cost": 28.41069839874167, "n_waypoints_completed": 3, "tot_waypoints": 9}}
{"target": -1177.9756955890202, "params": {"k_pid_pos": [2.0, 0.9424916505813599, 1.7911195755004883e-05], "k_pid_alt": [1.970383882522583, 1.0, 0.038012951612472534], "k_pid_att": [100.0, 0.659578263759613, 0.9890809655189514], "k_pid_yaw": [0.5, 1e-06, 0.1], "k_pid_hsp": [9.883814811706543, 0.9804199934005737, 0.011643797159194946], "k_pid_vsp": [24.36474609375, 286.8623962402344, 6.87691068649292]}, "datetime": {"datetime": "2025-08-21 18:05:49", "elapsed": 33666.38627028465, "delta": 24.349736213684082}, "costs": {"total_cost": 1177.9756955890202, "time_cost": 150, "final_distance_cost": 89.35179727060344, "oscillation_cost": 81.74336908007665, "completition_cost": 777.7777777777778, "overshoot_cost": 43.44555615367457, "power_cost": 20.760219287109376, "noise_cost": 14.896976019778585, "n_waypoints_completed": 2, "tot_waypoints": 9}}
{"target": -1158.0481459994023, "params": {"k_pid_pos": [2.0, 0.9934797286987305, 1.0], "k_pid_alt": [1.987597942352295, 1.0, 0.004266679286956787], "k_pid_att": [100.0, 0.4307559132575989, 0.9962114095687866], "k_pid_yaw": [0.5, 1e-06, 0.1], "k_pid_hsp": [9.094868659973145, 0.991385817527771, 0.06233048439025879], "k_pid_vsp": [4.187345504760742, 397.8434143066406, 7.4560770988464355]}, "datetime": {"datetime": "2025-08-21 18:06:14", "elapsed": 33690.59199357033, "delta": 24.20572328567505}, "costs": {"total_cost": 1158.0481459994023, "time_cost": 150, "final_distance_cost": 51.84055155753274, "oscillation_cost": 202.79099671046566, "completition_cost": 666.6666666666667, "overshoot_cost": 54.491602324241086, "power_cost": 18.408644860839846, "noise_cost": 13.849683879656375, "n_waypoints_completed": 3, "tot_waypoints": 9}}
{"target": -1276.7808811279435, "params": {"k_pid_pos": [2.0, 0.9918245077133179, 0.8404552936553955], "k_pid_alt": [1.9830254316329956, 1.0, 0.02078142762184143], "k_pid_att": [100.0, 0.06894416362047195, 0.9969456195831299], "k_pid_yaw": [0.5, 1e-06, 0.1], "k_pid_hsp": [9.787001609802246, 0.9919049143791199, 0.04693594574928284], "k_pid_vsp": [6.786036491394043, 395.32867431640625, 4.858828544616699]}, "datetime": {"datetime": "2025-08-21 18:06:37", "elapsed": 33713.540095090866, "delta": 22.94810152053833}, "costs": {"total_cost": 1276.7808811279435, "time_cost": 150, "final_distance_cost": 92.43857163082421, "oscillation_cost": 178.86291548958258, "completition_cost": 777.7777777777778, "overshoot_cost": 45.10474523875872, "power_cost": 18.71031864013672, "noise_cost": 13.88655235086334, "n_waypoints_completed": 2, "tot_waypoints": 9}}
{"target": -683.2911750727261, "params": {"k_pid_pos": [2.0, 0.9723244905471802, 1.0], "k_pid_alt": [1.9905980825424194, 1.0, 0.0030816197395324707], "k_pid_att": [100.0, 0.08105123788118362, 0.9935951232910156], "k_pid_yaw": [0.5, 1e-06, 0.1], "k_pid_hsp": [9.946328163146973, 0.9654861092567444, 0.010224640369415283], "k_pid_vsp": [14.814209938049316, 386.4723815917969, 3.919638156890869]}, "datetime": {"datetime": "2025-08-21 18:07:01", "elapsed": 33738.155398368835, "delta": 24.61530327796936}, "costs": {"total_cost": 683.2911750727261, "time_cost": 150, "final_distance_cost": 64.5983429682161, "oscillation_cost": 159.77681762667285, "completition_cost": 222.2222222222222, "overshoot_cost": 48.123780873728684, "power_cost": 21.598800048828124, "noise_cost": 16.971211333058186, "n_waypoints_completed": 7, "tot_waypoints": 9}}
{"target": -1238.3698129590484, "params": {"k_pid_pos": [2.0, 0.991084098815918, 0.9841346740722656], "k_pid_alt": [1.9865317344665527, 1.0, 0.02555176615715027], "k_pid_att": [100.0, 0.5292128920555115, 0.9842633008956909], "k_pid_yaw": [0.5, 1e-06, 0.1], "k_pid_hsp": [9.618877410888672, 0.9877738952636719, 0.011866450309753418], "k_pid_vsp": [3.947126865386963, 394.2789001464844, 3.9715418815612793]}, "datetime": {"datetime": "2025-08-21 18:07:26", "elapsed": 33763.079693078995, "delta": 24.9242947101593}, "costs": {"total_cost": 1238.3698129590484, "time_cost": 150, "final_distance_cost": 90.41395822037998, "oscillation_cost": 141.11960557462487, "completition_cost": 777.7777777777778, "overshoot_cost": 42.83591243185823, "power_cost": 21.396135168457032, "noise_cost": 14.82642378595046, "n_waypoints_completed": 2, "tot_waypoints": 9}}
{"target": -660.8629595274374, "params": {"k_pid_pos": [2.0, 0.9886239767074585, 0.9999999403953552], "k_pid_alt": [1.993778944015503, 1.0, 0.03469973802566528], "k_pid_att": [100.0, 0.1842818707227707, 0.9670180082321167], "k_pid_yaw": [0.5, 1e-06, 0.1], "k_pid_hsp": [8.531021118164062, 0.9907819032669067, 0.0033119916915893555], "k_pid_vsp": [3.4227728843688965, 350.94915771484375, 2.851975917816162]}, "datetime": {"datetime": "2025-08-21 18:07:49", "elapsed": 33786.36872267723, "delta": 23.289029598236084}, "costs": {"total_cost": 660.8629595274374, "time_cost": 150, "final_distance_cost": 65.82881213248025, "oscillation_cost": 133.83527184233677, "completition_cost": 222.2222222222222, "overshoot_cost": 53.8546486628817, "power_cost": 20.76935946044922, "noise_cost": 14.35264520706737, "n_waypoints_completed": 7, "tot_waypoints": 9}}
{"target": -1047.2133861016334, "params": {"k_pid_pos": [2.0, 0.9775608777999878, 0.0027177035808563232], "k_pid_alt": [1.9616844654083252, 1.0, 0.006493806838989258], "k_pid_att": [100.0, 0.14883475005626678, 0.9704277515411377], "k_pid_yaw": [0.5, 1e-06, 0.1], "k_pid_hsp": [9.716537475585938, 0.9914960861206055, 0.0017977654933929443], "k_pid_vsp": [0.6631731986999512, 389.31884765625, 0.7111440300941467]}, "datetime": {"datetime": "2025-08-21 18:08:14", "elapsed": 33810.69361639023, "delta": 24.324893712997437}, "costs": {"total_cost": 1047.2133861016334, "time_cost": 150, "final_distance_cost": 54.53419615199157, "oscillation_cost": 85.74292566420775, "completition_cost": 666.6666666666667, "overshoot_cost": 52.38278133254078, "power_cost": 22.14517608642578, "noise_cost": 15.741640199800926, "n_waypoints_completed": 3, "tot_waypoints": 9}}
{"target": -1200.2030551576352, "params": {"k_pid_pos": [1.9999959468841553, 0.9780679941177368, 0.9994657039642334], "k_pid_alt": [1.9225252866744995, 1.0, 0.0018809735774993896], "k_pid_att": [100.0, 0.052267253398895264, 0.9302115440368652], "k_pid_yaw": [0.5, 1e-06, 0.1], "k_pid_hsp": [9.759803771972656, 0.9671598672866821, 0.014330089092254639], "k_pid_vsp": [3.672492504119873, 398.07733154296875, 10.429931640625]}, "datetime": {"datetime": "2025-08-21 18:08:38", "elapsed": 33834.65854930878, "delta": 23.964932918548584}, "costs": {"total_cost": 1200.2030551576352, "time_cost": 150, "final_distance_cost": 79.10360641770055, "oscillation_cost": 114.92805969499841, "completition_cost": 777.7777777777778, "overshoot_cost": 45.044135264527476, "power_cost": 19.489193505859376, "noise_cost": 13.860282496771239, "n_waypoints_completed": 2, "tot_waypoints": 9}}
{"target": -669.5319960735593, "params": {"k_pid_pos": [2.0, 0.9728096127510071, 1.0], "k_pid_alt": [1.9381920099258423, 1.0, 0.0041148364543914795], "k_pid_att": [100.0, 0.07020747661590576, 0.9887041449546814], "k_pid_yaw": [0.5, 1e-06, 0.1], "k_pid_hsp": [9.840242385864258, 0.9660841822624207, 0.00573277473449707], "k_pid_vsp": [2.791869640350342, 393.1817626953125, 3.263784408569336]}, "datetime": {"datetime": "2025-08-21 18:09:01", "elapsed": 33857.651082992554, "delta": 22.992533683776855}, "costs": {"total_cost": 669.5319960735593, "time_cost": 150, "final_distance_cost": 65.16298297567056, "oscillation_cost": 134.24500726150575, "completition_cost": 222.2222222222222, "overshoot_cost": 53.73221597840096, "power_cost": 25.469993591308594, "noise_cost": 18.699574044451232, "n_waypoints_completed": 7, "tot_waypoints": 9}}
{"target": -1263.2932745315013, "params": {"k_pid_pos": [2.0, 0.9923191070556641, 0.0001576542854309082], "k_pid_alt": [1.9359478950500488, 1.0, 0.010980367660522461], "k_pid_att": [100.0, 0.11234127730131149, 0.9916126132011414], "k_pid_yaw": [0.5, 1e-06, 0.1], "k_pid_hsp": [9.959238052368164, 0.9830483198165894, 0.0522150993347168], "k_pid_vsp": [46.16455841064453, 388.6664733886719, 14.046967506408691]}, "datetime": {"datetime": "2025-08-21 18:09:25", "elapsed": 33881.98836565018, "delta": 24.33728265762329}, "costs": {"total_cost": 1263.2932745315013, "time_cost": 150, "final_distance_cost": 51.2867504195604, "oscillation_cost": 93.37873070912914, "completition_cost": 888.8888888888888, "overshoot_cost": 42.778350894660456, "power_cost": 21.749743200683596, "noise_cost": 15.210810418579147, "n_waypoints_completed": 1, "tot_waypoints": 9}}
{"target": -959.1658116651048, "params": {"k_pid_pos": [2.0, 0.9918663501739502, 1.0], "k_pid_alt": [1.9731276035308838, 1.0, 0.0017795264720916748], "k_pid_att": [100.0, 0.17748969793319702, 0.9444171190261841], "k_pid_yaw": [0.5, 1e-06, 0.1], "k_pid_hsp": [9.934602737426758, 0.9843822717666626, 0.04404270648956299], "k_pid_vsp": [4.495799541473389, 393.3318176269531, 16.097620010375977]}, "datetime": {"datetime": "2025-08-21 18:09:49", "elapsed": 33906.400840997696, "delta": 24.41247534751892}, "costs": {"total_cost": 959.1658116651048, "time_cost": 150, "final_distance_cost": 68.60802989748831, "oscillation_cost": 208.88551277973716, "completition_cost": 444.4444444444444, "overshoot_cost": 53.67825654265253, "power_cost": 19.40022674560547, "noise_cost": 14.149341255176864, "n_waypoints_completed": 5, "tot_waypoints": 9}}
{"target": -802.145606325273, "params": {"k_pid_pos": [2.0, 0.9903080463409424, 0.999996542930603], "k_pid_alt": [1.0119459629058838, 1.0, 0.02387908101081848], "k_pid_att": [100.0, 0.09577850252389908, 0.9939730763435364], "k_pid_yaw": [0.5, 1e-06, 0.1], "k_pid_hsp": [9.922637939453125, 0.9932145476341248, 0.05328226089477539], "k_pid_vsp": [13.285314559936523, 395.0194091796875, 3.8903722763061523]}, "datetime": {"datetime": "2025-08-21 18:10:12", "elapsed": 33929.05703186989, "delta": 22.656190872192383}, "costs": {"total_cost": 802.145606325273, "time_cost": 150, "final_distance_cost": 52.50297016516712, "oscillation_cost": 174.17212782239648, "completition_cost": 333.33333333333337, "overshoot_cost": 50.171704470904054, "power_cost": 23.80459130859375, "noise_cost": 18.160879224878165, "n_waypoints_completed": 6, "tot_waypoints": 9}}
{"target": -971.5600016140996, "params": {"k_pid_pos": [1.9999990463256836, 0.9793700575828552, 0.0], "k_pid_alt": [1.9612085819244385, 1.0, 0.06596583127975464], "k_pid_att": [100.0, 0.2888699769973755, 0.9929196238517761], "k_pid_yaw": [0.5, 1e-06, 0.1], "k_pid_hsp": [9.937187194824219, 0.9577412605285645, 0.02328827977180481], "k_pid_vsp": [1.011049747467041, 390.15130615234375, 5.574441909790039]}, "datetime": {"datetime": "2025-08-21 18:10:38", "elapsed": 33955.03857564926, "delta": 25.98154377937317}, "costs": {"total_cost": 971.5600016140996, "time_cost": 150, "final_distance_cost": 45.10279620697284, "oscillation_cost": 129.17473025887855, "completition_cost": 555.5555555555555, "overshoot_cost": 59.10753331091901, "power_cost": 18.403362451171876, "noise_cost": 14.21602383060176, "n_waypoints_completed": 4, "tot_waypoints": 9}}
{"target": -804.4239283515617, "params": {"k_pid_pos": [2.0, 0.9918230772018433, 1.0], "k_pid_alt": [1.901623249053955, 1.0, 0.02006426453590393], "k_pid_att": [100.0, 0.3479861617088318, 0.9700214266777039], "k_pid_yaw": [0.5, 1e-06, 0.1], "k_pid_hsp": [9.742573738098145, 0.9719326496124268, 0.07523667812347412], "k_pid_vsp": [8.723187446594238, 387.9094543457031, 11.4203462600708]}, "datetime": {"datetime": "2025-08-21 18:11:03", "elapsed": 33980.1204097271, "delta": 25.081834077835083}, "costs": {"total_cost": 804.4239283515617, "time_cost": 150, "final_distance_cost": 54.28025047928903, "oscillation_cost": 179.59732808149585, "completition_cost": 333.33333333333337, "overshoot_cost": 54.645209096124965, "power_cost": 18.08363620605469, "noise_cost": 14.484171155263711, "n_waypoints_completed": 6, "tot_waypoints": 9}}
{"target": -826.9268062715583, "params": {"k_pid_pos": [2.0, 0.9723601937294006, 1.0], "k_pid_alt": [1.9731454849243164, 1.0, 0.02658042311668396], "k_pid_att": [100.0, 0.045792464166879654, 0.9932743310928345], "k_pid_yaw": [0.5, 1e-06, 0.1], "k_pid_hsp": [9.880410194396973, 0.9879021048545837, 0.18633630871772766], "k_pid_vsp": [19.129180908203125, 377.88189697265625, 10.992504119873047]}, "datetime": {"datetime": "2025-08-21 18:11:26", "elapsed": 34002.85541629791, "delta": 22.73500657081604}, "costs": {"total_cost": 826.9268062715583, "time_cost": 150, "final_distance_cost": 68.89777053103488, "oscillation_cost": 180.95536098518704, "completition_cost": 333.33333333333337, "overshoot_cost": 49.6288520499585, "power_cost": 25.219718225097658, "noise_cost": 18.891771146947036, "n_waypoints_completed": 6, "tot_waypoints": 9}}
{"target": -931.2671908213129, "params": {"k_pid_pos": [2.0, 0.9900758266448975, 1.0], "k_pid_alt": [1.9879828691482544, 0.999998927116394, 0.060745954513549805], "k_pid_att": [100.0, 0.09948736429214478, 0.9790140390396118], "k_pid_yaw": [0.5, 1e-06, 0.1], "k_pid_hsp": [9.817262649536133, 0.9906616806983948, 0.01969236135482788], "k_pid_vsp": [0.4343271255493164, 388.3473815917969, 5.903149604797363]}, "datetime": {"datetime": "2025-08-21 18:11:51", "elapsed": 34027.66636753082, "delta": 24.810951232910156}, "costs": {"total_cost": 931.2671908213129, "time_cost": 150, "final_distance_cost": 53.48598997042151, "oscillation_cost": 198.3797552678125, "completition_cost": 444.4444444444444, "overshoot_cost": 50.32857003928224, "power_cost": 20.242435766601563, "noise_cost": 14.38599533275069, "n_waypoints_completed": 5, "tot_waypoints": 9}}
{"target": -781.5356538052858, "params": {"k_pid_pos": [2.0, 0.9892221689224243, 0.9998223781585693], "k_pid_alt": [1.9578373432159424, 0.9999791383743286, 0.01021510362625122], "k_pid_att": [100.0, 0.07835594564676285, 0.977141261100769], "k_pid_yaw": [0.5, 1e-06, 0.1], "k_pid_hsp": [9.191332817077637, 0.9943909645080566, 0.0022432804107666016], "k_pid_vsp": [34.172760009765625, 392.0699157714844, 1.1118063926696777]}, "datetime": {"datetime": "2025-08-21 18:12:15", "elapsed": 34051.78708815575, "delta": 24.120720624923706}, "costs": {"total_cost": 781.5356538052858, "time_cost": 150, "final_distance_cost": 67.91332910328215, "oscillation_cost": 141.75262707295713, "completition_cost": 333.33333333333337, "overshoot_cost": 52.523858728907335, "power_cost": 20.016631188964844, "noise_cost": 15.99587437784094, "n_waypoints_completed": 6, "tot_waypoints": 9}}
{"target": -660.5682509367762, "params": {"k_pid_pos": [2.0, 0.9798262715339661, 0.9999984502792358], "k_pid_alt": [1.4900809526443481, 1.0, 0.08705449104309082], "k_pid_att": [100.0, 0.06477396935224533, 0.9894776344299316], "k_pid_yaw": [0.5, 1e-06, 0.1], "k_pid_hsp": [9.761100769042969, 0.991822361946106, 0.011339038610458374], "k_pid_vsp": [1.1756300926208496, 397.8521728515625, 20.0748233795166]}, "datetime": {"datetime": "2025-08-21 18:12:37", "elapsed": 34074.272434949875, "delta": 22.485346794128418}, "costs": {"total_cost": 660.5682509367762, "time_cost": 150, "final_distance_cost": 69.41412266110042, "oscillation_cost": 115.72724846080126, "completition_cost": 222.2222222222222, "overshoot_cost": 55.806144123295894, "power_cost": 27.178589855957032, "noise_cost": 20.219923613399377, "n_waypoints_completed": 7, "tot_waypoints": 9}}
{"target": -725.41934640991, "params": {"k_pid_pos": [2.0, 0.9940334558486938, 1.0], "k_pid_alt": [1.858670711517334, 1.0, 0.029299616813659668], "k_pid_att": [100.0, 0.06037072092294693, 0.9906843900680542], "k_pid_yaw": [0.5, 1e-06, 0.1], "k_pid_hsp": [9.917214393615723, 0.9754642248153687, 0.02718636393547058], "k_pid_vsp": [8.438098907470703, 392.3650207519531, 7.2372565269470215]}, "datetime": {"datetime": "2025-08-21 18:13:01", "elapsed": 34098.38172006607, "delta": 24.10928511619568}, "costs": {"total_cost": 725.41934640991, "time_cost": 150, "final_distance_cost": 71.47281879033717, "oscillation_cost": 187.28329280259268, "completition_cost": 222.2222222222222, "overshoot_cost": 52.090657681290395, "power_cost": 24.082371423339843, "noise_cost": 18.267983490127705, "n_waypoints_completed": 7, "tot_waypoints": 9}}
{"target": -939.265005759166, "params": {"k_pid_pos": [2.0, 0.9881695508956909, 0.9988946914672852], "k_pid_alt": [1.8857502937316895, 1.0, 0.031111449003219604], "k_pid_att": [100.0, 0.13356448709964752, 0.9920567274093628], "k_pid_yaw": [0.5, 1e-06, 0.1], "k_pid_hsp": [9.966229438781738, 0.97586989402771, 0.01761150360107422], "k_pid_vsp": [1.7595171928405762, 397.7322082519531, 1.9818673133850098]}, "datetime": {"datetime": "2025-08-21 18:13:26", "elapsed": 34122.55045461655, "delta": 24.168734550476074}, "costs": {"total_cost": 939.265005759166, "time_cost": 150, "final_distance_cost": 53.671427245722796, "oscillation_cost": 205.38367538032227, "completition_cost": 444.4444444444444, "overshoot_cost": 50.83196695440831, "power_cost": 19.58022548828125, "noise_cost": 15.353266245987063, "n_waypoints_completed": 5, "tot_waypoints": 9}}
{"target": -691.9363379984841, "params": {"k_pid_pos": [2.0, 0.99082350730896, 1.0], "k_pid_alt": [1.861042857170105, 1.0, 0.009623020887374878], "k_pid_att": [100.0, 0.5078010559082031, 0.9918152093887329], "k_pid_yaw": [0.5, 1e-06, 0.1], "k_pid_hsp": [8.927064895629883, 0.9882071018218994, 0.035883814096450806], "k_pid_vsp": [21.992660522460938, 392.8269958496094, 38.26881790161133]}, "datetime": {"datetime": "2025-08-21 18:13:50", "elapsed": 34146.552527189255, "delta": 24.00207257270813}, "costs": {"total_cost": 691.9363379984841, "time_cost": 150, "final_distance_cost": 64.89915825467875, "oscillation_cost": 163.81959062310972, "completition_cost": 222.2222222222222, "overshoot_cost": 48.53160885114054, "power_cost": 24.20470007324219, "noise_cost": 18.259057974090773, "n_waypoints_completed": 7, "tot_waypoints": 9}}
{"target": -935.79418559415, "params": {"k_pid_pos": [2.0, 0.9912286400794983, 1.4901161193847656e-07], "k_pid_alt": [1.994450569152832, 1.0, 0.03889453411102295], "k_pid_att": [100.0, 0.33539867401123047, 0.9724932312965393], "k_pid_yaw": [0.5, 1e-06, 0.1], "k_pid_hsp": [9.88693904876709, 0.9519397616386414, 0.03838947415351868], "k_pid_vsp": [24.16623878479004, 396.9392395019531, 15.015995979309082]}, "datetime": {"datetime": "2025-08-21 18:14:13", "elapsed": 34169.43769979477, "delta": 22.885172605514526}, "costs": {"total_cost": 935.79418559415, "time_cost": 150, "final_distance_cost": 45.91536162456804, "oscillation_cost": 89.56175505155983, "completition_cost": 555.5555555555555, "overshoot_cost": 56.52523470439183, "power_cost": 22.451779345703127, "noise_cost": 15.784499312371715, "n_waypoints_completed": 4, "tot_waypoints": 9}}
{"target": -1184.8492174838866, "params": {"k_pid_pos": [2.0, 0.9897986650466919, 2.9802322387695312e-08], "k_pid_alt": [1.9310957193374634, 1.0, 0.01978495717048645], "k_pid_att": [100.0, 0.01048809103667736, 0.9456363916397095], "k_pid_yaw": [0.5, 1e-06, 0.1], "k_pid_hsp": [9.841391563415527, 0.9978724122047424, 0.005885392427444458], "k_pid_vsp": [3.1844377517700195, 397.5693359375, 7.869924068450928]}, "datetime": {"datetime": "2025-08-21 18:14:37", "elapsed": 34194.088732481, "delta": 24.65103268623352}, "costs": {"total_cost": 1184.8492174838866, "time_cost": 150, "final_distance_cost": 96.42975232102549, "oscillation_cost": 77.72722431425663, "completition_cost": 777.7777777777778, "overshoot_cost": 43.08908760169185, "power_cost": 23.760457556152346, "noise_cost": 16.064917912982285, "n_waypoints_completed": 2, "tot_waypoints": 9}}
