{"target": -736.5724673254689, "params": {"k_pid_pos": [2.0, 0.9747140407562256, 0.9999971389770508], "k_pid_alt": [1.867114782333374, 0.9999921917915344, 0.02076759934425354], "k_pid_att": [100.0, 0.21841412782669067, 0.9978305101394653], "k_pid_yaw": [0.5, 1e-06, 0.1], "k_pid_hsp": [9.915663719177246, 0.9989149570465088, 0.002535313367843628], "k_pid_vsp": [9.077417373657227, 396.6654968261719, 34.12358856201172]}, "datetime": {"datetime": "2025-08-21 20:15:50", "elapsed": 41467.29885101318, "delta": 24.08868956565857}, "costs": {"total_cost": 736.5724673254689, "time_cost": 150, "final_distance_cost": 61.48200163754102, "oscillation_cost": 101.4945487124162, "completition_cost": 333.33333333333337, "overshoot_cost": 49.73863817776236, "power_cost": 23.31798956298828, "noise_cost": 17.205955901427686, "n_waypoints_completed": 6, "tot_waypoints": 9}}
{"target": -334.03527088575555, "params": {"k_pid_pos": [2.0, 0.9328574538230896, 0.9995250701904297], "k_pid_alt": [1.951595425605774, 0.9999027252197266, 0.03292292356491089], "k_pid_att": [100.0, 0.044415611773729324, 0.9785938262939453], "k_pid_yaw": [0.5, 1e-06, 0.1], "k_pid_hsp": [9.69224739074707, 0.9684863686561584, 0.005986630916595459], "k_pid_vsp": [28.87430191040039, 398.21173095703125, 3.5646328926086426]}, "datetime": {"datetime": "2025-08-21 20:16:15", "elapsed": 41491.93148446083, "delta": 24.632633447647095}, "costs": {"total_cost": 334.03527088575555, "time_cost": 97.416, "final_distance_cost": 1.7573671660949772, "oscillation_cost": 143.4638758818369, "completition_cost": 0.0, "overshoot_cost": 55.13606101368305, "power_cost": 19.886337231445314, "noise_cost": 16.375629592695326, "n_waypoints_completed": 9, "tot_waypoints": 9}}
{"target": -812.0733264775154, "params": {"k_pid_pos": [2.0, 0.9923596382141113, 0.9998323917388916], "k_pid_alt": [1.9937983751296997, 1.0, 0.0036719441413879395], "k_pid_att": [100.0, 0.15248818695545197, 0.9996047019958496], "k_pid_yaw": [0.5, 1e-06, 0.1], "k_pid_hsp": [9.889120101928711, 0.9874343276023865, 0.005218952894210815], "k_pid_vsp": [2.125537395477295, 366.9314270019531, 2.1222004890441895]}, "datetime": {"datetime": "2025-08-21 20:16:39", "elapsed": 41515.94042849541, "delta": 24.008944034576416}, "costs": {"total_cost": 812.0733264775154, "time_cost": 150, "final_distance_cost": 61.77421335747949, "oscillation_cost": 182.39915550962402, "completition_cost": 333.33333333333337, "overshoot_cost": 51.39585780898312, "power_cost": 18.630081701660156, "noise_cost": 14.54068476643522, "n_waypoints_completed": 6, "tot_waypoints": 9}}
{"target": -856.3166342820687, "params": {"k_pid_pos": [2.0, 0.9899865388870239, 1.0], "k_pid_alt": [1.94558584690094, 1.0, 0.023534148931503296], "k_pid_att": [100.0, 0.37452903389930725, 0.9914403557777405], "k_pid_yaw": [0.5, 1e-06, 0.1], "k_pid_hsp": [9.842122077941895, 0.9915175437927246, 0.010632067918777466], "k_pid_vsp": [5.596601963043213, 394.040283203125, 5.536175727844238]}, "datetime": {"datetime": "2025-08-21 20:17:02", "elapsed": 41539.22768354416, "delta": 23.28725504875183}, "costs": {"total_cost": 856.3166342820687, "time_cost": 150, "final_distance_cost": 58.111937756606835, "oscillation_cost": 226.175267103964, "completition_cost": 333.33333333333337, "overshoot_cost": 56.33702957704293, "power_cost": 18.519662939453127, "noise_cost": 13.839403571668402, "n_waypoints_completed": 6, "tot_waypoints": 9}}
{"target": -1192.3015820666908, "params": {"k_pid_pos": [2.0, 0.9987733960151672, 8.600950241088867e-05], "k_pid_alt": [1.9930577278137207, 1.0, 0.0024628937244415283], "k_pid_att": [100.0, 0.1918027102947235, 0.9621893167495728], "k_pid_yaw": [0.5, 1e-06, 0.1], "k_pid_hsp": [9.934392929077148, 0.9963028430938721, 0.01607164740562439], "k_pid_vsp": [2.393341064453125, 397.40802001953125, 14.897358894348145]}, "datetime": {"datetime": "2025-08-21 20:17:27", "elapsed": 41563.715384721756, "delta": 24.487701177597046}, "costs": {"total_cost": 1192.3015820666908, "time_cost": 150, "final_distance_cost": 94.25691612750255, "oscillation_cost": 89.47716170546254, "completition_cost": 777.7777777777778, "overshoot_cost": 44.617682809070885, "power_cost": 21.471642749023438, "noise_cost": 14.700400897853617, "n_waypoints_completed": 2, "tot_waypoints": 9}}
{"target": -395.07196778241695, "params": {"k_pid_pos": [2.0, 0.9911571145057678, 0.999998927116394], "k_pid_alt": [1.7490129470825195, 1.0, 0.007627159357070923], "k_pid_att": [100.0, 0.23380568623542786, 0.9977182745933533], "k_pid_yaw": [0.5, 1e-06, 0.1], "k_pid_hsp": [9.759526252746582, 0.938606858253479, 0.07807207107543945], "k_pid_vsp": [1.6295671463012695, 394.7456359863281, 17.523183822631836]}, "datetime": {"datetime": "2025-08-21 20:17:49", "elapsed": 41586.19378948212, "delta": 22.478404760360718}, "costs": {"total_cost": 395.07196778241695, "time_cost": 99.32000000000001, "final_distance_cost": 1.7668650356484195, "oscillation_cost": 197.68853995255188, "completition_cost": 0.0, "overshoot_cost": 59.99611297385145, "power_cost": 21.250457177734376, "noise_cost": 15.049992642630821, "n_waypoints_completed": 9, "tot_waypoints": 9}}
{"target": -692.113644456997, "params": {"k_pid_pos": [2.0, 0.9860427975654602, 0.9999970197677612], "k_pid_alt": [1.9871466159820557, 1.0, 0.0008140206336975098], "k_pid_att": [100.0, 0.0811239555478096, 0.9944396018981934], "k_pid_yaw": [0.5, 1e-06, 0.1], "k_pid_hsp": [9.922676086425781, 0.9918455481529236, 0.012076199054718018], "k_pid_vsp": [11.2138032913208, 385.0706787109375, 23.591461181640625]}, "datetime": {"datetime": "2025-08-21 20:18:15", "elapsed": 41611.46354794502, "delta": 25.269758462905884}, "costs": {"total_cost": 692.113644456997, "time_cost": 150, "final_distance_cost": 71.83706130650219, "oscillation_cost": 162.66053577272623, "completition_cost": 222.2222222222222, "overshoot_cost": 48.022585977499205, "power_cost": 20.985832568359378, "noise_cost": 16.385406609687912, "n_waypoints_completed": 7, "tot_waypoints": 9}}
{"target": -730.0635474379802, "params": {"k_pid_pos": [2.0, 0.9774748086929321, 0.9999997615814209], "k_pid_alt": [1.9595938920974731, 1.0, 0.017367035150527954], "k_pid_att": [100.0, 0.7543153166770935, 0.984898030757904], "k_pid_yaw": [0.5, 1e-06, 0.1], "k_pid_hsp": [9.878684997558594, 0.9914600253105164, 0.01712360978126526], "k_pid_vsp": [1.045525074005127, 399.52154541015625, 3.2074222564697266]}, "datetime": {"datetime": "2025-08-21 20:18:41", "elapsed": 41637.84432697296, "delta": 26.380779027938843}, "costs": {"total_cost": 730.0635474379802, "time_cost": 150, "final_distance_cost": 76.81357998498562, "oscillation_cost": 191.54974451643955, "completition_cost": 222.2222222222222, "overshoot_cost": 56.11094160190565, "power_cost": 19.431931970214844, "noise_cost": 13.935127142212414, "n_waypoints_completed": 7, "tot_waypoints": 9}}
{"target": -722.2456349901714, "params": {"k_pid_pos": [2.0, 0.9964735507965088, 0.9999955892562866], "k_pid_alt": [1.9955337047576904, 0.9999999403953552, 0.03876465559005737], "k_pid_att": [100.0, 0.17227940261363983, 0.9645376205444336], "k_pid_yaw": [0.5, 1e-06, 0.1], "k_pid_hsp": [9.824753761291504, 0.9820796251296997, 0.016063690185546875], "k_pid_vsp": [3.499424457550049, 396.3089904785156, 10.032487869262695]}, "datetime": {"datetime": "2025-08-21 20:19:05", "elapsed": 41661.634011268616, "delta": 23.789684295654297}, "costs": {"total_cost": 722.2456349901714, "time_cost": 150, "final_distance_cost": 71.68626553358455, "oscillation_cost": 186.15878882015016, "completition_cost": 222.2222222222222, "overshoot_cost": 51.2194265678177, "power_cost": 23.145994360351562, "noise_cost": 17.81293748604529, "n_waypoints_completed": 7, "tot_waypoints": 9}}
{"target": -928.5356131551889, "params": {"k_pid_pos": [2.0, 0.9943089485168457, 3.8743019104003906e-07], "k_pid_alt": [1.9764885902404785, 1.0, 0.021870195865631104], "k_pid_att": [100.0, 0.14567454159259796, 0.9838508367538452], "k_pid_yaw": [0.5, 1e-06, 0.1], "k_pid_hsp": [9.420598983764648, 0.9981369376182556, 0.006645917892456055], "k_pid_vsp": [10.32975959777832, 395.8408203125, 2.4612197875976562]}, "datetime": {"datetime": "2025-08-21 20:19:30", "elapsed": 41687.12818932533, "delta": 25.49417805671692}, "costs": {"total_cost": 928.5356131551889, "time_cost": 150, "final_distance_cost": 52.494370897949075, "oscillation_cost": 85.54366894443564, "completition_cost": 555.5555555555555, "overshoot_cost": 51.17163737395461, "power_cost": 19.222975, "noise_cost": 14.547405383294063, "n_waypoints_completed": 4, "tot_waypoints": 9}}
{"target": -970.7935228225485, "params": {"k_pid_pos": [2.0, 0.9985662698745728, 1.0], "k_pid_alt": [1.9904693365097046, 1.0, 0.02867799997329712], "k_pid_att": [100.0, 0.06468754261732101, 0.9026054739952087], "k_pid_yaw": [0.5, 1e-06, 0.1], "k_pid_hsp": [9.94654655456543, 0.9946175217628479, 0.03898113965988159], "k_pid_vsp": [1.9866943359375, 394.5986633300781, 0.281799852848053]}, "datetime": {"datetime": "2025-08-21 20:19:55", "elapsed": 41711.50839686394, "delta": 24.380207538604736}, "costs": {"total_cost": 970.7935228225485, "time_cost": 150, "final_distance_cost": 53.77467474071732, "oscillation_cost": 231.36485363454173, "completition_cost": 444.4444444444444, "overshoot_cost": 56.22297441999126, "power_cost": 19.73100993652344, "noise_cost": 15.255565646330417, "n_waypoints_completed": 5, "tot_waypoints": 9}}
{"target": -987.1406733317376, "params": {"k_pid_pos": [2.0, 0.9958130121231079, 1.0], "k_pid_alt": [1.9691920280456543, 1.0, 0.038194477558135986], "k_pid_att": [100.0, 0.03209754079580307, 0.9764576554298401], "k_pid_yaw": [0.5, 1e-06, 0.1], "k_pid_hsp": [9.913480758666992, 0.9728108644485474, 0.03129225969314575], "k_pid_vsp": [11.552392959594727, 345.37664794921875, 10.46505069732666]}, "datetime": {"datetime": "2025-08-21 20:20:18", "elapsed": 41734.851512908936, "delta": 23.34311604499817}, "costs": {"total_cost": 987.1406733317376, "time_cost": 150, "final_distance_cost": 75.37247509513178, "oscillation_cost": 228.17805719671398, "completition_cost": 444.4444444444444, "overshoot_cost": 53.634018964895084, "power_cost": 19.37766522216797, "noise_cost": 16.134012408384375, "n_waypoints_completed": 5, "tot_waypoints": 9}}
{"target": -904.0263152026805, "params": {"k_pid_pos": [2.0, 0.9677830934524536, 0.9991012215614319], "k_pid_alt": [1.7849810123443604, 1.0, 0.018731653690338135], "k_pid_att": [100.0, 0.08400193601846695, 0.9956358671188354], "k_pid_yaw": [0.5, 1e-06, 0.1], "k_pid_hsp": [9.955143928527832, 0.9661978483200073, 0.008766591548919678], "k_pid_vsp": [0.6859302520751953, 355.865966796875, 1.7350921630859375]}, "datetime": {"datetime": "2025-08-21 20:20:43", "elapsed": 41759.62954378128, "delta": 24.77803087234497}, "costs": {"total_cost": 904.0263152026805, "time_cost": 150, "final_distance_cost": 59.370258337073366, "oscillation_cost": 158.2191207497246, "completition_cost": 444.4444444444444, "overshoot_cost": 58.00896409955934, "power_cost": 19.20471442871094, "noise_cost": 14.778813143167833, "n_waypoints_completed": 5, "tot_waypoints": 9}}
{"target": -732.4679036842256, "params": {"k_pid_pos": [2.0, 0.9839429259300232, 1.0], "k_pid_alt": [1.9919075965881348, 0.9995437860488892, 0.027038097381591797], "k_pid_att": [99.90054321289062, 1.0624635219573975, 0.984731912612915], "k_pid_yaw": [0.5, 1e-06, 0.1], "k_pid_hsp": [9.933236122131348, 0.9940323829650879, 0.04979708790779114], "k_pid_vsp": [10.44609546661377, 393.4910888671875, 32.09874725341797]}, "datetime": {"datetime": "2025-08-21 20:21:06", "elapsed": 41783.4027159214, "delta": 23.77317214012146}, "costs": {"total_cost": 732.4679036842256, "time_cost": 150, "final_distance_cost": 66.84831289271192, "oscillation_cost": 209.51498904761044, "completition_cost": 222.2222222222222, "overshoot_cost": 49.67139273450689, "power_cost": 19.05679675292969, "noise_cost": 15.154190034244444, "n_waypoints_completed": 7, "tot_waypoints": 9}}
{"target": -347.15295101461857, "params": {"k_pid_pos": [2.0, 0.9117739796638489, 0.9999999403953552], "k_pid_alt": [1.9878690242767334, 1.0, 0.009117722511291504], "k_pid_att": [100.0, 0.0874786451458931, 0.9922631978988647], "k_pid_yaw": [0.5, 1e-06, 0.1], "k_pid_hsp": [9.664510726928711, 0.9758922457695007, 0.0063942670822143555], "k_pid_vsp": [86.29364776611328, 389.8659362792969, 18.40462875366211]}, "datetime": {"datetime": "2025-08-21 20:21:31", "elapsed": 41808.39987230301, "delta": 24.997156381607056}, "costs": {"total_cost": 347.15295101461857, "time_cost": 95.4, "final_distance_cost": 1.7330399227359103, "oscillation_cost": 155.19763186863736, "completition_cost": 0.0, "overshoot_cost": 56.74395820289996, "power_cost": 20.967380578613284, "noise_cost": 17.11094044173206, "n_waypoints_completed": 9, "tot_waypoints": 9}}
{"target": -890.5972562543352, "params": {"k_pid_pos": [2.0, 0.9923477172851562, 0.9999918937683105], "k_pid_alt": [1.9859206676483154, 1.0, 0.01569029688835144], "k_pid_att": [100.0, 0.05289309471845627, 0.9990042448043823], "k_pid_yaw": [0.5, 1e-06, 0.1], "k_pid_hsp": [9.83016300201416, 0.9858148694038391, 0.033870548009872437], "k_pid_vsp": [31.78459358215332, 398.2005615234375, 2.9498348236083984]}, "datetime": {"datetime": "2025-08-21 20:21:54", "elapsed": 41831.20176577568, "delta": 22.80189347267151}, "costs": {"total_cost": 890.5972562543352, "time_cost": 150, "final_distance_cost": 47.46779185379569, "oscillation_cost": 122.0547320427493, "completition_cost": 444.4444444444444, "overshoot_cost": 61.9853337733822, "power_cost": 28.915433886718752, "noise_cost": 35.729520253244864, "n_waypoints_completed": 5, "tot_waypoints": 9}}
{"target": -1148.156624213894, "params": {"k_pid_pos": [2.0, 0.9942636489868164, 1.0], "k_pid_alt": [1.9439282417297363, 0.9998838305473328, 0.015126287937164307], "k_pid_att": [100.0, 0.18079325556755066, 0.9580525159835815], "k_pid_yaw": [0.5, 1e-06, 0.1], "k_pid_hsp": [9.791634559631348, 0.9771579504013062, 0.03458496928215027], "k_pid_vsp": [14.618349075317383, 396.9536437988281, 5.838156700134277]}, "datetime": {"datetime": "2025-08-21 20:22:21", "elapsed": 41857.8153591156, "delta": 26.613593339920044}, "costs": {"total_cost": 1148.156624213894, "time_cost": 150, "final_distance_cost": 195.6912317084786, "oscillation_cost": 204.5336323798396, "completition_cost": 444.4444444444444, "overshoot_cost": 118.26839423012908, "power_cost": 19.445764611816408, "noise_cost": 15.773156839185777, "n_waypoints_completed": 5, "tot_waypoints": 9}}
{"target": -686.9455216515387, "params": {"k_pid_pos": [2.0, 0.9836134910583496, 1.0], "k_pid_alt": [1.9705734252929688, 1.0, 0.047054290771484375], "k_pid_att": [100.0, 0.11900530755519867, 0.9725168943405151], "k_pid_yaw": [0.5, 1e-06, 0.1], "k_pid_hsp": [9.858636856079102, 0.9689964652061462, 0.03802141547203064], "k_pid_vsp": [11.293279647827148, 395.9403381347656, 6.439436435699463]}, "datetime": {"datetime": "2025-08-21 20:22:44", "elapsed": 41880.53326869011, "delta": 22.717909574508667}, "costs": {"total_cost": 686.9455216515387, "time_cost": 150, "final_distance_cost": 70.6426066864986, "oscillation_cost": 145.25895745400143, "completition_cost": 222.2222222222222, "overshoot_cost": 55.3027166724339, "power_cost": 24.604044482421877, "noise_cost": 18.914974133960776, "n_waypoints_completed": 7, "tot_waypoints": 9}}
{"target": -713.0923345748239, "params": {"k_pid_pos": [2.0, 0.9942147731781006, 0.9999785423278809], "k_pid_alt": [1.9596935510635376, 1.0, 0.01993235945701599], "k_pid_att": [100.0, 1.0289195775985718, 0.9952188730239868], "k_pid_yaw": [0.5, 1e-06, 0.1], "k_pid_hsp": [9.530510902404785, 0.9761573076248169, 0.009325593709945679], "k_pid_vsp": [5.984461307525635, 393.98809814453125, 15.423036575317383]}, "datetime": {"datetime": "2025-08-21 20:23:08", "elapsed": 41904.93011403084, "delta": 24.39684534072876}, "costs": {"total_cost": 713.0923345748239, "time_cost": 150, "final_distance_cost": 67.77327175998097, "oscillation_cost": 184.2970232694169, "completition_cost": 222.2222222222222, "overshoot_cost": 52.49957608505789, "power_cost": 21.373697875976564, "noise_cost": 14.926543362169314, "n_waypoints_completed": 7, "tot_waypoints": 9}}
{"target": -548.0552250743888, "params": {"k_pid_pos": [2.0, 0.991765022277832, 1.0], "k_pid_alt": [1.9338042736053467, 1.0, 0.041373372077941895], "k_pid_att": [100.0, 0.029642745852470398, 0.9982936382293701], "k_pid_yaw": [0.5, 1e-06, 0.1], "k_pid_hsp": [9.593545913696289, 0.9842420220375061, 0.0017628371715545654], "k_pid_vsp": [15.755653381347656, 398.0207824707031, 4.474330902099609]}, "datetime": {"datetime": "2025-08-21 20:23:33", "elapsed": 41929.51158952713, "delta": 24.581475496292114}, "costs": {"total_cost": 548.0552250743888, "time_cost": 150, "final_distance_cost": 46.700134188866365, "oscillation_cost": 150.78906179320248, "completition_cost": 111.11111111111116, "overshoot_cost": 58.44942426415192, "power_cost": 17.020691430664062, "noise_cost": 13.984802286392785, "n_waypoints_completed": 8, "tot_waypoints": 9}}
{"target": -1346.2698594636092, "params": {"k_pid_pos": [0.06414192914962769, 0.9892951250076294, 1.0], "k_pid_alt": [1.987475872039795, 1.0, 0.025131314992904663], "k_pid_att": [100.0, 0.04011845588684082, 0.9798010587692261], "k_pid_yaw": [0.5, 1e-06, 0.1], "k_pid_hsp": [9.98836898803711, 0.9552335739135742, 0.02923959493637085], "k_pid_vsp": [18.24754524230957, 388.2474365234375, 57.269954681396484]}, "datetime": {"datetime": "2025-08-21 20:23:56", "elapsed": 41953.39618349075, "delta": 23.884593963623047}, "costs": {"total_cost": 1346.2698594636092, "time_cost": 150, "final_distance_cost": 60.59779444726184, "oscillation_cost": 171.70717440367113, "completition_cost": 888.8888888888888, "overshoot_cost": 38.9306226684073, "power_cost": 21.009596875, "noise_cost": 15.135782180380094, "n_waypoints_completed": 1, "tot_waypoints": 9}}
{"target": -797.5392899161691, "params": {"k_pid_pos": [2.0, 0.9506785273551941, 0.9999997615814209], "k_pid_alt": [1.9954601526260376, 1.0, 0.004195272922515869], "k_pid_att": [100.0, 0.16256305575370789, 0.9850715398788452], "k_pid_yaw": [0.5, 1e-06, 0.1], "k_pid_hsp": [9.937020301818848, 0.9956542253494263, 0.007371187210083008], "k_pid_vsp": [7.435643672943115, 396.9071350097656, 9.799803733825684]}, "datetime": {"datetime": "2025-08-21 20:24:21", "elapsed": 41978.31953167915, "delta": 24.92334818840027}, "costs": {"total_cost": 797.5392899161691, "time_cost": 150, "final_distance_cost": 69.72082501368997, "oscillation_cost": 149.281651188056, "completition_cost": 333.33333333333337, "overshoot_cost": 54.033291209914786, "power_cost": 24.461661389160156, "noise_cost": 16.708527782014972, "n_waypoints_completed": 6, "tot_waypoints": 9}}
{"target": -728.374197935259, "params": {"k_pid_pos": [1.9999998807907104, 0.9609618186950684, 1.0], "k_pid_alt": [1.9872349500656128, 0.9999613761901855, 0.03264901041984558], "k_pid_att": [100.0, 0.060739967972040176, 0.9553082585334778], "k_pid_yaw": [0.5, 1e-06, 0.1], "k_pid_hsp": [9.811882019042969, 0.9592914581298828, 0.01601243019104004], "k_pid_vsp": [4.141640663146973, 395.6164855957031, 5.643654823303223]}, "datetime": {"datetime": "2025-08-21 20:24:46", "elapsed": 42002.656193733215, "delta": 24.33666205406189}, "costs": {"total_cost": 728.374197935259, "time_cost": 150, "final_distance_cost": 64.08748142396611, "oscillation_cost": 198.03957721297084, "completition_cost": 222.2222222222222, "overshoot_cost": 59.98288860268335, "power_cost": 19.761367919921877, "noise_cost": 14.280660553494663, "n_waypoints_completed": 7, "tot_waypoints": 9}}
{"target": -338.9009722667798, "params": {"k_pid_pos": [2.0, 0.9679903388023376, 0.9999858140945435], "k_pid_alt": [1.9750499725341797, 1.0, 0.04928681254386902], "k_pid_att": [100.0, 0.29216310381889343, 0.9715204238891602], "k_pid_yaw": [0.5, 1e-06, 0.1], "k_pid_hsp": [9.920185089111328, 0.9702076315879822, 0.007635563611984253], "k_pid_vsp": [25.064992904663086, 395.41693115234375, 22.100282669067383]}, "datetime": {"datetime": "2025-08-21 20:25:09", "elapsed": 42026.24059009552, "delta": 23.584396362304688}, "costs": {"total_cost": 338.9009722667798, "time_cost": 96.34400000000001, "final_distance_cost": 1.739553362299772, "oscillation_cost": 150.94758243501425, "completition_cost": 0.0, "overshoot_cost": 56.564808452452326, "power_cost": 18.530367578125002, "noise_cost": 14.7746604388884, "n_waypoints_completed": 9, "tot_waypoints": 9}}
{"target": -540.5784268488954, "params": {"k_pid_pos": [2.0, 0.9914472103118896, 1.0], "k_pid_alt": [1.9869272708892822, 1.0, 0.01728898286819458], "k_pid_att": [100.0, 0.09393256902694702, 0.9638876914978027], "k_pid_yaw": [0.5, 1e-06, 0.1], "k_pid_hsp": [9.921051025390625, 0.9678646326065063, 0.0017658770084381104], "k_pid_vsp": [2.1415352821350098, 397.96075439453125, 4.786587715148926]}, "datetime": {"datetime": "2025-08-21 20:25:34", "elapsed": 42050.53080368042, "delta": 24.290213584899902}, "costs": {"total_cost": 540.5784268488954, "time_cost": 150, "final_distance_cost": 66.37128320273827, "oscillation_cost": 112.33066397099711, "completition_cost": 111.11111111111116, "overshoot_cost": 53.20396001346171, "power_cost": 26.721132653808596, "noise_cost": 20.84027589677864, "n_waypoints_completed": 8, "tot_waypoints": 9}}
