{"target": -1008.709600560893, "params": {"k_pid_pos": [1.614420771598816, 0.9615370035171509, 0.12472891807556152], "k_pid_alt": [1.154707670211792, 0.15965533256530762, 0.19836312532424927], "k_pid_att": [100.0, 9.009735107421875, 0.330992728471756], "k_pid_yaw": [0.5, 1e-06, 0.1], "k_pid_hsp": [0.00010029802069766447, 0.617127001285553, 0.10387390851974487], "k_pid_vsp": [399.993896484375, 228.6385040283203, 399.79876708984375]}, "datetime": {"datetime": "2025-08-11 17:48:55", "elapsed": 5014.920863389969, "delta": 30.17633295059204}, "costs": {"total_cost": 1008.709600560893, "time_cost": 150, "final_distance_cost": 34.30541133878413, "oscillation_cost": 108.68040339157903, "completition_cost": 555.5555555555555, "overshoot_cost": 90.4387421424578, "power_cost": 38.553735314941406, "noise_cost": 31.17575281757515, "n_waypoints_completed": 4, "tot_waypoints": 9}}
{"target": -760.5245008568328, "params": {"k_pid_pos": [1.240153193473816, 0.12428861856460571, 0.14710652828216553], "k_pid_alt": [0.16890406608581543, 0.6943637132644653, 0.8770367503166199], "k_pid_att": [100.0, 0.48322418332099915, 0.09621965885162354], "k_pid_yaw": [0.5, 1e-06, 0.1], "k_pid_hsp": [9.998559951782227, 0.7825128436088562, 0.18810886144638062], "k_pid_vsp": [222.33648681640625, 46.218013763427734, 195.80210876464844]}, "datetime": {"datetime": "2025-08-11 17:49:24", "elapsed": 5043.538381576538, "delta": 28.617518186569214}, "costs": {"total_cost": 760.5245008568328, "time_cost": 112.595, "final_distance_cost": 1.8003940672446395, "oscillation_cost": 506.2735155731903, "completition_cost": 0.0, "overshoot_cost": 76.90881891550801, "power_cost": 35.1284916381836, "noise_cost": 27.818280662706105, "n_waypoints_completed": 9, "tot_waypoints": 9}}
{"target": -1534.2528279072835, "params": {"k_pid_pos": [0.5003989338874817, 0.04387637972831726, 0.06062719225883484], "k_pid_alt": [0.14230245351791382, 0.5498729944229126, 0.2555352449417114], "k_pid_att": [78.57357788085938, 8.020146369934082, 0.42732423543930054], "k_pid_yaw": [0.5, 1e-06, 0.1], "k_pid_hsp": [5.159806728363037, 0.6202279329299927, 0.7304615378379822], "k_pid_vsp": [399.968017578125, 320.1193542480469, 1.611567497253418]}, "datetime": {"datetime": "2025-08-11 17:49:54", "elapsed": 5073.945605278015, "delta": 30.40722370147705}, "costs": {"total_cost": 1534.2528279072835, "time_cost": 150, "final_distance_cost": 49.14649563640513, "oscillation_cost": 661.1043639646507, "completition_cost": 555.5555555555555, "overshoot_cost": 54.89695177475278, "power_cost": 34.264423535156254, "noise_cost": 29.28503744076299, "n_waypoints_completed": 4, "tot_waypoints": 9}}
{"target": -1233.9692001921483, "params": {"k_pid_pos": [1.6572213172912598, 0.4906112253665924, 0.5352703928947449], "k_pid_alt": [1.500103235244751, 0.027399539947509766, 0.06141066551208496], "k_pid_att": [16.186201095581055, 3.0009264945983887, 0.8982659578323364], "k_pid_yaw": [0.5, 1e-06, 0.1], "k_pid_hsp": [0.03134384751319885, 0.2425851821899414, 0.808935284614563], "k_pid_vsp": [399.9936218261719, 322.1926574707031, 0.3785739541053772]}, "datetime": {"datetime": "2025-08-11 17:50:24", "elapsed": 5103.432602882385, "delta": 29.486997604370117}, "costs": {"total_cost": 1233.9692001921483, "time_cost": 150, "final_distance_cost": 29.319019520235724, "oscillation_cost": 330.0484329582214, "completition_cost": 555.5555555555555, "overshoot_cost": 111.65931846197056, "power_cost": 25.40407476806641, "noise_cost": 31.982798928098585, "n_waypoints_completed": 4, "tot_waypoints": 9}}
{"target": -2153.9611347043283, "params": {"k_pid_pos": [0.3543713390827179, 0.8966103196144104, 0.1058085560798645], "k_pid_alt": [1.4924073219299316, 0.0675085186958313, 0.1449059247970581], "k_pid_att": [99.99913787841797, 0.17077350616455078, 0.13792338967323303], "k_pid_yaw": [0.5, 1e-06, 0.1], "k_pid_hsp": [0.00010059603664558381, 0.6255306601524353, 0.45811566710472107], "k_pid_vsp": [159.44580078125, 55.757415771484375, 397.4026184082031]}, "datetime": {"datetime": "2025-08-11 17:50:54", "elapsed": 5133.42817401886, "delta": 29.99557113647461}, "costs": {"total_cost": 2153.9611347043283, "time_cost": 150, "final_distance_cost": 98.48093162879704, "oscillation_cost": 564.9853046500323, "completition_cost": 888.8888888888888, "overshoot_cost": 385.07261860563165, "power_cost": 36.010382641601566, "noise_cost": 30.523008289376676, "n_waypoints_completed": 1, "tot_waypoints": 9}}
{"target": -4633.994530930845, "params": {"k_pid_pos": [1.959329605102539, 0.111469566822052, 0.2226887345314026], "k_pid_alt": [0.37317878007888794, 0.746708869934082, 0.05205997824668884], "k_pid_att": [0.0, 2.987109661102295, 0.9630061388015747], "k_pid_yaw": [0.5, 1e-06, 0.1], "k_pid_hsp": [9.997014999389648, 0.329876184463501, 0.3281105160713196], "k_pid_vsp": [0.0, 287.03411865234375, 3.686476707458496]}, "datetime": {"datetime": "2025-08-11 17:51:25", "elapsed": 5164.698264360428, "delta": 31.270090341567993}, "costs": {"total_cost": 4633.994530930845, "time_cost": 150, "final_distance_cost": 736.4003042939108, "oscillation_cost": 994.4401441721778, "completition_cost": 1000.0, "overshoot_cost": 1529.262984534786, "power_cost": 57.603363037109375, "noise_cost": 166.28773489286056, "n_waypoints_completed": 0, "tot_waypoints": 9}}
{"target": -1877.830596491662, "params": {"k_pid_pos": [1.7348181009292603, 0.4937332272529602, 0.24734967947006226], "k_pid_alt": [1.9564931392669678, 0.10033389925956726, 0.726581335067749], "k_pid_att": [89.33895874023438, 4.281451225280762, 0.9753042459487915], "k_pid_yaw": [0.5, 1e-06, 0.1], "k_pid_hsp": [0.0009752854239195585, 0.8435133695602417, 0.7383282780647278], "k_pid_vsp": [46.47235870361328, 108.61907196044922, 9.999999974752427e-07]}, "datetime": {"datetime": "2025-08-11 17:51:55", "elapsed": 5194.581379652023, "delta": 29.88311529159546}, "costs": {"total_cost": 1877.830596491662, "time_cost": 150, "final_distance_cost": 62.58277492535144, "oscillation_cost": 791.9897049895194, "completition_cost": 666.6666666666667, "overshoot_cost": 143.88160617684363, "power_cost": 33.24604899902344, "noise_cost": 29.46379473425709, "n_waypoints_completed": 3, "tot_waypoints": 9}}
{"target": -980.0864023062775, "params": {"k_pid_pos": [1.747365117073059, 0.9305657148361206, 0.21247822046279907], "k_pid_alt": [1.0224541425704956, 0.6064502596855164, 0.4186124801635742], "k_pid_att": [28.872314453125, 5.1116042137146, 0.7281337976455688], "k_pid_yaw": [0.5, 1e-06, 0.1], "k_pid_hsp": [0.000993464607745409, 0.10838723182678223, 0.012676268815994263], "k_pid_vsp": [0.0, 362.7653503417969, 4.8683716158848256e-05]}, "datetime": {"datetime": "2025-08-11 17:52:25", "elapsed": 5224.567912817001, "delta": 29.986533164978027}, "costs": {"total_cost": 980.0864023062775, "time_cost": 150, "final_distance_cost": 29.1765730736491, "oscillation_cost": 93.93920322650116, "completition_cost": 555.5555555555555, "overshoot_cost": 84.75883036617057, "power_cost": 36.443802380371096, "noise_cost": 30.212437704029927, "n_waypoints_completed": 4, "tot_waypoints": 9}}
{"target": -1108.8376893330037, "params": {"k_pid_pos": [1.5823220014572144, 0.9517335891723633, 0.7005296349525452], "k_pid_alt": [0.0922057032585144, 0.17253589630126953, 0.580187976360321], "k_pid_att": [99.9972915649414, 0.22094492614269257, 0.0679878294467926], "k_pid_yaw": [0.5, 1e-06, 0.1], "k_pid_hsp": [0.010896975174546242, 0.49505460262298584, 0.06955599784851074], "k_pid_vsp": [400.0, 298.324951171875, 400.0]}, "datetime": {"datetime": "2025-08-11 17:52:55", "elapsed": 5254.741957426071, "delta": 30.174044609069824}, "costs": {"total_cost": 1108.8376893330037, "time_cost": 150, "final_distance_cost": 46.60256911414347, "oscillation_cost": 102.41836840257976, "completition_cost": 666.6666666666667, "overshoot_cost": 71.26876184552636, "power_cost": 37.58894086914063, "noise_cost": 34.29238243494691, "n_waypoints_completed": 3, "tot_waypoints": 9}}
{"target": -455.58518206164763, "params": {"k_pid_pos": [1.6894173622131348, 0.8961814641952515, 0.4391658306121826], "k_pid_alt": [1.737970232963562, 0.639301061630249, 0.6777302026748657], "k_pid_att": [99.46428680419922, 0.3847004771232605, 0.19799435138702393], "k_pid_yaw": [0.5, 1e-06, 0.1], "k_pid_hsp": [9.999998092651367, 0.5060833692550659, 0.8015206456184387], "k_pid_vsp": [157.1407012939453, 228.42068481445312, 0.0012288556899875402]}, "datetime": {"datetime": "2025-08-11 17:53:20", "elapsed": 5279.473239898682, "delta": 24.731282472610474}, "costs": {"total_cost": 455.58518206164763, "time_cost": 97.013, "final_distance_cost": 1.7680703408355507, "oscillation_cost": 239.4543114524162, "completition_cost": 0.0, "overshoot_cost": 62.93892995035142, "power_cost": 27.838159521484375, "noise_cost": 26.572710796560067, "n_waypoints_completed": 9, "tot_waypoints": 9}}
{"target": -5036.7627388548235, "params": {"k_pid_pos": [0.3285040855407715, 0.0858631432056427, 0.6487831473350525], "k_pid_alt": [1.7643730640411377, 0.35347598791122437, 0.9366264343261719], "k_pid_att": [0.0, 7.606239318847656, 0.9761664271354675], "k_pid_yaw": [0.5, 1e-06, 0.1], "k_pid_hsp": [10.0, 0.8352901935577393, 0.7099629640579224], "k_pid_vsp": [399.87353515625, 128.30966186523438, 318.2542724609375]}, "datetime": {"datetime": "2025-08-11 17:53:50", "elapsed": 5309.66335773468, "delta": 30.190117835998535}, "costs": {"total_cost": 5036.7627388548235, "time_cost": 150, "final_distance_cost": 791.5101406654638, "oscillation_cost": 1765.2982352677539, "completition_cost": 1000.0, "overshoot_cost": 1135.096909158157, "power_cost": 57.57187530517579, "noise_cost": 137.28557845827325, "n_waypoints_completed": 0, "tot_waypoints": 9}}
{"target": -2201.071539805095, "params": {"k_pid_pos": [1.7563629150390625, 0.26535165309906006, 0.11555355787277222], "k_pid_alt": [1.5278805494308472, 0.6335280537605286, 0.6002476811408997], "k_pid_att": [99.99949645996094, 6.097851276397705, 0.5722270011901855], "k_pid_yaw": [0.5, 1e-06, 0.1], "k_pid_hsp": [0.0009118071175180376, 0.6483539342880249, 0.6043376922607422], "k_pid_vsp": [307.3653564453125, 31.94740104675293, 399.9997863769531]}, "datetime": {"datetime": "2025-08-11 17:54:20", "elapsed": 5339.821213722229, "delta": 30.157855987548828}, "costs": {"total_cost": 2201.071539805095, "time_cost": 150, "final_distance_cost": 97.87868360357182, "oscillation_cost": 729.2265930169614, "completition_cost": 888.8888888888888, "overshoot_cost": 272.28663961056503, "power_cost": 34.791429199218754, "noise_cost": 27.99930548588913, "n_waypoints_completed": 1, "tot_waypoints": 9}}
{"target": -4263.679493873318, "params": {"k_pid_pos": [1.9050047397613525, 0.4100364148616791, 0.6779125332832336], "k_pid_alt": [0.6896273493766785, 0.5736984014511108, 0.8547198176383972], "k_pid_att": [0.0, 2.698570728302002, 0.8796054124832153], "k_pid_yaw": [0.5, 1e-06, 0.1], "k_pid_hsp": [9.999993324279785, 0.41317641735076904, 0.4432765245437622], "k_pid_vsp": [399.9393615722656, 258.58306884765625, 9.999999974752427e-07]}, "datetime": {"datetime": "2025-08-11 17:54:50", "elapsed": 5369.971907377243, "delta": 30.150693655014038}, "costs": {"total_cost": 4263.679493873318, "time_cost": 150, "final_distance_cost": 187.98722880213367, "oscillation_cost": 2083.384600085883, "completition_cost": 1000.0, "overshoot_cost": 617.7045624988239, "power_cost": 58.50154372558594, "noise_cost": 166.1015587608917, "n_waypoints_completed": 0, "tot_waypoints": 9}}
{"target": -1558.99397683367, "params": {"k_pid_pos": [1.9155162572860718, 0.3821682333946228, 0.14285284280776978], "k_pid_alt": [1.8171271085739136, 0.7271718978881836, 0.9701888561248779], "k_pid_att": [10.471510887145996, 5.108584403991699, 0.2890841066837311], "k_pid_yaw": [0.5, 1e-06, 0.1], "k_pid_hsp": [0.0284652691334486, 0.8757262229919434, 0.39445188641548157], "k_pid_vsp": [1.4008641242980957, 210.89219665527344, 400.0]}, "datetime": {"datetime": "2025-08-11 17:55:20", "elapsed": 5399.993603467941, "delta": 30.021696090698242}, "costs": {"total_cost": 1558.99397683367, "time_cost": 150, "final_distance_cost": 6.234975855356158, "oscillation_cost": 85.04518131100131, "completition_cost": 1000.0, "overshoot_cost": 166.46189792096916, "power_cost": 30.632857189941408, "noise_cost": 120.61906455640211, "n_waypoints_completed": 0, "tot_waypoints": 9}}
{"target": -1557.7873022484005, "params": {"k_pid_pos": [1.2206217050552368, 0.9883280992507935, 0.10201656818389893], "k_pid_alt": [0.5877693295478821, 0.9855484962463379, 0.8916378021240234], "k_pid_att": [38.40312194824219, 8.549050331115723, 0.3611752688884735], "k_pid_yaw": [0.5, 1e-06, 0.1], "k_pid_hsp": [0.00010983466927427799, 0.4842320680618286, 0.5524336099624634], "k_pid_vsp": [1.1920928955078125e-05, 397.7473449707031, 399.90850830078125]}, "datetime": {"datetime": "2025-08-11 17:55:50", "elapsed": 5430.108525753021, "delta": 30.114922285079956}, "costs": {"total_cost": 1557.7873022484005, "time_cost": 150, "final_distance_cost": 5.216336033086565, "oscillation_cost": 151.62058914079032, "completition_cost": 1000.0, "overshoot_cost": 173.4324777329888, "power_cost": 38.517866259765626, "noise_cost": 39.000033081769, "n_waypoints_completed": 0, "tot_waypoints": 9}}
{"target": -878.0310791301364, "params": {"k_pid_pos": [1.328020691871643, 0.35053732991218567, 0.8483039736747742], "k_pid_alt": [0.5673508048057556, 0.8316385746002197, 0.7714155912399292], "k_pid_att": [100.0, 2.7548375129699707, 0.13531112670898438], "k_pid_yaw": [0.5, 1e-06, 0.1], "k_pid_hsp": [9.99903678894043, 0.63133704662323, 0.21676969528198242], "k_pid_vsp": [399.95794677734375, 52.548744201660156, 1.2920929293613881e-05]}, "datetime": {"datetime": "2025-08-11 17:56:22", "elapsed": 5461.817752361298, "delta": 31.709226608276367}, "costs": {"total_cost": 878.0310791301364, "time_cost": 119.021, "final_distance_cost": 1.804561840238039, "oscillation_cost": 629.0949346178938, "completition_cost": 0.0, "overshoot_cost": 64.47849141755577, "power_cost": 33.63233055419922, "noise_cost": 29.999760700249407, "n_waypoints_completed": 9, "tot_waypoints": 9}}
{"target": -488.28853732081666, "params": {"k_pid_pos": [1.6827231645584106, 0.09121736884117126, 0.5039572715759277], "k_pid_alt": [1.8219423294067383, 0.6365649104118347, 0.3161906599998474], "k_pid_att": [99.9423828125, 2.3688080310821533, 0.9474092721939087], "k_pid_yaw": [0.5, 1e-06, 0.1], "k_pid_hsp": [9.998897552490234, 0.3117467164993286, 0.1691872477531433], "k_pid_vsp": [399.9998474121094, 140.53997802734375, 2.4841858248692006e-05]}, "datetime": {"datetime": "2025-08-11 17:56:42", "elapsed": 5481.577206850052, "delta": 19.759454488754272}, "costs": {"total_cost": 488.28853732081666, "time_cost": 76.993, "final_distance_cost": 1.7434576807952973, "oscillation_cost": 314.8542295175602, "completition_cost": 0.0, "overshoot_cost": 52.15173829394484, "power_cost": 22.002165869140626, "noise_cost": 20.543945959375687, "n_waypoints_completed": 9, "tot_waypoints": 9}}
{"target": -4565.932578742509, "params": {"k_pid_pos": [1.9436776638031006, 0.2877578139305115, 0.869340717792511], "k_pid_alt": [0.2279423475265503, 0.8467106223106384, 0.129078209400177], "k_pid_att": [100.0, 9.591742515563965, 0.6883341073989868], "k_pid_yaw": [0.5, 1e-06, 0.1], "k_pid_hsp": [9.999999747378752e-05, 0.04035055637359619, 0.018236815929412842], "k_pid_vsp": [0.058841705322265625, 319.8040466308594, 399.9941711425781]}, "datetime": {"datetime": "2025-08-11 17:57:12", "elapsed": 5512.086995840073, "delta": 30.509788990020752}, "costs": {"total_cost": 4565.932578742509, "time_cost": 150, "final_distance_cost": 1129.0751621410884, "oscillation_cost": 48.66109169399827, "completition_cost": 1000.0, "overshoot_cost": 2176.031156637628, "power_cost": 32.284999829101565, "noise_cost": 29.880168440693044, "n_waypoints_completed": 0, "tot_waypoints": 9}}
{"target": -1612.9497617142683, "params": {"k_pid_pos": [1.443455457687378, 0.5165640115737915, 0.4843553900718689], "k_pid_alt": [1.5035243034362793, 0.3601532578468323, 0.629239559173584], "k_pid_att": [99.96224975585938, 1.8641895055770874, 0.8013342618942261], "k_pid_yaw": [0.5, 1e-06, 0.1], "k_pid_hsp": [0.4512328803539276, 0.931362509727478, 0.810973048210144], "k_pid_vsp": [9.5367431640625e-05, 23.53143882751465, 278.89715576171875]}, "datetime": {"datetime": "2025-08-11 17:57:43", "elapsed": 5542.541368484497, "delta": 30.45437264442444}, "costs": {"total_cost": 1612.9497617142683, "time_cost": 150, "final_distance_cost": 6.635755070507849, "oscillation_cost": 187.53913751797063, "completition_cost": 1000.0, "overshoot_cost": 158.1162482643898, "power_cost": 37.07395498046875, "noise_cost": 73.58466588093124, "n_waypoints_completed": 0, "tot_waypoints": 9}}
{"target": -14290.85085279357, "params": {"k_pid_pos": [0.7665989398956299, 0.01683536171913147, 0.25591328740119934], "k_pid_alt": [1.7353899478912354, 0.523868978023529, 0.8921619057655334], "k_pid_att": [0.0, 0.389323353767395, 0.9679797291755676], "k_pid_yaw": [0.5, 1e-06, 0.1], "k_pid_hsp": [9.99946117401123, 0.14304789900779724, 0.901296854019165], "k_pid_vsp": [400.0, 310.9499206542969, 399.9999694824219]}, "datetime": {"datetime": "2025-08-11 17:58:13", "elapsed": 5573.272958278656, "delta": 30.731589794158936}, "costs": {"total_cost": 14290.85085279357, "time_cost": 150, "final_distance_cost": 4223.482541038032, "oscillation_cost": 196.2121526954497, "completition_cost": 1000.0, "overshoot_cost": 8496.63900915293, "power_cost": 58.15742420654297, "noise_cost": 166.35972570061577, "n_waypoints_completed": 0, "tot_waypoints": 9}}
{"target": -2266.1453743682905, "params": {"k_pid_pos": [1.2844123840332031, 0.27645593881607056, 0.1398766040802002], "k_pid_alt": [0.10211712121963501, 0.11160087585449219, 0.20348387956619263], "k_pid_att": [99.99234771728516, 4.865819454193115, 0.1708570420742035], "k_pid_yaw": [0.5, 1e-06, 0.1], "k_pid_hsp": [0.00011162278678966686, 0.540040135383606, 0.9806286096572876], "k_pid_vsp": [399.9999694824219, 337.3553466796875, 236.2039031982422]}, "datetime": {"datetime": "2025-08-11 17:58:44", "elapsed": 5603.564417123795, "delta": 30.29145884513855}, "costs": {"total_cost": 2266.1453743682905, "time_cost": 150, "final_distance_cost": 60.596532304394955, "oscillation_cost": 835.1305093476049, "completition_cost": 1000.0, "overshoot_cost": 159.00481345427156, "power_cost": 34.176705981445316, "noise_cost": 27.236813280573926, "n_waypoints_completed": 0, "tot_waypoints": 9}}
{"target": -4807.15718264736, "params": {"k_pid_pos": [1.7547856569290161, 0.5468837022781372, 0.5169719457626343], "k_pid_alt": [1.5739439725875854, 0.11679336428642273, 0.44016513228416443], "k_pid_att": [0.0, 0.5029129385948181, 0.8276709318161011], "k_pid_yaw": [0.5, 1e-06, 0.1], "k_pid_hsp": [0.7242119908332825, 0.19145014882087708, 0.058556705713272095], "k_pid_vsp": [400.0, 209.4530029296875, 0.000120209289889317]}, "datetime": {"datetime": "2025-08-11 17:59:14", "elapsed": 5634.309173583984, "delta": 30.74475646018982}, "costs": {"total_cost": 4807.15718264736, "time_cost": 150, "final_distance_cost": 706.7261218613119, "oscillation_cost": 765.227222921264, "completition_cost": 1000.0, "overshoot_cost": 1973.4729609316855, "power_cost": 58.122780383300785, "noise_cost": 153.60809654979747, "n_waypoints_completed": 0, "tot_waypoints": 9}}
{"target": -1745.4676247087114, "params": {"k_pid_pos": [1.2998051643371582, 0.14598160982131958, 0.3001910150051117], "k_pid_alt": [1.742793083190918, 0.2017815113067627, 0.19708126783370972], "k_pid_att": [100.0, 6.534722805023193, 0.26474955677986145], "k_pid_yaw": [0.5, 1e-06, 0.1], "k_pid_hsp": [0.11613507568836212, 0.2873249650001526, 0.4069593548774719], "k_pid_vsp": [0.0, 350.622314453125, 0.24492840468883514]}, "datetime": {"datetime": "2025-08-11 17:59:45", "elapsed": 5664.525494813919, "delta": 30.216321229934692}, "costs": {"total_cost": 1745.4676247087114, "time_cost": 150, "final_distance_cost": 179.12024292904314, "oscillation_cost": 436.2939016284612, "completition_cost": 777.7777777777778, "overshoot_cost": 138.86388215273485, "power_cost": 38.171160278320315, "noise_cost": 25.240659942374393, "n_waypoints_completed": 2, "tot_waypoints": 9}}
{"target": -2848.5626230440703, "params": {"k_pid_pos": [0.676012396812439, 0.09513261914253235, 0.8970416784286499], "k_pid_alt": [1.4587830305099487, 0.8623830080032349, 0.18498685956001282], "k_pid_att": [99.99467468261719, 9.13207721710205, 0.4108562767505646], "k_pid_yaw": [0.5, 1e-06, 0.1], "k_pid_hsp": [9.695952415466309, 0.9544813632965088, 0.08082154393196106], "k_pid_vsp": [0.04115104675292969, 211.24717712402344, 399.287841796875]}, "datetime": {"datetime": "2025-08-11 18:00:15", "elapsed": 5694.963362932205, "delta": 30.437868118286133}, "costs": {"total_cost": 2848.5626230440703, "time_cost": 150, "final_distance_cost": 309.9489349432289, "oscillation_cost": 801.1222115877517, "completition_cost": 888.8888888888888, "overshoot_cost": 632.9960606968974, "power_cost": 36.47878475341797, "noise_cost": 29.127742173885668, "n_waypoints_completed": 1, "tot_waypoints": 9}}
{"target": -3740.851774049561, "params": {"k_pid_pos": [1.769931674003601, 0.887627363204956, 0.3103312849998474], "k_pid_alt": [1.5789856910705566, 0.3090122938156128, 0.8579469919204712], "k_pid_att": [0.22324025630950928, 5.290396690368652, 0.9523754119873047], "k_pid_yaw": [0.5, 1e-06, 0.1], "k_pid_hsp": [9.99996280670166, 0.5372077226638794, 0.1973147988319397], "k_pid_vsp": [270.46832275390625, 65.36487579345703, 24.312891006469727]}, "datetime": {"datetime": "2025-08-11 18:00:45", "elapsed": 5725.302423715591, "delta": 30.33906078338623}, "costs": {"total_cost": 3740.851774049561, "time_cost": 150, "final_distance_cost": 467.26083272359693, "oscillation_cost": 995.3802355410708, "completition_cost": 1000.0, "overshoot_cost": 916.2529351586562, "power_cost": 54.701001037597656, "noise_cost": 157.25676958863943, "n_waypoints_completed": 0, "tot_waypoints": 9}}
