{"target": -657.6762053480566, "params": {"k_pid_pos": [1.9438118934631348, 0.9887422323226929, 0.006301611661911011], "k_pid_alt": [1.9930799007415771, 0.9931164383888245, 0.025044798851013184], "k_pid_att": [100.0, 0.3503798544406891, 0.8423670530319214], "k_pid_yaw": [0.5, 1e-06, 0.1], "k_pid_hsp": [1.4568464756011963, 0.972745954990387, 0.041225314140319824], "k_pid_vsp": [399.9999694824219, 1.9725332260131836, 0.0009308324661105871]}, "datetime": {"datetime": "2025-08-12 11:30:00", "elapsed": 68679.74195051193, "delta": 30.504151344299316}, "costs": {"total_cost": 657.6762053480566, "time_cost": 150, "final_distance_cost": 53.9947069923211, "oscillation_cost": 96.34320657538261, "completition_cost": 222.2222222222222, "overshoot_cost": 68.31584610527733, "power_cost": 31.291569360351563, "noise_cost": 35.50865409250167, "n_waypoints_completed": 7, "tot_waypoints": 9}}
{"target": -1413.6032479403336, "params": {"k_pid_pos": [1.9615174531936646, 0.9885329604148865, 0.0022922754287719727], "k_pid_alt": [1.9725967645645142, 0.9192742705345154, 0.020827531814575195], "k_pid_att": [100.0, 0.2167017012834549, 0.995858371257782], "k_pid_yaw": [0.5, 1e-06, 0.1], "k_pid_hsp": [10.0, 0.914130687713623, 0.022700220346450806], "k_pid_vsp": [400.0, 10.187399864196777, 364.6794738769531]}, "datetime": {"datetime": "2025-08-12 11:30:28", "elapsed": 68707.4336194992, "delta": 27.69166898727417}, "costs": {"total_cost": 1413.6032479403336, "time_cost": 150, "final_distance_cost": 36.10976405327777, "oscillation_cost": 67.20777859936537, "completition_cost": 1000.0, "overshoot_cost": 95.21188205463528, "power_cost": 34.73356363525391, "noise_cost": 30.34025959780128, "n_waypoints_completed": 0, "tot_waypoints": 9}}
{"target": -1530.6431268906854, "params": {"k_pid_pos": [1.9894272089004517, 0.9908176064491272, 0.06461960077285767], "k_pid_alt": [1.9928619861602783, 0.9172884225845337, 0.07703208923339844], "k_pid_att": [100.0, 0.34733349084854126, 0.9829227924346924], "k_pid_yaw": [0.5, 1e-06, 0.1], "k_pid_hsp": [10.0, 0.963524341583252, 0.016728222370147705], "k_pid_vsp": [0.7138729095458984, 3.0638465881347656, 371.84210205078125]}, "datetime": {"datetime": "2025-08-12 11:30:57", "elapsed": 68737.02953004837, "delta": 29.59591054916382}, "costs": {"total_cost": 1530.6431268906854, "time_cost": 150, "final_distance_cost": 4.816276514813571, "oscillation_cost": 52.56423942195392, "completition_cost": 1000.0, "overshoot_cost": 164.36264199019956, "power_cost": 22.758026525878908, "noise_cost": 136.14194243783936, "n_waypoints_completed": 0, "tot_waypoints": 9}}
{"target": -1545.523876769954, "params": {"k_pid_pos": [1.956770658493042, 0.9575464725494385, 0.010877639055252075], "k_pid_alt": [1.8651514053344727, 0.9928846955299377, 0.022118836641311646], "k_pid_att": [100.0, 1.3894596099853516, 0.972041130065918], "k_pid_yaw": [0.5, 1e-06, 0.1], "k_pid_hsp": [10.0, 0.9610583186149597, 0.01680770516395569], "k_pid_vsp": [0.0, 2.2523531913757324, 9.636743197916076e-05]}, "datetime": {"datetime": "2025-08-12 11:31:28", "elapsed": 68767.44582772255, "delta": 30.416297674179077}, "costs": {"total_cost": 1545.523876769954, "time_cost": 150, "final_distance_cost": 10.96283387957761, "oscillation_cost": 62.295739754105455, "completition_cost": 1000.0, "overshoot_cost": 166.81818368346612, "power_cost": 14.858560900878906, "noise_cost": 140.58855855192604, "n_waypoints_completed": 0, "tot_waypoints": 9}}
{"target": -1311.378557055048, "params": {"k_pid_pos": [1.9566242694854736, 0.9939914345741272, 0.013612508773803711], "k_pid_alt": [1.964582920074463, 0.9850248098373413, 0.013101816177368164], "k_pid_att": [100.0, 0.356452614068985, 0.9955331087112427], "k_pid_yaw": [0.5, 1e-06, 0.1], "k_pid_hsp": [9.999990463256836, 0.9897505044937134, 0.029125839471817017], "k_pid_vsp": [304.30755615234375, 6.8097004890441895, 0.0025043950881808996]}, "datetime": {"datetime": "2025-08-12 11:31:57", "elapsed": 68796.5520606041, "delta": 29.10623288154602}, "costs": {"total_cost": 1311.378557055048, "time_cost": 150, "final_distance_cost": 60.25713389892879, "oscillation_cost": 106.34115050975853, "completition_cost": 888.8888888888888, "overshoot_cost": 42.06210239894753, "power_cost": 29.921375622558596, "noise_cost": 33.90790573596595, "n_waypoints_completed": 1, "tot_waypoints": 9}}
{"target": -686.53288325749, "params": {"k_pid_pos": [1.8659272193908691, 0.9923866987228394, 0.0566478967666626], "k_pid_alt": [1.978276252746582, 0.9430897831916809, 0.016140341758728027], "k_pid_att": [100.0, 0.05965636670589447, 0.9962066411972046], "k_pid_yaw": [0.5, 1e-06, 0.1], "k_pid_hsp": [10.0, 0.9696130752563477, 0.015358835458755493], "k_pid_vsp": [127.54216003417969, 15.014542579650879, 9.999999974752427e-07]}, "datetime": {"datetime": "2025-08-12 11:32:27", "elapsed": 68827.3502061367, "delta": 30.798145532608032}, "costs": {"total_cost": 686.53288325749, "time_cost": 150, "final_distance_cost": 67.26339718678855, "oscillation_cost": 121.56002846840451, "completition_cost": 222.2222222222222, "overshoot_cost": 61.03879045840241, "power_cost": 30.095990856933597, "noise_cost": 34.352454064738666, "n_waypoints_completed": 7, "tot_waypoints": 9}}
{"target": -1323.6019213154525, "params": {"k_pid_pos": [1.991633415222168, 0.9909731149673462, 0.005175918340682983], "k_pid_alt": [1.9909679889678955, 0.9175320267677307, 0.014209538698196411], "k_pid_att": [100.0, 0.45085740089416504, 0.9941505193710327], "k_pid_yaw": [0.5, 1e-06, 0.1], "k_pid_hsp": [10.0, 0.9700851440429688, 0.04969286918640137], "k_pid_vsp": [399.9453430175781, 5.127335548400879, 9.999999974752427e-07]}, "datetime": {"datetime": "2025-08-12 11:32:57", "elapsed": 68856.68033909798, "delta": 29.330132961273193}, "costs": {"total_cost": 1323.6019213154525, "time_cost": 150, "final_distance_cost": 71.84923934385398, "oscillation_cost": 107.82793360710379, "completition_cost": 888.8888888888888, "overshoot_cost": 40.41270585632171, "power_cost": 30.844144482421875, "noise_cost": 33.77900913686239, "n_waypoints_completed": 1, "tot_waypoints": 9}}
{"target": -726.0351958598816, "params": {"k_pid_pos": [1.9603508710861206, 0.9563776254653931, 0.035492897033691406], "k_pid_alt": [1.9825282096862793, 0.9660124778747559, 0.011778533458709717], "k_pid_att": [100.0, 0.08075053989887238, 0.9926035404205322], "k_pid_yaw": [0.5, 1e-06, 0.1], "k_pid_hsp": [10.0, 0.9815503358840942, 0.0014286041259765625], "k_pid_vsp": [400.0, 5.981660842895508, 9.999999974752427e-07]}, "datetime": {"datetime": "2025-08-12 11:33:25", "elapsed": 68884.70290708542, "delta": 28.022567987442017}, "costs": {"total_cost": 726.0351958598816, "time_cost": 150, "final_distance_cost": 65.80245676349384, "oscillation_cost": 159.08184035671695, "completition_cost": 222.2222222222222, "overshoot_cost": 64.21282497148707, "power_cost": 30.632352661132813, "noise_cost": 34.08349888482875, "n_waypoints_completed": 7, "tot_waypoints": 9}}
{"target": -1539.6589524630951, "params": {"k_pid_pos": [1.9375324249267578, 0.9935153126716614, 0.03386270999908447], "k_pid_alt": [1.9571094512939453, 0.9201697111129761, 0.019495636224746704], "k_pid_att": [99.9984130859375, 0.1174013614654541, 0.9481724500656128], "k_pid_yaw": [0.5, 1e-06, 0.1], "k_pid_hsp": [10.0, 0.9924983978271484, 0.0073597729206085205], "k_pid_vsp": [0.0408172607421875, 13.849366188049316, 9.999999974752427e-07]}, "datetime": {"datetime": "2025-08-12 11:33:54", "elapsed": 68914.14803481102, "delta": 29.445127725601196}, "costs": {"total_cost": 1539.6589524630951, "time_cost": 150, "final_distance_cost": 2.0322664624233533, "oscillation_cost": 46.79757458073326, "completition_cost": 1000.0, "overshoot_cost": 165.91296442958227, "power_cost": 23.440132556152346, "noise_cost": 151.47601443420393, "n_waypoints_completed": 0, "tot_waypoints": 9}}
{"target": -1357.945478410489, "params": {"k_pid_pos": [1.925155758857727, 0.9881181716918945, 0.006758898496627808], "k_pid_alt": [1.9810874462127686, 0.9934331774711609, 0.00793728232383728], "k_pid_att": [100.0, 0.6734684109687805, 0.9936373233795166], "k_pid_yaw": [0.5, 1e-06, 0.1], "k_pid_hsp": [10.0, 0.9947460889816284, 0.07696449756622314], "k_pid_vsp": [387.6900329589844, 6.188941955566406, 395.51007080078125]}, "datetime": {"datetime": "2025-08-12 11:34:25", "elapsed": 68945.05572223663, "delta": 30.907687425613403}, "costs": {"total_cost": 1357.945478410489, "time_cost": 150, "final_distance_cost": 71.58872525333557, "oscillation_cost": 103.9098400983201, "completition_cost": 888.8888888888888, "overshoot_cost": 74.65820611321884, "power_cost": 36.70780075683594, "noise_cost": 32.1920172998899, "n_waypoints_completed": 1, "tot_waypoints": 9}}
{"target": -704.2745190797066, "params": {"k_pid_pos": [1.7301617860794067, 0.9276196956634521, 0.0019141733646392822], "k_pid_alt": [1.9565304517745972, 0.9606767892837524, 0.006131500005722046], "k_pid_att": [99.99988555908203, 0.02638806775212288, 0.9226119518280029], "k_pid_yaw": [0.5, 1e-06, 0.1], "k_pid_hsp": [10.0, 0.9612119197845459, 0.006069660186767578], "k_pid_vsp": [399.9994812011719, 9.281291007995605, 0.10300974547863007]}, "datetime": {"datetime": "2025-08-12 11:34:53", "elapsed": 68972.79903078079, "delta": 27.743308544158936}, "costs": {"total_cost": 704.2745190797066, "time_cost": 150, "final_distance_cost": 67.12647835582769, "oscillation_cost": 137.982067797971, "completition_cost": 222.2222222222222, "overshoot_cost": 64.26135913433826, "power_cost": 29.957142993164062, "noise_cost": 32.725248576183354, "n_waypoints_completed": 7, "tot_waypoints": 9}}
{"target": -1588.3104430489975, "params": {"k_pid_pos": [1.9880036115646362, 0.996306300163269, 0.007728517055511475], "k_pid_alt": [1.830482840538025, 0.9936131238937378, 0.01284894347190857], "k_pid_att": [100.0, 0.5021365880966187, 0.960431694984436], "k_pid_yaw": [0.5, 1e-06, 0.1], "k_pid_hsp": [10.0, 0.9279197454452515, 0.10084939002990723], "k_pid_vsp": [13.45170783996582, 6.472171306610107, 94.26924133300781]}, "datetime": {"datetime": "2025-08-12 11:35:22", "elapsed": 69001.45155405998, "delta": 28.652523279190063}, "costs": {"total_cost": 1588.3104430489975, "time_cost": 150, "final_distance_cost": 11.139419208955161, "oscillation_cost": 98.1499508023073, "completition_cost": 1000.0, "overshoot_cost": 165.91368100186628, "power_cost": 34.625171508789066, "noise_cost": 128.4822205270797, "n_waypoints_completed": 0, "tot_waypoints": 9}}
{"target": -741.237275175595, "params": {"k_pid_pos": [1.735892415046692, 0.9926024079322815, 0.05510026216506958], "k_pid_alt": [1.97185480594635, 0.9839651584625244, 0.01639413833618164], "k_pid_att": [100.0, 0.05599071830511093, 0.9938980340957642], "k_pid_yaw": [0.5, 1e-06, 0.1], "k_pid_hsp": [10.0, 0.9981243014335632, 0.007544785737991333], "k_pid_vsp": [399.91558837890625, 0.9366641640663147, 9.999999974752427e-07]}, "datetime": {"datetime": "2025-08-12 11:35:50", "elapsed": 69030.02684521675, "delta": 28.5752911567688}, "costs": {"total_cost": 741.237275175595, "time_cost": 150, "final_distance_cost": 70.47210496821114, "oscillation_cost": 170.40660171592944, "completition_cost": 222.2222222222222, "overshoot_cost": 63.84022541626178, "power_cost": 31.579750366210938, "noise_cost": 32.716370486759395, "n_waypoints_completed": 7, "tot_waypoints": 9}}
{"target": -1307.7518658392244, "params": {"k_pid_pos": [1.9601380825042725, 0.9793094396591187, 0.005777239799499512], "k_pid_alt": [1.9679949283599854, 0.9864150285720825, 0.023689836263656616], "k_pid_att": [100.0, 0.030047457665205002, 0.9860495924949646], "k_pid_yaw": [0.5, 1e-06, 0.1], "k_pid_hsp": [10.0, 0.8394463062286377, 0.03144276142120361], "k_pid_vsp": [389.87823486328125, 4.922057151794434, 0.25553804636001587]}, "datetime": {"datetime": "2025-08-12 11:36:19", "elapsed": 69058.98377132416, "delta": 28.956926107406616}, "costs": {"total_cost": 1307.7518658392244, "time_cost": 150, "final_distance_cost": 61.06205883530249, "oscillation_cost": 102.09541938371024, "completition_cost": 888.8888888888888, "overshoot_cost": 41.771902578061145, "power_cost": 30.067721228027345, "noise_cost": 33.8658749252345, "n_waypoints_completed": 1, "tot_waypoints": 9}}
{"target": -867.8904688981532, "params": {"k_pid_pos": [1.9576542377471924, 0.9918331503868103, 0.005729347467422485], "k_pid_alt": [1.9962295293807983, 0.9901988506317139, 0.029984384775161743], "k_pid_att": [100.0, 0.5644591450691223, 0.9961475133895874], "k_pid_yaw": [0.5, 1e-06, 0.1], "k_pid_hsp": [10.0, 0.9691550731658936, 0.009790033102035522], "k_pid_vsp": [399.99993896484375, 13.046480178833008, 0.012541817501187325]}, "datetime": {"datetime": "2025-08-12 11:36:48", "elapsed": 69087.68188405037, "delta": 28.698112726211548}, "costs": {"total_cost": 867.8904688981532, "time_cost": 150, "final_distance_cost": 74.62866085143568, "oscillation_cost": 181.17856072080528, "completition_cost": 333.33333333333337, "overshoot_cost": 64.14650978428395, "power_cost": 30.56692966308594, "noise_cost": 34.036474545208954, "n_waypoints_completed": 6, "tot_waypoints": 9}}
{"target": -1307.2165003938912, "params": {"k_pid_pos": [1.994990348815918, 0.98731529712677, 0.002747863531112671], "k_pid_alt": [1.8905119895935059, 0.9972753524780273, 0.041831791400909424], "k_pid_att": [100.0, 1.3873710632324219, 0.8843304514884949], "k_pid_yaw": [0.5, 1e-06, 0.1], "k_pid_hsp": [10.0, 0.8968595266342163, 0.03929135203361511], "k_pid_vsp": [400.0, 5.547619819641113, 1.0096797943115234]}, "datetime": {"datetime": "2025-08-12 11:37:18", "elapsed": 69118.17915463448, "delta": 30.497270584106445}, "costs": {"total_cost": 1307.2165003938912, "time_cost": 150, "final_distance_cost": 63.47411532818167, "oscillation_cost": 98.85806487517151, "completition_cost": 888.8888888888888, "overshoot_cost": 41.61008236977772, "power_cost": 30.46085767822266, "noise_cost": 33.92449125364882, "n_waypoints_completed": 1, "tot_waypoints": 9}}
{"target": -1560.9911169668817, "params": {"k_pid_pos": [1.9395062923431396, 0.9976390600204468, 0.02150893211364746], "k_pid_alt": [1.9018077850341797, 0.9986602067947388, 0.0077773332595825195], "k_pid_att": [100.0, 0.5709008574485779, 0.9772672653198242], "k_pid_yaw": [0.5, 1e-06, 0.1], "k_pid_hsp": [10.0, 0.9841234683990479, 0.030680477619171143], "k_pid_vsp": [2.384185791015625e-05, 9.199917793273926, 9.999999974752427e-07]}, "datetime": {"datetime": "2025-08-12 11:37:50", "elapsed": 69149.92877531052, "delta": 31.74962067604065}, "costs": {"total_cost": 1560.9911169668817, "time_cost": 150, "final_distance_cost": 11.123699104243524, "oscillation_cost": 64.24237972553748, "completition_cost": 1000.0, "overshoot_cost": 166.6631678529027, "power_cost": 21.168833911132815, "noise_cost": 147.79303637306512, "n_waypoints_completed": 0, "tot_waypoints": 9}}
{"target": -712.220873258054, "params": {"k_pid_pos": [1.9584418535232544, 0.97237229347229, 0.04023483395576477], "k_pid_alt": [1.9617445468902588, 0.9828765392303467, 0.07912459969520569], "k_pid_att": [100.0, 0.06970411539077759, 0.9963439702987671], "k_pid_yaw": [0.5, 1e-06, 0.1], "k_pid_hsp": [10.0, 0.9812043905258179, 0.01629146933555603], "k_pid_vsp": [400.0, 3.789771556854248, 1.80643892288208]}, "datetime": {"datetime": "2025-08-12 11:38:19", "elapsed": 69178.7361137867, "delta": 28.80733847618103}, "costs": {"total_cost": 712.220873258054, "time_cost": 150, "final_distance_cost": 72.68620367232349, "oscillation_cost": 134.7752561375766, "completition_cost": 222.2222222222222, "overshoot_cost": 67.8275096706373, "power_cost": 30.504916247558594, "noise_cost": 34.20476530773583, "n_waypoints_completed": 7, "tot_waypoints": 9}}
{"target": -1302.987926618979, "params": {"k_pid_pos": [1.9737474918365479, 0.9912647008895874, 0.002516239881515503], "k_pid_alt": [1.9936778545379639, 0.9932988286018372, 0.0399516224861145], "k_pid_att": [99.99982452392578, 0.044434089213609695, 0.9587892293930054], "k_pid_yaw": [0.5, 1e-06, 0.1], "k_pid_hsp": [10.0, 0.8943225741386414, 0.024816304445266724], "k_pid_vsp": [399.99700927734375, 0.9735594391822815, 9.999999974752427e-07]}, "datetime": {"datetime": "2025-08-12 11:38:49", "elapsed": 69208.51789069176, "delta": 29.781776905059814}, "costs": {"total_cost": 1302.987926618979, "time_cost": 150, "final_distance_cost": 60.087982854105434, "oscillation_cost": 98.77935316316771, "completition_cost": 888.8888888888888, "overshoot_cost": 41.79215719234024, "power_cost": 29.57058155517578, "noise_cost": 33.86896296530088, "n_waypoints_completed": 1, "tot_waypoints": 9}}
{"target": -965.0061444486719, "params": {"k_pid_pos": [1.9704768657684326, 0.997600793838501, 0.10250401496887207], "k_pid_alt": [1.9891278743743896, 0.9915819764137268, 0.06730878353118896], "k_pid_att": [100.0, 0.6265490055084229, 0.9735878705978394], "k_pid_yaw": [0.5, 1e-06, 0.1], "k_pid_hsp": [10.0, 0.9490224123001099, 0.010891884565353394], "k_pid_vsp": [8.004570007324219, 6.9006452560424805, 0.00014405114052351564]}, "datetime": {"datetime": "2025-08-12 11:39:18", "elapsed": 69238.1006205082, "delta": 29.582729816436768}, "costs": {"total_cost": 965.0061444486719, "time_cost": 150, "final_distance_cost": 47.964869248610356, "oscillation_cost": 75.43378719430132, "completition_cost": 555.5555555555555, "overshoot_cost": 69.88016200602121, "power_cost": 28.649754931640626, "noise_cost": 37.52201551254293, "n_waypoints_completed": 4, "tot_waypoints": 9}}
{"target": -675.828649452792, "params": {"k_pid_pos": [1.9967193603515625, 0.9902904629707336, 0.025168269872665405], "k_pid_alt": [1.9904749393463135, 0.9620226621627808, 0.003061145544052124], "k_pid_att": [100.0, 0.14715659618377686, 0.9807521104812622], "k_pid_yaw": [0.5, 1e-06, 0.1], "k_pid_hsp": [0.04373284801840782, 0.9920342564582825, 0.021548599004745483], "k_pid_vsp": [400.0, 10.23457145690918, 0.007272766437381506]}, "datetime": {"datetime": "2025-08-12 11:39:49", "elapsed": 69269.30139303207, "delta": 31.200772523880005}, "costs": {"total_cost": 675.828649452792, "time_cost": 150, "final_distance_cost": 59.51337303270051, "oscillation_cost": 96.61550426018255, "completition_cost": 222.2222222222222, "overshoot_cost": 78.99651746707404, "power_cost": 32.527211730957035, "noise_cost": 35.953820739655775, "n_waypoints_completed": 7, "tot_waypoints": 9}}
{"target": -1547.7054151347963, "params": {"k_pid_pos": [1.958781361579895, 0.9823194146156311, 0.03799352049827576], "k_pid_alt": [1.9582793712615967, 0.9646100401878357, 0.011525332927703857], "k_pid_att": [100.0, 1.2868733406066895, 0.9593544006347656], "k_pid_yaw": [0.5, 1e-06, 0.1], "k_pid_hsp": [10.0, 0.9983537793159485, 0.016766220331192017], "k_pid_vsp": [0.004422664642333984, 4.582334518432617, 9.999999974752427e-07]}, "datetime": {"datetime": "2025-08-12 11:40:20", "elapsed": 69299.38317394257, "delta": 30.081780910491943}, "costs": {"total_cost": 1547.7054151347963, "time_cost": 150, "final_distance_cost": 13.89482216401993, "oscillation_cost": 57.4913766098888, "completition_cost": 1000.0, "overshoot_cost": 166.65257715114447, "power_cost": 16.514823266601564, "noise_cost": 143.15181594314166, "n_waypoints_completed": 0, "tot_waypoints": 9}}
{"target": -1395.969803207395, "params": {"k_pid_pos": [1.9493948221206665, 0.9773515462875366, 0.0046977698802948], "k_pid_alt": [1.9858009815216064, 0.9880287051200867, 0.11620372533798218], "k_pid_att": [100.0, 0.022537048906087875, 0.9645470976829529], "k_pid_yaw": [0.5, 1e-06, 0.1], "k_pid_hsp": [10.0, 0.9482396841049194, 0.0065028369426727295], "k_pid_vsp": [399.95904541015625, 0.955165445804596, 323.00762939453125]}, "datetime": {"datetime": "2025-08-12 11:40:48", "elapsed": 69328.12672138214, "delta": 28.743547439575195}, "costs": {"total_cost": 1395.969803207395, "time_cost": 150, "final_distance_cost": 41.07240511894192, "oscillation_cost": 55.552311041651286, "completition_cost": 1000.0, "overshoot_cost": 85.03468526302743, "power_cost": 33.814701501464846, "noise_cost": 30.49570028230935, "n_waypoints_completed": 0, "tot_waypoints": 9}}
{"target": -659.1054408547725, "params": {"k_pid_pos": [1.9759235382080078, 0.9922245144844055, 0.011504173278808594], "k_pid_alt": [1.961805820465088, 0.9468646049499512, 0.046828120946884155], "k_pid_att": [100.0, 0.20039403438568115, 0.999297022819519], "k_pid_yaw": [0.5, 1e-06, 0.1], "k_pid_hsp": [10.0, 0.9853106737136841, 0.0074374377727508545], "k_pid_vsp": [399.9992980957031, 2.7630457878112793, 3.015984058380127]}, "datetime": {"datetime": "2025-08-12 11:41:21", "elapsed": 69360.54096078873, "delta": 32.41423940658569}, "costs": {"total_cost": 659.1054408547725, "time_cost": 150, "final_distance_cost": 59.94050676199927, "oscillation_cost": 98.00467284284213, "completition_cost": 222.2222222222222, "overshoot_cost": 65.96925607668695, "power_cost": 29.931152282714844, "noise_cost": 33.03763066830712, "n_waypoints_completed": 7, "tot_waypoints": 9}}
{"target": -856.1984793627078, "params": {"k_pid_pos": [1.8322372436523438, 0.9949355125427246, 0.012499332427978516], "k_pid_alt": [1.9538081884384155, 0.9950255155563354, 0.04214668273925781], "k_pid_att": [100.0, 1.0164903402328491, 0.9692097306251526], "k_pid_yaw": [0.5, 1e-06, 0.1], "k_pid_hsp": [10.0, 0.9806908369064331, 0.010160714387893677], "k_pid_vsp": [400.0, 5.857230186462402, 9.999999974752427e-07]}, "datetime": {"datetime": "2025-08-12 11:41:53", "elapsed": 69392.97844839096, "delta": 32.43748760223389}, "costs": {"total_cost": 856.1984793627078, "time_cost": 150, "final_distance_cost": 75.47325149426523, "oscillation_cost": 168.72630229755748, "completition_cost": 333.33333333333337, "overshoot_cost": 64.3359898910518, "power_cost": 30.254413037109376, "noise_cost": 34.07518930939051, "n_waypoints_completed": 6, "tot_waypoints": 9}}
