{"target": -376.1320077455659, "params": {"k_pid_pos": [1.9923306703567505, 0.7845379710197449, 0.01845484972000122], "k_pid_alt": [1.9432618618011475, 0.9853650331497192, 0.09964427351951599], "k_pid_att": [100.0, 0.21933621168136597, 0.9871183633804321], "k_pid_yaw": [0.5, 1e-06, 0.1], "k_pid_hsp": [10.0, 0.9981721043586731, 0.00713077187538147], "k_pid_vsp": [398.6126708984375, 3.3317694664001465, 9.999999974752427e-07]}, "datetime": {"datetime": "2025-08-12 06:53:16", "elapsed": 52075.41494178772, "delta": 30.85808229446411}, "costs": {"total_cost": 376.1320077455659, "time_cost": 113.533, "final_distance_cost": 1.7096213377961764, "oscillation_cost": 134.30979747432366, "completition_cost": 0.0, "overshoot_cost": 67.08833540107942, "power_cost": 28.68591424560547, "noise_cost": 30.80533928676112, "n_waypoints_completed": 9, "tot_waypoints": 9}}
{"target": -1562.2458239584857, "params": {"k_pid_pos": [1.9320544004440308, 0.9933724403381348, 0.007289201021194458], "k_pid_alt": [1.9467058181762695, 0.8847399950027466, 0.006793767213821411], "k_pid_att": [100.0, 0.27502307295799255, 0.968419075012207], "k_pid_yaw": [0.5, 1e-06, 0.1], "k_pid_hsp": [10.0, 0.9874699115753174, 0.028914988040924072], "k_pid_vsp": [318.4162902832031, 5.605555534362793, 399.99993896484375]}, "datetime": {"datetime": "2025-08-12 06:53:48", "elapsed": 52107.41268014908, "delta": 31.997738361358643}, "costs": {"total_cost": 1562.2458239584857, "time_cost": 150, "final_distance_cost": 6.586662258254571, "oscillation_cost": 77.8336284680831, "completition_cost": 1000.0, "overshoot_cost": 166.156161779828, "power_cost": 33.4394361328125, "noise_cost": 128.22993531950772, "n_waypoints_completed": 0, "tot_waypoints": 9}}
{"target": -1553.184806534229, "params": {"k_pid_pos": [1.96278715133667, 0.950696587562561, 0.05939888954162598], "k_pid_alt": [1.9492285251617432, 0.9878419637680054, 0.003850787878036499], "k_pid_att": [100.0, 0.15986716747283936, 0.991754412651062], "k_pid_yaw": [0.5, 1e-06, 0.1], "k_pid_hsp": [9.99937915802002, 0.9824286699295044, 0.01955127716064453], "k_pid_vsp": [0.004029273986816406, 1.3310203552246094, 9.999999974752427e-07]}, "datetime": {"datetime": "2025-08-12 06:54:20", "elapsed": 52140.28702402115, "delta": 32.87434387207031}, "costs": {"total_cost": 1553.184806534229, "time_cost": 150, "final_distance_cost": 14.579573238337, "oscillation_cost": 67.50109967691176, "completition_cost": 1000.0, "overshoot_cost": 166.77172665907958, "power_cost": 14.629548571777345, "noise_cost": 139.70285838812336, "n_waypoints_completed": 0, "tot_waypoints": 9}}
{"target": -777.3673743487834, "params": {"k_pid_pos": [1.9697140455245972, 0.8791596293449402, 0.11000630259513855], "k_pid_alt": [1.9825133085250854, 0.9973154067993164, 0.009745806455612183], "k_pid_att": [100.0, 0.048482395708560944, 0.7733149528503418], "k_pid_yaw": [0.5, 1e-06, 0.1], "k_pid_hsp": [10.0, 0.9803489446640015, 0.1362910270690918], "k_pid_vsp": [399.99273681640625, 8.36238956451416, 0.005353496875613928]}, "datetime": {"datetime": "2025-08-12 06:54:51", "elapsed": 52170.50121760368, "delta": 30.21419358253479}, "costs": {"total_cost": 777.3673743487834, "time_cost": 150, "final_distance_cost": 62.660040074553606, "oscillation_cost": 204.1760611392467, "completition_cost": 222.2222222222222, "overshoot_cost": 70.49638257182386, "power_cost": 34.295740173339844, "noise_cost": 33.51692816759726, "n_waypoints_completed": 7, "tot_waypoints": 9}}
{"target": -686.2171750062123, "params": {"k_pid_pos": [1.9857584238052368, 0.9591152667999268, 0.029355347156524658], "k_pid_alt": [1.806698203086853, 0.9560458660125732, 0.08799523115158081], "k_pid_att": [100.0, 0.6764986515045166, 0.9537018537521362], "k_pid_yaw": [0.5, 1e-06, 0.1], "k_pid_hsp": [10.0, 0.9044513702392578, 0.004803091287612915], "k_pid_vsp": [293.6940612792969, 4.418028354644775, 0.0006685720290988684]}, "datetime": {"datetime": "2025-08-12 06:55:23", "elapsed": 52203.344796419144, "delta": 32.843578815460205}, "costs": {"total_cost": 686.2171750062123, "time_cost": 150, "final_distance_cost": 72.70789594250499, "oscillation_cost": 112.17156123252587, "completition_cost": 222.2222222222222, "overshoot_cost": 65.87545989511274, "power_cost": 30.32971805419922, "noise_cost": 32.910317659647234, "n_waypoints_completed": 7, "tot_waypoints": 9}}
{"target": -688.1181801406731, "params": {"k_pid_pos": [1.9419889450073242, 0.9890832304954529, 0.08355212211608887], "k_pid_alt": [1.8846354484558105, 0.9894617795944214, 0.02894607186317444], "k_pid_att": [100.0, 0.10421039164066315, 0.9698233604431152], "k_pid_yaw": [0.5, 1e-06, 0.1], "k_pid_hsp": [10.0, 0.9927113056182861, 0.09554058313369751], "k_pid_vsp": [398.59130859375, 3.4620532989501953, 0.0005732045974582434]}, "datetime": {"datetime": "2025-08-12 06:55:56", "elapsed": 52235.449597120285, "delta": 32.10480070114136}, "costs": {"total_cost": 688.1181801406731, "time_cost": 150, "final_distance_cost": 64.66766492889107, "oscillation_cost": 119.86204008607176, "completition_cost": 222.2222222222222, "overshoot_cost": 64.21792982387797, "power_cost": 33.41703492431641, "noise_cost": 33.73128815529369, "n_waypoints_completed": 7, "tot_waypoints": 9}}
{"target": -1532.145381833512, "params": {"k_pid_pos": [1.7482426166534424, 0.9476587176322937, 0.028083443641662598], "k_pid_alt": [1.9935994148254395, 0.949855387210846, 0.04041966795921326], "k_pid_att": [100.0, 1.086246132850647, 0.9952778220176697], "k_pid_yaw": [0.5, 1e-06, 0.1], "k_pid_hsp": [8.283682823181152, 0.9881268739700317, 0.01227879524230957], "k_pid_vsp": [327.46942138671875, 7.368303298950195, 399.85791015625]}, "datetime": {"datetime": "2025-08-12 06:56:27", "elapsed": 52267.170784950256, "delta": 31.721187829971313}, "costs": {"total_cost": 1532.145381833512, "time_cost": 150, "final_distance_cost": 8.643959531138325, "oscillation_cost": 54.54285222846724, "completition_cost": 1000.0, "overshoot_cost": 165.16515310909773, "power_cost": 31.697818884277346, "noise_cost": 122.09559808053163, "n_waypoints_completed": 0, "tot_waypoints": 9}}
{"target": -1558.2381504655607, "params": {"k_pid_pos": [1.940598487854004, 0.9930996894836426, 0.006671637296676636], "k_pid_alt": [1.9954144954681396, 0.9902040958404541, 0.11987346410751343], "k_pid_att": [100.0, 0.2524188160896301, 0.9931809902191162], "k_pid_yaw": [0.5, 1e-06, 0.1], "k_pid_hsp": [10.0, 0.9830549359321594, 0.0212785005569458], "k_pid_vsp": [0.0029206275939941406, 8.819867134094238, 7.419253349304199]}, "datetime": {"datetime": "2025-08-12 06:56:58", "elapsed": 52298.139335393906, "delta": 30.968550443649292}, "costs": {"total_cost": 1558.2381504655607, "time_cost": 150, "final_distance_cost": 14.08403508162446, "oscillation_cost": 59.62195656041084, "completition_cost": 1000.0, "overshoot_cost": 166.2657532651677, "power_cost": 20.395140832519534, "noise_cost": 147.87126472583836, "n_waypoints_completed": 0, "tot_waypoints": 9}}
{"target": -708.5078531146563, "params": {"k_pid_pos": [1.972274661064148, 0.972116231918335, 0.0027039647102355957], "k_pid_alt": [1.8535046577453613, 0.9732636213302612, 0.0019912421703338623], "k_pid_att": [100.0, 0.47121158242225647, 0.9367181062698364], "k_pid_yaw": [0.5, 1e-06, 0.1], "k_pid_hsp": [9.999999046325684, 0.9874670505523682, 0.009553074836730957], "k_pid_vsp": [400.0, 8.63249397277832, 0.00020365578529890627]}, "datetime": {"datetime": "2025-08-12 06:57:30", "elapsed": 52330.04022169113, "delta": 31.900886297225952}, "costs": {"total_cost": 708.5078531146563, "time_cost": 150, "final_distance_cost": 68.68785424876485, "oscillation_cost": 138.73740124772405, "completition_cost": 222.2222222222222, "overshoot_cost": 65.40038600263037, "power_cost": 30.61937479248047, "noise_cost": 32.840614600834286, "n_waypoints_completed": 7, "tot_waypoints": 9}}
{"target": -784.7283088335354, "params": {"k_pid_pos": [1.9865639209747314, 0.9920236468315125, 0.06021225452423096], "k_pid_alt": [1.9865281581878662, 0.775891900062561, 0.04878079891204834], "k_pid_att": [100.0, 0.21525868773460388, 0.9620989561080933], "k_pid_yaw": [0.5, 1e-06, 0.1], "k_pid_hsp": [10.0, 0.9817107319831848, 0.010305464267730713], "k_pid_vsp": [399.9999694824219, 13.603449821472168, 83.92630004882812]}, "datetime": {"datetime": "2025-08-12 06:58:05", "elapsed": 52364.44079709053, "delta": 34.400575399398804}, "costs": {"total_cost": 784.7283088335354, "time_cost": 150, "final_distance_cost": 77.97863777285124, "oscillation_cost": 91.74665441690821, "completition_cost": 333.33333333333337, "overshoot_cost": 65.69425759337406, "power_cost": 34.83557642822266, "noise_cost": 31.139849288845927, "n_waypoints_completed": 6, "tot_waypoints": 9}}
{"target": -698.9747059594029, "params": {"k_pid_pos": [1.9617482423782349, 0.9821490049362183, 0.05122947692871094], "k_pid_alt": [1.9453715085983276, 0.9846962094306946, 0.007558971643447876], "k_pid_att": [100.0, 2.615206241607666, 0.9947197437286377], "k_pid_yaw": [0.5, 1e-06, 0.1], "k_pid_hsp": [10.0, 0.9863138198852539, 0.004992187023162842], "k_pid_vsp": [311.16021728515625, 58.834754943847656, 0.0009069906082004309]}, "datetime": {"datetime": "2025-08-12 06:58:36", "elapsed": 52395.98687124252, "delta": 31.546074151992798}, "costs": {"total_cost": 698.9747059594029, "time_cost": 150, "final_distance_cost": 74.4523411969131, "oscillation_cost": 128.82852079578473, "completition_cost": 222.2222222222222, "overshoot_cost": 59.18734486408751, "power_cost": 30.16061773681641, "noise_cost": 34.12365914357887, "n_waypoints_completed": 7, "tot_waypoints": 9}}
{"target": -1410.023886945731, "params": {"k_pid_pos": [1.9813711643218994, 0.9902418255805969, 0.060891151428222656], "k_pid_alt": [1.9879345893859863, 0.9366620779037476, 0.004830002784729004], "k_pid_att": [100.0, 0.17557014524936676, 0.9946584701538086], "k_pid_yaw": [0.5, 1e-06, 0.1], "k_pid_hsp": [0.5978529453277588, 0.9917516708374023, 0.005882352590560913], "k_pid_vsp": [17.737043380737305, 4.7926554679870605, 1.2920929293613881e-05]}, "datetime": {"datetime": "2025-08-12 06:59:08", "elapsed": 52427.824311733246, "delta": 31.837440490722656}, "costs": {"total_cost": 1410.023886945731, "time_cost": 150, "final_distance_cost": 46.6595298228941, "oscillation_cost": 97.98900885042586, "completition_cost": 1000.0, "overshoot_cost": 50.837347230709064, "power_cost": 29.441004528808595, "noise_cost": 35.096996512893206, "n_waypoints_completed": 0, "tot_waypoints": 9}}
{"target": -875.2294153994756, "params": {"k_pid_pos": [1.9826284646987915, 0.979123055934906, 0.11540466547012329], "k_pid_alt": [1.9331727027893066, 0.9744423627853394, 0.045252442359924316], "k_pid_att": [99.47277069091797, 0.5118201375007629, 0.977929949760437], "k_pid_yaw": [0.5, 1e-06, 0.1], "k_pid_hsp": [9.99998950958252, 0.968820333480835, 0.017904072999954224], "k_pid_vsp": [400.0, 26.058067321777344, 9.999999974752427e-07]}, "datetime": {"datetime": "2025-08-12 06:59:39", "elapsed": 52458.38412094116, "delta": 30.55980920791626}, "costs": {"total_cost": 875.2294153994756, "time_cost": 150, "final_distance_cost": 72.89770682275591, "oscillation_cost": 189.07628793730757, "completition_cost": 333.33333333333337, "overshoot_cost": 64.18722438993507, "power_cost": 31.511727478027346, "noise_cost": 34.22313543811644, "n_waypoints_completed": 6, "tot_waypoints": 9}}
{"target": -1582.367251704859, "params": {"k_pid_pos": [1.991951823234558, 0.9885973930358887, 0.009719908237457275], "k_pid_alt": [1.7637388706207275, 0.9982786178588867, 0.04645916819572449], "k_pid_att": [99.88963317871094, 0.6623579263687134, 0.9867188930511475], "k_pid_yaw": [0.5, 1e-06, 0.1], "k_pid_hsp": [9.99988079071045, 0.9872075319290161, 0.246826171875], "k_pid_vsp": [0.9789586067199707, 11.907376289367676, 0.03423790633678436]}, "datetime": {"datetime": "2025-08-12 07:00:09", "elapsed": 52489.36386346817, "delta": 30.979742527008057}, "costs": {"total_cost": 1582.367251704859, "time_cost": 150, "final_distance_cost": 8.260766149699085, "oscillation_cost": 99.11947880688888, "completition_cost": 1000.0, "overshoot_cost": 163.55123971585135, "power_cost": 33.25348585205078, "noise_cost": 128.18228118036905, "n_waypoints_completed": 0, "tot_waypoints": 9}}
{"target": -1299.5224852930987, "params": {"k_pid_pos": [1.9578654766082764, 0.9568382501602173, 0.003772050142288208], "k_pid_alt": [1.957850694656372, 0.9808640480041504, 0.00982898473739624], "k_pid_att": [100.0, 0.09764590114355087, 0.9433908462524414], "k_pid_yaw": [0.5, 1e-06, 0.1], "k_pid_hsp": [10.0, 0.979555070400238, 0.026931673288345337], "k_pid_vsp": [245.21768188476562, 2.748168468475342, 1.2920929293613881e-05]}, "datetime": {"datetime": "2025-08-12 07:00:41", "elapsed": 52520.759917497635, "delta": 31.39605402946472}, "costs": {"total_cost": 1299.5224852930987, "time_cost": 150, "final_distance_cost": 61.63766053456452, "oscillation_cost": 93.97764680250714, "completition_cost": 888.8888888888888, "overshoot_cost": 41.19577626244535, "power_cost": 29.91082977294922, "noise_cost": 33.91168303174369, "n_waypoints_completed": 1, "tot_waypoints": 9}}
{"target": -1543.556383397188, "params": {"k_pid_pos": [1.936560034751892, 0.9598876237869263, 0.08497387170791626], "k_pid_alt": [1.9530086517333984, 0.760002613067627, 0.010723680257797241], "k_pid_att": [100.0, 1.1321990489959717, 0.994505763053894], "k_pid_yaw": [0.5, 1e-06, 0.1], "k_pid_hsp": [10.0, 0.9807353019714355, 0.029109954833984375], "k_pid_vsp": [0.0, 0.8564601540565491, 399.9996032714844]}, "datetime": {"datetime": "2025-08-12 07:01:14", "elapsed": 52554.0284178257, "delta": 33.268500328063965}, "costs": {"total_cost": 1543.556383397188, "time_cost": 150, "final_distance_cost": 8.162085953237295, "oscillation_cost": 65.4824941337442, "completition_cost": 1000.0, "overshoot_cost": 163.84922309006876, "power_cost": 24.397592724609375, "noise_cost": 131.6649874955283, "n_waypoints_completed": 0, "tot_waypoints": 9}}
{"target": -1539.9860696598134, "params": {"k_pid_pos": [1.981372356414795, 0.9484685063362122, 0.008409976959228516], "k_pid_alt": [1.9248197078704834, 0.9295543432235718, 0.10135507583618164], "k_pid_att": [100.0, 0.7719467878341675, 0.9884892702102661], "k_pid_yaw": [0.5, 1e-06, 0.1], "k_pid_hsp": [10.0, 0.995368480682373, 0.00674322247505188], "k_pid_vsp": [0.016951560974121094, 7.059515476226807, 0.002528236946091056]}, "datetime": {"datetime": "2025-08-12 07:01:50", "elapsed": 52589.65050077438, "delta": 35.62208294868469}, "costs": {"total_cost": 1539.9860696598134, "time_cost": 150, "final_distance_cost": 15.068075144233575, "oscillation_cost": 44.48069327112296, "completition_cost": 1000.0, "overshoot_cost": 166.43350632606914, "power_cost": 17.84928037109375, "noise_cost": 146.15451454729387, "n_waypoints_completed": 0, "tot_waypoints": 9}}
{"target": -1548.5673033105593, "params": {"k_pid_pos": [1.9736191034317017, 0.9930968284606934, 0.004760652780532837], "k_pid_alt": [1.9730181694030762, 0.9755766987800598, 0.04504585266113281], "k_pid_att": [100.0, 1.240830659866333, 0.9924272298812866], "k_pid_yaw": [0.5, 1e-06, 0.1], "k_pid_hsp": [10.0, 0.9981842637062073, 0.012645542621612549], "k_pid_vsp": [0.06642341613769531, 4.497457504272461, 0.0016341672744601965]}, "datetime": {"datetime": "2025-08-12 07:02:23", "elapsed": 52622.39112973213, "delta": 32.74062895774841}, "costs": {"total_cost": 1548.5673033105593, "time_cost": 150, "final_distance_cost": 15.095210631987811, "oscillation_cost": 57.13521343601679, "completition_cost": 1000.0, "overshoot_cost": 166.74113095677095, "power_cost": 16.518359960937502, "noise_cost": 143.07738832484623, "n_waypoints_completed": 0, "tot_waypoints": 9}}
{"target": -1550.4426968471569, "params": {"k_pid_pos": [1.9080768823623657, 0.9741885662078857, 0.017258375883102417], "k_pid_alt": [1.9597084522247314, 0.9671185612678528, 0.005631059408187866], "k_pid_att": [1.6021370887756348, 0.3008134365081787, 0.9883753061294556], "k_pid_yaw": [0.5, 1e-06, 0.1], "k_pid_hsp": [10.0, 0.9896557331085205, 0.04334676265716553], "k_pid_vsp": [399.9936218261719, 11.028481483459473, 399.7469787597656]}, "datetime": {"datetime": "2025-08-12 07:02:53", "elapsed": 52653.0446767807, "delta": 30.653547048568726}, "costs": {"total_cost": 1550.4426968471569, "time_cost": 150, "final_distance_cost": 17.150534803537997, "oscillation_cost": 76.44383703072883, "completition_cost": 1000.0, "overshoot_cost": 165.58950809597874, "power_cost": 34.0155166381836, "noise_cost": 107.24330027872777, "n_waypoints_completed": 0, "tot_waypoints": 9}}
{"target": -1311.5454475712843, "params": {"k_pid_pos": [1.9636807441711426, 0.9922037720680237, 0.013469427824020386], "k_pid_alt": [1.9732470512390137, 0.9733944535255432, 0.00785103440284729], "k_pid_att": [100.0, 0.2553155720233917, 0.9378727674484253], "k_pid_yaw": [0.5, 1e-06, 0.1], "k_pid_hsp": [9.989391326904297, 0.9783432483673096, 0.05906414985656738], "k_pid_vsp": [398.4786071777344, 2.190817356109619, 6.0374627113342285]}, "datetime": {"datetime": "2025-08-12 07:03:26", "elapsed": 52686.0744843483, "delta": 33.029807567596436}, "costs": {"total_cost": 1311.5454475712843, "time_cost": 150, "final_distance_cost": 73.07850935997219, "oscillation_cost": 94.08715917143726, "completition_cost": 888.8888888888888, "overshoot_cost": 40.85731040710951, "power_cost": 30.836953552246094, "noise_cost": 33.79662619163034, "n_waypoints_completed": 1, "tot_waypoints": 9}}
{"target": -1535.4591576539374, "params": {"k_pid_pos": [1.9383753538131714, 0.975164532661438, 0.024137139320373535], "k_pid_alt": [1.8901636600494385, 0.8150069713592529, 0.0038126111030578613], "k_pid_att": [100.0, 0.4225493371486664, 0.9786034822463989], "k_pid_yaw": [0.5, 1e-06, 0.1], "k_pid_hsp": [10.0, 0.977674126625061, 0.010692477226257324], "k_pid_vsp": [182.73423767089844, 6.33517599105835, 399.9952697753906]}, "datetime": {"datetime": "2025-08-12 07:03:58", "elapsed": 52717.383066654205, "delta": 31.308582305908203}, "costs": {"total_cost": 1535.4591576539374, "time_cost": 150, "final_distance_cost": 12.397783898608203, "oscillation_cost": 54.52627162205338, "completition_cost": 1000.0, "overshoot_cost": 165.5550419189578, "power_cost": 32.01358983154297, "noise_cost": 120.96647038277503, "n_waypoints_completed": 0, "tot_waypoints": 9}}
{"target": -1544.969266400262, "params": {"k_pid_pos": [1.996368646621704, 0.9329961538314819, 0.033143430948257446], "k_pid_alt": [1.9704062938690186, 0.9831875562667847, 0.01788589358329773], "k_pid_att": [99.98528289794922, 0.02009805105626583, 0.9751366376876831], "k_pid_yaw": [0.5, 1e-06, 0.1], "k_pid_hsp": [10.0, 0.9831212162971497, 0.002909362316131592], "k_pid_vsp": [3.9738059043884277, 4.0188798904418945, 9.999999974752427e-07]}, "datetime": {"datetime": "2025-08-12 07:04:29", "elapsed": 52749.06494450569, "delta": 31.681877851486206}, "costs": {"total_cost": 1544.969266400262, "time_cost": 150, "final_distance_cost": 8.06953015746158, "oscillation_cost": 45.992956060331174, "completition_cost": 1000.0, "overshoot_cost": 165.37510165946966, "power_cost": 23.409841577148438, "noise_cost": 152.12183694585104, "n_waypoints_completed": 0, "tot_waypoints": 9}}
{"target": -1539.5877897501148, "params": {"k_pid_pos": [1.961111307144165, 0.9812434911727905, 0.01303088665008545], "k_pid_alt": [1.894810676574707, 0.9719716310501099, 0.03158560395240784], "k_pid_att": [99.99998474121094, 0.07055108994245529, 0.8654230833053589], "k_pid_yaw": [0.5, 1e-06, 0.1], "k_pid_hsp": [9.993985176086426, 0.9935113191604614, 0.010440051555633545], "k_pid_vsp": [1.193392276763916, 5.608118534088135, 391.6943054199219]}, "datetime": {"datetime": "2025-08-12 07:05:01", "elapsed": 52781.0340154171, "delta": 31.96907091140747}, "costs": {"total_cost": 1539.5877897501148, "time_cost": 150, "final_distance_cost": 2.4905088054954545, "oscillation_cost": 58.96168307057458, "completition_cost": 1000.0, "overshoot_cost": 165.08117977800507, "power_cost": 23.81473052978516, "noise_cost": 139.23968756625428, "n_waypoints_completed": 0, "tot_waypoints": 9}}
{"target": -656.6622805774164, "params": {"k_pid_pos": [1.9466794729232788, 0.9900921583175659, 0.014766961336135864], "k_pid_alt": [1.9601047039031982, 0.962258517742157, 0.03867584466934204], "k_pid_att": [99.99998474121094, 0.08243405073881149, 0.9880358576774597], "k_pid_yaw": [0.5, 1e-06, 0.1], "k_pid_hsp": [0.7301634550094604, 0.9970107078552246, 0.0004589855670928955], "k_pid_vsp": [214.165283203125, 5.694104194641113, 3.295553684234619]}, "datetime": {"datetime": "2025-08-12 07:05:32", "elapsed": 52811.976233005524, "delta": 30.942217588424683}, "costs": {"total_cost": 656.6622805774164, "time_cost": 150, "final_distance_cost": 66.54220863612872, "oscillation_cost": 86.86111084415859, "completition_cost": 222.2222222222222, "overshoot_cost": 63.79689386273347, "power_cost": 31.575603369140627, "noise_cost": 35.66424164303286, "n_waypoints_completed": 7, "tot_waypoints": 9}}
{"target": -1540.8867222566703, "params": {"k_pid_pos": [1.967575192451477, 0.9494496583938599, 0.07025173306465149], "k_pid_alt": [1.980623483657837, 0.9442589282989502, 0.026718497276306152], "k_pid_att": [100.0, 2.804776668548584, 0.9750798940658569], "k_pid_yaw": [0.5, 1e-06, 0.1], "k_pid_hsp": [9.999967575073242, 0.9771997332572937, 0.017159879207611084], "k_pid_vsp": [0.0, 11.662901878356934, 3.6001930236816406]}, "datetime": {"datetime": "2025-08-12 07:06:02", "elapsed": 52842.17074465752, "delta": 30.194511651992798}, "costs": {"total_cost": 1540.8867222566703, "time_cost": 150, "final_distance_cost": 2.0690127156110667, "oscillation_cost": 50.76878013992701, "completition_cost": 1000.0, "overshoot_cost": 165.37624596199498, "power_cost": 22.16055848388672, "noise_cost": 150.5121249552505, "n_waypoints_completed": 0, "tot_waypoints": 9}}
