{"target": -1535.5357151467601, "params": {"k_pid_pos": [1.9348012208938599, 0.9712169766426086, 0.026888787746429443], "k_pid_alt": [1.9920732975006104, 0.9746898412704468, 0.03469172120094299], "k_pid_att": [100.0, 4.963833332061768, 0.9873868823051453], "k_pid_yaw": [0.5, 1e-06, 0.1], "k_pid_hsp": [9.99996566772461, 0.997147798538208, 0.005760878324508667], "k_pid_vsp": [58.55067825317383, 2.8616080284118652, 399.99853515625]}, "datetime": {"datetime": "2025-08-11 22:51:42", "elapsed": 23181.627509593964, "delta": 31.032174110412598}, "costs": {"total_cost": 1535.5357151467601, "time_cost": 150, "final_distance_cost": 11.539398853469839, "oscillation_cost": 50.5681468200051, "completition_cost": 1000.0, "overshoot_cost": 166.13997681003212, "power_cost": 31.43330916748047, "noise_cost": 125.85488349577251, "n_waypoints_completed": 0, "tot_waypoints": 9}}
{"target": -1319.540446623167, "params": {"k_pid_pos": [1.9561625719070435, 0.9920461177825928, 0.021841078996658325], "k_pid_alt": [1.9675283432006836, 0.9455103874206543, 0.03263801336288452], "k_pid_att": [100.0, 0.8172608017921448, 0.9691049456596375], "k_pid_yaw": [0.5, 1e-06, 0.1], "k_pid_hsp": [10.0, 0.982837975025177, 0.04291313886642456], "k_pid_vsp": [376.7038879394531, 20.719327926635742, 0.001777218421921134]}, "datetime": {"datetime": "2025-08-11 22:52:13", "elapsed": 23212.465520381927, "delta": 30.838010787963867}, "costs": {"total_cost": 1319.540446623167, "time_cost": 150, "final_distance_cost": 66.47772521971336, "oscillation_cost": 109.16433463393707, "completition_cost": 888.8888888888888, "overshoot_cost": 40.66299949014218, "power_cost": 30.482482556152345, "noise_cost": 33.864015834333344, "n_waypoints_completed": 1, "tot_waypoints": 9}}
{"target": -1542.6193026773167, "params": {"k_pid_pos": [1.7803088426589966, 0.9834616184234619, 0.014207988977432251], "k_pid_alt": [1.982669711112976, 0.9912943840026855, 0.0013203620910644531], "k_pid_att": [100.0, 9.133879661560059, 0.944338321685791], "k_pid_yaw": [0.5, 1e-06, 0.1], "k_pid_hsp": [10.0, 0.966773509979248, 0.0029596686363220215], "k_pid_vsp": [0.3889799118041992, 11.000872611999512, 400.0]}, "datetime": {"datetime": "2025-08-11 22:52:43", "elapsed": 23243.107426404953, "delta": 30.641906023025513}, "costs": {"total_cost": 1542.6193026773167, "time_cost": 150, "final_distance_cost": 10.993564163696103, "oscillation_cost": 46.90065295472388, "completition_cost": 1000.0, "overshoot_cost": 165.93223139534996, "power_cost": 24.24540378417969, "noise_cost": 144.54745037936732, "n_waypoints_completed": 0, "tot_waypoints": 9}}
{"target": -686.9150825298043, "params": {"k_pid_pos": [1.8231756687164307, 0.9327899217605591, 0.017916321754455566], "k_pid_alt": [1.9970570802688599, 0.876024603843689, 0.17114144563674927], "k_pid_att": [99.99979400634766, 2.191459894180298, 0.64046311378479], "k_pid_yaw": [0.5, 1e-06, 0.1], "k_pid_hsp": [9.999408721923828, 0.9499297142028809, 0.12486910820007324], "k_pid_vsp": [309.15216064453125, 0.8142243027687073, 0.12664894759655]}, "datetime": {"datetime": "2025-08-11 22:53:14", "elapsed": 23273.97615981102, "delta": 30.868733406066895}, "costs": {"total_cost": 686.9150825298043, "time_cost": 150, "final_distance_cost": 71.27043752483428, "oscillation_cost": 211.58682129295383, "completition_cost": 111.11111111111116, "overshoot_cost": 75.0159213581717, "power_cost": 34.19796628417969, "noise_cost": 33.732824958553735, "n_waypoints_completed": 8, "tot_waypoints": 9}}
{"target": -1571.079245104143, "params": {"k_pid_pos": [1.9880539178848267, 0.7854145169258118, 0.019100457429885864], "k_pid_alt": [1.9727697372436523, 0.9355457425117493, 0.004997730255126953], "k_pid_att": [99.99991607666016, 1.601466417312622, 0.983819305896759], "k_pid_yaw": [0.5, 1e-06, 0.1], "k_pid_hsp": [9.855697631835938, 0.9755231142044067, 0.12465080618858337], "k_pid_vsp": [0.0, 5.102790355682373, 399.9814147949219]}, "datetime": {"datetime": "2025-08-11 22:53:45", "elapsed": 23304.43008160591, "delta": 30.453921794891357}, "costs": {"total_cost": 1571.079245104143, "time_cost": 150, "final_distance_cost": 3.2659381805325127, "oscillation_cost": 86.39123965387199, "completition_cost": 1000.0, "overshoot_cost": 165.22280188038772, "power_cost": 26.774544372558594, "noise_cost": 139.42472101679195, "n_waypoints_completed": 0, "tot_waypoints": 9}}
{"target": -1587.8050297970442, "params": {"k_pid_pos": [1.7516427040100098, 0.9785182476043701, 0.006494194269180298], "k_pid_alt": [1.897191047668457, 0.9778656363487244, 0.04839703440666199], "k_pid_att": [100.0, 1.5573240518569946, 0.9787835478782654], "k_pid_yaw": [0.5, 1e-06, 0.1], "k_pid_hsp": [9.999908447265625, 0.9885501861572266, 0.15739133954048157], "k_pid_vsp": [0.0, 28.83711051940918, 399.0082702636719]}, "datetime": {"datetime": "2025-08-11 22:54:15", "elapsed": 23335.053436756134, "delta": 30.62335515022278}, "costs": {"total_cost": 1587.8050297970442, "time_cost": 150, "final_distance_cost": 10.294696707075127, "oscillation_cost": 98.93226062890058, "completition_cost": 1000.0, "overshoot_cost": 165.97800262215551, "power_cost": 34.379066113281255, "noise_cost": 128.22100372563153, "n_waypoints_completed": 0, "tot_waypoints": 9}}
{"target": -1572.2364829118667, "params": {"k_pid_pos": [1.966946005821228, 0.9850279092788696, 0.007732957601547241], "k_pid_alt": [1.911653757095337, 0.976685643196106, 0.06564715504646301], "k_pid_att": [100.0, 4.883258819580078, 0.8813540935516357], "k_pid_yaw": [0.5, 1e-06, 0.1], "k_pid_hsp": [0.0001074505053111352, 0.9775115251541138, 0.12382030487060547], "k_pid_vsp": [0.0, 112.54054260253906, 389.9615173339844]}, "datetime": {"datetime": "2025-08-11 22:54:46", "elapsed": 23365.696600198746, "delta": 30.643163442611694}, "costs": {"total_cost": 1572.2364829118667, "time_cost": 150, "final_distance_cost": 20.015120028329598, "oscillation_cost": 62.94765315157776, "completition_cost": 1000.0, "overshoot_cost": 172.91069886965903, "power_cost": 33.942754785156254, "noise_cost": 132.42025607714405, "n_waypoints_completed": 0, "tot_waypoints": 9}}
{"target": -1552.8474414992074, "params": {"k_pid_pos": [1.9503675699234009, 0.9391094446182251, 0.09646612405776978], "k_pid_alt": [1.9147992134094238, 0.9809205532073975, 0.01870781183242798], "k_pid_att": [100.0, 0.07382514327764511, 0.951490044593811], "k_pid_yaw": [0.5, 1e-06, 0.1], "k_pid_hsp": [0.00010655644291546196, 0.9886518716812134, 0.108897864818573], "k_pid_vsp": [0.0, 7.515264511108398, 399.99993896484375]}, "datetime": {"datetime": "2025-08-11 22:55:16", "elapsed": 23396.18693256378, "delta": 30.49033236503601}, "costs": {"total_cost": 1552.8474414992074, "time_cost": 150, "final_distance_cost": 9.39281853502768, "oscillation_cost": 52.19004902474734, "completition_cost": 1000.0, "overshoot_cost": 173.2077942985727, "power_cost": 21.9850291015625, "noise_cost": 146.0717505392973, "n_waypoints_completed": 0, "tot_waypoints": 9}}
{"target": -1523.3635199393095, "params": {"k_pid_pos": [1.9633175134658813, 0.972221851348877, 0.02657952904701233], "k_pid_alt": [1.9410055875778198, 0.9841697216033936, 0.03114435076713562], "k_pid_att": [99.99993896484375, 0.5576374530792236, 0.9106510281562805], "k_pid_yaw": [0.5, 1e-06, 0.1], "k_pid_hsp": [10.0, 0.964789628982544, 0.00472867488861084], "k_pid_vsp": [400.0, 6.8357954025268555, 400.0]}, "datetime": {"datetime": "2025-08-11 22:55:47", "elapsed": 23427.009522914886, "delta": 30.822590351104736}, "costs": {"total_cost": 1523.3635199393095, "time_cost": 150, "final_distance_cost": 6.06844134779965, "oscillation_cost": 56.74701626022978, "completition_cost": 1000.0, "overshoot_cost": 164.19272189742304, "power_cost": 31.43532282714844, "noise_cost": 114.92001760670864, "n_waypoints_completed": 0, "tot_waypoints": 9}}
{"target": -531.2920658188433, "params": {"k_pid_pos": [1.9942107200622559, 0.9354426860809326, 0.11780178546905518], "k_pid_alt": [1.9857152700424194, 0.948874831199646, 0.05383652448654175], "k_pid_att": [99.99998474121094, 5.533029079437256, 0.9677393436431885], "k_pid_yaw": [0.5, 1e-06, 0.1], "k_pid_hsp": [2.074141263961792, 0.960615873336792, 0.06991755962371826], "k_pid_vsp": [173.7791748046875, 1.969088077545166, 0.3101955056190491]}, "datetime": {"datetime": "2025-08-11 22:56:17", "elapsed": 23457.164359807968, "delta": 30.154836893081665}, "costs": {"total_cost": 531.2920658188433, "time_cost": 150, "final_distance_cost": 41.22838547372995, "oscillation_cost": 100.75438523669425, "completition_cost": 111.11111111111116, "overshoot_cost": 60.9881235529916, "power_cost": 32.40687009277344, "noise_cost": 34.80319035154289, "n_waypoints_completed": 8, "tot_waypoints": 9}}
{"target": -1562.0079678915608, "params": {"k_pid_pos": [1.6852445602416992, 0.907325029373169, 0.02853924036026001], "k_pid_alt": [1.7714135646820068, 0.9022340774536133, 0.006622672080993652], "k_pid_att": [100.0, 0.5549284815788269, 0.9840189218521118], "k_pid_yaw": [0.5, 1e-06, 0.1], "k_pid_hsp": [0.787045419216156, 0.6047406792640686, 0.007262110710144043], "k_pid_vsp": [0.18333196640014648, 21.85420036315918, 388.2346496582031]}, "datetime": {"datetime": "2025-08-11 22:56:49", "elapsed": 23488.850056409836, "delta": 31.685696601867676}, "costs": {"total_cost": 1562.0079678915608, "time_cost": 150, "final_distance_cost": 13.432189866591957, "oscillation_cost": 81.75393919546936, "completition_cost": 1000.0, "overshoot_cost": 169.055411045921, "power_cost": 28.31859483642578, "noise_cost": 119.4478329471525, "n_waypoints_completed": 0, "tot_waypoints": 9}}
{"target": -4968.764717239884, "params": {"k_pid_pos": [1.8859689235687256, 0.9481279850006104, 0.031945616006851196], "k_pid_alt": [1.9436545372009277, 0.9874600768089294, 0.09619557857513428], "k_pid_att": [0.0022232532501220703, 2.5902509689331055, 0.9638171195983887], "k_pid_yaw": [0.5, 1e-06, 0.1], "k_pid_hsp": [9.999999046325684, 0.9989535808563232, 0.14678674936294556], "k_pid_vsp": [399.9992370605469, 4.460073471069336, 399.9908447265625]}, "datetime": {"datetime": "2025-08-11 22:57:20", "elapsed": 23519.408592939377, "delta": 30.558536529541016}, "costs": {"total_cost": 4968.764717239884, "time_cost": 150, "final_distance_cost": 545.6245302612259, "oscillation_cost": 1254.9481257082905, "completition_cost": 1000.0, "overshoot_cost": 1797.3756861439215, "power_cost": 55.25868266601563, "noise_cost": 165.557692460431, "n_waypoints_completed": 0, "tot_waypoints": 9}}
{"target": -1465.0754470694856, "params": {"k_pid_pos": [1.9320759773254395, 0.962729811668396, 0.00577506422996521], "k_pid_alt": [1.9406466484069824, 0.809255063533783, 0.06823229789733887], "k_pid_att": [99.99998474121094, 1.1640758514404297, 0.9253886342048645], "k_pid_yaw": [0.5, 1e-06, 0.1], "k_pid_hsp": [9.999999046325684, 0.8411684036254883, 0.045721471309661865], "k_pid_vsp": [354.41888427734375, 3.838754653930664, 399.9999694824219]}, "datetime": {"datetime": "2025-08-11 22:57:51", "elapsed": 23550.78806233406, "delta": 31.379469394683838}, "costs": {"total_cost": 1465.0754470694856, "time_cost": 150, "final_distance_cost": 15.874501099094926, "oscillation_cost": 86.44601274982064, "completition_cost": 1000.0, "overshoot_cost": 138.51517436935586, "power_cost": 36.0548986328125, "noise_cost": 38.184860218401674, "n_waypoints_completed": 0, "tot_waypoints": 9}}
{"target": -1238.944513569046, "params": {"k_pid_pos": [1.984404444694519, 0.868649423122406, 0.05178824067115784], "k_pid_alt": [1.9324228763580322, 0.8818055987358093, 0.045924365520477295], "k_pid_att": [100.0, 1.4846508502960205, 0.7779701948165894], "k_pid_yaw": [0.5, 1e-06, 0.1], "k_pid_hsp": [10.0, 0.9903852939605713, 0.03684225678443909], "k_pid_vsp": [399.99810791015625, 21.456029891967773, 399.9991760253906]}, "datetime": {"datetime": "2025-08-11 22:58:22", "elapsed": 23581.67530655861, "delta": 30.88724422454834}, "costs": {"total_cost": 1238.944513569046, "time_cost": 150, "final_distance_cost": 86.73022269687387, "oscillation_cost": 85.42101157421105, "completition_cost": 777.7777777777778, "overshoot_cost": 73.6153748781496, "power_cost": 34.72743259277344, "noise_cost": 30.67269404926022, "n_waypoints_completed": 2, "tot_waypoints": 9}}
{"target": -1580.9743649311758, "params": {"k_pid_pos": [1.9183543920516968, 0.7184048295021057, 0.017389506101608276], "k_pid_alt": [1.9211910963058472, 0.990497350692749, 0.01224750280380249], "k_pid_att": [99.99998474121094, 1.5975189208984375, 0.9484062790870667], "k_pid_yaw": [0.5, 1e-06, 0.1], "k_pid_hsp": [9.420968055725098, 0.9669684171676636, 0.07761198282241821], "k_pid_vsp": [0.0, 14.074755668640137, 400.0]}, "datetime": {"datetime": "2025-08-11 22:58:52", "elapsed": 23612.164833068848, "delta": 30.489526510238647}, "costs": {"total_cost": 1580.9743649311758, "time_cost": 150, "final_distance_cost": 8.185695631629047, "oscillation_cost": 88.79635647944988, "completition_cost": 1000.0, "overshoot_cost": 164.27845336281047, "power_cost": 31.666528942871096, "noise_cost": 138.04733051441534, "n_waypoints_completed": 0, "tot_waypoints": 9}}
{"target": -1580.518013907416, "params": {"k_pid_pos": [1.7548894882202148, 0.9915858507156372, 0.061063170433044434], "k_pid_alt": [1.9684998989105225, 0.753804087638855, 0.008779644966125488], "k_pid_att": [100.0, 4.633262634277344, 0.943203866481781], "k_pid_yaw": [0.5, 1e-06, 0.1], "k_pid_hsp": [0.00035212512011639774, 0.9848774075508118, 0.04027372598648071], "k_pid_vsp": [0.013720989227294922, 18.745019912719727, 0.005270050372928381]}, "datetime": {"datetime": "2025-08-11 22:59:23", "elapsed": 23643.06476998329, "delta": 30.89993691444397}, "costs": {"total_cost": 1580.518013907416, "time_cost": 150, "final_distance_cost": 18.358864601332407, "oscillation_cost": 61.834611341235686, "completition_cost": 1000.0, "overshoot_cost": 171.01911071012321, "power_cost": 29.731472216796877, "noise_cost": 149.5739550379279, "n_waypoints_completed": 0, "tot_waypoints": 9}}
{"target": -1569.6583266426778, "params": {"k_pid_pos": [1.6400455236434937, 0.9756109714508057, 0.019614368677139282], "k_pid_alt": [1.9448530673980713, 0.990647554397583, 0.0790703296661377], "k_pid_att": [99.99999237060547, 1.446002721786499, 0.9668080806732178], "k_pid_yaw": [0.5, 1e-06, 0.1], "k_pid_hsp": [9.999996185302734, 0.9112114906311035, 0.05523082613945007], "k_pid_vsp": [0.004160404205322266, 8.478594779968262, 6.060464511392638e-05]}, "datetime": {"datetime": "2025-08-11 22:59:54", "elapsed": 23673.884732484818, "delta": 30.81996250152588}, "costs": {"total_cost": 1569.6583266426778, "time_cost": 150, "final_distance_cost": 14.564674804202163, "oscillation_cost": 69.99181897334088, "completition_cost": 1000.0, "overshoot_cost": 166.68323636193725, "power_cost": 21.636039672851563, "noise_cost": 146.78255683034584, "n_waypoints_completed": 0, "tot_waypoints": 9}}
{"target": -1210.3001455967478, "params": {"k_pid_pos": [1.9901314973831177, 0.9582663774490356, 0.032725512981414795], "k_pid_alt": [1.9835820198059082, 0.8872518539428711, 0.10502901673316956], "k_pid_att": [100.0, 3.1612398624420166, 0.9050306081771851], "k_pid_yaw": [0.5, 1e-06, 0.1], "k_pid_hsp": [10.0, 0.9482008814811707, 0.24916985630989075], "k_pid_vsp": [396.5463562011719, 15.694881439208984, 400.0]}, "datetime": {"datetime": "2025-08-11 23:00:25", "elapsed": 23704.60535621643, "delta": 30.72062373161316}, "costs": {"total_cost": 1210.3001455967478, "time_cost": 150, "final_distance_cost": 56.20159638242801, "oscillation_cost": 173.88643376596167, "completition_cost": 666.6666666666667, "overshoot_cost": 94.27783630078706, "power_cost": 37.49153308105469, "noise_cost": 31.7760793998496, "n_waypoints_completed": 3, "tot_waypoints": 9}}
{"target": -1567.224032483714, "params": {"k_pid_pos": [1.9163014888763428, 0.9600671529769897, 0.11969617009162903], "k_pid_alt": [1.9659481048583984, 0.987494170665741, 0.07906457781791687], "k_pid_att": [99.97138977050781, 0.8032141923904419, 0.9717569351196289], "k_pid_yaw": [0.5, 1e-06, 0.1], "k_pid_hsp": [0.00018851200002245605, 0.9948781728744507, 0.030642390251159668], "k_pid_vsp": [3.5762786865234375e-05, 16.862144470214844, 392.8274841308594]}, "datetime": {"datetime": "2025-08-11 23:00:55", "elapsed": 23734.884258508682, "delta": 30.278902292251587}, "costs": {"total_cost": 1567.224032483714, "time_cost": 150, "final_distance_cost": 7.20778512875441, "oscillation_cost": 57.31777493850592, "completition_cost": 1000.0, "overshoot_cost": 172.46690794168236, "power_cost": 27.024717333984377, "noise_cost": 153.2068471407867, "n_waypoints_completed": 0, "tot_waypoints": 9}}
{"target": -1584.9085065792458, "params": {"k_pid_pos": [1.8655550479888916, 0.9567098617553711, 0.0034760236740112305], "k_pid_alt": [1.9539443254470825, 0.9116866588592529, 0.04255446791648865], "k_pid_att": [100.0, 6.250267028808594, 0.9117746353149414], "k_pid_yaw": [0.5, 1e-06, 0.1], "k_pid_hsp": [9.999906539916992, 0.9902102947235107, 0.06120854616165161], "k_pid_vsp": [3.1444668769836426, 1.1097321510314941, 399.66558837890625]}, "datetime": {"datetime": "2025-08-11 23:01:27", "elapsed": 23766.751002550125, "delta": 31.86674404144287}, "costs": {"total_cost": 1584.9085065792458, "time_cost": 150, "final_distance_cost": 12.298761486097852, "oscillation_cost": 87.03811684572852, "completition_cost": 1000.0, "overshoot_cost": 166.1492380647722, "power_cost": 32.610405480957034, "noise_cost": 136.81198470169008, "n_waypoints_completed": 0, "tot_waypoints": 9}}
{"target": -1564.2818994389365, "params": {"k_pid_pos": [1.8000156879425049, 0.9745268821716309, 0.2287936806678772], "k_pid_alt": [1.6152431964874268, 0.7670443654060364, 0.04445755481719971], "k_pid_att": [100.0, 1.128487467765808, 0.927330493927002], "k_pid_yaw": [0.5, 1e-06, 0.1], "k_pid_hsp": [10.0, 0.9804742336273193, 0.04264247417449951], "k_pid_vsp": [0.00171661376953125, 5.572546482086182, 267.8377990722656]}, "datetime": {"datetime": "2025-08-11 23:01:58", "elapsed": 23797.383410692215, "delta": 30.632408142089844}, "costs": {"total_cost": 1564.2818994389365, "time_cost": 150, "final_distance_cost": 7.837116450469722, "oscillation_cost": 78.18053134642408, "completition_cost": 1000.0, "overshoot_cost": 164.58750231557357, "power_cost": 29.0272330078125, "noise_cost": 134.6495163186565, "n_waypoints_completed": 0, "tot_waypoints": 9}}
{"target": -1298.7002110842955, "params": {"k_pid_pos": [1.9166030883789062, 0.9932619333267212, 0.021406352519989014], "k_pid_alt": [1.9608752727508545, 0.9935861229896545, 0.07357445359230042], "k_pid_att": [33.088829040527344, 5.430661201477051, 0.7472409605979919], "k_pid_yaw": [0.5, 1e-06, 0.1], "k_pid_hsp": [10.0, 0.8326220512390137, 0.05841740965843201], "k_pid_vsp": [50.398563385009766, 11.451186180114746, 3.129793167114258]}, "datetime": {"datetime": "2025-08-11 23:02:28", "elapsed": 23828.10763335228, "delta": 30.724222660064697}, "costs": {"total_cost": 1298.7002110842955, "time_cost": 150, "final_distance_cost": 62.47077958218094, "oscillation_cost": 91.4726289650882, "completition_cost": 888.8888888888888, "overshoot_cost": 41.51268648484265, "power_cost": 29.88249326171875, "noise_cost": 34.47273390157624, "n_waypoints_completed": 1, "tot_waypoints": 9}}
{"target": -1585.1983882133459, "params": {"k_pid_pos": [1.9684048891067505, 0.9916631579399109, 0.028473466634750366], "k_pid_alt": [1.9684841632843018, 0.9119099378585815, 0.09699144959449768], "k_pid_att": [99.99811553955078, 1.9969959259033203, 0.9639676213264465], "k_pid_yaw": [0.5, 1e-06, 0.1], "k_pid_hsp": [9.960432052612305, 0.9349954724311829, 0.049500495195388794], "k_pid_vsp": [2.1578311920166016, 9.174574851989746, 1.0580549240112305]}, "datetime": {"datetime": "2025-08-11 23:02:59", "elapsed": 23859.276898384094, "delta": 31.169265031814575}, "costs": {"total_cost": 1585.1983882133459, "time_cost": 150, "final_distance_cost": 14.583466413314163, "oscillation_cost": 75.80905392634794, "completition_cost": 1000.0, "overshoot_cost": 166.45680610565648, "power_cost": 26.40264860839844, "noise_cost": 151.9464131596286, "n_waypoints_completed": 0, "tot_waypoints": 9}}
{"target": -1538.5430982909766, "params": {"k_pid_pos": [1.8565936088562012, 0.9685420989990234, 0.04762697219848633], "k_pid_alt": [1.9737673997879028, 0.7773405313491821, 0.02914467453956604], "k_pid_att": [100.0, 0.9816055297851562, 0.9389157295227051], "k_pid_yaw": [0.5, 1e-06, 0.1], "k_pid_hsp": [10.0, 0.9756667017936707, 0.005571305751800537], "k_pid_vsp": [0.007700920104980469, 7.5293073654174805, 399.9999084472656]}, "datetime": {"datetime": "2025-08-11 23:03:31", "elapsed": 23890.62473678589, "delta": 31.347838401794434}, "costs": {"total_cost": 1538.5430982909766, "time_cost": 150, "final_distance_cost": 11.274718344547553, "oscillation_cost": 50.12738805070443, "completition_cost": 1000.0, "overshoot_cost": 165.09677461658055, "power_cost": 21.493147326660157, "noise_cost": 140.551069952484, "n_waypoints_completed": 0, "tot_waypoints": 9}}
{"target": -597.8561142665739, "params": {"k_pid_pos": [1.9487228393554688, 0.9922919273376465, 0.135586678981781], "k_pid_alt": [1.9597786664962769, 0.9873080253601074, 0.058163225650787354], "k_pid_att": [99.99165344238281, 0.05030359700322151, 0.9467569589614868], "k_pid_yaw": [0.5, 1e-06, 0.1], "k_pid_hsp": [10.0, 0.9685959815979004, 0.007522702217102051], "k_pid_vsp": [400.0, 15.443146705627441, 0.00013213021156843752]}, "datetime": {"datetime": "2025-08-11 23:04:02", "elapsed": 23921.48279452324, "delta": 30.858057737350464}, "costs": {"total_cost": 597.8561142665739, "time_cost": 150, "final_distance_cost": 55.91635490489825, "oscillation_cost": 151.4152042208257, "completition_cost": 111.11111111111116, "overshoot_cost": 66.2156780677831, "power_cost": 30.66053389892578, "noise_cost": 32.537232063029805, "n_waypoints_completed": 8, "tot_waypoints": 9}}
