{"target": -1577.340115782865, "params": {"k_pid_pos": [1.808518886566162, 0.9818071126937866, 0.028965473175048828], "k_pid_alt": [1.9316844940185547, 0.9974966049194336, 0.099799245595932], "k_pid_att": [100.0, 0.6443196535110474, 0.8908935785293579], "k_pid_yaw": [0.5, 1e-06, 0.1], "k_pid_hsp": [9.999998092651367, 0.9928154945373535, 0.04774582386016846], "k_pid_vsp": [189.71446228027344, 6.2124857902526855, 360.24359130859375]}, "datetime": {"datetime": "2025-08-12 03:23:06", "elapsed": 39466.20660948753, "delta": 31.34706425666809}, "costs": {"total_cost": 1577.340115782865, "time_cost": 150, "final_distance_cost": 10.433521066750243, "oscillation_cost": 89.1379120002679, "completition_cost": 1000.0, "overshoot_cost": 166.0942691927746, "power_cost": 34.0052029296875, "noise_cost": 127.66921059338463, "n_waypoints_completed": 0, "tot_waypoints": 9}}
{"target": -858.35411203438, "params": {"k_pid_pos": [1.9867408275604248, 0.9871542453765869, 0.004871755838394165], "k_pid_alt": [1.9623839855194092, 0.857171893119812, 0.01955437660217285], "k_pid_att": [99.99998474121094, 0.22463679313659668, 0.984251081943512], "k_pid_yaw": [0.5, 1e-06, 0.1], "k_pid_hsp": [10.0, 0.9376336932182312, 0.015393853187561035], "k_pid_vsp": [400.0, 7.83896541595459, 0.398076593875885]}, "datetime": {"datetime": "2025-08-12 03:23:38", "elapsed": 39498.13205695152, "delta": 31.925447463989258}, "costs": {"total_cost": 858.35411203438, "time_cost": 150, "final_distance_cost": 65.12030864621678, "oscillation_cost": 178.22831085854568, "completition_cost": 333.33333333333337, "overshoot_cost": 66.84226528770635, "power_cost": 30.840390283203128, "noise_cost": 33.98950362537467, "n_waypoints_completed": 6, "tot_waypoints": 9}}
{"target": -1435.0490847046128, "params": {"k_pid_pos": [1.9790476560592651, 0.9841866493225098, 0.004150867462158203], "k_pid_alt": [1.916242003440857, 0.9907829761505127, 0.0558604896068573], "k_pid_att": [87.2073745727539, 0.2963612973690033, 0.9961872696876526], "k_pid_yaw": [0.5, 1e-06, 0.1], "k_pid_hsp": [10.0, 0.977867066860199, 0.05281803011894226], "k_pid_vsp": [386.53070068359375, 10.405970573425293, 399.88983154296875]}, "datetime": {"datetime": "2025-08-12 03:24:09", "elapsed": 39528.4526348114, "delta": 30.32057785987854}, "costs": {"total_cost": 1435.0490847046128, "time_cost": 150, "final_distance_cost": 48.79940288760052, "oscillation_cost": 89.48572205849118, "completition_cost": 1000.0, "overshoot_cost": 79.33675958015024, "power_cost": 35.32872722167969, "noise_cost": 32.09847295669096, "n_waypoints_completed": 0, "tot_waypoints": 9}}
{"target": -1575.1639987845817, "params": {"k_pid_pos": [1.9886618852615356, 0.9880392551422119, 0.00513806939125061], "k_pid_alt": [1.9763293266296387, 0.9924848079681396, 0.05331450700759888], "k_pid_att": [99.99996185302734, 3.4857096672058105, 0.6684483289718628], "k_pid_yaw": [0.5, 1e-06, 0.1], "k_pid_hsp": [9.999716758728027, 0.9752100706100464, 0.13657069206237793], "k_pid_vsp": [0.016224384307861328, 13.8225679397583, 0.026083992794156075]}, "datetime": {"datetime": "2025-08-12 03:24:39", "elapsed": 39558.90227842331, "delta": 30.44964361190796}, "costs": {"total_cost": 1575.1639987845817, "time_cost": 150, "final_distance_cost": 6.559244973209551, "oscillation_cost": 110.57749240264937, "completition_cost": 1000.0, "overshoot_cost": 161.8618876541058, "power_cost": 31.674325341796877, "noise_cost": 114.49104841281996, "n_waypoints_completed": 0, "tot_waypoints": 9}}
{"target": -1540.9346396475962, "params": {"k_pid_pos": [1.9631890058517456, 0.9475946426391602, 0.01167982816696167], "k_pid_alt": [1.9865635633468628, 0.7572287321090698, 0.0041821300983428955], "k_pid_att": [100.0, 4.120944976806641, 0.9734532237052917], "k_pid_yaw": [0.5, 1e-06, 0.1], "k_pid_hsp": [9.999980926513672, 0.9580594301223755, 0.008913695812225342], "k_pid_vsp": [0.0, 12.563825607299805, 396.1417236328125]}, "datetime": {"datetime": "2025-08-12 03:25:10", "elapsed": 39590.19023990631, "delta": 31.28796148300171}, "costs": {"total_cost": 1540.9346396475962, "time_cost": 150, "final_distance_cost": 8.168246511838692, "oscillation_cost": 50.45187975579237, "completition_cost": 1000.0, "overshoot_cost": 165.24711297572426, "power_cost": 26.485188098144533, "noise_cost": 140.5822123060962, "n_waypoints_completed": 0, "tot_waypoints": 9}}
{"target": -742.8150450949106, "params": {"k_pid_pos": [1.9695075750350952, 0.9930694103240967, 0.07867342233657837], "k_pid_alt": [1.9790139198303223, 0.9276624917984009, 0.03975149989128113], "k_pid_att": [100.0, 0.11328332126140594, 0.9570352435112], "k_pid_yaw": [0.5, 1e-06, 0.1], "k_pid_hsp": [9.999998092651367, 0.9890011548995972, 0.015243887901306152], "k_pid_vsp": [386.9204406738281, 1.3296256065368652, 9.999999974752427e-07]}, "datetime": {"datetime": "2025-08-12 03:25:42", "elapsed": 39621.681673526764, "delta": 31.49143362045288}, "costs": {"total_cost": 742.8150450949106, "time_cost": 150, "final_distance_cost": 73.43814706161163, "oscillation_cost": 165.70547791360406, "completition_cost": 222.2222222222222, "overshoot_cost": 66.81939909680408, "power_cost": 30.75522985839844, "noise_cost": 33.87456894227007, "n_waypoints_completed": 7, "tot_waypoints": 9}}
{"target": -1559.1107131553847, "params": {"k_pid_pos": [1.9960633516311646, 0.9963594675064087, 0.04475289583206177], "k_pid_alt": [1.9420437812805176, 0.9808810353279114, 0.083711177110672], "k_pid_att": [99.9832992553711, 1.0469706058502197, 0.9632172584533691], "k_pid_yaw": [0.5, 1e-06, 0.1], "k_pid_hsp": [10.0, 0.9757208824157715, 0.048036396503448486], "k_pid_vsp": [0.0, 1.22430419921875, 399.9999084472656]}, "datetime": {"datetime": "2025-08-12 03:26:14", "elapsed": 39653.58075475693, "delta": 31.899081230163574}, "costs": {"total_cost": 1559.1107131553847, "time_cost": 150, "final_distance_cost": 9.285466596709496, "oscillation_cost": 76.38312080886718, "completition_cost": 1000.0, "overshoot_cost": 165.378762359994, "power_cost": 25.457199719238282, "noise_cost": 132.60616367057582, "n_waypoints_completed": 0, "tot_waypoints": 9}}
{"target": -1428.3637087881325, "params": {"k_pid_pos": [1.9381697177886963, 0.9943782091140747, 0.013626396656036377], "k_pid_alt": [1.881162166595459, 0.9896896481513977, 0.000828087329864502], "k_pid_att": [100.0, 0.6723013520240784, 0.9902361035346985], "k_pid_yaw": [0.5, 1e-06, 0.1], "k_pid_hsp": [10.0, 0.9776602983474731, 0.012825995683670044], "k_pid_vsp": [400.0, 9.703017234802246, 366.1513977050781]}, "datetime": {"datetime": "2025-08-12 03:26:46", "elapsed": 39685.841351509094, "delta": 32.26059675216675}, "costs": {"total_cost": 1428.3637087881325, "time_cost": 150, "final_distance_cost": 12.158152629909287, "oscillation_cost": 61.98380162648775, "completition_cost": 1000.0, "overshoot_cost": 139.93125474899432, "power_cost": 33.83277926025391, "noise_cost": 30.457720522487485, "n_waypoints_completed": 0, "tot_waypoints": 9}}
{"target": -1095.6537254437685, "params": {"k_pid_pos": [1.9881125688552856, 0.9299288988113403, 0.0052731335163116455], "k_pid_alt": [1.9705703258514404, 0.9128068685531616, 0.012676775455474854], "k_pid_att": [100.0, 0.3858073055744171, 0.8545388579368591], "k_pid_yaw": [0.5, 1e-06, 0.1], "k_pid_hsp": [9.98193073272705, 0.9365941286087036, 0.015117406845092773], "k_pid_vsp": [0.0004172325134277344, 27.359464645385742, 0.0006208883132785559]}, "datetime": {"datetime": "2025-08-12 03:27:17", "elapsed": 39717.042677640915, "delta": 31.20132613182068}, "costs": {"total_cost": 1095.6537254437685, "time_cost": 150, "final_distance_cost": 54.76159773011304, "oscillation_cost": 97.07092507102702, "completition_cost": 666.6666666666667, "overshoot_cost": 59.24568098985252, "power_cost": 30.438158789062502, "noise_cost": 37.470696197046756, "n_waypoints_completed": 3, "tot_waypoints": 9}}
{"target": -586.6223815594653, "params": {"k_pid_pos": [1.8747659921646118, 0.9177916049957275, 0.1969071626663208], "k_pid_alt": [1.954282283782959, 0.9879156351089478, 0.03013285994529724], "k_pid_att": [100.0, 1.1211645603179932, 0.9793995022773743], "k_pid_yaw": [0.5, 1e-06, 0.1], "k_pid_hsp": [9.99413776397705, 0.9629364609718323, 0.015054464340209961], "k_pid_vsp": [111.68482208251953, 68.90074920654297, 9.999999974752427e-07]}, "datetime": {"datetime": "2025-08-12 03:27:49", "elapsed": 39749.17703413963, "delta": 32.13435649871826}, "costs": {"total_cost": 586.6223815594653, "time_cost": 150, "final_distance_cost": 46.20491578970794, "oscillation_cost": 143.29673717659978, "completition_cost": 111.11111111111116, "overshoot_cost": 70.86324437198883, "power_cost": 31.22434765625, "noise_cost": 33.92202545380775, "n_waypoints_completed": 8, "tot_waypoints": 9}}
{"target": -1521.8851735641588, "params": {"k_pid_pos": [1.9186429977416992, 0.9782452583312988, 0.03032618761062622], "k_pid_alt": [1.980973243713379, 0.7247916460037231, 0.01838555932044983], "k_pid_att": [100.0, 0.1094755157828331, 0.930279016494751], "k_pid_yaw": [0.5, 1e-06, 0.1], "k_pid_hsp": [10.0, 0.9877059459686279, 0.014211952686309814], "k_pid_vsp": [397.3542785644531, 4.221225738525391, 400.0]}, "datetime": {"datetime": "2025-08-12 03:28:20", "elapsed": 39779.63059544563, "delta": 30.453561305999756}, "costs": {"total_cost": 1521.8851735641588, "time_cost": 150, "final_distance_cost": 10.448658804864538, "oscillation_cost": 60.170212522179824, "completition_cost": 1000.0, "overshoot_cost": 162.32332642720883, "power_cost": 33.32316314697266, "noise_cost": 105.61981266293282, "n_waypoints_completed": 0, "tot_waypoints": 9}}
{"target": -1539.0867149942867, "params": {"k_pid_pos": [1.8147103786468506, 0.8685256242752075, 0.016203880310058594], "k_pid_alt": [1.954618215560913, 0.9498871564865112, 0.0770074725151062], "k_pid_att": [100.0, 0.1059567928314209, 0.9893887042999268], "k_pid_yaw": [0.5, 1e-06, 0.1], "k_pid_hsp": [9.999979019165039, 0.9722395539283752, 0.012135744094848633], "k_pid_vsp": [240.32398986816406, 6.24752140045166, 399.719482421875]}, "datetime": {"datetime": "2025-08-12 03:28:51", "elapsed": 39811.186743974686, "delta": 31.556148529052734}, "costs": {"total_cost": 1539.0867149942867, "time_cost": 150, "final_distance_cost": 11.569038328799216, "oscillation_cost": 56.00661961210439, "completition_cost": 1000.0, "overshoot_cost": 164.886877202658, "power_cost": 31.709685998535157, "noise_cost": 124.91449385219003, "n_waypoints_completed": 0, "tot_waypoints": 9}}
{"target": -589.7326038836942, "params": {"k_pid_pos": [1.803230881690979, 0.9919475317001343, 0.004673779010772705], "k_pid_alt": [1.9128391742706299, 0.9934674501419067, 0.052676886320114136], "k_pid_att": [100.0, 0.5868425369262695, 0.976625919342041], "k_pid_yaw": [0.5, 1e-06, 0.1], "k_pid_hsp": [10.0, 0.9478135108947754, 0.006764441728591919], "k_pid_vsp": [399.99346923828125, 1.3563761711120605, 0.38120847940444946]}, "datetime": {"datetime": "2025-08-12 03:29:23", "elapsed": 39843.28419423103, "delta": 32.097450256347656}, "costs": {"total_cost": 589.7326038836942, "time_cost": 150, "final_distance_cost": 43.33277153628445, "oscillation_cost": 151.91109229262162, "completition_cost": 111.11111111111116, "overshoot_cost": 70.19298977274428, "power_cost": 30.750673107910156, "noise_cost": 32.4339660630225, "n_waypoints_completed": 8, "tot_waypoints": 9}}
{"target": -1510.1958033538342, "params": {"k_pid_pos": [1.956519603729248, 0.9939280152320862, 0.09351307153701782], "k_pid_alt": [1.9484354257583618, 0.9934672713279724, 0.025168657302856445], "k_pid_att": [100.0, 0.2611275613307953, 0.9689642190933228], "k_pid_yaw": [0.5, 1e-06, 0.1], "k_pid_hsp": [10.0, 0.8331286907196045, 0.022460073232650757], "k_pid_vsp": [399.3059387207031, 2.9959449768066406, 399.9926452636719]}, "datetime": {"datetime": "2025-08-12 03:29:55", "elapsed": 39874.832881212234, "delta": 31.548686981201172}, "costs": {"total_cost": 1510.1958033538342, "time_cost": 150, "final_distance_cost": 5.568659133722673, "oscillation_cost": 65.25843012642501, "completition_cost": 1000.0, "overshoot_cost": 159.6337423267406, "power_cost": 33.802460302734374, "noise_cost": 95.9325114642118, "n_waypoints_completed": 0, "tot_waypoints": 9}}
{"target": -1535.2386454409823, "params": {"k_pid_pos": [1.9082003831863403, 0.9087861776351929, 0.027592062950134277], "k_pid_alt": [1.8709980249404907, 0.3468477129936218, 0.005449414253234863], "k_pid_att": [100.0, 0.5724243521690369, 0.9534433484077454], "k_pid_yaw": [0.5, 1e-06, 0.1], "k_pid_hsp": [9.999999046325684, 0.8877357840538025, 0.02107471227645874], "k_pid_vsp": [0.0006079673767089844, 5.716086387634277, 400.0]}, "datetime": {"datetime": "2025-08-12 03:30:27", "elapsed": 39907.15967655182, "delta": 32.32679533958435}, "costs": {"total_cost": 1535.2386454409823, "time_cost": 150, "final_distance_cost": 5.936368538957546, "oscillation_cost": 55.95597123960304, "completition_cost": 1000.0, "overshoot_cost": 164.19934540470152, "power_cost": 23.32089528808594, "noise_cost": 135.82606496963425, "n_waypoints_completed": 0, "tot_waypoints": 9}}
{"target": -1111.676621145049, "params": {"k_pid_pos": [1.9693840742111206, 0.8983460068702698, 0.016451865434646606], "k_pid_alt": [1.992171049118042, 0.9933465719223022, 0.010548323392868042], "k_pid_att": [100.0, 2.0541162490844727, 0.962536096572876], "k_pid_yaw": [0.5, 1e-06, 0.1], "k_pid_hsp": [10.0, 0.966783881187439, 0.02509555220603943], "k_pid_vsp": [0.0, 32.64543914794922, 0.00046591623686254025]}, "datetime": {"datetime": "2025-08-12 03:30:59", "elapsed": 39938.63357377052, "delta": 31.473897218704224}, "costs": {"total_cost": 1111.676621145049, "time_cost": 150, "final_distance_cost": 65.89881701223942, "oscillation_cost": 105.94308920257858, "completition_cost": 666.6666666666667, "overshoot_cost": 59.65382696268951, "power_cost": 31.30485460205078, "noise_cost": 32.209366698824155, "n_waypoints_completed": 3, "tot_waypoints": 9}}
{"target": -695.5912274276573, "params": {"k_pid_pos": [1.9855151176452637, 0.8104711174964905, 0.0038170814514160156], "k_pid_alt": [1.9667084217071533, 0.8883814811706543, 0.012938141822814941], "k_pid_att": [100.0, 0.11225634068250656, 0.9462019205093384], "k_pid_yaw": [0.5, 1e-06, 0.1], "k_pid_hsp": [9.035378456115723, 0.9551844596862793, 0.012036532163619995], "k_pid_vsp": [400.0, 33.393310546875, 0.022007035091519356]}, "datetime": {"datetime": "2025-08-12 03:31:31", "elapsed": 39970.67414546013, "delta": 32.04057168960571}, "costs": {"total_cost": 695.5912274276573, "time_cost": 150, "final_distance_cost": 64.06602537448114, "oscillation_cost": 130.7220310055906, "completition_cost": 222.2222222222222, "overshoot_cost": 64.88752553288175, "power_cost": 29.773007788085938, "noise_cost": 33.92041550439556, "n_waypoints_completed": 7, "tot_waypoints": 9}}
{"target": -1531.5630373003785, "params": {"k_pid_pos": [1.9660260677337646, 0.9780784845352173, 0.011408746242523193], "k_pid_alt": [1.9410481452941895, 0.9740028977394104, 0.04970487952232361], "k_pid_att": [100.0, 1.135862946510315, 0.9895011186599731], "k_pid_yaw": [0.5, 1e-06, 0.1], "k_pid_hsp": [10.0, 0.9843336343765259, 0.011473387479782104], "k_pid_vsp": [0.0, 2.039457321166992, 399.9991455078125]}, "datetime": {"datetime": "2025-08-12 03:32:02", "elapsed": 40002.29440498352, "delta": 31.620259523391724}, "costs": {"total_cost": 1531.5630373003785, "time_cost": 150, "final_distance_cost": 9.34233016729697, "oscillation_cost": 52.84196346911726, "completition_cost": 1000.0, "overshoot_cost": 164.4466211319295, "power_cost": 20.160683447265626, "noise_cost": 134.771439084769, "n_waypoints_completed": 0, "tot_waypoints": 9}}
{"target": -1523.8264735375187, "params": {"k_pid_pos": [1.9614579677581787, 0.9856134057044983, 0.05848380923271179], "k_pid_alt": [1.8239258527755737, 0.9701418280601501, 0.0233345627784729], "k_pid_att": [100.0, 0.6229068636894226, 0.9955593347549438], "k_pid_yaw": [0.5, 1e-06, 0.1], "k_pid_hsp": [10.0, 0.947269082069397, 0.007144838571548462], "k_pid_vsp": [0.010466575622558594, 6.316329002380371, 332.5708923339844]}, "datetime": {"datetime": "2025-08-12 03:32:33", "elapsed": 40033.2340221405, "delta": 30.939617156982422}, "costs": {"total_cost": 1523.8264735375187, "time_cost": 150, "final_distance_cost": 2.5106251840131075, "oscillation_cost": 45.599245689338176, "completition_cost": 1000.0, "overshoot_cost": 164.860317192664, "power_cost": 21.502096508789062, "noise_cost": 139.35418896271452, "n_waypoints_completed": 0, "tot_waypoints": 9}}
{"target": -1539.0955481836083, "params": {"k_pid_pos": [1.9911515712738037, 0.8554689884185791, 0.00472298264503479], "k_pid_alt": [1.9023979902267456, 0.9831744432449341, 0.013457804918289185], "k_pid_att": [100.0, 1.885520339012146, 0.9443124532699585], "k_pid_yaw": [0.5, 1e-06, 0.1], "k_pid_hsp": [10.0, 0.9663774967193604, 0.006821781396865845], "k_pid_vsp": [37.16752624511719, 6.61145544052124, 399.99981689453125]}, "datetime": {"datetime": "2025-08-12 03:33:05", "elapsed": 40065.02715301514, "delta": 31.79313087463379}, "costs": {"total_cost": 1539.0955481836083, "time_cost": 150, "final_distance_cost": 12.141186475104153, "oscillation_cost": 53.1224197799859, "completition_cost": 1000.0, "overshoot_cost": 165.30096150117316, "power_cost": 31.679331152343753, "noise_cost": 126.85164927500128, "n_waypoints_completed": 0, "tot_waypoints": 9}}
{"target": -991.6421199524622, "params": {"k_pid_pos": [1.8461484909057617, 0.9647859334945679, 0.1715683937072754], "k_pid_alt": [1.9926080703735352, 0.8396965861320496, 0.009689480066299438], "k_pid_att": [100.0, 0.10079478472471237, 0.9900321960449219], "k_pid_yaw": [0.5, 1e-06, 0.1], "k_pid_hsp": [10.0, 0.9662108421325684, 0.028338134288787842], "k_pid_vsp": [18.748294830322266, 59.956241607666016, 0.08492569625377655]}, "datetime": {"datetime": "2025-08-12 03:33:37", "elapsed": 40097.33466339111, "delta": 32.30751037597656}, "costs": {"total_cost": 991.6421199524622, "time_cost": 150, "final_distance_cost": 48.29982867341588, "oscillation_cost": 115.76198591161992, "completition_cost": 555.5555555555555, "overshoot_cost": 56.840840279382796, "power_cost": 32.966174621582034, "noise_cost": 32.21773491090609, "n_waypoints_completed": 4, "tot_waypoints": 9}}
{"target": -1279.0708728390834, "params": {"k_pid_pos": [1.8147118091583252, 0.9960722923278809, 0.09745433926582336], "k_pid_alt": [1.6404237747192383, 0.9708130359649658, 0.0493294894695282], "k_pid_att": [100.0, 2.6003329753875732, 0.9339370131492615], "k_pid_yaw": [0.5, 1e-06, 0.1], "k_pid_hsp": [10.0, 0.9666508436203003, 0.0650862455368042], "k_pid_vsp": [0.0, 54.598880767822266, 0.45080286264419556]}, "datetime": {"datetime": "2025-08-12 03:34:09", "elapsed": 40129.341242313385, "delta": 32.00657892227173}, "costs": {"total_cost": 1279.0708728390834, "time_cost": 150, "final_distance_cost": 91.53246200732912, "oscillation_cost": 146.90628838976738, "completition_cost": 777.7777777777778, "overshoot_cost": 46.91250751354746, "power_cost": 35.41175614013672, "noise_cost": 30.530081010524803, "n_waypoints_completed": 2, "tot_waypoints": 9}}
{"target": -1109.927107536691, "params": {"k_pid_pos": [1.924816608428955, 0.9601858854293823, 0.005245625972747803], "k_pid_alt": [1.942802906036377, 0.995233416557312, 0.016484320163726807], "k_pid_att": [100.0, 1.4282795190811157, 0.8657170534133911], "k_pid_yaw": [0.5, 1e-06, 0.1], "k_pid_hsp": [10.0, 0.9875320196151733, 0.011668294668197632], "k_pid_vsp": [0.0413060188293457, 41.44685363769531, 1.7174134254455566]}, "datetime": {"datetime": "2025-08-12 03:34:41", "elapsed": 40160.91506314278, "delta": 31.57382082939148}, "costs": {"total_cost": 1109.927107536691, "time_cost": 150, "final_distance_cost": 52.50713067197495, "oscillation_cost": 110.76582474922215, "completition_cost": 666.6666666666667, "overshoot_cost": 64.76157850540727, "power_cost": 32.042534204101564, "noise_cost": 33.18337273931835, "n_waypoints_completed": 3, "tot_waypoints": 9}}
{"target": -1574.254027003273, "params": {"k_pid_pos": [1.891886591911316, 0.8927271962165833, 0.019949793815612793], "k_pid_alt": [1.9968510866165161, 0.9358996152877808, 0.09501957893371582], "k_pid_att": [100.0, 3.986618995666504, 0.972787618637085], "k_pid_yaw": [0.5, 1e-06, 0.1], "k_pid_hsp": [10.0, 0.9881657958030701, 0.05193483829498291], "k_pid_vsp": [0.006806850433349609, 12.634206771850586, 399.997802734375]}, "datetime": {"datetime": "2025-08-12 03:35:12", "elapsed": 40192.05151939392, "delta": 31.13645625114441}, "costs": {"total_cost": 1574.254027003273, "time_cost": 150, "final_distance_cost": 11.298541367015131, "oscillation_cost": 79.97944978523262, "completition_cost": 1000.0, "overshoot_cost": 165.9195132268417, "power_cost": 32.094852502441405, "noise_cost": 134.96167012174206, "n_waypoints_completed": 0, "tot_waypoints": 9}}
{"target": -1182.2604317011223, "params": {"k_pid_pos": [1.9647642374038696, 0.9897290468215942, 0.018456488847732544], "k_pid_alt": [1.9442235231399536, 0.9501005411148071, 0.05286875367164612], "k_pid_att": [100.0, 0.14273129403591156, 0.9244769811630249], "k_pid_yaw": [0.5, 1e-06, 0.1], "k_pid_hsp": [10.0, 0.9791147112846375, 0.34147635102272034], "k_pid_vsp": [399.9998779296875, 3.599477767944336, 392.6413879394531]}, "datetime": {"datetime": "2025-08-12 03:35:43", "elapsed": 40223.00902748108, "delta": 30.957508087158203}, "costs": {"total_cost": 1182.2604317011223, "time_cost": 150, "final_distance_cost": 93.14365093641321, "oscillation_cost": 124.74023672971413, "completition_cost": 666.6666666666667, "overshoot_cost": 77.52228210154217, "power_cost": 38.34626950683594, "noise_cost": 31.84132575995006, "n_waypoints_completed": 3, "tot_waypoints": 9}}
