{"target": -1524.1016402694268, "params": {"k_pid_pos": [1.9833799600601196, 0.9976224303245544, 0.005130201578140259], "k_pid_alt": [1.9702486991882324, 0.9785916209220886, 0.007764607667922974], "k_pid_att": [100.0, 0.9603933691978455, 0.9970818161964417], "k_pid_yaw": [0.5, 1e-06, 0.1], "k_pid_hsp": [10.0, 0.8730760216712952, 0.013585716485977173], "k_pid_vsp": [399.9172058105469, 4.522026538848877, 399.9770202636719]}, "datetime": {"datetime": "2025-08-12 08:27:06", "elapsed": 57705.48046350479, "delta": 32.303080558776855}, "costs": {"total_cost": 1524.1016402694268, "time_cost": 150, "final_distance_cost": 13.473848950809945, "oscillation_cost": 59.72077634127103, "completition_cost": 1000.0, "overshoot_cost": 162.5386801489482, "power_cost": 33.623656958007814, "noise_cost": 104.74467787038984, "n_waypoints_completed": 0, "tot_waypoints": 9}}
{"target": -658.8611931667998, "params": {"k_pid_pos": [1.918731927871704, 0.9882887601852417, 0.07044857740402222], "k_pid_alt": [1.9873785972595215, 0.9491100907325745, 0.03296750783920288], "k_pid_att": [100.0, 0.3762963116168976, 0.9970011711120605], "k_pid_yaw": [0.5, 1e-06, 0.1], "k_pid_hsp": [10.0, 0.9896461963653564, 0.28440970182418823], "k_pid_vsp": [400.0, 29.041292190551758, 8.444650302408263e-05]}, "datetime": {"datetime": "2025-08-12 08:27:36", "elapsed": 57736.18520474434, "delta": 30.70474123954773}, "costs": {"total_cost": 658.8611931667998, "time_cost": 150, "final_distance_cost": 45.39854175471169, "oscillation_cost": 204.84002561368732, "completition_cost": 111.11111111111116, "overshoot_cost": 79.58725295135245, "power_cost": 34.49087965087891, "noise_cost": 33.433382085058305, "n_waypoints_completed": 8, "tot_waypoints": 9}}
{"target": -342.1062886941316, "params": {"k_pid_pos": [1.699206829071045, 0.9830002784729004, 0.19104239344596863], "k_pid_alt": [1.995054006576538, 0.8701349496841431, 0.019776582717895508], "k_pid_att": [100.0, 0.4002842605113983, 0.9881250858306885], "k_pid_yaw": [0.5, 1e-06, 0.1], "k_pid_hsp": [10.0, 0.9809862375259399, 0.027572214603424072], "k_pid_vsp": [399.9837341308594, 18.218090057373047, 86.6801986694336]}, "datetime": {"datetime": "2025-08-12 08:28:06", "elapsed": 57765.655489206314, "delta": 29.470284461975098}, "costs": {"total_cost": 342.1062886941316, "time_cost": 111.825, "final_distance_cost": 1.698156766556525, "oscillation_cost": 103.99947328151056, "completition_cost": 0.0, "overshoot_cost": 63.67748857458436, "power_cost": 32.76567310791016, "noise_cost": 28.140496963570012, "n_waypoints_completed": 9, "tot_waypoints": 9}}
{"target": -586.3741887415381, "params": {"k_pid_pos": [1.9863941669464111, 0.9710354208946228, 0.014597892761230469], "k_pid_alt": [1.9880530834197998, 0.9951369762420654, 0.017521291971206665], "k_pid_att": [100.0, 1.1206951141357422, 0.9474521279335022], "k_pid_yaw": [0.5, 1e-06, 0.1], "k_pid_hsp": [10.0, 0.9932315349578857, 0.0072775185108184814], "k_pid_vsp": [399.9915466308594, 15.241719245910645, 1.343775749206543]}, "datetime": {"datetime": "2025-08-12 08:28:38", "elapsed": 57797.74527955055, "delta": 32.08979034423828}, "costs": {"total_cost": 586.3741887415381, "time_cost": 150, "final_distance_cost": 49.49486442247492, "oscillation_cost": 137.07677899729114, "completition_cost": 111.11111111111116, "overshoot_cost": 75.45068535467152, "power_cost": 30.620101391601565, "noise_cost": 32.620647464387815, "n_waypoints_completed": 8, "tot_waypoints": 9}}
{"target": -1489.1584886041026, "params": {"k_pid_pos": [1.9755191802978516, 0.9289660453796387, 0.02881971001625061], "k_pid_alt": [1.9868106842041016, 0.9783133268356323, 0.011213839054107666], "k_pid_att": [100.0, 0.11022056639194489, 0.989552915096283], "k_pid_yaw": [0.5, 1e-06, 0.1], "k_pid_hsp": [10.0, 0.958666205406189, 0.006240397691726685], "k_pid_vsp": [0.0, 18.056060791015625, 0.000346706947311759]}, "datetime": {"datetime": "2025-08-12 08:29:09", "elapsed": 57828.64698457718, "delta": 30.901705026626587}, "costs": {"total_cost": 1489.1584886041026, "time_cost": 150, "final_distance_cost": 7.603917126699473, "oscillation_cost": 54.48824800052562, "completition_cost": 1000.0, "overshoot_cost": 144.94741405016225, "power_cost": 27.380959191894533, "noise_cost": 104.73795023482052, "n_waypoints_completed": 0, "tot_waypoints": 9}}
{"target": -854.095357791209, "params": {"k_pid_pos": [1.9620065689086914, 0.948813796043396, 0.0162125825881958], "k_pid_alt": [1.9252301454544067, 0.982318639755249, 0.008073210716247559], "k_pid_att": [100.0, 0.08697021752595901, 0.9629708528518677], "k_pid_yaw": [0.5, 1e-06, 0.1], "k_pid_hsp": [10.0, 0.9747229814529419, 0.021289944648742676], "k_pid_vsp": [399.1800537109375, 7.075119972229004, 0.004685924854129553]}, "datetime": {"datetime": "2025-08-12 08:29:39", "elapsed": 57859.254103899, "delta": 30.60711932182312}, "costs": {"total_cost": 854.095357791209, "time_cost": 150, "final_distance_cost": 74.37426447952187, "oscillation_cost": 165.3824980029402, "completition_cost": 333.33333333333337, "overshoot_cost": 64.86398554631809, "power_cost": 31.571843566894533, "noise_cost": 34.569432862200976, "n_waypoints_completed": 6, "tot_waypoints": 9}}
{"target": -1574.3847039598654, "params": {"k_pid_pos": [1.9390969276428223, 0.9858877062797546, 0.018187403678894043], "k_pid_alt": [1.959695816040039, 0.747806966304779, 0.004409581422805786], "k_pid_att": [99.99981689453125, 0.10583430528640747, 0.9748205542564392], "k_pid_yaw": [0.5, 1e-06, 0.1], "k_pid_hsp": [9.999999046325684, 0.9861811399459839, 0.02810034155845642], "k_pid_vsp": [0.0, 15.40744400024414, 0.19840101897716522]}, "datetime": {"datetime": "2025-08-12 08:30:10", "elapsed": 57889.95994234085, "delta": 30.705838441848755}, "costs": {"total_cost": 1574.3847039598654, "time_cost": 150, "final_distance_cost": 14.125487866202233, "oscillation_cost": 65.26794855017303, "completition_cost": 1000.0, "overshoot_cost": 166.24527903793253, "power_cost": 26.122630212402346, "noise_cost": 152.62335829315552, "n_waypoints_completed": 0, "tot_waypoints": 9}}
{"target": -1129.5266445896157, "params": {"k_pid_pos": [1.9116185903549194, 0.9799015522003174, 0.038443565368652344], "k_pid_alt": [1.8461627960205078, 0.995232343673706, 0.035383909940719604], "k_pid_att": [100.0, 0.04596084728837013, 0.9788209199905396], "k_pid_yaw": [0.5, 1e-06, 0.1], "k_pid_hsp": [10.0, 0.9871165752410889, 0.15155887603759766], "k_pid_vsp": [0.007748603820800781, 59.00697708129883, 9.999999974752427e-07]}, "datetime": {"datetime": "2025-08-12 08:30:41", "elapsed": 57920.89203929901, "delta": 30.9320969581604}, "costs": {"total_cost": 1129.5266445896157, "time_cost": 150, "final_distance_cost": 47.531236840988754, "oscillation_cost": 138.73619750737072, "completition_cost": 666.6666666666667, "overshoot_cost": 59.36538941721949, "power_cost": 36.44591192626953, "noise_cost": 30.781242231100407, "n_waypoints_completed": 3, "tot_waypoints": 9}}
{"target": -1315.563217685436, "params": {"k_pid_pos": [1.8914680480957031, 0.9936599135398865, 0.10995960235595703], "k_pid_alt": [1.9709280729293823, 0.9659469127655029, 0.022261828184127808], "k_pid_att": [99.99983215332031, 0.22047047317028046, 0.9278908967971802], "k_pid_yaw": [0.5, 1e-06, 0.1], "k_pid_hsp": [9.999584197998047, 0.9328847527503967, 0.05254024267196655], "k_pid_vsp": [400.0, 1.1497507095336914, 26.745607376098633]}, "datetime": {"datetime": "2025-08-12 08:31:13", "elapsed": 57953.071554899216, "delta": 32.17951560020447}, "costs": {"total_cost": 1315.563217685436, "time_cost": 150, "final_distance_cost": 73.3910020746567, "oscillation_cost": 95.50308339408097, "completition_cost": 888.8888888888888, "overshoot_cost": 41.75382671693762, "power_cost": 35.73172204589844, "noise_cost": 30.294694564973824, "n_waypoints_completed": 1, "tot_waypoints": 9}}
{"target": -909.3949853860993, "params": {"k_pid_pos": [1.9754209518432617, 0.9845585823059082, 0.0070493221282958984], "k_pid_alt": [1.9223202466964722, 0.9896140098571777, 0.05789679288864136], "k_pid_att": [100.0, 0.30762678384780884, 0.9444586038589478], "k_pid_yaw": [0.5, 1e-06, 0.1], "k_pid_hsp": [10.0, 0.9935100078582764, 0.21351534128189087], "k_pid_vsp": [399.99957275390625, 14.223719596862793, 75.42555236816406]}, "datetime": {"datetime": "2025-08-12 08:31:44", "elapsed": 57983.80801153183, "delta": 30.736456632614136}, "costs": {"total_cost": 909.3949853860993, "time_cost": 150, "final_distance_cost": 68.31728006978092, "oscillation_cost": 221.50917024126812, "completition_cost": 333.33333333333337, "overshoot_cost": 67.51901767361042, "power_cost": 37.151077404785156, "noise_cost": 31.565106663321362, "n_waypoints_completed": 6, "tot_waypoints": 9}}
{"target": -1417.2882645120796, "params": {"k_pid_pos": [1.9947634935379028, 0.9821990728378296, 0.010504543781280518], "k_pid_alt": [1.9794299602508545, 0.9932103753089905, 0.012035608291625977], "k_pid_att": [100.0, 0.35619452595710754, 0.9561988711357117], "k_pid_yaw": [0.5, 1e-06, 0.1], "k_pid_hsp": [10.0, 0.9865126609802246, 0.06330627202987671], "k_pid_vsp": [400.0, 6.888533592224121, 399.95684814453125]}, "datetime": {"datetime": "2025-08-12 08:32:15", "elapsed": 58015.24892950058, "delta": 31.44091796875}, "costs": {"total_cost": 1417.2882645120796, "time_cost": 150, "final_distance_cost": 46.373920718975256, "oscillation_cost": 90.00576129272778, "completition_cost": 1000.0, "overshoot_cost": 62.79243215823361, "power_cost": 36.33224456787109, "noise_cost": 31.78390577427178, "n_waypoints_completed": 0, "tot_waypoints": 9}}
{"target": -1541.6934634769268, "params": {"k_pid_pos": [1.9845162630081177, 0.9874935746192932, 0.00557321310043335], "k_pid_alt": [1.9958913326263428, 0.9948500394821167, 0.003048241138458252], "k_pid_att": [100.0, 0.20398518443107605, 0.9673140048980713], "k_pid_yaw": [0.5, 1e-06, 0.1], "k_pid_hsp": [10.0, 0.9992095232009888, 0.004814267158508301], "k_pid_vsp": [1.3689637184143066, 6.912339687347412, 299.8825988769531]}, "datetime": {"datetime": "2025-08-12 08:32:46", "elapsed": 58045.97646474838, "delta": 30.727535247802734}, "costs": {"total_cost": 1541.6934634769268, "time_cost": 150, "final_distance_cost": 12.64798259443187, "oscillation_cost": 47.03343697832589, "completition_cost": 1000.0, "overshoot_cost": 165.7586793333259, "power_cost": 23.806987133789065, "noise_cost": 142.4463774370541, "n_waypoints_completed": 0, "tot_waypoints": 9}}
{"target": -734.0535879869728, "params": {"k_pid_pos": [1.9577393531799316, 0.8444775342941284, 0.0034323036670684814], "k_pid_alt": [1.9504777193069458, 0.9925445914268494, 0.01810157299041748], "k_pid_att": [100.0, 0.41233348846435547, 0.9694552421569824], "k_pid_yaw": [0.5, 1e-06, 0.1], "k_pid_hsp": [10.0, 0.9925438165664673, 0.0219438374042511], "k_pid_vsp": [399.960693359375, 3.139115333557129, 4.8683716158848256e-05]}, "datetime": {"datetime": "2025-08-12 08:33:17", "elapsed": 58076.65498661995, "delta": 30.678521871566772}, "costs": {"total_cost": 734.0535879869728, "time_cost": 150, "final_distance_cost": 71.93973172331482, "oscillation_cost": 159.76860897839032, "completition_cost": 222.2222222222222, "overshoot_cost": 64.6268389634579, "power_cost": 31.37313142089844, "noise_cost": 34.123054678689236, "n_waypoints_completed": 7, "tot_waypoints": 9}}
{"target": -704.7665244220633, "params": {"k_pid_pos": [1.990154504776001, 0.9850162267684937, 0.0022451579570770264], "k_pid_alt": [1.7812044620513916, 0.9884003400802612, 0.03546890616416931], "k_pid_att": [100.0, 0.8424780368804932, 0.98265540599823], "k_pid_yaw": [0.5, 1e-06, 0.1], "k_pid_hsp": [9.999984741210938, 0.9950511455535889, 0.004175961017608643], "k_pid_vsp": [400.0, 1.5222201347351074, 9.999999974752427e-07]}, "datetime": {"datetime": "2025-08-12 08:33:48", "elapsed": 58107.48559546471, "delta": 30.83060884475708}, "costs": {"total_cost": 704.7665244220633, "time_cost": 150, "final_distance_cost": 70.92533589029624, "oscillation_cost": 134.2322676683212, "completition_cost": 222.2222222222222, "overshoot_cost": 64.46602822971886, "power_cost": 30.16610030517578, "noise_cost": 32.754570106329055, "n_waypoints_completed": 7, "tot_waypoints": 9}}
{"target": -1326.4147597441015, "params": {"k_pid_pos": [1.7850098609924316, 0.9845479726791382, 0.02737528085708618], "k_pid_alt": [1.965975046157837, 0.9797002077102661, 0.023086071014404297], "k_pid_att": [100.0, 0.38503605127334595, 0.9545024037361145], "k_pid_yaw": [0.5, 1e-06, 0.1], "k_pid_hsp": [10.0, 0.9816346168518066, 0.046581923961639404], "k_pid_vsp": [5.88918924331665, 42.904056549072266, 2.4841858248692006e-05]}, "datetime": {"datetime": "2025-08-12 08:34:18", "elapsed": 58137.88125491142, "delta": 30.39565944671631}, "costs": {"total_cost": 1326.4147597441015, "time_cost": 150, "final_distance_cost": 44.63829485233242, "oscillation_cost": 136.06931059678942, "completition_cost": 888.8888888888888, "overshoot_cost": 41.86378617216951, "power_cost": 34.576708703613285, "noise_cost": 30.377770530307934, "n_waypoints_completed": 1, "tot_waypoints": 9}}
{"target": -797.7943404586002, "params": {"k_pid_pos": [1.991833209991455, 0.9799129366874695, 0.016538918018341064], "k_pid_alt": [1.942373275756836, 0.9818365573883057, 0.010901302099227905], "k_pid_att": [99.99896240234375, 0.5934106111526489, 0.9422504305839539], "k_pid_yaw": [0.5, 1e-06, 0.1], "k_pid_hsp": [9.924559593200684, 0.9857298731803894, 0.07987982034683228], "k_pid_vsp": [33.56742858886719, 8.247352600097656, 9.999999974752427e-07]}, "datetime": {"datetime": "2025-08-12 08:34:48", "elapsed": 58167.648283958435, "delta": 29.76702904701233}, "costs": {"total_cost": 797.7943404586002, "time_cost": 150, "final_distance_cost": 72.47303856293928, "oscillation_cost": 117.96572303428825, "completition_cost": 333.33333333333337, "overshoot_cost": 56.91697848525462, "power_cost": 32.56161550292969, "noise_cost": 34.543651539854984, "n_waypoints_completed": 6, "tot_waypoints": 9}}
{"target": -1546.456743925197, "params": {"k_pid_pos": [1.8444035053253174, 0.9763973951339722, 0.12937095761299133], "k_pid_alt": [1.9703567028045654, 0.9938005805015564, 0.04143443703651428], "k_pid_att": [100.0, 0.3948701024055481, 0.9523060321807861], "k_pid_yaw": [0.5, 1e-06, 0.1], "k_pid_hsp": [10.0, 0.9348183274269104, 0.011907041072845459], "k_pid_vsp": [0.0, 15.39371109008789, 9.999999974752427e-07]}, "datetime": {"datetime": "2025-08-12 08:35:20", "elapsed": 58199.63471913338, "delta": 31.986435174942017}, "costs": {"total_cost": 1546.456743925197, "time_cost": 150, "final_distance_cost": 6.488591422858768, "oscillation_cost": 48.057542308279935, "completition_cost": 1000.0, "overshoot_cost": 164.93601704541894, "power_cost": 24.860801025390625, "noise_cost": 152.1137921232487, "n_waypoints_completed": 0, "tot_waypoints": 9}}
{"target": -1305.5922783583646, "params": {"k_pid_pos": [1.988684892654419, 0.9889653921127319, 0.01716756820678711], "k_pid_alt": [1.9848905801773071, 0.9902976751327515, 0.004199385643005371], "k_pid_att": [100.0, 0.40035906434059143, 0.9973493218421936], "k_pid_yaw": [0.5, 1e-06, 0.1], "k_pid_hsp": [10.0, 0.9588274955749512, 0.029861927032470703], "k_pid_vsp": [400.0, 7.780350208282471, 0.005270050372928381]}, "datetime": {"datetime": "2025-08-12 08:35:51", "elapsed": 58231.0315990448, "delta": 31.39687991142273}, "costs": {"total_cost": 1305.5922783583646, "time_cost": 150, "final_distance_cost": 59.375118205992514, "oscillation_cost": 101.66924108566272, "completition_cost": 888.8888888888888, "overshoot_cost": 41.86783854235253, "power_cost": 29.917845861816406, "noise_cost": 33.873345773651565, "n_waypoints_completed": 1, "tot_waypoints": 9}}
{"target": -1538.8144789559237, "params": {"k_pid_pos": [1.9662115573883057, 0.9781485795974731, 0.07367146015167236], "k_pid_alt": [1.7925676107406616, 0.9514191150665283, 0.04616975784301758], "k_pid_att": [100.0, 0.1822204738855362, 0.9888327121734619], "k_pid_yaw": [0.5, 1e-06, 0.1], "k_pid_hsp": [9.613544464111328, 0.9661009311676025, 0.0019404888153076172], "k_pid_vsp": [3.5762786865234375e-05, 7.700706481933594, 9.999999974752427e-07]}, "datetime": {"datetime": "2025-08-12 08:36:20", "elapsed": 58260.072545051575, "delta": 29.040946006774902}, "costs": {"total_cost": 1538.8144789559237, "time_cost": 150, "final_distance_cost": 13.35139754359715, "oscillation_cost": 44.57355354950902, "completition_cost": 1000.0, "overshoot_cost": 165.85655228702493, "power_cost": 18.010696423339844, "noise_cost": 147.02227915245263, "n_waypoints_completed": 0, "tot_waypoints": 9}}
{"target": -1539.96604566573, "params": {"k_pid_pos": [1.9323829412460327, 0.9789878726005554, 0.016556203365325928], "k_pid_alt": [1.9280445575714111, 0.9253482818603516, 0.004983574151992798], "k_pid_att": [100.0, 0.39180228114128113, 0.9797989726066589], "k_pid_yaw": [0.5, 1e-06, 0.1], "k_pid_hsp": [9.999838829040527, 0.9889096021652222, 0.00885513424873352], "k_pid_vsp": [0.0030875205993652344, 1.2618670463562012, 0.0005851255264133215]}, "datetime": {"datetime": "2025-08-12 08:36:51", "elapsed": 58290.49755048752, "delta": 30.425005435943604}, "costs": {"total_cost": 1539.96604566573, "time_cost": 150, "final_distance_cost": 14.336009878877467, "oscillation_cost": 55.705793084058094, "completition_cost": 1000.0, "overshoot_cost": 166.74857033711552, "power_cost": 13.748321203613282, "noise_cost": 139.42735116206566, "n_waypoints_completed": 0, "tot_waypoints": 9}}
{"target": -685.3693298676673, "params": {"k_pid_pos": [1.992665410041809, 0.9323431253433228, 0.01212814450263977], "k_pid_alt": [1.9772008657455444, 0.956294059753418, 0.01759779453277588], "k_pid_att": [100.0, 1.566184163093567, 0.9476422071456909], "k_pid_yaw": [0.5, 1e-06, 0.1], "k_pid_hsp": [10.0, 0.9787387847900391, 0.017741233110427856], "k_pid_vsp": [350.8712158203125, 2.323723793029785, 5.786670207977295]}, "datetime": {"datetime": "2025-08-12 08:37:21", "elapsed": 58320.93529462814, "delta": 30.437744140625}, "costs": {"total_cost": 685.3693298676673, "time_cost": 150, "final_distance_cost": 73.47633390139109, "oscillation_cost": 108.28466446318915, "completition_cost": 222.2222222222222, "overshoot_cost": 67.12641425536043, "power_cost": 29.98125904541016, "noise_cost": 34.27843598009415, "n_waypoints_completed": 7, "tot_waypoints": 9}}
{"target": -722.1905207679645, "params": {"k_pid_pos": [1.9683222770690918, 0.9832016229629517, 0.024338752031326294], "k_pid_alt": [1.998586654663086, 0.9962761998176575, 0.013170748949050903], "k_pid_att": [100.0, 1.9717226028442383, 0.9498856663703918], "k_pid_yaw": [0.5, 1e-06, 0.1], "k_pid_hsp": [10.0, 0.9651727676391602, 0.10601767897605896], "k_pid_vsp": [278.0901184082031, 4.826117515563965, 0.0043879016302526]}, "datetime": {"datetime": "2025-08-12 08:37:51", "elapsed": 58351.10761117935, "delta": 30.172316551208496}, "costs": {"total_cost": 722.1905207679645, "time_cost": 150, "final_distance_cost": 66.72791068511708, "oscillation_cost": 149.45700801940654, "completition_cost": 222.2222222222222, "overshoot_cost": 66.24087687188315, "power_cost": 33.70387440185547, "noise_cost": 33.83862856747997, "n_waypoints_completed": 7, "tot_waypoints": 9}}
{"target": -1533.9483176091114, "params": {"k_pid_pos": [1.9945831298828125, 0.9733363389968872, 0.010963261127471924], "k_pid_alt": [1.961890697479248, 0.9326149225234985, 0.008491814136505127], "k_pid_att": [100.0, 0.005119852721691132, 0.9765753746032715], "k_pid_yaw": [0.5, 1e-06, 0.1], "k_pid_hsp": [10.0, 0.9843336343765259, 0.011438876390457153], "k_pid_vsp": [0.0018835067749023438, 6.60537576675415, 397.7411193847656]}, "datetime": {"datetime": "2025-08-12 08:38:26", "elapsed": 58385.82516002655, "delta": 34.717548847198486}, "costs": {"total_cost": 1533.9483176091114, "time_cost": 150, "final_distance_cost": 8.413141197690079, "oscillation_cost": 50.46660875461978, "completition_cost": 1000.0, "overshoot_cost": 164.69087266946127, "power_cost": 23.203210290527345, "noise_cost": 137.17448469681318, "n_waypoints_completed": 0, "tot_waypoints": 9}}
{"target": -1586.5854981616221, "params": {"k_pid_pos": [1.9911448955535889, 0.9176971912384033, 0.015573620796203613], "k_pid_alt": [1.826066493988037, 0.9643545746803284, 0.013288766145706177], "k_pid_att": [100.0, 0.6406906247138977, 0.9921120405197144], "k_pid_yaw": [0.5, 1e-06, 0.1], "k_pid_hsp": [9.999987602233887, 0.9792635440826416, 0.08004981279373169], "k_pid_vsp": [0.0007271766662597656, 11.900044441223145, 0.00014405114052351564]}, "datetime": {"datetime": "2025-08-12 08:38:58", "elapsed": 58417.82839512825, "delta": 32.00323510169983}, "costs": {"total_cost": 1586.5854981616221, "time_cost": 150, "final_distance_cost": 14.38649192623492, "oscillation_cost": 82.08028796987308, "completition_cost": 1000.0, "overshoot_cost": 166.35893746043533, "power_cost": 25.093243359375002, "noise_cost": 148.66653744570382, "n_waypoints_completed": 0, "tot_waypoints": 9}}
{"target": -1524.2334586493084, "params": {"k_pid_pos": [1.9785330295562744, 0.9961816072463989, 0.009180903434753418], "k_pid_alt": [1.962846040725708, 0.9824477434158325, 0.03959017992019653], "k_pid_att": [100.0, 0.07737724483013153, 0.9941898584365845], "k_pid_yaw": [0.5, 1e-06, 0.1], "k_pid_hsp": [10.0, 0.9867676496505737, 0.0036067962646484375], "k_pid_vsp": [0.16062259674072266, 4.08680534362793, 0.0016341672744601965]}, "datetime": {"datetime": "2025-08-12 08:39:28", "elapsed": 58447.989404678345, "delta": 30.161009550094604}, "costs": {"total_cost": 1524.2334586493084, "time_cost": 150, "final_distance_cost": 6.03737131823452, "oscillation_cost": 42.27574331313572, "completition_cost": 1000.0, "overshoot_cost": 166.95089849813056, "power_cost": 15.633517834472658, "noise_cost": 143.3359276853349, "n_waypoints_completed": 0, "tot_waypoints": 9}}
