{"target": -711.4161580547815, "params": {"k_pid_pos": [1.9918783903121948, 0.9956929087638855, 0.008616924285888672], "k_pid_alt": [1.9078764915466309, 0.9946581721305847, 0.05356895923614502], "k_pid_att": [100.0, 0.49967578053474426, 0.986747682094574], "k_pid_yaw": [0.5, 1e-06, 0.1], "k_pid_hsp": [10.0, 0.9962098002433777, 0.007544159889221191], "k_pid_vsp": [399.9997253417969, 2.731884479522705, 1.2920929293613881e-05]}, "datetime": {"datetime": "2025-08-12 11:17:32", "elapsed": 67931.6569852829, "delta": 27.67229700088501}, "costs": {"total_cost": 711.4161580547815, "time_cost": 150, "final_distance_cost": 62.57938370653233, "oscillation_cost": 148.55694299430357, "completition_cost": 222.2222222222222, "overshoot_cost": 65.07375857332678, "power_cost": 30.299366723632815, "noise_cost": 32.68448383476383, "n_waypoints_completed": 7, "tot_waypoints": 9}}
{"target": -733.7790418041153, "params": {"k_pid_pos": [1.9852232933044434, 0.954206109046936, 0.0123196542263031], "k_pid_alt": [1.952409267425537, 0.9591779112815857, 0.008823782205581665], "k_pid_att": [100.0, 0.7356228828430176, 0.9717918634414673], "k_pid_yaw": [0.5, 1e-06, 0.1], "k_pid_hsp": [10.0, 0.9626889228820801, 0.10504680871963501], "k_pid_vsp": [399.9999694824219, 7.386101245880127, 0.0005851255264133215]}, "datetime": {"datetime": "2025-08-12 11:18:07", "elapsed": 67966.75555801392, "delta": 35.098572731018066}, "costs": {"total_cost": 733.7790418041153, "time_cost": 150, "final_distance_cost": 69.98697356238651, "oscillation_cost": 157.62397097585296, "completition_cost": 222.2222222222222, "overshoot_cost": 66.12379507366164, "power_cost": 33.813264123535156, "noise_cost": 34.008815846456834, "n_waypoints_completed": 7, "tot_waypoints": 9}}
{"target": -1543.8220860656534, "params": {"k_pid_pos": [1.9757921695709229, 0.9758803248405457, 0.01167955994606018], "k_pid_alt": [1.974409818649292, 0.9952430725097656, 0.009254008531570435], "k_pid_att": [100.0, 0.05866187438368797, 0.9354459643363953], "k_pid_yaw": [0.5, 1e-06, 0.1], "k_pid_hsp": [10.0, 0.9969630241394043, 0.015669554471969604], "k_pid_vsp": [0.0018596649169921875, 6.024480819702148, 0.041533514857292175]}, "datetime": {"datetime": "2025-08-12 11:18:34", "elapsed": 67993.68636655807, "delta": 26.930808544158936}, "costs": {"total_cost": 1543.8220860656534, "time_cost": 150, "final_distance_cost": 4.45296130290229, "oscillation_cost": 60.15122215877015, "completition_cost": 1000.0, "overshoot_cost": 166.75730512532803, "power_cost": 17.890256396484375, "noise_cost": 144.57034108216874, "n_waypoints_completed": 0, "tot_waypoints": 9}}
{"target": -1527.111637285911, "params": {"k_pid_pos": [1.9639772176742554, 0.9841899871826172, 0.029663950204849243], "k_pid_alt": [1.9909074306488037, 0.9872695207595825, 0.009329020977020264], "k_pid_att": [100.0, 0.06377947330474854, 0.9954432249069214], "k_pid_yaw": [0.5, 1e-06, 0.1], "k_pid_hsp": [10.0, 0.9971423149108887, 0.005300998687744141], "k_pid_vsp": [0.011014938354492188, 4.165674209594727, 1.2920929293613881e-05]}, "datetime": {"datetime": "2025-08-12 11:19:03", "elapsed": 68023.2268269062, "delta": 29.540460348129272}, "costs": {"total_cost": 1527.111637285911, "time_cost": 150, "final_distance_cost": 8.992016118993973, "oscillation_cost": 43.02528431671923, "completition_cost": 1000.0, "overshoot_cost": 166.79411591614823, "power_cost": 15.424460595703126, "noise_cost": 142.8757603383466, "n_waypoints_completed": 0, "tot_waypoints": 9}}
{"target": -1304.4618262720282, "params": {"k_pid_pos": [1.994996190071106, 0.9721558094024658, 0.01418536901473999], "k_pid_alt": [1.9642475843429565, 0.9228178858757019, 0.0171930193901062], "k_pid_att": [100.0, 0.4855961203575134, 0.9960715770721436], "k_pid_yaw": [0.5, 1e-06, 0.1], "k_pid_hsp": [10.0, 0.9971792697906494, 0.023877590894699097], "k_pid_vsp": [400.0, 3.9999494552612305, 1.2920929293613881e-05]}, "datetime": {"datetime": "2025-08-12 11:19:33", "elapsed": 68052.57701659203, "delta": 29.350189685821533}, "costs": {"total_cost": 1304.4618262720282, "time_cost": 150, "final_distance_cost": 62.042337909706774, "oscillation_cost": 99.72962313922089, "completition_cost": 888.8888888888888, "overshoot_cost": 40.33502972924168, "power_cost": 29.54769305419922, "noise_cost": 33.918253550770956, "n_waypoints_completed": 1, "tot_waypoints": 9}}
{"target": -699.5154670451641, "params": {"k_pid_pos": [1.9692741632461548, 0.9927445650100708, 0.16462087631225586], "k_pid_alt": [1.9955496788024902, 0.9968023300170898, 0.01742294430732727], "k_pid_att": [100.0, 0.45496708154678345, 0.9932640790939331], "k_pid_yaw": [0.5, 1e-06, 0.1], "k_pid_hsp": [10.0, 0.9533974528312683, 0.06870043277740479], "k_pid_vsp": [400.0, 4.502500057220459, 35.973548889160156]}, "datetime": {"datetime": "2025-08-12 11:20:01", "elapsed": 68080.5512149334, "delta": 27.97419834136963}, "costs": {"total_cost": 699.5154670451641, "time_cost": 150, "final_distance_cost": 75.85856871150662, "oscillation_cost": 125.13268519168196, "completition_cost": 222.2222222222222, "overshoot_cost": 58.09520962665569, "power_cost": 36.038562109375, "noise_cost": 32.168219183722655, "n_waypoints_completed": 7, "tot_waypoints": 9}}
{"target": -1305.9106117576903, "params": {"k_pid_pos": [1.9616103172302246, 0.9917594194412231, 0.04231730103492737], "k_pid_alt": [1.9452781677246094, 0.9881380200386047, 0.018156498670578003], "k_pid_att": [100.0, 0.12669512629508972, 0.9912306070327759], "k_pid_yaw": [0.5, 1e-06, 0.1], "k_pid_hsp": [10.0, 0.9818605184555054, 0.04535406827926636], "k_pid_vsp": [400.0, 11.519838333129883, 5.820406436920166]}, "datetime": {"datetime": "2025-08-12 11:20:30", "elapsed": 68109.5288515091, "delta": 28.977636575698853}, "costs": {"total_cost": 1305.9106117576903, "time_cost": 150, "final_distance_cost": 69.02516074637825, "oscillation_cost": 91.83131697170506, "completition_cost": 888.8888888888888, "overshoot_cost": 41.48910086680935, "power_cost": 30.832142639160157, "noise_cost": 33.844001644748595, "n_waypoints_completed": 1, "tot_waypoints": 9}}
{"target": -1306.1610885793564, "params": {"k_pid_pos": [1.9548941850662231, 0.9912508726119995, 0.01658293604850769], "k_pid_alt": [1.8489322662353516, 0.997209906578064, 0.002715200185775757], "k_pid_att": [99.9998779296875, 0.5478236675262451, 0.975580632686615], "k_pid_yaw": [0.5, 1e-06, 0.1], "k_pid_hsp": [10.0, 0.9716914892196655, 0.028886079788208008], "k_pid_vsp": [399.99066162109375, 1.093245506286621, 9.999999974752427e-07]}, "datetime": {"datetime": "2025-08-12 11:21:01", "elapsed": 68141.09714818001, "delta": 31.568296670913696}, "costs": {"total_cost": 1306.1610885793564, "time_cost": 150, "final_distance_cost": 59.5080659022595, "oscillation_cost": 101.12393367034842, "completition_cost": 888.8888888888888, "overshoot_cost": 42.882435343595034, "power_cost": 29.88905194091797, "noise_cost": 33.86871283334651, "n_waypoints_completed": 1, "tot_waypoints": 9}}
{"target": -1299.212834273152, "params": {"k_pid_pos": [1.8410626649856567, 0.9704219698905945, 0.005666404962539673], "k_pid_alt": [1.9428341388702393, 0.9938715696334839, 0.06109088659286499], "k_pid_att": [98.55419921875, 0.18634983897209167, 0.9988911747932434], "k_pid_yaw": [0.5, 1e-06, 0.1], "k_pid_hsp": [10.0, 0.9845243096351624, 0.022256851196289062], "k_pid_vsp": [399.9880676269531, 4.186821937561035, 9.999999974752427e-07]}, "datetime": {"datetime": "2025-08-12 11:21:30", "elapsed": 68170.11822652817, "delta": 29.02107834815979}, "costs": {"total_cost": 1299.212834273152, "time_cost": 150, "final_distance_cost": 59.853782566458186, "oscillation_cost": 96.33690207585592, "completition_cost": 888.8888888888888, "overshoot_cost": 40.91986888722113, "power_cost": 29.287995556640627, "noise_cost": 33.92539629808749, "n_waypoints_completed": 1, "tot_waypoints": 9}}
{"target": -1305.3069108444838, "params": {"k_pid_pos": [1.9229135513305664, 0.9910116195678711, 0.04661548137664795], "k_pid_alt": [1.996562123298645, 0.9744625091552734, 0.0056934654712677], "k_pid_att": [100.0, 0.07567524909973145, 0.991500973701477], "k_pid_yaw": [0.5, 1e-06, 0.1], "k_pid_hsp": [10.0, 0.9806911945343018, 0.022293895483016968], "k_pid_vsp": [400.0, 2.37178897857666, 9.999999974752427e-07]}, "datetime": {"datetime": "2025-08-12 11:22:00", "elapsed": 68199.8176176548, "delta": 29.69939112663269}, "costs": {"total_cost": 1305.3069108444838, "time_cost": 150, "final_distance_cost": 68.65404920045891, "oscillation_cost": 94.46648289000696, "completition_cost": 888.8888888888888, "overshoot_cost": 39.76879700160973, "power_cost": 29.63637761230469, "noise_cost": 33.892315251214654, "n_waypoints_completed": 1, "tot_waypoints": 9}}
{"target": -1317.78655960991, "params": {"k_pid_pos": [1.9587281942367554, 0.9916201233863831, 0.003608137369155884], "k_pid_alt": [1.992864727973938, 0.9903443455696106, 0.016323119401931763], "k_pid_att": [100.0, 0.09360653162002563, 0.996751070022583], "k_pid_yaw": [0.5, 1e-06, 0.1], "k_pid_hsp": [10.0, 0.9496127367019653, 0.06064954400062561], "k_pid_vsp": [400.0, 6.97376823425293, 9.999999974752427e-07]}, "datetime": {"datetime": "2025-08-12 11:22:30", "elapsed": 68229.78153324127, "delta": 29.963915586471558}, "costs": {"total_cost": 1317.78655960991, "time_cost": 150, "final_distance_cost": 72.66086806577002, "oscillation_cost": 100.58222032155798, "completition_cost": 888.8888888888888, "overshoot_cost": 40.83188217741432, "power_cost": 31.100515454101565, "noise_cost": 33.72218470217742, "n_waypoints_completed": 1, "tot_waypoints": 9}}
{"target": -745.2133259220362, "params": {"k_pid_pos": [1.9892479181289673, 0.9861537218093872, 0.013458222150802612], "k_pid_alt": [1.9191839694976807, 0.9895613193511963, 0.006541311740875244], "k_pid_att": [99.99996948242188, 0.09308172017335892, 0.9650063514709473], "k_pid_yaw": [0.5, 1e-06, 0.1], "k_pid_hsp": [10.0, 0.992032527923584, 0.13951444625854492], "k_pid_vsp": [400.0, 8.193266868591309, 0.0003586278762668371]}, "datetime": {"datetime": "2025-08-12 11:23:00", "elapsed": 68259.46412563324, "delta": 29.682592391967773}, "costs": {"total_cost": 745.2133259220362, "time_cost": 150, "final_distance_cost": 57.795321921778616, "oscillation_cost": 188.05248235778313, "completition_cost": 222.2222222222222, "overshoot_cost": 58.42855870818866, "power_cost": 34.668, "noise_cost": 34.04674071206361, "n_waypoints_completed": 7, "tot_waypoints": 9}}
{"target": -740.9940806689121, "params": {"k_pid_pos": [1.99313485622406, 0.987205982208252, 0.013640254735946655], "k_pid_alt": [1.9801788330078125, 0.9551329612731934, 0.018286973237991333], "k_pid_att": [100.0, 0.12351971864700317, 0.9925926923751831], "k_pid_yaw": [0.5, 1e-06, 0.1], "k_pid_hsp": [10.0, 0.9663436412811279, 0.09336680173873901], "k_pid_vsp": [400.0, 2.499295234680176, 9.999999974752427e-07]}, "datetime": {"datetime": "2025-08-12 11:23:28", "elapsed": 68287.96972513199, "delta": 28.50559949874878}, "costs": {"total_cost": 740.9940806689121, "time_cost": 150, "final_distance_cost": 78.55884401491889, "oscillation_cost": 153.1665082062408, "completition_cost": 222.2222222222222, "overshoot_cost": 69.8156118343941, "power_cost": 33.48742119140625, "noise_cost": 33.743473199729976, "n_waypoints_completed": 7, "tot_waypoints": 9}}
{"target": -1288.182644521969, "params": {"k_pid_pos": [1.9886387586593628, 0.9845877885818481, 0.003905653953552246], "k_pid_alt": [1.9763352870941162, 0.9752046465873718, 0.019175469875335693], "k_pid_att": [100.0, 0.16466736793518066, 0.9013451337814331], "k_pid_yaw": [0.5, 1e-06, 0.1], "k_pid_hsp": [10.0, 0.9774063229560852, 0.019158095121383667], "k_pid_vsp": [400.0, 2.7391443252563477, 9.999999974752427e-07]}, "datetime": {"datetime": "2025-08-12 11:24:00", "elapsed": 68319.74163150787, "delta": 31.77190637588501}, "costs": {"total_cost": 1288.182644521969, "time_cost": 150, "final_distance_cost": 59.37695063440562, "oscillation_cost": 86.34169281120377, "completition_cost": 888.8888888888888, "overshoot_cost": 40.812435583414384, "power_cost": 28.832422900390625, "noise_cost": 33.930253703665926, "n_waypoints_completed": 1, "tot_waypoints": 9}}
{"target": -702.7052155039376, "params": {"k_pid_pos": [1.9942924976348877, 0.9364125728607178, 0.09698626399040222], "k_pid_alt": [1.9640696048736572, 0.9306536912918091, 0.02621239423751831], "k_pid_att": [100.0, 0.07479043304920197, 0.966481626033783], "k_pid_yaw": [0.5, 1e-06, 0.1], "k_pid_hsp": [10.0, 0.9729771614074707, 0.02725517749786377], "k_pid_vsp": [399.9993896484375, 4.053069114685059, 9.999999974752427e-07]}, "datetime": {"datetime": "2025-08-12 11:24:31", "elapsed": 68351.16637682915, "delta": 31.424745321273804}, "costs": {"total_cost": 702.7052155039376, "time_cost": 150, "final_distance_cost": 74.25795077389978, "oscillation_cost": 129.6545305558232, "completition_cost": 222.2222222222222, "overshoot_cost": 61.490549641371025, "power_cost": 30.940706103515627, "noise_cost": 34.13925620710583, "n_waypoints_completed": 7, "tot_waypoints": 9}}
{"target": -1028.9031488968076, "params": {"k_pid_pos": [1.9891997575759888, 0.978864312171936, 0.017164915800094604], "k_pid_alt": [1.9820863008499146, 0.9656974673271179, 0.0417751669883728], "k_pid_att": [100.0, 0.3081200122833252, 0.9841077923774719], "k_pid_yaw": [0.5, 1e-06, 0.1], "k_pid_hsp": [10.0, 0.9741802215576172, 0.024493008852005005], "k_pid_vsp": [400.0, 11.511422157287598, 9.999999974752427e-07]}, "datetime": {"datetime": "2025-08-12 11:25:00", "elapsed": 68380.05242180824, "delta": 28.88604497909546}, "costs": {"total_cost": 1028.9031488968076, "time_cost": 150, "final_distance_cost": 48.56722556802764, "oscillation_cost": 147.44809011476684, "completition_cost": 555.5555555555555, "overshoot_cost": 62.70938836221803, "power_cost": 30.331984118652347, "noise_cost": 34.290905177587106, "n_waypoints_completed": 4, "tot_waypoints": 9}}
{"target": -1312.792072760054, "params": {"k_pid_pos": [1.9826245307922363, 0.9984498620033264, 0.018474608659744263], "k_pid_alt": [1.9834067821502686, 0.9878516793251038, 0.012154936790466309], "k_pid_att": [100.0, 0.0534319169819355, 0.9784863591194153], "k_pid_yaw": [0.5, 1e-06, 0.1], "k_pid_hsp": [9.999945640563965, 0.956346333026886, 0.037069350481033325], "k_pid_vsp": [399.99981689453125, 5.060196876525879, 0.39478641748428345]}, "datetime": {"datetime": "2025-08-12 11:25:29", "elapsed": 68408.45231032372, "delta": 28.399888515472412}, "costs": {"total_cost": 1312.792072760054, "time_cost": 150, "final_distance_cost": 61.108109175397196, "oscillation_cost": 106.94757645989908, "completition_cost": 888.8888888888888, "overshoot_cost": 41.644001128397065, "power_cost": 30.34724597167969, "noise_cost": 33.856251135791936, "n_waypoints_completed": 1, "tot_waypoints": 9}}
{"target": -1539.3544650601418, "params": {"k_pid_pos": [1.955477237701416, 0.9979625940322876, 0.0047966837882995605], "k_pid_alt": [1.9221495389938354, 0.9974422454833984, 0.0027857422828674316], "k_pid_att": [100.0, 0.09085074067115784, 0.841509222984314], "k_pid_yaw": [0.5, 1e-06, 0.1], "k_pid_hsp": [10.0, 0.9840902090072632, 0.0057930052280426025], "k_pid_vsp": [0.1480579376220703, 2.423156261444092, 9.999999974752427e-07]}, "datetime": {"datetime": "2025-08-12 11:25:58", "elapsed": 68437.87367725372, "delta": 29.421366930007935}, "costs": {"total_cost": 1539.3544650601418, "time_cost": 150, "final_distance_cost": 15.813873474488044, "oscillation_cost": 50.719986580038444, "completition_cost": 1000.0, "overshoot_cost": 167.1879004035211, "power_cost": 14.291265246582032, "noise_cost": 141.34143935551216, "n_waypoints_completed": 0, "tot_waypoints": 9}}
{"target": -521.9640887312075, "params": {"k_pid_pos": [1.9724738597869873, 0.996866762638092, 0.08001363277435303], "k_pid_alt": [1.8795804977416992, 0.984084963798523, 0.00637701153755188], "k_pid_att": [100.0, 0.1990523487329483, 0.814166784286499], "k_pid_yaw": [0.5, 1e-06, 0.1], "k_pid_hsp": [10.0, 0.9901458621025085, 0.010174065828323364], "k_pid_vsp": [400.0, 11.601449012756348, 4.731024265289307]}, "datetime": {"datetime": "2025-08-12 11:26:29", "elapsed": 68468.37402963638, "delta": 30.500352382659912}, "costs": {"total_cost": 521.9640887312075, "time_cost": 150, "final_distance_cost": 3.512500311269868, "oscillation_cost": 124.32980992938616, "completition_cost": 111.11111111111116, "overshoot_cost": 70.34256156907998, "power_cost": 29.417205444335938, "noise_cost": 33.25090036602444, "n_waypoints_completed": 8, "tot_waypoints": 9}}
{"target": -1564.2192942823287, "params": {"k_pid_pos": [1.966201901435852, 0.970586359500885, 0.02034735679626465], "k_pid_alt": [1.9824813604354858, 0.9897133708000183, 0.004000991582870483], "k_pid_att": [100.0, 0.22939617931842804, 0.985370934009552], "k_pid_yaw": [0.5, 1e-06, 0.1], "k_pid_hsp": [10.0, 0.9567018747329712, 0.042051076889038086], "k_pid_vsp": [0.0014662742614746094, 6.7410478591918945, 278.3335876464844]}, "datetime": {"datetime": "2025-08-12 11:26:57", "elapsed": 68497.18340206146, "delta": 28.809372425079346}, "costs": {"total_cost": 1564.2192942823287, "time_cost": 150, "final_distance_cost": 10.463829537858834, "oscillation_cost": 72.94169215885368, "completition_cost": 1000.0, "overshoot_cost": 165.17950706360114, "power_cost": 28.032657641601563, "noise_cost": 137.6016078804132, "n_waypoints_completed": 0, "tot_waypoints": 9}}
{"target": -725.2481321841133, "params": {"k_pid_pos": [1.8506883382797241, 0.9877949357032776, 0.0851997435092926], "k_pid_alt": [1.8945608139038086, 0.938469648361206, 0.03140780329704285], "k_pid_att": [98.04711151123047, 0.09609917551279068, 0.9769787788391113], "k_pid_yaw": [0.5, 1e-06, 0.1], "k_pid_hsp": [10.0, 0.9878131747245789, 0.01907244324684143], "k_pid_vsp": [400.0, 2.7490506172180176, 9.999999974752427e-07]}, "datetime": {"datetime": "2025-08-12 11:27:27", "elapsed": 68527.3724758625, "delta": 30.18907380104065}, "costs": {"total_cost": 725.2481321841133, "time_cost": 150, "final_distance_cost": 73.80846900990761, "oscillation_cost": 150.7106864031317, "completition_cost": 222.2222222222222, "overshoot_cost": 63.27879120646928, "power_cost": 31.059823242187502, "noise_cost": 34.16814010019503, "n_waypoints_completed": 7, "tot_waypoints": 9}}
{"target": -781.0556232408468, "params": {"k_pid_pos": [1.9917385578155518, 0.9297288060188293, 0.0031200647354125977], "k_pid_alt": [1.9650816917419434, 0.9875824451446533, 0.03266781568527222], "k_pid_att": [100.0, 2.7407028675079346, 0.9909083843231201], "k_pid_yaw": [0.5, 1e-06, 0.1], "k_pid_hsp": [10.0, 0.993302583694458, 0.011184394359588623], "k_pid_vsp": [400.0, 28.017093658447266, 197.55299377441406]}, "datetime": {"datetime": "2025-08-12 11:27:58", "elapsed": 68557.57564091682, "delta": 30.20316505432129}, "costs": {"total_cost": 781.0556232408468, "time_cost": 150, "final_distance_cost": 67.05141452240734, "oscillation_cost": 96.23730505964323, "completition_cost": 333.33333333333337, "overshoot_cost": 69.40572977182909, "power_cost": 34.85256667480469, "noise_cost": 30.17527387882901, "n_waypoints_completed": 6, "tot_waypoints": 9}}
{"target": -1308.5291236153323, "params": {"k_pid_pos": [1.9696909189224243, 0.9824655055999756, 0.04698774218559265], "k_pid_alt": [1.910193681716919, 0.9683963060379028, 0.012064874172210693], "k_pid_att": [99.99998474121094, 0.38385170698165894, 0.9556114673614502], "k_pid_yaw": [0.5, 1e-06, 0.1], "k_pid_hsp": [10.0, 0.9907121062278748, 0.033842623233795166], "k_pid_vsp": [400.0, 22.44053077697754, 9.999999974752427e-07]}, "datetime": {"datetime": "2025-08-12 11:28:33", "elapsed": 68592.63893413544, "delta": 35.06329321861267}, "costs": {"total_cost": 1308.5291236153323, "time_cost": 150, "final_distance_cost": 68.50341639684368, "oscillation_cost": 96.61193360591865, "completition_cost": 888.8888888888888, "overshoot_cost": 40.475764919472276, "power_cost": 30.202449450683595, "noise_cost": 33.84667035352536, "n_waypoints_completed": 1, "tot_waypoints": 9}}
{"target": -1296.5811512166642, "params": {"k_pid_pos": [1.9894368648529053, 0.9935854077339172, 0.020073682069778442], "k_pid_alt": [1.967496395111084, 0.9620140790939331, 0.009759336709976196], "k_pid_att": [100.0, 0.26567625999450684, 0.9891465902328491], "k_pid_yaw": [0.5, 1e-06, 0.1], "k_pid_hsp": [9.999993324279785, 0.986433744430542, 0.02829185128211975], "k_pid_vsp": [399.9927062988281, 0.9599934220314026, 39.60578536987305]}, "datetime": {"datetime": "2025-08-12 11:29:01", "elapsed": 68620.57728862762, "delta": 27.9383544921875}, "costs": {"total_cost": 1296.5811512166642, "time_cost": 150, "final_distance_cost": 64.44930055674264, "oscillation_cost": 85.09696011049762, "completition_cost": 888.8888888888888, "overshoot_cost": 43.35386224287535, "power_cost": 34.51073916015625, "noise_cost": 30.281400257503623, "n_waypoints_completed": 1, "tot_waypoints": 9}}
{"target": -390.6178894589975, "params": {"k_pid_pos": [1.9605509042739868, 0.9884212613105774, 0.01986074447631836], "k_pid_alt": [1.9932734966278076, 0.850925087928772, 0.025631248950958252], "k_pid_att": [100.0, 0.43455806374549866, 0.9706235527992249], "k_pid_yaw": [0.5, 1e-06, 0.1], "k_pid_hsp": [10.0, 0.9959203600883484, 0.00474432110786438], "k_pid_vsp": [400.0, 64.14468383789062, 9.999999974752427e-07]}, "datetime": {"datetime": "2025-08-12 11:29:29", "elapsed": 68649.23779916763, "delta": 28.660510540008545}, "costs": {"total_cost": 390.6178894589975, "time_cost": 115.661, "final_distance_cost": 1.8224441180498552, "oscillation_cost": 146.79397976193354, "completition_cost": 0.0, "overshoot_cost": 65.3809037754751, "power_cost": 29.459728637695314, "noise_cost": 31.49983316584371, "n_waypoints_completed": 9, "tot_waypoints": 9}}
