{"target": -1584.858476313878, "params": {"k_pid_pos": [1.956805944442749, 0.919604480266571, 0.058398544788360596], "k_pid_alt": [1.93656587600708, 0.8948632478713989, 0.020159274339675903], "k_pid_att": [100.0, 4.498915195465088, 0.9839378595352173], "k_pid_yaw": [0.5, 1e-06, 0.1], "k_pid_hsp": [10.0, 0.9832504987716675, 0.07364898920059204], "k_pid_vsp": [0.0, 39.00865173339844, 399.9999694824219]}, "datetime": {"datetime": "2025-08-11 21:34:47", "elapsed": 18567.292717456818, "delta": 30.243688583374023}, "costs": {"total_cost": 1584.858476313878, "time_cost": 150, "final_distance_cost": 10.709083630597545, "oscillation_cost": 91.95969751766017, "completition_cost": 1000.0, "overshoot_cost": 165.9169379829258, "power_cost": 34.58097346191406, "noise_cost": 131.69178372078065, "n_waypoints_completed": 0, "tot_waypoints": 9}}
{"target": -1583.2675450511035, "params": {"k_pid_pos": [1.7756226062774658, 0.9949322938919067, 0.0047647953033447266], "k_pid_alt": [1.9403579235076904, 0.7017666101455688, 0.030525416135787964], "k_pid_att": [99.94990539550781, 0.1472001075744629, 0.9497864842414856], "k_pid_yaw": [0.5, 1e-06, 0.1], "k_pid_hsp": [10.0, 0.9757673740386963, 0.10207751393318176], "k_pid_vsp": [0.0, 4.034365177154541, 400.0]}, "datetime": {"datetime": "2025-08-11 21:35:18", "elapsed": 18597.84185194969, "delta": 30.549134492874146}, "costs": {"total_cost": 1583.2675450511035, "time_cost": 150, "final_distance_cost": 11.599744954267242, "oscillation_cost": 90.73336170791111, "completition_cost": 1000.0, "overshoot_cost": 166.16076690815834, "power_cost": 29.73722740478516, "noise_cost": 135.0364440759816, "n_waypoints_completed": 0, "tot_waypoints": 9}}
{"target": -1460.9204445752637, "params": {"k_pid_pos": [1.6473937034606934, 0.9711253046989441, 0.25209641456604004], "k_pid_alt": [1.9751901626586914, 0.6732101440429688, 0.1582324504852295], "k_pid_att": [99.99998474121094, 8.579919815063477, 0.8853399753570557], "k_pid_yaw": [0.5, 1e-06, 0.1], "k_pid_hsp": [0.00010089405986946076, 0.9749033451080322, 0.223714679479599], "k_pid_vsp": [343.6006774902344, 20.11041831970215, 399.66021728515625]}, "datetime": {"datetime": "2025-08-11 21:35:49", "elapsed": 18628.604102134705, "delta": 30.762250185012817}, "costs": {"total_cost": 1460.9204445752637, "time_cost": 150, "final_distance_cost": 21.516563473386466, "oscillation_cost": 78.44835667158543, "completition_cost": 1000.0, "overshoot_cost": 135.34708762111902, "power_cost": 37.42905213623047, "noise_cost": 38.17938467294212, "n_waypoints_completed": 0, "tot_waypoints": 9}}
{"target": -1529.5626064009732, "params": {"k_pid_pos": [1.9358912706375122, 0.9730627536773682, 0.05714064836502075], "k_pid_alt": [1.9777398109436035, 0.835856556892395, 0.03205844759941101], "k_pid_att": [100.0, 7.990020275115967, 0.9710672497749329], "k_pid_yaw": [0.5, 1e-06, 0.1], "k_pid_hsp": [9.999999046325684, 0.9574944972991943, 0.027989178895950317], "k_pid_vsp": [352.7043762207031, 71.52629089355469, 399.99993896484375]}, "datetime": {"datetime": "2025-08-11 21:36:19", "elapsed": 18659.217937231064, "delta": 30.613835096359253}, "costs": {"total_cost": 1529.5626064009732, "time_cost": 150, "final_distance_cost": 5.275099177414503, "oscillation_cost": 72.08855761849799, "completition_cost": 1000.0, "overshoot_cost": 162.07934851358715, "power_cost": 34.79025206298828, "noise_cost": 105.32934902848548, "n_waypoints_completed": 0, "tot_waypoints": 9}}
{"target": -1558.1977267587906, "params": {"k_pid_pos": [1.976184368133545, 0.7383185625076294, 0.06365543603897095], "k_pid_alt": [1.9929683208465576, 0.6519283056259155, 0.01090434193611145], "k_pid_att": [99.99998474121094, 4.835648059844971, 0.943427324295044], "k_pid_yaw": [0.5, 1e-06, 0.1], "k_pid_hsp": [9.999604225158691, 0.9874517917633057, 0.03926399350166321], "k_pid_vsp": [0.0, 39.84757614135742, 398.74029541015625]}, "datetime": {"datetime": "2025-08-11 21:36:50", "elapsed": 18690.17607331276, "delta": 30.958136081695557}, "costs": {"total_cost": 1558.1977267587906, "time_cost": 150, "final_distance_cost": 6.537425217193207, "oscillation_cost": 77.98376859317634, "completition_cost": 1000.0, "overshoot_cost": 163.7752934796364, "power_cost": 34.259650036621096, "noise_cost": 125.64158943216353, "n_waypoints_completed": 0, "tot_waypoints": 9}}
{"target": -2123.9206620413897, "params": {"k_pid_pos": [1.9479691982269287, 0.633736789226532, 0.0509987473487854], "k_pid_alt": [1.9631474018096924, 0.8758615255355835, 0.03721889853477478], "k_pid_att": [100.0, 0.485851526260376, 0.7987505197525024], "k_pid_yaw": [0.5, 1e-06, 0.1], "k_pid_hsp": [10.0, 0.7897504568099976, 0.052716076374053955], "k_pid_vsp": [0.0, 15.082193374633789, 400.0]}, "datetime": {"datetime": "2025-08-11 21:37:21", "elapsed": 18720.848586559296, "delta": 30.672513246536255}, "costs": {"total_cost": 2123.9206620413897, "time_cost": 150, "final_distance_cost": 277.15717501171906, "oscillation_cost": 442.0106311684721, "completition_cost": 888.8888888888888, "overshoot_cost": 284.11811337893613, "power_cost": 35.256603051757814, "noise_cost": 46.48925054161533, "n_waypoints_completed": 1, "tot_waypoints": 9}}
{"target": -1162.7856584411425, "params": {"k_pid_pos": [1.6441963911056519, 0.9581788778305054, 0.01719263195991516], "k_pid_alt": [1.9803845882415771, 0.8134055733680725, 0.01127701997756958], "k_pid_att": [32.75157928466797, 3.9811723232269287, 0.9393748044967651], "k_pid_yaw": [0.5, 1e-06, 0.1], "k_pid_hsp": [10.0, 0.954123854637146, 0.24904605746269226], "k_pid_vsp": [399.3092041015625, 32.59440612792969, 399.99908447265625]}, "datetime": {"datetime": "2025-08-11 21:37:52", "elapsed": 18751.545513153076, "delta": 30.696926593780518}, "costs": {"total_cost": 1162.7856584411425, "time_cost": 150, "final_distance_cost": 57.0993564106681, "oscillation_cost": 135.53720192383324, "completition_cost": 666.6666666666667, "overshoot_cost": 85.26315841929771, "power_cost": 36.186137707519535, "noise_cost": 32.033137313157056, "n_waypoints_completed": 3, "tot_waypoints": 9}}
{"target": -1689.074712668801, "params": {"k_pid_pos": [0.9708782434463501, 0.9843730926513672, 0.3105033338069916], "k_pid_alt": [1.9859137535095215, 0.8330081105232239, 0.009274661540985107], "k_pid_att": [100.0, 1.412125825881958, 0.8722530603408813], "k_pid_yaw": [0.5, 1e-06, 0.1], "k_pid_hsp": [9.999996185302734, 0.9831767082214355, 0.07555001974105835], "k_pid_vsp": [0.0, 21.658220291137695, 399.8524169921875]}, "datetime": {"datetime": "2025-08-11 21:38:23", "elapsed": 18782.38739132881, "delta": 30.841878175735474}, "costs": {"total_cost": 1689.074712668801, "time_cost": 150, "final_distance_cost": 143.41720876036376, "oscillation_cost": 214.18061248263308, "completition_cost": 888.8888888888888, "overshoot_cost": 165.2093139895772, "power_cost": 35.27952274169922, "noise_cost": 92.09916580563919, "n_waypoints_completed": 1, "tot_waypoints": 9}}
{"target": -4035.373786510343, "params": {"k_pid_pos": [1.7461477518081665, 0.9868611693382263, 0.5083451271057129], "k_pid_alt": [1.7684919834136963, 0.862677812576294, 0.008845269680023193], "k_pid_att": [89.08161163330078, 0.7261866927146912, 0.9852796792984009], "k_pid_yaw": [0.5, 1e-06, 0.1], "k_pid_hsp": [9.861164093017578, 0.9942986369132996, 0.041243791580200195], "k_pid_vsp": [0.0, 98.31786346435547, 400.0]}, "datetime": {"datetime": "2025-08-11 21:38:53", "elapsed": 18812.920048952103, "delta": 30.532657623291016}, "costs": {"total_cost": 4035.373786510343, "time_cost": 150, "final_distance_cost": 912.8263512874137, "oscillation_cost": 470.2305463445671, "completition_cost": 888.8888888888888, "overshoot_cost": 1535.0796689785564, "power_cost": 36.67082061767578, "noise_cost": 41.677510393240816, "n_waypoints_completed": 1, "tot_waypoints": 9}}
{"target": -1538.5838342961542, "params": {"k_pid_pos": [1.7441927194595337, 0.9422094821929932, 0.17792001366615295], "k_pid_alt": [1.9298104047775269, 0.9731378555297852, 0.003880023956298828], "k_pid_att": [99.99745178222656, 3.514982223510742, 0.9050264358520508], "k_pid_yaw": [0.5, 1e-06, 0.1], "k_pid_hsp": [10.0, 0.9578857421875, 0.0157223641872406], "k_pid_vsp": [0.00015497207641601562, 9.547986030578613, 390.8405456542969]}, "datetime": {"datetime": "2025-08-11 21:39:24", "elapsed": 18843.420189380646, "delta": 30.50014042854309}, "costs": {"total_cost": 1538.5838342961542, "time_cost": 150, "final_distance_cost": 1.1308281425698006, "oscillation_cost": 58.33377681221989, "completition_cost": 1000.0, "overshoot_cost": 164.1733651354503, "power_cost": 25.003860693359375, "noise_cost": 139.94200351255495, "n_waypoints_completed": 0, "tot_waypoints": 9}}
{"target": -1586.1402687017417, "params": {"k_pid_pos": [1.9361530542373657, 0.974416971206665, 0.005952239036560059], "k_pid_alt": [1.6102657318115234, 0.5643024444580078, 0.04139748215675354], "k_pid_att": [99.99664306640625, 0.055207520723342896, 0.9715394973754883], "k_pid_yaw": [0.5, 1e-06, 0.1], "k_pid_hsp": [10.0, 0.7271336913108826, 0.20595446228981018], "k_pid_vsp": [0.010251998901367188, 6.546212196350098, 399.9996643066406]}, "datetime": {"datetime": "2025-08-11 21:39:54", "elapsed": 18873.699731111526, "delta": 30.279541730880737}, "costs": {"total_cost": 1586.1402687017417, "time_cost": 150, "final_distance_cost": 7.087913721286348, "oscillation_cost": 98.52434249685793, "completition_cost": 1000.0, "overshoot_cost": 165.80227174853607, "power_cost": 30.70013143310547, "noise_cost": 134.02560930195602, "n_waypoints_completed": 0, "tot_waypoints": 9}}
{"target": -414.5624506580812, "params": {"k_pid_pos": [1.6590629816055298, 0.9647336006164551, 0.3312073349952698], "k_pid_alt": [1.8663957118988037, 0.9078879356384277, 0.00824245810508728], "k_pid_att": [100.0, 1.1792820692062378, 0.8815866708755493], "k_pid_yaw": [0.5, 1e-06, 0.1], "k_pid_hsp": [10.0, 0.8622707724571228, 0.11279800534248352], "k_pid_vsp": [400.0, 40.10684585571289, 0.03490547835826874]}, "datetime": {"datetime": "2025-08-11 21:40:22", "elapsed": 18902.057997703552, "delta": 28.358266592025757}, "costs": {"total_cost": 414.5624506580812, "time_cost": 110.558, "final_distance_cost": 1.7644377532042794, "oscillation_cost": 173.7028562833913, "completition_cost": 0.0, "overshoot_cost": 66.22982908831757, "power_cost": 30.780870935058594, "noise_cost": 31.52645659810946, "n_waypoints_completed": 9, "tot_waypoints": 9}}
{"target": -1548.5396840778276, "params": {"k_pid_pos": [1.9904159307479858, 0.9795967936515808, 0.24932381510734558], "k_pid_alt": [1.9671611785888672, 0.9510601758956909, 0.03771156072616577], "k_pid_att": [25.313228607177734, 0.27312615513801575, 0.9589982032775879], "k_pid_yaw": [0.5, 1e-06, 0.1], "k_pid_hsp": [9.997923851013184, 0.9508577585220337, 0.17562958598136902], "k_pid_vsp": [0.0, 5.196000099182129, 1.5706191062927246]}, "datetime": {"datetime": "2025-08-11 21:40:52", "elapsed": 18932.16522192955, "delta": 30.107224225997925}, "costs": {"total_cost": 1548.5396840778276, "time_cost": 150, "final_distance_cost": 3.334140322576972, "oscillation_cost": 66.74600343106363, "completition_cost": 1000.0, "overshoot_cost": 166.03227190273938, "power_cost": 19.794265881347656, "noise_cost": 142.63300254009982, "n_waypoints_completed": 0, "tot_waypoints": 9}}
{"target": -371.42103526717733, "params": {"k_pid_pos": [1.8366889953613281, 0.8932480812072754, 0.11247798800468445], "k_pid_alt": [1.8102812767028809, 0.9264364242553711, 0.04249817132949829], "k_pid_att": [100.0, 0.645785927772522, 0.8537707924842834], "k_pid_yaw": [0.5, 1e-06, 0.1], "k_pid_hsp": [10.0, 0.9617442488670349, 0.00313529372215271], "k_pid_vsp": [399.991943359375, 6.805313587188721, 0.2565155625343323]}, "datetime": {"datetime": "2025-08-11 21:41:22", "elapsed": 18961.638316631317, "delta": 29.473094701766968}, "costs": {"total_cost": 371.42103526717733, "time_cost": 114.926, "final_distance_cost": 1.7809867357448514, "oscillation_cost": 126.6646874492644, "completition_cost": 0.0, "overshoot_cost": 67.65510965943639, "power_cost": 28.804720654296876, "noise_cost": 31.589530768434802, "n_waypoints_completed": 9, "tot_waypoints": 9}}
{"target": -1581.7231865564365, "params": {"k_pid_pos": [1.841938853263855, 0.9684809446334839, 0.1627122163772583], "k_pid_alt": [1.9769585132598877, 0.8543201684951782, 0.039389193058013916], "k_pid_att": [100.0, 0.7571238875389099, 0.9434022903442383], "k_pid_yaw": [0.5, 1e-06, 0.1], "k_pid_hsp": [10.0, 0.8457823395729065, 0.17747372388839722], "k_pid_vsp": [0.0899195671081543, 45.57539367675781, 399.8377685546875]}, "datetime": {"datetime": "2025-08-11 21:41:52", "elapsed": 18991.785576820374, "delta": 30.147260189056396}, "costs": {"total_cost": 1581.7231865564365, "time_cost": 150, "final_distance_cost": 5.2347298069677315, "oscillation_cost": 100.25741010561453, "completition_cost": 1000.0, "overshoot_cost": 165.68566286041212, "power_cost": 34.406706359863286, "noise_cost": 126.13867742357884, "n_waypoints_completed": 0, "tot_waypoints": 9}}
{"target": -1580.467985207928, "params": {"k_pid_pos": [1.971886157989502, 0.995183527469635, 0.1611572504043579], "k_pid_alt": [1.9082262516021729, 0.20637553930282593, 0.1518418788909912], "k_pid_att": [100.0, 3.0196566581726074, 0.8040472865104675], "k_pid_yaw": [0.5, 1e-06, 0.1], "k_pid_hsp": [9.999984741210938, 0.9573884010314941, 0.04017600417137146], "k_pid_vsp": [7.152557373046875e-05, 19.814266204833984, 399.9998474121094]}, "datetime": {"datetime": "2025-08-11 21:42:22", "elapsed": 19021.692467212677, "delta": 29.906890392303467}, "costs": {"total_cost": 1580.467985207928, "time_cost": 150, "final_distance_cost": 13.18860525195112, "oscillation_cost": 86.57964200119798, "completition_cost": 1000.0, "overshoot_cost": 165.76332439303107, "power_cost": 33.67873208007813, "noise_cost": 131.25768148166966, "n_waypoints_completed": 0, "tot_waypoints": 9}}
{"target": -1604.5034267829742, "params": {"k_pid_pos": [1.9361659288406372, 0.9695200324058533, 0.1345103681087494], "k_pid_alt": [1.9930016994476318, 0.9269945025444031, 0.06922420859336853], "k_pid_att": [99.99993133544922, 0.7930698990821838, 0.9798872470855713], "k_pid_yaw": [0.5, 1e-06, 0.1], "k_pid_hsp": [9.999573707580566, 0.969584584236145, 0.20245015621185303], "k_pid_vsp": [1.7348289489746094, 12.514412879943848, 400.0]}, "datetime": {"datetime": "2025-08-11 21:42:52", "elapsed": 19052.35576891899, "delta": 30.663301706314087}, "costs": {"total_cost": 1604.5034267829742, "time_cost": 150, "final_distance_cost": 11.577933986132372, "oscillation_cost": 103.63285332644854, "completition_cost": 1000.0, "overshoot_cost": 165.58029621978233, "power_cost": 34.456814453125, "noise_cost": 139.2555287974861, "n_waypoints_completed": 0, "tot_waypoints": 9}}
{"target": -1538.7244366626744, "params": {"k_pid_pos": [1.9208406209945679, 0.925270676612854, 0.10447853803634644], "k_pid_alt": [1.9021825790405273, 0.35258471965789795, 0.02006414532661438], "k_pid_att": [58.792049407958984, 2.8848464488983154, 0.9808623194694519], "k_pid_yaw": [0.5, 1e-06, 0.1], "k_pid_hsp": [9.999985694885254, 0.9840326905250549, 0.02251213788986206], "k_pid_vsp": [1.1920928955078125e-05, 1.0713109970092773, 0.0007162557449191809]}, "datetime": {"datetime": "2025-08-11 21:43:23", "elapsed": 19082.59605073929, "delta": 30.24028182029724}, "costs": {"total_cost": 1538.7244366626744, "time_cost": 150, "final_distance_cost": 14.440153875841734, "oscillation_cost": 55.656213664708815, "completition_cost": 1000.0, "overshoot_cost": 166.1703555692416, "power_cost": 12.96317879638672, "noise_cost": 139.49453475649557, "n_waypoints_completed": 0, "tot_waypoints": 9}}
{"target": -1574.8929162096997, "params": {"k_pid_pos": [1.9643319845199585, 0.8574538230895996, 0.05501288175582886], "k_pid_alt": [1.98397696018219, 0.9858906269073486, 0.06504380702972412], "k_pid_att": [100.0, 2.8048763275146484, 0.4516870975494385], "k_pid_yaw": [0.5, 1e-06, 0.1], "k_pid_hsp": [10.0, 0.9902002215385437, 0.01839086413383484], "k_pid_vsp": [0.034177303314208984, 13.377023696899414, 33.5582389831543]}, "datetime": {"datetime": "2025-08-11 21:43:53", "elapsed": 19113.21005296707, "delta": 30.614002227783203}, "costs": {"total_cost": 1574.8929162096997, "time_cost": 150, "final_distance_cost": 9.971538707886936, "oscillation_cost": 82.21327400684815, "completition_cost": 1000.0, "overshoot_cost": 164.49494383668645, "power_cost": 28.353018481445314, "noise_cost": 139.86014117683294, "n_waypoints_completed": 0, "tot_waypoints": 9}}
{"target": -912.9443504555685, "params": {"k_pid_pos": [1.9870582818984985, 0.9437812566757202, 0.37980589270591736], "k_pid_alt": [1.9835021495819092, 0.7032586336135864, 0.01840832829475403], "k_pid_att": [99.99951934814453, 0.1451166570186615, 0.9890140891075134], "k_pid_yaw": [0.5, 1e-06, 0.1], "k_pid_hsp": [10.0, 0.8838925361633301, 0.24673545360565186], "k_pid_vsp": [0.0, 30.954160690307617, 9.999999974752427e-07]}, "datetime": {"datetime": "2025-08-11 21:44:25", "elapsed": 19144.4601418972, "delta": 31.250088930130005}, "costs": {"total_cost": 912.9443504555685, "time_cost": 150, "final_distance_cost": 52.097243941854, "oscillation_cost": 247.13788334912567, "completition_cost": 333.33333333333337, "overshoot_cost": 61.71396458579956, "power_cost": 36.299687133789064, "noise_cost": 32.362238111666926, "n_waypoints_completed": 6, "tot_waypoints": 9}}
{"target": -1292.609687817031, "params": {"k_pid_pos": [1.8427908420562744, 0.942093014717102, 0.008591264486312866], "k_pid_alt": [1.865971326828003, 0.9482343196868896, 0.027345925569534302], "k_pid_att": [100.0, 2.834080457687378, 0.9460582137107849], "k_pid_yaw": [0.5, 1e-06, 0.1], "k_pid_hsp": [10.0, 0.9923328161239624, 0.004433780908584595], "k_pid_vsp": [0.0009417533874511719, 21.61701011657715, 9.050084114074707]}, "datetime": {"datetime": "2025-08-11 21:44:55", "elapsed": 19175.214240074158, "delta": 30.754098176956177}, "costs": {"total_cost": 1292.609687817031, "time_cost": 150, "final_distance_cost": 44.93448065077076, "oscillation_cost": 63.720503121255945, "completition_cost": 888.8888888888888, "overshoot_cost": 79.60486340553021, "power_cost": 28.391396423339845, "noise_cost": 37.06955532724556, "n_waypoints_completed": 1, "tot_waypoints": 9}}
{"target": -1661.9353537138581, "params": {"k_pid_pos": [1.852238416671753, 0.8530099391937256, 0.745497465133667], "k_pid_alt": [1.9667690992355347, 0.46696677803993225, 0.012598991394042969], "k_pid_att": [99.99994659423828, 8.697237968444824, 0.9745725393295288], "k_pid_yaw": [0.5, 1e-06, 0.1], "k_pid_hsp": [10.0, 0.9809446334838867, 0.10281839966773987], "k_pid_vsp": [153.76698303222656, 15.064896583557129, 396.975341796875]}, "datetime": {"datetime": "2025-08-11 21:45:26", "elapsed": 19205.905974149704, "delta": 30.691734075546265}, "costs": {"total_cost": 1661.9353537138581, "time_cost": 150, "final_distance_cost": 56.80964712893187, "oscillation_cost": 614.5152792788722, "completition_cost": 666.6666666666667, "overshoot_cost": 105.3051623654676, "power_cost": 35.63777418212891, "noise_cost": 33.000824091790975, "n_waypoints_completed": 3, "tot_waypoints": 9}}
{"target": -1593.8239259681875, "params": {"k_pid_pos": [1.9660701751708984, 0.9407379627227783, 0.10841846466064453], "k_pid_alt": [1.8196866512298584, 0.5289714336395264, 0.13673937320709229], "k_pid_att": [99.57984924316406, 2.488779067993164, 0.959478497505188], "k_pid_yaw": [0.5, 1e-06, 0.1], "k_pid_hsp": [9.778180122375488, 0.9441556930541992, 0.24230310320854187], "k_pid_vsp": [0.0, 87.6163101196289, 400.0]}, "datetime": {"datetime": "2025-08-11 21:45:57", "elapsed": 19236.547199964523, "delta": 30.641225814819336}, "costs": {"total_cost": 1593.8239259681875, "time_cost": 150, "final_distance_cost": 12.20260056196311, "oscillation_cost": 103.35582417288248, "completition_cost": 1000.0, "overshoot_cost": 165.59513599586538, "power_cost": 35.230609936523436, "noise_cost": 127.43975530095314, "n_waypoints_completed": 0, "tot_waypoints": 9}}
{"target": -1581.808512558026, "params": {"k_pid_pos": [1.9743378162384033, 0.990598201751709, 0.0193195641040802], "k_pid_alt": [1.921013355255127, 0.990983784198761, 0.009854704141616821], "k_pid_att": [100.0, 0.31599220633506775, 0.8739209771156311], "k_pid_yaw": [0.5, 1e-06, 0.1], "k_pid_hsp": [0.06370408087968826, 0.969505786895752, 0.28367239236831665], "k_pid_vsp": [0.0018715858459472656, 38.3284797668457, 399.5919189453125]}, "datetime": {"datetime": "2025-08-11 21:46:28", "elapsed": 19267.74367070198, "delta": 31.196470737457275}, "costs": {"total_cost": 1581.808512558026, "time_cost": 150, "final_distance_cost": 22.449031044665045, "oscillation_cost": 72.85999582189179, "completition_cost": 1000.0, "overshoot_cost": 172.15124609243998, "power_cost": 34.035647753906254, "noise_cost": 130.3125918451229, "n_waypoints_completed": 0, "tot_waypoints": 9}}
{"target": -3191.2825560261595, "params": {"k_pid_pos": [1.9686174392700195, 0.8450507521629333, 0.12995034456253052], "k_pid_alt": [1.9761948585510254, 0.9886358976364136, 0.026593267917633057], "k_pid_att": [0.0001251697540283203, 8.426474571228027, 0.8897364735603333], "k_pid_yaw": [0.5, 1e-06, 0.1], "k_pid_hsp": [0.0022394873667508364, 0.9428415894508362, 0.010752230882644653], "k_pid_vsp": [0.0, 4.068077564239502, 400.0]}, "datetime": {"datetime": "2025-08-11 21:46:58", "elapsed": 19298.181676626205, "delta": 30.438005924224854}, "costs": {"total_cost": 3191.2825560261595, "time_cost": 150, "final_distance_cost": 206.59341232529727, "oscillation_cost": 1335.2589842151176, "completition_cost": 1000.0, "overshoot_cost": 322.83894734525154, "power_cost": 30.966522607421876, "noise_cost": 145.6246895330713, "n_waypoints_completed": 0, "tot_waypoints": 9}}
