{"target": -1529.5965589751688, "params": {"k_pid_pos": [1.9348704814910889, 0.9922738075256348, 0.01677727699279785], "k_pid_alt": [1.9442274570465088, 0.8811202645301819, 0.06110367178916931], "k_pid_att": [99.99996185302734, 0.17223648726940155, 0.9654179811477661], "k_pid_yaw": [0.5, 1e-06, 0.1], "k_pid_hsp": [10.0, 0.968417763710022, 0.014579951763153076], "k_pid_vsp": [0.3603935241699219, 3.2788166999816895, 390.0157165527344]}, "datetime": {"datetime": "2025-08-11 23:29:53", "elapsed": 25472.554267406464, "delta": 31.03302264213562}, "costs": {"total_cost": 1529.5965589751688, "time_cost": 150, "final_distance_cost": 4.528074572784075, "oscillation_cost": 53.012836286746214, "completition_cost": 1000.0, "overshoot_cost": 164.4782269423444, "power_cost": 22.029090161132814, "noise_cost": 135.54833101216107, "n_waypoints_completed": 0, "tot_waypoints": 9}}
{"target": -1581.9765364919037, "params": {"k_pid_pos": [1.9737528562545776, 0.9589728116989136, 0.14939165115356445], "k_pid_alt": [1.9790802001953125, 0.9352192878723145, 0.02472171187400818], "k_pid_att": [99.93606567382812, 0.8134708404541016, 0.7694904804229736], "k_pid_yaw": [0.5, 1e-06, 0.1], "k_pid_hsp": [10.0, 0.9846798181533813, 0.08521276712417603], "k_pid_vsp": [0.0, 5.30988073348999, 399.9998474121094]}, "datetime": {"datetime": "2025-08-11 23:30:24", "elapsed": 25503.852526187897, "delta": 31.298258781433105}, "costs": {"total_cost": 1581.9765364919037, "time_cost": 150, "final_distance_cost": 10.19500265487759, "oscillation_cost": 91.02027167566877, "completition_cost": 1000.0, "overshoot_cost": 165.76740381182287, "power_cost": 27.42327818603516, "noise_cost": 137.5705801634992, "n_waypoints_completed": 0, "tot_waypoints": 9}}
{"target": -1311.5891601847645, "params": {"k_pid_pos": [1.9653360843658447, 0.9742851257324219, 0.07549822330474854], "k_pid_alt": [1.8365586996078491, 0.9456754922866821, 0.1008613109588623], "k_pid_att": [100.0, 0.9604702591896057, 0.8764911890029907], "k_pid_yaw": [0.5, 1e-06, 0.1], "k_pid_hsp": [10.0, 0.9978162050247192, 0.02549383044242859], "k_pid_vsp": [0.4162311553955078, 25.65081214904785, 0.002254055580124259]}, "datetime": {"datetime": "2025-08-11 23:30:54", "elapsed": 25534.29226064682, "delta": 30.43973445892334}, "costs": {"total_cost": 1311.5891601847645, "time_cost": 150, "final_distance_cost": 70.55539301859551, "oscillation_cost": 89.33861949263205, "completition_cost": 888.8888888888888, "overshoot_cost": 48.33989545359538, "power_cost": 30.585075830078125, "noise_cost": 33.88128750097482, "n_waypoints_completed": 1, "tot_waypoints": 9}}
{"target": -1572.2945119885715, "params": {"k_pid_pos": [1.904712200164795, 0.9721809029579163, 0.019202113151550293], "k_pid_alt": [1.8320122957229614, 0.8129328489303589, 0.016686946153640747], "k_pid_att": [100.0, 1.4494928121566772, 0.9563640356063843], "k_pid_yaw": [0.5, 1e-06, 0.1], "k_pid_hsp": [8.42391300201416, 0.9948720932006836, 0.07252293825149536], "k_pid_vsp": [0.0, 4.882753849029541, 399.9998779296875]}, "datetime": {"datetime": "2025-08-11 23:31:26", "elapsed": 25565.97463130951, "delta": 31.68237066268921}, "costs": {"total_cost": 1572.2945119885715, "time_cost": 150, "final_distance_cost": 12.845329560593687, "oscillation_cost": 77.12354040314025, "completition_cost": 1000.0, "overshoot_cost": 166.23586155987505, "power_cost": 26.864634582519532, "noise_cost": 139.22514588244283, "n_waypoints_completed": 0, "tot_waypoints": 9}}
{"target": -1559.0351307609267, "params": {"k_pid_pos": [1.7198576927185059, 0.9673118591308594, 0.0026095211505889893], "k_pid_alt": [1.8289353847503662, 0.947278618812561, 0.021237581968307495], "k_pid_att": [99.99665832519531, 0.5081616640090942, 0.9475820064544678], "k_pid_yaw": [0.5, 1e-06, 0.1], "k_pid_hsp": [9.999961853027344, 0.9251703023910522, 0.025149941444396973], "k_pid_vsp": [0.0, 117.2373275756836, 400.0]}, "datetime": {"datetime": "2025-08-11 23:31:58", "elapsed": 25597.526129961014, "delta": 31.551498651504517}, "costs": {"total_cost": 1559.0351307609267, "time_cost": 150, "final_distance_cost": 12.029480920266595, "oscillation_cost": 72.29044953940463, "completition_cost": 1000.0, "overshoot_cost": 165.71971638733496, "power_cost": 33.78671893310547, "noise_cost": 125.208764980815, "n_waypoints_completed": 0, "tot_waypoints": 9}}
{"target": -1203.9584822725471, "params": {"k_pid_pos": [1.5369489192962646, 0.9903967380523682, 0.127171128988266], "k_pid_alt": [1.974341630935669, 0.7018882036209106, 0.006921350955963135], "k_pid_att": [100.0, 0.46669477224349976, 0.9033193588256836], "k_pid_yaw": [0.5, 1e-06, 0.1], "k_pid_hsp": [9.383983612060547, 0.9776378273963928, 0.014698296785354614], "k_pid_vsp": [8.54649543762207, 4.666865825653076, 0.01199345476925373]}, "datetime": {"datetime": "2025-08-11 23:32:28", "elapsed": 25628.247203588486, "delta": 30.721073627471924}, "costs": {"total_cost": 1203.9584822725471, "time_cost": 150, "final_distance_cost": 86.41569102896352, "oscillation_cost": 67.69023010309816, "completition_cost": 777.7777777777778, "overshoot_cost": 57.69299464232261, "power_cost": 28.788246044921877, "noise_cost": 35.59354267546322, "n_waypoints_completed": 2, "tot_waypoints": 9}}
{"target": -1425.298900701744, "params": {"k_pid_pos": [1.9395924806594849, 0.9645814895629883, 0.010141372680664062], "k_pid_alt": [1.9334173202514648, 0.7195110321044922, 0.007541537284851074], "k_pid_att": [100.0, 0.587851345539093, 0.8655029535293579], "k_pid_yaw": [0.5, 1e-06, 0.1], "k_pid_hsp": [9.99979305267334, 0.9741289615631104, 0.03042253851890564], "k_pid_vsp": [397.4778747558594, 48.34944152832031, 399.78076171875]}, "datetime": {"datetime": "2025-08-11 23:32:59", "elapsed": 25658.53804922104, "delta": 30.2908456325531}, "costs": {"total_cost": 1425.298900701744, "time_cost": 150, "final_distance_cost": 32.82758642681107, "oscillation_cost": 76.9165601503167, "completition_cost": 1000.0, "overshoot_cost": 99.54495902839395, "power_cost": 35.46182325439453, "noise_cost": 30.54797184182767, "n_waypoints_completed": 0, "tot_waypoints": 9}}
{"target": -1572.4658931548822, "params": {"k_pid_pos": [1.926821231842041, 0.9673146605491638, 0.01996442675590515], "k_pid_alt": [1.9515528678894043, 0.9757120013237, 0.058966606855392456], "k_pid_att": [99.9999008178711, 3.6840972900390625, 0.9848493337631226], "k_pid_yaw": [0.5, 1e-06, 0.1], "k_pid_hsp": [9.946003913879395, 0.9522418975830078, 0.05331367254257202], "k_pid_vsp": [0.0, 2.871359348297119, 398.90771484375]}, "datetime": {"datetime": "2025-08-11 23:33:30", "elapsed": 25689.550132751465, "delta": 31.012083530426025}, "costs": {"total_cost": 1572.4658931548822, "time_cost": 150, "final_distance_cost": 9.23773734068247, "oscillation_cost": 84.79267066140198, "completition_cost": 1000.0, "overshoot_cost": 166.02738131646294, "power_cost": 30.22795203857422, "noise_cost": 132.18015179776083, "n_waypoints_completed": 0, "tot_waypoints": 9}}
{"target": -1483.9161345810032, "params": {"k_pid_pos": [1.8978362083435059, 0.9861739873886108, 0.062471628189086914], "k_pid_alt": [1.948256015777588, 0.9065971374511719, 0.0054645836353302], "k_pid_att": [92.99371337890625, 0.015871230512857437, 0.9536409378051758], "k_pid_yaw": [0.5, 1e-06, 0.1], "k_pid_hsp": [10.0, 0.9546265602111816, 0.018700003623962402], "k_pid_vsp": [399.7689514160156, 55.68756866455078, 400.0]}, "datetime": {"datetime": "2025-08-11 23:34:01", "elapsed": 25720.534252166748, "delta": 30.984119415283203}, "costs": {"total_cost": 1483.9161345810032, "time_cost": 150, "final_distance_cost": 2.3983524131275358, "oscillation_cost": 65.70262700304417, "completition_cost": 1000.0, "overshoot_cost": 155.28656178131425, "power_cost": 33.98195985107422, "noise_cost": 76.54663353244312, "n_waypoints_completed": 0, "tot_waypoints": 9}}
{"target": -1298.7809979151355, "params": {"k_pid_pos": [1.987386703491211, 0.9926043748855591, 0.0085715651512146], "k_pid_alt": [1.8327832221984863, 0.8418245911598206, 0.1261894404888153], "k_pid_att": [100.0, 0.41423219442367554, 0.9768370389938354], "k_pid_yaw": [0.5, 1e-06, 0.1], "k_pid_hsp": [9.999999046325684, 0.7187235951423645, 0.026313185691833496], "k_pid_vsp": [399.97296142578125, 6.325210094451904, 0.036896273493766785]}, "datetime": {"datetime": "2025-08-11 23:34:32", "elapsed": 25751.38677763939, "delta": 30.85252547264099}, "costs": {"total_cost": 1298.7809979151355, "time_cost": 150, "final_distance_cost": 59.57577320858941, "oscillation_cost": 95.31172758568765, "completition_cost": 888.8888888888888, "overshoot_cost": 41.413956768352875, "power_cost": 29.67995233154297, "noise_cost": 33.91069913207359, "n_waypoints_completed": 1, "tot_waypoints": 9}}
{"target": -1543.0106633814669, "params": {"k_pid_pos": [1.8843653202056885, 0.9275820255279541, 0.02303600311279297], "k_pid_alt": [1.9085756540298462, 0.8275007009506226, 0.005489259958267212], "k_pid_att": [100.0, 3.298569440841675, 0.847236692905426], "k_pid_yaw": [0.5, 1e-06, 0.1], "k_pid_hsp": [10.0, 0.961207389831543, 0.013763725757598877], "k_pid_vsp": [7.6011061668396, 16.642440795898438, 386.5257263183594]}, "datetime": {"datetime": "2025-08-11 23:35:02", "elapsed": 25782.0212726593, "delta": 30.63449501991272}, "costs": {"total_cost": 1543.0106633814669, "time_cost": 150, "final_distance_cost": 12.042303220156553, "oscillation_cost": 60.46075797986139, "completition_cost": 1000.0, "overshoot_cost": 165.16207235423826, "power_cost": 31.084382385253907, "noise_cost": 124.26114744195665, "n_waypoints_completed": 0, "tot_waypoints": 9}}
{"target": -1557.7549735037312, "params": {"k_pid_pos": [1.7411607503890991, 0.9887851476669312, 0.0030208826065063477], "k_pid_alt": [1.7836425304412842, 0.9443824887275696, 0.02166876196861267], "k_pid_att": [100.0, 3.111820697784424, 0.9763046503067017], "k_pid_yaw": [0.5, 1e-06, 0.1], "k_pid_hsp": [9.927607536315918, 0.9870457649230957, 0.018078267574310303], "k_pid_vsp": [0.0014066696166992188, 13.92879581451416, 0.00013213021156843752]}, "datetime": {"datetime": "2025-08-11 23:35:33", "elapsed": 25812.425803661346, "delta": 30.404531002044678}, "costs": {"total_cost": 1557.7549735037312, "time_cost": 150, "final_distance_cost": 8.985716753419663, "oscillation_cost": 56.22993029548706, "completition_cost": 1000.0, "overshoot_cost": 166.26444710964304, "power_cost": 23.940893432617187, "noise_cost": 152.33398591256426, "n_waypoints_completed": 0, "tot_waypoints": 9}}
{"target": -1539.648948469165, "params": {"k_pid_pos": [1.9843093156814575, 0.995061993598938, 0.13745510578155518], "k_pid_alt": [1.9467682838439941, 0.8506561517715454, 0.02050533890724182], "k_pid_att": [100.0, 2.6523497104644775, 0.9538612365722656], "k_pid_yaw": [0.5, 1e-06, 0.1], "k_pid_hsp": [10.0, 0.9804702997207642, 0.006939679384231567], "k_pid_vsp": [0.01857280731201172, 50.24456787109375, 146.65255737304688]}, "datetime": {"datetime": "2025-08-11 23:36:03", "elapsed": 25842.98348712921, "delta": 30.55768346786499}, "costs": {"total_cost": 1539.648948469165, "time_cost": 150, "final_distance_cost": 12.085839907791874, "oscillation_cost": 53.72030499234949, "completition_cost": 1000.0, "overshoot_cost": 165.2916959434998, "power_cost": 31.612857348632815, "noise_cost": 126.93825027689073, "n_waypoints_completed": 0, "tot_waypoints": 9}}
{"target": -1592.3053752980634, "params": {"k_pid_pos": [1.9323451519012451, 0.9901975393295288, 0.025857150554656982], "k_pid_alt": [1.8691151142120361, 0.9078740477561951, 0.06211167573928833], "k_pid_att": [100.0, 0.47308313846588135, 0.9768983125686646], "k_pid_yaw": [0.5, 1e-06, 0.1], "k_pid_hsp": [10.0, 0.9907016754150391, 0.13089048862457275], "k_pid_vsp": [0.000858306884765625, 9.408987998962402, 393.29449462890625]}, "datetime": {"datetime": "2025-08-11 23:36:34", "elapsed": 25873.71331167221, "delta": 30.729824542999268}, "costs": {"total_cost": 1592.3053752980634, "time_cost": 150, "final_distance_cost": 13.92929067678795, "oscillation_cost": 90.82912273927684, "completition_cost": 1000.0, "overshoot_cost": 166.0067803245869, "power_cost": 31.8102634765625, "noise_cost": 139.72991808084907, "n_waypoints_completed": 0, "tot_waypoints": 9}}
{"target": -1581.804004101423, "params": {"k_pid_pos": [1.8783105611801147, 0.7149366140365601, 0.12102609872817993], "k_pid_alt": [1.658428430557251, 0.9829015135765076, 0.026240825653076172], "k_pid_att": [99.99980926513672, 4.595673561096191, 0.9558237195014954], "k_pid_yaw": [0.5, 1e-06, 0.1], "k_pid_hsp": [2.142836332321167, 0.9500094652175903, 0.12805742025375366], "k_pid_vsp": [2.599358558654785, 4.452551364898682, 391.466064453125]}, "datetime": {"datetime": "2025-08-11 23:37:05", "elapsed": 25905.105790138245, "delta": 31.392478466033936}, "costs": {"total_cost": 1581.804004101423, "time_cost": 150, "final_distance_cost": 7.601809203277107, "oscillation_cost": 85.89618055481763, "completition_cost": 1000.0, "overshoot_cost": 165.2945694472408, "power_cost": 26.37077899169922, "noise_cost": 146.64066590438844, "n_waypoints_completed": 0, "tot_waypoints": 9}}
{"target": -1572.151140709764, "params": {"k_pid_pos": [1.9508097171783447, 0.9698363542556763, 0.03525340557098389], "k_pid_alt": [1.961977481842041, 0.9690927267074585, 0.053093671798706055], "k_pid_att": [100.0, 3.784862756729126, 0.9753597378730774], "k_pid_yaw": [0.5, 1e-06, 0.1], "k_pid_hsp": [10.0, 0.9750560522079468, 0.052215635776519775], "k_pid_vsp": [0.00057220458984375, 60.5703125, 399.9985046386719]}, "datetime": {"datetime": "2025-08-11 23:37:41", "elapsed": 25940.85075521469, "delta": 35.74496507644653}, "costs": {"total_cost": 1572.151140709764, "time_cost": 150, "final_distance_cost": 2.5218539389009735, "oscillation_cost": 87.47818595952259, "completition_cost": 1000.0, "overshoot_cost": 166.06328825010584, "power_cost": 34.32398565673828, "noise_cost": 131.76382690449623, "n_waypoints_completed": 0, "tot_waypoints": 9}}
{"target": -1577.0459530549936, "params": {"k_pid_pos": [1.9620195627212524, 0.9039023518562317, 0.010211080312728882], "k_pid_alt": [1.9465734958648682, 0.9796842336654663, 0.07414031028747559], "k_pid_att": [100.0, 1.1747620105743408, 0.9853358864784241], "k_pid_yaw": [0.5, 1e-06, 0.1], "k_pid_hsp": [10.0, 0.8483664393424988, 0.14258962869644165], "k_pid_vsp": [0.0, 3.441704273223877, 399.5513916015625]}, "datetime": {"datetime": "2025-08-11 23:38:13", "elapsed": 25972.67868423462, "delta": 31.82792901992798}, "costs": {"total_cost": 1577.0459530549936, "time_cost": 150, "final_distance_cost": 11.937326279544376, "oscillation_cost": 86.00970487476994, "completition_cost": 1000.0, "overshoot_cost": 166.02070656939264, "power_cost": 26.245436328125002, "noise_cost": 136.83277900316165, "n_waypoints_completed": 0, "tot_waypoints": 9}}
{"target": -1523.4569734885781, "params": {"k_pid_pos": [1.897455096244812, 0.9881628751754761, 0.020389437675476074], "k_pid_alt": [1.6693840026855469, 0.881227970123291, 0.07664632797241211], "k_pid_att": [100.0, 1.1073479652404785, 0.9362841844558716], "k_pid_yaw": [0.5, 1e-06, 0.1], "k_pid_hsp": [9.999893188476562, 0.9694654941558838, 0.005350232124328613], "k_pid_vsp": [399.99993896484375, 0.6470213532447815, 399.9998474121094]}, "datetime": {"datetime": "2025-08-11 23:38:43", "elapsed": 26003.362549066544, "delta": 30.68386483192444}, "costs": {"total_cost": 1523.4569734885781, "time_cost": 150, "final_distance_cost": 6.927072663838622, "oscillation_cost": 55.5288842661822, "completition_cost": 1000.0, "overshoot_cost": 164.24063302304342, "power_cost": 31.991509216308597, "noise_cost": 114.76887431920552, "n_waypoints_completed": 0, "tot_waypoints": 9}}
{"target": -1273.712354470591, "params": {"k_pid_pos": [1.7588204145431519, 0.9642643928527832, 0.06224378943443298], "k_pid_alt": [1.962057113647461, 0.9506796598434448, 0.027766019105911255], "k_pid_att": [99.99996948242188, 1.1303212642669678, 0.9693173170089722], "k_pid_yaw": [0.5, 1e-06, 0.1], "k_pid_hsp": [9.999977111816406, 0.9484668970108032, 0.09742093086242676], "k_pid_vsp": [400.0, 24.40388298034668, 399.4822998046875]}, "datetime": {"datetime": "2025-08-11 23:39:15", "elapsed": 26034.59846162796, "delta": 31.235912561416626}, "costs": {"total_cost": 1273.712354470591, "time_cost": 150, "final_distance_cost": 92.98096635324595, "oscillation_cost": 112.34518772295587, "completition_cost": 777.7777777777778, "overshoot_cost": 72.98472777309183, "power_cost": 36.10103098144531, "noise_cost": 31.522663862074058, "n_waypoints_completed": 2, "tot_waypoints": 9}}
{"target": -1556.1969738299015, "params": {"k_pid_pos": [1.6416949033737183, 0.8483771085739136, 0.031796276569366455], "k_pid_alt": [1.9328504800796509, 0.896202564239502, 0.010454893112182617], "k_pid_att": [100.0, 3.257134199142456, 0.9730822443962097], "k_pid_yaw": [0.5, 1e-06, 0.1], "k_pid_hsp": [9.890732765197754, 0.8843530416488647, 0.04800933599472046], "k_pid_vsp": [0.03476142883300781, 6.8956146240234375, 9.999999974752427e-07]}, "datetime": {"datetime": "2025-08-11 23:39:46", "elapsed": 26065.579726934433, "delta": 30.98126530647278}, "costs": {"total_cost": 1556.1969738299015, "time_cost": 150, "final_distance_cost": 3.819644916524961, "oscillation_cost": 71.35806087693584, "completition_cost": 1000.0, "overshoot_cost": 165.65954300960396, "power_cost": 19.973253930664065, "noise_cost": 145.3864710961727, "n_waypoints_completed": 0, "tot_waypoints": 9}}
{"target": -1548.836572730011, "params": {"k_pid_pos": [1.9803898334503174, 0.9404143691062927, 0.07738539576530457], "k_pid_alt": [1.9877216815948486, 0.8949761986732483, 0.006921947002410889], "k_pid_att": [100.0, 0.41459786891937256, 0.9711078405380249], "k_pid_yaw": [0.5, 1e-06, 0.1], "k_pid_hsp": [10.0, 0.8384124040603638, 0.026837646961212158], "k_pid_vsp": [0.019991397857666016, 9.114922523498535, 378.56622314453125]}, "datetime": {"datetime": "2025-08-11 23:40:17", "elapsed": 26096.80601286888, "delta": 31.226285934448242}, "costs": {"total_cost": 1548.836572730011, "time_cost": 150, "final_distance_cost": 9.405039949543543, "oscillation_cost": 63.05374053254222, "completition_cost": 1000.0, "overshoot_cost": 164.3229048815131, "power_cost": 27.20052967529297, "noise_cost": 134.8543576911194, "n_waypoints_completed": 0, "tot_waypoints": 9}}
{"target": -1544.4374596064076, "params": {"k_pid_pos": [1.9584476947784424, 0.9871851205825806, 0.10858643054962158], "k_pid_alt": [1.8198485374450684, 0.8061505556106567, 0.00928795337677002], "k_pid_att": [100.0, 5.118945121765137, 0.9141774773597717], "k_pid_yaw": [0.5, 1e-06, 0.1], "k_pid_hsp": [2.648169755935669, 0.9043866395950317, 0.03852623701095581], "k_pid_vsp": [0.0, 66.67909240722656, 399.9997253417969]}, "datetime": {"datetime": "2025-08-11 23:40:47", "elapsed": 26126.60260438919, "delta": 29.79659152030945}, "costs": {"total_cost": 1544.4374596064076, "time_cost": 150, "final_distance_cost": 3.3870566916990708, "oscillation_cost": 67.19290788345548, "completition_cost": 1000.0, "overshoot_cost": 167.67133002328913, "power_cost": 31.328291247558596, "noise_cost": 124.85787376040545, "n_waypoints_completed": 0, "tot_waypoints": 9}}
{"target": -735.0833385888197, "params": {"k_pid_pos": [1.8943085670471191, 0.8799450397491455, 0.1394231617450714], "k_pid_alt": [1.2827773094177246, 0.9917604923248291, 0.035904884338378906], "k_pid_att": [100.0, 0.219924196600914, 0.8584342002868652], "k_pid_yaw": [0.5, 1e-06, 0.1], "k_pid_hsp": [10.0, 0.9948052167892456, 0.04562336206436157], "k_pid_vsp": [399.7566223144531, 5.99805212020874, 0.00014405114052351564]}, "datetime": {"datetime": "2025-08-11 23:41:18", "elapsed": 26157.573827266693, "delta": 30.97122287750244}, "costs": {"total_cost": 735.0833385888197, "time_cost": 150, "final_distance_cost": 71.27636883485874, "oscillation_cost": 167.33814734786216, "completition_cost": 222.2222222222222, "overshoot_cost": 58.557547929919394, "power_cost": 31.584055053710937, "noise_cost": 34.10499720024629, "n_waypoints_completed": 7, "tot_waypoints": 9}}
{"target": -1557.8138016008738, "params": {"k_pid_pos": [1.9594535827636719, 0.9751294255256653, 0.013438016176223755], "k_pid_alt": [1.7822520732879639, 0.9702683687210083, 0.003190845251083374], "k_pid_att": [100.0, 1.4507778882980347, 0.9719175100326538], "k_pid_yaw": [0.5, 1e-06, 0.1], "k_pid_hsp": [0.0011016459902748466, 0.9780559539794922, 0.02489587664604187], "k_pid_vsp": [321.9568786621094, 40.18914794921875, 400.0]}, "datetime": {"datetime": "2025-08-11 23:41:48", "elapsed": 26188.350172042847, "delta": 30.776344776153564}, "costs": {"total_cost": 1557.8138016008738, "time_cost": 150, "final_distance_cost": 22.576823483355867, "oscillation_cost": 59.05839340791651, "completition_cost": 1000.0, "overshoot_cost": 173.52715890590076, "power_cost": 30.184139270019532, "noise_cost": 122.46728653368109, "n_waypoints_completed": 0, "tot_waypoints": 9}}
{"target": -1343.4866586569435, "params": {"k_pid_pos": [1.9753823280334473, 0.9333234429359436, 0.029080331325531006], "k_pid_alt": [1.775992512702942, 0.9204471111297607, 0.037565916776657104], "k_pid_att": [100.0, 0.6021110415458679, 0.9687124490737915], "k_pid_yaw": [0.5, 1e-06, 0.1], "k_pid_hsp": [10.0, 0.9841486811637878, 0.06290239095687866], "k_pid_vsp": [399.0117492675781, 38.81033706665039, 399.87066650390625]}, "datetime": {"datetime": "2025-08-11 23:42:20", "elapsed": 26219.396261692047, "delta": 31.04608964920044}, "costs": {"total_cost": 1343.4866586569435, "time_cost": 150, "final_distance_cost": 72.9782964893972, "oscillation_cost": 97.80136812442217, "completition_cost": 888.8888888888888, "overshoot_cost": 67.12950342566324, "power_cost": 35.5359814453125, "noise_cost": 31.15262028325966, "n_waypoints_completed": 1, "tot_waypoints": 9}}
