{"target": -1501.9033183094741, "params": {"k_pid_pos": [1.9925425052642822, 0.7732732892036438, 0.17369800806045532], "k_pid_alt": [1.7052496671676636, 0.8675020933151245, 0.011995315551757812], "k_pid_att": [99.9995346069336, 7.7337470054626465, 0.9645217061042786], "k_pid_yaw": [0.5, 1e-06, 0.1], "k_pid_hsp": [10.0, 0.996794581413269, 0.10348385572433472], "k_pid_vsp": [0.00030994415283203125, 16.2209415435791, 396.31982421875]}, "datetime": {"datetime": "2025-08-11 20:31:01", "elapsed": 14741.309571743011, "delta": 30.184470891952515}, "costs": {"total_cost": 1501.9033183094741, "time_cost": 150, "final_distance_cost": 123.3665279781482, "oscillation_cost": 266.2569912462107, "completition_cost": 666.6666666666667, "overshoot_cost": 180.11138217386397, "power_cost": 35.8778427734375, "noise_cost": 79.62390747114674, "n_waypoints_completed": 3, "tot_waypoints": 9}}
{"target": -680.3735608143468, "params": {"k_pid_pos": [1.973205804824829, 0.9758801460266113, 0.48867741227149963], "k_pid_alt": [1.640043020248413, 0.8718492388725281, 0.14497679471969604], "k_pid_att": [100.0, 0.7868150472640991, 0.995323657989502], "k_pid_yaw": [0.5, 1e-06, 0.1], "k_pid_hsp": [0.11649985611438751, 0.9898053407669067, 0.04579785466194153], "k_pid_vsp": [100.67011260986328, 9.97780704498291, 0.06046395003795624]}, "datetime": {"datetime": "2025-08-11 20:31:33", "elapsed": 14772.642932891846, "delta": 31.33336114883423}, "costs": {"total_cost": 680.3735608143468, "time_cost": 150, "final_distance_cost": 71.78183997725364, "oscillation_cost": 95.55993640492662, "completition_cost": 222.2222222222222, "overshoot_cost": 72.2090342557188, "power_cost": 32.87247965087891, "noise_cost": 35.72804830334668, "n_waypoints_completed": 7, "tot_waypoints": 9}}
{"target": -1191.9584443379517, "params": {"k_pid_pos": [1.8003730773925781, 0.9926450252532959, 0.4468690752983093], "k_pid_alt": [1.9221491813659668, 0.8506799936294556, 0.32660871744155884], "k_pid_att": [100.0, 0.5049260258674622, 0.910426139831543], "k_pid_yaw": [0.5, 1e-06, 0.1], "k_pid_hsp": [0.0029407290276139975, 0.874973714351654, 0.0946301817893982], "k_pid_vsp": [399.99993896484375, 21.63343620300293, 395.80377197265625]}, "datetime": {"datetime": "2025-08-11 20:32:03", "elapsed": 14802.796812057495, "delta": 30.153879165649414}, "costs": {"total_cost": 1191.9584443379517, "time_cost": 150, "final_distance_cost": 110.40486461516578, "oscillation_cost": 88.31656325441232, "completition_cost": 666.6666666666667, "overshoot_cost": 106.63538731182376, "power_cost": 37.079436364746094, "noise_cost": 32.855526125137295, "n_waypoints_completed": 3, "tot_waypoints": 9}}
{"target": -1567.884158343254, "params": {"k_pid_pos": [1.9420695304870605, 0.8508846163749695, 0.14773672819137573], "k_pid_alt": [1.5832805633544922, 0.7703424692153931, 0.21957999467849731], "k_pid_att": [100.0, 6.672618389129639, 0.9821518659591675], "k_pid_yaw": [0.5, 1e-06, 0.1], "k_pid_hsp": [10.0, 0.9756937026977539, 0.06201523542404175], "k_pid_vsp": [0.0, 7.930375099182129, 399.9986877441406]}, "datetime": {"datetime": "2025-08-11 20:32:33", "elapsed": 14833.065136671066, "delta": 30.268324613571167}, "costs": {"total_cost": 1567.884158343254, "time_cost": 150, "final_distance_cost": 5.346256525565892, "oscillation_cost": 83.07269820675273, "completition_cost": 1000.0, "overshoot_cost": 164.05758487272217, "power_cost": 31.223387658691408, "noise_cost": 134.18423107952216, "n_waypoints_completed": 0, "tot_waypoints": 9}}
{"target": -1541.7488188777986, "params": {"k_pid_pos": [1.968781590461731, 0.6922973990440369, 0.009626656770706177], "k_pid_alt": [1.8008754253387451, 0.9839071035385132, 0.028783440589904785], "k_pid_att": [100.0, 4.583471298217773, 0.825385570526123], "k_pid_yaw": [0.5, 1e-06, 0.1], "k_pid_hsp": [9.789066314697266, 0.9472218155860901, 0.0087776780128479], "k_pid_vsp": [328.97125244140625, 12.706709861755371, 400.0]}, "datetime": {"datetime": "2025-08-11 20:33:04", "elapsed": 14863.940439462662, "delta": 30.87530279159546}, "costs": {"total_cost": 1541.7488188777986, "time_cost": 150, "final_distance_cost": 6.5824941434391, "oscillation_cost": 63.2372474745546, "completition_cost": 1000.0, "overshoot_cost": 164.03630899976423, "power_cost": 31.47801717529297, "noise_cost": 126.41475108474758, "n_waypoints_completed": 0, "tot_waypoints": 9}}
{"target": -861.2901685293682, "params": {"k_pid_pos": [1.929185390472412, 0.8369846940040588, 0.07400268316268921], "k_pid_alt": [1.9946119785308838, 0.9365306496620178, 0.08264949917793274], "k_pid_att": [100.0, 7.376258850097656, 0.9821937084197998], "k_pid_yaw": [0.5, 1e-06, 0.1], "k_pid_hsp": [9.984501838684082, 0.7320997714996338, 0.0875849723815918], "k_pid_vsp": [376.4562072753906, 11.800433158874512, 195.45437622070312]}, "datetime": {"datetime": "2025-08-11 20:33:35", "elapsed": 14894.66302394867, "delta": 30.72258448600769}, "costs": {"total_cost": 861.2901685293682, "time_cost": 150, "final_distance_cost": 61.84836180106271, "oscillation_cost": 178.31438740309872, "completition_cost": 333.33333333333337, "overshoot_cost": 69.64710709345272, "power_cost": 36.971741235351566, "noise_cost": 31.175237663069034, "n_waypoints_completed": 6, "tot_waypoints": 9}}
{"target": -6134.026490498314, "params": {"k_pid_pos": [1.8784469366073608, 0.9790244102478027, 0.562864363193512], "k_pid_alt": [1.984297275543213, 0.9372946619987488, 0.0906074047088623], "k_pid_att": [100.0, 1.864108681678772, 0.9840859770774841], "k_pid_yaw": [0.5, 1e-06, 0.1], "k_pid_hsp": [10.0, 0.9881528615951538, 0.012362629175186157], "k_pid_vsp": [0.03809928894042969, 20.630910873413086, 400.0]}, "datetime": {"datetime": "2025-08-11 20:34:05", "elapsed": 14924.728695869446, "delta": 30.065671920776367}, "costs": {"total_cost": 6134.026490498314, "time_cost": 150, "final_distance_cost": 1858.2111040350253, "oscillation_cost": 80.11175499085694, "completition_cost": 888.8888888888888, "overshoot_cost": 3083.353597417416, "power_cost": 36.252944494628906, "noise_cost": 37.208200671499256, "n_waypoints_completed": 1, "tot_waypoints": 9}}
{"target": -1330.2095854991214, "params": {"k_pid_pos": [1.8235262632369995, 0.9486200213432312, 0.1862291395664215], "k_pid_alt": [1.4984369277954102, 0.9353166222572327, 0.000858306884765625], "k_pid_att": [100.0, 2.211287260055542, 0.8432475924491882], "k_pid_yaw": [0.5, 1e-06, 0.1], "k_pid_hsp": [0.3528921604156494, 0.9501432180404663, 0.04200500249862671], "k_pid_vsp": [397.3919677734375, 57.36763381958008, 399.99993896484375]}, "datetime": {"datetime": "2025-08-11 20:34:35", "elapsed": 14954.82225060463, "delta": 30.093554735183716}, "costs": {"total_cost": 1330.2095854991214, "time_cost": 150, "final_distance_cost": 60.11539176137357, "oscillation_cost": 71.14188229762544, "completition_cost": 888.8888888888888, "overshoot_cost": 89.12163911701131, "power_cost": 36.70853704833984, "noise_cost": 34.233246385882495, "n_waypoints_completed": 1, "tot_waypoints": 9}}
{"target": -1440.5899487592808, "params": {"k_pid_pos": [1.9377683401107788, 0.9822313189506531, 0.07909682393074036], "k_pid_alt": [1.8614763021469116, 0.6888234615325928, 0.0013772845268249512], "k_pid_att": [72.84413146972656, 2.3143510818481445, 0.9702104330062866], "k_pid_yaw": [0.5, 1e-06, 0.1], "k_pid_hsp": [10.0, 0.9572387933731079, 0.04359090328216553], "k_pid_vsp": [399.9997253417969, 24.665285110473633, 397.888671875]}, "datetime": {"datetime": "2025-08-11 20:35:05", "elapsed": 14984.489109277725, "delta": 29.666858673095703}, "costs": {"total_cost": 1440.5899487592808, "time_cost": 150, "final_distance_cost": 27.567497303340883, "oscillation_cost": 79.616749042696, "completition_cost": 1000.0, "overshoot_cost": 115.61659925721366, "power_cost": 36.155698889160156, "noise_cost": 31.63340426687001, "n_waypoints_completed": 0, "tot_waypoints": 9}}
{"target": -1559.8605299520343, "params": {"k_pid_pos": [1.619075059890747, 0.7658815383911133, 0.06343850493431091], "k_pid_alt": [1.8090708255767822, 0.829334020614624, 0.17957225441932678], "k_pid_att": [40.1844596862793, 7.190300941467285, 0.9095206260681152], "k_pid_yaw": [0.5, 1e-06, 0.1], "k_pid_hsp": [10.0, 0.9520348906517029, 0.07279059290885925], "k_pid_vsp": [0.0, 4.4241437911987305, 399.9999694824219]}, "datetime": {"datetime": "2025-08-11 20:35:36", "elapsed": 15015.388812303543, "delta": 30.89970302581787}, "costs": {"total_cost": 1559.8605299520343, "time_cost": 150, "final_distance_cost": 8.4559652616602, "oscillation_cost": 76.09633643735035, "completition_cost": 1000.0, "overshoot_cost": 164.29226249180232, "power_cost": 20.280793774414065, "noise_cost": 140.73517198680716, "n_waypoints_completed": 0, "tot_waypoints": 9}}
{"target": -1556.4822413556105, "params": {"k_pid_pos": [1.9549853801727295, 0.7414693236351013, 0.06367915868759155], "k_pid_alt": [1.8830139636993408, 0.6219108700752258, 0.14854341745376587], "k_pid_att": [100.0, 5.245983600616455, 0.9208871722221375], "k_pid_yaw": [0.5, 1e-06, 0.1], "k_pid_hsp": [10.0, 0.9821043610572815, 0.03824448585510254], "k_pid_vsp": [0.0, 18.938756942749023, 399.1706237792969]}, "datetime": {"datetime": "2025-08-11 20:36:07", "elapsed": 15046.436909675598, "delta": 31.048097372055054}, "costs": {"total_cost": 1556.4822413556105, "time_cost": 150, "final_distance_cost": 2.3554490841236673, "oscillation_cost": 78.65970215459178, "completition_cost": 1000.0, "overshoot_cost": 163.90920761785338, "power_cost": 33.624222705078125, "noise_cost": 127.93365979396337, "n_waypoints_completed": 0, "tot_waypoints": 9}}
{"target": -2208.704019202021, "params": {"k_pid_pos": [1.9109077453613281, 0.6860701441764832, 0.06596729159355164], "k_pid_alt": [1.9513492584228516, 0.6035833954811096, 0.12401440739631653], "k_pid_att": [70.56047821044922, 0.9332964420318604, 0.9866163730621338], "k_pid_yaw": [0.5, 1e-06, 0.1], "k_pid_hsp": [10.0, 0.9732451438903809, 0.06539583206176758], "k_pid_vsp": [0.0026345252990722656, 9.223546028137207, 399.9883117675781]}, "datetime": {"datetime": "2025-08-11 20:36:37", "elapsed": 15076.457337856293, "delta": 30.02042818069458}, "costs": {"total_cost": 2208.704019202021, "time_cost": 150, "final_distance_cost": 437.4882007262813, "oscillation_cost": 117.02641460866904, "completition_cost": 888.8888888888888, "overshoot_cost": 531.1301367213108, "power_cost": 35.037251281738286, "noise_cost": 49.13312697513229, "n_waypoints_completed": 1, "tot_waypoints": 9}}
{"target": -1218.6070193233543, "params": {"k_pid_pos": [1.6999605894088745, 0.9935830235481262, 0.045571327209472656], "k_pid_alt": [1.927605152130127, 0.9651260375976562, 0.016335517168045044], "k_pid_att": [100.0, 4.727720737457275, 0.9796950817108154], "k_pid_yaw": [0.5, 1e-06, 0.1], "k_pid_hsp": [9.999999747378752e-05, 0.97348552942276, 0.05876818299293518], "k_pid_vsp": [399.4519348144531, 27.324726104736328, 399.93829345703125]}, "datetime": {"datetime": "2025-08-11 20:37:06", "elapsed": 15105.987160205841, "delta": 29.52982234954834}, "costs": {"total_cost": 1218.6070193233543, "time_cost": 150, "final_distance_cost": 51.70594321105685, "oscillation_cost": 67.55027545537966, "completition_cost": 777.7777777777778, "overshoot_cost": 99.22596673406936, "power_cost": 37.51108013916016, "noise_cost": 34.83597600591043, "n_waypoints_completed": 2, "tot_waypoints": 9}}
{"target": -1584.8866855867932, "params": {"k_pid_pos": [1.9222859144210815, 0.9907867908477783, 0.09886711835861206], "k_pid_alt": [1.8908655643463135, 0.7562495470046997, 0.16521966457366943], "k_pid_att": [100.0, 8.760770797729492, 0.8041198253631592], "k_pid_yaw": [0.5, 1e-06, 0.1], "k_pid_hsp": [10.0, 0.9879468083381653, 0.0498616099357605], "k_pid_vsp": [0.00010728836059570312, 30.255807876586914, 400.0]}, "datetime": {"datetime": "2025-08-11 20:37:36", "elapsed": 15136.069610595703, "delta": 30.08245038986206}, "costs": {"total_cost": 1584.8866855867932, "time_cost": 150, "final_distance_cost": 13.103244226479859, "oscillation_cost": 89.00736108339854, "completition_cost": 1000.0, "overshoot_cost": 166.25511367269192, "power_cost": 34.26180762939453, "noise_cost": 132.25915897482838, "n_waypoints_completed": 0, "tot_waypoints": 9}}
{"target": -1590.6234318165823, "params": {"k_pid_pos": [1.9649919271469116, 0.9726366996765137, 0.15338066220283508], "k_pid_alt": [1.5948731899261475, 0.6489320397377014, 0.017970561981201172], "k_pid_att": [100.0, 7.157280445098877, 0.9939032196998596], "k_pid_yaw": [0.5, 1e-06, 0.1], "k_pid_hsp": [9.999320983886719, 0.9274788498878479, 0.09075921773910522], "k_pid_vsp": [35.763729095458984, 51.97858810424805, 399.999755859375]}, "datetime": {"datetime": "2025-08-11 20:38:06", "elapsed": 15166.211472272873, "delta": 30.1418616771698}, "costs": {"total_cost": 1590.6234318165823, "time_cost": 150, "final_distance_cost": 8.368004566005622, "oscillation_cost": 99.36743806423794, "completition_cost": 1000.0, "overshoot_cost": 165.81253822633923, "power_cost": 35.21982175292969, "noise_cost": 131.85562920706974, "n_waypoints_completed": 0, "tot_waypoints": 9}}
{"target": -1359.896421085709, "params": {"k_pid_pos": [1.9616619348526, 0.8466840982437134, 0.06866073608398438], "k_pid_alt": [1.8377739191055298, 0.9463420510292053, 0.047362685203552246], "k_pid_att": [99.99998474121094, 0.396798312664032, 0.9682515859603882], "k_pid_yaw": [0.5, 1e-06, 0.1], "k_pid_hsp": [9.999905586242676, 0.9958032369613647, 0.031662702560424805], "k_pid_vsp": [0.0023126602172851562, 71.27306365966797, 0.0015626417007297277]}, "datetime": {"datetime": "2025-08-11 20:38:36", "elapsed": 15196.292996883392, "delta": 30.08152461051941}, "costs": {"total_cost": 1359.896421085709, "time_cost": 150, "final_distance_cost": 72.54513454063049, "oscillation_cost": 140.27820002266773, "completition_cost": 888.8888888888888, "overshoot_cost": 44.03143652652523, "power_cost": 34.74764497070313, "noise_cost": 29.40511613629368, "n_waypoints_completed": 1, "tot_waypoints": 9}}
{"target": -464.6993627305631, "params": {"k_pid_pos": [1.8504425287246704, 0.6789113283157349, 0.1337016224861145], "k_pid_alt": [1.959248661994934, 0.953728437423706, 0.040054380893707275], "k_pid_att": [100.0, 2.070052146911621, 0.9379160404205322], "k_pid_yaw": [0.5, 1e-06, 0.1], "k_pid_hsp": [9.998807907104492, 0.9565454721450806, 0.1327381134033203], "k_pid_vsp": [395.7854309082031, 50.765655517578125, 9.999999974752427e-07]}, "datetime": {"datetime": "2025-08-11 20:39:01", "elapsed": 15220.626274108887, "delta": 24.333277225494385}, "costs": {"total_cost": 464.6993627305631, "time_cost": 97.902, "final_distance_cost": 1.73516340298312, "oscillation_cost": 252.44714548295772, "completition_cost": 0.0, "overshoot_cost": 57.47755423337363, "power_cost": 27.441401977539062, "noise_cost": 27.696097633709577, "n_waypoints_completed": 9, "tot_waypoints": 9}}
{"target": -789.8132132674526, "params": {"k_pid_pos": [1.9105441570281982, 0.7916094660758972, 0.021236419677734375], "k_pid_alt": [1.9947137832641602, 0.5008457899093628, 0.08474364876747131], "k_pid_att": [100.0, 7.028532981872559, 0.921588659286499], "k_pid_yaw": [0.5, 1e-06, 0.1], "k_pid_hsp": [9.999991416931152, 0.9494838118553162, 0.026472628116607666], "k_pid_vsp": [400.0, 2.0219812393188477, 237.73171997070312]}, "datetime": {"datetime": "2025-08-11 20:39:31", "elapsed": 15251.138736486435, "delta": 30.512462377548218}, "costs": {"total_cost": 789.8132132674526, "time_cost": 150, "final_distance_cost": 64.74463600075732, "oscillation_cost": 104.29515150409073, "completition_cost": 333.33333333333337, "overshoot_cost": 73.25935215394794, "power_cost": 34.474674707031255, "noise_cost": 29.706065568292072, "n_waypoints_completed": 6, "tot_waypoints": 9}}
{"target": -1587.6175982582536, "params": {"k_pid_pos": [1.9640153646469116, 0.9759345054626465, 0.007185757160186768], "k_pid_alt": [1.9149001836776733, 0.7055414915084839, 0.0376664400100708], "k_pid_att": [100.0, 1.4348973035812378, 0.9905602931976318], "k_pid_yaw": [0.5, 1e-06, 0.1], "k_pid_hsp": [10.0, 0.8551284074783325, 0.47058627009391785], "k_pid_vsp": [0.0, 2.2160301208496094, 400.0]}, "datetime": {"datetime": "2025-08-11 20:40:01", "elapsed": 15281.067180633545, "delta": 29.928444147109985}, "costs": {"total_cost": 1587.6175982582536, "time_cost": 150, "final_distance_cost": 13.529422047346065, "oscillation_cost": 97.60790555879831, "completition_cost": 1000.0, "overshoot_cost": 166.04135117296647, "power_cost": 29.389298168945313, "noise_cost": 131.04962131019744, "n_waypoints_completed": 0, "tot_waypoints": 9}}
{"target": -1595.8764701673276, "params": {"k_pid_pos": [1.9864623546600342, 0.9545469284057617, 0.13044708967208862], "k_pid_alt": [1.745928168296814, 0.9067245721817017, 0.20517981052398682], "k_pid_att": [100.0, 0.2251070737838745, 0.888698935508728], "k_pid_yaw": [0.5, 1e-06, 0.1], "k_pid_hsp": [9.99995231628418, 0.9481551647186279, 0.2595851421356201], "k_pid_vsp": [0.13098716735839844, 5.2992353439331055, 400.0]}, "datetime": {"datetime": "2025-08-11 20:40:31", "elapsed": 15310.877049207687, "delta": 29.809868574142456}, "costs": {"total_cost": 1595.8764701673276, "time_cost": 150, "final_distance_cost": 13.411202555585884, "oscillation_cost": 99.82432431680664, "completition_cost": 1000.0, "overshoot_cost": 165.78104172076178, "power_cost": 31.18279517822266, "noise_cost": 135.67710639595072, "n_waypoints_completed": 0, "tot_waypoints": 9}}
{"target": -1555.178894693841, "params": {"k_pid_pos": [1.9795676469802856, 0.9547775983810425, 0.03309953212738037], "k_pid_alt": [1.97940993309021, 0.9314136505126953, 0.07440072298049927], "k_pid_att": [100.0, 7.674340724945068, 0.8686605095863342], "k_pid_yaw": [0.5, 1e-06, 0.1], "k_pid_hsp": [9.999993324279785, 0.9864509105682373, 0.05464804172515869], "k_pid_vsp": [0.0028371810913085938, 2.1125802993774414, 0.024736927822232246]}, "datetime": {"datetime": "2025-08-11 20:41:01", "elapsed": 15341.190155267715, "delta": 30.313106060028076}, "costs": {"total_cost": 1555.178894693841, "time_cost": 150, "final_distance_cost": 15.732965768350526, "oscillation_cost": 66.65011262428428, "completition_cost": 1000.0, "overshoot_cost": 166.84682447233465, "power_cost": 16.03728355712891, "noise_cost": 139.91170827174244, "n_waypoints_completed": 0, "tot_waypoints": 9}}
{"target": -754.0740428477525, "params": {"k_pid_pos": [1.9266518354415894, 0.990836501121521, 0.038909465074539185], "k_pid_alt": [1.9723211526870728, 0.6420444846153259, 0.08743196725845337], "k_pid_att": [90.99320983886719, 0.2563062012195587, 0.624250590801239], "k_pid_yaw": [0.5, 1e-06, 0.1], "k_pid_hsp": [9.99376392364502, 0.9777193665504456, 0.008925586938858032], "k_pid_vsp": [399.97662353515625, 6.170559883117676, 9.999999974752427e-07]}, "datetime": {"datetime": "2025-08-11 20:41:32", "elapsed": 15372.216570138931, "delta": 31.02641487121582}, "costs": {"total_cost": 754.0740428477525, "time_cost": 150, "final_distance_cost": 61.825302033556966, "oscillation_cost": 191.35017714442688, "completition_cost": 222.2222222222222, "overshoot_cost": 64.4375373570801, "power_cost": 31.5171681640625, "noise_cost": 32.7216359264038, "n_waypoints_completed": 7, "tot_waypoints": 9}}
{"target": -4064.947029835786, "params": {"k_pid_pos": [1.5728135108947754, 0.9719870090484619, 0.011311382055282593], "k_pid_alt": [1.924330234527588, 0.5191155076026917, 0.055492937564849854], "k_pid_att": [0.00037848949432373047, 0.4661407470703125, 0.9439696073532104], "k_pid_yaw": [0.5, 1e-06, 0.1], "k_pid_hsp": [9.998804092407227, 0.9283409118652344, 0.048834383487701416], "k_pid_vsp": [0.0, 40.04087448120117, 399.9984130859375]}, "datetime": {"datetime": "2025-08-11 20:42:03", "elapsed": 15402.556318283081, "delta": 30.33974814414978}, "costs": {"total_cost": 4064.947029835786, "time_cost": 150, "final_distance_cost": 539.9042422775714, "oscillation_cost": 689.1488689294941, "completition_cost": 1000.0, "overshoot_cost": 1479.5918127201871, "power_cost": 45.72229235839844, "noise_cost": 160.57981355013453, "n_waypoints_completed": 0, "tot_waypoints": 9}}
{"target": -1543.530015536814, "params": {"k_pid_pos": [1.9045754671096802, 0.7593319416046143, 0.16451972723007202], "k_pid_alt": [1.9353127479553223, 0.9928271770477295, 0.023042142391204834], "k_pid_att": [100.0, 3.4094185829162598, 0.9588299989700317], "k_pid_yaw": [0.5, 1e-06, 0.1], "k_pid_hsp": [9.158699989318848, 0.9806326627731323, 0.01322588324546814], "k_pid_vsp": [2.384185791015625e-05, 16.598953247070312, 400.0]}, "datetime": {"datetime": "2025-08-11 20:42:33", "elapsed": 15432.682178497314, "delta": 30.1258602142334}, "costs": {"total_cost": 1543.530015536814, "time_cost": 150, "final_distance_cost": 1.0807991316327772, "oscillation_cost": 56.07989576684509, "completition_cost": 1000.0, "overshoot_cost": 163.94037579667696, "power_cost": 27.90582430419922, "noise_cost": 144.52312053745993, "n_waypoints_completed": 0, "tot_waypoints": 9}}
{"target": -1447.6867323957008, "params": {"k_pid_pos": [1.8204669952392578, 0.9925330281257629, 0.40882208943367004], "k_pid_alt": [1.866194725036621, 0.3603782653808594, 0.06449872255325317], "k_pid_att": [100.0, 8.672849655151367, 0.9380249977111816], "k_pid_yaw": [0.5, 1e-06, 0.1], "k_pid_hsp": [10.0, 0.9751865863800049, 0.048981934785842896], "k_pid_vsp": [0.0, 242.79112243652344, 2.4373302459716797]}, "datetime": {"datetime": "2025-08-11 20:43:04", "elapsed": 15463.812327861786, "delta": 31.130149364471436}, "costs": {"total_cost": 1447.6867323957008, "time_cost": 150, "final_distance_cost": 50.3831906346257, "oscillation_cost": 132.569492898572, "completition_cost": 1000.0, "overshoot_cost": 51.16789151148889, "power_cost": 36.25087099609375, "noise_cost": 27.315286354920563, "n_waypoints_completed": 0, "tot_waypoints": 9}}
