{"target": -1272.9068959668696, "params": {"k_pid_pos": [1.9583929777145386, 0.9934389591217041, 0.009568363428115845], "k_pid_alt": [1.963281512260437, 0.9976215362548828, 0.04992416501045227], "k_pid_att": [100.0, 0.26146313548088074, 0.9957639575004578], "k_pid_yaw": [0.5, 1e-06, 0.1], "k_pid_hsp": [9.995655059814453, 0.9920847415924072, 0.07185608148574829], "k_pid_vsp": [399.9998474121094, 27.906169891357422, 399.9999084472656]}, "datetime": {"datetime": "2025-08-12 08:00:03", "elapsed": 56082.48685884476, "delta": 29.78822612762451}, "costs": {"total_cost": 1272.9068959668696, "time_cost": 150, "final_distance_cost": 87.63384682436144, "oscillation_cost": 120.16708535207702, "completition_cost": 777.7777777777778, "overshoot_cost": 70.00590949572096, "power_cost": 35.92677393798828, "noise_cost": 31.395502578944168, "n_waypoints_completed": 2, "tot_waypoints": 9}}
{"target": -1511.7929845809367, "params": {"k_pid_pos": [1.9359601736068726, 0.9984848499298096, 0.048016637563705444], "k_pid_alt": [1.9809626340866089, 0.9953256845474243, 0.0042944252490997314], "k_pid_att": [100.0, 0.0432792603969574, 0.9707167148590088], "k_pid_yaw": [0.5, 1e-06, 0.1], "k_pid_hsp": [10.0, 0.8676766753196716, 0.022148102521896362], "k_pid_vsp": [399.94073486328125, 1.3195405006408691, 399.9991455078125]}, "datetime": {"datetime": "2025-08-12 08:00:34", "elapsed": 56113.52686047554, "delta": 31.04000163078308}, "costs": {"total_cost": 1511.7929845809367, "time_cost": 150, "final_distance_cost": 2.582597776710972, "oscillation_cost": 65.21517509894835, "completition_cost": 1000.0, "overshoot_cost": 161.21995988199006, "power_cost": 34.548550390625, "noise_cost": 98.22670143266231, "n_waypoints_completed": 0, "tot_waypoints": 9}}
{"target": -1563.469327154185, "params": {"k_pid_pos": [1.9363454580307007, 0.9897167682647705, 0.012589305639266968], "k_pid_alt": [1.9914562702178955, 0.8521446585655212, 0.015056133270263672], "k_pid_att": [100.0, 0.6108087301254272, 0.9797967672348022], "k_pid_yaw": [0.5, 1e-06, 0.1], "k_pid_hsp": [10.0, 0.9984182119369507, 0.03142446279525757], "k_pid_vsp": [6.506359577178955, 2.363229751586914, 399.998046875]}, "datetime": {"datetime": "2025-08-12 08:01:06", "elapsed": 56145.56592440605, "delta": 32.039063930511475}, "costs": {"total_cost": 1563.469327154185, "time_cost": 150, "final_distance_cost": 2.8849373655419477, "oscillation_cost": 77.65552985199307, "completition_cost": 1000.0, "overshoot_cost": 166.03849805929806, "power_cost": 33.01689508056641, "noise_cost": 133.8734667967855, "n_waypoints_completed": 0, "tot_waypoints": 9}}
{"target": -663.9423373694634, "params": {"k_pid_pos": [1.9540077447891235, 0.9926441311836243, 0.09894517064094543], "k_pid_alt": [1.9384102821350098, 0.7882710695266724, 0.012622535228729248], "k_pid_att": [100.0, 0.9295712113380432, 0.9985729455947876], "k_pid_yaw": [0.5, 1e-06, 0.1], "k_pid_hsp": [9.99989128112793, 0.9868557453155518, 0.010827362537384033], "k_pid_vsp": [35.024559020996094, 1.9510397911071777, 0.005365417804569006]}, "datetime": {"datetime": "2025-08-12 08:01:38", "elapsed": 56177.87784361839, "delta": 32.31191921234131}, "costs": {"total_cost": 663.9423373694634, "time_cost": 150, "final_distance_cost": 61.44532195915655, "oscillation_cost": 104.16755412995833, "completition_cost": 222.2222222222222, "overshoot_cost": 61.997452282853324, "power_cost": 29.658214086914064, "noise_cost": 34.45157268835883, "n_waypoints_completed": 7, "tot_waypoints": 9}}
{"target": -1326.6744686608265, "params": {"k_pid_pos": [1.973270297050476, 0.9823378920555115, 0.0068514347076416016], "k_pid_alt": [1.9649306535720825, 0.7572358846664429, 0.023965179920196533], "k_pid_att": [100.0, 0.038189373910427094, 0.9673430919647217], "k_pid_yaw": [0.5, 1e-06, 0.1], "k_pid_hsp": [9.999428749084473, 0.9771535992622375, 0.008330613374710083], "k_pid_vsp": [1.7666816711425781, 23.964370727539062, 1.0667452812194824]}, "datetime": {"datetime": "2025-08-12 08:02:12", "elapsed": 56211.509702920914, "delta": 33.63185930252075}, "costs": {"total_cost": 1326.6744686608265, "time_cost": 150, "final_distance_cost": 61.61366593606342, "oscillation_cost": 105.92234167229839, "completition_cost": 888.8888888888888, "overshoot_cost": 55.54846852167815, "power_cost": 30.489156018066407, "noise_cost": 34.211947623831186, "n_waypoints_completed": 1, "tot_waypoints": 9}}
{"target": -1521.8137041144087, "params": {"k_pid_pos": [1.9848523139953613, 0.9901251792907715, 0.02902659773826599], "k_pid_alt": [1.8933722972869873, 0.9835525155067444, 0.3337882161140442], "k_pid_att": [100.0, 1.3095216751098633, 0.969944953918457], "k_pid_yaw": [0.5, 1e-06, 0.1], "k_pid_hsp": [10.0, 0.9774578809738159, 0.021673589944839478], "k_pid_vsp": [400.0, 10.76564884185791, 399.8952331542969]}, "datetime": {"datetime": "2025-08-12 08:02:42", "elapsed": 56241.61823487282, "delta": 30.108531951904297}, "costs": {"total_cost": 1521.8137041144087, "time_cost": 150, "final_distance_cost": 11.913286834231995, "oscillation_cost": 65.00853553482523, "completition_cost": 1000.0, "overshoot_cost": 161.68336718934313, "power_cost": 33.34543997802734, "noise_cost": 99.86307457798087, "n_waypoints_completed": 0, "tot_waypoints": 9}}
{"target": -1516.517607995953, "params": {"k_pid_pos": [1.8696688413619995, 0.9629189372062683, 0.01774299144744873], "k_pid_alt": [1.9343602657318115, 0.9694063663482666, 0.06137573719024658], "k_pid_att": [99.43632507324219, 0.13311299681663513, 0.9852355122566223], "k_pid_yaw": [0.5, 1e-06, 0.1], "k_pid_hsp": [10.0, 0.9793088436126709, 0.013037711381912231], "k_pid_vsp": [400.0, 5.2844414710998535, 394.1957702636719]}, "datetime": {"datetime": "2025-08-12 08:03:16", "elapsed": 56275.42780518532, "delta": 33.8095703125}, "costs": {"total_cost": 1516.517607995953, "time_cost": 150, "final_distance_cost": 11.037760255324557, "oscillation_cost": 57.723895275278046, "completition_cost": 1000.0, "overshoot_cost": 161.95700721476027, "power_cost": 32.85102239990235, "noise_cost": 102.94792285068783, "n_waypoints_completed": 0, "tot_waypoints": 9}}
{"target": -1397.9729904146682, "params": {"k_pid_pos": [1.9108942747116089, 0.9794906377792358, 0.02597832679748535], "k_pid_alt": [1.9819413423538208, 0.9375921487808228, 0.007614850997924805], "k_pid_att": [100.0, 0.4845259189605713, 0.9475347399711609], "k_pid_yaw": [0.5, 1e-06, 0.1], "k_pid_hsp": [10.0, 0.9930061101913452, 0.02010554075241089], "k_pid_vsp": [0.0, 19.10120391845703, 9.999999974752427e-07]}, "datetime": {"datetime": "2025-08-12 08:03:47", "elapsed": 56307.29931974411, "delta": 31.871514558792114}, "costs": {"total_cost": 1397.9729904146682, "time_cost": 150, "final_distance_cost": 12.626374576234575, "oscillation_cost": 64.57206000444864, "completition_cost": 1000.0, "overshoot_cost": 93.57970322228937, "power_cost": 28.307352453613284, "noise_cost": 48.8875001580822, "n_waypoints_completed": 0, "tot_waypoints": 9}}
{"target": -791.0119378985924, "params": {"k_pid_pos": [1.8762316703796387, 0.9577726125717163, 0.028660058975219727], "k_pid_alt": [1.9379745721817017, 0.9978678226470947, 0.03162071108818054], "k_pid_att": [100.0, 0.25089624524116516, 0.9925582408905029], "k_pid_yaw": [0.5, 1e-06, 0.1], "k_pid_hsp": [9.976003646850586, 0.9930499792098999, 0.018127262592315674], "k_pid_vsp": [400.0, 9.843218803405762, 52.514015197753906]}, "datetime": {"datetime": "2025-08-12 08:04:19", "elapsed": 56338.851999759674, "delta": 31.552680015563965}, "costs": {"total_cost": 791.0119378985924, "time_cost": 150, "final_distance_cost": 72.42735158688937, "oscillation_cost": 102.91209176990677, "completition_cost": 333.33333333333337, "overshoot_cost": 65.74947067937525, "power_cost": 34.89484517822266, "noise_cost": 31.694845350864938, "n_waypoints_completed": 6, "tot_waypoints": 9}}
{"target": -1414.2936226986808, "params": {"k_pid_pos": [1.8635541200637817, 0.9806851148605347, 0.03070467710494995], "k_pid_alt": [1.8452684879302979, 0.9977750778198242, 0.030252844095230103], "k_pid_att": [100.0, 0.07338139414787292, 0.9924197196960449], "k_pid_yaw": [0.5, 1e-06, 0.1], "k_pid_hsp": [10.0, 0.9206925630569458, 0.04308956861495972], "k_pid_vsp": [400.0, 10.34598445892334, 399.99456787109375]}, "datetime": {"datetime": "2025-08-12 08:04:51", "elapsed": 56371.36064243317, "delta": 32.50864267349243}, "costs": {"total_cost": 1414.2936226986808, "time_cost": 150, "final_distance_cost": 45.54571594424435, "oscillation_cost": 84.07437012553011, "completition_cost": 1000.0, "overshoot_cost": 68.15485817343213, "power_cost": 34.94789685058594, "noise_cost": 31.570781604888225, "n_waypoints_completed": 0, "tot_waypoints": 9}}
{"target": -1317.8196309396692, "params": {"k_pid_pos": [1.9970345497131348, 0.9854476451873779, 0.05597156286239624], "k_pid_alt": [1.7987028360366821, 0.9732269048690796, 0.03199717402458191], "k_pid_att": [100.0, 0.8220380544662476, 0.9591064453125], "k_pid_yaw": [0.5, 1e-06, 0.1], "k_pid_hsp": [9.999198913574219, 0.993446409702301, 0.05108729004859924], "k_pid_vsp": [390.6195983886719, 1.1142024993896484, 133.46548461914062]}, "datetime": {"datetime": "2025-08-12 08:05:23", "elapsed": 56402.89185786247, "delta": 31.53121542930603}, "costs": {"total_cost": 1317.8196309396692, "time_cost": 150, "final_distance_cost": 68.18861127289063, "oscillation_cost": 100.99752669887606, "completition_cost": 888.8888888888888, "overshoot_cost": 43.924980139655126, "power_cost": 35.7071833984375, "noise_cost": 30.112440540920833, "n_waypoints_completed": 1, "tot_waypoints": 9}}
{"target": -1472.1887628739619, "params": {"k_pid_pos": [1.9433341026306152, 0.9798529148101807, 0.0038895606994628906], "k_pid_alt": [1.9725840091705322, 0.9733243584632874, 0.01606711745262146], "k_pid_att": [100.0, 0.06760158389806747, 0.8940428495407104], "k_pid_yaw": [0.5, 1e-06, 0.1], "k_pid_hsp": [10.0, 0.9739465713500977, 0.023037612438201904], "k_pid_vsp": [399.9989013671875, 2.4401912689208984, 391.554931640625]}, "datetime": {"datetime": "2025-08-12 08:05:55", "elapsed": 56434.38070178032, "delta": 31.48884391784668}, "costs": {"total_cost": 1472.1887628739619, "time_cost": 150, "final_distance_cost": 10.588422635830863, "oscillation_cost": 68.962237862362, "completition_cost": 1000.0, "overshoot_cost": 151.69090715492504, "power_cost": 34.309494921875, "noise_cost": 56.63770029896891, "n_waypoints_completed": 0, "tot_waypoints": 9}}
{"target": -1461.1406498969197, "params": {"k_pid_pos": [1.9593933820724487, 0.9773532748222351, 0.044442594051361084], "k_pid_alt": [1.976058006286621, 0.9746516942977905, 0.008363783359527588], "k_pid_att": [100.0, 0.26040101051330566, 0.9892028570175171], "k_pid_yaw": [0.5, 1e-06, 0.1], "k_pid_hsp": [1.2260867357254028, 0.9932718873023987, 0.032974451780319214], "k_pid_vsp": [399.9728088378906, 2.2210965156555176, 399.9989929199219]}, "datetime": {"datetime": "2025-08-12 08:06:28", "elapsed": 56467.62719321251, "delta": 33.24649143218994}, "costs": {"total_cost": 1461.1406498969197, "time_cost": 150, "final_distance_cost": 20.43993612771518, "oscillation_cost": 74.167912840148, "completition_cost": 1000.0, "overshoot_cost": 143.4446261851008, "power_cost": 35.311212915039064, "noise_cost": 37.77696182891671, "n_waypoints_completed": 0, "tot_waypoints": 9}}
{"target": -1540.0796364368578, "params": {"k_pid_pos": [1.9748579263687134, 0.8415937423706055, 0.00999179482460022], "k_pid_alt": [1.7728495597839355, 0.9766767621040344, 0.028188079595565796], "k_pid_att": [100.0, 0.4569956958293915, 0.9846243858337402], "k_pid_yaw": [0.5, 1e-06, 0.1], "k_pid_hsp": [10.0, 0.9759405851364136, 0.011775791645050049], "k_pid_vsp": [32.55323028564453, 3.8134822845458984, 392.7033386230469]}, "datetime": {"datetime": "2025-08-12 08:07:02", "elapsed": 56501.94537234306, "delta": 34.3181791305542}, "costs": {"total_cost": 1540.0796364368578, "time_cost": 150, "final_distance_cost": 11.398875692014379, "oscillation_cost": 56.53125816038981, "completition_cost": 1000.0, "overshoot_cost": 164.88746158587767, "power_cost": 31.930476074218753, "noise_cost": 125.33156492435702, "n_waypoints_completed": 0, "tot_waypoints": 9}}
{"target": -684.592702441949, "params": {"k_pid_pos": [1.973312497138977, 0.953272819519043, 0.02944245934486389], "k_pid_alt": [1.99661123752594, 0.9800864458084106, 0.007098734378814697], "k_pid_att": [100.0, 0.18561729788780212, 0.9953429698944092], "k_pid_yaw": [0.5, 1e-06, 0.1], "k_pid_hsp": [10.0, 0.9095025658607483, 0.020370393991470337], "k_pid_vsp": [399.70220947265625, 2.337301731109619, 9.77673625946045]}, "datetime": {"datetime": "2025-08-12 08:07:34", "elapsed": 56533.716153383255, "delta": 31.77078104019165}, "costs": {"total_cost": 684.592702441949, "time_cost": 150, "final_distance_cost": 73.80560846637002, "oscillation_cost": 106.43034626751285, "completition_cost": 222.2222222222222, "overshoot_cost": 67.57128049809353, "power_cost": 31.39115633544922, "noise_cost": 33.17208865230124, "n_waypoints_completed": 7, "tot_waypoints": 9}}
{"target": -1520.6155423103114, "params": {"k_pid_pos": [1.4904102087020874, 0.9826991558074951, 0.008767157793045044], "k_pid_alt": [1.9978139400482178, 0.9805244207382202, 0.024652719497680664], "k_pid_att": [99.6745376586914, 0.10282310843467712, 0.9957767128944397], "k_pid_yaw": [0.5, 1e-06, 0.1], "k_pid_hsp": [9.999999046325684, 0.9586647748947144, 0.003164738416671753], "k_pid_vsp": [0.005137920379638672, 3.9674887657165527, 0.02795557864010334]}, "datetime": {"datetime": "2025-08-12 08:08:05", "elapsed": 56565.10771870613, "delta": 31.391565322875977}, "costs": {"total_cost": 1520.6155423103114, "time_cost": 150, "final_distance_cost": 5.88258142234466, "oscillation_cost": 39.84060250567105, "completition_cost": 1000.0, "overshoot_cost": 166.79664683365613, "power_cost": 15.139411938476563, "noise_cost": 142.95629961016303, "n_waypoints_completed": 0, "tot_waypoints": 9}}
{"target": -1531.2781961951052, "params": {"k_pid_pos": [1.9223511219024658, 0.9921841621398926, 0.10397118330001831], "k_pid_alt": [1.9373090267181396, 0.9556373953819275, 0.02527719736099243], "k_pid_att": [100.0, 0.11931316554546356, 0.916395902633667], "k_pid_yaw": [0.5, 1e-06, 0.1], "k_pid_hsp": [9.999972343444824, 0.9348474144935608, 0.014782845973968506], "k_pid_vsp": [399.0937805175781, 3.965414524078369, 400.0]}, "datetime": {"datetime": "2025-08-12 08:08:36", "elapsed": 56595.517654657364, "delta": 30.40993595123291}, "costs": {"total_cost": 1531.2781961951052, "time_cost": 150, "final_distance_cost": 11.975669053737523, "oscillation_cost": 65.27418525173803, "completition_cost": 1000.0, "overshoot_cost": 162.42708693299187, "power_cost": 32.67392290039063, "noise_cost": 108.92733205624718, "n_waypoints_completed": 0, "tot_waypoints": 9}}
{"target": -1568.0203746791854, "params": {"k_pid_pos": [1.930503249168396, 0.9936462640762329, 0.03370586037635803], "k_pid_alt": [1.9289608001708984, 0.9760018587112427, 0.008433878421783447], "k_pid_att": [100.0, 1.4279600381851196, 0.994762659072876], "k_pid_yaw": [0.5, 1e-06, 0.1], "k_pid_hsp": [10.0, 0.978321373462677, 0.027825891971588135], "k_pid_vsp": [2.3481369018554688, 13.082409858703613, 399.8376159667969]}, "datetime": {"datetime": "2025-08-12 08:09:07", "elapsed": 56626.98262023926, "delta": 31.46496558189392}, "costs": {"total_cost": 1568.0203746791854, "time_cost": 150, "final_distance_cost": 9.214564065539223, "oscillation_cost": 78.13946086154087, "completition_cost": 1000.0, "overshoot_cost": 166.0255562133187, "power_cost": 33.721610400390624, "noise_cost": 130.91918313839622, "n_waypoints_completed": 0, "tot_waypoints": 9}}
{"target": -1043.9085648740597, "params": {"k_pid_pos": [1.9282430410385132, 0.9786937236785889, 0.08223754167556763], "k_pid_alt": [1.9313524961471558, 0.918765664100647, 0.008441835641860962], "k_pid_att": [100.0, 0.0665680542588234, 0.9852194786071777], "k_pid_yaw": [0.5, 1e-06, 0.1], "k_pid_hsp": [10.0, 0.9790058135986328, 0.02894759178161621], "k_pid_vsp": [396.3404541015625, 3.771627902984619, 0.0006924138870090246]}, "datetime": {"datetime": "2025-08-12 08:09:41", "elapsed": 56660.62512636185, "delta": 33.64250612258911}, "costs": {"total_cost": 1043.9085648740597, "time_cost": 150, "final_distance_cost": 44.9072912174856, "oscillation_cost": 166.82443610714182, "completition_cost": 555.5555555555555, "overshoot_cost": 61.45561321939859, "power_cost": 30.898676403808594, "noise_cost": 34.26699237066945, "n_waypoints_completed": 4, "tot_waypoints": 9}}
{"target": -1379.5851638558481, "params": {"k_pid_pos": [1.9582438468933105, 0.9285927414894104, 0.03564715385437012], "k_pid_alt": [1.68526029586792, 0.9673579931259155, 0.0013407468795776367], "k_pid_att": [100.0, 0.47799867391586304, 0.9418262839317322], "k_pid_yaw": [0.5, 1e-06, 0.1], "k_pid_hsp": [10.0, 0.9869178533554077, 0.02829688787460327], "k_pid_vsp": [0.010073184967041016, 27.03325843811035, 5.816186428070068]}, "datetime": {"datetime": "2025-08-12 08:10:12", "elapsed": 56691.409880399704, "delta": 30.784754037857056}, "costs": {"total_cost": 1379.5851638558481, "time_cost": 150, "final_distance_cost": 38.783289055049906, "oscillation_cost": 81.50507577889434, "completition_cost": 1000.0, "overshoot_cost": 44.12480531972024, "power_cost": 30.264404711914064, "noise_cost": 34.90758899026947, "n_waypoints_completed": 0, "tot_waypoints": 9}}
{"target": -383.4462432266335, "params": {"k_pid_pos": [1.9660648107528687, 0.9071187973022461, 0.012484699487686157], "k_pid_alt": [1.983126163482666, 0.9902187585830688, 0.0012013018131256104], "k_pid_att": [100.0, 0.23490120470523834, 0.936741828918457], "k_pid_yaw": [0.5, 1e-06, 0.1], "k_pid_hsp": [10.0, 0.952814519405365, 0.005040794610977173], "k_pid_vsp": [399.96380615234375, 3.5757431983947754, 9.999999974752427e-07]}, "datetime": {"datetime": "2025-08-12 08:10:41", "elapsed": 56720.93337917328, "delta": 29.52349877357483}, "costs": {"total_cost": 383.4462432266335, "time_cost": 111.846, "final_distance_cost": 1.7456730866648587, "oscillation_cost": 141.75505207680652, "completition_cost": 0.0, "overshoot_cost": 69.56127265043784, "power_cost": 28.003660998535157, "noise_cost": 30.534584414189126, "n_waypoints_completed": 9, "tot_waypoints": 9}}
{"target": -1318.3671214720182, "params": {"k_pid_pos": [1.965613842010498, 0.9872361421585083, 0.011946171522140503], "k_pid_alt": [1.9703772068023682, 0.9577345848083496, 0.01519775390625], "k_pid_att": [100.0, 0.23712772130966187, 0.996220588684082], "k_pid_yaw": [0.5, 1e-06, 0.1], "k_pid_hsp": [10.0, 0.9928417205810547, 0.052467018365859985], "k_pid_vsp": [399.9747619628906, 9.52249813079834, 0.04671911895275116]}, "datetime": {"datetime": "2025-08-12 08:11:14", "elapsed": 56753.91254854202, "delta": 32.9791693687439}, "costs": {"total_cost": 1318.3671214720182, "time_cost": 150, "final_distance_cost": 72.40596357012414, "oscillation_cost": 101.84799327572206, "completition_cost": 888.8888888888888, "overshoot_cost": 40.56019973084259, "power_cost": 30.84572459716797, "noise_cost": 33.81835140927264, "n_waypoints_completed": 1, "tot_waypoints": 9}}
{"target": -727.3371705700574, "params": {"k_pid_pos": [1.856048822402954, 0.938269317150116, 0.009841829538345337], "k_pid_alt": [1.9861829280853271, 0.9535356163978577, 0.00668489933013916], "k_pid_att": [100.0, 0.9635300040245056, 0.9691334962844849], "k_pid_yaw": [0.5, 1e-06, 0.1], "k_pid_hsp": [10.0, 0.9785637259483337, 0.01748684048652649], "k_pid_vsp": [400.0, 7.084346771240234, 9.999999974752427e-07]}, "datetime": {"datetime": "2025-08-12 08:11:46", "elapsed": 56785.56664919853, "delta": 31.6541006565094}, "costs": {"total_cost": 727.3371705700574, "time_cost": 150, "final_distance_cost": 72.27916219646399, "oscillation_cost": 150.36763726378007, "completition_cost": 222.2222222222222, "overshoot_cost": 67.39278617536988, "power_cost": 30.912110119628906, "noise_cost": 34.163252592592414, "n_waypoints_completed": 7, "tot_waypoints": 9}}
{"target": -1587.7944088845722, "params": {"k_pid_pos": [1.8890787363052368, 0.9909270405769348, 0.003925502300262451], "k_pid_alt": [1.9756101369857788, 0.9280796051025391, 0.016444772481918335], "k_pid_att": [100.0, 0.4798583388328552, 0.9906564950942993], "k_pid_yaw": [0.5, 1e-06, 0.1], "k_pid_hsp": [0.00048057184903882444, 0.8987807035446167, 0.009986728429794312], "k_pid_vsp": [126.24384307861328, 0.8580337166786194, 399.9981994628906]}, "datetime": {"datetime": "2025-08-12 08:12:16", "elapsed": 56816.07002425194, "delta": 30.50337505340576}, "costs": {"total_cost": 1587.7944088845722, "time_cost": 150, "final_distance_cost": 25.853808304147524, "oscillation_cost": 87.3037891024296, "completition_cost": 1000.0, "overshoot_cost": 174.31841625096914, "power_cost": 30.900349572753907, "noise_cost": 119.41804565427194, "n_waypoints_completed": 0, "tot_waypoints": 9}}
{"target": -1311.8459949660623, "params": {"k_pid_pos": [1.9446941614151, 0.9874842166900635, 0.06714895367622375], "k_pid_alt": [1.9808975458145142, 0.9808969497680664, 0.03935372829437256], "k_pid_att": [100.0, 0.4265115261077881, 0.9510987997055054], "k_pid_yaw": [0.5, 1e-06, 0.1], "k_pid_hsp": [10.0, 0.9787988662719727, 0.050210148096084595], "k_pid_vsp": [399.9205627441406, 18.625320434570312, 194.35421752929688]}, "datetime": {"datetime": "2025-08-12 08:13:00", "elapsed": 56859.8623278141, "delta": 43.79230356216431}, "costs": {"total_cost": 1311.8459949660623, "time_cost": 150, "final_distance_cost": 63.728929500116315, "oscillation_cost": 96.0480183562702, "completition_cost": 888.8888888888888, "overshoot_cost": 46.50448119301966, "power_cost": 36.19112843017578, "noise_cost": 30.484548597591665, "n_waypoints_completed": 1, "tot_waypoints": 9}}
