{"target": -1537.7872586216522, "params": {"k_pid_pos": [1.8253988027572632, 0.9762157797813416, 0.028556734323501587], "k_pid_alt": [1.987328290939331, 0.9920611381530762, 0.02847716212272644], "k_pid_att": [99.99999237060547, 0.7549435496330261, 0.9974642395973206], "k_pid_yaw": [0.5, 1e-06, 0.1], "k_pid_hsp": [10.0, 0.976880669593811, 0.028111159801483154], "k_pid_vsp": [0.0, 3.8070926666259766, 400.0]}, "datetime": {"datetime": "2025-08-12 04:28:40", "elapsed": 43400.07730650902, "delta": 29.772582292556763}, "costs": {"total_cost": 1537.7872586216522, "time_cost": 150, "final_distance_cost": 2.0221863188124223, "oscillation_cost": 62.133411543875916, "completition_cost": 1000.0, "overshoot_cost": 164.4017533638916, "power_cost": 26.235003344726564, "noise_cost": 132.9949040503457, "n_waypoints_completed": 0, "tot_waypoints": 9}}
{"target": -2585.5331760766717, "params": {"k_pid_pos": [1.9806349277496338, 0.6274693012237549, 0.041162967681884766], "k_pid_alt": [1.9792876243591309, 0.627038836479187, 0.06976908445358276], "k_pid_att": [99.99998474121094, 1.1873130798339844, 0.9880443811416626], "k_pid_yaw": [0.5, 1e-06, 0.1], "k_pid_hsp": [9.997421264648438, 0.9874807596206665, 0.03875291347503662], "k_pid_vsp": [0.6937980651855469, 16.217042922973633, 63.68129348754883]}, "datetime": {"datetime": "2025-08-12 04:29:11", "elapsed": 43430.82524585724, "delta": 30.747939348220825}, "costs": {"total_cost": 2585.5331760766717, "time_cost": 150, "final_distance_cost": 539.9813148971822, "oscillation_cost": 270.3507546998783, "completition_cost": 888.8888888888888, "overshoot_cost": 651.1171169556193, "power_cost": 34.55587629394532, "noise_cost": 50.63922434115802, "n_waypoints_completed": 1, "tot_waypoints": 9}}
{"target": -1545.9385586811497, "params": {"k_pid_pos": [1.9474674463272095, 0.9880410432815552, 0.03441977500915527], "k_pid_alt": [1.9380176067352295, 0.7706130146980286, 0.03095915913581848], "k_pid_att": [99.99738311767578, 0.16067956387996674, 0.9870717525482178], "k_pid_yaw": [0.5, 1e-06, 0.1], "k_pid_hsp": [10.0, 0.9755818247795105, 0.02610117197036743], "k_pid_vsp": [0.002491474151611328, 7.293356418609619, 400.0]}, "datetime": {"datetime": "2025-08-12 04:29:42", "elapsed": 43461.970494270325, "delta": 31.145248413085938}, "costs": {"total_cost": 1545.9385586811497, "time_cost": 150, "final_distance_cost": 9.413229739896323, "oscillation_cost": 64.03956721264369, "completition_cost": 1000.0, "overshoot_cost": 164.2570073234749, "power_cost": 27.755764990234375, "noise_cost": 130.47298941490052, "n_waypoints_completed": 0, "tot_waypoints": 9}}
{"target": -775.5282570601335, "params": {"k_pid_pos": [1.978519082069397, 0.9404846429824829, 0.04271650314331055], "k_pid_alt": [1.7812968492507935, 0.9366005659103394, 0.010095417499542236], "k_pid_att": [100.0, 0.34139662981033325, 0.9834867715835571], "k_pid_yaw": [0.5, 1e-06, 0.1], "k_pid_hsp": [10.0, 0.892737865447998, 0.012778162956237793], "k_pid_vsp": [397.643798828125, 45.09212875366211, 0.10694365203380585]}, "datetime": {"datetime": "2025-08-12 04:30:13", "elapsed": 43492.68498587608, "delta": 30.714491605758667}, "costs": {"total_cost": 775.5282570601335, "time_cost": 150, "final_distance_cost": 73.7780745973716, "oscillation_cost": 197.2230068641742, "completition_cost": 222.2222222222222, "overshoot_cost": 67.17563757201519, "power_cost": 30.940467846679688, "noise_cost": 34.188847957670696, "n_waypoints_completed": 7, "tot_waypoints": 9}}
{"target": -1322.6061376889534, "params": {"k_pid_pos": [1.9289473295211792, 0.9788699150085449, 0.038111716508865356], "k_pid_alt": [1.9557569026947021, 0.9950448274612427, 0.00189170241355896], "k_pid_att": [100.0, 2.5136353969573975, 0.9800794720649719], "k_pid_yaw": [0.5, 1e-06, 0.1], "k_pid_hsp": [10.0, 0.9396992921829224, 0.01596963405609131], "k_pid_vsp": [0.18417835235595703, 23.256912231445312, 0.002349423011764884]}, "datetime": {"datetime": "2025-08-12 04:30:44", "elapsed": 43523.50082683563, "delta": 30.81584095954895}, "costs": {"total_cost": 1322.6061376889534, "time_cost": 150, "final_distance_cost": 66.14876989098533, "oscillation_cost": 88.11887442551728, "completition_cost": 888.8888888888888, "overshoot_cost": 64.50983451654488, "power_cost": 29.919926501464847, "noise_cost": 35.019843465551936, "n_waypoints_completed": 1, "tot_waypoints": 9}}
{"target": -1305.0554267089792, "params": {"k_pid_pos": [1.9901490211486816, 0.9641950726509094, 0.005232453346252441], "k_pid_alt": [1.8252273797988892, 0.9854670763015747, 0.0012659430503845215], "k_pid_att": [100.0, 0.29767081141471863, 0.9947082996368408], "k_pid_yaw": [0.5, 1e-06, 0.1], "k_pid_hsp": [9.78393268585205, 0.9943785667419434, 0.03319966793060303], "k_pid_vsp": [399.99993896484375, 13.175881385803223, 0.00010828836093423888]}, "datetime": {"datetime": "2025-08-12 04:31:16", "elapsed": 43555.774748802185, "delta": 32.273921966552734}, "costs": {"total_cost": 1305.0554267089792, "time_cost": 150, "final_distance_cost": 59.50329227884614, "oscillation_cost": 99.98199310793471, "completition_cost": 888.8888888888888, "overshoot_cost": 42.68026709349693, "power_cost": 30.16099666748047, "noise_cost": 33.839988672332034, "n_waypoints_completed": 1, "tot_waypoints": 9}}
{"target": -1562.991905339035, "params": {"k_pid_pos": [1.9938241243362427, 0.9625471830368042, 0.020199060440063477], "k_pid_alt": [1.9649049043655396, 0.9552594423294067, 0.027827739715576172], "k_pid_att": [100.0, 1.6739401817321777, 0.9523328542709351], "k_pid_yaw": [0.5, 1e-06, 0.1], "k_pid_hsp": [10.0, 0.9928337931632996, 0.03125143051147461], "k_pid_vsp": [10.654711723327637, 5.88356351852417, 49.22221755981445]}, "datetime": {"datetime": "2025-08-12 04:31:47", "elapsed": 43586.3886244297, "delta": 30.6138756275177}, "costs": {"total_cost": 1562.991905339035, "time_cost": 150, "final_distance_cost": 12.784497615107156, "oscillation_cost": 74.57353662756191, "completition_cost": 1000.0, "overshoot_cost": 165.99283880829603, "power_cost": 32.767070556640626, "noise_cost": 126.87396173142919, "n_waypoints_completed": 0, "tot_waypoints": 9}}
{"target": -1538.9927465639626, "params": {"k_pid_pos": [1.94303297996521, 0.9634114503860474, 0.02646675705909729], "k_pid_alt": [1.9595065116882324, 0.9792165160179138, 0.0072252750396728516], "k_pid_att": [100.0, 0.54641193151474, 0.985499382019043], "k_pid_yaw": [0.5, 1e-06, 0.1], "k_pid_hsp": [9.99953556060791, 0.9914442896842957, 0.020599454641342163], "k_pid_vsp": [0.003159046173095703, 4.397166728973389, 390.5899963378906]}, "datetime": {"datetime": "2025-08-12 04:32:17", "elapsed": 43617.22310137749, "delta": 30.834476947784424}, "costs": {"total_cost": 1538.9927465639626, "time_cost": 150, "final_distance_cost": 9.019190040980636, "oscillation_cost": 58.19099938701295, "completition_cost": 1000.0, "overshoot_cost": 164.3143939948504, "power_cost": 23.477817407226564, "noise_cost": 133.99034573389196, "n_waypoints_completed": 0, "tot_waypoints": 9}}
{"target": -1527.8404422799647, "params": {"k_pid_pos": [1.9537490606307983, 0.9910517930984497, 0.011083871126174927], "k_pid_alt": [1.9864795207977295, 0.9973770976066589, 0.009635448455810547], "k_pid_att": [100.0, 1.044731616973877, 0.9367594718933105], "k_pid_yaw": [0.5, 1e-06, 0.1], "k_pid_hsp": [10.0, 0.9734310507774353, 0.0036027133464813232], "k_pid_vsp": [400.0, 3.2528886795043945, 399.9999694824219]}, "datetime": {"datetime": "2025-08-12 04:32:49", "elapsed": 43649.24843239784, "delta": 32.025331020355225}, "costs": {"total_cost": 1527.8404422799647, "time_cost": 150, "final_distance_cost": 14.842167413982997, "oscillation_cost": 51.45184060075339, "completition_cost": 1000.0, "overshoot_cost": 164.65298174022192, "power_cost": 31.452233813476564, "noise_cost": 115.44121871152961, "n_waypoints_completed": 0, "tot_waypoints": 9}}
{"target": -1588.4108906513143, "params": {"k_pid_pos": [1.967705488204956, 0.958318293094635, 0.005373239517211914], "k_pid_alt": [1.9833238124847412, 0.9443833231925964, 0.05769890546798706], "k_pid_att": [100.0, 0.0498899444937706, 0.9922448396682739], "k_pid_yaw": [0.5, 1e-06, 0.1], "k_pid_hsp": [10.0, 0.987903892993927, 0.08486929535865784], "k_pid_vsp": [3.970468044281006, 59.489227294921875, 386.6605529785156]}, "datetime": {"datetime": "2025-08-12 04:33:22", "elapsed": 43681.99529123306, "delta": 32.74685883522034}, "costs": {"total_cost": 1588.4108906513143, "time_cost": 150, "final_distance_cost": 11.664162266336838, "oscillation_cost": 96.5097808618799, "completition_cost": 1000.0, "overshoot_cost": 165.90805348340277, "power_cost": 35.50048785400391, "noise_cost": 128.8284061856909, "n_waypoints_completed": 0, "tot_waypoints": 9}}
{"target": -1526.0363342046671, "params": {"k_pid_pos": [1.986216425895691, 0.9961822032928467, 0.058748483657836914], "k_pid_alt": [1.9230772256851196, 0.9815325140953064, 0.02215290069580078], "k_pid_att": [99.99427032470703, 0.036588408052921295, 0.9891495704650879], "k_pid_yaw": [0.5, 1e-06, 0.1], "k_pid_hsp": [9.990846633911133, 0.9929674863815308, 0.004316121339797974], "k_pid_vsp": [0.0004172325134277344, 7.5644145011901855, 0.00046591623686254025]}, "datetime": {"datetime": "2025-08-12 04:33:54", "elapsed": 43713.813326597214, "delta": 31.818035364151}, "costs": {"total_cost": 1526.0363342046671, "time_cost": 150, "final_distance_cost": 2.9840801802273873, "oscillation_cost": 42.15236864683774, "completition_cost": 1000.0, "overshoot_cost": 166.2011898993375, "power_cost": 17.910845971679688, "noise_cost": 146.78784950658465, "n_waypoints_completed": 0, "tot_waypoints": 9}}
{"target": -1543.7216438208227, "params": {"k_pid_pos": [1.8833836317062378, 0.9684398174285889, 0.0412214994430542], "k_pid_alt": [1.976292371749878, 0.9344985485076904, 0.014154672622680664], "k_pid_att": [100.0, 5.521115303039551, 0.9283255338668823], "k_pid_yaw": [0.5, 1e-06, 0.1], "k_pid_hsp": [10.0, 0.9854002594947815, 0.015683263540267944], "k_pid_vsp": [0.007903575897216797, 1.2607226371765137, 4.7093400955200195]}, "datetime": {"datetime": "2025-08-12 04:34:25", "elapsed": 43745.3401825428, "delta": 31.526855945587158}, "costs": {"total_cost": 1543.7216438208227, "time_cost": 150, "final_distance_cost": 13.548828061011884, "oscillation_cost": 59.352129448771656, "completition_cost": 1000.0, "overshoot_cost": 166.7225878098124, "power_cost": 14.353175305175782, "noise_cost": 139.74492319605108, "n_waypoints_completed": 0, "tot_waypoints": 9}}
{"target": -1562.1984218167836, "params": {"k_pid_pos": [1.802975058555603, 0.9841621518135071, 0.02284446358680725], "k_pid_alt": [1.9794213771820068, 0.8703297972679138, 0.011569440364837646], "k_pid_att": [100.0, 0.1369294375181198, 0.9745573997497559], "k_pid_yaw": [0.5, 1e-06, 0.1], "k_pid_hsp": [10.0, 0.9735907316207886, 0.01647663116455078], "k_pid_vsp": [3.887951374053955, 4.943657875061035, 0.012780236080288887]}, "datetime": {"datetime": "2025-08-12 04:34:56", "elapsed": 43776.16300654411, "delta": 30.822824001312256}, "costs": {"total_cost": 1562.1984218167836, "time_cost": 150, "final_distance_cost": 13.680039932923856, "oscillation_cost": 56.33924751505677, "completition_cost": 1000.0, "overshoot_cost": 165.84605832296643, "power_cost": 24.636727014160158, "noise_cost": 151.6963490316765, "n_waypoints_completed": 0, "tot_waypoints": 9}}
{"target": -1414.587140233911, "params": {"k_pid_pos": [1.9477945566177368, 0.9963238835334778, 0.024866491556167603], "k_pid_alt": [1.9747600555419922, 0.9992928504943848, 0.03325393795967102], "k_pid_att": [99.99998474121094, 0.10728089511394501, 0.9611574411392212], "k_pid_yaw": [0.5, 1e-06, 0.1], "k_pid_hsp": [10.0, 0.9613336324691772, 0.042892634868621826], "k_pid_vsp": [399.9976501464844, 24.81764793395996, 399.99993896484375]}, "datetime": {"datetime": "2025-08-12 04:35:27", "elapsed": 43806.85328722, "delta": 30.69028067588806}, "costs": {"total_cost": 1414.587140233911, "time_cost": 150, "final_distance_cost": 46.51443891899199, "oscillation_cost": 84.8341215821943, "completition_cost": 1000.0, "overshoot_cost": 66.57248014850519, "power_cost": 35.2124306640625, "noise_cost": 31.453668920156726, "n_waypoints_completed": 0, "tot_waypoints": 9}}
{"target": -2860.278999050008, "params": {"k_pid_pos": [1.9262865781784058, 0.9666606187820435, 0.021749675273895264], "k_pid_alt": [1.9488717317581177, 0.9589300155639648, 0.018876373767852783], "k_pid_att": [0.0, 0.297158807516098, 0.9942871332168579], "k_pid_yaw": [0.5, 1e-06, 0.1], "k_pid_hsp": [10.0, 0.9935688972473145, 0.008036792278289795], "k_pid_vsp": [0.03656148910522461, 19.409372329711914, 0.005067394580692053]}, "datetime": {"datetime": "2025-08-12 04:35:59", "elapsed": 43839.23053026199, "delta": 32.37724304199219}, "costs": {"total_cost": 2860.278999050008, "time_cost": 150, "final_distance_cost": 205.07879002446094, "oscillation_cost": 475.81087839617834, "completition_cost": 1000.0, "overshoot_cost": 843.1623845847067, "power_cost": 27.93999508056641, "noise_cost": 158.28695096409595, "n_waypoints_completed": 0, "tot_waypoints": 9}}
{"target": -862.7332761842425, "params": {"k_pid_pos": [1.9965929985046387, 0.9738830327987671, 0.047359198331832886], "k_pid_alt": [1.717424750328064, 0.9552650451660156, 0.026766479015350342], "k_pid_att": [100.0, 0.15161825716495514, 0.9885902404785156], "k_pid_yaw": [0.5, 1e-06, 0.1], "k_pid_hsp": [10.0, 0.9873685836791992, 0.0027295053005218506], "k_pid_vsp": [398.9163818359375, 8.177996635437012, 9.999999974752427e-07]}, "datetime": {"datetime": "2025-08-12 04:36:31", "elapsed": 43871.30792212486, "delta": 32.07739186286926}, "costs": {"total_cost": 862.7332761842425, "time_cost": 150, "final_distance_cost": 73.21191683679449, "oscillation_cost": 181.7151637325869, "completition_cost": 333.33333333333337, "overshoot_cost": 59.19660860073721, "power_cost": 31.138103259277344, "noise_cost": 34.138150421513174, "n_waypoints_completed": 6, "tot_waypoints": 9}}
{"target": -1559.5042551017868, "params": {"k_pid_pos": [1.9884289503097534, 0.8798859119415283, 0.0162983238697052], "k_pid_alt": [1.9810386896133423, 0.9866166114807129, 0.049931228160858154], "k_pid_att": [100.0, 0.09212775528430939, 0.9881100654602051], "k_pid_yaw": [0.5, 1e-06, 0.1], "k_pid_hsp": [9.989696502685547, 0.9515111446380615, 0.04206722974777222], "k_pid_vsp": [1.9282102584838867, 7.666100025177002, 394.9315185546875]}, "datetime": {"datetime": "2025-08-12 04:37:03", "elapsed": 43902.88193321228, "delta": 31.574011087417603}, "costs": {"total_cost": 1559.5042551017868, "time_cost": 150, "final_distance_cost": 3.8988666498862923, "oscillation_cost": 73.67961597059806, "completition_cost": 1000.0, "overshoot_cost": 164.7874682846443, "power_cost": 30.782897314453127, "noise_cost": 136.3554068822049, "n_waypoints_completed": 0, "tot_waypoints": 9}}
{"target": -1366.9179659302367, "params": {"k_pid_pos": [1.9752675294876099, 0.9734452962875366, 0.009138345718383789], "k_pid_alt": [1.9812936782836914, 0.9649142026901245, 0.014078378677368164], "k_pid_att": [100.0, 1.039017915725708, 0.9839865565299988], "k_pid_yaw": [0.5, 1e-06, 0.1], "k_pid_hsp": [10.0, 0.9166966080665588, 0.06303650140762329], "k_pid_vsp": [362.4393615722656, 8.272421836853027, 375.59307861328125]}, "datetime": {"datetime": "2025-08-12 04:37:34", "elapsed": 43933.728189229965, "delta": 30.846256017684937}, "costs": {"total_cost": 1366.9179659302367, "time_cost": 150, "final_distance_cost": 74.1974350117403, "oscillation_cost": 110.63656911160776, "completition_cost": 888.8888888888888, "overshoot_cost": 74.67581451768702, "power_cost": 36.37840290527344, "noise_cost": 32.140855495039546, "n_waypoints_completed": 1, "tot_waypoints": 9}}
{"target": -1535.273610966462, "params": {"k_pid_pos": [1.961474061012268, 0.9743176102638245, 0.011495530605316162], "k_pid_alt": [1.942845106124878, 0.99767005443573, 0.017756998538970947], "k_pid_att": [100.0, 0.12920832633972168, 0.9793930649757385], "k_pid_yaw": [0.5, 1e-06, 0.1], "k_pid_hsp": [10.0, 0.930917501449585, 0.0035080313682556152], "k_pid_vsp": [0.9495854377746582, 8.786917686462402, 1.0568747520446777]}, "datetime": {"datetime": "2025-08-12 04:38:05", "elapsed": 43965.31291222572, "delta": 31.584722995758057}, "costs": {"total_cost": 1535.273610966462, "time_cost": 150, "final_distance_cost": 3.0644491821489015, "oscillation_cost": 44.96375070809417, "completition_cost": 1000.0, "overshoot_cost": 166.10360152956565, "power_cost": 20.976274255371095, "noise_cost": 150.16553529128214, "n_waypoints_completed": 0, "tot_waypoints": 9}}
{"target": -700.0482261568602, "params": {"k_pid_pos": [1.8525865077972412, 0.9120401740074158, 0.049620121717453], "k_pid_alt": [1.9598388671875, 0.9790139198303223, 0.0068253278732299805], "k_pid_att": [100.0, 1.206691861152649, 0.9447543025016785], "k_pid_yaw": [0.5, 1e-06, 0.1], "k_pid_hsp": [10.0, 0.8954252004623413, 0.07548335194587708], "k_pid_vsp": [400.0, 11.438752174377441, 3.676278720377013e-05]}, "datetime": {"datetime": "2025-08-12 04:38:37", "elapsed": 43996.49588346481, "delta": 31.182971239089966}, "costs": {"total_cost": 700.0482261568602, "time_cost": 150, "final_distance_cost": 64.25435683272889, "oscillation_cost": 130.14949181587428, "completition_cost": 222.2222222222222, "overshoot_cost": 66.68269271398877, "power_cost": 32.80249134521485, "noise_cost": 33.93697122683114, "n_waypoints_completed": 7, "tot_waypoints": 9}}
{"target": -1555.1136671119011, "params": {"k_pid_pos": [1.692780613899231, 0.9772518277168274, 0.05500653386116028], "k_pid_alt": [1.7016394138336182, 0.8958044052124023, 0.05633747577667236], "k_pid_att": [100.0, 1.098853588104248, 0.9576467871665955], "k_pid_yaw": [0.5, 1e-06, 0.1], "k_pid_hsp": [10.0, 0.9544335603713989, 0.03983315825462341], "k_pid_vsp": [0.00013113021850585938, 2.9544482231140137, 9.999999974752427e-07]}, "datetime": {"datetime": "2025-08-12 04:39:08", "elapsed": 44027.55830812454, "delta": 31.062424659729004}, "costs": {"total_cost": 1555.1136671119011, "time_cost": 150, "final_distance_cost": 15.181277147707457, "oscillation_cost": 65.93921232919912, "completition_cost": 1000.0, "overshoot_cost": 166.801153294846, "power_cost": 16.111956408691405, "noise_cost": 141.08006793145702, "n_waypoints_completed": 0, "tot_waypoints": 9}}
{"target": -1543.1071764251747, "params": {"k_pid_pos": [1.9842525720596313, 0.9040704965591431, 0.0036049485206604004], "k_pid_alt": [1.9935332536697388, 0.8780549764633179, 0.028459757566452026], "k_pid_att": [100.0, 0.5746633410453796, 0.9524754285812378], "k_pid_yaw": [0.5, 1e-06, 0.1], "k_pid_hsp": [10.0, 0.9638639092445374, 0.02994862198829651], "k_pid_vsp": [1.1920928955078125e-05, 2.1975765228271484, 393.806884765625]}, "datetime": {"datetime": "2025-08-12 04:39:39", "elapsed": 44058.944212436676, "delta": 31.38590431213379}, "costs": {"total_cost": 1543.1071764251747, "time_cost": 150, "final_distance_cost": 8.47988842519836, "oscillation_cost": 63.61509404472008, "completition_cost": 1000.0, "overshoot_cost": 163.97599881042848, "power_cost": 23.362031518554687, "noise_cost": 133.67416362627293, "n_waypoints_completed": 0, "tot_waypoints": 9}}
{"target": -565.4860881780476, "params": {"k_pid_pos": [1.8976353406906128, 0.9965493679046631, 0.03763696551322937], "k_pid_alt": [1.9562087059020996, 0.9544344544410706, 0.005465477705001831], "k_pid_att": [88.44363403320312, 1.8579965829849243, 0.9766069054603577], "k_pid_yaw": [0.5, 1e-06, 0.1], "k_pid_hsp": [10.0, 0.7645885944366455, 0.0018255412578582764], "k_pid_vsp": [394.05059814453125, 2.73952579498291, 9.999999974752427e-07]}, "datetime": {"datetime": "2025-08-12 04:40:11", "elapsed": 44090.854487895966, "delta": 31.91027545928955}, "costs": {"total_cost": 565.4860881780476, "time_cost": 150, "final_distance_cost": 38.899969666597244, "oscillation_cost": 132.9383878229904, "completition_cost": 111.11111111111116, "overshoot_cost": 69.9242467620587, "power_cost": 29.99876140136719, "noise_cost": 32.61361141392288, "n_waypoints_completed": 8, "tot_waypoints": 9}}
{"target": -842.5617894185232, "params": {"k_pid_pos": [1.971550464630127, 0.9055796265602112, 0.018610239028930664], "k_pid_alt": [1.9676399230957031, 0.9528014659881592, 0.010249227285385132], "k_pid_att": [100.0, 0.5317073464393616, 0.9191703796386719], "k_pid_yaw": [0.5, 1e-06, 0.1], "k_pid_hsp": [10.0, 0.9613426327705383, 0.02555304765701294], "k_pid_vsp": [400.0, 1.5607366561889648, 1.2920929293613881e-05]}, "datetime": {"datetime": "2025-08-12 04:40:42", "elapsed": 44122.09488224983, "delta": 31.240394353866577}, "costs": {"total_cost": 842.5617894185232, "time_cost": 150, "final_distance_cost": 68.20554939563333, "oscillation_cost": 160.99621352000807, "completition_cost": 333.33333333333337, "overshoot_cost": 64.41773970566385, "power_cost": 31.244364990234377, "noise_cost": 34.364588473650066, "n_waypoints_completed": 6, "tot_waypoints": 9}}
{"target": -1538.2502459731415, "params": {"k_pid_pos": [1.914617896080017, 0.9561442136764526, 0.02037009596824646], "k_pid_alt": [1.9546518325805664, 0.9725392460823059, 0.02370595932006836], "k_pid_att": [99.99777221679688, 1.653722882270813, 0.9700239896774292], "k_pid_yaw": [0.5, 1e-06, 0.1], "k_pid_hsp": [9.913711547851562, 0.9693500995635986, 0.021598368883132935], "k_pid_vsp": [0.00021457672119140625, 36.05609130859375, 60.06430435180664]}, "datetime": {"datetime": "2025-08-12 04:41:14", "elapsed": 44154.02557706833, "delta": 31.930694818496704}, "costs": {"total_cost": 1538.2502459731415, "time_cost": 150, "final_distance_cost": 5.393451896679819, "oscillation_cost": 63.91119738568675, "completition_cost": 1000.0, "overshoot_cost": 165.13029102303813, "power_cost": 32.65752052001953, "noise_cost": 121.15778514771746, "n_waypoints_completed": 0, "tot_waypoints": 9}}
