{"target": -690.5942067722814, "params": {"k_pid_pos": [1.9541220664978027, 0.9925762414932251, 0.005884826183319092], "k_pid_alt": [1.9884305000305176, 0.9958304166793823, 0.044253647327423096], "k_pid_att": [100.0, 0.19407333433628082, 0.9702785611152649], "k_pid_yaw": [0.5, 1e-06, 0.1], "k_pid_hsp": [9.999953269958496, 0.9828564524650574, 0.006779998540878296], "k_pid_vsp": [397.83502197265625, 1.4997849464416504, 0.00014405114052351564]}, "datetime": {"datetime": "2025-08-12 09:17:00", "elapsed": 60699.657086372375, "delta": 28.57780361175537}, "costs": {"total_cost": 690.5942067722814, "time_cost": 150, "final_distance_cost": 60.965091171084595, "oscillation_cost": 128.42669277117076, "completition_cost": 222.2222222222222, "overshoot_cost": 65.88683691446272, "power_cost": 30.302922338867187, "noise_cost": 32.79044135447388, "n_waypoints_completed": 7, "tot_waypoints": 9}}
{"target": -1106.545999554227, "params": {"k_pid_pos": [1.4185117483139038, 0.9394800662994385, 0.02452269196510315], "k_pid_alt": [1.9627420902252197, 0.9603016972541809, 0.00476488471031189], "k_pid_att": [100.0, 0.7133622765541077, 0.9718642234802246], "k_pid_yaw": [0.5, 1e-06, 0.1], "k_pid_hsp": [10.0, 0.9822466373443604, 0.08001533150672913], "k_pid_vsp": [0.01220703125, 33.58130645751953, 0.4002700448036194]}, "datetime": {"datetime": "2025-08-12 09:17:28", "elapsed": 60727.749232292175, "delta": 28.092145919799805}, "costs": {"total_cost": 1106.545999554227, "time_cost": 150, "final_distance_cost": 60.28504567965386, "oscillation_cost": 102.36799016292963, "completition_cost": 666.6666666666667, "overshoot_cost": 59.57436862327671, "power_cost": 33.335387451171876, "noise_cost": 34.316540970527875, "n_waypoints_completed": 3, "tot_waypoints": 9}}
{"target": -708.3463394535352, "params": {"k_pid_pos": [1.992056131362915, 0.9766952991485596, 0.006354659795761108], "k_pid_alt": [1.93874192237854, 0.988822340965271, 0.016343653202056885], "k_pid_att": [99.99999237060547, 0.18012598156929016, 0.9825433492660522], "k_pid_yaw": [0.5, 1e-06, 0.1], "k_pid_hsp": [10.0, 0.9554756879806519, 0.006240189075469971], "k_pid_vsp": [399.99993896484375, 0.2253303974866867, 0.019396351650357246]}, "datetime": {"datetime": "2025-08-12 09:17:59", "elapsed": 60758.67849564552, "delta": 30.92926335334778}, "costs": {"total_cost": 708.3463394535352, "time_cost": 150, "final_distance_cost": 59.94162817752406, "oscillation_cost": 146.35689173146696, "completition_cost": 222.2222222222222, "overshoot_cost": 66.54691528758514, "power_cost": 30.55094099121094, "noise_cost": 32.727741043525995, "n_waypoints_completed": 7, "tot_waypoints": 9}}
{"target": -1332.3169449164845, "params": {"k_pid_pos": [1.993975281715393, 0.9819850325584412, 0.006112158298492432], "k_pid_alt": [1.9011858701705933, 0.9749823808670044, 0.03514966368675232], "k_pid_att": [100.0, 0.5308478474617004, 0.9843957424163818], "k_pid_yaw": [0.5, 1e-06, 0.1], "k_pid_hsp": [10.0, 0.8601059913635254, 0.052646249532699585], "k_pid_vsp": [400.0, 2.153993606567383, 0.072635218501091]}, "datetime": {"datetime": "2025-08-12 09:18:27", "elapsed": 60786.73156762123, "delta": 28.053071975708008}, "costs": {"total_cost": 1332.3169449164845, "time_cost": 150, "final_distance_cost": 73.3152397598947, "oscillation_cost": 114.32920841027288, "completition_cost": 888.8888888888888, "overshoot_cost": 41.213510856236866, "power_cost": 30.76956806640625, "noise_cost": 33.80052893478511, "n_waypoints_completed": 1, "tot_waypoints": 9}}
{"target": -1076.2362584362888, "params": {"k_pid_pos": [1.9758809804916382, 0.9938156008720398, 0.006585359573364258], "k_pid_alt": [1.920790672302246, 0.9710903167724609, 0.0033420920372009277], "k_pid_att": [100.0, 0.12050136923789978, 0.9855587482452393], "k_pid_yaw": [0.5, 1e-06, 0.1], "k_pid_hsp": [10.0, 0.9872255325317383, 0.015413433313369751], "k_pid_vsp": [400.0, 1.2577424049377441, 226.13449096679688]}, "datetime": {"datetime": "2025-08-12 09:18:56", "elapsed": 60816.08035182953, "delta": 29.34878420829773}, "costs": {"total_cost": 1076.2362584362888, "time_cost": 150, "final_distance_cost": 51.48182873179737, "oscillation_cost": 80.12645871627589, "completition_cost": 666.6666666666667, "overshoot_cost": 61.81861505721007, "power_cost": 34.789762158203125, "noise_cost": 31.352927106135603, "n_waypoints_completed": 3, "tot_waypoints": 9}}
{"target": -1300.3981381590786, "params": {"k_pid_pos": [1.8972285985946655, 0.9608631134033203, 0.02514028549194336], "k_pid_alt": [1.9935053586959839, 0.9371144771575928, 0.013038724660873413], "k_pid_att": [100.0, 0.23552556335926056, 0.9829090237617493], "k_pid_yaw": [0.5, 1e-06, 0.1], "k_pid_hsp": [10.0, 0.9786807894706726, 0.022106468677520752], "k_pid_vsp": [399.99993896484375, 21.78369903564453, 78.03569030761719]}, "datetime": {"datetime": "2025-08-12 09:19:28", "elapsed": 60848.08330464363, "delta": 32.00295281410217}, "costs": {"total_cost": 1300.3981381590786, "time_cost": 150, "final_distance_cost": 72.79434279252315, "oscillation_cost": 79.25517308643278, "completition_cost": 888.8888888888888, "overshoot_cost": 44.130655163579014, "power_cost": 34.90375729980469, "noise_cost": 30.42532092785011, "n_waypoints_completed": 1, "tot_waypoints": 9}}
{"target": -712.5581177732874, "params": {"k_pid_pos": [1.9268198013305664, 0.9677015542984009, 0.06136330962181091], "k_pid_alt": [1.978759527206421, 0.9972525238990784, 0.013555943965911865], "k_pid_att": [99.99626922607422, 1.6974551677703857, 0.9704793691635132], "k_pid_yaw": [0.5, 1e-06, 0.1], "k_pid_hsp": [10.0, 0.8856072425842285, 0.09407800436019897], "k_pid_vsp": [399.9955139160156, 7.23323917388916, 9.999999974752427e-07]}, "datetime": {"datetime": "2025-08-12 09:19:57", "elapsed": 60876.996460437775, "delta": 28.913155794143677}, "costs": {"total_cost": 712.5581177732874, "time_cost": 150, "final_distance_cost": 73.11867108030033, "oscillation_cost": 140.69933461658445, "completition_cost": 222.2222222222222, "overshoot_cost": 58.71311369527828, "power_cost": 33.96512156982422, "noise_cost": 33.83965458907801, "n_waypoints_completed": 7, "tot_waypoints": 9}}
{"target": -706.2238199659286, "params": {"k_pid_pos": [1.92678701877594, 0.8871623277664185, 0.021035104990005493], "k_pid_alt": [1.9255037307739258, 0.9481852650642395, 0.0036948025226593018], "k_pid_att": [100.0, 0.18416057527065277, 0.9750902056694031], "k_pid_yaw": [0.5, 1e-06, 0.1], "k_pid_hsp": [10.0, 0.998633861541748, 0.030243098735809326], "k_pid_vsp": [391.760009765625, 7.127774715423584, 0.000251339515671134]}, "datetime": {"datetime": "2025-08-12 09:20:26", "elapsed": 60906.29280567169, "delta": 29.296345233917236}, "costs": {"total_cost": 706.2238199659286, "time_cost": 150, "final_distance_cost": 71.03389103205804, "oscillation_cost": 134.31816406376365, "completition_cost": 222.2222222222222, "overshoot_cost": 62.96518236348359, "power_cost": 31.147895544433595, "noise_cost": 34.53646473996754, "n_waypoints_completed": 7, "tot_waypoints": 9}}
{"target": -1522.8740479148705, "params": {"k_pid_pos": [1.9613721370697021, 0.9927629232406616, 0.015207260847091675], "k_pid_alt": [1.9702147245407104, 0.9822977781295776, 0.003299921751022339], "k_pid_att": [100.0, 0.2631886899471283, 0.9895696640014648], "k_pid_yaw": [0.5, 1e-06, 0.1], "k_pid_hsp": [10.0, 0.9284841418266296, 0.0036038458347320557], "k_pid_vsp": [400.0, 2.9451379776000977, 387.70184326171875]}, "datetime": {"datetime": "2025-08-12 09:20:57", "elapsed": 60936.52623319626, "delta": 30.23342752456665}, "costs": {"total_cost": 1522.8740479148705, "time_cost": 150, "final_distance_cost": 14.239947379396428, "oscillation_cost": 53.686578353460405, "completition_cost": 1000.0, "overshoot_cost": 163.22406993504964, "power_cost": 31.867073681640626, "noise_cost": 109.85637856532341, "n_waypoints_completed": 0, "tot_waypoints": 9}}
{"target": -1098.6289654561847, "params": {"k_pid_pos": [1.973004698753357, 0.970557451248169, 0.039235085248947144], "k_pid_alt": [1.9803683757781982, 0.9886478185653687, 0.011833548545837402], "k_pid_att": [100.0, 0.32250991463661194, 0.99294114112854], "k_pid_yaw": [0.5, 1e-06, 0.1], "k_pid_hsp": [9.999990463256836, 0.9898875951766968, 0.03230103850364685], "k_pid_vsp": [399.9994201660156, 0.725675642490387, 273.81890869140625]}, "datetime": {"datetime": "2025-08-12 09:21:25", "elapsed": 60964.59086561203, "delta": 28.064632415771484}, "costs": {"total_cost": 1098.6289654561847, "time_cost": 150, "final_distance_cost": 56.07097963148832, "oscillation_cost": 96.20847377437983, "completition_cost": 666.6666666666667, "overshoot_cost": 64.37402273171975, "power_cost": 34.36760454101562, "noise_cost": 30.94121811091442, "n_waypoints_completed": 3, "tot_waypoints": 9}}
{"target": -1303.183164705154, "params": {"k_pid_pos": [1.9850385189056396, 0.9697625637054443, 0.015562653541564941], "k_pid_alt": [1.9477097988128662, 0.9894688129425049, 0.023140132427215576], "k_pid_att": [100.0, 0.14450988173484802, 0.9979068040847778], "k_pid_yaw": [0.5, 1e-06, 0.1], "k_pid_hsp": [10.0, 0.998908519744873, 0.02133241295814514], "k_pid_vsp": [399.9739685058594, 83.36274719238281, 7.25255740690045e-05]}, "datetime": {"datetime": "2025-08-12 09:21:54", "elapsed": 60993.79084944725, "delta": 29.199983835220337}, "costs": {"total_cost": 1303.183164705154, "time_cost": 150, "final_distance_cost": 61.11015860995929, "oscillation_cost": 100.34930130451805, "completition_cost": 888.8888888888888, "overshoot_cost": 39.81691502360735, "power_cost": 29.084373205566408, "noise_cost": 33.93352767261391, "n_waypoints_completed": 1, "tot_waypoints": 9}}
{"target": -796.8661888946358, "params": {"k_pid_pos": [1.8723056316375732, 0.9959851503372192, 0.03392878174781799], "k_pid_alt": [1.9881517887115479, 0.9940881133079529, 0.038202911615371704], "k_pid_att": [100.0, 0.027894560247659683, 0.9949463605880737], "k_pid_yaw": [0.5, 1e-06, 0.1], "k_pid_hsp": [5.786216735839844, 0.9692623615264893, 0.05863833427429199], "k_pid_vsp": [400.0, 3.9250502586364746, 9.999999974752427e-07]}, "datetime": {"datetime": "2025-08-12 09:22:23", "elapsed": 61022.41264677048, "delta": 28.62179732322693}, "costs": {"total_cost": 796.8661888946358, "time_cost": 150, "final_distance_cost": 68.346314356549, "oscillation_cost": 113.70455844509777, "completition_cost": 333.33333333333337, "overshoot_cost": 64.85448244176635, "power_cost": 31.864004174804688, "noise_cost": 34.763496143084744, "n_waypoints_completed": 6, "tot_waypoints": 9}}
{"target": -1320.6388984717437, "params": {"k_pid_pos": [1.99476158618927, 0.9370554685592651, 0.023372918367385864], "k_pid_alt": [1.9781067371368408, 0.9400851130485535, 0.01169481873512268], "k_pid_att": [100.0, 0.6349999308586121, 0.9901144504547119], "k_pid_yaw": [0.5, 1e-06, 0.1], "k_pid_hsp": [10.0, 0.9646127223968506, 0.0412021279335022], "k_pid_vsp": [399.9983215332031, 17.818822860717773, 400.0]}, "datetime": {"datetime": "2025-08-12 09:22:56", "elapsed": 61055.40922689438, "delta": 32.99658012390137}, "costs": {"total_cost": 1320.6388984717437, "time_cost": 150, "final_distance_cost": 57.1445347227421, "oscillation_cost": 81.99325975556359, "completition_cost": 888.8888888888888, "overshoot_cost": 76.23166101252829, "power_cost": 35.07454473876953, "noise_cost": 31.306009353251397, "n_waypoints_completed": 1, "tot_waypoints": 9}}
{"target": -608.0104103326278, "params": {"k_pid_pos": [1.9479343891143799, 0.9434251189231873, 0.035816192626953125], "k_pid_alt": [1.9172852039337158, 0.9893138408660889, 0.038785576820373535], "k_pid_att": [100.0, 0.7806415557861328, 0.9906629323959351], "k_pid_yaw": [0.5, 1e-06, 0.1], "k_pid_hsp": [9.999900817871094, 0.9881628751754761, 0.020412087440490723], "k_pid_vsp": [399.99755859375, 5.600584506988525, 1.2920929293613881e-05]}, "datetime": {"datetime": "2025-08-12 09:23:27", "elapsed": 61086.68219041824, "delta": 31.272963523864746}, "costs": {"total_cost": 608.0104103326278, "time_cost": 150, "final_distance_cost": 34.734433258135965, "oscillation_cost": 187.56607365911094, "completition_cost": 111.11111111111116, "overshoot_cost": 60.87841096811154, "power_cost": 31.363429748535157, "noise_cost": 32.35695158762302, "n_waypoints_completed": 8, "tot_waypoints": 9}}
{"target": -734.3493531178195, "params": {"k_pid_pos": [1.9849767684936523, 0.9745038747787476, 0.003645390272140503], "k_pid_alt": [1.9929981231689453, 0.953503429889679, 0.020915240049362183], "k_pid_att": [100.0, 0.15057846903800964, 0.9717915058135986], "k_pid_yaw": [0.5, 1e-06, 0.1], "k_pid_hsp": [10.0, 0.9915962219238281, 0.007726401090621948], "k_pid_vsp": [357.109375, 7.465303897857666, 0.000251339515671134]}, "datetime": {"datetime": "2025-08-12 09:23:59", "elapsed": 61118.90003275871, "delta": 32.21784234046936}, "costs": {"total_cost": 734.3493531178195, "time_cost": 150, "final_distance_cost": 70.4676478005495, "oscillation_cost": 165.3262875455768, "completition_cost": 222.2222222222222, "overshoot_cost": 62.592429329898046, "power_cost": 31.089100207519532, "noise_cost": 32.651666012053354, "n_waypoints_completed": 7, "tot_waypoints": 9}}
{"target": -686.1592493713622, "params": {"k_pid_pos": [1.8768694400787354, 0.9958715438842773, 0.01409795880317688], "k_pid_alt": [1.9782333374023438, 0.9937095642089844, 0.00075492262840271], "k_pid_att": [100.0, 0.3665355443954468, 0.9425216913223267], "k_pid_yaw": [0.5, 1e-06, 0.1], "k_pid_hsp": [10.0, 0.7231127619743347, 0.004263430833816528], "k_pid_vsp": [399.45562744140625, 7.7412614822387695, 0.005842254962772131]}, "datetime": {"datetime": "2025-08-12 09:24:29", "elapsed": 61148.997425079346, "delta": 30.097392320632935}, "costs": {"total_cost": 686.1592493713622, "time_cost": 150, "final_distance_cost": 65.97212642582576, "oscillation_cost": 122.31209726349523, "completition_cost": 222.2222222222222, "overshoot_cost": 62.87183892741845, "power_cost": 30.00253114013672, "noise_cost": 32.7784333922638, "n_waypoints_completed": 7, "tot_waypoints": 9}}
{"target": -673.9268872975932, "params": {"k_pid_pos": [1.9886786937713623, 0.9841119050979614, 0.02807101607322693], "k_pid_alt": [1.9521281719207764, 0.994342565536499, 0.054586589336395264], "k_pid_att": [100.0, 0.05952136218547821, 0.9831141829490662], "k_pid_yaw": [0.5, 1e-06, 0.1], "k_pid_hsp": [3.603565216064453, 0.8879850506782532, 0.04130852222442627], "k_pid_vsp": [347.1715087890625, 17.64694595336914, 1.2920929293613881e-05]}, "datetime": {"datetime": "2025-08-12 09:24:58", "elapsed": 61178.22171282768, "delta": 29.224287748336792}, "costs": {"total_cost": 673.9268872975932, "time_cost": 150, "final_distance_cost": 61.811173575477184, "oscillation_cost": 107.08021906620525, "completition_cost": 222.2222222222222, "overshoot_cost": 66.34708367564596, "power_cost": 31.311394409179687, "noise_cost": 35.15479434886288, "n_waypoints_completed": 7, "tot_waypoints": 9}}
{"target": -1525.8083281708157, "params": {"k_pid_pos": [1.96692955493927, 0.9651974439620972, 0.03846162557601929], "k_pid_alt": [1.9835796356201172, 0.9416020512580872, 0.0020758211612701416], "k_pid_att": [100.0, 0.14625389873981476, 0.9975892305374146], "k_pid_yaw": [0.5, 1e-06, 0.1], "k_pid_hsp": [10.0, 0.9898367524147034, 0.0051527321338653564], "k_pid_vsp": [0.2401590347290039, 1.8942127227783203, 399.99951171875]}, "datetime": {"datetime": "2025-08-12 09:25:27", "elapsed": 61206.377475738525, "delta": 28.155762910842896}, "costs": {"total_cost": 1525.8083281708157, "time_cost": 150, "final_distance_cost": 7.024545558835082, "oscillation_cost": 48.54738629367353, "completition_cost": 1000.0, "overshoot_cost": 164.7233420041691, "power_cost": 18.604631555175782, "noise_cost": 136.90842275896222, "n_waypoints_completed": 0, "tot_waypoints": 9}}
{"target": -1570.9773368194644, "params": {"k_pid_pos": [1.9599148035049438, 0.9778616428375244, 0.1010013222694397], "k_pid_alt": [1.9235382080078125, 0.9868521094322205, 0.0137442946434021], "k_pid_att": [100.0, 0.09146108478307724, 0.9642380475997925], "k_pid_yaw": [0.5, 1e-06, 0.1], "k_pid_hsp": [10.0, 0.866874098777771, 0.03370356559753418], "k_pid_vsp": [4.522740840911865, 4.474557399749756, 3.490842342376709]}, "datetime": {"datetime": "2025-08-12 09:25:55", "elapsed": 61234.86442184448, "delta": 28.48694610595703}, "costs": {"total_cost": 1570.9773368194644, "time_cost": 150, "final_distance_cost": 8.994361874631227, "oscillation_cost": 67.34112844599436, "completition_cost": 1000.0, "overshoot_cost": 165.2947894900053, "power_cost": 26.91747088623047, "noise_cost": 152.42958612260335, "n_waypoints_completed": 0, "tot_waypoints": 9}}
{"target": -821.9737101853649, "params": {"k_pid_pos": [1.9490704536437988, 0.9835625886917114, 0.07366946339607239], "k_pid_alt": [1.9803651571273804, 0.9172990322113037, 0.03496736288070679], "k_pid_att": [100.0, 0.03821887820959091, 0.9899292588233948], "k_pid_yaw": [0.5, 1e-06, 0.1], "k_pid_hsp": [10.0, 0.9315708875656128, 0.027711540460586548], "k_pid_vsp": [399.6868591308594, 0.5193362832069397, 0.01256565935909748]}, "datetime": {"datetime": "2025-08-12 09:26:23", "elapsed": 61262.87002849579, "delta": 28.005606651306152}, "costs": {"total_cost": 821.9737101853649, "time_cost": 150, "final_distance_cost": 71.4491534700064, "oscillation_cost": 143.51436047500863, "completition_cost": 333.33333333333337, "overshoot_cost": 58.07592986851087, "power_cost": 31.082501171875002, "noise_cost": 34.51843186663052, "n_waypoints_completed": 6, "tot_waypoints": 9}}
{"target": -747.7961137480544, "params": {"k_pid_pos": [1.989025354385376, 0.9677051305770874, 0.08919861912727356], "k_pid_alt": [1.8003408908843994, 0.9875398874282837, 0.07778379321098328], "k_pid_att": [100.0, 0.12749113142490387, 0.9883919954299927], "k_pid_yaw": [0.5, 1e-06, 0.1], "k_pid_hsp": [9.999999046325684, 0.9768351316452026, 0.011192381381988525], "k_pid_vsp": [399.87274169921875, 3.6898622512817383, 9.999999974752427e-07]}, "datetime": {"datetime": "2025-08-12 09:26:53", "elapsed": 61292.6067609787, "delta": 29.736732482910156}, "costs": {"total_cost": 747.7961137480544, "time_cost": 150, "final_distance_cost": 69.16101044703953, "oscillation_cost": 183.69142009602245, "completition_cost": 222.2222222222222, "overshoot_cost": 59.53146625389474, "power_cost": 30.630787023925784, "noise_cost": 32.55920770494959, "n_waypoints_completed": 7, "tot_waypoints": 9}}
{"target": -748.4738907966056, "params": {"k_pid_pos": [1.995917558670044, 0.9939812421798706, 0.0134049654006958], "k_pid_alt": [1.9838885068893433, 0.9926199316978455, 0.04014793038368225], "k_pid_att": [100.0, 0.47717049717903137, 0.997822642326355], "k_pid_yaw": [0.5, 1e-06, 0.1], "k_pid_hsp": [9.999999046325684, 0.982742428779602, 0.00903347134590149], "k_pid_vsp": [400.0, 7.536471843719482, 9.999999974752427e-07]}, "datetime": {"datetime": "2025-08-12 09:27:22", "elapsed": 61321.92225146294, "delta": 29.31549048423767}, "costs": {"total_cost": 748.4738907966056, "time_cost": 150, "final_distance_cost": 67.80506482133055, "oscillation_cost": 179.85952825241998, "completition_cost": 222.2222222222222, "overshoot_cost": 64.53868764421229, "power_cost": 31.21921159667969, "noise_cost": 32.829176259741004, "n_waypoints_completed": 7, "tot_waypoints": 9}}
{"target": -1305.2901779659164, "params": {"k_pid_pos": [1.9890328645706177, 0.9776923060417175, 0.026738226413726807], "k_pid_alt": [1.976935863494873, 0.9500203132629395, 0.007283389568328857], "k_pid_att": [100.0, 0.1828811764717102, 0.9815963506698608], "k_pid_yaw": [0.5, 1e-06, 0.1], "k_pid_hsp": [10.0, 0.9979038238525391, 0.03956606984138489], "k_pid_vsp": [14.233959197998047, 2.4890670776367188, 0.0008950696792453527]}, "datetime": {"datetime": "2025-08-12 09:27:51", "elapsed": 61350.647569179535, "delta": 28.72531771659851}, "costs": {"total_cost": 1305.2901779659164, "time_cost": 150, "final_distance_cost": 60.99471815429501, "oscillation_cost": 91.19020207731745, "completition_cost": 888.8888888888888, "overshoot_cost": 49.72203432038849, "power_cost": 30.01710350341797, "noise_cost": 34.477231021608844, "n_waypoints_completed": 1, "tot_waypoints": 9}}
{"target": -1298.3609754544523, "params": {"k_pid_pos": [1.5834933519363403, 0.9900913834571838, 0.010080009698867798], "k_pid_alt": [1.8771398067474365, 0.9645435214042664, 0.052464425563812256], "k_pid_att": [100.0, 0.09881294518709183, 0.9815336465835571], "k_pid_yaw": [0.5, 1e-06, 0.1], "k_pid_hsp": [10.0, 0.9931217432022095, 0.022466599941253662], "k_pid_vsp": [399.9999694824219, 13.565529823303223, 0.000346706947311759]}, "datetime": {"datetime": "2025-08-12 09:28:18", "elapsed": 61377.91624379158, "delta": 27.268674612045288}, "costs": {"total_cost": 1298.3609754544523, "time_cost": 150, "final_distance_cost": 60.87134925467597, "oscillation_cost": 95.04968441269534, "completition_cost": 888.8888888888888, "overshoot_cost": 40.49812746753924, "power_cost": 29.129267321777345, "noise_cost": 33.923658108875586, "n_waypoints_completed": 1, "tot_waypoints": 9}}
{"target": -383.1949762115761, "params": {"k_pid_pos": [1.980411410331726, 0.9844436049461365, 0.05282992124557495], "k_pid_alt": [1.9884674549102783, 0.9739665985107422, 0.02381742000579834], "k_pid_att": [100.0, 0.33581531047821045, 0.9821644425392151], "k_pid_yaw": [0.5, 1e-06, 0.1], "k_pid_hsp": [9.999998092651367, 0.9666835069656372, 0.0058456361293792725], "k_pid_vsp": [400.0, 5.333162307739258, 0.0002632604446262121]}, "datetime": {"datetime": "2025-08-12 09:28:47", "elapsed": 61406.65778517723, "delta": 28.741541385650635}, "costs": {"total_cost": 383.1949762115761, "time_cost": 112.294, "final_distance_cost": 1.7833925563457467, "oscillation_cost": 140.71800632769072, "completition_cost": 0.0, "overshoot_cost": 69.63813638284738, "power_cost": 28.166633056640627, "noise_cost": 30.594807888051633, "n_waypoints_completed": 9, "tot_waypoints": 9}}
