{"target": -1528.0836539475058, "params": {"k_pid_pos": [1.9297207593917847, 0.9262547492980957, 0.1619073748588562], "k_pid_alt": [1.974936604499817, 0.78062504529953, 0.03398403525352478], "k_pid_att": [24.21198844909668, 3.519502639770508, 0.8476985096931458], "k_pid_yaw": [0.5, 1e-06, 0.1], "k_pid_hsp": [9.614564895629883, 0.9848610162734985, 0.008278042078018188], "k_pid_vsp": [1.1920928955078125e-05, 37.84492111206055, 390.8697509765625]}, "datetime": {"datetime": "2025-08-11 20:05:41", "elapsed": 13220.893115520477, "delta": 32.8810088634491}, "costs": {"total_cost": 1528.0836539475058, "time_cost": 150, "final_distance_cost": 9.353177946696706, "oscillation_cost": 50.33343407041108, "completition_cost": 1000.0, "overshoot_cost": 164.867460394751, "power_cost": 30.11584197998047, "noise_cost": 123.41373955566667, "n_waypoints_completed": 0, "tot_waypoints": 9}}
{"target": -767.9703953001776, "params": {"k_pid_pos": [1.9659745693206787, 0.9921948909759521, 0.04316443204879761], "k_pid_alt": [1.8774831295013428, 0.9144763946533203, 0.04264569282531738], "k_pid_att": [100.0, 1.6036145687103271, 0.9029171466827393], "k_pid_yaw": [0.5, 1e-06, 0.1], "k_pid_hsp": [10.0, 0.8443220853805542, 0.1152646541595459], "k_pid_vsp": [380.1469421386719, 13.340760231018066, 9.999999974752427e-07]}, "datetime": {"datetime": "2025-08-11 20:06:15", "elapsed": 13255.262696027756, "delta": 34.36958050727844}, "costs": {"total_cost": 767.9703953001776, "time_cost": 150, "final_distance_cost": 79.9735337139868, "oscillation_cost": 178.40305360005905, "completition_cost": 222.2222222222222, "overshoot_cost": 70.51967454983921, "power_cost": 33.234720092773436, "noise_cost": 33.61719112129697, "n_waypoints_completed": 7, "tot_waypoints": 9}}
{"target": -1186.2449186474512, "params": {"k_pid_pos": [1.9292385578155518, 0.9761255979537964, 0.15687131881713867], "k_pid_alt": [1.950740098953247, 0.46310344338417053, 0.04188990592956543], "k_pid_att": [47.7421875, 0.35427916049957275, 0.975396990776062], "k_pid_yaw": [0.5, 1e-06, 0.1], "k_pid_hsp": [10.0, 0.9921480417251587, 0.4498094618320465], "k_pid_vsp": [399.9993896484375, 5.222369194030762, 388.1030578613281]}, "datetime": {"datetime": "2025-08-11 20:06:45", "elapsed": 13285.358652830124, "delta": 30.095956802368164}, "costs": {"total_cost": 1186.2449186474512, "time_cost": 150, "final_distance_cost": 56.51431762477654, "oscillation_cost": 154.30329826689152, "completition_cost": 666.6666666666667, "overshoot_cost": 90.11367244982546, "power_cost": 36.71629577636719, "noise_cost": 31.930667862923837, "n_waypoints_completed": 3, "tot_waypoints": 9}}
{"target": -1586.400515609916, "params": {"k_pid_pos": [1.9057023525238037, 0.9467586278915405, 0.11113941669464111], "k_pid_alt": [1.923702359199524, 0.9313678741455078, 0.1472230851650238], "k_pid_att": [99.36272430419922, 1.834985613822937, 0.9990025758743286], "k_pid_yaw": [0.5, 1e-06, 0.1], "k_pid_hsp": [9.999964714050293, 0.9607231616973877, 0.1047990620136261], "k_pid_vsp": [0.0, 49.40959167480469, 400.0]}, "datetime": {"datetime": "2025-08-11 20:07:16", "elapsed": 13315.721534013748, "delta": 30.362881183624268}, "costs": {"total_cost": 1586.400515609916, "time_cost": 150, "final_distance_cost": 9.239899022280483, "oscillation_cost": 96.42575031208119, "completition_cost": 1000.0, "overshoot_cost": 165.79845964979242, "power_cost": 34.903666015625, "noise_cost": 130.03274061013687, "n_waypoints_completed": 0, "tot_waypoints": 9}}
{"target": -1536.623687673243, "params": {"k_pid_pos": [1.9689033031463623, 0.8778692483901978, 0.4004335105419159], "k_pid_alt": [1.5504860877990723, 0.9373956918716431, 0.1119539737701416], "k_pid_att": [99.99996185302734, 2.9559385776519775, 0.9498151540756226], "k_pid_yaw": [0.5, 1e-06, 0.1], "k_pid_hsp": [9.996868133544922, 0.9817923307418823, 0.13711270689964294], "k_pid_vsp": [0.0, 7.2656402587890625, 0.121463343501091]}, "datetime": {"datetime": "2025-08-11 20:07:47", "elapsed": 13346.448988676071, "delta": 30.727454662322998}, "costs": {"total_cost": 1536.623687673243, "time_cost": 150, "final_distance_cost": 67.36079590814985, "oscillation_cost": 300.7401538396556, "completition_cost": 777.7777777777778, "overshoot_cost": 126.29709496234383, "power_cost": 29.025815075683596, "noise_cost": 85.42205010963245, "n_waypoints_completed": 2, "tot_waypoints": 9}}
{"target": -1438.9588660599695, "params": {"k_pid_pos": [1.9937435388565063, 0.9320745468139648, 0.16204214096069336], "k_pid_alt": [1.6759579181671143, 0.23053649067878723, 0.14399182796478271], "k_pid_att": [99.99999237060547, 7.178153038024902, 0.8423250913619995], "k_pid_yaw": [0.5, 1e-06, 0.1], "k_pid_hsp": [9.999340057373047, 0.9938885569572449, 0.08589982986450195], "k_pid_vsp": [0.03434419631958008, 113.54818725585938, 0.00014405114052351564]}, "datetime": {"datetime": "2025-08-11 20:08:18", "elapsed": 13377.540682792664, "delta": 31.091694116592407}, "costs": {"total_cost": 1438.9588660599695, "time_cost": 150, "final_distance_cost": 50.090993463680675, "oscillation_cost": 122.7853494389496, "completition_cost": 1000.0, "overshoot_cost": 52.4062109489927, "power_cost": 36.275270422363285, "noise_cost": 27.401041785983114, "n_waypoints_completed": 0, "tot_waypoints": 9}}
{"target": -1169.1457396415544, "params": {"k_pid_pos": [1.9696944952011108, 0.9714231491088867, 0.011225372552871704], "k_pid_alt": [1.9356186389923096, 0.3179599344730377, 0.049489498138427734], "k_pid_att": [39.51264190673828, 6.352700710296631, 0.9840936660766602], "k_pid_yaw": [0.5, 1e-06, 0.1], "k_pid_hsp": [0.00012026537297060713, 0.9474813938140869, 0.467526376247406], "k_pid_vsp": [399.9951477050781, 62.93575668334961, 393.2480163574219]}, "datetime": {"datetime": "2025-08-11 20:08:48", "elapsed": 13408.359853982925, "delta": 30.81917119026184}, "costs": {"total_cost": 1169.1457396415544, "time_cost": 150, "final_distance_cost": 44.14693149962363, "oscillation_cost": 125.14931752109896, "completition_cost": 666.6666666666667, "overshoot_cost": 113.13382587718303, "power_cost": 38.374671289062505, "noise_cost": 31.674326787919586, "n_waypoints_completed": 3, "tot_waypoints": 9}}
{"target": -1588.6591781315117, "params": {"k_pid_pos": [1.9636472463607788, 0.9403260350227356, 0.2954646050930023], "k_pid_alt": [1.9892449378967285, 0.8971352577209473, 0.034892261028289795], "k_pid_att": [100.0, 2.860483169555664, 0.9559623003005981], "k_pid_yaw": [0.5, 1e-06, 0.1], "k_pid_hsp": [9.999724388122559, 0.9614001512527466, 0.20077335834503174], "k_pid_vsp": [0.0, 26.55384635925293, 399.9993896484375]}, "datetime": {"datetime": "2025-08-11 20:09:19", "elapsed": 13439.043422460556, "delta": 30.683568477630615}, "costs": {"total_cost": 1588.6591781315117, "time_cost": 150, "final_distance_cost": 11.907632815033827, "oscillation_cost": 101.72781603484302, "completition_cost": 1000.0, "overshoot_cost": 165.09336005238387, "power_cost": 33.60541491699219, "noise_cost": 126.3249543122587, "n_waypoints_completed": 0, "tot_waypoints": 9}}
{"target": -1563.8572244962468, "params": {"k_pid_pos": [1.774369716644287, 0.9845379590988159, 0.498729944229126], "k_pid_alt": [1.922001838684082, 0.9900127649307251, 0.028894871473312378], "k_pid_att": [76.2302017211914, 0.41820839047431946, 0.7767874002456665], "k_pid_yaw": [0.5, 1e-06, 0.1], "k_pid_hsp": [0.10990555584430695, 0.974398672580719, 0.17919999361038208], "k_pid_vsp": [0.006830692291259766, 5.801452159881592, 399.999755859375]}, "datetime": {"datetime": "2025-08-11 20:09:49", "elapsed": 13468.726493358612, "delta": 29.68307089805603}, "costs": {"total_cost": 1563.8572244962468, "time_cost": 150, "final_distance_cost": 10.936145945948859, "oscillation_cost": 68.32727828024787, "completition_cost": 1000.0, "overshoot_cost": 169.46458159256255, "power_cost": 22.840923742675784, "noise_cost": 142.28829493481155, "n_waypoints_completed": 0, "tot_waypoints": 9}}
{"target": -3493.032415353424, "params": {"k_pid_pos": [0.9218371510505676, 0.9476593732833862, 0.2011701464653015], "k_pid_alt": [0.5446945428848267, 0.5847466588020325, 0.01711905002593994], "k_pid_att": [0.08857548236846924, 3.142022132873535, 0.9781212210655212], "k_pid_yaw": [0.5, 1e-06, 0.1], "k_pid_hsp": [9.999794960021973, 0.8143731355667114, 0.01912665367126465], "k_pid_vsp": [380.3730163574219, 25.173688888549805, 142.09771728515625]}, "datetime": {"datetime": "2025-08-11 20:10:19", "elapsed": 13499.051586866379, "delta": 30.325093507766724}, "costs": {"total_cost": 3493.032415353424, "time_cost": 150, "final_distance_cost": 315.45340954573646, "oscillation_cost": 947.9938807925816, "completition_cost": 1000.0, "overshoot_cost": 869.2830857421159, "power_cost": 53.98067261962891, "noise_cost": 156.32136665336105, "n_waypoints_completed": 0, "tot_waypoints": 9}}
{"target": -1590.6344921998814, "params": {"k_pid_pos": [1.8921087980270386, 0.5865961313247681, 0.3559536337852478], "k_pid_alt": [1.9644215106964111, 0.7331520318984985, 0.1266118884086609], "k_pid_att": [100.0, 2.2798969745635986, 0.9653940796852112], "k_pid_yaw": [0.5, 1e-06, 0.1], "k_pid_hsp": [9.999998092651367, 0.9700861573219299, 0.20602041482925415], "k_pid_vsp": [0.00015497207641601562, 15.523970603942871, 399.99884033203125]}, "datetime": {"datetime": "2025-08-11 20:10:49", "elapsed": 13528.761192321777, "delta": 29.70960545539856}, "costs": {"total_cost": 1590.6344921998814, "time_cost": 150, "final_distance_cost": 75.20274019459421, "oscillation_cost": 518.4063732848886, "completition_cost": 666.6666666666667, "overshoot_cost": 105.6660348338448, "power_cost": 35.99481861572266, "noise_cost": 38.6978586041647, "n_waypoints_completed": 3, "tot_waypoints": 9}}
{"target": -1561.5651781477509, "params": {"k_pid_pos": [1.9935673475265503, 0.9185348749160767, 0.03637450933456421], "k_pid_alt": [1.9916760921478271, 0.18926286697387695, 0.06873941421508789], "k_pid_att": [100.0, 5.321264266967773, 0.8748472929000854], "k_pid_yaw": [0.5, 1e-06, 0.1], "k_pid_hsp": [1.423970341682434, 0.9579396843910217, 0.02064606547355652], "k_pid_vsp": [0.0001430511474609375, 20.682218551635742, 400.0]}, "datetime": {"datetime": "2025-08-11 20:11:20", "elapsed": 13559.543413639069, "delta": 30.78222131729126}, "costs": {"total_cost": 1561.5651781477509, "time_cost": 150, "final_distance_cost": 4.911581497319642, "oscillation_cost": 82.9285277695824, "completition_cost": 1000.0, "overshoot_cost": 168.29060554313344, "power_cost": 29.517137634277343, "noise_cost": 125.91732570343815, "n_waypoints_completed": 0, "tot_waypoints": 9}}
{"target": -1568.176189458885, "params": {"k_pid_pos": [1.7378520965576172, 0.9743620157241821, 0.01715254783630371], "k_pid_alt": [1.9369345903396606, 0.8568373918533325, 0.020086467266082764], "k_pid_att": [100.0, 6.990967273712158, 0.9127910733222961], "k_pid_yaw": [0.5, 1e-06, 0.1], "k_pid_hsp": [9.9513578414917, 0.8149487376213074, 0.13282686471939087], "k_pid_vsp": [0.0, 3.095508575439453, 399.96942138671875]}, "datetime": {"datetime": "2025-08-11 20:11:50", "elapsed": 13589.572768449783, "delta": 30.02935481071472}, "costs": {"total_cost": 1568.176189458885, "time_cost": 150, "final_distance_cost": 2.2216748138921574, "oscillation_cost": 86.45193916069462, "completition_cost": 1000.0, "overshoot_cost": 166.1448916312971, "power_cost": 26.182923474121097, "noise_cost": 137.17476037888017, "n_waypoints_completed": 0, "tot_waypoints": 9}}
{"target": -6696.877121494452, "params": {"k_pid_pos": [1.9752380847930908, 0.9769055843353271, 0.06471008062362671], "k_pid_alt": [1.9475672245025635, 0.6869109272956848, 0.03035607933998108], "k_pid_att": [0.0008493661880493164, 5.318562030792236, 0.8116520643234253], "k_pid_yaw": [0.5, 1e-06, 0.1], "k_pid_hsp": [9.999884605407715, 0.9446929693222046, 0.3419285714626312], "k_pid_vsp": [0.0, 49.01753616333008, 384.2713317871094]}, "datetime": {"datetime": "2025-08-11 20:12:19", "elapsed": 13619.359196186066, "delta": 29.78642773628235}, "costs": {"total_cost": 6696.877121494452, "time_cost": 150, "final_distance_cost": 1191.857398521334, "oscillation_cost": 1117.5936508386062, "completition_cost": 1000.0, "overshoot_cost": 3029.2561228041614, "power_cost": 50.1249216796875, "noise_cost": 158.04502765066226, "n_waypoints_completed": 0, "tot_waypoints": 9}}
{"target": -1547.0799662527322, "params": {"k_pid_pos": [1.8719580173492432, 0.910711407661438, 0.01944553852081299], "k_pid_alt": [1.949207067489624, 0.6464250683784485, 0.05279362201690674], "k_pid_att": [100.0, 3.705720901489258, 0.7963514924049377], "k_pid_yaw": [0.5, 1e-06, 0.1], "k_pid_hsp": [10.0, 0.9637323617935181, 0.0034908652305603027], "k_pid_vsp": [2.4071455001831055, 7.499242782592773, 400.0]}, "datetime": {"datetime": "2025-08-11 20:12:50", "elapsed": 13649.960501194, "delta": 30.60130500793457}, "costs": {"total_cost": 1547.0799662527322, "time_cost": 150, "final_distance_cost": 1.7855841912081223, "oscillation_cost": 59.52245579724359, "completition_cost": 1000.0, "overshoot_cost": 165.43597753582728, "power_cost": 25.192525158691407, "noise_cost": 145.14342356976178, "n_waypoints_completed": 0, "tot_waypoints": 9}}
{"target": -6353.2007228062275, "params": {"k_pid_pos": [1.8770157098770142, 0.9063279628753662, 0.5643385648727417], "k_pid_alt": [1.7757381200790405, 0.7371293306350708, 0.338559091091156], "k_pid_att": [99.72171020507812, 6.567669868469238, 0.8774334192276001], "k_pid_yaw": [0.5, 1e-06, 0.1], "k_pid_hsp": [10.0, 0.9739980697631836, 0.027955472469329834], "k_pid_vsp": [0.0, 78.26883697509766, 400.0]}, "datetime": {"datetime": "2025-08-11 20:13:20", "elapsed": 13680.227778434753, "delta": 30.267277240753174}, "costs": {"total_cost": 6353.2007228062275, "time_cost": 150, "final_distance_cost": 1783.6926467472824, "oscillation_cost": 398.62725262494183, "completition_cost": 888.8888888888888, "overshoot_cost": 3058.2855301850855, "power_cost": 39.03090180664063, "noise_cost": 34.67550255338728, "n_waypoints_completed": 1, "tot_waypoints": 9}}
{"target": -1548.3834605222748, "params": {"k_pid_pos": [1.9514069557189941, 0.9777249097824097, 0.015041649341583252], "k_pid_alt": [1.9426112174987793, 0.6970458030700684, 0.0273798406124115], "k_pid_att": [3.3099353313446045, 1.2053147554397583, 0.911715030670166], "k_pid_yaw": [0.5, 1e-06, 0.1], "k_pid_hsp": [10.0, 0.703462541103363, 0.484747976064682], "k_pid_vsp": [0.032639503479003906, 178.16758728027344, 394.29046630859375]}, "datetime": {"datetime": "2025-08-11 20:13:50", "elapsed": 13709.92127084732, "delta": 29.69349241256714}, "costs": {"total_cost": 1548.3834605222748, "time_cost": 150, "final_distance_cost": 6.576001140088171, "oscillation_cost": 73.79505786333378, "completition_cost": 1000.0, "overshoot_cost": 166.66863908450574, "power_cost": 31.721636730957034, "noise_cost": 119.62212570339001, "n_waypoints_completed": 0, "tot_waypoints": 9}}
{"target": -504.10653266403625, "params": {"k_pid_pos": [1.8137338161468506, 0.9701794385910034, 0.5347135663032532], "k_pid_alt": [1.9825340509414673, 0.819171667098999, 0.11193791031837463], "k_pid_att": [100.0, 0.2230277806520462, 0.9726588726043701], "k_pid_yaw": [0.5, 1e-06, 0.1], "k_pid_hsp": [9.989208221435547, 0.928737223148346, 0.04124531149864197], "k_pid_vsp": [395.3347473144531, 37.519039154052734, 1.4990100860595703]}, "datetime": {"datetime": "2025-08-11 20:14:19", "elapsed": 13738.473285198212, "delta": 28.552014350891113}, "costs": {"total_cost": 504.10653266403625, "time_cost": 112.23100000000001, "final_distance_cost": 1.7239532719369317, "oscillation_cost": 264.4797507566065, "completition_cost": 0.0, "overshoot_cost": 63.885982706670916, "power_cost": 30.51978056640625, "noise_cost": 31.266065362415585, "n_waypoints_completed": 9, "tot_waypoints": 9}}
{"target": -690.4381869792661, "params": {"k_pid_pos": [1.930707335472107, 0.8978722095489502, 0.0732971727848053], "k_pid_alt": [1.6793580055236816, 0.9467469453811646, 0.11517903208732605], "k_pid_att": [99.99980926513672, 1.579891324043274, 0.9722417593002319], "k_pid_yaw": [0.5, 1e-06, 0.1], "k_pid_hsp": [0.1195196881890297, 0.9822896718978882, 0.13878482580184937], "k_pid_vsp": [395.9860534667969, 47.40814971923828, 1.5429744720458984]}, "datetime": {"datetime": "2025-08-11 20:14:48", "elapsed": 13767.786007642746, "delta": 29.3127224445343}, "costs": {"total_cost": 690.4381869792661, "time_cost": 150, "final_distance_cost": 58.38496258505007, "oscillation_cost": 107.34285437501521, "completition_cost": 222.2222222222222, "overshoot_cost": 82.90094573327423, "power_cost": 34.21838969726563, "noise_cost": 35.36881236643888, "n_waypoints_completed": 7, "tot_waypoints": 9}}
{"target": -1588.2479319806273, "params": {"k_pid_pos": [1.9300998449325562, 0.9953877925872803, 0.0643320083618164], "k_pid_alt": [1.922199010848999, 0.6968022584915161, 0.02367544174194336], "k_pid_att": [100.0, 2.3048853874206543, 0.8193210363388062], "k_pid_yaw": [0.5, 1e-06, 0.1], "k_pid_hsp": [9.999990463256836, 0.9070495367050171, 0.2006489634513855], "k_pid_vsp": [0.0, 11.382604598999023, 399.9961853027344]}, "datetime": {"datetime": "2025-08-11 20:15:18", "elapsed": 13798.181034564972, "delta": 30.395026922225952}, "costs": {"total_cost": 1588.2479319806273, "time_cost": 150, "final_distance_cost": 2.2202392098540336, "oscillation_cost": 102.37190773266428, "completition_cost": 1000.0, "overshoot_cost": 165.69820021064783, "power_cost": 32.34180948486328, "noise_cost": 135.61577534259786, "n_waypoints_completed": 0, "tot_waypoints": 9}}
{"target": -1542.4726716323396, "params": {"k_pid_pos": [1.6008176803588867, 0.8783484697341919, 0.13316529989242554], "k_pid_alt": [1.8475170135498047, 0.9578413963317871, 0.08570760488510132], "k_pid_att": [100.0, 2.4850144386291504, 0.9858580827713013], "k_pid_yaw": [0.5, 1e-06, 0.1], "k_pid_hsp": [10.0, 0.8862043619155884, 0.023983746767044067], "k_pid_vsp": [363.52850341796875, 31.018604278564453, 399.1191101074219]}, "datetime": {"datetime": "2025-08-11 20:15:48", "elapsed": 13828.02177119255, "delta": 29.840736627578735}, "costs": {"total_cost": 1542.4726716323396, "time_cost": 150, "final_distance_cost": 8.896734839085115, "oscillation_cost": 72.76645764802348, "completition_cost": 1000.0, "overshoot_cost": 162.1708790208805, "power_cost": 33.357857470703124, "noise_cost": 115.28074265364769, "n_waypoints_completed": 0, "tot_waypoints": 9}}
{"target": -1337.7923324437907, "params": {"k_pid_pos": [1.645552635192871, 0.9684391617774963, 0.13250058889389038], "k_pid_alt": [1.9669204950332642, 0.8106033802032471, 0.024575620889663696], "k_pid_att": [100.0, 9.165637969970703, 0.989940345287323], "k_pid_yaw": [0.5, 1e-06, 0.1], "k_pid_hsp": [10.0, 0.9757416248321533, 0.06769472360610962], "k_pid_vsp": [400.0, 82.07738494873047, 399.72442626953125]}, "datetime": {"datetime": "2025-08-11 20:16:18", "elapsed": 13858.282422304153, "delta": 30.260651111602783}, "costs": {"total_cost": 1337.7923324437907, "time_cost": 150, "final_distance_cost": 64.55534632303385, "oscillation_cost": 112.30831396166357, "completition_cost": 888.8888888888888, "overshoot_cost": 53.53217052903432, "power_cost": 37.23482877197266, "noise_cost": 31.27278396919749, "n_waypoints_completed": 1, "tot_waypoints": 9}}
{"target": -504.551483840482, "params": {"k_pid_pos": [1.8306524753570557, 0.7181602716445923, 0.27413079142570496], "k_pid_alt": [1.6103785037994385, 0.4018109142780304, 0.008441954851150513], "k_pid_att": [99.99971008300781, 1.5166001319885254, 0.9970759153366089], "k_pid_yaw": [0.5, 1e-06, 0.1], "k_pid_hsp": [9.941604614257812, 0.7365077137947083, 0.13468223810195923], "k_pid_vsp": [400.0, 8.659209251403809, 0.008524464443325996]}, "datetime": {"datetime": "2025-08-11 20:16:44", "elapsed": 13883.706872463226, "delta": 25.424450159072876}, "costs": {"total_cost": 504.551483840482, "time_cost": 102.634, "final_distance_cost": 1.7776632449998464, "oscillation_cost": 285.0384014146955, "completition_cost": 0.0, "overshoot_cost": 58.59003819986012, "power_cost": 28.694101318359376, "noise_cost": 27.817279662567138, "n_waypoints_completed": 9, "tot_waypoints": 9}}
{"target": -1541.8689804691833, "params": {"k_pid_pos": [1.9747198820114136, 0.934594452381134, 0.06182381510734558], "k_pid_alt": [1.3538624048233032, 0.8634505271911621, 0.10003510117530823], "k_pid_att": [99.82255554199219, 1.0355067253112793, 0.9809170961380005], "k_pid_yaw": [0.5, 1e-06, 0.1], "k_pid_hsp": [0.10464907437562943, 0.9982845783233643, 0.028907686471939087], "k_pid_vsp": [0.014007091522216797, 39.11138916015625, 400.0]}, "datetime": {"datetime": "2025-08-11 20:17:15", "elapsed": 13914.841514587402, "delta": 31.134642124176025}, "costs": {"total_cost": 1541.8689804691833, "time_cost": 150, "final_distance_cost": 17.685222082379536, "oscillation_cost": 51.24705867978161, "completition_cost": 1000.0, "overshoot_cost": 173.98439878902184, "power_cost": 28.95691785888672, "noise_cost": 119.99538305911372, "n_waypoints_completed": 0, "tot_waypoints": 9}}
{"target": -1423.7371740625968, "params": {"k_pid_pos": [1.665636658668518, 0.5907374024391174, 0.09013140201568604], "k_pid_alt": [1.968174934387207, 0.9670069217681885, 0.0319044291973114], "k_pid_att": [99.99999237060547, 6.969038009643555, 0.9305373430252075], "k_pid_yaw": [0.5, 1e-06, 0.1], "k_pid_hsp": [10.0, 0.9459725022315979, 0.17049258947372437], "k_pid_vsp": [116.21443939208984, 36.46331024169922, 400.0]}, "datetime": {"datetime": "2025-08-11 20:17:45", "elapsed": 13945.124866247177, "delta": 30.28335165977478}, "costs": {"total_cost": 1423.7371740625968, "time_cost": 150, "final_distance_cost": 55.516524722100144, "oscillation_cost": 372.2254242225658, "completition_cost": 666.6666666666667, "overshoot_cost": 102.71018950746391, "power_cost": 36.263127380371095, "noise_cost": 40.35524156342924, "n_waypoints_completed": 3, "tot_waypoints": 9}}
