{"target": -1570.5806826793075, "params": {"k_pid_pos": [1.8917583227157593, 0.9580099582672119, 0.02680867910385132], "k_pid_alt": [1.8636236190795898, 0.8560326099395752, 0.01742890477180481], "k_pid_att": [100.0, 2.7973740100860596, 0.9861595630645752], "k_pid_yaw": [0.5, 1e-06, 0.1], "k_pid_hsp": [9.79428482055664, 0.9274354577064514, 0.031751036643981934], "k_pid_vsp": [0.9376287460327148, 13.03201961517334, 400.0]}, "datetime": {"datetime": "2025-08-11 22:13:20", "elapsed": 20879.488076210022, "delta": 30.680671215057373}, "costs": {"total_cost": 1570.5806826793075, "time_cost": 150, "final_distance_cost": 10.368345492200946, "oscillation_cost": 72.76412699276531, "completition_cost": 1000.0, "overshoot_cost": 165.72418261512726, "power_cost": 30.427213903808596, "noise_cost": 141.29681367540528, "n_waypoints_completed": 0, "tot_waypoints": 9}}
{"target": -1278.4879029997878, "params": {"k_pid_pos": [1.7530293464660645, 0.9923601150512695, 0.04746478796005249], "k_pid_alt": [1.9558689594268799, 0.9790816903114319, 0.02764207124710083], "k_pid_att": [100.0, 2.6062111854553223, 0.9865241050720215], "k_pid_yaw": [0.5, 1e-06, 0.1], "k_pid_hsp": [10.0, 0.9305351376533508, 0.08246606588363647], "k_pid_vsp": [399.1807861328125, 6.423688888549805, 362.57061767578125]}, "datetime": {"datetime": "2025-08-11 22:13:49", "elapsed": 20909.19456601143, "delta": 29.70648980140686}, "costs": {"total_cost": 1278.4879029997878, "time_cost": 150, "final_distance_cost": 93.11222013670381, "oscillation_cost": 125.29544555662291, "completition_cost": 777.7777777777778, "overshoot_cost": 64.74894184409453, "power_cost": 36.36855911865234, "noise_cost": 31.18495856593644, "n_waypoints_completed": 2, "tot_waypoints": 9}}
{"target": -1588.3252054797617, "params": {"k_pid_pos": [1.963290810585022, 0.9949763417243958, 0.054486751556396484], "k_pid_alt": [1.965072512626648, 0.9961792230606079, 0.09010875225067139], "k_pid_att": [100.0, 1.0948413610458374, 0.9963179230690002], "k_pid_yaw": [0.5, 1e-06, 0.1], "k_pid_hsp": [10.0, 0.9309890270233154, 0.07838571071624756], "k_pid_vsp": [0.0, 10.37708568572998, 377.04168701171875]}, "datetime": {"datetime": "2025-08-11 22:14:20", "elapsed": 20939.808820962906, "delta": 30.61425495147705}, "costs": {"total_cost": 1588.3252054797617, "time_cost": 150, "final_distance_cost": 13.226069978712149, "oscillation_cost": 92.393228329076, "completition_cost": 1000.0, "overshoot_cost": 165.87415807086236, "power_cost": 32.96218283691407, "noise_cost": 133.86956626419715, "n_waypoints_completed": 0, "tot_waypoints": 9}}
{"target": -1570.0829702964904, "params": {"k_pid_pos": [1.948423147201538, 0.9767576456069946, 0.013170599937438965], "k_pid_alt": [1.6922811269760132, 0.9766263961791992, 0.042523592710494995], "k_pid_att": [100.0, 2.803715229034424, 0.851318895816803], "k_pid_yaw": [0.5, 1e-06, 0.1], "k_pid_hsp": [0.00015841196000110358, 0.9376994371414185, 0.022820264101028442], "k_pid_vsp": [0.0, 13.819147109985352, 399.9990539550781]}, "datetime": {"datetime": "2025-08-11 22:14:50", "elapsed": 20970.085277318954, "delta": 30.276456356048584}, "costs": {"total_cost": 1570.0829702964904, "time_cost": 150, "final_distance_cost": 6.497144011488213, "oscillation_cost": 64.08621577086745, "completition_cost": 1000.0, "overshoot_cost": 173.04082650687542, "power_cost": 24.574545349121095, "noise_cost": 151.8842386581383, "n_waypoints_completed": 0, "tot_waypoints": 9}}
{"target": -1538.175137494588, "params": {"k_pid_pos": [1.9867281913757324, 0.9729331135749817, 0.02518191933631897], "k_pid_alt": [1.9724189043045044, 0.8433626294136047, 0.06471335887908936], "k_pid_att": [100.0, 4.538095474243164, 0.8226550817489624], "k_pid_yaw": [0.5, 1e-06, 0.1], "k_pid_hsp": [5.428853511810303, 0.9794288277626038, 0.010213762521743774], "k_pid_vsp": [0.0004649162292480469, 3.108120918273926, 400.0]}, "datetime": {"datetime": "2025-08-11 22:15:21", "elapsed": 21000.649288654327, "delta": 30.564011335372925}, "costs": {"total_cost": 1538.175137494588, "time_cost": 150, "final_distance_cost": 5.325487514670376, "oscillation_cost": 60.27621063200702, "completition_cost": 1000.0, "overshoot_cost": 164.92395917042333, "power_cost": 18.850054223632814, "noise_cost": 138.79942595385444, "n_waypoints_completed": 0, "tot_waypoints": 9}}
{"target": -723.421243677942, "params": {"k_pid_pos": [1.959228754043579, 0.9989046454429626, 0.017252296209335327], "k_pid_alt": [1.8555737733840942, 0.9125757217407227, 0.0035265088081359863], "k_pid_att": [99.99737548828125, 1.9913759231567383, 0.7909425497055054], "k_pid_yaw": [0.5, 1e-06, 0.1], "k_pid_hsp": [9.944494247436523, 0.9180930256843567, 0.006175696849822998], "k_pid_vsp": [367.8296203613281, 11.885489463806152, 0.15425781905651093]}, "datetime": {"datetime": "2025-08-11 22:15:51", "elapsed": 21030.881692886353, "delta": 30.232404232025146}, "costs": {"total_cost": 723.421243677942, "time_cost": 150, "final_distance_cost": 62.5513170122076, "oscillation_cost": 162.15038564968495, "completition_cost": 222.2222222222222, "overshoot_cost": 62.7166677780562, "power_cost": 31.10440338134766, "noise_cost": 32.67624763442347, "n_waypoints_completed": 7, "tot_waypoints": 9}}
{"target": -1576.8593564778469, "params": {"k_pid_pos": [1.9622924327850342, 0.986700177192688, 0.06603199243545532], "k_pid_alt": [1.9688315391540527, 0.9279689788818359, 0.00781133770942688], "k_pid_att": [99.9998550415039, 0.2808597981929779, 0.943138062953949], "k_pid_yaw": [0.5, 1e-06, 0.1], "k_pid_hsp": [2.800398111343384, 0.6411446332931519, 0.00910446047782898], "k_pid_vsp": [0.00035762786865234375, 19.425716400146484, 400.0]}, "datetime": {"datetime": "2025-08-11 22:16:22", "elapsed": 21061.837224006653, "delta": 30.955531120300293}, "costs": {"total_cost": 1576.8593564778469, "time_cost": 150, "final_distance_cost": 16.611200114277608, "oscillation_cost": 65.69600647612754, "completition_cost": 1000.0, "overshoot_cost": 167.14463878163218, "power_cost": 29.261472863769534, "noise_cost": 148.14603824203985, "n_waypoints_completed": 0, "tot_waypoints": 9}}
{"target": -8966.85339865216, "params": {"k_pid_pos": [1.9403108358383179, 0.9789481163024902, 0.032233208417892456], "k_pid_alt": [1.7453690767288208, 0.8041935563087463, 0.04160383343696594], "k_pid_att": [0.23781955242156982, 1.4905540943145752, 0.98627769947052], "k_pid_yaw": [0.5, 1e-06, 0.1], "k_pid_hsp": [9.999903678894043, 0.9689208269119263, 0.010986536741256714], "k_pid_vsp": [4.76837158203125e-05, 48.527740478515625, 399.99371337890625]}, "datetime": {"datetime": "2025-08-11 22:16:52", "elapsed": 21092.16342329979, "delta": 30.326199293136597}, "costs": {"total_cost": 8966.85339865216, "time_cost": 150, "final_distance_cost": 2453.0106465444455, "oscillation_cost": 213.10613944269264, "completition_cost": 1000.0, "overshoot_cost": 4939.435538970875, "power_cost": 49.65078354492188, "noise_cost": 161.6502901492254, "n_waypoints_completed": 0, "tot_waypoints": 9}}
{"target": -1564.4256777756018, "params": {"k_pid_pos": [1.9249365329742432, 0.9306514859199524, 0.051342546939849854], "k_pid_alt": [1.882081151008606, 0.4254663288593292, 0.17347383499145508], "k_pid_att": [100.0, 0.16006535291671753, 0.8008958101272583], "k_pid_yaw": [0.5, 1e-06, 0.1], "k_pid_hsp": [10.0, 0.9677737951278687, 0.04844066500663757], "k_pid_vsp": [0.0, 2.511061191558838, 400.0]}, "datetime": {"datetime": "2025-08-11 22:17:23", "elapsed": 21122.56976532936, "delta": 30.406342029571533}, "costs": {"total_cost": 1564.4256777756018, "time_cost": 150, "final_distance_cost": 10.425323451834023, "oscillation_cost": 78.98393937096947, "completition_cost": 1000.0, "overshoot_cost": 164.6361323114324, "power_cost": 24.547100793457034, "noise_cost": 135.83318184790872, "n_waypoints_completed": 0, "tot_waypoints": 9}}
{"target": -1547.9668358207057, "params": {"k_pid_pos": [1.8789052963256836, 0.7197467684745789, 0.028282344341278076], "k_pid_alt": [1.9775278568267822, 0.9527885317802429, 0.003199845552444458], "k_pid_att": [100.0, 1.4175182580947876, 0.9029045104980469], "k_pid_yaw": [0.5, 1e-06, 0.1], "k_pid_hsp": [9.996817588806152, 0.9814542531967163, 0.02211710810661316], "k_pid_vsp": [2.18203067779541, 22.290254592895508, 82.02510070800781]}, "datetime": {"datetime": "2025-08-11 22:17:53", "elapsed": 21153.05571603775, "delta": 30.485950708389282}, "costs": {"total_cost": 1547.9668358207057, "time_cost": 150, "final_distance_cost": 8.687779963217514, "oscillation_cost": 69.74162243339542, "completition_cost": 1000.0, "overshoot_cost": 164.05104177192908, "power_cost": 30.34039464111328, "noise_cost": 125.14599701105043, "n_waypoints_completed": 0, "tot_waypoints": 9}}
{"target": -1545.1793953987728, "params": {"k_pid_pos": [1.7965185642242432, 0.8902958035469055, 0.018141746520996094], "k_pid_alt": [1.9949153661727905, 0.5847809910774231, 0.020728647708892822], "k_pid_att": [99.99988555908203, 2.9649717807769775, 0.9752942323684692], "k_pid_yaw": [0.5, 1e-06, 0.1], "k_pid_hsp": [10.0, 0.9699220657348633, 0.08087268471717834], "k_pid_vsp": [0.003993511199951172, 1.3919363021850586, 0.07678370177745819]}, "datetime": {"datetime": "2025-08-11 22:18:24", "elapsed": 21183.70743203163, "delta": 30.651715993881226}, "costs": {"total_cost": 1545.1793953987728, "time_cost": 150, "final_distance_cost": 4.030322173494732, "oscillation_cost": 70.00795849084511, "completition_cost": 1000.0, "overshoot_cost": 166.68355995436988, "power_cost": 16.38728399658203, "noise_cost": 138.070270783481, "n_waypoints_completed": 0, "tot_waypoints": 9}}
{"target": -1545.2998464294408, "params": {"k_pid_pos": [1.9746613502502441, 0.9721200466156006, 0.012789696455001831], "k_pid_alt": [1.9783120155334473, 0.7160589098930359, 0.037481725215911865], "k_pid_att": [100.0, 5.083776950836182, 0.954757571220398], "k_pid_yaw": [0.5, 1e-06, 0.1], "k_pid_hsp": [10.0, 0.9815895557403564, 0.02311006188392639], "k_pid_vsp": [359.14544677734375, 8.409632682800293, 399.8898620605469]}, "datetime": {"datetime": "2025-08-11 22:18:54", "elapsed": 21213.912308216095, "delta": 30.2048761844635}, "costs": {"total_cost": 1545.2998464294408, "time_cost": 150, "final_distance_cost": 13.854790160842999, "oscillation_cost": 67.15060160794641, "completition_cost": 1000.0, "overshoot_cost": 164.29731265150826, "power_cost": 33.83807331542969, "noise_cost": 116.1590686937134, "n_waypoints_completed": 0, "tot_waypoints": 9}}
{"target": -1555.9894297396222, "params": {"k_pid_pos": [1.959006905555725, 0.9502005577087402, 0.0076265037059783936], "k_pid_alt": [1.8222019672393799, 0.9825962781906128, 0.016388297080993652], "k_pid_att": [100.0, 4.940145969390869, 0.9767094850540161], "k_pid_yaw": [0.5, 1e-06, 0.1], "k_pid_hsp": [10.0, 0.9428575038909912, 0.04538017511367798], "k_pid_vsp": [0.0002384185791015625, 5.102158546447754, 400.0]}, "datetime": {"datetime": "2025-08-11 22:19:24", "elapsed": 21243.971237182617, "delta": 30.058928966522217}, "costs": {"total_cost": 1555.9894297396222, "time_cost": 150, "final_distance_cost": 2.248321392596953, "oscillation_cost": 74.82058604434678, "completition_cost": 1000.0, "overshoot_cost": 165.34793630356424, "power_cost": 26.5242978515625, "noise_cost": 137.04828814755155, "n_waypoints_completed": 0, "tot_waypoints": 9}}
{"target": -1566.3651040599138, "params": {"k_pid_pos": [1.9635004997253418, 0.9164854884147644, 0.015325576066970825], "k_pid_alt": [1.9904310703277588, 0.9490931034088135, 0.012377351522445679], "k_pid_att": [100.0, 1.4978644847869873, 0.880895733833313], "k_pid_yaw": [0.5, 1e-06, 0.1], "k_pid_hsp": [10.0, 0.9922442436218262, 0.029254168272018433], "k_pid_vsp": [1.1920928955078125e-05, 37.98453903198242, 400.0]}, "datetime": {"datetime": "2025-08-11 22:19:54", "elapsed": 21273.680560350418, "delta": 29.709323167800903}, "costs": {"total_cost": 1566.3651040599138, "time_cost": 150, "final_distance_cost": 12.800360494327508, "oscillation_cost": 78.36548931808704, "completition_cost": 1000.0, "overshoot_cost": 165.4558535498263, "power_cost": 32.95516031494141, "noise_cost": 126.78824038273156, "n_waypoints_completed": 0, "tot_waypoints": 9}}
{"target": -1310.530988926125, "params": {"k_pid_pos": [1.817821741104126, 0.873390793800354, 0.03139057755470276], "k_pid_alt": [1.9911632537841797, 0.6772777438163757, 0.07601332664489746], "k_pid_att": [98.08930969238281, 3.926819324493408, 0.8549304008483887], "k_pid_yaw": [0.5, 1e-06, 0.1], "k_pid_hsp": [0.00035599939292296767, 0.962983250617981, 0.03436589241027832], "k_pid_vsp": [0.0, 76.32391357421875, 0.0032792554702609777]}, "datetime": {"datetime": "2025-08-11 22:20:24", "elapsed": 21304.00473356247, "delta": 30.32417321205139}, "costs": {"total_cost": 1310.530988926125, "time_cost": 150, "final_distance_cost": 54.72559507087091, "oscillation_cost": 90.52488116236029, "completition_cost": 888.8888888888888, "overshoot_cost": 58.1446285429972, "power_cost": 37.47882388916016, "noise_cost": 30.768171371847423, "n_waypoints_completed": 1, "tot_waypoints": 9}}
{"target": -1594.6698373860181, "params": {"k_pid_pos": [1.3383538722991943, 0.9431470036506653, 0.10150396823883057], "k_pid_alt": [1.9701248407363892, 0.9632861018180847, 0.18267682194709778], "k_pid_att": [100.0, 0.3182765245437622, 0.9525434970855713], "k_pid_yaw": [0.5, 1e-06, 0.1], "k_pid_hsp": [9.993963241577148, 0.940255880355835, 0.07002031803131104], "k_pid_vsp": [289.1371765136719, 7.52923583984375, 400.0]}, "datetime": {"datetime": "2025-08-11 22:20:53", "elapsed": 21333.234748363495, "delta": 29.23001480102539}, "costs": {"total_cost": 1594.6698373860181, "time_cost": 150, "final_distance_cost": 13.465570004834225, "oscillation_cost": 102.60801379489725, "completition_cost": 1000.0, "overshoot_cost": 165.90331758464825, "power_cost": 35.05065552978516, "noise_cost": 127.64228047185306, "n_waypoints_completed": 0, "tot_waypoints": 9}}
{"target": -1584.4087392348065, "params": {"k_pid_pos": [1.9537286758422852, 0.9895472526550293, 0.016414880752563477], "k_pid_alt": [1.8283941745758057, 0.9837591052055359, 0.0312558114528656], "k_pid_att": [99.9994125366211, 0.7712780237197876, 0.9934608936309814], "k_pid_yaw": [0.5, 1e-06, 0.1], "k_pid_hsp": [10.0, 0.9812356233596802, 0.06731587648391724], "k_pid_vsp": [7.136213779449463, 8.886874198913574, 400.0]}, "datetime": {"datetime": "2025-08-11 22:21:24", "elapsed": 21363.788484811783, "delta": 30.553736448287964}, "costs": {"total_cost": 1584.4087392348065, "time_cost": 150, "final_distance_cost": 8.496044853697324, "oscillation_cost": 96.41218049094458, "completition_cost": 1000.0, "overshoot_cost": 165.95370859899958, "power_cost": 34.55400089111328, "noise_cost": 128.99280440005182, "n_waypoints_completed": 0, "tot_waypoints": 9}}
{"target": -1570.1849722789138, "params": {"k_pid_pos": [1.9286975860595703, 0.7036551833152771, 0.009220689535140991], "k_pid_alt": [1.9368427991867065, 0.9309899210929871, 0.013611078262329102], "k_pid_att": [100.0, 0.6231974363327026, 0.9878239631652832], "k_pid_yaw": [0.5, 1e-06, 0.1], "k_pid_hsp": [0.00011430496670072898, 0.9610490798950195, 0.08335351943969727], "k_pid_vsp": [0.02887248992919922, 8.450079917907715, 9.999999974752427e-07]}, "datetime": {"datetime": "2025-08-11 22:21:54", "elapsed": 21393.857831954956, "delta": 30.069347143173218}, "costs": {"total_cost": 1570.1849722789138, "time_cost": 150, "final_distance_cost": 21.771372549648657, "oscillation_cost": 54.64500923177088, "completition_cost": 1000.0, "overshoot_cost": 172.52292524663451, "power_cost": 21.413081982421875, "noise_cost": 149.83258326843824, "n_waypoints_completed": 0, "tot_waypoints": 9}}
{"target": -1564.0116526428187, "params": {"k_pid_pos": [1.9466888904571533, 0.986208438873291, 0.023978769779205322], "k_pid_alt": [1.9831079244613647, 0.9799563884735107, 0.02735242247581482], "k_pid_att": [100.0, 2.383603096008301, 0.9425841569900513], "k_pid_yaw": [0.5, 1e-06, 0.1], "k_pid_hsp": [9.999999046325684, 0.9911092519760132, 0.02715015411376953], "k_pid_vsp": [0.1366734504699707, 18.032827377319336, 45.1289176940918]}, "datetime": {"datetime": "2025-08-11 22:22:24", "elapsed": 21423.783002138138, "delta": 29.925170183181763}, "costs": {"total_cost": 1564.0116526428187, "time_cost": 150, "final_distance_cost": 5.669712834973138, "oscillation_cost": 69.66033444817334, "completition_cost": 1000.0, "overshoot_cost": 166.21750312223472, "power_cost": 31.159564062500003, "noise_cost": 141.30453817493742, "n_waypoints_completed": 0, "tot_waypoints": 9}}
{"target": -1602.0941627878449, "params": {"k_pid_pos": [1.9890576601028442, 0.9470462799072266, 0.036033421754837036], "k_pid_alt": [1.6864778995513916, 0.9719477891921997, 0.039241284132003784], "k_pid_att": [100.0, 4.948427677154541, 0.5196080207824707], "k_pid_yaw": [0.5, 1e-06, 0.1], "k_pid_hsp": [10.0, 0.9906308650970459, 0.08938580751419067], "k_pid_vsp": [0.0888824462890625, 5.498624801635742, 0.7736931443214417]}, "datetime": {"datetime": "2025-08-11 22:22:54", "elapsed": 21454.031471967697, "delta": 30.248469829559326}, "costs": {"total_cost": 1602.0941627878449, "time_cost": 150, "final_distance_cost": 9.638232808889631, "oscillation_cost": 106.46955804950566, "completition_cost": 1000.0, "overshoot_cost": 165.9809499972272, "power_cost": 25.143843786621094, "noise_cost": 144.86157814560133, "n_waypoints_completed": 0, "tot_waypoints": 9}}
{"target": -1592.7680832881304, "params": {"k_pid_pos": [1.9632078409194946, 0.9297494888305664, 0.13057959079742432], "k_pid_alt": [1.8033080101013184, 0.911289632320404, 0.021942049264907837], "k_pid_att": [100.0, 4.695431232452393, 0.8959360122680664], "k_pid_yaw": [0.5, 1e-06, 0.1], "k_pid_hsp": [10.0, 0.9224437475204468, 0.20804202556610107], "k_pid_vsp": [9.5367431640625e-05, 7.890630722045898, 9.999999974752427e-07]}, "datetime": {"datetime": "2025-08-11 22:23:26", "elapsed": 21485.50799226761, "delta": 31.4765202999115}, "costs": {"total_cost": 1592.7680832881304, "time_cost": 150, "final_distance_cost": 10.076870696522539, "oscillation_cost": 93.08927563849537, "completition_cost": 1000.0, "overshoot_cost": 165.84866732718598, "power_cost": 26.985511877441407, "noise_cost": 146.76775774848508, "n_waypoints_completed": 0, "tot_waypoints": 9}}
{"target": -821.1153564381152, "params": {"k_pid_pos": [1.7257397174835205, 0.9689040184020996, 0.05916151404380798], "k_pid_alt": [1.9254473447799683, 0.847507119178772, 0.06169682741165161], "k_pid_att": [100.0, 0.10032748430967331, 0.9779343008995056], "k_pid_yaw": [0.5, 1e-06, 0.1], "k_pid_hsp": [9.999971389770508, 0.9493072032928467, 0.019915759563446045], "k_pid_vsp": [399.99957275390625, 11.06765365600586, 9.999999974752427e-07]}, "datetime": {"datetime": "2025-08-11 22:23:56", "elapsed": 21516.139372348785, "delta": 30.631380081176758}, "costs": {"total_cost": 821.1153564381152, "time_cost": 150, "final_distance_cost": 66.3049876532966, "oscillation_cost": 147.84495079939114, "completition_cost": 333.33333333333337, "overshoot_cost": 58.339793957021925, "power_cost": 30.982962829589844, "noise_cost": 34.30932786548241, "n_waypoints_completed": 6, "tot_waypoints": 9}}
{"target": -1364.1956239410574, "params": {"k_pid_pos": [1.8689072132110596, 0.984851598739624, 0.0565035343170166], "k_pid_alt": [1.9564104080200195, 0.9494740962982178, 0.01592925190925598], "k_pid_att": [99.99998474121094, 2.5495948791503906, 0.9949557185173035], "k_pid_yaw": [0.5, 1e-06, 0.1], "k_pid_hsp": [10.0, 0.8532149195671082, 0.04428878426551819], "k_pid_vsp": [0.0, 49.16583251953125, 0.008929776027798653]}, "datetime": {"datetime": "2025-08-11 22:24:27", "elapsed": 21547.09108543396, "delta": 30.95171308517456}, "costs": {"total_cost": 1364.1956239410574, "time_cost": 150, "final_distance_cost": 69.6829034031465, "oscillation_cost": 142.68526581018514, "completition_cost": 888.8888888888888, "overshoot_cost": 48.208217536710094, "power_cost": 34.44346707763672, "noise_cost": 30.286881224490113, "n_waypoints_completed": 1, "tot_waypoints": 9}}
{"target": -1554.8017248835185, "params": {"k_pid_pos": [1.8329774141311646, 0.9903855323791504, 0.01941576600074768], "k_pid_alt": [1.845892071723938, 0.9265971183776855, 0.1393815279006958], "k_pid_att": [100.0, 1.9123188257217407, 0.9486458897590637], "k_pid_yaw": [0.5, 1e-06, 0.1], "k_pid_hsp": [9.818376541137695, 0.989885687828064, 0.05523177981376648], "k_pid_vsp": [0.0, 7.9100141525268555, 0.00616412004455924]}, "datetime": {"datetime": "2025-08-11 22:24:58", "elapsed": 21577.6968729496, "delta": 30.60578751564026}, "costs": {"total_cost": 1554.8017248835185, "time_cost": 150, "final_distance_cost": 4.511447593413205, "oscillation_cost": 66.06859362978363, "completition_cost": 1000.0, "overshoot_cost": 167.02919570852657, "power_cost": 20.965582128906252, "noise_cost": 146.22690582288885, "n_waypoints_completed": 0, "tot_waypoints": 9}}
{"target": -1560.199876124567, "params": {"k_pid_pos": [1.9495787620544434, 0.8458857536315918, 0.044832706451416016], "k_pid_alt": [1.6671816110610962, 0.9972515106201172, 0.008246779441833496], "k_pid_att": [100.0, 1.5115859508514404, 0.8079500198364258], "k_pid_yaw": [0.5, 1e-06, 0.1], "k_pid_hsp": [10.0, 0.9964698553085327, 0.03645235300064087], "k_pid_vsp": [0.0, 44.783294677734375, 399.95166015625]}, "datetime": {"datetime": "2025-08-11 22:25:28", "elapsed": 21608.300842285156, "delta": 30.60396933555603}, "costs": {"total_cost": 1560.199876124567, "time_cost": 150, "final_distance_cost": 1.832169120666248, "oscillation_cost": 78.88810245774367, "completition_cost": 1000.0, "overshoot_cost": 164.9476841999562, "power_cost": 34.996172009277345, "noise_cost": 129.53574833692338, "n_waypoints_completed": 0, "tot_waypoints": 9}}
