{"target": -1586.9595459383906, "params": {"k_pid_pos": [1.8927538394927979, 0.994592547416687, 0.0060482025146484375], "k_pid_alt": [1.879694938659668, 0.5281578302383423, 0.004107028245925903], "k_pid_att": [100.0, 0.9572820067405701, 0.9439535737037659], "k_pid_yaw": [0.5, 1e-06, 0.1], "k_pid_hsp": [0.000993464607745409, 0.9716675877571106, 0.04174569249153137], "k_pid_vsp": [1.3483643531799316, 16.022647857666016, 399.3236999511719]}, "datetime": {"datetime": "2025-08-11 21:47:28", "elapsed": 19328.367962360382, "delta": 30.186285734176636}, "costs": {"total_cost": 1586.9595459383906, "time_cost": 150, "final_distance_cost": 16.891701482597526, "oscillation_cost": 60.75464898719232, "completition_cost": 1000.0, "overshoot_cost": 171.70207303046482, "power_cost": 30.745998657226565, "noise_cost": 156.86512378090927, "n_waypoints_completed": 0, "tot_waypoints": 9}}
{"target": -1573.1578709620114, "params": {"k_pid_pos": [1.9502356052398682, 0.8717797994613647, 0.031120777130126953], "k_pid_alt": [1.9828505516052246, 0.5352200269699097, 0.10101130604743958], "k_pid_att": [100.0, 1.2019619941711426, 0.8897343277931213], "k_pid_yaw": [0.5, 1e-06, 0.1], "k_pid_hsp": [10.0, 0.6589944362640381, 0.13363271951675415], "k_pid_vsp": [1.1920928955078125e-05, 7.714534759521484, 6.581247806549072]}, "datetime": {"datetime": "2025-08-11 21:47:59", "elapsed": 19359.32626104355, "delta": 30.958298683166504}, "costs": {"total_cost": 1573.1578709620114, "time_cost": 150, "final_distance_cost": 2.2796623060340684, "oscillation_cost": 84.86804682805403, "completition_cost": 1000.0, "overshoot_cost": 165.62828697255617, "power_cost": 24.73720731201172, "noise_cost": 145.64466754335555, "n_waypoints_completed": 0, "tot_waypoints": 9}}
{"target": -1584.2973607355264, "params": {"k_pid_pos": [1.9378764629364014, 0.9905979633331299, 0.035962045192718506], "k_pid_alt": [1.982675552368164, 0.8151648640632629, 0.17816510796546936], "k_pid_att": [99.9796142578125, 0.35893720388412476, 0.9751427173614502], "k_pid_yaw": [0.5, 1e-06, 0.1], "k_pid_hsp": [10.0, 0.962509274482727, 0.08849278092384338], "k_pid_vsp": [239.21092224121094, 125.10429382324219, 399.9600830078125]}, "datetime": {"datetime": "2025-08-11 21:48:30", "elapsed": 19389.902470350266, "delta": 30.57620930671692}, "costs": {"total_cost": 1584.2973607355264, "time_cost": 150, "final_distance_cost": 7.073553928201802, "oscillation_cost": 97.3784177644346, "completition_cost": 1000.0, "overshoot_cost": 165.89280172045773, "power_cost": 35.054532067871094, "noise_cost": 128.898055254561, "n_waypoints_completed": 0, "tot_waypoints": 9}}
{"target": -1574.6859637630594, "params": {"k_pid_pos": [1.9385640621185303, 0.6530582308769226, 0.020928233861923218], "k_pid_alt": [1.9784445762634277, 0.9957293272018433, 0.03144657611846924], "k_pid_att": [21.025245666503906, 5.5493245124816895, 0.995610237121582], "k_pid_yaw": [0.5, 1e-06, 0.1], "k_pid_hsp": [10.0, 0.9144304990768433, 0.1653013527393341], "k_pid_vsp": [0.5194425582885742, 6.687856674194336, 3.676278720377013e-05]}, "datetime": {"datetime": "2025-08-11 21:49:00", "elapsed": 19420.37034678459, "delta": 30.467876434326172}, "costs": {"total_cost": 1574.6859637630594, "time_cost": 150, "final_distance_cost": 4.880542652012025, "oscillation_cost": 87.08077744895196, "completition_cost": 1000.0, "overshoot_cost": 164.6640114818123, "power_cost": 21.49904998779297, "noise_cost": 146.56158219249014, "n_waypoints_completed": 0, "tot_waypoints": 9}}
{"target": -1356.2891635034348, "params": {"k_pid_pos": [1.4991075992584229, 0.9775964021682739, 0.1422368288040161], "k_pid_alt": [1.97224760055542, 0.9933174848556519, 0.029852241277694702], "k_pid_att": [100.0, 7.402462959289551, 0.9740976691246033], "k_pid_yaw": [0.5, 1e-06, 0.1], "k_pid_hsp": [9.999996185302734, 0.963498592376709, 0.024216502904891968], "k_pid_vsp": [0.01913309097290039, 21.56634521484375, 0.38409334421157837]}, "datetime": {"datetime": "2025-08-11 21:49:30", "elapsed": 19450.274891376495, "delta": 29.904544591903687}, "costs": {"total_cost": 1356.2891635034348, "time_cost": 150, "final_distance_cost": 69.36630391016688, "oscillation_cost": 103.9395975752048, "completition_cost": 888.8888888888888, "overshoot_cost": 78.90455404037195, "power_cost": 29.558748266601565, "noise_cost": 35.63107082220094, "n_waypoints_completed": 1, "tot_waypoints": 9}}
{"target": -1541.0234295115956, "params": {"k_pid_pos": [1.9804575443267822, 0.8922173976898193, 0.025977671146392822], "k_pid_alt": [1.9596731662750244, 0.38747555017471313, 0.04526427388191223], "k_pid_att": [100.0, 6.758653163909912, 0.9357755184173584], "k_pid_yaw": [0.5, 1e-06, 0.1], "k_pid_hsp": [3.9323110580444336, 0.9810768365859985, 0.013351351022720337], "k_pid_vsp": [399.697021484375, 7.979095935821533, 399.9998779296875]}, "datetime": {"datetime": "2025-08-11 21:50:01", "elapsed": 19481.303772449493, "delta": 31.028881072998047}, "costs": {"total_cost": 1541.0234295115956, "time_cost": 150, "final_distance_cost": 8.560305554163854, "oscillation_cost": 68.11255152447758, "completition_cost": 1000.0, "overshoot_cost": 164.33719342555665, "power_cost": 32.364947680664066, "noise_cost": 117.6484313267336, "n_waypoints_completed": 0, "tot_waypoints": 9}}
{"target": -1276.8944420893745, "params": {"k_pid_pos": [1.9951800107955933, 0.9894974827766418, 0.049632638692855835], "k_pid_alt": [1.9420902729034424, 0.9922491312026978, 0.13043087720870972], "k_pid_att": [1.6149938106536865, 1.2451826333999634, 0.816102921962738], "k_pid_yaw": [0.5, 1e-06, 0.1], "k_pid_hsp": [10.0, 0.9655881524085999, 0.0301935076713562], "k_pid_vsp": [400.0, 17.665328979492188, 400.0]}, "datetime": {"datetime": "2025-08-11 21:50:32", "elapsed": 19511.786343097687, "delta": 30.48257064819336}, "costs": {"total_cost": 1276.8944420893745, "time_cost": 150, "final_distance_cost": 90.65179276723177, "oscillation_cost": 120.71413914459555, "completition_cost": 777.7777777777778, "overshoot_cost": 67.18262499353419, "power_cost": 38.70516237792969, "noise_cost": 31.862945028305635, "n_waypoints_completed": 2, "tot_waypoints": 9}}
{"target": -1575.114055917115, "params": {"k_pid_pos": [1.9532126188278198, 0.9881570935249329, 0.04049485921859741], "k_pid_alt": [1.9574843645095825, 0.9546656012535095, 0.048172950744628906], "k_pid_att": [100.0, 1.4493024349212646, 0.9720169305801392], "k_pid_yaw": [0.5, 1e-06, 0.1], "k_pid_hsp": [9.994841575622559, 0.9822050333023071, 0.0408511757850647], "k_pid_vsp": [0.0, 52.88760757446289, 400.0]}, "datetime": {"datetime": "2025-08-11 21:51:03", "elapsed": 19542.850519180298, "delta": 31.064176082611084}, "costs": {"total_cost": 1575.114055917115, "time_cost": 150, "final_distance_cost": 14.132608747171943, "oscillation_cost": 79.77338525114783, "completition_cost": 1000.0, "overshoot_cost": 166.19662680909067, "power_cost": 33.76681502685547, "noise_cost": 131.24462008284868, "n_waypoints_completed": 0, "tot_waypoints": 9}}
{"target": -1108.3348839446621, "params": {"k_pid_pos": [1.5943751335144043, 0.9772788286209106, 0.07958206534385681], "k_pid_alt": [1.916534423828125, 0.7421083450317383, 0.029460549354553223], "k_pid_att": [100.0, 3.5031991004943848, 0.9686620235443115], "k_pid_yaw": [0.5, 1e-06, 0.1], "k_pid_hsp": [10.0, 0.9808326959609985, 0.035478174686431885], "k_pid_vsp": [0.03484487533569336, 37.44795227050781, 9.999999974752427e-07]}, "datetime": {"datetime": "2025-08-11 21:51:34", "elapsed": 19573.61563849449, "delta": 30.765119314193726}, "costs": {"total_cost": 1108.3348839446621, "time_cost": 150, "final_distance_cost": 54.53822283009822, "oscillation_cost": 105.41147886094966, "completition_cost": 666.6666666666667, "overshoot_cost": 65.90465897333013, "power_cost": 32.2331435546875, "noise_cost": 33.58071305892973, "n_waypoints_completed": 3, "tot_waypoints": 9}}
{"target": -1587.6859189354825, "params": {"k_pid_pos": [1.7710634469985962, 0.9834756851196289, 0.0987657904624939], "k_pid_alt": [1.9761053323745728, 0.6660235524177551, 0.020970046520233154], "k_pid_att": [100.0, 6.188454627990723, 0.824013352394104], "k_pid_yaw": [0.5, 1e-06, 0.1], "k_pid_hsp": [9.713676452636719, 0.9487266540527344, 0.5942652821540833], "k_pid_vsp": [0.00017881393432617188, 5.051351547241211, 3.676278720377013e-05]}, "datetime": {"datetime": "2025-08-11 21:52:04", "elapsed": 19604.173513889313, "delta": 30.557875394821167}, "costs": {"total_cost": 1587.6859189354825, "time_cost": 150, "final_distance_cost": 8.676794105334467, "oscillation_cost": 92.77634429025714, "completition_cost": 1000.0, "overshoot_cost": 166.0836126821162, "power_cost": 27.179326110839845, "noise_cost": 142.96984174693492, "n_waypoints_completed": 0, "tot_waypoints": 9}}
{"target": -1585.5588940176576, "params": {"k_pid_pos": [1.859805703163147, 0.9725212454795837, 0.06970232725143433], "k_pid_alt": [1.8306398391723633, 0.9631251096725464, 0.0470452606678009], "k_pid_att": [99.99990844726562, 2.7406320571899414, 0.9846476316452026], "k_pid_yaw": [0.5, 1e-06, 0.1], "k_pid_hsp": [0.0001238416152773425, 0.9896242618560791, 0.021902889013290405], "k_pid_vsp": [0.0, 11.789203643798828, 399.9997253417969]}, "datetime": {"datetime": "2025-08-11 21:52:36", "elapsed": 19635.435853004456, "delta": 31.262339115142822}, "costs": {"total_cost": 1585.5588940176576, "time_cost": 150, "final_distance_cost": 24.237471193594864, "oscillation_cost": 65.43504718260156, "completition_cost": 1000.0, "overshoot_cost": 173.32208666453948, "power_cost": 23.202367517089844, "noise_cost": 149.3619214598318, "n_waypoints_completed": 0, "tot_waypoints": 9}}
{"target": -1535.413783191718, "params": {"k_pid_pos": [1.913926601409912, 0.9868606925010681, 0.06938129663467407], "k_pid_alt": [1.9728552103042603, 0.9064391255378723, 0.00936037302017212], "k_pid_att": [99.99998474121094, 3.747377395629883, 0.9900307655334473], "k_pid_yaw": [0.5, 1e-06, 0.1], "k_pid_hsp": [9.99500560760498, 0.9982030391693115, 0.008776426315307617], "k_pid_vsp": [0.0, 73.98600769042969, 399.99273681640625]}, "datetime": {"datetime": "2025-08-11 21:53:06", "elapsed": 19665.755541086197, "delta": 30.319688081741333}, "costs": {"total_cost": 1535.413783191718, "time_cost": 150, "final_distance_cost": 9.948224188642657, "oscillation_cost": 53.120257262286394, "completition_cost": 1000.0, "overshoot_cost": 165.54674735861744, "power_cost": 32.019911328125005, "noise_cost": 124.7786430540463, "n_waypoints_completed": 0, "tot_waypoints": 9}}
{"target": -756.3277548420119, "params": {"k_pid_pos": [1.982587456703186, 0.9722583293914795, 0.12966686487197876], "k_pid_alt": [1.805976152420044, 0.7924596071243286, 0.09604668617248535], "k_pid_att": [100.0, 0.16574501991271973, 0.9512031674385071], "k_pid_yaw": [0.5, 1e-06, 0.1], "k_pid_hsp": [10.0, 0.9571447372436523, 0.11655402183532715], "k_pid_vsp": [399.9920349121094, 2.7286181449890137, 69.71369934082031]}, "datetime": {"datetime": "2025-08-11 21:53:37", "elapsed": 19697.08096933365, "delta": 31.325428247451782}, "costs": {"total_cost": 756.3277548420119, "time_cost": 150, "final_distance_cost": 71.06826826197447, "oscillation_cost": 176.15906236928092, "completition_cost": 222.2222222222222, "overshoot_cost": 67.68131101399968, "power_cost": 36.996381054687504, "noise_cost": 32.200509919847136, "n_waypoints_completed": 7, "tot_waypoints": 9}}
{"target": -1543.37878679984, "params": {"k_pid_pos": [1.921850323677063, 0.9474519491195679, 0.012169063091278076], "k_pid_alt": [1.8307709693908691, 0.9923657178878784, 0.1408870816230774], "k_pid_att": [100.0, 0.4631584584712982, 0.8613407611846924], "k_pid_yaw": [0.5, 1e-06, 0.1], "k_pid_hsp": [9.992196083068848, 0.9371384382247925, 0.021667301654815674], "k_pid_vsp": [0.0, 34.18621826171875, 399.99993896484375]}, "datetime": {"datetime": "2025-08-11 21:54:08", "elapsed": 19727.909685373306, "delta": 30.828716039657593}, "costs": {"total_cost": 1543.37878679984, "time_cost": 150, "final_distance_cost": 2.4939729997338977, "oscillation_cost": 69.42392288474639, "completition_cost": 1000.0, "overshoot_cost": 165.35688384540504, "power_cost": 32.32545261230469, "noise_cost": 123.77855445765032, "n_waypoints_completed": 0, "tot_waypoints": 9}}
{"target": -1547.6520390248809, "params": {"k_pid_pos": [1.921416997909546, 0.949223518371582, 0.07877618074417114], "k_pid_alt": [1.992292881011963, 0.986365020275116, 0.030001133680343628], "k_pid_att": [99.9953842163086, 4.36950159072876, 0.9557172060012817], "k_pid_yaw": [0.5, 1e-06, 0.1], "k_pid_hsp": [10.0, 0.9927769899368286, 0.05322709679603577], "k_pid_vsp": [0.0, 6.34592866897583, 0.8125434517860413]}, "datetime": {"datetime": "2025-08-11 21:54:39", "elapsed": 19758.924052000046, "delta": 31.014366626739502}, "costs": {"total_cost": 1547.6520390248809, "time_cost": 150, "final_distance_cost": 3.3666621782261164, "oscillation_cost": 64.28950268684946, "completition_cost": 1000.0, "overshoot_cost": 166.08755358643728, "power_cost": 19.78690477294922, "noise_cost": 144.12141580041882, "n_waypoints_completed": 0, "tot_waypoints": 9}}
{"target": -1583.5936971921692, "params": {"k_pid_pos": [1.9726831912994385, 0.9900872707366943, 0.03972300887107849], "k_pid_alt": [1.9888513088226318, 0.825972855091095, 0.016071289777755737], "k_pid_att": [99.66439819335938, 1.071589469909668, 0.7876370549201965], "k_pid_yaw": [0.5, 1e-06, 0.1], "k_pid_hsp": [10.0, 0.5846796631813049, 0.10924887657165527], "k_pid_vsp": [0.0, 31.644811630249023, 400.0]}, "datetime": {"datetime": "2025-08-11 21:55:10", "elapsed": 19789.976876974106, "delta": 31.05282497406006}, "costs": {"total_cost": 1583.5936971921692, "time_cost": 150, "final_distance_cost": 2.2600155798816024, "oscillation_cost": 103.36239768556126, "completition_cost": 1000.0, "overshoot_cost": 165.7641540111549, "power_cost": 34.22733687744141, "noise_cost": 127.97979303813011, "n_waypoints_completed": 0, "tot_waypoints": 9}}
{"target": -1375.0672339428963, "params": {"k_pid_pos": [1.8757368326187134, 0.9914975166320801, 0.07153856754302979], "k_pid_alt": [1.995140790939331, 0.9111804366111755, 0.023818254470825195], "k_pid_att": [99.6546630859375, 2.70818829536438, 0.9542880058288574], "k_pid_yaw": [0.5, 1e-06, 0.1], "k_pid_hsp": [10.0, 0.9850597381591797, 0.11452829837799072], "k_pid_vsp": [399.9998474121094, 8.010030746459961, 399.98193359375]}, "datetime": {"datetime": "2025-08-11 21:55:42", "elapsed": 19821.457788467407, "delta": 31.48091149330139}, "costs": {"total_cost": 1375.0672339428963, "time_cost": 150, "final_distance_cost": 65.82330306542998, "oscillation_cost": 125.30342262233185, "completition_cost": 888.8888888888888, "overshoot_cost": 76.38187186058586, "power_cost": 36.54688872070313, "noise_cost": 32.122858784956875, "n_waypoints_completed": 1, "tot_waypoints": 9}}
{"target": -1523.0605230825968, "params": {"k_pid_pos": [1.9420835971832275, 0.9846203327178955, 0.014975786209106445], "k_pid_alt": [1.8332761526107788, 0.3386990427970886, 0.05044746398925781], "k_pid_att": [100.0, 0.4438127875328064, 0.8280282020568848], "k_pid_yaw": [0.5, 1e-06, 0.1], "k_pid_hsp": [9.999977111816406, 0.9424477815628052, 0.013413399457931519], "k_pid_vsp": [0.0004172325134277344, 1.4964709281921387, 400.0]}, "datetime": {"datetime": "2025-08-11 21:56:12", "elapsed": 19852.267221212387, "delta": 30.80943274497986}, "costs": {"total_cost": 1523.0605230825968, "time_cost": 150, "final_distance_cost": 1.5895712089230227, "oscillation_cost": 53.24362148154723, "completition_cost": 1000.0, "overshoot_cost": 164.5665835311942, "power_cost": 18.926160620117187, "noise_cost": 134.73458624081502, "n_waypoints_completed": 0, "tot_waypoints": 9}}
{"target": -1559.4512231401866, "params": {"k_pid_pos": [1.9690109491348267, 0.9422937631607056, 0.045442938804626465], "k_pid_alt": [1.9455547332763672, 0.9738748073577881, 0.2070094645023346], "k_pid_att": [99.98731994628906, 1.5437750816345215, 0.9870707988739014], "k_pid_yaw": [0.5, 1e-06, 0.1], "k_pid_hsp": [0.6433141231536865, 0.9979469180107117, 0.11593124270439148], "k_pid_vsp": [1.1920928955078125e-05, 23.500455856323242, 399.8887634277344]}, "datetime": {"datetime": "2025-08-11 21:56:43", "elapsed": 19882.978727817535, "delta": 30.711506605148315}, "costs": {"total_cost": 1559.4512231401866, "time_cost": 150, "final_distance_cost": 5.147046143572016, "oscillation_cost": 73.37304870773761, "completition_cost": 1000.0, "overshoot_cost": 170.32529235502898, "power_cost": 31.347960363769534, "noise_cost": 129.25787557007834, "n_waypoints_completed": 0, "tot_waypoints": 9}}
{"target": -724.8048360323106, "params": {"k_pid_pos": [1.972662329673767, 0.897637128829956, 0.0030535459518432617], "k_pid_alt": [1.9770643711090088, 0.897476315498352, 0.010907948017120361], "k_pid_att": [100.0, 3.6591880321502686, 0.8968795537948608], "k_pid_yaw": [0.5, 1e-06, 0.1], "k_pid_hsp": [10.0, 0.9933634996414185, 0.018208026885986328], "k_pid_vsp": [396.0191650390625, 22.140588760375977, 0.9171496033668518]}, "datetime": {"datetime": "2025-08-11 21:57:14", "elapsed": 19914.184694051743, "delta": 31.205966234207153}, "costs": {"total_cost": 724.8048360323106, "time_cost": 150, "final_distance_cost": 73.13581161533713, "oscillation_cost": 149.04229237102, "completition_cost": 222.2222222222222, "overshoot_cost": 66.17850916864074, "power_cost": 30.314564501953125, "noise_cost": 33.91143615313735, "n_waypoints_completed": 7, "tot_waypoints": 9}}
{"target": -1533.4178450384065, "params": {"k_pid_pos": [1.850120186805725, 0.9700790643692017, 0.12361294031143188], "k_pid_alt": [1.905698537826538, 0.9666210412979126, 0.006911039352416992], "k_pid_att": [46.961002349853516, 2.503901720046997, 0.9528953433036804], "k_pid_yaw": [0.5, 1e-06, 0.1], "k_pid_hsp": [10.0, 0.9507961869239807, 0.007927924394607544], "k_pid_vsp": [0.0, 6.885934829711914, 0.8892307877540588]}, "datetime": {"datetime": "2025-08-11 21:57:45", "elapsed": 19944.79292011261, "delta": 30.60822606086731}, "costs": {"total_cost": 1533.4178450384065, "time_cost": 150, "final_distance_cost": 4.314483965964798, "oscillation_cost": 50.320320897596446, "completition_cost": 1000.0, "overshoot_cost": 165.5427280139524, "power_cost": 16.80227155761719, "noise_cost": 146.4380406032758, "n_waypoints_completed": 0, "tot_waypoints": 9}}
{"target": -1547.978470635648, "params": {"k_pid_pos": [1.7422072887420654, 0.9710744619369507, 0.01930662989616394], "k_pid_alt": [1.7936536073684692, 0.9843857288360596, 0.059782713651657104], "k_pid_att": [100.0, 0.30013513565063477, 0.9700930118560791], "k_pid_yaw": [0.5, 1e-06, 0.1], "k_pid_hsp": [0.00014470303722191602, 0.9858543872833252, 0.04929685592651367], "k_pid_vsp": [86.76567077636719, 49.85626983642578, 400.0]}, "datetime": {"datetime": "2025-08-11 21:58:16", "elapsed": 19975.505616903305, "delta": 30.71269679069519}, "costs": {"total_cost": 1547.978470635648, "time_cost": 150, "final_distance_cost": 21.13848020498262, "oscillation_cost": 50.25526295930325, "completition_cost": 1000.0, "overshoot_cost": 173.86297205397867, "power_cost": 30.19472626953125, "noise_cost": 122.52702914785235, "n_waypoints_completed": 0, "tot_waypoints": 9}}
{"target": -1579.4826124521376, "params": {"k_pid_pos": [1.8694747686386108, 0.9525891542434692, 0.11887288093566895], "k_pid_alt": [1.9688704013824463, 0.9457248449325562, 0.14780402183532715], "k_pid_att": [99.99996185302734, 6.1343817710876465, 0.9890533685684204], "k_pid_yaw": [0.5, 1e-06, 0.1], "k_pid_hsp": [10.0, 0.9001231789588928, 0.09310770034790039], "k_pid_vsp": [0.0, 5.359948635101318, 399.9366149902344]}, "datetime": {"datetime": "2025-08-11 21:58:47", "elapsed": 20006.40379881859, "delta": 30.898181915283203}, "costs": {"total_cost": 1579.4826124521376, "time_cost": 150, "final_distance_cost": 11.946247783209094, "oscillation_cost": 85.55348463140362, "completition_cost": 1000.0, "overshoot_cost": 165.9479312203493, "power_cost": 29.23525955810547, "noise_cost": 136.79968925907002, "n_waypoints_completed": 0, "tot_waypoints": 9}}
{"target": -1302.8895598880454, "params": {"k_pid_pos": [1.8816235065460205, 0.47536343336105347, 0.01949775218963623], "k_pid_alt": [1.876481533050537, 0.9964858293533325, 0.005941659212112427], "k_pid_att": [100.0, 0.5310350060462952, 0.9797153472900391], "k_pid_yaw": [0.5, 1e-06, 0.1], "k_pid_hsp": [9.999981880187988, 0.89641934633255, 0.49170053005218506], "k_pid_vsp": [0.0, 16.160608291625977, 9.999999974752427e-07]}, "datetime": {"datetime": "2025-08-11 21:59:17", "elapsed": 20037.33706331253, "delta": 30.93326449394226}, "costs": {"total_cost": 1302.8895598880454, "time_cost": 150, "final_distance_cost": 55.135331843512496, "oscillation_cost": 371.28888868403453, "completition_cost": 555.5555555555555, "overshoot_cost": 95.43296070371571, "power_cost": 32.941245568847656, "noise_cost": 42.53557753237946, "n_waypoints_completed": 4, "tot_waypoints": 9}}
{"target": -1663.9574420077054, "params": {"k_pid_pos": [1.9568867683410645, 0.8768119812011719, 0.2783074676990509], "k_pid_alt": [1.9675511121749878, 0.9414510726928711, 0.047871798276901245], "k_pid_att": [100.0, 3.1131703853607178, 0.837723433971405], "k_pid_yaw": [0.5, 1e-06, 0.1], "k_pid_hsp": [10.0, 0.9864356517791748, 0.1519176959991455], "k_pid_vsp": [0.539851188659668, 41.8314208984375, 399.99993896484375]}, "datetime": {"datetime": "2025-08-11 21:59:48", "elapsed": 20068.14254140854, "delta": 30.8054780960083}, "costs": {"total_cost": 1663.9574420077054, "time_cost": 150, "final_distance_cost": 56.224002303709845, "oscillation_cost": 321.1277641545525, "completition_cost": 888.8888888888888, "overshoot_cost": 128.58435349595268, "power_cost": 36.30587143554688, "noise_cost": 82.82656172905499, "n_waypoints_completed": 1, "tot_waypoints": 9}}
