{"target": -3646.9237954961313, "params": {"k_pid_pos": [1.4901217222213745, 0.967280387878418, 0.9267944693565369], "k_pid_alt": [1.5751979351043701, 0.29655954241752625, 0.6309066414833069], "k_pid_att": [99.99993896484375, 1.9734362363815308, 0.8668642044067383], "k_pid_yaw": [0.5, 1e-06, 0.1], "k_pid_hsp": [2.518005847930908, 0.8590254783630371, 0.05274057388305664], "k_pid_vsp": [0.0, 50.06775665283203, 392.37615966796875]}, "datetime": {"datetime": "2025-08-11 18:37:50", "elapsed": 7950.36030960083, "delta": 30.604573488235474}, "costs": {"total_cost": 3646.9237954961313, "time_cost": 150, "final_distance_cost": 780.268829930142, "oscillation_cost": 580.1450154084647, "completition_cost": 888.8888888888888, "overshoot_cost": 1177.4370249836552, "power_cost": 37.06023775634766, "noise_cost": 33.12379852863305, "n_waypoints_completed": 1, "tot_waypoints": 9}}
{"target": -1300.0333471890776, "params": {"k_pid_pos": [1.9810874462127686, 0.8777585029602051, 0.03147077560424805], "k_pid_alt": [1.9135446548461914, 0.7603399753570557, 0.13938099145889282], "k_pid_att": [99.9704818725586, 2.8370718955993652, 0.9556111097335815], "k_pid_yaw": [0.5, 1e-06, 0.1], "k_pid_hsp": [9.999999046325684, 0.7781432271003723, 0.42875945568084717], "k_pid_vsp": [1.6918182373046875, 22.248937606811523, 0.005448864307254553]}, "datetime": {"datetime": "2025-08-11 18:38:21", "elapsed": 7981.036370277405, "delta": 30.676060676574707}, "costs": {"total_cost": 1300.0333471890776, "time_cost": 150, "final_distance_cost": 79.94995457435614, "oscillation_cost": 164.73682059565198, "completition_cost": 777.7777777777778, "overshoot_cost": 58.48837468968045, "power_cost": 35.96715360107422, "noise_cost": 33.11326595053696, "n_waypoints_completed": 2, "tot_waypoints": 9}}
{"target": -1578.838804314673, "params": {"k_pid_pos": [1.6533839702606201, 0.9154559373855591, 0.3068479895591736], "k_pid_alt": [1.7525333166122437, 0.37793076038360596, 0.8574903011322021], "k_pid_att": [100.0, 1.9330778121948242, 0.8994234800338745], "k_pid_yaw": [0.5, 1e-06, 0.1], "k_pid_hsp": [10.0, 0.9379257559776306, 0.4879247844219208], "k_pid_vsp": [0.18410682678222656, 200.52655029296875, 399.9829406738281]}, "datetime": {"datetime": "2025-08-11 18:38:51", "elapsed": 8011.018605232239, "delta": 29.982234954833984}, "costs": {"total_cost": 1578.838804314673, "time_cost": 150, "final_distance_cost": 4.382434339708154, "oscillation_cost": 102.31055665136732, "completition_cost": 1000.0, "overshoot_cost": 164.8591424501007, "power_cost": 33.84006088867188, "noise_cost": 123.44660998482514, "n_waypoints_completed": 0, "tot_waypoints": 9}}
{"target": -614.1479973784808, "params": {"k_pid_pos": [1.980000615119934, 0.2271512746810913, 0.060997456312179565], "k_pid_alt": [1.7348995208740234, 0.4692174196243286, 0.9339421391487122], "k_pid_att": [99.9993667602539, 7.4993896484375, 0.6978256702423096], "k_pid_yaw": [0.5, 1e-06, 0.1], "k_pid_hsp": [9.99864387512207, 0.9812439680099487, 0.04464539885520935], "k_pid_vsp": [398.7992858886719, 166.9081268310547, 399.99798583984375]}, "datetime": {"datetime": "2025-08-11 18:39:22", "elapsed": 8041.614363908768, "delta": 30.59575867652893}, "costs": {"total_cost": 614.1479973784808, "time_cost": 150, "final_distance_cost": 20.584713024208412, "oscillation_cost": 196.59852182997753, "completition_cost": 111.11111111111116, "overshoot_cost": 73.35693718528657, "power_cost": 31.966684289550784, "noise_cost": 30.530029938346445, "n_waypoints_completed": 8, "tot_waypoints": 9}}
{"target": -1580.3740205787217, "params": {"k_pid_pos": [1.8191790580749512, 0.9334686994552612, 0.05302882194519043], "k_pid_alt": [1.864696979522705, 0.6079413294792175, 0.24279361963272095], "k_pid_att": [99.99442291259766, 8.55729866027832, 0.9688262939453125], "k_pid_yaw": [0.5, 1e-06, 0.1], "k_pid_hsp": [9.999287605285645, 0.8198980093002319, 0.3340194821357727], "k_pid_vsp": [0.1511693000793457, 115.63297271728516, 382.4875793457031]}, "datetime": {"datetime": "2025-08-11 18:39:52", "elapsed": 8071.649580955505, "delta": 30.03521704673767}, "costs": {"total_cost": 1580.3740205787217, "time_cost": 150, "final_distance_cost": 2.308734930224054, "oscillation_cost": 98.4831425112352, "completition_cost": 1000.0, "overshoot_cost": 165.46288620626828, "power_cost": 35.58337674560547, "noise_cost": 128.53588018538892, "n_waypoints_completed": 0, "tot_waypoints": 9}}
{"target": -543.2087457229273, "params": {"k_pid_pos": [1.8647226095199585, 0.5464535355567932, 0.2025972306728363], "k_pid_alt": [1.918358564376831, 0.8902127146720886, 0.3667185306549072], "k_pid_att": [100.0, 3.6826834678649902, 0.5379449129104614], "k_pid_yaw": [0.5, 1e-06, 0.1], "k_pid_hsp": [0.035746797919273376, 0.8584434390068054, 0.02832522988319397], "k_pid_vsp": [400.0, 10.440898895263672, 3.1004319190979004]}, "datetime": {"datetime": "2025-08-11 18:40:22", "elapsed": 8101.996467113495, "delta": 30.346886157989502}, "costs": {"total_cost": 543.2087457229273, "time_cost": 150, "final_distance_cost": 48.20088984117982, "oscillation_cost": 93.07103783827961, "completition_cost": 111.11111111111116, "overshoot_cost": 72.60067619659938, "power_cost": 32.651789379882814, "noise_cost": 35.57324135587459, "n_waypoints_completed": 8, "tot_waypoints": 9}}
{"target": -566.858717988204, "params": {"k_pid_pos": [1.92031729221344, 0.3621588349342346, 0.7469527721405029], "k_pid_alt": [1.900048851966858, 0.5833402872085571, 0.17741495370864868], "k_pid_att": [99.98567962646484, 2.054124593734741, 0.38657769560813904], "k_pid_yaw": [0.5, 1e-06, 0.1], "k_pid_hsp": [9.999999046325684, 0.45847105979919434, 0.118691086769104], "k_pid_vsp": [399.999755859375, 313.1059265136719, 399.37738037109375]}, "datetime": {"datetime": "2025-08-11 18:40:46", "elapsed": 8125.842644929886, "delta": 23.84617781639099}, "costs": {"total_cost": 566.858717988204, "time_cost": 94.15, "final_distance_cost": 1.762558082845196, "oscillation_cost": 358.6128736192663, "completition_cost": 0.0, "overshoot_cost": 61.153443865482366, "power_cost": 28.238066235351564, "noise_cost": 22.94177618525859, "n_waypoints_completed": 9, "tot_waypoints": 9}}
{"target": -801.1270497810651, "params": {"k_pid_pos": [1.8808073997497559, 0.9392532110214233, 0.352129191160202], "k_pid_alt": [1.8351582288742065, 0.4316413402557373, 0.11816930770874023], "k_pid_att": [100.0, 0.740519106388092, 0.6878424882888794], "k_pid_yaw": [0.5, 1e-06, 0.1], "k_pid_hsp": [0.0003944440104532987, 0.9807026982307434, 0.12844669818878174], "k_pid_vsp": [359.2013854980469, 51.95112228393555, 37.51483154296875]}, "datetime": {"datetime": "2025-08-11 18:41:16", "elapsed": 8156.0574424266815, "delta": 30.214797496795654}, "costs": {"total_cost": 801.1270497810651, "time_cost": 150, "final_distance_cost": 67.75531768097457, "oscillation_cost": 101.94996140158227, "completition_cost": 333.33333333333337, "overshoot_cost": 78.77059727958694, "power_cost": 37.44334448242188, "noise_cost": 31.874495603166224, "n_waypoints_completed": 6, "tot_waypoints": 9}}
{"target": -1543.4621147519047, "params": {"k_pid_pos": [1.9009826183319092, 0.9573477506637573, 0.17229503393173218], "k_pid_alt": [1.7890750169754028, 0.5846360325813293, 0.3963947892189026], "k_pid_att": [100.0, 1.2726517915725708, 0.9744548797607422], "k_pid_yaw": [0.5, 1e-06, 0.1], "k_pid_hsp": [9.98390007019043, 0.9719250202178955, 0.01734548807144165], "k_pid_vsp": [109.4222412109375, 106.20293426513672, 399.99993896484375]}, "datetime": {"datetime": "2025-08-11 18:41:46", "elapsed": 8186.240411996841, "delta": 30.182969570159912}, "costs": {"total_cost": 1543.4621147519047, "time_cost": 150, "final_distance_cost": 8.799195903925753, "oscillation_cost": 64.16141598751489, "completition_cost": 1000.0, "overshoot_cost": 164.32448233127027, "power_cost": 32.75955625, "noise_cost": 123.41746427919352, "n_waypoints_completed": 0, "tot_waypoints": 9}}
{"target": -1708.7903865529931, "params": {"k_pid_pos": [1.7054834365844727, 0.11627137660980225, 0.4185989499092102], "k_pid_alt": [1.789543628692627, 0.868894100189209, 0.05449312925338745], "k_pid_att": [100.0, 4.757252216339111, 0.628675103187561], "k_pid_yaw": [0.5, 1e-06, 0.1], "k_pid_hsp": [8.46121883392334, 0.8591839671134949, 0.49534642696380615], "k_pid_vsp": [1.5918970108032227, 10.640836715698242, 400.0]}, "datetime": {"datetime": "2025-08-11 18:42:16", "elapsed": 8215.526941537857, "delta": 29.286529541015625}, "costs": {"total_cost": 1708.7903865529931, "time_cost": 150, "final_distance_cost": 74.16315084331522, "oscillation_cost": 616.4154496021347, "completition_cost": 666.6666666666667, "overshoot_cost": 130.95031504890665, "power_cost": 35.321012109375005, "noise_cost": 35.27379228259486, "n_waypoints_completed": 3, "tot_waypoints": 9}}
{"target": -1237.6219286139112, "params": {"k_pid_pos": [1.7860525846481323, 0.7654379606246948, 0.045765072107315063], "k_pid_alt": [1.5723779201507568, 0.6725748181343079, 0.06563401222229004], "k_pid_att": [16.562725067138672, 1.284224510192871, 0.8479310274124146], "k_pid_yaw": [0.5, 1e-06, 0.1], "k_pid_hsp": [0.19621996581554413, 0.9368898868560791, 0.2142598032951355], "k_pid_vsp": [307.16156005859375, 196.59011840820312, 399.9935607910156]}, "datetime": {"datetime": "2025-08-11 18:42:46", "elapsed": 8245.49925327301, "delta": 29.9723117351532}, "costs": {"total_cost": 1237.6219286139112, "time_cost": 150, "final_distance_cost": 61.69871033229627, "oscillation_cost": 73.85692024953605, "completition_cost": 777.7777777777778, "overshoot_cost": 101.62900105091805, "power_cost": 37.91392493896485, "noise_cost": 34.7455942644184, "n_waypoints_completed": 2, "tot_waypoints": 9}}
{"target": -3453.028435356478, "params": {"k_pid_pos": [1.7901630401611328, 0.773057222366333, 0.7919002175331116], "k_pid_alt": [1.9476995468139648, 0.7325800657272339, 0.09353291988372803], "k_pid_att": [0.0020325183868408203, 2.3231873512268066, 0.873306393623352], "k_pid_yaw": [0.5, 1e-06, 0.1], "k_pid_hsp": [10.0, 0.974101185798645, 0.06002742052078247], "k_pid_vsp": [0.0, 170.60658264160156, 397.6416931152344]}, "datetime": {"datetime": "2025-08-11 18:43:16", "elapsed": 8275.738578557968, "delta": 30.239325284957886}, "costs": {"total_cost": 3453.028435356478, "time_cost": 150, "final_distance_cost": 241.67432076172992, "oscillation_cost": 1150.7992013660207, "completition_cost": 1000.0, "overshoot_cost": 696.8455469949682, "power_cost": 51.90105018310547, "noise_cost": 161.80831605065393, "n_waypoints_completed": 0, "tot_waypoints": 9}}
{"target": -8207.098214586504, "params": {"k_pid_pos": [1.9514925479888916, 0.6780369877815247, 0.011564284563064575], "k_pid_alt": [1.8749864101409912, 0.6026766300201416, 0.5362331867218018], "k_pid_att": [0.003921985626220703, 2.978506326675415, 0.9364068508148193], "k_pid_yaw": [0.5, 1e-06, 0.1], "k_pid_hsp": [0.00013486837269738317, 0.9791405200958252, 0.27232247591018677], "k_pid_vsp": [1.1920928955078125e-05, 204.46701049804688, 0.3320227265357971]}, "datetime": {"datetime": "2025-08-11 18:43:46", "elapsed": 8305.686130285263, "delta": 29.947551727294922}, "costs": {"total_cost": 8207.098214586504, "time_cost": 150, "final_distance_cost": 1755.443307258662, "oscillation_cost": 1876.2828231993738, "completition_cost": 1000.0, "overshoot_cost": 3218.35077474359, "power_cost": 58.50210384521485, "noise_cost": 148.51920553966232, "n_waypoints_completed": 0, "tot_waypoints": 9}}
{"target": -1473.289466459503, "params": {"k_pid_pos": [1.9623876810073853, 0.9741088151931763, 0.5689313411712646], "k_pid_alt": [1.9763412475585938, 0.9166936874389648, 0.06928479671478271], "k_pid_att": [100.0, 1.1722502708435059, 0.8406773805618286], "k_pid_yaw": [0.5, 1e-06, 0.1], "k_pid_hsp": [10.0, 0.9181778430938721, 0.4484775960445404], "k_pid_vsp": [0.0, 69.77727508544922, 399.99993896484375]}, "datetime": {"datetime": "2025-08-11 18:44:16", "elapsed": 8335.790977716446, "delta": 30.10484743118286}, "costs": {"total_cost": 1473.289466459503, "time_cost": 150, "final_distance_cost": 91.3853727826467, "oscillation_cost": 350.7582910961171, "completition_cost": 666.6666666666667, "overshoot_cost": 132.94507540689543, "power_cost": 35.950901525878905, "noise_cost": 45.583158981298, "n_waypoints_completed": 3, "tot_waypoints": 9}}
{"target": -1823.4123792364462, "params": {"k_pid_pos": [1.5900781154632568, 0.5795385837554932, 0.14631140232086182], "k_pid_alt": [1.7140839099884033, 0.6857942938804626, 0.021015703678131104], "k_pid_att": [99.9688491821289, 2.5154569149017334, 0.5102787613868713], "k_pid_yaw": [0.5, 1e-06, 0.1], "k_pid_hsp": [10.0, 0.9893735647201538, 0.10348448157310486], "k_pid_vsp": [0.0015139579772949219, 16.40380859375, 400.0]}, "datetime": {"datetime": "2025-08-11 18:44:46", "elapsed": 8365.444509267807, "delta": 29.653531551361084}, "costs": {"total_cost": 1823.4123792364462, "time_cost": 150, "final_distance_cost": 189.05924500397478, "oscillation_cost": 526.7596822125981, "completition_cost": 666.6666666666667, "overshoot_cost": 214.12236469849043, "power_cost": 36.2056474609375, "noise_cost": 40.59877319377855, "n_waypoints_completed": 3, "tot_waypoints": 9}}
{"target": -1577.9055902691512, "params": {"k_pid_pos": [1.5977038145065308, 0.9740703701972961, 0.39245301485061646], "k_pid_alt": [1.9532508850097656, 0.4695681929588318, 0.4656139016151428], "k_pid_att": [100.0, 8.82522201538086, 0.9803853631019592], "k_pid_yaw": [0.5, 1e-06, 0.1], "k_pid_hsp": [4.058054447174072, 0.9719569683074951, 0.14127415418624878], "k_pid_vsp": [262.35809326171875, 95.14802551269531, 399.9772644042969]}, "datetime": {"datetime": "2025-08-11 18:45:16", "elapsed": 8395.385050535202, "delta": 29.94054126739502}, "costs": {"total_cost": 1577.9055902691512, "time_cost": 150, "final_distance_cost": 4.537323034433683, "oscillation_cost": 93.0089660281242, "completition_cost": 1000.0, "overshoot_cost": 165.14904271953557, "power_cost": 35.44862681884766, "noise_cost": 129.76163166821004, "n_waypoints_completed": 0, "tot_waypoints": 9}}
{"target": -1302.7412949828138, "params": {"k_pid_pos": [1.9571876525878906, 0.45054754614830017, 0.12496554851531982], "k_pid_alt": [1.8269518613815308, 0.39504700899124146, 0.07315731048583984], "k_pid_att": [3.229686737060547, 4.5377326011657715, 0.7865867614746094], "k_pid_yaw": [0.5, 1e-06, 0.1], "k_pid_hsp": [9.999999747378752e-05, 0.6088488698005676, 0.08635705709457397], "k_pid_vsp": [347.4900817871094, 105.0526123046875, 400.0]}, "datetime": {"datetime": "2025-08-11 18:45:45", "elapsed": 8425.073673009872, "delta": 29.68862247467041}, "costs": {"total_cost": 1302.7412949828138, "time_cost": 150, "final_distance_cost": 96.48162022210064, "oscillation_cost": 107.28001879990452, "completition_cost": 777.7777777777778, "overshoot_cost": 100.24990214609285, "power_cost": 38.01480541992188, "noise_cost": 32.937170617016065, "n_waypoints_completed": 2, "tot_waypoints": 9}}
{"target": -1590.7372899049512, "params": {"k_pid_pos": [1.9131581783294678, 0.3115224242210388, 0.45839184522628784], "k_pid_alt": [1.830104112625122, 0.9366686940193176, 0.05305519700050354], "k_pid_att": [99.99996185302734, 1.9239141941070557, 0.8739916086196899], "k_pid_yaw": [0.5, 1e-06, 0.1], "k_pid_hsp": [0.003681309288367629, 0.7900145053863525, 0.34701627492904663], "k_pid_vsp": [0.30051469802856445, 57.295108795166016, 400.0]}, "datetime": {"datetime": "2025-08-11 18:46:15", "elapsed": 8454.752841234207, "delta": 29.679168224334717}, "costs": {"total_cost": 1590.7372899049512, "time_cost": 150, "final_distance_cost": 7.703624667564881, "oscillation_cost": 148.34173545670507, "completition_cost": 1000.0, "overshoot_cost": 164.7764795287361, "power_cost": 36.384452270507815, "noise_cost": 83.53099798143732, "n_waypoints_completed": 0, "tot_waypoints": 9}}
{"target": -890.415635474738, "params": {"k_pid_pos": [1.9168243408203125, 0.7487643957138062, 0.11261597275733948], "k_pid_alt": [1.889068841934204, 0.9125669598579407, 0.13810238242149353], "k_pid_att": [100.0, 1.1210066080093384, 0.9097949862480164], "k_pid_yaw": [0.5, 1e-06, 0.1], "k_pid_hsp": [10.0, 0.8557378053665161, 0.348550021648407], "k_pid_vsp": [7.0070624351501465, 14.04663372039795, 0.005842254962772131]}, "datetime": {"datetime": "2025-08-11 18:46:45", "elapsed": 8484.377685546875, "delta": 29.624844312667847}, "costs": {"total_cost": 890.415635474738, "time_cost": 150, "final_distance_cost": 66.5681528990044, "oscillation_cost": 214.72262617128482, "completition_cost": 333.33333333333337, "overshoot_cost": 55.546077358737286, "power_cost": 35.128746691894534, "noise_cost": 35.116699020483544, "n_waypoints_completed": 6, "tot_waypoints": 9}}
{"target": -1568.6598505068948, "params": {"k_pid_pos": [1.961928367614746, 0.9507354497909546, 0.05214560031890869], "k_pid_alt": [1.868302822113037, 0.22164005041122437, 0.08355331420898438], "k_pid_att": [99.99410247802734, 1.311719536781311, 0.9639638662338257], "k_pid_yaw": [0.5, 1e-06, 0.1], "k_pid_hsp": [0.00010029802069766447, 0.9638998508453369, 0.21149778366088867], "k_pid_vsp": [0.07185935974121094, 98.40689849853516, 399.99151611328125]}, "datetime": {"datetime": "2025-08-11 18:47:14", "elapsed": 8514.051644086838, "delta": 29.67395853996277}, "costs": {"total_cost": 1568.6598505068948, "time_cost": 150, "final_distance_cost": 13.571020787498881, "oscillation_cost": 69.2263590651222, "completition_cost": 1000.0, "overshoot_cost": 172.51283581684268, "power_cost": 33.254765930175786, "noise_cost": 130.09486890725523, "n_waypoints_completed": 0, "tot_waypoints": 9}}
{"target": -1575.3720379078131, "params": {"k_pid_pos": [1.9240257740020752, 0.4376346468925476, 0.45917263627052307], "k_pid_alt": [1.933948278427124, 0.978202760219574, 0.7882870435714722], "k_pid_att": [83.22557067871094, 6.811884880065918, 0.40854746103286743], "k_pid_yaw": [0.5, 1e-06, 0.1], "k_pid_hsp": [9.999980926513672, 0.9466010332107544, 0.6442977786064148], "k_pid_vsp": [0.00022649765014648438, 8.277071952819824, 100.07276916503906]}, "datetime": {"datetime": "2025-08-11 18:47:44", "elapsed": 8543.930401086807, "delta": 29.878756999969482}, "costs": {"total_cost": 1575.3720379078131, "time_cost": 150, "final_distance_cost": 66.92347827769834, "oscillation_cost": 526.6776866676555, "completition_cost": 666.6666666666667, "overshoot_cost": 96.0354764265865, "power_cost": 36.24448363037109, "noise_cost": 32.82424623883502, "n_waypoints_completed": 3, "tot_waypoints": 9}}
{"target": -1406.7175772091907, "params": {"k_pid_pos": [1.8730599880218506, 0.6918794512748718, 0.05963382124900818], "k_pid_alt": [1.954138994216919, 0.3739123046398163, 0.7527177929878235], "k_pid_att": [100.0, 9.386560440063477, 0.9892029166221619], "k_pid_yaw": [0.5, 1e-06, 0.1], "k_pid_hsp": [9.994397163391113, 0.6090704202651978, 0.12912091612815857], "k_pid_vsp": [0.0, 250.38168334960938, 400.0]}, "datetime": {"datetime": "2025-08-11 18:48:14", "elapsed": 8574.291278362274, "delta": 30.36087727546692}, "costs": {"total_cost": 1406.7175772091907, "time_cost": 150, "final_distance_cost": 100.54279917554989, "oscillation_cost": 206.44428843418657, "completition_cost": 666.6666666666667, "overshoot_cost": 183.57736382603755, "power_cost": 35.80965852050782, "noise_cost": 63.67680058624236, "n_waypoints_completed": 3, "tot_waypoints": 9}}
{"target": -829.7588806835391, "params": {"k_pid_pos": [1.6557906866073608, 0.6359173059463501, 0.10118284821510315], "k_pid_alt": [1.868152379989624, 0.987711489200592, 0.08799558877944946], "k_pid_att": [99.96925354003906, 1.5411782264709473, 0.8657823801040649], "k_pid_yaw": [0.5, 1e-06, 0.1], "k_pid_hsp": [9.999987602233887, 0.7628399729728699, 0.01982516050338745], "k_pid_vsp": [386.1455383300781, 162.30552673339844, 400.0]}, "datetime": {"datetime": "2025-08-11 18:48:45", "elapsed": 8604.471237897873, "delta": 30.179959535598755}, "costs": {"total_cost": 829.7588806835391, "time_cost": 150, "final_distance_cost": 70.57308913019646, "oscillation_cost": 138.72623192612977, "completition_cost": 333.33333333333337, "overshoot_cost": 71.16314710189054, "power_cost": 33.79024326171875, "noise_cost": 32.172835930270246, "n_waypoints_completed": 6, "tot_waypoints": 9}}
{"target": -1584.2700121724235, "params": {"k_pid_pos": [1.6799509525299072, 0.9048445820808411, 0.10739302635192871], "k_pid_alt": [1.5768334865570068, 0.7015306949615479, 0.31632012128829956], "k_pid_att": [99.62022399902344, 0.270227313041687, 0.9449261426925659], "k_pid_yaw": [0.5, 1e-06, 0.1], "k_pid_hsp": [9.987332344055176, 0.9579062461853027, 0.1268061399459839], "k_pid_vsp": [0.43675899505615234, 147.40744018554688, 399.3877868652344]}, "datetime": {"datetime": "2025-08-11 18:49:14", "elapsed": 8634.032356739044, "delta": 29.561118841171265}, "costs": {"total_cost": 1584.2700121724235, "time_cost": 150, "final_distance_cost": 11.196219479238692, "oscillation_cost": 95.05304840484223, "completition_cost": 1000.0, "overshoot_cost": 165.79651772776745, "power_cost": 34.291571520996094, "noise_cost": 127.93265503957933, "n_waypoints_completed": 0, "tot_waypoints": 9}}
{"target": -1541.8065406316587, "params": {"k_pid_pos": [1.8693703413009644, 0.9665453433990479, 0.26582419872283936], "k_pid_alt": [1.9939916133880615, 0.45820194482803345, 0.11975255608558655], "k_pid_att": [100.0, 7.801261901855469, 0.6347411274909973], "k_pid_yaw": [0.5, 1e-06, 0.1], "k_pid_hsp": [9.999999046325684, 0.9453631639480591, 0.013784587383270264], "k_pid_vsp": [0.006806850433349609, 17.12298583984375, 9.171236991882324]}, "datetime": {"datetime": "2025-08-11 18:49:44", "elapsed": 8664.342804670334, "delta": 30.310447931289673}, "costs": {"total_cost": 1541.8065406316587, "time_cost": 150, "final_distance_cost": 2.2857251593562142, "oscillation_cost": 65.80553538603904, "completition_cost": 1000.0, "overshoot_cost": 161.30707758101025, "power_cost": 27.69138829345703, "noise_cost": 134.71681421179622, "n_waypoints_completed": 0, "tot_waypoints": 9}}
