{"target": -1578.2488055056085, "params": {"k_pid_pos": [1.8071285486221313, 0.8741202354431152, 0.014733463525772095], "k_pid_alt": [1.991127610206604, 0.9239941835403442, 0.07976934313774109], "k_pid_att": [99.99942779541016, 0.4064943790435791, 0.9893394708633423], "k_pid_yaw": [0.5, 1e-06, 0.1], "k_pid_hsp": [10.0, 0.8728238940238953, 0.05186215043067932], "k_pid_vsp": [155.89744567871094, 25.378252029418945, 399.9993591308594]}, "datetime": {"datetime": "2025-08-11 23:17:12", "elapsed": 24711.45826458931, "delta": 30.670348167419434}, "costs": {"total_cost": 1578.2488055056085, "time_cost": 150, "final_distance_cost": 8.688256174927222, "oscillation_cost": 85.6085894562894, "completition_cost": 1000.0, "overshoot_cost": 165.99867691418197, "power_cost": 34.8446992553711, "noise_cost": 133.10858370483885, "n_waypoints_completed": 0, "tot_waypoints": 9}}
{"target": -1583.0036885829284, "params": {"k_pid_pos": [1.954002857208252, 0.9791476130485535, 0.046860307455062866], "k_pid_alt": [1.7089910507202148, 0.8371159434318542, 0.01394575834274292], "k_pid_att": [99.99998474121094, 5.1880903244018555, 0.8249926567077637], "k_pid_yaw": [0.5, 1e-06, 0.1], "k_pid_hsp": [9.999189376831055, 0.9852089285850525, 0.03859350085258484], "k_pid_vsp": [0.0, 70.89204406738281, 399.99969482421875]}, "datetime": {"datetime": "2025-08-11 23:17:43", "elapsed": 24742.565608263016, "delta": 31.107343673706055}, "costs": {"total_cost": 1583.0036885829284, "time_cost": 150, "final_distance_cost": 14.427174680961928, "oscillation_cost": 88.13656985993318, "completition_cost": 1000.0, "overshoot_cost": 166.039314276449, "power_cost": 34.85921303710938, "noise_cost": 129.54141672847476, "n_waypoints_completed": 0, "tot_waypoints": 9}}
{"target": -1374.9527355126609, "params": {"k_pid_pos": [1.9519381523132324, 0.9870691895484924, 0.029129356145858765], "k_pid_alt": [1.865477204322815, 0.6980201005935669, 0.01490485668182373], "k_pid_att": [100.0, 0.3763028681278229, 0.995255708694458], "k_pid_yaw": [0.5, 1e-06, 0.1], "k_pid_hsp": [9.99999713897705, 0.990259051322937, 0.030375629663467407], "k_pid_vsp": [107.0016860961914, 31.652320861816406, 6.9737443923950195]}, "datetime": {"datetime": "2025-08-11 23:18:14", "elapsed": 24773.579127073288, "delta": 31.013518810272217}, "costs": {"total_cost": 1374.9527355126609, "time_cost": 150, "final_distance_cost": 46.07172736754264, "oscillation_cost": 82.33674188750804, "completition_cost": 1000.0, "overshoot_cost": 32.56363795278532, "power_cost": 29.872636303710937, "noise_cost": 34.10799200111379, "n_waypoints_completed": 0, "tot_waypoints": 9}}
{"target": -1585.7116457053235, "params": {"k_pid_pos": [1.9816646575927734, 0.9774205684661865, 0.013824999332427979], "k_pid_alt": [1.9919381141662598, 0.9649091958999634, 0.08480891585350037], "k_pid_att": [99.99897766113281, 0.10092262923717499, 0.9674252271652222], "k_pid_yaw": [0.5, 1e-06, 0.1], "k_pid_hsp": [10.0, 0.9819902181625366, 0.16652369499206543], "k_pid_vsp": [0.0, 7.649494171142578, 0.5383978486061096]}, "datetime": {"datetime": "2025-08-11 23:18:44", "elapsed": 24804.112260341644, "delta": 30.533133268356323}, "costs": {"total_cost": 1585.7116457053235, "time_cost": 150, "final_distance_cost": 13.744790814329876, "oscillation_cost": 84.82044566106607, "completition_cost": 1000.0, "overshoot_cost": 166.47733518221102, "power_cost": 25.285251977539065, "noise_cost": 145.38382207017762, "n_waypoints_completed": 0, "tot_waypoints": 9}}
{"target": -1535.9471058553213, "params": {"k_pid_pos": [1.9887462854385376, 0.9608945250511169, 0.004807800054550171], "k_pid_alt": [1.7743372917175293, 0.8331996202468872, 0.005607962608337402], "k_pid_att": [100.0, 3.742605686187744, 0.9484090805053711], "k_pid_yaw": [0.5, 1e-06, 0.1], "k_pid_hsp": [9.840545654296875, 0.9930652379989624, 0.030212610960006714], "k_pid_vsp": [0.016987323760986328, 2.882028579711914, 399.9925537109375]}, "datetime": {"datetime": "2025-08-11 23:19:15", "elapsed": 24834.882789850235, "delta": 30.7705295085907}, "costs": {"total_cost": 1535.9471058553213, "time_cost": 150, "final_distance_cost": 1.2053917299007149, "oscillation_cost": 61.957962548623286, "completition_cost": 1000.0, "overshoot_cost": 164.3513332769621, "power_cost": 23.876579699707033, "noise_cost": 134.55583860012828, "n_waypoints_completed": 0, "tot_waypoints": 9}}
{"target": -644.6712441581503, "params": {"k_pid_pos": [1.6597105264663696, 0.9520068168640137, 0.0062368810176849365], "k_pid_alt": [1.9869142770767212, 0.9819865822792053, 0.014300167560577393], "k_pid_att": [100.0, 3.2976088523864746, 0.998316764831543], "k_pid_yaw": [0.5, 1e-06, 0.1], "k_pid_hsp": [10.0, 0.7285113334655762, 0.20555618405342102], "k_pid_vsp": [392.43414306640625, 6.160999298095703, 21.045841217041016]}, "datetime": {"datetime": "2025-08-11 23:19:46", "elapsed": 24865.7057390213, "delta": 30.822949171066284}, "costs": {"total_cost": 644.6712441581503, "time_cost": 150, "final_distance_cost": 59.85649081210179, "oscillation_cost": 185.17427013075417, "completition_cost": 111.11111111111116, "overshoot_cost": 69.60780486212785, "power_cost": 36.847362329101564, "noise_cost": 32.07420491295387, "n_waypoints_completed": 8, "tot_waypoints": 9}}
{"target": -1530.2439246647402, "params": {"k_pid_pos": [1.9247803688049316, 0.8790956139564514, 0.03706762194633484], "k_pid_alt": [1.928833246231079, 0.8816638588905334, 0.0031593739986419678], "k_pid_att": [100.0, 0.2957339882850647, 0.905873715877533], "k_pid_yaw": [0.5, 1e-06, 0.1], "k_pid_hsp": [9.999918937683105, 0.9541360139846802, 0.018922120332717896], "k_pid_vsp": [0.0, 16.970327377319336, 0.01843075640499592]}, "datetime": {"datetime": "2025-08-11 23:20:16", "elapsed": 24895.977102279663, "delta": 30.271363258361816}, "costs": {"total_cost": 1530.2439246647402, "time_cost": 150, "final_distance_cost": 11.221164081962627, "oscillation_cost": 58.22522293073357, "completition_cost": 1000.0, "overshoot_cost": 155.7030338990264, "power_cost": 26.829008996582033, "noise_cost": 128.26549475643563, "n_waypoints_completed": 0, "tot_waypoints": 9}}
{"target": -1229.6729473443809, "params": {"k_pid_pos": [1.9509022235870361, 0.9047876596450806, 0.07494410872459412], "k_pid_alt": [1.977259635925293, 0.9942339062690735, 0.010726332664489746], "k_pid_att": [13.748970985412598, 1.1759960651397705, 0.977059006690979], "k_pid_yaw": [0.5, 1e-06, 0.1], "k_pid_hsp": [9.99991226196289, 0.9735175371170044, 0.01965045928955078], "k_pid_vsp": [0.012230873107910156, 46.579254150390625, 0.00014405114052351564]}, "datetime": {"datetime": "2025-08-11 23:20:46", "elapsed": 24926.30314707756, "delta": 30.32604479789734}, "costs": {"total_cost": 1229.6729473443809, "time_cost": 150, "final_distance_cost": 96.64535970764686, "oscillation_cost": 86.69960303010994, "completition_cost": 777.7777777777778, "overshoot_cost": 56.127582227869624, "power_cost": 31.744690441894534, "noise_cost": 30.677934159082074, "n_waypoints_completed": 2, "tot_waypoints": 9}}
{"target": -1554.7443158361625, "params": {"k_pid_pos": [1.9277338981628418, 0.9564981460571289, 0.0010465681552886963], "k_pid_alt": [1.7012553215026855, 0.8595960140228271, 0.015076279640197754], "k_pid_att": [100.0, 0.7267961502075195, 0.961864709854126], "k_pid_yaw": [0.5, 1e-06, 0.1], "k_pid_hsp": [10.0, 0.9565036296844482, 0.024714261293411255], "k_pid_vsp": [0.0, 11.8750581741333, 392.2312316894531]}, "datetime": {"datetime": "2025-08-11 23:21:18", "elapsed": 24957.837077856064, "delta": 31.533930778503418}, "costs": {"total_cost": 1554.7443158361625, "time_cost": 150, "final_distance_cost": 10.804168854857567, "oscillation_cost": 64.53317270360436, "completition_cost": 1000.0, "overshoot_cost": 164.8876641640752, "power_cost": 29.14460720214844, "noise_cost": 135.37470291147696, "n_waypoints_completed": 0, "tot_waypoints": 9}}
{"target": -1568.8878072642751, "params": {"k_pid_pos": [1.984387993812561, 0.9365379810333252, 0.03745877742767334], "k_pid_alt": [1.9054380655288696, 0.9682874083518982, 0.15513241291046143], "k_pid_att": [100.0, 0.34523603320121765, 0.9884448051452637], "k_pid_yaw": [0.5, 1e-06, 0.1], "k_pid_hsp": [10.0, 0.9957747459411621, 0.15431839227676392], "k_pid_vsp": [0.0004172325134277344, 1.9367942810058594, 399.6687316894531]}, "datetime": {"datetime": "2025-08-11 23:21:48", "elapsed": 24987.849059581757, "delta": 30.01198172569275}, "costs": {"total_cost": 1568.8878072642751, "time_cost": 150, "final_distance_cost": 3.9104318833741742, "oscillation_cost": 86.32133417897126, "completition_cost": 1000.0, "overshoot_cost": 166.12654639785822, "power_cost": 26.007524328613282, "noise_cost": 136.52197047545815, "n_waypoints_completed": 0, "tot_waypoints": 9}}
{"target": -1432.4315825758283, "params": {"k_pid_pos": [1.9519200325012207, 0.8885391354560852, 0.11021047830581665], "k_pid_alt": [1.9645013809204102, 0.9364340305328369, 0.05199074745178223], "k_pid_att": [100.0, 0.9218822717666626, 0.9510430097579956], "k_pid_yaw": [0.5, 1e-06, 0.1], "k_pid_hsp": [9.966716766357422, 0.9877442121505737, 0.06097757816314697], "k_pid_vsp": [0.0015974044799804688, 143.48739624023438, 16.2946834564209]}, "datetime": {"datetime": "2025-08-11 23:22:18", "elapsed": 25017.81782078743, "delta": 29.968761205673218}, "costs": {"total_cost": 1432.4315825758283, "time_cost": 150, "final_distance_cost": 45.245300708182945, "oscillation_cost": 128.053895806726, "completition_cost": 1000.0, "overshoot_cost": 44.35824680816325, "power_cost": 36.238824340820315, "noise_cost": 28.53531491193565, "n_waypoints_completed": 0, "tot_waypoints": 9}}
{"target": -1549.949244499556, "params": {"k_pid_pos": [1.7435333728790283, 0.940237820148468, 0.04143860936164856], "k_pid_alt": [1.4830962419509888, 0.9660184383392334, 0.300510048866272], "k_pid_att": [100.0, 1.3007771968841553, 0.5914294719696045], "k_pid_yaw": [0.5, 1e-06, 0.1], "k_pid_hsp": [10.0, 0.9917207956314087, 0.006161779165267944], "k_pid_vsp": [1.329183578491211, 9.6904878616333, 55.2485237121582]}, "datetime": {"datetime": "2025-08-11 23:22:48", "elapsed": 25047.851362466812, "delta": 30.033541679382324}, "costs": {"total_cost": 1549.949244499556, "time_cost": 150, "final_distance_cost": 11.957972720282086, "oscillation_cost": 54.11361569132005, "completition_cost": 1000.0, "overshoot_cost": 165.18689589865087, "power_cost": 25.847253356933596, "noise_cost": 142.8435068323695, "n_waypoints_completed": 0, "tot_waypoints": 9}}
{"target": -1578.166084379453, "params": {"k_pid_pos": [1.876420497894287, 0.8348621726036072, 0.03307473659515381], "k_pid_alt": [1.6110252141952515, 0.982549786567688, 0.03667348623275757], "k_pid_att": [100.0, 1.2922710180282593, 0.9840824604034424], "k_pid_yaw": [0.5, 1e-06, 0.1], "k_pid_hsp": [2.8980019092559814, 0.9819864630699158, 0.1268123984336853], "k_pid_vsp": [0.0, 8.154178619384766, 332.8141784667969]}, "datetime": {"datetime": "2025-08-11 23:23:19", "elapsed": 25078.553631544113, "delta": 30.702269077301025}, "costs": {"total_cost": 1578.166084379453, "time_cost": 150, "final_distance_cost": 14.474260256730464, "oscillation_cost": 79.1496459186856, "completition_cost": 1000.0, "overshoot_cost": 166.49172935737107, "power_cost": 23.832041064453126, "noise_cost": 144.2184077822129, "n_waypoints_completed": 0, "tot_waypoints": 9}}
{"target": -726.2266152797814, "params": {"k_pid_pos": [1.9778677225112915, 0.9668549299240112, 0.0357130765914917], "k_pid_alt": [1.9941350221633911, 0.8875835537910461, 0.09625986218452454], "k_pid_att": [99.99974060058594, 3.453744411468506, 0.9743413925170898], "k_pid_yaw": [0.5, 1e-06, 0.1], "k_pid_hsp": [10.0, 0.9265782833099365, 0.09348684549331665], "k_pid_vsp": [399.9985656738281, 18.392898559570312, 9.999999974752427e-07]}, "datetime": {"datetime": "2025-08-11 23:23:49", "elapsed": 25109.074091672897, "delta": 30.52046012878418}, "costs": {"total_cost": 726.2266152797814, "time_cost": 150, "final_distance_cost": 74.38184630641985, "oscillation_cost": 144.3850430691687, "completition_cost": 222.2222222222222, "overshoot_cost": 69.17110964966231, "power_cost": 32.67327386474609, "noise_cost": 33.39312016756229, "n_waypoints_completed": 7, "tot_waypoints": 9}}
{"target": -1564.7170709734723, "params": {"k_pid_pos": [1.9530822038650513, 0.9183304905891418, 0.11457169055938721], "k_pid_alt": [1.987246036529541, 0.8958514928817749, 0.01979735493659973], "k_pid_att": [100.0, 1.6664402484893799, 0.9494977593421936], "k_pid_yaw": [0.5, 1e-06, 0.1], "k_pid_hsp": [10.0, 0.9747990369796753, 0.04026266932487488], "k_pid_vsp": [1.1920928955078125e-05, 12.247288703918457, 400.0]}, "datetime": {"datetime": "2025-08-11 23:24:19", "elapsed": 25139.028757572174, "delta": 29.954665899276733}, "costs": {"total_cost": 1564.7170709734723, "time_cost": 150, "final_distance_cost": 7.457284212315998, "oscillation_cost": 74.38694600364535, "completition_cost": 1000.0, "overshoot_cost": 164.85576236908946, "power_cost": 29.100114331054687, "noise_cost": 138.91696405736653, "n_waypoints_completed": 0, "tot_waypoints": 9}}
{"target": -1412.3786813229722, "params": {"k_pid_pos": [1.9847522974014282, 0.9827985167503357, 0.18250805139541626], "k_pid_alt": [1.8594098091125488, 0.996448278427124, 0.02124553918838501], "k_pid_att": [100.0, 6.2270283699035645, 0.9683863520622253], "k_pid_yaw": [0.5, 1e-06, 0.1], "k_pid_hsp": [9.997314453125, 0.9878226518630981, 0.009741008281707764], "k_pid_vsp": [0.02777576446533203, 18.233741760253906, 0.17184118926525116]}, "datetime": {"datetime": "2025-08-11 23:24:49", "elapsed": 25169.071867465973, "delta": 30.043109893798828}, "costs": {"total_cost": 1412.3786813229722, "time_cost": 150, "final_distance_cost": 43.907825793573714, "oscillation_cost": 71.85565656175808, "completition_cost": 888.8888888888888, "overshoot_cost": 130.0737872979475, "power_cost": 28.01252984619141, "noise_cost": 99.63999293461251, "n_waypoints_completed": 1, "tot_waypoints": 9}}
{"target": -399.4593205188813, "params": {"k_pid_pos": [1.7986233234405518, 0.9457747936248779, 0.10239234566688538], "k_pid_alt": [1.98282790184021, 0.9295874834060669, 0.008042305707931519], "k_pid_att": [100.0, 2.0942094326019287, 0.9993454813957214], "k_pid_yaw": [0.5, 1e-06, 0.1], "k_pid_hsp": [10.0, 0.9852522611618042, 0.004483580589294434], "k_pid_vsp": [196.33619689941406, 9.96056842803955, 1.2920929293613881e-05]}, "datetime": {"datetime": "2025-08-11 23:25:19", "elapsed": 25199.232044935226, "delta": 30.16017746925354}, "costs": {"total_cost": 399.4593205188813, "time_cost": 117.85900000000001, "final_distance_cost": 1.7712234023207838, "oscillation_cost": 147.29872558764484, "completition_cost": 0.0, "overshoot_cost": 69.78571133788911, "power_cost": 30.315302075195316, "noise_cost": 32.42935811583128, "n_waypoints_completed": 9, "tot_waypoints": 9}}
{"target": -1521.392179739736, "params": {"k_pid_pos": [1.9675047397613525, 0.9885932803153992, 0.007971614599227905], "k_pid_alt": [1.942936897277832, 0.8393270969390869, 0.1257680356502533], "k_pid_att": [20.63259506225586, 0.8122695684432983, 0.945631206035614], "k_pid_yaw": [0.5, 1e-06, 0.1], "k_pid_hsp": [10.0, 0.9797196388244629, 0.006009966135025024], "k_pid_vsp": [388.8971862792969, 3.851879596710205, 396.70233154296875]}, "datetime": {"datetime": "2025-08-11 23:25:49", "elapsed": 25228.982268571854, "delta": 29.750223636627197}, "costs": {"total_cost": 1521.392179739736, "time_cost": 150, "final_distance_cost": 6.178859567770591, "oscillation_cost": 49.60374718287039, "completition_cost": 1000.0, "overshoot_cost": 166.01044991941595, "power_cost": 30.292272705078126, "noise_cost": 119.30685036460096, "n_waypoints_completed": 0, "tot_waypoints": 9}}
{"target": -1582.3480098906928, "params": {"k_pid_pos": [1.5565556287765503, 0.9919794797897339, 0.16927900910377502], "k_pid_alt": [1.981851577758789, 0.970949649810791, 0.026530921459197998], "k_pid_att": [100.0, 1.0583809614181519, 0.9606316089630127], "k_pid_yaw": [0.5, 1e-06, 0.1], "k_pid_hsp": [9.999998092651367, 0.9789549112319946, 0.040561169385910034], "k_pid_vsp": [0.11785030364990234, 84.98859405517578, 400.0]}, "datetime": {"datetime": "2025-08-11 23:26:20", "elapsed": 25259.56841659546, "delta": 30.586148023605347}, "costs": {"total_cost": 1582.3480098906928, "time_cost": 150, "final_distance_cost": 7.487443157294556, "oscillation_cost": 94.05486469720175, "completition_cost": 1000.0, "overshoot_cost": 166.0150318326999, "power_cost": 34.88397250976563, "noise_cost": 129.90669769373088, "n_waypoints_completed": 0, "tot_waypoints": 9}}
{"target": -828.0808469772886, "params": {"k_pid_pos": [1.991843819618225, 0.9812334179878235, 0.007226735353469849], "k_pid_alt": [1.5006544589996338, 0.991028904914856, 0.015738099813461304], "k_pid_att": [100.0, 3.100973606109619, 0.9676636457443237], "k_pid_yaw": [0.5, 1e-06, 0.1], "k_pid_hsp": [0.2503019869327545, 0.8553429841995239, 0.07564470171928406], "k_pid_vsp": [238.11082458496094, 15.940690994262695, 17.927385330200195]}, "datetime": {"datetime": "2025-08-11 23:26:49", "elapsed": 25288.98914718628, "delta": 29.420730590820312}, "costs": {"total_cost": 828.0808469772886, "time_cost": 150, "final_distance_cost": 93.10430647526772, "oscillation_cost": 106.32077697929014, "completition_cost": 333.33333333333337, "overshoot_cost": 76.40987740181859, "power_cost": 35.61161307373047, "noise_cost": 33.300939713848294, "n_waypoints_completed": 6, "tot_waypoints": 9}}
{"target": -1568.1504526685683, "params": {"k_pid_pos": [1.9446970224380493, 0.9854870438575745, 0.014637112617492676], "k_pid_alt": [1.9402813911437988, 0.7413211464881897, 0.055861592292785645], "k_pid_att": [100.0, 5.723475933074951, 0.9404624700546265], "k_pid_yaw": [0.5, 1e-06, 0.1], "k_pid_hsp": [9.997343063354492, 0.9830327033996582, 0.042430490255355835], "k_pid_vsp": [8.344650268554688e-05, 11.225629806518555, 400.0]}, "datetime": {"datetime": "2025-08-11 23:27:19", "elapsed": 25319.313222408295, "delta": 30.32407522201538}, "costs": {"total_cost": 1568.1504526685683, "time_cost": 150, "final_distance_cost": 7.462203108945272, "oscillation_cost": 76.84464624158447, "completition_cost": 1000.0, "overshoot_cost": 165.9508892719509, "power_cost": 30.270151281738283, "noise_cost": 137.62256276434942, "n_waypoints_completed": 0, "tot_waypoints": 9}}
{"target": -679.6886548133145, "params": {"k_pid_pos": [1.8495153188705444, 0.9437451362609863, 0.147620290517807], "k_pid_alt": [1.9528486728668213, 0.9877585172653198, 0.07791939377784729], "k_pid_att": [4.749253273010254, 5.233526229858398, 0.9674651622772217], "k_pid_yaw": [0.5, 1e-06, 0.1], "k_pid_hsp": [9.999999046325684, 0.9193465709686279, 0.049167901277542114], "k_pid_vsp": [399.947265625, 3.249908447265625, 0.006319092120975256]}, "datetime": {"datetime": "2025-08-11 23:27:49", "elapsed": 25349.335290670395, "delta": 30.02206826210022}, "costs": {"total_cost": 679.6886548133145, "time_cost": 150, "final_distance_cost": 79.77924708725106, "oscillation_cost": 105.89286029219298, "completition_cost": 222.2222222222222, "overshoot_cost": 55.70547515587935, "power_cost": 30.591161328125, "noise_cost": 35.49768872764401, "n_waypoints_completed": 7, "tot_waypoints": 9}}
{"target": -1415.3764184213412, "params": {"k_pid_pos": [1.902147650718689, 0.9678774476051331, 0.016283750534057617], "k_pid_alt": [1.9877345561981201, 0.9794890880584717, 0.010015696287155151], "k_pid_att": [100.0, 2.092175245285034, 0.9925904273986816], "k_pid_yaw": [0.5, 1e-06, 0.1], "k_pid_hsp": [9.998305320739746, 0.9904836416244507, 0.02524101734161377], "k_pid_vsp": [399.9972229003906, 13.670742988586426, 362.6754150390625]}, "datetime": {"datetime": "2025-08-11 23:28:20", "elapsed": 25379.955132484436, "delta": 30.619841814041138}, "costs": {"total_cost": 1415.3764184213412, "time_cost": 150, "final_distance_cost": 40.541837576725, "oscillation_cost": 70.04603757764829, "completition_cost": 1000.0, "overshoot_cost": 88.87352777749416, "power_cost": 35.30389251708984, "noise_cost": 30.611122972383686, "n_waypoints_completed": 0, "tot_waypoints": 9}}
{"target": -1319.9577283977442, "params": {"k_pid_pos": [0.9829160571098328, 0.9646891951560974, 0.040877312421798706], "k_pid_alt": [1.9438540935516357, 0.8486001491546631, 0.029699236154556274], "k_pid_att": [100.0, 3.8395535945892334, 0.9938430786132812], "k_pid_yaw": [0.5, 1e-06, 0.1], "k_pid_hsp": [9.972766876220703, 0.8773230314254761, 0.05346405506134033], "k_pid_vsp": [181.89024353027344, 11.54793643951416, 9.999999974752427e-07]}, "datetime": {"datetime": "2025-08-11 23:28:51", "elapsed": 25410.483954906464, "delta": 30.528822422027588}, "costs": {"total_cost": 1319.9577283977442, "time_cost": 150, "final_distance_cost": 60.51821074395046, "oscillation_cost": 116.43907103009116, "completition_cost": 888.8888888888888, "overshoot_cost": 38.8401220289176, "power_cost": 31.430980419921877, "noise_cost": 33.84045528597398, "n_waypoints_completed": 1, "tot_waypoints": 9}}
{"target": -1579.8914470418526, "params": {"k_pid_pos": [1.7770485877990723, 0.9628881216049194, 0.0356975793838501], "k_pid_alt": [1.9920322895050049, 0.9453084468841553, 0.0110359787940979], "k_pid_att": [94.64295196533203, 0.2243843674659729, 0.9909141659736633], "k_pid_yaw": [0.5, 1e-06, 0.1], "k_pid_hsp": [10.0, 0.932806134223938, 0.09692618250846863], "k_pid_vsp": [0.00040531158447265625, 7.988632678985596, 396.4678039550781]}, "datetime": {"datetime": "2025-08-11 23:29:22", "elapsed": 25441.521244764328, "delta": 31.03728985786438}, "costs": {"total_cost": 1579.8914470418526, "time_cost": 150, "final_distance_cost": 6.248352700790454, "oscillation_cost": 89.43910025429327, "completition_cost": 1000.0, "overshoot_cost": 165.99745882311183, "power_cost": 30.77712800292969, "noise_cost": 137.4294072607275, "n_waypoints_completed": 0, "tot_waypoints": 9}}
