{"target": -710.436770786886, "params": {"k_pid_pos": [1.9787538051605225, 0.9817416667938232, 0.04559803009033203], "k_pid_alt": [1.977503776550293, 0.9569029808044434, 0.003906995058059692], "k_pid_att": [100.0, 0.08121246844530106, 0.9646007418632507], "k_pid_yaw": [0.5, 1e-06, 0.1], "k_pid_hsp": [9.999981880187988, 0.9446457624435425, 0.0066700279712677], "k_pid_vsp": [393.8505554199219, 11.04188060760498, 0.047637030482292175]}, "datetime": {"datetime": "2025-08-12 06:00:37", "elapsed": 48916.47273826599, "delta": 31.671162843704224}, "costs": {"total_cost": 710.436770786886, "time_cost": 150, "final_distance_cost": 71.95328623129286, "oscillation_cost": 139.07818623772454, "completition_cost": 222.2222222222222, "overshoot_cost": 63.87109621432712, "power_cost": 30.49832694091797, "noise_cost": 32.81365294040115, "n_waypoints_completed": 7, "tot_waypoints": 9}}
{"target": -735.3248573627723, "params": {"k_pid_pos": [1.707780122756958, 0.9391295909881592, 0.009291499853134155], "k_pid_alt": [1.97782564163208, 0.9223215579986572, 0.028651386499404907], "k_pid_att": [100.0, 0.027323255315423012, 0.9720361828804016], "k_pid_yaw": [0.5, 1e-06, 0.1], "k_pid_hsp": [9.995597839355469, 0.9486820101737976, 0.12785875797271729], "k_pid_vsp": [384.884765625, 18.213285446166992, 0.0029573903884738684]}, "datetime": {"datetime": "2025-08-12 06:01:09", "elapsed": 48949.21246218681, "delta": 32.739723920822144}, "costs": {"total_cost": 735.3248573627723, "time_cost": 150, "final_distance_cost": 77.50182131490742, "oscillation_cost": 148.59363918918717, "completition_cost": 222.2222222222222, "overshoot_cost": 70.04617155760224, "power_cost": 33.344860083007816, "noise_cost": 33.616142995845465, "n_waypoints_completed": 7, "tot_waypoints": 9}}
{"target": -1539.0857807182465, "params": {"k_pid_pos": [1.7794830799102783, 0.9637792110443115, 0.05552476644515991], "k_pid_alt": [1.9397497177124023, 0.974468469619751, 0.021046966314315796], "k_pid_att": [100.0, 1.3129668235778809, 0.9966672658920288], "k_pid_yaw": [0.5, 1e-06, 0.1], "k_pid_hsp": [10.0, 0.9852062463760376, 0.010128319263458252], "k_pid_vsp": [22.363746643066406, 15.966475486755371, 399.0209655761719]}, "datetime": {"datetime": "2025-08-12 06:01:41", "elapsed": 48981.37201547623, "delta": 32.15955328941345}, "costs": {"total_cost": 1539.0857807182465, "time_cost": 150, "final_distance_cost": 10.362598141791693, "oscillation_cost": 56.24634753136614, "completition_cost": 1000.0, "overshoot_cost": 165.26743838766336, "power_cost": 32.226880114746095, "noise_cost": 124.98251654267911, "n_waypoints_completed": 0, "tot_waypoints": 9}}
{"target": -1533.8688090776834, "params": {"k_pid_pos": [1.960658073425293, 0.9774351119995117, 0.013459742069244385], "k_pid_alt": [1.9703223705291748, 0.9639098644256592, 0.02675706148147583], "k_pid_att": [100.0, 0.5754110813140869, 0.9813563823699951], "k_pid_yaw": [0.5, 1e-06, 0.1], "k_pid_hsp": [10.0, 0.7905262112617493, 0.011138588190078735], "k_pid_vsp": [14.971446990966797, 3.8696179389953613, 397.5831604003906]}, "datetime": {"datetime": "2025-08-12 06:02:14", "elapsed": 49013.465606212616, "delta": 32.09359073638916}, "costs": {"total_cost": 1533.8688090776834, "time_cost": 150, "final_distance_cost": 11.89257653972261, "oscillation_cost": 51.41917160037627, "completition_cost": 1000.0, "overshoot_cost": 165.5957134450935, "power_cost": 31.98244616699219, "noise_cost": 122.97890132549888, "n_waypoints_completed": 0, "tot_waypoints": 9}}
{"target": -739.5723434022447, "params": {"k_pid_pos": [1.9164025783538818, 0.9087330102920532, 0.03471466898918152], "k_pid_alt": [1.9911489486694336, 0.9895973801612854, 0.024595260620117188], "k_pid_att": [100.0, 0.4005122184753418, 0.9947037696838379], "k_pid_yaw": [0.5, 1e-06, 0.1], "k_pid_hsp": [10.0, 0.9987024068832397, 0.21029001474380493], "k_pid_vsp": [399.99951171875, 14.632214546203613, 11.421645164489746]}, "datetime": {"datetime": "2025-08-12 06:02:45", "elapsed": 49045.036939144135, "delta": 31.571332931518555}, "costs": {"total_cost": 739.5723434022447, "time_cost": 150, "final_distance_cost": 58.48612889080859, "oscillation_cost": 173.18867413934348, "completition_cost": 222.2222222222222, "overshoot_cost": 66.83513854970155, "power_cost": 35.68034191894532, "noise_cost": 33.159837681223586, "n_waypoints_completed": 7, "tot_waypoints": 9}}
{"target": -1583.2632735811517, "params": {"k_pid_pos": [1.985065221786499, 0.9878775477409363, 0.0017814934253692627], "k_pid_alt": [1.9158461093902588, 0.9808775186538696, 0.07665371894836426], "k_pid_att": [100.0, 1.0642778873443604, 0.9899318218231201], "k_pid_yaw": [0.5, 1e-06, 0.1], "k_pid_hsp": [10.0, 0.9797802567481995, 0.10060495138168335], "k_pid_vsp": [0.7182002067565918, 2.8973588943481445, 399.9996337890625]}, "datetime": {"datetime": "2025-08-12 06:03:19", "elapsed": 49078.509674310684, "delta": 33.47273516654968}, "costs": {"total_cost": 1583.2632735811517, "time_cost": 150, "final_distance_cost": 14.460510401193513, "oscillation_cost": 87.374932434756, "completition_cost": 1000.0, "overshoot_cost": 166.0481153799637, "power_cost": 29.282081872558596, "noise_cost": 136.09763349267968, "n_waypoints_completed": 0, "tot_waypoints": 9}}
{"target": -1338.533630547662, "params": {"k_pid_pos": [1.958167552947998, 0.9913516044616699, 0.05427694320678711], "k_pid_alt": [1.9790210723876953, 0.9905813932418823, 0.04974699020385742], "k_pid_att": [100.0, 2.3404922485351562, 0.970224142074585], "k_pid_yaw": [0.5, 1e-06, 0.1], "k_pid_hsp": [10.0, 0.990256130695343, 0.06923401355743408], "k_pid_vsp": [399.8274841308594, 11.202229499816895, 167.05679321289062]}, "datetime": {"datetime": "2025-08-12 06:03:50", "elapsed": 49110.020002126694, "delta": 31.51032781600952}, "costs": {"total_cost": 1338.533630547662, "time_cost": 150, "final_distance_cost": 68.99892957018783, "oscillation_cost": 120.26318339127911, "completition_cost": 888.8888888888888, "overshoot_cost": 44.001881726281816, "power_cost": 36.2680794921875, "noise_cost": 30.11266747883659, "n_waypoints_completed": 1, "tot_waypoints": 9}}
{"target": -1592.0642665478383, "params": {"k_pid_pos": [1.829840064048767, 0.979407787322998, 0.14464819431304932], "k_pid_alt": [1.9753515720367432, 0.9464254379272461, 0.02360635995864868], "k_pid_att": [100.0, 0.10674267262220383, 0.8059679269790649], "k_pid_yaw": [0.5, 1e-06, 0.1], "k_pid_hsp": [9.115365028381348, 0.9774993062019348, 0.07708367705345154], "k_pid_vsp": [0.0, 21.06511878967285, 388.8876647949219]}, "datetime": {"datetime": "2025-08-12 06:04:23", "elapsed": 49142.6403298378, "delta": 32.62032771110535}, "costs": {"total_cost": 1592.0642665478383, "time_cost": 150, "final_distance_cost": 7.379073195307215, "oscillation_cost": 97.69924348848774, "completition_cost": 1000.0, "overshoot_cost": 165.84073818627905, "power_cost": 34.845737609863285, "noise_cost": 136.29947406790092, "n_waypoints_completed": 0, "tot_waypoints": 9}}
{"target": -1526.6422091950406, "params": {"k_pid_pos": [1.8823153972625732, 0.9706817865371704, 0.02760973572731018], "k_pid_alt": [1.766005039215088, 0.9080191850662231, 0.030378013849258423], "k_pid_att": [100.0, 0.3289179503917694, 0.9954149723052979], "k_pid_yaw": [0.5, 1e-06, 0.1], "k_pid_hsp": [10.0, 0.9888831377029419, 0.007511109113693237], "k_pid_vsp": [400.0, 13.915671348571777, 400.0]}, "datetime": {"datetime": "2025-08-12 06:04:54", "elapsed": 49174.200221538544, "delta": 31.55989170074463}, "costs": {"total_cost": 1526.6422091950406, "time_cost": 150, "final_distance_cost": 13.624813021797344, "oscillation_cost": 57.406059368994114, "completition_cost": 1000.0, "overshoot_cost": 162.86982391421697, "power_cost": 32.491714672851565, "noise_cost": 110.24979821718061, "n_waypoints_completed": 0, "tot_waypoints": 9}}
{"target": -599.6117396723552, "params": {"k_pid_pos": [1.98324716091156, 0.781843900680542, 0.03462931513786316], "k_pid_alt": [1.8919835090637207, 0.9486752152442932, 0.01156654953956604], "k_pid_att": [100.0, 0.34225523471832275, 0.9171534776687622], "k_pid_yaw": [0.5, 1e-06, 0.1], "k_pid_hsp": [10.0, 0.9907182455062866, 0.010087013244628906], "k_pid_vsp": [400.0, 15.213765144348145, 9.999999974752427e-07]}, "datetime": {"datetime": "2025-08-12 06:05:26", "elapsed": 49205.405228853226, "delta": 31.205007314682007}, "costs": {"total_cost": 599.6117396723552, "time_cost": 150, "final_distance_cost": 44.687434747850176, "oscillation_cost": 163.6442792072994, "completition_cost": 111.11111111111116, "overshoot_cost": 66.77768019017319, "power_cost": 30.861913208007813, "noise_cost": 32.529321207913526, "n_waypoints_completed": 8, "tot_waypoints": 9}}
{"target": -1578.1878634301665, "params": {"k_pid_pos": [1.9024320840835571, 0.9828821420669556, 0.05976080894470215], "k_pid_alt": [1.9749975204467773, 0.9587546586990356, 0.0028616487979888916], "k_pid_att": [100.0, 0.1025414764881134, 0.9805325269699097], "k_pid_yaw": [0.5, 1e-06, 0.1], "k_pid_hsp": [10.0, 0.9352658987045288, 0.07537323236465454], "k_pid_vsp": [1.1920928955078125e-05, 19.24081039428711, 399.9478454589844]}, "datetime": {"datetime": "2025-08-12 06:05:57", "elapsed": 49236.37975144386, "delta": 30.974522590637207}, "costs": {"total_cost": 1578.1878634301665, "time_cost": 150, "final_distance_cost": 2.325329113374107, "oscillation_cost": 92.0547637286635, "completition_cost": 1000.0, "overshoot_cost": 165.82679820956577, "power_cost": 34.89870349121094, "noise_cost": 133.08226888735226, "n_waypoints_completed": 0, "tot_waypoints": 9}}
{"target": -1543.5428672057178, "params": {"k_pid_pos": [1.8145185708999634, 0.9885531663894653, 0.010932594537734985], "k_pid_alt": [1.914294958114624, 0.9165951609611511, 0.04153093695640564], "k_pid_att": [100.0, 0.11093581467866898, 0.9265015125274658], "k_pid_yaw": [0.5, 1e-06, 0.1], "k_pid_hsp": [10.0, 0.9834973812103271, 0.019315242767333984], "k_pid_vsp": [197.2497100830078, 6.11397123336792, 334.1068115234375]}, "datetime": {"datetime": "2025-08-12 06:06:29", "elapsed": 49268.53033208847, "delta": 32.150580644607544}, "costs": {"total_cost": 1543.5428672057178, "time_cost": 150, "final_distance_cost": 9.827746922943291, "oscillation_cost": 65.25114475748735, "completition_cost": 1000.0, "overshoot_cost": 165.36746067444315, "power_cost": 33.36522723388672, "noise_cost": 119.73128761695715, "n_waypoints_completed": 0, "tot_waypoints": 9}}
{"target": -1573.8355250156062, "params": {"k_pid_pos": [1.9588334560394287, 0.9933294057846069, 0.008057862520217896], "k_pid_alt": [1.9900355339050293, 0.9409547448158264, 0.01750805974006653], "k_pid_att": [99.99996948242188, 0.0941876769065857, 0.9760157465934753], "k_pid_yaw": [0.5, 1e-06, 0.1], "k_pid_hsp": [10.0, 0.9591987133026123, 0.04162260890007019], "k_pid_vsp": [77.12561798095703, 6.9888482093811035, 373.7864074707031]}, "datetime": {"datetime": "2025-08-12 06:07:00", "elapsed": 49300.32515001297, "delta": 31.79481792449951}, "costs": {"total_cost": 1573.8355250156062, "time_cost": 150, "final_distance_cost": 13.420085126501858, "oscillation_cost": 79.43311119244888, "completition_cost": 1000.0, "overshoot_cost": 166.21281821406288, "power_cost": 33.969478515625, "noise_cost": 130.80003196696754, "n_waypoints_completed": 0, "tot_waypoints": 9}}
{"target": -844.0165960447606, "params": {"k_pid_pos": [1.9612263441085815, 0.9805878400802612, 0.00614398717880249], "k_pid_alt": [1.9581873416900635, 0.9908288717269897, 0.02203923463821411], "k_pid_att": [100.0, 0.17711716890335083, 0.991970419883728], "k_pid_yaw": [0.5, 1e-06, 0.1], "k_pid_hsp": [9.999492645263672, 0.9802961349487305, 0.019590765237808228], "k_pid_vsp": [400.0, 12.035334587097168, 0.00019173485634382814]}, "datetime": {"datetime": "2025-08-12 06:07:32", "elapsed": 49331.72311258316, "delta": 31.39796257019043}, "costs": {"total_cost": 844.0165960447606, "time_cost": 150, "final_distance_cost": 84.43810680446809, "oscillation_cost": 149.16230300412698, "completition_cost": 333.33333333333337, "overshoot_cost": 61.27455918025138, "power_cost": 31.086552209472657, "noise_cost": 34.72174151310821, "n_waypoints_completed": 6, "tot_waypoints": 9}}
{"target": -1552.6467484641296, "params": {"k_pid_pos": [1.878123164176941, 0.8824166059494019, 0.024953067302703857], "k_pid_alt": [1.9574780464172363, 0.9865893125534058, 0.009362637996673584], "k_pid_att": [100.0, 0.7099836468696594, 0.976258397102356], "k_pid_yaw": [0.5, 1e-06, 0.1], "k_pid_hsp": [9.999823570251465, 0.9886593818664551, 0.02883857488632202], "k_pid_vsp": [267.199951171875, 2.0632991790771484, 390.5621643066406]}, "datetime": {"datetime": "2025-08-12 06:08:05", "elapsed": 49364.763857364655, "delta": 33.04074478149414}, "costs": {"total_cost": 1552.6467484641296, "time_cost": 150, "final_distance_cost": 7.850120519456632, "oscillation_cost": 69.42637490251023, "completition_cost": 1000.0, "overshoot_cost": 164.99909006999638, "power_cost": 33.55783905029297, "noise_cost": 126.81332392187322, "n_waypoints_completed": 0, "tot_waypoints": 9}}
{"target": -1426.777322184041, "params": {"k_pid_pos": [1.9849331378936768, 0.9725608229637146, 0.01905691623687744], "k_pid_alt": [1.9638727903366089, 0.9745333194732666, 0.03393933176994324], "k_pid_att": [100.0, 0.48592960834503174, 0.9731791019439697], "k_pid_yaw": [0.5, 1e-06, 0.1], "k_pid_hsp": [10.0, 0.9896700382232666, 0.03866255283355713], "k_pid_vsp": [400.0, 6.795860290527344, 399.93377685546875]}, "datetime": {"datetime": "2025-08-12 06:08:37", "elapsed": 49396.540897130966, "delta": 31.777039766311646}, "costs": {"total_cost": 1426.777322184041, "time_cost": 150, "final_distance_cost": 49.65856858092001, "oscillation_cost": 81.21939459523564, "completition_cost": 1000.0, "overshoot_cost": 79.22983836438416, "power_cost": 34.9109775390625, "noise_cost": 31.758543104438576, "n_waypoints_completed": 0, "tot_waypoints": 9}}
{"target": -1533.9356321424643, "params": {"k_pid_pos": [1.8955659866333008, 0.9097055196762085, 0.006769299507141113], "k_pid_alt": [1.9513007402420044, 0.9424839019775391, 0.006466686725616455], "k_pid_att": [100.0, 0.5912449359893799, 0.9158927202224731], "k_pid_yaw": [0.5, 1e-06, 0.1], "k_pid_hsp": [10.0, 0.9775757789611816, 0.012851804494857788], "k_pid_vsp": [0.0, 1.9509801864624023, 3.676278720377013e-05]}, "datetime": {"datetime": "2025-08-12 06:09:08", "elapsed": 49428.00645661354, "delta": 31.465559482574463}, "costs": {"total_cost": 1533.9356321424643, "time_cost": 150, "final_distance_cost": 12.240826582459661, "oscillation_cost": 50.807805994475025, "completition_cost": 1000.0, "overshoot_cost": 166.73305896613311, "power_cost": 13.979954479980469, "noise_cost": 140.17398611941587, "n_waypoints_completed": 0, "tot_waypoints": 9}}
{"target": -1282.659648206279, "params": {"k_pid_pos": [1.9794448614120483, 0.9966837167739868, 0.015665113925933838], "k_pid_alt": [1.9429502487182617, 0.9525532722473145, 0.011503279209136963], "k_pid_att": [100.0, 0.17504264414310455, 0.9055522680282593], "k_pid_yaw": [0.5, 1e-06, 0.1], "k_pid_hsp": [10.0, 0.9782825708389282, 0.028837203979492188], "k_pid_vsp": [399.9161376953125, 8.49962329864502, 5.429423809051514]}, "datetime": {"datetime": "2025-08-12 06:09:39", "elapsed": 49459.04460930824, "delta": 31.03815269470215}, "costs": {"total_cost": 1282.659648206279, "time_cost": 150, "final_distance_cost": 59.47871731057791, "oscillation_cost": 79.28649127708753, "completition_cost": 888.8888888888888, "overshoot_cost": 41.41970764168913, "power_cost": 29.641211706542972, "noise_cost": 33.94463138149263, "n_waypoints_completed": 1, "tot_waypoints": 9}}
{"target": -1267.0193889912377, "params": {"k_pid_pos": [1.915764331817627, 0.9897942543029785, 0.086372971534729], "k_pid_alt": [1.9490177631378174, 0.9746296405792236, 0.03739196062088013], "k_pid_att": [99.9999771118164, 0.2200922816991806, 0.9980734586715698], "k_pid_yaw": [0.5, 1e-06, 0.1], "k_pid_hsp": [10.0, 0.9884262084960938, 0.09068658947944641], "k_pid_vsp": [399.9996643066406, 9.461928367614746, 399.99932861328125]}, "datetime": {"datetime": "2025-08-12 06:10:10", "elapsed": 49489.57000041008, "delta": 30.525391101837158}, "costs": {"total_cost": 1267.0193889912377, "time_cost": 150, "final_distance_cost": 88.6558529458602, "oscillation_cost": 113.18811548971571, "completition_cost": 777.7777777777778, "overshoot_cost": 69.01362884638223, "power_cost": 36.56381960449219, "noise_cost": 31.820194327009656, "n_waypoints_completed": 2, "tot_waypoints": 9}}
{"target": -1533.1788660397833, "params": {"k_pid_pos": [1.988136887550354, 0.9410021901130676, 0.0266895592212677], "k_pid_alt": [1.9219763278961182, 0.9780378937721252, 0.007873773574829102], "k_pid_att": [100.0, 0.17349949479103088, 0.9881633520126343], "k_pid_yaw": [0.5, 1e-06, 0.1], "k_pid_hsp": [10.0, 0.9690627455711365, 0.009212583303451538], "k_pid_vsp": [0.00013113021850585938, 91.63175964355469, 399.9825439453125]}, "datetime": {"datetime": "2025-08-12 06:10:40", "elapsed": 49519.61668372154, "delta": 30.046683311462402}, "costs": {"total_cost": 1533.1788660397833, "time_cost": 150, "final_distance_cost": 10.455261487488048, "oscillation_cost": 50.92895277620622, "completition_cost": 1000.0, "overshoot_cost": 165.52585507510761, "power_cost": 31.668453161621095, "noise_cost": 124.60034353936032, "n_waypoints_completed": 0, "tot_waypoints": 9}}
{"target": -1577.2965532726557, "params": {"k_pid_pos": [1.9789568185806274, 0.9911022186279297, 0.013899773359298706], "k_pid_alt": [1.969161033630371, 0.9705546498298645, 0.004064679145812988], "k_pid_att": [100.0, 0.26008301973342896, 0.9888999462127686], "k_pid_yaw": [0.5, 1e-06, 0.1], "k_pid_hsp": [10.0, 0.9920767545700073, 0.04529315233230591], "k_pid_vsp": [168.44815063476562, 35.41455078125, 279.1510925292969]}, "datetime": {"datetime": "2025-08-12 06:11:12", "elapsed": 49551.67515683174, "delta": 32.058473110198975}, "costs": {"total_cost": 1577.2965532726557, "time_cost": 150, "final_distance_cost": 13.9950778634173, "oscillation_cost": 82.46092887889252, "completition_cost": 1000.0, "overshoot_cost": 166.02217124053664, "power_cost": 34.61690939941406, "noise_cost": 130.2014658903951, "n_waypoints_completed": 0, "tot_waypoints": 9}}
{"target": -1509.101013894344, "params": {"k_pid_pos": [1.848814845085144, 0.9982937574386597, 0.0030680596828460693], "k_pid_alt": [1.936147928237915, 0.990423321723938, 0.02239382266998291], "k_pid_att": [100.0, 0.05763191357254982, 0.9876381158828735], "k_pid_yaw": [0.5, 1e-06, 0.1], "k_pid_hsp": [10.0, 0.8423998951911926, 0.0080183744430542], "k_pid_vsp": [399.75457763671875, 5.876315593719482, 382.4573974609375]}, "datetime": {"datetime": "2025-08-12 06:11:44", "elapsed": 49583.390197753906, "delta": 31.715040922164917}, "costs": {"total_cost": 1509.101013894344, "time_cost": 150, "final_distance_cost": 4.954243933275855, "oscillation_cost": 54.76792180576637, "completition_cost": 1000.0, "overshoot_cost": 162.16357856476623, "power_cost": 32.299308337402344, "noise_cost": 104.91596125313295, "n_waypoints_completed": 0, "tot_waypoints": 9}}
{"target": -785.6491444721657, "params": {"k_pid_pos": [1.9669578075408936, 0.9886555671691895, 0.0048423707485198975], "k_pid_alt": [1.995469570159912, 0.9893076419830322, 0.02372482419013977], "k_pid_att": [100.0, 0.5391920804977417, 0.9807672500610352], "k_pid_yaw": [0.5, 1e-06, 0.1], "k_pid_hsp": [10.0, 0.9847931265830994, 0.010001063346862793], "k_pid_vsp": [19.46485137939453, 1.0893592834472656, 9.999999974752427e-07]}, "datetime": {"datetime": "2025-08-12 06:12:16", "elapsed": 49615.822254896164, "delta": 32.43205714225769}, "costs": {"total_cost": 785.6491444721657, "time_cost": 150, "final_distance_cost": 84.16291557955387, "oscillation_cost": 95.16978028728933, "completition_cost": 333.33333333333337, "overshoot_cost": 58.427893491691556, "power_cost": 29.286336059570313, "noise_cost": 35.26888572072727, "n_waypoints_completed": 6, "tot_waypoints": 9}}
{"target": -847.9538336320127, "params": {"k_pid_pos": [1.8308011293411255, 0.9861621856689453, 0.01105007529258728], "k_pid_alt": [1.973803997039795, 0.9970347881317139, 0.017740905284881592], "k_pid_att": [99.99993133544922, 0.34759753942489624, 0.9901236295700073], "k_pid_yaw": [0.5, 1e-06, 0.1], "k_pid_hsp": [10.0, 0.9837455749511719, 0.01688215136528015], "k_pid_vsp": [399.99993896484375, 7.801807880401611, 0.002730892738327384]}, "datetime": {"datetime": "2025-08-12 06:12:47", "elapsed": 49646.62021565437, "delta": 30.79796075820923}, "costs": {"total_cost": 847.9538336320127, "time_cost": 150, "final_distance_cost": 76.90085237159772, "oscillation_cost": 158.52362393277727, "completition_cost": 333.33333333333337, "overshoot_cost": 64.46723028583247, "power_cost": 30.591546582031253, "noise_cost": 34.13724712644066, "n_waypoints_completed": 6, "tot_waypoints": 9}}
{"target": -1300.165212054748, "params": {"k_pid_pos": [1.9900693893432617, 0.9194506406784058, 0.06012651324272156], "k_pid_alt": [1.993586778640747, 0.476613849401474, 0.2173507809638977], "k_pid_att": [100.0, 1.117296576499939, 0.9613383412361145], "k_pid_yaw": [0.5, 1e-06, 0.1], "k_pid_hsp": [10.0, 0.9571951627731323, 0.040099501609802246], "k_pid_vsp": [399.2118835449219, 8.802724838256836, 42.94891357421875]}, "datetime": {"datetime": "2025-08-12 06:13:20", "elapsed": 49679.753375291824, "delta": 33.13315963745117}, "costs": {"total_cost": 1300.165212054748, "time_cost": 150, "final_distance_cost": 60.59154444977061, "oscillation_cost": 91.72756831138521, "completition_cost": 888.8888888888888, "overshoot_cost": 43.62001298769351, "power_cost": 34.8957541015625, "noise_cost": 30.441443315447398, "n_waypoints_completed": 1, "tot_waypoints": 9}}
