{"target": -1104.4704866953389, "params": {"k_pid_pos": [1.9940123558044434, 0.9429090023040771, 0.018130749464035034], "k_pid_alt": [1.8747152090072632, 0.9520725607872009, 0.006652653217315674], "k_pid_att": [100.0, 0.6528888940811157, 0.9962769746780396], "k_pid_yaw": [0.5, 1e-06, 0.1], "k_pid_hsp": [10.0, 0.9919244050979614, 0.010860472917556763], "k_pid_vsp": [0.014662742614746094, 35.959266662597656, 0.046492621302604675]}, "datetime": {"datetime": "2025-08-12 06:27:00", "elapsed": 50499.3968193531, "delta": 31.432117700576782}, "costs": {"total_cost": 1104.4704866953389, "time_cost": 150, "final_distance_cost": 54.40226647859103, "oscillation_cost": 100.90885168692641, "completition_cost": 666.6666666666667, "overshoot_cost": 67.05814137970431, "power_cost": 31.42356062011719, "noise_cost": 34.01099986333328, "n_waypoints_completed": 3, "tot_waypoints": 9}}
{"target": -1559.9278592294067, "params": {"k_pid_pos": [1.9879642724990845, 0.9652866125106812, 0.005223602056503296], "k_pid_alt": [1.9900132417678833, 0.9281189441680908, 0.011422544717788696], "k_pid_att": [100.0, 0.781229555606842, 0.9933173656463623], "k_pid_yaw": [0.5, 1e-06, 0.1], "k_pid_hsp": [10.0, 0.9966026544570923, 0.03679239749908447], "k_pid_vsp": [0.30001401901245117, 2.456606388092041, 0.013662384822964668]}, "datetime": {"datetime": "2025-08-12 06:27:31", "elapsed": 50530.807260513306, "delta": 31.410441160202026}, "costs": {"total_cost": 1559.9278592294067, "time_cost": 150, "final_distance_cost": 15.440521558250072, "oscillation_cost": 70.01037793756224, "completition_cost": 1000.0, "overshoot_cost": 166.79220281223274, "power_cost": 16.309063305664065, "noise_cost": 141.3756936156977, "n_waypoints_completed": 0, "tot_waypoints": 9}}
{"target": -1321.7843886508642, "params": {"k_pid_pos": [1.8074673414230347, 0.9448904991149902, 0.024674922227859497], "k_pid_alt": [1.9794869422912598, 0.9684577584266663, 0.013675153255462646], "k_pid_att": [100.0, 0.2629401385784149, 0.9906400442123413], "k_pid_yaw": [0.5, 1e-06, 0.1], "k_pid_hsp": [10.0, 0.9922881722450256, 0.037344008684158325], "k_pid_vsp": [385.7535705566406, 11.63692569732666, 9.999999974752427e-07]}, "datetime": {"datetime": "2025-08-12 06:28:04", "elapsed": 50563.618690252304, "delta": 32.81142973899841}, "costs": {"total_cost": 1321.7843886508642, "time_cost": 150, "final_distance_cost": 73.30238160532214, "oscillation_cost": 105.76775215452278, "completition_cost": 888.8888888888888, "overshoot_cost": 39.63623425306603, "power_cost": 30.32329708251953, "noise_cost": 33.86583466654492, "n_waypoints_completed": 1, "tot_waypoints": 9}}
{"target": -829.5922637917218, "params": {"k_pid_pos": [1.9927237033843994, 0.888246476650238, 0.005119353532791138], "k_pid_alt": [1.9721490144729614, 0.9814951419830322, 0.10808414220809937], "k_pid_att": [100.0, 0.2237635999917984, 0.9970866441726685], "k_pid_yaw": [0.5, 1e-06, 0.1], "k_pid_hsp": [10.0, 0.9831535816192627, 0.06382828950881958], "k_pid_vsp": [400.0, 6.6522369384765625, 0.31632286310195923]}, "datetime": {"datetime": "2025-08-12 06:28:34", "elapsed": 50594.35073041916, "delta": 30.73204016685486}, "costs": {"total_cost": 829.5922637917218, "time_cost": 150, "final_distance_cost": 73.71002077837262, "oscillation_cost": 140.71789549694924, "completition_cost": 333.33333333333337, "overshoot_cost": 65.62469954336498, "power_cost": 32.15009117431641, "noise_cost": 34.0562234653852, "n_waypoints_completed": 6, "tot_waypoints": 9}}
{"target": -971.9666465308532, "params": {"k_pid_pos": [1.9935847520828247, 0.9788362979888916, 0.008224725723266602], "k_pid_alt": [1.9794936180114746, 0.9743226766586304, 0.07301804423332214], "k_pid_att": [91.27085876464844, 0.37543025612831116, 0.943187415599823], "k_pid_yaw": [0.5, 1e-06, 0.1], "k_pid_hsp": [9.761263847351074, 0.9525905847549438, 0.020069271326065063], "k_pid_vsp": [399.96832275390625, 83.62324523925781, 2.683950424194336]}, "datetime": {"datetime": "2025-08-12 06:29:06", "elapsed": 50626.048001527786, "delta": 31.69727110862732}, "costs": {"total_cost": 971.9666465308532, "time_cost": 150, "final_distance_cost": 46.1147383866523, "oscillation_cost": 94.36895075193618, "completition_cost": 555.5555555555555, "overshoot_cost": 61.635530564888576, "power_cost": 29.758110559082034, "noise_cost": 34.53376071273854, "n_waypoints_completed": 4, "tot_waypoints": 9}}
{"target": -1534.8635822975245, "params": {"k_pid_pos": [1.9058760404586792, 0.9797414541244507, 0.0586777925491333], "k_pid_alt": [1.9761383533477783, 0.9569929242134094, 0.019704073667526245], "k_pid_att": [100.0, 0.8171654343605042, 0.9246923923492432], "k_pid_yaw": [0.5, 1e-06, 0.1], "k_pid_hsp": [9.999998092651367, 0.9954578876495361, 0.009733200073242188], "k_pid_vsp": [0.04004240036010742, 6.856084823608398, 17.0585880279541]}, "datetime": {"datetime": "2025-08-12 06:29:36", "elapsed": 50655.93439936638, "delta": 29.88639783859253}, "costs": {"total_cost": 1534.8635822975245, "time_cost": 150, "final_distance_cost": 7.205491147011571, "oscillation_cost": 50.411186618288276, "completition_cost": 1000.0, "overshoot_cost": 165.1155582954811, "power_cost": 19.98942674560547, "noise_cost": 142.14191949113825, "n_waypoints_completed": 0, "tot_waypoints": 9}}
{"target": -3899.214223572393, "params": {"k_pid_pos": [1.9802961349487305, 0.9875013828277588, 0.019323408603668213], "k_pid_alt": [1.9504802227020264, 0.9799727201461792, 0.07669085264205933], "k_pid_att": [2.9802322387695312e-06, 0.597288191318512, 0.9780713319778442], "k_pid_yaw": [0.5, 1e-06, 0.1], "k_pid_hsp": [10.0, 0.9799016714096069, 0.045138657093048096], "k_pid_vsp": [0.0002980232238769531, 13.707114219665527, 381.37493896484375]}, "datetime": {"datetime": "2025-08-12 06:30:08", "elapsed": 50688.16407561302, "delta": 32.229676246643066}, "costs": {"total_cost": 3899.214223572393, "time_cost": 150, "final_distance_cost": 496.3340879085616, "oscillation_cost": 807.1596917780769, "completition_cost": 1000.0, "overshoot_cost": 1268.1724808459624, "power_cost": 23.36624266357422, "noise_cost": 154.18172037621807, "n_waypoints_completed": 0, "tot_waypoints": 9}}
{"target": -1528.9635236034949, "params": {"k_pid_pos": [1.9469170570373535, 0.9820031523704529, 0.022268682718276978], "k_pid_alt": [1.9684542417526245, 0.9911211729049683, 0.02905777096748352], "k_pid_att": [100.0, 0.3520466983318329, 0.9889289140701294], "k_pid_yaw": [0.5, 1e-06, 0.1], "k_pid_hsp": [10.0, 0.9936986565589905, 0.012728691101074219], "k_pid_vsp": [352.2170715332031, 7.075870990753174, 400.0]}, "datetime": {"datetime": "2025-08-12 06:30:40", "elapsed": 50720.328124046326, "delta": 32.16404843330383}, "costs": {"total_cost": 1528.9635236034949, "time_cost": 150, "final_distance_cost": 12.168898243671016, "oscillation_cost": 57.7762134402181, "completition_cost": 1000.0, "overshoot_cost": 164.3605595753853, "power_cost": 32.478849072265625, "noise_cost": 112.17900327195504, "n_waypoints_completed": 0, "tot_waypoints": 9}}
{"target": -722.675911936018, "params": {"k_pid_pos": [1.8771661520004272, 0.9905310273170471, 0.002302885055541992], "k_pid_alt": [1.9937629699707031, 0.9199124574661255, 0.014536291360855103], "k_pid_att": [100.0, 0.36803099513053894, 0.9561547040939331], "k_pid_yaw": [0.5, 1e-06, 0.1], "k_pid_hsp": [10.0, 0.9808894395828247, 0.10769373178482056], "k_pid_vsp": [398.51068115234375, 9.732354164123535, 9.999999974752427e-07]}, "datetime": {"datetime": "2025-08-12 06:31:12", "elapsed": 50752.14185667038, "delta": 31.813732624053955}, "costs": {"total_cost": 722.675911936018, "time_cost": 150, "final_distance_cost": 73.1299081929285, "oscillation_cost": 140.5702223421742, "completition_cost": 222.2222222222222, "overshoot_cost": 69.86443151611077, "power_cost": 33.40181649169922, "noise_cost": 33.48731117088302, "n_waypoints_completed": 7, "tot_waypoints": 9}}
{"target": -1554.674297888114, "params": {"k_pid_pos": [1.9355913400650024, 0.9875547885894775, 0.18390363454818726], "k_pid_alt": [1.9828789234161377, 0.9477328062057495, 0.008122473955154419], "k_pid_att": [100.0, 0.15111520886421204, 0.9935479164123535], "k_pid_yaw": [0.5, 1e-06, 0.1], "k_pid_hsp": [10.0, 0.9950144290924072, 0.02352982759475708], "k_pid_vsp": [2.384185791015625e-05, 14.085770606994629, 399.99957275390625]}, "datetime": {"datetime": "2025-08-12 06:31:42", "elapsed": 50782.15154719353, "delta": 30.009690523147583}, "costs": {"total_cost": 1554.674297888114, "time_cost": 150, "final_distance_cost": 9.417254324928376, "oscillation_cost": 66.11761934461003, "completition_cost": 1000.0, "overshoot_cost": 164.39653937746007, "power_cost": 30.39107381591797, "noise_cost": 134.35181102519755, "n_waypoints_completed": 0, "tot_waypoints": 9}}
{"target": -1593.6031231921795, "params": {"k_pid_pos": [1.9672441482543945, 0.876624584197998, 0.007960289716720581], "k_pid_alt": [1.925100326538086, 0.9111818075180054, 0.0228290855884552], "k_pid_att": [100.0, 0.2277078926563263, 0.8718538284301758], "k_pid_yaw": [0.5, 1e-06, 0.1], "k_pid_hsp": [10.0, 0.9835782051086426, 0.1992073655128479], "k_pid_vsp": [0.0, 5.302489757537842, 393.7926025390625]}, "datetime": {"datetime": "2025-08-12 06:32:15", "elapsed": 50814.481803655624, "delta": 32.33025646209717}, "costs": {"total_cost": 1593.6031231921795, "time_cost": 150, "final_distance_cost": 10.160294759610672, "oscillation_cost": 97.509304504749, "completition_cost": 1000.0, "overshoot_cost": 165.94148826141048, "power_cost": 31.91047642822266, "noise_cost": 138.08155923818654, "n_waypoints_completed": 0, "tot_waypoints": 9}}
{"target": -1546.3439835302916, "params": {"k_pid_pos": [1.9290525913238525, 0.992857038974762, 0.01598098874092102], "k_pid_alt": [1.9317876100540161, 0.9665279388427734, 0.048461854457855225], "k_pid_att": [100.0, 2.02470326423645, 0.9054017066955566], "k_pid_yaw": [0.5, 1e-06, 0.1], "k_pid_hsp": [10.0, 0.9793219566345215, 0.08574345707893372], "k_pid_vsp": [0.0004291534423828125, 6.094122886657715, 9.999999974752427e-07]}, "datetime": {"datetime": "2025-08-12 06:32:48", "elapsed": 50847.92845082283, "delta": 33.44664716720581}, "costs": {"total_cost": 1546.3439835302916, "time_cost": 150, "final_distance_cost": 3.224376187738136, "oscillation_cost": 62.76203105698394, "completition_cost": 1000.0, "overshoot_cost": 167.06532919917206, "power_cost": 20.699134106445314, "noise_cost": 142.59311297995197, "n_waypoints_completed": 0, "tot_waypoints": 9}}
{"target": -535.824862439629, "params": {"k_pid_pos": [1.8440815210342407, 0.9953502416610718, 0.09391921758651733], "k_pid_alt": [1.9023451805114746, 0.9817572832107544, 0.0461733341217041], "k_pid_att": [100.0, 0.7450409531593323, 0.9257614612579346], "k_pid_yaw": [0.5, 1e-06, 0.1], "k_pid_hsp": [0.0006298799999058247, 0.9660689830780029, 0.04733908176422119], "k_pid_vsp": [397.7926330566406, 30.726900100708008, 9.999999974752427e-07]}, "datetime": {"datetime": "2025-08-12 06:33:20", "elapsed": 50879.923311948776, "delta": 31.994861125946045}, "costs": {"total_cost": 535.824862439629, "time_cost": 150, "final_distance_cost": 34.158363276734676, "oscillation_cost": 88.31807811978494, "completition_cost": 111.11111111111116, "overshoot_cost": 83.41779859872325, "power_cost": 32.46802243652344, "noise_cost": 36.35148889675146, "n_waypoints_completed": 8, "tot_waypoints": 9}}
{"target": -767.0944064170191, "params": {"k_pid_pos": [1.7989728450775146, 0.952462911605835, 0.00970524549484253], "k_pid_alt": [1.9723749160766602, 0.9978018999099731, 0.01628434658050537], "k_pid_att": [100.0, 0.13870832324028015, 0.9959185123443604], "k_pid_yaw": [0.5, 1e-06, 0.1], "k_pid_hsp": [9.847785949707031, 0.9824040532112122, 0.012193173170089722], "k_pid_vsp": [397.7913818359375, 13.548624992370605, 0.009192036464810371]}, "datetime": {"datetime": "2025-08-12 06:33:50", "elapsed": 50910.0549454689, "delta": 30.131633520126343}, "costs": {"total_cost": 767.0944064170191, "time_cost": 150, "final_distance_cost": 73.45756840688388, "oscillation_cost": 189.41326876288218, "completition_cost": 222.2222222222222, "overshoot_cost": 67.11930305227595, "power_cost": 30.67842821044922, "noise_cost": 34.20361576230566, "n_waypoints_completed": 7, "tot_waypoints": 9}}
{"target": -740.4108952829699, "params": {"k_pid_pos": [1.9637507200241089, 0.9258370399475098, 0.07431364059448242], "k_pid_alt": [1.9435847997665405, 0.9980742931365967, 0.0030230283737182617], "k_pid_att": [100.0, 1.546912431716919, 0.9917348623275757], "k_pid_yaw": [0.5, 1e-06, 0.1], "k_pid_hsp": [10.0, 0.9822301864624023, 0.016552597284317017], "k_pid_vsp": [400.0, 3.0583152770996094, 0.0009665952529758215]}, "datetime": {"datetime": "2025-08-12 06:34:22", "elapsed": 50942.14722919464, "delta": 32.092283725738525}, "costs": {"total_cost": 740.4108952829699, "time_cost": 150, "final_distance_cost": 66.08341475687841, "oscillation_cost": 169.2027015487008, "completition_cost": 222.2222222222222, "overshoot_cost": 67.6465038857726, "power_cost": 31.04257069091797, "noise_cost": 34.21348217847801, "n_waypoints_completed": 7, "tot_waypoints": 9}}
{"target": -719.9697893159724, "params": {"k_pid_pos": [1.936635136604309, 0.8681018352508545, 0.03778746724128723], "k_pid_alt": [1.8269803524017334, 0.9758243560791016, 0.029847025871276855], "k_pid_att": [100.0, 0.1505117118358612, 0.9339669942855835], "k_pid_yaw": [0.5, 1e-06, 0.1], "k_pid_hsp": [10.0, 0.9877279996871948, 0.07403716444969177], "k_pid_vsp": [400.0, 3.299487590789795, 0.06677012145519257]}, "datetime": {"datetime": "2025-08-12 06:34:53", "elapsed": 50972.879724025726, "delta": 30.732494831085205}, "costs": {"total_cost": 719.9697893159724, "time_cost": 150, "final_distance_cost": 71.24328955009878, "oscillation_cost": 144.0591355623254, "completition_cost": 222.2222222222222, "overshoot_cost": 66.28297348413403, "power_cost": 32.25132475585938, "noise_cost": 33.9108437413327, "n_waypoints_completed": 7, "tot_waypoints": 9}}
{"target": -622.1444343303848, "params": {"k_pid_pos": [1.9511247873306274, 0.9420000314712524, 0.10052347183227539], "k_pid_alt": [1.8567646741867065, 0.8683505654335022, 0.008456170558929443], "k_pid_att": [100.0, 1.6351940631866455, 0.9964313507080078], "k_pid_yaw": [0.5, 1e-06, 0.1], "k_pid_hsp": [9.999585151672363, 0.9865365028381348, 0.009161055088043213], "k_pid_vsp": [400.0, 8.04895305633545, 9.999999974752427e-07]}, "datetime": {"datetime": "2025-08-12 06:35:24", "elapsed": 51003.62274837494, "delta": 30.743024349212646}, "costs": {"total_cost": 622.1444343303848, "time_cost": 150, "final_distance_cost": 60.94109377394193, "oscillation_cost": 171.09020754924828, "completition_cost": 111.11111111111116, "overshoot_cost": 65.39638811380004, "power_cost": 31.123960412597658, "noise_cost": 32.48167336968582, "n_waypoints_completed": 8, "tot_waypoints": 9}}
{"target": -1525.6278097055335, "params": {"k_pid_pos": [1.724475622177124, 0.9626026153564453, 0.07225215435028076], "k_pid_alt": [1.968119502067566, 0.9668135046958923, 0.07948830723762512], "k_pid_att": [100.0, 0.12719938158988953, 0.8721583485603333], "k_pid_yaw": [0.5, 1e-06, 0.1], "k_pid_hsp": [9.999999046325684, 0.92937171459198, 0.005012989044189453], "k_pid_vsp": [0.31905174255371094, 1.9327292442321777, 390.7841796875]}, "datetime": {"datetime": "2025-08-12 06:35:55", "elapsed": 51035.23258805275, "delta": 31.60983967781067}, "costs": {"total_cost": 1525.6278097055335, "time_cost": 150, "final_distance_cost": 6.34594777709354, "oscillation_cost": 49.05846133361753, "completition_cost": 1000.0, "overshoot_cost": 164.61162445105816, "power_cost": 18.605968103027344, "noise_cost": 137.0058080407368, "n_waypoints_completed": 0, "tot_waypoints": 9}}
{"target": -1380.8349051543669, "params": {"k_pid_pos": [1.9024155139923096, 0.9719504714012146, 0.019901514053344727], "k_pid_alt": [1.972728967666626, 0.9911064505577087, 0.022831737995147705], "k_pid_att": [100.0, 0.2793377935886383, 0.9951601624488831], "k_pid_yaw": [0.5, 1e-06, 0.1], "k_pid_hsp": [10.0, 0.9828155040740967, 0.042279064655303955], "k_pid_vsp": [399.9986877441406, 30.040016174316406, 145.26853942871094]}, "datetime": {"datetime": "2025-08-12 06:36:28", "elapsed": 51067.43817782402, "delta": 32.20558977127075}, "costs": {"total_cost": 1380.8349051543669, "time_cost": 150, "final_distance_cost": 46.16596255954551, "oscillation_cost": 83.45359616843724, "completition_cost": 1000.0, "overshoot_cost": 35.08918183117192, "power_cost": 35.567718029785155, "noise_cost": 30.55844656542711, "n_waypoints_completed": 0, "tot_waypoints": 9}}
{"target": -1552.1912144516064, "params": {"k_pid_pos": [1.9650717973709106, 0.9878451824188232, 0.012398213148117065], "k_pid_alt": [1.9939669370651245, 0.9955960512161255, 0.08927449584007263], "k_pid_att": [100.0, 0.6817837357521057, 0.9834594130516052], "k_pid_yaw": [0.5, 1e-06, 0.1], "k_pid_hsp": [10.0, 0.9401105642318726, 0.038210511207580566], "k_pid_vsp": [0.6683588027954102, 2.792120933532715, 398.12890625]}, "datetime": {"datetime": "2025-08-12 06:37:01", "elapsed": 51100.55900812149, "delta": 33.12083029747009}, "costs": {"total_cost": 1552.1912144516064, "time_cost": 150, "final_distance_cost": 5.851284963322967, "oscillation_cost": 70.43421672455264, "completition_cost": 1000.0, "overshoot_cost": 164.76789917930242, "power_cost": 26.54146159667969, "noise_cost": 134.5963519877485, "n_waypoints_completed": 0, "tot_waypoints": 9}}
{"target": -1557.5242735922527, "params": {"k_pid_pos": [1.9370152950286865, 0.9807596802711487, 0.04768341779708862], "k_pid_alt": [1.9912168979644775, 0.994949221611023, 0.02734386920928955], "k_pid_att": [99.85772705078125, 0.10042821615934372, 0.9815386533737183], "k_pid_yaw": [0.5, 1e-06, 0.1], "k_pid_hsp": [9.999709129333496, 0.9548065662384033, 0.023025542497634888], "k_pid_vsp": [0.032448768615722656, 4.373146057128906, 9.999999974752427e-07]}, "datetime": {"datetime": "2025-08-12 06:37:30", "elapsed": 51130.25624680519, "delta": 29.69723868370056}, "costs": {"total_cost": 1557.5242735922527, "time_cost": 150, "final_distance_cost": 12.454295265735622, "oscillation_cost": 68.1696587174254, "completition_cost": 1000.0, "overshoot_cost": 166.73615814027406, "power_cost": 16.963214367675782, "noise_cost": 143.20094710114176, "n_waypoints_completed": 0, "tot_waypoints": 9}}
{"target": -908.4273451583518, "params": {"k_pid_pos": [1.93451988697052, 0.9928625822067261, 0.02203911542892456], "k_pid_alt": [1.9976739883422852, 0.9891817569732666, 0.04270583391189575], "k_pid_att": [100.0, 0.2384255975484848, 0.9712744951248169], "k_pid_yaw": [0.5, 1e-06, 0.1], "k_pid_hsp": [10.0, 0.9946180582046509, 0.07089707255363464], "k_pid_vsp": [391.61688232421875, 32.878623962402344, 0.0022302137222141027]}, "datetime": {"datetime": "2025-08-12 06:38:01", "elapsed": 51160.75121855736, "delta": 30.494971752166748}, "costs": {"total_cost": 908.4273451583518, "time_cost": 150, "final_distance_cost": 48.6641898965601, "oscillation_cost": 136.4701916320408, "completition_cost": 444.4444444444444, "overshoot_cost": 62.64954641865074, "power_cost": 31.974593139648437, "noise_cost": 34.22437962700745, "n_waypoints_completed": 5, "tot_waypoints": 9}}
{"target": -709.8784591054249, "params": {"k_pid_pos": [1.9327654838562012, 0.9965893030166626, 0.0013617873191833496], "k_pid_alt": [1.9870651960372925, 0.7720844745635986, 0.01759469509124756], "k_pid_att": [100.0, 0.08051629364490509, 0.9955432415008545], "k_pid_yaw": [0.5, 1e-06, 0.1], "k_pid_hsp": [10.0, 0.9701027870178223, 0.1393553614616394], "k_pid_vsp": [351.9286193847656, 22.422697067260742, 9.999999974752427e-07]}, "datetime": {"datetime": "2025-08-12 06:38:33", "elapsed": 51192.908739328384, "delta": 32.15752077102661}, "costs": {"total_cost": 709.8784591054249, "time_cost": 150, "final_distance_cost": 59.8363659913719, "oscillation_cost": 145.448175101707, "completition_cost": 222.2222222222222, "overshoot_cost": 64.53283589260326, "power_cost": 34.66808833007813, "noise_cost": 33.17077156744246, "n_waypoints_completed": 7, "tot_waypoints": 9}}
{"target": -1317.6445062318949, "params": {"k_pid_pos": [1.9728398323059082, 0.9450893402099609, 0.03343060612678528], "k_pid_alt": [1.9777419567108154, 0.9752432703971863, 0.017643272876739502], "k_pid_att": [100.0, 0.20662921667099, 0.9948101043701172], "k_pid_yaw": [0.5, 1e-06, 0.1], "k_pid_hsp": [10.0, 0.9807761907577515, 0.033713310956954956], "k_pid_vsp": [400.0, 6.565977096557617, 0.03017287142574787]}, "datetime": {"datetime": "2025-08-12 06:39:04", "elapsed": 51224.056374549866, "delta": 31.147635221481323}, "costs": {"total_cost": 1317.6445062318949, "time_cost": 150, "final_distance_cost": 73.24145385304578, "oscillation_cost": 101.83781607848982, "completition_cost": 888.8888888888888, "overshoot_cost": 39.896788878878155, "power_cost": 29.988146594238284, "noise_cost": 33.79141193835401, "n_waypoints_completed": 1, "tot_waypoints": 9}}
{"target": -1545.147118404593, "params": {"k_pid_pos": [1.7963523864746094, 0.9881668090820312, 0.04192471504211426], "k_pid_alt": [1.9844294786453247, 0.9879618287086487, 0.04070001840591431], "k_pid_att": [100.0, 1.058724284172058, 0.9572784900665283], "k_pid_yaw": [0.5, 1e-06, 0.1], "k_pid_hsp": [10.0, 0.9881526231765747, 0.009923577308654785], "k_pid_vsp": [0.0, 14.822901725769043, 0.0005732045974582434]}, "datetime": {"datetime": "2025-08-12 06:39:39", "elapsed": 51258.495398044586, "delta": 34.43902349472046}, "costs": {"total_cost": 1545.147118404593, "time_cost": 150, "final_distance_cost": 6.8913706488754185, "oscillation_cost": 50.65766150832753, "completition_cost": 1000.0, "overshoot_cost": 165.24759157935122, "power_cost": 24.553920947265627, "noise_cost": 147.7965737207733, "n_waypoints_completed": 0, "tot_waypoints": 9}}
