{"target": -712.6313438144964, "params": {"k_pid_pos": [1.888061761856079, 0.9870761632919312, 0.0030006766319274902], "k_pid_alt": [1.9471685886383057, 0.9554815292358398, 0.011938244104385376], "k_pid_att": [100.0, 0.0660390630364418, 0.9652383327484131], "k_pid_yaw": [0.5, 1e-06, 0.1], "k_pid_hsp": [10.0, 0.9750310778617859, 0.006979763507843018], "k_pid_vsp": [400.0, 7.643462181091309, 9.999999974752427e-07]}, "datetime": {"datetime": "2025-08-12 11:54:49", "elapsed": 70169.23457145691, "delta": 31.785691022872925}, "costs": {"total_cost": 712.6313438144964, "time_cost": 150, "final_distance_cost": 61.234925953588935, "oscillation_cost": 150.20737982500162, "completition_cost": 222.2222222222222, "overshoot_cost": 65.97015335093168, "power_cost": 30.36692286376953, "noise_cost": 32.629739598982404, "n_waypoints_completed": 7, "tot_waypoints": 9}}
{"target": -1297.2295871673296, "params": {"k_pid_pos": [1.9746891260147095, 0.9793974757194519, 0.017413824796676636], "k_pid_alt": [1.9491260051727295, 0.9420573711395264, 0.005276530981063843], "k_pid_att": [100.0, 0.2931462824344635, 0.9653842449188232], "k_pid_yaw": [0.5, 1e-06, 0.1], "k_pid_hsp": [10.0, 0.9937053918838501, 0.02536436915397644], "k_pid_vsp": [400.0, 3.204418182373047, 9.999999974752427e-07]}, "datetime": {"datetime": "2025-08-12 11:55:19", "elapsed": 70199.35009622574, "delta": 30.115524768829346}, "costs": {"total_cost": 1297.2295871673296, "time_cost": 150, "final_distance_cost": 61.81902691506308, "oscillation_cost": 92.60721142398768, "completition_cost": 888.8888888888888, "overshoot_cost": 40.5173904899841, "power_cost": 29.556416174316407, "noise_cost": 33.84065327508932, "n_waypoints_completed": 1, "tot_waypoints": 9}}
{"target": -1312.214179525439, "params": {"k_pid_pos": [1.988667607307434, 0.9798372983932495, 0.011951029300689697], "k_pid_alt": [1.9914751052856445, 0.9888707399368286, 0.07582655549049377], "k_pid_att": [100.0, 0.07908758521080017, 0.969182014465332], "k_pid_yaw": [0.5, 1e-06, 0.1], "k_pid_hsp": [10.0, 0.9880234599113464, 0.039235204458236694], "k_pid_vsp": [400.0, 4.9826273918151855, 9.999999974752427e-07]}, "datetime": {"datetime": "2025-08-12 11:55:49", "elapsed": 70229.23480820656, "delta": 29.884711980819702}, "costs": {"total_cost": 1312.214179525439, "time_cost": 150, "final_distance_cost": 61.631617033285146, "oscillation_cost": 106.11494610779712, "completition_cost": 888.8888888888888, "overshoot_cost": 41.55214556445009, "power_cost": 30.193370642089846, "noise_cost": 33.833211288928226, "n_waypoints_completed": 1, "tot_waypoints": 9}}
{"target": -838.4270734441117, "params": {"k_pid_pos": [1.9905946254730225, 0.9692774415016174, 0.016886651515960693], "k_pid_alt": [1.9935083389282227, 0.9342237710952759, 0.0034586191177368164], "k_pid_att": [100.0, 0.17219595611095428, 0.9957801103591919], "k_pid_yaw": [0.5, 1e-06, 0.1], "k_pid_hsp": [10.0, 0.8889550566673279, 0.07243362069129944], "k_pid_vsp": [399.9999694824219, 3.399134635925293, 9.999999974752427e-07]}, "datetime": {"datetime": "2025-08-12 11:56:16", "elapsed": 70256.2933511734, "delta": 27.05854296684265}, "costs": {"total_cost": 838.4270734441117, "time_cost": 150, "final_distance_cost": 77.54753888915748, "oscillation_cost": 146.4729916043431, "completition_cost": 333.33333333333337, "overshoot_cost": 64.56404545371441, "power_cost": 32.43386247558594, "noise_cost": 34.07530168797734, "n_waypoints_completed": 6, "tot_waypoints": 9}}
{"target": -1547.3329499489705, "params": {"k_pid_pos": [1.973258137702942, 0.9434750080108643, 0.007146358489990234], "k_pid_alt": [1.935652732849121, 0.9564394950866699, 0.017465740442276], "k_pid_att": [100.0, 0.05945400893688202, 0.9750228524208069], "k_pid_yaw": [0.5, 1e-06, 0.1], "k_pid_hsp": [10.0, 0.9984354376792908, 0.02308785915374756], "k_pid_vsp": [0.0514984130859375, 2.7563223838806152, 0.34371715784072876]}, "datetime": {"datetime": "2025-08-12 11:56:47", "elapsed": 70286.7567396164, "delta": 30.463388442993164}, "costs": {"total_cost": 1547.3329499489705, "time_cost": 150, "final_distance_cost": 8.564553958245009, "oscillation_cost": 65.28250164094113, "completition_cost": 1000.0, "overshoot_cost": 166.6994160795236, "power_cost": 15.562478234863281, "noise_cost": 141.22400003539738, "n_waypoints_completed": 0, "tot_waypoints": 9}}
{"target": -841.5847220668159, "params": {"k_pid_pos": [1.9987186193466187, 0.9804799556732178, 0.004593193531036377], "k_pid_alt": [1.9626455307006836, 0.9757930040359497, 0.07138606905937195], "k_pid_att": [100.0, 0.41216006875038147, 0.9919574856758118], "k_pid_yaw": [0.5, 1e-06, 0.1], "k_pid_hsp": [10.0, 0.9908876419067383, 0.016324371099472046], "k_pid_vsp": [363.9723205566406, 7.63372278213501, 0.0519285649061203]}, "datetime": {"datetime": "2025-08-12 11:57:17", "elapsed": 70316.98873972893, "delta": 30.23200011253357}, "costs": {"total_cost": 841.5847220668159, "time_cost": 150, "final_distance_cost": 75.90813457048849, "oscillation_cost": 155.91197784110832, "completition_cost": 333.33333333333337, "overshoot_cost": 61.40846852953557, "power_cost": 30.54024313964844, "noise_cost": 34.48256465270174, "n_waypoints_completed": 6, "tot_waypoints": 9}}
{"target": -691.0486093466154, "params": {"k_pid_pos": [1.9295209646224976, 0.9891226291656494, 0.022699803113937378], "k_pid_alt": [1.7738447189331055, 0.9712858200073242, 0.054141879081726074], "k_pid_att": [100.0, 0.16805407404899597, 0.9967696666717529], "k_pid_yaw": [0.5, 1e-06, 0.1], "k_pid_hsp": [9.999402046203613, 0.9955995082855225, 0.007606029510498047], "k_pid_vsp": [400.0, 1.4544496536254883, 9.999999974752427e-07]}, "datetime": {"datetime": "2025-08-12 11:57:47", "elapsed": 70347.15633368492, "delta": 30.167593955993652}, "costs": {"total_cost": 691.0486093466154, "time_cost": 150, "final_distance_cost": 66.25352578712928, "oscillation_cost": 125.02014058757906, "completition_cost": 222.2222222222222, "overshoot_cost": 64.79869948200908, "power_cost": 29.927130871582033, "noise_cost": 32.82689039609384, "n_waypoints_completed": 7, "tot_waypoints": 9}}
{"target": -1397.435298717616, "params": {"k_pid_pos": [1.999558448791504, 0.9991077184677124, 0.0063367486000061035], "k_pid_alt": [1.969196081161499, 0.9964619874954224, 0.040768325328826904], "k_pid_att": [100.0, 0.05631645396351814, 0.9847435355186462], "k_pid_yaw": [0.5, 1e-06, 0.1], "k_pid_hsp": [10.0, 0.9935834407806396, 0.03252473473548889], "k_pid_vsp": [400.0, 26.414216995239258, 369.4387512207031]}, "datetime": {"datetime": "2025-08-12 11:58:17", "elapsed": 70377.20740413666, "delta": 30.05107045173645}, "costs": {"total_cost": 1397.435298717616, "time_cost": 150, "final_distance_cost": 45.13746670358748, "oscillation_cost": 76.88054525898058, "completition_cost": 1000.0, "overshoot_cost": 60.223303922387444, "power_cost": 34.617212939453125, "noise_cost": 30.576769893207505, "n_waypoints_completed": 0, "tot_waypoints": 9}}
