{"target": -1542.5779193503693, "params": {"k_pid_pos": [1.8465921878814697, 0.9941069483757019, 0.01114460825920105], "k_pid_alt": [1.9969635009765625, 0.7815424799919128, 0.016905635595321655], "k_pid_att": [100.0, 0.16319723427295685, 0.7712348103523254], "k_pid_yaw": [0.5, 1e-06, 0.1], "k_pid_hsp": [9.999666213989258, 0.9309086203575134, 0.01562449336051941], "k_pid_vsp": [0.0018477439880371094, 4.788602352142334, 11.089254379272461]}, "datetime": {"datetime": "2025-08-12 00:47:11", "elapsed": 30110.404668569565, "delta": 29.689528942108154}, "costs": {"total_cost": 1542.5779193503693, "time_cost": 150, "final_distance_cost": 2.6445703417537874, "oscillation_cost": 62.926644536624686, "completition_cost": 1000.0, "overshoot_cost": 166.42715355446583, "power_cost": 16.674645959472656, "noise_cost": 143.90490495805236, "n_waypoints_completed": 0, "tot_waypoints": 9}}
{"target": -1586.4238509317665, "params": {"k_pid_pos": [1.9684579372406006, 0.9797428250312805, 0.0022332370281219482], "k_pid_alt": [1.982170820236206, 0.9940108060836792, 0.007280558347702026], "k_pid_att": [100.0, 0.8699629902839661, 0.9895999431610107], "k_pid_yaw": [0.5, 1e-06, 0.1], "k_pid_hsp": [9.904366493225098, 0.9711763262748718, 0.07598909735679626], "k_pid_vsp": [0.0021576881408691406, 11.252034187316895, 0.965846598148346]}, "datetime": {"datetime": "2025-08-12 00:47:43", "elapsed": 30142.849140882492, "delta": 32.444472312927246}, "costs": {"total_cost": 1586.4238509317665, "time_cost": 150, "final_distance_cost": 14.85298093642046, "oscillation_cost": 81.83113799175628, "completition_cost": 1000.0, "overshoot_cost": 166.78514468457095, "power_cost": 24.635882153320313, "noise_cost": 148.31870516569836, "n_waypoints_completed": 0, "tot_waypoints": 9}}
{"target": -569.105922063808, "params": {"k_pid_pos": [1.9605331420898438, 0.9452325105667114, 0.02061954140663147], "k_pid_alt": [1.9279305934906006, 0.9418166279792786, 0.13165652751922607], "k_pid_att": [99.91136169433594, 0.4115801155567169, 0.9078113436698914], "k_pid_yaw": [0.5, 1e-06, 0.1], "k_pid_hsp": [0.00842638686299324, 0.9771397709846497, 0.01671871542930603], "k_pid_vsp": [400.0, 14.258040428161621, 2.848113536834717]}, "datetime": {"datetime": "2025-08-12 00:48:15", "elapsed": 30174.735330581665, "delta": 31.886189699172974}, "costs": {"total_cost": 569.105922063808, "time_cost": 150, "final_distance_cost": 63.578138115467986, "oscillation_cost": 98.54673145919216, "completition_cost": 111.11111111111116, "overshoot_cost": 77.53632516887872, "power_cost": 32.32114997558594, "noise_cost": 36.012466233572006, "n_waypoints_completed": 8, "tot_waypoints": 9}}
{"target": -4818.910727596917, "params": {"k_pid_pos": [1.973766803741455, 0.9722580909729004, 0.08250492811203003], "k_pid_alt": [1.9823660850524902, 0.8551617860794067, 0.02823251485824585], "k_pid_att": [0.07136166095733643, 0.4590589106082916, 0.981744647026062], "k_pid_yaw": [0.5, 1e-06, 0.1], "k_pid_hsp": [10.0, 0.9961861371994019, 0.0011367201805114746], "k_pid_vsp": [399.90234375, 4.349149227142334, 399.9207458496094]}, "datetime": {"datetime": "2025-08-12 00:48:46", "elapsed": 30206.00297164917, "delta": 31.267641067504883}, "costs": {"total_cost": 4818.910727596917, "time_cost": 150, "final_distance_cost": 990.8755925634104, "oscillation_cost": 553.3657506804983, "completition_cost": 1000.0, "overshoot_cost": 1905.9680425078109, "power_cost": 55.13978359375, "noise_cost": 163.56155825144856, "n_waypoints_completed": 0, "tot_waypoints": 9}}
{"target": -1521.3062075508285, "params": {"k_pid_pos": [1.9462710618972778, 0.9678206443786621, 0.11838909983634949], "k_pid_alt": [1.8902355432510376, 0.8195577263832092, 0.010476648807525635], "k_pid_att": [100.0, 1.3387014865875244, 0.9598811268806458], "k_pid_yaw": [0.5, 1e-06, 0.1], "k_pid_hsp": [9.687329292297363, 0.9826949834823608, 0.007120877504348755], "k_pid_vsp": [0.03693103790283203, 4.9025187492370605, 374.5322570800781]}, "datetime": {"datetime": "2025-08-12 00:49:18", "elapsed": 30237.789573907852, "delta": 31.78660225868225}, "costs": {"total_cost": 1521.3062075508285, "time_cost": 150, "final_distance_cost": 1.8165897648422507, "oscillation_cost": 46.84669799986618, "completition_cost": 1000.0, "overshoot_cost": 164.48356659355954, "power_cost": 20.0579189453125, "noise_cost": 138.10143424724816, "n_waypoints_completed": 0, "tot_waypoints": 9}}
{"target": -598.9123997158887, "params": {"k_pid_pos": [1.9371507167816162, 0.8504550457000732, 0.12186095118522644], "k_pid_alt": [1.9716103076934814, 0.9266217350959778, 0.009873688220977783], "k_pid_att": [100.0, 1.7933425903320312, 0.946119487285614], "k_pid_yaw": [0.5, 1e-06, 0.1], "k_pid_hsp": [10.0, 0.9906713962554932, 0.09206566214561462], "k_pid_vsp": [399.9981994628906, 7.5413713455200195, 9.999999974752427e-07]}, "datetime": {"datetime": "2025-08-12 00:49:49", "elapsed": 30268.43978357315, "delta": 30.650209665298462}, "costs": {"total_cost": 598.9123997158887, "time_cost": 150, "final_distance_cost": 54.87362014279343, "oscillation_cost": 154.8939415662989, "completition_cost": 111.11111111111116, "overshoot_cost": 60.810891931247845, "power_cost": 33.39653129882813, "noise_cost": 33.82630366560933, "n_waypoints_completed": 8, "tot_waypoints": 9}}
{"target": -1574.811226017069, "params": {"k_pid_pos": [1.9838902950286865, 0.9894956350326538, 0.018327921628952026], "k_pid_alt": [1.8930010795593262, 0.8062240481376648, 0.05764159560203552], "k_pid_att": [99.98651885986328, 1.0376455783843994, 0.9675493240356445], "k_pid_yaw": [0.5, 1e-06, 0.1], "k_pid_hsp": [10.0, 0.8804188966751099, 0.0558355450630188], "k_pid_vsp": [0.0, 6.860471725463867, 400.0]}, "datetime": {"datetime": "2025-08-12 00:50:20", "elapsed": 30300.044883728027, "delta": 31.60510015487671}, "costs": {"total_cost": 1574.811226017069, "time_cost": 150, "final_distance_cost": 12.336726870351447, "oscillation_cost": 80.26034003908977, "completition_cost": 1000.0, "overshoot_cost": 165.99118481176833, "power_cost": 31.58099849853516, "noise_cost": 134.6419757973242, "n_waypoints_completed": 0, "tot_waypoints": 9}}
{"target": -673.7825228865978, "params": {"k_pid_pos": [1.9440051317214966, 0.9889994859695435, 0.11138558387756348], "k_pid_alt": [1.9626245498657227, 0.9749350547790527, 0.00992274284362793], "k_pid_att": [99.99962615966797, 2.5368359088897705, 0.976117730140686], "k_pid_yaw": [0.5, 1e-06, 0.1], "k_pid_hsp": [0.0015674516325816512, 0.9507867693901062, 0.14445441961288452], "k_pid_vsp": [386.6990661621094, 57.332218170166016, 12.055469512939453]}, "datetime": {"datetime": "2025-08-12 00:50:51", "elapsed": 30331.171717882156, "delta": 31.12683415412903}, "costs": {"total_cost": 673.7825228865978, "time_cost": 150, "final_distance_cost": 52.363234251571015, "oscillation_cost": 106.73519354582852, "completition_cost": 222.2222222222222, "overshoot_cost": 72.3815588699925, "power_cost": 36.12967373046875, "noise_cost": 33.95064026651472, "n_waypoints_completed": 7, "tot_waypoints": 9}}
{"target": -1524.1153022375279, "params": {"k_pid_pos": [1.8777592182159424, 0.9742581844329834, 0.05310511589050293], "k_pid_alt": [1.9819891452789307, 0.9546315670013428, 0.020589321851730347], "k_pid_att": [100.0, 0.44469553232192993, 0.9796780347824097], "k_pid_yaw": [0.5, 1e-06, 0.1], "k_pid_hsp": [9.383021354675293, 0.9716231822967529, 0.011558979749679565], "k_pid_vsp": [399.80560302734375, 9.347296714782715, 400.0]}, "datetime": {"datetime": "2025-08-12 00:51:23", "elapsed": 30363.030344486237, "delta": 31.8586266040802}, "costs": {"total_cost": 1524.1153022375279, "time_cost": 150, "final_distance_cost": 12.628718134880025, "oscillation_cost": 57.76969492404802, "completition_cost": 1000.0, "overshoot_cost": 162.14353385866607, "power_cost": 33.04702535400391, "noise_cost": 108.52632996592983, "n_waypoints_completed": 0, "tot_waypoints": 9}}
{"target": -1363.2415052205763, "params": {"k_pid_pos": [1.9769643545150757, 0.9790045619010925, 0.2484382688999176], "k_pid_alt": [1.6990567445755005, 0.9576151371002197, 0.006467491388320923], "k_pid_att": [99.99998474121094, 0.9672269821166992, 0.9939872026443481], "k_pid_yaw": [0.5, 1e-06, 0.1], "k_pid_hsp": [0.1542298048734665, 0.9874563217163086, 0.09968149662017822], "k_pid_vsp": [398.3365478515625, 8.186174392700195, 400.0]}, "datetime": {"datetime": "2025-08-12 00:51:54", "elapsed": 30393.896321058273, "delta": 30.865976572036743}, "costs": {"total_cost": 1363.2415052205763, "time_cost": 150, "final_distance_cost": 72.27984970511494, "oscillation_cost": 79.68646543983643, "completition_cost": 888.8888888888888, "overshoot_cost": 101.46422695880776, "power_cost": 37.29611307373047, "noise_cost": 33.62596115419765, "n_waypoints_completed": 1, "tot_waypoints": 9}}
{"target": -1545.1322368820947, "params": {"k_pid_pos": [1.944707989692688, 0.9271255135536194, 0.013518840074539185], "k_pid_alt": [1.966789722442627, 0.9727867841720581, 0.0750335156917572], "k_pid_att": [5.69438362121582, 0.1857663094997406, 0.9095618724822998], "k_pid_yaw": [0.5, 1e-06, 0.1], "k_pid_hsp": [10.0, 0.9854183197021484, 0.03704002499580383], "k_pid_vsp": [0.0, 0.9996185898780823, 400.0]}, "datetime": {"datetime": "2025-08-12 00:52:25", "elapsed": 30424.979044675827, "delta": 31.08272361755371}, "costs": {"total_cost": 1545.1322368820947, "time_cost": 150, "final_distance_cost": 10.864280860419578, "oscillation_cost": 62.695312987126854, "completition_cost": 1000.0, "overshoot_cost": 169.45023601327296, "power_cost": 13.63120125732422, "noise_cost": 138.49120576395092, "n_waypoints_completed": 0, "tot_waypoints": 9}}
{"target": -1570.6184397200266, "params": {"k_pid_pos": [1.9260228872299194, 0.975365400314331, 0.12746864557266235], "k_pid_alt": [1.984906554222107, 0.976118803024292, 0.14647173881530762], "k_pid_att": [99.999755859375, 1.8244744539260864, 0.9905433058738708], "k_pid_yaw": [0.5, 1e-06, 0.1], "k_pid_hsp": [8.677810668945312, 0.949739396572113, 0.038080304861068726], "k_pid_vsp": [0.2696514129638672, 25.087894439697266, 400.0]}, "datetime": {"datetime": "2025-08-12 00:52:57", "elapsed": 30456.603645324707, "delta": 31.624600648880005}, "costs": {"total_cost": 1570.6184397200266, "time_cost": 150, "final_distance_cost": 14.360990916527175, "oscillation_cost": 77.42775259015157, "completition_cost": 1000.0, "overshoot_cost": 165.9808701429581, "power_cost": 32.9995316772461, "noise_cost": 129.84929439314374, "n_waypoints_completed": 0, "tot_waypoints": 9}}
{"target": -1578.9162077681633, "params": {"k_pid_pos": [1.9452792406082153, 0.9707120060920715, 0.04809612035751343], "k_pid_alt": [1.9724372625350952, 0.9315084218978882, 0.26313626766204834], "k_pid_att": [100.0, 0.3702244460582733, 0.9699263572692871], "k_pid_yaw": [0.5, 1e-06, 0.1], "k_pid_hsp": [9.999999046325684, 0.9909548759460449, 0.04656049609184265], "k_pid_vsp": [1.5760302543640137, 14.603007316589355, 330.207763671875]}, "datetime": {"datetime": "2025-08-12 00:53:28", "elapsed": 30487.42549419403, "delta": 30.82184886932373}, "costs": {"total_cost": 1578.9162077681633, "time_cost": 150, "final_distance_cost": 9.112472072911524, "oscillation_cost": 85.34087994040664, "completition_cost": 1000.0, "overshoot_cost": 166.05075619383607, "power_cost": 33.82798586425781, "noise_cost": 134.58411369675133, "n_waypoints_completed": 0, "tot_waypoints": 9}}
{"target": -1544.3894122117974, "params": {"k_pid_pos": [1.9286189079284668, 0.925175666809082, 0.027815550565719604], "k_pid_alt": [1.9653353691101074, 0.97386634349823, 0.030901163816452026], "k_pid_att": [100.0, 0.7870811820030212, 0.9746010303497314], "k_pid_yaw": [0.5, 1e-06, 0.1], "k_pid_hsp": [10.0, 0.9865700602531433, 0.026389867067337036], "k_pid_vsp": [0.0, 105.95669555664062, 399.8959655761719]}, "datetime": {"datetime": "2025-08-12 00:53:59", "elapsed": 30518.543867588043, "delta": 31.11837339401245}, "costs": {"total_cost": 1544.3894122117974, "time_cost": 150, "final_distance_cost": 2.46250365225234, "oscillation_cost": 69.55520872479708, "completition_cost": 1000.0, "overshoot_cost": 164.97611196279107, "power_cost": 33.543413525390626, "noise_cost": 123.85217434656622, "n_waypoints_completed": 0, "tot_waypoints": 9}}
{"target": -1371.9982344035334, "params": {"k_pid_pos": [1.9722282886505127, 0.8732506632804871, 0.07873150706291199], "k_pid_alt": [1.6585062742233276, 0.9686465263366699, 0.03538912534713745], "k_pid_att": [99.99998474121094, 2.8501088619232178, 0.9804549217224121], "k_pid_yaw": [0.5, 1e-06, 0.1], "k_pid_hsp": [9.999999046325684, 0.9934422373771667, 0.013956308364868164], "k_pid_vsp": [0.0, 20.859933853149414, 0.0023017392959445715]}, "datetime": {"datetime": "2025-08-12 00:54:30", "elapsed": 30549.766245365143, "delta": 31.22237777709961}, "costs": {"total_cost": 1371.9982344035334, "time_cost": 150, "final_distance_cost": 71.64149515830842, "oscillation_cost": 102.95611985810461, "completition_cost": 888.8888888888888, "overshoot_cost": 86.3734146857542, "power_cost": 29.41920858154297, "noise_cost": 42.71910723093458, "n_waypoints_completed": 1, "tot_waypoints": 9}}
{"target": -1417.1727728220144, "params": {"k_pid_pos": [1.9104279279708862, 0.9283487796783447, 0.07121163606643677], "k_pid_alt": [1.8537770509719849, 0.8831325769424438, 0.009184390306472778], "k_pid_att": [89.34222412109375, 0.09250028431415558, 0.9185152053833008], "k_pid_yaw": [0.5, 1e-06, 0.1], "k_pid_hsp": [10.0, 0.9643859267234802, 0.053824394941329956], "k_pid_vsp": [398.6773376464844, 14.169479370117188, 398.2079162597656]}, "datetime": {"datetime": "2025-08-12 00:55:01", "elapsed": 30580.976819753647, "delta": 31.21057438850403}, "costs": {"total_cost": 1417.1727728220144, "time_cost": 150, "final_distance_cost": 46.51283491838932, "oscillation_cost": 86.28248308840756, "completition_cost": 1000.0, "overshoot_cost": 66.33681723040942, "power_cost": 36.31429305419922, "noise_cost": 31.726344530608934, "n_waypoints_completed": 0, "tot_waypoints": 9}}
{"target": -1559.450611316908, "params": {"k_pid_pos": [1.9813849925994873, 0.9668430685997009, 0.03782135248184204], "k_pid_alt": [1.9185558557510376, 0.9940445423126221, 0.02217349410057068], "k_pid_att": [100.0, 2.8085193634033203, 0.8308783769607544], "k_pid_yaw": [0.5, 1e-06, 0.1], "k_pid_hsp": [10.0, 0.901985764503479, 0.01274368166923523], "k_pid_vsp": [0.015532970428466797, 8.911002159118652, 9.999999974752427e-07]}, "datetime": {"datetime": "2025-08-12 00:55:32", "elapsed": 30611.790811777115, "delta": 30.813992023468018}, "costs": {"total_cost": 1559.450611316908, "time_cost": 150, "final_distance_cost": 11.515070887058362, "oscillation_cost": 64.60760745643104, "completition_cost": 1000.0, "overshoot_cost": 166.05588849169817, "power_cost": 19.722784020996095, "noise_cost": 147.5492604607241, "n_waypoints_completed": 0, "tot_waypoints": 9}}
{"target": -1573.0374597995715, "params": {"k_pid_pos": [1.9473881721496582, 0.9822482466697693, 0.002360403537750244], "k_pid_alt": [1.9388805627822876, 0.9763445854187012, 0.008199125528335571], "k_pid_att": [100.0, 1.6126186847686768, 0.9928312301635742], "k_pid_yaw": [0.5, 1e-06, 0.1], "k_pid_hsp": [10.0, 0.8719277381896973, 0.11641937494277954], "k_pid_vsp": [0.02319812774658203, 3.511870861053467, 234.5958251953125]}, "datetime": {"datetime": "2025-08-12 00:56:03", "elapsed": 30643.173673391342, "delta": 31.382861614227295}, "costs": {"total_cost": 1573.0374597995715, "time_cost": 150, "final_distance_cost": 11.781095620618304, "oscillation_cost": 82.077438697372, "completition_cost": 1000.0, "overshoot_cost": 166.20273709696605, "power_cost": 25.720358728027346, "noise_cost": 137.25582965658776, "n_waypoints_completed": 0, "tot_waypoints": 9}}
{"target": -1300.6748047168014, "params": {"k_pid_pos": [1.8977340459823608, 0.9901139140129089, 0.012170970439910889], "k_pid_alt": [1.9753575325012207, 0.9206487536430359, 0.040539830923080444], "k_pid_att": [99.3984603881836, 0.11491349339485168, 0.9407574534416199], "k_pid_yaw": [0.5, 1e-06, 0.1], "k_pid_hsp": [9.99999713897705, 0.9136847257614136, 0.027258068323135376], "k_pid_vsp": [325.76495361328125, 11.46045970916748, 1.2920929293613881e-05]}, "datetime": {"datetime": "2025-08-12 00:56:34", "elapsed": 30674.180748462677, "delta": 31.00707507133484}, "costs": {"total_cost": 1300.6748047168014, "time_cost": 150, "final_distance_cost": 60.456133893521866, "oscillation_cost": 95.86223417659286, "completition_cost": 888.8888888888888, "overshoot_cost": 41.8338082120276, "power_cost": 29.72936033935547, "noise_cost": 33.90437920641462, "n_waypoints_completed": 1, "tot_waypoints": 9}}
{"target": -1426.1955536360329, "params": {"k_pid_pos": [1.9588502645492554, 0.9895988702774048, 0.007279783487319946], "k_pid_alt": [1.9390299320220947, 0.9901602864265442, 0.04543939232826233], "k_pid_att": [100.0, 0.3327871263027191, 0.9836887121200562], "k_pid_yaw": [0.5, 1e-06, 0.1], "k_pid_hsp": [10.0, 0.9948149919509888, 0.03639721870422363], "k_pid_vsp": [399.2401428222656, 6.1136016845703125, 400.0]}, "datetime": {"datetime": "2025-08-12 00:57:05", "elapsed": 30705.092309474945, "delta": 30.911561012268066}, "costs": {"total_cost": 1426.1955536360329, "time_cost": 150, "final_distance_cost": 49.78370192733477, "oscillation_cost": 81.1459426396334, "completition_cost": 1000.0, "overshoot_cost": 78.12500792620656, "power_cost": 35.480113439941405, "noise_cost": 31.660787702916917, "n_waypoints_completed": 0, "tot_waypoints": 9}}
{"target": -1539.4009377157997, "params": {"k_pid_pos": [1.9076488018035889, 0.9817607998847961, 0.35011065006256104], "k_pid_alt": [1.9402573108673096, 0.9413865804672241, 0.047078222036361694], "k_pid_att": [100.0, 2.5105085372924805, 0.9534691572189331], "k_pid_yaw": [0.5, 1e-06, 0.1], "k_pid_hsp": [10.0, 0.8446696996688843, 0.07091102004051208], "k_pid_vsp": [1.0274291038513184, 5.877710342407227, 400.0]}, "datetime": {"datetime": "2025-08-12 00:57:37", "elapsed": 30736.392985343933, "delta": 31.300675868988037}, "costs": {"total_cost": 1539.4009377157997, "time_cost": 150, "final_distance_cost": 58.29129646061964, "oscillation_cost": 194.55995677134194, "completition_cost": 888.8888888888888, "overshoot_cost": 128.3894840895041, "power_cost": 34.858102502441405, "noise_cost": 84.41320900300398, "n_waypoints_completed": 1, "tot_waypoints": 9}}
{"target": -1536.8887131922588, "params": {"k_pid_pos": [1.7698432207107544, 0.8014736771583557, 0.05740201473236084], "k_pid_alt": [1.814213514328003, 0.9704524278640747, 0.09130722284317017], "k_pid_att": [96.17135620117188, 1.8595263957977295, 0.9152927398681641], "k_pid_yaw": [0.5, 1e-06, 0.1], "k_pid_hsp": [10.0, 0.9325665235519409, 0.010042399168014526], "k_pid_vsp": [0.0, 7.7211151123046875, 399.369873046875]}, "datetime": {"datetime": "2025-08-12 00:58:08", "elapsed": 30767.781498908997, "delta": 31.388513565063477}, "costs": {"total_cost": 1536.8887131922588, "time_cost": 150, "final_distance_cost": 7.483390092163941, "oscillation_cost": 53.194278584773336, "completition_cost": 1000.0, "overshoot_cost": 164.09941241493166, "power_cost": 22.598932006835938, "noise_cost": 139.51270009355406, "n_waypoints_completed": 0, "tot_waypoints": 9}}
{"target": -1569.0570413628636, "params": {"k_pid_pos": [1.9131712913513184, 0.9770281910896301, 0.053105950355529785], "k_pid_alt": [1.9601550102233887, 0.8034717440605164, 0.12497201561927795], "k_pid_att": [85.85775756835938, 0.7332959771156311, 0.9860913753509521], "k_pid_yaw": [0.5, 1e-06, 0.1], "k_pid_hsp": [9.999999747378752e-05, 0.9549301862716675, 0.20661184191703796], "k_pid_vsp": [0.06797313690185547, 19.763507843017578, 323.8372802734375]}, "datetime": {"datetime": "2025-08-12 00:58:39", "elapsed": 30799.14774465561, "delta": 31.36624574661255}, "costs": {"total_cost": 1569.0570413628636, "time_cost": 150, "final_distance_cost": 14.471520964498518, "oscillation_cost": 65.99615584482805, "completition_cost": 1000.0, "overshoot_cost": 172.91803574080652, "power_cost": 32.20760537109375, "noise_cost": 133.4637234416368, "n_waypoints_completed": 0, "tot_waypoints": 9}}
{"target": -1281.295159582218, "params": {"k_pid_pos": [1.959899663925171, 0.9399881362915039, 0.027698993682861328], "k_pid_alt": [1.8635212182998657, 0.9174426794052124, 0.0012832581996917725], "k_pid_att": [29.171016693115234, 2.000450849533081, 0.9917984008789062], "k_pid_yaw": [0.5, 1e-06, 0.1], "k_pid_hsp": [9.999570846557617, 0.9710472822189331, 0.028680354356765747], "k_pid_vsp": [399.3999938964844, 11.966134071350098, 22.883989334106445]}, "datetime": {"datetime": "2025-08-12 00:59:10", "elapsed": 30829.579839229584, "delta": 30.43209457397461}, "costs": {"total_cost": 1281.295159582218, "time_cost": 150, "final_distance_cost": 59.786883058077784, "oscillation_cost": 75.92885468909058, "completition_cost": 888.8888888888888, "overshoot_cost": 41.97880947426102, "power_cost": 33.65307209472656, "noise_cost": 31.05865137717315, "n_waypoints_completed": 1, "tot_waypoints": 9}}
{"target": -1558.881114499373, "params": {"k_pid_pos": [1.7316516637802124, 0.9805413484573364, 0.08457091450691223], "k_pid_alt": [1.8530138731002808, 0.7565926313400269, 0.012463361024856567], "k_pid_att": [100.0, 0.36224523186683655, 0.9663718938827515], "k_pid_yaw": [0.5, 1e-06, 0.1], "k_pid_hsp": [9.99998950958252, 0.9334408044815063, 0.020403236150741577], "k_pid_vsp": [0.0, 13.325013160705566, 2.4406919479370117]}, "datetime": {"datetime": "2025-08-12 00:59:40", "elapsed": 30859.907982349396, "delta": 30.32814311981201}, "costs": {"total_cost": 1558.881114499373, "time_cost": 150, "final_distance_cost": 12.235025695223023, "oscillation_cost": 55.85619722424597, "completition_cost": 1000.0, "overshoot_cost": 165.40208127128082, "power_cost": 23.61920074462891, "noise_cost": 151.76860956399443, "n_waypoints_completed": 0, "tot_waypoints": 9}}
