{"target": -1335.0102758198425, "params": {"k_pid_pos": [1.9768911600112915, 0.9682753086090088, 0.009066283702850342], "k_pid_alt": [1.7251698970794678, 0.9674367904663086, 0.003510892391204834], "k_pid_att": [100.0, 1.0065292119979858, 0.9940891265869141], "k_pid_yaw": [0.5, 1e-06, 0.1], "k_pid_hsp": [9.999999046325684, 0.9434348940849304, 0.04510164260864258], "k_pid_vsp": [399.9324951171875, 4.8466572761535645, 400.0]}, "datetime": {"datetime": "2025-08-12 07:20:08", "elapsed": 53688.348435640335, "delta": 31.17586660385132}, "costs": {"total_cost": 1335.0102758198425, "time_cost": 150, "final_distance_cost": 61.89063578866467, "oscillation_cost": 85.73406511203683, "completition_cost": 888.8888888888888, "overshoot_cost": 81.0396838267217, "power_cost": 35.54548511962891, "noise_cost": 31.911517083901515, "n_waypoints_completed": 1, "tot_waypoints": 9}}
{"target": -1537.705175994273, "params": {"k_pid_pos": [1.9574923515319824, 0.9437702894210815, 0.10693138837814331], "k_pid_alt": [1.9362685680389404, 0.9842132329940796, 0.02736923098564148], "k_pid_att": [100.0, 0.8988509774208069, 0.9771519303321838], "k_pid_yaw": [0.5, 1e-06, 0.1], "k_pid_hsp": [9.148560523986816, 0.8810148239135742, 0.003583848476409912], "k_pid_vsp": [0.00457763671875, 9.127570152282715, 396.73443603515625]}, "datetime": {"datetime": "2025-08-12 07:20:40", "elapsed": 53720.05964756012, "delta": 31.711211919784546}, "costs": {"total_cost": 1537.705175994273, "time_cost": 150, "final_distance_cost": 10.887095232863423, "oscillation_cost": 47.234497773995386, "completition_cost": 1000.0, "overshoot_cost": 164.87994894043393, "power_cost": 22.359253808593753, "noise_cost": 142.34438023838652, "n_waypoints_completed": 0, "tot_waypoints": 9}}
{"target": -1524.4942609791751, "params": {"k_pid_pos": [1.9806783199310303, 0.9922095537185669, 0.017473191022872925], "k_pid_alt": [1.9144294261932373, 0.995224118232727, 0.07966729998588562], "k_pid_att": [100.0, 0.9489139318466187, 0.9386098384857178], "k_pid_yaw": [0.5, 1e-06, 0.1], "k_pid_hsp": [10.0, 0.9736954569816589, 0.010169953107833862], "k_pid_vsp": [0.0, 1.2002239227294922, 399.99993896484375]}, "datetime": {"datetime": "2025-08-12 07:21:13", "elapsed": 53753.31733059883, "delta": 33.25768303871155}, "costs": {"total_cost": 1524.4942609791751, "time_cost": 150, "final_distance_cost": 4.676392301450298, "oscillation_cost": 51.22320767030303, "completition_cost": 1000.0, "overshoot_cost": 164.55312388752253, "power_cost": 18.952493811035158, "noise_cost": 135.0890433088641, "n_waypoints_completed": 0, "tot_waypoints": 9}}
{"target": -1261.6524596095412, "params": {"k_pid_pos": [1.9900057315826416, 0.955557107925415, 0.06246465444564819], "k_pid_alt": [1.9784140586853027, 0.9655990600585938, 0.0006853938102722168], "k_pid_att": [100.0, 0.23371091485023499, 0.9922124743461609], "k_pid_yaw": [0.5, 1e-06, 0.1], "k_pid_hsp": [10.0, 0.9230560064315796, 0.06873834133148193], "k_pid_vsp": [399.9999084472656, 3.2358298301696777, 400.0]}, "datetime": {"datetime": "2025-08-12 07:21:47", "elapsed": 53786.77847290039, "delta": 33.46114230155945}, "costs": {"total_cost": 1261.6524596095412, "time_cost": 150, "final_distance_cost": 76.25758339035103, "oscillation_cost": 112.46284816681592, "completition_cost": 777.7777777777778, "overshoot_cost": 76.94950264931755, "power_cost": 36.58304421386719, "noise_cost": 31.62170341141144, "n_waypoints_completed": 2, "tot_waypoints": 9}}
{"target": -1569.0766082545279, "params": {"k_pid_pos": [1.9408217668533325, 0.9853670597076416, 0.05857574939727783], "k_pid_alt": [1.9815378189086914, 0.9679306745529175, 0.03438052535057068], "k_pid_att": [99.99999237060547, 0.05339019373059273, 0.9866517782211304], "k_pid_yaw": [0.5, 1e-06, 0.1], "k_pid_hsp": [10.0, 0.9949480295181274, 0.03681206703186035], "k_pid_vsp": [9.064745903015137, 13.803864479064941, 399.9910888671875]}, "datetime": {"datetime": "2025-08-12 07:22:19", "elapsed": 53818.76201796532, "delta": 31.983545064926147}, "costs": {"total_cost": 1569.0766082545279, "time_cost": 150, "final_distance_cost": 8.910588533912486, "oscillation_cost": 80.72919553570563, "completition_cost": 1000.0, "overshoot_cost": 165.9955582409962, "power_cost": 34.01062893066406, "noise_cost": 129.4306370132495, "n_waypoints_completed": 0, "tot_waypoints": 9}}
{"target": -1451.2618444774128, "params": {"k_pid_pos": [1.815785527229309, 0.968080461025238, 0.047053903341293335], "k_pid_alt": [1.8779617547988892, 0.9568491578102112, 0.00836971402168274], "k_pid_att": [100.0, 1.1219497919082642, 0.9399271011352539], "k_pid_yaw": [0.5, 1e-06, 0.1], "k_pid_hsp": [1.2296594381332397, 0.9515710473060608, 0.008976340293884277], "k_pid_vsp": [400.0, 15.566123008728027, 347.85662841796875]}, "datetime": {"datetime": "2025-08-12 07:22:50", "elapsed": 53849.37769460678, "delta": 30.615676641464233}, "costs": {"total_cost": 1451.2618444774128, "time_cost": 150, "final_distance_cost": 50.08399303431387, "oscillation_cost": 98.2714427460828, "completition_cost": 1000.0, "overshoot_cost": 86.39891206688445, "power_cost": 34.86428784179687, "noise_cost": 31.643208788334906, "n_waypoints_completed": 0, "tot_waypoints": 9}}
{"target": -1415.5248648978695, "params": {"k_pid_pos": [1.977481484413147, 0.9853601455688477, 0.02852785587310791], "k_pid_alt": [1.9163174629211426, 0.9681457281112671, 0.026911020278930664], "k_pid_att": [100.0, 0.05052681267261505, 0.9896209239959717], "k_pid_yaw": [0.5, 1e-06, 0.1], "k_pid_hsp": [10.0, 0.960318922996521, 0.04871004819869995], "k_pid_vsp": [399.99847412109375, 2.5166163444519043, 399.9968566894531]}, "datetime": {"datetime": "2025-08-12 07:23:23", "elapsed": 53882.93550848961, "delta": 33.55781388282776}, "costs": {"total_cost": 1415.5248648978695, "time_cost": 150, "final_distance_cost": 45.04160659913832, "oscillation_cost": 85.00001898543776, "completition_cost": 1000.0, "overshoot_cost": 68.0419495172488, "power_cost": 35.53449685058594, "noise_cost": 31.90679294545845, "n_waypoints_completed": 0, "tot_waypoints": 9}}
{"target": -1492.3505074812078, "params": {"k_pid_pos": [1.9289038181304932, 0.9925012588500977, 0.02519485354423523], "k_pid_alt": [1.8941850662231445, 0.9844799041748047, 0.061797529458999634], "k_pid_att": [100.0, 0.7019585371017456, 0.9654419422149658], "k_pid_yaw": [0.5, 1e-06, 0.1], "k_pid_hsp": [9.51366138458252, 0.987401008605957, 0.009743988513946533], "k_pid_vsp": [400.0, 85.42511749267578, 399.9910888671875]}, "datetime": {"datetime": "2025-08-12 07:23:54", "elapsed": 53914.35636687279, "delta": 31.42085838317871}, "costs": {"total_cost": 1492.3505074812078, "time_cost": 150, "final_distance_cost": 12.870022829986095, "oscillation_cost": 60.02663682693714, "completition_cost": 1000.0, "overshoot_cost": 155.47345129691726, "power_cost": 32.98839205322266, "noise_cost": 80.99200447414444, "n_waypoints_completed": 0, "tot_waypoints": 9}}
{"target": -1556.588260112572, "params": {"k_pid_pos": [1.9863698482513428, 0.9958392381668091, 0.020182907581329346], "k_pid_alt": [1.0645051002502441, 0.9537917375564575, 0.014027416706085205], "k_pid_att": [100.0, 0.20318709313869476, 0.9774171113967896], "k_pid_yaw": [0.5, 1e-06, 0.1], "k_pid_hsp": [10.0, 0.983107328414917, 0.03288674354553223], "k_pid_vsp": [0.007534027099609375, 6.859613418579102, 398.98291015625]}, "datetime": {"datetime": "2025-08-12 07:24:26", "elapsed": 53946.2306599617, "delta": 31.874293088912964}, "costs": {"total_cost": 1556.588260112572, "time_cost": 150, "final_distance_cost": 9.901945193897847, "oscillation_cost": 69.43651926061543, "completition_cost": 1000.0, "overshoot_cost": 164.90700082953566, "power_cost": 28.216261096191406, "noise_cost": 134.12653373233158, "n_waypoints_completed": 0, "tot_waypoints": 9}}
{"target": -592.7218232471571, "params": {"k_pid_pos": [1.9857780933380127, 0.9426994323730469, 0.02368628978729248], "k_pid_alt": [1.9334819316864014, 0.7607048749923706, 0.03187686204910278], "k_pid_att": [100.0, 1.4620740413665771, 0.956588864326477], "k_pid_yaw": [0.5, 1e-06, 0.1], "k_pid_hsp": [10.0, 0.9948129057884216, 0.004260450601577759], "k_pid_vsp": [400.0, 13.864398956298828, 0.12017588317394257]}, "datetime": {"datetime": "2025-08-12 07:24:58", "elapsed": 53978.28614664078, "delta": 32.05548667907715}, "costs": {"total_cost": 592.7218232471571, "time_cost": 150, "final_distance_cost": 39.235690309698484, "oscillation_cost": 154.6908749796162, "completition_cost": 111.11111111111116, "overshoot_cost": 74.48660237198982, "power_cost": 30.599302832031253, "noise_cost": 32.59824164271013, "n_waypoints_completed": 8, "tot_waypoints": 9}}
{"target": -1557.0950567851594, "params": {"k_pid_pos": [1.9331220388412476, 0.9788113236427307, 0.01810908317565918], "k_pid_alt": [1.9697409868240356, 0.9968822002410889, 0.02322399616241455], "k_pid_att": [100.0, 0.195540189743042, 0.9354463815689087], "k_pid_yaw": [0.5, 1e-06, 0.1], "k_pid_hsp": [10.0, 0.9842332601547241, 0.03328591585159302], "k_pid_vsp": [0.03070831298828125, 6.923295021057129, 0.0039825900457799435]}, "datetime": {"datetime": "2025-08-12 07:25:29", "elapsed": 54009.07699751854, "delta": 30.79085087776184}, "costs": {"total_cost": 1557.0950567851594, "time_cost": 150, "final_distance_cost": 14.226032550302248, "oscillation_cost": 61.01438633806803, "completition_cost": 1000.0, "overshoot_cost": 166.7376536888712, "power_cost": 19.366710974121094, "noise_cost": 145.7502732337969, "n_waypoints_completed": 0, "tot_waypoints": 9}}
{"target": -1371.8888388559499, "params": {"k_pid_pos": [1.9884766340255737, 0.9561030864715576, 0.03674933314323425], "k_pid_alt": [1.9334158897399902, 0.9613524675369263, 0.01868543028831482], "k_pid_att": [100.0, 0.13032709062099457, 0.989087700843811], "k_pid_yaw": [0.5, 1e-06, 0.1], "k_pid_hsp": [9.996315002441406, 0.9910488128662109, 0.0882033109664917], "k_pid_vsp": [385.2096252441406, 5.790449142456055, 400.0]}, "datetime": {"datetime": "2025-08-12 07:26:00", "elapsed": 54040.26934504509, "delta": 31.192347526550293}, "costs": {"total_cost": 1371.8888388559499, "time_cost": 150, "final_distance_cost": 62.871354449292525, "oscillation_cost": 124.76123207817137, "completition_cost": 888.8888888888888, "overshoot_cost": 77.16425686653152, "power_cost": 36.006494384765624, "noise_cost": 32.19661218830024, "n_waypoints_completed": 1, "tot_waypoints": 9}}
{"target": -567.9220775632173, "params": {"k_pid_pos": [1.9754105806350708, 0.9704844951629639, 0.007582902908325195], "k_pid_alt": [1.9231488704681396, 0.8776647448539734, 0.06440943479537964], "k_pid_att": [99.99954986572266, 0.13956572115421295, 0.9965760707855225], "k_pid_yaw": [0.5, 1e-06, 0.1], "k_pid_hsp": [10.0, 0.9250048398971558, 0.008332103490829468], "k_pid_vsp": [400.0, 49.8279914855957, 0.10625223815441132]}, "datetime": {"datetime": "2025-08-12 07:26:33", "elapsed": 54072.88144445419, "delta": 32.612099409103394}, "costs": {"total_cost": 567.9220775632173, "time_cost": 150, "final_distance_cost": 25.21194021166545, "oscillation_cost": 146.70627194572438, "completition_cost": 111.11111111111116, "overshoot_cost": 72.59235214188284, "power_cost": 28.91831875, "noise_cost": 33.382083402833516, "n_waypoints_completed": 8, "tot_waypoints": 9}}
{"target": -1374.4481739563935, "params": {"k_pid_pos": [1.9856325387954712, 0.9943410158157349, 0.022119641304016113], "k_pid_alt": [1.9549583196640015, 0.8999083042144775, 0.05388760566711426], "k_pid_att": [100.0, 0.7363756895065308, 0.8947246074676514], "k_pid_yaw": [0.5, 1e-06, 0.1], "k_pid_hsp": [10.0, 0.9937344789505005, 0.04241633415222168], "k_pid_vsp": [104.66361236572266, 21.614912033081055, 0.6513963341712952]}, "datetime": {"datetime": "2025-08-12 07:27:05", "elapsed": 54105.25966453552, "delta": 32.378220081329346}, "costs": {"total_cost": 1374.4481739563935, "time_cost": 150, "final_distance_cost": 46.57634321018527, "oscillation_cost": 80.70153417038185, "completition_cost": 1000.0, "overshoot_cost": 32.863476816434684, "power_cost": 30.295665258789064, "noise_cost": 34.01115450060258, "n_waypoints_completed": 0, "tot_waypoints": 9}}
{"target": -1525.2809686763171, "params": {"k_pid_pos": [1.991102695465088, 0.9954323768615723, 0.051949143409729004], "k_pid_alt": [1.9752819538116455, 0.7901769280433655, 0.018487900495529175], "k_pid_att": [100.0, 0.7849267721176147, 0.9902970790863037], "k_pid_yaw": [0.5, 1e-06, 0.1], "k_pid_hsp": [10.0, 0.9797576069831848, 0.01656287908554077], "k_pid_vsp": [0.0, 0.2501855492591858, 388.84295654296875]}, "datetime": {"datetime": "2025-08-12 07:27:38", "elapsed": 54137.50681424141, "delta": 32.24714970588684}, "costs": {"total_cost": 1525.2809686763171, "time_cost": 150, "final_distance_cost": 2.7050113268893794, "oscillation_cost": 55.79661388888543, "completition_cost": 1000.0, "overshoot_cost": 164.1961828781267, "power_cost": 19.929426611328125, "noise_cost": 132.65373397108746, "n_waypoints_completed": 0, "tot_waypoints": 9}}
{"target": -1533.9360508535613, "params": {"k_pid_pos": [1.9944243431091309, 0.9311634302139282, 0.031331866979599], "k_pid_alt": [1.9395418167114258, 0.8263511061668396, 0.009554743766784668], "k_pid_att": [100.0, 0.1049003079533577, 0.9884066581726074], "k_pid_yaw": [0.5, 1e-06, 0.1], "k_pid_hsp": [10.0, 0.9551100730895996, 0.0023897290229797363], "k_pid_vsp": [0.0, 60.699485778808594, 399.9999694824219]}, "datetime": {"datetime": "2025-08-12 07:28:10", "elapsed": 54169.67653083801, "delta": 32.169716596603394}, "costs": {"total_cost": 1533.9360508535613, "time_cost": 150, "final_distance_cost": 12.937406299428105, "oscillation_cost": 49.12995750139224, "completition_cost": 1000.0, "overshoot_cost": 165.69978592324645, "power_cost": 31.183223498535156, "noise_cost": 124.98567763095903, "n_waypoints_completed": 0, "tot_waypoints": 9}}
{"target": -1316.585880910825, "params": {"k_pid_pos": [1.9021413326263428, 0.9824823141098022, 0.03379300236701965], "k_pid_alt": [1.9809904098510742, 0.7553440928459167, 0.01874011754989624], "k_pid_att": [100.0, 0.017906708642840385, 0.9969083666801453], "k_pid_yaw": [0.5, 1e-06, 0.1], "k_pid_hsp": [10.0, 0.9417053461074829, 0.022895872592926025], "k_pid_vsp": [4.032576084136963, 17.886186599731445, 9.999999974752427e-07]}, "datetime": {"datetime": "2025-08-12 07:28:40", "elapsed": 54200.23672032356, "delta": 30.560189485549927}, "costs": {"total_cost": 1316.585880910825, "time_cost": 150, "final_distance_cost": 59.49410170062908, "oscillation_cost": 102.62617358362905, "completition_cost": 888.8888888888888, "overshoot_cost": 50.672417535557905, "power_cost": 30.69418865966797, "noise_cost": 34.210110542452064, "n_waypoints_completed": 1, "tot_waypoints": 9}}
{"target": -1539.5478066145138, "params": {"k_pid_pos": [1.9950978755950928, 0.9716466665267944, 0.00455823540687561], "k_pid_alt": [1.9444084167480469, 0.9747886657714844, 0.05043572187423706], "k_pid_att": [100.0, 0.4463134706020355, 0.956915020942688], "k_pid_yaw": [0.5, 1e-06, 0.1], "k_pid_hsp": [10.0, 0.9793005585670471, 0.00419384241104126], "k_pid_vsp": [0.07747411727905273, 9.476471900939941, 9.999999974752427e-07]}, "datetime": {"datetime": "2025-08-12 07:29:13", "elapsed": 54232.74010825157, "delta": 32.50338792800903}, "costs": {"total_cost": 1539.5478066145138, "time_cost": 150, "final_distance_cost": 9.055419283561832, "oscillation_cost": 45.536159238880806, "completition_cost": 1000.0, "overshoot_cost": 166.39861776823676, "power_cost": 19.88528748779297, "noise_cost": 148.67232283604122, "n_waypoints_completed": 0, "tot_waypoints": 9}}
{"target": -1546.247481182334, "params": {"k_pid_pos": [1.9718888998031616, 0.9755803346633911, 0.005126148462295532], "k_pid_alt": [1.897881269454956, 0.9925748109817505, 0.011940985918045044], "k_pid_att": [100.0, 0.20403018593788147, 0.9717099666595459], "k_pid_yaw": [0.5, 1e-06, 0.1], "k_pid_hsp": [10.0, 0.9970157146453857, 0.016243070363998413], "k_pid_vsp": [5.463051795959473, 3.912592887878418, 399.55938720703125]}, "datetime": {"datetime": "2025-08-12 07:29:45", "elapsed": 54264.903894901276, "delta": 32.16378664970398}, "costs": {"total_cost": 1546.247481182334, "time_cost": 150, "final_distance_cost": 5.913648264757986, "oscillation_cost": 58.01343612673008, "completition_cost": 1000.0, "overshoot_cost": 165.64470718993107, "power_cost": 30.39720252685547, "noise_cost": 136.27848707405943, "n_waypoints_completed": 0, "tot_waypoints": 9}}
{"target": -1325.8093466547714, "params": {"k_pid_pos": [1.8179069757461548, 0.9236243963241577, 0.01820412278175354], "k_pid_alt": [1.992645263671875, 0.9845841526985168, 0.004979938268661499], "k_pid_att": [100.0, 0.422850638628006, 0.9299306273460388], "k_pid_yaw": [0.5, 1e-06, 0.1], "k_pid_hsp": [9.9999418258667, 0.984763503074646, 0.06915473937988281], "k_pid_vsp": [387.59613037109375, 3.0473837852478027, 70.34254455566406]}, "datetime": {"datetime": "2025-08-12 07:30:16", "elapsed": 54295.63089323044, "delta": 30.726998329162598}, "costs": {"total_cost": 1325.8093466547714, "time_cost": 150, "final_distance_cost": 73.23008638409789, "oscillation_cost": 103.36529697137118, "completition_cost": 888.8888888888888, "overshoot_cost": 43.563910158638954, "power_cost": 36.42662322998047, "noise_cost": 30.334541021794166, "n_waypoints_completed": 1, "tot_waypoints": 9}}
{"target": -1549.7303503319226, "params": {"k_pid_pos": [1.981127381324768, 0.9904026985168457, 0.07165089249610901], "k_pid_alt": [1.9592339992523193, 0.9895049929618835, 0.031912922859191895], "k_pid_att": [100.0, 0.2855840027332306, 0.9776664972305298], "k_pid_yaw": [0.5, 1e-06, 0.1], "k_pid_hsp": [9.999999046325684, 0.983261227607727, 0.014568686485290527], "k_pid_vsp": [2.384185791015625e-05, 10.28400707244873, 7.25255740690045e-05]}, "datetime": {"datetime": "2025-08-12 07:30:46", "elapsed": 54326.04509687424, "delta": 30.414203643798828}, "costs": {"total_cost": 1549.7303503319226, "time_cost": 150, "final_distance_cost": 12.177341559766877, "oscillation_cost": 51.684565696185274, "completition_cost": 1000.0, "overshoot_cost": 165.90488648944296, "power_cost": 20.753547302246094, "noise_cost": 149.21000928428143, "n_waypoints_completed": 0, "tot_waypoints": 9}}
{"target": -1329.754741287127, "params": {"k_pid_pos": [1.9883569478988647, 0.9700438976287842, 0.14711177349090576], "k_pid_alt": [1.9265379905700684, 0.5917321443557739, 0.09165880084037781], "k_pid_att": [100.0, 0.08736122399568558, 0.9747214913368225], "k_pid_yaw": [0.5, 1e-06, 0.1], "k_pid_hsp": [9.999927520751953, 0.9874999523162842, 0.03656792640686035], "k_pid_vsp": [0.0, 26.000905990600586, 9.999999974752427e-07]}, "datetime": {"datetime": "2025-08-12 07:31:18", "elapsed": 54358.27010965347, "delta": 32.22501277923584}, "costs": {"total_cost": 1329.754741287127, "time_cost": 150, "final_distance_cost": 70.91030922508918, "oscillation_cost": 96.78864637087217, "completition_cost": 888.8888888888888, "overshoot_cost": 57.65351765566159, "power_cost": 31.378332287597658, "noise_cost": 34.135046859017535, "n_waypoints_completed": 1, "tot_waypoints": 9}}
{"target": -1313.0135209073208, "params": {"k_pid_pos": [1.9427423477172852, 0.9972478151321411, 0.0027457475662231445], "k_pid_alt": [1.9788693189620972, 0.9736354351043701, 0.03119167685508728], "k_pid_att": [100.0, 0.4851803779602051, 0.996236264705658], "k_pid_yaw": [0.5, 1e-06, 0.1], "k_pid_hsp": [9.99878215789795, 0.9637751579284668, 0.037679702043533325], "k_pid_vsp": [399.99993896484375, 15.117133140563965, 0.9424458146095276]}, "datetime": {"datetime": "2025-08-12 07:31:50", "elapsed": 54389.69027733803, "delta": 31.420167684555054}, "costs": {"total_cost": 1313.0135209073208, "time_cost": 150, "final_distance_cost": 62.2371873291949, "oscillation_cost": 106.46330121673762, "completition_cost": 888.8888888888888, "overshoot_cost": 41.13056152297355, "power_cost": 30.368122326660156, "noise_cost": 33.92545962286569, "n_waypoints_completed": 1, "tot_waypoints": 9}}
{"target": -1299.8901949699393, "params": {"k_pid_pos": [1.9685181379318237, 0.9911258220672607, 0.002724200487136841], "k_pid_alt": [1.9434196949005127, 0.9878089427947998, 0.06918761134147644], "k_pid_att": [100.0, 0.09968018531799316, 0.9649820923805237], "k_pid_yaw": [0.5, 1e-06, 0.1], "k_pid_hsp": [9.942441940307617, 0.9947217702865601, 0.02199840545654297], "k_pid_vsp": [399.997314453125, 17.18504524230957, 47.06617736816406]}, "datetime": {"datetime": "2025-08-12 07:32:22", "elapsed": 54422.17650055885, "delta": 32.486223220825195}, "costs": {"total_cost": 1299.8901949699393, "time_cost": 150, "final_distance_cost": 74.54223620526663, "oscillation_cost": 77.40957324540683, "completition_cost": 888.8888888888888, "overshoot_cost": 43.830363737262, "power_cost": 34.73005133056641, "noise_cost": 30.489081562548883, "n_waypoints_completed": 1, "tot_waypoints": 9}}
{"target": -1303.056228197333, "params": {"k_pid_pos": [1.9504820108413696, 0.9931859374046326, 0.009996086359024048], "k_pid_alt": [1.9903004169464111, 0.9568594098091125, 0.018995285034179688], "k_pid_att": [100.0, 2.3750851154327393, 0.9927626252174377], "k_pid_yaw": [0.5, 1e-06, 0.1], "k_pid_hsp": [10.0, 0.9844971895217896, 0.043328166007995605], "k_pid_vsp": [8.655428886413574, 13.569499015808105, 9.999999974752427e-07]}, "datetime": {"datetime": "2025-08-12 07:32:54", "elapsed": 54454.23575735092, "delta": 32.05925679206848}, "costs": {"total_cost": 1303.056228197333, "time_cost": 150, "final_distance_cost": 63.54248335181969, "oscillation_cost": 92.24329500713691, "completition_cost": 888.8888888888888, "overshoot_cost": 43.768141604504144, "power_cost": 30.155014978027346, "noise_cost": 34.4584043669563, "n_waypoints_completed": 1, "tot_waypoints": 9}}
