{"target": -1514.6033999508782, "params": {"k_pid_pos": [1.7614989280700684, 0.9315494298934937, 0.029275447130203247], "k_pid_alt": [1.9643638134002686, 0.9030981063842773, 0.17745593190193176], "k_pid_att": [98.58601379394531, 1.5972602367401123, 0.9722428321838379], "k_pid_yaw": [0.5, 1e-06, 0.1], "k_pid_hsp": [9.999995231628418, 0.844174325466156, 0.0216580331325531], "k_pid_vsp": [370.60498046875, 55.89116668701172, 399.74407958984375]}, "datetime": {"datetime": "2025-08-11 19:02:48", "elapsed": 9447.651365995407, "delta": 30.53743004798889}, "costs": {"total_cost": 1514.6033999508782, "time_cost": 150, "final_distance_cost": 3.843061326194763, "oscillation_cost": 63.443383381873375, "completition_cost": 1000.0, "overshoot_cost": 160.75677017972743, "power_cost": 34.126985290527344, "noise_cost": 102.43319977255534, "n_waypoints_completed": 0, "tot_waypoints": 9}}
{"target": -1502.8013151583384, "params": {"k_pid_pos": [1.9822090864181519, 0.54686039686203, 0.1793971061706543], "k_pid_alt": [1.5023678541183472, 0.6967437863349915, 0.1896148920059204], "k_pid_att": [100.0, 5.682303428649902, 0.7253237366676331], "k_pid_yaw": [0.5, 1e-06, 0.1], "k_pid_hsp": [10.0, 0.9857131242752075, 0.17576706409454346], "k_pid_vsp": [0.18361806869506836, 36.5422248840332, 399.9602355957031]}, "datetime": {"datetime": "2025-08-11 19:03:18", "elapsed": 9477.969154834747, "delta": 30.31778883934021}, "costs": {"total_cost": 1502.8013151583384, "time_cost": 150, "final_distance_cost": 64.71749551582931, "oscillation_cost": 430.9401001763913, "completition_cost": 666.6666666666667, "overshoot_cost": 111.86700010257684, "power_cost": 35.778838232421876, "noise_cost": 42.83121446445235, "n_waypoints_completed": 3, "tot_waypoints": 9}}
{"target": -1256.1796299040936, "params": {"k_pid_pos": [1.9777485132217407, 0.9141387939453125, 0.3185068368911743], "k_pid_alt": [1.9713797569274902, 0.49222737550735474, 0.023641854524612427], "k_pid_att": [99.99995422363281, 1.493015170097351, 0.9094833135604858], "k_pid_yaw": [0.5, 1e-06, 0.1], "k_pid_hsp": [0.00010149009904125705, 0.9678803086280823, 0.052342742681503296], "k_pid_vsp": [400.0, 40.14255905151367, 399.99981689453125]}, "datetime": {"datetime": "2025-08-11 19:03:48", "elapsed": 9507.98311161995, "delta": 30.013956785202026}, "costs": {"total_cost": 1256.1796299040936, "time_cost": 150, "final_distance_cost": 85.6216941027116, "oscillation_cost": 74.70893227389149, "completition_cost": 777.7777777777778, "overshoot_cost": 96.51555952387999, "power_cost": 37.19747723388672, "noise_cost": 34.35818899194604, "n_waypoints_completed": 2, "tot_waypoints": 9}}
{"target": -1578.244087804322, "params": {"k_pid_pos": [1.8927026987075806, 0.8708066344261169, 0.018422633409500122], "k_pid_alt": [1.9073152542114258, 0.28163838386535645, 0.003974974155426025], "k_pid_att": [28.320079803466797, 3.2491977214813232, 0.861248791217804], "k_pid_yaw": [0.5, 1e-06, 0.1], "k_pid_hsp": [9.995298385620117, 0.7449814081192017, 0.2423717975616455], "k_pid_vsp": [0.0, 20.405115127563477, 48.35293197631836]}, "datetime": {"datetime": "2025-08-11 19:04:18", "elapsed": 9537.9967212677, "delta": 30.013609647750854}, "costs": {"total_cost": 1578.244087804322, "time_cost": 150, "final_distance_cost": 3.93269045061567, "oscillation_cost": 89.59998581218434, "completition_cost": 1000.0, "overshoot_cost": 165.48643461788276, "power_cost": 31.990752001953126, "noise_cost": 137.23422492168584, "n_waypoints_completed": 0, "tot_waypoints": 9}}
{"target": -446.3429608488035, "params": {"k_pid_pos": [1.9172303676605225, 0.8193793296813965, 0.2689955234527588], "k_pid_alt": [1.6659753322601318, 0.9610828161239624, 0.02354559302330017], "k_pid_att": [100.0, 3.822247266769409, 0.9733617901802063], "k_pid_yaw": [0.5, 1e-06, 0.1], "k_pid_hsp": [9.999998092651367, 0.8722760081291199, 0.057419419288635254], "k_pid_vsp": [394.4933776855469, 107.90962219238281, 9.999999974752427e-07]}, "datetime": {"datetime": "2025-08-11 19:04:47", "elapsed": 9566.49433517456, "delta": 28.49761390686035}, "costs": {"total_cost": 446.3429608488035, "time_cost": 110.67, "final_distance_cost": 1.728050535315967, "oscillation_cost": 207.74619060217344, "completition_cost": 0.0, "overshoot_cost": 64.39540062588672, "power_cost": 30.064092126464846, "noise_cost": 31.739226958962472, "n_waypoints_completed": 9, "tot_waypoints": 9}}
{"target": -1038.6718136961767, "params": {"k_pid_pos": [1.9608094692230225, 0.9561171531677246, 0.014174163341522217], "k_pid_alt": [1.7344205379486084, 0.9578657150268555, 0.05837133526802063], "k_pid_att": [100.0, 3.4919092655181885, 0.6165816783905029], "k_pid_yaw": [0.5, 1e-06, 0.1], "k_pid_hsp": [10.0, 0.9690871834754944, 0.07309365272521973], "k_pid_vsp": [345.3928527832031, 171.41775512695312, 190.3941650390625]}, "datetime": {"datetime": "2025-08-11 19:05:16", "elapsed": 9596.25387263298, "delta": 29.7595374584198}, "costs": {"total_cost": 1038.6718136961767, "time_cost": 150, "final_distance_cost": 51.1733277701451, "oscillation_cost": 156.98529154834853, "completition_cost": 555.5555555555555, "overshoot_cost": 56.79869794282347, "power_cost": 36.975790576171875, "noise_cost": 31.183150303132177, "n_waypoints_completed": 4, "tot_waypoints": 9}}
{"target": -4672.91072139275, "params": {"k_pid_pos": [1.7507365942001343, 0.7757179737091064, 0.18099236488342285], "k_pid_alt": [1.9524080753326416, 0.5494692325592041, 0.19671660661697388], "k_pid_att": [0.00017881393432617188, 0.5250930786132812, 0.9318622946739197], "k_pid_yaw": [0.5, 1e-06, 0.1], "k_pid_hsp": [9.999999046325684, 0.9517875909805298, 0.1430269479751587], "k_pid_vsp": [0.00020265579223632812, 55.254005432128906, 343.30908203125]}, "datetime": {"datetime": "2025-08-11 19:05:47", "elapsed": 9627.0229241848, "delta": 30.769051551818848}, "costs": {"total_cost": 4672.91072139275, "time_cost": 150, "final_distance_cost": 634.3581033828997, "oscillation_cost": 785.0460603985648, "completition_cost": 1000.0, "overshoot_cost": 1885.1785504899872, "power_cost": 52.77066925048828, "noise_cost": 165.55733787081024, "n_waypoints_completed": 0, "tot_waypoints": 9}}
{"target": -1460.950037759441, "params": {"k_pid_pos": [1.6253284215927124, 0.8831095695495605, 0.18434900045394897], "k_pid_alt": [1.898329496383667, 0.210852712392807, 0.187994122505188], "k_pid_att": [100.0, 2.049285888671875, 0.9855514168739319], "k_pid_yaw": [0.5, 1e-06, 0.1], "k_pid_hsp": [10.0, 0.9820008277893066, 0.045685380697250366], "k_pid_vsp": [0.0, 266.6324157714844, 4.8683716158848256e-05]}, "datetime": {"datetime": "2025-08-11 19:06:18", "elapsed": 9657.495759487152, "delta": 30.472835302352905}, "costs": {"total_cost": 1460.950037759441, "time_cost": 150, "final_distance_cost": 48.308511610989555, "oscillation_cost": 147.41772504604745, "completition_cost": 1000.0, "overshoot_cost": 51.641489458882916, "power_cost": 36.22095056152344, "noise_cost": 27.361361081997465, "n_waypoints_completed": 0, "tot_waypoints": 9}}
{"target": -1556.3472185768612, "params": {"k_pid_pos": [1.970794916152954, 0.9534707069396973, 0.07291620969772339], "k_pid_alt": [1.9796239137649536, 0.8695468902587891, 0.3446597456932068], "k_pid_att": [99.99913024902344, 8.33020305633545, 0.9196398258209229], "k_pid_yaw": [0.5, 1e-06, 0.1], "k_pid_hsp": [0.06610552221536636, 0.805916428565979, 0.012975066900253296], "k_pid_vsp": [0.017273426055908203, 47.133182525634766, 399.87261962890625]}, "datetime": {"datetime": "2025-08-11 19:06:49", "elapsed": 9688.48012804985, "delta": 30.984368562698364}, "costs": {"total_cost": 1556.3472185768612, "time_cost": 150, "final_distance_cost": 7.506520853340277, "oscillation_cost": 75.22796660236169, "completition_cost": 1000.0, "overshoot_cost": 173.37627467905733, "power_cost": 30.28971053466797, "noise_cost": 119.94674590743368, "n_waypoints_completed": 0, "tot_waypoints": 9}}
{"target": -1018.7785264046206, "params": {"k_pid_pos": [1.9603124856948853, 0.9723952412605286, 0.11921322345733643], "k_pid_alt": [1.9820451736450195, 0.6545488238334656, 0.19257977604866028], "k_pid_att": [99.99739837646484, 7.86112117767334, 0.873094916343689], "k_pid_yaw": [0.5, 1e-06, 0.1], "k_pid_hsp": [0.00010029802069766447, 0.9800389409065247, 0.024104177951812744], "k_pid_vsp": [5.656790733337402, 204.59356689453125, 1.2920929293613881e-05]}, "datetime": {"datetime": "2025-08-11 19:07:19", "elapsed": 9718.883884429932, "delta": 30.403756380081177}, "costs": {"total_cost": 1018.7785264046206, "time_cost": 150, "final_distance_cost": 68.55305112055474, "oscillation_cost": 98.71429803913712, "completition_cost": 555.5555555555555, "overshoot_cost": 78.17003674702335, "power_cost": 37.85182774658203, "noise_cost": 29.933757195767836, "n_waypoints_completed": 4, "tot_waypoints": 9}}
{"target": -1580.2260938255345, "params": {"k_pid_pos": [1.8290044069290161, 0.8905341029167175, 0.08206868171691895], "k_pid_alt": [1.9920780658721924, 0.4078279137611389, 0.06297364830970764], "k_pid_att": [100.0, 1.7177345752716064, 0.8459084630012512], "k_pid_yaw": [0.5, 1e-06, 0.1], "k_pid_hsp": [0.00014887531870044768, 0.9846658706665039, 0.18569517135620117], "k_pid_vsp": [0.0, 7.665802001953125, 3.676278720377013e-05]}, "datetime": {"datetime": "2025-08-11 19:07:50", "elapsed": 9749.586016654968, "delta": 30.70213222503662}, "costs": {"total_cost": 1580.2260938255345, "time_cost": 150, "final_distance_cost": 24.147988644162847, "oscillation_cost": 63.459351567802145, "completition_cost": 1000.0, "overshoot_cost": 173.11385083700122, "power_cost": 23.336534216308596, "noise_cost": 146.16836856025947, "n_waypoints_completed": 0, "tot_waypoints": 9}}
{"target": -696.6171992481316, "params": {"k_pid_pos": [1.8288573026657104, 0.893202543258667, 0.5249410271644592], "k_pid_alt": [1.8414618968963623, 0.5932830572128296, 0.09325006604194641], "k_pid_att": [99.9999771118164, 1.0894211530685425, 0.5288295745849609], "k_pid_yaw": [0.5, 1e-06, 0.1], "k_pid_hsp": [9.999999046325684, 0.9680184125900269, 0.07149386405944824], "k_pid_vsp": [399.9129333496094, 55.2779541015625, 399.8457336425781]}, "datetime": {"datetime": "2025-08-11 19:08:20", "elapsed": 9779.96893119812, "delta": 30.382914543151855}, "costs": {"total_cost": 696.6171992481316, "time_cost": 150, "final_distance_cost": 6.968861728198937, "oscillation_cost": 285.4322930411644, "completition_cost": 111.11111111111116, "overshoot_cost": 74.20214818512248, "power_cost": 36.66725194091797, "noise_cost": 32.23553324161661, "n_waypoints_completed": 8, "tot_waypoints": 9}}
{"target": -929.9736490221893, "params": {"k_pid_pos": [1.9741727113723755, 0.5957044363021851, 0.0889991819858551], "k_pid_alt": [1.9722356796264648, 0.8445029854774475, 0.01266440749168396], "k_pid_att": [100.0, 5.0564351081848145, 0.45294103026390076], "k_pid_yaw": [0.5, 1e-06, 0.1], "k_pid_hsp": [9.999999747378752e-05, 0.884225606918335, 0.08774393796920776], "k_pid_vsp": [7.140600681304932, 81.55826568603516, 0.04345278441905975]}, "datetime": {"datetime": "2025-08-11 19:08:50", "elapsed": 9810.192592859268, "delta": 30.22366166114807}, "costs": {"total_cost": 929.9736490221893, "time_cost": 150, "final_distance_cost": 49.662434810054016, "oscillation_cost": 125.96604265233839, "completition_cost": 444.4444444444444, "overshoot_cost": 89.57709314117434, "power_cost": 36.518921166992186, "noise_cost": 33.80471280718589, "n_waypoints_completed": 5, "tot_waypoints": 9}}
{"target": -928.9997850814117, "params": {"k_pid_pos": [1.2713909149169922, 0.652695894241333, 0.007710874080657959], "k_pid_alt": [1.8515334129333496, 0.9884732961654663, 0.05229976773262024], "k_pid_att": [100.0, 4.867923259735107, 0.9543002843856812], "k_pid_yaw": [0.5, 1e-06, 0.1], "k_pid_hsp": [9.997453689575195, 0.962929904460907, 0.2790966331958771], "k_pid_vsp": [399.7781982421875, 11.499358177185059, 400.0]}, "datetime": {"datetime": "2025-08-11 19:09:21", "elapsed": 9840.373153448105, "delta": 30.18056058883667}, "costs": {"total_cost": 928.9997850814117, "time_cost": 150, "final_distance_cost": 63.202680666843605, "oscillation_cost": 238.62684538049936, "completition_cost": 333.33333333333337, "overshoot_cost": 76.51202424610223, "power_cost": 36.9990824584961, "noise_cost": 30.32581899613701, "n_waypoints_completed": 6, "tot_waypoints": 9}}
{"target": -1535.9084677469762, "params": {"k_pid_pos": [1.898909568786621, 0.7721176743507385, 0.006493598222732544], "k_pid_alt": [1.6958112716674805, 0.7782714366912842, 0.5670278668403625], "k_pid_att": [99.79777526855469, 8.141633033752441, 0.49074587225914], "k_pid_yaw": [0.5, 1e-06, 0.1], "k_pid_hsp": [10.0, 0.9313095808029175, 0.01706025004386902], "k_pid_vsp": [0.1878976821899414, 1.9790420532226562, 1.450587272644043]}, "datetime": {"datetime": "2025-08-11 19:09:51", "elapsed": 9870.922183513641, "delta": 30.5490300655365}, "costs": {"total_cost": 1535.9084677469762, "time_cost": 150, "final_distance_cost": 11.101877466264671, "oscillation_cost": 54.4856888477727, "completition_cost": 1000.0, "overshoot_cost": 165.27751787147255, "power_cost": 14.222896740722657, "noise_cost": 140.82048682074355, "n_waypoints_completed": 0, "tot_waypoints": 9}}
{"target": -1580.4401427505438, "params": {"k_pid_pos": [1.9874595403671265, 0.9786017537117004, 0.13854825496673584], "k_pid_alt": [1.8567060232162476, 0.9416745901107788, 0.02705824375152588], "k_pid_att": [100.0, 1.9804421663284302, 0.9570199251174927], "k_pid_yaw": [0.5, 1e-06, 0.1], "k_pid_hsp": [9.998658180236816, 0.9718872308731079, 0.07005849480628967], "k_pid_vsp": [0.0, 5.976820945739746, 400.0]}, "datetime": {"datetime": "2025-08-11 19:10:21", "elapsed": 9900.84990119934, "delta": 29.927717685699463}, "costs": {"total_cost": 1580.4401427505438, "time_cost": 150, "final_distance_cost": 13.867300679816166, "oscillation_cost": 85.00527670189827, "completition_cost": 1000.0, "overshoot_cost": 165.9456805280974, "power_cost": 29.70989110107422, "noise_cost": 135.91199373965773, "n_waypoints_completed": 0, "tot_waypoints": 9}}
{"target": -672.2666036230942, "params": {"k_pid_pos": [1.8892321586608887, 0.967046320438385, 0.049649715423583984], "k_pid_alt": [1.119625210762024, 0.7853505611419678, 0.46343445777893066], "k_pid_att": [100.0, 1.6386802196502686, 0.9601235389709473], "k_pid_yaw": [0.5, 1e-06, 0.1], "k_pid_hsp": [9.999999747378752e-05, 0.9253290891647339, 0.12628969550132751], "k_pid_vsp": [399.99700927734375, 65.53723907470703, 0.019217537716031075]}, "datetime": {"datetime": "2025-08-11 19:10:51", "elapsed": 9930.883222818375, "delta": 30.033321619033813}, "costs": {"total_cost": 672.2666036230942, "time_cost": 150, "final_distance_cost": 50.60082738949144, "oscillation_cost": 95.91797534825328, "completition_cost": 222.2222222222222, "overshoot_cost": 84.23834190882275, "power_cost": 33.82058743896484, "noise_cost": 35.4666493153397, "n_waypoints_completed": 7, "tot_waypoints": 9}}
{"target": -590.2411927381793, "params": {"k_pid_pos": [1.9329649209976196, 0.8135167360305786, 0.03262987732887268], "k_pid_alt": [1.4790784120559692, 0.5542097687721252, 0.27806365489959717], "k_pid_att": [100.0, 6.171323299407959, 0.9874073266983032], "k_pid_yaw": [0.5, 1e-06, 0.1], "k_pid_hsp": [10.0, 0.9298317432403564, 0.016580730676651], "k_pid_vsp": [97.80976867675781, 110.71307373046875, 0.11320213973522186]}, "datetime": {"datetime": "2025-08-11 19:11:23", "elapsed": 9962.41266489029, "delta": 31.529442071914673}, "costs": {"total_cost": 590.2411927381793, "time_cost": 150, "final_distance_cost": 60.799596216306284, "oscillation_cost": 141.4222136643617, "completition_cost": 111.11111111111116, "overshoot_cost": 63.44703917330115, "power_cost": 30.449496044921876, "noise_cost": 33.011736528177316, "n_waypoints_completed": 8, "tot_waypoints": 9}}
{"target": -947.74807461831, "params": {"k_pid_pos": [1.884562373161316, 0.9708782434463501, 0.036925822496414185], "k_pid_alt": [1.6243863105773926, 0.969528317451477, 0.07477551698684692], "k_pid_att": [100.0, 8.31247615814209, 0.9674131870269775], "k_pid_yaw": [0.5, 1e-06, 0.1], "k_pid_hsp": [10.0, 0.9468439817428589, 0.3992162346839905], "k_pid_vsp": [348.16741943359375, 62.41445541381836, 272.7558898925781]}, "datetime": {"datetime": "2025-08-11 19:11:53", "elapsed": 9992.926902532578, "delta": 30.514237642288208}, "costs": {"total_cost": 947.74807461831, "time_cost": 150, "final_distance_cost": 59.909873583984385, "oscillation_cost": 155.14975141395738, "completition_cost": 444.4444444444444, "overshoot_cost": 69.27170425122557, "power_cost": 37.2939973022461, "noise_cost": 31.67830362245206, "n_waypoints_completed": 5, "tot_waypoints": 9}}
{"target": -1384.3111186383662, "params": {"k_pid_pos": [1.7365397214889526, 0.9670113325119019, 0.013489782810211182], "k_pid_alt": [1.8641003370285034, 0.7359436750411987, 0.22483164072036743], "k_pid_att": [99.93994140625, 4.373081207275391, 0.9281001687049866], "k_pid_yaw": [0.5, 1e-06, 0.1], "k_pid_hsp": [9.978067398071289, 0.845073938369751, 0.055969029664993286], "k_pid_vsp": [400.0, 32.39336013793945, 90.83438110351562]}, "datetime": {"datetime": "2025-08-11 19:12:23", "elapsed": 10023.291799545288, "delta": 30.36489701271057}, "costs": {"total_cost": 1384.3111186383662, "time_cost": 150, "final_distance_cost": 45.45666632289607, "oscillation_cost": 91.15871127139441, "completition_cost": 1000.0, "overshoot_cost": 32.47415509682455, "power_cost": 35.20818552246094, "noise_cost": 30.013400424790312, "n_waypoints_completed": 0, "tot_waypoints": 9}}
{"target": -1560.445670635699, "params": {"k_pid_pos": [1.5410536527633667, 0.8536270260810852, 0.7275972366333008], "k_pid_alt": [1.907804012298584, 0.9403815269470215, 0.03169047832489014], "k_pid_att": [100.0, 3.2047228813171387, 0.5216114521026611], "k_pid_yaw": [0.5, 1e-06, 0.1], "k_pid_hsp": [0.018025321885943413, 0.9945608973503113, 0.01990264654159546], "k_pid_vsp": [0.004839897155761719, 7.1438798904418945, 399.9998474121094]}, "datetime": {"datetime": "2025-08-11 19:12:54", "elapsed": 10053.673098802567, "delta": 30.381299257278442}, "costs": {"total_cost": 1560.445670635699, "time_cost": 150, "final_distance_cost": 13.188115941127991, "oscillation_cost": 61.980080707667085, "completition_cost": 1000.0, "overshoot_cost": 168.95453902359566, "power_cost": 19.66769136962891, "noise_cost": 146.65524359367916, "n_waypoints_completed": 0, "tot_waypoints": 9}}
{"target": -1175.0616838543745, "params": {"k_pid_pos": [1.8731813430786133, 0.945518434047699, 0.27350929379463196], "k_pid_alt": [1.9889512062072754, 0.7668969035148621, 0.23324763774871826], "k_pid_att": [99.9999771118164, 1.9574636220932007, 0.4581262171268463], "k_pid_yaw": [0.5, 1e-06, 0.1], "k_pid_hsp": [9.999959945678711, 0.9402408599853516, 0.056473612785339355], "k_pid_vsp": [399.99896240234375, 56.04472351074219, 400.0]}, "datetime": {"datetime": "2025-08-11 19:13:25", "elapsed": 10084.41137599945, "delta": 30.738277196884155}, "costs": {"total_cost": 1175.0616838543745, "time_cost": 150, "final_distance_cost": 48.25976617626908, "oscillation_cost": 168.72091149773146, "completition_cost": 666.6666666666667, "overshoot_cost": 74.72718737137923, "power_cost": 36.452395214843754, "noise_cost": 30.234756927484373, "n_waypoints_completed": 3, "tot_waypoints": 9}}
{"target": -1533.7940623166453, "params": {"k_pid_pos": [1.9136836528778076, 0.7997776865959167, 0.7785281538963318], "k_pid_alt": [1.866654872894287, 0.5952764749526978, 0.020887166261672974], "k_pid_att": [100.0, 0.3108483850955963, 0.9799377918243408], "k_pid_yaw": [0.5, 1e-06, 0.1], "k_pid_hsp": [9.999999747378752e-05, 0.6502833366394043, 0.039634525775909424], "k_pid_vsp": [10.682964324951172, 25.975156784057617, 399.9998474121094]}, "datetime": {"datetime": "2025-08-11 19:13:55", "elapsed": 10114.675905227661, "delta": 30.26452922821045}, "costs": {"total_cost": 1533.7940623166453, "time_cost": 150, "final_distance_cost": 9.936161544922687, "oscillation_cost": 56.93899533551907, "completition_cost": 1000.0, "overshoot_cost": 168.3415643594987, "power_cost": 29.224744091796875, "noise_cost": 119.35259698490792, "n_waypoints_completed": 0, "tot_waypoints": 9}}
{"target": -2699.758028303114, "params": {"k_pid_pos": [1.852919101715088, 0.9567373991012573, 0.6840857267379761], "k_pid_alt": [1.5711673498153687, 0.769939661026001, 0.0047248005867004395], "k_pid_att": [99.99967956542969, 8.459330558776855, 0.9753866195678711], "k_pid_yaw": [0.5, 1e-06, 0.1], "k_pid_hsp": [10.0, 0.8979814648628235, 0.03389444947242737], "k_pid_vsp": [40.02013397216797, 43.03096389770508, 282.07012939453125]}, "datetime": {"datetime": "2025-08-11 19:14:25", "elapsed": 10144.60713148117, "delta": 29.93122625350952}, "costs": {"total_cost": 2699.758028303114, "time_cost": 150, "final_distance_cost": 283.28269530208127, "oscillation_cost": 655.8498584158434, "completition_cost": 888.8888888888888, "overshoot_cost": 651.4098196829372, "power_cost": 35.892782946777345, "noise_cost": 34.43398306658592, "n_waypoints_completed": 1, "tot_waypoints": 9}}
{"target": -6204.301716320407, "params": {"k_pid_pos": [1.9137282371520996, 0.963219404220581, 0.372835636138916], "k_pid_alt": [1.4174473285675049, 0.901029109954834, 0.8617014288902283], "k_pid_att": [0.14607012271881104, 0.8827954530715942, 0.9312679171562195], "k_pid_yaw": [0.5, 1e-06, 0.1], "k_pid_hsp": [9.998522758483887, 0.9179413914680481, 0.02870836853981018], "k_pid_vsp": [392.3804016113281, 50.18553924560547, 400.0]}, "datetime": {"datetime": "2025-08-11 19:14:55", "elapsed": 10174.810965776443, "delta": 30.203834295272827}, "costs": {"total_cost": 6204.301716320407, "time_cost": 150, "final_distance_cost": 1322.3849168566114, "oscillation_cost": 815.6299659535742, "completition_cost": 1000.0, "overshoot_cost": 2694.3393080639903, "power_cost": 55.35896667480469, "noise_cost": 166.58855877142685, "n_waypoints_completed": 0, "tot_waypoints": 9}}
