{"target": -1367.618731191917, "params": {"k_pid_pos": [0.24436567723751068, 0.6148900985717773, 0.550577700138092], "k_pid_alt": [0.16201579570770264, 0.07523906230926514, 0.8745951652526855], "k_pid_att": [91.89259338378906, 8.9188814163208, 0.8376202583312988], "k_pid_yaw": [0.5, 1e-06, 0.1], "k_pid_hsp": [7.658625602722168, 0.3418014943599701, 0.2980828583240509], "k_pid_vsp": [341.5250244140625, 276.0391540527344, 334.25018310546875]}, "datetime": {"datetime": "2025-08-11 17:01:55", "elapsed": 2195.2893192768097, "delta": 29.40111994743347}, "costs": {"total_cost": 1367.618731191917, "time_cost": 150, "final_distance_cost": 50.344347742768754, "oscillation_cost": 607.78667879428, "completition_cost": 444.4444444444444, "overshoot_cost": 53.31276558222365, "power_cost": 34.001767871093755, "noise_cost": 27.72872675710654, "n_waypoints_completed": 5, "tot_waypoints": 9}}
{"target": -600.9149434146925, "params": {"k_pid_pos": [0.6544308066368103, 0.27486342191696167, 0.0934404730796814], "k_pid_alt": [0.0848989486694336, 0.2188047170639038, 0.09792643785476685], "k_pid_att": [4.891002178192139, 4.72987174987793, 0.5637561678886414], "k_pid_yaw": [0.5, 1e-06, 0.1], "k_pid_hsp": [9.020051002502441, 0.9436458349227905, 0.7798946499824524], "k_pid_vsp": [71.9747085571289, 254.27842712402344, 58.5881233215332]}, "datetime": {"datetime": "2025-08-11 17:02:25", "elapsed": 2225.3273737430573, "delta": 30.03805446624756}, "costs": {"total_cost": 600.9149434146925, "time_cost": 150, "final_distance_cost": 28.21435720668946, "oscillation_cost": 186.81086679523833, "completition_cost": 111.11111111111116, "overshoot_cost": 65.75869293509213, "power_cost": 31.600091381835938, "noise_cost": 27.41982398472552, "n_waypoints_completed": 8, "tot_waypoints": 9}}
{"target": -979.918605875114, "params": {"k_pid_pos": [1.373295545578003, 0.11510103940963745, 0.4207764267921448], "k_pid_alt": [0.6232591867446899, 0.9005349278450012, 0.3626987636089325], "k_pid_att": [39.32637405395508, 6.268680095672607, 0.8724071979522705], "k_pid_yaw": [0.5, 1e-06, 0.1], "k_pid_hsp": [7.617115497589111, 0.5103689432144165, 0.6120078563690186], "k_pid_vsp": [256.15631103515625, 36.64752197265625, 205.577880859375]}, "datetime": {"datetime": "2025-08-11 17:02:56", "elapsed": 2255.6873099803925, "delta": 30.359936237335205}, "costs": {"total_cost": 979.918605875114, "time_cost": 150, "final_distance_cost": 69.0299050168668, "oscillation_cost": 410.6891054204186, "completition_cost": 222.2222222222222, "overshoot_cost": 63.44965014146579, "power_cost": 34.70775925292969, "noise_cost": 29.819963821211005, "n_waypoints_completed": 7, "tot_waypoints": 9}}
{"target": -645.8665077248469, "params": {"k_pid_pos": [1.162087082862854, 0.513952910900116, 0.7045803666114807], "k_pid_alt": [1.281053066253662, 0.8212926983833313, 0.6813174486160278], "k_pid_att": [86.32710266113281, 5.5977396965026855, 0.4194584786891937], "k_pid_yaw": [0.5, 1e-06, 0.1], "k_pid_hsp": [2.789418935775757, 0.45953062176704407, 0.3196919858455658], "k_pid_vsp": [259.33428955078125, 235.09571838378906, 120.11780548095703]}, "datetime": {"datetime": "2025-08-11 17:03:27", "elapsed": 2286.7596735954285, "delta": 31.07236361503601}, "costs": {"total_cost": 645.8665077248469, "time_cost": 106.736, "final_distance_cost": 1.7791589970288373, "oscillation_cost": 418.72057032776326, "completition_cost": 0.0, "overshoot_cost": 60.429210221677266, "power_cost": 32.64976319580078, "noise_cost": 25.55180498257665, "n_waypoints_completed": 9, "tot_waypoints": 9}}
{"target": -1483.9856625068246, "params": {"k_pid_pos": [0.04746776819229126, 0.022146224975585938, 0.2897806167602539], "k_pid_alt": [1.6367043256759644, 0.41442161798477173, 0.8435552716255188], "k_pid_att": [14.629000663757324, 4.5857672691345215, 0.8087062835693359], "k_pid_yaw": [0.5, 1e-06, 0.1], "k_pid_hsp": [7.932156562805176, 0.35292938351631165, 0.6770544648170471], "k_pid_vsp": [282.2322998046875, 141.4051513671875, 242.82327270507812]}, "datetime": {"datetime": "2025-08-11 17:04:00", "elapsed": 2320.2890117168427, "delta": 33.529338121414185}, "costs": {"total_cost": 1483.9856625068246, "time_cost": 150, "final_distance_cost": 82.2378776389655, "oscillation_cost": 337.5601948172607, "completition_cost": 777.7777777777778, "overshoot_cost": 78.49323571019062, "power_cost": 30.28284675292969, "noise_cost": 27.63372980970018, "n_waypoints_completed": 2, "tot_waypoints": 9}}
{"target": -772.2458167041498, "params": {"k_pid_pos": [0.5736690759658813, 0.15015250444412231, 0.33865270018577576], "k_pid_alt": [1.5108100175857544, 0.17499631643295288, 0.7074441313743591], "k_pid_att": [4.893594741821289, 9.909581184387207, 0.5020286440849304], "k_pid_yaw": [0.5, 1e-06, 0.1], "k_pid_hsp": [7.270974636077881, 0.5795404314994812, 0.4903967082500458], "k_pid_vsp": [287.6076354980469, 90.59374237060547, 178.97369384765625]}, "datetime": {"datetime": "2025-08-11 17:04:31", "elapsed": 2350.6010274887085, "delta": 30.312015771865845}, "costs": {"total_cost": 772.2458167041498, "time_cost": 150, "final_distance_cost": 69.14608957803841, "oscillation_cost": 216.0477959086902, "completition_cost": 222.2222222222222, "overshoot_cost": 55.020242334376455, "power_cost": 32.45171101074219, "noise_cost": 27.357755650080264, "n_waypoints_completed": 7, "tot_waypoints": 9}}
{"target": -1594.524948104895, "params": {"k_pid_pos": [1.69924795627594, 0.9818124771118164, 0.1424034833908081], "k_pid_alt": [0.7225953340530396, 0.05092313885688782, 0.8883363008499146], "k_pid_att": [90.37704467773438, 1.4470645189285278, 0.7002343535423279], "k_pid_yaw": [0.5, 1e-06, 0.1], "k_pid_hsp": [3.217686653137207, 0.5768575072288513, 0.7909862399101257], "k_pid_vsp": [0.48546791076660156, 25.522138595581055, 108.66180419921875]}, "datetime": {"datetime": "2025-08-11 17:05:01", "elapsed": 2380.670720100403, "delta": 30.069692611694336}, "costs": {"total_cost": 1594.524948104895, "time_cost": 150, "final_distance_cost": 19.017213536630695, "oscillation_cost": 111.823102439259, "completition_cost": 1000.0, "overshoot_cost": 166.49170745954848, "power_cost": 35.905653686523436, "noise_cost": 111.28727098293358, "n_waypoints_completed": 0, "tot_waypoints": 9}}
{"target": -1119.8973289907458, "params": {"k_pid_pos": [0.6226667761802673, 0.6061124801635742, 0.4323728382587433], "k_pid_alt": [1.897347092628479, 0.9680671691894531, 0.14158916473388672], "k_pid_att": [31.330623626708984, 7.211501121520996, 0.909029483795166], "k_pid_yaw": [0.5, 1e-06, 0.1], "k_pid_hsp": [3.165853977203369, 0.45612236857414246, 0.8407354354858398], "k_pid_vsp": [74.3051528930664, 396.1351623535156, 220.19432067871094]}, "datetime": {"datetime": "2025-08-11 17:05:31", "elapsed": 2410.517942428589, "delta": 29.847222328186035}, "costs": {"total_cost": 1119.8973289907458, "time_cost": 150, "final_distance_cost": 45.49596733513775, "oscillation_cost": 367.01773849277737, "completition_cost": 444.4444444444444, "overshoot_cost": 47.80273599672126, "power_cost": 34.53771602783203, "noise_cost": 30.598726693832916, "n_waypoints_completed": 5, "tot_waypoints": 9}}
{"target": -1410.7605107376462, "params": {"k_pid_pos": [1.1768829822540283, 0.01751476526260376, 0.04597586393356323], "k_pid_alt": [1.0232110023498535, 0.2113281488418579, 0.03915497660636902], "k_pid_att": [26.686853408813477, 5.578382968902588, 0.6288406252861023], "k_pid_yaw": [0.5, 1e-06, 0.1], "k_pid_hsp": [2.813887596130371, 0.4010562300682068, 0.6503986120223999], "k_pid_vsp": [154.97897338867188, 88.71691131591797, 226.02789306640625]}, "datetime": {"datetime": "2025-08-11 17:06:00", "elapsed": 2439.9056906700134, "delta": 29.38774824142456}, "costs": {"total_cost": 1410.7605107376462, "time_cost": 150, "final_distance_cost": 39.48391299367135, "oscillation_cost": 526.8491766187922, "completition_cost": 555.5555555555555, "overshoot_cost": 74.25070333515215, "power_cost": 33.23855919189453, "noise_cost": 31.382603042580236, "n_waypoints_completed": 4, "tot_waypoints": 9}}
{"target": -1406.2906384307855, "params": {"k_pid_pos": [0.5911654233932495, 0.507311999797821, 0.18061304092407227], "k_pid_alt": [0.10551106929779053, 0.48674941062927246, 0.24482470750808716], "k_pid_att": [93.4952621459961, 4.948385238647461, 0.5574188232421875], "k_pid_yaw": [0.5, 1e-06, 0.1], "k_pid_hsp": [5.0072021484375, 0.5234225392341614, 0.8463307023048401], "k_pid_vsp": [362.9093017578125, 357.1435241699219, 258.7167663574219]}, "datetime": {"datetime": "2025-08-11 17:06:31", "elapsed": 2470.4172954559326, "delta": 30.51160478591919}, "costs": {"total_cost": 1406.2906384307855, "time_cost": 150, "final_distance_cost": 56.94709444773157, "oscillation_cost": 409.46152769145203, "completition_cost": 666.6666666666667, "overshoot_cost": 58.08728682026924, "power_cost": 35.41577197265625, "noise_cost": 29.71229083200963, "n_waypoints_completed": 3, "tot_waypoints": 9}}
{"target": -863.4069436821163, "params": {"k_pid_pos": [1.4848309755325317, 0.9392116069793701, 0.1815732717514038], "k_pid_alt": [0.7171798348426819, 0.5581350922584534, 0.3831356167793274], "k_pid_att": [76.52373504638672, 9.295889854431152, 0.5497511625289917], "k_pid_yaw": [0.5, 1e-06, 0.1], "k_pid_hsp": [8.078807830810547, 0.7051535248756409, 0.1471940279006958], "k_pid_vsp": [209.6692352294922, 10.629678726196289, 75.12124633789062]}, "datetime": {"datetime": "2025-08-11 17:07:00", "elapsed": 2500.294453382492, "delta": 29.87715792655945}, "costs": {"total_cost": 863.4069436821163, "time_cost": 150, "final_distance_cost": 74.49741556239854, "oscillation_cost": 175.17345783999295, "completition_cost": 333.33333333333337, "overshoot_cost": 60.94266710182594, "power_cost": 37.29195549316407, "noise_cost": 32.16811435140137, "n_waypoints_completed": 6, "tot_waypoints": 9}}
{"target": -297.48185077211934, "params": {"k_pid_pos": [1.175144910812378, 0.191972017288208, 0.11241447925567627], "k_pid_alt": [1.4852674007415771, 0.6547220349311829, 0.2586069107055664], "k_pid_att": [16.157060623168945, 7.380691051483154, 0.9056339859962463], "k_pid_yaw": [0.5, 1e-06, 0.1], "k_pid_hsp": [7.024811267852783, 0.7945980429649353, 0.06047484278678894], "k_pid_vsp": [377.6896057128906, 101.84867095947266, 229.03700256347656]}, "datetime": {"datetime": "2025-08-11 17:07:25", "elapsed": 2524.623682975769, "delta": 24.329229593276978}, "costs": {"total_cost": 297.48185077211934, "time_cost": 97.188, "final_distance_cost": 1.7538272449524426, "oscillation_cost": 90.34655843125998, "completition_cost": 0.0, "overshoot_cost": 58.97348498168504, "power_cost": 25.60803688964844, "noise_cost": 23.611943224573437, "n_waypoints_completed": 9, "tot_waypoints": 9}}
{"target": -921.6441200278721, "params": {"k_pid_pos": [1.699891448020935, 0.619219183921814, 0.8969183564186096], "k_pid_alt": [0.5070652961730957, 0.7084274888038635, 0.9728778004646301], "k_pid_att": [3.331303596496582, 2.919429302215576, 0.763786256313324], "k_pid_yaw": [0.5, 1e-06, 0.1], "k_pid_hsp": [1.0437803268432617, 0.6469152569770813, 0.532642662525177], "k_pid_vsp": [97.07321166992188, 134.16847229003906, 168.75521850585938]}, "datetime": {"datetime": "2025-08-11 17:07:55", "elapsed": 2555.2982892990112, "delta": 30.674606323242188}, "costs": {"total_cost": 921.6441200278721, "time_cost": 150, "final_distance_cost": 48.3876283275363, "oscillation_cost": 144.01181440669038, "completition_cost": 444.4444444444444, "overshoot_cost": 71.5591731820279, "power_cost": 33.11702689208985, "noise_cost": 30.124032775083105, "n_waypoints_completed": 5, "tot_waypoints": 9}}
{"target": -1469.0721973730742, "params": {"k_pid_pos": [0.4538985788822174, 0.30426567792892456, 0.531084418296814], "k_pid_alt": [0.0839725136756897, 0.6556397080421448, 0.7062162160873413], "k_pid_att": [1.7807096242904663, 3.9750285148620605, 0.6937389373779297], "k_pid_yaw": [0.5, 1e-06, 0.1], "k_pid_hsp": [5.443099498748779, 0.16752806305885315, 0.43157148361206055], "k_pid_vsp": [107.50310516357422, 128.38987731933594, 110.58784484863281]}, "datetime": {"datetime": "2025-08-11 17:08:25", "elapsed": 2585.1793422698975, "delta": 29.88105297088623}, "costs": {"total_cost": 1469.0721973730742, "time_cost": 150, "final_distance_cost": 58.55517087332046, "oscillation_cost": 255.72007954948705, "completition_cost": 888.8888888888888, "overshoot_cost": 54.68392438428313, "power_cost": 33.60644353027344, "noise_cost": 27.617690146821275, "n_waypoints_completed": 1, "tot_waypoints": 9}}
{"target": -691.7664795081255, "params": {"k_pid_pos": [0.35475802421569824, 0.44405397772789, 0.25230106711387634], "k_pid_alt": [1.9560661315917969, 0.5949026942253113, 0.625928521156311], "k_pid_att": [3.2553017139434814, 3.539792776107788, 0.37922191619873047], "k_pid_yaw": [0.5, 1e-06, 0.1], "k_pid_hsp": [4.594313621520996, 0.22195720672607422, 0.3171636760234833], "k_pid_vsp": [286.3836364746094, 348.3372802734375, 82.69996643066406]}, "datetime": {"datetime": "2025-08-11 17:08:56", "elapsed": 2615.542410135269, "delta": 30.363067865371704}, "costs": {"total_cost": 691.7664795081255, "time_cost": 150, "final_distance_cost": 63.641850813281856, "oscillation_cost": 145.18429235982225, "completition_cost": 222.2222222222222, "overshoot_cost": 50.67435235509856, "power_cost": 32.20684022216797, "noise_cost": 27.836921535532586, "n_waypoints_completed": 7, "tot_waypoints": 9}}
{"target": -1136.1151199354883, "params": {"k_pid_pos": [1.2190616130828857, 0.3617418706417084, 0.03167593479156494], "k_pid_alt": [0.25092995166778564, 0.2939072549343109, 0.1808134913444519], "k_pid_att": [62.481319427490234, 6.122161865234375, 0.5715097784996033], "k_pid_yaw": [0.5, 1e-06, 0.1], "k_pid_hsp": [3.5467965602874756, 0.09125536680221558, 0.3934292793273926], "k_pid_vsp": [138.40884399414062, 90.87598419189453, 253.58900451660156]}, "datetime": {"datetime": "2025-08-11 17:09:26", "elapsed": 2645.4432129859924, "delta": 29.900802850723267}, "costs": {"total_cost": 1136.1151199354883, "time_cost": 150, "final_distance_cost": 62.29792097643034, "oscillation_cost": 448.058624039078, "completition_cost": 333.33333333333337, "overshoot_cost": 68.77545171486639, "power_cost": 36.353162731933594, "noise_cost": 37.2966271398466, "n_waypoints_completed": 6, "tot_waypoints": 9}}
{"target": -1359.9268686794567, "params": {"k_pid_pos": [0.7029018402099609, 0.9712465405464172, 0.6578609347343445], "k_pid_alt": [0.5100243091583252, 0.9629625082015991, 0.7460737228393555], "k_pid_att": [10.996049880981445, 2.1994290351867676, 0.224040687084198], "k_pid_yaw": [0.5, 1e-06, 0.1], "k_pid_hsp": [3.4805662631988525, 0.9234151244163513, 0.7127988934516907], "k_pid_vsp": [277.1363525390625, 268.12579345703125, 235.54598999023438]}, "datetime": {"datetime": "2025-08-11 17:09:55", "elapsed": 2675.2930619716644, "delta": 29.849848985671997}, "costs": {"total_cost": 1359.9268686794567, "time_cost": 150, "final_distance_cost": 91.11163340937821, "oscillation_cost": 232.82661467883713, "completition_cost": 777.7777777777778, "overshoot_cost": 44.07044209295719, "power_cost": 34.65694862060547, "noise_cost": 29.483452099900905, "n_waypoints_completed": 2, "tot_waypoints": 9}}
{"target": -580.4951770163262, "params": {"k_pid_pos": [1.1070888042449951, 0.8566410541534424, 0.38046473264694214], "k_pid_alt": [0.9735857844352722, 0.7548883557319641, 0.46756720542907715], "k_pid_att": [35.35558319091797, 0.9263477921485901, 0.04841405153274536], "k_pid_yaw": [0.5, 1e-06, 0.1], "k_pid_hsp": [7.663558483123779, 0.9561465382575989, 0.17992234230041504], "k_pid_vsp": [145.52833557128906, 182.87843322753906, 47.94532012939453]}, "datetime": {"datetime": "2025-08-11 17:10:22", "elapsed": 2702.3141434192657, "delta": 27.02108144760132}, "costs": {"total_cost": 580.4951770163262, "time_cost": 109.60600000000001, "final_distance_cost": 1.7679055215872186, "oscillation_cost": 346.3126890060571, "completition_cost": 0.0, "overshoot_cost": 63.330156030654265, "power_cost": 31.932406457519534, "noise_cost": 27.546020000508157, "n_waypoints_completed": 9, "tot_waypoints": 9}}
{"target": -908.7084437278686, "params": {"k_pid_pos": [0.5002084970474243, 0.9079586863517761, 0.104561448097229], "k_pid_alt": [1.2709805965423584, 0.45373284816741943, 0.8161872029304504], "k_pid_att": [83.49569702148438, 6.101938724517822, 0.7678966522216797], "k_pid_yaw": [0.5, 1e-06, 0.1], "k_pid_hsp": [7.1304473876953125, 0.31118109822273254, 0.6974928975105286], "k_pid_vsp": [334.83392333984375, 305.91162109375, 88.46683502197266]}, "datetime": {"datetime": "2025-08-11 17:10:52", "elapsed": 2731.697905778885, "delta": 29.38376235961914}, "costs": {"total_cost": 908.7084437278686, "time_cost": 150, "final_distance_cost": 70.85938027427908, "oscillation_cost": 216.6660310972224, "completition_cost": 333.33333333333337, "overshoot_cost": 68.60372236005446, "power_cost": 39.0944626953125, "noise_cost": 30.15151396766681, "n_waypoints_completed": 6, "tot_waypoints": 9}}
{"target": -1714.0739030577768, "params": {"k_pid_pos": [1.5774340629577637, 0.6256961822509766, 0.917876660823822], "k_pid_alt": [0.34044361114501953, 0.08091932535171509, 0.47596651315689087], "k_pid_att": [92.27001953125, 7.466675758361816, 0.8494793176651001], "k_pid_yaw": [0.5, 1e-06, 0.1], "k_pid_hsp": [9.595094680786133, 0.8785140514373779, 0.9798229932785034], "k_pid_vsp": [11.313700675964355, 103.1961669921875, 92.92593383789062]}, "datetime": {"datetime": "2025-08-11 17:11:23", "elapsed": 2762.6661126613617, "delta": 30.968206882476807}, "costs": {"total_cost": 1714.0739030577768, "time_cost": 150, "final_distance_cost": 87.65504109633098, "oscillation_cost": 582.4080836838937, "completition_cost": 777.7777777777778, "overshoot_cost": 50.42555448047587, "power_cost": 35.16801677246094, "noise_cost": 30.639429246837324, "n_waypoints_completed": 2, "tot_waypoints": 9}}
{"target": -1489.4567264232571, "params": {"k_pid_pos": [0.36919957399368286, 0.991635799407959, 0.9344338178634644], "k_pid_alt": [1.988500714302063, 0.641593337059021, 0.7418719530105591], "k_pid_att": [20.976716995239258, 9.376853942871094, 0.711303174495697], "k_pid_yaw": [0.5, 1e-06, 0.1], "k_pid_hsp": [1.2107902765274048, 0.4226491451263428, 0.9253122806549072], "k_pid_vsp": [287.1549072265625, 152.76950073242188, 274.677001953125]}, "datetime": {"datetime": "2025-08-11 17:11:53", "elapsed": 2792.5075118541718, "delta": 29.84139919281006}, "costs": {"total_cost": 1489.4567264232571, "time_cost": 150, "final_distance_cost": 66.5464263976788, "oscillation_cost": 475.7039522766666, "completition_cost": 666.6666666666667, "overshoot_cost": 68.96654222384372, "power_cost": 32.087487707519536, "noise_cost": 29.485651150881807, "n_waypoints_completed": 3, "tot_waypoints": 9}}
{"target": -663.4588270757831, "params": {"k_pid_pos": [1.274724006652832, 0.3864986002445221, 0.7694758176803589], "k_pid_alt": [1.5096588134765625, 0.9682791233062744, 0.9293524026870728], "k_pid_att": [81.6915054321289, 6.684986114501953, 0.76978600025177], "k_pid_yaw": [0.5, 1e-06, 0.1], "k_pid_hsp": [7.877925872802734, 0.45348024368286133, 0.9187604188919067], "k_pid_vsp": [183.28021240234375, 331.6641845703125, 77.42790985107422]}, "datetime": {"datetime": "2025-08-11 17:12:20", "elapsed": 2819.9521148204803, "delta": 27.444602966308594}, "costs": {"total_cost": 663.4588270757831, "time_cost": 111.23, "final_distance_cost": 1.7867714643268418, "oscillation_cost": 431.7036672069726, "completition_cost": 0.0, "overshoot_cost": 59.76504436714012, "power_cost": 32.48660776367188, "noise_cost": 26.48673627367173, "n_waypoints_completed": 9, "tot_waypoints": 9}}
{"target": -669.6970468745338, "params": {"k_pid_pos": [1.0767039060592651, 0.9353684782981873, 0.9618493318557739], "k_pid_alt": [1.3646975755691528, 0.9404242038726807, 0.7225320935249329], "k_pid_att": [64.69810485839844, 4.549323558807373, 0.36568889021873474], "k_pid_yaw": [0.5, 1e-06, 0.1], "k_pid_hsp": [7.7974748611450195, 0.1427859663963318, 0.7602774500846863], "k_pid_vsp": [144.4335174560547, 271.7683410644531, 19.912317276000977]}, "datetime": {"datetime": "2025-08-11 17:12:49", "elapsed": 2848.4790449142456, "delta": 28.52693009376526}, "costs": {"total_cost": 669.6970468745338, "time_cost": 112.98, "final_distance_cost": 1.7653151250586823, "oscillation_cost": 434.9738968407201, "completition_cost": 0.0, "overshoot_cost": 57.794324114031724, "power_cost": 33.41947639160156, "noise_cost": 28.764034403121872, "n_waypoints_completed": 9, "tot_waypoints": 9}}
{"target": -503.3931383326868, "params": {"k_pid_pos": [0.9086875915527344, 0.06080681085586548, 0.746376097202301], "k_pid_alt": [1.529223084449768, 0.34214216470718384, 0.5276337265968323], "k_pid_att": [56.89817810058594, 4.030644416809082, 0.6599456071853638], "k_pid_yaw": [0.5, 1e-06, 0.1], "k_pid_hsp": [6.972067356109619, 0.49847647547721863, 0.6664325594902039], "k_pid_vsp": [97.17447662353516, 139.92332458496094, 23.17820930480957]}, "datetime": {"datetime": "2025-08-11 17:13:09", "elapsed": 2868.761600971222, "delta": 20.28255605697632}, "costs": {"total_cost": 503.3931383326868, "time_cost": 80.556, "final_distance_cost": 1.804779334209937, "oscillation_cost": 326.6080946282697, "completition_cost": 0.0, "overshoot_cost": 51.70044802586047, "power_cost": 23.030363146972658, "noise_cost": 19.693453197374033, "n_waypoints_completed": 9, "tot_waypoints": 9}}
