{"target": -582.5265007584485, "params": {"k_pid_pos": [1.9716591835021973, 0.9862053990364075, 0.014963924884796143], "k_pid_alt": [1.9629199504852295, 0.8516156673431396, 0.0062961578369140625], "k_pid_att": [100.0, 0.5866169333457947, 0.9547370672225952], "k_pid_yaw": [0.5, 1e-06, 0.1], "k_pid_hsp": [10.0, 0.9845339059829712, 0.0091036856174469], "k_pid_vsp": [400.0, 19.30430030822754, 9.999999974752427e-07]}, "datetime": {"datetime": "2025-08-12 03:49:21", "elapsed": 41041.300442934036, "delta": 31.28607439994812}, "costs": {"total_cost": 582.5265007584485, "time_cost": 150, "final_distance_cost": 20.759984100723088, "oscillation_cost": 165.1656568604932, "completition_cost": 111.11111111111116, "overshoot_cost": 72.67907401316641, "power_cost": 29.60471794433594, "noise_cost": 33.20595672861873, "n_waypoints_completed": 8, "tot_waypoints": 9}}
{"target": -357.2613105036564, "params": {"k_pid_pos": [1.9637476205825806, 0.9229931831359863, 0.0053310394287109375], "k_pid_alt": [1.9313690662384033, 0.9342159032821655, 0.038078755140304565], "k_pid_att": [100.0, 0.30027133226394653, 0.9892292022705078], "k_pid_yaw": [0.5, 1e-06, 0.1], "k_pid_hsp": [9.999192237854004, 0.9877749085426331, 0.0032386481761932373], "k_pid_vsp": [399.9992980957031, 9.340239524841309, 9.999999974752427e-07]}, "datetime": {"datetime": "2025-08-12 03:49:50", "elapsed": 41069.74824094772, "delta": 28.447798013687134}, "costs": {"total_cost": 357.2613105036564, "time_cost": 112.56700000000001, "final_distance_cost": 1.8063952294011139, "oscillation_cost": 114.38066327642504, "completition_cost": 0.0, "overshoot_cost": 69.40395251557509, "power_cost": 28.021759008789065, "noise_cost": 31.081540473466102, "n_waypoints_completed": 9, "tot_waypoints": 9}}
{"target": -1533.2196191051898, "params": {"k_pid_pos": [1.9851921796798706, 0.9790408611297607, 0.011923372745513916], "k_pid_alt": [1.9160314798355103, 0.6435379385948181, 0.11714532971382141], "k_pid_att": [100.0, 2.8007590770721436, 0.9963893890380859], "k_pid_yaw": [0.5, 1e-06, 0.1], "k_pid_hsp": [10.0, 0.995125412940979, 0.013211697340011597], "k_pid_vsp": [1.1240482330322266, 56.22371292114258, 399.9964599609375]}, "datetime": {"datetime": "2025-08-12 03:50:21", "elapsed": 41100.49772620201, "delta": 30.74948525428772}, "costs": {"total_cost": 1533.2196191051898, "time_cost": 150, "final_distance_cost": 13.007422413999256, "oscillation_cost": 55.09484831761435, "completition_cost": 1000.0, "overshoot_cost": 165.26547237832173, "power_cost": 32.041446923828126, "noise_cost": 117.81042907142648, "n_waypoints_completed": 0, "tot_waypoints": 9}}
{"target": -845.3843723669518, "params": {"k_pid_pos": [1.9932717084884644, 0.9761232137680054, 0.00915566086769104], "k_pid_alt": [1.917079210281372, 0.9401817321777344, 0.012808293104171753], "k_pid_att": [100.0, 0.011693582870066166, 0.975763201713562], "k_pid_yaw": [0.5, 1e-06, 0.1], "k_pid_hsp": [10.0, 0.9480496644973755, 0.012069344520568848], "k_pid_vsp": [399.6373291015625, 1.2909541130065918, 9.999999974752427e-07]}, "datetime": {"datetime": "2025-08-12 03:50:52", "elapsed": 41131.719640016556, "delta": 31.221913814544678}, "costs": {"total_cost": 845.3843723669518, "time_cost": 150, "final_distance_cost": 75.50882623968013, "oscillation_cost": 157.89340100455348, "completition_cost": 333.33333333333337, "overshoot_cost": 64.2565163384037, "power_cost": 30.313027734375, "noise_cost": 34.079267716606125, "n_waypoints_completed": 6, "tot_waypoints": 9}}
{"target": -701.610713346611, "params": {"k_pid_pos": [1.9694119691848755, 0.9348330497741699, 0.07796236872673035], "k_pid_alt": [1.8644572496414185, 0.9847069978713989, 0.035145848989486694], "k_pid_att": [99.99957275390625, 0.6228979229927063, 0.9516565203666687], "k_pid_yaw": [0.5, 1e-06, 0.1], "k_pid_hsp": [10.0, 0.9902217388153076, 0.025917500257492065], "k_pid_vsp": [400.0, 4.514289855957031, 1.4407286643981934]}, "datetime": {"datetime": "2025-08-12 03:51:24", "elapsed": 41163.392394542694, "delta": 31.672754526138306}, "costs": {"total_cost": 701.610713346611, "time_cost": 150, "final_distance_cost": 75.03958083586888, "oscillation_cost": 127.52565744201468, "completition_cost": 222.2222222222222, "overshoot_cost": 61.19771867692607, "power_cost": 31.17452440185547, "noise_cost": 34.451009767723576, "n_waypoints_completed": 7, "tot_waypoints": 9}}
{"target": -1300.6145914871677, "params": {"k_pid_pos": [1.9721707105636597, 0.9876683354377747, 0.01547291874885559], "k_pid_alt": [1.9115139245986938, 0.8658890128135681, 0.09596964716911316], "k_pid_att": [100.0, 0.7415663003921509, 0.943482518196106], "k_pid_yaw": [0.5, 1e-06, 0.1], "k_pid_hsp": [10.0, 0.9366905093193054, 0.030553758144378662], "k_pid_vsp": [400.0, 2.245284080505371, 9.999999974752427e-07]}, "datetime": {"datetime": "2025-08-12 03:51:54", "elapsed": 41194.27714514732, "delta": 30.884750604629517}, "costs": {"total_cost": 1300.6145914871677, "time_cost": 150, "final_distance_cost": 59.57797531272156, "oscillation_cost": 96.43141231870989, "completition_cost": 888.8888888888888, "overshoot_cost": 41.92247960932233, "power_cost": 29.87570389404297, "noise_cost": 33.91813146348206, "n_waypoints_completed": 1, "tot_waypoints": 9}}
{"target": -855.4001720464424, "params": {"k_pid_pos": [1.8863587379455566, 0.9757088422775269, 0.011746764183044434], "k_pid_alt": [1.9076058864593506, 0.9580713510513306, 0.14859777688980103], "k_pid_att": [100.0, 0.0900714173913002, 0.943793535232544], "k_pid_yaw": [0.5, 1e-06, 0.1], "k_pid_hsp": [10.0, 0.9921401739120483, 0.010717064142227173], "k_pid_vsp": [337.9780578613281, 2.8544912338256836, 4.8683716158848256e-05]}, "datetime": {"datetime": "2025-08-12 03:52:25", "elapsed": 41224.97152161598, "delta": 30.694376468658447}, "costs": {"total_cost": 855.4001720464424, "time_cost": 150, "final_distance_cost": 75.75802310586762, "oscillation_cost": 167.15192644547832, "completition_cost": 333.33333333333337, "overshoot_cost": 64.38357745971145, "power_cost": 30.650978601074222, "noise_cost": 34.1223331009775, "n_waypoints_completed": 6, "tot_waypoints": 9}}
{"target": -1505.6800854599762, "params": {"k_pid_pos": [1.981088638305664, 0.9280225038528442, 0.012202173471450806], "k_pid_alt": [1.9748520851135254, 0.9399442076683044, 0.12925684452056885], "k_pid_att": [100.0, 0.08643229305744171, 0.9797562956809998], "k_pid_yaw": [0.5, 1e-06, 0.1], "k_pid_hsp": [9.999853134155273, 0.8971809148788452, 0.01813700795173645], "k_pid_vsp": [399.5612487792969, 43.60371780395508, 400.0]}, "datetime": {"datetime": "2025-08-12 03:53:01", "elapsed": 41261.319633960724, "delta": 36.34811234474182}, "costs": {"total_cost": 1505.6800854599762, "time_cost": 150, "final_distance_cost": 5.043344551649037, "oscillation_cost": 60.32283079632589, "completition_cost": 1000.0, "overshoot_cost": 160.22511101132082, "power_cost": 34.098612231445316, "noise_cost": 95.99018686923515, "n_waypoints_completed": 0, "tot_waypoints": 9}}
{"target": -1529.4796436283978, "params": {"k_pid_pos": [1.9203989505767822, 0.9938715100288391, 0.016900867223739624], "k_pid_alt": [1.9504094123840332, 0.9715534448623657, 0.05981341004371643], "k_pid_att": [100.0, 0.469631165266037, 0.9380883574485779], "k_pid_yaw": [0.5, 1e-06, 0.1], "k_pid_hsp": [10.0, 0.973495602607727, 0.004015684127807617], "k_pid_vsp": [0.0, 5.42049503326416, 94.19877624511719]}, "datetime": {"datetime": "2025-08-12 03:53:33", "elapsed": 41293.03751206398, "delta": 31.717878103256226}, "costs": {"total_cost": 1529.4796436283978, "time_cost": 150, "final_distance_cost": 6.172032907782865, "oscillation_cost": 48.90807097355782, "completition_cost": 1000.0, "overshoot_cost": 165.36179260638076, "power_cost": 19.818935913085937, "noise_cost": 139.21881122759063, "n_waypoints_completed": 0, "tot_waypoints": 9}}
{"target": -1520.1387445906375, "params": {"k_pid_pos": [1.9400875568389893, 0.9906984567642212, 0.04974809288978577], "k_pid_alt": [1.9616503715515137, 0.938759446144104, 0.014373570680618286], "k_pid_att": [100.0, 0.5150291919708252, 0.9838627576828003], "k_pid_yaw": [0.5, 1e-06, 0.1], "k_pid_hsp": [9.993088722229004, 0.9874104261398315, 0.008359968662261963], "k_pid_vsp": [400.0, 8.860672950744629, 399.999755859375]}, "datetime": {"datetime": "2025-08-12 03:54:04", "elapsed": 41324.087266922, "delta": 31.049754858016968}, "costs": {"total_cost": 1520.1387445906375, "time_cost": 150, "final_distance_cost": 10.82765765210193, "oscillation_cost": 58.7474542842086, "completition_cost": 1000.0, "overshoot_cost": 161.91631012401893, "power_cost": 32.05407926025391, "noise_cost": 106.59324327005412, "n_waypoints_completed": 0, "tot_waypoints": 9}}
{"target": -686.8957170032113, "params": {"k_pid_pos": [1.9975203275680542, 0.9838780164718628, 0.001583099365234375], "k_pid_alt": [1.981968641281128, 0.7440006136894226, 0.03743165731430054], "k_pid_att": [100.0, 1.4827041625976562, 0.9599824547767639], "k_pid_yaw": [0.5, 1e-06, 0.1], "k_pid_hsp": [0.2647380828857422, 0.9444758892059326, 0.05657857656478882], "k_pid_vsp": [400.0, 45.37262725830078, 9.999999974752427e-07]}, "datetime": {"datetime": "2025-08-12 03:54:35", "elapsed": 41354.96259665489, "delta": 30.875329732894897}, "costs": {"total_cost": 686.8957170032113, "time_cost": 150, "final_distance_cost": 84.82293009085468, "oscillation_cost": 89.13927955579264, "completition_cost": 222.2222222222222, "overshoot_cost": 72.7745595016434, "power_cost": 32.98084373779297, "noise_cost": 34.95588189490545, "n_waypoints_completed": 7, "tot_waypoints": 9}}
{"target": -1296.3581852984032, "params": {"k_pid_pos": [1.9264076948165894, 0.9893805384635925, 0.003012716770172119], "k_pid_alt": [1.960784673690796, 0.9966177940368652, 0.017769843339920044], "k_pid_att": [100.0, 0.22733715176582336, 0.9912041425704956], "k_pid_yaw": [0.5, 1e-06, 0.1], "k_pid_hsp": [10.0, 0.9415016174316406, 0.01823270320892334], "k_pid_vsp": [399.99993896484375, 13.818455696105957, 0.00032286508940160275]}, "datetime": {"datetime": "2025-08-12 03:55:06", "elapsed": 41385.92194390297, "delta": 30.959347248077393}, "costs": {"total_cost": 1296.3581852984032, "time_cost": 150, "final_distance_cost": 59.61839810234362, "oscillation_cost": 94.07392818494415, "completition_cost": 888.8888888888888, "overshoot_cost": 40.86311096900517, "power_cost": 29.025731640625, "noise_cost": 33.88812751259639, "n_waypoints_completed": 1, "tot_waypoints": 9}}
{"target": -1515.054022339496, "params": {"k_pid_pos": [1.9213255643844604, 0.9497042894363403, 0.00433504581451416], "k_pid_alt": [1.988621711730957, 0.8180315494537354, 0.010535985231399536], "k_pid_att": [100.0, 0.9800006747245789, 0.943709135055542], "k_pid_yaw": [0.5, 1e-06, 0.1], "k_pid_hsp": [9.999990463256836, 0.9851130247116089, 0.016120344400405884], "k_pid_vsp": [399.9988098144531, 7.374478340148926, 398.0921630859375]}, "datetime": {"datetime": "2025-08-12 03:55:38", "elapsed": 41417.624876499176, "delta": 31.702932596206665}, "costs": {"total_cost": 1515.054022339496, "time_cost": 150, "final_distance_cost": 7.316412375806621, "oscillation_cost": 63.773096520716294, "completition_cost": 1000.0, "overshoot_cost": 160.94722693277993, "power_cost": 33.93142744140625, "noise_cost": 99.08585906878703, "n_waypoints_completed": 0, "tot_waypoints": 9}}
{"target": -1515.602112388529, "params": {"k_pid_pos": [1.98685622215271, 0.9879975318908691, 0.08384901285171509], "k_pid_alt": [1.9769102334976196, 0.9863678216934204, 0.07176685333251953], "k_pid_att": [99.9998779296875, 1.3359507322311401, 0.9886507987976074], "k_pid_yaw": [0.5, 1e-06, 0.1], "k_pid_hsp": [10.0, 0.9802923798561096, 0.007403850555419922], "k_pid_vsp": [397.988037109375, 3.6047348976135254, 400.0]}, "datetime": {"datetime": "2025-08-12 03:56:08", "elapsed": 41447.899364471436, "delta": 30.27448797225952}, "costs": {"total_cost": 1515.602112388529, "time_cost": 150, "final_distance_cost": 3.428072121587109, "oscillation_cost": 56.338869402686264, "completition_cost": 1000.0, "overshoot_cost": 162.54792272179535, "power_cost": 32.376486633300786, "noise_cost": 110.9107615091593, "n_waypoints_completed": 0, "tot_waypoints": 9}}
{"target": -1327.643039956372, "params": {"k_pid_pos": [1.8482133150100708, 0.9803861975669861, 0.010419100522994995], "k_pid_alt": [1.92958664894104, 0.9404986500740051, 0.007017791271209717], "k_pid_att": [100.0, 3.3994736671447754, 0.9564125537872314], "k_pid_yaw": [0.5, 1e-06, 0.1], "k_pid_hsp": [9.99999713897705, 0.9364404082298279, 0.05070793628692627], "k_pid_vsp": [399.9999084472656, 9.709454536437988, 0.010515259578824043]}, "datetime": {"datetime": "2025-08-12 03:56:39", "elapsed": 41479.263946294785, "delta": 31.364581823349}, "costs": {"total_cost": 1327.643039956372, "time_cost": 150, "final_distance_cost": 73.34746712967468, "oscillation_cost": 109.80763458753344, "completition_cost": 888.8888888888888, "overshoot_cost": 40.58916810253515, "power_cost": 31.161832434082033, "noise_cost": 33.848048813657925, "n_waypoints_completed": 1, "tot_waypoints": 9}}
{"target": -1465.3299169938682, "params": {"k_pid_pos": [1.972920536994934, 0.9925884008407593, 0.00506824254989624], "k_pid_alt": [1.93546724319458, 0.991888701915741, 0.01608923077583313], "k_pid_att": [100.0, 0.1329621970653534, 0.9825796484947205], "k_pid_yaw": [0.5, 1e-06, 0.1], "k_pid_hsp": [0.02165967784821987, 0.9900332689285278, 0.009150892496109009], "k_pid_vsp": [0.03515481948852539, 21.582176208496094, 1.0162839889526367]}, "datetime": {"datetime": "2025-08-12 03:57:11", "elapsed": 41510.647060632706, "delta": 31.383114337921143}, "costs": {"total_cost": 1465.3299169938682, "time_cost": 150, "final_distance_cost": 18.505709136495028, "oscillation_cost": 104.72046635876306, "completition_cost": 1000.0, "overshoot_cost": 109.22801933946947, "power_cost": 30.884014868164066, "noise_cost": 51.99170729097664, "n_waypoints_completed": 0, "tot_waypoints": 9}}
{"target": -1585.7051932980348, "params": {"k_pid_pos": [1.9611432552337646, 0.983184814453125, 0.059430718421936035], "k_pid_alt": [1.978468418121338, 0.9364534020423889, 0.0014380812644958496], "k_pid_att": [100.0, 0.052662428468465805, 0.9745798707008362], "k_pid_yaw": [0.5, 1e-06, 0.1], "k_pid_hsp": [10.0, 0.9881411790847778, 0.07439905405044556], "k_pid_vsp": [0.0, 16.869714736938477, 400.0]}, "datetime": {"datetime": "2025-08-12 03:57:42", "elapsed": 41541.80725812912, "delta": 31.160197496414185}, "costs": {"total_cost": 1585.7051932980348, "time_cost": 150, "final_distance_cost": 10.982188839305547, "oscillation_cost": 90.6561001754537, "completition_cost": 1000.0, "overshoot_cost": 165.9177811569812, "power_cost": 34.17037587890625, "noise_cost": 133.97874724738824, "n_waypoints_completed": 0, "tot_waypoints": 9}}
{"target": -1132.6139953687884, "params": {"k_pid_pos": [1.9918712377548218, 0.9437919855117798, 0.08830636739730835], "k_pid_alt": [1.987027645111084, 0.9832462668418884, 0.009438753128051758], "k_pid_att": [100.0, 0.40990105271339417, 0.9723073244094849], "k_pid_yaw": [0.5, 1e-06, 0.1], "k_pid_hsp": [10.0, 0.936893105506897, 0.06576353311538696], "k_pid_vsp": [399.9830017089844, 7.904256343841553, 345.3409423828125]}, "datetime": {"datetime": "2025-08-12 03:58:14", "elapsed": 41573.56552410126, "delta": 31.75826597213745}, "costs": {"total_cost": 1132.6139953687884, "time_cost": 150, "final_distance_cost": 55.48295669239618, "oscillation_cost": 113.99204422001034, "completition_cost": 666.6666666666667, "overshoot_cost": 77.46647078281228, "power_cost": 36.988142614746096, "noise_cost": 32.01771439215668, "n_waypoints_completed": 3, "tot_waypoints": 9}}
{"target": -1564.1766562814028, "params": {"k_pid_pos": [1.9707753658294678, 0.9734156131744385, 0.011532813310623169], "k_pid_alt": [1.9575138092041016, 0.7417380213737488, 0.028466403484344482], "k_pid_att": [100.0, 2.8737475872039795, 0.6422896385192871], "k_pid_yaw": [0.5, 1e-06, 0.1], "k_pid_hsp": [10.0, 0.8849802613258362, 0.0810043215751648], "k_pid_vsp": [0.0, 0.6741176247596741, 20.324495315551758]}, "datetime": {"datetime": "2025-08-12 03:58:46", "elapsed": 41605.75890350342, "delta": 32.193379402160645}, "costs": {"total_cost": 1564.1766562814028, "time_cost": 150, "final_distance_cost": 5.417623792223605, "oscillation_cost": 87.77179911943598, "completition_cost": 1000.0, "overshoot_cost": 165.31314160571037, "power_cost": 19.66315428466797, "noise_cost": 136.01093747936466, "n_waypoints_completed": 0, "tot_waypoints": 9}}
{"target": -1420.8642712498497, "params": {"k_pid_pos": [1.9628379344940186, 0.9884355068206787, 0.04990178346633911], "k_pid_alt": [1.9963406324386597, 0.9925700426101685, 0.024504423141479492], "k_pid_att": [99.99998474121094, 1.6518837213516235, 0.9722434878349304], "k_pid_yaw": [0.5, 1e-06, 0.1], "k_pid_hsp": [10.0, 0.9966874122619629, 0.015167146921157837], "k_pid_vsp": [0.0004172325134277344, 19.26670265197754, 0.054884955286979675]}, "datetime": {"datetime": "2025-08-12 03:59:18", "elapsed": 41637.474509477615, "delta": 31.715605974197388}, "costs": {"total_cost": 1420.8642712498497, "time_cost": 150, "final_distance_cost": 29.40402576283816, "oscillation_cost": 65.00547844846808, "completition_cost": 1000.0, "overshoot_cost": 100.74435336868478, "power_cost": 28.271240844726563, "noise_cost": 47.43917282513182, "n_waypoints_completed": 0, "tot_waypoints": 9}}
{"target": -1376.2863724091567, "params": {"k_pid_pos": [1.9683804512023926, 0.9641642570495605, 0.13201558589935303], "k_pid_alt": [1.991772174835205, 0.9253549575805664, 0.020610660314559937], "k_pid_att": [100.0, 1.8709310293197632, 0.960283637046814], "k_pid_yaw": [0.5, 1e-06, 0.1], "k_pid_hsp": [10.0, 0.9853191375732422, 0.034883856773376465], "k_pid_vsp": [400.0, 4.113794326782227, 65.0400619506836]}, "datetime": {"datetime": "2025-08-12 03:59:48", "elapsed": 41667.83774852753, "delta": 30.3632390499115}, "costs": {"total_cost": 1376.2863724091567, "time_cost": 150, "final_distance_cost": 46.04001876959091, "oscillation_cost": 82.53525380286558, "completition_cost": 1000.0, "overshoot_cost": 32.0310478493818, "power_cost": 35.21036795654297, "noise_cost": 30.469684030775383, "n_waypoints_completed": 0, "tot_waypoints": 9}}
{"target": -1097.924885452128, "params": {"k_pid_pos": [1.966982364654541, 0.9834103584289551, 0.011870980262756348], "k_pid_alt": [1.9668970108032227, 0.9943625926971436, 0.017954766750335693], "k_pid_att": [100.0, 0.9782358407974243, 0.9876407980918884], "k_pid_yaw": [0.5, 1e-06, 0.1], "k_pid_hsp": [10.0, 0.9689555168151855, 0.011307179927825928], "k_pid_vsp": [361.7768859863281, 21.13950538635254, 268.87823486328125]}, "datetime": {"datetime": "2025-08-12 04:00:19", "elapsed": 41699.22114992142, "delta": 31.38340139389038}, "costs": {"total_cost": 1097.924885452128, "time_cost": 150, "final_distance_cost": 54.773754129505434, "oscillation_cost": 81.94610256431586, "completition_cost": 666.6666666666667, "overshoot_cost": 79.28255093306299, "power_cost": 33.274930212402346, "noise_cost": 31.98088094617437, "n_waypoints_completed": 3, "tot_waypoints": 9}}
{"target": -1542.2534605231947, "params": {"k_pid_pos": [1.9604617357254028, 0.9983398914337158, 0.02915865182876587], "k_pid_alt": [1.9925365447998047, 0.9951460957527161, 0.00874394178390503], "k_pid_att": [100.0, 0.8448875546455383, 0.9744588136672974], "k_pid_yaw": [0.5, 1e-06, 0.1], "k_pid_hsp": [9.99390983581543, 0.9652460813522339, 0.012047231197357178], "k_pid_vsp": [0.19524097442626953, 11.275578498840332, 106.9083480834961]}, "datetime": {"datetime": "2025-08-12 04:00:51", "elapsed": 41730.655515909195, "delta": 31.43436598777771}, "costs": {"total_cost": 1542.2534605231947, "time_cost": 150, "final_distance_cost": 8.77025238608377, "oscillation_cost": 52.72135444366318, "completition_cost": 1000.0, "overshoot_cost": 165.20340728683638, "power_cost": 26.53982987060547, "noise_cost": 139.0186165360058, "n_waypoints_completed": 0, "tot_waypoints": 9}}
{"target": -1575.6243792011837, "params": {"k_pid_pos": [1.839851975440979, 0.9621753096580505, 0.02259346842765808], "k_pid_alt": [1.9863123893737793, 0.8968818187713623, 0.022655844688415527], "k_pid_att": [100.0, 0.2768341302871704, 0.9458494186401367], "k_pid_yaw": [0.5, 1e-06, 0.1], "k_pid_hsp": [9.880298614501953, 0.9757785201072693, 0.06857854127883911], "k_pid_vsp": [1.1920928955078125e-05, 10.854567527770996, 3.1881580352783203]}, "datetime": {"datetime": "2025-08-12 04:01:23", "elapsed": 41762.42381596565, "delta": 31.76830005645752}, "costs": {"total_cost": 1575.6243792011837, "time_cost": 150, "final_distance_cost": 8.239032336153187, "oscillation_cost": 78.16911220199093, "completition_cost": 1000.0, "overshoot_cost": 166.29996761659316, "power_cost": 24.344428381347658, "noise_cost": 148.57183866509882, "n_waypoints_completed": 0, "tot_waypoints": 9}}
{"target": -1379.8678992265384, "params": {"k_pid_pos": [1.9618771076202393, 0.9966038465499878, 0.02324315905570984], "k_pid_alt": [1.976243019104004, 0.7344480156898499, 0.012413054704666138], "k_pid_att": [99.99998474121094, 3.379014730453491, 0.9909553527832031], "k_pid_yaw": [0.5, 1e-06, 0.1], "k_pid_hsp": [10.0, 0.9955153465270996, 0.2186383306980133], "k_pid_vsp": [0.0, 17.331602096557617, 3.926468849182129]}, "datetime": {"datetime": "2025-08-12 04:01:54", "elapsed": 41793.833223342896, "delta": 31.409407377243042}, "costs": {"total_cost": 1379.8678992265384, "time_cost": 150, "final_distance_cost": 74.61636238893973, "oscillation_cost": 122.71419539955188, "completition_cost": 888.8888888888888, "overshoot_cost": 72.88845496303468, "power_cost": 33.61436689453125, "noise_cost": 37.145630691592046, "n_waypoints_completed": 1, "tot_waypoints": 9}}
