{"target": -1586.5137410188684, "params": {"k_pid_pos": [1.941724419593811, 0.9621644020080566, 0.1284138560295105], "k_pid_alt": [1.9699597358703613, 0.9841090440750122, 0.012086838483810425], "k_pid_att": [100.0, 0.34865671396255493, 0.9215506911277771], "k_pid_yaw": [0.5, 1e-06, 0.1], "k_pid_hsp": [10.0, 0.7082147002220154, 0.10706740617752075], "k_pid_vsp": [95.85066223144531, 0.47882896661758423, 399.99884033203125]}, "datetime": {"datetime": "2025-08-12 05:08:02", "elapsed": 45761.583569049835, "delta": 32.19558811187744}, "costs": {"total_cost": 1586.5137410188684, "time_cost": 150, "final_distance_cost": 12.143440140547105, "oscillation_cost": 95.14736766862528, "completition_cost": 1000.0, "overshoot_cost": 165.7258850036894, "power_cost": 34.86907077636719, "noise_cost": 128.62797742963943, "n_waypoints_completed": 0, "tot_waypoints": 9}}
{"target": -1537.0819349627438, "params": {"k_pid_pos": [1.8987643718719482, 0.976047933101654, 0.0072664618492126465], "k_pid_alt": [1.9658260345458984, 0.9979312419891357, 0.006328076124191284], "k_pid_att": [100.0, 0.7355221509933472, 0.9754977226257324], "k_pid_yaw": [0.5, 1e-06, 0.1], "k_pid_hsp": [10.0, 0.8794951438903809, 0.0066291093826293945], "k_pid_vsp": [287.7622985839844, 0.36584240198135376, 399.9757385253906]}, "datetime": {"datetime": "2025-08-12 05:08:34", "elapsed": 45793.45370721817, "delta": 31.87013816833496}, "costs": {"total_cost": 1537.0819349627438, "time_cost": 150, "final_distance_cost": 14.59712474584655, "oscillation_cost": 49.58306201388085, "completition_cost": 1000.0, "overshoot_cost": 166.2105367931094, "power_cost": 31.390701013183595, "noise_cost": 125.3005103967235, "n_waypoints_completed": 0, "tot_waypoints": 9}}
{"target": -1538.5865307762783, "params": {"k_pid_pos": [1.9188306331634521, 0.96159428358078, 0.0855240523815155], "k_pid_alt": [1.9541504383087158, 0.980631947517395, 0.0165117084980011], "k_pid_att": [99.99684143066406, 0.07921156287193298, 0.9947963356971741], "k_pid_yaw": [0.5, 1e-06, 0.1], "k_pid_hsp": [10.0, 0.978682279586792, 0.01480814814567566], "k_pid_vsp": [0.0, 4.746962547302246, 1.0412464141845703]}, "datetime": {"datetime": "2025-08-12 05:09:05", "elapsed": 45825.08704137802, "delta": 31.633334159851074}, "costs": {"total_cost": 1538.5865307762783, "time_cost": 150, "final_distance_cost": 13.307331836569052, "oscillation_cost": 49.99521088140914, "completition_cost": 1000.0, "overshoot_cost": 165.98973106935833, "power_cost": 15.894102697753906, "noise_cost": 143.4001542911878, "n_waypoints_completed": 0, "tot_waypoints": 9}}
{"target": -1526.1526981749462, "params": {"k_pid_pos": [1.8262081146240234, 0.9460307359695435, 0.15042418241500854], "k_pid_alt": [1.6754660606384277, 0.9826124906539917, 0.03986936807632446], "k_pid_att": [100.0, 0.0559019073843956, 0.9274581670761108], "k_pid_yaw": [0.5, 1e-06, 0.1], "k_pid_hsp": [9.827849388122559, 0.992880642414093, 0.013484388589859009], "k_pid_vsp": [388.4100036621094, 7.9710493087768555, 400.0]}, "datetime": {"datetime": "2025-08-12 05:09:36", "elapsed": 45855.82473897934, "delta": 30.73769760131836}, "costs": {"total_cost": 1526.1526981749462, "time_cost": 150, "final_distance_cost": 1.4102479000910815, "oscillation_cost": 60.831657276895456, "completition_cost": 1000.0, "overshoot_cost": 163.27953375637844, "power_cost": 32.31108446044922, "noise_cost": 118.32017478113194, "n_waypoints_completed": 0, "tot_waypoints": 9}}
{"target": -1546.8317665807936, "params": {"k_pid_pos": [1.8728207349777222, 0.910675585269928, 0.017395734786987305], "k_pid_alt": [1.886446237564087, 0.9967226982116699, 0.08318522572517395], "k_pid_att": [100.0, 0.26040905714035034, 0.995026707649231], "k_pid_yaw": [0.5, 1e-06, 0.1], "k_pid_hsp": [9.997648239135742, 0.9873998165130615, 0.11717230081558228], "k_pid_vsp": [0.0007152557373046875, 2.519906520843506, 9.999999974752427e-07]}, "datetime": {"datetime": "2025-08-12 05:10:08", "elapsed": 45887.88179779053, "delta": 32.057058811187744}, "costs": {"total_cost": 1546.8317665807936, "time_cost": 150, "final_distance_cost": 2.165071702193406, "oscillation_cost": 70.14160386288272, "completition_cost": 1000.0, "overshoot_cost": 166.7208052987084, "power_cost": 18.759563354492187, "noise_cost": 139.04472236251667, "n_waypoints_completed": 0, "tot_waypoints": 9}}
{"target": -1361.6251446964213, "params": {"k_pid_pos": [1.9049301147460938, 0.936412513256073, 0.015370696783065796], "k_pid_alt": [1.989335060119629, 0.984534502029419, 0.009933620691299438], "k_pid_att": [99.99986267089844, 0.5162901282310486, 0.9928044676780701], "k_pid_yaw": [0.5, 1e-06, 0.1], "k_pid_hsp": [9.999990463256836, 0.9655556678771973, 0.0720897912979126], "k_pid_vsp": [399.990478515625, 3.1073102951049805, 397.551025390625]}, "datetime": {"datetime": "2025-08-12 05:10:39", "elapsed": 45919.30105090141, "delta": 31.41925311088562}, "costs": {"total_cost": 1361.6251446964213, "time_cost": 150, "final_distance_cost": 75.3243616886297, "oscillation_cost": 112.69491442351519, "completition_cost": 888.8888888888888, "overshoot_cost": 66.59186359478677, "power_cost": 36.500379052734374, "noise_cost": 31.624737047866542, "n_waypoints_completed": 1, "tot_waypoints": 9}}
{"target": -1506.8813821958229, "params": {"k_pid_pos": [1.9879673719406128, 0.964523434638977, 0.017465204000473022], "k_pid_alt": [1.9721778631210327, 0.9299519062042236, 0.016812056303024292], "k_pid_att": [99.9998550415039, 0.14339111745357513, 0.9977288842201233], "k_pid_yaw": [0.5, 1e-06, 0.1], "k_pid_hsp": [9.999271392822266, 0.8404718637466431, 0.00377693772315979], "k_pid_vsp": [399.998291015625, 43.45768737792969, 394.8896789550781]}, "datetime": {"datetime": "2025-08-12 05:11:12", "elapsed": 45951.621935606, "delta": 32.320884704589844}, "costs": {"total_cost": 1506.8813821958229, "time_cost": 150, "final_distance_cost": 6.071960792845962, "oscillation_cost": 50.543204148779566, "completition_cost": 1000.0, "overshoot_cost": 162.40285449590718, "power_cost": 31.35019453125, "noise_cost": 106.51316822703996, "n_waypoints_completed": 0, "tot_waypoints": 9}}
{"target": -1225.7177197154142, "params": {"k_pid_pos": [1.3216632604599, 0.8130868077278137, 0.07443353533744812], "k_pid_alt": [1.6313676834106445, 0.9932938814163208, 0.008836865425109863], "k_pid_att": [98.75496673583984, 0.6535284519195557, 0.9678360223770142], "k_pid_yaw": [0.5, 1e-06, 0.1], "k_pid_hsp": [10.0, 0.948505163192749, 0.02319234609603882], "k_pid_vsp": [4.371464252471924, 19.282033920288086, 0.3442297577857971]}, "datetime": {"datetime": "2025-08-12 05:11:44", "elapsed": 45984.19300532341, "delta": 32.57106971740723}, "costs": {"total_cost": 1225.7177197154142, "time_cost": 150, "final_distance_cost": 87.61673569449115, "oscillation_cost": 91.624208085603, "completition_cost": 777.7777777777778, "overshoot_cost": 54.32352700770343, "power_cost": 30.510502746582034, "noise_cost": 33.86496840325678, "n_waypoints_completed": 2, "tot_waypoints": 9}}
{"target": -1525.4012435724192, "params": {"k_pid_pos": [1.9490717649459839, 0.9960031509399414, 0.020632624626159668], "k_pid_alt": [1.9101595878601074, 0.9762127995491028, 0.02377977967262268], "k_pid_att": [100.0, 0.5863320827484131, 0.9711449146270752], "k_pid_yaw": [0.5, 1e-06, 0.1], "k_pid_hsp": [10.0, 0.9423581957817078, 0.011020064353942871], "k_pid_vsp": [88.63639831542969, 32.67729187011719, 293.95880126953125]}, "datetime": {"datetime": "2025-08-12 05:12:15", "elapsed": 46014.840452194214, "delta": 30.647446870803833}, "costs": {"total_cost": 1525.4012435724192, "time_cost": 150, "final_distance_cost": 5.215340281211638, "oscillation_cost": 52.42000320564301, "completition_cost": 1000.0, "overshoot_cost": 165.74648935363135, "power_cost": 31.704401611328127, "noise_cost": 120.31500912060483, "n_waypoints_completed": 0, "tot_waypoints": 9}}
{"target": -1577.8552907465184, "params": {"k_pid_pos": [1.8776510953903198, 0.8973342776298523, 0.042973726987838745], "k_pid_alt": [1.9575550556182861, 0.9934109449386597, 0.006898015737533569], "k_pid_att": [100.0, 0.34653958678245544, 0.9871368408203125], "k_pid_yaw": [0.5, 1e-06, 0.1], "k_pid_hsp": [10.0, 0.9948133826255798, 0.1666061282157898], "k_pid_vsp": [0.0014424324035644531, 6.833983421325684, 399.8973693847656]}, "datetime": {"datetime": "2025-08-12 05:12:46", "elapsed": 46046.08718442917, "delta": 31.246732234954834}, "costs": {"total_cost": 1577.8552907465184, "time_cost": 150, "final_distance_cost": 1.7941025414450553, "oscillation_cost": 93.43965985275476, "completition_cost": 1000.0, "overshoot_cost": 165.8663640702183, "power_cost": 30.686191906738284, "noise_cost": 136.06897237536182, "n_waypoints_completed": 0, "tot_waypoints": 9}}
{"target": -1582.7104278914944, "params": {"k_pid_pos": [1.917422890663147, 0.9615556001663208, 0.051902830600738525], "k_pid_alt": [1.9829273223876953, 0.9491567611694336, 0.053182899951934814], "k_pid_att": [100.0, 0.37167906761169434, 0.9620183706283569], "k_pid_yaw": [0.5, 1e-06, 0.1], "k_pid_hsp": [9.999998092651367, 0.9904627799987793, 0.059839487075805664], "k_pid_vsp": [79.43632507324219, 1.3048062324523926, 399.99981689453125]}, "datetime": {"datetime": "2025-08-12 05:13:20", "elapsed": 46079.56440997124, "delta": 33.47722554206848}, "costs": {"total_cost": 1582.7104278914944, "time_cost": 150, "final_distance_cost": 9.214806905312685, "oscillation_cost": 91.4421798815564, "completition_cost": 1000.0, "overshoot_cost": 165.91186319358292, "power_cost": 35.45829636230469, "noise_cost": 130.68328154873774, "n_waypoints_completed": 0, "tot_waypoints": 9}}
{"target": -1547.5514541959512, "params": {"k_pid_pos": [1.9301437139511108, 0.9743086695671082, 0.006946980953216553], "k_pid_alt": [1.9793462753295898, 0.9850561618804932, 0.006659746170043945], "k_pid_att": [100.0, 0.11142218112945557, 0.9918044805526733], "k_pid_yaw": [0.5, 1e-06, 0.1], "k_pid_hsp": [10.0, 0.991693913936615, 0.022793322801589966], "k_pid_vsp": [0.0, 8.10962963104248, 1.6065130233764648]}, "datetime": {"datetime": "2025-08-12 05:13:52", "elapsed": 46111.70595574379, "delta": 32.14154577255249}, "costs": {"total_cost": 1547.5514541959512, "time_cost": 150, "final_distance_cost": 3.3071007050653636, "oscillation_cost": 61.06480720242973, "completition_cost": 1000.0, "overshoot_cost": 166.51324874041643, "power_cost": 19.657943395996096, "noise_cost": 147.00835415204347, "n_waypoints_completed": 0, "tot_waypoints": 9}}
{"target": -1569.9547622186687, "params": {"k_pid_pos": [1.8150707483291626, 0.9962420463562012, 0.05964750051498413], "k_pid_alt": [1.9603753089904785, 0.9963570833206177, 0.006606251001358032], "k_pid_att": [99.66439056396484, 0.08173966407775879, 0.9904168844223022], "k_pid_yaw": [0.5, 1e-06, 0.1], "k_pid_hsp": [10.0, 0.9751461744308472, 0.02456805109977722], "k_pid_vsp": [0.020682811737060547, 16.066434860229492, 1.114428997039795]}, "datetime": {"datetime": "2025-08-12 05:14:23", "elapsed": 46143.22826099396, "delta": 31.522305250167847}, "costs": {"total_cost": 1569.9547622186687, "time_cost": 150, "final_distance_cost": 13.102373117287158, "oscillation_cost": 62.17088051733529, "completition_cost": 1000.0, "overshoot_cost": 165.674031906159, "power_cost": 26.36418767089844, "noise_cost": 152.643289006989, "n_waypoints_completed": 0, "tot_waypoints": 9}}
{"target": -1378.6357540663037, "params": {"k_pid_pos": [1.636478066444397, 0.9864418506622314, 0.05694699287414551], "k_pid_alt": [1.9792569875717163, 0.9826004505157471, 0.014521032571792603], "k_pid_att": [100.0, 2.4883124828338623, 0.9954409003257751], "k_pid_yaw": [0.5, 1e-06, 0.1], "k_pid_hsp": [9.297357559204102, 0.9936253428459167, 0.024445921182632446], "k_pid_vsp": [12.484514236450195, 0.9589443802833557, 0.5785117745399475]}, "datetime": {"datetime": "2025-08-12 05:14:55", "elapsed": 46174.48859024048, "delta": 31.260329246520996}, "costs": {"total_cost": 1378.6357540663037, "time_cost": 150, "final_distance_cost": 45.73600719451865, "oscillation_cost": 77.07740627927076, "completition_cost": 1000.0, "overshoot_cost": 41.35789600871814, "power_cost": 29.37782198486328, "noise_cost": 35.08662259893293, "n_waypoints_completed": 0, "tot_waypoints": 9}}
{"target": -1559.3305208018992, "params": {"k_pid_pos": [1.969501256942749, 0.9954534769058228, 0.01602756977081299], "k_pid_alt": [1.9580838680267334, 0.9707999229431152, 0.018994063138961792], "k_pid_att": [99.9994888305664, 1.1310945749282837, 0.9924700260162354], "k_pid_yaw": [0.5, 1e-06, 0.1], "k_pid_hsp": [9.998879432678223, 0.9939250946044922, 0.019955962896347046], "k_pid_vsp": [0.00010728836059570312, 7.572389602661133, 0.0025043950881808996]}, "datetime": {"datetime": "2025-08-12 05:15:25", "elapsed": 46205.332983493805, "delta": 30.844393253326416}, "costs": {"total_cost": 1559.3305208018992, "time_cost": 150, "final_distance_cost": 14.879776889441892, "oscillation_cost": 62.12407469591179, "completition_cost": 1000.0, "overshoot_cost": 166.7801032785963, "power_cost": 19.34121229248047, "noise_cost": 146.20535364546876, "n_waypoints_completed": 0, "tot_waypoints": 9}}
{"target": -1529.2915928378816, "params": {"k_pid_pos": [1.9045462608337402, 0.9873637557029724, 0.11542075872421265], "k_pid_alt": [1.895885705947876, 0.9395357370376587, 0.013359993696212769], "k_pid_att": [100.0, 0.1461138278245926, 0.9525430202484131], "k_pid_yaw": [0.5, 1e-06, 0.1], "k_pid_hsp": [10.0, 0.9842275977134705, 0.015478521585464478], "k_pid_vsp": [0.0026226043701171875, 1.9898066520690918, 400.0]}, "datetime": {"datetime": "2025-08-12 05:15:56", "elapsed": 46236.26660013199, "delta": 30.933616638183594}, "costs": {"total_cost": 1529.2915928378816, "time_cost": 150, "final_distance_cost": 7.593895738571825, "oscillation_cost": 52.690210572761586, "completition_cost": 1000.0, "overshoot_cost": 164.1133750744383, "power_cost": 20.94695272216797, "noise_cost": 133.94715872994186, "n_waypoints_completed": 0, "tot_waypoints": 9}}
{"target": -477.6173285843617, "params": {"k_pid_pos": [1.9433598518371582, 0.9853123426437378, 0.40541061758995056], "k_pid_alt": [1.9444048404693604, 0.9771645665168762, 0.036687880754470825], "k_pid_att": [100.0, 0.22652266919612885, 0.9840401411056519], "k_pid_yaw": [0.5, 1e-06, 0.1], "k_pid_hsp": [10.0, 0.9925737380981445, 0.021890252828598022], "k_pid_vsp": [400.0, 4.628981113433838, 9.999999974752427e-07]}, "datetime": {"datetime": "2025-08-12 05:16:24", "elapsed": 46263.82705950737, "delta": 27.56045937538147}, "costs": {"total_cost": 477.6173285843617, "time_cost": 107.058, "final_distance_cost": 1.7599191062785398, "oscillation_cost": 248.11660181856303, "completition_cost": 0.0, "overshoot_cost": 60.920329098363474, "power_cost": 29.109069165039063, "noise_cost": 30.653409396117567, "n_waypoints_completed": 9, "tot_waypoints": 9}}
{"target": -1541.0034411193772, "params": {"k_pid_pos": [1.9442201852798462, 0.9181450605392456, 0.12589281797409058], "k_pid_alt": [1.9160388708114624, 0.975462794303894, 0.014686107635498047], "k_pid_att": [100.0, 0.41379380226135254, 0.9844248294830322], "k_pid_yaw": [0.5, 1e-06, 0.1], "k_pid_hsp": [10.0, 0.996450662612915, 0.017219901084899902], "k_pid_vsp": [0.0, 6.039405822753906, 88.68659973144531]}, "datetime": {"datetime": "2025-08-12 05:16:55", "elapsed": 46295.27877116203, "delta": 31.451711654663086}, "costs": {"total_cost": 1541.0034411193772, "time_cost": 150, "final_distance_cost": 7.954105273432401, "oscillation_cost": 58.456392801058186, "completition_cost": 1000.0, "overshoot_cost": 164.0138657257385, "power_cost": 23.753514990234375, "noise_cost": 136.8255623289138, "n_waypoints_completed": 0, "tot_waypoints": 9}}
{"target": -1564.6833733865903, "params": {"k_pid_pos": [1.9235498905181885, 0.984686017036438, 0.030309736728668213], "k_pid_alt": [1.8482849597930908, 0.7230889201164246, 0.0593106746673584], "k_pid_att": [99.99658203125, 3.329216957092285, 0.9752870798110962], "k_pid_yaw": [0.5, 1e-06, 0.1], "k_pid_hsp": [10.0, 0.976142942905426, 0.04863414168357849], "k_pid_vsp": [7.152557373046875e-05, 6.3955793380737305, 0.028742359951138496]}, "datetime": {"datetime": "2025-08-12 05:17:28", "elapsed": 46327.59120154381, "delta": 32.3124303817749}, "costs": {"total_cost": 1564.6833733865903, "time_cost": 150, "final_distance_cost": 14.122334293012413, "oscillation_cost": 69.76781965174071, "completition_cost": 1000.0, "overshoot_cost": 166.85224595372813, "power_cost": 19.364095324707034, "noise_cost": 144.576878163402, "n_waypoints_completed": 0, "tot_waypoints": 9}}
{"target": -1518.4762139691275, "params": {"k_pid_pos": [1.9551022052764893, 0.9075474143028259, 0.008423984050750732], "k_pid_alt": [1.9677064418792725, 0.9708651304244995, 0.10074356198310852], "k_pid_att": [100.0, 1.0427714586257935, 0.9503675699234009], "k_pid_yaw": [0.5, 1e-06, 0.1], "k_pid_hsp": [10.0, 0.8543663620948792, 0.013647884130477905], "k_pid_vsp": [399.9998779296875, 23.28826332092285, 399.999755859375]}, "datetime": {"datetime": "2025-08-12 05:17:59", "elapsed": 46358.99188542366, "delta": 31.400683879852295}, "costs": {"total_cost": 1518.4762139691275, "time_cost": 150, "final_distance_cost": 6.14044280437, "oscillation_cost": 57.09094248536707, "completition_cost": 1000.0, "overshoot_cost": 162.3892243529353, "power_cost": 32.795473352050784, "noise_cost": 110.0601309744042, "n_waypoints_completed": 0, "tot_waypoints": 9}}
{"target": -1301.3323909904188, "params": {"k_pid_pos": [1.9905285835266113, 0.9884458184242249, 0.017508864402770996], "k_pid_alt": [1.951775074005127, 0.9610625505447388, 0.029017597436904907], "k_pid_att": [100.0, 0.19263955950737, 0.9150797724723816], "k_pid_yaw": [0.5, 1e-06, 0.1], "k_pid_hsp": [10.0, 0.9466437101364136, 0.03587055206298828], "k_pid_vsp": [400.0, 11.546671867370605, 1.2920929293613881e-05]}, "datetime": {"datetime": "2025-08-12 05:18:30", "elapsed": 46390.30700850487, "delta": 31.315123081207275}, "costs": {"total_cost": 1301.3323909904188, "time_cost": 150, "final_distance_cost": 61.469995813237894, "oscillation_cost": 95.37716047798507, "completition_cost": 888.8888888888888, "overshoot_cost": 41.34170401610336, "power_cost": 30.31095213623047, "noise_cost": 33.943689657973, "n_waypoints_completed": 1, "tot_waypoints": 9}}
{"target": -810.3285681094425, "params": {"k_pid_pos": [1.9611892700195312, 0.9627504348754883, 0.014865577220916748], "k_pid_alt": [1.9630751609802246, 0.9961071014404297, 0.017446547746658325], "k_pid_att": [100.0, 1.4287428855895996, 0.8940466642379761], "k_pid_yaw": [0.5, 1e-06, 0.1], "k_pid_hsp": [9.999985694885254, 0.9914734363555908, 0.07139056921005249], "k_pid_vsp": [399.331298828125, 9.829736709594727, 5.043865203857422]}, "datetime": {"datetime": "2025-08-12 05:19:02", "elapsed": 46421.81286597252, "delta": 31.505857467651367}, "costs": {"total_cost": 810.3285681094425, "time_cost": 150, "final_distance_cost": 66.25458478035286, "oscillation_cost": 127.77873911364668, "completition_cost": 333.33333333333337, "overshoot_cost": 66.27734078652632, "power_cost": 32.384826696777345, "noise_cost": 34.29974339880587, "n_waypoints_completed": 6, "tot_waypoints": 9}}
{"target": -1338.2954545673297, "params": {"k_pid_pos": [1.9856836795806885, 0.8777707815170288, 0.04850611090660095], "k_pid_alt": [1.9863548278808594, 0.9645993709564209, 0.031193077564239502], "k_pid_att": [100.0, 0.16529768705368042, 0.9500577449798584], "k_pid_yaw": [0.5, 1e-06, 0.1], "k_pid_hsp": [10.0, 0.6803103685379028, 0.04934921860694885], "k_pid_vsp": [399.4286193847656, 0.4750381112098694, 399.9368896484375]}, "datetime": {"datetime": "2025-08-12 05:19:34", "elapsed": 46453.85747337341, "delta": 32.044607400894165}, "costs": {"total_cost": 1338.2954545673297, "time_cost": 150, "final_distance_cost": 64.30137835120956, "oscillation_cost": 95.28466468534289, "completition_cost": 888.8888888888888, "overshoot_cost": 72.10551739579918, "power_cost": 36.46795848388672, "noise_cost": 31.247046762202398, "n_waypoints_completed": 1, "tot_waypoints": 9}}
{"target": -1580.1366347255705, "params": {"k_pid_pos": [1.9243563413619995, 0.9919449687004089, 0.005347847938537598], "k_pid_alt": [1.9701192378997803, 0.9772482514381409, 0.015821993350982666], "k_pid_att": [100.0, 1.4009953737258911, 0.9761022925376892], "k_pid_yaw": [0.5, 1e-06, 0.1], "k_pid_hsp": [10.0, 0.8948971629142761, 0.37620067596435547], "k_pid_vsp": [3.5762786865234375e-05, 1.2048134803771973, 9.999999974752427e-07]}, "datetime": {"datetime": "2025-08-12 05:20:07", "elapsed": 46486.48088622093, "delta": 32.62341284751892}, "costs": {"total_cost": 1580.1366347255705, "time_cost": 150, "final_distance_cost": 6.539200604578806, "oscillation_cost": 91.86220719139757, "completition_cost": 1000.0, "overshoot_cost": 166.69753598525605, "power_cost": 24.106817138671875, "noise_cost": 140.93087380566607, "n_waypoints_completed": 0, "tot_waypoints": 9}}
{"target": -1559.993280284477, "params": {"k_pid_pos": [1.908891201019287, 0.9735689163208008, 0.06559857726097107], "k_pid_alt": [1.8183573484420776, 0.9469752311706543, 0.2575431764125824], "k_pid_att": [100.0, 0.048019569367170334, 0.6916651725769043], "k_pid_yaw": [0.5, 1e-06, 0.1], "k_pid_hsp": [10.0, 0.9073678851127625, 0.014740705490112305], "k_pid_vsp": [0.00011920928955078125, 6.309164524078369, 9.999999974752427e-07]}, "datetime": {"datetime": "2025-08-12 05:20:38", "elapsed": 46518.01252698898, "delta": 31.531640768051147}, "costs": {"total_cost": 1559.993280284477, "time_cost": 150, "final_distance_cost": 11.238915879435279, "oscillation_cost": 69.48388568074822, "completition_cost": 1000.0, "overshoot_cost": 166.25675511712464, "power_cost": 17.614032556152345, "noise_cost": 145.39969105101648, "n_waypoints_completed": 0, "tot_waypoints": 9}}
