{"target": -1529.7140954782353, "params": {"k_pid_pos": [1.9797276258468628, 0.9688144326210022, 0.015771687030792236], "k_pid_alt": [1.9820261001586914, 0.9502271413803101, 0.0522538423538208], "k_pid_att": [100.0, 0.08917109668254852, 0.9818666577339172], "k_pid_yaw": [0.5, 1e-06, 0.1], "k_pid_hsp": [9.999979972839355, 0.9921141266822815, 0.010127007961273193], "k_pid_vsp": [0.0012516975402832031, 6.249059200286865, 0.0010619626846164465]}, "datetime": {"datetime": "2025-08-12 09:53:29", "elapsed": 62888.540511608124, "delta": 27.926237106323242}, "costs": {"total_cost": 1529.7140954782353, "time_cost": 150, "final_distance_cost": 2.5983778041378596, "oscillation_cost": 48.10960385606393, "completition_cost": 1000.0, "overshoot_cost": 166.66682191350475, "power_cost": 17.38156424560547, "noise_cost": 144.9577276589234, "n_waypoints_completed": 0, "tot_waypoints": 9}}
{"target": -609.4086881424145, "params": {"k_pid_pos": [1.9879659414291382, 0.9879930019378662, 0.07668724656105042], "k_pid_alt": [1.9624148607254028, 0.9684009552001953, 0.015279233455657959], "k_pid_att": [100.0, 0.6340102553367615, 0.9848312735557556], "k_pid_yaw": [0.5, 1e-06, 0.1], "k_pid_hsp": [10.0, 0.9315496683120728, 0.007506012916564941], "k_pid_vsp": [399.9275817871094, 29.351999282836914, 0.003875301918014884]}, "datetime": {"datetime": "2025-08-12 09:53:58", "elapsed": 62918.081231832504, "delta": 29.540720224380493}, "costs": {"total_cost": 609.4086881424145, "time_cost": 150, "final_distance_cost": 71.63544355030095, "oscillation_cost": 145.40841582648645, "completition_cost": 111.11111111111116, "overshoot_cost": 67.97268001083519, "power_cost": 30.829173474121095, "noise_cost": 32.451864169559634, "n_waypoints_completed": 8, "tot_waypoints": 9}}
{"target": -563.8828284206887, "params": {"k_pid_pos": [1.9868196249008179, 0.9912407398223877, 0.012406319379806519], "k_pid_alt": [1.960888147354126, 0.9193323850631714, 0.03240436315536499], "k_pid_att": [99.64421081542969, 0.024143677204847336, 0.9947761297225952], "k_pid_yaw": [0.5, 1e-06, 0.1], "k_pid_hsp": [9.996990203857422, 0.9816076755523682, 0.004928857088088989], "k_pid_vsp": [400.0, 4.861331939697266, 0.4084954857826233]}, "datetime": {"datetime": "2025-08-12 09:54:27", "elapsed": 62947.033170223236, "delta": 28.95193839073181}, "costs": {"total_cost": 563.8828284206887, "time_cost": 150, "final_distance_cost": 43.3834878740426, "oscillation_cost": 132.74456822805945, "completition_cost": 111.11111111111116, "overshoot_cost": 63.639640879766944, "power_cost": 30.326648486328125, "noise_cost": 32.67737184138051, "n_waypoints_completed": 8, "tot_waypoints": 9}}
{"target": -969.5121591814768, "params": {"k_pid_pos": [1.9370121955871582, 0.9219521880149841, 0.02716064453125], "k_pid_alt": [1.865015983581543, 0.9952656626701355, 0.0027037858963012695], "k_pid_att": [100.0, 0.5186010003089905, 0.9821081161499023], "k_pid_yaw": [0.5, 1e-06, 0.1], "k_pid_hsp": [9.999977111816406, 0.9842923283576965, 0.01872473955154419], "k_pid_vsp": [399.9560546875, 3.1922945976257324, 161.2537841796875]}, "datetime": {"datetime": "2025-08-12 09:54:55", "elapsed": 62974.88884997368, "delta": 27.855679750442505}, "costs": {"total_cost": 969.5121591814768, "time_cost": 150, "final_distance_cost": 45.58999450202276, "oscillation_cost": 88.24281012118911, "completition_cost": 555.5555555555555, "overshoot_cost": 65.78456088071333, "power_cost": 33.42319963378906, "noise_cost": 30.91603848820692, "n_waypoints_completed": 4, "tot_waypoints": 9}}
{"target": -1283.1083381056544, "params": {"k_pid_pos": [1.9554051160812378, 0.9810090065002441, 0.008574098348617554], "k_pid_alt": [1.993866205215454, 0.9826346635818481, 0.03480041027069092], "k_pid_att": [99.99988555908203, 1.19669508934021, 0.9522738456726074], "k_pid_yaw": [0.5, 1e-06, 0.1], "k_pid_hsp": [6.285211086273193, 0.9886157512664795, 0.03088521957397461], "k_pid_vsp": [399.99993896484375, 29.04714584350586, 0.06530384719371796]}, "datetime": {"datetime": "2025-08-12 09:55:22", "elapsed": 63002.35247087479, "delta": 27.463620901107788}, "costs": {"total_cost": 1283.1083381056544, "time_cost": 150, "final_distance_cost": 59.501477445575794, "oscillation_cost": 79.19296176337528, "completition_cost": 888.8888888888888, "overshoot_cost": 41.84997806142861, "power_cost": 29.414897961425783, "noise_cost": 34.26013398496012, "n_waypoints_completed": 1, "tot_waypoints": 9}}
{"target": -1326.5531919567884, "params": {"k_pid_pos": [1.9892909526824951, 0.9913358688354492, 0.019179701805114746], "k_pid_alt": [1.9647914171218872, 0.9919593930244446, 0.004099369049072266], "k_pid_att": [100.0, 0.19952978193759918, 0.9823141098022461], "k_pid_yaw": [0.5, 1e-06, 0.1], "k_pid_hsp": [10.0, 0.9954934120178223, 0.05362284183502197], "k_pid_vsp": [400.0, 4.491449356079102, 2.4841858248692006e-05]}, "datetime": {"datetime": "2025-08-12 09:55:51", "elapsed": 63030.95556092262, "delta": 28.603090047836304}, "costs": {"total_cost": 1326.5531919567884, "time_cost": 150, "final_distance_cost": 72.78174156311671, "oscillation_cost": 108.85912284806543, "completition_cost": 888.8888888888888, "overshoot_cost": 41.24990467051809, "power_cost": 31.00758737792969, "noise_cost": 33.765946608269516, "n_waypoints_completed": 1, "tot_waypoints": 9}}
{"target": -540.880033060621, "params": {"k_pid_pos": [1.966697335243225, 0.9931533336639404, 0.030650407075881958], "k_pid_alt": [1.976069450378418, 0.9735856652259827, 0.05631181597709656], "k_pid_att": [100.0, 0.5385987758636475, 0.9574044942855835], "k_pid_yaw": [0.5, 1e-06, 0.1], "k_pid_hsp": [10.0, 0.9622872471809387, 0.00899893045425415], "k_pid_vsp": [369.9329528808594, 16.107513427734375, 11.391044616699219]}, "datetime": {"datetime": "2025-08-12 09:56:20", "elapsed": 63059.4174785614, "delta": 28.461917638778687}, "costs": {"total_cost": 540.880033060621, "time_cost": 150, "final_distance_cost": 58.630065369915116, "oscillation_cost": 87.73578371903588, "completition_cost": 111.11111111111116, "overshoot_cost": 70.18238790074099, "power_cost": 32.765216528320316, "noise_cost": 30.455468431497582, "n_waypoints_completed": 8, "tot_waypoints": 9}}
{"target": -1148.1679190245327, "params": {"k_pid_pos": [1.9210373163223267, 0.9885804057121277, 0.027166098356246948], "k_pid_alt": [1.9446251392364502, 0.9183710813522339, 0.0035144686698913574], "k_pid_att": [100.0, 0.08981213718652725, 0.994858980178833], "k_pid_yaw": [0.5, 1e-06, 0.1], "k_pid_hsp": [10.0, 0.9856706857681274, 0.07311418652534485], "k_pid_vsp": [400.0, 5.499006271362305, 72.67124938964844]}, "datetime": {"datetime": "2025-08-12 09:56:48", "elapsed": 63087.90988564491, "delta": 28.492407083511353}, "costs": {"total_cost": 1148.1679190245327, "time_cost": 150, "final_distance_cost": 54.89750937496823, "oscillation_cost": 145.03839912182298, "completition_cost": 666.6666666666667, "overshoot_cost": 63.92172992979787, "power_cost": 36.44738544921875, "noise_cost": 31.196228482058103, "n_waypoints_completed": 3, "tot_waypoints": 9}}
{"target": -697.2957442640479, "params": {"k_pid_pos": [1.980208158493042, 0.9682334661483765, 0.008591800928115845], "k_pid_alt": [1.966853141784668, 0.91329425573349, 0.015276968479156494], "k_pid_att": [100.0, 2.248013496398926, 0.9815657138824463], "k_pid_yaw": [0.5, 1e-06, 0.1], "k_pid_hsp": [10.0, 0.8917489051818848, 0.006842702627182007], "k_pid_vsp": [400.0, 8.496500015258789, 9.999999974752427e-07]}, "datetime": {"datetime": "2025-08-12 09:57:16", "elapsed": 63115.77154827118, "delta": 27.86166262626648}, "costs": {"total_cost": 697.2957442640479, "time_cost": 150, "final_distance_cost": 68.49425793433949, "oscillation_cost": 131.13413481559465, "completition_cost": 222.2222222222222, "overshoot_cost": 61.77162393534795, "power_cost": 30.799638513183595, "noise_cost": 32.873866843360034, "n_waypoints_completed": 7, "tot_waypoints": 9}}
{"target": -826.4044257188247, "params": {"k_pid_pos": [1.9850683212280273, 0.9774963855743408, 0.0038420557975769043], "k_pid_alt": [1.9916208982467651, 0.8667761087417603, 0.038716524839401245], "k_pid_att": [100.0, 0.7366224527359009, 0.970548152923584], "k_pid_yaw": [0.5, 1e-06, 0.1], "k_pid_hsp": [9.99982738494873, 0.9964394569396973, 0.013808488845825195], "k_pid_vsp": [399.4949035644531, 8.08000659942627, 0.0016699300613254309]}, "datetime": {"datetime": "2025-08-12 09:57:46", "elapsed": 63145.57685303688, "delta": 29.805304765701294}, "costs": {"total_cost": 826.4044257188247, "time_cost": 150, "final_distance_cost": 73.36024634675769, "oscillation_cost": 140.12085444601658, "completition_cost": 333.33333333333337, "overshoot_cost": 65.67167188077725, "power_cost": 30.103152868652344, "noise_cost": 33.8151668432873, "n_waypoints_completed": 6, "tot_waypoints": 9}}
{"target": -1551.3906076237954, "params": {"k_pid_pos": [1.9909641742706299, 0.965680718421936, 0.05209454894065857], "k_pid_alt": [1.7133007049560547, 0.9670957326889038, 0.015382915735244751], "k_pid_att": [100.0, 0.20551462471485138, 0.8749513626098633], "k_pid_yaw": [0.5, 1e-06, 0.1], "k_pid_hsp": [10.0, 0.9721512794494629, 0.017463594675064087], "k_pid_vsp": [0.037980079650878906, 5.609310626983643, 1.2920929293613881e-05]}, "datetime": {"datetime": "2025-08-12 09:58:16", "elapsed": 63175.94962668419, "delta": 30.37277364730835}, "costs": {"total_cost": 1551.3906076237954, "time_cost": 150, "final_distance_cost": 12.948824790802297, "oscillation_cost": 60.39535611965355, "completition_cost": 1000.0, "overshoot_cost": 166.39021746671003, "power_cost": 17.13923229980469, "noise_cost": 144.51697694682485, "n_waypoints_completed": 0, "tot_waypoints": 9}}
{"target": -426.9537773042795, "params": {"k_pid_pos": [1.9724568128585815, 0.9876645803451538, 0.15141230821609497], "k_pid_alt": [1.9461066722869873, 0.9765089750289917, 0.013366371393203735], "k_pid_att": [100.0, 1.1886601448059082, 0.9835506677627563], "k_pid_yaw": [0.5, 1e-06, 0.1], "k_pid_hsp": [10.0, 0.9504028558731079, 0.025088071823120117], "k_pid_vsp": [399.9990539550781, 34.463619232177734, 9.999999974752427e-07]}, "datetime": {"datetime": "2025-08-12 09:58:46", "elapsed": 63205.86622881889, "delta": 29.91660213470459}, "costs": {"total_cost": 426.9537773042795, "time_cost": 118.83200000000001, "final_distance_cost": 1.7765004355437377, "oscillation_cost": 181.957467006353, "completition_cost": 0.0, "overshoot_cost": 61.06683247811672, "power_cost": 31.152228076171877, "noise_cost": 32.168749308094156, "n_waypoints_completed": 9, "tot_waypoints": 9}}
{"target": -1311.5360114360287, "params": {"k_pid_pos": [1.9945459365844727, 0.9971662759780884, 0.0609191358089447], "k_pid_alt": [1.976998209953308, 0.9918797016143799, 0.011862576007843018], "k_pid_att": [100.0, 0.03846772387623787, 0.992965579032898], "k_pid_yaw": [0.5, 1e-06, 0.1], "k_pid_hsp": [10.0, 0.9634603261947632, 0.029073357582092285], "k_pid_vsp": [218.57662963867188, 13.137532234191895, 0.0005732045974582434]}, "datetime": {"datetime": "2025-08-12 09:59:15", "elapsed": 63234.64975667, "delta": 28.783527851104736}, "costs": {"total_cost": 1311.5360114360287, "time_cost": 150, "final_distance_cost": 67.26462753911396, "oscillation_cost": 101.14279021888777, "completition_cost": 888.8888888888888, "overshoot_cost": 40.344929845992674, "power_cost": 30.011785290527346, "noise_cost": 33.88298965261801, "n_waypoints_completed": 1, "tot_waypoints": 9}}
{"target": -1543.317393487754, "params": {"k_pid_pos": [1.980078101158142, 0.9504427909851074, 0.024893224239349365], "k_pid_alt": [1.975846290588379, 0.9805543422698975, 0.014391273260116577], "k_pid_att": [100.0, 0.09932107478380203, 0.9924855828285217], "k_pid_yaw": [0.5, 1e-06, 0.1], "k_pid_hsp": [10.0, 0.9573031663894653, 0.03179916739463806], "k_pid_vsp": [1.4092445373535156, 3.6732444763183594, 400.0]}, "datetime": {"datetime": "2025-08-12 09:59:44", "elapsed": 63263.56165552139, "delta": 28.911898851394653}, "costs": {"total_cost": 1543.317393487754, "time_cost": 150, "final_distance_cost": 1.3811337340644276, "oscillation_cost": 65.90753411036901, "completition_cost": 1000.0, "overshoot_cost": 164.50595997173988, "power_cost": 27.233618176269534, "noise_cost": 134.28914749531123, "n_waypoints_completed": 0, "tot_waypoints": 9}}
{"target": -1324.6368021894045, "params": {"k_pid_pos": [1.8972218036651611, 0.9976778030395508, 0.009527832269668579], "k_pid_alt": [1.9437353610992432, 0.9238475561141968, 0.047719091176986694], "k_pid_att": [100.0, 0.18914377689361572, 0.989152193069458], "k_pid_yaw": [0.5, 1e-06, 0.1], "k_pid_hsp": [10.0, 0.9918173551559448, 0.048171401023864746], "k_pid_vsp": [389.4177551269531, 4.258669376373291, 9.999999974752427e-07]}, "datetime": {"datetime": "2025-08-12 10:00:11", "elapsed": 63291.27976679802, "delta": 27.718111276626587}, "costs": {"total_cost": 1324.6368021894045, "time_cost": 150, "final_distance_cost": 70.14020605566998, "oscillation_cost": 110.45278061574517, "completition_cost": 888.8888888888888, "overshoot_cost": 40.761004967851186, "power_cost": 30.64180028076172, "noise_cost": 33.75212138048744, "n_waypoints_completed": 1, "tot_waypoints": 9}}
{"target": -1309.8134042737845, "params": {"k_pid_pos": [1.9799991846084595, 0.9931192398071289, 0.0543883740901947], "k_pid_alt": [1.9934592247009277, 0.9947471618652344, 0.011743038892745972], "k_pid_att": [100.0, 0.3719186782836914, 0.9929745197296143], "k_pid_yaw": [0.5, 1e-06, 0.1], "k_pid_hsp": [10.0, 0.9705634117126465, 0.027166903018951416], "k_pid_vsp": [399.999755859375, 16.666128158569336, 9.999999974752427e-07]}, "datetime": {"datetime": "2025-08-12 10:00:40", "elapsed": 63319.40825295448, "delta": 28.128486156463623}, "costs": {"total_cost": 1309.8134042737845, "time_cost": 150, "final_distance_cost": 67.89581255645065, "oscillation_cost": 99.25453585880584, "completition_cost": 888.8888888888888, "overshoot_cost": 40.32205568929057, "power_cost": 29.620137377929687, "noise_cost": 33.83197390241861, "n_waypoints_completed": 1, "tot_waypoints": 9}}
{"target": -1311.1343869537616, "params": {"k_pid_pos": [1.9708495140075684, 0.9960582852363586, 0.016764849424362183], "k_pid_alt": [1.8467121124267578, 0.9919240474700928, 0.011931538581848145], "k_pid_att": [100.0, 2.4649624824523926, 0.9969130754470825], "k_pid_yaw": [0.5, 1e-06, 0.1], "k_pid_hsp": [9.999955177307129, 0.9527117013931274, 0.025586605072021484], "k_pid_vsp": [400.0, 5.84929084777832, 0.0018606649246066809]}, "datetime": {"datetime": "2025-08-12 10:01:09", "elapsed": 63348.78085589409, "delta": 29.372602939605713}, "costs": {"total_cost": 1311.1343869537616, "time_cost": 150, "final_distance_cost": 59.26980435942496, "oscillation_cost": 107.21889253328568, "completition_cost": 888.8888888888888, "overshoot_cost": 42.22070774375961, "power_cost": 29.672857873535158, "noise_cost": 33.863235554867245, "n_waypoints_completed": 1, "tot_waypoints": 9}}
{"target": -1172.3176272379703, "params": {"k_pid_pos": [1.9528162479400635, 0.9982879757881165, 0.005663424730300903], "k_pid_alt": [1.9604957103729248, 0.9915282726287842, 0.01843637228012085], "k_pid_att": [98.08981323242188, 0.6067234873771667, 0.9948529601097107], "k_pid_yaw": [0.5, 1e-06, 0.1], "k_pid_hsp": [10.0, 0.9902975559234619, 0.13842171430587769], "k_pid_vsp": [0.0005125999450683594, 44.144012451171875, 11.474122047424316]}, "datetime": {"datetime": "2025-08-12 10:01:39", "elapsed": 63378.58211708069, "delta": 29.80126118659973}, "costs": {"total_cost": 1172.3176272379703, "time_cost": 150, "final_distance_cost": 55.17672415485844, "oscillation_cost": 161.93243089160822, "completition_cost": 666.6666666666667, "overshoot_cost": 70.07085370723064, "power_cost": 34.24769415283203, "noise_cost": 34.223257664774174, "n_waypoints_completed": 3, "tot_waypoints": 9}}
{"target": -1538.7609625324485, "params": {"k_pid_pos": [1.9252208471298218, 0.9947768449783325, 0.008623391389846802], "k_pid_alt": [1.9558526277542114, 0.922091543674469, 0.004243433475494385], "k_pid_att": [100.0, 0.4091572165489197, 0.968154788017273], "k_pid_yaw": [0.5, 1e-06, 0.1], "k_pid_hsp": [10.0, 0.9755693674087524, 0.002407759428024292], "k_pid_vsp": [2.74810791015625, 1.5009174346923828, 9.999999974752427e-07]}, "datetime": {"datetime": "2025-08-12 10:02:08", "elapsed": 63407.423433065414, "delta": 28.841315984725952}, "costs": {"total_cost": 1538.7609625324485, "time_cost": 150, "final_distance_cost": 13.65327554648223, "oscillation_cost": 42.198719644877805, "completition_cost": 1000.0, "overshoot_cost": 166.5636180198884, "power_cost": 18.66464792480469, "noise_cost": 147.68070139639528, "n_waypoints_completed": 0, "tot_waypoints": 9}}
{"target": -1559.080724916043, "params": {"k_pid_pos": [1.8515275716781616, 0.9678376913070679, 0.011564403772354126], "k_pid_alt": [1.980954647064209, 0.9892532825469971, 0.016928553581237793], "k_pid_att": [100.0, 0.4794992208480835, 0.9587113857269287], "k_pid_yaw": [0.5, 1e-06, 0.1], "k_pid_hsp": [10.0, 0.9843807220458984, 0.02861306071281433], "k_pid_vsp": [1.300489902496338, 0.9070883393287659, 9.999999974752427e-07]}, "datetime": {"datetime": "2025-08-12 10:02:36", "elapsed": 63435.513231277466, "delta": 28.08979821205139}, "costs": {"total_cost": 1559.080724916043, "time_cost": 150, "final_distance_cost": 15.063722914452804, "oscillation_cost": 67.58744473637624, "completition_cost": 1000.0, "overshoot_cost": 166.82498366260202, "power_cost": 16.943016369628907, "noise_cost": 142.66155723298323, "n_waypoints_completed": 0, "tot_waypoints": 9}}
{"target": -1549.6468229069158, "params": {"k_pid_pos": [1.9895362854003906, 0.9951055645942688, 0.009921431541442871], "k_pid_alt": [1.9962639808654785, 0.8766825199127197, 0.034075409173965454], "k_pid_att": [100.0, 0.5170849561691284, 0.976927638053894], "k_pid_yaw": [0.5, 1e-06, 0.1], "k_pid_hsp": [10.0, 0.9983729124069214, 0.009570926427841187], "k_pid_vsp": [0.3964066505432129, 9.908617973327637, 0.005305813159793615]}, "datetime": {"datetime": "2025-08-12 10:03:06", "elapsed": 63465.79118061066, "delta": 30.277949333190918}, "costs": {"total_cost": 1549.6468229069158, "time_cost": 150, "final_distance_cost": 12.239145728132076, "oscillation_cost": 50.18569594434108, "completition_cost": 1000.0, "overshoot_cost": 166.5847845475299, "power_cost": 21.29946051025391, "noise_cost": 149.33773617665875, "n_waypoints_completed": 0, "tot_waypoints": 9}}
{"target": -747.0821768868861, "params": {"k_pid_pos": [1.5900954008102417, 0.992810070514679, 0.0075865983963012695], "k_pid_alt": [1.9568376541137695, 0.9977952241897583, 0.10177555680274963], "k_pid_att": [99.99786376953125, 0.20945534110069275, 0.9977309107780457], "k_pid_yaw": [0.5, 1e-06, 0.1], "k_pid_hsp": [10.0, 0.962659478187561, 0.1828075647354126], "k_pid_vsp": [400.0, 12.248087882995605, 9.999999974752427e-07]}, "datetime": {"datetime": "2025-08-12 10:03:37", "elapsed": 63496.93037199974, "delta": 31.139191389083862}, "costs": {"total_cost": 747.0821768868861, "time_cost": 150, "final_distance_cost": 57.18270919376377, "oscillation_cost": 188.81631640745496, "completition_cost": 222.2222222222222, "overshoot_cost": 59.981184889868786, "power_cost": 34.59508764648438, "noise_cost": 34.28465652709212, "n_waypoints_completed": 7, "tot_waypoints": 9}}
{"target": -803.053969907829, "params": {"k_pid_pos": [1.9903099536895752, 0.8863111734390259, 0.009220510721206665], "k_pid_alt": [1.9076881408691406, 0.26287251710891724, 0.010483086109161377], "k_pid_att": [100.0, 0.7042175531387329, 0.9696333408355713], "k_pid_yaw": [0.5, 1e-06, 0.1], "k_pid_hsp": [10.0, 0.9767800569534302, 0.04463031888008118], "k_pid_vsp": [399.99853515625, 9.211636543273926, 9.999999974752427e-07]}, "datetime": {"datetime": "2025-08-12 10:04:05", "elapsed": 63525.08674502373, "delta": 28.156373023986816}, "costs": {"total_cost": 803.053969907829, "time_cost": 150, "final_distance_cost": 52.75247073414717, "oscillation_cost": 150.11584674425455, "completition_cost": 333.33333333333337, "overshoot_cost": 52.29850643450922, "power_cost": 31.421484814453127, "noise_cost": 33.13232784713151, "n_waypoints_completed": 6, "tot_waypoints": 9}}
{"target": -1301.7581959349632, "params": {"k_pid_pos": [1.977843165397644, 0.9837605953216553, 0.016542047262191772], "k_pid_alt": [1.9445847272872925, 0.87843918800354, 0.008457988500595093], "k_pid_att": [100.0, 0.19948627054691315, 0.9635185599327087], "k_pid_yaw": [0.5, 1e-06, 0.1], "k_pid_hsp": [10.0, 0.9415098428726196, 0.005698174238204956], "k_pid_vsp": [0.00209808349609375, 29.44843864440918, 9.999999974752427e-07]}, "datetime": {"datetime": "2025-08-12 10:04:34", "elapsed": 63553.51455760002, "delta": 28.427812576293945}, "costs": {"total_cost": 1301.7581959349632, "time_cost": 150, "final_distance_cost": 63.58428835964136, "oscillation_cost": 87.89218893928165, "completition_cost": 888.8888888888888, "overshoot_cost": 48.60285166631955, "power_cost": 29.842469677734375, "noise_cost": 32.94750840309728, "n_waypoints_completed": 1, "tot_waypoints": 9}}
{"target": -1305.9108977612098, "params": {"k_pid_pos": [1.9911061525344849, 0.9653959274291992, 0.03712150454521179], "k_pid_alt": [1.8615539073944092, 0.9197876453399658, 0.0177137553691864], "k_pid_att": [99.99930572509766, 0.08477619290351868, 0.9243521690368652], "k_pid_yaw": [0.5, 1e-06, 0.1], "k_pid_hsp": [10.0, 0.9940266609191895, 0.0434994101524353], "k_pid_vsp": [399.9857482910156, 9.815741539001465, 8.986271858215332]}, "datetime": {"datetime": "2025-08-12 10:05:03", "elapsed": 63582.50798177719, "delta": 28.9934241771698}, "costs": {"total_cost": 1305.9108977612098, "time_cost": 150, "final_distance_cost": 70.57821759909187, "oscillation_cost": 91.36122949072507, "completition_cost": 888.8888888888888, "overshoot_cost": 40.88227043003276, "power_cost": 30.599422290039065, "noise_cost": 33.60086906243209, "n_waypoints_completed": 1, "tot_waypoints": 9}}
