{"target": -1307.0254037717657, "params": {"k_pid_pos": [1.905877709388733, 0.9947632551193237, 0.004597067832946777], "k_pid_alt": [1.9585671424865723, 0.9867876768112183, 0.019291818141937256], "k_pid_att": [100.0, 0.15222831070423126, 0.9511942863464355], "k_pid_yaw": [0.5, 1e-06, 0.1], "k_pid_hsp": [9.999080657958984, 0.9886139631271362, 0.034635692834854126], "k_pid_vsp": [400.0, 4.163027763366699, 0.04627804458141327]}, "datetime": {"datetime": "2025-08-12 07:46:50", "elapsed": 55289.5722990036, "delta": 31.99988889694214}, "costs": {"total_cost": 1307.0254037717657, "time_cost": 150, "final_distance_cost": 59.97633790892328, "oscillation_cost": 102.07061252938406, "completition_cost": 888.8888888888888, "overshoot_cost": 41.900043627192254, "power_cost": 30.275085461425782, "noise_cost": 33.91443535595158, "n_waypoints_completed": 1, "tot_waypoints": 9}}
{"target": -1551.776757971219, "params": {"k_pid_pos": [1.9757084846496582, 0.9769134521484375, 0.038926541805267334], "k_pid_alt": [1.9519462585449219, 0.9940179586410522, 0.007627964019775391], "k_pid_att": [100.0, 0.19856956601142883, 0.9791410565376282], "k_pid_yaw": [0.5, 1e-06, 0.1], "k_pid_hsp": [10.0, 0.925508439540863, 0.03330111503601074], "k_pid_vsp": [0.37987232208251953, 5.98349666595459, 399.8525085449219]}, "datetime": {"datetime": "2025-08-12 07:47:22", "elapsed": 55322.05450487137, "delta": 32.482205867767334}, "costs": {"total_cost": 1551.776757971219, "time_cost": 150, "final_distance_cost": 6.168880291382447, "oscillation_cost": 67.7673771953844, "completition_cost": 1000.0, "overshoot_cost": 164.4580346070409, "power_cost": 28.15010994873047, "noise_cost": 135.23235592868076, "n_waypoints_completed": 0, "tot_waypoints": 9}}
{"target": -1403.2845686284759, "params": {"k_pid_pos": [1.9198652505874634, 0.9915398359298706, 0.006887704133987427], "k_pid_alt": [1.962320327758789, 0.9963853359222412, 0.028181791305541992], "k_pid_att": [100.0, 0.2277671992778778, 0.9928455352783203], "k_pid_yaw": [0.5, 1e-06, 0.1], "k_pid_hsp": [10.0, 0.9979618787765503, 0.04009920358657837], "k_pid_vsp": [399.99993896484375, 13.76897144317627, 381.603515625]}, "datetime": {"datetime": "2025-08-12 07:47:56", "elapsed": 55355.99185419083, "delta": 33.93734931945801}, "costs": {"total_cost": 1403.2845686284759, "time_cost": 150, "final_distance_cost": 46.30176347130822, "oscillation_cost": 80.36737092110778, "completition_cost": 1000.0, "overshoot_cost": 60.12670593443747, "power_cost": 35.05693571777344, "noise_cost": 31.43179258384886, "n_waypoints_completed": 0, "tot_waypoints": 9}}
{"target": -1574.9038088267857, "params": {"k_pid_pos": [1.973535180091858, 0.9336447715759277, 0.018040180206298828], "k_pid_alt": [1.9391974210739136, 0.9793000817298889, 0.025167256593704224], "k_pid_att": [100.0, 0.2852499186992645, 0.9806003570556641], "k_pid_yaw": [0.5, 1e-06, 0.1], "k_pid_hsp": [10.0, 0.995846152305603, 0.04366019368171692], "k_pid_vsp": [35.789573669433594, 4.949761390686035, 71.0246353149414]}, "datetime": {"datetime": "2025-08-12 07:48:29", "elapsed": 55388.40389752388, "delta": 32.41204333305359}, "costs": {"total_cost": 1574.9038088267857, "time_cost": 150, "final_distance_cost": 13.868390353729435, "oscillation_cost": 78.14213707848047, "completition_cost": 1000.0, "overshoot_cost": 166.0719063033753, "power_cost": 34.57157392578125, "noise_cost": 132.2498011654192, "n_waypoints_completed": 0, "tot_waypoints": 9}}
{"target": -1373.9105601555757, "params": {"k_pid_pos": [1.975980520248413, 0.9111002683639526, 0.037730515003204346], "k_pid_alt": [1.9700987339019775, 0.9841905236244202, 0.014525800943374634], "k_pid_att": [100.0, 0.4212356507778168, 0.9745708703994751], "k_pid_yaw": [0.5, 1e-06, 0.1], "k_pid_hsp": [10.0, 0.9789913296699524, 0.020311176776885986], "k_pid_vsp": [0.0, 24.251176834106445, 9.999999974752427e-07]}, "datetime": {"datetime": "2025-08-12 07:49:01", "elapsed": 55420.8445854187, "delta": 32.44068789482117}, "costs": {"total_cost": 1373.9105601555757, "time_cost": 150, "final_distance_cost": 35.13891120782734, "oscillation_cost": 73.17012107242346, "completition_cost": 1000.0, "overshoot_cost": 50.6592183616148, "power_cost": 29.926035974121096, "noise_cost": 35.01627353958895, "n_waypoints_completed": 0, "tot_waypoints": 9}}
{"target": -767.5142755116897, "params": {"k_pid_pos": [1.9949994087219238, 0.9932609796524048, 0.0044716596603393555], "k_pid_alt": [1.9787861108779907, 0.9926886558532715, 0.020565330982208252], "k_pid_att": [99.99999237060547, 0.2742505967617035, 0.9828424453735352], "k_pid_yaw": [0.5, 1e-06, 0.1], "k_pid_hsp": [10.0, 0.9619783163070679, 0.1667882800102234], "k_pid_vsp": [400.0, 12.560773849487305, 0.5316625237464905]}, "datetime": {"datetime": "2025-08-12 07:49:33", "elapsed": 55452.47872662544, "delta": 31.634141206741333}, "costs": {"total_cost": 767.5142755116897, "time_cost": 150, "final_distance_cost": 81.01789223793776, "oscillation_cost": 181.76079985937258, "completition_cost": 222.2222222222222, "overshoot_cost": 64.54549514626044, "power_cost": 34.49764942626953, "noise_cost": 33.47021661962716, "n_waypoints_completed": 7, "tot_waypoints": 9}}
{"target": -765.8191558995004, "params": {"k_pid_pos": [1.963318943977356, 0.9969412088394165, 0.05773663520812988], "k_pid_alt": [1.9842040538787842, 0.961556077003479, 0.03284728527069092], "k_pid_att": [100.0, 0.051932577043771744, 0.9816012978553772], "k_pid_yaw": [0.5, 1e-06, 0.1], "k_pid_hsp": [9.999856948852539, 0.9350730776786804, 0.013255894184112549], "k_pid_vsp": [375.12603759765625, 9.165311813354492, 9.999999974752427e-07]}, "datetime": {"datetime": "2025-08-12 07:50:05", "elapsed": 55484.54948377609, "delta": 32.070757150650024}, "costs": {"total_cost": 765.8191558995004, "time_cost": 150, "final_distance_cost": 70.0401164306595, "oscillation_cost": 190.83179122322284, "completition_cost": 222.2222222222222, "overshoot_cost": 67.69995752115406, "power_cost": 31.0658107421875, "noise_cost": 33.95925776005431, "n_waypoints_completed": 7, "tot_waypoints": 9}}
{"target": -1130.3669544628162, "params": {"k_pid_pos": [1.9939318895339966, 0.984050452709198, 0.019563376903533936], "k_pid_alt": [1.909365177154541, 0.983373761177063, 0.029560774564743042], "k_pid_att": [100.0, 0.3224357068538666, 0.9819648265838623], "k_pid_yaw": [0.5, 1e-06, 0.1], "k_pid_hsp": [10.0, 0.9563629627227783, 0.05359470844268799], "k_pid_vsp": [399.9930419921875, 17.78880500793457, 316.6496276855469]}, "datetime": {"datetime": "2025-08-12 07:50:36", "elapsed": 55516.2197432518, "delta": 31.670259475708008}, "costs": {"total_cost": 1130.3669544628162, "time_cost": 150, "final_distance_cost": 49.10647459466494, "oscillation_cost": 127.41060215923275, "completition_cost": 666.6666666666667, "overshoot_cost": 70.28434608994006, "power_cost": 34.81904100341797, "noise_cost": 32.079823948893676, "n_waypoints_completed": 3, "tot_waypoints": 9}}
{"target": -1312.6377992955092, "params": {"k_pid_pos": [1.9708874225616455, 0.985541045665741, 0.023492902517318726], "k_pid_alt": [1.9490506649017334, 0.9692705869674683, 0.005240589380264282], "k_pid_att": [100.0, 1.2723511457443237, 0.9988349676132202], "k_pid_yaw": [0.5, 1e-06, 0.1], "k_pid_hsp": [10.0, 0.9558072090148926, 0.03375595808029175], "k_pid_vsp": [368.26287841796875, 3.606523036956787, 2.4841858248692006e-05]}, "datetime": {"datetime": "2025-08-12 07:51:07", "elapsed": 55546.8375210762, "delta": 30.617777824401855}, "costs": {"total_cost": 1312.6377992955092, "time_cost": 150, "final_distance_cost": 60.92885258187843, "oscillation_cost": 107.0155564901086, "completition_cost": 888.8888888888888, "overshoot_cost": 41.802006720831486, "power_cost": 30.1075478515625, "noise_cost": 33.89494676223935, "n_waypoints_completed": 1, "tot_waypoints": 9}}
{"target": -771.6906711743018, "params": {"k_pid_pos": [1.9890658855438232, 0.9897340536117554, 0.015008211135864258], "k_pid_alt": [1.8163585662841797, 0.9487747550010681, 0.0028967857360839844], "k_pid_att": [100.0, 0.3047204911708832, 0.9135664701461792], "k_pid_yaw": [0.5, 1e-06, 0.1], "k_pid_hsp": [10.0, 0.9638254046440125, 0.18601074814796448], "k_pid_vsp": [399.99713134765625, 2.4147520065307617, 9.999999974752427e-07]}, "datetime": {"datetime": "2025-08-12 07:51:39", "elapsed": 55578.60512804985, "delta": 31.76760697364807}, "costs": {"total_cost": 771.6906711743018, "time_cost": 150, "final_distance_cost": 62.987423731820726, "oscillation_cost": 200.99043312743856, "completition_cost": 222.2222222222222, "overshoot_cost": 67.49940714029127, "power_cost": 34.21811845703125, "noise_cost": 33.77306649549776, "n_waypoints_completed": 7, "tot_waypoints": 9}}
{"target": -755.682652989783, "params": {"k_pid_pos": [1.9141188859939575, 0.997252345085144, 0.04073524475097656], "k_pid_alt": [1.9386130571365356, 0.9769011735916138, 0.009182274341583252], "k_pid_att": [100.0, 0.2103416621685028, 0.9592984914779663], "k_pid_yaw": [0.5, 1e-06, 0.1], "k_pid_hsp": [10.0, 0.9403271079063416, 0.013793110847473145], "k_pid_vsp": [400.0, 3.613556385040283, 0.0005851255264133215]}, "datetime": {"datetime": "2025-08-12 07:52:10", "elapsed": 55609.46125078201, "delta": 30.856122732162476}, "costs": {"total_cost": 755.682652989783, "time_cost": 150, "final_distance_cost": 67.86050219392412, "oscillation_cost": 181.33721286028486, "completition_cost": 222.2222222222222, "overshoot_cost": 69.03344799417228, "power_cost": 31.258993212890626, "noise_cost": 33.970274506288966, "n_waypoints_completed": 7, "tot_waypoints": 9}}
{"target": -1414.8575055639021, "params": {"k_pid_pos": [1.693141222000122, 0.9954540133476257, 0.0037921369075775146], "k_pid_alt": [1.9561872482299805, 0.7773715853691101, 0.026986151933670044], "k_pid_att": [100.0, 1.3717471361160278, 0.9970664978027344], "k_pid_yaw": [0.5, 1e-06, 0.1], "k_pid_hsp": [0.0001023841614369303, 0.9882895350456238, 0.011434108018875122], "k_pid_vsp": [399.64263916015625, 33.57520294189453, 0.003577278694137931]}, "datetime": {"datetime": "2025-08-12 07:52:42", "elapsed": 55641.962196588516, "delta": 32.500945806503296}, "costs": {"total_cost": 1414.8575055639021, "time_cost": 150, "final_distance_cost": 45.352774332056306, "oscillation_cost": 102.29001732162325, "completition_cost": 1000.0, "overshoot_cost": 51.48958894416175, "power_cost": 30.811894335937502, "noise_cost": 34.91323063012337, "n_waypoints_completed": 0, "tot_waypoints": 9}}
{"target": -1533.765872931651, "params": {"k_pid_pos": [1.9739035367965698, 0.9954671859741211, 0.010093867778778076], "k_pid_alt": [1.9915392398834229, 0.9724832773208618, 0.01553654670715332], "k_pid_att": [99.99999237060547, 0.3071010708808899, 0.9643130898475647], "k_pid_yaw": [0.5, 1e-06, 0.1], "k_pid_hsp": [10.0, 0.9908038377761841, 0.004948914051055908], "k_pid_vsp": [2.384185791015625e-05, 7.514441967010498, 394.44854736328125]}, "datetime": {"datetime": "2025-08-12 07:53:13", "elapsed": 55673.35002160072, "delta": 31.38782501220703}, "costs": {"total_cost": 1533.765872931651, "time_cost": 150, "final_distance_cost": 10.821468653366624, "oscillation_cost": 46.83717621962138, "completition_cost": 1000.0, "overshoot_cost": 165.53084242360754, "power_cost": 21.49096297607422, "noise_cost": 139.0854226589815, "n_waypoints_completed": 0, "tot_waypoints": 9}}
{"target": -1302.6967293296855, "params": {"k_pid_pos": [1.9183646440505981, 0.9713290929794312, 0.014573872089385986], "k_pid_alt": [1.995314598083496, 0.9852308034896851, 0.00441056489944458], "k_pid_att": [99.98703002929688, 0.4514176547527313, 0.9335060119628906], "k_pid_yaw": [0.5, 1e-06, 0.1], "k_pid_hsp": [10.0, 0.9973099231719971, 0.033010125160217285], "k_pid_vsp": [399.99993896484375, 7.916213035583496, 9.999999974752427e-07]}, "datetime": {"datetime": "2025-08-12 07:53:45", "elapsed": 55705.21264004707, "delta": 31.862618446350098}, "costs": {"total_cost": 1302.6967293296855, "time_cost": 150, "final_distance_cost": 61.112914861298535, "oscillation_cost": 96.96821831945714, "completition_cost": 888.8888888888888, "overshoot_cost": 41.672179313361525, "power_cost": 30.17048572998047, "noise_cost": 33.88404221669883, "n_waypoints_completed": 1, "tot_waypoints": 9}}
{"target": -833.148164117936, "params": {"k_pid_pos": [1.9874016046524048, 0.9934859275817871, 0.0026956498622894287], "k_pid_alt": [1.9909114837646484, 0.8776729106903076, 0.011162370443344116], "k_pid_att": [100.0, 0.026415187865495682, 0.987502932548523], "k_pid_yaw": [0.5, 1e-06, 0.1], "k_pid_hsp": [10.0, 0.9806869029998779, 0.011460721492767334], "k_pid_vsp": [399.5691223144531, 2.585078239440918, 0.3335128426551819]}, "datetime": {"datetime": "2025-08-12 07:54:16", "elapsed": 55735.733310222626, "delta": 30.520670175552368}, "costs": {"total_cost": 833.148164117936, "time_cost": 150, "final_distance_cost": 74.8458609679834, "oscillation_cost": 144.39491624046218, "completition_cost": 333.33333333333337, "overshoot_cost": 66.2296874400147, "power_cost": 30.329893273925784, "noise_cost": 34.01447286221653, "n_waypoints_completed": 6, "tot_waypoints": 9}}
{"target": -1439.2372146609794, "params": {"k_pid_pos": [1.9533014297485352, 0.9692542552947998, 0.05178987979888916], "k_pid_alt": [1.9720371961593628, 0.9725353717803955, 0.004941046237945557], "k_pid_att": [100.0, 0.20638364553451538, 0.9436688423156738], "k_pid_yaw": [0.5, 1e-06, 0.1], "k_pid_hsp": [9.996888160705566, 0.9624515771865845, 0.025672733783721924], "k_pid_vsp": [399.41290283203125, 3.0415902137756348, 383.19610595703125]}, "datetime": {"datetime": "2025-08-12 07:54:49", "elapsed": 55768.59403991699, "delta": 32.860729694366455}, "costs": {"total_cost": 1439.2372146609794, "time_cost": 150, "final_distance_cost": 7.682839093183, "oscillation_cost": 67.71630033369917, "completition_cost": 1000.0, "overshoot_cost": 146.3363632571973, "power_cost": 34.75520969238281, "noise_cost": 32.746502284517206, "n_waypoints_completed": 0, "tot_waypoints": 9}}
{"target": -1558.4557405509404, "params": {"k_pid_pos": [1.9031697511672974, 0.9815075397491455, 0.028333395719528198], "k_pid_alt": [1.9739775657653809, 0.9190409183502197, 0.2718107998371124], "k_pid_att": [100.0, 0.08346013724803925, 0.9957404732704163], "k_pid_yaw": [0.5, 1e-06, 0.1], "k_pid_hsp": [10.0, 0.9820176362991333, 0.019761353731155396], "k_pid_vsp": [0.09101629257202148, 12.186898231506348, 9.999999974752427e-07]}, "datetime": {"datetime": "2025-08-12 07:55:21", "elapsed": 55800.394792079926, "delta": 31.80075216293335}, "costs": {"total_cost": 1558.4557405509404, "time_cost": 150, "final_distance_cost": 11.439846612526301, "oscillation_cost": 56.7494004131075, "completition_cost": 1000.0, "overshoot_cost": 166.1234266808924, "power_cost": 23.043780407714845, "noise_cost": 151.09928643669926, "n_waypoints_completed": 0, "tot_waypoints": 9}}
{"target": -1542.0841831702785, "params": {"k_pid_pos": [1.9869043827056885, 0.9836571216583252, 0.007244527339935303], "k_pid_alt": [1.9677560329437256, 0.9456255435943604, 0.03414544463157654], "k_pid_att": [100.0, 0.2837720513343811, 0.9035526514053345], "k_pid_yaw": [0.5, 1e-06, 0.1], "k_pid_hsp": [10.0, 0.9934266805648804, 0.01924288272857666], "k_pid_vsp": [1.7952919006347656, 12.091744422912598, 9.999999974752427e-07]}, "datetime": {"datetime": "2025-08-12 07:55:52", "elapsed": 55831.42635321617, "delta": 31.031561136245728}, "costs": {"total_cost": 1542.0841831702785, "time_cost": 150, "final_distance_cost": 5.685663160012154, "oscillation_cost": 58.14950255850731, "completition_cost": 1000.0, "overshoot_cost": 163.2662494942317, "power_cost": 26.642678417968753, "noise_cost": 138.34008953955868, "n_waypoints_completed": 0, "tot_waypoints": 9}}
{"target": -1560.165541312987, "params": {"k_pid_pos": [1.9470350742340088, 0.9794307947158813, 0.008356869220733643], "k_pid_alt": [1.9403371810913086, 0.9906336069107056, 0.005035877227783203], "k_pid_att": [100.0, 1.0302001237869263, 0.9871436357498169], "k_pid_yaw": [0.5, 1e-06, 0.1], "k_pid_hsp": [10.0, 0.9195985794067383, 0.03288066387176514], "k_pid_vsp": [0.0, 7.216335296630859, 8.034087181091309]}, "datetime": {"datetime": "2025-08-12 07:56:23", "elapsed": 55862.78682231903, "delta": 31.360469102859497}, "costs": {"total_cost": 1560.165541312987, "time_cost": 150, "final_distance_cost": 14.038181733290783, "oscillation_cost": 63.814326390593195, "completition_cost": 1000.0, "overshoot_cost": 166.24164706721456, "power_cost": 19.84295905761719, "noise_cost": 146.22842706427093, "n_waypoints_completed": 0, "tot_waypoints": 9}}
{"target": -1437.4594142375176, "params": {"k_pid_pos": [1.963176965713501, 0.9712647795677185, 0.014868944883346558], "k_pid_alt": [1.8118715286254883, 0.9936317205429077, 0.015441209077835083], "k_pid_att": [100.0, 0.19219371676445007, 0.9653440713882446], "k_pid_yaw": [0.5, 1e-06, 0.1], "k_pid_hsp": [0.9666470289230347, 0.9871474504470825, 0.05471205711364746], "k_pid_vsp": [399.9994812011719, 10.779942512512207, 400.0]}, "datetime": {"datetime": "2025-08-12 07:56:55", "elapsed": 55894.99863862991, "delta": 32.21181631088257}, "costs": {"total_cost": 1437.4594142375176, "time_cost": 150, "final_distance_cost": 30.17664068615445, "oscillation_cost": 69.74273149012436, "completition_cost": 1000.0, "overshoot_cost": 117.3024721328634, "power_cost": 35.32976475830078, "noise_cost": 34.9078051700746, "n_waypoints_completed": 0, "tot_waypoints": 9}}
{"target": -1156.5894872851109, "params": {"k_pid_pos": [1.9688056707382202, 0.9822304248809814, 0.03076225519180298], "k_pid_alt": [1.7959330081939697, 0.9975177049636841, 0.047182291746139526], "k_pid_att": [100.0, 0.711944580078125, 0.9407476782798767], "k_pid_yaw": [0.5, 1e-06, 0.1], "k_pid_hsp": [10.0, 0.965399980545044, 0.08093643188476562], "k_pid_vsp": [400.0, 3.8220295906066895, 335.7471008300781]}, "datetime": {"datetime": "2025-08-12 07:57:26", "elapsed": 55926.03405761719, "delta": 31.03541898727417}, "costs": {"total_cost": 1156.5894872851109, "time_cost": 150, "final_distance_cost": 54.034963948819374, "oscillation_cost": 145.58273511676632, "completition_cost": 666.6666666666667, "overshoot_cost": 70.47602537324285, "power_cost": 36.41237662353516, "noise_cost": 33.41671955608032, "n_waypoints_completed": 3, "tot_waypoints": 9}}
{"target": -1380.3849964476894, "params": {"k_pid_pos": [1.9973827600479126, 0.9698134660720825, 0.01830887794494629], "k_pid_alt": [1.8433756828308105, 0.9867172241210938, 0.04040437936782837], "k_pid_att": [100.0, 0.43049633502960205, 0.9659649133682251], "k_pid_yaw": [0.5, 1e-06, 0.1], "k_pid_hsp": [10.0, 0.9308862686157227, 0.057778626680374146], "k_pid_vsp": [399.99981689453125, 7.534433364868164, 0.7088313698768616]}, "datetime": {"datetime": "2025-08-12 07:57:59", "elapsed": 55958.384003162384, "delta": 32.34994554519653}, "costs": {"total_cost": 1380.3849964476894, "time_cost": 150, "final_distance_cost": 45.535982469447276, "oscillation_cost": 88.61918495169469, "completition_cost": 1000.0, "overshoot_cost": 31.27582017575293, "power_cost": 31.027354797363284, "noise_cost": 33.92665405343133, "n_waypoints_completed": 0, "tot_waypoints": 9}}
{"target": -1523.667791765917, "params": {"k_pid_pos": [1.9511438608169556, 0.9805217981338501, 0.07829052209854126], "k_pid_alt": [1.8132507801055908, 0.9819457530975342, 0.006416231393814087], "k_pid_att": [100.0, 0.0319264754652977, 0.9453050494194031], "k_pid_yaw": [0.5, 1e-06, 0.1], "k_pid_hsp": [10.0, 0.9917054176330566, 0.0028113126754760742], "k_pid_vsp": [400.0, 6.873227119445801, 396.9166564941406]}, "datetime": {"datetime": "2025-08-12 07:58:30", "elapsed": 55989.521543979645, "delta": 31.137540817260742}, "costs": {"total_cost": 1523.667791765917, "time_cost": 150, "final_distance_cost": 10.648484037000769, "oscillation_cost": 53.31316473210012, "completition_cost": 1000.0, "overshoot_cost": 163.76500620347008, "power_cost": 31.754282824707033, "noise_cost": 114.18685396863901, "n_waypoints_completed": 0, "tot_waypoints": 9}}
{"target": -360.99262168491026, "params": {"k_pid_pos": [1.9669685363769531, 0.9278971552848816, 0.14104223251342773], "k_pid_alt": [1.9948394298553467, 0.9829062819480896, 0.030248910188674927], "k_pid_att": [100.0, 0.10717032849788666, 0.9390609264373779], "k_pid_yaw": [0.5, 1e-06, 0.1], "k_pid_hsp": [10.0, 0.9779856204986572, 0.0025530755519866943], "k_pid_vsp": [379.2093811035156, 5.054319858551025, 82.43565368652344]}, "datetime": {"datetime": "2025-08-12 07:59:02", "elapsed": 56021.79590630531, "delta": 32.274362325668335}, "costs": {"total_cost": 360.99262168491026, "time_cost": 119.287, "final_distance_cost": 1.7358826340108895, "oscillation_cost": 100.77208356863709, "completition_cost": 0.0, "overshoot_cost": 75.87884089688751, "power_cost": 33.71191655273438, "noise_cost": 29.606898032640476, "n_waypoints_completed": 9, "tot_waypoints": 9}}
{"target": -1023.7027759279126, "params": {"k_pid_pos": [1.9802663326263428, 0.9831328392028809, 0.006424844264984131], "k_pid_alt": [1.986107349395752, 0.9539874792098999, 0.08545553684234619], "k_pid_att": [100.0, 0.5577217936515808, 0.979901909828186], "k_pid_yaw": [0.5, 1e-06, 0.1], "k_pid_hsp": [10.0, 0.951546311378479, 0.02224019169807434], "k_pid_vsp": [364.4226989746094, 9.434235572814941, 0.0030885206069797277]}, "datetime": {"datetime": "2025-08-12 07:59:33", "elapsed": 56052.69863271713, "delta": 30.902726411819458}, "costs": {"total_cost": 1023.7027759279126, "time_cost": 150, "final_distance_cost": 47.568544319090094, "oscillation_cost": 143.53409922714854, "completition_cost": 555.5555555555555, "overshoot_cost": 62.41371479502298, "power_cost": 30.265255725097656, "noise_cost": 34.36560630599778, "n_waypoints_completed": 4, "tot_waypoints": 9}}
