{"target": -1541.624236668303, "params": {"k_pid_pos": [1.8270684480667114, 0.9578853249549866, 0.06835073232650757], "k_pid_alt": [1.968316674232483, 0.9952454566955566, 0.005592435598373413], "k_pid_att": [100.0, 2.4696238040924072, 0.98092120885849], "k_pid_yaw": [0.5, 1e-06, 0.1], "k_pid_hsp": [9.999993324279785, 0.9570111036300659, 0.02682432532310486], "k_pid_vsp": [0.0036001205444335938, 2.826000213623047, 397.6896667480469]}, "datetime": {"datetime": "2025-08-12 05:47:26", "elapsed": 48125.739639520645, "delta": 31.490424633026123}, "costs": {"total_cost": 1541.624236668303, "time_cost": 150, "final_distance_cost": 8.561616105938144, "oscillation_cost": 61.26486113070151, "completition_cost": 1000.0, "overshoot_cost": 164.01740889444528, "power_cost": 24.741869958496096, "noise_cost": 133.03848057872182, "n_waypoints_completed": 0, "tot_waypoints": 9}}
{"target": -544.0163662659436, "params": {"k_pid_pos": [1.9818310737609863, 0.9930863380432129, 0.0026224851608276367], "k_pid_alt": [1.9948201179504395, 0.9547783136367798, 0.026674926280975342], "k_pid_att": [100.0, 0.12004391103982925, 0.9655271768569946], "k_pid_yaw": [0.5, 1e-06, 0.1], "k_pid_hsp": [10.0, 0.9657909274101257, 0.005759924650192261], "k_pid_vsp": [400.0, 5.275310039520264, 19.457319259643555]}, "datetime": {"datetime": "2025-08-12 05:47:59", "elapsed": 48158.537105083466, "delta": 32.797465562820435}, "costs": {"total_cost": 544.0163662659436, "time_cost": 150, "final_distance_cost": 63.99815662713504, "oscillation_cost": 91.43972506927625, "completition_cost": 111.11111111111116, "overshoot_cost": 62.16384371593501, "power_cost": 33.55777193603516, "noise_cost": 31.745757806451063, "n_waypoints_completed": 8, "tot_waypoints": 9}}
{"target": -1549.3874554558479, "params": {"k_pid_pos": [1.855130672454834, 0.964984655380249, 0.04748314619064331], "k_pid_alt": [1.973598599433899, 0.7462389469146729, 0.011847823858261108], "k_pid_att": [100.0, 0.43575552105903625, 0.9804165959358215], "k_pid_yaw": [0.5, 1e-06, 0.1], "k_pid_hsp": [10.0, 0.9927812814712524, 0.03224131464958191], "k_pid_vsp": [0.00011920928955078125, 6.053162574768066, 14.328695297241211]}, "datetime": {"datetime": "2025-08-12 05:48:32", "elapsed": 48191.590864896774, "delta": 33.053759813308716}, "costs": {"total_cost": 1549.3874554558479, "time_cost": 150, "final_distance_cost": 7.513176770003497, "oscillation_cost": 62.64356328919745, "completition_cost": 1000.0, "overshoot_cost": 165.2896101713608, "power_cost": 20.44106572265625, "noise_cost": 143.50003950262987, "n_waypoints_completed": 0, "tot_waypoints": 9}}
{"target": -1535.202770360426, "params": {"k_pid_pos": [1.5087165832519531, 0.9632666110992432, 0.07105666399002075], "k_pid_alt": [1.7840603590011597, 0.9599089622497559, 0.04813104867935181], "k_pid_att": [99.99999237060547, 0.38806334137916565, 0.9677615761756897], "k_pid_yaw": [0.5, 1e-06, 0.1], "k_pid_hsp": [10.0, 0.9732741117477417, 0.002073913812637329], "k_pid_vsp": [3.5762786865234375e-05, 6.5417656898498535, 2.4841858248692006e-05]}, "datetime": {"datetime": "2025-08-12 05:49:04", "elapsed": 48223.71783661842, "delta": 32.12697172164917}, "costs": {"total_cost": 1535.202770360426, "time_cost": 150, "final_distance_cost": 13.109359781132955, "oscillation_cost": 43.57169598126178, "completition_cost": 1000.0, "overshoot_cost": 165.73360768895313, "power_cost": 16.984969958496094, "noise_cost": 145.80313695058197, "n_waypoints_completed": 0, "tot_waypoints": 9}}
{"target": -1559.3246311739017, "params": {"k_pid_pos": [1.961369514465332, 0.9932219386100769, 0.032700031995773315], "k_pid_alt": [1.8940149545669556, 0.9080169796943665, 0.0136050283908844], "k_pid_att": [100.0, 0.3170299232006073, 0.9886225461959839], "k_pid_yaw": [0.5, 1e-06, 0.1], "k_pid_hsp": [10.0, 0.9791997671127319, 0.04160785675048828], "k_pid_vsp": [2.384185791015625e-05, 5.2462944984436035, 9.999999974752427e-07]}, "datetime": {"datetime": "2025-08-12 05:49:36", "elapsed": 48255.71331906319, "delta": 31.995482444763184}, "costs": {"total_cost": 1559.3246311739017, "time_cost": 150, "final_distance_cost": 11.125557603664618, "oscillation_cost": 69.30016012326143, "completition_cost": 1000.0, "overshoot_cost": 166.74379634971424, "power_cost": 18.594551745605468, "noise_cost": 143.5605653516559, "n_waypoints_completed": 0, "tot_waypoints": 9}}
{"target": -1534.7206930223774, "params": {"k_pid_pos": [1.99173903465271, 0.9938355684280396, 0.015042126178741455], "k_pid_alt": [1.9963438510894775, 0.9768170118331909, 0.03267526626586914], "k_pid_att": [100.0, 0.08097464591264725, 0.9552357196807861], "k_pid_yaw": [0.5, 1e-06, 0.1], "k_pid_hsp": [10.0, 0.996060311794281, 0.01579567790031433], "k_pid_vsp": [0.0, 4.824722766876221, 400.0]}, "datetime": {"datetime": "2025-08-12 05:50:08", "elapsed": 48288.31429481506, "delta": 32.60097575187683}, "costs": {"total_cost": 1534.7206930223774, "time_cost": 150, "final_distance_cost": 8.869345016231534, "oscillation_cost": 53.43408834984228, "completition_cost": 1000.0, "overshoot_cost": 164.47314106023418, "power_cost": 22.924265966796877, "noise_cost": 135.01985262927235, "n_waypoints_completed": 0, "tot_waypoints": 9}}
{"target": -1385.0292552161375, "params": {"k_pid_pos": [1.9271986484527588, 0.9906209707260132, 0.034057796001434326], "k_pid_alt": [1.802280068397522, 0.9918766617774963, 0.015158534049987793], "k_pid_att": [99.87319946289062, 0.2334286868572235, 0.8705494403839111], "k_pid_yaw": [0.5, 1e-06, 0.1], "k_pid_hsp": [10.0, 0.9686976671218872, 0.05097973346710205], "k_pid_vsp": [399.9913635253906, 6.324673652648926, 29.19411849975586]}, "datetime": {"datetime": "2025-08-12 05:50:41", "elapsed": 48321.202095746994, "delta": 32.88780093193054}, "costs": {"total_cost": 1385.0292552161375, "time_cost": 150, "final_distance_cost": 45.60431730199034, "oscillation_cost": 90.56989861246126, "completition_cost": 1000.0, "overshoot_cost": 32.53158828071548, "power_cost": 35.91207790527344, "noise_cost": 30.411373115697177, "n_waypoints_completed": 0, "tot_waypoints": 9}}
{"target": -587.3378118609968, "params": {"k_pid_pos": [1.9136271476745605, 0.855972409248352, 0.02926182746887207], "k_pid_alt": [1.9601120948791504, 0.9643528461456299, 0.06929552555084229], "k_pid_att": [100.0, 0.49950680136680603, 0.9322848320007324], "k_pid_yaw": [0.5, 1e-06, 0.1], "k_pid_hsp": [0.31185775995254517, 0.9911479949951172, 0.1013113260269165], "k_pid_vsp": [96.02092742919922, 5.351484775543213, 9.999999974752427e-07]}, "datetime": {"datetime": "2025-08-12 05:51:13", "elapsed": 48353.17893695831, "delta": 31.97684121131897}, "costs": {"total_cost": 587.3378118609968, "time_cost": 150, "final_distance_cost": 78.22756967735526, "oscillation_cost": 102.38557436719887, "completition_cost": 111.11111111111116, "overshoot_cost": 78.5831968107288, "power_cost": 33.57171646728516, "noise_cost": 33.458643427317604, "n_waypoints_completed": 8, "tot_waypoints": 9}}
{"target": -1362.7838203449176, "params": {"k_pid_pos": [1.977737307548523, 0.9864619970321655, 0.003515303134918213], "k_pid_alt": [1.9850504398345947, 0.8932578563690186, 0.027610570192337036], "k_pid_att": [100.0, 0.8688907027244568, 0.9730674624443054], "k_pid_yaw": [0.5, 1e-06, 0.1], "k_pid_hsp": [10.0, 0.955142617225647, 0.11771351099014282], "k_pid_vsp": [400.0, 3.5158047676086426, 399.900146484375]}, "datetime": {"datetime": "2025-08-12 05:51:45", "elapsed": 48385.22716999054, "delta": 32.04823303222656}, "costs": {"total_cost": 1362.7838203449176, "time_cost": 150, "final_distance_cost": 63.79712706139881, "oscillation_cost": 112.57510191482362, "completition_cost": 888.8888888888888, "overshoot_cost": 77.06527863245725, "power_cost": 38.07847204589844, "noise_cost": 32.37895180145058, "n_waypoints_completed": 1, "tot_waypoints": 9}}
{"target": -934.6107711984785, "params": {"k_pid_pos": [1.961888313293457, 0.9936433434486389, 0.1792178750038147], "k_pid_alt": [1.9568686485290527, 0.9881436228752136, 0.019504278898239136], "k_pid_att": [100.0, 0.3110000789165497, 0.9924169778823853], "k_pid_yaw": [0.5, 1e-06, 0.1], "k_pid_hsp": [10.0, 0.9914896488189697, 0.042497336864471436], "k_pid_vsp": [287.5919494628906, 2.6749024391174316, 2.4841858248692006e-05]}, "datetime": {"datetime": "2025-08-12 05:52:17", "elapsed": 48416.89010024071, "delta": 31.662930250167847}, "costs": {"total_cost": 934.6107711984785, "time_cost": 150, "final_distance_cost": 58.273223240688516, "oscillation_cost": 150.61936155350827, "completition_cost": 444.4444444444444, "overshoot_cost": 65.90970839552962, "power_cost": 31.034156262207034, "noise_cost": 34.329877302100584, "n_waypoints_completed": 5, "tot_waypoints": 9}}
{"target": -1546.586793225369, "params": {"k_pid_pos": [1.857634425163269, 0.9442456364631653, 0.013900190591812134], "k_pid_alt": [1.9488930702209473, 0.9922890663146973, 0.011401087045669556], "k_pid_att": [100.0, 1.8539620637893677, 0.980118989944458], "k_pid_yaw": [0.5, 1e-06, 0.1], "k_pid_hsp": [10.0, 0.88885498046875, 0.03563648462295532], "k_pid_vsp": [0.09195804595947266, 1.4919171333312988, 400.0]}, "datetime": {"datetime": "2025-08-12 05:52:48", "elapsed": 48448.2950899601, "delta": 31.40498971939087}, "costs": {"total_cost": 1546.586793225369, "time_cost": 150, "final_distance_cost": 5.297028091611426, "oscillation_cost": 69.3712144174068, "completition_cost": 1000.0, "overshoot_cost": 164.1596442016399, "power_cost": 25.463479528808595, "noise_cost": 132.2954269859023, "n_waypoints_completed": 0, "tot_waypoints": 9}}
{"target": -1578.0792649042492, "params": {"k_pid_pos": [1.9847066402435303, 0.9952511191368103, 0.02356860041618347], "k_pid_alt": [1.9860506057739258, 0.9980245232582092, 0.02100062370300293], "k_pid_att": [99.9990005493164, 0.18396924436092377, 0.9480874538421631], "k_pid_yaw": [0.5, 1e-06, 0.1], "k_pid_hsp": [10.0, 0.9931281805038452, 0.052448928356170654], "k_pid_vsp": [161.7543182373047, 11.913610458374023, 399.999755859375]}, "datetime": {"datetime": "2025-08-12 05:53:19", "elapsed": 48479.027503967285, "delta": 30.73241400718689}, "costs": {"total_cost": 1578.0792649042492, "time_cost": 150, "final_distance_cost": 7.353765576568624, "oscillation_cost": 88.77602312397376, "completition_cost": 1000.0, "overshoot_cost": 166.12122961867158, "power_cost": 34.80782426757813, "noise_cost": 131.02042231745713, "n_waypoints_completed": 0, "tot_waypoints": 9}}
{"target": -1583.373353808463, "params": {"k_pid_pos": [1.9901841878890991, 0.9934679269790649, 0.07823503017425537], "k_pid_alt": [1.958712100982666, 0.9592621326446533, 0.03270876407623291], "k_pid_att": [100.0, 0.11689800769090652, 0.9431767463684082], "k_pid_yaw": [0.5, 1e-06, 0.1], "k_pid_hsp": [0.1353055238723755, 0.9947899580001831, 0.16698071360588074], "k_pid_vsp": [4.749202728271484, 3.836322784423828, 399.9962463378906]}, "datetime": {"datetime": "2025-08-12 05:53:50", "elapsed": 48510.20295858383, "delta": 31.17545461654663}, "costs": {"total_cost": 1583.373353808463, "time_cost": 150, "final_distance_cost": 22.47377367278211, "oscillation_cost": 68.6975860817723, "completition_cost": 1000.0, "overshoot_cost": 171.79390366974715, "power_cost": 29.823265844726564, "noise_cost": 140.5848245394347, "n_waypoints_completed": 0, "tot_waypoints": 9}}
{"target": -1444.5523394873933, "params": {"k_pid_pos": [1.9700511693954468, 0.909815788269043, 0.011981695890426636], "k_pid_alt": [1.9714927673339844, 0.9838696122169495, 0.04306033253669739], "k_pid_att": [100.0, 0.09923911839723587, 0.9682492613792419], "k_pid_yaw": [0.5, 1e-06, 0.1], "k_pid_hsp": [10.0, 0.9881226420402527, 0.05921202898025513], "k_pid_vsp": [366.078125, 9.28709602355957, 400.0]}, "datetime": {"datetime": "2025-08-12 05:54:22", "elapsed": 48541.87451004982, "delta": 31.67155146598816}, "costs": {"total_cost": 1444.5523394873933, "time_cost": 150, "final_distance_cost": 41.18000141172295, "oscillation_cost": 90.0465579855909, "completition_cost": 1000.0, "overshoot_cost": 94.43829845605029, "power_cost": 35.960528723144535, "noise_cost": 32.926952910884744, "n_waypoints_completed": 0, "tot_waypoints": 9}}
{"target": -1318.9027250190854, "params": {"k_pid_pos": [1.9699379205703735, 0.9684040546417236, 0.02169579267501831], "k_pid_alt": [1.985342025756836, 0.9784114360809326, 0.010219573974609375], "k_pid_att": [99.99971008300781, 0.22382380068302155, 0.9871764183044434], "k_pid_yaw": [0.5, 1e-06, 0.1], "k_pid_hsp": [9.999998092651367, 0.9951703548431396, 0.04213428497314453], "k_pid_vsp": [400.0, 4.767085075378418, 9.999999974752427e-07]}, "datetime": {"datetime": "2025-08-12 05:54:53", "elapsed": 48572.48750424385, "delta": 30.61299419403076}, "costs": {"total_cost": 1318.9027250190854, "time_cost": 150, "final_distance_cost": 65.36184392490816, "oscillation_cost": 108.88787535026742, "completition_cost": 888.8888888888888, "overshoot_cost": 41.43322169405207, "power_cost": 30.543455664062503, "noise_cost": 33.78743949690643, "n_waypoints_completed": 1, "tot_waypoints": 9}}
{"target": -1548.1688107802327, "params": {"k_pid_pos": [1.9214750528335571, 0.9903855323791504, 0.020962417125701904], "k_pid_alt": [1.9826436042785645, 0.9601146578788757, 0.03129005432128906], "k_pid_att": [100.0, 0.2071036696434021, 0.9980173707008362], "k_pid_yaw": [0.5, 1e-06, 0.1], "k_pid_hsp": [9.999999046325684, 0.9703167676925659, 0.007767438888549805], "k_pid_vsp": [1.092684268951416, 12.916208267211914, 399.99981689453125]}, "datetime": {"datetime": "2025-08-12 05:55:24", "elapsed": 48603.37350773811, "delta": 30.886003494262695}, "costs": {"total_cost": 1548.1688107802327, "time_cost": 150, "final_distance_cost": 9.85341983938684, "oscillation_cost": 52.537852188524155, "completition_cost": 1000.0, "overshoot_cost": 165.93449499116355, "power_cost": 27.855052478027346, "noise_cost": 141.98799128313098, "n_waypoints_completed": 0, "tot_waypoints": 9}}
{"target": -747.746334490958, "params": {"k_pid_pos": [1.97268545627594, 0.9927818179130554, 0.006435304880142212], "k_pid_alt": [1.627683401107788, 0.9950140714645386, 0.007308542728424072], "k_pid_att": [99.9998550415039, 0.02587815374135971, 0.9956592321395874], "k_pid_yaw": [0.5, 1e-06, 0.1], "k_pid_hsp": [9.330302238464355, 0.941342294216156, 0.010291039943695068], "k_pid_vsp": [29.012107849121094, 3.6428818702697754, 6.41151762008667]}, "datetime": {"datetime": "2025-08-12 05:55:54", "elapsed": 48634.00839781761, "delta": 30.63489007949829}, "costs": {"total_cost": 747.746334490958, "time_cost": 150, "final_distance_cost": 51.43977108256121, "oscillation_cost": 82.31829612183505, "completition_cost": 333.33333333333337, "overshoot_cost": 66.66025453104695, "power_cost": 28.76710467529297, "noise_cost": 35.22757474688845, "n_waypoints_completed": 6, "tot_waypoints": 9}}
{"target": -794.7607385012757, "params": {"k_pid_pos": [1.9284133911132812, 0.9889581203460693, 0.03224223852157593], "k_pid_alt": [1.9772307872772217, 0.991736888885498, 0.01177680492401123], "k_pid_att": [100.0, 0.13500601053237915, 0.9252253770828247], "k_pid_yaw": [0.5, 1e-06, 0.1], "k_pid_hsp": [10.0, 0.9647486209869385, 0.011887192726135254], "k_pid_vsp": [18.336856842041016, 2.1637449264526367, 9.999999974752427e-07]}, "datetime": {"datetime": "2025-08-12 05:56:26", "elapsed": 48665.54458260536, "delta": 31.536184787750244}, "costs": {"total_cost": 794.7607385012757, "time_cost": 150, "final_distance_cost": 83.74190813021423, "oscillation_cost": 103.30783281968283, "completition_cost": 333.33333333333337, "overshoot_cost": 59.52774972346433, "power_cost": 29.613287463378906, "noise_cost": 35.236627031202005, "n_waypoints_completed": 6, "tot_waypoints": 9}}
{"target": -1586.2590355994096, "params": {"k_pid_pos": [1.831591010093689, 0.9941514730453491, 0.016964226961135864], "k_pid_alt": [1.9879236221313477, 0.987795352935791, 0.020772159099578857], "k_pid_att": [100.0, 0.4169754683971405, 0.9527066946029663], "k_pid_yaw": [0.5, 1e-06, 0.1], "k_pid_hsp": [10.0, 0.9935321807861328, 0.16069576144218445], "k_pid_vsp": [0.00095367431640625, 2.2128591537475586, 398.2353210449219]}, "datetime": {"datetime": "2025-08-12 05:56:56", "elapsed": 48695.407031297684, "delta": 29.862448692321777}, "costs": {"total_cost": 1586.2590355994096, "time_cost": 150, "final_distance_cost": 13.906642940260742, "oscillation_cost": 92.29686338015705, "completition_cost": 1000.0, "overshoot_cost": 166.3902868270764, "power_cost": 27.132697607421875, "noise_cost": 136.5325448444935, "n_waypoints_completed": 0, "tot_waypoints": 9}}
{"target": -1554.6276651457645, "params": {"k_pid_pos": [1.9962244033813477, 0.9933204650878906, 0.015397131443023682], "k_pid_alt": [1.8758153915405273, 0.9936758875846863, 0.15820416808128357], "k_pid_att": [99.99998474121094, 0.12208802998065948, 0.9817113876342773], "k_pid_yaw": [0.5, 1e-06, 0.1], "k_pid_hsp": [10.0, 0.9972890615463257, 0.015016734600067139], "k_pid_vsp": [0.0, 17.72786521911621, 397.6393127441406]}, "datetime": {"datetime": "2025-08-12 05:57:26", "elapsed": 48725.96789073944, "delta": 30.560859441757202}, "costs": {"total_cost": 1554.6276651457645, "time_cost": 150, "final_distance_cost": 13.364301376737922, "oscillation_cost": 61.39325867146871, "completition_cost": 1000.0, "overshoot_cost": 165.7162767203775, "power_cost": 30.367427856445314, "noise_cost": 133.7864005207351, "n_waypoints_completed": 0, "tot_waypoints": 9}}
{"target": -804.1562594756411, "params": {"k_pid_pos": [1.929323673248291, 0.9821521043777466, 0.007632553577423096], "k_pid_alt": [1.9122509956359863, 0.944044291973114, 0.04426494240760803], "k_pid_att": [100.0, 0.08288108557462692, 0.9964064359664917], "k_pid_yaw": [0.5, 1e-06, 0.1], "k_pid_hsp": [10.0, 0.9757357239723206, 0.08954346179962158], "k_pid_vsp": [400.0, 2.0480642318725586, 7.652772426605225]}, "datetime": {"datetime": "2025-08-12 05:57:58", "elapsed": 48757.40371441841, "delta": 31.435823678970337}, "costs": {"total_cost": 804.1562594756411, "time_cost": 150, "final_distance_cost": 65.67072002553112, "oscillation_cost": 122.24378681317143, "completition_cost": 333.33333333333337, "overshoot_cost": 66.4405883257728, "power_cost": 32.819533203125005, "noise_cost": 33.64829777470746, "n_waypoints_completed": 6, "tot_waypoints": 9}}
{"target": -1559.2334801570257, "params": {"k_pid_pos": [1.9229202270507812, 0.9683759212493896, 0.015410959720611572], "k_pid_alt": [1.8216270208358765, 0.9916478395462036, 0.011206597089767456], "k_pid_att": [2.3221702575683594, 0.11639226973056793, 0.9643238186836243], "k_pid_yaw": [0.5, 1e-06, 0.1], "k_pid_hsp": [10.0, 0.9521222114562988, 0.025884300470352173], "k_pid_vsp": [0.05104541778564453, 4.100717067718506, 279.9533996582031]}, "datetime": {"datetime": "2025-08-12 05:58:30", "elapsed": 48789.55551457405, "delta": 32.15180015563965}, "costs": {"total_cost": 1559.2334801570257, "time_cost": 150, "final_distance_cost": 22.573367661738196, "oscillation_cost": 60.2771018562837, "completition_cost": 1000.0, "overshoot_cost": 171.03379531825863, "power_cost": 16.552961364746096, "noise_cost": 138.79625395599928, "n_waypoints_completed": 0, "tot_waypoints": 9}}
{"target": -844.5148270577741, "params": {"k_pid_pos": [1.987697958946228, 0.9853882789611816, 0.15617910027503967], "k_pid_alt": [1.8496372699737549, 0.9829906225204468, 0.12977486848831177], "k_pid_att": [100.0, 0.4501004219055176, 0.9819748401641846], "k_pid_yaw": [0.5, 1e-06, 0.1], "k_pid_hsp": [10.0, 0.9375565648078918, 0.035661131143569946], "k_pid_vsp": [387.7957458496094, 4.623390197753906, 9.999999974752427e-07]}, "datetime": {"datetime": "2025-08-12 05:59:02", "elapsed": 48821.89461398125, "delta": 32.339099407196045}, "costs": {"total_cost": 844.5148270577741, "time_cost": 150, "final_distance_cost": 75.37309551531469, "oscillation_cost": 160.20146658374918, "completition_cost": 333.33333333333337, "overshoot_cost": 59.27032466470842, "power_cost": 31.737593469238284, "noise_cost": 34.599013491430256, "n_waypoints_completed": 6, "tot_waypoints": 9}}
{"target": -1287.4729395156608, "params": {"k_pid_pos": [1.9588419198989868, 0.9562715291976929, 0.016415327787399292], "k_pid_alt": [1.9653050899505615, 0.9871011972427368, 0.0295526385307312], "k_pid_att": [100.0, 0.07567405700683594, 0.9543473720550537], "k_pid_yaw": [0.5, 1e-06, 0.1], "k_pid_hsp": [10.0, 0.9642078280448914, 0.0838494598865509], "k_pid_vsp": [399.9992370605469, 3.5882482528686523, 400.0]}, "datetime": {"datetime": "2025-08-12 05:59:34", "elapsed": 48854.34457397461, "delta": 32.44995999336243}, "costs": {"total_cost": 1287.4729395156608, "time_cost": 150, "final_distance_cost": 82.62183365296458, "oscillation_cost": 131.58181764962077, "completition_cost": 777.7777777777778, "overshoot_cost": 76.98187640734074, "power_cost": 36.664748156738284, "noise_cost": 31.844885871218384, "n_waypoints_completed": 2, "tot_waypoints": 9}}
{"target": -769.1016089931354, "params": {"k_pid_pos": [1.9383357763290405, 0.9955769777297974, 0.015561312437057495], "k_pid_alt": [1.9635430574417114, 0.9924523234367371, 0.015413641929626465], "k_pid_att": [100.0, 0.21159125864505768, 0.9853013753890991], "k_pid_yaw": [0.5, 1e-06, 0.1], "k_pid_hsp": [10.0, 0.9798622131347656, 0.13002628087997437], "k_pid_vsp": [399.9984130859375, 16.793752670288086, 104.9765853881836]}, "datetime": {"datetime": "2025-08-12 06:00:05", "elapsed": 48884.80157542229, "delta": 30.457001447677612}, "costs": {"total_cost": 769.1016089931354, "time_cost": 150, "final_distance_cost": 61.46650224057311, "oscillation_cost": 194.5521921019071, "completition_cost": 222.2222222222222, "overshoot_cost": 72.56333080600083, "power_cost": 36.87193289794922, "noise_cost": 31.42542872448286, "n_waypoints_completed": 7, "tot_waypoints": 9}}
