{"target": -1143.5843470410966, "params": {"k_pid_pos": [1.959485411643982, 0.7544993162155151, 0.03598412871360779], "k_pid_alt": [1.9792674779891968, 0.3320954740047455, 0.41277945041656494], "k_pid_att": [100.0, 2.8327090740203857, 0.9050486087799072], "k_pid_yaw": [0.5, 1e-06, 0.1], "k_pid_hsp": [9.999983787536621, 0.8870333433151245, 0.24561849236488342], "k_pid_vsp": [0.14840364456176758, 157.40579223632812, 9.999999974752427e-07]}, "datetime": {"datetime": "2025-08-11 18:50:15", "elapsed": 8694.565138816833, "delta": 30.222334146499634}, "costs": {"total_cost": 1143.5843470410966, "time_cost": 150, "final_distance_cost": 52.06999033920086, "oscillation_cost": 160.69045307898344, "completition_cost": 666.6666666666667, "overshoot_cost": 46.982739936312136, "power_cost": 38.22314962158203, "noise_cost": 28.95134739835152, "n_waypoints_completed": 3, "tot_waypoints": 9}}
{"target": -1174.737983477947, "params": {"k_pid_pos": [1.7638336420059204, 0.852756917476654, 0.07636255025863647], "k_pid_alt": [1.7718651294708252, 0.7568483352661133, 0.013491988182067871], "k_pid_att": [100.0, 3.874844551086426, 0.8889414668083191], "k_pid_yaw": [0.5, 1e-06, 0.1], "k_pid_hsp": [9.763127326965332, 0.8011181950569153, 0.31855684518814087], "k_pid_vsp": [399.9994201660156, 52.48308181762695, 400.0]}, "datetime": {"datetime": "2025-08-11 18:50:45", "elapsed": 8724.503833293915, "delta": 29.9386944770813}, "costs": {"total_cost": 1174.737983477947, "time_cost": 150, "final_distance_cost": 50.95977651602818, "oscillation_cost": 155.6416437805552, "completition_cost": 666.6666666666667, "overshoot_cost": 79.5416685689783, "power_cost": 38.04870601806641, "noise_cost": 33.879521927652064, "n_waypoints_completed": 3, "tot_waypoints": 9}}
{"target": -1569.6638136168272, "params": {"k_pid_pos": [1.9536563158035278, 0.9527974724769592, 0.059167444705963135], "k_pid_alt": [1.9727329015731812, 0.6410698294639587, 0.25680458545684814], "k_pid_att": [100.0, 0.6273453235626221, 0.9377142786979675], "k_pid_yaw": [0.5, 1e-06, 0.1], "k_pid_hsp": [9.993474960327148, 0.9938548803329468, 0.0317995548248291], "k_pid_vsp": [12.217307090759277, 25.23992347717285, 400.0]}, "datetime": {"datetime": "2025-08-11 18:51:17", "elapsed": 8756.568105697632, "delta": 32.06427240371704}, "costs": {"total_cost": 1569.6638136168272, "time_cost": 150, "final_distance_cost": 12.650925039361447, "oscillation_cost": 77.46022892138416, "completition_cost": 1000.0, "overshoot_cost": 165.76814698449314, "power_cost": 34.32659576416016, "noise_cost": 129.45791690742817, "n_waypoints_completed": 0, "tot_waypoints": 9}}
{"target": -897.9491213435875, "params": {"k_pid_pos": [1.6594367027282715, 0.9363165497779846, 0.879045844078064], "k_pid_alt": [1.9307639598846436, 0.6822769641876221, 0.8058654069900513], "k_pid_att": [99.65526580810547, 2.2803075313568115, 0.9782271385192871], "k_pid_yaw": [0.5, 1e-06, 0.1], "k_pid_hsp": [0.0014559919945895672, 0.8005001544952393, 0.10616502165794373], "k_pid_vsp": [366.79522705078125, 249.09786987304688, 400.0]}, "datetime": {"datetime": "2025-08-11 18:51:48", "elapsed": 8787.668209075928, "delta": 31.1001033782959}, "costs": {"total_cost": 897.9491213435875, "time_cost": 150, "final_distance_cost": 49.236850727361116, "oscillation_cost": 101.45706805426873, "completition_cost": 444.4444444444444, "overshoot_cost": 82.69467327664935, "power_cost": 37.57573913574219, "noise_cost": 32.540345705121744, "n_waypoints_completed": 5, "tot_waypoints": 9}}
{"target": -1593.1886480402875, "params": {"k_pid_pos": [1.8889566659927368, 0.974083423614502, 0.28907424211502075], "k_pid_alt": [1.9582067728042603, 0.9930838942527771, 0.599611759185791], "k_pid_att": [99.92478942871094, 3.0741336345672607, 0.9331305027008057], "k_pid_yaw": [0.5, 1e-06, 0.1], "k_pid_hsp": [9.999999046325684, 0.8169419765472412, 0.14277535676956177], "k_pid_vsp": [0.0, 241.07432556152344, 399.9708557128906]}, "datetime": {"datetime": "2025-08-11 18:52:22", "elapsed": 8822.221812963486, "delta": 34.55360388755798}, "costs": {"total_cost": 1593.1886480402875, "time_cost": 150, "final_distance_cost": 9.675621878687117, "oscillation_cost": 102.91055413841713, "completition_cost": 1000.0, "overshoot_cost": 165.4967072919513, "power_cost": 35.71516043701172, "noise_cost": 129.39060429422025, "n_waypoints_completed": 0, "tot_waypoints": 9}}
{"target": -462.69884382707016, "params": {"k_pid_pos": [1.948477029800415, 0.9314144849777222, 0.4729037880897522], "k_pid_alt": [1.9712539911270142, 0.5872713327407837, 0.5289331674575806], "k_pid_att": [100.0, 0.7990145087242126, 0.962716817855835], "k_pid_yaw": [0.5, 1e-06, 0.1], "k_pid_hsp": [9.999987602233887, 0.9663635492324829, 0.007340043783187866], "k_pid_vsp": [48.65697479248047, 45.16065216064453, 0.15823940932750702]}, "datetime": {"datetime": "2025-08-11 18:52:52", "elapsed": 8852.362721681595, "delta": 30.14090871810913}, "costs": {"total_cost": 462.69884382707016, "time_cost": 119.924, "final_distance_cost": 1.7663152831993254, "oscillation_cost": 215.7296796745336, "completition_cost": 0.0, "overshoot_cost": 60.9505158198704, "power_cost": 30.959327587890627, "noise_cost": 33.36900546157621, "n_waypoints_completed": 9, "tot_waypoints": 9}}
{"target": -1581.1629127065562, "params": {"k_pid_pos": [1.7706282138824463, 0.9858850240707397, 0.0284823477268219], "k_pid_alt": [1.8865940570831299, 0.6080501079559326, 0.36047202348709106], "k_pid_att": [100.0, 0.21971110999584198, 0.7527544498443604], "k_pid_yaw": [0.5, 1e-06, 0.1], "k_pid_hsp": [10.0, 0.743320107460022, 0.31099411845207214], "k_pid_vsp": [0.2513885498046875, 183.11181640625, 400.0]}, "datetime": {"datetime": "2025-08-11 18:53:22", "elapsed": 8882.098358869553, "delta": 29.735637187957764}, "costs": {"total_cost": 1581.1629127065562, "time_cost": 150, "final_distance_cost": 3.4443542799193447, "oscillation_cost": 102.93387065906217, "completition_cost": 1000.0, "overshoot_cost": 165.65829608338532, "power_cost": 34.641131982421875, "noise_cost": 124.48525970176753, "n_waypoints_completed": 0, "tot_waypoints": 9}}
{"target": -865.1177249649209, "params": {"k_pid_pos": [1.9172698259353638, 0.989811897277832, 0.23704391717910767], "k_pid_alt": [1.9000275135040283, 0.17387062311172485, 0.03868979215621948], "k_pid_att": [99.93811798095703, 0.5509546399116516, 0.7102998495101929], "k_pid_yaw": [0.5, 1e-06, 0.1], "k_pid_hsp": [9.999881744384766, 0.8441794514656067, 0.11012211441993713], "k_pid_vsp": [44.19585418701172, 29.948474884033203, 9.999999974752427e-07]}, "datetime": {"datetime": "2025-08-11 18:53:53", "elapsed": 8912.454382419586, "delta": 30.35602355003357}, "costs": {"total_cost": 865.1177249649209, "time_cost": 150, "final_distance_cost": 77.97429181400027, "oscillation_cost": 173.97681100694703, "completition_cost": 333.33333333333337, "overshoot_cost": 63.63665484856577, "power_cost": 34.025200341796875, "noise_cost": 32.171433620277575, "n_waypoints_completed": 6, "tot_waypoints": 9}}
{"target": -1593.245864713967, "params": {"k_pid_pos": [1.6322516202926636, 0.6398063898086548, 0.09247738122940063], "k_pid_alt": [1.517889142036438, 0.9767465591430664, 0.3188701868057251], "k_pid_att": [99.99252319335938, 4.623466491699219, 0.27982038259506226], "k_pid_yaw": [0.5, 1e-06, 0.1], "k_pid_hsp": [0.03456961736083031, 0.7574228644371033, 0.28142058849334717], "k_pid_vsp": [0.0, 94.9661636352539, 399.9972839355469]}, "datetime": {"datetime": "2025-08-11 18:54:23", "elapsed": 8942.518876552582, "delta": 30.064494132995605}, "costs": {"total_cost": 1593.245864713967, "time_cost": 150, "final_distance_cost": 14.431052127867822, "oscillation_cost": 97.64009123749511, "completition_cost": 1000.0, "overshoot_cost": 169.12036444933176, "power_cost": 34.98862493896485, "noise_cost": 127.06573196030763, "n_waypoints_completed": 0, "tot_waypoints": 9}}
{"target": -294.8491344914277, "params": {"k_pid_pos": [1.9726828336715698, 0.9345321655273438, 0.30901992321014404], "k_pid_alt": [1.8754104375839233, 0.05935677886009216, 0.0074021220207214355], "k_pid_att": [8.009454727172852, 9.342245101928711, 0.8613629341125488], "k_pid_yaw": [0.5, 1e-06, 0.1], "k_pid_hsp": [9.999199867248535, 0.9275875091552734, 0.1467718780040741], "k_pid_vsp": [388.63897705078125, 31.75454330444336, 9.999999974752427e-07]}, "datetime": {"datetime": "2025-08-11 18:54:45", "elapsed": 8965.264840602875, "delta": 22.74596405029297}, "costs": {"total_cost": 294.8491344914277, "time_cost": 89.943, "final_distance_cost": 1.7450425310231297, "oscillation_cost": 97.77682591142151, "completition_cost": 0.0, "overshoot_cost": 56.214755301061984, "power_cost": 23.444917004394533, "noise_cost": 25.724593743526572, "n_waypoints_completed": 9, "tot_waypoints": 9}}
{"target": -1577.3705698263416, "params": {"k_pid_pos": [1.820626139640808, 0.7241803407669067, 0.027650296688079834], "k_pid_alt": [1.9359314441680908, 0.39016100764274597, 0.05387338995933533], "k_pid_att": [100.0, 5.1490159034729, 0.9717089533805847], "k_pid_yaw": [0.5, 1e-06, 0.1], "k_pid_hsp": [9.999999747378752e-05, 0.9390904903411865, 0.5083221793174744], "k_pid_vsp": [0.0, 81.00304412841797, 399.99993896484375]}, "datetime": {"datetime": "2025-08-11 18:55:15", "elapsed": 8994.906482458115, "delta": 29.641641855239868}, "costs": {"total_cost": 1577.3705698263416, "time_cost": 150, "final_distance_cost": 21.726536295329048, "oscillation_cost": 76.33844512422354, "completition_cost": 1000.0, "overshoot_cost": 169.367712409, "power_cost": 33.80625130615235, "noise_cost": 126.13162469163665, "n_waypoints_completed": 0, "tot_waypoints": 9}}
{"target": -1131.6414098956466, "params": {"k_pid_pos": [1.5603471994400024, 0.9830013513565063, 0.020015358924865723], "k_pid_alt": [1.9434919357299805, 0.5863654613494873, 0.20522421598434448], "k_pid_att": [100.0, 5.684024333953857, 0.5644510388374329], "k_pid_yaw": [0.5, 1e-06, 0.1], "k_pid_hsp": [0.00895716156810522, 0.9080398082733154, 0.040359169244766235], "k_pid_vsp": [399.8697814941406, 13.251412391662598, 365.0877990722656]}, "datetime": {"datetime": "2025-08-11 18:55:44", "elapsed": 9024.349066495895, "delta": 29.44258403778076}, "costs": {"total_cost": 1131.6414098956466, "time_cost": 150, "final_distance_cost": 60.510387716220215, "oscillation_cost": 78.7340410215392, "completition_cost": 666.6666666666667, "overshoot_cost": 104.5539729762994, "power_cost": 36.665204418945315, "noise_cost": 34.51113709597604, "n_waypoints_completed": 3, "tot_waypoints": 9}}
{"target": -1607.9474717778244, "params": {"k_pid_pos": [1.9366705417633057, 0.8134317398071289, 0.4401122033596039], "k_pid_alt": [1.4531303644180298, 0.908415675163269, 0.04901525378227234], "k_pid_att": [99.99996185302734, 1.6794261932373047, 0.8965116739273071], "k_pid_yaw": [0.5, 1e-06, 0.1], "k_pid_hsp": [9.997611999511719, 0.9643508195877075, 0.11371558904647827], "k_pid_vsp": [0.0, 2.237761974334717, 27.551128387451172]}, "datetime": {"datetime": "2025-08-11 18:56:15", "elapsed": 9054.552508592606, "delta": 30.203442096710205}, "costs": {"total_cost": 1607.9474717778244, "time_cost": 150, "final_distance_cost": 131.80013772439676, "oscillation_cost": 397.84260474451327, "completition_cost": 666.6666666666667, "overshoot_cost": 179.3214723093233, "power_cost": 35.91572316894531, "noise_cost": 46.40086716397899, "n_waypoints_completed": 3, "tot_waypoints": 9}}
{"target": -1256.14920467464, "params": {"k_pid_pos": [1.9345827102661133, 0.5359123945236206, 0.4892134964466095], "k_pid_alt": [1.9862396717071533, 0.7361941933631897, 0.2784845530986786], "k_pid_att": [100.0, 8.104410171508789, 0.7196243405342102], "k_pid_yaw": [0.5, 1e-06, 0.1], "k_pid_hsp": [10.0, 0.8680044412612915, 0.4417763650417328], "k_pid_vsp": [1.1920928955078125e-05, 52.83280563354492, 81.82275390625]}, "datetime": {"datetime": "2025-08-11 18:56:45", "elapsed": 9084.64117193222, "delta": 30.088663339614868}, "costs": {"total_cost": 1256.14920467464, "time_cost": 150, "final_distance_cost": 61.1788501825133, "oscillation_cost": 446.95504792483837, "completition_cost": 444.4444444444444, "overshoot_cost": 84.24432333780696, "power_cost": 36.59412619628906, "noise_cost": 32.732412588747906, "n_waypoints_completed": 5, "tot_waypoints": 9}}
{"target": -1639.179121693444, "params": {"k_pid_pos": [1.9670319557189941, 0.9303231835365295, 0.41113096475601196], "k_pid_alt": [1.9209222793579102, 0.954745888710022, 0.12412846088409424], "k_pid_att": [0.9031683206558228, 1.9173709154129028, 0.8494160175323486], "k_pid_yaw": [0.5, 1e-06, 0.1], "k_pid_hsp": [9.999726295471191, 0.8473982810974121, 0.127069354057312], "k_pid_vsp": [395.9917907714844, 45.885528564453125, 88.89761352539062]}, "datetime": {"datetime": "2025-08-11 18:57:15", "elapsed": 9114.443572282791, "delta": 29.80240035057068}, "costs": {"total_cost": 1639.179121693444, "time_cost": 150, "final_distance_cost": 7.443048468062889, "oscillation_cost": 241.7263516165824, "completition_cost": 1000.0, "overshoot_cost": 126.17147594612766, "power_cost": 57.96853192138672, "noise_cost": 55.869713741284215, "n_waypoints_completed": 0, "tot_waypoints": 9}}
{"target": -1580.8804380924726, "params": {"k_pid_pos": [1.9734466075897217, 0.9878765344619751, 0.088621586561203], "k_pid_alt": [1.995100736618042, 0.4422627389431, 0.16322636604309082], "k_pid_att": [100.0, 0.05298697203397751, 0.7009448409080505], "k_pid_yaw": [0.5, 1e-06, 0.1], "k_pid_hsp": [0.24338465929031372, 0.9469277262687683, 0.3569544553756714], "k_pid_vsp": [0.0, 38.34638595581055, 400.0]}, "datetime": {"datetime": "2025-08-11 18:57:45", "elapsed": 9145.197892904282, "delta": 30.75432062149048}, "costs": {"total_cost": 1580.8804380924726, "time_cost": 150, "final_distance_cost": 20.40040432422709, "oscillation_cost": 75.31853376644078, "completition_cost": 1000.0, "overshoot_cost": 171.797358318364, "power_cost": 34.79780026855469, "noise_cost": 128.56634141488587, "n_waypoints_completed": 0, "tot_waypoints": 9}}
{"target": -994.4977870018735, "params": {"k_pid_pos": [1.8916667699813843, 0.7818638682365417, 0.10849118232727051], "k_pid_alt": [1.9123482704162598, 0.12945449352264404, 0.49659812450408936], "k_pid_att": [100.0, 7.420114994049072, 0.9019660949707031], "k_pid_yaw": [0.5, 1e-06, 0.1], "k_pid_hsp": [0.02743680030107498, 0.9600372910499573, 0.05933377146720886], "k_pid_vsp": [399.9996032714844, 8.653212547302246, 291.6273193359375]}, "datetime": {"datetime": "2025-08-11 18:58:16", "elapsed": 9175.473701953888, "delta": 30.275809049606323}, "costs": {"total_cost": 994.4977870018735, "time_cost": 150, "final_distance_cost": 54.75589316687413, "oscillation_cost": 83.07611566180427, "completition_cost": 555.5555555555555, "overshoot_cost": 80.94316668578912, "power_cost": 38.29862884521484, "noise_cost": 31.868427086635617, "n_waypoints_completed": 4, "tot_waypoints": 9}}
{"target": -949.7298094484836, "params": {"k_pid_pos": [1.9011547565460205, 0.7252705097198486, 0.06622812151908875], "k_pid_alt": [1.9369072914123535, 0.6954576969146729, 0.06036970019340515], "k_pid_att": [99.99737548828125, 0.4251558184623718, 0.9565748572349548], "k_pid_yaw": [0.5, 1e-06, 0.1], "k_pid_hsp": [10.0, 0.9648967981338501, 0.18045079708099365], "k_pid_vsp": [0.0014185905456542969, 115.20948791503906, 3.948439121246338]}, "datetime": {"datetime": "2025-08-11 18:58:46", "elapsed": 9205.9000248909, "delta": 30.42632293701172}, "costs": {"total_cost": 949.7298094484836, "time_cost": 150, "final_distance_cost": 44.930922385087385, "oscillation_cost": 182.41965703451132, "completition_cost": 444.4444444444444, "overshoot_cost": 60.939796042063065, "power_cost": 37.393164648437505, "noise_cost": 29.60182489393992, "n_waypoints_completed": 5, "tot_waypoints": 9}}
{"target": -1147.3557539219128, "params": {"k_pid_pos": [1.6959820985794067, 0.9446955919265747, 0.3296102285385132], "k_pid_alt": [1.8656189441680908, 0.6786384582519531, 0.35192546248435974], "k_pid_att": [99.9147720336914, 6.1545090675354, 0.9126191735267639], "k_pid_yaw": [0.5, 1e-06, 0.1], "k_pid_hsp": [9.999873161315918, 0.9243218302726746, 0.09642621874809265], "k_pid_vsp": [399.9971008300781, 33.996856689453125, 400.0]}, "datetime": {"datetime": "2025-08-11 18:59:16", "elapsed": 9235.735293865204, "delta": 29.8352689743042}, "costs": {"total_cost": 1147.3557539219128, "time_cost": 150, "final_distance_cost": 48.56779788899126, "oscillation_cost": 136.03010696196299, "completition_cost": 666.6666666666667, "overshoot_cost": 76.75777064305083, "power_cost": 36.29944426269532, "noise_cost": 33.03396749854565, "n_waypoints_completed": 3, "tot_waypoints": 9}}
{"target": -848.5232198513842, "params": {"k_pid_pos": [1.9657433032989502, 0.802039384841919, 0.30662161111831665], "k_pid_alt": [1.8633017539978027, 0.8752087950706482, 0.1516363024711609], "k_pid_att": [99.88740539550781, 0.6138265132904053, 0.591819703578949], "k_pid_yaw": [0.5, 1e-06, 0.1], "k_pid_hsp": [10.0, 0.9779555201530457, 0.022829294204711914], "k_pid_vsp": [399.6549072265625, 2.3367772102355957, 399.99957275390625]}, "datetime": {"datetime": "2025-08-11 18:59:46", "elapsed": 9266.140298843384, "delta": 30.40500497817993}, "costs": {"total_cost": 848.5232198513842, "time_cost": 150, "final_distance_cost": 61.443763837671916, "oscillation_cost": 162.4645721123948, "completition_cost": 333.33333333333337, "overshoot_cost": 71.67392022284074, "power_cost": 35.06526005859375, "noise_cost": 34.54237028654965, "n_waypoints_completed": 6, "tot_waypoints": 9}}
{"target": -1578.831016981304, "params": {"k_pid_pos": [1.91848886013031, 0.44870418310165405, 0.036897242069244385], "k_pid_alt": [1.9293338060379028, 0.43181735277175903, 0.5701116323471069], "k_pid_att": [100.0, 6.826778411865234, 0.9885185956954956], "k_pid_yaw": [0.5, 1e-06, 0.1], "k_pid_hsp": [0.02417169138789177, 0.9245837926864624, 0.10334846377372742], "k_pid_vsp": [0.0, 11.901963233947754, 10.952580451965332]}, "datetime": {"datetime": "2025-08-11 19:00:16", "elapsed": 9296.172427892685, "delta": 30.032129049301147}, "costs": {"total_cost": 1578.831016981304, "time_cost": 150, "final_distance_cost": 8.892880235986453, "oscillation_cost": 72.38169232638815, "completition_cost": 1000.0, "overshoot_cost": 169.03152472232432, "power_cost": 25.72713280029297, "noise_cost": 152.79778689631212, "n_waypoints_completed": 0, "tot_waypoints": 9}}
{"target": -1720.5915356991218, "params": {"k_pid_pos": [1.8740358352661133, 0.8604239225387573, 0.1682964563369751], "k_pid_alt": [1.910841703414917, 0.9641544818878174, 0.18520879745483398], "k_pid_att": [1.8818110227584839, 7.0010271072387695, 0.6914965510368347], "k_pid_yaw": [0.5, 1e-06, 0.1], "k_pid_hsp": [10.0, 0.9094737768173218, 0.029871493577957153], "k_pid_vsp": [0.0937342643737793, 4.470170497894287, 386.4881896972656]}, "datetime": {"datetime": "2025-08-11 19:00:46", "elapsed": 9326.23506784439, "delta": 30.062639951705933}, "costs": {"total_cost": 1720.5915356991218, "time_cost": 150, "final_distance_cost": 10.969121511059958, "oscillation_cost": 227.194553498711, "completition_cost": 1000.0, "overshoot_cost": 165.2471209217822, "power_cost": 18.379668774414064, "noise_cost": 148.8010709931545, "n_waypoints_completed": 0, "tot_waypoints": 9}}
{"target": -1587.032075453074, "params": {"k_pid_pos": [1.9551209211349487, 0.9813297986984253, 0.023493677377700806], "k_pid_alt": [1.935105562210083, 0.9794750809669495, 0.30910852551460266], "k_pid_att": [100.0, 0.46450313925743103, 0.8940467834472656], "k_pid_yaw": [0.5, 1e-06, 0.1], "k_pid_hsp": [10.0, 0.943514883518219, 0.21056625247001648], "k_pid_vsp": [0.0, 45.19288635253906, 397.70379638671875]}, "datetime": {"datetime": "2025-08-11 19:01:17", "elapsed": 9357.008145809174, "delta": 30.773077964782715}, "costs": {"total_cost": 1587.032075453074, "time_cost": 150, "final_distance_cost": 8.897117925097072, "oscillation_cost": 99.47460755784452, "completition_cost": 1000.0, "overshoot_cost": 165.76579105720782, "power_cost": 35.06365703125, "noise_cost": 127.8309018816745, "n_waypoints_completed": 0, "tot_waypoints": 9}}
{"target": -1561.7294667373596, "params": {"k_pid_pos": [1.7370779514312744, 0.9369248151779175, 0.09773924946784973], "k_pid_alt": [1.9036445617675781, 0.9323568344116211, 0.08434182405471802], "k_pid_att": [99.99999237060547, 1.654360294342041, 0.8233007192611694], "k_pid_yaw": [0.5, 1e-06, 0.1], "k_pid_hsp": [9.999689102172852, 0.915176272392273, 0.021592170000076294], "k_pid_vsp": [0.0, 18.216623306274414, 398.8097839355469]}, "datetime": {"datetime": "2025-08-11 19:01:47", "elapsed": 9387.26302409172, "delta": 30.254878282546997}, "costs": {"total_cost": 1561.7294667373596, "time_cost": 150, "final_distance_cost": 9.932169038845295, "oscillation_cost": 71.85015194564399, "completition_cost": 1000.0, "overshoot_cost": 164.7006509433538, "power_cost": 31.86174615478516, "noise_cost": 133.38474865473162, "n_waypoints_completed": 0, "tot_waypoints": 9}}
{"target": -1232.3927028979795, "params": {"k_pid_pos": [1.936355471611023, 0.864166259765625, 0.10305666923522949], "k_pid_alt": [1.8995563983917236, 0.8530396223068237, 0.021583139896392822], "k_pid_att": [99.70919799804688, 2.6132218837738037, 0.9365861415863037], "k_pid_yaw": [0.5, 1e-06, 0.1], "k_pid_hsp": [10.0, 0.774493932723999, 0.053134530782699585], "k_pid_vsp": [399.9999694824219, 31.404020309448242, 400.0]}, "datetime": {"datetime": "2025-08-11 19:02:17", "elapsed": 9417.113935947418, "delta": 29.850911855697632}, "costs": {"total_cost": 1232.3927028979795, "time_cost": 150, "final_distance_cost": 71.86258629134542, "oscillation_cost": 98.7221645073774, "completition_cost": 777.7777777777778, "overshoot_cost": 68.42403067906861, "power_cost": 35.01628503417969, "noise_cost": 30.58985860823058, "n_waypoints_completed": 2, "tot_waypoints": 9}}
