{"target": -1386.8971490179574, "params": {"k_pid_pos": [1.9306644201278687, 0.9978554248809814, 0.015610724687576294], "k_pid_alt": [1.97119140625, 0.9922770261764526, 0.009266793727874756], "k_pid_att": [94.09675598144531, 4.043495178222656, 0.986075222492218], "k_pid_yaw": [0.5, 1e-06, 0.1], "k_pid_hsp": [10.0, 0.9919799566268921, 0.02597486972808838], "k_pid_vsp": [398.3061218261719, 2.296365261077881, 320.53118896484375]}, "datetime": {"datetime": "2025-08-12 06:40:10", "elapsed": 51290.196860551834, "delta": 31.701462507247925}, "costs": {"total_cost": 1386.8971490179574, "time_cost": 150, "final_distance_cost": 45.9499960395264, "oscillation_cost": 72.64229716571825, "completition_cost": 1000.0, "overshoot_cost": 53.825784551365345, "power_cost": 34.314827392578124, "noise_cost": 30.16424386876927, "n_waypoints_completed": 0, "tot_waypoints": 9}}
{"target": -1391.5406981396625, "params": {"k_pid_pos": [1.7549747228622437, 0.9944213032722473, 0.03201407194137573], "k_pid_alt": [1.9939979314804077, 0.9687272310256958, 0.009039968252182007], "k_pid_att": [99.99996185302734, 0.4104038178920746, 0.9990986585617065], "k_pid_yaw": [0.5, 1e-06, 0.1], "k_pid_hsp": [10.0, 0.9325255155563354, 0.033206284046173096], "k_pid_vsp": [399.9992370605469, 0.6309877038002014, 327.4820556640625]}, "datetime": {"datetime": "2025-08-12 06:40:40", "elapsed": 51319.96868634224, "delta": 29.771825790405273}, "costs": {"total_cost": 1391.5406981396625, "time_cost": 150, "final_distance_cost": 45.72969702034142, "oscillation_cost": 80.48776814502811, "completition_cost": 1000.0, "overshoot_cost": 49.50716748626164, "power_cost": 35.24878917236328, "noise_cost": 30.567276315668074, "n_waypoints_completed": 0, "tot_waypoints": 9}}
{"target": -1322.5271218017606, "params": {"k_pid_pos": [1.9319545030593872, 0.9297685623168945, 0.008379191160202026], "k_pid_alt": [1.9775216579437256, 0.8778645992279053, 0.008447200059890747], "k_pid_att": [99.99944305419922, 2.6642215251922607, 0.9264985918998718], "k_pid_yaw": [0.5, 1e-06, 0.1], "k_pid_hsp": [10.0, 0.9888138771057129, 0.05286473035812378], "k_pid_vsp": [382.2278137207031, 11.958456993103027, 213.09378051757812]}, "datetime": {"datetime": "2025-08-12 06:41:14", "elapsed": 51353.84492301941, "delta": 33.8762366771698}, "costs": {"total_cost": 1322.5271218017606, "time_cost": 150, "final_distance_cost": 70.85258617985622, "oscillation_cost": 100.28381701132376, "completition_cost": 888.8888888888888, "overshoot_cost": 46.7322749416899, "power_cost": 35.59728243408203, "noise_cost": 30.172272345919975, "n_waypoints_completed": 1, "tot_waypoints": 9}}
{"target": -867.5185493542604, "params": {"k_pid_pos": [1.965319037437439, 0.9823364019393921, 0.013082385063171387], "k_pid_alt": [1.9953525066375732, 0.9713020324707031, 0.003105074167251587], "k_pid_att": [100.0, 0.25971466302871704, 0.9927898645401001], "k_pid_yaw": [0.5, 1e-06, 0.1], "k_pid_hsp": [10.0, 0.9881120920181274, 0.014392703771591187], "k_pid_vsp": [400.0, 13.15783405303955, 0.000632809242233634]}, "datetime": {"datetime": "2025-08-12 06:41:45", "elapsed": 51384.61861371994, "delta": 30.773690700531006}, "costs": {"total_cost": 867.5185493542604, "time_cost": 150, "final_distance_cost": 76.05247640010637, "oscillation_cost": 178.63033521806472, "completition_cost": 333.33333333333337, "overshoot_cost": 64.34632559383537, "power_cost": 31.10493337402344, "noise_cost": 34.051145434897165, "n_waypoints_completed": 6, "tot_waypoints": 9}}
{"target": -780.2518009414932, "params": {"k_pid_pos": [1.9308093786239624, 0.9873026609420776, 0.006800472736358643], "k_pid_alt": [1.8838517665863037, 0.9756154417991638, 0.04485273361206055], "k_pid_att": [99.99703979492188, 1.122359037399292, 0.9702969193458557], "k_pid_yaw": [0.5, 1e-06, 0.1], "k_pid_hsp": [10.0, 0.9795541167259216, 0.016127407550811768], "k_pid_vsp": [93.42081451416016, 17.461170196533203, 8.96363353729248]}, "datetime": {"datetime": "2025-08-12 06:42:16", "elapsed": 51416.04523849487, "delta": 31.42662477493286}, "costs": {"total_cost": 780.2518009414932, "time_cost": 150, "final_distance_cost": 74.86693462373691, "oscillation_cost": 92.92861602998559, "completition_cost": 333.33333333333337, "overshoot_cost": 64.46852852280722, "power_cost": 29.985841516113283, "noise_cost": 34.668546915516906, "n_waypoints_completed": 6, "tot_waypoints": 9}}
{"target": -1543.6562502306388, "params": {"k_pid_pos": [1.9373209476470947, 0.9822083711624146, 0.006027162075042725], "k_pid_alt": [1.9949703216552734, 0.9392150640487671, 0.06955528259277344], "k_pid_att": [100.0, 0.6870691776275635, 0.9777082800865173], "k_pid_yaw": [0.5, 1e-06, 0.1], "k_pid_hsp": [10.0, 0.9879468679428101, 0.020298004150390625], "k_pid_vsp": [15.431011199951172, 40.28998565673828, 301.7956237792969]}, "datetime": {"datetime": "2025-08-12 06:42:48", "elapsed": 51447.89812541008, "delta": 31.85288691520691}, "costs": {"total_cost": 1543.6562502306388, "time_cost": 150, "final_distance_cost": 12.587687476151725, "oscillation_cost": 63.03587148818353, "completition_cost": 1000.0, "overshoot_cost": 165.20694964470763, "power_cost": 33.40156774902344, "noise_cost": 119.42417387257248, "n_waypoints_completed": 0, "tot_waypoints": 9}}
{"target": -792.3618899447074, "params": {"k_pid_pos": [1.96719229221344, 0.9648281931877136, 0.0037021636962890625], "k_pid_alt": [1.9946801662445068, 0.9911157488822937, 0.025752931833267212], "k_pid_att": [100.0, 0.20671772956848145, 0.997130811214447], "k_pid_yaw": [0.5, 1e-06, 0.1], "k_pid_hsp": [10.0, 0.9883576035499573, 0.015448987483978271], "k_pid_vsp": [13.637006759643555, 8.775545120239258, 9.999999974752427e-07]}, "datetime": {"datetime": "2025-08-12 06:43:20", "elapsed": 51479.39997148514, "delta": 31.501846075057983}, "costs": {"total_cost": 792.3618899447074, "time_cost": 150, "final_distance_cost": 79.20328222970701, "oscillation_cost": 103.02503503184408, "completition_cost": 333.33333333333337, "overshoot_cost": 61.65910090849364, "power_cost": 29.903910864257814, "noise_cost": 35.23722757707149, "n_waypoints_completed": 6, "tot_waypoints": 9}}
{"target": -1495.6829656298075, "params": {"k_pid_pos": [1.7446787357330322, 0.9900745749473572, 0.020043283700942993], "k_pid_alt": [1.8649966716766357, 0.6712365746498108, 0.005420327186584473], "k_pid_att": [100.0, 0.16652880609035492, 0.9678851366043091], "k_pid_yaw": [0.5, 1e-06, 0.1], "k_pid_hsp": [10.0, 0.9806786775588989, 0.016023606061935425], "k_pid_vsp": [399.9996643066406, 4.601944446563721, 395.4526062011719]}, "datetime": {"datetime": "2025-08-12 06:43:52", "elapsed": 51511.485087394714, "delta": 32.085115909576416}, "costs": {"total_cost": 1495.6829656298075, "time_cost": 150, "final_distance_cost": 5.1225622438259535, "oscillation_cost": 63.25675513167967, "completition_cost": 1000.0, "overshoot_cost": 157.89254690224536, "power_cost": 33.228411669921876, "noise_cost": 86.18268968213465, "n_waypoints_completed": 0, "tot_waypoints": 9}}
{"target": -1576.9177117861948, "params": {"k_pid_pos": [1.8913567066192627, 0.9928075075149536, 0.016106069087982178], "k_pid_alt": [1.946347951889038, 0.9864821434020996, 0.009591758251190186], "k_pid_att": [100.0, 0.16421468555927277, 0.9766026139259338], "k_pid_yaw": [0.5, 1e-06, 0.1], "k_pid_hsp": [9.994916915893555, 0.9800146818161011, 0.05457189679145813], "k_pid_vsp": [58.07709503173828, 3.6835083961486816, 399.9656066894531]}, "datetime": {"datetime": "2025-08-12 06:44:23", "elapsed": 51542.754783153534, "delta": 31.26969575881958}, "costs": {"total_cost": 1576.9177117861948, "time_cost": 150, "final_distance_cost": 7.69916549733013, "oscillation_cost": 88.7049595276865, "completition_cost": 1000.0, "overshoot_cost": 166.10872724684253, "power_cost": 34.44269395751953, "noise_cost": 129.96216555681605, "n_waypoints_completed": 0, "tot_waypoints": 9}}
{"target": -781.4973586884387, "params": {"k_pid_pos": [1.8897948265075684, 0.9139742255210876, 0.0016317665576934814], "k_pid_alt": [1.838086485862732, 0.9313588738441467, 0.18022745847702026], "k_pid_att": [100.0, 1.0089837312698364, 0.9839027523994446], "k_pid_yaw": [0.5, 1e-06, 0.1], "k_pid_hsp": [10.0, 0.9803113341331482, 0.013891160488128662], "k_pid_vsp": [11.031365394592285, 7.661093235015869, 9.999999974752427e-07]}, "datetime": {"datetime": "2025-08-12 06:44:54", "elapsed": 51573.73753142357, "delta": 30.98274827003479}, "costs": {"total_cost": 781.4973586884387, "time_cost": 150, "final_distance_cost": 64.46545153714996, "oscillation_cost": 106.68919678819044, "completition_cost": 333.33333333333337, "overshoot_cost": 61.422150326431, "power_cost": 29.52063210449219, "noise_cost": 36.06659459884172, "n_waypoints_completed": 6, "tot_waypoints": 9}}
{"target": -841.6852581774839, "params": {"k_pid_pos": [1.963010549545288, 0.9750041961669922, 0.027152836322784424], "k_pid_alt": [1.8722234964370728, 0.9508732557296753, 0.09289994835853577], "k_pid_att": [100.0, 0.7612186670303345, 0.9731196165084839], "k_pid_yaw": [0.5, 1e-06, 0.1], "k_pid_hsp": [10.0, 0.9889786243438721, 0.01829928159713745], "k_pid_vsp": [399.99993896484375, 11.454440116882324, 8.444650302408263e-05]}, "datetime": {"datetime": "2025-08-12 06:45:25", "elapsed": 51605.14841532707, "delta": 31.410883903503418}, "costs": {"total_cost": 841.6852581774839, "time_cost": 150, "final_distance_cost": 76.67122313436161, "oscillation_cost": 151.8089637928533, "completition_cost": 333.33333333333337, "overshoot_cost": 64.75535372897573, "power_cost": 30.88652557373047, "noise_cost": 34.22985861422938, "n_waypoints_completed": 6, "tot_waypoints": 9}}
{"target": -1385.1135836721676, "params": {"k_pid_pos": [1.9430125951766968, 0.9940717220306396, 0.010575085878372192], "k_pid_alt": [1.8105056285858154, 0.9686799049377441, 0.002196967601776123], "k_pid_att": [100.0, 0.90740567445755, 0.9437998533248901], "k_pid_yaw": [0.5, 1e-06, 0.1], "k_pid_hsp": [10.0, 0.9748947620391846, 0.16739672422409058], "k_pid_vsp": [400.0, 4.585970401763916, 399.27130126953125]}, "datetime": {"datetime": "2025-08-12 06:45:55", "elapsed": 51635.16799354553, "delta": 30.019578218460083}, "costs": {"total_cost": 1385.1135836721676, "time_cost": 150, "final_distance_cost": 71.08396515752466, "oscillation_cost": 129.97251102862026, "completition_cost": 888.8888888888888, "overshoot_cost": 76.24383055326047, "power_cost": 37.36718134765625, "noise_cost": 31.5572066962171, "n_waypoints_completed": 1, "tot_waypoints": 9}}
{"target": -1546.7744367262808, "params": {"k_pid_pos": [1.9162415266036987, 0.8908998370170593, 0.07997435331344604], "k_pid_alt": [1.9353530406951904, 0.9692854881286621, 0.0025443434715270996], "k_pid_att": [99.99879455566406, 0.2079428881406784, 0.9600397348403931], "k_pid_yaw": [0.5, 1e-06, 0.1], "k_pid_hsp": [9.867583274841309, 0.9979019165039062, 0.0018046796321868896], "k_pid_vsp": [0.0, 18.473400115966797, 400.0]}, "datetime": {"datetime": "2025-08-12 06:46:26", "elapsed": 51665.41881728172, "delta": 30.250823736190796}, "costs": {"total_cost": 1546.7744367262808, "time_cost": 150, "final_distance_cost": 10.390458433387266, "oscillation_cost": 51.72805824333357, "completition_cost": 1000.0, "overshoot_cost": 165.1469992116352, "power_cost": 28.69306315917969, "noise_cost": 140.81585767874515, "n_waypoints_completed": 0, "tot_waypoints": 9}}
{"target": -1316.192495602963, "params": {"k_pid_pos": [1.7881590127944946, 0.994010329246521, 0.01951533555984497], "k_pid_alt": [1.9907317161560059, 0.9834262728691101, 0.04770967364311218], "k_pid_att": [100.0, 3.5656163692474365, 0.9770523905754089], "k_pid_yaw": [0.5, 1e-06, 0.1], "k_pid_hsp": [10.0, 0.995417058467865, 0.0375920832157135], "k_pid_vsp": [399.70916748046875, 4.082418441772461, 0.22116999328136444]}, "datetime": {"datetime": "2025-08-12 06:46:57", "elapsed": 51696.844499349594, "delta": 31.425682067871094}, "costs": {"total_cost": 1316.192495602963, "time_cost": 150, "final_distance_cost": 62.139040713265445, "oscillation_cost": 109.21784852940455, "completition_cost": 888.8888888888888, "overshoot_cost": 41.48265431146114, "power_cost": 30.594999243164064, "noise_cost": 33.86906391677905, "n_waypoints_completed": 1, "tot_waypoints": 9}}
{"target": -1429.9741906532558, "params": {"k_pid_pos": [1.9387640953063965, 0.9986221790313721, 0.03259599208831787], "k_pid_alt": [1.9904539585113525, 0.9743744134902954, 0.009237229824066162], "k_pid_att": [100.0, 0.3215350806713104, 0.9853913187980652], "k_pid_yaw": [0.5, 1e-06, 0.1], "k_pid_hsp": [10.0, 0.9532608985900879, 0.03020697832107544], "k_pid_vsp": [399.9996643066406, 5.498863220214844, 399.9789733886719]}, "datetime": {"datetime": "2025-08-12 06:47:29", "elapsed": 51728.58720588684, "delta": 31.742706537246704}, "costs": {"total_cost": 1429.9741906532558, "time_cost": 150, "final_distance_cost": 33.37959837391594, "oscillation_cost": 74.86526503328054, "completition_cost": 1000.0, "overshoot_cost": 105.10042444549141, "power_cost": 35.24471866455078, "noise_cost": 31.38418413601694, "n_waypoints_completed": 0, "tot_waypoints": 9}}
{"target": -825.9189893773943, "params": {"k_pid_pos": [1.8656210899353027, 0.9817741513252258, 0.041430503129959106], "k_pid_alt": [1.4956283569335938, 0.9193203449249268, 0.016514122486114502], "k_pid_att": [100.0, 0.13335199654102325, 0.9902815818786621], "k_pid_yaw": [0.5, 1e-06, 0.1], "k_pid_hsp": [10.0, 0.9618314504623413, 0.013034582138061523], "k_pid_vsp": [385.2434997558594, 4.427994251251221, 0.0009427533950656652]}, "datetime": {"datetime": "2025-08-12 06:48:01", "elapsed": 51760.69530057907, "delta": 32.108094692230225}, "costs": {"total_cost": 825.9189893773943, "time_cost": 150, "final_distance_cost": 63.09352368695094, "oscillation_cost": 149.42068748231415, "completition_cost": 333.33333333333337, "overshoot_cost": 65.31277363943859, "power_cost": 30.44654891357422, "noise_cost": 34.31212232178302, "n_waypoints_completed": 6, "tot_waypoints": 9}}
{"target": -1328.9700626881288, "params": {"k_pid_pos": [1.9519877433776855, 0.9813282489776611, 0.010390013456344604], "k_pid_alt": [1.9831242561340332, 0.9017199277877808, 0.06164023280143738], "k_pid_att": [100.0, 0.029623672366142273, 0.9778216481208801], "k_pid_yaw": [0.5, 1e-06, 0.1], "k_pid_hsp": [10.0, 0.9905756711959839, 0.05015954375267029], "k_pid_vsp": [400.0, 7.022024154663086, 0.0008116231765598059]}, "datetime": {"datetime": "2025-08-12 06:48:33", "elapsed": 51792.49639868736, "delta": 31.801098108291626}, "costs": {"total_cost": 1328.9700626881288, "time_cost": 150, "final_distance_cost": 71.12600095100659, "oscillation_cost": 113.86034375129294, "completition_cost": 888.8888888888888, "overshoot_cost": 40.60816738706248, "power_cost": 30.71101737060547, "noise_cost": 33.77564433927249, "n_waypoints_completed": 1, "tot_waypoints": 9}}
{"target": -1538.2600549438707, "params": {"k_pid_pos": [1.6696704626083374, 0.9925174713134766, 0.194850355386734], "k_pid_alt": [1.98272705078125, 0.9221295714378357, 0.023535579442977905], "k_pid_att": [100.0, 0.170518696308136, 0.9421074390411377], "k_pid_yaw": [0.5, 1e-06, 0.1], "k_pid_hsp": [10.0, 0.9828008413314819, 0.009847968816757202], "k_pid_vsp": [10.476434707641602, 1.2177715301513672, 35.765602111816406]}, "datetime": {"datetime": "2025-08-12 06:49:04", "elapsed": 51824.27554297447, "delta": 31.779144287109375}, "costs": {"total_cost": 1538.2600549438707, "time_cost": 150, "final_distance_cost": 9.457857840133293, "oscillation_cost": 56.862828294884714, "completition_cost": 1000.0, "overshoot_cost": 164.61251624387785, "power_cost": 30.717802062988284, "noise_cost": 126.60905050198681, "n_waypoints_completed": 0, "tot_waypoints": 9}}
{"target": -808.1381685550632, "params": {"k_pid_pos": [1.8385429382324219, 0.972752571105957, 0.03100910782814026], "k_pid_alt": [1.983964204788208, 0.9881800413131714, 0.009076327085494995], "k_pid_att": [100.0, 0.5373011827468872, 0.8072318434715271], "k_pid_yaw": [0.5, 1e-06, 0.1], "k_pid_hsp": [10.0, 0.9958961009979248, 0.01349407434463501], "k_pid_vsp": [145.3639678955078, 15.53700065612793, 3.242136001586914]}, "datetime": {"datetime": "2025-08-12 06:49:35", "elapsed": 51854.877846717834, "delta": 30.602303743362427}, "costs": {"total_cost": 808.1381685550632, "time_cost": 150, "final_distance_cost": 76.04968986296792, "oscillation_cost": 120.13328872432903, "completition_cost": 333.33333333333337, "overshoot_cost": 63.9194214285772, "power_cost": 30.347178930664064, "noise_cost": 34.355256275191664, "n_waypoints_completed": 6, "tot_waypoints": 9}}
{"target": -1533.040160235688, "params": {"k_pid_pos": [1.9837838411331177, 0.9708801507949829, 0.01830875873565674], "k_pid_alt": [1.9841108322143555, 0.973048210144043, 0.010706692934036255], "k_pid_att": [100.0, 1.8170284032821655, 0.9584268927574158], "k_pid_yaw": [0.5, 1e-06, 0.1], "k_pid_hsp": [9.99996566772461, 0.9933311939239502, 0.015323430299758911], "k_pid_vsp": [0.000286102294921875, 16.350425720214844, 0.00028710230253636837]}, "datetime": {"datetime": "2025-08-12 06:50:06", "elapsed": 51885.91220021248, "delta": 31.034353494644165}, "costs": {"total_cost": 1533.040160235688, "time_cost": 150, "final_distance_cost": 5.98861032058539, "oscillation_cost": 58.68217106032075, "completition_cost": 1000.0, "overshoot_cost": 159.1270290055958, "power_cost": 26.146099829101562, "noise_cost": 133.09625002008437, "n_waypoints_completed": 0, "tot_waypoints": 9}}
{"target": -1409.3495582469038, "params": {"k_pid_pos": [1.988538146018982, 0.9101842641830444, 0.004584640264511108], "k_pid_alt": [1.9460563659667969, 0.9838041067123413, 0.06843900680541992], "k_pid_att": [100.0, 0.5679159164428711, 0.9510204792022705], "k_pid_yaw": [0.5, 1e-06, 0.1], "k_pid_hsp": [0.48930707573890686, 0.9350229501724243, 0.01390141248703003], "k_pid_vsp": [400.0, 4.938961029052734, 9.999999974752427e-07]}, "datetime": {"datetime": "2025-08-12 06:50:37", "elapsed": 51916.730697155, "delta": 30.81849694252014}, "costs": {"total_cost": 1409.3495582469038, "time_cost": 150, "final_distance_cost": 45.98051446189601, "oscillation_cost": 102.30816090456834, "completition_cost": 1000.0, "overshoot_cost": 46.140528540459506, "power_cost": 30.10945964355469, "noise_cost": 34.81089469642552, "n_waypoints_completed": 0, "tot_waypoints": 9}}
{"target": -1530.3072088378208, "params": {"k_pid_pos": [1.9671494960784912, 0.9871136546134949, 0.04311966896057129], "k_pid_alt": [1.792982578277588, 0.9902054071426392, 0.009432107210159302], "k_pid_att": [99.99889373779297, 0.14710116386413574, 0.9820729494094849], "k_pid_yaw": [0.5, 1e-06, 0.1], "k_pid_hsp": [6.655209064483643, 0.9190603494644165, 0.009960472583770752], "k_pid_vsp": [0.620424747467041, 1.8841753005981445, 399.9886474609375]}, "datetime": {"datetime": "2025-08-12 06:51:11", "elapsed": 51950.61260843277, "delta": 33.881911277770996}, "costs": {"total_cost": 1530.3072088378208, "time_cost": 150, "final_distance_cost": 6.0352776551969125, "oscillation_cost": 52.16936819431077, "completition_cost": 1000.0, "overshoot_cost": 164.7340203026494, "power_cost": 19.581308032226563, "noise_cost": 137.78723465343708, "n_waypoints_completed": 0, "tot_waypoints": 9}}
{"target": -855.1891512304343, "params": {"k_pid_pos": [1.918267846107483, 0.9818865060806274, 0.007892757654190063], "k_pid_alt": [1.9977834224700928, 0.9423502683639526, 0.02839142084121704], "k_pid_att": [13.846177101135254, 1.6998941898345947, 0.9821458458900452], "k_pid_yaw": [0.5, 1e-06, 0.1], "k_pid_hsp": [10.0, 0.9889249205589294, 0.008341580629348755], "k_pid_vsp": [399.9743957519531, 31.6394100189209, 205.3147735595703]}, "datetime": {"datetime": "2025-08-12 06:51:42", "elapsed": 51981.88200259209, "delta": 31.269394159317017}, "costs": {"total_cost": 855.1891512304343, "time_cost": 150, "final_distance_cost": 58.1124057430142, "oscillation_cost": 67.01147693667976, "completition_cost": 444.4444444444444, "overshoot_cost": 71.09756972232384, "power_cost": 32.947088232421876, "noise_cost": 31.576166151550332, "n_waypoints_completed": 5, "tot_waypoints": 9}}
{"target": -1522.3755090126197, "params": {"k_pid_pos": [1.9251028299331665, 0.9917014837265015, 0.030933350324630737], "k_pid_alt": [1.8298178911209106, 0.9688292741775513, 0.00751158595085144], "k_pid_att": [100.0, 0.052734848111867905, 0.9654816389083862], "k_pid_yaw": [0.5, 1e-06, 0.1], "k_pid_hsp": [10.0, 0.9921615123748779, 0.014486044645309448], "k_pid_vsp": [1.1213898658752441, 30.363061904907227, 399.99432373046875]}, "datetime": {"datetime": "2025-08-12 06:52:14", "elapsed": 52013.524811029434, "delta": 31.642808437347412}, "costs": {"total_cost": 1522.3755090126197, "time_cost": 150, "final_distance_cost": 2.416107187793441, "oscillation_cost": 54.697285008083426, "completition_cost": 1000.0, "overshoot_cost": 164.94865041606315, "power_cost": 31.377667895507813, "noise_cost": 118.93579850517177, "n_waypoints_completed": 0, "tot_waypoints": 9}}
{"target": -1527.9051479927305, "params": {"k_pid_pos": [1.9617424011230469, 0.9570180177688599, 0.05979534983634949], "k_pid_alt": [1.9113669395446777, 0.8642978072166443, 0.008033990859985352], "k_pid_att": [100.0, 0.13271543383598328, 0.9949404001235962], "k_pid_yaw": [0.5, 1e-06, 0.1], "k_pid_hsp": [10.0, 0.9837871789932251, 0.013181895017623901], "k_pid_vsp": [11.250925064086914, 4.906035423278809, 399.99920654296875]}, "datetime": {"datetime": "2025-08-12 06:52:45", "elapsed": 52044.556859493256, "delta": 31.03204846382141}, "costs": {"total_cost": 1527.9051479927305, "time_cost": 150, "final_distance_cost": 5.3341145127941445, "oscillation_cost": 53.99846424021834, "completition_cost": 1000.0, "overshoot_cost": 164.83128906962037, "power_cost": 30.906004748535157, "noise_cost": 122.83527542156223, "n_waypoints_completed": 0, "tot_waypoints": 9}}
