{"target": -1114.5754678742783, "params": {"k_pid_pos": [1.615807056427002, 0.9460694193840027, 0.012568354606628418], "k_pid_alt": [1.950106143951416, 0.9853824377059937, 0.06102433800697327], "k_pid_att": [100.0, 0.3014559745788574, 0.9845300912857056], "k_pid_yaw": [0.5, 1e-06, 0.1], "k_pid_hsp": [10.0, 0.960452675819397, 0.013132870197296143], "k_pid_vsp": [0.047850608825683594, 33.532188415527344, 0.12226204574108124]}, "datetime": {"datetime": "2025-08-12 03:36:15", "elapsed": 40255.01638865471, "delta": 32.00736117362976}, "costs": {"total_cost": 1114.5754678742783, "time_cost": 150, "final_distance_cost": 53.517319110569, "oscillation_cost": 122.93322331576223, "completition_cost": 666.6666666666667, "overshoot_cost": 55.08901921046936, "power_cost": 31.768761145019532, "noise_cost": 34.60047842579136, "n_waypoints_completed": 3, "tot_waypoints": 9}}
{"target": -1557.4441976572577, "params": {"k_pid_pos": [1.7585188150405884, 0.9790396094322205, 0.06207549571990967], "k_pid_alt": [1.9829634428024292, 0.9626189470291138, 0.314724862575531], "k_pid_att": [99.82520294189453, 0.24974142014980316, 0.9086548089981079], "k_pid_yaw": [0.5, 1e-06, 0.1], "k_pid_hsp": [10.0, 0.9937976002693176, 0.06425601243972778], "k_pid_vsp": [0.0, 4.622150421142578, 0.003958748187869787]}, "datetime": {"datetime": "2025-08-12 03:36:46", "elapsed": 40286.216937065125, "delta": 31.20054841041565}, "costs": {"total_cost": 1557.4441976572577, "time_cost": 150, "final_distance_cost": 14.402412136256615, "oscillation_cost": 65.62307081583599, "completition_cost": 1000.0, "overshoot_cost": 166.6859374062942, "power_cost": 18.12695379638672, "noise_cost": 142.60582350248407, "n_waypoints_completed": 0, "tot_waypoints": 9}}
{"target": -1550.7848392377568, "params": {"k_pid_pos": [1.8143699169158936, 0.9696345329284668, 0.03462404012680054], "k_pid_alt": [1.9603383541107178, 0.9657057523727417, 0.018697589635849], "k_pid_att": [100.0, 1.017377257347107, 0.9604685306549072], "k_pid_yaw": [0.5, 1e-06, 0.1], "k_pid_hsp": [9.99930477142334, 0.989647626876831, 0.1025572121143341], "k_pid_vsp": [0.0, 1.6705880165100098, 9.999999974752427e-07]}, "datetime": {"datetime": "2025-08-12 03:37:18", "elapsed": 40318.08229780197, "delta": 31.865360736846924}, "costs": {"total_cost": 1550.7848392377568, "time_cost": 150, "final_distance_cost": 8.950027934981783, "oscillation_cost": 68.08308993187748, "completition_cost": 1000.0, "overshoot_cost": 167.06368106137572, "power_cost": 17.865202368164063, "noise_cost": 138.82283794135773, "n_waypoints_completed": 0, "tot_waypoints": 9}}
{"target": -1530.4489664863531, "params": {"k_pid_pos": [1.9823966026306152, 0.9975504875183105, 0.012625306844711304], "k_pid_alt": [1.9657034873962402, 0.9808605909347534, 0.02150195837020874], "k_pid_att": [99.9688949584961, 0.23374757170677185, 0.9989565014839172], "k_pid_yaw": [0.5, 1e-06, 0.1], "k_pid_hsp": [10.0, 0.9558037519454956, 0.0053001344203948975], "k_pid_vsp": [0.0, 6.098104476928711, 44.004154205322266]}, "datetime": {"datetime": "2025-08-12 03:37:50", "elapsed": 40349.9511885643, "delta": 31.8688907623291}, "costs": {"total_cost": 1530.4489664863531, "time_cost": 150, "final_distance_cost": 7.834337193495868, "oscillation_cost": 47.26248408726472, "completition_cost": 1000.0, "overshoot_cost": 165.40436586611577, "power_cost": 20.31809118652344, "noise_cost": 139.6296881529533, "n_waypoints_completed": 0, "tot_waypoints": 9}}
{"target": -1298.1675598805073, "params": {"k_pid_pos": [1.9594650268554688, 0.8799443244934082, 0.003473937511444092], "k_pid_alt": [1.976582646369934, 0.937593936920166, 0.008478283882141113], "k_pid_att": [15.01784896850586, 0.5337806344032288, 0.9850907325744629], "k_pid_yaw": [0.5, 1e-06, 0.1], "k_pid_hsp": [10.0, 0.9928628206253052, 0.0023044943809509277], "k_pid_vsp": [0.0, 37.45804977416992, 0.00017981392738875002]}, "datetime": {"datetime": "2025-08-12 03:38:22", "elapsed": 40381.45891261101, "delta": 31.507724046707153}, "costs": {"total_cost": 1298.1675598805073, "time_cost": 150, "final_distance_cost": 78.37220768446612, "oscillation_cost": 66.17232449874659, "completition_cost": 888.8888888888888, "overshoot_cost": 53.39649422764842, "power_cost": 29.63784089355469, "noise_cost": 31.699803687202635, "n_waypoints_completed": 1, "tot_waypoints": 9}}
{"target": -1528.6387058089924, "params": {"k_pid_pos": [1.7533128261566162, 0.9719681739807129, 0.03633102774620056], "k_pid_alt": [1.9697530269622803, 0.9778592586517334, 0.007647395133972168], "k_pid_att": [99.99996185302734, 0.11758166551589966, 0.9816150665283203], "k_pid_yaw": [0.5, 1e-06, 0.1], "k_pid_hsp": [10.0, 0.9609756469726562, 0.018492966890335083], "k_pid_vsp": [0.029397010803222656, 1.2402186393737793, 393.6299743652344]}, "datetime": {"datetime": "2025-08-12 03:38:53", "elapsed": 40412.73183941841, "delta": 31.272926807403564}, "costs": {"total_cost": 1528.6387058089924, "time_cost": 150, "final_distance_cost": 3.9354827929038136, "oscillation_cost": 56.178934413931586, "completition_cost": 1000.0, "overshoot_cost": 164.2341312554291, "power_cost": 21.02419287109375, "noise_cost": 133.26596447563435, "n_waypoints_completed": 0, "tot_waypoints": 9}}
{"target": -1374.0080116511222, "params": {"k_pid_pos": [1.9922939538955688, 0.9228492975234985, 0.01041346788406372], "k_pid_alt": [1.9019086360931396, 0.9897505044937134, 0.030223935842514038], "k_pid_att": [99.99998474121094, 2.8268802165985107, 0.9779055118560791], "k_pid_yaw": [0.5, 1e-06, 0.1], "k_pid_hsp": [10.0, 0.9783811569213867, 0.012085199356079102], "k_pid_vsp": [0.1988053321838379, 22.168054580688477, 0.10030369460582733]}, "datetime": {"datetime": "2025-08-12 03:39:25", "elapsed": 40444.42877912521, "delta": 31.696939706802368}, "costs": {"total_cost": 1374.0080116511222, "time_cost": 150, "final_distance_cost": 21.800387429847298, "oscillation_cost": 75.86579026968897, "completition_cost": 1000.0, "overshoot_cost": 61.6116899576926, "power_cost": 29.21407449951172, "noise_cost": 35.51606949438165, "n_waypoints_completed": 0, "tot_waypoints": 9}}
{"target": -1262.5307188353083, "params": {"k_pid_pos": [1.860164999961853, 0.9715981483459473, 0.03482848405838013], "k_pid_alt": [1.9638675451278687, 0.9882644414901733, 0.003489553928375244], "k_pid_att": [99.99988555908203, 2.05912709236145, 0.9736577272415161], "k_pid_yaw": [0.5, 1e-06, 0.1], "k_pid_hsp": [9.627182960510254, 0.9318793416023254, 0.017396748065948486], "k_pid_vsp": [2.320241928100586, 36.058841705322266, 9.999999974752427e-07]}, "datetime": {"datetime": "2025-08-12 03:39:56", "elapsed": 40475.49613523483, "delta": 31.06735610961914}, "costs": {"total_cost": 1262.5307188353083, "time_cost": 150, "final_distance_cost": 84.99265570114271, "oscillation_cost": 128.1974086988505, "completition_cost": 777.7777777777778, "overshoot_cost": 58.29669101253622, "power_cost": 32.46930692138672, "noise_cost": 30.796878723614316, "n_waypoints_completed": 2, "tot_waypoints": 9}}
{"target": -769.523563511947, "params": {"k_pid_pos": [1.8177666664123535, 0.9772937297821045, 0.04375040531158447], "k_pid_alt": [1.9077491760253906, 0.9894165992736816, 0.026436328887939453], "k_pid_att": [100.0, 1.007531762123108, 0.9349523782730103], "k_pid_yaw": [0.5, 1e-06, 0.1], "k_pid_hsp": [10.0, 0.9379167556762695, 0.007160753011703491], "k_pid_vsp": [399.16082763671875, 31.71108055114746, 183.906494140625]}, "datetime": {"datetime": "2025-08-12 03:40:26", "elapsed": 40506.13909482956, "delta": 30.642959594726562}, "costs": {"total_cost": 769.523563511947, "time_cost": 150, "final_distance_cost": 73.7239651952504, "oscillation_cost": 83.10433889234906, "completition_cost": 333.33333333333337, "overshoot_cost": 65.1918618653948, "power_cost": 33.53421124267578, "noise_cost": 30.635852982943504, "n_waypoints_completed": 6, "tot_waypoints": 9}}
{"target": -1414.7720536218555, "params": {"k_pid_pos": [1.938004493713379, 0.9921274781227112, 0.015973269939422607], "k_pid_alt": [1.9701533317565918, 0.9300541877746582, 0.010388284921646118], "k_pid_att": [99.99995422363281, 0.5336146354675293, 0.9591370820999146], "k_pid_yaw": [0.5, 1e-06, 0.1], "k_pid_hsp": [10.0, 0.9445078372955322, 0.01713120937347412], "k_pid_vsp": [399.9058837890625, 7.157791614532471, 359.1040954589844]}, "datetime": {"datetime": "2025-08-12 03:40:56", "elapsed": 40536.28662252426, "delta": 30.14752769470215}, "costs": {"total_cost": 1414.7720536218555, "time_cost": 150, "final_distance_cost": 24.14497921864491, "oscillation_cost": 63.634272103420386, "completition_cost": 1000.0, "overshoot_cost": 111.35593643761044, "power_cost": 35.1031221069336, "noise_cost": 30.53374375524632, "n_waypoints_completed": 0, "tot_waypoints": 9}}
{"target": -1529.0377166799913, "params": {"k_pid_pos": [1.933569312095642, 0.9450929760932922, 0.10677385330200195], "k_pid_alt": [1.974653959274292, 0.7259002923965454, 0.018782734870910645], "k_pid_att": [100.0, 0.7764630317687988, 0.9505338668823242], "k_pid_yaw": [0.5, 1e-06, 0.1], "k_pid_hsp": [10.0, 0.890507161617279, 0.01710963249206543], "k_pid_vsp": [0.002384185791015625, 3.24916934967041, 52.604366302490234]}, "datetime": {"datetime": "2025-08-12 03:41:29", "elapsed": 40568.720455646515, "delta": 32.43383312225342}, "costs": {"total_cost": 1529.0377166799913, "time_cost": 150, "final_distance_cost": 7.380232715155132, "oscillation_cost": 49.09462943828258, "completition_cost": 1000.0, "overshoot_cost": 164.1437269391837, "power_cost": 20.668029833984377, "noise_cost": 137.7510977533856, "n_waypoints_completed": 0, "tot_waypoints": 9}}
{"target": -1551.9691564913126, "params": {"k_pid_pos": [1.9150314331054688, 0.986369252204895, 0.15207499265670776], "k_pid_alt": [1.9415855407714844, 0.9927350282669067, 0.056849896907806396], "k_pid_att": [100.0, 0.17954275012016296, 0.9889578223228455], "k_pid_yaw": [0.5, 1e-06, 0.1], "k_pid_hsp": [8.454944610595703, 0.9552528262138367, 0.0325697660446167], "k_pid_vsp": [0.5316853523254395, 3.511000633239746, 9.999999974752427e-07]}, "datetime": {"datetime": "2025-08-12 03:42:00", "elapsed": 40599.61898303032, "delta": 30.89852738380432}, "costs": {"total_cost": 1551.9691564913126, "time_cost": 150, "final_distance_cost": 10.826216175045678, "oscillation_cost": 64.54280931702114, "completition_cost": 1000.0, "overshoot_cost": 165.95305987124667, "power_cost": 17.061770837402346, "noise_cost": 143.58530029059668, "n_waypoints_completed": 0, "tot_waypoints": 9}}
{"target": -734.0576806286421, "params": {"k_pid_pos": [1.995450735092163, 0.9884381294250488, 0.04056093096733093], "k_pid_alt": [1.9580469131469727, 0.9670115113258362, 0.1310356855392456], "k_pid_att": [100.0, 0.6146687269210815, 0.9740381836891174], "k_pid_yaw": [0.5, 1e-06, 0.1], "k_pid_hsp": [10.0, 0.83997642993927, 0.0169389545917511], "k_pid_vsp": [399.997802734375, 3.761995792388916, 0.12651781737804413]}, "datetime": {"datetime": "2025-08-12 03:42:32", "elapsed": 40631.797709941864, "delta": 32.1787269115448}, "costs": {"total_cost": 734.0576806286421, "time_cost": 150, "final_distance_cost": 70.98272487407645, "oscillation_cost": 158.4726088418945, "completition_cost": 222.2222222222222, "overshoot_cost": 68.01291139720432, "power_cost": 30.29456286621094, "noise_cost": 34.072650427033594, "n_waypoints_completed": 7, "tot_waypoints": 9}}
{"target": -1310.3765941194615, "params": {"k_pid_pos": [1.841902494430542, 0.9817237854003906, 0.008552700281143188], "k_pid_alt": [1.9766409397125244, 0.9871143102645874, 0.05763036012649536], "k_pid_att": [100.0, 2.186244010925293, 0.9893059730529785], "k_pid_yaw": [0.5, 1e-06, 0.1], "k_pid_hsp": [7.254151344299316, 0.9750882983207703, 0.051639288663864136], "k_pid_vsp": [399.247802734375, 85.79635620117188, 6.032980442047119]}, "datetime": {"datetime": "2025-08-12 03:43:05", "elapsed": 40664.8215072155, "delta": 33.023797273635864}, "costs": {"total_cost": 1310.3765941194615, "time_cost": 150, "final_distance_cost": 72.8807807662703, "oscillation_cost": 93.18206718850469, "completition_cost": 888.8888888888888, "overshoot_cost": 40.64244791521149, "power_cost": 30.754955151367188, "noise_cost": 34.02745420921898, "n_waypoints_completed": 1, "tot_waypoints": 9}}
{"target": -1416.5295099919394, "params": {"k_pid_pos": [1.8051954507827759, 0.9878906011581421, 0.04692116379737854], "k_pid_alt": [1.9836759567260742, 0.897894024848938, 0.024796217679977417], "k_pid_att": [100.0, 0.6160679459571838, 0.9877676963806152], "k_pid_yaw": [0.5, 1e-06, 0.1], "k_pid_hsp": [10.0, 0.9522117972373962, 0.05819737911224365], "k_pid_vsp": [399.9518737792969, 3.8312325477600098, 397.6399841308594]}, "datetime": {"datetime": "2025-08-12 03:43:36", "elapsed": 40695.560888290405, "delta": 30.739381074905396}, "costs": {"total_cost": 1416.5295099919394, "time_cost": 150, "final_distance_cost": 46.56333540823271, "oscillation_cost": 89.69568173546267, "completition_cost": 1000.0, "overshoot_cost": 61.85370198114472, "power_cost": 36.408448767089844, "noise_cost": 32.00834210000946, "n_waypoints_completed": 0, "tot_waypoints": 9}}
{"target": -1525.2289753561106, "params": {"k_pid_pos": [1.9748808145523071, 0.8975420594215393, 0.0015628039836883545], "k_pid_alt": [1.9816765785217285, 0.9823460578918457, 0.02912241220474243], "k_pid_att": [100.0, 0.9824608564376831, 0.9774643182754517], "k_pid_yaw": [0.5, 1e-06, 0.1], "k_pid_hsp": [9.999969482421875, 0.8277259469032288, 0.0044171810150146484], "k_pid_vsp": [0.0, 2.8822789192199707, 0.18198589980602264]}, "datetime": {"datetime": "2025-08-12 03:44:07", "elapsed": 40726.77911686897, "delta": 31.218228578567505}, "costs": {"total_cost": 1525.2289753561106, "time_cost": 150, "final_distance_cost": 12.150026553853298, "oscillation_cost": 41.52428484261135, "completition_cost": 1000.0, "overshoot_cost": 166.15819452038576, "power_cost": 13.959913684082032, "noise_cost": 141.43655575517818, "n_waypoints_completed": 0, "tot_waypoints": 9}}
{"target": -1567.8631132197233, "params": {"k_pid_pos": [1.9742037057876587, 0.9975075721740723, 0.019106626510620117], "k_pid_alt": [1.9349896907806396, 0.978018045425415, 0.036290496587753296], "k_pid_att": [100.0, 1.3940422534942627, 0.9739498496055603], "k_pid_yaw": [0.5, 1e-06, 0.1], "k_pid_hsp": [9.999999046325684, 0.98885178565979, 0.043856799602508545], "k_pid_vsp": [2.384185791015625e-05, 11.441100120544434, 399.0542907714844]}, "datetime": {"datetime": "2025-08-12 03:44:39", "elapsed": 40758.51532483101, "delta": 31.736207962036133}, "costs": {"total_cost": 1567.8631132197233, "time_cost": 150, "final_distance_cost": 3.0590648920534615, "oscillation_cost": 80.01784397008981, "completition_cost": 1000.0, "overshoot_cost": 166.21053678088367, "power_cost": 31.227626403808596, "noise_cost": 137.34804117288775, "n_waypoints_completed": 0, "tot_waypoints": 9}}
{"target": -1562.2116853582702, "params": {"k_pid_pos": [1.9614112377166748, 0.9863300323486328, 0.02356770634651184], "k_pid_alt": [1.2970023155212402, 0.9924749732017517, 0.03248688578605652], "k_pid_att": [99.99977111816406, 0.6540583372116089, 0.9729531407356262], "k_pid_yaw": [0.5, 1e-06, 0.1], "k_pid_hsp": [9.99997615814209, 0.9911880493164062, 0.025472939014434814], "k_pid_vsp": [1.3195157051086426, 13.341368675231934, 9.999999974752427e-07]}, "datetime": {"datetime": "2025-08-12 03:45:11", "elapsed": 40790.53921532631, "delta": 32.02389049530029}, "costs": {"total_cost": 1562.2116853582702, "time_cost": 150, "final_distance_cost": 3.8067436125206133, "oscillation_cost": 63.34109830566806, "completition_cost": 1000.0, "overshoot_cost": 165.9620397252616, "power_cost": 26.816888134765627, "noise_cost": 152.28491558005425, "n_waypoints_completed": 0, "tot_waypoints": 9}}
{"target": -1093.1146420592975, "params": {"k_pid_pos": [1.9904718399047852, 0.9869792461395264, 0.05577564239501953], "k_pid_alt": [1.9592148065567017, 0.8471082448959351, 0.008731722831726074], "k_pid_att": [99.97806549072266, 0.8786174654960632, 0.9949947595596313], "k_pid_yaw": [0.5, 1e-06, 0.1], "k_pid_hsp": [10.0, 0.9926478862762451, 0.03953257203102112], "k_pid_vsp": [399.4809265136719, 1.2696514129638672, 152.23873901367188]}, "datetime": {"datetime": "2025-08-12 03:45:43", "elapsed": 40822.511373996735, "delta": 31.972158670425415}, "costs": {"total_cost": 1093.1146420592975, "time_cost": 150, "final_distance_cost": 57.96255576352995, "oscillation_cost": 98.24144816396121, "completition_cost": 666.6666666666667, "overshoot_cost": 53.802553973673824, "power_cost": 35.095722302246095, "noise_cost": 31.345695189219747, "n_waypoints_completed": 3, "tot_waypoints": 9}}
{"target": -1333.4849306598737, "params": {"k_pid_pos": [1.7991218566894531, 0.988936185836792, 0.040609925985336304], "k_pid_alt": [1.918471336364746, 0.8639583587646484, 0.002928495407104492], "k_pid_att": [100.0, 0.35832539200782776, 0.8537645936012268], "k_pid_yaw": [0.5, 1e-06, 0.1], "k_pid_hsp": [10.0, 0.9587442874908447, 0.04987066984176636], "k_pid_vsp": [399.294677734375, 44.1970100402832, 395.49127197265625]}, "datetime": {"datetime": "2025-08-12 03:46:14", "elapsed": 40854.22252345085, "delta": 31.71114945411682}, "costs": {"total_cost": 1333.4849306598737, "time_cost": 150, "final_distance_cost": 61.086091019606286, "oscillation_cost": 108.10554627205045, "completition_cost": 888.8888888888888, "overshoot_cost": 59.18712726258491, "power_cost": 35.32582027587891, "noise_cost": 30.891456940864312, "n_waypoints_completed": 1, "tot_waypoints": 9}}
{"target": -1556.2750609834627, "params": {"k_pid_pos": [1.9400283098220825, 0.9895137548446655, 0.05323296785354614], "k_pid_alt": [1.947150707244873, 0.9718057513237, 0.09253236651420593], "k_pid_att": [100.0, 0.7096653580665588, 0.9453248381614685], "k_pid_yaw": [0.5, 1e-06, 0.1], "k_pid_hsp": [0.20763295888900757, 0.992011308670044, 0.002485424280166626], "k_pid_vsp": [0.009918212890625, 3.5366663932800293, 0.02484421618282795]}, "datetime": {"datetime": "2025-08-12 03:46:45", "elapsed": 40884.50727105141, "delta": 30.28474760055542}, "costs": {"total_cost": 1556.2750609834627, "time_cost": 150, "final_distance_cost": 9.299800997740794, "oscillation_cost": 67.28807152906114, "completition_cost": 1000.0, "overshoot_cost": 166.61357018120063, "power_cost": 16.729492980957033, "noise_cost": 146.34412529450313, "n_waypoints_completed": 0, "tot_waypoints": 9}}
{"target": -1251.675574342971, "params": {"k_pid_pos": [1.9589592218399048, 0.8934088945388794, 0.029657095670700073], "k_pid_alt": [1.9834407567977905, 0.9237803816795349, 0.013762056827545166], "k_pid_att": [100.0, 1.9258471727371216, 0.9838711023330688], "k_pid_yaw": [0.5, 1e-06, 0.1], "k_pid_hsp": [10.0, 0.9557007551193237, 0.023359596729278564], "k_pid_vsp": [391.8726501464844, 2.6303539276123047, 316.0437927246094]}, "datetime": {"datetime": "2025-08-12 03:47:15", "elapsed": 40915.011363744736, "delta": 30.504092693328857}, "costs": {"total_cost": 1251.675574342971, "time_cost": 150, "final_distance_cost": 95.22945129202697, "oscillation_cost": 89.93061898921795, "completition_cost": 777.7777777777778, "overshoot_cost": 73.47149531989544, "power_cost": 34.893064257812505, "noise_cost": 30.373166706240415, "n_waypoints_completed": 2, "tot_waypoints": 9}}
{"target": -1547.1812855117098, "params": {"k_pid_pos": [1.9602357149124146, 0.8059617280960083, 0.0013187527656555176], "k_pid_alt": [1.9329274892807007, 0.9374757409095764, 0.007178992033004761], "k_pid_att": [100.0, 0.3743707835674286, 0.9600382447242737], "k_pid_yaw": [0.5, 1e-06, 0.1], "k_pid_hsp": [10.0, 0.9714239835739136, 0.027717560529708862], "k_pid_vsp": [0.0, 9.356690406799316, 221.31900024414062]}, "datetime": {"datetime": "2025-08-12 03:47:46", "elapsed": 40946.29197907448, "delta": 31.28061532974243}, "costs": {"total_cost": 1547.1812855117098, "time_cost": 150, "final_distance_cost": 8.089104224075028, "oscillation_cost": 60.68110871524275, "completition_cost": 1000.0, "overshoot_cost": 164.1149418946731, "power_cost": 26.69980133056641, "noise_cost": 137.59632934715233, "n_waypoints_completed": 0, "tot_waypoints": 9}}
{"target": -1477.3251444279445, "params": {"k_pid_pos": [1.9865307807922363, 0.9865549802780151, 0.026145726442337036], "k_pid_alt": [1.971420168876648, 0.9870944023132324, 0.006607770919799805], "k_pid_att": [100.0, 0.3443601429462433, 0.9906007051467896], "k_pid_yaw": [0.5, 1e-06, 0.1], "k_pid_hsp": [0.06165161356329918, 0.9563132524490356, 0.012058109045028687], "k_pid_vsp": [398.5881652832031, 3.1884560585021973, 396.29248046875]}, "datetime": {"datetime": "2025-08-12 03:48:19", "elapsed": 40979.06686377525, "delta": 32.77488470077515}, "costs": {"total_cost": 1477.3251444279445, "time_cost": 150, "final_distance_cost": 18.169360639614986, "oscillation_cost": 96.81070692196992, "completition_cost": 1000.0, "overshoot_cost": 140.88649199886407, "power_cost": 35.305251098632816, "noise_cost": 36.15333376886236, "n_waypoints_completed": 0, "tot_waypoints": 9}}
{"target": -1292.9059446344038, "params": {"k_pid_pos": [1.1452891826629639, 0.9740687608718872, 0.0032540559768676758], "k_pid_alt": [1.9951155185699463, 0.9851663112640381, 0.0141526460647583], "k_pid_att": [100.0, 0.6116503477096558, 0.9285822510719299], "k_pid_yaw": [0.5, 1e-06, 0.1], "k_pid_hsp": [10.0, 0.9352336525917053, 0.11616650223731995], "k_pid_vsp": [399.7856750488281, 12.248421669006348, 400.0]}, "datetime": {"datetime": "2025-08-12 03:48:50", "elapsed": 41010.01436853409, "delta": 30.94750475883484}, "costs": {"total_cost": 1292.9059446344038, "time_cost": 150, "final_distance_cost": 85.28143255116713, "oscillation_cost": 137.402483289532, "completition_cost": 777.7777777777778, "overshoot_cost": 73.33296358296684, "power_cost": 36.931523144531255, "noise_cost": 32.17976428842873, "n_waypoints_completed": 2, "tot_waypoints": 9}}
