{"target": -1584.4499454710337, "params": {"k_pid_pos": [1.9486420154571533, 0.9358066916465759, 0.027720868587493896], "k_pid_alt": [1.947112798690796, 0.9815154075622559, 0.023340731859207153], "k_pid_att": [100.0, 0.6047034859657288, 0.9994574785232544], "k_pid_yaw": [0.5, 1e-06, 0.1], "k_pid_hsp": [9.99996280670166, 0.9826062917709351, 0.03964996337890625], "k_pid_vsp": [0.0020265579223632812, 15.88182544708252, 399.960693359375]}, "datetime": {"datetime": "2025-08-12 06:13:52", "elapsed": 49711.79876303673, "delta": 32.045387744903564}, "costs": {"total_cost": 1584.4499454710337, "time_cost": 150, "final_distance_cost": 13.440213602580561, "oscillation_cost": 81.72975792838471, "completition_cost": 1000.0, "overshoot_cost": 166.14381711390624, "power_cost": 33.43432263183594, "noise_cost": 139.70183419432615, "n_waypoints_completed": 0, "tot_waypoints": 9}}
{"target": -1239.5385289556623, "params": {"k_pid_pos": [1.8590102195739746, 0.9570356607437134, 0.0218830406665802], "k_pid_alt": [1.9988656044006348, 0.9881665706634521, 0.02755635976791382], "k_pid_att": [99.99999237060547, 0.5150521397590637, 0.9930624961853027], "k_pid_yaw": [0.5, 1e-06, 0.1], "k_pid_hsp": [10.0, 0.9855223298072815, 0.11374199390411377], "k_pid_vsp": [0.0, 28.639902114868164, 0.4706750512123108]}, "datetime": {"datetime": "2025-08-12 06:14:23", "elapsed": 49743.05826282501, "delta": 31.2594997882843}, "costs": {"total_cost": 1239.5385289556623, "time_cost": 150, "final_distance_cost": 93.82608183291393, "oscillation_cost": 99.04682105767836, "completition_cost": 777.7777777777778, "overshoot_cost": 51.70161593364401, "power_cost": 33.94433642578125, "noise_cost": 33.24189592786694, "n_waypoints_completed": 2, "tot_waypoints": 9}}
{"target": -741.9795207936969, "params": {"k_pid_pos": [1.9920320510864258, 0.9891517162322998, 0.13880115747451782], "k_pid_alt": [1.9579968452453613, 0.948455810546875, 0.007634669542312622], "k_pid_att": [99.99998474121094, 1.5164228677749634, 0.9909323453903198], "k_pid_yaw": [0.5, 1e-06, 0.1], "k_pid_hsp": [10.0, 0.9894417524337769, 0.011914640665054321], "k_pid_vsp": [399.43536376953125, 2.30312442779541, 0.001491116126999259]}, "datetime": {"datetime": "2025-08-12 06:14:55", "elapsed": 49775.21163225174, "delta": 32.153369426727295}, "costs": {"total_cost": 741.9795207936969, "time_cost": 150, "final_distance_cost": 72.25369016151888, "oscillation_cost": 168.77037846767348, "completition_cost": 222.2222222222222, "overshoot_cost": 65.48930997956008, "power_cost": 30.747390295410156, "noise_cost": 32.49652966731216, "n_waypoints_completed": 7, "tot_waypoints": 9}}
{"target": -1535.693375343304, "params": {"k_pid_pos": [1.9328539371490479, 0.9962704181671143, 0.02104562520980835], "k_pid_alt": [1.9882397651672363, 0.9803505539894104, 0.022704392671585083], "k_pid_att": [100.0, 0.38752123713493347, 0.9896979331970215], "k_pid_yaw": [0.5, 1e-06, 0.1], "k_pid_hsp": [10.0, 0.9821595549583435, 0.01525774598121643], "k_pid_vsp": [0.7693886756896973, 4.469109535217285, 399.9281921386719]}, "datetime": {"datetime": "2025-08-12 06:15:25", "elapsed": 49805.08197951317, "delta": 29.870347261428833}, "costs": {"total_cost": 1535.693375343304, "time_cost": 150, "final_distance_cost": 7.7131366566408115, "oscillation_cost": 54.447159375456714, "completition_cost": 1000.0, "overshoot_cost": 164.50253482997, "power_cost": 24.467881909179688, "noise_cost": 134.56266257205687, "n_waypoints_completed": 0, "tot_waypoints": 9}}
{"target": -594.9409285004851, "params": {"k_pid_pos": [1.8031178712844849, 0.9557886719703674, 0.03715518116950989], "k_pid_alt": [1.8794525861740112, 0.9947776794433594, 0.020062685012817383], "k_pid_att": [100.0, 1.1009924411773682, 0.9347906112670898], "k_pid_yaw": [0.5, 1e-06, 0.1], "k_pid_hsp": [10.0, 0.9506760835647583, 0.004933387041091919], "k_pid_vsp": [399.9991455078125, 19.244434356689453, 9.999999974752427e-07]}, "datetime": {"datetime": "2025-08-12 06:15:55", "elapsed": 49835.203125715256, "delta": 30.121146202087402}, "costs": {"total_cost": 594.9409285004851, "time_cost": 150, "final_distance_cost": 71.54309509688102, "oscillation_cost": 133.78418970916593, "completition_cost": 111.11111111111116, "overshoot_cost": 65.76137824589449, "power_cost": 30.088956115722656, "noise_cost": 32.65219822170988, "n_waypoints_completed": 8, "tot_waypoints": 9}}
{"target": -1440.5028845794675, "params": {"k_pid_pos": [1.9398585557937622, 0.9760116338729858, 0.014761924743652344], "k_pid_alt": [1.938821792602539, 0.8630052208900452, 0.010902494192123413], "k_pid_att": [100.0, 0.5575042366981506, 0.9779410362243652], "k_pid_yaw": [0.5, 1e-06, 0.1], "k_pid_hsp": [9.999987602233887, 0.9499310851097107, 0.04709342122077942], "k_pid_vsp": [371.6371154785156, 7.655168533325195, 399.9773864746094]}, "datetime": {"datetime": "2025-08-12 06:16:28", "elapsed": 49867.55769324303, "delta": 32.354567527770996}, "costs": {"total_cost": 1440.5028845794675, "time_cost": 150, "final_distance_cost": 37.08471990149309, "oscillation_cost": 85.89002925069983, "completition_cost": 1000.0, "overshoot_cost": 99.42761728239876, "power_cost": 34.997601989746094, "noise_cost": 33.10291615512971, "n_waypoints_completed": 0, "tot_waypoints": 9}}
{"target": -1411.3628314557186, "params": {"k_pid_pos": [1.978331208229065, 0.9961423873901367, 0.007082194089889526], "k_pid_alt": [1.9806090593338013, 0.9416805505752563, 0.05538457632064819], "k_pid_att": [100.0, 0.08181953430175781, 0.9840826988220215], "k_pid_yaw": [0.5, 1e-06, 0.1], "k_pid_hsp": [9.999999046325684, 0.9692161083221436, 0.03151300549507141], "k_pid_vsp": [0.0, 19.1572322845459, 0.1575479954481125]}, "datetime": {"datetime": "2025-08-12 06:16:58", "elapsed": 49897.70213723183, "delta": 30.14444398880005}, "costs": {"total_cost": 1411.3628314557186, "time_cost": 150, "final_distance_cost": 11.650121207835246, "oscillation_cost": 78.39204071263379, "completition_cost": 1000.0, "overshoot_cost": 94.9556875275874, "power_cost": 29.183735546875003, "noise_cost": 47.18124646078744, "n_waypoints_completed": 0, "tot_waypoints": 9}}
{"target": -1314.9714274494881, "params": {"k_pid_pos": [1.8443108797073364, 0.9664033055305481, 0.09906074404716492], "k_pid_alt": [1.9380519390106201, 0.9758422374725342, 0.037297606468200684], "k_pid_att": [100.0, 0.060462214052677155, 0.9946098327636719], "k_pid_yaw": [0.5, 1e-06, 0.1], "k_pid_hsp": [10.0, 0.9498591423034668, 0.0517023503780365], "k_pid_vsp": [399.8765869140625, 45.9949951171875, 9.999999974752427e-07]}, "datetime": {"datetime": "2025-08-12 06:17:28", "elapsed": 49927.3951690197, "delta": 29.693031787872314}, "costs": {"total_cost": 1314.9714274494881, "time_cost": 150, "final_distance_cost": 60.89234405520306, "oscillation_cost": 110.31652163169002, "completition_cost": 888.8888888888888, "overshoot_cost": 39.6134678689449, "power_cost": 31.508562951660156, "noise_cost": 33.751642053100944, "n_waypoints_completed": 1, "tot_waypoints": 9}}
{"target": -1299.1396180202944, "params": {"k_pid_pos": [1.9779548645019531, 0.9692671298980713, 0.013611048460006714], "k_pid_alt": [1.7931129932403564, 0.9488753080368042, 0.02422848343849182], "k_pid_att": [100.0, 0.15126658976078033, 0.923130989074707], "k_pid_yaw": [0.5, 1e-06, 0.1], "k_pid_hsp": [10.0, 0.9338775873184204, 0.0333440899848938], "k_pid_vsp": [399.4100646972656, 5.837775230407715, 0.005687282886356115]}, "datetime": {"datetime": "2025-08-12 06:18:00", "elapsed": 49959.94386219978, "delta": 32.54869318008423}, "costs": {"total_cost": 1299.1396180202944, "time_cost": 150, "final_distance_cost": 61.079833239614004, "oscillation_cost": 93.00760009235378, "completition_cost": 888.8888888888888, "overshoot_cost": 42.19373359122611, "power_cost": 30.099915893554687, "noise_cost": 33.86964631465685, "n_waypoints_completed": 1, "tot_waypoints": 9}}
{"target": -1311.7858539351587, "params": {"k_pid_pos": [1.9711729288101196, 0.9844790697097778, 0.016035228967666626], "k_pid_alt": [1.9796113967895508, 0.9906644821166992, 0.017476022243499756], "k_pid_att": [100.0, 0.09984767436981201, 0.9195871353149414], "k_pid_yaw": [0.5, 1e-06, 0.1], "k_pid_hsp": [10.0, 0.9870989918708801, 0.05311593413352966], "k_pid_vsp": [399.99993896484375, 3.8644561767578125, 21.281757354736328]}, "datetime": {"datetime": "2025-08-12 06:18:32", "elapsed": 49991.75419187546, "delta": 31.81032967567444}, "costs": {"total_cost": 1311.7858539351587, "time_cost": 150, "final_distance_cost": 70.89884019354288, "oscillation_cost": 94.34485791654903, "completition_cost": 888.8888888888888, "overshoot_cost": 41.57407133710623, "power_cost": 35.70186461181641, "noise_cost": 30.377330987255156, "n_waypoints_completed": 1, "tot_waypoints": 9}}
{"target": -1553.623102766659, "params": {"k_pid_pos": [1.9178264141082764, 0.9877476096153259, 0.05323672294616699], "k_pid_alt": [1.960483431816101, 0.9859337210655212, 0.005737483501434326], "k_pid_att": [99.99998474121094, 0.6409057974815369, 0.9835282564163208], "k_pid_yaw": [0.5, 1e-06, 0.1], "k_pid_hsp": [10.0, 0.9643410444259644, 0.024438977241516113], "k_pid_vsp": [0.005567073822021484, 9.288264274597168, 0.05734066665172577]}, "datetime": {"datetime": "2025-08-12 06:19:04", "elapsed": 50024.159427165985, "delta": 32.405235290527344}, "costs": {"total_cost": 1553.623102766659, "time_cost": 150, "final_distance_cost": 10.086212363029107, "oscillation_cost": 58.29868758182802, "completition_cost": 1000.0, "overshoot_cost": 166.27622187937916, "power_cost": 20.73443094482422, "noise_cost": 148.22754999759854, "n_waypoints_completed": 0, "tot_waypoints": 9}}
{"target": -736.4866276953693, "params": {"k_pid_pos": [1.9368146657943726, 0.9819371700286865, 0.05472978949546814], "k_pid_alt": [1.9594204425811768, 0.9376229047775269, 0.00880327820777893], "k_pid_att": [100.0, 0.11268072575330734, 0.9847346544265747], "k_pid_yaw": [0.5, 1e-06, 0.1], "k_pid_hsp": [10.0, 0.9655483365058899, 0.13314604759216309], "k_pid_vsp": [74.31047058105469, 24.853946685791016, 0.5321035981178284]}, "datetime": {"datetime": "2025-08-12 06:19:37", "elapsed": 50056.51607131958, "delta": 32.35664415359497}, "costs": {"total_cost": 736.4866276953693, "time_cost": 150, "final_distance_cost": 79.79591336788398, "oscillation_cost": 147.40696359561625, "completition_cost": 222.2222222222222, "overshoot_cost": 69.40120520996572, "power_cost": 33.94323334960938, "noise_cost": 33.71708995007176, "n_waypoints_completed": 7, "tot_waypoints": 9}}
{"target": -1564.5122948448577, "params": {"k_pid_pos": [1.673036813735962, 0.9657042026519775, 0.032727599143981934], "k_pid_alt": [1.9857159852981567, 0.9060062766075134, 0.02188771963119507], "k_pid_att": [100.0, 0.24739302694797516, 0.9599727392196655], "k_pid_yaw": [0.5, 1e-06, 0.1], "k_pid_hsp": [9.999926567077637, 0.9965845346450806, 0.045856982469558716], "k_pid_vsp": [8.344650268554688e-05, 3.6950478553771973, 399.87957763671875]}, "datetime": {"datetime": "2025-08-12 06:20:08", "elapsed": 50087.97703790665, "delta": 31.46096658706665}, "costs": {"total_cost": 1564.5122948448577, "time_cost": 150, "final_distance_cost": 7.341135671965111, "oscillation_cost": 79.3747511877077, "completition_cost": 1000.0, "overshoot_cost": 165.1470537881475, "power_cost": 26.60507235107422, "noise_cost": 136.04428184596318, "n_waypoints_completed": 0, "tot_waypoints": 9}}
{"target": -1541.8654710591086, "params": {"k_pid_pos": [1.9730769395828247, 0.8903220295906067, 0.005076110363006592], "k_pid_alt": [1.98493230342865, 0.9099781513214111, 0.06701669096946716], "k_pid_att": [100.0, 0.4273394048213959, 0.9598328471183777], "k_pid_yaw": [0.5, 1e-06, 0.1], "k_pid_hsp": [10.0, 0.9978556632995605, 0.036112070083618164], "k_pid_vsp": [0.0, 0.2470264881849289, 37.52691650390625]}, "datetime": {"datetime": "2025-08-12 06:20:39", "elapsed": 50119.103763103485, "delta": 31.12672519683838}, "costs": {"total_cost": 1541.8654710591086, "time_cost": 150, "final_distance_cost": 7.610772630225207, "oscillation_cost": 65.02015131559392, "completition_cost": 1000.0, "overshoot_cost": 163.952919413614, "power_cost": 20.870290173339846, "noise_cost": 134.41133752633564, "n_waypoints_completed": 0, "tot_waypoints": 9}}
{"target": -1515.5297891871062, "params": {"k_pid_pos": [1.9936517477035522, 0.9903926849365234, 0.019074708223342896], "k_pid_alt": [1.9705896377563477, 0.9535994529724121, 0.029311180114746094], "k_pid_att": [100.0, 0.3492065668106079, 0.988050639629364], "k_pid_yaw": [0.5, 1e-06, 0.1], "k_pid_hsp": [9.999991416931152, 0.9921594858169556, 0.0077024102210998535], "k_pid_vsp": [399.9998474121094, 13.54023265838623, 399.9991149902344]}, "datetime": {"datetime": "2025-08-12 06:21:11", "elapsed": 50151.226565122604, "delta": 32.12280201911926}, "costs": {"total_cost": 1515.5297891871062, "time_cost": 150, "final_distance_cost": 2.318870748913662, "oscillation_cost": 55.291947450382466, "completition_cost": 1000.0, "overshoot_cost": 163.99183339708176, "power_cost": 31.937552673339844, "noise_cost": 111.98958491738826, "n_waypoints_completed": 0, "tot_waypoints": 9}}
{"target": -1553.3295284112446, "params": {"k_pid_pos": [1.9897019863128662, 0.9954744577407837, 0.008057445287704468], "k_pid_alt": [1.843973159790039, 0.8912617564201355, 0.003721386194229126], "k_pid_att": [100.0, 0.4152350425720215, 0.9899513721466064], "k_pid_yaw": [0.5, 1e-06, 0.1], "k_pid_hsp": [10.0, 0.9274170398712158, 0.011943429708480835], "k_pid_vsp": [0.47146081924438477, 15.549481391906738, 9.999999974752427e-07]}, "datetime": {"datetime": "2025-08-12 06:21:44", "elapsed": 50183.48213171959, "delta": 32.25556659698486}, "costs": {"total_cost": 1553.3295284112446, "time_cost": 150, "final_distance_cost": 8.177094271217769, "oscillation_cost": 52.56954906912914, "completition_cost": 1000.0, "overshoot_cost": 165.81299806358305, "power_cost": 26.063968261718752, "noise_cost": 150.7059187455957, "n_waypoints_completed": 0, "tot_waypoints": 9}}
{"target": -1514.2244652991292, "params": {"k_pid_pos": [1.9938240051269531, 0.963997483253479, 0.040081918239593506], "k_pid_alt": [1.7504916191101074, 0.9684016704559326, 0.005650907754898071], "k_pid_att": [99.87813568115234, 0.24196100234985352, 0.993537425994873], "k_pid_yaw": [0.5, 1e-06, 0.1], "k_pid_hsp": [9.999656677246094, 0.9709567427635193, 0.01687002182006836], "k_pid_vsp": [399.9998474121094, 11.215544700622559, 399.79449462890625]}, "datetime": {"datetime": "2025-08-12 06:22:15", "elapsed": 50215.053250312805, "delta": 31.571118593215942}, "costs": {"total_cost": 1514.2244652991292, "time_cost": 150, "final_distance_cost": 11.593857163122538, "oscillation_cost": 64.16097332351768, "completition_cost": 1000.0, "overshoot_cost": 159.66977593938827, "power_cost": 33.33073889160156, "noise_cost": 95.46911998149895, "n_waypoints_completed": 0, "tot_waypoints": 9}}
{"target": -1107.140667174313, "params": {"k_pid_pos": [0.7362773418426514, 0.7777989506721497, 0.027388274669647217], "k_pid_alt": [1.9683561325073242, 0.9900401830673218, 0.04995995759963989], "k_pid_att": [100.0, 0.32149723172187805, 0.9673803448677063], "k_pid_yaw": [0.5, 1e-06, 0.1], "k_pid_hsp": [10.0, 0.9879249334335327, 0.02925071120262146], "k_pid_vsp": [399.3746643066406, 25.170900344848633, 299.365478515625]}, "datetime": {"datetime": "2025-08-12 06:22:46", "elapsed": 50245.95345520973, "delta": 30.90020489692688}, "costs": {"total_cost": 1107.140667174313, "time_cost": 150, "final_distance_cost": 58.04738196857365, "oscillation_cost": 91.40192616770145, "completition_cost": 666.6666666666667, "overshoot_cost": 77.2286950834516, "power_cost": 33.99969383544922, "noise_cost": 29.79630345247033, "n_waypoints_completed": 3, "tot_waypoints": 9}}
{"target": -1235.255946568874, "params": {"k_pid_pos": [1.948535680770874, 0.9611930847167969, 0.03542301058769226], "k_pid_alt": [1.9334675073623657, 0.8880611658096313, 0.09231609106063843], "k_pid_att": [99.99976348876953, 0.23468126356601715, 0.9797415137290955], "k_pid_yaw": [0.5, 1e-06, 0.1], "k_pid_hsp": [10.0, 0.985782265663147, 0.027422785758972168], "k_pid_vsp": [0.052809715270996094, 30.604055404663086, 0.0029693113174289465]}, "datetime": {"datetime": "2025-08-12 06:23:17", "elapsed": 50277.26234745979, "delta": 31.308892250061035}, "costs": {"total_cost": 1235.255946568874, "time_cost": 150, "final_distance_cost": 86.47091822186464, "oscillation_cost": 108.38093267719566, "completition_cost": 777.7777777777778, "overshoot_cost": 48.1069115436909, "power_cost": 31.648553161621095, "noise_cost": 32.87085318672378, "n_waypoints_completed": 2, "tot_waypoints": 9}}
{"target": -1532.7131069155557, "params": {"k_pid_pos": [1.9165514707565308, 0.917657196521759, 0.06699830293655396], "k_pid_alt": [1.8354344367980957, 0.935624897480011, 0.022307276725769043], "k_pid_att": [100.0, 0.13591676950454712, 0.9370719790458679], "k_pid_yaw": [0.5, 1e-06, 0.1], "k_pid_hsp": [9.999579429626465, 0.9845834374427795, 0.008888870477676392], "k_pid_vsp": [376.9411926269531, 16.274335861206055, 399.986083984375]}, "datetime": {"datetime": "2025-08-12 06:23:50", "elapsed": 50309.4361846447, "delta": 32.173837184906006}, "costs": {"total_cost": 1532.7131069155557, "time_cost": 150, "final_distance_cost": 10.364585413471303, "oscillation_cost": 62.63698486638479, "completition_cost": 1000.0, "overshoot_cost": 163.03794697455874, "power_cost": 32.06983658447266, "noise_cost": 114.60375307666854, "n_waypoints_completed": 0, "tot_waypoints": 9}}
{"target": -1573.142793672898, "params": {"k_pid_pos": [1.8829201459884644, 0.9638389348983765, 0.015574395656585693], "k_pid_alt": [1.7161667346954346, 0.6776652336120605, 0.017571985721588135], "k_pid_att": [100.0, 0.05654801428318024, 0.9956372976303101], "k_pid_yaw": [0.5, 1e-06, 0.1], "k_pid_hsp": [10.0, 0.9706251621246338, 0.06171342730522156], "k_pid_vsp": [0.0, 22.598363876342773, 399.67462158203125]}, "datetime": {"datetime": "2025-08-12 06:24:21", "elapsed": 50341.22597694397, "delta": 31.78979229927063}, "costs": {"total_cost": 1573.142793672898, "time_cost": 150, "final_distance_cost": 3.6641532019725065, "oscillation_cost": 89.73982949675536, "completition_cost": 1000.0, "overshoot_cost": 166.0382357013293, "power_cost": 33.80720933837891, "noise_cost": 129.893365934462, "n_waypoints_completed": 0, "tot_waypoints": 9}}
{"target": -1321.5173259052785, "params": {"k_pid_pos": [1.974502444267273, 0.9668166041374207, 0.029836654663085938], "k_pid_alt": [1.930161952972412, 0.9474292993545532, 0.015219300985336304], "k_pid_att": [100.0, 2.530142068862915, 0.9126152396202087], "k_pid_yaw": [0.5, 1e-06, 0.1], "k_pid_hsp": [9.996240615844727, 0.8518171906471252, 0.05826544761657715], "k_pid_vsp": [399.8509521484375, 3.941429615020752, 0.2599964737892151]}, "datetime": {"datetime": "2025-08-12 06:24:53", "elapsed": 50373.092035532, "delta": 31.866058588027954}, "costs": {"total_cost": 1321.5173259052785, "time_cost": 150, "final_distance_cost": 68.22918176581194, "oscillation_cost": 109.34787169331487, "completition_cost": 888.8888888888888, "overshoot_cost": 40.44896851549875, "power_cost": 30.908778540039062, "noise_cost": 33.69363650172505, "n_waypoints_completed": 1, "tot_waypoints": 9}}
{"target": -663.0485733124162, "params": {"k_pid_pos": [1.949264407157898, 0.9499759674072266, 0.051859527826309204], "k_pid_alt": [1.9844062328338623, 0.9906529188156128, 0.024573445320129395], "k_pid_att": [100.0, 0.0726950466632843, 0.9974066019058228], "k_pid_yaw": [0.5, 1e-06, 0.1], "k_pid_hsp": [10.0, 0.9692853689193726, 0.17166000604629517], "k_pid_vsp": [246.97303771972656, 5.023146629333496, 0.0005016790237277746]}, "datetime": {"datetime": "2025-08-12 06:25:25", "elapsed": 50404.62176513672, "delta": 31.52972960472107}, "costs": {"total_cost": 663.0485733124162, "time_cost": 150, "final_distance_cost": 44.737613568771685, "oscillation_cost": 209.2262960656832, "completition_cost": 111.11111111111116, "overshoot_cost": 79.97783422814517, "power_cost": 34.34317313232422, "noise_cost": 33.65254520638084, "n_waypoints_completed": 8, "tot_waypoints": 9}}
{"target": -1346.9025894083445, "params": {"k_pid_pos": [1.981698989868164, 0.9816105961799622, 0.02541288733482361], "k_pid_alt": [1.9723376035690308, 0.9849794507026672, 0.1638210415840149], "k_pid_att": [99.9085922241211, 0.28661903738975525, 0.9502651691436768], "k_pid_yaw": [0.5, 1e-06, 0.1], "k_pid_hsp": [10.0, 0.995479941368103, 0.05737432837486267], "k_pid_vsp": [400.0, 14.938843727111816, 399.99493408203125]}, "datetime": {"datetime": "2025-08-12 06:25:56", "elapsed": 50435.908693790436, "delta": 31.28692865371704}, "costs": {"total_cost": 1346.9025894083445, "time_cost": 150, "final_distance_cost": 69.78441669239486, "oscillation_cost": 101.24278797823104, "completition_cost": 888.8888888888888, "overshoot_cost": 69.73785454761716, "power_cost": 35.95080845947266, "noise_cost": 31.297832841740036, "n_waypoints_completed": 1, "tot_waypoints": 9}}
{"target": -1306.8837565125857, "params": {"k_pid_pos": [1.573809027671814, 0.981195867061615, 0.06795427203178406], "k_pid_alt": [1.851819634437561, 0.955374538898468, 0.09361743927001953], "k_pid_att": [100.0, 0.5818715691566467, 0.9530258178710938], "k_pid_yaw": [0.5, 1e-06, 0.1], "k_pid_hsp": [9.999927520751953, 0.986838698387146, 0.07348695397377014], "k_pid_vsp": [30.3107852935791, 37.908531188964844, 0.001967953285202384]}, "datetime": {"datetime": "2025-08-12 06:26:28", "elapsed": 50467.96470165253, "delta": 32.056007862091064}, "costs": {"total_cost": 1306.8837565125857, "time_cost": 150, "final_distance_cost": 65.69922119129905, "oscillation_cost": 97.59714201744269, "completition_cost": 888.8888888888888, "overshoot_cost": 39.22763014879747, "power_cost": 31.802665002441408, "noise_cost": 33.66820926371606, "n_waypoints_completed": 1, "tot_waypoints": 9}}
