{"target": -1539.0535414262617, "params": {"k_pid_pos": [1.9894185066223145, 0.9649113416671753, 0.13769850134849548], "k_pid_alt": [1.7296661138534546, 0.9587122201919556, 0.032950371503829956], "k_pid_att": [100.0, 5.46950626373291, 0.6870018243789673], "k_pid_yaw": [0.5, 1e-06, 0.1], "k_pid_hsp": [9.996905326843262, 0.9952621459960938, 0.012121647596359253], "k_pid_vsp": [0.05290508270263672, 41.39082336425781, 400.0]}, "datetime": {"datetime": "2025-08-11 19:53:00", "elapsed": 12460.059543848038, "delta": 30.43006992340088}, "costs": {"total_cost": 1539.0535414262617, "time_cost": 150, "final_distance_cost": 2.8727850304014892, "oscillation_cost": 62.49268681317621, "completition_cost": 1000.0, "overshoot_cost": 164.84612849007442, "power_cost": 32.33567312011719, "noise_cost": 126.50626797249228, "n_waypoints_completed": 0, "tot_waypoints": 9}}
{"target": -1545.436383238221, "params": {"k_pid_pos": [1.854684829711914, 0.9263643026351929, 0.31820714473724365], "k_pid_alt": [1.7535557746887207, 0.9125789403915405, 0.42851054668426514], "k_pid_att": [100.0, 3.475482940673828, 0.9321749806404114], "k_pid_yaw": [0.5, 1e-06, 0.1], "k_pid_hsp": [9.992887496948242, 0.9860411286354065, 0.005480706691741943], "k_pid_vsp": [6.307411193847656, 13.465655326843262, 278.3800048828125]}, "datetime": {"datetime": "2025-08-11 19:53:30", "elapsed": 12490.206734657288, "delta": 30.147190809249878}, "costs": {"total_cost": 1545.436383238221, "time_cost": 150, "final_distance_cost": 3.554106856740429, "oscillation_cost": 72.34957515030268, "completition_cost": 1000.0, "overshoot_cost": 163.77035348386298, "power_cost": 31.09711395263672, "noise_cost": 124.66523379467834, "n_waypoints_completed": 0, "tot_waypoints": 9}}
{"target": -931.8356998286713, "params": {"k_pid_pos": [1.9878820180892944, 0.9734731316566467, 0.2052798867225647], "k_pid_alt": [1.950834035873413, 0.9647682905197144, 0.19833895564079285], "k_pid_att": [99.9998779296875, 5.253382205963135, 0.951641321182251], "k_pid_yaw": [0.5, 1e-06, 0.1], "k_pid_hsp": [9.997084617614746, 0.9804514646530151, 0.12005168199539185], "k_pid_vsp": [0.0025033950805664062, 139.12265014648438, 7.652772426605225]}, "datetime": {"datetime": "2025-08-11 19:54:01", "elapsed": 12520.642841339111, "delta": 30.43610668182373}, "costs": {"total_cost": 931.8356998286713, "time_cost": 150, "final_distance_cost": 53.86829101494706, "oscillation_cost": 157.09859709465735, "completition_cost": 444.4444444444444, "overshoot_cost": 59.956327919273825, "power_cost": 36.370518005371096, "noise_cost": 30.097521349977576, "n_waypoints_completed": 5, "tot_waypoints": 9}}
{"target": -1605.0378730158498, "params": {"k_pid_pos": [1.9400466680526733, 0.9832361340522766, 0.26435917615890503], "k_pid_alt": [1.7159373760223389, 0.9569516181945801, 0.009269624948501587], "k_pid_att": [100.0, 0.38816556334495544, 0.7027495503425598], "k_pid_yaw": [0.5, 1e-06, 0.1], "k_pid_hsp": [10.0, 0.8271277546882629, 0.14402350783348083], "k_pid_vsp": [0.000286102294921875, 14.917696952819824, 394.2823791503906]}, "datetime": {"datetime": "2025-08-11 19:54:31", "elapsed": 12550.748789072037, "delta": 30.105947732925415}, "costs": {"total_cost": 1605.0378730158498, "time_cost": 150, "final_distance_cost": 12.471927269739208, "oscillation_cost": 107.68989147388378, "completition_cost": 1000.0, "overshoot_cost": 165.50597220663687, "power_cost": 32.972391406250004, "noise_cost": 136.39769065934004, "n_waypoints_completed": 0, "tot_waypoints": 9}}
{"target": -1201.4259208681042, "params": {"k_pid_pos": [1.7814414501190186, 0.9795710444450378, 0.06399664282798767], "k_pid_alt": [1.9351391792297363, 0.06411275267601013, 0.23173880577087402], "k_pid_att": [100.0, 4.903445720672607, 0.9449774026870728], "k_pid_yaw": [0.5, 1e-06, 0.1], "k_pid_hsp": [9.997672080993652, 0.9840538501739502, 0.34494102001190186], "k_pid_vsp": [398.0989990234375, 20.04347038269043, 399.99993896484375]}, "datetime": {"datetime": "2025-08-11 19:55:01", "elapsed": 12580.938418388367, "delta": 30.189629316329956}, "costs": {"total_cost": 1201.4259208681042, "time_cost": 150, "final_distance_cost": 52.467943094194894, "oscillation_cost": 174.53800064884223, "completition_cost": 666.6666666666667, "overshoot_cost": 87.76261661446628, "power_cost": 38.35364580078125, "noise_cost": 31.637048043152756, "n_waypoints_completed": 3, "tot_waypoints": 9}}
{"target": -853.1610721871582, "params": {"k_pid_pos": [1.8818905353546143, 0.7709963917732239, 0.26829415559768677], "k_pid_alt": [1.8408441543579102, 0.9627606272697449, 0.054597556591033936], "k_pid_att": [100.0, 7.785846710205078, 0.8131499290466309], "k_pid_yaw": [0.5, 1e-06, 0.1], "k_pid_hsp": [10.0, 0.8759032487869263, 0.634996771812439], "k_pid_vsp": [392.7620849609375, 21.461381912231445, 355.1157531738281]}, "datetime": {"datetime": "2025-08-11 19:55:31", "elapsed": 12611.081236362457, "delta": 30.142817974090576}, "costs": {"total_cost": 853.1610721871582, "time_cost": 150, "final_distance_cost": 79.30387584288376, "oscillation_cost": 258.8744898225976, "completition_cost": 222.2222222222222, "overshoot_cost": 72.89639424880755, "power_cost": 37.69605581054687, "noise_cost": 32.16803424010014, "n_waypoints_completed": 7, "tot_waypoints": 9}}
{"target": -1473.9021010726392, "params": {"k_pid_pos": [1.9662258625030518, 0.687242329120636, 0.06611505150794983], "k_pid_alt": [1.8536559343338013, 0.9763081073760986, 0.017322182655334473], "k_pid_att": [100.0, 1.7559846639633179, 0.9695014953613281], "k_pid_yaw": [0.5, 1e-06, 0.1], "k_pid_hsp": [9.998002052307129, 0.6018903255462646, 0.14210659265518188], "k_pid_vsp": [0.0, 5.352450370788574, 399.5061340332031]}, "datetime": {"datetime": "2025-08-11 19:56:01", "elapsed": 12641.26520872116, "delta": 30.183972358703613}, "costs": {"total_cost": 1473.9021010726392, "time_cost": 150, "final_distance_cost": 78.21403198427524, "oscillation_cost": 334.47779398969465, "completition_cost": 666.6666666666667, "overshoot_cost": 139.49252552966388, "power_cost": 33.137558435058594, "noise_cost": 71.91352446728024, "n_waypoints_completed": 3, "tot_waypoints": 9}}
{"target": -1587.9375559283746, "params": {"k_pid_pos": [1.7790080308914185, 0.9929584264755249, 0.052541375160217285], "k_pid_alt": [1.9716135263442993, 0.8637233972549438, 0.07664492726325989], "k_pid_att": [100.0, 0.33440539240837097, 0.8810011744499207], "k_pid_yaw": [0.5, 1e-06, 0.1], "k_pid_hsp": [0.00010327821655664593, 0.8737319707870483, 0.2781473398208618], "k_pid_vsp": [0.0008106231689453125, 13.60279369354248, 36.17086410522461]}, "datetime": {"datetime": "2025-08-11 19:56:37", "elapsed": 12677.005788564682, "delta": 35.74057984352112}, "costs": {"total_cost": 1587.9375559283746, "time_cost": 150, "final_distance_cost": 21.78731748124523, "oscillation_cost": 70.48174262504142, "completition_cost": 1000.0, "overshoot_cost": 172.3186715823518, "power_cost": 32.94122432861328, "noise_cost": 140.40859991112308, "n_waypoints_completed": 0, "tot_waypoints": 9}}
{"target": -1585.3373067411087, "params": {"k_pid_pos": [1.7493956089019775, 0.9838775992393494, 0.0224551260471344], "k_pid_alt": [1.7948013544082642, 0.8975238800048828, 0.11299499869346619], "k_pid_att": [100.0, 1.0195509195327759, 0.9843204021453857], "k_pid_yaw": [0.5, 1e-06, 0.1], "k_pid_hsp": [9.992159843444824, 0.9412074089050293, 0.07240784168243408], "k_pid_vsp": [0.0, 173.63137817382812, 399.8574523925781]}, "datetime": {"datetime": "2025-08-11 19:57:09", "elapsed": 12708.891531705856, "delta": 31.885743141174316}, "costs": {"total_cost": 1585.3373067411087, "time_cost": 150, "final_distance_cost": 12.401459256160598, "oscillation_cost": 94.82916057241322, "completition_cost": 1000.0, "overshoot_cost": 165.94412668192953, "power_cost": 34.43600939941406, "noise_cost": 127.72655083119147, "n_waypoints_completed": 0, "tot_waypoints": 9}}
{"target": -453.03100252609494, "params": {"k_pid_pos": [1.8985668420791626, 0.7368230223655701, 0.367697149515152], "k_pid_alt": [1.5495659112930298, 0.9955591559410095, 0.0265752375125885], "k_pid_att": [100.0, 1.4642869234085083, 0.971983790397644], "k_pid_yaw": [0.5, 1e-06, 0.1], "k_pid_hsp": [9.999945640563965, 0.8669987916946411, 0.07702308893203735], "k_pid_vsp": [52.882240295410156, 17.318632125854492, 0.4655013680458069]}, "datetime": {"datetime": "2025-08-11 19:57:37", "elapsed": 12736.864175796509, "delta": 27.972644090652466}, "costs": {"total_cost": 453.03100252609494, "time_cost": 111.804, "final_distance_cost": 1.7698019535669145, "oscillation_cost": 214.202043155728, "completition_cost": 0.0, "overshoot_cost": 63.87769787975122, "power_cost": 30.375483898925783, "noise_cost": 31.001975638123053, "n_waypoints_completed": 9, "tot_waypoints": 9}}
{"target": -1588.7163398837802, "params": {"k_pid_pos": [1.9641681909561157, 0.9803845286369324, 0.0700373649597168], "k_pid_alt": [1.7253444194793701, 0.9589017629623413, 0.1941637098789215], "k_pid_att": [100.0, 1.0682247877120972, 0.9167392253875732], "k_pid_yaw": [0.5, 1e-06, 0.1], "k_pid_hsp": [10.0, 0.9869658946990967, 0.1795550286769867], "k_pid_vsp": [17.133544921875, 55.076576232910156, 372.698486328125]}, "datetime": {"datetime": "2025-08-11 19:58:07", "elapsed": 12767.102175235748, "delta": 30.237999439239502}, "costs": {"total_cost": 1588.7163398837802, "time_cost": 150, "final_distance_cost": 12.545410834093852, "oscillation_cost": 99.53959998496669, "completition_cost": 1000.0, "overshoot_cost": 165.78202826728722, "power_cost": 34.68628140869141, "noise_cost": 126.16301938874119, "n_waypoints_completed": 0, "tot_waypoints": 9}}
{"target": -1345.7792880236882, "params": {"k_pid_pos": [1.9813588857650757, 0.9797360897064209, 0.5216537117958069], "k_pid_alt": [1.864608883857727, 0.8791759610176086, 0.008634746074676514], "k_pid_att": [100.0, 5.045243740081787, 0.9310277104377747], "k_pid_yaw": [0.5, 1e-06, 0.1], "k_pid_hsp": [9.997640609741211, 0.9412869215011597, 0.20593175292015076], "k_pid_vsp": [0.08550882339477539, 21.323455810546875, 42.023529052734375]}, "datetime": {"datetime": "2025-08-11 19:58:37", "elapsed": 12797.370065927505, "delta": 30.267890691757202}, "costs": {"total_cost": 1345.7792880236882, "time_cost": 150, "final_distance_cost": 51.818841122543965, "oscillation_cost": 281.2043123341036, "completition_cost": 666.6666666666667, "overshoot_cost": 99.83747564777921, "power_cost": 36.077670434570315, "noise_cost": 60.17432181802429, "n_waypoints_completed": 3, "tot_waypoints": 9}}
{"target": -1607.6361394432563, "params": {"k_pid_pos": [1.8873704671859741, 0.8495987057685852, 0.1834610104560852], "k_pid_alt": [1.9098021984100342, 0.223244309425354, 0.17810076475143433], "k_pid_att": [100.0, 2.1253409385681152, 0.4146409034729004], "k_pid_yaw": [0.5, 1e-06, 0.1], "k_pid_hsp": [9.999999046325684, 0.9650242328643799, 0.2857457399368286], "k_pid_vsp": [0.0, 31.693328857421875, 399.99993896484375]}, "datetime": {"datetime": "2025-08-11 19:59:07", "elapsed": 12826.947089195251, "delta": 29.57702326774597}, "costs": {"total_cost": 1607.6361394432563, "time_cost": 150, "final_distance_cost": 10.726542866664202, "oscillation_cost": 121.03069726821192, "completition_cost": 1000.0, "overshoot_cost": 165.11274511981188, "power_cost": 33.96865660400391, "noise_cost": 126.79749758456425, "n_waypoints_completed": 0, "tot_waypoints": 9}}
{"target": -1173.7638014689198, "params": {"k_pid_pos": [1.945443034172058, 0.7586368322372437, 0.10731428861618042], "k_pid_alt": [1.9319837093353271, 0.733077347278595, 0.025812357664108276], "k_pid_att": [100.0, 8.045693397521973, 0.9220333695411682], "k_pid_yaw": [0.5, 1e-06, 0.1], "k_pid_hsp": [10.0, 0.7806172370910645, 0.11016160249710083], "k_pid_vsp": [399.9579162597656, 76.18620300292969, 399.9754943847656]}, "datetime": {"datetime": "2025-08-11 19:59:37", "elapsed": 12856.904996156693, "delta": 29.95790696144104}, "costs": {"total_cost": 1173.7638014689198, "time_cost": 150, "final_distance_cost": 47.97982870318579, "oscillation_cost": 163.5994857591248, "completition_cost": 666.6666666666667, "overshoot_cost": 76.04834186683448, "power_cost": 36.688916784667974, "noise_cost": 32.780561688440066, "n_waypoints_completed": 3, "tot_waypoints": 9}}
{"target": -1564.813839566069, "params": {"k_pid_pos": [1.691046953201294, 0.8698976039886475, 0.13525664806365967], "k_pid_alt": [1.8761250972747803, 0.8902580738067627, 0.02068999409675598], "k_pid_att": [100.0, 3.3813045024871826, 0.9832720756530762], "k_pid_yaw": [0.5, 1e-06, 0.1], "k_pid_hsp": [0.00015841196000110358, 0.9823809862136841, 0.12966042757034302], "k_pid_vsp": [0.0, 181.21881103515625, 399.80072021484375]}, "datetime": {"datetime": "2025-08-11 20:00:07", "elapsed": 12887.021072149277, "delta": 30.11607599258423}, "costs": {"total_cost": 1564.813839566069, "time_cost": 150, "final_distance_cost": 8.297238185437532, "oscillation_cost": 68.75294644829792, "completition_cost": 1000.0, "overshoot_cost": 172.4942419163731, "power_cost": 34.032693713378904, "noise_cost": 131.2367193025816, "n_waypoints_completed": 0, "tot_waypoints": 9}}
{"target": -1553.2260730877554, "params": {"k_pid_pos": [1.863327145576477, 0.9490101337432861, 0.2732289433479309], "k_pid_alt": [1.9124062061309814, 0.8447763323783875, 0.018588989973068237], "k_pid_att": [100.0, 3.230818510055542, 0.980846643447876], "k_pid_yaw": [0.5, 1e-06, 0.1], "k_pid_hsp": [9.999999747378752e-05, 0.9381173849105835, 0.015583336353302002], "k_pid_vsp": [0.7082223892211914, 22.736265182495117, 400.0]}, "datetime": {"datetime": "2025-08-11 20:00:37", "elapsed": 12916.375815868378, "delta": 29.354743719100952}, "costs": {"total_cost": 1553.2260730877554, "time_cost": 150, "final_distance_cost": 13.921546694695245, "oscillation_cost": 64.51066727880325, "completition_cost": 1000.0, "overshoot_cost": 173.22111450960796, "power_cost": 30.592542285156252, "noise_cost": 120.98020231949248, "n_waypoints_completed": 0, "tot_waypoints": 9}}
{"target": -843.4205509832487, "params": {"k_pid_pos": [1.9384498596191406, 0.7254701256752014, 0.1669641137123108], "k_pid_alt": [1.9612586498260498, 0.7621011734008789, 0.016476094722747803], "k_pid_att": [100.0, 6.770446300506592, 0.9072816371917725], "k_pid_yaw": [0.5, 1e-06, 0.1], "k_pid_hsp": [9.999999046325684, 0.9490280747413635, 0.08078023791313171], "k_pid_vsp": [0.04990100860595703, 31.2269229888916, 12.759591102600098]}, "datetime": {"datetime": "2025-08-11 20:01:07", "elapsed": 12946.788400411606, "delta": 30.41258454322815}, "costs": {"total_cost": 843.4205509832487, "time_cost": 150, "final_distance_cost": 69.5704520642781, "oscillation_cost": 162.86095906920457, "completition_cost": 333.33333333333337, "overshoot_cost": 60.43153408068684, "power_cost": 34.79283824462891, "noise_cost": 32.43143419111697, "n_waypoints_completed": 6, "tot_waypoints": 9}}
{"target": -1345.5420257881897, "params": {"k_pid_pos": [1.619799256324768, 0.894182562828064, 0.10571348667144775], "k_pid_alt": [1.9415256977081299, 0.7808065414428711, 0.02987271547317505], "k_pid_att": [100.0, 0.27037960290908813, 0.9332150816917419], "k_pid_yaw": [0.5, 1e-06, 0.1], "k_pid_hsp": [9.999999046325684, 0.7378644943237305, 0.014104753732681274], "k_pid_vsp": [0.060820579528808594, 55.237640380859375, 1.5394697189331055]}, "datetime": {"datetime": "2025-08-11 20:01:37", "elapsed": 12976.997071504593, "delta": 30.20867109298706}, "costs": {"total_cost": 1345.5420257881897, "time_cost": 150, "final_distance_cost": 56.304347591875775, "oscillation_cost": 134.34895793992155, "completition_cost": 888.8888888888888, "overshoot_cost": 52.33792437261047, "power_cost": 33.81358087158203, "noise_cost": 29.848326123311406, "n_waypoints_completed": 1, "tot_waypoints": 9}}
{"target": -1523.0810285650205, "params": {"k_pid_pos": [1.7053015232086182, 0.9179120659828186, 0.05240783095359802], "k_pid_alt": [1.9843883514404297, 0.7458712458610535, 0.11698153614997864], "k_pid_att": [99.98654174804688, 0.6585929989814758, 0.8870466351509094], "k_pid_yaw": [0.5, 1e-06, 0.1], "k_pid_hsp": [1.9827004671096802, 0.9962918758392334, 0.012714087963104248], "k_pid_vsp": [399.9895935058594, 43.24759292602539, 399.870849609375]}, "datetime": {"datetime": "2025-08-11 20:02:07", "elapsed": 13006.802626609802, "delta": 29.80555510520935}, "costs": {"total_cost": 1523.0810285650205, "time_cost": 150, "final_distance_cost": 13.390836872133944, "oscillation_cost": 75.84853093893437, "completition_cost": 1000.0, "overshoot_cost": 160.78741492910282, "power_cost": 34.60323259277344, "noise_cost": 88.45101323207597, "n_waypoints_completed": 0, "tot_waypoints": 9}}
{"target": -1581.011660255238, "params": {"k_pid_pos": [1.8268773555755615, 0.9657349586486816, 0.053241729736328125], "k_pid_alt": [1.9895542860031128, 0.800530731678009, 0.02823251485824585], "k_pid_att": [100.0, 1.0679664611816406, 0.9124364256858826], "k_pid_yaw": [0.5, 1e-06, 0.1], "k_pid_hsp": [9.99986743927002, 0.9635441899299622, 0.14506864547729492], "k_pid_vsp": [1.1254072189331055, 24.063982009887695, 399.1124572753906]}, "datetime": {"datetime": "2025-08-11 20:02:36", "elapsed": 13036.137420415878, "delta": 29.33479380607605}, "costs": {"total_cost": 1581.011660255238, "time_cost": 150, "final_distance_cost": 5.385028809495602, "oscillation_cost": 97.6045527176241, "completition_cost": 1000.0, "overshoot_cost": 165.89685478776775, "power_cost": 34.07700539550781, "noise_cost": 128.04821854484283, "n_waypoints_completed": 0, "tot_waypoints": 9}}
{"target": -1096.2364454348146, "params": {"k_pid_pos": [1.973842740058899, 0.8252354860305786, 0.025668174028396606], "k_pid_alt": [1.8210928440093994, 0.5036446452140808, 0.026217907667160034], "k_pid_att": [6.270164489746094, 0.27391621470451355, 0.9755274057388306], "k_pid_yaw": [0.5, 1e-06, 0.1], "k_pid_hsp": [10.0, 0.8240569829940796, 0.04446756839752197], "k_pid_vsp": [0.00852346420288086, 75.83885192871094, 9.999999974752427e-07]}, "datetime": {"datetime": "2025-08-11 20:03:07", "elapsed": 13067.131568908691, "delta": 30.99414849281311}, "costs": {"total_cost": 1096.2364454348146, "time_cost": 150, "final_distance_cost": 48.9314618327538, "oscillation_cost": 108.5241645036476, "completition_cost": 666.6666666666667, "overshoot_cost": 58.55181660466409, "power_cost": 33.763259191894534, "noise_cost": 29.799076635188037, "n_waypoints_completed": 3, "tot_waypoints": 9}}
{"target": -1576.2891960185648, "params": {"k_pid_pos": [1.9453409910202026, 0.8376473188400269, 0.11078104376792908], "k_pid_alt": [1.5553739070892334, 0.7361796498298645, 0.07457596063613892], "k_pid_att": [100.0, 6.527213096618652, 0.9458602666854858], "k_pid_yaw": [0.5, 1e-06, 0.1], "k_pid_hsp": [10.0, 0.8789698481559753, 0.06497332453727722], "k_pid_vsp": [3.5762786865234375e-05, 102.95291900634766, 400.0]}, "datetime": {"datetime": "2025-08-11 20:03:37", "elapsed": 13097.2386033535, "delta": 30.10703444480896}, "costs": {"total_cost": 1576.2891960185648, "time_cost": 150, "final_distance_cost": 1.928913219661165, "oscillation_cost": 90.52261271297263, "completition_cost": 1000.0, "overshoot_cost": 165.42738612809976, "power_cost": 35.20103321533203, "noise_cost": 133.2092507424992, "n_waypoints_completed": 0, "tot_waypoints": 9}}
{"target": -3708.3863609139203, "params": {"k_pid_pos": [1.8155839443206787, 0.6850026845932007, 0.5257953405380249], "k_pid_alt": [1.958512306213379, 0.22858428955078125, 0.1003028154373169], "k_pid_att": [99.9969253540039, 5.219270706176758, 0.9870429635047913], "k_pid_yaw": [0.5, 1e-06, 0.1], "k_pid_hsp": [9.984482765197754, 0.7717341184616089, 0.03632870316505432], "k_pid_vsp": [0.0058650970458984375, 56.911041259765625, 400.0]}, "datetime": {"datetime": "2025-08-11 20:04:08", "elapsed": 13127.540140867233, "delta": 30.30153751373291}, "costs": {"total_cost": 3708.3863609139203, "time_cost": 150, "final_distance_cost": 624.0187631289725, "oscillation_cost": 658.6746465788066, "completition_cost": 888.8888888888888, "overshoot_cost": 1317.0478820875005, "power_cost": 36.80363703613281, "noise_cost": 32.9525431936189, "n_waypoints_completed": 1, "tot_waypoints": 9}}
{"target": -1609.7724346946206, "params": {"k_pid_pos": [1.8668365478515625, 0.967032790184021, 0.05390787124633789], "k_pid_alt": [1.9705390930175781, 0.9481985569000244, 0.21184641122817993], "k_pid_att": [2.0978360176086426, 2.677075147628784, 0.9511451721191406], "k_pid_yaw": [0.5, 1e-06, 0.1], "k_pid_hsp": [10.0, 0.9836105108261108, 0.04372742772102356], "k_pid_vsp": [0.0, 10.577560424804688, 399.9997253417969]}, "datetime": {"datetime": "2025-08-11 20:04:38", "elapsed": 13157.938451766968, "delta": 30.398310899734497}, "costs": {"total_cost": 1609.7724346946206, "time_cost": 150, "final_distance_cost": 15.00772744760591, "oscillation_cost": 107.22182560558284, "completition_cost": 1000.0, "overshoot_cost": 167.2646697928938, "power_cost": 23.00569122314453, "noise_cost": 147.27252062539347, "n_waypoints_completed": 0, "tot_waypoints": 9}}
{"target": -1262.5325404894647, "params": {"k_pid_pos": [1.8979405164718628, 0.9747409224510193, 0.037056684494018555], "k_pid_alt": [1.8969097137451172, 0.9243146777153015, 0.026594996452331543], "k_pid_att": [99.26663970947266, 6.085477828979492, 0.9326232075691223], "k_pid_yaw": [0.5, 1e-06, 0.1], "k_pid_hsp": [9.644021987915039, 0.9714293479919434, 0.1297815442085266], "k_pid_vsp": [400.0, 13.347030639648438, 399.9549865722656]}, "datetime": {"datetime": "2025-08-11 20:05:08", "elapsed": 13188.012106657028, "delta": 30.073654890060425}, "costs": {"total_cost": 1262.5325404894647, "time_cost": 150, "final_distance_cost": 67.9588319811182, "oscillation_cost": 121.12453025703819, "completition_cost": 777.7777777777778, "overshoot_cost": 77.06616940536091, "power_cost": 36.90903377685547, "noise_cost": 31.696197291314174, "n_waypoints_completed": 2, "tot_waypoints": 9}}
