{"target": -1584.8089278301777, "params": {"k_pid_pos": [1.9896756410598755, 0.9837732911109924, 0.02927577495574951], "k_pid_alt": [1.9718074798583984, 0.8752404451370239, 0.07533007860183716], "k_pid_att": [99.9538803100586, 0.38575097918510437, 0.9502243995666504], "k_pid_yaw": [0.5, 1e-06, 0.1], "k_pid_hsp": [10.0, 0.9627060890197754, 0.18896901607513428], "k_pid_vsp": [0.0, 7.291806697845459, 388.8931884765625]}, "datetime": {"datetime": "2025-08-11 23:04:32", "elapsed": 23952.03000974655, "delta": 30.547215223312378}, "costs": {"total_cost": 1584.8089278301777, "time_cost": 150, "final_distance_cost": 3.3254099263721444, "oscillation_cost": 95.55108451420332, "completition_cost": 1000.0, "overshoot_cost": 165.87052559416844, "power_cost": 32.114695617675785, "noise_cost": 137.94721217775802, "n_waypoints_completed": 0, "tot_waypoints": 9}}
{"target": -1391.7673881868752, "params": {"k_pid_pos": [1.5030567646026611, 0.9701519012451172, 0.008725345134735107], "k_pid_alt": [1.9877634048461914, 0.7306704521179199, 0.14085674285888672], "k_pid_att": [100.0, 0.22942419350147247, 0.9620996117591858], "k_pid_yaw": [0.5, 1e-06, 0.1], "k_pid_hsp": [9.999999046325684, 0.9696919918060303, 0.0419313907623291], "k_pid_vsp": [400.0, 43.81704330444336, 220.846435546875]}, "datetime": {"datetime": "2025-08-11 23:05:03", "elapsed": 23983.291387796402, "delta": 31.261378049850464}, "costs": {"total_cost": 1391.7673881868752, "time_cost": 150, "final_distance_cost": 46.72891282389933, "oscillation_cost": 91.4997104463005, "completition_cost": 1000.0, "overshoot_cost": 37.274204696437984, "power_cost": 35.858264941406254, "noise_cost": 30.406295278831127, "n_waypoints_completed": 0, "tot_waypoints": 9}}
{"target": -1588.4429051453185, "params": {"k_pid_pos": [1.959402084350586, 0.8559669256210327, 0.04492649435997009], "k_pid_alt": [0.7006326913833618, 0.9584243297576904, 0.00979393720626831], "k_pid_att": [100.0, 0.5653210282325745, 0.9251276254653931], "k_pid_yaw": [0.5, 1e-06, 0.1], "k_pid_hsp": [9.999619483947754, 0.9858386516571045, 0.13642370700836182], "k_pid_vsp": [0.0687718391418457, 13.75903034210205, 400.0]}, "datetime": {"datetime": "2025-08-11 23:05:34", "elapsed": 24013.617099046707, "delta": 30.325711250305176}, "costs": {"total_cost": 1588.4429051453185, "time_cost": 150, "final_distance_cost": 5.270486900601558, "oscillation_cost": 95.73805083481736, "completition_cost": 1000.0, "overshoot_cost": 165.68020247521366, "power_cost": 33.779526757812505, "noise_cost": 137.9746381768731, "n_waypoints_completed": 0, "tot_waypoints": 9}}
{"target": -1395.6793462226055, "params": {"k_pid_pos": [1.7246654033660889, 0.9549139738082886, 0.024927884340286255], "k_pid_alt": [1.537775993347168, 0.8416198492050171, 0.03564929962158203], "k_pid_att": [99.85859680175781, 1.6378451585769653, 0.9478591680526733], "k_pid_yaw": [0.5, 1e-06, 0.1], "k_pid_hsp": [9.998248100280762, 0.9779039621353149, 0.014064490795135498], "k_pid_vsp": [399.9998474121094, 1.7021665573120117, 331.7087097167969]}, "datetime": {"datetime": "2025-08-11 23:06:04", "elapsed": 24043.7898311615, "delta": 30.17273211479187}, "costs": {"total_cost": 1395.6793462226055, "time_cost": 150, "final_distance_cost": 43.24148402661192, "oscillation_cost": 60.11692689724646, "completition_cost": 1000.0, "overshoot_cost": 77.83426648489069, "power_cost": 33.963061840820316, "noise_cost": 30.523606973035974, "n_waypoints_completed": 0, "tot_waypoints": 9}}
{"target": -1569.6590234656635, "params": {"k_pid_pos": [1.9853837490081787, 0.9479232430458069, 0.02333196997642517], "k_pid_alt": [1.989238977432251, 0.9833049178123474, 0.018424540758132935], "k_pid_att": [99.9990234375, 5.970550537109375, 0.830360472202301], "k_pid_yaw": [0.5, 1e-06, 0.1], "k_pid_hsp": [10.0, 0.9933952689170837, 0.044543325901031494], "k_pid_vsp": [0.27004480361938477, 12.379349708557129, 399.98687744140625]}, "datetime": {"datetime": "2025-08-11 23:06:35", "elapsed": 24074.599986076355, "delta": 30.810154914855957}, "costs": {"total_cost": 1569.6590234656635, "time_cost": 150, "final_distance_cost": 4.846029011558804, "oscillation_cost": 79.86892900094382, "completition_cost": 1000.0, "overshoot_cost": 165.7502156088976, "power_cost": 29.937093981933597, "noise_cost": 139.25675586232947, "n_waypoints_completed": 0, "tot_waypoints": 9}}
{"target": -338.6730806687661, "params": {"k_pid_pos": [1.816017746925354, 0.9673274755477905, 0.04940059781074524], "k_pid_alt": [1.9555490016937256, 0.8741210103034973, 0.03222492337226868], "k_pid_att": [100.0, 5.477774620056152, 0.8093339800834656], "k_pid_yaw": [0.5, 1e-06, 0.1], "k_pid_hsp": [0.14288447797298431, 0.9848266839981079, 0.03427758812904358], "k_pid_vsp": [398.30718994140625, 4.916418552398682, 0.00033478601835668087]}, "datetime": {"datetime": "2025-08-11 23:07:02", "elapsed": 24102.11366200447, "delta": 27.513675928115845}, "costs": {"total_cost": 338.6730806687661, "time_cost": 108.199, "final_distance_cost": 1.7129143018889557, "oscillation_cost": 89.38050595772604, "completition_cost": 0.0, "overshoot_cost": 78.63693558829837, "power_cost": 29.124517895507815, "noise_cost": 31.61920692534489, "n_waypoints_completed": 9, "tot_waypoints": 9}}
{"target": -1543.4115893833787, "params": {"k_pid_pos": [1.9760552644729614, 0.9783441424369812, 0.02723097801208496], "k_pid_alt": [1.9853556156158447, 0.9662318825721741, 0.023128926753997803], "k_pid_att": [100.0, 0.19171270728111267, 0.9757372140884399], "k_pid_yaw": [0.5, 1e-06, 0.1], "k_pid_hsp": [9.972857475280762, 0.9956536293029785, 0.022376060485839844], "k_pid_vsp": [0.0, 7.134164333343506, 400.0]}, "datetime": {"datetime": "2025-08-11 23:07:33", "elapsed": 24132.75038933754, "delta": 30.636727333068848}, "costs": {"total_cost": 1543.4115893833787, "time_cost": 150, "final_distance_cost": 10.089080624191428, "oscillation_cost": 57.62485259247046, "completition_cost": 1000.0, "overshoot_cost": 164.4177933115895, "power_cost": 26.103081787109375, "noise_cost": 135.1767810680179, "n_waypoints_completed": 0, "tot_waypoints": 9}}
{"target": -1182.3817967809885, "params": {"k_pid_pos": [1.8189629316329956, 0.9761216640472412, 0.05702775716781616], "k_pid_alt": [1.9523444175720215, 0.6547666788101196, 0.010156363248825073], "k_pid_att": [100.0, 0.25010737776756287, 0.9959161281585693], "k_pid_yaw": [0.5, 1e-06, 0.1], "k_pid_hsp": [0.0001295039983233437, 0.9952223300933838, 0.09468591213226318], "k_pid_vsp": [400.0, 33.69483947753906, 398.1920166015625]}, "datetime": {"datetime": "2025-08-11 23:08:04", "elapsed": 24163.40298819542, "delta": 30.65259885787964}, "costs": {"total_cost": 1182.3817967809885, "time_cost": 150, "final_distance_cost": 111.90869146853105, "oscillation_cost": 79.20535044806607, "completition_cost": 666.6666666666667, "overshoot_cost": 103.76081230811646, "power_cost": 37.581793286132815, "noise_cost": 33.25848260347528, "n_waypoints_completed": 3, "tot_waypoints": 9}}
{"target": -1561.8830411238903, "params": {"k_pid_pos": [1.9654903411865234, 0.8826733827590942, 0.08471482992172241], "k_pid_alt": [1.9285979270935059, 0.9932386875152588, 0.006503790616989136], "k_pid_att": [100.0, 0.5808290839195251, 0.9255456328392029], "k_pid_yaw": [0.5, 1e-06, 0.1], "k_pid_hsp": [10.0, 0.9927036762237549, 0.033728718757629395], "k_pid_vsp": [305.2041931152344, 46.361968994140625, 400.0]}, "datetime": {"datetime": "2025-08-11 23:08:34", "elapsed": 24193.440680503845, "delta": 30.037692308425903}, "costs": {"total_cost": 1561.8830411238903, "time_cost": 150, "final_distance_cost": 10.839421934834418, "oscillation_cost": 77.25581025836222, "completition_cost": 1000.0, "overshoot_cost": 164.3528194414908, "power_cost": 34.34847359619141, "noise_cost": 125.08651589301165, "n_waypoints_completed": 0, "tot_waypoints": 9}}
{"target": -1250.6835783747422, "params": {"k_pid_pos": [1.9264839887619019, 0.9820051193237305, 0.19829493761062622], "k_pid_alt": [1.9621922969818115, 0.9714081287384033, 0.025233834981918335], "k_pid_att": [99.99867248535156, 8.026602745056152, 0.9890141487121582], "k_pid_yaw": [0.5, 1e-06, 0.1], "k_pid_hsp": [6.061379432678223, 0.9620378017425537, 0.04335188865661621], "k_pid_vsp": [0.0, 25.5028018951416, 0.0875721424818039]}, "datetime": {"datetime": "2025-08-11 23:09:04", "elapsed": 24223.927993774414, "delta": 30.487313270568848}, "costs": {"total_cost": 1250.6835783747422, "time_cost": 150, "final_distance_cost": 101.56707882020478, "oscillation_cost": 95.85844416174557, "completition_cost": 777.7777777777778, "overshoot_cost": 59.96058508042028, "power_cost": 31.148570849609378, "noise_cost": 34.37112168498451, "n_waypoints_completed": 2, "tot_waypoints": 9}}
{"target": -1541.7995209802164, "params": {"k_pid_pos": [1.7636953592300415, 0.9410551190376282, 0.010369479656219482], "k_pid_alt": [1.9936150312423706, 0.8819211721420288, 0.058124393224716187], "k_pid_att": [100.0, 1.8804104328155518, 0.9908144474029541], "k_pid_yaw": [0.5, 1e-06, 0.1], "k_pid_hsp": [9.999999046325684, 0.9282835721969604, 0.020708948373794556], "k_pid_vsp": [31.032073974609375, 26.368215560913086, 400.0]}, "datetime": {"datetime": "2025-08-11 23:09:34", "elapsed": 24253.680797338486, "delta": 29.752803564071655}, "costs": {"total_cost": 1541.7995209802164, "time_cost": 150, "final_distance_cost": 12.624387807026975, "oscillation_cost": 63.25237128946294, "completition_cost": 1000.0, "overshoot_cost": 164.5540246166227, "power_cost": 33.367204321289066, "noise_cost": 118.00153294581479, "n_waypoints_completed": 0, "tot_waypoints": 9}}
{"target": -1561.7839935013599, "params": {"k_pid_pos": [1.9867069721221924, 0.9127199649810791, 0.02099698781967163], "k_pid_alt": [1.9873170852661133, 0.9094552993774414, 0.035540997982025146], "k_pid_att": [23.176393508911133, 1.78445565700531, 0.8321349620819092], "k_pid_yaw": [0.5, 1e-06, 0.1], "k_pid_hsp": [10.0, 0.953188955783844, 0.16585788130760193], "k_pid_vsp": [0.010776519775390625, 3.6028871536254883, 399.7876892089844]}, "datetime": {"datetime": "2025-08-11 23:10:05", "elapsed": 24284.527460813522, "delta": 30.84666347503662}, "costs": {"total_cost": 1561.7839935013599, "time_cost": 150, "final_distance_cost": 12.968375271943353, "oscillation_cost": 71.92871159098614, "completition_cost": 1000.0, "overshoot_cost": 166.51382577231016, "power_cost": 19.385403259277346, "noise_cost": 140.9876776068429, "n_waypoints_completed": 0, "tot_waypoints": 9}}
{"target": -1429.79338083863, "params": {"k_pid_pos": [1.9256343841552734, 0.9680260419845581, 0.0904490053653717], "k_pid_alt": [1.7071099281311035, 0.78066486120224, 0.009903758764266968], "k_pid_att": [100.0, 0.2666069567203522, 0.9679628610610962], "k_pid_yaw": [0.5, 1e-06, 0.1], "k_pid_hsp": [0.004758652299642563, 0.8536509275436401, 0.04821300506591797], "k_pid_vsp": [399.99176025390625, 6.707907676696777, 399.9996032714844]}, "datetime": {"datetime": "2025-08-11 23:10:35", "elapsed": 24315.094558238983, "delta": 30.567097425460815}, "costs": {"total_cost": 1429.79338083863, "time_cost": 150, "final_distance_cost": 43.43846010037731, "oscillation_cost": 61.47627326060852, "completition_cost": 1000.0, "overshoot_cost": 103.40948854507234, "power_cost": 36.50024744873047, "noise_cost": 34.968911483841445, "n_waypoints_completed": 0, "tot_waypoints": 9}}
{"target": -1589.4749503093253, "params": {"k_pid_pos": [1.9909687042236328, 0.8506700992584229, 0.04093414545059204], "k_pid_alt": [1.4197595119476318, 0.8399019241333008, 0.032907843589782715], "k_pid_att": [100.0, 2.472100257873535, 0.9791280031204224], "k_pid_yaw": [0.5, 1e-06, 0.1], "k_pid_hsp": [10.0, 0.9405111074447632, 0.134561687707901], "k_pid_vsp": [0.0, 74.17642974853516, 399.97491455078125]}, "datetime": {"datetime": "2025-08-11 23:11:06", "elapsed": 24345.75452709198, "delta": 30.659968852996826}, "costs": {"total_cost": 1589.4749503093253, "time_cost": 150, "final_distance_cost": 10.693614253961284, "oscillation_cost": 99.75846630291187, "completition_cost": 1000.0, "overshoot_cost": 165.71101345901167, "power_cost": 34.682479077148436, "noise_cost": 128.62937721629203, "n_waypoints_completed": 0, "tot_waypoints": 9}}
{"target": -769.8528521198065, "params": {"k_pid_pos": [1.9811286926269531, 0.9149255752563477, 0.020232349634170532], "k_pid_alt": [1.907665491104126, 0.9300297498703003, 0.07006531953811646], "k_pid_att": [100.0, 4.777759075164795, 0.9660813808441162], "k_pid_yaw": [0.5, 1e-06, 0.1], "k_pid_hsp": [9.999999046325684, 0.9819860458374023, 0.10939395427703857], "k_pid_vsp": [399.2827453613281, 3.1518588066101074, 94.62931060791016]}, "datetime": {"datetime": "2025-08-11 23:11:36", "elapsed": 24375.975943803787, "delta": 30.22141671180725}, "costs": {"total_cost": 769.8528521198065, "time_cost": 150, "final_distance_cost": 62.38659376088822, "oscillation_cost": 194.54757763197293, "completition_cost": 222.2222222222222, "overshoot_cost": 73.21601544887152, "power_cost": 36.34878400878907, "noise_cost": 31.13165904706256, "n_waypoints_completed": 7, "tot_waypoints": 9}}
{"target": -1577.2493045443605, "params": {"k_pid_pos": [1.7440658807754517, 0.9794601798057556, 0.14437520503997803], "k_pid_alt": [1.9804644584655762, 0.9756896495819092, 0.03201305866241455], "k_pid_att": [100.0, 1.516945242881775, 0.63325434923172], "k_pid_yaw": [0.5, 1e-06, 0.1], "k_pid_hsp": [0.0001011920758173801, 0.9419325590133667, 0.10157570242881775], "k_pid_vsp": [0.0, 11.792899131774902, 400.0]}, "datetime": {"datetime": "2025-08-11 23:12:06", "elapsed": 24405.66917848587, "delta": 29.69323468208313}, "costs": {"total_cost": 1577.2493045443605, "time_cost": 150, "final_distance_cost": 17.165116252831538, "oscillation_cost": 64.38349993143721, "completition_cost": 1000.0, "overshoot_cost": 172.7625320376228, "power_cost": 24.873277758789065, "noise_cost": 148.0648785636799, "n_waypoints_completed": 0, "tot_waypoints": 9}}
{"target": -1179.339460650351, "params": {"k_pid_pos": [1.9644657373428345, 0.9399120807647705, 0.04045844078063965], "k_pid_alt": [1.985915184020996, 0.7024412155151367, 0.041486144065856934], "k_pid_att": [100.0, 3.162278890609741, 0.9906449317932129], "k_pid_yaw": [0.5, 1e-06, 0.1], "k_pid_hsp": [9.992452621459961, 0.963312029838562, 0.15433770418167114], "k_pid_vsp": [399.9989929199219, 13.296950340270996, 399.99078369140625]}, "datetime": {"datetime": "2025-08-11 23:12:36", "elapsed": 24436.130044937134, "delta": 30.460866451263428}, "costs": {"total_cost": 1179.339460650351, "time_cost": 150, "final_distance_cost": 91.9823494251638, "oscillation_cost": 119.98207430540262, "completition_cost": 666.6666666666667, "overshoot_cost": 81.67776877578555, "power_cost": 37.04905869140625, "noise_cost": 31.981542785925893, "n_waypoints_completed": 3, "tot_waypoints": 9}}
{"target": -1586.248284590179, "params": {"k_pid_pos": [1.8771255016326904, 0.9615057706832886, 0.01269620656967163], "k_pid_alt": [1.9540956020355225, 0.40598294138908386, 0.005532562732696533], "k_pid_att": [99.99671936035156, 1.8637615442276, 0.9869443774223328], "k_pid_yaw": [0.5, 1e-06, 0.1], "k_pid_hsp": [10.0, 0.8662505149841309, 0.06958776712417603], "k_pid_vsp": [0.0, 11.693633079528809, 3.5625228881835938]}, "datetime": {"datetime": "2025-08-11 23:13:07", "elapsed": 24466.98946905136, "delta": 30.859424114227295}, "costs": {"total_cost": 1586.248284590179, "time_cost": 150, "final_distance_cost": 13.481751464576718, "oscillation_cost": 82.62613139304425, "completition_cost": 1000.0, "overshoot_cost": 166.31143154166264, "power_cost": 24.832577551269534, "noise_cost": 148.99639263962598, "n_waypoints_completed": 0, "tot_waypoints": 9}}
{"target": -1564.2607142664103, "params": {"k_pid_pos": [1.990668773651123, 0.9498072266578674, 0.022465258836746216], "k_pid_alt": [1.971876621246338, 0.8455594778060913, 0.017687946557998657], "k_pid_att": [100.0, 0.23048782348632812, 0.9918546676635742], "k_pid_yaw": [0.5, 1e-06, 0.1], "k_pid_hsp": [10.0, 0.9327736496925354, 0.03280293941497803], "k_pid_vsp": [0.00015497207641601562, 58.49692916870117, 399.99713134765625]}, "datetime": {"datetime": "2025-08-11 23:13:38", "elapsed": 24497.877751350403, "delta": 30.888282299041748}, "costs": {"total_cost": 1564.2607142664103, "time_cost": 150, "final_distance_cost": 8.273342113334204, "oscillation_cost": 76.54902207418692, "completition_cost": 1000.0, "overshoot_cost": 166.0598290013373, "power_cost": 33.33771271972656, "noise_cost": 130.04080835782534, "n_waypoints_completed": 0, "tot_waypoints": 9}}
{"target": -1373.3210551455043, "params": {"k_pid_pos": [1.981506109237671, 0.977663516998291, 0.017478615045547485], "k_pid_alt": [1.9882748126983643, 0.8364327549934387, 0.023324191570281982], "k_pid_att": [100.0, 0.6808098554611206, 0.9501955509185791], "k_pid_yaw": [0.5, 1e-06, 0.1], "k_pid_hsp": [9.988714218139648, 0.9124635457992554, 0.11378699541091919], "k_pid_vsp": [380.44873046875, 18.803943634033203, 393.596435546875]}, "datetime": {"datetime": "2025-08-11 23:14:09", "elapsed": 24528.46400165558, "delta": 30.58625030517578}, "costs": {"total_cost": 1373.3210551455043, "time_cost": 150, "final_distance_cost": 61.90894643744195, "oscillation_cost": 124.32476207401233, "completition_cost": 888.8888888888888, "overshoot_cost": 79.24321089970513, "power_cost": 36.848407141113285, "noise_cost": 32.1068397043428, "n_waypoints_completed": 1, "tot_waypoints": 9}}
{"target": -1585.3441909436192, "params": {"k_pid_pos": [1.9706766605377197, 0.8157802224159241, 0.017705023288726807], "k_pid_alt": [1.9337806701660156, 0.9727271199226379, 0.012301802635192871], "k_pid_att": [100.0, 0.5027236938476562, 0.996357798576355], "k_pid_yaw": [0.5, 1e-06, 0.1], "k_pid_hsp": [9.999805450439453, 0.9825211763381958, 0.2762144207954407], "k_pid_vsp": [2.384185791015625e-05, 1.7434487342834473, 400.0]}, "datetime": {"datetime": "2025-08-11 23:14:39", "elapsed": 24558.798547029495, "delta": 30.334545373916626}, "costs": {"total_cost": 1585.3441909436192, "time_cost": 150, "final_distance_cost": 7.19931854429922, "oscillation_cost": 95.33364015418188, "completition_cost": 1000.0, "overshoot_cost": 165.8281159083772, "power_cost": 30.04229128417969, "noise_cost": 136.94082505258112, "n_waypoints_completed": 0, "tot_waypoints": 9}}
{"target": -1536.233824013577, "params": {"k_pid_pos": [1.9900259971618652, 0.9444320201873779, 0.1668669581413269], "k_pid_alt": [1.9794249534606934, 0.7343816757202148, 0.05252644419670105], "k_pid_att": [100.0, 4.351355075836182, 0.9137235283851624], "k_pid_yaw": [0.5, 1e-06, 0.1], "k_pid_hsp": [0.04330727458000183, 0.9846378564834595, 0.11842191219329834], "k_pid_vsp": [0.0, 2.174807548522949, 399.40692138671875]}, "datetime": {"datetime": "2025-08-11 23:15:09", "elapsed": 24589.306671142578, "delta": 30.508124113082886}, "costs": {"total_cost": 1536.233824013577, "time_cost": 150, "final_distance_cost": 8.830578178312797, "oscillation_cost": 45.122668895549545, "completition_cost": 1000.0, "overshoot_cost": 172.69492811070646, "power_cost": 18.354572216796875, "noise_cost": 141.23107661221138, "n_waypoints_completed": 0, "tot_waypoints": 9}}
{"target": -1573.3587391712188, "params": {"k_pid_pos": [1.9212206602096558, 0.9866572618484497, 0.012348920106887817], "k_pid_alt": [1.8832166194915771, 0.9960706233978271, 0.010814011096954346], "k_pid_att": [100.0, 0.8681477308273315, 0.8898276686668396], "k_pid_yaw": [0.5, 1e-06, 0.1], "k_pid_hsp": [9.999998092651367, 0.968870997428894, 0.040609657764434814], "k_pid_vsp": [0.0, 71.59256744384766, 397.1271057128906]}, "datetime": {"datetime": "2025-08-11 23:15:40", "elapsed": 24620.028854846954, "delta": 30.72218370437622}, "costs": {"total_cost": 1573.3587391712188, "time_cost": 150, "final_distance_cost": 9.91140660687005, "oscillation_cost": 81.67450385550876, "completition_cost": 1000.0, "overshoot_cost": 166.26690003443858, "power_cost": 34.281263916015625, "noise_cost": 131.22466475838584, "n_waypoints_completed": 0, "tot_waypoints": 9}}
{"target": -1535.949343865577, "params": {"k_pid_pos": [1.9717744588851929, 0.9522565007209778, 0.020711451768875122], "k_pid_alt": [1.9612126350402832, 0.9486832022666931, 0.04008185863494873], "k_pid_att": [99.99998474121094, 0.5910983085632324, 0.9701164364814758], "k_pid_yaw": [0.5, 1e-06, 0.1], "k_pid_hsp": [10.0, 0.9816319942474365, 0.018997639417648315], "k_pid_vsp": [0.0, 4.724932670593262, 25.708831787109375]}, "datetime": {"datetime": "2025-08-11 23:16:11", "elapsed": 24650.71461248398, "delta": 30.685757637023926}, "costs": {"total_cost": 1535.949343865577, "time_cost": 150, "final_distance_cost": 9.56045764488421, "oscillation_cost": 51.79519852389155, "completition_cost": 1000.0, "overshoot_cost": 164.4282347620056, "power_cost": 20.98777801513672, "noise_cost": 139.17767491965895, "n_waypoints_completed": 0, "tot_waypoints": 9}}
{"target": -1582.8314750926356, "params": {"k_pid_pos": [1.8387264013290405, 0.9735883474349976, 0.004980534315109253], "k_pid_alt": [1.93086838722229, 0.7325248718261719, 0.06202247738838196], "k_pid_att": [97.84027862548828, 2.0855698585510254, 0.888748288154602], "k_pid_yaw": [0.5, 1e-06, 0.1], "k_pid_hsp": [10.0, 0.9381340146064758, 0.6719881892204285], "k_pid_vsp": [0.0, 5.546225070953369, 400.0]}, "datetime": {"datetime": "2025-08-11 23:16:41", "elapsed": 24680.78791642189, "delta": 30.073303937911987}, "costs": {"total_cost": 1582.8314750926356, "time_cost": 150, "final_distance_cost": 11.685769995279655, "oscillation_cost": 93.77944849245189, "completition_cost": 1000.0, "overshoot_cost": 166.07555044058668, "power_cost": 30.75171695556641, "noise_cost": 130.53898920875088, "n_waypoints_completed": 0, "tot_waypoints": 9}}
