{"target": -846.5489337977937, "params": {"k_pid_pos": [1.8007166385650635, 0.988970160484314, 0.09789851307868958], "k_pid_alt": [1.8485519886016846, 0.9753135442733765, 0.0757952332496643], "k_pid_att": [100.0, 5.8855695724487305, 0.9593566656112671], "k_pid_yaw": [0.5, 1e-06, 0.1], "k_pid_hsp": [9.994307518005371, 0.9807446002960205, 0.0019593536853790283], "k_pid_vsp": [399.99993896484375, 10.058821678161621, 237.90774536132812]}, "datetime": {"datetime": "2025-08-12 01:52:03", "elapsed": 34003.29743599892, "delta": 30.053833484649658}, "costs": {"total_cost": 846.5489337977937, "time_cost": 150, "final_distance_cost": 44.67209977300177, "oscillation_cost": 73.27103134674229, "completition_cost": 444.4444444444444, "overshoot_cost": 71.18075122851984, "power_cost": 33.39120192871094, "noise_cost": 29.589405076374415, "n_waypoints_completed": 5, "tot_waypoints": 9}}
{"target": -1540.2347979103342, "params": {"k_pid_pos": [1.989106297492981, 0.9444714784622192, 0.049863606691360474], "k_pid_alt": [1.885277271270752, 0.95316481590271, 0.01910799741744995], "k_pid_att": [7.64615535736084, 0.2549695670604706, 0.9782414436340332], "k_pid_yaw": [0.5, 1e-06, 0.1], "k_pid_hsp": [9.998494148254395, 0.9677368402481079, 0.1198890209197998], "k_pid_vsp": [0.006866455078125, 2.370692253112793, 399.735595703125]}, "datetime": {"datetime": "2025-08-12 01:52:34", "elapsed": 34033.67116570473, "delta": 30.373729705810547}, "costs": {"total_cost": 1540.2347979103342, "time_cost": 150, "final_distance_cost": 10.42056997889963, "oscillation_cost": 55.4971481256256, "completition_cost": 1000.0, "overshoot_cost": 168.80815937814478, "power_cost": 15.494101318359375, "noise_cost": 140.014819109305, "n_waypoints_completed": 0, "tot_waypoints": 9}}
{"target": -1554.4617339469041, "params": {"k_pid_pos": [1.8950767517089844, 0.9793462753295898, 0.006071239709854126], "k_pid_alt": [1.9979345798492432, 0.9550976753234863, 0.011490046977996826], "k_pid_att": [100.0, 0.35001567006111145, 0.9950586557388306], "k_pid_yaw": [0.5, 1e-06, 0.1], "k_pid_hsp": [10.0, 0.98564213514328, 0.017574965953826904], "k_pid_vsp": [0.00040531158447265625, 2.22988224029541, 9.999999974752427e-07]}, "datetime": {"datetime": "2025-08-12 01:53:05", "elapsed": 34065.13484954834, "delta": 31.46368384361267}, "costs": {"total_cost": 1554.4617339469041, "time_cost": 150, "final_distance_cost": 11.584085542883425, "oscillation_cost": 70.18179109157482, "completition_cost": 1000.0, "overshoot_cost": 166.83627570985817, "power_cost": 15.18937254638672, "noise_cost": 140.67020905620095, "n_waypoints_completed": 0, "tot_waypoints": 9}}
{"target": -1310.7789129940563, "params": {"k_pid_pos": [1.5649991035461426, 0.9705783128738403, 0.008312493562698364], "k_pid_alt": [1.9722933769226074, 0.9883577823638916, 0.006656467914581299], "k_pid_att": [100.0, 0.20332953333854675, 0.9387351870536804], "k_pid_yaw": [0.5, 1e-06, 0.1], "k_pid_hsp": [10.0, 0.961658239364624, 0.03418999910354614], "k_pid_vsp": [399.99993896484375, 15.833426475524902, 0.029326485469937325]}, "datetime": {"datetime": "2025-08-12 01:53:37", "elapsed": 34096.49820685387, "delta": 31.363357305526733}, "costs": {"total_cost": 1310.7789129940563, "time_cost": 150, "final_distance_cost": 65.49257688096404, "oscillation_cost": 101.24501618754573, "completition_cost": 888.8888888888888, "overshoot_cost": 41.0851119362968, "power_cost": 30.220252856445313, "noise_cost": 33.84706624391579, "n_waypoints_completed": 1, "tot_waypoints": 9}}
{"target": -1136.7182416638777, "params": {"k_pid_pos": [1.9718389511108398, 0.9404090046882629, 0.05684775114059448], "k_pid_alt": [1.9386770725250244, 0.88832688331604, 0.003563016653060913], "k_pid_att": [100.0, 2.553039312362671, 0.9738684892654419], "k_pid_yaw": [0.5, 1e-06, 0.1], "k_pid_hsp": [10.0, 0.9816969037055969, 0.010232597589492798], "k_pid_vsp": [0.0, 71.0468978881836, 3.4048209190368652]}, "datetime": {"datetime": "2025-08-12 01:54:08", "elapsed": 34127.87400794029, "delta": 31.37580108642578}, "costs": {"total_cost": 1136.7182416638777, "time_cost": 150, "final_distance_cost": 52.5915195490127, "oscillation_cost": 143.41037387471528, "completition_cost": 666.6666666666667, "overshoot_cost": 58.494326386981484, "power_cost": 34.18874479980469, "noise_cost": 31.36661038669671, "n_waypoints_completed": 3, "tot_waypoints": 9}}
{"target": -1544.200688938013, "params": {"k_pid_pos": [1.9462684392929077, 0.9929866790771484, 0.017559051513671875], "k_pid_alt": [1.9980494976043701, 0.9093421101570129, 0.0193406343460083], "k_pid_att": [100.0, 1.5821952819824219, 0.9695641994476318], "k_pid_yaw": [0.5, 1e-06, 0.1], "k_pid_hsp": [9.785131454467773, 0.9952428340911865, 0.03263339400291443], "k_pid_vsp": [0.0027418136596679688, 4.059089183807373, 399.0926818847656]}, "datetime": {"datetime": "2025-08-12 01:54:39", "elapsed": 34158.55066370964, "delta": 30.676655769348145}, "costs": {"total_cost": 1544.200688938013, "time_cost": 150, "final_distance_cost": 4.232832180752622, "oscillation_cost": 66.11465356971581, "completition_cost": 1000.0, "overshoot_cost": 164.50377536063897, "power_cost": 26.300301904296877, "noise_cost": 133.0491259226087, "n_waypoints_completed": 0, "tot_waypoints": 9}}
{"target": -1563.930158537941, "params": {"k_pid_pos": [1.8006699085235596, 0.9906258583068848, 0.10627797245979309], "k_pid_alt": [1.9110925197601318, 0.9960454702377319, 0.003593921661376953], "k_pid_att": [99.9990005493164, 0.5234003067016602, 0.9676680564880371], "k_pid_yaw": [0.5, 1e-06, 0.1], "k_pid_hsp": [10.0, 0.9954559803009033, 0.02386230230331421], "k_pid_vsp": [0.0072479248046875, 13.763703346252441, 9.999999974752427e-07]}, "datetime": {"datetime": "2025-08-12 01:55:10", "elapsed": 34189.8703918457, "delta": 31.319728136062622}, "costs": {"total_cost": 1563.930158537941, "time_cost": 150, "final_distance_cost": 11.978885149742107, "oscillation_cost": 60.27115846828895, "completition_cost": 1000.0, "overshoot_cost": 165.50525451453322, "power_cost": 24.398927209472657, "noise_cost": 151.77593319590423, "n_waypoints_completed": 0, "tot_waypoints": 9}}
{"target": -1408.3206884109834, "params": {"k_pid_pos": [1.991151213645935, 0.9344874024391174, 0.1254742443561554], "k_pid_alt": [1.9868220090866089, 0.9819791316986084, 0.025604665279388428], "k_pid_att": [100.0, 0.3479873538017273, 0.9820257425308228], "k_pid_yaw": [0.5, 1e-06, 0.1], "k_pid_hsp": [10.0, 0.9748913645744324, 0.018985092639923096], "k_pid_vsp": [383.6056213378906, 6.700409412384033, 333.761962890625]}, "datetime": {"datetime": "2025-08-12 01:55:41", "elapsed": 34220.74968576431, "delta": 30.87929391860962}, "costs": {"total_cost": 1408.3206884109834, "time_cost": 150, "final_distance_cost": 29.526603085809672, "oscillation_cost": 63.864585309342516, "completition_cost": 1000.0, "overshoot_cost": 99.93322818655552, "power_cost": 34.634350817871095, "noise_cost": 30.36192101140453, "n_waypoints_completed": 0, "tot_waypoints": 9}}
{"target": -1568.4681759550965, "params": {"k_pid_pos": [1.9580461978912354, 0.991213321685791, 0.08052730560302734], "k_pid_alt": [1.962973713874817, 0.9156915545463562, 0.015226036310195923], "k_pid_att": [100.0, 6.098860263824463, 0.9939880967140198], "k_pid_yaw": [0.5, 1e-06, 0.1], "k_pid_hsp": [10.0, 0.9679359197616577, 0.07695990800857544], "k_pid_vsp": [0.0004410743713378906, 4.950214385986328, 399.99993896484375]}, "datetime": {"datetime": "2025-08-12 01:56:12", "elapsed": 34251.75811433792, "delta": 31.0084285736084}, "costs": {"total_cost": 1568.4681759550965, "time_cost": 150, "final_distance_cost": 2.652513657562112, "oscillation_cost": 85.75303118178886, "completition_cost": 1000.0, "overshoot_cost": 165.7905593901209, "power_cost": 30.44387283935547, "noise_cost": 133.82819888626904, "n_waypoints_completed": 0, "tot_waypoints": 9}}
{"target": -1578.7012184130915, "params": {"k_pid_pos": [1.4769269227981567, 0.9579912424087524, 0.02352273464202881], "k_pid_alt": [1.9584147930145264, 0.9931146502494812, 0.018525511026382446], "k_pid_att": [100.0, 2.5542895793914795, 0.9730861186981201], "k_pid_yaw": [0.5, 1e-06, 0.1], "k_pid_hsp": [10.0, 0.9922671318054199, 0.03847435116767883], "k_pid_vsp": [0.039124488830566406, 12.801350593566895, 9.999999974752427e-07]}, "datetime": {"datetime": "2025-08-12 01:56:42", "elapsed": 34282.09150958061, "delta": 30.33339524269104}, "costs": {"total_cost": 1578.7012184130915, "time_cost": 150, "final_distance_cost": 13.67627590302037, "oscillation_cost": 72.83128710535892, "completition_cost": 1000.0, "overshoot_cost": 166.15002047294314, "power_cost": 24.907944201660158, "noise_cost": 151.13569073010885, "n_waypoints_completed": 0, "tot_waypoints": 9}}
{"target": -698.1852397077654, "params": {"k_pid_pos": [1.9859485626220703, 0.9870456457138062, 0.008622795343399048], "k_pid_alt": [1.9207894802093506, 0.9643021821975708, 0.0720444917678833], "k_pid_att": [99.95576477050781, 0.8981592655181885, 0.9146546125411987], "k_pid_yaw": [0.5, 1e-06, 0.1], "k_pid_hsp": [10.0, 0.9025468230247498, 0.007757246494293213], "k_pid_vsp": [352.6189880371094, 30.316020965576172, 0.0910530537366867]}, "datetime": {"datetime": "2025-08-12 01:57:13", "elapsed": 34313.15471601486, "delta": 31.063206434249878}, "costs": {"total_cost": 698.1852397077654, "time_cost": 150, "final_distance_cost": 70.17530096316725, "oscillation_cost": 130.84963169895707, "completition_cost": 222.2222222222222, "overshoot_cost": 59.98875484418237, "power_cost": 30.77835155029297, "noise_cost": 34.17097842894353, "n_waypoints_completed": 7, "tot_waypoints": 9}}
{"target": -607.2098622558924, "params": {"k_pid_pos": [1.935461163520813, 0.9631363153457642, 0.06879553198814392], "k_pid_alt": [1.8261609077453613, 0.9771227240562439, 0.08867162466049194], "k_pid_att": [99.99889373779297, 0.1129981130361557, 0.9860885143280029], "k_pid_yaw": [0.5, 1e-06, 0.1], "k_pid_hsp": [10.0, 0.9742839336395264, 0.013952583074569702], "k_pid_vsp": [395.5103759765625, 1.3732562065124512, 1.454699993133545]}, "datetime": {"datetime": "2025-08-12 01:57:44", "elapsed": 34343.916828632355, "delta": 30.762112617492676}, "costs": {"total_cost": 607.2098622558924, "time_cost": 150, "final_distance_cost": 69.13250790334945, "oscillation_cost": 153.91567789207843, "completition_cost": 111.11111111111116, "overshoot_cost": 59.92042665842593, "power_cost": 30.583651574707034, "noise_cost": 32.54648711622043, "n_waypoints_completed": 8, "tot_waypoints": 9}}
{"target": -1564.388153900488, "params": {"k_pid_pos": [1.896752953529358, 0.9580560922622681, 0.0733344554901123], "k_pid_alt": [1.9429223537445068, 0.8161311745643616, 0.029490172863006592], "k_pid_att": [99.9993896484375, 0.15050247311592102, 0.9709794521331787], "k_pid_yaw": [0.5, 1e-06, 0.1], "k_pid_hsp": [9.999929428100586, 0.9034676551818848, 0.026268959045410156], "k_pid_vsp": [0.1654505729675293, 19.997026443481445, 399.9999694824219]}, "datetime": {"datetime": "2025-08-12 01:58:15", "elapsed": 34375.01028585434, "delta": 31.093457221984863}, "costs": {"total_cost": 1564.388153900488, "time_cost": 150, "final_distance_cost": 11.00786774203563, "oscillation_cost": 75.05190620602588, "completition_cost": 1000.0, "overshoot_cost": 165.15497748751065, "power_cost": 32.74661804199219, "noise_cost": 130.42678442292365, "n_waypoints_completed": 0, "tot_waypoints": 9}}
{"target": -1565.1446984836382, "params": {"k_pid_pos": [1.899975061416626, 0.9820156693458557, 0.032876551151275635], "k_pid_alt": [1.9595580101013184, 0.9649367332458496, 0.005458712577819824], "k_pid_att": [100.0, 1.8156309127807617, 0.8625919222831726], "k_pid_yaw": [0.5, 1e-06, 0.1], "k_pid_hsp": [9.998218536376953, 0.99751877784729, 0.017380952835083008], "k_pid_vsp": [0.0, 8.919562339782715, 1.9397387504577637]}, "datetime": {"datetime": "2025-08-12 01:58:46", "elapsed": 34405.878692150116, "delta": 30.868406295776367}, "costs": {"total_cost": 1565.1446984836382, "time_cost": 150, "final_distance_cost": 14.201231126890887, "oscillation_cost": 67.42041512160621, "completition_cost": 1000.0, "overshoot_cost": 166.2201645189382, "power_cost": 19.954808935546875, "noise_cost": 147.34807878065592, "n_waypoints_completed": 0, "tot_waypoints": 9}}
{"target": -1404.1839700615274, "params": {"k_pid_pos": [1.9623444080352783, 0.9864422082901001, 0.12385740876197815], "k_pid_alt": [1.9451653957366943, 0.846875786781311, 0.010116249322891235], "k_pid_att": [99.99696350097656, 0.632274866104126, 0.9668369293212891], "k_pid_yaw": [0.5, 1e-06, 0.1], "k_pid_hsp": [10.0, 0.9577004909515381, 0.02901381254196167], "k_pid_vsp": [0.06701946258544922, 20.528688430786133, 9.999999974752427e-07]}, "datetime": {"datetime": "2025-08-12 01:59:17", "elapsed": 34436.61794638634, "delta": 30.739254236221313}, "costs": {"total_cost": 1404.1839700615274, "time_cost": 150, "final_distance_cost": 17.20478608730325, "oscillation_cost": 74.24229915136358, "completition_cost": 1000.0, "overshoot_cost": 92.61390237123426, "power_cost": 29.789558337402344, "noise_cost": 40.33342411422394, "n_waypoints_completed": 0, "tot_waypoints": 9}}
{"target": -741.5341476289863, "params": {"k_pid_pos": [1.9247980117797852, 0.9810680150985718, 0.10290929675102234], "k_pid_alt": [1.9666149616241455, 0.9730559587478638, 0.02662995457649231], "k_pid_att": [98.2285385131836, 0.2824360132217407, 0.8448160290718079], "k_pid_yaw": [0.5, 1e-06, 0.1], "k_pid_hsp": [9.999993324279785, 0.9953852891921997, 0.15538924932479858], "k_pid_vsp": [392.03515625, 56.886173248291016, 3.0590901374816895]}, "datetime": {"datetime": "2025-08-12 01:59:47", "elapsed": 34466.954396247864, "delta": 30.33644986152649}, "costs": {"total_cost": 741.5341476289863, "time_cost": 150, "final_distance_cost": 62.13406969232316, "oscillation_cost": 179.3358575727789, "completition_cost": 222.2222222222222, "overshoot_cost": 59.525236320172475, "power_cost": 34.47475926513672, "noise_cost": 33.842002556352774, "n_waypoints_completed": 7, "tot_waypoints": 9}}
{"target": -929.0687820997816, "params": {"k_pid_pos": [1.6880911588668823, 0.9570513963699341, 0.01585984230041504], "k_pid_alt": [1.969860553741455, 0.9962760210037231, 0.019878029823303223], "k_pid_att": [100.0, 0.4369696378707886, 0.9653611183166504], "k_pid_yaw": [0.5, 1e-06, 0.1], "k_pid_hsp": [10.0, 0.9870378971099854, 0.012808263301849365], "k_pid_vsp": [0.0026941299438476562, 43.313289642333984, 0.043703123927116394]}, "datetime": {"datetime": "2025-08-12 02:00:18", "elapsed": 34497.836852788925, "delta": 30.8824565410614}, "costs": {"total_cost": 929.0687820997816, "time_cost": 150, "final_distance_cost": 62.19594548559681, "oscillation_cost": 147.0671754093983, "completition_cost": 444.4444444444444, "overshoot_cost": 62.12588008310067, "power_cost": 32.71019626464844, "noise_cost": 30.525140412593032, "n_waypoints_completed": 5, "tot_waypoints": 9}}
{"target": -1519.8566025214104, "params": {"k_pid_pos": [1.9687373638153076, 0.9333871006965637, 0.05086714029312134], "k_pid_alt": [1.9753117561340332, 0.9596582055091858, 0.0467529296875], "k_pid_att": [100.0, 0.15315991640090942, 0.9858562350273132], "k_pid_yaw": [0.5, 1e-06, 0.1], "k_pid_hsp": [9.999625205993652, 0.9738056063652039, 0.006336629390716553], "k_pid_vsp": [399.99957275390625, 7.684708595275879, 388.9472351074219]}, "datetime": {"datetime": "2025-08-12 02:00:48", "elapsed": 34528.313237428665, "delta": 30.47638463973999}, "costs": {"total_cost": 1519.8566025214104, "time_cost": 150, "final_distance_cost": 9.967093095278802, "oscillation_cost": 53.77664653500612, "completition_cost": 1000.0, "overshoot_cost": 162.9020745631595, "power_cost": 31.766496044921876, "noise_cost": 111.4442922830443, "n_waypoints_completed": 0, "tot_waypoints": 9}}
{"target": -1548.6007203751797, "params": {"k_pid_pos": [1.9919450283050537, 0.961353063583374, 0.008199214935302734], "k_pid_alt": [1.9259099960327148, 0.4051806926727295, 0.022716879844665527], "k_pid_att": [100.0, 0.8903061151504517, 0.9767352342605591], "k_pid_yaw": [0.5, 1e-06, 0.1], "k_pid_hsp": [10.0, 0.983950674533844, 0.03184932470321655], "k_pid_vsp": [3.5762786865234375e-05, 9.03229808807373, 400.0]}, "datetime": {"datetime": "2025-08-12 02:01:20", "elapsed": 34559.72036361694, "delta": 31.4071261882782}, "costs": {"total_cost": 1548.6007203751797, "time_cost": 150, "final_distance_cost": 4.974211783570966, "oscillation_cost": 65.9421352988694, "completition_cost": 1000.0, "overshoot_cost": 164.89274769195677, "power_cost": 27.799679504394533, "noise_cost": 134.99194609638784, "n_waypoints_completed": 0, "tot_waypoints": 9}}
{"target": -1531.3649817782239, "params": {"k_pid_pos": [1.96401846408844, 0.9702271223068237, 0.018237829208374023], "k_pid_alt": [1.8321936130523682, 0.9540586471557617, 0.008015066385269165], "k_pid_att": [100.0, 0.09827084839344025, 0.7542872428894043], "k_pid_yaw": [0.5, 1e-06, 0.1], "k_pid_hsp": [9.999996185302734, 0.9453237652778625, 0.01150485873222351], "k_pid_vsp": [395.7775573730469, 2.8234968185424805, 399.99993896484375]}, "datetime": {"datetime": "2025-08-12 02:01:51", "elapsed": 34590.428126096725, "delta": 30.707762479782104}, "costs": {"total_cost": 1531.3649817782239, "time_cost": 150, "final_distance_cost": 10.924775192830738, "oscillation_cost": 67.67825363867007, "completition_cost": 1000.0, "overshoot_cost": 162.2258244975663, "power_cost": 32.56576300048828, "noise_cost": 107.97036544866856, "n_waypoints_completed": 0, "tot_waypoints": 9}}
{"target": -1538.1996717231877, "params": {"k_pid_pos": [1.994945764541626, 0.990307092666626, 0.09849369525909424], "k_pid_alt": [1.9713988304138184, 0.9140665531158447, 0.04875412583351135], "k_pid_att": [12.54095458984375, 3.411712884902954, 0.9930131435394287], "k_pid_yaw": [0.5, 1e-06, 0.1], "k_pid_hsp": [10.0, 0.99544358253479, 0.02608838677406311], "k_pid_vsp": [399.8612365722656, 32.07391357421875, 400.0]}, "datetime": {"datetime": "2025-08-12 02:02:22", "elapsed": 34621.73328471184, "delta": 31.305158615112305}, "costs": {"total_cost": 1538.1996717231877, "time_cost": 150, "final_distance_cost": 5.205335422054619, "oscillation_cost": 63.21969990035742, "completition_cost": 1000.0, "overshoot_cost": 164.67256186523474, "power_cost": 32.071685974121095, "noise_cost": 123.03038856142005, "n_waypoints_completed": 0, "tot_waypoints": 9}}
{"target": -1521.3923806879145, "params": {"k_pid_pos": [1.7086899280548096, 0.9823471903800964, 0.021932274103164673], "k_pid_alt": [1.9941143989562988, 0.7844003438949585, 0.06342500448226929], "k_pid_att": [100.0, 3.252833366394043, 0.9376718997955322], "k_pid_yaw": [0.5, 1e-06, 0.1], "k_pid_hsp": [10.0, 0.9246033430099487, 0.004473835229873657], "k_pid_vsp": [0.0, 3.54361629486084, 400.0]}, "datetime": {"datetime": "2025-08-12 02:02:53", "elapsed": 34652.40015077591, "delta": 30.666866064071655}, "costs": {"total_cost": 1521.3923806879145, "time_cost": 150, "final_distance_cost": 4.225443634449124, "oscillation_cost": 45.389799875322865, "completition_cost": 1000.0, "overshoot_cost": 165.2626265040891, "power_cost": 18.306737170410155, "noise_cost": 138.20777350364347, "n_waypoints_completed": 0, "tot_waypoints": 9}}
{"target": -1582.055182650035, "params": {"k_pid_pos": [1.968324065208435, 0.9928537011146545, 0.017037034034729004], "k_pid_alt": [1.9619626998901367, 0.6147792339324951, 0.0016626715660095215], "k_pid_att": [100.0, 0.47863465547561646, 0.9882783889770508], "k_pid_yaw": [0.5, 1e-06, 0.1], "k_pid_hsp": [10.0, 0.9466614723205566, 0.08524435758590698], "k_pid_vsp": [0.4164576530456543, 4.314793109893799, 400.0]}, "datetime": {"datetime": "2025-08-12 02:03:23", "elapsed": 34682.95345664024, "delta": 30.553305864334106}, "costs": {"total_cost": 1582.055182650035, "time_cost": 150, "final_distance_cost": 12.186622899406869, "oscillation_cost": 91.33478350081865, "completition_cost": 1000.0, "overshoot_cost": 165.71155281697872, "power_cost": 31.49325650634766, "noise_cost": 131.32896692648328, "n_waypoints_completed": 0, "tot_waypoints": 9}}
{"target": -1572.3234828938198, "params": {"k_pid_pos": [1.95646071434021, 0.9574472904205322, 0.08546870946884155], "k_pid_alt": [1.8764221668243408, 0.9121579527854919, 0.00709572434425354], "k_pid_att": [99.99998474121094, 0.46256154775619507, 0.9681958556175232], "k_pid_yaw": [0.5, 1e-06, 0.1], "k_pid_hsp": [9.999998092651367, 0.9542073011398315, 0.04967138171195984], "k_pid_vsp": [0.0, 23.369718551635742, 32.34333801269531]}, "datetime": {"datetime": "2025-08-12 02:03:54", "elapsed": 34713.9828877449, "delta": 31.029431104660034}, "costs": {"total_cost": 1572.3234828938198, "time_cost": 150, "final_distance_cost": 2.7821070112480317, "oscillation_cost": 84.49070356734826, "completition_cost": 1000.0, "overshoot_cost": 166.07046850832995, "power_cost": 34.85463621826172, "noise_cost": 134.1255675886319, "n_waypoints_completed": 0, "tot_waypoints": 9}}
{"target": -694.3715275765154, "params": {"k_pid_pos": [1.9515876770019531, 0.959635853767395, 0.18527904152870178], "k_pid_alt": [1.9325592517852783, 0.9884788990020752, 0.0527956485748291], "k_pid_att": [100.0, 0.8031101822853088, 0.9825160503387451], "k_pid_yaw": [0.5, 1e-06, 0.1], "k_pid_hsp": [0.00011221882596146315, 0.9970714449882507, 0.05027875304222107], "k_pid_vsp": [327.74652099609375, 5.339659214019775, 0.40389400720596313]}, "datetime": {"datetime": "2025-08-12 02:04:25", "elapsed": 34744.985798835754, "delta": 31.00291109085083}, "costs": {"total_cost": 694.3715275765154, "time_cost": 150, "final_distance_cost": 85.65982543147518, "oscillation_cost": 88.2523286376936, "completition_cost": 222.2222222222222, "overshoot_cost": 80.08292041085654, "power_cost": 32.474079895019536, "noise_cost": 35.680150979248445, "n_waypoints_completed": 7, "tot_waypoints": 9}}
