{"target": -1550.3922973774902, "params": {"k_pid_pos": [1.9768425226211548, 0.9606120586395264, 0.04169917106628418], "k_pid_alt": [1.9288840293884277, 0.9888976812362671, 0.05683863162994385], "k_pid_att": [99.99980926513672, 1.0910561084747314, 0.9929320812225342], "k_pid_yaw": [0.5, 1e-06, 0.1], "k_pid_hsp": [9.825753211975098, 0.9472695589065552, 0.024661153554916382], "k_pid_vsp": [0.0017285346984863281, 6.875003337860107, 1.2920929293613881e-05]}, "datetime": {"datetime": "2025-08-12 01:39:13", "elapsed": 33232.75008440018, "delta": 31.330686330795288}, "costs": {"total_cost": 1550.3922973774902, "time_cost": 150, "final_distance_cost": 8.266111249125501, "oscillation_cost": 61.44268342640409, "completition_cost": 1000.0, "overshoot_cost": 166.44219468044685, "power_cost": 18.5196232421875, "noise_cost": 145.72168477932627, "n_waypoints_completed": 0, "tot_waypoints": 9}}
{"target": -1567.3999607378896, "params": {"k_pid_pos": [1.9875215291976929, 0.9859997034072876, 0.004412353038787842], "k_pid_alt": [1.9896159172058105, 0.9640249013900757, 0.013843804597854614], "k_pid_att": [100.0, 0.25352805852890015, 0.9967424869537354], "k_pid_yaw": [0.5, 1e-06, 0.1], "k_pid_hsp": [9.999999046325684, 0.9828639030456543, 0.0502200722694397], "k_pid_vsp": [0.0, 6.76246976852417, 399.81402587890625]}, "datetime": {"datetime": "2025-08-12 01:39:44", "elapsed": 33264.062039375305, "delta": 31.311954975128174}, "costs": {"total_cost": 1567.3999607378896, "time_cost": 150, "final_distance_cost": 5.1751677223104675, "oscillation_cost": 81.35238752811416, "completition_cost": 1000.0, "overshoot_cost": 165.97363367148841, "power_cost": 30.24681589355469, "noise_cost": 134.6519559224219, "n_waypoints_completed": 0, "tot_waypoints": 9}}
{"target": -1378.358155901204, "params": {"k_pid_pos": [1.9752097129821777, 0.9335324764251709, 0.03493499755859375], "k_pid_alt": [1.988349437713623, 0.9804716110229492, 0.0043180882930755615], "k_pid_att": [99.99989318847656, 0.291791170835495, 0.9881454706192017], "k_pid_yaw": [0.5, 1e-06, 0.1], "k_pid_hsp": [10.0, 0.9908729195594788, 0.03668329119682312], "k_pid_vsp": [58.420692443847656, 4.514564037322998, 4.970491886138916]}, "datetime": {"datetime": "2025-08-12 01:40:16", "elapsed": 33295.643468141556, "delta": 31.58142876625061}, "costs": {"total_cost": 1378.358155901204, "time_cost": 150, "final_distance_cost": 45.66192734623927, "oscillation_cost": 86.46631518572305, "completition_cost": 1000.0, "overshoot_cost": 32.123156509622476, "power_cost": 29.897635729980472, "noise_cost": 34.20912112963879, "n_waypoints_completed": 0, "tot_waypoints": 9}}
{"target": -1548.6523334116387, "params": {"k_pid_pos": [1.9907889366149902, 0.9907553195953369, 0.014444977045059204], "k_pid_alt": [1.967634677886963, 0.9746208190917969, 0.019338160753250122], "k_pid_att": [93.21639251708984, 0.1341557651758194, 0.9332574009895325], "k_pid_yaw": [0.5, 1e-06, 0.1], "k_pid_hsp": [9.999996185302734, 0.9895590543746948, 0.0329565703868866], "k_pid_vsp": [1.1920928955078125e-05, 4.525030612945557, 327.418701171875]}, "datetime": {"datetime": "2025-08-12 01:40:46", "elapsed": 33326.27653717995, "delta": 30.633069038391113}, "costs": {"total_cost": 1548.6523334116387, "time_cost": 150, "final_distance_cost": 7.561401849403936, "oscillation_cost": 66.21671289043614, "completition_cost": 1000.0, "overshoot_cost": 164.62280254354584, "power_cost": 25.258813989257813, "noise_cost": 134.99260213899512, "n_waypoints_completed": 0, "tot_waypoints": 9}}
{"target": -1323.858749708461, "params": {"k_pid_pos": [1.9757776260375977, 0.9788305163383484, 0.042975038290023804], "k_pid_alt": [1.9516574144363403, 0.9020138382911682, 0.1050172746181488], "k_pid_att": [99.99459838867188, 0.19171211123466492, 0.9960507154464722], "k_pid_yaw": [0.5, 1e-06, 0.1], "k_pid_hsp": [10.0, 0.8833011984825134, 0.058125436305999756], "k_pid_vsp": [399.99822998046875, 53.02085876464844, 9.999999974752427e-07]}, "datetime": {"datetime": "2025-08-12 01:41:18", "elapsed": 33357.65697288513, "delta": 31.380435705184937}, "costs": {"total_cost": 1323.858749708461, "time_cost": 150, "final_distance_cost": 70.86044026046302, "oscillation_cost": 109.19269984807872, "completition_cost": 888.8888888888888, "overshoot_cost": 39.95239154714227, "power_cost": 31.236894079589845, "noise_cost": 33.72743508429832, "n_waypoints_completed": 1, "tot_waypoints": 9}}
{"target": -1589.4803575522355, "params": {"k_pid_pos": [1.9840621948242188, 0.9914538860321045, 0.0499819815158844], "k_pid_alt": [1.9082931280136108, 0.9710149765014648, 0.058766305446624756], "k_pid_att": [100.0, 0.35822615027427673, 0.9720548391342163], "k_pid_yaw": [0.5, 1e-06, 0.1], "k_pid_hsp": [10.0, 0.9607093334197998, 0.09567344188690186], "k_pid_vsp": [0.0012040138244628906, 11.829985618591309, 399.9925537109375]}, "datetime": {"datetime": "2025-08-12 01:41:48", "elapsed": 33388.0977396965, "delta": 30.44076681137085}, "costs": {"total_cost": 1589.4803575522355, "time_cost": 150, "final_distance_cost": 13.898389971097435, "oscillation_cost": 90.03432832817667, "completition_cost": 1000.0, "overshoot_cost": 165.920817985517, "power_cost": 32.20680804443359, "noise_cost": 137.42001322301107, "n_waypoints_completed": 0, "tot_waypoints": 9}}
{"target": -1538.8602001797633, "params": {"k_pid_pos": [1.7083162069320679, 0.9829489588737488, 0.02083951234817505], "k_pid_alt": [1.9213992357254028, 0.9190598726272583, 0.011020541191101074], "k_pid_att": [100.0, 1.1473289728164673, 0.9342688322067261], "k_pid_yaw": [0.5, 1e-06, 0.1], "k_pid_hsp": [9.339245796203613, 0.9837793111801147, 0.004715293645858765], "k_pid_vsp": [0.0, 79.67154693603516, 400.0]}, "datetime": {"datetime": "2025-08-12 01:42:19", "elapsed": 33419.33453941345, "delta": 31.236799716949463}, "costs": {"total_cost": 1538.8602001797633, "time_cost": 150, "final_distance_cost": 13.890586578354048, "oscillation_cost": 51.56684228432715, "completition_cost": 1000.0, "overshoot_cost": 166.24105883119782, "power_cost": 31.40849733886719, "noise_cost": 125.75321514701733, "n_waypoints_completed": 0, "tot_waypoints": 9}}
{"target": -1587.5675521450105, "params": {"k_pid_pos": [1.671861171722412, 0.9820317029953003, 0.122656911611557], "k_pid_alt": [1.964296817779541, 0.8095669746398926, 0.008456021547317505], "k_pid_att": [100.0, 0.17223410308361053, 0.986229419708252], "k_pid_yaw": [0.5, 1e-06, 0.1], "k_pid_hsp": [10.0, 0.9822946786880493, 0.11890524625778198], "k_pid_vsp": [5.086469650268555, 20.499910354614258, 400.0]}, "datetime": {"datetime": "2025-08-12 01:42:50", "elapsed": 33450.36956334114, "delta": 31.0350239276886}, "costs": {"total_cost": 1587.5675521450105, "time_cost": 150, "final_distance_cost": 12.547825734246787, "oscillation_cost": 97.61257140925024, "completition_cost": 1000.0, "overshoot_cost": 165.96484107928197, "power_cost": 33.972143127441406, "noise_cost": 127.47017079479028, "n_waypoints_completed": 0, "tot_waypoints": 9}}
{"target": -1579.0993307452757, "params": {"k_pid_pos": [1.9656281471252441, 0.9355908632278442, 0.02247917652130127], "k_pid_alt": [1.7781559228897095, 0.9721295833587646, 0.39394840598106384], "k_pid_att": [100.0, 1.2022767066955566, 0.9913856983184814], "k_pid_yaw": [0.5, 1e-06, 0.1], "k_pid_hsp": [10.0, 0.9646028876304626, 0.049851566553115845], "k_pid_vsp": [0.29778480529785156, 22.900428771972656, 399.9587097167969]}, "datetime": {"datetime": "2025-08-12 01:43:22", "elapsed": 33481.37671542168, "delta": 31.00715208053589}, "costs": {"total_cost": 1579.0993307452757, "time_cost": 150, "final_distance_cost": 11.085227718728627, "oscillation_cost": 83.88214475540295, "completition_cost": 1000.0, "overshoot_cost": 166.1121924715279, "power_cost": 34.574927941894536, "noise_cost": 133.4448378577219, "n_waypoints_completed": 0, "tot_waypoints": 9}}
{"target": -1585.5965767496198, "params": {"k_pid_pos": [1.9894801378250122, 0.847474992275238, 0.009742289781570435], "k_pid_alt": [1.9448107481002808, 0.8794692754745483, 0.09984645247459412], "k_pid_att": [100.0, 0.23861335217952728, 0.9981371164321899], "k_pid_yaw": [0.5, 1e-06, 0.1], "k_pid_hsp": [9.99944019317627, 0.9899547100067139, 0.07763096690177917], "k_pid_vsp": [0.46329498291015625, 13.704920768737793, 400.0]}, "datetime": {"datetime": "2025-08-12 01:43:52", "elapsed": 33511.6896212101, "delta": 30.31290578842163}, "costs": {"total_cost": 1585.5965767496198, "time_cost": 150, "final_distance_cost": 9.562534552119615, "oscillation_cost": 91.77483041986639, "completition_cost": 1000.0, "overshoot_cost": 165.61599240811964, "power_cost": 34.403180310058595, "noise_cost": 134.24003905945554, "n_waypoints_completed": 0, "tot_waypoints": 9}}
{"target": -1346.8306233857043, "params": {"k_pid_pos": [1.9923759698867798, 0.983898401260376, 0.009020984172821045], "k_pid_alt": [1.9857690334320068, 0.9204733371734619, 0.015095800161361694], "k_pid_att": [100.0, 0.5667962431907654, 0.9900442361831665], "k_pid_yaw": [0.5, 1e-06, 0.1], "k_pid_hsp": [10.0, 0.9631607532501221, 0.02002766728401184], "k_pid_vsp": [2.954566478729248, 39.1341438293457, 0.1262078732252121]}, "datetime": {"datetime": "2025-08-12 01:44:23", "elapsed": 33543.09266471863, "delta": 31.403043508529663}, "costs": {"total_cost": 1346.8306233857043, "time_cost": 150, "final_distance_cost": 62.51807176080418, "oscillation_cost": 134.84330908312253, "completition_cost": 888.8888888888888, "overshoot_cost": 46.64764913483313, "power_cost": 33.33547960205078, "noise_cost": 30.597224916005, "n_waypoints_completed": 1, "tot_waypoints": 9}}
{"target": -412.7835425168591, "params": {"k_pid_pos": [1.9304931163787842, 0.9931991696357727, 0.171430766582489], "k_pid_alt": [1.9517637491226196, 0.6829849481582642, 0.03620001673698425], "k_pid_att": [100.0, 0.3995839059352875, 0.8709783554077148], "k_pid_yaw": [0.5, 1e-06, 0.1], "k_pid_hsp": [9.999624252319336, 0.9398572444915771, 0.03589695692062378], "k_pid_vsp": [399.99932861328125, 0.9683619141578674, 9.999999974752427e-07]}, "datetime": {"datetime": "2025-08-12 01:44:53", "elapsed": 33572.42623448372, "delta": 29.333569765090942}, "costs": {"total_cost": 412.7835425168591, "time_cost": 117.131, "final_distance_cost": 1.7628324700124565, "oscillation_cost": 162.8510710278955, "completition_cost": 0.0, "overshoot_cost": 67.78656943101309, "power_cost": 30.451897668457033, "noise_cost": 32.800171919481, "n_waypoints_completed": 9, "tot_waypoints": 9}}
{"target": -1535.351024235193, "params": {"k_pid_pos": [1.9470362663269043, 0.9946420192718506, 0.11239975690841675], "k_pid_alt": [1.9860024452209473, 0.6674128174781799, 0.00423392653465271], "k_pid_att": [100.0, 1.059658169746399, 0.9552026987075806], "k_pid_yaw": [0.5, 1e-06, 0.1], "k_pid_hsp": [10.0, 0.9930177927017212, 0.024639666080474854], "k_pid_vsp": [0.0, 3.0239830017089844, 399.2245788574219]}, "datetime": {"datetime": "2025-08-12 01:45:23", "elapsed": 33602.89529109001, "delta": 30.469056606292725}, "costs": {"total_cost": 1535.351024235193, "time_cost": 150, "final_distance_cost": 1.8217639323315935, "oscillation_cost": 61.94390030014976, "completition_cost": 1000.0, "overshoot_cost": 164.0958547475849, "power_cost": 23.77831247558594, "noise_cost": 133.71119277954116, "n_waypoints_completed": 0, "tot_waypoints": 9}}
{"target": -1529.7093620209323, "params": {"k_pid_pos": [1.9276537895202637, 0.9816299676895142, 0.006520628929138184], "k_pid_alt": [1.8630441427230835, 0.9756169319152832, 0.007270932197570801], "k_pid_att": [100.0, 3.1236116886138916, 0.9617635607719421], "k_pid_yaw": [0.5, 1e-06, 0.1], "k_pid_hsp": [10.0, 0.9424924850463867, 0.013970375061035156], "k_pid_vsp": [364.2938537597656, 3.7854084968566895, 399.9998474121094]}, "datetime": {"datetime": "2025-08-12 01:45:54", "elapsed": 33633.50768709183, "delta": 30.612396001815796}, "costs": {"total_cost": 1529.7093620209323, "time_cost": 150, "final_distance_cost": 12.265767383082757, "oscillation_cost": 56.929454989125645, "completition_cost": 1000.0, "overshoot_cost": 164.52793309319088, "power_cost": 32.43998391113281, "noise_cost": 113.54622264439985, "n_waypoints_completed": 0, "tot_waypoints": 9}}
{"target": -1555.7392075197024, "params": {"k_pid_pos": [1.9805606603622437, 0.9967314004898071, 0.051676273345947266], "k_pid_alt": [1.9592475891113281, 0.968483567237854, 0.06802171468734741], "k_pid_att": [100.0, 0.10205987840890884, 0.9897693395614624], "k_pid_yaw": [0.5, 1e-06, 0.1], "k_pid_hsp": [10.0, 0.9929245710372925, 0.0262451171875], "k_pid_vsp": [0.00133514404296875, 11.181665420532227, 400.0]}, "datetime": {"datetime": "2025-08-12 01:46:24", "elapsed": 33664.35971283913, "delta": 30.852025747299194}, "costs": {"total_cost": 1555.7392075197024, "time_cost": 150, "final_distance_cost": 9.566778069199469, "oscillation_cost": 67.75125090518718, "completition_cost": 1000.0, "overshoot_cost": 164.83308801194875, "power_cost": 29.701305493164064, "noise_cost": 133.88678504020302, "n_waypoints_completed": 0, "tot_waypoints": 9}}
{"target": -1534.6601982564873, "params": {"k_pid_pos": [1.9412732124328613, 0.8642618060112, 0.1975705623626709], "k_pid_alt": [1.9508247375488281, 0.8668691515922546, 0.004639029502868652], "k_pid_att": [100.0, 0.5751458406448364, 0.9915363788604736], "k_pid_yaw": [0.5, 1e-06, 0.1], "k_pid_hsp": [9.343367576599121, 0.9619443416595459, 0.019128471612930298], "k_pid_vsp": [396.9023132324219, 10.131336212158203, 396.49072265625]}, "datetime": {"datetime": "2025-08-12 01:46:55", "elapsed": 33695.35951638222, "delta": 30.99980354309082}, "costs": {"total_cost": 1534.6601982564873, "time_cost": 150, "final_distance_cost": 3.858829764567966, "oscillation_cost": 68.79166805864571, "completition_cost": 1000.0, "overshoot_cost": 162.29444959919647, "power_cost": 32.42000269775391, "noise_cost": 117.29524813632317, "n_waypoints_completed": 0, "tot_waypoints": 9}}
{"target": -1564.1057462454833, "params": {"k_pid_pos": [1.973000168800354, 0.9592287540435791, 0.11215245723724365], "k_pid_alt": [1.9619166851043701, 0.9551597833633423, 0.047262221574783325], "k_pid_att": [100.0, 0.3685245215892792, 0.9931062459945679], "k_pid_yaw": [0.5, 1e-06, 0.1], "k_pid_hsp": [9.980428695678711, 0.9663600921630859, 0.029024720191955566], "k_pid_vsp": [6.41629695892334, 0.5388270020484924, 399.99432373046875]}, "datetime": {"datetime": "2025-08-12 01:47:26", "elapsed": 33725.725625276566, "delta": 30.366108894348145}, "costs": {"total_cost": 1564.1057462454833, "time_cost": 150, "final_distance_cost": 11.234579752929452, "oscillation_cost": 70.57508723833762, "completition_cost": 1000.0, "overshoot_cost": 164.81621457266584, "power_cost": 31.109708227539063, "noise_cost": 136.3701564540114, "n_waypoints_completed": 0, "tot_waypoints": 9}}
{"target": -1246.565702518693, "params": {"k_pid_pos": [1.9924055337905884, 0.9827386140823364, 0.03591993451118469], "k_pid_alt": [1.988747239112854, 0.9619091153144836, 0.012813359498977661], "k_pid_att": [100.0, 1.9880648851394653, 0.9862353801727295], "k_pid_yaw": [0.5, 1e-06, 0.1], "k_pid_hsp": [10.0, 0.9823611974716187, 0.10224714875221252], "k_pid_vsp": [395.6463317871094, 7.62081241607666, 398.2627258300781]}, "datetime": {"datetime": "2025-08-12 01:47:57", "elapsed": 33756.80923986435, "delta": 31.083614587783813}, "costs": {"total_cost": 1246.565702518693, "time_cost": 150, "final_distance_cost": 59.185713703940635, "oscillation_cost": 112.80308051320992, "completition_cost": 777.7777777777778, "overshoot_cost": 78.96213211457298, "power_cost": 36.34138759765625, "noise_cost": 31.495610811535308, "n_waypoints_completed": 2, "tot_waypoints": 9}}
{"target": -1536.503696025182, "params": {"k_pid_pos": [1.9934067726135254, 0.9398154020309448, 0.0201587975025177], "k_pid_alt": [1.7028861045837402, 0.7375130653381348, 0.0942172110080719], "k_pid_att": [100.0, 1.8389588594436646, 0.9402003288269043], "k_pid_yaw": [0.5, 1e-06, 0.1], "k_pid_hsp": [10.0, 0.9744081497192383, 0.012751877307891846], "k_pid_vsp": [0.07541179656982422, 11.631775856018066, 400.0]}, "datetime": {"datetime": "2025-08-12 01:48:28", "elapsed": 33787.389862537384, "delta": 30.580622673034668}, "costs": {"total_cost": 1536.503696025182, "time_cost": 150, "final_distance_cost": 4.567945171519173, "oscillation_cost": 51.73286885226309, "completition_cost": 1000.0, "overshoot_cost": 164.89182569947647, "power_cost": 26.134872570800784, "noise_cost": 139.17618373112265, "n_waypoints_completed": 0, "tot_waypoints": 9}}
{"target": -1576.1881592778684, "params": {"k_pid_pos": [1.9790457487106323, 0.9982507228851318, 0.012144237756729126], "k_pid_alt": [1.9427399635314941, 0.9647121429443359, 0.0668107271194458], "k_pid_att": [99.99999237060547, 1.4636410474777222, 0.9906378984451294], "k_pid_yaw": [0.5, 1e-06, 0.1], "k_pid_hsp": [10.0, 0.9694581627845764, 0.06389918923377991], "k_pid_vsp": [9.5367431640625e-05, 11.123980522155762, 0.14183621108531952]}, "datetime": {"datetime": "2025-08-12 01:48:58", "elapsed": 33817.50489473343, "delta": 30.115032196044922}, "costs": {"total_cost": 1576.1881592778684, "time_cost": 150, "final_distance_cost": 6.151716115587356, "oscillation_cost": 80.43536319547592, "completition_cost": 1000.0, "overshoot_cost": 166.9100694517228, "power_cost": 23.74427225341797, "noise_cost": 148.94673826166442, "n_waypoints_completed": 0, "tot_waypoints": 9}}
{"target": -1555.8642981330572, "params": {"k_pid_pos": [1.9325703382492065, 0.9098755121231079, 0.003114670515060425], "k_pid_alt": [1.965050220489502, 0.9605787992477417, 0.078351229429245], "k_pid_att": [100.0, 0.5230146646499634, 0.9019392728805542], "k_pid_yaw": [0.5, 1e-06, 0.1], "k_pid_hsp": [10.0, 0.9901759028434753, 0.03943699598312378], "k_pid_vsp": [0.007855892181396484, 1.899505615234375, 399.95855712890625]}, "datetime": {"datetime": "2025-08-12 01:49:28", "elapsed": 33847.98658871651, "delta": 30.481693983078003}, "costs": {"total_cost": 1555.8642981330572, "time_cost": 150, "final_distance_cost": 8.882430239962531, "oscillation_cost": 73.58373394694182, "completition_cost": 1000.0, "overshoot_cost": 164.2096000647373, "power_cost": 27.317349658203128, "noise_cost": 131.8711842232125, "n_waypoints_completed": 0, "tot_waypoints": 9}}
{"target": -1560.7819898080686, "params": {"k_pid_pos": [1.977986216545105, 0.9741842746734619, 0.004358500242233276], "k_pid_alt": [1.9914963245391846, 0.9664726257324219, 0.005822658538818359], "k_pid_att": [100.0, 0.3850792646408081, 0.9736999273300171], "k_pid_yaw": [0.5, 1e-06, 0.1], "k_pid_hsp": [4.92402982711792, 0.988454282283783, 0.05534818768501282], "k_pid_vsp": [0.0, 7.245541572570801, 44.68665313720703]}, "datetime": {"datetime": "2025-08-12 01:49:59", "elapsed": 33878.83009290695, "delta": 30.843504190444946}, "costs": {"total_cost": 1560.7819898080686, "time_cost": 150, "final_distance_cost": 9.16764012849891, "oscillation_cost": 68.62544525368743, "completition_cost": 1000.0, "overshoot_cost": 166.29007503209797, "power_cost": 23.03736622314453, "noise_cost": 143.66146317063968, "n_waypoints_completed": 0, "tot_waypoints": 9}}
{"target": -1546.4139709057818, "params": {"k_pid_pos": [1.9857115745544434, 0.9552677273750305, 0.04534175992012024], "k_pid_alt": [1.89860200881958, 0.9829716682434082, 0.012593716382980347], "k_pid_att": [100.0, 0.0685388594865799, 0.9505451917648315], "k_pid_yaw": [0.5, 1e-06, 0.1], "k_pid_hsp": [10.0, 0.9934073686599731, 0.019748538732528687], "k_pid_vsp": [2.1244287490844727, 5.740917682647705, 9.999999974752427e-07]}, "datetime": {"datetime": "2025-08-12 01:50:30", "elapsed": 33909.47736430168, "delta": 30.647271394729614}, "costs": {"total_cost": 1546.4139709057818, "time_cost": 150, "final_distance_cost": 6.896146067063014, "oscillation_cost": 52.26853347093127, "completition_cost": 1000.0, "overshoot_cost": 165.839519590582, "power_cost": 21.723066650390628, "noise_cost": 149.6867051268149, "n_waypoints_completed": 0, "tot_waypoints": 9}}
{"target": -1558.7174486543279, "params": {"k_pid_pos": [1.9963551759719849, 0.9989570379257202, 0.01827368140220642], "k_pid_alt": [1.9548823833465576, 0.6032412052154541, 0.03955492377281189], "k_pid_att": [100.0, 0.23782865703105927, 0.9794055223464966], "k_pid_yaw": [0.5, 1e-06, 0.1], "k_pid_hsp": [9.999981880187988, 0.9457145929336548, 0.03209179639816284], "k_pid_vsp": [1.775670051574707, 3.1940231323242188, 0.3285060524940491]}, "datetime": {"datetime": "2025-08-12 01:51:01", "elapsed": 33941.21481323242, "delta": 31.737448930740356}, "costs": {"total_cost": 1558.7174486543279, "time_cost": 150, "final_distance_cost": 13.174690488562451, "oscillation_cost": 62.40758941927506, "completition_cost": 1000.0, "overshoot_cost": 166.81751538200308, "power_cost": 20.083203552246093, "noise_cost": 146.23444981224105, "n_waypoints_completed": 0, "tot_waypoints": 9}}
{"target": -1580.3913305614992, "params": {"k_pid_pos": [1.9645224809646606, 0.9319409132003784, 0.04618936777114868], "k_pid_alt": [1.960913896560669, 0.8715513944625854, 0.02800893783569336], "k_pid_att": [100.0, 1.9473719596862793, 0.9392508268356323], "k_pid_yaw": [0.5, 1e-06, 0.1], "k_pid_hsp": [10.0, 0.9602710604667664, 0.08085089921951294], "k_pid_vsp": [0.0, 1.4901885986328125, 328.5269775390625]}, "datetime": {"datetime": "2025-08-12 01:51:33", "elapsed": 33973.24360251427, "delta": 32.02878928184509}, "costs": {"total_cost": 1580.3913305614992, "time_cost": 150, "final_distance_cost": 12.376886500273844, "oscillation_cost": 90.58182540880706, "completition_cost": 1000.0, "overshoot_cost": 165.7779341892366, "power_cost": 28.76869375, "noise_cost": 132.88599071318168, "n_waypoints_completed": 0, "tot_waypoints": 9}}
