{"target": -838.153077858611, "params": {"k_pid_pos": [1.985367774963379, 0.995943546295166, 0.013166069984436035], "k_pid_alt": [1.9892644882202148, 0.9767080545425415, 0.0019334852695465088], "k_pid_att": [100.0, 0.2998630404472351, 0.9895230531692505], "k_pid_yaw": [0.5, 1e-06, 0.1], "k_pid_hsp": [10.0, 0.9976430535316467, 0.01718631386756897], "k_pid_vsp": [400.0, 15.158404350280762, 0.02013544924557209]}, "datetime": {"datetime": "2025-08-12 10:05:34", "elapsed": 63614.347410440445, "delta": 31.839428663253784}, "costs": {"total_cost": 838.153077858611, "time_cost": 150, "final_distance_cost": 75.13668461995282, "oscillation_cost": 150.5217803884759, "completition_cost": 333.33333333333337, "overshoot_cost": 64.63280862266753, "power_cost": 30.433482006835938, "noise_cost": 34.09498888734546, "n_waypoints_completed": 6, "tot_waypoints": 9}}
{"target": -838.1323684192837, "params": {"k_pid_pos": [1.8351973295211792, 0.9851146936416626, 0.03733932971954346], "k_pid_alt": [1.9835222959518433, 0.9716447591781616, 0.009783267974853516], "k_pid_att": [99.99974060058594, 0.45825543999671936, 0.9150351285934448], "k_pid_yaw": [0.5, 1e-06, 0.1], "k_pid_hsp": [10.0, 0.9903448820114136, 0.07778391242027283], "k_pid_vsp": [399.7485656738281, 2.1720895767211914, 21.973039627075195]}, "datetime": {"datetime": "2025-08-12 10:06:01", "elapsed": 63641.296164274216, "delta": 26.948753833770752}, "costs": {"total_cost": 838.1323684192837, "time_cost": 150, "final_distance_cost": 70.7801266875511, "oscillation_cost": 152.41087989298663, "completition_cost": 333.33333333333337, "overshoot_cost": 64.09943545845786, "power_cost": 35.75917736816407, "noise_cost": 31.749415678790683, "n_waypoints_completed": 6, "tot_waypoints": 9}}
{"target": -669.8609057648425, "params": {"k_pid_pos": [1.9924076795578003, 0.997299313545227, 0.020974189043045044], "k_pid_alt": [1.9358562231063843, 0.9754019379615784, 0.020614057779312134], "k_pid_att": [100.0, 0.03314776346087456, 0.977491021156311], "k_pid_yaw": [0.5, 1e-06, 0.1], "k_pid_hsp": [10.0, 0.9547439217567444, 0.2051905393600464], "k_pid_vsp": [358.08294677734375, 15.281654357910156, 9.999999974752427e-07]}, "datetime": {"datetime": "2025-08-12 10:06:31", "elapsed": 63670.679391145706, "delta": 29.38322687149048}, "costs": {"total_cost": 669.8609057648425, "time_cost": 150, "final_distance_cost": 56.544546080745775, "oscillation_cost": 205.05709537997168, "completition_cost": 111.11111111111116, "overshoot_cost": 78.94961880002958, "power_cost": 34.74106223144531, "noise_cost": 33.4574721615389, "n_waypoints_completed": 8, "tot_waypoints": 9}}
{"target": -1522.5973972703569, "params": {"k_pid_pos": [1.914128065109253, 0.9940053224563599, 0.010714709758758545], "k_pid_alt": [1.8885235786437988, 0.9097763299942017, 0.0072834789752960205], "k_pid_att": [100.0, 0.11905388534069061, 0.9959093332290649], "k_pid_yaw": [0.5, 1e-06, 0.1], "k_pid_hsp": [9.99991512298584, 0.9955180883407593, 0.0029868781566619873], "k_pid_vsp": [62.91558837890625, 4.408336639404297, 388.3858642578125]}, "datetime": {"datetime": "2025-08-12 10:07:00", "elapsed": 63699.5721142292, "delta": 28.892723083496094}, "costs": {"total_cost": 1522.5973972703569, "time_cost": 150, "final_distance_cost": 3.405775072256135, "oscillation_cost": 46.442789802458904, "completition_cost": 1000.0, "overshoot_cost": 166.55219011682306, "power_cost": 31.337685375976562, "noise_cost": 124.85895690284211, "n_waypoints_completed": 0, "tot_waypoints": 9}}
{"target": -1325.8387104749418, "params": {"k_pid_pos": [1.9907798767089844, 0.9908490180969238, 0.006346225738525391], "k_pid_alt": [1.975926160812378, 0.910090446472168, 0.0032958686351776123], "k_pid_att": [100.0, 0.14195406436920166, 0.6705711483955383], "k_pid_yaw": [0.5, 1e-06, 0.1], "k_pid_hsp": [10.0, 0.9974654912948608, 0.04578918218612671], "k_pid_vsp": [400.0, 2.103973388671875, 0.0007997022476047277]}, "datetime": {"datetime": "2025-08-12 10:07:28", "elapsed": 63728.30444145203, "delta": 28.732327222824097}, "costs": {"total_cost": 1325.8387104749418, "time_cost": 150, "final_distance_cost": 66.49328933041514, "oscillation_cost": 114.34177553449447, "completition_cost": 888.8888888888888, "overshoot_cost": 40.92035207492367, "power_cost": 31.64404940185547, "noise_cost": 33.55035524436415, "n_waypoints_completed": 1, "tot_waypoints": 9}}
{"target": -866.3391188602396, "params": {"k_pid_pos": [1.981328010559082, 0.9894819259643555, 0.010288655757904053], "k_pid_alt": [1.9655978679656982, 0.9803469777107239, 0.009613871574401855], "k_pid_att": [100.0, 0.935128390789032, 0.9625657200813293], "k_pid_yaw": [0.5, 1e-06, 0.1], "k_pid_hsp": [10.0, 0.8899622559547424, 0.010716557502746582], "k_pid_vsp": [384.2375793457031, 10.903990745544434, 9.999999974752427e-07]}, "datetime": {"datetime": "2025-08-12 10:07:57", "elapsed": 63756.99545145035, "delta": 28.691009998321533}, "costs": {"total_cost": 866.3391188602396, "time_cost": 150, "final_distance_cost": 74.63502970235999, "oscillation_cost": 178.878807122208, "completition_cost": 333.33333333333337, "overshoot_cost": 64.68305849824861, "power_cost": 30.801918212890627, "noise_cost": 34.00697199119896, "n_waypoints_completed": 6, "tot_waypoints": 9}}
{"target": -1290.290396152378, "params": {"k_pid_pos": [1.9956612586975098, 0.9988770484924316, 0.14203250408172607], "k_pid_alt": [1.8581876754760742, 0.9819191694259644, 0.006695449352264404], "k_pid_att": [100.0, 0.03725150227546692, 0.9488683938980103], "k_pid_yaw": [0.5, 1e-06, 0.1], "k_pid_hsp": [10.0, 0.9694002866744995, 0.027855515480041504], "k_pid_vsp": [399.9861755371094, 5.094278812408447, 138.06471252441406]}, "datetime": {"datetime": "2025-08-12 10:08:29", "elapsed": 63788.78067302704, "delta": 31.785221576690674}, "costs": {"total_cost": 1290.290396152378, "time_cost": 150, "final_distance_cost": 60.12806957629633, "oscillation_cost": 87.93146129724975, "completition_cost": 888.8888888888888, "overshoot_cost": 38.50184437064927, "power_cost": 34.779578381347655, "noise_cost": 30.060553637946324, "n_waypoints_completed": 1, "tot_waypoints": 9}}
{"target": -1539.2972043675165, "params": {"k_pid_pos": [1.9901925325393677, 0.8948670029640198, 0.003982841968536377], "k_pid_alt": [1.9711850881576538, 0.9885210990905762, 0.0012369155883789062], "k_pid_att": [100.0, 0.1952725648880005, 0.9562782645225525], "k_pid_yaw": [0.5, 1e-06, 0.1], "k_pid_hsp": [9.999999046325684, 0.7979617118835449, 0.017496168613433838], "k_pid_vsp": [0.02307891845703125, 2.7221927642822266, 9.999999974752427e-07]}, "datetime": {"datetime": "2025-08-12 10:08:58", "elapsed": 63818.236941576004, "delta": 29.456268548965454}, "costs": {"total_cost": 1539.2972043675165, "time_cost": 150, "final_distance_cost": 14.925377521639732, "oscillation_cost": 52.24311099269196, "completition_cost": 1000.0, "overshoot_cost": 166.39634316018427, "power_cost": 14.613147290039063, "noise_cost": 141.11922540296155, "n_waypoints_completed": 0, "tot_waypoints": 9}}
{"target": -1297.3773479321658, "params": {"k_pid_pos": [1.9759716987609863, 0.9861940145492554, 0.0024139881134033203], "k_pid_alt": [1.889220952987671, 0.981812059879303, 0.0031602978706359863], "k_pid_att": [100.0, 0.04511476680636406, 0.9898808598518372], "k_pid_yaw": [0.5, 1e-06, 0.1], "k_pid_hsp": [9.999994277954102, 0.9986162185668945, 0.021150410175323486], "k_pid_vsp": [229.2447052001953, 9.122682571411133, 9.999999974752427e-07]}, "datetime": {"datetime": "2025-08-12 10:09:26", "elapsed": 63846.32878899574, "delta": 28.09184741973877}, "costs": {"total_cost": 1297.3773479321658, "time_cost": 150, "final_distance_cost": 61.476243368540835, "oscillation_cost": 92.3933526241361, "completition_cost": 888.8888888888888, "overshoot_cost": 41.50715622382547, "power_cost": 29.196442041015626, "noise_cost": 33.91526478575883, "n_waypoints_completed": 1, "tot_waypoints": 9}}
{"target": -1530.925457767559, "params": {"k_pid_pos": [1.9603501558303833, 0.9782460927963257, 0.0721140205860138], "k_pid_alt": [1.9960100650787354, 0.976387619972229, 0.03880590200424194], "k_pid_att": [100.0, 0.16594111919403076, 0.9922659397125244], "k_pid_yaw": [0.5, 1e-06, 0.1], "k_pid_hsp": [10.0, 0.9901955127716064, 0.002499222755432129], "k_pid_vsp": [0.0, 5.442298412322998, 9.999999974752427e-07]}, "datetime": {"datetime": "2025-08-12 10:09:53", "elapsed": 63873.19205403328, "delta": 26.86326503753662}, "costs": {"total_cost": 1530.925457767559, "time_cost": 150, "final_distance_cost": 13.111950153576876, "oscillation_cost": 41.08587378345362, "completition_cost": 1000.0, "overshoot_cost": 166.0464222156526, "power_cost": 16.201992626953125, "noise_cost": 144.4792189879226, "n_waypoints_completed": 0, "tot_waypoints": 9}}
{"target": -1314.4195721381045, "params": {"k_pid_pos": [1.9401345252990723, 0.9449783563613892, 0.012129753828048706], "k_pid_alt": [1.9772363901138306, 0.9945658445358276, 0.04416722059249878], "k_pid_att": [100.0, 0.407393217086792, 0.9787055253982544], "k_pid_yaw": [0.5, 1e-06, 0.1], "k_pid_hsp": [9.999999046325684, 0.9819401502609253, 0.03347483277320862], "k_pid_vsp": [400.0, 3.8353452682495117, 9.999999974752427e-07]}, "datetime": {"datetime": "2025-08-12 10:10:22", "elapsed": 63902.31138920784, "delta": 29.119335174560547}, "costs": {"total_cost": 1314.4195721381045, "time_cost": 150, "final_distance_cost": 67.5077173374135, "oscillation_cost": 103.57309026936589, "completition_cost": 888.8888888888888, "overshoot_cost": 40.55041291201607, "power_cost": 29.96588546142578, "noise_cost": 33.933577268994355, "n_waypoints_completed": 1, "tot_waypoints": 9}}
{"target": -1309.1385436809835, "params": {"k_pid_pos": [1.9925494194030762, 0.959890604019165, 0.016163378953933716], "k_pid_alt": [1.9617817401885986, 0.9815810918807983, 0.01541978120803833], "k_pid_att": [100.0, 0.13414712250232697, 0.9857454299926758], "k_pid_yaw": [0.5, 1e-06, 0.1], "k_pid_hsp": [10.0, 0.988542377948761, 0.028827130794525146], "k_pid_vsp": [399.66162109375, 5.668700695037842, 9.999999974752427e-07]}, "datetime": {"datetime": "2025-08-12 10:10:51", "elapsed": 63930.5551097393, "delta": 28.243720531463623}, "costs": {"total_cost": 1309.1385436809835, "time_cost": 150, "final_distance_cost": 63.30289554785098, "oscillation_cost": 102.62140588910403, "completition_cost": 888.8888888888888, "overshoot_cost": 40.86774441998278, "power_cost": 29.546244873046877, "noise_cost": 33.91136406211009, "n_waypoints_completed": 1, "tot_waypoints": 9}}
{"target": -712.3523482187378, "params": {"k_pid_pos": [1.962998390197754, 0.9883512258529663, 0.0057663023471832275], "k_pid_alt": [1.981560230255127, 0.989402711391449, 0.05631181597709656], "k_pid_att": [100.0, 0.10988171398639679, 0.9964118003845215], "k_pid_yaw": [0.5, 1e-06, 0.1], "k_pid_hsp": [10.0, 0.975873589515686, 0.007493346929550171], "k_pid_vsp": [399.99755859375, 42.4382438659668, 0.0004539953079074621]}, "datetime": {"datetime": "2025-08-12 10:11:19", "elapsed": 63958.39612174034, "delta": 27.841012001037598}, "costs": {"total_cost": 712.3523482187378, "time_cost": 150, "final_distance_cost": 68.19033388908207, "oscillation_cost": 146.69182491643298, "completition_cost": 222.2222222222222, "overshoot_cost": 60.15726111158366, "power_cost": 30.90392644042969, "noise_cost": 34.186779638987225, "n_waypoints_completed": 7, "tot_waypoints": 9}}
{"target": -739.947551973812, "params": {"k_pid_pos": [1.89092218875885, 0.981431782245636, 0.017990946769714355], "k_pid_alt": [1.7626054286956787, 0.9835193157196045, 0.00480768084526062], "k_pid_att": [100.0, 0.028357384726405144, 0.9661842584609985], "k_pid_yaw": [0.5, 1e-06, 0.1], "k_pid_hsp": [9.994426727294922, 0.9864521026611328, 0.01342850923538208], "k_pid_vsp": [396.50067138671875, 6.189669132232666, 9.999999974752427e-07]}, "datetime": {"datetime": "2025-08-12 10:11:48", "elapsed": 63987.4077372551, "delta": 29.01161551475525}, "costs": {"total_cost": 739.947551973812, "time_cost": 150, "final_distance_cost": 63.140702216232135, "oscillation_cost": 181.68615273775174, "completition_cost": 222.2222222222222, "overshoot_cost": 59.24144544402025, "power_cost": 31.179631188964844, "noise_cost": 32.47739816462081, "n_waypoints_completed": 7, "tot_waypoints": 9}}
{"target": -915.8682114843688, "params": {"k_pid_pos": [1.9736595153808594, 0.9923376441001892, 0.01942300796508789], "k_pid_alt": [1.9195488691329956, 0.99440598487854, 0.012260347604751587], "k_pid_att": [100.0, 0.07729320228099823, 0.7043389678001404], "k_pid_yaw": [0.5, 1e-06, 0.1], "k_pid_hsp": [10.0, 0.9812024831771851, 0.002247631549835205], "k_pid_vsp": [400.0, 5.044783115386963, 0.00027518137358129025]}, "datetime": {"datetime": "2025-08-12 10:12:16", "elapsed": 64015.80030632019, "delta": 28.392569065093994}, "costs": {"total_cost": 915.8682114843688, "time_cost": 150, "final_distance_cost": 72.65897236167461, "oscillation_cost": 228.86414148594648, "completition_cost": 333.33333333333337, "overshoot_cost": 64.84757302336979, "power_cost": 32.026216625976566, "noise_cost": 34.137974654068024, "n_waypoints_completed": 6, "tot_waypoints": 9}}
{"target": -710.8326579241934, "params": {"k_pid_pos": [1.9386324882507324, 0.9585072994232178, 0.004979908466339111], "k_pid_alt": [1.87886381149292, 0.9621194005012512, 0.029887765645980835], "k_pid_att": [100.0, 1.2087591886520386, 0.9448832273483276], "k_pid_yaw": [0.5, 1e-06, 0.1], "k_pid_hsp": [10.0, 0.9946961998939514, 0.007490962743759155], "k_pid_vsp": [398.36334228515625, 53.18696594238281, 9.999999974752427e-07]}, "datetime": {"datetime": "2025-08-12 10:12:44", "elapsed": 64044.023955106735, "delta": 28.2236487865448}, "costs": {"total_cost": 710.8326579241934, "time_cost": 150, "final_distance_cost": 73.51617568921442, "oscillation_cost": 140.223393807255, "completition_cost": 222.2222222222222, "overshoot_cost": 59.73798506393384, "power_cost": 30.930227954101564, "noise_cost": 34.20265318746638, "n_waypoints_completed": 7, "tot_waypoints": 9}}
{"target": -1114.5996475298482, "params": {"k_pid_pos": [1.943253993988037, 0.8421058654785156, 0.11291050910949707], "k_pid_alt": [1.9910558462142944, 0.980097770690918, 0.040030598640441895], "k_pid_att": [99.99440002441406, 0.09213341772556305, 0.9887561798095703], "k_pid_yaw": [0.5, 1e-06, 0.1], "k_pid_hsp": [9.997445106506348, 0.9628379940986633, 0.0487537682056427], "k_pid_vsp": [303.26776123046875, 15.16982364654541, 276.14007568359375]}, "datetime": {"datetime": "2025-08-12 10:13:11", "elapsed": 64071.10199666023, "delta": 27.078041553497314}, "costs": {"total_cost": 1114.5996475298482, "time_cost": 150, "final_distance_cost": 58.588461838852254, "oscillation_cost": 102.22237158843234, "completition_cost": 666.6666666666667, "overshoot_cost": 71.01360420410906, "power_cost": 35.86698472900391, "noise_cost": 30.241558502783953, "n_waypoints_completed": 3, "tot_waypoints": 9}}
{"target": -1318.0377479156107, "params": {"k_pid_pos": [1.825673222541809, 0.9450647830963135, 0.004190713167190552], "k_pid_alt": [1.9366319179534912, 0.9837840795516968, 0.007417172193527222], "k_pid_att": [100.0, 0.13365299999713898, 0.9984958171844482], "k_pid_yaw": [0.5, 1e-06, 0.1], "k_pid_hsp": [10.0, 0.9947291612625122, 0.02943781018257141], "k_pid_vsp": [399.9997253417969, 4.147530555725098, 9.999999974752427e-07]}, "datetime": {"datetime": "2025-08-12 10:13:38", "elapsed": 64097.84989142418, "delta": 26.747894763946533}, "costs": {"total_cost": 1318.0377479156107, "time_cost": 150, "final_distance_cost": 69.94381476496767, "oscillation_cost": 104.83186666982161, "completition_cost": 888.8888888888888, "overshoot_cost": 40.578444578858765, "power_cost": 29.926917028808596, "noise_cost": 33.867815984264965, "n_waypoints_completed": 1, "tot_waypoints": 9}}
{"target": -874.0679352586403, "params": {"k_pid_pos": [1.9465482234954834, 0.974590539932251, 0.0023409128189086914], "k_pid_alt": [1.944392204284668, 0.9609110355377197, 0.09235289692878723], "k_pid_att": [100.0, 0.7258555889129639, 0.9867069721221924], "k_pid_yaw": [0.5, 1e-06, 0.1], "k_pid_hsp": [10.0, 0.9947407245635986, 0.010685592889785767], "k_pid_vsp": [400.0, 5.129695892333984, 0.0865350216627121]}, "datetime": {"datetime": "2025-08-12 10:14:06", "elapsed": 64125.52414751053, "delta": 27.674256086349487}, "costs": {"total_cost": 874.0679352586403, "time_cost": 150, "final_distance_cost": 76.05341728968176, "oscillation_cost": 186.16684606331893, "completition_cost": 333.33333333333337, "overshoot_cost": 63.85143732697591, "power_cost": 30.588268603515626, "noise_cost": 34.074632641814816, "n_waypoints_completed": 6, "tot_waypoints": 9}}
{"target": -830.9330520028645, "params": {"k_pid_pos": [1.981858730316162, 0.9895378351211548, 0.022694766521453857], "k_pid_alt": [1.9344136714935303, 0.9684195518493652, 0.024840444326400757], "k_pid_att": [100.0, 0.02319209836423397, 0.7690877318382263], "k_pid_yaw": [0.5, 1e-06, 0.1], "k_pid_hsp": [10.0, 0.906760573387146, 0.0800265371799469], "k_pid_vsp": [400.0, 4.008246421813965, 25.777605056762695]}, "datetime": {"datetime": "2025-08-12 10:14:34", "elapsed": 64153.84253144264, "delta": 28.318383932113647}, "costs": {"total_cost": 830.9330520028645, "time_cost": 150, "final_distance_cost": 68.24268032251545, "oscillation_cost": 146.4314415865513, "completition_cost": 333.33333333333337, "overshoot_cost": 65.47898934179888, "power_cost": 35.716620056152344, "noise_cost": 31.729987362513107, "n_waypoints_completed": 6, "tot_waypoints": 9}}
{"target": -1313.631299740477, "params": {"k_pid_pos": [1.9945611953735352, 0.9715127944946289, 0.010710537433624268], "k_pid_alt": [1.9958058595657349, 0.988190770149231, 0.0029726624488830566], "k_pid_att": [99.99982452392578, 0.006436804309487343, 0.9907732605934143], "k_pid_yaw": [0.5, 1e-06, 0.1], "k_pid_hsp": [10.0, 0.9673951864242554, 0.06036362051963806], "k_pid_vsp": [399.40966796875, 18.095590591430664, 36.352203369140625]}, "datetime": {"datetime": "2025-08-12 10:15:01", "elapsed": 64180.58180999756, "delta": 26.739278554916382}, "costs": {"total_cost": 1313.631299740477, "time_cost": 150, "final_distance_cost": 73.14818133767804, "oscillation_cost": 94.5629528177852, "completition_cost": 888.8888888888888, "overshoot_cost": 41.250487332556915, "power_cost": 35.37785052490234, "noise_cost": 30.402938838665705, "n_waypoints_completed": 1, "tot_waypoints": 9}}
{"target": -1327.704705393706, "params": {"k_pid_pos": [1.9343316555023193, 0.9932622909545898, 0.011961936950683594], "k_pid_alt": [1.8928829431533813, 0.995162844657898, 0.017527997493743896], "k_pid_att": [100.0, 0.221725732088089, 0.9897266626358032], "k_pid_yaw": [0.5, 1e-06, 0.1], "k_pid_hsp": [9.999999046325684, 0.9194971323013306, 0.04875585436820984], "k_pid_vsp": [399.9997253417969, 18.386354446411133, 9.999999974752427e-07]}, "datetime": {"datetime": "2025-08-12 10:15:28", "elapsed": 64207.551288604736, "delta": 26.969478607177734}, "costs": {"total_cost": 1327.704705393706, "time_cost": 150, "final_distance_cost": 71.8493224692774, "oscillation_cost": 112.40570641635817, "completition_cost": 888.8888888888888, "overshoot_cost": 40.25970222081472, "power_cost": 30.499187048339845, "noise_cost": 33.80189835002726, "n_waypoints_completed": 1, "tot_waypoints": 9}}
{"target": -543.404827102792, "params": {"k_pid_pos": [1.993891954421997, 0.9469691514968872, 0.09816473722457886], "k_pid_alt": [1.9336543083190918, 0.9889509081840515, 0.007011234760284424], "k_pid_att": [100.0, 0.6606985330581665, 0.9528486728668213], "k_pid_yaw": [0.5, 1e-06, 0.1], "k_pid_hsp": [10.0, 0.9848864078521729, 0.0050566792488098145], "k_pid_vsp": [400.0, 26.67646598815918, 1.2920929293613881e-05]}, "datetime": {"datetime": "2025-08-12 10:15:55", "elapsed": 64234.689611673355, "delta": 27.138323068618774}, "costs": {"total_cost": 543.404827102792, "time_cost": 150, "final_distance_cost": 34.805143644352086, "oscillation_cost": 123.52720300636804, "completition_cost": 111.11111111111116, "overshoot_cost": 61.24060334526341, "power_cost": 30.130576721191407, "noise_cost": 32.590189274505825, "n_waypoints_completed": 8, "tot_waypoints": 9}}
{"target": -1417.4998234687107, "params": {"k_pid_pos": [1.9655685424804688, 0.9686307907104492, 0.033210307359695435], "k_pid_alt": [1.9914982318878174, 0.9732540249824524, 0.12776684761047363], "k_pid_att": [100.0, 1.7698097229003906, 0.9933744668960571], "k_pid_yaw": [0.5, 1e-06, 0.1], "k_pid_hsp": [10.0, 0.9789239168167114, 0.04187539219856262], "k_pid_vsp": [400.0, 0.9558926224708557, 396.4193420410156]}, "datetime": {"datetime": "2025-08-12 10:16:21", "elapsed": 64260.89609789848, "delta": 26.206486225128174}, "costs": {"total_cost": 1417.4998234687107, "time_cost": 150, "final_distance_cost": 46.08390903179087, "oscillation_cost": 81.88546246613885, "completition_cost": 1000.0, "overshoot_cost": 72.76474250430925, "power_cost": 35.0791427734375, "noise_cost": 31.68656669303417, "n_waypoints_completed": 0, "tot_waypoints": 9}}
{"target": -1319.0332473834374, "params": {"k_pid_pos": [1.9803571701049805, 0.9696568250656128, 0.019672513008117676], "k_pid_alt": [1.986701250076294, 0.9810701608657837, 0.028138726949691772], "k_pid_att": [100.0, 0.5934520363807678, 0.9036256074905396], "k_pid_yaw": [0.5, 1e-06, 0.1], "k_pid_hsp": [10.0, 0.9892666339874268, 0.046307533979415894], "k_pid_vsp": [400.0, 7.09515905380249, 0.00047783716581761837]}, "datetime": {"datetime": "2025-08-12 10:16:51", "elapsed": 64291.10352182388, "delta": 30.20742392539978}, "costs": {"total_cost": 1319.0332473834374, "time_cost": 150, "final_distance_cost": 70.46264377372044, "oscillation_cost": 104.33512583505478, "completition_cost": 888.8888888888888, "overshoot_cost": 41.048004525875115, "power_cost": 30.60057352294922, "noise_cost": 33.69801083694921, "n_waypoints_completed": 1, "tot_waypoints": 9}}
