{"target": -1541.631661255434, "params": {"k_pid_pos": [1.9105526208877563, 0.9855083227157593, 0.16159403324127197], "k_pid_alt": [1.9500432014465332, 0.8479453325271606, 0.06647849082946777], "k_pid_att": [99.9999771118164, 1.6165740489959717, 0.9904636144638062], "k_pid_yaw": [0.5, 1e-06, 0.1], "k_pid_hsp": [5.5015974044799805, 0.9167064428329468, 0.013099104166030884], "k_pid_vsp": [2.384185791015625e-05, 6.727028846740723, 399.998291015625]}, "datetime": {"datetime": "2025-08-11 23:55:34", "elapsed": 27013.482165575027, "delta": 29.95253348350525}, "costs": {"total_cost": 1541.631661255434, "time_cost": 150, "final_distance_cost": 8.613155762817744, "oscillation_cost": 56.972884080964164, "completition_cost": 1000.0, "overshoot_cost": 164.52667029565478, "power_cost": 21.58182438964844, "noise_cost": 139.93712672634865, "n_waypoints_completed": 0, "tot_waypoints": 9}}
{"target": -1292.1864921556157, "params": {"k_pid_pos": [1.8133459091186523, 0.9875987768173218, 0.027003318071365356], "k_pid_alt": [1.984302282333374, 0.9434961080551147, 0.006792545318603516], "k_pid_att": [100.0, 1.7616398334503174, 0.8778281211853027], "k_pid_yaw": [0.5, 1e-06, 0.1], "k_pid_hsp": [10.0, 0.9877755045890808, 0.03171217441558838], "k_pid_vsp": [395.18121337890625, 10.422850608825684, 0.4423747658729553]}, "datetime": {"datetime": "2025-08-11 23:56:04", "elapsed": 27044.22724533081, "delta": 30.74507975578308}, "costs": {"total_cost": 1292.1864921556157, "time_cost": 150, "final_distance_cost": 60.1204728834016, "oscillation_cost": 87.7630112337508, "completition_cost": 888.8888888888888, "overshoot_cost": 41.31312081715997, "power_cost": 30.18558563232422, "noise_cost": 33.91541270009035, "n_waypoints_completed": 1, "tot_waypoints": 9}}
{"target": -1513.3522506174556, "params": {"k_pid_pos": [1.956982135772705, 0.9771316051483154, 0.0821513831615448], "k_pid_alt": [1.7193089723587036, 0.813657283782959, 0.010341852903366089], "k_pid_att": [99.99957275390625, 1.4259545803070068, 0.9203091859817505], "k_pid_yaw": [0.5, 1e-06, 0.1], "k_pid_hsp": [10.0, 0.978744387626648, 0.023346662521362305], "k_pid_vsp": [400.0, 11.304737091064453, 400.0]}, "datetime": {"datetime": "2025-08-11 23:56:35", "elapsed": 27075.25385761261, "delta": 31.026612281799316}, "costs": {"total_cost": 1513.3522506174556, "time_cost": 150, "final_distance_cost": 2.1241706637443762, "oscillation_cost": 67.58804864698297, "completition_cost": 1000.0, "overshoot_cost": 161.16019381395847, "power_cost": 33.26674885253907, "noise_cost": 99.21308864023085, "n_waypoints_completed": 0, "tot_waypoints": 9}}
{"target": -812.6772582853107, "params": {"k_pid_pos": [1.9729827642440796, 0.9691038131713867, 0.036794573068618774], "k_pid_alt": [1.7875592708587646, 0.9973831176757812, 0.05826759338378906], "k_pid_att": [100.0, 0.5640171766281128, 0.9619932174682617], "k_pid_yaw": [0.5, 1e-06, 0.1], "k_pid_hsp": [10.0, 0.7919013500213623, 0.0683915913105011], "k_pid_vsp": [392.054443359375, 7.662249565124512, 0.15341143310070038]}, "datetime": {"datetime": "2025-08-11 23:57:06", "elapsed": 27105.49421453476, "delta": 30.240356922149658}, "costs": {"total_cost": 812.6772582853107, "time_cost": 150, "final_distance_cost": 53.07465851843301, "oscillation_cost": 147.17293115835128, "completition_cost": 333.33333333333337, "overshoot_cost": 62.6841101289713, "power_cost": 32.24092379150391, "noise_cost": 34.17130135471788, "n_waypoints_completed": 6, "tot_waypoints": 9}}
{"target": -1206.197775758869, "params": {"k_pid_pos": [1.9070377349853516, 0.9926637411117554, 0.2649878263473511], "k_pid_alt": [1.985245704650879, 0.8894696235656738, 0.01811346411705017], "k_pid_att": [100.0, 1.3697857856750488, 0.9843876361846924], "k_pid_yaw": [0.5, 1e-06, 0.1], "k_pid_hsp": [10.0, 0.98963463306427, 0.3448532223701477], "k_pid_vsp": [400.0, 19.37445640563965, 391.5113525390625]}, "datetime": {"datetime": "2025-08-11 23:57:37", "elapsed": 27137.318562746048, "delta": 31.824348211288452}, "costs": {"total_cost": 1206.197775758869, "time_cost": 150, "final_distance_cost": 45.750279973787116, "oscillation_cost": 186.546113999171, "completition_cost": 666.6666666666667, "overshoot_cost": 87.75509400817215, "power_cost": 38.17040535888672, "noise_cost": 31.30921575218531, "n_waypoints_completed": 3, "tot_waypoints": 9}}
{"target": -1535.2747366929725, "params": {"k_pid_pos": [1.8622620105743408, 0.982214629650116, 0.08062154054641724], "k_pid_alt": [1.9832340478897095, 0.9678084850311279, 0.008701860904693604], "k_pid_att": [100.0, 0.3348548114299774, 0.8980065584182739], "k_pid_yaw": [0.5, 1e-06, 0.1], "k_pid_hsp": [9.346467018127441, 0.9988070726394653, 0.01791703701019287], "k_pid_vsp": [383.36181640625, 7.6570281982421875, 399.9998474121094]}, "datetime": {"datetime": "2025-08-11 23:58:08", "elapsed": 27167.88832640648, "delta": 30.569763660430908}, "costs": {"total_cost": 1535.2747366929725, "time_cost": 150, "final_distance_cost": 10.716947995611774, "oscillation_cost": 63.67415876372013, "completition_cost": 1000.0, "overshoot_cost": 163.59623067078527, "power_cost": 32.82147542724609, "noise_cost": 114.46592383560935, "n_waypoints_completed": 0, "tot_waypoints": 9}}
{"target": -1539.2198278411088, "params": {"k_pid_pos": [1.9852561950683594, 0.9036528468132019, 0.020256102085113525], "k_pid_alt": [1.9289231300354004, 0.9956390261650085, 0.0040298402309417725], "k_pid_att": [100.0, 0.4288944900035858, 0.9934295415878296], "k_pid_yaw": [0.5, 1e-06, 0.1], "k_pid_hsp": [10.0, 0.9591354131698608, 0.022572606801986694], "k_pid_vsp": [2.384185791015625e-05, 4.279304504394531, 400.0]}, "datetime": {"datetime": "2025-08-11 23:58:39", "elapsed": 27198.55882167816, "delta": 30.67049527168274}, "costs": {"total_cost": 1539.2198278411088, "time_cost": 150, "final_distance_cost": 7.681081192841229, "oscillation_cost": 58.73402514494373, "completition_cost": 1000.0, "overshoot_cost": 164.10394796733996, "power_cost": 23.262596533203126, "noise_cost": 135.4381770027807, "n_waypoints_completed": 0, "tot_waypoints": 9}}
{"target": -1559.8751048187062, "params": {"k_pid_pos": [1.9927064180374146, 0.9944698810577393, 0.013286501169204712], "k_pid_alt": [1.7865288257598877, 0.9497370719909668, 0.035155147314071655], "k_pid_att": [1.8062472343444824, 0.07180307805538177, 0.9518108367919922], "k_pid_yaw": [0.5, 1e-06, 0.1], "k_pid_hsp": [10.0, 0.984836995601654, 0.016430824995040894], "k_pid_vsp": [0.0001430511474609375, 13.006699562072754, 342.05023193359375]}, "datetime": {"datetime": "2025-08-11 23:59:09", "elapsed": 27229.046546936035, "delta": 30.487725257873535}, "costs": {"total_cost": 1559.8751048187062, "time_cost": 150, "final_distance_cost": 17.52698739750564, "oscillation_cost": 57.62767439817031, "completition_cost": 1000.0, "overshoot_cost": 169.8907823193827, "power_cost": 23.67885390625, "noise_cost": 141.15080679739762, "n_waypoints_completed": 0, "tot_waypoints": 9}}
{"target": -1521.497338178927, "params": {"k_pid_pos": [1.965380072593689, 0.9598492383956909, 0.03206184506416321], "k_pid_alt": [1.9793305397033691, 0.9233234524726868, 0.027951061725616455], "k_pid_att": [100.0, 0.20839349925518036, 0.9872523546218872], "k_pid_yaw": [0.5, 1e-06, 0.1], "k_pid_hsp": [9.99833869934082, 0.9931519031524658, 0.006486326456069946], "k_pid_vsp": [0.005817413330078125, 24.421098709106445, 398.6935729980469]}, "datetime": {"datetime": "2025-08-11 23:59:39", "elapsed": 27259.270551919937, "delta": 30.224004983901978}, "costs": {"total_cost": 1521.497338178927, "time_cost": 150, "final_distance_cost": 1.4431827555504082, "oscillation_cost": 49.56150282742979, "completition_cost": 1000.0, "overshoot_cost": 165.72372132678845, "power_cost": 30.330814208984375, "noise_cost": 124.43811706017414, "n_waypoints_completed": 0, "tot_waypoints": 9}}
{"target": -807.1815717466512, "params": {"k_pid_pos": [1.9709391593933105, 0.9419735670089722, 0.011821776628494263], "k_pid_alt": [1.8179649114608765, 0.8399189710617065, 0.021381884813308716], "k_pid_att": [100.0, 0.3021896779537201, 0.9364774227142334], "k_pid_yaw": [0.5, 1e-06, 0.1], "k_pid_hsp": [10.0, 0.8435837030410767, 0.06644216179847717], "k_pid_vsp": [305.6990051269531, 164.27540588378906, 0.015474366024136543]}, "datetime": {"datetime": "2025-08-12 00:00:13", "elapsed": 27292.50669980049, "delta": 33.2361478805542}, "costs": {"total_cost": 807.1815717466512, "time_cost": 150, "final_distance_cost": 70.63858203973304, "oscillation_cost": 127.46046752941383, "completition_cost": 333.33333333333337, "overshoot_cost": 59.033148524682964, "power_cost": 32.53941611328125, "noise_cost": 34.17662420620689, "n_waypoints_completed": 6, "tot_waypoints": 9}}
{"target": -989.718966764927, "params": {"k_pid_pos": [1.9500528573989868, 0.6163760423660278, 0.06072476506233215], "k_pid_alt": [1.9359104633331299, 0.9671809077262878, 0.020209699869155884], "k_pid_att": [100.0, 2.287430763244629, 0.9572242498397827], "k_pid_yaw": [0.5, 1e-06, 0.1], "k_pid_hsp": [0.0212868545204401, 0.9926677942276001, 0.02146962285041809], "k_pid_vsp": [400.0, 14.984370231628418, 324.0056457519531]}, "datetime": {"datetime": "2025-08-12 00:00:44", "elapsed": 27324.047070741653, "delta": 31.54037094116211}, "costs": {"total_cost": 989.718966764927, "time_cost": 150, "final_distance_cost": 39.29605430789934, "oscillation_cost": 86.32748686197054, "completition_cost": 555.5555555555555, "overshoot_cost": 89.51483633347104, "power_cost": 35.32314920654297, "noise_cost": 33.70188449948753, "n_waypoints_completed": 4, "tot_waypoints": 9}}
{"target": -1374.3666065632221, "params": {"k_pid_pos": [1.9874626398086548, 0.9632202386856079, 0.007313460111618042], "k_pid_alt": [1.9242098331451416, 0.8620942831039429, 0.000769197940826416], "k_pid_att": [100.0, 4.647781848907471, 0.989164412021637], "k_pid_yaw": [0.5, 1e-06, 0.1], "k_pid_hsp": [10.0, 0.9616131782531738, 0.17016291618347168], "k_pid_vsp": [389.6158142089844, 3.068972587585449, 399.9998474121094]}, "datetime": {"datetime": "2025-08-12 00:01:16", "elapsed": 27356.084503412247, "delta": 32.03743267059326}, "costs": {"total_cost": 1374.3666065632221, "time_cost": 150, "final_distance_cost": 69.08269471080796, "oscillation_cost": 116.05343615744752, "completition_cost": 888.8888888888888, "overshoot_cost": 80.71576807410361, "power_cost": 37.4105193359375, "noise_cost": 32.21529939603673, "n_waypoints_completed": 1, "tot_waypoints": 9}}
{"target": -1581.87105601263, "params": {"k_pid_pos": [1.9867630004882812, 0.9905641078948975, 0.07969370484352112], "k_pid_alt": [1.9654548168182373, 0.9654903411865234, 0.09776926040649414], "k_pid_att": [100.0, 4.026392459869385, 0.9917124509811401], "k_pid_yaw": [0.5, 1e-06, 0.1], "k_pid_hsp": [10.0, 0.9445971250534058, 0.11348062753677368], "k_pid_vsp": [0.9488701820373535, 7.620168685913086, 288.96844482421875]}, "datetime": {"datetime": "2025-08-12 00:01:48", "elapsed": 27387.412003040314, "delta": 31.327499628067017}, "costs": {"total_cost": 1581.87105601263, "time_cost": 150, "final_distance_cost": 8.611760781178283, "oscillation_cost": 88.64374960239887, "completition_cost": 1000.0, "overshoot_cost": 166.02535757803852, "power_cost": 29.93775036621094, "noise_cost": 138.6524376848036, "n_waypoints_completed": 0, "tot_waypoints": 9}}
{"target": -1164.3295863900985, "params": {"k_pid_pos": [1.9559998512268066, 0.9900873303413391, 0.026906520128250122], "k_pid_alt": [1.972104787826538, 0.9318030476570129, 0.23236480355262756], "k_pid_att": [99.99998474121094, 0.6040201783180237, 0.8151265382766724], "k_pid_yaw": [0.5, 1e-06, 0.1], "k_pid_hsp": [9.999956130981445, 0.979561448097229, 0.011290371417999268], "k_pid_vsp": [0.0002980232238769531, 83.69116973876953, 9.999999974752427e-07]}, "datetime": {"datetime": "2025-08-12 00:02:19", "elapsed": 27419.21963095665, "delta": 31.80762791633606}, "costs": {"total_cost": 1164.3295863900985, "time_cost": 150, "final_distance_cost": 53.47055223000179, "oscillation_cost": 173.51611328860378, "completition_cost": 666.6666666666667, "overshoot_cost": 57.010374207884254, "power_cost": 35.279342053222656, "noise_cost": 28.38653794371915, "n_waypoints_completed": 3, "tot_waypoints": 9}}
{"target": -1511.751046692537, "params": {"k_pid_pos": [1.9664379358291626, 0.9525947570800781, 0.11014682054519653], "k_pid_alt": [1.9037151336669922, 0.9810687303543091, 0.0111275315284729], "k_pid_att": [100.0, 2.5667014122009277, 0.6326023936271667], "k_pid_yaw": [0.5, 1e-06, 0.1], "k_pid_hsp": [10.0, 0.9802557229995728, 0.03027936816215515], "k_pid_vsp": [58.354209899902344, 18.887128829956055, 70.35658264160156]}, "datetime": {"datetime": "2025-08-12 00:02:50", "elapsed": 27449.812586307526, "delta": 30.592955350875854}, "costs": {"total_cost": 1511.751046692537, "time_cost": 150, "final_distance_cost": 11.608199927501458, "oscillation_cost": 77.62849581891365, "completition_cost": 1000.0, "overshoot_cost": 157.05320294289737, "power_cost": 34.39119348144531, "noise_cost": 81.06995452177945, "n_waypoints_completed": 0, "tot_waypoints": 9}}
{"target": -1572.6577441678037, "params": {"k_pid_pos": [1.7593142986297607, 0.923182487487793, 0.032152146100997925], "k_pid_alt": [1.977981448173523, 0.886406421661377, 0.007491171360015869], "k_pid_att": [100.0, 4.308175086975098, 0.948341965675354], "k_pid_yaw": [0.5, 1e-06, 0.1], "k_pid_hsp": [10.0, 0.9913119077682495, 0.03416880965232849], "k_pid_vsp": [0.0, 28.690340042114258, 400.0]}, "datetime": {"datetime": "2025-08-12 00:03:21", "elapsed": 27481.060344457626, "delta": 31.247758150100708}, "costs": {"total_cost": 1572.6577441678037, "time_cost": 150, "final_distance_cost": 13.14812865196894, "oscillation_cost": 77.74144942703705, "completition_cost": 1000.0, "overshoot_cost": 166.01538820592694, "power_cost": 33.816669201660154, "noise_cost": 131.9361086812104, "n_waypoints_completed": 0, "tot_waypoints": 9}}
{"target": -1575.197310031148, "params": {"k_pid_pos": [1.8320775032043457, 0.9649182558059692, 0.3691108822822571], "k_pid_alt": [1.9295152425765991, 0.9840274453163147, 0.0034665465354919434], "k_pid_att": [100.0, 3.5995919704437256, 0.9868818521499634], "k_pid_yaw": [0.5, 1e-06, 0.1], "k_pid_hsp": [1.260201096534729, 0.8752456903457642, 0.004584074020385742], "k_pid_vsp": [0.0, 8.645403861999512, 400.0]}, "datetime": {"datetime": "2025-08-12 00:03:52", "elapsed": 27511.37878894806, "delta": 30.31844449043274}, "costs": {"total_cost": 1575.197310031148, "time_cost": 150, "final_distance_cost": 9.417217042600848, "oscillation_cost": 84.01099245026252, "completition_cost": 1000.0, "overshoot_cost": 165.23692240130234, "power_cost": 21.204505371093752, "noise_cost": 145.32767276588865, "n_waypoints_completed": 0, "tot_waypoints": 9}}
{"target": -1596.575200739046, "params": {"k_pid_pos": [1.9849605560302734, 0.9506980180740356, 0.020365595817565918], "k_pid_alt": [1.9599237442016602, 0.6921112537384033, 0.03478071093559265], "k_pid_att": [100.0, 4.233270645141602, 0.996886134147644], "k_pid_yaw": [0.5, 1e-06, 0.1], "k_pid_hsp": [10.0, 0.9463492035865784, 0.45697981119155884], "k_pid_vsp": [0.0, 9.692169189453125, 0.6442676186561584]}, "datetime": {"datetime": "2025-08-12 00:04:23", "elapsed": 27543.05786728859, "delta": 31.679078340530396}, "costs": {"total_cost": 1596.575200739046, "time_cost": 150, "final_distance_cost": 11.560256956000789, "oscillation_cost": 94.84731756040101, "completition_cost": 1000.0, "overshoot_cost": 165.3710334003091, "power_cost": 29.82851776123047, "noise_cost": 144.96807506110483, "n_waypoints_completed": 0, "tot_waypoints": 9}}
{"target": -1379.7340139715766, "params": {"k_pid_pos": [1.9466731548309326, 0.9707310199737549, 0.03291639685630798], "k_pid_alt": [1.8812341690063477, 0.6699210405349731, 0.005085885524749756], "k_pid_att": [100.0, 0.5740411281585693, 0.9787832498550415], "k_pid_yaw": [0.5, 1e-06, 0.1], "k_pid_hsp": [10.0, 0.9670184850692749, 0.041314005851745605], "k_pid_vsp": [399.91363525390625, 29.34808921813965, 0.015605496242642403]}, "datetime": {"datetime": "2025-08-12 00:04:57", "elapsed": 27576.76482462883, "delta": 33.70695734024048}, "costs": {"total_cost": 1379.7340139715766, "time_cost": 150, "final_distance_cost": 45.253981882590196, "oscillation_cost": 87.808592342906, "completition_cost": 1000.0, "overshoot_cost": 31.969224848405137, "power_cost": 30.682632543945314, "noise_cost": 34.019582353729895, "n_waypoints_completed": 0, "tot_waypoints": 9}}
{"target": -1589.2056115261353, "params": {"k_pid_pos": [1.950518250465393, 0.9268741607666016, 0.047199785709381104], "k_pid_alt": [1.9739584922790527, 0.9917435050010681, 0.00649455189704895], "k_pid_att": [100.0, 0.46083003282546997, 0.9894486665725708], "k_pid_yaw": [0.5, 1e-06, 0.1], "k_pid_hsp": [10.0, 0.9713780879974365, 0.15213310718536377], "k_pid_vsp": [0.0, 69.23811340332031, 400.0]}, "datetime": {"datetime": "2025-08-12 00:05:31", "elapsed": 27610.703513622284, "delta": 33.93868899345398}, "costs": {"total_cost": 1589.2056115261353, "time_cost": 150, "final_distance_cost": 13.1465490846849, "oscillation_cost": 97.37745867205558, "completition_cost": 1000.0, "overshoot_cost": 165.780523091336, "power_cost": 35.03421580810547, "noise_cost": 127.86686486995343, "n_waypoints_completed": 0, "tot_waypoints": 9}}
{"target": -1531.9537197177456, "params": {"k_pid_pos": [1.9645723104476929, 0.9482636451721191, 0.10910636186599731], "k_pid_alt": [1.8521833419799805, 0.9631445407867432, 0.14309942722320557], "k_pid_att": [100.0, 0.6064350008964539, 0.9900845289230347], "k_pid_yaw": [0.5, 1e-06, 0.1], "k_pid_hsp": [10.0, 0.9459348320960999, 0.014551222324371338], "k_pid_vsp": [0.03342628479003906, 32.00065994262695, 400.0]}, "datetime": {"datetime": "2025-08-12 00:06:01", "elapsed": 27640.972094774246, "delta": 30.26858115196228}, "costs": {"total_cost": 1531.9537197177456, "time_cost": 150, "final_distance_cost": 6.7538973125918575, "oscillation_cost": 55.899112633711724, "completition_cost": 1000.0, "overshoot_cost": 164.55246379196427, "power_cost": 30.77178358154297, "noise_cost": 123.97646239793465, "n_waypoints_completed": 0, "tot_waypoints": 9}}
{"target": -1540.0291031532267, "params": {"k_pid_pos": [1.9732404947280884, 0.9834458231925964, 0.031453996896743774], "k_pid_alt": [1.5559269189834595, 0.9863778352737427, 0.02265504002571106], "k_pid_att": [100.0, 0.04048263654112816, 0.9396015405654907], "k_pid_yaw": [0.5, 1e-06, 0.1], "k_pid_hsp": [10.0, 0.9852125644683838, 0.0031299591064453125], "k_pid_vsp": [0.00017881393432617188, 6.417346954345703, 3.476835250854492]}, "datetime": {"datetime": "2025-08-12 00:06:32", "elapsed": 27672.206823587418, "delta": 31.234728813171387}, "costs": {"total_cost": 1540.0291031532267, "time_cost": 150, "final_distance_cost": 14.537365586563327, "oscillation_cost": 46.41906183793634, "completition_cost": 1000.0, "overshoot_cost": 166.25153974525085, "power_cost": 17.070477246093752, "noise_cost": 145.7506587373823, "n_waypoints_completed": 0, "tot_waypoints": 9}}
{"target": -1582.711539476828, "params": {"k_pid_pos": [1.8591331243515015, 0.9516298174858093, 0.017022043466567993], "k_pid_alt": [1.998612403869629, 0.9571573734283447, 0.1364455223083496], "k_pid_att": [100.0, 0.9224881529808044, 0.9639642238616943], "k_pid_yaw": [0.5, 1e-06, 0.1], "k_pid_hsp": [9.999957084655762, 0.890164852142334, 0.045023560523986816], "k_pid_vsp": [0.0, 15.945268630981445, 400.0]}, "datetime": {"datetime": "2025-08-12 00:07:03", "elapsed": 27703.059144496918, "delta": 30.852320909500122}, "costs": {"total_cost": 1582.711539476828, "time_cost": 150, "final_distance_cost": 14.332446312596318, "oscillation_cost": 82.58008867312414, "completition_cost": 1000.0, "overshoot_cost": 166.12995134000002, "power_cost": 32.65028638916016, "noise_cost": 137.01876676194743, "n_waypoints_completed": 0, "tot_waypoints": 9}}
{"target": -1264.464042589348, "params": {"k_pid_pos": [1.9884110689163208, 0.9817555546760559, 0.04143643379211426], "k_pid_alt": [1.9587100744247437, 0.8778972029685974, 0.08354169130325317], "k_pid_att": [99.9999771118164, 4.0489349365234375, 0.965456485748291], "k_pid_yaw": [0.5, 1e-06, 0.1], "k_pid_hsp": [0.04756300151348114, 0.8719961643218994, 0.022638976573944092], "k_pid_vsp": [399.8652038574219, 63.545372009277344, 399.9331359863281]}, "datetime": {"datetime": "2025-08-12 00:07:34", "elapsed": 27733.956029176712, "delta": 30.89688467979431}, "costs": {"total_cost": 1264.464042589348, "time_cost": 150, "final_distance_cost": 87.30289456670786, "oscillation_cost": 78.3497474301195, "completition_cost": 777.7777777777778, "overshoot_cost": 101.43745795365089, "power_cost": 35.40712575683594, "noise_cost": 34.18903910425627, "n_waypoints_completed": 2, "tot_waypoints": 9}}
{"target": -1543.4385019057331, "params": {"k_pid_pos": [1.9294427633285522, 0.9220782518386841, 0.09565383195877075], "k_pid_alt": [1.929115653038025, 0.7785512208938599, 0.011499136686325073], "k_pid_att": [100.0, 0.7311737537384033, 0.9981497526168823], "k_pid_yaw": [0.5, 1e-06, 0.1], "k_pid_hsp": [9.999561309814453, 0.944567859172821, 0.010050743818283081], "k_pid_vsp": [0.7037758827209473, 14.757311820983887, 1.275719165802002]}, "datetime": {"datetime": "2025-08-12 00:08:05", "elapsed": 27765.180455207825, "delta": 31.22442603111267}, "costs": {"total_cost": 1543.4385019057331, "time_cost": 150, "final_distance_cost": 3.1069854583330048, "oscillation_cost": 52.13145360330404, "completition_cost": 1000.0, "overshoot_cost": 164.27742279152866, "power_cost": 25.603240600585938, "noise_cost": 148.31939945198158, "n_waypoints_completed": 0, "tot_waypoints": 9}}
