{"target": -754.4932316222759, "params": {"k_pid_pos": [1.9454084634780884, 0.956741452217102, 0.02300962805747986], "k_pid_alt": [1.9833542108535767, 0.9900884628295898, 0.0794098973274231], "k_pid_att": [100.0, 0.1054421067237854, 0.9870184063911438], "k_pid_yaw": [0.5, 1e-06, 0.1], "k_pid_hsp": [10.0, 0.9929846525192261, 0.018004894256591797], "k_pid_vsp": [399.99615478515625, 1.9230494499206543, 9.999999974752427e-07]}, "datetime": {"datetime": "2025-08-12 11:05:24", "elapsed": 67203.72065114975, "delta": 29.839637756347656}, "costs": {"total_cost": 754.4932316222759, "time_cost": 150, "final_distance_cost": 70.40286249734898, "oscillation_cost": 179.0144307069557, "completition_cost": 222.2222222222222, "overshoot_cost": 67.95738741087544, "power_cost": 30.818737805175783, "noise_cost": 34.07759097969779, "n_waypoints_completed": 7, "tot_waypoints": 9}}
{"target": -1573.2913686066786, "params": {"k_pid_pos": [1.8976855278015137, 0.9610081315040588, 0.019945234060287476], "k_pid_alt": [1.9770987033843994, 0.9450808167457581, 0.03138774633407593], "k_pid_att": [100.0, 0.10584145784378052, 0.9868267774581909], "k_pid_yaw": [0.5, 1e-06, 0.1], "k_pid_hsp": [10.0, 0.9934630990028381, 0.04318693280220032], "k_pid_vsp": [0.0, 12.352765083312988, 9.999999974752427e-07]}, "datetime": {"datetime": "2025-08-12 11:05:54", "elapsed": 67233.50198578835, "delta": 29.78133463859558}, "costs": {"total_cost": 1573.2913686066786, "time_cost": 150, "final_distance_cost": 10.142650494030375, "oscillation_cost": 72.14952498780833, "completition_cost": 1000.0, "overshoot_cost": 166.43884013530132, "power_cost": 24.150964123535157, "noise_cost": 150.4093888660035, "n_waypoints_completed": 0, "tot_waypoints": 9}}
{"target": -398.2641028438523, "params": {"k_pid_pos": [1.985010027885437, 0.9902709126472473, 0.06147757172584534], "k_pid_alt": [1.9885640144348145, 0.9812327027320862, 0.03984260559082031], "k_pid_att": [100.0, 0.3321034610271454, 0.9764140248298645], "k_pid_yaw": [0.5, 1e-06, 0.1], "k_pid_hsp": [10.0, 0.9878802299499512, 0.006290227174758911], "k_pid_vsp": [399.9962463378906, 11.010051727294922, 9.999999974752427e-07]}, "datetime": {"datetime": "2025-08-12 11:06:21", "elapsed": 67260.99331140518, "delta": 27.491325616836548}, "costs": {"total_cost": 398.2641028438523, "time_cost": 113.36500000000001, "final_distance_cost": 1.7712994593167948, "oscillation_cost": 153.59281933609353, "completition_cost": 0.0, "overshoot_cost": 70.06719823689376, "power_cost": 28.61686251220703, "noise_cost": 30.850923299341158, "n_waypoints_completed": 9, "tot_waypoints": 9}}
{"target": -1551.1837080856274, "params": {"k_pid_pos": [1.9479637145996094, 0.9698662757873535, 0.0017399191856384277], "k_pid_alt": [1.9880552291870117, 0.9184755682945251, 0.002270311117172241], "k_pid_att": [100.0, 0.6326366662979126, 0.7963265776634216], "k_pid_yaw": [0.5, 1e-06, 0.1], "k_pid_hsp": [10.0, 0.961818277835846, 0.003534078598022461], "k_pid_vsp": [2.3922324180603027, 1.8653879165649414, 0.0006447301711887121]}, "datetime": {"datetime": "2025-08-12 11:06:49", "elapsed": 67288.97186589241, "delta": 27.978554487228394}, "costs": {"total_cost": 1551.1837080856274, "time_cost": 150, "final_distance_cost": 14.608989548643018, "oscillation_cost": 54.776485963925765, "completition_cost": 1000.0, "overshoot_cost": 166.4995547897101, "power_cost": 18.171006555175783, "noise_cost": 147.12767122817266, "n_waypoints_completed": 0, "tot_waypoints": 9}}
{"target": -1210.598644722392, "params": {"k_pid_pos": [1.9827154874801636, 0.9845055937767029, 0.010357528924942017], "k_pid_alt": [1.9737025499343872, 0.9806534051895142, 0.029606223106384277], "k_pid_att": [100.0, 0.46041548252105713, 0.9927541017532349], "k_pid_yaw": [0.5, 1e-06, 0.1], "k_pid_hsp": [10.0, 0.9689694046974182, 0.01382756233215332], "k_pid_vsp": [399.9902648925781, 3.2735238075256348, 170.9993896484375]}, "datetime": {"datetime": "2025-08-12 11:07:21", "elapsed": 67320.84438276291, "delta": 31.872516870498657}, "costs": {"total_cost": 1210.598644722392, "time_cost": 150, "final_distance_cost": 97.86656494161974, "oscillation_cost": 75.18017909884355, "completition_cost": 777.7777777777778, "overshoot_cost": 46.335744949426065, "power_cost": 33.67453643798828, "noise_cost": 29.763841516736633, "n_waypoints_completed": 2, "tot_waypoints": 9}}
{"target": -1310.450377475747, "params": {"k_pid_pos": [1.9935091733932495, 0.9905267357826233, 0.002912163734436035], "k_pid_alt": [1.9062814712524414, 0.9790444374084473, 0.008546233177185059], "k_pid_att": [100.0, 1.5542540550231934, 0.9851324558258057], "k_pid_yaw": [0.5, 1e-06, 0.1], "k_pid_hsp": [10.0, 0.9838945865631104, 0.03481423854827881], "k_pid_vsp": [400.0, 2.0936498641967773, 9.999999974752427e-07]}, "datetime": {"datetime": "2025-08-12 11:07:50", "elapsed": 67349.88716077805, "delta": 29.04277801513672}, "costs": {"total_cost": 1310.450377475747, "time_cost": 150, "final_distance_cost": 59.54637054449555, "oscillation_cost": 105.83353202293324, "completition_cost": 888.8888888888888, "overshoot_cost": 42.092429904870244, "power_cost": 30.19677927246094, "noise_cost": 33.892376842098386, "n_waypoints_completed": 1, "tot_waypoints": 9}}
{"target": -735.1835121597219, "params": {"k_pid_pos": [1.9751312732696533, 0.9701005220413208, 0.04062235355377197], "k_pid_alt": [1.9974696636199951, 0.9745832681655884, 0.1053621768951416], "k_pid_att": [100.0, 0.9336376786231995, 0.9838581681251526], "k_pid_yaw": [0.5, 1e-06, 0.1], "k_pid_hsp": [10.0, 0.9792580604553223, 0.013556689023971558], "k_pid_vsp": [399.8177185058594, 9.1085205078125, 0.0001678929984336719]}, "datetime": {"datetime": "2025-08-12 11:08:20", "elapsed": 67380.29890918732, "delta": 30.41174840927124}, "costs": {"total_cost": 735.1835121597219, "time_cost": 150, "final_distance_cost": 73.772905039722, "oscillation_cost": 158.1208988233883, "completition_cost": 222.2222222222222, "overshoot_cost": 66.7696532303187, "power_cost": 30.34963231201172, "noise_cost": 33.948200532058934, "n_waypoints_completed": 7, "tot_waypoints": 9}}
{"target": -1577.4536472167613, "params": {"k_pid_pos": [1.9753501415252686, 0.9946742057800293, 0.03656017780303955], "k_pid_alt": [1.995288610458374, 0.992344856262207, 0.004684925079345703], "k_pid_att": [100.0, 0.13539373874664307, 0.9843786358833313], "k_pid_yaw": [0.5, 1e-06, 0.1], "k_pid_hsp": [10.0, 0.9664345979690552, 0.04997989535331726], "k_pid_vsp": [45.158447265625, 12.102151870727539, 400.0]}, "datetime": {"datetime": "2025-08-12 11:08:51", "elapsed": 67411.09627890587, "delta": 30.797369718551636}, "costs": {"total_cost": 1577.4536472167613, "time_cost": 150, "final_distance_cost": 10.011457519157942, "oscillation_cost": 85.36949528631628, "completition_cost": 1000.0, "overshoot_cost": 166.0823582519505, "power_cost": 34.7717412109375, "noise_cost": 131.21859494839921, "n_waypoints_completed": 0, "tot_waypoints": 9}}
{"target": -868.5428290595795, "params": {"k_pid_pos": [1.9025565385818481, 0.9933635592460632, 0.0008504092693328857], "k_pid_alt": [1.923954963684082, 0.9927178025245667, 0.0118580162525177], "k_pid_att": [100.0, 0.32294055819511414, 0.9815669059753418], "k_pid_yaw": [0.5, 1e-06, 0.1], "k_pid_hsp": [10.0, 0.9907435774803162, 0.013239771127700806], "k_pid_vsp": [398.942626953125, 13.981724739074707, 195.99472045898438]}, "datetime": {"datetime": "2025-08-12 11:09:21", "elapsed": 67440.7013399601, "delta": 29.605061054229736}, "costs": {"total_cost": 868.5428290595795, "time_cost": 150, "final_distance_cost": 50.41902658956304, "oscillation_cost": 90.15478579644284, "completition_cost": 444.4444444444444, "overshoot_cost": 68.76325379027112, "power_cost": 34.60295936279297, "noise_cost": 30.15835907606505, "n_waypoints_completed": 5, "tot_waypoints": 9}}
{"target": -719.9051854250141, "params": {"k_pid_pos": [1.9791662693023682, 0.938267171382904, 0.004860281944274902], "k_pid_alt": [1.9574017524719238, 0.9897555112838745, 0.023024559020996094], "k_pid_att": [100.0, 0.7657178640365601, 0.9816913604736328], "k_pid_yaw": [0.5, 1e-06, 0.1], "k_pid_hsp": [10.0, 0.9574179649353027, 0.0014423131942749023], "k_pid_vsp": [399.89251708984375, 1.7255792617797852, 9.999999974752427e-07]}, "datetime": {"datetime": "2025-08-12 11:09:49", "elapsed": 67468.58332872391, "delta": 27.881988763809204}, "costs": {"total_cost": 719.9051854250141, "time_cost": 150, "final_distance_cost": 69.11489638685237, "oscillation_cost": 149.93230480218728, "completition_cost": 222.2222222222222, "overshoot_cost": 64.15354737018002, "power_cost": 30.125004418945313, "noise_cost": 34.357210224626876, "n_waypoints_completed": 7, "tot_waypoints": 9}}
{"target": -1279.9984061835637, "params": {"k_pid_pos": [1.9469904899597168, 0.992732048034668, 0.024120569229125977], "k_pid_alt": [1.9800679683685303, 0.9990246891975403, 0.007587224245071411], "k_pid_att": [100.0, 0.07362576574087143, 0.8860064744949341], "k_pid_yaw": [0.5, 1e-06, 0.1], "k_pid_hsp": [10.0, 0.9839422106742859, 0.02794736623764038], "k_pid_vsp": [400.0, 1.6637930870056152, 3.559220790863037]}, "datetime": {"datetime": "2025-08-12 11:10:18", "elapsed": 67498.23546266556, "delta": 29.65213394165039}, "costs": {"total_cost": 1279.9984061835637, "time_cost": 150, "final_distance_cost": 59.730649990317225, "oscillation_cost": 76.56676479638126, "completition_cost": 888.8888888888888, "overshoot_cost": 41.36406667354068, "power_cost": 29.414098840332034, "noise_cost": 34.033936994103776, "n_waypoints_completed": 1, "tot_waypoints": 9}}
{"target": -1325.176930969342, "params": {"k_pid_pos": [1.8764088153839111, 0.9926334619522095, 0.05106300115585327], "k_pid_alt": [1.9819681644439697, 0.9491292238235474, 0.0029489099979400635], "k_pid_att": [100.0, 0.3518050014972687, 0.9856404662132263], "k_pid_yaw": [0.5, 1e-06, 0.1], "k_pid_hsp": [9.999974250793457, 0.990379273891449, 0.03918159008026123], "k_pid_vsp": [400.0, 2.563441753387451, 9.999999974752427e-07]}, "datetime": {"datetime": "2025-08-12 11:10:47", "elapsed": 67526.98060441017, "delta": 28.745141744613647}, "costs": {"total_cost": 1325.176930969342, "time_cost": 150, "final_distance_cost": 69.7519992360895, "oscillation_cost": 111.42748780160274, "completition_cost": 888.8888888888888, "overshoot_cost": 40.84235847439696, "power_cost": 30.49300192871094, "noise_cost": 33.77319463965313, "n_waypoints_completed": 1, "tot_waypoints": 9}}
{"target": -1600.2347154489114, "params": {"k_pid_pos": [1.9818716049194336, 0.9736007452011108, 0.01869991421699524], "k_pid_alt": [1.7687236070632935, 0.9297296404838562, 0.024703234434127808], "k_pid_att": [100.0, 0.3310839533805847, 0.9847531318664551], "k_pid_yaw": [0.5, 1e-06, 0.1], "k_pid_hsp": [10.0, 0.9943625330924988, 0.23913496732711792], "k_pid_vsp": [0.07899999618530273, 11.165154457092285, 0.1492033451795578]}, "datetime": {"datetime": "2025-08-12 11:11:17", "elapsed": 67556.68547725677, "delta": 29.704872846603394}, "costs": {"total_cost": 1600.2347154489114, "time_cost": 150, "final_distance_cost": 12.131509119661668, "oscillation_cost": 94.20245750980823, "completition_cost": 1000.0, "overshoot_cost": 165.52337046063045, "power_cost": 30.8847564453125, "noise_cost": 147.4926219134986, "n_waypoints_completed": 0, "tot_waypoints": 9}}
{"target": -653.3731734483392, "params": {"k_pid_pos": [1.9537614583969116, 0.9879134297370911, 0.05369824171066284], "k_pid_alt": [1.983386516571045, 0.9790319204330444, 0.005133271217346191], "k_pid_att": [100.0, 0.14021869003772736, 0.9934982657432556], "k_pid_yaw": [0.5, 1e-06, 0.1], "k_pid_hsp": [10.0, 0.964464545249939, 0.0054472386837005615], "k_pid_vsp": [399.3517761230469, 19.553627014160156, 9.671236038208008]}, "datetime": {"datetime": "2025-08-12 11:11:46", "elapsed": 67585.57553792, "delta": 28.890060663223267}, "costs": {"total_cost": 653.3731734483392, "time_cost": 150, "final_distance_cost": 61.889165071860795, "oscillation_cost": 90.2421819150208, "completition_cost": 222.2222222222222, "overshoot_cost": 65.16196482566257, "power_cost": 32.57072083740235, "noise_cost": 31.28691857617065, "n_waypoints_completed": 7, "tot_waypoints": 9}}
{"target": -1290.8274696045278, "params": {"k_pid_pos": [1.9814369678497314, 0.9824315309524536, 0.015984535217285156], "k_pid_alt": [1.9949309825897217, 0.9328009486198425, 0.1997908353805542], "k_pid_att": [99.99932861328125, 1.3402314186096191, 0.997725248336792], "k_pid_yaw": [0.5, 1e-06, 0.1], "k_pid_hsp": [9.999998092651367, 0.9754552841186523, 0.020691901445388794], "k_pid_vsp": [400.0, 79.33454895019531, 0.0030885206069797277]}, "datetime": {"datetime": "2025-08-12 11:12:15", "elapsed": 67614.85321712494, "delta": 29.277679204940796}, "costs": {"total_cost": 1290.8274696045278, "time_cost": 150, "final_distance_cost": 59.41788978074918, "oscillation_cost": 89.01022440307665, "completition_cost": 888.8888888888888, "overshoot_cost": 40.323908993082476, "power_cost": 29.293297680664065, "noise_cost": 33.893259858066585, "n_waypoints_completed": 1, "tot_waypoints": 9}}
{"target": -1534.4014226108638, "params": {"k_pid_pos": [1.9878023862838745, 0.992231547832489, 0.01135280728340149], "k_pid_alt": [1.992599606513977, 0.969820499420166, 0.046198368072509766], "k_pid_att": [100.0, 0.7515220046043396, 0.9886192083358765], "k_pid_yaw": [0.5, 1e-06, 0.1], "k_pid_hsp": [10.0, 0.9485807418823242, 0.008396446704864502], "k_pid_vsp": [0.7077813148498535, 7.8907976150512695, 9.999999974752427e-07]}, "datetime": {"datetime": "2025-08-12 11:12:45", "elapsed": 67645.37063360214, "delta": 30.51741647720337}, "costs": {"total_cost": 1534.4014226108638, "time_cost": 150, "final_distance_cost": 2.830720061949703, "oscillation_cost": 46.41090009664736, "completition_cost": 1000.0, "overshoot_cost": 166.59896753419878, "power_cost": 20.120731494140625, "noise_cost": 148.4401034239271, "n_waypoints_completed": 0, "tot_waypoints": 9}}
{"target": -1293.2408783574867, "params": {"k_pid_pos": [1.9811652898788452, 0.9962241053581238, 0.013538926839828491], "k_pid_alt": [1.9860281944274902, 0.9530564546585083, 0.149361252784729], "k_pid_att": [99.97904205322266, 0.2806073725223541, 0.9253844618797302], "k_pid_yaw": [0.5, 1e-06, 0.1], "k_pid_hsp": [10.0, 0.9692890644073486, 0.038252413272857666], "k_pid_vsp": [399.9992370605469, 8.275223731994629, 4.8874030113220215]}, "datetime": {"datetime": "2025-08-12 11:13:16", "elapsed": 67675.62340378761, "delta": 30.25277018547058}, "costs": {"total_cost": 1293.2408783574867, "time_cost": 150, "final_distance_cost": 61.163292022896435, "oscillation_cost": 87.6822634202918, "completition_cost": 888.8888888888888, "overshoot_cost": 41.361860554313246, "power_cost": 30.19479510498047, "noise_cost": 33.94977836611565, "n_waypoints_completed": 1, "tot_waypoints": 9}}
{"target": -1319.2339131066396, "params": {"k_pid_pos": [1.991665005683899, 0.987601637840271, 0.00867423415184021], "k_pid_alt": [1.986354112625122, 0.9706779718399048, 0.04757833480834961], "k_pid_att": [100.0, 0.18181456625461578, 0.9588351249694824], "k_pid_yaw": [0.5, 1e-06, 0.1], "k_pid_hsp": [10.0, 0.995445191860199, 0.06745696067810059], "k_pid_vsp": [399.9952697753906, 80.96749877929688, 9.999999974752427e-07]}, "datetime": {"datetime": "2025-08-12 11:13:45", "elapsed": 67704.87313199043, "delta": 29.249728202819824}, "costs": {"total_cost": 1319.2339131066396, "time_cost": 150, "final_distance_cost": 67.3807972357674, "oscillation_cost": 108.72147223295926, "completition_cost": 888.8888888888888, "overshoot_cost": 39.21014642834608, "power_cost": 31.332603149414066, "noise_cost": 33.700005171264195, "n_waypoints_completed": 1, "tot_waypoints": 9}}
{"target": -1511.7397158797357, "params": {"k_pid_pos": [1.8875914812088013, 0.9922504425048828, 0.0891273021697998], "k_pid_alt": [1.9274804592132568, 0.9921342134475708, 0.03322005271911621], "k_pid_att": [100.0, 0.055627431720495224, 0.9936718940734863], "k_pid_yaw": [0.5, 1e-06, 0.1], "k_pid_hsp": [10.0, 0.9815425872802734, 0.013358861207962036], "k_pid_vsp": [400.0, 4.58731746673584, 383.1306457519531]}, "datetime": {"datetime": "2025-08-12 11:14:12", "elapsed": 67731.8494849205, "delta": 26.97635293006897}, "costs": {"total_cost": 1511.7397158797357, "time_cost": 150, "final_distance_cost": 6.107208658607662, "oscillation_cost": 61.27585313339896, "completition_cost": 1000.0, "overshoot_cost": 160.5067199569066, "power_cost": 33.7622623046875, "noise_cost": 100.08767182613504, "n_waypoints_completed": 0, "tot_waypoints": 9}}
{"target": -1555.9156375015298, "params": {"k_pid_pos": [1.9674944877624512, 0.9964019060134888, 0.00817263126373291], "k_pid_alt": [1.9033149480819702, 0.9694092273712158, 0.014110535383224487], "k_pid_att": [100.0, 0.1642930656671524, 0.9772393703460693], "k_pid_yaw": [0.5, 1e-06, 0.1], "k_pid_hsp": [10.0, 0.9913513660430908, 0.039432674646377563], "k_pid_vsp": [0.00016689300537109375, 1.3151774406433105, 62.432098388671875]}, "datetime": {"datetime": "2025-08-12 11:14:41", "elapsed": 67760.97208976746, "delta": 29.122604846954346}, "costs": {"total_cost": 1555.9156375015298, "time_cost": 150, "final_distance_cost": 9.178214772793376, "oscillation_cost": 73.8204142238652, "completition_cost": 1000.0, "overshoot_cost": 164.7054299075812, "power_cost": 24.49115545654297, "noise_cost": 133.72042314074704, "n_waypoints_completed": 0, "tot_waypoints": 9}}
{"target": -855.0912756603865, "params": {"k_pid_pos": [1.9827088117599487, 0.9559162855148315, 0.004987061023712158], "k_pid_alt": [1.9952377080917358, 0.9966160655021667, 0.01587468385696411], "k_pid_att": [99.9999771118164, 0.15922552347183228, 0.9914193749427795], "k_pid_yaw": [0.5, 1e-06, 0.1], "k_pid_hsp": [10.0, 0.9525183439254761, 0.020328789949417114], "k_pid_vsp": [399.9735412597656, 12.758708953857422, 118.45343017578125]}, "datetime": {"datetime": "2025-08-12 11:15:10", "elapsed": 67789.86473321915, "delta": 28.892643451690674}, "costs": {"total_cost": 855.0912756603865, "time_cost": 150, "final_distance_cost": 46.15002067080848, "oscillation_cost": 94.09425289856637, "completition_cost": 444.4444444444444, "overshoot_cost": 55.943343978716534, "power_cost": 34.68721053466797, "noise_cost": 29.77200313318278, "n_waypoints_completed": 5, "tot_waypoints": 9}}
{"target": -1325.7040099952414, "params": {"k_pid_pos": [1.9605512619018555, 0.9521257877349854, 0.04110702872276306], "k_pid_alt": [1.9647586345672607, 0.9455879926681519, 0.08822691440582275], "k_pid_att": [100.0, 0.7326281070709229, 0.9795323610305786], "k_pid_yaw": [0.5, 1e-06, 0.1], "k_pid_hsp": [10.0, 0.9941436052322388, 0.04507705569267273], "k_pid_vsp": [399.9556884765625, 29.20907974243164, 0.0005851255264133215]}, "datetime": {"datetime": "2025-08-12 11:15:37", "elapsed": 67817.25625729561, "delta": 27.391524076461792}, "costs": {"total_cost": 1325.7040099952414, "time_cost": 150, "final_distance_cost": 73.2057261966849, "oscillation_cost": 109.13642934709176, "completition_cost": 888.8888888888888, "overshoot_cost": 40.00350981221774, "power_cost": 30.694777734375002, "noise_cost": 33.77467801598315, "n_waypoints_completed": 1, "tot_waypoints": 9}}
{"target": -875.9949269232611, "params": {"k_pid_pos": [1.7824867963790894, 0.9761698246002197, 0.026792526245117188], "k_pid_alt": [1.9752885103225708, 0.9715169668197632, 0.04148989915847778], "k_pid_att": [100.0, 0.2648593783378601, 0.9973032474517822], "k_pid_yaw": [0.5, 1e-06, 0.1], "k_pid_hsp": [10.0, 0.9968719482421875, 0.010263323783874512], "k_pid_vsp": [400.0, 3.9858827590942383, 9.999999974752427e-07]}, "datetime": {"datetime": "2025-08-12 11:16:05", "elapsed": 67845.18711876869, "delta": 27.930861473083496}, "costs": {"total_cost": 875.9949269232611, "time_cost": 150, "final_distance_cost": 76.13209737743685, "oscillation_cost": 187.8405483133495, "completition_cost": 333.33333333333337, "overshoot_cost": 63.794055705043014, "power_cost": 30.89334249267578, "noise_cost": 34.00154970142266, "n_waypoints_completed": 6, "tot_waypoints": 9}}
{"target": -1541.091596897651, "params": {"k_pid_pos": [1.9881856441497803, 0.9855579137802124, 0.0019905567169189453], "k_pid_alt": [1.8891496658325195, 0.976093053817749, 0.023080050945281982], "k_pid_att": [100.0, 0.11537571996450424, 0.9928994178771973], "k_pid_yaw": [0.5, 1e-06, 0.1], "k_pid_hsp": [10.0, 0.9827884435653687, 0.02064451575279236], "k_pid_vsp": [17.016387939453125, 6.2608489990234375, 264.4822692871094]}, "datetime": {"datetime": "2025-08-12 11:16:36", "elapsed": 67875.91611242294, "delta": 30.7289936542511}, "costs": {"total_cost": 1541.091596897651, "time_cost": 150, "final_distance_cost": 8.78454933128111, "oscillation_cost": 63.205624751322986, "completition_cost": 1000.0, "overshoot_cost": 165.38445428668763, "power_cost": 33.58818361816407, "noise_cost": 120.12878491019535, "n_waypoints_completed": 0, "tot_waypoints": 9}}
{"target": -571.3024614636843, "params": {"k_pid_pos": [1.9804071187973022, 0.9795111417770386, 0.0028388500213623047], "k_pid_alt": [1.9749352931976318, 0.9685448408126831, 0.16983917355537415], "k_pid_att": [100.0, 0.15652844309806824, 0.9948741793632507], "k_pid_yaw": [0.5, 1e-06, 0.1], "k_pid_hsp": [10.0, 0.9755833745002747, 0.0038994252681732178], "k_pid_vsp": [400.0, 1.6730318069458008, 0.000728176673874259]}, "datetime": {"datetime": "2025-08-12 11:17:04", "elapsed": 67903.98468828201, "delta": 28.068575859069824}, "costs": {"total_cost": 571.3024614636843, "time_cost": 150, "final_distance_cost": 47.03512161884821, "oscillation_cost": 138.90213121329938, "completition_cost": 111.11111111111116, "overshoot_cost": 61.12989036108703, "power_cost": 30.39477147216797, "noise_cost": 32.729435687170664, "n_waypoints_completed": 8, "tot_waypoints": 9}}
