{"target": -1532.2531306167546, "params": {"k_pid_pos": [1.9782301187515259, 0.9846957325935364, 0.01789677143096924], "k_pid_alt": [1.9604246616363525, 0.9925121665000916, 0.0386962890625], "k_pid_att": [100.0, 0.2502593696117401, 0.9752406477928162], "k_pid_yaw": [0.5, 1e-06, 0.1], "k_pid_hsp": [10.0, 0.993516206741333, 0.0020976364612579346], "k_pid_vsp": [3.5762786865234375e-05, 5.970419406890869, 18.061281204223633]}, "datetime": {"datetime": "2025-08-12 08:13:32", "elapsed": 56892.27701950073, "delta": 32.41469168663025}, "costs": {"total_cost": 1532.2531306167546, "time_cost": 150, "final_distance_cost": 10.37236940618655, "oscillation_cost": 45.52775136930704, "completition_cost": 1000.0, "overshoot_cost": 165.79834864377426, "power_cost": 19.046924645996096, "noise_cost": 141.5077365514906, "n_waypoints_completed": 0, "tot_waypoints": 9}}
{"target": -1402.0099170550955, "params": {"k_pid_pos": [1.8739205598831177, 0.8862059116363525, 0.004222869873046875], "k_pid_alt": [1.9545633792877197, 0.8982561826705933, 0.055327028036117554], "k_pid_att": [100.0, 0.4982336759567261, 0.923686146736145], "k_pid_yaw": [0.5, 1e-06, 0.1], "k_pid_hsp": [10.0, 0.9982301592826843, 0.07615724205970764], "k_pid_vsp": [1.1920928955078125e-05, 25.325132369995117, 0.0011811719741672277]}, "datetime": {"datetime": "2025-08-12 08:14:06", "elapsed": 56926.30007958412, "delta": 34.02306008338928}, "costs": {"total_cost": 1402.0099170550955, "time_cost": 150, "final_distance_cost": 44.780569692781036, "oscillation_cost": 91.75877596885606, "completition_cost": 1000.0, "overshoot_cost": 48.94239693223082, "power_cost": 32.40322548828125, "noise_cost": 34.1249489729461, "n_waypoints_completed": 0, "tot_waypoints": 9}}
{"target": -1450.6786755012831, "params": {"k_pid_pos": [1.916761040687561, 0.9909329414367676, 0.005051076412200928], "k_pid_alt": [1.894554853439331, 0.9578323364257812, 0.024947375059127808], "k_pid_att": [100.0, 0.03007219359278679, 0.921073317527771], "k_pid_yaw": [0.5, 1e-06, 0.1], "k_pid_hsp": [10.0, 0.9173336029052734, 0.037950724363327026], "k_pid_vsp": [361.6787109375, 23.867441177368164, 399.6626892089844]}, "datetime": {"datetime": "2025-08-12 08:14:44", "elapsed": 56963.77424788475, "delta": 37.47416830062866}, "costs": {"total_cost": 1450.6786755012831, "time_cost": 150, "final_distance_cost": 25.826267842927656, "oscillation_cost": 83.26461985173012, "completition_cost": 1000.0, "overshoot_cost": 123.2521814557581, "power_cost": 35.4957478515625, "noise_cost": 32.83985849930457, "n_waypoints_completed": 0, "tot_waypoints": 9}}
{"target": -728.8991454865348, "params": {"k_pid_pos": [1.8577224016189575, 0.8776007294654846, 0.024520158767700195], "k_pid_alt": [1.9616544246673584, 0.9707087278366089, 0.07659250497817993], "k_pid_att": [100.0, 0.7662405967712402, 0.987525224685669], "k_pid_yaw": [0.5, 1e-06, 0.1], "k_pid_hsp": [10.0, 0.9966707229614258, 0.06498989462852478], "k_pid_vsp": [400.0, 1.0700712203979492, 0.003493832191452384]}, "datetime": {"datetime": "2025-08-12 08:15:18", "elapsed": 56997.63064646721, "delta": 33.856398582458496}, "costs": {"total_cost": 728.8991454865348, "time_cost": 150, "final_distance_cost": 75.31713512120135, "oscillation_cost": 152.61422868832256, "completition_cost": 222.2222222222222, "overshoot_cost": 61.737345722197716, "power_cost": 32.70176018066407, "noise_cost": 34.306453551927, "n_waypoints_completed": 7, "tot_waypoints": 9}}
{"target": -741.5732881258494, "params": {"k_pid_pos": [1.9767563343048096, 0.9532474279403687, 0.024934589862823486], "k_pid_alt": [1.972658634185791, 0.9484378099441528, 0.00984075665473938], "k_pid_att": [100.0, 0.4359957277774811, 0.9754314422607422], "k_pid_yaw": [0.5, 1e-06, 0.1], "k_pid_hsp": [9.999998092651367, 0.9833247661590576, 0.017629027366638184], "k_pid_vsp": [399.98358154296875, 3.5039196014404297, 9.999999974752427e-07]}, "datetime": {"datetime": "2025-08-12 08:15:49", "elapsed": 57028.73667430878, "delta": 31.106027841567993}, "costs": {"total_cost": 741.5732881258494, "time_cost": 150, "final_distance_cost": 71.96713914401177, "oscillation_cost": 165.18230530678804, "completition_cost": 222.2222222222222, "overshoot_cost": 67.65904586015337, "power_cost": 30.473726879882815, "noise_cost": 34.068848712791265, "n_waypoints_completed": 7, "tot_waypoints": 9}}
{"target": -1312.1766091910902, "params": {"k_pid_pos": [1.9850430488586426, 0.9734929800033569, 0.031563013792037964], "k_pid_alt": [1.9552676677703857, 0.9762846231460571, 0.019675463438034058], "k_pid_att": [100.0, 0.2395765483379364, 0.9886513948440552], "k_pid_yaw": [0.5, 1e-06, 0.1], "k_pid_hsp": [9.999995231628418, 0.9542729258537292, 0.025508373975753784], "k_pid_vsp": [398.1632080078125, 9.618593215942383, 9.999999974752427e-07]}, "datetime": {"datetime": "2025-08-12 08:16:20", "elapsed": 57060.25252556801, "delta": 31.515851259231567}, "costs": {"total_cost": 1312.1766091910902, "time_cost": 150, "final_distance_cost": 66.94532279538453, "oscillation_cost": 102.42996166125745, "completition_cost": 888.8888888888888, "overshoot_cost": 40.23912207483928, "power_cost": 29.81746160888672, "noise_cost": 33.855852161833454, "n_waypoints_completed": 1, "tot_waypoints": 9}}
{"target": -1546.029549280967, "params": {"k_pid_pos": [1.986985206604004, 0.9549673795700073, 0.03535264730453491], "k_pid_alt": [1.934450387954712, 0.9748894572257996, 0.00925445556640625], "k_pid_att": [100.0, 0.4730411171913147, 0.9276942014694214], "k_pid_yaw": [0.5, 1e-06, 0.1], "k_pid_hsp": [9.999999046325684, 0.9948351383209229, 0.014900505542755127], "k_pid_vsp": [1.1920928955078125e-05, 18.545665740966797, 399.89825439453125]}, "datetime": {"datetime": "2025-08-12 08:16:51", "elapsed": 57090.56683945656, "delta": 30.314313888549805}, "costs": {"total_cost": 1546.029549280967, "time_cost": 150, "final_distance_cost": 11.100850099940514, "oscillation_cost": 59.1934332145959, "completition_cost": 1000.0, "overshoot_cost": 165.28671716267584, "power_cost": 30.809429174804688, "noise_cost": 129.63911962895, "n_waypoints_completed": 0, "tot_waypoints": 9}}
{"target": -699.1123414858989, "params": {"k_pid_pos": [1.9948551654815674, 0.9793609380722046, 0.11455103754997253], "k_pid_alt": [1.9718468189239502, 0.9942271709442139, 0.0511835515499115], "k_pid_att": [100.0, 1.3047175407409668, 0.9079706072807312], "k_pid_yaw": [0.5, 1e-06, 0.1], "k_pid_hsp": [10.0, 0.96488356590271, 0.03733828663825989], "k_pid_vsp": [399.9864196777344, 12.146807670593262, 9.999999974752427e-07]}, "datetime": {"datetime": "2025-08-12 08:17:24", "elapsed": 57124.262887239456, "delta": 33.69604778289795}, "costs": {"total_cost": 699.1123414858989, "time_cost": 150, "final_distance_cost": 59.66444410652659, "oscillation_cost": 141.0357711599069, "completition_cost": 222.2222222222222, "overshoot_cost": 60.334932481691375, "power_cost": 31.361486755371097, "noise_cost": 34.49348476018086, "n_waypoints_completed": 7, "tot_waypoints": 9}}
{"target": -1434.5279179336133, "params": {"k_pid_pos": [1.9818146228790283, 0.9852392673492432, 0.016301125288009644], "k_pid_alt": [1.963989496231079, 0.8816885948181152, 0.007361710071563721], "k_pid_att": [100.0, 0.039951566606760025, 0.9795771837234497], "k_pid_yaw": [0.5, 1e-06, 0.1], "k_pid_hsp": [10.0, 0.9766347408294678, 0.02949535846710205], "k_pid_vsp": [399.9999084472656, 1.9704947471618652, 400.0]}, "datetime": {"datetime": "2025-08-12 08:17:55", "elapsed": 57155.1714925766, "delta": 30.908605337142944}, "costs": {"total_cost": 1434.5279179336133, "time_cost": 150, "final_distance_cost": 24.756607869020346, "oscillation_cost": 73.62073789804937, "completition_cost": 1000.0, "overshoot_cost": 119.16676591331657, "power_cost": 35.39452930908203, "noise_cost": 31.589276944144995, "n_waypoints_completed": 0, "tot_waypoints": 9}}
{"target": -1300.6677508944808, "params": {"k_pid_pos": [1.919982671737671, 0.9710402488708496, 0.006437122821807861], "k_pid_alt": [1.977489948272705, 0.9908915758132935, 0.0011327266693115234], "k_pid_att": [100.0, 0.1650846004486084, 0.9902461767196655], "k_pid_yaw": [0.5, 1e-06, 0.1], "k_pid_hsp": [10.0, 0.9707463383674622, 0.03065010905265808], "k_pid_vsp": [400.0, 5.358184337615967, 182.22120666503906]}, "datetime": {"datetime": "2025-08-12 08:18:25", "elapsed": 57184.7228705883, "delta": 29.55137801170349}, "costs": {"total_cost": 1300.6677508944808, "time_cost": 150, "final_distance_cost": 64.59410314865913, "oscillation_cost": 85.37747087325636, "completition_cost": 888.8888888888888, "overshoot_cost": 47.06818861244865, "power_cost": 34.68762014160156, "noise_cost": 30.051479229626334, "n_waypoints_completed": 1, "tot_waypoints": 9}}
{"target": -1275.4906966961485, "params": {"k_pid_pos": [1.9610927104949951, 0.7526987791061401, 0.018466532230377197], "k_pid_alt": [1.9916561841964722, 0.9926773905754089, 0.007469505071640015], "k_pid_att": [100.0, 0.5251330137252808, 0.9934436082839966], "k_pid_yaw": [0.5, 1e-06, 0.1], "k_pid_hsp": [9.999250411987305, 0.9839646220207214, 0.07140475511550903], "k_pid_vsp": [400.0, 13.39778995513916, 399.93585205078125]}, "datetime": {"datetime": "2025-08-12 08:18:58", "elapsed": 57217.905874967575, "delta": 33.18300437927246}, "costs": {"total_cost": 1275.4906966961485, "time_cost": 150, "final_distance_cost": 96.07600655793037, "oscillation_cost": 110.43800007659205, "completition_cost": 777.7777777777778, "overshoot_cost": 73.7887765174674, "power_cost": 36.11793565673828, "noise_cost": 31.292200109642433, "n_waypoints_completed": 2, "tot_waypoints": 9}}
{"target": -1541.3726946573584, "params": {"k_pid_pos": [1.8960875272750854, 0.9933205246925354, 0.002317965030670166], "k_pid_alt": [1.9700181484222412, 0.9848346710205078, 0.04867008328437805], "k_pid_att": [100.0, 0.434918075799942, 0.9591037631034851], "k_pid_yaw": [0.5, 1e-06, 0.1], "k_pid_hsp": [7.6251935958862305, 0.957353949546814, 0.024809181690216064], "k_pid_vsp": [2.2045254707336426, 2.773238182067871, 399.99993896484375]}, "datetime": {"datetime": "2025-08-12 08:19:30", "elapsed": 57250.01509785652, "delta": 32.10922288894653}, "costs": {"total_cost": 1541.3726946573584, "time_cost": 150, "final_distance_cost": 2.214191259393767, "oscillation_cost": 61.3157017566394, "completition_cost": 1000.0, "overshoot_cost": 164.9933252732446, "power_cost": 25.131634130859375, "noise_cost": 137.7178422372213, "n_waypoints_completed": 0, "tot_waypoints": 9}}
{"target": -653.9315484164637, "params": {"k_pid_pos": [1.9862496852874756, 0.9964131116867065, 0.003960907459259033], "k_pid_alt": [1.9486634731292725, 0.9855213165283203, 0.009950578212738037], "k_pid_att": [100.0, 0.47185319662094116, 0.8993935585021973], "k_pid_yaw": [0.5, 1e-06, 0.1], "k_pid_hsp": [9.999990463256836, 0.9707865118980408, 0.005620777606964111], "k_pid_vsp": [399.9996643066406, 14.457393646240234, 139.50164794921875]}, "datetime": {"datetime": "2025-08-12 08:20:05", "elapsed": 57284.77079129219, "delta": 34.755693435668945}, "costs": {"total_cost": 653.9315484164637, "time_cost": 150, "final_distance_cost": 64.9847409065849, "oscillation_cost": 90.49313587587322, "completition_cost": 222.2222222222222, "overshoot_cost": 63.002862091526566, "power_cost": 33.51877888183594, "noise_cost": 29.709808438420858, "n_waypoints_completed": 7, "tot_waypoints": 9}}
{"target": -1550.06866231214, "params": {"k_pid_pos": [1.9960999488830566, 0.983729362487793, 0.4137498438358307], "k_pid_alt": [1.9310646057128906, 0.9777448177337646, 0.016980499029159546], "k_pid_att": [81.83821105957031, 0.08977875858545303, 0.9981615543365479], "k_pid_yaw": [0.5, 1e-06, 0.1], "k_pid_hsp": [9.999692916870117, 0.9857288599014282, 0.012018829584121704], "k_pid_vsp": [0.00013113021850585938, 13.372469902038574, 9.999999974752427e-07]}, "datetime": {"datetime": "2025-08-12 08:20:35", "elapsed": 57314.78004693985, "delta": 30.0092556476593}, "costs": {"total_cost": 1550.06866231214, "time_cost": 150, "final_distance_cost": 1.4157574059066418, "oscillation_cost": 63.25951195339224, "completition_cost": 1000.0, "overshoot_cost": 163.6599757768293, "power_cost": 23.609734289550783, "noise_cost": 148.12368288646132, "n_waypoints_completed": 0, "tot_waypoints": 9}}
{"target": -1547.9428526819038, "params": {"k_pid_pos": [1.975935459136963, 0.9709869623184204, 0.021404236555099487], "k_pid_alt": [1.9277195930480957, 0.9531701803207397, 0.01302570104598999], "k_pid_att": [100.0, 0.23901477456092834, 0.9750291109085083], "k_pid_yaw": [0.5, 1e-06, 0.1], "k_pid_hsp": [10.0, 0.9969241619110107, 0.04671064019203186], "k_pid_vsp": [9.5367431640625e-05, 1.7509112358093262, 40.37096405029297]}, "datetime": {"datetime": "2025-08-12 08:21:08", "elapsed": 57347.46096611023, "delta": 32.68091917037964}, "costs": {"total_cost": 1547.9428526819038, "time_cost": 150, "final_distance_cost": 1.3450928063346472, "oscillation_cost": 72.96769431312819, "completition_cost": 1000.0, "overshoot_cost": 164.5312078409891, "power_cost": 25.264910668945312, "noise_cost": 133.8339470525065, "n_waypoints_completed": 0, "tot_waypoints": 9}}
{"target": -1508.9765120553338, "params": {"k_pid_pos": [1.915831446647644, 0.9817080497741699, 0.002798229455947876], "k_pid_alt": [1.9570794105529785, 0.9148200750350952, 0.1294504702091217], "k_pid_att": [100.0, 0.9376531839370728, 0.9869875907897949], "k_pid_yaw": [0.5, 1e-06, 0.1], "k_pid_hsp": [10.0, 0.9688003063201904, 0.024488359689712524], "k_pid_vsp": [400.0, 1.81101655960083, 399.88616943359375]}, "datetime": {"datetime": "2025-08-12 08:21:43", "elapsed": 57382.40644168854, "delta": 34.945475578308105}, "costs": {"total_cost": 1508.9765120553338, "time_cost": 150, "final_distance_cost": 7.40311159587884, "oscillation_cost": 68.52793662184001, "completition_cost": 1000.0, "overshoot_cost": 160.07535006965847, "power_cost": 34.92496049804688, "noise_cost": 88.04515326990959, "n_waypoints_completed": 0, "tot_waypoints": 9}}
{"target": -1014.6426859500435, "params": {"k_pid_pos": [1.984028697013855, 0.6331278085708618, 0.04675823450088501], "k_pid_alt": [1.9585492610931396, 0.9573996663093567, 0.06321942806243896], "k_pid_att": [100.0, 0.16070668399333954, 0.9507324695587158], "k_pid_yaw": [0.5, 1e-06, 0.1], "k_pid_hsp": [10.0, 0.9000586867332458, 0.06278729438781738], "k_pid_vsp": [0.002181529998779297, 22.412254333496094, 0.0001678929984336719]}, "datetime": {"datetime": "2025-08-12 08:22:14", "elapsed": 57414.03751206398, "delta": 31.631070375442505}, "costs": {"total_cost": 1014.6426859500435, "time_cost": 150, "final_distance_cost": 41.75979481106797, "oscillation_cost": 124.19821198767616, "completition_cost": 555.5555555555555, "overshoot_cost": 73.95094955764145, "power_cost": 30.534732653808597, "noise_cost": 38.64344138429377, "n_waypoints_completed": 4, "tot_waypoints": 9}}
{"target": -1416.0028238486111, "params": {"k_pid_pos": [1.872464895248413, 0.9651238918304443, 0.003125905990600586], "k_pid_alt": [1.9646470546722412, 0.9435362815856934, 0.0373290479183197], "k_pid_att": [100.0, 0.6871815323829651, 0.9965483546257019], "k_pid_yaw": [0.5, 1e-06, 0.1], "k_pid_hsp": [10.0, 0.9817565083503723, 0.010339349508285522], "k_pid_vsp": [400.0, 51.034141540527344, 371.3625183105469]}, "datetime": {"datetime": "2025-08-12 08:22:46", "elapsed": 57445.4890601635, "delta": 31.451548099517822}, "costs": {"total_cost": 1416.0028238486111, "time_cost": 150, "final_distance_cost": 12.89472818824996, "oscillation_cost": 56.04404555676138, "completition_cost": 1000.0, "overshoot_cost": 134.07012630224716, "power_cost": 33.343621166992186, "noise_cost": 29.65030263436041, "n_waypoints_completed": 0, "tot_waypoints": 9}}
{"target": -685.3139223424602, "params": {"k_pid_pos": [1.9010144472122192, 0.972547173500061, 0.00946071743965149], "k_pid_alt": [1.8984375, 0.9934110641479492, 0.04032227396965027], "k_pid_att": [99.99356079101562, 0.31445589661598206, 0.990074872970581], "k_pid_yaw": [0.5, 1e-06, 0.1], "k_pid_hsp": [0.011059992015361786, 0.9973541498184204, 0.029194951057434082], "k_pid_vsp": [400.0, 8.82473087310791, 6.060464511392638e-05]}, "datetime": {"datetime": "2025-08-12 08:23:27", "elapsed": 57487.35508775711, "delta": 41.86602759361267}, "costs": {"total_cost": 685.3139223424602, "time_cost": 150, "final_distance_cost": 75.79335836432575, "oscillation_cost": 98.55646862594782, "completition_cost": 222.2222222222222, "overshoot_cost": 71.68205764561777, "power_cost": 32.864031005859374, "noise_cost": 34.195784478487276, "n_waypoints_completed": 7, "tot_waypoints": 9}}
{"target": -1288.0151852634954, "params": {"k_pid_pos": [1.9424927234649658, 0.9952623248100281, 0.020219475030899048], "k_pid_alt": [1.9890995025634766, 0.9166150093078613, 0.0024152398109436035], "k_pid_att": [100.0, 0.43848031759262085, 0.9941412210464478], "k_pid_yaw": [0.5, 1e-06, 0.1], "k_pid_hsp": [10.0, 0.9729551672935486, 0.18288767337799072], "k_pid_vsp": [399.9769592285156, 6.239439010620117, 399.98883056640625]}, "datetime": {"datetime": "2025-08-12 08:24:01", "elapsed": 57521.20275902748, "delta": 33.84767127037048}, "costs": {"total_cost": 1288.0151852634954, "time_cost": 150, "final_distance_cost": 83.77784921888146, "oscillation_cost": 131.54321957921783, "completition_cost": 777.7777777777778, "overshoot_cost": 75.89738804096977, "power_cost": 37.04458774414063, "noise_cost": 31.974362902507636, "n_waypoints_completed": 2, "tot_waypoints": 9}}
{"target": -1222.7639335042404, "params": {"k_pid_pos": [1.9643548727035522, 0.9682905673980713, 0.041017383337020874], "k_pid_alt": [1.9574518203735352, 0.9681951403617859, 0.3020288348197937], "k_pid_att": [100.0, 0.09190692752599716, 0.988255500793457], "k_pid_yaw": [0.5, 1e-06, 0.1], "k_pid_hsp": [10.0, 0.9502308368682861, 0.06749159097671509], "k_pid_vsp": [400.0, 11.434592247009277, 0.023485230281949043]}, "datetime": {"datetime": "2025-08-12 08:24:32", "elapsed": 57551.462049245834, "delta": 30.25929021835327}, "costs": {"total_cost": 1222.7639335042404, "time_cost": 150, "final_distance_cost": 82.94403215339622, "oscillation_cost": 103.21920952519204, "completition_cost": 777.7777777777778, "overshoot_cost": 43.92060060858374, "power_cost": 31.569382934570314, "noise_cost": 33.332930504720196, "n_waypoints_completed": 2, "tot_waypoints": 9}}
{"target": -1522.3912239750646, "params": {"k_pid_pos": [1.9926265478134155, 0.9762443900108337, 0.012200534343719482], "k_pid_alt": [1.9135361909866333, 0.9784365892410278, 0.0511908233165741], "k_pid_att": [100.0, 0.31069818139076233, 0.9751895666122437], "k_pid_yaw": [0.5, 1e-06, 0.1], "k_pid_hsp": [9.998632431030273, 0.9915629625320435, 0.006602466106414795], "k_pid_vsp": [0.0, 3.586531639099121, 9.999999974752427e-07]}, "datetime": {"datetime": "2025-08-12 08:25:02", "elapsed": 57582.22637462616, "delta": 30.764325380325317}, "costs": {"total_cost": 1522.3912239750646, "time_cost": 150, "final_distance_cost": 4.918299465111522, "oscillation_cost": 43.25769045164987, "completition_cost": 1000.0, "overshoot_cost": 166.89743839428965, "power_cost": 15.040439550781251, "noise_cost": 142.27735611323232, "n_waypoints_completed": 0, "tot_waypoints": 9}}
{"target": -713.0380694541481, "params": {"k_pid_pos": [1.9807734489440918, 0.990074634552002, 0.030035287141799927], "k_pid_alt": [1.9853336811065674, 0.9878852367401123, 0.011362910270690918], "k_pid_att": [100.0, 0.3130367398262024, 0.978927731513977], "k_pid_yaw": [0.5, 1e-06, 0.1], "k_pid_hsp": [10.0, 0.9920374155044556, 0.0024870634078979492], "k_pid_vsp": [400.0, 26.634050369262695, 0.0029812322463840246]}, "datetime": {"datetime": "2025-08-12 08:25:33", "elapsed": 57612.858904361725, "delta": 30.632529735565186}, "costs": {"total_cost": 713.0380694541481, "time_cost": 150, "final_distance_cost": 67.41773968706967, "oscillation_cost": 148.29725966095646, "completition_cost": 222.2222222222222, "overshoot_cost": 60.09639958683163, "power_cost": 30.73176583251953, "noise_cost": 34.27268246454863, "n_waypoints_completed": 7, "tot_waypoints": 9}}
{"target": -695.4943027475867, "params": {"k_pid_pos": [1.9917658567428589, 0.9958289861679077, 0.009632885456085205], "k_pid_alt": [1.984504222869873, 0.9503146409988403, 0.05279308557510376], "k_pid_att": [99.99999237060547, 0.30417928099632263, 0.9973862767219543], "k_pid_yaw": [0.5, 1e-06, 0.1], "k_pid_hsp": [10.0, 0.8913609981536865, 0.0073327720165252686], "k_pid_vsp": [399.9976501464844, 1.6440281867980957, 9.999999974752427e-07]}, "datetime": {"datetime": "2025-08-12 08:26:02", "elapsed": 57641.483248233795, "delta": 28.624343872070312}, "costs": {"total_cost": 695.4943027475867, "time_cost": 150, "final_distance_cost": 59.95596222950749, "oscillation_cost": 134.3351044579506, "completition_cost": 222.2222222222222, "overshoot_cost": 65.77159372522917, "power_cost": 30.40941198730469, "noise_cost": 32.80000812537262, "n_waypoints_completed": 7, "tot_waypoints": 9}}
{"target": -1552.893544211177, "params": {"k_pid_pos": [1.9633740186691284, 0.9893250465393066, 0.042909979820251465], "k_pid_alt": [1.9872865676879883, 0.9927921295166016, 0.030457526445388794], "k_pid_att": [100.0, 0.22083257138729095, 0.9859707355499268], "k_pid_yaw": [0.5, 1e-06, 0.1], "k_pid_hsp": [10.0, 0.9584140181541443, 0.032432734966278076], "k_pid_vsp": [1.9052743911743164, 2.0985732078552246, 0.27184587717056274]}, "datetime": {"datetime": "2025-08-12 08:26:33", "elapsed": 57673.177382946014, "delta": 31.69413471221924}, "costs": {"total_cost": 1552.893544211177, "time_cost": 150, "final_distance_cost": 8.321614968671138, "oscillation_cost": 63.45279874592126, "completition_cost": 1000.0, "overshoot_cost": 166.5563678014763, "power_cost": 19.05243015136719, "noise_cost": 145.51033254374096, "n_waypoints_completed": 0, "tot_waypoints": 9}}
