{"target": -1532.2664719848801, "params": {"k_pid_pos": [1.884861707687378, 0.9905782341957092, 0.35386765003204346], "k_pid_alt": [1.8481955528259277, 0.5707613229751587, 0.050581663846969604], "k_pid_att": [100.0, 0.03613809868693352, 0.9768545627593994], "k_pid_yaw": [0.5, 1e-06, 0.1], "k_pid_hsp": [10.0, 0.9907499551773071, 0.010597944259643555], "k_pid_vsp": [0.0, 6.618345737457275, 0.703407347202301]}, "datetime": {"datetime": "2025-08-12 02:56:59", "elapsed": 37898.62882041931, "delta": 34.60540175437927}, "costs": {"total_cost": 1532.2664719848801, "time_cost": 150, "final_distance_cost": 4.854508553584493, "oscillation_cost": 49.89597129166661, "completition_cost": 1000.0, "overshoot_cost": 164.53149479101208, "power_cost": 17.6633630859375, "noise_cost": 145.3211342626794, "n_waypoints_completed": 0, "tot_waypoints": 9}}
{"target": -1302.1940306158933, "params": {"k_pid_pos": [1.9261572360992432, 0.9947266578674316, 0.013513803482055664], "k_pid_alt": [1.8978116512298584, 0.9151788949966431, 0.07680454850196838], "k_pid_att": [100.0, 3.772092580795288, 0.9314866662025452], "k_pid_yaw": [0.5, 1e-06, 0.1], "k_pid_hsp": [10.0, 0.8782494068145752, 0.036742210388183594], "k_pid_vsp": [399.9997863769531, 34.810997009277344, 2.3735532760620117]}, "datetime": {"datetime": "2025-08-12 02:57:30", "elapsed": 37929.52183961868, "delta": 30.893019199371338}, "costs": {"total_cost": 1302.1940306158933, "time_cost": 150, "final_distance_cost": 64.13677535922875, "oscillation_cost": 93.7250213669539, "completition_cost": 888.8888888888888, "overshoot_cost": 41.19125319373819, "power_cost": 30.35503863525391, "noise_cost": 33.897053171829675, "n_waypoints_completed": 1, "tot_waypoints": 9}}
{"target": -1561.9764741133076, "params": {"k_pid_pos": [1.9741026163101196, 0.9958069324493408, 0.010490000247955322], "k_pid_alt": [1.9912075996398926, 0.9832618236541748, 0.0353778600692749], "k_pid_att": [100.0, 0.026628568768501282, 0.9779373407363892], "k_pid_yaw": [0.5, 1e-06, 0.1], "k_pid_hsp": [10.0, 0.9900612831115723, 0.02143251895904541], "k_pid_vsp": [0.0, 13.500262260437012, 1.4320859909057617]}, "datetime": {"datetime": "2025-08-12 02:58:01", "elapsed": 37960.96438097954, "delta": 31.442541360855103}, "costs": {"total_cost": 1561.9764741133076, "time_cost": 150, "final_distance_cost": 11.47240201756737, "oscillation_cost": 58.43064928215806, "completition_cost": 1000.0, "overshoot_cost": 166.30522506485894, "power_cost": 23.978775524902346, "noise_cost": 151.789422223821, "n_waypoints_completed": 0, "tot_waypoints": 9}}
{"target": -1530.1356642781816, "params": {"k_pid_pos": [1.3439416885375977, 0.9321348667144775, 0.013574272394180298], "k_pid_alt": [1.9146336317062378, 0.889548122882843, 0.030854076147079468], "k_pid_att": [100.0, 0.9559224247932434, 0.9780169725418091], "k_pid_yaw": [0.5, 1e-06, 0.1], "k_pid_hsp": [10.0, 0.943274974822998, 0.011293858289718628], "k_pid_vsp": [25.835227966308594, 7.331014633178711, 398.7748718261719]}, "datetime": {"datetime": "2025-08-12 02:58:33", "elapsed": 37992.83681869507, "delta": 31.872437715530396}, "costs": {"total_cost": 1530.1356642781816, "time_cost": 150, "final_distance_cost": 5.32626848390973, "oscillation_cost": 53.89046063084067, "completition_cost": 1000.0, "overshoot_cost": 164.96937239999068, "power_cost": 32.50184063720703, "noise_cost": 123.44772212623353, "n_waypoints_completed": 0, "tot_waypoints": 9}}
{"target": -1149.40221273317, "params": {"k_pid_pos": [1.7534054517745972, 0.8833048939704895, 0.007775008678436279], "k_pid_alt": [1.9453797340393066, 0.8314653038978577, 0.019924044609069824], "k_pid_att": [100.0, 1.043404221534729, 0.9928498268127441], "k_pid_yaw": [0.5, 1e-06, 0.1], "k_pid_hsp": [10.0, 0.9171349406242371, 0.2255915403366089], "k_pid_vsp": [1.2316226959228516, 34.22364044189453, 0.00015597206947859377]}, "datetime": {"datetime": "2025-08-12 02:59:03", "elapsed": 38023.36295700073, "delta": 30.526138305664062}, "costs": {"total_cost": 1149.40221273317, "time_cost": 150, "final_distance_cost": 63.80406385099825, "oscillation_cost": 143.71886405256961, "completition_cost": 666.6666666666667, "overshoot_cost": 58.29869759212348, "power_cost": 36.26998669433594, "noise_cost": 30.643933876475945, "n_waypoints_completed": 3, "tot_waypoints": 9}}
{"target": -1570.4909579206742, "params": {"k_pid_pos": [1.9666749238967896, 0.9936609268188477, 0.0713568925857544], "k_pid_alt": [1.9859156608581543, 0.9362264275550842, 0.04272574186325073], "k_pid_att": [99.99998474121094, 0.28860652446746826, 0.9864161014556885], "k_pid_yaw": [0.5, 1e-06, 0.1], "k_pid_hsp": [10.0, 0.988663911819458, 0.05180764198303223], "k_pid_vsp": [0.0, 3.9972434043884277, 389.7528991699219]}, "datetime": {"datetime": "2025-08-12 02:59:34", "elapsed": 38054.07588815689, "delta": 30.712931156158447}, "costs": {"total_cost": 1570.4909579206742, "time_cost": 150, "final_distance_cost": 12.480164652327028, "oscillation_cost": 80.86562737684108, "completition_cost": 1000.0, "overshoot_cost": 165.9184095549377, "power_cost": 30.087945092773438, "noise_cost": 131.13881124379498, "n_waypoints_completed": 0, "tot_waypoints": 9}}
{"target": -1555.7011497399267, "params": {"k_pid_pos": [1.763759732246399, 0.9735009670257568, 0.0172346830368042], "k_pid_alt": [1.7317143678665161, 0.9360545873641968, 0.07289174199104309], "k_pid_att": [99.81625366210938, 1.6432089805603027, 0.9817361831665039], "k_pid_yaw": [0.5, 1e-06, 0.1], "k_pid_hsp": [10.0, 0.9615517854690552, 0.03155231475830078], "k_pid_vsp": [7.4224114418029785, 8.324063301086426, 314.82366943359375]}, "datetime": {"datetime": "2025-08-12 03:00:06", "elapsed": 38085.60654640198, "delta": 31.53065824508667}, "costs": {"total_cost": 1555.7011497399267, "time_cost": 150, "final_distance_cost": 5.048184990317964, "oscillation_cost": 74.75872481114034, "completition_cost": 1000.0, "overshoot_cost": 166.00041339085976, "power_cost": 32.98699467773438, "noise_cost": 126.90683186987428, "n_waypoints_completed": 0, "tot_waypoints": 9}}
{"target": -2534.2064394280474, "params": {"k_pid_pos": [1.9734292030334473, 0.9641431570053101, 0.02998650074005127], "k_pid_alt": [1.9149510860443115, 0.9144377708435059, 0.03718447685241699], "k_pid_att": [0.0013023614883422852, 0.2656989097595215, 0.9714505672454834], "k_pid_yaw": [0.5, 1e-06, 0.1], "k_pid_hsp": [10.0, 0.998507559299469, 0.017634868621826172], "k_pid_vsp": [0.01176595687866211, 8.800078392028809, 400.0]}, "datetime": {"datetime": "2025-08-12 03:00:35", "elapsed": 38114.790496349335, "delta": 29.183949947357178}, "costs": {"total_cost": 2534.2064394280474, "time_cost": 150, "final_distance_cost": 176.71311524808246, "oscillation_cost": 435.9989254946994, "completition_cost": 1000.0, "overshoot_cost": 603.7549898342374, "power_cost": 18.70390439453125, "noise_cost": 149.03550445649677, "n_waypoints_completed": 0, "tot_waypoints": 9}}
{"target": -1543.5578845428001, "params": {"k_pid_pos": [1.993784785270691, 0.9541522264480591, 0.06879496574401855], "k_pid_alt": [1.948897361755371, 0.924394965171814, 0.06068885326385498], "k_pid_att": [100.0, 0.5771855115890503, 0.7292521595954895], "k_pid_yaw": [0.5, 1e-06, 0.1], "k_pid_hsp": [10.0, 0.9786927700042725, 0.013846129179000854], "k_pid_vsp": [11.986470222473145, 13.19487190246582, 399.25579833984375]}, "datetime": {"datetime": "2025-08-12 03:01:06", "elapsed": 38146.35998535156, "delta": 31.569489002227783}, "costs": {"total_cost": 1543.5578845428001, "time_cost": 150, "final_distance_cost": 6.054982330227106, "oscillation_cost": 64.39422737483352, "completition_cost": 1000.0, "overshoot_cost": 165.21258638376153, "power_cost": 32.21541893310547, "noise_cost": 125.68066952087247, "n_waypoints_completed": 0, "tot_waypoints": 9}}
{"target": -1441.816003344747, "params": {"k_pid_pos": [1.9877251386642456, 0.9971648454666138, 0.047392308712005615], "k_pid_alt": [1.9910063743591309, 0.9965653419494629, 0.00979381799697876], "k_pid_att": [100.0, 0.20875023305416107, 0.7472034096717834], "k_pid_yaw": [0.5, 1e-06, 0.1], "k_pid_hsp": [10.0, 0.9611512422561646, 0.004741668701171875], "k_pid_vsp": [398.8089599609375, 4.039884567260742, 348.1020812988281]}, "datetime": {"datetime": "2025-08-12 03:01:38", "elapsed": 38178.21474862099, "delta": 31.85476326942444}, "costs": {"total_cost": 1441.816003344747, "time_cost": 150, "final_distance_cost": 15.158806628442878, "oscillation_cost": 60.35492191044179, "completition_cost": 1000.0, "overshoot_cost": 146.5211450384681, "power_cost": 33.68744404296875, "noise_cost": 36.09368572442543, "n_waypoints_completed": 0, "tot_waypoints": 9}}
{"target": -536.0812841212311, "params": {"k_pid_pos": [1.9640570878982544, 0.9184367656707764, 0.24235433340072632], "k_pid_alt": [1.9830529689788818, 0.9916183948516846, 0.03761380910873413], "k_pid_att": [100.0, 0.11961416155099869, 0.9291441440582275], "k_pid_yaw": [0.5, 1e-06, 0.1], "k_pid_hsp": [10.0, 0.9747112989425659, 0.02366963028907776], "k_pid_vsp": [162.0316925048828, 53.665306091308594, 4.902864456176758]}, "datetime": {"datetime": "2025-08-12 03:02:09", "elapsed": 38208.92966008186, "delta": 30.714911460876465}, "costs": {"total_cost": 536.0812841212311, "time_cost": 150, "final_distance_cost": 28.195656493141232, "oscillation_cost": 112.36419099754099, "completition_cost": 111.11111111111116, "overshoot_cost": 69.65252569871875, "power_cost": 30.841884252929688, "noise_cost": 33.91591556778932, "n_waypoints_completed": 8, "tot_waypoints": 9}}
{"target": -1583.7878707984087, "params": {"k_pid_pos": [1.944010853767395, 0.9829209446907043, 0.016037851572036743], "k_pid_alt": [1.947622537612915, 0.8908782601356506, 0.027685970067977905], "k_pid_att": [99.98851776123047, 0.5490226149559021, 0.9652879238128662], "k_pid_yaw": [0.5, 1e-06, 0.1], "k_pid_hsp": [9.999990463256836, 0.8721107840538025, 0.0988529622554779], "k_pid_vsp": [0.0, 2.4662742614746094, 399.748046875]}, "datetime": {"datetime": "2025-08-12 03:02:40", "elapsed": 38239.79789495468, "delta": 30.868234872817993}, "costs": {"total_cost": 1583.7878707984087, "time_cost": 150, "final_distance_cost": 14.427018055460373, "oscillation_cost": 89.22503482757351, "completition_cost": 1000.0, "overshoot_cost": 166.03672705737515, "power_cost": 29.632592541503907, "noise_cost": 134.46649831649574, "n_waypoints_completed": 0, "tot_waypoints": 9}}
{"target": -1433.4664860329865, "params": {"k_pid_pos": [1.985917091369629, 0.9649118185043335, 0.007821649312973022], "k_pid_alt": [1.9543818235397339, 0.9673804044723511, 0.02193659543991089], "k_pid_att": [100.0, 2.9812374114990234, 0.8074346780776978], "k_pid_yaw": [0.5, 1e-06, 0.1], "k_pid_hsp": [10.0, 0.9529310464859009, 0.13112616539001465], "k_pid_vsp": [0.0, 24.271371841430664, 14.149535179138184]}, "datetime": {"datetime": "2025-08-12 03:03:11", "elapsed": 38271.26956486702, "delta": 31.471669912338257}, "costs": {"total_cost": 1433.4664860329865, "time_cost": 150, "final_distance_cost": 47.949757607589596, "oscillation_cost": 113.0074369194703, "completition_cost": 1000.0, "overshoot_cost": 52.744068631935406, "power_cost": 35.70252393798828, "noise_cost": 34.06269893600304, "n_waypoints_completed": 0, "tot_waypoints": 9}}
{"target": -703.4035526631353, "params": {"k_pid_pos": [1.968582034111023, 0.9813741445541382, 0.16914939880371094], "k_pid_alt": [1.9658907651901245, 0.9764887094497681, 0.009637892246246338], "k_pid_att": [100.0, 2.8465189933776855, 0.9809459447860718], "k_pid_yaw": [0.5, 1e-06, 0.1], "k_pid_hsp": [9.999802589416504, 0.9776095747947693, 0.07031327486038208], "k_pid_vsp": [399.9999694824219, 3.00272798538208, 0.00768999895080924]}, "datetime": {"datetime": "2025-08-12 03:03:43", "elapsed": 38302.58796310425, "delta": 31.318398237228394}, "costs": {"total_cost": 703.4035526631353, "time_cost": 150, "final_distance_cost": 60.20692213645634, "oscillation_cost": 141.12845666176722, "completition_cost": 222.2222222222222, "overshoot_cost": 63.17440018486062, "power_cost": 32.72785583496094, "noise_cost": 33.94369562286802, "n_waypoints_completed": 7, "tot_waypoints": 9}}
{"target": -1522.6315179428195, "params": {"k_pid_pos": [1.9317994117736816, 0.9848219156265259, 0.012019991874694824], "k_pid_alt": [1.9873731136322021, 0.9326769709587097, 0.018130391836166382], "k_pid_att": [99.99998474121094, 0.07280680537223816, 0.96736741065979], "k_pid_yaw": [0.5, 1e-06, 0.1], "k_pid_hsp": [10.0, 0.9780347347259521, 0.010516852140426636], "k_pid_vsp": [389.65350341796875, 33.26392364501953, 399.8150329589844]}, "datetime": {"datetime": "2025-08-12 03:04:13", "elapsed": 38333.00506258011, "delta": 30.417099475860596}, "costs": {"total_cost": 1522.6315179428195, "time_cost": 150, "final_distance_cost": 13.514588572257123, "oscillation_cost": 58.82644109860293, "completition_cost": 1000.0, "overshoot_cost": 162.2849703694798, "power_cost": 32.60590864257813, "noise_cost": 105.39960925990154, "n_waypoints_completed": 0, "tot_waypoints": 9}}
{"target": -1422.481347578085, "params": {"k_pid_pos": [1.9553121328353882, 0.9971899390220642, 0.23787465691566467], "k_pid_alt": [1.9562337398529053, 0.929956316947937, 0.017207354307174683], "k_pid_att": [99.99998474121094, 1.2150176763534546, 0.9851034879684448], "k_pid_yaw": [0.5, 1e-06, 0.1], "k_pid_hsp": [10.0, 0.9878465533256531, 0.027892231941223145], "k_pid_vsp": [8.156704902648926, 15.465558052062988, 9.999999974752427e-07]}, "datetime": {"datetime": "2025-08-12 03:04:44", "elapsed": 38363.84699296951, "delta": 30.841930389404297}, "costs": {"total_cost": 1422.481347578085, "time_cost": 150, "final_distance_cost": 48.35284397778742, "oscillation_cost": 116.70495122722224, "completition_cost": 1000.0, "overshoot_cost": 42.85053289131269, "power_cost": 31.9114546875, "noise_cost": 32.66156479426258, "n_waypoints_completed": 0, "tot_waypoints": 9}}
{"target": -1586.5250170430354, "params": {"k_pid_pos": [1.916765809059143, 0.9325509071350098, 0.01694551110267639], "k_pid_alt": [1.9893033504486084, 0.9988896250724792, 0.0015740394592285156], "k_pid_att": [100.0, 0.14502009749412537, 0.9903143644332886], "k_pid_yaw": [0.5, 1e-06, 0.1], "k_pid_hsp": [10.0, 0.964966356754303, 0.06644469499588013], "k_pid_vsp": [0.028181076049804688, 111.2129898071289, 399.9996337890625]}, "datetime": {"datetime": "2025-08-12 03:05:15", "elapsed": 38395.24113225937, "delta": 31.394139289855957}, "costs": {"total_cost": 1586.5250170430354, "time_cost": 150, "final_distance_cost": 13.715564467503478, "oscillation_cost": 92.20238694638182, "completition_cost": 1000.0, "overshoot_cost": 165.87628486517394, "power_cost": 34.60081708984375, "noise_cost": 130.12996367413248, "n_waypoints_completed": 0, "tot_waypoints": 9}}
{"target": -1520.0173184970158, "params": {"k_pid_pos": [1.9421637058258057, 0.9201655387878418, 0.009743958711624146], "k_pid_alt": [1.9532227516174316, 0.8472859859466553, 0.018536239862442017], "k_pid_att": [100.0, 1.376673698425293, 0.978836178779602], "k_pid_yaw": [0.5, 1e-06, 0.1], "k_pid_hsp": [10.0, 0.9814462661743164, 0.01432064175605774], "k_pid_vsp": [400.0, 8.60037899017334, 400.0]}, "datetime": {"datetime": "2025-08-12 03:05:46", "elapsed": 38425.91801428795, "delta": 30.676882028579712}, "costs": {"total_cost": 1520.0173184970158, "time_cost": 150, "final_distance_cost": 6.526673822207779, "oscillation_cost": 61.72780267614194, "completition_cost": 1000.0, "overshoot_cost": 162.09692351308763, "power_cost": 32.64187391357422, "noise_cost": 107.02404457200429, "n_waypoints_completed": 0, "tot_waypoints": 9}}
{"target": -1514.4466682721995, "params": {"k_pid_pos": [1.951149582862854, 0.9978621006011963, 0.0034440457820892334], "k_pid_alt": [1.8010952472686768, 0.9211269021034241, 0.03542220592498779], "k_pid_att": [100.0, 0.7295909523963928, 0.9816167950630188], "k_pid_yaw": [0.5, 1e-06, 0.1], "k_pid_hsp": [10.0, 0.9752100706100464, 0.008463233709335327], "k_pid_vsp": [399.63580322265625, 18.151643753051758, 399.9990539550781]}, "datetime": {"datetime": "2025-08-12 03:06:17", "elapsed": 38456.88105416298, "delta": 30.963039875030518}, "costs": {"total_cost": 1514.4466682721995, "time_cost": 150, "final_distance_cost": 4.71032855748341, "oscillation_cost": 54.49714538705804, "completition_cost": 1000.0, "overshoot_cost": 163.31451089376336, "power_cost": 32.59558590087891, "noise_cost": 109.32909753301573, "n_waypoints_completed": 0, "tot_waypoints": 9}}
{"target": -1583.5149821570042, "params": {"k_pid_pos": [1.9694900512695312, 0.979806661605835, 0.023231863975524902], "k_pid_alt": [1.9703693389892578, 0.8663086891174316, 0.01196509599685669], "k_pid_att": [100.0, 1.0508183240890503, 0.904491662979126], "k_pid_yaw": [0.5, 1e-06, 0.1], "k_pid_hsp": [7.715073585510254, 0.9802893400192261, 0.24029004573822021], "k_pid_vsp": [1.7481803894042969, 1.3008365631103516, 9.077764511108398]}, "datetime": {"datetime": "2025-08-12 03:06:47", "elapsed": 38487.017347574234, "delta": 30.136293411254883}, "costs": {"total_cost": 1583.5149821570042, "time_cost": 150, "final_distance_cost": 14.035293920926154, "oscillation_cost": 82.02784816256785, "completition_cost": 1000.0, "overshoot_cost": 166.23099751980104, "power_cost": 26.023932446289063, "noise_cost": 145.1969101074199, "n_waypoints_completed": 0, "tot_waypoints": 9}}
{"target": -1444.1178728059851, "params": {"k_pid_pos": [1.7869435548782349, 0.9630458950996399, 0.002139151096343994], "k_pid_alt": [1.9877371788024902, 0.957992672920227, 0.06553500890731812], "k_pid_att": [100.0, 0.32203277945518494, 0.8391147255897522], "k_pid_yaw": [0.5, 1e-06, 0.1], "k_pid_hsp": [5.361116886138916, 0.9915422201156616, 0.06010130047798157], "k_pid_vsp": [399.52783203125, 15.574419975280762, 400.0]}, "datetime": {"datetime": "2025-08-12 03:07:17", "elapsed": 38517.319521427155, "delta": 30.302173852920532}, "costs": {"total_cost": 1444.1178728059851, "time_cost": 150, "final_distance_cost": 37.39940907925045, "oscillation_cost": 88.28961554167923, "completition_cost": 1000.0, "overshoot_cost": 101.50200557550845, "power_cost": 35.3999824584961, "noise_cost": 31.526860151050958, "n_waypoints_completed": 0, "tot_waypoints": 9}}
{"target": -1536.5234266548885, "params": {"k_pid_pos": [1.9770747423171997, 0.9828526973724365, 0.017794281244277954], "k_pid_alt": [1.9392225742340088, 0.9775556921958923, 0.0008995532989501953], "k_pid_att": [100.0, 0.49115419387817383, 0.949993371963501], "k_pid_yaw": [0.5, 1e-06, 0.1], "k_pid_hsp": [9.998491287231445, 0.9767818450927734, 0.02388209104537964], "k_pid_vsp": [0.010716915130615234, 7.591832637786865, 29.07245445251465]}, "datetime": {"datetime": "2025-08-12 03:07:49", "elapsed": 38548.58764505386, "delta": 31.268123626708984}, "costs": {"total_cost": 1536.5234266548885, "time_cost": 150, "final_distance_cost": 1.512515979870067, "oscillation_cost": 57.79236080299202, "completition_cost": 1000.0, "overshoot_cost": 164.61849045482043, "power_cost": 24.678957165527343, "noise_cost": 137.9211022516786, "n_waypoints_completed": 0, "tot_waypoints": 9}}
{"target": -1336.9776190423947, "params": {"k_pid_pos": [1.9656894207000732, 0.9906688928604126, 0.011421948671340942], "k_pid_alt": [1.9222078323364258, 0.7600703239440918, 0.0056688785552978516], "k_pid_att": [100.0, 0.19841787219047546, 0.9952207803726196], "k_pid_yaw": [0.5, 1e-06, 0.1], "k_pid_hsp": [10.0, 0.9396716356277466, 0.056908488273620605], "k_pid_vsp": [400.0, 13.704777717590332, 348.17498779296875]}, "datetime": {"datetime": "2025-08-12 03:08:20", "elapsed": 38579.97181510925, "delta": 31.384170055389404}, "costs": {"total_cost": 1336.9776190423947, "time_cost": 150, "final_distance_cost": 70.77739718108917, "oscillation_cost": 102.63122168618355, "completition_cost": 888.8888888888888, "overshoot_cost": 57.61885746183943, "power_cost": 36.12243131103516, "noise_cost": 30.93882251335871, "n_waypoints_completed": 1, "tot_waypoints": 9}}
{"target": -1576.0493820445404, "params": {"k_pid_pos": [1.9270952939987183, 0.9693499803543091, 0.026273787021636963], "k_pid_alt": [1.8995957374572754, 0.9930384159088135, 0.22503936290740967], "k_pid_att": [100.0, 0.4346418082714081, 0.9912647008895874], "k_pid_yaw": [0.5, 1e-06, 0.1], "k_pid_hsp": [9.979004859924316, 0.9792699813842773, 0.05483090877532959], "k_pid_vsp": [6.7871809005737305, 9.087431907653809, 313.1924133300781]}, "datetime": {"datetime": "2025-08-12 03:08:52", "elapsed": 38611.77711415291, "delta": 31.805299043655396}, "costs": {"total_cost": 1576.0493820445404, "time_cost": 150, "final_distance_cost": 9.891078396009588, "oscillation_cost": 85.28868740191402, "completition_cost": 1000.0, "overshoot_cost": 166.12388483151452, "power_cost": 33.82018570556641, "noise_cost": 130.92554570953567, "n_waypoints_completed": 0, "tot_waypoints": 9}}
{"target": -557.9290998283908, "params": {"k_pid_pos": [1.8953170776367188, 0.9946973323822021, 0.07654449343681335], "k_pid_alt": [1.6439919471740723, 0.6005588173866272, 0.019746720790863037], "k_pid_att": [99.99977111816406, 0.9095239639282227, 0.9678325653076172], "k_pid_yaw": [0.5, 1e-06, 0.1], "k_pid_hsp": [9.999999046325684, 0.9731159210205078, 0.007865279912948608], "k_pid_vsp": [399.99896240234375, 3.889394760131836, 0.0011692510452121496]}, "datetime": {"datetime": "2025-08-12 03:09:24", "elapsed": 38643.6574883461, "delta": 31.88037419319153}, "costs": {"total_cost": 557.9290998283908, "time_cost": 150, "final_distance_cost": 11.596048385462888, "oscillation_cost": 147.5004187650945, "completition_cost": 111.11111111111116, "overshoot_cost": 74.33878276923107, "power_cost": 29.997708630371097, "noise_cost": 33.385030167120114, "n_waypoints_completed": 8, "tot_waypoints": 9}}
