{"target": -1576.5095031006106, "params": {"k_pid_pos": [1.9300715923309326, 0.9786120057106018, 0.09538057446479797], "k_pid_alt": [1.9701966047286987, 0.900949239730835, 0.11308595538139343], "k_pid_att": [100.0, 3.2137176990509033, 0.9308894872665405], "k_pid_yaw": [0.5, 1e-06, 0.1], "k_pid_hsp": [9.999999046325684, 0.9330100417137146, 0.31606167554855347], "k_pid_vsp": [0.0, 27.834680557250977, 400.0]}, "datetime": {"datetime": "2025-08-11 20:18:16", "elapsed": 13975.515159845352, "delta": 30.39029359817505}, "costs": {"total_cost": 1576.5095031006106, "time_cost": 150, "final_distance_cost": 6.779405126690599, "oscillation_cost": 96.95042576409455, "completition_cost": 1000.0, "overshoot_cost": 165.723556615755, "power_cost": 32.534312548828126, "noise_cost": 124.52180304524208, "n_waypoints_completed": 0, "tot_waypoints": 9}}
{"target": -1579.2226786942026, "params": {"k_pid_pos": [1.9741926193237305, 0.9921904802322388, 0.06625109910964966], "k_pid_alt": [1.7921643257141113, 0.42332687973976135, 0.13422012329101562], "k_pid_att": [99.99146270751953, 2.24717378616333, 0.9493125677108765], "k_pid_yaw": [0.5, 1e-06, 0.1], "k_pid_hsp": [9.99998664855957, 0.9710192084312439, 0.057617247104644775], "k_pid_vsp": [0.0, 10.24985408782959, 400.0]}, "datetime": {"datetime": "2025-08-11 20:18:46", "elapsed": 14005.44702720642, "delta": 29.931867361068726}, "costs": {"total_cost": 1579.2226786942026, "time_cost": 150, "final_distance_cost": 9.474115980698267, "oscillation_cost": 86.79442847060848, "completition_cost": 1000.0, "overshoot_cost": 166.05349432668802, "power_cost": 32.37098319091797, "noise_cost": 134.52965672528998, "n_waypoints_completed": 0, "tot_waypoints": 9}}
{"target": -1575.4804904332082, "params": {"k_pid_pos": [1.9290556907653809, 0.9764153957366943, 0.037011951208114624], "k_pid_alt": [1.7797465324401855, 0.7190569639205933, 0.2040749192237854], "k_pid_att": [100.0, 0.8595880270004272, 0.9440276622772217], "k_pid_yaw": [0.5, 1e-06, 0.1], "k_pid_hsp": [10.0, 0.7001999020576477, 0.03497546911239624], "k_pid_vsp": [0.00020265579223632812, 15.9824857711792, 399.99993896484375]}, "datetime": {"datetime": "2025-08-11 20:19:16", "elapsed": 14035.836217880249, "delta": 30.389190673828125}, "costs": {"total_cost": 1575.4804904332082, "time_cost": 150, "final_distance_cost": 14.112783882872506, "oscillation_cost": 73.07434534192399, "completition_cost": 1000.0, "overshoot_cost": 165.96705120416024, "power_cost": 30.92927575683594, "noise_cost": 141.39703424741535, "n_waypoints_completed": 0, "tot_waypoints": 9}}
{"target": -827.4084010504864, "params": {"k_pid_pos": [1.7322587966918945, 0.7964438199996948, 0.019849449396133423], "k_pid_alt": [1.886582851409912, 0.9698792695999146, 0.05628782510757446], "k_pid_att": [99.99910736083984, 2.475987434387207, 0.9500406384468079], "k_pid_yaw": [0.5, 1e-06, 0.1], "k_pid_hsp": [10.0, 0.8602558374404907, 0.008715987205505371], "k_pid_vsp": [0.03403425216674805, 40.51795196533203, 9.999999974752427e-07]}, "datetime": {"datetime": "2025-08-11 20:19:45", "elapsed": 14065.131760597229, "delta": 29.29554271697998}, "costs": {"total_cost": 827.4084010504864, "time_cost": 150, "final_distance_cost": 75.79751967593361, "oscillation_cost": 139.6400630505833, "completition_cost": 333.33333333333337, "overshoot_cost": 65.3307614925198, "power_cost": 32.4760226928711, "noise_cost": 30.830700805245204, "n_waypoints_completed": 6, "tot_waypoints": 9}}
{"target": -1567.3471630010993, "params": {"k_pid_pos": [1.7334908246994019, 0.9871531128883362, 0.05892115831375122], "k_pid_alt": [1.9939227104187012, 0.4528505206108093, 0.13909199833869934], "k_pid_att": [100.0, 0.17047728598117828, 0.9043877124786377], "k_pid_yaw": [0.5, 1e-06, 0.1], "k_pid_hsp": [0.00010387426300439984, 0.9810968637466431, 0.17179465293884277], "k_pid_vsp": [0.7841944694519043, 51.09798812866211, 396.5897216796875]}, "datetime": {"datetime": "2025-08-11 20:20:15", "elapsed": 14095.197626113892, "delta": 30.065865516662598}, "costs": {"total_cost": 1567.3471630010993, "time_cost": 150, "final_distance_cost": 8.237592458996422, "oscillation_cost": 68.38890951516363, "completition_cost": 1000.0, "overshoot_cost": 172.76977224068762, "power_cost": 35.02566832275391, "noise_cost": 132.92522046349777, "n_waypoints_completed": 0, "tot_waypoints": 9}}
{"target": -1571.3334280342965, "params": {"k_pid_pos": [1.985764980316162, 0.9917970299720764, 0.18078798055648804], "k_pid_alt": [1.9269342422485352, 0.08904898166656494, 0.054008662700653076], "k_pid_att": [86.08309173583984, 1.0914623737335205, 0.9363836646080017], "k_pid_yaw": [0.5, 1e-06, 0.1], "k_pid_hsp": [10.0, 0.9667304754257202, 0.18026679754257202], "k_pid_vsp": [0.00015497207641601562, 2.920199394226074, 400.0]}, "datetime": {"datetime": "2025-08-11 20:20:45", "elapsed": 14125.189841985703, "delta": 29.992215871810913}, "costs": {"total_cost": 1571.3334280342965, "time_cost": 150, "final_distance_cost": 1.643466108594209, "oscillation_cost": 89.81665259033822, "completition_cost": 1000.0, "overshoot_cost": 165.9659774875628, "power_cost": 27.80176265869141, "noise_cost": 136.10556918910976, "n_waypoints_completed": 0, "tot_waypoints": 9}}
{"target": -1537.4433201785655, "params": {"k_pid_pos": [1.9744611978530884, 0.9416604042053223, 0.04238298535346985], "k_pid_alt": [1.9397757053375244, 0.976416826248169, 0.04664155840873718], "k_pid_att": [100.0, 2.6103928089141846, 0.9507973194122314], "k_pid_yaw": [0.5, 1e-06, 0.1], "k_pid_hsp": [9.997021675109863, 0.9568391442298889, 0.01315528154373169], "k_pid_vsp": [0.021755695343017578, 102.74602508544922, 399.9963073730469]}, "datetime": {"datetime": "2025-08-11 20:21:17", "elapsed": 14156.947045326233, "delta": 31.757203340530396}, "costs": {"total_cost": 1537.4433201785655, "time_cost": 150, "final_distance_cost": 12.674548316518353, "oscillation_cost": 53.82817513451512, "completition_cost": 1000.0, "overshoot_cost": 165.14736749327363, "power_cost": 32.086575939941405, "noise_cost": 123.70665329431708, "n_waypoints_completed": 0, "tot_waypoints": 9}}
{"target": -1531.805532912166, "params": {"k_pid_pos": [1.9073487520217896, 0.9691694974899292, 0.11106011271476746], "k_pid_alt": [1.9192750453948975, 0.549384355545044, 0.03003692626953125], "k_pid_att": [100.0, 7.931807041168213, 0.9698036909103394], "k_pid_yaw": [0.5, 1e-06, 0.1], "k_pid_hsp": [9.999951362609863, 0.9346734285354614, 0.015648692846298218], "k_pid_vsp": [0.0, 29.320003509521484, 400.0]}, "datetime": {"datetime": "2025-08-11 20:21:49", "elapsed": 14188.948461055756, "delta": 32.001415729522705}, "costs": {"total_cost": 1531.805532912166, "time_cost": 150, "final_distance_cost": 2.3904554417444657, "oscillation_cost": 56.809264419991734, "completition_cost": 1000.0, "overshoot_cost": 164.68594558101145, "power_cost": 32.25367641601563, "noise_cost": 125.66619105340256, "n_waypoints_completed": 0, "tot_waypoints": 9}}
{"target": -1586.9941699589451, "params": {"k_pid_pos": [1.9122670888900757, 0.9621806144714355, 0.021286040544509888], "k_pid_alt": [1.9644055366516113, 0.7035003900527954, 0.08135658502578735], "k_pid_att": [100.0, 1.500440001487732, 0.7849826812744141], "k_pid_yaw": [0.5, 1e-06, 0.1], "k_pid_hsp": [10.0, 0.9705937504768372, 0.05132347345352173], "k_pid_vsp": [1.1920928955078125e-05, 17.448450088500977, 399.9997253417969]}, "datetime": {"datetime": "2025-08-11 20:22:20", "elapsed": 14219.580168485641, "delta": 30.631707429885864}, "costs": {"total_cost": 1586.9941699589451, "time_cost": 150, "final_distance_cost": 13.512955137853327, "oscillation_cost": 88.06589395820875, "completition_cost": 1000.0, "overshoot_cost": 166.23533271616586, "power_cost": 32.76274722900391, "noise_cost": 136.41724091771314, "n_waypoints_completed": 0, "tot_waypoints": 9}}
{"target": -1566.870416021702, "params": {"k_pid_pos": [1.9504505395889282, 0.9741612672805786, 0.050862401723861694], "k_pid_alt": [1.9313831329345703, 0.6929936408996582, 0.08745545148849487], "k_pid_att": [100.0, 6.091562747955322, 0.8678399324417114], "k_pid_yaw": [0.5, 1e-06, 0.1], "k_pid_hsp": [9.673622131347656, 0.9605382084846497, 0.06380042433738708], "k_pid_vsp": [0.019371509552001953, 2.20699405670166, 400.0]}, "datetime": {"datetime": "2025-08-11 20:22:51", "elapsed": 14250.814526319504, "delta": 31.234357833862305}, "costs": {"total_cost": 1566.870416021702, "time_cost": 150, "final_distance_cost": 11.659941352760052, "oscillation_cost": 79.77328758123714, "completition_cost": 1000.0, "overshoot_cost": 165.6521068309448, "power_cost": 23.53635837402344, "noise_cost": 136.24872188273653, "n_waypoints_completed": 0, "tot_waypoints": 9}}
{"target": -1567.6478193058497, "params": {"k_pid_pos": [1.9196922779083252, 0.9003681540489197, 0.013873368501663208], "k_pid_alt": [1.9559507369995117, 0.8601276874542236, 0.0702328085899353], "k_pid_att": [100.0, 9.828054428100586, 0.9139024019241333], "k_pid_yaw": [0.5, 1e-06, 0.1], "k_pid_hsp": [0.0005342154763638973, 0.9023873805999756, 0.023991286754608154], "k_pid_vsp": [0.0, 19.91130256652832, 400.0]}, "datetime": {"datetime": "2025-08-11 20:23:22", "elapsed": 14281.901317596436, "delta": 31.086791276931763}, "costs": {"total_cost": 1567.6478193058497, "time_cost": 150, "final_distance_cost": 6.092256237180594, "oscillation_cost": 65.6447797476072, "completition_cost": 1000.0, "overshoot_cost": 172.58603282042625, "power_cost": 30.243924938964845, "noise_cost": 143.0808255616707, "n_waypoints_completed": 0, "tot_waypoints": 9}}
{"target": -1548.3022000742856, "params": {"k_pid_pos": [1.9240021705627441, 0.9879471063613892, 0.017411381006240845], "k_pid_alt": [1.9429662227630615, 0.9558981657028198, 0.13046222925186157], "k_pid_att": [99.8369369506836, 7.498471736907959, 0.9680131673812866], "k_pid_yaw": [0.5, 1e-06, 0.1], "k_pid_hsp": [10.0, 0.9870442748069763, 0.024114489555358887], "k_pid_vsp": [188.1445770263672, 19.215526580810547, 400.0]}, "datetime": {"datetime": "2025-08-11 20:23:53", "elapsed": 14312.868448019028, "delta": 30.967130422592163}, "costs": {"total_cost": 1548.3022000742856, "time_cost": 150, "final_distance_cost": 8.441439080154684, "oscillation_cost": 67.91191829110313, "completition_cost": 1000.0, "overshoot_cost": 165.45327083082898, "power_cost": 33.52355061035156, "noise_cost": 122.97202126184717, "n_waypoints_completed": 0, "tot_waypoints": 9}}
{"target": -1566.5770313491237, "params": {"k_pid_pos": [1.9873815774917603, 0.9447449445724487, 0.1067778468132019], "k_pid_alt": [1.9393541812896729, 0.9508659839630127, 0.10936582088470459], "k_pid_att": [100.0, 9.751838684082031, 0.9985939860343933], "k_pid_yaw": [0.5, 1e-06, 0.1], "k_pid_hsp": [9.999999046325684, 0.9185433983802795, 0.0443170964717865], "k_pid_vsp": [30.00093650817871, 12.12363338470459, 335.580078125]}, "datetime": {"datetime": "2025-08-11 20:24:24", "elapsed": 14343.61427950859, "delta": 30.74583148956299}, "costs": {"total_cost": 1566.5770313491237, "time_cost": 150, "final_distance_cost": 2.912294676677261, "oscillation_cost": 81.5839427082714, "completition_cost": 1000.0, "overshoot_cost": 166.0651485108728, "power_cost": 33.720702453613285, "noise_cost": 132.29494299968886, "n_waypoints_completed": 0, "tot_waypoints": 9}}
{"target": -1595.3031053877469, "params": {"k_pid_pos": [0.708429217338562, 0.9892330169677734, 0.007846146821975708], "k_pid_alt": [1.960237979888916, 0.7488083839416504, 0.013612031936645508], "k_pid_att": [46.24702072143555, 0.5046229362487793, 0.9415648579597473], "k_pid_yaw": [0.5, 1e-06, 0.1], "k_pid_hsp": [4.919322490692139, 0.967953085899353, 0.18929502367973328], "k_pid_vsp": [0.03882646560668945, 20.556976318359375, 399.9992980957031]}, "datetime": {"datetime": "2025-08-11 20:24:54", "elapsed": 14373.795715808868, "delta": 30.18143630027771}, "costs": {"total_cost": 1595.3031053877469, "time_cost": 150, "final_distance_cost": 8.894850760368348, "oscillation_cost": 105.28104799225859, "completition_cost": 1000.0, "overshoot_cost": 167.0990109252528, "power_cost": 34.03428748779297, "noise_cost": 129.99390822207448, "n_waypoints_completed": 0, "tot_waypoints": 9}}
{"target": -1374.128114347377, "params": {"k_pid_pos": [1.76972234249115, 0.990999698638916, 0.053694725036621094], "k_pid_alt": [1.939058780670166, 0.35819023847579956, 0.0811261534690857], "k_pid_att": [100.0, 1.4566727876663208, 0.9358679056167603], "k_pid_yaw": [0.5, 1e-06, 0.1], "k_pid_hsp": [10.0, 0.9041720628738403, 0.03306221961975098], "k_pid_vsp": [347.8808898925781, 30.893184661865234, 11.423135757446289]}, "datetime": {"datetime": "2025-08-11 20:25:25", "elapsed": 14404.705191135406, "delta": 30.909475326538086}, "costs": {"total_cost": 1374.128114347377, "time_cost": 150, "final_distance_cost": 45.24875309268256, "oscillation_cost": 82.40811369032012, "completition_cost": 1000.0, "overshoot_cost": 31.407594811508016, "power_cost": 33.28728824462891, "noise_cost": 31.77636450823747, "n_waypoints_completed": 0, "tot_waypoints": 9}}
{"target": -1565.0147246546894, "params": {"k_pid_pos": [1.9425016641616821, 0.977745771408081, 0.10211127996444702], "k_pid_alt": [1.9351110458374023, 0.8697292804718018, 0.043998390436172485], "k_pid_att": [100.0, 0.4223991334438324, 0.9953755736351013], "k_pid_yaw": [0.5, 1e-06, 0.1], "k_pid_hsp": [0.05713481828570366, 0.9741001129150391, 0.18753424286842346], "k_pid_vsp": [0.0, 2.804947853088379, 400.0]}, "datetime": {"datetime": "2025-08-11 20:25:56", "elapsed": 14435.374449968338, "delta": 30.66925883293152}, "costs": {"total_cost": 1565.0147246546894, "time_cost": 150, "final_distance_cost": 24.158594460131816, "oscillation_cost": 58.212656788314746, "completition_cost": 1000.0, "overshoot_cost": 172.9755291811793, "power_cost": 20.574986694335937, "noise_cost": 139.09295753072763, "n_waypoints_completed": 0, "tot_waypoints": 9}}
{"target": -1513.1163472537596, "params": {"k_pid_pos": [1.8524916172027588, 0.856954038143158, 0.2859940826892853], "k_pid_alt": [1.9258356094360352, 0.8983427882194519, 0.1455722153186798], "k_pid_att": [99.99807739257812, 1.6876956224441528, 0.8654031753540039], "k_pid_yaw": [0.5, 1e-06, 0.1], "k_pid_hsp": [10.0, 0.9142042994499207, 0.3887380063533783], "k_pid_vsp": [8.736217498779297, 175.40444946289062, 400.0]}, "datetime": {"datetime": "2025-08-11 20:26:26", "elapsed": 14466.036257982254, "delta": 30.661808013916016}, "costs": {"total_cost": 1513.1163472537596, "time_cost": 150, "final_distance_cost": 56.9536412564809, "oscillation_cost": 143.5584494645511, "completition_cost": 888.8888888888888, "overshoot_cost": 142.85106094077423, "power_cost": 34.449858801269535, "noise_cost": 96.414447901795, "n_waypoints_completed": 1, "tot_waypoints": 9}}
{"target": -1571.410849842905, "params": {"k_pid_pos": [1.9714518785476685, 0.9555236101150513, 0.0738646388053894], "k_pid_alt": [1.946524739265442, 0.7720015645027161, 0.05673933029174805], "k_pid_att": [58.202152252197266, 8.858994483947754, 0.9359541535377502], "k_pid_yaw": [0.5, 1e-06, 0.1], "k_pid_hsp": [9.99800968170166, 0.9570909738540649, 0.2166980803012848], "k_pid_vsp": [0.0, 3.60545015335083, 399.9278259277344]}, "datetime": {"datetime": "2025-08-11 20:26:56", "elapsed": 14496.259697437286, "delta": 30.22343945503235}, "costs": {"total_cost": 1571.410849842905, "time_cost": 150, "final_distance_cost": 13.631778028629341, "oscillation_cost": 77.93462436076648, "completition_cost": 1000.0, "overshoot_cost": 166.2520221081023, "power_cost": 24.149689208984377, "noise_cost": 139.44273613642258, "n_waypoints_completed": 0, "tot_waypoints": 9}}
{"target": -1543.5542435024217, "params": {"k_pid_pos": [1.991898536682129, 0.9433375597000122, 0.023394405841827393], "k_pid_alt": [1.9260954856872559, 0.8768615126609802, 0.008067697286605835], "k_pid_att": [99.99993133544922, 4.311075687408447, 0.9785407781600952], "k_pid_yaw": [0.5, 1e-06, 0.1], "k_pid_hsp": [9.512457847595215, 0.9879040718078613, 0.007093936204910278], "k_pid_vsp": [0.03142356872558594, 12.07214641571045, 0.01562933810055256]}, "datetime": {"datetime": "2025-08-11 20:27:27", "elapsed": 14526.679586172104, "delta": 30.419888734817505}, "costs": {"total_cost": 1543.5542435024217, "time_cost": 150, "final_distance_cost": 8.238830725891404, "oscillation_cost": 46.55113788184262, "completition_cost": 1000.0, "overshoot_cost": 165.66694117083935, "power_cost": 22.064672106933596, "noise_cost": 151.03266161691465, "n_waypoints_completed": 0, "tot_waypoints": 9}}
{"target": -1435.093702528573, "params": {"k_pid_pos": [1.0404536724090576, 0.9893628358840942, 0.003716588020324707], "k_pid_alt": [1.9517688751220703, 0.49026545882225037, 0.008427798748016357], "k_pid_att": [99.99987030029297, 6.535745620727539, 0.9496815800666809], "k_pid_yaw": [0.5, 1e-06, 0.1], "k_pid_hsp": [10.0, 0.9687162041664124, 0.06884652376174927], "k_pid_vsp": [0.0, 103.2154312133789, 0.35648447275161743]}, "datetime": {"datetime": "2025-08-11 20:27:58", "elapsed": 14557.789866924286, "delta": 31.110280752182007}, "costs": {"total_cost": 1435.093702528573, "time_cost": 150, "final_distance_cost": 40.73862873724099, "oscillation_cost": 136.48869266802208, "completition_cost": 1000.0, "overshoot_cost": 42.086132427002305, "power_cost": 36.526574658203124, "noise_cost": 29.25367403810459, "n_waypoints_completed": 0, "tot_waypoints": 9}}
{"target": -1547.2204180487192, "params": {"k_pid_pos": [1.9275420904159546, 0.85492342710495, 0.07118251919746399], "k_pid_alt": [1.706033706665039, 0.7942604422569275, 0.07442760467529297], "k_pid_att": [100.0, 7.756875514984131, 0.940086841583252], "k_pid_yaw": [0.5, 1e-06, 0.1], "k_pid_hsp": [9.998793601989746, 0.9458963871002197, 0.02196839451789856], "k_pid_vsp": [0.0, 11.204863548278809, 83.674072265625]}, "datetime": {"datetime": "2025-08-11 20:28:29", "elapsed": 14588.47596359253, "delta": 30.686096668243408}, "costs": {"total_cost": 1547.2204180487192, "time_cost": 150, "final_distance_cost": 6.39430365943115, "oscillation_cost": 59.98974143604914, "completition_cost": 1000.0, "overshoot_cost": 164.22966176886968, "power_cost": 27.380088610839845, "noise_cost": 139.22662257352934, "n_waypoints_completed": 0, "tot_waypoints": 9}}
{"target": -1596.8464611918, "params": {"k_pid_pos": [1.9318519830703735, 0.886582612991333, 0.08177110552787781], "k_pid_alt": [1.7706093788146973, 0.569388210773468, 0.02284872531890869], "k_pid_att": [94.48278045654297, 8.125215530395508, 0.9370270371437073], "k_pid_yaw": [0.5, 1e-06, 0.1], "k_pid_hsp": [9.999876022338867, 0.9628350734710693, 0.295266330242157], "k_pid_vsp": [0.0015735626220703125, 9.763802528381348, 400.0]}, "datetime": {"datetime": "2025-08-11 20:28:59", "elapsed": 14618.813714027405, "delta": 30.33775043487549}, "costs": {"total_cost": 1596.8464611918, "time_cost": 150, "final_distance_cost": 12.25549880910536, "oscillation_cost": 98.60356644131299, "completition_cost": 1000.0, "overshoot_cost": 165.57332227670094, "power_cost": 32.86863946533203, "noise_cost": 137.54543419934865, "n_waypoints_completed": 0, "tot_waypoints": 9}}
{"target": -1573.6517875232319, "params": {"k_pid_pos": [1.6616950035095215, 0.9760729670524597, 0.009641647338867188], "k_pid_alt": [1.545281171798706, 0.4419359564781189, 0.021712929010391235], "k_pid_att": [100.0, 8.941760063171387, 0.8485400676727295], "k_pid_yaw": [0.5, 1e-06, 0.1], "k_pid_hsp": [1.785320520401001, 0.9894955158233643, 0.02468317747116089], "k_pid_vsp": [0.0, 14.908624649047852, 400.0]}, "datetime": {"datetime": "2025-08-11 20:29:30", "elapsed": 14649.769565820694, "delta": 30.955851793289185}, "costs": {"total_cost": 1573.6517875232319, "time_cost": 150, "final_distance_cost": 7.594101859174999, "oscillation_cost": 72.87559176922507, "completition_cost": 1000.0, "overshoot_cost": 168.75297094430766, "power_cost": 25.394691345214845, "noise_cost": 149.03443160530932, "n_waypoints_completed": 0, "tot_waypoints": 9}}
{"target": -1548.3785301436067, "params": {"k_pid_pos": [1.4855718612670898, 0.9814915657043457, 0.08679169416427612], "k_pid_alt": [1.9851257801055908, 0.9053548574447632, 0.06727162003517151], "k_pid_att": [100.0, 1.1267982721328735, 0.9587486386299133], "k_pid_yaw": [0.5, 1e-06, 0.1], "k_pid_hsp": [10.0, 0.967772364616394, 0.0028400719165802], "k_pid_vsp": [2.384185791015625e-05, 15.099181175231934, 2.359236240386963]}, "datetime": {"datetime": "2025-08-11 20:30:00", "elapsed": 14680.246842622757, "delta": 30.47727680206299}, "costs": {"total_cost": 1548.3785301436067, "time_cost": 150, "final_distance_cost": 11.577431804728162, "oscillation_cost": 44.94470213691686, "completition_cost": 1000.0, "overshoot_cost": 164.98661848858652, "power_cost": 24.351080688476564, "noise_cost": 152.51869702489861, "n_waypoints_completed": 0, "tot_waypoints": 9}}
{"target": -1585.9544965453713, "params": {"k_pid_pos": [1.9695920944213867, 0.9826724529266357, 0.27981770038604736], "k_pid_alt": [1.960273265838623, 0.5215088725090027, 0.09899744391441345], "k_pid_att": [100.0, 0.3364766240119934, 0.973494827747345], "k_pid_yaw": [0.5, 1e-06, 0.1], "k_pid_hsp": [10.0, 0.9489496946334839, 0.06431233882904053], "k_pid_vsp": [43.84040832519531, 12.88657283782959, 399.4664306640625]}, "datetime": {"datetime": "2025-08-11 20:30:31", "elapsed": 14711.125100851059, "delta": 30.878258228302002}, "costs": {"total_cost": 1585.9544965453713, "time_cost": 150, "final_distance_cost": 12.468333889428928, "oscillation_cost": 92.93859510450949, "completition_cost": 1000.0, "overshoot_cost": 165.55931837089622, "power_cost": 34.487719323730474, "noise_cost": 130.50052985680614, "n_waypoints_completed": 0, "tot_waypoints": 9}}
