{"target": -752.4361675728234, "params": {"k_pid_pos": [1.9640969038009644, 0.9642332792282104, 0.09884148836135864], "k_pid_alt": [1.9796028137207031, 0.9811745882034302, 0.04340791702270508], "k_pid_att": [100.0, 0.13003623485565186, 0.9348787069320679], "k_pid_yaw": [0.5, 1e-06, 0.1], "k_pid_hsp": [10.0, 0.9683746099472046, 0.014390170574188232], "k_pid_vsp": [400.0, 0.7849345803260803, 9.999999974752427e-07]}, "datetime": {"datetime": "2025-08-12 10:53:16", "elapsed": 66475.95382380486, "delta": 27.745117902755737}, "costs": {"total_cost": 752.4361675728234, "time_cost": 150, "final_distance_cost": 73.63471854373411, "oscillation_cost": 174.16537274932477, "completition_cost": 222.2222222222222, "overshoot_cost": 68.0505276876509, "power_cost": 30.30481444091797, "noise_cost": 34.05851192897346, "n_waypoints_completed": 7, "tot_waypoints": 9}}
{"target": -860.4793072710921, "params": {"k_pid_pos": [1.8982452154159546, 0.9519513249397278, 0.009279400110244751], "k_pid_alt": [1.9863632917404175, 0.9897464513778687, 0.043884336948394775], "k_pid_att": [100.0, 0.09813345968723297, 0.9537847638130188], "k_pid_yaw": [0.5, 1e-06, 0.1], "k_pid_hsp": [9.999999046325684, 0.9818466901779175, 0.014303237199783325], "k_pid_vsp": [400.0, 12.053705215454102, 9.999999974752427e-07]}, "datetime": {"datetime": "2025-08-12 10:53:45", "elapsed": 66505.22600984573, "delta": 29.272186040878296}, "costs": {"total_cost": 860.4793072710921, "time_cost": 150, "final_distance_cost": 75.77011163565828, "oscillation_cost": 172.368063168219, "completition_cost": 333.33333333333337, "overshoot_cost": 64.06193088460076, "power_cost": 30.86568748779297, "noise_cost": 34.080180761487625, "n_waypoints_completed": 6, "tot_waypoints": 9}}
{"target": -736.7940972586589, "params": {"k_pid_pos": [1.9696747064590454, 0.9948023557662964, 0.027224183082580566], "k_pid_alt": [1.973679542541504, 0.9735711812973022, 0.057413578033447266], "k_pid_att": [100.0, 0.054696712642908096, 0.9803725481033325], "k_pid_yaw": [0.5, 1e-06, 0.1], "k_pid_hsp": [10.0, 0.9941333532333374, 0.002607882022857666], "k_pid_vsp": [388.9196472167969, 2.5712857246398926, 9.999999974752427e-07]}, "datetime": {"datetime": "2025-08-12 10:54:15", "elapsed": 66534.44757699966, "delta": 29.221567153930664}, "costs": {"total_cost": 736.7940972586589, "time_cost": 150, "final_distance_cost": 69.64295507631564, "oscillation_cost": 165.9155750234772, "completition_cost": 222.2222222222222, "overshoot_cost": 63.9986819961853, "power_cost": 30.832906774902344, "noise_cost": 34.18175616555629, "n_waypoints_completed": 7, "tot_waypoints": 9}}
{"target": -666.0431072274532, "params": {"k_pid_pos": [1.982421875, 0.9752461910247803, 0.009455710649490356], "k_pid_alt": [1.965583324432373, 0.9788340330123901, 0.02459084987640381], "k_pid_att": [100.0, 0.15678533911705017, 0.9864673018455505], "k_pid_yaw": [0.5, 1e-06, 0.1], "k_pid_hsp": [10.0, 0.9975523948669434, 0.004103630781173706], "k_pid_vsp": [19.81747055053711, 10.163594245910645, 0.006950901355594397]}, "datetime": {"datetime": "2025-08-12 10:54:44", "elapsed": 66563.39741897583, "delta": 28.94984197616577}, "costs": {"total_cost": 666.0431072274532, "time_cost": 150, "final_distance_cost": 61.11521214413169, "oscillation_cost": 98.6614900195952, "completition_cost": 222.2222222222222, "overshoot_cost": 69.59104087496698, "power_cost": 29.559172241210938, "noise_cost": 34.89396972532626, "n_waypoints_completed": 7, "tot_waypoints": 9}}
{"target": -557.7786549191998, "params": {"k_pid_pos": [1.940041422843933, 0.9840238094329834, 0.004171550273895264], "k_pid_alt": [1.9645843505859375, 0.9511340856552124, 0.0049845874309539795], "k_pid_att": [100.0, 0.1372787207365036, 0.9957711696624756], "k_pid_yaw": [0.5, 1e-06, 0.1], "k_pid_hsp": [10.0, 0.9902539253234863, 0.0033811628818511963], "k_pid_vsp": [399.62042236328125, 36.896026611328125, 1.2920929293613881e-05]}, "datetime": {"datetime": "2025-08-12 10:55:11", "elapsed": 66590.40931725502, "delta": 27.011898279190063}, "costs": {"total_cost": 557.7786549191998, "time_cost": 150, "final_distance_cost": 53.17661226316472, "oscillation_cost": 115.3341496424112, "completition_cost": 111.11111111111116, "overshoot_cost": 64.11029868834405, "power_cost": 29.955276770019534, "noise_cost": 34.09120644414919, "n_waypoints_completed": 8, "tot_waypoints": 9}}
{"target": -707.2685029930907, "params": {"k_pid_pos": [1.9837563037872314, 0.9896882772445679, 0.01777106523513794], "k_pid_alt": [1.9953930377960205, 0.9612480401992798, 0.006467252969741821], "k_pid_att": [100.0, 0.4114212691783905, 0.9985934495925903], "k_pid_yaw": [0.5, 1e-06, 0.1], "k_pid_hsp": [10.0, 0.9942128658294678, 0.007233470678329468], "k_pid_vsp": [399.9992370605469, 6.5855512619018555, 1.2920929293613881e-05]}, "datetime": {"datetime": "2025-08-12 10:55:40", "elapsed": 66620.0531475544, "delta": 29.64383029937744}, "costs": {"total_cost": 707.2685029930907, "time_cost": 150, "final_distance_cost": 61.056470414260495, "oscillation_cost": 144.6355270759791, "completition_cost": 222.2222222222222, "overshoot_cost": 66.05271490350468, "power_cost": 30.628888720703127, "noise_cost": 32.672679656421145, "n_waypoints_completed": 7, "tot_waypoints": 9}}
{"target": -1534.465826838577, "params": {"k_pid_pos": [1.968495488166809, 0.9949904680252075, 0.0947456955909729], "k_pid_alt": [1.98923921585083, 0.9752919673919678, 0.005855590105056763], "k_pid_att": [100.0, 0.2566089928150177, 0.9885188937187195], "k_pid_yaw": [0.5, 1e-06, 0.1], "k_pid_hsp": [10.0, 0.9733490943908691, 0.015406876802444458], "k_pid_vsp": [0.01024007797241211, 5.062831401824951, 399.99993896484375]}, "datetime": {"datetime": "2025-08-12 10:56:09", "elapsed": 66648.79851055145, "delta": 28.745362997055054}, "costs": {"total_cost": 1534.465826838577, "time_cost": 150, "final_distance_cost": 8.57884520226722, "oscillation_cost": 52.69651744585606, "completition_cost": 1000.0, "overshoot_cost": 164.3328827843069, "power_cost": 23.022744665527345, "noise_cost": 135.83483674061958, "n_waypoints_completed": 0, "tot_waypoints": 9}}
{"target": -858.4514988391188, "params": {"k_pid_pos": [1.992012858390808, 0.996119499206543, 0.008483707904815674], "k_pid_alt": [1.9878400564193726, 0.9893689155578613, 0.01837262511253357], "k_pid_att": [100.0, 0.2756229639053345, 0.9648532271385193], "k_pid_yaw": [0.5, 1e-06, 0.1], "k_pid_hsp": [9.99999713897705, 0.9673303961753845, 0.014658600091934204], "k_pid_vsp": [400.0, 3.945709228515625, 9.999999974752427e-07]}, "datetime": {"datetime": "2025-08-12 10:56:38", "elapsed": 66677.58818721771, "delta": 28.789676666259766}, "costs": {"total_cost": 858.4514988391188, "time_cost": 150, "final_distance_cost": 75.41074081364097, "oscillation_cost": 170.29340173035067, "completition_cost": 333.33333333333337, "overshoot_cost": 64.8198735016242, "power_cost": 30.61244001464844, "noise_cost": 33.98170944552114, "n_waypoints_completed": 6, "tot_waypoints": 9}}
{"target": -728.083856844098, "params": {"k_pid_pos": [1.9894545078277588, 0.9773696064949036, 0.006272256374359131], "k_pid_alt": [1.9821724891662598, 0.9815736413002014, 0.008640110492706299], "k_pid_att": [99.59498596191406, 1.9380037784576416, 0.9006372690200806], "k_pid_yaw": [0.5, 1e-06, 0.1], "k_pid_hsp": [10.0, 0.9385534524917603, 0.009448021650314331], "k_pid_vsp": [399.97052001953125, 11.442805290222168, 0.002242134651169181]}, "datetime": {"datetime": "2025-08-12 10:57:07", "elapsed": 66707.11469340324, "delta": 29.526506185531616}, "costs": {"total_cost": 728.083856844098, "time_cost": 150, "final_distance_cost": 64.09857542019267, "oscillation_cost": 164.3997193686731, "completition_cost": 222.2222222222222, "overshoot_cost": 63.34963322955462, "power_cost": 31.22981306152344, "noise_cost": 32.78389354193195, "n_waypoints_completed": 7, "tot_waypoints": 9}}
{"target": -1521.8229954484414, "params": {"k_pid_pos": [1.995001196861267, 0.9860833883285522, 0.009838879108428955], "k_pid_alt": [1.9625606536865234, 0.9833182692527771, 0.0018842220306396484], "k_pid_att": [100.0, 0.05135650187730789, 0.8983254432678223], "k_pid_yaw": [0.5, 1e-06, 0.1], "k_pid_hsp": [10.0, 0.9764838814735413, 0.0018668174743652344], "k_pid_vsp": [0.0, 3.6401877403259277, 219.9596405029297]}, "datetime": {"datetime": "2025-08-12 10:57:37", "elapsed": 66737.16739487648, "delta": 30.052701473236084}, "costs": {"total_cost": 1521.8229954484414, "time_cost": 150, "final_distance_cost": 1.6280498575504359, "oscillation_cost": 48.07756973514846, "completition_cost": 1000.0, "overshoot_cost": 165.23513454658516, "power_cost": 18.661282946777344, "noise_cost": 138.22095836237975, "n_waypoints_completed": 0, "tot_waypoints": 9}}
{"target": -1382.7350908000146, "params": {"k_pid_pos": [1.9693043231964111, 0.9854162931442261, 0.023475348949432373], "k_pid_alt": [1.9308831691741943, 0.9769473075866699, 0.014663338661193848], "k_pid_att": [100.0, 0.21371255815029144, 0.9989988207817078], "k_pid_yaw": [0.5, 1e-06, 0.1], "k_pid_hsp": [10.0, 0.9674147367477417, 0.02695542573928833], "k_pid_vsp": [400.0, 7.443393230438232, 210.9293670654297]}, "datetime": {"datetime": "2025-08-12 10:58:06", "elapsed": 66765.8817346096, "delta": 28.71433973312378}, "costs": {"total_cost": 1382.7350908000146, "time_cost": 150, "final_distance_cost": 46.97065505542055, "oscillation_cost": 80.12346841878959, "completition_cost": 1000.0, "overshoot_cost": 39.60129709260487, "power_cost": 35.65991907958985, "noise_cost": 30.37975115360964, "n_waypoints_completed": 0, "tot_waypoints": 9}}
{"target": -830.1592802351374, "params": {"k_pid_pos": [1.9511975049972534, 0.9858454465866089, 0.008352190256118774], "k_pid_alt": [1.9548462629318237, 0.8857313394546509, 0.04595947265625], "k_pid_att": [99.99987030029297, 0.16077224910259247, 0.9992617964744568], "k_pid_yaw": [0.5, 1e-06, 0.1], "k_pid_hsp": [10.0, 0.9842656850814819, 0.010832756757736206], "k_pid_vsp": [399.98406982421875, 1.1428604125976562, 0.0005612836685031652]}, "datetime": {"datetime": "2025-08-12 10:58:35", "elapsed": 66794.93574357033, "delta": 29.054008960723877}, "costs": {"total_cost": 830.1592802351374, "time_cost": 150, "final_distance_cost": 73.11145201843738, "oscillation_cost": 145.2318227377944, "completition_cost": 333.33333333333337, "overshoot_cost": 64.36045770225141, "power_cost": 30.236051867675783, "noise_cost": 33.88616257564497, "n_waypoints_completed": 6, "tot_waypoints": 9}}
{"target": -1587.1720686933832, "params": {"k_pid_pos": [1.8519916534423828, 0.8935259580612183, 0.0023040771484375], "k_pid_alt": [1.9582481384277344, 0.9465939998626709, 0.026256680488586426], "k_pid_att": [100.0, 0.18257510662078857, 0.9662999510765076], "k_pid_yaw": [0.5, 1e-06, 0.1], "k_pid_hsp": [10.0, 0.9911890029907227, 0.1709311604499817], "k_pid_vsp": [74.6744613647461, 4.91840934753418, 399.99993896484375]}, "datetime": {"datetime": "2025-08-12 10:59:07", "elapsed": 66826.48039865494, "delta": 31.544655084609985}, "costs": {"total_cost": 1587.1720686933832, "time_cost": 150, "final_distance_cost": 11.991690205064273, "oscillation_cost": 96.78645405532093, "completition_cost": 1000.0, "overshoot_cost": 165.79013750295192, "power_cost": 34.949594982910156, "noise_cost": 127.65419194713584, "n_waypoints_completed": 0, "tot_waypoints": 9}}
{"target": -861.1844233089034, "params": {"k_pid_pos": [1.9732846021652222, 0.9933753609657288, 0.01669219136238098], "k_pid_alt": [1.9449622631072998, 0.9798916578292847, 0.03826543688774109], "k_pid_att": [100.0, 0.021089863032102585, 0.9906683564186096], "k_pid_yaw": [0.5, 1e-06, 0.1], "k_pid_hsp": [10.0, 0.9901068806648254, 0.01652774214744568], "k_pid_vsp": [400.0, 9.93700122833252, 9.999999974752427e-07]}, "datetime": {"datetime": "2025-08-12 10:59:35", "elapsed": 66855.23098945618, "delta": 28.750590801239014}, "costs": {"total_cost": 861.1844233089034, "time_cost": 150, "final_distance_cost": 75.60517112955968, "oscillation_cost": 172.22432369682699, "completition_cost": 333.33333333333337, "overshoot_cost": 65.23699782373411, "power_cost": 30.64147403564453, "noise_cost": 34.14312328980489, "n_waypoints_completed": 6, "tot_waypoints": 9}}
{"target": -777.9391704948771, "params": {"k_pid_pos": [1.9878264665603638, 0.9880270957946777, 0.005298614501953125], "k_pid_alt": [1.9545214176177979, 0.9669860601425171, 0.002746075391769409], "k_pid_att": [2.126312255859375, 0.2658860683441162, 0.965347945690155], "k_pid_yaw": [0.5, 1e-06, 0.1], "k_pid_hsp": [10.0, 0.971342921257019, 0.07902878522872925], "k_pid_vsp": [124.97242736816406, 50.64535140991211, 5.7644853591918945]}, "datetime": {"datetime": "2025-08-12 11:00:05", "elapsed": 66884.63419818878, "delta": 29.40320873260498}, "costs": {"total_cost": 777.9391704948771, "time_cost": 150, "final_distance_cost": 76.69658248036889, "oscillation_cost": 87.04479657801552, "completition_cost": 333.33333333333337, "overshoot_cost": 65.6130344798043, "power_cost": 29.97793916015625, "noise_cost": 35.273484463198905, "n_waypoints_completed": 6, "tot_waypoints": 9}}
{"target": -1235.4172046925225, "params": {"k_pid_pos": [1.9796165227890015, 0.9883896112442017, 0.002572089433670044], "k_pid_alt": [1.9900128841400146, 0.9665956497192383, 0.01647445559501648], "k_pid_att": [99.99955749511719, 0.1928723007440567, 0.9872180819511414], "k_pid_yaw": [0.5, 1e-06, 0.1], "k_pid_hsp": [9.999945640563965, 0.9867010116577148, 0.02087673544883728], "k_pid_vsp": [400.0, 3.324819564819336, 9.999999974752427e-07]}, "datetime": {"datetime": "2025-08-12 11:00:34", "elapsed": 66913.68315434456, "delta": 29.048956155776978}, "costs": {"total_cost": 1235.4172046925225, "time_cost": 150, "final_distance_cost": 82.53703227039551, "oscillation_cost": 115.88749536367416, "completition_cost": 777.7777777777778, "overshoot_cost": 46.16042562419956, "power_cost": 29.486184094238283, "noise_cost": 33.56828956223703, "n_waypoints_completed": 2, "tot_waypoints": 9}}
{"target": -700.5326951807418, "params": {"k_pid_pos": [1.9786303043365479, 0.9400840401649475, 0.011674582958221436], "k_pid_alt": [1.9832415580749512, 0.9707319140434265, 0.013270437717437744], "k_pid_att": [100.0, 0.3933531939983368, 0.9664550423622131], "k_pid_yaw": [0.5, 1e-06, 0.1], "k_pid_hsp": [10.0, 0.9961221218109131, 0.00803181529045105], "k_pid_vsp": [400.0, 3.2340774536132812, 0.7040391564369202]}, "datetime": {"datetime": "2025-08-12 11:01:02", "elapsed": 66941.9515337944, "delta": 28.26837944984436}, "costs": {"total_cost": 700.5326951807418, "time_cost": 150, "final_distance_cost": 67.2870244990654, "oscillation_cost": 131.7179105050745, "completition_cost": 222.2222222222222, "overshoot_cost": 65.89625265394096, "power_cost": 30.586009509277346, "noise_cost": 32.82327579116136, "n_waypoints_completed": 7, "tot_waypoints": 9}}
{"target": -844.0763052942956, "params": {"k_pid_pos": [1.9791451692581177, 0.9903632402420044, 0.0056858062744140625], "k_pid_alt": [1.998666763305664, 0.9861919283866882, 0.018306493759155273], "k_pid_att": [99.99934387207031, 0.8221250772476196, 0.9474207162857056], "k_pid_yaw": [0.5, 1e-06, 0.1], "k_pid_hsp": [10.0, 0.9793033599853516, 0.0018707513809204102], "k_pid_vsp": [400.0, 0.652588427066803, 0.00017981392738875002]}, "datetime": {"datetime": "2025-08-12 11:01:32", "elapsed": 66972.07774972916, "delta": 30.126215934753418}, "costs": {"total_cost": 844.0763052942956, "time_cost": 150, "final_distance_cost": 76.5962909315908, "oscillation_cost": 153.3450621983846, "completition_cost": 333.33333333333337, "overshoot_cost": 66.19982020966275, "power_cost": 30.236018176269532, "noise_cost": 34.36578044505445, "n_waypoints_completed": 6, "tot_waypoints": 9}}
{"target": -1326.5837600189086, "params": {"k_pid_pos": [1.884941577911377, 0.9860384464263916, 0.016993939876556396], "k_pid_alt": [1.9955030679702759, 0.9483946561813354, 0.024903059005737305], "k_pid_att": [100.0, 0.7877737879753113, 0.988702654838562], "k_pid_yaw": [0.5, 1e-06, 0.1], "k_pid_hsp": [10.0, 0.9571576118469238, 0.051955193281173706], "k_pid_vsp": [393.4862976074219, 2.3935327529907227, 9.999999974752427e-07]}, "datetime": {"datetime": "2025-08-12 11:02:01", "elapsed": 67001.1419532299, "delta": 29.06420350074768}, "costs": {"total_cost": 1326.5837600189086, "time_cost": 150, "final_distance_cost": 73.38796382143065, "oscillation_cost": 109.26071929720476, "completition_cost": 888.8888888888888, "overshoot_cost": 40.522047038874774, "power_cost": 30.75750496826172, "noise_cost": 33.76663600424806, "n_waypoints_completed": 1, "tot_waypoints": 9}}
{"target": -1334.3878462278572, "params": {"k_pid_pos": [1.647310495376587, 0.9849679470062256, 0.06631264090538025], "k_pid_alt": [1.8509211540222168, 0.9746321439743042, 0.013204783201217651], "k_pid_att": [100.0, 0.1001284122467041, 0.9768778085708618], "k_pid_yaw": [0.5, 1e-06, 0.1], "k_pid_hsp": [10.0, 0.9932758212089539, 0.047076791524887085], "k_pid_vsp": [399.5335693359375, 7.988000869750977, 9.999999974752427e-07]}, "datetime": {"datetime": "2025-08-12 11:02:28", "elapsed": 67028.27899050713, "delta": 27.13703727722168}, "costs": {"total_cost": 1334.3878462278572, "time_cost": 150, "final_distance_cost": 73.20047092534507, "oscillation_cost": 115.77212831521341, "completition_cost": 888.8888888888888, "overshoot_cost": 41.69876250530842, "power_cost": 30.996212927246095, "noise_cost": 33.831382665855585, "n_waypoints_completed": 1, "tot_waypoints": 9}}
{"target": -1584.0884050824936, "params": {"k_pid_pos": [1.9974249601364136, 0.9784872531890869, 0.015337854623794556], "k_pid_alt": [1.906468152999878, 0.9839829206466675, 0.06011962890625], "k_pid_att": [100.0, 0.17102622985839844, 0.998849630355835], "k_pid_yaw": [0.5, 1e-06, 0.1], "k_pid_hsp": [10.0, 0.998039960861206, 0.11179587244987488], "k_pid_vsp": [0.000762939453125, 9.177042007446289, 389.5196533203125]}, "datetime": {"datetime": "2025-08-12 11:02:58", "elapsed": 67058.24262332916, "delta": 29.963632822036743}, "costs": {"total_cost": 1584.0884050824936, "time_cost": 150, "final_distance_cost": 5.116452265060721, "oscillation_cost": 93.52740190286684, "completition_cost": 1000.0, "overshoot_cost": 166.07423715844908, "power_cost": 30.43007196044922, "noise_cost": 138.94024179566787, "n_waypoints_completed": 0, "tot_waypoints": 9}}
{"target": -1395.7610511275745, "params": {"k_pid_pos": [1.9455657005310059, 0.9755508303642273, 0.020045369863510132], "k_pid_alt": [1.8754782676696777, 0.9961642026901245, 0.004810839891433716], "k_pid_att": [100.0, 0.12053266167640686, 0.9919800162315369], "k_pid_yaw": [0.5, 1e-06, 0.1], "k_pid_hsp": [1.4444921016693115, 0.9905253648757935, 0.016137689352035522], "k_pid_vsp": [400.0, 1.1480817794799805, 1.2920929293613881e-05]}, "datetime": {"datetime": "2025-08-12 11:03:28", "elapsed": 67087.74729537964, "delta": 29.504672050476074}, "costs": {"total_cost": 1395.7610511275745, "time_cost": 150, "final_distance_cost": 46.89508944070372, "oscillation_cost": 92.09112852251666, "completition_cost": 1000.0, "overshoot_cost": 42.72511117621398, "power_cost": 29.42563065185547, "noise_cost": 34.62409133628461, "n_waypoints_completed": 0, "tot_waypoints": 9}}
{"target": -832.1452489494843, "params": {"k_pid_pos": [1.9631438255310059, 0.9867148995399475, 0.008828520774841309], "k_pid_alt": [1.9824256896972656, 0.9664157032966614, 0.05618736147880554], "k_pid_att": [100.0, 0.07282021641731262, 0.9901559352874756], "k_pid_yaw": [0.5, 1e-06, 0.1], "k_pid_hsp": [10.0, 0.9793070554733276, 0.016145169734954834], "k_pid_vsp": [400.0, 5.835677146911621, 9.999999974752427e-07]}, "datetime": {"datetime": "2025-08-12 11:03:56", "elapsed": 67116.30038237572, "delta": 28.55308699607849}, "costs": {"total_cost": 832.1452489494843, "time_cost": 150, "final_distance_cost": 74.88596118146516, "oscillation_cost": 144.952040890574, "completition_cost": 333.33333333333337, "overshoot_cost": 64.60856015905041, "power_cost": 30.198623046875003, "noise_cost": 34.166730338186305, "n_waypoints_completed": 6, "tot_waypoints": 9}}
{"target": -652.2860713868404, "params": {"k_pid_pos": [1.9801483154296875, 0.9959726333618164, 0.1324344277381897], "k_pid_alt": [1.980040431022644, 0.9854757189750671, 0.0026664137840270996], "k_pid_att": [100.0, 0.13636676967144012, 0.9800322651863098], "k_pid_yaw": [0.5, 1e-06, 0.1], "k_pid_hsp": [10.0, 0.996502161026001, 0.17511016130447388], "k_pid_vsp": [382.1051940917969, 7.3809990882873535, 0.0005493627395480871]}, "datetime": {"datetime": "2025-08-12 11:04:26", "elapsed": 67145.89243340492, "delta": 29.592051029205322}, "costs": {"total_cost": 652.2860713868404, "time_cost": 150, "final_distance_cost": 39.54558621995867, "oscillation_cost": 202.88629926217672, "completition_cost": 111.11111111111116, "overshoot_cost": 80.47541395609149, "power_cost": 34.25916826171875, "noise_cost": 34.00849257578369, "n_waypoints_completed": 8, "tot_waypoints": 9}}
{"target": -845.7466050771455, "params": {"k_pid_pos": [1.9930616617202759, 0.9917980432510376, 0.02804875373840332], "k_pid_alt": [1.9872212409973145, 0.997463583946228, 0.002001166343688965], "k_pid_att": [100.0, 0.3613702654838562, 0.9659799933433533], "k_pid_yaw": [0.5, 1e-06, 0.1], "k_pid_hsp": [9.999557495117188, 0.9805033206939697, 0.01348075270652771], "k_pid_vsp": [400.0, 26.053979873657227, 9.999999974752427e-07]}, "datetime": {"datetime": "2025-08-12 11:04:54", "elapsed": 67173.8810133934, "delta": 27.988579988479614}, "costs": {"total_cost": 845.7466050771455, "time_cost": 150, "final_distance_cost": 75.936275277615, "oscillation_cost": 157.7567546575375, "completition_cost": 333.33333333333337, "overshoot_cost": 63.95369195063186, "power_cost": 30.648865283203126, "noise_cost": 34.11768457482469, "n_waypoints_completed": 6, "tot_waypoints": 9}}
