{"target": -1566.718760629745, "params": {"k_pid_pos": [1.946479320526123, 0.989269495010376, 0.024353891611099243], "k_pid_alt": [1.9936625957489014, 0.9183881282806396, 0.0553039014339447], "k_pid_att": [100.0, 0.031894292682409286, 0.9889868497848511], "k_pid_yaw": [0.5, 1e-06, 0.1], "k_pid_hsp": [10.0, 0.9784547090530396, 0.03961777687072754], "k_pid_vsp": [1.3127923011779785, 7.397831439971924, 43.522010803222656]}, "datetime": {"datetime": "2025-08-12 02:43:44", "elapsed": 37103.872591495514, "delta": 31.257019758224487}, "costs": {"total_cost": 1566.718760629745, "time_cost": 150, "final_distance_cost": 9.79702126314586, "oscillation_cost": 75.8355544497901, "completition_cost": 1000.0, "overshoot_cost": 165.499634722236, "power_cost": 29.35064100341797, "noise_cost": 136.2359091911551, "n_waypoints_completed": 0, "tot_waypoints": 9}}
{"target": -1562.0678601823863, "params": {"k_pid_pos": [1.983749508857727, 0.9158105850219727, 0.006911158561706543], "k_pid_alt": [1.8488411903381348, 0.8171741962432861, 0.013248085975646973], "k_pid_att": [100.0, 0.7515836954116821, 0.9578676819801331], "k_pid_yaw": [0.5, 1e-06, 0.1], "k_pid_hsp": [0.016407666727900505, 0.9788047075271606, 0.10402247309684753], "k_pid_vsp": [0.6420254707336426, 25.5414981842041, 96.01838684082031]}, "datetime": {"datetime": "2025-08-12 02:44:16", "elapsed": 37135.43029880524, "delta": 31.5577073097229}, "costs": {"total_cost": 1562.0678601823863, "time_cost": 150, "final_distance_cost": 8.861255631828145, "oscillation_cost": 68.15043524001254, "completition_cost": 1000.0, "overshoot_cost": 173.19756211994746, "power_cost": 31.661445141601565, "noise_cost": 130.19716204899677, "n_waypoints_completed": 0, "tot_waypoints": 9}}
{"target": -704.5813901680485, "params": {"k_pid_pos": [1.7762678861618042, 0.9098697304725647, 0.03896111249923706], "k_pid_alt": [1.9305506944656372, 0.9301945567131042, 0.011172473430633545], "k_pid_att": [100.0, 0.8865472078323364, 0.9752073287963867], "k_pid_yaw": [0.5, 1e-06, 0.1], "k_pid_hsp": [10.0, 0.9960588216781616, 0.11682635545730591], "k_pid_vsp": [393.6548767089844, 15.062762260437012, 9.999999974752427e-07]}, "datetime": {"datetime": "2025-08-12 02:44:50", "elapsed": 37170.100830078125, "delta": 34.670531272888184}, "costs": {"total_cost": 704.5813901680485, "time_cost": 150, "final_distance_cost": 61.34387114077535, "oscillation_cost": 131.40652349913267, "completition_cost": 222.2222222222222, "overshoot_cost": 71.72724031327046, "power_cost": 34.12409813232422, "noise_cost": 33.7574348603236, "n_waypoints_completed": 7, "tot_waypoints": 9}}
{"target": -1567.387605979669, "params": {"k_pid_pos": [1.8950399160385132, 0.9916006326675415, 0.03058573603630066], "k_pid_alt": [1.9711670875549316, 0.9034969806671143, 0.00975126028060913], "k_pid_att": [100.0, 3.7594547271728516, 0.9898932576179504], "k_pid_yaw": [0.5, 1e-06, 0.1], "k_pid_hsp": [10.0, 0.9885756373405457, 0.0615885853767395], "k_pid_vsp": [2.384185791015625e-05, 2.3515353202819824, 399.9651794433594]}, "datetime": {"datetime": "2025-08-12 02:45:27", "elapsed": 37206.47766971588, "delta": 36.37683963775635}, "costs": {"total_cost": 1567.387605979669, "time_cost": 150, "final_distance_cost": 3.943801513909629, "oscillation_cost": 86.03206084343539, "completition_cost": 1000.0, "overshoot_cost": 166.00840583669444, "power_cost": 30.15902789306641, "noise_cost": 131.24430989256297, "n_waypoints_completed": 0, "tot_waypoints": 9}}
{"target": -1565.0417909230878, "params": {"k_pid_pos": [1.6774448156356812, 0.9944071769714355, 0.007778972387313843], "k_pid_alt": [1.9850850105285645, 0.9351739883422852, 0.008614778518676758], "k_pid_att": [100.0, 0.5515912175178528, 0.9771665334701538], "k_pid_yaw": [0.5, 1e-06, 0.1], "k_pid_hsp": [10.0, 0.9787435531616211, 0.03236842155456543], "k_pid_vsp": [85.46073150634766, 5.464828968048096, 400.0]}, "datetime": {"datetime": "2025-08-12 02:45:58", "elapsed": 37238.19401192665, "delta": 31.716342210769653}, "costs": {"total_cost": 1565.0417909230878, "time_cost": 150, "final_distance_cost": 6.467021614874238, "oscillation_cost": 83.75239700805142, "completition_cost": 1000.0, "overshoot_cost": 166.05135211732653, "power_cost": 33.65965362548828, "noise_cost": 125.11136655734734, "n_waypoints_completed": 0, "tot_waypoints": 9}}
{"target": -617.6654922332656, "params": {"k_pid_pos": [1.9801350831985474, 0.7800162434577942, 0.02582821249961853], "k_pid_alt": [1.6012192964553833, 0.9032735824584961, 0.042032837867736816], "k_pid_att": [100.0, 0.44414329528808594, 0.9489014148712158], "k_pid_yaw": [0.5, 1e-06, 0.1], "k_pid_hsp": [10.0, 0.9617888927459717, 0.011214584112167358], "k_pid_vsp": [397.9219665527344, 5.228925704956055, 0.18754105269908905]}, "datetime": {"datetime": "2025-08-12 02:46:30", "elapsed": 37269.744977235794, "delta": 31.550965309143066}, "costs": {"total_cost": 617.6654922332656, "time_cost": 150, "final_distance_cost": 22.413195959189526, "oscillation_cost": 193.44301763066932, "completition_cost": 111.11111111111116, "overshoot_cost": 77.23283373689172, "power_cost": 30.400468884277345, "noise_cost": 33.064864911126605, "n_waypoints_completed": 8, "tot_waypoints": 9}}
{"target": -1560.0821097154421, "params": {"k_pid_pos": [1.9942901134490967, 0.9939917325973511, 0.02265775203704834], "k_pid_alt": [1.97835373878479, 0.9712173342704773, 0.03528222441673279], "k_pid_att": [100.0, 0.24618873000144958, 0.9772521257400513], "k_pid_yaw": [0.5, 1e-06, 0.1], "k_pid_hsp": [9.948955535888672, 0.9739834070205688, 0.037508875131607056], "k_pid_vsp": [1.1920928955078125e-05, 7.627070903778076, 400.0]}, "datetime": {"datetime": "2025-08-12 02:47:01", "elapsed": 37300.98715019226, "delta": 31.242172956466675}, "costs": {"total_cost": 1560.0821097154421, "time_cost": 150, "final_distance_cost": 3.6679710297073322, "oscillation_cost": 74.95245753216672, "completition_cost": 1000.0, "overshoot_cost": 165.66445332580946, "power_cost": 28.742452075195313, "noise_cost": 137.05477575256313, "n_waypoints_completed": 0, "tot_waypoints": 9}}
{"target": -1591.9112744967335, "params": {"k_pid_pos": [1.9475884437561035, 0.9128195643424988, 0.07933297753334045], "k_pid_alt": [1.9920804500579834, 0.9585623741149902, 0.00487026572227478], "k_pid_att": [100.0, 0.07764576375484467, 0.8141518235206604], "k_pid_yaw": [0.5, 1e-06, 0.1], "k_pid_hsp": [9.978785514831543, 0.8927850127220154, 0.3348084092140198], "k_pid_vsp": [0.11069774627685547, 6.020773410797119, 399.9815979003906]}, "datetime": {"datetime": "2025-08-12 02:47:32", "elapsed": 37332.18632912636, "delta": 31.19917893409729}, "costs": {"total_cost": 1591.9112744967335, "time_cost": 150, "final_distance_cost": 12.563974340642755, "oscillation_cost": 97.17585954881567, "completition_cost": 1000.0, "overshoot_cost": 165.76147026264124, "power_cost": 31.279962963867188, "noise_cost": 135.1300073807667, "n_waypoints_completed": 0, "tot_waypoints": 9}}
{"target": -1534.0496107847598, "params": {"k_pid_pos": [1.8391250371932983, 0.9360671043395996, 0.0035075843334198], "k_pid_alt": [1.9259506464004517, 0.9181617498397827, 0.008100360631942749], "k_pid_att": [99.9998550415039, 1.2617011070251465, 0.683312714099884], "k_pid_yaw": [0.5, 1e-06, 0.1], "k_pid_hsp": [9.620698928833008, 0.9717696905136108, 0.014978528022766113], "k_pid_vsp": [398.51800537109375, 7.123113632202148, 398.9405212402344]}, "datetime": {"datetime": "2025-08-12 02:48:04", "elapsed": 37363.82915997505, "delta": 31.642830848693848}, "costs": {"total_cost": 1534.0496107847598, "time_cost": 150, "final_distance_cost": 13.264983606144016, "oscillation_cost": 68.66985915603009, "completition_cost": 1000.0, "overshoot_cost": 161.91343188811837, "power_cost": 32.98258647460938, "noise_cost": 107.21874965985789, "n_waypoints_completed": 0, "tot_waypoints": 9}}
{"target": -1554.0060390814483, "params": {"k_pid_pos": [1.84659743309021, 0.9834407567977905, 0.01666375994682312], "k_pid_alt": [1.9940359592437744, 0.9151308536529541, 0.0027783215045928955], "k_pid_att": [100.0, 0.6500765085220337, 0.9859188795089722], "k_pid_yaw": [0.5, 1e-06, 0.1], "k_pid_hsp": [10.0, 0.9943868517875671, 0.031023502349853516], "k_pid_vsp": [3.094482421875, 18.02226448059082, 400.0]}, "datetime": {"datetime": "2025-08-12 02:48:34", "elapsed": 37394.137874126434, "delta": 30.308714151382446}, "costs": {"total_cost": 1554.0060390814483, "time_cost": 150, "final_distance_cost": 3.718685546557394, "oscillation_cost": 75.28662814635757, "completition_cost": 1000.0, "overshoot_cost": 165.60949307109442, "power_cost": 34.19584891357422, "noise_cost": 125.1953834038645, "n_waypoints_completed": 0, "tot_waypoints": 9}}
{"target": -1168.9388267564827, "params": {"k_pid_pos": [1.887280821800232, 0.7729430794715881, 0.05230352282524109], "k_pid_alt": [1.8522188663482666, 0.8938974738121033, 0.009406328201293945], "k_pid_att": [100.0, 0.10067348927259445, 0.9911970496177673], "k_pid_yaw": [0.5, 1e-06, 0.1], "k_pid_hsp": [10.0, 0.9646416306495667, 0.09461301565170288], "k_pid_vsp": [399.8926086425781, 37.480140686035156, 400.0]}, "datetime": {"datetime": "2025-08-12 02:49:05", "elapsed": 37424.50690674782, "delta": 30.369032621383667}, "costs": {"total_cost": 1168.9388267564827, "time_cost": 150, "final_distance_cost": 81.39429782176974, "oscillation_cost": 123.05426238925894, "completition_cost": 666.6666666666667, "overshoot_cost": 80.05921408289889, "power_cost": 36.729942980957034, "noise_cost": 31.034442814931204, "n_waypoints_completed": 3, "tot_waypoints": 9}}
{"target": -493.93778916190286, "params": {"k_pid_pos": [1.7100766897201538, 0.9384795427322388, 0.05064946413040161], "k_pid_alt": [1.962733507156372, 0.954491376876831, 0.005130469799041748], "k_pid_att": [99.99980926513672, 0.6349763870239258, 0.9889461398124695], "k_pid_yaw": [0.5, 1e-06, 0.1], "k_pid_hsp": [10.0, 0.8598030209541321, 0.0031363070011138916], "k_pid_vsp": [399.9906921386719, 3.406620979309082, 1.3363370895385742]}, "datetime": {"datetime": "2025-08-12 02:49:36", "elapsed": 37455.78647184372, "delta": 31.27956509590149}, "costs": {"total_cost": 493.93778916190286, "time_cost": 150, "final_distance_cost": 5.657790494141348, "oscillation_cost": 94.68205426336058, "completition_cost": 111.11111111111116, "overshoot_cost": 70.19335595570035, "power_cost": 29.48386539306641, "noise_cost": 32.809611944522935, "n_waypoints_completed": 8, "tot_waypoints": 9}}
{"target": -1200.3734975568095, "params": {"k_pid_pos": [1.941138744354248, 0.9673203229904175, 0.2738717496395111], "k_pid_alt": [1.95054292678833, 0.9942060708999634, 0.06538677215576172], "k_pid_att": [100.0, 0.264193594455719, 0.8700314164161682], "k_pid_yaw": [0.5, 1e-06, 0.1], "k_pid_hsp": [10.0, 0.9373425245285034, 0.1401422619819641], "k_pid_vsp": [395.1001281738281, 12.353266716003418, 399.94989013671875]}, "datetime": {"datetime": "2025-08-12 02:50:07", "elapsed": 37487.32777070999, "delta": 31.541298866271973}, "costs": {"total_cost": 1200.3734975568095, "time_cost": 150, "final_distance_cost": 65.42978773775201, "oscillation_cost": 160.6262127299847, "completition_cost": 666.6666666666667, "overshoot_cost": 88.54068968383383, "power_cost": 37.80869742431641, "noise_cost": 31.301443314255838, "n_waypoints_completed": 3, "tot_waypoints": 9}}
{"target": -907.336872323325, "params": {"k_pid_pos": [1.9958328008651733, 0.9688117504119873, 0.005392968654632568], "k_pid_alt": [1.9910671710968018, 0.948468804359436, 0.013232618570327759], "k_pid_att": [100.0, 0.28642502427101135, 0.9717161059379578], "k_pid_yaw": [0.5, 1e-06, 0.1], "k_pid_hsp": [10.0, 0.9627308249473572, 0.021138399839401245], "k_pid_vsp": [399.40185546875, 88.56648254394531, 9.999999974752427e-07]}, "datetime": {"datetime": "2025-08-12 02:50:38", "elapsed": 37517.863607406616, "delta": 30.535836696624756}, "costs": {"total_cost": 907.336872323325, "time_cost": 150, "final_distance_cost": 47.86679842802464, "oscillation_cost": 136.48538455585808, "completition_cost": 444.4444444444444, "overshoot_cost": 63.63312145064943, "power_cost": 30.646698437500003, "noise_cost": 34.26042500684831, "n_waypoints_completed": 5, "tot_waypoints": 9}}
{"target": -1384.5253157829447, "params": {"k_pid_pos": [1.9142954349517822, 0.9952856302261353, 0.040534019470214844], "k_pid_alt": [1.956424593925476, 0.9498428106307983, 0.011565029621124268], "k_pid_att": [100.0, 1.1723682880401611, 0.9795311093330383], "k_pid_yaw": [0.5, 1e-06, 0.1], "k_pid_hsp": [9.99066162109375, 0.987265944480896, 0.005553573369979858], "k_pid_vsp": [0.7045984268188477, 22.662689208984375, 0.00028710230253636837]}, "datetime": {"datetime": "2025-08-12 02:51:10", "elapsed": 37550.070194244385, "delta": 32.206586837768555}, "costs": {"total_cost": 1384.5253157829447, "time_cost": 150, "final_distance_cost": 47.089484595211374, "oscillation_cost": 72.9866474897599, "completition_cost": 1000.0, "overshoot_cost": 49.8269701299396, "power_cost": 29.633152172851563, "noise_cost": 34.98906139518221, "n_waypoints_completed": 0, "tot_waypoints": 9}}
{"target": -1526.794264494232, "params": {"k_pid_pos": [1.9683831930160522, 0.877945601940155, 0.004314690828323364], "k_pid_alt": [1.8188796043395996, 0.9464474320411682, 0.10211104154586792], "k_pid_att": [100.0, 0.30414173007011414, 0.9923766851425171], "k_pid_yaw": [0.5, 1e-06, 0.1], "k_pid_hsp": [10.0, 0.9769797325134277, 0.018092870712280273], "k_pid_vsp": [0.0, 2.2811779975891113, 396.03619384765625]}, "datetime": {"datetime": "2025-08-12 02:51:42", "elapsed": 37581.53864312172, "delta": 31.468448877334595}, "costs": {"total_cost": 1526.794264494232, "time_cost": 150, "final_distance_cost": 2.535543251393217, "oscillation_cost": 54.51752475486197, "completition_cost": 1000.0, "overshoot_cost": 163.98007066234916, "power_cost": 21.668676525878908, "noise_cost": 134.0924492997487, "n_waypoints_completed": 0, "tot_waypoints": 9}}
{"target": -4838.907316318151, "params": {"k_pid_pos": [1.9773268699645996, 0.9881739020347595, 0.00696524977684021], "k_pid_alt": [1.9891791343688965, 0.9840991497039795, 0.08484542369842529], "k_pid_att": [0.0016003847122192383, 0.988911509513855, 0.9526312947273254], "k_pid_yaw": [0.5, 1e-06, 0.1], "k_pid_hsp": [9.999918937683105, 0.8684662580490112, 0.07847309112548828], "k_pid_vsp": [0.0, 5.573714733123779, 84.17500305175781]}, "datetime": {"datetime": "2025-08-12 02:52:13", "elapsed": 37612.71639204025, "delta": 31.177748918533325}, "costs": {"total_cost": 4838.907316318151, "time_cost": 150, "final_distance_cost": 731.4097870883578, "oscillation_cost": 995.5289605685741, "completition_cost": 1000.0, "overshoot_cost": 1799.8436307275033, "power_cost": 17.19483562011719, "noise_cost": 144.93010231359813, "n_waypoints_completed": 0, "tot_waypoints": 9}}
{"target": -1591.6547328060392, "params": {"k_pid_pos": [1.7721372842788696, 0.976804792881012, 0.002602607011795044], "k_pid_alt": [1.9840714931488037, 0.9046125411987305, 0.018592894077301025], "k_pid_att": [100.0, 0.3734779357910156, 0.9397826790809631], "k_pid_yaw": [0.5, 1e-06, 0.1], "k_pid_hsp": [10.0, 0.9872066378593445, 0.10364025831222534], "k_pid_vsp": [0.0, 7.130063533782959, 348.591064453125]}, "datetime": {"datetime": "2025-08-12 02:52:45", "elapsed": 37644.413811445236, "delta": 31.69741940498352}, "costs": {"total_cost": 1591.6547328060392, "time_cost": 150, "final_distance_cost": 14.05755386977242, "oscillation_cost": 95.20359136727788, "completition_cost": 1000.0, "overshoot_cost": 166.21980760050968, "power_cost": 29.556165466308595, "noise_cost": 136.6176145021706, "n_waypoints_completed": 0, "tot_waypoints": 9}}
{"target": -1595.3496176639103, "params": {"k_pid_pos": [1.9653557538986206, 0.9934185743331909, 0.008164316415786743], "k_pid_alt": [1.944191813468933, 0.8928823471069336, 0.009455680847167969], "k_pid_att": [100.0, 2.355980634689331, 0.9592663645744324], "k_pid_yaw": [0.5, 1e-06, 0.1], "k_pid_hsp": [10.0, 0.9274293184280396, 0.22706389427185059], "k_pid_vsp": [0.0003695487976074219, 11.94050407409668, 399.9954833984375]}, "datetime": {"datetime": "2025-08-12 02:53:16", "elapsed": 37675.74927973747, "delta": 31.335468292236328}, "costs": {"total_cost": 1595.3496176639103, "time_cost": 150, "final_distance_cost": 7.829100251331043, "oscillation_cost": 101.62160431258287, "completition_cost": 1000.0, "overshoot_cost": 165.77712015835618, "power_cost": 33.669584887695315, "noise_cost": 136.45220805394496, "n_waypoints_completed": 0, "tot_waypoints": 9}}
{"target": -1521.2045541903174, "params": {"k_pid_pos": [1.9730956554412842, 0.9968233108520508, 0.018632590770721436], "k_pid_alt": [1.9897058010101318, 0.8006542921066284, 0.00642627477645874], "k_pid_att": [100.0, 0.7132120728492737, 0.9750346541404724], "k_pid_yaw": [0.5, 1e-06, 0.1], "k_pid_hsp": [10.0, 0.9550319314002991, 0.0016974806785583496], "k_pid_vsp": [398.0840759277344, 21.20816993713379, 400.0]}, "datetime": {"datetime": "2025-08-12 02:53:46", "elapsed": 37706.13447237015, "delta": 30.38519263267517}, "costs": {"total_cost": 1521.2045541903174, "time_cost": 150, "final_distance_cost": 14.587651924871547, "oscillation_cost": 50.36588593166559, "completition_cost": 1000.0, "overshoot_cost": 163.81855787614694, "power_cost": 31.44748231201172, "noise_cost": 110.98497614562136, "n_waypoints_completed": 0, "tot_waypoints": 9}}
{"target": -708.9978999170545, "params": {"k_pid_pos": [1.9729841947555542, 0.9539312124252319, 0.07829493284225464], "k_pid_alt": [1.9298675060272217, 0.9594213962554932, 0.010624229907989502], "k_pid_att": [100.0, 1.2661949396133423, 0.9860827922821045], "k_pid_yaw": [0.5, 1e-06, 0.1], "k_pid_hsp": [10.0, 0.9909865260124207, 0.02948981523513794], "k_pid_vsp": [396.58148193359375, 31.7421817779541, 0.7056127190589905]}, "datetime": {"datetime": "2025-08-12 02:54:16", "elapsed": 37736.302162885666, "delta": 30.16769051551819}, "costs": {"total_cost": 708.9978999170545, "time_cost": 150, "final_distance_cost": 72.61120290880451, "oscillation_cost": 136.9820136736169, "completition_cost": 222.2222222222222, "overshoot_cost": 61.74163291746664, "power_cost": 31.016498291015626, "noise_cost": 34.42432990392861, "n_waypoints_completed": 7, "tot_waypoints": 9}}
{"target": -1309.7726511126439, "params": {"k_pid_pos": [1.7669254541397095, 0.9939050674438477, 0.10304886102676392], "k_pid_alt": [1.9203248023986816, 0.845245361328125, 0.020542830228805542], "k_pid_att": [100.0, 0.07111942023038864, 0.9921178221702576], "k_pid_yaw": [0.5, 1e-06, 0.1], "k_pid_hsp": [10.0, 0.9643953442573547, 0.03266841173171997], "k_pid_vsp": [399.99847412109375, 35.017513275146484, 0.00019173485634382814]}, "datetime": {"datetime": "2025-08-12 02:54:48", "elapsed": 37767.46883773804, "delta": 31.166674852371216}, "costs": {"total_cost": 1309.7726511126439, "time_cost": 150, "final_distance_cost": 63.743434778155766, "oscillation_cost": 106.16280484823234, "completition_cost": 888.8888888888888, "overshoot_cost": 37.505822654737074, "power_cost": 29.707544982910157, "noise_cost": 33.76415495971958, "n_waypoints_completed": 1, "tot_waypoints": 9}}
{"target": -1512.7265672721774, "params": {"k_pid_pos": [1.9730496406555176, 0.9715933799743652, 0.009509831666946411], "k_pid_alt": [1.9256339073181152, 0.9356335997581482, 0.14001768827438354], "k_pid_att": [100.0, 0.6606267094612122, 0.9813245534896851], "k_pid_yaw": [0.5, 1e-06, 0.1], "k_pid_hsp": [10.0, 0.9602860808372498, 0.013226300477981567], "k_pid_vsp": [399.9992370605469, 38.29784393310547, 399.9830627441406]}, "datetime": {"datetime": "2025-08-12 02:55:19", "elapsed": 37799.01676297188, "delta": 31.547925233840942}, "costs": {"total_cost": 1512.7265672721774, "time_cost": 150, "final_distance_cost": 8.676258026528092, "oscillation_cost": 59.73629161803624, "completition_cost": 1000.0, "overshoot_cost": 161.488928914419, "power_cost": 32.96999185791016, "noise_cost": 99.85509685528402, "n_waypoints_completed": 0, "tot_waypoints": 9}}
{"target": -1589.28867772203, "params": {"k_pid_pos": [1.8035962581634521, 0.906720757484436, 0.008479416370391846], "k_pid_alt": [1.6270816326141357, 0.9956800937652588, 0.015756815671920776], "k_pid_att": [100.0, 0.3328273594379425, 0.9915190935134888], "k_pid_yaw": [0.5, 1e-06, 0.1], "k_pid_hsp": [9.99968433380127, 0.9782038927078247, 0.20012301206588745], "k_pid_vsp": [0.10848045349121094, 35.82036590576172, 328.70709228515625]}, "datetime": {"datetime": "2025-08-12 02:55:50", "elapsed": 37830.28053212166, "delta": 31.263769149780273}, "costs": {"total_cost": 1589.28867772203, "time_cost": 150, "final_distance_cost": 12.312947430483737, "oscillation_cost": 98.69001297289559, "completition_cost": 1000.0, "overshoot_cost": 165.78285542108264, "power_cost": 34.29695047607422, "noise_cost": 128.20591142149368, "n_waypoints_completed": 0, "tot_waypoints": 9}}
{"target": -1565.0951905944971, "params": {"k_pid_pos": [1.9902641773223877, 0.9874258041381836, 0.025851845741271973], "k_pid_alt": [1.9552152156829834, 0.950287401676178, 0.023895472288131714], "k_pid_att": [99.99781799316406, 0.14331184327602386, 0.9839009642601013], "k_pid_yaw": [0.5, 1e-06, 0.1], "k_pid_hsp": [2.3192951679229736, 0.9788017868995667, 0.043633997440338135], "k_pid_vsp": [0.13010501861572266, 0.9436498284339905, 400.0]}, "datetime": {"datetime": "2025-08-12 02:56:24", "elapsed": 37864.02341866493, "delta": 33.742886543273926}, "costs": {"total_cost": 1565.0951905944971, "time_cost": 150, "final_distance_cost": 16.753279829184635, "oscillation_cost": 73.80582606761642, "completition_cost": 1000.0, "overshoot_cost": 167.51455054533162, "power_cost": 17.27124333496094, "noise_cost": 139.75029081740348, "n_waypoints_completed": 0, "tot_waypoints": 9}}
