{"target": -1541.5199644671943, "params": {"k_pid_pos": [1.8186216354370117, 0.9683512449264526, 0.03250357508659363], "k_pid_alt": [1.7886691093444824, 0.9598405361175537, 0.02164405584335327], "k_pid_att": [100.0, 2.597676992416382, 0.9827446937561035], "k_pid_yaw": [0.5, 1e-06, 0.1], "k_pid_hsp": [8.195884704589844, 0.9964290857315063, 0.03243982791900635], "k_pid_vsp": [0.0, 4.730165958404541, 400.0]}, "datetime": {"datetime": "2025-08-12 00:34:19", "elapsed": 29338.851295232773, "delta": 31.116693258285522}, "costs": {"total_cost": 1541.5199644671943, "time_cost": 150, "final_distance_cost": 1.8235491824807284, "oscillation_cost": 65.6686331217891, "completition_cost": 1000.0, "overshoot_cost": 164.38809484326868, "power_cost": 24.929956115722657, "noise_cost": 134.7097312039333, "n_waypoints_completed": 0, "tot_waypoints": 9}}
{"target": -1536.438678298673, "params": {"k_pid_pos": [1.9772284030914307, 0.9778608083724976, 0.019607871770858765], "k_pid_alt": [1.861048698425293, 0.9584937691688538, 0.004942983388900757], "k_pid_att": [99.98690795898438, 1.2468644380569458, 0.9798502922058105], "k_pid_yaw": [0.5, 1e-06, 0.1], "k_pid_hsp": [0.007150860503315926, 0.941476583480835, 0.022052496671676636], "k_pid_vsp": [1.1920928955078125e-05, 29.153766632080078, 399.9994812011719]}, "datetime": {"datetime": "2025-08-12 00:34:51", "elapsed": 29370.41070508957, "delta": 31.559409856796265}, "costs": {"total_cost": 1536.438678298673, "time_cost": 150, "final_distance_cost": 3.679059317428896, "oscillation_cost": 58.31718373904209, "completition_cost": 1000.0, "overshoot_cost": 174.0017904605534, "power_cost": 29.843580090332033, "noise_cost": 120.59706469131658, "n_waypoints_completed": 0, "tot_waypoints": 9}}
{"target": -1537.9381991220619, "params": {"k_pid_pos": [1.9880791902542114, 0.9625957012176514, 0.015452802181243896], "k_pid_alt": [1.9940481185913086, 0.9073920249938965, 0.023904949426651], "k_pid_att": [100.0, 0.3637365400791168, 0.9332262873649597], "k_pid_yaw": [0.5, 1e-06, 0.1], "k_pid_hsp": [10.0, 0.9986720085144043, 0.0039657652378082275], "k_pid_vsp": [0.0, 6.33299446105957, 9.999999974752427e-07]}, "datetime": {"datetime": "2025-08-12 00:35:21", "elapsed": 29400.981080055237, "delta": 30.570374965667725}, "costs": {"total_cost": 1537.9381991220619, "time_cost": 150, "final_distance_cost": 12.960405482816455, "oscillation_cost": 46.14372277089793, "completition_cost": 1000.0, "overshoot_cost": 166.37538168798022, "power_cost": 16.958694311523438, "noise_cost": 145.49999486884366, "n_waypoints_completed": 0, "tot_waypoints": 9}}
{"target": -724.016627930521, "params": {"k_pid_pos": [1.9039610624313354, 0.9795113801956177, 0.19566363096237183], "k_pid_alt": [1.870359182357788, 0.9771843552589417, 0.03811326622962952], "k_pid_att": [100.0, 0.29425370693206787, 0.9955480098724365], "k_pid_yaw": [0.5, 1e-06, 0.1], "k_pid_hsp": [10.0, 0.9917779564857483, 0.010386496782302856], "k_pid_vsp": [399.99517822265625, 11.67615795135498, 0.05920033156871796]}, "datetime": {"datetime": "2025-08-12 00:35:51", "elapsed": 29431.23226737976, "delta": 30.251187324523926}, "costs": {"total_cost": 724.016627930521, "time_cost": 150, "final_distance_cost": 72.15982152696753, "oscillation_cost": 150.59006176934182, "completition_cost": 222.2222222222222, "overshoot_cost": 63.67970271289898, "power_cost": 31.227756872558594, "noise_cost": 34.1370628265318, "n_waypoints_completed": 7, "tot_waypoints": 9}}
{"target": -1321.7743736074162, "params": {"k_pid_pos": [1.9843088388442993, 0.9946337938308716, 0.054399073123931885], "k_pid_alt": [1.9299285411834717, 0.9748580455780029, 0.07329574227333069], "k_pid_att": [100.0, 1.7146714925765991, 0.9693599939346313], "k_pid_yaw": [0.5, 1e-06, 0.1], "k_pid_hsp": [9.999967575073242, 0.8769412040710449, 0.05065423250198364], "k_pid_vsp": [399.80517578125, 5.883825778961182, 157.52203369140625]}, "datetime": {"datetime": "2025-08-12 00:36:22", "elapsed": 29462.306260347366, "delta": 31.07399296760559}, "costs": {"total_cost": 1321.7743736074162, "time_cost": 150, "final_distance_cost": 73.37134612126754, "oscillation_cost": 99.49872614582102, "completition_cost": 888.8888888888888, "overshoot_cost": 44.211573365884625, "power_cost": 35.50084085693359, "noise_cost": 30.302998228620623, "n_waypoints_completed": 1, "tot_waypoints": 9}}
{"target": -1544.639630991216, "params": {"k_pid_pos": [1.7985193729400635, 0.9993031024932861, 0.170657217502594], "k_pid_alt": [1.9825794696807861, 0.8611204028129578, 0.021560311317443848], "k_pid_att": [100.0, 2.399890899658203, 0.9037269353866577], "k_pid_yaw": [0.5, 1e-06, 0.1], "k_pid_hsp": [0.0001560278033139184, 0.9922481775283813, 0.04517313838005066], "k_pid_vsp": [0.0, 1.2407073974609375, 397.9778747558594]}, "datetime": {"datetime": "2025-08-12 00:36:53", "elapsed": 29493.059681892395, "delta": 30.753421545028687}, "costs": {"total_cost": 1544.639630991216, "time_cost": 150, "final_distance_cost": 11.16515542268828, "oscillation_cost": 50.78221229773139, "completition_cost": 1000.0, "overshoot_cost": 175.2655150920659, "power_cost": 15.778806457519533, "noise_cost": 141.647941721211, "n_waypoints_completed": 0, "tot_waypoints": 9}}
{"target": -1441.303221459649, "params": {"k_pid_pos": [1.970691204071045, 0.8888868689537048, 0.021819621324539185], "k_pid_alt": [1.9760576486587524, 0.9100925922393799, 0.0018455684185028076], "k_pid_att": [100.0, 0.45908722281455994, 0.955538809299469], "k_pid_yaw": [0.5, 1e-06, 0.1], "k_pid_hsp": [6.254302024841309, 0.7826287150382996, 0.05374392867088318], "k_pid_vsp": [400.0, 18.457914352416992, 400.0]}, "datetime": {"datetime": "2025-08-12 00:37:24", "elapsed": 29524.1165099144, "delta": 31.056828022003174}, "costs": {"total_cost": 1441.303221459649, "time_cost": 150, "final_distance_cost": 31.79023453890982, "oscillation_cost": 84.0917493369621, "completition_cost": 1000.0, "overshoot_cost": 107.79034065742363, "power_cost": 35.911730895996094, "noise_cost": 31.71916603035754, "n_waypoints_completed": 0, "tot_waypoints": 9}}
{"target": -1566.8202932390616, "params": {"k_pid_pos": [1.9785279035568237, 0.9726184606552124, 0.016363978385925293], "k_pid_alt": [1.8256092071533203, 0.981342077255249, 0.05279165506362915], "k_pid_att": [100.0, 0.7331350445747375, 0.9844591021537781], "k_pid_yaw": [0.5, 1e-06, 0.1], "k_pid_hsp": [10.0, 0.9946188926696777, 0.04795098304748535], "k_pid_vsp": [0.024998188018798828, 6.438423156738281, 400.0]}, "datetime": {"datetime": "2025-08-12 00:37:55", "elapsed": 29554.718115329742, "delta": 30.60160541534424}, "costs": {"total_cost": 1566.8202932390616, "time_cost": 150, "final_distance_cost": 10.542024643396466, "oscillation_cost": 78.11006918600826, "completition_cost": 1000.0, "overshoot_cost": 165.4737711088305, "power_cost": 28.829363891601563, "noise_cost": 133.8650644092248, "n_waypoints_completed": 0, "tot_waypoints": 9}}
{"target": -700.5678974788872, "params": {"k_pid_pos": [1.9318187236785889, 0.9003736972808838, 0.06138968467712402], "k_pid_alt": [1.874672532081604, 0.8972666263580322, 0.041780829429626465], "k_pid_att": [100.0, 0.2610599100589752, 0.9601631760597229], "k_pid_yaw": [0.5, 1e-06, 0.1], "k_pid_hsp": [10.0, 0.9925612211227417, 0.08491700887680054], "k_pid_vsp": [216.50149536132812, 7.198287010192871, 0.0005016790237277746]}, "datetime": {"datetime": "2025-08-12 00:38:25", "elapsed": 29584.54874944687, "delta": 29.830634117126465}, "costs": {"total_cost": 700.5678974788872, "time_cost": 150, "final_distance_cost": 63.24864437934808, "oscillation_cost": 128.3010419659018, "completition_cost": 222.2222222222222, "overshoot_cost": 70.10697194568274, "power_cost": 32.99540739746094, "noise_cost": 33.69360956827143, "n_waypoints_completed": 7, "tot_waypoints": 9}}
{"target": -1558.238701691495, "params": {"k_pid_pos": [1.99642813205719, 0.9921696186065674, 0.10481896996498108], "k_pid_alt": [1.9149763584136963, 0.9720881581306458, 0.0624426007270813], "k_pid_att": [1.893848180770874, 0.22048567235469818, 0.9628445506095886], "k_pid_yaw": [0.5, 1e-06, 0.1], "k_pid_hsp": [10.0, 0.9771308898925781, 0.04824921488761902], "k_pid_vsp": [398.63555908203125, 15.567804336547852, 399.99932861328125]}, "datetime": {"datetime": "2025-08-12 00:38:54", "elapsed": 29614.06083393097, "delta": 29.512084484100342}, "costs": {"total_cost": 1558.238701691495, "time_cost": 150, "final_distance_cost": 16.43186099030094, "oscillation_cost": 68.67246445762427, "completition_cost": 1000.0, "overshoot_cost": 168.00135469889798, "power_cost": 32.100078137207035, "noise_cost": 123.03294340746464, "n_waypoints_completed": 0, "tot_waypoints": 9}}
{"target": -1535.2169195412243, "params": {"k_pid_pos": [1.95777428150177, 0.8969705104827881, 0.05448293685913086], "k_pid_alt": [1.848412275314331, 0.9626769423484802, 0.009702891111373901], "k_pid_att": [99.99996185302734, 0.057207830250263214, 0.9644718170166016], "k_pid_yaw": [0.5, 1e-06, 0.1], "k_pid_hsp": [10.0, 0.9000418186187744, 0.020264744758605957], "k_pid_vsp": [0.7803082466125488, 3.5311946868896484, 399.9949645996094]}, "datetime": {"datetime": "2025-08-12 00:39:24", "elapsed": 29643.893932580948, "delta": 29.833098649978638}, "costs": {"total_cost": 1535.2169195412243, "time_cost": 150, "final_distance_cost": 6.457534895897774, "oscillation_cost": 55.6856444374533, "completition_cost": 1000.0, "overshoot_cost": 164.04978733224146, "power_cost": 23.421318847656252, "noise_cost": 135.60263402797554, "n_waypoints_completed": 0, "tot_waypoints": 9}}
{"target": -1574.6706919930875, "params": {"k_pid_pos": [1.9469976425170898, 0.9214064478874207, 0.06448519229888916], "k_pid_alt": [1.9884566068649292, 0.9423583149909973, 0.03533589839935303], "k_pid_att": [100.0, 4.941704750061035, 0.9614948034286499], "k_pid_yaw": [0.5, 1e-06, 0.1], "k_pid_hsp": [10.0, 0.9981765151023865, 0.058645427227020264], "k_pid_vsp": [0.007259845733642578, 9.184372901916504, 138.76742553710938]}, "datetime": {"datetime": "2025-08-12 00:39:55", "elapsed": 29674.705741882324, "delta": 30.811809301376343}, "costs": {"total_cost": 1574.6706919930875, "time_cost": 150, "final_distance_cost": 8.321773917273513, "oscillation_cost": 83.752112042551, "completition_cost": 1000.0, "overshoot_cost": 165.83669657701859, "power_cost": 30.819988671875002, "noise_cost": 135.94012078436938, "n_waypoints_completed": 0, "tot_waypoints": 9}}
{"target": -1521.3163456531788, "params": {"k_pid_pos": [1.9641737937927246, 0.9863404035568237, 0.012953698635101318], "k_pid_alt": [1.9375336170196533, 0.8952968120574951, 0.010548591613769531], "k_pid_att": [100.0, 0.25553998351097107, 0.994728147983551], "k_pid_yaw": [0.5, 1e-06, 0.1], "k_pid_hsp": [10.0, 0.9779261350631714, 0.020994335412979126], "k_pid_vsp": [399.044189453125, 11.77873706817627, 400.0]}, "datetime": {"datetime": "2025-08-12 00:40:25", "elapsed": 29704.379969358444, "delta": 29.674227476119995}, "costs": {"total_cost": 1521.3163456531788, "time_cost": 150, "final_distance_cost": 13.581474926386704, "oscillation_cost": 65.44556854822095, "completition_cost": 1000.0, "overshoot_cost": 160.98990745898732, "power_cost": 34.60594799804688, "noise_cost": 96.69344672153697, "n_waypoints_completed": 0, "tot_waypoints": 9}}
{"target": -1562.1246590375242, "params": {"k_pid_pos": [1.9048469066619873, 0.981945276260376, 0.016610264778137207], "k_pid_alt": [1.9394733905792236, 0.8842558860778809, 0.012482970952987671], "k_pid_att": [100.0, 1.1681820154190063, 0.8885536193847656], "k_pid_yaw": [0.5, 1e-06, 0.1], "k_pid_hsp": [10.0, 0.845321774482727, 0.03331497311592102], "k_pid_vsp": [178.37136840820312, 16.758039474487305, 399.9992370605469]}, "datetime": {"datetime": "2025-08-12 00:40:55", "elapsed": 29734.594737529755, "delta": 30.214768171310425}, "costs": {"total_cost": 1562.1246590375242, "time_cost": 150, "final_distance_cost": 6.705171707723268, "oscillation_cost": 78.33397366561461, "completition_cost": 1000.0, "overshoot_cost": 165.98196864336168, "power_cost": 33.69921076660157, "noise_cost": 127.40433425422337, "n_waypoints_completed": 0, "tot_waypoints": 9}}
{"target": -1552.6290551502852, "params": {"k_pid_pos": [1.8973904848098755, 0.9505900144577026, 0.04583853483200073], "k_pid_alt": [1.9912593364715576, 0.9249207973480225, 0.04751870036125183], "k_pid_att": [100.0, 0.6523128151893616, 0.9315474629402161], "k_pid_yaw": [0.5, 1e-06, 0.1], "k_pid_hsp": [9.999752044677734, 0.9610101580619812, 0.03771311044692993], "k_pid_vsp": [0.0, 5.007983207702637, 399.9949035644531]}, "datetime": {"datetime": "2025-08-12 00:41:25", "elapsed": 29765.32657814026, "delta": 30.73184061050415}, "costs": {"total_cost": 1552.6290551502852, "time_cost": 150, "final_distance_cost": 4.156460125156451, "oscillation_cost": 72.74528318985188, "completition_cost": 1000.0, "overshoot_cost": 164.32356456686787, "power_cost": 28.007601599121095, "noise_cost": 133.39614566928802, "n_waypoints_completed": 0, "tot_waypoints": 9}}
{"target": -833.30012553784, "params": {"k_pid_pos": [1.8125499486923218, 0.9789496660232544, 0.06573933362960815], "k_pid_alt": [1.8750602006912231, 0.9476805329322815, 0.05324995517730713], "k_pid_att": [100.0, 2.8776044845581055, 0.9905141592025757], "k_pid_yaw": [0.5, 1e-06, 0.1], "k_pid_hsp": [9.999991416931152, 0.9892447590827942, 0.014687389135360718], "k_pid_vsp": [399.9999694824219, 2.7139434814453125, 9.999999974752427e-07]}, "datetime": {"datetime": "2025-08-12 00:41:56", "elapsed": 29796.16760993004, "delta": 30.841031789779663}, "costs": {"total_cost": 833.30012553784, "time_cost": 150, "final_distance_cost": 75.11454718712311, "oscillation_cost": 147.93107239282034, "completition_cost": 333.33333333333337, "overshoot_cost": 61.95828202994706, "power_cost": 30.46603093261719, "noise_cost": 34.496859661998904, "n_waypoints_completed": 6, "tot_waypoints": 9}}
{"target": -1533.8475117827634, "params": {"k_pid_pos": [1.8553708791732788, 0.9675391912460327, 0.11215284466743469], "k_pid_alt": [1.9560948610305786, 0.9281542301177979, 0.020402997732162476], "k_pid_att": [100.0, 0.45306721329689026, 0.979375958442688], "k_pid_yaw": [0.5, 1e-06, 0.1], "k_pid_hsp": [10.0, 0.8470255136489868, 0.015559792518615723], "k_pid_vsp": [59.93461608886719, 8.448053359985352, 399.9316711425781]}, "datetime": {"datetime": "2025-08-12 00:42:27", "elapsed": 29826.656061410904, "delta": 30.48845148086548}, "costs": {"total_cost": 1533.8475117827634, "time_cost": 150, "final_distance_cost": 6.597621579433878, "oscillation_cost": 58.68042236943703, "completition_cost": 1000.0, "overshoot_cost": 164.69876237351914, "power_cost": 31.615717602539064, "noise_cost": 122.25498785783424, "n_waypoints_completed": 0, "tot_waypoints": 9}}
{"target": -1538.9529977252182, "params": {"k_pid_pos": [1.795534372329712, 0.990040123462677, 0.16128671169281006], "k_pid_alt": [1.947150468826294, 0.964658260345459, 0.07009732723236084], "k_pid_att": [99.98486328125, 0.1002654954791069, 0.9397883415222168], "k_pid_yaw": [0.5, 1e-06, 0.1], "k_pid_hsp": [10.0, 0.9868348836898804, 0.010736256837844849], "k_pid_vsp": [0.0, 25.229337692260742, 399.99993896484375]}, "datetime": {"datetime": "2025-08-12 00:42:57", "elapsed": 29856.906896829605, "delta": 30.250835418701172}, "costs": {"total_cost": 1538.9529977252182, "time_cost": 150, "final_distance_cost": 8.481478822275422, "oscillation_cost": 58.65529758453442, "completition_cost": 1000.0, "overshoot_cost": 164.78603863519348, "power_cost": 30.82671453857422, "noise_cost": 126.20346814464077, "n_waypoints_completed": 0, "tot_waypoints": 9}}
{"target": -1564.333810286451, "params": {"k_pid_pos": [1.9949650764465332, 0.9970913529396057, 0.012655377388000488], "k_pid_alt": [1.7246373891830444, 0.9122452735900879, 0.06649702787399292], "k_pid_att": [99.99998474121094, 3.0588576793670654, 0.9869359731674194], "k_pid_yaw": [0.5, 1e-06, 0.1], "k_pid_hsp": [10.0, 0.8996866941452026, 0.022011756896972656], "k_pid_vsp": [0.49344301223754883, 17.206707000732422, 399.0825500488281]}, "datetime": {"datetime": "2025-08-12 00:43:28", "elapsed": 29888.09986805916, "delta": 31.192971229553223}, "costs": {"total_cost": 1564.333810286451, "time_cost": 150, "final_distance_cost": 13.94862597779405, "oscillation_cost": 67.90490852309757, "completition_cost": 1000.0, "overshoot_cost": 165.97763890088515, "power_cost": 32.19869654541016, "noise_cost": 134.30394033926405, "n_waypoints_completed": 0, "tot_waypoints": 9}}
{"target": -738.9859216719065, "params": {"k_pid_pos": [1.6731938123703003, 0.9778575897216797, 0.023971080780029297], "k_pid_alt": [1.9094500541687012, 0.9429266452789307, 0.04202932119369507], "k_pid_att": [100.0, 0.745526134967804, 0.9375028610229492], "k_pid_yaw": [0.5, 1e-06, 0.1], "k_pid_hsp": [9.999860763549805, 0.9945677518844604, 0.19460457563400269], "k_pid_vsp": [399.9955139160156, 76.51598358154297, 1.090646743774414]}, "datetime": {"datetime": "2025-08-12 00:44:00", "elapsed": 29919.897691249847, "delta": 31.797823190689087}, "costs": {"total_cost": 738.9859216719065, "time_cost": 150, "final_distance_cost": 57.45239832833872, "oscillation_cost": 179.19546451851966, "completition_cost": 222.2222222222222, "overshoot_cost": 61.39801032419239, "power_cost": 34.622232128906255, "noise_cost": 34.09559414972731, "n_waypoints_completed": 7, "tot_waypoints": 9}}
{"target": -1557.4423789692862, "params": {"k_pid_pos": [1.8667724132537842, 0.9905784130096436, 0.017005443572998047], "k_pid_alt": [1.954911231994629, 0.8185970187187195, 0.04307287931442261], "k_pid_att": [99.9986801147461, 1.2942379713058472, 0.8775192499160767], "k_pid_yaw": [0.5, 1e-06, 0.1], "k_pid_hsp": [0.0020123959984630346, 0.9676848649978638, 0.07329976558685303], "k_pid_vsp": [0.024783611297607422, 1.1886844635009766, 0.34542185068130493]}, "datetime": {"datetime": "2025-08-12 00:44:36", "elapsed": 29955.998744487762, "delta": 36.10105323791504}, "costs": {"total_cost": 1557.4423789692862, "time_cost": 150, "final_distance_cost": 24.64484921592906, "oscillation_cost": 48.78208052280296, "completition_cost": 1000.0, "overshoot_cost": 176.82034232627245, "power_cost": 14.956193957519533, "noise_cost": 142.23891294676213, "n_waypoints_completed": 0, "tot_waypoints": 9}}
{"target": -1526.630460894888, "params": {"k_pid_pos": [1.8599790334701538, 0.9460752010345459, 0.1306937336921692], "k_pid_alt": [1.8650721311569214, 0.9232770204544067, 0.05574342608451843], "k_pid_att": [100.0, 1.9040056467056274, 0.965671181678772], "k_pid_yaw": [0.5, 1e-06, 0.1], "k_pid_hsp": [10.0, 0.9821449518203735, 0.020891934633255005], "k_pid_vsp": [0.0, 1.2546906471252441, 209.75868225097656]}, "datetime": {"datetime": "2025-08-12 00:45:09", "elapsed": 29988.56542825699, "delta": 32.566683769226074}, "costs": {"total_cost": 1526.630460894888, "time_cost": 150, "final_distance_cost": 4.748717384447181, "oscillation_cost": 54.05507092647137, "completition_cost": 1000.0, "overshoot_cost": 163.9954668453339, "power_cost": 20.724910778808596, "noise_cost": 133.10629495982704, "n_waypoints_completed": 0, "tot_waypoints": 9}}
{"target": -1536.6716177799635, "params": {"k_pid_pos": [1.9734058380126953, 0.9656240940093994, 0.037277430295944214], "k_pid_alt": [1.927722454071045, 0.8673852682113647, 0.04309564828872681], "k_pid_att": [99.99999237060547, 0.8038191795349121, 0.9280192852020264], "k_pid_yaw": [0.5, 1e-06, 0.1], "k_pid_hsp": [10.0, 0.9776678681373596, 0.005348920822143555], "k_pid_vsp": [0.10436773300170898, 16.810752868652344, 9.999999974752427e-07]}, "datetime": {"datetime": "2025-08-12 00:45:40", "elapsed": 30019.935418128967, "delta": 31.36998987197876}, "costs": {"total_cost": 1536.6716177799635, "time_cost": 150, "final_distance_cost": 5.274308219339059, "oscillation_cost": 46.40195326915266, "completition_cost": 1000.0, "overshoot_cost": 164.67741665051796, "power_cost": 26.07462254638672, "noise_cost": 144.24331709456715, "n_waypoints_completed": 0, "tot_waypoints": 9}}
{"target": -1582.3434717873602, "params": {"k_pid_pos": [1.7863030433654785, 0.9146807193756104, 0.05222201347351074], "k_pid_alt": [1.870046854019165, 0.99312424659729, 0.11014586687088013], "k_pid_att": [97.91698455810547, 0.6542496681213379, 0.9885435700416565], "k_pid_yaw": [0.5, 1e-06, 0.1], "k_pid_hsp": [10.0, 0.8841233253479004, 0.10057750344276428], "k_pid_vsp": [0.0005006790161132812, 5.497218132019043, 400.0]}, "datetime": {"datetime": "2025-08-12 00:46:10", "elapsed": 30050.009172677994, "delta": 30.07375454902649}, "costs": {"total_cost": 1582.3434717873602, "time_cost": 150, "final_distance_cost": 14.496000190592481, "oscillation_cost": 87.13283759607054, "completition_cost": 1000.0, "overshoot_cost": 165.948079648358, "power_cost": 27.66913453369141, "noise_cost": 137.0974198186474, "n_waypoints_completed": 0, "tot_waypoints": 9}}
{"target": -1591.1295618045472, "params": {"k_pid_pos": [1.9035758972167969, 0.9829117059707642, 0.06276988983154297], "k_pid_alt": [1.9131388664245605, 0.9165233969688416, 0.12667185068130493], "k_pid_att": [100.0, 0.47208476066589355, 0.9667518138885498], "k_pid_yaw": [0.5, 1e-06, 0.1], "k_pid_hsp": [10.0, 0.9849789142608643, 0.0749746561050415], "k_pid_vsp": [32.110260009765625, 19.94211769104004, 399.99871826171875]}, "datetime": {"datetime": "2025-08-12 00:46:41", "elapsed": 30080.715139627457, "delta": 30.70596694946289}, "costs": {"total_cost": 1591.1295618045472, "time_cost": 150, "final_distance_cost": 13.766774448178879, "oscillation_cost": 98.3566229839854, "completition_cost": 1000.0, "overshoot_cost": 165.8983292908657, "power_cost": 34.65793364257813, "noise_cost": 128.4499014389392, "n_waypoints_completed": 0, "tot_waypoints": 9}}
