{"target": -1246.7828815727114, "params": {"k_pid_pos": [1.9918345212936401, 0.9160614013671875, 0.08995518088340759], "k_pid_alt": [1.9855324029922485, 0.9041805267333984, 0.05197662115097046], "k_pid_att": [100.0, 1.9951279163360596, 0.932829737663269], "k_pid_yaw": [0.5, 1e-06, 0.1], "k_pid_hsp": [9.999588012695312, 0.9412515163421631, 0.044373542070388794], "k_pid_vsp": [399.99432373046875, 5.810190200805664, 399.83740234375]}, "datetime": {"datetime": "2025-08-12 01:26:07", "elapsed": 32446.855659008026, "delta": 31.628976106643677}, "costs": {"total_cost": 1246.7828815727114, "time_cost": 150, "final_distance_cost": 80.62260373793643, "oscillation_cost": 95.99682445680622, "completition_cost": 777.7777777777778, "overshoot_cost": 75.2915263090392, "power_cost": 35.886044750976566, "noise_cost": 31.20810454017483, "n_waypoints_completed": 2, "tot_waypoints": 9}}
{"target": -1554.0115811092546, "params": {"k_pid_pos": [1.9475017786026, 0.9694366455078125, 0.09389269351959229], "k_pid_alt": [1.8732314109802246, 0.9604859352111816, 0.03888729214668274], "k_pid_att": [99.89925384521484, 0.37133902311325073, 0.9861398935317993], "k_pid_yaw": [0.5, 1e-06, 0.1], "k_pid_hsp": [9.999574661254883, 0.9788709878921509, 0.06064966320991516], "k_pid_vsp": [0.33136606216430664, 2.6161084175109863, 13.063372611999512]}, "datetime": {"datetime": "2025-08-12 01:26:38", "elapsed": 32477.77500295639, "delta": 30.919343948364258}, "costs": {"total_cost": 1554.0115811092546, "time_cost": 150, "final_distance_cost": 11.883269429436426, "oscillation_cost": 67.48751995784035, "completition_cost": 1000.0, "overshoot_cost": 165.48632572849652, "power_cost": 18.29293923339844, "noise_cost": 140.86152676008302, "n_waypoints_completed": 0, "tot_waypoints": 9}}
{"target": -1601.632011033739, "params": {"k_pid_pos": [1.8255168199539185, 0.9867313504219055, 0.07602781057357788], "k_pid_alt": [1.9468374252319336, 0.9637056589126587, 0.018853366374969482], "k_pid_att": [100.0, 0.17777371406555176, 0.9297969341278076], "k_pid_yaw": [0.5, 1e-06, 0.1], "k_pid_hsp": [9.999999046325684, 0.9291819334030151, 0.1839580535888672], "k_pid_vsp": [0.0002503395080566406, 15.30974006652832, 399.9999694824219]}, "datetime": {"datetime": "2025-08-12 01:27:09", "elapsed": 32508.97625041008, "delta": 31.201247453689575}, "costs": {"total_cost": 1601.632011033739, "time_cost": 150, "final_distance_cost": 11.610121218239753, "oscillation_cost": 101.05300296517436, "completition_cost": 1000.0, "overshoot_cost": 165.60750532747872, "power_cost": 33.72037126464844, "noise_cost": 139.64101025819772, "n_waypoints_completed": 0, "tot_waypoints": 9}}
{"target": -1533.8356463854275, "params": {"k_pid_pos": [1.9661827087402344, 0.9777647256851196, 0.04882097244262695], "k_pid_alt": [1.9525775909423828, 0.9546561241149902, 0.027875185012817383], "k_pid_att": [100.0, 0.4241178333759308, 0.9441991448402405], "k_pid_yaw": [0.5, 1e-06, 0.1], "k_pid_hsp": [10.0, 0.9852546453475952, 0.016822725534439087], "k_pid_vsp": [1.1920928955078125e-05, 7.404364109039307, 398.3619689941406]}, "datetime": {"datetime": "2025-08-12 01:27:40", "elapsed": 32539.582857370377, "delta": 30.60660696029663}, "costs": {"total_cost": 1533.8356463854275, "time_cost": 150, "final_distance_cost": 6.676117940328508, "oscillation_cost": 53.6286916310471, "completition_cost": 1000.0, "overshoot_cost": 164.39082509527427, "power_cost": 25.111364074707033, "noise_cost": 134.0286476440704, "n_waypoints_completed": 0, "tot_waypoints": 9}}
{"target": -1537.8694762691714, "params": {"k_pid_pos": [1.9566857814788818, 0.9845813512802124, 0.006927788257598877], "k_pid_alt": [1.6625850200653076, 0.9564892053604126, 0.034364670515060425], "k_pid_att": [100.0, 1.2987744808197021, 0.9751901030540466], "k_pid_yaw": [0.5, 1e-06, 0.1], "k_pid_hsp": [9.98674488067627, 0.9530611634254456, 0.002598792314529419], "k_pid_vsp": [0.08786916732788086, 10.232187271118164, 400.0]}, "datetime": {"datetime": "2025-08-12 01:28:12", "elapsed": 32571.668422937393, "delta": 32.0855655670166}, "costs": {"total_cost": 1537.8694762691714, "time_cost": 150, "final_distance_cost": 11.645982401095445, "oscillation_cost": 44.81972694067432, "completition_cost": 1000.0, "overshoot_cost": 165.87821405483666, "power_cost": 23.11549742431641, "noise_cost": 142.41005544824853, "n_waypoints_completed": 0, "tot_waypoints": 9}}
{"target": -1300.1044854576242, "params": {"k_pid_pos": [1.936969518661499, 0.9879921674728394, 0.029702603816986084], "k_pid_alt": [1.3915343284606934, 0.9744482636451721, 0.050863802433013916], "k_pid_att": [100.0, 0.5132801532745361, 0.9809462428092957], "k_pid_yaw": [0.5, 1e-06, 0.1], "k_pid_hsp": [10.0, 0.9950130581855774, 0.01969468593597412], "k_pid_vsp": [399.96240234375, 47.37322235107422, 0.00032286508940160275]}, "datetime": {"datetime": "2025-08-12 01:28:43", "elapsed": 32602.926199674606, "delta": 31.257776737213135}, "costs": {"total_cost": 1300.1044854576242, "time_cost": 150, "final_distance_cost": 59.59527385703588, "oscillation_cost": 96.47692666338632, "completition_cost": 888.8888888888888, "overshoot_cost": 42.130295460602674, "power_cost": 29.156725952148438, "noise_cost": 33.85637463556221, "n_waypoints_completed": 1, "tot_waypoints": 9}}
{"target": -1346.8967534784845, "params": {"k_pid_pos": [1.9421055316925049, 0.9798874258995056, 0.007642209529876709], "k_pid_alt": [1.9164944887161255, 0.929297924041748, 0.023174941539764404], "k_pid_att": [99.9999771118164, 0.6142807006835938, 0.9697587490081787], "k_pid_yaw": [0.5, 1e-06, 0.1], "k_pid_hsp": [10.0, 0.9836204051971436, 0.06794145703315735], "k_pid_vsp": [400.0, 130.7157440185547, 399.99798583984375]}, "datetime": {"datetime": "2025-08-12 01:29:13", "elapsed": 32633.356735944748, "delta": 30.4305362701416}, "costs": {"total_cost": 1346.8967534784845, "time_cost": 150, "final_distance_cost": 72.45066904941677, "oscillation_cost": 118.4623345795099, "completition_cost": 888.8888888888888, "overshoot_cost": 50.1771091961734, "power_cost": 36.10508321533203, "noise_cost": 30.81266854916335, "n_waypoints_completed": 1, "tot_waypoints": 9}}
{"target": -1560.6632218948787, "params": {"k_pid_pos": [1.8930023908615112, 0.8879953026771545, 0.2833316922187805], "k_pid_alt": [1.8525562286376953, 0.8571465015411377, 0.0035389959812164307], "k_pid_att": [100.0, 0.9922212958335876, 0.9886353015899658], "k_pid_yaw": [0.5, 1e-06, 0.1], "k_pid_hsp": [10.0, 0.9918096661567688, 0.01572442054748535], "k_pid_vsp": [1.1390089988708496, 19.886877059936523, 399.9977111816406]}, "datetime": {"datetime": "2025-08-12 01:29:44", "elapsed": 32663.713321208954, "delta": 30.356585264205933}, "costs": {"total_cost": 1560.6632218948787, "time_cost": 150, "final_distance_cost": 6.97918434058636, "oscillation_cost": 82.85716573168739, "completition_cost": 1000.0, "overshoot_cost": 163.57380184842762, "power_cost": 32.55722423095703, "noise_cost": 124.69584574322035, "n_waypoints_completed": 0, "tot_waypoints": 9}}
{"target": -1554.813413861828, "params": {"k_pid_pos": [1.7333894968032837, 0.9825676679611206, 0.01322704553604126], "k_pid_alt": [1.9222586154937744, 0.927406907081604, 0.05790156126022339], "k_pid_att": [100.0, 3.294858455657959, 0.963188886642456], "k_pid_yaw": [0.5, 1e-06, 0.1], "k_pid_hsp": [9.999996185302734, 0.9733178019523621, 0.022948384284973145], "k_pid_vsp": [0.0, 10.594249725341797, 9.999999974752427e-07]}, "datetime": {"datetime": "2025-08-12 01:30:15", "elapsed": 32694.918055057526, "delta": 31.204733848571777}, "costs": {"total_cost": 1554.813413861828, "time_cost": 150, "final_distance_cost": 7.90512943650503, "oscillation_cost": 59.051596042181714, "completition_cost": 1000.0, "overshoot_cost": 166.44512117230457, "power_cost": 21.906783129882815, "noise_cost": 149.50478408095398, "n_waypoints_completed": 0, "tot_waypoints": 9}}
{"target": -1534.0870564993552, "params": {"k_pid_pos": [1.9720866680145264, 0.9857858419418335, 0.011192083358764648], "k_pid_alt": [1.985605239868164, 0.8862527012825012, 0.006052613258361816], "k_pid_att": [99.99971008300781, 0.08119786530733109, 0.9842065572738647], "k_pid_yaw": [0.5, 1e-06, 0.1], "k_pid_hsp": [9.112759590148926, 0.997976541519165, 0.006393790245056152], "k_pid_vsp": [0.0, 6.987095832824707, 399.93218994140625]}, "datetime": {"datetime": "2025-08-12 01:30:46", "elapsed": 32725.512108564377, "delta": 30.594053506851196}, "costs": {"total_cost": 1534.0870564993552, "time_cost": 150, "final_distance_cost": 8.946210568108247, "oscillation_cost": 48.48584935358004, "completition_cost": 1000.0, "overshoot_cost": 165.3230671889643, "power_cost": 21.711999426269532, "noise_cost": 139.61992996243302, "n_waypoints_completed": 0, "tot_waypoints": 9}}
{"target": -1436.3040744653063, "params": {"k_pid_pos": [1.7320250272750854, 0.9620444774627686, 0.041827619075775146], "k_pid_alt": [1.9673047065734863, 0.9789693355560303, 0.011952996253967285], "k_pid_att": [100.0, 2.135462522506714, 0.9849653244018555], "k_pid_yaw": [0.5, 1e-06, 0.1], "k_pid_hsp": [10.0, 0.9291079044342041, 0.022013068199157715], "k_pid_vsp": [399.99993896484375, 49.01099395751953, 400.0]}, "datetime": {"datetime": "2025-08-12 01:31:18", "elapsed": 32757.66082906723, "delta": 32.148720502853394}, "costs": {"total_cost": 1436.3040744653063, "time_cost": 150, "final_distance_cost": 5.709087757913129, "oscillation_cost": 67.69736897508626, "completition_cost": 1000.0, "overshoot_cost": 143.68097264042356, "power_cost": 34.97367528076172, "noise_cost": 34.242969811121526, "n_waypoints_completed": 0, "tot_waypoints": 9}}
{"target": -1534.2124990014545, "params": {"k_pid_pos": [1.9925421476364136, 0.9757671356201172, 0.2668191194534302], "k_pid_alt": [1.917049765586853, 0.904732346534729, 0.04177883267402649], "k_pid_att": [100.0, 0.6652954816818237, 0.9905322194099426], "k_pid_yaw": [0.5, 1e-06, 0.1], "k_pid_hsp": [9.988689422607422, 0.9577243328094482, 0.00549808144569397], "k_pid_vsp": [0.0, 30.855609893798828, 398.5852355957031]}, "datetime": {"datetime": "2025-08-12 01:31:49", "elapsed": 32788.47599244118, "delta": 30.815163373947144}, "costs": {"total_cost": 1534.2124990014545, "time_cost": 150, "final_distance_cost": 8.71399756386936, "oscillation_cost": 55.98656085218547, "completition_cost": 1000.0, "overshoot_cost": 164.32097391671022, "power_cost": 29.88341641845703, "noise_cost": 125.30755025023255, "n_waypoints_completed": 0, "tot_waypoints": 9}}
{"target": -1575.1036593825522, "params": {"k_pid_pos": [1.9354978799819946, 0.8454462289810181, 0.019310086965560913], "k_pid_alt": [1.986070156097412, 0.9886431694030762, 0.06826967000961304], "k_pid_att": [100.0, 0.5530676245689392, 0.9971660375595093], "k_pid_yaw": [0.5, 1e-06, 0.1], "k_pid_hsp": [9.948143005371094, 0.9887092709541321, 0.08988893032073975], "k_pid_vsp": [0.0, 1.66603422164917, 392.1441955566406]}, "datetime": {"datetime": "2025-08-12 01:32:19", "elapsed": 32819.275787591934, "delta": 30.799795150756836}, "costs": {"total_cost": 1575.1036593825522, "time_cost": 150, "final_distance_cost": 12.966777227916712, "oscillation_cost": 84.77562545173198, "completition_cost": 1000.0, "overshoot_cost": 165.64820683394953, "power_cost": 28.073579992675782, "noise_cost": 133.6394698762784, "n_waypoints_completed": 0, "tot_waypoints": 9}}
{"target": -1580.234815288122, "params": {"k_pid_pos": [1.7358052730560303, 0.9612144827842712, 0.0014359056949615479], "k_pid_alt": [1.110424518585205, 0.9905850887298584, 0.01411929726600647], "k_pid_att": [91.80162811279297, 0.4813770353794098, 0.9628527164459229], "k_pid_yaw": [0.5, 1e-06, 0.1], "k_pid_hsp": [10.0, 0.9926405549049377, 0.06758010387420654], "k_pid_vsp": [76.61664581298828, 5.4092535972595215, 397.76898193359375]}, "datetime": {"datetime": "2025-08-12 01:32:50", "elapsed": 32850.144966602325, "delta": 30.869179010391235}, "costs": {"total_cost": 1580.234815288122, "time_cost": 150, "final_distance_cost": 7.025165619238474, "oscillation_cost": 94.17679220319341, "completition_cost": 1000.0, "overshoot_cost": 165.98734784978922, "power_cost": 34.67927934570313, "noise_cost": 128.36623027019772, "n_waypoints_completed": 0, "tot_waypoints": 9}}
{"target": -1581.3202086164888, "params": {"k_pid_pos": [1.984947919845581, 0.9363948106765747, 0.022485345602035522], "k_pid_alt": [1.9555357694625854, 0.9243302345275879, 0.05150789022445679], "k_pid_att": [100.0, 0.39162465929985046, 0.9595576524734497], "k_pid_yaw": [0.5, 1e-06, 0.1], "k_pid_hsp": [10.0, 0.9381811618804932, 0.07887864112854004], "k_pid_vsp": [1.1920928955078125e-05, 17.00193977355957, 163.8817138671875]}, "datetime": {"datetime": "2025-08-12 01:33:21", "elapsed": 32881.37070655823, "delta": 31.2257399559021}, "costs": {"total_cost": 1581.3202086164888, "time_cost": 150, "final_distance_cost": 3.06469672473346, "oscillation_cost": 91.56772255014626, "completition_cost": 1000.0, "overshoot_cost": 165.86126093557803, "power_cost": 34.626294873046874, "noise_cost": 136.2002335329842, "n_waypoints_completed": 0, "tot_waypoints": 9}}
{"target": -1524.0830601695523, "params": {"k_pid_pos": [1.8984345197677612, 0.9498971700668335, 0.02822411060333252], "k_pid_alt": [1.9961979389190674, 0.9827587604522705, 0.15665361285209656], "k_pid_att": [100.0, 0.669805109500885, 0.9229011535644531], "k_pid_yaw": [0.5, 1e-06, 0.1], "k_pid_hsp": [10.0, 0.9725725650787354, 0.012371748685836792], "k_pid_vsp": [0.028645992279052734, 2.1258602142333984, 399.995849609375]}, "datetime": {"datetime": "2025-08-12 01:33:54", "elapsed": 32913.501537323, "delta": 32.13083076477051}, "costs": {"total_cost": 1524.0830601695523, "time_cost": 150, "final_distance_cost": 5.376962994049273, "oscillation_cost": 49.730805884542654, "completition_cost": 1000.0, "overshoot_cost": 164.34286291136385, "power_cost": 19.799447814941406, "noise_cost": 134.83298056465497, "n_waypoints_completed": 0, "tot_waypoints": 9}}
{"target": -1253.8068861519814, "params": {"k_pid_pos": [1.7868105173110962, 0.7394605875015259, 0.012560486793518066], "k_pid_alt": [1.980688214302063, 0.9743190407752991, 0.0478380024433136], "k_pid_att": [100.0, 0.3436663746833801, 0.9814651012420654], "k_pid_yaw": [0.5, 1e-06, 0.1], "k_pid_hsp": [10.0, 0.9594240188598633, 0.0739729106426239], "k_pid_vsp": [400.0, 1.3628253936767578, 399.9942321777344]}, "datetime": {"datetime": "2025-08-12 01:34:25", "elapsed": 32944.75527906418, "delta": 31.25374174118042}, "costs": {"total_cost": 1253.8068861519814, "time_cost": 150, "final_distance_cost": 79.81239684285075, "oscillation_cost": 107.635479723957, "completition_cost": 777.7777777777778, "overshoot_cost": 70.79703315640388, "power_cost": 36.35816568603516, "noise_cost": 31.42603296495697, "n_waypoints_completed": 2, "tot_waypoints": 9}}
{"target": -1574.7038340210793, "params": {"k_pid_pos": [1.9391722679138184, 0.9716842174530029, 0.04150360822677612], "k_pid_alt": [1.9550175666809082, 0.8554544448852539, 0.04495590925216675], "k_pid_att": [99.99998474121094, 0.31019750237464905, 0.9761993885040283], "k_pid_yaw": [0.5, 1e-06, 0.1], "k_pid_hsp": [9.999998092651367, 0.9744840860366821, 0.036098092794418335], "k_pid_vsp": [258.8783264160156, 18.329896926879883, 399.986572265625]}, "datetime": {"datetime": "2025-08-12 01:34:56", "elapsed": 32975.737787008286, "delta": 30.982507944107056}, "costs": {"total_cost": 1574.7038340210793, "time_cost": 150, "final_distance_cost": 13.385285219880506, "oscillation_cost": 82.19004176374504, "completition_cost": 1000.0, "overshoot_cost": 165.9055271015058, "power_cost": 34.22184803466797, "noise_cost": 129.00113190127985, "n_waypoints_completed": 0, "tot_waypoints": 9}}
{"target": -1389.6967599129455, "params": {"k_pid_pos": [1.9697717428207397, 0.990645170211792, 0.036896467208862305], "k_pid_alt": [1.9623503684997559, 0.9044661521911621, 0.009777158498764038], "k_pid_att": [99.99929809570312, 1.115173101425171, 0.9746084213256836], "k_pid_yaw": [0.5, 1e-06, 0.1], "k_pid_hsp": [10.0, 0.9976793527603149, 0.15260833501815796], "k_pid_vsp": [388.9487609863281, 14.298726081848145, 400.0]}, "datetime": {"datetime": "2025-08-12 01:35:32", "elapsed": 33012.28708076477, "delta": 36.549293756484985}, "costs": {"total_cost": 1389.6967599129455, "time_cost": 150, "final_distance_cost": 69.69089332594504, "oscillation_cost": 133.15898364698754, "completition_cost": 888.8888888888888, "overshoot_cost": 79.06684735511868, "power_cost": 36.619343200683595, "noise_cost": 32.271803495322025, "n_waypoints_completed": 1, "tot_waypoints": 9}}
{"target": -1423.2309441489858, "params": {"k_pid_pos": [1.897013783454895, 0.9686414003372192, 0.05882546305656433], "k_pid_alt": [1.9333577156066895, 0.9581482410430908, 0.03935179114341736], "k_pid_att": [100.0, 4.856937408447266, 0.9291144609451294], "k_pid_yaw": [0.5, 1e-06, 0.1], "k_pid_hsp": [9.999357223510742, 0.9491672515869141, 0.023382902145385742], "k_pid_vsp": [0.0, 62.73841857910156, 2.9883155822753906]}, "datetime": {"datetime": "2025-08-12 01:36:07", "elapsed": 33046.76658034325, "delta": 34.47949957847595}, "costs": {"total_cost": 1423.2309441489858, "time_cost": 150, "final_distance_cost": 41.46973376696907, "oscillation_cost": 123.923464310276, "completition_cost": 1000.0, "overshoot_cost": 43.83838635034294, "power_cost": 34.53249739990235, "noise_cost": 29.466862321495608, "n_waypoints_completed": 0, "tot_waypoints": 9}}
{"target": -1416.901229989052, "params": {"k_pid_pos": [1.9843062162399292, 0.9601395130157471, 0.029235392808914185], "k_pid_alt": [1.829321265220642, 0.9991722106933594, 0.11167553067207336], "k_pid_att": [99.99996185302734, 1.2329155206680298, 0.860691487789154], "k_pid_yaw": [0.5, 1e-06, 0.1], "k_pid_hsp": [10.0, 0.8862688541412354, 0.05238249897956848], "k_pid_vsp": [398.76556396484375, 22.59986686706543, 400.0]}, "datetime": {"datetime": "2025-08-12 01:36:37", "elapsed": 33077.36471629143, "delta": 30.598135948181152}, "costs": {"total_cost": 1416.901229989052, "time_cost": 150, "final_distance_cost": 46.139281459017276, "oscillation_cost": 91.19615098298326, "completition_cost": 1000.0, "overshoot_cost": 61.90538635060525, "power_cost": 36.138558117675785, "noise_cost": 31.521853078770086, "n_waypoints_completed": 0, "tot_waypoints": 9}}
{"target": -1528.8471175035359, "params": {"k_pid_pos": [1.9759526252746582, 0.9371752738952637, 0.025246888399124146], "k_pid_alt": [1.92783784866333, 0.966698169708252, 0.05020180344581604], "k_pid_att": [99.99996185302734, 0.902113676071167, 0.9450070858001709], "k_pid_yaw": [0.5, 1e-06, 0.1], "k_pid_hsp": [9.999991416931152, 0.9650430083274841, 0.014351904392242432], "k_pid_vsp": [0.0, 6.858778953552246, 400.0]}, "datetime": {"datetime": "2025-08-12 01:37:08", "elapsed": 33108.371423244476, "delta": 31.006706953048706}, "costs": {"total_cost": 1528.8471175035359, "time_cost": 150, "final_distance_cost": 2.57072039820386, "oscillation_cost": 52.01543077230782, "completition_cost": 1000.0, "overshoot_cost": 164.43906827853948, "power_cost": 22.975637768554687, "noise_cost": 136.84626028593024, "n_waypoints_completed": 0, "tot_waypoints": 9}}
{"target": -1569.8315198401492, "params": {"k_pid_pos": [1.9270721673965454, 0.9020305871963501, 0.017011642456054688], "k_pid_alt": [1.6671912670135498, 0.8069837689399719, 0.020092397928237915], "k_pid_att": [19.09608268737793, 0.5499607920646667, 0.9629194736480713], "k_pid_yaw": [0.5, 1e-06, 0.1], "k_pid_hsp": [10.0, 0.9406471252441406, 0.17614519596099854], "k_pid_vsp": [0.0, 7.23396635055542, 400.0]}, "datetime": {"datetime": "2025-08-12 01:37:39", "elapsed": 33139.32095122337, "delta": 30.949527978897095}, "costs": {"total_cost": 1569.8315198401492, "time_cost": 150, "final_distance_cost": 8.607797931461707, "oscillation_cost": 78.98271345794012, "completition_cost": 1000.0, "overshoot_cost": 166.88645167260543, "power_cost": 22.26689776611328, "noise_cost": 143.08765901202847, "n_waypoints_completed": 0, "tot_waypoints": 9}}
{"target": -1829.1876650263068, "params": {"k_pid_pos": [1.8986191749572754, 0.9890055656433105, 0.034409940242767334], "k_pid_alt": [1.5960404872894287, 0.988766074180603, 0.029206395149230957], "k_pid_att": [0.6517648696899414, 3.4228668212890625, 0.9888715744018555], "k_pid_yaw": [0.5, 1e-06, 0.1], "k_pid_hsp": [10.0, 0.980405867099762, 0.04759770631790161], "k_pid_vsp": [3.4329891204833984, 10.954428672790527, 400.0]}, "datetime": {"datetime": "2025-08-12 01:38:11", "elapsed": 33170.68826198578, "delta": 31.367310762405396}, "costs": {"total_cost": 1829.1876650263068, "time_cost": 150, "final_distance_cost": 15.08891934212252, "oscillation_cost": 306.8998219944733, "completition_cost": 1000.0, "overshoot_cost": 170.02305871005032, "power_cost": 31.960585278320313, "noise_cost": 155.21527970134034, "n_waypoints_completed": 0, "tot_waypoints": 9}}
{"target": -815.7022094490869, "params": {"k_pid_pos": [1.9216885566711426, 0.9649969339370728, 0.048232197761535645], "k_pid_alt": [1.8970140218734741, 0.9534692168235779, 0.13948732614517212], "k_pid_att": [100.0, 0.5936374068260193, 0.816693127155304], "k_pid_yaw": [0.5, 1e-06, 0.1], "k_pid_hsp": [10.0, 0.892478883266449, 0.015607625246047974], "k_pid_vsp": [400.0, 1.118398666381836, 189.650634765625]}, "datetime": {"datetime": "2025-08-12 01:38:42", "elapsed": 33201.41939806938, "delta": 30.731136083602905}, "costs": {"total_cost": 815.7022094490869, "time_cost": 150, "final_distance_cost": 76.4677836583263, "oscillation_cost": 120.97341286832396, "completition_cost": 333.33333333333337, "overshoot_cost": 71.27845600931681, "power_cost": 34.00819189453125, "noise_cost": 29.641031685255125, "n_waypoints_completed": 6, "tot_waypoints": 9}}
