{"target": -29343.562500589713, "params": {"k_pid_pos": [1.0766850709915161, 0.7412081956863403, 0.6595631241798401], "k_pid_alt": [1.0451987981796265, 0.4492942690849304, 0.3997819721698761], "k_pid_att": [0.0, 2.620786666870117, 0.03381401300430298], "k_pid_yaw": [0.5, 1e-06, 0.1], "k_pid_hsp": [9.999999747378752e-05, 0.4757375121116638, 0.9665279388427734], "k_pid_vsp": [400.0, 32.444644927978516, 399.9981384277344]}, "datetime": {"datetime": "2025-08-11 17:36:58", "elapsed": 4298.325137615204, "delta": 30.065017461776733}, "costs": {"total_cost": 29343.562500589713, "time_cost": 150, "final_distance_cost": 8441.924975674969, "oscillation_cost": 1789.4623715694895, "completition_cost": 1000.0, "overshoot_cost": 17755.407967219333, "power_cost": 57.98116904296875, "noise_cost": 148.78601708295412, "n_waypoints_completed": 0, "tot_waypoints": 9}}
{"target": -988.2996521880864, "params": {"k_pid_pos": [0.39430132508277893, 0.1733771562576294, 0.779303789138794], "k_pid_alt": [1.4211028814315796, 0.35787802934646606, 0.6784957647323608], "k_pid_att": [96.82322692871094, 5.451682090759277, 0.08355489373207092], "k_pid_yaw": [0.5, 1e-06, 0.1], "k_pid_hsp": [9.999336242675781, 0.8353912830352783, 0.8357224464416504], "k_pid_vsp": [0.0006318092346191406, 163.96774291992188, 0.4403243660926819]}, "datetime": {"datetime": "2025-08-11 17:37:28", "elapsed": 4327.706427574158, "delta": 29.381289958953857}, "costs": {"total_cost": 988.2996521880864, "time_cost": 150, "final_distance_cost": 65.53920694854395, "oscillation_cost": 435.98788805062503, "completition_cost": 222.2222222222222, "overshoot_cost": 50.281165338014056, "power_cost": 37.59281173095703, "noise_cost": 26.676357897724166, "n_waypoints_completed": 7, "tot_waypoints": 9}}
{"target": -17427.08520873465, "params": {"k_pid_pos": [0.7405804991722107, 0.6526625156402588, 0.3768492639064789], "k_pid_alt": [1.274693250656128, 0.16961658000946045, 0.3476303815841675], "k_pid_att": [0.009310245513916016, 2.9911534786224365, 0.8327334523200989], "k_pid_yaw": [0.5, 1e-06, 0.1], "k_pid_hsp": [9.999999747378752e-05, 0.993335485458374, 0.7333275079727173], "k_pid_vsp": [29.580867767333984, 318.4457702636719, 0.05759100615978241]}, "datetime": {"datetime": "2025-08-11 17:37:59", "elapsed": 4358.6929359436035, "delta": 30.9865083694458}, "costs": {"total_cost": 17427.08520873465, "time_cost": 150, "final_distance_cost": 5003.5500115465065, "oscillation_cost": 472.64974338062916, "completition_cost": 1000.0, "overshoot_cost": 10592.888097424091, "power_cost": 59.128160217285156, "noise_cost": 148.86919616613733, "n_waypoints_completed": 0, "tot_waypoints": 9}}
{"target": -1952.5735273792995, "params": {"k_pid_pos": [0.8552199602127075, 0.16693615913391113, 0.30988118052482605], "k_pid_alt": [0.774361789226532, 0.7074777483940125, 0.6826859712600708], "k_pid_att": [0.5976051092147827, 1.9074915647506714, 0.9214082956314087], "k_pid_yaw": [0.5, 1e-06, 0.1], "k_pid_hsp": [0.00023470513406209648, 0.07382550835609436, 0.15445339679718018], "k_pid_vsp": [1.2552618980407715, 344.12127685546875, 367.64288330078125]}, "datetime": {"datetime": "2025-08-11 17:38:29", "elapsed": 4388.496221542358, "delta": 29.803285598754883}, "costs": {"total_cost": 1952.5735273792995, "time_cost": 150, "final_distance_cost": 157.37168368957987, "oscillation_cost": 229.08487767890549, "completition_cost": 1000.0, "overshoot_cost": 274.0717693633113, "power_cost": 44.64337312011719, "noise_cost": 97.40182352738539, "n_waypoints_completed": 0, "tot_waypoints": 9}}
{"target": -1932.4002972908702, "params": {"k_pid_pos": [0.43479031324386597, 0.3609277009963989, 0.40233558416366577], "k_pid_alt": [0.06529951095581055, 0.9940390586853027, 0.8419650197029114], "k_pid_att": [72.63639831542969, 9.09241771697998, 0.331182599067688], "k_pid_yaw": [0.5, 1e-06, 0.1], "k_pid_hsp": [10.0, 0.022706419229507446, 0.6828321814537048], "k_pid_vsp": [399.9991455078125, 169.9674835205078, 3.3728013038635254]}, "datetime": {"datetime": "2025-08-11 17:38:58", "elapsed": 4418.130191326141, "delta": 29.63396978378296}, "costs": {"total_cost": 1932.4002972908702, "time_cost": 150, "final_distance_cost": 77.6554509308652, "oscillation_cost": 708.1393190562407, "completition_cost": 888.8888888888888, "overshoot_cost": 43.96002719119075, "power_cost": 34.39005574951172, "noise_cost": 29.36655547417299, "n_waypoints_completed": 1, "tot_waypoints": 9}}
{"target": -2317.5469354155643, "params": {"k_pid_pos": [0.5865159034729004, 0.20652130246162415, 0.849489152431488], "k_pid_alt": [1.8040437698364258, 0.04900580644607544, 0.09484612941741943], "k_pid_att": [0.47974884510040283, 3.5692331790924072, 0.5468223094940186], "k_pid_yaw": [0.5, 1e-06, 0.1], "k_pid_hsp": [0.11422506719827652, 0.02660307288169861, 0.08600634336471558], "k_pid_vsp": [0.0007152557373046875, 251.67977905273438, 13.95020580291748]}, "datetime": {"datetime": "2025-08-11 17:39:28", "elapsed": 4447.7969186306, "delta": 29.666727304458618}, "costs": {"total_cost": 2317.5469354155643, "time_cost": 150, "final_distance_cost": 104.6470193555483, "oscillation_cost": 602.6374488561931, "completition_cost": 1000.0, "overshoot_cost": 254.71830033989215, "power_cost": 58.30505465087891, "noise_cost": 147.23911221305175, "n_waypoints_completed": 0, "tot_waypoints": 9}}
{"target": -1195.6748220419574, "params": {"k_pid_pos": [0.5796571969985962, 0.6502446532249451, 0.555122435092926], "k_pid_alt": [1.6818640232086182, 0.15146416425704956, 0.005395174026489258], "k_pid_att": [99.72611999511719, 2.9943032264709473, 0.11181005835533142], "k_pid_yaw": [0.5, 1e-06, 0.1], "k_pid_hsp": [8.579758644104004, 0.8574607968330383, 0.9395220875740051], "k_pid_vsp": [399.9973449707031, 67.7529067993164, 395.4971008300781]}, "datetime": {"datetime": "2025-08-11 17:39:57", "elapsed": 4477.21511721611, "delta": 29.418198585510254}, "costs": {"total_cost": 1195.6748220419574, "time_cost": 150, "final_distance_cost": 63.7032682496591, "oscillation_cost": 533.3227339862349, "completition_cost": 333.33333333333337, "overshoot_cost": 50.48610608833341, "power_cost": 36.18255628662109, "noise_cost": 28.6468240977756, "n_waypoints_completed": 6, "tot_waypoints": 9}}
{"target": -1843.853539061803, "params": {"k_pid_pos": [1.8137528896331787, 0.5472328066825867, 0.8964837789535522], "k_pid_alt": [0.8006716966629028, 0.9875818490982056, 0.20509421825408936], "k_pid_att": [92.498291015625, 0.7251993417739868, 0.7387228608131409], "k_pid_yaw": [0.5, 1e-06, 0.1], "k_pid_hsp": [0.00011162278678966686, 0.10237833857536316, 0.48629406094551086], "k_pid_vsp": [400.0, 357.88897705078125, 137.93577575683594]}, "datetime": {"datetime": "2025-08-11 17:40:27", "elapsed": 4506.634736537933, "delta": 29.41961932182312}, "costs": {"total_cost": 1843.853539061803, "time_cost": 150, "final_distance_cost": 73.97341693444373, "oscillation_cost": 714.7247597733985, "completition_cost": 777.7777777777778, "overshoot_cost": 64.85112140278612, "power_cost": 35.31189055175781, "noise_cost": 27.214572621638947, "n_waypoints_completed": 2, "tot_waypoints": 9}}
{"target": -2290.537788369361, "params": {"k_pid_pos": [1.4408642053604126, 0.15628516674041748, 0.6349210739135742], "k_pid_alt": [0.5778242349624634, 0.8113274574279785, 0.43325507640838623], "k_pid_att": [100.0, 3.7760708332061768, 0.2756500244140625], "k_pid_yaw": [0.5, 1e-06, 0.1], "k_pid_hsp": [0.0010673736687749624, 0.23105281591415405, 0.7271850109100342], "k_pid_vsp": [0.0, 166.6919403076172, 399.9898681640625]}, "datetime": {"datetime": "2025-08-11 17:40:56", "elapsed": 4535.91144657135, "delta": 29.276710033416748}, "costs": {"total_cost": 2290.537788369361, "time_cost": 150, "final_distance_cost": 98.90630600545595, "oscillation_cost": 844.6650774199233, "completition_cost": 1000.0, "overshoot_cost": 132.03842616788373, "power_cost": 36.1454416381836, "noise_cost": 28.782537137914684, "n_waypoints_completed": 0, "tot_waypoints": 9}}
{"target": -14355.719435147816, "params": {"k_pid_pos": [1.047633409500122, 0.6085489392280579, 0.2448660135269165], "k_pid_alt": [0.32187438011169434, 0.9750299453735352, 0.16464024782180786], "k_pid_att": [0.0, 9.841920852661133, 0.8726993203163147], "k_pid_yaw": [0.5, 1e-06, 0.1], "k_pid_hsp": [9.689309120178223, 0.017594128847122192, 0.38366949558258057], "k_pid_vsp": [399.8621826171875, 368.728271484375, 399.99993896484375]}, "datetime": {"datetime": "2025-08-11 17:41:27", "elapsed": 4566.5023624897, "delta": 30.59091591835022}, "costs": {"total_cost": 14355.719435147816, "time_cost": 150, "final_distance_cost": 3456.851359823504, "oscillation_cost": 983.6298465402898, "completition_cost": 1000.0, "overshoot_cost": 8537.863181160714, "power_cost": 56.78350269775391, "noise_cost": 170.5915449255559, "n_waypoints_completed": 0, "tot_waypoints": 9}}
{"target": -2733.103229652419, "params": {"k_pid_pos": [0.6972506642341614, 0.47257620096206665, 0.6955872774124146], "k_pid_alt": [1.0905685424804688, 0.7872025966644287, 0.016412585973739624], "k_pid_att": [99.99658203125, 4.713022708892822, 0.3741614818572998], "k_pid_yaw": [0.5, 1e-06, 0.1], "k_pid_hsp": [9.997220993041992, 0.14834636449813843, 0.6763292551040649], "k_pid_vsp": [0.0, 132.36756896972656, 399.9983215332031]}, "datetime": {"datetime": "2025-08-11 17:41:57", "elapsed": 4596.503884315491, "delta": 30.001521825790405}, "costs": {"total_cost": 2733.103229652419, "time_cost": 150, "final_distance_cost": 377.76649140892926, "oscillation_cost": 746.4065090976623, "completition_cost": 888.8888888888888, "overshoot_cost": 502.9357648898299, "power_cost": 37.20075874023438, "noise_cost": 29.904816626874275, "n_waypoints_completed": 1, "tot_waypoints": 9}}
{"target": -11737.325336216009, "params": {"k_pid_pos": [0.6485373377799988, 0.4947583079338074, 0.1516374945640564], "k_pid_alt": [0.4710385203361511, 0.42046332359313965, 0.17981812357902527], "k_pid_att": [0.00018775463104248047, 3.4516472816467285, 0.9755557775497437], "k_pid_yaw": [0.5, 1e-06, 0.1], "k_pid_hsp": [9.997943878173828, 0.2870097756385803, 0.4454077184200287], "k_pid_vsp": [5.9604644775390625e-05, 204.588623046875, 399.9999694824219]}, "datetime": {"datetime": "2025-08-11 17:42:26", "elapsed": 4625.935092926025, "delta": 29.431208610534668}, "costs": {"total_cost": 11737.325336216009, "time_cost": 150, "final_distance_cost": 3291.768140637083, "oscillation_cost": 1854.5355133725075, "completition_cost": 1000.0, "overshoot_cost": 5239.015203847166, "power_cost": 53.62906805419922, "noise_cost": 148.3774103050525, "n_waypoints_completed": 0, "tot_waypoints": 9}}
{"target": -3253.8646236549293, "params": {"k_pid_pos": [1.820601463317871, 0.15672069787979126, 0.762310266494751], "k_pid_alt": [1.953527808189392, 0.026156187057495117, 0.9319770336151123], "k_pid_att": [0.30711591243743896, 2.75886607170105, 0.0970337986946106], "k_pid_yaw": [0.5, 1e-06, 0.1], "k_pid_hsp": [10.0, 0.2634618878364563, 0.25938358902931213], "k_pid_vsp": [399.8019714355469, 234.28216552734375, 399.9022521972656]}, "datetime": {"datetime": "2025-08-11 17:42:57", "elapsed": 4656.632870435715, "delta": 30.69777750968933}, "costs": {"total_cost": 3253.8646236549293, "time_cost": 150, "final_distance_cost": 307.05468243822367, "oscillation_cost": 1086.5969377326435, "completition_cost": 1000.0, "overshoot_cost": 489.1449081100227, "power_cost": 56.70537153320313, "noise_cost": 164.36272384083642, "n_waypoints_completed": 0, "tot_waypoints": 9}}
{"target": -1219.8011262506632, "params": {"k_pid_pos": [0.052487362176179886, 0.6821261644363403, 0.4614969789981842], "k_pid_alt": [1.679603099822998, 0.3377828598022461, 0.9876971244812012], "k_pid_att": [11.250268936157227, 6.0781569480896, 0.9167172312736511], "k_pid_yaw": [0.5, 1e-06, 0.1], "k_pid_hsp": [9.739895820617676, 0.24087664484977722, 0.6281020045280457], "k_pid_vsp": [0.0, 23.178436279296875, 0.0010858045425266027]}, "datetime": {"datetime": "2025-08-11 17:43:27", "elapsed": 4686.795808553696, "delta": 30.162938117980957}, "costs": {"total_cost": 1219.8011262506632, "time_cost": 150, "final_distance_cost": 54.40042970668627, "oscillation_cost": 227.54407580825338, "completition_cost": 666.6666666666667, "overshoot_cost": 59.50448191314342, "power_cost": 27.24636219482422, "noise_cost": 34.439109961088874, "n_waypoints_completed": 3, "tot_waypoints": 9}}
{"target": -20813.00884056624, "params": {"k_pid_pos": [0.15535417199134827, 0.8903515338897705, 0.9770380258560181], "k_pid_alt": [1.4230271577835083, 0.4807913601398468, 0.6237620115280151], "k_pid_att": [0.0, 1.138634204864502, 0.3039577007293701], "k_pid_yaw": [0.5, 1e-06, 0.1], "k_pid_hsp": [9.91008472442627, 0.38633453845977783, 0.42002618312835693], "k_pid_vsp": [399.7271728515625, 112.97513580322266, 9.999999974752427e-07]}, "datetime": {"datetime": "2025-08-11 17:43:57", "elapsed": 4716.933665037155, "delta": 30.137856483459473}, "costs": {"total_cost": 20813.00884056624, "time_cost": 150, "final_distance_cost": 5548.982263491431, "oscillation_cost": 2453.5618470286613, "completition_cost": 1000.0, "overshoot_cost": 11432.619644845909, "power_cost": 57.54924753417969, "noise_cost": 170.2958376660604, "n_waypoints_completed": 0, "tot_waypoints": 9}}
{"target": -1855.252573652645, "params": {"k_pid_pos": [1.0233428478240967, 0.5024594068527222, 0.35690930485725403], "k_pid_alt": [0.810406506061554, 0.06416720151901245, 0.07524973154067993], "k_pid_att": [99.993896484375, 1.3604575395584106, 0.013464689254760742], "k_pid_yaw": [0.5, 1e-06, 0.1], "k_pid_hsp": [0.00032530329190194607, 0.7828285098075867, 0.6616400480270386], "k_pid_vsp": [1.1920928955078125e-05, 306.418212890625, 8.613980293273926]}, "datetime": {"datetime": "2025-08-11 17:44:27", "elapsed": 4747.371554136276, "delta": 30.437889099121094}, "costs": {"total_cost": 1855.252573652645, "time_cost": 150, "final_distance_cost": 59.04816601950057, "oscillation_cost": 447.8406039411117, "completition_cost": 888.8888888888888, "overshoot_cost": 246.56873337987628, "power_cost": 37.65544964599609, "noise_cost": 25.250731777271454, "n_waypoints_completed": 1, "tot_waypoints": 9}}
{"target": -2080.4695634501495, "params": {"k_pid_pos": [1.0337507724761963, 0.12597405910491943, 0.5789903402328491], "k_pid_alt": [0.7041234970092773, 0.3639899790287018, 0.9029214382171631], "k_pid_att": [99.99998474121094, 6.604919910430908, 0.903497576713562], "k_pid_yaw": [0.5, 1e-06, 0.1], "k_pid_hsp": [0.0011713827261701226, 0.2205466628074646, 0.9688255190849304], "k_pid_vsp": [0.0, 320.7821960449219, 399.9949035644531]}, "datetime": {"datetime": "2025-08-11 17:44:58", "elapsed": 4777.4980499744415, "delta": 30.126495838165283}, "costs": {"total_cost": 2080.4695634501495, "time_cost": 150, "final_distance_cost": 67.35384761834878, "oscillation_cost": 744.298429334061, "completition_cost": 1000.0, "overshoot_cost": 56.42665885256163, "power_cost": 34.41539421386719, "noise_cost": 27.975233431311096, "n_waypoints_completed": 0, "tot_waypoints": 9}}
{"target": -3391.694893738639, "params": {"k_pid_pos": [1.6746171712875366, 0.8088572025299072, 0.9693500399589539], "k_pid_alt": [0.13031792640686035, 0.0072241127490997314, 0.01886051893234253], "k_pid_att": [92.42212677001953, 1.8447993993759155, 0.45609354972839355], "k_pid_yaw": [0.5, 1e-06, 0.1], "k_pid_hsp": [9.999995231628418, 0.382392942905426, 0.045112550258636475], "k_pid_vsp": [0.12831687927246094, 20.87822151184082, 399.99517822265625]}, "datetime": {"datetime": "2025-08-11 17:45:27", "elapsed": 4807.371436357498, "delta": 29.87338638305664}, "costs": {"total_cost": 3391.694893738639, "time_cost": 150, "final_distance_cost": 563.3673576563118, "oscillation_cost": 767.473528033087, "completition_cost": 888.8888888888888, "overshoot_cost": 950.8206398261116, "power_cost": 38.35738017578125, "noise_cost": 32.78709915845916, "n_waypoints_completed": 1, "tot_waypoints": 9}}
{"target": -641.5102154313346, "params": {"k_pid_pos": [1.446905255317688, 0.06755945086479187, 0.9127745032310486], "k_pid_alt": [1.2222858667373657, 0.7640246152877808, 0.2735788822174072], "k_pid_att": [100.0, 0.10148976743221283, 0.9498982429504395], "k_pid_yaw": [0.5, 1e-06, 0.1], "k_pid_hsp": [2.010348320007324, 0.7864184379577637, 0.25455933809280396], "k_pid_vsp": [400.0, 368.2932434082031, 9.999999974752427e-07]}, "datetime": {"datetime": "2025-08-11 17:45:53", "elapsed": 4833.151074886322, "delta": 25.779638528823853}, "costs": {"total_cost": 641.5102154313346, "time_cost": 102.004, "final_distance_cost": 1.742924235906666, "oscillation_cost": 424.92781779765517, "completition_cost": 0.0, "overshoot_cost": 56.14651991874393, "power_cost": 29.01763747558594, "noise_cost": 27.671316003442804, "n_waypoints_completed": 9, "tot_waypoints": 9}}
{"target": -2372.8887620444166, "params": {"k_pid_pos": [1.2343002557754517, 0.6042680144309998, 0.07730424404144287], "k_pid_alt": [0.1544749140739441, 0.451308935880661, 0.6996130347251892], "k_pid_att": [99.99947357177734, 0.36765727400779724, 0.4885757267475128], "k_pid_yaw": [0.5, 1e-06, 0.1], "k_pid_hsp": [0.00011668913066387177, 0.4492996335029602, 0.41811805963516235], "k_pid_vsp": [399.93780517578125, 367.69476318359375, 9.999999974752427e-07]}, "datetime": {"datetime": "2025-08-11 17:46:23", "elapsed": 4863.170375585556, "delta": 30.01930069923401}, "costs": {"total_cost": 2372.8887620444166, "time_cost": 150, "final_distance_cost": 75.78004514065545, "oscillation_cost": 838.8378092133938, "completition_cost": 1000.0, "overshoot_cost": 244.90433604686558, "power_cost": 34.25260130615234, "noise_cost": 29.11397033734987, "n_waypoints_completed": 0, "tot_waypoints": 9}}
{"target": -771.4902940007278, "params": {"k_pid_pos": [0.35147133469581604, 0.0754517912864685, 0.039737433195114136], "k_pid_alt": [1.9230068922042847, 0.017138123512268066, 0.612873911857605], "k_pid_att": [99.99999237060547, 0.5813467502593994, 0.4476119577884674], "k_pid_yaw": [0.5, 1e-06, 0.1], "k_pid_hsp": [9.99964714050293, 0.21235817670822144, 0.9547291994094849], "k_pid_vsp": [0.0, 383.644287109375, 0.09139876067638397]}, "datetime": {"datetime": "2025-08-11 17:46:53", "elapsed": 4893.241624116898, "delta": 30.071248531341553}, "costs": {"total_cost": 771.4902940007278, "time_cost": 150, "final_distance_cost": 15.134154151961852, "oscillation_cost": 377.1163135058157, "completition_cost": 111.11111111111116, "overshoot_cost": 54.78738046733935, "power_cost": 37.15155778808594, "noise_cost": 26.189776976413654, "n_waypoints_completed": 8, "tot_waypoints": 9}}
{"target": -2111.574893400338, "params": {"k_pid_pos": [0.44283974170684814, 0.1557747721672058, 0.3775409758090973], "k_pid_alt": [1.2375730276107788, 0.1744929552078247, 0.22102084755897522], "k_pid_att": [99.99998474121094, 2.675685167312622, 0.4135175943374634], "k_pid_yaw": [0.5, 1e-06, 0.1], "k_pid_hsp": [0.01266185101121664, 0.18121665716171265, 0.10806593298912048], "k_pid_vsp": [400.0, 272.88726806640625, 0.05630354583263397]}, "datetime": {"datetime": "2025-08-11 17:47:24", "elapsed": 4923.693545818329, "delta": 30.451921701431274}, "costs": {"total_cost": 2111.574893400338, "time_cost": 150, "final_distance_cost": 120.37746696598374, "oscillation_cost": 838.2456126891077, "completition_cost": 777.7777777777778, "overshoot_cost": 161.73757384488755, "power_cost": 34.06860405273438, "noise_cost": 29.367858069847095, "n_waypoints_completed": 2, "tot_waypoints": 9}}
{"target": -1325.0618013440728, "params": {"k_pid_pos": [1.2257914543151855, 0.8324235081672668, 0.5725218653678894], "k_pid_alt": [0.17382895946502686, 0.1235467791557312, 0.002919524908065796], "k_pid_att": [3.0065834522247314, 2.245439291000366, 0.9390379786491394], "k_pid_yaw": [0.5, 1e-06, 0.1], "k_pid_hsp": [9.999999747378752e-05, 0.631068766117096, 0.8640652894973755], "k_pid_vsp": [0.01842975616455078, 101.9276351928711, 149.7628936767578]}, "datetime": {"datetime": "2025-08-11 17:47:54", "elapsed": 4954.265793800354, "delta": 30.572247982025146}, "costs": {"total_cost": 1325.0618013440728, "time_cost": 150, "final_distance_cost": 71.74453968477337, "oscillation_cost": 131.38479280688048, "completition_cost": 777.7777777777778, "overshoot_cost": 128.1591104117938, "power_cost": 36.30039826660156, "noise_cost": 29.695182396245894, "n_waypoints_completed": 2, "tot_waypoints": 9}}
{"target": -15598.518570811537, "params": {"k_pid_pos": [1.6948864459991455, 0.164842426776886, 0.08764928579330444], "k_pid_alt": [1.2179620265960693, 0.13803279399871826, 0.8053970336914062], "k_pid_att": [0.0, 5.251086235046387, 0.039622962474823], "k_pid_yaw": [0.5, 1e-06, 0.1], "k_pid_hsp": [9.945656776428223, 0.8999847173690796, 0.5826029777526855], "k_pid_vsp": [8.35278034210205, 356.1714782714844, 146.72076416015625]}, "datetime": {"datetime": "2025-08-11 17:48:25", "elapsed": 4984.744530439377, "delta": 30.478736639022827}, "costs": {"total_cost": 15598.518570811537, "time_cost": 150, "final_distance_cost": 5085.29238223832, "oscillation_cost": 1940.8173393424418, "completition_cost": 1000.0, "overshoot_cost": 7211.342181415653, "power_cost": 57.27087877197266, "noise_cost": 153.79578904315036, "n_waypoints_completed": 0, "tot_waypoints": 9}}
