{"target": -1248.1949465971295, "params": {"k_pid_pos": [1.639322280883789, 0.42022594809532166, 0.8620589375495911], "k_pid_alt": [0.03195059299468994, 0.3487980365753174, 0.660803496837616], "k_pid_att": [31.613370895385742, 2.8183634281158447, 0.108727365732193], "k_pid_yaw": [0.5, 1e-06, 0.1], "k_pid_hsp": [7.6143975257873535, 0.09974032640457153, 0.8272871971130371], "k_pid_vsp": [379.3923645019531, 203.9828338623047, 346.6549987792969]}, "datetime": {"datetime": "2025-08-11 16:25:53", "elapsed": 33.22954320907593, "delta": 33.22954320907593}, "costs": {"total_cost": 1248.1949465971295, "time_cost": 150, "final_distance_cost": 75.85072385488833, "oscillation_cost": 558.9408620907094, "completition_cost": 333.33333333333337, "overshoot_cost": 66.57300880079704, "power_cost": 34.70506092529297, "noise_cost": 28.79195759210855, "n_waypoints_completed": 6, "tot_waypoints": 9}}
{"target": -1576.4787720616475, "params": {"k_pid_pos": [1.5241830348968506, 0.8763208985328674, 0.3619403541088104], "k_pid_alt": [0.38418054580688477, 0.5655791163444519, 0.6391390562057495], "k_pid_att": [47.491241455078125, 8.30584716796875, 0.7860221266746521], "k_pid_yaw": [0.5, 1e-06, 0.1], "k_pid_hsp": [1.6123186349868774, 0.6080567836761475, 0.8171026706695557], "k_pid_vsp": [67.1179428100586, 173.64930725097656, 309.73492431640625]}, "datetime": {"datetime": "2025-08-11 16:26:26", "elapsed": 65.98359179496765, "delta": 32.754048585891724}, "costs": {"total_cost": 1576.4787720616475, "time_cost": 150, "final_distance_cost": 9.170271459135574, "oscillation_cost": 105.86979360714838, "completition_cost": 1000.0, "overshoot_cost": 163.8298942570039, "power_cost": 33.86191497802734, "noise_cost": 113.74689776033256, "n_waypoints_completed": 0, "tot_waypoints": 9}}
{"target": -1561.0889580064418, "params": {"k_pid_pos": [1.9548213481903076, 0.6373477578163147, 0.445385217666626], "k_pid_alt": [0.5194554924964905, 0.12357217073440552, 0.8310552835464478], "k_pid_att": [69.40830993652344, 9.91994571685791, 0.5112510919570923], "k_pid_yaw": [0.5, 1e-06, 0.1], "k_pid_hsp": [9.458666801452637, 0.6815096735954285, 0.12938493490219116], "k_pid_vsp": [55.7703742980957, 55.33824157714844, 292.8670349121094]}, "datetime": {"datetime": "2025-08-11 16:26:58", "elapsed": 97.7360372543335, "delta": 31.752445459365845}, "costs": {"total_cost": 1561.0889580064418, "time_cost": 150, "final_distance_cost": 71.62648569413996, "oscillation_cost": 516.675400773711, "completition_cost": 666.6666666666667, "overshoot_cost": 86.26874873470486, "power_cost": 36.17048625488282, "noise_cost": 33.681169882336505, "n_waypoints_completed": 3, "tot_waypoints": 9}}
{"target": -1663.613402983156, "params": {"k_pid_pos": [0.1578332483768463, 0.38325580954551697, 0.10328108072280884], "k_pid_alt": [1.3145041465759277, 0.04882815480232239, 0.2316017746925354], "k_pid_att": [34.22463607788086, 8.864899635314941, 0.36279064416885376], "k_pid_yaw": [0.5, 1e-06, 0.1], "k_pid_hsp": [5.785008430480957, 0.1455211639404297, 0.010516941547393799], "k_pid_vsp": [146.08433532714844, 169.71128845214844, 351.38934326171875]}, "datetime": {"datetime": "2025-08-11 16:27:31", "elapsed": 130.65390634536743, "delta": 32.917869091033936}, "costs": {"total_cost": 1663.613402983156, "time_cost": 150, "final_distance_cost": 224.4086178578924, "oscillation_cost": 30.89582837301876, "completition_cost": 888.8888888888888, "overshoot_cost": 310.44360981374285, "power_cost": 29.882209997558594, "noise_cost": 29.094248052054503, "n_waypoints_completed": 1, "tot_waypoints": 9}}
{"target": -1695.8617183893248, "params": {"k_pid_pos": [0.7533299922943115, 0.25677141547203064, 0.7329737544059753], "k_pid_alt": [1.7604637145996094, 0.8170691132545471, 0.4159349203109741], "k_pid_att": [5.260574817657471, 7.387639999389648, 0.39715272188186646], "k_pid_yaw": [0.5, 1e-06, 0.1], "k_pid_hsp": [5.006628513336182, 0.4540732204914093, 0.7960949540138245], "k_pid_vsp": [66.78935241699219, 307.9010925292969, 227.70045471191406]}, "datetime": {"datetime": "2025-08-11 16:28:03", "elapsed": 163.131742477417, "delta": 32.47783613204956}, "costs": {"total_cost": 1695.8617183893248, "time_cost": 150, "final_distance_cost": 0.9964698357377809, "oscillation_cost": 355.5287927738773, "completition_cost": 1000.0, "overshoot_cost": 110.11531575110035, "power_cost": 30.662455786132814, "noise_cost": 48.55868424247661, "n_waypoints_completed": 0, "tot_waypoints": 9}}
{"target": -916.2145955889316, "params": {"k_pid_pos": [1.0828603506088257, 0.6046583652496338, 0.28818193078041077], "k_pid_alt": [0.7217971682548523, 0.425069123506546, 0.5958952903747559], "k_pid_att": [84.10028076171875, 7.13332462310791, 0.10462719202041626], "k_pid_yaw": [0.5, 1e-06, 0.1], "k_pid_hsp": [5.330201148986816, 0.2956463396549225, 0.9712257385253906], "k_pid_vsp": [362.7090148925781, 354.58673095703125, 204.95529174804688]}, "datetime": {"datetime": "2025-08-11 16:28:36", "elapsed": 196.12996673583984, "delta": 32.99822425842285}, "costs": {"total_cost": 916.2145955889316, "time_cost": 150, "final_distance_cost": 64.79546305831128, "oscillation_cost": 355.3149304080091, "completition_cost": 222.2222222222222, "overshoot_cost": 56.328900327710706, "power_cost": 37.903198156738284, "noise_cost": 29.649881415940015, "n_waypoints_completed": 7, "tot_waypoints": 9}}
{"target": -1594.2396634203653, "params": {"k_pid_pos": [1.412705421447754, 0.34879857301712036, 0.736568808555603], "k_pid_alt": [0.24231457710266113, 0.9201449751853943, 0.9020696878433228], "k_pid_att": [31.703561782836914, 7.240302085876465, 0.7927675843238831], "k_pid_yaw": [0.5, 1e-06, 0.1], "k_pid_hsp": [4.495826244354248, 0.053020596504211426, 0.5850639343261719], "k_pid_vsp": [103.57759857177734, 244.7323760986328, 266.0302429199219]}, "datetime": {"datetime": "2025-08-11 16:29:09", "elapsed": 228.43961834907532, "delta": 32.309651613235474}, "costs": {"total_cost": 1594.2396634203653, "time_cost": 150, "final_distance_cost": 68.49442308501209, "oscillation_cost": 572.4809142972969, "completition_cost": 666.6666666666667, "overshoot_cost": 71.0407323895146, "power_cost": 33.775033422851564, "noise_cost": 31.781893559023505, "n_waypoints_completed": 3, "tot_waypoints": 9}}
{"target": -1189.6493564643574, "params": {"k_pid_pos": [0.5448553562164307, 0.16520461440086365, 0.0415588915348053], "k_pid_alt": [1.2689400911331177, 0.9546887278556824, 0.010094553232192993], "k_pid_att": [87.7699203491211, 2.8867337703704834, 0.6130478382110596], "k_pid_yaw": [0.5, 1e-06, 0.1], "k_pid_hsp": [3.9362709522247314, 0.8380493521690369, 0.5500012040138245], "k_pid_vsp": [121.66874694824219, 366.199462890625, 179.82443237304688]}, "datetime": {"datetime": "2025-08-11 16:29:41", "elapsed": 260.6450743675232, "delta": 32.205456018447876}, "costs": {"total_cost": 1189.6493564643574, "time_cost": 150, "final_distance_cost": 52.89804737101119, "oscillation_cost": 531.5988740392726, "completition_cost": 333.33333333333337, "overshoot_cost": 54.97412452443274, "power_cost": 36.603015966796875, "noise_cost": 30.24196122951075, "n_waypoints_completed": 6, "tot_waypoints": 9}}
{"target": -1884.853445522373, "params": {"k_pid_pos": [0.640870988368988, 0.13428211212158203, 0.427418977022171], "k_pid_alt": [0.5104913711547852, 0.963530957698822, 0.3079696595668793], "k_pid_att": [29.68112564086914, 3.5240869522094727, 0.24753999710083008], "k_pid_yaw": [0.5, 1e-06, 0.1], "k_pid_hsp": [2.2541933059692383, 0.8805863857269287, 0.8684592843055725], "k_pid_vsp": [3.370809555053711, 33.392799377441406, 52.28757858276367]}, "datetime": {"datetime": "2025-08-11 16:30:12", "elapsed": 292.25337862968445, "delta": 31.608304262161255}, "costs": {"total_cost": 1884.853445522373, "time_cost": 150, "final_distance_cost": 111.24685355713868, "oscillation_cost": 588.6080885235822, "completition_cost": 888.8888888888888, "overshoot_cost": 82.33624186849629, "power_cost": 34.07660415039063, "noise_cost": 29.696768533876302, "n_waypoints_completed": 1, "tot_waypoints": 9}}
{"target": -1141.4126473562844, "params": {"k_pid_pos": [0.1008274108171463, 0.31283310055732727, 0.3393171429634094], "k_pid_alt": [0.38072454929351807, 0.7747035622596741, 0.7387389540672302], "k_pid_att": [4.887643337249756, 7.169651508331299, 0.986296534538269], "k_pid_yaw": [0.5, 1e-06, 0.1], "k_pid_hsp": [7.453668117523193, 0.45755040645599365, 0.6332314610481262], "k_pid_vsp": [164.15953063964844, 188.55372619628906, 92.50685119628906]}, "datetime": {"datetime": "2025-08-11 16:30:44", "elapsed": 323.678884267807, "delta": 31.42550563812256}, "costs": {"total_cost": 1141.4126473562844, "time_cost": 150, "final_distance_cost": 66.76605802618025, "oscillation_cost": 150.404527399235, "completition_cost": 666.6666666666667, "overshoot_cost": 51.45274197988234, "power_cost": 29.896284118652346, "noise_cost": 26.226369165667528, "n_waypoints_completed": 3, "tot_waypoints": 9}}
{"target": -1823.1941863892662, "params": {"k_pid_pos": [1.1412113904953003, 0.6376442313194275, 0.24244046211242676], "k_pid_alt": [0.11589807271957397, 0.9526203870773315, 0.5216095447540283], "k_pid_att": [22.58150863647461, 8.050867080688477, 0.5961451530456543], "k_pid_yaw": [0.5, 1e-06, 0.1], "k_pid_hsp": [3.556401252746582, 0.8512296080589294, 0.9481230974197388], "k_pid_vsp": [55.103111267089844, 234.29623413085938, 344.7486572265625]}, "datetime": {"datetime": "2025-08-11 16:31:16", "elapsed": 356.0013678073883, "delta": 32.3224835395813}, "costs": {"total_cost": 1823.1941863892662, "time_cost": 150, "final_distance_cost": 5.260427082957902, "oscillation_cost": 415.15119270918274, "completition_cost": 1000.0, "overshoot_cost": 154.00176042414543, "power_cost": 33.58465739746094, "noise_cost": 65.19614877551899, "n_waypoints_completed": 0, "tot_waypoints": 9}}
{"target": -539.4679368468672, "params": {"k_pid_pos": [0.875940203666687, 0.6974520087242126, 0.3158583641052246], "k_pid_alt": [0.4509626030921936, 0.5118659138679504, 0.7434671521186829], "k_pid_att": [8.309197425842285, 0.6362382173538208, 0.8820722699165344], "k_pid_yaw": [0.5, 1e-06, 0.1], "k_pid_hsp": [7.205229759216309, 0.8753526210784912, 0.19038140773773193], "k_pid_vsp": [20.785188674926758, 219.8802490234375, 107.54085540771484]}, "datetime": {"datetime": "2025-08-11 16:31:47", "elapsed": 387.1170153617859, "delta": 31.115647554397583}, "costs": {"total_cost": 539.4679368468672, "time_cost": 150, "final_distance_cost": 12.11638536899526, "oscillation_cost": 122.7616553165511, "completition_cost": 111.11111111111116, "overshoot_cost": 82.63932678476708, "power_cost": 32.35078551025391, "noise_cost": 28.488672755188766, "n_waypoints_completed": 8, "tot_waypoints": 9}}
{"target": -4480.864004588491, "params": {"k_pid_pos": [1.1865519285202026, 0.7371037006378174, 0.746316134929657], "k_pid_alt": [1.8183927536010742, 0.8973494172096252, 0.10418999195098877], "k_pid_att": [31.335819244384766, 5.621450901031494, 0.25139331817626953], "k_pid_yaw": [0.5, 1e-06, 0.1], "k_pid_hsp": [2.3936057090759277, 0.23162484169006348, 0.017655223608016968], "k_pid_vsp": [12.92167854309082, 310.207275390625, 317.6793212890625]}, "datetime": {"datetime": "2025-08-11 16:32:19", "elapsed": 418.6713619232178, "delta": 31.554346561431885}, "costs": {"total_cost": 4480.864004588491, "time_cost": 150, "final_distance_cost": 1216.3745671735865, "oscillation_cost": 228.10185293317406, "completition_cost": 888.8888888888888, "overshoot_cost": 1933.4335135587962, "power_cost": 31.96546970214844, "noise_cost": 32.09971233189718, "n_waypoints_completed": 1, "tot_waypoints": 9}}
{"target": -1486.8936989866695, "params": {"k_pid_pos": [0.06956598162651062, 0.9859659671783447, 0.08716529607772827], "k_pid_alt": [1.4836195707321167, 0.20201146602630615, 0.4299757778644562], "k_pid_att": [49.899261474609375, 9.419734001159668, 0.07646158337593079], "k_pid_yaw": [0.5, 1e-06, 0.1], "k_pid_hsp": [9.10153579711914, 0.9366915822029114, 0.21123003959655762], "k_pid_vsp": [169.5438690185547, 46.201560974121094, 54.63365173339844]}, "datetime": {"datetime": "2025-08-11 16:32:50", "elapsed": 450.13244819641113, "delta": 31.46108627319336}, "costs": {"total_cost": 1486.8936989866695, "time_cost": 150, "final_distance_cost": 45.26888720563389, "oscillation_cost": 185.10482218802943, "completition_cost": 1000.0, "overshoot_cost": 37.770118911962044, "power_cost": 37.280374816894536, "noise_cost": 31.469495864149543, "n_waypoints_completed": 0, "tot_waypoints": 9}}
{"target": -2106.6455609004715, "params": {"k_pid_pos": [0.739297091960907, 0.9777045845985413, 0.8955555558204651], "k_pid_alt": [0.4668805003166199, 0.554916262626648, 0.9543509483337402], "k_pid_att": [73.19596099853516, 4.847801208496094, 0.16009420156478882], "k_pid_yaw": [0.5, 1e-06, 0.1], "k_pid_hsp": [5.44041633605957, 0.17262715101242065, 0.48884811997413635], "k_pid_vsp": [16.789997100830078, 134.8081817626953, 202.11312866210938]}, "datetime": {"datetime": "2025-08-11 16:33:22", "elapsed": 481.8093304634094, "delta": 31.67688226699829}, "costs": {"total_cost": 2106.6455609004715, "time_cost": 150, "final_distance_cost": 166.9377447184538, "oscillation_cost": 601.8485156867704, "completition_cost": 888.8888888888888, "overshoot_cost": 233.6336001130157, "power_cost": 35.391802001953124, "noise_cost": 29.94500949138955, "n_waypoints_completed": 1, "tot_waypoints": 9}}
{"target": -846.9380126471254, "params": {"k_pid_pos": [0.385083943605423, 0.9543023109436035, 0.1522587537765503], "k_pid_alt": [1.3585524559020996, 0.8886092305183411, 0.6979796886444092], "k_pid_att": [47.76642608642578, 8.575949668884277, 0.4223903715610504], "k_pid_yaw": [0.5, 1e-06, 0.1], "k_pid_hsp": [1.1838412284851074, 0.7590863108634949, 0.9121361374855042], "k_pid_vsp": [78.26387786865234, 385.833251953125, 45.87745666503906]}, "datetime": {"datetime": "2025-08-11 16:33:54", "elapsed": 513.4217841625214, "delta": 31.61245369911194}, "costs": {"total_cost": 846.9380126471254, "time_cost": 150, "final_distance_cost": 75.07288421581045, "oscillation_cost": 257.44808191591716, "completition_cost": 222.2222222222222, "overshoot_cost": 73.73742579816522, "power_cost": 37.67211411132813, "noise_cost": 30.78528438368228, "n_waypoints_completed": 7, "tot_waypoints": 9}}
{"target": -2910.009057464618, "params": {"k_pid_pos": [0.17923316359519958, 0.07494586706161499, 0.9213582277297974], "k_pid_alt": [0.8372214436531067, 0.2620627284049988, 0.6490046381950378], "k_pid_att": [49.38213348388672, 4.9790425300598145, 0.9311983585357666], "k_pid_yaw": [0.5, 1e-06, 0.1], "k_pid_hsp": [7.267139911651611, 0.5170214176177979, 0.5515158176422119], "k_pid_vsp": [63.785423278808594, 9.520997047424316, 354.8527526855469]}, "datetime": {"datetime": "2025-08-11 16:34:25", "elapsed": 545.2476286888123, "delta": 31.825844526290894}, "costs": {"total_cost": 2910.009057464618, "time_cost": 150, "final_distance_cost": 468.71200633054247, "oscillation_cost": 379.031899823427, "completition_cost": 1000.0, "overshoot_cost": 850.0435868031458, "power_cost": 33.61203065185547, "noise_cost": 28.609533855646934, "n_waypoints_completed": 0, "tot_waypoints": 9}}
{"target": -744.4055095129437, "params": {"k_pid_pos": [1.9488835334777832, 0.9770734310150146, 0.28331658244132996], "k_pid_alt": [1.5321727991104126, 0.01833665370941162, 0.21609407663345337], "k_pid_att": [88.71781921386719, 2.5604541301727295, 0.39575859904289246], "k_pid_yaw": [0.5, 1e-06, 0.1], "k_pid_hsp": [7.304262161254883, 0.6173842549324036, 0.05971086025238037], "k_pid_vsp": [362.1500549316406, 63.51759338378906, 226.5016326904297]}, "datetime": {"datetime": "2025-08-11 16:34:57", "elapsed": 576.6106338500977, "delta": 31.3630051612854}, "costs": {"total_cost": 744.4055095129437, "time_cost": 150, "final_distance_cost": 63.45793026222288, "oscillation_cost": 178.47649734073713, "completition_cost": 222.2222222222222, "overshoot_cost": 64.37565655668568, "power_cost": 36.327552673339845, "noise_cost": 29.54565045773598, "n_waypoints_completed": 7, "tot_waypoints": 9}}
{"target": -1660.6144507996617, "params": {"k_pid_pos": [0.5455356240272522, 0.266080766916275, 0.9052881598472595], "k_pid_alt": [0.2229170799255371, 0.4599776566028595, 0.2927611768245697], "k_pid_att": [47.87324142456055, 6.6217193603515625, 0.2728329300880432], "k_pid_yaw": [0.5, 1e-06, 0.1], "k_pid_hsp": [2.8745555877685547, 0.005579859018325806, 0.5669277906417847], "k_pid_vsp": [148.14793395996094, 93.74618530273438, 198.13088989257812]}, "datetime": {"datetime": "2025-08-11 16:35:29", "elapsed": 609.361570596695, "delta": 32.75093674659729}, "costs": {"total_cost": 1660.6144507996617, "time_cost": 150, "final_distance_cost": 55.32542904347194, "oscillation_cost": 659.9168552014382, "completition_cost": 666.6666666666667, "overshoot_cost": 63.660618430948944, "power_cost": 34.98341667480469, "noise_cost": 30.061464782331196, "n_waypoints_completed": 3, "tot_waypoints": 9}}
{"target": -645.4722159756391, "params": {"k_pid_pos": [1.1284682750701904, 0.7871062755584717, 0.838371992111206], "k_pid_alt": [1.3099403381347656, 0.36519524455070496, 0.6439644694328308], "k_pid_att": [29.043087005615234, 6.163316249847412, 0.30436474084854126], "k_pid_yaw": [0.5, 1e-06, 0.1], "k_pid_hsp": [3.0473415851593018, 0.5072186589241028, 0.5119621753692627], "k_pid_vsp": [225.1665802001953, 145.35447692871094, 82.75061798095703]}, "datetime": {"datetime": "2025-08-11 16:35:59", "elapsed": 638.4594464302063, "delta": 29.097875833511353}, "costs": {"total_cost": 645.4722159756391, "time_cost": 115.584, "final_distance_cost": 1.7780967621543464, "oscillation_cost": 409.62879197416294, "completition_cost": 0.0, "overshoot_cost": 55.872936427906716, "power_cost": 33.767982946777344, "noise_cost": 28.84040786463773, "n_waypoints_completed": 9, "tot_waypoints": 9}}
{"target": -1099.1813708189716, "params": {"k_pid_pos": [1.1382358074188232, 0.8098189830780029, 0.37100356817245483], "k_pid_alt": [0.07568538188934326, 0.8214761018753052, 0.48103418946266174], "k_pid_att": [90.44011688232422, 9.079314231872559, 0.2989300489425659], "k_pid_yaw": [0.5, 1e-06, 0.1], "k_pid_hsp": [4.052723407745361, 0.2548920214176178, 0.40032270550727844], "k_pid_vsp": [372.6633605957031, 248.39028930664062, 306.8887634277344]}, "datetime": {"datetime": "2025-08-11 16:36:32", "elapsed": 671.9891681671143, "delta": 33.52972173690796}, "costs": {"total_cost": 1099.1813708189716, "time_cost": 150, "final_distance_cost": 68.16680517086355, "oscillation_cost": 412.8701508880985, "completition_cost": 333.33333333333337, "overshoot_cost": 66.56823216259521, "power_cost": 37.60845517578125, "noise_cost": 30.6343940882997, "n_waypoints_completed": 6, "tot_waypoints": 9}}
{"target": -542.1445461331894, "params": {"k_pid_pos": [0.8608493804931641, 0.4184739291667938, 0.46758195757865906], "k_pid_alt": [1.7443268299102783, 0.7573267817497253, 0.06061273813247681], "k_pid_att": [45.953399658203125, 6.714725971221924, 0.9994286894798279], "k_pid_yaw": [0.5, 1e-06, 0.1], "k_pid_hsp": [5.968975067138672, 0.36067619919776917, 0.7878183126449585], "k_pid_vsp": [42.326759338378906, 355.5329895019531, 20.4527645111084]}, "datetime": {"datetime": "2025-08-11 16:36:58", "elapsed": 698.2587425708771, "delta": 26.269574403762817}, "costs": {"total_cost": 542.1445461331894, "time_cost": 105.119, "final_distance_cost": 1.7450723544488567, "oscillation_cost": 323.15295821808456, "completition_cost": 0.0, "overshoot_cost": 57.412180727919925, "power_cost": 30.3058216796875, "noise_cost": 24.40951315304846, "n_waypoints_completed": 9, "tot_waypoints": 9}}
{"target": -584.9934082638889, "params": {"k_pid_pos": [0.8787400126457214, 0.8010872006416321, 0.690421998500824], "k_pid_alt": [0.05489659309387207, 0.36015909910202026, 0.7881647348403931], "k_pid_att": [45.99940490722656, 7.634340763092041, 0.7963608503341675], "k_pid_yaw": [0.5, 1e-06, 0.1], "k_pid_hsp": [5.992678165435791, 0.4843822717666626, 0.32065558433532715], "k_pid_vsp": [347.237548828125, 139.03338623046875, 184.0962677001953]}, "datetime": {"datetime": "2025-08-11 16:37:27", "elapsed": 726.7671165466309, "delta": 28.508373975753784}, "costs": {"total_cost": 584.9934082638889, "time_cost": 111.251, "final_distance_cost": 1.7462188249524622, "oscillation_cost": 345.3640530941668, "completition_cost": 0.0, "overshoot_cost": 68.77869999030426, "power_cost": 30.997590686035156, "noise_cost": 26.85584566843009, "n_waypoints_completed": 9, "tot_waypoints": 9}}
{"target": -537.4790144083014, "params": {"k_pid_pos": [1.8273383378982544, 0.23926600813865662, 0.8937199115753174], "k_pid_alt": [1.3287748098373413, 0.017086267471313477, 0.2394256889820099], "k_pid_att": [19.270675659179688, 1.0632210969924927, 0.2700972557067871], "k_pid_yaw": [0.5, 1e-06, 0.1], "k_pid_hsp": [9.918852806091309, 0.6836894750595093, 0.3046710789203644], "k_pid_vsp": [363.81280517578125, 204.51766967773438, 266.79736328125]}, "datetime": {"datetime": "2025-08-11 16:37:50", "elapsed": 750.1790602207184, "delta": 23.411943674087524}, "costs": {"total_cost": 537.4790144083014, "time_cost": 90.47500000000001, "final_distance_cost": 1.7870953554948885, "oscillation_cost": 336.9599277622447, "completition_cost": 0.0, "overshoot_cost": 59.88624611923084, "power_cost": 25.941546826171876, "noise_cost": 22.42919834515909, "n_waypoints_completed": 9, "tot_waypoints": 9}}
