{"target": -1548.2034516175208, "params": {"k_pid_pos": [1.9248987436294556, 0.9775697588920593, 0.2869050204753876], "k_pid_alt": [1.971085548400879, 0.9804439544677734, 0.10338914394378662], "k_pid_att": [100.0, 0.10021870583295822, 0.9261809587478638], "k_pid_yaw": [0.5, 1e-06, 0.1], "k_pid_hsp": [10.0, 0.9892535209655762, 0.041393011808395386], "k_pid_vsp": [0.0, 5.039883613586426, 1.0435948371887207]}, "datetime": {"datetime": "2025-08-11 22:38:45", "elapsed": 22405.192150115967, "delta": 30.918580770492554}, "costs": {"total_cost": 1548.2034516175208, "time_cost": 150, "final_distance_cost": 4.59115127121668, "oscillation_cost": 66.9469254523936, "completition_cost": 1000.0, "overshoot_cost": 164.90235699968392, "power_cost": 18.667406250000003, "noise_cost": 143.09561164422666, "n_waypoints_completed": 0, "tot_waypoints": 9}}
{"target": -1563.8796190653006, "params": {"k_pid_pos": [1.9685035943984985, 0.86774742603302, 0.05334770679473877], "k_pid_alt": [1.9884941577911377, 0.919670581817627, 0.0019985437393188477], "k_pid_att": [100.0, 0.1352366805076599, 0.9393668174743652], "k_pid_yaw": [0.5, 1e-06, 0.1], "k_pid_hsp": [10.0, 0.9779806733131409, 0.03569328784942627], "k_pid_vsp": [0.0, 16.200746536254883, 0.0005016790237277746]}, "datetime": {"datetime": "2025-08-11 22:39:18", "elapsed": 22437.451406002045, "delta": 32.25925588607788}, "costs": {"total_cost": 1563.8796190653006, "time_cost": 150, "final_distance_cost": 11.143875384823026, "oscillation_cost": 63.43739975823854, "completition_cost": 1000.0, "overshoot_cost": 164.52712716804237, "power_cost": 26.81639948730469, "noise_cost": 147.95481726689226, "n_waypoints_completed": 0, "tot_waypoints": 9}}
{"target": -1538.853035211182, "params": {"k_pid_pos": [1.924272060394287, 0.8730491995811462, 0.08235287666320801], "k_pid_alt": [1.9614007472991943, 0.9742295742034912, 0.011172860860824585], "k_pid_att": [100.0, 2.7161483764648438, 0.9781488180160522], "k_pid_yaw": [0.5, 1e-06, 0.1], "k_pid_hsp": [10.0, 0.9740140438079834, 0.011466443538665771], "k_pid_vsp": [0.0, 46.501731872558594, 400.0]}, "datetime": {"datetime": "2025-08-11 22:39:50", "elapsed": 22469.6993997097, "delta": 32.24799370765686}, "costs": {"total_cost": 1538.853035211182, "time_cost": 150, "final_distance_cost": 10.385288565780202, "oscillation_cost": 56.23669261759932, "completition_cost": 1000.0, "overshoot_cost": 164.61218585179776, "power_cost": 31.87239401855469, "noise_cost": 125.74647415745007, "n_waypoints_completed": 0, "tot_waypoints": 9}}
{"target": -1578.4037861702548, "params": {"k_pid_pos": [1.9676799774169922, 0.9917751550674438, 0.04215902090072632], "k_pid_alt": [1.9604921340942383, 0.46841779351234436, 0.12377655506134033], "k_pid_att": [100.0, 0.9757896661758423, 0.9636082053184509], "k_pid_yaw": [0.5, 1e-06, 0.1], "k_pid_hsp": [10.0, 0.8954762816429138, 0.03608131408691406], "k_pid_vsp": [0.0, 15.009809494018555, 399.959228515625]}, "datetime": {"datetime": "2025-08-11 22:40:20", "elapsed": 22500.296451807022, "delta": 30.597052097320557}, "costs": {"total_cost": 1578.4037861702548, "time_cost": 150, "final_distance_cost": 14.386476223063214, "oscillation_cost": 73.96177493648193, "completition_cost": 1000.0, "overshoot_cost": 165.98320882680156, "power_cost": 30.948590856933595, "noise_cost": 143.1237353269744, "n_waypoints_completed": 0, "tot_waypoints": 9}}
{"target": -1571.2005439954776, "params": {"k_pid_pos": [1.8496843576431274, 0.7985274195671082, 0.19964218139648438], "k_pid_alt": [1.9515748023986816, 0.9010024070739746, 0.043255627155303955], "k_pid_att": [100.0, 6.647604942321777, 0.9939740896224976], "k_pid_yaw": [0.5, 1e-06, 0.1], "k_pid_hsp": [9.999999046325684, 0.9723392128944397, 0.09581506252288818], "k_pid_vsp": [0.0012278556823730469, 8.26327896118164, 9.999999974752427e-07]}, "datetime": {"datetime": "2025-08-11 22:40:50", "elapsed": 22530.12860274315, "delta": 29.83215093612671}, "costs": {"total_cost": 1571.2005439954776, "time_cost": 150, "final_distance_cost": 8.311764469385675, "oscillation_cost": 79.88184781774541, "completition_cost": 1000.0, "overshoot_cost": 164.3572788968124, "power_cost": 23.593584667968752, "noise_cost": 145.05606814356523, "n_waypoints_completed": 0, "tot_waypoints": 9}}
{"target": -1572.4276628193566, "params": {"k_pid_pos": [1.9052739143371582, 0.990800678730011, 0.055801570415496826], "k_pid_alt": [1.9961321353912354, 0.8871911764144897, 0.01626718044281006], "k_pid_att": [100.0, 2.086091995239258, 0.9535502195358276], "k_pid_yaw": [0.5, 1e-06, 0.1], "k_pid_hsp": [0.00012115943536628038, 0.9053353071212769, 0.04934793710708618], "k_pid_vsp": [0.739896297454834, 8.977211952209473, 0.004888580646365881]}, "datetime": {"datetime": "2025-08-11 22:41:22", "elapsed": 22561.903071403503, "delta": 31.774468660354614}, "costs": {"total_cost": 1572.4276628193566, "time_cost": 150, "final_distance_cost": 22.40800550217284, "oscillation_cost": 52.006536476352, "completition_cost": 1000.0, "overshoot_cost": 173.3857010354103, "power_cost": 22.058255712890627, "noise_cost": 152.56916409253105, "n_waypoints_completed": 0, "tot_waypoints": 9}}
{"target": -1557.900220513063, "params": {"k_pid_pos": [1.7793985605239868, 0.9725604057312012, 0.0762091875076294], "k_pid_alt": [1.8505074977874756, 0.7647463083267212, 0.35632914304733276], "k_pid_att": [99.98590087890625, 2.3031187057495117, 0.9771194458007812], "k_pid_yaw": [0.5, 1e-06, 0.1], "k_pid_hsp": [0.0820627212524414, 0.97298264503479, 0.013390868902206421], "k_pid_vsp": [1.2408733367919922, 96.35579681396484, 399.9482727050781]}, "datetime": {"datetime": "2025-08-11 22:41:53", "elapsed": 22592.510437250137, "delta": 30.60736584663391}, "costs": {"total_cost": 1557.900220513063, "time_cost": 150, "final_distance_cost": 6.961119500085908, "oscillation_cost": 76.64844641554821, "completition_cost": 1000.0, "overshoot_cost": 173.23266652611892, "power_cost": 30.47782518310547, "noise_cost": 120.58016288820455, "n_waypoints_completed": 0, "tot_waypoints": 9}}
{"target": -1580.589429730245, "params": {"k_pid_pos": [1.9469428062438965, 0.9927454590797424, 0.035557687282562256], "k_pid_alt": [1.9887603521347046, 0.9385099411010742, 0.04093518853187561], "k_pid_att": [100.0, 1.139522910118103, 0.9866102933883667], "k_pid_yaw": [0.5, 1e-06, 0.1], "k_pid_hsp": [9.999984741210938, 0.8836709260940552, 0.09551346302032471], "k_pid_vsp": [62.610877990722656, 40.9123649597168, 399.99993896484375]}, "datetime": {"datetime": "2025-08-11 22:42:23", "elapsed": 22623.25016260147, "delta": 30.739725351333618}, "costs": {"total_cost": 1580.589429730245, "time_cost": 150, "final_distance_cost": 7.099132096502945, "oscillation_cost": 93.5046246528401, "completition_cost": 1000.0, "overshoot_cost": 165.89392557209743, "power_cost": 34.687519055175784, "noise_cost": 129.40422835362878, "n_waypoints_completed": 0, "tot_waypoints": 9}}
{"target": -1400.6981246262133, "params": {"k_pid_pos": [1.9328778982162476, 0.9676065444946289, 0.005807846784591675], "k_pid_alt": [1.915297031402588, 0.9742213487625122, 0.30827462673187256], "k_pid_att": [100.0, 1.8533743619918823, 0.9020262360572815], "k_pid_yaw": [0.5, 1e-06, 0.1], "k_pid_hsp": [9.999979972839355, 0.9544694423675537, 0.03164362907409668], "k_pid_vsp": [0.0, 23.214162826538086, 0.0767240971326828]}, "datetime": {"datetime": "2025-08-11 22:42:56", "elapsed": 22655.557725906372, "delta": 32.30756330490112}, "costs": {"total_cost": 1400.6981246262133, "time_cost": 150, "final_distance_cost": 51.931185400320906, "oscillation_cost": 78.0214139755064, "completition_cost": 1000.0, "overshoot_cost": 54.74556020943159, "power_cost": 30.658015844726563, "noise_cost": 35.34194919622765, "n_waypoints_completed": 0, "tot_waypoints": 9}}
{"target": -1554.0704202275094, "params": {"k_pid_pos": [1.8880407810211182, 0.9956099390983582, 0.03483164310455322], "k_pid_alt": [1.9628709554672241, 0.9643886089324951, 0.0009066462516784668], "k_pid_att": [99.99990844726562, 0.052788786590099335, 0.9493921995162964], "k_pid_yaw": [0.5, 1e-06, 0.1], "k_pid_hsp": [10.0, 0.9889785647392273, 0.034570127725601196], "k_pid_vsp": [0.0, 4.425467014312744, 400.0]}, "datetime": {"datetime": "2025-08-11 22:43:30", "elapsed": 22690.207553863525, "delta": 34.64982795715332}, "costs": {"total_cost": 1554.0704202275094, "time_cost": 150, "final_distance_cost": 8.55514109383916, "oscillation_cost": 70.79961748007948, "completition_cost": 1000.0, "overshoot_cost": 164.60498574735576, "power_cost": 26.518509594726563, "noise_cost": 133.5921663115084, "n_waypoints_completed": 0, "tot_waypoints": 9}}
{"target": -1418.3489283119245, "params": {"k_pid_pos": [1.6242620944976807, 0.9677751660346985, 0.24177145957946777], "k_pid_alt": [1.9337971210479736, 0.9097940325737, 0.0428943932056427], "k_pid_att": [100.0, 1.1706770658493042, 0.9917242527008057], "k_pid_yaw": [0.5, 1e-06, 0.1], "k_pid_hsp": [0.00011102674761787057, 0.9561737179756165, 0.00516819953918457], "k_pid_vsp": [71.14405822753906, 26.222267150878906, 9.999999974752427e-07]}, "datetime": {"datetime": "2025-08-11 22:44:01", "elapsed": 22720.93573498726, "delta": 30.72818112373352}, "costs": {"total_cost": 1418.3489283119245, "time_cost": 150, "final_distance_cost": 48.25699504253663, "oscillation_cost": 108.42979733325423, "completition_cost": 1000.0, "overshoot_cost": 46.14456595479598, "power_cost": 30.499064135742188, "noise_cost": 35.01850584559545, "n_waypoints_completed": 0, "tot_waypoints": 9}}
{"target": -1534.2038111260817, "params": {"k_pid_pos": [1.8838083744049072, 0.9560389518737793, 0.053208112716674805], "k_pid_alt": [1.616890549659729, 0.6416149139404297, 0.016700655221939087], "k_pid_att": [100.0, 0.12160434573888779, 0.9586811065673828], "k_pid_yaw": [0.5, 1e-06, 0.1], "k_pid_hsp": [9.995795249938965, 0.9974706172943115, 0.008898258209228516], "k_pid_vsp": [0.29845237731933594, 6.371332168579102, 400.0]}, "datetime": {"datetime": "2025-08-11 22:44:32", "elapsed": 22752.112827777863, "delta": 31.177092790603638}, "costs": {"total_cost": 1534.2038111260817, "time_cost": 150, "final_distance_cost": 8.18265689320841, "oscillation_cost": 50.546480449513716, "completition_cost": 1000.0, "overshoot_cost": 164.7234310608379, "power_cost": 22.35954364013672, "noise_cost": 138.39169908238495, "n_waypoints_completed": 0, "tot_waypoints": 9}}
{"target": -1584.3480297477468, "params": {"k_pid_pos": [1.9147752523422241, 0.9958251714706421, 0.12483087182044983], "k_pid_alt": [1.979050874710083, 0.6998353004455566, 0.07992169260978699], "k_pid_att": [100.0, 3.6526122093200684, 0.8861465454101562], "k_pid_yaw": [0.5, 1e-06, 0.1], "k_pid_hsp": [10.0, 0.9808852672576904, 0.09538209438323975], "k_pid_vsp": [0.005459785461425781, 12.620068550109863, 0.0008712278213351965]}, "datetime": {"datetime": "2025-08-11 22:45:03", "elapsed": 22782.641991853714, "delta": 30.52916407585144}, "costs": {"total_cost": 1584.3480297477468, "time_cost": 150, "final_distance_cost": 7.379004923019164, "oscillation_cost": 85.08536888101763, "completition_cost": 1000.0, "overshoot_cost": 165.97266443404467, "power_cost": 26.827167492675784, "noise_cost": 149.0838240169897, "n_waypoints_completed": 0, "tot_waypoints": 9}}
{"target": -1459.7419218010687, "params": {"k_pid_pos": [1.9337587356567383, 0.940454363822937, 0.06564560532569885], "k_pid_alt": [1.9612658023834229, 0.8981233835220337, 0.052254706621170044], "k_pid_att": [100.0, 1.7314387559890747, 0.9922547340393066], "k_pid_yaw": [0.5, 1e-06, 0.1], "k_pid_hsp": [10.0, 0.9965429306030273, 0.06396979093551636], "k_pid_vsp": [0.0, 19.770029067993164, 9.999999974752427e-07]}, "datetime": {"datetime": "2025-08-11 22:45:34", "elapsed": 22813.380563735962, "delta": 30.738571882247925}, "costs": {"total_cost": 1459.7419218010687, "time_cost": 150, "final_distance_cost": 56.302121206592304, "oscillation_cost": 85.02721572617335, "completition_cost": 1000.0, "overshoot_cost": 94.89134028599834, "power_cost": 31.383929602050785, "noise_cost": 42.137314980253855, "n_waypoints_completed": 0, "tot_waypoints": 9}}
{"target": -1347.193268808175, "params": {"k_pid_pos": [1.8623030185699463, 0.9796662926673889, 0.03712964057922363], "k_pid_alt": [1.9789628982543945, 0.7784132957458496, 0.01801443099975586], "k_pid_att": [0.6420642137527466, 0.37149012088775635, 0.9560959935188293], "k_pid_yaw": [0.5, 1e-06, 0.1], "k_pid_hsp": [10.0, 0.9785897731781006, 0.026587247848510742], "k_pid_vsp": [399.9999694824219, 18.82818031311035, 399.99346923828125]}, "datetime": {"datetime": "2025-08-11 22:46:04", "elapsed": 22843.824773550034, "delta": 30.444209814071655}, "costs": {"total_cost": 1347.193268808175, "time_cost": 150, "final_distance_cost": 68.14997400844034, "oscillation_cost": 86.64548551261802, "completition_cost": 888.8888888888888, "overshoot_cost": 76.55814220031299, "power_cost": 41.67609176025391, "noise_cost": 35.274686437660826, "n_waypoints_completed": 1, "tot_waypoints": 9}}
{"target": -1553.0261671647286, "params": {"k_pid_pos": [1.9304144382476807, 0.9393472671508789, 0.03710028529167175], "k_pid_alt": [1.9856586456298828, 0.9069042205810547, 0.0459960401058197], "k_pid_att": [100.0, 5.722615718841553, 0.9930092692375183], "k_pid_yaw": [0.5, 1e-06, 0.1], "k_pid_hsp": [10.0, 0.9718252420425415, 0.027332693338394165], "k_pid_vsp": [295.97412109375, 5.737687110900879, 400.0]}, "datetime": {"datetime": "2025-08-11 22:46:34", "elapsed": 22874.331105470657, "delta": 30.50633192062378}, "costs": {"total_cost": 1553.0261671647286, "time_cost": 150, "final_distance_cost": 9.269262781201935, "oscillation_cost": 68.89885818338456, "completition_cost": 1000.0, "overshoot_cost": 165.29568891376178, "power_cost": 33.67332742919922, "noise_cost": 125.88902985718116, "n_waypoints_completed": 0, "tot_waypoints": 9}}
{"target": -1545.3076577154268, "params": {"k_pid_pos": [1.966341257095337, 0.9379684925079346, 0.023695826530456543], "k_pid_alt": [1.5893003940582275, 0.944839596748352, 0.03235018253326416], "k_pid_att": [100.0, 2.454216957092285, 0.9458869099617004], "k_pid_yaw": [0.5, 1e-06, 0.1], "k_pid_hsp": [10.0, 0.8919887542724609, 0.024190515279769897], "k_pid_vsp": [294.43243408203125, 41.153465270996094, 400.0]}, "datetime": {"datetime": "2025-08-11 22:47:05", "elapsed": 22904.82419681549, "delta": 30.493091344833374}, "costs": {"total_cost": 1545.3076577154268, "time_cost": 150, "final_distance_cost": 4.76103476463473, "oscillation_cost": 67.60422854139478, "completition_cost": 1000.0, "overshoot_cost": 165.05144266517004, "power_cost": 33.39885565185547, "noise_cost": 124.49209609237181, "n_waypoints_completed": 0, "tot_waypoints": 9}}
{"target": -1276.5228146416164, "params": {"k_pid_pos": [1.9868757724761963, 0.9980062246322632, 0.07089588046073914], "k_pid_alt": [1.9363796710968018, 0.8155738711357117, 0.020184695720672607], "k_pid_att": [99.9999771118164, 3.3748714923858643, 0.9616080522537231], "k_pid_yaw": [0.5, 1e-06, 0.1], "k_pid_hsp": [10.0, 0.9855810403823853, 0.06027340888977051], "k_pid_vsp": [398.22381591796875, 14.781023025512695, 399.9999694824219]}, "datetime": {"datetime": "2025-08-11 22:47:35", "elapsed": 22934.782484531403, "delta": 29.958287715911865}, "costs": {"total_cost": 1276.5228146416164, "time_cost": 150, "final_distance_cost": 88.94849840750159, "oscillation_cost": 117.13707395923562, "completition_cost": 777.7777777777778, "overshoot_cost": 74.71284761585886, "power_cost": 36.24490909423828, "noise_cost": 31.701707787004235, "n_waypoints_completed": 2, "tot_waypoints": 9}}
{"target": -1010.7622008766481, "params": {"k_pid_pos": [1.8019057512283325, 0.9464359283447266, 0.022628724575042725], "k_pid_alt": [1.9524590969085693, 0.9703842401504517, 0.03702250123023987], "k_pid_att": [99.86803436279297, 1.1598929166793823, 0.970500648021698], "k_pid_yaw": [0.5, 1e-06, 0.1], "k_pid_hsp": [10.0, 0.9876952171325684, 0.07332897186279297], "k_pid_vsp": [399.4967346191406, 12.790192604064941, 0.7443915009498596]}, "datetime": {"datetime": "2025-08-11 22:48:06", "elapsed": 22966.144656419754, "delta": 31.36217188835144}, "costs": {"total_cost": 1010.7622008766481, "time_cost": 150, "final_distance_cost": 48.28148976084163, "oscillation_cost": 124.77705585599439, "completition_cost": 555.5555555555555, "overshoot_cost": 65.11071773760446, "power_cost": 32.48345227050781, "noise_cost": 34.553929696144365, "n_waypoints_completed": 4, "tot_waypoints": 9}}
{"target": -1525.6050169547693, "params": {"k_pid_pos": [1.9761555194854736, 0.8477197289466858, 0.007807016372680664], "k_pid_alt": [1.984598159790039, 0.9703888893127441, 0.008467048406600952], "k_pid_att": [99.99915313720703, 0.1941499263048172, 0.9878676533699036], "k_pid_yaw": [0.5, 1e-06, 0.1], "k_pid_hsp": [9.913361549377441, 0.9959492683410645, 0.011565536260604858], "k_pid_vsp": [399.9948425292969, 9.371626853942871, 400.0]}, "datetime": {"datetime": "2025-08-11 22:48:37", "elapsed": 22996.620065689087, "delta": 30.475409269332886}, "costs": {"total_cost": 1525.6050169547693, "time_cost": 150, "final_distance_cost": 7.241503631085798, "oscillation_cost": 57.62779138702964, "completition_cost": 1000.0, "overshoot_cost": 163.22132268266492, "power_cost": 32.07988420410157, "noise_cost": 115.43451504988731, "n_waypoints_completed": 0, "tot_waypoints": 9}}
{"target": -1558.052864418043, "params": {"k_pid_pos": [1.8967398405075073, 0.9394668340682983, 0.011922568082809448], "k_pid_alt": [1.683824896812439, 0.9633884429931641, 0.005408972501754761], "k_pid_att": [100.0, 0.7923400402069092, 0.9756758213043213], "k_pid_yaw": [0.5, 1e-06, 0.1], "k_pid_hsp": [9.995741844177246, 0.9931663274765015, 0.03737884759902954], "k_pid_vsp": [1.3671278953552246, 5.567837715148926, 400.0]}, "datetime": {"datetime": "2025-08-11 22:49:07", "elapsed": 23027.295808553696, "delta": 30.675742864608765}, "costs": {"total_cost": 1558.052864418043, "time_cost": 150, "final_distance_cost": 10.833488056546813, "oscillation_cost": 68.5766751286252, "completition_cost": 1000.0, "overshoot_cost": 164.74711688114937, "power_cost": 28.550177661132814, "noise_cost": 135.34540669058882, "n_waypoints_completed": 0, "tot_waypoints": 9}}
{"target": -1541.41323442775, "params": {"k_pid_pos": [1.9892646074295044, 0.9379792809486389, 0.016092956066131592], "k_pid_alt": [1.922432780265808, 0.87717604637146, 0.03824087977409363], "k_pid_att": [100.0, 1.055361032485962, 0.9593656063079834], "k_pid_yaw": [0.5, 1e-06, 0.1], "k_pid_hsp": [10.0, 0.9119716882705688, 0.014650404453277588], "k_pid_vsp": [0.017511844635009766, 12.533617973327637, 394.0413513183594]}, "datetime": {"datetime": "2025-08-11 22:49:38", "elapsed": 23057.906999111176, "delta": 30.61119055747986}, "costs": {"total_cost": 1541.41323442775, "time_cost": 150, "final_distance_cost": 7.009842373288463, "oscillation_cost": 54.20049105893841, "completition_cost": 1000.0, "overshoot_cost": 164.94172265097012, "power_cost": 26.694524621582033, "noise_cost": 138.56665372297095, "n_waypoints_completed": 0, "tot_waypoints": 9}}
{"target": -1239.2622844959255, "params": {"k_pid_pos": [1.9855698347091675, 0.9568988084793091, 0.1640760600566864], "k_pid_alt": [1.9479461908340454, 0.9471923112869263, 0.04162704944610596], "k_pid_att": [99.74737548828125, 7.801119804382324, 0.9624712467193604], "k_pid_yaw": [0.5, 1e-06, 0.1], "k_pid_hsp": [0.12085035443305969, 0.9273216724395752, 0.0007271170616149902], "k_pid_vsp": [381.41680908203125, 26.23194694519043, 303.90521240234375]}, "datetime": {"datetime": "2025-08-11 22:50:08", "elapsed": 23088.069012641907, "delta": 30.1620135307312}, "costs": {"total_cost": 1239.2622844959255, "time_cost": 150, "final_distance_cost": 85.60070133854603, "oscillation_cost": 97.644340792316, "completition_cost": 777.7777777777778, "overshoot_cost": 58.353209076018615, "power_cost": 36.472907385253905, "noise_cost": 33.41334812601322, "n_waypoints_completed": 2, "tot_waypoints": 9}}
{"target": -1544.3519368401157, "params": {"k_pid_pos": [1.7943025827407837, 0.9315267205238342, 0.11925008893013], "k_pid_alt": [1.751348614692688, 0.8641296625137329, 0.016430944204330444], "k_pid_att": [100.0, 5.0591888427734375, 0.9349587559700012], "k_pid_yaw": [0.5, 1e-06, 0.1], "k_pid_hsp": [10.0, 0.9593104124069214, 0.022297680377960205], "k_pid_vsp": [80.75811767578125, 23.481870651245117, 400.0]}, "datetime": {"datetime": "2025-08-11 22:50:39", "elapsed": 23119.09846496582, "delta": 31.029452323913574}, "costs": {"total_cost": 1544.3519368401157, "time_cost": 150, "final_distance_cost": 2.8804269907311424, "oscillation_cost": 68.49447601818426, "completition_cost": 1000.0, "overshoot_cost": 164.51364023029058, "power_cost": 33.06068408203125, "noise_cost": 125.40270951887861, "n_waypoints_completed": 0, "tot_waypoints": 9}}
{"target": -1348.4156864264326, "params": {"k_pid_pos": [1.9022387266159058, 0.9479984045028687, 0.10093382000923157], "k_pid_alt": [1.9056744575500488, 0.7244592905044556, 0.007800042629241943], "k_pid_att": [100.0, 0.8329354524612427, 0.9928418397903442], "k_pid_yaw": [0.5, 1e-06, 0.1], "k_pid_hsp": [9.882046699523926, 0.9863936901092529, 0.07050403952598572], "k_pid_vsp": [399.99993896484375, 35.75975799560547, 399.99957275390625]}, "datetime": {"datetime": "2025-08-11 22:51:11", "elapsed": 23150.59533548355, "delta": 31.496870517730713}, "costs": {"total_cost": 1348.4156864264326, "time_cost": 150, "final_distance_cost": 72.18589610350352, "oscillation_cost": 108.87372713510854, "completition_cost": 888.8888888888888, "overshoot_cost": 60.50233102673398, "power_cost": 36.59712436523438, "noise_cost": 31.367718906963255, "n_waypoints_completed": 1, "tot_waypoints": 9}}
