{"target": -1581.0407795089839, "params": {"k_pid_pos": [1.9810776710510254, 0.9655731916427612, 0.05873194336891174], "k_pid_alt": [1.8881042003631592, 0.9677376747131348, 0.09086018800735474], "k_pid_att": [99.85317993164062, 2.7287142276763916, 0.983506441116333], "k_pid_yaw": [0.5, 1e-06, 0.1], "k_pid_hsp": [2.926445960998535, 0.9942954778671265, 0.04722526669502258], "k_pid_vsp": [0.0, 18.00898551940918, 399.9998474121094]}, "datetime": {"datetime": "2025-08-11 21:22:03", "elapsed": 17802.503021001816, "delta": 30.25442337989807}, "costs": {"total_cost": 1581.0407795089839, "time_cost": 150, "final_distance_cost": 6.381328077117193, "oscillation_cost": 77.51887336641289, "completition_cost": 1000.0, "overshoot_cost": 167.07854869604037, "power_cost": 29.301730407714846, "noise_cost": 150.7602989616987, "n_waypoints_completed": 0, "tot_waypoints": 9}}
{"target": -1136.5451560607255, "params": {"k_pid_pos": [1.9756481647491455, 0.8743533492088318, 0.048111915588378906], "k_pid_alt": [1.9763753414154053, 0.781585693359375, 0.032671570777893066], "k_pid_att": [100.0, 9.264153480529785, 0.9873610734939575], "k_pid_yaw": [0.5, 1e-06, 0.1], "k_pid_hsp": [9.07446575164795, 0.9077434539794922, 0.05500635504722595], "k_pid_vsp": [396.4081726074219, 33.14793014526367, 386.000244140625]}, "datetime": {"datetime": "2025-08-11 21:22:33", "elapsed": 17832.918006658554, "delta": 30.41498565673828}, "costs": {"total_cost": 1136.5451560607255, "time_cost": 150, "final_distance_cost": 69.6751982123144, "oscillation_cost": 106.95567731312552, "completition_cost": 666.6666666666667, "overshoot_cost": 76.3635351497221, "power_cost": 36.087132128906255, "noise_cost": 30.796946589990593, "n_waypoints_completed": 3, "tot_waypoints": 9}}
{"target": -1562.7982522231864, "params": {"k_pid_pos": [1.9383673667907715, 0.9930097460746765, 0.18485170602798462], "k_pid_alt": [1.9564170837402344, 0.9572436213493347, 0.07988131046295166], "k_pid_att": [99.7744140625, 0.4907819628715515, 0.7185070514678955], "k_pid_yaw": [0.5, 1e-06, 0.1], "k_pid_hsp": [0.21344733238220215, 0.9217507243156433, 0.0159187912940979], "k_pid_vsp": [15.629124641418457, 10.695422172546387, 400.0]}, "datetime": {"datetime": "2025-08-11 21:23:04", "elapsed": 17864.041539669037, "delta": 31.123533010482788}, "costs": {"total_cost": 1562.7982522231864, "time_cost": 150, "final_distance_cost": 23.225650603747926, "oscillation_cost": 67.53333100738159, "completition_cost": 1000.0, "overshoot_cost": 172.31654787870255, "power_cost": 30.233129296875003, "noise_cost": 119.4895934364795, "n_waypoints_completed": 0, "tot_waypoints": 9}}
{"target": -1301.2738201029429, "params": {"k_pid_pos": [1.437604308128357, 0.990078330039978, 0.013285726308822632], "k_pid_alt": [1.7762160301208496, 0.8878360390663147, 0.03370237350463867], "k_pid_att": [99.99925231933594, 8.136110305786133, 0.9667767286300659], "k_pid_yaw": [0.5, 1e-06, 0.1], "k_pid_hsp": [9.99985408782959, 0.8428795337677002, 0.0303325355052948], "k_pid_vsp": [399.9874572753906, 4.272867202758789, 5.117417335510254]}, "datetime": {"datetime": "2025-08-11 21:23:35", "elapsed": 17894.513031721115, "delta": 30.471492052078247}, "costs": {"total_cost": 1301.2738201029429, "time_cost": 150, "final_distance_cost": 69.46984694895676, "oscillation_cost": 88.57877800039586, "completition_cost": 888.8888888888888, "overshoot_cost": 40.468774542618974, "power_cost": 29.900790734863282, "noise_cost": 33.96674098721904, "n_waypoints_completed": 1, "tot_waypoints": 9}}
{"target": -739.2562692701877, "params": {"k_pid_pos": [1.9401577711105347, 0.9794883728027344, 0.008895576000213623], "k_pid_alt": [1.9742635488510132, 0.9295604228973389, 0.049001216888427734], "k_pid_att": [100.0, 3.5757670402526855, 0.9590136408805847], "k_pid_yaw": [0.5, 1e-06, 0.1], "k_pid_hsp": [10.0, 0.9366190433502197, 0.12806037068367004], "k_pid_vsp": [399.9996643066406, 43.586181640625, 1.2920929293613881e-05]}, "datetime": {"datetime": "2025-08-11 21:24:05", "elapsed": 17924.935925245285, "delta": 30.422893524169922}, "costs": {"total_cost": 739.2562692701877, "time_cost": 150, "final_distance_cost": 74.98502437534928, "oscillation_cost": 154.25399727362608, "completition_cost": 222.2222222222222, "overshoot_cost": 70.72368858682565, "power_cost": 33.430507751464845, "noise_cost": 33.64082906069961, "n_waypoints_completed": 7, "tot_waypoints": 9}}
{"target": -1253.4875779968804, "params": {"k_pid_pos": [1.984540343284607, 0.9643286466598511, 0.020754754543304443], "k_pid_alt": [1.8660883903503418, 0.9752457141876221, 0.16977083683013916], "k_pid_att": [100.0, 1.5417640209197998, 0.8476905226707458], "k_pid_yaw": [0.5, 1e-06, 0.1], "k_pid_hsp": [2.6176469326019287, 0.9869180917739868, 0.22332707047462463], "k_pid_vsp": [399.4664611816406, 9.931696891784668, 392.46966552734375]}, "datetime": {"datetime": "2025-08-11 21:24:36", "elapsed": 17955.741818666458, "delta": 30.805893421173096}, "costs": {"total_cost": 1253.4875779968804, "time_cost": 150, "final_distance_cost": 78.6609725978555, "oscillation_cost": 102.1331730611646, "completition_cost": 777.7777777777778, "overshoot_cost": 75.40985779121684, "power_cost": 37.83915303955078, "noise_cost": 31.66664372931469, "n_waypoints_completed": 2, "tot_waypoints": 9}}
{"target": -1598.3765834748783, "params": {"k_pid_pos": [1.9474031925201416, 0.9842987060546875, 0.08241549134254456], "k_pid_alt": [1.8673049211502075, 0.9826383590698242, 0.05095624923706055], "k_pid_att": [99.99696350097656, 2.5997071266174316, 0.9330076575279236], "k_pid_yaw": [0.5, 1e-06, 0.1], "k_pid_hsp": [10.0, 0.9832279682159424, 0.19008886814117432], "k_pid_vsp": [0.0, 9.7655668258667, 89.24302673339844]}, "datetime": {"datetime": "2025-08-11 21:25:07", "elapsed": 17986.42274427414, "delta": 30.680925607681274}, "costs": {"total_cost": 1598.3765834748783, "time_cost": 150, "final_distance_cost": 12.812195182952635, "oscillation_cost": 100.17767208507209, "completition_cost": 1000.0, "overshoot_cost": 165.81337273138408, "power_cost": 32.72634035644531, "noise_cost": 136.84700311902432, "n_waypoints_completed": 0, "tot_waypoints": 9}}
{"target": -1575.6227632360599, "params": {"k_pid_pos": [1.8915159702301025, 0.9903804063796997, 0.08870989084243774], "k_pid_alt": [1.9806575775146484, 0.8516573905944824, 0.18435871601104736], "k_pid_att": [100.0, 0.8149725794792175, 0.6998882293701172], "k_pid_yaw": [0.5, 1e-06, 0.1], "k_pid_hsp": [9.999678611755371, 0.9006331562995911, 0.04259359836578369], "k_pid_vsp": [0.0032186508178710938, 7.65057897567749, 400.0]}, "datetime": {"datetime": "2025-08-11 21:25:37", "elapsed": 18017.34260582924, "delta": 30.919861555099487}, "costs": {"total_cost": 1575.6227632360599, "time_cost": 150, "final_distance_cost": 10.082151112271854, "oscillation_cost": 82.84790552685013, "completition_cost": 1000.0, "overshoot_cost": 165.07867746276077, "power_cost": 27.357334924316408, "noise_cost": 140.25669420986057, "n_waypoints_completed": 0, "tot_waypoints": 9}}
{"target": -1525.5651920896935, "params": {"k_pid_pos": [1.9227057695388794, 0.9730905890464783, 0.07024884223937988], "k_pid_alt": [1.9348125457763672, 0.9811625480651855, 0.012969285249710083], "k_pid_att": [100.0, 6.3037004470825195, 0.9553647041320801], "k_pid_yaw": [0.5, 1e-06, 0.1], "k_pid_hsp": [9.999999046325684, 0.9875023365020752, 0.008022546768188477], "k_pid_vsp": [327.79022216796875, 200.66311645507812, 400.0]}, "datetime": {"datetime": "2025-08-11 21:26:08", "elapsed": 18048.183131217957, "delta": 30.84052538871765}, "costs": {"total_cost": 1525.5651920896935, "time_cost": 150, "final_distance_cost": 12.72449916612943, "oscillation_cost": 55.65075934683062, "completition_cost": 1000.0, "overshoot_cost": 162.81947447688606, "power_cost": 31.977866552734376, "noise_cost": 112.39259254711284, "n_waypoints_completed": 0, "tot_waypoints": 9}}
{"target": -925.953694798394, "params": {"k_pid_pos": [1.9460039138793945, 0.6829017400741577, 0.033834755420684814], "k_pid_alt": [1.7688508033752441, 0.8199114799499512, 0.004515290260314941], "k_pid_att": [100.0, 0.6566708087921143, 0.9510122537612915], "k_pid_yaw": [0.5, 1e-06, 0.1], "k_pid_hsp": [10.0, 0.9812510013580322, 0.023199766874313354], "k_pid_vsp": [0.0021696090698242188, 73.22869110107422, 0.06159643828868866]}, "datetime": {"datetime": "2025-08-11 21:26:38", "elapsed": 18078.365947008133, "delta": 30.18281579017639}, "costs": {"total_cost": 925.953694798394, "time_cost": 150, "final_distance_cost": 49.634123621248776, "oscillation_cost": 164.47067611889935, "completition_cost": 444.4444444444444, "overshoot_cost": 51.60755377685501, "power_cost": 34.37736639404297, "noise_cost": 31.419530442903724, "n_waypoints_completed": 5, "tot_waypoints": 9}}
{"target": -1565.7455863381867, "params": {"k_pid_pos": [1.9025219678878784, 0.9398988485336304, 0.023433029651641846], "k_pid_alt": [1.7653361558914185, 0.7935559749603271, 0.01607602834701538], "k_pid_att": [99.9802474975586, 1.139901041984558, 0.9785504341125488], "k_pid_yaw": [0.5, 1e-06, 0.1], "k_pid_hsp": [5.6438984870910645, 0.9373416304588318, 0.05904191732406616], "k_pid_vsp": [0.0, 7.885576248168945, 249.2329559326172]}, "datetime": {"datetime": "2025-08-11 21:27:09", "elapsed": 18108.42506480217, "delta": 30.059117794036865}, "costs": {"total_cost": 1565.7455863381867, "time_cost": 150, "final_distance_cost": 8.000368961539191, "oscillation_cost": 73.3661440844497, "completition_cost": 1000.0, "overshoot_cost": 165.8886204546931, "power_cost": 24.65304167480469, "noise_cost": 143.83741116269994, "n_waypoints_completed": 0, "tot_waypoints": 9}}
{"target": -1582.4554776771283, "params": {"k_pid_pos": [1.9215481281280518, 0.7525391578674316, 0.0029586851596832275], "k_pid_alt": [1.993996500968933, 0.8934460878372192, 0.01028972864151001], "k_pid_att": [99.99993133544922, 0.2641262412071228, 0.9384098649024963], "k_pid_yaw": [0.5, 1e-06, 0.1], "k_pid_hsp": [0.0004051727300975472, 0.9121159315109253, 0.14674752950668335], "k_pid_vsp": [2.5099754333496094, 5.490697383880615, 399.3990478515625]}, "datetime": {"datetime": "2025-08-11 21:27:39", "elapsed": 18138.956200122833, "delta": 30.531135320663452}, "costs": {"total_cost": 1582.4554776771283, "time_cost": 150, "final_distance_cost": 20.822222892478518, "oscillation_cost": 65.6061894493103, "completition_cost": 1000.0, "overshoot_cost": 172.29181877259597, "power_cost": 25.738893676757815, "noise_cost": 147.99635288598571, "n_waypoints_completed": 0, "tot_waypoints": 9}}
{"target": -1305.1366820273513, "params": {"k_pid_pos": [1.8103439807891846, 0.99403977394104, 0.1015893816947937], "k_pid_alt": [1.9241479635238647, 0.351232647895813, 0.1128607988357544], "k_pid_att": [99.88794708251953, 0.5551287531852722, 0.9633676409721375], "k_pid_yaw": [0.5, 1e-06, 0.1], "k_pid_hsp": [8.020203590393066, 0.9779345989227295, 0.17620223760604858], "k_pid_vsp": [0.0, 18.630756378173828, 1.2973556518554688]}, "datetime": {"datetime": "2025-08-11 21:28:10", "elapsed": 18169.39258503914, "delta": 30.436384916305542}, "costs": {"total_cost": 1305.1366820273513, "time_cost": 150, "final_distance_cost": 81.60955235764604, "oscillation_cost": 117.89814051146949, "completition_cost": 777.7777777777778, "overshoot_cost": 108.11612459559973, "power_cost": 33.90500689697266, "noise_cost": 35.830079887885354, "n_waypoints_completed": 2, "tot_waypoints": 9}}
{"target": -1563.6516199475104, "params": {"k_pid_pos": [1.9640963077545166, 0.989494800567627, 0.11816257238388062], "k_pid_alt": [1.9692054986953735, 0.7404314279556274, 0.03254413604736328], "k_pid_att": [100.0, 0.7804767489433289, 0.9212026596069336], "k_pid_yaw": [0.5, 1e-06, 0.1], "k_pid_hsp": [9.932411193847656, 0.9573627710342407, 0.031563013792037964], "k_pid_vsp": [0.9809494018554688, 24.224246978759766, 399.999755859375]}, "datetime": {"datetime": "2025-08-11 21:28:40", "elapsed": 18199.62858223915, "delta": 30.235997200012207}, "costs": {"total_cost": 1563.6516199475104, "time_cost": 150, "final_distance_cost": 5.305243759627782, "oscillation_cost": 79.29329403767753, "completition_cost": 1000.0, "overshoot_cost": 165.51542234661952, "power_cost": 33.499089221191404, "noise_cost": 130.03857058239453, "n_waypoints_completed": 0, "tot_waypoints": 9}}
{"target": -1282.187824731045, "params": {"k_pid_pos": [1.9330196380615234, 0.9821842908859253, 0.0398411750793457], "k_pid_alt": [1.9667280912399292, 0.9329072833061218, 0.010597378015518188], "k_pid_att": [100.0, 9.084793090820312, 0.983773946762085], "k_pid_yaw": [0.5, 1e-06, 0.1], "k_pid_hsp": [0.5920823812484741, 0.9632449150085449, 0.16259366273880005], "k_pid_vsp": [7.298576831817627, 7.485724449157715, 0.012553738430142403]}, "datetime": {"datetime": "2025-08-11 21:29:10", "elapsed": 18230.291827201843, "delta": 30.66324496269226}, "costs": {"total_cost": 1282.187824731045, "time_cost": 150, "final_distance_cost": 95.52415669177675, "oscillation_cost": 116.4130011928289, "completition_cost": 777.7777777777778, "overshoot_cost": 72.88934111869318, "power_cost": 34.15078637695313, "noise_cost": 35.432761573015, "n_waypoints_completed": 2, "tot_waypoints": 9}}
{"target": -1417.3402230831034, "params": {"k_pid_pos": [1.6918044090270996, 0.9724196791648865, 0.029540061950683594], "k_pid_alt": [1.9379339218139648, 0.9919750094413757, 0.21918177604675293], "k_pid_att": [100.0, 4.426482200622559, 0.9111087918281555], "k_pid_yaw": [0.5, 1e-06, 0.1], "k_pid_hsp": [10.0, 0.9666539430618286, 0.05480349063873291], "k_pid_vsp": [400.0, 23.514345169067383, 400.0]}, "datetime": {"datetime": "2025-08-11 21:29:41", "elapsed": 18260.67533802986, "delta": 30.38351082801819}, "costs": {"total_cost": 1417.3402230831034, "time_cost": 150, "final_distance_cost": 46.171870203307456, "oscillation_cost": 94.05364353128537, "completition_cost": 1000.0, "overshoot_cost": 59.449806547501424, "power_cost": 36.299153479003905, "noise_cost": 31.365749322005378, "n_waypoints_completed": 0, "tot_waypoints": 9}}
{"target": -1552.7719407529637, "params": {"k_pid_pos": [1.5849106311798096, 0.9823552966117859, 0.02700287103652954], "k_pid_alt": [1.9898040294647217, 0.9171723127365112, 0.07484200596809387], "k_pid_att": [100.0, 9.131364822387695, 0.9578691720962524], "k_pid_yaw": [0.5, 1e-06, 0.1], "k_pid_hsp": [10.0, 0.9642043113708496, 0.018049806356430054], "k_pid_vsp": [0.00057220458984375, 13.290525436401367, 399.99993896484375]}, "datetime": {"datetime": "2025-08-11 21:30:12", "elapsed": 18291.90227985382, "delta": 31.22694182395935}, "costs": {"total_cost": 1552.7719407529637, "time_cost": 150, "final_distance_cost": 11.57149005623212, "oscillation_cost": 61.653351101354964, "completition_cost": 1000.0, "overshoot_cost": 164.90596064320863, "power_cost": 29.378536047363284, "noise_cost": 135.26260290480488, "n_waypoints_completed": 0, "tot_waypoints": 9}}
{"target": -1525.3991871275173, "params": {"k_pid_pos": [1.924323320388794, 0.7937654852867126, 0.10213574767112732], "k_pid_alt": [1.9148231744766235, 0.8352621793746948, 0.0067341625690460205], "k_pid_att": [99.9999771118164, 2.4267640113830566, 0.9816425442695618], "k_pid_yaw": [0.5, 1e-06, 0.1], "k_pid_hsp": [10.0, 0.8700225949287415, 0.011871367692947388], "k_pid_vsp": [0.0, 4.796875476837158, 187.69883728027344]}, "datetime": {"datetime": "2025-08-11 21:30:42", "elapsed": 18321.906992197037, "delta": 30.004712343215942}, "costs": {"total_cost": 1525.3991871275173, "time_cost": 150, "final_distance_cost": 1.8132854956009163, "oscillation_cost": 50.68292760516809, "completition_cost": 1000.0, "overshoot_cost": 163.83266294780245, "power_cost": 21.117580285644532, "noise_cost": 137.95273079330119, "n_waypoints_completed": 0, "tot_waypoints": 9}}
{"target": -669.334389241842, "params": {"k_pid_pos": [1.7911376953125, 0.9458644986152649, 0.023119986057281494], "k_pid_alt": [1.94199800491333, 0.9629348516464233, 0.10455739498138428], "k_pid_att": [100.0, 3.618772506713867, 0.9301266670227051], "k_pid_yaw": [0.5, 1e-06, 0.1], "k_pid_hsp": [10.0, 0.9932960271835327, 0.2227865755558014], "k_pid_vsp": [220.68875122070312, 16.432048797607422, 0.0013719068374484777]}, "datetime": {"datetime": "2025-08-11 21:31:13", "elapsed": 18353.124132156372, "delta": 31.217139959335327}, "costs": {"total_cost": 669.334389241842, "time_cost": 150, "final_distance_cost": 46.2405103984739, "oscillation_cost": 212.49628341156145, "completition_cost": 111.11111111111116, "overshoot_cost": 81.18265307495668, "power_cost": 34.667218981933594, "noise_cost": 33.63661226380515, "n_waypoints_completed": 8, "tot_waypoints": 9}}
{"target": -797.4271431876341, "params": {"k_pid_pos": [1.774220585823059, 0.9186094999313354, 0.14574980735778809], "k_pid_alt": [1.9588143825531006, 0.9837057590484619, 0.034197092056274414], "k_pid_att": [100.0, 3.5022382736206055, 0.953406810760498], "k_pid_yaw": [0.5, 1e-06, 0.1], "k_pid_hsp": [10.0, 0.9481990337371826, 0.030378729104995728], "k_pid_vsp": [399.9237060546875, 2.183950901031494, 153.88027954101562]}, "datetime": {"datetime": "2025-08-11 21:31:44", "elapsed": 18383.829210996628, "delta": 30.705078840255737}, "costs": {"total_cost": 797.4271431876341, "time_cost": 150, "final_distance_cost": 61.899890883757244, "oscillation_cost": 122.07330026945971, "completition_cost": 333.33333333333337, "overshoot_cost": 63.271514937592464, "power_cost": 35.4025150390625, "noise_cost": 31.446588724428945, "n_waypoints_completed": 6, "tot_waypoints": 9}}
{"target": -2170.192689820593, "params": {"k_pid_pos": [1.8171007633209229, 0.9501978754997253, 0.4964866638183594], "k_pid_alt": [1.9432917833328247, 0.9028177857398987, 0.011775046586990356], "k_pid_att": [100.0, 0.6459634900093079, 0.941513180732727], "k_pid_yaw": [0.5, 1e-06, 0.1], "k_pid_hsp": [10.0, 0.979188084602356, 0.06485322117805481], "k_pid_vsp": [0.002968311309814453, 30.998004913330078, 285.8675537109375]}, "datetime": {"datetime": "2025-08-11 21:32:14", "elapsed": 18413.95865559578, "delta": 30.12944459915161}, "costs": {"total_cost": 2170.192689820593, "time_cost": 150, "final_distance_cost": 212.96152865770057, "oscillation_cost": 613.8343356336262, "completition_cost": 888.8888888888888, "overshoot_cost": 229.36011336559744, "power_cost": 36.38576298828125, "noise_cost": 38.76206028649839, "n_waypoints_completed": 1, "tot_waypoints": 9}}
{"target": -906.8698294451806, "params": {"k_pid_pos": [1.9531986713409424, 0.581368625164032, 0.09105876088142395], "k_pid_alt": [1.9542455673217773, 0.7160452604293823, 0.023287862539291382], "k_pid_att": [94.63511657714844, 4.764012813568115, 0.8901814222335815], "k_pid_yaw": [0.5, 1e-06, 0.1], "k_pid_hsp": [10.0, 0.9885057210922241, 0.07380372285842896], "k_pid_vsp": [396.8367614746094, 35.053897857666016, 399.9952392578125]}, "datetime": {"datetime": "2025-08-11 21:32:45", "elapsed": 18444.64403486252, "delta": 30.68537926673889}, "costs": {"total_cost": 906.8698294451806, "time_cost": 150, "final_distance_cost": 66.63177858157937, "oscillation_cost": 209.89232700770688, "completition_cost": 333.33333333333337, "overshoot_cost": 77.95851606025846, "power_cost": 36.774697888183596, "noise_cost": 32.279176574118914, "n_waypoints_completed": 6, "tot_waypoints": 9}}
{"target": -1561.9947029201824, "params": {"k_pid_pos": [1.9908291101455688, 0.9990328550338745, 0.03128257393836975], "k_pid_alt": [1.9374220371246338, 0.7947582006454468, 0.05960837006568909], "k_pid_att": [99.83141326904297, 1.2251670360565186, 0.8186558485031128], "k_pid_yaw": [0.5, 1e-06, 0.1], "k_pid_hsp": [10.0, 0.9772281050682068, 0.02165168523788452], "k_pid_vsp": [1.1920928955078125e-05, 16.60486602783203, 34.22267532348633]}, "datetime": {"datetime": "2025-08-11 21:33:16", "elapsed": 18475.454218626022, "delta": 30.81018376350403}, "costs": {"total_cost": 1561.9947029201824, "time_cost": 150, "final_distance_cost": 4.65617127770249, "oscillation_cost": 72.05660544374268, "completition_cost": 1000.0, "overshoot_cost": 165.84529931224458, "power_cost": 29.87371501464844, "noise_cost": 139.5629118718442, "n_waypoints_completed": 0, "tot_waypoints": 9}}
{"target": -1526.8257448586842, "params": {"k_pid_pos": [1.8681963682174683, 0.9418566226959229, 0.07761341333389282], "k_pid_alt": [1.9428558349609375, 0.9561474323272705, 0.17799514532089233], "k_pid_att": [99.84349060058594, 3.052445888519287, 0.8911800384521484], "k_pid_yaw": [0.5, 1e-06, 0.1], "k_pid_hsp": [5.663630485534668, 0.9815433621406555, 0.0023680031299591064], "k_pid_vsp": [0.0, 22.749319076538086, 399.9997253417969]}, "datetime": {"datetime": "2025-08-11 21:33:46", "elapsed": 18506.18388915062, "delta": 30.729670524597168}, "costs": {"total_cost": 1526.8257448586842, "time_cost": 150, "final_distance_cost": 5.947498930474335, "oscillation_cost": 53.42849037408523, "completition_cost": 1000.0, "overshoot_cost": 165.76955740279743, "power_cost": 29.539581164550782, "noise_cost": 122.1406169867764, "n_waypoints_completed": 0, "tot_waypoints": 9}}
{"target": -1532.8861690819695, "params": {"k_pid_pos": [1.9556914567947388, 0.9910051226615906, 0.25600332021713257], "k_pid_alt": [1.8945436477661133, 0.8849431872367859, 0.02042466402053833], "k_pid_att": [100.0, 1.0452563762664795, 0.9916689991950989], "k_pid_yaw": [0.5, 1e-06, 0.1], "k_pid_hsp": [9.881287574768066, 0.9640802145004272, 0.016851365566253662], "k_pid_vsp": [399.74102783203125, 19.04008674621582, 400.0]}, "datetime": {"datetime": "2025-08-11 21:34:17", "elapsed": 18537.049028873444, "delta": 30.865139722824097}, "costs": {"total_cost": 1532.8861690819695, "time_cost": 150, "final_distance_cost": 9.755829511355634, "oscillation_cost": 67.35691432811026, "completition_cost": 1000.0, "overshoot_cost": 161.8484822332762, "power_cost": 32.992376672363285, "noise_cost": 110.93256633686411, "n_waypoints_completed": 0, "tot_waypoints": 9}}
