{"target": -1584.5207387220019, "params": {"k_pid_pos": [1.7826203107833862, 0.9867206811904907, 0.0292472243309021], "k_pid_alt": [1.7643468379974365, 0.9505228996276855, 0.014936596155166626], "k_pid_att": [99.9722900390625, 3.9131011962890625, 0.8113287091255188], "k_pid_yaw": [0.5, 1e-06, 0.1], "k_pid_hsp": [9.999833106994629, 0.9473555088043213, 0.047351062297821045], "k_pid_vsp": [0.0017285346984863281, 72.48848724365234, 400.0]}, "datetime": {"datetime": "2025-08-11 22:25:59", "elapsed": 21638.52828645706, "delta": 30.227444171905518}, "costs": {"total_cost": 1584.5207387220019, "time_cost": 150, "final_distance_cost": 10.847714356982818, "oscillation_cost": 93.81178854395193, "completition_cost": 1000.0, "overshoot_cost": 166.13534970082924, "power_cost": 34.44807076416016, "noise_cost": 129.27781535607775, "n_waypoints_completed": 0, "tot_waypoints": 9}}
{"target": -1539.3239654089466, "params": {"k_pid_pos": [1.752711296081543, 0.9388211965560913, 0.05592566728591919], "k_pid_alt": [1.813513994216919, 0.8727284073829651, 0.0034069716930389404], "k_pid_att": [100.0, 3.795774459838867, 0.9449667930603027], "k_pid_yaw": [0.5, 1e-06, 0.1], "k_pid_hsp": [10.0, 0.9470984935760498, 0.021629631519317627], "k_pid_vsp": [0.0, 26.444509506225586, 399.9989013671875]}, "datetime": {"datetime": "2025-08-11 22:26:29", "elapsed": 21669.264554023743, "delta": 30.736267566680908}, "costs": {"total_cost": 1539.3239654089466, "time_cost": 150, "final_distance_cost": 3.350043797111625, "oscillation_cost": 64.06877369583981, "completition_cost": 1000.0, "overshoot_cost": 164.59205380946062, "power_cost": 33.29155344238281, "noise_cost": 124.0215406641518, "n_waypoints_completed": 0, "tot_waypoints": 9}}
{"target": -1582.6679139045114, "params": {"k_pid_pos": [1.9356824159622192, 0.9761977195739746, 0.018881767988204956], "k_pid_alt": [1.9004032611846924, 0.9447976350784302, 0.043589651584625244], "k_pid_att": [100.0, 5.397873878479004, 0.9826810359954834], "k_pid_yaw": [0.5, 1e-06, 0.1], "k_pid_hsp": [7.950249671936035, 0.9762207269668579, 0.09618902206420898], "k_pid_vsp": [0.0, 7.983029842376709, 399.99993896484375]}, "datetime": {"datetime": "2025-08-11 22:27:00", "elapsed": 21699.73874926567, "delta": 30.4741952419281}, "costs": {"total_cost": 1582.6679139045114, "time_cost": 150, "final_distance_cost": 13.892486560312175, "oscillation_cost": 84.41681478577709, "completition_cost": 1000.0, "overshoot_cost": 166.4783754220231, "power_cost": 26.92306716308594, "noise_cost": 140.9571699733129, "n_waypoints_completed": 0, "tot_waypoints": 9}}
{"target": -1422.2670588738135, "params": {"k_pid_pos": [1.9716522693634033, 0.9668238162994385, 0.019296258687973022], "k_pid_alt": [1.9755866527557373, 0.9875416159629822, 0.08153656125068665], "k_pid_att": [100.0, 4.239865303039551, 0.6848574876785278], "k_pid_yaw": [0.5, 1e-06, 0.1], "k_pid_hsp": [9.255743026733398, 0.9882947206497192, 0.038355499505996704], "k_pid_vsp": [399.9411926269531, 35.30769348144531, 399.9876708984375]}, "datetime": {"datetime": "2025-08-11 22:27:30", "elapsed": 21730.09333539009, "delta": 30.354586124420166}, "costs": {"total_cost": 1422.2670588738135, "time_cost": 150, "final_distance_cost": 45.645700474518414, "oscillation_cost": 87.96224095262018, "completition_cost": 1000.0, "overshoot_cost": 71.8764150098258, "power_cost": 35.790362463378905, "noise_cost": 30.992339973470283, "n_waypoints_completed": 0, "tot_waypoints": 9}}
{"target": -1526.9435117686603, "params": {"k_pid_pos": [1.791791319847107, 0.9865937232971191, 0.13945680856704712], "k_pid_alt": [1.9655964374542236, 0.9391310214996338, 0.04272395372390747], "k_pid_att": [99.76251220703125, 0.19749519228935242, 0.9775325655937195], "k_pid_yaw": [0.5, 1e-06, 0.1], "k_pid_hsp": [10.0, 0.9485397338867188, 0.0070626139640808105], "k_pid_vsp": [0.0011563301086425781, 34.34760665893555, 399.9873046875]}, "datetime": {"datetime": "2025-08-11 22:28:02", "elapsed": 21761.47635960579, "delta": 31.383024215698242}, "costs": {"total_cost": 1526.9435117686603, "time_cost": 150, "final_distance_cost": 3.1835588191764486, "oscillation_cost": 52.67880627796036, "completition_cost": 1000.0, "overshoot_cost": 165.00858978088309, "power_cost": 30.50987067871094, "noise_cost": 125.56268621192949, "n_waypoints_completed": 0, "tot_waypoints": 9}}
{"target": -1543.2218001571362, "params": {"k_pid_pos": [1.9070206880569458, 0.992578387260437, 0.040247052907943726], "k_pid_alt": [1.9726502895355225, 0.9867963790893555, 0.011637389659881592], "k_pid_att": [100.0, 3.91221284866333, 0.9321904182434082], "k_pid_yaw": [0.5, 1e-06, 0.1], "k_pid_hsp": [9.999808311462402, 0.9440687894821167, 0.022709786891937256], "k_pid_vsp": [2.384185791015625e-05, 19.077064514160156, 351.3454895019531]}, "datetime": {"datetime": "2025-08-11 22:28:32", "elapsed": 21792.21354532242, "delta": 30.73718571662903}, "costs": {"total_cost": 1543.2218001571362, "time_cost": 150, "final_distance_cost": 2.553616204137866, "oscillation_cost": 69.46399400637607, "completition_cost": 1000.0, "overshoot_cost": 165.314667950939, "power_cost": 32.56406326904297, "noise_cost": 123.32545872664035, "n_waypoints_completed": 0, "tot_waypoints": 9}}
{"target": -1536.5162997600316, "params": {"k_pid_pos": [1.9519381523132324, 0.9779714345932007, 0.043351203203201294], "k_pid_alt": [1.3750967979431152, 0.9854226112365723, 0.02212432026863098], "k_pid_att": [1.475435495376587, 0.08905099332332611, 0.9148274660110474], "k_pid_yaw": [0.5, 1e-06, 0.1], "k_pid_hsp": [10.0, 0.9440867900848389, 0.009787887334823608], "k_pid_vsp": [400.0, 46.80550003051758, 399.9998474121094]}, "datetime": {"datetime": "2025-08-11 22:29:03", "elapsed": 21822.831166744232, "delta": 30.617621421813965}, "costs": {"total_cost": 1536.5162997600316, "time_cost": 150, "final_distance_cost": 17.649879059985096, "oscillation_cost": 54.222439340819996, "completition_cost": 1000.0, "overshoot_cost": 169.5181686339764, "power_cost": 30.454280859375, "noise_cost": 114.67153186587508, "n_waypoints_completed": 0, "tot_waypoints": 9}}
{"target": -1528.6344066406946, "params": {"k_pid_pos": [1.9775625467300415, 0.9928216934204102, 0.03796324133872986], "k_pid_alt": [1.8886125087738037, 0.5901113748550415, 0.006185680627822876], "k_pid_att": [99.92422485351562, 1.723074197769165, 0.9974457025527954], "k_pid_yaw": [0.5, 1e-06, 0.1], "k_pid_hsp": [10.0, 0.9818935394287109, 0.012258738279342651], "k_pid_vsp": [2.384185791015625e-05, 5.960334300994873, 400.0]}, "datetime": {"datetime": "2025-08-11 22:29:34", "elapsed": 21853.40503668785, "delta": 30.573869943618774}, "costs": {"total_cost": 1528.6344066406946, "time_cost": 150, "final_distance_cost": 3.2417379145820213, "oscillation_cost": 52.312176719995534, "completition_cost": 1000.0, "overshoot_cost": 164.5710987142936, "power_cost": 22.545152734375, "noise_cost": 135.96424055744845, "n_waypoints_completed": 0, "tot_waypoints": 9}}
{"target": -1590.8337754707968, "params": {"k_pid_pos": [1.9808191061019897, 0.9607920050621033, 0.026180297136306763], "k_pid_alt": [1.9719743728637695, 0.8143747448921204, 0.030827581882476807], "k_pid_att": [99.9999771118164, 3.1534204483032227, 0.9430357813835144], "k_pid_yaw": [0.5, 1e-06, 0.1], "k_pid_hsp": [9.999999046325684, 0.9772564172744751, 0.07754272222518921], "k_pid_vsp": [62.401344299316406, 16.308095932006836, 398.5916748046875]}, "datetime": {"datetime": "2025-08-11 22:30:04", "elapsed": 21883.797245264053, "delta": 30.392208576202393}, "costs": {"total_cost": 1590.8337754707968, "time_cost": 150, "final_distance_cost": 13.87242697002723, "oscillation_cost": 95.78977515063384, "completition_cost": 1000.0, "overshoot_cost": 165.9557921698755, "power_cost": 34.83023992919922, "noise_cost": 130.3855412510612, "n_waypoints_completed": 0, "tot_waypoints": 9}}
{"target": -1561.2868744189716, "params": {"k_pid_pos": [1.9558855295181274, 0.9499232769012451, 0.02597653865814209], "k_pid_alt": [1.9689160585403442, 0.6456035375595093, 0.0008398592472076416], "k_pid_att": [99.99993133544922, 0.6274687051773071, 0.8885618448257446], "k_pid_yaw": [0.5, 1e-06, 0.1], "k_pid_hsp": [9.999995231628418, 0.961510419845581, 0.03153231739997864], "k_pid_vsp": [7.6985955238342285, 16.17576026916504, 387.3919372558594]}, "datetime": {"datetime": "2025-08-11 22:30:34", "elapsed": 21914.06421303749, "delta": 30.2669677734375}, "costs": {"total_cost": 1561.2868744189716, "time_cost": 150, "final_distance_cost": 6.424681750948645, "oscillation_cost": 78.31702271853673, "completition_cost": 1000.0, "overshoot_cost": 165.77992515011667, "power_cost": 33.93311512451172, "noise_cost": 126.83212967485794, "n_waypoints_completed": 0, "tot_waypoints": 9}}
{"target": -1586.7289224109518, "params": {"k_pid_pos": [1.8965356349945068, 0.9761044979095459, 0.04973942041397095], "k_pid_alt": [1.9686461687088013, 0.9444610476493835, 0.07351922988891602], "k_pid_att": [100.0, 3.7296676635742188, 0.8131570816040039], "k_pid_yaw": [0.5, 1e-06, 0.1], "k_pid_hsp": [9.999698638916016, 0.9782924652099609, 0.07415398955345154], "k_pid_vsp": [0.1438140869140625, 170.165771484375, 396.15240478515625]}, "datetime": {"datetime": "2025-08-11 22:31:06", "elapsed": 21946.068705558777, "delta": 32.00449252128601}, "costs": {"total_cost": 1586.7289224109518, "time_cost": 150, "final_distance_cost": 13.40164262034115, "oscillation_cost": 94.4043537967297, "completition_cost": 1000.0, "overshoot_cost": 166.0314211730109, "power_cost": 33.91346280517578, "noise_cost": 128.97804201569414, "n_waypoints_completed": 0, "tot_waypoints": 9}}
{"target": -3674.8135608005855, "params": {"k_pid_pos": [1.9377567768096924, 0.9900301694869995, 0.11774218082427979], "k_pid_alt": [1.948047399520874, 0.9384796023368835, 0.036959052085876465], "k_pid_att": [0.23242831230163574, 5.683926105499268, 0.892927348613739], "k_pid_yaw": [0.5, 1e-06, 0.1], "k_pid_hsp": [10.0, 0.9901126027107239, 0.04355773329734802], "k_pid_vsp": [0.00011920928955078125, 12.50101375579834, 400.0]}, "datetime": {"datetime": "2025-08-11 22:31:37", "elapsed": 21976.723801136017, "delta": 30.65509557723999}, "costs": {"total_cost": 3674.8135608005855, "time_cost": 150, "final_distance_cost": 338.87680805921684, "oscillation_cost": 1199.1072856676674, "completition_cost": 1000.0, "overshoot_cost": 797.8139862959766, "power_cost": 38.423453918457035, "noise_cost": 150.5920268592676, "n_waypoints_completed": 0, "tot_waypoints": 9}}
{"target": -1306.7304443033872, "params": {"k_pid_pos": [1.9368658065795898, 0.9332304000854492, 0.06273156404495239], "k_pid_alt": [1.9855589866638184, 0.9268162250518799, 0.01598915457725525], "k_pid_att": [100.0, 6.586234092712402, 0.968219518661499], "k_pid_yaw": [0.5, 1e-06, 0.1], "k_pid_hsp": [10.0, 0.9719916582107544, 0.2219942808151245], "k_pid_vsp": [400.0, 1.6527185440063477, 399.6651306152344]}, "datetime": {"datetime": "2025-08-11 22:32:07", "elapsed": 22007.10197329521, "delta": 30.378172159194946}, "costs": {"total_cost": 1306.7304443033872, "time_cost": 150, "final_distance_cost": 81.63057097362397, "oscillation_cost": 150.0084626226243, "completition_cost": 777.7777777777778, "overshoot_cost": 77.6182739847289, "power_cost": 37.78505133056641, "noise_cost": 31.910307614065992, "n_waypoints_completed": 2, "tot_waypoints": 9}}
{"target": -1576.8401844563944, "params": {"k_pid_pos": [1.6432892084121704, 0.9627330899238586, 0.030915677547454834], "k_pid_alt": [1.9877781867980957, 0.9724881649017334, 0.011671513319015503], "k_pid_att": [100.0, 6.4378838539123535, 0.9789820313453674], "k_pid_yaw": [0.5, 1e-06, 0.1], "k_pid_hsp": [10.0, 0.9377082586288452, 0.046967893838882446], "k_pid_vsp": [4.76837158203125e-05, 41.06340408325195, 399.99871826171875]}, "datetime": {"datetime": "2025-08-11 22:32:38", "elapsed": 22037.593801259995, "delta": 30.491827964782715}, "costs": {"total_cost": 1576.8401844563944, "time_cost": 150, "final_distance_cost": 9.32191761113992, "oscillation_cost": 86.09707903294915, "completition_cost": 1000.0, "overshoot_cost": 166.1421424426167, "power_cost": 34.276954528808595, "noise_cost": 131.0020908408801, "n_waypoints_completed": 0, "tot_waypoints": 9}}
{"target": -1577.6310315676224, "params": {"k_pid_pos": [1.8461238145828247, 0.9687550067901611, 0.06822308897972107], "k_pid_alt": [1.7475879192352295, 0.9264397621154785, 0.10571202635765076], "k_pid_att": [100.0, 0.7433082461357117, 0.9770487546920776], "k_pid_yaw": [0.5, 1e-06, 0.1], "k_pid_hsp": [5.660912990570068, 0.9727896451950073, 0.11787629127502441], "k_pid_vsp": [0.020134449005126953, 9.967113494873047, 163.2470703125]}, "datetime": {"datetime": "2025-08-11 22:33:09", "elapsed": 22068.512177228928, "delta": 30.918375968933105}, "costs": {"total_cost": 1577.6310315676224, "time_cost": 150, "final_distance_cost": 8.379375118599112, "oscillation_cost": 81.65047105232968, "completition_cost": 1000.0, "overshoot_cost": 166.6138372346201, "power_cost": 26.699551196289065, "noise_cost": 144.2877969657842, "n_waypoints_completed": 0, "tot_waypoints": 9}}
{"target": -1557.3784923891537, "params": {"k_pid_pos": [1.9336719512939453, 0.9525089263916016, 0.031089991331100464], "k_pid_alt": [1.9510002136230469, 0.9600616693496704, 0.019339382648468018], "k_pid_att": [100.0, 3.495885133743286, 0.9750331044197083], "k_pid_yaw": [0.5, 1e-06, 0.1], "k_pid_hsp": [9.999999747378752e-05, 0.9287947416305542, 0.07520416378974915], "k_pid_vsp": [0.0031709671020507812, 27.647329330444336, 399.6210021972656]}, "datetime": {"datetime": "2025-08-11 22:33:39", "elapsed": 22099.248975515366, "delta": 30.73679828643799}, "costs": {"total_cost": 1557.3784923891537, "time_cost": 150, "final_distance_cost": 16.944791560340125, "oscillation_cost": 58.740377136522945, "completition_cost": 1000.0, "overshoot_cost": 173.60690188289985, "power_cost": 30.303007739257815, "noise_cost": 127.78341407013323, "n_waypoints_completed": 0, "tot_waypoints": 9}}
{"target": -1585.9994489930252, "params": {"k_pid_pos": [1.8322967290878296, 0.9717493653297424, 0.11229211091995239], "k_pid_alt": [1.3373593091964722, 0.8885824680328369, 0.02412658929824829], "k_pid_att": [100.0, 1.6194281578063965, 0.9702627658843994], "k_pid_yaw": [0.5, 1e-06, 0.1], "k_pid_hsp": [9.99948787689209, 0.9980159401893616, 0.12197107076644897], "k_pid_vsp": [0.0, 6.141890048980713, 399.8780822753906]}, "datetime": {"datetime": "2025-08-11 22:34:10", "elapsed": 22129.677306890488, "delta": 30.42833137512207}, "costs": {"total_cost": 1585.9994489930252, "time_cost": 150, "final_distance_cost": 11.617210391327976, "oscillation_cost": 91.2414634030502, "completition_cost": 1000.0, "overshoot_cost": 166.05295764333616, "power_cost": 28.256741455078128, "noise_cost": 138.83107610023276, "n_waypoints_completed": 0, "tot_waypoints": 9}}
{"target": -1430.6134224301438, "params": {"k_pid_pos": [1.9267078638076782, 0.9848971366882324, 0.257151335477829], "k_pid_alt": [1.9276306629180908, 0.7222189903259277, 0.052631497383117676], "k_pid_att": [99.99918365478516, 0.5796442031860352, 0.9901024103164673], "k_pid_yaw": [0.5, 1e-06, 0.1], "k_pid_hsp": [9.753531455993652, 0.985053539276123, 0.02556702494621277], "k_pid_vsp": [399.94537353515625, 48.68491744995117, 399.9971008300781]}, "datetime": {"datetime": "2025-08-11 22:34:40", "elapsed": 22159.730256795883, "delta": 30.052949905395508}, "costs": {"total_cost": 1430.6134224301438, "time_cost": 150, "final_distance_cost": 14.754411294296833, "oscillation_cost": 78.05308625941424, "completition_cost": 1000.0, "overshoot_cost": 123.41443089777945, "power_cost": 34.44129796142578, "noise_cost": 29.950196017227526, "n_waypoints_completed": 0, "tot_waypoints": 9}}
{"target": -1561.3393099258944, "params": {"k_pid_pos": [1.8557932376861572, 0.9197294116020203, 0.013810694217681885], "k_pid_alt": [1.9885905981063843, 0.9839903116226196, 0.003470301628112793], "k_pid_att": [100.0, 4.318068981170654, 0.9765774011611938], "k_pid_yaw": [0.5, 1e-06, 0.1], "k_pid_hsp": [3.0989673137664795, 0.9937418699264526, 0.02441897988319397], "k_pid_vsp": [2.140164375305176, 15.978671073913574, 163.16815185546875]}, "datetime": {"datetime": "2025-08-11 22:35:10", "elapsed": 22190.302736759186, "delta": 30.572479963302612}, "costs": {"total_cost": 1561.3393099258944, "time_cost": 150, "final_distance_cost": 12.535522165356872, "oscillation_cost": 72.6386510618157, "completition_cost": 1000.0, "overshoot_cost": 167.10710519883224, "power_cost": 30.218664013671876, "noise_cost": 128.83936748621767, "n_waypoints_completed": 0, "tot_waypoints": 9}}
{"target": -1594.6762123065896, "params": {"k_pid_pos": [1.9693056344985962, 0.9020450115203857, 0.027040451765060425], "k_pid_alt": [1.507843255996704, 0.9687768220901489, 0.010137706995010376], "k_pid_att": [100.0, 0.5919750928878784, 0.8389994502067566], "k_pid_yaw": [0.5, 1e-06, 0.1], "k_pid_hsp": [9.999980926513672, 0.9850223064422607, 0.40060192346572876], "k_pid_vsp": [35.34762954711914, 10.495115280151367, 274.8371276855469]}, "datetime": {"datetime": "2025-08-11 22:35:41", "elapsed": 22220.58743071556, "delta": 30.284693956375122}, "costs": {"total_cost": 1594.6762123065896, "time_cost": 150, "final_distance_cost": 13.342466775926308, "oscillation_cost": 100.76577212558067, "completition_cost": 1000.0, "overshoot_cost": 165.6157810521258, "power_cost": 36.14493403320313, "noise_cost": 128.80725831975377, "n_waypoints_completed": 0, "tot_waypoints": 9}}
{"target": -1529.0333054885948, "params": {"k_pid_pos": [1.8189852237701416, 0.9861335158348083, 0.07152318954467773], "k_pid_alt": [1.9510818719863892, 0.9594639539718628, 0.15435177087783813], "k_pid_att": [100.0, 3.425635814666748, 0.9936530590057373], "k_pid_yaw": [0.5, 1e-06, 0.1], "k_pid_hsp": [9.999998092651367, 0.9585608243942261, 0.018438756465911865], "k_pid_vsp": [0.0, 1.372159481048584, 399.99981689453125]}, "datetime": {"datetime": "2025-08-11 22:36:12", "elapsed": 22251.719083070755, "delta": 31.131652355194092}, "costs": {"total_cost": 1529.0333054885948, "time_cost": 150, "final_distance_cost": 3.939066937600561, "oscillation_cost": 56.23371338179844, "completition_cost": 1000.0, "overshoot_cost": 164.1383443396951, "power_cost": 21.727374023437502, "noise_cost": 132.99480680606334, "n_waypoints_completed": 0, "tot_waypoints": 9}}
{"target": -1340.690386244976, "params": {"k_pid_pos": [1.9740697145462036, 0.9879941940307617, 0.1639658510684967], "k_pid_alt": [1.9699163436889648, 0.899484395980835, 0.05436024069786072], "k_pid_att": [100.0, 3.20855712890625, 0.8996553421020508], "k_pid_yaw": [0.5, 1e-06, 0.1], "k_pid_hsp": [9.56789779663086, 0.9809995293617249, 0.04965844750404358], "k_pid_vsp": [399.98712158203125, 20.619251251220703, 400.0]}, "datetime": {"datetime": "2025-08-11 22:36:43", "elapsed": 22282.50058412552, "delta": 30.781501054763794}, "costs": {"total_cost": 1340.690386244976, "time_cost": 150, "final_distance_cost": 66.0954323039078, "oscillation_cost": 105.41475429303969, "completition_cost": 888.8888888888888, "overshoot_cost": 63.64658436832123, "power_cost": 35.59679549560547, "noise_cost": 31.047930895212822, "n_waypoints_completed": 1, "tot_waypoints": 9}}
{"target": -1542.414071960465, "params": {"k_pid_pos": [1.1495431661605835, 0.9236398935317993, 0.11598420143127441], "k_pid_alt": [1.5783449411392212, 0.7575685977935791, 0.010909408330917358], "k_pid_att": [100.0, 1.5919402837753296, 0.9610241651535034], "k_pid_yaw": [0.5, 1e-06, 0.1], "k_pid_hsp": [0.001112076686695218, 0.9742286205291748, 0.06338131427764893], "k_pid_vsp": [0.0, 4.980696201324463, 400.0]}, "datetime": {"datetime": "2025-08-11 22:37:13", "elapsed": 22313.020604372025, "delta": 30.520020246505737}, "costs": {"total_cost": 1542.414071960465, "time_cost": 150, "final_distance_cost": 9.771442203307254, "oscillation_cost": 44.84783636471087, "completition_cost": 1000.0, "overshoot_cost": 174.5912516994236, "power_cost": 18.32660135498047, "noise_cost": 144.87694033804274, "n_waypoints_completed": 0, "tot_waypoints": 9}}
{"target": -1582.1080810278263, "params": {"k_pid_pos": [1.9766571521759033, 0.9289119243621826, 0.012638896703720093], "k_pid_alt": [1.961855411529541, 0.8379516005516052, 0.03146451711654663], "k_pid_att": [100.0, 4.5605340003967285, 0.9896379709243774], "k_pid_yaw": [0.5, 1e-06, 0.1], "k_pid_hsp": [10.0, 0.9028699994087219, 0.1149953305721283], "k_pid_vsp": [0.0, 6.823934078216553, 399.0503234863281]}, "datetime": {"datetime": "2025-08-11 22:37:44", "elapsed": 22343.43203139305, "delta": 30.41142702102661}, "costs": {"total_cost": 1582.1080810278263, "time_cost": 150, "final_distance_cost": 11.628290820629031, "oscillation_cost": 86.45068664343377, "completition_cost": 1000.0, "overshoot_cost": 166.08037245332892, "power_cost": 29.227665197753907, "noise_cost": 138.72106591268096, "n_waypoints_completed": 0, "tot_waypoints": 9}}
{"target": -1542.5347661175438, "params": {"k_pid_pos": [1.9760438203811646, 0.9268630743026733, 0.015275895595550537], "k_pid_alt": [1.9916191101074219, 0.982681393623352, 0.008963435888290405], "k_pid_att": [99.98788452148438, 0.503228485584259, 0.9516894817352295], "k_pid_yaw": [0.5, 1e-06, 0.1], "k_pid_hsp": [0.00010059603664558381, 0.9572277069091797, 0.12585222721099854], "k_pid_vsp": [1.4582514762878418, 1.5961298942565918, 0.28644901514053345]}, "datetime": {"datetime": "2025-08-11 22:38:14", "elapsed": 22374.273569345474, "delta": 30.841537952423096}, "costs": {"total_cost": 1542.5347661175438, "time_cost": 150, "final_distance_cost": 2.2355621669280668, "oscillation_cost": 50.764172223278365, "completition_cost": 1000.0, "overshoot_cost": 174.82161681510595, "power_cost": 19.586543505859375, "noise_cost": 145.12687140637203, "n_waypoints_completed": 0, "tot_waypoints": 9}}
