{"target": -1624.248183133872, "params": {"k_pid_pos": [0.4102190434932709, 0.9070062041282654, 0.8745697736740112], "k_pid_alt": [0.8506994843482971, 0.6003198623657227, 0.9276577234268188], "k_pid_att": [25.698678970336914, 1.6411418914794922, 0.7781075835227966], "k_pid_yaw": [0.5, 1e-06, 0.1], "k_pid_hsp": [0.0009636626346036792, 0.9053364992141724, 0.6576605439186096], "k_pid_vsp": [400.0, 1.6082773208618164, 276.3518371582031]}, "datetime": {"datetime": "2025-08-11 17:25:14", "elapsed": 3593.7348577976227, "delta": 29.589573860168457}, "costs": {"total_cost": 1624.248183133872, "time_cost": 150, "final_distance_cost": 72.91582616815174, "oscillation_cost": 452.3776278121972, "completition_cost": 777.7777777777778, "overshoot_cost": 108.68278017329031, "power_cost": 33.45247878417969, "noise_cost": 29.041692418275456, "n_waypoints_completed": 2, "tot_waypoints": 9}}
{"target": -1567.7244815678814, "params": {"k_pid_pos": [0.852319061756134, 0.7092702388763428, 0.079104483127594], "k_pid_alt": [1.4884591102600098, 0.6928290724754333, 0.5665871500968933], "k_pid_att": [99.99961853027344, 0.30746376514434814, 0.9359182119369507], "k_pid_yaw": [0.5, 1e-06, 0.1], "k_pid_hsp": [9.999999747378752e-05, 0.9073966145515442, 0.43430328369140625], "k_pid_vsp": [163.68959045410156, 5.3548583984375, 400.0]}, "datetime": {"datetime": "2025-08-11 17:25:44", "elapsed": 3623.749294281006, "delta": 30.01443648338318}, "costs": {"total_cost": 1567.7244815678814, "time_cost": 150, "final_distance_cost": 15.351876837004214, "oscillation_cost": 74.90806917683786, "completition_cost": 1000.0, "overshoot_cost": 170.08283879158583, "power_cost": 35.53597059326172, "noise_cost": 121.84572616919168, "n_waypoints_completed": 0, "tot_waypoints": 9}}
{"target": -6258.569869515779, "params": {"k_pid_pos": [1.8564400672912598, 0.7100058794021606, 0.20176354050636292], "k_pid_alt": [1.0470107793807983, 0.7008830904960632, 0.5706070065498352], "k_pid_att": [0.0011205673217773438, 9.679551124572754, 0.8490885496139526], "k_pid_yaw": [0.5, 1e-06, 0.1], "k_pid_hsp": [9.999999747378752e-05, 0.9597143530845642, 0.12214803695678711], "k_pid_vsp": [399.7672119140625, 266.939697265625, 0.0020990835037082434]}, "datetime": {"datetime": "2025-08-11 17:26:14", "elapsed": 3654.2178428173065, "delta": 30.46854853630066}, "costs": {"total_cost": 6258.569869515779, "time_cost": 150, "final_distance_cost": 903.9180490979174, "oscillation_cost": 1827.6351898652888, "completition_cost": 1000.0, "overshoot_cost": 2172.0200890507504, "power_cost": 58.60185020751953, "noise_cost": 146.39469129430321, "n_waypoints_completed": 0, "tot_waypoints": 9}}
{"target": -659.5474976919448, "params": {"k_pid_pos": [1.5070384740829468, 0.1870492696762085, 0.9116490483283997], "k_pid_alt": [1.9769504070281982, 0.6913554668426514, 0.7105711102485657], "k_pid_att": [71.89264678955078, 6.298656940460205, 0.04378962516784668], "k_pid_yaw": [0.5, 1e-06, 0.1], "k_pid_hsp": [9.999999046325684, 0.6875830292701721, 0.6420891284942627], "k_pid_vsp": [163.24496459960938, 139.7316436767578, 0.09210209548473358]}, "datetime": {"datetime": "2025-08-11 17:26:37", "elapsed": 3677.339295387268, "delta": 23.121452569961548}, "costs": {"total_cost": 659.5474976919448, "time_cost": 93.499, "final_distance_cost": 1.7551048699647582, "oscillation_cost": 458.65815063489543, "completition_cost": 0.0, "overshoot_cost": 55.26637129479644, "power_cost": 25.800098583984376, "noise_cost": 24.568772308303778, "n_waypoints_completed": 9, "tot_waypoints": 9}}
{"target": -1756.2078756549568, "params": {"k_pid_pos": [0.8544459939002991, 0.7160030603408813, 0.8970643281936646], "k_pid_alt": [1.9365841150283813, 0.8515558242797852, 0.9138076305389404], "k_pid_att": [1.936909556388855, 5.200700759887695, 0.8167939782142639], "k_pid_yaw": [0.5, 1e-06, 0.1], "k_pid_hsp": [0.1387142837047577, 0.29583317041397095, 0.19104993343353271], "k_pid_vsp": [0.0545501708984375, 336.7073974609375, 396.9667053222656]}, "datetime": {"datetime": "2025-08-11 17:27:07", "elapsed": 3707.3163006305695, "delta": 29.97700524330139}, "costs": {"total_cost": 1756.2078756549568, "time_cost": 150, "final_distance_cost": 1.1854680675722213, "oscillation_cost": 257.4031926286756, "completition_cost": 1000.0, "overshoot_cost": 163.12689769004908, "power_cost": 43.32668433837891, "noise_cost": 141.16563293028088, "n_waypoints_completed": 0, "tot_waypoints": 9}}
{"target": -7860.775838332399, "params": {"k_pid_pos": [0.13404829800128937, 0.40997979044914246, 0.12876015901565552], "k_pid_alt": [1.7289042472839355, 0.7687243223190308, 0.9667903184890747], "k_pid_att": [0.0, 8.941709518432617, 0.06397309899330139], "k_pid_yaw": [0.5, 1e-06, 0.1], "k_pid_hsp": [9.999990463256836, 0.9164150357246399, 0.9127202033996582], "k_pid_vsp": [399.9638977050781, 164.88316345214844, 118.03656005859375]}, "datetime": {"datetime": "2025-08-11 17:27:38", "elapsed": 3737.4850022792816, "delta": 30.168701648712158}, "costs": {"total_cost": 7860.775838332399, "time_cost": 150, "final_distance_cost": 1626.2379790596449, "oscillation_cost": 1863.986655621882, "completition_cost": 1000.0, "overshoot_cost": 3023.0836420601236, "power_cost": 58.44737623291016, "noise_cost": 139.0201853578388, "n_waypoints_completed": 0, "tot_waypoints": 9}}
{"target": -564.9517697295073, "params": {"k_pid_pos": [1.8624426126480103, 0.5830424427986145, 0.04040282964706421], "k_pid_alt": [1.9089875221252441, 0.5662928819656372, 0.953622579574585], "k_pid_att": [99.98760223388672, 9.752239227294922, 0.6775097250938416], "k_pid_yaw": [0.5, 1e-06, 0.1], "k_pid_hsp": [9.999999046325684, 0.9954061508178711, 0.4170035719871521], "k_pid_vsp": [400.0, 139.64988708496094, 399.6086730957031]}, "datetime": {"datetime": "2025-08-11 17:28:07", "elapsed": 3767.3125462532043, "delta": 29.82754397392273}, "costs": {"total_cost": 564.9517697295073, "time_cost": 118.202, "final_distance_cost": 1.7796040943692308, "oscillation_cost": 297.1648235589298, "completition_cost": 0.0, "overshoot_cost": 77.93764943623928, "power_cost": 37.22081353759766, "noise_cost": 32.64687910237132, "n_waypoints_completed": 9, "tot_waypoints": 9}}
{"target": -1251.0644389456415, "params": {"k_pid_pos": [0.30707359313964844, 0.030447065830230713, 0.8145287036895752], "k_pid_alt": [1.4276328086853027, 0.772617518901825, 0.9405298233032227], "k_pid_att": [12.674659729003906, 6.002861499786377, 0.28561830520629883], "k_pid_yaw": [0.5, 1e-06, 0.1], "k_pid_hsp": [0.21494100987911224, 0.31734102964401245, 0.7300182580947876], "k_pid_vsp": [1.699972152709961, 175.6128692626953, 0.04164080321788788]}, "datetime": {"datetime": "2025-08-11 17:28:38", "elapsed": 3798.129814386368, "delta": 30.817268133163452}, "costs": {"total_cost": 1251.0644389456415, "time_cost": 150, "final_distance_cost": 46.1978101723992, "oscillation_cost": 369.6457315007315, "completition_cost": 555.5555555555555, "overshoot_cost": 70.724817268999, "power_cost": 31.720785192871094, "noise_cost": 27.219739255085404, "n_waypoints_completed": 4, "tot_waypoints": 9}}
{"target": -597.0145631366731, "params": {"k_pid_pos": [1.8963757753372192, 0.358512282371521, 0.7443897128105164], "k_pid_alt": [1.695932388305664, 0.4334416389465332, 0.9077368974685669], "k_pid_att": [99.99954986572266, 1.8273569345474243, 0.06244969367980957], "k_pid_yaw": [0.5, 1e-06, 0.1], "k_pid_hsp": [10.0, 0.6976727843284607, 0.269838809967041], "k_pid_vsp": [399.9994201660156, 290.86163330078125, 399.7169494628906]}, "datetime": {"datetime": "2025-08-11 17:29:02", "elapsed": 3821.651748895645, "delta": 23.521934509277344}, "costs": {"total_cost": 597.0145631366731, "time_cost": 94.35300000000001, "final_distance_cost": 1.7982267437334643, "oscillation_cost": 385.88836252945896, "completition_cost": 0.0, "overshoot_cost": 61.8075655995072, "power_cost": 29.300230102539064, "noise_cost": 23.867178161434502, "n_waypoints_completed": 9, "tot_waypoints": 9}}
{"target": -868.667709098049, "params": {"k_pid_pos": [0.41836801171302795, 0.02940046787261963, 0.48915496468544006], "k_pid_alt": [0.698255181312561, 0.3372199833393097, 0.9102659225463867], "k_pid_att": [100.0, 0.4856935739517212, 0.7424268126487732], "k_pid_yaw": [0.5, 1e-06, 0.1], "k_pid_hsp": [10.0, 0.45116156339645386, 0.9774858951568604], "k_pid_vsp": [399.1871032714844, 193.45101928710938, 136.23348999023438]}, "datetime": {"datetime": "2025-08-11 17:29:31", "elapsed": 3850.8818345069885, "delta": 29.230085611343384}, "costs": {"total_cost": 868.667709098049, "time_cost": 117.852, "final_distance_cost": 1.817563519711885, "oscillation_cost": 625.4715348154807, "completition_cost": 0.0, "overshoot_cost": 60.51528197792864, "power_cost": 34.31434294433594, "noise_cost": 28.696985840591815, "n_waypoints_completed": 9, "tot_waypoints": 9}}
{"target": -1729.1559712383948, "params": {"k_pid_pos": [1.4843546152114868, 0.07548165321350098, 0.5661984086036682], "k_pid_alt": [0.8162641525268555, 0.9195948243141174, 0.22902315855026245], "k_pid_att": [99.99979400634766, 6.408729553222656, 0.4528793692588806], "k_pid_yaw": [0.5, 1e-06, 0.1], "k_pid_hsp": [10.0, 0.3416101932525635, 0.9190465211868286], "k_pid_vsp": [34.959266662597656, 103.3418197631836, 399.9991455078125]}, "datetime": {"datetime": "2025-08-11 17:30:01", "elapsed": 3881.1524085998535, "delta": 30.27057409286499}, "costs": {"total_cost": 1729.1559712383948, "time_cost": 150, "final_distance_cost": 55.56561551417328, "oscillation_cost": 693.1312486828582, "completition_cost": 666.6666666666667, "overshoot_cost": 97.38906943340766, "power_cost": 36.068284484863284, "noise_cost": 30.33508645642557, "n_waypoints_completed": 3, "tot_waypoints": 9}}
{"target": -21245.350360017463, "params": {"k_pid_pos": [0.5494733452796936, 0.028034478425979614, 0.1001715362071991], "k_pid_alt": [0.5148600339889526, 0.2347826063632965, 0.6868524551391602], "k_pid_att": [3.8743019104003906e-05, 3.3378703594207764, 0.307844340801239], "k_pid_yaw": [0.5, 1e-06, 0.1], "k_pid_hsp": [0.00010059603664558381, 0.4378538429737091, 0.09959220886230469], "k_pid_vsp": [399.99505615234375, 366.3733825683594, 0.001205013832077384]}, "datetime": {"datetime": "2025-08-11 17:30:31", "elapsed": 3910.926919698715, "delta": 29.774511098861694}, "costs": {"total_cost": 21245.350360017463, "time_cost": 150, "final_distance_cost": 6244.291299388425, "oscillation_cost": 1878.0114334821972, "completition_cost": 1000.0, "overshoot_cost": 11763.964276368815, "power_cost": 58.628118859863285, "noise_cost": 150.45523191816326, "n_waypoints_completed": 0, "tot_waypoints": 9}}
{"target": -1734.1989952520346, "params": {"k_pid_pos": [0.5392427444458008, 0.2586614489555359, 0.24036896228790283], "k_pid_alt": [0.43813085556030273, 0.8892648220062256, 0.02009660005569458], "k_pid_att": [1.6817867755889893, 1.4189072847366333, 0.792585015296936], "k_pid_yaw": [0.5, 1e-06, 0.1], "k_pid_hsp": [0.00010357623978052288, 0.5385990142822266, 0.5820626020431519], "k_pid_vsp": [0.05946159362792969, 81.28202056884766, 9.999999974752427e-07]}, "datetime": {"datetime": "2025-08-11 17:31:03", "elapsed": 3942.6498754024506, "delta": 31.72295570373535}, "costs": {"total_cost": 1734.1989952520346, "time_cost": 150, "final_distance_cost": 176.24363117141382, "oscillation_cost": 159.19262568386097, "completition_cost": 888.8888888888888, "overshoot_cost": 299.8629197620746, "power_cost": 32.30033874511719, "noise_cost": 27.710591000679155, "n_waypoints_completed": 1, "tot_waypoints": 9}}
{"target": -2256.1845585680085, "params": {"k_pid_pos": [0.039363790303468704, 0.7403184175491333, 0.07667228579521179], "k_pid_alt": [1.6684730052947998, 0.4156995713710785, 0.06445899605751038], "k_pid_att": [85.52622985839844, 0.10397167503833771, 0.062531977891922], "k_pid_yaw": [0.5, 1e-06, 0.1], "k_pid_hsp": [0.00015870998322498053, 0.16275399923324585, 0.3141971826553345], "k_pid_vsp": [227.01077270507812, 69.98560333251953, 399.9987487792969]}, "datetime": {"datetime": "2025-08-11 17:31:33", "elapsed": 3972.673811197281, "delta": 30.023935794830322}, "costs": {"total_cost": 2256.1845585680085, "time_cost": 150, "final_distance_cost": 53.66974162397902, "oscillation_cost": 645.5251584838405, "completition_cost": 888.8888888888888, "overshoot_cost": 454.8374834590704, "power_cost": 34.89322302246094, "noise_cost": 28.370063089768927, "n_waypoints_completed": 1, "tot_waypoints": 9}}
{"target": -1031.3328032168347, "params": {"k_pid_pos": [1.8437600135803223, 0.08026209473609924, 0.037594765424728394], "k_pid_alt": [0.05411332845687866, 0.0713394284248352, 0.2905886769294739], "k_pid_att": [100.0, 9.974384307861328, 0.7701902389526367], "k_pid_yaw": [0.5, 1e-06, 0.1], "k_pid_hsp": [9.51440715789795, 0.6463391780853271, 0.9456636905670166], "k_pid_vsp": [383.8851318359375, 257.7169189453125, 400.0]}, "datetime": {"datetime": "2025-08-11 17:32:03", "elapsed": 4002.4658982753754, "delta": 29.792087078094482}, "costs": {"total_cost": 1031.3328032168347, "time_cost": 150, "final_distance_cost": 69.14536499572522, "oscillation_cost": 455.7489925516963, "completition_cost": 222.2222222222222, "overshoot_cost": 68.57677830517453, "power_cost": 36.861020556640625, "noise_cost": 28.77842458537569, "n_waypoints_completed": 7, "tot_waypoints": 9}}
{"target": -3090.0471107693716, "params": {"k_pid_pos": [0.4920268654823303, 0.7915621995925903, 0.8495274186134338], "k_pid_alt": [1.1135188341140747, 0.5327451825141907, 0.547319769859314], "k_pid_att": [0.24656057357788086, 9.881879806518555, 0.016626030206680298], "k_pid_yaw": [0.5, 1e-06, 0.1], "k_pid_hsp": [9.720318794250488, 0.924224317073822, 0.17626619338989258], "k_pid_vsp": [1.9172191619873047, 271.083740234375, 0.36133629083633423]}, "datetime": {"datetime": "2025-08-11 17:32:32", "elapsed": 4031.823349714279, "delta": 29.35745143890381}, "costs": {"total_cost": 3090.0471107693716, "time_cost": 150, "final_distance_cost": 173.1096785674856, "oscillation_cost": 1047.3887366871436, "completition_cost": 1000.0, "overshoot_cost": 509.8084308563572, "power_cost": 53.29072967529297, "noise_cost": 156.44953498309218, "n_waypoints_completed": 0, "tot_waypoints": 9}}
{"target": -1378.7940896775478, "params": {"k_pid_pos": [1.1078065633773804, 0.9330670237541199, 0.7849339246749878], "k_pid_alt": [1.1466392278671265, 0.3081178665161133, 0.06511709094047546], "k_pid_att": [3.3867626190185547, 3.919846296310425, 0.2379932403564453], "k_pid_yaw": [0.5, 1e-06, 0.1], "k_pid_hsp": [9.999999046325684, 0.04817163944244385, 0.8533112406730652], "k_pid_vsp": [0.524437427520752, 384.045166015625, 9.999999974752427e-07]}, "datetime": {"datetime": "2025-08-11 17:33:03", "elapsed": 4062.83829331398, "delta": 31.014943599700928}, "costs": {"total_cost": 1378.7940896775478, "time_cost": 150, "final_distance_cost": 65.89058893858365, "oscillation_cost": 170.87962761933866, "completition_cost": 888.8888888888888, "overshoot_cost": 40.56859563966865, "power_cost": 35.73163218994141, "noise_cost": 26.834756401126732, "n_waypoints_completed": 1, "tot_waypoints": 9}}
{"target": -1686.7978858778372, "params": {"k_pid_pos": [0.4300311207771301, 0.5129676461219788, 0.8945384621620178], "k_pid_alt": [0.063140869140625, 0.6698369979858398, 0.9650409817695618], "k_pid_att": [99.98914337158203, 9.385583877563477, 0.3716232478618622], "k_pid_yaw": [0.5, 1e-06, 0.1], "k_pid_hsp": [9.9996337890625, 0.2994191646575928, 0.6812770366668701], "k_pid_vsp": [400.0, 80.46438598632812, 9.999999974752427e-07]}, "datetime": {"datetime": "2025-08-11 17:33:33", "elapsed": 4092.890599489212, "delta": 30.052306175231934}, "costs": {"total_cost": 1686.7978858778372, "time_cost": 150, "final_distance_cost": 52.95875822941329, "oscillation_cost": 695.1676022787241, "completition_cost": 666.6666666666667, "overshoot_cost": 56.66701036580873, "power_cost": 34.2154695678711, "noise_cost": 31.122378769353187, "n_waypoints_completed": 3, "tot_waypoints": 9}}
{"target": -652.419376339623, "params": {"k_pid_pos": [1.4335170984268188, 0.5408158898353577, 0.22686558961868286], "k_pid_alt": [1.0562478303909302, 0.6835975646972656, 0.5580917000770569], "k_pid_att": [91.05934143066406, 3.3364322185516357, 0.18124040961265564], "k_pid_yaw": [0.5, 1e-06, 0.1], "k_pid_hsp": [10.0, 0.5063262581825256, 0.6037514209747314], "k_pid_vsp": [399.9773864746094, 146.69873046875, 9.999999974752427e-07]}, "datetime": {"datetime": "2025-08-11 17:33:59", "elapsed": 4119.266061782837, "delta": 26.375462293624878}, "costs": {"total_cost": 652.419376339623, "time_cost": 104.244, "final_distance_cost": 1.7471795293046077, "oscillation_cost": 427.0174943653684, "completition_cost": 0.0, "overshoot_cost": 60.38625494327455, "power_cost": 29.918772680664063, "noise_cost": 29.105674821011384, "n_waypoints_completed": 9, "tot_waypoints": 9}}
{"target": -3126.0160118984422, "params": {"k_pid_pos": [1.0251466035842896, 0.7301815748214722, 0.891531229019165], "k_pid_alt": [0.7035571336746216, 0.08680135011672974, 0.9960579872131348], "k_pid_att": [99.95793151855469, 6.866358757019043, 0.6558411121368408], "k_pid_yaw": [0.5, 1e-06, 0.1], "k_pid_hsp": [0.0001023841614369303, 0.23593240976333618, 0.7161968350410461], "k_pid_vsp": [2.8711318969726562, 49.020790100097656, 372.68658447265625]}, "datetime": {"datetime": "2025-08-11 17:34:29", "elapsed": 4149.037269115448, "delta": 29.771207332611084}, "costs": {"total_cost": 3126.0160118984422, "time_cost": 150, "final_distance_cost": 398.0120090827967, "oscillation_cost": 816.15772606007, "completition_cost": 1000.0, "overshoot_cost": 696.2274548032518, "power_cost": 36.5846681640625, "noise_cost": 29.034153788261477, "n_waypoints_completed": 0, "tot_waypoints": 9}}
{"target": -4993.00243067059, "params": {"k_pid_pos": [0.31238266825675964, 0.8787643313407898, 0.8357543349266052], "k_pid_alt": [1.7718143463134766, 0.28617167472839355, 0.7419326305389404], "k_pid_att": [0.0, 6.148470878601074, 0.1914999783039093], "k_pid_yaw": [0.5, 1e-06, 0.1], "k_pid_hsp": [7.440392971038818, 0.6182466745376587, 0.45767998695373535], "k_pid_vsp": [399.91241455078125, 327.9695129394531, 400.0]}, "datetime": {"datetime": "2025-08-11 17:34:59", "elapsed": 4179.040668487549, "delta": 30.00339937210083}, "costs": {"total_cost": 4993.00243067059, "time_cost": 150, "final_distance_cost": 415.5614412384126, "oscillation_cost": 1970.6941632754572, "completition_cost": 1000.0, "overshoot_cost": 1250.3780771353581, "power_cost": 57.96231048583984, "noise_cost": 148.40643853552265, "n_waypoints_completed": 0, "tot_waypoints": 9}}
{"target": -2083.9610375184175, "params": {"k_pid_pos": [1.7987744808197021, 0.4635200500488281, 0.2678637206554413], "k_pid_alt": [0.31352007389068604, 0.5117467045783997, 0.5808091759681702], "k_pid_att": [99.99999237060547, 6.265838146209717, 0.5200703144073486], "k_pid_yaw": [0.5, 1e-06, 0.1], "k_pid_hsp": [9.999999747378752e-05, 0.755854070186615, 0.8735743761062622], "k_pid_vsp": [399.99993896484375, 347.1382141113281, 0.0014553533401340246]}, "datetime": {"datetime": "2025-08-11 17:35:29", "elapsed": 4208.820438146591, "delta": 29.77976965904236}, "costs": {"total_cost": 2083.9610375184175, "time_cost": 150, "final_distance_cost": 72.81319663161776, "oscillation_cost": 831.8383401926297, "completition_cost": 777.7777777777778, "overshoot_cost": 187.20276189394374, "power_cost": 34.8475380859375, "noise_cost": 29.481422936510782, "n_waypoints_completed": 2, "tot_waypoints": 9}}
{"target": -1182.7083941033245, "params": {"k_pid_pos": [1.3466250896453857, 0.1785845160484314, 0.29305195808410645], "k_pid_alt": [1.2075433731079102, 0.0840904712677002, 0.5330397486686707], "k_pid_att": [99.9999771118164, 6.426135540008545, 0.7511463165283203], "k_pid_yaw": [0.5, 1e-06, 0.1], "k_pid_hsp": [9.99514102935791, 0.3409552574157715, 0.4648919105529785], "k_pid_vsp": [0.0, 326.1264953613281, 181.51246643066406]}, "datetime": {"datetime": "2025-08-11 17:35:59", "elapsed": 4238.45830821991, "delta": 29.63787007331848}, "costs": {"total_cost": 1182.7083941033245, "time_cost": 150, "final_distance_cost": 77.24127064445749, "oscillation_cost": 570.035285718408, "completition_cost": 222.2222222222222, "overshoot_cost": 95.39362364344132, "power_cost": 35.879241540527346, "noise_cost": 31.936750334268233, "n_waypoints_completed": 7, "tot_waypoints": 9}}
{"target": -4731.985249912391, "params": {"k_pid_pos": [1.7946195602416992, 0.8215587139129639, 0.7749932408332825], "k_pid_alt": [1.5766898393630981, 0.7871983051300049, 0.9314371347427368], "k_pid_att": [0.00016391277313232422, 7.384984493255615, 0.5436976552009583], "k_pid_yaw": [0.5, 1e-06, 0.1], "k_pid_hsp": [1.4476587772369385, 0.38450053334236145, 0.7464541792869568], "k_pid_vsp": [0.2783060073852539, 88.14497375488281, 0.00017981392738875002]}, "datetime": {"datetime": "2025-08-11 17:36:28", "elapsed": 4268.260120153427, "delta": 29.801811933517456}, "costs": {"total_cost": 4731.985249912391, "time_cost": 150, "final_distance_cost": 188.69887811810943, "oscillation_cost": 1878.6232657058047, "completition_cost": 1000.0, "overshoot_cost": 1306.603841944086, "power_cost": 58.58599947509766, "noise_cost": 149.47326466929192, "n_waypoints_completed": 0, "tot_waypoints": 9}}
