{"target": -984.0104674155683, "params": {"k_pid_pos": [1.993454098701477, 0.9138745665550232, 0.02692997455596924], "k_pid_alt": [1.9386377334594727, 0.938628613948822, 0.03822648525238037], "k_pid_att": [100.0, 1.799756646156311, 0.9901070594787598], "k_pid_yaw": [0.5, 1e-06, 0.1], "k_pid_hsp": [10.0, 0.9843076467514038, 0.022584766149520874], "k_pid_vsp": [399.96826171875, 0.40835243463516235, 201.21014404296875]}, "datetime": {"datetime": "2025-08-12 08:39:58", "elapsed": 58478.05459570885, "delta": 30.06519103050232}, "costs": {"total_cost": 984.0104674155683, "time_cost": 150, "final_distance_cost": 58.199640085425756, "oscillation_cost": 89.7294277827367, "completition_cost": 555.5555555555555, "overshoot_cost": 65.65335403920483, "power_cost": 33.92994400634766, "noise_cost": 30.942545946297894, "n_waypoints_completed": 4, "tot_waypoints": 9}}
{"target": -1558.438314521014, "params": {"k_pid_pos": [1.9735583066940308, 0.9966527223587036, 0.012118816375732422], "k_pid_alt": [1.9592442512512207, 0.9931591153144836, 0.042065173387527466], "k_pid_att": [100.0, 0.014176986180245876, 0.9136737585067749], "k_pid_yaw": [0.5, 1e-06, 0.1], "k_pid_hsp": [10.0, 0.9976533651351929, 0.02131757140159607], "k_pid_vsp": [8.344650268554688e-05, 10.078025817871094, 0.018204258754849434]}, "datetime": {"datetime": "2025-08-12 08:40:29", "elapsed": 58508.71386098862, "delta": 30.659265279769897}, "costs": {"total_cost": 1558.438314521014, "time_cost": 150, "final_distance_cost": 13.496615918032072, "oscillation_cost": 58.18637317440712, "completition_cost": 1000.0, "overshoot_cost": 166.61241159692406, "power_cost": 21.374099169921877, "noise_cost": 148.76881466172887, "n_waypoints_completed": 0, "tot_waypoints": 9}}
{"target": -1312.1496690010138, "params": {"k_pid_pos": [1.9319170713424683, 0.9924036264419556, 0.018354296684265137], "k_pid_alt": [1.9796648025512695, 0.9600188136100769, 0.04610574245452881], "k_pid_att": [100.0, 0.37733936309814453, 0.9939792156219482], "k_pid_yaw": [0.5, 1e-06, 0.1], "k_pid_hsp": [9.532431602478027, 0.9837183952331543, 0.06779313087463379], "k_pid_vsp": [9.71837043762207, 13.137389183044434, 0.004614399280399084]}, "datetime": {"datetime": "2025-08-12 08:40:58", "elapsed": 58538.10087490082, "delta": 29.387013912200928}, "costs": {"total_cost": 1312.1496690010138, "time_cost": 150, "final_distance_cost": 72.7669506411041, "oscillation_cost": 91.74369612654291, "completition_cost": 888.8888888888888, "overshoot_cost": 43.26868374710931, "power_cost": 31.244308203125, "noise_cost": 34.23714139424368, "n_waypoints_completed": 1, "tot_waypoints": 9}}
{"target": -1499.1046767461141, "params": {"k_pid_pos": [1.9923990964889526, 0.9221031665802002, 0.07052266597747803], "k_pid_alt": [1.9725946187973022, 0.9910348057746887, 0.07162141799926758], "k_pid_att": [100.0, 0.28154224157333374, 0.9883699417114258], "k_pid_yaw": [0.5, 1e-06, 0.1], "k_pid_hsp": [10.0, 0.9828672409057617, 0.004236966371536255], "k_pid_vsp": [399.9192810058594, 6.691957473754883, 366.24896240234375]}, "datetime": {"datetime": "2025-08-12 08:41:32", "elapsed": 58571.85927963257, "delta": 33.75840473175049}, "costs": {"total_cost": 1499.1046767461141, "time_cost": 150, "final_distance_cost": 4.489098441077419, "oscillation_cost": 53.80459008604254, "completition_cost": 1000.0, "overshoot_cost": 160.05174861781998, "power_cost": 32.2971135131836, "noise_cost": 98.46212608799057, "n_waypoints_completed": 0, "tot_waypoints": 9}}
{"target": -1260.9490339989868, "params": {"k_pid_pos": [1.9313077926635742, 0.9523124694824219, 0.0777209997177124], "k_pid_alt": [1.909201979637146, 0.9930019378662109, 0.00847819447517395], "k_pid_att": [100.0, 0.4935356676578522, 0.9883842468261719], "k_pid_yaw": [0.5, 1e-06, 0.1], "k_pid_hsp": [9.993059158325195, 0.9895636439323425, 0.06679481267929077], "k_pid_vsp": [0.11664628982543945, 39.42835235595703, 9.999999974752427e-07]}, "datetime": {"datetime": "2025-08-12 08:42:02", "elapsed": 58601.52423405647, "delta": 29.66495442390442}, "costs": {"total_cost": 1260.9490339989868, "time_cost": 150, "final_distance_cost": 100.96785296334222, "oscillation_cost": 115.17821481870487, "completition_cost": 777.7777777777778, "overshoot_cost": 53.24948644157415, "power_cost": 32.76549061279297, "noise_cost": 31.010211384794804, "n_waypoints_completed": 2, "tot_waypoints": 9}}
{"target": -1137.778527273364, "params": {"k_pid_pos": [1.9606797695159912, 0.9929118156433105, 0.010910898447036743], "k_pid_alt": [1.9848570823669434, 0.9913790225982666, 0.033637791872024536], "k_pid_att": [100.0, 0.7873318195343018, 0.9773349165916443], "k_pid_yaw": [0.5, 1e-06, 0.1], "k_pid_hsp": [10.0, 0.991068959236145, 0.027632921934127808], "k_pid_vsp": [0.0, 51.71269226074219, 0.00023941857216414064]}, "datetime": {"datetime": "2025-08-12 08:42:32", "elapsed": 58631.419387578964, "delta": 29.895153522491455}, "costs": {"total_cost": 1137.778527273364, "time_cost": 150, "final_distance_cost": 51.72071021184108, "oscillation_cost": 135.0459648391453, "completition_cost": 666.6666666666667, "overshoot_cost": 68.41445237870683, "power_cost": 34.119227050781255, "noise_cost": 31.811506126222934, "n_waypoints_completed": 3, "tot_waypoints": 9}}
{"target": -1527.601969447991, "params": {"k_pid_pos": [1.9477026462554932, 0.9965059757232666, 0.11814653873443604], "k_pid_alt": [1.9956163167953491, 0.9574087262153625, 0.07108205556869507], "k_pid_att": [99.95748138427734, 0.06715068221092224, 0.99619060754776], "k_pid_yaw": [0.5, 1e-06, 0.1], "k_pid_hsp": [10.0, 0.9755932688713074, 0.012268215417861938], "k_pid_vsp": [0.0012874603271484375, 2.1045455932617188, 2.9539356231689453]}, "datetime": {"datetime": "2025-08-12 08:43:03", "elapsed": 58662.7549636364, "delta": 31.335576057434082}, "costs": {"total_cost": 1527.601969447991, "time_cost": 150, "final_distance_cost": 4.168160197804315, "oscillation_cost": 52.40906983534747, "completition_cost": 1000.0, "overshoot_cost": 166.43861815455134, "power_cost": 14.285275207519533, "noise_cost": 140.30084605276824, "n_waypoints_completed": 0, "tot_waypoints": 9}}
{"target": -1313.8912972306398, "params": {"k_pid_pos": [1.9724595546722412, 0.9846214056015015, 0.028212785720825195], "k_pid_alt": [1.8515747785568237, 0.9949568510055542, 0.0023725032806396484], "k_pid_att": [100.0, 0.6628514528274536, 0.8323700428009033], "k_pid_yaw": [0.5, 1e-06, 0.1], "k_pid_hsp": [10.0, 0.9632865190505981, 0.04585573077201843], "k_pid_vsp": [399.9998779296875, 2.511061191558838, 9.999999974752427e-07]}, "datetime": {"datetime": "2025-08-12 08:43:33", "elapsed": 58692.730833530426, "delta": 29.97586989402771}, "costs": {"total_cost": 1313.8912972306398, "time_cost": 150, "final_distance_cost": 65.853910954233, "oscillation_cost": 102.472307396814, "completition_cost": 888.8888888888888, "overshoot_cost": 42.15210247457781, "power_cost": 30.787955212402345, "noise_cost": 33.73613230372388, "n_waypoints_completed": 1, "tot_waypoints": 9}}
{"target": -1439.1525518782387, "params": {"k_pid_pos": [1.907869815826416, 0.9778575897216797, 0.008543670177459717], "k_pid_alt": [1.9896316528320312, 0.8989958763122559, 0.02159702777862549], "k_pid_att": [100.0, 0.844682514667511, 0.9491579532623291], "k_pid_yaw": [0.5, 1e-06, 0.1], "k_pid_hsp": [9.999983787536621, 0.9928678274154663, 0.13868075609207153], "k_pid_vsp": [0.000286102294921875, 17.7684326171875, 9.999999974752427e-07]}, "datetime": {"datetime": "2025-08-12 08:44:02", "elapsed": 58722.34495592117, "delta": 29.61412239074707}, "costs": {"total_cost": 1439.1525518782387, "time_cost": 150, "final_distance_cost": 25.75696062176432, "oscillation_cost": 96.86647815305078, "completition_cost": 1000.0, "overshoot_cost": 90.75254282610608, "power_cost": 32.39419102783203, "noise_cost": 43.382379249485645, "n_waypoints_completed": 0, "tot_waypoints": 9}}
{"target": -1518.8848241994112, "params": {"k_pid_pos": [1.974657654762268, 0.9921789169311523, 0.02713334560394287], "k_pid_alt": [1.9239251613616943, 0.9934111833572388, 0.02305072546005249], "k_pid_att": [100.0, 0.7370390892028809, 0.9957664012908936], "k_pid_yaw": [0.5, 1e-06, 0.1], "k_pid_hsp": [10.0, 0.9904444217681885, 0.006744205951690674], "k_pid_vsp": [399.9375, 0.9268651604652405, 377.3084716796875]}, "datetime": {"datetime": "2025-08-12 08:44:31", "elapsed": 58751.203409433365, "delta": 28.858453512191772}, "costs": {"total_cost": 1518.8848241994112, "time_cost": 150, "final_distance_cost": 13.362570146409444, "oscillation_cost": 56.706772478667006, "completition_cost": 1000.0, "overshoot_cost": 161.8782499081426, "power_cost": 32.15911873779297, "noise_cost": 104.77811292839922, "n_waypoints_completed": 0, "tot_waypoints": 9}}
{"target": -743.5364481933545, "params": {"k_pid_pos": [1.9459093809127808, 0.9958557486534119, 0.1094542145729065], "k_pid_alt": [1.9802210330963135, 0.9727451801300049, 0.005249708890914917], "k_pid_att": [100.0, 1.159484624862671, 0.9986840486526489], "k_pid_yaw": [0.5, 1e-06, 0.1], "k_pid_hsp": [10.0, 0.9552175998687744, 0.011928021907806396], "k_pid_vsp": [399.80169677734375, 0.5577574372291565, 9.999999974752427e-07]}, "datetime": {"datetime": "2025-08-12 08:45:00", "elapsed": 58779.710997104645, "delta": 28.507587671279907}, "costs": {"total_cost": 743.5364481933545, "time_cost": 150, "final_distance_cost": 58.72428460545303, "oscillation_cost": 183.24665509686108, "completition_cost": 222.2222222222222, "overshoot_cost": 65.55022391499111, "power_cost": 31.116459387207033, "noise_cost": 32.676602966620216, "n_waypoints_completed": 7, "tot_waypoints": 9}}
{"target": -1381.1760026918323, "params": {"k_pid_pos": [1.9891608953475952, 0.9882148504257202, 0.0947318971157074], "k_pid_alt": [1.981107473373413, 0.9930922985076904, 0.009792566299438477], "k_pid_att": [100.0, 2.7475521564483643, 0.9883420467376709], "k_pid_yaw": [0.5, 1e-06, 0.1], "k_pid_hsp": [0.010923797264695168, 0.9043378829956055, 0.058096855878829956], "k_pid_vsp": [0.19019842147827148, 19.72736358642578, 9.999999974752427e-07]}, "datetime": {"datetime": "2025-08-12 08:45:30", "elapsed": 58809.51393413544, "delta": 29.802937030792236}, "costs": {"total_cost": 1381.1760026918323, "time_cost": 150, "final_distance_cost": 65.1180501370292, "oscillation_cost": 69.13524128359641, "completition_cost": 888.8888888888888, "overshoot_cost": 125.86279374107335, "power_cost": 31.927711730957032, "noise_cost": 50.243316910287355, "n_waypoints_completed": 1, "tot_waypoints": 9}}
{"target": -843.3527050931767, "params": {"k_pid_pos": [1.889164924621582, 0.9756553769111633, 0.016925513744354248], "k_pid_alt": [1.9126079082489014, 0.9681867361068726, 0.014473199844360352], "k_pid_att": [100.0, 1.0593692064285278, 0.9408657550811768], "k_pid_yaw": [0.5, 1e-06, 0.1], "k_pid_hsp": [10.0, 0.8941769003868103, 0.014783352613449097], "k_pid_vsp": [399.968994140625, 0.8289347290992737, 0.08324484527111053]}, "datetime": {"datetime": "2025-08-12 08:45:59", "elapsed": 58838.598440647125, "delta": 29.084506511688232}, "costs": {"total_cost": 843.3527050931767, "time_cost": 150, "final_distance_cost": 76.55562310246751, "oscillation_cost": 153.43815100998103, "completition_cost": 333.33333333333337, "overshoot_cost": 65.09693401734997, "power_cost": 30.672939001464844, "noise_cost": 34.25572462858, "n_waypoints_completed": 6, "tot_waypoints": 9}}
{"target": -1310.4511223516606, "params": {"k_pid_pos": [1.9716529846191406, 0.9839817881584167, 0.004892468452453613], "k_pid_alt": [1.9298661947250366, 0.9818068742752075, 0.22892266511917114], "k_pid_att": [100.0, 0.15372467041015625, 0.9776421785354614], "k_pid_yaw": [0.5, 1e-06, 0.1], "k_pid_hsp": [10.0, 0.9598630666732788, 0.03599384427070618], "k_pid_vsp": [283.8836364746094, 5.6556830406188965, 0.002349423011764884]}, "datetime": {"datetime": "2025-08-12 08:46:28", "elapsed": 58868.2848815918, "delta": 29.68644094467163}, "costs": {"total_cost": 1310.4511223516606, "time_cost": 150, "final_distance_cost": 60.52096780823456, "oscillation_cost": 105.59120131599714, "completition_cost": 888.8888888888888, "overshoot_cost": 41.336733480734885, "power_cost": 30.199147753906253, "noise_cost": 33.9141831038989, "n_waypoints_completed": 1, "tot_waypoints": 9}}
{"target": -1529.514153672976, "params": {"k_pid_pos": [1.975588083267212, 0.9531512260437012, 0.013253897428512573], "k_pid_alt": [1.9905462265014648, 0.9775325059890747, 0.020297914743423462], "k_pid_att": [100.0, 0.5020275115966797, 0.9974576234817505], "k_pid_yaw": [0.5, 1e-06, 0.1], "k_pid_hsp": [9.999862670898438, 0.9921168684959412, 0.006318420171737671], "k_pid_vsp": [9.727334976196289, 5.236268997192383, 400.0]}, "datetime": {"datetime": "2025-08-12 08:46:57", "elapsed": 58897.0381333828, "delta": 28.753251791000366}, "costs": {"total_cost": 1529.514153672976, "time_cost": 150, "final_distance_cost": 10.869931530755832, "oscillation_cost": 48.920935399959326, "completition_cost": 1000.0, "overshoot_cost": 165.90727178412064, "power_cost": 30.00501904296875, "noise_cost": 123.81099591517143, "n_waypoints_completed": 0, "tot_waypoints": 9}}
{"target": -1305.2980099740391, "params": {"k_pid_pos": [1.9770076274871826, 0.9995070695877075, 0.005111753940582275], "k_pid_alt": [1.9884860515594482, 0.9568491578102112, 0.010644227266311646], "k_pid_att": [100.0, 0.08704382926225662, 0.9975770711898804], "k_pid_yaw": [0.5, 1e-06, 0.1], "k_pid_hsp": [10.0, 0.9924213886260986, 0.023670822381973267], "k_pid_vsp": [400.0, 1.6839871406555176, 9.999999974752427e-07]}, "datetime": {"datetime": "2025-08-12 08:47:26", "elapsed": 58926.00105595589, "delta": 28.9629225730896}, "costs": {"total_cost": 1305.2980099740391, "time_cost": 150, "final_distance_cost": 60.12388903713939, "oscillation_cost": 101.47597337268589, "completition_cost": 888.8888888888888, "overshoot_cost": 41.40902807539594, "power_cost": 29.500649145507815, "noise_cost": 33.899581454421124, "n_waypoints_completed": 1, "tot_waypoints": 9}}
{"target": -851.9529931805234, "params": {"k_pid_pos": [1.9384827613830566, 0.9849587678909302, 0.011972993612289429], "k_pid_alt": [1.9919347763061523, 0.9602112770080566, 0.0070500969886779785], "k_pid_att": [100.0, 0.08276962488889694, 0.9867162108421326], "k_pid_yaw": [0.5, 1e-06, 0.1], "k_pid_hsp": [9.999999046325684, 0.9949073791503906, 0.01073959469795227], "k_pid_vsp": [400.0, 2.113760471343994, 1.2920929293613881e-05]}, "datetime": {"datetime": "2025-08-12 08:47:56", "elapsed": 58956.31569290161, "delta": 30.314636945724487}, "costs": {"total_cost": 851.9529931805234, "time_cost": 150, "final_distance_cost": 74.42742878457203, "oscillation_cost": 165.12493840147545, "completition_cost": 333.33333333333337, "overshoot_cost": 64.19234448434896, "power_cost": 30.830694750976566, "noise_cost": 34.04425342581704, "n_waypoints_completed": 6, "tot_waypoints": 9}}
{"target": -1510.222470998347, "params": {"k_pid_pos": [1.9846203327178955, 0.982000470161438, 0.017968326807022095], "k_pid_alt": [1.9816503524780273, 0.9653908014297485, 0.038090407848358154], "k_pid_att": [100.0, 1.1178922653198242, 0.9716598391532898], "k_pid_yaw": [0.5, 1e-06, 0.1], "k_pid_hsp": [10.0, 0.9199252724647522, 0.01483917236328125], "k_pid_vsp": [399.6557312011719, 7.074988842010498, 399.4111633300781]}, "datetime": {"datetime": "2025-08-12 08:48:26", "elapsed": 58986.23716211319, "delta": 29.92146921157837}, "costs": {"total_cost": 1510.222470998347, "time_cost": 150, "final_distance_cost": 5.32323787441615, "oscillation_cost": 61.32948900004071, "completition_cost": 1000.0, "overshoot_cost": 161.38479310569306, "power_cost": 32.52650563964844, "noise_cost": 99.65844537854866, "n_waypoints_completed": 0, "tot_waypoints": 9}}
{"target": -1571.5674187948584, "params": {"k_pid_pos": [1.952545166015625, 0.9474390745162964, 0.07741713523864746], "k_pid_alt": [1.9272454977035522, 0.765789270401001, 0.029536515474319458], "k_pid_att": [100.0, 0.09109124541282654, 0.989553689956665], "k_pid_yaw": [0.5, 1e-06, 0.1], "k_pid_hsp": [9.989622116088867, 0.9861645102500916, 0.05132734775543213], "k_pid_vsp": [9.137582778930664, 10.493792533874512, 396.9130859375]}, "datetime": {"datetime": "2025-08-12 08:48:55", "elapsed": 59014.92235946655, "delta": 28.685197353363037}, "costs": {"total_cost": 1571.5674187948584, "time_cost": 150, "final_distance_cost": 4.391643821011309, "oscillation_cost": 84.64121133949381, "completition_cost": 1000.0, "overshoot_cost": 166.01459670507913, "power_cost": 34.872323999023436, "noise_cost": 131.64764293025095, "n_waypoints_completed": 0, "tot_waypoints": 9}}
{"target": -786.1966147645221, "params": {"k_pid_pos": [1.990630865097046, 0.9684898853302002, 0.013774394989013672], "k_pid_alt": [1.973767638206482, 0.9766991138458252, 0.04219788312911987], "k_pid_att": [100.0, 0.4154379665851593, 0.9854183197021484], "k_pid_yaw": [0.5, 1e-06, 0.1], "k_pid_hsp": [10.0, 0.9672597646713257, 0.017576903104782104], "k_pid_vsp": [384.3409423828125, 28.484786987304688, 7.817889213562012]}, "datetime": {"datetime": "2025-08-12 08:49:22", "elapsed": 59041.6225028038, "delta": 26.700143337249756}, "costs": {"total_cost": 786.1966147645221, "time_cost": 150, "final_distance_cost": 76.14235633063464, "oscillation_cost": 98.12910729816358, "completition_cost": 333.33333333333337, "overshoot_cost": 64.25485450809263, "power_cost": 30.00648211669922, "noise_cost": 34.33048117759871, "n_waypoints_completed": 6, "tot_waypoints": 9}}
{"target": -1312.8950428270066, "params": {"k_pid_pos": [1.9701992273330688, 0.9727462530136108, 0.011632174253463745], "k_pid_alt": [1.9607994556427002, 0.9782683253288269, 0.015314429998397827], "k_pid_att": [100.0, 0.4137130379676819, 0.9906311631202698], "k_pid_yaw": [0.5, 1e-06, 0.1], "k_pid_hsp": [10.0, 0.9863987565040588, 0.03622058033943176], "k_pid_vsp": [399.9787292480469, 15.501177787780762, 9.999999974752427e-07]}, "datetime": {"datetime": "2025-08-12 08:49:52", "elapsed": 59071.685338020325, "delta": 30.062835216522217}, "costs": {"total_cost": 1312.8950428270066, "time_cost": 150, "final_distance_cost": 61.321481637156545, "oscillation_cost": 107.21246990069864, "completition_cost": 888.8888888888888, "overshoot_cost": 41.3784136857152, "power_cost": 30.179305700683596, "noise_cost": 33.91448301386371, "n_waypoints_completed": 1, "tot_waypoints": 9}}
{"target": -997.2511504912569, "params": {"k_pid_pos": [1.9900572299957275, 0.9886543154716492, 0.02294778823852539], "k_pid_alt": [1.9915120601654053, 0.9652244448661804, 0.02140715718269348], "k_pid_att": [10.86376953125, 1.1743295192718506, 0.9537383317947388], "k_pid_yaw": [0.5, 1e-06, 0.1], "k_pid_hsp": [0.014269968494772911, 0.9939496517181396, 0.061255186796188354], "k_pid_vsp": [3.5762786865234375e-05, 60.087158203125, 0.053740546107292175]}, "datetime": {"datetime": "2025-08-12 08:50:21", "elapsed": 59100.862011909485, "delta": 29.176673889160156}, "costs": {"total_cost": 997.2511504912569, "time_cost": 150, "final_distance_cost": 39.107586315750225, "oscillation_cost": 97.94330443931572, "completition_cost": 555.5555555555555, "overshoot_cost": 85.70472407794621, "power_cost": 35.55446746826172, "noise_cost": 33.38551263442745, "n_waypoints_completed": 4, "tot_waypoints": 9}}
{"target": -1559.4952561381915, "params": {"k_pid_pos": [1.9879554510116577, 0.9699756503105164, 0.02649933099746704], "k_pid_alt": [1.9429680109024048, 0.9315100908279419, 0.004121273756027222], "k_pid_att": [99.99998474121094, 0.6510459780693054, 0.9608579277992249], "k_pid_yaw": [0.5, 1e-06, 0.1], "k_pid_hsp": [10.0, 0.9750776290893555, 0.024428904056549072], "k_pid_vsp": [1.1920928955078125e-05, 4.130555152893066, 9.999999974752427e-07]}, "datetime": {"datetime": "2025-08-12 08:50:49", "elapsed": 59128.98128771782, "delta": 28.11927580833435}, "costs": {"total_cost": 1559.4952561381915, "time_cost": 150, "final_distance_cost": 15.54057921196776, "oscillation_cost": 67.62605468011118, "completition_cost": 1000.0, "overshoot_cost": 166.82100556981015, "power_cost": 16.781976489257815, "noise_cost": 142.7256401870444, "n_waypoints_completed": 0, "tot_waypoints": 9}}
{"target": -1308.0322024158872, "params": {"k_pid_pos": [1.9693659543991089, 0.996191143989563, 0.008378416299819946], "k_pid_alt": [1.9916809797286987, 0.9284796714782715, 0.003066539764404297], "k_pid_att": [100.0, 0.5249360203742981, 0.9908039569854736], "k_pid_yaw": [0.5, 1e-06, 0.1], "k_pid_hsp": [9.919486999511719, 0.8648788928985596, 0.02967935800552368], "k_pid_vsp": [400.0, 17.096067428588867, 2.4841858248692006e-05]}, "datetime": {"datetime": "2025-08-12 08:51:20", "elapsed": 59159.4112432003, "delta": 30.42995548248291}, "costs": {"total_cost": 1308.0322024158872, "time_cost": 150, "final_distance_cost": 61.55697135971769, "oscillation_cost": 101.65093349408454, "completition_cost": 888.8888888888888, "overshoot_cost": 42.17917264728929, "power_cost": 29.89299207763672, "noise_cost": 33.86324394827009, "n_waypoints_completed": 1, "tot_waypoints": 9}}
{"target": -826.3530486790257, "params": {"k_pid_pos": [1.9684206247329712, 0.9137813448905945, 0.0038302242755889893], "k_pid_alt": [1.9892172813415527, 0.974831759929657, 0.018946439027786255], "k_pid_att": [100.0, 0.9683334827423096, 0.9979182481765747], "k_pid_yaw": [0.5, 1e-06, 0.1], "k_pid_hsp": [10.0, 0.990014910697937, 0.02577194571495056], "k_pid_vsp": [399.99993896484375, 8.540261268615723, 0.030923889949917793]}, "datetime": {"datetime": "2025-08-12 08:51:48", "elapsed": 59188.2946600914, "delta": 28.883416891098022}, "costs": {"total_cost": 826.3530486790257, "time_cost": 150, "final_distance_cost": 76.45483600245024, "oscillation_cost": 141.13935802092035, "completition_cost": 333.33333333333337, "overshoot_cost": 60.033938560890924, "power_cost": 30.847564489746095, "noise_cost": 34.5440182716848, "n_waypoints_completed": 6, "tot_waypoints": 9}}
