{"target": -13080.645959397412, "params": {"k_pid_pos": [1.3120579719543457, 0.4168581962585449, 0.006683915853500366], "k_pid_alt": [0.5141136646270752, 0.8898031711578369, 0.8531439304351807], "k_pid_att": [1.4901161193847656e-05, 2.4187684059143066, 0.8202333450317383], "k_pid_yaw": [0.5, 1e-06, 0.1], "k_pid_hsp": [9.999979019165039, 0.6808534264564514, 0.405799001455307], "k_pid_vsp": [399.9991455078125, 224.99440002441406, 399.99853515625]}, "datetime": {"datetime": "2025-08-11 18:13:18", "elapsed": 6477.486305475235, "delta": 31.070006847381592}, "costs": {"total_cost": 13080.645959397412, "time_cost": 150, "final_distance_cost": 4335.110242974543, "oscillation_cost": 1864.2496910146042, "completition_cost": 1000.0, "overshoot_cost": 5509.780169839948, "power_cost": 57.62269855957032, "noise_cost": 163.88315700874534, "n_waypoints_completed": 0, "tot_waypoints": 9}}
{"target": -7699.024401776734, "params": {"k_pid_pos": [1.6329805850982666, 0.9469718933105469, 0.06283840537071228], "k_pid_alt": [1.671572208404541, 0.7467139959335327, 0.9720453023910522], "k_pid_att": [2.9802322387695312e-06, 1.8814815282821655, 0.7488669753074646], "k_pid_yaw": [0.5, 1e-06, 0.1], "k_pid_hsp": [9.940370559692383, 0.8225976228713989, 0.2271706461906433], "k_pid_vsp": [0.0, 298.09698486328125, 400.0]}, "datetime": {"datetime": "2025-08-11 18:13:48", "elapsed": 6507.420417547226, "delta": 29.934112071990967}, "costs": {"total_cost": 7699.024401776734, "time_cost": 150, "final_distance_cost": 1243.451757799867, "oscillation_cost": 1920.298456461896, "completition_cost": 1000.0, "overshoot_cost": 3171.234628551345, "power_cost": 51.966965539550785, "noise_cost": 162.07259342407423, "n_waypoints_completed": 0, "tot_waypoints": 9}}
{"target": -27578.58430280969, "params": {"k_pid_pos": [1.098327875137329, 0.24688491225242615, 0.5047381520271301], "k_pid_alt": [1.1563706398010254, 0.960939884185791, 0.9300580024719238], "k_pid_att": [0.021472573280334473, 7.970894813537598, 0.7659460306167603], "k_pid_yaw": [0.5, 1e-06, 0.1], "k_pid_hsp": [1.2772616147994995, 0.6627334952354431, 0.22910434007644653], "k_pid_vsp": [6.516814231872559, 340.9811096191406, 3.7807116508483887]}, "datetime": {"datetime": "2025-08-11 18:14:18", "elapsed": 6538.022277593613, "delta": 30.60186004638672}, "costs": {"total_cost": 27578.58430280969, "time_cost": 150, "final_distance_cost": 7567.4803851589795, "oscillation_cost": 1778.335128026214, "completition_cost": 1000.0, "overshoot_cost": 16882.19323449272, "power_cost": 58.41262685546875, "noise_cost": 142.16292827630812, "n_waypoints_completed": 0, "tot_waypoints": 9}}
{"target": -1403.36900140726, "params": {"k_pid_pos": [1.865462303161621, 0.8141205310821533, 0.24318641424179077], "k_pid_alt": [1.9469139575958252, 0.581574022769928, 0.42379987239837646], "k_pid_att": [98.9202880859375, 5.482576370239258, 0.13718050718307495], "k_pid_yaw": [0.5, 1e-06, 0.1], "k_pid_hsp": [9.999983787536621, 0.8486098051071167, 0.6632500886917114], "k_pid_vsp": [0.7623791694641113, 221.43177795410156, 399.99774169921875]}, "datetime": {"datetime": "2025-08-11 18:14:49", "elapsed": 6568.565134048462, "delta": 30.542856454849243}, "costs": {"total_cost": 1403.36900140726, "time_cost": 150, "final_distance_cost": 86.77646027976213, "oscillation_cost": 284.17188044440957, "completition_cost": 666.6666666666667, "overshoot_cost": 114.25404832060796, "power_cost": 36.11903848876953, "noise_cost": 65.38090720704392, "n_waypoints_completed": 3, "tot_waypoints": 9}}
{"target": -6225.849999631579, "params": {"k_pid_pos": [0.8217155933380127, 0.31724196672439575, 0.2509685158729553], "k_pid_alt": [1.6839897632598877, 0.6858453750610352, 0.8843225836753845], "k_pid_att": [0.23171305656433105, 3.1016502380371094, 0.8743006587028503], "k_pid_yaw": [0.5, 1e-06, 0.1], "k_pid_hsp": [6.936455249786377, 0.21766173839569092, 0.09442681074142456], "k_pid_vsp": [399.9992370605469, 91.52490997314453, 2.076960563659668]}, "datetime": {"datetime": "2025-08-11 18:15:19", "elapsed": 6598.82853603363, "delta": 30.263401985168457}, "costs": {"total_cost": 6225.849999631579, "time_cost": 150, "final_distance_cost": 1316.283587495714, "oscillation_cost": 1726.5775438832557, "completition_cost": 1000.0, "overshoot_cost": 1818.720553340656, "power_cost": 58.25384302978516, "noise_cost": 156.01447188216773, "n_waypoints_completed": 0, "tot_waypoints": 9}}
{"target": -1578.770849853184, "params": {"k_pid_pos": [1.804250955581665, 0.26215946674346924, 0.6053502559661865], "k_pid_alt": [1.9461191892623901, 0.40825483202934265, 0.7529834508895874], "k_pid_att": [99.99982452392578, 5.698518753051758, 0.1832004189491272], "k_pid_yaw": [0.5, 1e-06, 0.1], "k_pid_hsp": [9.999999747378752e-05, 0.5609664916992188, 0.04834148287773132], "k_pid_vsp": [11.274337768554688, 170.66575622558594, 399.9999694824219]}, "datetime": {"datetime": "2025-08-11 18:15:48", "elapsed": 6628.291498661041, "delta": 29.46296262741089}, "costs": {"total_cost": 1578.770849853184, "time_cost": 150, "final_distance_cost": 5.911683423087198, "oscillation_cost": 98.42246249605967, "completition_cost": 1000.0, "overshoot_cost": 164.26526059244927, "power_cost": 32.33043133544922, "noise_cost": 127.84101200613858, "n_waypoints_completed": 0, "tot_waypoints": 9}}
{"target": -1592.1387091637218, "params": {"k_pid_pos": [1.7089451551437378, 0.366652250289917, 0.3054969012737274], "k_pid_alt": [0.7878581285476685, 0.9736871719360352, 0.20413541793823242], "k_pid_att": [99.9999008178711, 2.6708242893218994, 0.4668161869049072], "k_pid_yaw": [0.5, 1e-06, 0.1], "k_pid_hsp": [0.00010029802069766447, 0.9512776136398315, 0.08194881677627563], "k_pid_vsp": [41.611515045166016, 380.1497497558594, 255.88111877441406]}, "datetime": {"datetime": "2025-08-11 18:16:19", "elapsed": 6658.80126953125, "delta": 30.50977087020874}, "costs": {"total_cost": 1592.1387091637218, "time_cost": 150, "final_distance_cost": 15.523217764323752, "oscillation_cost": 98.95178493910255, "completition_cost": 1000.0, "overshoot_cost": 167.85946630895668, "power_cost": 32.289329064941406, "noise_cost": 127.51491108639739, "n_waypoints_completed": 0, "tot_waypoints": 9}}
{"target": -701.1216141512958, "params": {"k_pid_pos": [1.9180171489715576, 0.3835127353668213, 0.35971498489379883], "k_pid_alt": [0.9249687790870667, 0.20741337537765503, 0.1722637116909027], "k_pid_att": [99.990234375, 0.7730926871299744, 0.9158744812011719], "k_pid_yaw": [0.5, 1e-06, 0.1], "k_pid_hsp": [0.00010596040374366567, 0.8874720335006714, 0.1664748191833496], "k_pid_vsp": [397.97320556640625, 261.370361328125, 9.999999974752427e-07]}, "datetime": {"datetime": "2025-08-11 18:16:49", "elapsed": 6688.942664861679, "delta": 30.141395330429077}, "costs": {"total_cost": 701.1216141512958, "time_cost": 150, "final_distance_cost": 69.05778801578127, "oscillation_cost": 116.0903264216939, "completition_cost": 222.2222222222222, "overshoot_cost": 75.66478971382246, "power_cost": 34.558085058593754, "noise_cost": 33.528402719182324, "n_waypoints_completed": 7, "tot_waypoints": 9}}
{"target": -2595.154045226811, "params": {"k_pid_pos": [1.6408956050872803, 0.4798238277435303, 0.3502444624900818], "k_pid_alt": [1.2735453844070435, 0.5618008971214294, 0.5392559766769409], "k_pid_att": [100.0, 0.04648178443312645, 0.7039960622787476], "k_pid_yaw": [0.5, 1e-06, 0.1], "k_pid_hsp": [9.830673217773438, 0.5305364727973938, 0.11436891555786133], "k_pid_vsp": [0.0, 75.94664001464844, 399.9835510253906]}, "datetime": {"datetime": "2025-08-11 18:17:20", "elapsed": 6719.412890911102, "delta": 30.470226049423218}, "costs": {"total_cost": 2595.154045226811, "time_cost": 150, "final_distance_cost": 301.6786270894318, "oscillation_cost": 710.672816349559, "completition_cost": 888.8888888888888, "overshoot_cost": 474.8479736077944, "power_cost": 36.43687683105469, "noise_cost": 32.628862460082395, "n_waypoints_completed": 1, "tot_waypoints": 9}}
{"target": -1743.8766097227992, "params": {"k_pid_pos": [1.484607458114624, 0.24503624439239502, 0.06939902901649475], "k_pid_alt": [1.975979208946228, 0.8102933764457703, 0.17567956447601318], "k_pid_att": [1.0343939065933228, 2.483814239501953, 0.940453052520752], "k_pid_yaw": [0.5, 1e-06, 0.1], "k_pid_hsp": [0.00010029802069766447, 0.4027012288570404, 0.05795365571975708], "k_pid_vsp": [398.5285339355469, 46.43800354003906, 399.81866455078125]}, "datetime": {"datetime": "2025-08-11 18:17:49", "elapsed": 6749.205070734024, "delta": 29.792179822921753}, "costs": {"total_cost": 1743.8766097227992, "time_cost": 150, "final_distance_cost": 20.711354322179087, "oscillation_cost": 241.17524160719975, "completition_cost": 1000.0, "overshoot_cost": 167.401552743761, "power_cost": 47.7576428100586, "noise_cost": 116.83081823960092, "n_waypoints_completed": 0, "tot_waypoints": 9}}
{"target": -5663.751743357251, "params": {"k_pid_pos": [1.7994025945663452, 0.6980352401733398, 0.18021029233932495], "k_pid_alt": [1.3497436046600342, 0.9355570077896118, 0.5417110919952393], "k_pid_att": [0.110626220703125, 1.3849554061889648, 0.921587347984314], "k_pid_yaw": [0.5, 1e-06, 0.1], "k_pid_hsp": [9.998980522155762, 0.8233319520950317, 0.6599488854408264], "k_pid_vsp": [0.0, 333.7914123535156, 400.0]}, "datetime": {"datetime": "2025-08-11 18:18:19", "elapsed": 6779.179518938065, "delta": 29.974448204040527}, "costs": {"total_cost": 5663.751743357251, "time_cost": 150, "final_distance_cost": 1082.171838633077, "oscillation_cost": 1152.4251001846035, "completition_cost": 1000.0, "overshoot_cost": 2062.179895920011, "power_cost": 51.420247692871094, "noise_cost": 165.55466092668863, "n_waypoints_completed": 0, "tot_waypoints": 9}}
{"target": -400.6789733441911, "params": {"k_pid_pos": [1.9609287977218628, 0.3144552707672119, 0.1295267641544342], "k_pid_alt": [1.8592795133590698, 0.614136815071106, 0.5803655982017517], "k_pid_att": [100.0, 7.263833999633789, 0.9085884690284729], "k_pid_yaw": [0.5, 1e-06, 0.1], "k_pid_hsp": [10.0, 0.846626341342926, 0.13371792435646057], "k_pid_vsp": [0.0, 337.969482421875, 2.127898693084717]}, "datetime": {"datetime": "2025-08-11 18:18:45", "elapsed": 6804.643242120743, "delta": 25.463723182678223}, "costs": {"total_cost": 400.6789733441911, "time_cost": 103.74000000000001, "final_distance_cost": 1.7859723710786408, "oscillation_cost": 178.8515141092165, "completition_cost": 0.0, "overshoot_cost": 60.28646988298213, "power_cost": 31.796241760253906, "noise_cost": 24.218775220659882, "n_waypoints_completed": 9, "tot_waypoints": 9}}
{"target": -442.8338027432779, "params": {"k_pid_pos": [1.3161216974258423, 0.7097644805908203, 0.3330117464065552], "k_pid_alt": [1.6198115348815918, 0.9206108450889587, 0.5529752969741821], "k_pid_att": [99.8719711303711, 3.2087109088897705, 0.9799124598503113], "k_pid_yaw": [0.5, 1e-06, 0.1], "k_pid_hsp": [9.988094329833984, 0.9479474425315857, 0.4125198423862457], "k_pid_vsp": [0.0, 371.3292541503906, 0.09942154586315155]}, "datetime": {"datetime": "2025-08-11 18:19:11", "elapsed": 6830.401903629303, "delta": 25.75866150856018}, "costs": {"total_cost": 442.8338027432779, "time_cost": 102.788, "final_distance_cost": 1.774164164613118, "oscillation_cost": 222.03998396530682, "completition_cost": 0.0, "overshoot_cost": 59.04309695306376, "power_cost": 32.58762897949219, "noise_cost": 24.60092868080206, "n_waypoints_completed": 9, "tot_waypoints": 9}}
{"target": -1828.76338721011, "params": {"k_pid_pos": [1.8904858827590942, 0.5334483981132507, 0.2121877372264862], "k_pid_alt": [1.9200724363327026, 0.8393901586532593, 0.5515046715736389], "k_pid_att": [1.090008020401001, 5.092562198638916, 0.9130905270576477], "k_pid_yaw": [0.5, 1e-06, 0.1], "k_pid_hsp": [10.0, 0.9326508045196533, 0.09696686267852783], "k_pid_vsp": [0.0, 10.12923812866211, 9.999999974752427e-07]}, "datetime": {"datetime": "2025-08-11 18:19:40", "elapsed": 6859.778429031372, "delta": 29.376525402069092}, "costs": {"total_cost": 1828.76338721011, "time_cost": 150, "final_distance_cost": 5.4684917267356, "oscillation_cost": 329.6033580938128, "completition_cost": 1000.0, "overshoot_cost": 165.60678633698578, "power_cost": 22.937275830078125, "noise_cost": 155.1474752224978, "n_waypoints_completed": 0, "tot_waypoints": 9}}
{"target": -1587.0386165370503, "params": {"k_pid_pos": [1.8693920373916626, 0.8320770263671875, 0.21499711275100708], "k_pid_alt": [1.4871459007263184, 0.9788632392883301, 0.9417204856872559], "k_pid_att": [100.0, 3.722773313522339, 0.8087756633758545], "k_pid_yaw": [0.5, 1e-06, 0.1], "k_pid_hsp": [4.185276031494141, 0.678604245185852, 0.39147141575813293], "k_pid_vsp": [1.9882678985595703, 197.26971435546875, 388.29461669921875]}, "datetime": {"datetime": "2025-08-11 18:20:10", "elapsed": 6889.699517250061, "delta": 29.921088218688965}, "costs": {"total_cost": 1587.0386165370503, "time_cost": 150, "final_distance_cost": 11.115737665646154, "oscillation_cost": 99.1807572511818, "completition_cost": 1000.0, "overshoot_cost": 164.82710284679618, "power_cost": 34.56738133544922, "noise_cost": 127.34763743797697, "n_waypoints_completed": 0, "tot_waypoints": 9}}
{"target": -834.21584021335, "params": {"k_pid_pos": [1.5388325452804565, 0.14696720242500305, 0.0960632860660553], "k_pid_alt": [1.7488676309585571, 0.6053717732429504, 0.7230240702629089], "k_pid_att": [99.60108947753906, 2.611903190612793, 0.9680749773979187], "k_pid_yaw": [0.5, 1e-06, 0.1], "k_pid_hsp": [10.0, 0.8255143165588379, 0.43346214294433594], "k_pid_vsp": [400.0, 159.07093811035156, 399.980224609375]}, "datetime": {"datetime": "2025-08-11 18:20:39", "elapsed": 6918.4934339523315, "delta": 28.793916702270508}, "costs": {"total_cost": 834.21584021335, "time_cost": 150, "final_distance_cost": 20.093877791289312, "oscillation_cost": 418.2860665004057, "completition_cost": 111.11111111111116, "overshoot_cost": 68.7725229423286, "power_cost": 34.39322984619141, "noise_cost": 31.559032022023892, "n_waypoints_completed": 8, "tot_waypoints": 9}}
{"target": -2190.190632016105, "params": {"k_pid_pos": [1.9890598058700562, 0.9170247316360474, 0.9364176988601685], "k_pid_alt": [1.231002926826477, 0.8290296792984009, 0.6469483971595764], "k_pid_att": [100.0, 0.17338357865810394, 0.9040154218673706], "k_pid_yaw": [0.5, 1e-06, 0.1], "k_pid_hsp": [9.999999046325684, 0.5093926191329956, 0.07531780004501343], "k_pid_vsp": [16.075885772705078, 179.5595703125, 399.9999084472656]}, "datetime": {"datetime": "2025-08-11 18:21:10", "elapsed": 6950.079395294189, "delta": 31.58596134185791}, "costs": {"total_cost": 2190.190632016105, "time_cost": 150, "final_distance_cost": 129.98765003372682, "oscillation_cost": 720.3599447041636, "completition_cost": 888.8888888888888, "overshoot_cost": 234.4174391717675, "power_cost": 34.8910777709961, "noise_cost": 31.645631446562057, "n_waypoints_completed": 1, "tot_waypoints": 9}}
{"target": -2837.8873927487407, "params": {"k_pid_pos": [1.1471967697143555, 0.6996886134147644, 0.5157018899917603], "k_pid_alt": [1.2785530090332031, 0.9365766048431396, 0.15362077951431274], "k_pid_att": [98.72449493408203, 9.009329795837402, 0.7054238319396973], "k_pid_yaw": [0.5, 1e-06, 0.1], "k_pid_hsp": [10.0, 0.893462061882019, 0.07829692959785461], "k_pid_vsp": [0.0, 184.31277465820312, 399.9978942871094]}, "datetime": {"datetime": "2025-08-11 18:21:44", "elapsed": 6984.026212453842, "delta": 33.94681715965271}, "costs": {"total_cost": 2837.8873927487407, "time_cost": 150, "final_distance_cost": 341.3635303416177, "oscillation_cost": 709.0343276113268, "completition_cost": 888.8888888888888, "overshoot_cost": 680.7462559600269, "power_cost": 36.42093176269531, "noise_cost": 31.43345818418493, "n_waypoints_completed": 1, "tot_waypoints": 9}}
{"target": -509.2083623827412, "params": {"k_pid_pos": [1.9523099660873413, 0.4255073070526123, 0.11066830158233643], "k_pid_alt": [1.1825960874557495, 0.9543164968490601, 0.04696780443191528], "k_pid_att": [99.98219299316406, 6.949891567230225, 0.5456520318984985], "k_pid_yaw": [0.5, 1e-06, 0.1], "k_pid_hsp": [10.0, 0.9542856812477112, 0.12177497148513794], "k_pid_vsp": [399.9236145019531, 257.11895751953125, 0.4548559784889221]}, "datetime": {"datetime": "2025-08-11 18:22:11", "elapsed": 7010.501112937927, "delta": 26.474900484085083}, "costs": {"total_cost": 509.2083623827412, "time_cost": 102.34700000000001, "final_distance_cost": 1.7468627333575286, "oscillation_cost": 286.12671503284207, "completition_cost": 0.0, "overshoot_cost": 61.272477064351555, "power_cost": 29.22174919433594, "noise_cost": 28.49355835785409, "n_waypoints_completed": 9, "tot_waypoints": 9}}
{"target": -1480.1004349668224, "params": {"k_pid_pos": [1.3778873682022095, 0.9665488004684448, 0.0534723699092865], "k_pid_alt": [1.8351995944976807, 0.8259797096252441, 0.010197997093200684], "k_pid_att": [100.0, 8.774759292602539, 0.9566211104393005], "k_pid_yaw": [0.5, 1e-06, 0.1], "k_pid_hsp": [9.998964309692383, 0.8927242159843445, 0.47834715247154236], "k_pid_vsp": [255.52735900878906, 220.55126953125, 399.9997253417969]}, "datetime": {"datetime": "2025-08-11 18:22:41", "elapsed": 7040.53227353096, "delta": 30.031160593032837}, "costs": {"total_cost": 1480.1004349668224, "time_cost": 150, "final_distance_cost": 23.37573350329634, "oscillation_cost": 102.03038796456747, "completition_cost": 1000.0, "overshoot_cost": 127.81062779892673, "power_cost": 37.87829260253906, "noise_cost": 39.005393097492835, "n_waypoints_completed": 0, "tot_waypoints": 9}}
{"target": -370.20252207208387, "params": {"k_pid_pos": [1.62803053855896, 0.28440749645233154, 0.052383244037628174], "k_pid_alt": [1.5057382583618164, 0.369739294052124, 0.35806289315223694], "k_pid_att": [100.0, 5.067280292510986, 0.9957468509674072], "k_pid_yaw": [0.5, 1e-06, 0.1], "k_pid_hsp": [9.991715431213379, 0.8601875305175781, 0.10418286919593811], "k_pid_vsp": [0.0029802322387695312, 269.4012756347656, 0.010109947994351387]}, "datetime": {"datetime": "2025-08-11 18:23:06", "elapsed": 7065.450187206268, "delta": 24.917913675308228}, "costs": {"total_cost": 370.20252207208387, "time_cost": 100.07900000000001, "final_distance_cost": 1.7330065303641893, "oscillation_cost": 153.67513328082526, "completition_cost": 0.0, "overshoot_cost": 61.120797251602106, "power_cost": 29.899682592773438, "noise_cost": 23.694902416518875, "n_waypoints_completed": 9, "tot_waypoints": 9}}
{"target": -4255.912079524912, "params": {"k_pid_pos": [1.8405803442001343, 0.18635249137878418, 0.5140773057937622], "k_pid_alt": [1.577162504196167, 0.982075572013855, 0.21107959747314453], "k_pid_att": [0.03212690353393555, 0.5280970931053162, 0.995487630367279], "k_pid_yaw": [0.5, 1e-06, 0.1], "k_pid_hsp": [9.995170593261719, 0.9320192933082581, 0.13074153661727905], "k_pid_vsp": [1.1920928955078125e-05, 366.7183532714844, 2.206052303314209]}, "datetime": {"datetime": "2025-08-11 18:23:36", "elapsed": 7095.390475511551, "delta": 29.940288305282593}, "costs": {"total_cost": 4255.912079524912, "time_cost": 150, "final_distance_cost": 623.6939092532681, "oscillation_cost": 633.1415731464056, "completition_cost": 1000.0, "overshoot_cost": 1635.517418052976, "power_cost": 58.07626257324219, "noise_cost": 155.48291649901932, "n_waypoints_completed": 0, "tot_waypoints": 9}}
{"target": -892.3851951693813, "params": {"k_pid_pos": [0.9358752965927124, 0.9641948342323303, 0.4210309386253357], "k_pid_alt": [1.557840347290039, 0.968533992767334, 0.07613497972488403], "k_pid_att": [93.16835021972656, 2.2848548889160156, 0.9510495066642761], "k_pid_yaw": [0.5, 1e-06, 0.1], "k_pid_hsp": [7.209646224975586, 0.7506890892982483, 0.2841412127017975], "k_pid_vsp": [1.1920928955078125e-05, 128.3154296875, 2.4841858248692006e-05]}, "datetime": {"datetime": "2025-08-11 18:24:05", "elapsed": 7124.770485639572, "delta": 29.38001012802124}, "costs": {"total_cost": 892.3851951693813, "time_cost": 150, "final_distance_cost": 69.47673008360812, "oscillation_cost": 211.4001801816547, "completition_cost": 333.33333333333337, "overshoot_cost": 61.075331040811, "power_cost": 38.092908251953126, "noise_cost": 29.006712278021055, "n_waypoints_completed": 6, "tot_waypoints": 9}}
{"target": -772.7076079577706, "params": {"k_pid_pos": [1.8071752786636353, 0.47379738092422485, 0.3075984716415405], "k_pid_alt": [1.7419177293777466, 0.9737428426742554, 0.0864521861076355], "k_pid_att": [80.2223892211914, 6.602533340454102, 0.8677274584770203], "k_pid_yaw": [0.5, 1e-06, 0.1], "k_pid_hsp": [9.973655700683594, 0.9483879804611206, 0.13387495279312134], "k_pid_vsp": [399.6578369140625, 84.6170425415039, 397.36474609375]}, "datetime": {"datetime": "2025-08-11 18:24:35", "elapsed": 7155.110191106796, "delta": 30.33970546722412}, "costs": {"total_cost": 772.7076079577706, "time_cost": 150, "final_distance_cost": 13.629671381907759, "oscillation_cost": 360.01673431403026, "completition_cost": 111.11111111111116, "overshoot_cost": 71.14677145490838, "power_cost": 36.13233514404297, "noise_cost": 30.670984551770072, "n_waypoints_completed": 8, "tot_waypoints": 9}}
{"target": -736.3398893655667, "params": {"k_pid_pos": [1.8001251220703125, 0.48024609684944153, 0.04283836483955383], "k_pid_alt": [1.8696064949035645, 0.553695023059845, 0.7210215330123901], "k_pid_att": [99.9996566772461, 8.601241111755371, 0.8075332641601562], "k_pid_yaw": [0.5, 1e-06, 0.1], "k_pid_hsp": [9.840229988098145, 0.6836643218994141, 0.5865721702575684], "k_pid_vsp": [399.2445373535156, 56.99229431152344, 400.0]}, "datetime": {"datetime": "2025-08-11 18:25:05", "elapsed": 7184.705282688141, "delta": 29.595091581344604}, "costs": {"total_cost": 736.3398893655667, "time_cost": 150, "final_distance_cost": 10.165916683908861, "oscillation_cost": 321.8169679280131, "completition_cost": 111.11111111111116, "overshoot_cost": 75.60108109546667, "power_cost": 36.48346437988281, "noise_cost": 31.16134816718415, "n_waypoints_completed": 8, "tot_waypoints": 9}}
