{"target": -5033.645115901193, "params": {"k_pid_pos": [1.7751803398132324, 0.9388650059700012, 0.44874632358551025], "k_pid_alt": [1.0538320541381836, 0.19864225387573242, 0.37829095125198364], "k_pid_att": [0.0001728534698486328, 6.114095211029053, 0.7866177558898926], "k_pid_yaw": [0.5, 1e-06, 0.1], "k_pid_hsp": [10.0, 0.7715450525283813, 0.13423648476600647], "k_pid_vsp": [400.0, 297.8249816894531, 0.30671459436416626]}, "datetime": {"datetime": "2025-08-11 18:01:17", "elapsed": 5756.78512597084, "delta": 31.482702255249023}, "costs": {"total_cost": 5033.645115901193, "time_cost": 150, "final_distance_cost": 608.3463131978343, "oscillation_cost": 1157.6530502635808, "completition_cost": 1000.0, "overshoot_cost": 1903.222666845082, "power_cost": 54.47287580566407, "noise_cost": 159.95020978903162, "n_waypoints_completed": 0, "tot_waypoints": 9}}
{"target": -26514.752751714266, "params": {"k_pid_pos": [1.5387259721755981, 0.19737523794174194, 0.20731237530708313], "k_pid_alt": [1.280822992324829, 0.42734357714653015, 0.9787945747375488], "k_pid_att": [2.9802322387695312e-06, 2.5893867015838623, 0.34733152389526367], "k_pid_yaw": [0.5, 1e-06, 0.1], "k_pid_hsp": [10.0, 0.17133992910385132, 0.7320021986961365], "k_pid_vsp": [3.787076473236084, 114.55821990966797, 400.0]}, "datetime": {"datetime": "2025-08-11 18:01:47", "elapsed": 5786.863177537918, "delta": 30.078051567077637}, "costs": {"total_cost": 26514.752751714266, "time_cost": 150, "final_distance_cost": 7546.942609319774, "oscillation_cost": 1802.2257132301797, "completition_cost": 1000.0, "overshoot_cost": 15810.582888612566, "power_cost": 57.227113989257816, "noise_cost": 147.7744265624886, "n_waypoints_completed": 0, "tot_waypoints": 9}}
{"target": -1056.43589530132, "params": {"k_pid_pos": [1.0682368278503418, 0.4589415490627289, 0.07811537384986877], "k_pid_alt": [0.4938449263572693, 0.9414095878601074, 0.8219579458236694], "k_pid_att": [39.12921142578125, 4.941063404083252, 0.04748770594596863], "k_pid_yaw": [0.5, 1e-06, 0.1], "k_pid_hsp": [2.4780778884887695, 0.9122806787490845, 0.4883500933647156], "k_pid_vsp": [373.87347412109375, 322.4930419921875, 109.24398803710938]}, "datetime": {"datetime": "2025-08-11 18:02:17", "elapsed": 5816.704149246216, "delta": 29.84097170829773}, "costs": {"total_cost": 1056.43589530132, "time_cost": 150, "final_distance_cost": 44.266892706385754, "oscillation_cost": 183.6118835656794, "completition_cost": 555.5555555555555, "overshoot_cost": 54.548637529812105, "power_cost": 36.68933839111328, "noise_cost": 31.76358755277389, "n_waypoints_completed": 4, "tot_waypoints": 9}}
{"target": -1801.9073552819661, "params": {"k_pid_pos": [1.644370436668396, 0.8363619446754456, 0.0025122761726379395], "k_pid_alt": [1.8307268619537354, 0.3858203887939453, 0.6995595693588257], "k_pid_att": [0.5893826484680176, 1.2557839155197144, 0.5503652691841125], "k_pid_yaw": [0.5, 1e-06, 0.1], "k_pid_hsp": [10.0, 0.9484238624572754, 0.82079017162323], "k_pid_vsp": [124.47588348388672, 365.84881591796875, 385.1147766113281]}, "datetime": {"datetime": "2025-08-11 18:02:47", "elapsed": 5847.22526216507, "delta": 30.52111291885376}, "costs": {"total_cost": 1801.9073552819661, "time_cost": 150, "final_distance_cost": 11.588382448599988, "oscillation_cost": 249.12495132210174, "completition_cost": 1000.0, "overshoot_cost": 191.09085612661963, "power_cost": 47.523011279296874, "noise_cost": 152.58015410534776, "n_waypoints_completed": 0, "tot_waypoints": 9}}
{"target": -2239.9728119051924, "params": {"k_pid_pos": [1.9092164039611816, 0.11528649926185608, 0.5188045501708984], "k_pid_alt": [1.8513896465301514, 0.1624075174331665, 0.1939774751663208], "k_pid_att": [61.383968353271484, 0.20520438253879547, 0.3431124985218048], "k_pid_yaw": [0.5, 1e-06, 0.1], "k_pid_hsp": [0.03007398173213005, 0.8128202557563782, 0.9337219595909119], "k_pid_vsp": [385.55511474609375, 49.932193756103516, 9.999999974752427e-07]}, "datetime": {"datetime": "2025-08-11 18:03:18", "elapsed": 5877.622609615326, "delta": 30.397347450256348}, "costs": {"total_cost": 2239.9728119051924, "time_cost": 150, "final_distance_cost": 65.28641336583637, "oscillation_cost": 837.0429076401402, "completition_cost": 888.8888888888888, "overshoot_cost": 234.8978984461434, "power_cost": 33.959068127441405, "noise_cost": 29.897635436742302, "n_waypoints_completed": 1, "tot_waypoints": 9}}
{"target": -5003.483811525301, "params": {"k_pid_pos": [1.6095213890075684, 0.47242656350135803, 0.38489916920661926], "k_pid_alt": [1.3468929529190063, 0.49655038118362427, 0.3333927094936371], "k_pid_att": [0.018525123596191406, 3.178966760635376, 0.3447529673576355], "k_pid_yaw": [0.5, 1e-06, 0.1], "k_pid_hsp": [1.1266180276870728, 0.7167568802833557, 0.1324285864830017], "k_pid_vsp": [267.0174255371094, 395.1361083984375, 9.999999974752427e-07]}, "datetime": {"datetime": "2025-08-11 18:03:48", "elapsed": 5907.84703373909, "delta": 30.224424123764038}, "costs": {"total_cost": 5003.483811525301, "time_cost": 150, "final_distance_cost": 771.8693203793606, "oscillation_cost": 1501.3774155506383, "completition_cost": 1000.0, "overshoot_cost": 1367.6464028858131, "power_cost": 56.550495373535156, "noise_cost": 156.04017733595273, "n_waypoints_completed": 0, "tot_waypoints": 9}}
{"target": -10632.913229018115, "params": {"k_pid_pos": [1.5253714323043823, 0.9339778423309326, 0.1928158402442932], "k_pid_alt": [0.31463539600372314, 0.9274054169654846, 0.9795318841934204], "k_pid_att": [8.046627044677734e-05, 4.289950847625732, 0.9853606224060059], "k_pid_yaw": [0.5, 1e-06, 0.1], "k_pid_hsp": [0.000957106240093708, 0.9493825435638428, 0.6758444309234619], "k_pid_vsp": [399.9996032714844, 91.56742095947266, 399.6953125]}, "datetime": {"datetime": "2025-08-11 18:04:19", "elapsed": 5938.594894886017, "delta": 30.74786114692688}, "costs": {"total_cost": 10632.913229018115, "time_cost": 150, "final_distance_cost": 2244.6396959830295, "oscillation_cost": 970.7747857481062, "completition_cost": 1000.0, "overshoot_cost": 6046.223871960902, "power_cost": 55.24297723388672, "noise_cost": 166.0318980921919, "n_waypoints_completed": 0, "tot_waypoints": 9}}
{"target": -643.7723297618741, "params": {"k_pid_pos": [1.4753265380859375, 0.6380343437194824, 0.19065052270889282], "k_pid_alt": [0.97031569480896, 0.7190927267074585, 0.9173521995544434], "k_pid_att": [100.0, 1.2862391471862793, 0.9330563545227051], "k_pid_yaw": [0.5, 1e-06, 0.1], "k_pid_hsp": [9.990948677062988, 0.9338399171829224, 0.22996199131011963], "k_pid_vsp": [0.0, 366.4920654296875, 0.15581946074962616]}, "datetime": {"datetime": "2025-08-11 18:04:49", "elapsed": 5968.70994758606, "delta": 30.115052700042725}, "costs": {"total_cost": 643.7723297618741, "time_cost": 150, "final_distance_cost": 22.00107182322221, "oscillation_cost": 226.24836949461988, "completition_cost": 111.11111111111116, "overshoot_cost": 67.5315228576743, "power_cost": 37.69296868896485, "noise_cost": 29.187285786281745, "n_waypoints_completed": 8, "tot_waypoints": 9}}
{"target": -1106.2455020475802, "params": {"k_pid_pos": [1.5322643518447876, 0.15899181365966797, 0.4775862991809845], "k_pid_alt": [1.4108589887619019, 0.7566125988960266, 0.31206709146499634], "k_pid_att": [90.7072525024414, 7.075427055358887, 0.8585829734802246], "k_pid_yaw": [0.5, 1e-06, 0.1], "k_pid_hsp": [10.0, 0.5334119200706482, 0.5732504725456238], "k_pid_vsp": [244.3428497314453, 121.38420104980469, 399.9997253417969]}, "datetime": {"datetime": "2025-08-11 18:05:19", "elapsed": 5999.017551422119, "delta": 30.30760383605957}, "costs": {"total_cost": 1106.2455020475802, "time_cost": 150, "final_distance_cost": 71.12249347899846, "oscillation_cost": 525.7561136786134, "completition_cost": 222.2222222222222, "overshoot_cost": 71.748414116162, "power_cost": 35.61134581298828, "noise_cost": 29.784912738596056, "n_waypoints_completed": 7, "tot_waypoints": 9}}
{"target": -1508.6244586520993, "params": {"k_pid_pos": [0.2614455223083496, 0.060617685317993164, 0.16879934072494507], "k_pid_alt": [1.4499108791351318, 0.05764716863632202, 0.8736042976379395], "k_pid_att": [99.9976577758789, 3.3233063220977783, 0.6402629017829895], "k_pid_yaw": [0.5, 1e-06, 0.1], "k_pid_hsp": [9.999841690063477, 0.15330898761749268, 0.6700661182403564], "k_pid_vsp": [400.0, 249.40264892578125, 9.999999974752427e-07]}, "datetime": {"datetime": "2025-08-11 18:05:59", "elapsed": 6039.155404090881, "delta": 40.13785266876221}, "costs": {"total_cost": 1508.6244586520993, "time_cost": 150, "final_distance_cost": 47.02077876765544, "oscillation_cost": 762.4522302539225, "completition_cost": 444.4444444444444, "overshoot_cost": 41.07296607758835, "power_cost": 34.333854724121096, "noise_cost": 29.300184384367547, "n_waypoints_completed": 5, "tot_waypoints": 9}}
{"target": -1654.7792965627302, "params": {"k_pid_pos": [1.8227050304412842, 0.062218666076660156, 0.4237193465232849], "k_pid_alt": [1.5815727710723877, 0.3150269389152527, 0.9590830206871033], "k_pid_att": [99.99858093261719, 7.7741379737854, 0.9747413396835327], "k_pid_yaw": [0.5, 1e-06, 0.1], "k_pid_hsp": [0.3092876374721527, 0.6539392471313477, 0.9337082505226135], "k_pid_vsp": [0.0, 314.7095642089844, 400.0]}, "datetime": {"datetime": "2025-08-11 18:06:31", "elapsed": 6071.268763542175, "delta": 32.113359451293945}, "costs": {"total_cost": 1654.7792965627302, "time_cost": 150, "final_distance_cost": 134.67131723614477, "oscillation_cost": 295.0032444357829, "completition_cost": 888.8888888888888, "overshoot_cost": 118.23080997308412, "power_cost": 37.62451295166016, "noise_cost": 30.360523077169656, "n_waypoints_completed": 1, "tot_waypoints": 9}}
{"target": -1756.9837819144338, "params": {"k_pid_pos": [1.8129730224609375, 0.4247293770313263, 0.9021477103233337], "k_pid_alt": [0.5810214281082153, 0.4675713777542114, 0.7103592753410339], "k_pid_att": [99.99197387695312, 4.43255090713501, 0.16827154159545898], "k_pid_yaw": [0.5, 1e-06, 0.1], "k_pid_hsp": [0.00945634488016367, 0.8907920122146606, 0.35602444410324097], "k_pid_vsp": [400.0, 7.138801574707031, 400.0]}, "datetime": {"datetime": "2025-08-11 18:07:02", "elapsed": 6101.755013227463, "delta": 30.486249685287476}, "costs": {"total_cost": 1756.9837819144338, "time_cost": 150, "final_distance_cost": 65.39575890606757, "oscillation_cost": 481.9545091892701, "completition_cost": 888.8888888888888, "overshoot_cost": 104.13182042524255, "power_cost": 37.018126989746094, "noise_cost": 29.594677515218503, "n_waypoints_completed": 1, "tot_waypoints": 9}}
{"target": -1639.088749564944, "params": {"k_pid_pos": [1.4312999248504639, 0.9672543406486511, 0.00599437952041626], "k_pid_alt": [1.8193495273590088, 0.6426599025726318, 0.21272239089012146], "k_pid_att": [98.40605163574219, 5.175445556640625, 0.9190919399261475], "k_pid_yaw": [0.5, 1e-06, 0.1], "k_pid_hsp": [0.24980370700359344, 0.7812875509262085, 0.6907370686531067], "k_pid_vsp": [11.556625366210938, 12.350870132446289, 4.8683716158848256e-05]}, "datetime": {"datetime": "2025-08-11 18:07:34", "elapsed": 6133.821858406067, "delta": 32.066845178604126}, "costs": {"total_cost": 1639.088749564944, "time_cost": 150, "final_distance_cost": 54.61360917005316, "oscillation_cost": 666.9967121721172, "completition_cost": 555.5555555555555, "overshoot_cost": 147.9467919562056, "power_cost": 33.512924121093754, "noise_cost": 30.463156589919, "n_waypoints_completed": 4, "tot_waypoints": 9}}
{"target": -390.24355837986974, "params": {"k_pid_pos": [1.1932295560836792, 0.4588651955127716, 0.35726237297058105], "k_pid_alt": [1.9084720611572266, 0.6699276566505432, 0.15370112657546997], "k_pid_att": [96.84871673583984, 7.550587177276611, 0.9448394775390625], "k_pid_yaw": [0.5, 1e-06, 0.1], "k_pid_hsp": [3.605746030807495, 0.02548283338546753, 0.060539960861206055], "k_pid_vsp": [0.6558895111083984, 301.8988037109375, 0.00010828836093423888]}, "datetime": {"datetime": "2025-08-11 18:08:03", "elapsed": 6162.713636398315, "delta": 28.891777992248535}, "costs": {"total_cost": 390.24355837986974, "time_cost": 115.402, "final_distance_cost": 1.7347615024404008, "oscillation_cost": 147.868217166834, "completition_cost": 0.0, "overshoot_cost": 64.91418785962135, "power_cost": 33.41022465820313, "noise_cost": 26.914167192770893, "n_waypoints_completed": 9, "tot_waypoints": 9}}
{"target": -507.62325590577535, "params": {"k_pid_pos": [1.7079830169677734, 0.19648316502571106, 0.7728893160820007], "k_pid_alt": [1.8656375408172607, 0.6600391268730164, 0.0768643319606781], "k_pid_att": [99.99909210205078, 9.236397743225098, 0.9216878414154053], "k_pid_yaw": [0.5, 1e-06, 0.1], "k_pid_hsp": [9.999516487121582, 0.9651960134506226, 0.28576815128326416], "k_pid_vsp": [292.0035705566406, 310.91796875, 9.999999974752427e-07]}, "datetime": {"datetime": "2025-08-11 18:08:23", "elapsed": 6182.606963634491, "delta": 19.893327236175537}, "costs": {"total_cost": 507.62325590577535, "time_cost": 78.022, "final_distance_cost": 1.7647181813406625, "oscillation_cost": 334.30798926601864, "completition_cost": 0.0, "overshoot_cost": 50.80188634028757, "power_cost": 22.20848571777344, "noise_cost": 20.518176400354992, "n_waypoints_completed": 9, "tot_waypoints": 9}}
{"target": -702.5993033971766, "params": {"k_pid_pos": [1.268123984336853, 0.4092733860015869, 0.19525712728500366], "k_pid_alt": [1.9480433464050293, 0.25750619173049927, 0.14502522349357605], "k_pid_att": [49.013431549072266, 5.087563514709473, 0.9013837575912476], "k_pid_yaw": [0.5, 1e-06, 0.1], "k_pid_hsp": [9.856786727905273, 0.11998355388641357, 0.3387923240661621], "k_pid_vsp": [399.8582458496094, 137.0084991455078, 399.99383544921875]}, "datetime": {"datetime": "2025-08-11 18:08:53", "elapsed": 6212.540193557739, "delta": 29.93322992324829}, "costs": {"total_cost": 702.5993033971766, "time_cost": 150, "final_distance_cost": 5.3571007575973315, "oscillation_cost": 304.08219855608843, "completition_cost": 111.11111111111116, "overshoot_cost": 68.15347756761234, "power_cost": 33.78801580810547, "noise_cost": 30.10739959666199, "n_waypoints_completed": 8, "tot_waypoints": 9}}
{"target": -761.0364622394475, "params": {"k_pid_pos": [1.8300739526748657, 0.9922551512718201, 0.0949760377407074], "k_pid_alt": [1.8571158647537231, 0.13424095511436462, 0.9626690149307251], "k_pid_att": [99.8464126586914, 9.519150733947754, 0.6105144023895264], "k_pid_yaw": [0.5, 1e-06, 0.1], "k_pid_hsp": [0.3167816698551178, 0.5128931403160095, 0.09461355209350586], "k_pid_vsp": [389.6033630371094, 368.8684997558594, 400.0]}, "datetime": {"datetime": "2025-08-11 18:09:23", "elapsed": 6242.380444049835, "delta": 29.840250492095947}, "costs": {"total_cost": 761.0364622394475, "time_cost": 150, "final_distance_cost": 71.7395819729896, "oscillation_cost": 159.42732741960734, "completition_cost": 222.2222222222222, "overshoot_cost": 90.74747883305923, "power_cost": 36.75054040527344, "noise_cost": 30.149311386295576, "n_waypoints_completed": 7, "tot_waypoints": 9}}
{"target": -1312.1980550298704, "params": {"k_pid_pos": [1.8494607210159302, 0.6807427406311035, 0.33856838941574097], "k_pid_alt": [1.2826712131500244, 0.8069162368774414, 0.31037357449531555], "k_pid_att": [98.06686401367188, 5.57332181930542, 0.957456111907959], "k_pid_yaw": [0.5, 1e-06, 0.1], "k_pid_hsp": [8.491377830505371, 0.980448842048645, 0.3377280533313751], "k_pid_vsp": [1.1920928955078125e-05, 187.3798065185547, 341.52313232421875]}, "datetime": {"datetime": "2025-08-11 18:09:53", "elapsed": 6272.49222278595, "delta": 30.111778736114502}, "costs": {"total_cost": 1312.1980550298704, "time_cost": 150, "final_distance_cost": 39.33538352921521, "oscillation_cost": 394.85414655791556, "completition_cost": 555.5555555555555, "overshoot_cost": 102.32345052405032, "power_cost": 36.802912915039066, "noise_cost": 33.326605948094816, "n_waypoints_completed": 4, "tot_waypoints": 9}}
{"target": -2096.2418674632095, "params": {"k_pid_pos": [1.8882092237472534, 0.1406344175338745, 0.8247720003128052], "k_pid_alt": [1.4003231525421143, 0.5010270476341248, 0.7864013910293579], "k_pid_att": [100.0, 1.297737956047058, 0.6636563539505005], "k_pid_yaw": [0.5, 1e-06, 0.1], "k_pid_hsp": [0.07411094754934311, 0.9672447443008423, 0.7465403079986572], "k_pid_vsp": [399.99993896484375, 337.1382141113281, 9.999999974752427e-07]}, "datetime": {"datetime": "2025-08-11 18:10:23", "elapsed": 6302.619366407394, "delta": 30.127143621444702}, "costs": {"total_cost": 2096.2418674632095, "time_cost": 150, "final_distance_cost": 113.36324732916682, "oscillation_cost": 828.5909610894322, "completition_cost": 777.7777777777778, "overshoot_cost": 162.59078507951324, "power_cost": 34.397155139160155, "noise_cost": 29.521941048158855, "n_waypoints_completed": 2, "tot_waypoints": 9}}
{"target": -710.8490352300629, "params": {"k_pid_pos": [1.730846643447876, 0.2757333517074585, 0.3419519066810608], "k_pid_alt": [0.3720177412033081, 0.584396243095398, 0.8579584360122681], "k_pid_att": [99.98973083496094, 2.8317618370056152, 0.053339987993240356], "k_pid_yaw": [0.5, 1e-06, 0.1], "k_pid_hsp": [9.775562286376953, 0.6633645296096802, 0.6096516251564026], "k_pid_vsp": [399.9996032714844, 372.64532470703125, 397.86138916015625]}, "datetime": {"datetime": "2025-08-11 18:10:51", "elapsed": 6330.472134590149, "delta": 27.852768182754517}, "costs": {"total_cost": 710.8490352300629, "time_cost": 114.47800000000001, "final_distance_cost": 1.770120203109591, "oscillation_cost": 456.7483958900052, "completition_cost": 0.0, "overshoot_cost": 73.501305965422, "power_cost": 35.38598140869141, "noise_cost": 28.965231762834634, "n_waypoints_completed": 9, "tot_waypoints": 9}}
{"target": -263.1512305862668, "params": {"k_pid_pos": [1.3253600597381592, 0.590216875076294, 0.35887598991394043], "k_pid_alt": [1.9400275945663452, 0.7736766338348389, 0.5919198393821716], "k_pid_att": [99.9947280883789, 6.093407154083252, 0.8052036762237549], "k_pid_yaw": [0.5, 1e-06, 0.1], "k_pid_hsp": [3.673196315765381, 0.9226313829421997, 0.01423335075378418], "k_pid_vsp": [400.0, 149.4683074951172, 0.7103572487831116]}, "datetime": {"datetime": "2025-08-11 18:11:15", "elapsed": 6354.441433668137, "delta": 23.96929907798767}, "costs": {"total_cost": 263.1512305862668, "time_cost": 91.056, "final_distance_cost": 1.7451593149652291, "oscillation_cost": 70.48161046698378, "completition_cost": 0.0, "overshoot_cost": 53.41224640736487, "power_cost": 20.472280590820315, "noise_cost": 25.9839338061326, "n_waypoints_completed": 9, "tot_waypoints": 9}}
{"target": -1330.3875316170054, "params": {"k_pid_pos": [1.6348860263824463, 0.7788301706314087, 0.05299854278564453], "k_pid_alt": [1.691437840461731, 0.8785915374755859, 0.14174938201904297], "k_pid_att": [99.996826171875, 5.85360860824585, 0.6304764747619629], "k_pid_yaw": [0.5, 1e-06, 0.1], "k_pid_hsp": [0.05350731313228607, 0.780234694480896, 0.5601556897163391], "k_pid_vsp": [399.02117919921875, 389.24017333984375, 399.9997253417969]}, "datetime": {"datetime": "2025-08-11 18:11:45", "elapsed": 6384.51079583168, "delta": 30.0693621635437}, "costs": {"total_cost": 1330.3875316170054, "time_cost": 150, "final_distance_cost": 66.33345438179359, "oscillation_cost": 339.37563827082835, "completition_cost": 555.5555555555555, "overshoot_cost": 151.13023982207227, "power_cost": 37.97089250488281, "noise_cost": 30.021751081872647, "n_waypoints_completed": 4, "tot_waypoints": 9}}
{"target": -14500.787041850368, "params": {"k_pid_pos": [1.893858790397644, 0.2230244278907776, 0.12394687533378601], "k_pid_alt": [1.2350736856460571, 0.7286267876625061, 0.33901533484458923], "k_pid_att": [0.0, 9.456948280334473, 0.9638871550559998], "k_pid_yaw": [0.5, 1e-06, 0.1], "k_pid_hsp": [9.999789237976074, 0.8815268278121948, 0.0928913950920105], "k_pid_vsp": [399.94549560546875, 300.0189208984375, 156.59970092773438]}, "datetime": {"datetime": "2025-08-11 18:12:16", "elapsed": 6415.519814729691, "delta": 31.009018898010254}, "costs": {"total_cost": 14500.787041850368, "time_cost": 150, "final_distance_cost": 4426.719924353467, "oscillation_cost": 1614.3164378529095, "completition_cost": 1000.0, "overshoot_cost": 7107.9348989430855, "power_cost": 57.03482520751953, "noise_cost": 144.78095549338724, "n_waypoints_completed": 0, "tot_waypoints": 9}}
{"target": -1866.870058908935, "params": {"k_pid_pos": [1.507663607597351, 0.29800179600715637, 0.14583247900009155], "k_pid_alt": [0.8448483943939209, 0.7992007732391357, 0.3054065704345703], "k_pid_att": [99.97584533691406, 3.339681625366211, 0.9683070778846741], "k_pid_yaw": [0.5, 1e-06, 0.1], "k_pid_hsp": [9.975081443786621, 0.3713809847831726, 0.3222920596599579], "k_pid_vsp": [0.0005841255187988281, 82.63719177246094, 397.261474609375]}, "datetime": {"datetime": "2025-08-11 18:12:47", "elapsed": 6446.416298627853, "delta": 30.896483898162842}, "costs": {"total_cost": 1866.870058908935, "time_cost": 150, "final_distance_cost": 203.70124373527108, "oscillation_cost": 554.7380914116172, "completition_cost": 666.6666666666667, "overshoot_cost": 218.26258974489605, "power_cost": 36.39716218261719, "noise_cost": 37.104305167866826, "n_waypoints_completed": 3, "tot_waypoints": 9}}
