{"target": -1542.5078022461116, "params": {"k_pid_pos": [1.6108183860778809, 0.7986811399459839, 0.060618311166763306], "k_pid_alt": [1.9545795917510986, 0.8190467357635498, 0.010191679000854492], "k_pid_att": [99.99932861328125, 0.47232407331466675, 0.9884291887283325], "k_pid_yaw": [0.5, 1e-06, 0.1], "k_pid_hsp": [9.999900817871094, 0.9975258708000183, 0.029052913188934326], "k_pid_vsp": [0.027740001678466797, 3.857029438018799, 3.676278720377013e-05]}, "datetime": {"datetime": "2025-08-12 01:13:07", "elapsed": 31666.431341409683, "delta": 31.30970287322998}, "costs": {"total_cost": 1542.5078022461116, "time_cost": 150, "final_distance_cost": 11.17728051103151, "oscillation_cost": 57.96605677182917, "completition_cost": 1000.0, "overshoot_cost": 165.09641626745034, "power_cost": 16.064384509277346, "noise_cost": 142.2036641865233, "n_waypoints_completed": 0, "tot_waypoints": 9}}
{"target": -1526.7117029624872, "params": {"k_pid_pos": [1.9852750301361084, 0.9253183603286743, 0.12918269634246826], "k_pid_alt": [1.9195798635482788, 0.9837745428085327, 0.09129583835601807], "k_pid_att": [100.0, 1.9160524606704712, 0.9957685470581055], "k_pid_yaw": [0.5, 1e-06, 0.1], "k_pid_hsp": [10.0, 0.9548810124397278, 0.02279031276702881], "k_pid_vsp": [399.26495361328125, 19.5285587310791, 400.0]}, "datetime": {"datetime": "2025-08-12 01:13:39", "elapsed": 31698.389545679092, "delta": 31.95820426940918}, "costs": {"total_cost": 1526.7117029624872, "time_cost": 150, "final_distance_cost": 10.719338742024968, "oscillation_cost": 66.59020993829249, "completition_cost": 1000.0, "overshoot_cost": 161.3318873027242, "power_cost": 33.58605391845703, "noise_cost": 104.48421306098832, "n_waypoints_completed": 0, "tot_waypoints": 9}}
{"target": -1578.9738244217442, "params": {"k_pid_pos": [1.9762053489685059, 0.9854795932769775, 0.03365132212638855], "k_pid_alt": [1.9172110557556152, 0.9410532712936401, 0.14431551098823547], "k_pid_att": [99.99996185302734, 1.632995843887329, 0.9745291471481323], "k_pid_yaw": [0.5, 1e-06, 0.1], "k_pid_hsp": [10.0, 0.9513479471206665, 0.11165636777877808], "k_pid_vsp": [0.002372264862060547, 6.299711227416992, 9.999999974752427e-07]}, "datetime": {"datetime": "2025-08-12 01:14:10", "elapsed": 31729.64817214012, "delta": 31.258626461029053}, "costs": {"total_cost": 1578.9738244217442, "time_cost": 150, "final_distance_cost": 15.556834847596969, "oscillation_cost": 80.14700205568062, "completition_cost": 1000.0, "overshoot_cost": 167.11821231593368, "power_cost": 22.42590537109375, "noise_cost": 143.72586983143913, "n_waypoints_completed": 0, "tot_waypoints": 9}}
{"target": -1587.7453879378634, "params": {"k_pid_pos": [1.9845499992370605, 0.9721903800964355, 0.10182356834411621], "k_pid_alt": [1.8221633434295654, 0.9682283401489258, 0.007193803787231445], "k_pid_att": [100.0, 0.7452555298805237, 0.9916555881500244], "k_pid_yaw": [0.5, 1e-06, 0.1], "k_pid_hsp": [10.0, 0.9256873726844788, 0.06318950653076172], "k_pid_vsp": [0.04067420959472656, 17.17437744140625, 399.99005126953125]}, "datetime": {"datetime": "2025-08-12 01:14:40", "elapsed": 31760.32993555069, "delta": 30.681763410568237}, "costs": {"total_cost": 1587.7453879378634, "time_cost": 150, "final_distance_cost": 12.418171511582663, "oscillation_cost": 91.66192432729773, "completition_cost": 1000.0, "overshoot_cost": 165.87929948187448, "power_cost": 34.07786254882813, "noise_cost": 133.70813006828038, "n_waypoints_completed": 0, "tot_waypoints": 9}}
{"target": -1562.9197746319912, "params": {"k_pid_pos": [1.946765661239624, 0.8322082757949829, 0.005765378475189209], "k_pid_alt": [1.8865938186645508, 0.9852856397628784, 0.007618755102157593], "k_pid_att": [100.0, 2.3970301151275635, 0.9810910224914551], "k_pid_yaw": [0.5, 1e-06, 0.1], "k_pid_hsp": [9.999990463256836, 0.991280198097229, 0.02679198980331421], "k_pid_vsp": [0.19382238388061523, 13.837076187133789, 6.060464511392638e-05]}, "datetime": {"datetime": "2025-08-12 01:15:11", "elapsed": 31791.034782886505, "delta": 30.70484733581543}, "costs": {"total_cost": 1562.9197746319912, "time_cost": 150, "final_distance_cost": 10.30283829270343, "oscillation_cost": 60.60791943334534, "completition_cost": 1000.0, "overshoot_cost": 165.09686117119276, "power_cost": 24.816780920410157, "noise_cost": 152.09537481433955, "n_waypoints_completed": 0, "tot_waypoints": 9}}
{"target": -1576.9115382874002, "params": {"k_pid_pos": [1.9883588552474976, 0.9820458292961121, 0.07429295778274536], "k_pid_alt": [1.9662069082260132, 0.971686601638794, 0.04589676856994629], "k_pid_att": [100.0, 0.1941821128129959, 0.9096720814704895], "k_pid_yaw": [0.5, 1e-06, 0.1], "k_pid_hsp": [10.0, 0.9912426471710205, 0.07855868339538574], "k_pid_vsp": [0.001811981201171875, 2.6558051109313965, 399.8634033203125]}, "datetime": {"datetime": "2025-08-12 01:15:42", "elapsed": 31822.208474874496, "delta": 31.173691987991333}, "costs": {"total_cost": 1576.9115382874002, "time_cost": 150, "final_distance_cost": 12.61829140647418, "oscillation_cost": 85.5274167357131, "completition_cost": 1000.0, "overshoot_cost": 165.74043505680334, "power_cost": 27.708781311035157, "noise_cost": 135.31661377737433, "n_waypoints_completed": 0, "tot_waypoints": 9}}
{"target": -537.808591976314, "params": {"k_pid_pos": [1.9599015712738037, 0.9477927684783936, 0.010498344898223877], "k_pid_alt": [1.9563169479370117, 0.7273385524749756, 0.01805347204208374], "k_pid_att": [100.0, 0.18891727924346924, 0.9838137626647949], "k_pid_yaw": [0.5, 1e-06, 0.1], "k_pid_hsp": [10.0, 0.9960222840309143, 0.03595608472824097], "k_pid_vsp": [391.7309265136719, 3.823758125305176, 86.2354507446289]}, "datetime": {"datetime": "2025-08-12 01:16:14", "elapsed": 31853.561564922333, "delta": 31.353090047836304}, "costs": {"total_cost": 537.808591976314, "time_cost": 150, "final_distance_cost": 35.135699739554966, "oscillation_cost": 113.09040038313259, "completition_cost": 111.11111111111116, "overshoot_cost": 63.01793987539151, "power_cost": 35.45881121826172, "noise_cost": 29.994629648862038, "n_waypoints_completed": 8, "tot_waypoints": 9}}
{"target": -1267.7755649148667, "params": {"k_pid_pos": [1.984781265258789, 0.9937881827354431, 0.04598259925842285], "k_pid_alt": [1.8592424392700195, 0.8963465690612793, 0.027981221675872803], "k_pid_att": [100.0, 1.2821416854858398, 0.9664241671562195], "k_pid_yaw": [0.5, 1e-06, 0.1], "k_pid_hsp": [6.414829730987549, 0.9157710671424866, 0.013689577579498291], "k_pid_vsp": [151.1255645751953, 2.5283584594726562, 8.691383361816406]}, "datetime": {"datetime": "2025-08-12 01:16:45", "elapsed": 31884.673345804214, "delta": 31.111780881881714}, "costs": {"total_cost": 1267.7755649148667, "time_cost": 150, "final_distance_cost": 59.257221672939686, "oscillation_cost": 66.70551795624209, "completition_cost": 888.8888888888888, "overshoot_cost": 40.57674579110948, "power_cost": 28.106105200195312, "noise_cost": 34.241085405491354, "n_waypoints_completed": 1, "tot_waypoints": 9}}
{"target": -1562.4805769945517, "params": {"k_pid_pos": [1.960483431816101, 0.9935920834541321, 0.008253246545791626], "k_pid_alt": [1.9873631000518799, 0.853406548500061, 0.009079903364181519], "k_pid_att": [100.0, 0.5210033059120178, 0.9340865612030029], "k_pid_yaw": [0.5, 1e-06, 0.1], "k_pid_hsp": [0.0031070243567228317, 0.8590918779373169, 0.006197065114974976], "k_pid_vsp": [0.008475780487060547, 23.031450271606445, 400.0]}, "datetime": {"datetime": "2025-08-12 01:17:16", "elapsed": 31916.005241155624, "delta": 31.331895351409912}, "costs": {"total_cost": 1562.4805769945517, "time_cost": 150, "final_distance_cost": 24.577137415873025, "oscillation_cost": 67.03961888374465, "completition_cost": 1000.0, "overshoot_cost": 175.2329620924672, "power_cost": 28.90711005859375, "noise_cost": 116.72374854387294, "n_waypoints_completed": 0, "tot_waypoints": 9}}
{"target": -877.6168582238138, "params": {"k_pid_pos": [1.9268373250961304, 0.9566621780395508, 0.16401857137680054], "k_pid_alt": [1.9921889305114746, 0.8060828447341919, 0.00851401686668396], "k_pid_att": [100.0, 0.9322861433029175, 0.9187564849853516], "k_pid_yaw": [0.5, 1e-06, 0.1], "k_pid_hsp": [9.999998092651367, 0.9954409599304199, 0.004475295543670654], "k_pid_vsp": [0.0, 85.6068344116211, 1.2920929293613881e-05]}, "datetime": {"datetime": "2025-08-12 01:17:48", "elapsed": 31948.26432991028, "delta": 32.25908875465393}, "costs": {"total_cost": 877.6168582238138, "time_cost": 150, "final_distance_cost": 77.92840756825426, "oscillation_cost": 195.17060820313392, "completition_cost": 333.33333333333337, "overshoot_cost": 56.63569198714281, "power_cost": 35.764174023437505, "noise_cost": 28.78464310851201, "n_waypoints_completed": 6, "tot_waypoints": 9}}
{"target": -746.1591631835022, "params": {"k_pid_pos": [1.9436118602752686, 0.9913313388824463, 0.04092574119567871], "k_pid_alt": [1.8553740978240967, 0.9630705118179321, 0.02023136615753174], "k_pid_att": [100.0, 0.13398201763629913, 0.9765692949295044], "k_pid_yaw": [0.5, 1e-06, 0.1], "k_pid_hsp": [9.999998092651367, 0.9740710854530334, 0.010339438915252686], "k_pid_vsp": [398.9756164550781, 3.2063493728637695, 0.01084904558956623]}, "datetime": {"datetime": "2025-08-12 01:18:19", "elapsed": 31979.32293367386, "delta": 31.058603763580322}, "costs": {"total_cost": 746.1591631835022, "time_cost": 150, "final_distance_cost": 61.956523511434206, "oscillation_cost": 175.42536430557578, "completition_cost": 222.2222222222222, "overshoot_cost": 71.05942948440226, "power_cost": 31.266283056640628, "noise_cost": 34.22934060322706, "n_waypoints_completed": 7, "tot_waypoints": 9}}
{"target": -1541.3909419057989, "params": {"k_pid_pos": [1.9778105020523071, 0.9024417400360107, 0.007422536611557007], "k_pid_alt": [1.9825676679611206, 0.9637428522109985, 0.009300947189331055], "k_pid_att": [99.99978637695312, 3.395843267440796, 0.9094139337539673], "k_pid_yaw": [0.5, 1e-06, 0.1], "k_pid_hsp": [10.0, 0.9963911771774292, 0.007907956838607788], "k_pid_vsp": [0.39769411087036133, 17.070629119873047, 117.01573181152344]}, "datetime": {"datetime": "2025-08-12 01:18:50", "elapsed": 32010.015683174133, "delta": 30.692749500274658}, "costs": {"total_cost": 1541.3909419057989, "time_cost": 150, "final_distance_cost": 2.7343615658077387, "oscillation_cost": 50.292293831517085, "completition_cost": 1000.0, "overshoot_cost": 165.82898301902966, "power_cost": 29.163278820800784, "noise_cost": 143.37202466864363, "n_waypoints_completed": 0, "tot_waypoints": 9}}
{"target": -1538.7659402165116, "params": {"k_pid_pos": [1.9564177989959717, 0.9665172100067139, 0.02520725131034851], "k_pid_alt": [1.9050953388214111, 0.9360153675079346, 0.06939786672592163], "k_pid_att": [100.0, 2.7633376121520996, 0.9477187395095825], "k_pid_yaw": [0.5, 1e-06, 0.1], "k_pid_hsp": [10.0, 0.8776285648345947, 0.02173963189125061], "k_pid_vsp": [0.012195110321044922, 4.566491603851318, 399.9569091796875]}, "datetime": {"datetime": "2025-08-12 01:19:22", "elapsed": 32041.62540626526, "delta": 31.60972309112549}, "costs": {"total_cost": 1538.7659402165116, "time_cost": 150, "final_distance_cost": 8.768968950018706, "oscillation_cost": 55.849618285908036, "completition_cost": 1000.0, "overshoot_cost": 164.32309948800233, "power_cost": 22.802226904296877, "noise_cost": 137.0220265882856, "n_waypoints_completed": 0, "tot_waypoints": 9}}
{"target": -1573.007440936199, "params": {"k_pid_pos": [1.9543219804763794, 0.9373491406440735, 0.0615958571434021], "k_pid_alt": [1.9903020858764648, 0.9878255724906921, 0.012391149997711182], "k_pid_att": [25.09554672241211, 1.563691258430481, 0.9706183075904846], "k_pid_yaw": [0.5, 1e-06, 0.1], "k_pid_hsp": [9.997356414794922, 0.9169144630432129, 0.17951419949531555], "k_pid_vsp": [0.34415721893310547, 5.321837425231934, 336.7552490234375]}, "datetime": {"datetime": "2025-08-12 01:19:53", "elapsed": 32073.30225801468, "delta": 31.676851749420166}, "costs": {"total_cost": 1573.007440936199, "time_cost": 150, "final_distance_cost": 12.888099410493583, "oscillation_cost": 78.1217760511702, "completition_cost": 1000.0, "overshoot_cost": 166.55508842654316, "power_cost": 22.580507080078124, "noise_cost": 142.86196996791395, "n_waypoints_completed": 0, "tot_waypoints": 9}}
{"target": -1325.3801955565336, "params": {"k_pid_pos": [1.9358314275741577, 0.9341168403625488, 0.11538317799568176], "k_pid_alt": [1.7366808652877808, 0.9862570762634277, 0.02061915397644043], "k_pid_att": [97.67969512939453, 0.1241491362452507, 0.9392133951187134], "k_pid_yaw": [0.5, 1e-06, 0.1], "k_pid_hsp": [10.0, 0.9889348149299622, 0.046588391065597534], "k_pid_vsp": [399.9994201660156, 3.5734305381774902, 400.0]}, "datetime": {"datetime": "2025-08-12 01:20:24", "elapsed": 32104.110810518265, "delta": 30.808552503585815}, "costs": {"total_cost": 1325.3801955565336, "time_cost": 150, "final_distance_cost": 65.3881940988406, "oscillation_cost": 93.04088430348206, "completition_cost": 888.8888888888888, "overshoot_cost": 61.75569696179932, "power_cost": 35.292085510253905, "noise_cost": 31.014445793268987, "n_waypoints_completed": 1, "tot_waypoints": 9}}
{"target": -1560.317016654827, "params": {"k_pid_pos": [1.943642258644104, 0.9674235582351685, 0.02321818470954895], "k_pid_alt": [1.9570825099945068, 0.988493025302887, 0.025132209062576294], "k_pid_att": [100.0, 1.0252985954284668, 0.9825323820114136], "k_pid_yaw": [0.5, 1e-06, 0.1], "k_pid_hsp": [0.0004999431548640132, 0.799578070640564, 0.024120360612869263], "k_pid_vsp": [0.8759856224060059, 3.8760313987731934, 0.07779698073863983]}, "datetime": {"datetime": "2025-08-12 01:20:55", "elapsed": 32134.732150793076, "delta": 30.62134027481079}, "costs": {"total_cost": 1560.317016654827, "time_cost": 150, "final_distance_cost": 10.604256920869789, "oscillation_cost": 59.25506097022712, "completition_cost": 1000.0, "overshoot_cost": 174.37817865236966, "power_cost": 18.17249971923828, "noise_cost": 147.90702039212246, "n_waypoints_completed": 0, "tot_waypoints": 9}}
{"target": -1576.2768202521534, "params": {"k_pid_pos": [1.9810428619384766, 0.8923332691192627, 0.028322488069534302], "k_pid_alt": [1.9457981586456299, 0.948717474937439, 0.06382200121879578], "k_pid_att": [99.9991455078125, 0.6411212682723999, 0.9907315373420715], "k_pid_yaw": [0.5, 1e-06, 0.1], "k_pid_hsp": [10.0, 0.7714972496032715, 0.07508400082588196], "k_pid_vsp": [0.1877427101135254, 36.10141372680664, 400.0]}, "datetime": {"datetime": "2025-08-12 01:21:27", "elapsed": 32166.86886572838, "delta": 32.136714935302734}, "costs": {"total_cost": 1576.2768202521534, "time_cost": 150, "final_distance_cost": 1.9679739199275446, "oscillation_cost": 91.47634168925161, "completition_cost": 1000.0, "overshoot_cost": 165.73145908917328, "power_cost": 35.460305078125, "noise_cost": 131.64074047567576, "n_waypoints_completed": 0, "tot_waypoints": 9}}
{"target": -1306.160279843833, "params": {"k_pid_pos": [1.9840766191482544, 0.9776894450187683, 0.0514504611492157], "k_pid_alt": [1.983839511871338, 0.9865082502365112, 0.06848254799842834], "k_pid_att": [100.0, 3.3350110054016113, 0.9858204126358032], "k_pid_yaw": [0.5, 1e-06, 0.1], "k_pid_hsp": [9.043965339660645, 0.9972479343414307, 0.03213983774185181], "k_pid_vsp": [400.0, 23.80727767944336, 0.10477404296398163]}, "datetime": {"datetime": "2025-08-12 01:21:58", "elapsed": 32198.020257472992, "delta": 31.151391744613647}, "costs": {"total_cost": 1306.160279843833, "time_cost": 150, "final_distance_cost": 72.7211584109865, "oscillation_cost": 90.35117387987103, "completition_cost": 888.8888888888888, "overshoot_cost": 40.29636934760771, "power_cost": 29.934034020996094, "noise_cost": 33.96865529548311, "n_waypoints_completed": 1, "tot_waypoints": 9}}
{"target": -1545.4497058628046, "params": {"k_pid_pos": [1.8135087490081787, 0.965319812297821, 0.006848365068435669], "k_pid_alt": [1.469956398010254, 0.7481019496917725, 0.05105593800544739], "k_pid_att": [100.0, 1.149685025215149, 0.9596256017684937], "k_pid_yaw": [0.5, 1e-06, 0.1], "k_pid_hsp": [9.999993324279785, 0.9851354956626892, 0.024664461612701416], "k_pid_vsp": [253.0362091064453, 20.474531173706055, 399.9999084472656]}, "datetime": {"datetime": "2025-08-12 01:22:29", "elapsed": 32228.707286834717, "delta": 30.687029361724854}, "costs": {"total_cost": 1545.4497058628046, "time_cost": 150, "final_distance_cost": 7.365680762897609, "oscillation_cost": 67.35513107905193, "completition_cost": 1000.0, "overshoot_cost": 165.3354428923416, "power_cost": 33.71111973876953, "noise_cost": 121.68233138974394, "n_waypoints_completed": 0, "tot_waypoints": 9}}
{"target": -1593.3783989918074, "params": {"k_pid_pos": [1.9542440176010132, 0.974437952041626, 0.07163381576538086], "k_pid_alt": [1.9381680488586426, 0.9363865852355957, 0.027399808168411255], "k_pid_att": [100.0, 0.7573760151863098, 0.9625362157821655], "k_pid_yaw": [0.5, 1e-06, 0.1], "k_pid_hsp": [10.0, 0.991028904914856, 0.22738757729530334], "k_pid_vsp": [0.00010728836059570312, 3.1752119064331055, 400.0]}, "datetime": {"datetime": "2025-08-12 01:23:00", "elapsed": 32259.845075130463, "delta": 31.13778829574585}, "costs": {"total_cost": 1593.3783989918074, "time_cost": 150, "final_distance_cost": 14.203664344239375, "oscillation_cost": 99.28444830601232, "completition_cost": 1000.0, "overshoot_cost": 165.9867148297005, "power_cost": 29.579352172851564, "noise_cost": 134.32421933900383, "n_waypoints_completed": 0, "tot_waypoints": 9}}
{"target": -644.5269487409568, "params": {"k_pid_pos": [1.9195034503936768, 0.997393012046814, 0.1435251235961914], "k_pid_alt": [1.947092890739441, 0.9703187942504883, 0.07416242361068726], "k_pid_att": [100.0, 1.503581166267395, 0.8950082659721375], "k_pid_yaw": [0.5, 1e-06, 0.1], "k_pid_hsp": [10.0, 0.9808054566383362, 0.14478540420532227], "k_pid_vsp": [399.9999694824219, 65.77076721191406, 0.012863682582974434]}, "datetime": {"datetime": "2025-08-12 01:23:31", "elapsed": 32290.691952228546, "delta": 30.846877098083496}, "costs": {"total_cost": 644.5269487409568, "time_cost": 150, "final_distance_cost": 57.5263795047824, "oscillation_cost": 180.95178408167467, "completition_cost": 111.11111111111116, "overshoot_cost": 77.2299475821096, "power_cost": 34.07798690185547, "noise_cost": 33.62973955942347, "n_waypoints_completed": 8, "tot_waypoints": 9}}
{"target": -1569.441741034223, "params": {"k_pid_pos": [1.9595061540603638, 0.8867217302322388, 0.01781746745109558], "k_pid_alt": [1.9555613994598389, 0.9585557579994202, 0.0029532909393310547], "k_pid_att": [100.0, 0.2091674655675888, 0.9803934097290039], "k_pid_yaw": [0.5, 1e-06, 0.1], "k_pid_hsp": [10.0, 0.9795491695404053, 0.05220979452133179], "k_pid_vsp": [51.66730880737305, 71.98457336425781, 400.0]}, "datetime": {"datetime": "2025-08-12 01:24:02", "elapsed": 32321.74805498123, "delta": 31.056102752685547}, "costs": {"total_cost": 1569.441741034223, "time_cost": 150, "final_distance_cost": 2.3746645301541562, "oscillation_cost": 83.00993136584971, "completition_cost": 1000.0, "overshoot_cost": 166.11630036371656, "power_cost": 34.47341350097656, "noise_cost": 133.46743127352593, "n_waypoints_completed": 0, "tot_waypoints": 9}}
{"target": -3437.876121268167, "params": {"k_pid_pos": [1.9594581127166748, 0.9955426454544067, 0.016174882650375366], "k_pid_alt": [1.9776297807693481, 0.9834150075912476, 0.057274430990219116], "k_pid_att": [0.0, 0.37063658237457275, 0.9745053648948669], "k_pid_yaw": [0.5, 1e-06, 0.1], "k_pid_hsp": [10.0, 0.992143988609314, 0.09456557035446167], "k_pid_vsp": [0.0, 8.421875, 399.9993896484375]}, "datetime": {"datetime": "2025-08-12 01:24:32", "elapsed": 32351.728281259537, "delta": 29.980226278305054}, "costs": {"total_cost": 3437.876121268167, "time_cost": 150, "final_distance_cost": 380.27891467789544, "oscillation_cost": 610.092786935041, "completition_cost": 1000.0, "overshoot_cost": 1131.1093973024, "power_cost": 18.003429223632814, "noise_cost": 148.39159312919776, "n_waypoints_completed": 0, "tot_waypoints": 9}}
{"target": -1566.8439132207768, "params": {"k_pid_pos": [1.8723030090332031, 0.9937151670455933, 0.24244806170463562], "k_pid_alt": [1.9838078022003174, 0.9184962511062622, 0.03168347477912903], "k_pid_att": [100.0, 1.8552584648132324, 0.982185423374176], "k_pid_yaw": [0.5, 1e-06, 0.1], "k_pid_hsp": [10.0, 0.9972083568572998, 0.03274369239807129], "k_pid_vsp": [21.183835983276367, 7.234490871429443, 399.9963684082031]}, "datetime": {"datetime": "2025-08-12 01:25:04", "elapsed": 32383.43773174286, "delta": 31.709450483322144}, "costs": {"total_cost": 1566.8439132207768, "time_cost": 150, "final_distance_cost": 1.7445855358288662, "oscillation_cost": 84.68779461939127, "completition_cost": 1000.0, "overshoot_cost": 164.59959632475002, "power_cost": 34.950281738281255, "noise_cost": 130.86165500252534, "n_waypoints_completed": 0, "tot_waypoints": 9}}
{"target": -1373.4998728146338, "params": {"k_pid_pos": [1.9880269765853882, 0.966515064239502, 0.025220125913619995], "k_pid_alt": [1.9772179126739502, 0.8721967339515686, 0.09324026107788086], "k_pid_att": [100.0, 1.2936198711395264, 0.987212061882019], "k_pid_yaw": [0.5, 1e-06, 0.1], "k_pid_hsp": [9.999999046325684, 0.9709024429321289, 0.03210291266441345], "k_pid_vsp": [399.9994201660156, 18.375280380249023, 0.03481011092662811]}, "datetime": {"datetime": "2025-08-12 01:25:35", "elapsed": 32415.226682901382, "delta": 31.78895115852356}, "costs": {"total_cost": 1373.4998728146338, "time_cost": 150, "final_distance_cost": 45.207788451968334, "oscillation_cost": 83.40748326887352, "completition_cost": 1000.0, "overshoot_cost": 31.086681022759674, "power_cost": 29.776092456054688, "noise_cost": 34.021827614977504, "n_waypoints_completed": 0, "tot_waypoints": 9}}
