{"target": -760.9118382483474, "params": {"k_pid_pos": [1.9021645784378052, 0.9364610910415649, 0.005061060190200806], "k_pid_alt": [1.846108317375183, 0.9583405256271362, 0.014765113592147827], "k_pid_att": [100.0, 0.09255273640155792, 0.9936623573303223], "k_pid_yaw": [0.5, 1e-06, 0.1], "k_pid_hsp": [10.0, 0.9788508415222168, 0.003065645694732666], "k_pid_vsp": [395.7189636230469, 3.9319047927856445, 0.05185703933238983]}, "datetime": {"datetime": "2025-08-12 11:42:23", "elapsed": 69422.5136680603, "delta": 29.53521966934204}, "costs": {"total_cost": 760.9118382483474, "time_cost": 150, "final_distance_cost": 68.42655046865434, "oscillation_cost": 190.3691757829413, "completition_cost": 222.2222222222222, "overshoot_cost": 65.1498944790385, "power_cost": 30.720388623046876, "noise_cost": 34.023606672444174, "n_waypoints_completed": 7, "tot_waypoints": 9}}
{"target": -829.5910251629704, "params": {"k_pid_pos": [1.9749715328216553, 0.968878448009491, 0.008408516645431519], "k_pid_alt": [1.941072940826416, 0.9822111129760742, 0.023556560277938843], "k_pid_att": [100.0, 0.08479943871498108, 0.9919769763946533], "k_pid_yaw": [0.5, 1e-06, 0.1], "k_pid_hsp": [9.6662015914917, 0.9816810488700867, 0.009820401668548584], "k_pid_vsp": [400.0, 14.775920867919922, 0.004852817859500647]}, "datetime": {"datetime": "2025-08-12 11:42:52", "elapsed": 69452.25538277626, "delta": 29.74171471595764}, "costs": {"total_cost": 829.5910251629704, "time_cost": 150, "final_distance_cost": 75.86770032302206, "oscillation_cost": 142.26711479811453, "completition_cost": 333.33333333333337, "overshoot_cost": 64.01433485220012, "power_cost": 29.850277673339846, "noise_cost": 34.258264182960424, "n_waypoints_completed": 6, "tot_waypoints": 9}}
{"target": -760.3666913228606, "params": {"k_pid_pos": [1.9393852949142456, 0.9724570512771606, 0.042498886585235596], "k_pid_alt": [1.9807281494140625, 0.9948815703392029, 0.009677469730377197], "k_pid_att": [100.0, 0.26723966002464294, 0.9297497272491455], "k_pid_yaw": [0.5, 1e-06, 0.1], "k_pid_hsp": [10.0, 0.987225353717804, 0.017359256744384766], "k_pid_vsp": [399.9399108886719, 3.402472496032715, 0.00013213021156843752]}, "datetime": {"datetime": "2025-08-12 11:43:22", "elapsed": 69482.3081035614, "delta": 30.05272078514099}, "costs": {"total_cost": 760.3666913228606, "time_cost": 150, "final_distance_cost": 73.72138309887251, "oscillation_cost": 181.98378314196484, "completition_cost": 222.2222222222222, "overshoot_cost": 67.49468474572502, "power_cost": 30.839084313964847, "noise_cost": 34.10553380011123, "n_waypoints_completed": 7, "tot_waypoints": 9}}
{"target": -1315.9606739979927, "params": {"k_pid_pos": [1.9063323736190796, 0.993157148361206, 0.014856547117233276], "k_pid_alt": [1.9425727128982544, 0.9952029585838318, 0.01626145839691162], "k_pid_att": [100.0, 0.20865963399410248, 0.9877454042434692], "k_pid_yaw": [0.5, 1e-06, 0.1], "k_pid_hsp": [10.0, 0.9797827005386353, 0.039395809173583984], "k_pid_vsp": [399.99951171875, 7.003308296203613, 4.8683716158848256e-05]}, "datetime": {"datetime": "2025-08-12 11:43:52", "elapsed": 69511.96039366722, "delta": 29.652290105819702}, "costs": {"total_cost": 1315.9606739979927, "time_cost": 150, "final_distance_cost": 61.568169007984906, "oscillation_cost": 109.52347302936944, "completition_cost": 888.8888888888888, "overshoot_cost": 41.86571920266072, "power_cost": 30.3462490234375, "noise_cost": 33.768174845651295, "n_waypoints_completed": 1, "tot_waypoints": 9}}
{"target": -704.4271769314224, "params": {"k_pid_pos": [1.8610857725143433, 0.9920058250427246, 0.06098431348800659], "k_pid_alt": [1.9810044765472412, 0.9326192140579224, 0.003700822591781616], "k_pid_att": [100.0, 0.042843256145715714, 0.9980262517929077], "k_pid_yaw": [0.5, 1e-06, 0.1], "k_pid_hsp": [9.999991416931152, 0.9990860819816589, 0.014745235443115234], "k_pid_vsp": [124.89712524414062, 3.4674057960510254, 9.999999974752427e-07]}, "datetime": {"datetime": "2025-08-12 11:44:21", "elapsed": 69541.03139138222, "delta": 29.070997714996338}, "costs": {"total_cost": 704.4271769314224, "time_cost": 150, "final_distance_cost": 69.67137930627901, "oscillation_cost": 131.2255220035452, "completition_cost": 222.2222222222222, "overshoot_cost": 66.84130025967694, "power_cost": 30.162534240722657, "noise_cost": 34.304218898976536, "n_waypoints_completed": 7, "tot_waypoints": 9}}
{"target": -723.4192670872062, "params": {"k_pid_pos": [1.9712133407592773, 0.9983018636703491, 0.005621194839477539], "k_pid_alt": [1.9868533611297607, 0.9645125865936279, 0.01728510856628418], "k_pid_att": [100.0, 0.20578224956989288, 0.9898777008056641], "k_pid_yaw": [0.5, 1e-06, 0.1], "k_pid_hsp": [10.0, 0.9780944585800171, 0.002253025770187378], "k_pid_vsp": [399.99847412109375, 9.87695598602295, 9.636743197916076e-05]}, "datetime": {"datetime": "2025-08-12 11:44:50", "elapsed": 69569.38794064522, "delta": 28.35654926300049}, "costs": {"total_cost": 723.4192670872062, "time_cost": 150, "final_distance_cost": 74.16901802172028, "oscillation_cost": 154.06874175686943, "completition_cost": 222.2222222222222, "overshoot_cost": 59.21027602319078, "power_cost": 30.987261730957034, "noise_cost": 32.76174733224651, "n_waypoints_completed": 7, "tot_waypoints": 9}}
{"target": -707.5443372202031, "params": {"k_pid_pos": [1.993134617805481, 0.9860765337944031, 0.00959053635597229], "k_pid_alt": [1.9947750568389893, 0.9747602939605713, 0.017960786819458008], "k_pid_att": [100.0, 0.16149108111858368, 0.9649260640144348], "k_pid_yaw": [0.5, 1e-06, 0.1], "k_pid_hsp": [10.0, 0.9968855381011963, 0.009579330682754517], "k_pid_vsp": [400.0, 3.308058738708496, 9.999999974752427e-07]}, "datetime": {"datetime": "2025-08-12 11:45:21", "elapsed": 69601.02180051804, "delta": 31.633859872817993}, "costs": {"total_cost": 707.5443372202031, "time_cost": 150, "final_distance_cost": 66.84879024933035, "oscillation_cost": 140.410992644518, "completition_cost": 222.2222222222222, "overshoot_cost": 64.1145476723327, "power_cost": 31.05918358154297, "noise_cost": 32.88860085025695, "n_waypoints_completed": 7, "tot_waypoints": 9}}
{"target": -1532.1633168869632, "params": {"k_pid_pos": [1.9855650663375854, 0.9119827747344971, 0.030366748571395874], "k_pid_alt": [1.9941730499267578, 0.995520830154419, 0.018660664558410645], "k_pid_att": [100.0, 0.06778009980916977, 0.9872214198112488], "k_pid_yaw": [0.5, 1e-06, 0.1], "k_pid_hsp": [10.0, 0.9723416566848755, 0.01861286163330078], "k_pid_vsp": [0.0, 5.93471622467041, 9.999999974752427e-07]}, "datetime": {"datetime": "2025-08-12 11:45:50", "elapsed": 69630.30652332306, "delta": 29.284722805023193}, "costs": {"total_cost": 1532.1633168869632, "time_cost": 150, "final_distance_cost": 2.7430423211544404, "oscillation_cost": 51.39106532732074, "completition_cost": 1000.0, "overshoot_cost": 166.0074556702793, "power_cost": 17.210432189941407, "noise_cost": 144.81132137826722, "n_waypoints_completed": 0, "tot_waypoints": 9}}
{"target": -854.7649189414815, "params": {"k_pid_pos": [1.9665427207946777, 0.9400345683097839, 0.009318172931671143], "k_pid_alt": [1.8971811532974243, 0.9949625730514526, 0.005390137434005737], "k_pid_att": [99.99996948242188, 0.16530215740203857, 0.986345112323761], "k_pid_yaw": [0.5, 1e-06, 0.1], "k_pid_hsp": [9.999658584594727, 0.9874712228775024, 0.01870971918106079], "k_pid_vsp": [399.9999084472656, 26.254846572875977, 9.999999974752427e-07]}, "datetime": {"datetime": "2025-08-12 11:46:20", "elapsed": 69659.40327000618, "delta": 29.096746683120728}, "costs": {"total_cost": 854.7649189414815, "time_cost": 150, "final_distance_cost": 76.6375327864284, "oscillation_cost": 164.49450760038175, "completition_cost": 333.33333333333337, "overshoot_cost": 65.05743769263484, "power_cost": 30.88969606933594, "noise_cost": 34.352411459367204, "n_waypoints_completed": 6, "tot_waypoints": 9}}
{"target": -1546.3834422227383, "params": {"k_pid_pos": [1.9912195205688477, 0.9972164034843445, 0.003226935863494873], "k_pid_alt": [1.938208818435669, 0.9764276742935181, 0.037596702575683594], "k_pid_att": [100.0, 0.127043217420578, 0.9707220792770386], "k_pid_yaw": [0.5, 1e-06, 0.1], "k_pid_hsp": [10.0, 0.9891564846038818, 0.00334128737449646], "k_pid_vsp": [0.09295940399169922, 13.253081321716309, 9.999999974752427e-07]}, "datetime": {"datetime": "2025-08-12 11:46:50", "elapsed": 69689.54459404945, "delta": 30.141324043273926}, "costs": {"total_cost": 1546.3834422227383, "time_cost": 150, "final_distance_cost": 12.285102260525758, "oscillation_cost": 43.429148255996715, "completition_cost": 1000.0, "overshoot_cost": 166.27247615592208, "power_cost": 23.109902441406252, "noise_cost": 151.2868131088873, "n_waypoints_completed": 0, "tot_waypoints": 9}}
{"target": -734.775912196008, "params": {"k_pid_pos": [1.9735444784164429, 0.9896473288536072, 0.03980165719985962], "k_pid_alt": [1.9651508331298828, 0.9215174317359924, 0.0027394890785217285], "k_pid_att": [100.0, 0.1018238440155983, 0.9907786846160889], "k_pid_yaw": [0.5, 1e-06, 0.1], "k_pid_hsp": [10.0, 0.9762730598449707, 0.01300618052482605], "k_pid_vsp": [400.0, 3.466440200805664, 7.25255740690045e-05]}, "datetime": {"datetime": "2025-08-12 11:47:20", "elapsed": 69719.3935251236, "delta": 29.848931074142456}, "costs": {"total_cost": 734.775912196008, "time_cost": 150, "final_distance_cost": 72.16764172108961, "oscillation_cost": 159.39779064144253, "completition_cost": 222.2222222222222, "overshoot_cost": 66.88336402343921, "power_cost": 30.260473852539064, "noise_cost": 33.84441973527528, "n_waypoints_completed": 7, "tot_waypoints": 9}}
{"target": -765.3112891306686, "params": {"k_pid_pos": [1.9814510345458984, 0.9971915483474731, 0.0037712454795837402], "k_pid_alt": [1.8511730432510376, 0.9558862447738647, 0.04385936260223389], "k_pid_att": [100.0, 1.5849474668502808, 0.9292377233505249], "k_pid_yaw": [0.5, 1e-06, 0.1], "k_pid_hsp": [10.0, 0.9770649075508118, 0.0012982487678527832], "k_pid_vsp": [399.9637756347656, 1.2277374267578125, 9.999999974752427e-07]}, "datetime": {"datetime": "2025-08-12 11:47:47", "elapsed": 69747.31629943848, "delta": 27.92277431488037}, "costs": {"total_cost": 765.3112891306686, "time_cost": 150, "final_distance_cost": 72.06851690407439, "oscillation_cost": 190.72920237541527, "completition_cost": 222.2222222222222, "overshoot_cost": 64.48346874228012, "power_cost": 31.707859716796875, "noise_cost": 34.100019169879666, "n_waypoints_completed": 7, "tot_waypoints": 9}}
{"target": -1553.3056256523819, "params": {"k_pid_pos": [1.9317387342453003, 0.9905640482902527, 0.03807446360588074], "k_pid_alt": [1.9605882167816162, 0.989046573638916, 0.0395125150680542], "k_pid_att": [100.0, 0.2115003615617752, 0.9361792802810669], "k_pid_yaw": [0.5, 1e-06, 0.1], "k_pid_hsp": [10.0, 0.9545325040817261, 0.054341286420822144], "k_pid_vsp": [0.0, 0.42383772134780884, 0.20649532973766327]}, "datetime": {"datetime": "2025-08-12 11:48:17", "elapsed": 69777.22905540466, "delta": 29.912755966186523}, "costs": {"total_cost": 1553.3056256523819, "time_cost": 150, "final_distance_cost": 15.430449787528723, "oscillation_cost": 68.51806167367643, "completition_cost": 1000.0, "overshoot_cost": 167.16122862419527, "power_cost": 14.595930468750002, "noise_cost": 137.59995509823136, "n_waypoints_completed": 0, "tot_waypoints": 9}}
{"target": -1315.734631278271, "params": {"k_pid_pos": [1.9956034421920776, 0.9962636232376099, 0.010104775428771973], "k_pid_alt": [1.9603657722473145, 0.9885857701301575, 0.032146334648132324], "k_pid_att": [100.0, 0.21324944496154785, 0.9834125638008118], "k_pid_yaw": [0.5, 1e-06, 0.1], "k_pid_hsp": [9.999921798706055, 0.9822677969932556, 0.035805583000183105], "k_pid_vsp": [400.0, 8.320928573608398, 0.01180271990597248]}, "datetime": {"datetime": "2025-08-12 11:48:47", "elapsed": 69806.87978720665, "delta": 29.650731801986694}, "costs": {"total_cost": 1315.734631278271, "time_cost": 150, "final_distance_cost": 61.084401939566305, "oscillation_cost": 110.84108688148378, "completition_cost": 888.8888888888888, "overshoot_cost": 40.97114567708052, "power_cost": 30.11324813232422, "noise_cost": 33.83585975892726, "n_waypoints_completed": 1, "tot_waypoints": 9}}
{"target": -1533.1184067028396, "params": {"k_pid_pos": [1.9864981174468994, 0.9871189594268799, 0.018583685159683228], "k_pid_alt": [1.946640133857727, 0.9840892553329468, 0.0025802552700042725], "k_pid_att": [100.0, 0.3440719544887543, 0.998035192489624], "k_pid_yaw": [0.5, 1e-06, 0.1], "k_pid_hsp": [10.0, 0.9246230721473694, 0.0037342607975006104], "k_pid_vsp": [0.0, 5.224205017089844, 9.999999974752427e-07]}, "datetime": {"datetime": "2025-08-12 11:49:16", "elapsed": 69835.65799617767, "delta": 28.77820897102356}, "costs": {"total_cost": 1533.1184067028396, "time_cost": 150, "final_distance_cost": 15.517223679293727, "oscillation_cost": 40.53912201982118, "completition_cost": 1000.0, "overshoot_cost": 166.72779726437247, "power_cost": 16.202009521484374, "noise_cost": 144.13225421786788, "n_waypoints_completed": 0, "tot_waypoints": 9}}
{"target": -830.7021832495924, "params": {"k_pid_pos": [1.9943177700042725, 0.9815993309020996, 0.010648548603057861], "k_pid_alt": [1.9787942171096802, 0.932347297668457, 0.00557669997215271], "k_pid_att": [100.0, 0.09392929077148438, 0.95505291223526], "k_pid_yaw": [0.5, 1e-06, 0.1], "k_pid_hsp": [9.999999046325684, 0.9801671504974365, 0.012495756149291992], "k_pid_vsp": [400.0, 4.89937162399292, 0.0018249021377414465]}, "datetime": {"datetime": "2025-08-12 11:49:44", "elapsed": 69863.9101831913, "delta": 28.2521870136261}, "costs": {"total_cost": 830.7021832495924, "time_cost": 150, "final_distance_cost": 74.24320594495053, "oscillation_cost": 144.987851210493, "completition_cost": 333.33333333333337, "overshoot_cost": 63.972456753001914, "power_cost": 30.182067443847657, "noise_cost": 33.98326856396589, "n_waypoints_completed": 6, "tot_waypoints": 9}}
{"target": -684.5226541898529, "params": {"k_pid_pos": [1.9196796417236328, 0.9733537435531616, 0.012009978294372559], "k_pid_alt": [1.9933950901031494, 0.9850504398345947, 0.0013573169708251953], "k_pid_att": [100.0, 0.8314346075057983, 0.9962751269340515], "k_pid_yaw": [0.5, 1e-06, 0.1], "k_pid_hsp": [10.0, 0.9905278086662292, 0.009649455547332764], "k_pid_vsp": [399.4374694824219, 2.3624072074890137, 9.999999974752427e-07]}, "datetime": {"datetime": "2025-08-12 11:50:14", "elapsed": 69894.3260781765, "delta": 30.415894985198975}, "costs": {"total_cost": 684.5226541898529, "time_cost": 150, "final_distance_cost": 64.642644283517, "oscillation_cost": 120.49792758368541, "completition_cost": 222.2222222222222, "overshoot_cost": 63.69815765300027, "power_cost": 30.467740258789064, "noise_cost": 32.99396218863899, "n_waypoints_completed": 7, "tot_waypoints": 9}}
{"target": -1561.706120463428, "params": {"k_pid_pos": [1.7379209995269775, 0.9894827604293823, 0.005913436412811279], "k_pid_alt": [1.9118857383728027, 0.9806532859802246, 0.014622807502746582], "k_pid_att": [100.0, 0.3465076982975006, 0.9699220061302185], "k_pid_yaw": [0.5, 1e-06, 0.1], "k_pid_hsp": [10.0, 0.9875829815864563, 0.12870007753372192], "k_pid_vsp": [6.4974188804626465, 1.1447081565856934, 9.999999974752427e-07]}, "datetime": {"datetime": "2025-08-12 11:50:45", "elapsed": 69925.3689148426, "delta": 31.042836666107178}, "costs": {"total_cost": 1561.706120463428, "time_cost": 150, "final_distance_cost": 2.346166437195031, "oscillation_cost": 92.5021462445656, "completition_cost": 1000.0, "overshoot_cost": 162.8658702713361, "power_cost": 32.21262550048828, "noise_cost": 121.77931200984337, "n_waypoints_completed": 0, "tot_waypoints": 9}}
{"target": -1075.643806485337, "params": {"k_pid_pos": [1.9962207078933716, 0.9168944954872131, 0.06987908482551575], "k_pid_alt": [1.9053785800933838, 0.9601298570632935, 0.003642171621322632], "k_pid_att": [100.0, 0.043622877448797226, 0.9925851225852966], "k_pid_yaw": [0.5, 1e-06, 0.1], "k_pid_hsp": [10.0, 0.9444529414176941, 0.013200193643569946], "k_pid_vsp": [400.0, 3.9378890991210938, 275.1714172363281]}, "datetime": {"datetime": "2025-08-12 11:51:16", "elapsed": 69956.28023982048, "delta": 30.911324977874756}, "costs": {"total_cost": 1075.643806485337, "time_cost": 150, "final_distance_cost": 55.32647996041204, "oscillation_cost": 72.99963314452572, "completition_cost": 666.6666666666667, "overshoot_cost": 67.12886284399478, "power_cost": 33.65051794433594, "noise_cost": 29.87164592540204, "n_waypoints_completed": 3, "tot_waypoints": 9}}
{"target": -825.5163418025719, "params": {"k_pid_pos": [1.993066430091858, 0.9672337174415588, 0.006525814533233643], "k_pid_alt": [1.98617684841156, 0.9819803833961487, 0.022945135831832886], "k_pid_att": [100.0, 0.07101362198591232, 0.9250425100326538], "k_pid_yaw": [0.5, 1e-06, 0.1], "k_pid_hsp": [10.0, 0.9874868392944336, 0.013197362422943115], "k_pid_vsp": [123.36492919921875, 6.396521091461182, 6.060464511392638e-05]}, "datetime": {"datetime": "2025-08-12 11:51:48", "elapsed": 69987.87622356415, "delta": 31.595983743667603}, "costs": {"total_cost": 825.5163418025719, "time_cost": 150, "final_distance_cost": 74.03973569576287, "oscillation_cost": 138.7196058214702, "completition_cost": 333.33333333333337, "overshoot_cost": 64.80517544385272, "power_cost": 30.261915466308594, "noise_cost": 34.35657604184412, "n_waypoints_completed": 6, "tot_waypoints": 9}}
{"target": -709.2948995429977, "params": {"k_pid_pos": [1.8924418687820435, 0.9927356243133545, 0.028057217597961426], "k_pid_alt": [1.969003438949585, 0.9902329444885254, 0.028410762548446655], "k_pid_att": [100.0, 0.055258482694625854, 0.9865015745162964], "k_pid_yaw": [0.5, 1e-06, 0.1], "k_pid_hsp": [10.0, 0.9609556198120117, 0.003982841968536377], "k_pid_vsp": [400.0, 0.49204927682876587, 0.001491116126999259]}, "datetime": {"datetime": "2025-08-12 11:52:17", "elapsed": 70016.42524456978, "delta": 28.549021005630493}, "costs": {"total_cost": 709.2948995429977, "time_cost": 150, "final_distance_cost": 69.58161826464837, "oscillation_cost": 139.8014116651934, "completition_cost": 222.2222222222222, "overshoot_cost": 64.59599262231474, "power_cost": 30.399050000000003, "noise_cost": 32.69460476861899, "n_waypoints_completed": 7, "tot_waypoints": 9}}
{"target": -1579.2366688751308, "params": {"k_pid_pos": [1.9749884605407715, 0.9973586797714233, 0.021694839000701904], "k_pid_alt": [1.9665462970733643, 0.981782853603363, 0.011938899755477905], "k_pid_att": [100.0, 0.5145169496536255, 0.957447350025177], "k_pid_yaw": [0.5, 1e-06, 0.1], "k_pid_hsp": [10.0, 0.9937945604324341, 0.10223802924156189], "k_pid_vsp": [0.30802488327026367, 2.7901062965393066, 398.0326232910156]}, "datetime": {"datetime": "2025-08-12 11:52:46", "elapsed": 70046.1539824009, "delta": 29.728737831115723}, "costs": {"total_cost": 1579.2366688751308, "time_cost": 150, "final_distance_cost": 11.989570793142336, "oscillation_cost": 87.93620359746981, "completition_cost": 1000.0, "overshoot_cost": 166.03961784275518, "power_cost": 28.984625805664063, "noise_cost": 134.28665083609943, "n_waypoints_completed": 0, "tot_waypoints": 9}}
{"target": -1305.884088676008, "params": {"k_pid_pos": [1.9742015600204468, 0.984840452671051, 0.0174885094165802], "k_pid_alt": [1.957960605621338, 0.9934038519859314, 0.00492522120475769], "k_pid_att": [99.69148254394531, 0.3018961548805237, 0.9747503399848938], "k_pid_yaw": [0.5, 1e-06, 0.1], "k_pid_hsp": [10.0, 0.9846179485321045, 0.032849669456481934], "k_pid_vsp": [400.0, 8.6857328414917, 0.0023255811538547277]}, "datetime": {"datetime": "2025-08-12 11:53:17", "elapsed": 70076.43062853813, "delta": 30.27664613723755}, "costs": {"total_cost": 1305.884088676008, "time_cost": 150, "final_distance_cost": 59.54423367308479, "oscillation_cost": 101.6510147741881, "completition_cost": 888.8888888888888, "overshoot_cost": 42.055423941002104, "power_cost": 29.919715087890626, "noise_cost": 33.82481231095358, "n_waypoints_completed": 1, "tot_waypoints": 9}}
{"target": -1593.748950969536, "params": {"k_pid_pos": [1.9920659065246582, 0.9904317855834961, 0.006980925798416138], "k_pid_alt": [1.8258655071258545, 0.9858900308609009, 0.0052741169929504395], "k_pid_att": [100.0, 0.17929302155971527, 0.9292336702346802], "k_pid_yaw": [0.5, 1e-06, 0.1], "k_pid_hsp": [10.0, 0.9896243214607239, 0.10424655675888062], "k_pid_vsp": [0.00010728836059570312, 21.238351821899414, 399.9970397949219]}, "datetime": {"datetime": "2025-08-12 11:53:44", "elapsed": 70104.05269145966, "delta": 27.622062921524048}, "costs": {"total_cost": 1593.748950969536, "time_cost": 150, "final_distance_cost": 13.592752760907556, "oscillation_cost": 94.37668772976916, "completition_cost": 1000.0, "overshoot_cost": 165.7865569549116, "power_cost": 34.749954821777344, "noise_cost": 135.2429987021702, "n_waypoints_completed": 0, "tot_waypoints": 9}}
{"target": -852.205699784248, "params": {"k_pid_pos": [1.9853131771087646, 0.9954611659049988, 0.0070933997631073], "k_pid_alt": [1.953965187072754, 0.994101881980896, 0.011765897274017334], "k_pid_att": [100.0, 0.17758208513259888, 0.9487345814704895], "k_pid_yaw": [0.5, 1e-06, 0.1], "k_pid_hsp": [10.0, 0.9798192977905273, 0.01843440532684326], "k_pid_vsp": [388.6019592285156, 8.200479507446289, 9.999999974752427e-07]}, "datetime": {"datetime": "2025-08-12 11:54:18", "elapsed": 70137.44888043404, "delta": 33.39618897438049}, "costs": {"total_cost": 852.205699784248, "time_cost": 150, "final_distance_cost": 70.20021393635292, "oscillation_cost": 169.24747047345957, "completition_cost": 333.33333333333337, "overshoot_cost": 63.87231729564324, "power_cost": 31.05983658447266, "noise_cost": 34.49252816098622, "n_waypoints_completed": 6, "tot_waypoints": 9}}
