{"target": -2859.050450359808, "params": {"k_pid_pos": [0.9976033568382263, 0.9292201399803162, 0.055909156799316406], "k_pid_alt": [1.1686267852783203, 0.024899214506149292, 0.794784426689148], "k_pid_att": [0.34787654876708984, 7.958045959472656, 0.9537853002548218], "k_pid_yaw": [0.5, 1e-06, 0.1], "k_pid_hsp": [2.4486305713653564, 0.938870370388031, 0.2233104705810547], "k_pid_vsp": [399.4457702636719, 123.52481079101562, 9.999999974752427e-07]}, "datetime": {"datetime": "2025-08-11 18:25:35", "elapsed": 7214.491100072861, "delta": 29.78581738471985}, "costs": {"total_cost": 2859.050450359808, "time_cost": 150, "final_distance_cost": 158.24485861158539, "oscillation_cost": 880.3828146526021, "completition_cost": 1000.0, "overshoot_cost": 462.92808653063696, "power_cost": 53.47620369873047, "noise_cost": 154.01848686625348, "n_waypoints_completed": 0, "tot_waypoints": 9}}
{"target": -2096.6183466381126, "params": {"k_pid_pos": [1.9419794082641602, 0.42937809228897095, 0.48947954177856445], "k_pid_alt": [1.505822777748108, 0.7705301642417908, 0.47476980090141296], "k_pid_att": [100.0, 5.799556255340576, 0.04201367497444153], "k_pid_yaw": [0.5, 1e-06, 0.1], "k_pid_hsp": [10.0, 0.7207614779472351, 0.12221965193748474], "k_pid_vsp": [20.81500244140625, 108.33609008789062, 400.0]}, "datetime": {"datetime": "2025-08-11 18:26:04", "elapsed": 7244.353509187698, "delta": 29.862409114837646}, "costs": {"total_cost": 2096.6183466381126, "time_cost": 150, "final_distance_cost": 122.78733929234743, "oscillation_cost": 751.6039327135361, "completition_cost": 888.8888888888888, "overshoot_cost": 115.39505577899722, "power_cost": 35.800642077636724, "noise_cost": 32.142487886706185, "n_waypoints_completed": 1, "tot_waypoints": 9}}
{"target": -5125.289287980936, "params": {"k_pid_pos": [1.671243667602539, 0.8696568012237549, 0.2723066508769989], "k_pid_alt": [0.7709305286407471, 0.5884085893630981, 0.8392481803894043], "k_pid_att": [0.01532137393951416, 5.23285436630249, 0.8767159581184387], "k_pid_yaw": [0.5, 1e-06, 0.1], "k_pid_hsp": [9.398757934570312, 0.9288754463195801, 0.026261717081069946], "k_pid_vsp": [399.999755859375, 157.14990234375, 399.8557434082031]}, "datetime": {"datetime": "2025-08-11 18:26:35", "elapsed": 7274.906251192093, "delta": 30.55274200439453}, "costs": {"total_cost": 5125.289287980936, "time_cost": 150, "final_distance_cost": 767.7793059145677, "oscillation_cost": 1082.915020444095, "completition_cost": 1000.0, "overshoot_cost": 1910.9830865400327, "power_cost": 52.65820260009766, "noise_cost": 160.95367248214274, "n_waypoints_completed": 0, "tot_waypoints": 9}}
{"target": -1252.068047334016, "params": {"k_pid_pos": [1.940865159034729, 0.8083351850509644, 0.11767461895942688], "k_pid_alt": [1.3683760166168213, 0.9866145849227905, 0.44825756549835205], "k_pid_att": [100.0, 1.7240946292877197, 0.8670984506607056], "k_pid_yaw": [0.5, 1e-06, 0.1], "k_pid_hsp": [10.0, 0.9489546418190002, 0.059368640184402466], "k_pid_vsp": [399.99151611328125, 8.482182502746582, 399.99493408203125]}, "datetime": {"datetime": "2025-08-11 18:27:05", "elapsed": 7304.961822748184, "delta": 30.05557155609131}, "costs": {"total_cost": 1252.068047334016, "time_cost": 150, "final_distance_cost": 83.84556720364381, "oscillation_cost": 102.65999174487204, "completition_cost": 777.7777777777778, "overshoot_cost": 70.12604711246655, "power_cost": 36.55121522216797, "noise_cost": 31.107448273087865, "n_waypoints_completed": 2, "tot_waypoints": 9}}
{"target": -1021.153150670738, "params": {"k_pid_pos": [1.9660112857818604, 0.5163913369178772, 0.38004356622695923], "k_pid_alt": [1.6834385395050049, 0.9885821342468262, 0.37957602739334106], "k_pid_att": [97.6758804321289, 5.2466816902160645, 0.7543299198150635], "k_pid_yaw": [0.5, 1e-06, 0.1], "k_pid_hsp": [10.0, 0.8252006769180298, 0.46868768334388733], "k_pid_vsp": [281.45050048828125, 7.526696681976318, 398.365478515625]}, "datetime": {"datetime": "2025-08-11 18:27:36", "elapsed": 7335.686993360519, "delta": 30.725170612335205}, "costs": {"total_cost": 1021.153150670738, "time_cost": 150, "final_distance_cost": 59.75667577140648, "oscillation_cost": 334.04005066622085, "completition_cost": 333.33333333333337, "overshoot_cost": 70.8329535129849, "power_cost": 37.82853610839844, "noise_cost": 35.36160127839397, "n_waypoints_completed": 6, "tot_waypoints": 9}}
{"target": -2085.2478092696833, "params": {"k_pid_pos": [1.2917486429214478, 0.526021420955658, 0.36324021220207214], "k_pid_alt": [1.7552927732467651, 0.772861659526825, 0.27678754925727844], "k_pid_att": [100.0, 1.8163902759552002, 0.688088059425354], "k_pid_yaw": [0.5, 1e-06, 0.1], "k_pid_hsp": [9.98768424987793, 0.9945414066314697, 0.03873252868652344], "k_pid_vsp": [8.344650268554688e-05, 325.42010498046875, 400.0]}, "datetime": {"datetime": "2025-08-11 18:28:06", "elapsed": 7365.820025920868, "delta": 30.13303256034851}, "costs": {"total_cost": 2085.2478092696833, "time_cost": 150, "final_distance_cost": 116.88162308730564, "oscillation_cost": 662.5048147208724, "completition_cost": 888.8888888888888, "overshoot_cost": 200.97971602538541, "power_cost": 34.49657943115235, "noise_cost": 31.496187116078943, "n_waypoints_completed": 1, "tot_waypoints": 9}}
{"target": -1142.1803615659662, "params": {"k_pid_pos": [1.7762142419815063, 0.09242779016494751, 0.21252921223640442], "k_pid_alt": [1.858750820159912, 0.6918615102767944, 0.601650059223175], "k_pid_att": [99.99339294433594, 1.9659243822097778, 0.6274107098579407], "k_pid_yaw": [0.5, 1e-06, 0.1], "k_pid_hsp": [1.0665359497070312, 0.9506518840789795, 0.03803291916847229], "k_pid_vsp": [0.6763815879821777, 165.7088623046875, 399.938720703125]}, "datetime": {"datetime": "2025-08-11 18:28:37", "elapsed": 7396.437615394592, "delta": 30.617589473724365}, "costs": {"total_cost": 1142.1803615659662, "time_cost": 150, "final_distance_cost": 37.68129660783519, "oscillation_cost": 128.71818832953397, "completition_cost": 555.5555555555555, "overshoot_cost": 171.87166565926006, "power_cost": 32.41041032714844, "noise_cost": 65.94324508663308, "n_waypoints_completed": 4, "tot_waypoints": 9}}
{"target": -1133.2855568886698, "params": {"k_pid_pos": [1.6380754709243774, 0.9032458066940308, 0.16838091611862183], "k_pid_alt": [1.5178840160369873, 0.4594654142856598, 0.27475401759147644], "k_pid_att": [100.0, 2.2775347232818604, 0.9426968097686768], "k_pid_yaw": [0.5, 1e-06, 0.1], "k_pid_hsp": [0.5475232601165771, 0.8499795794487, 0.32399529218673706], "k_pid_vsp": [400.0, 2.1824965476989746, 400.0]}, "datetime": {"datetime": "2025-08-11 18:29:07", "elapsed": 7426.671205997467, "delta": 30.233590602874756}, "costs": {"total_cost": 1133.2855568886698, "time_cost": 150, "final_distance_cost": 52.373300672715125, "oscillation_cost": 110.21385264654047, "completition_cost": 666.6666666666667, "overshoot_cost": 81.93898507856419, "power_cost": 37.69389055175782, "noise_cost": 34.39886127242562, "n_waypoints_completed": 3, "tot_waypoints": 9}}
{"target": -13183.136294630885, "params": {"k_pid_pos": [1.4998397827148438, 0.6584760546684265, 0.35517680644989014], "k_pid_alt": [1.95926833152771, 0.9642597436904907, 0.20595961809158325], "k_pid_att": [2.9802322387695312e-06, 2.790431499481201, 0.8042980432510376], "k_pid_yaw": [0.5, 1e-06, 0.1], "k_pid_hsp": [9.999999747378752e-05, 0.5202640891075134, 0.007028460502624512], "k_pid_vsp": [0.009632110595703125, 163.78321838378906, 9.999999974752427e-07]}, "datetime": {"datetime": "2025-08-11 18:29:37", "elapsed": 7457.220232725143, "delta": 30.54902672767639}, "costs": {"total_cost": 13183.136294630885, "time_cost": 150, "final_distance_cost": 3817.6427169461904, "oscillation_cost": 1456.945723819354, "completition_cost": 1000.0, "overshoot_cost": 6553.9508525061465, "power_cost": 57.20765629882813, "noise_cost": 147.38934506036728, "n_waypoints_completed": 0, "tot_waypoints": 9}}
{"target": -698.0450677490394, "params": {"k_pid_pos": [1.198317050933838, 0.7858989834785461, 0.6572957634925842], "k_pid_alt": [1.716908574104309, 0.9411367774009705, 0.2699635922908783], "k_pid_att": [99.93660736083984, 0.20565380156040192, 0.9397920370101929], "k_pid_yaw": [0.5, 1e-06, 0.1], "k_pid_hsp": [9.999996185302734, 0.734396755695343, 0.08654305338859558], "k_pid_vsp": [399.9803161621094, 97.1556396484375, 398.5764465332031]}, "datetime": {"datetime": "2025-08-11 18:30:07", "elapsed": 7486.457713603973, "delta": 29.237480878829956}, "costs": {"total_cost": 698.0450677490394, "time_cost": 117.467, "final_distance_cost": 1.7949193433919894, "oscillation_cost": 444.4944161850088, "completition_cost": 0.0, "overshoot_cost": 70.61104847033437, "power_cost": 35.14019747314453, "noise_cost": 28.53748627715975, "n_waypoints_completed": 9, "tot_waypoints": 9}}
{"target": -768.341941494457, "params": {"k_pid_pos": [1.884414553642273, 0.9038994312286377, 0.01927107572555542], "k_pid_alt": [1.9442024230957031, 0.32959848642349243, 0.26665014028549194], "k_pid_att": [100.0, 0.9218310117721558, 0.29383501410484314], "k_pid_yaw": [0.5, 1e-06, 0.1], "k_pid_hsp": [10.0, 0.970866322517395, 0.36876165866851807], "k_pid_vsp": [366.36859130859375, 77.58816528320312, 2.215684413909912]}, "datetime": {"datetime": "2025-08-11 18:30:37", "elapsed": 7516.941008806229, "delta": 30.48329520225525}, "costs": {"total_cost": 768.341941494457, "time_cost": 150, "final_distance_cost": 58.389592263651906, "oscillation_cost": 212.414152489905, "completition_cost": 222.2222222222222, "overshoot_cost": 57.86890991945059, "power_cost": 34.6714134765625, "noise_cost": 32.77565112266479, "n_waypoints_completed": 7, "tot_waypoints": 9}}
{"target": -1603.2273964879203, "params": {"k_pid_pos": [1.4863929748535156, 0.5672992467880249, 0.797469973564148], "k_pid_alt": [1.913956880569458, 0.9045566320419312, 0.28760355710983276], "k_pid_att": [100.0, 5.62025260925293, 0.917148232460022], "k_pid_yaw": [0.5, 1e-06, 0.1], "k_pid_hsp": [0.014835312962532043, 0.895409107208252, 0.3876509368419647], "k_pid_vsp": [0.05358457565307617, 36.45148468017578, 399.99810791015625]}, "datetime": {"datetime": "2025-08-11 18:31:08", "elapsed": 7548.019325017929, "delta": 31.07831621170044}, "costs": {"total_cost": 1603.2273964879203, "time_cost": 150, "final_distance_cost": 14.446190696960937, "oscillation_cost": 163.4387585755204, "completition_cost": 1000.0, "overshoot_cost": 164.51789263329334, "power_cost": 36.73599442138672, "noise_cost": 74.08856016075899, "n_waypoints_completed": 0, "tot_waypoints": 9}}
{"target": -404.9236808815072, "params": {"k_pid_pos": [1.9793751239776611, 0.256615549325943, 0.13837400078773499], "k_pid_alt": [1.9214046001434326, 0.7919818758964539, 0.15925312042236328], "k_pid_att": [100.0, 1.3325878381729126, 0.9581517577171326], "k_pid_yaw": [0.5, 1e-06, 0.1], "k_pid_hsp": [9.99815845489502, 0.974202573299408, 0.2506116032600403], "k_pid_vsp": [5.9604644775390625e-05, 220.69866943359375, 0.4739294648170471]}, "datetime": {"datetime": "2025-08-11 18:31:33", "elapsed": 7573.073311805725, "delta": 25.05398678779602}, "costs": {"total_cost": 404.9236808815072, "time_cost": 98.658, "final_distance_cost": 1.7888437384015226, "oscillation_cost": 188.80891796395576, "completition_cost": 0.0, "overshoot_cost": 60.919021308590175, "power_cost": 30.379606860351565, "noise_cost": 24.369291010208215, "n_waypoints_completed": 9, "tot_waypoints": 9}}
{"target": -482.79317990115345, "params": {"k_pid_pos": [1.5848592519760132, 0.9619230031967163, 0.7050924301147461], "k_pid_alt": [1.7170754671096802, 0.6843030452728271, 0.014872461557388306], "k_pid_att": [99.98873901367188, 0.6538711786270142, 0.5980798602104187], "k_pid_yaw": [0.5, 1e-06, 0.1], "k_pid_hsp": [10.0, 0.9877052307128906, 0.16691896319389343], "k_pid_vsp": [0.04622936248779297, 100.74812316894531, 0.002540157875046134]}, "datetime": {"datetime": "2025-08-11 18:32:00", "elapsed": 7599.545688867569, "delta": 26.472377061843872}, "costs": {"total_cost": 482.79317990115345, "time_cost": 105.938, "final_distance_cost": 1.7420818897795836, "oscillation_cost": 257.1629339443815, "completition_cost": 0.0, "overshoot_cost": 59.5071060630839, "power_cost": 32.86655048828125, "noise_cost": 25.57650751562728, "n_waypoints_completed": 9, "tot_waypoints": 9}}
{"target": -1548.2475550947443, "params": {"k_pid_pos": [1.0712357759475708, 0.86006098985672, 0.03395092487335205], "k_pid_alt": [1.9577512741088867, 0.9612213373184204, 0.16403871774673462], "k_pid_att": [100.0, 1.4299027919769287, 0.5983920097351074], "k_pid_yaw": [0.5, 1e-06, 0.1], "k_pid_hsp": [0.00011370892752893269, 0.9799746870994568, 0.04935407638549805], "k_pid_vsp": [0.0, 384.8719482421875, 399.9908447265625]}, "datetime": {"datetime": "2025-08-11 18:32:31", "elapsed": 7630.487349033356, "delta": 30.941660165786743}, "costs": {"total_cost": 1548.2475550947443, "time_cost": 150, "final_distance_cost": 14.628560267235693, "oscillation_cost": 54.38981240484873, "completition_cost": 1000.0, "overshoot_cost": 173.4434286639883, "power_cost": 30.888572363281252, "noise_cost": 124.89718139539039, "n_waypoints_completed": 0, "tot_waypoints": 9}}
{"target": -1618.2223553415242, "params": {"k_pid_pos": [1.8246004581451416, 0.10095939040184021, 0.9325532913208008], "k_pid_alt": [1.7989656925201416, 0.14434728026390076, 0.6093182563781738], "k_pid_att": [97.17141723632812, 0.046389997005462646, 0.8848545551300049], "k_pid_yaw": [0.5, 1e-06, 0.1], "k_pid_hsp": [9.999999747378752e-05, 0.9734677076339722, 0.1305941641330719], "k_pid_vsp": [203.10296630859375, 78.88933563232422, 291.0001220703125]}, "datetime": {"datetime": "2025-08-11 18:33:02", "elapsed": 7661.441212177277, "delta": 30.9538631439209}, "costs": {"total_cost": 1618.2223553415242, "time_cost": 150, "final_distance_cost": 3.8307215104510774, "oscillation_cost": 137.746886539034, "completition_cost": 1000.0, "overshoot_cost": 163.11594997003323, "power_cost": 35.315501098632815, "noise_cost": 128.2132962233729, "n_waypoints_completed": 0, "tot_waypoints": 9}}
{"target": -2027.9527061159092, "params": {"k_pid_pos": [1.8608883619308472, 0.3960406184196472, 0.8125409483909607], "k_pid_alt": [1.909817099571228, 0.47974807024002075, 0.46657896041870117], "k_pid_att": [100.0, 6.805165767669678, 0.5572259426116943], "k_pid_yaw": [0.5, 1e-06, 0.1], "k_pid_hsp": [10.0, 0.8601723909378052, 0.04236537218093872], "k_pid_vsp": [0.00026226043701171875, 336.1318054199219, 399.9984436035156]}, "datetime": {"datetime": "2025-08-11 18:33:32", "elapsed": 7692.157409906387, "delta": 30.716197729110718}, "costs": {"total_cost": 2027.9527061159092, "time_cost": 150, "final_distance_cost": 98.11331310756239, "oscillation_cost": 654.9479194295944, "completition_cost": 888.8888888888888, "overshoot_cost": 170.74319063023668, "power_cost": 34.846788977050785, "noise_cost": 30.41260508257597, "n_waypoints_completed": 1, "tot_waypoints": 9}}
{"target": -1127.0865211581863, "params": {"k_pid_pos": [0.9451121091842651, 0.8469719886779785, 0.34080278873443604], "k_pid_alt": [1.7581641674041748, 0.8982419967651367, 0.7432328462600708], "k_pid_att": [100.0, 5.523157119750977, 0.995246946811676], "k_pid_yaw": [0.5, 1e-06, 0.1], "k_pid_hsp": [10.0, 0.6623938083648682, 0.3166646957397461], "k_pid_vsp": [224.3277587890625, 43.32438659667969, 399.9331359863281]}, "datetime": {"datetime": "2025-08-11 18:34:02", "elapsed": 7722.196443080902, "delta": 30.03903317451477}, "costs": {"total_cost": 1127.0865211581863, "time_cost": 150, "final_distance_cost": 52.56541401428897, "oscillation_cost": 456.44155355437556, "completition_cost": 333.33333333333337, "overshoot_cost": 66.43478105458716, "power_cost": 35.189246826171875, "noise_cost": 33.12219237542916, "n_waypoints_completed": 6, "tot_waypoints": 9}}
{"target": -1345.1457616700861, "params": {"k_pid_pos": [1.9214342832565308, 0.9153008460998535, 0.19409552216529846], "k_pid_alt": [1.8806264400482178, 0.36530566215515137, 0.12408870458602905], "k_pid_att": [100.0, 1.5894094705581665, 0.6496811509132385], "k_pid_yaw": [0.5, 1e-06, 0.1], "k_pid_hsp": [1.2241636514663696, 0.900664210319519, 0.6301792860031128], "k_pid_vsp": [281.4383544921875, 166.02923583984375, 400.0]}, "datetime": {"datetime": "2025-08-11 18:34:32", "elapsed": 7751.79438829422, "delta": 29.59794521331787}, "costs": {"total_cost": 1345.1457616700861, "time_cost": 150, "final_distance_cost": 68.89714660008, "oscillation_cost": 158.0807078890827, "completition_cost": 777.7777777777778, "overshoot_cost": 115.45120268143168, "power_cost": 37.7845771484375, "noise_cost": 37.15434957327647, "n_waypoints_completed": 2, "tot_waypoints": 9}}
{"target": -1572.669220559453, "params": {"k_pid_pos": [1.9717895984649658, 0.9594134092330933, 0.14129245281219482], "k_pid_alt": [1.023797631263733, 0.7037690281867981, 0.6843588352203369], "k_pid_att": [99.9202880859375, 3.8431293964385986, 0.7158108353614807], "k_pid_yaw": [0.5, 1e-06, 0.1], "k_pid_hsp": [9.999999747378752e-05, 0.9290409088134766, 0.01151326298713684], "k_pid_vsp": [0.0, 102.2879638671875, 400.0]}, "datetime": {"datetime": "2025-08-11 18:35:02", "elapsed": 7782.204374074936, "delta": 30.409985780715942}, "costs": {"total_cost": 1572.669220559453, "time_cost": 150, "final_distance_cost": 13.002465339634185, "oscillation_cost": 85.44454827331583, "completition_cost": 1000.0, "overshoot_cost": 172.99081477467743, "power_cost": 30.47623415527344, "noise_cost": 120.75515801655212, "n_waypoints_completed": 0, "tot_waypoints": 9}}
{"target": -565.4859073732072, "params": {"k_pid_pos": [1.135681390762329, 0.3582615256309509, 0.038699567317962646], "k_pid_alt": [1.5806056261062622, 0.4910968542098999, 0.11510419845581055], "k_pid_att": [99.1440658569336, 5.019734859466553, 0.9688361883163452], "k_pid_yaw": [0.5, 1e-06, 0.1], "k_pid_hsp": [9.999999046325684, 0.9585227966308594, 0.027722328901290894], "k_pid_vsp": [399.8355407714844, 180.48876953125, 281.75836181640625]}, "datetime": {"datetime": "2025-08-11 18:35:33", "elapsed": 7812.5450694561005, "delta": 30.34069538116455}, "costs": {"total_cost": 565.4859073732072, "time_cost": 150, "final_distance_cost": 62.34074467259092, "oscillation_cost": 93.15209622150073, "completition_cost": 111.11111111111116, "overshoot_cost": 90.90422020390388, "power_cost": 26.811087353515628, "noise_cost": 31.166647810584927, "n_waypoints_completed": 8, "tot_waypoints": 9}}
{"target": -369.0970450820018, "params": {"k_pid_pos": [0.9400997757911682, 0.8153672814369202, 0.3038198947906494], "k_pid_alt": [1.6488630771636963, 0.4208958148956299, 0.5685921311378479], "k_pid_att": [100.0, 7.817102432250977, 0.9089351892471313], "k_pid_yaw": [0.5, 1e-06, 0.1], "k_pid_hsp": [10.0, 0.482699453830719, 0.012866228818893433], "k_pid_vsp": [400.0, 25.98209571838379, 0.0007520185317844152]}, "datetime": {"datetime": "2025-08-11 18:35:57", "elapsed": 7836.592600345612, "delta": 24.04753088951111}, "costs": {"total_cost": 369.0970450820018, "time_cost": 95.613, "final_distance_cost": 1.7642335371958826, "oscillation_cost": 168.54269794280629, "completition_cost": 0.0, "overshoot_cost": 53.72335386867741, "power_cost": 23.472177734375002, "noise_cost": 25.98158199894719, "n_waypoints_completed": 9, "tot_waypoints": 9}}
{"target": -437.52727418793967, "params": {"k_pid_pos": [1.7143186330795288, 0.8445237874984741, 0.48928529024124146], "k_pid_alt": [1.828031063079834, 0.3897803723812103, 0.5452544689178467], "k_pid_att": [100.0, 3.685927152633667, 0.6458054780960083], "k_pid_yaw": [0.5, 1e-06, 0.1], "k_pid_hsp": [0.7274506092071533, 0.7514122724533081, 0.1071111261844635], "k_pid_vsp": [399.99798583984375, 28.00667381286621, 0.313235342502594]}, "datetime": {"datetime": "2025-08-11 18:36:27", "elapsed": 7866.641767501831, "delta": 30.049167156219482}, "costs": {"total_cost": 437.52727418793967, "time_cost": 118.174, "final_distance_cost": 1.7641067075321737, "oscillation_cost": 184.84817691740002, "completition_cost": 0.0, "overshoot_cost": 66.60187858078561, "power_cost": 33.356518725585936, "noise_cost": 32.78259325663595, "n_waypoints_completed": 9, "tot_waypoints": 9}}
{"target": -539.851153445412, "params": {"k_pid_pos": [1.7823411226272583, 0.3502199053764343, 0.06178024411201477], "k_pid_alt": [1.5189142227172852, 0.4091944396495819, 0.2728981375694275], "k_pid_att": [99.90145111083984, 6.621460914611816, 0.9037010669708252], "k_pid_yaw": [0.5, 1e-06, 0.1], "k_pid_hsp": [9.997071266174316, 0.9604368209838867, 0.4063929319381714], "k_pid_vsp": [399.9967041015625, 121.74966430664062, 0.0003943906631320715]}, "datetime": {"datetime": "2025-08-11 18:36:50", "elapsed": 7890.0002410411835, "delta": 23.358473539352417}, "costs": {"total_cost": 539.851153445412, "time_cost": 95.669, "final_distance_cost": 1.7557484676673503, "oscillation_cost": 332.0639635950887, "completition_cost": 0.0, "overshoot_cost": 56.971045107402006, "power_cost": 27.432571093750003, "noise_cost": 25.958825181504082, "n_waypoints_completed": 9, "tot_waypoints": 9}}
{"target": -890.7573296004849, "params": {"k_pid_pos": [1.796817421913147, 0.9263797998428345, 0.10000252723693848], "k_pid_alt": [1.53903067111969, 0.24472618103027344, 0.08304405212402344], "k_pid_att": [96.65267181396484, 5.045537948608398, 0.1536960005760193], "k_pid_yaw": [0.5, 1e-06, 0.1], "k_pid_hsp": [10.0, 0.8470343351364136, 0.08775568008422852], "k_pid_vsp": [400.0, 276.8307189941406, 11.65272045135498]}, "datetime": {"datetime": "2025-08-11 18:37:20", "elapsed": 7919.755736112595, "delta": 29.755495071411133}, "costs": {"total_cost": 890.7573296004849, "time_cost": 150, "final_distance_cost": 74.00579529140502, "oscillation_cost": 213.13910474926055, "completition_cost": 333.33333333333337, "overshoot_cost": 53.36071710680958, "power_cost": 35.06304688720703, "noise_cost": 31.855332232469326, "n_waypoints_completed": 6, "tot_waypoints": 9}}
