{"target": -1273.0401041543741, "params": {"k_pid_pos": [1.874812364578247, 0.9828588962554932, 0.03323763608932495], "k_pid_alt": [1.9905624389648438, 0.9617993831634521, 0.020593255758285522], "k_pid_att": [100.0, 0.18039122223854065, 0.9827341437339783], "k_pid_yaw": [0.5, 1e-06, 0.1], "k_pid_hsp": [10.0, 0.8806677460670471, 0.13084745407104492], "k_pid_vsp": [399.9990539550781, 14.045632362365723, 399.9749755859375]}, "datetime": {"datetime": "2025-08-12 05:21:10", "elapsed": 46549.76775050163, "delta": 31.755223512649536}, "costs": {"total_cost": 1273.0401041543741, "time_cost": 150, "final_distance_cost": 66.3081252965574, "oscillation_cost": 128.91813497681773, "completition_cost": 777.7777777777778, "overshoot_cost": 81.41207287043609, "power_cost": 37.03322578125, "noise_cost": 31.590767451535086, "n_waypoints_completed": 2, "tot_waypoints": 9}}
{"target": -714.4989625071188, "params": {"k_pid_pos": [1.8500241041183472, 0.9834758043289185, 0.1768682897090912], "k_pid_alt": [1.90913987159729, 0.9477628469467163, 0.028343915939331055], "k_pid_att": [100.0, 1.2868828773498535, 0.9693537950515747], "k_pid_yaw": [0.5, 1e-06, 0.1], "k_pid_hsp": [10.0, 0.9678041338920593, 0.00991007685661316], "k_pid_vsp": [149.18118286132812, 13.016892433166504, 9.636743197916076e-05]}, "datetime": {"datetime": "2025-08-12 05:21:41", "elapsed": 46580.86736083031, "delta": 31.099610328674316}, "costs": {"total_cost": 714.4989625071188, "time_cost": 150, "final_distance_cost": 73.87387515686824, "oscillation_cost": 136.06019327477324, "completition_cost": 222.2222222222222, "overshoot_cost": 67.75253767224305, "power_cost": 30.51723651123047, "noise_cost": 34.072897669781625, "n_waypoints_completed": 7, "tot_waypoints": 9}}
{"target": -1304.1188582875589, "params": {"k_pid_pos": [1.9821172952651978, 0.9866682291030884, 0.011018484830856323], "k_pid_alt": [1.9821223020553589, 0.953848123550415, 0.04682135581970215], "k_pid_att": [99.9996337890625, 0.053452182561159134, 0.8988851308822632], "k_pid_yaw": [0.5, 1e-06, 0.1], "k_pid_hsp": [3.7513039112091064, 0.933285117149353, 0.03791549801826477], "k_pid_vsp": [399.9527893066406, 7.583929061889648, 313.69525146484375]}, "datetime": {"datetime": "2025-08-12 05:22:11", "elapsed": 46610.95497560501, "delta": 30.08761477470398}, "costs": {"total_cost": 1304.1188582875589, "time_cost": 150, "final_distance_cost": 63.40814238574415, "oscillation_cost": 78.30665765965719, "completition_cost": 888.8888888888888, "overshoot_cost": 56.80407015631163, "power_cost": 35.74275196533203, "noise_cost": 30.96834723162518, "n_waypoints_completed": 1, "tot_waypoints": 9}}
{"target": -1266.954074635893, "params": {"k_pid_pos": [1.95573890209198, 0.9967376589775085, 0.008317798376083374], "k_pid_alt": [1.9835762977600098, 0.9867145419120789, 0.009860217571258545], "k_pid_att": [100.0, 0.5053289532661438, 0.9904073476791382], "k_pid_yaw": [0.5, 1e-06, 0.1], "k_pid_hsp": [9.999999046325684, 0.9703763127326965, 0.08476683497428894], "k_pid_vsp": [399.99993896484375, 12.865043640136719, 399.997802734375]}, "datetime": {"datetime": "2025-08-12 05:22:43", "elapsed": 46642.62927341461, "delta": 31.67429780960083}, "costs": {"total_cost": 1266.954074635893, "time_cost": 150, "final_distance_cost": 79.6249402415506, "oscillation_cost": 122.42028741104136, "completition_cost": 777.7777777777778, "overshoot_cost": 67.56386959871323, "power_cost": 37.46454780273438, "noise_cost": 32.102651804075585, "n_waypoints_completed": 2, "tot_waypoints": 9}}
{"target": -1351.8160036803533, "params": {"k_pid_pos": [1.9725419282913208, 0.9530692100524902, 0.03569042682647705], "k_pid_alt": [1.9867044687271118, 0.9020992517471313, 0.01205095648765564], "k_pid_att": [99.02352905273438, 0.167112335562706, 0.9727942943572998], "k_pid_yaw": [0.5, 1e-06, 0.1], "k_pid_hsp": [10.0, 0.9674750566482544, 0.06808921694755554], "k_pid_vsp": [398.31451416015625, 7.671285629272461, 395.5885925292969]}, "datetime": {"datetime": "2025-08-12 05:23:15", "elapsed": 46674.505952596664, "delta": 31.876679182052612}, "costs": {"total_cost": 1351.8160036803533, "time_cost": 150, "final_distance_cost": 73.34054866210506, "oscillation_cost": 101.63016970013604, "completition_cost": 888.8888888888888, "overshoot_cost": 70.58290596230232, "power_cost": 35.871650317382816, "noise_cost": 31.501840149538246, "n_waypoints_completed": 1, "tot_waypoints": 9}}
{"target": -1557.8348042296254, "params": {"k_pid_pos": [1.9222208261489868, 0.988663375377655, 0.04997172951698303], "k_pid_alt": [1.8630752563476562, 0.9966502785682678, 0.05750364065170288], "k_pid_att": [100.0, 0.11416307836771011, 0.9665138125419617], "k_pid_yaw": [0.5, 1e-06, 0.1], "k_pid_hsp": [10.0, 0.9914600253105164, 0.053386956453323364], "k_pid_vsp": [0.0, 2.8371939659118652, 9.999999974752427e-07]}, "datetime": {"datetime": "2025-08-12 05:23:45", "elapsed": 46704.9845263958, "delta": 30.4785737991333}, "costs": {"total_cost": 1557.8348042296254, "time_cost": 150, "final_distance_cost": 15.727883209965025, "oscillation_cost": 68.06190834061256, "completition_cost": 1000.0, "overshoot_cost": 166.88154156312893, "power_cost": 16.64739578857422, "noise_cost": 140.5160753273449, "n_waypoints_completed": 0, "tot_waypoints": 9}}
{"target": -2137.2407989206263, "params": {"k_pid_pos": [1.9066561460494995, 0.777066171169281, 0.19735640287399292], "k_pid_alt": [1.851045846939087, 0.9760758876800537, 0.09365153312683105], "k_pid_att": [100.0, 0.6033353209495544, 0.968319296836853], "k_pid_yaw": [0.5, 1e-06, 0.1], "k_pid_hsp": [9.999408721923828, 0.9784594774246216, 0.0560932457447052], "k_pid_vsp": [0.0, 50.12645721435547, 147.40699768066406]}, "datetime": {"datetime": "2025-08-12 05:24:18", "elapsed": 46737.37340760231, "delta": 32.38888120651245}, "costs": {"total_cost": 2137.2407989206263, "time_cost": 150, "final_distance_cost": 368.91752619811433, "oscillation_cost": 304.10976620871566, "completition_cost": 888.8888888888888, "overshoot_cost": 336.18341756417175, "power_cost": 35.787629418945315, "noise_cost": 53.35357064179082, "n_waypoints_completed": 1, "tot_waypoints": 9}}
{"target": -677.4721627300693, "params": {"k_pid_pos": [1.7587471008300781, 0.9709404706954956, 0.0067993998527526855], "k_pid_alt": [1.939987301826477, 0.9923033714294434, 0.05757194757461548], "k_pid_att": [100.0, 0.05438796430826187, 0.9919328689575195], "k_pid_yaw": [0.5, 1e-06, 0.1], "k_pid_hsp": [0.06550829112529755, 0.9899559020996094, 0.04407927393913269], "k_pid_vsp": [398.62042236328125, 60.32872009277344, 0.00015597206947859377]}, "datetime": {"datetime": "2025-08-12 05:24:48", "elapsed": 46768.07963728905, "delta": 30.70622968673706}, "costs": {"total_cost": 677.4721627300693, "time_cost": 150, "final_distance_cost": 72.70893482717132, "oscillation_cost": 91.60342443931134, "completition_cost": 222.2222222222222, "overshoot_cost": 71.84403286691023, "power_cost": 33.37943972167969, "noise_cost": 35.71410865277459, "n_waypoints_completed": 7, "tot_waypoints": 9}}
{"target": -1562.779926979927, "params": {"k_pid_pos": [1.994311809539795, 0.9713456630706787, 0.01925492286682129], "k_pid_alt": [1.8567311763763428, 0.6347904205322266, 0.017824888229370117], "k_pid_att": [100.0, 0.18000885844230652, 0.9907301664352417], "k_pid_yaw": [0.5, 1e-06, 0.1], "k_pid_hsp": [10.0, 0.9765318632125854, 0.024784892797470093], "k_pid_vsp": [0.016641616821289062, 6.938506126403809, 9.999999974752427e-07]}, "datetime": {"datetime": "2025-08-12 05:25:19", "elapsed": 46798.63493537903, "delta": 30.55529808998108}, "costs": {"total_cost": 1562.779926979927, "time_cost": 150, "final_distance_cost": 14.748225442201692, "oscillation_cost": 66.82689334115436, "completition_cost": 1000.0, "overshoot_cost": 166.72672197673842, "power_cost": 19.05481424560547, "noise_cost": 145.42327197422688, "n_waypoints_completed": 0, "tot_waypoints": 9}}
{"target": -1254.0134855241274, "params": {"k_pid_pos": [1.9700413942337036, 0.960557758808136, 0.023517251014709473], "k_pid_alt": [1.9394307136535645, 0.9689743518829346, 0.004932284355163574], "k_pid_att": [100.0, 0.137093648314476, 0.938228964805603], "k_pid_yaw": [0.5, 1e-06, 0.1], "k_pid_hsp": [10.0, 0.8991594314575195, 0.006917238235473633], "k_pid_vsp": [4.76837158203125e-05, 44.62594985961914, 2.9295215606689453]}, "datetime": {"datetime": "2025-08-12 05:25:50", "elapsed": 46830.04702234268, "delta": 31.412086963653564}, "costs": {"total_cost": 1254.0134855241274, "time_cost": 150, "final_distance_cost": 98.5957253172248, "oscillation_cost": 106.77966471886978, "completition_cost": 777.7777777777778, "overshoot_cost": 58.22533132264081, "power_cost": 31.71726636962891, "noise_cost": 30.91772001798513, "n_waypoints_completed": 2, "tot_waypoints": 9}}
{"target": -1465.7807801021402, "params": {"k_pid_pos": [1.9420669078826904, 0.965269148349762, 0.06422117352485657], "k_pid_alt": [1.724185585975647, 0.9930728673934937, 0.030194342136383057], "k_pid_att": [100.0, 0.2150539606809616, 0.7903882265090942], "k_pid_yaw": [0.5, 1e-06, 0.1], "k_pid_hsp": [0.03873385488986969, 0.9897794127464294, 0.017738789319992065], "k_pid_vsp": [400.0, 4.094732761383057, 400.0]}, "datetime": {"datetime": "2025-08-12 05:26:24", "elapsed": 46864.021027326584, "delta": 33.97400498390198}, "costs": {"total_cost": 1465.7807801021402, "time_cost": 150, "final_distance_cost": 29.94698743882539, "oscillation_cost": 82.33960789600378, "completition_cost": 1000.0, "overshoot_cost": 130.96794987290548, "power_cost": 35.41218210449219, "noise_cost": 37.11405278991323, "n_waypoints_completed": 0, "tot_waypoints": 9}}
{"target": -845.9815621053381, "params": {"k_pid_pos": [1.9459799528121948, 0.9171768426895142, 0.012709587812423706], "k_pid_alt": [1.9738577604293823, 0.9741659760475159, 0.04409235715866089], "k_pid_att": [100.0, 0.259191632270813, 0.9627857208251953], "k_pid_yaw": [0.5, 1e-06, 0.1], "k_pid_hsp": [10.0, 0.9960174560546875, 0.025822460651397705], "k_pid_vsp": [399.5660705566406, 36.97013854980469, 0.00019173485634382814]}, "datetime": {"datetime": "2025-08-12 05:26:59", "elapsed": 46898.43976187706, "delta": 34.418734550476074}, "costs": {"total_cost": 845.9815621053381, "time_cost": 150, "final_distance_cost": 83.86980675610404, "oscillation_cost": 149.5955847500444, "completition_cost": 333.33333333333337, "overshoot_cost": 63.64984779326041, "power_cost": 31.17195340576172, "noise_cost": 34.36103606683417, "n_waypoints_completed": 6, "tot_waypoints": 9}}
{"target": -1559.2512086867994, "params": {"k_pid_pos": [1.9123425483703613, 0.9819838404655457, 0.01637399196624756], "k_pid_alt": [1.9632540941238403, 0.9756636619567871, 0.018243074417114258], "k_pid_att": [100.0, 0.16123001277446747, 0.7941657304763794], "k_pid_yaw": [0.5, 1e-06, 0.1], "k_pid_hsp": [10.0, 0.9903570413589478, 0.02226102352142334], "k_pid_vsp": [0.0, 13.536215782165527, 399.9995422363281]}, "datetime": {"datetime": "2025-08-12 05:27:30", "elapsed": 46929.40367412567, "delta": 30.96391224861145}, "costs": {"total_cost": 1559.2512086867994, "time_cost": 150, "final_distance_cost": 8.421559225922328, "oscillation_cost": 70.87922454579444, "completition_cost": 1000.0, "overshoot_cost": 165.25385587206023, "power_cost": 28.90850526123047, "noise_cost": 135.7880637817918, "n_waypoints_completed": 0, "tot_waypoints": 9}}
{"target": -1555.7407060931196, "params": {"k_pid_pos": [1.9558359384536743, 0.9798436164855957, 0.02630630135536194], "k_pid_alt": [1.9341272115707397, 0.9918068647384644, 0.01788082718849182], "k_pid_att": [100.0, 0.9297470450401306, 0.9869042038917542], "k_pid_yaw": [0.5, 1e-06, 0.1], "k_pid_hsp": [9.9989595413208, 0.9886671304702759, 0.024796485900878906], "k_pid_vsp": [0.7532000541687012, 2.6718029975891113, 1.2920929293613881e-05]}, "datetime": {"datetime": "2025-08-12 05:28:00", "elapsed": 46960.371561050415, "delta": 30.967886924743652}, "costs": {"total_cost": 1555.7407060931196, "time_cost": 150, "final_distance_cost": 10.834203012774095, "oscillation_cost": 68.12970289514801, "completition_cost": 1000.0, "overshoot_cost": 166.71225067744876, "power_cost": 16.94046632080078, "noise_cost": 143.1240831869479, "n_waypoints_completed": 0, "tot_waypoints": 9}}
{"target": -7146.787525189817, "params": {"k_pid_pos": [1.790177583694458, 0.9855462312698364, 0.01030460000038147], "k_pid_alt": [1.6721032857894897, 0.9501344561576843, 0.05609738826751709], "k_pid_att": [0.06422996520996094, 0.2240234762430191, 0.966592013835907], "k_pid_yaw": [0.5, 1e-06, 0.1], "k_pid_hsp": [10.0, 0.9960498213768005, 0.03370767831802368], "k_pid_vsp": [399.9954528808594, 26.221384048461914, 399.999755859375]}, "datetime": {"datetime": "2025-08-12 05:28:32", "elapsed": 46991.676674366, "delta": 31.305113315582275}, "costs": {"total_cost": 7146.787525189817, "time_cost": 150, "final_distance_cost": 1644.1428614334263, "oscillation_cost": 341.34291922721667, "completition_cost": 1000.0, "overshoot_cost": 3795.054428791654, "power_cost": 55.048648596191406, "noise_cost": 161.19866714132897, "n_waypoints_completed": 0, "tot_waypoints": 9}}
{"target": -1550.1327686154332, "params": {"k_pid_pos": [1.955086350440979, 0.9882549047470093, 0.015517055988311768], "k_pid_alt": [1.6645289659500122, 0.9243420362472534, 0.020859897136688232], "k_pid_att": [99.99946594238281, 0.11125916987657547, 0.7696901559829712], "k_pid_yaw": [0.5, 1e-06, 0.1], "k_pid_hsp": [10.0, 0.9702373743057251, 0.0016466975212097168], "k_pid_vsp": [1.146543025970459, 6.594050884246826, 9.999999974752427e-07]}, "datetime": {"datetime": "2025-08-12 05:29:03", "elapsed": 47022.70449256897, "delta": 31.027818202972412}, "costs": {"total_cost": 1550.1327686154332, "time_cost": 150, "final_distance_cost": 10.629696753938026, "oscillation_cost": 54.87854846799926, "completition_cost": 1000.0, "overshoot_cost": 166.33049897332805, "power_cost": 19.554662609863282, "noise_cost": 148.73936181030456, "n_waypoints_completed": 0, "tot_waypoints": 9}}
{"target": -1546.5555367276336, "params": {"k_pid_pos": [1.9906220436096191, 0.8843108415603638, 0.011981010437011719], "k_pid_alt": [1.9486868381500244, 0.9620568752288818, 0.006308376789093018], "k_pid_att": [100.0, 0.2624332010746002, 0.9893633127212524], "k_pid_yaw": [0.5, 1e-06, 0.1], "k_pid_hsp": [9.979028701782227, 0.9879071712493896, 0.0108642578125], "k_pid_vsp": [2.042055130004883, 7.75274133682251, 0.003601120552048087]}, "datetime": {"datetime": "2025-08-12 05:29:34", "elapsed": 47053.8115465641, "delta": 31.107053995132446}, "costs": {"total_cost": 1546.5555367276336, "time_cost": 150, "final_distance_cost": 7.06848187105355, "oscillation_cost": 49.945574628048526, "completition_cost": 1000.0, "overshoot_cost": 165.32771918368144, "power_cost": 22.86973826904297, "noise_cost": 151.34402277580716, "n_waypoints_completed": 0, "tot_waypoints": 9}}
{"target": -1544.8565665735573, "params": {"k_pid_pos": [1.8690252304077148, 0.9610161781311035, 0.019701391458511353], "k_pid_alt": [1.960003137588501, 0.9670054316520691, 0.05480280518531799], "k_pid_att": [100.0, 0.1046481803059578, 0.9679752588272095], "k_pid_yaw": [0.5, 1e-06, 0.1], "k_pid_hsp": [10.0, 0.9893478155136108, 0.0199490487575531], "k_pid_vsp": [0.044596195220947266, 44.333160400390625, 382.0591735839844]}, "datetime": {"datetime": "2025-08-12 05:30:06", "elapsed": 47085.814083337784, "delta": 32.00253677368164}, "costs": {"total_cost": 1544.8565665735573, "time_cost": 150, "final_distance_cost": 13.28541717701813, "oscillation_cost": 60.67732765461161, "completition_cost": 1000.0, "overshoot_cost": 164.98816665549094, "power_cost": 33.24086646728516, "noise_cost": 122.66478861915154, "n_waypoints_completed": 0, "tot_waypoints": 9}}
{"target": -1541.3359451447454, "params": {"k_pid_pos": [1.9162110090255737, 0.9943991899490356, 0.203133225440979], "k_pid_alt": [1.9398622512817383, 0.984119176864624, 0.13817840814590454], "k_pid_att": [100.0, 0.1417609453201294, 0.9123548865318298], "k_pid_yaw": [0.5, 1e-06, 0.1], "k_pid_hsp": [10.0, 0.989591121673584, 0.021493494510650635], "k_pid_vsp": [374.81182861328125, 9.971512794494629, 400.0]}, "datetime": {"datetime": "2025-08-12 05:30:37", "elapsed": 47116.863743305206, "delta": 31.049659967422485}, "costs": {"total_cost": 1541.3359451447454, "time_cost": 150, "final_distance_cost": 8.092842074525079, "oscillation_cost": 74.79131940147998, "completition_cost": 1000.0, "overshoot_cost": 162.84009438731783, "power_cost": 33.8543773803711, "noise_cost": 111.7573119010518, "n_waypoints_completed": 0, "tot_waypoints": 9}}
{"target": -1537.3922710046775, "params": {"k_pid_pos": [1.996984839439392, 0.9955929517745972, 0.0059084296226501465], "k_pid_alt": [1.9312503337860107, 0.987855076789856, 0.07090279459953308], "k_pid_att": [100.0, 1.9313445091247559, 0.9231041669845581], "k_pid_yaw": [0.5, 1e-06, 0.1], "k_pid_hsp": [10.0, 0.9859570264816284, 0.019762098789215088], "k_pid_vsp": [80.44397735595703, 14.962912559509277, 399.99993896484375]}, "datetime": {"datetime": "2025-08-12 05:31:10", "elapsed": 47149.48949956894, "delta": 32.62575626373291}, "costs": {"total_cost": 1537.3922710046775, "time_cost": 150, "final_distance_cost": 2.9508364593831846, "oscillation_cost": 65.27848928063162, "completition_cost": 1000.0, "overshoot_cost": 165.673426575926, "power_cost": 32.80122419433594, "noise_cost": 120.68829449440098, "n_waypoints_completed": 0, "tot_waypoints": 9}}
{"target": -1502.3337727574842, "params": {"k_pid_pos": [1.9736748933792114, 0.9850975871086121, 0.076088547706604], "k_pid_alt": [1.9589042663574219, 0.945478618144989, 0.015487998723983765], "k_pid_att": [100.0, 0.050244588404893875, 0.9906387329101562], "k_pid_yaw": [0.5, 1e-06, 0.1], "k_pid_hsp": [10.0, 0.9687781929969788, 0.02511689066886902], "k_pid_vsp": [400.0, 13.622690200805664, 399.7692565917969]}, "datetime": {"datetime": "2025-08-12 05:31:42", "elapsed": 47181.42810297012, "delta": 31.938603401184082}, "costs": {"total_cost": 1502.3337727574842, "time_cost": 150, "final_distance_cost": 4.625497066802038, "oscillation_cost": 66.11498663940841, "completition_cost": 1000.0, "overshoot_cost": 159.24967733137214, "power_cost": 34.461566259765625, "noise_cost": 87.88204546013591, "n_waypoints_completed": 0, "tot_waypoints": 9}}
{"target": -1363.333932580306, "params": {"k_pid_pos": [1.7419716119766235, 0.9916783571243286, 0.026068568229675293], "k_pid_alt": [1.9343640804290771, 0.9546794295310974, 0.01812124252319336], "k_pid_att": [100.0, 0.4664795994758606, 0.977945864200592], "k_pid_yaw": [0.5, 1e-06, 0.1], "k_pid_hsp": [10.0, 0.9909636974334717, 0.015744447708129883], "k_pid_vsp": [23.778366088867188, 4.802073001861572, 0.022889183834195137]}, "datetime": {"datetime": "2025-08-12 05:32:15", "elapsed": 47214.43143892288, "delta": 33.00333595275879}, "costs": {"total_cost": 1363.333932580306, "time_cost": 150, "final_distance_cost": 46.51327859465862, "oscillation_cost": 68.27571596446703, "completition_cost": 1000.0, "overshoot_cost": 35.57873923281016, "power_cost": 28.755207946777347, "noise_cost": 34.210990841592896, "n_waypoints_completed": 0, "tot_waypoints": 9}}
{"target": -1439.928016821387, "params": {"k_pid_pos": [1.9639792442321777, 0.977383553981781, 0.0022999942302703857], "k_pid_alt": [1.9844694137573242, 0.9442880153656006, 0.03425168991088867], "k_pid_att": [100.0, 0.41908782720565796, 0.8718308210372925], "k_pid_yaw": [0.5, 1e-06, 0.1], "k_pid_hsp": [10.0, 0.9926244020462036, 0.03397008776664734], "k_pid_vsp": [400.0, 3.1910667419433594, 400.0]}, "datetime": {"datetime": "2025-08-12 05:32:46", "elapsed": 47245.82793045044, "delta": 31.396491527557373}, "costs": {"total_cost": 1439.928016821387, "time_cost": 150, "final_distance_cost": 35.24844188597362, "oscillation_cost": 84.33440466847931, "completition_cost": 1000.0, "overshoot_cost": 103.5247100407801, "power_cost": 35.46327606201172, "noise_cost": 31.357184164142197, "n_waypoints_completed": 0, "tot_waypoints": 9}}
{"target": -1513.524058135138, "params": {"k_pid_pos": [1.9638491868972778, 0.9739443063735962, 0.01043596863746643], "k_pid_alt": [1.9895083904266357, 0.948399543762207, 0.018563389778137207], "k_pid_att": [100.0, 0.4305511713027954, 0.9794143438339233], "k_pid_yaw": [0.5, 1e-06, 0.1], "k_pid_hsp": [10.0, 0.9559789299964905, 0.011000603437423706], "k_pid_vsp": [399.8694763183594, 0.5278239846229553, 385.94110107421875]}, "datetime": {"datetime": "2025-08-12 05:33:17", "elapsed": 47276.38856244087, "delta": 30.56063199043274}, "costs": {"total_cost": 1513.524058135138, "time_cost": 150, "final_distance_cost": 11.364893046300962, "oscillation_cost": 60.20288145031454, "completition_cost": 1000.0, "overshoot_cost": 160.49314782478217, "power_cost": 32.69526400146484, "noise_cost": 98.76787181227509, "n_waypoints_completed": 0, "tot_waypoints": 9}}
{"target": -1403.5620334618793, "params": {"k_pid_pos": [1.8316757678985596, 0.9507625699043274, 0.0266152024269104], "k_pid_alt": [1.9793342351913452, 0.9915804862976074, 0.03247365355491638], "k_pid_att": [100.0, 0.14094704389572144, 0.9088804721832275], "k_pid_yaw": [0.5, 1e-06, 0.1], "k_pid_hsp": [9.999995231628418, 0.7712498903274536, 0.09446519613265991], "k_pid_vsp": [1.0471343994140625, 20.2523250579834, 0.0006566511001437902]}, "datetime": {"datetime": "2025-08-12 05:33:48", "elapsed": 47307.62157917023, "delta": 31.23301672935486}, "costs": {"total_cost": 1403.5620334618793, "time_cost": 150, "final_distance_cost": 40.43109569959936, "oscillation_cost": 94.59563416261093, "completition_cost": 1000.0, "overshoot_cost": 50.20668307254007, "power_cost": 33.14011326904297, "noise_cost": 35.188507258086105, "n_waypoints_completed": 0, "tot_waypoints": 9}}
