{"target": -1303.9187209085164, "params": {"k_pid_pos": [0.3262535333633423, 0.9918566346168518, 0.9288190007209778], "k_pid_alt": [0.9178186058998108, 0.624714195728302, 0.3868648409843445], "k_pid_att": [75.95193481445312, 5.973053932189941, 0.10208737850189209], "k_pid_yaw": [0.5, 1e-06, 0.1], "k_pid_hsp": [3.7619693279266357, 0.8599094152450562, 0.12240338325500488], "k_pid_vsp": [388.92718505859375, 396.03070068359375, 365.3623962402344]}, "datetime": {"datetime": "2025-08-11 16:50:18", "elapsed": 1498.2506108283997, "delta": 29.765894174575806}, "costs": {"total_cost": 1303.9187209085164, "time_cost": 150, "final_distance_cost": 51.05660763695402, "oscillation_cost": 542.6549188504407, "completition_cost": 444.4444444444444, "overshoot_cost": 49.313073920723404, "power_cost": 36.16532386474609, "noise_cost": 30.284352191207805, "n_waypoints_completed": 5, "tot_waypoints": 9}}
{"target": -1585.2495028599662, "params": {"k_pid_pos": [0.9382292032241821, 0.9534856081008911, 0.31962963938713074], "k_pid_alt": [1.293826937675476, 0.07572901248931885, 0.8862972855567932], "k_pid_att": [15.288084983825684, 7.9421491622924805, 0.4331611394882202], "k_pid_yaw": [0.5, 1e-06, 0.1], "k_pid_hsp": [7.370768070220947, 0.18141651153564453, 0.6432876586914062], "k_pid_vsp": [76.95379638671875, 5.778122901916504, 270.2414855957031]}, "datetime": {"datetime": "2025-08-11 16:50:48", "elapsed": 1527.641660451889, "delta": 29.39104962348938}, "costs": {"total_cost": 1585.2495028599662, "time_cost": 150, "final_distance_cost": 70.02202307093877, "oscillation_cost": 382.73503486364075, "completition_cost": 777.7777777777778, "overshoot_cost": 121.6788191060353, "power_cost": 31.899388415527344, "noise_cost": 51.13645962604651, "n_waypoints_completed": 2, "tot_waypoints": 9}}
{"target": -760.0173344230884, "params": {"k_pid_pos": [1.085710883140564, 0.4576207101345062, 0.2164144515991211], "k_pid_alt": [1.3134223222732544, 0.00957515835762024, 0.007400840520858765], "k_pid_att": [42.51689529418945, 7.3198723793029785, 0.29294824600219727], "k_pid_yaw": [0.5, 1e-06, 0.1], "k_pid_hsp": [0.6672213077545166, 0.8850871920585632, 0.18147164583206177], "k_pid_vsp": [342.6050109863281, 107.09815979003906, 285.0842590332031]}, "datetime": {"datetime": "2025-08-11 16:51:19", "elapsed": 1559.008173942566, "delta": 31.36651349067688}, "costs": {"total_cost": 760.0173344230884, "time_cost": 150, "final_distance_cost": 68.26639532758293, "oscillation_cost": 187.5763498515979, "completition_cost": 222.2222222222222, "overshoot_cost": 62.41858039427152, "power_cost": 38.73599797363281, "noise_cost": 30.79778865378104, "n_waypoints_completed": 7, "tot_waypoints": 9}}
{"target": -1081.9253523735208, "params": {"k_pid_pos": [1.4991817474365234, 0.038084983825683594, 0.9524520039558411], "k_pid_alt": [0.25567078590393066, 0.6178302764892578, 0.4004727900028229], "k_pid_att": [26.879838943481445, 0.3437379002571106, 0.21797874569892883], "k_pid_yaw": [0.5, 1e-06, 0.1], "k_pid_hsp": [3.1940815448760986, 0.31772491335868835, 0.5587834119796753], "k_pid_vsp": [335.9102478027344, 91.20140075683594, 220.50485229492188]}, "datetime": {"datetime": "2025-08-11 16:51:49", "elapsed": 1589.1149446964264, "delta": 30.106770753860474}, "costs": {"total_cost": 1081.9253523735208, "time_cost": 150, "final_distance_cost": 67.91655521046978, "oscillation_cost": 514.1772508075462, "completition_cost": 222.2222222222222, "overshoot_cost": 61.45472558665709, "power_cost": 35.122009313964845, "noise_cost": 31.032589232660616, "n_waypoints_completed": 7, "tot_waypoints": 9}}
{"target": -433.2397000780663, "params": {"k_pid_pos": [1.506204605102539, 0.24430233240127563, 0.46718159317970276], "k_pid_alt": [1.5191776752471924, 0.5840784311294556, 0.030125051736831665], "k_pid_att": [58.46212387084961, 1.8598452806472778, 0.8170398473739624], "k_pid_yaw": [0.5, 1e-06, 0.1], "k_pid_hsp": [4.65444803237915, 0.27053800225257874, 0.13469284772872925], "k_pid_vsp": [132.70848083496094, 6.728340148925781, 43.47365951538086]}, "datetime": {"datetime": "2025-08-11 16:52:10", "elapsed": 1609.5753116607666, "delta": 20.46036696434021}, "costs": {"total_cost": 433.2397000780663, "time_cost": 83.405, "final_distance_cost": 1.7967479358467313, "oscillation_cost": 248.47966122760562, "completition_cost": 0.0, "overshoot_cost": 54.243042283953294, "power_cost": 24.47381649169922, "noise_cost": 20.8414321389614, "n_waypoints_completed": 9, "tot_waypoints": 9}}
{"target": -1883.2638268353967, "params": {"k_pid_pos": [0.10306962579488754, 0.1551869511604309, 0.8376826643943787], "k_pid_alt": [0.6869434714317322, 0.1501791775226593, 0.15046286582946777], "k_pid_att": [78.27613067626953, 1.9982887506484985, 0.1254045069217682], "k_pid_yaw": [0.5, 1e-06, 0.1], "k_pid_hsp": [1.8720577955245972, 0.16656425595283508, 0.5791754126548767], "k_pid_vsp": [340.55096435546875, 315.6067810058594, 234.3279571533203]}, "datetime": {"datetime": "2025-08-11 16:52:40", "elapsed": 1640.061854839325, "delta": 30.48654317855835}, "costs": {"total_cost": 1883.2638268353967, "time_cost": 150, "final_distance_cost": 73.47264478283077, "oscillation_cost": 856.1009619347902, "completition_cost": 666.6666666666667, "overshoot_cost": 73.71114939356139, "power_cost": 35.22827282714844, "noise_cost": 28.084131230399247, "n_waypoints_completed": 3, "tot_waypoints": 9}}
{"target": -626.9200353950523, "params": {"k_pid_pos": [1.8157358169555664, 0.2988201379776001, 0.22755339741706848], "k_pid_alt": [0.2648274898529053, 0.3916727602481842, 0.38450393080711365], "k_pid_att": [52.89478302001953, 1.9492465257644653, 0.44538614153862], "k_pid_yaw": [0.5, 1e-06, 0.1], "k_pid_hsp": [0.8844419717788696, 0.6260532736778259, 0.07949581742286682], "k_pid_vsp": [390.5626525878906, 178.92039489746094, 366.6645202636719]}, "datetime": {"datetime": "2025-08-11 16:53:10", "elapsed": 1669.9678971767426, "delta": 29.906042337417603}, "costs": {"total_cost": 626.9200353950523, "time_cost": 150, "final_distance_cost": 64.89570876017812, "oscillation_cost": 158.24421748565888, "completition_cost": 111.11111111111116, "overshoot_cost": 74.76697294504875, "power_cost": 35.696731945800785, "noise_cost": 32.20529314725462, "n_waypoints_completed": 8, "tot_waypoints": 9}}
{"target": -1501.3620245035686, "params": {"k_pid_pos": [1.7907342910766602, 0.3967728316783905, 0.1044972836971283], "k_pid_alt": [0.412245512008667, 0.9041168093681335, 0.4814019799232483], "k_pid_att": [65.6558609008789, 5.739391803741455, 0.31349804997444153], "k_pid_yaw": [0.5, 1e-06, 0.1], "k_pid_hsp": [4.150617599487305, 0.7625138759613037, 0.0018624067306518555], "k_pid_vsp": [224.37442016601562, 67.18034362792969, 303.029296875]}, "datetime": {"datetime": "2025-08-11 16:53:40", "elapsed": 1699.963782787323, "delta": 29.995885610580444}, "costs": {"total_cost": 1501.3620245035686, "time_cost": 150, "final_distance_cost": 0.9956963905427453, "oscillation_cost": 39.69813572193566, "completition_cost": 1000.0, "overshoot_cost": 162.85205413873877, "power_cost": 29.487173657226563, "noise_cost": 118.3289645951248, "n_waypoints_completed": 0, "tot_waypoints": 9}}
{"target": -678.8190353807626, "params": {"k_pid_pos": [0.46220552921295166, 0.09761592745780945, 0.19936925172805786], "k_pid_alt": [1.4332215785980225, 0.509776771068573, 0.33944258093833923], "k_pid_att": [42.65118408203125, 4.434730052947998, 0.09207338094711304], "k_pid_yaw": [0.5, 1e-06, 0.1], "k_pid_hsp": [8.20721435546875, 0.6383334994316101, 0.4402979612350464], "k_pid_vsp": [288.3874206542969, 84.59309387207031, 137.05763244628906]}, "datetime": {"datetime": "2025-08-11 16:54:07", "elapsed": 1726.4886333942413, "delta": 26.524850606918335}, "costs": {"total_cost": 678.8190353807626, "time_cost": 106.33, "final_distance_cost": 1.8362434966203511, "oscillation_cost": 456.8114323282022, "completition_cost": 0.0, "overshoot_cost": 57.31499407270286, "power_cost": 30.361768151855472, "noise_cost": 26.164597331381582, "n_waypoints_completed": 9, "tot_waypoints": 9}}
{"target": -995.2600458205038, "params": {"k_pid_pos": [1.1228679418563843, 0.9973234534263611, 0.7460569739341736], "k_pid_alt": [0.14808249473571777, 0.28446200489997864, 0.9636552929878235], "k_pid_att": [23.99725341796875, 8.877287864685059, 0.52582186460495], "k_pid_yaw": [0.5, 1e-06, 0.1], "k_pid_hsp": [9.807050704956055, 0.7872939109802246, 0.8025712966918945], "k_pid_vsp": [112.19408416748047, 239.1392059326172, 173.7943878173828]}, "datetime": {"datetime": "2025-08-11 16:54:37", "elapsed": 1757.0455133914948, "delta": 30.556879997253418}, "costs": {"total_cost": 995.2600458205038, "time_cost": 150, "final_distance_cost": 77.17949098059941, "oscillation_cost": 415.0099886840264, "completition_cost": 222.2222222222222, "overshoot_cost": 64.0395941890324, "power_cost": 33.81896149902344, "noise_cost": 32.98978824560007, "n_waypoints_completed": 7, "tot_waypoints": 9}}
{"target": -2164.660050787205, "params": {"k_pid_pos": [0.059363722801208496, 0.3667840361595154, 0.8822140693664551], "k_pid_alt": [0.9765158295631409, 0.40923696756362915, 0.5903021693229675], "k_pid_att": [93.12173461914062, 9.708934783935547, 0.18613824248313904], "k_pid_yaw": [0.5, 1e-06, 0.1], "k_pid_hsp": [2.4524447917938232, 0.9696353077888489, 0.8211190104484558], "k_pid_vsp": [85.2427978515625, 53.64002990722656, 262.7863464355469]}, "datetime": {"datetime": "2025-08-11 16:55:07", "elapsed": 1786.7597115039825, "delta": 29.714198112487793}, "costs": {"total_cost": 2164.660050787205, "time_cost": 150, "final_distance_cost": 61.820326144766504, "oscillation_cost": 781.5063727333229, "completition_cost": 1000.0, "overshoot_cost": 108.1074520455285, "power_cost": 35.04703444824219, "noise_cost": 28.178865415344784, "n_waypoints_completed": 0, "tot_waypoints": 9}}
{"target": -1287.2442731783606, "params": {"k_pid_pos": [1.0899616479873657, 0.3645429015159607, 0.042836517095565796], "k_pid_alt": [0.08127564191818237, 0.05238273739814758, 0.0904812216758728], "k_pid_att": [98.72986602783203, 4.083450794219971, 0.23843535780906677], "k_pid_yaw": [0.5, 1e-06, 0.1], "k_pid_hsp": [2.4964683055877686, 0.09815981984138489, 0.6709439754486084], "k_pid_vsp": [333.8186950683594, 22.014692306518555, 245.55181884765625]}, "datetime": {"datetime": "2025-08-11 16:55:37", "elapsed": 1816.5293922424316, "delta": 29.769680738449097}, "costs": {"total_cost": 1287.2442731783606, "time_cost": 150, "final_distance_cost": 46.44592561230504, "oscillation_cost": 412.98358153926927, "completition_cost": 555.5555555555555, "overshoot_cost": 55.59147022173094, "power_cost": 37.46668211669922, "noise_cost": 29.201058132800423, "n_waypoints_completed": 4, "tot_waypoints": 9}}
{"target": -2022.0388704987158, "params": {"k_pid_pos": [0.10456139594316483, 0.5071656703948975, 0.8367224931716919], "k_pid_alt": [0.09079813957214355, 0.6603671908378601, 0.950480580329895], "k_pid_att": [60.619937896728516, 6.191832542419434, 0.6082406640052795], "k_pid_yaw": [0.5, 1e-06, 0.1], "k_pid_hsp": [1.483479619026184, 0.6940847039222717, 0.7987669706344604], "k_pid_vsp": [192.04122924804688, 207.87225341796875, 5.929721355438232]}, "datetime": {"datetime": "2025-08-11 16:56:08", "elapsed": 1848.1158726215363, "delta": 31.586480379104614}, "costs": {"total_cost": 2022.0388704987158, "time_cost": 150, "final_distance_cost": 69.2077835958264, "oscillation_cost": 803.8912296448416, "completition_cost": 888.8888888888888, "overshoot_cost": 47.000922945802685, "power_cost": 33.540429052734375, "noise_cost": 29.50961637062179, "n_waypoints_completed": 1, "tot_waypoints": 9}}
{"target": -636.3059700227296, "params": {"k_pid_pos": [0.339679092168808, 0.01703101396560669, 0.0934343934059143], "k_pid_alt": [1.6027519702911377, 0.5778942704200745, 0.7030162811279297], "k_pid_att": [60.73772430419922, 0.17988666892051697, 0.5022004246711731], "k_pid_yaw": [0.5, 1e-06, 0.1], "k_pid_hsp": [7.724621295928955, 0.8292246460914612, 0.47389617562294006], "k_pid_vsp": [351.56170654296875, 337.5909729003906, 185.76722717285156]}, "datetime": {"datetime": "2025-08-11 16:56:33", "elapsed": 1872.5157163143158, "delta": 24.39984369277954}, "costs": {"total_cost": 636.3059700227296, "time_cost": 98.833, "final_distance_cost": 1.833099647841428, "oscillation_cost": 427.2089264241896, "completition_cost": 0.0, "overshoot_cost": 56.949103207265345, "power_cost": 27.278316735839844, "noise_cost": 24.203524007593384, "n_waypoints_completed": 9, "tot_waypoints": 9}}
{"target": -826.7375405445832, "params": {"k_pid_pos": [0.8865596652030945, 0.8270766139030457, 0.03571891784667969], "k_pid_alt": [0.6321398615837097, 0.1511974334716797, 0.5316797494888306], "k_pid_att": [3.2499372959136963, 2.376823902130127, 0.4188636541366577], "k_pid_yaw": [0.5, 1e-06, 0.1], "k_pid_hsp": [9.866273880004883, 0.9960317015647888, 0.2634481191635132], "k_pid_vsp": [29.527902603149414, 3.1059751510620117, 37.22233581542969]}, "datetime": {"datetime": "2025-08-11 16:57:03", "elapsed": 1902.4061605930328, "delta": 29.89044427871704}, "costs": {"total_cost": 826.7375405445832, "time_cost": 150, "final_distance_cost": 47.11627839383759, "oscillation_cost": 134.93254776233186, "completition_cost": 333.33333333333337, "overshoot_cost": 84.0757116124573, "power_cost": 35.05460697021485, "noise_cost": 42.225062472408254, "n_waypoints_completed": 6, "tot_waypoints": 9}}
{"target": -1681.037824434796, "params": {"k_pid_pos": [0.32672104239463806, 0.8930581212043762, 0.4877381920814514], "k_pid_alt": [0.12585264444351196, 0.42543837428092957, 0.5731013417243958], "k_pid_att": [21.671688079833984, 4.403502464294434, 0.41727352142333984], "k_pid_yaw": [0.5, 1e-06, 0.1], "k_pid_hsp": [6.223609924316406, 0.6705905795097351, 0.8225476145744324], "k_pid_vsp": [24.615406036376953, 143.062744140625, 218.30947875976562]}, "datetime": {"datetime": "2025-08-11 16:57:32", "elapsed": 1932.2947833538055, "delta": 29.888622760772705}, "costs": {"total_cost": 1681.037824434796, "time_cost": 150, "final_distance_cost": 5.428342115498894, "oscillation_cost": 211.35801013756137, "completition_cost": 1000.0, "overshoot_cost": 164.453634927284, "power_cost": 33.391864648437505, "noise_cost": 116.4059726060143, "n_waypoints_completed": 0, "tot_waypoints": 9}}
{"target": -1134.7821200988797, "params": {"k_pid_pos": [1.579554796218872, 0.2545187771320343, 0.31315767765045166], "k_pid_alt": [1.711485505104065, 0.4638015031814575, 0.22054165601730347], "k_pid_att": [77.31712341308594, 4.579588413238525, 0.5891795754432678], "k_pid_yaw": [0.5, 1e-06, 0.1], "k_pid_hsp": [4.725405693054199, 0.6491376757621765, 0.4915895164012909], "k_pid_vsp": [27.54768180847168, 317.7508850097656, 281.5886535644531]}, "datetime": {"datetime": "2025-08-11 16:58:03", "elapsed": 1962.5552089214325, "delta": 30.260425567626953}, "costs": {"total_cost": 1134.7821200988797, "time_cost": 150, "final_distance_cost": 53.82517049045229, "oscillation_cost": 448.0356636135316, "completition_cost": 333.33333333333337, "overshoot_cost": 81.64908552315627, "power_cost": 35.683257287597655, "noise_cost": 32.25560985080851, "n_waypoints_completed": 6, "tot_waypoints": 9}}
{"target": -812.4594072208441, "params": {"k_pid_pos": [0.6209750771522522, 0.26016855239868164, 0.4964163601398468], "k_pid_alt": [1.5668803453445435, 0.16267120838165283, 0.7472833395004272], "k_pid_att": [12.049275398254395, 2.8530943393707275, 0.8398641347885132], "k_pid_yaw": [0.5, 1e-06, 0.1], "k_pid_hsp": [5.282444000244141, 0.9765283465385437, 0.7744308710098267], "k_pid_vsp": [271.56182861328125, 344.8288269042969, 15.934682846069336]}, "datetime": {"datetime": "2025-08-11 16:58:33", "elapsed": 1992.6713967323303, "delta": 30.116187810897827}, "costs": {"total_cost": 812.4594072208441, "time_cost": 150, "final_distance_cost": 65.46996138381381, "oscillation_cost": 271.46314292225077, "completition_cost": 222.2222222222222, "overshoot_cost": 45.33589713706899, "power_cost": 30.550635461425784, "noise_cost": 27.417548094062578, "n_waypoints_completed": 7, "tot_waypoints": 9}}
{"target": -1851.9043161094864, "params": {"k_pid_pos": [0.08093004673719406, 0.22171354293823242, 0.5830689668655396], "k_pid_alt": [1.5578861236572266, 0.8452062010765076, 0.8378428220748901], "k_pid_att": [41.36871337890625, 8.02966594696045, 0.05665901303291321], "k_pid_yaw": [0.5, 1e-06, 0.1], "k_pid_hsp": [0.7391932010650635, 0.5158745646476746, 0.7083917260169983], "k_pid_vsp": [207.2960662841797, 256.1329345703125, 116.90250396728516]}, "datetime": {"datetime": "2025-08-11 16:59:02", "elapsed": 2022.223736524582, "delta": 29.552339792251587}, "costs": {"total_cost": 1851.9043161094864, "time_cost": 150, "final_distance_cost": 88.32022309900327, "oscillation_cost": 826.1263125865825, "completition_cost": 666.6666666666667, "overshoot_cost": 58.23015259394193, "power_cost": 34.50782032470703, "noise_cost": 28.05314083858506, "n_waypoints_completed": 3, "tot_waypoints": 9}}
{"target": -286.44975412315046, "params": {"k_pid_pos": [1.395041823387146, 0.1180582046508789, 0.05085828900337219], "k_pid_alt": [0.9439940452575684, 0.9349310398101807, 0.9590767025947571], "k_pid_att": [10.362651824951172, 2.581629991531372, 0.5505962371826172], "k_pid_yaw": [0.5, 1e-06, 0.1], "k_pid_hsp": [5.569798469543457, 0.08017972111701965, 0.05916634202003479], "k_pid_vsp": [188.39183044433594, 347.1158142089844, 124.10176086425781]}, "datetime": {"datetime": "2025-08-11 16:59:25", "elapsed": 2045.0910351276398, "delta": 22.86729860305786}, "costs": {"total_cost": 286.44975412315046, "time_cost": 92.911, "final_distance_cost": 1.8099345201986954, "oscillation_cost": 84.74915938819191, "completition_cost": 0.0, "overshoot_cost": 59.30289480608136, "power_cost": 25.140950732421878, "noise_cost": 22.535814676256603, "n_waypoints_completed": 9, "tot_waypoints": 9}}
{"target": -1385.2781516634022, "params": {"k_pid_pos": [1.8969395160675049, 0.6618881821632385, 0.8911423087120056], "k_pid_alt": [0.833780825138092, 0.5754144191741943, 0.8603076934814453], "k_pid_att": [27.595129013061523, 0.9713980555534363, 0.41773396730422974], "k_pid_yaw": [0.5, 1e-06, 0.1], "k_pid_hsp": [9.266826629638672, 0.9386022090911865, 0.0029130280017852783], "k_pid_vsp": [178.9877471923828, 132.624755859375, 298.10443115234375]}, "datetime": {"datetime": "2025-08-11 16:59:55", "elapsed": 2075.101890563965, "delta": 30.010855436325073}, "costs": {"total_cost": 1385.2781516634022, "time_cost": 150, "final_distance_cost": 73.06081987024082, "oscillation_cost": 333.57614654836647, "completition_cost": 666.6666666666667, "overshoot_cost": 96.13150259096379, "power_cost": 32.56341689453125, "noise_cost": 33.27959909263343, "n_waypoints_completed": 3, "tot_waypoints": 9}}
{"target": -1162.1474240415425, "params": {"k_pid_pos": [0.20738832652568817, 0.092070072889328, 0.9082433581352234], "k_pid_alt": [1.5256527662277222, 0.39535096287727356, 0.5270659923553467], "k_pid_att": [41.67049789428711, 5.681035041809082, 0.9966638684272766], "k_pid_yaw": [0.5, 1e-06, 0.1], "k_pid_hsp": [9.228021621704102, 0.4467950463294983, 0.6445496678352356], "k_pid_vsp": [265.8838806152344, 235.78472900390625, 99.06096649169922]}, "datetime": {"datetime": "2025-08-11 17:00:25", "elapsed": 2104.9951758384705, "delta": 29.893285274505615}, "costs": {"total_cost": 1162.1474240415425, "time_cost": 150, "final_distance_cost": 75.28643424975917, "oscillation_cost": 481.8049016565485, "completition_cost": 333.33333333333337, "overshoot_cost": 59.9683256864499, "power_cost": 33.83195924072266, "noise_cost": 27.922469874729043, "n_waypoints_completed": 6, "tot_waypoints": 9}}
{"target": -1106.2914828371088, "params": {"k_pid_pos": [1.9460763931274414, 0.9117478132247925, 0.521408200263977], "k_pid_alt": [1.346680760383606, 0.045123785734176636, 0.9015475511550903], "k_pid_att": [11.4760160446167, 4.362173557281494, 0.0019446313381195068], "k_pid_yaw": [0.5, 1e-06, 0.1], "k_pid_hsp": [6.8608012199401855, 0.3612169921398163, 0.8718229532241821], "k_pid_vsp": [327.23565673828125, 114.76622009277344, 261.6720275878906]}, "datetime": {"datetime": "2025-08-11 17:00:55", "elapsed": 2134.6648049354553, "delta": 29.669629096984863}, "costs": {"total_cost": 1106.2914828371088, "time_cost": 150, "final_distance_cost": 67.98471575198545, "oscillation_cost": 426.2792943019447, "completition_cost": 333.33333333333337, "overshoot_cost": 63.97087501228021, "power_cost": 34.84220621337891, "noise_cost": 29.881058224186148, "n_waypoints_completed": 6, "tot_waypoints": 9}}
{"target": -1356.5720198886115, "params": {"k_pid_pos": [0.23670347034931183, 0.9229196906089783, 0.42023900151252747], "k_pid_alt": [0.9275336861610413, 0.9854763150215149, 0.2629616856575012], "k_pid_att": [60.627098083496094, 8.553564071655273, 0.8923686146736145], "k_pid_yaw": [0.5, 1e-06, 0.1], "k_pid_hsp": [5.793750286102295, 0.660509467124939, 0.23835158348083496], "k_pid_vsp": [158.45835876464844, 92.58512115478516, 274.802001953125]}, "datetime": {"datetime": "2025-08-11 17:01:26", "elapsed": 2165.888199329376, "delta": 31.2233943939209}, "costs": {"total_cost": 1356.5720198886115, "time_cost": 150, "final_distance_cost": 52.23085403784506, "oscillation_cost": 348.82715421507487, "completition_cost": 666.6666666666667, "overshoot_cost": 71.8405795896186, "power_cost": 34.42558111572266, "noise_cost": 32.58118426368367, "n_waypoints_completed": 3, "tot_waypoints": 9}}
