{"target": -728.2775243681948, "params": {"k_pid_pos": [1.9021943807601929, 0.9867542386054993, 0.03335916996002197], "k_pid_alt": [1.970003604888916, 0.9930019378662109, 0.003902047872543335], "k_pid_att": [100.0, 0.25324761867523193, 0.9888314008712769], "k_pid_yaw": [0.5, 1e-06, 0.1], "k_pid_hsp": [10.0, 0.9871813058853149, 0.0033158063888549805], "k_pid_vsp": [399.9996337890625, 15.81679630279541, 9.999999974752427e-07]}, "datetime": {"datetime": "2025-08-12 09:04:37", "elapsed": 59956.44587755203, "delta": 30.337254524230957}, "costs": {"total_cost": 728.2775243681948, "time_cost": 150, "final_distance_cost": 70.4802322697644, "oscillation_cost": 160.24530730549316, "completition_cost": 222.2222222222222, "overshoot_cost": 62.25454050672387, "power_cost": 30.434517810058594, "noise_cost": 32.6407042539325, "n_waypoints_completed": 7, "tot_waypoints": 9}}
{"target": -5278.077359754141, "params": {"k_pid_pos": [1.9966700077056885, 0.9854956269264221, 0.008891016244888306], "k_pid_alt": [1.8990472555160522, 0.894325852394104, 0.04299047589302063], "k_pid_att": [8.940696716308594e-06, 0.134096160531044, 0.995733380317688], "k_pid_yaw": [0.5, 1e-06, 0.1], "k_pid_hsp": [10.0, 0.9918119311332703, 0.003812044858932495], "k_pid_vsp": [7.846713066101074, 13.927067756652832, 93.99859619140625]}, "datetime": {"datetime": "2025-08-12 09:05:05", "elapsed": 59984.73168897629, "delta": 28.28581142425537}, "costs": {"total_cost": 5278.077359754141, "time_cost": 150, "final_distance_cost": 938.9106137932115, "oscillation_cost": 278.1222401163503, "completition_cost": 1000.0, "overshoot_cost": 2711.620264644447, "power_cost": 41.22778498535156, "noise_cost": 158.19645621478023, "n_waypoints_completed": 0, "tot_waypoints": 9}}
{"target": -583.9314581168902, "params": {"k_pid_pos": [1.9818942546844482, 0.9240608215332031, 0.02139139175415039], "k_pid_alt": [1.9919308423995972, 0.9806721806526184, 0.004865467548370361], "k_pid_att": [100.0, 0.013760055415332317, 0.9440466165542603], "k_pid_yaw": [0.5, 1e-06, 0.1], "k_pid_hsp": [10.0, 0.9767239093780518, 0.0071353912353515625], "k_pid_vsp": [399.9964294433594, 29.639699935913086, 9.999999974752427e-07]}, "datetime": {"datetime": "2025-08-12 09:05:33", "elapsed": 60013.06860303879, "delta": 28.3369140625}, "costs": {"total_cost": 583.9314581168902, "time_cost": 150, "final_distance_cost": 22.51673754938494, "oscillation_cost": 161.49433598713145, "completition_cost": 111.11111111111116, "overshoot_cost": 74.89513426269697, "power_cost": 30.555393859863283, "noise_cost": 33.358745346702364, "n_waypoints_completed": 8, "tot_waypoints": 9}}
{"target": -1521.8859032603943, "params": {"k_pid_pos": [1.9604231119155884, 0.9771865010261536, 0.02454403042793274], "k_pid_alt": [1.9706159830093384, 0.9873083829879761, 0.01802295446395874], "k_pid_att": [100.0, 0.250092476606369, 0.9741133451461792], "k_pid_yaw": [0.5, 1e-06, 0.1], "k_pid_hsp": [9.999667167663574, 0.9740923643112183, 0.010055094957351685], "k_pid_vsp": [399.546142578125, 14.3831148147583, 394.205078125]}, "datetime": {"datetime": "2025-08-12 09:06:03", "elapsed": 60042.54567837715, "delta": 29.477075338363647}, "costs": {"total_cost": 1521.8859032603943, "time_cost": 150, "final_distance_cost": 12.328602061428759, "oscillation_cost": 58.07619415956685, "completition_cost": 1000.0, "overshoot_cost": 162.56091963227811, "power_cost": 32.38554537353516, "noise_cost": 106.53464203358553, "n_waypoints_completed": 0, "tot_waypoints": 9}}
{"target": -838.714177378552, "params": {"k_pid_pos": [1.9901211261749268, 0.9453659057617188, 0.0049307942390441895], "k_pid_alt": [1.9511446952819824, 0.9836047291755676, 0.031231611967086792], "k_pid_att": [100.0, 0.5788007974624634, 0.9786032438278198], "k_pid_yaw": [0.5, 1e-06, 0.1], "k_pid_hsp": [10.0, 0.9373959302902222, 0.07221129536628723], "k_pid_vsp": [399.9989929199219, 3.0030736923217773, 9.999999974752427e-07]}, "datetime": {"datetime": "2025-08-12 09:06:30", "elapsed": 60070.21293139458, "delta": 27.667253017425537}, "costs": {"total_cost": 838.714177378552, "time_cost": 150, "final_distance_cost": 80.60220346074776, "oscillation_cost": 143.5755391065381, "completition_cost": 333.33333333333337, "overshoot_cost": 64.2946797596233, "power_cost": 32.76809860839844, "noise_cost": 34.140323109911044, "n_waypoints_completed": 6, "tot_waypoints": 9}}
{"target": -1294.1150443551096, "params": {"k_pid_pos": [1.9678633213043213, 0.9930906295776367, 0.012487858533859253], "k_pid_alt": [1.9232035875320435, 0.9831275939941406, 0.046621084213256836], "k_pid_att": [100.0, 0.17338894307613373, 0.996038019657135], "k_pid_yaw": [0.5, 1e-06, 0.1], "k_pid_hsp": [9.973085403442383, 0.97694331407547, 0.03466522693634033], "k_pid_vsp": [399.9994812011719, 4.785288333892822, 3.3521900177001953]}, "datetime": {"datetime": "2025-08-12 09:06:59", "elapsed": 60099.3576028347, "delta": 29.14467144012451}, "costs": {"total_cost": 1294.1150443551096, "time_cost": 150, "final_distance_cost": 59.93514045554585, "oscillation_cost": 89.5838450617611, "completition_cost": 888.8888888888888, "overshoot_cost": 41.86382901994908, "power_cost": 29.93343531494141, "noise_cost": 33.90990561402349, "n_waypoints_completed": 1, "tot_waypoints": 9}}
{"target": -1579.5516517335734, "params": {"k_pid_pos": [1.9776196479797363, 0.9356566071510315, 0.01530185341835022], "k_pid_alt": [1.9463460445404053, 0.9845192432403564, 0.15136060118675232], "k_pid_att": [100.0, 0.11839347332715988, 0.9937747716903687], "k_pid_yaw": [0.5, 1e-06, 0.1], "k_pid_hsp": [10.0, 0.9631611108779907, 0.11866593360900879], "k_pid_vsp": [0.08292198181152344, 7.531369686126709, 0.5873690247535706]}, "datetime": {"datetime": "2025-08-12 09:07:29", "elapsed": 60128.52856254578, "delta": 29.17095971107483}, "costs": {"total_cost": 1579.5516517335734, "time_cost": 150, "final_distance_cost": 12.423072051071863, "oscillation_cost": 81.41935516850741, "completition_cost": 1000.0, "overshoot_cost": 166.70112317941195, "power_cost": 23.61537216796875, "noise_cost": 145.3927291666134, "n_waypoints_completed": 0, "tot_waypoints": 9}}
{"target": -1527.5191973034232, "params": {"k_pid_pos": [1.955507516860962, 0.9883854985237122, 0.04327848553657532], "k_pid_alt": [1.9668524265289307, 0.7042371034622192, 0.03665682673454285], "k_pid_att": [100.0, 0.31285494565963745, 0.9411167502403259], "k_pid_yaw": [0.5, 1e-06, 0.1], "k_pid_hsp": [10.0, 0.9817395210266113, 0.004941046237945557], "k_pid_vsp": [400.0, 3.953517436981201, 399.99981689453125]}, "datetime": {"datetime": "2025-08-12 09:07:57", "elapsed": 60157.08424758911, "delta": 28.55568504333496}, "costs": {"total_cost": 1527.5191973034232, "time_cost": 150, "final_distance_cost": 10.684821611492152, "oscillation_cost": 56.269793423510464, "completition_cost": 1000.0, "overshoot_cost": 164.19454700082017, "power_cost": 31.497830590820314, "noise_cost": 114.87220467678004, "n_waypoints_completed": 0, "tot_waypoints": 9}}
{"target": -1326.1923307069846, "params": {"k_pid_pos": [1.975012183189392, 0.9831514954566956, 0.037158429622650146], "k_pid_alt": [1.9339423179626465, 0.9883171319961548, 0.04039430618286133], "k_pid_att": [100.0, 0.5442054271697998, 0.9401330947875977], "k_pid_yaw": [0.5, 1e-06, 0.1], "k_pid_hsp": [10.0, 0.9869258999824524, 0.04756969213485718], "k_pid_vsp": [399.9972839355469, 4.652036190032959, 9.999999974752427e-07]}, "datetime": {"datetime": "2025-08-12 09:08:28", "elapsed": 60187.760432481766, "delta": 30.67618489265442}, "costs": {"total_cost": 1326.1923307069846, "time_cost": 150, "final_distance_cost": 70.30525672063392, "oscillation_cost": 111.08505375893553, "completition_cost": 888.8888888888888, "overshoot_cost": 41.398155887904, "power_cost": 30.70488062744141, "noise_cost": 33.81009482318108, "n_waypoints_completed": 1, "tot_waypoints": 9}}
{"target": -656.7130460233545, "params": {"k_pid_pos": [1.9030884504318237, 0.9488636255264282, 0.037537604570388794], "k_pid_alt": [1.8719674348831177, 0.9950281977653503, 0.009388864040374756], "k_pid_att": [99.99964141845703, 0.08253597468137741, 0.9509437084197998], "k_pid_yaw": [0.5, 1e-06, 0.1], "k_pid_hsp": [10.0, 0.9285506010055542, 0.004283308982849121], "k_pid_vsp": [400.0, 7.998252868652344, 20.864356994628906]}, "datetime": {"datetime": "2025-08-12 09:08:58", "elapsed": 60218.195368528366, "delta": 30.434936046600342}, "costs": {"total_cost": 656.7130460233545, "time_cost": 150, "final_distance_cost": 70.60235326170091, "oscillation_cost": 86.71612006987101, "completition_cost": 222.2222222222222, "overshoot_cost": 63.0130991126455, "power_cost": 33.812764782714844, "noise_cost": 30.34648657420021, "n_waypoints_completed": 7, "tot_waypoints": 9}}
{"target": -820.9511718483078, "params": {"k_pid_pos": [1.9263454675674438, 0.9774552583694458, 0.006312191486358643], "k_pid_alt": [1.767361044883728, 0.972407341003418, 0.056129634380340576], "k_pid_att": [100.0, 0.17376235127449036, 0.9919151067733765], "k_pid_yaw": [0.5, 1e-06, 0.1], "k_pid_hsp": [10.0, 0.9534950852394104, 0.011007517576217651], "k_pid_vsp": [77.99382019042969, 9.43144702911377, 9.999999974752427e-07]}, "datetime": {"datetime": "2025-08-12 09:09:30", "elapsed": 60250.07543325424, "delta": 31.880064725875854}, "costs": {"total_cost": 820.9511718483078, "time_cost": 150, "final_distance_cost": 75.33823059642853, "oscillation_cost": 132.70408322848712, "completition_cost": 333.33333333333337, "overshoot_cost": 65.30341421391675, "power_cost": 29.940894409179688, "noise_cost": 34.33121606696236, "n_waypoints_completed": 6, "tot_waypoints": 9}}
{"target": -662.0140977897795, "params": {"k_pid_pos": [1.9622907638549805, 0.9608291387557983, 0.028204023838043213], "k_pid_alt": [1.9901797771453857, 0.9311070442199707, 0.053528547286987305], "k_pid_att": [100.0, 0.0906534492969513, 0.9777406454086304], "k_pid_yaw": [0.5, 1e-06, 0.1], "k_pid_hsp": [10.0, 0.8992212414741516, 0.008013427257537842], "k_pid_vsp": [400.0, 12.211359977722168, 33.70627212524414]}, "datetime": {"datetime": "2025-08-12 09:09:59", "elapsed": 60279.20674753189, "delta": 29.131314277648926}, "costs": {"total_cost": 662.0140977897795, "time_cost": 150, "final_distance_cost": 63.19623505310084, "oscillation_cost": 93.51218777667141, "completition_cost": 222.2222222222222, "overshoot_cost": 67.84799103274949, "power_cost": 33.579181420898436, "noise_cost": 31.65628028413712, "n_waypoints_completed": 7, "tot_waypoints": 9}}
{"target": -1346.9337177707396, "params": {"k_pid_pos": [1.974274754524231, 0.9884200096130371, 0.21785420179367065], "k_pid_alt": [1.8252902030944824, 0.9916067123413086, 0.019874900579452515], "k_pid_att": [100.0, 0.23452003300189972, 0.9939212799072266], "k_pid_yaw": [0.5, 1e-06, 0.1], "k_pid_hsp": [10.0, 0.9900553226470947, 0.063831627368927], "k_pid_vsp": [394.1947021484375, 3.739715576171875, 399.96929931640625]}, "datetime": {"datetime": "2025-08-12 09:10:28", "elapsed": 60307.88003706932, "delta": 28.67328953742981}, "costs": {"total_cost": 1346.9337177707396, "time_cost": 150, "final_distance_cost": 61.2899975488501, "oscillation_cost": 108.71196173723327, "completition_cost": 888.8888888888888, "overshoot_cost": 70.17908873697307, "power_cost": 36.102828515625, "noise_cost": 31.760952343169283, "n_waypoints_completed": 1, "tot_waypoints": 9}}
{"target": -1307.1057184458145, "params": {"k_pid_pos": [1.9871982336044312, 0.9914178848266602, 0.007124483585357666], "k_pid_alt": [1.989627718925476, 0.984523355960846, 0.01982414722442627], "k_pid_att": [100.0, 1.0815099477767944, 0.9819974899291992], "k_pid_yaw": [0.5, 1e-06, 0.1], "k_pid_hsp": [10.0, 0.9164530634880066, 0.02947831153869629], "k_pid_vsp": [400.0, 14.964700698852539, 9.999999974752427e-07]}, "datetime": {"datetime": "2025-08-12 09:11:02", "elapsed": 60341.40780591965, "delta": 33.52776885032654}, "costs": {"total_cost": 1307.1057184458145, "time_cost": 150, "final_distance_cost": 59.308222483634424, "oscillation_cost": 103.46268206252348, "completition_cost": 888.8888888888888, "overshoot_cost": 41.62042986433265, "power_cost": 29.855020141601564, "noise_cost": 33.97047500483389, "n_waypoints_completed": 1, "tot_waypoints": 9}}
{"target": -849.100963761572, "params": {"k_pid_pos": [1.9639852046966553, 0.9872978925704956, 0.00831681489944458], "k_pid_alt": [1.989420771598816, 0.9781622290611267, 0.03952080011367798], "k_pid_att": [100.0, 0.17749744653701782, 0.883671224117279], "k_pid_yaw": [0.5, 1e-06, 0.1], "k_pid_hsp": [10.0, 0.9962635040283203, 0.015327513217926025], "k_pid_vsp": [292.8595886230469, 3.966618537902832, 0.0003109441604465246]}, "datetime": {"datetime": "2025-08-12 09:11:32", "elapsed": 60372.290266275406, "delta": 30.882460355758667}, "costs": {"total_cost": 849.100963761572, "time_cost": 150, "final_distance_cost": 75.23526916003424, "oscillation_cost": 160.5109858756856, "completition_cost": 333.33333333333337, "overshoot_cost": 65.06642540434014, "power_cost": 30.8471603515625, "noise_cost": 34.107789636616026, "n_waypoints_completed": 6, "tot_waypoints": 9}}
{"target": -732.4473219802402, "params": {"k_pid_pos": [1.9329754114151, 0.97956782579422, 0.07406538724899292], "k_pid_alt": [1.979785680770874, 0.7860246896743774, 0.013954013586044312], "k_pid_att": [100.0, 0.10469228774309158, 0.9783754944801331], "k_pid_yaw": [0.5, 1e-06, 0.1], "k_pid_hsp": [10.0, 0.9953640699386597, 0.008845597505569458], "k_pid_vsp": [400.0, 11.336852073669434, 2.4841858248692006e-05]}, "datetime": {"datetime": "2025-08-12 09:12:01", "elapsed": 60401.31452584267, "delta": 29.024259567260742}, "costs": {"total_cost": 732.4473219802402, "time_cost": 150, "final_distance_cost": 71.46958255983586, "oscillation_cost": 162.33809783303113, "completition_cost": 222.2222222222222, "overshoot_cost": 62.13354508029175, "power_cost": 30.753960205078126, "noise_cost": 33.5299140797812, "n_waypoints_completed": 7, "tot_waypoints": 9}}
{"target": -861.205206170674, "params": {"k_pid_pos": [1.9847145080566406, 0.9865995645523071, 0.04663398861885071], "k_pid_alt": [1.9758110046386719, 0.9947935938835144, 0.008681923151016235], "k_pid_att": [99.9999771118164, 1.2065857648849487, 0.9959397315979004], "k_pid_yaw": [0.5, 1e-06, 0.1], "k_pid_hsp": [10.0, 0.921805739402771, 0.0924500823020935], "k_pid_vsp": [399.2586364746094, 9.161246299743652, 103.63597869873047]}, "datetime": {"datetime": "2025-08-12 09:12:31", "elapsed": 60430.62892866135, "delta": 29.31440281867981}, "costs": {"total_cost": 861.205206170674, "time_cost": 150, "final_distance_cost": 68.39494672352575, "oscillation_cost": 170.7956894153302, "completition_cost": 333.33333333333337, "overshoot_cost": 70.97909347794547, "power_cost": 36.521199609375, "noise_cost": 31.180943611164206, "n_waypoints_completed": 6, "tot_waypoints": 9}}
{"target": -1571.2580348598294, "params": {"k_pid_pos": [1.8519647121429443, 0.9940037727355957, 0.004022717475891113], "k_pid_alt": [1.9707672595977783, 0.988994836807251, 0.0152682363986969], "k_pid_att": [100.0, 0.11962638050317764, 0.9941487312316895], "k_pid_yaw": [0.5, 1e-06, 0.1], "k_pid_hsp": [10.0, 0.9633662700653076, 0.025881290435791016], "k_pid_vsp": [0.13288259506225586, 0.7734785676002502, 0.15483002364635468]}, "datetime": {"datetime": "2025-08-12 09:13:02", "elapsed": 60461.472432136536, "delta": 30.84350347518921}, "costs": {"total_cost": 1571.2580348598294, "time_cost": 150, "final_distance_cost": 15.503095605302436, "oscillation_cost": 84.4625080913224, "completition_cost": 1000.0, "overshoot_cost": 166.86890559086228, "power_cost": 15.000500207519533, "noise_cost": 139.4230253648226, "n_waypoints_completed": 0, "tot_waypoints": 9}}
{"target": -1532.6151163350928, "params": {"k_pid_pos": [1.9422099590301514, 0.9233759045600891, 0.02196800708770752], "k_pid_alt": [1.846513032913208, 0.9763613939285278, 0.03417956829071045], "k_pid_att": [100.0, 1.0616815090179443, 0.9923884868621826], "k_pid_yaw": [0.5, 1e-06, 0.1], "k_pid_hsp": [10.0, 0.8619672060012817, 0.003195732831954956], "k_pid_vsp": [0.0, 6.891513824462891, 9.636743197916076e-05]}, "datetime": {"datetime": "2025-08-12 09:13:30", "elapsed": 60490.19263243675, "delta": 28.720200300216675}, "costs": {"total_cost": 1532.6151163350928, "time_cost": 150, "final_distance_cost": 12.436138002644224, "oscillation_cost": 40.9105627440163, "completition_cost": 1000.0, "overshoot_cost": 165.8309145790885, "power_cost": 17.375406298828125, "noise_cost": 146.06209471051545, "n_waypoints_completed": 0, "tot_waypoints": 9}}
{"target": -1530.5660973636832, "params": {"k_pid_pos": [1.9853229522705078, 0.969835102558136, 0.0020251572132110596], "k_pid_alt": [1.7593765258789062, 0.9701858758926392, 0.08086103200912476], "k_pid_att": [100.0, 0.057145845144987106, 0.859053373336792], "k_pid_yaw": [0.5, 1e-06, 0.1], "k_pid_hsp": [9.999670028686523, 0.9936815500259399, 0.004980117082595825], "k_pid_vsp": [397.05010986328125, 17.1583309173584, 400.0]}, "datetime": {"datetime": "2025-08-12 09:14:01", "elapsed": 60521.0611948967, "delta": 30.86856245994568}, "costs": {"total_cost": 1530.5660973636832, "time_cost": 150, "final_distance_cost": 13.895117580696207, "oscillation_cost": 56.84502576214711, "completition_cost": 1000.0, "overshoot_cost": 164.34041261880753, "power_cost": 31.342843505859378, "noise_cost": 114.1426978961732, "n_waypoints_completed": 0, "tot_waypoints": 9}}
{"target": -1309.7469200541093, "params": {"k_pid_pos": [1.9464669227600098, 0.9492892622947693, 0.012263447046279907], "k_pid_alt": [1.9521596431732178, 0.9925057888031006, 0.025971412658691406], "k_pid_att": [100.0, 0.05969779193401337, 0.9896281957626343], "k_pid_yaw": [0.5, 1e-06, 0.1], "k_pid_hsp": [10.0, 0.9846863746643066, 0.04963499307632446], "k_pid_vsp": [67.72456359863281, 18.67499542236328, 0.753749430179596]}, "datetime": {"datetime": "2025-08-12 09:14:31", "elapsed": 60550.99380373955, "delta": 29.93260884284973}, "costs": {"total_cost": 1309.7469200541093, "time_cost": 150, "final_distance_cost": 69.53671982912135, "oscillation_cost": 96.69858457625722, "completition_cost": 888.8888888888888, "overshoot_cost": 40.28520826976428, "power_cost": 30.4207421875, "noise_cost": 33.9167763025775, "n_waypoints_completed": 1, "tot_waypoints": 9}}
{"target": -1091.0869288224092, "params": {"k_pid_pos": [1.996077299118042, 0.9446806907653809, 0.01270967721939087], "k_pid_alt": [1.938470721244812, 0.8863660097122192, 0.0033838748931884766], "k_pid_att": [100.0, 0.21175815165042877, 0.9727216362953186], "k_pid_yaw": [0.5, 1e-06, 0.1], "k_pid_hsp": [10.0, 0.9302525520324707, 0.035415053367614746], "k_pid_vsp": [374.4246520996094, 21.089387893676758, 130.6424560546875]}, "datetime": {"datetime": "2025-08-12 09:15:00", "elapsed": 60579.80425620079, "delta": 28.810452461242676}, "costs": {"total_cost": 1091.0869288224092, "time_cost": 150, "final_distance_cost": 57.227569994380666, "oscillation_cost": 97.97616047815998, "completition_cost": 666.6666666666667, "overshoot_cost": 53.69451026754121, "power_cost": 34.63273721923828, "noise_cost": 30.889284196422075, "n_waypoints_completed": 3, "tot_waypoints": 9}}
{"target": -657.0494796595807, "params": {"k_pid_pos": [1.979940414428711, 0.9735308289527893, 0.049418121576309204], "k_pid_alt": [1.9907718896865845, 0.9710738658905029, 0.04941233992576599], "k_pid_att": [100.0, 0.44617071747779846, 0.9146682620048523], "k_pid_yaw": [0.5, 1e-06, 0.1], "k_pid_hsp": [10.0, 0.9737330675125122, 0.15830689668655396], "k_pid_vsp": [399.3094787597656, 11.882079124450684, 2.8340587615966797]}, "datetime": {"datetime": "2025-08-12 09:15:32", "elapsed": 60611.81816601753, "delta": 32.01390981674194}, "costs": {"total_cost": 657.0494796595807, "time_cost": 150, "final_distance_cost": 56.91776230706408, "oscillation_cost": 203.63168184512466, "completition_cost": 111.11111111111116, "overshoot_cost": 67.45521855391885, "power_cost": 34.23615825195313, "noise_cost": 33.697547590408774, "n_waypoints_completed": 8, "tot_waypoints": 9}}
{"target": -738.8082789874389, "params": {"k_pid_pos": [1.9286552667617798, 0.9618357419967651, 0.012930452823638916], "k_pid_alt": [1.9214187860488892, 0.9675722122192383, 0.04152384400367737], "k_pid_att": [100.0, 0.03621796891093254, 0.9795509576797485], "k_pid_yaw": [0.5, 1e-06, 0.1], "k_pid_hsp": [10.0, 0.9923884868621826, 0.013799428939819336], "k_pid_vsp": [400.0, 7.237661838531494, 4.8683716158848256e-05]}, "datetime": {"datetime": "2025-08-12 09:16:01", "elapsed": 60640.854408979416, "delta": 29.036242961883545}, "costs": {"total_cost": 738.8082789874389, "time_cost": 150, "final_distance_cost": 71.80797925831904, "oscillation_cost": 162.84186515563763, "completition_cost": 222.2222222222222, "overshoot_cost": 67.19785501389838, "power_cost": 30.654377734375, "noise_cost": 34.08397960298683, "n_waypoints_completed": 7, "tot_waypoints": 9}}
{"target": -1588.363715831502, "params": {"k_pid_pos": [1.938335657119751, 0.9618611931800842, 0.0317530632019043], "k_pid_alt": [1.9841251373291016, 0.9930147528648376, 0.02980095148086548], "k_pid_att": [100.0, 0.26728227734565735, 0.9918599128723145], "k_pid_yaw": [0.5, 1e-06, 0.1], "k_pid_hsp": [10.0, 0.9934819936752319, 0.047647714614868164], "k_pid_vsp": [0.14930963516235352, 15.61634635925293, 9.999999974752427e-07]}, "datetime": {"datetime": "2025-08-12 09:16:31", "elapsed": 60671.07928276062, "delta": 30.224873781204224}, "costs": {"total_cost": 1588.363715831502, "time_cost": 150, "final_distance_cost": 12.349139350963672, "oscillation_cost": 80.19787910250682, "completition_cost": 1000.0, "overshoot_cost": 166.07669084379373, "power_cost": 27.496127746582033, "noise_cost": 152.24387878765577, "n_waypoints_completed": 0, "tot_waypoints": 9}}
