{"target": -1558.6615039704152, "params": {"k_pid_pos": [1.9480575323104858, 0.9896202087402344, 0.018034011125564575], "k_pid_alt": [1.966587781906128, 0.9690981507301331, 0.05257910490036011], "k_pid_att": [100.0, 0.6080482006072998, 0.9789617657661438], "k_pid_yaw": [0.5, 1e-06, 0.1], "k_pid_hsp": [10.0, 0.9746799468994141, 0.02048271894454956], "k_pid_vsp": [1.3086676597595215, 1.4487872123718262, 0.002158688148483634]}, "datetime": {"datetime": "2025-08-12 09:41:15", "elapsed": 62154.58742189407, "delta": 28.62164855003357}, "costs": {"total_cost": 1558.6615039704152, "time_cost": 150, "final_distance_cost": 14.463507730853921, "oscillation_cost": 66.90107967558251, "completition_cost": 1000.0, "overshoot_cost": 166.80117005559865, "power_cost": 17.196979553222658, "noise_cost": 143.2987669551573, "n_waypoints_completed": 0, "tot_waypoints": 9}}
{"target": -701.1764222504254, "params": {"k_pid_pos": [1.953493595123291, 0.9833600521087646, 0.027332186698913574], "k_pid_alt": [1.9719595909118652, 0.9783191084861755, 0.007413685321807861], "k_pid_att": [100.0, 0.04212949797511101, 0.9699743986129761], "k_pid_yaw": [0.5, 1e-06, 0.1], "k_pid_hsp": [10.0, 0.9848535060882568, 0.008000701665878296], "k_pid_vsp": [400.0, 2.5627503395080566, 9.999999974752427e-07]}, "datetime": {"datetime": "2025-08-12 09:41:43", "elapsed": 62182.64324951172, "delta": 28.055827617645264}, "costs": {"total_cost": 701.1764222504254, "time_cost": 150, "final_distance_cost": 68.90069432530204, "oscillation_cost": 132.42410085870026, "completition_cost": 222.2222222222222, "overshoot_cost": 63.893127408192235, "power_cost": 30.93313933105469, "noise_cost": 32.80313810495409, "n_waypoints_completed": 7, "tot_waypoints": 9}}
{"target": -816.2528073564979, "params": {"k_pid_pos": [1.3228309154510498, 0.9887353181838989, 0.07914867997169495], "k_pid_alt": [1.9915227890014648, 0.9792217016220093, 0.027686774730682373], "k_pid_att": [100.0, 0.17407706379890442, 0.9838807582855225], "k_pid_yaw": [0.5, 1e-06, 0.1], "k_pid_hsp": [10.0, 0.9719686508178711, 0.015838652849197388], "k_pid_vsp": [400.0, 6.447840690612793, 9.999999974752427e-07]}, "datetime": {"datetime": "2025-08-12 09:42:11", "elapsed": 62210.77619099617, "delta": 28.132941484451294}, "costs": {"total_cost": 816.2528073564979, "time_cost": 150, "final_distance_cost": 64.484399091477, "oscillation_cost": 144.13243161571012, "completition_cost": 333.33333333333337, "overshoot_cost": 59.080506902989214, "power_cost": 30.74146804199219, "noise_cost": 34.48066837099603, "n_waypoints_completed": 6, "tot_waypoints": 9}}
{"target": -571.8203956291629, "params": {"k_pid_pos": [1.8076695203781128, 0.9022977352142334, 0.09319338202476501], "k_pid_alt": [1.7969186305999756, 0.9835959672927856, 0.0024008452892303467], "k_pid_att": [100.0, 0.22709187865257263, 0.9748206734657288], "k_pid_yaw": [0.5, 1e-06, 0.1], "k_pid_hsp": [10.0, 0.8828533291816711, 0.003526240587234497], "k_pid_vsp": [399.99981689453125, 46.953189849853516, 9.999999974752427e-07]}, "datetime": {"datetime": "2025-08-12 09:42:40", "elapsed": 62239.39806842804, "delta": 28.621877431869507}, "costs": {"total_cost": 571.8203956291629, "time_cost": 150, "final_distance_cost": 38.45778892797653, "oscillation_cost": 133.5134096124164, "completition_cost": 111.11111111111116, "overshoot_cost": 76.34378703766438, "power_cost": 28.773660693359375, "noise_cost": 33.6206382466351, "n_waypoints_completed": 8, "tot_waypoints": 9}}
{"target": -1605.2462187747394, "params": {"k_pid_pos": [1.813592791557312, 0.9925822615623474, 0.021222680807113647], "k_pid_alt": [1.9872615337371826, 0.897814154624939, 0.022236526012420654], "k_pid_att": [100.0, 0.37996044754981995, 0.9829874634742737], "k_pid_yaw": [0.5, 1e-06, 0.1], "k_pid_hsp": [0.00014321293565444648, 0.9885630011558533, 0.009808778762817383], "k_pid_vsp": [2.384185791015625e-05, 4.577721118927002, 329.873046875]}, "datetime": {"datetime": "2025-08-12 09:43:07", "elapsed": 62267.24270248413, "delta": 27.84463405609131}, "costs": {"total_cost": 1605.2462187747394, "time_cost": 150, "final_distance_cost": 25.255902324493707, "oscillation_cost": 94.93820895345534, "completition_cost": 1000.0, "overshoot_cost": 173.77769846896737, "power_cost": 18.726507067871093, "noise_cost": 142.54790195995173, "n_waypoints_completed": 0, "tot_waypoints": 9}}
{"target": -1296.9605040761833, "params": {"k_pid_pos": [1.9869650602340698, 0.9792869091033936, 0.013197839260101318], "k_pid_alt": [1.9560136795043945, 0.9801608324050903, 0.045558542013168335], "k_pid_att": [100.0, 0.290227472782135, 0.9511184692382812], "k_pid_yaw": [0.5, 1e-06, 0.1], "k_pid_hsp": [10.0, 0.9852378964424133, 0.026326507329940796], "k_pid_vsp": [400.0, 3.751457691192627, 9.999999974752427e-07]}, "datetime": {"datetime": "2025-08-12 09:43:36", "elapsed": 62295.99839925766, "delta": 28.755696773529053}, "costs": {"total_cost": 1296.9605040761833, "time_cost": 150, "final_distance_cost": 60.86118605695618, "oscillation_cost": 92.58710464500834, "completition_cost": 888.8888888888888, "overshoot_cost": 41.06587193904796, "power_cost": 29.70461678466797, "noise_cost": 33.85283576161397, "n_waypoints_completed": 1, "tot_waypoints": 9}}
{"target": -1282.3238209668154, "params": {"k_pid_pos": [1.9788825511932373, 0.9318856000900269, 0.021365851163864136], "k_pid_alt": [1.9815417528152466, 0.9829989075660706, 0.02004900574684143], "k_pid_att": [100.0, 0.6777312755584717, 0.96006840467453], "k_pid_yaw": [0.5, 1e-06, 0.1], "k_pid_hsp": [5.757208824157715, 0.9615374207496643, 0.019389808177947998], "k_pid_vsp": [400.0, 17.286684036254883, 9.999999974752427e-07]}, "datetime": {"datetime": "2025-08-12 09:44:07", "elapsed": 62326.607325315475, "delta": 30.60892605781555}, "costs": {"total_cost": 1282.3238209668154, "time_cost": 150, "final_distance_cost": 67.10585104315928, "oscillation_cost": 73.57805113688607, "completition_cost": 888.8888888888888, "overshoot_cost": 39.92671997259264, "power_cost": 28.513953137207032, "noise_cost": 34.3103567880816, "n_waypoints_completed": 1, "tot_waypoints": 9}}
{"target": -1543.0824985548588, "params": {"k_pid_pos": [1.9710803031921387, 0.9505962133407593, 0.009743183851242065], "k_pid_alt": [1.9753422737121582, 0.9067461490631104, 0.018066227436065674], "k_pid_att": [100.0, 0.28151899576187134, 0.9961715340614319], "k_pid_yaw": [0.5, 1e-06, 0.1], "k_pid_hsp": [10.0, 0.9967918395996094, 0.010119259357452393], "k_pid_vsp": [0.0004172325134277344, 11.695326805114746, 399.6985778808594]}, "datetime": {"datetime": "2025-08-12 09:44:34", "elapsed": 62354.27545118332, "delta": 27.668125867843628}, "costs": {"total_cost": 1543.0824985548588, "time_cost": 150, "final_distance_cost": 11.893669930395783, "oscillation_cost": 51.38087120405927, "completition_cost": 1000.0, "overshoot_cost": 165.0789516630576, "power_cost": 26.011862170410158, "noise_cost": 138.71714358693578, "n_waypoints_completed": 0, "tot_waypoints": 9}}
{"target": -685.562354165639, "params": {"k_pid_pos": [1.906914472579956, 0.945048451423645, 0.024325191974639893], "k_pid_alt": [1.8915736675262451, 0.985318124294281, 0.006058841943740845], "k_pid_att": [100.0, 0.06786146014928818, 0.8735947012901306], "k_pid_yaw": [0.5, 1e-06, 0.1], "k_pid_hsp": [9.2345552444458, 0.9138238430023193, 0.02350527048110962], "k_pid_vsp": [400.0, 0.8835683465003967, 9.999999974752427e-07]}, "datetime": {"datetime": "2025-08-12 09:45:03", "elapsed": 62382.762907505035, "delta": 28.48745632171631}, "costs": {"total_cost": 685.562354165639, "time_cost": 150, "final_distance_cost": 62.81988163990232, "oscillation_cost": 131.1432461018217, "completition_cost": 222.2222222222222, "overshoot_cost": 56.185282146300686, "power_cost": 30.386088439941407, "noise_cost": 32.805633615450645, "n_waypoints_completed": 7, "tot_waypoints": 9}}
{"target": -1496.0920449160217, "params": {"k_pid_pos": [1.9492405652999878, 0.9836249351501465, 0.016457170248031616], "k_pid_alt": [1.994375228881836, 0.8789936900138855, 0.008436530828475952], "k_pid_att": [100.0, 0.12429248541593552, 0.9872112274169922], "k_pid_yaw": [0.5, 1e-06, 0.1], "k_pid_hsp": [10.0, 0.9485287666320801, 0.01381993293762207], "k_pid_vsp": [400.0, 5.3375372886657715, 382.6846008300781]}, "datetime": {"datetime": "2025-08-12 09:45:31", "elapsed": 62411.14034342766, "delta": 28.37743592262268}, "costs": {"total_cost": 1496.0920449160217, "time_cost": 150, "final_distance_cost": 13.395242688160451, "oscillation_cost": 63.530228699095225, "completition_cost": 1000.0, "overshoot_cost": 155.82098457621174, "power_cost": 34.031479711914066, "noise_cost": 79.31410924064043, "n_waypoints_completed": 0, "tot_waypoints": 9}}
{"target": -1544.923465879434, "params": {"k_pid_pos": [1.9748475551605225, 0.9841780662536621, 0.008926719427108765], "k_pid_alt": [1.7598435878753662, 0.8535731434822083, 0.004766315221786499], "k_pid_att": [100.0, 0.25478777289390564, 0.9631978273391724], "k_pid_yaw": [0.5, 1e-06, 0.1], "k_pid_hsp": [10.0, 0.9825687408447266, 0.009434163570404053], "k_pid_vsp": [0.0, 8.608426094055176, 9.999999974752427e-07]}, "datetime": {"datetime": "2025-08-12 09:45:59", "elapsed": 62438.66368985176, "delta": 27.523346424102783}, "costs": {"total_cost": 1544.923465879434, "time_cost": 150, "final_distance_cost": 14.321069439212865, "oscillation_cost": 46.98073552818724, "completition_cost": 1000.0, "overshoot_cost": 166.65569221840792, "power_cost": 19.425903051757814, "noise_cost": 147.5400656418681, "n_waypoints_completed": 0, "tot_waypoints": 9}}
{"target": -1107.259127577843, "params": {"k_pid_pos": [1.870998740196228, 0.9360102415084839, 0.008471548557281494], "k_pid_alt": [1.9834465980529785, 0.9694390296936035, 0.060941874980926514], "k_pid_att": [100.0, 0.43917348980903625, 0.9937134981155396], "k_pid_yaw": [0.5, 1e-06, 0.1], "k_pid_hsp": [10.0, 0.9677087068557739, 0.06411576271057129], "k_pid_vsp": [400.0, 9.767414093017578, 122.97918701171875]}, "datetime": {"datetime": "2025-08-12 09:46:27", "elapsed": 62467.35307145119, "delta": 28.68938159942627}, "costs": {"total_cost": 1107.259127577843, "time_cost": 150, "final_distance_cost": 50.02901272733579, "oscillation_cost": 120.2094642597776, "completition_cost": 666.6666666666667, "overshoot_cost": 53.34437020671375, "power_cost": 35.967103503417974, "noise_cost": 31.042510213931024, "n_waypoints_completed": 3, "tot_waypoints": 9}}
{"target": -1362.6948582355292, "params": {"k_pid_pos": [1.9880098104476929, 0.9832308888435364, 0.0046156346797943115], "k_pid_alt": [1.6255052089691162, 0.9926791191101074, 0.017268478870391846], "k_pid_att": [100.0, 0.08220338821411133, 0.9782400727272034], "k_pid_yaw": [0.5, 1e-06, 0.1], "k_pid_hsp": [10.0, 0.9435474872589111, 0.015879958868026733], "k_pid_vsp": [400.0, 1.4396677017211914, 31.000032424926758]}, "datetime": {"datetime": "2025-08-12 09:46:56", "elapsed": 62495.43248462677, "delta": 28.079413175582886}, "costs": {"total_cost": 1362.6948582355292, "time_cost": 150, "final_distance_cost": 46.167841693618655, "oscillation_cost": 67.69689329650781, "completition_cost": 1000.0, "overshoot_cost": 34.435943232585714, "power_cost": 33.86503626708985, "noise_cost": 30.52914374572721, "n_waypoints_completed": 0, "tot_waypoints": 9}}
{"target": -1550.4892335437817, "params": {"k_pid_pos": [1.9733482599258423, 0.995498776435852, 0.010100185871124268], "k_pid_alt": [1.8533445596694946, 0.9880288243293762, 0.050243109464645386], "k_pid_att": [100.0, 0.15537838637828827, 0.9875842928886414], "k_pid_yaw": [0.5, 1e-06, 0.1], "k_pid_hsp": [10.0, 0.9934819936752319, 0.013971805572509766], "k_pid_vsp": [0.0015974044799804688, 11.386013984680176, 4.818154335021973]}, "datetime": {"datetime": "2025-08-12 09:47:24", "elapsed": 62523.956990242004, "delta": 28.524505615234375}, "costs": {"total_cost": 1550.4892335437817, "time_cost": 150, "final_distance_cost": 10.99677344937944, "oscillation_cost": 51.44305203617112, "completition_cost": 1000.0, "overshoot_cost": 166.10601904203753, "power_cost": 21.924193798828124, "noise_cost": 150.01919521736536, "n_waypoints_completed": 0, "tot_waypoints": 9}}
{"target": -1514.7409892367389, "params": {"k_pid_pos": [1.7741779088974, 0.9981153011322021, 0.010297179222106934], "k_pid_alt": [1.9848716259002686, 0.9608038663864136, 0.021785318851470947], "k_pid_att": [100.0, 0.031572725623846054, 0.9821604490280151], "k_pid_yaw": [0.5, 1e-06, 0.1], "k_pid_hsp": [10.0, 0.9723964929580688, 0.01715981960296631], "k_pid_vsp": [399.9997253417969, 7.4971923828125, 399.771728515625]}, "datetime": {"datetime": "2025-08-12 09:47:58", "elapsed": 62558.21658086777, "delta": 34.25959062576294}, "costs": {"total_cost": 1514.7409892367389, "time_cost": 150, "final_distance_cost": 2.3020105606423686, "oscillation_cost": 64.57240776783314, "completition_cost": 1000.0, "overshoot_cost": 162.15215653741387, "power_cost": 33.51502314453125, "noise_cost": 102.19939122631828, "n_waypoints_completed": 0, "tot_waypoints": 9}}
{"target": -1335.701569809864, "params": {"k_pid_pos": [1.8725013732910156, 0.9919589757919312, 0.0017246603965759277], "k_pid_alt": [1.9813752174377441, 0.979095458984375, 0.011808902025222778], "k_pid_att": [100.0, 0.04673033580183983, 0.9728995561599731], "k_pid_yaw": [0.5, 1e-06, 0.1], "k_pid_hsp": [10.0, 0.9562786817550659, 0.061945050954818726], "k_pid_vsp": [400.0, 5.457342624664307, 374.3397521972656]}, "datetime": {"datetime": "2025-08-12 09:48:26", "elapsed": 62585.43833565712, "delta": 27.221754789352417}, "costs": {"total_cost": 1335.701569809864, "time_cost": 150, "final_distance_cost": 72.5971870961563, "oscillation_cost": 100.42915988998143, "completition_cost": 888.8888888888888, "overshoot_cost": 57.00589335780845, "power_cost": 35.49402469482422, "noise_cost": 31.286415882204604, "n_waypoints_completed": 1, "tot_waypoints": 9}}
{"target": -781.0194070637281, "params": {"k_pid_pos": [1.9973207712173462, 0.988408088684082, 0.03282216191291809], "k_pid_alt": [1.9424699544906616, 0.7985093593597412, 0.013143926858901978], "k_pid_att": [100.0, 0.16531437635421753, 0.9771722555160522], "k_pid_yaw": [0.5, 1e-06, 0.1], "k_pid_hsp": [10.0, 0.9864681959152222, 0.012645989656448364], "k_pid_vsp": [13.6072998046875, 7.001877784729004, 0.0010858045425266027]}, "datetime": {"datetime": "2025-08-12 09:48:54", "elapsed": 62613.74649596214, "delta": 28.308160305023193}, "costs": {"total_cost": 781.0194070637281, "time_cost": 150, "final_distance_cost": 83.74305447691297, "oscillation_cost": 87.96750503947612, "completition_cost": 333.33333333333337, "overshoot_cost": 60.48345775858029, "power_cost": 29.738908142089844, "noise_cost": 35.753148313335586, "n_waypoints_completed": 6, "tot_waypoints": 9}}
{"target": -1517.410453776532, "params": {"k_pid_pos": [1.9820325374603271, 0.9782019853591919, 0.10362446308135986], "k_pid_alt": [1.993011474609375, 0.9878823757171631, 0.003196120262145996], "k_pid_att": [100.0, 0.08373431861400604, 0.9794507026672363], "k_pid_yaw": [0.5, 1e-06, 0.1], "k_pid_hsp": [10.0, 0.9889917373657227, 0.013886779546737671], "k_pid_vsp": [400.0, 10.321677207946777, 384.84442138671875]}, "datetime": {"datetime": "2025-08-12 09:49:22", "elapsed": 62641.880549669266, "delta": 28.134053707122803}, "costs": {"total_cost": 1517.410453776532, "time_cost": 150, "final_distance_cost": 6.82384188432696, "oscillation_cost": 60.58082940324884, "completition_cost": 1000.0, "overshoot_cost": 161.49799734648593, "power_cost": 33.06405001220703, "noise_cost": 105.44373513026332, "n_waypoints_completed": 0, "tot_waypoints": 9}}
{"target": -689.4072373046454, "params": {"k_pid_pos": [1.9771595001220703, 0.9912889003753662, 0.013538837432861328], "k_pid_alt": [1.9545941352844238, 0.9782010316848755, 0.0031544864177703857], "k_pid_att": [100.0, 0.4848981499671936, 0.9385106563568115], "k_pid_yaw": [0.5, 1e-06, 0.1], "k_pid_hsp": [0.12414347380399704, 0.9607471227645874, 0.02505624294281006], "k_pid_vsp": [399.9890441894531, 2.692664623260498, 0.32420259714126587]}, "datetime": {"datetime": "2025-08-12 09:49:50", "elapsed": 62669.605345249176, "delta": 27.72479557991028}, "costs": {"total_cost": 689.4072373046454, "time_cost": 150, "final_distance_cost": 82.15502054014114, "oscillation_cost": 92.43486495361223, "completition_cost": 222.2222222222222, "overshoot_cost": 74.0889332908294, "power_cost": 32.60852392578125, "noise_cost": 35.89767237205922, "n_waypoints_completed": 7, "tot_waypoints": 9}}
{"target": -820.9322380859219, "params": {"k_pid_pos": [1.9291319847106934, 0.9906338453292847, 0.01775774359703064], "k_pid_alt": [1.9916419982910156, 0.8587970733642578, 0.00806698203086853], "k_pid_att": [99.99999237060547, 0.5220350623130798, 0.9375001788139343], "k_pid_yaw": [0.5, 1e-06, 0.1], "k_pid_hsp": [10.0, 0.9729061722755432, 0.0893278419971466], "k_pid_vsp": [399.9818420410156, 1.6842255592346191, 9.999999974752427e-07]}, "datetime": {"datetime": "2025-08-12 09:50:27", "elapsed": 62706.63833975792, "delta": 37.032994508743286}, "costs": {"total_cost": 820.9322380859219, "time_cost": 150, "final_distance_cost": 67.76500737618063, "oscillation_cost": 139.8761410966244, "completition_cost": 333.33333333333337, "overshoot_cost": 63.86266828211271, "power_cost": 32.48097080078125, "noise_cost": 33.61411719688951, "n_waypoints_completed": 6, "tot_waypoints": 9}}
{"target": -1556.30866469591, "params": {"k_pid_pos": [1.9509215354919434, 0.9304262399673462, 0.012017786502838135], "k_pid_alt": [1.9539120197296143, 0.9152200818061829, 0.0030223727226257324], "k_pid_att": [99.99974822998047, 1.4340550899505615, 0.9569600820541382], "k_pid_yaw": [0.5, 1e-06, 0.1], "k_pid_hsp": [9.999137878417969, 0.985599160194397, 0.11377528309822083], "k_pid_vsp": [0.0, 3.062809467315674, 0.0723610371351242]}, "datetime": {"datetime": "2025-08-12 09:50:58", "elapsed": 62737.43798780441, "delta": 30.79964804649353}, "costs": {"total_cost": 1556.30866469591, "time_cost": 150, "final_distance_cost": 12.466424278965045, "oscillation_cost": 67.0285059176777, "completition_cost": 1000.0, "overshoot_cost": 167.0581964050316, "power_cost": 19.838949218750003, "noise_cost": 139.91658887548556, "n_waypoints_completed": 0, "tot_waypoints": 9}}
{"target": -749.0154395041683, "params": {"k_pid_pos": [1.9831825494766235, 0.9673209190368652, 0.0010974109172821045], "k_pid_alt": [1.9785406589508057, 0.9555130004882812, 0.0520358681678772], "k_pid_att": [100.0, 0.4387473464012146, 0.9622841477394104], "k_pid_yaw": [0.5, 1e-06, 0.1], "k_pid_hsp": [10.0, 0.9434517621994019, 0.007948845624923706], "k_pid_vsp": [395.602783203125, 13.247133255004883, 221.6543731689453]}, "datetime": {"datetime": "2025-08-12 09:51:28", "elapsed": 62767.602241039276, "delta": 30.16425323486328}, "costs": {"total_cost": 749.0154395041683, "time_cost": 150, "final_distance_cost": 54.61214829522894, "oscillation_cost": 80.95051333230514, "completition_cost": 333.33333333333337, "overshoot_cost": 65.05547470581715, "power_cost": 34.124065429687505, "noise_cost": 30.93990440779621, "n_waypoints_completed": 6, "tot_waypoints": 9}}
{"target": -607.72446287443, "params": {"k_pid_pos": [1.964023232460022, 0.9920952916145325, 0.055958330631256104], "k_pid_alt": [1.9493441581726074, 0.8121007680892944, 0.02285751700401306], "k_pid_att": [100.0, 0.07488191872835159, 0.8601132035255432], "k_pid_yaw": [0.5, 1e-06, 0.1], "k_pid_hsp": [10.0, 0.9150328040122986, 0.008009731769561768], "k_pid_vsp": [400.0, 9.190237998962402, 9.999999974752427e-07]}, "datetime": {"datetime": "2025-08-12 09:51:57", "elapsed": 62797.345183610916, "delta": 29.742942571640015}, "costs": {"total_cost": 607.72446287443, "time_cost": 150, "final_distance_cost": 24.746625330866202, "oscillation_cost": 181.691059792609, "completition_cost": 111.11111111111116, "overshoot_cost": 76.18104413005221, "power_cost": 31.041212866210937, "noise_cost": 32.953409643580414, "n_waypoints_completed": 8, "tot_waypoints": 9}}
{"target": -819.7512481092263, "params": {"k_pid_pos": [1.9830595254898071, 0.9850883483886719, 0.01853451132774353], "k_pid_alt": [1.9358670711517334, 0.9500429630279541, 0.02814781665802002], "k_pid_att": [80.97882843017578, 0.060511983931064606, 0.983543872833252], "k_pid_yaw": [0.5, 1e-06, 0.1], "k_pid_hsp": [9.999998092651367, 0.9956302642822266, 0.08582863211631775], "k_pid_vsp": [382.1704406738281, 9.849894523620605, 9.999999974752427e-07]}, "datetime": {"datetime": "2025-08-12 09:52:29", "elapsed": 62829.06056809425, "delta": 31.715384483337402}, "costs": {"total_cost": 819.7512481092263, "time_cost": 150, "final_distance_cost": 66.35667530562569, "oscillation_cost": 137.2339108340394, "completition_cost": 333.33333333333337, "overshoot_cost": 65.66496682252648, "power_cost": 33.041235278320315, "noise_cost": 34.12112653538097, "n_waypoints_completed": 6, "tot_waypoints": 9}}
{"target": -1220.3683720741155, "params": {"k_pid_pos": [1.7874902486801147, 0.9642540216445923, 0.010219782590866089], "k_pid_alt": [1.9627833366394043, 0.9552270174026489, 0.036390483379364014], "k_pid_att": [100.0, 0.23386529088020325, 0.9950371980667114], "k_pid_yaw": [0.5, 1e-06, 0.1], "k_pid_hsp": [10.0, 0.9576880931854248, 0.0038341879844665527], "k_pid_vsp": [1.7458438873291016, 18.2554988861084, 9.999999974752427e-07]}, "datetime": {"datetime": "2025-08-12 09:53:01", "elapsed": 62860.6142745018, "delta": 31.553706407546997}, "costs": {"total_cost": 1220.3683720741155, "time_cost": 150, "final_distance_cost": 96.48534755421572, "oscillation_cost": 77.57515787012285, "completition_cost": 777.7777777777778, "overshoot_cost": 53.63764373734823, "power_cost": 28.94436151123047, "noise_cost": 35.94808362342039, "n_waypoints_completed": 2, "tot_waypoints": 9}}
