{"target": -1122.7557627693911, "params": {"k_pid_pos": [1.9009695053100586, 0.9822543859481812, 0.005191385746002197], "k_pid_alt": [1.995736002922058, 0.9925870299339294, 0.001527637243270874], "k_pid_att": [100.0, 0.2408309131860733, 0.9962143301963806], "k_pid_yaw": [0.5, 1e-06, 0.1], "k_pid_hsp": [10.0, 0.9943840503692627, 0.008988827466964722], "k_pid_vsp": [400.0, 4.965365886688232, 306.59893798828125]}, "datetime": {"datetime": "2025-08-12 10:29:04", "elapsed": 65023.545722961426, "delta": 28.318894147872925}, "costs": {"total_cost": 1122.7557627693911, "time_cost": 150, "final_distance_cost": 80.47202964859277, "oscillation_cost": 80.06366112979954, "completition_cost": 666.6666666666667, "overshoot_cost": 81.5902171240875, "power_cost": 33.92798979492188, "noise_cost": 30.035198405322607, "n_waypoints_completed": 3, "tot_waypoints": 9}}
{"target": -1554.496533118557, "params": {"k_pid_pos": [1.9887524843215942, 0.9539825320243835, 0.03347101807594299], "k_pid_alt": [1.9120190143585205, 0.959579348564148, 0.00714188814163208], "k_pid_att": [100.0, 3.2850537300109863, 0.9905681610107422], "k_pid_yaw": [0.5, 1e-06, 0.1], "k_pid_hsp": [8.861583709716797, 0.9837508201599121, 0.02046218514442444], "k_pid_vsp": [0.6564736366271973, 9.775568008422852, 3.761852741241455]}, "datetime": {"datetime": "2025-08-12 10:29:30", "elapsed": 65049.92254829407, "delta": 26.3768253326416}, "costs": {"total_cost": 1554.496533118557, "time_cost": 150, "final_distance_cost": 9.88315330008538, "oscillation_cost": 56.322888512566735, "completition_cost": 1000.0, "overshoot_cost": 165.74620131871234, "power_cost": 22.107940563964846, "noise_cost": 150.43634942322777, "n_waypoints_completed": 0, "tot_waypoints": 9}}
{"target": -605.3650567603742, "params": {"k_pid_pos": [1.9591588973999023, 0.9935216903686523, 0.008175849914550781], "k_pid_alt": [1.9906439781188965, 0.9359729290008545, 0.030386775732040405], "k_pid_att": [99.98925018310547, 0.05167955532670021, 0.9933559894561768], "k_pid_yaw": [0.5, 1e-06, 0.1], "k_pid_hsp": [10.0, 0.9924426078796387, 0.004243820905685425], "k_pid_vsp": [399.98345947265625, 5.876875877380371, 9.999999974752427e-07]}, "datetime": {"datetime": "2025-08-12 10:29:58", "elapsed": 65077.74498510361, "delta": 27.822436809539795}, "costs": {"total_cost": 605.3650567603742, "time_cost": 150, "final_distance_cost": 46.72048913440302, "oscillation_cost": 164.2742206970684, "completition_cost": 111.11111111111116, "overshoot_cost": 69.89210267954631, "power_cost": 31.03451461181641, "noise_cost": 32.33261852642886, "n_waypoints_completed": 8, "tot_waypoints": 9}}
{"target": -5602.899109384188, "params": {"k_pid_pos": [1.6873894929885864, 0.9739266037940979, 0.024530678987503052], "k_pid_alt": [1.8779915571212769, 0.9763075709342957, 0.003908485174179077], "k_pid_att": [0.019878149032592773, 0.0755000188946724, 0.9676518440246582], "k_pid_yaw": [0.5, 1e-06, 0.1], "k_pid_hsp": [9.999946594238281, 0.942069947719574, 0.0030816495418548584], "k_pid_vsp": [400.0, 3.8971433639526367, 257.7517395019531]}, "datetime": {"datetime": "2025-08-12 10:30:26", "elapsed": 65105.93692469597, "delta": 28.19193959236145}, "costs": {"total_cost": 5602.899109384188, "time_cost": 150, "final_distance_cost": 1571.9443962414045, "oscillation_cost": 121.58145905513503, "completition_cost": 1000.0, "overshoot_cost": 2563.2714602141577, "power_cost": 54.86034741210938, "noise_cost": 141.241446461381, "n_waypoints_completed": 0, "tot_waypoints": 9}}
{"target": -718.477223548732, "params": {"k_pid_pos": [1.9738954305648804, 0.9869304895401001, 0.1904379427433014], "k_pid_alt": [1.9791259765625, 0.992508053779602, 0.03710883855819702], "k_pid_att": [100.0, 1.2147071361541748, 0.9798648953437805], "k_pid_yaw": [0.5, 1e-06, 0.1], "k_pid_hsp": [9.99998664855957, 0.9978601932525635, 0.030243754386901855], "k_pid_vsp": [400.0, 2.500976085662842, 8.444650302408263e-05]}, "datetime": {"datetime": "2025-08-12 10:30:53", "elapsed": 65133.3160135746, "delta": 27.379088878631592}, "costs": {"total_cost": 718.477223548732, "time_cost": 150, "final_distance_cost": 67.67496567660267, "oscillation_cost": 149.1401306869286, "completition_cost": 222.2222222222222, "overshoot_cost": 64.10224322352299, "power_cost": 31.12079273681641, "noise_cost": 34.21686900263921, "n_waypoints_completed": 7, "tot_waypoints": 9}}
{"target": -706.014203011379, "params": {"k_pid_pos": [1.9820947647094727, 0.9949839115142822, 0.0141696035861969], "k_pid_alt": [1.9772496223449707, 0.9736999273300171, 0.0064050257205963135], "k_pid_att": [99.99828338623047, 0.18798984587192535, 0.9339631199836731], "k_pid_yaw": [0.5, 1e-06, 0.1], "k_pid_hsp": [9.999999046325684, 0.9614335298538208, 0.0071980953216552734], "k_pid_vsp": [399.9215087890625, 4.97871732711792, 1.2920929293613881e-05]}, "datetime": {"datetime": "2025-08-12 10:31:20", "elapsed": 65160.174270391464, "delta": 26.858256816864014}, "costs": {"total_cost": 706.014203011379, "time_cost": 150, "final_distance_cost": 59.65662502759837, "oscillation_cost": 144.6090766447966, "completition_cost": 222.2222222222222, "overshoot_cost": 66.0695738330156, "power_cost": 30.74635992431641, "noise_cost": 32.710345359429816, "n_waypoints_completed": 7, "tot_waypoints": 9}}
{"target": -1532.909295967271, "params": {"k_pid_pos": [1.9331109523773193, 0.9915928840637207, 0.04266342520713806], "k_pid_alt": [1.9829769134521484, 0.7161035537719727, 0.007107257843017578], "k_pid_att": [99.66993713378906, 0.15120728313922882, 0.851347804069519], "k_pid_yaw": [0.5, 1e-06, 0.1], "k_pid_hsp": [10.0, 0.9924384951591492, 0.009139716625213623], "k_pid_vsp": [397.8367919921875, 6.817317962646484, 399.8255615234375]}, "datetime": {"datetime": "2025-08-12 10:31:48", "elapsed": 65187.81340932846, "delta": 27.63913893699646}, "costs": {"total_cost": 1532.909295967271, "time_cost": 150, "final_distance_cost": 12.845374615628511, "oscillation_cost": 63.65190201886987, "completition_cost": 1000.0, "overshoot_cost": 162.64627494788638, "power_cost": 32.88879583740235, "noise_cost": 110.87694854748382, "n_waypoints_completed": 0, "tot_waypoints": 9}}
{"target": -749.5765270241446, "params": {"k_pid_pos": [1.9881089925765991, 0.9626184701919556, 0.054382115602493286], "k_pid_alt": [1.96176278591156, 0.9733623266220093, 0.006997257471084595], "k_pid_att": [100.0, 0.40035220980644226, 0.9966709613800049], "k_pid_yaw": [0.5, 1e-06, 0.1], "k_pid_hsp": [10.0, 0.9870743751525879, 0.009432107210159302], "k_pid_vsp": [399.6077575683594, 12.020040512084961, 0.00020365578529890627]}, "datetime": {"datetime": "2025-08-12 10:32:17", "elapsed": 65216.566237449646, "delta": 28.752828121185303}, "costs": {"total_cost": 749.5765270241446, "time_cost": 150, "final_distance_cost": 65.0558285646563, "oscillation_cost": 181.60647022669986, "completition_cost": 222.2222222222222, "overshoot_cost": 67.3692346895958, "power_cost": 30.75231042480469, "noise_cost": 32.57046089616578, "n_waypoints_completed": 7, "tot_waypoints": 9}}
{"target": -650.693076476606, "params": {"k_pid_pos": [1.8593648672103882, 0.9939572811126709, 0.0024824142456054688], "k_pid_alt": [1.882293939590454, 0.9672111868858337, 0.013144373893737793], "k_pid_att": [100.0, 0.27433374524116516, 0.9928910136222839], "k_pid_yaw": [0.5, 1e-06, 0.1], "k_pid_hsp": [9.886505126953125, 0.9978286027908325, 0.008181095123291016], "k_pid_vsp": [400.0, 1.2118706703186035, 12.083495140075684]}, "datetime": {"datetime": "2025-08-12 10:32:44", "elapsed": 65244.15225815773, "delta": 27.586020708084106}, "costs": {"total_cost": 650.693076476606, "time_cost": 150, "final_distance_cost": 69.75268705205441, "oscillation_cost": 84.82740018900178, "completition_cost": 222.2222222222222, "overshoot_cost": 60.304172402600344, "power_cost": 33.169907727050784, "noise_cost": 30.416686883676565, "n_waypoints_completed": 7, "tot_waypoints": 9}}
{"target": -1522.9278559937031, "params": {"k_pid_pos": [1.9777415990829468, 0.9913768172264099, 0.04388272762298584], "k_pid_alt": [1.976219654083252, 0.9722872972488403, 0.012513041496276855], "k_pid_att": [100.0, 0.31474021077156067, 0.9909000396728516], "k_pid_yaw": [0.5, 1e-06, 0.1], "k_pid_hsp": [10.0, 0.8239959478378296, 0.007446378469467163], "k_pid_vsp": [0.0, 1.5118489265441895, 399.42974853515625]}, "datetime": {"datetime": "2025-08-12 10:33:14", "elapsed": 65273.936485767365, "delta": 29.7842276096344}, "costs": {"total_cost": 1522.9278559937031, "time_cost": 150, "final_distance_cost": 7.4827695197704225, "oscillation_cost": 47.25878263451906, "completition_cost": 1000.0, "overshoot_cost": 164.6530369424627, "power_cost": 18.034036340332033, "noise_cost": 135.499230556619, "n_waypoints_completed": 0, "tot_waypoints": 9}}
{"target": -832.4251934422176, "params": {"k_pid_pos": [1.9464787244796753, 0.9847519397735596, 0.02441716194152832], "k_pid_alt": [1.859897494316101, 0.9759753942489624, 0.025799959897994995], "k_pid_att": [100.0, 0.13449759781360626, 0.9168967008590698], "k_pid_yaw": [0.5, 1e-06, 0.1], "k_pid_hsp": [10.0, 0.9549819231033325, 0.012534767389297485], "k_pid_vsp": [400.0, 16.564645767211914, 9.999999974752427e-07]}, "datetime": {"datetime": "2025-08-12 10:33:41", "elapsed": 65301.33010339737, "delta": 27.393617630004883}, "costs": {"total_cost": 832.4251934422176, "time_cost": 150, "final_distance_cost": 75.89395886681496, "oscillation_cost": 143.43693577852179, "completition_cost": 333.33333333333337, "overshoot_cost": 65.00584281132913, "power_cost": 30.336375207519534, "noise_cost": 34.418747444698866, "n_waypoints_completed": 6, "tot_waypoints": 9}}
{"target": -1373.5938790605655, "params": {"k_pid_pos": [1.9838775396347046, 0.9809199571609497, 0.013475090265274048], "k_pid_alt": [1.9441776275634766, 0.9903948307037354, 0.00530773401260376], "k_pid_att": [99.99849700927734, 0.03994322195649147, 0.9892616271972656], "k_pid_yaw": [0.5, 1e-06, 0.1], "k_pid_hsp": [10.0, 0.9419142007827759, 0.029098957777023315], "k_pid_vsp": [399.6755676269531, 8.117462158203125, 73.62420654296875]}, "datetime": {"datetime": "2025-08-12 10:34:10", "elapsed": 65330.10464692116, "delta": 28.774543523788452}, "costs": {"total_cost": 1373.5938790605655, "time_cost": 150, "final_distance_cost": 45.975520218500975, "oscillation_cost": 78.76307527682842, "completition_cost": 1000.0, "overshoot_cost": 34.01299041997351, "power_cost": 34.69767669677734, "noise_cost": 30.14461644848563, "n_waypoints_completed": 0, "tot_waypoints": 9}}
{"target": -839.4667493287534, "params": {"k_pid_pos": [1.9292314052581787, 0.9534982442855835, 0.014479726552963257], "k_pid_alt": [1.990312099456787, 0.9687504768371582, 0.023727327585220337], "k_pid_att": [100.0, 0.11958704143762589, 0.9893708229064941], "k_pid_yaw": [0.5, 1e-06, 0.1], "k_pid_hsp": [10.0, 0.9833205938339233, 0.018390566110610962], "k_pid_vsp": [400.0, 33.88155746459961, 1.2920929293613881e-05]}, "datetime": {"datetime": "2025-08-12 10:34:38", "elapsed": 65357.781527519226, "delta": 27.676880598068237}, "costs": {"total_cost": 839.4667493287534, "time_cost": 150, "final_distance_cost": 85.08437964568519, "oscillation_cost": 145.90988328661834, "completition_cost": 333.33333333333337, "overshoot_cost": 60.24190254032698, "power_cost": 30.59586833496094, "noise_cost": 34.3013821878285, "n_waypoints_completed": 6, "tot_waypoints": 9}}
{"target": -747.054319594835, "params": {"k_pid_pos": [1.935707449913025, 0.9324831962585449, 0.006494730710983276], "k_pid_alt": [1.9968111515045166, 0.9979528188705444, 0.02445441484451294], "k_pid_att": [99.99976348876953, 0.6112948060035706, 0.9968098402023315], "k_pid_yaw": [0.5, 1e-06, 0.1], "k_pid_hsp": [10.0, 0.9836685061454773, 0.015092790126800537], "k_pid_vsp": [399.99993896484375, 2.395714282989502, 9.999999974752427e-07]}, "datetime": {"datetime": "2025-08-12 10:35:06", "elapsed": 65385.65406084061, "delta": 27.872533321380615}, "costs": {"total_cost": 747.054319594835, "time_cost": 150, "final_distance_cost": 72.06769227512919, "oscillation_cost": 169.47782125942925, "completition_cost": 222.2222222222222, "overshoot_cost": 68.18580656173603, "power_cost": 30.931983435058594, "noise_cost": 34.16879384125966, "n_waypoints_completed": 7, "tot_waypoints": 9}}
{"target": -738.2088606384273, "params": {"k_pid_pos": [1.9210511445999146, 0.9713306427001953, 0.006317645311355591], "k_pid_alt": [1.9868392944335938, 0.9455392360687256, 0.03257817029953003], "k_pid_att": [99.9999771118164, 0.7139604091644287, 0.9525699615478516], "k_pid_yaw": [0.5, 1e-06, 0.1], "k_pid_hsp": [10.0, 0.9947719573974609, 0.002391725778579712], "k_pid_vsp": [399.99920654296875, 5.078209400177002, 9.999999974752427e-07]}, "datetime": {"datetime": "2025-08-12 10:35:33", "elapsed": 65412.71322345734, "delta": 27.059162616729736}, "costs": {"total_cost": 738.2088606384273, "time_cost": 150, "final_distance_cost": 73.95077380484506, "oscillation_cost": 162.40310186478655, "completition_cost": 222.2222222222222, "overshoot_cost": 64.78921704507931, "power_cost": 30.59019725341797, "noise_cost": 34.25334844807621, "n_waypoints_completed": 7, "tot_waypoints": 9}}
{"target": -1523.033855615467, "params": {"k_pid_pos": [1.846900224685669, 0.9761573076248169, 0.0023414194583892822], "k_pid_alt": [1.979020357131958, 0.8581405878067017, 0.008115977048873901], "k_pid_att": [100.0, 0.5911176800727844, 0.9922658205032349], "k_pid_yaw": [0.5, 1e-06, 0.1], "k_pid_hsp": [10.0, 0.9973822832107544, 0.0014941394329071045], "k_pid_vsp": [399.9978942871094, 4.623056411743164, 399.994384765625]}, "datetime": {"datetime": "2025-08-12 10:36:00", "elapsed": 65440.13415002823, "delta": 27.420926570892334}, "costs": {"total_cost": 1523.033855615467, "time_cost": 150, "final_distance_cost": 14.822738408910793, "oscillation_cost": 49.14800338315894, "completition_cost": 1000.0, "overshoot_cost": 164.52218147234544, "power_cost": 31.2567896484375, "noise_cost": 113.28414270261453, "n_waypoints_completed": 0, "tot_waypoints": 9}}
{"target": -749.3349678940507, "params": {"k_pid_pos": [1.8471882343292236, 0.995813250541687, 0.15111654996871948], "k_pid_alt": [1.9694020748138428, 0.9892908334732056, 0.004180580377578735], "k_pid_att": [100.0, 0.38026919960975647, 0.9950481653213501], "k_pid_yaw": [0.5, 1e-06, 0.1], "k_pid_hsp": [10.0, 0.9919017553329468, 0.0018504559993743896], "k_pid_vsp": [399.99664306640625, 3.686452865600586, 9.999999974752427e-07]}, "datetime": {"datetime": "2025-08-12 10:36:29", "elapsed": 65468.490492105484, "delta": 28.35634207725525}, "costs": {"total_cost": 749.3349678940507, "time_cost": 150, "final_distance_cost": 75.46864992603189, "oscillation_cost": 171.46589283272806, "completition_cost": 222.2222222222222, "overshoot_cost": 64.92948036208925, "power_cost": 31.0730603515625, "noise_cost": 34.17566219941669, "n_waypoints_completed": 7, "tot_waypoints": 9}}
{"target": -754.7054890788003, "params": {"k_pid_pos": [1.9513118267059326, 0.9852619767189026, 0.0031461119651794434], "k_pid_alt": [1.9907610416412354, 0.9583594799041748, 0.02183493971824646], "k_pid_att": [99.98052978515625, 0.1867453157901764, 0.9974617958068848], "k_pid_yaw": [0.5, 1e-06, 0.1], "k_pid_hsp": [2.8045222759246826, 0.9874042272567749, 0.13908082246780396], "k_pid_vsp": [260.10443115234375, 10.48439884185791, 9.636743197916076e-05]}, "datetime": {"datetime": "2025-08-12 10:36:56", "elapsed": 65495.46363854408, "delta": 26.973146438598633}, "costs": {"total_cost": 754.7054890788003, "time_cost": 150, "final_distance_cost": 81.43593129476406, "oscillation_cost": 171.5376942875136, "completition_cost": 222.2222222222222, "overshoot_cost": 60.92855730865029, "power_cost": 34.29106364746094, "noise_cost": 34.29002031818909, "n_waypoints_completed": 7, "tot_waypoints": 9}}
{"target": -675.1923919517687, "params": {"k_pid_pos": [1.9292532205581665, 0.9878119230270386, 0.2040722370147705], "k_pid_alt": [1.9892890453338623, 0.9909171462059021, 0.00683245062828064], "k_pid_att": [56.89346694946289, 2.148684501647949, 0.9929457306861877], "k_pid_yaw": [0.5, 1e-06, 0.1], "k_pid_hsp": [0.3457900583744049, 0.9986608028411865, 0.07376277446746826], "k_pid_vsp": [400.0, 4.2631635665893555, 9.999999974752427e-07]}, "datetime": {"datetime": "2025-08-12 10:37:32", "elapsed": 65531.45035243034, "delta": 35.986713886260986}, "costs": {"total_cost": 675.1923919517687, "time_cost": 150, "final_distance_cost": 77.83821003429483, "oscillation_cost": 87.53223831025704, "completition_cost": 222.2222222222222, "overshoot_cost": 69.22446780612879, "power_cost": 33.042157177734374, "noise_cost": 35.33309640113163, "n_waypoints_completed": 7, "tot_waypoints": 9}}
{"target": -1319.081006442618, "params": {"k_pid_pos": [1.9868595600128174, 0.9815769195556641, 0.04224812984466553], "k_pid_alt": [1.9096002578735352, 0.9691148996353149, 0.027757585048675537], "k_pid_att": [100.0, 0.19443213939666748, 0.997571587562561], "k_pid_yaw": [0.5, 1e-06, 0.1], "k_pid_hsp": [9.999999046325684, 0.9866502285003662, 0.04334500432014465], "k_pid_vsp": [399.9822082519531, 8.054424285888672, 9.999999974752427e-07]}, "datetime": {"datetime": "2025-08-12 10:38:04", "elapsed": 65563.7926428318, "delta": 32.34229040145874}, "costs": {"total_cost": 1319.081006442618, "time_cost": 150, "final_distance_cost": 66.52441299388008, "oscillation_cost": 107.7654129709605, "completition_cost": 888.8888888888888, "overshoot_cost": 41.34852444721955, "power_cost": 30.70729581298828, "noise_cost": 33.84647132868071, "n_waypoints_completed": 1, "tot_waypoints": 9}}
{"target": -1529.840661783518, "params": {"k_pid_pos": [1.9274704456329346, 0.9935761094093323, 0.012315541505813599], "k_pid_alt": [1.989901065826416, 0.9901145696640015, 0.017451971769332886], "k_pid_att": [100.0, 0.06902612000703812, 0.9963964223861694], "k_pid_yaw": [0.5, 1e-06, 0.1], "k_pid_hsp": [10.0, 0.99639892578125, 0.015104681253433228], "k_pid_vsp": [246.7158966064453, 1.0929832458496094, 372.610107421875]}, "datetime": {"datetime": "2025-08-12 10:38:31", "elapsed": 65591.25051617622, "delta": 27.457873344421387}, "costs": {"total_cost": 1529.840661783518, "time_cost": 150, "final_distance_cost": 13.234902654770226, "oscillation_cost": 54.02075249351233, "completition_cost": 1000.0, "overshoot_cost": 164.98174912242618, "power_cost": 32.22936568603516, "noise_cost": 115.37389182677417, "n_waypoints_completed": 0, "tot_waypoints": 9}}
{"target": -953.3881748009719, "params": {"k_pid_pos": [1.9293371438980103, 0.92313551902771, 0.01644536852836609], "k_pid_alt": [1.9857970476150513, 0.9875497221946716, 0.005034714937210083], "k_pid_att": [100.0, 0.36594218015670776, 0.9614999294281006], "k_pid_yaw": [0.5, 1e-06, 0.1], "k_pid_hsp": [10.0, 0.9245664477348328, 0.029555201530456543], "k_pid_vsp": [400.0, 1.5604267120361328, 0.000251339515671134]}, "datetime": {"datetime": "2025-08-12 10:39:00", "elapsed": 65620.18728375435, "delta": 28.936767578125}, "costs": {"total_cost": 953.3881748009719, "time_cost": 150, "final_distance_cost": 60.17971452751138, "oscillation_cost": 169.02914008388976, "completition_cost": 444.4444444444444, "overshoot_cost": 63.99880535747738, "power_cost": 31.166774890136722, "noise_cost": 34.569295497512215, "n_waypoints_completed": 5, "tot_waypoints": 9}}
{"target": -641.2018450710057, "params": {"k_pid_pos": [1.9754433631896973, 0.9631407260894775, 0.005797147750854492], "k_pid_alt": [1.9682248830795288, 0.9202079176902771, 0.004063308238983154], "k_pid_att": [99.9998550415039, 1.3425557613372803, 0.8278648853302002], "k_pid_yaw": [0.5, 1e-06, 0.1], "k_pid_hsp": [10.0, 0.9867863655090332, 0.004211366176605225], "k_pid_vsp": [399.994384765625, 37.945152282714844, 0.0039825900457799435]}, "datetime": {"datetime": "2025-08-12 10:39:29", "elapsed": 65648.81250286102, "delta": 28.625219106674194}, "costs": {"total_cost": 641.2018450710057, "time_cost": 150, "final_distance_cost": 56.539258472776275, "oscillation_cost": 189.78632339487953, "completition_cost": 111.11111111111116, "overshoot_cost": 70.46756321299992, "power_cost": 31.10965681152344, "noise_cost": 32.18793206771528, "n_waypoints_completed": 8, "tot_waypoints": 9}}
{"target": -1296.4801841784824, "params": {"k_pid_pos": [1.9623770713806152, 0.9950753450393677, 0.02346232533454895], "k_pid_alt": [1.8904993534088135, 0.997729480266571, 0.009899795055389404], "k_pid_att": [100.0, 0.975138783454895, 0.9242023229598999], "k_pid_yaw": [0.5, 1e-06, 0.1], "k_pid_hsp": [10.0, 0.9782739281654358, 0.0372738242149353], "k_pid_vsp": [400.0, 3.01338529586792, 10.52749252319336]}, "datetime": {"datetime": "2025-08-12 10:39:57", "elapsed": 65676.55360460281, "delta": 27.74110174179077}, "costs": {"total_cost": 1296.4801841784824, "time_cost": 150, "final_distance_cost": 61.11126773971986, "oscillation_cost": 89.10471425413952, "completition_cost": 888.8888888888888, "overshoot_cost": 42.091977768794735, "power_cost": 32.942378417968754, "noise_cost": 32.34095710897084, "n_waypoints_completed": 1, "tot_waypoints": 9}}
{"target": -1364.154091152954, "params": {"k_pid_pos": [1.987118124961853, 0.9644253849983215, 0.02775314450263977], "k_pid_alt": [1.745887279510498, 0.9764795303344727, 0.012447118759155273], "k_pid_att": [100.0, 0.13392747938632965, 0.9504717588424683], "k_pid_yaw": [0.5, 1e-06, 0.1], "k_pid_hsp": [9.9992036819458, 0.9802693128585815, 0.030057013034820557], "k_pid_vsp": [399.8977355957031, 9.34660530090332, 9.999999974752427e-07]}, "datetime": {"datetime": "2025-08-12 10:40:24", "elapsed": 65704.17093133926, "delta": 27.617326736450195}, "costs": {"total_cost": 1364.154091152954, "time_cost": 150, "final_distance_cost": 45.242210557993836, "oscillation_cost": 73.82936804614143, "completition_cost": 1000.0, "overshoot_cost": 31.316629096684043, "power_cost": 29.7144890625, "noise_cost": 34.05139438963472, "n_waypoints_completed": 0, "tot_waypoints": 9}}
