{"target": -1329.376968446525, "params": {"k_pid_pos": [1.8798922300338745, 0.8901707530021667, 0.9660763144493103], "k_pid_alt": [1.188350796699524, 0.8766498565673828, 0.33784589171409607], "k_pid_att": [25.1069278717041, 1.1037181615829468, 0.7935231328010559], "k_pid_yaw": [0.5, 1e-06, 0.1], "k_pid_hsp": [4.553894519805908, 0.4091234803199768, 0.18946123123168945], "k_pid_vsp": [90.78089141845703, 141.21844482421875, 147.53282165527344]}, "datetime": {"datetime": "2025-08-11 17:13:39", "elapsed": 2898.8469684123993, "delta": 30.085367441177368}, "costs": {"total_cost": 1329.376968446525, "time_cost": 150, "final_distance_cost": 43.396350003211985, "oscillation_cost": 449.3665426008737, "completition_cost": 555.5555555555555, "overshoot_cost": 66.29338172208244, "power_cost": 33.531281225585936, "noise_cost": 31.23385733921547, "n_waypoints_completed": 4, "tot_waypoints": 9}}
{"target": -634.4557030354115, "params": {"k_pid_pos": [1.8008403778076172, 0.35779455304145813, 0.754656195640564], "k_pid_alt": [1.9275522232055664, 0.3417249619960785, 0.7225465774536133], "k_pid_att": [87.0039291381836, 9.017329216003418, 0.8919757008552551], "k_pid_yaw": [0.5, 1e-06, 0.1], "k_pid_hsp": [4.380170822143555, 0.5902010798454285, 0.6605294346809387], "k_pid_vsp": [219.69874572753906, 377.1756591796875, 166.24925231933594]}, "datetime": {"datetime": "2025-08-11 17:14:06", "elapsed": 2925.7272233963013, "delta": 26.880254983901978}, "costs": {"total_cost": 634.4557030354115, "time_cost": 108.542, "final_distance_cost": 1.7723983602821511, "oscillation_cost": 410.32997542300467, "completition_cost": 0.0, "overshoot_cost": 54.72663585776487, "power_cost": 32.93272755126953, "noise_cost": 26.151965843090228, "n_waypoints_completed": 9, "tot_waypoints": 9}}
{"target": -1451.557218020472, "params": {"k_pid_pos": [1.8992418050765991, 0.48447418212890625, 0.44565173983573914], "k_pid_alt": [0.46020567417144775, 0.42715147137641907, 0.2259519100189209], "k_pid_att": [37.650909423828125, 8.523904800415039, 0.7339293360710144], "k_pid_yaw": [0.5, 1e-06, 0.1], "k_pid_hsp": [0.8719874620437622, 0.644788384437561, 0.6859925985336304], "k_pid_vsp": [300.4509582519531, 20.18290901184082, 314.49749755859375]}, "datetime": {"datetime": "2025-08-11 17:14:36", "elapsed": 2955.5882155895233, "delta": 29.860992193222046}, "costs": {"total_cost": 1451.557218020472, "time_cost": 150, "final_distance_cost": 63.71813776639104, "oscillation_cost": 222.28105817040702, "completition_cost": 888.8888888888888, "overshoot_cost": 57.94509312975646, "power_cost": 37.75728270263672, "noise_cost": 30.96675736239194, "n_waypoints_completed": 1, "tot_waypoints": 9}}
{"target": -362.0636650711544, "params": {"k_pid_pos": [0.6098870635032654, 0.6914893984794617, 0.6892570853233337], "k_pid_alt": [1.4950852394104004, 0.6306270956993103, 0.8779234886169434], "k_pid_att": [47.10102081298828, 3.8357620239257812, 0.552734375], "k_pid_yaw": [0.5, 1e-06, 0.1], "k_pid_hsp": [0.10944422334432602, 0.9951578378677368, 0.11323735117912292], "k_pid_vsp": [178.1394500732422, 68.46234893798828, 36.36534118652344]}, "datetime": {"datetime": "2025-08-11 17:15:03", "elapsed": 2982.3985381126404, "delta": 26.810322523117065}, "costs": {"total_cost": 362.0636650711544, "time_cost": 108.913, "final_distance_cost": 1.7814452473268025, "oscillation_cost": 127.89928581246917, "completition_cost": 0.0, "overshoot_cost": 60.86016962598166, "power_cost": 33.24649133300782, "noise_cost": 29.36327305236895, "n_waypoints_completed": 9, "tot_waypoints": 9}}
{"target": -2015.914505243603, "params": {"k_pid_pos": [0.0003135527658741921, 0.5696868896484375, 0.05568310618400574], "k_pid_alt": [0.0034246444702148438, 4.369020462036133e-05, 1.5795230865478516e-06], "k_pid_att": [26.28409194946289, 0.00010536436457186937, 0.024484902620315552], "k_pid_yaw": [0.5, 1e-06, 0.1], "k_pid_hsp": [0.00010089405986946076, 1.0, 0.6407669186592102], "k_pid_vsp": [184.6794891357422, 290.7767639160156, 399.99066162109375]}, "datetime": {"datetime": "2025-08-11 17:15:33", "elapsed": 3012.709436416626, "delta": 30.310898303985596}, "costs": {"total_cost": 2015.914505243603, "time_cost": 150, "final_distance_cost": 108.5827040199359, "oscillation_cost": 520.733754968112, "completition_cost": 1000.0, "overshoot_cost": 170.60507543740826, "power_cost": 35.054618176269535, "noise_cost": 30.938352641877156, "n_waypoints_completed": 0, "tot_waypoints": 9}}
{"target": -1503.5724192238542, "params": {"k_pid_pos": [0.003925770986825228, 0.2351655662059784, 0.312122106552124], "k_pid_alt": [0.17872703075408936, 0.008574485778808594, 8.097290992736816e-05], "k_pid_att": [100.0, 0.00018612784333527088, 0.2053118348121643], "k_pid_yaw": [0.5, 1e-06, 0.1], "k_pid_hsp": [9.999999747378752e-05, 0.9999997019767761, 0.32990211248397827], "k_pid_vsp": [399.9686584472656, 43.70032501220703, 399.99981689453125]}, "datetime": {"datetime": "2025-08-11 17:16:03", "elapsed": 3042.3833680152893, "delta": 29.67393159866333}, "costs": {"total_cost": 1503.5724192238542, "time_cost": 150, "final_distance_cost": 90.65703955359115, "oscillation_cost": 346.68157001652395, "completition_cost": 777.7777777777778, "overshoot_cost": 72.7919401656508, "power_cost": 36.936751379394536, "noise_cost": 28.727340330915954, "n_waypoints_completed": 2, "tot_waypoints": 9}}
{"target": -3378.3741887727833, "params": {"k_pid_pos": [0.04503155127167702, 0.7966369390487671, 0.8288353681564331], "k_pid_alt": [1.619594693183899, 0.5743852853775024, 0.0007840394973754883], "k_pid_att": [99.89547729492188, 0.00303490343503654, 0.6417576670646667], "k_pid_yaw": [0.5, 1e-06, 0.1], "k_pid_hsp": [9.999999046325684, 0.9999932050704956, 0.5377386212348938], "k_pid_vsp": [9.5367431640625e-05, 127.97232055664062, 393.3667907714844]}, "datetime": {"datetime": "2025-08-11 17:16:32", "elapsed": 3071.968470096588, "delta": 29.585102081298828}, "costs": {"total_cost": 3378.3741887727833, "time_cost": 150, "final_distance_cost": 765.730655605813, "oscillation_cost": 426.0621029528546, "completition_cost": 888.8888888888888, "overshoot_cost": 1080.8010648530765, "power_cost": 37.57403747558594, "noise_cost": 29.31743899656496, "n_waypoints_completed": 1, "tot_waypoints": 9}}
{"target": -3173.921409528555, "params": {"k_pid_pos": [0.7740141749382019, 0.5200662016868591, 0.8594827651977539], "k_pid_alt": [1.9024276733398438, 0.9793795347213745, 0.07894521951675415], "k_pid_att": [0.042122602462768555, 0.12709477543830872, 0.7754683494567871], "k_pid_yaw": [0.5, 1e-06, 0.1], "k_pid_hsp": [7.056661128997803, 0.9997916221618652, 0.774834394454956], "k_pid_vsp": [0.0, 232.87396240234375, 399.99945068359375]}, "datetime": {"datetime": "2025-08-11 17:17:02", "elapsed": 3101.69482755661, "delta": 29.726357460021973}, "costs": {"total_cost": 3173.921409528555, "time_cost": 150, "final_distance_cost": 370.1609783340004, "oscillation_cost": 221.79816745256096, "completition_cost": 1000.0, "overshoot_cost": 1219.357704001066, "power_cost": 51.22379420166016, "noise_cost": 161.38076553926803, "n_waypoints_completed": 0, "tot_waypoints": 9}}
{"target": -512.5515890929918, "params": {"k_pid_pos": [1.8020511865615845, 0.6668257713317871, 0.5994225144386292], "k_pid_alt": [1.9159092903137207, 0.9937225580215454, 0.869774580001831], "k_pid_att": [99.97611999511719, 3.9756956100463867, 0.7308026552200317], "k_pid_yaw": [0.5, 1e-06, 0.1], "k_pid_hsp": [10.0, 0.9909971952438354, 0.04531541466712952], "k_pid_vsp": [400.0, 220.42462158203125, 0.03162722289562225]}, "datetime": {"datetime": "2025-08-11 17:17:25", "elapsed": 3124.511926174164, "delta": 22.81709861755371}, "costs": {"total_cost": 512.5515890929918, "time_cost": 92.12, "final_distance_cost": 1.790717950832406, "oscillation_cost": 311.3205962451397, "completition_cost": 0.0, "overshoot_cost": 56.247938703950524, "power_cost": 25.61911734619141, "noise_cost": 25.45321884687774, "n_waypoints_completed": 9, "tot_waypoints": 9}}
{"target": -1907.0222405238105, "params": {"k_pid_pos": [1.9381742477416992, 0.529582142829895, 0.2609487771987915], "k_pid_alt": [1.9442932605743408, 0.9910353422164917, 0.9802523851394653], "k_pid_att": [13.379925727844238, 9.069135665893555, 0.6527138352394104], "k_pid_yaw": [0.5, 1e-06, 0.1], "k_pid_hsp": [0.005384792573750019, 1.0, 0.9962908029556274], "k_pid_vsp": [0.0, 7.169235706329346, 0.216067835688591]}, "datetime": {"datetime": "2025-08-11 17:17:55", "elapsed": 3155.0931215286255, "delta": 30.58119535446167}, "costs": {"total_cost": 1907.0222405238105, "time_cost": 150, "final_distance_cost": 6.706929399847205, "oscillation_cost": 417.3267202767955, "completition_cost": 1000.0, "overshoot_cost": 174.4734259463665, "power_cost": 18.610874853515625, "noise_cost": 139.90429004728563, "n_waypoints_completed": 0, "tot_waypoints": 9}}
{"target": -19758.15798682747, "params": {"k_pid_pos": [1.9448004961013794, 0.5979475378990173, 0.9482326507568359], "k_pid_alt": [0.007191777229309082, 0.9743096828460693, 0.9900989532470703], "k_pid_att": [0.0, 9.543924331665039, 0.6106295585632324], "k_pid_yaw": [0.5, 1e-06, 0.1], "k_pid_hsp": [0.0003655360487755388, 0.1972026228904724, 0.8820899724960327], "k_pid_vsp": [31.468486785888672, 5.351603984832764, 68.55506896972656]}, "datetime": {"datetime": "2025-08-11 17:18:25", "elapsed": 3184.9774572849274, "delta": 29.88433575630188}, "costs": {"total_cost": 19758.15798682747, "time_cost": 150, "final_distance_cost": 5617.520633614092, "oscillation_cost": 1777.1310214719913, "completition_cost": 1000.0, "overshoot_cost": 11014.073755098805, "power_cost": 55.46172696533203, "noise_cost": 143.97084967725277, "n_waypoints_completed": 0, "tot_waypoints": 9}}
{"target": -2189.506154355095, "params": {"k_pid_pos": [1.9101568460464478, 0.5491085648536682, 0.0016950666904449463], "k_pid_alt": [0.12614035606384277, 0.91461580991745, 0.9842803478240967], "k_pid_att": [100.0, 8.225971221923828, 0.5731158256530762], "k_pid_yaw": [0.5, 1e-06, 0.1], "k_pid_hsp": [0.0001023841614369303, 0.9899139404296875, 0.5170678496360779], "k_pid_vsp": [399.99993896484375, 334.0370788574219, 0.002552078804001212]}, "datetime": {"datetime": "2025-08-11 17:18:55", "elapsed": 3215.15486907959, "delta": 30.177411794662476}, "costs": {"total_cost": 2189.506154355095, "time_cost": 150, "final_distance_cost": 40.755652371450005, "oscillation_cost": 769.0264445921184, "completition_cost": 1000.0, "overshoot_cost": 166.53305184574535, "power_cost": 34.5967552734375, "noise_cost": 28.59425027234434, "n_waypoints_completed": 0, "tot_waypoints": 9}}
{"target": -2192.019576405289, "params": {"k_pid_pos": [1.792914867401123, 0.7956315279006958, 0.9180734753608704], "k_pid_alt": [0.0595545768737793, 0.5844681859016418, 0.9852535128593445], "k_pid_att": [1.251077651977539, 7.8172688484191895, 0.5708179473876953], "k_pid_yaw": [0.5, 1e-06, 0.1], "k_pid_hsp": [9.999999747378752e-05, 0.9999508857727051, 0.9982643127441406], "k_pid_vsp": [397.6034240722656, 331.7428283691406, 400.0]}, "datetime": {"datetime": "2025-08-11 17:19:25", "elapsed": 3245.0690009593964, "delta": 29.91413187980652}, "costs": {"total_cost": 2192.019576405289, "time_cost": 150, "final_distance_cost": 5.852427389985923, "oscillation_cost": 675.8779996367751, "completition_cost": 1000.0, "overshoot_cost": 156.3528638972084, "power_cost": 53.46932900390625, "noise_cost": 150.46695647741365, "n_waypoints_completed": 0, "tot_waypoints": 9}}
{"target": -837.2321053325481, "params": {"k_pid_pos": [1.577426552772522, 0.1882559359073639, 0.012553215026855469], "k_pid_alt": [0.486616849899292, 0.07756438851356506, 0.969109058380127], "k_pid_att": [2.239227294921875, 9.920371055603027, 0.2079525887966156], "k_pid_yaw": [0.5, 1e-06, 0.1], "k_pid_hsp": [9.999999747378752e-05, 0.9987297654151917, 0.04606020450592041], "k_pid_vsp": [0.0, 25.459636688232422, 9.999999974752427e-07]}, "datetime": {"datetime": "2025-08-11 17:19:55", "elapsed": 3274.83896279335, "delta": 29.769961833953857}, "costs": {"total_cost": 837.2321053325481, "time_cost": 150, "final_distance_cost": 55.784496949675855, "oscillation_cost": 152.91690548272237, "completition_cost": 333.33333333333337, "overshoot_cost": 74.91598743454583, "power_cost": 33.159674145507815, "noise_cost": 37.121707986762836, "n_waypoints_completed": 6, "tot_waypoints": 9}}
{"target": -2024.7898454379538, "params": {"k_pid_pos": [1.424385905265808, 0.18869823217391968, 0.00553518533706665], "k_pid_alt": [0.6460149884223938, 0.02525097131729126, 0.8834560513496399], "k_pid_att": [99.99979400634766, 7.072765827178955, 0.8605268597602844], "k_pid_yaw": [0.5, 1e-06, 0.1], "k_pid_hsp": [0.08528551459312439, 0.11559596657752991, 0.9797101020812988], "k_pid_vsp": [170.79920959472656, 378.378662109375, 399.9626770019531]}, "datetime": {"datetime": "2025-08-11 17:20:25", "elapsed": 3304.9450969696045, "delta": 30.106134176254272}, "costs": {"total_cost": 2024.7898454379538, "time_cost": 150, "final_distance_cost": 63.23350863062692, "oscillation_cost": 848.524738120351, "completition_cost": 777.7777777777778, "overshoot_cost": 119.74343892572871, "power_cost": 36.77367222900391, "noise_cost": 28.73670975446553, "n_waypoints_completed": 2, "tot_waypoints": 9}}
{"target": -2115.1020701911207, "params": {"k_pid_pos": [1.1403075456619263, 0.000870048999786377, 0.16363978385925293], "k_pid_alt": [0.213800847530365, 0.7158993482589722, 0.540255069732666], "k_pid_att": [100.0, 9.988411903381348, 0.999755859375], "k_pid_yaw": [0.5, 1e-06, 0.1], "k_pid_hsp": [9.999999747378752e-05, 0.0, 0.7646183967590332], "k_pid_vsp": [365.47552490234375, 150.2213897705078, 399.99993896484375]}, "datetime": {"datetime": "2025-08-11 17:20:55", "elapsed": 3335.0766003131866, "delta": 30.131503343582153}, "costs": {"total_cost": 2115.1020701911207, "time_cost": 150, "final_distance_cost": 67.69598871945043, "oscillation_cost": 737.5251874585674, "completition_cost": 1000.0, "overshoot_cost": 96.45274568600905, "power_cost": 35.888937841796874, "noise_cost": 27.539210485296636, "n_waypoints_completed": 0, "tot_waypoints": 9}}
{"target": -29192.643909548322, "params": {"k_pid_pos": [0.00017760136688593775, 0.21550965309143066, 0.5390667915344238], "k_pid_alt": [0.5749220848083496, 0.000933229923248291, 0.2828213572502136], "k_pid_att": [0.0005066394805908203, 3.222346782684326, 0.23237577080726624], "k_pid_yaw": [0.5, 1e-06, 0.1], "k_pid_hsp": [0.2541249990463257, 9.059906005859375e-06, 0.08340191841125488], "k_pid_vsp": [178.65029907226562, 233.79812622070312, 0.11980633437633514]}, "datetime": {"datetime": "2025-08-11 17:21:26", "elapsed": 3365.5843935012817, "delta": 30.507793188095093}, "costs": {"total_cost": 29192.643909548322, "time_cost": 150, "final_distance_cost": 7966.254220935961, "oscillation_cost": 1719.414389905663, "completition_cost": 1000.0, "overshoot_cost": 18159.01410652037, "power_cost": 57.401332836914065, "noise_cost": 140.55985934941114, "n_waypoints_completed": 0, "tot_waypoints": 9}}
{"target": -675.9565820704356, "params": {"k_pid_pos": [0.5255677103996277, 0.11476197838783264, 0.6265032291412354], "k_pid_alt": [1.3715400695800781, 0.0012382566928863525, 0.170793354511261], "k_pid_att": [52.153236389160156, 4.99002742767334, 0.3323470950126648], "k_pid_yaw": [0.5, 1e-06, 0.1], "k_pid_hsp": [0.9913457036018372, 0.2730053663253784, 0.27180206775665283], "k_pid_vsp": [399.9999694824219, 293.3672790527344, 399.7853088378906]}, "datetime": {"datetime": "2025-08-11 17:21:52", "elapsed": 3391.4986565113068, "delta": 25.914263010025024}, "costs": {"total_cost": 675.9565820704356, "time_cost": 102.571, "final_distance_cost": 1.8446569662887973, "oscillation_cost": 452.2476759625685, "completition_cost": 0.0, "overshoot_cost": 60.68937010246282, "power_cost": 30.481375891113284, "noise_cost": 28.122503148002274, "n_waypoints_completed": 9, "tot_waypoints": 9}}
{"target": -515.9213895574443, "params": {"k_pid_pos": [1.6608694791793823, 0.7715020179748535, 0.9706377387046814], "k_pid_alt": [1.3896132707595825, 0.004123061895370483, 0.0089874267578125], "k_pid_att": [51.749725341796875, 2.9592089653015137, 0.05219551920890808], "k_pid_yaw": [0.5, 1e-06, 0.1], "k_pid_hsp": [9.9989013671875, 0.016323357820510864, 0.3133302330970764], "k_pid_vsp": [400.0, 336.7730712890625, 399.99993896484375]}, "datetime": {"datetime": "2025-08-11 17:22:13", "elapsed": 3412.9161643981934, "delta": 21.417507886886597}, "costs": {"total_cost": 515.9213895574443, "time_cost": 86.45700000000001, "final_distance_cost": 1.7942166230497478, "oscillation_cost": 322.0240077737558, "completition_cost": 0.0, "overshoot_cost": 57.95696766192502, "power_cost": 25.81336512451172, "noise_cost": 21.87583237420199, "n_waypoints_completed": 9, "tot_waypoints": 9}}
{"target": -1584.213198763097, "params": {"k_pid_pos": [0.049993328750133514, 0.047412872314453125, 0.5020623207092285], "k_pid_alt": [1.1060049533843994, 0.7325519323348999, 0.0071156322956085205], "k_pid_att": [8.051609992980957, 2.080655574798584, 0.25977498292922974], "k_pid_yaw": [0.5, 1e-06, 0.1], "k_pid_hsp": [9.999999747378752e-05, 0.028715401887893677, 0.3093196153640747], "k_pid_vsp": [11.720455169677734, 266.0344543457031, 68.70072174072266]}, "datetime": {"datetime": "2025-08-11 17:22:43", "elapsed": 3442.9186210632324, "delta": 30.002456665039062}, "costs": {"total_cost": 1584.213198763097, "time_cost": 150, "final_distance_cost": 69.24683612429061, "oscillation_cost": 349.81198128070866, "completition_cost": 888.8888888888888, "overshoot_cost": 68.80637749432643, "power_cost": 29.76647755126953, "noise_cost": 27.69263742361282, "n_waypoints_completed": 1, "tot_waypoints": 9}}
{"target": -5981.003252709509, "params": {"k_pid_pos": [1.5312360525131226, 0.4299282431602478, 0.920846700668335], "k_pid_alt": [1.339198112487793, 4.8786401748657227e-05, 0.24214309453964233], "k_pid_att": [2.9802322387695312e-06, 1.624259114265442, 0.25148072838783264], "k_pid_yaw": [0.5, 1e-06, 0.1], "k_pid_hsp": [9.994512557983398, 0.04617968201637268, 0.5988366007804871], "k_pid_vsp": [399.9305725097656, 245.60452270507812, 399.9946594238281]}, "datetime": {"datetime": "2025-08-11 17:23:13", "elapsed": 3473.332620859146, "delta": 30.413999795913696}, "costs": {"total_cost": 5981.003252709509, "time_cost": 150, "final_distance_cost": 823.5599149514243, "oscillation_cost": 2221.4898416445, "completition_cost": 1000.0, "overshoot_cost": 1557.8745547837575, "power_cost": 57.123841613769535, "noise_cost": 170.95509971605776, "n_waypoints_completed": 0, "tot_waypoints": 9}}
{"target": -19220.913787155554, "params": {"k_pid_pos": [0.023906990885734558, 0.5178771615028381, 0.7391359210014343], "k_pid_alt": [0.5412719249725342, 0.17076760530471802, 0.000153273344039917], "k_pid_att": [0.06003975868225098, 6.899899959564209, 0.32221877574920654], "k_pid_yaw": [0.5, 1e-06, 0.1], "k_pid_hsp": [8.226395606994629, 0.11379498243331909, 0.9015511274337769], "k_pid_vsp": [400.0, 300.04180908203125, 9.999999974752427e-07]}, "datetime": {"datetime": "2025-08-11 17:23:43", "elapsed": 3503.279789209366, "delta": 29.947168350219727}, "costs": {"total_cost": 19220.913787155554, "time_cost": 150, "final_distance_cost": 3481.7618890830536, "oscillation_cost": 1781.0623080141734, "completition_cost": 1000.0, "overshoot_cost": 12614.056946865026, "power_cost": 58.50855598144531, "noise_cost": 135.52408721185452, "n_waypoints_completed": 0, "tot_waypoints": 9}}
{"target": -5015.8541489746885, "params": {"k_pid_pos": [0.3588774502277374, 0.6007909774780273, 0.5152794122695923], "k_pid_alt": [0.6781232357025146, 0.7462022304534912, 0.00017625093460083008], "k_pid_att": [0.4356205463409424, 8.659460067749023, 0.453925222158432], "k_pid_yaw": [0.5, 1e-06, 0.1], "k_pid_hsp": [9.99998664855957, 0.40763136744499207, 0.8805215358734131], "k_pid_vsp": [399.9999694824219, 245.15765380859375, 0.023652123287320137]}, "datetime": {"datetime": "2025-08-11 17:24:14", "elapsed": 3533.9277901649475, "delta": 30.648000955581665}, "costs": {"total_cost": 5015.8541489746885, "time_cost": 150, "final_distance_cost": 342.93412488489264, "oscillation_cost": 1759.2271717338824, "completition_cost": 1000.0, "overshoot_cost": 1560.8412025881787, "power_cost": 57.75048082275391, "noise_cost": 145.1011689449805, "n_waypoints_completed": 0, "tot_waypoints": 9}}
{"target": -1095.545306608989, "params": {"k_pid_pos": [0.46171778440475464, 0.6549725532531738, 0.7576776146888733], "k_pid_alt": [0.9544367790222168, 0.3695735037326813, 0.4553249478340149], "k_pid_att": [66.86882019042969, 9.031317710876465, 0.8376631736755371], "k_pid_yaw": [0.5, 1e-06, 0.1], "k_pid_hsp": [10.0, 0.5932193994522095, 0.8579300045967102], "k_pid_vsp": [3.5762786865234375e-05, 346.46392822265625, 56.505035400390625]}, "datetime": {"datetime": "2025-08-11 17:24:44", "elapsed": 3564.145283937454, "delta": 30.217493772506714}, "costs": {"total_cost": 1095.545306608989, "time_cost": 150, "final_distance_cost": 69.5629078548502, "oscillation_cost": 430.8098920373361, "completition_cost": 333.33333333333337, "overshoot_cost": 47.215845136986275, "power_cost": 36.362539184570316, "noise_cost": 28.26078906191265, "n_waypoints_completed": 6, "tot_waypoints": 9}}
