{"target": -1263.6608722424135, "params": {"k_pid_pos": [1.679137110710144, 0.9691768288612366, 0.017996490001678467], "k_pid_alt": [1.9694819450378418, 0.9810370802879333, 0.005838215351104736], "k_pid_att": [100.0, 1.135678768157959, 0.987240731716156], "k_pid_yaw": [0.5, 1e-06, 0.1], "k_pid_hsp": [8.260734558105469, 0.9815110564231873, 0.1333678960800171], "k_pid_vsp": [399.15625, 7.83819055557251, 399.99798583984375]}, "datetime": {"datetime": "2025-08-12 04:54:51", "elapsed": 44970.888289928436, "delta": 31.51728892326355}, "costs": {"total_cost": 1263.6608722424135, "time_cost": 150, "final_distance_cost": 72.16311150896941, "oscillation_cost": 115.31033332156176, "completition_cost": 777.7777777777778, "overshoot_cost": 78.9587285142619, "power_cost": 36.843017578125, "noise_cost": 32.60790354171747, "n_waypoints_completed": 2, "tot_waypoints": 9}}
{"target": -1579.0416118183525, "params": {"k_pid_pos": [1.8953537940979004, 0.9706382751464844, 0.13147488236427307], "k_pid_alt": [1.995659351348877, 0.9921364784240723, 0.13699445128440857], "k_pid_att": [99.9742660522461, 0.1457699090242386, 0.9140973091125488], "k_pid_yaw": [0.5, 1e-06, 0.1], "k_pid_hsp": [1.4577915668487549, 0.9525449275970459, 0.015369504690170288], "k_pid_vsp": [0.0, 1.6285786628723145, 399.99993896484375]}, "datetime": {"datetime": "2025-08-12 04:55:23", "elapsed": 45002.96450448036, "delta": 32.07621455192566}, "costs": {"total_cost": 1579.0416118183525, "time_cost": 150, "final_distance_cost": 13.288717147912264, "oscillation_cost": 91.98459613443465, "completition_cost": 1000.0, "overshoot_cost": 166.99608489992212, "power_cost": 17.204334680175783, "noise_cost": 139.56787895590776, "n_waypoints_completed": 0, "tot_waypoints": 9}}
{"target": -1539.258631189015, "params": {"k_pid_pos": [1.647120714187622, 0.9947730302810669, 0.008694469928741455], "k_pid_alt": [1.9585421085357666, 0.9258966445922852, 0.0023998916149139404], "k_pid_att": [99.99998474121094, 0.055134207010269165, 0.8393521308898926], "k_pid_yaw": [0.5, 1e-06, 0.1], "k_pid_hsp": [10.0, 0.9199118614196777, 0.008737385272979736], "k_pid_vsp": [7.152557373046875e-05, 27.91349983215332, 400.0]}, "datetime": {"datetime": "2025-08-12 04:55:53", "elapsed": 45033.025981903076, "delta": 30.061477422714233}, "costs": {"total_cost": 1539.258631189015, "time_cost": 150, "final_distance_cost": 11.936787259819395, "oscillation_cost": 57.25726965761937, "completition_cost": 1000.0, "overshoot_cost": 165.9979404728044, "power_cost": 30.326838317871097, "noise_cost": 123.73979548090082, "n_waypoints_completed": 0, "tot_waypoints": 9}}
{"target": -1548.4223642391378, "params": {"k_pid_pos": [1.8690448999404907, 0.9902806878089905, 0.023054569959640503], "k_pid_alt": [1.9832955598831177, 0.963767945766449, 0.07460549473762512], "k_pid_att": [100.0, 2.3329997062683105, 0.9759767055511475], "k_pid_yaw": [0.5, 1e-06, 0.1], "k_pid_hsp": [9.999999046325684, 0.9726395606994629, 0.02342584729194641], "k_pid_vsp": [0.000476837158203125, 41.47563171386719, 399.99993896484375]}, "datetime": {"datetime": "2025-08-12 04:56:25", "elapsed": 45065.31019759178, "delta": 32.284215688705444}, "costs": {"total_cost": 1548.4223642391378, "time_cost": 150, "final_distance_cost": 10.08295501339587, "oscillation_cost": 67.37007870497159, "completition_cost": 1000.0, "overshoot_cost": 165.25122790836627, "power_cost": 34.22294989013672, "noise_cost": 121.49515272226743, "n_waypoints_completed": 0, "tot_waypoints": 9}}
{"target": -1415.5492344753663, "params": {"k_pid_pos": [1.9849331378936768, 0.9747227430343628, 0.06011253595352173], "k_pid_alt": [1.9869368076324463, 0.832159698009491, 0.07287758588790894], "k_pid_att": [89.81169891357422, 0.41975122690200806, 0.9754793643951416], "k_pid_yaw": [0.5, 1e-06, 0.1], "k_pid_hsp": [0.011501061730086803, 0.9674883484840393, 0.012247323989868164], "k_pid_vsp": [365.6946105957031, 1.7526874542236328, 9.999999974752427e-07]}, "datetime": {"datetime": "2025-08-12 04:56:57", "elapsed": 45096.67289972305, "delta": 31.362702131271362}, "costs": {"total_cost": 1415.5492344753663, "time_cost": 150, "final_distance_cost": 46.62798908320961, "oscillation_cost": 102.05339028376139, "completition_cost": 1000.0, "overshoot_cost": 51.19949169009913, "power_cost": 30.850697949218752, "noise_cost": 34.81766546907738, "n_waypoints_completed": 0, "tot_waypoints": 9}}
{"target": -1559.3962949870534, "params": {"k_pid_pos": [1.903132438659668, 0.9699511528015137, 0.04738691449165344], "k_pid_alt": [1.914752721786499, 0.9895055890083313, 0.0364517867565155], "k_pid_att": [100.0, 1.691953182220459, 0.982376217842102], "k_pid_yaw": [0.5, 1e-06, 0.1], "k_pid_hsp": [10.0, 0.9876517057418823, 0.030954092741012573], "k_pid_vsp": [0.0, 9.687210083007812, 400.0]}, "datetime": {"datetime": "2025-08-12 04:57:28", "elapsed": 45128.177513599396, "delta": 31.504613876342773}, "costs": {"total_cost": 1559.3962949870534, "time_cost": 150, "final_distance_cost": 11.045858581087645, "oscillation_cost": 69.2845568471928, "completition_cost": 1000.0, "overshoot_cost": 164.72660221602794, "power_cost": 29.28220545654297, "noise_cost": 135.0570718862021, "n_waypoints_completed": 0, "tot_waypoints": 9}}
{"target": -830.6654765448461, "params": {"k_pid_pos": [1.9871667623519897, 0.9542168378829956, 0.005758941173553467], "k_pid_alt": [1.960202693939209, 0.9641374349594116, 0.003448575735092163], "k_pid_att": [100.0, 2.573153018951416, 0.9270634055137634], "k_pid_yaw": [0.5, 1e-06, 0.1], "k_pid_hsp": [9.999345779418945, 0.9505842924118042, 0.06922465562820435], "k_pid_vsp": [397.65106201171875, 24.187196731567383, 9.999999974752427e-07]}, "datetime": {"datetime": "2025-08-12 04:58:00", "elapsed": 45159.98013281822, "delta": 31.802619218826294}, "costs": {"total_cost": 830.6654765448461, "time_cost": 150, "final_distance_cost": 74.79025900432349, "oscillation_cost": 141.1543718913909, "completition_cost": 333.33333333333337, "overshoot_cost": 64.71242442825955, "power_cost": 32.367474609375, "noise_cost": 34.30761327816395, "n_waypoints_completed": 6, "tot_waypoints": 9}}
{"target": -1028.400821378228, "params": {"k_pid_pos": [1.9862215518951416, 0.9919154644012451, 0.02068161964416504], "k_pid_alt": [1.9318749904632568, 0.9855849742889404, 0.006797671318054199], "k_pid_att": [100.0, 0.5738411545753479, 0.9669920206069946], "k_pid_yaw": [0.5, 1e-06, 0.1], "k_pid_hsp": [9.999999046325684, 0.9934660792350769, 0.022990286350250244], "k_pid_vsp": [354.62506103515625, 49.378944396972656, 0.40383440256118774]}, "datetime": {"datetime": "2025-08-12 04:58:32", "elapsed": 45191.59551143646, "delta": 31.615378618240356}, "costs": {"total_cost": 1028.400821378228, "time_cost": 150, "final_distance_cost": 52.00650975143385, "oscillation_cost": 143.8139173887925, "completition_cost": 555.5555555555555, "overshoot_cost": 61.777497011706664, "power_cost": 30.7221513671875, "noise_cost": 34.52519030355199, "n_waypoints_completed": 4, "tot_waypoints": 9}}
{"target": -1533.7977453816864, "params": {"k_pid_pos": [1.7653669118881226, 0.9951228499412537, 0.015970557928085327], "k_pid_alt": [1.9513790607452393, 0.9964524507522583, 0.0019449293613433838], "k_pid_att": [99.99994659423828, 0.0841318741440773, 0.9769405126571655], "k_pid_yaw": [0.5, 1e-06, 0.1], "k_pid_hsp": [9.999738693237305, 0.8533765077590942, 0.01457628607749939], "k_pid_vsp": [324.4481506347656, 2.9538283348083496, 399.99993896484375]}, "datetime": {"datetime": "2025-08-12 04:59:04", "elapsed": 45223.78167152405, "delta": 32.18616008758545}, "costs": {"total_cost": 1533.7977453816864, "time_cost": 150, "final_distance_cost": 12.078332857846815, "oscillation_cost": 57.23000432323978, "completition_cost": 1000.0, "overshoot_cost": 164.9966193163929, "power_cost": 32.76177561035156, "noise_cost": 116.7310132738551, "n_waypoints_completed": 0, "tot_waypoints": 9}}
{"target": -1593.2982408005157, "params": {"k_pid_pos": [1.992999792098999, 0.9881906509399414, 0.06848147511482239], "k_pid_alt": [1.8013098239898682, 0.991203784942627, 0.0053830742835998535], "k_pid_att": [100.0, 1.2980735301971436, 0.9895741939544678], "k_pid_yaw": [0.5, 1e-06, 0.1], "k_pid_hsp": [10.0, 0.9805959463119507, 0.09301263093948364], "k_pid_vsp": [9.5367431640625e-05, 17.918325424194336, 145.01486206054688]}, "datetime": {"datetime": "2025-08-12 04:59:34", "elapsed": 45254.12449455261, "delta": 30.342823028564453}, "costs": {"total_cost": 1593.2982408005157, "time_cost": 150, "final_distance_cost": 13.127545287887918, "oscillation_cost": 96.14716102957605, "completition_cost": 1000.0, "overshoot_cost": 165.76969826356137, "power_cost": 33.81938642578125, "noise_cost": 134.43444979370904, "n_waypoints_completed": 0, "tot_waypoints": 9}}
{"target": -1594.4093425463457, "params": {"k_pid_pos": [1.7024394273757935, 0.990080714225769, 0.04975235462188721], "k_pid_alt": [1.9575371742248535, 0.7603574991226196, 0.08750700950622559], "k_pid_att": [100.0, 0.5007403492927551, 0.9540402889251709], "k_pid_yaw": [0.5, 1e-06, 0.1], "k_pid_hsp": [9.999999046325684, 0.9946397542953491, 0.15942245721817017], "k_pid_vsp": [5.9604644775390625e-05, 14.721942901611328, 0.628329336643219]}, "datetime": {"datetime": "2025-08-12 05:00:05", "elapsed": 45284.79330897331, "delta": 30.668814420700073}, "costs": {"total_cost": 1594.4093425463457, "time_cost": 150, "final_distance_cost": 12.373648851725703, "oscillation_cost": 94.1230624873827, "completition_cost": 1000.0, "overshoot_cost": 164.91356992962324, "power_cost": 31.301742468261722, "noise_cost": 141.69731880935225, "n_waypoints_completed": 0, "tot_waypoints": 9}}
{"target": -1423.6119413558984, "params": {"k_pid_pos": [1.72801673412323, 0.9757471084594727, 0.004319608211517334], "k_pid_alt": [1.718994379043579, 0.9717088937759399, 0.008345574140548706], "k_pid_att": [100.0, 0.4701378047466278, 0.9876850247383118], "k_pid_yaw": [0.5, 1e-06, 0.1], "k_pid_hsp": [10.0, 0.9675725698471069, 0.030997782945632935], "k_pid_vsp": [399.99957275390625, 7.745815277099609, 400.0]}, "datetime": {"datetime": "2025-08-12 05:00:36", "elapsed": 45315.55474233627, "delta": 30.761433362960815}, "costs": {"total_cost": 1423.6119413558984, "time_cost": 150, "final_distance_cost": 44.33024742920109, "oscillation_cost": 76.2080176696964, "completition_cost": 1000.0, "overshoot_cost": 86.10622219580013, "power_cost": 35.39528322753907, "noise_cost": 31.572170833661527, "n_waypoints_completed": 0, "tot_waypoints": 9}}
{"target": -715.6710521098139, "params": {"k_pid_pos": [1.927199125289917, 0.9939837455749512, 0.010148167610168457], "k_pid_alt": [1.8987653255462646, 0.9913480281829834, 0.021398842334747314], "k_pid_att": [99.95282745361328, 0.7914811372756958, 0.9817632436752319], "k_pid_yaw": [0.5, 1e-06, 0.1], "k_pid_hsp": [10.0, 0.9688202738761902, 0.005219489336013794], "k_pid_vsp": [391.9280700683594, 10.244359016418457, 9.999999974752427e-07]}, "datetime": {"datetime": "2025-08-12 05:01:08", "elapsed": 45347.73988819122, "delta": 32.18514585494995}, "costs": {"total_cost": 715.6710521098139, "time_cost": 150, "final_distance_cost": 72.12495404359895, "oscillation_cost": 140.85483362204735, "completition_cost": 222.2222222222222, "overshoot_cost": 65.92888410627629, "power_cost": 30.22822390136719, "noise_cost": 34.31193421430187, "n_waypoints_completed": 7, "tot_waypoints": 9}}
{"target": -1565.9803111876122, "params": {"k_pid_pos": [1.8681467771530151, 0.9990279674530029, 0.12257587909698486], "k_pid_alt": [1.9306881427764893, 0.9753439426422119, 0.018270015716552734], "k_pid_att": [100.0, 0.3235204815864563, 0.8327828049659729], "k_pid_yaw": [0.5, 1e-06, 0.1], "k_pid_hsp": [9.999995231628418, 0.9856725931167603, 0.050096750259399414], "k_pid_vsp": [2.08437442779541, 3.422618865966797, 6.581152439117432]}, "datetime": {"datetime": "2025-08-12 05:01:40", "elapsed": 45379.79836702347, "delta": 32.05847883224487}, "costs": {"total_cost": 1565.9803111876122, "time_cost": 150, "final_distance_cost": 4.65777287465552, "oscillation_cost": 76.26058719559042, "completition_cost": 1000.0, "overshoot_cost": 165.57428037818423, "power_cost": 22.29028192138672, "noise_cost": 147.19738881779531, "n_waypoints_completed": 0, "tot_waypoints": 9}}
{"target": -1528.6733188068984, "params": {"k_pid_pos": [1.7785848379135132, 0.789217472076416, 0.02305227518081665], "k_pid_alt": [1.996880054473877, 0.9757718443870544, 0.045449674129486084], "k_pid_att": [99.99999237060547, 1.6266813278198242, 0.967784583568573], "k_pid_yaw": [0.5, 1e-06, 0.1], "k_pid_hsp": [9.817804336547852, 0.9686956405639648, 0.010809540748596191], "k_pid_vsp": [399.9948425292969, 5.495739936828613, 399.9994201660156]}, "datetime": {"datetime": "2025-08-12 05:02:12", "elapsed": 45411.62947654724, "delta": 31.831109523773193}, "costs": {"total_cost": 1528.6733188068984, "time_cost": 150, "final_distance_cost": 9.048323143592125, "oscillation_cost": 58.77456671461369, "completition_cost": 1000.0, "overshoot_cost": 162.71102079076954, "power_cost": 31.812059606933595, "noise_cost": 116.32734855098953, "n_waypoints_completed": 0, "tot_waypoints": 9}}
{"target": -1541.8250729266147, "params": {"k_pid_pos": [1.8290379047393799, 0.9196643829345703, 0.005107969045639038], "k_pid_alt": [1.9902150630950928, 0.9735296368598938, 0.06011533737182617], "k_pid_att": [100.0, 0.18625804781913757, 0.9743775129318237], "k_pid_yaw": [0.5, 1e-06, 0.1], "k_pid_hsp": [9.999994277954102, 0.9930076599121094, 0.005559742450714111], "k_pid_vsp": [0.0, 10.73871898651123, 9.999999974752427e-07]}, "datetime": {"datetime": "2025-08-12 05:02:43", "elapsed": 45442.51773762703, "delta": 30.888261079788208}, "costs": {"total_cost": 1541.8250729266147, "time_cost": 150, "final_distance_cost": 11.6113463612862, "oscillation_cost": 44.06153735551374, "completition_cost": 1000.0, "overshoot_cost": 165.72996325921176, "power_cost": 20.670463928222656, "noise_cost": 149.75176202238023, "n_waypoints_completed": 0, "tot_waypoints": 9}}
{"target": -1579.7968265994882, "params": {"k_pid_pos": [1.9815690517425537, 0.9929429888725281, 0.0035377442836761475], "k_pid_alt": [1.9605331420898438, 0.9832497835159302, 0.02128884196281433], "k_pid_att": [99.98340606689453, 0.12991046905517578, 0.9955661296844482], "k_pid_yaw": [0.5, 1e-06, 0.1], "k_pid_hsp": [9.999931335449219, 0.9968303442001343, 0.06172695755958557], "k_pid_vsp": [0.025165081024169922, 3.4047136306762695, 393.6021423339844]}, "datetime": {"datetime": "2025-08-12 05:03:14", "elapsed": 45473.77908563614, "delta": 31.261348009109497}, "costs": {"total_cost": 1579.7968265994882, "time_cost": 150, "final_distance_cost": 13.327529481114837, "oscillation_cost": 87.23850456165584, "completition_cost": 1000.0, "overshoot_cost": 165.81031857145803, "power_cost": 31.364456030273438, "noise_cost": 132.05601795498603, "n_waypoints_completed": 0, "tot_waypoints": 9}}
{"target": -1527.151105260839, "params": {"k_pid_pos": [1.990271806716919, 0.9647586345672607, 0.0014921128749847412], "k_pid_alt": [1.902799367904663, 0.9559356570243835, 0.08772173523902893], "k_pid_att": [100.0, 0.19752320647239685, 0.8996787071228027], "k_pid_yaw": [0.5, 1e-06, 0.1], "k_pid_hsp": [10.0, 0.9879509806632996, 0.022766470909118652], "k_pid_vsp": [399.3202209472656, 11.598564147949219, 400.0]}, "datetime": {"datetime": "2025-08-12 05:03:47", "elapsed": 45506.84417510033, "delta": 33.06508946418762}, "costs": {"total_cost": 1527.151105260839, "time_cost": 150, "final_distance_cost": 13.080003493888873, "oscillation_cost": 67.39336695524898, "completition_cost": 1000.0, "overshoot_cost": 161.90923332125337, "power_cost": 34.0235502319336, "noise_cost": 100.74495125851418, "n_waypoints_completed": 0, "tot_waypoints": 9}}
{"target": -684.9087891989756, "params": {"k_pid_pos": [1.8972283601760864, 0.9742463827133179, 0.07612979412078857], "k_pid_alt": [1.9663820266723633, 0.9848172664642334, 0.0009313225746154785], "k_pid_att": [100.0, 2.854870080947876, 0.9755403995513916], "k_pid_yaw": [0.5, 1e-06, 0.1], "k_pid_hsp": [9.999996185302734, 0.9584366679191589, 0.020109891891479492], "k_pid_vsp": [393.5996398925781, 4.985393047332764, 9.999999974752427e-07]}, "datetime": {"datetime": "2025-08-12 05:04:18", "elapsed": 45537.66973900795, "delta": 30.82556390762329}, "costs": {"total_cost": 684.9087891989756, "time_cost": 150, "final_distance_cost": 63.478801145449225, "oscillation_cost": 129.43704359980256, "completition_cost": 222.2222222222222, "overshoot_cost": 56.0671784580951, "power_cost": 30.949828417968753, "noise_cost": 32.75371535543775, "n_waypoints_completed": 7, "tot_waypoints": 9}}
{"target": -1557.742527748164, "params": {"k_pid_pos": [1.9531443119049072, 0.9595218896865845, 0.028426676988601685], "k_pid_alt": [1.9589505195617676, 0.946325957775116, 0.0070091187953948975], "k_pid_att": [100.0, 0.6624500155448914, 0.9662725329399109], "k_pid_yaw": [0.5, 1e-06, 0.1], "k_pid_hsp": [10.0, 0.9784666299819946, 0.09873628616333008], "k_pid_vsp": [0.0, 2.7766833305358887, 9.999999974752427e-07]}, "datetime": {"datetime": "2025-08-12 05:04:48", "elapsed": 45568.07641553879, "delta": 30.406676530838013}, "costs": {"total_cost": 1557.742527748164, "time_cost": 150, "final_distance_cost": 15.43053443188881, "oscillation_cost": 66.9946029660866, "completition_cost": 1000.0, "overshoot_cost": 167.0323816244941, "power_cost": 18.746287634277344, "noise_cost": 139.53872109141707, "n_waypoints_completed": 0, "tot_waypoints": 9}}
{"target": -1540.6516547833412, "params": {"k_pid_pos": [1.9905931949615479, 0.8559452295303345, 0.12019342184066772], "k_pid_alt": [1.969348669052124, 0.9926050901412964, 0.032285094261169434], "k_pid_att": [100.0, 0.4858938455581665, 0.9976775646209717], "k_pid_yaw": [0.5, 1e-06, 0.1], "k_pid_hsp": [9.999970436096191, 0.9735408425331116, 0.023335546255111694], "k_pid_vsp": [0.0, 5.422497749328613, 400.0]}, "datetime": {"datetime": "2025-08-12 05:05:20", "elapsed": 45600.12086105347, "delta": 32.044445514678955}, "costs": {"total_cost": 1540.6516547833412, "time_cost": 150, "final_distance_cost": 5.020383630536554, "oscillation_cost": 62.281090929552846, "completition_cost": 1000.0, "overshoot_cost": 163.74367415761697, "power_cost": 24.468997082519532, "noise_cost": 135.13750898311525, "n_waypoints_completed": 0, "tot_waypoints": 9}}
{"target": -4985.136017733418, "params": {"k_pid_pos": [1.9632230997085571, 0.9349275827407837, 0.07732489705085754], "k_pid_alt": [1.9554861783981323, 0.8448469638824463, 0.016724586486816406], "k_pid_att": [0.0, 1.7608965635299683, 0.9975640177726746], "k_pid_yaw": [0.5, 1e-06, 0.1], "k_pid_hsp": [10.0, 0.9397985339164734, 0.012357532978057861], "k_pid_vsp": [4.945921897888184, 3.178037166595459, 399.68780517578125]}, "datetime": {"datetime": "2025-08-12 05:05:54", "elapsed": 45634.300468444824, "delta": 34.17960739135742}, "costs": {"total_cost": 4985.136017733418, "time_cost": 150, "final_distance_cost": 739.18342534703, "oscillation_cost": 1190.9071331553137, "completition_cost": 1000.0, "overshoot_cost": 1725.0380523563217, "power_cost": 28.370845532226564, "noise_cost": 151.63656134252622, "n_waypoints_completed": 0, "tot_waypoints": 9}}
{"target": -696.2426734033608, "params": {"k_pid_pos": [1.967794418334961, 0.9788036346435547, 0.05664205551147461], "k_pid_alt": [1.9630651473999023, 0.9523559808731079, 0.05781945586204529], "k_pid_att": [100.0, 1.0447556972503662, 0.9814639687538147], "k_pid_yaw": [0.5, 1e-06, 0.1], "k_pid_hsp": [3.1872053146362305, 0.9280385971069336, 0.13647836446762085], "k_pid_vsp": [191.58743286132812, 5.115903377532959, 0.001109646400436759]}, "datetime": {"datetime": "2025-08-12 05:06:26", "elapsed": 45665.717910051346, "delta": 31.417441606521606}, "costs": {"total_cost": 696.2426734033608, "time_cost": 150, "final_distance_cost": 65.82081444076147, "oscillation_cost": 114.62556820866887, "completition_cost": 222.2222222222222, "overshoot_cost": 75.65571485591302, "power_cost": 33.778945129394536, "noise_cost": 34.139408546400624, "n_waypoints_completed": 7, "tot_waypoints": 9}}
{"target": -1432.0711846404797, "params": {"k_pid_pos": [1.9459264278411865, 0.9722779989242554, 0.01761329174041748], "k_pid_alt": [1.9604930877685547, 0.9290376901626587, 0.01887449622154236], "k_pid_att": [100.0, 0.15144748985767365, 0.8895513415336609], "k_pid_yaw": [0.5, 1e-06, 0.1], "k_pid_hsp": [10.0, 0.9436801671981812, 0.027932405471801758], "k_pid_vsp": [0.0, 19.489015579223633, 9.999999974752427e-07]}, "datetime": {"datetime": "2025-08-12 05:06:57", "elapsed": 45696.82914233208, "delta": 31.1112322807312}, "costs": {"total_cost": 1432.0711846404797, "time_cost": 150, "final_distance_cost": 37.76309648490199, "oscillation_cost": 63.94199447742993, "completition_cost": 1000.0, "overshoot_cost": 100.88116376612886, "power_cost": 28.787032861328125, "noise_cost": 50.69789705069082, "n_waypoints_completed": 0, "tot_waypoints": 9}}
{"target": -1529.48510699574, "params": {"k_pid_pos": [1.988538146018982, 0.9616866111755371, 0.019305169582366943], "k_pid_alt": [1.9638142585754395, 0.996163010597229, 0.049917370080947876], "k_pid_att": [100.0, 0.15126539766788483, 0.9627337455749512], "k_pid_yaw": [0.5, 1e-06, 0.1], "k_pid_hsp": [10.0, 0.9943093061447144, 0.0022229254245758057], "k_pid_vsp": [1.1920928955078125e-05, 3.7059555053710938, 9.999999974752427e-07]}, "datetime": {"datetime": "2025-08-12 05:07:30", "elapsed": 45729.38798093796, "delta": 32.55883860588074}, "costs": {"total_cost": 1529.48510699574, "time_cost": 150, "final_distance_cost": 14.910154583244626, "oscillation_cost": 40.50773361819001, "completition_cost": 1000.0, "overshoot_cost": 166.52163484107726, "power_cost": 14.971111791992188, "noise_cost": 142.57447216123597, "n_waypoints_completed": 0, "tot_waypoints": 9}}
