{"target": -736.8536425187335, "params": {"k_pid_pos": [1.9163116216659546, 0.9773129224777222, 0.0016717314720153809], "k_pid_alt": [1.9283629655838013, 0.9652962684631348, 0.026062190532684326], "k_pid_att": [100.0, 2.1421549320220947, 0.995078980922699], "k_pid_yaw": [0.5, 1e-06, 0.1], "k_pid_hsp": [10.0, 0.9605847597122192, 0.014775902032852173], "k_pid_vsp": [400.0, 12.757826805114746, 0.000251339515671134]}, "datetime": {"datetime": "2025-08-12 04:02:25", "elapsed": 41824.94686293602, "delta": 31.11363959312439}, "costs": {"total_cost": 736.8536425187335, "time_cost": 150, "final_distance_cost": 68.12214305629519, "oscillation_cost": 163.75614696979545, "completition_cost": 222.2222222222222, "overshoot_cost": 67.97243709945721, "power_cost": 30.61244372558594, "noise_cost": 34.168249445377455, "n_waypoints_completed": 7, "tot_waypoints": 9}}
{"target": -4091.149324207538, "params": {"k_pid_pos": [1.9571068286895752, 0.9845753908157349, 0.008313655853271484], "k_pid_alt": [1.9686851501464844, 0.9858155250549316, 0.03502276539802551], "k_pid_att": [1.1920928955078125e-05, 0.8725405335426331, 0.9970762729644775], "k_pid_yaw": [0.5, 1e-06, 0.1], "k_pid_hsp": [4.493004322052002, 0.975756049156189, 0.011178016662597656], "k_pid_vsp": [0.0, 7.570649147033691, 0.0037322507705539465]}, "datetime": {"datetime": "2025-08-12 04:02:57", "elapsed": 41857.179159641266, "delta": 32.23229670524597}, "costs": {"total_cost": 4091.149324207538, "time_cost": 150, "final_distance_cost": 563.5468713410628, "oscillation_cost": 927.1618612959115, "completition_cost": 1000.0, "overshoot_cost": 1283.8539848341695, "power_cost": 18.450948974609375, "noise_cost": 148.1356577617855, "n_waypoints_completed": 0, "tot_waypoints": 9}}
{"target": -1555.8273540322327, "params": {"k_pid_pos": [1.8824816942214966, 0.9824270009994507, 0.02094978094100952], "k_pid_alt": [1.9853631258010864, 0.9383171796798706, 0.027087032794952393], "k_pid_att": [100.0, 0.2431820034980774, 0.8547119498252869], "k_pid_yaw": [0.5, 1e-06, 0.1], "k_pid_hsp": [10.0, 0.9505562782287598, 0.027499347925186157], "k_pid_vsp": [0.0, 5.684877395629883, 0.024546192958950996]}, "datetime": {"datetime": "2025-08-12 04:03:30", "elapsed": 41889.72765088081, "delta": 32.54849123954773}, "costs": {"total_cost": 1555.8273540322327, "time_cost": 150, "final_distance_cost": 3.445557149633031, "oscillation_cost": 72.95678540883343, "completition_cost": 1000.0, "overshoot_cost": 166.8080578570778, "power_cost": 18.185752111816406, "noise_cost": 144.43120150487218, "n_waypoints_completed": 0, "tot_waypoints": 9}}
{"target": -1524.020580810422, "params": {"k_pid_pos": [1.851880431175232, 0.983967661857605, 0.038369327783584595], "k_pid_alt": [1.8898049592971802, 0.9802204370498657, 0.013924479484558105], "k_pid_att": [100.0, 0.0644872710108757, 0.945481538772583], "k_pid_yaw": [0.5, 1e-06, 0.1], "k_pid_hsp": [10.0, 0.9793933629989624, 0.014739990234375], "k_pid_vsp": [1.6850948333740234, 68.13488006591797, 68.60594940185547]}, "datetime": {"datetime": "2025-08-12 04:04:01", "elapsed": 41920.47760152817, "delta": 30.749950647354126}, "costs": {"total_cost": 1524.020580810422, "time_cost": 150, "final_distance_cost": 2.2235316238723852, "oscillation_cost": 55.436023660636074, "completition_cost": 1000.0, "overshoot_cost": 165.0598906563403, "power_cost": 32.32861112060547, "noise_cost": 118.97252374896775, "n_waypoints_completed": 0, "tot_waypoints": 9}}
{"target": -1103.4896048425435, "params": {"k_pid_pos": [1.8578237295150757, 0.9847599267959595, 0.0024244189262390137], "k_pid_alt": [1.9729870557785034, 0.9319703578948975, 0.07351633906364441], "k_pid_att": [41.869319915771484, 0.9057197570800781, 0.9585659503936768], "k_pid_yaw": [0.5, 1e-06, 0.1], "k_pid_hsp": [9.999999046325684, 0.9755074977874756, 0.02505984902381897], "k_pid_vsp": [0.0, 29.504194259643555, 4.460812568664551]}, "datetime": {"datetime": "2025-08-12 04:04:32", "elapsed": 41951.923756837845, "delta": 31.446155309677124}, "costs": {"total_cost": 1103.4896048425435, "time_cost": 150, "final_distance_cost": 52.799249389885446, "oscillation_cost": 112.47934006135897, "completition_cost": 666.6666666666667, "overshoot_cost": 56.97010891773112, "power_cost": 29.65119841308594, "noise_cost": 34.923041393815254, "n_waypoints_completed": 3, "tot_waypoints": 9}}
{"target": -1542.3822432610482, "params": {"k_pid_pos": [1.9140095710754395, 0.9259153008460999, 0.043771982192993164], "k_pid_alt": [1.9905403852462769, 0.9890259504318237, 0.18891781568527222], "k_pid_att": [99.99998474121094, 1.6903539896011353, 0.9841510057449341], "k_pid_yaw": [0.5, 1e-06, 0.1], "k_pid_hsp": [10.0, 0.9784927368164062, 0.006623953580856323], "k_pid_vsp": [0.0, 12.179590225219727, 75.5543441772461]}, "datetime": {"datetime": "2025-08-12 04:05:04", "elapsed": 41984.16295862198, "delta": 32.23920178413391}, "costs": {"total_cost": 1542.3822432610482, "time_cost": 150, "final_distance_cost": 10.73396092283544, "oscillation_cost": 50.202283267091715, "completition_cost": 1000.0, "overshoot_cost": 165.0687052401659, "power_cost": 25.17951208496094, "noise_cost": 141.19778174599435, "n_waypoints_completed": 0, "tot_waypoints": 9}}
{"target": -1534.702439069807, "params": {"k_pid_pos": [1.9645700454711914, 0.9892723560333252, 0.0032464563846588135], "k_pid_alt": [1.976471185684204, 0.978333055973053, 0.06103396415710449], "k_pid_att": [100.0, 0.4459385573863983, 0.996881365776062], "k_pid_yaw": [0.5, 1e-06, 0.1], "k_pid_hsp": [10.0, 0.9677127599716187, 0.013251394033432007], "k_pid_vsp": [0.0, 5.913985729217529, 384.2200012207031]}, "datetime": {"datetime": "2025-08-12 04:05:35", "elapsed": 42015.09918451309, "delta": 30.93622589111328}, "costs": {"total_cost": 1534.702439069807, "time_cost": 150, "final_distance_cost": 8.497218582274156, "oscillation_cost": 52.606586581178966, "completition_cost": 1000.0, "overshoot_cost": 164.67361358211878, "power_cost": 22.913766943359377, "noise_cost": 136.01125338087564, "n_waypoints_completed": 0, "tot_waypoints": 9}}
{"target": -724.3600814981387, "params": {"k_pid_pos": [1.9834080934524536, 0.9850655198097229, 0.03592175245285034], "k_pid_alt": [1.885412335395813, 0.9675806760787964, 0.007277190685272217], "k_pid_att": [100.0, 0.998489260673523, 0.9653559923171997], "k_pid_yaw": [0.5, 1e-06, 0.1], "k_pid_hsp": [10.0, 0.9928494691848755, 0.009097665548324585], "k_pid_vsp": [400.0, 14.7709379196167, 0.010098027065396309]}, "datetime": {"datetime": "2025-08-12 04:06:07", "elapsed": 42047.35167431831, "delta": 32.25248980522156}, "costs": {"total_cost": 724.3600814981387, "time_cost": 150, "final_distance_cost": 65.23025748948774, "oscillation_cost": 156.51767050382588, "completition_cost": 222.2222222222222, "overshoot_cost": 66.7272208459544, "power_cost": 31.02552438964844, "noise_cost": 32.63718604700004, "n_waypoints_completed": 7, "tot_waypoints": 9}}
{"target": -1299.7344736224181, "params": {"k_pid_pos": [1.9885839223861694, 0.9862505197525024, 0.04147037863731384], "k_pid_alt": [1.9832258224487305, 0.9497896432876587, 0.03607022762298584], "k_pid_att": [100.0, 0.2863457500934601, 0.984015166759491], "k_pid_yaw": [0.5, 1e-06, 0.1], "k_pid_hsp": [10.0, 0.9901593923568726, 0.02649819850921631], "k_pid_vsp": [396.46844482421875, 9.987725257873535, 56.57088851928711]}, "datetime": {"datetime": "2025-08-12 04:06:39", "elapsed": 42078.484362602234, "delta": 31.132688283920288}, "costs": {"total_cost": 1299.7344736224181, "time_cost": 150, "final_distance_cost": 66.639945446212, "oscillation_cost": 85.89340605729782, "completition_cost": 888.8888888888888, "overshoot_cost": 43.55497723697489, "power_cost": 34.55548587646484, "noise_cost": 30.201770116579546, "n_waypoints_completed": 1, "tot_waypoints": 9}}
{"target": -727.5131704942111, "params": {"k_pid_pos": [1.6008667945861816, 0.9309922456741333, 0.018602579832077026], "k_pid_alt": [1.963263988494873, 0.972210705280304, 0.07566696405410767], "k_pid_att": [100.0, 0.4499019384384155, 0.9285091161727905], "k_pid_yaw": [0.5, 1e-06, 0.1], "k_pid_hsp": [10.0, 0.9867331385612488, 0.10968303680419922], "k_pid_vsp": [399.9977111816406, 1.5994558334350586, 9.999999974752427e-07]}, "datetime": {"datetime": "2025-08-12 04:07:11", "elapsed": 42110.996760845184, "delta": 32.51239824295044}, "costs": {"total_cost": 727.5131704942111, "time_cost": 150, "final_distance_cost": 69.83484148911755, "oscillation_cost": 155.6897592695682, "completition_cost": 222.2222222222222, "overshoot_cost": 61.716392236724396, "power_cost": 34.122527600097655, "noise_cost": 33.92742767648107, "n_waypoints_completed": 7, "tot_waypoints": 9}}
{"target": -1574.9435953842833, "params": {"k_pid_pos": [1.93900465965271, 0.9948383569717407, 0.023704200983047485], "k_pid_alt": [1.9874002933502197, 0.9506521224975586, 0.08767300844192505], "k_pid_att": [100.0, 1.3000178337097168, 0.9797208309173584], "k_pid_yaw": [0.5, 1e-06, 0.1], "k_pid_hsp": [9.999967575073242, 0.9445709586143494, 0.05540904402732849], "k_pid_vsp": [214.06907653808594, 28.1319637298584, 400.0]}, "datetime": {"datetime": "2025-08-12 04:07:43", "elapsed": 42143.17562651634, "delta": 32.17886567115784}, "costs": {"total_cost": 1574.9435953842833, "time_cost": 150, "final_distance_cost": 3.3397618059407033, "oscillation_cost": 89.95021613432226, "completition_cost": 1000.0, "overshoot_cost": 166.08757762177962, "power_cost": 34.63604343261719, "noise_cost": 130.9299963896232, "n_waypoints_completed": 0, "tot_waypoints": 9}}
{"target": -1548.5516871539546, "params": {"k_pid_pos": [1.9980345964431763, 0.9900784492492676, 0.03960999846458435], "k_pid_alt": [1.9269112348556519, 0.950916051864624, 0.06273990869522095], "k_pid_att": [99.99201965332031, 0.09953087568283081, 0.9329968094825745], "k_pid_yaw": [0.5, 1e-06, 0.1], "k_pid_hsp": [10.0, 0.9047942757606506, 0.007049530744552612], "k_pid_vsp": [0.0003933906555175781, 17.212547302246094, 399.40582275390625]}, "datetime": {"datetime": "2025-08-12 04:08:16", "elapsed": 42175.420585393906, "delta": 32.24495887756348}, "costs": {"total_cost": 1548.5516871539546, "time_cost": 150, "final_distance_cost": 10.935600510433252, "oscillation_cost": 48.703898092775255, "completition_cost": 1000.0, "overshoot_cost": 166.1228751507736, "power_cost": 27.961698754882814, "noise_cost": 144.82761464508977, "n_waypoints_completed": 0, "tot_waypoints": 9}}
{"target": -1573.8909666809245, "params": {"k_pid_pos": [1.9393742084503174, 0.9929943680763245, 0.04687216877937317], "k_pid_alt": [1.3535826206207275, 0.9227375388145447, 0.054861247539520264], "k_pid_att": [100.0, 3.6683290004730225, 0.9726587533950806], "k_pid_yaw": [0.5, 1e-06, 0.1], "k_pid_hsp": [10.0, 0.9339672327041626, 0.03152456879615784], "k_pid_vsp": [0.052225589752197266, 13.529719352722168, 1.5649685859680176]}, "datetime": {"datetime": "2025-08-12 04:08:48", "elapsed": 42207.67632436752, "delta": 32.255738973617554}, "costs": {"total_cost": 1573.8909666809245, "time_cost": 150, "final_distance_cost": 14.088069833405605, "oscillation_cost": 66.8778167054777, "completition_cost": 1000.0, "overshoot_cost": 166.0953854407353, "power_cost": 25.198138330078127, "noise_cost": 151.6315563712278, "n_waypoints_completed": 0, "tot_waypoints": 9}}
{"target": -1587.0179029285046, "params": {"k_pid_pos": [1.9636554718017578, 0.9440674185752869, 0.00588652491569519], "k_pid_alt": [1.9328281879425049, 0.7580075860023499, 0.008220553398132324], "k_pid_att": [100.0, 0.17498274147510529, 0.9891468286514282], "k_pid_yaw": [0.5, 1e-06, 0.1], "k_pid_hsp": [9.999994277954102, 0.9824144244194031, 0.08538246154785156], "k_pid_vsp": [0.0, 11.49792766571045, 399.7633056640625]}, "datetime": {"datetime": "2025-08-12 04:09:20", "elapsed": 42239.41268134117, "delta": 31.73635697364807}, "costs": {"total_cost": 1587.0179029285046, "time_cost": 150, "final_distance_cost": 13.569387520064616, "oscillation_cost": 90.56267566306107, "completition_cost": 1000.0, "overshoot_cost": 165.8594330063075, "power_cost": 32.45271385498047, "noise_cost": 134.573692884091, "n_waypoints_completed": 0, "tot_waypoints": 9}}
{"target": -1534.9195136547023, "params": {"k_pid_pos": [1.9499822854995728, 0.9280393123626709, 0.15910157561302185], "k_pid_alt": [1.9437541961669922, 0.9798166751861572, 0.023130297660827637], "k_pid_att": [100.0, 0.32986921072006226, 0.9752310514450073], "k_pid_yaw": [0.5, 1e-06, 0.1], "k_pid_hsp": [10.0, 0.9716543555259705, 0.005536824464797974], "k_pid_vsp": [0.00015497207641601562, 10.52441692352295, 0.0040779574774205685]}, "datetime": {"datetime": "2025-08-12 04:09:50", "elapsed": 42270.36884999275, "delta": 30.95616865158081}, "costs": {"total_cost": 1534.9195136547023, "time_cost": 150, "final_distance_cost": 3.5390561040237283, "oscillation_cost": 46.491613042988284, "completition_cost": 1000.0, "overshoot_cost": 164.78275332742317, "power_cost": 20.626073828125, "noise_cost": 149.48001735214177, "n_waypoints_completed": 0, "tot_waypoints": 9}}
{"target": -1570.2629858172252, "params": {"k_pid_pos": [1.897807002067566, 0.9988151788711548, 0.013394773006439209], "k_pid_alt": [1.9547948837280273, 0.9058597683906555, 0.01566067337989807], "k_pid_att": [100.0, 4.1172919273376465, 0.9834513664245605], "k_pid_yaw": [0.5, 1e-06, 0.1], "k_pid_hsp": [10.0, 0.9669468402862549, 0.06808644533157349], "k_pid_vsp": [0.0, 1.2025842666625977, 21.001161575317383]}, "datetime": {"datetime": "2025-08-12 04:10:20", "elapsed": 42300.050121068954, "delta": 29.681271076202393}, "costs": {"total_cost": 1570.2629858172252, "time_cost": 150, "final_distance_cost": 13.978881854840354, "oscillation_cost": 80.33335859825068, "completition_cost": 1000.0, "overshoot_cost": 166.05762079002784, "power_cost": 22.5080705078125, "noise_cost": 137.38505406629383, "n_waypoints_completed": 0, "tot_waypoints": 9}}
{"target": -1547.5367552449138, "params": {"k_pid_pos": [1.828850507736206, 0.997625470161438, 0.004839777946472168], "k_pid_alt": [1.9735575914382935, 0.9640056490898132, 0.007997781038284302], "k_pid_att": [100.0, 0.4278591573238373, 0.9902822971343994], "k_pid_yaw": [0.5, 1e-06, 0.1], "k_pid_hsp": [10.0, 0.8427609205245972, 0.017985284328460693], "k_pid_vsp": [8.121705055236816, 1.4020094871520996, 400.0]}, "datetime": {"datetime": "2025-08-12 04:10:51", "elapsed": 42330.832354068756, "delta": 30.782232999801636}, "costs": {"total_cost": 1547.5367552449138, "time_cost": 150, "final_distance_cost": 14.074370745590866, "oscillation_cost": 65.0471807584909, "completition_cost": 1000.0, "overshoot_cost": 165.00828827617224, "power_cost": 33.76167264404297, "noise_cost": 119.64524282061699, "n_waypoints_completed": 0, "tot_waypoints": 9}}
{"target": -711.3249220443034, "params": {"k_pid_pos": [1.989160180091858, 0.8589470386505127, 0.014937877655029297], "k_pid_alt": [1.9839868545532227, 0.9807693958282471, 0.0630514919757843], "k_pid_att": [100.0, 0.46087294816970825, 0.7710616588592529], "k_pid_yaw": [0.5, 1e-06, 0.1], "k_pid_hsp": [10.0, 0.9829971790313721, 0.028775721788406372], "k_pid_vsp": [398.97760009765625, 4.9254069328308105, 0.11605124175548553]}, "datetime": {"datetime": "2025-08-12 04:11:24", "elapsed": 42363.64398789406, "delta": 32.811633825302124}, "costs": {"total_cost": 711.3249220443034, "time_cost": 150, "final_distance_cost": 73.64620723724197, "oscillation_cost": 138.769149148787, "completition_cost": 222.2222222222222, "overshoot_cost": 61.41773084593747, "power_cost": 31.091074218750002, "noise_cost": 34.17853837136472, "n_waypoints_completed": 7, "tot_waypoints": 9}}
{"target": -1562.518858814231, "params": {"k_pid_pos": [1.9789153337478638, 0.9923208951950073, 0.00966450572013855], "k_pid_alt": [1.9245717525482178, 0.8857251405715942, 0.128461092710495], "k_pid_att": [100.0, 2.0834949016571045, 0.9077019095420837], "k_pid_yaw": [0.5, 1e-06, 0.1], "k_pid_hsp": [10.0, 0.9915851354598999, 0.03749352693557739], "k_pid_vsp": [0.2931356430053711, 23.973730087280273, 399.9999694824219]}, "datetime": {"datetime": "2025-08-12 04:11:55", "elapsed": 42394.549124240875, "delta": 30.905136346817017}, "costs": {"total_cost": 1562.518858814231, "time_cost": 150, "final_distance_cost": 2.8499002812768306, "oscillation_cost": 80.8605996647398, "completition_cost": 1000.0, "overshoot_cost": 166.16327039020004, "power_cost": 33.460401220703126, "noise_cost": 129.18468725731114, "n_waypoints_completed": 0, "tot_waypoints": 9}}
{"target": -1537.4871295063326, "params": {"k_pid_pos": [1.8073831796646118, 0.969450831413269, 0.016377955675125122], "k_pid_alt": [1.9807868003845215, 0.8945205211639404, 0.12787342071533203], "k_pid_att": [100.0, 0.6209480166435242, 0.9643971920013428], "k_pid_yaw": [0.5, 1e-06, 0.1], "k_pid_hsp": [10.0, 0.9965457916259766, 0.0121612548828125], "k_pid_vsp": [0.6078362464904785, 18.818571090698242, 399.4475402832031]}, "datetime": {"datetime": "2025-08-12 04:12:26", "elapsed": 42426.35499882698, "delta": 31.805874586105347}, "costs": {"total_cost": 1537.4871295063326, "time_cost": 150, "final_distance_cost": 7.70903981102196, "oscillation_cost": 58.425109314781004, "completition_cost": 1000.0, "overshoot_cost": 165.3332239126481, "power_cost": 32.17964459228516, "noise_cost": 123.84011187559669, "n_waypoints_completed": 0, "tot_waypoints": 9}}
{"target": -675.5953658014538, "params": {"k_pid_pos": [1.9563326835632324, 0.9262158870697021, 0.014741510152816772], "k_pid_alt": [1.9958992004394531, 0.7671715617179871, 0.0014758408069610596], "k_pid_att": [100.0, 3.073118209838867, 0.9952796697616577], "k_pid_yaw": [0.5, 1e-06, 0.1], "k_pid_hsp": [10.0, 0.9467331171035767, 0.018054425716400146], "k_pid_vsp": [400.0, 45.557010650634766, 2.522183418273926]}, "datetime": {"datetime": "2025-08-12 04:12:59", "elapsed": 42458.520963191986, "delta": 32.16596436500549}, "costs": {"total_cost": 675.5953658014538, "time_cost": 150, "final_distance_cost": 58.950610149074464, "oscillation_cost": 117.4886059609727, "completition_cost": 222.2222222222222, "overshoot_cost": 62.65560608028769, "power_cost": 30.744133142089844, "noise_cost": 33.5341882468069, "n_waypoints_completed": 7, "tot_waypoints": 9}}
{"target": -1546.4050288975886, "params": {"k_pid_pos": [1.9586294889450073, 0.9825471639633179, 0.01406717300415039], "k_pid_alt": [1.9923499822616577, 0.9704293012619019, 0.007445216178894043], "k_pid_att": [100.0, 0.5405322909355164, 0.9571089744567871], "k_pid_yaw": [0.5, 1e-06, 0.1], "k_pid_hsp": [10.0, 0.9647870063781738, 0.015498429536819458], "k_pid_vsp": [0.0, 11.560334205627441, 2.4841858248692006e-05]}, "datetime": {"datetime": "2025-08-12 04:13:31", "elapsed": 42490.53469944, "delta": 32.01373624801636}, "costs": {"total_cost": 1546.4050288975886, "time_cost": 150, "final_distance_cost": 6.13309840370637, "oscillation_cost": 51.692516700767044, "completition_cost": 1000.0, "overshoot_cost": 166.24724040028195, "power_cost": 21.889865087890627, "noise_cost": 150.44230830494263, "n_waypoints_completed": 0, "tot_waypoints": 9}}
{"target": -6104.6153318866145, "params": {"k_pid_pos": [1.9496206045150757, 0.9693629741668701, 0.01576441526412964], "k_pid_alt": [1.9934635162353516, 0.9568549394607544, 0.021066009998321533], "k_pid_att": [0.021883845329284668, 0.31922662258148193, 0.9785618782043457], "k_pid_yaw": [0.5, 1e-06, 0.1], "k_pid_hsp": [10.0, 0.9809422492980957, 0.036646246910095215], "k_pid_vsp": [399.99981689453125, 7.152069568634033, 400.0]}, "datetime": {"datetime": "2025-08-12 04:14:03", "elapsed": 42522.55185198784, "delta": 32.017152547836304}, "costs": {"total_cost": 6104.6153318866145, "time_cost": 150, "final_distance_cost": 1095.658520053977, "oscillation_cost": 534.4689057100466, "completition_cost": 1000.0, "overshoot_cost": 3103.6005085980655, "power_cost": 55.8217174194336, "noise_cost": 165.06568010509278, "n_waypoints_completed": 0, "tot_waypoints": 9}}
{"target": -867.6927643858803, "params": {"k_pid_pos": [1.8465386629104614, 0.9794219732284546, 0.016707390546798706], "k_pid_alt": [1.8494676351547241, 0.9290130138397217, 0.004988312721252441], "k_pid_att": [99.97103118896484, 0.32447564601898193, 0.9751991033554077], "k_pid_yaw": [0.5, 1e-06, 0.1], "k_pid_hsp": [9.999999046325684, 0.9572941660881042, 0.010682076215744019], "k_pid_vsp": [395.99200439453125, 23.1357364654541, 0.006855533923953772]}, "datetime": {"datetime": "2025-08-12 04:14:34", "elapsed": 42554.36558389664, "delta": 31.813731908798218}, "costs": {"total_cost": 867.6927643858803, "time_cost": 150, "final_distance_cost": 75.35521191533243, "oscillation_cost": 179.29568580707252, "completition_cost": 333.33333333333337, "overshoot_cost": 64.25874933577731, "power_cost": 31.355523217773438, "noise_cost": 34.094260776591256, "n_waypoints_completed": 6, "tot_waypoints": 9}}
{"target": -1418.3523161908106, "params": {"k_pid_pos": [1.8702430725097656, 0.9680411219596863, 0.017461389303207397], "k_pid_alt": [1.9572151899337769, 0.9621138572692871, 0.04593059420585632], "k_pid_att": [100.0, 0.21165920794010162, 0.9643985033035278], "k_pid_yaw": [0.5, 1e-06, 0.1], "k_pid_hsp": [10.0, 0.9651143550872803, 0.006254643201828003], "k_pid_vsp": [0.09968280792236328, 20.965721130371094, 0.6315718293190002]}, "datetime": {"datetime": "2025-08-12 04:15:04", "elapsed": 42584.03877353668, "delta": 29.673189640045166}, "costs": {"total_cost": 1418.3523161908106, "time_cost": 150, "final_distance_cost": 57.49150639033582, "oscillation_cost": 68.11991036610314, "completition_cost": 1000.0, "overshoot_cost": 77.99920879612641, "power_cost": 28.446235510253906, "noise_cost": 36.295455127991275, "n_waypoints_completed": 0, "tot_waypoints": 9}}
