{"target": -1585.3888756523454, "params": {"k_pid_pos": [1.9252630472183228, 0.8430171012878418, 0.08989095687866211], "k_pid_alt": [1.9179303646087646, 0.8503201603889465, 0.005466043949127197], "k_pid_att": [100.0, 0.25863850116729736, 0.9736006259918213], "k_pid_yaw": [0.5, 1e-06, 0.1], "k_pid_hsp": [10.0, 0.9319172501564026, 0.08119851350784302], "k_pid_vsp": [0.0, 47.58290100097656, 399.99957275390625]}, "datetime": {"datetime": "2025-08-11 22:00:19", "elapsed": 20098.943540096283, "delta": 30.80099868774414}, "costs": {"total_cost": 1585.3888756523454, "time_cost": 150, "final_distance_cost": 10.132121667701082, "oscillation_cost": 90.60572251926922, "completition_cost": 1000.0, "overshoot_cost": 165.56769673964888, "power_cost": 35.68714051513672, "noise_cost": 133.3961942105896, "n_waypoints_completed": 0, "tot_waypoints": 9}}
{"target": -1576.2570531854544, "params": {"k_pid_pos": [1.7183761596679688, 0.9838777184486389, 0.0027289092540740967], "k_pid_alt": [1.8840826749801636, 0.9923046231269836, 0.007477551698684692], "k_pid_att": [100.0, 8.481861114501953, 0.9175992012023926], "k_pid_yaw": [0.5, 1e-06, 0.1], "k_pid_hsp": [10.0, 0.9868658781051636, 0.02918875217437744], "k_pid_vsp": [4.76837158203125e-05, 20.219423294067383, 399.9871826171875]}, "datetime": {"datetime": "2025-08-11 22:00:50", "elapsed": 20129.942152261734, "delta": 30.99861216545105}, "costs": {"total_cost": 1576.2570531854544, "time_cost": 150, "final_distance_cost": 11.78262109147593, "oscillation_cost": 83.28806179133802, "completition_cost": 1000.0, "overshoot_cost": 166.25254605856844, "power_cost": 34.12393811035157, "noise_cost": 130.80988613372017, "n_waypoints_completed": 0, "tot_waypoints": 9}}
{"target": -1548.4187070354963, "params": {"k_pid_pos": [1.95657217502594, 0.768911600112915, 0.0036676228046417236], "k_pid_alt": [1.959777593612671, 0.9813846349716187, 0.14347940683364868], "k_pid_att": [94.58577728271484, 3.716722249984741, 0.8920220732688904], "k_pid_yaw": [0.5, 1e-06, 0.1], "k_pid_hsp": [10.0, 0.8296412229537964, 0.013132184743881226], "k_pid_vsp": [0.42690038681030273, 11.371554374694824, 126.77297973632812]}, "datetime": {"datetime": "2025-08-11 22:01:22", "elapsed": 20162.059476614, "delta": 32.117324352264404}, "costs": {"total_cost": 1548.4187070354963, "time_cost": 150, "final_distance_cost": 9.015070289262699, "oscillation_cost": 57.81796644661486, "completition_cost": 1000.0, "overshoot_cost": 164.3563257275912, "power_cost": 25.692423950195312, "noise_cost": 141.5369206218323, "n_waypoints_completed": 0, "tot_waypoints": 9}}
{"target": -1577.4323022069543, "params": {"k_pid_pos": [1.8703453540802002, 0.9426459074020386, 0.12471252679824829], "k_pid_alt": [1.945838451385498, 0.4701775312423706, 0.05309298634529114], "k_pid_att": [100.0, 0.5473235845565796, 0.9743613004684448], "k_pid_yaw": [0.5, 1e-06, 0.1], "k_pid_hsp": [10.0, 0.9779521822929382, 0.15256202220916748], "k_pid_vsp": [2.384185791015625e-05, 5.237842559814453, 400.0]}, "datetime": {"datetime": "2025-08-11 22:01:52", "elapsed": 20192.249368190765, "delta": 30.189891576766968}, "costs": {"total_cost": 1577.4323022069543, "time_cost": 150, "final_distance_cost": 2.7488864567847133, "oscillation_cost": 91.14979592860928, "completition_cost": 1000.0, "overshoot_cost": 165.98849262486053, "power_cost": 29.299650524902344, "noise_cost": 138.24547667179752, "n_waypoints_completed": 0, "tot_waypoints": 9}}
{"target": -1149.1156481651724, "params": {"k_pid_pos": [1.9420095682144165, 0.8837375044822693, 0.02010709047317505], "k_pid_alt": [1.8994685411453247, 0.7312005162239075, 0.08292755484580994], "k_pid_att": [99.99700927734375, 1.7396239042282104, 0.9883533120155334], "k_pid_yaw": [0.5, 1e-06, 0.1], "k_pid_hsp": [10.0, 0.9738685488700867, 0.08193451166152954], "k_pid_vsp": [399.6612854003906, 27.322866439819336, 400.0]}, "datetime": {"datetime": "2025-08-11 22:02:23", "elapsed": 20222.846818447113, "delta": 30.597450256347656}, "costs": {"total_cost": 1149.1156481651724, "time_cost": 150, "final_distance_cost": 70.84190576989181, "oscillation_cost": 121.60950480536232, "completition_cost": 666.6666666666667, "overshoot_cost": 71.55495621553078, "power_cost": 36.933904516601565, "noise_cost": 31.508710191119057, "n_waypoints_completed": 3, "tot_waypoints": 9}}
{"target": -1560.5566979416958, "params": {"k_pid_pos": [1.964159369468689, 0.9311152696609497, 0.05328106880187988], "k_pid_alt": [1.8681464195251465, 0.7659870386123657, 0.009276717901229858], "k_pid_att": [100.0, 6.685550212860107, 0.6354347467422485], "k_pid_yaw": [0.5, 1e-06, 0.1], "k_pid_hsp": [10.0, 0.9838737845420837, 0.02443709969520569], "k_pid_vsp": [71.10459899902344, 50.600074768066406, 395.666015625]}, "datetime": {"datetime": "2025-08-11 22:02:53", "elapsed": 20253.1998360157, "delta": 30.353017568588257}, "costs": {"total_cost": 1560.5566979416958, "time_cost": 150, "final_distance_cost": 9.403386434081467, "oscillation_cost": 72.99065078902048, "completition_cost": 1000.0, "overshoot_cost": 165.41847300821934, "power_cost": 33.45773990478516, "noise_cost": 129.28644780558966, "n_waypoints_completed": 0, "tot_waypoints": 9}}
{"target": -1593.5753423309093, "params": {"k_pid_pos": [1.9936840534210205, 0.9544259905815125, 0.07050222158432007], "k_pid_alt": [1.9044421911239624, 0.8931664228439331, 0.003138899803161621], "k_pid_att": [87.83283233642578, 0.9773611426353455, 0.9859911799430847], "k_pid_yaw": [0.5, 1e-06, 0.1], "k_pid_hsp": [9.999956130981445, 0.8401991724967957, 0.20244908332824707], "k_pid_vsp": [0.0005125999450683594, 14.902031898498535, 0.0008473859634250402]}, "datetime": {"datetime": "2025-08-11 22:03:25", "elapsed": 20284.463593244553, "delta": 31.26375722885132}, "costs": {"total_cost": 1593.5753423309093, "time_cost": 150, "final_distance_cost": 12.191175312718277, "oscillation_cost": 91.58139839902529, "completition_cost": 1000.0, "overshoot_cost": 164.841471796396, "power_cost": 32.17072662353516, "noise_cost": 142.7905701992346, "n_waypoints_completed": 0, "tot_waypoints": 9}}
{"target": -1589.8037790992887, "params": {"k_pid_pos": [1.9821994304656982, 0.8394555449485779, 0.038262784481048584], "k_pid_alt": [1.8762420415878296, 0.8565257787704468, 0.04030463099479675], "k_pid_att": [99.84288024902344, 2.464613437652588, 0.978073239326477], "k_pid_yaw": [0.5, 1e-06, 0.1], "k_pid_hsp": [9.99656867980957, 0.9488611221313477, 0.10839730501174927], "k_pid_vsp": [91.97137451171875, 89.68502044677734, 400.0]}, "datetime": {"datetime": "2025-08-11 22:03:55", "elapsed": 20314.483380794525, "delta": 30.019787549972534}, "costs": {"total_cost": 1589.8037790992887, "time_cost": 150, "final_distance_cost": 13.728747902116497, "oscillation_cost": 95.5331010420201, "completition_cost": 1000.0, "overshoot_cost": 165.7275044709597, "power_cost": 34.70354235839844, "noise_cost": 130.1108833257941, "n_waypoints_completed": 0, "tot_waypoints": 9}}
{"target": -1251.3470585104465, "params": {"k_pid_pos": [1.848442792892456, 0.9343211650848389, 0.0386197566986084], "k_pid_alt": [1.8965693712234497, 0.7638553977012634, 0.007007330656051636], "k_pid_att": [100.0, 3.016021251678467, 0.9674914479255676], "k_pid_yaw": [0.5, 1e-06, 0.1], "k_pid_hsp": [9.997196197509766, 0.9709717035293579, 0.11727917194366455], "k_pid_vsp": [0.36242008209228516, 41.09251403808594, 9.999999974752427e-07]}, "datetime": {"datetime": "2025-08-11 22:04:25", "elapsed": 20345.11204767227, "delta": 30.628666877746582}, "costs": {"total_cost": 1251.3470585104465, "time_cost": 150, "final_distance_cost": 76.89124012191353, "oscillation_cost": 120.6620191586958, "completition_cost": 777.7777777777778, "overshoot_cost": 60.65956898208642, "power_cost": 35.16327933349609, "noise_cost": 30.193173136476513, "n_waypoints_completed": 2, "tot_waypoints": 9}}
{"target": -1106.8971372835426, "params": {"k_pid_pos": [1.940460443496704, 0.8842408657073975, 0.05531361699104309], "k_pid_alt": [1.942685842514038, 0.8296599388122559, 0.02385389804840088], "k_pid_att": [100.0, 8.460736274719238, 0.9384881854057312], "k_pid_yaw": [0.5, 1e-06, 0.1], "k_pid_hsp": [9.999998092651367, 0.990924060344696, 0.025577187538146973], "k_pid_vsp": [0.5975008010864258, 26.54100799560547, 13.776947021484375]}, "datetime": {"datetime": "2025-08-11 22:04:55", "elapsed": 20374.946024894714, "delta": 29.833977222442627}, "costs": {"total_cost": 1106.8971372835426, "time_cost": 150, "final_distance_cost": 59.02896992465477, "oscillation_cost": 103.2145428572094, "completition_cost": 666.6666666666667, "overshoot_cost": 59.64941345784654, "power_cost": 33.13029719238281, "noise_cost": 35.20724718478233, "n_waypoints_completed": 3, "tot_waypoints": 9}}
{"target": -710.5335626115884, "params": {"k_pid_pos": [1.9703969955444336, 0.8810641169548035, 0.09559905529022217], "k_pid_alt": [1.8446528911590576, 0.8706554174423218, 0.0217779278755188], "k_pid_att": [100.0, 4.916009426116943, 0.994134783744812], "k_pid_yaw": [0.5, 1e-06, 0.1], "k_pid_hsp": [10.0, 0.9861637353897095, 0.1070249080657959], "k_pid_vsp": [203.07260131835938, 15.054333686828613, 9.999999974752427e-07]}, "datetime": {"datetime": "2025-08-11 22:05:25", "elapsed": 20405.21724820137, "delta": 30.271223306655884}, "costs": {"total_cost": 710.5335626115884, "time_cost": 150, "final_distance_cost": 59.911607500128405, "oscillation_cost": 142.28655995447028, "completition_cost": 222.2222222222222, "overshoot_cost": 68.65061434537046, "power_cost": 33.82883531494141, "noise_cost": 33.6337232744556, "n_waypoints_completed": 7, "tot_waypoints": 9}}
{"target": -1558.9818696421926, "params": {"k_pid_pos": [1.9593561887741089, 0.9698394536972046, 0.0330374538898468], "k_pid_alt": [1.3052898645401, 0.8635009527206421, 0.050094544887542725], "k_pid_att": [99.99835205078125, 2.271135091781616, 0.9343963265419006], "k_pid_yaw": [0.5, 1e-06, 0.1], "k_pid_hsp": [9.989908218383789, 0.9865763187408447, 0.0311012864112854], "k_pid_vsp": [69.42984771728516, 9.817338943481445, 400.0]}, "datetime": {"datetime": "2025-08-11 22:05:56", "elapsed": 20435.86092686653, "delta": 30.643678665161133}, "costs": {"total_cost": 1558.9818696421926, "time_cost": 150, "final_distance_cost": 5.0644473558008105, "oscillation_cost": 75.20455390814321, "completition_cost": 1000.0, "overshoot_cost": 166.05482069440012, "power_cost": 33.920409704589844, "noise_cost": 128.73763797925838, "n_waypoints_completed": 0, "tot_waypoints": 9}}
{"target": -1535.2997819269413, "params": {"k_pid_pos": [1.8609130382537842, 0.9438679814338684, 0.06518933176994324], "k_pid_alt": [1.900918960571289, 0.9221195578575134, 0.02984321117401123], "k_pid_att": [100.0, 0.897797167301178, 0.8046199679374695], "k_pid_yaw": [0.5, 1e-06, 0.1], "k_pid_hsp": [1.1635167598724365, 0.9848099946975708, 0.03175407648086548], "k_pid_vsp": [202.90811157226562, 3.6402831077575684, 399.99981689453125]}, "datetime": {"datetime": "2025-08-11 22:06:27", "elapsed": 20466.582347393036, "delta": 30.721420526504517}, "costs": {"total_cost": 1535.2997819269413, "time_cost": 150, "final_distance_cost": 4.280666237737017, "oscillation_cost": 60.124600130038715, "completition_cost": 1000.0, "overshoot_cost": 169.92027398446473, "power_cost": 30.259692700195313, "noise_cost": 120.71454887450555, "n_waypoints_completed": 0, "tot_waypoints": 9}}
{"target": -636.1608704128316, "params": {"k_pid_pos": [1.8907428979873657, 0.7908353209495544, 0.04051166772842407], "k_pid_alt": [1.9419467449188232, 0.9831622838973999, 0.01727604866027832], "k_pid_att": [100.0, 6.1744585037231445, 0.9871940612792969], "k_pid_yaw": [0.5, 1e-06, 0.1], "k_pid_hsp": [10.0, 0.9789596796035767, 0.13365375995635986], "k_pid_vsp": [327.1924133300781, 30.799236297607422, 9.999999974752427e-07]}, "datetime": {"datetime": "2025-08-11 22:06:57", "elapsed": 20496.690105438232, "delta": 30.107758045196533}, "costs": {"total_cost": 636.1608704128316, "time_cost": 150, "final_distance_cost": 74.71161995287679, "oscillation_cost": 167.62923665265637, "completition_cost": 111.11111111111116, "overshoot_cost": 66.04349256163451, "power_cost": 33.543756506347655, "noise_cost": 33.12165362820513, "n_waypoints_completed": 8, "tot_waypoints": 9}}
{"target": -1559.3018553087593, "params": {"k_pid_pos": [1.9728260040283203, 0.8844714164733887, 0.09885695576667786], "k_pid_alt": [1.89812171459198, 0.9865899085998535, 0.12333977222442627], "k_pid_att": [100.0, 1.751384973526001, 0.8930054903030396], "k_pid_yaw": [0.5, 1e-06, 0.1], "k_pid_hsp": [9.999600410461426, 0.8555725812911987, 0.04979836940765381], "k_pid_vsp": [0.0021696090698242188, 3.913188934326172, 399.9621887207031]}, "datetime": {"datetime": "2025-08-11 22:07:27", "elapsed": 20527.288266658783, "delta": 30.598161220550537}, "costs": {"total_cost": 1559.3018553087593, "time_cost": 150, "final_distance_cost": 5.455818755152138, "oscillation_cost": 76.68819578632366, "completition_cost": 1000.0, "overshoot_cost": 164.6380564838709, "power_cost": 27.066419885253907, "noise_cost": 135.45336439815858, "n_waypoints_completed": 0, "tot_waypoints": 9}}
{"target": -1527.086342399608, "params": {"k_pid_pos": [1.9595805406570435, 0.9416287541389465, 0.01609426736831665], "k_pid_alt": [1.956815481185913, 0.9780291318893433, 0.013016283512115479], "k_pid_att": [100.0, 0.18559852242469788, 0.8868415355682373], "k_pid_yaw": [0.5, 1e-06, 0.1], "k_pid_hsp": [10.0, 0.9862216711044312, 0.01105731725692749], "k_pid_vsp": [396.80108642578125, 15.685487747192383, 398.01220703125]}, "datetime": {"datetime": "2025-08-11 22:07:58", "elapsed": 20558.319989681244, "delta": 31.031723022460938}, "costs": {"total_cost": 1527.086342399608, "time_cost": 150, "final_distance_cost": 10.06012493328235, "oscillation_cost": 61.80778586539422, "completition_cost": 1000.0, "overshoot_cost": 162.39484634360244, "power_cost": 32.8687523803711, "noise_cost": 109.9548328769579, "n_waypoints_completed": 0, "tot_waypoints": 9}}
{"target": -1540.5464847035298, "params": {"k_pid_pos": [1.9798569679260254, 0.9570803642272949, 0.23872840404510498], "k_pid_alt": [1.8635669946670532, 0.8759477138519287, 0.04636639356613159], "k_pid_att": [98.99484252929688, 6.637626647949219, 0.9775278568267822], "k_pid_yaw": [0.5, 1e-06, 0.1], "k_pid_hsp": [9.961893081665039, 0.9858757257461548, 0.007304072380065918], "k_pid_vsp": [0.02275705337524414, 10.446703910827637, 400.0]}, "datetime": {"datetime": "2025-08-11 22:08:30", "elapsed": 20589.664528131485, "delta": 31.34453845024109}, "costs": {"total_cost": 1540.5464847035298, "time_cost": 150, "final_distance_cost": 3.1537457983699873, "oscillation_cost": 58.23239793025278, "completition_cost": 1000.0, "overshoot_cost": 164.16302161018874, "power_cost": 24.793133496093752, "noise_cost": 140.20418586862465, "n_waypoints_completed": 0, "tot_waypoints": 9}}
{"target": -1298.8022346361827, "params": {"k_pid_pos": [1.9594794511795044, 0.833061158657074, 0.014723271131515503], "k_pid_alt": [1.8651498556137085, 0.7753658294677734, 0.007592350244522095], "k_pid_att": [100.0, 0.29741212725639343, 0.9603146314620972], "k_pid_yaw": [0.5, 1e-06, 0.1], "k_pid_hsp": [9.999969482421875, 0.8994379043579102, 0.09023222327232361], "k_pid_vsp": [387.9520263671875, 36.536312103271484, 393.8279724121094]}, "datetime": {"datetime": "2025-08-11 22:09:00", "elapsed": 20619.49606847763, "delta": 29.83154034614563}, "costs": {"total_cost": 1298.8022346361827, "time_cost": 150, "final_distance_cost": 103.46164815760568, "oscillation_cost": 122.9509223954613, "completition_cost": 777.7777777777778, "overshoot_cost": 76.09197895035388, "power_cost": 36.933019946289065, "noise_cost": 31.586887408695095, "n_waypoints_completed": 2, "tot_waypoints": 9}}
{"target": -1577.2956750733915, "params": {"k_pid_pos": [1.968525767326355, 0.8681991100311279, 0.010258883237838745], "k_pid_alt": [1.8964564800262451, 0.9431427717208862, 0.020147889852523804], "k_pid_att": [100.0, 0.1991688758134842, 0.9866184592247009], "k_pid_yaw": [0.5, 1e-06, 0.1], "k_pid_hsp": [5.194768905639648, 0.9708976745605469, 0.12323111295700073], "k_pid_vsp": [0.00057220458984375, 23.76041603088379, 391.7889709472656]}, "datetime": {"datetime": "2025-08-11 22:09:31", "elapsed": 20650.432407855988, "delta": 30.936339378356934}, "costs": {"total_cost": 1577.2956750733915, "time_cost": 150, "final_distance_cost": 13.299882343893929, "oscillation_cost": 86.77736677179908, "completition_cost": 1000.0, "overshoot_cost": 166.14446016451708, "power_cost": 31.58933142089844, "noise_cost": 129.48463437228287, "n_waypoints_completed": 0, "tot_waypoints": 9}}
{"target": -628.7280649906626, "params": {"k_pid_pos": [1.9554780721664429, 0.8020747303962708, 0.013584703207015991], "k_pid_alt": [1.9754724502563477, 0.9130134582519531, 0.11035189032554626], "k_pid_att": [100.0, 7.258185386657715, 0.8259018659591675], "k_pid_yaw": [0.5, 1e-06, 0.1], "k_pid_hsp": [10.0, 0.9706807136535645, 0.10054153203964233], "k_pid_vsp": [400.0, 18.350173950195312, 20.638240814208984]}, "datetime": {"datetime": "2025-08-11 22:10:01", "elapsed": 20681.362277507782, "delta": 30.929869651794434}, "costs": {"total_cost": 628.7280649906626, "time_cost": 150, "final_distance_cost": 24.343336966275373, "oscillation_cost": 204.6872455379641, "completition_cost": 111.11111111111116, "overshoot_cost": 70.82703586848481, "power_cost": 35.98713596191406, "noise_cost": 31.772199544913054, "n_waypoints_completed": 8, "tot_waypoints": 9}}
{"target": -1556.31680194941, "params": {"k_pid_pos": [1.9307156801223755, 0.8960713744163513, 0.08172973990440369], "k_pid_alt": [1.9938321113586426, 0.02701607346534729, 0.005608797073364258], "k_pid_att": [100.0, 2.6391820907592773, 0.99030601978302], "k_pid_yaw": [0.5, 1e-06, 0.1], "k_pid_hsp": [0.25682446360588074, 0.953671932220459, 0.239436537027359], "k_pid_vsp": [0.09955167770385742, 2.3410449028015137, 0.006795929279178381]}, "datetime": {"datetime": "2025-08-11 22:10:38", "elapsed": 20717.408653974533, "delta": 36.0463764667511}, "costs": {"total_cost": 1556.31680194941, "time_cost": 150, "final_distance_cost": 8.884385292203538, "oscillation_cost": 63.261594206033976, "completition_cost": 1000.0, "overshoot_cost": 172.41078295317206, "power_cost": 21.188072766113283, "noise_cost": 140.57196673188741, "n_waypoints_completed": 0, "tot_waypoints": 9}}
{"target": -1532.6189477626212, "params": {"k_pid_pos": [1.8673089742660522, 0.8054550886154175, 0.01621347665786743], "k_pid_alt": [1.8047899007797241, 0.4197288155555725, 0.05942028760910034], "k_pid_att": [18.662113189697266, 0.5763653516769409, 0.9867469072341919], "k_pid_yaw": [0.5, 1e-06, 0.1], "k_pid_hsp": [10.0, 0.9897927045822144, 0.028225719928741455], "k_pid_vsp": [331.43145751953125, 4.417932987213135, 397.15167236328125]}, "datetime": {"datetime": "2025-08-11 22:11:11", "elapsed": 20750.853266000748, "delta": 33.4446120262146}, "costs": {"total_cost": 1532.6189477626212, "time_cost": 150, "final_distance_cost": 1.8628566373291593, "oscillation_cost": 55.58812397867901, "completition_cost": 1000.0, "overshoot_cost": 164.7209406821576, "power_cost": 31.179867211914065, "noise_cost": 129.26715925254155, "n_waypoints_completed": 0, "tot_waypoints": 9}}
{"target": -1567.1621430069558, "params": {"k_pid_pos": [1.9375600814819336, 0.9919275045394897, 0.2622154653072357], "k_pid_alt": [1.8555335998535156, 0.8373796343803406, 0.5230123400688171], "k_pid_att": [100.0, 0.06952262669801712, 0.9831525087356567], "k_pid_yaw": [0.5, 1e-06, 0.1], "k_pid_hsp": [10.0, 0.9618325233459473, 0.041837096214294434], "k_pid_vsp": [0.0, 18.07563591003418, 391.6664123535156]}, "datetime": {"datetime": "2025-08-11 22:11:46", "elapsed": 20786.032964468002, "delta": 35.17969846725464}, "costs": {"total_cost": 1567.1621430069558, "time_cost": 150, "final_distance_cost": 5.086802861449557, "oscillation_cost": 86.8948339744585, "completition_cost": 1000.0, "overshoot_cost": 164.11016714160618, "power_cost": 34.790246252441406, "noise_cost": 126.28009277700022, "n_waypoints_completed": 0, "tot_waypoints": 9}}
{"target": -1103.920207230107, "params": {"k_pid_pos": [1.9628441333770752, 0.9892410039901733, 0.23007124662399292], "k_pid_alt": [1.9159183502197266, 0.7960560321807861, 0.0023619532585144043], "k_pid_att": [100.0, 0.5621814131736755, 0.9469999074935913], "k_pid_yaw": [0.5, 1e-06, 0.1], "k_pid_hsp": [10.0, 0.9229832291603088, 0.037626713514328], "k_pid_vsp": [399.8941955566406, 116.33820343017578, 400.0]}, "datetime": {"datetime": "2025-08-11 22:12:18", "elapsed": 20817.89693212509, "delta": 31.863967657089233}, "costs": {"total_cost": 1103.920207230107, "time_cost": 150, "final_distance_cost": 50.1739466603936, "oscillation_cost": 98.37410121689409, "completition_cost": 666.6666666666667, "overshoot_cost": 72.87445151989921, "power_cost": 35.04375560302734, "noise_cost": 30.787285563226035, "n_waypoints_completed": 3, "tot_waypoints": 9}}
{"target": -1556.8107056268846, "params": {"k_pid_pos": [1.9807419776916504, 0.738457202911377, 0.05051267147064209], "k_pid_alt": [1.9244675636291504, 0.9567081928253174, 0.03274506330490112], "k_pid_att": [100.0, 6.630886077880859, 0.9255931377410889], "k_pid_yaw": [0.5, 1e-06, 0.1], "k_pid_hsp": [10.0, 0.947920560836792, 0.030446141958236694], "k_pid_vsp": [0.3044247627258301, 79.7210464477539, 399.9932861328125]}, "datetime": {"datetime": "2025-08-11 22:12:49", "elapsed": 20848.807404994965, "delta": 30.910472869873047}, "costs": {"total_cost": 1556.8107056268846, "time_cost": 150, "final_distance_cost": 2.7849106312397693, "oscillation_cost": 77.14933098063752, "completition_cost": 1000.0, "overshoot_cost": 164.10070112010482, "power_cost": 33.642374145507816, "noise_cost": 129.13338874939484, "n_waypoints_completed": 0, "tot_waypoints": 9}}
