{"target": -1166.6490401410654, "params": {"k_pid_pos": [1.8063340187072754, 0.9791544675827026, 0.018582463264465332], "k_pid_alt": [1.9414048194885254, 0.9849909543991089, 0.050104767084121704], "k_pid_att": [100.0, 0.5213239789009094, 0.9795312285423279], "k_pid_yaw": [0.5, 1e-06, 0.1], "k_pid_hsp": [10.0, 0.9809547662734985, 0.07666108012199402], "k_pid_vsp": [399.9999084472656, 8.769190788269043, 279.9516906738281]}, "datetime": {"datetime": "2025-08-12 04:41:45", "elapsed": 44184.78067278862, "delta": 30.755095720291138}, "costs": {"total_cost": 1166.6490401410654, "time_cost": 150, "final_distance_cost": 57.24894127354009, "oscillation_cost": 158.28189688540365, "completition_cost": 666.6666666666667, "overshoot_cost": 68.46826340104863, "power_cost": 36.06088703613281, "noise_cost": 29.92238487827363, "n_waypoints_completed": 3, "tot_waypoints": 9}}
{"target": -1537.4259314954147, "params": {"k_pid_pos": [1.9812626838684082, 0.9807797074317932, 0.06687551736831665], "k_pid_alt": [1.9082167148590088, 0.9820441007614136, 0.006554961204528809], "k_pid_att": [99.30381774902344, 0.2876710295677185, 0.8850396871566772], "k_pid_yaw": [0.5, 1e-06, 0.1], "k_pid_hsp": [10.0, 0.89557945728302, 0.00706791877746582], "k_pid_vsp": [0.00010728836059570312, 7.697297096252441, 400.0]}, "datetime": {"datetime": "2025-08-12 04:42:15", "elapsed": 44214.922243118286, "delta": 30.141570329666138}, "costs": {"total_cost": 1537.4259314954147, "time_cost": 150, "final_distance_cost": 4.269733292407586, "oscillation_cost": 55.977799517174205, "completition_cost": 1000.0, "overshoot_cost": 164.90299577590824, "power_cost": 22.200100610351562, "noise_cost": 140.0753022995733, "n_waypoints_completed": 0, "tot_waypoints": 9}}
{"target": -1532.6689055897557, "params": {"k_pid_pos": [1.9445770978927612, 0.9944744110107422, 0.015183866024017334], "k_pid_alt": [1.9504997730255127, 0.8964019417762756, 0.0044737160205841064], "k_pid_att": [99.99987030029297, 2.3573269844055176, 0.9713350534439087], "k_pid_yaw": [0.5, 1e-06, 0.1], "k_pid_hsp": [10.0, 0.9319002628326416, 0.009067177772521973], "k_pid_vsp": [0.0, 6.790603160858154, 400.0]}, "datetime": {"datetime": "2025-08-12 04:42:45", "elapsed": 44245.00042510033, "delta": 30.078181982040405}, "costs": {"total_cost": 1532.6689055897557, "time_cost": 150, "final_distance_cost": 9.663650569072313, "oscillation_cost": 47.16271177673827, "completition_cost": 1000.0, "overshoot_cost": 164.99318668467544, "power_cost": 22.513120056152346, "noise_cost": 138.33623650311736, "n_waypoints_completed": 0, "tot_waypoints": 9}}
{"target": -1403.317612078462, "params": {"k_pid_pos": [1.9456299543380737, 0.9048583507537842, 0.06324279308319092], "k_pid_alt": [1.889678955078125, 0.9667688608169556, 0.02512747049331665], "k_pid_att": [100.0, 0.12840397655963898, 0.9831410646438599], "k_pid_yaw": [0.5, 1e-06, 0.1], "k_pid_hsp": [10.0, 0.9520832300186157, 0.011521250009536743], "k_pid_vsp": [396.46820068359375, 2.8884658813476562, 328.8049621582031]}, "datetime": {"datetime": "2025-08-12 04:43:17", "elapsed": 44276.71710085869, "delta": 31.716675758361816}, "costs": {"total_cost": 1403.317612078462, "time_cost": 150, "final_distance_cost": 33.919916265234384, "oscillation_cost": 63.06440044619498, "completition_cost": 1000.0, "overshoot_cost": 92.04959054712604, "power_cost": 33.80842229003906, "noise_cost": 30.475282529867563, "n_waypoints_completed": 0, "tot_waypoints": 9}}
{"target": -1539.9530058726905, "params": {"k_pid_pos": [1.9367973804473877, 0.9690244197845459, 0.025973916053771973], "k_pid_alt": [1.9967365264892578, 0.9870609045028687, 0.022223293781280518], "k_pid_att": [100.0, 0.10690419375896454, 0.9791215062141418], "k_pid_yaw": [0.5, 1e-06, 0.1], "k_pid_hsp": [10.0, 0.9853078126907349, 0.0069731175899505615], "k_pid_vsp": [0.0, 10.024429321289062, 399.96484375]}, "datetime": {"datetime": "2025-08-12 04:43:49", "elapsed": 44308.85396385193, "delta": 32.136862993240356}, "costs": {"total_cost": 1539.9530058726905, "time_cost": 150, "final_distance_cost": 11.404419721594003, "oscillation_cost": 47.5973358820053, "completition_cost": 1000.0, "overshoot_cost": 165.29630654584358, "power_cost": 24.2400583984375, "noise_cost": 141.41488532481, "n_waypoints_completed": 0, "tot_waypoints": 9}}
{"target": -1569.7543197094249, "params": {"k_pid_pos": [1.9798123836517334, 0.9808484315872192, 0.010676980018615723], "k_pid_alt": [1.9667749404907227, 0.9437490701675415, 0.005392968654632568], "k_pid_att": [100.0, 2.7130637168884277, 0.9897850751876831], "k_pid_yaw": [0.5, 1e-06, 0.1], "k_pid_hsp": [0.03236665204167366, 0.9969984292984009, 0.014686673879623413], "k_pid_vsp": [106.6862564086914, 5.6292901039123535, 400.0]}, "datetime": {"datetime": "2025-08-12 04:44:23", "elapsed": 44343.02859520912, "delta": 34.17463135719299}, "costs": {"total_cost": 1569.7543197094249, "time_cost": 150, "final_distance_cost": 17.877222585989863, "oscillation_cost": 77.77587773352089, "completition_cost": 1000.0, "overshoot_cost": 174.14393554250378, "power_cost": 30.4869669921875, "noise_cost": 119.47031685522283, "n_waypoints_completed": 0, "tot_waypoints": 9}}
{"target": -1536.2029554454386, "params": {"k_pid_pos": [1.9700853824615479, 0.985113263130188, 0.04596453905105591], "k_pid_alt": [1.978819489479065, 0.9389984607696533, 0.045337289571762085], "k_pid_att": [99.994384765625, 0.46451595425605774, 0.9151272177696228], "k_pid_yaw": [0.5, 1e-06, 0.1], "k_pid_hsp": [10.0, 0.978999674320221, 0.02760419249534607], "k_pid_vsp": [0.0001430511474609375, 2.645040512084961, 399.99609375]}, "datetime": {"datetime": "2025-08-12 04:44:58", "elapsed": 44377.56184911728, "delta": 34.53325390815735}, "costs": {"total_cost": 1536.2029554454386, "time_cost": 150, "final_distance_cost": 1.7027643937990675, "oscillation_cost": 62.42313940686691, "completition_cost": 1000.0, "overshoot_cost": 164.28067796851582, "power_cost": 23.167795117187502, "noise_cost": 134.62857855906924, "n_waypoints_completed": 0, "tot_waypoints": 9}}
{"target": -412.3360629465308, "params": {"k_pid_pos": [1.7749837636947632, 0.9677390456199646, 0.2724035382270813], "k_pid_alt": [1.8957877159118652, 0.6668201684951782, 0.029983222484588623], "k_pid_att": [99.99952697753906, 0.4579225480556488, 0.9676012992858887], "k_pid_yaw": [0.5, 1e-06, 0.1], "k_pid_hsp": [10.0, 0.9889038801193237, 0.026027441024780273], "k_pid_vsp": [400.0, 9.84352970123291, 0.0019083486404269934]}, "datetime": {"datetime": "2025-08-12 04:45:28", "elapsed": 44407.65347266197, "delta": 30.091623544692993}, "costs": {"total_cost": 412.3360629465308, "time_cost": 107.989, "final_distance_cost": 1.7367655306011778, "oscillation_cost": 183.4106662669197, "completition_cost": 0.0, "overshoot_cost": 60.74006033231919, "power_cost": 28.237095166015628, "noise_cost": 30.2224756506751, "n_waypoints_completed": 9, "tot_waypoints": 9}}
{"target": -1549.5629324006466, "params": {"k_pid_pos": [1.660498023033142, 0.9454483389854431, 0.03638836741447449], "k_pid_alt": [1.9908466339111328, 0.9951997995376587, 0.015010446310043335], "k_pid_att": [100.0, 0.6174310445785522, 0.9265522360801697], "k_pid_yaw": [0.5, 1e-06, 0.1], "k_pid_hsp": [9.999999046325684, 0.9958031177520752, 0.037993431091308594], "k_pid_vsp": [0.05086660385131836, 3.259230613708496, 0.4981408715248108]}, "datetime": {"datetime": "2025-08-12 04:45:58", "elapsed": 44437.842202186584, "delta": 30.188729524612427}, "costs": {"total_cost": 1549.5629324006466, "time_cost": 150, "final_distance_cost": 10.25977908869329, "oscillation_cost": 64.23152155899636, "completition_cost": 1000.0, "overshoot_cost": 166.66384553353512, "power_cost": 16.547032250976564, "noise_cost": 141.86075396844532, "n_waypoints_completed": 0, "tot_waypoints": 9}}
{"target": -1526.5998959482151, "params": {"k_pid_pos": [1.9267643690109253, 0.9546566009521484, 0.07521921396255493], "k_pid_alt": [1.9668906927108765, 0.9868037104606628, 0.01621156930923462], "k_pid_att": [100.0, 0.6677693724632263, 0.9654541015625], "k_pid_yaw": [0.5, 1e-06, 0.1], "k_pid_hsp": [10.0, 0.9345945715904236, 0.004893392324447632], "k_pid_vsp": [400.0, 7.11422061920166, 399.99853515625]}, "datetime": {"datetime": "2025-08-12 04:46:29", "elapsed": 44468.87228822708, "delta": 31.030086040496826}, "costs": {"total_cost": 1526.5998959482151, "time_cost": 150, "final_distance_cost": 11.36410049364219, "oscillation_cost": 53.14169180265881, "completition_cost": 1000.0, "overshoot_cost": 163.95545074657417, "power_cost": 31.65339091796875, "noise_cost": 116.48526198737109, "n_waypoints_completed": 0, "tot_waypoints": 9}}
{"target": -1569.8399690671813, "params": {"k_pid_pos": [1.9833039045333862, 0.9971728324890137, 0.016039282083511353], "k_pid_alt": [1.9695327281951904, 0.9703009128570557, 0.017333626747131348], "k_pid_att": [100.0, 1.1410311460494995, 0.9811102747917175], "k_pid_yaw": [0.5, 1e-06, 0.1], "k_pid_hsp": [10.0, 0.9869801998138428, 0.022485345602035522], "k_pid_vsp": [0.32747983932495117, 14.781929016113281, 0.5583177208900452]}, "datetime": {"datetime": "2025-08-12 04:47:01", "elapsed": 44500.79828286171, "delta": 31.925994634628296}, "costs": {"total_cost": 1569.8399690671813, "time_cost": 150, "final_distance_cost": 14.150864209782688, "oscillation_cost": 61.37006476607522, "completition_cost": 1000.0, "overshoot_cost": 166.05853434883582, "power_cost": 25.964993395996096, "noise_cost": 152.2955123464915, "n_waypoints_completed": 0, "tot_waypoints": 9}}
{"target": -1572.9976640942666, "params": {"k_pid_pos": [1.9853508472442627, 0.9293668866157532, 0.04518485069274902], "k_pid_alt": [1.9066452980041504, 0.9777970314025879, 0.04484066367149353], "k_pid_att": [99.99311828613281, 1.30818772315979, 0.9906730651855469], "k_pid_yaw": [0.5, 1e-06, 0.1], "k_pid_hsp": [10.0, 0.9847229719161987, 0.055752336978912354], "k_pid_vsp": [0.0016331672668457031, 8.223248481750488, 220.43228149414062]}, "datetime": {"datetime": "2025-08-12 04:47:32", "elapsed": 44532.22028255463, "delta": 31.42199969291687}, "costs": {"total_cost": 1572.9976640942666, "time_cost": 150, "final_distance_cost": 12.137956189917183, "oscillation_cost": 81.73911716424237, "completition_cost": 1000.0, "overshoot_cost": 165.7561584063237, "power_cost": 31.683546826171877, "noise_cost": 131.68088550761158, "n_waypoints_completed": 0, "tot_waypoints": 9}}
{"target": -1545.311636104469, "params": {"k_pid_pos": [1.9817087650299072, 0.9861137866973877, 0.016489237546920776], "k_pid_alt": [1.9577165842056274, 0.9699371457099915, 0.005576968193054199], "k_pid_att": [94.97196960449219, 1.1756640672683716, 0.9201021194458008], "k_pid_yaw": [0.5, 1e-06, 0.1], "k_pid_hsp": [1.246851921081543, 0.9589515924453735, 0.04030841588973999], "k_pid_vsp": [0.0, 28.433229446411133, 399.99981689453125]}, "datetime": {"datetime": "2025-08-12 04:48:05", "elapsed": 44564.79936003685, "delta": 32.57907748222351}, "costs": {"total_cost": 1545.311636104469, "time_cost": 150, "final_distance_cost": 18.766517372015155, "oscillation_cost": 57.20591407308183, "completition_cost": 1000.0, "overshoot_cost": 170.00862475710127, "power_cost": 28.90835798339844, "noise_cost": 120.42222191887227, "n_waypoints_completed": 0, "tot_waypoints": 9}}
{"target": -1586.908990338606, "params": {"k_pid_pos": [1.9664783477783203, 0.8076652884483337, 0.011995583772659302], "k_pid_alt": [1.9466735124588013, 0.9819685220718384, 0.020039796829223633], "k_pid_att": [99.99964141845703, 0.856081485748291, 0.9877161979675293], "k_pid_yaw": [0.5, 1e-06, 0.1], "k_pid_hsp": [10.0, 0.9446191191673279, 0.21530687808990479], "k_pid_vsp": [0.15050172805786133, 2.150655746459961, 399.94854736328125]}, "datetime": {"datetime": "2025-08-12 04:48:37", "elapsed": 44596.83857893944, "delta": 32.03921890258789}, "costs": {"total_cost": 1586.908990338606, "time_cost": 150, "final_distance_cost": 12.479899517396033, "oscillation_cost": 96.29593296434932, "completition_cost": 1000.0, "overshoot_cost": 165.84255040045082, "power_cost": 28.239758447265626, "noise_cost": 134.05084900914432, "n_waypoints_completed": 0, "tot_waypoints": 9}}
{"target": -1520.937995778757, "params": {"k_pid_pos": [1.9765830039978027, 0.6224672198295593, 0.01306992769241333], "k_pid_alt": [1.913827657699585, 0.9698977470397949, 0.02335682511329651], "k_pid_att": [100.0, 1.8783248662948608, 0.9679162502288818], "k_pid_yaw": [0.5, 1e-06, 0.1], "k_pid_hsp": [10.0, 0.9657312631607056, 0.010880112648010254], "k_pid_vsp": [0.0, 1.4292964935302734, 9.999999974752427e-07]}, "datetime": {"datetime": "2025-08-12 04:49:09", "elapsed": 44628.68518137932, "delta": 31.84660243988037}, "costs": {"total_cost": 1520.937995778757, "time_cost": 150, "final_distance_cost": 5.248150969986945, "oscillation_cost": 48.7857067493578, "completition_cost": 1000.0, "overshoot_cost": 164.24811126328464, "power_cost": 13.147363940429688, "noise_cost": 139.50866285569808, "n_waypoints_completed": 0, "tot_waypoints": 9}}
{"target": -1531.4420357545985, "params": {"k_pid_pos": [1.9778996706008911, 0.9482083320617676, 0.008729159832000732], "k_pid_alt": [1.9710826873779297, 0.8689721822738647, 0.014212727546691895], "k_pid_att": [98.80445861816406, 2.0707931518554688, 0.9847242832183838], "k_pid_yaw": [0.5, 1e-06, 0.1], "k_pid_hsp": [10.0, 0.9909390211105347, 0.010753929615020752], "k_pid_vsp": [0.002968311309814453, 1.932610034942627, 393.5185852050781]}, "datetime": {"datetime": "2025-08-12 04:49:40", "elapsed": 44659.80425000191, "delta": 31.11906862258911}, "costs": {"total_cost": 1531.4420357545985, "time_cost": 150, "final_distance_cost": 9.30057291906377, "oscillation_cost": 53.2966530027561, "completition_cost": 1000.0, "overshoot_cost": 164.420185978135, "power_cost": 19.46757615966797, "noise_cost": 134.9570476949756, "n_waypoints_completed": 0, "tot_waypoints": 9}}
{"target": -771.5206668690931, "params": {"k_pid_pos": [1.9859920740127563, 0.9075829982757568, 0.06556421518325806], "k_pid_alt": [1.9780155420303345, 0.9624326229095459, 0.008245915174484253], "k_pid_att": [99.99868774414062, 0.047875627875328064, 0.7751800417900085], "k_pid_yaw": [0.5, 1e-06, 0.1], "k_pid_hsp": [10.0, 0.9634390473365784, 0.01681533455848694], "k_pid_vsp": [399.9488830566406, 3.1241068840026855, 0.022066639736294746]}, "datetime": {"datetime": "2025-08-12 04:50:10", "elapsed": 44689.88935112953, "delta": 30.08510112762451}, "costs": {"total_cost": 771.5206668690931, "time_cost": 150, "final_distance_cost": 64.77538987986658, "oscillation_cost": 203.0956870743009, "completition_cost": 222.2222222222222, "overshoot_cost": 66.64586417417203, "power_cost": 31.02699909667969, "noise_cost": 33.754504421851706, "n_waypoints_completed": 7, "tot_waypoints": 9}}
{"target": -1539.1966446077834, "params": {"k_pid_pos": [1.967726469039917, 0.9948595762252808, 0.029101073741912842], "k_pid_alt": [1.7907464504241943, 0.9377684593200684, 0.002665489912033081], "k_pid_att": [100.0, 0.8524024486541748, 0.9976776838302612], "k_pid_yaw": [0.5, 1e-06, 0.1], "k_pid_hsp": [10.0, 0.9709023237228394, 0.0071356892585754395], "k_pid_vsp": [0.0, 8.782459259033203, 399.99200439453125]}, "datetime": {"datetime": "2025-08-12 04:50:41", "elapsed": 44720.69870495796, "delta": 30.809353828430176}, "costs": {"total_cost": 1539.1966446077834, "time_cost": 150, "final_distance_cost": 9.053394230286436, "oscillation_cost": 50.26657066994756, "completition_cost": 1000.0, "overshoot_cost": 165.3113842652157, "power_cost": 23.5377166015625, "noise_cost": 141.02757884077104, "n_waypoints_completed": 0, "tot_waypoints": 9}}
{"target": -1388.4127958275121, "params": {"k_pid_pos": [1.9966814517974854, 0.9598067402839661, 0.028420835733413696], "k_pid_alt": [1.8354289531707764, 0.9848134517669678, 0.066020667552948], "k_pid_att": [100.0, 0.9982293844223022, 0.9959604740142822], "k_pid_yaw": [0.5, 1e-06, 0.1], "k_pid_hsp": [10.0, 0.9863330125808716, 0.05731689929962158], "k_pid_vsp": [246.61611938476562, 1.6984353065490723, 46.04814147949219]}, "datetime": {"datetime": "2025-08-12 04:51:12", "elapsed": 44751.77333521843, "delta": 31.07463026046753}, "costs": {"total_cost": 1388.4127958275121, "time_cost": 150, "final_distance_cost": 46.1591315322064, "oscillation_cost": 92.44303671496344, "completition_cost": 1000.0, "overshoot_cost": 33.416514326153546, "power_cost": 35.784273254394535, "noise_cost": 30.60983999979432, "n_waypoints_completed": 0, "tot_waypoints": 9}}
{"target": -1434.9322382283708, "params": {"k_pid_pos": [1.9609458446502686, 0.986533522605896, 0.022936969995498657], "k_pid_alt": [1.972984790802002, 0.9617628455162048, 0.015897005796432495], "k_pid_att": [100.0, 0.12665072083473206, 0.9575598835945129], "k_pid_yaw": [0.5, 1e-06, 0.1], "k_pid_hsp": [10.0, 0.9925801753997803, 0.029894918203353882], "k_pid_vsp": [399.99993896484375, 3.045583724975586, 400.0]}, "datetime": {"datetime": "2025-08-12 04:51:42", "elapsed": 44782.143605709076, "delta": 30.370270490646362}, "costs": {"total_cost": 1434.9322382283708, "time_cost": 150, "final_distance_cost": 28.54647536423849, "oscillation_cost": 74.63201347547076, "completition_cost": 1000.0, "overshoot_cost": 115.16282131351323, "power_cost": 35.08937561035157, "noise_cost": 31.501552464796898, "n_waypoints_completed": 0, "tot_waypoints": 9}}
{"target": -1503.3173826961352, "params": {"k_pid_pos": [1.9218820333480835, 0.9774526357650757, 0.015292555093765259], "k_pid_alt": [1.8928344249725342, 0.9142481684684753, 0.0443992018699646], "k_pid_att": [100.0, 0.02405814453959465, 0.9963076114654541], "k_pid_yaw": [0.5, 1e-06, 0.1], "k_pid_hsp": [10.0, 0.9527621865272522, 0.012401372194290161], "k_pid_vsp": [399.99383544921875, 34.905399322509766, 399.61834716796875]}, "datetime": {"datetime": "2025-08-12 04:52:13", "elapsed": 44812.71434855461, "delta": 30.57074284553528}, "costs": {"total_cost": 1503.3173826961352, "time_cost": 150, "final_distance_cost": 5.386574056730941, "oscillation_cost": 57.77062685593612, "completition_cost": 1000.0, "overshoot_cost": 160.18076859859704, "power_cost": 33.54640438232422, "noise_cost": 96.43300880254671, "n_waypoints_completed": 0, "tot_waypoints": 9}}
{"target": -1550.2267772402167, "params": {"k_pid_pos": [1.929511547088623, 0.9548282027244568, 0.044870078563690186], "k_pid_alt": [1.9652736186981201, 0.9711740016937256, 0.136121928691864], "k_pid_att": [100.0, 0.7918140292167664, 0.7499149441719055], "k_pid_yaw": [0.5, 1e-06, 0.1], "k_pid_hsp": [7.62528657913208, 0.9326316118240356, 0.010895013809204102], "k_pid_vsp": [0.0, 13.639069557189941, 243.20843505859375]}, "datetime": {"datetime": "2025-08-12 04:52:44", "elapsed": 44843.65307641029, "delta": 30.938727855682373}, "costs": {"total_cost": 1550.2267772402167, "time_cost": 150, "final_distance_cost": 6.6749241526206555, "oscillation_cost": 59.106062672246956, "completition_cost": 1000.0, "overshoot_cost": 165.42220970906237, "power_cost": 25.715009497070312, "noise_cost": 143.30857120921658, "n_waypoints_completed": 0, "tot_waypoints": 9}}
{"target": -1527.9598071078667, "params": {"k_pid_pos": [1.972163438796997, 0.9375565052032471, 0.02673324942588806], "k_pid_alt": [1.941300868988037, 0.9854131937026978, 0.03636789321899414], "k_pid_att": [100.0, 0.09849138557910919, 0.951209306716919], "k_pid_yaw": [0.5, 1e-06, 0.1], "k_pid_hsp": [9.99952507019043, 0.9675856828689575, 0.011028796434402466], "k_pid_vsp": [0.34439563751220703, 5.933452606201172, 63.248779296875]}, "datetime": {"datetime": "2025-08-12 04:53:15", "elapsed": 44875.005868434906, "delta": 31.352792024612427}, "costs": {"total_cost": 1527.9598071078667, "time_cost": 150, "final_distance_cost": 1.2360346870308576, "oscillation_cost": 50.64290420006763, "completition_cost": 1000.0, "overshoot_cost": 164.60893654083455, "power_cost": 22.449989196777345, "noise_cost": 139.0219424831564, "n_waypoints_completed": 0, "tot_waypoints": 9}}
{"target": -1454.0640671237943, "params": {"k_pid_pos": [1.9835797548294067, 0.9419534206390381, 0.06280314922332764], "k_pid_alt": [1.9276376962661743, 0.979514479637146, 0.008048176765441895], "k_pid_att": [100.0, 0.05875395983457565, 0.989305853843689], "k_pid_yaw": [0.5, 1e-06, 0.1], "k_pid_hsp": [10.0, 0.9934253692626953, 0.132313072681427], "k_pid_vsp": [370.1910400390625, 6.48403263092041, 399.7658386230469]}, "datetime": {"datetime": "2025-08-12 04:53:47", "elapsed": 44906.63430023193, "delta": 31.628431797027588}, "costs": {"total_cost": 1454.0640671237943, "time_cost": 150, "final_distance_cost": 42.25876141648756, "oscillation_cost": 97.99809475789972, "completition_cost": 1000.0, "overshoot_cost": 92.3084874940998, "power_cost": 37.63073779296875, "noise_cost": 33.86798566233813, "n_waypoints_completed": 0, "tot_waypoints": 9}}
{"target": -1552.7172236063875, "params": {"k_pid_pos": [1.9897642135620117, 0.9525145888328552, 0.2170230746269226], "k_pid_alt": [1.534473180770874, 0.9158228635787964, 0.040298521518707275], "k_pid_att": [99.9979019165039, 0.7224578857421875, 0.969866931438446], "k_pid_yaw": [0.5, 1e-06, 0.1], "k_pid_hsp": [10.0, 0.9830398559570312, 0.01749241352081299], "k_pid_vsp": [3.652310371398926, 11.568690299987793, 399.94049072265625]}, "datetime": {"datetime": "2025-08-12 04:54:19", "elapsed": 44939.37100100517, "delta": 32.736700773239136}, "costs": {"total_cost": 1552.7172236063875, "time_cost": 150, "final_distance_cost": 8.777324032992741, "oscillation_cost": 71.17585530569883, "completition_cost": 1000.0, "overshoot_cost": 164.229418174761, "power_cost": 31.824406127929688, "noise_cost": 126.71021996500521, "n_waypoints_completed": 0, "tot_waypoints": 9}}
