{"target": -598.3601736221792, "params": {"k_pid_pos": [1.9296119213104248, 0.9739154577255249, 0.15425944328308105], "k_pid_alt": [1.9973467588424683, 0.9627195596694946, 0.026812881231307983], "k_pid_att": [100.0, 0.5127696394920349, 0.9683486223220825], "k_pid_yaw": [0.5, 1e-06, 0.1], "k_pid_hsp": [10.0, 0.9966176748275757, 0.01229354739189148], "k_pid_vsp": [399.83184814453125, 2.306319236755371, 9.999999974752427e-07]}, "datetime": {"datetime": "2025-08-12 07:33:26", "elapsed": 54485.55045008659, "delta": 31.314692735671997}, "costs": {"total_cost": 598.3601736221792, "time_cost": 150, "final_distance_cost": 45.090947490182565, "oscillation_cost": 151.88514030186465, "completition_cost": 111.11111111111116, "overshoot_cost": 77.08891157330463, "power_cost": 30.916831347656252, "noise_cost": 32.26723179805991, "n_waypoints_completed": 8, "tot_waypoints": 9}}
{"target": -739.9143084379575, "params": {"k_pid_pos": [1.963393211364746, 0.9692116379737854, 0.03282657265663147], "k_pid_alt": [1.9834134578704834, 0.9566246271133423, 0.05920732021331787], "k_pid_att": [100.0, 0.13202372193336487, 0.9872806072235107], "k_pid_yaw": [0.5, 1e-06, 0.1], "k_pid_hsp": [9.999381065368652, 0.9772494435310364, 0.0022356510162353516], "k_pid_vsp": [399.3385314941406, 2.241469383239746, 9.999999974752427e-07]}, "datetime": {"datetime": "2025-08-12 07:33:58", "elapsed": 54517.72739982605, "delta": 32.17694973945618}, "costs": {"total_cost": 739.9143084379575, "time_cost": 150, "final_distance_cost": 65.88440684751107, "oscillation_cost": 173.14319853734744, "completition_cost": 222.2222222222222, "overshoot_cost": 64.01379214227066, "power_cost": 30.792250329589844, "noise_cost": 33.85843835901643, "n_waypoints_completed": 7, "tot_waypoints": 9}}
{"target": -1435.6520844824581, "params": {"k_pid_pos": [1.9555507898330688, 0.9590371251106262, 0.028318673372268677], "k_pid_alt": [1.9834657907485962, 0.994382917881012, 0.00382232666015625], "k_pid_att": [100.0, 0.024969788268208504, 0.9934208393096924], "k_pid_yaw": [0.5, 1e-06, 0.1], "k_pid_hsp": [6.162222862243652, 0.9835801720619202, 0.016224414110183716], "k_pid_vsp": [0.10180473327636719, 19.63439178466797, 9.999999974752427e-07]}, "datetime": {"datetime": "2025-08-12 07:34:31", "elapsed": 54550.86156272888, "delta": 33.13416290283203}, "costs": {"total_cost": 1435.6520844824581, "time_cost": 150, "final_distance_cost": 42.352776223178864, "oscillation_cost": 67.45215541152255, "completition_cost": 1000.0, "overshoot_cost": 98.71787027384742, "power_cost": 27.959231933593752, "noise_cost": 49.170050640315296, "n_waypoints_completed": 0, "tot_waypoints": 9}}
{"target": -1558.804562684308, "params": {"k_pid_pos": [1.9533295631408691, 0.9635804891586304, 0.012946456670761108], "k_pid_alt": [1.9902877807617188, 0.9971790909767151, 0.054024189710617065], "k_pid_att": [100.0, 0.07579445838928223, 0.97310870885849], "k_pid_yaw": [0.5, 1e-06, 0.1], "k_pid_hsp": [10.0, 0.9904796481132507, 0.04132741689682007], "k_pid_vsp": [0.0, 5.227268695831299, 9.999999974752427e-07]}, "datetime": {"datetime": "2025-08-12 07:35:04", "elapsed": 54583.653992414474, "delta": 32.79242968559265}, "costs": {"total_cost": 1558.804562684308, "time_cost": 150, "final_distance_cost": 10.929983804099571, "oscillation_cost": 69.36661355281211, "completition_cost": 1000.0, "overshoot_cost": 166.75434743115002, "power_cost": 18.194447033691407, "noise_cost": 143.55917086255477, "n_waypoints_completed": 0, "tot_waypoints": 9}}
{"target": -854.2049941542477, "params": {"k_pid_pos": [1.9862843751907349, 0.9797897934913635, 0.013521313667297363], "k_pid_alt": [1.9720776081085205, 0.9866169691085815, 0.0015745162963867188], "k_pid_att": [100.0, 0.06208105757832527, 0.9553135633468628], "k_pid_yaw": [0.5, 1e-06, 0.1], "k_pid_hsp": [10.0, 0.9895281791687012, 0.01836976408958435], "k_pid_vsp": [399.99993896484375, 7.876802444458008, 0.1481185406446457]}, "datetime": {"datetime": "2025-08-12 07:35:36", "elapsed": 54615.7412583828, "delta": 32.087265968322754}, "costs": {"total_cost": 854.2049941542477, "time_cost": 150, "final_distance_cost": 76.53744501041263, "oscillation_cost": 164.5417828813843, "completition_cost": 333.33333333333337, "overshoot_cost": 64.96891777475078, "power_cost": 30.608306079101563, "noise_cost": 34.21520907526512, "n_waypoints_completed": 6, "tot_waypoints": 9}}
{"target": -1540.6167520713402, "params": {"k_pid_pos": [1.9646533727645874, 0.9553334712982178, 0.028124094009399414], "k_pid_alt": [1.9672784805297852, 0.9063379764556885, 0.00920724868774414], "k_pid_att": [100.0, 0.04685550183057785, 0.9574470520019531], "k_pid_yaw": [0.5, 1e-06, 0.1], "k_pid_hsp": [10.0, 0.974323034286499, 0.07502925395965576], "k_pid_vsp": [0.0003218650817871094, 3.100527286529541, 0.01605849154293537]}, "datetime": {"datetime": "2025-08-12 07:36:08", "elapsed": 54647.66825962067, "delta": 31.927001237869263}, "costs": {"total_cost": 1540.6167520713402, "time_cost": 150, "final_distance_cost": 3.070043803916257, "oscillation_cost": 63.36049643791414, "completition_cost": 1000.0, "overshoot_cost": 166.90845232135365, "power_cost": 17.190135339355468, "noise_cost": 140.08762416880052, "n_waypoints_completed": 0, "tot_waypoints": 9}}
{"target": -1532.20242748183, "params": {"k_pid_pos": [1.7315731048583984, 0.8519903421401978, 0.007274895906448364], "k_pid_alt": [1.9902855157852173, 0.9305272102355957, 0.01977202296257019], "k_pid_att": [100.0, 0.3704640567302704, 0.9902698993682861], "k_pid_yaw": [0.5, 1e-06, 0.1], "k_pid_hsp": [10.0, 0.9199663996696472, 0.013031929731369019], "k_pid_vsp": [0.0, 5.96898889541626, 400.0]}, "datetime": {"datetime": "2025-08-12 07:36:39", "elapsed": 54678.54422736168, "delta": 30.875967741012573}, "costs": {"total_cost": 1532.20242748183, "time_cost": 150, "final_distance_cost": 8.83030970285192, "oscillation_cost": 50.06520095328505, "completition_cost": 1000.0, "overshoot_cost": 164.25213941957915, "power_cost": 22.19959581298828, "noise_cost": 136.85518159312545, "n_waypoints_completed": 0, "tot_waypoints": 9}}
{"target": -1247.8895644532004, "params": {"k_pid_pos": [1.9241971969604492, 0.9313790798187256, 0.05756312608718872], "k_pid_alt": [1.978088617324829, 0.968257486820221, 0.03396385908126831], "k_pid_att": [100.0, 0.04518986865878105, 0.9928913116455078], "k_pid_yaw": [0.5, 1e-06, 0.1], "k_pid_hsp": [10.0, 0.9913309812545776, 0.1193854808807373], "k_pid_vsp": [396.2569580078125, 14.060259819030762, 396.087890625]}, "datetime": {"datetime": "2025-08-12 07:37:11", "elapsed": 54711.370628118515, "delta": 32.82640075683594}, "costs": {"total_cost": 1247.8895644532004, "time_cost": 150, "final_distance_cost": 66.61352553508753, "oscillation_cost": 109.48603146323983, "completition_cost": 777.7777777777778, "overshoot_cost": 76.03260294977919, "power_cost": 36.486340332031254, "noise_cost": 31.493286395284667, "n_waypoints_completed": 2, "tot_waypoints": 9}}
{"target": -966.6378977909858, "params": {"k_pid_pos": [1.9933924674987793, 0.9707856178283691, 0.01876237988471985], "k_pid_alt": [1.884671688079834, 0.9171607494354248, 0.044241487979888916], "k_pid_att": [100.0, 0.6983420848846436, 0.9812652468681335], "k_pid_yaw": [0.5, 1e-06, 0.1], "k_pid_hsp": [10.0, 0.9951397180557251, 0.018376171588897705], "k_pid_vsp": [399.7430725097656, 4.007006645202637, 42.2337760925293]}, "datetime": {"datetime": "2025-08-12 07:37:45", "elapsed": 54744.38851094246, "delta": 33.01788282394409}, "costs": {"total_cost": 966.6378977909858, "time_cost": 150, "final_distance_cost": 38.13999982684579, "oscillation_cost": 92.54898218077012, "completition_cost": 555.5555555555555, "overshoot_cost": 64.2334158882545, "power_cost": 34.41451066894531, "noise_cost": 31.745433670614545, "n_waypoints_completed": 4, "tot_waypoints": 9}}
{"target": -1366.1405404917946, "params": {"k_pid_pos": [1.9244625568389893, 0.9952676296234131, 0.020992279052734375], "k_pid_alt": [1.9642243385314941, 0.9844304323196411, 0.015142858028411865], "k_pid_att": [100.0, 0.23903056979179382, 0.9254125952720642], "k_pid_yaw": [0.5, 1e-06, 0.1], "k_pid_hsp": [9.99996566772461, 0.9970634579658508, 0.02705487608909607], "k_pid_vsp": [42.351806640625, 44.887481689453125, 0.00032286508940160275]}, "datetime": {"datetime": "2025-08-12 07:38:16", "elapsed": 54776.06255578995, "delta": 31.674044847488403}, "costs": {"total_cost": 1366.1405404917946, "time_cost": 150, "final_distance_cost": 46.667282776038064, "oscillation_cost": 71.73097961110834, "completition_cost": 1000.0, "overshoot_cost": 34.01440951003372, "power_cost": 29.626439221191408, "noise_cost": 34.10142937342285, "n_waypoints_completed": 0, "tot_waypoints": 9}}
{"target": -1249.6284517810034, "params": {"k_pid_pos": [1.9899287223815918, 0.9710174798965454, 0.011061131954193115], "k_pid_alt": [1.9658598899841309, 0.972221314907074, 0.04438534379005432], "k_pid_att": [99.99999237060547, 0.16457170248031616, 0.9893757104873657], "k_pid_yaw": [0.5, 1e-06, 0.1], "k_pid_hsp": [9.999999046325684, 0.9757274985313416, 0.006930828094482422], "k_pid_vsp": [0.0008463859558105469, 49.34980773925781, 0.047887369990348816]}, "datetime": {"datetime": "2025-08-12 07:38:48", "elapsed": 54808.15506386757, "delta": 32.09250807762146}, "costs": {"total_cost": 1249.6284517810034, "time_cost": 150, "final_distance_cost": 65.60558104147313, "oscillation_cost": 144.44675756446762, "completition_cost": 777.7777777777778, "overshoot_cost": 47.630183095929816, "power_cost": 33.9034789428711, "noise_cost": 30.26467335848389, "n_waypoints_completed": 2, "tot_waypoints": 9}}
{"target": -1585.638724937112, "params": {"k_pid_pos": [1.9374310970306396, 0.9857478141784668, 0.02483910322189331], "k_pid_alt": [1.9046142101287842, 0.9920463562011719, 0.0020408034324645996], "k_pid_att": [100.0, 0.17045821249485016, 0.9182703495025635], "k_pid_yaw": [0.5, 1e-06, 0.1], "k_pid_hsp": [5.763068199157715, 0.9815238118171692, 0.10825467109680176], "k_pid_vsp": [0.0007152557373046875, 13.793290138244629, 400.0]}, "datetime": {"datetime": "2025-08-12 07:39:20", "elapsed": 54839.62613368034, "delta": 31.471069812774658}, "costs": {"total_cost": 1585.638724937112, "time_cost": 150, "final_distance_cost": 11.001885887907505, "oscillation_cost": 84.51221252308191, "completition_cost": 1000.0, "overshoot_cost": 166.44041320701479, "power_cost": 28.511513671875, "noise_cost": 145.1726996472328, "n_waypoints_completed": 0, "tot_waypoints": 9}}
{"target": -1366.5980597072091, "params": {"k_pid_pos": [1.8918925523757935, 0.9978437423706055, 0.010290443897247314], "k_pid_alt": [1.9645870923995972, 0.9823821783065796, 0.009979844093322754], "k_pid_att": [7.305202007293701, 0.08936361968517303, 0.9928150177001953], "k_pid_yaw": [0.5, 1e-06, 0.1], "k_pid_hsp": [10.0, 0.9971750974655151, 0.027478456497192383], "k_pid_vsp": [399.9787902832031, 16.389991760253906, 21.9305419921875]}, "datetime": {"datetime": "2025-08-12 07:39:52", "elapsed": 54871.53797411919, "delta": 31.911840438842773}, "costs": {"total_cost": 1366.5980597072091, "time_cost": 150, "final_distance_cost": 46.3559113938867, "oscillation_cost": 68.97628164911393, "completition_cost": 1000.0, "overshoot_cost": 36.814131400046655, "power_cost": 33.291425769042974, "noise_cost": 31.160309495118906, "n_waypoints_completed": 0, "tot_waypoints": 9}}
{"target": -1379.0585894575302, "params": {"k_pid_pos": [1.900834560394287, 0.9960800409317017, 0.09257513284683228], "k_pid_alt": [1.9650853872299194, 0.9880996942520142, 0.007070571184158325], "k_pid_att": [100.0, 0.7742162346839905, 0.9934791922569275], "k_pid_yaw": [0.5, 1e-06, 0.1], "k_pid_hsp": [10.0, 0.9478623867034912, 0.03805643320083618], "k_pid_vsp": [400.0, 4.687953948974609, 0.007666157092899084]}, "datetime": {"datetime": "2025-08-12 07:40:24", "elapsed": 54903.76793670654, "delta": 32.22996258735657}, "costs": {"total_cost": 1379.0585894575302, "time_cost": 150, "final_distance_cost": 45.208903563696644, "oscillation_cost": 89.54184799798432, "completition_cost": 1000.0, "overshoot_cost": 29.908188666526716, "power_cost": 30.38544344482422, "noise_cost": 34.01420578449817, "n_waypoints_completed": 0, "tot_waypoints": 9}}
{"target": -647.5407807803927, "params": {"k_pid_pos": [1.9430819749832153, 0.9391224980354309, 0.06889188289642334], "k_pid_alt": [1.7872687578201294, 0.9349178671836853, 0.0370887815952301], "k_pid_att": [100.0, 0.3913937211036682, 0.9803078174591064], "k_pid_yaw": [0.5, 1e-06, 0.1], "k_pid_hsp": [10.0, 0.9948172569274902, 0.14951667189598083], "k_pid_vsp": [399.9879455566406, 4.566551208496094, 2.4064550399780273]}, "datetime": {"datetime": "2025-08-12 07:40:56", "elapsed": 54935.99825310707, "delta": 32.230316400527954}, "costs": {"total_cost": 647.5407807803927, "time_cost": 150, "final_distance_cost": 54.565160182142165, "oscillation_cost": 184.80492385801213, "completition_cost": 111.11111111111116, "overshoot_cost": 79.12242756145572, "power_cost": 34.40547036132813, "noise_cost": 33.53168770634332, "n_waypoints_completed": 8, "tot_waypoints": 9}}
{"target": -1535.3613830927022, "params": {"k_pid_pos": [1.9731392860412598, 0.9843225479125977, 0.004137903451919556], "k_pid_alt": [1.955108880996704, 0.9607239365577698, 0.005476534366607666], "k_pid_att": [100.0, 0.7128690481185913, 0.8532509803771973], "k_pid_yaw": [0.5, 1e-06, 0.1], "k_pid_hsp": [10.0, 0.9728153944015503, 0.007016569375991821], "k_pid_vsp": [400.0, 8.271599769592285, 400.0]}, "datetime": {"datetime": "2025-08-12 07:41:29", "elapsed": 54968.884944438934, "delta": 32.8866913318634}, "costs": {"total_cost": 1535.3613830927022, "time_cost": 150, "final_distance_cost": 14.612888153297737, "oscillation_cost": 62.56875790295923, "completition_cost": 1000.0, "overshoot_cost": 164.02369642136452, "power_cost": 31.994509509277346, "noise_cost": 112.16153110580338, "n_waypoints_completed": 0, "tot_waypoints": 9}}
{"target": -1434.7904412793725, "params": {"k_pid_pos": [1.961517572402954, 0.9860430955886841, 0.0060225725173950195], "k_pid_alt": [1.9907190799713135, 0.9434837102890015, 0.05356103181838989], "k_pid_att": [99.99931335449219, 2.9049315452575684, 0.8843621611595154], "k_pid_yaw": [0.5, 1e-06, 0.1], "k_pid_hsp": [0.00011192081001354381, 0.9944415092468262, 0.035720765590667725], "k_pid_vsp": [400.0, 1.9974241256713867, 400.0]}, "datetime": {"datetime": "2025-08-12 07:41:59", "elapsed": 54999.18126320839, "delta": 30.296318769454956}, "costs": {"total_cost": 1434.7904412793725, "time_cost": 150, "final_distance_cost": 32.65305056035877, "oscillation_cost": 63.963566847438635, "completition_cost": 1000.0, "overshoot_cost": 116.44774160073277, "power_cost": 35.91311655273438, "noise_cost": 35.812965718108046, "n_waypoints_completed": 0, "tot_waypoints": 9}}
{"target": -1317.442055511347, "params": {"k_pid_pos": [1.9936848878860474, 0.9920005798339844, 0.011502265930175781], "k_pid_alt": [1.9934494495391846, 0.9578282833099365, 0.01722314953804016], "k_pid_att": [100.0, 0.3019861578941345, 0.9861005544662476], "k_pid_yaw": [0.5, 1e-06, 0.1], "k_pid_hsp": [10.0, 0.9901838302612305, 0.04137760400772095], "k_pid_vsp": [399.99603271484375, 1.3171801567077637, 9.999999974752427e-07]}, "datetime": {"datetime": "2025-08-12 07:42:32", "elapsed": 55031.574585199356, "delta": 32.3933219909668}, "costs": {"total_cost": 1317.442055511347, "time_cost": 150, "final_distance_cost": 64.20745405514461, "oscillation_cost": 108.82903457169412, "completition_cost": 888.8888888888888, "overshoot_cost": 41.38780391045092, "power_cost": 30.343185217285157, "noise_cost": 33.78568886788341, "n_waypoints_completed": 1, "tot_waypoints": 9}}
{"target": -643.9711670530185, "params": {"k_pid_pos": [1.9981129169464111, 0.9883533120155334, 0.008144378662109375], "k_pid_alt": [1.9831000566482544, 0.9657909870147705, 0.04639410972595215], "k_pid_att": [99.99998474121094, 0.7050690054893494, 0.9869651794433594], "k_pid_yaw": [0.5, 1e-06, 0.1], "k_pid_hsp": [8.154646873474121, 0.8256999850273132, 0.003193497657775879], "k_pid_vsp": [399.9999694824219, 31.9934139251709, 0.6501327157020569]}, "datetime": {"datetime": "2025-08-12 07:43:04", "elapsed": 55064.2620882988, "delta": 32.68750309944153}, "costs": {"total_cost": 643.9711670530185, "time_cost": 150, "final_distance_cost": 61.247786383787684, "oscillation_cost": 87.10518886656001, "completition_cost": 222.2222222222222, "overshoot_cost": 59.71472293340983, "power_cost": 29.218896020507813, "noise_cost": 34.46235062653092, "n_waypoints_completed": 7, "tot_waypoints": 9}}
{"target": -1424.528534028293, "params": {"k_pid_pos": [1.5979031324386597, 0.9853134155273438, 0.00384598970413208], "k_pid_alt": [1.9608638286590576, 0.8248717784881592, 0.009823888540267944], "k_pid_att": [100.0, 0.185283824801445, 0.992769181728363], "k_pid_yaw": [0.5, 1e-06, 0.1], "k_pid_hsp": [10.0, 0.9623168110847473, 0.024760186672210693], "k_pid_vsp": [398.2024230957031, 7.353867053985596, 400.0]}, "datetime": {"datetime": "2025-08-12 07:43:37", "elapsed": 55096.54728794098, "delta": 32.2851996421814}, "costs": {"total_cost": 1424.528534028293, "time_cost": 150, "final_distance_cost": 26.25208725379433, "oscillation_cost": 73.76386698689224, "completition_cost": 1000.0, "overshoot_cost": 109.02603769038748, "power_cost": 34.51080126953125, "noise_cost": 30.9757408276877, "n_waypoints_completed": 0, "tot_waypoints": 9}}
{"target": -651.4558543672307, "params": {"k_pid_pos": [1.9778069257736206, 0.9806989431381226, 0.013486027717590332], "k_pid_alt": [1.89824640750885, 0.997791051864624, 0.021484166383743286], "k_pid_att": [100.0, 0.13303253054618835, 0.9551165103912354], "k_pid_yaw": [0.5, 1e-06, 0.1], "k_pid_hsp": [10.0, 0.9920246601104736, 0.006839394569396973], "k_pid_vsp": [400.0, 2.1803746223449707, 31.530214309692383]}, "datetime": {"datetime": "2025-08-12 07:44:10", "elapsed": 55129.67525291443, "delta": 33.12796497344971}, "costs": {"total_cost": 651.4558543672307, "time_cost": 150, "final_distance_cost": 63.611194359235775, "oscillation_cost": 87.5727064409029, "completition_cost": 222.2222222222222, "overshoot_cost": 64.46721581492459, "power_cost": 33.523391442871095, "noise_cost": 30.059124087074093, "n_waypoints_completed": 7, "tot_waypoints": 9}}
{"target": -752.3023147127664, "params": {"k_pid_pos": [1.9128177165985107, 0.977828860282898, 0.005882054567337036], "k_pid_alt": [1.9963476657867432, 0.9240398406982422, 0.00983402132987976], "k_pid_att": [100.0, 1.9355995655059814, 0.9841821193695068], "k_pid_yaw": [0.5, 1e-06, 0.1], "k_pid_hsp": [10.0, 0.7106387615203857, 0.010084301233291626], "k_pid_vsp": [399.9997863769531, 8.598793983459473, 189.72686767578125]}, "datetime": {"datetime": "2025-08-12 07:44:41", "elapsed": 55160.92090892792, "delta": 31.24565601348877}, "costs": {"total_cost": 752.3023147127664, "time_cost": 150, "final_distance_cost": 50.45328041361628, "oscillation_cost": 86.56100341824197, "completition_cost": 333.33333333333337, "overshoot_cost": 67.59466195280368, "power_cost": 33.31521459960938, "noise_cost": 31.044820995161626, "n_waypoints_completed": 6, "tot_waypoints": 9}}
{"target": -1421.511853663894, "params": {"k_pid_pos": [1.9355146884918213, 0.9881510734558105, 0.031294792890548706], "k_pid_alt": [1.9940296411514282, 0.9862393140792847, 0.030536502599716187], "k_pid_att": [100.0, 0.2119089514017105, 0.9982845783233643], "k_pid_yaw": [0.5, 1e-06, 0.1], "k_pid_hsp": [10.0, 0.9666147232055664, 0.06051492691040039], "k_pid_vsp": [397.2504577636719, 2.0950803756713867, 400.0]}, "datetime": {"datetime": "2025-08-12 07:45:13", "elapsed": 55192.89223384857, "delta": 31.971324920654297}, "costs": {"total_cost": 1421.511853663894, "time_cost": 150, "final_distance_cost": 46.38220952933182, "oscillation_cost": 91.32099107356532, "completition_cost": 1000.0, "overshoot_cost": 65.6717578967756, "power_cost": 36.03382984619141, "noise_cost": 32.10306531803002, "n_waypoints_completed": 0, "tot_waypoints": 9}}
{"target": -665.833206825805, "params": {"k_pid_pos": [1.9820793867111206, 0.975717306137085, 0.011406391859054565], "k_pid_alt": [1.9836323261260986, 0.8999596238136292, 0.005108892917633057], "k_pid_att": [99.9999771118164, 0.11232160776853561, 0.9852295517921448], "k_pid_yaw": [0.5, 1e-06, 0.1], "k_pid_hsp": [9.999999747378752e-05, 0.985992968082428, 0.019173860549926758], "k_pid_vsp": [41.62828826904297, 12.593401908874512, 9.999999974752427e-07]}, "datetime": {"datetime": "2025-08-12 07:45:46", "elapsed": 55226.20570087433, "delta": 33.313467025756836}, "costs": {"total_cost": 665.833206825805, "time_cost": 150, "final_distance_cost": 52.5661985543844, "oscillation_cost": 89.95716337274821, "completition_cost": 222.2222222222222, "overshoot_cost": 81.97939773976384, "power_cost": 32.78807512207032, "noise_cost": 36.32014981461605, "n_waypoints_completed": 7, "tot_waypoints": 9}}
{"target": -1502.5329370758357, "params": {"k_pid_pos": [1.9507901668548584, 0.9914789199829102, 0.02678149938583374], "k_pid_alt": [1.9745357036590576, 0.9703698754310608, 0.007072418928146362], "k_pid_att": [99.99996185302734, 0.6914539337158203, 0.9646700620651245], "k_pid_yaw": [0.5, 1e-06, 0.1], "k_pid_hsp": [10.0, 0.9950416684150696, 0.021730691194534302], "k_pid_vsp": [400.0, 14.293695449829102, 399.99932861328125]}, "datetime": {"datetime": "2025-08-12 07:46:18", "elapsed": 55257.57241010666, "delta": 31.366709232330322}, "costs": {"total_cost": 1502.5329370758357, "time_cost": 150, "final_distance_cost": 11.74925265905344, "oscillation_cost": 68.3347056545938, "completition_cost": 1000.0, "overshoot_cost": 157.21030839402135, "power_cost": 33.90408013916016, "noise_cost": 81.3345902290069, "n_waypoints_completed": 0, "tot_waypoints": 9}}
