{"target": -1573.1997341585154, "params": {"k_pid_pos": [1.8350309133529663, 0.9538136124610901, 0.022627681493759155], "k_pid_alt": [1.899477243423462, 0.5182431936264038, 0.006797581911087036], "k_pid_att": [100.0, 0.5635579228401184, 0.9112375378608704], "k_pid_yaw": [0.5, 1e-06, 0.1], "k_pid_hsp": [9.999876976013184, 0.9864494800567627, 0.07665181159973145], "k_pid_vsp": [2.5676727294921875, 4.860068321228027, 4.8683716158848256e-05]}, "datetime": {"datetime": "2025-08-12 02:04:56", "elapsed": 34775.37420845032, "delta": 30.38840961456299}, "costs": {"total_cost": 1573.1997341585154, "time_cost": 150, "final_distance_cost": 8.28033598888509, "oscillation_cost": 74.94699649538715, "completition_cost": 1000.0, "overshoot_cost": 166.63325323092832, "power_cost": 24.211464392089844, "noise_cost": 149.12768405122497, "n_waypoints_completed": 0, "tot_waypoints": 9}}
{"target": -1590.1562475834971, "params": {"k_pid_pos": [1.9953324794769287, 0.9802103042602539, 0.2643551826477051], "k_pid_alt": [1.9789454936981201, 0.9547932147979736, 0.024687856435775757], "k_pid_att": [100.0, 1.932409644126892, 0.9891092777252197], "k_pid_yaw": [0.5, 1e-06, 0.1], "k_pid_hsp": [9.999968528747559, 0.9689490795135498, 0.154367595911026], "k_pid_vsp": [0.0, 7.838798522949219, 9.999999974752427e-07]}, "datetime": {"datetime": "2025-08-12 02:05:25", "elapsed": 34805.19389820099, "delta": 29.819689750671387}, "costs": {"total_cost": 1590.1562475834971, "time_cost": 150, "final_distance_cost": 7.401352268506468, "oscillation_cost": 94.97877341399287, "completition_cost": 1000.0, "overshoot_cost": 165.43449267706598, "power_cost": 25.720942114257813, "noise_cost": 146.62068710967395, "n_waypoints_completed": 0, "tot_waypoints": 9}}
{"target": -1348.938342321078, "params": {"k_pid_pos": [1.974835753440857, 0.9744336605072021, 0.07145881652832031], "k_pid_alt": [1.9685583114624023, 0.9373600482940674, 0.07232531905174255], "k_pid_att": [100.0, 0.19755271077156067, 0.8462499380111694], "k_pid_yaw": [0.5, 1e-06, 0.1], "k_pid_hsp": [5.737274646759033, 0.9849680662155151, 0.06946492195129395], "k_pid_vsp": [399.9566650390625, 1.7178902626037598, 380.4334716796875]}, "datetime": {"datetime": "2025-08-12 02:05:56", "elapsed": 34836.05453824997, "delta": 30.860640048980713}, "costs": {"total_cost": 1348.938342321078, "time_cost": 150, "final_distance_cost": 71.20982603329585, "oscillation_cost": 96.24433497384956, "completition_cost": 888.8888888888888, "overshoot_cost": 74.29635066379372, "power_cost": 36.79316030273438, "noise_cost": 31.505781458515653, "n_waypoints_completed": 1, "tot_waypoints": 9}}
{"target": -1602.7868367647147, "params": {"k_pid_pos": [1.9771684408187866, 0.9491664171218872, 0.017563849687576294], "k_pid_alt": [1.942488431930542, 0.979074239730835, 0.04144024848937988], "k_pid_att": [100.0, 1.0767476558685303, 0.9976295232772827], "k_pid_yaw": [0.5, 1e-06, 0.1], "k_pid_hsp": [0.023603664711117744, 0.9441493153572083, 0.011375278234481812], "k_pid_vsp": [2.384185791015625e-05, 11.321998596191406, 9.999999974752427e-07]}, "datetime": {"datetime": "2025-08-12 02:06:27", "elapsed": 34867.11610746384, "delta": 31.061569213867188}, "costs": {"total_cost": 1602.7868367647147, "time_cost": 150, "final_distance_cost": 10.376855991475315, "oscillation_cost": 96.54129257843711, "completition_cost": 1000.0, "overshoot_cost": 173.13316059855524, "power_cost": 22.388843786621095, "noise_cost": 150.34668380962634, "n_waypoints_completed": 0, "tot_waypoints": 9}}
{"target": -377.2245845141692, "params": {"k_pid_pos": [1.9147406816482544, 0.9271553754806519, 0.08432802557945251], "k_pid_alt": [1.967360496520996, 0.9737004041671753, 0.021493196487426758], "k_pid_att": [99.991943359375, 0.26388275623321533, 0.9304542541503906], "k_pid_yaw": [0.5, 1e-06, 0.1], "k_pid_hsp": [9.998594284057617, 0.9544198513031006, 0.005457103252410889], "k_pid_vsp": [399.98095703125, 4.222215175628662, 0.010562943294644356]}, "datetime": {"datetime": "2025-08-12 02:06:55", "elapsed": 34895.00463461876, "delta": 27.888527154922485}, "costs": {"total_cost": 377.2245845141692, "time_cost": 109.86500000000001, "final_distance_cost": 1.800818336417555, "oscillation_cost": 135.57062134867556, "completition_cost": 0.0, "overshoot_cost": 72.24441113495375, "power_cost": 27.40076530761719, "noise_cost": 30.34296838650517, "n_waypoints_completed": 9, "tot_waypoints": 9}}
{"target": -1549.2218994454408, "params": {"k_pid_pos": [1.9725544452667236, 0.9709658622741699, 0.03191676735877991], "k_pid_alt": [1.9944132566452026, 0.8576447367668152, 0.04450914263725281], "k_pid_att": [100.0, 0.1377480924129486, 0.9983552694320679], "k_pid_yaw": [0.5, 1e-06, 0.1], "k_pid_hsp": [10.0, 0.9782329797744751, 0.011322855949401855], "k_pid_vsp": [5.503201484680176, 4.430843353271484, 399.79510498046875]}, "datetime": {"datetime": "2025-08-12 02:07:25", "elapsed": 34925.19885993004, "delta": 30.194225311279297}, "costs": {"total_cost": 1549.2218994454408, "time_cost": 150, "final_distance_cost": 12.476779964387088, "oscillation_cost": 57.689382243814855, "completition_cost": 1000.0, "overshoot_cost": 165.70787912371088, "power_cost": 29.981310644531252, "noise_cost": 133.36654746899663, "n_waypoints_completed": 0, "tot_waypoints": 9}}
{"target": -1557.9348189904958, "params": {"k_pid_pos": [1.881598711013794, 0.9866691827774048, 0.23297849297523499], "k_pid_alt": [1.9612594842910767, 0.9907785654067993, 0.0076701343059539795], "k_pid_att": [97.40613555908203, 0.37568774819374084, 0.9882351160049438], "k_pid_yaw": [0.5, 1e-06, 0.1], "k_pid_hsp": [0.9844152927398682, 0.991136908531189, 0.03794822096824646], "k_pid_vsp": [0.0, 3.5273561477661133, 9.999999974752427e-07]}, "datetime": {"datetime": "2025-08-12 02:07:56", "elapsed": 34956.18107652664, "delta": 30.982216596603394}, "costs": {"total_cost": 1557.9348189904958, "time_cost": 150, "final_distance_cost": 20.138543536329404, "oscillation_cost": 57.532392712718334, "completition_cost": 1000.0, "overshoot_cost": 169.69450639109397, "power_cost": 16.068985339355468, "noise_cost": 144.50039101099853, "n_waypoints_completed": 0, "tot_waypoints": 9}}
{"target": -1526.3859283001445, "params": {"k_pid_pos": [1.9428014755249023, 0.9574352502822876, 0.0481795072555542], "k_pid_alt": [1.9938617944717407, 0.916042685508728, 0.02333703637123108], "k_pid_att": [100.0, 0.5586292743682861, 0.9644905924797058], "k_pid_yaw": [0.5, 1e-06, 0.1], "k_pid_hsp": [10.0, 0.9424024820327759, 0.010326147079467773], "k_pid_vsp": [5.56032657623291, 12.004817008972168, 395.2580871582031]}, "datetime": {"datetime": "2025-08-12 02:08:27", "elapsed": 34987.15868353844, "delta": 30.977607011795044}, "costs": {"total_cost": 1526.3859283001445, "time_cost": 150, "final_distance_cost": 3.4246861095301364, "oscillation_cost": 53.86852884374544, "completition_cost": 1000.0, "overshoot_cost": 165.28259065443177, "power_cost": 30.734534436035158, "noise_cost": 123.07558825640216, "n_waypoints_completed": 0, "tot_waypoints": 9}}
{"target": -1519.612326136687, "params": {"k_pid_pos": [1.8929189443588257, 0.990860641002655, 0.017382800579071045], "k_pid_alt": [1.994842529296875, 0.8244882225990295, 0.02439144253730774], "k_pid_att": [100.0, 1.236291527748108, 0.9685196280479431], "k_pid_yaw": [0.5, 1e-06, 0.1], "k_pid_hsp": [10.0, 0.9637031555175781, 0.017039835453033447], "k_pid_vsp": [399.9892578125, 7.958591938018799, 400.0]}, "datetime": {"datetime": "2025-08-12 02:08:57", "elapsed": 35017.28983283043, "delta": 30.131149291992188}, "costs": {"total_cost": 1519.612326136687, "time_cost": 150, "final_distance_cost": 9.278942259762685, "oscillation_cost": 61.663961471676096, "completition_cost": 1000.0, "overshoot_cost": 162.3445993650166, "power_cost": 33.866754248046874, "noise_cost": 102.45806879218485, "n_waypoints_completed": 0, "tot_waypoints": 9}}
{"target": -1567.277630730561, "params": {"k_pid_pos": [1.9947764873504639, 0.937244176864624, 0.017168402671813965], "k_pid_alt": [1.9616549015045166, 0.9634125828742981, 0.008862495422363281], "k_pid_att": [100.0, 0.28427809476852417, 0.9896323680877686], "k_pid_yaw": [0.5, 1e-06, 0.1], "k_pid_hsp": [9.999244689941406, 0.744683563709259, 0.044712066650390625], "k_pid_vsp": [80.771728515625, 21.729448318481445, 283.75531005859375]}, "datetime": {"datetime": "2025-08-12 02:09:28", "elapsed": 35048.1386153698, "delta": 30.848782539367676}, "costs": {"total_cost": 1567.277630730561, "time_cost": 150, "final_distance_cost": 3.6070818475732587, "oscillation_cost": 81.5066181292142, "completition_cost": 1000.0, "overshoot_cost": 165.95394558387002, "power_cost": 34.12524780273438, "noise_cost": 132.08473736716914, "n_waypoints_completed": 0, "tot_waypoints": 9}}
{"target": -1576.90971193988, "params": {"k_pid_pos": [1.9288091659545898, 0.9576635360717773, 0.01821434497833252], "k_pid_alt": [1.9858664274215698, 0.9570326805114746, 0.046625226736068726], "k_pid_att": [100.0, 0.9111693501472473, 0.9482616186141968], "k_pid_yaw": [0.5, 1e-06, 0.1], "k_pid_hsp": [10.0, 0.9985558986663818, 0.06511861085891724], "k_pid_vsp": [2.4135708808898926, 4.662216663360596, 109.60608673095703]}, "datetime": {"datetime": "2025-08-12 02:09:59", "elapsed": 35078.55187368393, "delta": 30.41325831413269}, "costs": {"total_cost": 1576.90971193988, "time_cost": 150, "final_distance_cost": 5.082818626092593, "oscillation_cost": 87.32175279457608, "completition_cost": 1000.0, "overshoot_cost": 166.0928830033599, "power_cost": 32.94910247802734, "noise_cost": 135.46315503782412, "n_waypoints_completed": 0, "tot_waypoints": 9}}
{"target": -1580.443793898373, "params": {"k_pid_pos": [1.937509298324585, 0.9123850464820862, 0.019419759511947632], "k_pid_alt": [1.9789762496948242, 0.9404610395431519, 0.012160450220108032], "k_pid_att": [99.99793243408203, 0.12345117330551147, 0.9534173011779785], "k_pid_yaw": [0.5, 1e-06, 0.1], "k_pid_hsp": [10.0, 0.994559645652771, 0.13761579990386963], "k_pid_vsp": [0.009799003601074219, 29.307832717895508, 246.75033569335938]}, "datetime": {"datetime": "2025-08-12 02:10:30", "elapsed": 35109.866716861725, "delta": 31.31484317779541}, "costs": {"total_cost": 1580.443793898373, "time_cost": 150, "final_distance_cost": 2.141631023457464, "oscillation_cost": 97.22898274147572, "completition_cost": 1000.0, "overshoot_cost": 165.85803988699388, "power_cost": 34.55409528808594, "noise_cost": 130.6610449583598, "n_waypoints_completed": 0, "tot_waypoints": 9}}
{"target": -1520.4361586862938, "params": {"k_pid_pos": [1.8856053352355957, 0.9835609197616577, 0.014526844024658203], "k_pid_alt": [1.8801816701889038, 0.9742698073387146, 0.004446893930435181], "k_pid_att": [100.0, 1.3649468421936035, 0.9684187173843384], "k_pid_yaw": [0.5, 1e-06, 0.1], "k_pid_hsp": [10.0, 0.9885044097900391, 0.008327633142471313], "k_pid_vsp": [399.827392578125, 14.683438301086426, 400.0]}, "datetime": {"datetime": "2025-08-12 02:11:02", "elapsed": 35142.05886006355, "delta": 32.192143201828}, "costs": {"total_cost": 1520.4361586862938, "time_cost": 150, "final_distance_cost": 12.533785393674414, "oscillation_cost": 56.772205155490454, "completition_cost": 1000.0, "overshoot_cost": 162.23752457994573, "power_cost": 32.35092377929688, "noise_cost": 106.54171977788624, "n_waypoints_completed": 0, "tot_waypoints": 9}}
{"target": -1589.5465731464014, "params": {"k_pid_pos": [1.9903253316879272, 0.9975202679634094, 0.01799452304840088], "k_pid_alt": [1.980102777481079, 0.9948915839195251, 0.03059104084968567], "k_pid_att": [100.0, 1.9808799028396606, 0.9315435886383057], "k_pid_yaw": [0.5, 1e-06, 0.1], "k_pid_hsp": [7.485932350158691, 0.9604479074478149, 0.10292133688926697], "k_pid_vsp": [2.3345112800598145, 6.268394947052002, 399.9263916015625]}, "datetime": {"datetime": "2025-08-12 02:11:33", "elapsed": 35173.13222813606, "delta": 31.073368072509766}, "costs": {"total_cost": 1589.5465731464014, "time_cost": 150, "final_distance_cost": 13.766195838409029, "oscillation_cost": 88.48181985681562, "completition_cost": 1000.0, "overshoot_cost": 166.35830227210565, "power_cost": 28.78323104248047, "noise_cost": 142.1570241365905, "n_waypoints_completed": 0, "tot_waypoints": 9}}
{"target": -1573.600819716173, "params": {"k_pid_pos": [1.9851264953613281, 0.9753305912017822, 0.24394473433494568], "k_pid_alt": [1.9861228466033936, 0.8761582374572754, 0.059123337268829346], "k_pid_att": [100.0, 1.5093153715133667, 0.9468420147895813], "k_pid_yaw": [0.5, 1e-06, 0.1], "k_pid_hsp": [10.0, 0.9642939567565918, 0.0641329288482666], "k_pid_vsp": [0.06364583969116211, 10.018731117248535, 399.9983215332031]}, "datetime": {"datetime": "2025-08-12 02:12:04", "elapsed": 35203.680666446686, "delta": 30.54843831062317}, "costs": {"total_cost": 1573.600819716173, "time_cost": 150, "final_distance_cost": 5.710723789565447, "oscillation_cost": 84.65355754576451, "completition_cost": 1000.0, "overshoot_cost": 164.99384814853292, "power_cost": 29.38181484375, "noise_cost": 138.86087538856023, "n_waypoints_completed": 0, "tot_waypoints": 9}}
{"target": -703.9610631256412, "params": {"k_pid_pos": [1.9892176389694214, 0.9987961053848267, 0.06689107418060303], "k_pid_alt": [1.990208625793457, 0.930842399597168, 0.024604976177215576], "k_pid_att": [99.75730895996094, 0.20573456585407257, 0.9989771842956543], "k_pid_yaw": [0.5, 1e-06, 0.1], "k_pid_hsp": [9.999999046325684, 0.8832743763923645, 0.017038732767105103], "k_pid_vsp": [399.9879455566406, 1.6421089172363281, 3.330195903778076]}, "datetime": {"datetime": "2025-08-12 02:12:35", "elapsed": 35235.11495041847, "delta": 31.4342839717865}, "costs": {"total_cost": 703.9610631256412, "time_cost": 150, "final_distance_cost": 73.16630408391606, "oscillation_cost": 126.95642004047579, "completition_cost": 222.2222222222222, "overshoot_cost": 67.28328295145761, "power_cost": 30.243908215332034, "noise_cost": 34.08892561223754, "n_waypoints_completed": 7, "tot_waypoints": 9}}
{"target": -1541.633597235426, "params": {"k_pid_pos": [1.9434285163879395, 0.9933490753173828, 0.009504854679107666], "k_pid_alt": [1.977053165435791, 0.993648886680603, 0.06483858823776245], "k_pid_att": [100.0, 0.39441773295402527, 0.9631808400154114], "k_pid_yaw": [0.5, 1e-06, 0.1], "k_pid_hsp": [10.0, 0.9192243814468384, 0.01991698145866394], "k_pid_vsp": [0.0005125999450683594, 11.80169677734375, 400.0]}, "datetime": {"datetime": "2025-08-12 02:13:06", "elapsed": 35265.52456212044, "delta": 30.409611701965332}, "costs": {"total_cost": 1541.633597235426, "time_cost": 150, "final_distance_cost": 2.101588484642037, "oscillation_cost": 60.277867107896185, "completition_cost": 1000.0, "overshoot_cost": 165.006791971592, "power_cost": 28.294143212890628, "noise_cost": 135.9532064584047, "n_waypoints_completed": 0, "tot_waypoints": 9}}
{"target": -1541.1225374286855, "params": {"k_pid_pos": [1.9885444641113281, 0.9847443103790283, 0.012841790914535522], "k_pid_alt": [1.9497482776641846, 0.9481527209281921, 0.01510554552078247], "k_pid_att": [100.0, 0.21635600924491882, 0.9356528520584106], "k_pid_yaw": [0.5, 1e-06, 0.1], "k_pid_hsp": [9.999999747378752e-05, 0.9882943630218506, 0.024095118045806885], "k_pid_vsp": [0.0, 54.43132019042969, 400.0]}, "datetime": {"datetime": "2025-08-12 02:13:37", "elapsed": 35296.73713850975, "delta": 31.212576389312744}, "costs": {"total_cost": 1541.1225374286855, "time_cost": 150, "final_distance_cost": 5.877649532877975, "oscillation_cost": 59.06910483290474, "completition_cost": 1000.0, "overshoot_cost": 173.9608152140137, "power_cost": 30.552452661132815, "noise_cost": 121.66251518775628, "n_waypoints_completed": 0, "tot_waypoints": 9}}
{"target": -1537.2581231006575, "params": {"k_pid_pos": [1.9461510181427002, 0.979321300983429, 0.13340824842453003], "k_pid_alt": [1.9646227359771729, 0.9043951630592346, 0.3525022864341736], "k_pid_att": [97.00016784667969, 0.47278928756713867, 0.9684535264968872], "k_pid_yaw": [0.5, 1e-06, 0.1], "k_pid_hsp": [9.999984741210938, 0.9897412061691284, 0.004935234785079956], "k_pid_vsp": [0.006556510925292969, 7.377017498016357, 9.999999974752427e-07]}, "datetime": {"datetime": "2025-08-12 02:14:07", "elapsed": 35327.35637593269, "delta": 30.619237422943115}, "costs": {"total_cost": 1537.2581231006575, "time_cost": 150, "final_distance_cost": 9.77978128163773, "oscillation_cost": 47.58062805423315, "completition_cost": 1000.0, "overshoot_cost": 165.4571652265153, "power_cost": 17.860331896972657, "noise_cost": 146.58021664129853, "n_waypoints_completed": 0, "tot_waypoints": 9}}
{"target": -1309.9147156827394, "params": {"k_pid_pos": [1.983809471130371, 0.9788460731506348, 0.02546030282974243], "k_pid_alt": [1.993775725364685, 0.9496416449546814, 0.04953095316886902], "k_pid_att": [99.99928283691406, 0.6877244710922241, 0.9475220441818237], "k_pid_yaw": [0.5, 1e-06, 0.1], "k_pid_hsp": [10.0, 0.5135415196418762, 0.025179266929626465], "k_pid_vsp": [395.2903137207031, 10.105205535888672, 0.13210873305797577]}, "datetime": {"datetime": "2025-08-12 02:14:38", "elapsed": 35358.22709608078, "delta": 30.870720148086548}, "costs": {"total_cost": 1309.9147156827394, "time_cost": 150, "final_distance_cost": 70.59913144024912, "oscillation_cost": 97.29177402092452, "completition_cost": 888.8888888888888, "overshoot_cost": 39.572212142267084, "power_cost": 29.654337048339844, "noise_cost": 33.908372142070014, "n_waypoints_completed": 1, "tot_waypoints": 9}}
{"target": -1552.796834793602, "params": {"k_pid_pos": [1.572490930557251, 0.9759529829025269, 0.0115739107131958], "k_pid_alt": [1.9901906251907349, 0.9795796871185303, 0.024787932634353638], "k_pid_att": [100.0, 0.962536096572876, 0.9854578971862793], "k_pid_yaw": [0.5, 1e-06, 0.1], "k_pid_hsp": [9.446478843688965, 0.9916918277740479, 0.019131630659103394], "k_pid_vsp": [0.004613399505615234, 6.327391624450684, 0.6840477585792542]}, "datetime": {"datetime": "2025-08-12 02:15:10", "elapsed": 35389.66802620888, "delta": 31.440930128097534}, "costs": {"total_cost": 1552.796834793602, "time_cost": 150, "final_distance_cost": 7.442848410302467, "oscillation_cost": 65.2098895486838, "completition_cost": 1000.0, "overshoot_cost": 166.7156965405756, "power_cost": 18.186755700683594, "noise_cost": 145.24164459335657, "n_waypoints_completed": 0, "tot_waypoints": 9}}
{"target": -1565.6813991316142, "params": {"k_pid_pos": [1.9191951751708984, 0.8793200254440308, 0.003554612398147583], "k_pid_alt": [1.7361085414886475, 0.9228643774986267, 0.06533235311508179], "k_pid_att": [100.0, 0.6047675609588623, 0.9811480045318604], "k_pid_yaw": [0.5, 1e-06, 0.1], "k_pid_hsp": [3.2427892684936523, 0.960469126701355, 0.014143377542495728], "k_pid_vsp": [0.0, 8.62779712677002, 0.02051691897213459]}, "datetime": {"datetime": "2025-08-12 02:15:41", "elapsed": 35420.627766132355, "delta": 30.959739923477173}, "costs": {"total_cost": 1565.6813991316142, "time_cost": 150, "final_distance_cost": 6.432134527651103, "oscillation_cost": 74.58632807060975, "completition_cost": 1000.0, "overshoot_cost": 166.88934551847453, "power_cost": 19.194223779296877, "noise_cost": 148.57936723558194, "n_waypoints_completed": 0, "tot_waypoints": 9}}
{"target": -1528.8455018355423, "params": {"k_pid_pos": [1.6569185256958008, 0.9909037351608276, 0.13710927963256836], "k_pid_alt": [1.9139691591262817, 0.9464730620384216, 0.013477325439453125], "k_pid_att": [100.0, 2.6250948905944824, 0.9938033819198608], "k_pid_yaw": [0.5, 1e-06, 0.1], "k_pid_hsp": [10.0, 0.9923700094223022, 0.017413586378097534], "k_pid_vsp": [1.1920928955078125e-05, 17.673542022705078, 0.0109205711632967]}, "datetime": {"datetime": "2025-08-12 02:16:11", "elapsed": 35451.31326532364, "delta": 30.68549919128418}, "costs": {"total_cost": 1528.8455018355423, "time_cost": 150, "final_distance_cost": 4.627871741620347, "oscillation_cost": 60.96216121616338, "completition_cost": 1000.0, "overshoot_cost": 158.79591895866773, "power_cost": 27.513128833007812, "noise_cost": 126.94642108608303, "n_waypoints_completed": 0, "tot_waypoints": 9}}
{"target": -1541.413554728998, "params": {"k_pid_pos": [1.9949400424957275, 0.9581987857818604, 0.006515562534332275], "k_pid_alt": [1.9224269390106201, 0.9785916805267334, 0.016208946704864502], "k_pid_att": [29.629343032836914, 1.2843834161758423, 0.9669818878173828], "k_pid_yaw": [0.5, 1e-06, 0.1], "k_pid_hsp": [10.0, 0.9906034469604492, 0.026377499103546143], "k_pid_vsp": [0.0, 77.24282836914062, 400.0]}, "datetime": {"datetime": "2025-08-12 02:16:43", "elapsed": 35482.78546333313, "delta": 31.472198009490967}, "costs": {"total_cost": 1541.413554728998, "time_cost": 150, "final_distance_cost": 5.510637678993492, "oscillation_cost": 61.80672409160622, "completition_cost": 1000.0, "overshoot_cost": 166.1695895946775, "power_cost": 31.883206701660157, "noise_cost": 126.04339666206046, "n_waypoints_completed": 0, "tot_waypoints": 9}}
{"target": -1258.6222758546487, "params": {"k_pid_pos": [1.9219985008239746, 0.9686621427536011, 0.06578528881072998], "k_pid_alt": [1.9547536373138428, 0.9908888936042786, 0.04079914093017578], "k_pid_att": [98.56520080566406, 0.1516680270433426, 0.9505192041397095], "k_pid_yaw": [0.5, 1e-06, 0.1], "k_pid_hsp": [10.0, 0.9794644117355347, 0.004186183214187622], "k_pid_vsp": [1.1920928955078125e-05, 36.47419357299805, 0.11844734847545624]}, "datetime": {"datetime": "2025-08-12 02:17:13", "elapsed": 35513.27809214592, "delta": 30.492628812789917}, "costs": {"total_cost": 1258.6222758546487, "time_cost": 150, "final_distance_cost": 86.9348017857918, "oscillation_cost": 120.99581053098844, "completition_cost": 777.7777777777778, "overshoot_cost": 60.129140801379336, "power_cost": 31.541603344726564, "noise_cost": 31.243141613984594, "n_waypoints_completed": 2, "tot_waypoints": 9}}
