{"target": -1250.3277555834406, "params": {"k_pid_pos": [1.796015739440918, 0.8322460055351257, 0.1933826506137848], "k_pid_alt": [1.9302873611450195, 0.6573346853256226, 0.1683255434036255], "k_pid_att": [99.99996185302734, 1.1870076656341553, 0.9840062856674194], "k_pid_yaw": [0.5, 1e-06, 0.1], "k_pid_hsp": [8.655132293701172, 0.8011457920074463, 0.012395620346069336], "k_pid_vsp": [0.0, 19.827213287353516, 0.3400455117225647]}, "datetime": {"datetime": "2025-08-11 19:15:25", "elapsed": 10204.83112192154, "delta": 30.020156145095825}, "costs": {"total_cost": 1250.3277555834406, "time_cost": 150, "final_distance_cost": 74.98551402559902, "oscillation_cost": 78.0770581886026, "completition_cost": 777.7777777777778, "overshoot_cost": 95.67304781762249, "power_cost": 28.028505273437503, "noise_cost": 45.785852500401106, "n_waypoints_completed": 2, "tot_waypoints": 9}}
{"target": -647.1401438610912, "params": {"k_pid_pos": [1.929656982421875, 0.9054620862007141, 0.275174081325531], "k_pid_alt": [1.9779739379882812, 0.2502589225769043, 0.16573971509933472], "k_pid_att": [99.9996337890625, 5.7128005027771, 0.9505335092544556], "k_pid_yaw": [0.5, 1e-06, 0.1], "k_pid_hsp": [8.509194374084473, 0.9782440662384033, 0.003254532814025879], "k_pid_vsp": [238.22454833984375, 38.13479995727539, 1.038158893585205]}, "datetime": {"datetime": "2025-08-11 19:15:55", "elapsed": 10234.55339884758, "delta": 29.72227692604065}, "costs": {"total_cost": 647.1401438610912, "time_cost": 150, "final_distance_cost": 63.40230045801966, "oscillation_cost": 92.79169803905683, "completition_cost": 222.2222222222222, "overshoot_cost": 56.336245435461414, "power_cost": 28.802711791992188, "noise_cost": 33.58496591433903, "n_waypoints_completed": 7, "tot_waypoints": 9}}
{"target": -689.2953571698831, "params": {"k_pid_pos": [1.7167407274246216, 0.7241011261940002, 0.0409492552280426], "k_pid_alt": [1.908940315246582, 0.9352055191993713, 0.12728416919708252], "k_pid_att": [96.51874542236328, 2.3989622592926025, 0.8646882772445679], "k_pid_yaw": [0.5, 1e-06, 0.1], "k_pid_hsp": [10.0, 0.9576725363731384, 0.7568836212158203], "k_pid_vsp": [400.0, 104.91101837158203, 9.999999974752427e-07]}, "datetime": {"datetime": "2025-08-11 19:16:25", "elapsed": 10264.884623527527, "delta": 30.3312246799469}, "costs": {"total_cost": 689.2953571698831, "time_cost": 150, "final_distance_cost": 13.03511728639412, "oscillation_cost": 276.9505852526214, "completition_cost": 111.11111111111116, "overshoot_cost": 69.06140692368766, "power_cost": 35.234496154785155, "noise_cost": 33.90264044128361, "n_waypoints_completed": 8, "tot_waypoints": 9}}
{"target": -807.4850553142189, "params": {"k_pid_pos": [1.9670684337615967, 0.8517065048217773, 0.02841964364051819], "k_pid_alt": [1.8315767049789429, 0.16172650456428528, 0.09927487373352051], "k_pid_att": [100.0, 2.684251308441162, 0.834410548210144], "k_pid_yaw": [0.5, 1e-06, 0.1], "k_pid_hsp": [10.0, 0.8009377717971802, 0.40972965955734253], "k_pid_vsp": [358.70843505859375, 25.64276695251465, 0.025273369625210762]}, "datetime": {"datetime": "2025-08-11 19:16:56", "elapsed": 10295.509210586548, "delta": 30.624587059020996}, "costs": {"total_cost": 807.4850553142189, "time_cost": 150, "final_distance_cost": 65.04452313309221, "oscillation_cost": 233.75496018574663, "completition_cost": 222.2222222222222, "overshoot_cost": 69.14466227146305, "power_cost": 34.7842705078125, "noise_cost": 32.5344169938824, "n_waypoints_completed": 7, "tot_waypoints": 9}}
{"target": -2369.7195689138784, "params": {"k_pid_pos": [1.804062843322754, 0.3119220435619354, 0.0038161873817443848], "k_pid_alt": [1.6544129848480225, 0.8627424836158752, 0.09568622708320618], "k_pid_att": [100.0, 5.293025493621826, 0.9081916213035583], "k_pid_yaw": [0.5, 1e-06, 0.1], "k_pid_hsp": [8.181303024291992, 0.9199495315551758, 0.028672009706497192], "k_pid_vsp": [139.8494873046875, 13.946450233459473, 399.99908447265625]}, "datetime": {"datetime": "2025-08-11 19:17:26", "elapsed": 10325.575546264648, "delta": 30.066335678100586}, "costs": {"total_cost": 2369.7195689138784, "time_cost": 150, "final_distance_cost": 439.6167510962466, "oscillation_cost": 88.01052656202064, "completition_cost": 888.8888888888888, "overshoot_cost": 736.8726486315536, "power_cost": 29.965781127929688, "noise_cost": 36.36497260723893, "n_waypoints_completed": 1, "tot_waypoints": 9}}
{"target": -3092.492182875434, "params": {"k_pid_pos": [1.8194432258605957, 0.8927721977233887, 0.874846339225769], "k_pid_alt": [1.8865892887115479, 0.9941064119338989, 0.15640932321548462], "k_pid_att": [99.98930358886719, 3.582085609436035, 0.8172190189361572], "k_pid_yaw": [0.5, 1e-06, 0.1], "k_pid_hsp": [9.999967575073242, 0.9590631723403931, 0.05083391070365906], "k_pid_vsp": [0.22051334381103516, 10.016203880310059, 288.5433349609375]}, "datetime": {"datetime": "2025-08-11 19:17:57", "elapsed": 10356.904593229294, "delta": 31.329046964645386}, "costs": {"total_cost": 3092.492182875434, "time_cost": 150, "final_distance_cost": 468.843243238919, "oscillation_cost": 731.5929065891031, "completition_cost": 888.8888888888888, "overshoot_cost": 783.0802800515444, "power_cost": 37.0294955078125, "noise_cost": 33.057368599166374, "n_waypoints_completed": 1, "tot_waypoints": 9}}
{"target": -1557.4776255125955, "params": {"k_pid_pos": [1.3747700452804565, 0.9398070573806763, 0.07521498203277588], "k_pid_alt": [1.7214360237121582, 0.8988492488861084, 0.005516558885574341], "k_pid_att": [99.99976348876953, 0.34233927726745605, 0.9898937940597534], "k_pid_yaw": [0.5, 1e-06, 0.1], "k_pid_hsp": [0.004210593178868294, 0.9856376647949219, 0.06566810607910156], "k_pid_vsp": [0.0, 7.491255760192871, 399.9995422363281]}, "datetime": {"datetime": "2025-08-11 19:18:27", "elapsed": 10386.950091123581, "delta": 30.04549789428711}, "costs": {"total_cost": 1557.4776255125955, "time_cost": 150, "final_distance_cost": 22.79609503784327, "oscillation_cost": 42.60813965209292, "completition_cost": 1000.0, "overshoot_cost": 174.1566865275554, "power_cost": 20.380528479003907, "noise_cost": 147.5361758161001, "n_waypoints_completed": 0, "tot_waypoints": 9}}
{"target": -1565.7720667402486, "params": {"k_pid_pos": [1.8947441577911377, 0.6518821120262146, 0.13110649585723877], "k_pid_alt": [1.9683747291564941, 0.906220555305481, 0.04308393597602844], "k_pid_att": [100.0, 7.116717338562012, 0.9327280521392822], "k_pid_yaw": [0.5, 1e-06, 0.1], "k_pid_hsp": [3.3330237865448, 0.9843285083770752, 0.04553169012069702], "k_pid_vsp": [2.8499245643615723, 43.216575622558594, 400.0]}, "datetime": {"datetime": "2025-08-11 19:18:57", "elapsed": 10417.0961227417, "delta": 30.146031618118286}, "costs": {"total_cost": 1565.7720667402486, "time_cost": 150, "final_distance_cost": 9.09659866112285, "oscillation_cost": 81.59061288779134, "completition_cost": 1000.0, "overshoot_cost": 164.25926260400902, "power_cost": 31.705960192871096, "noise_cost": 129.11963239445433, "n_waypoints_completed": 0, "tot_waypoints": 9}}
{"target": -3304.261392757623, "params": {"k_pid_pos": [1.9104515314102173, 0.9738976359367371, 0.6411410570144653], "k_pid_alt": [1.380476951599121, 0.8793610334396362, 0.05789506435394287], "k_pid_att": [35.11348342895508, 8.300582885742188, 0.7980241179466248], "k_pid_yaw": [0.5, 1e-06, 0.1], "k_pid_hsp": [10.0, 0.9923850297927856, 0.04203373193740845], "k_pid_vsp": [8.344650268554688e-05, 39.072261810302734, 325.3091735839844]}, "datetime": {"datetime": "2025-08-11 19:19:27", "elapsed": 10446.88050198555, "delta": 29.784379243850708}, "costs": {"total_cost": 3304.261392757623, "time_cost": 150, "final_distance_cost": 807.2928996261354, "oscillation_cost": 376.560774511724, "completition_cost": 888.8888888888888, "overshoot_cost": 1007.7543513313158, "power_cost": 34.72802735595703, "noise_cost": 39.03645104360224, "n_waypoints_completed": 1, "tot_waypoints": 9}}
{"target": -1884.8030479682764, "params": {"k_pid_pos": [1.9822707176208496, 0.8096846342086792, 0.11976253986358643], "k_pid_alt": [1.96865975856781, 0.7748982906341553, 0.036737918853759766], "k_pid_att": [100.0, 3.6071736812591553, 0.8773469924926758], "k_pid_yaw": [0.5, 1e-06, 0.1], "k_pid_hsp": [0.0025422759354114532, 0.9805057048797607, 0.3911048173904419], "k_pid_vsp": [399.9998474121094, 10.743189811706543, 3.4304866790771484]}, "datetime": {"datetime": "2025-08-11 19:19:58", "elapsed": 10477.664683818817, "delta": 30.784181833267212}, "costs": {"total_cost": 1884.8030479682764, "time_cost": 150, "final_distance_cost": 37.89110657042614, "oscillation_cost": 778.7626254261936, "completition_cost": 666.6666666666667, "overshoot_cost": 187.5549554850209, "power_cost": 33.5399208984375, "noise_cost": 30.38777292153138, "n_waypoints_completed": 3, "tot_waypoints": 9}}
{"target": -548.9205934095442, "params": {"k_pid_pos": [1.8410252332687378, 0.7505850791931152, 0.11660370230674744], "k_pid_alt": [1.7776265144348145, 0.8133284449577332, 0.3248099386692047], "k_pid_att": [99.96810913085938, 7.438425064086914, 0.5928671956062317], "k_pid_yaw": [0.5, 1e-06, 0.1], "k_pid_hsp": [0.18375051021575928, 0.9290713667869568, 0.2920747995376587], "k_pid_vsp": [28.521060943603516, 52.2719612121582, 0.0034580694045871496]}, "datetime": {"datetime": "2025-08-11 19:20:28", "elapsed": 10507.633996486664, "delta": 29.96931266784668}, "costs": {"total_cost": 548.9205934095442, "time_cost": 150, "final_distance_cost": 3.701845347903594, "oscillation_cost": 132.55777420568748, "completition_cost": 111.11111111111116, "overshoot_cost": 83.25296954520815, "power_cost": 33.00504737548828, "noise_cost": 35.29184582414552, "n_waypoints_completed": 8, "tot_waypoints": 9}}
{"target": -1521.4827758282443, "params": {"k_pid_pos": [1.913779854774475, 0.9391403198242188, 0.47745048999786377], "k_pid_alt": [1.8227295875549316, 0.9212222695350647, 0.19130921363830566], "k_pid_att": [48.467472076416016, 1.5984159708023071, 0.916612446308136], "k_pid_yaw": [0.5, 1e-06, 0.1], "k_pid_hsp": [0.005728112068027258, 0.9027439951896667, 0.04121515154838562], "k_pid_vsp": [0.0, 52.381370544433594, 399.9848327636719]}, "datetime": {"datetime": "2025-08-11 19:20:58", "elapsed": 10538.239872455597, "delta": 30.605875968933105}, "costs": {"total_cost": 1521.4827758282443, "time_cost": 150, "final_distance_cost": 1.18185643275817, "oscillation_cost": 49.346651754310706, "completition_cost": 1000.0, "overshoot_cost": 172.18659886003724, "power_cost": 30.054489685058595, "noise_cost": 118.71317909607964, "n_waypoints_completed": 0, "tot_waypoints": 9}}
{"target": -4494.170084620491, "params": {"k_pid_pos": [1.9092621803283691, 0.9207637310028076, 0.06495106220245361], "k_pid_alt": [1.7379114627838135, 0.8981201648712158, 0.12562426924705505], "k_pid_att": [0.0002384185791015625, 2.7095484733581543, 0.8593987226486206], "k_pid_yaw": [0.5, 1e-06, 0.1], "k_pid_hsp": [1.8065556287765503, 0.9564870595932007, 0.008426398038864136], "k_pid_vsp": [3.824281692504883, 28.338136672973633, 326.9947204589844]}, "datetime": {"datetime": "2025-08-11 19:21:28", "elapsed": 10568.061223983765, "delta": 29.821351528167725}, "costs": {"total_cost": 4494.170084620491, "time_cost": 150, "final_distance_cost": 611.2243373393414, "oscillation_cost": 1061.94030498214, "completition_cost": 1000.0, "overshoot_cost": 1464.3552177074341, "power_cost": 49.44572060546875, "noise_cost": 157.20450398610708, "n_waypoints_completed": 0, "tot_waypoints": 9}}
{"target": -1549.8064010610194, "params": {"k_pid_pos": [1.9590814113616943, 0.9686397314071655, 0.172122061252594], "k_pid_alt": [1.82308828830719, 0.9400601387023926, 0.08672147989273071], "k_pid_att": [100.0, 4.3351545333862305, 0.9642143249511719], "k_pid_yaw": [0.5, 1e-06, 0.1], "k_pid_hsp": [6.408438205718994, 0.9690641164779663, 0.030496686697006226], "k_pid_vsp": [0.7615566253662109, 4.384506702423096, 396.83880615234375]}, "datetime": {"datetime": "2025-08-11 19:21:58", "elapsed": 10598.016717910767, "delta": 29.955493927001953}, "costs": {"total_cost": 1549.8064010610194, "time_cost": 150, "final_distance_cost": 8.624679811243709, "oscillation_cost": 64.70599285177587, "completition_cost": 1000.0, "overshoot_cost": 164.32476674877523, "power_cost": 23.866249865722658, "noise_cost": 138.28471178350205, "n_waypoints_completed": 0, "tot_waypoints": 9}}
{"target": -1600.2997435157795, "params": {"k_pid_pos": [1.8656234741210938, 0.8186026215553284, 0.18126171827316284], "k_pid_alt": [1.9302198886871338, 0.9850104451179504, 0.12361219525337219], "k_pid_att": [99.82156372070312, 0.9122622013092041, 0.8660167455673218], "k_pid_yaw": [0.5, 1e-06, 0.1], "k_pid_hsp": [9.991398811340332, 0.7985431551933289, 0.28892993927001953], "k_pid_vsp": [0.4585385322570801, 17.67136001586914, 400.0]}, "datetime": {"datetime": "2025-08-11 19:22:28", "elapsed": 10627.564860105515, "delta": 29.548142194747925}, "costs": {"total_cost": 1600.2997435157795, "time_cost": 150, "final_distance_cost": 10.355303269848989, "oscillation_cost": 101.24526942389379, "completition_cost": 1000.0, "overshoot_cost": 164.8444529230948, "power_cost": 34.72790955810547, "noise_cost": 139.1268083408363, "n_waypoints_completed": 0, "tot_waypoints": 9}}
{"target": -1590.9343163722538, "params": {"k_pid_pos": [1.9710386991500854, 0.9237105846405029, 0.08334988355636597], "k_pid_alt": [0.7717234492301941, 0.9716440439224243, 0.2772783041000366], "k_pid_att": [100.0, 0.10351898521184921, 0.9508020877838135], "k_pid_yaw": [0.5, 1e-06, 0.1], "k_pid_hsp": [10.0, 0.879533588886261, 0.12165325880050659], "k_pid_vsp": [0.0, 14.979601860046387, 399.9931945800781]}, "datetime": {"datetime": "2025-08-11 19:22:58", "elapsed": 10657.619572162628, "delta": 30.054712057113647}, "costs": {"total_cost": 1590.9343163722538, "time_cost": 150, "final_distance_cost": 6.802299449614053, "oscillation_cost": 95.58878749446498, "completition_cost": 1000.0, "overshoot_cost": 165.68865000655424, "power_cost": 33.770839892578124, "noise_cost": 139.08373952904222, "n_waypoints_completed": 0, "tot_waypoints": 9}}
{"target": -1577.203695070887, "params": {"k_pid_pos": [1.9576754570007324, 0.8771079778671265, 0.27383387088775635], "k_pid_alt": [1.6429823637008667, 0.2197171151638031, 0.1997329294681549], "k_pid_att": [82.53667449951172, 8.071287155151367, 0.9921211004257202], "k_pid_yaw": [0.5, 1e-06, 0.1], "k_pid_hsp": [2.5632317066192627, 0.9612071514129639, 0.1407787799835205], "k_pid_vsp": [0.003814697265625, 14.390278816223145, 0.31162601709365845]}, "datetime": {"datetime": "2025-08-11 19:23:27", "elapsed": 10687.142221450806, "delta": 29.52264928817749}, "costs": {"total_cost": 1577.203695070887, "time_cost": 150, "final_distance_cost": 1.3512387114405227, "oscillation_cost": 80.75084623887415, "completition_cost": 1000.0, "overshoot_cost": 165.31119704696866, "power_cost": 28.306401721191406, "noise_cost": 151.48401135241238, "n_waypoints_completed": 0, "tot_waypoints": 9}}
{"target": -1686.9746564108275, "params": {"k_pid_pos": [1.6539210081100464, 0.8202372193336487, 0.7022155523300171], "k_pid_alt": [1.9887537956237793, 0.4528675973415375, 0.31505703926086426], "k_pid_att": [99.98639678955078, 6.721307754516602, 0.9732174873352051], "k_pid_yaw": [0.5, 1e-06, 0.1], "k_pid_hsp": [10.0, 0.877733588218689, 0.27669161558151245], "k_pid_vsp": [0.0, 71.4458236694336, 400.0]}, "datetime": {"datetime": "2025-08-11 19:23:58", "elapsed": 10717.9099817276, "delta": 30.767760276794434}, "costs": {"total_cost": 1686.9746564108275, "time_cost": 150, "final_distance_cost": 95.14157671193523, "oscillation_cost": 564.8107071327173, "completition_cost": 666.6666666666667, "overshoot_cost": 141.2698532234751, "power_cost": 34.90967885742187, "noise_cost": 34.17617381861118, "n_waypoints_completed": 3, "tot_waypoints": 9}}
{"target": -1516.174474986753, "params": {"k_pid_pos": [1.8434908390045166, 0.9874199628829956, 0.4263128936290741], "k_pid_alt": [1.7326334714889526, 0.5907446146011353, 0.10525268316268921], "k_pid_att": [99.99946594238281, 6.344313144683838, 0.7449699640274048], "k_pid_yaw": [0.5, 1e-06, 0.1], "k_pid_hsp": [10.0, 0.9585723876953125, 0.060939639806747437], "k_pid_vsp": [0.0, 47.36639404296875, 400.0]}, "datetime": {"datetime": "2025-08-11 19:24:29", "elapsed": 10748.531044721603, "delta": 30.621062994003296}, "costs": {"total_cost": 1516.174474986753, "time_cost": 150, "final_distance_cost": 87.9485776780929, "oscillation_cost": 401.5181668692583, "completition_cost": 666.6666666666667, "overshoot_cost": 119.97384566935163, "power_cost": 37.018775000000005, "noise_cost": 53.0484431033834, "n_waypoints_completed": 3, "tot_waypoints": 9}}
{"target": -1579.56647221833, "params": {"k_pid_pos": [1.8035290241241455, 0.9623671770095825, 0.03759497404098511], "k_pid_alt": [1.6942304372787476, 0.7458401322364807, 0.17742431163787842], "k_pid_att": [94.64979553222656, 0.08080090582370758, 0.8928453326225281], "k_pid_yaw": [0.5, 1e-06, 0.1], "k_pid_hsp": [0.00014798124902881682, 0.9955152273178101, 0.1781846284866333], "k_pid_vsp": [0.02847909927368164, 13.082457542419434, 387.7379150390625]}, "datetime": {"datetime": "2025-08-11 19:24:59", "elapsed": 10779.187942028046, "delta": 30.65689730644226}, "costs": {"total_cost": 1579.56647221833, "time_cost": 150, "final_distance_cost": 16.708523254364042, "oscillation_cost": 64.72533818036524, "completition_cost": 1000.0, "overshoot_cost": 172.75851302965953, "power_cost": 27.8634212890625, "noise_cost": 147.51067646487877, "n_waypoints_completed": 0, "tot_waypoints": 9}}
{"target": -949.409825005961, "params": {"k_pid_pos": [1.9380388259887695, 0.539013683795929, 0.007477372884750366], "k_pid_alt": [1.848569631576538, 0.8151247501373291, 0.03896436095237732], "k_pid_att": [100.0, 4.939755916595459, 0.9565388560295105], "k_pid_yaw": [0.5, 1e-06, 0.1], "k_pid_hsp": [9.999981880187988, 0.9686818718910217, 0.24699759483337402], "k_pid_vsp": [399.9988708496094, 5.048740863800049, 399.9903259277344]}, "datetime": {"datetime": "2025-08-11 19:25:30", "elapsed": 10809.524788856506, "delta": 30.336846828460693}, "costs": {"total_cost": 949.409825005961, "time_cost": 150, "final_distance_cost": 64.46415878189482, "oscillation_cost": 257.4146547128304, "completition_cost": 333.33333333333337, "overshoot_cost": 74.2582826994843, "power_cost": 36.60807340087891, "noise_cost": 33.331322077539156, "n_waypoints_completed": 6, "tot_waypoints": 9}}
{"target": -1410.325555529283, "params": {"k_pid_pos": [1.8930716514587402, 0.6240026354789734, 0.17696434259414673], "k_pid_alt": [1.5936452150344849, 0.9664281606674194, 0.014870524406433105], "k_pid_att": [99.99999237060547, 1.9090144634246826, 0.9510903358459473], "k_pid_yaw": [0.5, 1e-06, 0.1], "k_pid_hsp": [4.113083839416504, 0.837921679019928, 0.2086431086063385], "k_pid_vsp": [0.0, 13.871265411376953, 323.60107421875]}, "datetime": {"datetime": "2025-08-11 19:26:00", "elapsed": 10839.601313829422, "delta": 30.07652497291565}, "costs": {"total_cost": 1410.325555529283, "time_cost": 150, "final_distance_cost": 101.38454800372692, "oscillation_cost": 268.4044596315824, "completition_cost": 666.6666666666667, "overshoot_cost": 141.90218104056237, "power_cost": 36.20747703857422, "noise_cost": 45.76022314817004, "n_waypoints_completed": 3, "tot_waypoints": 9}}
{"target": -1548.6358914716673, "params": {"k_pid_pos": [1.4029347896575928, 0.9429436326026917, 0.13298702239990234], "k_pid_alt": [1.8655755519866943, 0.9956234097480774, 0.35251784324645996], "k_pid_att": [100.0, 7.724545955657959, 0.9666216373443604], "k_pid_yaw": [0.5, 1e-06, 0.1], "k_pid_hsp": [0.009242366999387741, 0.9684198498725891, 0.051194846630096436], "k_pid_vsp": [0.03267526626586914, 2.5990376472473145, 400.0]}, "datetime": {"datetime": "2025-08-11 19:26:30", "elapsed": 10869.849429368973, "delta": 30.24811553955078}, "costs": {"total_cost": 1548.6358914716673, "time_cost": 150, "final_distance_cost": 18.946356810607107, "oscillation_cost": 46.47551350793613, "completition_cost": 1000.0, "overshoot_cost": 174.977957840169, "power_cost": 15.91448846435547, "noise_cost": 142.32157484859954, "n_waypoints_completed": 0, "tot_waypoints": 9}}
{"target": -1586.9578485139978, "params": {"k_pid_pos": [1.7082254886627197, 0.7116881012916565, 0.026175200939178467], "k_pid_alt": [1.9124181270599365, 0.9654305577278137, 0.05833172798156738], "k_pid_att": [100.0, 8.791555404663086, 0.965397834777832], "k_pid_yaw": [0.5, 1e-06, 0.1], "k_pid_hsp": [10.0, 0.9778554439544678, 0.18572640419006348], "k_pid_vsp": [0.0, 114.63894653320312, 321.0006103515625]}, "datetime": {"datetime": "2025-08-11 19:27:00", "elapsed": 10899.723093509674, "delta": 29.873664140701294}, "costs": {"total_cost": 1586.9578485139978, "time_cost": 150, "final_distance_cost": 62.90043625223559, "oscillation_cost": 176.67022579057004, "completition_cost": 888.8888888888888, "overshoot_cost": 155.85161617504494, "power_cost": 36.07136207275391, "noise_cost": 116.57531933450461, "n_waypoints_completed": 1, "tot_waypoints": 9}}
{"target": -2921.761088838801, "params": {"k_pid_pos": [1.8829065561294556, 0.824533224105835, 0.552854597568512], "k_pid_alt": [1.9250562191009521, 0.8032145500183105, 0.005162566900253296], "k_pid_att": [99.89866638183594, 8.209809303283691, 0.9874592423439026], "k_pid_yaw": [0.5, 1e-06, 0.1], "k_pid_hsp": [9.912240028381348, 0.9851239919662476, 0.042151302099227905], "k_pid_vsp": [0.007617473602294922, 41.322303771972656, 396.41827392578125]}, "datetime": {"datetime": "2025-08-11 19:27:30", "elapsed": 10929.655234575272, "delta": 29.932141065597534}, "costs": {"total_cost": 2921.761088838801, "time_cost": 150, "final_distance_cost": 427.95550945091895, "oscillation_cost": 649.2083870948751, "completition_cost": 888.8888888888888, "overshoot_cost": 734.0683424417917, "power_cost": 36.91204615478516, "noise_cost": 34.72791480754126, "n_waypoints_completed": 1, "tot_waypoints": 9}}
