{"target": -1574.0405588039885, "params": {"k_pid_pos": [1.9843357801437378, 0.9648418426513672, 0.008831143379211426], "k_pid_alt": [1.8075755834579468, 0.9487565755844116, 0.02340751886367798], "k_pid_att": [100.0, 1.3597774505615234, 0.984194815158844], "k_pid_yaw": [0.5, 1e-06, 0.1], "k_pid_hsp": [0.27377375960350037, 0.9928421974182129, 0.01417204737663269], "k_pid_vsp": [385.9837646484375, 1.0423312187194824, 400.0]}, "datetime": {"datetime": "2025-08-12 09:29:15", "elapsed": 61434.885432720184, "delta": 28.22764754295349}, "costs": {"total_cost": 1574.0405588039885, "time_cost": 150, "final_distance_cost": 3.8177341512737644, "oscillation_cost": 93.90452649287872, "completition_cost": 1000.0, "overshoot_cost": 169.52902456175028, "power_cost": 35.09014044189453, "noise_cost": 121.6991331561913, "n_waypoints_completed": 0, "tot_waypoints": 9}}
{"target": -1568.688818583802, "params": {"k_pid_pos": [1.9759340286254883, 0.9790704250335693, 0.005042523145675659], "k_pid_alt": [1.9895052909851074, 0.9803004264831543, 0.025151073932647705], "k_pid_att": [99.9998779296875, 0.17513085901737213, 0.9936054944992065], "k_pid_yaw": [0.5, 1e-06, 0.1], "k_pid_hsp": [9.999994277954102, 0.9240496754646301, 0.04334947466850281], "k_pid_vsp": [0.0, 8.032036781311035, 2.0895133018493652]}, "datetime": {"datetime": "2025-08-12 09:29:42", "elapsed": 61461.95973467827, "delta": 27.074301958084106}, "costs": {"total_cost": 1568.688818583802, "time_cost": 150, "final_distance_cost": 15.162782691770627, "oscillation_cost": 69.65360916082564, "completition_cost": 1000.0, "overshoot_cost": 166.49104539993277, "power_cost": 20.887516052246095, "noise_cost": 146.49386527902686, "n_waypoints_completed": 0, "tot_waypoints": 9}}
{"target": -1559.9299919534194, "params": {"k_pid_pos": [1.7651376724243164, 0.9521986246109009, 0.0313018262386322], "k_pid_alt": [1.9756108522415161, 0.9441238045692444, 0.01284027099609375], "k_pid_att": [8.564144134521484, 1.2094017267227173, 0.96852046251297], "k_pid_yaw": [0.5, 1e-06, 0.1], "k_pid_hsp": [9.999798774719238, 0.9722927808761597, 0.027511030435562134], "k_pid_vsp": [12.117362022399902, 14.666260719299316, 399.31494140625]}, "datetime": {"datetime": "2025-08-12 09:30:13", "elapsed": 61493.22522377968, "delta": 31.265489101409912}, "costs": {"total_cost": 1559.9299919534194, "time_cost": 150, "final_distance_cost": 10.217127425954708, "oscillation_cost": 69.19077935559748, "completition_cost": 1000.0, "overshoot_cost": 167.1196955348902, "power_cost": 32.17360307617188, "noise_cost": 131.22878656080502, "n_waypoints_completed": 0, "tot_waypoints": 9}}
{"target": -1383.1459896355361, "params": {"k_pid_pos": [1.9618799686431885, 0.9689450263977051, 0.15059775114059448], "k_pid_alt": [1.953818440437317, 0.9961808919906616, 0.03224587440490723], "k_pid_att": [100.0, 0.20407190918922424, 0.9842969179153442], "k_pid_yaw": [0.5, 1e-06, 0.1], "k_pid_hsp": [10.0, 0.9811313152313232, 0.0396571159362793], "k_pid_vsp": [10.023271560668945, 5.8026442527771, 9.999999974752427e-07]}, "datetime": {"datetime": "2025-08-12 09:30:45", "elapsed": 61524.39605021477, "delta": 31.17082643508911}, "costs": {"total_cost": 1383.1459896355361, "time_cost": 150, "final_distance_cost": 45.76710676251424, "oscillation_cost": 82.14231123437867, "completition_cost": 1000.0, "overshoot_cost": 40.11247289510964, "power_cost": 30.181881494140626, "noise_cost": 34.9422172493929, "n_waypoints_completed": 0, "tot_waypoints": 9}}
{"target": -863.1891614560171, "params": {"k_pid_pos": [1.8756792545318604, 0.9913415312767029, 0.0028370022773742676], "k_pid_alt": [1.9678387641906738, 0.9766010046005249, 0.029969125986099243], "k_pid_att": [100.0, 0.39904120564460754, 0.9818631410598755], "k_pid_yaw": [0.5, 1e-06, 0.1], "k_pid_hsp": [10.0, 0.9862877130508423, 0.019405394792556763], "k_pid_vsp": [399.9986267089844, 24.404706954956055, 9.999999974752427e-07]}, "datetime": {"datetime": "2025-08-12 09:31:14", "elapsed": 61553.994896650314, "delta": 29.598846435546875}, "costs": {"total_cost": 863.1891614560171, "time_cost": 150, "final_distance_cost": 84.92889198967565, "oscillation_cost": 168.93218410005497, "completition_cost": 333.33333333333337, "overshoot_cost": 60.59809192052243, "power_cost": 30.95872525634766, "noise_cost": 34.43793485608309, "n_waypoints_completed": 6, "tot_waypoints": 9}}
{"target": -700.3765953957275, "params": {"k_pid_pos": [1.9679505825042725, 0.9887288808822632, 0.09504067897796631], "k_pid_alt": [1.9734091758728027, 0.967846155166626, 0.028850197792053223], "k_pid_att": [100.0, 0.6818469166755676, 0.9725654125213623], "k_pid_yaw": [0.5, 1e-06, 0.1], "k_pid_hsp": [10.0, 0.9665579795837402, 0.0012608766555786133], "k_pid_vsp": [203.2118377685547, 8.919788360595703, 9.999999974752427e-07]}, "datetime": {"datetime": "2025-08-12 09:31:43", "elapsed": 61582.61366200447, "delta": 28.618765354156494}, "costs": {"total_cost": 700.3765953957275, "time_cost": 150, "final_distance_cost": 71.5336557245137, "oscillation_cost": 128.98990718021864, "completition_cost": 222.2222222222222, "overshoot_cost": 64.19026753188653, "power_cost": 30.55036201171875, "noise_cost": 32.890180725167674, "n_waypoints_completed": 7, "tot_waypoints": 9}}
{"target": -1232.9713177557692, "params": {"k_pid_pos": [1.9559661149978638, 0.9770828485488892, 0.017634153366088867], "k_pid_alt": [1.9967482089996338, 0.9751392602920532, 0.020573079586029053], "k_pid_att": [100.0, 0.710779070854187, 0.9608531594276428], "k_pid_yaw": [0.5, 1e-06, 0.1], "k_pid_hsp": [10.0, 0.9966093301773071, 0.023770272731781006], "k_pid_vsp": [237.66470336914062, 1.8286118507385254, 9.999999974752427e-07]}, "datetime": {"datetime": "2025-08-12 09:32:10", "elapsed": 61610.055072546005, "delta": 27.441410541534424}, "costs": {"total_cost": 1232.9713177557692, "time_cost": 150, "final_distance_cost": 81.35956610206411, "oscillation_cost": 114.38670026068341, "completition_cost": 777.7777777777778, "overshoot_cost": 46.20040143493795, "power_cost": 29.642604748535156, "noise_cost": 33.604267431770836, "n_waypoints_completed": 2, "tot_waypoints": 9}}
{"target": -1560.9045741542893, "params": {"k_pid_pos": [1.9791213274002075, 0.9692630767822266, 0.09658819437026978], "k_pid_alt": [1.9938151836395264, 0.9555917978286743, 0.016482234001159668], "k_pid_att": [100.0, 0.32361823320388794, 0.983440637588501], "k_pid_yaw": [0.5, 1e-06, 0.1], "k_pid_hsp": [10.0, 0.9757465720176697, 0.04012817144393921], "k_pid_vsp": [0.28824806213378906, 12.345624923706055, 399.4670104980469]}, "datetime": {"datetime": "2025-08-12 09:32:42", "elapsed": 61641.54906105995, "delta": 31.493988513946533}, "costs": {"total_cost": 1560.9045741542893, "time_cost": 150, "final_distance_cost": 2.4172253910676686, "oscillation_cost": 75.52559224242998, "completition_cost": 1000.0, "overshoot_cost": 165.13346876908153, "power_cost": 30.200836474609375, "noise_cost": 137.6274512771008, "n_waypoints_completed": 0, "tot_waypoints": 9}}
{"target": -717.6533766216254, "params": {"k_pid_pos": [1.9613229036331177, 0.9907723665237427, 0.04187953472137451], "k_pid_alt": [1.972198247909546, 0.6293582916259766, 0.01888027787208557], "k_pid_att": [100.0, 0.44753387570381165, 0.9932631254196167], "k_pid_yaw": [0.5, 1e-06, 0.1], "k_pid_hsp": [10.0, 0.9940809607505798, 0.012636780738830566], "k_pid_vsp": [366.1963806152344, 6.134081840515137, 9.999999974752427e-07]}, "datetime": {"datetime": "2025-08-12 09:33:10", "elapsed": 61669.98755645752, "delta": 28.43849539756775}, "costs": {"total_cost": 717.6533766216254, "time_cost": 150, "final_distance_cost": 67.86704016005005, "oscillation_cost": 147.85606140020394, "completition_cost": 222.2222222222222, "overshoot_cost": 66.02035845260966, "power_cost": 30.727752734375002, "noise_cost": 32.95994165216455, "n_waypoints_completed": 7, "tot_waypoints": 9}}
{"target": -1377.4035958063146, "params": {"k_pid_pos": [1.9440230131149292, 0.9902330040931702, 0.015383511781692505], "k_pid_alt": [1.9943246841430664, 0.9855559468269348, 0.005342364311218262], "k_pid_att": [100.0, 0.09448986500501633, 0.9560458660125732], "k_pid_yaw": [0.5, 1e-06, 0.1], "k_pid_hsp": [9.999990463256836, 0.9948523640632629, 0.039156556129455566], "k_pid_vsp": [400.0, 0.8690724968910217, 74.05519104003906]}, "datetime": {"datetime": "2025-08-12 09:33:39", "elapsed": 61699.18362379074, "delta": 29.196067333221436}, "costs": {"total_cost": 1377.4035958063146, "time_cost": 150, "final_distance_cost": 46.35508345949059, "oscillation_cost": 81.35678576941173, "completition_cost": 1000.0, "overshoot_cost": 33.89371785916515, "power_cost": 35.45035112304688, "noise_cost": 30.347657595200246, "n_waypoints_completed": 0, "tot_waypoints": 9}}
{"target": -701.5109164798579, "params": {"k_pid_pos": [1.9857158660888672, 0.9829177260398865, 0.009022831916809082], "k_pid_alt": [1.910048484802246, 0.9784188270568848, 0.02342948317527771], "k_pid_att": [100.0, 0.14004911482334137, 0.9561556577682495], "k_pid_yaw": [0.5, 1e-06, 0.1], "k_pid_hsp": [10.0, 0.9938985109329224, 0.0024978816509246826], "k_pid_vsp": [400.0, 5.0952324867248535, 1.2920929293613881e-05]}, "datetime": {"datetime": "2025-08-12 09:34:07", "elapsed": 61727.127238988876, "delta": 27.943615198135376}, "costs": {"total_cost": 701.5109164798579, "time_cost": 150, "final_distance_cost": 70.53778662091125, "oscillation_cost": 130.87701405536998, "completition_cost": 222.2222222222222, "overshoot_cost": 64.47622364579098, "power_cost": 30.52178565673828, "noise_cost": 32.875884278825076, "n_waypoints_completed": 7, "tot_waypoints": 9}}
{"target": -1310.6548825351151, "params": {"k_pid_pos": [1.9579811096191406, 0.9933909773826599, 0.00707283616065979], "k_pid_alt": [1.872673749923706, 0.9891039133071899, 0.015033900737762451], "k_pid_att": [100.0, 0.212815523147583, 0.9581581354141235], "k_pid_yaw": [0.5, 1e-06, 0.1], "k_pid_hsp": [10.0, 0.973100483417511, 0.039682090282440186], "k_pid_vsp": [399.7709655761719, 2.949751377105713, 9.999999974752427e-07]}, "datetime": {"datetime": "2025-08-12 09:34:36", "elapsed": 61755.90443086624, "delta": 28.777191877365112}, "costs": {"total_cost": 1310.6548825351151, "time_cost": 150, "final_distance_cost": 62.373653118360494, "oscillation_cost": 103.54992231821456, "completition_cost": 888.8888888888888, "overshoot_cost": 41.51064558468273, "power_cost": 30.518944055175783, "noise_cost": 33.8128285697926, "n_waypoints_completed": 1, "tot_waypoints": 9}}
{"target": -1542.2177437211112, "params": {"k_pid_pos": [1.9815047979354858, 0.9889398813247681, 0.0014565587043762207], "k_pid_alt": [1.9882042407989502, 0.9696411490440369, 0.012709259986877441], "k_pid_att": [99.22631072998047, 0.17086440324783325, 0.9708868861198425], "k_pid_yaw": [0.5, 1e-06, 0.1], "k_pid_hsp": [9.999996185302734, 0.9980547428131104, 0.009731560945510864], "k_pid_vsp": [0.048792362213134766, 1.789344310760498, 0.00882248766720295]}, "datetime": {"datetime": "2025-08-12 09:35:04", "elapsed": 61783.79493713379, "delta": 27.890506267547607}, "costs": {"total_cost": 1542.2177437211112, "time_cost": 150, "final_distance_cost": 15.820298231518798, "oscillation_cost": 55.1394408023866, "completition_cost": 1000.0, "overshoot_cost": 166.80672621372264, "power_cost": 14.40233602294922, "noise_cost": 140.04894245053407, "n_waypoints_completed": 0, "tot_waypoints": 9}}
{"target": -1382.4359815039888, "params": {"k_pid_pos": [1.946600317955017, 0.984024703502655, 0.00865328311920166], "k_pid_alt": [1.5587351322174072, 0.9965161085128784, 0.0024536848068237305], "k_pid_att": [99.99994659423828, 0.4844195246696472, 0.865067183971405], "k_pid_yaw": [0.5, 1e-06, 0.1], "k_pid_hsp": [10.0, 0.9865851402282715, 0.05273023247718811], "k_pid_vsp": [320.87091064453125, 10.880256652832031, 0.012303398922085762]}, "datetime": {"datetime": "2025-08-12 09:35:32", "elapsed": 61811.446774721146, "delta": 27.651837587356567}, "costs": {"total_cost": 1382.4359815039888, "time_cost": 150, "final_distance_cost": 45.494563602343646, "oscillation_cost": 89.91180322311652, "completition_cost": 1000.0, "overshoot_cost": 32.35716168206902, "power_cost": 30.796691357421878, "noise_cost": 33.87576163903767, "n_waypoints_completed": 0, "tot_waypoints": 9}}
{"target": -1552.9020264442386, "params": {"k_pid_pos": [1.948166847229004, 0.9794951677322388, 0.01983591914176941], "k_pid_alt": [1.9861173629760742, 0.9301941990852356, 0.009094387292861938], "k_pid_att": [7.924538612365723, 0.03222449868917465, 0.9962090849876404], "k_pid_yaw": [0.5, 1e-06, 0.1], "k_pid_hsp": [10.0, 0.9901047945022583, 0.0176660418510437], "k_pid_vsp": [0.21371841430664062, 8.422304153442383, 0.0013480649795383215]}, "datetime": {"datetime": "2025-08-12 09:35:58", "elapsed": 61837.928203582764, "delta": 26.481428861618042}, "costs": {"total_cost": 1552.9020264442386, "time_cost": 150, "final_distance_cost": 12.578522120980645, "oscillation_cost": 54.7457957592896, "completition_cost": 1000.0, "overshoot_cost": 168.6838971704345, "power_cost": 18.135399670410155, "noise_cost": 148.75841172312371, "n_waypoints_completed": 0, "tot_waypoints": 9}}
{"target": -1419.551277575353, "params": {"k_pid_pos": [1.9553543329238892, 0.9946335554122925, 0.024439364671707153], "k_pid_alt": [1.873619794845581, 0.9556373357772827, 0.010888725519180298], "k_pid_att": [99.9998550415039, 0.03818490356206894, 0.9854850769042969], "k_pid_yaw": [0.5, 1e-06, 0.1], "k_pid_hsp": [9.980616569519043, 0.983190655708313, 0.03413400053977966], "k_pid_vsp": [399.9866943359375, 29.30299186706543, 398.847900390625]}, "datetime": {"datetime": "2025-08-12 09:36:26", "elapsed": 61865.96900010109, "delta": 28.040796518325806}, "costs": {"total_cost": 1419.551277575353, "time_cost": 150, "final_distance_cost": 46.66844987705913, "oscillation_cost": 79.03761519197228, "completition_cost": 1000.0, "overshoot_cost": 77.18765318234634, "power_cost": 35.26567941894531, "noise_cost": 31.39187990502987, "n_waypoints_completed": 0, "tot_waypoints": 9}}
{"target": -1528.641873627265, "params": {"k_pid_pos": [1.958367943763733, 0.9899649620056152, 0.20811408758163452], "k_pid_alt": [1.940295934677124, 0.9958217740058899, 0.0014656782150268555], "k_pid_att": [100.0, 0.060193099081516266, 0.9937753677368164], "k_pid_yaw": [0.5, 1e-06, 0.1], "k_pid_hsp": [10.0, 0.9774070978164673, 0.0058029890060424805], "k_pid_vsp": [400.0, 10.262978553771973, 400.0]}, "datetime": {"datetime": "2025-08-12 09:36:55", "elapsed": 61894.4563806057, "delta": 28.487380504608154}, "costs": {"total_cost": 1528.641873627265, "time_cost": 150, "final_distance_cost": 10.674807258592878, "oscillation_cost": 55.49905066006246, "completition_cost": 1000.0, "overshoot_cost": 163.251562208245, "power_cost": 31.639230017089844, "noise_cost": 117.57722348327489, "n_waypoints_completed": 0, "tot_waypoints": 9}}
{"target": -1524.854397590558, "params": {"k_pid_pos": [1.9821629524230957, 0.9669747352600098, 0.08455872535705566], "k_pid_alt": [1.9881198406219482, 0.9714279174804688, 0.06590181589126587], "k_pid_att": [100.0, 0.056481555104255676, 0.9955542087554932], "k_pid_yaw": [0.5, 1e-06, 0.1], "k_pid_hsp": [10.0, 0.9921938180923462, 0.004535675048828125], "k_pid_vsp": [0.008308887481689453, 3.62451171875, 0.00010828836093423888]}, "datetime": {"datetime": "2025-08-12 09:37:23", "elapsed": 61922.586154699326, "delta": 28.12977409362793}, "costs": {"total_cost": 1524.854397590558, "time_cost": 150, "final_distance_cost": 8.924379792652857, "oscillation_cost": 42.803881779667705, "completition_cost": 1000.0, "overshoot_cost": 165.9750226799198, "power_cost": 14.787599304199219, "noise_cost": 142.36351403411837, "n_waypoints_completed": 0, "tot_waypoints": 9}}
{"target": -697.3210980138547, "params": {"k_pid_pos": [1.9916291236877441, 0.8369815945625305, 0.02645251154899597], "k_pid_alt": [1.9579079151153564, 0.8615531921386719, 0.09354296326637268], "k_pid_att": [99.99978637695312, 0.4670863747596741, 0.9629635810852051], "k_pid_yaw": [0.5, 1e-06, 0.1], "k_pid_hsp": [10.0, 0.9894857406616211, 0.0827454924583435], "k_pid_vsp": [399.2378845214844, 0.9126315712928772, 11.012972831726074]}, "datetime": {"datetime": "2025-08-12 09:37:51", "elapsed": 61950.48410129547, "delta": 27.89794659614563}, "costs": {"total_cost": 697.3210980138547, "time_cost": 150, "final_distance_cost": 65.18274517843697, "oscillation_cost": 125.8079688678872, "completition_cost": 222.2222222222222, "overshoot_cost": 67.75526115450221, "power_cost": 34.012534924316405, "noise_cost": 32.340365666489674, "n_waypoints_completed": 7, "tot_waypoints": 9}}
{"target": -1511.4691873309473, "params": {"k_pid_pos": [1.9972853660583496, 0.9751629829406738, 0.00918591022491455], "k_pid_alt": [1.9357566833496094, 0.9076324701309204, 0.1010739803314209], "k_pid_att": [100.0, 0.18819190561771393, 0.969347357749939], "k_pid_yaw": [0.5, 1e-06, 0.1], "k_pid_hsp": [9.999999046325684, 0.983512282371521, 0.005915254354476929], "k_pid_vsp": [399.99993896484375, 15.245259284973145, 380.49267578125]}, "datetime": {"datetime": "2025-08-12 09:38:20", "elapsed": 61980.31978082657, "delta": 29.835679531097412}, "costs": {"total_cost": 1511.4691873309473, "time_cost": 150, "final_distance_cost": 8.154830591853726, "oscillation_cost": 50.76897054900349, "completition_cost": 1000.0, "overshoot_cost": 162.73603734123384, "power_cost": 32.26024989013672, "noise_cost": 107.54909895871944, "n_waypoints_completed": 0, "tot_waypoints": 9}}
{"target": -1309.2116398226988, "params": {"k_pid_pos": [1.961885690689087, 0.9890503883361816, 0.0028113126754760742], "k_pid_alt": [1.847368836402893, 0.9718317985534668, 0.013629764318466187], "k_pid_att": [100.0, 1.3606399297714233, 0.8078325986862183], "k_pid_yaw": [0.5, 1e-06, 0.1], "k_pid_hsp": [9.999985694885254, 0.9840241074562073, 0.021324217319488525], "k_pid_vsp": [381.8851318359375, 0.6272326111793518, 9.999999974752427e-07]}, "datetime": {"datetime": "2025-08-12 09:38:49", "elapsed": 62009.263389348984, "delta": 28.94360852241516}, "costs": {"total_cost": 1309.2116398226988, "time_cost": 150, "final_distance_cost": 60.27515481902312, "oscillation_cost": 104.93872488685393, "completition_cost": 888.8888888888888, "overshoot_cost": 41.72293092217351, "power_cost": 29.55146802978516, "noise_cost": 33.83447227597442, "n_waypoints_completed": 1, "tot_waypoints": 9}}
{"target": -1552.0840475059813, "params": {"k_pid_pos": [1.9933032989501953, 0.9797482490539551, 0.07365041971206665], "k_pid_alt": [1.9420621395111084, 0.9793887138366699, 0.024403691291809082], "k_pid_att": [100.0, 0.7206873297691345, 0.9904457330703735], "k_pid_yaw": [0.5, 1e-06, 0.1], "k_pid_hsp": [10.0, 0.8913227319717407, 0.017464280128479004], "k_pid_vsp": [0.026845932006835938, 7.6405415534973145, 0.8756409287452698]}, "datetime": {"datetime": "2025-08-12 09:39:18", "elapsed": 62038.153138399124, "delta": 28.88974905014038}, "costs": {"total_cost": 1552.0840475059813, "time_cost": 150, "final_distance_cost": 13.686927057493397, "oscillation_cost": 57.23483500309588, "completition_cost": 1000.0, "overshoot_cost": 166.0043669337458, "power_cost": 18.852873559570313, "noise_cost": 146.30504495207575, "n_waypoints_completed": 0, "tot_waypoints": 9}}
{"target": -572.0331242674571, "params": {"k_pid_pos": [1.9915313720703125, 0.9634164571762085, 0.06203451752662659], "k_pid_alt": [1.9741241931915283, 0.9581209421157837, 0.0018163323402404785], "k_pid_att": [100.0, 0.1363736242055893, 0.9784306287765503], "k_pid_yaw": [0.5, 1e-06, 0.1], "k_pid_hsp": [10.0, 0.9950771927833557, 0.021026313304901123], "k_pid_vsp": [66.00106048583984, 1.0406861305236816, 9.999999974752427e-07]}, "datetime": {"datetime": "2025-08-12 09:39:47", "elapsed": 62066.46842336655, "delta": 28.315284967422485}, "costs": {"total_cost": 572.0331242674571, "time_cost": 150, "final_distance_cost": 58.27862517666708, "oscillation_cost": 125.15533354483094, "completition_cost": 111.11111111111116, "overshoot_cost": 64.33993417715753, "power_cost": 30.45964217529297, "noise_cost": 32.68847808239737, "n_waypoints_completed": 8, "tot_waypoints": 9}}
{"target": -702.6610616544251, "params": {"k_pid_pos": [1.962005615234375, 0.9608286619186401, 0.028090864419937134], "k_pid_alt": [1.9640713930130005, 0.9986540079116821, 0.008009195327758789], "k_pid_att": [100.0, 0.09197338670492172, 0.9860125184059143], "k_pid_yaw": [0.5, 1e-06, 0.1], "k_pid_hsp": [10.0, 0.9713997840881348, 0.005449861288070679], "k_pid_vsp": [400.0, 7.289839744567871, 1.2920929293613881e-05]}, "datetime": {"datetime": "2025-08-12 09:40:18", "elapsed": 62097.69415688515, "delta": 31.225733518600464}, "costs": {"total_cost": 702.6610616544251, "time_cost": 150, "final_distance_cost": 72.59405635633934, "oscillation_cost": 129.52755599765538, "completition_cost": 222.2222222222222, "overshoot_cost": 64.81847076243027, "power_cost": 30.526534130859375, "noise_cost": 32.972222184918515, "n_waypoints_completed": 7, "tot_waypoints": 9}}
{"target": -1438.5546561829601, "params": {"k_pid_pos": [1.9631391763687134, 0.9898054599761963, 0.011288166046142578], "k_pid_alt": [1.9238675832748413, 0.9953230619430542, 0.016227900981903076], "k_pid_att": [100.0, 0.38350093364715576, 0.9825112819671631], "k_pid_yaw": [0.5, 1e-06, 0.1], "k_pid_hsp": [0.31256645917892456, 0.971153974533081, 0.011909931898117065], "k_pid_vsp": [2.89919376373291, 22.40445899963379, 0.0002990232314914465]}, "datetime": {"datetime": "2025-08-12 09:40:46", "elapsed": 62125.96577334404, "delta": 28.271616458892822}, "costs": {"total_cost": 1438.5546561829601, "time_cost": 150, "final_distance_cost": 57.64983720348756, "oscillation_cost": 106.22819877196818, "completition_cost": 1000.0, "overshoot_cost": 57.818220647039105, "power_cost": 32.13338225097657, "noise_cost": 34.7250173094886, "n_waypoints_completed": 0, "tot_waypoints": 9}}
