{"target": -717.6882650174693, "params": {"k_pid_pos": [1.9909807443618774, 0.9909223318099976, 0.1083831787109375], "k_pid_alt": [1.9607539176940918, 0.8530765771865845, 0.10761654376983643], "k_pid_att": [100.0, 0.22554010152816772, 0.9741193652153015], "k_pid_yaw": [0.5, 1e-06, 0.1], "k_pid_hsp": [10.0, 0.9686548709869385, 0.02658560872077942], "k_pid_vsp": [399.98162841796875, 9.01941204071045, 9.999999974752427e-07]}, "datetime": {"datetime": "2025-08-12 10:40:55", "elapsed": 65734.67685556412, "delta": 30.505924224853516}, "costs": {"total_cost": 717.6882650174693, "time_cost": 150, "final_distance_cost": 77.5181130760609, "oscillation_cost": 144.35254378588942, "completition_cost": 222.2222222222222, "overshoot_cost": 58.712147313094455, "power_cost": 31.135299853515626, "noise_cost": 33.747938766686694, "n_waypoints_completed": 7, "tot_waypoints": 9}}
{"target": -848.224073676091, "params": {"k_pid_pos": [1.933035969734192, 0.975825309753418, 0.03502681851387024], "k_pid_alt": [1.9371392726898193, 0.988528847694397, 0.014027118682861328], "k_pid_att": [100.0, 0.0850888192653656, 0.988071084022522], "k_pid_yaw": [0.5, 1e-06, 0.1], "k_pid_hsp": [9.999960899353027, 0.9880883693695068, 0.013694047927856445], "k_pid_vsp": [400.0, 50.72026062011719, 9.999999974752427e-07]}, "datetime": {"datetime": "2025-08-12 10:41:24", "elapsed": 65763.52288389206, "delta": 28.846028327941895}, "costs": {"total_cost": 848.224073676091, "time_cost": 150, "final_distance_cost": 75.95166563019896, "oscillation_cost": 160.4096179927891, "completition_cost": 333.33333333333337, "overshoot_cost": 63.684980166565786, "power_cost": 30.69904558105469, "noise_cost": 34.14543097214925, "n_waypoints_completed": 6, "tot_waypoints": 9}}
{"target": -702.8396190344085, "params": {"k_pid_pos": [1.9042580127716064, 0.9979230165481567, 0.002338200807571411], "k_pid_alt": [1.9906761646270752, 0.9811886548995972, 0.021872520446777344], "k_pid_att": [100.0, 0.12161567062139511, 0.995005190372467], "k_pid_yaw": [0.5, 1e-06, 0.1], "k_pid_hsp": [10.0, 0.9959975481033325, 0.007416874170303345], "k_pid_vsp": [400.0, 12.962496757507324, 9.999999974752427e-07]}, "datetime": {"datetime": "2025-08-12 10:41:51", "elapsed": 65790.62225747108, "delta": 27.09937357902527}, "costs": {"total_cost": 702.8396190344085, "time_cost": 150, "final_distance_cost": 67.41659456960542, "oscillation_cost": 137.88708836505913, "completition_cost": 222.2222222222222, "overshoot_cost": 60.204128585116095, "power_cost": 30.93070087890625, "noise_cost": 34.1788844134994, "n_waypoints_completed": 7, "tot_waypoints": 9}}
{"target": -1318.2127187555539, "params": {"k_pid_pos": [1.9936039447784424, 0.9981485605239868, 0.058522313833236694], "k_pid_alt": [1.983574390411377, 0.8870686292648315, 0.01599705219268799], "k_pid_att": [100.0, 0.2523133158683777, 0.9950944185256958], "k_pid_yaw": [0.5, 1e-06, 0.1], "k_pid_hsp": [9.999994277954102, 0.994992733001709, 0.03133031725883484], "k_pid_vsp": [400.0, 3.930760383605957, 9.999999974752427e-07]}, "datetime": {"datetime": "2025-08-12 10:42:20", "elapsed": 65820.10436701775, "delta": 29.482109546661377}, "costs": {"total_cost": 1318.2127187555539, "time_cost": 150, "final_distance_cost": 69.38795975960196, "oscillation_cost": 106.28606121500974, "completition_cost": 888.8888888888888, "overshoot_cost": 39.8784724171943, "power_cost": 29.827051232910158, "noise_cost": 33.94428524194897, "n_waypoints_completed": 1, "tot_waypoints": 9}}
{"target": -1305.1262455619888, "params": {"k_pid_pos": [1.8119688034057617, 0.9852060079574585, 0.007879465818405151], "k_pid_alt": [1.9794065952301025, 0.973705530166626, 0.07820695638656616], "k_pid_att": [100.0, 0.14101022481918335, 0.9675010442733765], "k_pid_yaw": [0.5, 1e-06, 0.1], "k_pid_hsp": [10.0, 0.9874815940856934, 0.029811114072799683], "k_pid_vsp": [400.0, 2.9840240478515625, 9.999999974752427e-07]}, "datetime": {"datetime": "2025-08-12 10:42:49", "elapsed": 65848.87843084335, "delta": 28.7740638256073}, "costs": {"total_cost": 1305.1262455619888, "time_cost": 150, "final_distance_cost": 59.564703426580635, "oscillation_cost": 101.2470465872611, "completition_cost": 888.8888888888888, "overshoot_cost": 41.36989948266981, "power_cost": 30.14518316650391, "noise_cost": 33.91052401008448, "n_waypoints_completed": 1, "tot_waypoints": 9}}
{"target": -701.4026905649109, "params": {"k_pid_pos": [1.978959083557129, 0.9930711984634399, 0.019909799098968506], "k_pid_alt": [1.9327642917633057, 0.9638776779174805, 0.004338473081588745], "k_pid_att": [100.0, 0.49008041620254517, 0.9778631925582886], "k_pid_yaw": [0.5, 1e-06, 0.1], "k_pid_hsp": [9.99867057800293, 0.9824606776237488, 0.007623642683029175], "k_pid_vsp": [173.7569580078125, 3.2979140281677246, 2.4841858248692006e-05]}, "datetime": {"datetime": "2025-08-12 10:43:17", "elapsed": 65876.40979766846, "delta": 27.53136682510376}, "costs": {"total_cost": 701.4026905649109, "time_cost": 150, "final_distance_cost": 72.82693621769614, "oscillation_cost": 126.43398706385567, "completition_cost": 222.2222222222222, "overshoot_cost": 65.72763037186033, "power_cost": 29.89588835449219, "noise_cost": 34.2960263347844, "n_waypoints_completed": 7, "tot_waypoints": 9}}
{"target": -1299.1307728558854, "params": {"k_pid_pos": [1.9728996753692627, 0.9832784533500671, 0.006124973297119141], "k_pid_alt": [1.9707591533660889, 0.9884719848632812, 0.14032647013664246], "k_pid_att": [100.0, 0.20250193774700165, 0.9860848784446716], "k_pid_yaw": [0.5, 1e-06, 0.1], "k_pid_hsp": [10.0, 0.9944115877151489, 0.022333621978759766], "k_pid_vsp": [399.9998474121094, 3.251279354095459, 0.18223623931407928]}, "datetime": {"datetime": "2025-08-12 10:43:45", "elapsed": 65905.06693148613, "delta": 28.65713381767273}, "costs": {"total_cost": 1299.1307728558854, "time_cost": 150, "final_distance_cost": 59.36824526784733, "oscillation_cost": 96.55899275838935, "completition_cost": 888.8888888888888, "overshoot_cost": 41.18421203359759, "power_cost": 29.245550732421876, "noise_cost": 33.88488317474055, "n_waypoints_completed": 1, "tot_waypoints": 9}}
{"target": -660.9922675222161, "params": {"k_pid_pos": [1.9722752571105957, 0.9877533912658691, 0.002621769905090332], "k_pid_alt": [1.9932358264923096, 0.9470674395561218, 0.0025396347045898438], "k_pid_att": [100.0, 0.08315436542034149, 0.9710676670074463], "k_pid_yaw": [0.5, 1e-06, 0.1], "k_pid_hsp": [9.999996185302734, 0.9808945655822754, 0.006649821996688843], "k_pid_vsp": [400.0, 16.602863311767578, 50.42328643798828]}, "datetime": {"datetime": "2025-08-12 10:44:14", "elapsed": 65934.15876436234, "delta": 29.091832876205444}, "costs": {"total_cost": 660.9922675222161, "time_cost": 150, "final_distance_cost": 60.42919688279227, "oscillation_cost": 92.83579526813274, "completition_cost": 222.2222222222222, "overshoot_cost": 69.24267295376332, "power_cost": 34.402338635253905, "noise_cost": 31.860041560051624, "n_waypoints_completed": 7, "tot_waypoints": 9}}
{"target": -687.6862980240118, "params": {"k_pid_pos": [1.9658875465393066, 0.9898538589477539, 0.016894996166229248], "k_pid_alt": [1.8822110891342163, 0.9447575807571411, 0.0172712504863739], "k_pid_att": [100.0, 0.23628371953964233, 0.9938790202140808], "k_pid_yaw": [0.5, 1e-06, 0.1], "k_pid_hsp": [9.999899864196777, 0.9924885034561157, 0.006023824214935303], "k_pid_vsp": [399.9793701171875, 59.78670120239258, 1.8099913597106934]}, "datetime": {"datetime": "2025-08-12 10:44:45", "elapsed": 65964.89671254158, "delta": 30.737948179244995}, "costs": {"total_cost": 687.6862980240118, "time_cost": 150, "final_distance_cost": 70.46250144225642, "oscillation_cost": 120.75688452895996, "completition_cost": 222.2222222222222, "overshoot_cost": 59.66276723367043, "power_cost": 30.367273901367188, "noise_cost": 34.214648695535516, "n_waypoints_completed": 7, "tot_waypoints": 9}}
{"target": -1506.7136000377045, "params": {"k_pid_pos": [1.9893317222595215, 0.9564284086227417, 0.03009733557701111], "k_pid_alt": [1.9653680324554443, 0.9866386651992798, 0.009757965803146362], "k_pid_att": [100.0, 0.43904268741607666, 0.9804547429084778], "k_pid_yaw": [0.5, 1e-06, 0.1], "k_pid_hsp": [10.0, 0.9641416072845459, 0.009429842233657837], "k_pid_vsp": [400.0, 6.631697177886963, 366.4989929199219]}, "datetime": {"datetime": "2025-08-12 10:45:19", "elapsed": 65998.63382124901, "delta": 33.73710870742798}, "costs": {"total_cost": 1506.7136000377045, "time_cost": 150, "final_distance_cost": 13.248071646358635, "oscillation_cost": 57.54178439804063, "completition_cost": 1000.0, "overshoot_cost": 159.64098384360722, "power_cost": 33.51195076904297, "noise_cost": 92.77080938065528, "n_waypoints_completed": 0, "tot_waypoints": 9}}
{"target": -719.278026400914, "params": {"k_pid_pos": [1.969204306602478, 0.9426248073577881, 0.002852141857147217], "k_pid_alt": [1.9931652545928955, 0.948514461517334, 0.02367827296257019], "k_pid_att": [100.0, 0.23122543096542358, 0.9784339666366577], "k_pid_yaw": [0.5, 1e-06, 0.1], "k_pid_hsp": [10.0, 0.8862416744232178, 0.0023017525672912598], "k_pid_vsp": [399.97705078125, 3.5999069213867188, 0.050760313868522644]}, "datetime": {"datetime": "2025-08-12 10:45:49", "elapsed": 66028.52757883072, "delta": 29.893757581710815}, "costs": {"total_cost": 719.278026400914, "time_cost": 150, "final_distance_cost": 65.69713104639935, "oscillation_cost": 152.34902185528696, "completition_cost": 222.2222222222222, "overshoot_cost": 64.45985802248083, "power_cost": 30.484185742187503, "noise_cost": 34.06560751233714, "n_waypoints_completed": 7, "tot_waypoints": 9}}
{"target": -784.1051428571027, "params": {"k_pid_pos": [1.957257866859436, 0.9931043386459351, 0.007527947425842285], "k_pid_alt": [1.9707438945770264, 0.9929965138435364, 0.002882540225982666], "k_pid_att": [100.0, 0.26840463280677795, 0.9813817739486694], "k_pid_yaw": [0.5, 1e-06, 0.1], "k_pid_hsp": [10.0, 0.6966775059700012, 0.008452683687210083], "k_pid_vsp": [399.85693359375, 2.9738197326660156, 9.443724632263184]}, "datetime": {"datetime": "2025-08-12 10:46:18", "elapsed": 66057.6232008934, "delta": 29.095622062683105}, "costs": {"total_cost": 784.1051428571027, "time_cost": 150, "final_distance_cost": 75.72945877507557, "oscillation_cost": 96.14536324492781, "completition_cost": 333.33333333333337, "overshoot_cost": 63.89403073240087, "power_cost": 31.974005395507813, "noise_cost": 33.02895137585732, "n_waypoints_completed": 6, "tot_waypoints": 9}}
{"target": -815.9434602643362, "params": {"k_pid_pos": [1.9599789381027222, 0.9833852648735046, 0.013138234615325928], "k_pid_alt": [1.96419095993042, 0.9770013093948364, 0.002406895160675049], "k_pid_att": [99.996826171875, 0.11285446584224701, 0.9961940050125122], "k_pid_yaw": [0.5, 1e-06, 0.1], "k_pid_hsp": [9.999876022338867, 0.9973622560501099, 0.08151218295097351], "k_pid_vsp": [400.0, 75.0549545288086, 7.25255740690045e-05]}, "datetime": {"datetime": "2025-08-12 10:46:46", "elapsed": 66086.17540168762, "delta": 28.55220079421997}, "costs": {"total_cost": 815.9434602643362, "time_cost": 150, "final_distance_cost": 70.76515210515814, "oscillation_cost": 130.15366798894948, "completition_cost": 333.33333333333337, "overshoot_cost": 65.14592892779427, "power_cost": 32.586515161132816, "noise_cost": 33.958862747967885, "n_waypoints_completed": 6, "tot_waypoints": 9}}
{"target": -1535.8192872141456, "params": {"k_pid_pos": [1.9664726257324219, 0.952528715133667, 0.008152425289154053], "k_pid_alt": [1.989736557006836, 0.9899871349334717, 0.0073156654834747314], "k_pid_att": [100.0, 0.41873466968536377, 0.9743906855583191], "k_pid_yaw": [0.5, 1e-06, 0.1], "k_pid_hsp": [9.999983787536621, 0.9732776880264282, 0.006321310997009277], "k_pid_vsp": [0.007474422454833984, 6.452358722686768, 0.01643996126949787]}, "datetime": {"datetime": "2025-08-12 10:47:14", "elapsed": 66113.97804737091, "delta": 27.802645683288574}, "costs": {"total_cost": 1535.8192872141456, "time_cost": 150, "final_distance_cost": 12.377680069493636, "oscillation_cost": 44.12317288281102, "completition_cost": 1000.0, "overshoot_cost": 166.4261308159494, "power_cost": 17.31756922607422, "noise_cost": 145.5747342198172, "n_waypoints_completed": 0, "tot_waypoints": 9}}
{"target": -723.5060722931838, "params": {"k_pid_pos": [1.9955024719238281, 0.9923721551895142, 0.013258010149002075], "k_pid_alt": [1.9867191314697266, 0.9793157577514648, 0.018736928701400757], "k_pid_att": [100.0, 0.1310432404279709, 0.9968416690826416], "k_pid_yaw": [0.5, 1e-06, 0.1], "k_pid_hsp": [10.0, 0.9956514835357666, 0.006335526704788208], "k_pid_vsp": [400.0, 3.6076197624206543, 0.002146767219528556]}, "datetime": {"datetime": "2025-08-12 10:47:45", "elapsed": 66144.71334505081, "delta": 30.735297679901123}, "costs": {"total_cost": 723.5060722931838, "time_cost": 150, "final_distance_cost": 61.465490167709255, "oscillation_cost": 160.3120986945876, "completition_cost": 222.2222222222222, "overshoot_cost": 66.18126280238853, "power_cost": 30.7056154296875, "noise_cost": 32.61938297658868, "n_waypoints_completed": 7, "tot_waypoints": 9}}
{"target": -601.3564332203641, "params": {"k_pid_pos": [1.8832191228866577, 0.9125152230262756, 0.08702421188354492], "k_pid_alt": [1.994274377822876, 0.9913830757141113, 0.005170077085494995], "k_pid_att": [99.9998779296875, 0.036685265600681305, 0.9718092083930969], "k_pid_yaw": [0.5, 1e-06, 0.1], "k_pid_hsp": [10.0, 0.8883832693099976, 0.007459878921508789], "k_pid_vsp": [399.9649658203125, 12.465561866760254, 0.2136240452528]}, "datetime": {"datetime": "2025-08-12 10:48:19", "elapsed": 66178.5339307785, "delta": 33.82058572769165}, "costs": {"total_cost": 601.3564332203641, "time_cost": 150, "final_distance_cost": 59.689918037142945, "oscillation_cost": 146.88996204819463, "completition_cost": 111.11111111111116, "overshoot_cost": 70.23979610701953, "power_cost": 30.90588289794922, "noise_cost": 32.519763018946556, "n_waypoints_completed": 8, "tot_waypoints": 9}}
{"target": -1434.8102410628962, "params": {"k_pid_pos": [1.9416999816894531, 0.946789562702179, 0.007112771272659302], "k_pid_alt": [1.9103219509124756, 0.9934861660003662, 0.011222034692764282], "k_pid_att": [100.0, 0.14793145656585693, 0.9961229562759399], "k_pid_yaw": [0.5, 1e-06, 0.1], "k_pid_hsp": [10.0, 0.9861590266227722, 0.0294039249420166], "k_pid_vsp": [399.9854431152344, 3.2697091102600098, 399.9573059082031]}, "datetime": {"datetime": "2025-08-12 10:48:49", "elapsed": 66208.52517580986, "delta": 29.99124503135681}, "costs": {"total_cost": 1434.8102410628962, "time_cost": 150, "final_distance_cost": 17.812337739248054, "oscillation_cost": 71.24355087785685, "completition_cost": 1000.0, "overshoot_cost": 130.43848041557592, "power_cost": 34.19813299560547, "noise_cost": 31.117739034609908, "n_waypoints_completed": 0, "tot_waypoints": 9}}
{"target": -1244.1434148658795, "params": {"k_pid_pos": [1.9840070009231567, 0.9953452348709106, 0.06952077150344849], "k_pid_alt": [1.92684006690979, 0.9242285490036011, 0.008993834257125854], "k_pid_att": [100.0, 0.18631228804588318, 0.9354962706565857], "k_pid_yaw": [0.5, 1e-06, 0.1], "k_pid_hsp": [10.0, 0.9881955981254578, 0.012130796909332275], "k_pid_vsp": [0.00010728836059570312, 41.351654052734375, 9.999999974752427e-07]}, "datetime": {"datetime": "2025-08-12 10:49:19", "elapsed": 66238.645434618, "delta": 30.120258808135986}, "costs": {"total_cost": 1244.1434148658795, "time_cost": 150, "final_distance_cost": 84.36585271047429, "oscillation_cost": 120.01987317906512, "completition_cost": 777.7777777777778, "overshoot_cost": 48.232844208008395, "power_cost": 32.70296315917969, "noise_cost": 31.04410383137422, "n_waypoints_completed": 2, "tot_waypoints": 9}}
{"target": -1348.0593438136368, "params": {"k_pid_pos": [1.9728683233261108, 0.9695354700088501, 0.03456965088844299], "k_pid_alt": [1.9445865154266357, 0.9914752840995789, 0.021557003259658813], "k_pid_att": [100.0, 0.1822994500398636, 0.9816765785217285], "k_pid_yaw": [0.5, 1e-06, 0.1], "k_pid_hsp": [10.0, 0.9527069330215454, 0.061874985694885254], "k_pid_vsp": [400.0, 19.831623077392578, 400.0]}, "datetime": {"datetime": "2025-08-12 10:49:47", "elapsed": 66267.18512916565, "delta": 28.5396945476532}, "costs": {"total_cost": 1348.0593438136368, "time_cost": 150, "final_distance_cost": 73.47044831169563, "oscillation_cost": 97.37444340700794, "completition_cost": 888.8888888888888, "overshoot_cost": 70.49507881851201, "power_cost": 36.15015423583984, "noise_cost": 31.680330151692548, "n_waypoints_completed": 1, "tot_waypoints": 9}}
{"target": -847.9025980259343, "params": {"k_pid_pos": [1.9887021780014038, 0.9973618984222412, 0.013367831707000732], "k_pid_alt": [1.975515365600586, 0.8726915121078491, 0.010079771280288696], "k_pid_att": [100.0, 0.3936476409435272, 0.994149386882782], "k_pid_yaw": [0.5, 1e-06, 0.1], "k_pid_hsp": [9.99999713897705, 0.9775853157043457, 0.014953792095184326], "k_pid_vsp": [159.82937622070312, 22.255399703979492, 9.999999974752427e-07]}, "datetime": {"datetime": "2025-08-12 10:50:15", "elapsed": 66295.20139241219, "delta": 28.016263246536255}, "costs": {"total_cost": 847.9025980259343, "time_cost": 150, "final_distance_cost": 73.87821170225078, "oscillation_cost": 158.59577429973436, "completition_cost": 333.33333333333337, "overshoot_cost": 67.92891061700338, "power_cost": 30.279915270996096, "noise_cost": 33.88645280261626, "n_waypoints_completed": 6, "tot_waypoints": 9}}
{"target": -1510.4685903313934, "params": {"k_pid_pos": [1.9955531358718872, 0.9932036995887756, 0.015084445476531982], "k_pid_alt": [1.90195631980896, 0.9870332479476929, 0.004389643669128418], "k_pid_att": [100.0, 0.48029762506484985, 0.9980949759483337], "k_pid_yaw": [0.5, 1e-06, 0.1], "k_pid_hsp": [10.0, 0.9776532053947449, 0.00787094235420227], "k_pid_vsp": [399.9992370605469, 2.3027191162109375, 370.5155334472656]}, "datetime": {"datetime": "2025-08-12 10:50:46", "elapsed": 66325.94138240814, "delta": 30.73998999595642}, "costs": {"total_cost": 1510.4685903313934, "time_cost": 150, "final_distance_cost": 13.924948061155883, "oscillation_cost": 60.280897760035366, "completition_cost": 1000.0, "overshoot_cost": 159.56371173590628, "power_cost": 32.683645422363284, "noise_cost": 94.0153873519325, "n_waypoints_completed": 0, "tot_waypoints": 9}}
{"target": -1530.1624256596715, "params": {"k_pid_pos": [1.9263242483139038, 0.964081883430481, 0.010001778602600098], "k_pid_alt": [1.9625418186187744, 0.9850577116012573, 0.15323621034622192], "k_pid_att": [100.0, 0.0927845910191536, 0.8561010360717773], "k_pid_yaw": [0.5, 1e-06, 0.1], "k_pid_hsp": [9.999999046325684, 0.9843085408210754, 0.008519649505615234], "k_pid_vsp": [399.99957275390625, 12.332785606384277, 399.9997253417969]}, "datetime": {"datetime": "2025-08-12 10:51:18", "elapsed": 66357.9043328762, "delta": 31.962950468063354}, "costs": {"total_cost": 1530.1624256596715, "time_cost": 150, "final_distance_cost": 13.521763732219188, "oscillation_cost": 61.093784956957315, "completition_cost": 1000.0, "overshoot_cost": 162.8482324115354, "power_cost": 32.25846263427734, "noise_cost": 110.44018192468228, "n_waypoints_completed": 0, "tot_waypoints": 9}}
{"target": -1286.4674965059044, "params": {"k_pid_pos": [1.9717819690704346, 0.9634788036346436, 0.03988710045814514], "k_pid_alt": [1.932006597518921, 0.9861394166946411, 0.003934651613235474], "k_pid_att": [100.0, 1.3377352952957153, 0.9835731983184814], "k_pid_yaw": [0.5, 1e-06, 0.1], "k_pid_hsp": [6.58826208114624, 0.9963899254798889, 0.025177478790283203], "k_pid_vsp": [399.9981384277344, 10.774327278137207, 0.19254784286022186]}, "datetime": {"datetime": "2025-08-12 10:51:47", "elapsed": 66387.36313033104, "delta": 29.458797454833984}, "costs": {"total_cost": 1286.4674965059044, "time_cost": 150, "final_distance_cost": 64.057007177363, "oscillation_cost": 78.95212775984056, "completition_cost": 888.8888888888888, "overshoot_cost": 41.15766459487499, "power_cost": 29.178971618652344, "noise_cost": 34.23283646628452, "n_waypoints_completed": 1, "tot_waypoints": 9}}
{"target": -789.736300006685, "params": {"k_pid_pos": [1.9986515045166016, 0.9532707929611206, 0.0057243406772613525], "k_pid_alt": [1.8937082290649414, 0.9889697432518005, 0.042795389890670776], "k_pid_att": [100.0, 0.23655402660369873, 0.9606752395629883], "k_pid_yaw": [0.5, 1e-06, 0.1], "k_pid_hsp": [10.0, 0.9686745405197144, 0.07051679491996765], "k_pid_vsp": [33.854888916015625, 16.537763595581055, 0.45533281564712524]}, "datetime": {"datetime": "2025-08-12 10:52:17", "elapsed": 66416.62906193733, "delta": 29.265931606292725}, "costs": {"total_cost": 789.736300006685, "time_cost": 150, "final_distance_cost": 67.97149837933252, "oscillation_cost": 113.22148760240603, "completition_cost": 333.33333333333337, "overshoot_cost": 58.71910494439543, "power_cost": 32.15674901123047, "noise_cost": 34.33412673598735, "n_waypoints_completed": 6, "tot_waypoints": 9}}
{"target": -739.6356698798953, "params": {"k_pid_pos": [1.963663101196289, 0.9957704544067383, 0.01546931266784668], "k_pid_alt": [1.9586880207061768, 0.9791752099990845, 0.03719437122344971], "k_pid_att": [100.0, 0.23126178979873657, 0.985588550567627], "k_pid_yaw": [0.5, 1e-06, 0.1], "k_pid_hsp": [10.0, 0.9767922163009644, 0.009501665830612183], "k_pid_vsp": [400.0, 8.681000709533691, 9.999999974752427e-07]}, "datetime": {"datetime": "2025-08-12 10:52:48", "elapsed": 66448.2087059021, "delta": 31.579643964767456}, "costs": {"total_cost": 739.6356698798953, "time_cost": 150, "final_distance_cost": 69.96795740697382, "oscillation_cost": 169.6172164596878, "completition_cost": 222.2222222222222, "overshoot_cost": 64.52265905966206, "power_cost": 30.793129138183595, "noise_cost": 32.512485593165856, "n_waypoints_completed": 7, "tot_waypoints": 9}}
