{"target": -1537.8850921198969, "params": {"k_pid_pos": [1.9611496925354004, 0.9979577660560608, 0.03622758388519287], "k_pid_alt": [1.9769798517227173, 0.9456660747528076, 0.048715412616729736], "k_pid_att": [100.0, 0.1469426155090332, 0.9938875436782837], "k_pid_yaw": [0.5, 1e-06, 0.1], "k_pid_hsp": [10.0, 0.9788363575935364, 0.007936686277389526], "k_pid_vsp": [0.0009655952453613281, 65.94420623779297, 400.0]}, "datetime": {"datetime": "2025-08-12 02:30:41", "elapsed": 36320.96912693977, "delta": 31.41488218307495}, "costs": {"total_cost": 1537.8850921198969, "time_cost": 150, "final_distance_cost": 13.33538951324914, "oscillation_cost": 51.8913428005336, "completition_cost": 1000.0, "overshoot_cost": 166.05877952353396, "power_cost": 31.83687769775391, "noise_cost": 124.76270258482629, "n_waypoints_completed": 0, "tot_waypoints": 9}}
{"target": -665.0304120767985, "params": {"k_pid_pos": [1.9557658433914185, 0.9759023189544678, 0.01962772011756897], "k_pid_alt": [1.9839277267456055, 0.9691699743270874, 0.018947988748550415], "k_pid_att": [100.0, 1.3705776929855347, 0.9609522819519043], "k_pid_yaw": [0.5, 1e-06, 0.1], "k_pid_hsp": [10.0, 0.9790921211242676, 0.007349073886871338], "k_pid_vsp": [38.19615936279297, 24.53915023803711, 0.13450483977794647]}, "datetime": {"datetime": "2025-08-12 02:31:13", "elapsed": 36353.183509111404, "delta": 32.21438217163086}, "costs": {"total_cost": 665.0304120767985, "time_cost": 150, "final_distance_cost": 63.69245771237934, "oscillation_cost": 98.6908135682045, "completition_cost": 222.2222222222222, "overshoot_cost": 66.96971997424114, "power_cost": 30.450808166503908, "noise_cost": 33.00439043324751, "n_waypoints_completed": 7, "tot_waypoints": 9}}
{"target": -1549.3477666653591, "params": {"k_pid_pos": [1.6805758476257324, 0.9974910020828247, 0.01698744297027588], "k_pid_alt": [1.9707295894622803, 0.9864917993545532, 0.01728460192680359], "k_pid_att": [100.0, 1.6290271282196045, 0.9588235020637512], "k_pid_yaw": [0.5, 1e-06, 0.1], "k_pid_hsp": [8.823199272155762, 0.9745879769325256, 0.015229284763336182], "k_pid_vsp": [1.5470623970031738, 8.274662971496582, 400.0]}, "datetime": {"datetime": "2025-08-12 02:31:45", "elapsed": 36385.088925123215, "delta": 31.905416011810303}, "costs": {"total_cost": 1549.3477666653591, "time_cost": 150, "final_distance_cost": 11.766299053138274, "oscillation_cost": 57.825932084173544, "completition_cost": 1000.0, "overshoot_cost": 165.19758070538353, "power_cost": 27.368250292968753, "noise_cost": 137.18970452969484, "n_waypoints_completed": 0, "tot_waypoints": 9}}
{"target": -1534.2471023500038, "params": {"k_pid_pos": [1.7113598585128784, 0.9864522814750671, 0.017762184143066406], "k_pid_alt": [1.8273433446884155, 0.9271124601364136, 0.013308972120285034], "k_pid_att": [100.0, 2.2149875164031982, 0.9895902872085571], "k_pid_yaw": [0.5, 1e-06, 0.1], "k_pid_hsp": [9.999995231628418, 0.9653850793838501, 0.001941382884979248], "k_pid_vsp": [16.676067352294922, 14.156950950622559, 399.91015625]}, "datetime": {"datetime": "2025-08-12 02:32:16", "elapsed": 36416.01025104523, "delta": 30.92132592201233}, "costs": {"total_cost": 1534.2471023500038, "time_cost": 150, "final_distance_cost": 13.162488852338447, "oscillation_cost": 50.37709219577839, "completition_cost": 1000.0, "overshoot_cost": 166.2469410648998, "power_cost": 30.748926672363282, "noise_cost": 123.71165356462383, "n_waypoints_completed": 0, "tot_waypoints": 9}}
{"target": -1531.5723732034005, "params": {"k_pid_pos": [1.93671452999115, 0.9005069136619568, 0.009644627571105957], "k_pid_alt": [1.950050950050354, 0.7740365266799927, 0.01022377610206604], "k_pid_att": [100.0, 0.09891397505998611, 0.981252133846283], "k_pid_yaw": [0.5, 1e-06, 0.1], "k_pid_hsp": [10.0, 0.8687177300453186, 0.020891785621643066], "k_pid_vsp": [0.00040531158447265625, 6.736327171325684, 400.0]}, "datetime": {"datetime": "2025-08-12 02:32:47", "elapsed": 36447.09104037285, "delta": 31.08078932762146}, "costs": {"total_cost": 1531.5723732034005, "time_cost": 150, "final_distance_cost": 2.020535313303695, "oscillation_cost": 54.43719479917108, "completition_cost": 1000.0, "overshoot_cost": 164.26720043770905, "power_cost": 24.242870544433593, "noise_cost": 136.60457210878312, "n_waypoints_completed": 0, "tot_waypoints": 9}}
{"target": -1526.300943100828, "params": {"k_pid_pos": [1.9767022132873535, 0.9603357315063477, 0.03054317831993103], "k_pid_alt": [1.9715979099273682, 0.9697386026382446, 0.060088396072387695], "k_pid_att": [100.0, 0.26649460196495056, 0.9917222261428833], "k_pid_yaw": [0.5, 1e-06, 0.1], "k_pid_hsp": [10.0, 0.9922929406166077, 0.014126449823379517], "k_pid_vsp": [0.3034830093383789, 1.8258819580078125, 400.0]}, "datetime": {"datetime": "2025-08-12 02:33:19", "elapsed": 36478.4132232666, "delta": 31.32218289375305}, "costs": {"total_cost": 1526.300943100828, "time_cost": 150, "final_distance_cost": 2.323745649452578, "oscillation_cost": 53.317171263344754, "completition_cost": 1000.0, "overshoot_cost": 164.2568578581071, "power_cost": 21.460089270019534, "noise_cost": 134.94307905990368, "n_waypoints_completed": 0, "tot_waypoints": 9}}
{"target": -1585.7526649143106, "params": {"k_pid_pos": [1.9884907007217407, 0.9859703779220581, 0.16095870733261108], "k_pid_alt": [1.9695690870285034, 0.9704402685165405, 0.04813629388809204], "k_pid_att": [99.99998474121094, 0.18386703729629517, 0.9820826053619385], "k_pid_yaw": [0.5, 1e-06, 0.1], "k_pid_hsp": [10.0, 0.9748586416244507, 0.05632483959197998], "k_pid_vsp": [0.07363557815551758, 12.501216888427734, 399.99578857421875]}, "datetime": {"datetime": "2025-08-12 02:33:50", "elapsed": 36510.15210676193, "delta": 31.73888349533081}, "costs": {"total_cost": 1585.7526649143106, "time_cost": 150, "final_distance_cost": 13.463598807307823, "oscillation_cost": 89.43723969533713, "completition_cost": 1000.0, "overshoot_cost": 165.6365426262678, "power_cost": 33.102598352050784, "noise_cost": 134.11268543334708, "n_waypoints_completed": 0, "tot_waypoints": 9}}
{"target": -1588.1927940183673, "params": {"k_pid_pos": [1.9776111841201782, 0.9097288250923157, 0.010862976312637329], "k_pid_alt": [1.9520413875579834, 0.9637484550476074, 0.05310907959938049], "k_pid_att": [100.0, 0.159812331199646, 0.9921642541885376], "k_pid_yaw": [0.5, 1e-06, 0.1], "k_pid_hsp": [10.0, 0.9643436670303345, 0.3744475245475769], "k_pid_vsp": [0.0033140182495117188, 6.237698554992676, 321.9451599121094]}, "datetime": {"datetime": "2025-08-12 02:34:21", "elapsed": 36541.117321014404, "delta": 30.965214252471924}, "costs": {"total_cost": 1588.1927940183673, "time_cost": 150, "final_distance_cost": 13.286013905225694, "oscillation_cost": 95.08245741731913, "completition_cost": 1000.0, "overshoot_cost": 165.80327895906964, "power_cost": 30.574366564941407, "noise_cost": 133.4466771718113, "n_waypoints_completed": 0, "tot_waypoints": 9}}
{"target": -1440.1022837118157, "params": {"k_pid_pos": [1.605700135231018, 0.98833167552948, 0.007377028465270996], "k_pid_alt": [1.9934115409851074, 0.9821975231170654, 0.016087651252746582], "k_pid_att": [99.9999771118164, 1.7459818124771118, 0.9880441427230835], "k_pid_yaw": [0.5, 1e-06, 0.1], "k_pid_hsp": [10.0, 0.991302490234375, 0.023843616247177124], "k_pid_vsp": [399.999267578125, 1.517129898071289, 400.0]}, "datetime": {"datetime": "2025-08-12 02:34:53", "elapsed": 36572.92796802521, "delta": 31.810647010803223}, "costs": {"total_cost": 1440.1022837118157, "time_cost": 150, "final_distance_cost": 15.861952737318028, "oscillation_cost": 70.1536417130003, "completition_cost": 1000.0, "overshoot_cost": 137.46273117646103, "power_cost": 35.338585095214846, "noise_cost": 31.285372989821848, "n_waypoints_completed": 0, "tot_waypoints": 9}}
{"target": -1523.926550945612, "params": {"k_pid_pos": [1.9687379598617554, 0.9180446863174438, 0.007565945386886597], "k_pid_alt": [1.7220427989959717, 0.8817087411880493, 0.04022243618965149], "k_pid_att": [100.0, 3.934393882751465, 0.9692372679710388], "k_pid_yaw": [0.5, 1e-06, 0.1], "k_pid_hsp": [10.0, 0.9802818298339844, 0.010648399591445923], "k_pid_vsp": [0.01310110092163086, 4.456318378448486, 9.999999974752427e-07]}, "datetime": {"datetime": "2025-08-12 02:35:25", "elapsed": 36604.442789793015, "delta": 31.514821767807007}, "costs": {"total_cost": 1523.926550945612, "time_cost": 150, "final_distance_cost": 2.742004292353849, "oscillation_cost": 45.83658207388571, "completition_cost": 1000.0, "overshoot_cost": 166.3325068725335, "power_cost": 15.628658605957032, "noise_cost": 143.38679910088192, "n_waypoints_completed": 0, "tot_waypoints": 9}}
{"target": -1530.220364028664, "params": {"k_pid_pos": [1.9875236749649048, 0.9855521321296692, 0.006427675485610962], "k_pid_alt": [1.9707990884780884, 0.9935597777366638, 0.043138712644577026], "k_pid_att": [99.99998474121094, 0.2317812293767929, 0.9668035507202148], "k_pid_yaw": [0.5, 1e-06, 0.1], "k_pid_hsp": [9.99999713897705, 0.9788756966590881, 0.01413312554359436], "k_pid_vsp": [0.8081793785095215, 1.2544403076171875, 164.73513793945312]}, "datetime": {"datetime": "2025-08-12 02:35:55", "elapsed": 36635.09987330437, "delta": 30.65708351135254}, "costs": {"total_cost": 1530.220364028664, "time_cost": 150, "final_distance_cost": 5.258209526807876, "oscillation_cost": 53.982994197946866, "completition_cost": 1000.0, "overshoot_cost": 164.4977855176411, "power_cost": 21.072999279785158, "noise_cost": 135.40837550648322, "n_waypoints_completed": 0, "tot_waypoints": 9}}
{"target": -1325.9857949732518, "params": {"k_pid_pos": [1.9747216701507568, 0.9647067189216614, 0.015679240226745605], "k_pid_alt": [1.9830259084701538, 0.8971298933029175, 0.02713683247566223], "k_pid_att": [100.0, 0.9043944478034973, 0.9816247224807739], "k_pid_yaw": [0.5, 1e-06, 0.1], "k_pid_hsp": [10.0, 0.9845328330993652, 0.014533251523971558], "k_pid_vsp": [7.782912254333496, 1.8640170097351074, 0.309575617313385]}, "datetime": {"datetime": "2025-08-12 02:36:26", "elapsed": 36665.548951387405, "delta": 30.44907808303833}, "costs": {"total_cost": 1325.9857949732518, "time_cost": 150, "final_distance_cost": 70.58692960805926, "oscillation_cost": 72.31950377163695, "completition_cost": 888.8888888888888, "overshoot_cost": 78.01093328798487, "power_cost": 28.58052888183594, "noise_cost": 37.599010534845824, "n_waypoints_completed": 1, "tot_waypoints": 9}}
{"target": -662.3283083514132, "params": {"k_pid_pos": [1.9957826137542725, 0.9844553470611572, 0.46448251605033875], "k_pid_alt": [1.9937705993652344, 0.7698100209236145, 0.06779435276985168], "k_pid_att": [100.0, 0.13824638724327087, 0.9622379541397095], "k_pid_yaw": [0.5, 1e-06, 0.1], "k_pid_hsp": [0.00010357623978052288, 0.9126697778701782, 0.07601457834243774], "k_pid_vsp": [399.98358154296875, 48.03043746948242, 2.4841858248692006e-05]}, "datetime": {"datetime": "2025-08-12 02:36:56", "elapsed": 36696.3108921051, "delta": 30.761940717697144}, "costs": {"total_cost": 662.3283083514132, "time_cost": 150, "final_distance_cost": 51.9167041824725, "oscillation_cost": 95.01012777769233, "completition_cost": 222.2222222222222, "overshoot_cost": 74.28212091905365, "power_cost": 33.98317634277344, "noise_cost": 34.91395690719907, "n_waypoints_completed": 7, "tot_waypoints": 9}}
{"target": -1525.6161181914338, "params": {"k_pid_pos": [1.9874706268310547, 0.9466089010238647, 0.02041417360305786], "k_pid_alt": [1.9035406112670898, 0.9841428399085999, 0.003045320510864258], "k_pid_att": [99.99996948242188, 1.0639395713806152, 0.9744554162025452], "k_pid_yaw": [0.5, 1e-06, 0.1], "k_pid_hsp": [10.0, 0.991030216217041, 0.00435754656791687], "k_pid_vsp": [9.5367431640625e-05, 8.3089599609375, 125.18489074707031]}, "datetime": {"datetime": "2025-08-12 02:37:28", "elapsed": 36727.89610385895, "delta": 31.585211753845215}, "costs": {"total_cost": 1525.6161181914338, "time_cost": 150, "final_distance_cost": 1.453773198709981, "oscillation_cost": 45.650892076297474, "completition_cost": 1000.0, "overshoot_cost": 165.3091222480875, "power_cost": 22.04271932373047, "noise_cost": 141.15961134460835, "n_waypoints_completed": 0, "tot_waypoints": 9}}
{"target": -676.0680667047426, "params": {"k_pid_pos": [1.8673090934753418, 0.9705798625946045, 0.0036179423332214355], "k_pid_alt": [1.4117069244384766, 0.9066717028617859, 0.07107436656951904], "k_pid_att": [100.0, 0.20671981573104858, 0.9310551285743713], "k_pid_yaw": [0.5, 1e-06, 0.1], "k_pid_hsp": [10.0, 0.8998651504516602, 0.0058852434158325195], "k_pid_vsp": [400.0, 3.97929048538208, 0.00017981392738875002]}, "datetime": {"datetime": "2025-08-12 02:37:59", "elapsed": 36759.16237783432, "delta": 31.266273975372314}, "costs": {"total_cost": 676.0680667047426, "time_cost": 150, "final_distance_cost": 61.98765233000741, "oscillation_cost": 119.97555742546389, "completition_cost": 222.2222222222222, "overshoot_cost": 59.11003649520978, "power_cost": 29.960574731445313, "noise_cost": 32.8120235003941, "n_waypoints_completed": 7, "tot_waypoints": 9}}
{"target": -1426.242277188749, "params": {"k_pid_pos": [1.9829257726669312, 0.9953892230987549, 0.023557603359222412], "k_pid_alt": [1.947479009628296, 0.9113835692405701, 0.03216192126274109], "k_pid_att": [99.99970245361328, 0.7058321833610535, 0.9626116156578064], "k_pid_yaw": [0.5, 1e-06, 0.1], "k_pid_hsp": [10.0, 0.9951898455619812, 0.02162778377532959], "k_pid_vsp": [399.3853454589844, 31.117834091186523, 384.4216003417969]}, "datetime": {"datetime": "2025-08-12 02:38:31", "elapsed": 36790.75786399841, "delta": 31.595486164093018}, "costs": {"total_cost": 1426.242277188749, "time_cost": 150, "final_distance_cost": 19.02428403883791, "oscillation_cost": 67.8945154277159, "completition_cost": 1000.0, "overshoot_cost": 124.8720697796877, "power_cost": 34.17631489257813, "noise_cost": 30.275093049929396, "n_waypoints_completed": 0, "tot_waypoints": 9}}
{"target": -1467.0951127228316, "params": {"k_pid_pos": [1.9676718711853027, 0.9609441757202148, 0.048410385847091675], "k_pid_alt": [1.9880330562591553, 0.8832733035087585, 0.012410342693328857], "k_pid_att": [100.0, 0.5329017639160156, 0.9776208400726318], "k_pid_yaw": [0.5, 1e-06, 0.1], "k_pid_hsp": [10.0, 0.9802306890487671, 0.01883736252784729], "k_pid_vsp": [400.0, 3.412688732147217, 379.6690368652344]}, "datetime": {"datetime": "2025-08-12 02:39:02", "elapsed": 36821.961831092834, "delta": 31.203967094421387}, "costs": {"total_cost": 1467.0951127228316, "time_cost": 150, "final_distance_cost": 7.933941791325706, "oscillation_cost": 67.48969629713585, "completition_cost": 1000.0, "overshoot_cost": 150.57209890142, "power_cost": 33.82332575683594, "noise_cost": 57.27604997611411, "n_waypoints_completed": 0, "tot_waypoints": 9}}
{"target": -1273.0352913930014, "params": {"k_pid_pos": [1.8822959661483765, 0.982453465461731, 0.008740365505218506], "k_pid_alt": [1.976844072341919, 0.9646414518356323, 0.005292296409606934], "k_pid_att": [100.0, 0.3788658380508423, 0.9904913306236267], "k_pid_yaw": [0.5, 1e-06, 0.1], "k_pid_hsp": [9.923975944519043, 0.9470475912094116, 0.11713290214538574], "k_pid_vsp": [400.0, 8.065057754516602, 383.1427307128906]}, "datetime": {"datetime": "2025-08-12 02:39:33", "elapsed": 36852.92333436012, "delta": 30.961503267288208}, "costs": {"total_cost": 1273.0352913930014, "time_cost": 150, "final_distance_cost": 90.58333229969493, "oscillation_cost": 116.29783909526128, "completition_cost": 777.7777777777778, "overshoot_cost": 70.01773715919353, "power_cost": 37.01046964111328, "noise_cost": 31.3481354199606, "n_waypoints_completed": 2, "tot_waypoints": 9}}
{"target": -1535.4181586250747, "params": {"k_pid_pos": [1.9750850200653076, 0.9616305828094482, 0.014182865619659424], "k_pid_alt": [1.925096869468689, 0.9108010530471802, 0.031914353370666504], "k_pid_att": [100.0, 2.063627243041992, 0.8010743856430054], "k_pid_yaw": [0.5, 1e-06, 0.1], "k_pid_hsp": [10.0, 0.969044029712677, 0.00907084345817566], "k_pid_vsp": [0.04559755325317383, 2.742672920227051, 387.4730529785156]}, "datetime": {"datetime": "2025-08-12 02:40:04", "elapsed": 36883.90324497223, "delta": 30.979910612106323}, "costs": {"total_cost": 1535.4181586250747, "time_cost": 150, "final_distance_cost": 9.481040667936526, "oscillation_cost": 55.14424131121397, "completition_cost": 1000.0, "overshoot_cost": 164.775960881751, "power_cost": 18.826932958984376, "noise_cost": 137.18998280518895, "n_waypoints_completed": 0, "tot_waypoints": 9}}
{"target": -1573.059826290712, "params": {"k_pid_pos": [1.9946587085723877, 0.9553245902061462, 0.02497655153274536], "k_pid_alt": [1.5670641660690308, 0.9695278406143188, 0.12238436937332153], "k_pid_att": [100.0, 0.0884355828166008, 0.9713115692138672], "k_pid_yaw": [0.5, 1e-06, 0.1], "k_pid_hsp": [10.0, 0.9678475856781006, 0.08386754989624023], "k_pid_vsp": [0.0012040138244628906, 2.5332698822021484, 29.922941207885742]}, "datetime": {"datetime": "2025-08-12 02:40:36", "elapsed": 36915.885628700256, "delta": 31.982383728027344}, "costs": {"total_cost": 1573.059826290712, "time_cost": 150, "final_distance_cost": 7.411687118731711, "oscillation_cost": 88.33988821971106, "completition_cost": 1000.0, "overshoot_cost": 165.86079668356714, "power_cost": 29.219117602539065, "noise_cost": 132.2283366661631, "n_waypoints_completed": 0, "tot_waypoints": 9}}
{"target": -1421.6792182980646, "params": {"k_pid_pos": [1.9794789552688599, 0.977742612361908, 0.03127455711364746], "k_pid_alt": [1.8897250890731812, 0.866370439529419, 0.20274245738983154], "k_pid_att": [99.99144744873047, 0.3642852008342743, 0.9827785491943359], "k_pid_yaw": [0.5, 1e-06, 0.1], "k_pid_hsp": [10.0, 0.9633067846298218, 0.044583797454833984], "k_pid_vsp": [380.444091796875, 26.110471725463867, 400.0]}, "datetime": {"datetime": "2025-08-12 02:41:09", "elapsed": 36949.1879799366, "delta": 33.302351236343384}, "costs": {"total_cost": 1421.6792182980646, "time_cost": 150, "final_distance_cost": 45.34010520518118, "oscillation_cost": 80.91345017504234, "completition_cost": 1000.0, "overshoot_cost": 77.57619912579703, "power_cost": 35.62820047607422, "noise_cost": 32.22126331596983, "n_waypoints_completed": 0, "tot_waypoints": 9}}
{"target": -1405.7095281760733, "params": {"k_pid_pos": [1.9797654151916504, 0.9350872039794922, 0.02095833420753479], "k_pid_alt": [1.9355976581573486, 0.9470983743667603, 0.05224290490150452], "k_pid_att": [100.0, 1.426814079284668, 0.9704036712646484], "k_pid_yaw": [0.5, 1e-06, 0.1], "k_pid_hsp": [10.0, 0.9415600895881653, 0.06136783957481384], "k_pid_vsp": [400.0, 4.402233123779297, 350.0790100097656]}, "datetime": {"datetime": "2025-08-12 02:41:40", "elapsed": 36980.00297522545, "delta": 30.814995288848877}, "costs": {"total_cost": 1405.7095281760733, "time_cost": 150, "final_distance_cost": 46.29158554882206, "oscillation_cost": 92.73292889456826, "completition_cost": 1000.0, "overshoot_cost": 48.853033094600235, "power_cost": 36.93558316650391, "noise_cost": 30.89639747157891, "n_waypoints_completed": 0, "tot_waypoints": 9}}
{"target": -1532.4697846497547, "params": {"k_pid_pos": [1.8234350681304932, 0.9725606441497803, 0.08496540784835815], "k_pid_alt": [1.9657788276672363, 0.998477578163147, 0.011953115463256836], "k_pid_att": [100.0, 1.146857500076294, 0.962695837020874], "k_pid_yaw": [0.5, 1e-06, 0.1], "k_pid_hsp": [7.244566917419434, 0.9850754737854004, 0.005080610513687134], "k_pid_vsp": [0.18633604049682617, 2.812863349914551, 400.0]}, "datetime": {"datetime": "2025-08-12 02:42:11", "elapsed": 37010.95126104355, "delta": 30.948285818099976}, "costs": {"total_cost": 1532.4697846497547, "time_cost": 150, "final_distance_cost": 10.356171041101659, "oscillation_cost": 50.66520773228507, "completition_cost": 1000.0, "overshoot_cost": 164.99507237506955, "power_cost": 18.059373681640626, "noise_cost": 138.39395981965785, "n_waypoints_completed": 0, "tot_waypoints": 9}}
{"target": -1534.6561598290593, "params": {"k_pid_pos": [1.9681966304779053, 0.9830850958824158, 0.009474307298660278], "k_pid_alt": [1.9545069932937622, 0.9945840239524841, 0.010713785886764526], "k_pid_att": [100.0, 0.9235666990280151, 0.9701784253120422], "k_pid_yaw": [0.5, 1e-06, 0.1], "k_pid_hsp": [9.926922798156738, 0.9430412650108337, 0.025200605392456055], "k_pid_vsp": [0.005924701690673828, 1.5608677864074707, 333.9076232910156]}, "datetime": {"datetime": "2025-08-12 02:42:43", "elapsed": 37042.40130519867, "delta": 31.45004415512085}, "costs": {"total_cost": 1534.6561598290593, "time_cost": 150, "final_distance_cost": 5.070073296081384, "oscillation_cost": 59.13078166876886, "completition_cost": 1000.0, "overshoot_cost": 164.17698035903135, "power_cost": 22.096111743164062, "noise_cost": 134.18221276201348, "n_waypoints_completed": 0, "tot_waypoints": 9}}
{"target": -1571.7063592515199, "params": {"k_pid_pos": [1.880741000175476, 0.9861986637115479, 0.02940267324447632], "k_pid_alt": [1.9435478448867798, 0.9763559103012085, 0.013210535049438477], "k_pid_att": [100.0, 0.24542906880378723, 0.9929233193397522], "k_pid_yaw": [0.5, 1e-06, 0.1], "k_pid_hsp": [10.0, 0.9684610366821289, 0.05088913440704346], "k_pid_vsp": [0.0, 17.286636352539062, 400.0]}, "datetime": {"datetime": "2025-08-12 02:43:13", "elapsed": 37072.61557173729, "delta": 30.214266538619995}, "costs": {"total_cost": 1571.7063592515199, "time_cost": 150, "final_distance_cost": 3.015148410292118, "oscillation_cost": 85.72599003221187, "completition_cost": 1000.0, "overshoot_cost": 165.8742305746578, "power_cost": 33.84923328857422, "noise_cost": 133.24175694578392, "n_waypoints_completed": 0, "tot_waypoints": 9}}
