{"target": -1589.7127880526734, "params": {"k_pid_pos": [1.7975414991378784, 0.9451653957366943, 0.10524779558181763], "k_pid_alt": [1.9414451122283936, 0.9630262851715088, 0.022310853004455566], "k_pid_att": [100.0, 6.276251316070557, 0.985594630241394], "k_pid_yaw": [0.5, 1e-06, 0.1], "k_pid_hsp": [9.999999046325684, 0.9853183627128601, 0.2878744602203369], "k_pid_vsp": [16.814208984375, 1.8411526679992676, 399.8795166015625]}, "datetime": {"datetime": "2025-08-11 20:56:29", "elapsed": 16268.736083507538, "delta": 30.809523820877075}, "costs": {"total_cost": 1589.7127880526734, "time_cost": 150, "final_distance_cost": 13.151003881777227, "oscillation_cost": 98.91964734381489, "completition_cost": 1000.0, "overshoot_cost": 165.602513098988, "power_cost": 34.49424367675781, "noise_cost": 127.54538005133546, "n_waypoints_completed": 0, "tot_waypoints": 9}}
{"target": -1548.406927505317, "params": {"k_pid_pos": [1.982090711593628, 0.8570071458816528, 0.08528411388397217], "k_pid_alt": [1.9613635540008545, 0.9659988880157471, 0.02549576759338379], "k_pid_att": [100.0, 9.208248138427734, 0.7972962856292725], "k_pid_yaw": [0.5, 1e-06, 0.1], "k_pid_hsp": [9.999984741210938, 0.9448407888412476, 0.029015064239501953], "k_pid_vsp": [348.603759765625, 11.795771598815918, 400.0]}, "datetime": {"datetime": "2025-08-11 20:56:59", "elapsed": 16298.81777882576, "delta": 30.081695318222046}, "costs": {"total_cost": 1548.406927505317, "time_cost": 150, "final_distance_cost": 10.703898293548695, "oscillation_cost": 75.79289122652516, "completition_cost": 1000.0, "overshoot_cost": 162.84819958713223, "power_cost": 35.043987426757816, "noise_cost": 114.01795097135292, "n_waypoints_completed": 0, "tot_waypoints": 9}}
{"target": -1011.8493942486268, "params": {"k_pid_pos": [1.7326990365982056, 0.9387876987457275, 0.38061970472335815], "k_pid_alt": [1.984267234802246, 0.41801634430885315, 0.02079668641090393], "k_pid_att": [100.0, 0.4684423804283142, 0.864266574382782], "k_pid_yaw": [0.5, 1e-06, 0.1], "k_pid_hsp": [10.0, 0.9510984420776367, 0.02439892292022705], "k_pid_vsp": [0.0, 16.521074295043945, 9.999999974752427e-07]}, "datetime": {"datetime": "2025-08-11 20:57:29", "elapsed": 16329.25654387474, "delta": 30.438765048980713}, "costs": {"total_cost": 1011.8493942486268, "time_cost": 150, "final_distance_cost": 46.943957940407394, "oscillation_cost": 188.41513434607162, "completition_cost": 444.4444444444444, "overshoot_cost": 85.70389465370167, "power_cost": 29.397457360839844, "noise_cost": 66.94450550316168, "n_waypoints_completed": 5, "tot_waypoints": 9}}
{"target": -1445.3227478058297, "params": {"k_pid_pos": [1.8902959823608398, 0.961738109588623, 0.016364961862564087], "k_pid_alt": [1.8543434143066406, 0.9548825025558472, 0.01602354645729065], "k_pid_att": [100.0, 0.14806795120239258, 0.8515611290931702], "k_pid_yaw": [0.5, 1e-06, 0.1], "k_pid_hsp": [1.921299695968628, 0.9778512716293335, 0.03475150465965271], "k_pid_vsp": [398.3345031738281, 32.366180419921875, 399.9239501953125]}, "datetime": {"datetime": "2025-08-11 20:58:00", "elapsed": 16359.740599393845, "delta": 30.484055519104004}, "costs": {"total_cost": 1445.3227478058297, "time_cost": 150, "final_distance_cost": 26.751644615452218, "oscillation_cost": 74.14105615341398, "completition_cost": 1000.0, "overshoot_cost": 124.73581959831093, "power_cost": 36.34704072265625, "noise_cost": 33.34718671599638, "n_waypoints_completed": 0, "tot_waypoints": 9}}
{"target": -1367.88263169873, "params": {"k_pid_pos": [1.917193055152893, 0.8222202658653259, 0.07833904027938843], "k_pid_alt": [1.951967477798462, 0.8715529441833496, 0.035183101892471313], "k_pid_att": [100.0, 7.0104899406433105, 0.8933371901512146], "k_pid_yaw": [0.5, 1e-06, 0.1], "k_pid_hsp": [2.878908395767212, 0.9801406860351562, 0.10274887084960938], "k_pid_vsp": [400.0, 31.33250617980957, 400.0]}, "datetime": {"datetime": "2025-08-11 20:58:31", "elapsed": 16390.382762670517, "delta": 30.642163276672363}, "costs": {"total_cost": 1367.88263169873, "time_cost": 150, "final_distance_cost": 57.60709226481682, "oscillation_cost": 118.61735772704833, "completition_cost": 888.8888888888888, "overshoot_cost": 83.87263426006945, "power_cost": 36.779886108398436, "noise_cost": 32.11677244950838, "n_waypoints_completed": 1, "tot_waypoints": 9}}
{"target": -1773.3805346265938, "params": {"k_pid_pos": [1.8702400922775269, 0.7249552011489868, 0.36353766918182373], "k_pid_alt": [1.9414851665496826, 0.7711467146873474, 0.12089335918426514], "k_pid_att": [99.99430847167969, 0.9935641884803772, 0.9909629821777344], "k_pid_yaw": [0.5, 1e-06, 0.1], "k_pid_hsp": [10.0, 0.965796172618866, 0.012953072786331177], "k_pid_vsp": [0.0018954277038574219, 2.276278495788574, 0.14051298797130585]}, "datetime": {"datetime": "2025-08-11 20:59:01", "elapsed": 16420.64115667343, "delta": 30.25839400291443}, "costs": {"total_cost": 1773.3805346265938, "time_cost": 150, "final_distance_cost": 0.9927463408383456, "oscillation_cost": 296.0365874378467, "completition_cost": 1000.0, "overshoot_cost": 163.29891272100596, "power_cost": 22.34193094482422, "noise_cost": 140.71035718207835, "n_waypoints_completed": 0, "tot_waypoints": 9}}
{"target": -1541.6735347691144, "params": {"k_pid_pos": [1.8602079153060913, 0.9911675453186035, 0.025099515914916992], "k_pid_alt": [1.9179455041885376, 0.9789316058158875, 0.07496601343154907], "k_pid_att": [96.03204345703125, 0.6565706729888916, 0.8632328510284424], "k_pid_yaw": [0.5, 1e-06, 0.1], "k_pid_hsp": [9.962762832641602, 0.9684696793556213, 0.017831951379776], "k_pid_vsp": [0.0, 5.579353332519531, 399.9991760253906]}, "datetime": {"datetime": "2025-08-11 20:59:32", "elapsed": 16452.233746528625, "delta": 31.592589855194092}, "costs": {"total_cost": 1541.6735347691144, "time_cost": 150, "final_distance_cost": 9.233627455881667, "oscillation_cost": 57.73163944174219, "completition_cost": 1000.0, "overshoot_cost": 164.54772881967372, "power_cost": 23.122423266601565, "noise_cost": 137.03811578521533, "n_waypoints_completed": 0, "tot_waypoints": 9}}
{"target": -1315.5633202165457, "params": {"k_pid_pos": [1.952420711517334, 0.966759443283081, 0.01834532618522644], "k_pid_alt": [1.8956968784332275, 0.9570051431655884, 0.03518900275230408], "k_pid_att": [99.99987030029297, 0.2887367606163025, 0.9656428098678589], "k_pid_yaw": [0.5, 1e-06, 0.1], "k_pid_hsp": [10.0, 0.9666169285774231, 0.03586101531982422], "k_pid_vsp": [399.9994201660156, 10.18527889251709, 2.4841858248692006e-05]}, "datetime": {"datetime": "2025-08-11 21:00:04", "elapsed": 16483.841989040375, "delta": 31.608242511749268}, "costs": {"total_cost": 1315.5633202165457, "time_cost": 150, "final_distance_cost": 64.11862051835183, "oscillation_cost": 107.08766665098145, "completition_cost": 888.8888888888888, "overshoot_cost": 41.59623059900914, "power_cost": 29.99236512451172, "noise_cost": 33.87954843480264, "n_waypoints_completed": 1, "tot_waypoints": 9}}
{"target": -1382.8734134052736, "params": {"k_pid_pos": [1.9365193843841553, 0.9246906042098999, 0.031246066093444824], "k_pid_alt": [1.8723727464675903, 0.9923133254051208, 0.04344940185546875], "k_pid_att": [100.0, 6.8361663818359375, 0.9643584489822388], "k_pid_yaw": [0.5, 1e-06, 0.1], "k_pid_hsp": [9.999998092651367, 0.9598108530044556, 0.06033948063850403], "k_pid_vsp": [289.5739440917969, 7.022250652313232, 9.999999974752427e-07]}, "datetime": {"datetime": "2025-08-11 21:00:35", "elapsed": 16514.6271378994, "delta": 30.785148859024048}, "costs": {"total_cost": 1382.8734134052736, "time_cost": 150, "final_distance_cost": 45.42112235139933, "oscillation_cost": 91.36107465022901, "completition_cost": 1000.0, "overshoot_cost": 30.832869461483817, "power_cost": 31.2908984375, "noise_cost": 33.967448504661355, "n_waypoints_completed": 0, "tot_waypoints": 9}}
{"target": -1574.7524791274145, "params": {"k_pid_pos": [1.8533028364181519, 0.9738218784332275, 0.20281535387039185], "k_pid_alt": [1.8501403331756592, 0.982836127281189, 0.10696303844451904], "k_pid_att": [100.0, 4.8024139404296875, 0.9640988111495972], "k_pid_yaw": [0.5, 1e-06, 0.1], "k_pid_hsp": [10.0, 0.9543133974075317, 0.106986403465271], "k_pid_vsp": [0.0, 3.0977139472961426, 383.4941711425781]}, "datetime": {"datetime": "2025-08-11 21:01:06", "elapsed": 16545.962552070618, "delta": 31.335414171218872}, "costs": {"total_cost": 1574.7524791274145, "time_cost": 150, "final_distance_cost": 10.67505303508643, "oscillation_cost": 84.70418395180377, "completition_cost": 1000.0, "overshoot_cost": 165.74444262743003, "power_cost": 26.533692285156253, "noise_cost": 137.09510722793777, "n_waypoints_completed": 0, "tot_waypoints": 9}}
{"target": -1557.2479869571935, "params": {"k_pid_pos": [1.9866901636123657, 0.9866302609443665, 0.1201930046081543], "k_pid_alt": [1.932884931564331, 0.9582180380821228, 0.016198933124542236], "k_pid_att": [100.0, 2.0324275493621826, 0.9790353775024414], "k_pid_yaw": [0.5, 1e-06, 0.1], "k_pid_hsp": [9.999519348144531, 0.8280805349349976, 0.03836488723754883], "k_pid_vsp": [0.5413651466369629, 2.3959288597106934, 400.0]}, "datetime": {"datetime": "2025-08-11 21:01:36", "elapsed": 16576.26994085312, "delta": 30.30738878250122}, "costs": {"total_cost": 1557.2479869571935, "time_cost": 150, "final_distance_cost": 8.561525390289663, "oscillation_cost": 73.58167558333624, "completition_cost": 1000.0, "overshoot_cost": 164.39311340424035, "power_cost": 26.769280505371096, "noise_cost": 133.94239207395603, "n_waypoints_completed": 0, "tot_waypoints": 9}}
{"target": -920.4176289478663, "params": {"k_pid_pos": [1.755983591079712, 0.9825881719589233, 0.015287131071090698], "k_pid_alt": [1.9230492115020752, 0.7549756765365601, 0.06126388907432556], "k_pid_att": [96.24539947509766, 0.6310577392578125, 0.9700623750686646], "k_pid_yaw": [0.5, 1e-06, 0.1], "k_pid_hsp": [9.96955680847168, 0.9863572716712952, 0.04791030287742615], "k_pid_vsp": [0.9516477584838867, 245.16871643066406, 48.10177230834961]}, "datetime": {"datetime": "2025-08-11 21:02:07", "elapsed": 16606.69677090645, "delta": 30.426830053329468}, "costs": {"total_cost": 920.4176289478663, "time_cost": 150, "final_distance_cost": 44.31136608901976, "oscillation_cost": 159.81657792187318, "completition_cost": 444.4444444444444, "overshoot_cost": 56.007840279794294, "power_cost": 35.532991857910154, "noise_cost": 30.304408354824414, "n_waypoints_completed": 5, "tot_waypoints": 9}}
{"target": -1319.1968763597065, "params": {"k_pid_pos": [1.8845672607421875, 0.9723600149154663, 0.03712230920791626], "k_pid_alt": [1.9452729225158691, 0.38535261154174805, 0.0507296621799469], "k_pid_att": [100.0, 6.041492938995361, 0.9590715169906616], "k_pid_yaw": [0.5, 1e-06, 0.1], "k_pid_hsp": [10.0, 0.9800178408622742, 0.04466509819030762], "k_pid_vsp": [365.0933837890625, 140.9686279296875, 399.9986572265625]}, "datetime": {"datetime": "2025-08-11 21:02:38", "elapsed": 16637.506915807724, "delta": 30.810144901275635}, "costs": {"total_cost": 1319.1968763597065, "time_cost": 150, "final_distance_cost": 61.94863396247091, "oscillation_cost": 92.91826502575213, "completition_cost": 888.8888888888888, "overshoot_cost": 58.68974848965041, "power_cost": 35.629575598144534, "noise_cost": 31.12176439479988, "n_waypoints_completed": 1, "tot_waypoints": 9}}
{"target": -1575.2549111288056, "params": {"k_pid_pos": [1.9454768896102905, 0.9340164661407471, 0.03909417986869812], "k_pid_alt": [1.9940134286880493, 0.8525612950325012, 0.07496631145477295], "k_pid_att": [100.0, 0.8046008944511414, 0.948182225227356], "k_pid_yaw": [0.5, 1e-06, 0.1], "k_pid_hsp": [9.998032569885254, 0.976037859916687, 0.505005419254303], "k_pid_vsp": [0.06322860717773438, 3.784395217895508, 399.9539794921875]}, "datetime": {"datetime": "2025-08-11 21:03:09", "elapsed": 16668.59339785576, "delta": 31.086482048034668}, "costs": {"total_cost": 1575.2549111288056, "time_cost": 150, "final_distance_cost": 3.214815093983384, "oscillation_cost": 94.1553189555002, "completition_cost": 1000.0, "overshoot_cost": 165.9626727065502, "power_cost": 29.926853125, "noise_cost": 131.99525124777185, "n_waypoints_completed": 0, "tot_waypoints": 9}}
{"target": -1565.6128733469973, "params": {"k_pid_pos": [1.6971698999404907, 0.9318201541900635, 0.2108251452445984], "k_pid_alt": [1.8691476583480835, 0.9191712737083435, 0.012066006660461426], "k_pid_att": [100.0, 6.907039165496826, 0.9176183938980103], "k_pid_yaw": [0.5, 1e-06, 0.1], "k_pid_hsp": [0.009824995882809162, 0.9677037000656128, 0.04045271873474121], "k_pid_vsp": [0.08085966110229492, 6.456209182739258, 399.9686584472656]}, "datetime": {"datetime": "2025-08-11 21:03:40", "elapsed": 16699.623965501785, "delta": 31.03056764602661}, "costs": {"total_cost": 1565.6128733469973, "time_cost": 150, "final_distance_cost": 19.224112073919578, "oscillation_cost": 57.43168935855751, "completition_cost": 1000.0, "overshoot_cost": 173.45273889653419, "power_cost": 19.119026708984375, "noise_cost": 146.3853063090016, "n_waypoints_completed": 0, "tot_waypoints": 9}}
{"target": -1568.5581948392492, "params": {"k_pid_pos": [1.9826364517211914, 0.9195910692214966, 0.13810816407203674], "k_pid_alt": [1.9167461395263672, 0.9029966592788696, 0.041207730770111084], "k_pid_att": [99.99507904052734, 1.7849271297454834, 0.9871450662612915], "k_pid_yaw": [0.5, 1e-06, 0.1], "k_pid_hsp": [0.004795606713742018, 0.9668855667114258, 0.09123033285140991], "k_pid_vsp": [0.0, 13.947893142700195, 400.0]}, "datetime": {"datetime": "2025-08-11 21:04:10", "elapsed": 16729.933648586273, "delta": 30.309683084487915}, "costs": {"total_cost": 1568.5581948392492, "time_cost": 150, "final_distance_cost": 9.752963088862654, "oscillation_cost": 58.32550499326801, "completition_cost": 1000.0, "overshoot_cost": 172.47299622664607, "power_cost": 26.291939916992188, "noise_cost": 151.71479061348035, "n_waypoints_completed": 0, "tot_waypoints": 9}}
{"target": -923.0183610604773, "params": {"k_pid_pos": [1.9001679420471191, 0.7169931530952454, 0.023593664169311523], "k_pid_alt": [1.950501561164856, 0.9958540201187134, 0.16952645778656006], "k_pid_att": [100.0, 8.865796089172363, 0.9111567139625549], "k_pid_yaw": [0.5, 1e-06, 0.1], "k_pid_hsp": [9.997814178466797, 0.9856188893318176, 0.06346818804740906], "k_pid_vsp": [0.0, 68.78238677978516, 1.2856731414794922]}, "datetime": {"datetime": "2025-08-11 21:04:41", "elapsed": 16760.673505067825, "delta": 30.739856481552124}, "costs": {"total_cost": 923.0183610604773, "time_cost": 150, "final_distance_cost": 47.760129508924024, "oscillation_cost": 157.46306725651465, "completition_cost": 444.4444444444444, "overshoot_cost": 56.13082193078515, "power_cost": 35.444116357421876, "noise_cost": 31.775781562387248, "n_waypoints_completed": 5, "tot_waypoints": 9}}
{"target": -1559.5342273483054, "params": {"k_pid_pos": [1.8382445573806763, 0.9232633113861084, 0.017318904399871826], "k_pid_alt": [1.97575044631958, 0.6798036694526672, 0.02635711431503296], "k_pid_att": [100.0, 1.955350637435913, 0.9912779331207275], "k_pid_yaw": [0.5, 1e-06, 0.1], "k_pid_hsp": [9.999970436096191, 0.9577744007110596, 0.050370991230010986], "k_pid_vsp": [0.00030994415283203125, 4.636205196380615, 9.999999974752427e-07]}, "datetime": {"datetime": "2025-08-11 21:05:11", "elapsed": 16791.346060037613, "delta": 30.672554969787598}, "costs": {"total_cost": 1559.5342273483054, "time_cost": 150, "final_distance_cost": 14.894105291401807, "oscillation_cost": 67.49460472671677, "completition_cost": 1000.0, "overshoot_cost": 166.5498463117493, "power_cost": 17.875597460937502, "noise_cost": 142.72007355749997, "n_waypoints_completed": 0, "tot_waypoints": 9}}
{"target": -1590.4350651662603, "params": {"k_pid_pos": [1.2179980278015137, 0.9971638917922974, 0.1303960084915161], "k_pid_alt": [1.6757906675338745, 0.9359176754951477, 0.036118119955062866], "k_pid_att": [99.9380111694336, 1.5703507661819458, 0.9164028167724609], "k_pid_yaw": [0.5, 1e-06, 0.1], "k_pid_hsp": [9.999677658081055, 0.9934958219528198, 0.08026096224784851], "k_pid_vsp": [2.0252466201782227, 136.1551513671875, 399.9928283691406]}, "datetime": {"datetime": "2025-08-11 21:05:41", "elapsed": 16821.335208654404, "delta": 29.98914861679077}, "costs": {"total_cost": 1590.4350651662603, "time_cost": 150, "final_distance_cost": 4.136102574269222, "oscillation_cost": 111.39772988873852, "completition_cost": 1000.0, "overshoot_cost": 166.0905090861328, "power_cost": 34.38852380371094, "noise_cost": 124.42219981340878, "n_waypoints_completed": 0, "tot_waypoints": 9}}
{"target": -1415.2434247033534, "params": {"k_pid_pos": [1.9688724279403687, 0.9861205816268921, 0.06446462869644165], "k_pid_alt": [1.6649011373519897, 0.9900112152099609, 0.21816912293434143], "k_pid_att": [100.0, 4.987237453460693, 0.9799178838729858], "k_pid_yaw": [0.5, 1e-06, 0.1], "k_pid_hsp": [10.0, 0.9618209600448608, 0.047437846660614014], "k_pid_vsp": [385.0439147949219, 33.287261962890625, 399.8742980957031]}, "datetime": {"datetime": "2025-08-11 21:06:12", "elapsed": 16852.264019727707, "delta": 30.928811073303223}, "costs": {"total_cost": 1415.2434247033534, "time_cost": 150, "final_distance_cost": 45.588866191966126, "oscillation_cost": 84.24595591157362, "completition_cost": 1000.0, "overshoot_cost": 66.84375490732359, "power_cost": 36.643169592285155, "noise_cost": 31.921678100204968, "n_waypoints_completed": 0, "tot_waypoints": 9}}
{"target": -1275.034027821045, "params": {"k_pid_pos": [1.953420877456665, 0.9756176471710205, 0.03645354509353638], "k_pid_alt": [1.9098910093307495, 0.9284911155700684, 0.044961631298065186], "k_pid_att": [99.97972106933594, 3.759814739227295, 0.9740414619445801], "k_pid_yaw": [0.5, 1e-06, 0.1], "k_pid_hsp": [5.9148054122924805, 0.9783975481987, 0.3597838282585144], "k_pid_vsp": [0.0, 36.08570098876953, 0.8046994805335999]}, "datetime": {"datetime": "2025-08-11 21:06:43", "elapsed": 16882.89015197754, "delta": 30.626132249832153}, "costs": {"total_cost": 1275.034027821045, "time_cost": 150, "final_distance_cost": 70.45980341095779, "oscillation_cost": 145.56732730872815, "completition_cost": 777.7777777777778, "overshoot_cost": 63.721836699466415, "power_cost": 36.380611547851565, "noise_cost": 31.126671076263396, "n_waypoints_completed": 2, "tot_waypoints": 9}}
{"target": -1533.5691843334196, "params": {"k_pid_pos": [1.9108688831329346, 0.8557551503181458, 0.10533127188682556], "k_pid_alt": [1.6585571765899658, 0.6399548053741455, 0.010401815176010132], "k_pid_att": [100.0, 8.1862154006958, 0.9089034199714661], "k_pid_yaw": [0.5, 1e-06, 0.1], "k_pid_hsp": [10.0, 0.9644907712936401, 0.0072616636753082275], "k_pid_vsp": [0.04357099533081055, 33.9676513671875, 400.0]}, "datetime": {"datetime": "2025-08-11 21:07:13", "elapsed": 16913.314297676086, "delta": 30.424145698547363}, "costs": {"total_cost": 1533.5691843334196, "time_cost": 150, "final_distance_cost": 3.4714957065018193, "oscillation_cost": 60.240446535887706, "completition_cost": 1000.0, "overshoot_cost": 164.49863737697888, "power_cost": 30.08548688964844, "noise_cost": 125.27311782440289, "n_waypoints_completed": 0, "tot_waypoints": 9}}
{"target": -1005.8389187807517, "params": {"k_pid_pos": [1.8424408435821533, 0.7637614011764526, 0.07909774780273438], "k_pid_alt": [1.7895476818084717, 0.8437788486480713, 0.01714998483657837], "k_pid_att": [100.0, 5.701651573181152, 0.989742636680603], "k_pid_yaw": [0.5, 1e-06, 0.1], "k_pid_hsp": [9.997162818908691, 0.9517661333084106, 0.05951330065727234], "k_pid_vsp": [8.414316177368164, 8.761573791503906, 9.999999974752427e-07]}, "datetime": {"datetime": "2025-08-11 21:07:44", "elapsed": 16943.83709859848, "delta": 30.5228009223938}, "costs": {"total_cost": 1005.8389187807517, "time_cost": 150, "final_distance_cost": 48.71532724846005, "oscillation_cost": 127.71575749030897, "completition_cost": 555.5555555555555, "overshoot_cost": 56.2012543416226, "power_cost": 31.41989478759766, "noise_cost": 36.23112935720682, "n_waypoints_completed": 4, "tot_waypoints": 9}}
{"target": -1549.2433653308155, "params": {"k_pid_pos": [1.356013298034668, 0.9474329948425293, 0.07533621788024902], "k_pid_alt": [1.7982381582260132, 0.932843029499054, 0.30130311846733093], "k_pid_att": [100.0, 0.5334876775741577, 0.9870867729187012], "k_pid_yaw": [0.5, 1e-06, 0.1], "k_pid_hsp": [0.00010029802069766447, 0.975481390953064, 0.07735848426818848], "k_pid_vsp": [79.31802368164062, 13.49074935913086, 399.9615478515625]}, "datetime": {"datetime": "2025-08-11 21:08:14", "elapsed": 16974.107017040253, "delta": 30.26991844177246}, "costs": {"total_cost": 1549.2433653308155, "time_cost": 150, "final_distance_cost": 8.437103620698927, "oscillation_cost": 57.57464651298929, "completition_cost": 1000.0, "overshoot_cost": 173.34691095569812, "power_cost": 31.144319885253907, "noise_cost": 128.7403843561753, "n_waypoints_completed": 0, "tot_waypoints": 9}}
{"target": -1531.0487715125068, "params": {"k_pid_pos": [1.8388723134994507, 0.9420629143714905, 0.011416614055633545], "k_pid_alt": [1.9173892736434937, 0.8976209163665771, 0.013864666223526001], "k_pid_att": [99.97197723388672, 2.017528533935547, 0.9893527030944824], "k_pid_yaw": [0.5, 1e-06, 0.1], "k_pid_hsp": [10.0, 0.9088566303253174, 0.005831629037857056], "k_pid_vsp": [0.0, 17.11549949645996, 0.5837569832801819]}, "datetime": {"datetime": "2025-08-11 21:08:45", "elapsed": 17004.70772576332, "delta": 30.600708723068237}, "costs": {"total_cost": 1531.0487715125068, "time_cost": 150, "final_distance_cost": 6.270906118323535, "oscillation_cost": 54.01798982152855, "completition_cost": 1000.0, "overshoot_cost": 161.24549896068675, "power_cost": 26.470475988769532, "noise_cost": 133.0439006231987, "n_waypoints_completed": 0, "tot_waypoints": 9}}
