{"target": -1335.6317332013873, "params": {"k_pid_pos": [1.745194911956787, 0.972697913646698, 0.0048934221267700195], "k_pid_alt": [1.853298306465149, 0.8819631934165955, 0.008356213569641113], "k_pid_att": [100.0, 0.23998335003852844, 0.9811950922012329], "k_pid_yaw": [0.5, 1e-06, 0.1], "k_pid_hsp": [10.0, 0.9884551763534546, 0.0810340940952301], "k_pid_vsp": [0.0, 26.5414981842041, 0.18006663024425507]}, "datetime": {"datetime": "2025-08-12 00:21:32", "elapsed": 28572.359153985977, "delta": 31.25444269180298}, "costs": {"total_cost": 1335.6317332013873, "time_cost": 150, "final_distance_cost": 69.98645466850908, "oscillation_cost": 102.44653190426503, "completition_cost": 888.8888888888888, "overshoot_cost": 57.23376177733511, "power_cost": 32.985476904296874, "noise_cost": 34.09061905809274, "n_waypoints_completed": 1, "tot_waypoints": 9}}
{"target": -1552.4058574964938, "params": {"k_pid_pos": [1.9490381479263306, 0.9976422786712646, 0.059395939111709595], "k_pid_alt": [1.9952106475830078, 0.9835338592529297, 0.0036731064319610596], "k_pid_att": [99.9887466430664, 3.60152006149292, 0.9783005714416504], "k_pid_yaw": [0.5, 1e-06, 0.1], "k_pid_hsp": [0.12735523283481598, 0.9483996033668518, 0.03127327561378479], "k_pid_vsp": [0.0, 28.531755447387695, 400.0]}, "datetime": {"datetime": "2025-08-12 00:22:03", "elapsed": 28602.791792154312, "delta": 30.43263816833496}, "costs": {"total_cost": 1552.4058574964938, "time_cost": 150, "final_distance_cost": 22.263240647751292, "oscillation_cost": 54.927785879585, "completition_cost": 1000.0, "overshoot_cost": 173.22995233651903, "power_cost": 30.287705114746096, "noise_cost": 121.69717351789217, "n_waypoints_completed": 0, "tot_waypoints": 9}}
{"target": -1348.3983916482534, "params": {"k_pid_pos": [1.9726895093917847, 0.9839091300964355, 0.054684579372406006], "k_pid_alt": [1.96132493019104, 0.8656115531921387, 0.213399738073349], "k_pid_att": [100.0, 1.1495777368545532, 0.9603159427642822], "k_pid_yaw": [0.5, 1e-06, 0.1], "k_pid_hsp": [10.0, 0.9703806638717651, 0.05114322900772095], "k_pid_vsp": [398.7827453613281, 5.919195175170898, 400.0]}, "datetime": {"datetime": "2025-08-12 00:22:34", "elapsed": 28633.674538612366, "delta": 30.88274645805359}, "costs": {"total_cost": 1348.3983916482534, "time_cost": 150, "final_distance_cost": 68.71818146489665, "oscillation_cost": 96.36246567959255, "completition_cost": 888.8888888888888, "overshoot_cost": 76.19589339265609, "power_cost": 36.278006848144535, "noise_cost": 31.95495537407495, "n_waypoints_completed": 1, "tot_waypoints": 9}}
{"target": -1566.2061661623743, "params": {"k_pid_pos": [1.8691670894622803, 0.9925390481948853, 0.04632839560508728], "k_pid_alt": [1.943009376525879, 0.9664867520332336, 0.033931195735931396], "k_pid_att": [96.56767272949219, 0.04003501310944557, 0.9919018745422363], "k_pid_yaw": [0.5, 1e-06, 0.1], "k_pid_hsp": [10.0, 0.9510786533355713, 0.08413892984390259], "k_pid_vsp": [0.010526180267333984, 4.349697589874268, 0.0009904371108859777]}, "datetime": {"datetime": "2025-08-12 00:23:05", "elapsed": 28664.662616968155, "delta": 30.988078355789185}, "costs": {"total_cost": 1566.2061661623743, "time_cost": 150, "final_distance_cost": 15.516240648699803, "oscillation_cost": 72.9286391129379, "completition_cost": 1000.0, "overshoot_cost": 167.0295882176054, "power_cost": 19.058862890625, "noise_cost": 141.67283529250597, "n_waypoints_completed": 0, "tot_waypoints": 9}}
{"target": -1466.7874914558479, "params": {"k_pid_pos": [1.9956578016281128, 0.9592311382293701, 0.026233166456222534], "k_pid_alt": [1.9624806642532349, 0.978434681892395, 0.018784373998641968], "k_pid_att": [100.0, 0.0926939994096756, 0.9236607551574707], "k_pid_yaw": [0.5, 1e-06, 0.1], "k_pid_hsp": [9.748674392700195, 0.9644608497619629, 0.026840150356292725], "k_pid_vsp": [399.99853515625, 12.05186939239502, 399.99993896484375]}, "datetime": {"datetime": "2025-08-12 00:23:36", "elapsed": 28695.999754428864, "delta": 31.337137460708618}, "costs": {"total_cost": 1466.7874914558479, "time_cost": 150, "final_distance_cost": 10.760323849973807, "oscillation_cost": 72.95607187880964, "completition_cost": 1000.0, "overshoot_cost": 147.48922811588162, "power_cost": 35.33171278076172, "noise_cost": 50.25015483042108, "n_waypoints_completed": 0, "tot_waypoints": 9}}
{"target": -1541.7629611208813, "params": {"k_pid_pos": [1.9978529214859009, 0.9796021580696106, 0.01980346441268921], "k_pid_alt": [1.9305214881896973, 0.9563947916030884, 0.06388688087463379], "k_pid_att": [100.0, 0.1873181015253067, 0.9732221961021423], "k_pid_yaw": [0.5, 1e-06, 0.1], "k_pid_hsp": [10.0, 0.962012529373169, 0.01474955677986145], "k_pid_vsp": [0.0, 2.2305498123168945, 0.02358059771358967]}, "datetime": {"datetime": "2025-08-12 00:24:07", "elapsed": 28726.65905690193, "delta": 30.659302473068237}, "costs": {"total_cost": 1541.7629611208813, "time_cost": 150, "final_distance_cost": 12.621177131626169, "oscillation_cost": 56.98306671190863, "completition_cost": 1000.0, "overshoot_cost": 166.80583996282243, "power_cost": 14.880875793457031, "noise_cost": 140.47200152106706, "n_waypoints_completed": 0, "tot_waypoints": 9}}
{"target": -4303.3057887628565, "params": {"k_pid_pos": [1.9668575525283813, 0.9723692536354065, 0.09534022212028503], "k_pid_alt": [1.9700751304626465, 0.9192759990692139, 0.035916805267333984], "k_pid_att": [0.002524256706237793, 0.8286788463592529, 0.9848999381065369], "k_pid_yaw": [0.5, 1e-06, 0.1], "k_pid_hsp": [0.0018812669441103935, 0.9971160888671875, 0.03368908166885376], "k_pid_vsp": [0.9878277778625488, 3.0392775535583496, 9.999999974752427e-07]}, "datetime": {"datetime": "2025-08-12 00:24:37", "elapsed": 28757.106568336487, "delta": 30.447511434555054}, "costs": {"total_cost": 4303.3057887628565, "time_cost": 150, "final_distance_cost": 394.0370158852847, "oscillation_cost": 1542.248592774584, "completition_cost": 1000.0, "overshoot_cost": 1051.774112986718, "power_cost": 18.732085107421877, "noise_cost": 146.51398200884773, "n_waypoints_completed": 0, "tot_waypoints": 9}}
{"target": -1572.103511937389, "params": {"k_pid_pos": [1.9564545154571533, 0.9130174517631531, 0.02664145827293396], "k_pid_alt": [1.9686686992645264, 0.995376706123352, 0.06495457887649536], "k_pid_att": [100.0, 0.9429296851158142, 0.9811282157897949], "k_pid_yaw": [0.5, 1e-06, 0.1], "k_pid_hsp": [10.0, 0.9764612913131714, 0.05954033136367798], "k_pid_vsp": [1.1920928955078125e-05, 10.626364707946777, 380.4873962402344]}, "datetime": {"datetime": "2025-08-12 00:25:07", "elapsed": 28786.778106212616, "delta": 29.67153787612915}, "costs": {"total_cost": 1572.103511937389, "time_cost": 150, "final_distance_cost": 2.6890164859959245, "oscillation_cost": 86.57505023666987, "completition_cost": 1000.0, "overshoot_cost": 165.8077704918314, "power_cost": 32.84494362792969, "noise_cost": 134.18673109496203, "n_waypoints_completed": 0, "tot_waypoints": 9}}
{"target": -1560.4253686230472, "params": {"k_pid_pos": [1.9682188034057617, 0.888617217540741, 0.08294734358787537], "k_pid_alt": [1.9758598804473877, 0.9774541258811951, 0.004718989133834839], "k_pid_att": [100.0, 2.365320920944214, 0.9641544222831726], "k_pid_yaw": [0.5, 1e-06, 0.1], "k_pid_hsp": [0.3523569405078888, 0.9939119815826416, 0.019839316606521606], "k_pid_vsp": [0.0, 26.608457565307617, 312.6695556640625]}, "datetime": {"datetime": "2025-08-12 00:25:38", "elapsed": 28817.697351932526, "delta": 30.919245719909668}, "costs": {"total_cost": 1560.4253686230472, "time_cost": 150, "final_distance_cost": 22.66717625989286, "oscillation_cost": 66.30904369596539, "completition_cost": 1000.0, "overshoot_cost": 172.34769503907083, "power_cost": 29.567744494628908, "noise_cost": 119.53370913348922, "n_waypoints_completed": 0, "tot_waypoints": 9}}
{"target": -1559.0034731544783, "params": {"k_pid_pos": [1.6989948749542236, 0.9932752847671509, 0.026044994592666626], "k_pid_alt": [1.8796730041503906, 0.6670678853988647, 0.5896497368812561], "k_pid_att": [100.0, 0.5921476483345032, 0.8750140070915222], "k_pid_yaw": [0.5, 1e-06, 0.1], "k_pid_hsp": [4.510939598083496, 0.9637506008148193, 0.0011533498764038086], "k_pid_vsp": [0.08946657180786133, 11.00865650177002, 399.70550537109375]}, "datetime": {"datetime": "2025-08-12 00:26:08", "elapsed": 28848.23646426201, "delta": 30.539112329483032}, "costs": {"total_cost": 1559.0034731544783, "time_cost": 150, "final_distance_cost": 13.73110303494387, "oscillation_cost": 60.9271896224377, "completition_cost": 1000.0, "overshoot_cost": 166.42449643486876, "power_cost": 22.587990759277346, "noise_cost": 145.33269330295067, "n_waypoints_completed": 0, "tot_waypoints": 9}}
{"target": -1576.8731876712839, "params": {"k_pid_pos": [1.9578018188476562, 0.9849061369895935, 0.020637452602386475], "k_pid_alt": [1.8905589580535889, 0.9715999364852905, 0.049135953187942505], "k_pid_att": [99.99998474121094, 0.8635105490684509, 0.9415938854217529], "k_pid_yaw": [0.5, 1e-06, 0.1], "k_pid_hsp": [10.0, 0.9928064942359924, 0.047504693269729614], "k_pid_vsp": [0.004851818084716797, 12.620378494262695, 400.0]}, "datetime": {"datetime": "2025-08-12 00:26:39", "elapsed": 28878.711403369904, "delta": 30.474939107894897}, "costs": {"total_cost": 1576.8731876712839, "time_cost": 150, "final_distance_cost": 13.345429462374275, "oscillation_cost": 80.37971952518217, "completition_cost": 1000.0, "overshoot_cost": 165.99722138503455, "power_cost": 32.22510540771484, "noise_cost": 134.92571189097808, "n_waypoints_completed": 0, "tot_waypoints": 9}}
{"target": -1545.8680110181724, "params": {"k_pid_pos": [1.9490326642990112, 0.8681713342666626, 0.02617013454437256], "k_pid_alt": [1.8424241542816162, 0.9732961654663086, 0.00937122106552124], "k_pid_att": [99.99915313720703, 0.0697169303894043, 0.9072611331939697], "k_pid_yaw": [0.5, 1e-06, 0.1], "k_pid_hsp": [9.806973457336426, 0.9818394780158997, 0.02255934476852417], "k_pid_vsp": [0.42717456817626953, 48.767555236816406, 400.0]}, "datetime": {"datetime": "2025-08-12 00:27:08", "elapsed": 28908.349945306778, "delta": 29.63854193687439}, "costs": {"total_cost": 1545.8680110181724, "time_cost": 150, "final_distance_cost": 8.588750395057486, "oscillation_cost": 65.86210854871658, "completition_cost": 1000.0, "overshoot_cost": 164.60708584372938, "power_cost": 32.67149792480469, "noise_cost": 124.138568305864, "n_waypoints_completed": 0, "tot_waypoints": 9}}
{"target": -1550.2571477020679, "params": {"k_pid_pos": [1.9133834838867188, 0.9427893161773682, 0.013209491968154907], "k_pid_alt": [1.9524544477462769, 0.9761017560958862, 0.014670699834823608], "k_pid_att": [100.0, 0.4184548258781433, 0.9950250387191772], "k_pid_yaw": [0.5, 1e-06, 0.1], "k_pid_hsp": [10.0, 0.9862182140350342, 0.025381624698638916], "k_pid_vsp": [23.463642120361328, 7.810617446899414, 399.99273681640625]}, "datetime": {"datetime": "2025-08-12 00:27:39", "elapsed": 28938.835537433624, "delta": 30.485592126846313}, "costs": {"total_cost": 1550.2571477020679, "time_cost": 150, "final_distance_cost": 8.602313846141042, "oscillation_cost": 68.53314948233145, "completition_cost": 1000.0, "overshoot_cost": 165.19079890681238, "power_cost": 34.397566027832035, "noise_cost": 123.53331943895097, "n_waypoints_completed": 0, "tot_waypoints": 9}}
{"target": -1115.1543187569573, "params": {"k_pid_pos": [1.8267406225204468, 0.9907052516937256, 0.028119027614593506], "k_pid_alt": [1.9638605117797852, 0.9652109146118164, 0.0032852888107299805], "k_pid_att": [100.0, 0.9369087815284729, 0.9638546705245972], "k_pid_yaw": [0.5, 1e-06, 0.1], "k_pid_hsp": [9.999626159667969, 0.9822371602058411, 0.020567327737808228], "k_pid_vsp": [0.0005483627319335938, 24.182571411132812, 0.6525765061378479]}, "datetime": {"datetime": "2025-08-12 00:28:10", "elapsed": 28969.850874185562, "delta": 31.015336751937866}, "costs": {"total_cost": 1115.1543187569573, "time_cost": 150, "final_distance_cost": 52.83367820323284, "oscillation_cost": 112.02600501463291, "completition_cost": 666.6666666666667, "overshoot_cost": 68.52735748888237, "power_cost": 29.950947985839846, "noise_cost": 35.14966339770263, "n_waypoints_completed": 3, "tot_waypoints": 9}}
{"target": -1534.2595270552517, "params": {"k_pid_pos": [1.9831205606460571, 0.9868442416191101, 0.10611459612846375], "k_pid_alt": [1.9266834259033203, 0.9389644861221313, 0.03685396909713745], "k_pid_att": [100.0, 0.5428699851036072, 0.880662202835083], "k_pid_yaw": [0.5, 1e-06, 0.1], "k_pid_hsp": [10.0, 0.9700594544410706, 0.030153095722198486], "k_pid_vsp": [344.3896789550781, 22.007801055908203, 384.8334655761719]}, "datetime": {"datetime": "2025-08-12 00:28:41", "elapsed": 29001.174777507782, "delta": 31.32390332221985}, "costs": {"total_cost": 1534.2595270552517, "time_cost": 150, "final_distance_cost": 10.485174250133177, "oscillation_cost": 76.68159338178918, "completition_cost": 1000.0, "overshoot_cost": 161.63071855768425, "power_cost": 35.096405029296875, "noise_cost": 100.36563583634828, "n_waypoints_completed": 0, "tot_waypoints": 9}}
{"target": -1531.417623285957, "params": {"k_pid_pos": [1.7269996404647827, 0.9898622035980225, 0.04783031344413757], "k_pid_alt": [1.8183691501617432, 0.9579405784606934, 0.12143948674201965], "k_pid_att": [100.0, 0.783879816532135, 0.9424973130226135], "k_pid_yaw": [0.5, 1e-06, 0.1], "k_pid_hsp": [10.0, 0.9652346968650818, 0.012688547372817993], "k_pid_vsp": [0.139617919921875, 29.83755111694336, 399.99993896484375]}, "datetime": {"datetime": "2025-08-12 00:29:12", "elapsed": 29031.709213733673, "delta": 30.534436225891113}, "costs": {"total_cost": 1531.417623285957, "time_cost": 150, "final_distance_cost": 8.831505323604913, "oscillation_cost": 54.61925466652463, "completition_cost": 1000.0, "overshoot_cost": 165.11098192098157, "power_cost": 31.300180334472657, "noise_cost": 121.55570104037338, "n_waypoints_completed": 0, "tot_waypoints": 9}}
{"target": -1530.636472409211, "params": {"k_pid_pos": [1.965966820716858, 0.9909763336181641, 0.03783833980560303], "k_pid_alt": [1.9633960723876953, 0.5721527934074402, 0.015236109495162964], "k_pid_att": [99.99309539794922, 4.159496307373047, 0.9898468255996704], "k_pid_yaw": [0.5, 1e-06, 0.1], "k_pid_hsp": [10.0, 0.8538501262664795, 0.0007488429546356201], "k_pid_vsp": [96.25260925292969, 67.87974548339844, 399.999755859375]}, "datetime": {"datetime": "2025-08-12 00:29:42", "elapsed": 29061.881009817123, "delta": 30.171796083450317}, "costs": {"total_cost": 1530.636472409211, "time_cost": 150, "final_distance_cost": 13.950210044377993, "oscillation_cost": 47.66566458103831, "completition_cost": 1000.0, "overshoot_cost": 166.1489094156568, "power_cost": 30.62284908447266, "noise_cost": 122.24883928366505, "n_waypoints_completed": 0, "tot_waypoints": 9}}
{"target": -1539.1754208940313, "params": {"k_pid_pos": [1.9497272968292236, 0.9408540725708008, 0.04262864589691162], "k_pid_alt": [1.9553735256195068, 0.9780490398406982, 0.14191868901252747], "k_pid_att": [100.0, 0.2905054986476898, 0.881149172782898], "k_pid_yaw": [0.5, 1e-06, 0.1], "k_pid_hsp": [9.999947547912598, 0.9841094613075256, 0.00848051905632019], "k_pid_vsp": [301.0935974121094, 2.9344687461853027, 391.8534240722656]}, "datetime": {"datetime": "2025-08-12 00:30:12", "elapsed": 29091.93460726738, "delta": 30.053597450256348}, "costs": {"total_cost": 1539.1754208940313, "time_cost": 150, "final_distance_cost": 5.898624826934611, "oscillation_cost": 60.430223503406665, "completition_cost": 1000.0, "overshoot_cost": 165.4802324111714, "power_cost": 31.215128259277346, "noise_cost": 126.15121189324122, "n_waypoints_completed": 0, "tot_waypoints": 9}}
{"target": -1526.3703673808395, "params": {"k_pid_pos": [1.989784598350525, 0.942456841468811, 0.11054578423500061], "k_pid_alt": [1.804004192352295, 0.878839373588562, 0.07629311084747314], "k_pid_att": [100.0, 0.21422307193279266, 0.9821137189865112], "k_pid_yaw": [0.5, 1e-06, 0.1], "k_pid_hsp": [9.93258285522461, 0.9337342977523804, 0.008818626403808594], "k_pid_vsp": [0.0, 1.1342415809631348, 399.9998474121094]}, "datetime": {"datetime": "2025-08-12 00:30:42", "elapsed": 29122.242557048798, "delta": 30.307949781417847}, "costs": {"total_cost": 1526.3703673808395, "time_cost": 150, "final_distance_cost": 8.215483994254756, "oscillation_cost": 50.18334120110732, "completition_cost": 1000.0, "overshoot_cost": 164.17856825586955, "power_cost": 18.542082836914062, "noise_cost": 135.25089109269402, "n_waypoints_completed": 0, "tot_waypoints": 9}}
{"target": -2984.0798585649563, "params": {"k_pid_pos": [1.9473545551300049, 0.936141848564148, 0.011428624391555786], "k_pid_alt": [1.91734778881073, 0.959039032459259, 0.2197035849094391], "k_pid_att": [0.0015020370483398438, 0.3678205907344818, 0.9763017892837524], "k_pid_yaw": [0.5, 1e-06, 0.1], "k_pid_hsp": [9.99999713897705, 0.9876152276992798, 0.0070001184940338135], "k_pid_vsp": [0.1540660858154297, 2.9893765449523926, 1.9170055389404297]}, "datetime": {"datetime": "2025-08-12 00:31:13", "elapsed": 29152.96525835991, "delta": 30.72270131111145}, "costs": {"total_cost": 2984.0798585649563, "time_cost": 150, "final_distance_cost": 395.1298291463492, "oscillation_cost": 603.5703137061546, "completition_cost": 1000.0, "overshoot_cost": 675.7687251131874, "power_cost": 15.306901721191407, "noise_cost": 144.3040888780736, "n_waypoints_completed": 0, "tot_waypoints": 9}}
{"target": -1414.1674265691936, "params": {"k_pid_pos": [1.8569670915603638, 0.9972167015075684, 0.11089041829109192], "k_pid_alt": [1.9808225631713867, 0.8577837944030762, 0.0533389151096344], "k_pid_att": [100.0, 2.4956462383270264, 0.9470542669296265], "k_pid_yaw": [0.5, 1e-06, 0.1], "k_pid_hsp": [10.0, 0.9858924746513367, 0.06944984197616577], "k_pid_vsp": [399.560791015625, 51.01258850097656, 398.3193359375]}, "datetime": {"datetime": "2025-08-12 00:31:44", "elapsed": 29183.80760717392, "delta": 30.84234881401062}, "costs": {"total_cost": 1414.1674265691936, "time_cost": 150, "final_distance_cost": 45.454059981739206, "oscillation_cost": 97.57932847471224, "completition_cost": 1000.0, "overshoot_cost": 54.39984546543588, "power_cost": 35.84608779296875, "noise_cost": 30.888104854337424, "n_waypoints_completed": 0, "tot_waypoints": 9}}
{"target": -1546.2140299945427, "params": {"k_pid_pos": [1.9047346115112305, 0.9869036674499512, 0.014583557844161987], "k_pid_alt": [1.9338483810424805, 0.954372763633728, 0.021550685167312622], "k_pid_att": [100.0, 0.20241640508174896, 0.726460874080658], "k_pid_yaw": [0.5, 1e-06, 0.1], "k_pid_hsp": [10.0, 0.9945549964904785, 0.004698038101196289], "k_pid_vsp": [154.0358123779297, 18.574298858642578, 400.0]}, "datetime": {"datetime": "2025-08-12 00:32:14", "elapsed": 29214.314865350723, "delta": 30.50725817680359}, "costs": {"total_cost": 1546.2140299945427, "time_cost": 150, "final_distance_cost": 14.36349712403383, "oscillation_cost": 58.70602625217979, "completition_cost": 1000.0, "overshoot_cost": 166.2401180946068, "power_cost": 31.16940690917969, "noise_cost": 125.73498161454262, "n_waypoints_completed": 0, "tot_waypoints": 9}}
{"target": -1586.1144506773658, "params": {"k_pid_pos": [1.7059541940689087, 0.9965826272964478, 0.031209707260131836], "k_pid_alt": [1.9804922342300415, 0.9312587976455688, 0.00833466649055481], "k_pid_att": [100.0, 0.2985014021396637, 0.9810152053833008], "k_pid_yaw": [0.5, 1e-06, 0.1], "k_pid_hsp": [9.999996185302734, 0.970321536064148, 0.08240169286727905], "k_pid_vsp": [11.679924011230469, 21.962739944458008, 397.8896484375]}, "datetime": {"datetime": "2025-08-12 00:32:45", "elapsed": 29245.239678621292, "delta": 30.924813270568848}, "costs": {"total_cost": 1586.1144506773658, "time_cost": 150, "final_distance_cost": 13.73542674903073, "oscillation_cost": 96.26275610413978, "completition_cost": 1000.0, "overshoot_cost": 165.8790196184305, "power_cost": 34.30863659667969, "noise_cost": 125.92861160908518, "n_waypoints_completed": 0, "tot_waypoints": 9}}
{"target": -1581.85485803767, "params": {"k_pid_pos": [1.968652367591858, 0.9607553482055664, 0.053073346614837646], "k_pid_alt": [1.9286764860153198, 0.8287523984909058, 0.0036579668521881104], "k_pid_att": [100.0, 3.5214319229125977, 0.845032811164856], "k_pid_yaw": [0.5, 1e-06, 0.1], "k_pid_hsp": [9.99979305267334, 0.9942741394042969, 0.05936378240585327], "k_pid_vsp": [11.94295883178711, 14.214302062988281, 28.147626876831055]}, "datetime": {"datetime": "2025-08-12 00:33:16", "elapsed": 29276.240913629532, "delta": 31.001235008239746}, "costs": {"total_cost": 1581.85485803767, "time_cost": 150, "final_distance_cost": 2.4399289795061474, "oscillation_cost": 92.08962168408304, "completition_cost": 1000.0, "overshoot_cost": 165.84229848912554, "power_cost": 35.17608885498047, "noise_cost": 136.30692002997483, "n_waypoints_completed": 0, "tot_waypoints": 9}}
{"target": -1555.7198665559004, "params": {"k_pid_pos": [1.615810513496399, 0.9159390926361084, 0.024166136980056763], "k_pid_alt": [1.9649224281311035, 0.950650691986084, 0.08724921941757202], "k_pid_att": [100.0, 0.33519840240478516, 0.9496713280677795], "k_pid_yaw": [0.5, 1e-06, 0.1], "k_pid_hsp": [10.0, 0.9969491958618164, 0.051996439695358276], "k_pid_vsp": [0.0, 4.906548023223877, 9.999999974752427e-07]}, "datetime": {"datetime": "2025-08-12 00:33:48", "elapsed": 29307.734601974487, "delta": 31.493688344955444}, "costs": {"total_cost": 1555.7198665559004, "time_cost": 150, "final_distance_cost": 11.573084742624864, "oscillation_cost": 66.53393795632341, "completition_cost": 1000.0, "overshoot_cost": 166.50301363315225, "power_cost": 18.169699841308596, "noise_cost": 142.94013038249125, "n_waypoints_completed": 0, "tot_waypoints": 9}}
