{"target": -1512.0693283243095, "params": {"k_pid_pos": [1.9795995950698853, 0.9775832891464233, 0.04363125562667847], "k_pid_alt": [1.9089664220809937, 0.9859421253204346, 0.04973283410072327], "k_pid_att": [100.0, 0.8469099402427673, 0.9951784610748291], "k_pid_yaw": [0.5, 1e-06, 0.1], "k_pid_hsp": [10.0, 0.9795269966125488, 0.0011416375637054443], "k_pid_vsp": [341.89642333984375, 8.489466667175293, 350.5763244628906]}, "datetime": {"datetime": "2025-08-12 04:15:36", "elapsed": 42615.91276359558, "delta": 31.873990058898926}, "costs": {"total_cost": 1512.0693283243095, "time_cost": 150, "final_distance_cost": 2.6076012592850453, "oscillation_cost": 47.07045354479668, "completition_cost": 1000.0, "overshoot_cost": 164.74271196178597, "power_cost": 31.476937158203125, "noise_cost": 116.17162440023874, "n_waypoints_completed": 0, "tot_waypoints": 9}}
{"target": -1478.9166937907273, "params": {"k_pid_pos": [1.9288146495819092, 0.9485963582992554, 0.015234619379043579], "k_pid_alt": [1.7571446895599365, 0.9818249940872192, 0.029728293418884277], "k_pid_att": [100.0, 1.6490155458450317, 0.9384018182754517], "k_pid_yaw": [0.5, 1e-06, 0.1], "k_pid_hsp": [0.7819412350654602, 0.9922038316726685, 0.01787465810775757], "k_pid_vsp": [399.9999694824219, 9.244406700134277, 399.9994201660156]}, "datetime": {"datetime": "2025-08-12 04:16:07", "elapsed": 42646.54061675072, "delta": 30.62785315513611}, "costs": {"total_cost": 1478.9166937907273, "time_cost": 150, "final_distance_cost": 22.27545082832361, "oscillation_cost": 90.29766996702092, "completition_cost": 1000.0, "overshoot_cost": 143.7602902191342, "power_cost": 35.516212634277345, "noise_cost": 37.067070141971186, "n_waypoints_completed": 0, "tot_waypoints": 9}}
{"target": -1593.3839969748265, "params": {"k_pid_pos": [1.959897756576538, 0.9691654443740845, 0.13409218192100525], "k_pid_alt": [1.9849718809127808, 0.9870046377182007, 0.012100040912628174], "k_pid_att": [100.0, 1.012082576751709, 0.9293096661567688], "k_pid_yaw": [0.5, 1e-06, 0.1], "k_pid_hsp": [0.13335885107517242, 0.982528805732727, 0.013553708791732788], "k_pid_vsp": [0.4744291305541992, 4.587651252746582, 3.676278720377013e-05]}, "datetime": {"datetime": "2025-08-12 04:16:40", "elapsed": 42679.38136744499, "delta": 32.8407506942749}, "costs": {"total_cost": 1593.3839969748265, "time_cost": 150, "final_distance_cost": 20.63039634150303, "oscillation_cost": 85.16137001673495, "completition_cost": 1000.0, "overshoot_cost": 172.48641677467276, "power_cost": 17.89543161621094, "noise_cost": 147.2103822257047, "n_waypoints_completed": 0, "tot_waypoints": 9}}
{"target": -1532.433662363313, "params": {"k_pid_pos": [1.5838963985443115, 0.9886643886566162, 0.03657329082489014], "k_pid_alt": [1.9654958248138428, 0.9794580340385437, 0.02250891923904419], "k_pid_att": [99.95348358154297, 0.2974294126033783, 0.9956711530685425], "k_pid_yaw": [0.5, 1e-06, 0.1], "k_pid_hsp": [9.989294052124023, 0.9846154451370239, 0.019504964351654053], "k_pid_vsp": [0.0, 2.5535593032836914, 368.4353332519531]}, "datetime": {"datetime": "2025-08-12 04:17:11", "elapsed": 42710.930533885956, "delta": 31.549166440963745}, "costs": {"total_cost": 1532.433662363313, "time_cost": 150, "final_distance_cost": 4.40067461626402, "oscillation_cost": 57.01968381864107, "completition_cost": 1000.0, "overshoot_cost": 164.3471523347825, "power_cost": 22.901151513671877, "noise_cost": 133.7650000799533, "n_waypoints_completed": 0, "tot_waypoints": 9}}
{"target": -1530.3037226749589, "params": {"k_pid_pos": [1.8836641311645508, 0.9789246320724487, 0.005273550748825073], "k_pid_alt": [1.9683141708374023, 0.9779842495918274, 0.03004506230354309], "k_pid_att": [100.0, 0.13851043581962585, 0.9993199706077576], "k_pid_yaw": [0.5, 1e-06, 0.1], "k_pid_hsp": [10.0, 0.9862531423568726, 0.010861128568649292], "k_pid_vsp": [0.09137392044067383, 22.283889770507812, 177.79953002929688]}, "datetime": {"datetime": "2025-08-12 04:17:44", "elapsed": 42743.78943490982, "delta": 32.858901023864746}, "costs": {"total_cost": 1530.3037226749589, "time_cost": 150, "final_distance_cost": 11.098947960328012, "oscillation_cost": 53.80121587952889, "completition_cost": 1000.0, "overshoot_cost": 165.33318394848706, "power_cost": 30.781089794921876, "noise_cost": 119.28928509169302, "n_waypoints_completed": 0, "tot_waypoints": 9}}
{"target": -1557.0860878860728, "params": {"k_pid_pos": [1.5846531391143799, 0.9135450124740601, 0.04491788148880005], "k_pid_alt": [1.9437129497528076, 0.9911419153213501, 0.030541568994522095], "k_pid_att": [99.99932861328125, 0.028112709522247314, 0.9479001760482788], "k_pid_yaw": [0.5, 1e-06, 0.1], "k_pid_hsp": [10.0, 0.9848260879516602, 0.08791983127593994], "k_pid_vsp": [1.1920928955078125e-05, 5.112088680267334, 1.2920929293613881e-05]}, "datetime": {"datetime": "2025-08-12 04:18:17", "elapsed": 42776.62643122673, "delta": 32.83699631690979}, "costs": {"total_cost": 1557.0860878860728, "time_cost": 150, "final_distance_cost": 7.583898438583544, "oscillation_cost": 69.92632135104307, "completition_cost": 1000.0, "overshoot_cost": 166.43631567266934, "power_cost": 20.007894104003906, "noise_cost": 143.13165831977298, "n_waypoints_completed": 0, "tot_waypoints": 9}}
{"target": -714.3816563759405, "params": {"k_pid_pos": [1.9344600439071655, 0.8570942878723145, 0.12191969156265259], "k_pid_alt": [1.9842206239700317, 0.9790596961975098, 0.020568490028381348], "k_pid_att": [100.0, 0.9163447618484497, 0.9428092241287231], "k_pid_yaw": [0.5, 1e-06, 0.1], "k_pid_hsp": [10.0, 0.9902383685112, 0.015733718872070312], "k_pid_vsp": [399.96783447265625, 16.411449432373047, 2.587998867034912]}, "datetime": {"datetime": "2025-08-12 04:18:53", "elapsed": 42812.44291186333, "delta": 35.81648063659668}, "costs": {"total_cost": 714.3816563759405, "time_cost": 150, "final_distance_cost": 64.77640219060645, "oscillation_cost": 146.0923172532525, "completition_cost": 222.2222222222222, "overshoot_cost": 66.44373075003145, "power_cost": 30.806318273925783, "noise_cost": 34.04066568590215, "n_waypoints_completed": 7, "tot_waypoints": 9}}
{"target": -1222.5104217487371, "params": {"k_pid_pos": [1.8809609413146973, 0.970831573009491, 0.10961270332336426], "k_pid_alt": [1.9778485298156738, 0.870810866355896, 0.020386815071105957], "k_pid_att": [100.0, 0.2724529206752777, 0.9982507228851318], "k_pid_yaw": [0.5, 1e-06, 0.1], "k_pid_hsp": [10.0, 0.9921435117721558, 0.005901962518692017], "k_pid_vsp": [4.264962673187256, 21.22539520263672, 9.999999974752427e-07]}, "datetime": {"datetime": "2025-08-12 04:19:25", "elapsed": 42844.50912237167, "delta": 32.06621050834656}, "costs": {"total_cost": 1222.5104217487371, "time_cost": 150, "final_distance_cost": 80.68208411780617, "oscillation_cost": 97.97934038005208, "completition_cost": 777.7777777777778, "overshoot_cost": 52.64510154240669, "power_cost": 30.499073974609377, "noise_cost": 32.92704395608493, "n_waypoints_completed": 2, "tot_waypoints": 9}}
{"target": -1581.2314193542427, "params": {"k_pid_pos": [1.9725403785705566, 0.9943930506706238, 0.008653134107589722], "k_pid_alt": [1.988327980041504, 0.9045429229736328, 0.007144063711166382], "k_pid_att": [100.0, 0.7113521695137024, 0.9737480878829956], "k_pid_yaw": [0.5, 1e-06, 0.1], "k_pid_hsp": [1.0166860818862915, 0.992294430732727, 0.005282878875732422], "k_pid_vsp": [0.004482269287109375, 1.9317517280578613, 399.9935607910156]}, "datetime": {"datetime": "2025-08-12 04:19:56", "elapsed": 42875.72382593155, "delta": 31.21470355987549}, "costs": {"total_cost": 1581.2314193542427, "time_cost": 150, "final_distance_cost": 16.073386876908202, "oscillation_cost": 91.31656986914196, "completition_cost": 1000.0, "overshoot_cost": 168.35844767512248, "power_cost": 15.812921740722658, "noise_cost": 139.67009319234722, "n_waypoints_completed": 0, "tot_waypoints": 9}}
{"target": -1592.692859408484, "params": {"k_pid_pos": [1.9715540409088135, 0.9649285078048706, 0.05163377523422241], "k_pid_alt": [1.93800687789917, 0.990618109703064, 0.004124730825424194], "k_pid_att": [100.0, 0.6277601718902588, 0.9901580810546875], "k_pid_yaw": [0.5, 1e-06, 0.1], "k_pid_hsp": [9.845342636108398, 0.9911327958106995, 0.10101276636123657], "k_pid_vsp": [1.1920928955078125e-05, 17.657806396484375, 400.0]}, "datetime": {"datetime": "2025-08-12 04:20:26", "elapsed": 42906.26146411896, "delta": 30.537638187408447}, "costs": {"total_cost": 1592.692859408484, "time_cost": 150, "final_distance_cost": 10.860855010717314, "oscillation_cost": 93.45491644580181, "completition_cost": 1000.0, "overshoot_cost": 165.74297193931517, "power_cost": 34.82826427001953, "noise_cost": 137.80585174263047, "n_waypoints_completed": 0, "tot_waypoints": 9}}
{"target": -1536.2469236469185, "params": {"k_pid_pos": [1.9672613143920898, 0.9710827469825745, 0.03567501902580261], "k_pid_alt": [1.8904306888580322, 0.9762884378433228, 0.007769525051116943], "k_pid_att": [100.0, 1.2915195226669312, 0.9814741015434265], "k_pid_yaw": [0.5, 1e-06, 0.1], "k_pid_hsp": [10.0, 0.8481026887893677, 0.0026296377182006836], "k_pid_vsp": [0.04869699478149414, 13.207269668579102, 399.2015686035156]}, "datetime": {"datetime": "2025-08-12 04:20:57", "elapsed": 42936.95478415489, "delta": 30.69332003593445}, "costs": {"total_cost": 1536.2469236469185, "time_cost": 150, "final_distance_cost": 7.544462254030164, "oscillation_cost": 42.960972161233165, "completition_cost": 1000.0, "overshoot_cost": 165.77198514958945, "power_cost": 25.005801965332033, "noise_cost": 144.96370211673357, "n_waypoints_completed": 0, "tot_waypoints": 9}}
{"target": -1536.8803708791688, "params": {"k_pid_pos": [1.8624892234802246, 0.8647494316101074, 0.005091369152069092], "k_pid_alt": [1.9566574096679688, 0.9574925899505615, 0.029745250940322876], "k_pid_att": [99.99974060058594, 0.22453755140304565, 0.9623208045959473], "k_pid_yaw": [0.5, 1e-06, 0.1], "k_pid_hsp": [9.999462127685547, 0.9120641946792603, 0.014743149280548096], "k_pid_vsp": [0.017583370208740234, 18.978715896606445, 399.99566650390625]}, "datetime": {"datetime": "2025-08-12 04:21:29", "elapsed": 42968.975027799606, "delta": 32.020243644714355}, "costs": {"total_cost": 1536.8803708791688, "time_cost": 150, "final_distance_cost": 5.461941248531001, "oscillation_cost": 57.81860913865138, "completition_cost": 1000.0, "overshoot_cost": 164.77842546410503, "power_cost": 31.258419091796878, "noise_cost": 127.56297593608451, "n_waypoints_completed": 0, "tot_waypoints": 9}}
{"target": -1427.28767979852, "params": {"k_pid_pos": [1.8314498662948608, 0.9744648337364197, 0.11708778142929077], "k_pid_alt": [1.9295732975006104, 0.974480390548706, 0.008375495672225952], "k_pid_att": [100.0, 0.030518030747771263, 0.9709664583206177], "k_pid_yaw": [0.5, 1e-06, 0.1], "k_pid_hsp": [10.0, 0.9507372975349426, 0.03274217247962952], "k_pid_vsp": [398.17498779296875, 13.714600563049316, 399.99761962890625]}, "datetime": {"datetime": "2025-08-12 04:21:59", "elapsed": 42999.041936159134, "delta": 30.066908359527588}, "costs": {"total_cost": 1427.28767979852, "time_cost": 150, "final_distance_cost": 39.42653056443156, "oscillation_cost": 77.03930449122718, "completition_cost": 1000.0, "overshoot_cost": 94.78965560132036, "power_cost": 34.61294371337891, "noise_cost": 31.419245428161886, "n_waypoints_completed": 0, "tot_waypoints": 9}}
{"target": -632.4629654298335, "params": {"k_pid_pos": [1.9910907745361328, 0.9419518113136292, 0.01310122013092041], "k_pid_alt": [1.974393606185913, 0.981450080871582, 0.03516310453414917], "k_pid_att": [100.0, 0.6314553022384644, 0.9684692621231079], "k_pid_yaw": [0.5, 1e-06, 0.1], "k_pid_hsp": [10.0, 0.9342395067214966, 0.13849109411239624], "k_pid_vsp": [371.6240539550781, 4.001368045806885, 82.02545928955078]}, "datetime": {"datetime": "2025-08-12 04:22:30", "elapsed": 43029.54028868675, "delta": 30.498352527618408}, "costs": {"total_cost": 632.4629654298335, "time_cost": 150, "final_distance_cost": 58.63849793441763, "oscillation_cost": 174.75458888125402, "completition_cost": 111.11111111111116, "overshoot_cost": 71.78876249479877, "power_cost": 36.50507099609375, "noise_cost": 29.664934012158213, "n_waypoints_completed": 8, "tot_waypoints": 9}}
{"target": -1580.8615155959192, "params": {"k_pid_pos": [1.9491117000579834, 0.9908227920532227, 0.02229970693588257], "k_pid_alt": [1.9699146747589111, 0.9783688187599182, 0.031301528215408325], "k_pid_att": [100.0, 1.4734772443771362, 0.990131676197052], "k_pid_yaw": [0.5, 1e-06, 0.1], "k_pid_hsp": [10.0, 0.994249701499939, 0.13212794065475464], "k_pid_vsp": [0.0, 7.413567066192627, 0.742925226688385]}, "datetime": {"datetime": "2025-08-12 04:23:01", "elapsed": 43060.730865478516, "delta": 31.190576791763306}, "costs": {"total_cost": 1580.8615155959192, "time_cost": 150, "final_distance_cost": 15.190999740432947, "oscillation_cost": 80.4141675996664, "completition_cost": 1000.0, "overshoot_cost": 166.80432847982198, "power_cost": 23.55379002685547, "noise_cost": 144.8982297491424, "n_waypoints_completed": 0, "tot_waypoints": 9}}
{"target": -1327.1844941580707, "params": {"k_pid_pos": [1.9764937162399292, 0.7480498552322388, 0.04420992732048035], "k_pid_alt": [1.9407695531845093, 0.9959858059883118, 0.013882845640182495], "k_pid_att": [100.0, 3.365535259246826, 0.9741250276565552], "k_pid_yaw": [0.5, 1e-06, 0.1], "k_pid_hsp": [10.0, 0.9847780466079712, 0.05183681845664978], "k_pid_vsp": [397.9639892578125, 3.630150318145752, 398.8558654785156]}, "datetime": {"datetime": "2025-08-12 04:23:31", "elapsed": 43091.26329636574, "delta": 30.53243088722229}, "costs": {"total_cost": 1327.1844941580707, "time_cost": 150, "final_distance_cost": 64.65585382735092, "oscillation_cost": 94.02952572264869, "completition_cost": 888.8888888888888, "overshoot_cost": 62.08568068493468, "power_cost": 36.32401010742188, "noise_cost": 31.200534926825828, "n_waypoints_completed": 1, "tot_waypoints": 9}}
{"target": -1531.599889550265, "params": {"k_pid_pos": [1.9151946306228638, 0.9174593687057495, 0.0882512629032135], "k_pid_alt": [1.988609790802002, 0.9214914441108704, 0.009031921625137329], "k_pid_att": [100.0, 0.5800676941871643, 0.971674919128418], "k_pid_yaw": [0.5, 1e-06, 0.1], "k_pid_hsp": [10.0, 0.997353732585907, 0.013069838285446167], "k_pid_vsp": [0.1774430274963379, 78.24830627441406, 399.9998474121094]}, "datetime": {"datetime": "2025-08-12 04:24:02", "elapsed": 43122.06239104271, "delta": 30.799094676971436}, "costs": {"total_cost": 1531.599889550265, "time_cost": 150, "final_distance_cost": 1.3659234325915293, "oscillation_cost": 57.65387695133955, "completition_cost": 1000.0, "overshoot_cost": 164.74579804966172, "power_cost": 32.16180496826172, "noise_cost": 125.67248614841041, "n_waypoints_completed": 0, "tot_waypoints": 9}}
{"target": -1424.6348943023004, "params": {"k_pid_pos": [1.9432647228240967, 0.9930492639541626, 0.12920600175857544], "k_pid_alt": [1.981428861618042, 0.9931321144104004, 0.022854506969451904], "k_pid_att": [100.0, 0.11050815880298615, 0.7330938577651978], "k_pid_yaw": [0.5, 1e-06, 0.1], "k_pid_hsp": [9.942482948303223, 0.940974771976471, 0.03688859939575195], "k_pid_vsp": [399.92022705078125, 1.4047870635986328, 399.9959411621094]}, "datetime": {"datetime": "2025-08-12 04:24:34", "elapsed": 43153.558316230774, "delta": 31.495925188064575}, "costs": {"total_cost": 1424.6348943023004, "time_cost": 150, "final_distance_cost": 45.52761655748912, "oscillation_cost": 86.96399552289046, "completition_cost": 1000.0, "overshoot_cost": 75.15294230929577, "power_cost": 35.69925262451172, "noise_cost": 31.291087288113523, "n_waypoints_completed": 0, "tot_waypoints": 9}}
{"target": -1534.8376557394283, "params": {"k_pid_pos": [1.9495559930801392, 0.9910596013069153, 0.013393163681030273], "k_pid_alt": [1.9315910339355469, 0.9887968897819519, 0.01583176851272583], "k_pid_att": [100.0, 0.1853148192167282, 0.9741915464401245], "k_pid_yaw": [0.5, 1e-06, 0.1], "k_pid_hsp": [9.999728202819824, 0.941475510597229, 0.012780159711837769], "k_pid_vsp": [1.0403752326965332, 0.36612850427627563, 0.05725722014904022]}, "datetime": {"datetime": "2025-08-12 04:25:04", "elapsed": 43183.984379053116, "delta": 30.42606282234192}, "costs": {"total_cost": 1534.8376557394283, "time_cost": 150, "final_distance_cost": 6.239016402372044, "oscillation_cost": 55.3621229437179, "completition_cost": 1000.0, "overshoot_cost": 166.81222441332167, "power_cost": 15.030736389160158, "noise_cost": 141.39355559085655, "n_waypoints_completed": 0, "tot_waypoints": 9}}
{"target": -1416.162736912446, "params": {"k_pid_pos": [1.78215491771698, 0.9985088109970093, 0.0864899754524231], "k_pid_alt": [1.9300132989883423, 0.9827980995178223, 0.02703264355659485], "k_pid_att": [100.0, 0.4856208562850952, 0.9934880137443542], "k_pid_yaw": [0.5, 1e-06, 0.1], "k_pid_hsp": [9.999999046325684, 0.9455432891845703, 0.06392267346382141], "k_pid_vsp": [399.98785400390625, 12.145329475402832, 399.850830078125]}, "datetime": {"datetime": "2025-08-12 04:25:35", "elapsed": 43214.530951976776, "delta": 30.54657292366028}, "costs": {"total_cost": 1416.162736912446, "time_cost": 150, "final_distance_cost": 45.599963837533934, "oscillation_cost": 93.62880875468224, "completition_cost": 1000.0, "overshoot_cost": 59.681766660807526, "power_cost": 35.83235799560547, "noise_cost": 31.41983966381696, "n_waypoints_completed": 0, "tot_waypoints": 9}}
{"target": -1537.9480628362016, "params": {"k_pid_pos": [1.951123833656311, 0.938071608543396, 0.018028587102890015], "k_pid_alt": [1.9950861930847168, 0.9963377714157104, 0.08568233251571655], "k_pid_att": [98.55873107910156, 0.23113244771957397, 0.9872485995292664], "k_pid_yaw": [0.5, 1e-06, 0.1], "k_pid_hsp": [10.0, 0.9830456972122192, 0.014791041612625122], "k_pid_vsp": [0.0, 8.708215713500977, 399.999755859375]}, "datetime": {"datetime": "2025-08-12 04:26:06", "elapsed": 43245.69139742851, "delta": 31.16044545173645}, "costs": {"total_cost": 1537.9480628362016, "time_cost": 150, "final_distance_cost": 7.6609935753657075, "oscillation_cost": 54.6287420332853, "completition_cost": 1000.0, "overshoot_cost": 164.56383988759623, "power_cost": 24.868887963867188, "noise_cost": 136.22559937608722, "n_waypoints_completed": 0, "tot_waypoints": 9}}
{"target": -1578.921928004279, "params": {"k_pid_pos": [1.9381039142608643, 0.9415124654769897, 0.03078979253768921], "k_pid_alt": [1.891014814376831, 0.9862807989120483, 0.006934434175491333], "k_pid_att": [100.0, 1.4775913953781128, 0.9804978370666504], "k_pid_yaw": [0.5, 1e-06, 0.1], "k_pid_hsp": [0.0857224091887474, 0.9973375201225281, 0.018248915672302246], "k_pid_vsp": [0.0, 3.1306991577148438, 399.0691223144531]}, "datetime": {"datetime": "2025-08-12 04:26:37", "elapsed": 43276.793307065964, "delta": 31.101909637451172}, "costs": {"total_cost": 1578.921928004279, "time_cost": 150, "final_distance_cost": 25.16892040840222, "oscillation_cost": 70.86931846061917, "completition_cost": 1000.0, "overshoot_cost": 173.85559971355536, "power_cost": 17.068990039062502, "noise_cost": 141.9590993826395, "n_waypoints_completed": 0, "tot_waypoints": 9}}
{"target": -1533.1703912927535, "params": {"k_pid_pos": [1.984619140625, 0.991023063659668, 0.004383265972137451], "k_pid_alt": [1.9053080081939697, 0.9857666492462158, 0.010084211826324463], "k_pid_att": [100.0, 3.647113561630249, 0.9431033730506897], "k_pid_yaw": [0.5, 1e-06, 0.1], "k_pid_hsp": [10.0, 0.9861583113670349, 0.015147209167480469], "k_pid_vsp": [11.007463455200195, 7.25225305557251, 399.9935607910156]}, "datetime": {"datetime": "2025-08-12 04:27:08", "elapsed": 43307.78241920471, "delta": 30.98911213874817}, "costs": {"total_cost": 1533.1703912927535, "time_cost": 150, "final_distance_cost": 9.862555450640317, "oscillation_cost": 56.34388726181155, "completition_cost": 1000.0, "overshoot_cost": 165.36187586758345, "power_cost": 32.29133774414063, "noise_cost": 119.31073496857734, "n_waypoints_completed": 0, "tot_waypoints": 9}}
{"target": -1541.7184595206081, "params": {"k_pid_pos": [1.9774351119995117, 0.9566996097564697, 0.03433695435523987], "k_pid_alt": [1.689655065536499, 0.9679512977600098, 0.05317762494087219], "k_pid_att": [100.0, 1.6685389280319214, 0.9863917231559753], "k_pid_yaw": [0.5, 1e-06, 0.1], "k_pid_hsp": [9.999896049499512, 0.9983592629432678, 0.008632689714431763], "k_pid_vsp": [0.14530420303344727, 9.36954116821289, 400.0]}, "datetime": {"datetime": "2025-08-12 04:27:39", "elapsed": 43338.774806022644, "delta": 30.99238681793213}, "costs": {"total_cost": 1541.7184595206081, "time_cost": 150, "final_distance_cost": 11.394081518107557, "oscillation_cost": 50.95329580075592, "completition_cost": 1000.0, "overshoot_cost": 164.96996419876334, "power_cost": 24.378783117675784, "noise_cost": 140.02233488530553, "n_waypoints_completed": 0, "tot_waypoints": 9}}
{"target": -1540.736893181511, "params": {"k_pid_pos": [1.9427623748779297, 0.9860868453979492, 0.014374226331710815], "k_pid_alt": [1.9088467359542847, 0.9791163206100464, 0.07821199297904968], "k_pid_att": [100.0, 2.227433443069458, 0.9572122097015381], "k_pid_yaw": [0.5, 1e-06, 0.1], "k_pid_hsp": [10.0, 0.9854392409324646, 0.022554129362106323], "k_pid_vsp": [1.4699935913085938, 5.252183437347412, 399.5467529296875]}, "datetime": {"datetime": "2025-08-12 04:28:10", "elapsed": 43370.30472421646, "delta": 31.52991819381714}, "costs": {"total_cost": 1540.736893181511, "time_cost": 150, "final_distance_cost": 5.323929299615192, "oscillation_cost": 60.11662561102457, "completition_cost": 1000.0, "overshoot_cost": 164.64419490004718, "power_cost": 27.100320959472658, "noise_cost": 133.5518224113516, "n_waypoints_completed": 0, "tot_waypoints": 9}}
