{"target": -520.7490017746953, "params": {"k_pid_pos": [1.9557439088821411, 0.9824972152709961, 0.10704362392425537], "k_pid_alt": [1.8118857145309448, 0.9869184494018555, 0.032938987016677856], "k_pid_att": [100.0, 0.34038129448890686, 0.9861917495727539], "k_pid_yaw": [0.5, 1e-06, 0.1], "k_pid_hsp": [0.0005652096006087959, 0.9966704845428467, 0.1387557089328766], "k_pid_vsp": [45.072818756103516, 23.805631637573242, 0.00023941857216414064]}, "datetime": {"datetime": "2025-08-11 23:42:51", "elapsed": 26250.68030810356, "delta": 31.284046411514282}, "costs": {"total_cost": 520.7490017746953, "time_cost": 150, "final_distance_cost": 5.1861928792334275, "oscillation_cost": 100.7601425984154, "completition_cost": 111.11111111111116, "overshoot_cost": 84.54705249783032, "power_cost": 34.460116540527345, "noise_cost": 34.6843861475777, "n_waypoints_completed": 8, "tot_waypoints": 9}}
{"target": -1582.202443214545, "params": {"k_pid_pos": [1.909417748451233, 0.9875545501708984, 0.05534645915031433], "k_pid_alt": [1.9806219339370728, 0.9934290647506714, 0.14543551206588745], "k_pid_att": [100.0, 3.3456177711486816, 0.9974797368049622], "k_pid_yaw": [0.5, 1e-06, 0.1], "k_pid_hsp": [10.0, 0.9657161235809326, 0.05406579375267029], "k_pid_vsp": [0.0554203987121582, 20.613136291503906, 400.0]}, "datetime": {"datetime": "2025-08-11 23:43:22", "elapsed": 26281.96461367607, "delta": 31.284305572509766}, "costs": {"total_cost": 1582.202443214545, "time_cost": 150, "final_distance_cost": 11.773053472237187, "oscillation_cost": 87.78557067350638, "completition_cost": 1000.0, "overshoot_cost": 165.93699279250242, "power_cost": 34.23341408691407, "noise_cost": 132.47341218938493, "n_waypoints_completed": 0, "tot_waypoints": 9}}
{"target": -1155.9104741580243, "params": {"k_pid_pos": [1.570352554321289, 0.9650993347167969, 0.005734235048294067], "k_pid_alt": [1.9740424156188965, 0.9965789318084717, 0.02356758713722229], "k_pid_att": [100.0, 3.667292594909668, 0.9374333620071411], "k_pid_yaw": [0.5, 1e-06, 0.1], "k_pid_hsp": [10.0, 0.9541934132575989, 0.10188838839530945], "k_pid_vsp": [399.74871826171875, 83.46357727050781, 400.0]}, "datetime": {"datetime": "2025-08-11 23:43:53", "elapsed": 26312.59777855873, "delta": 30.633164882659912}, "costs": {"total_cost": 1155.9104741580243, "time_cost": 150, "final_distance_cost": 57.544339434234374, "oscillation_cost": 139.57053198946804, "completition_cost": 666.6666666666667, "overshoot_cost": 74.58969432475936, "power_cost": 36.511819177246096, "noise_cost": 31.02742256564956, "n_waypoints_completed": 3, "tot_waypoints": 9}}
{"target": -1318.9641915862687, "params": {"k_pid_pos": [1.939247727394104, 0.9976974725723267, 0.02105364203453064], "k_pid_alt": [1.950317621231079, 0.9908714294433594, 0.02456262707710266], "k_pid_att": [100.0, 1.7394492626190186, 0.9902403354644775], "k_pid_yaw": [0.5, 1e-06, 0.1], "k_pid_hsp": [9.999999046325684, 0.9981677532196045, 0.04132932424545288], "k_pid_vsp": [399.9997253417969, 15.453339576721191, 0.3116975426673889]}, "datetime": {"datetime": "2025-08-11 23:44:24", "elapsed": 26344.146270275116, "delta": 31.548491716384888}, "costs": {"total_cost": 1318.9641915862687, "time_cost": 150, "final_distance_cost": 64.71284622417627, "oscillation_cost": 109.19341476310075, "completition_cost": 888.8888888888888, "overshoot_cost": 41.599192374478086, "power_cost": 30.700111669921878, "noise_cost": 33.8697376657031, "n_waypoints_completed": 1, "tot_waypoints": 9}}
{"target": -1549.1442245496207, "params": {"k_pid_pos": [1.9496206045150757, 0.6960766315460205, 0.004472494125366211], "k_pid_alt": [1.9629859924316406, 0.945975661277771, 0.0036789774894714355], "k_pid_att": [99.99995422363281, 3.4116690158843994, 0.9674264192581177], "k_pid_yaw": [0.5, 1e-06, 0.1], "k_pid_hsp": [9.999909400939941, 0.8711081743240356, 0.04673030972480774], "k_pid_vsp": [0.0018715858459472656, 6.710625648498535, 0.0076065524481236935]}, "datetime": {"datetime": "2025-08-11 23:44:55", "elapsed": 26374.90669608116, "delta": 30.760425806045532}, "costs": {"total_cost": 1549.1442245496207, "time_cost": 150, "final_distance_cost": 5.623284298175572, "oscillation_cost": 64.36768362256767, "completition_cost": 1000.0, "overshoot_cost": 164.73579600861908, "power_cost": 19.2222021484375, "noise_cost": 145.19525847182103, "n_waypoints_completed": 0, "tot_waypoints": 9}}
{"target": -1588.8584378129692, "params": {"k_pid_pos": [1.9571013450622559, 0.9838079214096069, 0.03664886951446533], "k_pid_alt": [1.965198040008545, 0.9807195663452148, 0.024793565273284912], "k_pid_att": [100.0, 3.232813596725464, 0.9717786312103271], "k_pid_yaw": [0.5, 1e-06, 0.1], "k_pid_hsp": [1.0056871175765991, 0.8738597631454468, 0.010038793087005615], "k_pid_vsp": [0.00013113021850585938, 107.09709930419922, 384.3916320800781]}, "datetime": {"datetime": "2025-08-11 23:45:26", "elapsed": 26405.76964354515, "delta": 30.862947463989258}, "costs": {"total_cost": 1588.8584378129692, "time_cost": 150, "final_distance_cost": 19.89738435207928, "oscillation_cost": 95.38890276514829, "completition_cost": 1000.0, "overshoot_cost": 169.51692374047013, "power_cost": 31.01504951171875, "noise_cost": 123.04017744355293, "n_waypoints_completed": 0, "tot_waypoints": 9}}
{"target": -1566.4867237405613, "params": {"k_pid_pos": [1.505430817604065, 0.8491945862770081, 0.02787196636199951], "k_pid_alt": [1.9764032363891602, 0.9322813153266907, 0.02050378918647766], "k_pid_att": [19.390827178955078, 2.860706090927124, 0.9538216590881348], "k_pid_yaw": [0.5, 1e-06, 0.1], "k_pid_hsp": [10.0, 0.945007860660553, 0.09687119722366333], "k_pid_vsp": [0.06973743438720703, 3.9578685760498047, 9.999999974752427e-07]}, "datetime": {"datetime": "2025-08-11 23:45:56", "elapsed": 26436.293070077896, "delta": 30.52342653274536}, "costs": {"total_cost": 1566.4867237405613, "time_cost": 150, "final_distance_cost": 11.97300927759974, "oscillation_cost": 78.01535350342417, "completition_cost": 1000.0, "overshoot_cost": 166.34141392083788, "power_cost": 16.40523328857422, "noise_cost": 143.75171375012548, "n_waypoints_completed": 0, "tot_waypoints": 9}}
{"target": -1549.3949492159409, "params": {"k_pid_pos": [1.9351557493209839, 0.9140715003013611, 0.028745830059051514], "k_pid_alt": [1.9351670742034912, 0.9932884573936462, 0.033799707889556885], "k_pid_att": [100.0, 2.0706608295440674, 0.9147374033927917], "k_pid_yaw": [0.5, 1e-06, 0.1], "k_pid_hsp": [10.0, 0.8244715929031372, 0.0207974910736084], "k_pid_vsp": [0.0, 9.88671875, 8.449280738830566]}, "datetime": {"datetime": "2025-08-11 23:46:28", "elapsed": 26467.983033657074, "delta": 31.689963579177856}, "costs": {"total_cost": 1549.3949492159409, "time_cost": 150, "final_distance_cost": 11.945966996197363, "oscillation_cost": 51.959970889496844, "completition_cost": 1000.0, "overshoot_cost": 165.3952234883953, "power_cost": 21.02827119140625, "noise_cost": 149.06551665044532, "n_waypoints_completed": 0, "tot_waypoints": 9}}
{"target": -1557.315463204751, "params": {"k_pid_pos": [1.8951454162597656, 0.8064348697662354, 0.0643501877784729], "k_pid_alt": [1.9678449630737305, 0.9472193121910095, 0.03538107872009277], "k_pid_att": [100.0, 2.2216970920562744, 0.995636522769928], "k_pid_yaw": [0.5, 1e-06, 0.1], "k_pid_hsp": [6.966410160064697, 0.981026291847229, 0.044223517179489136], "k_pid_vsp": [0.0, 6.636048316955566, 228.48463439941406]}, "datetime": {"datetime": "2025-08-11 23:46:59", "elapsed": 26498.929962158203, "delta": 30.94692850112915}, "costs": {"total_cost": 1557.315463204751, "time_cost": 150, "final_distance_cost": 8.513791812774334, "oscillation_cost": 70.52467348804109, "completition_cost": 1000.0, "overshoot_cost": 164.20910947663612, "power_cost": 24.26246982421875, "noise_cost": 139.80541860308094, "n_waypoints_completed": 0, "tot_waypoints": 9}}
{"target": -1529.6743724495752, "params": {"k_pid_pos": [1.9188613891601562, 0.9756794571876526, 0.08729523420333862], "k_pid_alt": [1.9671549797058105, 0.9605599641799927, 0.02885928750038147], "k_pid_att": [99.99983978271484, 1.1647684574127197, 0.9568448066711426], "k_pid_yaw": [0.5, 1e-06, 0.1], "k_pid_hsp": [8.250594139099121, 0.949455976486206, 0.024239718914031982], "k_pid_vsp": [399.18023681640625, 8.890952110290527, 399.88134765625]}, "datetime": {"datetime": "2025-08-11 23:47:30", "elapsed": 26529.726621627808, "delta": 30.796659469604492}, "costs": {"total_cost": 1529.6743724495752, "time_cost": 150, "final_distance_cost": 9.272706897130625, "oscillation_cost": 69.19744861665808, "completition_cost": 1000.0, "overshoot_cost": 161.88316104951403, "power_cost": 34.658780603027346, "noise_cost": 104.66227528324517, "n_waypoints_completed": 0, "tot_waypoints": 9}}
{"target": -344.27590319800265, "params": {"k_pid_pos": [1.9730349779129028, 0.9474021196365356, 0.24840527772903442], "k_pid_alt": [1.8342275619506836, 0.9481225609779358, 0.08592784404754639], "k_pid_att": [99.93965911865234, 0.48157671093940735, 0.9382947683334351], "k_pid_yaw": [0.5, 1e-06, 0.1], "k_pid_hsp": [9.999999046325684, 0.9856367111206055, 0.004522204399108887], "k_pid_vsp": [96.06363677978516, 4.784286975860596, 0.002265976509079337]}, "datetime": {"datetime": "2025-08-11 23:47:57", "elapsed": 26556.764212608337, "delta": 27.037590980529785}, "costs": {"total_cost": 344.27590319800265, "time_cost": 104.531, "final_distance_cost": 1.767086772761332, "oscillation_cost": 115.56217297076499, "completition_cost": 0.0, "overshoot_cost": 67.24494011901105, "power_cost": 26.273440539550784, "noise_cost": 28.89726279591448, "n_waypoints_completed": 9, "tot_waypoints": 9}}
{"target": -1234.021891948896, "params": {"k_pid_pos": [1.9808752536773682, 0.9576735496520996, 0.14970582723617554], "k_pid_alt": [1.1586391925811768, 0.9346920251846313, 0.011489182710647583], "k_pid_att": [100.0, 7.583528995513916, 0.9925359487533569], "k_pid_yaw": [0.5, 1e-06, 0.1], "k_pid_hsp": [0.7888948917388916, 0.9179056882858276, 0.050113171339035034], "k_pid_vsp": [400.0, 20.2609806060791, 384.6628112792969]}, "datetime": {"datetime": "2025-08-11 23:48:28", "elapsed": 26588.095660209656, "delta": 31.33144760131836}, "costs": {"total_cost": 1234.021891948896, "time_cost": 150, "final_distance_cost": 75.65324018809211, "oscillation_cost": 73.56909047084798, "completition_cost": 777.7777777777778, "overshoot_cost": 86.91565056835631, "power_cost": 36.531980908203124, "noise_cost": 33.574152035618425, "n_waypoints_completed": 2, "tot_waypoints": 9}}
{"target": -1295.5432132973206, "params": {"k_pid_pos": [1.9957072734832764, 0.9815789461135864, 0.003063023090362549], "k_pid_alt": [1.976714015007019, 0.8491780757904053, 0.10126549005508423], "k_pid_att": [99.98483276367188, 3.088538408279419, 0.9783972501754761], "k_pid_yaw": [0.5, 1e-06, 0.1], "k_pid_hsp": [9.652186393737793, 0.9742833375930786, 0.117481529712677], "k_pid_vsp": [399.9971008300781, 17.97186279296875, 399.9803466796875]}, "datetime": {"datetime": "2025-08-11 23:48:59", "elapsed": 26619.066919326782, "delta": 30.971259117126465}, "costs": {"total_cost": 1295.5432132973206, "time_cost": 150, "final_distance_cost": 85.55402125963515, "oscillation_cost": 139.2772148069071, "completition_cost": 777.7777777777778, "overshoot_cost": 75.41189834267585, "power_cost": 35.981945324707034, "noise_cost": 31.5403557856175, "n_waypoints_completed": 2, "tot_waypoints": 9}}
{"target": -1534.7900755866815, "params": {"k_pid_pos": [1.9582875967025757, 0.9646032452583313, 0.021165966987609863], "k_pid_alt": [1.962867021560669, 0.8832676410675049, 0.019116908311843872], "k_pid_att": [100.0, 0.5443222522735596, 0.944141149520874], "k_pid_yaw": [0.5, 1e-06, 0.1], "k_pid_hsp": [9.942166328430176, 0.9924281239509583, 0.010276377201080322], "k_pid_vsp": [0.05097389221191406, 3.9240846633911133, 9.999999974752427e-07]}, "datetime": {"datetime": "2025-08-11 23:49:30", "elapsed": 26649.89067721367, "delta": 30.823757886886597}, "costs": {"total_cost": 1534.7900755866815, "time_cost": 150, "final_distance_cost": 11.028234543638913, "oscillation_cost": 48.84040800893322, "completition_cost": 1000.0, "overshoot_cost": 166.7437124678445, "power_cost": 15.518243994140626, "noise_cost": 142.65947657212433, "n_waypoints_completed": 0, "tot_waypoints": 9}}
{"target": -690.1232389239048, "params": {"k_pid_pos": [1.934619426727295, 0.8757807612419128, 0.08962985873222351], "k_pid_alt": [1.9631876945495605, 0.9803087711334229, 0.021893709897994995], "k_pid_att": [100.0, 1.4652777910232544, 0.9694708585739136], "k_pid_yaw": [0.5, 1e-06, 0.1], "k_pid_hsp": [9.999356269836426, 0.9786460399627686, 0.04019567370414734], "k_pid_vsp": [399.94622802734375, 21.644044876098633, 0.8974443078041077]}, "datetime": {"datetime": "2025-08-11 23:50:01", "elapsed": 26680.51559996605, "delta": 30.62492275238037}, "costs": {"total_cost": 690.1232389239048, "time_cost": 150, "final_distance_cost": 58.60075381379841, "oscillation_cost": 129.99187924113622, "completition_cost": 222.2222222222222, "overshoot_cost": 63.867306290604354, "power_cost": 31.139292602539065, "noise_cost": 34.30178475360462, "n_waypoints_completed": 7, "tot_waypoints": 9}}
{"target": -1572.3656487968158, "params": {"k_pid_pos": [1.9313230514526367, 0.820504903793335, 0.014801770448684692], "k_pid_alt": [1.9798378944396973, 0.941784679889679, 0.01671317219734192], "k_pid_att": [100.0, 1.3376011848449707, 0.7556281089782715], "k_pid_yaw": [0.5, 1e-06, 0.1], "k_pid_hsp": [9.99864387512207, 0.9961786866188049, 0.12531065940856934], "k_pid_vsp": [1.1920928955078125e-05, 1.1483798027038574, 152.51446533203125]}, "datetime": {"datetime": "2025-08-11 23:50:31", "elapsed": 26711.05572605133, "delta": 30.540126085281372}, "costs": {"total_cost": 1572.3656487968158, "time_cost": 150, "final_distance_cost": 6.791079797703563, "oscillation_cost": 89.27972080948231, "completition_cost": 1000.0, "overshoot_cost": 165.6223326279096, "power_cost": 24.33466661376953, "noise_cost": 136.3378489479507, "n_waypoints_completed": 0, "tot_waypoints": 9}}
{"target": -1536.1825298507158, "params": {"k_pid_pos": [1.9735453128814697, 0.9646984338760376, 0.0570371150970459], "k_pid_alt": [1.9902302026748657, 0.6868500709533691, 0.014792412519454956], "k_pid_att": [100.0, 0.17779487371444702, 0.9860530495643616], "k_pid_yaw": [0.5, 1e-06, 0.1], "k_pid_hsp": [10.0, 0.577118456363678, 0.010734736919403076], "k_pid_vsp": [7.152557373046875e-05, 13.776827812194824, 400.0]}, "datetime": {"datetime": "2025-08-11 23:51:02", "elapsed": 26742.192664384842, "delta": 31.136938333511353}, "costs": {"total_cost": 1536.1825298507158, "time_cost": 150, "final_distance_cost": 3.9927873436305816, "oscillation_cost": 49.34351535421558, "completition_cost": 1000.0, "overshoot_cost": 164.98344629332584, "power_cost": 26.613515673828125, "noise_cost": 141.2492651857157, "n_waypoints_completed": 0, "tot_waypoints": 9}}
{"target": -1580.3693795318763, "params": {"k_pid_pos": [1.947658658027649, 0.9837409257888794, 0.013011455535888672], "k_pid_alt": [1.9341251850128174, 0.95074462890625, 0.045862674713134766], "k_pid_att": [100.0, 0.7961487174034119, 0.9479084014892578], "k_pid_yaw": [0.5, 1e-06, 0.1], "k_pid_hsp": [9.999999046325684, 0.9198572039604187, 0.047299981117248535], "k_pid_vsp": [3.9180636405944824, 19.19226837158203, 400.0]}, "datetime": {"datetime": "2025-08-11 23:51:32", "elapsed": 26772.372199058533, "delta": 30.179534673690796}, "costs": {"total_cost": 1580.3693795318763, "time_cost": 150, "final_distance_cost": 13.844811691672282, "oscillation_cost": 84.58235922872251, "completition_cost": 1000.0, "overshoot_cost": 166.24626271158493, "power_cost": 33.86037354736328, "noise_cost": 131.83557235253355, "n_waypoints_completed": 0, "tot_waypoints": 9}}
{"target": -1589.0763273498833, "params": {"k_pid_pos": [1.7115265130996704, 0.952713668346405, 0.03636831045150757], "k_pid_alt": [1.9597389698028564, 0.9889250993728638, 0.13469427824020386], "k_pid_att": [100.0, 2.080141067504883, 0.974006175994873], "k_pid_yaw": [0.5, 1e-06, 0.1], "k_pid_hsp": [10.0, 0.9222649335861206, 0.09719020128250122], "k_pid_vsp": [0.0, 22.53153419494629, 398.53131103515625]}, "datetime": {"datetime": "2025-08-11 23:52:02", "elapsed": 26801.704488039017, "delta": 29.33228898048401}, "costs": {"total_cost": 1589.0763273498833, "time_cost": 150, "final_distance_cost": 11.947970613467461, "oscillation_cost": 98.79104525692419, "completition_cost": 1000.0, "overshoot_cost": 165.97009565933217, "power_cost": 33.683534228515626, "noise_cost": 128.68368159164393, "n_waypoints_completed": 0, "tot_waypoints": 9}}
{"target": -1533.2653387390985, "params": {"k_pid_pos": [1.6148945093154907, 0.9734286069869995, 0.034669727087020874], "k_pid_alt": [1.9744378328323364, 0.89476478099823, 0.06664809584617615], "k_pid_att": [100.0, 1.5251920223236084, 0.9630258083343506], "k_pid_yaw": [0.5, 1e-06, 0.1], "k_pid_hsp": [10.0, 0.9678984880447388, 0.012450963258743286], "k_pid_vsp": [5.9604644775390625e-05, 7.465387344360352, 400.0]}, "datetime": {"datetime": "2025-08-11 23:52:32", "elapsed": 26831.835922956467, "delta": 30.13143491744995}, "costs": {"total_cost": 1533.2653387390985, "time_cost": 150, "final_distance_cost": 5.388012879250413, "oscillation_cost": 51.94330016876411, "completition_cost": 1000.0, "overshoot_cost": 164.67662856067523, "power_cost": 24.030581408691408, "noise_cost": 137.22681572171726, "n_waypoints_completed": 0, "tot_waypoints": 9}}
{"target": -1311.5826098270502, "params": {"k_pid_pos": [1.9770042896270752, 0.9475475549697876, 0.04316818714141846], "k_pid_alt": [1.9233696460723877, 0.9649938941001892, 0.05422776937484741], "k_pid_att": [100.0, 2.2806479930877686, 0.9891143441200256], "k_pid_yaw": [0.5, 1e-06, 0.1], "k_pid_hsp": [10.0, 0.9448156356811523, 0.12621882557868958], "k_pid_vsp": [399.99627685546875, 3.7782440185546875, 399.9570007324219]}, "datetime": {"datetime": "2025-08-11 23:53:02", "elapsed": 26862.296329259872, "delta": 30.46040630340576}, "costs": {"total_cost": 1311.5826098270502, "time_cost": 150, "final_distance_cost": 95.43430909283703, "oscillation_cost": 142.78825865657345, "completition_cost": 777.7777777777778, "overshoot_cost": 76.02507888934932, "power_cost": 37.51994661865235, "noise_cost": 32.037238791860275, "n_waypoints_completed": 2, "tot_waypoints": 9}}
{"target": -1583.641009201528, "params": {"k_pid_pos": [1.8359476327896118, 0.9617564678192139, 0.0961804986000061], "k_pid_alt": [1.9636898040771484, 0.9501268863677979, 0.028443068265914917], "k_pid_att": [99.99979400634766, 0.30334988236427307, 0.9787810444831848], "k_pid_yaw": [0.5, 1e-06, 0.1], "k_pid_hsp": [10.0, 0.9884781837463379, 0.0818018913269043], "k_pid_vsp": [0.0, 21.75973892211914, 399.11956787109375]}, "datetime": {"datetime": "2025-08-11 23:53:33", "elapsed": 26892.555540323257, "delta": 30.25921106338501}, "costs": {"total_cost": 1583.641009201528, "time_cost": 150, "final_distance_cost": 4.270718117893116, "oscillation_cost": 96.08462786457757, "completition_cost": 1000.0, "overshoot_cost": 165.74550229660454, "power_cost": 35.18462421875, "noise_cost": 132.35553670370257, "n_waypoints_completed": 0, "tot_waypoints": 9}}
{"target": -1528.5892974036556, "params": {"k_pid_pos": [1.9816217422485352, 0.9728357791900635, 0.024070024490356445], "k_pid_alt": [1.9819315671920776, 0.9404357671737671, 0.010473817586898804], "k_pid_att": [99.99254608154297, 0.4501892328262329, 0.9630188941955566], "k_pid_yaw": [0.5, 1e-06, 0.1], "k_pid_hsp": [10.0, 0.7982990145683289, 0.004825234413146973], "k_pid_vsp": [1.1920928955078125e-05, 3.9735326766967773, 0.26034218072891235]}, "datetime": {"datetime": "2025-08-11 23:54:03", "elapsed": 26923.07017183304, "delta": 30.514631509780884}, "costs": {"total_cost": 1528.5892974036556, "time_cost": 150, "final_distance_cost": 15.08635130188693, "oscillation_cost": 39.13273672106359, "completition_cost": 1000.0, "overshoot_cost": 166.53478038461074, "power_cost": 15.081736352539064, "noise_cost": 142.75369264355524, "n_waypoints_completed": 0, "tot_waypoints": 9}}
{"target": -1980.0802581615217, "params": {"k_pid_pos": [1.9593247175216675, 0.5990069508552551, 0.024270087480545044], "k_pid_alt": [1.9599672555923462, 0.9989674687385559, 0.021949440240859985], "k_pid_att": [100.0, 0.2646981477737427, 0.9582842588424683], "k_pid_yaw": [0.5, 1e-06, 0.1], "k_pid_hsp": [10.0, 0.8749100565910339, 0.07461178302764893], "k_pid_vsp": [0.05995035171508789, 19.28304672241211, 400.0]}, "datetime": {"datetime": "2025-08-11 23:54:34", "elapsed": 26953.76729941368, "delta": 30.6971275806427}, "costs": {"total_cost": 1980.0802581615217, "time_cost": 150, "final_distance_cost": 186.86687185068894, "oscillation_cost": 470.2101921546774, "completition_cost": 888.8888888888888, "overshoot_cost": 201.90807724543095, "power_cost": 36.280428442382814, "noise_cost": 45.92579957945282, "n_waypoints_completed": 1, "tot_waypoints": 9}}
{"target": -1561.8584191947384, "params": {"k_pid_pos": [1.953319787979126, 0.9933626651763916, 0.03647157549858093], "k_pid_alt": [1.9726881980895996, 0.8272303938865662, 0.009022444486618042], "k_pid_att": [100.0, 7.753387451171875, 0.9516645669937134], "k_pid_yaw": [0.5, 1e-06, 0.1], "k_pid_hsp": [9.999713897705078, 0.9694989919662476, 0.029124587774276733], "k_pid_vsp": [0.0, 19.014015197753906, 192.84768676757812]}, "datetime": {"datetime": "2025-08-11 23:55:04", "elapsed": 26983.529632091522, "delta": 29.762332677841187}, "costs": {"total_cost": 1561.8584191947384, "time_cost": 150, "final_distance_cost": 4.984713995532913, "oscillation_cost": 78.40098254126653, "completition_cost": 1000.0, "overshoot_cost": 165.8562586093562, "power_cost": 32.85983474121094, "noise_cost": 129.7566293073716, "n_waypoints_completed": 0, "tot_waypoints": 9}}
