{"target": -1233.2905863565147, "params": {"k_pid_pos": [1.9825259447097778, 0.9010051488876343, 0.010400980710983276], "k_pid_alt": [1.950974941253662, 0.9652851223945618, 0.01364046335220337], "k_pid_att": [100.0, 0.8665074110031128, 0.9288815259933472], "k_pid_yaw": [0.5, 1e-06, 0.1], "k_pid_hsp": [10.0, 0.9656436443328857, 0.04041928052902222], "k_pid_vsp": [400.0, 4.39663028717041, 6.060464511392638e-05]}, "datetime": {"datetime": "2025-08-12 08:52:17", "elapsed": 59217.354447841644, "delta": 29.05978775024414}, "costs": {"total_cost": 1233.2905863565147, "time_cost": 150, "final_distance_cost": 85.6057260110158, "oscillation_cost": 108.41147012801497, "completition_cost": 777.7777777777778, "overshoot_cost": 47.36815075397891, "power_cost": 30.519794702148438, "noise_cost": 33.60766698357895, "n_waypoints_completed": 2, "tot_waypoints": 9}}
{"target": -1431.302253144685, "params": {"k_pid_pos": [1.9826949834823608, 0.9930480718612671, 0.14962005615234375], "k_pid_alt": [1.4029021263122559, 0.9935834407806396, 0.02092018723487854], "k_pid_att": [100.0, 0.635905921459198, 0.9471445083618164], "k_pid_yaw": [0.5, 1e-06, 0.1], "k_pid_hsp": [9.837422370910645, 0.9951949119567871, 0.023938238620758057], "k_pid_vsp": [399.9976501464844, 71.74411010742188, 399.99847412109375]}, "datetime": {"datetime": "2025-08-12 08:52:45", "elapsed": 59244.63585138321, "delta": 27.28140354156494}, "costs": {"total_cost": 1431.302253144685, "time_cost": 150, "final_distance_cost": 11.769034955716952, "oscillation_cost": 69.65763614972026, "completition_cost": 1000.0, "overshoot_cost": 135.20191936920327, "power_cost": 34.50470274658203, "noise_cost": 30.16895992346239, "n_waypoints_completed": 0, "tot_waypoints": 9}}
{"target": -1322.5224441659275, "params": {"k_pid_pos": [1.9638053178787231, 0.97552889585495, 0.013313591480255127], "k_pid_alt": [1.8166507482528687, 0.951396107673645, 0.08043676614761353], "k_pid_att": [100.0, 1.6802386045455933, 0.9890894889831543], "k_pid_yaw": [0.5, 1e-06, 0.1], "k_pid_hsp": [10.0, 0.9596276879310608, 0.04694792628288269], "k_pid_vsp": [400.0, 16.341449737548828, 9.999999974752427e-07]}, "datetime": {"datetime": "2025-08-12 08:53:15", "elapsed": 59274.46080207825, "delta": 29.824950695037842}, "costs": {"total_cost": 1322.5224441659275, "time_cost": 150, "final_distance_cost": 70.03718631710802, "oscillation_cost": 107.84827300756149, "completition_cost": 888.8888888888888, "overshoot_cost": 41.12596433863183, "power_cost": 30.815528820800782, "noise_cost": 33.806602792936374, "n_waypoints_completed": 1, "tot_waypoints": 9}}
{"target": -1374.7382083396917, "params": {"k_pid_pos": [1.9586981534957886, 0.9662482738494873, 0.00694844126701355], "k_pid_alt": [1.9904685020446777, 0.9948881268501282, 0.013421475887298584], "k_pid_att": [100.0, 0.10824111849069595, 0.9872285723686218], "k_pid_yaw": [0.5, 1e-06, 0.1], "k_pid_hsp": [10.0, 0.9960899353027344, 0.030005693435668945], "k_pid_vsp": [399.99993896484375, 5.230308532714844, 103.26616668701172]}, "datetime": {"datetime": "2025-08-12 08:53:43", "elapsed": 59303.06987810135, "delta": 28.609076023101807}, "costs": {"total_cost": 1374.7382083396917, "time_cost": 150, "final_distance_cost": 45.969321653464284, "oscillation_cost": 77.89969567440083, "completition_cost": 1000.0, "overshoot_cost": 35.826699117781544, "power_cost": 34.830938977050785, "noise_cost": 30.2115529169942, "n_waypoints_completed": 0, "tot_waypoints": 9}}
{"target": -1578.5922988244356, "params": {"k_pid_pos": [1.9526445865631104, 0.9621211886405945, 0.03948974609375], "k_pid_alt": [1.938174843788147, 0.9923731088638306, 0.004506915807723999], "k_pid_att": [100.0, 0.06601224094629288, 0.9757875204086304], "k_pid_yaw": [0.5, 1e-06, 0.1], "k_pid_hsp": [9.999998092651367, 0.9754061698913574, 0.04472696781158447], "k_pid_vsp": [74.59676361083984, 7.785154342651367, 400.0]}, "datetime": {"datetime": "2025-08-12 08:54:18", "elapsed": 59337.51989006996, "delta": 34.45001196861267}, "costs": {"total_cost": 1578.5922988244356, "time_cost": 150, "final_distance_cost": 13.813269204347232, "oscillation_cost": 81.95184463827282, "completition_cost": 1000.0, "overshoot_cost": 166.1540718598623, "power_cost": 34.3473611328125, "noise_cost": 132.32575198914085, "n_waypoints_completed": 0, "tot_waypoints": 9}}
{"target": -735.7595634252473, "params": {"k_pid_pos": [1.9165602922439575, 0.9889883995056152, 0.035957157611846924], "k_pid_alt": [1.9889233112335205, 0.9916739463806152, 0.007534205913543701], "k_pid_att": [100.0, 1.148877501487732, 0.9887616634368896], "k_pid_yaw": [0.5, 1e-06, 0.1], "k_pid_hsp": [9.987569808959961, 0.9743885397911072, 0.1025303304195404], "k_pid_vsp": [400.0, 7.057918071746826, 9.999999974752427e-07]}, "datetime": {"datetime": "2025-08-12 08:54:47", "elapsed": 59367.12445163727, "delta": 29.60456156730652}, "costs": {"total_cost": 735.7595634252473, "time_cost": 150, "final_distance_cost": 77.53438934789382, "oscillation_cost": 149.38261344825622, "completition_cost": 222.2222222222222, "overshoot_cost": 70.12918776710553, "power_cost": 33.057956787109376, "noise_cost": 33.43319385266016, "n_waypoints_completed": 7, "tot_waypoints": 9}}
{"target": -854.0049408360605, "params": {"k_pid_pos": [1.856217384338379, 0.9849410057067871, 0.004638642072677612], "k_pid_alt": [1.9569857120513916, 0.9851875305175781, 0.004854261875152588], "k_pid_att": [100.0, 0.32281091809272766, 0.9775722622871399], "k_pid_yaw": [0.5, 1e-06, 0.1], "k_pid_hsp": [10.0, 0.9806510210037231, 0.01237824559211731], "k_pid_vsp": [400.0, 4.6656975746154785, 0.00023941857216414064]}, "datetime": {"datetime": "2025-08-12 08:55:14", "elapsed": 59393.87658619881, "delta": 26.752134561538696}, "costs": {"total_cost": 854.0049408360605, "time_cost": 150, "final_distance_cost": 74.5802585239763, "oscillation_cost": 165.79935593567436, "completition_cost": 333.33333333333337, "overshoot_cost": 65.43826605621969, "power_cost": 30.865756665039065, "noise_cost": 33.9879703218178, "n_waypoints_completed": 6, "tot_waypoints": 9}}
{"target": -1317.2258131326744, "params": {"k_pid_pos": [1.9907982349395752, 0.9911973476409912, 0.0061567723751068115], "k_pid_alt": [1.924081563949585, 0.9917283058166504, 0.020517975091934204], "k_pid_att": [100.0, 0.3209986388683319, 0.8935413360595703], "k_pid_yaw": [0.5, 1e-06, 0.1], "k_pid_hsp": [10.0, 0.9822597503662109, 0.04587984085083008], "k_pid_vsp": [400.0, 4.233528137207031, 9.999999974752427e-07]}, "datetime": {"datetime": "2025-08-12 08:55:43", "elapsed": 59422.74535679817, "delta": 28.868770599365234}, "costs": {"total_cost": 1317.2258131326744, "time_cost": 150, "final_distance_cost": 66.38838243452156, "oscillation_cost": 105.92823311665335, "completition_cost": 888.8888888888888, "overshoot_cost": 41.62597840912791, "power_cost": 30.575959826660156, "noise_cost": 33.818370456822805, "n_waypoints_completed": 1, "tot_waypoints": 9}}
{"target": -1295.8318140636695, "params": {"k_pid_pos": [1.9830366373062134, 0.9784438610076904, 0.006468862295150757], "k_pid_alt": [1.9435858726501465, 0.9952821135520935, 0.0026178061962127686], "k_pid_att": [99.99999237060547, 0.04023170471191406, 0.9837003946304321], "k_pid_yaw": [0.5, 1e-06, 0.1], "k_pid_hsp": [10.0, 0.918027400970459, 0.023257434368133545], "k_pid_vsp": [397.25164794921875, 10.204411506652832, 2.4841858248692006e-05]}, "datetime": {"datetime": "2025-08-12 08:56:12", "elapsed": 59451.481765031815, "delta": 28.736408233642578}, "costs": {"total_cost": 1295.8318140636695, "time_cost": 150, "final_distance_cost": 59.707014490559615, "oscillation_cost": 92.96472725892012, "completition_cost": 888.8888888888888, "overshoot_cost": 41.198183687927425, "power_cost": 29.174989526367188, "noise_cost": 33.89801021100625, "n_waypoints_completed": 1, "tot_waypoints": 9}}
{"target": -760.2607363146337, "params": {"k_pid_pos": [1.9600517749786377, 0.9727882146835327, 0.07129228115081787], "k_pid_alt": [1.8560500144958496, 0.9718809723854065, 0.03587803244590759], "k_pid_att": [99.99999237060547, 3.2898671627044678, 0.9593873023986816], "k_pid_yaw": [0.5, 1e-06, 0.1], "k_pid_hsp": [10.0, 0.829990029335022, 0.01847076416015625], "k_pid_vsp": [398.82135009765625, 6.287647247314453, 9.999999974752427e-07]}, "datetime": {"datetime": "2025-08-12 08:56:40", "elapsed": 59480.27147459984, "delta": 28.78970956802368}, "costs": {"total_cost": 760.2607363146337, "time_cost": 150, "final_distance_cost": 73.512455162242, "oscillation_cost": 194.0192907489635, "completition_cost": 222.2222222222222, "overshoot_cost": 56.17141484636535, "power_cost": 31.795944335937502, "noise_cost": 32.539408998903085, "n_waypoints_completed": 7, "tot_waypoints": 9}}
{"target": -764.6063036924118, "params": {"k_pid_pos": [1.9824093580245972, 0.8174591660499573, 0.00970005989074707], "k_pid_alt": [1.9037768840789795, 0.9764522910118103, 0.029702335596084595], "k_pid_att": [99.99758911132812, 0.17580439150333405, 0.9757874011993408], "k_pid_yaw": [0.5, 1e-06, 0.1], "k_pid_hsp": [10.0, 0.9677586555480957, 0.024427294731140137], "k_pid_vsp": [15.942943572998047, 3.895081043243408, 4.8683716158848256e-05]}, "datetime": {"datetime": "2025-08-12 08:57:09", "elapsed": 59508.55896401405, "delta": 28.287489414215088}, "costs": {"total_cost": 764.6063036924118, "time_cost": 150, "final_distance_cost": 61.138195158944995, "oscillation_cost": 95.24745554138035, "completition_cost": 333.33333333333337, "overshoot_cost": 59.88321796448298, "power_cost": 29.60587296142578, "noise_cost": 35.39822873284427, "n_waypoints_completed": 6, "tot_waypoints": 9}}
{"target": -556.1489214693233, "params": {"k_pid_pos": [1.946254849433899, 0.973382830619812, 0.03707730770111084], "k_pid_alt": [1.9867407083511353, 0.9764285683631897, 0.04110032320022583], "k_pid_att": [100.0, 0.4609301686286926, 0.9885598421096802], "k_pid_yaw": [0.5, 1e-06, 0.1], "k_pid_hsp": [10.0, 0.9610563516616821, 0.006144016981124878], "k_pid_vsp": [399.99993896484375, 4.255581855773926, 9.999999974752427e-07]}, "datetime": {"datetime": "2025-08-12 08:57:36", "elapsed": 59535.68990826607, "delta": 27.13094425201416}, "costs": {"total_cost": 556.1489214693233, "time_cost": 150, "final_distance_cost": 20.79790684959697, "oscillation_cost": 141.95693678907057, "completition_cost": 111.11111111111116, "overshoot_cost": 69.72535967215904, "power_cost": 30.030555432128907, "noise_cost": 32.52705161525664, "n_waypoints_completed": 8, "tot_waypoints": 9}}
{"target": -1581.1265662316962, "params": {"k_pid_pos": [1.9707682132720947, 0.9454989433288574, 0.010438680648803711], "k_pid_alt": [1.5901968479156494, 0.9976866245269775, 0.0059347450733184814], "k_pid_att": [100.0, 0.2953993082046509, 0.9693175554275513], "k_pid_yaw": [0.5, 1e-06, 0.1], "k_pid_hsp": [10.0, 0.9961870908737183, 0.08396124839782715], "k_pid_vsp": [0.0, 22.130443572998047, 193.8521728515625]}, "datetime": {"datetime": "2025-08-12 08:58:05", "elapsed": 59564.732593774796, "delta": 29.042685508728027}, "costs": {"total_cost": 1581.1265662316962, "time_cost": 150, "final_distance_cost": 6.219080752352113, "oscillation_cost": 92.27522165111091, "completition_cost": 1000.0, "overshoot_cost": 165.81467886241538, "power_cost": 35.06770946044922, "noise_cost": 131.74987550536866, "n_waypoints_completed": 0, "tot_waypoints": 9}}
{"target": -877.7102838163719, "params": {"k_pid_pos": [1.8878374099731445, 0.9692997932434082, 0.04056015610694885], "k_pid_alt": [1.9273052215576172, 0.9914352893829346, 0.0024396777153015137], "k_pid_att": [100.0, 0.04793314263224602, 0.9770475625991821], "k_pid_yaw": [0.5, 1e-06, 0.1], "k_pid_hsp": [10.0, 0.9956605434417725, 0.011323094367980957], "k_pid_vsp": [378.70599365234375, 5.069554805755615, 161.41534423828125]}, "datetime": {"datetime": "2025-08-12 08:58:34", "elapsed": 59593.60347867012, "delta": 28.870884895324707}, "costs": {"total_cost": 877.7102838163719, "time_cost": 150, "final_distance_cost": 57.46429605032862, "oscillation_cost": 93.7838066266493, "completition_cost": 444.4444444444444, "overshoot_cost": 67.71199612101111, "power_cost": 34.41979406738282, "noise_cost": 29.885946506555694, "n_waypoints_completed": 5, "tot_waypoints": 9}}
{"target": -1567.1002552937084, "params": {"k_pid_pos": [1.9968303442001343, 0.9500393271446228, 0.02409037947654724], "k_pid_alt": [1.9961588382720947, 0.9945889711380005, 0.006984919309616089], "k_pid_att": [100.0, 0.27446308732032776, 0.9866663217544556], "k_pid_yaw": [0.5, 1e-06, 0.1], "k_pid_hsp": [10.0, 0.9910592436790466, 0.03055781126022339], "k_pid_vsp": [3.363800048828125, 6.143547058105469, 399.99993896484375]}, "datetime": {"datetime": "2025-08-12 08:59:03", "elapsed": 59622.64325642586, "delta": 29.039777755737305}, "costs": {"total_cost": 1567.1002552937084, "time_cost": 150, "final_distance_cost": 10.702259781684205, "oscillation_cost": 72.81731083738603, "completition_cost": 1000.0, "overshoot_cost": 165.26055357045217, "power_cost": 30.86775584716797, "noise_cost": 137.45237525701816, "n_waypoints_completed": 0, "tot_waypoints": 9}}
{"target": -1548.0334499954333, "params": {"k_pid_pos": [1.9447335004806519, 0.9759302139282227, 0.00456961989402771], "k_pid_alt": [1.9909635782241821, 0.9806650280952454, 0.02270546555519104], "k_pid_att": [100.0, 0.30571913719177246, 0.8909168243408203], "k_pid_yaw": [0.5, 1e-06, 0.1], "k_pid_hsp": [10.0, 0.9894063472747803, 0.02428591251373291], "k_pid_vsp": [0.0018596649169921875, 3.481389045715332, 9.523404121398926]}, "datetime": {"datetime": "2025-08-12 08:59:30", "elapsed": 59650.1929872036, "delta": 27.54973077774048}, "costs": {"total_cost": 1548.0334499954333, "time_cost": 150, "final_distance_cost": 8.276802593674152, "oscillation_cost": 64.48650860003549, "completition_cost": 1000.0, "overshoot_cost": 166.43904542993636, "power_cost": 16.363609204101564, "noise_cost": 142.46748416768594, "n_waypoints_completed": 0, "tot_waypoints": 9}}
{"target": -1535.8158300759906, "params": {"k_pid_pos": [1.9653512239456177, 0.9796550869941711, 0.10115134716033936], "k_pid_alt": [1.969984531402588, 0.990504264831543, 0.05923500657081604], "k_pid_att": [100.0, 0.17983421683311462, 0.9702450037002563], "k_pid_yaw": [0.5, 1e-06, 0.1], "k_pid_hsp": [10.0, 0.9394314289093018, 0.0021357834339141846], "k_pid_vsp": [0.0, 8.195043563842773, 9.999999974752427e-07]}, "datetime": {"datetime": "2025-08-12 09:00:00", "elapsed": 59679.48231911659, "delta": 29.289331912994385}, "costs": {"total_cost": 1535.8158300759906, "time_cost": 150, "final_distance_cost": 9.677401533933505, "oscillation_cost": 44.65163245407065, "completition_cost": 1000.0, "overshoot_cost": 165.5710691634205, "power_cost": 18.446186291503906, "noise_cost": 147.469540633062, "n_waypoints_completed": 0, "tot_waypoints": 9}}
{"target": -1321.8581669094274, "params": {"k_pid_pos": [1.9083722829818726, 0.9955695867538452, 0.015293121337890625], "k_pid_alt": [1.9676718711853027, 0.946835458278656, 0.004146069288253784], "k_pid_att": [100.0, 0.09292823821306229, 0.9940198063850403], "k_pid_yaw": [0.5, 1e-06, 0.1], "k_pid_hsp": [10.0, 0.9960417747497559, 0.04312413930892944], "k_pid_vsp": [400.0, 5.832649230957031, 9.999999974752427e-07]}, "datetime": {"datetime": "2025-08-12 09:00:30", "elapsed": 59709.420439481735, "delta": 29.938120365142822}, "costs": {"total_cost": 1321.8581669094274, "time_cost": 150, "final_distance_cost": 65.66840229268915, "oscillation_cost": 112.26393634509441, "completition_cost": 888.8888888888888, "overshoot_cost": 40.7026014725412, "power_cost": 30.563944238281252, "noise_cost": 33.770393671932695, "n_waypoints_completed": 1, "tot_waypoints": 9}}
{"target": -1301.7694355095393, "params": {"k_pid_pos": [1.974617600440979, 0.9881688356399536, 0.00827866792678833], "k_pid_alt": [1.9654618501663208, 0.9774764776229858, 0.013440161943435669], "k_pid_att": [99.99996185302734, 0.4794008731842041, 0.9824439287185669], "k_pid_yaw": [0.5, 1e-06, 0.1], "k_pid_hsp": [10.0, 0.9935455322265625, 0.023942768573760986], "k_pid_vsp": [400.0, 3.0465850830078125, 9.999999974752427e-07]}, "datetime": {"datetime": "2025-08-12 09:01:08", "elapsed": 59748.33287382126, "delta": 38.912434339523315}, "costs": {"total_cost": 1301.7694355095393, "time_cost": 150, "final_distance_cost": 60.17780724187379, "oscillation_cost": 97.7535783172397, "completition_cost": 888.8888888888888, "overshoot_cost": 41.65711095007438, "power_cost": 29.419801037597658, "noise_cost": 33.87224907386498, "n_waypoints_completed": 1, "tot_waypoints": 9}}
{"target": -1297.049056007725, "params": {"k_pid_pos": [1.7712409496307373, 0.9932445287704468, 0.006097555160522461], "k_pid_alt": [1.986168384552002, 0.9749271869659424, 0.009529560804367065], "k_pid_att": [100.0, 0.9271456003189087, 0.9960789680480957], "k_pid_yaw": [0.5, 1e-06, 0.1], "k_pid_hsp": [10.0, 0.9473791122436523, 0.019798636436462402], "k_pid_vsp": [400.0, 2.554691791534424, 2.4841858248692006e-05]}, "datetime": {"datetime": "2025-08-12 09:01:38", "elapsed": 59777.51151585579, "delta": 29.17864203453064}, "costs": {"total_cost": 1297.049056007725, "time_cost": 150, "final_distance_cost": 59.318474193569344, "oscillation_cost": 94.94528319772498, "completition_cost": 888.8888888888888, "overshoot_cost": 40.88740283506763, "power_cost": 29.143452465820314, "noise_cost": 33.865554426654285, "n_waypoints_completed": 1, "tot_waypoints": 9}}
{"target": -1145.5904463739573, "params": {"k_pid_pos": [1.966200828552246, 0.9798517823219299, 0.012528747320175171], "k_pid_alt": [1.9500935077667236, 0.946602463722229, 0.0027880072593688965], "k_pid_att": [100.0, 0.8417482376098633, 0.9852321147918701], "k_pid_yaw": [0.5, 1e-06, 0.1], "k_pid_hsp": [10.0, 0.948053777217865, 0.08352595567703247], "k_pid_vsp": [400.0, 16.28828239440918, 358.0806884765625]}, "datetime": {"datetime": "2025-08-12 09:02:08", "elapsed": 59808.073224544525, "delta": 30.561708688735962}, "costs": {"total_cost": 1145.5904463739573, "time_cost": 150, "final_distance_cost": 57.32826860886281, "oscillation_cost": 131.28298917268728, "completition_cost": 666.6666666666667, "overshoot_cost": 74.03726860525133, "power_cost": 36.06470795898438, "noise_cost": 30.210545361504654, "n_waypoints_completed": 3, "tot_waypoints": 9}}
{"target": -815.2109451214192, "params": {"k_pid_pos": [1.983972191810608, 0.9878982305526733, 0.0036894679069519043], "k_pid_alt": [1.988722801208496, 0.9969600439071655, 0.014480352401733398], "k_pid_att": [100.0, 0.19414813816547394, 0.96937096118927], "k_pid_yaw": [0.5, 1e-06, 0.1], "k_pid_hsp": [9.740729331970215, 0.993077278137207, 0.07125857472419739], "k_pid_vsp": [400.0, 12.064672470092773, 0.00032286508940160275]}, "datetime": {"datetime": "2025-08-12 09:02:37", "elapsed": 59836.735387802124, "delta": 28.662163257598877}, "costs": {"total_cost": 815.2109451214192, "time_cost": 150, "final_distance_cost": 65.32261746117247, "oscillation_cost": 133.6263034830596, "completition_cost": 333.33333333333337, "overshoot_cost": 66.01408651344647, "power_cost": 32.45599284667969, "noise_cost": 34.45861148372746, "n_waypoints_completed": 6, "tot_waypoints": 9}}
{"target": -1429.9005607863273, "params": {"k_pid_pos": [1.9839011430740356, 0.979917049407959, 0.0036455392837524414], "k_pid_alt": [1.9908572435379028, 0.9374518990516663, 0.004839211702346802], "k_pid_att": [100.0, 0.12815065681934357, 0.9870933294296265], "k_pid_yaw": [0.5, 1e-06, 0.1], "k_pid_hsp": [10.0, 0.9932889938354492, 0.032168954610824585], "k_pid_vsp": [400.0, 1.9610176086425781, 400.0]}, "datetime": {"datetime": "2025-08-12 09:03:08", "elapsed": 59867.979875802994, "delta": 31.24448800086975}, "costs": {"total_cost": 1429.9005607863273, "time_cost": 150, "final_distance_cost": 35.7823066662156, "oscillation_cost": 75.49412343833289, "completition_cost": 1000.0, "overshoot_cost": 102.40801012598956, "power_cost": 34.697080126953125, "noise_cost": 31.519040428836018, "n_waypoints_completed": 0, "tot_waypoints": 9}}
{"target": -5422.9188863035815, "params": {"k_pid_pos": [1.9868594408035278, 0.9597828388214111, 0.01733902096748352], "k_pid_alt": [1.9430127143859863, 0.9868572950363159, 0.07887282967567444], "k_pid_att": [7.450580596923828e-05, 0.40670299530029297, 0.947224497795105], "k_pid_yaw": [0.5, 1e-06, 0.1], "k_pid_hsp": [10.0, 0.9928860664367676, 0.0076143741607666016], "k_pid_vsp": [286.0185241699219, 4.349947929382324, 399.1218566894531]}, "datetime": {"datetime": "2025-08-12 09:03:37", "elapsed": 59897.23375415802, "delta": 29.253878355026245}, "costs": {"total_cost": 5422.9188863035815, "time_cost": 150, "final_distance_cost": 971.059104166233, "oscillation_cost": 630.4216796895473, "completition_cost": 1000.0, "overshoot_cost": 2452.071746139012, "power_cost": 54.141972961425786, "noise_cost": 165.22438334736407, "n_waypoints_completed": 0, "tot_waypoints": 9}}
{"target": -1326.6282326469784, "params": {"k_pid_pos": [1.9830901622772217, 0.995590090751648, 0.0028146207332611084], "k_pid_alt": [1.994644284248352, 0.957359790802002, 0.04155084490776062], "k_pid_att": [100.0, 0.1662576049566269, 0.9905005693435669], "k_pid_yaw": [0.5, 1e-06, 0.1], "k_pid_hsp": [10.0, 0.9961183071136475, 0.051987677812576294], "k_pid_vsp": [400.0, 5.315805435180664, 9.999999974752427e-07]}, "datetime": {"datetime": "2025-08-12 09:04:06", "elapsed": 59926.1086230278, "delta": 28.874868869781494}, "costs": {"total_cost": 1326.6282326469784, "time_cost": 150, "final_distance_cost": 72.41560615427503, "oscillation_cost": 110.28593695637886, "completition_cost": 888.8888888888888, "overshoot_cost": 40.5672166036718, "power_cost": 30.784568762207034, "noise_cost": 33.686015281556855, "n_waypoints_completed": 1, "tot_waypoints": 9}}
