{"target": -1563.1310191709451, "params": {"k_pid_pos": [1.9867693185806274, 0.9822556972503662, 0.4113057851791382], "k_pid_alt": [1.8698179721832275, 0.9175779223442078, 0.01377934217453003], "k_pid_att": [99.79669189453125, 0.6859298348426819, 0.9321036338806152], "k_pid_yaw": [0.5, 1e-06, 0.1], "k_pid_hsp": [9.975378036499023, 0.9563314914703369, 0.018527358770370483], "k_pid_vsp": [0.0006556510925292969, 10.79924201965332, 0.0005255208816379309]}, "datetime": {"datetime": "2025-08-12 02:17:44", "elapsed": 35543.64217352867, "delta": 30.364081382751465}, "costs": {"total_cost": 1563.1310191709451, "time_cost": 150, "final_distance_cost": 8.4741363592243, "oscillation_cost": 70.93991865237624, "completition_cost": 1000.0, "overshoot_cost": 164.03418831666045, "power_cost": 21.799387524414062, "noise_cost": 147.88338831827005, "n_waypoints_completed": 0, "tot_waypoints": 9}}
{"target": -1566.1705145658264, "params": {"k_pid_pos": [1.9464017152786255, 0.968582272529602, 0.08509975671768188], "k_pid_alt": [1.8388168811798096, 0.9848671555519104, 0.02720370888710022], "k_pid_att": [100.0, 0.04925873875617981, 0.9680104851722717], "k_pid_yaw": [0.5, 1e-06, 0.1], "k_pid_hsp": [9.820965766906738, 0.9879721403121948, 0.03078484535217285], "k_pid_vsp": [0.022017955780029297, 32.71205520629883, 400.0]}, "datetime": {"datetime": "2025-08-12 02:18:15", "elapsed": 35575.23022222519, "delta": 31.588048696517944}, "costs": {"total_cost": 1566.1705145658264, "time_cost": 150, "final_distance_cost": 11.418102278820259, "oscillation_cost": 76.35303820745214, "completition_cost": 1000.0, "overshoot_cost": 165.78690318706364, "power_cost": 32.43149490966797, "noise_cost": 130.1809759828223, "n_waypoints_completed": 0, "tot_waypoints": 9}}
{"target": -1309.399492372293, "params": {"k_pid_pos": [1.9713671207427979, 0.9802641868591309, 0.02781689167022705], "k_pid_alt": [1.9698328971862793, 0.942416250705719, 0.2099076807498932], "k_pid_att": [99.87528228759766, 0.599761426448822, 0.9875442981719971], "k_pid_yaw": [0.5, 1e-06, 0.1], "k_pid_hsp": [9.7119722366333, 0.9939097166061401, 0.06037849187850952], "k_pid_vsp": [400.0, 0.7745395302772522, 0.0010858045425266027]}, "datetime": {"datetime": "2025-08-12 02:18:46", "elapsed": 35605.73236775398, "delta": 30.502145528793335}, "costs": {"total_cost": 1309.399492372293, "time_cost": 150, "final_distance_cost": 71.77776804481341, "oscillation_cost": 93.25649165192392, "completition_cost": 888.8888888888888, "overshoot_cost": 40.61078602918998, "power_cost": 31.161878039550782, "noise_cost": 33.70367971792592, "n_waypoints_completed": 1, "tot_waypoints": 9}}
{"target": -1266.3650251331828, "params": {"k_pid_pos": [1.9484694004058838, 0.9680542349815369, 0.01617664098739624], "k_pid_alt": [1.9707880020141602, 0.9766221046447754, 0.054425060749053955], "k_pid_att": [100.0, 0.8696461915969849, 0.9526556730270386], "k_pid_yaw": [0.5, 1e-06, 0.1], "k_pid_hsp": [10.0, 0.9734121561050415, 0.0513325035572052], "k_pid_vsp": [399.9989318847656, 57.6878547668457, 399.9999084472656]}, "datetime": {"datetime": "2025-08-12 02:19:16", "elapsed": 35636.05510044098, "delta": 30.32273268699646}, "costs": {"total_cost": 1266.3650251331828, "time_cost": 150, "final_distance_cost": 100.47692743552264, "oscillation_cost": 103.59116939692068, "completition_cost": 777.7777777777778, "overshoot_cost": 67.48728362469184, "power_cost": 35.77751788330078, "noise_cost": 31.25434901496929, "n_waypoints_completed": 2, "tot_waypoints": 9}}
{"target": -1362.3865216534446, "params": {"k_pid_pos": [1.9496166706085205, 0.9847252368927002, 0.016746461391448975], "k_pid_alt": [1.9703831672668457, 0.8168944120407104, 0.005837053060531616], "k_pid_att": [3.773850202560425, 0.10455341637134552, 0.9877631664276123], "k_pid_yaw": [0.5, 1e-06, 0.1], "k_pid_hsp": [10.0, 0.9669320583343506, 0.016563445329666138], "k_pid_vsp": [399.9840393066406, 22.309473037719727, 121.23768615722656]}, "datetime": {"datetime": "2025-08-12 02:19:47", "elapsed": 35666.529015779495, "delta": 30.473915338516235}, "costs": {"total_cost": 1362.3865216534446, "time_cost": 150, "final_distance_cost": 46.827938870316856, "oscillation_cost": 61.35466642487689, "completition_cost": 1000.0, "overshoot_cost": 40.72957346474852, "power_cost": 32.832740539550784, "noise_cost": 30.64160235395153, "n_waypoints_completed": 0, "tot_waypoints": 9}}
{"target": -1524.7696529745513, "params": {"k_pid_pos": [1.9923127889633179, 0.9786525964736938, 0.029677927494049072], "k_pid_alt": [1.4690403938293457, 0.9862574338912964, 0.022411853075027466], "k_pid_att": [100.0, 0.926854133605957, 0.9471725225448608], "k_pid_yaw": [0.5, 1e-06, 0.1], "k_pid_hsp": [10.0, 0.9242895841598511, 0.0017460286617279053], "k_pid_vsp": [391.7810363769531, 8.679068565368652, 400.0]}, "datetime": {"datetime": "2025-08-12 02:20:17", "elapsed": 35696.65963721275, "delta": 30.130621433258057}, "costs": {"total_cost": 1524.7696529745513, "time_cost": 150, "final_distance_cost": 9.346472836342992, "oscillation_cost": 52.64111305748424, "completition_cost": 1000.0, "overshoot_cost": 164.90270359663947, "power_cost": 31.260406103515628, "noise_cost": 116.61895738056913, "n_waypoints_completed": 0, "tot_waypoints": 9}}
{"target": -1542.2873078341904, "params": {"k_pid_pos": [1.9619114398956299, 0.8620376586914062, 0.002484649419784546], "k_pid_alt": [1.857509732246399, 0.9483827352523804, 0.03521311283111572], "k_pid_att": [100.0, 0.21272462606430054, 0.9714574813842773], "k_pid_yaw": [0.5, 1e-06, 0.1], "k_pid_hsp": [9.999991416931152, 0.9837800860404968, 0.025614261627197266], "k_pid_vsp": [0.01571178436279297, 3.635788917541504, 400.0]}, "datetime": {"datetime": "2025-08-12 02:20:49", "elapsed": 35728.6275203228, "delta": 31.967883110046387}, "costs": {"total_cost": 1542.2873078341904, "time_cost": 150, "final_distance_cost": 8.000731086108587, "oscillation_cost": 61.344642012550814, "completition_cost": 1000.0, "overshoot_cost": 163.97001309359632, "power_cost": 23.913499145507814, "noise_cost": 135.058422496427, "n_waypoints_completed": 0, "tot_waypoints": 9}}
{"target": -1532.4178077842373, "params": {"k_pid_pos": [1.9681264162063599, 0.9659695029258728, 0.007640808820724487], "k_pid_alt": [1.9739800691604614, 0.9468567371368408, 0.02490687370300293], "k_pid_att": [100.0, 1.7244313955307007, 0.9763690233230591], "k_pid_yaw": [0.5, 1e-06, 0.1], "k_pid_hsp": [10.0, 0.9577686786651611, 0.0056449174880981445], "k_pid_vsp": [0.00026226043701171875, 1.9718656539916992, 0.03125767409801483]}, "datetime": {"datetime": "2025-08-12 02:21:20", "elapsed": 35760.03484749794, "delta": 31.40732717514038}, "costs": {"total_cost": 1532.4178077842373, "time_cost": 150, "final_distance_cost": 15.497942438907298, "oscillation_cost": 45.757221199034056, "completition_cost": 1000.0, "overshoot_cost": 166.94113096722697, "power_cost": 13.801787524414063, "noise_cost": 140.41972565465477, "n_waypoints_completed": 0, "tot_waypoints": 9}}
{"target": -1305.3646529858681, "params": {"k_pid_pos": [1.9880526065826416, 0.9811365604400635, 0.08575001358985901], "k_pid_alt": [1.9245998859405518, 0.88144451379776, 0.03641656041145325], "k_pid_att": [99.99996185302734, 2.7601280212402344, 0.995206356048584], "k_pid_yaw": [0.5, 1e-06, 0.1], "k_pid_hsp": [10.0, 0.9117926359176636, 0.03868448734283447], "k_pid_vsp": [399.995361328125, 25.17750358581543, 15.004170417785645]}, "datetime": {"datetime": "2025-08-12 02:21:51", "elapsed": 35791.313219070435, "delta": 31.278371572494507}, "costs": {"total_cost": 1305.3646529858681, "time_cost": 150, "final_distance_cost": 73.35681709474625, "oscillation_cost": 87.89333340013509, "completition_cost": 888.8888888888888, "overshoot_cost": 40.04952776709468, "power_cost": 34.720089025878906, "noise_cost": 30.455996809124304, "n_waypoints_completed": 1, "tot_waypoints": 9}}
{"target": -698.2803918102222, "params": {"k_pid_pos": [1.9552360773086548, 0.9755581617355347, 0.012643158435821533], "k_pid_alt": [1.9437674283981323, 0.9662786722183228, 0.013419657945632935], "k_pid_att": [99.8390884399414, 0.48584794998168945, 0.9173039793968201], "k_pid_yaw": [0.5, 1e-06, 0.1], "k_pid_hsp": [10.0, 0.9655255675315857, 0.0010001063346862793], "k_pid_vsp": [196.3921661376953, 0.690735399723053, 0.19921164214611053]}, "datetime": {"datetime": "2025-08-12 02:22:22", "elapsed": 35821.56540417671, "delta": 30.252185106277466}, "costs": {"total_cost": 698.2803918102222, "time_cost": 150, "final_distance_cost": 64.2267257845775, "oscillation_cost": 134.31553681747872, "completition_cost": 222.2222222222222, "overshoot_cost": 64.5063423797617, "power_cost": 30.240237670898438, "noise_cost": 32.7693269352838, "n_waypoints_completed": 7, "tot_waypoints": 9}}
{"target": -992.6496860292444, "params": {"k_pid_pos": [1.910394549369812, 0.850942850112915, 0.009219467639923096], "k_pid_alt": [1.9603538513183594, 0.9503141045570374, 0.012412846088409424], "k_pid_att": [100.0, 4.7547125816345215, 0.9828146696090698], "k_pid_yaw": [0.5, 1e-06, 0.1], "k_pid_hsp": [10.0, 0.9512137174606323, 0.005245834589004517], "k_pid_vsp": [0.0, 58.73477554321289, 0.00037054880522191525]}, "datetime": {"datetime": "2025-08-12 02:22:53", "elapsed": 35852.80759692192, "delta": 31.24219274520874}, "costs": {"total_cost": 992.6496860292444, "time_cost": 150, "final_distance_cost": 43.59339925948773, "oscillation_cost": 109.56361126809887, "completition_cost": 555.5555555555555, "overshoot_cost": 69.217313818679, "power_cost": 32.95168114013672, "noise_cost": 31.76812498728646, "n_waypoints_completed": 4, "tot_waypoints": 9}}
{"target": -1557.4081615956381, "params": {"k_pid_pos": [1.9897098541259766, 0.9927213191986084, 0.022908926010131836], "k_pid_alt": [1.9491190910339355, 0.9827799797058105, 0.015018671751022339], "k_pid_att": [100.0, 0.164497509598732, 0.9928954839706421], "k_pid_yaw": [0.5, 1e-06, 0.1], "k_pid_hsp": [9.906177520751953, 0.9850254058837891, 0.02543744444847107], "k_pid_vsp": [231.3720245361328, 4.432464599609375, 399.91021728515625]}, "datetime": {"datetime": "2025-08-12 02:23:25", "elapsed": 35884.84700989723, "delta": 32.03941297531128}, "costs": {"total_cost": 1557.4081615956381, "time_cost": 150, "final_distance_cost": 14.047904286227528, "oscillation_cost": 70.4584865924032, "completition_cost": 1000.0, "overshoot_cost": 165.69781534910325, "power_cost": 33.50842703857422, "noise_cost": 123.69552832933007, "n_waypoints_completed": 0, "tot_waypoints": 9}}
{"target": -1230.8722949179844, "params": {"k_pid_pos": [1.9336578845977783, 0.9967410564422607, 0.0649169385433197], "k_pid_alt": [1.9725937843322754, 0.8912381529808044, 0.011952072381973267], "k_pid_att": [99.95523834228516, 0.12070789933204651, 0.9450954794883728], "k_pid_yaw": [0.5, 1e-06, 0.1], "k_pid_hsp": [10.0, 0.9657800197601318, 0.014615386724472046], "k_pid_vsp": [0.0, 21.178129196166992, 9.636743197916076e-05]}, "datetime": {"datetime": "2025-08-12 02:23:56", "elapsed": 35916.04950547218, "delta": 31.202495574951172}, "costs": {"total_cost": 1230.8722949179844, "time_cost": 150, "final_distance_cost": 65.8926490113465, "oscillation_cost": 82.91125279853522, "completition_cost": 777.7777777777778, "overshoot_cost": 88.86502188943359, "power_cost": 29.597728149414063, "noise_cost": 35.82786529147726, "n_waypoints_completed": 2, "tot_waypoints": 9}}
{"target": -1564.0193634643133, "params": {"k_pid_pos": [1.9256205558776855, 0.988297700881958, 0.0205954909324646], "k_pid_alt": [1.978135347366333, 0.9228453636169434, 0.01690816879272461], "k_pid_att": [99.9944076538086, 0.11319808661937714, 0.7928144335746765], "k_pid_yaw": [0.5, 1e-06, 0.1], "k_pid_hsp": [10.0, 0.9893985986709595, 0.032953858375549316], "k_pid_vsp": [0.04526376724243164, 23.476543426513672, 359.1070861816406]}, "datetime": {"datetime": "2025-08-12 02:24:27", "elapsed": 35946.93600344658, "delta": 30.886497974395752}, "costs": {"total_cost": 1564.0193634643133, "time_cost": 150, "final_distance_cost": 7.404458569864834, "oscillation_cost": 81.90633949249217, "completition_cost": 1000.0, "overshoot_cost": 165.9520704654267, "power_cost": 33.63238637695313, "noise_cost": 125.12410855957664, "n_waypoints_completed": 0, "tot_waypoints": 9}}
{"target": -1519.0093119488026, "params": {"k_pid_pos": [1.913909673690796, 0.9826412796974182, 0.013251781463623047], "k_pid_alt": [1.9840964078903198, 0.920189380645752, 0.02799403667449951], "k_pid_att": [100.0, 0.82222580909729, 0.913762092590332], "k_pid_yaw": [0.5, 1e-06, 0.1], "k_pid_hsp": [10.0, 0.8321970105171204, 0.007281661033630371], "k_pid_vsp": [0.02281665802001953, 3.4144530296325684, 304.1776123046875]}, "datetime": {"datetime": "2025-08-12 02:24:58", "elapsed": 35978.056104660034, "delta": 31.1201012134552}, "costs": {"total_cost": 1519.0093119488026, "time_cost": 150, "final_distance_cost": 1.2047313804763087, "oscillation_cost": 46.41468566365608, "completition_cost": 1000.0, "overshoot_cost": 164.874029666625, "power_cost": 18.93665887451172, "noise_cost": 137.57920636353361, "n_waypoints_completed": 0, "tot_waypoints": 9}}
{"target": -1430.6531202871952, "params": {"k_pid_pos": [1.514750361442566, 0.9944311380386353, 0.003045409917831421], "k_pid_alt": [1.9549148082733154, 0.9744292497634888, 0.08417719602584839], "k_pid_att": [100.0, 1.223794937133789, 0.939630925655365], "k_pid_yaw": [0.5, 1e-06, 0.1], "k_pid_hsp": [9.478462219238281, 0.9866510629653931, 0.018975377082824707], "k_pid_vsp": [398.0714416503906, 56.66341781616211, 400.0]}, "datetime": {"datetime": "2025-08-12 02:25:30", "elapsed": 36010.36181664467, "delta": 32.3057119846344}, "costs": {"total_cost": 1430.6531202871952, "time_cost": 150, "final_distance_cost": 16.65762861338392, "oscillation_cost": 67.89530719000916, "completition_cost": 1000.0, "overshoot_cost": 130.3612899014504, "power_cost": 35.22851766357422, "noise_cost": 30.510376918777663, "n_waypoints_completed": 0, "tot_waypoints": 9}}
{"target": -1075.8307807648862, "params": {"k_pid_pos": [1.9632363319396973, 0.9859559535980225, 0.06060272455215454], "k_pid_alt": [1.772405743598938, 0.9213708639144897, 0.013115763664245605], "k_pid_att": [100.0, 5.148728847503662, 0.9726223349571228], "k_pid_yaw": [0.5, 1e-06, 0.1], "k_pid_hsp": [10.0, 0.9747506380081177, 0.021083086729049683], "k_pid_vsp": [399.99322509765625, 15.57768726348877, 213.34075927734375]}, "datetime": {"datetime": "2025-08-12 02:26:01", "elapsed": 36041.20141172409, "delta": 30.839595079421997}, "costs": {"total_cost": 1075.8307807648862, "time_cost": 150, "final_distance_cost": 51.20559364787721, "oscillation_cost": 81.85358756514357, "completition_cost": 666.6666666666667, "overshoot_cost": 60.168457821336546, "power_cost": 34.23144783935547, "noise_cost": 31.705027224506615, "n_waypoints_completed": 3, "tot_waypoints": 9}}
{"target": -764.2552618243946, "params": {"k_pid_pos": [1.4427745342254639, 0.9119952917098999, 0.009930849075317383], "k_pid_alt": [1.968605637550354, 0.8754327297210693, 0.009844571352005005], "k_pid_att": [100.0, 0.11174225807189941, 0.8718694448471069], "k_pid_yaw": [0.5, 1e-06, 0.1], "k_pid_hsp": [9.999876022338867, 0.9910087585449219, 0.16115474700927734], "k_pid_vsp": [62.1892204284668, 32.744384765625, 0.028039025142788887]}, "datetime": {"datetime": "2025-08-12 02:26:33", "elapsed": 36072.580953359604, "delta": 31.379541635513306}, "costs": {"total_cost": 764.2552618243946, "time_cost": 150, "final_distance_cost": 70.96565071999146, "oscillation_cost": 190.43994774594756, "completition_cost": 222.2222222222222, "overshoot_cost": 62.199234272653314, "power_cost": 34.84838552246094, "noise_cost": 33.57982134111903, "n_waypoints_completed": 7, "tot_waypoints": 9}}
{"target": -807.0505179121311, "params": {"k_pid_pos": [1.890928030014038, 0.9800906777381897, 0.007530719041824341], "k_pid_alt": [1.9804069995880127, 0.9333400726318359, 0.05331277847290039], "k_pid_att": [100.0, 0.214905247092247, 0.9833553433418274], "k_pid_yaw": [0.5, 1e-06, 0.1], "k_pid_hsp": [10.0, 0.9771593809127808, 0.018839925527572632], "k_pid_vsp": [18.204952239990234, 2.2514710426330566, 3.676278720377013e-05]}, "datetime": {"datetime": "2025-08-12 02:27:04", "elapsed": 36103.421558856964, "delta": 30.84060549736023}, "costs": {"total_cost": 807.0505179121311, "time_cost": 150, "final_distance_cost": 67.878221506478, "oscillation_cost": 130.3280312784447, "completition_cost": 333.33333333333337, "overshoot_cost": 60.55773561336903, "power_cost": 29.732792907714845, "noise_cost": 35.22040327279124, "n_waypoints_completed": 6, "tot_waypoints": 9}}
{"target": -4952.841188343123, "params": {"k_pid_pos": [1.9891349077224731, 0.924288272857666, 0.43610626459121704], "k_pid_alt": [1.8960888385772705, 0.43023788928985596, 0.01485222578048706], "k_pid_att": [100.0, 4.305971145629883, 0.9841943979263306], "k_pid_yaw": [0.5, 1e-06, 0.1], "k_pid_hsp": [9.999995231628418, 0.9155343770980835, 0.009224504232406616], "k_pid_vsp": [0.0, 3.016603946685791, 399.99676513671875]}, "datetime": {"datetime": "2025-08-12 02:27:34", "elapsed": 36133.85694527626, "delta": 30.435386419296265}, "costs": {"total_cost": 4952.841188343123, "time_cost": 150, "final_distance_cost": 1543.4571814816748, "oscillation_cost": 68.15056787002156, "completition_cost": 888.8888888888888, "overshoot_cost": 2224.235016790965, "power_cost": 34.48926114501953, "noise_cost": 43.62027216655289, "n_waypoints_completed": 1, "tot_waypoints": 9}}
{"target": -1396.2187453261126, "params": {"k_pid_pos": [1.95011568069458, 0.965884804725647, 0.00157928466796875], "k_pid_alt": [1.9981638193130493, 0.9906609058380127, 0.02219635248184204], "k_pid_att": [93.42823791503906, 2.702442169189453, 0.9445680379867554], "k_pid_yaw": [0.5, 1e-06, 0.1], "k_pid_hsp": [9.999422073364258, 0.9541457891464233, 0.03972014784812927], "k_pid_vsp": [2.9725193977355957, 12.774659156799316, 9.999999974752427e-07]}, "datetime": {"datetime": "2025-08-12 02:28:05", "elapsed": 36165.257591724396, "delta": 31.400646448135376}, "costs": {"total_cost": 1396.2187453261126, "time_cost": 150, "final_distance_cost": 39.0580680674118, "oscillation_cost": 75.13940412097129, "completition_cost": 1000.0, "overshoot_cost": 64.78681021300201, "power_cost": 30.082550146484376, "noise_cost": 37.15191277824324, "n_waypoints_completed": 0, "tot_waypoints": 9}}
{"target": -1572.139245685453, "params": {"k_pid_pos": [1.7698112726211548, 0.9549243450164795, 0.05075562000274658], "k_pid_alt": [1.958487629890442, 0.9891302585601807, 0.012721061706542969], "k_pid_att": [100.0, 0.14851735532283783, 0.9879674315452576], "k_pid_yaw": [0.5, 1e-06, 0.1], "k_pid_hsp": [10.0, 0.9166974425315857, 0.05039745569229126], "k_pid_vsp": [0.0, 7.617093086242676, 399.9918518066406]}, "datetime": {"datetime": "2025-08-12 02:28:36", "elapsed": 36195.77422475815, "delta": 30.51663303375244}, "costs": {"total_cost": 1572.139245685453, "time_cost": 150, "final_distance_cost": 11.333705127893987, "oscillation_cost": 81.13092741502295, "completition_cost": 1000.0, "overshoot_cost": 165.87523678526247, "power_cost": 31.87821357421875, "noise_cost": 131.92116278305508, "n_waypoints_completed": 0, "tot_waypoints": 9}}
{"target": -1548.0198671865571, "params": {"k_pid_pos": [1.9738341569900513, 0.925626277923584, 0.0050026774406433105], "k_pid_alt": [1.5872540473937988, 0.9593577980995178, 0.026594698429107666], "k_pid_att": [100.0, 0.2140815109014511, 0.9854032397270203], "k_pid_yaw": [0.5, 1e-06, 0.1], "k_pid_hsp": [10.0, 0.9801010489463806, 0.018931925296783447], "k_pid_vsp": [0.0, 7.758308410644531, 0.0005135999526828527]}, "datetime": {"datetime": "2025-08-12 02:29:07", "elapsed": 36226.420857191086, "delta": 30.646632432937622}, "costs": {"total_cost": 1548.0198671865571, "time_cost": 150, "final_distance_cost": 11.155919152163818, "oscillation_cost": 55.130220146408405, "completition_cost": 1000.0, "overshoot_cost": 166.173190816043, "power_cost": 18.825565319824218, "noise_cost": 146.73497175211784, "n_waypoints_completed": 0, "tot_waypoints": 9}}
{"target": -1320.9915725508952, "params": {"k_pid_pos": [1.971564769744873, 0.9716289043426514, 0.013165205717086792], "k_pid_alt": [1.9604737758636475, 0.983742356300354, 0.006199240684509277], "k_pid_att": [100.0, 0.15229447185993195, 0.9866968393325806], "k_pid_yaw": [0.5, 1e-06, 0.1], "k_pid_hsp": [10.0, 0.9583056569099426, 0.04277241230010986], "k_pid_vsp": [400.0, 34.382938385009766, 0.008810566738247871]}, "datetime": {"datetime": "2025-08-12 02:29:38", "elapsed": 36257.99979400635, "delta": 31.57893681526184}, "costs": {"total_cost": 1320.9915725508952, "time_cost": 150, "final_distance_cost": 68.4279154472199, "oscillation_cost": 109.15727739671058, "completition_cost": 888.8888888888888, "overshoot_cost": 40.2295137786882, "power_cost": 30.49168970947266, "noise_cost": 33.79628732991499, "n_waypoints_completed": 1, "tot_waypoints": 9}}
{"target": -1536.630960558178, "params": {"k_pid_pos": [1.6769979000091553, 0.9783914089202881, 0.029451996088027954], "k_pid_alt": [1.9683359861373901, 0.956561803817749, 0.13755381107330322], "k_pid_att": [100.0, 0.5674068927764893, 0.9314796924591064], "k_pid_yaw": [0.5, 1e-06, 0.1], "k_pid_hsp": [10.0, 0.9864782094955444, 0.010169923305511475], "k_pid_vsp": [294.9103088378906, 7.97789192199707, 399.9996643066406]}, "datetime": {"datetime": "2025-08-12 02:30:10", "elapsed": 36289.5542447567, "delta": 31.554450750350952}, "costs": {"total_cost": 1536.630960558178, "time_cost": 150, "final_distance_cost": 12.711871706944335, "oscillation_cost": 54.31365931970373, "completition_cost": 1000.0, "overshoot_cost": 165.51192370376347, "power_cost": 31.672715942382816, "noise_cost": 122.42078988538388, "n_waypoints_completed": 0, "tot_waypoints": 9}}
