{"target": -1269.3289206065667, "params": {"k_pid_pos": [0.34337589144706726, 0.026412278413772583, 0.387848824262619], "k_pid_alt": [1.6353703737258911, 0.36142340302467346, 0.34054267406463623], "k_pid_att": [60.19868850708008, 1.6720430850982666, 0.9763727188110352], "k_pid_yaw": [0.5, 1e-06, 0.1], "k_pid_hsp": [7.373354434967041, 0.2748953402042389, 0.5529521703720093], "k_pid_vsp": [142.66111755371094, 280.4602966308594, 394.5560607910156]}, "datetime": {"datetime": "2025-08-11 16:38:21", "elapsed": 781.1522386074066, "delta": 30.973178386688232}, "costs": {"total_cost": 1269.3289206065667, "time_cost": 150, "final_distance_cost": 57.104112011715486, "oscillation_cost": 600.2024703037382, "completition_cost": 333.33333333333337, "overshoot_cost": 65.60088076824005, "power_cost": 34.610758996582035, "noise_cost": 28.477365192957635, "n_waypoints_completed": 6, "tot_waypoints": 9}}
{"target": -7827.13925189231, "params": {"k_pid_pos": [0.48471367359161377, 0.9857742786407471, 0.7317891716957092], "k_pid_alt": [0.9337090253829956, 0.9241639971733093, 0.5663579106330872], "k_pid_att": [0.12112855911254883, 7.7472453117370605, 0.06481701135635376], "k_pid_yaw": [0.5, 1e-06, 0.1], "k_pid_hsp": [5.662476539611816, 0.02255949378013611, 0.613472580909729], "k_pid_vsp": [320.3253173828125, 382.0157470703125, 270.516357421875]}, "datetime": {"datetime": "2025-08-11 16:38:52", "elapsed": 811.5889310836792, "delta": 30.436692476272583}, "costs": {"total_cost": 7827.13925189231, "time_cost": 150, "final_distance_cost": 1719.5687119332601, "oscillation_cost": 1950.4749364082222, "completition_cost": 1000.0, "overshoot_cost": 2796.073382735874, "power_cost": 58.460350231933596, "noise_cost": 152.56187058302106, "n_waypoints_completed": 0, "tot_waypoints": 9}}
{"target": -922.2748532386892, "params": {"k_pid_pos": [0.5814091563224792, 0.4748368263244629, 0.7681614756584167], "k_pid_alt": [1.9220657348632812, 0.5661405920982361, 0.13092538714408875], "k_pid_att": [93.52661895751953, 3.993354082107544, 0.3633847236633301], "k_pid_yaw": [0.5, 1e-06, 0.1], "k_pid_hsp": [8.117558479309082, 0.5121103525161743, 0.48880696296691895], "k_pid_vsp": [214.76211547851562, 80.1483383178711, 245.48403930664062]}, "datetime": {"datetime": "2025-08-11 16:39:23", "elapsed": 842.440080165863, "delta": 30.851149082183838}, "costs": {"total_cost": 922.2748532386892, "time_cost": 150, "final_distance_cost": 4.343628578203585, "oscillation_cost": 526.1813379812843, "completition_cost": 111.11111111111116, "overshoot_cost": 66.56553564403714, "power_cost": 34.987628454589846, "noise_cost": 29.085611469463018, "n_waypoints_completed": 8, "tot_waypoints": 9}}
{"target": -1195.889036128291, "params": {"k_pid_pos": [0.22797098755836487, 0.36543795466423035, 0.09583038091659546], "k_pid_alt": [1.4519786834716797, 0.6500309109687805, 0.19757115840911865], "k_pid_att": [2.47892427444458, 6.846222877502441, 0.8697832226753235], "k_pid_yaw": [0.5, 1e-06, 0.1], "k_pid_hsp": [6.370787620544434, 0.1869295835494995, 0.9639135599136353], "k_pid_vsp": [25.704837799072266, 117.17237091064453, 29.302812576293945]}, "datetime": {"datetime": "2025-08-11 16:39:53", "elapsed": 872.7825257778168, "delta": 30.342445611953735}, "costs": {"total_cost": 1195.889036128291, "time_cost": 150, "final_distance_cost": 38.315660691740725, "oscillation_cost": 294.21748707280705, "completition_cost": 555.5555555555555, "overshoot_cost": 95.08823803650023, "power_cost": 33.118696215820314, "noise_cost": 29.593398555867267, "n_waypoints_completed": 4, "tot_waypoints": 9}}
{"target": -1202.9319583407341, "params": {"k_pid_pos": [0.8756049871444702, 0.9532239437103271, 0.8423877954483032], "k_pid_alt": [1.7912203073501587, 0.34050267934799194, 0.4897603988647461], "k_pid_att": [29.137615203857422, 8.387304306030273, 0.4435923397541046], "k_pid_yaw": [0.5, 1e-06, 0.1], "k_pid_hsp": [9.739721298217773, 0.7436431050300598, 0.7323002219200134], "k_pid_vsp": [98.60079193115234, 35.284889221191406, 143.1259002685547]}, "datetime": {"datetime": "2025-08-11 16:40:23", "elapsed": 903.1137728691101, "delta": 30.331247091293335}, "costs": {"total_cost": 1202.9319583407341, "time_cost": 150, "final_distance_cost": 60.89699422722091, "oscillation_cost": 520.3654525082674, "completition_cost": 333.33333333333337, "overshoot_cost": 71.66098990286075, "power_cost": 34.707598828125, "noise_cost": 31.967589540926767, "n_waypoints_completed": 6, "tot_waypoints": 9}}
{"target": -1345.5911949239796, "params": {"k_pid_pos": [0.747107744216919, 0.6130037307739258, 0.9318403601646423], "k_pid_alt": [1.1752125024795532, 0.08691805601119995, 0.5731149911880493], "k_pid_att": [22.360610961914062, 6.730736255645752, 0.5748937726020813], "k_pid_yaw": [0.5, 1e-06, 0.1], "k_pid_hsp": [0.17302803695201874, 0.3185730576515198, 0.43482154607772827], "k_pid_vsp": [336.0523681640625, 175.72071838378906, 26.51333999633789]}, "datetime": {"datetime": "2025-08-11 16:40:54", "elapsed": 933.9792938232422, "delta": 30.86552095413208}, "costs": {"total_cost": 1345.5911949239796, "time_cost": 150, "final_distance_cost": 46.96300301917756, "oscillation_cost": 477.3457999562699, "completition_cost": 555.5555555555555, "overshoot_cost": 56.12282263695877, "power_cost": 31.624445239257813, "noise_cost": 27.979568516760338, "n_waypoints_completed": 4, "tot_waypoints": 9}}
{"target": -2040.2965747061667, "params": {"k_pid_pos": [1.778943419456482, 0.617368221282959, 0.0018073618412017822], "k_pid_alt": [0.004272103309631348, 0.38780394196510315, 0.31515422463417053], "k_pid_att": [70.2412338256836, 0.9350491166114807, 0.5924156904220581], "k_pid_yaw": [0.5, 1e-06, 0.1], "k_pid_hsp": [0.3513782322406769, 0.07386499643325806, 0.8387171626091003], "k_pid_vsp": [97.70291137695312, 208.42648315429688, 36.20530319213867]}, "datetime": {"datetime": "2025-08-11 16:41:26", "elapsed": 965.7891073226929, "delta": 31.809813499450684}, "costs": {"total_cost": 2040.2965747061667, "time_cost": 150, "final_distance_cost": 87.63548343754906, "oscillation_cost": 710.329249300715, "completition_cost": 888.8888888888888, "overshoot_cost": 140.73568359448385, "power_cost": 35.13695935058594, "noise_cost": 27.570310133944098, "n_waypoints_completed": 1, "tot_waypoints": 9}}
{"target": -1925.9838095563891, "params": {"k_pid_pos": [0.23451858758926392, 0.3609001934528351, 0.8833783864974976], "k_pid_alt": [0.3811819553375244, 0.7388829588890076, 0.2520715594291687], "k_pid_att": [80.7290267944336, 8.007065773010254, 0.4231671392917633], "k_pid_yaw": [0.5, 1e-06, 0.1], "k_pid_hsp": [6.781285285949707, 0.6888116598129272, 0.07030773162841797], "k_pid_vsp": [26.03114891052246, 290.2365417480469, 394.8082275390625]}, "datetime": {"datetime": "2025-08-11 16:41:57", "elapsed": 996.4178419113159, "delta": 30.628734588623047}, "costs": {"total_cost": 1925.9838095563891, "time_cost": 150, "final_distance_cost": 101.67481689956035, "oscillation_cost": 722.866642496558, "completition_cost": 777.7777777777778, "overshoot_cost": 112.3319032579241, "power_cost": 33.45369859619141, "noise_cost": 27.878970528377497, "n_waypoints_completed": 2, "tot_waypoints": 9}}
{"target": -807.2636088446365, "params": {"k_pid_pos": [0.8697243332862854, 0.44733330607414246, 0.5007343888282776], "k_pid_alt": [0.9656351804733276, 0.05894196033477783, 0.41971641778945923], "k_pid_att": [31.625762939453125, 2.3857245445251465, 0.7746039628982544], "k_pid_yaw": [0.5, 1e-06, 0.1], "k_pid_hsp": [1.3768837451934814, 0.7426229119300842, 0.7873684763908386], "k_pid_vsp": [308.64306640625, 12.651062965393066, 110.71427154541016]}, "datetime": {"datetime": "2025-08-11 16:42:27", "elapsed": 1026.5083289146423, "delta": 30.090487003326416}, "costs": {"total_cost": 807.2636088446365, "time_cost": 150, "final_distance_cost": 64.50228027845772, "oscillation_cost": 244.98740804823836, "completition_cost": 222.2222222222222, "overshoot_cost": 59.56146880944124, "power_cost": 36.53336011962891, "noise_cost": 29.456869366647997, "n_waypoints_completed": 7, "tot_waypoints": 9}}
{"target": -1705.5541837838962, "params": {"k_pid_pos": [0.2010796070098877, 0.35306093096733093, 0.2439536452293396], "k_pid_alt": [0.01692640781402588, 0.22376978397369385, 0.28823477029800415], "k_pid_att": [17.59149932861328, 4.945679664611816, 0.8108957409858704], "k_pid_yaw": [0.5, 1e-06, 0.1], "k_pid_hsp": [6.524898529052734, 0.028839945793151855, 0.6123316884040833], "k_pid_vsp": [197.4400177001953, 105.19275665283203, 317.8102111816406]}, "datetime": {"datetime": "2025-08-11 16:42:57", "elapsed": 1056.72620677948, "delta": 30.217877864837646}, "costs": {"total_cost": 1705.5541837838962, "time_cost": 150, "final_distance_cost": 85.74343414586298, "oscillation_cost": 317.5849095926285, "completition_cost": 1000.0, "overshoot_cost": 94.98889575400406, "power_cost": 29.85728914794922, "noise_cost": 27.379655143451593, "n_waypoints_completed": 0, "tot_waypoints": 9}}
{"target": -1398.7003368678174, "params": {"k_pid_pos": [0.7788469791412354, 0.21868616342544556, 0.31184571981430054], "k_pid_alt": [0.32363396883010864, 0.8547781705856323, 0.6523377895355225], "k_pid_att": [41.61630630493164, 5.879537105560303, 0.22627437114715576], "k_pid_yaw": [0.5, 1e-06, 0.1], "k_pid_hsp": [2.6728389263153076, 0.6216201186180115, 0.4284931421279907], "k_pid_vsp": [206.93240356445312, 92.44375610351562, 315.115478515625]}, "datetime": {"datetime": "2025-08-11 16:43:27", "elapsed": 1086.8304517269135, "delta": 30.10424494743347}, "costs": {"total_cost": 1398.7003368678174, "time_cost": 150, "final_distance_cost": 55.63193406227727, "oscillation_cost": 502.93849779954564, "completition_cost": 555.5555555555555, "overshoot_cost": 68.70330485341934, "power_cost": 34.868561865234376, "noise_cost": 31.00248273178556, "n_waypoints_completed": 4, "tot_waypoints": 9}}
{"target": -1816.4943245421803, "params": {"k_pid_pos": [1.00419020652771, 0.0698818564414978, 0.3881005048751831], "k_pid_alt": [1.7519069910049438, 0.554829478263855, 0.2304956316947937], "k_pid_att": [80.93457794189453, 6.845405101776123, 0.5725290179252625], "k_pid_yaw": [0.5, 1e-06, 0.1], "k_pid_hsp": [1.881490707397461, 0.12267184257507324, 0.846960186958313], "k_pid_vsp": [28.119766235351562, 288.9072265625, 376.0677795410156]}, "datetime": {"datetime": "2025-08-11 16:43:57", "elapsed": 1116.4931204319, "delta": 29.662668704986572}, "costs": {"total_cost": 1816.4943245421803, "time_cost": 150, "final_distance_cost": 90.4770527705303, "oscillation_cost": 644.3166049348469, "completition_cost": 777.7777777777778, "overshoot_cost": 88.4719249490971, "power_cost": 35.973156555175784, "noise_cost": 29.477807554752456, "n_waypoints_completed": 2, "tot_waypoints": 9}}
{"target": -1088.227235681714, "params": {"k_pid_pos": [1.351829171180725, 0.4988712966442108, 0.7765603065490723], "k_pid_alt": [0.7932162284851074, 0.040130674839019775, 0.7016958594322205], "k_pid_att": [69.64491271972656, 9.016471862792969, 0.43436095118522644], "k_pid_yaw": [0.5, 1e-06, 0.1], "k_pid_hsp": [7.750141620635986, 0.8513837456703186, 0.27245238423347473], "k_pid_vsp": [107.04946899414062, 53.90827560424805, 166.0382843017578]}, "datetime": {"datetime": "2025-08-11 16:44:27", "elapsed": 1146.7291102409363, "delta": 30.235989809036255}, "costs": {"total_cost": 1088.227235681714, "time_cost": 150, "final_distance_cost": 74.676321342908, "oscillation_cost": 517.2900794636608, "completition_cost": 222.2222222222222, "overshoot_cost": 58.599385308166475, "power_cost": 35.43105720214844, "noise_cost": 30.008170142608105, "n_waypoints_completed": 7, "tot_waypoints": 9}}
{"target": -896.1630981757344, "params": {"k_pid_pos": [0.7869202494621277, 0.4822950065135956, 0.13612601161003113], "k_pid_alt": [0.1658685803413391, 0.5595324039459229, 0.609032392501831], "k_pid_att": [73.10954284667969, 5.768539905548096, 0.6477980017662048], "k_pid_yaw": [0.5, 1e-06, 0.1], "k_pid_hsp": [7.62070369720459, 0.5776762962341309, 0.7290506362915039], "k_pid_vsp": [193.53445434570312, 257.6224670410156, 47.72121810913086]}, "datetime": {"datetime": "2025-08-11 16:44:57", "elapsed": 1176.4888405799866, "delta": 29.759730339050293}, "costs": {"total_cost": 896.1630981757344, "time_cost": 150, "final_distance_cost": 63.86684189514351, "oscillation_cost": 445.2113171645993, "completition_cost": 111.11111111111116, "overshoot_cost": 60.62643409144483, "power_cost": 35.325886047363284, "noise_cost": 30.02150786607232, "n_waypoints_completed": 8, "tot_waypoints": 9}}
{"target": -1116.210249146719, "params": {"k_pid_pos": [0.8290573954582214, 0.5714545845985413, 0.8557943105697632], "k_pid_alt": [1.4159440994262695, 0.21330595016479492, 0.5569626688957214], "k_pid_att": [29.7879581451416, 9.348579406738281, 0.6515620946884155], "k_pid_yaw": [0.5, 1e-06, 0.1], "k_pid_hsp": [5.069652080535889, 0.2919728457927704, 0.9973994493484497], "k_pid_vsp": [213.36624145507812, 233.0884246826172, 110.07673645019531]}, "datetime": {"datetime": "2025-08-11 16:45:27", "elapsed": 1206.9039750099182, "delta": 30.41513442993164}, "costs": {"total_cost": 1116.210249146719, "time_cost": 150, "final_distance_cost": 74.5144978940219, "oscillation_cost": 450.39676072766764, "completition_cost": 333.33333333333337, "overshoot_cost": 45.811260226931374, "power_cost": 33.765075415039064, "noise_cost": 28.38932154972581, "n_waypoints_completed": 6, "tot_waypoints": 9}}
{"target": -1402.5415424836606, "params": {"k_pid_pos": [1.924373984336853, 0.07357028126716614, 0.19932854175567627], "k_pid_alt": [1.7245343923568726, 0.9314391613006592, 0.19092774391174316], "k_pid_att": [49.66753387451172, 9.338934898376465, 0.08642652630805969], "k_pid_yaw": [0.5, 1e-06, 0.1], "k_pid_hsp": [0.39631223678588867, 0.12057608366012573, 0.2570214569568634], "k_pid_vsp": [32.749759674072266, 282.6289978027344, 149.5863494873047]}, "datetime": {"datetime": "2025-08-11 16:45:56", "elapsed": 1236.126004934311, "delta": 29.2220299243927}, "costs": {"total_cost": 1402.5415424836606, "time_cost": 150, "final_distance_cost": 51.62945466572761, "oscillation_cost": 379.37759827136847, "completition_cost": 666.6666666666667, "overshoot_cost": 88.5164671964945, "power_cost": 36.74588726806641, "noise_cost": 29.60546841533691, "n_waypoints_completed": 3, "tot_waypoints": 9}}
{"target": -472.24752344568594, "params": {"k_pid_pos": [1.2375918626785278, 0.9765170812606812, 0.3069858253002167], "k_pid_alt": [1.0123711824417114, 0.4453835189342499, 0.6806899905204773], "k_pid_att": [44.314476013183594, 4.202785491943359, 0.08864375948905945], "k_pid_yaw": [0.5, 1e-06, 0.1], "k_pid_hsp": [9.353363037109375, 0.834636926651001, 0.11834892630577087], "k_pid_vsp": [323.5965576171875, 85.73886108398438, 134.28660583496094]}, "datetime": {"datetime": "2025-08-11 16:46:24", "elapsed": 1264.1563210487366, "delta": 28.03031611442566}, "costs": {"total_cost": 472.24752344568594, "time_cost": 110.915, "final_distance_cost": 1.753579305432493, "oscillation_cost": 233.24545532037578, "completition_cost": 0.0, "overshoot_cost": 63.24644878232324, "power_cost": 34.01308745117188, "noise_cost": 29.073952586382543, "n_waypoints_completed": 9, "tot_waypoints": 9}}
{"target": -1124.1987883951683, "params": {"k_pid_pos": [0.4780913293361664, 0.9548288583755493, 0.791483998298645], "k_pid_alt": [0.4107595682144165, 0.1435098648071289, 0.2153821885585785], "k_pid_att": [58.6113166809082, 1.6641329526901245, 0.6855499744415283], "k_pid_yaw": [0.5, 1e-06, 0.1], "k_pid_hsp": [5.38046407699585, 0.47667446732521057, 0.45581507682800293], "k_pid_vsp": [99.11625671386719, 133.69715881347656, 114.03755950927734]}, "datetime": {"datetime": "2025-08-11 16:46:54", "elapsed": 1294.333071231842, "delta": 30.17675018310547}, "costs": {"total_cost": 1124.1987883951683, "time_cost": 150, "final_distance_cost": 73.62438560385445, "oscillation_cost": 450.7348832894277, "completition_cost": 333.33333333333337, "overshoot_cost": 52.16264469530453, "power_cost": 35.634648266601566, "noise_cost": 28.708893206646827, "n_waypoints_completed": 6, "tot_waypoints": 9}}
{"target": -1796.6335528431537, "params": {"k_pid_pos": [0.0905328318476677, 0.480303555727005, 0.2914717197418213], "k_pid_alt": [0.7091957330703735, 0.7770025134086609, 0.9536730647087097], "k_pid_att": [25.39004135131836, 9.216492652893066, 0.1816939413547516], "k_pid_yaw": [0.5, 1e-06, 0.1], "k_pid_hsp": [3.124577760696411, 0.159194678068161, 0.8097560405731201], "k_pid_vsp": [94.54370880126953, 44.600284576416016, 244.37644958496094]}, "datetime": {"datetime": "2025-08-11 16:47:24", "elapsed": 1323.9228312969208, "delta": 29.589760065078735}, "costs": {"total_cost": 1796.6335528431537, "time_cost": 150, "final_distance_cost": 81.45119434151815, "oscillation_cost": 541.3537966396959, "completition_cost": 888.8888888888888, "overshoot_cost": 70.71621687390615, "power_cost": 34.32637425537109, "noise_cost": 29.89708184377339, "n_waypoints_completed": 1, "tot_waypoints": 9}}
{"target": -1435.9434052683575, "params": {"k_pid_pos": [0.269839346408844, 0.5587364435195923, 0.9463306069374084], "k_pid_alt": [1.821431040763855, 0.41952410340309143, 0.6519907116889954], "k_pid_att": [84.63661193847656, 1.7382237911224365, 0.7574513554573059], "k_pid_yaw": [0.5, 1e-06, 0.1], "k_pid_hsp": [7.654993534088135, 0.10472196340560913, 0.15325972437858582], "k_pid_vsp": [32.44453811645508, 296.5159606933594, 204.54246520996094]}, "datetime": {"datetime": "2025-08-11 16:47:55", "elapsed": 1354.4620332717896, "delta": 30.539201974868774}, "costs": {"total_cost": 1435.9434052683575, "time_cost": 150, "final_distance_cost": 58.80641151031209, "oscillation_cost": 665.2582022894277, "completition_cost": 444.4444444444444, "overshoot_cost": 54.51230752775965, "power_cost": 34.584473168945316, "noise_cost": 28.337566327468267, "n_waypoints_completed": 5, "tot_waypoints": 9}}
{"target": -1506.8402178676395, "params": {"k_pid_pos": [0.49800440669059753, 0.9104852676391602, 0.3937879204750061], "k_pid_alt": [1.2694182395935059, 0.7717404961585999, 0.2951689660549164], "k_pid_att": [32.06340026855469, 8.535932540893555, 0.20423203706741333], "k_pid_yaw": [0.5, 1e-06, 0.1], "k_pid_hsp": [8.87955379486084, 0.998104989528656, 0.943699061870575], "k_pid_vsp": [83.69231414794922, 35.76628112792969, 142.62074279785156]}, "datetime": {"datetime": "2025-08-11 16:48:25", "elapsed": 1384.7903270721436, "delta": 30.328293800354004}, "costs": {"total_cost": 1506.8402178676395, "time_cost": 150, "final_distance_cost": 81.59209490923028, "oscillation_cost": 264.9039384625445, "completition_cost": 777.7777777777778, "overshoot_cost": 121.88064293917637, "power_cost": 35.65731821289063, "noise_cost": 75.02844556601977, "n_waypoints_completed": 2, "tot_waypoints": 9}}
{"target": -511.10938440524046, "params": {"k_pid_pos": [1.4503438472747803, 0.233423113822937, 0.006421118974685669], "k_pid_alt": [0.9850819110870361, 0.09562689065933228, 0.5610384941101074], "k_pid_att": [94.39665222167969, 5.280121803283691, 0.8754513263702393], "k_pid_yaw": [0.5, 1e-06, 0.1], "k_pid_hsp": [8.446877479553223, 0.5785650610923767, 0.9924049377441406], "k_pid_vsp": [371.14794921875, 39.08554458618164, 245.79225158691406]}, "datetime": {"datetime": "2025-08-11 16:48:49", "elapsed": 1408.467043876648, "delta": 23.676716804504395}, "costs": {"total_cost": 511.10938440524046, "time_cost": 94.99, "final_distance_cost": 1.7710363620562983, "oscillation_cost": 296.3036307065429, "completition_cost": 0.0, "overshoot_cost": 65.02373729509422, "power_cost": 29.664824829101565, "noise_cost": 23.356155212445447, "n_waypoints_completed": 9, "tot_waypoints": 9}}
{"target": -1754.663971599021, "params": {"k_pid_pos": [1.97501802444458, 0.3171103894710541, 0.10071569681167603], "k_pid_alt": [1.3781356811523438, 0.451302170753479, 0.7428953647613525], "k_pid_att": [15.1195707321167, 1.591840386390686, 0.6915127635002136], "k_pid_yaw": [0.5, 1e-06, 0.1], "k_pid_hsp": [9.49122142791748, 0.8198594450950623, 0.8679101467132568], "k_pid_vsp": [16.765235900878906, 269.8514099121094, 313.1038513183594]}, "datetime": {"datetime": "2025-08-11 16:49:18", "elapsed": 1438.3673799037933, "delta": 29.900336027145386}, "costs": {"total_cost": 1754.663971599021, "time_cost": 150, "final_distance_cost": 61.50204953019097, "oscillation_cost": 468.1579816704126, "completition_cost": 888.8888888888888, "overshoot_cost": 109.01530619729449, "power_cost": 31.77642459716797, "noise_cost": 45.32332071506634, "n_waypoints_completed": 1, "tot_waypoints": 9}}
{"target": -768.4331850756157, "params": {"k_pid_pos": [1.3762320280075073, 0.9587075114250183, 0.06770700216293335], "k_pid_alt": [1.9225783348083496, 0.12465569376945496, 0.8482012152671814], "k_pid_att": [64.23017120361328, 3.787752151489258, 0.5224312543869019], "k_pid_yaw": [0.5, 1e-06, 0.1], "k_pid_hsp": [5.221770763397217, 0.550911009311676, 0.6433483958244324], "k_pid_vsp": [184.33128356933594, 364.8505554199219, 77.5980453491211]}, "datetime": {"datetime": "2025-08-11 16:49:49", "elapsed": 1468.4847166538239, "delta": 30.117336750030518}, "costs": {"total_cost": 768.4331850756157, "time_cost": 150, "final_distance_cost": 76.46700067258412, "oscillation_cost": 193.18873629138062, "completition_cost": 222.2222222222222, "overshoot_cost": 61.345259569103916, "power_cost": 36.231675793457036, "noise_cost": 28.978290526867852, "n_waypoints_completed": 7, "tot_waypoints": 9}}
