{"target": -1317.5085033950243, "params": {"k_pid_pos": [1.9608049392700195, 0.9831010699272156, 0.020954608917236328], "k_pid_alt": [1.98896324634552, 0.8893778324127197, 0.01094922423362732], "k_pid_att": [100.0, 0.5592309832572937, 0.9976149797439575], "k_pid_yaw": [0.5, 1e-06, 0.1], "k_pid_hsp": [10.0, 0.9918190836906433, 0.04260838031768799], "k_pid_vsp": [400.0, 34.91636657714844, 0.009299324825406075]}, "datetime": {"datetime": "2025-08-12 10:17:18", "elapsed": 64317.94011378288, "delta": 26.836591958999634}, "costs": {"total_cost": 1317.5085033950243, "time_cost": 150, "final_distance_cost": 60.4780449049349, "oscillation_cost": 112.00709629706641, "completition_cost": 888.8888888888888, "overshoot_cost": 42.14052621185276, "power_cost": 30.27805694580078, "noise_cost": 33.71589014648074, "n_waypoints_completed": 1, "tot_waypoints": 9}}
{"target": -1433.1995265020332, "params": {"k_pid_pos": [1.9992711544036865, 0.9983713626861572, 0.0253182053565979], "k_pid_alt": [1.9488859176635742, 0.9873006939888, 0.0016010403633117676], "k_pid_att": [100.0, 0.2540987730026245, 0.9430134892463684], "k_pid_yaw": [0.5, 1e-06, 0.1], "k_pid_hsp": [10.0, 0.9971870183944702, 0.061703771352767944], "k_pid_vsp": [0.0, 20.760860443115234, 0.18216471374034882]}, "datetime": {"datetime": "2025-08-12 10:17:47", "elapsed": 64346.89553761482, "delta": 28.955423831939697}, "costs": {"total_cost": 1433.1995265020332, "time_cost": 150, "final_distance_cost": 57.377942745383194, "oscillation_cost": 86.98426434660033, "completition_cost": 1000.0, "overshoot_cost": 71.22012105314435, "power_cost": 31.607867407226564, "noise_cost": 36.00933094967884, "n_waypoints_completed": 0, "tot_waypoints": 9}}
{"target": -1593.566356717316, "params": {"k_pid_pos": [1.880641222000122, 0.9927796125411987, 0.028232187032699585], "k_pid_alt": [1.8397316932678223, 0.9968411922454834, 0.037510961294174194], "k_pid_att": [100.0, 0.11091644316911697, 0.9839475154876709], "k_pid_yaw": [0.5, 1e-06, 0.1], "k_pid_hsp": [10.0, 0.9929080009460449, 0.30228883028030396], "k_pid_vsp": [0.0018596649169921875, 13.974846839904785, 208.1180877685547]}, "datetime": {"datetime": "2025-08-12 10:18:17", "elapsed": 64376.96639108658, "delta": 30.07085347175598}, "costs": {"total_cost": 1593.566356717316, "time_cost": 150, "final_distance_cost": 8.873885015099658, "oscillation_cost": 99.57411955748114, "completition_cost": 1000.0, "overshoot_cost": 165.68905135158937, "power_cost": 33.85738198242188, "noise_cost": 135.571918810724, "n_waypoints_completed": 0, "tot_waypoints": 9}}
{"target": -846.3538388099265, "params": {"k_pid_pos": [1.96953284740448, 0.9970698356628418, 0.014443516731262207], "k_pid_alt": [1.9417954683303833, 0.9869526624679565, 0.0034182071685791016], "k_pid_att": [99.99887084960938, 0.19196513295173645, 0.9956389665603638], "k_pid_yaw": [0.5, 1e-06, 0.1], "k_pid_hsp": [10.0, 0.9785975217819214, 0.016910046339035034], "k_pid_vsp": [396.7186584472656, 2.989150047302246, 9.999999974752427e-07]}, "datetime": {"datetime": "2025-08-12 10:18:45", "elapsed": 64404.68738389015, "delta": 27.72099280357361}, "costs": {"total_cost": 846.3538388099265, "time_cost": 150, "final_distance_cost": 75.70352709187456, "oscillation_cost": 156.89640114771797, "completition_cost": 333.33333333333337, "overshoot_cost": 65.43031403482281, "power_cost": 30.868846191406252, "noise_cost": 34.12141701077153, "n_waypoints_completed": 6, "tot_waypoints": 9}}
{"target": -1308.324472213944, "params": {"k_pid_pos": [1.995100736618042, 0.9927235245704651, 0.03529006242752075], "k_pid_alt": [1.9764585494995117, 0.9851138591766357, 0.04288226366043091], "k_pid_att": [99.99994659423828, 0.19272151589393616, 0.9789559245109558], "k_pid_yaw": [0.5, 1e-06, 0.1], "k_pid_hsp": [10.0, 0.9757808446884155, 0.03698888421058655], "k_pid_vsp": [392.0320129394531, 5.193449020385742, 9.999999974752427e-07]}, "datetime": {"datetime": "2025-08-12 10:19:12", "elapsed": 64432.26485610008, "delta": 27.57747220993042}, "costs": {"total_cost": 1308.324472213944, "time_cost": 150, "final_distance_cost": 61.211589428706155, "oscillation_cost": 102.74610696657105, "completition_cost": 888.8888888888888, "overshoot_cost": 41.5139932127944, "power_cost": 30.136135266113282, "noise_cost": 33.82775845087026, "n_waypoints_completed": 1, "tot_waypoints": 9}}
{"target": -1546.5243324640458, "params": {"k_pid_pos": [1.9699714183807373, 0.896340012550354, 0.011566460132598877], "k_pid_alt": [1.9908976554870605, 0.991291880607605, 0.00774151086807251], "k_pid_att": [100.0, 0.10738132894039154, 0.9959567785263062], "k_pid_yaw": [0.5, 1e-06, 0.1], "k_pid_hsp": [10.0, 0.9985007643699646, 0.006194323301315308], "k_pid_vsp": [0.004851818084716797, 17.898609161376953, 365.1942138671875]}, "datetime": {"datetime": "2025-08-12 10:19:41", "elapsed": 64461.09603667259, "delta": 28.831180572509766}, "costs": {"total_cost": 1546.5243324640458, "time_cost": 150, "final_distance_cost": 6.658890555181476, "oscillation_cost": 51.67235627592971, "completition_cost": 1000.0, "overshoot_cost": 165.67107397531848, "power_cost": 28.903174841308594, "noise_cost": 143.61883681630752, "n_waypoints_completed": 0, "tot_waypoints": 9}}
{"target": -735.0332711097215, "params": {"k_pid_pos": [1.9852688312530518, 0.9256054162979126, 0.01826578378677368], "k_pid_alt": [1.901292324066162, 0.8874194025993347, 0.010474532842636108], "k_pid_att": [100.0, 0.5429978370666504, 0.9927203059196472], "k_pid_yaw": [0.5, 1e-06, 0.1], "k_pid_hsp": [10.0, 0.9504086971282959, 0.017496943473815918], "k_pid_vsp": [399.9848937988281, 6.297386646270752, 9.999999974752427e-07]}, "datetime": {"datetime": "2025-08-12 10:20:09", "elapsed": 64489.02530145645, "delta": 27.929264783859253}, "costs": {"total_cost": 735.0332711097215, "time_cost": 150, "final_distance_cost": 74.07109900018764, "oscillation_cost": 157.56335417500657, "completition_cost": 222.2222222222222, "overshoot_cost": 66.62768942317278, "power_cost": 30.57822666015625, "noise_cost": 33.97067962897602, "n_waypoints_completed": 7, "tot_waypoints": 9}}
{"target": -569.394040898967, "params": {"k_pid_pos": [1.973002314567566, 0.9871102571487427, 0.0137556791305542], "k_pid_alt": [1.9041837453842163, 0.9301086664199829, 0.0026937127113342285], "k_pid_att": [100.0, 0.3877265751361847, 0.8086383938789368], "k_pid_yaw": [0.5, 1e-06, 0.1], "k_pid_hsp": [10.0, 0.8395006060600281, 0.0024031400680541992], "k_pid_vsp": [399.3507995605469, 21.699312210083008, 9.999999974752427e-07]}, "datetime": {"datetime": "2025-08-12 10:20:36", "elapsed": 64516.314515829086, "delta": 27.289214372634888}, "costs": {"total_cost": 569.394040898967, "time_cost": 150, "final_distance_cost": 15.85470689218008, "oscillation_cost": 166.24726079019015, "completition_cost": 111.11111111111116, "overshoot_cost": 63.09941992881827, "power_cost": 30.608763220214847, "noise_cost": 32.47277895645245, "n_waypoints_completed": 8, "tot_waypoints": 9}}
{"target": -1305.1156736685605, "params": {"k_pid_pos": [1.8567030429840088, 0.990655243396759, 0.011787772178649902], "k_pid_alt": [1.9838474988937378, 0.9741323590278625, 0.01613450050354004], "k_pid_att": [100.0, 0.12108608335256577, 0.9833980798721313], "k_pid_yaw": [0.5, 1e-06, 0.1], "k_pid_hsp": [9.999526023864746, 0.9460839033126831, 0.02423274517059326], "k_pid_vsp": [345.6712951660156, 35.73081588745117, 9.999999974752427e-07]}, "datetime": {"datetime": "2025-08-12 10:21:05", "elapsed": 64544.706441402435, "delta": 28.391925573349}, "costs": {"total_cost": 1305.1156736685605, "time_cost": 150, "final_distance_cost": 59.293150247615884, "oscillation_cost": 103.03684724918884, "completition_cost": 888.8888888888888, "overshoot_cost": 40.586672051167064, "power_cost": 29.381853662109375, "noise_cost": 33.9282615695904, "n_waypoints_completed": 1, "tot_waypoints": 9}}
{"target": -757.0827617798459, "params": {"k_pid_pos": [1.968974232673645, 0.9863619804382324, 0.04657876491546631], "k_pid_alt": [1.9924900531768799, 0.9890265464782715, 0.20538395643234253], "k_pid_att": [100.0, 0.10364266484975815, 0.9859607219696045], "k_pid_yaw": [0.5, 1e-06, 0.1], "k_pid_hsp": [10.0, 0.9892984628677368, 0.014354169368743896], "k_pid_vsp": [399.9116516113281, 2.038479804992676, 1.2920929293613881e-05]}, "datetime": {"datetime": "2025-08-12 10:21:33", "elapsed": 64572.55316185951, "delta": 27.846720457077026}, "costs": {"total_cost": 757.0827617798459, "time_cost": 150, "final_distance_cost": 66.93940769612344, "oscillation_cost": 184.95435426230551, "completition_cost": 222.2222222222222, "overshoot_cost": 68.05082011566786, "power_cost": 30.92493620605469, "noise_cost": 33.99102127747222, "n_waypoints_completed": 7, "tot_waypoints": 9}}
{"target": -1560.6551240282913, "params": {"k_pid_pos": [1.9822909832000732, 0.9847307205200195, 0.0035119354724884033], "k_pid_alt": [1.9751124382019043, 0.9270316958427429, 0.03964102268218994], "k_pid_att": [100.0, 0.04049396142363548, 0.99245285987854], "k_pid_yaw": [0.5, 1e-06, 0.1], "k_pid_hsp": [10.0, 0.9595346450805664, 0.04415741562843323], "k_pid_vsp": [4.76837158203125e-05, 4.48210334777832, 141.01791381835938]}, "datetime": {"datetime": "2025-08-12 10:22:01", "elapsed": 64600.3741748333, "delta": 27.8210129737854}, "costs": {"total_cost": 1560.6551240282913, "time_cost": 150, "final_distance_cost": 9.74392640420619, "oscillation_cost": 74.053633672416, "completition_cost": 1000.0, "overshoot_cost": 165.11173691810512, "power_cost": 27.39639090576172, "noise_cost": 134.34943612780222, "n_waypoints_completed": 0, "tot_waypoints": 9}}
{"target": -766.5062421637682, "params": {"k_pid_pos": [1.9356378316879272, 0.9865561127662659, 0.02322247624397278], "k_pid_alt": [1.9820544719696045, 0.9169763922691345, 0.1345394253730774], "k_pid_att": [100.0, 0.2685375511646271, 0.9931558966636658], "k_pid_yaw": [0.5, 1e-06, 0.1], "k_pid_hsp": [10.0, 0.9647477865219116, 0.14108631014823914], "k_pid_vsp": [400.0, 1.690007209777832, 9.999999974752427e-07]}, "datetime": {"datetime": "2025-08-12 10:22:29", "elapsed": 64628.80985426903, "delta": 28.43567943572998}, "costs": {"total_cost": 766.5062421637682, "time_cost": 150, "final_distance_cost": 71.6608636444353, "oscillation_cost": 182.24366508446113, "completition_cost": 222.2222222222222, "overshoot_cost": 72.35533910620197, "power_cost": 34.28175544433594, "noise_cost": 33.74239666211171, "n_waypoints_completed": 7, "tot_waypoints": 9}}
{"target": -1562.9157780152168, "params": {"k_pid_pos": [1.9165148735046387, 0.9839372634887695, 0.0341610312461853], "k_pid_alt": [1.9901771545410156, 0.9796689748764038, 0.008931487798690796], "k_pid_att": [100.0, 0.09021685272455215, 0.9806671738624573], "k_pid_yaw": [0.5, 1e-06, 0.1], "k_pid_hsp": [10.0, 0.9551107287406921, 0.040268272161483765], "k_pid_vsp": [0.09454488754272461, 6.345332622528076, 399.99969482421875]}, "datetime": {"datetime": "2025-08-12 10:22:57", "elapsed": 64657.098480939865, "delta": 28.288626670837402}, "costs": {"total_cost": 1562.9157780152168, "time_cost": 150, "final_distance_cost": 11.952211404205181, "oscillation_cost": 72.84580581091679, "completition_cost": 1000.0, "overshoot_cost": 165.07438467709656, "power_cost": 27.819464855957033, "noise_cost": 135.2239112670414, "n_waypoints_completed": 0, "tot_waypoints": 9}}
{"target": -750.9844329887627, "params": {"k_pid_pos": [1.9769001007080078, 0.9809175729751587, 0.020009875297546387], "k_pid_alt": [1.9443206787109375, 0.9923478364944458, 0.0050081610679626465], "k_pid_att": [100.0, 0.18249017000198364, 0.9879507422447205], "k_pid_yaw": [0.5, 1e-06, 0.1], "k_pid_hsp": [10.0, 0.9978872537612915, 0.006414204835891724], "k_pid_vsp": [400.0, 0.6047497391700745, 0.3814111351966858]}, "datetime": {"datetime": "2025-08-12 10:23:28", "elapsed": 64687.517545223236, "delta": 30.41906428337097}, "costs": {"total_cost": 750.9844329887627, "time_cost": 150, "final_distance_cost": 70.70188112684193, "oscillation_cost": 180.52743445340957, "completition_cost": 222.2222222222222, "overshoot_cost": 63.95542280783748, "power_cost": 31.19165456542969, "noise_cost": 32.38581781302184, "n_waypoints_completed": 7, "tot_waypoints": 9}}
{"target": -1407.664122432692, "params": {"k_pid_pos": [1.992174506187439, 0.9950355291366577, 0.017974674701690674], "k_pid_alt": [1.9713366031646729, 0.9555049538612366, 0.012354522943496704], "k_pid_att": [100.0, 1.139339566230774, 0.9759989976882935], "k_pid_yaw": [0.5, 1e-06, 0.1], "k_pid_hsp": [9.997787475585938, 0.9975109100341797, 0.02381858229637146], "k_pid_vsp": [400.0, 111.69104766845703, 399.7467041015625]}, "datetime": {"datetime": "2025-08-12 10:23:55", "elapsed": 64714.974209070206, "delta": 27.456663846969604}, "costs": {"total_cost": 1407.664122432692, "time_cost": 150, "final_distance_cost": 40.88201332141394, "oscillation_cost": 66.64363330355305, "completition_cost": 1000.0, "overshoot_cost": 85.53356859548192, "power_cost": 34.37739279785156, "noise_cost": 30.22751441439141, "n_waypoints_completed": 0, "tot_waypoints": 9}}
{"target": -1579.5625654798614, "params": {"k_pid_pos": [1.7239022254943848, 0.9942896366119385, 0.002172708511352539], "k_pid_alt": [1.9852619171142578, 0.9969317317008972, 0.004870295524597168], "k_pid_att": [100.0, 0.17734545469284058, 0.9788022637367249], "k_pid_yaw": [0.5, 1e-06, 0.1], "k_pid_hsp": [10.0, 0.9968168139457703, 0.041151583194732666], "k_pid_vsp": [0.8233785629272461, 11.76706600189209, 0.00028710230253636837]}, "datetime": {"datetime": "2025-08-12 10:24:24", "elapsed": 64744.00707554817, "delta": 29.03286647796631}, "costs": {"total_cost": 1579.5625654798614, "time_cost": 150, "final_distance_cost": 9.459427248215192, "oscillation_cost": 78.7397034225942, "completition_cost": 1000.0, "overshoot_cost": 166.47425426656332, "power_cost": 25.45036402587891, "noise_cost": 149.43881651660996, "n_waypoints_completed": 0, "tot_waypoints": 9}}
{"target": -1561.1141695548527, "params": {"k_pid_pos": [1.9440644979476929, 0.9949476718902588, 0.0018314123153686523], "k_pid_alt": [1.9284825325012207, 0.9921261072158813, 0.0009396970272064209], "k_pid_att": [100.0, 0.211447611451149, 0.9785950183868408], "k_pid_yaw": [0.5, 1e-06, 0.1], "k_pid_hsp": [10.0, 0.9894431829452515, 0.01569080352783203], "k_pid_vsp": [2.384185791015625e-05, 13.948942184448242, 9.999999974752427e-07]}, "datetime": {"datetime": "2025-08-12 10:24:52", "elapsed": 64771.85391497612, "delta": 27.846839427947998}, "costs": {"total_cost": 1561.1141695548527, "time_cost": 150, "final_distance_cost": 14.230196211291615, "oscillation_cost": 55.23134270123052, "completition_cost": 1000.0, "overshoot_cost": 166.286755601774, "power_cost": 24.138634704589844, "noise_cost": 151.2272403359665, "n_waypoints_completed": 0, "tot_waypoints": 9}}
{"target": -672.9049626225888, "params": {"k_pid_pos": [1.980762004852295, 0.8618561029434204, 0.005381196737289429], "k_pid_alt": [1.991797924041748, 0.9901735782623291, 0.020155012607574463], "k_pid_att": [100.0, 0.10565400123596191, 0.9949218034744263], "k_pid_yaw": [0.5, 1e-06, 0.1], "k_pid_hsp": [10.0, 0.9855456352233887, 0.0102977454662323], "k_pid_vsp": [150.46417236328125, 6.6449294090271, 6.29787540435791]}, "datetime": {"datetime": "2025-08-12 10:25:19", "elapsed": 64798.777881383896, "delta": 26.92396640777588}, "costs": {"total_cost": 672.9049626225888, "time_cost": 150, "final_distance_cost": 72.98857391699376, "oscillation_cost": 95.79227517495126, "completition_cost": 222.2222222222222, "overshoot_cost": 67.376266953672, "power_cost": 29.886097131347658, "noise_cost": 34.639527223401814, "n_waypoints_completed": 7, "tot_waypoints": 9}}
{"target": -717.7942625586016, "params": {"k_pid_pos": [1.527795672416687, 0.9637893438339233, 0.0444512665271759], "k_pid_alt": [1.9868605136871338, 0.9133109450340271, 0.007383793592453003], "k_pid_att": [100.0, 1.2703874111175537, 0.9898980855941772], "k_pid_yaw": [0.5, 1e-06, 0.1], "k_pid_hsp": [10.0, 0.9967398643493652, 0.010278761386871338], "k_pid_vsp": [400.0, 1.0856518745422363, 0.22269587218761444]}, "datetime": {"datetime": "2025-08-12 10:25:49", "elapsed": 64829.11671423912, "delta": 30.33883285522461}, "costs": {"total_cost": 717.7942625586016, "time_cost": 150, "final_distance_cost": 64.93964340446527, "oscillation_cost": 154.6571791326951, "completition_cost": 222.2222222222222, "overshoot_cost": 62.88682544275024, "power_cost": 30.513008740234376, "noise_cost": 32.57538361623445, "n_waypoints_completed": 7, "tot_waypoints": 9}}
{"target": -674.6697294763993, "params": {"k_pid_pos": [1.9748212099075317, 0.9936357736587524, 0.04461893439292908], "k_pid_alt": [1.935625433921814, 0.9588887691497803, 0.013163596391677856], "k_pid_att": [100.0, 0.0584028922021389, 0.981953501701355], "k_pid_yaw": [0.5, 1e-06, 0.1], "k_pid_hsp": [10.0, 0.8609706163406372, 0.010933905839920044], "k_pid_vsp": [70.92192077636719, 5.627025127410889, 0.002349423011764884]}, "datetime": {"datetime": "2025-08-12 10:26:17", "elapsed": 64856.817987680435, "delta": 27.701273441314697}, "costs": {"total_cost": 674.6697294763993, "time_cost": 150, "final_distance_cost": 60.43443365632472, "oscillation_cost": 106.32004173590555, "completition_cost": 222.2222222222222, "overshoot_cost": 70.67982098667612, "power_cost": 30.352301599121095, "noise_cost": 34.660909276149575, "n_waypoints_completed": 7, "tot_waypoints": 9}}
{"target": -741.1681821251244, "params": {"k_pid_pos": [1.9774374961853027, 0.9466705322265625, 0.045539647340774536], "k_pid_alt": [1.9963932037353516, 0.9936494827270508, 0.002883017063140869], "k_pid_att": [100.0, 0.16171786189079285, 0.9901928901672363], "k_pid_yaw": [0.5, 1e-06, 0.1], "k_pid_hsp": [10.0, 0.9396443367004395, 0.017109394073486328], "k_pid_vsp": [399.9892578125, 22.696937561035156, 9.999999974752427e-07]}, "datetime": {"datetime": "2025-08-12 10:26:43", "elapsed": 64883.10379576683, "delta": 26.285808086395264}, "costs": {"total_cost": 741.1681821251244, "time_cost": 150, "final_distance_cost": 73.69210912054828, "oscillation_cost": 163.07092566439704, "completition_cost": 222.2222222222222, "overshoot_cost": 67.49444936466493, "power_cost": 30.635041662597658, "noise_cost": 34.05343409069427, "n_waypoints_completed": 7, "tot_waypoints": 9}}
{"target": -1230.1006044158312, "params": {"k_pid_pos": [1.9815707206726074, 0.9770132303237915, 0.014270126819610596], "k_pid_alt": [1.989255428314209, 0.9817991256713867, 0.015919268131256104], "k_pid_att": [100.0, 0.3228559195995331, 0.9413113594055176], "k_pid_yaw": [0.5, 1e-06, 0.1], "k_pid_hsp": [9.999889373779297, 0.9912688732147217, 0.005335390567779541], "k_pid_vsp": [0.0, 21.208192825317383, 9.999999974752427e-07]}, "datetime": {"datetime": "2025-08-12 10:27:13", "elapsed": 64913.11007428169, "delta": 30.00627851486206}, "costs": {"total_cost": 1230.1006044158312, "time_cost": 150, "final_distance_cost": 77.17111171197234, "oscillation_cost": 65.82281513102367, "completition_cost": 777.7777777777778, "overshoot_cost": 94.43430458057604, "power_cost": 28.614450317382815, "noise_cost": 36.280144897098495, "n_waypoints_completed": 2, "tot_waypoints": 9}}
{"target": -1527.357984283548, "params": {"k_pid_pos": [1.9929896593093872, 0.9825290441513062, 0.003918707370758057], "k_pid_alt": [1.9730857610702515, 0.949815034866333, 0.010297507047653198], "k_pid_att": [100.0, 0.18743671476840973, 0.962485671043396], "k_pid_yaw": [0.5, 1e-06, 0.1], "k_pid_hsp": [10.0, 0.911501407623291, 0.00316503643989563], "k_pid_vsp": [400.0, 6.761122703552246, 399.9873046875]}, "datetime": {"datetime": "2025-08-12 10:27:40", "elapsed": 64940.14822888374, "delta": 27.03815460205078}, "costs": {"total_cost": 1527.357984283548, "time_cost": 150, "final_distance_cost": 14.460085448335468, "oscillation_cost": 55.679662560667985, "completition_cost": 1000.0, "overshoot_cost": 164.19956514159998, "power_cost": 31.164542443847658, "noise_cost": 111.85412868909681, "n_waypoints_completed": 0, "tot_waypoints": 9}}
{"target": -1544.2710741229243, "params": {"k_pid_pos": [1.9787485599517822, 0.9835910201072693, 0.015498518943786621], "k_pid_alt": [1.994239091873169, 0.982524573802948, 0.007791399955749512], "k_pid_att": [100.0, 0.8241218328475952, 0.9877932071685791], "k_pid_yaw": [0.5, 1e-06, 0.1], "k_pid_hsp": [9.999994277954102, 0.9942848682403564, 0.014042377471923828], "k_pid_vsp": [0.14383792877197266, 3.0012855529785156, 9.999999974752427e-07]}, "datetime": {"datetime": "2025-08-12 10:28:07", "elapsed": 64966.9606115818, "delta": 26.812382698059082}, "costs": {"total_cost": 1544.2710741229243, "time_cost": 150, "final_distance_cost": 9.457740351731859, "oscillation_cost": 61.00412630294623, "completition_cost": 1000.0, "overshoot_cost": 166.6515123940206, "power_cost": 15.434940112304687, "noise_cost": 141.72275496192097, "n_waypoints_completed": 0, "tot_waypoints": 9}}
{"target": -839.5203628887688, "params": {"k_pid_pos": [1.9459021091461182, 0.9718773365020752, 0.005585581064224243], "k_pid_alt": [1.9251049757003784, 0.9837378859519958, 0.006919264793395996], "k_pid_att": [99.99995422363281, 0.02366296947002411, 0.980894923210144], "k_pid_yaw": [0.5, 1e-06, 0.1], "k_pid_hsp": [10.0, 0.9937574863433838, 0.012026339769363403], "k_pid_vsp": [400.0, 1.8570432662963867, 0.8597384095191956]}, "datetime": {"datetime": "2025-08-12 10:28:35", "elapsed": 64995.22682881355, "delta": 28.26621723175049}, "costs": {"total_cost": 839.5203628887688, "time_cost": 150, "final_distance_cost": 75.47624650907848, "oscillation_cost": 151.0425136374103, "completition_cost": 333.33333333333337, "overshoot_cost": 65.05311781016468, "power_cost": 30.372566467285157, "noise_cost": 34.24258513149692, "n_waypoints_completed": 6, "tot_waypoints": 9}}
