{"target": -728.6661401755872, "params": {"k_pid_pos": [1.9825197458267212, 0.956466794013977, 0.10569345951080322], "k_pid_alt": [1.9606146812438965, 0.9249509572982788, 0.0137176513671875], "k_pid_att": [46.925140380859375, 0.11219047755002975, 0.9044179916381836], "k_pid_yaw": [0.5, 1e-06, 0.1], "k_pid_hsp": [10.0, 0.7269635200500488, 0.13495603203773499], "k_pid_vsp": [389.25164794921875, 6.424535274505615, 88.82075500488281]}, "datetime": {"datetime": "2025-08-12 01:00:11", "elapsed": 30890.491941690445, "delta": 30.583959341049194}, "costs": {"total_cost": 728.6661401755872, "time_cost": 150, "final_distance_cost": 70.80292799478129, "oscillation_cost": 145.80374612951744, "completition_cost": 222.2222222222222, "overshoot_cost": 72.06236768516736, "power_cost": 36.07225290527344, "noise_cost": 31.7026232386255, "n_waypoints_completed": 7, "tot_waypoints": 9}}
{"target": -1305.2154114319062, "params": {"k_pid_pos": [1.8726423978805542, 0.9769287705421448, 0.006434321403503418], "k_pid_alt": [1.9567101001739502, 0.9692854881286621, 0.045083194971084595], "k_pid_att": [100.0, 0.4008263349533081, 0.9766843318939209], "k_pid_yaw": [0.5, 1e-06, 0.1], "k_pid_hsp": [10.0, 0.9428309798240662, 0.00997820496559143], "k_pid_vsp": [0.0, 21.4943904876709, 0.1883874386548996]}, "datetime": {"datetime": "2025-08-12 01:00:41", "elapsed": 30920.740650892258, "delta": 30.248709201812744}, "costs": {"total_cost": 1305.2154114319062, "time_cost": 150, "final_distance_cost": 46.494391304722335, "oscillation_cost": 78.2620973231161, "completition_cost": 888.8888888888888, "overshoot_cost": 76.44638606548686, "power_cost": 29.306381909179688, "noise_cost": 35.8172659405124, "n_waypoints_completed": 1, "tot_waypoints": 9}}
{"target": -1551.242976936219, "params": {"k_pid_pos": [1.9452991485595703, 0.8468055129051208, 0.044784367084503174], "k_pid_alt": [1.8757466077804565, 0.9416172504425049, 0.03895348310470581], "k_pid_att": [99.97081756591797, 0.2863716781139374, 0.9804635047912598], "k_pid_yaw": [0.5, 1e-06, 0.1], "k_pid_hsp": [9.975764274597168, 0.9775465130805969, 0.04760095477104187], "k_pid_vsp": [0.0032186508178710938, 1.8397221565246582, 373.89813232421875]}, "datetime": {"datetime": "2025-08-12 01:01:13", "elapsed": 30952.651201725006, "delta": 31.910550832748413}, "costs": {"total_cost": 1551.242976936219, "time_cost": 150, "final_distance_cost": 3.3936775460360042, "oscillation_cost": 77.16800804171986, "completition_cost": 1000.0, "overshoot_cost": 163.8866105610346, "power_cost": 29.439090869140628, "noise_cost": 127.3555899182879, "n_waypoints_completed": 0, "tot_waypoints": 9}}
{"target": -1315.8375027673137, "params": {"k_pid_pos": [1.990657925605774, 0.9919654726982117, 0.056720614433288574], "k_pid_alt": [1.896514654159546, 0.859713613986969, 0.14596229791641235], "k_pid_att": [100.0, 2.191594123840332, 0.9738134145736694], "k_pid_yaw": [0.5, 1e-06, 0.1], "k_pid_hsp": [10.0, 0.9405562877655029, 0.037025004625320435], "k_pid_vsp": [399.999755859375, 2.3245224952697754, 9.999999974752427e-07]}, "datetime": {"datetime": "2025-08-12 01:01:43", "elapsed": 30983.00238275528, "delta": 30.351181030273438}, "costs": {"total_cost": 1315.8375027673137, "time_cost": 150, "final_distance_cost": 67.40041257047201, "oscillation_cost": 104.45162229238963, "completition_cost": 888.8888888888888, "overshoot_cost": 40.857374917397365, "power_cost": 30.343979333496094, "noise_cost": 33.895224764669884, "n_waypoints_completed": 1, "tot_waypoints": 9}}
{"target": -1560.0499078739663, "params": {"k_pid_pos": [1.8193637132644653, 0.9836368560791016, 0.12491390109062195], "k_pid_alt": [1.9443378448486328, 0.9415934085845947, 0.008103758096694946], "k_pid_att": [100.0, 0.33494001626968384, 0.8053916692733765], "k_pid_yaw": [0.5, 1e-06, 0.1], "k_pid_hsp": [10.0, 0.9977359771728516, 0.005532950162887573], "k_pid_vsp": [0.0, 13.060260772705078, 9.999999974752427e-07]}, "datetime": {"datetime": "2025-08-12 01:02:15", "elapsed": 31014.45838212967, "delta": 31.45599937438965}, "costs": {"total_cost": 1560.0499078739663, "time_cost": 150, "final_distance_cost": 11.522712318685715, "oscillation_cost": 60.33637860640912, "completition_cost": 1000.0, "overshoot_cost": 165.05350516529504, "power_cost": 22.797691857910156, "noise_cost": 150.3396199256664, "n_waypoints_completed": 0, "tot_waypoints": 9}}
{"target": -1303.9885692696587, "params": {"k_pid_pos": [1.9508212804794312, 0.9755399823188782, 0.018234580755233765], "k_pid_alt": [1.9175677299499512, 0.9305088520050049, 0.011272400617599487], "k_pid_att": [100.0, 1.656305193901062, 0.9899280071258545], "k_pid_yaw": [0.5, 1e-06, 0.1], "k_pid_hsp": [10.0, 0.9936294555664062, 0.008114635944366455], "k_pid_vsp": [0.04271268844604492, 31.462862014770508, 9.999999974752427e-07]}, "datetime": {"datetime": "2025-08-12 01:02:46", "elapsed": 31046.34944152832, "delta": 31.891059398651123}, "costs": {"total_cost": 1303.9885692696587, "time_cost": 150, "final_distance_cost": 59.283805217547325, "oscillation_cost": 93.47458535005103, "completition_cost": 888.8888888888888, "overshoot_cost": 49.06071671496601, "power_cost": 30.741336669921875, "noise_cost": 32.539236428283765, "n_waypoints_completed": 1, "tot_waypoints": 9}}
{"target": -530.3924990404987, "params": {"k_pid_pos": [1.985776424407959, 0.9594815969467163, 0.028364628553390503], "k_pid_alt": [1.9878792762756348, 0.9952560663223267, 0.03975743055343628], "k_pid_att": [11.652660369873047, 1.3954099416732788, 0.9288514852523804], "k_pid_yaw": [0.5, 1e-06, 0.1], "k_pid_hsp": [10.0, 0.9816855788230896, 0.19104871153831482], "k_pid_vsp": [32.5932731628418, 4.967726230621338, 9.999999974752427e-07]}, "datetime": {"datetime": "2025-08-12 01:03:18", "elapsed": 31077.820138454437, "delta": 31.470696926116943}, "costs": {"total_cost": 530.3924990404987, "time_cost": 150, "final_distance_cost": 13.680877507840442, "oscillation_cost": 104.27709569867125, "completition_cost": 111.11111111111116, "overshoot_cost": 84.61596718996203, "power_cost": 31.064550524902344, "noise_cost": 35.642897008011424, "n_waypoints_completed": 8, "tot_waypoints": 9}}
{"target": -1567.4623482933837, "params": {"k_pid_pos": [1.9765567779541016, 0.9878953695297241, 0.018042027950286865], "k_pid_alt": [1.7333043813705444, 0.9906741380691528, 0.19249603152275085], "k_pid_att": [100.0, 0.4506526589393616, 0.9813784956932068], "k_pid_yaw": [0.5, 1e-06, 0.1], "k_pid_hsp": [10.0, 0.9799818992614746, 0.044381529092788696], "k_pid_vsp": [0.15554428100585938, 10.14452075958252, 9.999999974752427e-07]}, "datetime": {"datetime": "2025-08-12 01:03:49", "elapsed": 31108.959577560425, "delta": 31.13943910598755}, "costs": {"total_cost": 1567.4623482933837, "time_cost": 150, "final_distance_cost": 8.817158712814784, "oscillation_cost": 70.22376861695372, "completition_cost": 1000.0, "overshoot_cost": 166.76008986806147, "power_cost": 22.790219384765628, "noise_cost": 148.87111171078817, "n_waypoints_completed": 0, "tot_waypoints": 9}}
{"target": -1534.25458880419, "params": {"k_pid_pos": [1.8861885070800781, 0.7333535552024841, 0.08296972513198853], "k_pid_alt": [1.8737897872924805, 0.982406497001648, 0.04806309938430786], "k_pid_att": [100.0, 2.1070284843444824, 0.9829190969467163], "k_pid_yaw": [0.5, 1e-06, 0.1], "k_pid_hsp": [9.998834609985352, 0.934907078742981, 0.009869009256362915], "k_pid_vsp": [3.5762786865234375e-05, 28.08795166015625, 399.6428527832031]}, "datetime": {"datetime": "2025-08-12 01:04:20", "elapsed": 31139.567715406418, "delta": 30.608137845993042}, "costs": {"total_cost": 1534.25458880419, "time_cost": 150, "final_distance_cost": 3.260059412385697, "oscillation_cost": 57.74274420707615, "completition_cost": 1000.0, "overshoot_cost": 163.9469507253932, "power_cost": 31.41029197998047, "noise_cost": 127.89454247935437, "n_waypoints_completed": 0, "tot_waypoints": 9}}
{"target": -1598.741126464341, "params": {"k_pid_pos": [1.9393858909606934, 0.9927597641944885, 0.012377291917800903], "k_pid_alt": [1.925724744796753, 0.9181571006774902, 0.048475414514541626], "k_pid_att": [99.99807739257812, 0.29882296919822693, 0.8632655739784241], "k_pid_yaw": [0.5, 1e-06, 0.1], "k_pid_hsp": [10.0, 0.9295625686645508, 0.24680349230766296], "k_pid_vsp": [1.8021702766418457, 5.1724324226379395, 400.0]}, "datetime": {"datetime": "2025-08-12 01:04:50", "elapsed": 31170.20097064972, "delta": 30.63325524330139}, "costs": {"total_cost": 1598.741126464341, "time_cost": 150, "final_distance_cost": 13.32098084567254, "oscillation_cost": 100.61577859864697, "completition_cost": 1000.0, "overshoot_cost": 165.8158977799769, "power_cost": 32.78354222412109, "noise_cost": 136.20492701592377, "n_waypoints_completed": 0, "tot_waypoints": 9}}
{"target": -769.1818371400736, "params": {"k_pid_pos": [1.9897747039794922, 0.9701331853866577, 0.04472285509109497], "k_pid_alt": [1.9458277225494385, 0.8495073914527893, 0.18398287892341614], "k_pid_att": [100.0, 0.8664919137954712, 0.9514002799987793], "k_pid_yaw": [0.5, 1e-06, 0.1], "k_pid_hsp": [10.0, 0.9679102897644043, 0.013042926788330078], "k_pid_vsp": [400.0, 28.904130935668945, 11.309743881225586]}, "datetime": {"datetime": "2025-08-12 01:05:21", "elapsed": 31200.66986656189, "delta": 30.46889591217041}, "costs": {"total_cost": 769.1818371400736, "time_cost": 150, "final_distance_cost": 68.14086492021642, "oscillation_cost": 87.33585727750317, "completition_cost": 333.33333333333337, "overshoot_cost": 65.96983404161769, "power_cost": 32.70589898681641, "noise_cost": 31.69604858058661, "n_waypoints_completed": 6, "tot_waypoints": 9}}
{"target": -1314.677892608328, "params": {"k_pid_pos": [1.9748655557632446, 0.9264706969261169, 0.03937694430351257], "k_pid_alt": [1.9523341655731201, 0.8946645259857178, 0.004592955112457275], "k_pid_att": [100.0, 0.2643929719924927, 0.98297119140625], "k_pid_yaw": [0.5, 1e-06, 0.1], "k_pid_hsp": [10.0, 0.9682557582855225, 0.04123958945274353], "k_pid_vsp": [354.30120849609375, 7.331002712249756, 9.999999974752427e-07]}, "datetime": {"datetime": "2025-08-12 01:05:51", "elapsed": 31231.349578619003, "delta": 30.679712057113647}, "costs": {"total_cost": 1314.677892608328, "time_cost": 150, "final_distance_cost": 65.75100889431984, "oscillation_cost": 107.02112036531615, "completition_cost": 888.8888888888888, "overshoot_cost": 38.939558086057, "power_cost": 30.26249429931641, "noise_cost": 33.8148220744298, "n_waypoints_completed": 1, "tot_waypoints": 9}}
{"target": -1529.0804252354385, "params": {"k_pid_pos": [1.912472128868103, 0.9501426815986633, 0.06923913955688477], "k_pid_alt": [1.9484270811080933, 0.9679699540138245, 0.013941407203674316], "k_pid_att": [100.0, 0.1404934674501419, 0.9820089340209961], "k_pid_yaw": [0.5, 1e-06, 0.1], "k_pid_hsp": [9.770827293395996, 0.9623773097991943, 0.0038004815578460693], "k_pid_vsp": [2.5084376335144043, 3.723550796508789, 362.66070556640625]}, "datetime": {"datetime": "2025-08-12 01:06:22", "elapsed": 31262.35627937317, "delta": 31.00670075416565}, "costs": {"total_cost": 1529.0804252354385, "time_cost": 150, "final_distance_cost": 3.9644326528669596, "oscillation_cost": 44.321197242054325, "completition_cost": 1000.0, "overshoot_cost": 165.14946782784762, "power_cost": 23.364727746582034, "noise_cost": 142.28059976608728, "n_waypoints_completed": 0, "tot_waypoints": 9}}
{"target": -1557.862600890073, "params": {"k_pid_pos": [1.9523677825927734, 0.98616623878479, 0.005836606025695801], "k_pid_alt": [1.9536919593811035, 0.7970132231712341, 0.021504104137420654], "k_pid_att": [100.0, 1.3646899461746216, 0.960155725479126], "k_pid_yaw": [0.5, 1e-06, 0.1], "k_pid_hsp": [10.0, 0.9815258979797363, 0.04267504811286926], "k_pid_vsp": [0.0, 1.5077838897705078, 400.0]}, "datetime": {"datetime": "2025-08-12 01:06:53", "elapsed": 31292.990409851074, "delta": 30.634130477905273}, "costs": {"total_cost": 1557.862600890073, "time_cost": 150, "final_distance_cost": 8.86434989769912, "oscillation_cost": 75.70471741702057, "completition_cost": 1000.0, "overshoot_cost": 164.3919888346904, "power_cost": 25.075776232910158, "noise_cost": 133.82576850775283, "n_waypoints_completed": 0, "tot_waypoints": 9}}
{"target": -1436.0999771882646, "params": {"k_pid_pos": [1.8820489645004272, 0.8303654193878174, 0.24473252892494202], "k_pid_alt": [1.9874014854431152, 0.9792115092277527, 0.04300001263618469], "k_pid_att": [100.0, 1.164389967918396, 0.9378664493560791], "k_pid_yaw": [0.5, 1e-06, 0.1], "k_pid_hsp": [10.0, 0.9936165809631348, 0.003925353288650513], "k_pid_vsp": [0.0, 8.352889060974121, 400.0]}, "datetime": {"datetime": "2025-08-12 01:07:24", "elapsed": 31324.032620429993, "delta": 31.042210578918457}, "costs": {"total_cost": 1436.0999771882646, "time_cost": 150, "final_distance_cost": 124.147356973859, "oscillation_cost": 98.45771400700669, "completition_cost": 777.7777777777778, "overshoot_cost": 191.61369287504542, "power_cost": 30.921901684570315, "noise_cost": 63.18153387000529, "n_waypoints_completed": 2, "tot_waypoints": 9}}
{"target": -1308.1472721115747, "params": {"k_pid_pos": [1.9494105577468872, 0.8830761313438416, 0.10840529203414917], "k_pid_alt": [1.9320638179779053, 0.9912890791893005, 0.013747543096542358], "k_pid_att": [99.99905395507812, 3.12862229347229, 0.9182489514350891], "k_pid_yaw": [0.5, 1e-06, 0.1], "k_pid_hsp": [10.0, 0.9844388961791992, 0.23447439074516296], "k_pid_vsp": [397.5238342285156, 5.733073711395264, 396.97650146484375]}, "datetime": {"datetime": "2025-08-12 01:07:55", "elapsed": 31355.366672039032, "delta": 31.334051609039307}, "costs": {"total_cost": 1308.1472721115747, "time_cost": 150, "final_distance_cost": 95.96798974070128, "oscillation_cost": 132.08127106330474, "completition_cost": 777.7777777777778, "overshoot_cost": 81.73779858206893, "power_cost": 38.44447111816407, "noise_cost": 32.13796382955764, "n_waypoints_completed": 2, "tot_waypoints": 9}}
{"target": -1553.2071933526747, "params": {"k_pid_pos": [1.9855234622955322, 0.9862109422683716, 0.011926025152206421], "k_pid_alt": [1.7600940465927124, 0.9787604808807373, 0.03848382830619812], "k_pid_att": [100.0, 3.4222609996795654, 0.8007307052612305], "k_pid_yaw": [0.5, 1e-06, 0.1], "k_pid_hsp": [10.0, 0.7513691186904907, 0.017194688320159912], "k_pid_vsp": [0.0004887580871582031, 11.836434364318848, 399.901123046875]}, "datetime": {"datetime": "2025-08-12 01:08:26", "elapsed": 31386.107345104218, "delta": 30.740673065185547}, "costs": {"total_cost": 1553.2071933526747, "time_cost": 150, "final_distance_cost": 11.788622847124545, "oscillation_cost": 62.21451285815896, "completition_cost": 1000.0, "overshoot_cost": 165.1950156800055, "power_cost": 26.227172668457033, "noise_cost": 137.7818692989285, "n_waypoints_completed": 0, "tot_waypoints": 9}}
{"target": -1565.0623614629649, "params": {"k_pid_pos": [1.7987186908721924, 0.9987378120422363, 0.07885321974754333], "k_pid_alt": [1.9905688762664795, 0.9884419441223145, 0.028394371271133423], "k_pid_att": [100.0, 0.12402217835187912, 0.9905035495758057], "k_pid_yaw": [0.5, 1e-06, 0.1], "k_pid_hsp": [8.729341506958008, 0.9988300800323486, 0.029114603996276855], "k_pid_vsp": [0.0, 52.54181671142578, 164.87631225585938]}, "datetime": {"datetime": "2025-08-12 01:08:57", "elapsed": 31417.16801762581, "delta": 31.060672521591187}, "costs": {"total_cost": 1565.0623614629649, "time_cost": 150, "final_distance_cost": 11.297811279733327, "oscillation_cost": 74.03708581264343, "completition_cost": 1000.0, "overshoot_cost": 166.11419923929014, "power_cost": 34.417907336425785, "noise_cost": 129.19535779487225, "n_waypoints_completed": 0, "tot_waypoints": 9}}
{"target": -1533.8172762139322, "params": {"k_pid_pos": [1.8500065803527832, 0.7994705438613892, 0.026772528886795044], "k_pid_alt": [1.9099465608596802, 0.9747766256332397, 0.036744624376297], "k_pid_att": [99.99998474121094, 0.07849989086389542, 0.9962762594223022], "k_pid_yaw": [0.5, 1e-06, 0.1], "k_pid_hsp": [9.999151229858398, 0.9908444881439209, 0.020075201988220215], "k_pid_vsp": [0.004518032073974609, 2.0453343391418457, 399.2840270996094]}, "datetime": {"datetime": "2025-08-12 01:09:28", "elapsed": 31448.214460611343, "delta": 31.046442985534668}, "costs": {"total_cost": 1533.8172762139322, "time_cost": 150, "final_distance_cost": 7.191505831892384, "oscillation_cost": 57.2151262645539, "completition_cost": 1000.0, "overshoot_cost": 163.88643490149292, "power_cost": 20.737312158203125, "noise_cost": 134.78689705778993, "n_waypoints_completed": 0, "tot_waypoints": 9}}
{"target": -1577.021543979899, "params": {"k_pid_pos": [1.9846725463867188, 0.8913330435752869, 0.004559725522994995], "k_pid_alt": [1.9603524208068848, 0.9160586595535278, 0.04476621747016907], "k_pid_att": [100.0, 0.13884511590003967, 0.9884145259857178], "k_pid_yaw": [0.5, 1e-06, 0.1], "k_pid_hsp": [9.999996185302734, 0.9357315301895142, 0.040728360414505005], "k_pid_vsp": [0.5470752716064453, 22.50762176513672, 399.980224609375]}, "datetime": {"datetime": "2025-08-12 01:09:59", "elapsed": 31479.200363874435, "delta": 30.98590326309204}, "costs": {"total_cost": 1577.021543979899, "time_cost": 150, "final_distance_cost": 14.44848030648733, "oscillation_cost": 81.88806897354215, "completition_cost": 1000.0, "overshoot_cost": 166.0343328179219, "power_cost": 33.22545189208984, "noise_cost": 131.42520998985768, "n_waypoints_completed": 0, "tot_waypoints": 9}}
{"target": -1588.5583864933878, "params": {"k_pid_pos": [1.8228704929351807, 0.9875549077987671, 0.014515012502670288], "k_pid_alt": [1.9874227046966553, 0.8521949052810669, 0.03870999813079834], "k_pid_att": [100.0, 0.23122364282608032, 0.9657962322235107], "k_pid_yaw": [0.5, 1e-06, 0.1], "k_pid_hsp": [10.0, 0.9629744291305542, 0.07343429327011108], "k_pid_vsp": [0.03604888916015625, 13.750649452209473, 400.0]}, "datetime": {"datetime": "2025-08-12 01:10:31", "elapsed": 31510.63889026642, "delta": 31.438526391983032}, "costs": {"total_cost": 1588.5583864933878, "time_cost": 150, "final_distance_cost": 13.349560726251385, "oscillation_cost": 93.38253598919621, "completition_cost": 1000.0, "overshoot_cost": 165.9229654177798, "power_cost": 33.605268188476565, "noise_cost": 132.2980561716837, "n_waypoints_completed": 0, "tot_waypoints": 9}}
{"target": -1530.905299484585, "params": {"k_pid_pos": [1.9642490148544312, 0.955032467842102, 0.014746159315109253], "k_pid_alt": [1.969865322113037, 0.9727473258972168, 0.005811154842376709], "k_pid_att": [100.0, 2.5178725719451904, 0.9840915203094482], "k_pid_yaw": [0.5, 1e-06, 0.1], "k_pid_hsp": [10.0, 0.9785333275794983, 0.006239205598831177], "k_pid_vsp": [19.075214385986328, 4.875017166137695, 396.75079345703125]}, "datetime": {"datetime": "2025-08-12 01:11:02", "elapsed": 31541.875768899918, "delta": 31.236878633499146}, "costs": {"total_cost": 1530.905299484585, "time_cost": 150, "final_distance_cost": 8.236455442302228, "oscillation_cost": 52.27367625401313, "completition_cost": 1000.0, "overshoot_cost": 166.05224624393537, "power_cost": 30.773978833007813, "noise_cost": 123.56894271132664, "n_waypoints_completed": 0, "tot_waypoints": 9}}
{"target": -1538.0676222098061, "params": {"k_pid_pos": [1.6946043968200684, 0.9827901124954224, 0.015405714511871338], "k_pid_alt": [1.9593639373779297, 0.9931753873825073, 0.00805896520614624], "k_pid_att": [100.0, 2.5869853496551514, 0.9804006814956665], "k_pid_yaw": [0.5, 1e-06, 0.1], "k_pid_hsp": [10.0, 0.9882636070251465, 0.023191750049591064], "k_pid_vsp": [0.0, 7.692564487457275, 400.0]}, "datetime": {"datetime": "2025-08-12 01:11:33", "elapsed": 31572.823621988297, "delta": 30.947853088378906}, "costs": {"total_cost": 1538.0676222098061, "time_cost": 150, "final_distance_cost": 2.1505844954723186, "oscillation_cost": 61.510436602828804, "completition_cost": 1000.0, "overshoot_cost": 164.61383941807574, "power_cost": 27.18559774169922, "noise_cost": 132.60716395173026, "n_waypoints_completed": 0, "tot_waypoints": 9}}
{"target": -1550.7864316882553, "params": {"k_pid_pos": [1.985251545906067, 0.9528971314430237, 0.022858351469039917], "k_pid_alt": [1.9365975856781006, 0.9817807078361511, 0.06901949644088745], "k_pid_att": [100.0, 0.317059725522995, 0.9895893931388855], "k_pid_yaw": [0.5, 1e-06, 0.1], "k_pid_hsp": [0.05057986080646515, 0.9784625768661499, 0.04818326234817505], "k_pid_vsp": [194.49464416503906, 9.048569679260254, 400.0]}, "datetime": {"datetime": "2025-08-12 01:12:05", "elapsed": 31604.59505367279, "delta": 31.77143168449402}, "costs": {"total_cost": 1550.7864316882553, "time_cost": 150, "final_distance_cost": 24.774905648318626, "oscillation_cost": 50.482274597310266, "completition_cost": 1000.0, "overshoot_cost": 173.60433087532917, "power_cost": 30.199737829589846, "noise_cost": 121.72518273770741, "n_waypoints_completed": 0, "tot_waypoints": 9}}
{"target": -1592.8812483575412, "params": {"k_pid_pos": [1.9714329242706299, 0.9649075865745544, 0.011811822652816772], "k_pid_alt": [1.941737174987793, 0.9847160577774048, 0.08753609657287598], "k_pid_att": [100.0, 0.3091869056224823, 0.7469854950904846], "k_pid_yaw": [0.5, 1e-06, 0.1], "k_pid_hsp": [9.994965553283691, 0.9860376119613647, 0.21671658754348755], "k_pid_vsp": [233.7424774169922, 2.247239112854004, 399.9998474121094]}, "datetime": {"datetime": "2025-08-12 01:12:35", "elapsed": 31635.121638536453, "delta": 30.52658486366272}, "costs": {"total_cost": 1592.8812483575412, "time_cost": 150, "final_distance_cost": 9.97258001340814, "oscillation_cost": 102.4333319434218, "completition_cost": 1000.0, "overshoot_cost": 165.77250222232965, "power_cost": 36.29439373779297, "noise_cost": 128.40844044058872, "n_waypoints_completed": 0, "tot_waypoints": 9}}
