{"target": -787.0450640256522, "params": {"k_pid_pos": [1.919340968132019, 0.9645410776138306, 0.0039317309856414795], "k_pid_alt": [1.9867589473724365, 0.9525001049041748, 0.004987210035324097], "k_pid_att": [100.0, 0.0341985821723938, 0.9955649375915527], "k_pid_yaw": [0.5, 1e-06, 0.1], "k_pid_hsp": [10.0, 0.9822409749031067, 0.017194092273712158], "k_pid_vsp": [400.0, 1.5494475364685059, 73.71607971191406]}, "datetime": {"datetime": "2025-08-12 07:06:34", "elapsed": 52873.91841030121, "delta": 31.747665643692017}, "costs": {"total_cost": 787.0450640256522, "time_cost": 150, "final_distance_cost": 68.78100920120907, "oscillation_cost": 106.51815894494996, "completition_cost": 333.33333333333337, "overshoot_cost": 63.803694423771766, "power_cost": 34.55277105712891, "noise_cost": 30.05609706525909, "n_waypoints_completed": 6, "tot_waypoints": 9}}
{"target": -3116.247700762897, "params": {"k_pid_pos": [1.9923038482666016, 0.9636304974555969, 0.009057849645614624], "k_pid_alt": [1.9861478805541992, 0.9912691116333008, 0.004706442356109619], "k_pid_att": [0.22279620170593262, 1.6385318040847778, 0.9369112253189087], "k_pid_yaw": [0.5, 1e-06, 0.1], "k_pid_hsp": [10.0, 0.9738106727600098, 0.026279985904693604], "k_pid_vsp": [399.9625549316406, 7.316256523132324, 4.023719787597656]}, "datetime": {"datetime": "2025-08-12 07:07:05", "elapsed": 52905.34921789169, "delta": 31.43080759048462}, "costs": {"total_cost": 3116.247700762897, "time_cost": 150, "final_distance_cost": 93.33535925181795, "oscillation_cost": 1053.2957768262904, "completition_cost": 1000.0, "overshoot_cost": 599.0839582176783, "power_cost": 58.719840563964844, "noise_cost": 161.81276590314548, "n_waypoints_completed": 0, "tot_waypoints": 9}}
{"target": -762.7740533698491, "params": {"k_pid_pos": [1.9767173528671265, 0.9847204685211182, 0.0423198938369751], "k_pid_alt": [1.9598517417907715, 0.9187185764312744, 0.016625791788101196], "k_pid_att": [100.0, 0.10686247795820236, 0.9984018206596375], "k_pid_yaw": [0.5, 1e-06, 0.1], "k_pid_hsp": [10.0, 0.9865641593933105, 0.005168944597244263], "k_pid_vsp": [400.0, 0.4544387459754944, 174.91525268554688]}, "datetime": {"datetime": "2025-08-12 07:07:37", "elapsed": 52937.22263455391, "delta": 31.873416662216187}, "costs": {"total_cost": 762.7740533698491, "time_cost": 150, "final_distance_cost": 66.73471321132835, "oscillation_cost": 78.05835954191298, "completition_cost": 333.33333333333337, "overshoot_cost": 70.00375143449016, "power_cost": 33.624638720703125, "noise_cost": 31.019257128081115, "n_waypoints_completed": 6, "tot_waypoints": 9}}
{"target": -1352.0679937857133, "params": {"k_pid_pos": [1.8610349893569946, 0.9970046877861023, 0.022905796766281128], "k_pid_alt": [1.9932584762573242, 0.9710137248039246, 0.015882492065429688], "k_pid_att": [100.0, 0.7103129625320435, 0.9720765948295593], "k_pid_yaw": [0.5, 1e-06, 0.1], "k_pid_hsp": [9.999999046325684, 0.9793181419372559, 0.058911651372909546], "k_pid_vsp": [400.0, 8.0709228515625, 399.99993896484375]}, "datetime": {"datetime": "2025-08-12 07:08:09", "elapsed": 52969.16969203949, "delta": 31.947057485580444}, "costs": {"total_cost": 1352.0679937857133, "time_cost": 150, "final_distance_cost": 69.8075980326678, "oscillation_cost": 103.83446715978697, "completition_cost": 888.8888888888888, "overshoot_cost": 72.01421261368878, "power_cost": 35.832423779296874, "noise_cost": 31.69040331138382, "n_waypoints_completed": 1, "tot_waypoints": 9}}
{"target": -1327.1108870729593, "params": {"k_pid_pos": [1.9413527250289917, 0.9744826555252075, 0.019886702299118042], "k_pid_alt": [1.916428565979004, 0.9902979135513306, 0.004551023244857788], "k_pid_att": [100.0, 0.2806139290332794, 0.9434757232666016], "k_pid_yaw": [0.5, 1e-06, 0.1], "k_pid_hsp": [10.0, 0.9990434646606445, 0.061877042055130005], "k_pid_vsp": [251.42483520507812, 17.89533042907715, 9.999999974752427e-07]}, "datetime": {"datetime": "2025-08-12 07:08:41", "elapsed": 53000.83656358719, "delta": 31.666871547698975}, "costs": {"total_cost": 1327.1108870729593, "time_cost": 150, "final_distance_cost": 72.97122437810074, "oscillation_cost": 109.36511252785965, "completition_cost": 888.8888888888888, "overshoot_cost": 41.068541820161755, "power_cost": 31.061319091796875, "noise_cost": 33.755800366151604, "n_waypoints_completed": 1, "tot_waypoints": 9}}
{"target": -857.2700737905417, "params": {"k_pid_pos": [1.94591224193573, 0.99251389503479, 0.013797998428344727], "k_pid_alt": [1.8851733207702637, 0.9919755458831787, 0.0150851309299469], "k_pid_att": [100.0, 0.11662263423204422, 0.9486874938011169], "k_pid_yaw": [0.5, 1e-06, 0.1], "k_pid_hsp": [9.999968528747559, 0.9938992261886597, 0.012479037046432495], "k_pid_vsp": [399.9991455078125, 8.93910026550293, 9.999999974752427e-07]}, "datetime": {"datetime": "2025-08-12 07:09:13", "elapsed": 53033.04045701027, "delta": 32.203893423080444}, "costs": {"total_cost": 857.2700737905417, "time_cost": 150, "final_distance_cost": 75.3625439304729, "oscillation_cost": 168.18035370230336, "completition_cost": 333.33333333333337, "overshoot_cost": 65.21512739413143, "power_cost": 30.85372673339844, "noise_cost": 34.32498869690225, "n_waypoints_completed": 6, "tot_waypoints": 9}}
{"target": -1466.2408486981356, "params": {"k_pid_pos": [1.9425806999206543, 0.9943643808364868, 0.013650059700012207], "k_pid_alt": [1.984112024307251, 0.9926542639732361, 0.0400959849357605], "k_pid_att": [100.0, 0.1956292986869812, 0.9968038201332092], "k_pid_yaw": [0.5, 1e-06, 0.1], "k_pid_hsp": [10.0, 0.9849386215209961, 0.01601654291152954], "k_pid_vsp": [0.0, 18.29014015197754, 0.008643673732876778]}, "datetime": {"datetime": "2025-08-12 07:09:44", "elapsed": 53063.97692942619, "delta": 30.936472415924072}, "costs": {"total_cost": 1466.2408486981356, "time_cost": 150, "final_distance_cost": 13.004527658763855, "oscillation_cost": 63.428080604217705, "completition_cost": 1000.0, "overshoot_cost": 123.14020157769927, "power_cost": 27.799688903808594, "noise_cost": 88.86834995364593, "n_waypoints_completed": 0, "tot_waypoints": 9}}
{"target": -1560.9390416818494, "params": {"k_pid_pos": [1.803751826286316, 0.958458662033081, 0.013840407133102417], "k_pid_alt": [1.9612013101577759, 0.9614019393920898, 0.02390897274017334], "k_pid_att": [100.0, 0.11665809899568558, 0.9931475520133972], "k_pid_yaw": [0.5, 1e-06, 0.1], "k_pid_hsp": [0.00030414387583732605, 0.9940919876098633, 0.02851635217666626], "k_pid_vsp": [0.3590106964111328, 4.0672430992126465, 399.7598571777344]}, "datetime": {"datetime": "2025-08-12 07:10:16", "elapsed": 53095.45133447647, "delta": 31.47440505027771}, "costs": {"total_cost": 1560.9390416818494, "time_cost": 150, "final_distance_cost": 18.227090830552232, "oscillation_cost": 56.22784958353667, "completition_cost": 1000.0, "overshoot_cost": 174.75515724078127, "power_cost": 18.337904345703127, "noise_cost": 143.39103968127597, "n_waypoints_completed": 0, "tot_waypoints": 9}}
{"target": -736.2503200521122, "params": {"k_pid_pos": [1.9847828149795532, 0.9971446990966797, 0.022709280252456665], "k_pid_alt": [1.903944492340088, 0.8811082243919373, 0.025095880031585693], "k_pid_att": [100.0, 0.20716357231140137, 0.9377251863479614], "k_pid_yaw": [0.5, 1e-06, 0.1], "k_pid_hsp": [10.0, 0.9887731075286865, 0.00804603099822998], "k_pid_vsp": [399.99951171875, 0.8389840722084045, 9.999999974752427e-07]}, "datetime": {"datetime": "2025-08-12 07:10:46", "elapsed": 53125.7723903656, "delta": 30.32105588912964}, "costs": {"total_cost": 736.2503200521122, "time_cost": 150, "final_distance_cost": 70.76460696484433, "oscillation_cost": 165.93472304865523, "completition_cost": 222.2222222222222, "overshoot_cost": 63.208813287751944, "power_cost": 31.340297326660156, "noise_cost": 32.77965720197842, "n_waypoints_completed": 7, "tot_waypoints": 9}}
{"target": -5755.070320955916, "params": {"k_pid_pos": [1.992613434791565, 0.9877270460128784, 0.029711991548538208], "k_pid_alt": [1.9091356992721558, 0.9805794954299927, 0.08645182847976685], "k_pid_att": [0.002345442771911621, 0.7508666515350342, 0.9865143299102783], "k_pid_yaw": [0.5, 1e-06, 0.1], "k_pid_hsp": [9.999996185302734, 0.8906864523887634, 0.01560637354850769], "k_pid_vsp": [399.98968505859375, 2.0856986045837402, 400.0]}, "datetime": {"datetime": "2025-08-12 07:11:18", "elapsed": 53158.05678510666, "delta": 32.28439474105835}, "costs": {"total_cost": 5755.070320955916, "time_cost": 150, "final_distance_cost": 1026.7624301110518, "oscillation_cost": 912.8522897783703, "completition_cost": 1000.0, "overshoot_cost": 2444.3921265724057, "power_cost": 54.979055993652345, "noise_cost": 166.08441850043562, "n_waypoints_completed": 0, "tot_waypoints": 9}}
{"target": -1338.6970502713768, "params": {"k_pid_pos": [1.925546646118164, 0.9709293842315674, 0.007672339677810669], "k_pid_alt": [1.8544270992279053, 0.957592785358429, 0.07651111483573914], "k_pid_att": [99.99921417236328, 0.048025231808423996, 0.9872386455535889], "k_pid_yaw": [0.5, 1e-06, 0.1], "k_pid_hsp": [10.0, 0.9924949407577515, 0.06597930192947388], "k_pid_vsp": [6.404733657836914, 4.928256034851074, 0.0009069906082004309]}, "datetime": {"datetime": "2025-08-12 07:11:50", "elapsed": 53190.18867111206, "delta": 32.13188600540161}, "costs": {"total_cost": 1338.6970502713768, "time_cost": 150, "final_distance_cost": 68.55402627821839, "oscillation_cost": 86.96104636605553, "completition_cost": 888.8888888888888, "overshoot_cost": 76.09244775270892, "power_cost": 30.92778564453125, "noise_cost": 37.27285534097412, "n_waypoints_completed": 1, "tot_waypoints": 9}}
{"target": -1312.3643510779923, "params": {"k_pid_pos": [1.97114896774292, 0.9964787364006042, 0.008365333080291748], "k_pid_alt": [1.9832639694213867, 0.9747077226638794, 0.0032784640789031982], "k_pid_att": [100.0, 0.17066740989685059, 0.9390677809715271], "k_pid_yaw": [0.5, 1e-06, 0.1], "k_pid_hsp": [9.9998197555542, 0.9744673371315002, 0.051655113697052], "k_pid_vsp": [400.0, 15.81970500946045, 9.999999974752427e-07]}, "datetime": {"datetime": "2025-08-12 07:12:22", "elapsed": 53221.717458724976, "delta": 31.52878761291504}, "costs": {"total_cost": 1312.3643510779923, "time_cost": 150, "final_distance_cost": 72.45189362385067, "oscillation_cost": 95.5579885870404, "completition_cost": 888.8888888888888, "overshoot_cost": 40.70754216717841, "power_cost": 30.889320666503906, "noise_cost": 33.86871714453016, "n_waypoints_completed": 1, "tot_waypoints": 9}}
{"target": -1418.051369582299, "params": {"k_pid_pos": [1.9918678998947144, 0.9511157274246216, 0.007536411285400391], "k_pid_alt": [1.8611549139022827, 0.9065402150154114, 0.0053133368492126465], "k_pid_att": [100.0, 0.36481595039367676, 0.996473491191864], "k_pid_yaw": [0.5, 1e-06, 0.1], "k_pid_hsp": [9.999528884887695, 0.9528497457504272, 0.06065279245376587], "k_pid_vsp": [399.9984130859375, 3.88541316986084, 400.0]}, "datetime": {"datetime": "2025-08-12 07:12:54", "elapsed": 53253.46616816521, "delta": 31.748709440231323}, "costs": {"total_cost": 1418.051369582299, "time_cost": 150, "final_distance_cost": 46.41036540481646, "oscillation_cost": 89.71394912260133, "completition_cost": 1000.0, "overshoot_cost": 63.72874847553863, "power_cost": 36.229544055175786, "noise_cost": 31.968762524166866, "n_waypoints_completed": 0, "tot_waypoints": 9}}
{"target": -708.8275481911683, "params": {"k_pid_pos": [1.983849287033081, 0.9673894047737122, 0.0106639564037323], "k_pid_alt": [1.9813387393951416, 0.997693657875061, 0.03350415825843811], "k_pid_att": [100.0, 0.9983623027801514, 0.9721781015396118], "k_pid_yaw": [0.5, 1e-06, 0.1], "k_pid_hsp": [10.0, 0.9794878363609314, 0.002014636993408203], "k_pid_vsp": [342.9100646972656, 5.436326026916504, 9.999999974752427e-07]}, "datetime": {"datetime": "2025-08-12 07:13:24", "elapsed": 53284.0344183445, "delta": 30.56825017929077}, "costs": {"total_cost": 708.8275481911683, "time_cost": 150, "final_distance_cost": 71.9823305785361, "oscillation_cost": 136.8107348356909, "completition_cost": 222.2222222222222, "overshoot_cost": 64.14180243010455, "power_cost": 30.819875817871097, "noise_cost": 32.85058230674341, "n_waypoints_completed": 7, "tot_waypoints": 9}}
{"target": -1557.0029841369058, "params": {"k_pid_pos": [1.5850658416748047, 0.9941638708114624, 0.005951732397079468], "k_pid_alt": [1.9600671529769897, 0.9563432931900024, 0.018593579530715942], "k_pid_att": [100.0, 0.6487511992454529, 0.9482021331787109], "k_pid_yaw": [0.5, 1e-06, 0.1], "k_pid_hsp": [10.0, 0.937569260597229, 0.037097007036209106], "k_pid_vsp": [0.0025391578674316406, 5.11372184753418, 9.999999974752427e-07]}, "datetime": {"datetime": "2025-08-12 07:13:55", "elapsed": 53315.0785241127, "delta": 31.044105768203735}, "costs": {"total_cost": 1557.0029841369058, "time_cost": 150, "final_distance_cost": 4.912481456608997, "oscillation_cost": 73.55766287128255, "completition_cost": 1000.0, "overshoot_cost": 166.92202056643967, "power_cost": 18.182156274414062, "noise_cost": 143.42866296816064, "n_waypoints_completed": 0, "tot_waypoints": 9}}
{"target": -1552.1981406122034, "params": {"k_pid_pos": [1.9841786623001099, 0.9887391328811646, 0.0008839070796966553], "k_pid_alt": [1.8334672451019287, 0.8920317888259888, 0.018250495195388794], "k_pid_att": [100.0, 1.0370644330978394, 0.9918447732925415], "k_pid_yaw": [0.5, 1e-06, 0.1], "k_pid_hsp": [9.899317741394043, 0.8991605043411255, 0.0017380118370056152], "k_pid_vsp": [0.4977583885192871, 15.199399948120117, 0.0045547946356236935]}, "datetime": {"datetime": "2025-08-12 07:14:28", "elapsed": 53347.81352376938, "delta": 32.734999656677246}, "costs": {"total_cost": 1552.1981406122034, "time_cost": 150, "final_distance_cost": 14.382691844085773, "oscillation_cost": 46.56651311255284, "completition_cost": 1000.0, "overshoot_cost": 165.82071258366832, "power_cost": 25.37413701171875, "noise_cost": 150.05408606017758, "n_waypoints_completed": 0, "tot_waypoints": 9}}
{"target": -1530.7597309684734, "params": {"k_pid_pos": [1.9602609872817993, 0.883272647857666, 0.005687594413757324], "k_pid_alt": [1.9806129932403564, 0.9429552555084229, 0.026024669408798218], "k_pid_att": [100.0, 0.06828166544437408, 0.9841636419296265], "k_pid_yaw": [0.5, 1e-06, 0.1], "k_pid_hsp": [10.0, 0.9814876914024353, 0.0027132630348205566], "k_pid_vsp": [0.020420551300048828, 6.072212219238281, 400.0]}, "datetime": {"datetime": "2025-08-12 07:15:01", "elapsed": 53380.50468468666, "delta": 32.691160917282104}, "costs": {"total_cost": 1530.7597309684734, "time_cost": 150, "final_distance_cost": 8.724643929544673, "oscillation_cost": 47.204023390905014, "completition_cost": 1000.0, "overshoot_cost": 164.85728197042638, "power_cost": 20.242076220703126, "noise_cost": 139.7317054568942, "n_waypoints_completed": 0, "tot_waypoints": 9}}
{"target": -1537.5713048385242, "params": {"k_pid_pos": [1.9938462972640991, 0.9866688251495361, 0.010367065668106079], "k_pid_alt": [1.9385982751846313, 0.9697760343551636, 0.0026366710662841797], "k_pid_att": [99.99961853027344, 0.4724850058555603, 0.9829152822494507], "k_pid_yaw": [0.5, 1e-06, 0.1], "k_pid_hsp": [10.0, 0.9964573383331299, 0.015065163373947144], "k_pid_vsp": [0.0036716461181640625, 7.669497489929199, 7.683313846588135]}, "datetime": {"datetime": "2025-08-12 07:15:31", "elapsed": 53410.65637874603, "delta": 30.15169405937195}, "costs": {"total_cost": 1537.5713048385242, "time_cost": 150, "final_distance_cost": 2.545711393235265, "oscillation_cost": 53.00767733620112, "completition_cost": 1000.0, "overshoot_cost": 166.31029940911358, "power_cost": 18.896388549804687, "noise_cost": 146.81122815016948, "n_waypoints_completed": 0, "tot_waypoints": 9}}
{"target": -1531.034855210056, "params": {"k_pid_pos": [1.981830358505249, 0.976904571056366, 0.1619161069393158], "k_pid_alt": [1.971489667892456, 0.9749588966369629, 0.03655931353569031], "k_pid_att": [99.99760437011719, 0.0777086466550827, 0.9210753440856934], "k_pid_yaw": [0.5, 1e-06, 0.1], "k_pid_hsp": [10.0, 0.9578163623809814, 0.013256937265396118], "k_pid_vsp": [0.013399124145507812, 3.6800155639648438, 0.000442074378952384]}, "datetime": {"datetime": "2025-08-12 07:16:02", "elapsed": 53441.88189172745, "delta": 31.225512981414795}, "costs": {"total_cost": 1531.034855210056, "time_cost": 150, "final_distance_cost": 6.238748369723073, "oscillation_cost": 51.5074724615809, "completition_cost": 1000.0, "overshoot_cost": 165.67325780593947, "power_cost": 15.25945897216797, "noise_cost": 142.35591760064443, "n_waypoints_completed": 0, "tot_waypoints": 9}}
{"target": -1398.9575794376685, "params": {"k_pid_pos": [1.9859447479248047, 0.9930441379547119, 0.006028503179550171], "k_pid_alt": [1.9817506074905396, 0.9950747489929199, 0.008634239435195923], "k_pid_att": [100.0, 0.3027702271938324, 0.9709256291389465], "k_pid_yaw": [0.5, 1e-06, 0.1], "k_pid_hsp": [10.0, 0.9361079931259155, 0.03249835968017578], "k_pid_vsp": [0.001049041748046875, 22.689952850341797, 0.000120209289889317]}, "datetime": {"datetime": "2025-08-12 07:16:35", "elapsed": 53474.5541472435, "delta": 32.672255516052246}, "costs": {"total_cost": 1398.9575794376685, "time_cost": 150, "final_distance_cost": 32.24705326340199, "oscillation_cost": 93.03780565777491, "completition_cost": 1000.0, "overshoot_cost": 57.64004140125189, "power_cost": 30.51642967529297, "noise_cost": 35.51624943994675, "n_waypoints_completed": 0, "tot_waypoints": 9}}
{"target": -1308.5528150973662, "params": {"k_pid_pos": [1.9464831352233887, 0.9656332731246948, 0.0025814175605773926], "k_pid_alt": [1.9234262704849243, 0.8962857723236084, 0.025163739919662476], "k_pid_att": [100.0, 0.18077507615089417, 0.9708453416824341], "k_pid_yaw": [0.5, 1e-06, 0.1], "k_pid_hsp": [10.0, 0.9760937094688416, 0.02726644277572632], "k_pid_vsp": [400.0, 4.727686405181885, 0.0036130414810031652]}, "datetime": {"datetime": "2025-08-12 07:17:08", "elapsed": 53508.0934240818, "delta": 33.53927683830261}, "costs": {"total_cost": 1308.5528150973662, "time_cost": 150, "final_distance_cost": 63.01424005612136, "oscillation_cost": 103.06054778553684, "completition_cost": 888.8888888888888, "overshoot_cost": 40.32769652241467, "power_cost": 29.407470178222656, "noise_cost": 33.853971666181934, "n_waypoints_completed": 1, "tot_waypoints": 9}}
{"target": -778.0494612447716, "params": {"k_pid_pos": [1.9546581506729126, 0.9742732048034668, 0.018511831760406494], "k_pid_alt": [1.9783344268798828, 0.9903513193130493, 0.02245008945465088], "k_pid_att": [100.0, 0.274997740983963, 0.9543240666389465], "k_pid_yaw": [0.5, 1e-06, 0.1], "k_pid_hsp": [10.0, 0.9798319339752197, 0.015950500965118408], "k_pid_vsp": [399.410888671875, 17.089536666870117, 30.66752052307129]}, "datetime": {"datetime": "2025-08-12 07:17:44", "elapsed": 53543.45698571205, "delta": 35.36356163024902}, "costs": {"total_cost": 778.0494612447716, "time_cost": 150, "final_distance_cost": 73.91403485650713, "oscillation_cost": 90.25128253598304, "completition_cost": 333.33333333333337, "overshoot_cost": 65.50679271237438, "power_cost": 33.52211953125, "noise_cost": 31.521898275323533, "n_waypoints_completed": 6, "tot_waypoints": 9}}
{"target": -1525.8634024233506, "params": {"k_pid_pos": [1.885256052017212, 0.9896433353424072, 0.008070975542068481], "k_pid_alt": [1.985055923461914, 0.9729716777801514, 0.04702216386795044], "k_pid_att": [100.0, 0.1802895963191986, 0.8333553075790405], "k_pid_yaw": [0.5, 1e-06, 0.1], "k_pid_hsp": [10.0, 0.9876102209091187, 0.01018679141998291], "k_pid_vsp": [399.99993896484375, 4.081083297729492, 399.9997863769531]}, "datetime": {"datetime": "2025-08-12 07:18:29", "elapsed": 53589.327167749405, "delta": 45.870182037353516}, "costs": {"total_cost": 1525.8634024233506, "time_cost": 150, "final_distance_cost": 9.36883610828105, "oscillation_cost": 63.30330883172708, "completition_cost": 1000.0, "overshoot_cost": 162.93576557814134, "power_cost": 32.200864086914066, "noise_cost": 108.05462781828692, "n_waypoints_completed": 0, "tot_waypoints": 9}}
{"target": -1522.1825327172194, "params": {"k_pid_pos": [1.9924248456954956, 0.8701938986778259, 0.021189868450164795], "k_pid_alt": [1.9648960828781128, 0.9898172616958618, 0.08606886863708496], "k_pid_att": [100.0, 0.36464372277259827, 0.9452587366104126], "k_pid_yaw": [0.5, 1e-06, 0.1], "k_pid_hsp": [10.0, 0.9838874340057373, 0.008422911167144775], "k_pid_vsp": [0.38079023361206055, 3.878129482269287, 39.90886306762695]}, "datetime": {"datetime": "2025-08-12 07:19:05", "elapsed": 53625.03770279884, "delta": 35.71053504943848}, "costs": {"total_cost": 1522.1825327172194, "time_cost": 150, "final_distance_cost": 1.4442115289498354, "oscillation_cost": 48.23265470824716, "completition_cost": 1000.0, "overshoot_cost": 164.41947632355055, "power_cost": 19.715189965820315, "noise_cost": 138.37100019065164, "n_waypoints_completed": 0, "tot_waypoints": 9}}
{"target": -1540.9911895273035, "params": {"k_pid_pos": [1.9513940811157227, 0.984032392501831, 0.005102217197418213], "k_pid_alt": [1.9944543838500977, 0.9544803500175476, 0.012040972709655762], "k_pid_att": [100.0, 0.2918013036251068, 0.9650595188140869], "k_pid_yaw": [0.5, 1e-06, 0.1], "k_pid_hsp": [10.0, 0.9884834289550781, 0.013508498668670654], "k_pid_vsp": [0.3147244453430176, 11.389124870300293, 280.8309326171875]}, "datetime": {"datetime": "2025-08-12 07:19:37", "elapsed": 53657.172569036484, "delta": 32.13486623764038}, "costs": {"total_cost": 1540.9911895273035, "time_cost": 150, "final_distance_cost": 8.434869248763633, "oscillation_cost": 52.584649422642, "completition_cost": 1000.0, "overshoot_cost": 165.24636551999814, "power_cost": 26.837554235839846, "noise_cost": 137.88775110005994, "n_waypoints_completed": 0, "tot_waypoints": 9}}
