{"target": -1325.9814094292772, "params": {"k_pid_pos": [1.9405769109725952, 0.9555631875991821, 0.021099388599395752], "k_pid_alt": [1.9733963012695312, 0.8948298692703247, 0.037678033113479614], "k_pid_att": [100.0, 1.2197386026382446, 0.972794771194458], "k_pid_yaw": [0.5, 1e-06, 0.1], "k_pid_hsp": [10.0, 0.9078885316848755, 0.03926852345466614], "k_pid_vsp": [399.99993896484375, 14.322114944458008, 3.676278720377013e-05]}, "datetime": {"datetime": "2025-08-12 03:09:55", "elapsed": 38674.914125442505, "delta": 31.25663709640503}, "costs": {"total_cost": 1325.9814094292772, "time_cost": 150, "final_distance_cost": 73.01485628630095, "oscillation_cost": 109.71283443881052, "completition_cost": 888.8888888888888, "overshoot_cost": 39.94181055810807, "power_cost": 30.53530174560547, "noise_cost": 33.88771751156326, "n_waypoints_completed": 1, "tot_waypoints": 9}}
{"target": -1295.5192478403771, "params": {"k_pid_pos": [1.9400147199630737, 0.9365408420562744, 0.015576720237731934], "k_pid_alt": [1.964107871055603, 0.9206129908561707, 0.038657546043395996], "k_pid_att": [100.0, 3.707026481628418, 0.9541013240814209], "k_pid_yaw": [0.5, 1e-06, 0.1], "k_pid_hsp": [10.0, 0.9721639156341553, 0.03324785828590393], "k_pid_vsp": [400.0, 6.463659763336182, 33.64300537109375]}, "datetime": {"datetime": "2025-08-12 03:10:26", "elapsed": 38706.01363110542, "delta": 31.09950566291809}, "costs": {"total_cost": 1295.5192478403771, "time_cost": 150, "final_distance_cost": 59.84723685591454, "oscillation_cost": 88.77626119121608, "completition_cost": 888.8888888888888, "overshoot_cost": 42.181686897855265, "power_cost": 35.13050018310547, "noise_cost": 30.694673823396865, "n_waypoints_completed": 1, "tot_waypoints": 9}}
{"target": -1553.9563515489028, "params": {"k_pid_pos": [1.9914567470550537, 0.9973841905593872, 0.013169825077056885], "k_pid_alt": [1.9314088821411133, 0.7652819156646729, 0.04212599992752075], "k_pid_att": [100.0, 2.4155805110931396, 0.9169120192527771], "k_pid_yaw": [0.5, 1e-06, 0.1], "k_pid_hsp": [10.0, 0.740972638130188, 0.0934922993183136], "k_pid_vsp": [0.0, 2.5317440032958984, 9.999999974752427e-07]}, "datetime": {"datetime": "2025-08-12 03:10:58", "elapsed": 38737.89786195755, "delta": 31.884230852127075}, "costs": {"total_cost": 1553.9563515489028, "time_cost": 150, "final_distance_cost": 9.93081443026215, "oscillation_cost": 69.92575655215256, "completition_cost": 1000.0, "overshoot_cost": 167.13114985215486, "power_cost": 18.392438964843752, "noise_cost": 138.57619174948937, "n_waypoints_completed": 0, "tot_waypoints": 9}}
{"target": -1500.8942887677276, "params": {"k_pid_pos": [1.9776498079299927, 0.981079638004303, 0.005567491054534912], "k_pid_alt": [1.9625051021575928, 0.9899489879608154, 0.2859155535697937], "k_pid_att": [100.0, 0.18769718706607819, 0.9709259271621704], "k_pid_yaw": [0.5, 1e-06, 0.1], "k_pid_hsp": [10.0, 0.8965674638748169, 0.01854407787322998], "k_pid_vsp": [400.0, 32.60247802734375, 399.99993896484375]}, "datetime": {"datetime": "2025-08-12 03:11:29", "elapsed": 38769.281074762344, "delta": 31.38321280479431}, "costs": {"total_cost": 1500.8942887677276, "time_cost": 150, "final_distance_cost": 7.141997371047586, "oscillation_cost": 62.70325173129622, "completition_cost": 1000.0, "overshoot_cost": 158.72668058458646, "power_cost": 33.8990439453125, "noise_cost": 88.42331513548501, "n_waypoints_completed": 0, "tot_waypoints": 9}}
{"target": -1525.9753376959432, "params": {"k_pid_pos": [1.9002327919006348, 0.8475953340530396, 0.07034453749656677], "k_pid_alt": [1.9739495515823364, 0.9712847471237183, 0.03971228003501892], "k_pid_att": [73.46266174316406, 0.17798559367656708, 0.9143537282943726], "k_pid_yaw": [0.5, 1e-06, 0.1], "k_pid_hsp": [10.0, 0.991001546382904, 0.014895707368850708], "k_pid_vsp": [399.9999694824219, 20.665515899658203, 399.9460144042969]}, "datetime": {"datetime": "2025-08-12 03:12:00", "elapsed": 38800.34527468681, "delta": 31.064199924468994}, "costs": {"total_cost": 1525.9753376959432, "time_cost": 150, "final_distance_cost": 4.565881287481172, "oscillation_cost": 59.42094350794418, "completition_cost": 1000.0, "overshoot_cost": 163.2373024076131, "power_cost": 31.481495556640628, "noise_cost": 117.26971493626431, "n_waypoints_completed": 0, "tot_waypoints": 9}}
{"target": -1519.893960430744, "params": {"k_pid_pos": [1.978129267692566, 0.9811038970947266, 0.007241994142532349], "k_pid_alt": [1.9859205484390259, 0.9682711362838745, 0.023024141788482666], "k_pid_att": [100.0, 3.345884084701538, 0.9608078598976135], "k_pid_yaw": [0.5, 1e-06, 0.1], "k_pid_hsp": [10.0, 0.970832347869873, 0.005303889513015747], "k_pid_vsp": [399.9999694824219, 13.9009370803833, 396.42816162109375]}, "datetime": {"datetime": "2025-08-12 03:12:31", "elapsed": 38830.76698255539, "delta": 30.42170786857605}, "costs": {"total_cost": 1519.893960430744, "time_cost": 150, "final_distance_cost": 13.551708476244755, "oscillation_cost": 56.68030570817365, "completition_cost": 1000.0, "overshoot_cost": 161.75227380753958, "power_cost": 32.495035986328126, "noise_cost": 105.41463645245808, "n_waypoints_completed": 0, "tot_waypoints": 9}}
{"target": -1545.461423448318, "params": {"k_pid_pos": [1.8918262720108032, 0.9396538734436035, 0.018823623657226562], "k_pid_alt": [1.9883787631988525, 0.9736404418945312, 0.03961879014968872], "k_pid_att": [99.99993133544922, 0.012058657594025135, 0.9782075881958008], "k_pid_yaw": [0.5, 1e-06, 0.1], "k_pid_hsp": [10.0, 0.9809387922286987, 0.02603951096534729], "k_pid_vsp": [0.0, 1.9273290634155273, 9.999999974752427e-07]}, "datetime": {"datetime": "2025-08-12 03:13:02", "elapsed": 38862.02534866333, "delta": 31.258366107940674}, "costs": {"total_cost": 1545.461423448318, "time_cost": 150, "final_distance_cost": 8.060478539953138, "oscillation_cost": 65.7087393203783, "completition_cost": 1000.0, "overshoot_cost": 166.78403346694148, "power_cost": 14.791452380371094, "noise_cost": 140.11671974067403, "n_waypoints_completed": 0, "tot_waypoints": 9}}
{"target": -1578.0818184065702, "params": {"k_pid_pos": [1.9250376224517822, 0.9413092136383057, 0.0155143141746521], "k_pid_alt": [1.9827392101287842, 0.8281280994415283, 0.030273795127868652], "k_pid_att": [100.0, 0.05339555814862251, 0.8324967622756958], "k_pid_yaw": [0.5, 1e-06, 0.1], "k_pid_hsp": [10.0, 0.9733993411064148, 0.058625996112823486], "k_pid_vsp": [4.082190990447998, 21.142221450805664, 399.0647888183594]}, "datetime": {"datetime": "2025-08-12 03:13:36", "elapsed": 38895.751519441605, "delta": 33.726170778274536}, "costs": {"total_cost": 1578.0818184065702, "time_cost": 150, "final_distance_cost": 3.6962080577905034, "oscillation_cost": 90.25940220347795, "completition_cost": 1000.0, "overshoot_cost": 166.00445886619187, "power_cost": 35.121784667968754, "noise_cost": 132.99996461114094, "n_waypoints_completed": 0, "tot_waypoints": 9}}
{"target": -1537.1414969806622, "params": {"k_pid_pos": [1.8672605752944946, 0.9453252553939819, 0.00814327597618103], "k_pid_alt": [1.8993241786956787, 0.801773190498352, 0.11120504140853882], "k_pid_att": [100.0, 0.7892781496047974, 0.9536557197570801], "k_pid_yaw": [0.5, 1e-06, 0.1], "k_pid_hsp": [10.0, 0.9789110422134399, 0.008077949285507202], "k_pid_vsp": [51.83863830566406, 2.4299869537353516, 400.0]}, "datetime": {"datetime": "2025-08-12 03:14:07", "elapsed": 38926.796085357666, "delta": 31.0445659160614}, "costs": {"total_cost": 1537.1414969806622, "time_cost": 150, "final_distance_cost": 11.783753068233997, "oscillation_cost": 51.91556762996122, "completition_cost": 1000.0, "overshoot_cost": 165.70718883741094, "power_cost": 31.98580181884766, "noise_cost": 125.74918562620846, "n_waypoints_completed": 0, "tot_waypoints": 9}}
{"target": -1451.5030760657812, "params": {"k_pid_pos": [1.945114016532898, 0.9860799312591553, 0.10151836276054382], "k_pid_alt": [1.9907368421554565, 0.916911244392395, 0.002379506826400757], "k_pid_att": [100.0, 0.42371371388435364, 0.9621414542198181], "k_pid_yaw": [0.5, 1e-06, 0.1], "k_pid_hsp": [0.1792459338903427, 0.9988095760345459, 0.0033394992351531982], "k_pid_vsp": [400.0, 4.545176982879639, 399.9494934082031]}, "datetime": {"datetime": "2025-08-12 03:14:38", "elapsed": 38957.934052705765, "delta": 31.137967348098755}, "costs": {"total_cost": 1451.5030760657812, "time_cost": 150, "final_distance_cost": 27.888657575086164, "oscillation_cost": 83.7893380866681, "completition_cost": 1000.0, "overshoot_cost": 120.61082231897963, "power_cost": 35.28364864501953, "noise_cost": 33.93060944002771, "n_waypoints_completed": 0, "tot_waypoints": 9}}
{"target": -1542.4649286152135, "params": {"k_pid_pos": [1.8910446166992188, 0.9942365288734436, 0.10691985487937927], "k_pid_alt": [1.9221574068069458, 0.9898892045021057, 0.05415359139442444], "k_pid_att": [100.0, 0.2678127586841583, 0.9864146709442139], "k_pid_yaw": [0.5, 1e-06, 0.1], "k_pid_hsp": [10.0, 0.9926471710205078, 0.012299537658691406], "k_pid_vsp": [1.0698676109313965, 4.559160232543945, 9.999999974752427e-07]}, "datetime": {"datetime": "2025-08-12 03:15:10", "elapsed": 38989.549210071564, "delta": 31.61515736579895}, "costs": {"total_cost": 1542.4649286152135, "time_cost": 150, "final_distance_cost": 13.556462946555538, "oscillation_cost": 48.74793458448396, "completition_cost": 1000.0, "overshoot_cost": 165.8731549426777, "power_cost": 18.170327416992187, "noise_cost": 146.11704872450392, "n_waypoints_completed": 0, "tot_waypoints": 9}}
{"target": -1550.7301328874048, "params": {"k_pid_pos": [1.9877909421920776, 0.9874220490455627, 0.01912635564804077], "k_pid_alt": [1.5713878870010376, 0.9321030378341675, 0.003777742385864258], "k_pid_att": [99.96333312988281, 2.167414426803589, 0.9962228536605835], "k_pid_yaw": [0.5, 1e-06, 0.1], "k_pid_hsp": [10.0, 0.9610503911972046, 0.024702847003936768], "k_pid_vsp": [0.0, 41.837562561035156, 290.91351318359375]}, "datetime": {"datetime": "2025-08-12 03:15:41", "elapsed": 39021.07854413986, "delta": 31.52933406829834}, "costs": {"total_cost": 1550.7301328874048, "time_cost": 150, "final_distance_cost": 12.26005749156675, "oscillation_cost": 68.18493829173916, "completition_cost": 1000.0, "overshoot_cost": 165.47974643610934, "power_cost": 32.99996260986328, "noise_cost": 121.80542805812642, "n_waypoints_completed": 0, "tot_waypoints": 9}}
{"target": -1586.3495755594586, "params": {"k_pid_pos": [1.9267430305480957, 0.9873614311218262, 0.03370887041091919], "k_pid_alt": [1.770618200302124, 0.9165918827056885, 0.055838584899902344], "k_pid_att": [100.0, 0.09349536895751953, 0.9814916849136353], "k_pid_yaw": [0.5, 1e-06, 0.1], "k_pid_hsp": [10.0, 0.9880708456039429, 0.08915123343467712], "k_pid_vsp": [217.0863800048828, 41.141475677490234, 400.0]}, "datetime": {"datetime": "2025-08-12 03:16:13", "elapsed": 39052.43570518494, "delta": 31.357161045074463}, "costs": {"total_cost": 1586.3495755594586, "time_cost": 150, "final_distance_cost": 11.10242841317322, "oscillation_cost": 95.72429090446518, "completition_cost": 1000.0, "overshoot_cost": 165.83579536694876, "power_cost": 35.311635668945314, "noise_cost": 128.37542520592626, "n_waypoints_completed": 0, "tot_waypoints": 9}}
{"target": -1536.0949245514357, "params": {"k_pid_pos": [1.9743577241897583, 0.9689967632293701, 0.04882800579071045], "k_pid_alt": [1.96537446975708, 0.9893620610237122, 0.010356605052947998], "k_pid_att": [100.0, 3.233119010925293, 0.9803445339202881], "k_pid_yaw": [0.5, 1e-06, 0.1], "k_pid_hsp": [10.0, 0.9912706613540649, 0.01663246750831604], "k_pid_vsp": [0.0, 7.104087829589844, 400.0]}, "datetime": {"datetime": "2025-08-12 03:16:44", "elapsed": 39083.778324604034, "delta": 31.3426194190979}, "costs": {"total_cost": 1536.0949245514357, "time_cost": 150, "final_distance_cost": 6.5436105800927065, "oscillation_cost": 53.78060159749836, "completition_cost": 1000.0, "overshoot_cost": 164.43338341563265, "power_cost": 24.37527938232422, "noise_cost": 136.9620495758876, "n_waypoints_completed": 0, "tot_waypoints": 9}}
{"target": -1557.2661870801685, "params": {"k_pid_pos": [1.9611046314239502, 0.9940485954284668, 0.09541988372802734], "k_pid_alt": [1.9893673658370972, 0.9016156792640686, 0.05789628624916077], "k_pid_att": [100.0, 0.8458060622215271, 0.9934026598930359], "k_pid_yaw": [0.5, 1e-06, 0.1], "k_pid_hsp": [9.995926856994629, 0.9194313883781433, 0.029617011547088623], "k_pid_vsp": [299.7946472167969, 4.764331340789795, 399.62921142578125]}, "datetime": {"datetime": "2025-08-12 03:17:15", "elapsed": 39115.20237874985, "delta": 31.42405414581299}, "costs": {"total_cost": 1557.2661870801685, "time_cost": 150, "final_distance_cost": 7.006810325561396, "oscillation_cost": 73.8660529291312, "completition_cost": 1000.0, "overshoot_cost": 165.30399477209912, "power_cost": 34.27176531982422, "noise_cost": 126.81756373355265, "n_waypoints_completed": 0, "tot_waypoints": 9}}
{"target": -1437.674574847667, "params": {"k_pid_pos": [1.9425798654556274, 0.8884503841400146, 0.004587113857269287], "k_pid_alt": [1.9233837127685547, 0.9839102029800415, 0.007043719291687012], "k_pid_att": [100.0, 5.2256340980529785, 0.9968634843826294], "k_pid_yaw": [0.5, 1e-06, 0.1], "k_pid_hsp": [10.0, 0.9848916530609131, 0.03313004970550537], "k_pid_vsp": [394.7028503417969, 13.863194465637207, 400.0]}, "datetime": {"datetime": "2025-08-12 03:17:47", "elapsed": 39146.9816198349, "delta": 31.77924108505249}, "costs": {"total_cost": 1437.674574847667, "time_cost": 150, "final_distance_cost": 18.230160863760094, "oscillation_cost": 73.44459342512033, "completition_cost": 1000.0, "overshoot_cost": 129.11718261089632, "power_cost": 35.67781002197266, "noise_cost": 31.20482792591737, "n_waypoints_completed": 0, "tot_waypoints": 9}}
{"target": -1348.4217776763312, "params": {"k_pid_pos": [1.8046185970306396, 0.9912006855010986, 0.00233614444732666], "k_pid_alt": [1.9624300003051758, 0.9240761995315552, 0.009571701288223267], "k_pid_att": [100.0, 5.6243743896484375, 0.9933885931968689], "k_pid_yaw": [0.5, 1e-06, 0.1], "k_pid_hsp": [10.0, 0.9335315227508545, 0.059001624584198], "k_pid_vsp": [399.7609558105469, 15.445900917053223, 399.9789123535156]}, "datetime": {"datetime": "2025-08-12 03:18:18", "elapsed": 39178.02894234657, "delta": 31.047322511672974}, "costs": {"total_cost": 1348.4217776763312, "time_cost": 150, "final_distance_cost": 73.27608470190845, "oscillation_cost": 99.38359206542786, "completition_cost": 888.8888888888888, "overshoot_cost": 70.16222788434848, "power_cost": 35.368242626953126, "noise_cost": 31.34274150880457, "n_waypoints_completed": 1, "tot_waypoints": 9}}
{"target": -1580.8471731456038, "params": {"k_pid_pos": [1.9728459119796753, 0.9909766912460327, 0.04895424842834473], "k_pid_alt": [1.912954330444336, 0.9821444749832153, 0.002714604139328003], "k_pid_att": [100.0, 2.756862163543701, 0.9687578678131104], "k_pid_yaw": [0.5, 1e-06, 0.1], "k_pid_hsp": [10.0, 0.9413653612136841, 0.13482868671417236], "k_pid_vsp": [0.0, 30.479528427124023, 399.9954528808594]}, "datetime": {"datetime": "2025-08-12 03:18:48", "elapsed": 39208.24410009384, "delta": 30.215157747268677}, "costs": {"total_cost": 1580.8471731456038, "time_cost": 150, "final_distance_cost": 4.055868698571915, "oscillation_cost": 98.34134497850373, "completition_cost": 1000.0, "overshoot_cost": 165.8918833982755, "power_cost": 34.148972497558596, "noise_cost": 128.4091035726941, "n_waypoints_completed": 0, "tot_waypoints": 9}}
{"target": -566.7130843184515, "params": {"k_pid_pos": [1.9943645000457764, 0.9329219460487366, 0.013418227434158325], "k_pid_alt": [1.947596788406372, 0.9891725778579712, 0.027626842260360718], "k_pid_att": [100.0, 0.1751338392496109, 0.8593037128448486], "k_pid_yaw": [0.5, 1e-06, 0.1], "k_pid_hsp": [9.999967575073242, 0.989999532699585, 0.00446280837059021], "k_pid_vsp": [394.4342041015625, 6.352962017059326, 0.00027518137358129025]}, "datetime": {"datetime": "2025-08-12 03:19:23", "elapsed": 39242.52318906784, "delta": 34.27908897399902}, "costs": {"total_cost": 566.7130843184515, "time_cost": 150, "final_distance_cost": 30.815495580296986, "oscillation_cost": 142.5648013678811, "completition_cost": 111.11111111111116, "overshoot_cost": 69.38438845192368, "power_cost": 30.32567745361328, "noise_cost": 32.51161035362532, "n_waypoints_completed": 8, "tot_waypoints": 9}}
{"target": -1579.744574208719, "params": {"k_pid_pos": [1.974043607711792, 0.9653283357620239, 0.01898670196533203], "k_pid_alt": [1.9425485134124756, 0.7752114534378052, 0.05614408850669861], "k_pid_att": [99.9989242553711, 0.2958233952522278, 0.9831631779670715], "k_pid_yaw": [0.5, 1e-06, 0.1], "k_pid_hsp": [10.0, 0.9880357384681702, 0.41362032294273376], "k_pid_vsp": [294.07171630859375, 22.627714157104492, 399.87945556640625]}, "datetime": {"datetime": "2025-08-12 03:19:57", "elapsed": 39276.86158037186, "delta": 34.33839130401611}, "costs": {"total_cost": 1579.744574208719, "time_cost": 150, "final_distance_cost": 5.050834686221596, "oscillation_cost": 95.56701793523837, "completition_cost": 1000.0, "overshoot_cost": 165.54860107052636, "power_cost": 35.68244771728516, "noise_cost": 127.89567279944771, "n_waypoints_completed": 0, "tot_waypoints": 9}}
{"target": -2074.062344922204, "params": {"k_pid_pos": [1.9675718545913696, 0.901580274105072, 0.12320756912231445], "k_pid_alt": [1.9769747257232666, 0.9427233338356018, 0.028858929872512817], "k_pid_att": [0.08575022220611572, 0.15436838567256927, 0.9847967624664307], "k_pid_yaw": [0.5, 1e-06, 0.1], "k_pid_hsp": [10.0, 0.9822251796722412, 0.1690768599510193], "k_pid_vsp": [399.9890441894531, 1.5409598350524902, 9.636743197916076e-05]}, "datetime": {"datetime": "2025-08-12 03:20:28", "elapsed": 39307.92383313179, "delta": 31.06225275993347}, "costs": {"total_cost": 2074.062344922204, "time_cost": 150, "final_distance_cost": 212.83889589488527, "oscillation_cost": 108.73998714238456, "completition_cost": 1000.0, "overshoot_cost": 442.24852037450023, "power_cost": 54.16738510742188, "noise_cost": 106.06755640301193, "n_waypoints_completed": 0, "tot_waypoints": 9}}
{"target": -1544.7903162460002, "params": {"k_pid_pos": [1.8629155158996582, 0.9495649337768555, 0.06269389390945435], "k_pid_alt": [1.906949520111084, 0.954331636428833, 0.04033935070037842], "k_pid_att": [100.0, 0.4901018738746643, 0.98633873462677], "k_pid_yaw": [0.5, 1e-06, 0.1], "k_pid_hsp": [10.0, 0.9115858674049377, 0.016487479209899902], "k_pid_vsp": [0.000286102294921875, 0.9579787850379944, 0.19033055007457733]}, "datetime": {"datetime": "2025-08-12 03:21:00", "elapsed": 39339.689700603485, "delta": 31.765867471694946}, "costs": {"total_cost": 1544.7903162460002, "time_cost": 150, "final_distance_cost": 14.028661566091793, "oscillation_cost": 61.163317609795634, "completition_cost": 1000.0, "overshoot_cost": 166.78136307781241, "power_cost": 13.852274206542969, "noise_cost": 138.96469978575766, "n_waypoints_completed": 0, "tot_waypoints": 9}}
{"target": -598.1807506032803, "params": {"k_pid_pos": [1.9646445512771606, 0.9833665490150452, 0.06438392400741577], "k_pid_alt": [1.975111484527588, 0.9414265155792236, 0.014927029609680176], "k_pid_att": [100.0, 0.859622597694397, 0.9518749117851257], "k_pid_yaw": [0.5, 1e-06, 0.1], "k_pid_hsp": [10.0, 0.8911183476448059, 0.002488642930984497], "k_pid_vsp": [256.8674621582031, 21.33228874206543, 0.025058792904019356]}, "datetime": {"datetime": "2025-08-12 03:21:31", "elapsed": 39371.37183570862, "delta": 31.682135105133057}, "costs": {"total_cost": 598.1807506032803, "time_cost": 150, "final_distance_cost": 71.5772984840311, "oscillation_cost": 129.96786306555157, "completition_cost": 111.11111111111116, "overshoot_cost": 71.04869425648356, "power_cost": 30.474601098632814, "noise_cost": 34.001182587470204, "n_waypoints_completed": 8, "tot_waypoints": 9}}
{"target": -1519.6843948135236, "params": {"k_pid_pos": [1.7378424406051636, 0.991879940032959, 0.11857393383979797], "k_pid_alt": [1.90389883518219, 0.9790539741516113, 0.00659528374671936], "k_pid_att": [100.0, 0.3263606131076813, 0.8821355700492859], "k_pid_yaw": [0.5, 1e-06, 0.1], "k_pid_hsp": [9.999980926513672, 0.9918882846832275, 0.0038658082485198975], "k_pid_vsp": [400.0, 21.8758487701416, 400.0]}, "datetime": {"datetime": "2025-08-12 03:22:03", "elapsed": 39402.80848860741, "delta": 31.436652898788452}, "costs": {"total_cost": 1519.6843948135236, "time_cost": 150, "final_distance_cost": 5.3856787709202685, "oscillation_cost": 62.659100465727626, "completition_cost": 1000.0, "overshoot_cost": 161.42055411677188, "power_cost": 31.73738950195313, "noise_cost": 108.48167195815056, "n_waypoints_completed": 0, "tot_waypoints": 9}}
{"target": -3445.794985992351, "params": {"k_pid_pos": [1.983599066734314, 0.9924434423446655, 0.02118542790412903], "k_pid_alt": [1.9207254648208618, 0.986208438873291, 0.051616787910461426], "k_pid_att": [0.015458464622497559, 2.083395481109619, 0.979318380355835], "k_pid_yaw": [0.5, 1e-06, 0.1], "k_pid_hsp": [10.0, 0.9789478778839111, 0.02121075987815857], "k_pid_vsp": [0.24864673614501953, 28.547861099243164, 0.003696487983688712]}, "datetime": {"datetime": "2025-08-12 03:22:35", "elapsed": 39434.859545230865, "delta": 32.05105662345886}, "costs": {"total_cost": 3445.794985992351, "time_cost": 150, "final_distance_cost": 128.6044168743859, "oscillation_cost": 1172.8184714736576, "completition_cost": 1000.0, "overshoot_cost": 792.5384511558156, "power_cost": 44.28992977294922, "noise_cost": 157.54371671554284, "n_waypoints_completed": 0, "tot_waypoints": 9}}
