{"target": -3998.77953177811, "params": {"k_pid_pos": [1.9688953161239624, 0.8894924521446228, 0.04535672068595886], "k_pid_alt": [1.9735171794891357, 0.9089776277542114, 0.022956132888793945], "k_pid_att": [0.015875697135925293, 7.061822414398193, 0.9924886226654053], "k_pid_yaw": [0.5, 1e-06, 0.1], "k_pid_hsp": [9.999996185302734, 0.9289553761482239, 0.07342278957366943], "k_pid_vsp": [2.384185791015625e-05, 13.259268760681152, 400.0]}, "datetime": {"datetime": "2025-08-11 19:28:00", "elapsed": 10960.115398168564, "delta": 30.460163593292236}, "costs": {"total_cost": 3998.77953177811, "time_cost": 150, "final_distance_cost": 496.55630466995143, "oscillation_cost": 1309.6122057908913, "completition_cost": 1000.0, "overshoot_cost": 852.5565331811138, "power_cost": 38.830748242187504, "noise_cost": 151.22373989396644, "n_waypoints_completed": 0, "tot_waypoints": 9}}
{"target": -1581.2761830816821, "params": {"k_pid_pos": [1.8459120988845825, 0.9200915694236755, 0.2453959882259369], "k_pid_alt": [1.817482352256775, 0.9269949197769165, 0.03592631220817566], "k_pid_att": [100.0, 6.405302047729492, 0.6741791367530823], "k_pid_yaw": [0.5, 1e-06, 0.1], "k_pid_hsp": [6.827888488769531, 0.9901794195175171, 0.043615520000457764], "k_pid_vsp": [284.2574157714844, 69.27098083496094, 400.0]}, "datetime": {"datetime": "2025-08-11 19:28:31", "elapsed": 10991.111312866211, "delta": 30.995914697647095}, "costs": {"total_cost": 1581.2761830816821, "time_cost": 150, "final_distance_cost": 8.619373608352701, "oscillation_cost": 90.86723855996199, "completition_cost": 1000.0, "overshoot_cost": 164.6046538887264, "power_cost": 34.48706442871094, "noise_cost": 132.69785259593, "n_waypoints_completed": 0, "tot_waypoints": 9}}
{"target": -1842.1431629369606, "params": {"k_pid_pos": [1.9144201278686523, 0.6964095830917358, 0.07616794109344482], "k_pid_alt": [1.9797124862670898, 0.8993294835090637, 0.016862720251083374], "k_pid_att": [100.0, 4.282798767089844, 0.9335437417030334], "k_pid_yaw": [0.5, 1e-06, 0.1], "k_pid_hsp": [9.999507904052734, 0.9987368583679199, 0.026807546615600586], "k_pid_vsp": [0.0, 25.821855545043945, 397.7738037109375]}, "datetime": {"datetime": "2025-08-11 19:29:01", "elapsed": 11021.24043726921, "delta": 30.129124402999878}, "costs": {"total_cost": 1842.1431629369606, "time_cost": 150, "final_distance_cost": 165.72537298368314, "oscillation_cost": 88.87070078438146, "completition_cost": 888.8888888888888, "overshoot_cost": 454.5076750464819, "power_cost": 32.95987590332032, "noise_cost": 61.19064933020487, "n_waypoints_completed": 1, "tot_waypoints": 9}}
{"target": -1615.916058221018, "params": {"k_pid_pos": [1.9451202154159546, 0.9102615714073181, 0.6472280025482178], "k_pid_alt": [1.8316038846969604, 0.4681850075721741, 0.2410552203655243], "k_pid_att": [100.0, 7.837697505950928, 0.9053211212158203], "k_pid_yaw": [0.5, 1e-06, 0.1], "k_pid_hsp": [10.0, 0.9764432907104492, 0.1826937198638916], "k_pid_vsp": [4.76837158203125e-05, 89.2842788696289, 387.5632019042969]}, "datetime": {"datetime": "2025-08-11 19:29:31", "elapsed": 11051.310677289963, "delta": 30.070240020751953}, "costs": {"total_cost": 1615.916058221018, "time_cost": 150, "final_distance_cost": 84.37132393979904, "oscillation_cost": 503.94162767870324, "completition_cost": 666.6666666666667, "overshoot_cost": 138.32070575842954, "power_cost": 36.07618198242188, "noise_cost": 36.53955219499743, "n_waypoints_completed": 3, "tot_waypoints": 9}}
{"target": -508.0984101507279, "params": {"k_pid_pos": [1.8738716840744019, 0.7181978225708008, 0.3456760346889496], "k_pid_alt": [1.8710269927978516, 0.8225180506706238, 0.018294036388397217], "k_pid_att": [99.99996948242188, 1.8549338579177856, 0.9862794280052185], "k_pid_yaw": [0.5, 1e-06, 0.1], "k_pid_hsp": [9.999994277954102, 0.979727029800415, 0.17447429895401], "k_pid_vsp": [388.6285400390625, 20.719125747680664, 0.0073204501532018185]}, "datetime": {"datetime": "2025-08-11 19:29:56", "elapsed": 11076.321330785751, "delta": 25.010653495788574}, "costs": {"total_cost": 508.0984101507279, "time_cost": 97.202, "final_distance_cost": 1.7935147085654006, "oscillation_cost": 299.0001897729116, "completition_cost": 0.0, "overshoot_cost": 55.25589802567931, "power_cost": 27.769786352539064, "noise_cost": 27.077021291032484, "n_waypoints_completed": 9, "tot_waypoints": 9}}
{"target": -1556.2796236813474, "params": {"k_pid_pos": [1.8494716882705688, 0.7222718000411987, 0.031048506498336792], "k_pid_alt": [1.9038971662521362, 0.7707339525222778, 0.4639919102191925], "k_pid_att": [99.95246124267578, 0.4404222071170807, 0.8757389783859253], "k_pid_yaw": [0.5, 1e-06, 0.1], "k_pid_hsp": [9.996725082397461, 0.9800600409507751, 0.036179929971694946], "k_pid_vsp": [0.15479326248168945, 87.07845306396484, 399.02154541015625]}, "datetime": {"datetime": "2025-08-11 19:30:27", "elapsed": 11106.78585767746, "delta": 30.464526891708374}, "costs": {"total_cost": 1556.2796236813474, "time_cost": 150, "final_distance_cost": 8.953719646164771, "oscillation_cost": 74.87808501894506, "completition_cost": 1000.0, "overshoot_cost": 163.8925405152631, "power_cost": 33.899284692382814, "noise_cost": 124.65599380859176, "n_waypoints_completed": 0, "tot_waypoints": 9}}
{"target": -1467.575172378125, "params": {"k_pid_pos": [1.9125901460647583, 0.7478111386299133, 0.3316238522529602], "k_pid_alt": [1.5770115852355957, 0.9296814203262329, 0.09571075439453125], "k_pid_att": [100.0, 6.319262981414795, 0.7682019472122192], "k_pid_yaw": [0.5, 1e-06, 0.1], "k_pid_hsp": [10.0, 0.8520522117614746, 0.09061726927757263], "k_pid_vsp": [0.0, 32.84122848510742, 34.28857421875]}, "datetime": {"datetime": "2025-08-11 19:30:57", "elapsed": 11137.103876829147, "delta": 30.318019151687622}, "costs": {"total_cost": 1467.575172378125, "time_cost": 150, "final_distance_cost": 61.43501277670281, "oscillation_cost": 391.35693792936814, "completition_cost": 666.6666666666667, "overshoot_cost": 123.8741627086555, "power_cost": 35.48779727783203, "noise_cost": 38.75459501889952, "n_waypoints_completed": 3, "tot_waypoints": 9}}
{"target": -6156.530386089161, "params": {"k_pid_pos": [1.9055544137954712, 0.898159384727478, 0.06660020351409912], "k_pid_alt": [1.679621696472168, 0.9139875769615173, 0.07772225141525269], "k_pid_att": [0.21155774593353271, 7.793496131896973, 0.49880748987197876], "k_pid_yaw": [0.5, 1e-06, 0.1], "k_pid_hsp": [10.0, 0.9613279104232788, 0.07575321197509766], "k_pid_vsp": [397.10052490234375, 7.2529802322387695, 399.9927062988281]}, "datetime": {"datetime": "2025-08-11 19:31:28", "elapsed": 11168.040136814117, "delta": 30.936259984970093}, "costs": {"total_cost": 6156.530386089161, "time_cost": 150, "final_distance_cost": 1345.6309664566184, "oscillation_cost": 1618.081568895705, "completition_cost": 1000.0, "overshoot_cost": 1833.8127114650895, "power_cost": 56.301821313476566, "noise_cost": 152.70331795827136, "n_waypoints_completed": 0, "tot_waypoints": 9}}
{"target": -1623.5670289767968, "params": {"k_pid_pos": [1.8510202169418335, 0.8584275245666504, 0.5206089019775391], "k_pid_alt": [1.8623411655426025, 0.8315894603729248, 0.03225049376487732], "k_pid_att": [99.99999237060547, 4.414710998535156, 0.986375093460083], "k_pid_yaw": [0.5, 1e-06, 0.1], "k_pid_hsp": [9.999999046325684, 0.9211063385009766, 0.37991011142730713], "k_pid_vsp": [9.45591926574707, 20.25177574157715, 400.0]}, "datetime": {"datetime": "2025-08-11 19:31:58", "elapsed": 11197.857212543488, "delta": 29.817075729370117}, "costs": {"total_cost": 1623.5670289767968, "time_cost": 150, "final_distance_cost": 90.8990459611093, "oscillation_cost": 512.9764454702952, "completition_cost": 666.6666666666667, "overshoot_cost": 119.11812222782896, "power_cost": 36.82049815673828, "noise_cost": 47.08625049415826, "n_waypoints_completed": 3, "tot_waypoints": 9}}
{"target": -1547.9990505158728, "params": {"k_pid_pos": [1.4791899919509888, 0.9343878030776978, 0.19403541088104248], "k_pid_alt": [1.9501044750213623, 0.9138169288635254, 0.8488673567771912], "k_pid_att": [99.99617004394531, 4.739464282989502, 0.9115703105926514], "k_pid_yaw": [0.5, 1e-06, 0.1], "k_pid_hsp": [9.999999747378752e-05, 0.9129449725151062, 0.017682909965515137], "k_pid_vsp": [0.00133514404296875, 159.62374877929688, 399.99993896484375]}, "datetime": {"datetime": "2025-08-11 19:32:28", "elapsed": 11227.705204248428, "delta": 29.847991704940796}, "costs": {"total_cost": 1547.9990505158728, "time_cost": 150, "final_distance_cost": 17.225864866486816, "oscillation_cost": 57.837875427004356, "completition_cost": 1000.0, "overshoot_cost": 173.36732533523573, "power_cost": 30.177271716308596, "noise_cost": 119.39071317083727, "n_waypoints_completed": 0, "tot_waypoints": 9}}
{"target": -6019.019345665636, "params": {"k_pid_pos": [1.3925117254257202, 0.9863829612731934, 0.15972119569778442], "k_pid_alt": [1.9756224155426025, 0.9582322239875793, 0.14787501096725464], "k_pid_att": [0.055798888206481934, 2.492539405822754, 0.8374505639076233], "k_pid_yaw": [0.5, 1e-06, 0.1], "k_pid_hsp": [10.0, 0.951288104057312, 0.19832050800323486], "k_pid_vsp": [0.0006437301635742188, 44.98508071899414, 94.64483642578125]}, "datetime": {"datetime": "2025-08-11 19:32:58", "elapsed": 11257.914163351059, "delta": 30.208959102630615}, "costs": {"total_cost": 6019.019345665636, "time_cost": 150, "final_distance_cost": 1220.2214181881232, "oscillation_cost": 942.568372883694, "completition_cost": 1000.0, "overshoot_cost": 2498.0801491775806, "power_cost": 49.58400522460938, "noise_cost": 158.56540019162912, "n_waypoints_completed": 0, "tot_waypoints": 9}}
{"target": -1577.1362054850156, "params": {"k_pid_pos": [1.8482632637023926, 0.9315615892410278, 0.13785597681999207], "k_pid_alt": [1.9373341798782349, 0.9587277173995972, 0.18905994296073914], "k_pid_att": [99.99955749511719, 3.515087127685547, 0.8928580284118652], "k_pid_yaw": [0.5, 1e-06, 0.1], "k_pid_hsp": [9.988502502441406, 0.9627894759178162, 0.042946964502334595], "k_pid_vsp": [289.0859069824219, 25.164653778076172, 400.0]}, "datetime": {"datetime": "2025-08-11 19:33:28", "elapsed": 11287.425077915192, "delta": 29.51091456413269}, "costs": {"total_cost": 1577.1362054850156, "time_cost": 150, "final_distance_cost": 12.267242632780958, "oscillation_cost": 85.21719669988467, "completition_cost": 1000.0, "overshoot_cost": 165.77609417809728, "power_cost": 34.35416173095703, "noise_cost": 129.52151024329564, "n_waypoints_completed": 0, "tot_waypoints": 9}}
{"target": -1560.1844936918842, "params": {"k_pid_pos": [1.8030961751937866, 0.7985065579414368, 0.07188689708709717], "k_pid_alt": [1.9816486835479736, 0.4768916368484497, 0.07951334118843079], "k_pid_att": [99.99853515625, 0.5193696022033691, 0.9890332818031311], "k_pid_yaw": [0.5, 1e-06, 0.1], "k_pid_hsp": [10.0, 0.8936302065849304, 0.035843461751937866], "k_pid_vsp": [0.24116039276123047, 58.963932037353516, 400.0]}, "datetime": {"datetime": "2025-08-11 19:33:58", "elapsed": 11317.37842297554, "delta": 29.95334506034851}, "costs": {"total_cost": 1560.1844936918842, "time_cost": 150, "final_distance_cost": 8.309089684240549, "oscillation_cost": 77.70407096623704, "completition_cost": 1000.0, "overshoot_cost": 164.10361478812945, "power_cost": 33.121579040527344, "noise_cost": 126.94613921274983, "n_waypoints_completed": 0, "tot_waypoints": 9}}
{"target": -805.8376054986194, "params": {"k_pid_pos": [1.9136972427368164, 0.9482728838920593, 0.292916476726532], "k_pid_alt": [1.9606714248657227, 0.7333101630210876, 0.09411031007766724], "k_pid_att": [92.65718078613281, 3.3824007511138916, 0.876641035079956], "k_pid_yaw": [0.5, 1e-06, 0.1], "k_pid_hsp": [10.0, 0.9915348291397095, 0.03131753206253052], "k_pid_vsp": [387.6274108886719, 30.262889862060547, 135.97152709960938]}, "datetime": {"datetime": "2025-08-11 19:34:27", "elapsed": 11347.06691646576, "delta": 29.688493490219116}, "costs": {"total_cost": 805.8376054986194, "time_cost": 150, "final_distance_cost": 76.59259302501947, "oscillation_cost": 116.87778266033749, "completition_cost": 333.33333333333337, "overshoot_cost": 65.35768735494442, "power_cost": 34.02172741699219, "noise_cost": 29.654481707992318, "n_waypoints_completed": 6, "tot_waypoints": 9}}
{"target": -1215.442392109807, "params": {"k_pid_pos": [1.907244324684143, 0.9598121643066406, 0.07004889845848083], "k_pid_alt": [1.9601291418075562, 0.9808456897735596, 0.11280184984207153], "k_pid_att": [100.0, 4.541105270385742, 0.9868648052215576], "k_pid_yaw": [0.5, 1e-06, 0.1], "k_pid_hsp": [10.0, 0.9658108949661255, 0.02818581461906433], "k_pid_vsp": [3.3620119094848633, 14.237714767456055, 0.3054390549659729]}, "datetime": {"datetime": "2025-08-11 19:34:57", "elapsed": 11376.533527374268, "delta": 29.4666109085083}, "costs": {"total_cost": 1215.442392109807, "time_cost": 150, "final_distance_cost": 79.99014892344853, "oscillation_cost": 86.88876295719199, "completition_cost": 777.7777777777778, "overshoot_cost": 54.8730477943581, "power_cost": 29.75930233154297, "noise_cost": 36.15335232548742, "n_waypoints_completed": 2, "tot_waypoints": 9}}
{"target": -1592.805027973512, "params": {"k_pid_pos": [1.9788602590560913, 0.9747464656829834, 0.3109022378921509], "k_pid_alt": [1.8773140907287598, 0.5637676119804382, 0.060775965452194214], "k_pid_att": [100.0, 1.8539080619812012, 0.9920281171798706], "k_pid_yaw": [0.5, 1e-06, 0.1], "k_pid_hsp": [9.807626724243164, 0.9794867634773254, 0.18818557262420654], "k_pid_vsp": [72.21357727050781, 90.08106994628906, 397.03826904296875]}, "datetime": {"datetime": "2025-08-11 19:35:26", "elapsed": 11406.308956623077, "delta": 29.775429248809814}, "costs": {"total_cost": 1592.805027973512, "time_cost": 150, "final_distance_cost": 11.802954197510061, "oscillation_cost": 103.13022841995557, "completition_cost": 1000.0, "overshoot_cost": 165.5121111661414, "power_cost": 34.903024926757816, "noise_cost": 127.456709263147, "n_waypoints_completed": 0, "tot_waypoints": 9}}
{"target": -1608.186316455971, "params": {"k_pid_pos": [1.9470782279968262, 0.9478397369384766, 0.10102462768554688], "k_pid_alt": [1.141433596611023, 0.6690391302108765, 0.11457952857017517], "k_pid_att": [99.96235656738281, 1.4058432579040527, 0.46850308775901794], "k_pid_yaw": [0.5, 1e-06, 0.1], "k_pid_hsp": [9.975189208984375, 0.7704390287399292, 0.31546980142593384], "k_pid_vsp": [0.0, 44.20481872558594, 400.0]}, "datetime": {"datetime": "2025-08-11 19:35:56", "elapsed": 11435.684026002884, "delta": 29.37506937980652}, "costs": {"total_cost": 1608.186316455971, "time_cost": 150, "final_distance_cost": 12.240885343080896, "oscillation_cost": 118.37552150419909, "completition_cost": 1000.0, "overshoot_cost": 165.57386490394245, "power_cost": 35.00191915283203, "noise_cost": 126.99412555191688, "n_waypoints_completed": 0, "tot_waypoints": 9}}
{"target": -1563.9279341681881, "params": {"k_pid_pos": [1.7762995958328247, 0.9542633295059204, 0.02606022357940674], "k_pid_alt": [1.9335877895355225, 0.45949819684028625, 0.23992890119552612], "k_pid_att": [68.6484146118164, 0.6732448935508728, 0.9151463508605957], "k_pid_yaw": [0.5, 1e-06, 0.1], "k_pid_hsp": [7.415749549865723, 0.9580578804016113, 0.0373634397983551], "k_pid_vsp": [0.0, 90.19103240966797, 399.99066162109375]}, "datetime": {"datetime": "2025-08-11 19:36:25", "elapsed": 11465.348077058792, "delta": 29.664051055908203}, "costs": {"total_cost": 1563.9279341681881, "time_cost": 150, "final_distance_cost": 14.280217371660562, "oscillation_cost": 70.99264591854597, "completition_cost": 1000.0, "overshoot_cost": 166.41866573994062, "power_cost": 32.685239892578124, "noise_cost": 129.55116524546298, "n_waypoints_completed": 0, "tot_waypoints": 9}}
{"target": -4830.7822046543715, "params": {"k_pid_pos": [1.544872522354126, 0.9433127045631409, 0.2714763879776001], "k_pid_alt": [1.9029085636138916, 0.8516906499862671, 0.05749309062957764], "k_pid_att": [0.01818537712097168, 5.534792423248291, 0.9326865077018738], "k_pid_yaw": [0.5, 1e-06, 0.1], "k_pid_hsp": [9.998351097106934, 0.9790183305740356, 0.07422935962677002], "k_pid_vsp": [0.0, 57.517398834228516, 400.0]}, "datetime": {"datetime": "2025-08-11 19:36:55", "elapsed": 11494.967654943466, "delta": 29.619577884674072}, "costs": {"total_cost": 4830.7822046543715, "time_cost": 150, "final_distance_cost": 806.3631815431631, "oscillation_cost": 1069.3645994563694, "completition_cost": 1000.0, "overshoot_cost": 1594.2742032491815, "power_cost": 51.19116459960938, "noise_cost": 159.58905580604704, "n_waypoints_completed": 0, "tot_waypoints": 9}}
{"target": -1561.6244213642456, "params": {"k_pid_pos": [1.9846816062927246, 0.928510308265686, 0.08445239067077637], "k_pid_alt": [1.9251606464385986, 0.9688568711280823, 0.04720750451087952], "k_pid_att": [100.0, 5.368671894073486, 0.8201004266738892], "k_pid_yaw": [0.5, 1e-06, 0.1], "k_pid_hsp": [1.3042794466018677, 0.9836701154708862, 0.04482293128967285], "k_pid_vsp": [0.0, 3.7251362800598145, 0.00041823252104222775]}, "datetime": {"datetime": "2025-08-11 19:37:25", "elapsed": 11524.649088144302, "delta": 29.68143320083618}, "costs": {"total_cost": 1561.6244213642456, "time_cost": 150, "final_distance_cost": 18.545530420596666, "oscillation_cost": 62.416991243619535, "completition_cost": 1000.0, "overshoot_cost": 169.55218701915277, "power_cost": 16.32958856201172, "noise_cost": 144.78012411886493, "n_waypoints_completed": 0, "tot_waypoints": 9}}
{"target": -1076.7587791602814, "params": {"k_pid_pos": [1.9815540313720703, 0.9940163493156433, 0.007095247507095337], "k_pid_alt": [1.5201090574264526, 0.8957220315933228, 0.0798482894897461], "k_pid_att": [100.0, 7.305813789367676, 0.9888460040092468], "k_pid_yaw": [0.5, 1e-06, 0.1], "k_pid_hsp": [9.99377727508545, 0.9628033638000488, 0.10936722159385681], "k_pid_vsp": [395.1319274902344, 27.8598690032959, 179.5711212158203]}, "datetime": {"datetime": "2025-08-11 19:37:56", "elapsed": 11555.470933675766, "delta": 30.821845531463623}, "costs": {"total_cost": 1076.7587791602814, "time_cost": 150, "final_distance_cost": 45.45179778163863, "oscillation_cost": 188.27805252463546, "completition_cost": 555.5555555555555, "overshoot_cost": 69.64261149979511, "power_cost": 36.534318469238286, "noise_cost": 31.296443329418565, "n_waypoints_completed": 4, "tot_waypoints": 9}}
{"target": -1591.11888229424, "params": {"k_pid_pos": [1.9592286348342896, 0.8546730875968933, 0.09223654866218567], "k_pid_alt": [1.9346445798873901, 0.27805572748184204, 0.2681412696838379], "k_pid_att": [100.0, 7.060582637786865, 0.9071923494338989], "k_pid_yaw": [0.5, 1e-06, 0.1], "k_pid_hsp": [9.999999046325684, 0.9584453105926514, 0.08577010035514832], "k_pid_vsp": [0.0, 31.918659210205078, 85.10787200927734]}, "datetime": {"datetime": "2025-08-11 19:38:26", "elapsed": 11585.393402576447, "delta": 29.922468900680542}, "costs": {"total_cost": 1591.11888229424, "time_cost": 150, "final_distance_cost": 8.859862383580236, "oscillation_cost": 97.31117481692544, "completition_cost": 1000.0, "overshoot_cost": 165.74084567830076, "power_cost": 35.613578076171876, "noise_cost": 133.59342133926157, "n_waypoints_completed": 0, "tot_waypoints": 9}}
{"target": -5199.347039056094, "params": {"k_pid_pos": [1.9656610488891602, 0.9350477457046509, 0.025796175003051758], "k_pid_alt": [1.800407886505127, 0.8557783365249634, 0.020927995443344116], "k_pid_att": [0.009104609489440918, 0.8022029995918274, 0.12691974639892578], "k_pid_yaw": [0.5, 1e-06, 0.1], "k_pid_hsp": [0.00011043070844607428, 0.9392796754837036, 0.04134282469749451], "k_pid_vsp": [0.0, 8.676291465759277, 399.9981384277344]}, "datetime": {"datetime": "2025-08-11 19:38:56", "elapsed": 11615.423639297485, "delta": 30.03023672103882}, "costs": {"total_cost": 5199.347039056094, "time_cost": 150, "final_distance_cost": 392.3827734332042, "oscillation_cost": 2326.159320737442, "completition_cost": 1000.0, "overshoot_cost": 1161.8378814234238, "power_cost": 24.802386743164064, "noise_cost": 144.16467671886073, "n_waypoints_completed": 0, "tot_waypoints": 9}}
{"target": -2816.6428503086654, "params": {"k_pid_pos": [1.870740532875061, 0.5787866711616516, 0.0956481397151947], "k_pid_alt": [1.980446457862854, 0.9074773788452148, 0.4956558346748352], "k_pid_att": [99.99987030029297, 2.3386390209198, 0.8290400505065918], "k_pid_yaw": [0.5, 1e-06, 0.1], "k_pid_hsp": [10.0, 0.9045957922935486, 0.05661052465438843], "k_pid_vsp": [0.0, 114.49360656738281, 219.5802001953125]}, "datetime": {"datetime": "2025-08-11 19:39:26", "elapsed": 11645.753279685974, "delta": 30.32964038848877}, "costs": {"total_cost": 2816.6428503086654, "time_cost": 150, "final_distance_cost": 414.0573319495397, "oscillation_cost": 526.0017070523779, "completition_cost": 888.8888888888888, "overshoot_cost": 763.7051645481126, "power_cost": 35.266040527343755, "noise_cost": 38.72371734240294, "n_waypoints_completed": 1, "tot_waypoints": 9}}
{"target": -4934.04949609887, "params": {"k_pid_pos": [1.897822618484497, 0.8027405738830566, 0.3123587965965271], "k_pid_alt": [1.3670693635940552, 0.7059638500213623, 0.009349197149276733], "k_pid_att": [100.0, 6.088947296142578, 0.5830041766166687], "k_pid_yaw": [0.5, 1e-06, 0.1], "k_pid_hsp": [10.0, 0.8585860729217529, 0.01672688126564026], "k_pid_vsp": [0.00010728836059570312, 52.01213455200195, 400.0]}, "datetime": {"datetime": "2025-08-11 19:39:57", "elapsed": 11676.416270494461, "delta": 30.66299080848694}, "costs": {"total_cost": 4934.04949609887, "time_cost": 150, "final_distance_cost": 1425.1805376073924, "oscillation_cost": 325.8959818484523, "completition_cost": 888.8888888888888, "overshoot_cost": 2062.8406275581806, "power_cost": 38.047827673339846, "noise_cost": 43.195632522615355, "n_waypoints_completed": 1, "tot_waypoints": 9}}
