{"target": -1534.0395985796847, "params": {"k_pid_pos": [1.8087373971939087, 0.9343001246452332, 0.009368926286697388], "k_pid_alt": [1.7499998807907104, 0.8743821382522583, 0.025269806385040283], "k_pid_att": [100.0, 1.019063949584961, 0.9975341558456421], "k_pid_yaw": [0.5, 1e-06, 0.1], "k_pid_hsp": [9.827157020568848, 0.9481291770935059, 0.011668413877487183], "k_pid_vsp": [0.0, 5.275393486022949, 40.70445251464844]}, "datetime": {"datetime": "2025-08-11 20:43:35", "elapsed": 15494.664166212082, "delta": 30.85183835029602}, "costs": {"total_cost": 1534.0395985796847, "time_cost": 150, "final_distance_cost": 10.063256193774498, "oscillation_cost": 48.89168237286788, "completition_cost": 1000.0, "overshoot_cost": 164.67220897711118, "power_cost": 20.833767285156252, "noise_cost": 139.57868375077484, "n_waypoints_completed": 0, "tot_waypoints": 9}}
{"target": -1216.3547273105507, "params": {"k_pid_pos": [1.9032889604568481, 0.9903945922851562, 0.02914777398109436], "k_pid_alt": [1.3592036962509155, 0.9829349517822266, 0.009049564599990845], "k_pid_att": [99.997314453125, 4.148197174072266, 0.9845197200775146], "k_pid_yaw": [0.5, 1e-06, 0.1], "k_pid_hsp": [9.846649169921875, 0.9758799076080322, 0.12258204817771912], "k_pid_vsp": [1.9556283950805664, 32.41889572143555, 9.999999974752427e-07]}, "datetime": {"datetime": "2025-08-11 20:44:05", "elapsed": 15524.935755968094, "delta": 30.271589756011963}, "costs": {"total_cost": 1216.3547273105507, "time_cost": 150, "final_distance_cost": 63.38976434947881, "oscillation_cost": 107.02636498127094, "completition_cost": 777.7777777777778, "overshoot_cost": 51.58078064351844, "power_cost": 34.67865451660156, "noise_cost": 31.90138504190336, "n_waypoints_completed": 2, "tot_waypoints": 9}}
{"target": -1585.6145293580862, "params": {"k_pid_pos": [1.9944353103637695, 0.9833258390426636, 0.0014424920082092285], "k_pid_alt": [1.970543622970581, 0.9904980659484863, 0.09649151563644409], "k_pid_att": [99.9963607788086, 0.6084532141685486, 0.7182913422584534], "k_pid_yaw": [0.5, 1e-06, 0.1], "k_pid_hsp": [5.102633476257324, 0.9658434391021729, 0.30692484974861145], "k_pid_vsp": [59.195518493652344, 24.015869140625, 167.45379638671875]}, "datetime": {"datetime": "2025-08-11 20:44:43", "elapsed": 15562.774204969406, "delta": 37.838449001312256}, "costs": {"total_cost": 1585.6145293580862, "time_cost": 150, "final_distance_cost": 14.487387430821226, "oscillation_cost": 90.59285571839433, "completition_cost": 1000.0, "overshoot_cost": 166.0386066255288, "power_cost": 36.46155991210938, "noise_cost": 128.03411967123247, "n_waypoints_completed": 0, "tot_waypoints": 9}}
{"target": -1268.3569225793278, "params": {"k_pid_pos": [1.8345385789871216, 0.9940240383148193, 0.004909127950668335], "k_pid_alt": [1.963700532913208, 0.9044868350028992, 0.036818742752075195], "k_pid_att": [100.0, 4.996418476104736, 0.9857491850852966], "k_pid_yaw": [0.5, 1e-06, 0.1], "k_pid_hsp": [10.0, 0.8612986207008362, 0.01888716220855713], "k_pid_vsp": [0.0, 91.23028564453125, 0.0016580091323703527]}, "datetime": {"datetime": "2025-08-11 20:45:17", "elapsed": 15596.414959669113, "delta": 33.64075469970703}, "costs": {"total_cost": 1268.3569225793278, "time_cost": 150, "final_distance_cost": 81.57382959200459, "oscillation_cost": 147.18977425463083, "completition_cost": 777.7777777777778, "overshoot_cost": 48.322425493607966, "power_cost": 35.063935449218754, "noise_cost": 28.429180012087873, "n_waypoints_completed": 2, "tot_waypoints": 9}}
{"target": -1565.0814427365844, "params": {"k_pid_pos": [1.8825091123580933, 0.9641134142875671, 0.03815847635269165], "k_pid_alt": [1.911858081817627, 0.9933491349220276, 0.02624109387397766], "k_pid_att": [99.9999771118164, 8.302664756774902, 0.7464051842689514], "k_pid_yaw": [0.5, 1e-06, 0.1], "k_pid_hsp": [3.4171390533447266, 0.9365829825401306, 0.02180960774421692], "k_pid_vsp": [0.00017881393432617188, 5.6370744705200195, 399.99932861328125]}, "datetime": {"datetime": "2025-08-11 20:45:46", "elapsed": 15626.234775304794, "delta": 29.819815635681152}, "costs": {"total_cost": 1565.0814427365844, "time_cost": 150, "final_distance_cost": 10.73971193036718, "oscillation_cost": 75.19709229206049, "completition_cost": 1000.0, "overshoot_cost": 166.20547831969031, "power_cost": 19.946815185546875, "noise_cost": 142.99234500891922, "n_waypoints_completed": 0, "tot_waypoints": 9}}
{"target": -1425.6980962998152, "params": {"k_pid_pos": [1.8193374872207642, 0.8992140293121338, 0.07241275906562805], "k_pid_alt": [1.9602398872375488, 0.9875075817108154, 0.00490260124206543], "k_pid_att": [100.0, 6.406271457672119, 0.9819880723953247], "k_pid_yaw": [0.5, 1e-06, 0.1], "k_pid_hsp": [10.0, 0.8727648854255676, 0.028805822134017944], "k_pid_vsp": [399.96075439453125, 79.94251251220703, 394.41119384765625]}, "datetime": {"datetime": "2025-08-11 20:46:17", "elapsed": 15656.461045265198, "delta": 30.226269960403442}, "costs": {"total_cost": 1425.6980962998152, "time_cost": 150, "final_distance_cost": 21.819816928501613, "oscillation_cost": 72.17748813750605, "completition_cost": 1000.0, "overshoot_cost": 115.27301778430844, "power_cost": 35.791402856445316, "noise_cost": 30.63637059305402, "n_waypoints_completed": 0, "tot_waypoints": 9}}
{"target": -1335.1033813046702, "params": {"k_pid_pos": [1.9579627513885498, 0.9912942051887512, 0.14873555302619934], "k_pid_alt": [1.9213156700134277, 0.9648078083992004, 0.024318009614944458], "k_pid_att": [100.0, 8.985991477966309, 0.9303832650184631], "k_pid_yaw": [0.5, 1e-06, 0.1], "k_pid_hsp": [10.0, 0.8679617047309875, 0.0328487753868103], "k_pid_vsp": [400.0, 7.792330741882324, 399.9854431152344]}, "datetime": {"datetime": "2025-08-11 20:46:47", "elapsed": 15687.204711198807, "delta": 30.74366593360901}, "costs": {"total_cost": 1335.1033813046702, "time_cost": 150, "final_distance_cost": 62.19557989131687, "oscillation_cost": 80.4825843988829, "completition_cost": 888.8888888888888, "overshoot_cost": 85.53765029543291, "power_cost": 36.23825686035156, "noise_cost": 31.76042096979707, "n_waypoints_completed": 1, "tot_waypoints": 9}}
{"target": -1401.0711723170702, "params": {"k_pid_pos": [1.7186169624328613, 0.9930641651153564, 0.10907506942749023], "k_pid_alt": [1.9190356731414795, 0.8501836061477661, 0.17107319831848145], "k_pid_att": [99.99983215332031, 3.384284257888794, 0.932998776435852], "k_pid_yaw": [0.5, 1e-06, 0.1], "k_pid_hsp": [9.999998092651367, 0.9733194708824158, 0.032083868980407715], "k_pid_vsp": [400.0, 60.74089813232422, 399.9998779296875]}, "datetime": {"datetime": "2025-08-11 20:47:17", "elapsed": 15717.337325334549, "delta": 30.132614135742188}, "costs": {"total_cost": 1401.0711723170702, "time_cost": 150, "final_distance_cost": 45.97900355155505, "oscillation_cost": 81.23227472269694, "completition_cost": 1000.0, "overshoot_cost": 57.3435681797909, "power_cost": 35.50061295166016, "noise_cost": 31.015712911367178, "n_waypoints_completed": 0, "tot_waypoints": 9}}
{"target": -1310.9530255360557, "params": {"k_pid_pos": [1.9938091039657593, 0.9725214242935181, 0.14012622833251953], "k_pid_alt": [1.951020359992981, 0.597809910774231, 0.043752580881118774], "k_pid_att": [99.95947265625, 0.21029368042945862, 0.9658135175704956], "k_pid_yaw": [0.5, 1e-06, 0.1], "k_pid_hsp": [9.985888481140137, 0.9929722547531128, 0.04652303457260132], "k_pid_vsp": [285.6714782714844, 23.518014907836914, 32.108009338378906]}, "datetime": {"datetime": "2025-08-11 20:47:49", "elapsed": 15748.458012104034, "delta": 31.120686769485474}, "costs": {"total_cost": 1310.9530255360557, "time_cost": 150, "final_distance_cost": 72.26026334777454, "oscillation_cost": 92.14998226521408, "completition_cost": 888.8888888888888, "overshoot_cost": 42.12135197051521, "power_cost": 35.26998220214844, "noise_cost": 30.262556861514717, "n_waypoints_completed": 1, "tot_waypoints": 9}}
{"target": -1535.4033885466865, "params": {"k_pid_pos": [1.9660636186599731, 0.9379642009735107, 0.1531296968460083], "k_pid_alt": [1.9884231090545654, 0.7070110440254211, 0.08213070034980774], "k_pid_att": [100.0, 1.0642644166946411, 0.9101297855377197], "k_pid_yaw": [0.5, 1e-06, 0.1], "k_pid_hsp": [9.999999747378752e-05, 0.976555585861206, 0.01944693922996521], "k_pid_vsp": [0.020396709442138672, 28.644468307495117, 395.1885681152344]}, "datetime": {"datetime": "2025-08-11 20:48:19", "elapsed": 15778.759892702103, "delta": 30.301880598068237}, "costs": {"total_cost": 1535.4033885466865, "time_cost": 150, "final_distance_cost": 2.690834786149648, "oscillation_cost": 59.4991456749032, "completition_cost": 1000.0, "overshoot_cost": 173.84679930007704, "power_cost": 29.76506765136719, "noise_cost": 119.60154113418965, "n_waypoints_completed": 0, "tot_waypoints": 9}}
{"target": -1586.347331190989, "params": {"k_pid_pos": [1.8618186712265015, 0.9726057052612305, 0.06404027342796326], "k_pid_alt": [1.923713207244873, 0.8840689063072205, 0.053378522396087646], "k_pid_att": [100.0, 1.5641003847122192, 0.9636274576187134], "k_pid_yaw": [0.5, 1e-06, 0.1], "k_pid_hsp": [9.999246597290039, 0.9730727672576904, 0.08199098706245422], "k_pid_vsp": [0.0022172927856445312, 59.214569091796875, 399.9998474121094]}, "datetime": {"datetime": "2025-08-11 20:48:49", "elapsed": 15809.285486459732, "delta": 30.525593757629395}, "costs": {"total_cost": 1586.347331190989, "time_cost": 150, "final_distance_cost": 12.07409850276097, "oscillation_cost": 95.58713134319801, "completition_cost": 1000.0, "overshoot_cost": 165.90196132559453, "power_cost": 34.56329136962891, "noise_cost": 128.22084864980658, "n_waypoints_completed": 0, "tot_waypoints": 9}}
{"target": -1267.1971372672062, "params": {"k_pid_pos": [1.9769232273101807, 0.8891271352767944, 0.08315378427505493], "k_pid_alt": [1.8019561767578125, 0.8121762275695801, 0.011297941207885742], "k_pid_att": [99.99739074707031, 3.0262322425842285, 0.9470083713531494], "k_pid_yaw": [0.5, 1e-06, 0.1], "k_pid_hsp": [9.998062133789062, 0.9780299663543701, 0.04365918040275574], "k_pid_vsp": [399.9996337890625, 5.720854759216309, 399.9870300292969]}, "datetime": {"datetime": "2025-08-11 20:49:20", "elapsed": 15839.7301902771, "delta": 30.444703817367554}, "costs": {"total_cost": 1267.1971372672062, "time_cost": 150, "final_distance_cost": 103.70125256788943, "oscillation_cost": 96.12560235718784, "completition_cost": 777.7777777777778, "overshoot_cost": 71.90544947236248, "power_cost": 36.153009899902344, "noise_cost": 31.53404519208622, "n_waypoints_completed": 2, "tot_waypoints": 9}}
{"target": -1589.139197535107, "params": {"k_pid_pos": [1.967714548110962, 0.960383415222168, 0.034620076417922974], "k_pid_alt": [1.238816499710083, 0.9277448654174805, 0.00857648253440857], "k_pid_att": [100.0, 9.730133056640625, 0.9560611844062805], "k_pid_yaw": [0.5, 1e-06, 0.1], "k_pid_hsp": [9.999999046325684, 0.9716031551361084, 0.17020738124847412], "k_pid_vsp": [0.0, 38.65752410888672, 399.6910095214844]}, "datetime": {"datetime": "2025-08-11 20:49:50", "elapsed": 15870.161556482315, "delta": 30.431366205215454}, "costs": {"total_cost": 1589.139197535107, "time_cost": 150, "final_distance_cost": 12.773387865025642, "oscillation_cost": 98.50543234976206, "completition_cost": 1000.0, "overshoot_cost": 165.77493616117164, "power_cost": 34.34909741210938, "noise_cost": 127.73634374703845, "n_waypoints_completed": 0, "tot_waypoints": 9}}
{"target": -1265.6006198909793, "params": {"k_pid_pos": [1.9076594114303589, 0.957621693611145, 0.1938720941543579], "k_pid_alt": [1.948686957359314, 0.8656265139579773, 0.012999415397644043], "k_pid_att": [99.99011993408203, 7.920828342437744, 0.8130276203155518], "k_pid_yaw": [0.5, 1e-06, 0.1], "k_pid_hsp": [10.0, 0.9339138269424438, 0.06620103120803833], "k_pid_vsp": [397.38470458984375, 26.578977584838867, 399.5892639160156]}, "datetime": {"datetime": "2025-08-11 20:50:21", "elapsed": 15900.894353151321, "delta": 30.732796669006348}, "costs": {"total_cost": 1265.6006198909793, "time_cost": 150, "final_distance_cost": 90.8728652461802, "oscillation_cost": 110.97458231504565, "completition_cost": 777.7777777777778, "overshoot_cost": 69.05680675418607, "power_cost": 35.99233952636719, "noise_cost": 30.926248271422224, "n_waypoints_completed": 2, "tot_waypoints": 9}}
{"target": -1537.0714035070625, "params": {"k_pid_pos": [1.911943793296814, 0.732212483882904, 0.030857175588607788], "k_pid_alt": [1.9538633823394775, 0.6665319204330444, 0.06793630123138428], "k_pid_att": [100.0, 2.7939436435699463, 0.8316164612770081], "k_pid_yaw": [0.5, 1e-06, 0.1], "k_pid_hsp": [9.999996185302734, 0.9802834987640381, 0.0018940269947052002], "k_pid_vsp": [0.0, 6.634522438049316, 400.0]}, "datetime": {"datetime": "2025-08-11 20:50:51", "elapsed": 15930.755620479584, "delta": 29.86126732826233}, "costs": {"total_cost": 1537.0714035070625, "time_cost": 150, "final_distance_cost": 2.5790966968778557, "oscillation_cost": 60.26681085278851, "completition_cost": 1000.0, "overshoot_cost": 163.9808226137224, "power_cost": 21.20313487548828, "noise_cost": 139.04153846818534, "n_waypoints_completed": 0, "tot_waypoints": 9}}
{"target": -13619.566008966132, "params": {"k_pid_pos": [1.9428887367248535, 0.9488264322280884, 0.048189759254455566], "k_pid_alt": [1.9360506534576416, 0.8701181411743164, 0.02092793583869934], "k_pid_att": [0.0004500150680541992, 0.9686741232872009, 0.8357234597206116], "k_pid_yaw": [0.5, 1e-06, 0.1], "k_pid_hsp": [9.995894432067871, 0.922848105430603, 0.3947267532348633], "k_pid_vsp": [0.0, 8.500123977661133, 399.99993896484375]}, "datetime": {"datetime": "2025-08-11 20:51:22", "elapsed": 15961.991916179657, "delta": 31.236295700073242}, "costs": {"total_cost": 13619.566008966132, "time_cost": 150, "final_distance_cost": 3834.3128651090774, "oscillation_cost": 1957.0291136635738, "completition_cost": 1000.0, "overshoot_cost": 6508.673877046053, "power_cost": 22.339090930175782, "noise_cost": 147.2110622172529, "n_waypoints_completed": 0, "tot_waypoints": 9}}
{"target": -1242.705365576193, "params": {"k_pid_pos": [1.9189119338989258, 0.9830882549285889, 0.09680166840553284], "k_pid_alt": [1.8212871551513672, 0.7591538429260254, 0.34427616000175476], "k_pid_att": [99.99999237060547, 1.163275122642517, 0.9058660268783569], "k_pid_yaw": [0.5, 1e-06, 0.1], "k_pid_hsp": [9.999999046325684, 0.8747481107711792, 0.15343397855758667], "k_pid_vsp": [0.0, 22.242666244506836, 0.8441339135169983]}, "datetime": {"datetime": "2025-08-11 20:51:53", "elapsed": 15992.932742834091, "delta": 30.940826654434204}, "costs": {"total_cost": 1242.705365576193, "time_cost": 150, "final_distance_cost": 66.43408256508778, "oscillation_cost": 117.89731373345775, "completition_cost": 777.7777777777778, "overshoot_cost": 61.1534100892216, "power_cost": 34.36961687011719, "noise_cost": 35.073164540530776, "n_waypoints_completed": 2, "tot_waypoints": 9}}
{"target": -1543.0822324935357, "params": {"k_pid_pos": [1.878792643547058, 0.8996067047119141, 0.022383123636245728], "k_pid_alt": [1.897559404373169, 0.8109057545661926, 0.08477985858917236], "k_pid_att": [100.0, 7.475949764251709, 0.97746741771698], "k_pid_yaw": [0.5, 1e-06, 0.1], "k_pid_hsp": [10.0, 0.6343028545379639, 0.0226040780544281], "k_pid_vsp": [2.384185791015625e-05, 55.02916717529297, 312.1897277832031]}, "datetime": {"datetime": "2025-08-11 20:52:23", "elapsed": 16023.060833215714, "delta": 30.128090381622314}, "costs": {"total_cost": 1543.0822324935357, "time_cost": 150, "final_distance_cost": 2.40748935730471, "oscillation_cost": 63.25680771985768, "completition_cost": 1000.0, "overshoot_cost": 164.95775021224617, "power_cost": 33.53079656982422, "noise_cost": 128.92938863430302, "n_waypoints_completed": 0, "tot_waypoints": 9}}
{"target": -1562.8612128793388, "params": {"k_pid_pos": [1.8481051921844482, 0.9856454133987427, 0.032287031412124634], "k_pid_alt": [1.931211233139038, 0.8457671999931335, 0.1890469789505005], "k_pid_att": [100.0, 0.8663789629936218, 0.9465197324752808], "k_pid_yaw": [0.5, 1e-06, 0.1], "k_pid_hsp": [10.0, 0.9609348177909851, 0.04216697812080383], "k_pid_vsp": [0.0, 4.93834114074707, 399.9650573730469]}, "datetime": {"datetime": "2025-08-11 20:52:54", "elapsed": 16054.02259016037, "delta": 30.961756944656372}, "costs": {"total_cost": 1562.8612128793388, "time_cost": 150, "final_distance_cost": 10.196347578362058, "oscillation_cost": 74.34678173285599, "completition_cost": 1000.0, "overshoot_cost": 164.7308658447809, "power_cost": 26.66736954345703, "noise_cost": 136.91984817988285, "n_waypoints_completed": 0, "tot_waypoints": 9}}
{"target": -578.7170836778018, "params": {"k_pid_pos": [1.9096012115478516, 0.8516650795936584, 0.07259100675582886], "k_pid_alt": [1.8290780782699585, 0.5027593374252319, 0.016301244497299194], "k_pid_att": [100.0, 1.74349045753479, 0.893052339553833], "k_pid_yaw": [0.5, 1e-06, 0.1], "k_pid_hsp": [7.199311256408691, 0.9932155609130859, 0.0915389358997345], "k_pid_vsp": [66.37867736816406, 6.433690547943115, 0.7034192681312561]}, "datetime": {"datetime": "2025-08-11 20:53:26", "elapsed": 16085.453618049622, "delta": 31.43102788925171}, "costs": {"total_cost": 578.7170836778018, "time_cost": 150, "final_distance_cost": 62.88163533812123, "oscillation_cost": 123.07897815388526, "completition_cost": 111.11111111111116, "overshoot_cost": 66.1162524585105, "power_cost": 32.306153076171874, "noise_cost": 33.22295354000185, "n_waypoints_completed": 8, "tot_waypoints": 9}}
{"target": -1593.5227109247614, "params": {"k_pid_pos": [1.961028814315796, 0.9243890643119812, 0.09403195977210999], "k_pid_alt": [1.7495121955871582, 0.9657946228981018, 0.19237110018730164], "k_pid_att": [100.0, 8.235608100891113, 0.9617525339126587], "k_pid_yaw": [0.5, 1e-06, 0.1], "k_pid_hsp": [10.0, 0.8917351961135864, 0.37209078669548035], "k_pid_vsp": [0.0, 28.598047256469727, 400.0]}, "datetime": {"datetime": "2025-08-11 20:53:56", "elapsed": 16116.157082557678, "delta": 30.70346450805664}, "costs": {"total_cost": 1593.5227109247614, "time_cost": 150, "final_distance_cost": 12.82584596841894, "oscillation_cost": 97.31469268766818, "completition_cost": 1000.0, "overshoot_cost": 165.5501038148897, "power_cost": 35.942542089843755, "noise_cost": 131.88952636394086, "n_waypoints_completed": 0, "tot_waypoints": 9}}
{"target": -1546.5096296580623, "params": {"k_pid_pos": [1.9386011362075806, 0.9510003328323364, 0.037616342306137085], "k_pid_alt": [1.9823384284973145, 0.8842151165008545, 0.11302885413169861], "k_pid_att": [99.9998779296875, 9.13589859008789, 0.8545235991477966], "k_pid_yaw": [0.5, 1e-06, 0.1], "k_pid_hsp": [10.0, 0.8262524604797363, 0.014504283666610718], "k_pid_vsp": [0.04640817642211914, 9.4381103515625, 399.1630554199219]}, "datetime": {"datetime": "2025-08-11 20:54:27", "elapsed": 16146.65712428093, "delta": 30.500041723251343}, "costs": {"total_cost": 1546.5096296580623, "time_cost": 150, "final_distance_cost": 10.465477539955993, "oscillation_cost": 57.820922562801385, "completition_cost": 1000.0, "overshoot_cost": 164.71205958541637, "power_cost": 24.483606311035157, "noise_cost": 139.02756365885327, "n_waypoints_completed": 0, "tot_waypoints": 9}}
{"target": -1549.3449447320606, "params": {"k_pid_pos": [1.844312071800232, 0.9151486754417419, 0.010896384716033936], "k_pid_alt": [1.8925784826278687, 0.6569921970367432, 0.027476102113723755], "k_pid_att": [100.0, 4.056328773498535, 0.9780746698379517], "k_pid_yaw": [0.5, 1e-06, 0.1], "k_pid_hsp": [10.0, 0.9750230312347412, 0.008426070213317871], "k_pid_vsp": [0.04742145538330078, 15.480948448181152, 52.858829498291016]}, "datetime": {"datetime": "2025-08-11 20:54:57", "elapsed": 16176.97549533844, "delta": 30.318371057510376}, "costs": {"total_cost": 1549.3449447320606, "time_cost": 150, "final_distance_cost": 12.647067348169902, "oscillation_cost": 51.07258604337393, "completition_cost": 1000.0, "overshoot_cost": 165.40608133107614, "power_cost": 27.648004907226564, "noise_cost": 142.57120510221407, "n_waypoints_completed": 0, "tot_waypoints": 9}}
{"target": -1573.0824582927924, "params": {"k_pid_pos": [1.985396385192871, 0.9317344427108765, 0.058930784463882446], "k_pid_alt": [1.99154794216156, 0.9699472784996033, 0.046542197465896606], "k_pid_att": [99.65162658691406, 1.086585283279419, 0.9574422240257263], "k_pid_yaw": [0.5, 1e-06, 0.1], "k_pid_hsp": [10.0, 0.9874773621559143, 0.06898447871208191], "k_pid_vsp": [0.018525123596191406, 6.276310443878174, 400.0]}, "datetime": {"datetime": "2025-08-11 20:55:28", "elapsed": 16207.748758554459, "delta": 30.773263216018677}, "costs": {"total_cost": 1573.0824582927924, "time_cost": 150, "final_distance_cost": 6.48820850248086, "oscillation_cost": 83.97926878437707, "completition_cost": 1000.0, "overshoot_cost": 165.75455907780815, "power_cost": 30.49589315185547, "noise_cost": 136.36452877627076, "n_waypoints_completed": 0, "tot_waypoints": 9}}
{"target": -1157.661160784633, "params": {"k_pid_pos": [1.9719130992889404, 0.7303552627563477, 0.047149598598480225], "k_pid_alt": [1.908246397972107, 0.6837652325630188, 0.016334891319274902], "k_pid_att": [99.99938201904297, 1.4415723085403442, 0.7392690777778625], "k_pid_yaw": [0.5, 1e-06, 0.1], "k_pid_hsp": [9.971776962280273, 0.9005591869354248, 0.06458908319473267], "k_pid_vsp": [399.9795837402344, 2.2804269790649414, 366.65362548828125]}, "datetime": {"datetime": "2025-08-11 20:55:58", "elapsed": 16237.92655968666, "delta": 30.17780113220215}, "costs": {"total_cost": 1157.661160784633, "time_cost": 150, "final_distance_cost": 60.8852366990395, "oscillation_cost": 134.86380586949042, "completition_cost": 666.6666666666667, "overshoot_cost": 78.97513141769888, "power_cost": 35.83247984619141, "noise_cost": 30.437840285545846, "n_waypoints_completed": 3, "tot_waypoints": 9}}
