{"target": -1538.2345269016553, "params": {"k_pid_pos": [1.9940886497497559, 0.9870302677154541, 0.04633969068527222], "k_pid_alt": [1.8696225881576538, 0.9772948026657104, 0.04291090369224548], "k_pid_att": [100.0, 0.36279985308647156, 0.9820008277893066], "k_pid_yaw": [0.5, 1e-06, 0.1], "k_pid_hsp": [10.0, 0.9943578243255615, 0.010196089744567871], "k_pid_vsp": [6.885743141174316, 2.879751682281494, 339.4211730957031]}, "datetime": {"datetime": "2025-08-12 00:08:36", "elapsed": 27795.750066041946, "delta": 30.569610834121704}, "costs": {"total_cost": 1538.2345269016553, "time_cost": 150, "final_distance_cost": 10.080552106824975, "oscillation_cost": 57.240826917836266, "completition_cost": 1000.0, "overshoot_cost": 165.44622180541398, "power_cost": 31.155283337402345, "noise_cost": 124.31164273417795, "n_waypoints_completed": 0, "tot_waypoints": 9}}
{"target": -1413.2429915935793, "params": {"k_pid_pos": [1.9569311141967773, 0.9622862339019775, 0.04079759120941162], "k_pid_alt": [1.8938329219818115, 0.8554112911224365, 0.009377598762512207], "k_pid_att": [100.0, 1.5336233377456665, 0.9836094379425049], "k_pid_yaw": [0.5, 1e-06, 0.1], "k_pid_hsp": [7.337972164154053, 0.9794286489486694, 0.11089754104614258], "k_pid_vsp": [0.0, 71.78833770751953, 32.30104446411133]}, "datetime": {"datetime": "2025-08-12 00:09:06", "elapsed": 27825.875524759293, "delta": 30.12545871734619}, "costs": {"total_cost": 1413.2429915935793, "time_cost": 150, "final_distance_cost": 47.451627714750366, "oscillation_cost": 102.81298821935175, "completition_cost": 1000.0, "overshoot_cost": 45.11797591895785, "power_cost": 35.56166201171875, "noise_cost": 32.29873772880068, "n_waypoints_completed": 0, "tot_waypoints": 9}}
{"target": -1533.427753388404, "params": {"k_pid_pos": [1.9287447929382324, 0.8912458419799805, 0.02994614839553833], "k_pid_alt": [1.8513822555541992, 0.840723991394043, 0.0363919734954834], "k_pid_att": [100.0, 1.7218397855758667, 0.8138095140457153], "k_pid_yaw": [0.5, 1e-06, 0.1], "k_pid_hsp": [9.999253273010254, 0.9914289712905884, 0.022831618785858154], "k_pid_vsp": [0.0, 2.4831900596618652, 400.0]}, "datetime": {"datetime": "2025-08-12 00:09:37", "elapsed": 27857.2626786232, "delta": 31.38715386390686}, "costs": {"total_cost": 1533.427753388404, "time_cost": 150, "final_distance_cost": 2.246651366171029, "oscillation_cost": 61.13776899145074, "completition_cost": 1000.0, "overshoot_cost": 164.09979442959732, "power_cost": 20.827857739257812, "noise_cost": 135.11568086192707, "n_waypoints_completed": 0, "tot_waypoints": 9}}
{"target": -3133.7321165961607, "params": {"k_pid_pos": [1.92741858959198, 0.968216061592102, 0.038001567125320435], "k_pid_alt": [1.9726369380950928, 0.8372490406036377, 0.008719027042388916], "k_pid_att": [0.052481889724731445, 1.6264578104019165, 0.8863682746887207], "k_pid_yaw": [0.5, 1e-06, 0.1], "k_pid_hsp": [9.999999046325684, 0.9678020477294922, 0.012482553720474243], "k_pid_vsp": [0.06309747695922852, 75.75018310546875, 400.0]}, "datetime": {"datetime": "2025-08-12 00:10:08", "elapsed": 27887.69912457466, "delta": 30.436445951461792}, "costs": {"total_cost": 3133.7321165961607, "time_cost": 150, "final_distance_cost": 149.8072168552541, "oscillation_cost": 1110.729368421598, "completition_cost": 1000.0, "overshoot_cost": 509.3278959000399, "power_cost": 50.60810148925781, "noise_cost": 163.2595339300107, "n_waypoints_completed": 0, "tot_waypoints": 9}}
{"target": -1235.8981098779457, "params": {"k_pid_pos": [1.9696675539016724, 0.9928985834121704, 0.3416230082511902], "k_pid_alt": [1.8822460174560547, 0.984276533126831, 0.009453892707824707], "k_pid_att": [99.99999237060547, 6.429266929626465, 0.9741078615188599], "k_pid_yaw": [0.5, 1e-06, 0.1], "k_pid_hsp": [9.990127563476562, 0.9977240562438965, 0.06682479381561279], "k_pid_vsp": [399.99456787109375, 3.0931363105773926, 400.0]}, "datetime": {"datetime": "2025-08-12 00:10:38", "elapsed": 27918.298294067383, "delta": 30.599169492721558}, "costs": {"total_cost": 1235.8981098779457, "time_cost": 150, "final_distance_cost": 63.89950043889228, "oscillation_cost": 103.72974501751753, "completition_cost": 777.7777777777778, "overshoot_cost": 71.58764642230472, "power_cost": 37.51358850097657, "noise_cost": 31.389851720476866, "n_waypoints_completed": 2, "tot_waypoints": 9}}
{"target": -1556.3064528745863, "params": {"k_pid_pos": [1.9510165452957153, 0.9876442551612854, 0.18112903833389282], "k_pid_alt": [1.9490023851394653, 0.9942973256111145, 0.08072486519813538], "k_pid_att": [100.0, 0.5561673641204834, 0.9887357950210571], "k_pid_yaw": [0.5, 1e-06, 0.1], "k_pid_hsp": [9.999909400939941, 0.9270625114440918, 0.030667632818222046], "k_pid_vsp": [2.2017359733581543, 4.859317302703857, 0.2844582200050354]}, "datetime": {"datetime": "2025-08-12 00:11:10", "elapsed": 27949.53928756714, "delta": 31.24099349975586}, "costs": {"total_cost": 1556.3064528745863, "time_cost": 150, "final_distance_cost": 7.123418961125372, "oscillation_cost": 63.047340945981865, "completition_cost": 1000.0, "overshoot_cost": 165.32460244961229, "power_cost": 21.81127384033203, "noise_cost": 148.9998166775348, "n_waypoints_completed": 0, "tot_waypoints": 9}}
{"target": -806.3107737591083, "params": {"k_pid_pos": [1.9725747108459473, 0.9883007407188416, 0.03224232792854309], "k_pid_alt": [1.5598098039627075, 0.8083945512771606, 0.04005467891693115], "k_pid_att": [100.0, 2.0471339225769043, 0.8833340406417847], "k_pid_yaw": [0.5, 1e-06, 0.1], "k_pid_hsp": [10.0, 0.9816509485244751, 0.025820106267929077], "k_pid_vsp": [3.5762786865234375e-05, 27.758241653442383, 1.2920929293613881e-05]}, "datetime": {"datetime": "2025-08-12 00:11:41", "elapsed": 27980.726306438446, "delta": 31.187018871307373}, "costs": {"total_cost": 806.3107737591083, "time_cost": 150, "final_distance_cost": 66.25159846020078, "oscillation_cost": 119.37515491361823, "completition_cost": 333.33333333333337, "overshoot_cost": 71.8391840496619, "power_cost": 32.07599876708984, "noise_cost": 33.43550423520419, "n_waypoints_completed": 6, "tot_waypoints": 9}}
{"target": -693.3609128390544, "params": {"k_pid_pos": [1.9965070486068726, 0.9825334548950195, 0.01842963695526123], "k_pid_alt": [1.989504337310791, 0.7302901744842529, 0.08834043145179749], "k_pid_att": [100.0, 0.5834117531776428, 0.981595516204834], "k_pid_yaw": [0.5, 1e-06, 0.1], "k_pid_hsp": [10.0, 0.9517654776573181, 0.08997946977615356], "k_pid_vsp": [98.77145385742188, 17.637563705444336, 0.013614701107144356]}, "datetime": {"datetime": "2025-08-12 00:12:15", "elapsed": 28014.482897996902, "delta": 33.75659155845642}, "costs": {"total_cost": 693.3609128390544, "time_cost": 150, "final_distance_cost": 59.66686072067464, "oscillation_cost": 131.0961141428807, "completition_cost": 222.2222222222222, "overshoot_cost": 63.59963971096893, "power_cost": 33.133648107910155, "noise_cost": 33.64242793439781, "n_waypoints_completed": 7, "tot_waypoints": 9}}
{"target": -1557.9834725719538, "params": {"k_pid_pos": [1.9447765350341797, 0.9666006565093994, 0.16033777594566345], "k_pid_alt": [1.9851820468902588, 0.8071353435516357, 0.10348427295684814], "k_pid_att": [100.0, 0.14908449351787567, 0.9325487613677979], "k_pid_yaw": [0.5, 1e-06, 0.1], "k_pid_hsp": [7.356832504272461, 0.9952077865600586, 0.014537423849105835], "k_pid_vsp": [0.07661581039428711, 15.229643821716309, 0.001491116126999259]}, "datetime": {"datetime": "2025-08-12 00:12:49", "elapsed": 28048.511826992035, "delta": 34.028928995132446}, "costs": {"total_cost": 1557.9834725719538, "time_cost": 150, "final_distance_cost": 8.40017895573314, "oscillation_cost": 57.25780652742362, "completition_cost": 1000.0, "overshoot_cost": 164.8661900619662, "power_cost": 24.70029245605469, "noise_cost": 152.75900457077626, "n_waypoints_completed": 0, "tot_waypoints": 9}}
{"target": -1519.982188452109, "params": {"k_pid_pos": [1.9591631889343262, 0.9431757926940918, 0.0154782235622406], "k_pid_alt": [1.8880119323730469, 0.9551209211349487, 0.045665353536605835], "k_pid_att": [100.0, 0.8749092221260071, 0.9397950172424316], "k_pid_yaw": [0.5, 1e-06, 0.1], "k_pid_hsp": [9.999908447265625, 0.9768081903457642, 0.009873151779174805], "k_pid_vsp": [399.53631591796875, 1.8202910423278809, 399.9962463378906]}, "datetime": {"datetime": "2025-08-12 00:13:19", "elapsed": 28079.116624593735, "delta": 30.60479760169983}, "costs": {"total_cost": 1519.982188452109, "time_cost": 150, "final_distance_cost": 2.605247442247295, "oscillation_cost": 58.483442459062424, "completition_cost": 1000.0, "overshoot_cost": 163.47702511290095, "power_cost": 32.21927265625, "noise_cost": 113.19720078164848, "n_waypoints_completed": 0, "tot_waypoints": 9}}
{"target": -1558.7742445367323, "params": {"k_pid_pos": [1.9367551803588867, 0.9965149164199829, 0.130598783493042], "k_pid_alt": [1.9606518745422363, 0.7971473336219788, 0.02172982692718506], "k_pid_att": [100.0, 5.0360283851623535, 0.9460043907165527], "k_pid_yaw": [0.5, 1e-06, 0.1], "k_pid_hsp": [9.999999046325684, 0.9836595058441162, 0.030590057373046875], "k_pid_vsp": [28.821992874145508, 0.931526243686676, 400.0]}, "datetime": {"datetime": "2025-08-12 00:13:54", "elapsed": 28113.996571302414, "delta": 34.8799467086792}, "costs": {"total_cost": 1558.7742445367323, "time_cost": 150, "final_distance_cost": 2.4753320430738497, "oscillation_cost": 77.24317080966105, "completition_cost": 1000.0, "overshoot_cost": 165.65988150118153, "power_cost": 33.35332987060547, "noise_cost": 130.04253031221054, "n_waypoints_completed": 0, "tot_waypoints": 9}}
{"target": -1394.4762993748634, "params": {"k_pid_pos": [1.9068354368209839, 0.9932343363761902, 0.04414510726928711], "k_pid_alt": [1.9940011501312256, 0.8671892881393433, 0.06707769632339478], "k_pid_att": [100.0, 3.0257527828216553, 0.8292803168296814], "k_pid_yaw": [0.5, 1e-06, 0.1], "k_pid_hsp": [10.0, 0.9277889728546143, 0.020940810441970825], "k_pid_vsp": [392.59039306640625, 54.352725982666016, 347.7154541015625]}, "datetime": {"datetime": "2025-08-12 00:14:26", "elapsed": 28145.417420864105, "delta": 31.420849561691284}, "costs": {"total_cost": 1394.4762993748634, "time_cost": 150, "final_distance_cost": 44.92868515664848, "oscillation_cost": 70.78349826577282, "completition_cost": 1000.0, "overshoot_cost": 63.50894637534798, "power_cost": 34.812892236328125, "noise_cost": 30.442277340766257, "n_waypoints_completed": 0, "tot_waypoints": 9}}
{"target": -1551.8138450076738, "params": {"k_pid_pos": [1.9187955856323242, 0.8619182705879211, 0.13103193044662476], "k_pid_alt": [1.980603575706482, 0.9324080944061279, 0.03758680820465088], "k_pid_att": [100.0, 1.915437936782837, 0.981952965259552], "k_pid_yaw": [0.5, 1e-06, 0.1], "k_pid_hsp": [0.5902253985404968, 0.9878526926040649, 0.051759183406829834], "k_pid_vsp": [0.02200603485107422, 12.072802543640137, 369.2460632324219]}, "datetime": {"datetime": "2025-08-12 00:14:55", "elapsed": 28175.289824724197, "delta": 29.872403860092163}, "costs": {"total_cost": 1551.8138450076738, "time_cost": 150, "final_distance_cost": 1.2385257111812977, "oscillation_cost": 56.47342743565172, "completition_cost": 1000.0, "overshoot_cost": 169.4996790445406, "power_cost": 23.65613983154297, "noise_cost": 150.94607298475714, "n_waypoints_completed": 0, "tot_waypoints": 9}}
{"target": -1517.9313860795803, "params": {"k_pid_pos": [1.9918080568313599, 0.8449916243553162, 0.007051944732666016], "k_pid_alt": [1.865419864654541, 0.9247885346412659, 0.04095903038978577], "k_pid_att": [100.0, 3.0904977321624756, 0.9634219408035278], "k_pid_yaw": [0.5, 1e-06, 0.1], "k_pid_hsp": [9.999995231628418, 0.9955931901931763, 0.006900370121002197], "k_pid_vsp": [0.0, 1.6821870803833008, 374.6082458496094]}, "datetime": {"datetime": "2025-08-12 00:15:26", "elapsed": 28205.42228579521, "delta": 30.132461071014404}, "costs": {"total_cost": 1517.9313860795803, "time_cost": 150, "final_distance_cost": 2.111380713089171, "oscillation_cost": 47.89384221275076, "completition_cost": 1000.0, "overshoot_cost": 164.23747634527794, "power_cost": 17.999622021484377, "noise_cost": 135.68906478697815, "n_waypoints_completed": 0, "tot_waypoints": 9}}
{"target": -1544.524673302139, "params": {"k_pid_pos": [1.8187310695648193, 0.9368140697479248, 0.03532534837722778], "k_pid_alt": [1.906022071838379, 0.9922546148300171, 0.0623917281627655], "k_pid_att": [99.99949645996094, 1.3410545587539673, 0.9481537938117981], "k_pid_yaw": [0.5, 1e-06, 0.1], "k_pid_hsp": [10.0, 0.9686316847801208, 0.013137906789779663], "k_pid_vsp": [4.76837158203125e-05, 10.308481216430664, 9.999999974752427e-07]}, "datetime": {"datetime": "2025-08-12 00:15:55", "elapsed": 28235.12349319458, "delta": 29.701207399368286}, "costs": {"total_cost": 1544.524673302139, "time_cost": 150, "final_distance_cost": 10.361694443395606, "oscillation_cost": 48.51715208073905, "completition_cost": 1000.0, "overshoot_cost": 165.71591341592597, "power_cost": 20.53649581298828, "noise_cost": 149.39341754909015, "n_waypoints_completed": 0, "tot_waypoints": 9}}
{"target": -1452.946911402355, "params": {"k_pid_pos": [1.8333740234375, 0.8829885721206665, 0.014358371496200562], "k_pid_alt": [1.9719336032867432, 0.9660019874572754, 0.048166364431381226], "k_pid_att": [100.0, 3.2197787761688232, 0.9926182627677917], "k_pid_yaw": [0.5, 1e-06, 0.1], "k_pid_hsp": [10.0, 0.9756075143814087, 0.025065600872039795], "k_pid_vsp": [399.5811462402344, 60.6623420715332, 398.709716796875]}, "datetime": {"datetime": "2025-08-12 00:16:26", "elapsed": 28265.46817302704, "delta": 30.344679832458496}, "costs": {"total_cost": 1452.946911402355, "time_cost": 150, "final_distance_cost": 12.406903528462086, "oscillation_cost": 66.40764204238891, "completition_cost": 1000.0, "overshoot_cost": 149.87282271853599, "power_cost": 35.18681040039063, "noise_cost": 39.072732712577384, "n_waypoints_completed": 0, "tot_waypoints": 9}}
{"target": -1516.4532018691136, "params": {"k_pid_pos": [1.9634371995925903, 0.952833890914917, 0.027993470430374146], "k_pid_alt": [1.9590214490890503, 0.8198654651641846, 0.019123613834381104], "k_pid_att": [100.0, 2.5545811653137207, 0.9374780654907227], "k_pid_yaw": [0.5, 1e-06, 0.1], "k_pid_hsp": [10.0, 0.9783387184143066, 0.016398638486862183], "k_pid_vsp": [399.95623779296875, 8.627713203430176, 399.92938232421875]}, "datetime": {"datetime": "2025-08-12 00:16:56", "elapsed": 28295.62793636322, "delta": 30.15976333618164}, "costs": {"total_cost": 1516.4532018691136, "time_cost": 150, "final_distance_cost": 11.249715540581382, "oscillation_cost": 62.36789811878384, "completition_cost": 1000.0, "overshoot_cost": 160.12110131692944, "power_cost": 33.70112575683594, "noise_cost": 99.01336113598312, "n_waypoints_completed": 0, "tot_waypoints": 9}}
{"target": -440.46131542506555, "params": {"k_pid_pos": [1.9645551443099976, 0.9377220869064331, 0.03578159213066101], "k_pid_alt": [1.8978543281555176, 0.5997284054756165, 0.09616860747337341], "k_pid_att": [100.0, 0.29839619994163513, 0.9902570843696594], "k_pid_yaw": [0.5, 1e-06, 0.1], "k_pid_hsp": [10.0, 0.8573595881462097, 0.15051722526550293], "k_pid_vsp": [396.6546630859375, 13.99736499786377, 117.06192779541016]}, "datetime": {"datetime": "2025-08-12 00:17:25", "elapsed": 28325.131744623184, "delta": 29.50380825996399}, "costs": {"total_cost": 440.46131542506555, "time_cost": 116.34, "final_distance_cost": 1.7947991139870352, "oscillation_cost": 186.6878208319236, "completition_cost": 0.0, "overshoot_cost": 71.48290198876417, "power_cost": 34.445687072753906, "noise_cost": 29.710106417636787, "n_waypoints_completed": 9, "tot_waypoints": 9}}
{"target": -1587.6973804873785, "params": {"k_pid_pos": [1.9455811977386475, 0.9755432605743408, 0.05936732888221741], "k_pid_alt": [1.9872081279754639, 0.9928758144378662, 0.11007559299468994], "k_pid_att": [100.0, 2.6258692741394043, 0.965275764465332], "k_pid_yaw": [0.5, 1e-06, 0.1], "k_pid_hsp": [10.0, 0.9609000086784363, 0.09372302889823914], "k_pid_vsp": [1.1920928955078125e-05, 33.95941162109375, 399.9564208984375]}, "datetime": {"datetime": "2025-08-12 00:17:56", "elapsed": 28355.783576965332, "delta": 30.651832342147827}, "costs": {"total_cost": 1587.6973804873785, "time_cost": 150, "final_distance_cost": 12.775181931478256, "oscillation_cost": 96.31208180566671, "completition_cost": 1000.0, "overshoot_cost": 165.93041383901655, "power_cost": 34.40809908447266, "noise_cost": 128.27160382674433, "n_waypoints_completed": 0, "tot_waypoints": 9}}
{"target": -1439.5111112882937, "params": {"k_pid_pos": [1.8743377923965454, 0.6356498003005981, 0.04266420006752014], "k_pid_alt": [1.9691014289855957, 0.9900711178779602, 0.1471385955810547], "k_pid_att": [100.0, 3.290494203567505, 0.9846931099891663], "k_pid_yaw": [0.5, 1e-06, 0.1], "k_pid_hsp": [10.0, 0.9316844940185547, 0.005294233560562134], "k_pid_vsp": [5.9604644775390625e-05, 102.0223388671875, 399.9965515136719]}, "datetime": {"datetime": "2025-08-12 00:18:27", "elapsed": 28386.498636960983, "delta": 30.715059995651245}, "costs": {"total_cost": 1439.5111112882937, "time_cost": 150, "final_distance_cost": 103.07173870619768, "oscillation_cost": 119.7650354858931, "completition_cost": 777.7777777777778, "overshoot_cost": 188.84649867530848, "power_cost": 32.1848126953125, "noise_cost": 67.86524794780411, "n_waypoints_completed": 2, "tot_waypoints": 9}}
{"target": -851.2323795335392, "params": {"k_pid_pos": [1.9481371641159058, 0.9537107944488525, 0.02932441234588623], "k_pid_alt": [1.7458031177520752, 0.9942008852958679, 0.013414204120635986], "k_pid_att": [100.0, 0.24214041233062744, 0.9662085771560669], "k_pid_yaw": [0.5, 1e-06, 0.1], "k_pid_hsp": [9.999979972839355, 0.993621826171875, 0.18013694882392883], "k_pid_vsp": [398.5611877441406, 48.98308563232422, 145.2484130859375]}, "datetime": {"datetime": "2025-08-12 00:18:58", "elapsed": 28417.647943735123, "delta": 31.149306774139404}, "costs": {"total_cost": 851.2323795335392, "time_cost": 150, "final_distance_cost": 69.10583376481708, "oscillation_cost": 163.991739186704, "completition_cost": 333.33333333333337, "overshoot_cost": 66.92561379366204, "power_cost": 36.89376988525391, "noise_cost": 30.982089569768696, "n_waypoints_completed": 6, "tot_waypoints": 9}}
{"target": -1529.2090063127678, "params": {"k_pid_pos": [1.7899260520935059, 0.8358513712882996, 0.029756784439086914], "k_pid_alt": [1.953560709953308, 0.8568450212478638, 0.0037541985511779785], "k_pid_att": [100.0, 1.327871322631836, 0.95030677318573], "k_pid_yaw": [0.5, 1e-06, 0.1], "k_pid_hsp": [10.0, 0.9869515895843506, 0.017067432403564453], "k_pid_vsp": [399.9524230957031, 3.263212203979492, 398.7444763183594]}, "datetime": {"datetime": "2025-08-12 00:19:29", "elapsed": 28448.630506277084, "delta": 30.98256254196167}, "costs": {"total_cost": 1529.2090063127678, "time_cost": 150, "final_distance_cost": 9.616926443600372, "oscillation_cost": 62.39054274123036, "completition_cost": 1000.0, "overshoot_cost": 162.3295825211962, "power_cost": 32.50814569091797, "noise_cost": 112.36380891582287, "n_waypoints_completed": 0, "tot_waypoints": 9}}
{"target": -1292.2351656285427, "params": {"k_pid_pos": [1.9793580770492554, 0.972760796546936, 0.12145096063613892], "k_pid_alt": [1.9489071369171143, 0.8785880208015442, 0.030831485986709595], "k_pid_att": [100.0, 1.7419019937515259, 0.9813884496688843], "k_pid_yaw": [0.5, 1e-06, 0.1], "k_pid_hsp": [9.997356414794922, 0.9636954069137573, 0.10618871450424194], "k_pid_vsp": [399.9964294433594, 1.6240129470825195, 400.0]}, "datetime": {"datetime": "2025-08-12 00:20:00", "elapsed": 28479.930291891098, "delta": 31.299785614013672}, "costs": {"total_cost": 1292.2351656285427, "time_cost": 150, "final_distance_cost": 93.32743937426143, "oscillation_cost": 124.10622686547282, "completition_cost": 777.7777777777778, "overshoot_cost": 77.53477117698881, "power_cost": 37.54853068847657, "noise_cost": 31.940419745565105, "n_waypoints_completed": 2, "tot_waypoints": 9}}
{"target": -1432.5969333024382, "params": {"k_pid_pos": [1.9883092641830444, 0.919958770275116, 0.16285669803619385], "k_pid_alt": [1.4349753856658936, 0.8505547046661377, 0.17833712697029114], "k_pid_att": [99.99999237060547, 0.9604941010475159, 0.715194821357727], "k_pid_yaw": [0.5, 1e-06, 0.1], "k_pid_hsp": [9.999999046325684, 0.7352960109710693, 0.0287896990776062], "k_pid_vsp": [399.53912353515625, 10.75850772857666, 400.0]}, "datetime": {"datetime": "2025-08-12 00:20:31", "elapsed": 28511.090301275253, "delta": 31.160009384155273}, "costs": {"total_cost": 1432.5969333024382, "time_cost": 150, "final_distance_cost": 8.66405314065622, "oscillation_cost": 76.77540923340186, "completition_cost": 1000.0, "overshoot_cost": 131.27759755885043, "power_cost": 35.234332836914064, "noise_cost": 30.64554053261561, "n_waypoints_completed": 0, "tot_waypoints": 9}}
{"target": -982.6858398961922, "params": {"k_pid_pos": [1.9556580781936646, 0.9770525693893433, 0.03898590803146362], "k_pid_alt": [1.9319976568222046, 0.9469416737556458, 0.008565753698348999], "k_pid_att": [100.0, 2.2251360416412354, 0.9836939573287964], "k_pid_yaw": [0.5, 1e-06, 0.1], "k_pid_hsp": [9.999999046325684, 0.9826300144195557, 0.010646611452102661], "k_pid_vsp": [0.0666499137878418, 33.061553955078125, 9.999999974752427e-07]}, "datetime": {"datetime": "2025-08-12 00:21:01", "elapsed": 28541.104711294174, "delta": 30.0144100189209}, "costs": {"total_cost": 982.6858398961922, "time_cost": 150, "final_distance_cost": 41.6363620615045, "oscillation_cost": 107.26684488045774, "completition_cost": 555.5555555555555, "overshoot_cost": 64.76225297491774, "power_cost": 31.31724732666016, "noise_cost": 32.14757709709643, "n_waypoints_completed": 4, "tot_waypoints": 9}}
