{"target": -1534.4467929083696, "params": {"k_pid_pos": [1.9721133708953857, 0.9957073330879211, 0.008161306381225586], "k_pid_alt": [1.9736595153808594, 0.9832055568695068, 0.027817726135253906], "k_pid_att": [100.0, 0.9240500926971436, 0.9972501397132874], "k_pid_yaw": [0.5, 1e-06, 0.1], "k_pid_hsp": [10.0, 0.9989899396896362, 0.008125126361846924], "k_pid_vsp": [234.7639617919922, 8.229852676391602, 395.4115905761719]}, "datetime": {"datetime": "2025-08-12 05:34:22", "elapsed": 47341.393756866455, "delta": 33.77217769622803}, "costs": {"total_cost": 1534.4467929083696, "time_cost": 150, "final_distance_cost": 11.01825140554946, "oscillation_cost": 52.8137017624685, "completition_cost": 1000.0, "overshoot_cost": 166.24711894315442, "power_cost": 31.559286560058595, "noise_cost": 122.80843423713875, "n_waypoints_completed": 0, "tot_waypoints": 9}}
{"target": -3197.236737161633, "params": {"k_pid_pos": [1.9407404661178589, 0.9392305016517639, 0.03559458255767822], "k_pid_alt": [1.9556105136871338, 0.9921953678131104, 0.00714796781539917], "k_pid_att": [0.04203915596008301, 1.3178173303604126, 0.9953877329826355], "k_pid_yaw": [0.5, 1e-06, 0.1], "k_pid_hsp": [10.0, 0.96286940574646, 0.008549928665161133], "k_pid_vsp": [2.384185791015625e-05, 1.6697535514831543, 0.10899405181407928]}, "datetime": {"datetime": "2025-08-12 05:34:53", "elapsed": 47373.16043758392, "delta": 31.76668071746826}, "costs": {"total_cost": 3197.236737161633, "time_cost": 150, "final_distance_cost": 61.63503154595586, "oscillation_cost": 1239.866092531925, "completition_cost": 1000.0, "overshoot_cost": 592.9560061981443, "power_cost": 15.583257458496094, "noise_cost": 137.19634942711156, "n_waypoints_completed": 0, "tot_waypoints": 9}}
{"target": -1529.402671862866, "params": {"k_pid_pos": [1.9536508321762085, 0.94943767786026, 0.13504338264465332], "k_pid_alt": [1.9516286849975586, 0.9954220056533813, 0.003936469554901123], "k_pid_att": [100.0, 0.4738004803657532, 0.9794883728027344], "k_pid_yaw": [0.5, 1e-06, 0.1], "k_pid_hsp": [10.0, 0.9817089438438416, 0.009724706411361694], "k_pid_vsp": [0.02505779266357422, 2.823115348815918, 9.999999974752427e-07]}, "datetime": {"datetime": "2025-08-12 05:35:25", "elapsed": 47404.44303059578, "delta": 31.28259301185608}, "costs": {"total_cost": 1529.402671862866, "time_cost": 150, "final_distance_cost": 13.195180512787898, "oscillation_cost": 44.69198366080164, "completition_cost": 1000.0, "overshoot_cost": 165.6644030288116, "power_cost": 14.44650906982422, "noise_cost": 141.40459559064067, "n_waypoints_completed": 0, "tot_waypoints": 9}}
{"target": -1930.6027617711761, "params": {"k_pid_pos": [1.9954931735992432, 0.7029109001159668, 0.025793910026550293], "k_pid_alt": [1.824974536895752, 0.9718607664108276, 0.009607821702957153], "k_pid_att": [0.184708833694458, 0.2947680950164795, 0.9648495316505432], "k_pid_yaw": [0.5, 1e-06, 0.1], "k_pid_hsp": [10.0, 0.9878560900688171, 0.031186193227767944], "k_pid_vsp": [380.5718994140625, 11.14958667755127, 26.68068504333496]}, "datetime": {"datetime": "2025-08-12 05:35:56", "elapsed": 47435.462018966675, "delta": 31.018988370895386}, "costs": {"total_cost": 1930.6027617711761, "time_cost": 150, "final_distance_cost": 122.7004138938716, "oscillation_cost": 145.58868660624478, "completition_cost": 1000.0, "overshoot_cost": 293.9409388373258, "power_cost": 58.012594665527345, "noise_cost": 160.36012776820675, "n_waypoints_completed": 0, "tot_waypoints": 9}}
{"target": -659.5808790917896, "params": {"k_pid_pos": [1.6986699104309082, 0.993930459022522, 0.03691357374191284], "k_pid_alt": [1.9281606674194336, 0.9305165410041809, 0.04164883494377136], "k_pid_att": [99.99998474121094, 0.4038935601711273, 0.988956093788147], "k_pid_yaw": [0.5, 1e-06, 0.1], "k_pid_hsp": [10.0, 0.9950572848320007, 0.008169054985046387], "k_pid_vsp": [385.20513916015625, 3.1548986434936523, 2.548600196838379]}, "datetime": {"datetime": "2025-08-12 05:36:29", "elapsed": 47469.07639694214, "delta": 33.61437797546387}, "costs": {"total_cost": 659.5808790917896, "time_cost": 150, "final_distance_cost": 68.76225475837968, "oscillation_cost": 93.30832589328003, "completition_cost": 222.2222222222222, "overshoot_cost": 62.097097745619934, "power_cost": 30.157207055664063, "noise_cost": 33.033771416623594, "n_waypoints_completed": 7, "tot_waypoints": 9}}
{"target": -1293.536080911135, "params": {"k_pid_pos": [1.9401057958602905, 0.9934678077697754, 0.028470337390899658], "k_pid_alt": [1.8513505458831787, 0.9814956188201904, 0.03105849027633667], "k_pid_att": [100.0, 0.08693862706422806, 0.9932665824890137], "k_pid_yaw": [0.5, 1e-06, 0.1], "k_pid_hsp": [10.0, 0.9464132785797119, 0.034394770860672], "k_pid_vsp": [97.56847381591797, 13.247276306152344, 18.911792755126953]}, "datetime": {"datetime": "2025-08-12 05:37:02", "elapsed": 47501.4941444397, "delta": 32.417747497558594}, "costs": {"total_cost": 1293.536080911135, "time_cost": 150, "final_distance_cost": 60.20987011119911, "oscillation_cost": 85.54224615558043, "completition_cost": 888.8888888888888, "overshoot_cost": 43.95205942052286, "power_cost": 34.53466607666016, "noise_cost": 30.40835025828365, "n_waypoints_completed": 1, "tot_waypoints": 9}}
{"target": -1414.252842453451, "params": {"k_pid_pos": [1.9398303031921387, 0.982563316822052, 0.009722799062728882], "k_pid_alt": [1.9896626472473145, 0.9329409599304199, 0.0237618088722229], "k_pid_att": [99.99993133544922, 0.39982858300209045, 0.9729448556900024], "k_pid_yaw": [0.5, 1e-06, 0.1], "k_pid_hsp": [9.999999747378752e-05, 0.997378945350647, 0.006238728761672974], "k_pid_vsp": [399.9933166503906, 1.2475619316101074, 1.4683494567871094]}, "datetime": {"datetime": "2025-08-12 05:37:35", "elapsed": 47534.45857620239, "delta": 32.96443176269531}, "costs": {"total_cost": 1414.252842453451, "time_cost": 150, "final_distance_cost": 48.61607138037773, "oscillation_cost": 98.03085467067623, "completition_cost": 1000.0, "overshoot_cost": 51.293514516250006, "power_cost": 31.30826297607422, "noise_cost": 35.00413891007266, "n_waypoints_completed": 0, "tot_waypoints": 9}}
{"target": -2839.802523917788, "params": {"k_pid_pos": [1.9261623620986938, 0.9861937761306763, 0.008320063352584839], "k_pid_alt": [1.9631445407867432, 0.7879657745361328, 0.08022415637969971], "k_pid_att": [0.0018596649169921875, 0.3903035521507263, 0.9568707942962646], "k_pid_yaw": [0.5, 1e-06, 0.1], "k_pid_hsp": [10.0, 0.8172655701637268, 0.009049266576766968], "k_pid_vsp": [0.11792182922363281, 2.9719362258911133, 399.9993591308594]}, "datetime": {"datetime": "2025-08-12 05:38:06", "elapsed": 47565.759868860245, "delta": 31.301292657852173}, "costs": {"total_cost": 2839.802523917788, "time_cost": 150, "final_distance_cost": 295.0196598126405, "oscillation_cost": 620.3576584136588, "completition_cost": 1000.0, "overshoot_cost": 616.303055397054, "power_cost": 14.964177758789063, "noise_cost": 143.15797253564583, "n_waypoints_completed": 0, "tot_waypoints": 9}}
{"target": -670.063469821665, "params": {"k_pid_pos": [1.9046777486801147, 0.9941715002059937, 0.014167875051498413], "k_pid_alt": [1.966860294342041, 0.9855823516845703, 0.01786985993385315], "k_pid_att": [100.0, 0.2553429901599884, 0.9965046644210815], "k_pid_yaw": [0.5, 1e-06, 0.1], "k_pid_hsp": [10.0, 0.9929454326629639, 0.007944107055664062], "k_pid_vsp": [47.92151641845703, 23.12925148010254, 9.636743197916076e-05]}, "datetime": {"datetime": "2025-08-12 05:38:38", "elapsed": 47597.96167707443, "delta": 32.20180821418762}, "costs": {"total_cost": 670.063469821665, "time_cost": 150, "final_distance_cost": 69.22987002110116, "oscillation_cost": 98.1197803775466, "completition_cost": 222.2222222222222, "overshoot_cost": 67.75124919062861, "power_cost": 29.72944110107422, "noise_cost": 33.01090690909213, "n_waypoints_completed": 7, "tot_waypoints": 9}}
{"target": -1311.4126442680783, "params": {"k_pid_pos": [1.9948489665985107, 0.9538373351097107, 0.007808566093444824], "k_pid_alt": [1.9921064376831055, 0.9791272878646851, 0.01478394865989685], "k_pid_att": [100.0, 0.49793028831481934, 0.9689403772354126], "k_pid_yaw": [0.5, 1e-06, 0.1], "k_pid_hsp": [10.0, 0.9805721044540405, 0.03557246923446655], "k_pid_vsp": [396.6550598144531, 16.056753158569336, 9.999999974752427e-07]}, "datetime": {"datetime": "2025-08-12 05:39:10", "elapsed": 47629.80249428749, "delta": 31.84081721305847}, "costs": {"total_cost": 1311.4126442680783, "time_cost": 150, "final_distance_cost": 64.50994009877456, "oscillation_cost": 103.3033335652501, "completition_cost": 888.8888888888888, "overshoot_cost": 40.936772927249336, "power_cost": 29.87834996337891, "noise_cost": 33.895358824536515, "n_waypoints_completed": 1, "tot_waypoints": 9}}
{"target": -1314.7999304910707, "params": {"k_pid_pos": [1.9968205690383911, 0.9721596240997314, 0.06091582775115967], "k_pid_alt": [1.9727327823638916, 0.8587595820426941, 0.5239748358726501], "k_pid_att": [100.0, 0.1884329915046692, 0.9533483386039734], "k_pid_yaw": [0.5, 1e-06, 0.1], "k_pid_hsp": [9.999993324279785, 0.9823103547096252, 0.015546172857284546], "k_pid_vsp": [0.3180384635925293, 22.063697814941406, 0.008762883022427559]}, "datetime": {"datetime": "2025-08-12 05:39:40", "elapsed": 47660.23820233345, "delta": 30.435708045959473}, "costs": {"total_cost": 1314.7999304910707, "time_cost": 150, "final_distance_cost": 61.68758524308763, "oscillation_cost": 81.05950702772228, "completition_cost": 888.8888888888888, "overshoot_cost": 68.21740090852578, "power_cost": 29.489633630371095, "noise_cost": 35.456914792474976, "n_waypoints_completed": 1, "tot_waypoints": 9}}
{"target": -1321.531745243172, "params": {"k_pid_pos": [1.9647873640060425, 0.9901654124259949, 0.07284295558929443], "k_pid_alt": [1.9803450107574463, 0.9006133675575256, 0.034413427114486694], "k_pid_att": [100.0, 0.38537371158599854, 0.9930490851402283], "k_pid_yaw": [0.5, 1e-06, 0.1], "k_pid_hsp": [10.0, 0.9505847096443176, 0.03167825937271118], "k_pid_vsp": [399.9945983886719, 16.11181640625, 0.00013213021156843752]}, "datetime": {"datetime": "2025-08-12 05:40:10", "elapsed": 47689.89289903641, "delta": 29.654696702957153}, "costs": {"total_cost": 1321.531745243172, "time_cost": 150, "final_distance_cost": 72.59769654311872, "oscillation_cost": 107.1752645020843, "completition_cost": 888.8888888888888, "overshoot_cost": 38.88820247896305, "power_cost": 30.099955200195314, "noise_cost": 33.881737629921794, "n_waypoints_completed": 1, "tot_waypoints": 9}}
{"target": -1543.5857794935628, "params": {"k_pid_pos": [1.964584231376648, 0.9867435097694397, 0.0033648014068603516], "k_pid_alt": [1.971327781677246, 0.7343103885650635, 0.04793745279312134], "k_pid_att": [100.0, 1.2219847440719604, 0.9903116822242737], "k_pid_yaw": [0.5, 1e-06, 0.1], "k_pid_hsp": [10.0, 0.871417760848999, 0.01440197229385376], "k_pid_vsp": [2.3148059844970703, 13.94661808013916, 86.43817901611328]}, "datetime": {"datetime": "2025-08-12 05:40:40", "elapsed": 47719.459279060364, "delta": 29.5663800239563}, "costs": {"total_cost": 1543.5857794935628, "time_cost": 150, "final_distance_cost": 13.485992186796457, "oscillation_cost": 59.84773214282916, "completition_cost": 1000.0, "overshoot_cost": 165.29391008073122, "power_cost": 32.53788316650391, "noise_cost": 122.42026191670227, "n_waypoints_completed": 0, "tot_waypoints": 9}}
{"target": -1573.2648139414146, "params": {"k_pid_pos": [1.9557260274887085, 0.9306014180183411, 0.06954610347747803], "k_pid_alt": [1.9856996536254883, 0.9902522563934326, 0.02522030472755432], "k_pid_att": [99.99993133544922, 0.6308005452156067, 0.9795211553573608], "k_pid_yaw": [0.5, 1e-06, 0.1], "k_pid_hsp": [10.0, 0.789854884147644, 0.10485947132110596], "k_pid_vsp": [0.009942054748535156, 7.467652320861816, 9.999999974752427e-07]}, "datetime": {"datetime": "2025-08-12 05:41:11", "elapsed": 47751.013194561005, "delta": 31.55391550064087}, "costs": {"total_cost": 1573.2648139414146, "time_cost": 150, "final_distance_cost": 5.7442556518764105, "oscillation_cost": 83.8131791288291, "completition_cost": 1000.0, "overshoot_cost": 166.18557925181733, "power_cost": 22.76716749267578, "noise_cost": 144.754632416216, "n_waypoints_completed": 0, "tot_waypoints": 9}}
{"target": -722.1461953863937, "params": {"k_pid_pos": [1.9793916940689087, 0.8787918090820312, 0.015632271766662598], "k_pid_alt": [1.968434453010559, 0.9888542890548706, 0.018819987773895264], "k_pid_att": [99.99964141845703, 0.25617745518684387, 0.975105881690979], "k_pid_yaw": [0.5, 1e-06, 0.1], "k_pid_hsp": [10.0, 0.9919367432594299, 0.010379284620285034], "k_pid_vsp": [399.99237060546875, 3.691376209259033, 0.4358897805213928]}, "datetime": {"datetime": "2025-08-12 05:41:44", "elapsed": 47783.385103702545, "delta": 32.37190914154053}, "costs": {"total_cost": 722.1461953863937, "time_cost": 150, "final_distance_cost": 71.3192103519876, "oscillation_cost": 149.12059968766584, "completition_cost": 222.2222222222222, "overshoot_cost": 65.81407041406464, "power_cost": 30.87194375, "noise_cost": 32.7981489604534, "n_waypoints_completed": 7, "tot_waypoints": 9}}
{"target": -3610.911983063381, "params": {"k_pid_pos": [1.989895224571228, 0.9794630408287048, 0.055724769830703735], "k_pid_alt": [1.9599359035491943, 0.7552082538604736, 0.018531084060668945], "k_pid_att": [0.07508695125579834, 0.23303470015525818, 0.9813063740730286], "k_pid_yaw": [0.5, 1e-06, 0.1], "k_pid_hsp": [10.0, 0.9835566878318787, 0.0064408183097839355], "k_pid_vsp": [0.0, 23.762800216674805, 9.999999974752427e-07]}, "datetime": {"datetime": "2025-08-12 05:42:14", "elapsed": 47814.06145143509, "delta": 30.676347732543945}, "costs": {"total_cost": 3610.911983063381, "time_cost": 150, "final_distance_cost": 640.5400419237113, "oscillation_cost": 232.08472682888578, "completition_cost": 1000.0, "overshoot_cost": 1406.5104399394347, "power_cost": 32.08536567382813, "noise_cost": 149.69140869752113, "n_waypoints_completed": 0, "tot_waypoints": 9}}
{"target": -1398.677732679748, "params": {"k_pid_pos": [1.9816477298736572, 0.9991164207458496, 0.05421939492225647], "k_pid_alt": [1.8424773216247559, 0.9607495665550232, 0.033695608377456665], "k_pid_att": [42.018829345703125, 0.3555171489715576, 0.940935492515564], "k_pid_yaw": [0.5, 1e-06, 0.1], "k_pid_hsp": [10.0, 0.9771363735198975, 0.11036160588264465], "k_pid_vsp": [1.1920928955078125e-05, 36.38264083862305, 6.060464511392638e-05]}, "datetime": {"datetime": "2025-08-12 05:42:44", "elapsed": 47844.31548476219, "delta": 30.25403332710266}, "costs": {"total_cost": 1398.677732679748, "time_cost": 150, "final_distance_cost": 38.07475598769585, "oscillation_cost": 100.62989897566445, "completition_cost": 1000.0, "overshoot_cost": 45.04401886732485, "power_cost": 33.285618798828125, "noise_cost": 31.643440050234613, "n_waypoints_completed": 0, "tot_waypoints": 9}}
{"target": -1124.8436677569368, "params": {"k_pid_pos": [1.952483892440796, 0.9649613499641418, 0.010246843099594116], "k_pid_alt": [1.9924683570861816, 0.9912254810333252, 0.01143425703048706], "k_pid_att": [100.0, 0.16125772893428802, 0.9906738996505737], "k_pid_yaw": [0.5, 1e-06, 0.1], "k_pid_hsp": [10.0, 0.9199849367141724, 0.003893941640853882], "k_pid_vsp": [1.0726690292358398, 40.488826751708984, 2.929903030395508]}, "datetime": {"datetime": "2025-08-12 05:43:15", "elapsed": 47875.2333445549, "delta": 30.91785979270935}, "costs": {"total_cost": 1124.8436677569368, "time_cost": 150, "final_distance_cost": 55.22487687431633, "oscillation_cost": 113.76425865827667, "completition_cost": 666.6666666666667, "overshoot_cost": 74.55923927892249, "power_cost": 31.61359127197266, "noise_cost": 33.01503500678194, "n_waypoints_completed": 3, "tot_waypoints": 9}}
{"target": -1379.744843854297, "params": {"k_pid_pos": [1.9734238386154175, 0.935836672782898, 0.012234389781951904], "k_pid_alt": [1.8759801387786865, 0.9951525926589966, 0.04648643732070923], "k_pid_att": [100.0, 0.20574112236499786, 0.9854215979576111], "k_pid_yaw": [0.5, 1e-06, 0.1], "k_pid_hsp": [9.999996185302734, 0.9914239645004272, 0.04383718967437744], "k_pid_vsp": [399.9997253417969, 16.523887634277344, 9.999999974752427e-07]}, "datetime": {"datetime": "2025-08-12 05:43:48", "elapsed": 47907.492946863174, "delta": 32.259602308273315}, "costs": {"total_cost": 1379.744843854297, "time_cost": 150, "final_distance_cost": 45.943587373002856, "oscillation_cost": 87.58041763920924, "completition_cost": 1000.0, "overshoot_cost": 31.68262503982009, "power_cost": 30.49822918701172, "noise_cost": 34.03998461525319, "n_waypoints_completed": 0, "tot_waypoints": 9}}
{"target": -520.7363298500564, "params": {"k_pid_pos": [1.957261562347412, 0.9714617729187012, 0.04470580816268921], "k_pid_alt": [1.9346742630004883, 0.9821953773498535, 0.043474823236465454], "k_pid_att": [16.414583206176758, 0.4906758666038513, 0.9968595504760742], "k_pid_yaw": [0.5, 1e-06, 0.1], "k_pid_hsp": [9.999994277954102, 0.9703850746154785, 0.009723067283630371], "k_pid_vsp": [391.7088623046875, 1.6513595581054688, 0.11556248366832733]}, "datetime": {"datetime": "2025-08-12 05:44:19", "elapsed": 47938.892221450806, "delta": 31.399274587631226}, "costs": {"total_cost": 520.7363298500564, "time_cost": 150, "final_distance_cost": 58.08613301261464, "oscillation_cost": 70.1368545412694, "completition_cost": 111.11111111111116, "overshoot_cost": 69.70510241938038, "power_cost": 28.34609871826172, "noise_cost": 33.35103004741921, "n_waypoints_completed": 8, "tot_waypoints": 9}}
{"target": -1566.2029009595426, "params": {"k_pid_pos": [1.9708058834075928, 0.9913004636764526, 0.004372388124465942], "k_pid_alt": [1.987069010734558, 0.8446424603462219, 0.0065000951290130615], "k_pid_att": [100.0, 0.5460060238838196, 0.9918602705001831], "k_pid_yaw": [0.5, 1e-06, 0.1], "k_pid_hsp": [10.0, 0.9835819005966187, 0.024509936571121216], "k_pid_vsp": [0.0, 18.081321716308594, 396.6114807128906]}, "datetime": {"datetime": "2025-08-12 05:44:50", "elapsed": 47969.53751325607, "delta": 30.645291805267334}, "costs": {"total_cost": 1566.2029009595426, "time_cost": 150, "final_distance_cost": 11.060988491784917, "oscillation_cost": 70.86308816199026, "completition_cost": 1000.0, "overshoot_cost": 166.02334808400687, "power_cost": 31.135413281250003, "noise_cost": 137.12006294051076, "n_waypoints_completed": 0, "tot_waypoints": 9}}
{"target": -1385.836093381743, "params": {"k_pid_pos": [1.9343665838241577, 0.9466978311538696, 0.007373303174972534], "k_pid_alt": [1.7850942611694336, 0.884867787361145, 0.015535593032836914], "k_pid_att": [100.0, 0.4575771391391754, 0.9781523942947388], "k_pid_yaw": [0.5, 1e-06, 0.1], "k_pid_hsp": [10.0, 0.942546546459198, 0.041254252195358276], "k_pid_vsp": [400.0, 10.037459373474121, 296.6593017578125]}, "datetime": {"datetime": "2025-08-12 05:45:21", "elapsed": 48000.68526649475, "delta": 31.14775323867798}, "costs": {"total_cost": 1385.836093381743, "time_cost": 150, "final_distance_cost": 45.6273358188144, "oscillation_cost": 80.49453871252372, "completition_cost": 1000.0, "overshoot_cost": 43.36563869723323, "power_cost": 35.681010278320315, "noise_cost": 30.667569874851413, "n_waypoints_completed": 0, "tot_waypoints": 9}}
{"target": -1549.7509335084558, "params": {"k_pid_pos": [1.9810965061187744, 0.9988125562667847, 0.019164830446243286], "k_pid_alt": [1.9695038795471191, 0.9916635155677795, 0.005568891763687134], "k_pid_att": [100.0, 2.1527936458587646, 0.9783350229263306], "k_pid_yaw": [0.5, 1e-06, 0.1], "k_pid_hsp": [9.999999046325684, 0.9522818326950073, 0.012329190969467163], "k_pid_vsp": [0.017523765563964844, 12.466776847839355, 0.0005135999526828527]}, "datetime": {"datetime": "2025-08-12 05:45:50", "elapsed": 48030.2249250412, "delta": 29.539658546447754}, "costs": {"total_cost": 1549.7509335084558, "time_cost": 150, "final_distance_cost": 11.16648879391406, "oscillation_cost": 48.86033477428125, "completition_cost": 1000.0, "overshoot_cost": 166.25023091727172, "power_cost": 22.560271557617188, "noise_cost": 150.91360746537157, "n_waypoints_completed": 0, "tot_waypoints": 9}}
{"target": -677.4302829015417, "params": {"k_pid_pos": [1.9250153303146362, 0.9815719127655029, 0.05014312267303467], "k_pid_alt": [1.8687142133712769, 0.8471484184265137, 0.002843916416168213], "k_pid_att": [100.0, 0.4155762493610382, 0.9782947301864624], "k_pid_yaw": [0.5, 1e-06, 0.1], "k_pid_hsp": [10.0, 0.9779687523841858, 0.016508430242538452], "k_pid_vsp": [54.95417022705078, 7.450533866882324, 0.01918177492916584]}, "datetime": {"datetime": "2025-08-12 05:46:23", "elapsed": 48062.77684664726, "delta": 32.55192160606384}, "costs": {"total_cost": 677.4302829015417, "time_cost": 150, "final_distance_cost": 59.600231849297806, "oscillation_cost": 109.85002128542521, "completition_cost": 222.2222222222222, "overshoot_cost": 70.83278132472655, "power_cost": 30.419610986328127, "noise_cost": 34.50541523354168, "n_waypoints_completed": 7, "tot_waypoints": 9}}
{"target": -1524.8963564214232, "params": {"k_pid_pos": [1.9768526554107666, 0.9468302726745605, 0.006277948617935181], "k_pid_alt": [1.9599113464355469, 0.9845224618911743, 0.052661001682281494], "k_pid_att": [100.0, 0.18561461567878723, 0.9980144500732422], "k_pid_yaw": [0.5, 1e-06, 0.1], "k_pid_hsp": [10.0, 0.9792550206184387, 0.007792830467224121], "k_pid_vsp": [399.99993896484375, 27.143957138061523, 394.3124694824219]}, "datetime": {"datetime": "2025-08-12 05:46:54", "elapsed": 48094.24921488762, "delta": 31.472368240356445}, "costs": {"total_cost": 1524.8963564214232, "time_cost": 150, "final_distance_cost": 12.92438308491848, "oscillation_cost": 56.020666522572576, "completition_cost": 1000.0, "overshoot_cost": 162.9364906887252, "power_cost": 32.617224645996096, "noise_cost": 110.39759147921092, "n_waypoints_completed": 0, "tot_waypoints": 9}}
