{"target": -1569.385281259915, "params": {"k_pid_pos": [1.9760258197784424, 0.9811291694641113, 0.20490801334381104], "k_pid_alt": [1.6813673973083496, 0.9623876810073853, 0.041513293981552124], "k_pid_att": [100.0, 7.388299465179443, 0.9725004434585571], "k_pid_yaw": [0.5, 1e-06, 0.1], "k_pid_hsp": [0.15562185645103455, 0.960252046585083, 0.03764420747756958], "k_pid_vsp": [1.1920928955078125e-05, 7.974947452545166, 6.893051624298096]}, "datetime": {"datetime": "2025-08-11 21:09:15", "elapsed": 17035.067007303238, "delta": 30.359281539916992}, "costs": {"total_cost": 1569.385281259915, "time_cost": 150, "final_distance_cost": 16.975271947714752, "oscillation_cost": 60.84141011502511, "completition_cost": 1000.0, "overshoot_cost": 171.721437123742, "power_cost": 19.87225272216797, "noise_cost": 149.97490935126532, "n_waypoints_completed": 0, "tot_waypoints": 9}}
{"target": -1363.1936293284964, "params": {"k_pid_pos": [1.7701284885406494, 0.9980174899101257, 0.28147315979003906], "k_pid_alt": [1.917356252670288, 0.37171560525894165, 0.012028098106384277], "k_pid_att": [100.0, 1.1470458507537842, 0.920330286026001], "k_pid_yaw": [0.5, 1e-06, 0.1], "k_pid_hsp": [4.718093395233154, 0.9026309847831726, 0.06367969512939453], "k_pid_vsp": [399.726806640625, 20.605661392211914, 399.1123046875]}, "datetime": {"datetime": "2025-08-11 21:09:46", "elapsed": 17065.706562042236, "delta": 30.639554738998413}, "costs": {"total_cost": 1363.1936293284964, "time_cost": 150, "final_distance_cost": 71.76570028501834, "oscillation_cost": 101.42003847899262, "completition_cost": 888.8888888888888, "overshoot_cost": 83.4644380930515, "power_cost": 36.256112060546876, "noise_cost": 31.398451521998037, "n_waypoints_completed": 1, "tot_waypoints": 9}}
{"target": -1560.116136494465, "params": {"k_pid_pos": [1.9306496381759644, 0.9855409860610962, 0.0330352783203125], "k_pid_alt": [1.9260985851287842, 0.9042189121246338, 0.07735192775726318], "k_pid_att": [45.02687454223633, 6.308718204498291, 0.8750502467155457], "k_pid_yaw": [0.5, 1e-06, 0.1], "k_pid_hsp": [1.5156617164611816, 0.9542413949966431, 0.05711701512336731], "k_pid_vsp": [0.021970272064208984, 20.1098690032959, 400.0]}, "datetime": {"datetime": "2025-08-11 21:10:16", "elapsed": 17095.955303907394, "delta": 30.24874186515808}, "costs": {"total_cost": 1560.116136494465, "time_cost": 150, "final_distance_cost": 18.730865438705347, "oscillation_cost": 62.24271362331858, "completition_cost": 1000.0, "overshoot_cost": 168.77028867302022, "power_cost": 29.25402059326172, "noise_cost": 131.11824816615933, "n_waypoints_completed": 0, "tot_waypoints": 9}}
{"target": -1542.1146637790134, "params": {"k_pid_pos": [1.846433401107788, 0.9753023386001587, 0.015119820833206177], "k_pid_alt": [1.7698602676391602, 0.5977593660354614, 0.0075299739837646484], "k_pid_att": [99.9940185546875, 6.37021541595459, 0.9772767424583435], "k_pid_yaw": [0.5, 1e-06, 0.1], "k_pid_hsp": [9.97384262084961, 0.973731279373169, 0.010017037391662598], "k_pid_vsp": [0.0, 15.083647727966309, 399.9999084472656]}, "datetime": {"datetime": "2025-08-11 21:10:46", "elapsed": 17126.257153749466, "delta": 30.301849842071533}, "costs": {"total_cost": 1542.1146637790134, "time_cost": 150, "final_distance_cost": 8.08150808506027, "oscillation_cost": 49.283781468734695, "completition_cost": 1000.0, "overshoot_cost": 165.65700102412652, "power_cost": 27.767684082031252, "noise_cost": 141.32468911906065, "n_waypoints_completed": 0, "tot_waypoints": 9}}
{"target": -1540.4098329085703, "params": {"k_pid_pos": [1.96806001663208, 0.9575331211090088, 0.021829932928085327], "k_pid_alt": [1.9647636413574219, 0.6808807849884033, 0.03812679648399353], "k_pid_att": [99.99998474121094, 2.2558681964874268, 0.9250102639198303], "k_pid_yaw": [0.5, 1e-06, 0.1], "k_pid_hsp": [9.997163772583008, 0.9418832063674927, 0.010730385780334473], "k_pid_vsp": [0.0010967254638671875, 8.740675926208496, 8.379794120788574]}, "datetime": {"datetime": "2025-08-11 21:11:19", "elapsed": 17158.560381889343, "delta": 32.30322813987732}, "costs": {"total_cost": 1540.4098329085703, "time_cost": 150, "final_distance_cost": 6.766628966109827, "oscillation_cost": 50.48590942380937, "completition_cost": 1000.0, "overshoot_cost": 165.75847488322765, "power_cost": 19.494134594726564, "noise_cost": 147.90468504069685, "n_waypoints_completed": 0, "tot_waypoints": 9}}
{"target": -1575.3066152154406, "params": {"k_pid_pos": [1.892684817314148, 0.743397057056427, 0.10084700584411621], "k_pid_alt": [1.9679412841796875, 0.3983278274536133, 0.03389245271682739], "k_pid_att": [100.0, 1.7409694194793701, 0.9380770921707153], "k_pid_yaw": [0.5, 1e-06, 0.1], "k_pid_hsp": [9.987242698669434, 0.9739096164703369, 0.08208441734313965], "k_pid_vsp": [0.0003218650817871094, 16.241683959960938, 399.68603515625]}, "datetime": {"datetime": "2025-08-11 21:11:49", "elapsed": 17189.04384446144, "delta": 30.48346257209778}, "costs": {"total_cost": 1575.3066152154406, "time_cost": 150, "final_distance_cost": 56.7930801265002, "oscillation_cost": 283.177620102652, "completition_cost": 888.8888888888888, "overshoot_cost": 104.27695568814688, "power_cost": 35.15861795654297, "noise_cost": 57.01145245270984, "n_waypoints_completed": 1, "tot_waypoints": 9}}
{"target": -406.4319760942843, "params": {"k_pid_pos": [1.8681694269180298, 0.975990355014801, 0.23551729321479797], "k_pid_alt": [1.9313392639160156, 0.9902932643890381, 0.031452685594558716], "k_pid_att": [100.0, 1.0430155992507935, 0.9996387958526611], "k_pid_yaw": [0.5, 1e-06, 0.1], "k_pid_hsp": [9.99999713897705, 0.9928569793701172, 0.028501242399215698], "k_pid_vsp": [333.74639892578125, 63.715850830078125, 0.20082096755504608]}, "datetime": {"datetime": "2025-08-11 21:12:19", "elapsed": 17218.677594184875, "delta": 29.63374972343445}, "costs": {"total_cost": 406.4319760942843, "time_cost": 117.376, "final_distance_cost": 1.8008534778659315, "oscillation_cost": 152.54740830086536, "completition_cost": 0.0, "overshoot_cost": 70.43189702765834, "power_cost": 30.22582000732422, "noise_cost": 34.04999728057047, "n_waypoints_completed": 9, "tot_waypoints": 9}}
{"target": -1555.109388643712, "params": {"k_pid_pos": [1.9163565635681152, 0.9716339111328125, 0.15242397785186768], "k_pid_alt": [1.931347131729126, 0.8078043460845947, 0.08664891123771667], "k_pid_att": [99.9990005493164, 2.4070913791656494, 0.8783107995986938], "k_pid_yaw": [0.5, 1e-06, 0.1], "k_pid_hsp": [9.934039115905762, 0.9909179210662842, 0.010504394769668579], "k_pid_vsp": [0.0042438507080078125, 12.850750923156738, 1.2920929293613881e-05]}, "datetime": {"datetime": "2025-08-11 21:12:50", "elapsed": 17249.550256490707, "delta": 30.87266230583191}, "costs": {"total_cost": 1555.109388643712, "time_cost": 150, "final_distance_cost": 7.9759033424949095, "oscillation_cost": 58.62877057463402, "completition_cost": 1000.0, "overshoot_cost": 164.90604088477644, "power_cost": 22.87603240966797, "noise_cost": 150.72264143213874, "n_waypoints_completed": 0, "tot_waypoints": 9}}
{"target": -910.8427405256906, "params": {"k_pid_pos": [1.971691370010376, 0.658968985080719, 0.12431302666664124], "k_pid_alt": [1.9076216220855713, 0.907878041267395, 0.04928341507911682], "k_pid_att": [87.0651626586914, 8.519227027893066, 0.976518988609314], "k_pid_yaw": [0.5, 1e-06, 0.1], "k_pid_hsp": [9.91667366027832, 0.8646417856216431, 0.09811249375343323], "k_pid_vsp": [360.40185546875, 30.595853805541992, 397.72052001953125]}, "datetime": {"datetime": "2025-08-11 21:13:21", "elapsed": 17280.496657848358, "delta": 30.946401357650757}, "costs": {"total_cost": 910.8427405256906, "time_cost": 150, "final_distance_cost": 53.4547790002689, "oscillation_cost": 237.290439872682, "completition_cost": 333.33333333333337, "overshoot_cost": 67.83914911505272, "power_cost": 36.080423754882816, "noise_cost": 32.844615449470744, "n_waypoints_completed": 6, "tot_waypoints": 9}}
{"target": -1468.6882966014603, "params": {"k_pid_pos": [1.635642170906067, 0.9614920616149902, 0.09238976240158081], "k_pid_alt": [1.9008309841156006, 0.9120241403579712, 0.16439378261566162], "k_pid_att": [100.0, 2.8492250442504883, 0.8972091674804688], "k_pid_yaw": [0.5, 1e-06, 0.1], "k_pid_hsp": [10.0, 0.8740143775939941, 0.04424199461936951], "k_pid_vsp": [336.5618591308594, 24.81193733215332, 398.011962890625]}, "datetime": {"datetime": "2025-08-11 21:13:53", "elapsed": 17312.886620759964, "delta": 32.389962911605835}, "costs": {"total_cost": 1468.6882966014603, "time_cost": 150, "final_distance_cost": 10.756784711874275, "oscillation_cost": 88.4418340723371, "completition_cost": 1000.0, "overshoot_cost": 145.0715627797482, "power_cost": 35.98364605712891, "noise_cost": 38.43446898037206, "n_waypoints_completed": 0, "tot_waypoints": 9}}
{"target": -1529.3933697771768, "params": {"k_pid_pos": [1.7716034650802612, 0.9487866759300232, 0.04517588019371033], "k_pid_alt": [1.8843467235565186, 0.9022053480148315, 0.034448087215423584], "k_pid_att": [100.0, 2.526327133178711, 0.9945018887519836], "k_pid_yaw": [0.5, 1e-06, 0.1], "k_pid_hsp": [10.0, 0.9270684719085693, 0.0035557150840759277], "k_pid_vsp": [7.152557373046875e-05, 4.459048271179199, 0.0011811719741672277]}, "datetime": {"datetime": "2025-08-11 21:14:24", "elapsed": 17343.63576555252, "delta": 30.749144792556763}, "costs": {"total_cost": 1529.3933697771768, "time_cost": 150, "final_distance_cost": 11.624969624822295, "oscillation_cost": 42.907979382531735, "completition_cost": 1000.0, "overshoot_cost": 166.05768022979908, "power_cost": 15.440069079589845, "noise_cost": 143.3626714604337, "n_waypoints_completed": 0, "tot_waypoints": 9}}
{"target": -1547.7425959443538, "params": {"k_pid_pos": [1.9583088159561157, 0.9814017415046692, 0.19440621137619019], "k_pid_alt": [1.9074262380599976, 0.8738510012626648, 0.1289118528366089], "k_pid_att": [100.0, 0.8135173320770264, 0.993274450302124], "k_pid_yaw": [0.5, 1e-06, 0.1], "k_pid_hsp": [9.999934196472168, 0.9276657104492188, 0.008660227060317993], "k_pid_vsp": [5.9604644775390625e-05, 15.041150093078613, 13.712443351745605]}, "datetime": {"datetime": "2025-08-11 21:14:54", "elapsed": 17374.298773288727, "delta": 30.663007736206055}, "costs": {"total_cost": 1547.7425959443538, "time_cost": 150, "final_distance_cost": 9.775974954694009, "oscillation_cost": 51.521645815634315, "completition_cost": 1000.0, "overshoot_cost": 164.4497879581574, "power_cost": 26.593864562988283, "noise_cost": 145.40132265287954, "n_waypoints_completed": 0, "tot_waypoints": 9}}
{"target": -1609.703613095515, "params": {"k_pid_pos": [1.8521184921264648, 0.9115681648254395, 0.062042564153671265], "k_pid_alt": [1.9015189409255981, 0.8295398950576782, 0.4316880702972412], "k_pid_att": [0.4031538963317871, 0.5243790149688721, 0.9099374413490295], "k_pid_yaw": [0.5, 1e-06, 0.1], "k_pid_hsp": [10.0, 0.9764034152030945, 0.42752736806869507], "k_pid_vsp": [399.9996643066406, 103.58965301513672, 0.0013719068374484777]}, "datetime": {"datetime": "2025-08-11 21:15:25", "elapsed": 17404.891396284103, "delta": 30.592622995376587}, "costs": {"total_cost": 1609.703613095515, "time_cost": 150, "final_distance_cost": 34.730426745548115, "oscillation_cost": 140.48633253735608, "completition_cost": 1000.0, "overshoot_cost": 164.27833213126914, "power_cost": 53.26388930664063, "noise_cost": 66.94463237470123, "n_waypoints_completed": 0, "tot_waypoints": 9}}
{"target": -1553.061521959428, "params": {"k_pid_pos": [1.7815309762954712, 0.9537990093231201, 0.09313169121742249], "k_pid_alt": [1.9687281847000122, 0.8747822046279907, 0.04110199213027954], "k_pid_att": [100.0, 2.855785369873047, 0.9774482250213623], "k_pid_yaw": [0.5, 1e-06, 0.1], "k_pid_hsp": [0.4064040780067444, 0.7157891988754272, 0.01492801308631897], "k_pid_vsp": [38.70195007324219, 24.488021850585938, 175.38877868652344]}, "datetime": {"datetime": "2025-08-11 21:15:56", "elapsed": 17435.84635782242, "delta": 30.95496153831482}, "costs": {"total_cost": 1553.061521959428, "time_cost": 150, "final_distance_cost": 19.865323528758953, "oscillation_cost": 62.496789788650986, "completition_cost": 1000.0, "overshoot_cost": 171.8182130532874, "power_cost": 30.156414794921876, "noise_cost": 118.72478079380893, "n_waypoints_completed": 0, "tot_waypoints": 9}}
{"target": -1588.4886775932457, "params": {"k_pid_pos": [1.8994455337524414, 0.9700726270675659, 0.04678824543952942], "k_pid_alt": [1.9604167938232422, 0.9601537585258484, 0.03783676028251648], "k_pid_att": [99.89344024658203, 0.2166370302438736, 0.9848933219909668], "k_pid_yaw": [0.5, 1e-06, 0.1], "k_pid_hsp": [9.997268676757812, 0.8956210613250732, 0.35666805505752563], "k_pid_vsp": [1.1920928955078125e-05, 11.608792304992676, 399.9974060058594]}, "datetime": {"datetime": "2025-08-11 21:16:27", "elapsed": 17466.753986358643, "delta": 30.907628536224365}, "costs": {"total_cost": 1588.4886775932457, "time_cost": 150, "final_distance_cost": 9.792123650632309, "oscillation_cost": 96.44244874028433, "completition_cost": 1000.0, "overshoot_cost": 165.63987597344152, "power_cost": 31.85319147949219, "noise_cost": 134.76103774939537, "n_waypoints_completed": 0, "tot_waypoints": 9}}
{"target": -1320.2825601011752, "params": {"k_pid_pos": [1.6405740976333618, 0.9665409326553345, 0.03417941927909851], "k_pid_alt": [1.9392242431640625, 0.926742672920227, 0.012105792760848999], "k_pid_att": [99.99998474121094, 3.4079506397247314, 0.9566901326179504], "k_pid_yaw": [0.5, 1e-06, 0.1], "k_pid_hsp": [9.998979568481445, 0.9624351859092712, 0.004302710294723511], "k_pid_vsp": [0.0, 18.904294967651367, 0.016928719356656075]}, "datetime": {"datetime": "2025-08-11 21:16:58", "elapsed": 17497.532173633575, "delta": 30.77818727493286}, "costs": {"total_cost": 1320.2825601011752, "time_cost": 150, "final_distance_cost": 76.99304712735238, "oscillation_cost": 78.17503266118987, "completition_cost": 777.7777777777778, "overshoot_cost": 151.03946623354454, "power_cost": 28.213837988281252, "noise_cost": 58.08339831302928, "n_waypoints_completed": 2, "tot_waypoints": 9}}
{"target": -1559.196108284226, "params": {"k_pid_pos": [1.9094129800796509, 0.8969781398773193, 0.055514395236968994], "k_pid_alt": [1.3742899894714355, 0.9261877536773682, 0.08595430850982666], "k_pid_att": [100.0, 3.5399985313415527, 0.9041301012039185], "k_pid_yaw": [0.5, 1e-06, 0.1], "k_pid_hsp": [10.0, 0.9847037196159363, 0.025589346885681152], "k_pid_vsp": [0.23527145385742188, 15.68714427947998, 400.0]}, "datetime": {"datetime": "2025-08-11 21:17:28", "elapsed": 17527.85632443428, "delta": 30.324150800704956}, "costs": {"total_cost": 1559.196108284226, "time_cost": 150, "final_distance_cost": 9.701317922849649, "oscillation_cost": 66.88422224971227, "completition_cost": 1000.0, "overshoot_cost": 164.75783232344133, "power_cost": 30.46001013183594, "noise_cost": 137.39272565638683, "n_waypoints_completed": 0, "tot_waypoints": 9}}
{"target": -3158.6407006592262, "params": {"k_pid_pos": [1.9872936010360718, 0.9649979472160339, 0.05452814698219299], "k_pid_alt": [1.9703400135040283, 0.9727929830551147, 0.0011907517910003662], "k_pid_att": [0.0, 2.0760958194732666, 0.9536927342414856], "k_pid_yaw": [0.5, 1e-06, 0.1], "k_pid_hsp": [9.999950408935547, 0.7244524955749512, 0.005401879549026489], "k_pid_vsp": [0.0, 46.4197883605957, 400.0]}, "datetime": {"datetime": "2025-08-11 21:17:59", "elapsed": 17559.135397195816, "delta": 31.279072761535645}, "costs": {"total_cost": 3158.6407006592262, "time_cost": 150, "final_distance_cost": 272.0715438001778, "oscillation_cost": 1157.8210473704426, "completition_cost": 1000.0, "overshoot_cost": 361.3639152553971, "power_cost": 51.768845251464846, "noise_cost": 165.6153489817445, "n_waypoints_completed": 0, "tot_waypoints": 9}}
{"target": -1545.8647023185324, "params": {"k_pid_pos": [1.98703134059906, 0.9420191049575806, 0.04618749022483826], "k_pid_alt": [1.9659258127212524, 0.9120948910713196, 0.13767951726913452], "k_pid_att": [100.0, 0.8895533680915833, 0.9364846348762512], "k_pid_yaw": [0.5, 1e-06, 0.1], "k_pid_hsp": [10.0, 0.98335862159729, 0.01984715461730957], "k_pid_vsp": [0.000286102294921875, 18.40816879272461, 399.99957275390625]}, "datetime": {"datetime": "2025-08-11 21:18:30", "elapsed": 17590.06068921089, "delta": 30.925292015075684}, "costs": {"total_cost": 1545.8647023185324, "time_cost": 150, "final_distance_cost": 1.9791802444907978, "oscillation_cost": 63.5501580270016, "completition_cost": 1000.0, "overshoot_cost": 165.20139435295528, "power_cost": 31.039557263183596, "noise_cost": 134.09441243090126, "n_waypoints_completed": 0, "tot_waypoints": 9}}
{"target": -1535.5548978334639, "params": {"k_pid_pos": [1.8069535493850708, 0.9009866714477539, 0.0010025501251220703], "k_pid_alt": [1.9493749141693115, 0.966873288154602, 0.05231904983520508], "k_pid_att": [99.9961166381836, 5.01114559173584, 0.9816387891769409], "k_pid_yaw": [0.5, 1e-06, 0.1], "k_pid_hsp": [10.0, 0.9724822044372559, 0.007698565721511841], "k_pid_vsp": [0.0, 7.483101844787598, 399.99993896484375]}, "datetime": {"datetime": "2025-08-11 21:19:00", "elapsed": 17619.915845155716, "delta": 29.85515594482422}, "costs": {"total_cost": 1535.5548978334639, "time_cost": 150, "final_distance_cost": 10.500175606005802, "oscillation_cost": 48.87709397682291, "completition_cost": 1000.0, "overshoot_cost": 164.7798096879006, "power_cost": 22.109960644531252, "noise_cost": 139.2878579182034, "n_waypoints_completed": 0, "tot_waypoints": 9}}
{"target": -1561.0013621858977, "params": {"k_pid_pos": [1.9575927257537842, 0.9489277601242065, 0.012467443943023682], "k_pid_alt": [1.743661642074585, 0.12153780460357666, 0.01374596357345581], "k_pid_att": [100.0, 1.3983222246170044, 0.8288317322731018], "k_pid_yaw": [0.5, 1e-06, 0.1], "k_pid_hsp": [0.1576683670282364, 0.9064232707023621, 0.14038795232772827], "k_pid_vsp": [0.0, 12.838543891906738, 400.0]}, "datetime": {"datetime": "2025-08-11 21:19:31", "elapsed": 17650.521535158157, "delta": 30.605690002441406}, "costs": {"total_cost": 1561.0013621858977, "time_cost": 150, "final_distance_cost": 1.0320852045753646, "oscillation_cost": 63.17305950354857, "completition_cost": 1000.0, "overshoot_cost": 171.9115037612763, "power_cost": 26.150614282226563, "noise_cost": 148.73409943427092, "n_waypoints_completed": 0, "tot_waypoints": 9}}
{"target": -1292.1021659176122, "params": {"k_pid_pos": [1.8231620788574219, 0.9880311489105225, 0.04917985200881958], "k_pid_alt": [1.8842779397964478, 0.7596147656440735, 0.3814498484134674], "k_pid_att": [99.99772644042969, 3.153352737426758, 0.9649552702903748], "k_pid_yaw": [0.5, 1e-06, 0.1], "k_pid_hsp": [9.889595985412598, 0.9279540181159973, 0.09789985418319702], "k_pid_vsp": [399.21575927734375, 19.78371238708496, 400.0]}, "datetime": {"datetime": "2025-08-11 21:20:00", "elapsed": 17680.34952545166, "delta": 29.827990293502808}, "costs": {"total_cost": 1292.1021659176122, "time_cost": 150, "final_distance_cost": 104.51352771969127, "oscillation_cost": 116.49516305315235, "completition_cost": 777.7777777777778, "overshoot_cost": 76.16965268046671, "power_cost": 35.96745377197266, "noise_cost": 31.178590914551215, "n_waypoints_completed": 2, "tot_waypoints": 9}}
{"target": -1588.851600547257, "params": {"k_pid_pos": [1.8415398597717285, 0.8292818069458008, 0.03137171268463135], "k_pid_alt": [1.9178252220153809, 0.9404985904693604, 0.0020933449268341064], "k_pid_att": [100.0, 0.7357251048088074, 0.5117172598838806], "k_pid_yaw": [0.5, 1e-06, 0.1], "k_pid_hsp": [10.0, 0.9446231126785278, 0.05712926387786865], "k_pid_vsp": [0.0, 12.933732032775879, 400.0]}, "datetime": {"datetime": "2025-08-11 21:20:30", "elapsed": 17710.29597210884, "delta": 29.946446657180786}, "costs": {"total_cost": 1588.851600547257, "time_cost": 150, "final_distance_cost": 1.9239370870920256, "oscillation_cost": 101.72027422588404, "completition_cost": 1000.0, "overshoot_cost": 165.11682204899532, "power_cost": 31.582709008789063, "noise_cost": 138.5078581764964, "n_waypoints_completed": 0, "tot_waypoints": 9}}
{"target": -1030.062526730519, "params": {"k_pid_pos": [1.9264923334121704, 0.9549229145050049, 0.03577542304992676], "k_pid_alt": [1.9967572689056396, 0.6380881667137146, 0.1086370050907135], "k_pid_att": [99.99915313720703, 1.1616761684417725, 0.9707176685333252], "k_pid_yaw": [0.5, 1e-06, 0.1], "k_pid_hsp": [0.008920802734792233, 0.8142271041870117, 0.09718284010887146], "k_pid_vsp": [316.81805419921875, 18.37074851989746, 260.58935546875]}, "datetime": {"datetime": "2025-08-11 21:21:01", "elapsed": 17740.67022418976, "delta": 30.37425208091736}, "costs": {"total_cost": 1030.062526730519, "time_cost": 150, "final_distance_cost": 67.31331806631812, "oscillation_cost": 86.47656808930029, "completition_cost": 555.5555555555555, "overshoot_cost": 99.62698166663823, "power_cost": 37.32338848876953, "noise_cost": 33.76671486393738, "n_waypoints_completed": 4, "tot_waypoints": 9}}
{"target": -1576.622746098802, "params": {"k_pid_pos": [1.98630952835083, 0.9920444488525391, 0.004995882511138916], "k_pid_alt": [1.980421543121338, 0.9547707438468933, 0.11164739727973938], "k_pid_att": [99.99671173095703, 4.180274963378906, 0.9362450838088989], "k_pid_yaw": [0.5, 1e-06, 0.1], "k_pid_hsp": [9.968338012695312, 0.9897851347923279, 0.0482422411441803], "k_pid_vsp": [304.4646301269531, 6.20784854888916, 400.0]}, "datetime": {"datetime": "2025-08-11 21:21:32", "elapsed": 17772.248597621918, "delta": 31.578373432159424}, "costs": {"total_cost": 1576.622746098802, "time_cost": 150, "final_distance_cost": 3.8854815344052733, "oscillation_cost": 88.72695077315795, "completition_cost": 1000.0, "overshoot_cost": 166.17309244007376, "power_cost": 34.4577799194336, "noise_cost": 133.3794414317314, "n_waypoints_completed": 0, "tot_waypoints": 9}}
