{"target": -1573.3550462449107, "params": {"k_pid_pos": [1.9656102657318115, 0.7651077508926392, 0.11439520120620728], "k_pid_alt": [1.8801826238632202, 0.9107826352119446, 0.25421932339668274], "k_pid_att": [100.0, 1.9792160987854004, 0.9058628082275391], "k_pid_yaw": [0.5, 1e-06, 0.1], "k_pid_hsp": [9.99998950958252, 0.9768775701522827, 0.07797259092330933], "k_pid_vsp": [0.12416839599609375, 74.42326354980469, 394.8422546386719]}, "datetime": {"datetime": "2025-08-11 19:40:27", "elapsed": 11707.19613814354, "delta": 30.77986764907837}, "costs": {"total_cost": 1573.3550462449107, "time_cost": 150, "final_distance_cost": 1.7029672426306315, "oscillation_cost": 91.18115953397675, "completition_cost": 1000.0, "overshoot_cost": 163.98646616553287, "power_cost": 36.08461643066406, "noise_cost": 130.39983687210645, "n_waypoints_completed": 0, "tot_waypoints": 9}}
{"target": -1597.6449198244109, "params": {"k_pid_pos": [1.9486255645751953, 0.9757178425788879, 0.10195618867874146], "k_pid_alt": [1.9231624603271484, 0.5254389047622681, 0.18506744503974915], "k_pid_att": [100.0, 3.8833088874816895, 0.3582141101360321], "k_pid_yaw": [0.5, 1e-06, 0.1], "k_pid_hsp": [5.367645740509033, 0.782550573348999, 0.048202693462371826], "k_pid_vsp": [53.94914245605469, 280.865966796875, 399.99365234375]}, "datetime": {"datetime": "2025-08-11 19:40:58", "elapsed": 11737.664390563965, "delta": 30.468252420425415}, "costs": {"total_cost": 1597.6449198244109, "time_cost": 150, "final_distance_cost": 11.892147544848527, "oscillation_cost": 105.21972694803424, "completition_cost": 1000.0, "overshoot_cost": 166.44242564526846, "power_cost": 33.28645955810547, "noise_cost": 130.80416012815428, "n_waypoints_completed": 0, "tot_waypoints": 9}}
{"target": -492.2031019572947, "params": {"k_pid_pos": [1.96097993850708, 0.8344817757606506, 0.7328941822052002], "k_pid_alt": [1.9124274253845215, 0.7150049209594727, 0.25718334317207336], "k_pid_att": [99.99998474121094, 4.4442524909973145, 0.9385654926300049], "k_pid_yaw": [0.5, 1e-06, 0.1], "k_pid_hsp": [9.99999713897705, 0.9428570866584778, 0.05164077877998352], "k_pid_vsp": [0.0, 21.26923942565918, 0.4048357605934143]}, "datetime": {"datetime": "2025-08-11 19:41:26", "elapsed": 11765.631055116653, "delta": 27.9666645526886}, "costs": {"total_cost": 492.2031019572947, "time_cost": 109.851, "final_distance_cost": 1.761125333756548, "oscillation_cost": 250.73972033112668, "completition_cost": 0.0, "overshoot_cost": 66.54217483050094, "power_cost": 29.81005594482422, "noise_cost": 33.49902551708632, "n_waypoints_completed": 9, "tot_waypoints": 9}}
{"target": -1560.2212161166217, "params": {"k_pid_pos": [1.944433331489563, 0.9736939668655396, 0.18269884586334229], "k_pid_alt": [1.1922937631607056, 0.26059624552726746, 0.037902772426605225], "k_pid_att": [99.99988555908203, 7.6884765625, 0.9771105051040649], "k_pid_yaw": [0.5, 1e-06, 0.1], "k_pid_hsp": [0.0002463279233779758, 0.8996497392654419, 0.0043182373046875], "k_pid_vsp": [50.62515640258789, 8.855545997619629, 400.0]}, "datetime": {"datetime": "2025-08-11 19:41:56", "elapsed": 11795.787892818451, "delta": 30.156837701797485}, "costs": {"total_cost": 1560.2212161166217, "time_cost": 150, "final_distance_cost": 22.18453151760207, "oscillation_cost": 71.07960474352655, "completition_cost": 1000.0, "overshoot_cost": 172.1404313757818, "power_cost": 29.606017639160157, "noise_cost": 115.210630840551, "n_waypoints_completed": 0, "tot_waypoints": 9}}
{"target": -1452.011554784949, "params": {"k_pid_pos": [1.9318411350250244, 0.7673923969268799, 0.018547087907791138], "k_pid_alt": [1.838986873626709, 0.6304221153259277, 0.24326932430267334], "k_pid_att": [100.0, 6.191656589508057, 0.793546199798584], "k_pid_yaw": [0.5, 1e-06, 0.1], "k_pid_hsp": [0.003529616864398122, 0.9538590312004089, 0.01706993579864502], "k_pid_vsp": [397.54815673828125, 12.778521537780762, 399.9925231933594]}, "datetime": {"datetime": "2025-08-11 19:42:25", "elapsed": 11825.352575302124, "delta": 29.564682483673096}, "costs": {"total_cost": 1452.011554784949, "time_cost": 150, "final_distance_cost": 29.598081282678883, "oscillation_cost": 79.49694401932025, "completition_cost": 1000.0, "overshoot_cost": 120.9620703283514, "power_cost": 35.430542138671875, "noise_cost": 36.523917015926656, "n_waypoints_completed": 0, "tot_waypoints": 9}}
{"target": -1544.0360354619506, "params": {"k_pid_pos": [1.8960585594177246, 0.9856233596801758, 0.08163061738014221], "k_pid_alt": [1.917858600616455, 0.6434370875358582, 0.3654646873474121], "k_pid_att": [99.9999771118164, 0.4928669035434723, 0.8333887457847595], "k_pid_yaw": [0.5, 1e-06, 0.1], "k_pid_hsp": [10.0, 0.8363167643547058, 0.01969856023788452], "k_pid_vsp": [0.0, 194.9043426513672, 399.9995422363281]}, "datetime": {"datetime": "2025-08-11 19:42:56", "elapsed": 11855.953260660172, "delta": 30.600685358047485}, "costs": {"total_cost": 1544.0360354619506, "time_cost": 150, "final_distance_cost": 5.04096029534314, "oscillation_cost": 66.76323144900012, "completition_cost": 1000.0, "overshoot_cost": 165.09079188211413, "power_cost": 32.91175109863281, "noise_cost": 124.22930073686037, "n_waypoints_completed": 0, "tot_waypoints": 9}}
{"target": -2188.272018658633, "params": {"k_pid_pos": [1.7910014390945435, 0.757296085357666, 0.3360285460948944], "k_pid_alt": [1.7144207954406738, 0.709529459476471, 0.076622873544693], "k_pid_att": [99.99998474121094, 2.071258306503296, 0.5423339605331421], "k_pid_yaw": [0.5, 1e-06, 0.1], "k_pid_hsp": [8.88347053527832, 0.930788516998291, 0.033081501722335815], "k_pid_vsp": [9.73564338684082, 3.1953225135803223, 90.5405502319336]}, "datetime": {"datetime": "2025-08-11 19:43:26", "elapsed": 11886.252438783646, "delta": 30.29917812347412}, "costs": {"total_cost": 2188.272018658633, "time_cost": 150, "final_distance_cost": 183.26481188483038, "oscillation_cost": 644.6547170087006, "completition_cost": 888.8888888888888, "overshoot_cost": 247.90526195738568, "power_cost": 35.57706695556641, "noise_cost": 37.981271963260845, "n_waypoints_completed": 1, "tot_waypoints": 9}}
{"target": -6741.534902662754, "params": {"k_pid_pos": [1.9184141159057617, 0.9300585985183716, 0.040890634059906006], "k_pid_alt": [1.7267167568206787, 0.09282991290092468, 0.04660198092460632], "k_pid_att": [0.3621309995651245, 9.429262161254883, 0.8825631141662598], "k_pid_yaw": [0.5, 1e-06, 0.1], "k_pid_hsp": [10.0, 0.9470388889312744, 0.13551738858222961], "k_pid_vsp": [399.9819641113281, 32.585906982421875, 399.99853515625]}, "datetime": {"datetime": "2025-08-11 19:43:57", "elapsed": 11917.367286682129, "delta": 31.114847898483276}, "costs": {"total_cost": 6741.534902662754, "time_cost": 150, "final_distance_cost": 1953.621993722969, "oscillation_cost": 1416.033310170837, "completition_cost": 1000.0, "overshoot_cost": 2013.1377622973087, "power_cost": 55.100300939941405, "noise_cost": 153.64153553169876, "n_waypoints_completed": 0, "tot_waypoints": 9}}
{"target": -1127.5048727843803, "params": {"k_pid_pos": [1.945311427116394, 0.6548914909362793, 0.0035188496112823486], "k_pid_alt": [1.7417296171188354, 0.25738030672073364, 0.1260109841823578], "k_pid_att": [100.0, 0.9928781390190125, 0.9773678779602051], "k_pid_yaw": [0.5, 1e-06, 0.1], "k_pid_hsp": [10.0, 0.9672306776046753, 0.055543988943099976], "k_pid_vsp": [399.9955749511719, 11.058581352233887, 400.0]}, "datetime": {"datetime": "2025-08-11 19:44:28", "elapsed": 11948.243939638138, "delta": 30.87665295600891}, "costs": {"total_cost": 1127.5048727843803, "time_cost": 150, "final_distance_cost": 57.231010578908204, "oscillation_cost": 115.27357133752157, "completition_cost": 666.6666666666667, "overshoot_cost": 71.63988524754632, "power_cost": 36.116506042480474, "noise_cost": 30.577232911256957, "n_waypoints_completed": 3, "tot_waypoints": 9}}
{"target": -1229.7011379582075, "params": {"k_pid_pos": [1.990552544593811, 0.8546068072319031, 0.09802395105361938], "k_pid_alt": [1.9632923603057861, 0.7643775939941406, 0.015404492616653442], "k_pid_att": [100.0, 5.807165145874023, 0.9171556234359741], "k_pid_yaw": [0.5, 1e-06, 0.1], "k_pid_hsp": [10.0, 0.9817526340484619, 0.039001286029815674], "k_pid_vsp": [399.9379577636719, 5.622030258178711, 400.0]}, "datetime": {"datetime": "2025-08-11 19:44:58", "elapsed": 11978.127809762955, "delta": 29.883870124816895}, "costs": {"total_cost": 1229.7011379582075, "time_cost": 150, "final_distance_cost": 71.21061238877283, "oscillation_cost": 96.246369518453, "completition_cost": 777.7777777777778, "overshoot_cost": 68.42914373947212, "power_cost": 35.13543310546875, "noise_cost": 30.901801428262935, "n_waypoints_completed": 2, "tot_waypoints": 9}}
{"target": -926.8531606047494, "params": {"k_pid_pos": [1.9718562364578247, 0.7848302721977234, 0.6819652915000916], "k_pid_alt": [1.982856035232544, 0.903207540512085, 0.06740832328796387], "k_pid_att": [7.692968845367432, 2.3767504692077637, 0.9700653553009033], "k_pid_yaw": [0.5, 1e-06, 0.1], "k_pid_hsp": [10.0, 0.9786334037780762, 0.15318864583969116], "k_pid_vsp": [62.69249725341797, 57.422733306884766, 399.8223876953125]}, "datetime": {"datetime": "2025-08-11 19:45:28", "elapsed": 12008.04511475563, "delta": 29.91730499267578}, "costs": {"total_cost": 926.8531606047494, "time_cost": 150, "final_distance_cost": 49.097422883861185, "oscillation_cost": 120.57395442894277, "completition_cost": 444.4444444444444, "overshoot_cost": 87.56756959205704, "power_cost": 32.79996572265625, "noise_cost": 42.36980353278789, "n_waypoints_completed": 5, "tot_waypoints": 9}}
{"target": -667.8103445244237, "params": {"k_pid_pos": [1.3823291063308716, 0.7262813448905945, 0.01594221591949463], "k_pid_alt": [1.8502641916275024, 0.9714370965957642, 0.0039528608322143555], "k_pid_att": [100.0, 5.599170207977295, 0.9938870668411255], "k_pid_yaw": [0.5, 1e-06, 0.1], "k_pid_hsp": [9.999975204467773, 0.9791104197502136, 0.14846503734588623], "k_pid_vsp": [399.9887390136719, 18.169904708862305, 27.446916580200195]}, "datetime": {"datetime": "2025-08-11 19:45:58", "elapsed": 12037.857899665833, "delta": 29.812784910202026}, "costs": {"total_cost": 667.8103445244237, "time_cost": 150, "final_distance_cost": 29.37043913578515, "oscillation_cost": 245.89980846988354, "completition_cost": 111.11111111111116, "overshoot_cost": 64.18168730291296, "power_cost": 34.73168482666016, "noise_cost": 32.515613678070736, "n_waypoints_completed": 8, "tot_waypoints": 9}}
{"target": -4203.5962376514835, "params": {"k_pid_pos": [1.975017786026001, 0.8834071159362793, 0.8134899735450745], "k_pid_alt": [1.9408071041107178, 0.899612545967102, 0.012146532535552979], "k_pid_att": [100.0, 0.7986708879470825, 0.8666872382164001], "k_pid_yaw": [0.5, 1e-06, 0.1], "k_pid_hsp": [10.0, 0.9292999505996704, 0.025085747241973877], "k_pid_vsp": [0.003731250762939453, 29.51200294494629, 400.0]}, "datetime": {"datetime": "2025-08-11 19:46:28", "elapsed": 12067.87972998619, "delta": 30.021830320358276}, "costs": {"total_cost": 4203.5962376514835, "time_cost": 150, "final_distance_cost": 769.1185258171977, "oscillation_cost": 652.5609110810614, "completition_cost": 888.8888888888888, "overshoot_cost": 1673.9929802755119, "power_cost": 35.89757292480469, "noise_cost": 33.13735866401864, "n_waypoints_completed": 1, "tot_waypoints": 9}}
{"target": -2761.8028196432124, "params": {"k_pid_pos": [1.843763828277588, 0.42357850074768066, 0.10193851590156555], "k_pid_alt": [1.9075759649276733, 0.5390377044677734, 0.07045459747314453], "k_pid_att": [99.801513671875, 2.3294498920440674, 0.9643312692642212], "k_pid_yaw": [0.5, 1e-06, 0.1], "k_pid_hsp": [9.999999046325684, 0.7876221537590027, 0.07461309432983398], "k_pid_vsp": [0.0, 8.775664329528809, 399.99957275390625]}, "datetime": {"datetime": "2025-08-11 19:46:58", "elapsed": 12097.838119506836, "delta": 29.95838952064514}, "costs": {"total_cost": 2761.8028196432124, "time_cost": 150, "final_distance_cost": 407.22914789472946, "oscillation_cost": 639.2691227926584, "completition_cost": 888.8888888888888, "overshoot_cost": 604.6886043041302, "power_cost": 36.38015660400391, "noise_cost": 35.346899158801385, "n_waypoints_completed": 1, "tot_waypoints": 9}}
{"target": -2698.236144874207, "params": {"k_pid_pos": [1.872469186782837, 0.9778403043746948, 0.6710336208343506], "k_pid_alt": [1.962059736251831, 0.8729919195175171, 0.6231215000152588], "k_pid_att": [100.0, 2.868171215057373, 0.9746978878974915], "k_pid_yaw": [0.5, 1e-06, 0.1], "k_pid_hsp": [10.0, 0.8054658770561218, 0.06818965077400208], "k_pid_vsp": [0.0, 52.529144287109375, 399.9411926269531]}, "datetime": {"datetime": "2025-08-11 19:47:28", "elapsed": 12127.46946811676, "delta": 29.631348609924316}, "costs": {"total_cost": 2698.236144874207, "time_cost": 150, "final_distance_cost": 346.32209100766175, "oscillation_cost": 663.7197622588307, "completition_cost": 888.8888888888888, "overshoot_cost": 578.5562767168944, "power_cost": 36.12839281005859, "noise_cost": 34.62073319187245, "n_waypoints_completed": 1, "tot_waypoints": 9}}
{"target": -1433.9533289596006, "params": {"k_pid_pos": [1.9812467098236084, 0.9017183184623718, 0.3826771378517151], "k_pid_alt": [1.9892468452453613, 0.31686046719551086, 0.1731497347354889], "k_pid_att": [99.90785217285156, 9.27590274810791, 0.8618264198303223], "k_pid_yaw": [0.5, 1e-06, 0.1], "k_pid_hsp": [9.999999046325684, 0.8906415700912476, 0.2082250416278839], "k_pid_vsp": [1.2940287590026855, 22.7183837890625, 50.79448318481445]}, "datetime": {"datetime": "2025-08-11 19:47:58", "elapsed": 12158.050405740738, "delta": 30.58093762397766}, "costs": {"total_cost": 1433.9533289596006, "time_cost": 150, "final_distance_cost": 54.086098823406765, "oscillation_cost": 321.8069466479769, "completition_cost": 666.6666666666667, "overshoot_cost": 142.6421309136698, "power_cost": 35.2523375366211, "noise_cost": 63.49914837125958, "n_waypoints_completed": 3, "tot_waypoints": 9}}
{"target": -830.0237997491109, "params": {"k_pid_pos": [1.9731069803237915, 0.9131559729576111, 0.12981808185577393], "k_pid_alt": [1.8534648418426514, 0.9151595830917358, 0.0219498872756958], "k_pid_att": [100.0, 2.3466670513153076, 0.9602807760238647], "k_pid_yaw": [0.5, 1e-06, 0.1], "k_pid_hsp": [9.995067596435547, 0.9204225540161133, 0.03703150153160095], "k_pid_vsp": [394.77752685546875, 8.502365112304688, 9.999999974752427e-07]}, "datetime": {"datetime": "2025-08-11 19:48:28", "elapsed": 12188.308014392853, "delta": 30.257608652114868}, "costs": {"total_cost": 830.0237997491109, "time_cost": 150, "final_distance_cost": 72.00271628470897, "oscillation_cost": 144.75941344302706, "completition_cost": 333.33333333333337, "overshoot_cost": 64.74265719228377, "power_cost": 31.128661267089846, "noise_cost": 34.05701822866802, "n_waypoints_completed": 6, "tot_waypoints": 9}}
{"target": -959.7787810960253, "params": {"k_pid_pos": [1.9715354442596436, 0.9841607809066772, 0.4938826560974121], "k_pid_alt": [1.9553762674331665, 0.479977011680603, 0.2340831160545349], "k_pid_att": [100.0, 0.7072850465774536, 0.9936752319335938], "k_pid_yaw": [0.5, 1e-06, 0.1], "k_pid_hsp": [9.999938011169434, 0.9860543608665466, 0.10418298840522766], "k_pid_vsp": [0.0, 21.675195693969727, 3.763247489929199]}, "datetime": {"datetime": "2025-08-11 19:48:59", "elapsed": 12218.689096212387, "delta": 30.3810818195343}, "costs": {"total_cost": 959.7787810960253, "time_cost": 150, "final_distance_cost": 66.52050164938699, "oscillation_cost": 279.0061072638317, "completition_cost": 333.33333333333337, "overshoot_cost": 63.146146865408575, "power_cost": 33.30100791015625, "noise_cost": 34.47168407390846, "n_waypoints_completed": 6, "tot_waypoints": 9}}
{"target": -1552.0835183075903, "params": {"k_pid_pos": [1.9644707441329956, 0.8736165165901184, 0.07520753145217896], "k_pid_alt": [1.6660075187683105, 0.6115102171897888, 0.07693824172019958], "k_pid_att": [61.97688674926758, 5.444919586181641, 0.9539632797241211], "k_pid_yaw": [0.5, 1e-06, 0.1], "k_pid_hsp": [0.04362347349524498, 0.9738799929618835, 0.14968177676200867], "k_pid_vsp": [0.15561580657958984, 9.527100563049316, 399.64141845703125]}, "datetime": {"datetime": "2025-08-11 19:49:29", "elapsed": 12249.279831647873, "delta": 30.59073543548584}, "costs": {"total_cost": 1552.0835183075903, "time_cost": 150, "final_distance_cost": 6.741581953900362, "oscillation_cost": 52.580639779538686, "completition_cost": 1000.0, "overshoot_cost": 172.60098309127542, "power_cost": 23.635108203125, "noise_cost": 146.52520527975096, "n_waypoints_completed": 0, "tot_waypoints": 9}}
{"target": -1590.1079034732898, "params": {"k_pid_pos": [1.878157615661621, 0.9937838315963745, 0.04727587103843689], "k_pid_alt": [1.9535655975341797, 0.24753418564796448, 0.027094721794128418], "k_pid_att": [99.99991607666016, 3.2364144325256348, 0.9759665131568909], "k_pid_yaw": [0.5, 1e-06, 0.1], "k_pid_hsp": [9.999985694885254, 0.9890402555465698, 0.6265458464622498], "k_pid_vsp": [0.0, 15.936482429504395, 400.0]}, "datetime": {"datetime": "2025-08-11 19:50:00", "elapsed": 12279.669606685638, "delta": 30.389775037765503}, "costs": {"total_cost": 1590.1079034732898, "time_cost": 150, "final_distance_cost": 12.122491458940427, "oscillation_cost": 95.08403114592409, "completition_cost": 1000.0, "overshoot_cost": 165.72148813547653, "power_cost": 33.3326556640625, "noise_cost": 133.84723706888633, "n_waypoints_completed": 0, "tot_waypoints": 9}}
{"target": -657.4164766478523, "params": {"k_pid_pos": [1.7923675775527954, 0.2445926070213318, 0.2549712061882019], "k_pid_alt": [1.7801666259765625, 0.6029068827629089, 0.025955557823181152], "k_pid_att": [99.99998474121094, 6.980977535247803, 0.9752223491668701], "k_pid_yaw": [0.5, 1e-06, 0.1], "k_pid_hsp": [10.0, 0.9800659418106079, 0.07087621092796326], "k_pid_vsp": [399.3711853027344, 1.665295124053955, 399.9961242675781]}, "datetime": {"datetime": "2025-08-11 19:50:27", "elapsed": 12306.499842643738, "delta": 26.830235958099365}, "costs": {"total_cost": 657.4164766478523, "time_cost": 104.909, "final_distance_cost": 1.7694766425471977, "oscillation_cost": 420.289343508205, "completition_cost": 0.0, "overshoot_cost": 72.2012134530491, "power_cost": 31.176725427246094, "noise_cost": 27.070717616804828, "n_waypoints_completed": 9, "tot_waypoints": 9}}
{"target": -1515.4376731702537, "params": {"k_pid_pos": [1.9746991395950317, 0.9741256237030029, 0.5660126805305481], "k_pid_alt": [1.9483582973480225, 0.7858253717422485, 0.17592066526412964], "k_pid_att": [99.99440002441406, 1.7384759187698364, 0.8407238721847534], "k_pid_yaw": [0.5, 1e-06, 0.1], "k_pid_hsp": [9.999999046325684, 0.8536065816879272, 0.22176074981689453], "k_pid_vsp": [0.0, 76.32164764404297, 399.9591369628906]}, "datetime": {"datetime": "2025-08-11 19:50:58", "elapsed": 12337.42838549614, "delta": 30.928542852401733}, "costs": {"total_cost": 1515.4376731702537, "time_cost": 150, "final_distance_cost": 51.857802038736736, "oscillation_cost": 469.88091820384483, "completition_cost": 666.6666666666667, "overshoot_cost": 94.34041882610221, "power_cost": 36.20573527832031, "noise_cost": 46.486132156582606, "n_waypoints_completed": 3, "tot_waypoints": 9}}
{"target": -4703.631758033284, "params": {"k_pid_pos": [1.9607247114181519, 0.9908554553985596, 0.03735193610191345], "k_pid_alt": [1.9939517974853516, 0.9564176201820374, 0.3318428099155426], "k_pid_att": [0.0, 7.029397010803223, 0.8883657455444336], "k_pid_yaw": [0.5, 1e-06, 0.1], "k_pid_hsp": [1.5667738914489746, 0.7774171829223633, 0.012151896953582764], "k_pid_vsp": [400.0, 2.7641305923461914, 400.0]}, "datetime": {"datetime": "2025-08-11 19:51:29", "elapsed": 12368.927014827728, "delta": 31.498629331588745}, "costs": {"total_cost": 4703.631758033284, "time_cost": 150, "final_distance_cost": 454.7801488386229, "oscillation_cost": 1507.0907695361352, "completition_cost": 1000.0, "overshoot_cost": 1379.0677810326026, "power_cost": 53.29693181152344, "noise_cost": 159.39612681439988, "n_waypoints_completed": 0, "tot_waypoints": 9}}
{"target": -6027.8132533000835, "params": {"k_pid_pos": [1.823373556137085, 0.6098306179046631, 0.01619511842727661], "k_pid_alt": [1.957597255706787, 0.9292833805084229, 0.09683358669281006], "k_pid_att": [0.016951560974121094, 6.149779319763184, 0.9771543741226196], "k_pid_yaw": [0.5, 1e-06, 0.1], "k_pid_hsp": [10.0, 0.8373662233352661, 0.25746941566467285], "k_pid_vsp": [7.152557373046875e-05, 55.75727081298828, 90.32817077636719]}, "datetime": {"datetime": "2025-08-11 19:52:00", "elapsed": 12399.516993284225, "delta": 30.589978456497192}, "costs": {"total_cost": 6027.8132533000835, "time_cost": 150, "final_distance_cost": 873.8183068748649, "oscillation_cost": 1126.0204213352602, "completition_cost": 1000.0, "overshoot_cost": 2664.8207024444814, "power_cost": 51.940322375488286, "noise_cost": 161.21350026998846, "n_waypoints_completed": 0, "tot_waypoints": 9}}
{"target": -1590.866813937872, "params": {"k_pid_pos": [1.9143067598342896, 0.9663598537445068, 0.06856852769851685], "k_pid_alt": [1.740854024887085, 0.7849442958831787, 0.04864901304244995], "k_pid_att": [99.99922180175781, 0.8079625368118286, 0.9412610530853271], "k_pid_yaw": [0.5, 1e-06, 0.1], "k_pid_hsp": [10.0, 0.9071733951568604, 0.11207559704780579], "k_pid_vsp": [0.0, 24.258996963500977, 399.9972229003906]}, "datetime": {"datetime": "2025-08-11 19:52:30", "elapsed": 12429.629473924637, "delta": 30.112480640411377}, "costs": {"total_cost": 1590.866813937872, "time_cost": 150, "final_distance_cost": 13.613128090589196, "oscillation_cost": 99.44067423131321, "completition_cost": 1000.0, "overshoot_cost": 165.95519152372006, "power_cost": 33.671803845214846, "noise_cost": 128.1860162470349, "n_waypoints_completed": 0, "tot_waypoints": 9}}
