{"target": -1216.4714416755844, "params": {"k_pid_pos": [0.29565196674712907, 0.936127463375744, 0.43790403719875326], "k_pid_alt": [0.7666396455548197, 0.7296857086773779, 0.5529930652528999], "k_pid_att": [93.61399868384622, 7.803036908944531, 0.47936956412454035], "k_pid_yaw": [0.5, 1e-06, 0.1], "k_pid_hsp": [3.7636570988609144, 0.986631544924322, 0.7177602360036435], "k_pid_vsp": [380.47786400153643, 47.391431768337966, 340.2134718257794]}, "datetime": {"datetime": "2025-08-21 08:56:41", "elapsed": 717.7863662242889, "delta": 30.467899799346924}, "costs": {"total_cost": 1216.4714416755844, "time_cost": 150, "final_distance_cost": 74.55699155340315, "oscillation_cost": 134.42456993787124, "completition_cost": 777.7777777777778, "overshoot_cost": 47.582182906654964, "power_cost": 18.176178234863283, "noise_cost": 13.95374126501377, "n_waypoints_completed": 2, "tot_waypoints": 9}}
{"target": -973.8415583331063, "params": {"k_pid_pos": [1.274184060594016, 0.12192167833511258, 0.5882579999692207], "k_pid_alt": [1.3721927302108976, 0.012302685888602838, 0.45431796184174655], "k_pid_att": [82.53995111963212, 2.9536607175383645, 0.4585480817985511], "k_pid_yaw": [0.5, 1e-06, 0.1], "k_pid_hsp": [4.423197039266225, 0.3019273914424916, 0.9184418955155542], "k_pid_vsp": [312.51761417260633, 44.235365287855785, 398.8138631379946]}, "datetime": {"datetime": "2025-08-21 08:57:05", "elapsed": 742.4045615196228, "delta": 24.618195295333862}, "costs": {"total_cost": 973.8415583331063, "time_cost": 150, "final_distance_cost": 52.89278249120424, "oscillation_cost": 349.96709101834136, "completition_cost": 333.33333333333337, "overshoot_cost": 44.03730117130018, "power_cost": 25.255962841796876, "noise_cost": 18.355087477130194, "n_waypoints_completed": 6, "tot_waypoints": 9}}
{"target": -1058.164132238216, "params": {"k_pid_pos": [1.7584121286130596, 0.28390843786403896, 0.8368965796609382], "k_pid_alt": [0.21283906374276573, 0.9991047304742386, 0.6656847361065369], "k_pid_att": [65.0125015558797, 0.904498225768629, 0.8970333988966253], "k_pid_yaw": [0.5, 1e-06, 0.1], "k_pid_hsp": [0.2900921320943738, 0.24082805804114704, 0.143021875166635], "k_pid_vsp": [310.7071762768874, 79.28169168695491, 364.2552909417159]}, "datetime": {"datetime": "2025-08-21 08:57:34", "elapsed": 771.44304895401, "delta": 29.038487434387207}, "costs": {"total_cost": 1058.164132238216, "time_cost": 150, "final_distance_cost": 40.213504493609534, "oscillation_cost": 214.7027124895476, "completition_cost": 555.5555555555555, "overshoot_cost": 60.01829331418287, "power_cost": 20.01082398681641, "noise_cost": 17.663242398504014, "n_waypoints_completed": 4, "tot_waypoints": 9}}
{"target": -651.0145005407932, "params": {"k_pid_pos": [1.3125724517510475, 0.036162710494696215, 0.0054298341287004614], "k_pid_alt": [0.10331583402879785, 0.6059251776477277, 0.8014818108594153], "k_pid_att": [23.855282062738848, 8.494103488346438, 0.057231940153260386], "k_pid_yaw": [0.5, 1e-06, 0.1], "k_pid_hsp": [8.009658440031398, 0.9277954301722804, 0.7721083991043806], "k_pid_vsp": [279.24831359145486, 335.19208762417304, 16.06052077867527]}, "datetime": {"datetime": "2025-08-21 08:57:59", "elapsed": 796.3819193840027, "delta": 24.938870429992676}, "costs": {"total_cost": 651.0145005407932, "time_cost": 150, "final_distance_cost": 15.764936007333434, "oscillation_cost": 276.26688211615976, "completition_cost": 111.11111111111116, "overshoot_cost": 61.433029698795025, "power_cost": 20.776558081054688, "noise_cost": 15.661983526339121, "n_waypoints_completed": 8, "tot_waypoints": 9}}
{"target": -1626.6897814952442, "params": {"k_pid_pos": [0.40364404322703884, 0.12492367930564308, 0.5045309901929865], "k_pid_alt": [1.490376256657689, 0.6300118445763987, 0.851131099761935], "k_pid_att": [15.521299244109088, 7.346237457242422, 0.1930414908689041], "k_pid_yaw": [0.5, 1e-06, 0.1], "k_pid_hsp": [2.707660437302871, 0.7099046972813039, 0.9802047848986818], "k_pid_vsp": [244.61744239082782, 21.800126942017926, 246.52358835470415]}, "datetime": {"datetime": "2025-08-21 08:58:33", "elapsed": 830.1153235435486, "delta": 33.7334041595459}, "costs": {"total_cost": 1626.6897814952442, "time_cost": 150, "final_distance_cost": 68.16083599829406, "oscillation_cost": 424.26958314816846, "completition_cost": 888.8888888888888, "overshoot_cost": 56.36057320860478, "power_cost": 21.922402868652345, "noise_cost": 17.087497382635803, "n_waypoints_completed": 1, "tot_waypoints": 9}}
{"target": -1735.8772251399218, "params": {"k_pid_pos": [1.5226439731674486, 0.06492882027465459, 0.05034809960200964], "k_pid_alt": [1.5375489615192477, 0.44023906522014267, 0.6523521460471523], "k_pid_att": [15.423171053819752, 1.8032232922346065, 0.0], "k_pid_yaw": [0.5, 1e-06, 0.1], "k_pid_hsp": [4.498170172371121, 0.28744863440508667, 0.6802963904311019], "k_pid_vsp": [0.0, 44.57439848275132, 62.38820484578478]}, "datetime": {"datetime": "2025-08-21 08:58:59", "elapsed": 855.9099774360657, "delta": 25.79465389251709}, "costs": {"total_cost": 1735.8772251399218, "time_cost": 150, "final_distance_cost": 64.7324230733504, "oscillation_cost": 433.6943353193742, "completition_cost": 888.8888888888888, "overshoot_cost": 120.88136824573563, "power_cost": 23.777018957519534, "noise_cost": 53.90319065505337, "n_waypoints_completed": 1, "tot_waypoints": 9}}
{"target": -763.7351167705165, "params": {"k_pid_pos": [0.2482552490443021, 0.43298429030984087, 0.4810059945409964], "k_pid_alt": [1.5159994470654776, 0.14161569930111734, 0.5063793165590764], "k_pid_att": [10.790039742427737, 5.207425228141829, 0.8744319079365451], "k_pid_yaw": [0.5, 1e-06, 0.1], "k_pid_hsp": [5.599960315767137, 0.0, 0.05906693849854159], "k_pid_vsp": [110.0300816187348, 60.481528500175955, 1e-06]}, "datetime": {"datetime": "2025-08-21 08:59:31", "elapsed": 888.3244996070862, "delta": 32.41452217102051}, "costs": {"total_cost": 763.7351167705165, "time_cost": 150, "final_distance_cost": 49.04597769019069, "oscillation_cost": 42.82997373169143, "completition_cost": 444.4444444444444, "overshoot_cost": 41.04136931006403, "power_cost": 20.185438037109375, "noise_cost": 16.187913557016486, "n_waypoints_completed": 5, "tot_waypoints": 9}}
{"target": -295.9199272287205, "params": {"k_pid_pos": [1.9515377566295966, 0.049283890955902576, 0.6218885400680877], "k_pid_alt": [1.392392059882794, 0.20533588245545373, 0.6220751493969175], "k_pid_att": [44.092223885360625, 0.0001, 0.64310122496166], "k_pid_yaw": [0.5, 1e-06, 0.1], "k_pid_hsp": [1.4713991469130854, 0.2663693975157793, 0.1229304375130031], "k_pid_vsp": [166.16960399957165, 1e-06, 1e-06]}, "datetime": {"datetime": "2025-08-21 08:59:59", "elapsed": 915.5910835266113, "delta": 27.266583919525146}, "costs": {"total_cost": 295.9199272287205, "time_cost": 91.24, "final_distance_cost": 1.750069214550414, "oscillation_cost": 113.13392554146193, "completition_cost": 0.0, "overshoot_cost": 52.82653797938468, "power_cost": 20.714450341796876, "noise_cost": 16.254944151526594, "n_waypoints_completed": 9, "tot_waypoints": 9}}
{"target": -546.8298605673357, "params": {"k_pid_pos": [2.0, 0.5823598794472898, 0.4247297784571488], "k_pid_alt": [1.3988215663684118, 0.20754958650889774, 0.6694300564345577], "k_pid_att": [40.19586944476528, 5.150925407924072, 0.7225894556191511], "k_pid_yaw": [0.5, 1e-06, 0.1], "k_pid_hsp": [5.576356833646044, 0.046073429753062244, 0.10792729052597594], "k_pid_vsp": [400.0, 61.34875165912019, 67.40422787032692]}, "datetime": {"datetime": "2025-08-21 09:00:23", "elapsed": 940.2310662269592, "delta": 24.6399827003479}, "costs": {"total_cost": 546.8298605673357, "time_cost": 150, "final_distance_cost": 5.920136365537768, "oscillation_cost": 193.20463046363577, "completition_cost": 111.11111111111116, "overshoot_cost": 56.673424726634664, "power_cost": 16.670545678710937, "noise_cost": 13.250012221705472, "n_waypoints_completed": 8, "tot_waypoints": 9}}
{"target": -820.2289472880544, "params": {"k_pid_pos": [2.0, 0.1490398238892701, 0.11807178682692888], "k_pid_alt": [0.7319782050091425, 0.0, 0.952710789322488], "k_pid_att": [62.44927627635902, 1.1819858524552187, 0.0], "k_pid_yaw": [0.5, 1e-06, 0.1], "k_pid_hsp": [4.876444231110996, 0.04905766171318804, 0.3458623548493058], "k_pid_vsp": [228.15232334763513, 359.7292859950653, 46.24415813350945]}, "datetime": {"datetime": "2025-08-21 09:00:52", "elapsed": 969.3827860355377, "delta": 29.15171980857849}, "costs": {"total_cost": 820.2289472880544, "time_cost": 150, "final_distance_cost": 68.85747360067295, "oscillation_cost": 266.12697980121965, "completition_cost": 222.2222222222222, "overshoot_cost": 49.25038682872466, "power_cost": 29.978390942382813, "noise_cost": 33.793493892832096, "n_waypoints_completed": 7, "tot_waypoints": 9}}
{"target": -713.3885065263048, "params": {"k_pid_pos": [0.8959999146190601, 0.18400349482402065, 0.1335796369454735], "k_pid_alt": [2.0, 0.9801365915200834, 0.5247957976398085], "k_pid_att": [5.481460429737514, 4.556767047973873, 0.28413783790040903], "k_pid_yaw": [0.5, 1e-06, 0.1], "k_pid_hsp": [0.8225903221370938, 0.10784141168878991, 0.059798681035903876], "k_pid_vsp": [334.9588070990603, 1e-06, 212.49114904722455]}, "datetime": {"datetime": "2025-08-21 09:01:18", "elapsed": 995.0170817375183, "delta": 25.63429570198059}, "costs": {"total_cost": 713.3885065263048, "time_cost": 150, "final_distance_cost": 61.66550905863985, "oscillation_cost": 72.16703456290097, "completition_cost": 333.33333333333337, "overshoot_cost": 53.73909227087457, "power_cost": 24.40469187011719, "noise_cost": 18.078845430438864, "n_waypoints_completed": 6, "tot_waypoints": 9}}
{"target": -464.2620701891966, "params": {"k_pid_pos": [0.41899477945070474, 0.13619141363899878, 0.3931094038392819], "k_pid_alt": [1.0732663280759969, 0.4624911758496177, 0.0480677470965015], "k_pid_att": [5.030699450572779, 2.163185010298548, 0.9258683398544729], "k_pid_yaw": [0.5, 1e-06, 0.1], "k_pid_hsp": [6.648716625656192, 0.3984559549539235, 0.0], "k_pid_vsp": [400.0, 379.74460065133326, 1e-06]}, "datetime": {"datetime": "2025-08-21 09:01:50", "elapsed": 1026.8512861728668, "delta": 31.83420443534851}, "costs": {"total_cost": 464.2620701891966, "time_cost": 150, "final_distance_cost": 61.903656564524624, "oscillation_cost": 43.851720764413265, "completition_cost": 111.11111111111116, "overshoot_cost": 54.52593424886447, "power_cost": 24.841284899902345, "noise_cost": 18.0283626003807, "n_waypoints_completed": 8, "tot_waypoints": 9}}
{"target": -780.6663081418427, "params": {"k_pid_pos": [0.32592561456925295, 0.2577649708065531, 0.5797799369809008], "k_pid_alt": [0.9004339166340163, 0.6242924578892657, 0.24541944850643146], "k_pid_att": [34.39484022074327, 0.7304349820602032, 0.24503278161359945], "k_pid_yaw": [0.5, 1e-06, 0.1], "k_pid_hsp": [4.9333819337333775, 0.2590117246283444, 0.07649107167241742], "k_pid_vsp": [400.0, 316.45781514656636, 3.7871963374435986]}, "datetime": {"datetime": "2025-08-21 09:02:16", "elapsed": 1052.9034707546234, "delta": 26.052184581756592}, "costs": {"total_cost": 780.6663081418427, "time_cost": 150, "final_distance_cost": 68.14185511607204, "oscillation_cost": 262.39596945508475, "completition_cost": 222.2222222222222, "overshoot_cost": 48.407465630963046, "power_cost": 15.770506030273438, "noise_cost": 13.728289687227237, "n_waypoints_completed": 7, "tot_waypoints": 9}}
{"target": -1378.2880716133009, "params": {"k_pid_pos": [1.4540387181949281, 0.35662330369489315, 0.5599914167749516], "k_pid_alt": [0.27218151165964183, 1.0, 0.4638232099822919], "k_pid_att": [14.432557302573253, 2.2409340777693982, 0.45849674891142495], "k_pid_yaw": [0.5, 1e-06, 0.1], "k_pid_hsp": [1.8787519842661495, 0.38112261650707085, 0.6844956066861324], "k_pid_vsp": [296.15499959476244, 141.63442306640113, 141.53781762182226]}, "datetime": {"datetime": "2025-08-21 09:02:45", "elapsed": 1082.1551260948181, "delta": 29.251655340194702}, "costs": {"total_cost": 1378.2880716133009, "time_cost": 150, "final_distance_cost": 90.63440445738388, "oscillation_cost": 282.2616587569131, "completition_cost": 777.7777777777778, "overshoot_cost": 42.45785462633563, "power_cost": 20.497059606933593, "noise_cost": 14.659316387956856, "n_waypoints_completed": 2, "tot_waypoints": 9}}
{"target": -345.0923634248226, "params": {"k_pid_pos": [1.8469524781034627, 0.39089098055493543, 0.6616149132437482], "k_pid_alt": [0.9992124136417307, 0.5008144918774833, 0.49522175501534615], "k_pid_att": [46.31838634072057, 0.0001, 0.7561522534062942], "k_pid_yaw": [0.5, 1e-06, 0.1], "k_pid_hsp": [3.9332796777951025, 0.33743777816041964, 0.3828678905717187], "k_pid_vsp": [178.72780812828037, 315.2653545904946, 49.482187923957746]}, "datetime": {"datetime": "2025-08-21 09:03:06", "elapsed": 1102.5725936889648, "delta": 20.41746759414673}, "costs": {"total_cost": 345.0923634248226, "time_cost": 80.288, "final_distance_cost": 1.7512306531241446, "oscillation_cost": 183.46094416854365, "completition_cost": 0.0, "overshoot_cost": 50.88695365693534, "power_cost": 16.171410205078125, "noise_cost": 12.533824741141334, "n_waypoints_completed": 9, "tot_waypoints": 9}}
{"target": -6479.619680688113, "params": {"k_pid_pos": [0.39293317846531783, 0.029372166926650737, 0.2741387097894409], "k_pid_alt": [2.0, 0.07313497097971722, 0.10478171862412637], "k_pid_att": [0.0, 2.242468876354932, 0.0], "k_pid_yaw": [0.5, 1e-06, 0.1], "k_pid_hsp": [1.0295201453830265, 0.0427570869627573, 0.08696316309447721], "k_pid_vsp": [296.3243613381829, 1e-06, 68.934885210437]}, "datetime": {"datetime": "2025-08-21 09:03:35", "elapsed": 1132.4304158687592, "delta": 29.85782217979431}, "costs": {"total_cost": 6479.619680688113, "time_cost": 150, "final_distance_cost": 1708.0514386335522, "oscillation_cost": 1654.031537829966, "completition_cost": 1000.0, "overshoot_cost": 1829.6389962736857, "power_cost": 35.524913671875005, "noise_cost": 102.37279427903381, "n_waypoints_completed": 0, "tot_waypoints": 9}}
{"target": -829.6645744853989, "params": {"k_pid_pos": [1.9562187887922822, 0.0, 0.24656291485574197], "k_pid_alt": [0.9654169652087923, 0.09132682907893035, 0.5423850218302526], "k_pid_att": [35.97064149297966, 0.8646989723326426, 0.002671906962996684], "k_pid_yaw": [0.5, 1e-06, 0.1], "k_pid_hsp": [2.3892557047420566, 0.1339549712274018, 0.4133918395932719], "k_pid_vsp": [222.87853111494385, 228.4282494278275, 134.07946892676725]}, "datetime": {"datetime": "2025-08-21 09:04:04", "elapsed": 1160.9912540912628, "delta": 28.560838222503662}, "costs": {"total_cost": 829.6645744853989, "time_cost": 150, "final_distance_cost": 72.05672776001592, "oscillation_cost": 192.67781344557898, "completition_cost": 333.33333333333337, "overshoot_cost": 46.25973797518084, "power_cost": 20.412205285644532, "noise_cost": 14.924756685645276, "n_waypoints_completed": 6, "tot_waypoints": 9}}
{"target": -371.5512659921818, "params": {"k_pid_pos": [1.8237214751857287, 0.0, 0.5054492828349324], "k_pid_alt": [1.855994167809324, 0.6249504657900052, 0.0], "k_pid_att": [54.16531000377339, 0.2660488456044973, 0.0], "k_pid_yaw": [0.5, 1e-06, 0.1], "k_pid_hsp": [3.692302134478389, 0.0, 0.3228235475741476], "k_pid_vsp": [158.80527878393048, 183.17210438481894, 25.87168937638945]}, "datetime": {"datetime": "2025-08-21 09:04:24", "elapsed": 1180.909945487976, "delta": 19.918691396713257}, "costs": {"total_cost": 371.5512659921818, "time_cost": 76.736, "final_distance_cost": 1.7728394807557957, "oscillation_cost": 213.54933880252304, "completition_cost": 0.0, "overshoot_cost": 51.87024232823654, "power_cost": 15.35374949951172, "noise_cost": 12.269095881154724, "n_waypoints_completed": 9, "tot_waypoints": 9}}
{"target": -743.0210589758939, "params": {"k_pid_pos": [1.4679308727659073, 0.5117804395520388, 0.0], "k_pid_alt": [1.475263608344086, 0.427737898158991, 0.681950207595638], "k_pid_att": [77.43445758033998, 0.0001, 0.6115338494650904], "k_pid_yaw": [0.5, 1e-06, 0.1], "k_pid_hsp": [0.0001, 0.1517317744633227, 0.03891267595218373], "k_pid_vsp": [380.4899193752369, 1e-06, 17.002663571963144]}, "datetime": {"datetime": "2025-08-21 09:04:53", "elapsed": 1209.7610774040222, "delta": 28.851131916046143}, "costs": {"total_cost": 743.0210589758939, "time_cost": 150, "final_distance_cost": 75.46064439227658, "oscillation_cost": 83.33617584498033, "completition_cost": 333.33333333333337, "overshoot_cost": 68.22277522810303, "power_cost": 18.314418469238284, "noise_cost": 14.353711707962347, "n_waypoints_completed": 6, "tot_waypoints": 9}}
{"target": -758.1776271267025, "params": {"k_pid_pos": [0.3106467117203776, 0.6338362871840222, 0.41568639958902476], "k_pid_alt": [0.807784493179451, 0.0, 1.0], "k_pid_att": [25.296765977740833, 3.8352686909987646, 0.3261115203869272], "k_pid_yaw": [0.5, 1e-06, 0.1], "k_pid_hsp": [4.436159409543968, 0.09029389722445652, 0.24425853950383294], "k_pid_vsp": [400.0, 24.78583600979412, 1e-06]}, "datetime": {"datetime": "2025-08-21 09:05:18", "elapsed": 1235.045904159546, "delta": 25.28482675552368}, "costs": {"total_cost": 758.1776271267025, "time_cost": 150, "final_distance_cost": 73.35702297976921, "oscillation_cost": 237.13567094866485, "completition_cost": 222.2222222222222, "overshoot_cost": 43.58377011367113, "power_cost": 17.18238182373047, "noise_cost": 14.696559038644695, "n_waypoints_completed": 7, "tot_waypoints": 9}}
{"target": -925.6811525214737, "params": {"k_pid_pos": [1.029565650821909, 0.5169168316061942, 0.0], "k_pid_alt": [1.0787506153478377, 0.11161436601288562, 0.48795007319889777], "k_pid_att": [51.55663423587393, 10.0, 0.7799640585325985], "k_pid_yaw": [0.5, 1e-06, 0.1], "k_pid_hsp": [4.630323512669719, 0.0, 0.05009433908622372], "k_pid_vsp": [210.1648883765498, 174.4320480423511, 45.3719120744388]}, "datetime": {"datetime": "2025-08-21 09:05:47", "elapsed": 1264.06481051445, "delta": 29.018906354904175}, "costs": {"total_cost": 925.6811525214737, "time_cost": 150, "final_distance_cost": 37.789963683412914, "oscillation_cost": 58.945396001984015, "completition_cost": 555.5555555555555, "overshoot_cost": 57.479175163676416, "power_cost": 29.15749841308594, "noise_cost": 36.75356370375883, "n_waypoints_completed": 4, "tot_waypoints": 9}}
{"target": -269.824158021718, "params": {"k_pid_pos": [1.5331133579889018, 0.5301871770715296, 0.19355348987805154], "k_pid_alt": [1.186936050501118, 0.5608006229721917, 0.7809333689904224], "k_pid_att": [65.75751836887365, 0.0001, 0.6642434071230905], "k_pid_yaw": [0.5, 1e-06, 0.1], "k_pid_hsp": [5.776270327940007, 0.0, 0.038872088991376064], "k_pid_vsp": [71.91084998116058, 316.60503896172645, 66.5720348911095]}, "datetime": {"datetime": "2025-08-21 09:06:09", "elapsed": 1286.198438167572, "delta": 22.13362765312195}, "costs": {"total_cost": 269.824158021718, "time_cost": 89.424, "final_distance_cost": 1.7513821649391477, "oscillation_cost": 92.82572279544516, "completition_cost": 0.0, "overshoot_cost": 53.428779288456774, "power_cost": 17.82273514404297, "noise_cost": 14.571538628833943, "n_waypoints_completed": 9, "tot_waypoints": 9}}
{"target": -1409.0547252571234, "params": {"k_pid_pos": [0.13945840892443928, 0.29587528703248783, 0.38956377145612126], "k_pid_alt": [0.0, 0.8889764379892396, 0.8099926660437577], "k_pid_att": [28.25793123253457, 3.2386789359732546, 0.8593768657734057], "k_pid_yaw": [0.5, 1e-06, 0.1], "k_pid_hsp": [1.5171249016687691, 0.054164069458233204, 0.1666407096531449], "k_pid_vsp": [142.11491427965902, 90.75822309763583, 51.129867425310074]}, "datetime": {"datetime": "2025-08-21 09:06:41", "elapsed": 1317.9659638404846, "delta": 31.767525672912598}, "costs": {"total_cost": 1409.0547252571234, "time_cost": 150, "final_distance_cost": 77.20802941216468, "oscillation_cost": 220.21710039726406, "completition_cost": 888.8888888888888, "overshoot_cost": 41.48520487290638, "power_cost": 17.491721362304688, "noise_cost": 13.763780323594858, "n_waypoints_completed": 1, "tot_waypoints": 9}}
{"target": -315.2539124281392, "params": {"k_pid_pos": [1.7520762567169623, 0.2841764670941598, 0.3337563857597763], "k_pid_alt": [1.3643629180384604, 0.2930208478648058, 0.0], "k_pid_att": [32.5271447515118, 6.688371823503367, 1.0], "k_pid_yaw": [0.5, 1e-06, 0.1], "k_pid_hsp": [10.0, 0.0, 0.024819352029918713], "k_pid_vsp": [400.0, 93.40516112859171, 129.86045555408575]}, "datetime": {"datetime": "2025-08-21 09:07:05", "elapsed": 1341.8681647777557, "delta": 23.902200937271118}, "costs": {"total_cost": 315.2539124281392, "time_cost": 90.72800000000001, "final_distance_cost": 1.7528174371083036, "oscillation_cost": 131.2466103270416, "completition_cost": 0.0, "overshoot_cost": 56.05717221035103, "power_cost": 20.58383992919922, "noise_cost": 14.88547252443902, "n_waypoints_completed": 9, "tot_waypoints": 9}}
{"target": -1640.2104740552645, "params": {"k_pid_pos": [1.1678798928823813, 0.47665978307766493, 0.37729821757792886], "k_pid_alt": [0.3199645885347174, 0.47507708093261164, 0.6048406439961131], "k_pid_att": [93.05745241847823, 0.0001, 0.0], "k_pid_yaw": [0.5, 1e-06, 0.1], "k_pid_hsp": [0.0001, 0.014145042239038416, 0.3395114584309848], "k_pid_vsp": [273.4579883274873, 332.86126426364444, 157.229243000895]}, "datetime": {"datetime": "2025-08-21 09:07:34", "elapsed": 1371.0029344558716, "delta": 29.134769678115845}, "costs": {"total_cost": 1640.2104740552645, "time_cost": 150, "final_distance_cost": 65.13114358328686, "oscillation_cost": 441.02937126338037, "completition_cost": 888.8888888888888, "overshoot_cost": 60.24601168082388, "power_cost": 19.69246025390625, "noise_cost": 15.22259838497828, "n_waypoints_completed": 1, "tot_waypoints": 9}}
