{"target": -180.54007254844495, "params": {"k_pid_pos": [1.0145848158846933, 0.07604016380000118, 1.0], "k_pid_alt": [1.3656723054584932, 0.00730932296772492, 0.015895634804819782], "k_pid_att": [14.214065121307987, 0.31607890159132973, 0.4216039333986466], "k_pid_yaw": [0.5, 1e-06, 0.1], "k_pid_hsp": [0.12146173855939046, 0.022928595903111405, 0.0], "k_pid_vsp": [330.7580503870507, 243.44167152428918, 1.5709616292290487]}, "datetime": {"datetime": "2025-08-21 14:00:21", "elapsed": 18937.57574748993, "delta": 17.302022457122803}, "costs": {"total_cost": 180.54007254844495, "time_cost": 76.12, "final_distance_cost": 1.8550952232680131, "oscillation_cost": 26.244714357091404, "completition_cost": 0.0, "overshoot_cost": 50.98760288145834, "power_cost": 12.503136560058595, "noise_cost": 12.829523526568572, "n_waypoints_completed": 9, "tot_waypoints": 9}}
{"target": -180.81911130664417, "params": {"k_pid_pos": [1.9103175538794552, 0.0769009000853056, 0.898769303865263], "k_pid_alt": [1.5952790372573873, 0.0064923735253155255, 0.007658731282379673], "k_pid_att": [23.014896821177686, 0.20988222593405179, 0.6912265881964692], "k_pid_yaw": [0.5, 1e-06, 0.1], "k_pid_hsp": [0.19043550695021358, 0.03315968422216677, 0.0], "k_pid_vsp": [106.99914026876117, 320.5957816796436, 1.936191643657585]}, "datetime": {"datetime": "2025-08-21 14:00:37", "elapsed": 18954.15236544609, "delta": 16.5766179561615}, "costs": {"total_cost": 180.81911130664417, "time_cost": 69.52, "final_distance_cost": 1.8315724310411237, "oscillation_cost": 31.772426786295952, "completition_cost": 0.0, "overshoot_cost": 50.3926571450331, "power_cost": 14.87168201904297, "noise_cost": 12.430772925231064, "n_waypoints_completed": 9, "tot_waypoints": 9}}
{"target": -170.91386935024875, "params": {"k_pid_pos": [1.8724920750520102, 0.12398506293635654, 0.6973638999882948], "k_pid_alt": [2.0, 0.0053774005131123235, 0.00474749160501975], "k_pid_att": [21.82368293435043, 0.18549508050586416, 0.24645533348972118], "k_pid_yaw": [0.5, 1e-06, 0.1], "k_pid_hsp": [0.2159193657412807, 0.025849356224334888, 0.0], "k_pid_vsp": [311.0797220709839, 170.95493349521675, 1.159637953462421]}, "datetime": {"datetime": "2025-08-21 14:00:53", "elapsed": 18970.014338493347, "delta": 15.86197304725647}, "costs": {"total_cost": 170.91386935024875, "time_cost": 69.28, "final_distance_cost": 1.8047320227254866, "oscillation_cost": 29.641751466654412, "completition_cost": 0.0, "overshoot_cost": 50.37299015674063, "power_cost": 9.89450057373047, "noise_cost": 9.919895130397727, "n_waypoints_completed": 9, "tot_waypoints": 9}}
{"target": -422.61268780168257, "params": {"k_pid_pos": [1.2794289317949938, 0.14849763410544828, 1.0], "k_pid_alt": [0.17845888768675508, 0.004970522487765141, 0.006289758074694308], "k_pid_att": [20.16772236147263, 0.2039913227000736, 0.769493891798473], "k_pid_yaw": [0.5, 1e-06, 0.1], "k_pid_hsp": [0.1396078430900082, 0.017903388133660384, 0.0], "k_pid_vsp": [221.57933821342033, 147.1563008124385, 1.057410347592444]}, "datetime": {"datetime": "2025-08-21 14:01:16", "elapsed": 18992.96399497986, "delta": 22.94965648651123}, "costs": {"total_cost": 422.61268780168257, "time_cost": 150, "final_distance_cost": 63.82305340137865, "oscillation_cost": 24.594570126755944, "completition_cost": 111.11111111111116, "overshoot_cost": 47.27561937020434, "power_cost": 13.138660876464844, "noise_cost": 12.669672915767626, "n_waypoints_completed": 8, "tot_waypoints": 9}}
{"target": -176.34141896734053, "params": {"k_pid_pos": [1.5379660031631885, 0.0795491241573041, 1.0], "k_pid_alt": [2.0, 0.005873942317024428, 0.008024478761785803], "k_pid_att": [28.4031952613439, 0.22310574870160074, 0.7395046868765472], "k_pid_yaw": [0.5, 1e-06, 0.1], "k_pid_hsp": [0.36021305301102075, 0.018099649977707254, 0.0], "k_pid_vsp": [309.62536136068076, 279.1259548578099, 2.0136401264877035]}, "datetime": {"datetime": "2025-08-21 14:01:33", "elapsed": 19009.921142578125, "delta": 16.9571475982666}, "costs": {"total_cost": 176.34141896734053, "time_cost": 70.528, "final_distance_cost": 1.842921794664742, "oscillation_cost": 27.773780878140105, "completition_cost": 0.0, "overshoot_cost": 50.43521651108267, "power_cost": 13.512182690429688, "noise_cost": 12.249317093023336, "n_waypoints_completed": 9, "tot_waypoints": 9}}
{"target": -179.2062549266074, "params": {"k_pid_pos": [1.810386740808062, 0.11887160137455166, 0.5176087895497475], "k_pid_alt": [2.0, 0.003741114065336681, 0.004960673683455271], "k_pid_att": [17.42110282488271, 0.24584599489045664, 0.5537993544812579], "k_pid_yaw": [0.5, 1e-06, 0.1], "k_pid_hsp": [0.1235052847952655, 0.011359924617114653, 0.0], "k_pid_vsp": [190.15222819730073, 135.62416516885818, 2.6745519006639267]}, "datetime": {"datetime": "2025-08-21 14:01:49", "elapsed": 19026.292732477188, "delta": 16.37158989906311}, "costs": {"total_cost": 179.2062549266074, "time_cost": 69.92, "final_distance_cost": 1.7971868797618655, "oscillation_cost": 30.165687909359338, "completition_cost": 0.0, "overshoot_cost": 50.927182397075896, "power_cost": 14.26400643310547, "noise_cost": 12.132191307304815, "n_waypoints_completed": 9, "tot_waypoints": 9}}
{"target": -189.2239928252442, "params": {"k_pid_pos": [1.0205288737506262, 0.022199080946321368, 1.0], "k_pid_alt": [2.0, 0.004565948816396907, 0.009635136643030786], "k_pid_att": [30.894145126373033, 0.17747111608624389, 0.45521675052230454], "k_pid_yaw": [0.5, 1e-06, 0.1], "k_pid_hsp": [0.2690304668147701, 0.01722543818521082, 0.0], "k_pid_vsp": [149.81514532407314, 257.72381868276085, 1.953018570564325]}, "datetime": {"datetime": "2025-08-21 14:02:07", "elapsed": 19044.043199062347, "delta": 17.7504665851593}, "costs": {"total_cost": 189.2239928252442, "time_cost": 78.912, "final_distance_cost": 1.851146575877424, "oscillation_cost": 27.907837975258307, "completition_cost": 0.0, "overshoot_cost": 51.033118506308305, "power_cost": 15.149664562988281, "noise_cost": 14.370225204811904, "n_waypoints_completed": 9, "tot_waypoints": 9}}
{"target": -191.6570751477891, "params": {"k_pid_pos": [0.9900596400086439, 0.09918762423551808, 1.0], "k_pid_alt": [2.0, 0.005179672826802796, 0.009418810330897193], "k_pid_att": [6.393579953271723, 0.257827402410786, 0.33696487717685814], "k_pid_yaw": [0.5, 1e-06, 0.1], "k_pid_hsp": [0.23737190443705813, 0.006543313599890472, 0.0], "k_pid_vsp": [90.11135537360444, 110.28275053295704, 1.1811024458424735]}, "datetime": {"datetime": "2025-08-21 14:02:26", "elapsed": 19062.462309122086, "delta": 18.41911005973816}, "costs": {"total_cost": 191.6570751477891, "time_cost": 78.184, "final_distance_cost": 1.8433768046638586, "oscillation_cost": 25.878824910544022, "completition_cost": 0.0, "overshoot_cost": 53.025979223256634, "power_cost": 17.630488513183593, "noise_cost": 15.09440569614099, "n_waypoints_completed": 9, "tot_waypoints": 9}}
{"target": -191.91546992075143, "params": {"k_pid_pos": [1.2356244048440688, 0.08880696984840857, 1.0], "k_pid_alt": [2.0, 0.004988043911109149, 0.014772918503148902], "k_pid_att": [35.599936083053194, 0.14987841973111926, 0.5006628387561008], "k_pid_yaw": [0.5, 1e-06, 0.1], "k_pid_hsp": [0.25218446891951174, 0.011522544955723071, 0.0], "k_pid_vsp": [365.26522240952266, 264.9241914388368, 2.2265303283641855]}, "datetime": {"datetime": "2025-08-21 14:02:43", "elapsed": 19080.125846624374, "delta": 17.66353750228882}, "costs": {"total_cost": 191.91546992075143, "time_cost": 76.984, "final_distance_cost": 1.8416336078764437, "oscillation_cost": 27.121317200072827, "completition_cost": 0.0, "overshoot_cost": 52.70877399022288, "power_cost": 18.249218090820314, "noise_cost": 15.010527031758981, "n_waypoints_completed": 9, "tot_waypoints": 9}}
{"target": -173.0866604321292, "params": {"k_pid_pos": [1.6627410239729772, 0.06615611729310396, 1.0], "k_pid_alt": [2.0, 0.004823805233035405, 0.021168045507679964], "k_pid_att": [27.96970293161535, 0.08796610225444505, 0.6440186687794208], "k_pid_yaw": [0.5, 1e-06, 0.1], "k_pid_hsp": [0.31594015949083887, 0.02738322259777938, 0.0], "k_pid_vsp": [289.8213960461301, 223.692199247101, 2.0954337566523744]}, "datetime": {"datetime": "2025-08-21 14:02:59", "elapsed": 19096.154817581177, "delta": 16.028970956802368}, "costs": {"total_cost": 173.0866604321292, "time_cost": 70.032, "final_distance_cost": 1.8426228399392208, "oscillation_cost": 27.525017399392457, "completition_cost": 0.0, "overshoot_cost": 50.23486047955, "power_cost": 12.03788994140625, "noise_cost": 11.414269771841274, "n_waypoints_completed": 9, "tot_waypoints": 9}}
{"target": -178.4899065847718, "params": {"k_pid_pos": [2.0, 0.08751805249383289, 0.8060057325451008], "k_pid_alt": [1.9497134990222225, 0.0046236121633728405, 0.005975477388669069], "k_pid_att": [3.7202226274942425, 0.17310949491494854, 0.5253793541539474], "k_pid_yaw": [0.5, 1e-06, 0.1], "k_pid_hsp": [0.2553586397422544, 0.027112545659992326, 0.0], "k_pid_vsp": [234.2939614971534, 281.02330416805813, 2.127999843106759]}, "datetime": {"datetime": "2025-08-21 14:03:15", "elapsed": 19112.35173225403, "delta": 16.196914672851562}, "costs": {"total_cost": 178.4899065847718, "time_cost": 69.368, "final_distance_cost": 1.8254734253888871, "oscillation_cost": 30.304055061444576, "completition_cost": 0.0, "overshoot_cost": 50.93231486688611, "power_cost": 13.96135994873047, "noise_cost": 12.09870328232175, "n_waypoints_completed": 9, "tot_waypoints": 9}}
{"target": -169.1612272506043, "params": {"k_pid_pos": [1.5988559232459447, 0.09585136619493674, 0.3139314709520484], "k_pid_alt": [1.6002269123529616, 0.006061755838550384, 0.004565303667828805], "k_pid_att": [13.817027931949488, 0.37078315563968506, 0.49507808367639133], "k_pid_yaw": [0.5, 1e-06, 0.1], "k_pid_hsp": [0.19494986931113703, 0.016902339445951008, 0.0], "k_pid_vsp": [194.71420184515844, 288.13513501607144, 2.489746260743234]}, "datetime": {"datetime": "2025-08-21 14:03:32", "elapsed": 19128.57852244377, "delta": 16.226790189743042}, "costs": {"total_cost": 169.1612272506043, "time_cost": 68.304, "final_distance_cost": 1.803142016928705, "oscillation_cost": 31.76711279380464, "completition_cost": 0.0, "overshoot_cost": 50.13622489568489, "power_cost": 8.243523803710938, "noise_cost": 8.90722374047512, "n_waypoints_completed": 9, "tot_waypoints": 9}}
{"target": -377.9601433782026, "params": {"k_pid_pos": [0.4356412536789483, 0.06801357456310564, 1.0], "k_pid_alt": [2.0, 0.0037119012026309898, 0.0106499538678348], "k_pid_att": [32.551970018134945, 0.2858569636211786, 0.5844743547012812], "k_pid_yaw": [0.5, 1e-06, 0.1], "k_pid_hsp": [0.26923303806939297, 0.01804739559100397, 0.0], "k_pid_vsp": [390.3245676922393, 290.62145564598785, 1.9560075805185309]}, "datetime": {"datetime": "2025-08-21 14:03:55", "elapsed": 19152.009337425232, "delta": 23.43081498146057}, "costs": {"total_cost": 377.9601433782026, "time_cost": 150, "final_distance_cost": 10.156184810735319, "oscillation_cost": 20.655446714494907, "completition_cost": 111.11111111111116, "overshoot_cost": 57.14801468325507, "power_cost": 14.232903967285157, "noise_cost": 14.65648209132103, "n_waypoints_completed": 8, "tot_waypoints": 9}}
{"target": -183.55030208550477, "params": {"k_pid_pos": [1.1673895185030838, 0.0647229930920878, 0.9202141838981719], "k_pid_alt": [2.0, 0.0022586202247132114, 0.0049163764709948534], "k_pid_att": [21.455996115689135, 0.17232947322782988, 0.46974663454085935], "k_pid_yaw": [0.5, 1e-06, 0.1], "k_pid_hsp": [0.2501691042926025, 0.023091147111708288, 0.0], "k_pid_vsp": [289.3427509336412, 156.3606606820639, 2.521557799296891]}, "datetime": {"datetime": "2025-08-21 14:04:13", "elapsed": 19170.222034215927, "delta": 18.21269679069519}, "costs": {"total_cost": 183.55030208550477, "time_cost": 74.72800000000001, "final_distance_cost": 1.8453800482139548, "oscillation_cost": 27.556223942364493, "completition_cost": 0.0, "overshoot_cost": 51.437217982138044, "power_cost": 14.641019372558594, "noise_cost": 13.342460740229686, "n_waypoints_completed": 9, "tot_waypoints": 9}}
{"target": -179.7963252886562, "params": {"k_pid_pos": [1.3667936258902973, 0.0, 0.8715164108385979], "k_pid_alt": [0.9425675638821757, 0.0019002281996986857, 0.011944511465223516], "k_pid_att": [18.622421980965665, 0.16955483777061087, 0.5337275536963971], "k_pid_yaw": [0.5, 1e-06, 0.1], "k_pid_hsp": [0.2925171780959564, 0.017841843483090526, 0.0], "k_pid_vsp": [159.27548153880818, 214.4573575303455, 2.411426500718934]}, "datetime": {"datetime": "2025-08-21 14:04:34", "elapsed": 19191.272877693176, "delta": 21.050843477249146}, "costs": {"total_cost": 179.7963252886562, "time_cost": 73.104, "final_distance_cost": 1.8545102391241588, "oscillation_cost": 28.046371797450675, "completition_cost": 0.0, "overshoot_cost": 49.981665806326475, "power_cost": 14.110753173828126, "noise_cost": 12.699024271926751, "n_waypoints_completed": 9, "tot_waypoints": 9}}
{"target": -173.10058859078651, "params": {"k_pid_pos": [1.625548449606833, 0.13850153614371186, 1.0], "k_pid_alt": [1.451498605429811, 0.007016930229279728, 0.008846584478418358], "k_pid_att": [32.87402622824229, 0.38183697443342557, 0.29644291593838873], "k_pid_yaw": [0.5, 1e-06, 0.1], "k_pid_hsp": [0.19357196266819868, 0.027847741059922246, 0.0], "k_pid_vsp": [231.23966074414008, 290.134059509067, 1.602195216014428]}, "datetime": {"datetime": "2025-08-21 14:04:52", "elapsed": 19208.786138772964, "delta": 17.513261079788208}, "costs": {"total_cost": 173.10058859078651, "time_cost": 69.368, "final_distance_cost": 1.8337217881895416, "oscillation_cost": 29.456990321638912, "completition_cost": 0.0, "overshoot_cost": 49.81107530980259, "power_cost": 11.533539343261719, "noise_cost": 11.097261827893787, "n_waypoints_completed": 9, "tot_waypoints": 9}}
{"target": -169.044190569309, "params": {"k_pid_pos": [1.771016364883956, 0.09238605208926516, 0.8081615832219243], "k_pid_alt": [1.9622360179309564, 0.0054506668604045, 0.0100952859921475], "k_pid_att": [38.84405855916096, 0.19031296838160364, 0.27624918026180134], "k_pid_yaw": [0.5, 1e-06, 0.1], "k_pid_hsp": [0.2476822190615766, 0.017809705537798665, 0.0], "k_pid_vsp": [187.92339274188703, 201.97973563646735, 2.515888985724173]}, "datetime": {"datetime": "2025-08-21 14:05:08", "elapsed": 19224.579640865326, "delta": 15.79350209236145}, "costs": {"total_cost": 169.044190569309, "time_cost": 68.752, "final_distance_cost": 1.8194830603220036, "oscillation_cost": 31.150105594675853, "completition_cost": 0.0, "overshoot_cost": 49.585740863840755, "power_cost": 8.552950024414063, "noise_cost": 9.183911026056332, "n_waypoints_completed": 9, "tot_waypoints": 9}}
{"target": -178.1270908502728, "params": {"k_pid_pos": [1.8173574599007294, 0.08978085528279689, 0.9000962111515288], "k_pid_alt": [1.4957205169095742, 0.005280904040542904, 0.012097270329663526], "k_pid_att": [28.324003121380116, 0.2867078403986008, 0.6462668563499568], "k_pid_yaw": [0.5, 1e-06, 0.1], "k_pid_hsp": [0.402209970244588, 0.02324624040326829, 0.0], "k_pid_vsp": [161.98527559002164, 153.20319698460233, 2.0198094321632056]}, "datetime": {"datetime": "2025-08-21 14:05:24", "elapsed": 19240.778941869736, "delta": 16.19930100440979}, "costs": {"total_cost": 178.1270908502728, "time_cost": 69.83200000000001, "final_distance_cost": 1.8279428334865115, "oscillation_cost": 30.390710140752496, "completition_cost": 0.0, "overshoot_cost": 50.20218256139011, "power_cost": 13.667931665039063, "noise_cost": 12.206323649604585, "n_waypoints_completed": 9, "tot_waypoints": 9}}
{"target": -171.98678544579778, "params": {"k_pid_pos": [1.4252671025809953, 0.025691623472867103, 1.0], "k_pid_alt": [2.0, 0.0047038338294255995, 0.014038462670772557], "k_pid_att": [10.046662446242285, 0.1300344169629687, 0.758074052493511], "k_pid_yaw": [0.5, 1e-06, 0.1], "k_pid_hsp": [0.11295741166023276, 0.022620737272759983, 0.0], "k_pid_vsp": [195.86532622907103, 208.0673603491845, 1.7678273156394082]}, "datetime": {"datetime": "2025-08-21 14:05:41", "elapsed": 19257.525785446167, "delta": 16.746843576431274}, "costs": {"total_cost": 171.98678544579778, "time_cost": 70.864, "final_distance_cost": 1.8440061505783603, "oscillation_cost": 26.830324003791, "completition_cost": 0.0, "overshoot_cost": 50.50439497861212, "power_cost": 10.951869763183595, "noise_cost": 10.99219054963272, "n_waypoints_completed": 9, "tot_waypoints": 9}}
{"target": -176.6954656734659, "params": {"k_pid_pos": [1.134319865750571, 0.13745606483473685, 0.9388528748031616], "k_pid_alt": [2.0, 0.005178718783781232, 0.0105951936934997], "k_pid_att": [31.775457701342333, 0.2940071486861766, 0.628282445549483], "k_pid_yaw": [0.5, 1e-06, 0.1], "k_pid_hsp": [0.36129153405383246, 0.017074628474102464, 0.0], "k_pid_vsp": [220.15138303068557, 191.5416307185382, 2.724147599099757]}, "datetime": {"datetime": "2025-08-21 14:05:57", "elapsed": 19274.216930389404, "delta": 16.691144943237305}, "costs": {"total_cost": 176.6954656734659, "time_cost": 74.144, "final_distance_cost": 1.8463294635544731, "oscillation_cost": 26.772185109382033, "completition_cost": 0.0, "overshoot_cost": 51.216598617705095, "power_cost": 11.322117895507812, "noise_cost": 11.394234587316484, "n_waypoints_completed": 9, "tot_waypoints": 9}}
{"target": -175.89000850294548, "params": {"k_pid_pos": [1.0913597463185838, 0.08455658706528783, 1.0], "k_pid_alt": [1.8043442153696312, 0.005955477910681756, 0.003732191287716997], "k_pid_att": [32.809076212799766, 0.19940670249108047, 0.4296450497111352], "k_pid_yaw": [0.5, 1e-06, 0.1], "k_pid_hsp": [0.2706686236128904, 0.030903231363773948, 0.0], "k_pid_vsp": [120.82089961958634, 172.6489600262045, 1.78291780647048]}, "datetime": {"datetime": "2025-08-21 14:06:15", "elapsed": 19291.83224630356, "delta": 17.615315914154053}, "costs": {"total_cost": 175.89000850294548, "time_cost": 75.416, "final_distance_cost": 1.845177622199544, "oscillation_cost": 28.015745064514427, "completition_cost": 0.0, "overshoot_cost": 50.56511995374383, "power_cost": 9.536573168945313, "noise_cost": 10.511392693542357, "n_waypoints_completed": 9, "tot_waypoints": 9}}
{"target": -172.15385064639733, "params": {"k_pid_pos": [2.0, 0.08145001680515095, 1.0], "k_pid_alt": [2.0, 0.005878384306168174, 0.006204540992780803], "k_pid_att": [28.23274075998611, 0.1763241067553446, 0.444032220515662], "k_pid_yaw": [0.5, 1e-06, 0.1], "k_pid_hsp": [0.16392280851003188, 0.012584132280870962, 0.0], "k_pid_vsp": [400.0, 260.15995088406686, 2.8687279405551074]}, "datetime": {"datetime": "2025-08-21 14:06:32", "elapsed": 19308.47596168518, "delta": 16.643715381622314}, "costs": {"total_cost": 172.15385064639733, "time_cost": 69.768, "final_distance_cost": 1.8226874161639302, "oscillation_cost": 28.18396206699738, "completition_cost": 0.0, "overshoot_cost": 50.698626939032195, "power_cost": 11.067347790527345, "noise_cost": 10.613226433676454, "n_waypoints_completed": 9, "tot_waypoints": 9}}
{"target": -171.9744113816818, "params": {"k_pid_pos": [2.0, 0.04676602277108069, 0.9900435336705794], "k_pid_alt": [1.8450202403542242, 0.005286160028749931, 0.005036440097832837], "k_pid_att": [22.11791215905717, 0.3172738167445497, 0.4598193629423386], "k_pid_yaw": [0.5, 1e-06, 0.1], "k_pid_hsp": [0.23969322360982623, 0.024991243044622982, 0.0], "k_pid_vsp": [147.33041728752843, 323.1572263291685, 1.7633388963200034]}, "datetime": {"datetime": "2025-08-21 14:06:47", "elapsed": 19324.25207233429, "delta": 15.776110649108887}, "costs": {"total_cost": 171.9744113816818, "time_cost": 68.752, "final_distance_cost": 1.8417068921213773, "oscillation_cost": 30.25334845383044, "completition_cost": 0.0, "overshoot_cost": 49.31547684756134, "power_cost": 11.170527624511719, "noise_cost": 10.641351563656919, "n_waypoints_completed": 9, "tot_waypoints": 9}}
{"target": -171.9227017143107, "params": {"k_pid_pos": [1.2000396762344339, 0.039947338501620404, 0.7263222353739427], "k_pid_alt": [2.0, 0.00538276729413721, 0.0064596075492767135], "k_pid_att": [4.042723019985463, 0.15334255512567038, 0.5204527278819767], "k_pid_yaw": [0.5, 1e-06, 0.1], "k_pid_hsp": [0.13714729295315203, 0.01949767376857648, 0.0], "k_pid_vsp": [173.231958155231, 235.7274946826387, 1.638805195680307]}, "datetime": {"datetime": "2025-08-21 14:07:04", "elapsed": 19340.916011095047, "delta": 16.663938760757446}, "costs": {"total_cost": 171.9227017143107, "time_cost": 70.384, "final_distance_cost": 1.840264135803041, "oscillation_cost": 26.646832402555756, "completition_cost": 0.0, "overshoot_cost": 50.43566049997553, "power_cost": 11.471773461914063, "noise_cost": 11.144171214062313, "n_waypoints_completed": 9, "tot_waypoints": 9}}
{"target": -176.21632168916102, "params": {"k_pid_pos": [2.0, 0.02552993833854607, 0.6741637103392458], "k_pid_alt": [1.6341537972229283, 0.00470612432068486, 0.0023430116270115576], "k_pid_att": [27.745756960773974, 0.3109016325334502, 0.6987445637310072], "k_pid_yaw": [0.5, 1e-06, 0.1], "k_pid_hsp": [0.2867142925756871, 0.021721633012680985, 0.0], "k_pid_vsp": [270.324370412615, 242.90488708117823, 1.8950458925901994]}, "datetime": {"datetime": "2025-08-21 14:07:20", "elapsed": 19356.700980901718, "delta": 15.784969806671143}, "costs": {"total_cost": 176.21632168916102, "time_cost": 69.184, "final_distance_cost": 1.8081595463390712, "oscillation_cost": 29.831467286637793, "completition_cost": 0.0, "overshoot_cost": 50.591002858335436, "power_cost": 13.150553540039063, "noise_cost": 11.651138457809681, "n_waypoints_completed": 9, "tot_waypoints": 9}}
