{"target": -185.60223769418172, "params": {"k_pid_pos": [1.083944985712732, 0.14840031742998092, 0.7929519898995468], "k_pid_alt": [1.994732316999249, 0.002372656545719399, 0.12673249765414377], "k_pid_att": [57.3797447113942, 0.2216821029099829, 0.2167915146267511], "k_pid_yaw": [0.5, 1e-06, 0.1], "k_pid_hsp": [0.9463324929735416, 0.018801549591412114, 0.0], "k_pid_vsp": [37.29794049328425, 140.28544353481428, 1.4082862806039698]}, "datetime": {"datetime": "2025-08-21 12:27:17", "elapsed": 13353.712917804718, "delta": 17.36917996406555}, "costs": {"total_cost": 185.60223769418172, "time_cost": 74.368, "final_distance_cost": 1.8452003024473718, "oscillation_cost": 34.90492307333594, "completition_cost": 0.0, "overshoot_cost": 51.03416926594901, "power_cost": 11.889685449218751, "noise_cost": 11.56025960323066, "n_waypoints_completed": 9, "tot_waypoints": 9}}
{"target": -184.41849386039075, "params": {"k_pid_pos": [1.4939568020270286, 0.057516675655462236, 0.9114133063034182], "k_pid_alt": [2.0, 0.0004389569273490392, 0.11343729302245013], "k_pid_att": [46.996749561528794, 0.22070854584991176, 0.27046851387441195], "k_pid_yaw": [0.5, 1e-06, 0.1], "k_pid_hsp": [0.5613122014286632, 0.035484249335064555, 0.0], "k_pid_vsp": [81.62100523696367, 192.90458339923063, 1.5952562798848724]}, "datetime": {"datetime": "2025-08-21 12:27:33", "elapsed": 13370.301372528076, "delta": 16.588454723358154}, "costs": {"total_cost": 184.41849386039075, "time_cost": 71.256, "final_distance_cost": 1.838870419543023, "oscillation_cost": 31.932407840796795, "completition_cost": 0.0, "overshoot_cost": 51.43776288999609, "power_cost": 15.011681152343751, "noise_cost": 12.941771557711101, "n_waypoints_completed": 9, "tot_waypoints": 9}}
{"target": -179.5519973533318, "params": {"k_pid_pos": [0.9765353654040787, 0.011644502020656365, 0.6662739011356386], "k_pid_alt": [1.3835196511990369, 0.007478162483913514, 0.09346060519376058], "k_pid_att": [35.37134298631316, 0.25790815916211746, 0.498667285162071], "k_pid_yaw": [0.5, 1e-06, 0.1], "k_pid_hsp": [0.6788179163398212, 0.0, 0.0], "k_pid_vsp": [289.10976617672344, 286.875722368059, 0.8246557687251618]}, "datetime": {"datetime": "2025-08-21 12:27:51", "elapsed": 13387.95777797699, "delta": 17.656405448913574}, "costs": {"total_cost": 179.5519973533318, "time_cost": 77.688, "final_distance_cost": 1.8484505559632303, "oscillation_cost": 28.07867070818736, "completition_cost": 0.0, "overshoot_cost": 50.83046854905387, "power_cost": 9.913115576171876, "noise_cost": 11.193291963955483, "n_waypoints_completed": 9, "tot_waypoints": 9}}
{"target": -202.14404040720228, "params": {"k_pid_pos": [0.60231354005421, 0.13743011478823894, 0.6432474716158088], "k_pid_alt": [2.0, 0.0, 0.08441316323398361], "k_pid_att": [36.20960166407536, 0.21236593049752425, 0.627141959646465], "k_pid_yaw": [0.5, 1e-06, 0.1], "k_pid_hsp": [0.4143848926514737, 0.039269452672716865, 0.0], "k_pid_vsp": [299.33004679620046, 131.8839891292911, 3.786645955353952]}, "datetime": {"datetime": "2025-08-21 12:28:11", "elapsed": 13407.963805437088, "delta": 20.006027460098267}, "costs": {"total_cost": 202.14404040720228, "time_cost": 87.624, "final_distance_cost": 1.8408526582191254, "oscillation_cost": 25.278077665707332, "completition_cost": 0.0, "overshoot_cost": 52.60641768392745, "power_cost": 18.159824841308595, "noise_cost": 16.634867558039787, "n_waypoints_completed": 9, "tot_waypoints": 9}}
{"target": -173.8409111194875, "params": {"k_pid_pos": [1.5863845406653, 0.08582498536119787, 0.9356500629156921], "k_pid_alt": [1.403832191649342, 0.0028255768324695705, 0.07074969686277328], "k_pid_att": [49.31769913621884, 0.19922223326493996, 0.8834059556825878], "k_pid_yaw": [0.5, 1e-06, 0.1], "k_pid_hsp": [0.4246915391935066, 0.03870765317767294, 0.0], "k_pid_vsp": [150.88195634555473, 286.46770095663015, 0.25229586353035965]}, "datetime": {"datetime": "2025-08-21 12:28:27", "elapsed": 13424.155955791473, "delta": 16.192150354385376}, "costs": {"total_cost": 173.8409111194875, "time_cost": 70.024, "final_distance_cost": 1.8474225145111314, "oscillation_cost": 31.223283349660253, "completition_cost": 0.0, "overshoot_cost": 49.10112830694483, "power_cost": 10.89613818359375, "noise_cost": 10.748938764777519, "n_waypoints_completed": 9, "tot_waypoints": 9}}
{"target": -173.70884932646288, "params": {"k_pid_pos": [2.0, 0.13629714896933665, 0.5590092362957488], "k_pid_alt": [1.947980935316134, 0.007648515131111036, 0.08066810671794156], "k_pid_att": [39.99129649624751, 0.1386025202850276, 0.7164008097172702], "k_pid_yaw": [0.5, 1e-06, 0.1], "k_pid_hsp": [0.3564502273783308, 0.0043585491486693205, 0.0], "k_pid_vsp": [380.2252273070353, 209.4931732856637, 5.932572207602607]}, "datetime": {"datetime": "2025-08-21 12:28:43", "elapsed": 13440.073524475098, "delta": 15.917568683624268}, "costs": {"total_cost": 173.70884932646288, "time_cost": 68.88, "final_distance_cost": 1.7684925493971502, "oscillation_cost": 30.506442735308823, "completition_cost": 0.0, "overshoot_cost": 50.34325162569595, "power_cost": 11.457974108886718, "noise_cost": 10.75268830717421, "n_waypoints_completed": 9, "tot_waypoints": 9}}
{"target": -176.19048624386375, "params": {"k_pid_pos": [1.871795689253209, 0.11294475581936615, 0.7639507815235534], "k_pid_alt": [1.9401176726850888, 0.005203085488323431, 0.11621394501052525], "k_pid_att": [46.69442089491306, 0.15491797956726272, 0.614720169939554], "k_pid_yaw": [0.5, 1e-06, 0.1], "k_pid_hsp": [0.36777435578285633, 0.013760484097402098, 0.0], "k_pid_vsp": [255.02759102389652, 217.45924612668333, 3.261404610476795]}, "datetime": {"datetime": "2025-08-21 12:28:59", "elapsed": 13455.887019395828, "delta": 15.81349492073059}, "costs": {"total_cost": 176.19048624386375, "time_cost": 69.624, "final_distance_cost": 1.827789064876384, "oscillation_cost": 29.702386995062444, "completition_cost": 0.0, "overshoot_cost": 50.72534348771594, "power_cost": 12.694719348144531, "noise_cost": 11.616247348064476, "n_waypoints_completed": 9, "tot_waypoints": 9}}
{"target": -177.43450139137713, "params": {"k_pid_pos": [2.0, 0.17007396258476484, 0.5989590971119588], "k_pid_alt": [1.9355706351324269, 0.005946135419581451, 0.15436037546052964], "k_pid_att": [34.43543360328576, 0.23843070068541425, 0.6336310573475133], "k_pid_yaw": [0.5, 1e-06, 0.1], "k_pid_hsp": [0.7314669507103133, 0.05225620764163818, 0.0], "k_pid_vsp": [327.7765172302466, 100.9004211250193, 4.240561080805443]}, "datetime": {"datetime": "2025-08-21 12:29:15", "elapsed": 13471.602106332779, "delta": 15.715086936950684}, "costs": {"total_cost": 177.43450139137713, "time_cost": 69.224, "final_distance_cost": 1.7807647608091086, "oscillation_cost": 31.770799050157926, "completition_cost": 0.0, "overshoot_cost": 50.14770206378336, "power_cost": 12.897323254394532, "noise_cost": 11.613912262232184, "n_waypoints_completed": 9, "tot_waypoints": 9}}
{"target": -178.82170689752667, "params": {"k_pid_pos": [0.8723201979868632, 0.16660363514498594, 0.41649185372866365], "k_pid_alt": [2.0, 0.002066354567748752, 0.10778136954684032], "k_pid_att": [69.90940469885776, 0.15908639561217183, 0.6374705590016256], "k_pid_yaw": [0.5, 1e-06, 0.1], "k_pid_hsp": [0.4951933692872133, 0.025720745700571132, 0.0], "k_pid_vsp": [330.2092251852707, 143.34971305361137, 3.891083782078329]}, "datetime": {"datetime": "2025-08-21 12:29:32", "elapsed": 13488.835269212723, "delta": 17.233162879943848}, "costs": {"total_cost": 178.82170689752667, "time_cost": 74.672, "final_distance_cost": 1.834893100109224, "oscillation_cost": 29.50643633442008, "completition_cost": 0.0, "overshoot_cost": 51.22351383223255, "power_cost": 10.370055603027344, "noise_cost": 11.21480802773746, "n_waypoints_completed": 9, "tot_waypoints": 9}}
{"target": -170.75754419347373, "params": {"k_pid_pos": [1.71737747643128, 0.14602683110491996, 0.5929276342663466], "k_pid_alt": [1.7367015647766948, 0.0048595886364143775, 0.053339247574283453], "k_pid_att": [36.6711491318229, 0.20795094090802038, 0.8166022340161051], "k_pid_yaw": [0.5, 1e-06, 0.1], "k_pid_hsp": [0.24699375130779622, 0.029793646297347418, 0.0], "k_pid_vsp": [210.73914203117798, 193.10200042808302, 3.8017894114338553]}, "datetime": {"datetime": "2025-08-21 12:29:48", "elapsed": 13504.711042165756, "delta": 15.875772953033447}, "costs": {"total_cost": 170.75754419347373, "time_cost": 68.656, "final_distance_cost": 1.8277684642474945, "oscillation_cost": 30.988729148293693, "completition_cost": 0.0, "overshoot_cost": 49.67713754529923, "power_cost": 9.751892504882813, "noise_cost": 9.856016530750496, "n_waypoints_completed": 9, "tot_waypoints": 9}}
{"target": -174.74563583407368, "params": {"k_pid_pos": [2.0, 0.10190788832292598, 0.4521798473730338], "k_pid_alt": [0.7530455355418542, 0.005771312230784663, 0.0298514297858756], "k_pid_att": [25.110760816805946, 0.10779437258610673, 0.8141067556594641], "k_pid_yaw": [0.5, 1e-06, 0.1], "k_pid_hsp": [0.5646687463799448, 0.027919620529327862, 0.0], "k_pid_vsp": [256.79115941969985, 284.7058493060059, 3.140232555469215]}, "datetime": {"datetime": "2025-08-21 12:30:05", "elapsed": 13521.550458908081, "delta": 16.83941674232483}, "costs": {"total_cost": 174.74563583407368, "time_cost": 70.048, "final_distance_cost": 1.7910250035596758, "oscillation_cost": 33.43046949982127, "completition_cost": 0.0, "overshoot_cost": 49.792871567123655, "power_cost": 9.913236376953126, "noise_cost": 9.770033386615957, "n_waypoints_completed": 9, "tot_waypoints": 9}}
{"target": -180.36943040255375, "params": {"k_pid_pos": [1.3527374858795118, 0.13342110857306125, 0.4285739163184929], "k_pid_alt": [1.4146476568997823, 0.0, 0.08220959841793847], "k_pid_att": [29.34829465637213, 0.32088276386693004, 0.5338033521114389], "k_pid_yaw": [0.5, 1e-06, 0.1], "k_pid_hsp": [0.48185718060307975, 0.042255255396386006, 0.0], "k_pid_vsp": [256.57795078724615, 112.98446670183039, 1e-06]}, "datetime": {"datetime": "2025-08-21 12:30:21", "elapsed": 13537.986679077148, "delta": 16.436220169067383}, "costs": {"total_cost": 180.36943040255375, "time_cost": 70.416, "final_distance_cost": 1.8320746535496297, "oscillation_cost": 30.293400914099873, "completition_cost": 0.0, "overshoot_cost": 50.660973629569725, "power_cost": 14.555846838378907, "noise_cost": 12.611134366955651, "n_waypoints_completed": 9, "tot_waypoints": 9}}
{"target": -172.66943296658468, "params": {"k_pid_pos": [1.3935666472689825, 0.062475589056438706, 0.9490557625211252], "k_pid_alt": [1.5705627230321815, 0.009280202849328371, 0.04579059598974955], "k_pid_att": [22.3426466011459, 0.29211264801118, 0.8924548084421188], "k_pid_yaw": [0.5, 1e-06, 0.1], "k_pid_hsp": [0.5504638820120699, 0.049020297058056016, 0.0], "k_pid_vsp": [384.6922283292775, 101.31450164869034, 4.085099848178906]}, "datetime": {"datetime": "2025-08-21 12:30:37", "elapsed": 13554.103535175323, "delta": 16.11685609817505}, "costs": {"total_cost": 172.66943296658468, "time_cost": 71.24, "final_distance_cost": 1.8513073691424562, "oscillation_cost": 28.804674148895792, "completition_cost": 0.0, "overshoot_cost": 49.8713627575888, "power_cost": 10.173283056640626, "noise_cost": 10.728805634317002, "n_waypoints_completed": 9, "tot_waypoints": 9}}
{"target": -175.87422546464023, "params": {"k_pid_pos": [1.767518716497816, 0.013633641047488487, 0.5674004376586917], "k_pid_alt": [1.149294843626257, 0.006093521702851251, 0.041078327405827196], "k_pid_att": [53.182268608658795, 0.18930166363675519, 0.5856080098879874], "k_pid_yaw": [0.5, 1e-06, 0.1], "k_pid_hsp": [0.543981463312115, 0.060098654835933185, 0.0], "k_pid_vsp": [54.306708892751296, 145.54340136092435, 4.888196846923588]}, "datetime": {"datetime": "2025-08-21 12:30:53", "elapsed": 13570.02028131485, "delta": 15.916746139526367}, "costs": {"total_cost": 175.87422546464023, "time_cost": 68.728, "final_distance_cost": 1.8428143995218056, "oscillation_cost": 32.792045383713614, "completition_cost": 0.0, "overshoot_cost": 49.50134208406456, "power_cost": 11.861257275390626, "noise_cost": 11.148766321949633, "n_waypoints_completed": 9, "tot_waypoints": 9}}
{"target": -177.64945058974757, "params": {"k_pid_pos": [2.0, 0.03033916742218989, 0.8240084046544528], "k_pid_alt": [2.0, 0.004908281302403288, 0.09447190395164902], "k_pid_att": [56.461599394258165, 0.19854754141026074, 0.5526792096323287], "k_pid_yaw": [0.5, 1e-06, 0.1], "k_pid_hsp": [0.5913377723974802, 0.034560813843876916, 0.0], "k_pid_vsp": [114.33391548884407, 200.46559878574737, 2.444996394737993]}, "datetime": {"datetime": "2025-08-21 12:31:09", "elapsed": 13585.976547002792, "delta": 15.956265687942505}, "costs": {"total_cost": 177.64945058974757, "time_cost": 69.512, "final_distance_cost": 1.8387023598343077, "oscillation_cost": 32.10678041017412, "completition_cost": 0.0, "overshoot_cost": 49.896739866640786, "power_cost": 12.746845837402345, "noise_cost": 11.548382115696034, "n_waypoints_completed": 9, "tot_waypoints": 9}}
{"target": -178.7630474026089, "params": {"k_pid_pos": [1.5431841003457294, 0.09777349874287544, 1.0], "k_pid_alt": [2.0, 0.004812497329522284, 0.04649264002705219], "k_pid_att": [73.32679357022751, 0.3303204146730565, 0.2614236214711428], "k_pid_yaw": [0.5, 1e-06, 0.1], "k_pid_hsp": [0.43362552119845343, 0.0484645718924856, 0.0], "k_pid_vsp": [305.2019158051159, 48.846608827750266, 4.998128860356752]}, "datetime": {"datetime": "2025-08-21 12:31:25", "elapsed": 13602.348264217377, "delta": 16.37171721458435}, "costs": {"total_cost": 178.7630474026089, "time_cost": 71.264, "final_distance_cost": 1.8461512812368817, "oscillation_cost": 30.362485031369776, "completition_cost": 0.0, "overshoot_cost": 51.09016587787892, "power_cost": 12.419360559082032, "noise_cost": 11.780884653041278, "n_waypoints_completed": 9, "tot_waypoints": 9}}
{"target": -175.67788138297342, "params": {"k_pid_pos": [1.5117804494280611, 0.08310481470210689, 0.6477607817110547], "k_pid_alt": [1.8807550507272393, 0.006929475319789577, 0.0936068714705474], "k_pid_att": [15.688076601899638, 0.22392329178537582, 0.7808248240794318], "k_pid_yaw": [0.5, 1e-06, 0.1], "k_pid_hsp": [0.5078079181807456, 0.03089422599888132, 0.0], "k_pid_vsp": [199.47941555050724, 224.46181218809386, 5.974337760561962]}, "datetime": {"datetime": "2025-08-21 12:31:41", "elapsed": 13618.119470834732, "delta": 15.771206617355347}, "costs": {"total_cost": 175.67788138297342, "time_cost": 69.632, "final_distance_cost": 1.842554315653878, "oscillation_cost": 30.091744777571368, "completition_cost": 0.0, "overshoot_cost": 49.90536679532224, "power_cost": 12.611489245605469, "noise_cost": 11.594726248820477, "n_waypoints_completed": 9, "tot_waypoints": 9}}
{"target": -181.0000420642138, "params": {"k_pid_pos": [0.8813236585698245, 0.11728529537443984, 0.5992058998109308], "k_pid_alt": [2.0, 0.0008013634392788531, 0.07659984444755692], "k_pid_att": [81.67775464866826, 0.23195151598119076, 0.3813217680644507], "k_pid_yaw": [0.5, 1e-06, 0.1], "k_pid_hsp": [0.2669947074381121, 0.059688962339528064, 0.0], "k_pid_vsp": [325.36687587552285, 171.55951804321754, 2.244946211405646]}, "datetime": {"datetime": "2025-08-21 12:31:58", "elapsed": 13635.202525615692, "delta": 17.083054780960083}, "costs": {"total_cost": 181.0000420642138, "time_cost": 74.568, "final_distance_cost": 1.8382296462333263, "oscillation_cost": 29.961191947069832, "completition_cost": 0.0, "overshoot_cost": 50.755502308007884, "power_cost": 12.018327465820313, "noise_cost": 11.858790697082435, "n_waypoints_completed": 9, "tot_waypoints": 9}}
{"target": -195.64710777779615, "params": {"k_pid_pos": [1.5498869782539353, 0.1968790916698369, 0.8353157455144761], "k_pid_alt": [2.0, 0.005372449239530417, 0.07915811355979263], "k_pid_att": [45.243565995265406, 0.08993956049500984, 0.6117753781993667], "k_pid_yaw": [0.5, 1e-06, 0.1], "k_pid_hsp": [0.38617302759116034, 0.030935345165045782, 0.0], "k_pid_vsp": [92.75359635109326, 141.98571539470902, 4.848687319059912]}, "datetime": {"datetime": "2025-08-21 12:32:16", "elapsed": 13652.492774248123, "delta": 17.29024863243103}, "costs": {"total_cost": 195.64710777779615, "time_cost": 76.024, "final_distance_cost": 1.8220573299528022, "oscillation_cost": 30.464762582831675, "completition_cost": 0.0, "overshoot_cost": 54.30126750813554, "power_cost": 17.231471118164063, "noise_cost": 15.803549238712096, "n_waypoints_completed": 9, "tot_waypoints": 9}}
{"target": -484.1042851155384, "params": {"k_pid_pos": [2.0, 0.14615789176428895, 0.33792431455389876], "k_pid_alt": [1.7926729324519144, 0.0054535219180587265, 0.07604291456383264], "k_pid_att": [54.47282801386734, 0.17201862066900345, 0.6253636736753002], "k_pid_yaw": [0.5, 1e-06, 0.1], "k_pid_hsp": [0.2185833580613846, 0.04319899940806827, 0.0], "k_pid_vsp": [323.3931352804135, 201.91770928309552, 3.1516392147504853]}, "datetime": {"datetime": "2025-08-21 12:32:38", "elapsed": 13675.434026002884, "delta": 22.941251754760742}, "costs": {"total_cost": 484.1042851155384, "time_cost": 150, "final_distance_cost": 64.84365777155318, "oscillation_cost": 35.27187703320558, "completition_cost": 111.11111111111116, "overshoot_cost": 69.45230677840911, "power_cost": 30.474855395507813, "noise_cost": 22.95047702575159, "n_waypoints_completed": 8, "tot_waypoints": 9}}
{"target": -175.43332123417076, "params": {"k_pid_pos": [1.839123660952816, 0.13545666253751076, 0.5396459131281425], "k_pid_alt": [1.1681107422831234, 0.004982947236182763, 0.08161342123622119], "k_pid_att": [6.630887118148068, 0.13695656002382137, 0.45648598173649885], "k_pid_yaw": [0.5, 1e-06, 0.1], "k_pid_hsp": [0.39903083282823565, 0.04458418700913152, 0.0], "k_pid_vsp": [292.0220187709356, 140.20544827264305, 3.735805944255061]}, "datetime": {"datetime": "2025-08-21 12:32:54", "elapsed": 13691.117347478867, "delta": 15.683321475982666}, "costs": {"total_cost": 175.43332123417076, "time_cost": 69.168, "final_distance_cost": 1.7823918553602316, "oscillation_cost": 32.03040301368451, "completition_cost": 0.0, "overshoot_cost": 50.20800993185486, "power_cost": 11.548527893066407, "noise_cost": 10.695988540204725, "n_waypoints_completed": 9, "tot_waypoints": 9}}
{"target": -182.08043178153014, "params": {"k_pid_pos": [1.6423420664330421, 0.10220425080007765, 0.425744125513382], "k_pid_alt": [2.0, 0.007945907802760272, 0.0633236907778696], "k_pid_att": [56.80268761857104, 0.2587464241221356, 0.6164836128735901], "k_pid_yaw": [0.5, 1e-06, 0.1], "k_pid_hsp": [0.6586494905142565, 0.04779401246454349, 0.0], "k_pid_vsp": [334.2792642660782, 153.9793290138624, 4.487574892185483]}, "datetime": {"datetime": "2025-08-21 12:33:10", "elapsed": 13707.166756629944, "delta": 16.04940915107727}, "costs": {"total_cost": 182.08043178153014, "time_cost": 69.36, "final_distance_cost": 1.8028913462226814, "oscillation_cost": 31.636903893587185, "completition_cost": 0.0, "overshoot_cost": 51.114553567780405, "power_cost": 15.152029858398437, "noise_cost": 13.014053115541428, "n_waypoints_completed": 9, "tot_waypoints": 9}}
{"target": -180.54810757678, "params": {"k_pid_pos": [1.6075985408655125, 0.06699513054904743, 0.6812837363286744], "k_pid_alt": [1.5643284378074174, 0.0027617270672205766, 0.16352804458080886], "k_pid_att": [43.51132004104577, 0.2807757592352445, 0.7476503593518219], "k_pid_yaw": [0.5, 1e-06, 0.1], "k_pid_hsp": [0.48963926520472373, 0.044948367572428316, 0.0], "k_pid_vsp": [27.28181735019619, 134.41265154632168, 3.184923627830343]}, "datetime": {"datetime": "2025-08-21 12:33:26", "elapsed": 13723.340886116028, "delta": 16.174129486083984}, "costs": {"total_cost": 180.54810757678, "time_cost": 69.52, "final_distance_cost": 1.8280916571949355, "oscillation_cost": 33.09479647314748, "completition_cost": 0.0, "overshoot_cost": 49.831339028107415, "power_cost": 14.09063172607422, "noise_cost": 12.183248692255967, "n_waypoints_completed": 9, "tot_waypoints": 9}}
{"target": -175.5171678923529, "params": {"k_pid_pos": [1.9597222044158933, 0.2079593480541193, 0.7777442689420493], "k_pid_alt": [1.5464277060748015, 0.010048171400080552, 0.11282162839284304], "k_pid_att": [44.399334130349246, 0.12316912572744454, 0.7101432405992614], "k_pid_yaw": [0.5, 1e-06, 0.1], "k_pid_hsp": [0.44027403351553196, 0.04744568117640486, 0.0], "k_pid_vsp": [62.242101200946756, 173.49979794384407, 1.1040241282145364]}, "datetime": {"datetime": "2025-08-21 12:33:42", "elapsed": 13738.878556728363, "delta": 15.537670612335205}, "costs": {"total_cost": 175.5171678923529, "time_cost": 68.464, "final_distance_cost": 1.7930204701420027, "oscillation_cost": 32.60226121900331, "completition_cost": 0.0, "overshoot_cost": 49.93020035928096, "power_cost": 11.74656044921875, "noise_cost": 10.981125394707876, "n_waypoints_completed": 9, "tot_waypoints": 9}}
{"target": -174.58380604592014, "params": {"k_pid_pos": [1.859129324701015, 0.0, 0.37408282881916577], "k_pid_alt": [1.815893512311496, 0.006306501744438606, 0.12057889585871366], "k_pid_att": [40.31727976213802, 0.17488620042033043, 0.35568160395760806], "k_pid_yaw": [0.5, 1e-06, 0.1], "k_pid_hsp": [0.639070915721741, 0.014556901312519445, 0.0], "k_pid_vsp": [299.9802694932759, 227.34006158388013, 3.9588158654789907]}, "datetime": {"datetime": "2025-08-21 12:33:58", "elapsed": 13754.692434549332, "delta": 15.813877820968628}, "costs": {"total_cost": 174.58380604592014, "time_cost": 68.408, "final_distance_cost": 1.7989276203317337, "oscillation_cost": 32.351939601855605, "completition_cost": 0.0, "overshoot_cost": 50.120541156531026, "power_cost": 11.268249377441407, "noise_cost": 10.636148289760364, "n_waypoints_completed": 9, "tot_waypoints": 9}}
