{"target": -173.7965372068144, "params": {"k_pid_pos": [1.6712307771087087, 0.01564694086418711, 0.7013723345612979], "k_pid_alt": [1.692610240548782, 0.0028835026338121642, 0.012276385903746018], "k_pid_att": [11.498858925759384, 0.16331343982399923, 0.16072626408628501], "k_pid_yaw": [0.5, 1e-06, 0.1], "k_pid_hsp": [0.23200695440152588, 0.01831048573454412, 0.0], "k_pid_vsp": [265.4804643160598, 285.23207519399483, 0.9706645227563514]}, "datetime": {"datetime": "2025-08-21 17:09:50", "elapsed": 30306.764613866806, "delta": 16.30276846885681}, "costs": {"total_cost": 173.7965372068144, "time_cost": 69.232, "final_distance_cost": 1.8299098145329808, "oscillation_cost": 29.756538718922425, "completition_cost": 0.0, "overshoot_cost": 50.07409535261373, "power_cost": 11.846545971679689, "noise_cost": 11.057447349065582, "n_waypoints_completed": 9, "tot_waypoints": 9}}
{"target": -184.8938646192013, "params": {"k_pid_pos": [1.591029872481658, 0.018174071041814177, 0.6974438330131415], "k_pid_alt": [1.6359005453749405, 0.0034143248167383556, 0.016077247947705636], "k_pid_att": [12.672611348259899, 0.1961815463142064, 0.2567570981736234], "k_pid_yaw": [0.5, 1e-06, 0.1], "k_pid_hsp": [0.1635151433974612, 0.01567491629706734, 0.0], "k_pid_vsp": [298.7583264467663, 272.1310016597226, 1.6576438265467601]}, "datetime": {"datetime": "2025-08-21 17:10:07", "elapsed": 30323.888164758682, "delta": 17.12355089187622}, "costs": {"total_cost": 184.8938646192013, "time_cost": 70.83200000000001, "final_distance_cost": 1.8307937729149277, "oscillation_cost": 29.898984737976683, "completition_cost": 0.0, "overshoot_cost": 51.35388477486474, "power_cost": 16.996753747558593, "noise_cost": 13.981447585886363, "n_waypoints_completed": 9, "tot_waypoints": 9}}
{"target": -173.77751144575748, "params": {"k_pid_pos": [1.7593019505424872, 0.020715203869984305, 1.0], "k_pid_alt": [1.563148329455429, 0.0031059809228799317, 0.01177482388982559], "k_pid_att": [12.201141650437604, 0.2263062228109158, 0.21328283925129277], "k_pid_yaw": [0.5, 1e-06, 0.1], "k_pid_hsp": [0.1410246512427982, 0.02610849205519769, 0.0], "k_pid_vsp": [274.78589644250025, 267.5982708963397, 1.0784558675311324]}, "datetime": {"datetime": "2025-08-21 17:10:22", "elapsed": 30339.243915081024, "delta": 15.355750322341919}, "costs": {"total_cost": 173.77751144575748, "time_cost": 69.144, "final_distance_cost": 1.8407067506554566, "oscillation_cost": 29.243132262381508, "completition_cost": 0.0, "overshoot_cost": 49.95003912780342, "power_cost": 12.20178740234375, "noise_cost": 11.397845902573353, "n_waypoints_completed": 9, "tot_waypoints": 9}}
{"target": -183.96594934989744, "params": {"k_pid_pos": [1.0238783582521747, 0.010523743671582306, 0.7092715166249773], "k_pid_alt": [1.5705874212251905, 0.003480342817135227, 0.009732348732306901], "k_pid_att": [16.416225786449115, 0.1462508274443458, 0.21785817793962436], "k_pid_yaw": [0.5, 1e-06, 0.1], "k_pid_hsp": [0.19299773772789366, 0.027581230396632808, 0.0], "k_pid_vsp": [227.40612367273783, 316.37163484516077, 0.8379331154836192]}, "datetime": {"datetime": "2025-08-21 17:10:41", "elapsed": 30358.054285287857, "delta": 18.810370206832886}, "costs": {"total_cost": 183.96594934989744, "time_cost": 74.952, "final_distance_cost": 1.8529609199414463, "oscillation_cost": 28.180498631763154, "completition_cost": 0.0, "overshoot_cost": 50.22962255160971, "power_cost": 15.040672570800782, "noise_cost": 13.71019467578233, "n_waypoints_completed": 9, "tot_waypoints": 9}}
{"target": -180.5600968005352, "params": {"k_pid_pos": [2.0, 0.008715867283514402, 0.8539709847614976], "k_pid_alt": [1.8724203092416005, 0.0028502171278422337, 0.013079081219000574], "k_pid_att": [11.711162341789887, 0.19496361460992542, 0.1875240175299815], "k_pid_yaw": [0.5, 1e-06, 0.1], "k_pid_hsp": [0.20958384178679715, 0.0237375632159875, 0.0], "k_pid_vsp": [198.66276062565535, 224.13382412161488, 1.6408309638700758]}, "datetime": {"datetime": "2025-08-21 17:10:58", "elapsed": 30374.851470708847, "delta": 16.79718542098999}, "costs": {"total_cost": 180.5600968005352, "time_cost": 70.032, "final_distance_cost": 1.8339766787078644, "oscillation_cost": 29.701493975194243, "completition_cost": 0.0, "overshoot_cost": 51.15188600762013, "power_cost": 15.132096728515625, "noise_cost": 12.708643410497368, "n_waypoints_completed": 9, "tot_waypoints": 9}}
{"target": -171.09314233380115, "params": {"k_pid_pos": [1.8493003400961898, 0.015699560784037583, 0.7189589380034894], "k_pid_alt": [1.816796537306488, 0.0032873571694560892, 0.011782598667965364], "k_pid_att": [13.439926774264164, 0.21435448214271066, 0.3229332769605244], "k_pid_yaw": [0.5, 1e-06, 0.1], "k_pid_hsp": [0.19506044310541792, 0.01621952573170811, 0.0], "k_pid_vsp": [182.67962211243267, 256.0485258527155, 1.137641736069123]}, "datetime": {"datetime": "2025-08-21 17:11:14", "elapsed": 30390.655206918716, "delta": 15.803736209869385}, "costs": {"total_cost": 171.09314233380115, "time_cost": 68.488, "final_distance_cost": 1.8320274175500626, "oscillation_cost": 30.486379700640118, "completition_cost": 0.0, "overshoot_cost": 49.677511714961796, "power_cost": 10.458751586914063, "noise_cost": 10.150471913735132, "n_waypoints_completed": 9, "tot_waypoints": 9}}
{"target": -170.42981140153407, "params": {"k_pid_pos": [2.0, 0.010001235962626268, 1.0], "k_pid_alt": [1.8864336691060444, 0.00403354386380612, 0.013244752853169417], "k_pid_att": [9.308050004568438, 0.14086562754125223, 0.25422686845973214], "k_pid_yaw": [0.5, 1e-06, 0.1], "k_pid_hsp": [0.2986030815742221, 0.02246880572948774, 0.0], "k_pid_vsp": [281.8285018817458, 284.95716148446985, 1.5011205519136892]}, "datetime": {"datetime": "2025-08-21 17:11:31", "elapsed": 30407.517449855804, "delta": 16.862242937088013}, "costs": {"total_cost": 170.42981140153407, "time_cost": 69.016, "final_distance_cost": 1.8444500863631725, "oscillation_cost": 30.286600174759442, "completition_cost": 0.0, "overshoot_cost": 49.56839333690797, "power_cost": 9.80376043701172, "noise_cost": 9.910607366491753, "n_waypoints_completed": 9, "tot_waypoints": 9}}
{"target": -173.98677319668326, "params": {"k_pid_pos": [2.0, 0.011179137814046185, 1.0], "k_pid_alt": [1.2828720939773872, 0.00440738446508541, 0.01155808174057328], "k_pid_att": [9.187028939346645, 0.1472635163537601, 0.3291248194142373], "k_pid_yaw": [0.5, 1e-06, 0.1], "k_pid_hsp": [0.2284367889235351, 0.021306960229122974, 0.0], "k_pid_vsp": [271.8783080053093, 192.51206401398994, 0.5989163300403034]}, "datetime": {"datetime": "2025-08-21 17:11:46", "elapsed": 30423.14249444008, "delta": 15.625044584274292}, "costs": {"total_cost": 173.98677319668326, "time_cost": 69.056, "final_distance_cost": 1.8449439242367496, "oscillation_cost": 30.44599113164903, "completition_cost": 0.0, "overshoot_cost": 49.852276649372605, "power_cost": 11.80138436279297, "noise_cost": 10.986177128631898, "n_waypoints_completed": 9, "tot_waypoints": 9}}
{"target": -172.4514439716468, "params": {"k_pid_pos": [1.7399967814682196, 0.01155357066437148, 0.8217469819639072], "k_pid_alt": [2.0, 0.0037146433429508085, 0.014290757390974476], "k_pid_att": [11.792329034133155, 0.1559012836121352, 0.33208456676764536], "k_pid_yaw": [0.5, 1e-06, 0.1], "k_pid_hsp": [0.20877301873789045, 0.016602362966701593, 0.0], "k_pid_vsp": [285.3803157069396, 326.9578785000347, 0.8809342877039059]}, "datetime": {"datetime": "2025-08-21 17:12:04", "elapsed": 30441.182823896408, "delta": 18.040329456329346}, "costs": {"total_cost": 172.4514439716468, "time_cost": 69.57600000000001, "final_distance_cost": 1.839005677345614, "oscillation_cost": 28.73380789314724, "completition_cost": 0.0, "overshoot_cost": 49.947683401975084, "power_cost": 11.471723120117188, "noise_cost": 10.883223879061651, "n_waypoints_completed": 9, "tot_waypoints": 9}}
{"target": -181.9226017198501, "params": {"k_pid_pos": [1.0933104882448799, 0.012596505845227058, 1.0], "k_pid_alt": [1.6383116518556056, 0.00213294260843384, 0.01307351065711096], "k_pid_att": [15.041652618873826, 0.0865697367059527, 0.2753674063829052], "k_pid_yaw": [0.5, 1e-06, 0.1], "k_pid_hsp": [0.27747656206704957, 0.019410219915819746, 0.0], "k_pid_vsp": [289.62596555438245, 287.5029848193587, 1.1165048829951731]}, "datetime": {"datetime": "2025-08-21 17:12:22", "elapsed": 30459.269221782684, "delta": 18.086397886276245}, "costs": {"total_cost": 181.9226017198501, "time_cost": 77.64, "final_distance_cost": 1.8552790241961248, "oscillation_cost": 27.231184878730907, "completition_cost": 0.0, "overshoot_cost": 50.54423798573389, "power_cost": 12.21950955810547, "noise_cost": 12.432390273083675, "n_waypoints_completed": 9, "tot_waypoints": 9}}
{"target": -172.79185884955214, "params": {"k_pid_pos": [2.0, 0.018249479995969348, 0.7390476436379285], "k_pid_alt": [1.4092852866929133, 0.002522143292389173, 0.013308324858340085], "k_pid_att": [15.2318216166491, 0.17081347419493584, 0.3584509398610191], "k_pid_yaw": [0.5, 1e-06, 0.1], "k_pid_hsp": [0.21093771211531612, 0.025973190742455066, 0.0], "k_pid_vsp": [244.13419825472025, 339.03842063434786, 0.8506938097611974]}, "datetime": {"datetime": "2025-08-21 17:12:39", "elapsed": 30475.634885787964, "delta": 16.36566400527954}, "costs": {"total_cost": 172.79185884955214, "time_cost": 68.408, "final_distance_cost": 1.8072161517042873, "oscillation_cost": 31.242642424557435, "completition_cost": 0.0, "overshoot_cost": 49.926565194144445, "power_cost": 10.969103466796875, "noise_cost": 10.438331612349106, "n_waypoints_completed": 9, "tot_waypoints": 9}}
{"target": -172.90409480397543, "params": {"k_pid_pos": [1.9434584830716979, 0.008376723630424335, 0.9829197741080532], "k_pid_alt": [2.0, 0.00210493302513071, 0.013333212599140325], "k_pid_att": [10.782529880594367, 0.22081086928394597, 0.30333662322849647], "k_pid_yaw": [0.5, 1e-06, 0.1], "k_pid_hsp": [0.19246981383614767, 0.029979291698336807, 0.0], "k_pid_vsp": [223.83799028435814, 294.16342119969323, 1.2663214008638544]}, "datetime": {"datetime": "2025-08-21 17:12:56", "elapsed": 30492.56587576866, "delta": 16.930989980697632}, "costs": {"total_cost": 172.90409480397543, "time_cost": 69.152, "final_distance_cost": 1.8359364389671107, "oscillation_cost": 30.079101360164344, "completition_cost": 0.0, "overshoot_cost": 49.34103513649946, "power_cost": 11.467600439453125, "noise_cost": 11.028421428891388, "n_waypoints_completed": 9, "tot_waypoints": 9}}
{"target": -179.8760472266087, "params": {"k_pid_pos": [2.0, 0.017497421967322447, 1.0], "k_pid_alt": [1.974933700421162, 0.002742585455736179, 0.009208664795896071], "k_pid_att": [13.520956863830401, 0.1428544984272889, 0.2832275248032068], "k_pid_yaw": [0.5, 1e-06, 0.1], "k_pid_hsp": [0.14483835471842163, 0.01850060158177327, 0.0], "k_pid_vsp": [292.05706581628573, 254.3853868286209, 1.3031425474158296]}, "datetime": {"datetime": "2025-08-21 17:13:11", "elapsed": 30508.447382688522, "delta": 15.88150691986084}, "costs": {"total_cost": 179.8760472266087, "time_cost": 69.70400000000001, "final_distance_cost": 1.8369402018094036, "oscillation_cost": 29.436327599554588, "completition_cost": 0.0, "overshoot_cost": 50.26825050782369, "power_cost": 15.502453649902344, "noise_cost": 13.128075267518675, "n_waypoints_completed": 9, "tot_waypoints": 9}}
{"target": -178.56805759291186, "params": {"k_pid_pos": [1.8125128179751966, 0.014352127951624953, 1.0], "k_pid_alt": [2.0, 0.0030278978296232255, 0.008856247274727029], "k_pid_att": [9.488359791677581, 0.178293731780789, 0.2807235908137531], "k_pid_yaw": [0.5, 1e-06, 0.1], "k_pid_hsp": [0.18107748782216546, 0.019256028762069152, 0.0], "k_pid_vsp": [344.08542323692785, 304.91934287467376, 0.7740524975799263]}, "datetime": {"datetime": "2025-08-21 17:13:30", "elapsed": 30526.915431022644, "delta": 18.468048334121704}, "costs": {"total_cost": 178.56805759291186, "time_cost": 69.824, "final_distance_cost": 1.848453090643288, "oscillation_cost": 29.705398738707608, "completition_cost": 0.0, "overshoot_cost": 51.03321705281193, "power_cost": 13.780750329589845, "noise_cost": 12.376238381159203, "n_waypoints_completed": 9, "tot_waypoints": 9}}
{"target": -174.40358307392304, "params": {"k_pid_pos": [2.0, 0.01242278663377814, 0.8849008100615182], "k_pid_alt": [2.0, 0.0029359460850334994, 0.014318381145266559], "k_pid_att": [8.54637311887922, 0.1946656423941758, 0.273782342740068], "k_pid_yaw": [0.5, 1e-06, 0.1], "k_pid_hsp": [0.19860487539943583, 0.02356430687125052, 0.0], "k_pid_vsp": [297.73446645264045, 232.03166455575388, 0.8687927664205618]}, "datetime": {"datetime": "2025-08-21 17:13:46", "elapsed": 30542.537284374237, "delta": 15.621853351593018}, "costs": {"total_cost": 174.40358307392304, "time_cost": 69.312, "final_distance_cost": 1.84629008012665, "oscillation_cost": 29.823008461120953, "completition_cost": 0.0, "overshoot_cost": 49.77760141560877, "power_cost": 12.206574548339844, "noise_cost": 11.438108568726852, "n_waypoints_completed": 9, "tot_waypoints": 9}}
{"target": -173.82473944091166, "params": {"k_pid_pos": [1.5007747445094297, 0.011383018708027846, 1.0], "k_pid_alt": [2.0, 0.003838482381751409, 0.013538888919391942], "k_pid_att": [6.988428920948356, 0.152534168598511, 0.24106967754111086], "k_pid_yaw": [0.5, 1e-06, 0.1], "k_pid_hsp": [0.21108469057092638, 0.02480501249549924, 0.0], "k_pid_vsp": [247.32717535472486, 235.2683581880755, 1.1165532331475292]}, "datetime": {"datetime": "2025-08-21 17:14:03", "elapsed": 30559.992344141006, "delta": 17.45505976676941}, "costs": {"total_cost": 173.82473944091166, "time_cost": 70.464, "final_distance_cost": 1.8435039074907869, "oscillation_cost": 28.165699554963492, "completition_cost": 0.0, "overshoot_cost": 50.19434842141435, "power_cost": 11.821113098144531, "noise_cost": 11.336074458898505, "n_waypoints_completed": 9, "tot_waypoints": 9}}
{"target": -188.107579837241, "params": {"k_pid_pos": [2.0, 0.011640951448293073, 0.900097910282499], "k_pid_alt": [2.0, 0.0037957048363062543, 0.013192830930053112], "k_pid_att": [9.640697403383573, 0.1628427813714503, 0.2901587964738833], "k_pid_yaw": [0.5, 1e-06, 0.1], "k_pid_hsp": [0.20884326139971718, 0.01845851085956798, 0.0], "k_pid_vsp": [320.3491722477457, 262.11075160352635, 0.8662075890513931]}, "datetime": {"datetime": "2025-08-21 17:14:19", "elapsed": 30576.361649751663, "delta": 16.36930561065674}, "costs": {"total_cost": 188.107579837241, "time_cost": 71.056, "final_distance_cost": 1.8402108404543374, "oscillation_cost": 32.438156597860065, "completition_cost": 0.0, "overshoot_cost": 51.65618634809298, "power_cost": 17.03590935058594, "noise_cost": 14.081116700247703, "n_waypoints_completed": 9, "tot_waypoints": 9}}
{"target": -174.30184302811486, "params": {"k_pid_pos": [1.3467090595763997, 0.00948002231899439, 0.914116618101072], "k_pid_alt": [1.546134469886475, 0.003496588022164706, 0.010363109553986755], "k_pid_att": [9.586301729092378, 0.046426878909641055, 0.2801748903325474], "k_pid_yaw": [0.5, 1e-06, 0.1], "k_pid_hsp": [0.20689055794551323, 0.024655214231693423, 0.0], "k_pid_vsp": [273.4593727519121, 268.46356717568375, 1.4316508669542143]}, "datetime": {"datetime": "2025-08-21 17:14:37", "elapsed": 30594.05755853653, "delta": 17.695908784866333}, "costs": {"total_cost": 174.30184302811486, "time_cost": 71.072, "final_distance_cost": 1.8474912154362757, "oscillation_cost": 27.630274095739793, "completition_cost": 0.0, "overshoot_cost": 49.5297937729813, "power_cost": 12.25756492919922, "noise_cost": 11.964719014758272, "n_waypoints_completed": 9, "tot_waypoints": 9}}
{"target": -181.00604856531533, "params": {"k_pid_pos": [2.0, 0.014689225735901526, 1.0], "k_pid_alt": [2.0, 0.002879026248078453, 0.012816331378074884], "k_pid_att": [10.13647605292456, 0.21525593899509374, 0.2824348902413841], "k_pid_yaw": [0.5, 1e-06, 0.1], "k_pid_hsp": [0.18412580824905853, 0.025020837591891176, 0.0], "k_pid_vsp": [346.6949309204356, 257.37753612232933, 0.8626748051757073]}, "datetime": {"datetime": "2025-08-21 17:14:54", "elapsed": 30611.143853902817, "delta": 17.08629536628723}, "costs": {"total_cost": 181.00604856531533, "time_cost": 70.056, "final_distance_cost": 1.8387543480751056, "oscillation_cost": 29.662737270334972, "completition_cost": 0.0, "overshoot_cost": 50.99373026192595, "power_cost": 15.380638012695313, "noise_cost": 13.074188672284002, "n_waypoints_completed": 9, "tot_waypoints": 9}}
{"target": -182.60865966579144, "params": {"k_pid_pos": [1.355106280781427, 0.015472230301918998, 0.7572888764073046], "k_pid_alt": [2.0, 0.002873035774094654, 0.00852668546583322], "k_pid_att": [13.936556742216501, 0.12073398056659951, 0.28376848246501557], "k_pid_yaw": [0.5, 1e-06, 0.1], "k_pid_hsp": [0.22212671471520026, 0.021670357208086608, 0.0], "k_pid_vsp": [361.63049413603477, 276.4141402233249, 1.382149886223279]}, "datetime": {"datetime": "2025-08-21 17:15:11", "elapsed": 30627.48788332939, "delta": 16.344029426574707}, "costs": {"total_cost": 182.60865966579144, "time_cost": 71.872, "final_distance_cost": 1.8484904810839697, "oscillation_cost": 28.45815785814869, "completition_cost": 0.0, "overshoot_cost": 50.812750076973934, "power_cost": 15.925055957031251, "noise_cost": 13.692205292553588, "n_waypoints_completed": 9, "tot_waypoints": 9}}
{"target": -179.00777298046464, "params": {"k_pid_pos": [1.7369894286762169, 0.017667196919553315, 0.73280728205594], "k_pid_alt": [1.3037422839142385, 0.0037855915883320906, 0.013929982909734054], "k_pid_att": [15.972592358485182, 0.17529542539290865, 0.2922762076543608], "k_pid_yaw": [0.5, 1e-06, 0.1], "k_pid_hsp": [0.17133535496816657, 0.019314936114433467, 0.0], "k_pid_vsp": [268.8876199271943, 163.59924058185328, 0.8094796075954763]}, "datetime": {"datetime": "2025-08-21 17:15:28", "elapsed": 30644.62806892395, "delta": 17.140185594558716}, "costs": {"total_cost": 179.00777298046464, "time_cost": 70.128, "final_distance_cost": 1.840038944603498, "oscillation_cost": 28.889404014246875, "completition_cost": 0.0, "overshoot_cost": 50.250911823579926, "power_cost": 15.001808154296876, "noise_cost": 12.897610043737476, "n_waypoints_completed": 9, "tot_waypoints": 9}}
{"target": -169.50490070295592, "params": {"k_pid_pos": [2.0, 0.017739814653007325, 0.8817002223437441], "k_pid_alt": [1.7661494356645715, 0.0028661976216631407, 0.012243447115451653], "k_pid_att": [12.143565186280247, 0.07617053728840383, 0.1975426215658388], "k_pid_yaw": [0.5, 1e-06, 0.1], "k_pid_hsp": [0.1607820174596494, 0.016783771473196065, 0.0], "k_pid_vsp": [271.50460850996683, 286.5087947876827, 1.474648288723157]}, "datetime": {"datetime": "2025-08-21 17:15:43", "elapsed": 30659.864805936813, "delta": 15.23673701286316}, "costs": {"total_cost": 169.50490070295592, "time_cost": 68.544, "final_distance_cost": 1.826466454163631, "oscillation_cost": 30.193935585141492, "completition_cost": 0.0, "overshoot_cost": 49.5047963465766, "power_cost": 9.622003381347657, "noise_cost": 9.813698935726547, "n_waypoints_completed": 9, "tot_waypoints": 9}}
{"target": -172.47705386490222, "params": {"k_pid_pos": [1.5257799298249435, 0.006318911036644234, 1.0], "k_pid_alt": [1.7344763052303056, 0.0036791277572671512, 0.012055559947369251], "k_pid_att": [14.322490297580485, 0.1836462347917492, 0.26104319230426903], "k_pid_yaw": [0.5, 1e-06, 0.1], "k_pid_hsp": [0.17089611783382574, 0.027968694819070897, 0.0], "k_pid_vsp": [230.63620039553507, 200.9821708791626, 1.7166849955815229]}, "datetime": {"datetime": "2025-08-21 17:16:00", "elapsed": 30677.16196012497, "delta": 17.297154188156128}, "costs": {"total_cost": 172.47705386490222, "time_cost": 70.136, "final_distance_cost": 1.8539305734061864, "oscillation_cost": 27.839846572479427, "completition_cost": 0.0, "overshoot_cost": 49.444580107891234, "power_cost": 11.713062475585938, "noise_cost": 11.489634135539438, "n_waypoints_completed": 9, "tot_waypoints": 9}}
{"target": -185.9046942015199, "params": {"k_pid_pos": [2.0, 0.004743287570087752, 1.0], "k_pid_alt": [1.863870454975124, 0.003347035486784325, 0.011667719297118592], "k_pid_att": [13.47053795587828, 0.15691195328217283, 0.2965923192248152], "k_pid_yaw": [0.5, 1e-06, 0.1], "k_pid_hsp": [0.19517746871463912, 0.018461799711200575, 0.0], "k_pid_vsp": [241.7322148926172, 256.06383629223495, 1.3743292969823575]}, "datetime": {"datetime": "2025-08-21 17:16:16", "elapsed": 30693.34292268753, "delta": 16.180962562561035}, "costs": {"total_cost": 185.9046942015199, "time_cost": 70.928, "final_distance_cost": 1.843928380030741, "oscillation_cost": 30.81689469679712, "completition_cost": 0.0, "overshoot_cost": 51.303576106628974, "power_cost": 17.04223435058594, "noise_cost": 13.970060667477135, "n_waypoints_completed": 9, "tot_waypoints": 9}}
{"target": -174.36735453027114, "params": {"k_pid_pos": [2.0, 0.013503385390130851, 0.7375316696932094], "k_pid_alt": [1.596734007236364, 0.0021215248171543755, 0.01043714039097606], "k_pid_att": [13.417701367160708, 0.18986441887404784, 0.24847172993845512], "k_pid_yaw": [0.5, 1e-06, 0.1], "k_pid_hsp": [0.18680585789745577, 0.029528331277258037, 0.0], "k_pid_vsp": [260.08617973289137, 323.70238265000677, 0.9863981500460977]}, "datetime": {"datetime": "2025-08-21 17:16:33", "elapsed": 30710.058506011963, "delta": 16.715583324432373}, "costs": {"total_cost": 174.36735453027114, "time_cost": 68.56, "final_distance_cost": 1.8347156647107181, "oscillation_cost": 31.180291082720675, "completition_cost": 0.0, "overshoot_cost": 49.643497888541525, "power_cost": 12.120696044921875, "noise_cost": 11.028153849376338, "n_waypoints_completed": 9, "tot_waypoints": 9}}
