{"target": -192.17420558723657, "params": {"k_pid_pos": [2.0, 0.005833428790755435, 1.0], "k_pid_alt": [1.6723932896565088, 0.010291558975407756, 0.02781385167855326], "k_pid_att": [56.02164920941161, 1.5532654139443194, 1.0], "k_pid_yaw": [0.5, 1e-06, 0.1], "k_pid_hsp": [2.5028662648587905, 0.5418297334858927, 0.0], "k_pid_vsp": [381.3504469192969, 252.3370135253193, 4.780134490343304]}, "datetime": {"datetime": "2025-08-21 10:13:09", "elapsed": 5305.768111944199, "delta": 21.834447622299194}, "costs": {"total_cost": 192.17420558723657, "time_cost": 71.944, "final_distance_cost": 1.8522198464096824, "oscillation_cost": 37.731840415551844, "completition_cost": 0.0, "overshoot_cost": 51.86112797966601, "power_cost": 15.375564672851564, "noise_cost": 13.40945267275746, "n_waypoints_completed": 9, "tot_waypoints": 9}}
{"target": -958.5103773278445, "params": {"k_pid_pos": [0.25061756357966036, 0.0, 1.0], "k_pid_alt": [1.79169996509622, 0.0, 0.0], "k_pid_att": [17.897736802592565, 2.3255652232939377, 1.0], "k_pid_yaw": [0.5, 1e-06, 0.1], "k_pid_hsp": [2.7066850963153133, 0.3537323534572012, 0.0], "k_pid_vsp": [256.87687916326513, 352.27930298571096, 1.7925386890130568]}, "datetime": {"datetime": "2025-08-21 10:13:35", "elapsed": 5331.65243935585, "delta": 25.88432741165161}, "costs": {"total_cost": 958.5103773278445, "time_cost": 150, "final_distance_cost": 52.824000086482506, "oscillation_cost": 9.817209863232682, "completition_cost": 666.6666666666667, "overshoot_cost": 48.84502405736936, "power_cost": 16.101159765625003, "noise_cost": 14.256316888468268, "n_waypoints_completed": 3, "tot_waypoints": 9}}
{"target": -198.1676572122776, "params": {"k_pid_pos": [0.7342184842770183, 0.4394536363656509, 0.5496234677946702], "k_pid_alt": [2.0, 0.021400938381843534, 0.10750248477671209], "k_pid_att": [66.36701105803617, 2.001410407781021, 0.2642397332548662], "k_pid_yaw": [0.5, 1e-06, 0.1], "k_pid_hsp": [3.8850455227069696, 0.13056168339510757, 0.0], "k_pid_vsp": [305.20104273187684, 152.7911813952875, 11.090518640628561]}, "datetime": {"datetime": "2025-08-21 10:14:01", "elapsed": 5357.466051340103, "delta": 25.81361198425293}, "costs": {"total_cost": 198.1676572122776, "time_cost": 79.368, "final_distance_cost": 1.80698139098152, "oscillation_cost": 45.50405612515879, "completition_cost": 0.0, "overshoot_cost": 51.38786074125378, "power_cost": 10.23486531982422, "noise_cost": 9.865893635059269, "n_waypoints_completed": 9, "tot_waypoints": 9}}
{"target": -179.12776262548417, "params": {"k_pid_pos": [1.9480083145319351, 0.0, 0.9054774437489913], "k_pid_alt": [1.5275307866509242, 0.020456270009144628, 0.037699633797716986], "k_pid_att": [42.780109259553534, 0.7345114031273478, 0.8550281911178614], "k_pid_yaw": [0.5, 1e-06, 0.1], "k_pid_hsp": [1.1328515460302717, 0.08715107320352257, 0.0], "k_pid_vsp": [326.4759265562753, 88.61977208480134, 4.025230896094585]}, "datetime": {"datetime": "2025-08-21 10:14:23", "elapsed": 5379.816287279129, "delta": 22.35023593902588}, "costs": {"total_cost": 179.12776262548417, "time_cost": 69.848, "final_distance_cost": 1.8446593640872728, "oscillation_cost": 32.62469184019915, "completition_cost": 0.0, "overshoot_cost": 50.77614740902325, "power_cost": 12.391717443847657, "noise_cost": 11.642546568326816, "n_waypoints_completed": 9, "tot_waypoints": 9}}
{"target": -1128.4832448754553, "params": {"k_pid_pos": [1.9639851986727566, 0.7752320271607521, 0.7322354040492556], "k_pid_alt": [0.0, 0.019040520848922302, 0.11252753538927818], "k_pid_att": [73.32581573310368, 2.4340741088644684, 0.7856693597108867], "k_pid_yaw": [0.5, 1e-06, 0.1], "k_pid_hsp": [0.6063687836729289, 0.3774126721335429, 0.0], "k_pid_vsp": [172.25497324319284, 209.6126936552838, 4.869706549385843]}, "datetime": {"datetime": "2025-08-21 10:14:50", "elapsed": 5406.8062427043915, "delta": 26.98995542526245}, "costs": {"total_cost": 1128.4832448754553, "time_cost": 150, "final_distance_cost": 84.99032514735103, "oscillation_cost": 27.277237083487414, "completition_cost": 777.7777777777778, "overshoot_cost": 58.66281276753842, "power_cost": 14.6689560546875, "noise_cost": 15.106136044613187, "n_waypoints_completed": 2, "tot_waypoints": 9}}
{"target": -1137.5568336934498, "params": {"k_pid_pos": [0.00015865145434331337, 0.21877638832302546, 1.0], "k_pid_alt": [1.0027780544306646, 0.0027719444756342197, 0.02362133927228779], "k_pid_att": [26.173215118857296, 1.482117040957318, 0.8633974988952068], "k_pid_yaw": [0.5, 1e-06, 0.1], "k_pid_hsp": [3.4169820513669698, 0.5661521818327492, 0.0], "k_pid_vsp": [210.32155193336789, 400.0, 8.643620199963923]}, "datetime": {"datetime": "2025-08-21 10:15:16", "elapsed": 5433.4470636844635, "delta": 26.64082098007202}, "costs": {"total_cost": 1137.5568336934498, "time_cost": 150, "final_distance_cost": 77.91712838757549, "oscillation_cost": 17.16746651625872, "completition_cost": 777.7777777777778, "overshoot_cost": 84.6803910044271, "power_cost": 16.42344071044922, "noise_cost": 13.590629296961344, "n_waypoints_completed": 2, "tot_waypoints": 9}}
{"target": -196.23730101167024, "params": {"k_pid_pos": [2.0, 0.0, 0.0], "k_pid_alt": [1.5141906871680628, 0.00806341572673719, 0.07031864120021315], "k_pid_att": [75.32768498854284, 1.7797985431059484, 0.16913851042266048], "k_pid_yaw": [0.5, 1e-06, 0.1], "k_pid_hsp": [4.44096715029545, 0.3901360089498877, 0.0], "k_pid_vsp": [182.56996055770685, 262.1156260453291, 6.902570891166129]}, "datetime": {"datetime": "2025-08-21 10:15:37", "elapsed": 5454.408788204193, "delta": 20.961724519729614}, "costs": {"total_cost": 196.23730101167024, "time_cost": 69.256, "final_distance_cost": 1.7826173725548706, "oscillation_cost": 50.23970487881472, "completition_cost": 0.0, "overshoot_cost": 50.376030486158825, "power_cost": 13.029715966796875, "noise_cost": 11.553232307344919, "n_waypoints_completed": 9, "tot_waypoints": 9}}
{"target": -197.6357058757099, "params": {"k_pid_pos": [0.732797493685729, 0.2587396043528935, 0.7457709228549928], "k_pid_alt": [1.210507480804174, 0.0, 0.052392625144922385], "k_pid_att": [70.93455598544746, 1.5620574997415566, 1.0], "k_pid_yaw": [0.5, 1e-06, 0.1], "k_pid_hsp": [2.057719262942707, 0.341179610223084, 0.0], "k_pid_vsp": [102.18660870575737, 338.64857924701556, 2.9955260135548016]}, "datetime": {"datetime": "2025-08-21 10:15:59", "elapsed": 5475.6050045490265, "delta": 21.196216344833374}, "costs": {"total_cost": 197.6357058757099, "time_cost": 83.12, "final_distance_cost": 1.8233452387940818, "oscillation_cost": 34.34064447771428, "completition_cost": 0.0, "overshoot_cost": 50.656745418151196, "power_cost": 14.122075, "noise_cost": 13.572895741050361, "n_waypoints_completed": 9, "tot_waypoints": 9}}
{"target": -204.64001063923337, "params": {"k_pid_pos": [1.8045232267488676, 0.1582977405736833, 0.40026185487792554], "k_pid_alt": [1.5056915660567212, 0.0005333656365836065, 0.12265421884294876], "k_pid_att": [37.6545489273654, 0.6951457118330948, 0.5782448919453714], "k_pid_yaw": [0.5, 1e-06, 0.1], "k_pid_hsp": [1.8228583427783083, 0.4094695800027213, 0.0], "k_pid_vsp": [119.14788254940527, 258.10487427364956, 5.4239936665728505]}, "datetime": {"datetime": "2025-08-21 10:16:20", "elapsed": 5497.05819606781, "delta": 21.45319151878357}, "costs": {"total_cost": 204.64001063923337, "time_cost": 74.648, "final_distance_cost": 1.784236305833387, "oscillation_cost": 40.70456005837686, "completition_cost": 0.0, "overshoot_cost": 53.764481795331484, "power_cost": 18.852885998535157, "noise_cost": 14.885846481156465, "n_waypoints_completed": 9, "tot_waypoints": 9}}
{"target": -230.2772205247036, "params": {"k_pid_pos": [0.4303401453061204, 0.2544227561526659, 0.6410322857861678], "k_pid_alt": [1.798951055483311, 0.01909687066449266, 0.0494447029062853], "k_pid_att": [37.162920723417876, 2.8674704634596373, 0.5719483331773302], "k_pid_yaw": [0.5, 1e-06, 0.1], "k_pid_hsp": [1.694086681071968, 0.31192191824524684, 0.0], "k_pid_vsp": [9.800227152525926, 171.56442434068916, 13.118595534036574]}, "datetime": {"datetime": "2025-08-21 10:16:49", "elapsed": 5525.878921747208, "delta": 28.820725679397583}, "costs": {"total_cost": 230.2772205247036, "time_cost": 89.944, "final_distance_cost": 1.8313762780547225, "oscillation_cost": 57.587900682745065, "completition_cost": 0.0, "overshoot_cost": 56.12853243668481, "power_cost": 12.6537578125, "noise_cost": 12.131653314719008, "n_waypoints_completed": 9, "tot_waypoints": 9}}
{"target": -179.87033621493262, "params": {"k_pid_pos": [2.0, 0.21735637299962787, 0.5689786997477123], "k_pid_alt": [1.6274414631937457, 0.01727931988325608, 0.0], "k_pid_att": [34.944510850514085, 0.0001, 0.9047740829865617], "k_pid_yaw": [0.5, 1e-06, 0.1], "k_pid_hsp": [2.8494712699676854, 0.4131277060634508, 0.0], "k_pid_vsp": [239.2563084823311, 290.49197570383694, 5.601297190414488]}, "datetime": {"datetime": "2025-08-21 10:17:07", "elapsed": 5544.16313123703, "delta": 18.284209489822388}, "costs": {"total_cost": 179.87033621493262, "time_cost": 68.264, "final_distance_cost": 1.7777051992673685, "oscillation_cost": 40.895406590237926, "completition_cost": 0.0, "overshoot_cost": 49.697470891859034, "power_cost": 9.472792028808595, "noise_cost": 9.762961504759712, "n_waypoints_completed": 9, "tot_waypoints": 9}}
{"target": -218.97348010299257, "params": {"k_pid_pos": [0.5075766627937385, 0.0, 0.25299341637850165], "k_pid_alt": [1.229868742720444, 0.003093479128747245, 0.029302169378720933], "k_pid_att": [31.386623888773926, 0.8748284865404358, 0.5437090422676215], "k_pid_yaw": [0.5, 1e-06, 0.1], "k_pid_hsp": [0.1988225383694188, 0.2988377309562711, 0.0], "k_pid_vsp": [253.12622065842962, 400.0, 5.508694085258862]}, "datetime": {"datetime": "2025-08-21 10:17:29", "elapsed": 5565.764003992081, "delta": 21.60087275505066}, "costs": {"total_cost": 218.97348010299257, "time_cost": 86.72, "final_distance_cost": 1.8563666159382488, "oscillation_cost": 45.43611991754538, "completition_cost": 0.0, "overshoot_cost": 51.86167488716695, "power_cost": 16.808361474609377, "noise_cost": 16.29095720773261, "n_waypoints_completed": 9, "tot_waypoints": 9}}
{"target": -224.0616910498178, "params": {"k_pid_pos": [0.5335577013496468, 0.0, 0.533864015460569], "k_pid_alt": [0.8958090956944228, 0.010879195533766229, 0.04295723815691358], "k_pid_att": [61.847102823235, 0.06439604114669766, 0.08611111861026634], "k_pid_yaw": [0.5, 1e-06, 0.1], "k_pid_hsp": [1.883882717088482, 0.3016902419746744, 0.0], "k_pid_vsp": [167.81312540339846, 281.36946133509247, 0.7135133019549889]}, "datetime": {"datetime": "2025-08-21 10:17:57", "elapsed": 5594.398879289627, "delta": 28.634875297546387}, "costs": {"total_cost": 224.0616910498178, "time_cost": 95.08, "final_distance_cost": 1.8581812103256552, "oscillation_cost": 48.1700794085265, "completition_cost": 0.0, "overshoot_cost": 52.91566158640976, "power_cost": 11.678980383300782, "noise_cost": 14.358788461255134, "n_waypoints_completed": 9, "tot_waypoints": 9}}
{"target": -2568.24410760192, "params": {"k_pid_pos": [0.6329227944506904, 0.0, 0.9254357592892798], "k_pid_alt": [0.8366555841487923, 0.01663582716420272, 0.15016251190514904], "k_pid_att": [0.0, 0.12226597177320501, 0.506161152394628], "k_pid_yaw": [0.5, 1e-06, 0.1], "k_pid_hsp": [1.5392161930917023, 0.12735133556876668, 0.0], "k_pid_vsp": [253.53812334878378, 28.58342787621626, 9.06180071482212]}, "datetime": {"datetime": "2025-08-21 10:18:23", "elapsed": 5620.015932798386, "delta": 25.617053508758545}, "costs": {"total_cost": 2568.24410760192, "time_cost": 150, "final_distance_cost": 580.1491661095189, "oscillation_cost": 192.45697529110618, "completition_cost": 777.7777777777778, "overshoot_cost": 769.9869987800184, "power_cost": 31.396148046875002, "noise_cost": 66.47704159662351, "n_waypoints_completed": 2, "tot_waypoints": 9}}
{"target": -995.1899641354048, "params": {"k_pid_pos": [2.0, 0.0, 0.5432902425529947], "k_pid_alt": [0.0, 0.024159466427949413, 0.06017888918845601], "k_pid_att": [42.68461195402072, 0.2998245830029855, 1.0], "k_pid_yaw": [0.5, 1e-06, 0.1], "k_pid_hsp": [2.9391020907350414, 0.0, 0.0], "k_pid_vsp": [187.26654984431852, 400.0, 9.31498242594539]}, "datetime": {"datetime": "2025-08-21 10:18:52", "elapsed": 5649.248024940491, "delta": 29.232092142105103}, "costs": {"total_cost": 995.1899641354048, "time_cost": 150, "final_distance_cost": 64.7445876335084, "oscillation_cost": 22.507732000001592, "completition_cost": 666.6666666666667, "overshoot_cost": 68.6206341819359, "power_cost": 10.368641613769531, "noise_cost": 12.281702039522655, "n_waypoints_completed": 3, "tot_waypoints": 9}}
{"target": -204.9192471533287, "params": {"k_pid_pos": [0.7506662368550253, 0.011121267629875892, 0.6601137795699116], "k_pid_alt": [1.8080877643751831, 0.015629160138745598, 0.06088898023703677], "k_pid_att": [62.637006568074696, 0.5898244175182982, 0.8252959444287365], "k_pid_yaw": [0.5, 1e-06, 0.1], "k_pid_hsp": [0.9409992538740998, 0.4377855609431038, 0.0], "k_pid_vsp": [128.11570884356198, 139.53464672391394, 1e-06]}, "datetime": {"datetime": "2025-08-21 10:19:15", "elapsed": 5671.752517223358, "delta": 22.50449228286743}, "costs": {"total_cost": 204.9192471533287, "time_cost": 84.056, "final_distance_cost": 1.8558219894713095, "oscillation_cost": 35.81296385696457, "completition_cost": 0.0, "overshoot_cost": 51.43932038671639, "power_cost": 16.20701805419922, "noise_cost": 15.548122865977232, "n_waypoints_completed": 9, "tot_waypoints": 9}}
{"target": -184.36485783654607, "params": {"k_pid_pos": [1.0830070742634783, 0.0, 0.4927117744747361], "k_pid_alt": [1.1064514442224063, 0.0005780214053326058, 0.10649454283284937], "k_pid_att": [42.28584195883144, 1.2857025388101648, 0.9870780357273242], "k_pid_yaw": [0.5, 1e-06, 0.1], "k_pid_hsp": [1.0445546026953865, 0.344757904031537, 0.0], "k_pid_vsp": [147.43904878470642, 170.41702458177804, 10.955597509397322]}, "datetime": {"datetime": "2025-08-21 10:19:33", "elapsed": 5690.153534650803, "delta": 18.401017427444458}, "costs": {"total_cost": 184.36485783654607, "time_cost": 73.072, "final_distance_cost": 1.849726924614647, "oscillation_cost": 37.8241484429257, "completition_cost": 0.0, "overshoot_cost": 49.29686415595348, "power_cost": 11.632366955566408, "noise_cost": 10.689751357485846, "n_waypoints_completed": 9, "tot_waypoints": 9}}
{"target": -202.54742544989503, "params": {"k_pid_pos": [0.5744146973728952, 0.0, 0.40296213676389986], "k_pid_alt": [1.850292820017824, 0.0010906942947987695, 0.05930789972193578], "k_pid_att": [67.60288820297431, 0.8783749641836596, 0.5006018162846099], "k_pid_yaw": [0.5, 1e-06, 0.1], "k_pid_hsp": [1.827105258911663, 0.04132943239858694, 0.0], "k_pid_vsp": [369.76591417683613, 81.07709946855589, 7.237398850509618]}, "datetime": {"datetime": "2025-08-21 10:20:02", "elapsed": 5718.67956495285, "delta": 28.52603030204773}, "costs": {"total_cost": 202.54742544989503, "time_cost": 88.096, "final_distance_cost": 1.8589563822125326, "oscillation_cost": 32.88800760212425, "completition_cost": 0.0, "overshoot_cost": 52.7417660182555, "power_cost": 12.897355493164063, "noise_cost": 14.06533995413869, "n_waypoints_completed": 9, "tot_waypoints": 9}}
{"target": -198.7687684302135, "params": {"k_pid_pos": [2.0, 0.34606663407821125, 0.4796836266051996], "k_pid_alt": [1.8564809287221475, 0.0, 0.1884043298546414], "k_pid_att": [30.37093816777883, 1.2753685521642397, 1.0], "k_pid_yaw": [0.5, 1e-06, 0.1], "k_pid_hsp": [1.3038487960142917, 0.40562170663027963, 0.0], "k_pid_vsp": [55.170678070447025, 323.11035931274495, 0.4780167580136349]}, "datetime": {"datetime": "2025-08-21 10:20:23", "elapsed": 5740.102440834045, "delta": 21.42287588119507}, "costs": {"total_cost": 198.7687684302135, "time_cost": 72.744, "final_distance_cost": 1.735458780591074, "oscillation_cost": 47.662785161354634, "completition_cost": 0.0, "overshoot_cost": 50.298959546336754, "power_cost": 14.205545349121094, "noise_cost": 12.12201959280995, "n_waypoints_completed": 9, "tot_waypoints": 9}}
{"target": -198.46210072703187, "params": {"k_pid_pos": [1.3755721680504704, 0.28175560585698844, 0.6292036653274553], "k_pid_alt": [2.0, 0.010715268198110172, 0.06979550399158735], "k_pid_att": [34.173213610095814, 0.818133698542263, 0.8203564561258889], "k_pid_yaw": [0.5, 1e-06, 0.1], "k_pid_hsp": [1.8665095988057743, 0.1179916789979573, 0.0], "k_pid_vsp": [124.38657625849959, 210.3765167031739, 12.147492329498457]}, "datetime": {"datetime": "2025-08-21 10:20:42", "elapsed": 5758.5638217926025, "delta": 18.46138095855713}, "costs": {"total_cost": 198.46210072703187, "time_cost": 71.368, "final_distance_cost": 1.8178173849925963, "oscillation_cost": 37.62913491725749, "completition_cost": 0.0, "overshoot_cost": 51.70022189119514, "power_cost": 20.484326110839845, "noise_cost": 15.462600422746828, "n_waypoints_completed": 9, "tot_waypoints": 9}}
{"target": -178.34419402262057, "params": {"k_pid_pos": [0.8503764194411931, 0.20082273497028016, 0.12743439500312093], "k_pid_alt": [1.1762785772659117, 0.014657473298207492, 0.05909055311825289], "k_pid_att": [46.963074538604424, 0.0001, 1.0], "k_pid_yaw": [0.5, 1e-06, 0.1], "k_pid_hsp": [1.1705305064015346, 0.09883136622094335, 0.0], "k_pid_vsp": [392.8010769894285, 363.9551417807932, 4.281590581405555]}, "datetime": {"datetime": "2025-08-21 10:21:01", "elapsed": 5778.430338382721, "delta": 19.866516590118408}, "costs": {"total_cost": 178.34419402262057, "time_cost": 71.48, "final_distance_cost": 1.8256960835444487, "oscillation_cost": 31.38328326460878, "completition_cost": 0.0, "overshoot_cost": 50.36207624608648, "power_cost": 11.746615112304688, "noise_cost": 11.546523316076193, "n_waypoints_completed": 9, "tot_waypoints": 9}}
{"target": -216.55879292014723, "params": {"k_pid_pos": [1.1924739525179868, 0.009595070894860324, 0.7355702037367989], "k_pid_alt": [1.4816950984709794, 0.001675240063601622, 0.08271549730513679], "k_pid_att": [30.725431533815208, 0.9797817413374735, 0.32696095969713296], "k_pid_yaw": [0.5, 1e-06, 0.1], "k_pid_hsp": [5.797516524015269, 0.24413177408756934, 0.0], "k_pid_vsp": [325.1025543871505, 115.87661930806463, 0.6655123957711777]}, "datetime": {"datetime": "2025-08-21 10:21:25", "elapsed": 5801.475834369659, "delta": 23.045495986938477}, "costs": {"total_cost": 216.55879292014723, "time_cost": 75.84, "final_distance_cost": 1.8499105757127197, "oscillation_cost": 54.1614923614984, "completition_cost": 0.0, "overshoot_cost": 51.33852998701025, "power_cost": 17.854719836425783, "noise_cost": 15.51414015950007, "n_waypoints_completed": 9, "tot_waypoints": 9}}
{"target": -188.34260563192282, "params": {"k_pid_pos": [2.0, 0.15288789203635825, 0.19399718850848693], "k_pid_alt": [1.921856515933655, 0.01962520175336892, 0.07122127523728526], "k_pid_att": [31.27380411227462, 0.26845888369349474, 0.6625204736229584], "k_pid_yaw": [0.5, 1e-06, 0.1], "k_pid_hsp": [1.4472597299265768, 0.20588908111686222, 0.0], "k_pid_vsp": [205.54704519181792, 313.334598227545, 5.856694867131452]}, "datetime": {"datetime": "2025-08-21 10:21:43", "elapsed": 5819.626561164856, "delta": 18.150726795196533}, "costs": {"total_cost": 188.34260563192282, "time_cost": 69.616, "final_distance_cost": 1.7449091485092414, "oscillation_cost": 39.557593277606415, "completition_cost": 0.0, "overshoot_cost": 50.81124113428797, "power_cost": 14.452606945800781, "noise_cost": 12.160255125718429, "n_waypoints_completed": 9, "tot_waypoints": 9}}
{"target": -195.9865628331562, "params": {"k_pid_pos": [1.2160031517367624, 0.0, 0.545526770174121], "k_pid_alt": [1.1003916994112894, 0.004892508098540963, 0.13207039048935817], "k_pid_att": [77.21694015504467, 0.4796015307834643, 0.12420304994206854], "k_pid_yaw": [0.5, 1e-06, 0.1], "k_pid_hsp": [3.316107569265872, 0.13085789200525075, 0.0], "k_pid_vsp": [266.081131487446, 102.41344457991904, 4.605889124339968]}, "datetime": {"datetime": "2025-08-21 10:22:02", "elapsed": 5838.783702135086, "delta": 19.157140970230103}, "costs": {"total_cost": 195.9865628331562, "time_cost": 72.432, "final_distance_cost": 1.8545478587984494, "oscillation_cost": 49.8053521539527, "completition_cost": 0.0, "overshoot_cost": 50.078909266493554, "power_cost": 10.784073803710937, "noise_cost": 11.031679750200578, "n_waypoints_completed": 9, "tot_waypoints": 9}}
{"target": -1350.2137634169417, "params": {"k_pid_pos": [1.4379826387852426, 0.044489939071909686, 1.0], "k_pid_alt": [0.648737087775404, 0.017077862877728067, 0.0697682089274956], "k_pid_att": [50.512133957776705, 0.46558972203841303, 0.38982175265331515], "k_pid_yaw": [0.5, 1e-06, 0.1], "k_pid_hsp": [0.7526292650588041, 0.3864688228774935, 0.0], "k_pid_vsp": [0.0, 1e-06, 8.977627086088146]}, "datetime": {"datetime": "2025-08-21 10:22:34", "elapsed": 5870.479097127914, "delta": 31.69539499282837}, "costs": {"total_cost": 1350.2137634169417, "time_cost": 150, "final_distance_cost": 1.0003274842937664, "oscillation_cost": 15.588700662799756, "completition_cost": 1000.0, "overshoot_cost": 135.82064534123884, "power_cost": 6.331976696777344, "noise_cost": 41.47211323183211, "n_waypoints_completed": 0, "tot_waypoints": 9}}
{"target": -191.30811613559325, "params": {"k_pid_pos": [1.2140046028517466, 0.0, 1.0], "k_pid_alt": [1.1481189438166755, 0.018281816882418197, 0.15865603492585942], "k_pid_att": [36.23365142977912, 1.4881615687613738, 0.9918536252660335], "k_pid_yaw": [0.5, 1e-06, 0.1], "k_pid_hsp": [1.7993282676191196, 0.3149978520938191, 0.0], "k_pid_vsp": [139.6376215268897, 195.36208884621124, 7.336025470132571]}, "datetime": {"datetime": "2025-08-21 10:22:54", "elapsed": 5890.89693236351, "delta": 20.417835235595703}, "costs": {"total_cost": 191.30811613559325, "time_cost": 78.44800000000001, "final_distance_cost": 1.8579562131279046, "oscillation_cost": 34.5658690950434, "completition_cost": 0.0, "overshoot_cost": 49.85152463526801, "power_cost": 13.36044500732422, "noise_cost": 13.224321184829739, "n_waypoints_completed": 9, "tot_waypoints": 9}}
