{"target": -172.74444363303724, "params": {"k_pid_pos": [1.5388261027369843, 0.0372263199432688, 0.9933317646678271], "k_pid_alt": [1.5252484680687823, 0.0059780948785442154, 0.008551615072319633], "k_pid_att": [11.935676798378125, 0.23866091661447744, 0.47680629631682603], "k_pid_yaw": [0.5, 1e-06, 0.1], "k_pid_hsp": [0.12132813487622417, 0.02281389966138891, 0.0], "k_pid_vsp": [228.60066386879825, 189.5312062191164, 3.034936932177565]}, "datetime": {"datetime": "2025-08-21 13:52:55", "elapsed": 18492.096987724304, "delta": 16.312642574310303}, "costs": {"total_cost": 172.74444363303724, "time_cost": 69.936, "final_distance_cost": 1.8437676636438924, "oscillation_cost": 27.592639098592016, "completition_cost": 0.0, "overshoot_cost": 49.80984049712931, "power_cost": 12.08003662109375, "noise_cost": 11.482159752578255, "n_waypoints_completed": 9, "tot_waypoints": 9}}
{"target": -170.8429161182239, "params": {"k_pid_pos": [2.0, 0.1515323422301159, 1.0], "k_pid_alt": [1.7145807017715209, 0.004927777407292413, 0.012065558104941235], "k_pid_att": [35.13958800491483, 0.20859301145874545, 0.4565248239691004], "k_pid_yaw": [0.5, 1e-06, 0.1], "k_pid_hsp": [0.16569403455566398, 0.012265111039805874, 0.0], "k_pid_vsp": [202.62389677614797, 155.18475523499106, 2.0632876903100343]}, "datetime": {"datetime": "2025-08-21 13:53:11", "elapsed": 18507.806222438812, "delta": 15.709234714508057}, "costs": {"total_cost": 170.8429161182239, "time_cost": 68.912, "final_distance_cost": 1.80737925904839, "oscillation_cost": 29.033940028021465, "completition_cost": 0.0, "overshoot_cost": 50.538528606067416, "power_cost": 10.268140576171875, "noise_cost": 10.282927648914745, "n_waypoints_completed": 9, "tot_waypoints": 9}}
{"target": -173.5597805998945, "params": {"k_pid_pos": [1.8397351121193612, 0.09478536900951824, 0.6045940476107043], "k_pid_alt": [2.0, 0.0036916282046590317, 0.00529147785113173], "k_pid_att": [18.752448062254604, 0.2682149338741778, 0.6442701947712247], "k_pid_yaw": [0.5, 1e-06, 0.1], "k_pid_hsp": [0.26096345659572195, 0.01106956244846576, 0.0], "k_pid_vsp": [293.838759716399, 400.0, 3.0428310649284005]}, "datetime": {"datetime": "2025-08-21 13:53:27", "elapsed": 18524.439237594604, "delta": 16.633015155792236}, "costs": {"total_cost": 173.5597805998945, "time_cost": 69.04, "final_distance_cost": 1.8240703331224253, "oscillation_cost": 29.57140721992097, "completition_cost": 0.0, "overshoot_cost": 50.04151192419925, "power_cost": 12.089565270996093, "noise_cost": 10.993225851655756, "n_waypoints_completed": 9, "tot_waypoints": 9}}
{"target": -206.50959927614701, "params": {"k_pid_pos": [1.684128512969589, 0.0665034625063415, 0.7972882648399403], "k_pid_alt": [2.0, 0.004956282358755754, 0.0], "k_pid_att": [18.914854429478446, 0.21612879545460775, 0.3807404677059721], "k_pid_yaw": [0.5, 1e-06, 0.1], "k_pid_hsp": [0.3154042184740288, 0.01793560041537327, 0.0], "k_pid_vsp": [148.16944723619494, 231.76188664624615, 2.6444209644262133]}, "datetime": {"datetime": "2025-08-21 13:53:46", "elapsed": 18542.54677629471, "delta": 18.10753870010376}, "costs": {"total_cost": 206.50959927614701, "time_cost": 79.128, "final_distance_cost": 1.8276040885208134, "oscillation_cost": 31.491313359805332, "completition_cost": 0.0, "overshoot_cost": 57.07792298029665, "power_cost": 20.341109289550783, "noise_cost": 16.643649557973443, "n_waypoints_completed": 9, "tot_waypoints": 9}}
{"target": -210.73575098793322, "params": {"k_pid_pos": [1.7935022137464127, 0.10722967369320456, 0.7004729272920299], "k_pid_alt": [2.0, 0.005422570438980892, 0.0], "k_pid_att": [23.03732059754147, 0.30951330863509574, 0.31454915182748566], "k_pid_yaw": [0.5, 1e-06, 0.1], "k_pid_hsp": [0.027854511774502166, 0.03413979063831415, 0.0], "k_pid_vsp": [221.6946877226297, 337.01716549756173, 1.6200431568061855]}, "datetime": {"datetime": "2025-08-21 13:54:05", "elapsed": 18561.615439414978, "delta": 19.068663120269775}, "costs": {"total_cost": 210.73575098793322, "time_cost": 81.864, "final_distance_cost": 1.7673800681943466, "oscillation_cost": 35.65009841539784, "completition_cost": 0.0, "overshoot_cost": 57.204722368211385, "power_cost": 18.832777587890625, "noise_cost": 15.41677254823901, "n_waypoints_completed": 9, "tot_waypoints": 9}}
{"target": -172.63118792703423, "params": {"k_pid_pos": [1.4592307510750333, 0.10379129838545997, 1.0], "k_pid_alt": [2.0, 0.0042072685328089394, 0.012246862267090028], "k_pid_att": [15.864849648892118, 0.28968822765785, 0.21691589279371656], "k_pid_yaw": [0.5, 1e-06, 0.1], "k_pid_hsp": [0.19972791909712892, 0.01644922281099864, 0.0], "k_pid_vsp": [163.63154303581402, 358.71369651336676, 2.3061120191350057]}, "datetime": {"datetime": "2025-08-21 13:54:21", "elapsed": 18577.962118148804, "delta": 16.346678733825684}, "costs": {"total_cost": 172.63118792703423, "time_cost": 70.34400000000001, "final_distance_cost": 1.8300788960115377, "oscillation_cost": 27.07265544904193, "completition_cost": 0.0, "overshoot_cost": 50.4804079962769, "power_cost": 11.735774450683595, "noise_cost": 11.168271135020243, "n_waypoints_completed": 9, "tot_waypoints": 9}}
{"target": -174.09732117359886, "params": {"k_pid_pos": [0.991631306634515, 0.07986181583562303, 0.7405082713335384], "k_pid_alt": [2.0, 0.004244713148479212, 0.009864753919190465], "k_pid_att": [47.48494565384224, 0.24996128842385124, 0.38876090843551037], "k_pid_yaw": [0.5, 1e-06, 0.1], "k_pid_hsp": [0.39340401271641534, 0.020812976504130044, 0.0], "k_pid_vsp": [192.4220700148904, 185.75420787455587, 1.9529764270586567]}, "datetime": {"datetime": "2025-08-21 13:54:39", "elapsed": 18595.860876083374, "delta": 17.898757934570312}, "costs": {"total_cost": 174.09732117359886, "time_cost": 74.83200000000001, "final_distance_cost": 1.848720592024905, "oscillation_cost": 27.948412533028826, "completition_cost": 0.0, "overshoot_cost": 50.26579801471555, "power_cost": 8.969398779296876, "noise_cost": 10.2329912545327, "n_waypoints_completed": 9, "tot_waypoints": 9}}
{"target": -181.15845841741242, "params": {"k_pid_pos": [1.1492028968269157, 0.06978087569386847, 0.8902661363991884], "k_pid_alt": [1.3841114453890777, 0.004071683034102607, 0.01251678031593139], "k_pid_att": [16.408014009359274, 0.22492914656545518, 0.6038762197936796], "k_pid_yaw": [0.5, 1e-06, 0.1], "k_pid_hsp": [0.2332622790604738, 0.011067023095732589, 0.0], "k_pid_vsp": [400.0, 163.77214374629247, 1.5610255991173678]}, "datetime": {"datetime": "2025-08-21 13:54:56", "elapsed": 18613.39927959442, "delta": 17.538403511047363}, "costs": {"total_cost": 181.15845841741242, "time_cost": 74.56, "final_distance_cost": 1.8404481473993126, "oscillation_cost": 26.71393363305602, "completition_cost": 0.0, "overshoot_cost": 50.820356017670505, "power_cost": 14.149803857421876, "noise_cost": 13.073916761864691, "n_waypoints_completed": 9, "tot_waypoints": 9}}
{"target": -179.6018892411343, "params": {"k_pid_pos": [1.611961013176184, 0.05726068052472703, 1.0], "k_pid_alt": [1.708390692998173, 0.004551627887496848, 0.005466230970110071], "k_pid_att": [25.39992916927316, 0.19684976996845474, 0.39539584930851945], "k_pid_yaw": [0.5, 1e-06, 0.1], "k_pid_hsp": [0.21868601628294185, 0.018413578178312455, 0.0], "k_pid_vsp": [245.32174463145296, 144.04307636756252, 2.1057053763642997]}, "datetime": {"datetime": "2025-08-21 13:55:12", "elapsed": 18629.07409310341, "delta": 15.674813508987427}, "costs": {"total_cost": 179.6018892411343, "time_cost": 70.616, "final_distance_cost": 1.847344755995344, "oscillation_cost": 27.857311634011314, "completition_cost": 0.0, "overshoot_cost": 50.515523848424046, "power_cost": 15.386007788085939, "noise_cost": 13.379701214617647, "n_waypoints_completed": 9, "tot_waypoints": 9}}
{"target": -173.10762297538363, "params": {"k_pid_pos": [1.9781406946369857, 0.04546363167059129, 0.5822976883049443], "k_pid_alt": [1.909843899772343, 0.004248162480890729, 0.006877062960595631], "k_pid_att": [22.849330215627628, 0.25080791405487, 0.27601279421097497], "k_pid_yaw": [0.5, 1e-06, 0.1], "k_pid_hsp": [0.21220680770283465, 0.019150279662121062, 0.0], "k_pid_vsp": [187.0566181563685, 199.90690939193735, 1.7846183354344294]}, "datetime": {"datetime": "2025-08-21 13:55:28", "elapsed": 18645.205579519272, "delta": 16.131486415863037}, "costs": {"total_cost": 173.10762297538363, "time_cost": 68.672, "final_distance_cost": 1.7904508499202236, "oscillation_cost": 30.497534137664392, "completition_cost": 0.0, "overshoot_cost": 49.93197707276277, "power_cost": 11.412897766113282, "noise_cost": 10.80276314892299, "n_waypoints_completed": 9, "tot_waypoints": 9}}
{"target": -188.42081130556988, "params": {"k_pid_pos": [0.9378687658757201, 0.04087130935070867, 1.0], "k_pid_alt": [1.45835649465125, 0.006760834096495608, 0.006778218985819504], "k_pid_att": [39.90537046013922, 0.20265354353992282, 0.5053344608885896], "k_pid_yaw": [0.5, 1e-06, 0.1], "k_pid_hsp": [0.21185254329325362, 0.024069622001626947, 0.0], "k_pid_vsp": [171.79715195310098, 161.01005632427083, 1.3958560416008359]}, "datetime": {"datetime": "2025-08-21 13:55:47", "elapsed": 18663.529432296753, "delta": 18.32385277748108}, "costs": {"total_cost": 188.42081130556988, "time_cost": 79.712, "final_distance_cost": 1.8511171659037313, "oscillation_cost": 26.12437609490781, "completition_cost": 0.0, "overshoot_cost": 51.34623827355562, "power_cost": 14.999439807128907, "noise_cost": 14.387639964073799, "n_waypoints_completed": 9, "tot_waypoints": 9}}
{"target": -397.2904428122222, "params": {"k_pid_pos": [0.3391638479652895, 0.062409479058908646, 0.74270328851594], "k_pid_alt": [1.281670927800187, 0.005332694461197346, 0.010336083858783629], "k_pid_att": [43.6997239230187, 0.22673520745751616, 0.0], "k_pid_yaw": [0.5, 1e-06, 0.1], "k_pid_hsp": [0.24978591255525592, 0.01800326531819398, 0.0], "k_pid_vsp": [158.14364706126068, 243.22513753978956, 0.998570558994451]}, "datetime": {"datetime": "2025-08-21 13:56:10", "elapsed": 18686.746619939804, "delta": 23.217187643051147}, "costs": {"total_cost": 397.2904428122222, "time_cost": 150, "final_distance_cost": 32.93446190529306, "oscillation_cost": 21.481848213429476, "completition_cost": 111.11111111111116, "overshoot_cost": 56.00664167526157, "power_cost": 13.230658410644532, "noise_cost": 12.525721496482387, "n_waypoints_completed": 8, "tot_waypoints": 9}}
{"target": -176.38590565726642, "params": {"k_pid_pos": [1.815831873352792, 0.045421928091825076, 1.0], "k_pid_alt": [2.0, 0.005779741129437742, 0.011761796227369857], "k_pid_att": [10.131397409257298, 0.2949630255269236, 0.6718151371959276], "k_pid_yaw": [0.5, 1e-06, 0.1], "k_pid_hsp": [0.11355896705656704, 0.016464768575531735, 0.0], "k_pid_vsp": [140.57824094460182, 285.33580980456514, 3.3755485500038223]}, "datetime": {"datetime": "2025-08-21 13:56:26", "elapsed": 18703.02353334427, "delta": 16.27691340446472}, "costs": {"total_cost": 176.38590565726642, "time_cost": 70.12, "final_distance_cost": 1.8402731380079813, "oscillation_cost": 28.782915407600484, "completition_cost": 0.0, "overshoot_cost": 50.81333703330367, "power_cost": 13.016371350097657, "noise_cost": 11.81300872825662, "n_waypoints_completed": 9, "tot_waypoints": 9}}
{"target": -181.2593784899883, "params": {"k_pid_pos": [2.0, 0.019455008780054368, 0.6402975628006297], "k_pid_alt": [1.7489534128602626, 0.006483928803733036, 0.0061330436570604845], "k_pid_att": [20.857889830529448, 0.2202257558234284, 0.540271150251295], "k_pid_yaw": [0.5, 1e-06, 0.1], "k_pid_hsp": [0.17016475970724398, 0.018835360427909887, 0.0], "k_pid_vsp": [226.9339742027834, 244.70941051932812, 1.5073526837375155]}, "datetime": {"datetime": "2025-08-21 13:56:43", "elapsed": 18719.763265132904, "delta": 16.739731788635254}, "costs": {"total_cost": 181.2593784899883, "time_cost": 70.24, "final_distance_cost": 1.823697551370931, "oscillation_cost": 30.439246303629357, "completition_cost": 0.0, "overshoot_cost": 51.44350211599635, "power_cost": 14.868461962890626, "noise_cost": 12.444470556101034, "n_waypoints_completed": 9, "tot_waypoints": 9}}
{"target": -182.0193461281843, "params": {"k_pid_pos": [1.6916842248953525, 0.07708783864984488, 1.0], "k_pid_alt": [1.495362677477199, 0.006678368847048886, 0.0027588331158747304], "k_pid_att": [38.48343583806072, 0.25036259700988567, 0.3156601667149643], "k_pid_yaw": [0.5, 1e-06, 0.1], "k_pid_hsp": [0.2020955564067253, 0.028658566452477868, 0.0], "k_pid_vsp": [161.03115686582666, 274.32891546863516, 1.6176500554817081]}, "datetime": {"datetime": "2025-08-21 13:56:59", "elapsed": 18735.5707552433, "delta": 15.807490110397339}, "costs": {"total_cost": 182.0193461281843, "time_cost": 70.112, "final_distance_cost": 1.844230306998498, "oscillation_cost": 29.232403784395633, "completition_cost": 0.0, "overshoot_cost": 50.342388079095436, "power_cost": 16.673962768554688, "noise_cost": 13.814361189140044, "n_waypoints_completed": 9, "tot_waypoints": 9}}
{"target": -179.15924216237133, "params": {"k_pid_pos": [1.217602757960065, 0.08884534111188802, 1.0], "k_pid_alt": [1.8487705626449429, 0.003959622321253637, 0.0005285319181157449], "k_pid_att": [25.008912132688863, 0.2340435948160169, 0.7670055894132869], "k_pid_yaw": [0.5, 1e-06, 0.1], "k_pid_hsp": [0.21597578076923687, 0.006942084978136544, 0.0], "k_pid_vsp": [164.41876866908353, 282.3640277397397, 2.391525664397674]}, "datetime": {"datetime": "2025-08-21 13:57:16", "elapsed": 18752.7564098835, "delta": 17.185654640197754}, "costs": {"total_cost": 179.15924216237133, "time_cost": 73.608, "final_distance_cost": 1.8425643055658616, "oscillation_cost": 26.98184825345305, "completition_cost": 0.0, "overshoot_cost": 50.706466147490694, "power_cost": 13.427112768554688, "noise_cost": 12.593250687307034, "n_waypoints_completed": 9, "tot_waypoints": 9}}
{"target": -205.86474739299013, "params": {"k_pid_pos": [0.49540809549296494, 0.06330524285426077, 0.9444656270971268], "k_pid_alt": [2.0, 0.006747161414395259, 0.002770115667477645], "k_pid_att": [8.716396148827435, 0.2483779070889732, 0.3738130734544343], "k_pid_yaw": [0.5, 1e-06, 0.1], "k_pid_hsp": [0.2548183094515914, 0.022068935681343188, 0.0], "k_pid_vsp": [244.89007128733843, 306.57202614937853, 1.9509156445735811]}, "datetime": {"datetime": "2025-08-21 13:57:39", "elapsed": 18775.518414258957, "delta": 22.762004375457764}, "costs": {"total_cost": 205.86474739299013, "time_cost": 98.016, "final_distance_cost": 1.859245398102048, "oscillation_cost": 21.41614321731612, "completition_cost": 0.0, "overshoot_cost": 55.15076430882203, "power_cost": 14.065683227539063, "noise_cost": 15.35691124121088, "n_waypoints_completed": 9, "tot_waypoints": 9}}
{"target": -746.517521232827, "params": {"k_pid_pos": [0.23640305930867642, 0.09884718510640943, 1.0], "k_pid_alt": [1.8094776561256343, 0.00526757388316709, 0.013581347451450605], "k_pid_att": [20.624467672053413, 0.34073371513475315, 0.4624171171614921], "k_pid_yaw": [0.5, 1e-06, 0.1], "k_pid_hsp": [0.12761248952397128, 0.012751073908513655, 0.0], "k_pid_vsp": [334.8316338574632, 106.54331264899253, 1.4464766174318726]}, "datetime": {"datetime": "2025-08-21 13:58:02", "elapsed": 18798.601857185364, "delta": 23.08344292640686}, "costs": {"total_cost": 746.517521232827, "time_cost": 150, "final_distance_cost": 45.20640583235181, "oscillation_cost": 7.328234032453016, "completition_cost": 444.4444444444444, "overshoot_cost": 53.34373053535273, "power_cost": 27.062036950683595, "noise_cost": 19.132669437541548, "n_waypoints_completed": 5, "tot_waypoints": 9}}
{"target": -180.20702195684498, "params": {"k_pid_pos": [1.9643922440464816, 0.10799380773172647, 1.0], "k_pid_alt": [1.4462277969614659, 0.0029071078050936206, 0.012683611448570054], "k_pid_att": [47.29148551858967, 0.23999097508237574, 0.5966710440420832], "k_pid_yaw": [0.5, 1e-06, 0.1], "k_pid_hsp": [0.2337554816577756, 0.02029809623103607, 0.0], "k_pid_vsp": [135.1404899509195, 227.95168940425938, 1.804859237396536]}, "datetime": {"datetime": "2025-08-21 13:58:18", "elapsed": 18815.02912068367, "delta": 16.427263498306274}, "costs": {"total_cost": 180.20702195684498, "time_cost": 69.488, "final_distance_cost": 1.8311569174153113, "oscillation_cost": 30.16461697597865, "completition_cost": 0.0, "overshoot_cost": 50.01529970898442, "power_cost": 15.545178527832032, "noise_cost": 13.162769826634547, "n_waypoints_completed": 9, "tot_waypoints": 9}}
{"target": -174.74694792044207, "params": {"k_pid_pos": [1.4259684326816362, 0.12094411238384732, 0.8138104338603381], "k_pid_alt": [1.0515758547561425, 0.004427677814012438, 0.0011727009569561895], "k_pid_att": [13.52433502599166, 0.13507011675783664, 0.20641401872038387], "k_pid_yaw": [0.5, 1e-06, 0.1], "k_pid_hsp": [0.22337982192804065, 0.020136973318942108, 0.0], "k_pid_vsp": [219.75392951364964, 223.17690237036132, 1.6993098422135755]}, "datetime": {"datetime": "2025-08-21 13:58:34", "elapsed": 18831.310130357742, "delta": 16.281009674072266}, "costs": {"total_cost": 174.74694792044207, "time_cost": 70.432, "final_distance_cost": 1.8348197927209173, "oscillation_cost": 28.434551368340372, "completition_cost": 0.0, "overshoot_cost": 49.749339360540915, "power_cost": 12.70028280029297, "noise_cost": 11.595954598546873, "n_waypoints_completed": 9, "tot_waypoints": 9}}
{"target": -174.16304597437798, "params": {"k_pid_pos": [1.7571209144292823, 0.06553506939663878, 0.8268236621420622], "k_pid_alt": [1.6684361506023304, 0.006036306072633307, 0.008910614353333316], "k_pid_att": [29.424309221207682, 0.19996488297267137, 0.4755906664136469], "k_pid_yaw": [0.5, 1e-06, 0.1], "k_pid_hsp": [0.08941977284521418, 0.03010100568420535, 0.0], "k_pid_vsp": [109.9405098917776, 172.39176162126398, 2.239981349606864]}, "datetime": {"datetime": "2025-08-21 13:58:51", "elapsed": 18847.91019964218, "delta": 16.600069284439087}, "costs": {"total_cost": 174.16304597437798, "time_cost": 69.328, "final_distance_cost": 1.812418974569427, "oscillation_cost": 31.439569222516834, "completition_cost": 0.0, "overshoot_cost": 50.30979576188018, "power_cost": 10.8299904296875, "noise_cost": 10.443271585723998, "n_waypoints_completed": 9, "tot_waypoints": 9}}
{"target": -168.9582933752957, "params": {"k_pid_pos": [1.617599297057487, 0.02589931493234786, 0.950143808287257], "k_pid_alt": [2.0, 0.006424079388093712, 0.009204964046052642], "k_pid_att": [48.78381686660547, 0.05786034129459044, 0.4048060828151195], "k_pid_yaw": [0.5, 1e-06, 0.1], "k_pid_hsp": [0.21278455095352378, 0.011206702343325934, 0.0], "k_pid_vsp": [202.82043417230355, 224.36837659724256, 1.5045819171890855]}, "datetime": {"datetime": "2025-08-21 13:59:08", "elapsed": 18864.458603858948, "delta": 16.548404216766357}, "costs": {"total_cost": 168.9582933752957, "time_cost": 69.752, "final_distance_cost": 1.847168155600989, "oscillation_cost": 30.44521445582606, "completition_cost": 0.0, "overshoot_cost": 50.09433110996603, "power_cost": 7.895010302734375, "noise_cost": 8.924569351168282, "n_waypoints_completed": 9, "tot_waypoints": 9}}
{"target": -174.16887041315624, "params": {"k_pid_pos": [2.0, 0.05994553255575493, 0.3168466365309344], "k_pid_alt": [1.5936884474358857, 0.004305627533830515, 0.003971874449726639], "k_pid_att": [27.137238120076635, 0.14466304251268028, 0.3758810967344861], "k_pid_yaw": [0.5, 1e-06, 0.1], "k_pid_hsp": [0.41610135804674725, 0.03114969700105205, 0.0], "k_pid_vsp": [259.49818097985803, 309.86516590964044, 0.8242563753212419]}, "datetime": {"datetime": "2025-08-21 13:59:23", "elapsed": 18880.211436510086, "delta": 15.752832651138306}, "costs": {"total_cost": 174.16887041315624, "time_cost": 68.128, "final_distance_cost": 1.7545852026906363, "oscillation_cost": 33.35204401565802, "completition_cost": 0.0, "overshoot_cost": 49.7200857292996, "power_cost": 10.885861071777343, "noise_cost": 10.328294393730644, "n_waypoints_completed": 9, "tot_waypoints": 9}}
{"target": -199.4983367994492, "params": {"k_pid_pos": [0.6061292201270092, 0.015008439232244394, 1.0], "k_pid_alt": [1.9823566399442367, 0.0037056713151173877, 0.004434300827132751], "k_pid_att": [31.238884233540166, 0.20551250933817003, 0.4184801527189402], "k_pid_yaw": [0.5, 1e-06, 0.1], "k_pid_hsp": [0.2096783844218881, 0.025088332735413638, 0.0], "k_pid_vsp": [233.1701875544536, 218.41088697213968, 1.561406722782347]}, "datetime": {"datetime": "2025-08-21 13:59:46", "elapsed": 18903.084260463715, "delta": 22.87282395362854}, "costs": {"total_cost": 199.4983367994492, "time_cost": 97.16, "final_distance_cost": 1.8590533792764692, "oscillation_cost": 23.719099921901055, "completition_cost": 0.0, "overshoot_cost": 54.17286549738251, "power_cost": 9.444907824707032, "noise_cost": 13.142410176182128, "n_waypoints_completed": 9, "tot_waypoints": 9}}
{"target": -186.0711074553342, "params": {"k_pid_pos": [2.0, 0.07775110165383893, 0.7813561837953428], "k_pid_alt": [2.0, 0.00772970419976263, 0.008881478954645966], "k_pid_att": [20.407771306563266, 0.2189966994996121, 0.2249718801723449], "k_pid_yaw": [0.5, 1e-06, 0.1], "k_pid_hsp": [0.2503194084700569, 0.02473517395060723, 0.0], "k_pid_vsp": [214.9116925421622, 211.01115010056924, 1.9509055598002651]}, "datetime": {"datetime": "2025-08-21 14:00:03", "elapsed": 18920.273725032806, "delta": 17.189464569091797}, "costs": {"total_cost": 186.0711074553342, "time_cost": 70.208, "final_distance_cost": 1.8200776772381426, "oscillation_cost": 31.97363504653781, "completition_cost": 0.0, "overshoot_cost": 51.804174976946115, "power_cost": 16.70849197998047, "noise_cost": 13.556727774631682, "n_waypoints_completed": 9, "tot_waypoints": 9}}
