{"target": -187.33251031628546, "params": {"k_pid_pos": [1.0188931821469478, 0.07194958328332839, 0.7946754053200292], "k_pid_alt": [2.0, 0.016218673130524396, 0.0], "k_pid_att": [52.810814975778214, 0.0001, 0.9434528523918702], "k_pid_yaw": [0.5, 1e-06, 0.1], "k_pid_hsp": [0.2630099680987413, 0.14627996863181575, 0.0], "k_pid_vsp": [191.55670087080185, 353.25082147220945, 2.225141030732918]}, "datetime": {"datetime": "2025-08-21 10:42:58", "elapsed": 7095.411707639694, "delta": 20.707723140716553}, "costs": {"total_cost": 187.33251031628546, "time_cost": 75.504, "final_distance_cost": 1.8497181817951078, "oscillation_cost": 35.48431167188701, "completition_cost": 0.0, "overshoot_cost": 50.2840719024659, "power_cost": 12.17809453125, "noise_cost": 12.032314028887452, "n_waypoints_completed": 9, "tot_waypoints": 9}}
{"target": -189.5721175264647, "params": {"k_pid_pos": [1.9686900514949393, 0.04602028479010925, 0.5821862285750856], "k_pid_alt": [1.1292576712660332, 0.018869203604036544, 0.08129601805839155], "k_pid_att": [1.5276747378512165, 0.0001, 0.8939933080237651], "k_pid_yaw": [0.5, 1e-06, 0.1], "k_pid_hsp": [0.6066304758924361, 0.22895767198484065, 0.0], "k_pid_vsp": [40.79589716601016, 224.46957924285184, 3.641084008104618]}, "datetime": {"datetime": "2025-08-21 10:43:17", "elapsed": 7113.6566870212555, "delta": 18.24497938156128}, "costs": {"total_cost": 189.5721175264647, "time_cost": 72.312, "final_distance_cost": 1.7971172148160572, "oscillation_cost": 38.52128432890504, "completition_cost": 0.0, "overshoot_cost": 52.37801460161358, "power_cost": 13.291963195800783, "noise_cost": 11.27173818532923, "n_waypoints_completed": 9, "tot_waypoints": 9}}
{"target": -183.14746244493114, "params": {"k_pid_pos": [1.344083099174605, 0.052995463329459695, 0.6457056400586915], "k_pid_alt": [1.8579996775959353, 0.01966274168021813, 0.05777880075177291], "k_pid_att": [97.05136404898195, 0.3579497452333779, 0.4325359598614078], "k_pid_yaw": [0.5, 1e-06, 0.1], "k_pid_hsp": [0.7929003907817203, 0.26098072839561454, 0.0], "k_pid_vsp": [178.0527279516093, 114.59489886851411, 3.977102596533905]}, "datetime": {"datetime": "2025-08-21 10:43:39", "elapsed": 7135.641121387482, "delta": 21.984434366226196}, "costs": {"total_cost": 183.14746244493114, "time_cost": 70.328, "final_distance_cost": 1.8515560820052548, "oscillation_cost": 36.73996396414157, "completition_cost": 0.0, "overshoot_cost": 50.4009203979347, "power_cost": 12.043195959472657, "noise_cost": 11.783826041376964, "n_waypoints_completed": 9, "tot_waypoints": 9}}
{"target": -1183.2840897985916, "params": {"k_pid_pos": [2.0, 0.07363721810277284, 0.0], "k_pid_alt": [1.034884877926521, 0.005635877616180579, 0.12894011067430375], "k_pid_att": [42.947956984099534, 0.2979327958750242, 1.0], "k_pid_yaw": [0.5, 1e-06, 0.1], "k_pid_hsp": [0.0001, 0.0639110339766149, 0.0], "k_pid_vsp": [263.1334861697769, 379.49810638453863, 1e-06]}, "datetime": {"datetime": "2025-08-21 10:44:05", "elapsed": 7161.885262727737, "delta": 26.244141340255737}, "costs": {"total_cost": 1183.2840897985916, "time_cost": 150, "final_distance_cost": 96.10857888126003, "oscillation_cost": 42.57523257184566, "completition_cost": 777.7777777777778, "overshoot_cost": 86.63915045426653, "power_cost": 16.053117602539064, "noise_cost": 14.130232510902708, "n_waypoints_completed": 2, "tot_waypoints": 9}}
{"target": -180.82717209309195, "params": {"k_pid_pos": [1.7967940026472615, 0.07058434837634942, 0.5603988521047498], "k_pid_alt": [1.9070706296466617, 0.00189389760147924, 0.13961212525310726], "k_pid_att": [95.5444406231026, 0.2212922088791247, 0.9860706289302926], "k_pid_yaw": [0.5, 1e-06, 0.1], "k_pid_hsp": [0.6404717966584846, 0.006965956926009652, 0.0], "k_pid_vsp": [111.89086526817988, 245.11213454418234, 5.920371493641311]}, "datetime": {"datetime": "2025-08-21 10:44:22", "elapsed": 7179.0933401584625, "delta": 17.208077430725098}, "costs": {"total_cost": 180.82717209309195, "time_cost": 69.36, "final_distance_cost": 1.8216175904354175, "oscillation_cost": 33.73733293873049, "completition_cost": 0.0, "overshoot_cost": 50.62933807505013, "power_cost": 13.258276171875, "noise_cost": 12.020607317000897, "n_waypoints_completed": 9, "tot_waypoints": 9}}
{"target": -251.2579405176388, "params": {"k_pid_pos": [2.0, 0.01163003366677882, 0.9987245141525767], "k_pid_alt": [1.8462453424329155, 0.012843023213829597, 0.01575888633198266], "k_pid_att": [61.06982780974398, 0.2853892347369677, 0.6578789418476659], "k_pid_yaw": [0.5, 1e-06, 0.1], "k_pid_hsp": [2.1671873270933855, 0.38292044465417, 0.0], "k_pid_vsp": [0.0, 400.0, 4.642177714553113]}, "datetime": {"datetime": "2025-08-21 10:44:51", "elapsed": 7208.414644956589, "delta": 29.32130479812622}, "costs": {"total_cost": 251.2579405176388, "time_cost": 91.968, "final_distance_cost": 1.7518109702444915, "oscillation_cost": 69.68282047533908, "completition_cost": 0.0, "overshoot_cost": 58.55317180885618, "power_cost": 17.136536755371093, "noise_cost": 12.165600507827945, "n_waypoints_completed": 9, "tot_waypoints": 9}}
{"target": -178.46409461455002, "params": {"k_pid_pos": [2.0, 0.08964574539501324, 0.4839230985088275], "k_pid_alt": [0.9332776875314922, 0.013882430451556472, 0.05824743323392634], "k_pid_att": [36.13033243293855, 0.4791922671824256, 0.30578484956096047], "k_pid_yaw": [0.5, 1e-06, 0.1], "k_pid_hsp": [1.0018133768207036, 0.12555013119975045, 0.0], "k_pid_vsp": [205.62160540102158, 352.886854572517, 8.292057885133866]}, "datetime": {"datetime": "2025-08-21 10:45:10", "elapsed": 7226.76233291626, "delta": 18.34768795967102}, "costs": {"total_cost": 178.46409461455002, "time_cost": 68.72, "final_distance_cost": 1.8074406574270836, "oscillation_cost": 35.78120264948669, "completition_cost": 0.0, "overshoot_cost": 49.28408538281568, "power_cost": 12.050356201171876, "noise_cost": 10.821009723648695, "n_waypoints_completed": 9, "tot_waypoints": 9}}
{"target": -178.8132150087358, "params": {"k_pid_pos": [2.0, 0.07808417720521797, 0.7327484401828098], "k_pid_alt": [0.6934959153974747, 0.009821998867340552, 0.0], "k_pid_att": [75.47032994825912, 0.3643213121517608, 0.9176987379705402], "k_pid_yaw": [0.5, 1e-06, 0.1], "k_pid_hsp": [1.4773844147137456, 0.008181797468273081, 0.0], "k_pid_vsp": [55.76711746554372, 233.0253527584272, 2.7199753149976527]}, "datetime": {"datetime": "2025-08-21 10:45:31", "elapsed": 7247.731080293655, "delta": 20.96874737739563}, "costs": {"total_cost": 178.8132150087358, "time_cost": 70.288, "final_distance_cost": 1.821876682429061, "oscillation_cost": 36.89496178754495, "completition_cost": 0.0, "overshoot_cost": 50.14341214898179, "power_cost": 9.753309533691407, "noise_cost": 9.911654856088616, "n_waypoints_completed": 9, "tot_waypoints": 9}}
{"target": -183.57798858584957, "params": {"k_pid_pos": [1.2262988582217582, 0.010636000880153387, 0.3696535748034615], "k_pid_alt": [0.7467663550450356, 0.00637711615638608, 0.08858065679305512], "k_pid_att": [48.23718378091123, 0.586100924809701, 0.8976318484048678], "k_pid_yaw": [0.5, 1e-06, 0.1], "k_pid_hsp": [0.6227105622320493, 0.00688954617464119, 0.0], "k_pid_vsp": [179.66591010585853, 90.7460699469932, 2.4375428119757228]}, "datetime": {"datetime": "2025-08-21 10:45:50", "elapsed": 7266.997734308243, "delta": 19.266654014587402}, "costs": {"total_cost": 183.57798858584957, "time_cost": 72.70400000000001, "final_distance_cost": 1.846398720535701, "oscillation_cost": 30.369868368763004, "completition_cost": 0.0, "overshoot_cost": 50.258828359538214, "power_cost": 15.26218818359375, "noise_cost": 13.13670495341889, "n_waypoints_completed": 9, "tot_waypoints": 9}}
{"target": -175.4675950434579, "params": {"k_pid_pos": [2.0, 0.14405248018669717, 1.0], "k_pid_alt": [1.5636091194532937, 0.013187005612944952, 0.05082234159426507], "k_pid_att": [40.033905460354354, 0.2728270271810776, 1.0], "k_pid_yaw": [0.5, 1e-06, 0.1], "k_pid_hsp": [0.3107443346075867, 0.0, 0.0], "k_pid_vsp": [240.94603569849846, 150.3611309322363, 7.006096178561644]}, "datetime": {"datetime": "2025-08-21 10:46:09", "elapsed": 7286.226594686508, "delta": 19.22886037826538}, "costs": {"total_cost": 175.4675950434579, "time_cost": 70.032, "final_distance_cost": 1.817789149394629, "oscillation_cost": 28.648417319793385, "completition_cost": 0.0, "overshoot_cost": 51.11934192659083, "power_cost": 12.452489978027344, "noise_cost": 11.397556669651706, "n_waypoints_completed": 9, "tot_waypoints": 9}}
{"target": -175.9115769016909, "params": {"k_pid_pos": [2.0, 0.042458104671650794, 0.23780334655585258], "k_pid_alt": [0.6323152488610413, 0.0025172750614123065, 0.05300605766639641], "k_pid_att": [37.917935460262775, 0.0001, 1.0], "k_pid_yaw": [0.5, 1e-06, 0.1], "k_pid_hsp": [0.5858979673794967, 0.0, 0.0], "k_pid_vsp": [175.66036523252578, 134.43238791064564, 0.2135179810669161]}, "datetime": {"datetime": "2025-08-21 10:46:26", "elapsed": 7303.282584428787, "delta": 17.055989742279053}, "costs": {"total_cost": 175.9115769016909, "time_cost": 72.144, "final_distance_cost": 1.7869232046188126, "oscillation_cost": 34.59530400547792, "completition_cost": 0.0, "overshoot_cost": 49.73855583766212, "power_cost": 8.49042978515625, "noise_cost": 9.156364068775792, "n_waypoints_completed": 9, "tot_waypoints": 9}}
{"target": -174.25176324334677, "params": {"k_pid_pos": [2.0, 0.17996053351018385, 0.7328848068964543], "k_pid_alt": [1.2097550755601882, 0.012044960168817176, 0.0], "k_pid_att": [38.946706352034546, 0.1814243997428874, 0.6005484098948438], "k_pid_yaw": [0.5, 1e-06, 0.1], "k_pid_hsp": [0.5853519118862226, 0.08908378623664055, 0.0], "k_pid_vsp": [42.7359535942774, 213.64459977551564, 5.312496457200157]}, "datetime": {"datetime": "2025-08-21 10:46:42", "elapsed": 7319.139727592468, "delta": 15.85714316368103}, "costs": {"total_cost": 174.25176324334677, "time_cost": 68.264, "final_distance_cost": 1.806527209849222, "oscillation_cost": 35.02698653775271, "completition_cost": 0.0, "overshoot_cost": 49.22535879471294, "power_cost": 10.132651831054687, "noise_cost": 9.796238869977202, "n_waypoints_completed": 9, "tot_waypoints": 9}}
{"target": -190.781132881344, "params": {"k_pid_pos": [1.067832625796835, 0.08740117908849983, 0.5594579126180488], "k_pid_alt": [2.0, 0.010549222046015017, 0.07340515011836334], "k_pid_att": [48.49443322931398, 0.32467040415160087, 0.72362421633254], "k_pid_yaw": [0.5, 1e-06, 0.1], "k_pid_hsp": [1.6113568825859395, 0.10729642527915562, 0.0], "k_pid_vsp": [220.1959590990617, 244.58009867310855, 9.079731974655006]}, "datetime": {"datetime": "2025-08-21 10:46:59", "elapsed": 7335.605324268341, "delta": 16.465596675872803}, "costs": {"total_cost": 190.781132881344, "time_cost": 72.536, "final_distance_cost": 1.8475326316736072, "oscillation_cost": 34.23217461969677, "completition_cost": 0.0, "overshoot_cost": 50.76527541794157, "power_cost": 17.405171130371095, "noise_cost": 13.994979081660968, "n_waypoints_completed": 9, "tot_waypoints": 9}}
{"target": -1156.6540353350065, "params": {"k_pid_pos": [2.0, 0.047049360999053956, 0.7817637030516152], "k_pid_alt": [0.5106526486699564, 0.020566260596876138, 0.03747668081198071], "k_pid_att": [46.7171618539777, 0.45786676228690615, 1.0], "k_pid_yaw": [0.5, 1e-06, 0.1], "k_pid_hsp": [0.0001, 0.04433973762348591, 0.0], "k_pid_vsp": [212.63749921176517, 346.6546011834254, 10.506669832709724]}, "datetime": {"datetime": "2025-08-21 10:47:22", "elapsed": 7358.678107261658, "delta": 23.07278299331665}, "costs": {"total_cost": 1156.6540353350065, "time_cost": 150, "final_distance_cost": 95.0424716856454, "oscillation_cost": 29.650681660219167, "completition_cost": 777.7777777777778, "overshoot_cost": 76.73827307308255, "power_cost": 14.642345690917969, "noise_cost": 12.802485447363539, "n_waypoints_completed": 2, "tot_waypoints": 9}}
{"target": -178.84607471562686, "params": {"k_pid_pos": [1.6696891982188198, 0.13652982262513877, 0.6548515637877993], "k_pid_alt": [1.6858959156042845, 0.00876155543590008, 0.037213644614987176], "k_pid_att": [41.320880776019166, 0.33565437887559946, 0.9445068213685524], "k_pid_yaw": [0.5, 1e-06, 0.1], "k_pid_hsp": [0.7391090939800383, 0.0, 0.0], "k_pid_vsp": [164.16423850243294, 195.95962513260739, 3.4111957279534995]}, "datetime": {"datetime": "2025-08-21 10:47:38", "elapsed": 7374.560736656189, "delta": 15.88262939453125}, "costs": {"total_cost": 178.84607471562686, "time_cost": 69.888, "final_distance_cost": 1.834953682420496, "oscillation_cost": 29.839615797889692, "completition_cost": 0.0, "overshoot_cost": 51.03538992096658, "power_cost": 13.7154548828125, "noise_cost": 12.532660431537579, "n_waypoints_completed": 9, "tot_waypoints": 9}}
{"target": -1201.899862133653, "params": {"k_pid_pos": [1.6806510901362028, 0.032742700740349774, 0.4109879213627016], "k_pid_alt": [0.6046679538436716, 0.032692659820747046, 0.05458966331593489], "k_pid_att": [62.395196608805314, 0.3398371011711161, 0.8681010809011545], "k_pid_yaw": [0.5, 1e-06, 0.1], "k_pid_hsp": [0.0001, 0.0, 0.0], "k_pid_vsp": [166.53966522570667, 294.14539985253367, 5.4576287379582356]}, "datetime": {"datetime": "2025-08-21 10:48:01", "elapsed": 7397.620273113251, "delta": 23.059536457061768}, "costs": {"total_cost": 1201.899862133653, "time_cost": 150, "final_distance_cost": 46.80210197618655, "oscillation_cost": 1.077829666684709, "completition_cost": 888.8888888888888, "overshoot_cost": 83.94779909322122, "power_cost": 16.701475146484377, "noise_cost": 14.481767362187318, "n_waypoints_completed": 1, "tot_waypoints": 9}}
{"target": -1211.6252992613922, "params": {"k_pid_pos": [2.0, 0.0, 0.8480160708491448], "k_pid_alt": [0.9702179096304784, 0.0038586227594845806, 0.037412904131059084], "k_pid_att": [48.11519752116205, 0.31777578229207315, 0.8370431276606305], "k_pid_yaw": [0.5, 1e-06, 0.1], "k_pid_hsp": [0.0001, 0.0, 0.0], "k_pid_vsp": [273.9316750746455, 400.0, 1e-06]}, "datetime": {"datetime": "2025-08-21 10:48:24", "elapsed": 7420.488335847855, "delta": 22.868062734603882}, "costs": {"total_cost": 1211.6252992613922, "time_cost": 150, "final_distance_cost": 47.08194807279167, "oscillation_cost": 0.3221567668665113, "completition_cost": 888.8888888888888, "overshoot_cost": 84.43295220022499, "power_cost": 23.363183825683596, "noise_cost": 17.536169506936805, "n_waypoints_completed": 1, "tot_waypoints": 9}}
{"target": -177.58106180191638, "params": {"k_pid_pos": [1.6862674405983196, 0.0162629349507564, 0.5764717372521567], "k_pid_alt": [0.7622620459814513, 0.010768756400405546, 0.010861403804928197], "k_pid_att": [50.144265970381944, 0.0001, 0.9287351949768388], "k_pid_yaw": [0.5, 1e-06, 0.1], "k_pid_hsp": [1.123129913531228, 0.006349118110075768, 0.0], "k_pid_vsp": [129.69750677224388, 173.53714409593672, 2.5717171853165754]}, "datetime": {"datetime": "2025-08-21 10:48:40", "elapsed": 7436.5224277973175, "delta": 16.03409194946289}, "costs": {"total_cost": 177.58106180191638, "time_cost": 70.19200000000001, "final_distance_cost": 1.8313965880396692, "oscillation_cost": 32.27854725578359, "completition_cost": 0.0, "overshoot_cost": 50.297541445113005, "power_cost": 11.8372302734375, "noise_cost": 11.14434623954259, "n_waypoints_completed": 9, "tot_waypoints": 9}}
{"target": -174.26780109570933, "params": {"k_pid_pos": [1.4246929898361966, 0.08998604844500012, 0.5499499352041441], "k_pid_alt": [1.7883961431443154, 0.0031572391614104658, 0.09257566483178727], "k_pid_att": [60.991036414695394, 0.27095658668839584, 0.9648303389324502], "k_pid_yaw": [0.5, 1e-06, 0.1], "k_pid_hsp": [1.4585121934169207, 0.0, 0.0], "k_pid_vsp": [278.48059238245804, 203.82249893607477, 0.03291252444389888]}, "datetime": {"datetime": "2025-08-21 10:48:56", "elapsed": 7452.756698608398, "delta": 16.234270811080933}, "costs": {"total_cost": 174.26780109570933, "time_cost": 69.432, "final_distance_cost": 1.8327734889028433, "oscillation_cost": 37.12011432312334, "completition_cost": 0.0, "overshoot_cost": 50.04334497768443, "power_cost": 7.244150830078126, "noise_cost": 8.59541747592057, "n_waypoints_completed": 9, "tot_waypoints": 9}}
{"target": -1107.4257750898587, "params": {"k_pid_pos": [1.1519797890950085, 0.03550479637517967, 1.0], "k_pid_alt": [1.472505203245806, 0.010480652489381756, 0.06578527848575393], "k_pid_att": [2.9879310342235925, 0.3055802395032235, 0.49122872561150793], "k_pid_yaw": [0.5, 1e-06, 0.1], "k_pid_hsp": [0.0001, 0.024648017126461513, 0.0], "k_pid_vsp": [144.8474801025153, 200.3084832202452, 8.318327417197532]}, "datetime": {"datetime": "2025-08-21 10:49:19", "elapsed": 7475.757960557938, "delta": 23.001261949539185}, "costs": {"total_cost": 1107.4257750898587, "time_cost": 150, "final_distance_cost": 68.7138134626606, "oscillation_cost": 12.681164371199383, "completition_cost": 777.7777777777778, "overshoot_cost": 70.49258297432843, "power_cost": 14.664913586425781, "noise_cost": 13.095522917466695, "n_waypoints_completed": 2, "tot_waypoints": 9}}
{"target": -182.9495024047266, "params": {"k_pid_pos": [2.0, 0.20540693156505294, 0.8907907199065542], "k_pid_alt": [1.3836683311139104, 0.016511701561347136, 0.028879755766636418], "k_pid_att": [47.057357418234716, 0.036113077253166814, 0.8867767470288074], "k_pid_yaw": [0.5, 1e-06, 0.1], "k_pid_hsp": [1.4504807936894801, 0.0, 0.0], "k_pid_vsp": [85.61321518504685, 400.0, 13.285742522137388]}, "datetime": {"datetime": "2025-08-21 10:49:35", "elapsed": 7491.808697462082, "delta": 16.050736904144287}, "costs": {"total_cost": 182.9495024047266, "time_cost": 69.968, "final_distance_cost": 1.83017538700106, "oscillation_cost": 40.196620263081904, "completition_cost": 0.0, "overshoot_cost": 50.61051467687976, "power_cost": 10.716261083984376, "noise_cost": 9.627930993779485, "n_waypoints_completed": 9, "tot_waypoints": 9}}
{"target": -179.3341631860402, "params": {"k_pid_pos": [1.3010978661112471, 0.06218024964045621, 0.47491599774590304], "k_pid_alt": [0.6829123468076762, 0.011947913913908884, 0.0], "k_pid_att": [75.33873284387106, 0.05582632658502686, 1.0], "k_pid_yaw": [0.5, 1e-06, 0.1], "k_pid_hsp": [1.4297853106696141, 0.11073765884939635, 0.0], "k_pid_vsp": [196.34630893529302, 400.0, 6.100137941234905]}, "datetime": {"datetime": "2025-08-21 10:49:52", "elapsed": 7508.638452529907, "delta": 16.829755067825317}, "costs": {"total_cost": 179.3341631860402, "time_cost": 71.296, "final_distance_cost": 1.8321857633756022, "oscillation_cost": 38.350517107780625, "completition_cost": 0.0, "overshoot_cost": 49.47335241181421, "power_cost": 8.750940966796875, "noise_cost": 9.631166936272919, "n_waypoints_completed": 9, "tot_waypoints": 9}}
{"target": -184.53999888827082, "params": {"k_pid_pos": [2.0, 0.03258039670750174, 1.0], "k_pid_alt": [1.8684828844833135, 0.010184503779720813, 0.03707943068426797], "k_pid_att": [88.0418359346848, 0.0001, 0.8349760084518145], "k_pid_yaw": [0.5, 1e-06, 0.1], "k_pid_hsp": [0.9334344769388636, 0.009000017790867823, 0.0], "k_pid_vsp": [291.1690859052549, 193.52759087387358, 8.171131092941314]}, "datetime": {"datetime": "2025-08-21 10:50:08", "elapsed": 7524.521995306015, "delta": 15.883542776107788}, "costs": {"total_cost": 184.53999888827082, "time_cost": 70.152, "final_distance_cost": 1.836303916548161, "oscillation_cost": 33.6448631838826, "completition_cost": 0.0, "overshoot_cost": 51.27659736830944, "power_cost": 14.845860778808595, "noise_cost": 12.784373640722013, "n_waypoints_completed": 9, "tot_waypoints": 9}}
{"target": -189.23738644968168, "params": {"k_pid_pos": [1.090213538470178, 0.08597981651713478, 0.6234056611983582], "k_pid_alt": [2.0, 0.016258846824031635, 0.12893968267341233], "k_pid_att": [56.74768559184903, 0.3419275180550804, 0.7511452243986548], "k_pid_yaw": [0.5, 1e-06, 0.1], "k_pid_hsp": [1.060032009177633, 0.013142967779872573, 0.0], "k_pid_vsp": [150.91048079265354, 400.0, 2.4203917777024073]}, "datetime": {"datetime": "2025-08-21 10:50:24", "elapsed": 7541.360544681549, "delta": 16.838549375534058}, "costs": {"total_cost": 189.23738644968168, "time_cost": 73.44, "final_distance_cost": 1.8388679398249734, "oscillation_cost": 35.23186452020806, "completition_cost": 0.0, "overshoot_cost": 50.50388533542335, "power_cost": 14.766743908691407, "noise_cost": 13.456024745533869, "n_waypoints_completed": 9, "tot_waypoints": 9}}
{"target": -192.76625300440918, "params": {"k_pid_pos": [1.587271216136027, 0.15793281970276843, 0.4858990285974729], "k_pid_alt": [1.8641685301105237, 0.004214769516961341, 0.03061926179174307], "k_pid_att": [46.80130886362059, 0.3653261384006559, 0.7950183037594476], "k_pid_yaw": [0.5, 1e-06, 0.1], "k_pid_hsp": [0.6913893807308212, 0.19785634567247964, 0.0], "k_pid_vsp": [226.635218836284, 383.19385873772427, 3.2354037577829384]}, "datetime": {"datetime": "2025-08-21 10:50:42", "elapsed": 7558.511775255203, "delta": 17.151230573654175}, "costs": {"total_cost": 192.76625300440918, "time_cost": 71.224, "final_distance_cost": 1.8256996757447514, "oscillation_cost": 35.43608301224561, "completition_cost": 0.0, "overshoot_cost": 51.15162972555089, "power_cost": 18.68362996826172, "noise_cost": 14.445210622606183, "n_waypoints_completed": 9, "tot_waypoints": 9}}
{"target": -180.00288170217934, "params": {"k_pid_pos": [1.2497155367057176, 0.10527620781336267, 0.8610127154395828], "k_pid_alt": [2.0, 0.0001982508841248034, 0.06524609351658887], "k_pid_att": [30.79661303260953, 0.26133536653651124, 1.0], "k_pid_yaw": [0.5, 1e-06, 0.1], "k_pid_hsp": [2.0923555845068473, 0.0, 0.0], "k_pid_vsp": [136.31236590822655, 285.7721970481584, 5.114994740262952]}, "datetime": {"datetime": "2025-08-21 10:50:58", "elapsed": 7575.295656919479, "delta": 16.783881664276123}, "costs": {"total_cost": 180.00288170217934, "time_cost": 72.232, "final_distance_cost": 1.8412786251201207, "oscillation_cost": 33.72535717102609, "completition_cost": 0.0, "overshoot_cost": 50.13346025836936, "power_cost": 10.989758422851564, "noise_cost": 11.0810272248122, "n_waypoints_completed": 9, "tot_waypoints": 9}}
