{"target": -201.30389254139567, "params": {"k_pid_pos": [2.0, 0.3470383779889088, 0.25723847743673484], "k_pid_alt": [1.4061932675741777, 0.002822852670598811, 0.014604670046790974], "k_pid_att": [54.464434307165845, 1.0256235468134438, 0.43115974114050387], "k_pid_yaw": [0.5, 1e-06, 0.1], "k_pid_hsp": [2.523205196161796, 0.5096924719533874, 0.0], "k_pid_vsp": [198.39378281866695, 256.5175324523491, 21.53953461654034]}, "datetime": {"datetime": "2025-08-21 10:23:12", "elapsed": 5909.368439912796, "delta": 18.47150754928589}, "costs": {"total_cost": 201.30389254139567, "time_cost": 72.92, "final_distance_cost": 1.7247920886802324, "oscillation_cost": 52.0195933230449, "completition_cost": 0.0, "overshoot_cost": 50.03123774198246, "power_cost": 13.701786621093751, "noise_cost": 10.906482766594294, "n_waypoints_completed": 9, "tot_waypoints": 9}}
{"target": -183.04516686212335, "params": {"k_pid_pos": [2.0, 0.0038250183260768317, 0.5050480391691267], "k_pid_alt": [1.3105318787984206, 0.0, 0.14342221697637622], "k_pid_att": [15.050638623972597, 1.3710779899406742, 0.23156237755665007], "k_pid_yaw": [0.5, 1e-06, 0.1], "k_pid_hsp": [1.859642615979135, 0.1960581451405505, 0.0], "k_pid_vsp": [139.8888665345813, 219.45084117225096, 4.4044969076791896]}, "datetime": {"datetime": "2025-08-21 10:23:33", "elapsed": 5929.662809848785, "delta": 20.29436993598938}, "costs": {"total_cost": 183.04516686212335, "time_cost": 68.728, "final_distance_cost": 1.7932381263764052, "oscillation_cost": 37.56333935160671, "completition_cost": 0.0, "overshoot_cost": 49.5287351916303, "power_cost": 13.646036352539063, "noise_cost": 11.785817839970884, "n_waypoints_completed": 9, "tot_waypoints": 9}}
{"target": -193.21415159487145, "params": {"k_pid_pos": [1.3564929263153276, 0.0, 0.8643459954188106], "k_pid_alt": [0.9364853712316649, 0.0, 0.060200301420304546], "k_pid_att": [69.24368051286311, 1.4548892905015538, 0.4609728747825838], "k_pid_yaw": [0.5, 1e-06, 0.1], "k_pid_hsp": [1.6870981392031945, 0.012079677082826543, 0.0], "k_pid_vsp": [166.0772327643625, 400.0, 7.097263648796807]}, "datetime": {"datetime": "2025-08-21 10:23:54", "elapsed": 5950.783103227615, "delta": 21.120293378829956}, "costs": {"total_cost": 193.21415159487145, "time_cost": 74.952, "final_distance_cost": 1.8469024612365152, "oscillation_cost": 36.175981018162254, "completition_cost": 0.0, "overshoot_cost": 50.642176007042934, "power_cost": 15.815064428710938, "noise_cost": 13.782027679718837, "n_waypoints_completed": 9, "tot_waypoints": 9}}
{"target": -183.69516449449569, "params": {"k_pid_pos": [0.6647713039315056, 0.05313021325802891, 0.04466875286867974], "k_pid_alt": [2.0, 0.0051924477607788655, 0.046436100412600025], "k_pid_att": [33.86721867648543, 1.4458054740997823, 0.8769839372666014], "k_pid_yaw": [0.5, 1e-06, 0.1], "k_pid_hsp": [3.7623617815217556, 0.21563356142332757, 0.0], "k_pid_vsp": [227.74330814270698, 398.7368512040304, 7.5416688377448695]}, "datetime": {"datetime": "2025-08-21 10:24:12", "elapsed": 5969.217248678207, "delta": 18.43414545059204}, "costs": {"total_cost": 183.69516449449569, "time_cost": 73.432, "final_distance_cost": 1.84794384926279, "oscillation_cost": 35.88898095881146, "completition_cost": 0.0, "overshoot_cost": 50.2170665921222, "power_cost": 11.098416027832032, "noise_cost": 11.21075706646722, "n_waypoints_completed": 9, "tot_waypoints": 9}}
{"target": -197.51122689494545, "params": {"k_pid_pos": [0.6559663072734544, 0.0, 0.4140285194034023], "k_pid_alt": [1.3947200141999059, 0.0007548067190776674, 0.09454437746931287], "k_pid_att": [38.97916808768472, 0.0001, 0.9742834103361991], "k_pid_yaw": [0.5, 1e-06, 0.1], "k_pid_hsp": [1.5510129473680472, 0.20905911871660351, 0.0], "k_pid_vsp": [66.22245848212346, 261.5389017452756, 5.777845126673917]}, "datetime": {"datetime": "2025-08-21 10:24:35", "elapsed": 5991.797313928604, "delta": 22.58006525039673}, "costs": {"total_cost": 197.51122689494545, "time_cost": 83.232, "final_distance_cost": 1.8576281240457648, "oscillation_cost": 34.75840277286845, "completition_cost": 0.0, "overshoot_cost": 50.492491148192734, "power_cost": 13.43697705078125, "noise_cost": 13.733727799057242, "n_waypoints_completed": 9, "tot_waypoints": 9}}
{"target": -1164.6864010012425, "params": {"k_pid_pos": [0.0001, 0.0105942916110945, 0.13946548183170523], "k_pid_alt": [1.3459093821109978, 0.008684142435957899, 0.18685371735210196], "k_pid_att": [48.86548301727958, 0.8701373240525102, 0.7881125398553421], "k_pid_yaw": [0.5, 1e-06, 0.1], "k_pid_hsp": [3.4635096135518246, 0.3978883503373695, 0.0], "k_pid_vsp": [371.8504495729297, 335.6923462637717, 6.066298866470429]}, "datetime": {"datetime": "2025-08-21 10:25:07", "elapsed": 6023.5789613723755, "delta": 31.781647443771362}, "costs": {"total_cost": 1164.6864010012425, "time_cost": 150, "final_distance_cost": 45.33981257947255, "oscillation_cost": 7.486720036414941, "completition_cost": 888.8888888888888, "overshoot_cost": 51.66535666561622, "power_cost": 10.027686584472656, "noise_cost": 11.277936246377582, "n_waypoints_completed": 1, "tot_waypoints": 9}}
{"target": -204.6697048538381, "params": {"k_pid_pos": [0.7258779008977726, 0.0, 0.5383029439621086], "k_pid_alt": [0.9448265193004931, 0.026982107485376192, 0.07436021259698126], "k_pid_att": [13.57065146043154, 0.07274931507161168, 0.9059804231358292], "k_pid_yaw": [0.5, 1e-06, 0.1], "k_pid_hsp": [3.4059271118261414, 0.2625841858546636, 0.0], "k_pid_vsp": [229.1851437580559, 191.282826226232, 1e-06]}, "datetime": {"datetime": "2025-08-21 10:25:29", "elapsed": 6045.897633552551, "delta": 22.31867218017578}, "costs": {"total_cost": 204.6697048538381, "time_cost": 85.16, "final_distance_cost": 1.845599366433462, "oscillation_cost": 32.638386813828475, "completition_cost": 0.0, "overshoot_cost": 52.267537664028005, "power_cost": 17.728080737304687, "noise_cost": 15.030100272243487, "n_waypoints_completed": 9, "tot_waypoints": 9}}
{"target": -189.30680238500887, "params": {"k_pid_pos": [1.4525340223728636, 0.028124547298686613, 0.23998820072190127], "k_pid_alt": [0.3973444843669876, 0.00626920671736613, 0.010934783533654934], "k_pid_att": [80.84046654285729, 0.7502974860453776, 0.11246425366690264], "k_pid_yaw": [0.5, 1e-06, 0.1], "k_pid_hsp": [1.353283606396656, 0.24213665120617092, 0.0], "k_pid_vsp": [364.064087586113, 400.0, 3.935545052194979]}, "datetime": {"datetime": "2025-08-21 10:25:48", "elapsed": 6064.705078125, "delta": 18.80744457244873}, "costs": {"total_cost": 189.30680238500887, "time_cost": 76.696, "final_distance_cost": 1.8579567468800904, "oscillation_cost": 40.09600403710809, "completition_cost": 0.0, "overshoot_cost": 50.11522294287578, "power_cost": 10.177864392089845, "noise_cost": 10.36375426605505, "n_waypoints_completed": 9, "tot_waypoints": 9}}
{"target": -220.76932002138702, "params": {"k_pid_pos": [1.2193210673254695, 0.36281792993999135, 0.0], "k_pid_alt": [2.0, 0.02088973091333457, 0.0024922633377759177], "k_pid_att": [75.0063807200696, 0.3144364480930815, 0.44187739324648206], "k_pid_yaw": [0.5, 1e-06, 0.1], "k_pid_hsp": [3.0913891534920452, 0.34661536563826134, 0.0], "k_pid_vsp": [249.90633063399483, 1e-06, 9.863848857172059]}, "datetime": {"datetime": "2025-08-21 10:26:13", "elapsed": 6089.471702814102, "delta": 24.766624689102173}, "costs": {"total_cost": 220.76932002138702, "time_cost": 79.888, "final_distance_cost": 1.7625653777832997, "oscillation_cost": 50.338359303293004, "completition_cost": 0.0, "overshoot_cost": 52.79561217744935, "power_cost": 20.764110095214846, "noise_cost": 15.220673067646512, "n_waypoints_completed": 9, "tot_waypoints": 9}}
{"target": -220.00929873133975, "params": {"k_pid_pos": [0.787860457216945, 0.0, 0.7775711345999327], "k_pid_alt": [1.6060021445166865, 0.0035176529700572472, 0.07432490388706446], "k_pid_att": [48.66664829558809, 0.5099926209461211, 0.6612696769278087], "k_pid_yaw": [0.5, 1e-06, 0.1], "k_pid_hsp": [1.3518362023996857, 0.22202209390669295, 0.0], "k_pid_vsp": [0.0, 388.69377305838617, 0.768845887798642]}, "datetime": {"datetime": "2025-08-21 10:26:35", "elapsed": 6112.250684738159, "delta": 22.778981924057007}, "costs": {"total_cost": 220.00929873133975, "time_cost": 82.168, "final_distance_cost": 1.862602410451281, "oscillation_cost": 57.574035249440435, "completition_cost": 0.0, "overshoot_cost": 52.67748678482519, "power_cost": 14.336908666992189, "noise_cost": 11.390265619630654, "n_waypoints_completed": 9, "tot_waypoints": 9}}
{"target": -191.16850062482823, "params": {"k_pid_pos": [0.7480971744533643, 0.012697343949440948, 0.0], "k_pid_alt": [1.4900414174868029, 0.00778755254348161, 0.09375729948586796], "k_pid_att": [38.48775144020927, 0.0001, 0.5042073235558145], "k_pid_yaw": [0.5, 1e-06, 0.1], "k_pid_hsp": [3.1363078441765517, 0.0, 0.0], "k_pid_vsp": [198.41556383812738, 219.09305530416157, 6.2483995634793255]}, "datetime": {"datetime": "2025-08-21 10:26:53", "elapsed": 6129.474942207336, "delta": 17.224257469177246}, "costs": {"total_cost": 191.16850062482823, "time_cost": 72.872, "final_distance_cost": 1.847738605639256, "oscillation_cost": 33.9862730521664, "completition_cost": 0.0, "overshoot_cost": 51.38142123863375, "power_cost": 16.615357055664063, "noise_cost": 14.465710672724773, "n_waypoints_completed": 9, "tot_waypoints": 9}}
{"target": -174.90639637372027, "params": {"k_pid_pos": [1.731475959656014, 0.014216246179664901, 0.9972206777520243], "k_pid_alt": [1.3417877028345089, 0.002339028282144461, 0.08513036296160477], "k_pid_att": [45.57929130243759, 0.4841775303075402, 0.6233478337274514], "k_pid_yaw": [0.5, 1e-06, 0.1], "k_pid_hsp": [1.8618486293096257, 0.024509867514730648, 0.0], "k_pid_vsp": [136.83469484729383, 220.18204370861125, 3.4081280462648067]}, "datetime": {"datetime": "2025-08-21 10:27:15", "elapsed": 6151.493101835251, "delta": 22.01815962791443}, "costs": {"total_cost": 174.90639637372027, "time_cost": 70.44800000000001, "final_distance_cost": 1.8424002606658474, "oscillation_cost": 34.302127893697, "completition_cost": 0.0, "overshoot_cost": 49.04480487023442, "power_cost": 9.218979858398438, "noise_cost": 10.050083490724576, "n_waypoints_completed": 9, "tot_waypoints": 9}}
{"target": -382.68466057062614, "params": {"k_pid_pos": [0.35977340436397814, 0.0865178537869083, 0.7058067686716883], "k_pid_alt": [0.9800961263819091, 0.009459634322586811, 0.11374467679484927], "k_pid_att": [52.89092907670197, 0.6174115155967913, 0.44430275994113383], "k_pid_yaw": [0.5, 1e-06, 0.1], "k_pid_hsp": [0.7940126391707997, 0.12310074137181683, 0.0], "k_pid_vsp": [129.23489210482902, 368.664854095115, 6.500404210042973]}, "datetime": {"datetime": "2025-08-21 10:27:40", "elapsed": 6176.793756008148, "delta": 25.30065417289734}, "costs": {"total_cost": 382.68466057062614, "time_cost": 150, "final_distance_cost": 10.67957925217558, "oscillation_cost": 24.572314485374452, "completition_cost": 111.11111111111116, "overshoot_cost": 56.95320576413462, "power_cost": 14.900225927734375, "noise_cost": 14.468224030095953, "n_waypoints_completed": 8, "tot_waypoints": 9}}
{"target": -183.89051699561196, "params": {"k_pid_pos": [1.8850015812887475, 0.0, 0.41789501879186713], "k_pid_alt": [1.2519997973513604, 0.01149175370448062, 0.07430163140473971], "k_pid_att": [34.68671218661365, 0.0001, 1.0], "k_pid_yaw": [0.5, 1e-06, 0.1], "k_pid_hsp": [2.5322583910831824, 0.0, 0.0], "k_pid_vsp": [327.22718494600576, 400.0, 5.829500491753236]}, "datetime": {"datetime": "2025-08-21 10:28:01", "elapsed": 6198.128434419632, "delta": 21.334678411483765}, "costs": {"total_cost": 183.89051699561196, "time_cost": 69.632, "final_distance_cost": 1.797924727315926, "oscillation_cost": 35.12845780885071, "completition_cost": 0.0, "overshoot_cost": 50.59677142633666, "power_cost": 14.391312231445314, "noise_cost": 12.344050801663347, "n_waypoints_completed": 9, "tot_waypoints": 9}}
{"target": -6601.272684595899, "params": {"k_pid_pos": [1.3745770220246414, 0.10751264312692939, 0.47732752428589215], "k_pid_alt": [0.7001403565309743, 0.010353209367113888, 0.18278017195451235], "k_pid_att": [0.0, 0.0001, 1.0], "k_pid_yaw": [0.5, 1e-06, 0.1], "k_pid_hsp": [3.13250588038605, 0.4632608499626323, 0.0], "k_pid_vsp": [269.0951994710999, 400.0, 9.891143123609664]}, "datetime": {"datetime": "2025-08-21 10:28:27", "elapsed": 6224.346460580826, "delta": 26.218026161193848}, "costs": {"total_cost": 6601.272684595899, "time_cost": 150, "final_distance_cost": 1997.759384286312, "oscillation_cost": 1.1045763452824882, "completition_cost": 1000.0, "overshoot_cost": 3411.386905602919, "power_cost": 23.975381896972657, "noise_cost": 17.046436464412594, "n_waypoints_completed": 0, "tot_waypoints": 9}}
{"target": -182.04011607759102, "params": {"k_pid_pos": [1.0501687051174955, 0.11976990009553427, 0.3820435452693924], "k_pid_alt": [1.7552729424527875, 0.0031146705199915407, 0.05292145320437133], "k_pid_att": [48.0156570411013, 0.6409143822380391, 0.642357841721744], "k_pid_yaw": [0.5, 1e-06, 0.1], "k_pid_hsp": [1.2997301497842335, 0.3009832309975841, 0.0], "k_pid_vsp": [130.65064608185926, 333.2367963998147, 9.306251968284572]}, "datetime": {"datetime": "2025-08-21 10:28:45", "elapsed": 6242.0640001297, "delta": 17.7175395488739}, "costs": {"total_cost": 182.04011607759102, "time_cost": 70.24, "final_distance_cost": 1.8451448130617376, "oscillation_cost": 36.39440808120387, "completition_cost": 0.0, "overshoot_cost": 49.92928548876147, "power_cost": 12.347950244140625, "noise_cost": 11.28332745042331, "n_waypoints_completed": 9, "tot_waypoints": 9}}
{"target": -188.94690620970357, "params": {"k_pid_pos": [1.4097014555050345, 0.011924102049860214, 0.6405601161384143], "k_pid_alt": [2.0, 0.0035570628509280296, 0.08263012970156143], "k_pid_att": [43.86663735164379, 0.971690571473644, 0.21060785420666805], "k_pid_yaw": [0.5, 1e-06, 0.1], "k_pid_hsp": [1.4208028500231062, 0.4043154728649388, 0.0], "k_pid_vsp": [314.15385370376003, 229.59658636790536, 5.464659896419754]}, "datetime": {"datetime": "2025-08-21 10:29:08", "elapsed": 6264.514936923981, "delta": 22.450936794281006}, "costs": {"total_cost": 188.94690620970357, "time_cost": 70.432, "final_distance_cost": 1.8424229645416277, "oscillation_cost": 39.20129931557975, "completition_cost": 0.0, "overshoot_cost": 50.100364058891564, "power_cost": 14.648444750976564, "noise_cost": 12.722375119714075, "n_waypoints_completed": 9, "tot_waypoints": 9}}
{"target": -182.2949241933367, "params": {"k_pid_pos": [1.7353854235795254, 0.19906847085209353, 0.33592205789794577], "k_pid_alt": [1.5291733214656276, 0.005269854376778098, 0.0], "k_pid_att": [46.38967314762624, 0.0001, 0.6508629740726405], "k_pid_yaw": [0.5, 1e-06, 0.1], "k_pid_hsp": [1.8324725368262944, 0.07847696500136964, 0.0], "k_pid_vsp": [275.2010875483744, 400.0, 10.687871054430204]}, "datetime": {"datetime": "2025-08-21 10:29:25", "elapsed": 6282.349355697632, "delta": 17.834418773651123}, "costs": {"total_cost": 182.2949241933367, "time_cost": 68.944, "final_distance_cost": 1.7869482351157555, "oscillation_cost": 39.58820964686052, "completition_cost": 0.0, "overshoot_cost": 50.284349458194555, "power_cost": 11.655661816406251, "noise_cost": 10.035755036759603, "n_waypoints_completed": 9, "tot_waypoints": 9}}
{"target": -199.58950858037102, "params": {"k_pid_pos": [0.7307745167024673, 0.15678905346485936, 0.37401430758101695], "k_pid_alt": [2.0, 0.02820872819978403, 0.11371578166411034], "k_pid_att": [34.82305064005373, 0.49095412637074803, 0.8919237076543167], "k_pid_yaw": [0.5, 1e-06, 0.1], "k_pid_hsp": [1.637905016261307, 0.0, 0.0], "k_pid_vsp": [250.71952491794937, 97.911394568744, 7.312741042145887]}, "datetime": {"datetime": "2025-08-21 10:29:46", "elapsed": 6302.7661101818085, "delta": 20.416754484176636}, "costs": {"total_cost": 199.58950858037102, "time_cost": 81.08, "final_distance_cost": 1.8311402896714404, "oscillation_cost": 30.655335099054067, "completition_cost": 0.0, "overshoot_cost": 53.035084007180316, "power_cost": 17.19266015625, "noise_cost": 15.795289028215185, "n_waypoints_completed": 9, "tot_waypoints": 9}}
{"target": -175.1291295438072, "params": {"k_pid_pos": [1.6054767390612816, 0.0699042941656735, 0.25797226567660303], "k_pid_alt": [1.4924736713870834, 0.0, 0.09276748076005421], "k_pid_att": [39.8199672425109, 0.4571022098472732, 0.6760060111380294], "k_pid_yaw": [0.5, 1e-06, 0.1], "k_pid_hsp": [1.7708699738436693, 0.0, 0.0], "k_pid_vsp": [66.09612491358003, 264.654239046633, 6.96104026313757]}, "datetime": {"datetime": "2025-08-21 10:30:08", "elapsed": 6325.234894752502, "delta": 22.46878457069397}, "costs": {"total_cost": 175.1291295438072, "time_cost": 68.152, "final_distance_cost": 1.7945024820560533, "oscillation_cost": 36.237646424425485, "completition_cost": 0.0, "overshoot_cost": 50.15312529206162, "power_cost": 9.436672570800782, "noise_cost": 9.355182774463268, "n_waypoints_completed": 9, "tot_waypoints": 9}}
{"target": -188.26317307973164, "params": {"k_pid_pos": [2.0, 0.09259418560290229, 0.08929648778131981], "k_pid_alt": [1.2021245040103208, 0.002670939813380478, 0.07423818849861748], "k_pid_att": [30.943552347638583, 0.5269242551930798, 0.6600296103319151], "k_pid_yaw": [0.5, 1e-06, 0.1], "k_pid_hsp": [1.3890446068034323, 0.07658251520118103, 0.0], "k_pid_vsp": [400.0, 285.45246275327185, 9.131248377643962]}, "datetime": {"datetime": "2025-08-21 10:30:28", "elapsed": 6345.210698843002, "delta": 19.975804090499878}, "costs": {"total_cost": 188.26317307973164, "time_cost": 69.56, "final_distance_cost": 1.7936427578223892, "oscillation_cost": 38.2103259300001, "completition_cost": 0.0, "overshoot_cost": 51.1411978295778, "power_cost": 15.288479821777344, "noise_cost": 12.269526740553994, "n_waypoints_completed": 9, "tot_waypoints": 9}}
{"target": -173.6118514580167, "params": {"k_pid_pos": [1.416323047606699, 0.057676971618528194, 0.36255181178724666], "k_pid_alt": [0.9694330001869012, 0.013001477151467456, 0.06703044937216583], "k_pid_att": [66.38406454324577, 0.2099394687138559, 1.0], "k_pid_yaw": [0.5, 1e-06, 0.1], "k_pid_hsp": [0.6196688178180025, 0.0, 0.0], "k_pid_vsp": [227.7107761812846, 345.45347487600856, 7.077786462624398]}, "datetime": {"datetime": "2025-08-21 10:30:46", "elapsed": 6362.786385774612, "delta": 17.575686931610107}, "costs": {"total_cost": 173.6118514580167, "time_cost": 69.44, "final_distance_cost": 1.8368158886629327, "oscillation_cost": 33.29771002812302, "completition_cost": 0.0, "overshoot_cost": 49.83426025307874, "power_cost": 9.398342687988281, "noise_cost": 9.804722600163734, "n_waypoints_completed": 9, "tot_waypoints": 9}}
{"target": -606.9866894212682, "params": {"k_pid_pos": [2.0, 0.0, 0.8935245551360497], "k_pid_alt": [2.0, 0.006622219808626455, 0.03981528643034762], "k_pid_att": [15.552641130138307, 1.4633150511086528, 0.09435256279134867], "k_pid_yaw": [0.5, 1e-06, 0.1], "k_pid_hsp": [1.5846588157569734, 0.409551353737142, 0.0], "k_pid_vsp": [0.0, 378.00110381499354, 8.243973543374123]}, "datetime": {"datetime": "2025-08-21 10:31:15", "elapsed": 6391.971439361572, "delta": 29.18505358695984}, "costs": {"total_cost": 606.9866894212682, "time_cost": 150, "final_distance_cost": 68.56907042330742, "oscillation_cost": 79.1363757560149, "completition_cost": 222.2222222222222, "overshoot_cost": 51.20736034648684, "power_cost": 21.44301658935547, "noise_cost": 14.408644083881425, "n_waypoints_completed": 7, "tot_waypoints": 9}}
{"target": -217.73988092210647, "params": {"k_pid_pos": [0.6277757309422519, 0.03449856594711583, 1.0], "k_pid_alt": [1.4470083910566487, 0.0056068809776340925, 0.04281763224256169], "k_pid_att": [22.693248768224322, 0.06264521715353628, 0.9252449415676303], "k_pid_yaw": [0.5, 1e-06, 0.1], "k_pid_hsp": [1.2129872891356819, 0.43259320510017824, 0.0], "k_pid_vsp": [309.2827581296273, 294.19081140741076, 0.09009959934574319]}, "datetime": {"datetime": "2025-08-21 10:31:42", "elapsed": 6418.662310838699, "delta": 26.690871477127075}, "costs": {"total_cost": 217.73988092210647, "time_cost": 94.184, "final_distance_cost": 1.857922226289706, "oscillation_cost": 30.422871527174035, "completition_cost": 0.0, "overshoot_cost": 53.50884113120079, "power_cost": 19.380936279296876, "noise_cost": 18.38530975814508, "n_waypoints_completed": 9, "tot_waypoints": 9}}
{"target": -205.42368604301782, "params": {"k_pid_pos": [1.7849980948844788, 0.0, 0.6032663960024623], "k_pid_alt": [1.2725572104208327, 0.0015067930052334838, 0.051275463590110947], "k_pid_att": [3.5698639111331, 0.0001, 1.0], "k_pid_yaw": [0.5, 1e-06, 0.1], "k_pid_hsp": [0.33503430620855945, 0.4306704680667069, 0.0], "k_pid_vsp": [323.8371337928359, 303.196722152074, 0.2708671010514105]}, "datetime": {"datetime": "2025-08-21 10:32:04", "elapsed": 6441.122176885605, "delta": 22.459866046905518}, "costs": {"total_cost": 205.42368604301782, "time_cost": 71.008, "final_distance_cost": 1.8435614581108157, "oscillation_cost": 58.56889379184098, "completition_cost": 0.0, "overshoot_cost": 49.27045722304364, "power_cost": 13.250305419921876, "noise_cost": 11.482468150100512, "n_waypoints_completed": 9, "tot_waypoints": 9}}
{"target": -193.7340706790842, "params": {"k_pid_pos": [1.0068775569924868, 0.13507991401621963, 0.5643204600971604], "k_pid_alt": [1.1877908651787112, 0.003952160100634203, 0.07863314455833648], "k_pid_att": [41.28274442983899, 0.06183691255790924, 0.6966756911945177], "k_pid_yaw": [0.5, 1e-06, 0.1], "k_pid_hsp": [5.89468774724195, 0.3646807793197872, 0.0], "k_pid_vsp": [132.83354519091313, 397.3875363510487, 18.309079533764304]}, "datetime": {"datetime": "2025-08-21 10:32:29", "elapsed": 6465.62509560585, "delta": 24.50291872024536}, "costs": {"total_cost": 193.7340706790842, "time_cost": 74.648, "final_distance_cost": 1.8409296001969648, "oscillation_cost": 48.74219043110887, "completition_cost": 0.0, "overshoot_cost": 51.09338055310361, "power_cost": 8.280976110839845, "noise_cost": 9.128593983834904, "n_waypoints_completed": 9, "tot_waypoints": 9}}
