{"target": -178.9897377580726, "params": {"k_pid_pos": [1.9925819478023694, 0.1995529753047555, 0.5629173541013727], "k_pid_alt": [1.4603622625078472, 0.0028527230448060817, 0.029054858096662462], "k_pid_att": [26.549374100001305, 0.3086950314696711, 0.5060925511040101], "k_pid_yaw": [0.5, 1e-06, 0.1], "k_pid_hsp": [0.3769644163924162, 0.013150446545806596, 0.0], "k_pid_vsp": [400.0, 295.14270229041625, 2.808423036653977]}, "datetime": {"datetime": "2025-08-21 13:17:21", "elapsed": 16358.370715141296, "delta": 16.032230377197266}, "costs": {"total_cost": 178.9897377580726, "time_cost": 69.47200000000001, "final_distance_cost": 1.774780386471378, "oscillation_cost": 30.643739251481993, "completition_cost": 0.0, "overshoot_cost": 50.49961755057686, "power_cost": 14.333937182617188, "noise_cost": 12.265663386925208, "n_waypoints_completed": 9, "tot_waypoints": 9}}
{"target": -173.6401687463793, "params": {"k_pid_pos": [1.899026457497386, 0.13274186314082473, 0.8252933233882462], "k_pid_alt": [2.0, 0.005705992345408584, 0.04338557203721657], "k_pid_att": [32.87065249009042, 0.10015510930996467, 0.6212810826769667], "k_pid_yaw": [0.5, 1e-06, 0.1], "k_pid_hsp": [0.37705245443604474, 0.011373808467433605, 0.0], "k_pid_vsp": [224.60224277815394, 297.597203792892, 1.6789150751454749]}, "datetime": {"datetime": "2025-08-21 13:17:37", "elapsed": 16374.339661836624, "delta": 15.968946695327759}, "costs": {"total_cost": 173.6401687463793, "time_cost": 69.152, "final_distance_cost": 1.8153781978973371, "oscillation_cost": 29.962974966476196, "completition_cost": 0.0, "overshoot_cost": 50.21694176373433, "power_cost": 11.470856494140625, "noise_cost": 11.022017324130779, "n_waypoints_completed": 9, "tot_waypoints": 9}}
{"target": -172.2853180195395, "params": {"k_pid_pos": [2.0, 0.05046281856827489, 1.0], "k_pid_alt": [2.0, 0.00815162837067421, 0.0456476240999037], "k_pid_att": [24.35973267782333, 0.19481148490140207, 0.42154483231311696], "k_pid_yaw": [0.5, 1e-06, 0.1], "k_pid_hsp": [0.2491145746078531, 0.04704926730918659, 0.0], "k_pid_vsp": [400.0, 193.30176971527044, 1.9259530337664945]}, "datetime": {"datetime": "2025-08-21 13:17:53", "elapsed": 16389.688232183456, "delta": 15.348570346832275}, "costs": {"total_cost": 172.2853180195395, "time_cost": 69.264, "final_distance_cost": 1.8452608079908261, "oscillation_cost": 29.838228888681467, "completition_cost": 0.0, "overshoot_cost": 49.472780387078274, "power_cost": 11.138032873535156, "noise_cost": 10.727015062253763, "n_waypoints_completed": 9, "tot_waypoints": 9}}
{"target": -182.21162350106053, "params": {"k_pid_pos": [0.7254585423550287, 0.044974517022167836, 0.62789151644192], "k_pid_alt": [2.0, 0.008397737447885252, 0.028163840470184488], "k_pid_att": [63.56395906548926, 0.15993101243557623, 0.40781609713703015], "k_pid_yaw": [0.5, 1e-06, 0.1], "k_pid_hsp": [0.0698622264523265, 0.017809780001572975, 0.0], "k_pid_vsp": [211.15903763053242, 97.56427162633109, 1.1124820107544544]}, "datetime": {"datetime": "2025-08-21 13:18:10", "elapsed": 16407.35733127594, "delta": 17.66909909248352}, "costs": {"total_cost": 182.21162350106053, "time_cost": 75.856, "final_distance_cost": 1.8534153221180962, "oscillation_cost": 22.282024829939846, "completition_cost": 0.0, "overshoot_cost": 51.82561907908212, "power_cost": 15.664858349609375, "noise_cost": 14.729705920311119, "n_waypoints_completed": 9, "tot_waypoints": 9}}
{"target": -172.4611186045761, "params": {"k_pid_pos": [2.0, 0.0, 1.0], "k_pid_alt": [1.7875784569216417, 0.0062029855244690015, 0.020340547660109634], "k_pid_att": [28.214827041004952, 0.1528632207585969, 0.5382764132385605], "k_pid_yaw": [0.5, 1e-06, 0.1], "k_pid_hsp": [0.1500229165114463, 0.023686482125576478, 0.0], "k_pid_vsp": [203.5949749669313, 372.658565854437, 1.990543851732962]}, "datetime": {"datetime": "2025-08-21 13:18:27", "elapsed": 16423.647362947464, "delta": 16.290031671524048}, "costs": {"total_cost": 172.4611186045761, "time_cost": 69.528, "final_distance_cost": 1.8384019153709235, "oscillation_cost": 29.430910669669647, "completition_cost": 0.0, "overshoot_cost": 50.00037295842245, "power_cost": 11.144412805175781, "noise_cost": 10.519020255937276, "n_waypoints_completed": 9, "tot_waypoints": 9}}
{"target": -174.57052858893908, "params": {"k_pid_pos": [1.7242248200527373, 0.09770833083237013, 0.5396089711554249], "k_pid_alt": [2.0, 0.004878407207654226, 0.021934869400463335], "k_pid_att": [11.938275260913038, 0.23504673736536094, 0.4576536192420766], "k_pid_yaw": [0.5, 1e-06, 0.1], "k_pid_hsp": [0.11288571794017277, 0.025383861860676565, 0.0], "k_pid_vsp": [209.75357228976824, 214.45139398360084, 1.8944958553159974]}, "datetime": {"datetime": "2025-08-21 13:18:42", "elapsed": 16439.317804813385, "delta": 15.67044186592102}, "costs": {"total_cost": 174.57052858893908, "time_cost": 69.04, "final_distance_cost": 1.8041810702725756, "oscillation_cost": 31.79817990649351, "completition_cost": 0.0, "overshoot_cost": 49.956414371654205, "power_cost": 11.367254528808594, "noise_cost": 10.604498711710203, "n_waypoints_completed": 9, "tot_waypoints": 9}}
{"target": -178.4612290814603, "params": {"k_pid_pos": [1.5854904768011224, 0.11826897939759358, 0.5345138657658411], "k_pid_alt": [1.7616068532824911, 0.00614945079646746, 0.024716544831536177], "k_pid_att": [21.748608504510816, 0.1820321122649765, 0.4489836831765642], "k_pid_yaw": [0.5, 1e-06, 0.1], "k_pid_hsp": [0.4510494340110915, 0.01309023679197611, 0.0], "k_pid_vsp": [251.10062824898196, 283.02344835074047, 1.6505144331013828]}, "datetime": {"datetime": "2025-08-21 13:18:58", "elapsed": 16455.235586166382, "delta": 15.917781352996826}, "costs": {"total_cost": 178.4612290814603, "time_cost": 69.688, "final_distance_cost": 1.8272651936679614, "oscillation_cost": 30.52260516575237, "completition_cost": 0.0, "overshoot_cost": 50.17035419958842, "power_cost": 13.998086169433595, "noise_cost": 12.254918353017969, "n_waypoints_completed": 9, "tot_waypoints": 9}}
{"target": -179.77899562003185, "params": {"k_pid_pos": [2.0, 0.15531480134822104, 1.0], "k_pid_alt": [1.6186669902697484, 0.007900800204180916, 0.004875224475717301], "k_pid_att": [24.88503517960911, 0.12198596052921633, 0.15457167526911653], "k_pid_yaw": [0.5, 1e-06, 0.1], "k_pid_hsp": [0.1522526162580357, 0.009706382782841118, 0.0], "k_pid_vsp": [143.01306525382117, 313.2058915224698, 0.35837441825725586]}, "datetime": {"datetime": "2025-08-21 13:19:15", "elapsed": 16471.50263261795, "delta": 16.267046451568604}, "costs": {"total_cost": 179.77899562003185, "time_cost": 69.912, "final_distance_cost": 1.8168137305308747, "oscillation_cost": 28.947071331194444, "completition_cost": 0.0, "overshoot_cost": 50.71927843733835, "power_cost": 15.362827368164064, "noise_cost": 13.021004752804114, "n_waypoints_completed": 9, "tot_waypoints": 9}}
{"target": -175.23473966955427, "params": {"k_pid_pos": [1.9156903587460994, 0.09173635853274342, 1.0], "k_pid_alt": [1.9190530782582222, 0.0035116134653978824, 0.02209082424405538], "k_pid_att": [24.268567574451783, 0.13204321444985756, 0.49253945008703837], "k_pid_yaw": [0.5, 1e-06, 0.1], "k_pid_hsp": [0.19967758225896648, 0.03157326716421376, 0.0], "k_pid_vsp": [163.80268195060262, 236.81854268372038, 1.9843377153158002]}, "datetime": {"datetime": "2025-08-21 13:19:30", "elapsed": 16487.386323690414, "delta": 15.88369107246399}, "costs": {"total_cost": 175.23473966955427, "time_cost": 69.664, "final_distance_cost": 1.8435270188112913, "oscillation_cost": 29.000115585584545, "completition_cost": 0.0, "overshoot_cost": 50.09782677818592, "power_cost": 12.878549389648438, "noise_cost": 11.750720897324072, "n_waypoints_completed": 9, "tot_waypoints": 9}}
{"target": -181.95567639731374, "params": {"k_pid_pos": [1.4657431357945223, 0.051048456926625095, 1.0], "k_pid_alt": [1.8976998424708045, 0.003631930667547434, 0.016596827088910707], "k_pid_att": [22.704646556055497, 0.17506812633718916, 0.407857687502917], "k_pid_yaw": [0.5, 1e-06, 0.1], "k_pid_hsp": [0.6046066710763088, 0.013042103393693891, 0.0], "k_pid_vsp": [373.07925985542715, 331.7614304900837, 1.5976450968000933]}, "datetime": {"datetime": "2025-08-21 13:19:47", "elapsed": 16504.033358812332, "delta": 16.647035121917725}, "costs": {"total_cost": 181.95567639731374, "time_cost": 72.208, "final_distance_cost": 1.8430796771536961, "oscillation_cost": 30.210285410098216, "completition_cost": 0.0, "overshoot_cost": 50.72211003124654, "power_cost": 14.19272431640625, "noise_cost": 12.779476962409074, "n_waypoints_completed": 9, "tot_waypoints": 9}}
{"target": -175.2143281429721, "params": {"k_pid_pos": [1.625135612761745, 0.12996905982581952, 0.9014829743331152], "k_pid_alt": [2.0, 0.005937080823825289, 0.03358447913881837], "k_pid_att": [29.578823037690324, 0.2524072361676053, 0.3648494234171811], "k_pid_yaw": [0.5, 1e-06, 0.1], "k_pid_hsp": [0.24158549533561402, 0.03408781806626098, 0.0], "k_pid_vsp": [267.9568698598797, 175.94117490123685, 1.7858867386383992]}, "datetime": {"datetime": "2025-08-21 13:20:04", "elapsed": 16520.88284635544, "delta": 16.84948754310608}, "costs": {"total_cost": 175.2143281429721, "time_cost": 69.728, "final_distance_cost": 1.8323554119513157, "oscillation_cost": 28.782502241939458, "completition_cost": 0.0, "overshoot_cost": 50.200298147182274, "power_cost": 12.968046496582032, "noise_cost": 11.703125845317048, "n_waypoints_completed": 9, "tot_waypoints": 9}}
{"target": -179.71266394122364, "params": {"k_pid_pos": [2.0, 0.12111141391624419, 1.0], "k_pid_alt": [1.7842233447082994, 0.004648659498884213, 0.01405525522907695], "k_pid_att": [6.880275443307905, 0.15802376515539215, 0.4714128239284472], "k_pid_yaw": [0.5, 1e-06, 0.1], "k_pid_hsp": [0.20180405640719326, 0.025796047385688733, 0.0], "k_pid_vsp": [125.58608501551379, 234.210525761011, 3.0653445622424997]}, "datetime": {"datetime": "2025-08-21 13:20:20", "elapsed": 16537.057138442993, "delta": 16.17429208755493}, "costs": {"total_cost": 179.71266394122364, "time_cost": 69.488, "final_distance_cost": 1.8253727724811022, "oscillation_cost": 30.92954232476449, "completition_cost": 0.0, "overshoot_cost": 50.44757920881621, "power_cost": 14.557350146484376, "noise_cost": 12.464819488677465, "n_waypoints_completed": 9, "tot_waypoints": 9}}
{"target": -179.38572125441948, "params": {"k_pid_pos": [2.0, 0.11708089213871713, 0.6233455446552185], "k_pid_alt": [1.9218617635886248, 0.0041098933679860825, 0.004798992432623365], "k_pid_att": [22.30159221273361, 0.0234775422166293, 0.385645495337322], "k_pid_yaw": [0.5, 1e-06, 0.1], "k_pid_hsp": [0.24601453468201476, 0.019410492758609104, 0.0], "k_pid_vsp": [197.48356475423864, 93.34668888543119, 1.0501612617348044]}, "datetime": {"datetime": "2025-08-21 13:20:36", "elapsed": 16553.13953447342, "delta": 16.082396030426025}, "costs": {"total_cost": 179.38572125441948, "time_cost": 69.256, "final_distance_cost": 1.7929886928684085, "oscillation_cost": 30.601889594813013, "completition_cost": 0.0, "overshoot_cost": 50.94043345539466, "power_cost": 14.422353100585939, "noise_cost": 12.372056410757446, "n_waypoints_completed": 9, "tot_waypoints": 9}}
{"target": -176.41686212012942, "params": {"k_pid_pos": [1.8260590103858372, 0.09362002476720216, 1.0], "k_pid_alt": [1.1144631979911643, 0.0031654981957053734, 0.028590644751044322], "k_pid_att": [26.822501169829334, 0.22999501600865327, 0.36127969252622316], "k_pid_yaw": [0.5, 1e-06, 0.1], "k_pid_hsp": [0.2542641287758583, 0.0009018672478729462, 0.0], "k_pid_vsp": [206.58119311970484, 155.98090844624633, 0.24929201861555242]}, "datetime": {"datetime": "2025-08-21 13:20:53", "elapsed": 16569.527619838715, "delta": 16.38808536529541}, "costs": {"total_cost": 176.41686212012942, "time_cost": 70.296, "final_distance_cost": 1.8354882784448097, "oscillation_cost": 28.44308689979685, "completition_cost": 0.0, "overshoot_cost": 50.375161574890825, "power_cost": 13.45037322998047, "noise_cost": 12.01675213701646, "n_waypoints_completed": 9, "tot_waypoints": 9}}
{"target": -171.22709608137274, "params": {"k_pid_pos": [2.0, 0.07222803745767832, 0.6329411347422155], "k_pid_alt": [2.0, 0.004038453321847201, 0.0], "k_pid_att": [17.473892868102897, 0.13022831902205276, 0.4185273185590308], "k_pid_yaw": [0.5, 1e-06, 0.1], "k_pid_hsp": [0.10678852331517719, 0.02866560068168209, 0.0], "k_pid_vsp": [326.0237153052785, 184.90865995833758, 1.9942785681760886]}, "datetime": {"datetime": "2025-08-21 13:21:09", "elapsed": 16585.582535028458, "delta": 16.054915189743042}, "costs": {"total_cost": 171.22709608137274, "time_cost": 68.84, "final_distance_cost": 1.7904403671194031, "oscillation_cost": 32.631303855882415, "completition_cost": 0.0, "overshoot_cost": 50.14973684321295, "power_cost": 8.703335705566406, "noise_cost": 9.112279309591544, "n_waypoints_completed": 9, "tot_waypoints": 9}}
{"target": -175.60834827797441, "params": {"k_pid_pos": [2.0, 0.09592642230163212, 1.0], "k_pid_alt": [2.0, 0.008612648601043679, 0.018799961931309214], "k_pid_att": [24.088701667012987, 0.2092583752177328, 0.4757853631069464], "k_pid_yaw": [0.5, 1e-06, 0.1], "k_pid_hsp": [0.32320100019959597, 0.02735191897729147, 0.0], "k_pid_vsp": [268.1541429815688, 391.7417012878086, 1.8806545923217903]}, "datetime": {"datetime": "2025-08-21 13:21:25", "elapsed": 16601.99738049507, "delta": 16.41484546661377}, "costs": {"total_cost": 175.60834827797441, "time_cost": 69.60000000000001, "final_distance_cost": 1.8367527516341227, "oscillation_cost": 29.916225555196664, "completition_cost": 0.0, "overshoot_cost": 50.139715005507526, "power_cost": 12.416905041503908, "noise_cost": 11.698749924132223, "n_waypoints_completed": 9, "tot_waypoints": 9}}
{"target": -185.5346376034357, "params": {"k_pid_pos": [1.1476198932046706, 0.18056596465346586, 1.0], "k_pid_alt": [0.8313854876126768, 0.005199472038143059, 0.007802325803172375], "k_pid_att": [22.606190635221846, 0.3257991742509265, 0.20777283030992152], "k_pid_yaw": [0.5, 1e-06, 0.1], "k_pid_hsp": [0.4450765957487142, 0.020369511412727307, 0.0], "k_pid_vsp": [272.9921142649303, 251.5752042950356, 3.311945196957797]}, "datetime": {"datetime": "2025-08-21 13:21:43", "elapsed": 16619.873972654343, "delta": 17.87659215927124}, "costs": {"total_cost": 185.5346376034357, "time_cost": 77.864, "final_distance_cost": 1.8329479072712758, "oscillation_cost": 28.01209426112157, "completition_cost": 0.0, "overshoot_cost": 51.25233394689482, "power_cost": 13.709042041015625, "noise_cost": 12.864219447132383, "n_waypoints_completed": 9, "tot_waypoints": 9}}
{"target": -183.42131854826476, "params": {"k_pid_pos": [2.0, 0.08936942959404624, 0.7600695441603218], "k_pid_alt": [0.5119753034985898, 0.004886753883711902, 0.019459956891827463], "k_pid_att": [38.59821392400011, 0.11608141370539532, 0.4755001045581797], "k_pid_yaw": [0.5, 1e-06, 0.1], "k_pid_hsp": [0.23053657304516154, 0.014701367870411037, 0.0], "k_pid_vsp": [180.06020689684456, 182.41590129830024, 2.0918703014820346]}, "datetime": {"datetime": "2025-08-21 13:22:00", "elapsed": 16637.259987831116, "delta": 17.38601517677307}, "costs": {"total_cost": 183.42131854826476, "time_cost": 74.256, "final_distance_cost": 1.8232659660300385, "oscillation_cost": 31.891824516518927, "completition_cost": 0.0, "overshoot_cost": 49.794469803539236, "power_cost": 13.676182934570313, "noise_cost": 11.979575327606268, "n_waypoints_completed": 9, "tot_waypoints": 9}}
{"target": -182.86334954831125, "params": {"k_pid_pos": [1.4295954281114096, 0.09567260048382759, 0.9110497637401013], "k_pid_alt": [1.5255098091501076, 0.004391356488809873, 0.002493875294918189], "k_pid_att": [34.43675248205861, 0.23083009683929046, 0.2121273719276314], "k_pid_yaw": [0.5, 1e-06, 0.1], "k_pid_hsp": [0.24927197307543802, 0.020866468452110588, 0.0], "k_pid_vsp": [225.42140307819318, 143.93617413639518, 2.067552928629612]}, "datetime": {"datetime": "2025-08-21 13:22:17", "elapsed": 16653.86071062088, "delta": 16.600722789764404}, "costs": {"total_cost": 182.86334954831125, "time_cost": 71.608, "final_distance_cost": 1.8378183030648827, "oscillation_cost": 28.027912157377806, "completition_cost": 0.0, "overshoot_cost": 51.748352585827014, "power_cost": 15.960009472656251, "noise_cost": 13.681257029385293, "n_waypoints_completed": 9, "tot_waypoints": 9}}
{"target": -181.6211405061713, "params": {"k_pid_pos": [1.70711954523427, 0.1877577201979799, 0.7482544200244231], "k_pid_alt": [1.6788024965056987, 0.004758042313106562, 0.041433361802794236], "k_pid_att": [27.783922838884006, 0.1800129367963478, 0.5205291132003943], "k_pid_yaw": [0.5, 1e-06, 0.1], "k_pid_hsp": [0.3152932569604493, 0.019265216801708285, 0.0], "k_pid_vsp": [156.50760658962443, 297.1670536023593, 1.7285583633413448]}, "datetime": {"datetime": "2025-08-21 13:22:33", "elapsed": 16670.16510629654, "delta": 16.30439567565918}, "costs": {"total_cost": 181.6211405061713, "time_cost": 70.36, "final_distance_cost": 1.8038982118919944, "oscillation_cost": 29.873161999501104, "completition_cost": 0.0, "overshoot_cost": 50.99773835459116, "power_cost": 15.526745129394532, "noise_cost": 13.059596810792506, "n_waypoints_completed": 9, "tot_waypoints": 9}}
{"target": -170.871002071066, "params": {"k_pid_pos": [2.0, 0.06916052283762021, 0.8705479051786309], "k_pid_alt": [2.0, 0.005874512889411307, 0.01677191997960801], "k_pid_att": [35.02066835978919, 0.21651115085849618, 0.5988665023061129], "k_pid_yaw": [0.5, 1e-06, 0.1], "k_pid_hsp": [0.24722778092115516, 0.007032720452942949, 0.0], "k_pid_vsp": [162.1933332577346, 147.26047862742317, 0.4396603705701993]}, "datetime": {"datetime": "2025-08-21 13:22:49", "elapsed": 16685.882668972015, "delta": 15.717562675476074}, "costs": {"total_cost": 170.871002071066, "time_cost": 69.232, "final_distance_cost": 1.8287064727872373, "oscillation_cost": 29.196529218985162, "completition_cost": 0.0, "overshoot_cost": 50.13247050543613, "power_cost": 10.301249291992187, "noise_cost": 10.180046581865309, "n_waypoints_completed": 9, "tot_waypoints": 9}}
{"target": -193.0484351901476, "params": {"k_pid_pos": [0.6417713301230127, 0.08901969924115856, 0.8819725234271852], "k_pid_alt": [1.1212022365519718, 0.006296782978430095, 0.040619993761186454], "k_pid_att": [21.538554577307227, 0.11896214979857155, 0.27753887507662084], "k_pid_yaw": [0.5, 1e-06, 0.1], "k_pid_hsp": [0.12556694646387498, 0.0344387870589986, 0.0], "k_pid_vsp": [198.27286017573815, 325.0057416815983, 1.6835691673336435]}, "datetime": {"datetime": "2025-08-21 13:23:09", "elapsed": 16705.66629219055, "delta": 19.783623218536377}, "costs": {"total_cost": 193.0484351901476, "time_cost": 85.288, "final_distance_cost": 1.8556337211194853, "oscillation_cost": 23.995643470757084, "completition_cost": 0.0, "overshoot_cost": 51.70109101372678, "power_cost": 15.169724377441407, "noise_cost": 15.038342607102843, "n_waypoints_completed": 9, "tot_waypoints": 9}}
{"target": -170.4276515401993, "params": {"k_pid_pos": [1.02524729364073, 0.058722122025841095, 0.5124228210012469], "k_pid_alt": [2.0, 0.004230120281765683, 0.0], "k_pid_att": [35.691362429683444, 0.17728897598083374, 0.6788967492777033], "k_pid_yaw": [0.5, 1e-06, 0.1], "k_pid_hsp": [0.387235148695509, 0.02034213630078072, 0.0], "k_pid_vsp": [314.29091887675764, 202.26077926588786, 2.4418163627220726]}, "datetime": {"datetime": "2025-08-21 13:23:26", "elapsed": 16722.563538074493, "delta": 16.89724588394165}, "costs": {"total_cost": 170.4276515401993, "time_cost": 71.504, "final_distance_cost": 1.8454616713604355, "oscillation_cost": 27.090772725548113, "completition_cost": 0.0, "overshoot_cost": 50.230796456099256, "power_cost": 9.495762158203126, "noise_cost": 10.260858528988361, "n_waypoints_completed": 9, "tot_waypoints": 9}}
{"target": -177.78255030884907, "params": {"k_pid_pos": [1.5203009337903373, 0.08068365700484217, 0.712934279393341], "k_pid_alt": [1.8471803859904405, 0.00652514778067153, 0.0], "k_pid_att": [30.53404217209281, 0.20237303025454093, 0.5254676993760593], "k_pid_yaw": [0.5, 1e-06, 0.1], "k_pid_hsp": [0.26674847023255843, 0.024927064083141184, 0.0], "k_pid_vsp": [221.33976198495725, 233.3809120156251, 1.6946935690107843]}, "datetime": {"datetime": "2025-08-21 13:23:42", "elapsed": 16738.938931941986, "delta": 16.375393867492676}, "costs": {"total_cost": 177.78255030884907, "time_cost": 69.52, "final_distance_cost": 1.8258825279003312, "oscillation_cost": 29.34372059975565, "completition_cost": 0.0, "overshoot_cost": 50.58764277659143, "power_cost": 14.071941418457032, "noise_cost": 12.433362986144616, "n_waypoints_completed": 9, "tot_waypoints": 9}}
{"target": -178.04687693937402, "params": {"k_pid_pos": [1.541356740663138, 0.07784077140495786, 0.8646201504221089], "k_pid_alt": [0.5994908917710421, 0.006146825257798247, 0.02054522203702617], "k_pid_att": [35.73354518553027, 0.1993819199319622, 0.4462137841058784], "k_pid_yaw": [0.5, 1e-06, 0.1], "k_pid_hsp": [0.16054864849014408, 0.0364932872750471, 0.0], "k_pid_vsp": [262.9116887602515, 232.54732601615856, 1.7462629824509577]}, "datetime": {"datetime": "2025-08-21 13:23:59", "elapsed": 16755.483323812485, "delta": 16.544391870498657}, "costs": {"total_cost": 178.04687693937402, "time_cost": 72.92, "final_distance_cost": 1.8389610292457277, "oscillation_cost": 29.93149485218005, "completition_cost": 0.0, "overshoot_cost": 49.706735205382365, "power_cost": 12.208757885742187, "noise_cost": 11.440927966823683, "n_waypoints_completed": 9, "tot_waypoints": 9}}
